<?xml version="1.0" encoding="UTF-8"?>
<testsuite xmlns:xsi="http://www.w3.org/2001/XMLSchema-instance" xsi:noNamespaceSchemaLocation="https://maven.apache.org/surefire/maven-surefire-plugin/xsd/surefire-test-report.xsd" name="org.apache.hadoop.ozone.client.rpc.TestFailureHandlingByClient" time="281.952" tests="5" errors="0" skipped="0" failures="1">
  <properties>
    <property name="awt.toolkit" value="sun.awt.X11.XToolkit"/>
    <property name="file.encoding.pkg" value="sun.io"/>
    <property name="java.specification.version" value="1.8"/>
    <property name="sun.cpu.isalist" value=""/>
    <property name="sun.jnu.encoding" value="ANSI_X3.4-1968"/>
    <property name="java.class.path" value="/workdir/hadoop-ozone/integration-test/target/test-classes:/workdir/hadoop-ozone/integration-test/target/classes:/home/user/.m2/repository/org/apache/hadoop/hadoop-ozone-common/0.5.0-SNAPSHOT/hadoop-ozone-common-0.5.0-SNAPSHOT.jar:/home/user/.m2/repository/org/apache/commons/commons-compress/1.4.1/commons-compress-1.4.1.jar:/home/user/.m2/repository/org/tukaani/xz/1.0/xz-1.0.jar:/home/user/.m2/repository/org/apache/hadoop/hadoop-common/3.2.0/hadoop-common-3.2.0.jar:/home/user/.m2/repository/org/apache/hadoop/hadoop-hdfs/3.2.0/hadoop-hdfs-3.2.0.jar:/home/user/.m2/repository/org/apache/hadoop/hadoop-hdfs-client/3.2.0/hadoop-hdfs-client-3.2.0.jar:/home/user/.m2/repository/com/fasterxml/jackson/core/jackson-annotations/2.9.9/jackson-annotations-2.9.9.jar:/home/user/.m2/repository/org/apache/hadoop/hadoop-hdds-common/0.5.0-SNAPSHOT/hadoop-hdds-common-0.5.0-SNAPSHOT.jar:/home/user/.m2/repository/javax/annotation/javax.annotation-api/1.2/javax.annotation-api-1.2.jar:/home/user/.m2/repository/org/apache/ratis/ratis-server/0.5.0-d6d58d0-SNAPSHOT/ratis-server-0.5.0-d6d58d0-SNAPSHOT.jar:/home/user/.m2/repository/org/apache/ratis/ratis-thirdparty-misc/0.2.0/ratis-thirdparty-misc-0.2.0.jar:/home/user/.m2/repository/org/apache/ratis/ratis-proto/0.5.0-d6d58d0-SNAPSHOT/ratis-proto-0.5.0-d6d58d0-SNAPSHOT.jar:/home/user/.m2/repository/org/apache/ratis/ratis-common/0.5.0-d6d58d0-SNAPSHOT/ratis-common-0.5.0-d6d58d0-SNAPSHOT.jar:/home/user/.m2/repository/org/apache/ratis/ratis-client/0.5.0-d6d58d0-SNAPSHOT/ratis-client-0.5.0-d6d58d0-SNAPSHOT.jar:/home/user/.m2/repository/org/apache/ratis/ratis-metrics/0.5.0-d6d58d0-SNAPSHOT/ratis-metrics-0.5.0-d6d58d0-SNAPSHOT.jar:/home/user/.m2/repository/org/apache/ratis/ratis-netty/0.5.0-d6d58d0-SNAPSHOT/ratis-netty-0.5.0-d6d58d0-SNAPSHOT.jar:/home/user/.m2/repository/org/apache/ratis/ratis-grpc/0.5.0-d6d58d0-SNAPSHOT/ratis-grpc-0.5.0-d6d58d0-SNAPSHOT.jar:/home/user/.m2/repository/org/rocksdb/rocksdbjni/6.0.1/rocksdbjni-6.0.1.jar:/home/user/.m2/repository/org/apache/logging/log4j/log4j-api/2.11.0/log4j-api-2.11.0.jar:/home/user/.m2/repository/org/apache/logging/log4j/log4j-core/2.11.0/log4j-core-2.11.0.jar:/home/user/.m2/repository/com/lmax/disruptor/3.4.2/disruptor-3.4.2.jar:/home/user/.m2/repository/org/apache/commons/commons-pool2/2.6.0/commons-pool2-2.6.0.jar:/home/user/.m2/repository/org/bouncycastle/bcpkix-jdk15on/1.60/bcpkix-jdk15on-1.60.jar:/home/user/.m2/repository/commons-validator/commons-validator/1.6/commons-validator-1.6.jar:/home/user/.m2/repository/commons-digester/commons-digester/1.8.1/commons-digester-1.8.1.jar:/home/user/.m2/repository/io/jaegertracing/jaeger-client/0.34.0/jaeger-client-0.34.0.jar:/home/user/.m2/repository/io/jaegertracing/jaeger-thrift/0.34.0/jaeger-thrift-0.34.0.jar:/home/user/.m2/repository/org/apache/thrift/libthrift/0.12.0/libthrift-0.12.0.jar:/home/user/.m2/repository/com/squareup/okhttp3/okhttp/3.9.0/okhttp-3.9.0.jar:/home/user/.m2/repository/com/squareup/okio/okio/1.13.0/okio-1.13.0.jar:/home/user/.m2/repository/io/jaegertracing/jaeger-core/0.34.0/jaeger-core-0.34.0.jar:/home/user/.m2/repository/io/jaegertracing/jaeger-tracerresolver/0.34.0/jaeger-tracerresolver-0.34.0.jar:/home/user/.m2/repository/io/opentracing/contrib/opentracing-tracerresolver/0.1.5/opentracing-tracerresolver-0.1.5.jar:/home/user/.m2/repository/io/opentracing/opentracing-util/0.31.0/opentracing-util-0.31.0.jar:/home/user/.m2/repository/io/opentracing/opentracing-api/0.31.0/opentracing-api-0.31.0.jar:/home/user/.m2/repository/io/opentracing/opentracing-noop/0.31.0/opentracing-noop-0.31.0.jar:/home/user/.m2/repository/org/apache/hadoop/hadoop-hdds-server-framework/0.5.0-SNAPSHOT/hadoop-hdds-server-framework-0.5.0-SNAPSHOT.jar:/home/user/.m2/repository/org/apache/hadoop/hadoop-hdds-container-service/0.5.0-SNAPSHOT/hadoop-hdds-container-service-0.5.0-SNAPSHOT.jar:/home/user/.m2/repository/org/apache/hadoop/hadoop-hdds-client/0.5.0-SNAPSHOT/hadoop-hdds-client-0.5.0-SNAPSHOT.jar:/home/user/.m2/repository/org/apache/hadoop/hadoop-hdds-tools/0.5.0-SNAPSHOT/hadoop-hdds-tools-0.5.0-SNAPSHOT.jar:/home/user/.m2/repository/org/apache/hadoop/hadoop-hdds-server-scm/0.5.0-SNAPSHOT/hadoop-hdds-server-scm-0.5.0-SNAPSHOT.jar:/home/user/.m2/repository/org/apache/hadoop/hadoop-hdds-docs/0.5.0-SNAPSHOT/hadoop-hdds-docs-0.5.0-SNAPSHOT.jar:/home/user/.m2/repository/io/dropwizard/metrics/metrics-core/3.2.4/metrics-core-3.2.4.jar:/home/user/.m2/repository/org/hamcrest/hamcrest-all/1.3/hamcrest-all-1.3.jar:/home/user/.m2/repository/org/bouncycastle/bcprov-jdk15on/1.60/bcprov-jdk15on-1.60.jar:/home/user/.m2/repository/info/picocli/picocli/3.9.6/picocli-3.9.6.jar:/home/user/.m2/repository/com/google/protobuf/protobuf-java/2.5.0/protobuf-java-2.5.0.jar:/home/user/.m2/repository/com/google/guava/guava/11.0.2/guava-11.0.2.jar:/home/user/.m2/repository/org/apache/hadoop/hadoop-ozone-ozone-manager/0.5.0-SNAPSHOT/hadoop-ozone-ozone-manager-0.5.0-SNAPSHOT.jar:/home/user/.m2/repository/org/apache/hadoop/hadoop-minikdc/3.2.0/hadoop-minikdc-3.2.0.jar:/home/user/.m2/repository/commons-io/commons-io/2.5/commons-io-2.5.jar:/home/user/.m2/repository/org/apache/kerby/kerb-simplekdc/1.0.1/kerb-simplekdc-1.0.1.jar:/home/user/.m2/repository/org/apache/kerby/kerb-client/1.0.1/kerb-client-1.0.1.jar:/home/user/.m2/repository/org/apache/kerby/kerby-config/1.0.1/kerby-config-1.0.1.jar:/home/user/.m2/repository/org/apache/kerby/kerb-core/1.0.1/kerb-core-1.0.1.jar:/home/user/.m2/repository/org/apache/kerby/kerby-pkix/1.0.1/kerby-pkix-1.0.1.jar:/home/user/.m2/repository/org/apache/kerby/kerby-asn1/1.0.1/kerby-asn1-1.0.1.jar:/home/user/.m2/repository/org/apache/kerby/kerby-util/1.0.1/kerby-util-1.0.1.jar:/home/user/.m2/repository/org/apache/kerby/kerb-common/1.0.1/kerb-common-1.0.1.jar:/home/user/.m2/repository/org/apache/kerby/kerb-crypto/1.0.1/kerb-crypto-1.0.1.jar:/home/user/.m2/repository/org/apache/kerby/kerb-util/1.0.1/kerb-util-1.0.1.jar:/home/user/.m2/repository/org/apache/kerby/token-provider/1.0.1/token-provider-1.0.1.jar:/home/user/.m2/repository/org/apache/kerby/kerb-admin/1.0.1/kerb-admin-1.0.1.jar:/home/user/.m2/repository/org/apache/kerby/kerb-server/1.0.1/kerb-server-1.0.1.jar:/home/user/.m2/repository/org/apache/kerby/kerb-identity/1.0.1/kerb-identity-1.0.1.jar:/home/user/.m2/repository/org/apache/kerby/kerby-xdr/1.0.1/kerby-xdr-1.0.1.jar:/home/user/.m2/repository/org/slf4j/slf4j-log4j12/1.7.25/slf4j-log4j12-1.7.25.jar:/home/user/.m2/repository/org/apache/hadoop/hadoop-ozone-s3gateway/0.5.0-SNAPSHOT/hadoop-ozone-s3gateway-0.5.0-SNAPSHOT.jar:/home/user/.m2/repository/org/jboss/weld/servlet/weld-servlet/2.4.7.Final/weld-servlet-2.4.7.Final.jar:/home/user/.m2/repository/org/glassfish/jersey/containers/jersey-container-servlet-core/2.27/jersey-container-servlet-core-2.27.jar:/home/user/.m2/repository/org/glassfish/hk2/external/javax.inject/2.5.0-b42/javax.inject-2.5.0-b42.jar:/home/user/.m2/repository/org/glassfish/jersey/core/jersey-common/2.27/jersey-common-2.27.jar:/home/user/.m2/repository/org/glassfish/hk2/osgi-resource-locator/1.0.1/osgi-resource-locator-1.0.1.jar:/home/user/.m2/repository/javax/ws/rs/javax.ws.rs-api/2.1/javax.ws.rs-api-2.1.jar:/home/user/.m2/repository/org/glassfish/jersey/ext/cdi/jersey-cdi1x/2.27/jersey-cdi1x-2.27.jar:/home/user/.m2/repository/org/glassfish/jersey/inject/jersey-hk2/2.27/jersey-hk2-2.27.jar:/home/user/.m2/repository/org/glassfish/hk2/hk2-locator/2.5.0-b42/hk2-locator-2.5.0-b42.jar:/home/user/.m2/repository/org/javassist/javassist/3.22.0-CR2/javassist-3.22.0-CR2.jar:/home/user/.m2/repository/org/glassfish/hk2/hk2-api/2.5.0/hk2-api-2.5.0.jar:/home/user/.m2/repository/org/glassfish/hk2/external/jakarta.inject/2.5.0/jakarta.inject-2.5.0.jar:/home/user/.m2/repository/org/glassfish/hk2/hk2-utils/2.5.0/hk2-utils-2.5.0.jar:/home/user/.m2/repository/jakarta/annotation/jakarta.annotation-api/1.3.4/jakarta.annotation-api-1.3.4.jar:/home/user/.m2/repository/org/glassfish/hk2/external/aopalliance-repackaged/2.5.0/aopalliance-repackaged-2.5.0.jar:/home/user/.m2/repository/com/fasterxml/jackson/dataformat/jackson-dataformat-xml/2.9.0/jackson-dataformat-xml-2.9.0.jar:/home/user/.m2/repository/com/fasterxml/jackson/core/jackson-core/2.9.9/jackson-core-2.9.9.jar:/home/user/.m2/repository/com/fasterxml/jackson/module/jackson-module-jaxb-annotations/2.9.9/jackson-module-jaxb-annotations-2.9.9.jar:/home/user/.m2/repository/javax/enterprise/cdi-api/1.2/cdi-api-1.2.jar:/home/user/.m2/repository/javax/el/javax.el-api/3.0.0/javax.el-api-3.0.0.jar:/home/user/.m2/repository/javax/interceptor/javax.interceptor-api/1.2/javax.interceptor-api-1.2.jar:/home/user/.m2/repository/javax/inject/javax.inject/1/javax.inject-1.jar:/home/user/.m2/repository/com/sun/xml/bind/jaxb-impl/2.3.0.1/jaxb-impl-2.3.0.1.jar:/home/user/.m2/repository/com/sun/xml/bind/jaxb-core/2.3.0.1/jaxb-core-2.3.0.1.jar:/home/user/.m2/repository/javax/xml/bind/jaxb-api/2.3.0/jaxb-api-2.3.0.jar:/home/user/.m2/repository/javax/activation/activation/1.1.1/activation-1.1.1.jar:/home/user/.m2/repository/org/apache/hadoop/hadoop-ozone-csi/0.5.0-SNAPSHOT/hadoop-ozone-csi-0.5.0-SNAPSHOT.jar:/home/user/.m2/repository/com/google/protobuf/protobuf-java-util/3.5.1/protobuf-java-util-3.5.1.jar:/home/user/.m2/repository/org/apache/hadoop/hadoop-hdds-config/0.5.0-SNAPSHOT/hadoop-hdds-config-0.5.0-SNAPSHOT.jar:/home/user/.m2/repository/io/grpc/grpc-netty/1.17.1/grpc-netty-1.17.1.jar:/home/user/.m2/repository/io/grpc/grpc-core/1.17.1/grpc-core-1.17.1.jar:/home/user/.m2/repository/io/grpc/grpc-context/1.17.1/grpc-context-1.17.1.jar:/home/user/.m2/repository/com/google/errorprone/error_prone_annotations/2.2.0/error_prone_annotations-2.2.0.jar:/home/user/.m2/repository/org/codehaus/mojo/animal-sniffer-annotations/1.17/animal-sniffer-annotations-1.17.jar:/home/user/.m2/repository/io/opencensus/opencensus-api/0.17.0/opencensus-api-0.17.0.jar:/home/user/.m2/repository/io/opencensus/opencensus-contrib-grpc-metrics/0.17.0/opencensus-contrib-grpc-metrics-0.17.0.jar:/home/user/.m2/repository/io/netty/netty-codec-http2/4.1.30.Final/netty-codec-http2-4.1.30.Final.jar:/home/user/.m2/repository/io/netty/netty-codec-http/4.1.30.Final/netty-codec-http-4.1.30.Final.jar:/home/user/.m2/repository/io/netty/netty-codec/4.1.30.Final/netty-codec-4.1.30.Final.jar:/home/user/.m2/repository/io/netty/netty-handler/4.1.30.Final/netty-handler-4.1.30.Final.jar:/home/user/.m2/repository/io/netty/netty-handler-proxy/4.1.30.Final/netty-handler-proxy-4.1.30.Final.jar:/home/user/.m2/repository/io/netty/netty-codec-socks/4.1.30.Final/netty-codec-socks-4.1.30.Final.jar:/home/user/.m2/repository/io/netty/netty-transport-native-epoll/4.1.30.Final/netty-transport-native-epoll-4.1.30.Final.jar:/home/user/.m2/repository/io/netty/netty-common/4.1.30.Final/netty-common-4.1.30.Final.jar:/home/user/.m2/repository/io/netty/netty-buffer/4.1.30.Final/netty-buffer-4.1.30.Final.jar:/home/user/.m2/repository/io/netty/netty-transport/4.1.30.Final/netty-transport-4.1.30.Final.jar:/home/user/.m2/repository/io/netty/netty-resolver/4.1.30.Final/netty-resolver-4.1.30.Final.jar:/home/user/.m2/repository/io/netty/netty-transport-native-unix-common/4.1.30.Final/netty-transport-native-unix-common-4.1.30.Final.jar:/home/user/.m2/repository/io/grpc/grpc-protobuf/1.17.1/grpc-protobuf-1.17.1.jar:/home/user/.m2/repository/com/google/api/grpc/proto-google-common-protos/1.0.0/proto-google-common-protos-1.0.0.jar:/home/user/.m2/repository/io/grpc/grpc-protobuf-lite/1.17.1/grpc-protobuf-lite-1.17.1.jar:/home/user/.m2/repository/io/grpc/grpc-stub/1.17.1/grpc-stub-1.17.1.jar:/home/user/.m2/repository/org/apache/hadoop/hadoop-ozone-recon/0.5.0-SNAPSHOT/hadoop-ozone-recon-0.5.0-SNAPSHOT.jar:/home/user/.m2/repository/org/apache/hadoop/hadoop-ozone-reconcodegen/0.5.0-SNAPSHOT/hadoop-ozone-reconcodegen-0.5.0-SNAPSHOT.jar:/home/user/.m2/repository/com/google/inject/extensions/guice-multibindings/4.0/guice-multibindings-4.0.jar:/home/user/.m2/repository/com/google/inject/guice/4.0/guice-4.0.jar:/home/user/.m2/repository/aopalliance/aopalliance/1.0/aopalliance-1.0.jar:/home/user/.m2/repository/com/google/inject/extensions/guice-servlet/4.0/guice-servlet-4.0.jar:/home/user/.m2/repository/org/glassfish/jersey/containers/jersey-container-servlet/2.27/jersey-container-servlet-2.27.jar:/home/user/.m2/repository/org/glassfish/hk2/guice-bridge/2.5.0/guice-bridge-2.5.0.jar:/home/user/.m2/repository/org/glassfish/jersey/core/jersey-server/2.27/jersey-server-2.27.jar:/home/user/.m2/repository/org/glassfish/jersey/core/jersey-client/2.27/jersey-client-2.27.jar:/home/user/.m2/repository/org/glassfish/jersey/media/jersey-media-jaxb/2.27/jersey-media-jaxb-2.27.jar:/home/user/.m2/repository/javax/validation/validation-api/1.1.0.Final/validation-api-1.1.0.Final.jar:/home/user/.m2/repository/org/glassfish/jersey/media/jersey-media-json-jackson/2.27/jersey-media-json-jackson-2.27.jar:/home/user/.m2/repository/org/glassfish/jersey/ext/jersey-entity-filtering/2.27/jersey-entity-filtering-2.27.jar:/home/user/.m2/repository/com/google/inject/extensions/guice-assistedinject/4.0/guice-assistedinject-4.0.jar:/home/user/.m2/repository/org/jooq/jooq/3.11.10/jooq-3.11.10.jar:/home/user/.m2/repository/org/jooq/jooq-meta/3.11.10/jooq-meta-3.11.10.jar:/home/user/.m2/repository/org/jooq/jooq-codegen/3.11.10/jooq-codegen-3.11.10.jar:/home/user/.m2/repository/com/jolbox/bonecp/0.8.0.RELEASE/bonecp-0.8.0.RELEASE.jar:/home/user/.m2/repository/org/xerial/sqlite-jdbc/3.25.2/sqlite-jdbc-3.25.2.jar:/home/user/.m2/repository/org/springframework/spring-jdbc/5.1.3.RELEASE/spring-jdbc-5.1.3.RELEASE.jar:/home/user/.m2/repository/org/springframework/spring-beans/5.1.3.RELEASE/spring-beans-5.1.3.RELEASE.jar:/home/user/.m2/repository/org/springframework/spring-core/5.1.3.RELEASE/spring-core-5.1.3.RELEASE.jar:/home/user/.m2/repository/org/springframework/spring-jcl/5.1.3.RELEASE/spring-jcl-5.1.3.RELEASE.jar:/home/user/.m2/repository/org/springframework/spring-tx/5.1.3.RELEASE/spring-tx-5.1.3.RELEASE.jar:/home/user/.m2/repository/org/apache/hadoop/hadoop-ozone-client/0.5.0-SNAPSHOT/hadoop-ozone-client-0.5.0-SNAPSHOT.jar:/home/user/.m2/repository/commons-lang/commons-lang/2.6/commons-lang-2.6.jar:/home/user/.m2/repository/org/apache/hadoop/hadoop-ozone-ozone-manager/0.5.0-SNAPSHOT/hadoop-ozone-ozone-manager-0.5.0-SNAPSHOT-tests.jar:/home/user/.m2/repository/junit/junit/4.11/junit-4.11.jar:/home/user/.m2/repository/org/hamcrest/hamcrest-core/1.3/hamcrest-core-1.3.jar:/home/user/.m2/repository/org/openjdk/jmh/jmh-core/1.19/jmh-core-1.19.jar:/home/user/.m2/repository/net/sf/jopt-simple/jopt-simple/4.6/jopt-simple-4.6.jar:/home/user/.m2/repository/org/apache/commons/commons-math3/3.1.1/commons-math3-3.1.1.jar:/home/user/.m2/repository/org/openjdk/jmh/jmh-generator-annprocess/1.19/jmh-generator-annprocess-1.19.jar:/home/user/.m2/repository/org/mockito/mockito-all/1.8.5/mockito-all-1.8.5.jar:/home/user/.m2/repository/org/apache/hadoop/hadoop-kms/3.2.0/hadoop-kms-3.2.0.jar:/home/user/.m2/repository/org/apache/hadoop/hadoop-auth/3.2.0/hadoop-auth-3.2.0.jar:/home/user/.m2/repository/com/nimbusds/nimbus-jose-jwt/4.41.1/nimbus-jose-jwt-4.41.1.jar:/home/user/.m2/repository/com/github/stephenc/jcip/jcip-annotations/1.0-1/jcip-annotations-1.0-1.jar:/home/user/.m2/repository/net/minidev/json-smart/2.3/json-smart-2.3.jar:/home/user/.m2/repository/net/minidev/accessors-smart/1.2/accessors-smart-1.2.jar:/home/user/.m2/repository/org/ow2/asm/asm/5.0.4/asm-5.0.4.jar:/home/user/.m2/repository/org/apache/curator/curator-framework/2.12.0/curator-framework-2.12.0.jar:/home/user/.m2/repository/com/sun/jersey/jersey-core/1.19/jersey-core-1.19.jar:/home/user/.m2/repository/javax/ws/rs/jsr311-api/1.1.1/jsr311-api-1.1.1.jar:/home/user/.m2/repository/com/sun/jersey/jersey-server/1.19/jersey-server-1.19.jar:/home/user/.m2/repository/javax/servlet/javax.servlet-api/3.1.0/javax.servlet-api-3.1.0.jar:/home/user/.m2/repository/org/eclipse/jetty/jetty-server/9.3.25.v20180904/jetty-server-9.3.25.v20180904.jar:/home/user/.m2/repository/org/eclipse/jetty/jetty-http/9.3.25.v20180904/jetty-http-9.3.25.v20180904.jar:/home/user/.m2/repository/org/eclipse/jetty/jetty-io/9.3.25.v20180904/jetty-io-9.3.25.v20180904.jar:/home/user/.m2/repository/org/eclipse/jetty/jetty-webapp/9.3.25.v20180904/jetty-webapp-9.3.25.v20180904.jar:/home/user/.m2/repository/org/eclipse/jetty/jetty-xml/9.3.25.v20180904/jetty-xml-9.3.25.v20180904.jar:/home/user/.m2/repository/log4j/log4j/1.2.17/log4j-1.2.17.jar:/home/user/.m2/repository/org/slf4j/slf4j-api/1.7.25/slf4j-api-1.7.25.jar:/home/user/.m2/repository/org/slf4j/jul-to-slf4j/1.7.25/jul-to-slf4j-1.7.25.jar:/home/user/.m2/repository/org/eclipse/jetty/jetty-util/9.3.25.v20180904/jetty-util-9.3.25.v20180904.jar:/home/user/.m2/repository/com/fasterxml/jackson/core/jackson-databind/2.9.9/jackson-databind-2.9.9.jar:/home/user/.m2/repository/org/apache/hadoop/hadoop-kms/3.2.0/hadoop-kms-3.2.0-tests.jar:/home/user/.m2/repository/org/apache/hadoop/hadoop-hdds-server-scm/0.5.0-SNAPSHOT/hadoop-hdds-server-scm-0.5.0-SNAPSHOT-tests.jar:/home/user/.m2/repository/org/apache/hadoop/hadoop-hdds-container-service/0.5.0-SNAPSHOT/hadoop-hdds-container-service-0.5.0-SNAPSHOT-tests.jar:/home/user/.m2/repository/org/yaml/snakeyaml/1.16/snakeyaml-1.16.jar:/home/user/.m2/repository/org/apache/hadoop/hadoop-common/3.2.0/hadoop-common-3.2.0-tests.jar:/home/user/.m2/repository/org/apache/hadoop/hadoop-annotations/3.2.0/hadoop-annotations-3.2.0.jar:/usr/lib/jvm/java-1.8.0-openjdk-1.8.0.222.b10-1.el7_7.x86_64/jre/../lib/tools.jar:/home/user/.m2/repository/commons-cli/commons-cli/1.2/commons-cli-1.2.jar:/home/user/.m2/repository/org/apache/httpcomponents/httpclient/4.5.2/httpclient-4.5.2.jar:/home/user/.m2/repository/org/apache/httpcomponents/httpcore/4.4.4/httpcore-4.4.4.jar:/home/user/.m2/repository/commons-codec/commons-codec/1.11/commons-codec-1.11.jar:/home/user/.m2/repository/commons-net/commons-net/3.6/commons-net-3.6.jar:/home/user/.m2/repository/commons-collections/commons-collections/3.2.2/commons-collections-3.2.2.jar:/home/user/.m2/repository/org/eclipse/jetty/jetty-servlet/9.3.25.v20180904/jetty-servlet-9.3.25.v20180904.jar:/home/user/.m2/repository/org/eclipse/jetty/jetty-security/9.3.25.v20180904/jetty-security-9.3.25.v20180904.jar:/home/user/.m2/repository/javax/servlet/jsp/jsp-api/2.1/jsp-api-2.1.jar:/home/user/.m2/repository/com/sun/jersey/jersey-servlet/1.19/jersey-servlet-1.19.jar:/home/user/.m2/repository/com/sun/jersey/jersey-json/1.19/jersey-json-1.19.jar:/home/user/.m2/repository/org/codehaus/jettison/jettison/1.1/jettison-1.1.jar:/home/user/.m2/repository/org/codehaus/jackson/jackson-core-asl/1.9.13/jackson-core-asl-1.9.13.jar:/home/user/.m2/repository/org/codehaus/jackson/jackson-mapper-asl/1.9.13/jackson-mapper-asl-1.9.13.jar:/home/user/.m2/repository/org/codehaus/jackson/jackson-jaxrs/1.9.13/jackson-jaxrs-1.9.13.jar:/home/user/.m2/repository/org/codehaus/jackson/jackson-xc/1.9.13/jackson-xc-1.9.13.jar:/home/user/.m2/repository/commons-logging/commons-logging/1.1.3/commons-logging-1.1.3.jar:/home/user/.m2/repository/commons-beanutils/commons-beanutils/1.9.4/commons-beanutils-1.9.4.jar:/home/user/.m2/repository/org/apache/commons/commons-configuration2/2.1.1/commons-configuration2-2.1.1.jar:/home/user/.m2/repository/org/apache/commons/commons-lang3/3.7/commons-lang3-3.7.jar:/home/user/.m2/repository/org/apache/commons/commons-text/1.4/commons-text-1.4.jar:/home/user/.m2/repository/org/apache/avro/avro/1.7.7/avro-1.7.7.jar:/home/user/.m2/repository/com/thoughtworks/paranamer/paranamer/2.3/paranamer-2.3.jar:/home/user/.m2/repository/org/xerial/snappy/snappy-java/1.0.5/snappy-java-1.0.5.jar:/home/user/.m2/repository/com/google/re2j/re2j/1.1/re2j-1.1.jar:/home/user/.m2/repository/com/google/code/gson/gson/2.2.4/gson-2.2.4.jar:/home/user/.m2/repository/com/jcraft/jsch/0.1.54/jsch-0.1.54.jar:/home/user/.m2/repository/org/apache/curator/curator-client/2.12.0/curator-client-2.12.0.jar:/home/user/.m2/repository/org/apache/curator/curator-recipes/2.12.0/curator-recipes-2.12.0.jar:/home/user/.m2/repository/com/google/code/findbugs/jsr305/3.0.0/jsr305-3.0.0.jar:/home/user/.m2/repository/org/apache/htrace/htrace-core4/4.1.0-incubating/htrace-core4-4.1.0-incubating.jar:/home/user/.m2/repository/org/apache/zookeeper/zookeeper/3.4.13/zookeeper-3.4.13.jar:/home/user/.m2/repository/jline/jline/0.9.94/jline-0.9.94.jar:/home/user/.m2/repository/org/apache/yetus/audience-annotations/0.5.0/audience-annotations-0.5.0.jar:/home/user/.m2/repository/org/codehaus/woodstox/stax2-api/3.1.4/stax2-api-3.1.4.jar:/home/user/.m2/repository/com/fasterxml/woodstox/woodstox-core/5.0.3/woodstox-core-5.0.3.jar:/home/user/.m2/repository/dnsjava/dnsjava/2.1.7/dnsjava-2.1.7.jar:/home/user/.m2/repository/org/apache/hadoop/hadoop-hdfs/3.2.0/hadoop-hdfs-3.2.0-tests.jar:/home/user/.m2/repository/org/eclipse/jetty/jetty-util-ajax/9.3.25.v20180904/jetty-util-ajax-9.3.25.v20180904.jar:/home/user/.m2/repository/commons-daemon/commons-daemon/1.0.13/commons-daemon-1.0.13.jar:/home/user/.m2/repository/io/netty/netty/3.10.5.Final/netty-3.10.5.Final.jar:/home/user/.m2/repository/io/netty/netty-all/4.0.52.Final/netty-all-4.0.52.Final.jar:/home/user/.m2/repository/org/fusesource/leveldbjni/leveldbjni-all/1.8/leveldbjni-all-1.8.jar:"/>
    <property name="java.vm.vendor" value="Oracle Corporation"/>
    <property name="sun.arch.data.model" value="64"/>
    <property name="test.build.dir" value="/workdir/hadoop-ozone/integration-test/target/test-dir"/>
    <property name="test.cache.data" value=""/>
    <property name="java.vendor.url" value="http://java.oracle.com/"/>
    <property name="user.timezone" value=""/>
    <property name="java.vm.specification.version" value="1.8"/>
    <property name="os.name" value="Linux"/>
    <property name="test.build.data" value="/workdir/hadoop-ozone/integration-test/target/test-dir"/>
    <property name="user.country" value="US"/>
    <property name="sun.java.launcher" value="SUN_STANDARD"/>
    <property name="sun.boot.library.path" value="/usr/lib/jvm/java-1.8.0-openjdk-1.8.0.222.b10-1.el7_7.x86_64/jre/lib/amd64"/>
    <property name="sun.java.command" value="/workdir/hadoop-ozone/integration-test/target/surefire/surefirebooter641648714281221675.jar /workdir/hadoop-ozone/integration-test/target/surefire 2019-11-15T21-04-57_186-jvmRun1 surefire1051301666241457548tmp surefire_502968004939108661375tmp"/>
    <property name="surefire.test.class.path" value="/workdir/hadoop-ozone/integration-test/target/test-classes:/workdir/hadoop-ozone/integration-test/target/classes:/home/user/.m2/repository/org/apache/hadoop/hadoop-ozone-common/0.5.0-SNAPSHOT/hadoop-ozone-common-0.5.0-SNAPSHOT.jar:/home/user/.m2/repository/org/apache/commons/commons-compress/1.4.1/commons-compress-1.4.1.jar:/home/user/.m2/repository/org/tukaani/xz/1.0/xz-1.0.jar:/home/user/.m2/repository/org/apache/hadoop/hadoop-common/3.2.0/hadoop-common-3.2.0.jar:/home/user/.m2/repository/org/apache/hadoop/hadoop-hdfs/3.2.0/hadoop-hdfs-3.2.0.jar:/home/user/.m2/repository/org/apache/hadoop/hadoop-hdfs-client/3.2.0/hadoop-hdfs-client-3.2.0.jar:/home/user/.m2/repository/com/fasterxml/jackson/core/jackson-annotations/2.9.9/jackson-annotations-2.9.9.jar:/home/user/.m2/repository/org/apache/hadoop/hadoop-hdds-common/0.5.0-SNAPSHOT/hadoop-hdds-common-0.5.0-SNAPSHOT.jar:/home/user/.m2/repository/javax/annotation/javax.annotation-api/1.2/javax.annotation-api-1.2.jar:/home/user/.m2/repository/org/apache/ratis/ratis-server/0.5.0-d6d58d0-SNAPSHOT/ratis-server-0.5.0-d6d58d0-SNAPSHOT.jar:/home/user/.m2/repository/org/apache/ratis/ratis-thirdparty-misc/0.2.0/ratis-thirdparty-misc-0.2.0.jar:/home/user/.m2/repository/org/apache/ratis/ratis-proto/0.5.0-d6d58d0-SNAPSHOT/ratis-proto-0.5.0-d6d58d0-SNAPSHOT.jar:/home/user/.m2/repository/org/apache/ratis/ratis-common/0.5.0-d6d58d0-SNAPSHOT/ratis-common-0.5.0-d6d58d0-SNAPSHOT.jar:/home/user/.m2/repository/org/apache/ratis/ratis-client/0.5.0-d6d58d0-SNAPSHOT/ratis-client-0.5.0-d6d58d0-SNAPSHOT.jar:/home/user/.m2/repository/org/apache/ratis/ratis-metrics/0.5.0-d6d58d0-SNAPSHOT/ratis-metrics-0.5.0-d6d58d0-SNAPSHOT.jar:/home/user/.m2/repository/org/apache/ratis/ratis-netty/0.5.0-d6d58d0-SNAPSHOT/ratis-netty-0.5.0-d6d58d0-SNAPSHOT.jar:/home/user/.m2/repository/org/apache/ratis/ratis-grpc/0.5.0-d6d58d0-SNAPSHOT/ratis-grpc-0.5.0-d6d58d0-SNAPSHOT.jar:/home/user/.m2/repository/org/rocksdb/rocksdbjni/6.0.1/rocksdbjni-6.0.1.jar:/home/user/.m2/repository/org/apache/logging/log4j/log4j-api/2.11.0/log4j-api-2.11.0.jar:/home/user/.m2/repository/org/apache/logging/log4j/log4j-core/2.11.0/log4j-core-2.11.0.jar:/home/user/.m2/repository/com/lmax/disruptor/3.4.2/disruptor-3.4.2.jar:/home/user/.m2/repository/org/apache/commons/commons-pool2/2.6.0/commons-pool2-2.6.0.jar:/home/user/.m2/repository/org/bouncycastle/bcpkix-jdk15on/1.60/bcpkix-jdk15on-1.60.jar:/home/user/.m2/repository/commons-validator/commons-validator/1.6/commons-validator-1.6.jar:/home/user/.m2/repository/commons-digester/commons-digester/1.8.1/commons-digester-1.8.1.jar:/home/user/.m2/repository/io/jaegertracing/jaeger-client/0.34.0/jaeger-client-0.34.0.jar:/home/user/.m2/repository/io/jaegertracing/jaeger-thrift/0.34.0/jaeger-thrift-0.34.0.jar:/home/user/.m2/repository/org/apache/thrift/libthrift/0.12.0/libthrift-0.12.0.jar:/home/user/.m2/repository/com/squareup/okhttp3/okhttp/3.9.0/okhttp-3.9.0.jar:/home/user/.m2/repository/com/squareup/okio/okio/1.13.0/okio-1.13.0.jar:/home/user/.m2/repository/io/jaegertracing/jaeger-core/0.34.0/jaeger-core-0.34.0.jar:/home/user/.m2/repository/io/jaegertracing/jaeger-tracerresolver/0.34.0/jaeger-tracerresolver-0.34.0.jar:/home/user/.m2/repository/io/opentracing/contrib/opentracing-tracerresolver/0.1.5/opentracing-tracerresolver-0.1.5.jar:/home/user/.m2/repository/io/opentracing/opentracing-util/0.31.0/opentracing-util-0.31.0.jar:/home/user/.m2/repository/io/opentracing/opentracing-api/0.31.0/opentracing-api-0.31.0.jar:/home/user/.m2/repository/io/opentracing/opentracing-noop/0.31.0/opentracing-noop-0.31.0.jar:/home/user/.m2/repository/org/apache/hadoop/hadoop-hdds-server-framework/0.5.0-SNAPSHOT/hadoop-hdds-server-framework-0.5.0-SNAPSHOT.jar:/home/user/.m2/repository/org/apache/hadoop/hadoop-hdds-container-service/0.5.0-SNAPSHOT/hadoop-hdds-container-service-0.5.0-SNAPSHOT.jar:/home/user/.m2/repository/org/apache/hadoop/hadoop-hdds-client/0.5.0-SNAPSHOT/hadoop-hdds-client-0.5.0-SNAPSHOT.jar:/home/user/.m2/repository/org/apache/hadoop/hadoop-hdds-tools/0.5.0-SNAPSHOT/hadoop-hdds-tools-0.5.0-SNAPSHOT.jar:/home/user/.m2/repository/org/apache/hadoop/hadoop-hdds-server-scm/0.5.0-SNAPSHOT/hadoop-hdds-server-scm-0.5.0-SNAPSHOT.jar:/home/user/.m2/repository/org/apache/hadoop/hadoop-hdds-docs/0.5.0-SNAPSHOT/hadoop-hdds-docs-0.5.0-SNAPSHOT.jar:/home/user/.m2/repository/io/dropwizard/metrics/metrics-core/3.2.4/metrics-core-3.2.4.jar:/home/user/.m2/repository/org/hamcrest/hamcrest-all/1.3/hamcrest-all-1.3.jar:/home/user/.m2/repository/org/bouncycastle/bcprov-jdk15on/1.60/bcprov-jdk15on-1.60.jar:/home/user/.m2/repository/info/picocli/picocli/3.9.6/picocli-3.9.6.jar:/home/user/.m2/repository/com/google/protobuf/protobuf-java/2.5.0/protobuf-java-2.5.0.jar:/home/user/.m2/repository/com/google/guava/guava/11.0.2/guava-11.0.2.jar:/home/user/.m2/repository/org/apache/hadoop/hadoop-ozone-ozone-manager/0.5.0-SNAPSHOT/hadoop-ozone-ozone-manager-0.5.0-SNAPSHOT.jar:/home/user/.m2/repository/org/apache/hadoop/hadoop-minikdc/3.2.0/hadoop-minikdc-3.2.0.jar:/home/user/.m2/repository/commons-io/commons-io/2.5/commons-io-2.5.jar:/home/user/.m2/repository/org/apache/kerby/kerb-simplekdc/1.0.1/kerb-simplekdc-1.0.1.jar:/home/user/.m2/repository/org/apache/kerby/kerb-client/1.0.1/kerb-client-1.0.1.jar:/home/user/.m2/repository/org/apache/kerby/kerby-config/1.0.1/kerby-config-1.0.1.jar:/home/user/.m2/repository/org/apache/kerby/kerb-core/1.0.1/kerb-core-1.0.1.jar:/home/user/.m2/repository/org/apache/kerby/kerby-pkix/1.0.1/kerby-pkix-1.0.1.jar:/home/user/.m2/repository/org/apache/kerby/kerby-asn1/1.0.1/kerby-asn1-1.0.1.jar:/home/user/.m2/repository/org/apache/kerby/kerby-util/1.0.1/kerby-util-1.0.1.jar:/home/user/.m2/repository/org/apache/kerby/kerb-common/1.0.1/kerb-common-1.0.1.jar:/home/user/.m2/repository/org/apache/kerby/kerb-crypto/1.0.1/kerb-crypto-1.0.1.jar:/home/user/.m2/repository/org/apache/kerby/kerb-util/1.0.1/kerb-util-1.0.1.jar:/home/user/.m2/repository/org/apache/kerby/token-provider/1.0.1/token-provider-1.0.1.jar:/home/user/.m2/repository/org/apache/kerby/kerb-admin/1.0.1/kerb-admin-1.0.1.jar:/home/user/.m2/repository/org/apache/kerby/kerb-server/1.0.1/kerb-server-1.0.1.jar:/home/user/.m2/repository/org/apache/kerby/kerb-identity/1.0.1/kerb-identity-1.0.1.jar:/home/user/.m2/repository/org/apache/kerby/kerby-xdr/1.0.1/kerby-xdr-1.0.1.jar:/home/user/.m2/repository/org/slf4j/slf4j-log4j12/1.7.25/slf4j-log4j12-1.7.25.jar:/home/user/.m2/repository/org/apache/hadoop/hadoop-ozone-s3gateway/0.5.0-SNAPSHOT/hadoop-ozone-s3gateway-0.5.0-SNAPSHOT.jar:/home/user/.m2/repository/org/jboss/weld/servlet/weld-servlet/2.4.7.Final/weld-servlet-2.4.7.Final.jar:/home/user/.m2/repository/org/glassfish/jersey/containers/jersey-container-servlet-core/2.27/jersey-container-servlet-core-2.27.jar:/home/user/.m2/repository/org/glassfish/hk2/external/javax.inject/2.5.0-b42/javax.inject-2.5.0-b42.jar:/home/user/.m2/repository/org/glassfish/jersey/core/jersey-common/2.27/jersey-common-2.27.jar:/home/user/.m2/repository/org/glassfish/hk2/osgi-resource-locator/1.0.1/osgi-resource-locator-1.0.1.jar:/home/user/.m2/repository/javax/ws/rs/javax.ws.rs-api/2.1/javax.ws.rs-api-2.1.jar:/home/user/.m2/repository/org/glassfish/jersey/ext/cdi/jersey-cdi1x/2.27/jersey-cdi1x-2.27.jar:/home/user/.m2/repository/org/glassfish/jersey/inject/jersey-hk2/2.27/jersey-hk2-2.27.jar:/home/user/.m2/repository/org/glassfish/hk2/hk2-locator/2.5.0-b42/hk2-locator-2.5.0-b42.jar:/home/user/.m2/repository/org/javassist/javassist/3.22.0-CR2/javassist-3.22.0-CR2.jar:/home/user/.m2/repository/org/glassfish/hk2/hk2-api/2.5.0/hk2-api-2.5.0.jar:/home/user/.m2/repository/org/glassfish/hk2/external/jakarta.inject/2.5.0/jakarta.inject-2.5.0.jar:/home/user/.m2/repository/org/glassfish/hk2/hk2-utils/2.5.0/hk2-utils-2.5.0.jar:/home/user/.m2/repository/jakarta/annotation/jakarta.annotation-api/1.3.4/jakarta.annotation-api-1.3.4.jar:/home/user/.m2/repository/org/glassfish/hk2/external/aopalliance-repackaged/2.5.0/aopalliance-repackaged-2.5.0.jar:/home/user/.m2/repository/com/fasterxml/jackson/dataformat/jackson-dataformat-xml/2.9.0/jackson-dataformat-xml-2.9.0.jar:/home/user/.m2/repository/com/fasterxml/jackson/core/jackson-core/2.9.9/jackson-core-2.9.9.jar:/home/user/.m2/repository/com/fasterxml/jackson/module/jackson-module-jaxb-annotations/2.9.9/jackson-module-jaxb-annotations-2.9.9.jar:/home/user/.m2/repository/javax/enterprise/cdi-api/1.2/cdi-api-1.2.jar:/home/user/.m2/repository/javax/el/javax.el-api/3.0.0/javax.el-api-3.0.0.jar:/home/user/.m2/repository/javax/interceptor/javax.interceptor-api/1.2/javax.interceptor-api-1.2.jar:/home/user/.m2/repository/javax/inject/javax.inject/1/javax.inject-1.jar:/home/user/.m2/repository/com/sun/xml/bind/jaxb-impl/2.3.0.1/jaxb-impl-2.3.0.1.jar:/home/user/.m2/repository/com/sun/xml/bind/jaxb-core/2.3.0.1/jaxb-core-2.3.0.1.jar:/home/user/.m2/repository/javax/xml/bind/jaxb-api/2.3.0/jaxb-api-2.3.0.jar:/home/user/.m2/repository/javax/activation/activation/1.1.1/activation-1.1.1.jar:/home/user/.m2/repository/org/apache/hadoop/hadoop-ozone-csi/0.5.0-SNAPSHOT/hadoop-ozone-csi-0.5.0-SNAPSHOT.jar:/home/user/.m2/repository/com/google/protobuf/protobuf-java-util/3.5.1/protobuf-java-util-3.5.1.jar:/home/user/.m2/repository/org/apache/hadoop/hadoop-hdds-config/0.5.0-SNAPSHOT/hadoop-hdds-config-0.5.0-SNAPSHOT.jar:/home/user/.m2/repository/io/grpc/grpc-netty/1.17.1/grpc-netty-1.17.1.jar:/home/user/.m2/repository/io/grpc/grpc-core/1.17.1/grpc-core-1.17.1.jar:/home/user/.m2/repository/io/grpc/grpc-context/1.17.1/grpc-context-1.17.1.jar:/home/user/.m2/repository/com/google/errorprone/error_prone_annotations/2.2.0/error_prone_annotations-2.2.0.jar:/home/user/.m2/repository/org/codehaus/mojo/animal-sniffer-annotations/1.17/animal-sniffer-annotations-1.17.jar:/home/user/.m2/repository/io/opencensus/opencensus-api/0.17.0/opencensus-api-0.17.0.jar:/home/user/.m2/repository/io/opencensus/opencensus-contrib-grpc-metrics/0.17.0/opencensus-contrib-grpc-metrics-0.17.0.jar:/home/user/.m2/repository/io/netty/netty-codec-http2/4.1.30.Final/netty-codec-http2-4.1.30.Final.jar:/home/user/.m2/repository/io/netty/netty-codec-http/4.1.30.Final/netty-codec-http-4.1.30.Final.jar:/home/user/.m2/repository/io/netty/netty-codec/4.1.30.Final/netty-codec-4.1.30.Final.jar:/home/user/.m2/repository/io/netty/netty-handler/4.1.30.Final/netty-handler-4.1.30.Final.jar:/home/user/.m2/repository/io/netty/netty-handler-proxy/4.1.30.Final/netty-handler-proxy-4.1.30.Final.jar:/home/user/.m2/repository/io/netty/netty-codec-socks/4.1.30.Final/netty-codec-socks-4.1.30.Final.jar:/home/user/.m2/repository/io/netty/netty-transport-native-epoll/4.1.30.Final/netty-transport-native-epoll-4.1.30.Final.jar:/home/user/.m2/repository/io/netty/netty-common/4.1.30.Final/netty-common-4.1.30.Final.jar:/home/user/.m2/repository/io/netty/netty-buffer/4.1.30.Final/netty-buffer-4.1.30.Final.jar:/home/user/.m2/repository/io/netty/netty-transport/4.1.30.Final/netty-transport-4.1.30.Final.jar:/home/user/.m2/repository/io/netty/netty-resolver/4.1.30.Final/netty-resolver-4.1.30.Final.jar:/home/user/.m2/repository/io/netty/netty-transport-native-unix-common/4.1.30.Final/netty-transport-native-unix-common-4.1.30.Final.jar:/home/user/.m2/repository/io/grpc/grpc-protobuf/1.17.1/grpc-protobuf-1.17.1.jar:/home/user/.m2/repository/com/google/api/grpc/proto-google-common-protos/1.0.0/proto-google-common-protos-1.0.0.jar:/home/user/.m2/repository/io/grpc/grpc-protobuf-lite/1.17.1/grpc-protobuf-lite-1.17.1.jar:/home/user/.m2/repository/io/grpc/grpc-stub/1.17.1/grpc-stub-1.17.1.jar:/home/user/.m2/repository/org/apache/hadoop/hadoop-ozone-recon/0.5.0-SNAPSHOT/hadoop-ozone-recon-0.5.0-SNAPSHOT.jar:/home/user/.m2/repository/org/apache/hadoop/hadoop-ozone-reconcodegen/0.5.0-SNAPSHOT/hadoop-ozone-reconcodegen-0.5.0-SNAPSHOT.jar:/home/user/.m2/repository/com/google/inject/extensions/guice-multibindings/4.0/guice-multibindings-4.0.jar:/home/user/.m2/repository/com/google/inject/guice/4.0/guice-4.0.jar:/home/user/.m2/repository/aopalliance/aopalliance/1.0/aopalliance-1.0.jar:/home/user/.m2/repository/com/google/inject/extensions/guice-servlet/4.0/guice-servlet-4.0.jar:/home/user/.m2/repository/org/glassfish/jersey/containers/jersey-container-servlet/2.27/jersey-container-servlet-2.27.jar:/home/user/.m2/repository/org/glassfish/hk2/guice-bridge/2.5.0/guice-bridge-2.5.0.jar:/home/user/.m2/repository/org/glassfish/jersey/core/jersey-server/2.27/jersey-server-2.27.jar:/home/user/.m2/repository/org/glassfish/jersey/core/jersey-client/2.27/jersey-client-2.27.jar:/home/user/.m2/repository/org/glassfish/jersey/media/jersey-media-jaxb/2.27/jersey-media-jaxb-2.27.jar:/home/user/.m2/repository/javax/validation/validation-api/1.1.0.Final/validation-api-1.1.0.Final.jar:/home/user/.m2/repository/org/glassfish/jersey/media/jersey-media-json-jackson/2.27/jersey-media-json-jackson-2.27.jar:/home/user/.m2/repository/org/glassfish/jersey/ext/jersey-entity-filtering/2.27/jersey-entity-filtering-2.27.jar:/home/user/.m2/repository/com/google/inject/extensions/guice-assistedinject/4.0/guice-assistedinject-4.0.jar:/home/user/.m2/repository/org/jooq/jooq/3.11.10/jooq-3.11.10.jar:/home/user/.m2/repository/org/jooq/jooq-meta/3.11.10/jooq-meta-3.11.10.jar:/home/user/.m2/repository/org/jooq/jooq-codegen/3.11.10/jooq-codegen-3.11.10.jar:/home/user/.m2/repository/com/jolbox/bonecp/0.8.0.RELEASE/bonecp-0.8.0.RELEASE.jar:/home/user/.m2/repository/org/xerial/sqlite-jdbc/3.25.2/sqlite-jdbc-3.25.2.jar:/home/user/.m2/repository/org/springframework/spring-jdbc/5.1.3.RELEASE/spring-jdbc-5.1.3.RELEASE.jar:/home/user/.m2/repository/org/springframework/spring-beans/5.1.3.RELEASE/spring-beans-5.1.3.RELEASE.jar:/home/user/.m2/repository/org/springframework/spring-core/5.1.3.RELEASE/spring-core-5.1.3.RELEASE.jar:/home/user/.m2/repository/org/springframework/spring-jcl/5.1.3.RELEASE/spring-jcl-5.1.3.RELEASE.jar:/home/user/.m2/repository/org/springframework/spring-tx/5.1.3.RELEASE/spring-tx-5.1.3.RELEASE.jar:/home/user/.m2/repository/org/apache/hadoop/hadoop-ozone-client/0.5.0-SNAPSHOT/hadoop-ozone-client-0.5.0-SNAPSHOT.jar:/home/user/.m2/repository/commons-lang/commons-lang/2.6/commons-lang-2.6.jar:/home/user/.m2/repository/org/apache/hadoop/hadoop-ozone-ozone-manager/0.5.0-SNAPSHOT/hadoop-ozone-ozone-manager-0.5.0-SNAPSHOT-tests.jar:/home/user/.m2/repository/junit/junit/4.11/junit-4.11.jar:/home/user/.m2/repository/org/hamcrest/hamcrest-core/1.3/hamcrest-core-1.3.jar:/home/user/.m2/repository/org/openjdk/jmh/jmh-core/1.19/jmh-core-1.19.jar:/home/user/.m2/repository/net/sf/jopt-simple/jopt-simple/4.6/jopt-simple-4.6.jar:/home/user/.m2/repository/org/apache/commons/commons-math3/3.1.1/commons-math3-3.1.1.jar:/home/user/.m2/repository/org/openjdk/jmh/jmh-generator-annprocess/1.19/jmh-generator-annprocess-1.19.jar:/home/user/.m2/repository/org/mockito/mockito-all/1.8.5/mockito-all-1.8.5.jar:/home/user/.m2/repository/org/apache/hadoop/hadoop-kms/3.2.0/hadoop-kms-3.2.0.jar:/home/user/.m2/repository/org/apache/hadoop/hadoop-auth/3.2.0/hadoop-auth-3.2.0.jar:/home/user/.m2/repository/com/nimbusds/nimbus-jose-jwt/4.41.1/nimbus-jose-jwt-4.41.1.jar:/home/user/.m2/repository/com/github/stephenc/jcip/jcip-annotations/1.0-1/jcip-annotations-1.0-1.jar:/home/user/.m2/repository/net/minidev/json-smart/2.3/json-smart-2.3.jar:/home/user/.m2/repository/net/minidev/accessors-smart/1.2/accessors-smart-1.2.jar:/home/user/.m2/repository/org/ow2/asm/asm/5.0.4/asm-5.0.4.jar:/home/user/.m2/repository/org/apache/curator/curator-framework/2.12.0/curator-framework-2.12.0.jar:/home/user/.m2/repository/com/sun/jersey/jersey-core/1.19/jersey-core-1.19.jar:/home/user/.m2/repository/javax/ws/rs/jsr311-api/1.1.1/jsr311-api-1.1.1.jar:/home/user/.m2/repository/com/sun/jersey/jersey-server/1.19/jersey-server-1.19.jar:/home/user/.m2/repository/javax/servlet/javax.servlet-api/3.1.0/javax.servlet-api-3.1.0.jar:/home/user/.m2/repository/org/eclipse/jetty/jetty-server/9.3.25.v20180904/jetty-server-9.3.25.v20180904.jar:/home/user/.m2/repository/org/eclipse/jetty/jetty-http/9.3.25.v20180904/jetty-http-9.3.25.v20180904.jar:/home/user/.m2/repository/org/eclipse/jetty/jetty-io/9.3.25.v20180904/jetty-io-9.3.25.v20180904.jar:/home/user/.m2/repository/org/eclipse/jetty/jetty-webapp/9.3.25.v20180904/jetty-webapp-9.3.25.v20180904.jar:/home/user/.m2/repository/org/eclipse/jetty/jetty-xml/9.3.25.v20180904/jetty-xml-9.3.25.v20180904.jar:/home/user/.m2/repository/log4j/log4j/1.2.17/log4j-1.2.17.jar:/home/user/.m2/repository/org/slf4j/slf4j-api/1.7.25/slf4j-api-1.7.25.jar:/home/user/.m2/repository/org/slf4j/jul-to-slf4j/1.7.25/jul-to-slf4j-1.7.25.jar:/home/user/.m2/repository/org/eclipse/jetty/jetty-util/9.3.25.v20180904/jetty-util-9.3.25.v20180904.jar:/home/user/.m2/repository/com/fasterxml/jackson/core/jackson-databind/2.9.9/jackson-databind-2.9.9.jar:/home/user/.m2/repository/org/apache/hadoop/hadoop-kms/3.2.0/hadoop-kms-3.2.0-tests.jar:/home/user/.m2/repository/org/apache/hadoop/hadoop-hdds-server-scm/0.5.0-SNAPSHOT/hadoop-hdds-server-scm-0.5.0-SNAPSHOT-tests.jar:/home/user/.m2/repository/org/apache/hadoop/hadoop-hdds-container-service/0.5.0-SNAPSHOT/hadoop-hdds-container-service-0.5.0-SNAPSHOT-tests.jar:/home/user/.m2/repository/org/yaml/snakeyaml/1.16/snakeyaml-1.16.jar:/home/user/.m2/repository/org/apache/hadoop/hadoop-common/3.2.0/hadoop-common-3.2.0-tests.jar:/home/user/.m2/repository/org/apache/hadoop/hadoop-annotations/3.2.0/hadoop-annotations-3.2.0.jar:/usr/lib/jvm/java-1.8.0-openjdk-1.8.0.222.b10-1.el7_7.x86_64/jre/../lib/tools.jar:/home/user/.m2/repository/commons-cli/commons-cli/1.2/commons-cli-1.2.jar:/home/user/.m2/repository/org/apache/httpcomponents/httpclient/4.5.2/httpclient-4.5.2.jar:/home/user/.m2/repository/org/apache/httpcomponents/httpcore/4.4.4/httpcore-4.4.4.jar:/home/user/.m2/repository/commons-codec/commons-codec/1.11/commons-codec-1.11.jar:/home/user/.m2/repository/commons-net/commons-net/3.6/commons-net-3.6.jar:/home/user/.m2/repository/commons-collections/commons-collections/3.2.2/commons-collections-3.2.2.jar:/home/user/.m2/repository/org/eclipse/jetty/jetty-servlet/9.3.25.v20180904/jetty-servlet-9.3.25.v20180904.jar:/home/user/.m2/repository/org/eclipse/jetty/jetty-security/9.3.25.v20180904/jetty-security-9.3.25.v20180904.jar:/home/user/.m2/repository/javax/servlet/jsp/jsp-api/2.1/jsp-api-2.1.jar:/home/user/.m2/repository/com/sun/jersey/jersey-servlet/1.19/jersey-servlet-1.19.jar:/home/user/.m2/repository/com/sun/jersey/jersey-json/1.19/jersey-json-1.19.jar:/home/user/.m2/repository/org/codehaus/jettison/jettison/1.1/jettison-1.1.jar:/home/user/.m2/repository/org/codehaus/jackson/jackson-core-asl/1.9.13/jackson-core-asl-1.9.13.jar:/home/user/.m2/repository/org/codehaus/jackson/jackson-mapper-asl/1.9.13/jackson-mapper-asl-1.9.13.jar:/home/user/.m2/repository/org/codehaus/jackson/jackson-jaxrs/1.9.13/jackson-jaxrs-1.9.13.jar:/home/user/.m2/repository/org/codehaus/jackson/jackson-xc/1.9.13/jackson-xc-1.9.13.jar:/home/user/.m2/repository/commons-logging/commons-logging/1.1.3/commons-logging-1.1.3.jar:/home/user/.m2/repository/commons-beanutils/commons-beanutils/1.9.4/commons-beanutils-1.9.4.jar:/home/user/.m2/repository/org/apache/commons/commons-configuration2/2.1.1/commons-configuration2-2.1.1.jar:/home/user/.m2/repository/org/apache/commons/commons-lang3/3.7/commons-lang3-3.7.jar:/home/user/.m2/repository/org/apache/commons/commons-text/1.4/commons-text-1.4.jar:/home/user/.m2/repository/org/apache/avro/avro/1.7.7/avro-1.7.7.jar:/home/user/.m2/repository/com/thoughtworks/paranamer/paranamer/2.3/paranamer-2.3.jar:/home/user/.m2/repository/org/xerial/snappy/snappy-java/1.0.5/snappy-java-1.0.5.jar:/home/user/.m2/repository/com/google/re2j/re2j/1.1/re2j-1.1.jar:/home/user/.m2/repository/com/google/code/gson/gson/2.2.4/gson-2.2.4.jar:/home/user/.m2/repository/com/jcraft/jsch/0.1.54/jsch-0.1.54.jar:/home/user/.m2/repository/org/apache/curator/curator-client/2.12.0/curator-client-2.12.0.jar:/home/user/.m2/repository/org/apache/curator/curator-recipes/2.12.0/curator-recipes-2.12.0.jar:/home/user/.m2/repository/com/google/code/findbugs/jsr305/3.0.0/jsr305-3.0.0.jar:/home/user/.m2/repository/org/apache/htrace/htrace-core4/4.1.0-incubating/htrace-core4-4.1.0-incubating.jar:/home/user/.m2/repository/org/apache/zookeeper/zookeeper/3.4.13/zookeeper-3.4.13.jar:/home/user/.m2/repository/jline/jline/0.9.94/jline-0.9.94.jar:/home/user/.m2/repository/org/apache/yetus/audience-annotations/0.5.0/audience-annotations-0.5.0.jar:/home/user/.m2/repository/org/codehaus/woodstox/stax2-api/3.1.4/stax2-api-3.1.4.jar:/home/user/.m2/repository/com/fasterxml/woodstox/woodstox-core/5.0.3/woodstox-core-5.0.3.jar:/home/user/.m2/repository/dnsjava/dnsjava/2.1.7/dnsjava-2.1.7.jar:/home/user/.m2/repository/org/apache/hadoop/hadoop-hdfs/3.2.0/hadoop-hdfs-3.2.0-tests.jar:/home/user/.m2/repository/org/eclipse/jetty/jetty-util-ajax/9.3.25.v20180904/jetty-util-ajax-9.3.25.v20180904.jar:/home/user/.m2/repository/commons-daemon/commons-daemon/1.0.13/commons-daemon-1.0.13.jar:/home/user/.m2/repository/io/netty/netty/3.10.5.Final/netty-3.10.5.Final.jar:/home/user/.m2/repository/io/netty/netty-all/4.0.52.Final/netty-all-4.0.52.Final.jar:/home/user/.m2/repository/org/fusesource/leveldbjni/leveldbjni-all/1.8/leveldbjni-all-1.8.jar:"/>
    <property name="sun.cpu.endian" value="little"/>
    <property name="user.home" value="/home/user"/>
    <property name="user.language" value="en"/>
    <property name="java.specification.vendor" value="Oracle Corporation"/>
    <property name="java.home" value="/usr/lib/jvm/java-1.8.0-openjdk-1.8.0.222.b10-1.el7_7.x86_64/jre"/>
    <property name="surefire.excludesFile" value="/tools/ozone-bad-unit-tests"/>
    <property name="java.security.krb5.conf" value="/workdir/hadoop-ozone/integration-test/target/test-classes/krb5.conf"/>
    <property name="basedir" value="/workdir/hadoop-ozone/integration-test"/>
    <property name="file.separator" value="/"/>
    <property name="line.separator" value="&#10;"/>
    <property name="java.vm.specification.vendor" value="Oracle Corporation"/>
    <property name="java.specification.name" value="Java Platform API Specification"/>
    <property name="java.awt.graphicsenv" value="sun.awt.X11GraphicsEnvironment"/>
    <property name="surefire.real.class.path" value="/workdir/hadoop-ozone/integration-test/target/surefire/surefirebooter641648714281221675.jar"/>
    <property name="hadoop.log.dir" value="/workdir/hadoop-ozone/integration-test/target/log"/>
    <property name="sun.boot.class.path" value="/usr/lib/jvm/java-1.8.0-openjdk-1.8.0.222.b10-1.el7_7.x86_64/jre/lib/resources.jar:/usr/lib/jvm/java-1.8.0-openjdk-1.8.0.222.b10-1.el7_7.x86_64/jre/lib/rt.jar:/usr/lib/jvm/java-1.8.0-openjdk-1.8.0.222.b10-1.el7_7.x86_64/jre/lib/sunrsasign.jar:/usr/lib/jvm/java-1.8.0-openjdk-1.8.0.222.b10-1.el7_7.x86_64/jre/lib/jsse.jar:/usr/lib/jvm/java-1.8.0-openjdk-1.8.0.222.b10-1.el7_7.x86_64/jre/lib/jce.jar:/usr/lib/jvm/java-1.8.0-openjdk-1.8.0.222.b10-1.el7_7.x86_64/jre/lib/charsets.jar:/usr/lib/jvm/java-1.8.0-openjdk-1.8.0.222.b10-1.el7_7.x86_64/jre/lib/jfr.jar:/usr/lib/jvm/java-1.8.0-openjdk-1.8.0.222.b10-1.el7_7.x86_64/jre/classes"/>
    <property name="sun.management.compiler" value="HotSpot 64-Bit Tiered Compilers"/>
    <property name="java.runtime.version" value="1.8.0_222-b10"/>
    <property name="java.net.preferIPv4Stack" value="true"/>
    <property name="user.name" value="jenkins1000"/>
    <property name="path.separator" value=":"/>
    <property name="java.security.egd" value="file:///dev/urandom"/>
    <property name="os.version" value="3.10.0-957.12.2.el7.x86_64"/>
    <property name="java.endorsed.dirs" value="/usr/lib/jvm/java-1.8.0-openjdk-1.8.0.222.b10-1.el7_7.x86_64/jre/lib/endorsed"/>
    <property name="java.runtime.name" value="OpenJDK Runtime Environment"/>
    <property name="file.encoding" value="ANSI_X3.4-1968"/>
    <property name="java.vm.name" value="OpenJDK 64-Bit Server VM"/>
    <property name="test.build.webapps" value=""/>
    <property name="localRepository" value="/home/user/.m2/repository"/>
    <property name="java.vendor.url.bug" value="http://bugreport.sun.com/bugreport/"/>
    <property name="java.io.tmpdir" value="/tmp"/>
    <property name="require.test.libhadoop" value=""/>
    <property name="java.version" value="1.8.0_222"/>
    <property name="user.dir" value="/workdir/hadoop-ozone/integration-test"/>
    <property name="os.arch" value="amd64"/>
    <property name="java.vm.specification.name" value="Java Virtual Machine Specification"/>
    <property name="test.build.classes" value="/workdir/hadoop-ozone/integration-test/target/test-classes"/>
    <property name="java.awt.printerjob" value="sun.print.PSPrinterJob"/>
    <property name="sun.os.patch.level" value="unknown"/>
    <property name="hadoop.tmp.dir" value="/workdir/hadoop-ozone/integration-test/target/tmp"/>
    <property name="java.library.path" value="/usr/lib:/workdir/hadoop-ozone/integration-test/target/native/target/usr/local/lib:/workdir/hadoop-ozone/integration-test/../../hadoop-common-project/hadoop-common/target/native/target/usr/local/lib:/usr/java/packages/lib/amd64:/usr/lib64:/lib64:/lib:/usr/lib"/>
    <property name="java.vm.info" value="mixed mode"/>
    <property name="java.vendor" value="Oracle Corporation"/>
    <property name="java.vm.version" value="25.222-b10"/>
    <property name="java.ext.dirs" value="/usr/lib/jvm/java-1.8.0-openjdk-1.8.0.222.b10-1.el7_7.x86_64/jre/lib/ext:/usr/java/packages/lib/ext"/>
    <property name="sun.io.unicode.encoding" value="UnicodeLittle"/>
    <property name="java.class.version" value="52.0"/>
  </properties>
  <testcase name="testPipelineExclusionWithPipelineFailure" classname="org.apache.hadoop.ozone.client.rpc.TestFailureHandlingByClient" time="115.291"/>
  <testcase name="testContainerExclusionWithClosedContainerException" classname="org.apache.hadoop.ozone.client.rpc.TestFailureHandlingByClient" time="38.415"/>
  <testcase name="testWriteSmallFile" classname="org.apache.hadoop.ozone.client.rpc.TestFailureHandlingByClient" time="47.547"/>
  <testcase name="testBlockWritesWithDnFailures" classname="org.apache.hadoop.ozone.client.rpc.TestFailureHandlingByClient" time="40.53"/>
  <testcase name="testDatanodeExclusionWithMajorityCommit" classname="org.apache.hadoop.ozone.client.rpc.TestFailureHandlingByClient" time="40.097">
    <failure type="java.lang.AssertionError">java.lang.AssertionError
	at org.junit.Assert.fail(Assert.java:86)
	at org.junit.Assert.assertTrue(Assert.java:41)
	at org.junit.Assert.assertTrue(Assert.java:52)
	at org.apache.hadoop.ozone.client.rpc.TestFailureHandlingByClient.testDatanodeExclusionWithMajorityCommit(TestFailureHandlingByClient.java:318)
	at sun.reflect.NativeMethodAccessorImpl.invoke0(Native Method)
	at sun.reflect.NativeMethodAccessorImpl.invoke(NativeMethodAccessorImpl.java:62)
	at sun.reflect.DelegatingMethodAccessorImpl.invoke(DelegatingMethodAccessorImpl.java:43)
	at java.lang.reflect.Method.invoke(Method.java:498)
	at org.junit.runners.model.FrameworkMethod$1.runReflectiveCall(FrameworkMethod.java:47)
	at org.junit.internal.runners.model.ReflectiveCallable.run(ReflectiveCallable.java:12)
	at org.junit.runners.model.FrameworkMethod.invokeExplosively(FrameworkMethod.java:44)
	at org.junit.internal.runners.statements.InvokeMethod.evaluate(InvokeMethod.java:17)
	at org.junit.internal.runners.statements.RunAfters.evaluate(RunAfters.java:27)
	at org.junit.runners.ParentRunner.runLeaf(ParentRunner.java:271)
	at org.junit.runners.BlockJUnit4ClassRunner.runChild(BlockJUnit4ClassRunner.java:70)
	at org.junit.runners.BlockJUnit4ClassRunner.runChild(BlockJUnit4ClassRunner.java:50)
	at org.junit.runners.ParentRunner$3.run(ParentRunner.java:238)
	at org.junit.runners.ParentRunner$1.schedule(ParentRunner.java:63)
	at org.junit.runners.ParentRunner.runChildren(ParentRunner.java:236)
	at org.junit.runners.ParentRunner.access$000(ParentRunner.java:53)
	at org.junit.runners.ParentRunner$2.evaluate(ParentRunner.java:229)
	at org.junit.runners.ParentRunner.run(ParentRunner.java:309)
	at org.apache.maven.surefire.junit4.JUnit4Provider.execute(JUnit4Provider.java:365)
	at org.apache.maven.surefire.junit4.JUnit4Provider.executeWithRerun(JUnit4Provider.java:273)
	at org.apache.maven.surefire.junit4.JUnit4Provider.executeTestSet(JUnit4Provider.java:238)
	at org.apache.maven.surefire.junit4.JUnit4Provider.invoke(JUnit4Provider.java:159)
	at org.apache.maven.surefire.booter.ForkedBooter.invokeProviderInSameClassLoader(ForkedBooter.java:384)
	at org.apache.maven.surefire.booter.ForkedBooter.runSuitesInProcess(ForkedBooter.java:345)
	at org.apache.maven.surefire.booter.ForkedBooter.execute(ForkedBooter.java:126)
	at org.apache.maven.surefire.booter.ForkedBooter.main(ForkedBooter.java:418)
</failure>
    <system-out><![CDATA[2019-11-15 21:51:23,453 [main] WARN  server.ServerUtils (ServerUtils.java:getScmDbDir(145)) - ozone.scm.db.dirs is not configured. We recommend adding this setting. Falling back to ozone.metadata.dirs instead.
2019-11-15 21:51:23,510 [main] WARN  server.ServerUtils (ServerUtils.java:getScmDbDir(145)) - ozone.scm.db.dirs is not configured. We recommend adding this setting. Falling back to ozone.metadata.dirs instead.
2019-11-15 21:51:23,511 [main] WARN  server.ServerUtils (ServerUtils.java:getScmDbDir(145)) - ozone.scm.db.dirs is not configured. We recommend adding this setting. Falling back to ozone.metadata.dirs instead.
2019-11-15 21:51:23,511 [main] INFO  db.DBStoreBuilder (DBStoreBuilder.java:addTable(127)) - using custom profile for table: deletedBlocks
2019-11-15 21:51:23,511 [main] INFO  db.DBStoreBuilder (DBStoreBuilder.java:processTables(183)) - Using default column profile:DBProfile.DISK for Table:deletedBlocks
2019-11-15 21:51:23,512 [main] INFO  db.DBStoreBuilder (DBStoreBuilder.java:addTable(127)) - using custom profile for table: validCerts
2019-11-15 21:51:23,512 [main] INFO  db.DBStoreBuilder (DBStoreBuilder.java:processTables(183)) - Using default column profile:DBProfile.DISK for Table:validCerts
2019-11-15 21:51:23,512 [main] INFO  db.DBStoreBuilder (DBStoreBuilder.java:addTable(127)) - using custom profile for table: revokedCerts
2019-11-15 21:51:23,512 [main] INFO  db.DBStoreBuilder (DBStoreBuilder.java:processTables(183)) - Using default column profile:DBProfile.DISK for Table:revokedCerts
2019-11-15 21:51:23,513 [main] INFO  db.DBStoreBuilder (DBStoreBuilder.java:addTable(127)) - using custom profile for table: default
2019-11-15 21:51:23,513 [main] INFO  db.DBStoreBuilder (DBStoreBuilder.java:processTables(189)) - Using default column profile:DBProfile.DISK for Table:default
2019-11-15 21:51:23,513 [main] INFO  db.DBStoreBuilder (DBStoreBuilder.java:getDbProfile(220)) - Using default options. DBProfile.DISK
2019-11-15 21:51:23,660 [main] INFO  net.NodeSchemaLoader (NodeSchemaLoader.java:loadSchemaFromFile(125)) - Loading file from sun.misc.CompoundEnumeration@29bbc391
2019-11-15 21:51:23,660 [main] INFO  net.NodeSchemaLoader (NodeSchemaLoader.java:loadSchema(171)) - Loading network topology layer schema file
2019-11-15 21:51:23,666 [main] INFO  node.SCMNodeManager (SCMNodeManager.java:<init>(116)) - Entering startup safe mode.
2019-11-15 21:51:23,666 [main] INFO  algorithms.ContainerPlacementPolicyFactory (ContainerPlacementPolicyFactory.java:getPolicy(57)) - Create container placement policy of type org.apache.hadoop.hdds.scm.container.placement.algorithms.SCMContainerPlacementRandom
2019-11-15 21:51:23,667 [main] WARN  server.ServerUtils (ServerUtils.java:getScmDbDir(145)) - ozone.scm.db.dirs is not configured. We recommend adding this setting. Falling back to ozone.metadata.dirs instead.
2019-11-15 21:51:23,689 [main] INFO  pipeline.SCMPipelineManager (SCMPipelineManager.java:initializePipelineState(132)) - No pipeline exists in current db
2019-11-15 21:51:23,689 [main] WARN  server.ServerUtils (ServerUtils.java:getScmDbDir(145)) - ozone.scm.db.dirs is not configured. We recommend adding this setting. Falling back to ozone.metadata.dirs instead.
2019-11-15 21:51:23,732 [main] WARN  events.EventQueue (EventQueue.java:fireEvent(183)) - No event handler registered for event TypedEvent{payloadType=SafeModeStatus, name='SafeModeStatus'}
2019-11-15 21:51:23,733 [main] INFO  ipc.CallQueueManager (CallQueueManager.java:<init>(84)) - Using callQueue: class java.util.concurrent.LinkedBlockingQueue, queueCapacity: 2000, scheduler: class org.apache.hadoop.ipc.DefaultRpcScheduler, ipcBackoff: false.
2019-11-15 21:51:23,734 [Socket Reader #1 for port 44238] INFO  ipc.Server (Server.java:run(1074)) - Starting Socket Reader #1 for port 44238
2019-11-15 21:51:23,736 [main] INFO  ipc.CallQueueManager (CallQueueManager.java:<init>(84)) - Using callQueue: class java.util.concurrent.LinkedBlockingQueue, queueCapacity: 2000, scheduler: class org.apache.hadoop.ipc.DefaultRpcScheduler, ipcBackoff: false.
2019-11-15 21:51:23,737 [Socket Reader #1 for port 42779] INFO  ipc.Server (Server.java:run(1074)) - Starting Socket Reader #1 for port 42779
2019-11-15 21:51:23,738 [main] INFO  ipc.CallQueueManager (CallQueueManager.java:<init>(84)) - Using callQueue: class java.util.concurrent.LinkedBlockingQueue, queueCapacity: 2000, scheduler: class org.apache.hadoop.ipc.DefaultRpcScheduler, ipcBackoff: false.
2019-11-15 21:51:23,738 [Socket Reader #1 for port 46837] INFO  ipc.Server (Server.java:run(1074)) - Starting Socket Reader #1 for port 46837
2019-11-15 21:51:23,741 [main] INFO  hdfs.DFSUtil (DFSUtil.java:httpServerTemplateForNNAndJN(1641)) - Starting Web-server for scm at: http://0.0.0.0:0
2019-11-15 21:51:23,743 [main] INFO  server.AuthenticationFilter (AuthenticationFilter.java:constructSecretProvider(240)) - Unable to initialize FileSignerSecretProvider, falling back to use random secrets.
2019-11-15 21:51:23,744 [main] WARN  http.HttpRequestLog (HttpRequestLog.java:getRequestLog(97)) - Jetty request log can only be enabled using Log4j
2019-11-15 21:51:23,746 [main] INFO  http.HttpServer2 (HttpServer2.java:addGlobalFilter(975)) - Added global filter 'safety' (class=org.apache.hadoop.http.HttpServer2$QuotingInputFilter)
2019-11-15 21:51:23,747 [main] INFO  http.HttpServer2 (HttpServer2.java:addFilter(948)) - Added filter static_user_filter (class=org.apache.hadoop.http.lib.StaticUserWebFilter$StaticUserFilter) to context scm
2019-11-15 21:51:23,747 [main] INFO  http.HttpServer2 (HttpServer2.java:addFilter(958)) - Added filter static_user_filter (class=org.apache.hadoop.http.lib.StaticUserWebFilter$StaticUserFilter) to context static
2019-11-15 21:51:23,747 [main] INFO  http.HttpServer2 (HttpServer2.java:addFilter(958)) - Added filter static_user_filter (class=org.apache.hadoop.http.lib.StaticUserWebFilter$StaticUserFilter) to context logs
2019-11-15 21:51:23,750 [main] INFO  server.StorageContainerManager (StorageContainerManager.java:start(766)) - StorageContainerLocationProtocol RPC server is listening at /0.0.0.0:46837
2019-11-15 21:51:23,752 [main] WARN  impl.MetricsConfig (MetricsConfig.java:loadFirst(134)) - Cannot locate configuration: tried hadoop-metrics2-storagecontainermanager.properties,hadoop-metrics2.properties
2019-11-15 21:51:23,754 [main] INFO  impl.MetricsSystemImpl (MetricsSystemImpl.java:startTimer(374)) - Scheduled Metric snapshot period at 10 second(s).
2019-11-15 21:51:23,754 [main] INFO  impl.MetricsSystemImpl (MetricsSystemImpl.java:start(191)) - StorageContainerManager metrics system started
2019-11-15 21:51:23,807 [main] WARN  impl.MetricsSystemImpl (MetricsSystemImpl.java:register(276)) - Sink prometheus already exists!
2019-11-15 21:51:23,861 [main] INFO  server.SCMClientProtocolServer (SCMClientProtocolServer.java:start(160)) - RPC server for Client  is listening at /0.0.0.0:46837
2019-11-15 21:51:23,862 [IPC Server Responder] INFO  ipc.Server (Server.java:run(1314)) - IPC Server Responder: starting
2019-11-15 21:51:23,862 [IPC Server listener on 46837] INFO  ipc.Server (Server.java:run(1153)) - IPC Server listener on 46837: starting
2019-11-15 21:51:23,870 [main] INFO  server.StorageContainerManager (StorageContainerManager.java:start(776)) - ScmBlockLocationProtocol RPC server is listening at /0.0.0.0:42779
2019-11-15 21:51:23,870 [main] INFO  server.SCMBlockProtocolServer (SCMBlockProtocolServer.java:start(146)) - RPC server for Block Protocol is listening at /0.0.0.0:42779
2019-11-15 21:51:23,871 [IPC Server Responder] INFO  ipc.Server (Server.java:run(1314)) - IPC Server Responder: starting
2019-11-15 21:51:23,871 [IPC Server listener on 42779] INFO  ipc.Server (Server.java:run(1153)) - IPC Server listener on 42779: starting
2019-11-15 21:51:23,874 [main] INFO  server.StorageContainerManager (StorageContainerManager.java:start(780)) - ScmDatanodeProtocl RPC server is listening at /0.0.0.0:44238
2019-11-15 21:51:23,874 [main] INFO  server.SCMDatanodeProtocolServer (SCMDatanodeProtocolServer.java:start(169)) - RPC server for DataNodes is listening at /0.0.0.0:44238
2019-11-15 21:51:23,874 [IPC Server Responder] INFO  ipc.Server (Server.java:run(1314)) - IPC Server Responder: starting
2019-11-15 21:51:23,874 [IPC Server listener on 44238] INFO  ipc.Server (Server.java:run(1153)) - IPC Server listener on 44238: starting
2019-11-15 21:51:23,878 [main] INFO  http.HttpServer2 (HttpServer2.java:bindListener(1191)) - Jetty bound to port 43510
2019-11-15 21:51:23,878 [main] INFO  server.Server (Server.java:doStart(351)) - jetty-9.3.25.v20180904, build timestamp: 2018-09-04T21:11:46Z, git hash: 3ce520221d0240229c862b122d2b06c12a625732
2019-11-15 21:51:23,879 [main] INFO  handler.ContextHandler (ContextHandler.java:doStart(781)) - Started o.e.j.s.ServletContextHandler@6812c8cc{/logs,file:///workdir/hadoop-ozone/integration-test/target/log,AVAILABLE}
2019-11-15 21:51:23,880 [main] INFO  handler.ContextHandler (ContextHandler.java:doStart(781)) - Started o.e.j.s.ServletContextHandler@7a66c35a{/static,file:///workdir/hadoop-ozone/integration-test/target/test-classes/webapps/static,AVAILABLE}
2019-11-15 21:51:23,883 [main] INFO  handler.ContextHandler (ContextHandler.java:doStart(781)) - Started o.e.j.w.WebAppContext@5ea7bc4{/,file:///workdir/hadoop-ozone/integration-test/target/test-classes/webapps/scm/,AVAILABLE}{/scm}
2019-11-15 21:51:23,884 [main] INFO  server.AbstractConnector (AbstractConnector.java:doStart(278)) - Started ServerConnector@39d77de9{HTTP/1.1,[http/1.1]}{0.0.0.0:43510}
2019-11-15 21:51:23,885 [main] INFO  server.Server (Server.java:doStart(419)) - Started @242610ms
2019-11-15 21:51:23,885 [main] WARN  impl.MetricsSystemImpl (MetricsSystemImpl.java:register(276)) - Sink prometheus already exists!
2019-11-15 21:51:23,886 [main] INFO  server.BaseHttpServer (BaseHttpServer.java:updateConnectorAddress(215)) - HTTP server of SCM is listening at http://0.0.0.0:43510
2019-11-15 21:51:23,886 [main] WARN  server.ServerUtils (ServerUtils.java:getDBPath(222)) - ozone.om.db.dirs is not configured. We recommend adding this setting. Falling back to ozone.metadata.dirs instead.
2019-11-15 21:51:23,887 [org.apache.hadoop.util.JvmPauseMonitor$Monitor@2c06b113] INFO  util.JvmPauseMonitor (JvmPauseMonitor.java:run(188)) - Starting JVM pause monitor
2019-11-15 21:51:23,900 [main] INFO  ha.OMHANodeDetails (OMHANodeDetails.java:loadOMHAConfig(190)) - Configuration either no ozone.om.address set. Falling back to the default OM address /127.0.0.1:0
2019-11-15 21:51:23,900 [main] INFO  ha.OMHANodeDetails (OMHANodeDetails.java:getOMNodeDetails(220)) - OM Service ID is not set. Setting it to the default ID: omServiceIdDefault
2019-11-15 21:51:23,901 [main] WARN  server.ServerUtils (ServerUtils.java:getDBPath(222)) - ozone.om.db.dirs is not configured. We recommend adding this setting. Falling back to ozone.metadata.dirs instead.
2019-11-15 21:51:23,901 [main] WARN  server.ServerUtils (ServerUtils.java:getDBPath(222)) - ozone.om.db.dirs is not configured. We recommend adding this setting. Falling back to ozone.metadata.dirs instead.
2019-11-15 21:51:23,907 [main] WARN  server.ServerUtils (ServerUtils.java:getDBPath(222)) - ozone.om.db.dirs is not configured. We recommend adding this setting. Falling back to ozone.metadata.dirs instead.
2019-11-15 21:51:23,908 [main] INFO  db.DBStoreBuilder (DBStoreBuilder.java:addTable(127)) - using custom profile for table: userTable
2019-11-15 21:51:23,908 [main] INFO  db.DBStoreBuilder (DBStoreBuilder.java:processTables(183)) - Using default column profile:DBProfile.DISK for Table:userTable
2019-11-15 21:51:23,908 [main] INFO  db.DBStoreBuilder (DBStoreBuilder.java:addTable(127)) - using custom profile for table: volumeTable
2019-11-15 21:51:23,908 [main] INFO  db.DBStoreBuilder (DBStoreBuilder.java:processTables(183)) - Using default column profile:DBProfile.DISK for Table:volumeTable
2019-11-15 21:51:23,909 [main] INFO  db.DBStoreBuilder (DBStoreBuilder.java:addTable(127)) - using custom profile for table: bucketTable
2019-11-15 21:51:23,909 [main] INFO  db.DBStoreBuilder (DBStoreBuilder.java:processTables(183)) - Using default column profile:DBProfile.DISK for Table:bucketTable
2019-11-15 21:51:23,909 [main] INFO  db.DBStoreBuilder (DBStoreBuilder.java:addTable(127)) - using custom profile for table: keyTable
2019-11-15 21:51:23,909 [main] INFO  db.DBStoreBuilder (DBStoreBuilder.java:processTables(183)) - Using default column profile:DBProfile.DISK for Table:keyTable
2019-11-15 21:51:23,910 [main] INFO  db.DBStoreBuilder (DBStoreBuilder.java:addTable(127)) - using custom profile for table: deletedTable
2019-11-15 21:51:23,910 [main] INFO  db.DBStoreBuilder (DBStoreBuilder.java:processTables(183)) - Using default column profile:DBProfile.DISK for Table:deletedTable
2019-11-15 21:51:23,910 [main] INFO  db.DBStoreBuilder (DBStoreBuilder.java:addTable(127)) - using custom profile for table: openKeyTable
2019-11-15 21:51:23,910 [main] INFO  db.DBStoreBuilder (DBStoreBuilder.java:processTables(183)) - Using default column profile:DBProfile.DISK for Table:openKeyTable
2019-11-15 21:51:23,911 [main] INFO  db.DBStoreBuilder (DBStoreBuilder.java:addTable(127)) - using custom profile for table: s3Table
2019-11-15 21:51:23,911 [main] INFO  db.DBStoreBuilder (DBStoreBuilder.java:processTables(183)) - Using default column profile:DBProfile.DISK for Table:s3Table
2019-11-15 21:51:23,911 [main] INFO  db.DBStoreBuilder (DBStoreBuilder.java:addTable(127)) - using custom profile for table: multipartInfoTable
2019-11-15 21:51:23,911 [main] INFO  db.DBStoreBuilder (DBStoreBuilder.java:processTables(183)) - Using default column profile:DBProfile.DISK for Table:multipartInfoTable
2019-11-15 21:51:23,911 [main] INFO  db.DBStoreBuilder (DBStoreBuilder.java:addTable(127)) - using custom profile for table: dTokenTable
2019-11-15 21:51:23,911 [main] INFO  db.DBStoreBuilder (DBStoreBuilder.java:processTables(183)) - Using default column profile:DBProfile.DISK for Table:dTokenTable
2019-11-15 21:51:23,911 [main] INFO  db.DBStoreBuilder (DBStoreBuilder.java:addTable(127)) - using custom profile for table: s3SecretTable
2019-11-15 21:51:23,912 [main] INFO  db.DBStoreBuilder (DBStoreBuilder.java:processTables(183)) - Using default column profile:DBProfile.DISK for Table:s3SecretTable
2019-11-15 21:51:23,912 [main] INFO  db.DBStoreBuilder (DBStoreBuilder.java:addTable(127)) - using custom profile for table: prefixTable
2019-11-15 21:51:23,912 [main] INFO  db.DBStoreBuilder (DBStoreBuilder.java:processTables(183)) - Using default column profile:DBProfile.DISK for Table:prefixTable
2019-11-15 21:51:23,912 [main] INFO  db.DBStoreBuilder (DBStoreBuilder.java:addTable(127)) - using custom profile for table: default
2019-11-15 21:51:23,912 [main] INFO  db.DBStoreBuilder (DBStoreBuilder.java:processTables(189)) - Using default column profile:DBProfile.DISK for Table:default
2019-11-15 21:51:23,912 [main] INFO  db.DBStoreBuilder (DBStoreBuilder.java:getDbProfile(220)) - Using default options. DBProfile.DISK
2019-11-15 21:51:24,244 [main] INFO  ipc.CallQueueManager (CallQueueManager.java:<init>(84)) - Using callQueue: class java.util.concurrent.LinkedBlockingQueue, queueCapacity: 2000, scheduler: class org.apache.hadoop.ipc.DefaultRpcScheduler, ipcBackoff: false.
2019-11-15 21:51:24,245 [Socket Reader #1 for port 36220] INFO  ipc.Server (Server.java:run(1074)) - Starting Socket Reader #1 for port 36220
2019-11-15 21:51:24,630 [main] INFO  om.OzoneManager (OzoneManager.java:start(1077)) - OzoneManager RPC server is listening at localhost/127.0.0.1:36220
2019-11-15 21:51:24,630 [main] INFO  impl.MetricsSystemImpl (MetricsSystemImpl.java:init(158)) - OzoneManager metrics system started (again)
2019-11-15 21:51:24,631 [IPC Server Responder] INFO  ipc.Server (Server.java:run(1314)) - IPC Server Responder: starting
2019-11-15 21:51:24,632 [IPC Server listener on 36220] INFO  ipc.Server (Server.java:run(1153)) - IPC Server listener on 36220: starting
2019-11-15 21:51:24,639 [main] INFO  hdfs.DFSUtil (DFSUtil.java:httpServerTemplateForNNAndJN(1641)) - Starting Web-server for ozoneManager at: http://0.0.0.0:0
2019-11-15 21:51:24,640 [main] INFO  server.AuthenticationFilter (AuthenticationFilter.java:constructSecretProvider(240)) - Unable to initialize FileSignerSecretProvider, falling back to use random secrets.
2019-11-15 21:51:24,640 [main] WARN  http.HttpRequestLog (HttpRequestLog.java:getRequestLog(97)) - Jetty request log can only be enabled using Log4j
2019-11-15 21:51:24,641 [main] INFO  http.HttpServer2 (HttpServer2.java:addGlobalFilter(975)) - Added global filter 'safety' (class=org.apache.hadoop.http.HttpServer2$QuotingInputFilter)
2019-11-15 21:51:24,642 [main] INFO  http.HttpServer2 (HttpServer2.java:addFilter(948)) - Added filter static_user_filter (class=org.apache.hadoop.http.lib.StaticUserWebFilter$StaticUserFilter) to context ozoneManager
2019-11-15 21:51:24,642 [main] INFO  http.HttpServer2 (HttpServer2.java:addFilter(958)) - Added filter static_user_filter (class=org.apache.hadoop.http.lib.StaticUserWebFilter$StaticUserFilter) to context logs
2019-11-15 21:51:24,642 [main] INFO  http.HttpServer2 (HttpServer2.java:addFilter(958)) - Added filter static_user_filter (class=org.apache.hadoop.http.lib.StaticUserWebFilter$StaticUserFilter) to context static
2019-11-15 21:51:24,643 [main] INFO  http.HttpServer2 (HttpServer2.java:bindListener(1191)) - Jetty bound to port 35267
2019-11-15 21:51:24,643 [main] INFO  server.Server (Server.java:doStart(351)) - jetty-9.3.25.v20180904, build timestamp: 2018-09-04T21:11:46Z, git hash: 3ce520221d0240229c862b122d2b06c12a625732
2019-11-15 21:51:24,644 [main] INFO  handler.ContextHandler (ContextHandler.java:doStart(781)) - Started o.e.j.s.ServletContextHandler@279126f5{/logs,file:///workdir/hadoop-ozone/integration-test/target/log,AVAILABLE}
2019-11-15 21:51:24,645 [main] INFO  handler.ContextHandler (ContextHandler.java:doStart(781)) - Started o.e.j.s.ServletContextHandler@5fdd97c1{/static,file:///workdir/hadoop-ozone/integration-test/target/test-classes/webapps/static,AVAILABLE}
2019-11-15 21:51:24,647 [main] INFO  handler.ContextHandler (ContextHandler.java:doStart(781)) - Started o.e.j.w.WebAppContext@4a22e4d7{/,file:///workdir/hadoop-ozone/integration-test/target/test-classes/webapps/ozoneManager/,AVAILABLE}{/ozoneManager}
2019-11-15 21:51:24,648 [main] INFO  server.AbstractConnector (AbstractConnector.java:doStart(278)) - Started ServerConnector@d8835af{HTTP/1.1,[http/1.1]}{0.0.0.0:35267}
2019-11-15 21:51:24,648 [main] INFO  server.Server (Server.java:doStart(419)) - Started @243374ms
2019-11-15 21:51:24,649 [main] WARN  impl.MetricsSystemImpl (MetricsSystemImpl.java:register(276)) - Sink prometheus already exists!
2019-11-15 21:51:24,650 [main] INFO  server.BaseHttpServer (BaseHttpServer.java:updateConnectorAddress(215)) - HTTP server of OZONEMANAGER is listening at http://0.0.0.0:35267
2019-11-15 21:51:24,665 [main] INFO  impl.MetricsSystemImpl (MetricsSystemImpl.java:init(158)) - HddsDatanode metrics system started (again)
2019-11-15 21:51:24,667 [main] INFO  ozone.HddsDatanodeService (HddsDatanodeService.java:start(186)) - HddsDatanodeService host:pr-hdds-2493-5rwwl-1515842690 ip:192.168.164.223
2019-11-15 21:51:24,673 [main] INFO  volume.HddsVolume (HddsVolume.java:<init>(176)) - Creating Volume: /workdir/hadoop-ozone/integration-test/target/test-dir/MiniOzoneClusterImpl-e150a234-18da-4756-b2e5-8eb09f38746c/datanode-0/data/containers/hdds of  storage type : DISK and capacity : 1482555576320
2019-11-15 21:51:24,673 [main] INFO  volume.VolumeSet (VolumeSet.java:initializeVolumeSet(170)) - Added Volume : /workdir/hadoop-ozone/integration-test/target/test-dir/MiniOzoneClusterImpl-e150a234-18da-4756-b2e5-8eb09f38746c/datanode-0/data/containers/hdds to VolumeSet
2019-11-15 21:51:24,673 [main] INFO  volume.ThrottledAsyncChecker (ThrottledAsyncChecker.java:schedule(141)) - Scheduling a check for /workdir/hadoop-ozone/integration-test/target/test-dir/MiniOzoneClusterImpl-e150a234-18da-4756-b2e5-8eb09f38746c/datanode-0/data/containers/hdds
2019-11-15 21:51:24,674 [main] INFO  volume.HddsVolumeChecker (HddsVolumeChecker.java:checkAllVolumes(204)) - Scheduled health check for volume /workdir/hadoop-ozone/integration-test/target/test-dir/MiniOzoneClusterImpl-e150a234-18da-4756-b2e5-8eb09f38746c/datanode-0/data/containers/hdds
2019-11-15 21:51:24,687 [main] INFO  impl.RaftServerProxy (ConfUtils.java:logGet(43)) - raft.rpc.type = GRPC (default)
2019-11-15 21:51:24,687 [main] INFO  grpc.GrpcFactory (GrpcFactory.java:checkPooledByteBufAllocatorUseCacheForAllThreads(45)) - PERFORMANCE WARNING: useCacheForAllThreads is true that may cause Netty to create a lot garbage objects and, as a result, trigger GC.
	It is recommended to disable useCacheForAllThreads by setting -Dorg.apache.ratis.thirdparty.io.netty.allocator.useCacheForAllThreads=false in command line.
2019-11-15 21:51:24,687 [main] INFO  grpc.GrpcConfigKeys$Server (ConfUtils.java:logGet(43)) - raft.grpc.server.port = 0 (default)
2019-11-15 21:51:24,688 [main] INFO  server.GrpcService (ConfUtils.java:logGet(43)) - raft.grpc.message.size.max = 33570816 (custom)
2019-11-15 21:51:24,688 [main] INFO  server.RaftServerConfigKeys (ConfUtils.java:logGet(43)) - raft.server.log.appender.buffer.byte-limit = 33554432 (custom)
2019-11-15 21:51:24,688 [main] INFO  server.GrpcService (ConfUtils.java:logGet(43)) - raft.grpc.flow.control.window = 1MB (=1048576) (default)
2019-11-15 21:51:24,688 [main] INFO  server.RaftServerConfigKeys (ConfUtils.java:logGet(43)) - raft.server.rpc.request.timeout = 3000ms (default)
2019-11-15 21:51:24,689 [main] INFO  server.RaftServerConfigKeys (ConfUtils.java:logGet(43)) - raft.server.storage.dir = [/workdir/hadoop-ozone/integration-test/target/test-dir/MiniOzoneClusterImpl-e150a234-18da-4756-b2e5-8eb09f38746c/datanode-0/data/ratis] (custom)
2019-11-15 21:51:24,691 [main] INFO  hdfs.DFSUtil (DFSUtil.java:httpServerTemplateForNNAndJN(1641)) - Starting Web-server for hddsDatanode at: http://0.0.0.0:0
2019-11-15 21:51:24,692 [main] INFO  server.AuthenticationFilter (AuthenticationFilter.java:constructSecretProvider(240)) - Unable to initialize FileSignerSecretProvider, falling back to use random secrets.
2019-11-15 21:51:24,693 [main] WARN  http.HttpRequestLog (HttpRequestLog.java:getRequestLog(97)) - Jetty request log can only be enabled using Log4j
2019-11-15 21:51:24,694 [main] INFO  http.HttpServer2 (HttpServer2.java:addGlobalFilter(975)) - Added global filter 'safety' (class=org.apache.hadoop.http.HttpServer2$QuotingInputFilter)
2019-11-15 21:51:24,694 [main] INFO  http.HttpServer2 (HttpServer2.java:addFilter(948)) - Added filter static_user_filter (class=org.apache.hadoop.http.lib.StaticUserWebFilter$StaticUserFilter) to context hddsDatanode
2019-11-15 21:51:24,695 [main] INFO  http.HttpServer2 (HttpServer2.java:addFilter(958)) - Added filter static_user_filter (class=org.apache.hadoop.http.lib.StaticUserWebFilter$StaticUserFilter) to context static
2019-11-15 21:51:24,695 [main] INFO  http.HttpServer2 (HttpServer2.java:addFilter(958)) - Added filter static_user_filter (class=org.apache.hadoop.http.lib.StaticUserWebFilter$StaticUserFilter) to context logs
2019-11-15 21:51:24,695 [main] INFO  http.HttpServer2 (HttpServer2.java:bindListener(1191)) - Jetty bound to port 46571
2019-11-15 21:51:24,696 [main] INFO  server.Server (Server.java:doStart(351)) - jetty-9.3.25.v20180904, build timestamp: 2018-09-04T21:11:46Z, git hash: 3ce520221d0240229c862b122d2b06c12a625732
2019-11-15 21:51:24,698 [main] INFO  handler.ContextHandler (ContextHandler.java:doStart(781)) - Started o.e.j.s.ServletContextHandler@61da0413{/logs,file:///workdir/hadoop-ozone/integration-test/target/log,AVAILABLE}
2019-11-15 21:51:24,699 [main] INFO  handler.ContextHandler (ContextHandler.java:doStart(781)) - Started o.e.j.s.ServletContextHandler@4d4c1ba9{/static,jar:file:/home/user/.m2/repository/org/apache/hadoop/hadoop-hdds-container-service/0.5.0-SNAPSHOT/hadoop-hdds-container-service-0.5.0-SNAPSHOT.jar!/webapps/static,AVAILABLE}
2019-11-15 21:51:24,731 [main] INFO  handler.ContextHandler (ContextHandler.java:doStart(781)) - Started o.e.j.w.WebAppContext@6562cc23{/,file:///tmp/jetty-0.0.0.0-46571-hddsDatanode-_-any-3407582969621742824.dir/webapp/,AVAILABLE}{/hddsDatanode}
2019-11-15 21:51:24,732 [main] INFO  server.AbstractConnector (AbstractConnector.java:doStart(278)) - Started ServerConnector@2ce524d2{HTTP/1.1,[http/1.1]}{0.0.0.0:46571}
2019-11-15 21:51:24,732 [main] INFO  server.Server (Server.java:doStart(419)) - Started @243457ms
2019-11-15 21:51:24,733 [main] WARN  impl.MetricsSystemImpl (MetricsSystemImpl.java:register(276)) - Sink prometheus already exists!
2019-11-15 21:51:24,734 [main] INFO  server.BaseHttpServer (BaseHttpServer.java:updateConnectorAddress(215)) - HTTP server of HDDSDATANODE is listening at http://0.0.0.0:46571
2019-11-15 21:51:24,734 [main] INFO  impl.MetricsSystemImpl (MetricsSystemImpl.java:init(158)) - HddsDatanode metrics system started (again)
2019-11-15 21:51:24,736 [org.apache.hadoop.util.JvmPauseMonitor$Monitor@25b50a73] INFO  util.JvmPauseMonitor (JvmPauseMonitor.java:run(188)) - Starting JVM pause monitor
2019-11-15 21:51:24,737 [main] INFO  ozone.HddsDatanodeService (HddsDatanodeService.java:start(186)) - HddsDatanodeService host:pr-hdds-2493-5rwwl-1515842690 ip:192.168.164.223
2019-11-15 21:51:24,739 [Datanode State Machine Thread - 0] INFO  datanode.InitDatanodeState (InitDatanodeState.java:persistContainerDatanodeDetails(140)) - DatanodeDetails is persisted to /workdir/hadoop-ozone/integration-test/target/test-dir/MiniOzoneClusterImpl-e150a234-18da-4756-b2e5-8eb09f38746c/datanode-0/meta/datanode.id
2019-11-15 21:51:24,743 [main] INFO  volume.HddsVolume (HddsVolume.java:<init>(176)) - Creating Volume: /workdir/hadoop-ozone/integration-test/target/test-dir/MiniOzoneClusterImpl-e150a234-18da-4756-b2e5-8eb09f38746c/datanode-1/data/containers/hdds of  storage type : DISK and capacity : 1482555576320
2019-11-15 21:51:24,743 [main] INFO  volume.VolumeSet (VolumeSet.java:initializeVolumeSet(170)) - Added Volume : /workdir/hadoop-ozone/integration-test/target/test-dir/MiniOzoneClusterImpl-e150a234-18da-4756-b2e5-8eb09f38746c/datanode-1/data/containers/hdds to VolumeSet
2019-11-15 21:51:24,743 [main] INFO  volume.ThrottledAsyncChecker (ThrottledAsyncChecker.java:schedule(141)) - Scheduling a check for /workdir/hadoop-ozone/integration-test/target/test-dir/MiniOzoneClusterImpl-e150a234-18da-4756-b2e5-8eb09f38746c/datanode-1/data/containers/hdds
2019-11-15 21:51:24,743 [main] INFO  volume.HddsVolumeChecker (HddsVolumeChecker.java:checkAllVolumes(204)) - Scheduled health check for volume /workdir/hadoop-ozone/integration-test/target/test-dir/MiniOzoneClusterImpl-e150a234-18da-4756-b2e5-8eb09f38746c/datanode-1/data/containers/hdds
2019-11-15 21:51:24,755 [main] INFO  impl.RaftServerProxy (ConfUtils.java:logGet(43)) - raft.rpc.type = GRPC (default)
2019-11-15 21:51:24,755 [main] INFO  grpc.GrpcFactory (GrpcFactory.java:checkPooledByteBufAllocatorUseCacheForAllThreads(45)) - PERFORMANCE WARNING: useCacheForAllThreads is true that may cause Netty to create a lot garbage objects and, as a result, trigger GC.
	It is recommended to disable useCacheForAllThreads by setting -Dorg.apache.ratis.thirdparty.io.netty.allocator.useCacheForAllThreads=false in command line.
2019-11-15 21:51:24,755 [main] INFO  grpc.GrpcConfigKeys$Server (ConfUtils.java:logGet(43)) - raft.grpc.server.port = 0 (default)
2019-11-15 21:51:24,756 [main] INFO  server.GrpcService (ConfUtils.java:logGet(43)) - raft.grpc.message.size.max = 33570816 (custom)
2019-11-15 21:51:24,756 [main] INFO  server.RaftServerConfigKeys (ConfUtils.java:logGet(43)) - raft.server.log.appender.buffer.byte-limit = 33554432 (custom)
2019-11-15 21:51:24,756 [main] INFO  server.GrpcService (ConfUtils.java:logGet(43)) - raft.grpc.flow.control.window = 1MB (=1048576) (default)
2019-11-15 21:51:24,756 [main] INFO  server.RaftServerConfigKeys (ConfUtils.java:logGet(43)) - raft.server.rpc.request.timeout = 3000ms (default)
2019-11-15 21:51:24,757 [main] INFO  server.RaftServerConfigKeys (ConfUtils.java:logGet(43)) - raft.server.storage.dir = [/workdir/hadoop-ozone/integration-test/target/test-dir/MiniOzoneClusterImpl-e150a234-18da-4756-b2e5-8eb09f38746c/datanode-1/data/ratis] (custom)
2019-11-15 21:51:24,758 [main] INFO  hdfs.DFSUtil (DFSUtil.java:httpServerTemplateForNNAndJN(1641)) - Starting Web-server for hddsDatanode at: http://0.0.0.0:0
2019-11-15 21:51:24,759 [main] INFO  server.AuthenticationFilter (AuthenticationFilter.java:constructSecretProvider(240)) - Unable to initialize FileSignerSecretProvider, falling back to use random secrets.
2019-11-15 21:51:24,759 [main] WARN  http.HttpRequestLog (HttpRequestLog.java:getRequestLog(97)) - Jetty request log can only be enabled using Log4j
2019-11-15 21:51:24,761 [main] INFO  http.HttpServer2 (HttpServer2.java:addGlobalFilter(975)) - Added global filter 'safety' (class=org.apache.hadoop.http.HttpServer2$QuotingInputFilter)
2019-11-15 21:51:24,761 [main] INFO  http.HttpServer2 (HttpServer2.java:addFilter(948)) - Added filter static_user_filter (class=org.apache.hadoop.http.lib.StaticUserWebFilter$StaticUserFilter) to context hddsDatanode
2019-11-15 21:51:24,761 [main] INFO  http.HttpServer2 (HttpServer2.java:addFilter(958)) - Added filter static_user_filter (class=org.apache.hadoop.http.lib.StaticUserWebFilter$StaticUserFilter) to context static
2019-11-15 21:51:24,762 [main] INFO  http.HttpServer2 (HttpServer2.java:addFilter(958)) - Added filter static_user_filter (class=org.apache.hadoop.http.lib.StaticUserWebFilter$StaticUserFilter) to context logs
2019-11-15 21:51:24,762 [main] INFO  http.HttpServer2 (HttpServer2.java:bindListener(1191)) - Jetty bound to port 36308
2019-11-15 21:51:24,762 [main] INFO  server.Server (Server.java:doStart(351)) - jetty-9.3.25.v20180904, build timestamp: 2018-09-04T21:11:46Z, git hash: 3ce520221d0240229c862b122d2b06c12a625732
2019-11-15 21:51:24,764 [main] INFO  handler.ContextHandler (ContextHandler.java:doStart(781)) - Started o.e.j.s.ServletContextHandler@54495935{/logs,file:///workdir/hadoop-ozone/integration-test/target/log,AVAILABLE}
2019-11-15 21:51:24,764 [main] INFO  handler.ContextHandler (ContextHandler.java:doStart(781)) - Started o.e.j.s.ServletContextHandler@3a6e9856{/static,jar:file:/home/user/.m2/repository/org/apache/hadoop/hadoop-hdds-container-service/0.5.0-SNAPSHOT/hadoop-hdds-container-service-0.5.0-SNAPSHOT.jar!/webapps/static,AVAILABLE}
2019-11-15 21:51:24,796 [main] INFO  handler.ContextHandler (ContextHandler.java:doStart(781)) - Started o.e.j.w.WebAppContext@646d810b{/,file:///tmp/jetty-0.0.0.0-36308-hddsDatanode-_-any-2143910830808248457.dir/webapp/,AVAILABLE}{/hddsDatanode}
2019-11-15 21:51:24,797 [main] INFO  server.AbstractConnector (AbstractConnector.java:doStart(278)) - Started ServerConnector@30508066{HTTP/1.1,[http/1.1]}{0.0.0.0:36308}
2019-11-15 21:51:24,798 [main] INFO  server.Server (Server.java:doStart(419)) - Started @243523ms
2019-11-15 21:51:24,798 [main] WARN  impl.MetricsSystemImpl (MetricsSystemImpl.java:register(276)) - Sink prometheus already exists!
2019-11-15 21:51:24,799 [main] INFO  server.BaseHttpServer (BaseHttpServer.java:updateConnectorAddress(215)) - HTTP server of HDDSDATANODE is listening at http://0.0.0.0:36308
2019-11-15 21:51:24,799 [main] INFO  impl.MetricsSystemImpl (MetricsSystemImpl.java:init(158)) - HddsDatanode metrics system started (again)
2019-11-15 21:51:24,802 [org.apache.hadoop.util.JvmPauseMonitor$Monitor@7900837c] INFO  util.JvmPauseMonitor (JvmPauseMonitor.java:run(188)) - Starting JVM pause monitor
2019-11-15 21:51:24,802 [main] INFO  ozone.HddsDatanodeService (HddsDatanodeService.java:start(186)) - HddsDatanodeService host:pr-hdds-2493-5rwwl-1515842690 ip:192.168.164.223
2019-11-15 21:51:24,803 [Datanode State Machine Thread - 0] INFO  datanode.InitDatanodeState (InitDatanodeState.java:persistContainerDatanodeDetails(140)) - DatanodeDetails is persisted to /workdir/hadoop-ozone/integration-test/target/test-dir/MiniOzoneClusterImpl-e150a234-18da-4756-b2e5-8eb09f38746c/datanode-1/meta/datanode.id
2019-11-15 21:51:24,808 [main] INFO  volume.HddsVolume (HddsVolume.java:<init>(176)) - Creating Volume: /workdir/hadoop-ozone/integration-test/target/test-dir/MiniOzoneClusterImpl-e150a234-18da-4756-b2e5-8eb09f38746c/datanode-2/data/containers/hdds of  storage type : DISK and capacity : 1482555576320
2019-11-15 21:51:24,809 [main] INFO  volume.VolumeSet (VolumeSet.java:initializeVolumeSet(170)) - Added Volume : /workdir/hadoop-ozone/integration-test/target/test-dir/MiniOzoneClusterImpl-e150a234-18da-4756-b2e5-8eb09f38746c/datanode-2/data/containers/hdds to VolumeSet
2019-11-15 21:51:24,809 [main] INFO  volume.ThrottledAsyncChecker (ThrottledAsyncChecker.java:schedule(141)) - Scheduling a check for /workdir/hadoop-ozone/integration-test/target/test-dir/MiniOzoneClusterImpl-e150a234-18da-4756-b2e5-8eb09f38746c/datanode-2/data/containers/hdds
2019-11-15 21:51:24,809 [main] INFO  volume.HddsVolumeChecker (HddsVolumeChecker.java:checkAllVolumes(204)) - Scheduled health check for volume /workdir/hadoop-ozone/integration-test/target/test-dir/MiniOzoneClusterImpl-e150a234-18da-4756-b2e5-8eb09f38746c/datanode-2/data/containers/hdds
2019-11-15 21:51:24,823 [main] INFO  impl.RaftServerProxy (ConfUtils.java:logGet(43)) - raft.rpc.type = GRPC (default)
2019-11-15 21:51:24,823 [main] INFO  grpc.GrpcFactory (GrpcFactory.java:checkPooledByteBufAllocatorUseCacheForAllThreads(45)) - PERFORMANCE WARNING: useCacheForAllThreads is true that may cause Netty to create a lot garbage objects and, as a result, trigger GC.
	It is recommended to disable useCacheForAllThreads by setting -Dorg.apache.ratis.thirdparty.io.netty.allocator.useCacheForAllThreads=false in command line.
2019-11-15 21:51:24,823 [main] INFO  grpc.GrpcConfigKeys$Server (ConfUtils.java:logGet(43)) - raft.grpc.server.port = 0 (default)
2019-11-15 21:51:24,824 [main] INFO  server.GrpcService (ConfUtils.java:logGet(43)) - raft.grpc.message.size.max = 33570816 (custom)
2019-11-15 21:51:24,824 [main] INFO  server.RaftServerConfigKeys (ConfUtils.java:logGet(43)) - raft.server.log.appender.buffer.byte-limit = 33554432 (custom)
2019-11-15 21:51:24,824 [main] INFO  server.GrpcService (ConfUtils.java:logGet(43)) - raft.grpc.flow.control.window = 1MB (=1048576) (default)
2019-11-15 21:51:24,824 [main] INFO  server.RaftServerConfigKeys (ConfUtils.java:logGet(43)) - raft.server.rpc.request.timeout = 3000ms (default)
2019-11-15 21:51:24,825 [main] INFO  server.RaftServerConfigKeys (ConfUtils.java:logGet(43)) - raft.server.storage.dir = [/workdir/hadoop-ozone/integration-test/target/test-dir/MiniOzoneClusterImpl-e150a234-18da-4756-b2e5-8eb09f38746c/datanode-2/data/ratis] (custom)
2019-11-15 21:51:24,826 [main] INFO  hdfs.DFSUtil (DFSUtil.java:httpServerTemplateForNNAndJN(1641)) - Starting Web-server for hddsDatanode at: http://0.0.0.0:0
2019-11-15 21:51:24,828 [main] INFO  server.AuthenticationFilter (AuthenticationFilter.java:constructSecretProvider(240)) - Unable to initialize FileSignerSecretProvider, falling back to use random secrets.
2019-11-15 21:51:24,828 [main] WARN  http.HttpRequestLog (HttpRequestLog.java:getRequestLog(97)) - Jetty request log can only be enabled using Log4j
2019-11-15 21:51:24,830 [main] INFO  http.HttpServer2 (HttpServer2.java:addGlobalFilter(975)) - Added global filter 'safety' (class=org.apache.hadoop.http.HttpServer2$QuotingInputFilter)
2019-11-15 21:51:24,831 [main] INFO  http.HttpServer2 (HttpServer2.java:addFilter(948)) - Added filter static_user_filter (class=org.apache.hadoop.http.lib.StaticUserWebFilter$StaticUserFilter) to context hddsDatanode
2019-11-15 21:51:24,831 [main] INFO  http.HttpServer2 (HttpServer2.java:addFilter(958)) - Added filter static_user_filter (class=org.apache.hadoop.http.lib.StaticUserWebFilter$StaticUserFilter) to context static
2019-11-15 21:51:24,831 [main] INFO  http.HttpServer2 (HttpServer2.java:addFilter(958)) - Added filter static_user_filter (class=org.apache.hadoop.http.lib.StaticUserWebFilter$StaticUserFilter) to context logs
2019-11-15 21:51:24,832 [main] INFO  http.HttpServer2 (HttpServer2.java:bindListener(1191)) - Jetty bound to port 43385
2019-11-15 21:51:24,832 [main] INFO  server.Server (Server.java:doStart(351)) - jetty-9.3.25.v20180904, build timestamp: 2018-09-04T21:11:46Z, git hash: 3ce520221d0240229c862b122d2b06c12a625732
2019-11-15 21:51:24,834 [main] INFO  handler.ContextHandler (ContextHandler.java:doStart(781)) - Started o.e.j.s.ServletContextHandler@7b297740{/logs,file:///workdir/hadoop-ozone/integration-test/target/log,AVAILABLE}
2019-11-15 21:51:24,835 [main] INFO  handler.ContextHandler (ContextHandler.java:doStart(781)) - Started o.e.j.s.ServletContextHandler@57ce2898{/static,jar:file:/home/user/.m2/repository/org/apache/hadoop/hadoop-hdds-container-service/0.5.0-SNAPSHOT/hadoop-hdds-container-service-0.5.0-SNAPSHOT.jar!/webapps/static,AVAILABLE}
2019-11-15 21:51:24,874 [main] INFO  handler.ContextHandler (ContextHandler.java:doStart(781)) - Started o.e.j.w.WebAppContext@2f4d32bf{/,file:///tmp/jetty-0.0.0.0-43385-hddsDatanode-_-any-3716153563041907082.dir/webapp/,AVAILABLE}{/hddsDatanode}
2019-11-15 21:51:24,875 [main] INFO  server.AbstractConnector (AbstractConnector.java:doStart(278)) - Started ServerConnector@774d8276{HTTP/1.1,[http/1.1]}{0.0.0.0:43385}
2019-11-15 21:51:24,876 [main] INFO  server.Server (Server.java:doStart(419)) - Started @243601ms
2019-11-15 21:51:24,876 [main] WARN  impl.MetricsSystemImpl (MetricsSystemImpl.java:register(276)) - Sink prometheus already exists!
2019-11-15 21:51:24,877 [main] INFO  server.BaseHttpServer (BaseHttpServer.java:updateConnectorAddress(215)) - HTTP server of HDDSDATANODE is listening at http://0.0.0.0:43385
2019-11-15 21:51:24,877 [main] INFO  impl.MetricsSystemImpl (MetricsSystemImpl.java:init(158)) - HddsDatanode metrics system started (again)
2019-11-15 21:51:24,880 [main] INFO  ozone.HddsDatanodeService (HddsDatanodeService.java:start(186)) - HddsDatanodeService host:pr-hdds-2493-5rwwl-1515842690 ip:192.168.164.223
2019-11-15 21:51:24,880 [org.apache.hadoop.util.JvmPauseMonitor$Monitor@7de1912e] INFO  util.JvmPauseMonitor (JvmPauseMonitor.java:run(188)) - Starting JVM pause monitor
2019-11-15 21:51:24,881 [Datanode State Machine Thread - 0] INFO  datanode.InitDatanodeState (InitDatanodeState.java:persistContainerDatanodeDetails(140)) - DatanodeDetails is persisted to /workdir/hadoop-ozone/integration-test/target/test-dir/MiniOzoneClusterImpl-e150a234-18da-4756-b2e5-8eb09f38746c/datanode-2/meta/datanode.id
2019-11-15 21:51:24,888 [main] INFO  volume.HddsVolume (HddsVolume.java:<init>(176)) - Creating Volume: /workdir/hadoop-ozone/integration-test/target/test-dir/MiniOzoneClusterImpl-e150a234-18da-4756-b2e5-8eb09f38746c/datanode-3/data/containers/hdds of  storage type : DISK and capacity : 1482555576320
2019-11-15 21:51:24,898 [main] INFO  volume.VolumeSet (VolumeSet.java:initializeVolumeSet(170)) - Added Volume : /workdir/hadoop-ozone/integration-test/target/test-dir/MiniOzoneClusterImpl-e150a234-18da-4756-b2e5-8eb09f38746c/datanode-3/data/containers/hdds to VolumeSet
2019-11-15 21:51:24,898 [main] INFO  volume.ThrottledAsyncChecker (ThrottledAsyncChecker.java:schedule(141)) - Scheduling a check for /workdir/hadoop-ozone/integration-test/target/test-dir/MiniOzoneClusterImpl-e150a234-18da-4756-b2e5-8eb09f38746c/datanode-3/data/containers/hdds
2019-11-15 21:51:24,898 [main] INFO  volume.HddsVolumeChecker (HddsVolumeChecker.java:checkAllVolumes(204)) - Scheduled health check for volume /workdir/hadoop-ozone/integration-test/target/test-dir/MiniOzoneClusterImpl-e150a234-18da-4756-b2e5-8eb09f38746c/datanode-3/data/containers/hdds
2019-11-15 21:51:24,912 [main] INFO  impl.RaftServerProxy (ConfUtils.java:logGet(43)) - raft.rpc.type = GRPC (default)
2019-11-15 21:51:24,912 [main] INFO  grpc.GrpcFactory (GrpcFactory.java:checkPooledByteBufAllocatorUseCacheForAllThreads(45)) - PERFORMANCE WARNING: useCacheForAllThreads is true that may cause Netty to create a lot garbage objects and, as a result, trigger GC.
	It is recommended to disable useCacheForAllThreads by setting -Dorg.apache.ratis.thirdparty.io.netty.allocator.useCacheForAllThreads=false in command line.
2019-11-15 21:51:24,912 [main] INFO  grpc.GrpcConfigKeys$Server (ConfUtils.java:logGet(43)) - raft.grpc.server.port = 0 (default)
2019-11-15 21:51:24,913 [main] INFO  server.GrpcService (ConfUtils.java:logGet(43)) - raft.grpc.message.size.max = 33570816 (custom)
2019-11-15 21:51:24,913 [main] INFO  server.RaftServerConfigKeys (ConfUtils.java:logGet(43)) - raft.server.log.appender.buffer.byte-limit = 33554432 (custom)
2019-11-15 21:51:24,913 [main] INFO  server.GrpcService (ConfUtils.java:logGet(43)) - raft.grpc.flow.control.window = 1MB (=1048576) (default)
2019-11-15 21:51:24,913 [main] INFO  server.RaftServerConfigKeys (ConfUtils.java:logGet(43)) - raft.server.rpc.request.timeout = 3000ms (default)
2019-11-15 21:51:24,913 [main] INFO  server.RaftServerConfigKeys (ConfUtils.java:logGet(43)) - raft.server.storage.dir = [/workdir/hadoop-ozone/integration-test/target/test-dir/MiniOzoneClusterImpl-e150a234-18da-4756-b2e5-8eb09f38746c/datanode-3/data/ratis] (custom)
2019-11-15 21:51:24,915 [main] INFO  hdfs.DFSUtil (DFSUtil.java:httpServerTemplateForNNAndJN(1641)) - Starting Web-server for hddsDatanode at: http://0.0.0.0:0
2019-11-15 21:51:24,916 [main] INFO  server.AuthenticationFilter (AuthenticationFilter.java:constructSecretProvider(240)) - Unable to initialize FileSignerSecretProvider, falling back to use random secrets.
2019-11-15 21:51:24,916 [main] WARN  http.HttpRequestLog (HttpRequestLog.java:getRequestLog(97)) - Jetty request log can only be enabled using Log4j
2019-11-15 21:51:24,917 [main] INFO  http.HttpServer2 (HttpServer2.java:addGlobalFilter(975)) - Added global filter 'safety' (class=org.apache.hadoop.http.HttpServer2$QuotingInputFilter)
2019-11-15 21:51:24,918 [main] INFO  http.HttpServer2 (HttpServer2.java:addFilter(948)) - Added filter static_user_filter (class=org.apache.hadoop.http.lib.StaticUserWebFilter$StaticUserFilter) to context hddsDatanode
2019-11-15 21:51:24,918 [main] INFO  http.HttpServer2 (HttpServer2.java:addFilter(958)) - Added filter static_user_filter (class=org.apache.hadoop.http.lib.StaticUserWebFilter$StaticUserFilter) to context logs
2019-11-15 21:51:24,918 [main] INFO  http.HttpServer2 (HttpServer2.java:addFilter(958)) - Added filter static_user_filter (class=org.apache.hadoop.http.lib.StaticUserWebFilter$StaticUserFilter) to context static
2019-11-15 21:51:24,918 [main] INFO  http.HttpServer2 (HttpServer2.java:bindListener(1191)) - Jetty bound to port 39780
2019-11-15 21:51:24,919 [main] INFO  server.Server (Server.java:doStart(351)) - jetty-9.3.25.v20180904, build timestamp: 2018-09-04T21:11:46Z, git hash: 3ce520221d0240229c862b122d2b06c12a625732
2019-11-15 21:51:24,920 [main] INFO  handler.ContextHandler (ContextHandler.java:doStart(781)) - Started o.e.j.s.ServletContextHandler@5f5297e3{/logs,file:///workdir/hadoop-ozone/integration-test/target/log,AVAILABLE}
2019-11-15 21:51:24,920 [main] INFO  handler.ContextHandler (ContextHandler.java:doStart(781)) - Started o.e.j.s.ServletContextHandler@7ec3a8bd{/static,jar:file:/home/user/.m2/repository/org/apache/hadoop/hadoop-hdds-container-service/0.5.0-SNAPSHOT/hadoop-hdds-container-service-0.5.0-SNAPSHOT.jar!/webapps/static,AVAILABLE}
2019-11-15 21:51:24,948 [main] INFO  handler.ContextHandler (ContextHandler.java:doStart(781)) - Started o.e.j.w.WebAppContext@7ac5b4c{/,file:///tmp/jetty-0.0.0.0-39780-hddsDatanode-_-any-7372941514241293679.dir/webapp/,AVAILABLE}{/hddsDatanode}
2019-11-15 21:51:24,949 [main] INFO  server.AbstractConnector (AbstractConnector.java:doStart(278)) - Started ServerConnector@150fc7a7{HTTP/1.1,[http/1.1]}{0.0.0.0:39780}
2019-11-15 21:51:24,949 [main] INFO  server.Server (Server.java:doStart(419)) - Started @243674ms
2019-11-15 21:51:24,950 [main] WARN  impl.MetricsSystemImpl (MetricsSystemImpl.java:register(276)) - Sink prometheus already exists!
2019-11-15 21:51:24,951 [main] INFO  server.BaseHttpServer (BaseHttpServer.java:updateConnectorAddress(215)) - HTTP server of HDDSDATANODE is listening at http://0.0.0.0:39780
2019-11-15 21:51:24,951 [main] INFO  impl.MetricsSystemImpl (MetricsSystemImpl.java:init(158)) - HddsDatanode metrics system started (again)
2019-11-15 21:51:24,953 [org.apache.hadoop.util.JvmPauseMonitor$Monitor@7413e5c] INFO  util.JvmPauseMonitor (JvmPauseMonitor.java:run(188)) - Starting JVM pause monitor
2019-11-15 21:51:24,954 [main] INFO  ozone.HddsDatanodeService (HddsDatanodeService.java:start(186)) - HddsDatanodeService host:pr-hdds-2493-5rwwl-1515842690 ip:192.168.164.223
2019-11-15 21:51:24,955 [Datanode State Machine Thread - 0] INFO  datanode.InitDatanodeState (InitDatanodeState.java:persistContainerDatanodeDetails(140)) - DatanodeDetails is persisted to /workdir/hadoop-ozone/integration-test/target/test-dir/MiniOzoneClusterImpl-e150a234-18da-4756-b2e5-8eb09f38746c/datanode-3/meta/datanode.id
2019-11-15 21:51:24,959 [main] INFO  volume.HddsVolume (HddsVolume.java:<init>(176)) - Creating Volume: /workdir/hadoop-ozone/integration-test/target/test-dir/MiniOzoneClusterImpl-e150a234-18da-4756-b2e5-8eb09f38746c/datanode-4/data/containers/hdds of  storage type : DISK and capacity : 1482555576320
2019-11-15 21:51:24,960 [main] INFO  volume.VolumeSet (VolumeSet.java:initializeVolumeSet(170)) - Added Volume : /workdir/hadoop-ozone/integration-test/target/test-dir/MiniOzoneClusterImpl-e150a234-18da-4756-b2e5-8eb09f38746c/datanode-4/data/containers/hdds to VolumeSet
2019-11-15 21:51:24,960 [main] INFO  volume.ThrottledAsyncChecker (ThrottledAsyncChecker.java:schedule(141)) - Scheduling a check for /workdir/hadoop-ozone/integration-test/target/test-dir/MiniOzoneClusterImpl-e150a234-18da-4756-b2e5-8eb09f38746c/datanode-4/data/containers/hdds
2019-11-15 21:51:24,960 [main] INFO  volume.HddsVolumeChecker (HddsVolumeChecker.java:checkAllVolumes(204)) - Scheduled health check for volume /workdir/hadoop-ozone/integration-test/target/test-dir/MiniOzoneClusterImpl-e150a234-18da-4756-b2e5-8eb09f38746c/datanode-4/data/containers/hdds
2019-11-15 21:51:24,971 [main] INFO  impl.RaftServerProxy (ConfUtils.java:logGet(43)) - raft.rpc.type = GRPC (default)
2019-11-15 21:51:24,971 [main] INFO  grpc.GrpcFactory (GrpcFactory.java:checkPooledByteBufAllocatorUseCacheForAllThreads(45)) - PERFORMANCE WARNING: useCacheForAllThreads is true that may cause Netty to create a lot garbage objects and, as a result, trigger GC.
	It is recommended to disable useCacheForAllThreads by setting -Dorg.apache.ratis.thirdparty.io.netty.allocator.useCacheForAllThreads=false in command line.
2019-11-15 21:51:24,971 [main] INFO  grpc.GrpcConfigKeys$Server (ConfUtils.java:logGet(43)) - raft.grpc.server.port = 0 (default)
2019-11-15 21:51:24,972 [main] INFO  server.GrpcService (ConfUtils.java:logGet(43)) - raft.grpc.message.size.max = 33570816 (custom)
2019-11-15 21:51:24,972 [main] INFO  server.RaftServerConfigKeys (ConfUtils.java:logGet(43)) - raft.server.log.appender.buffer.byte-limit = 33554432 (custom)
2019-11-15 21:51:24,972 [main] INFO  server.GrpcService (ConfUtils.java:logGet(43)) - raft.grpc.flow.control.window = 1MB (=1048576) (default)
2019-11-15 21:51:24,972 [main] INFO  server.RaftServerConfigKeys (ConfUtils.java:logGet(43)) - raft.server.rpc.request.timeout = 3000ms (default)
2019-11-15 21:51:24,972 [main] INFO  server.RaftServerConfigKeys (ConfUtils.java:logGet(43)) - raft.server.storage.dir = [/workdir/hadoop-ozone/integration-test/target/test-dir/MiniOzoneClusterImpl-e150a234-18da-4756-b2e5-8eb09f38746c/datanode-4/data/ratis] (custom)
2019-11-15 21:51:24,974 [main] INFO  hdfs.DFSUtil (DFSUtil.java:httpServerTemplateForNNAndJN(1641)) - Starting Web-server for hddsDatanode at: http://0.0.0.0:0
2019-11-15 21:51:24,975 [main] INFO  server.AuthenticationFilter (AuthenticationFilter.java:constructSecretProvider(240)) - Unable to initialize FileSignerSecretProvider, falling back to use random secrets.
2019-11-15 21:51:24,975 [main] WARN  http.HttpRequestLog (HttpRequestLog.java:getRequestLog(97)) - Jetty request log can only be enabled using Log4j
2019-11-15 21:51:24,976 [main] INFO  http.HttpServer2 (HttpServer2.java:addGlobalFilter(975)) - Added global filter 'safety' (class=org.apache.hadoop.http.HttpServer2$QuotingInputFilter)
2019-11-15 21:51:24,976 [main] INFO  http.HttpServer2 (HttpServer2.java:addFilter(948)) - Added filter static_user_filter (class=org.apache.hadoop.http.lib.StaticUserWebFilter$StaticUserFilter) to context hddsDatanode
2019-11-15 21:51:24,976 [main] INFO  http.HttpServer2 (HttpServer2.java:addFilter(958)) - Added filter static_user_filter (class=org.apache.hadoop.http.lib.StaticUserWebFilter$StaticUserFilter) to context logs
2019-11-15 21:51:24,977 [main] INFO  http.HttpServer2 (HttpServer2.java:addFilter(958)) - Added filter static_user_filter (class=org.apache.hadoop.http.lib.StaticUserWebFilter$StaticUserFilter) to context static
2019-11-15 21:51:24,977 [main] INFO  http.HttpServer2 (HttpServer2.java:bindListener(1191)) - Jetty bound to port 36039
2019-11-15 21:51:24,977 [main] INFO  server.Server (Server.java:doStart(351)) - jetty-9.3.25.v20180904, build timestamp: 2018-09-04T21:11:46Z, git hash: 3ce520221d0240229c862b122d2b06c12a625732
2019-11-15 21:51:24,979 [main] INFO  handler.ContextHandler (ContextHandler.java:doStart(781)) - Started o.e.j.s.ServletContextHandler@7ac058a0{/logs,file:///workdir/hadoop-ozone/integration-test/target/log,AVAILABLE}
2019-11-15 21:51:24,979 [main] INFO  handler.ContextHandler (ContextHandler.java:doStart(781)) - Started o.e.j.s.ServletContextHandler@60deefed{/static,jar:file:/home/user/.m2/repository/org/apache/hadoop/hadoop-hdds-container-service/0.5.0-SNAPSHOT/hadoop-hdds-container-service-0.5.0-SNAPSHOT.jar!/webapps/static,AVAILABLE}
2019-11-15 21:51:25,007 [main] INFO  handler.ContextHandler (ContextHandler.java:doStart(781)) - Started o.e.j.w.WebAppContext@79be91eb{/,file:///tmp/jetty-0.0.0.0-36039-hddsDatanode-_-any-703387222475743578.dir/webapp/,AVAILABLE}{/hddsDatanode}
2019-11-15 21:51:25,008 [main] INFO  server.AbstractConnector (AbstractConnector.java:doStart(278)) - Started ServerConnector@626c569b{HTTP/1.1,[http/1.1]}{0.0.0.0:36039}
2019-11-15 21:51:25,009 [main] INFO  server.Server (Server.java:doStart(419)) - Started @243735ms
2019-11-15 21:51:25,009 [main] WARN  impl.MetricsSystemImpl (MetricsSystemImpl.java:register(276)) - Sink prometheus already exists!
2019-11-15 21:51:25,010 [main] INFO  server.BaseHttpServer (BaseHttpServer.java:updateConnectorAddress(215)) - HTTP server of HDDSDATANODE is listening at http://0.0.0.0:36039
2019-11-15 21:51:25,011 [main] INFO  impl.MetricsSystemImpl (MetricsSystemImpl.java:init(158)) - HddsDatanode metrics system started (again)
2019-11-15 21:51:25,014 [org.apache.hadoop.util.JvmPauseMonitor$Monitor@12821691] INFO  util.JvmPauseMonitor (JvmPauseMonitor.java:run(188)) - Starting JVM pause monitor
2019-11-15 21:51:25,014 [main] INFO  ozone.HddsDatanodeService (HddsDatanodeService.java:start(186)) - HddsDatanodeService host:pr-hdds-2493-5rwwl-1515842690 ip:192.168.164.223
2019-11-15 21:51:25,015 [Datanode State Machine Thread - 0] INFO  datanode.InitDatanodeState (InitDatanodeState.java:persistContainerDatanodeDetails(140)) - DatanodeDetails is persisted to /workdir/hadoop-ozone/integration-test/target/test-dir/MiniOzoneClusterImpl-e150a234-18da-4756-b2e5-8eb09f38746c/datanode-4/meta/datanode.id
2019-11-15 21:51:25,020 [main] INFO  volume.HddsVolume (HddsVolume.java:<init>(176)) - Creating Volume: /workdir/hadoop-ozone/integration-test/target/test-dir/MiniOzoneClusterImpl-e150a234-18da-4756-b2e5-8eb09f38746c/datanode-5/data/containers/hdds of  storage type : DISK and capacity : 1482555576320
2019-11-15 21:51:25,020 [main] INFO  volume.VolumeSet (VolumeSet.java:initializeVolumeSet(170)) - Added Volume : /workdir/hadoop-ozone/integration-test/target/test-dir/MiniOzoneClusterImpl-e150a234-18da-4756-b2e5-8eb09f38746c/datanode-5/data/containers/hdds to VolumeSet
2019-11-15 21:51:25,020 [main] INFO  volume.ThrottledAsyncChecker (ThrottledAsyncChecker.java:schedule(141)) - Scheduling a check for /workdir/hadoop-ozone/integration-test/target/test-dir/MiniOzoneClusterImpl-e150a234-18da-4756-b2e5-8eb09f38746c/datanode-5/data/containers/hdds
2019-11-15 21:51:25,021 [main] INFO  volume.HddsVolumeChecker (HddsVolumeChecker.java:checkAllVolumes(204)) - Scheduled health check for volume /workdir/hadoop-ozone/integration-test/target/test-dir/MiniOzoneClusterImpl-e150a234-18da-4756-b2e5-8eb09f38746c/datanode-5/data/containers/hdds
2019-11-15 21:51:25,033 [main] INFO  impl.RaftServerProxy (ConfUtils.java:logGet(43)) - raft.rpc.type = GRPC (default)
2019-11-15 21:51:25,033 [main] INFO  grpc.GrpcFactory (GrpcFactory.java:checkPooledByteBufAllocatorUseCacheForAllThreads(45)) - PERFORMANCE WARNING: useCacheForAllThreads is true that may cause Netty to create a lot garbage objects and, as a result, trigger GC.
	It is recommended to disable useCacheForAllThreads by setting -Dorg.apache.ratis.thirdparty.io.netty.allocator.useCacheForAllThreads=false in command line.
2019-11-15 21:51:25,034 [main] INFO  grpc.GrpcConfigKeys$Server (ConfUtils.java:logGet(43)) - raft.grpc.server.port = 0 (default)
2019-11-15 21:51:25,034 [main] INFO  server.GrpcService (ConfUtils.java:logGet(43)) - raft.grpc.message.size.max = 33570816 (custom)
2019-11-15 21:51:25,034 [main] INFO  server.RaftServerConfigKeys (ConfUtils.java:logGet(43)) - raft.server.log.appender.buffer.byte-limit = 33554432 (custom)
2019-11-15 21:51:25,034 [main] INFO  server.GrpcService (ConfUtils.java:logGet(43)) - raft.grpc.flow.control.window = 1MB (=1048576) (default)
2019-11-15 21:51:25,034 [main] INFO  server.RaftServerConfigKeys (ConfUtils.java:logGet(43)) - raft.server.rpc.request.timeout = 3000ms (default)
2019-11-15 21:51:25,035 [main] INFO  server.RaftServerConfigKeys (ConfUtils.java:logGet(43)) - raft.server.storage.dir = [/workdir/hadoop-ozone/integration-test/target/test-dir/MiniOzoneClusterImpl-e150a234-18da-4756-b2e5-8eb09f38746c/datanode-5/data/ratis] (custom)
2019-11-15 21:51:25,036 [main] INFO  hdfs.DFSUtil (DFSUtil.java:httpServerTemplateForNNAndJN(1641)) - Starting Web-server for hddsDatanode at: http://0.0.0.0:0
2019-11-15 21:51:25,037 [main] INFO  server.AuthenticationFilter (AuthenticationFilter.java:constructSecretProvider(240)) - Unable to initialize FileSignerSecretProvider, falling back to use random secrets.
2019-11-15 21:51:25,038 [main] WARN  http.HttpRequestLog (HttpRequestLog.java:getRequestLog(97)) - Jetty request log can only be enabled using Log4j
2019-11-15 21:51:25,039 [main] INFO  http.HttpServer2 (HttpServer2.java:addGlobalFilter(975)) - Added global filter 'safety' (class=org.apache.hadoop.http.HttpServer2$QuotingInputFilter)
2019-11-15 21:51:25,039 [main] INFO  http.HttpServer2 (HttpServer2.java:addFilter(948)) - Added filter static_user_filter (class=org.apache.hadoop.http.lib.StaticUserWebFilter$StaticUserFilter) to context hddsDatanode
2019-11-15 21:51:25,039 [main] INFO  http.HttpServer2 (HttpServer2.java:addFilter(958)) - Added filter static_user_filter (class=org.apache.hadoop.http.lib.StaticUserWebFilter$StaticUserFilter) to context static
2019-11-15 21:51:25,039 [main] INFO  http.HttpServer2 (HttpServer2.java:addFilter(958)) - Added filter static_user_filter (class=org.apache.hadoop.http.lib.StaticUserWebFilter$StaticUserFilter) to context logs
2019-11-15 21:51:25,040 [main] INFO  http.HttpServer2 (HttpServer2.java:bindListener(1191)) - Jetty bound to port 37877
2019-11-15 21:51:25,040 [main] INFO  server.Server (Server.java:doStart(351)) - jetty-9.3.25.v20180904, build timestamp: 2018-09-04T21:11:46Z, git hash: 3ce520221d0240229c862b122d2b06c12a625732
2019-11-15 21:51:25,042 [main] INFO  handler.ContextHandler (ContextHandler.java:doStart(781)) - Started o.e.j.s.ServletContextHandler@5b0902b4{/logs,file:///workdir/hadoop-ozone/integration-test/target/log,AVAILABLE}
2019-11-15 21:51:25,042 [main] INFO  handler.ContextHandler (ContextHandler.java:doStart(781)) - Started o.e.j.s.ServletContextHandler@2f04993d{/static,jar:file:/home/user/.m2/repository/org/apache/hadoop/hadoop-hdds-container-service/0.5.0-SNAPSHOT/hadoop-hdds-container-service-0.5.0-SNAPSHOT.jar!/webapps/static,AVAILABLE}
2019-11-15 21:51:25,079 [main] INFO  handler.ContextHandler (ContextHandler.java:doStart(781)) - Started o.e.j.w.WebAppContext@718989fa{/,file:///tmp/jetty-0.0.0.0-37877-hddsDatanode-_-any-4570793349183680281.dir/webapp/,AVAILABLE}{/hddsDatanode}
2019-11-15 21:51:25,079 [main] INFO  server.AbstractConnector (AbstractConnector.java:doStart(278)) - Started ServerConnector@69f080ad{HTTP/1.1,[http/1.1]}{0.0.0.0:37877}
2019-11-15 21:51:25,081 [main] INFO  server.Server (Server.java:doStart(419)) - Started @243807ms
2019-11-15 21:51:25,081 [main] WARN  impl.MetricsSystemImpl (MetricsSystemImpl.java:register(276)) - Sink prometheus already exists!
2019-11-15 21:51:25,082 [main] INFO  server.BaseHttpServer (BaseHttpServer.java:updateConnectorAddress(215)) - HTTP server of HDDSDATANODE is listening at http://0.0.0.0:37877
2019-11-15 21:51:25,083 [main] INFO  impl.MetricsSystemImpl (MetricsSystemImpl.java:init(158)) - HddsDatanode metrics system started (again)
2019-11-15 21:51:25,086 [org.apache.hadoop.util.JvmPauseMonitor$Monitor@3915c014] INFO  util.JvmPauseMonitor (JvmPauseMonitor.java:run(188)) - Starting JVM pause monitor
2019-11-15 21:51:25,086 [main] INFO  ozone.HddsDatanodeService (HddsDatanodeService.java:start(186)) - HddsDatanodeService host:pr-hdds-2493-5rwwl-1515842690 ip:192.168.164.223
2019-11-15 21:51:25,087 [Datanode State Machine Thread - 0] INFO  datanode.InitDatanodeState (InitDatanodeState.java:persistContainerDatanodeDetails(140)) - DatanodeDetails is persisted to /workdir/hadoop-ozone/integration-test/target/test-dir/MiniOzoneClusterImpl-e150a234-18da-4756-b2e5-8eb09f38746c/datanode-5/meta/datanode.id
2019-11-15 21:51:25,093 [main] INFO  volume.HddsVolume (HddsVolume.java:<init>(176)) - Creating Volume: /workdir/hadoop-ozone/integration-test/target/test-dir/MiniOzoneClusterImpl-e150a234-18da-4756-b2e5-8eb09f38746c/datanode-6/data/containers/hdds of  storage type : DISK and capacity : 1482555576320
2019-11-15 21:51:25,093 [main] INFO  volume.VolumeSet (VolumeSet.java:initializeVolumeSet(170)) - Added Volume : /workdir/hadoop-ozone/integration-test/target/test-dir/MiniOzoneClusterImpl-e150a234-18da-4756-b2e5-8eb09f38746c/datanode-6/data/containers/hdds to VolumeSet
2019-11-15 21:51:25,093 [main] INFO  volume.ThrottledAsyncChecker (ThrottledAsyncChecker.java:schedule(141)) - Scheduling a check for /workdir/hadoop-ozone/integration-test/target/test-dir/MiniOzoneClusterImpl-e150a234-18da-4756-b2e5-8eb09f38746c/datanode-6/data/containers/hdds
2019-11-15 21:51:25,094 [main] INFO  volume.HddsVolumeChecker (HddsVolumeChecker.java:checkAllVolumes(204)) - Scheduled health check for volume /workdir/hadoop-ozone/integration-test/target/test-dir/MiniOzoneClusterImpl-e150a234-18da-4756-b2e5-8eb09f38746c/datanode-6/data/containers/hdds
2019-11-15 21:51:25,109 [main] INFO  impl.RaftServerProxy (ConfUtils.java:logGet(43)) - raft.rpc.type = GRPC (default)
2019-11-15 21:51:25,109 [main] INFO  grpc.GrpcFactory (GrpcFactory.java:checkPooledByteBufAllocatorUseCacheForAllThreads(45)) - PERFORMANCE WARNING: useCacheForAllThreads is true that may cause Netty to create a lot garbage objects and, as a result, trigger GC.
	It is recommended to disable useCacheForAllThreads by setting -Dorg.apache.ratis.thirdparty.io.netty.allocator.useCacheForAllThreads=false in command line.
2019-11-15 21:51:25,109 [main] INFO  grpc.GrpcConfigKeys$Server (ConfUtils.java:logGet(43)) - raft.grpc.server.port = 0 (default)
2019-11-15 21:51:25,109 [main] INFO  server.GrpcService (ConfUtils.java:logGet(43)) - raft.grpc.message.size.max = 33570816 (custom)
2019-11-15 21:51:25,109 [main] INFO  server.RaftServerConfigKeys (ConfUtils.java:logGet(43)) - raft.server.log.appender.buffer.byte-limit = 33554432 (custom)
2019-11-15 21:51:25,110 [main] INFO  server.GrpcService (ConfUtils.java:logGet(43)) - raft.grpc.flow.control.window = 1MB (=1048576) (default)
2019-11-15 21:51:25,110 [main] INFO  server.RaftServerConfigKeys (ConfUtils.java:logGet(43)) - raft.server.rpc.request.timeout = 3000ms (default)
2019-11-15 21:51:25,110 [main] INFO  server.RaftServerConfigKeys (ConfUtils.java:logGet(43)) - raft.server.storage.dir = [/workdir/hadoop-ozone/integration-test/target/test-dir/MiniOzoneClusterImpl-e150a234-18da-4756-b2e5-8eb09f38746c/datanode-6/data/ratis] (custom)
2019-11-15 21:51:25,112 [main] INFO  hdfs.DFSUtil (DFSUtil.java:httpServerTemplateForNNAndJN(1641)) - Starting Web-server for hddsDatanode at: http://0.0.0.0:0
2019-11-15 21:51:25,113 [main] INFO  server.AuthenticationFilter (AuthenticationFilter.java:constructSecretProvider(240)) - Unable to initialize FileSignerSecretProvider, falling back to use random secrets.
2019-11-15 21:51:25,113 [main] WARN  http.HttpRequestLog (HttpRequestLog.java:getRequestLog(97)) - Jetty request log can only be enabled using Log4j
2019-11-15 21:51:25,115 [main] INFO  http.HttpServer2 (HttpServer2.java:addGlobalFilter(975)) - Added global filter 'safety' (class=org.apache.hadoop.http.HttpServer2$QuotingInputFilter)
2019-11-15 21:51:25,115 [main] INFO  http.HttpServer2 (HttpServer2.java:addFilter(948)) - Added filter static_user_filter (class=org.apache.hadoop.http.lib.StaticUserWebFilter$StaticUserFilter) to context hddsDatanode
2019-11-15 21:51:25,115 [main] INFO  http.HttpServer2 (HttpServer2.java:addFilter(958)) - Added filter static_user_filter (class=org.apache.hadoop.http.lib.StaticUserWebFilter$StaticUserFilter) to context logs
2019-11-15 21:51:25,115 [main] INFO  http.HttpServer2 (HttpServer2.java:addFilter(958)) - Added filter static_user_filter (class=org.apache.hadoop.http.lib.StaticUserWebFilter$StaticUserFilter) to context static
2019-11-15 21:51:25,116 [main] INFO  http.HttpServer2 (HttpServer2.java:bindListener(1191)) - Jetty bound to port 38235
2019-11-15 21:51:25,116 [main] INFO  server.Server (Server.java:doStart(351)) - jetty-9.3.25.v20180904, build timestamp: 2018-09-04T21:11:46Z, git hash: 3ce520221d0240229c862b122d2b06c12a625732
2019-11-15 21:51:25,118 [main] INFO  handler.ContextHandler (ContextHandler.java:doStart(781)) - Started o.e.j.s.ServletContextHandler@7cfb8e98{/logs,file:///workdir/hadoop-ozone/integration-test/target/log,AVAILABLE}
2019-11-15 21:51:25,118 [main] INFO  handler.ContextHandler (ContextHandler.java:doStart(781)) - Started o.e.j.s.ServletContextHandler@19002b34{/static,jar:file:/home/user/.m2/repository/org/apache/hadoop/hadoop-hdds-container-service/0.5.0-SNAPSHOT/hadoop-hdds-container-service-0.5.0-SNAPSHOT.jar!/webapps/static,AVAILABLE}
2019-11-15 21:51:25,163 [main] INFO  handler.ContextHandler (ContextHandler.java:doStart(781)) - Started o.e.j.w.WebAppContext@26fadd98{/,file:///tmp/jetty-0.0.0.0-38235-hddsDatanode-_-any-8274532018089767415.dir/webapp/,AVAILABLE}{/hddsDatanode}
2019-11-15 21:51:25,164 [main] INFO  server.AbstractConnector (AbstractConnector.java:doStart(278)) - Started ServerConnector@66451058{HTTP/1.1,[http/1.1]}{0.0.0.0:38235}
2019-11-15 21:51:25,165 [main] INFO  server.Server (Server.java:doStart(419)) - Started @243891ms
2019-11-15 21:51:25,165 [main] WARN  impl.MetricsSystemImpl (MetricsSystemImpl.java:register(276)) - Sink prometheus already exists!
2019-11-15 21:51:25,166 [main] INFO  server.BaseHttpServer (BaseHttpServer.java:updateConnectorAddress(215)) - HTTP server of HDDSDATANODE is listening at http://0.0.0.0:38235
2019-11-15 21:51:25,166 [main] INFO  impl.MetricsSystemImpl (MetricsSystemImpl.java:init(158)) - HddsDatanode metrics system started (again)
2019-11-15 21:51:25,170 [main] INFO  ozone.HddsDatanodeService (HddsDatanodeService.java:start(186)) - HddsDatanodeService host:pr-hdds-2493-5rwwl-1515842690 ip:192.168.164.223
2019-11-15 21:51:25,170 [org.apache.hadoop.util.JvmPauseMonitor$Monitor@3b36dab3] INFO  util.JvmPauseMonitor (JvmPauseMonitor.java:run(188)) - Starting JVM pause monitor
2019-11-15 21:51:25,172 [Datanode State Machine Thread - 0] INFO  datanode.InitDatanodeState (InitDatanodeState.java:persistContainerDatanodeDetails(140)) - DatanodeDetails is persisted to /workdir/hadoop-ozone/integration-test/target/test-dir/MiniOzoneClusterImpl-e150a234-18da-4756-b2e5-8eb09f38746c/datanode-6/meta/datanode.id
2019-11-15 21:51:25,176 [main] INFO  volume.HddsVolume (HddsVolume.java:<init>(176)) - Creating Volume: /workdir/hadoop-ozone/integration-test/target/test-dir/MiniOzoneClusterImpl-e150a234-18da-4756-b2e5-8eb09f38746c/datanode-7/data/containers/hdds of  storage type : DISK and capacity : 1482555576320
2019-11-15 21:51:25,176 [main] INFO  volume.VolumeSet (VolumeSet.java:initializeVolumeSet(170)) - Added Volume : /workdir/hadoop-ozone/integration-test/target/test-dir/MiniOzoneClusterImpl-e150a234-18da-4756-b2e5-8eb09f38746c/datanode-7/data/containers/hdds to VolumeSet
2019-11-15 21:51:25,176 [main] INFO  volume.ThrottledAsyncChecker (ThrottledAsyncChecker.java:schedule(141)) - Scheduling a check for /workdir/hadoop-ozone/integration-test/target/test-dir/MiniOzoneClusterImpl-e150a234-18da-4756-b2e5-8eb09f38746c/datanode-7/data/containers/hdds
2019-11-15 21:51:25,177 [main] INFO  volume.HddsVolumeChecker (HddsVolumeChecker.java:checkAllVolumes(204)) - Scheduled health check for volume /workdir/hadoop-ozone/integration-test/target/test-dir/MiniOzoneClusterImpl-e150a234-18da-4756-b2e5-8eb09f38746c/datanode-7/data/containers/hdds
2019-11-15 21:51:25,193 [main] INFO  impl.RaftServerProxy (ConfUtils.java:logGet(43)) - raft.rpc.type = GRPC (default)
2019-11-15 21:51:25,193 [main] INFO  grpc.GrpcFactory (GrpcFactory.java:checkPooledByteBufAllocatorUseCacheForAllThreads(45)) - PERFORMANCE WARNING: useCacheForAllThreads is true that may cause Netty to create a lot garbage objects and, as a result, trigger GC.
	It is recommended to disable useCacheForAllThreads by setting -Dorg.apache.ratis.thirdparty.io.netty.allocator.useCacheForAllThreads=false in command line.
2019-11-15 21:51:25,193 [main] INFO  grpc.GrpcConfigKeys$Server (ConfUtils.java:logGet(43)) - raft.grpc.server.port = 0 (default)
2019-11-15 21:51:25,193 [main] INFO  server.GrpcService (ConfUtils.java:logGet(43)) - raft.grpc.message.size.max = 33570816 (custom)
2019-11-15 21:51:25,193 [main] INFO  server.RaftServerConfigKeys (ConfUtils.java:logGet(43)) - raft.server.log.appender.buffer.byte-limit = 33554432 (custom)
2019-11-15 21:51:25,194 [main] INFO  server.GrpcService (ConfUtils.java:logGet(43)) - raft.grpc.flow.control.window = 1MB (=1048576) (default)
2019-11-15 21:51:25,194 [main] INFO  server.RaftServerConfigKeys (ConfUtils.java:logGet(43)) - raft.server.rpc.request.timeout = 3000ms (default)
2019-11-15 21:51:25,194 [main] INFO  server.RaftServerConfigKeys (ConfUtils.java:logGet(43)) - raft.server.storage.dir = [/workdir/hadoop-ozone/integration-test/target/test-dir/MiniOzoneClusterImpl-e150a234-18da-4756-b2e5-8eb09f38746c/datanode-7/data/ratis] (custom)
2019-11-15 21:51:25,196 [main] INFO  hdfs.DFSUtil (DFSUtil.java:httpServerTemplateForNNAndJN(1641)) - Starting Web-server for hddsDatanode at: http://0.0.0.0:0
2019-11-15 21:51:25,197 [main] INFO  server.AuthenticationFilter (AuthenticationFilter.java:constructSecretProvider(240)) - Unable to initialize FileSignerSecretProvider, falling back to use random secrets.
2019-11-15 21:51:25,197 [main] WARN  http.HttpRequestLog (HttpRequestLog.java:getRequestLog(97)) - Jetty request log can only be enabled using Log4j
2019-11-15 21:51:25,198 [main] INFO  http.HttpServer2 (HttpServer2.java:addGlobalFilter(975)) - Added global filter 'safety' (class=org.apache.hadoop.http.HttpServer2$QuotingInputFilter)
2019-11-15 21:51:25,199 [main] INFO  http.HttpServer2 (HttpServer2.java:addFilter(948)) - Added filter static_user_filter (class=org.apache.hadoop.http.lib.StaticUserWebFilter$StaticUserFilter) to context hddsDatanode
2019-11-15 21:51:25,199 [main] INFO  http.HttpServer2 (HttpServer2.java:addFilter(958)) - Added filter static_user_filter (class=org.apache.hadoop.http.lib.StaticUserWebFilter$StaticUserFilter) to context static
2019-11-15 21:51:25,199 [main] INFO  http.HttpServer2 (HttpServer2.java:addFilter(958)) - Added filter static_user_filter (class=org.apache.hadoop.http.lib.StaticUserWebFilter$StaticUserFilter) to context logs
2019-11-15 21:51:25,199 [main] INFO  http.HttpServer2 (HttpServer2.java:bindListener(1191)) - Jetty bound to port 39556
2019-11-15 21:51:25,199 [main] INFO  server.Server (Server.java:doStart(351)) - jetty-9.3.25.v20180904, build timestamp: 2018-09-04T21:11:46Z, git hash: 3ce520221d0240229c862b122d2b06c12a625732
2019-11-15 21:51:25,201 [main] INFO  handler.ContextHandler (ContextHandler.java:doStart(781)) - Started o.e.j.s.ServletContextHandler@1c74d19{/logs,file:///workdir/hadoop-ozone/integration-test/target/log,AVAILABLE}
2019-11-15 21:51:25,201 [main] INFO  handler.ContextHandler (ContextHandler.java:doStart(781)) - Started o.e.j.s.ServletContextHandler@71b97eeb{/static,jar:file:/home/user/.m2/repository/org/apache/hadoop/hadoop-hdds-container-service/0.5.0-SNAPSHOT/hadoop-hdds-container-service-0.5.0-SNAPSHOT.jar!/webapps/static,AVAILABLE}
2019-11-15 21:51:25,229 [main] INFO  handler.ContextHandler (ContextHandler.java:doStart(781)) - Started o.e.j.w.WebAppContext@1d99ee1b{/,file:///tmp/jetty-0.0.0.0-39556-hddsDatanode-_-any-6005868255808850191.dir/webapp/,AVAILABLE}{/hddsDatanode}
2019-11-15 21:51:25,229 [main] INFO  server.AbstractConnector (AbstractConnector.java:doStart(278)) - Started ServerConnector@3915e7c3{HTTP/1.1,[http/1.1]}{0.0.0.0:39556}
2019-11-15 21:51:25,230 [main] INFO  server.Server (Server.java:doStart(419)) - Started @243955ms
2019-11-15 21:51:25,231 [main] WARN  impl.MetricsSystemImpl (MetricsSystemImpl.java:register(276)) - Sink prometheus already exists!
2019-11-15 21:51:25,232 [main] INFO  server.BaseHttpServer (BaseHttpServer.java:updateConnectorAddress(215)) - HTTP server of HDDSDATANODE is listening at http://0.0.0.0:39556
2019-11-15 21:51:25,232 [main] INFO  impl.MetricsSystemImpl (MetricsSystemImpl.java:init(158)) - HddsDatanode metrics system started (again)
2019-11-15 21:51:25,235 [org.apache.hadoop.util.JvmPauseMonitor$Monitor@34080093] INFO  util.JvmPauseMonitor (JvmPauseMonitor.java:run(188)) - Starting JVM pause monitor
2019-11-15 21:51:25,236 [main] INFO  ozone.HddsDatanodeService (HddsDatanodeService.java:start(186)) - HddsDatanodeService host:pr-hdds-2493-5rwwl-1515842690 ip:192.168.164.223
2019-11-15 21:51:25,237 [Datanode State Machine Thread - 0] INFO  datanode.InitDatanodeState (InitDatanodeState.java:persistContainerDatanodeDetails(140)) - DatanodeDetails is persisted to /workdir/hadoop-ozone/integration-test/target/test-dir/MiniOzoneClusterImpl-e150a234-18da-4756-b2e5-8eb09f38746c/datanode-7/meta/datanode.id
2019-11-15 21:51:25,241 [main] INFO  volume.HddsVolume (HddsVolume.java:<init>(176)) - Creating Volume: /workdir/hadoop-ozone/integration-test/target/test-dir/MiniOzoneClusterImpl-e150a234-18da-4756-b2e5-8eb09f38746c/datanode-8/data/containers/hdds of  storage type : DISK and capacity : 1482555576320
2019-11-15 21:51:25,242 [main] INFO  volume.VolumeSet (VolumeSet.java:initializeVolumeSet(170)) - Added Volume : /workdir/hadoop-ozone/integration-test/target/test-dir/MiniOzoneClusterImpl-e150a234-18da-4756-b2e5-8eb09f38746c/datanode-8/data/containers/hdds to VolumeSet
2019-11-15 21:51:25,242 [main] INFO  volume.ThrottledAsyncChecker (ThrottledAsyncChecker.java:schedule(141)) - Scheduling a check for /workdir/hadoop-ozone/integration-test/target/test-dir/MiniOzoneClusterImpl-e150a234-18da-4756-b2e5-8eb09f38746c/datanode-8/data/containers/hdds
2019-11-15 21:51:25,242 [main] INFO  volume.HddsVolumeChecker (HddsVolumeChecker.java:checkAllVolumes(204)) - Scheduled health check for volume /workdir/hadoop-ozone/integration-test/target/test-dir/MiniOzoneClusterImpl-e150a234-18da-4756-b2e5-8eb09f38746c/datanode-8/data/containers/hdds
2019-11-15 21:51:25,254 [main] INFO  impl.RaftServerProxy (ConfUtils.java:logGet(43)) - raft.rpc.type = GRPC (default)
2019-11-15 21:51:25,254 [main] INFO  grpc.GrpcFactory (GrpcFactory.java:checkPooledByteBufAllocatorUseCacheForAllThreads(45)) - PERFORMANCE WARNING: useCacheForAllThreads is true that may cause Netty to create a lot garbage objects and, as a result, trigger GC.
	It is recommended to disable useCacheForAllThreads by setting -Dorg.apache.ratis.thirdparty.io.netty.allocator.useCacheForAllThreads=false in command line.
2019-11-15 21:51:25,255 [main] INFO  grpc.GrpcConfigKeys$Server (ConfUtils.java:logGet(43)) - raft.grpc.server.port = 0 (default)
2019-11-15 21:51:25,255 [main] INFO  server.GrpcService (ConfUtils.java:logGet(43)) - raft.grpc.message.size.max = 33570816 (custom)
2019-11-15 21:51:25,255 [main] INFO  server.RaftServerConfigKeys (ConfUtils.java:logGet(43)) - raft.server.log.appender.buffer.byte-limit = 33554432 (custom)
2019-11-15 21:51:25,255 [main] INFO  server.GrpcService (ConfUtils.java:logGet(43)) - raft.grpc.flow.control.window = 1MB (=1048576) (default)
2019-11-15 21:51:25,255 [main] INFO  server.RaftServerConfigKeys (ConfUtils.java:logGet(43)) - raft.server.rpc.request.timeout = 3000ms (default)
2019-11-15 21:51:25,256 [main] INFO  server.RaftServerConfigKeys (ConfUtils.java:logGet(43)) - raft.server.storage.dir = [/workdir/hadoop-ozone/integration-test/target/test-dir/MiniOzoneClusterImpl-e150a234-18da-4756-b2e5-8eb09f38746c/datanode-8/data/ratis] (custom)
2019-11-15 21:51:25,257 [main] INFO  hdfs.DFSUtil (DFSUtil.java:httpServerTemplateForNNAndJN(1641)) - Starting Web-server for hddsDatanode at: http://0.0.0.0:0
2019-11-15 21:51:25,258 [main] INFO  server.AuthenticationFilter (AuthenticationFilter.java:constructSecretProvider(240)) - Unable to initialize FileSignerSecretProvider, falling back to use random secrets.
2019-11-15 21:51:25,258 [main] WARN  http.HttpRequestLog (HttpRequestLog.java:getRequestLog(97)) - Jetty request log can only be enabled using Log4j
2019-11-15 21:51:25,259 [main] INFO  http.HttpServer2 (HttpServer2.java:addGlobalFilter(975)) - Added global filter 'safety' (class=org.apache.hadoop.http.HttpServer2$QuotingInputFilter)
2019-11-15 21:51:25,260 [main] INFO  http.HttpServer2 (HttpServer2.java:addFilter(948)) - Added filter static_user_filter (class=org.apache.hadoop.http.lib.StaticUserWebFilter$StaticUserFilter) to context hddsDatanode
2019-11-15 21:51:25,260 [main] INFO  http.HttpServer2 (HttpServer2.java:addFilter(958)) - Added filter static_user_filter (class=org.apache.hadoop.http.lib.StaticUserWebFilter$StaticUserFilter) to context static
2019-11-15 21:51:25,260 [main] INFO  http.HttpServer2 (HttpServer2.java:addFilter(958)) - Added filter static_user_filter (class=org.apache.hadoop.http.lib.StaticUserWebFilter$StaticUserFilter) to context logs
2019-11-15 21:51:25,260 [main] INFO  http.HttpServer2 (HttpServer2.java:bindListener(1191)) - Jetty bound to port 41911
2019-11-15 21:51:25,261 [main] INFO  server.Server (Server.java:doStart(351)) - jetty-9.3.25.v20180904, build timestamp: 2018-09-04T21:11:46Z, git hash: 3ce520221d0240229c862b122d2b06c12a625732
2019-11-15 21:51:25,262 [main] INFO  handler.ContextHandler (ContextHandler.java:doStart(781)) - Started o.e.j.s.ServletContextHandler@514377fc{/logs,file:///workdir/hadoop-ozone/integration-test/target/log,AVAILABLE}
2019-11-15 21:51:25,262 [main] INFO  handler.ContextHandler (ContextHandler.java:doStart(781)) - Started o.e.j.s.ServletContextHandler@7b5021d1{/static,jar:file:/home/user/.m2/repository/org/apache/hadoop/hadoop-hdds-container-service/0.5.0-SNAPSHOT/hadoop-hdds-container-service-0.5.0-SNAPSHOT.jar!/webapps/static,AVAILABLE}
2019-11-15 21:51:25,291 [main] INFO  handler.ContextHandler (ContextHandler.java:doStart(781)) - Started o.e.j.w.WebAppContext@a316f6b{/,file:///tmp/jetty-0.0.0.0-41911-hddsDatanode-_-any-7713313307189737225.dir/webapp/,AVAILABLE}{/hddsDatanode}
2019-11-15 21:51:25,291 [main] INFO  server.AbstractConnector (AbstractConnector.java:doStart(278)) - Started ServerConnector@63f9ddf9{HTTP/1.1,[http/1.1]}{0.0.0.0:41911}
2019-11-15 21:51:25,292 [main] INFO  server.Server (Server.java:doStart(419)) - Started @244017ms
2019-11-15 21:51:25,292 [main] WARN  impl.MetricsSystemImpl (MetricsSystemImpl.java:register(276)) - Sink prometheus already exists!
2019-11-15 21:51:25,293 [main] INFO  server.BaseHttpServer (BaseHttpServer.java:updateConnectorAddress(215)) - HTTP server of HDDSDATANODE is listening at http://0.0.0.0:41911
2019-11-15 21:51:25,293 [main] INFO  impl.MetricsSystemImpl (MetricsSystemImpl.java:init(158)) - HddsDatanode metrics system started (again)
2019-11-15 21:51:25,297 [main] INFO  ozone.HddsDatanodeService (HddsDatanodeService.java:start(186)) - HddsDatanodeService host:pr-hdds-2493-5rwwl-1515842690 ip:192.168.164.223
2019-11-15 21:51:25,297 [org.apache.hadoop.util.JvmPauseMonitor$Monitor@5f3bbdd9] INFO  util.JvmPauseMonitor (JvmPauseMonitor.java:run(188)) - Starting JVM pause monitor
2019-11-15 21:51:25,298 [Datanode State Machine Thread - 0] INFO  datanode.InitDatanodeState (InitDatanodeState.java:persistContainerDatanodeDetails(140)) - DatanodeDetails is persisted to /workdir/hadoop-ozone/integration-test/target/test-dir/MiniOzoneClusterImpl-e150a234-18da-4756-b2e5-8eb09f38746c/datanode-8/meta/datanode.id
2019-11-15 21:51:25,303 [main] INFO  volume.HddsVolume (HddsVolume.java:<init>(176)) - Creating Volume: /workdir/hadoop-ozone/integration-test/target/test-dir/MiniOzoneClusterImpl-e150a234-18da-4756-b2e5-8eb09f38746c/datanode-9/data/containers/hdds of  storage type : DISK and capacity : 1482555576320
2019-11-15 21:51:25,303 [main] INFO  volume.VolumeSet (VolumeSet.java:initializeVolumeSet(170)) - Added Volume : /workdir/hadoop-ozone/integration-test/target/test-dir/MiniOzoneClusterImpl-e150a234-18da-4756-b2e5-8eb09f38746c/datanode-9/data/containers/hdds to VolumeSet
2019-11-15 21:51:25,303 [main] INFO  volume.ThrottledAsyncChecker (ThrottledAsyncChecker.java:schedule(141)) - Scheduling a check for /workdir/hadoop-ozone/integration-test/target/test-dir/MiniOzoneClusterImpl-e150a234-18da-4756-b2e5-8eb09f38746c/datanode-9/data/containers/hdds
2019-11-15 21:51:25,304 [main] INFO  volume.HddsVolumeChecker (HddsVolumeChecker.java:checkAllVolumes(204)) - Scheduled health check for volume /workdir/hadoop-ozone/integration-test/target/test-dir/MiniOzoneClusterImpl-e150a234-18da-4756-b2e5-8eb09f38746c/datanode-9/data/containers/hdds
2019-11-15 21:51:25,314 [main] INFO  impl.RaftServerProxy (ConfUtils.java:logGet(43)) - raft.rpc.type = GRPC (default)
2019-11-15 21:51:25,315 [main] INFO  grpc.GrpcFactory (GrpcFactory.java:checkPooledByteBufAllocatorUseCacheForAllThreads(45)) - PERFORMANCE WARNING: useCacheForAllThreads is true that may cause Netty to create a lot garbage objects and, as a result, trigger GC.
	It is recommended to disable useCacheForAllThreads by setting -Dorg.apache.ratis.thirdparty.io.netty.allocator.useCacheForAllThreads=false in command line.
2019-11-15 21:51:25,315 [main] INFO  grpc.GrpcConfigKeys$Server (ConfUtils.java:logGet(43)) - raft.grpc.server.port = 0 (default)
2019-11-15 21:51:25,315 [main] INFO  server.GrpcService (ConfUtils.java:logGet(43)) - raft.grpc.message.size.max = 33570816 (custom)
2019-11-15 21:51:25,315 [main] INFO  server.RaftServerConfigKeys (ConfUtils.java:logGet(43)) - raft.server.log.appender.buffer.byte-limit = 33554432 (custom)
2019-11-15 21:51:25,315 [main] INFO  server.GrpcService (ConfUtils.java:logGet(43)) - raft.grpc.flow.control.window = 1MB (=1048576) (default)
2019-11-15 21:51:25,315 [main] INFO  server.RaftServerConfigKeys (ConfUtils.java:logGet(43)) - raft.server.rpc.request.timeout = 3000ms (default)
2019-11-15 21:51:25,316 [main] INFO  server.RaftServerConfigKeys (ConfUtils.java:logGet(43)) - raft.server.storage.dir = [/workdir/hadoop-ozone/integration-test/target/test-dir/MiniOzoneClusterImpl-e150a234-18da-4756-b2e5-8eb09f38746c/datanode-9/data/ratis] (custom)
2019-11-15 21:51:25,317 [main] INFO  hdfs.DFSUtil (DFSUtil.java:httpServerTemplateForNNAndJN(1641)) - Starting Web-server for hddsDatanode at: http://0.0.0.0:0
2019-11-15 21:51:25,318 [main] INFO  server.AuthenticationFilter (AuthenticationFilter.java:constructSecretProvider(240)) - Unable to initialize FileSignerSecretProvider, falling back to use random secrets.
2019-11-15 21:51:25,318 [main] WARN  http.HttpRequestLog (HttpRequestLog.java:getRequestLog(97)) - Jetty request log can only be enabled using Log4j
2019-11-15 21:51:25,319 [main] INFO  http.HttpServer2 (HttpServer2.java:addGlobalFilter(975)) - Added global filter 'safety' (class=org.apache.hadoop.http.HttpServer2$QuotingInputFilter)
2019-11-15 21:51:25,319 [main] INFO  http.HttpServer2 (HttpServer2.java:addFilter(948)) - Added filter static_user_filter (class=org.apache.hadoop.http.lib.StaticUserWebFilter$StaticUserFilter) to context hddsDatanode
2019-11-15 21:51:25,320 [main] INFO  http.HttpServer2 (HttpServer2.java:addFilter(958)) - Added filter static_user_filter (class=org.apache.hadoop.http.lib.StaticUserWebFilter$StaticUserFilter) to context static
2019-11-15 21:51:25,320 [main] INFO  http.HttpServer2 (HttpServer2.java:addFilter(958)) - Added filter static_user_filter (class=org.apache.hadoop.http.lib.StaticUserWebFilter$StaticUserFilter) to context logs
2019-11-15 21:51:25,320 [main] INFO  http.HttpServer2 (HttpServer2.java:bindListener(1191)) - Jetty bound to port 36693
2019-11-15 21:51:25,320 [main] INFO  server.Server (Server.java:doStart(351)) - jetty-9.3.25.v20180904, build timestamp: 2018-09-04T21:11:46Z, git hash: 3ce520221d0240229c862b122d2b06c12a625732
2019-11-15 21:51:25,322 [main] INFO  handler.ContextHandler (ContextHandler.java:doStart(781)) - Started o.e.j.s.ServletContextHandler@3ffd4b12{/logs,file:///workdir/hadoop-ozone/integration-test/target/log,AVAILABLE}
2019-11-15 21:51:25,322 [main] INFO  handler.ContextHandler (ContextHandler.java:doStart(781)) - Started o.e.j.s.ServletContextHandler@2ad7bd26{/static,jar:file:/home/user/.m2/repository/org/apache/hadoop/hadoop-hdds-container-service/0.5.0-SNAPSHOT/hadoop-hdds-container-service-0.5.0-SNAPSHOT.jar!/webapps/static,AVAILABLE}
2019-11-15 21:51:25,351 [main] INFO  handler.ContextHandler (ContextHandler.java:doStart(781)) - Started o.e.j.w.WebAppContext@12567179{/,file:///tmp/jetty-0.0.0.0-36693-hddsDatanode-_-any-6278998408643453061.dir/webapp/,AVAILABLE}{/hddsDatanode}
2019-11-15 21:51:25,351 [main] INFO  server.AbstractConnector (AbstractConnector.java:doStart(278)) - Started ServerConnector@37d699a1{HTTP/1.1,[http/1.1]}{0.0.0.0:36693}
2019-11-15 21:51:25,352 [main] INFO  server.Server (Server.java:doStart(419)) - Started @244078ms
2019-11-15 21:51:25,352 [main] WARN  impl.MetricsSystemImpl (MetricsSystemImpl.java:register(276)) - Sink prometheus already exists!
2019-11-15 21:51:25,353 [main] INFO  server.BaseHttpServer (BaseHttpServer.java:updateConnectorAddress(215)) - HTTP server of HDDSDATANODE is listening at http://0.0.0.0:36693
2019-11-15 21:51:25,353 [main] INFO  ozone.MiniOzoneClusterImpl (MiniOzoneClusterImpl.java:lambda$waitForClusterToBeReady$2(171)) - Waiting for cluster to be ready. Got 0 of 10 DN Heartbeats.
2019-11-15 21:51:25,354 [org.apache.hadoop.util.JvmPauseMonitor$Monitor@53c36cd1] INFO  util.JvmPauseMonitor (JvmPauseMonitor.java:run(188)) - Starting JVM pause monitor
2019-11-15 21:51:25,355 [Datanode State Machine Thread - 0] INFO  datanode.InitDatanodeState (InitDatanodeState.java:persistContainerDatanodeDetails(140)) - DatanodeDetails is persisted to /workdir/hadoop-ozone/integration-test/target/test-dir/MiniOzoneClusterImpl-e150a234-18da-4756-b2e5-8eb09f38746c/datanode-9/meta/datanode.id
2019-11-15 21:51:26,354 [main] INFO  ozone.MiniOzoneClusterImpl (MiniOzoneClusterImpl.java:lambda$waitForClusterToBeReady$2(171)) - Waiting for cluster to be ready. Got 0 of 10 DN Heartbeats.
2019-11-15 21:51:26,759 [Datanode State Machine Thread - 0] INFO  ozoneimpl.OzoneContainer (OzoneContainer.java:start(230)) - Attempting to start container services.
2019-11-15 21:51:26,760 [Datanode State Machine Thread - 0] INFO  ozoneimpl.OzoneContainer (OzoneContainer.java:startContainerScrub(194)) - Background container scanner has been disabled.
2019-11-15 21:51:26,760 [Datanode State Machine Thread - 0] INFO  ratis.XceiverServerRatis (XceiverServerRatis.java:start(421)) - Starting XceiverServerRatis 3ab85592-c721-41be-99a8-6d8df6ca420d at port 0
2019-11-15 21:51:26,767 [Datanode State Machine Thread - 0] INFO  impl.RaftServerProxy (RaftServerProxy.java:lambda$start$3(299)) - 3ab85592-c721-41be-99a8-6d8df6ca420d: start RPC server
2019-11-15 21:51:26,770 [Datanode State Machine Thread - 0] INFO  server.GrpcService (GrpcService.java:startImpl(158)) - 3ab85592-c721-41be-99a8-6d8df6ca420d: GrpcService started, listening on 0.0.0.0/0.0.0.0:38768
2019-11-15 21:51:26,770 [Datanode State Machine Thread - 0] INFO  ratis.XceiverServerRatis (XceiverServerRatis.java:start(431)) - XceiverServerRatis 3ab85592-c721-41be-99a8-6d8df6ca420d is started using port 38768
2019-11-15 21:51:26,775 [Datanode State Machine Thread - 0] INFO  server.XceiverServerGrpc (XceiverServerGrpc.java:start(145)) - XceiverServerGrpc 3ab85592-c721-41be-99a8-6d8df6ca420d is started using port 39239
2019-11-15 21:51:26,817 [Datanode State Machine Thread - 0] INFO  ozoneimpl.OzoneContainer (OzoneContainer.java:start(230)) - Attempting to start container services.
2019-11-15 21:51:26,817 [Datanode State Machine Thread - 0] INFO  ozoneimpl.OzoneContainer (OzoneContainer.java:startContainerScrub(194)) - Background container scanner has been disabled.
2019-11-15 21:51:26,817 [Datanode State Machine Thread - 0] INFO  ratis.XceiverServerRatis (XceiverServerRatis.java:start(421)) - Starting XceiverServerRatis 6fbcf556-c950-470a-b12c-d884793bba84 at port 0
2019-11-15 21:51:26,824 [Datanode State Machine Thread - 0] INFO  impl.RaftServerProxy (RaftServerProxy.java:lambda$start$3(299)) - 6fbcf556-c950-470a-b12c-d884793bba84: start RPC server
2019-11-15 21:51:26,826 [Datanode State Machine Thread - 0] INFO  server.GrpcService (GrpcService.java:startImpl(158)) - 6fbcf556-c950-470a-b12c-d884793bba84: GrpcService started, listening on 0.0.0.0/0.0.0.0:46779
2019-11-15 21:51:26,826 [Datanode State Machine Thread - 0] INFO  ratis.XceiverServerRatis (XceiverServerRatis.java:start(431)) - XceiverServerRatis 6fbcf556-c950-470a-b12c-d884793bba84 is started using port 46779
2019-11-15 21:51:26,828 [Datanode State Machine Thread - 0] INFO  server.XceiverServerGrpc (XceiverServerGrpc.java:start(145)) - XceiverServerGrpc 6fbcf556-c950-470a-b12c-d884793bba84 is started using port 35689
2019-11-15 21:51:26,898 [Datanode State Machine Thread - 0] INFO  ozoneimpl.OzoneContainer (OzoneContainer.java:start(230)) - Attempting to start container services.
2019-11-15 21:51:26,898 [Datanode State Machine Thread - 0] INFO  ozoneimpl.OzoneContainer (OzoneContainer.java:startContainerScrub(194)) - Background container scanner has been disabled.
2019-11-15 21:51:26,898 [Datanode State Machine Thread - 0] INFO  ratis.XceiverServerRatis (XceiverServerRatis.java:start(421)) - Starting XceiverServerRatis 3c01ffb1-b295-42d9-9874-9e0ba4053462 at port 0
2019-11-15 21:51:26,907 [Datanode State Machine Thread - 0] INFO  impl.RaftServerProxy (RaftServerProxy.java:lambda$start$3(299)) - 3c01ffb1-b295-42d9-9874-9e0ba4053462: start RPC server
2019-11-15 21:51:26,907 [Datanode State Machine Thread - 0] INFO  server.GrpcService (GrpcService.java:startImpl(158)) - 3c01ffb1-b295-42d9-9874-9e0ba4053462: GrpcService started, listening on 0.0.0.0/0.0.0.0:36934
2019-11-15 21:51:26,907 [Datanode State Machine Thread - 0] INFO  ratis.XceiverServerRatis (XceiverServerRatis.java:start(431)) - XceiverServerRatis 3c01ffb1-b295-42d9-9874-9e0ba4053462 is started using port 36934
2019-11-15 21:51:26,908 [Datanode State Machine Thread - 0] INFO  server.XceiverServerGrpc (XceiverServerGrpc.java:start(145)) - XceiverServerGrpc 3c01ffb1-b295-42d9-9874-9e0ba4053462 is started using port 42876
2019-11-15 21:51:26,968 [Datanode State Machine Thread - 0] INFO  ozoneimpl.OzoneContainer (OzoneContainer.java:start(230)) - Attempting to start container services.
2019-11-15 21:51:26,968 [Datanode State Machine Thread - 0] INFO  ozoneimpl.OzoneContainer (OzoneContainer.java:startContainerScrub(194)) - Background container scanner has been disabled.
2019-11-15 21:51:26,968 [Datanode State Machine Thread - 0] INFO  ratis.XceiverServerRatis (XceiverServerRatis.java:start(421)) - Starting XceiverServerRatis 25a1269d-d7cc-4acf-80e8-5992809da5ba at port 0
2019-11-15 21:51:26,974 [Datanode State Machine Thread - 0] INFO  impl.RaftServerProxy (RaftServerProxy.java:lambda$start$3(299)) - 25a1269d-d7cc-4acf-80e8-5992809da5ba: start RPC server
2019-11-15 21:51:26,975 [Datanode State Machine Thread - 0] INFO  server.GrpcService (GrpcService.java:startImpl(158)) - 25a1269d-d7cc-4acf-80e8-5992809da5ba: GrpcService started, listening on 0.0.0.0/0.0.0.0:46315
2019-11-15 21:51:26,975 [Datanode State Machine Thread - 0] INFO  ratis.XceiverServerRatis (XceiverServerRatis.java:start(431)) - XceiverServerRatis 25a1269d-d7cc-4acf-80e8-5992809da5ba is started using port 46315
2019-11-15 21:51:26,975 [Datanode State Machine Thread - 0] INFO  server.XceiverServerGrpc (XceiverServerGrpc.java:start(145)) - XceiverServerGrpc 25a1269d-d7cc-4acf-80e8-5992809da5ba is started using port 40003
2019-11-15 21:51:27,029 [Datanode State Machine Thread - 0] INFO  ozoneimpl.OzoneContainer (OzoneContainer.java:start(230)) - Attempting to start container services.
2019-11-15 21:51:27,029 [Datanode State Machine Thread - 0] INFO  ozoneimpl.OzoneContainer (OzoneContainer.java:startContainerScrub(194)) - Background container scanner has been disabled.
2019-11-15 21:51:27,029 [Datanode State Machine Thread - 0] INFO  ratis.XceiverServerRatis (XceiverServerRatis.java:start(421)) - Starting XceiverServerRatis dfb71ea8-5a43-4574-802a-eb8470866674 at port 0
2019-11-15 21:51:27,036 [Datanode State Machine Thread - 0] INFO  impl.RaftServerProxy (RaftServerProxy.java:lambda$start$3(299)) - dfb71ea8-5a43-4574-802a-eb8470866674: start RPC server
2019-11-15 21:51:27,039 [Datanode State Machine Thread - 0] INFO  server.GrpcService (GrpcService.java:startImpl(158)) - dfb71ea8-5a43-4574-802a-eb8470866674: GrpcService started, listening on 0.0.0.0/0.0.0.0:45914
2019-11-15 21:51:27,039 [Datanode State Machine Thread - 0] INFO  ratis.XceiverServerRatis (XceiverServerRatis.java:start(431)) - XceiverServerRatis dfb71ea8-5a43-4574-802a-eb8470866674 is started using port 45914
2019-11-15 21:51:27,039 [Datanode State Machine Thread - 0] INFO  server.XceiverServerGrpc (XceiverServerGrpc.java:start(145)) - XceiverServerGrpc dfb71ea8-5a43-4574-802a-eb8470866674 is started using port 37292
2019-11-15 21:51:27,100 [Datanode State Machine Thread - 0] INFO  ozoneimpl.OzoneContainer (OzoneContainer.java:start(230)) - Attempting to start container services.
2019-11-15 21:51:27,100 [Datanode State Machine Thread - 0] INFO  ozoneimpl.OzoneContainer (OzoneContainer.java:startContainerScrub(194)) - Background container scanner has been disabled.
2019-11-15 21:51:27,100 [Datanode State Machine Thread - 0] INFO  ratis.XceiverServerRatis (XceiverServerRatis.java:start(421)) - Starting XceiverServerRatis 81d95af4-28c6-42b2-8e7d-ef28ff90d39a at port 0
2019-11-15 21:51:27,109 [Datanode State Machine Thread - 0] INFO  impl.RaftServerProxy (RaftServerProxy.java:lambda$start$3(299)) - 81d95af4-28c6-42b2-8e7d-ef28ff90d39a: start RPC server
2019-11-15 21:51:27,111 [Datanode State Machine Thread - 0] INFO  server.GrpcService (GrpcService.java:startImpl(158)) - 81d95af4-28c6-42b2-8e7d-ef28ff90d39a: GrpcService started, listening on 0.0.0.0/0.0.0.0:42674
2019-11-15 21:51:27,111 [Datanode State Machine Thread - 0] INFO  ratis.XceiverServerRatis (XceiverServerRatis.java:start(431)) - XceiverServerRatis 81d95af4-28c6-42b2-8e7d-ef28ff90d39a is started using port 42674
2019-11-15 21:51:27,114 [Datanode State Machine Thread - 0] INFO  server.XceiverServerGrpc (XceiverServerGrpc.java:start(145)) - XceiverServerGrpc 81d95af4-28c6-42b2-8e7d-ef28ff90d39a is started using port 34644
2019-11-15 21:51:27,186 [Datanode State Machine Thread - 0] INFO  ozoneimpl.OzoneContainer (OzoneContainer.java:start(230)) - Attempting to start container services.
2019-11-15 21:51:27,187 [Datanode State Machine Thread - 0] INFO  ozoneimpl.OzoneContainer (OzoneContainer.java:startContainerScrub(194)) - Background container scanner has been disabled.
2019-11-15 21:51:27,187 [Datanode State Machine Thread - 0] INFO  ratis.XceiverServerRatis (XceiverServerRatis.java:start(421)) - Starting XceiverServerRatis 09667cd7-469d-4450-b7d6-bfa43032ac6a at port 0
2019-11-15 21:51:27,195 [Datanode State Machine Thread - 0] INFO  impl.RaftServerProxy (RaftServerProxy.java:lambda$start$3(299)) - 09667cd7-469d-4450-b7d6-bfa43032ac6a: start RPC server
2019-11-15 21:51:27,196 [Datanode State Machine Thread - 0] INFO  server.GrpcService (GrpcService.java:startImpl(158)) - 09667cd7-469d-4450-b7d6-bfa43032ac6a: GrpcService started, listening on 0.0.0.0/0.0.0.0:41749
2019-11-15 21:51:27,196 [Datanode State Machine Thread - 0] INFO  ratis.XceiverServerRatis (XceiverServerRatis.java:start(431)) - XceiverServerRatis 09667cd7-469d-4450-b7d6-bfa43032ac6a is started using port 41749
2019-11-15 21:51:27,197 [Datanode State Machine Thread - 0] INFO  server.XceiverServerGrpc (XceiverServerGrpc.java:start(145)) - XceiverServerGrpc 09667cd7-469d-4450-b7d6-bfa43032ac6a is started using port 41719
2019-11-15 21:51:27,247 [Datanode State Machine Thread - 0] INFO  ozoneimpl.OzoneContainer (OzoneContainer.java:start(230)) - Attempting to start container services.
2019-11-15 21:51:27,247 [Datanode State Machine Thread - 0] INFO  ozoneimpl.OzoneContainer (OzoneContainer.java:startContainerScrub(194)) - Background container scanner has been disabled.
2019-11-15 21:51:27,247 [Datanode State Machine Thread - 0] INFO  ratis.XceiverServerRatis (XceiverServerRatis.java:start(421)) - Starting XceiverServerRatis 5e156848-495c-4d88-99d1-5a745ca90ed0 at port 0
2019-11-15 21:51:27,253 [Datanode State Machine Thread - 0] INFO  impl.RaftServerProxy (RaftServerProxy.java:lambda$start$3(299)) - 5e156848-495c-4d88-99d1-5a745ca90ed0: start RPC server
2019-11-15 21:51:27,254 [Datanode State Machine Thread - 0] INFO  server.GrpcService (GrpcService.java:startImpl(158)) - 5e156848-495c-4d88-99d1-5a745ca90ed0: GrpcService started, listening on 0.0.0.0/0.0.0.0:41251
2019-11-15 21:51:27,254 [Datanode State Machine Thread - 0] INFO  ratis.XceiverServerRatis (XceiverServerRatis.java:start(431)) - XceiverServerRatis 5e156848-495c-4d88-99d1-5a745ca90ed0 is started using port 41251
2019-11-15 21:51:27,263 [Datanode State Machine Thread - 0] INFO  server.XceiverServerGrpc (XceiverServerGrpc.java:start(145)) - XceiverServerGrpc 5e156848-495c-4d88-99d1-5a745ca90ed0 is started using port 45237
2019-11-15 21:51:27,310 [Datanode State Machine Thread - 0] INFO  ozoneimpl.OzoneContainer (OzoneContainer.java:start(230)) - Attempting to start container services.
2019-11-15 21:51:27,311 [Datanode State Machine Thread - 0] INFO  ozoneimpl.OzoneContainer (OzoneContainer.java:startContainerScrub(194)) - Background container scanner has been disabled.
2019-11-15 21:51:27,311 [Datanode State Machine Thread - 0] INFO  ratis.XceiverServerRatis (XceiverServerRatis.java:start(421)) - Starting XceiverServerRatis 3eba0ff5-def1-46c6-a9bd-a10bbd02f1ce at port 0
2019-11-15 21:51:27,317 [Datanode State Machine Thread - 0] INFO  impl.RaftServerProxy (RaftServerProxy.java:lambda$start$3(299)) - 3eba0ff5-def1-46c6-a9bd-a10bbd02f1ce: start RPC server
2019-11-15 21:51:27,318 [Datanode State Machine Thread - 0] INFO  server.GrpcService (GrpcService.java:startImpl(158)) - 3eba0ff5-def1-46c6-a9bd-a10bbd02f1ce: GrpcService started, listening on 0.0.0.0/0.0.0.0:32938
2019-11-15 21:51:27,318 [Datanode State Machine Thread - 0] INFO  ratis.XceiverServerRatis (XceiverServerRatis.java:start(431)) - XceiverServerRatis 3eba0ff5-def1-46c6-a9bd-a10bbd02f1ce is started using port 32938
2019-11-15 21:51:27,318 [Datanode State Machine Thread - 0] INFO  server.XceiverServerGrpc (XceiverServerGrpc.java:start(145)) - XceiverServerGrpc 3eba0ff5-def1-46c6-a9bd-a10bbd02f1ce is started using port 40240
2019-11-15 21:51:27,354 [main] INFO  ozone.MiniOzoneClusterImpl (MiniOzoneClusterImpl.java:lambda$waitForClusterToBeReady$2(171)) - Waiting for cluster to be ready. Got 0 of 10 DN Heartbeats.
2019-11-15 21:51:27,358 [Datanode State Machine Thread - 0] INFO  ozoneimpl.OzoneContainer (OzoneContainer.java:start(230)) - Attempting to start container services.
2019-11-15 21:51:27,359 [Datanode State Machine Thread - 0] INFO  ozoneimpl.OzoneContainer (OzoneContainer.java:startContainerScrub(194)) - Background container scanner has been disabled.
2019-11-15 21:51:27,359 [Datanode State Machine Thread - 0] INFO  ratis.XceiverServerRatis (XceiverServerRatis.java:start(421)) - Starting XceiverServerRatis cd688886-394b-4fb5-85cc-1eab6f176edb at port 0
2019-11-15 21:51:27,364 [Datanode State Machine Thread - 0] INFO  impl.RaftServerProxy (RaftServerProxy.java:lambda$start$3(299)) - cd688886-394b-4fb5-85cc-1eab6f176edb: start RPC server
2019-11-15 21:51:27,365 [Datanode State Machine Thread - 0] INFO  server.GrpcService (GrpcService.java:startImpl(158)) - cd688886-394b-4fb5-85cc-1eab6f176edb: GrpcService started, listening on 0.0.0.0/0.0.0.0:33574
2019-11-15 21:51:27,365 [Datanode State Machine Thread - 0] INFO  ratis.XceiverServerRatis (XceiverServerRatis.java:start(431)) - XceiverServerRatis cd688886-394b-4fb5-85cc-1eab6f176edb is started using port 33574
2019-11-15 21:51:27,378 [Datanode State Machine Thread - 0] INFO  server.XceiverServerGrpc (XceiverServerGrpc.java:start(145)) - XceiverServerGrpc cd688886-394b-4fb5-85cc-1eab6f176edb is started using port 38689
2019-11-15 21:51:28,355 [main] INFO  ozone.MiniOzoneClusterImpl (MiniOzoneClusterImpl.java:lambda$waitForClusterToBeReady$2(171)) - Waiting for cluster to be ready. Got 0 of 10 DN Heartbeats.
2019-11-15 21:51:28,744 [IPC Server handler 8 on 44238] INFO  net.NetworkTopology (NetworkTopologyImpl.java:add(111)) - Added a new node: /rack1/3ab85592-c721-41be-99a8-6d8df6ca420d
2019-11-15 21:51:28,747 [IPC Server handler 8 on 44238] INFO  node.SCMNodeManager (SCMNodeManager.java:register(267)) - Registered Data node : 3ab85592-c721-41be-99a8-6d8df6ca420d{ip: 192.168.164.223, host: pr-hdds-2493-5rwwl-1515842690, networkLocation: /rack1, certSerialId: null}
2019-11-15 21:51:28,748 [EventQueue-NodeRegistrationContainerReportForDataNodeSafeModeRule] INFO  safemode.SCMSafeModeManager (DataNodeSafeModeRule.java:process(71)) - SCM in safe mode. 1 DataNodes registered, 1 required.
2019-11-15 21:51:28,750 [EventQueue-NodeRegistrationContainerReportForDataNodeSafeModeRule] INFO  safemode.SCMSafeModeManager (SCMSafeModeManager.java:validateSafeModeExitRules(177)) - ScmSafeModeManager, all rules are successfully validated
2019-11-15 21:51:28,750 [EventQueue-NodeRegistrationContainerReportForDataNodeSafeModeRule] INFO  safemode.SCMSafeModeManager (SCMSafeModeManager.java:exitSafeMode(193)) - SCM exiting safe mode.
2019-11-15 21:51:28,777 [grpc-default-executor-0] INFO  impl.RaftServerProxy (RaftServerProxy.java:addNew(89)) - 3ab85592-c721-41be-99a8-6d8df6ca420d: addNew group-D5D81C0EFDE9:[3ab85592-c721-41be-99a8-6d8df6ca420d:192.168.164.223:38768] returns group-D5D81C0EFDE9:java.util.concurrent.CompletableFuture@47a27581[Not completed]
2019-11-15 21:51:28,779 [pool-509-thread-1] INFO  impl.RaftServerImpl (RaftServerImpl.java:<init>(98)) - 3ab85592-c721-41be-99a8-6d8df6ca420d: new RaftServerImpl for group-D5D81C0EFDE9:[3ab85592-c721-41be-99a8-6d8df6ca420d:192.168.164.223:38768] with ContainerStateMachine:uninitialized
2019-11-15 21:51:28,779 [pool-509-thread-1] INFO  server.RaftServerConfigKeys (ConfUtils.java:logGet(43)) - raft.server.rpc.timeout.min = 1s (custom)
2019-11-15 21:51:28,779 [pool-509-thread-1] INFO  server.RaftServerConfigKeys (ConfUtils.java:logGet(43)) - raft.server.rpc.timeout.max = 1200ms (custom)
2019-11-15 21:51:28,779 [pool-509-thread-1] INFO  server.RaftServerConfigKeys (ConfUtils.java:logGet(43)) - raft.server.rpcslowness.timeout = 120s (custom)
2019-11-15 21:51:28,779 [pool-509-thread-1] INFO  server.RaftServerConfigKeys (ConfUtils.java:logGet(43)) - raft.server.sleep.deviation.threshold = 300 (default)
2019-11-15 21:51:28,779 [pool-509-thread-1] INFO  server.RaftServerConfigKeys (ConfUtils.java:logGet(43)) - raft.server.log.appender.install.snapshot.enabled = false (custom)
2019-11-15 21:51:28,779 [pool-509-thread-1] INFO  impl.RaftServerImpl (ServerState.java:<init>(103)) - 3ab85592-c721-41be-99a8-6d8df6ca420d@group-D5D81C0EFDE9: ConfigurationManager, init=-1: [3ab85592-c721-41be-99a8-6d8df6ca420d:192.168.164.223:38768], old=null, confs=<EMPTY_MAP>
2019-11-15 21:51:28,779 [pool-509-thread-1] INFO  server.RaftServerConfigKeys (ConfUtils.java:logGet(43)) - raft.server.storage.dir = [/workdir/hadoop-ozone/integration-test/target/test-dir/MiniOzoneClusterImpl-e150a234-18da-4756-b2e5-8eb09f38746c/datanode-0/data/ratis] (custom)
2019-11-15 21:51:28,780 [pool-509-thread-1] INFO  server.RaftServerConfigKeys (ConfUtils.java:logGet(43)) - raft.server.log.corruption.policy = EXCEPTION (default)
2019-11-15 21:51:28,780 [pool-509-thread-1] INFO  storage.RaftStorageDirectory (RaftStorageDirectory.java:analyzeStorage(246)) - The storage directory /workdir/hadoop-ozone/integration-test/target/test-dir/MiniOzoneClusterImpl-e150a234-18da-4756-b2e5-8eb09f38746c/datanode-0/data/ratis/64bc2754-255b-4c56-aa84-d5d81c0efde9 does not exist. Creating ...
2019-11-15 21:51:28,793 [pool-509-thread-1] INFO  storage.RaftStorageDirectory (RaftStorageDirectory.java:tryLock(328)) - Lock on /workdir/hadoop-ozone/integration-test/target/test-dir/MiniOzoneClusterImpl-e150a234-18da-4756-b2e5-8eb09f38746c/datanode-0/data/ratis/64bc2754-255b-4c56-aa84-d5d81c0efde9/in_use.lock acquired by nodename 4447@pr-hdds-2493-5rwwl-1515842690
2019-11-15 21:51:28,804 [IPC Server handler 9 on 44238] INFO  net.NetworkTopology (NetworkTopologyImpl.java:add(111)) - Added a new node: /rack1/6fbcf556-c950-470a-b12c-d884793bba84
2019-11-15 21:51:28,804 [IPC Server handler 9 on 44238] INFO  node.SCMNodeManager (SCMNodeManager.java:register(267)) - Registered Data node : 6fbcf556-c950-470a-b12c-d884793bba84{ip: 192.168.164.223, host: pr-hdds-2493-5rwwl-1515842690, networkLocation: /rack1, certSerialId: null}
2019-11-15 21:51:28,806 [pool-509-thread-1] INFO  storage.RaftStorage (RaftStorage.java:format(84)) - Storage directory /workdir/hadoop-ozone/integration-test/target/test-dir/MiniOzoneClusterImpl-e150a234-18da-4756-b2e5-8eb09f38746c/datanode-0/data/ratis/64bc2754-255b-4c56-aa84-d5d81c0efde9 has been successfully formatted.
2019-11-15 21:51:28,806 [pool-509-thread-1] INFO  ratis.ContainerStateMachine (ContainerStateMachine.java:loadSnapshot(223)) - group-D5D81C0EFDE9: The snapshot info is null. Setting the last applied indexto:(t:0, i:~)
2019-11-15 21:51:28,806 [pool-509-thread-1] INFO  server.RaftServerConfigKeys (ConfUtils.java:logGet(43)) - raft.server.notification.no-leader.timeout = 120s (custom)
2019-11-15 21:51:28,806 [pool-509-thread-1] INFO  server.RaftServerConfigKeys (ConfUtils.java:logGet(43)) - raft.server.log.use.memory = false (default)
2019-11-15 21:51:28,806 [pool-509-thread-1] INFO  server.RaftServerConfigKeys (ConfUtils.java:logGet(43)) - raft.server.log.purge.gap = 1000000 (custom)
2019-11-15 21:51:28,807 [pool-509-thread-1] INFO  server.RaftServerConfigKeys (ConfUtils.java:logGet(43)) - raft.server.log.appender.buffer.byte-limit = 33554432 (custom)
2019-11-15 21:51:28,807 [pool-509-thread-1] INFO  server.RaftServerConfigKeys (ConfUtils.java:logGet(43)) - raft.server.log.segment.size.max = 1048576 (custom)
2019-11-15 21:51:28,807 [pool-509-thread-1] WARN  impl.MetricRegistriesImpl (MetricRegistriesImpl.java:lambda$create$1(61)) - First MetricRegistry has been created without registering reporters. You may need to call MetricRegistries.global().addReportRegistration(...) before.
2019-11-15 21:51:28,807 [pool-509-thread-1] INFO  server.RaftServerConfigKeys (ConfUtils.java:logGet(43)) - raft.server.log.segment.cache.num.max = 2 (custom)
2019-11-15 21:51:28,807 [pool-509-thread-1] INFO  segmented.SegmentedRaftLogWorker (SegmentedRaftLogWorker.java:<init>(173)) - new 3ab85592-c721-41be-99a8-6d8df6ca420d@group-D5D81C0EFDE9-SegmentedRaftLogWorker for RaftStorage:Storage Directory /workdir/hadoop-ozone/integration-test/target/test-dir/MiniOzoneClusterImpl-e150a234-18da-4756-b2e5-8eb09f38746c/datanode-0/data/ratis/64bc2754-255b-4c56-aa84-d5d81c0efde9
2019-11-15 21:51:28,807 [pool-509-thread-1] INFO  server.RaftServerConfigKeys (ConfUtils.java:logGet(43)) - raft.server.log.queue.byte-limit = 2147483647 (custom)
2019-11-15 21:51:28,807 [pool-509-thread-1] INFO  server.RaftServerConfigKeys (ConfUtils.java:logGet(43)) - raft.server.log.queue.element-limit = 1024 (custom)
2019-11-15 21:51:28,807 [pool-509-thread-1] INFO  server.RaftServerConfigKeys (ConfUtils.java:logGet(43)) - raft.server.log.segment.size.max = 1048576 (custom)
2019-11-15 21:51:28,807 [pool-509-thread-1] INFO  server.RaftServerConfigKeys (ConfUtils.java:logGet(43)) - raft.server.log.preallocated.size = 16384 (custom)
2019-11-15 21:51:28,807 [pool-509-thread-1] INFO  server.RaftServerConfigKeys (ConfUtils.java:logGet(43)) - raft.server.log.write.buffer.size = 33554432 (custom)
2019-11-15 21:51:28,807 [pool-509-thread-1] INFO  server.RaftServerConfigKeys (ConfUtils.java:logGet(43)) - raft.server.log.force.sync.num = 128 (default)
2019-11-15 21:51:28,808 [pool-509-thread-1] INFO  server.RaftServerConfigKeys (ConfUtils.java:logGet(43)) - raft.server.log.statemachine.data.sync = true (default)
2019-11-15 21:51:28,808 [pool-509-thread-1] INFO  server.RaftServerConfigKeys (ConfUtils.java:logGet(43)) - raft.server.log.statemachine.data.sync.timeout = 10s (default)
2019-11-15 21:51:28,808 [pool-509-thread-1] INFO  server.RaftServerConfigKeys (ConfUtils.java:logGet(43)) - raft.server.log.statemachine.data.sync.timeout.retry = -1 (default)
2019-11-15 21:51:28,808 [pool-509-thread-1] INFO  server.RaftServerConfigKeys (ConfUtils.java:logGet(43)) - raft.server.log.statemachine.data.caching.enabled = true (custom)
2019-11-15 21:51:28,808 [pool-509-thread-1] INFO  segmented.SegmentedRaftLogWorker (SegmentedRaftLogWorker.java:lambda$new$0(128)) - 3ab85592-c721-41be-99a8-6d8df6ca420d@group-D5D81C0EFDE9-SegmentedRaftLogWorker: flushIndex: setUnconditionally 0 -> -1
2019-11-15 21:51:28,808 [pool-509-thread-1] INFO  server.RaftServerConfigKeys (ConfUtils.java:logGet(43)) - raft.server.snapshot.auto.trigger.enabled = true (custom)
2019-11-15 21:51:28,809 [pool-509-thread-1] INFO  server.RaftServerConfigKeys (ConfUtils.java:logGet(43)) - raft.server.snapshot.auto.trigger.threshold = 10000 (custom)
2019-11-15 21:51:28,809 [pool-509-thread-1] INFO  server.RaftServerConfigKeys (ConfUtils.java:logGet(43)) - raft.server.snapshot.retention.file.num = 5 (custom)
2019-11-15 21:51:28,809 [pool-509-thread-1] INFO  server.RaftServerConfigKeys (ConfUtils.java:logGet(43)) - raft.server.retrycache.expirytime = 600000ms (custom)
2019-11-15 21:51:28,809 [pool-509-thread-1] WARN  impl.MetricRegistriesImpl (MetricRegistriesImpl.java:lambda$create$1(61)) - First MetricRegistry has been created without registering reporters. You may need to call MetricRegistries.global().addReportRegistration(...) before.
2019-11-15 21:51:28,809 [pool-509-thread-1] WARN  impl.MetricRegistriesImpl (MetricRegistriesImpl.java:lambda$create$1(61)) - First MetricRegistry has been created without registering reporters. You may need to call MetricRegistries.global().addReportRegistration(...) before.
2019-11-15 21:51:28,809 [pool-509-thread-1] INFO  impl.RaftServerImpl (RaftServerImpl.java:start(184)) - 3ab85592-c721-41be-99a8-6d8df6ca420d@group-D5D81C0EFDE9: start as a follower, conf=-1: [3ab85592-c721-41be-99a8-6d8df6ca420d:192.168.164.223:38768], old=null
2019-11-15 21:51:28,809 [pool-509-thread-1] INFO  impl.RaftServerImpl (RaftServerImpl.java:setRole(173)) - 3ab85592-c721-41be-99a8-6d8df6ca420d@group-D5D81C0EFDE9: changes role from      null to FOLLOWER at term 0 for startAsFollower
2019-11-15 21:51:28,809 [pool-509-thread-1] INFO  impl.RoleInfo (RoleInfo.java:updateAndGet(143)) - 3ab85592-c721-41be-99a8-6d8df6ca420d: start FollowerState
2019-11-15 21:51:28,810 [pool-509-thread-1] INFO  util.JmxRegister (JmxRegister.java:tryRegister(44)) - Successfully registered JMX Bean with object name Ratis:service=RaftServer,group=group-D5D81C0EFDE9,id=3ab85592-c721-41be-99a8-6d8df6ca420d
2019-11-15 21:51:28,810 [pool-509-thread-1] WARN  impl.MetricRegistriesImpl (MetricRegistriesImpl.java:lambda$create$1(61)) - First MetricRegistry has been created without registering reporters. You may need to call MetricRegistries.global().addReportRegistration(...) before.
2019-11-15 21:51:28,814 [RatisPipelineUtilsThread] INFO  pipeline.PipelineStateManager (PipelineStateManager.java:addPipeline(55)) - Created pipeline Pipeline[ Id: 64bc2754-255b-4c56-aa84-d5d81c0efde9, Nodes: 3ab85592-c721-41be-99a8-6d8df6ca420d{ip: 192.168.164.223, host: pr-hdds-2493-5rwwl-1515842690, networkLocation: /rack1, certSerialId: null}, Type:RATIS, Factor:ONE, State:ALLOCATED]
2019-11-15 21:51:28,820 [grpc-default-executor-0] INFO  impl.RaftServerProxy (RaftServerProxy.java:addNew(89)) - 6fbcf556-c950-470a-b12c-d884793bba84: addNew group-2FCDD2926D66:[6fbcf556-c950-470a-b12c-d884793bba84:192.168.164.223:46779] returns group-2FCDD2926D66:java.util.concurrent.CompletableFuture@72352330[Not completed]
2019-11-15 21:51:28,821 [pool-519-thread-1] INFO  impl.RaftServerImpl (RaftServerImpl.java:<init>(98)) - 6fbcf556-c950-470a-b12c-d884793bba84: new RaftServerImpl for group-2FCDD2926D66:[6fbcf556-c950-470a-b12c-d884793bba84:192.168.164.223:46779] with ContainerStateMachine:uninitialized
2019-11-15 21:51:28,821 [pool-519-thread-1] INFO  server.RaftServerConfigKeys (ConfUtils.java:logGet(43)) - raft.server.rpc.timeout.min = 1s (custom)
2019-11-15 21:51:28,821 [pool-519-thread-1] INFO  server.RaftServerConfigKeys (ConfUtils.java:logGet(43)) - raft.server.rpc.timeout.max = 1200ms (custom)
2019-11-15 21:51:28,821 [pool-519-thread-1] INFO  server.RaftServerConfigKeys (ConfUtils.java:logGet(43)) - raft.server.rpcslowness.timeout = 120s (custom)
2019-11-15 21:51:28,821 [pool-519-thread-1] INFO  server.RaftServerConfigKeys (ConfUtils.java:logGet(43)) - raft.server.sleep.deviation.threshold = 300 (default)
2019-11-15 21:51:28,822 [pool-519-thread-1] INFO  server.RaftServerConfigKeys (ConfUtils.java:logGet(43)) - raft.server.log.appender.install.snapshot.enabled = false (custom)
2019-11-15 21:51:28,822 [pool-519-thread-1] INFO  impl.RaftServerImpl (ServerState.java:<init>(103)) - 6fbcf556-c950-470a-b12c-d884793bba84@group-2FCDD2926D66: ConfigurationManager, init=-1: [6fbcf556-c950-470a-b12c-d884793bba84:192.168.164.223:46779], old=null, confs=<EMPTY_MAP>
2019-11-15 21:51:28,822 [pool-519-thread-1] INFO  server.RaftServerConfigKeys (ConfUtils.java:logGet(43)) - raft.server.storage.dir = [/workdir/hadoop-ozone/integration-test/target/test-dir/MiniOzoneClusterImpl-e150a234-18da-4756-b2e5-8eb09f38746c/datanode-1/data/ratis] (custom)
2019-11-15 21:51:28,822 [pool-519-thread-1] INFO  server.RaftServerConfigKeys (ConfUtils.java:logGet(43)) - raft.server.log.corruption.policy = EXCEPTION (default)
2019-11-15 21:51:28,822 [pool-519-thread-1] INFO  storage.RaftStorageDirectory (RaftStorageDirectory.java:analyzeStorage(246)) - The storage directory /workdir/hadoop-ozone/integration-test/target/test-dir/MiniOzoneClusterImpl-e150a234-18da-4756-b2e5-8eb09f38746c/datanode-1/data/ratis/f177291a-af5b-4f1d-8fa7-2fcdd2926d66 does not exist. Creating ...
2019-11-15 21:51:28,836 [pool-519-thread-1] INFO  storage.RaftStorageDirectory (RaftStorageDirectory.java:tryLock(328)) - Lock on /workdir/hadoop-ozone/integration-test/target/test-dir/MiniOzoneClusterImpl-e150a234-18da-4756-b2e5-8eb09f38746c/datanode-1/data/ratis/f177291a-af5b-4f1d-8fa7-2fcdd2926d66/in_use.lock acquired by nodename 4447@pr-hdds-2493-5rwwl-1515842690
2019-11-15 21:51:28,857 [pool-519-thread-1] INFO  storage.RaftStorage (RaftStorage.java:format(84)) - Storage directory /workdir/hadoop-ozone/integration-test/target/test-dir/MiniOzoneClusterImpl-e150a234-18da-4756-b2e5-8eb09f38746c/datanode-1/data/ratis/f177291a-af5b-4f1d-8fa7-2fcdd2926d66 has been successfully formatted.
2019-11-15 21:51:28,857 [pool-519-thread-1] INFO  ratis.ContainerStateMachine (ContainerStateMachine.java:loadSnapshot(223)) - group-2FCDD2926D66: The snapshot info is null. Setting the last applied indexto:(t:0, i:~)
2019-11-15 21:51:28,857 [pool-519-thread-1] INFO  server.RaftServerConfigKeys (ConfUtils.java:logGet(43)) - raft.server.notification.no-leader.timeout = 120s (custom)
2019-11-15 21:51:28,857 [pool-519-thread-1] INFO  server.RaftServerConfigKeys (ConfUtils.java:logGet(43)) - raft.server.log.use.memory = false (default)
2019-11-15 21:51:28,858 [pool-519-thread-1] INFO  server.RaftServerConfigKeys (ConfUtils.java:logGet(43)) - raft.server.log.purge.gap = 1000000 (custom)
2019-11-15 21:51:28,858 [pool-519-thread-1] INFO  server.RaftServerConfigKeys (ConfUtils.java:logGet(43)) - raft.server.log.appender.buffer.byte-limit = 33554432 (custom)
2019-11-15 21:51:28,858 [pool-519-thread-1] INFO  server.RaftServerConfigKeys (ConfUtils.java:logGet(43)) - raft.server.log.segment.size.max = 1048576 (custom)
2019-11-15 21:51:28,858 [pool-519-thread-1] WARN  impl.MetricRegistriesImpl (MetricRegistriesImpl.java:lambda$create$1(61)) - First MetricRegistry has been created without registering reporters. You may need to call MetricRegistries.global().addReportRegistration(...) before.
2019-11-15 21:51:28,858 [pool-519-thread-1] INFO  server.RaftServerConfigKeys (ConfUtils.java:logGet(43)) - raft.server.log.segment.cache.num.max = 2 (custom)
2019-11-15 21:51:28,858 [pool-519-thread-1] INFO  segmented.SegmentedRaftLogWorker (SegmentedRaftLogWorker.java:<init>(173)) - new 6fbcf556-c950-470a-b12c-d884793bba84@group-2FCDD2926D66-SegmentedRaftLogWorker for RaftStorage:Storage Directory /workdir/hadoop-ozone/integration-test/target/test-dir/MiniOzoneClusterImpl-e150a234-18da-4756-b2e5-8eb09f38746c/datanode-1/data/ratis/f177291a-af5b-4f1d-8fa7-2fcdd2926d66
2019-11-15 21:51:28,858 [pool-519-thread-1] INFO  server.RaftServerConfigKeys (ConfUtils.java:logGet(43)) - raft.server.log.queue.byte-limit = 2147483647 (custom)
2019-11-15 21:51:28,858 [pool-519-thread-1] INFO  server.RaftServerConfigKeys (ConfUtils.java:logGet(43)) - raft.server.log.queue.element-limit = 1024 (custom)
2019-11-15 21:51:28,858 [pool-519-thread-1] INFO  server.RaftServerConfigKeys (ConfUtils.java:logGet(43)) - raft.server.log.segment.size.max = 1048576 (custom)
2019-11-15 21:51:28,858 [pool-519-thread-1] INFO  server.RaftServerConfigKeys (ConfUtils.java:logGet(43)) - raft.server.log.preallocated.size = 16384 (custom)
2019-11-15 21:51:28,859 [pool-519-thread-1] INFO  server.RaftServerConfigKeys (ConfUtils.java:logGet(43)) - raft.server.log.write.buffer.size = 33554432 (custom)
2019-11-15 21:51:28,859 [pool-519-thread-1] INFO  server.RaftServerConfigKeys (ConfUtils.java:logGet(43)) - raft.server.log.force.sync.num = 128 (default)
2019-11-15 21:51:28,859 [pool-519-thread-1] INFO  server.RaftServerConfigKeys (ConfUtils.java:logGet(43)) - raft.server.log.statemachine.data.sync = true (default)
2019-11-15 21:51:28,859 [pool-519-thread-1] INFO  server.RaftServerConfigKeys (ConfUtils.java:logGet(43)) - raft.server.log.statemachine.data.sync.timeout = 10s (default)
2019-11-15 21:51:28,859 [pool-519-thread-1] INFO  server.RaftServerConfigKeys (ConfUtils.java:logGet(43)) - raft.server.log.statemachine.data.sync.timeout.retry = -1 (default)
2019-11-15 21:51:28,859 [pool-519-thread-1] INFO  server.RaftServerConfigKeys (ConfUtils.java:logGet(43)) - raft.server.log.statemachine.data.caching.enabled = true (custom)
2019-11-15 21:51:28,859 [pool-519-thread-1] INFO  segmented.SegmentedRaftLogWorker (SegmentedRaftLogWorker.java:lambda$new$0(128)) - 6fbcf556-c950-470a-b12c-d884793bba84@group-2FCDD2926D66-SegmentedRaftLogWorker: flushIndex: setUnconditionally 0 -> -1
2019-11-15 21:51:28,860 [pool-519-thread-1] INFO  server.RaftServerConfigKeys (ConfUtils.java:logGet(43)) - raft.server.snapshot.auto.trigger.enabled = true (custom)
2019-11-15 21:51:28,860 [pool-519-thread-1] INFO  server.RaftServerConfigKeys (ConfUtils.java:logGet(43)) - raft.server.snapshot.auto.trigger.threshold = 10000 (custom)
2019-11-15 21:51:28,860 [pool-519-thread-1] INFO  server.RaftServerConfigKeys (ConfUtils.java:logGet(43)) - raft.server.snapshot.retention.file.num = 5 (custom)
2019-11-15 21:51:28,860 [pool-519-thread-1] INFO  server.RaftServerConfigKeys (ConfUtils.java:logGet(43)) - raft.server.retrycache.expirytime = 600000ms (custom)
2019-11-15 21:51:28,860 [pool-519-thread-1] WARN  impl.MetricRegistriesImpl (MetricRegistriesImpl.java:lambda$create$1(61)) - First MetricRegistry has been created without registering reporters. You may need to call MetricRegistries.global().addReportRegistration(...) before.
2019-11-15 21:51:28,860 [pool-519-thread-1] WARN  impl.MetricRegistriesImpl (MetricRegistriesImpl.java:lambda$create$1(61)) - First MetricRegistry has been created without registering reporters. You may need to call MetricRegistries.global().addReportRegistration(...) before.
2019-11-15 21:51:28,860 [pool-519-thread-1] INFO  impl.RaftServerImpl (RaftServerImpl.java:start(184)) - 6fbcf556-c950-470a-b12c-d884793bba84@group-2FCDD2926D66: start as a follower, conf=-1: [6fbcf556-c950-470a-b12c-d884793bba84:192.168.164.223:46779], old=null
2019-11-15 21:51:28,860 [pool-519-thread-1] INFO  impl.RaftServerImpl (RaftServerImpl.java:setRole(173)) - 6fbcf556-c950-470a-b12c-d884793bba84@group-2FCDD2926D66: changes role from      null to FOLLOWER at term 0 for startAsFollower
2019-11-15 21:51:28,860 [pool-519-thread-1] INFO  impl.RoleInfo (RoleInfo.java:updateAndGet(143)) - 6fbcf556-c950-470a-b12c-d884793bba84: start FollowerState
2019-11-15 21:51:28,861 [pool-519-thread-1] INFO  util.JmxRegister (JmxRegister.java:tryRegister(44)) - Successfully registered JMX Bean with object name Ratis:service=RaftServer,group=group-2FCDD2926D66,id=6fbcf556-c950-470a-b12c-d884793bba84
2019-11-15 21:51:28,861 [pool-519-thread-1] WARN  impl.MetricRegistriesImpl (MetricRegistriesImpl.java:lambda$create$1(61)) - First MetricRegistry has been created without registering reporters. You may need to call MetricRegistries.global().addReportRegistration(...) before.
2019-11-15 21:51:28,863 [RatisPipelineUtilsThread] INFO  pipeline.PipelineStateManager (PipelineStateManager.java:addPipeline(55)) - Created pipeline Pipeline[ Id: f177291a-af5b-4f1d-8fa7-2fcdd2926d66, Nodes: 6fbcf556-c950-470a-b12c-d884793bba84{ip: 192.168.164.223, host: pr-hdds-2493-5rwwl-1515842690, networkLocation: /rack1, certSerialId: null}, Type:RATIS, Factor:ONE, State:ALLOCATED]
2019-11-15 21:51:28,881 [IPC Server handler 6 on 44238] INFO  net.NetworkTopology (NetworkTopologyImpl.java:add(111)) - Added a new node: /rack1/3c01ffb1-b295-42d9-9874-9e0ba4053462
2019-11-15 21:51:28,881 [IPC Server handler 6 on 44238] INFO  node.SCMNodeManager (SCMNodeManager.java:register(267)) - Registered Data node : 3c01ffb1-b295-42d9-9874-9e0ba4053462{ip: 192.168.164.223, host: pr-hdds-2493-5rwwl-1515842690, networkLocation: /rack1, certSerialId: null}
2019-11-15 21:51:28,887 [grpc-default-executor-0] INFO  impl.RaftServerProxy (RaftServerProxy.java:addNew(89)) - 3c01ffb1-b295-42d9-9874-9e0ba4053462: addNew group-0C416375873C:[3c01ffb1-b295-42d9-9874-9e0ba4053462:192.168.164.223:36934] returns group-0C416375873C:java.util.concurrent.CompletableFuture@7e67d440[Not completed]
2019-11-15 21:51:28,888 [pool-529-thread-1] INFO  impl.RaftServerImpl (RaftServerImpl.java:<init>(98)) - 3c01ffb1-b295-42d9-9874-9e0ba4053462: new RaftServerImpl for group-0C416375873C:[3c01ffb1-b295-42d9-9874-9e0ba4053462:192.168.164.223:36934] with ContainerStateMachine:uninitialized
2019-11-15 21:51:28,888 [pool-529-thread-1] INFO  server.RaftServerConfigKeys (ConfUtils.java:logGet(43)) - raft.server.rpc.timeout.min = 1s (custom)
2019-11-15 21:51:28,888 [pool-529-thread-1] INFO  server.RaftServerConfigKeys (ConfUtils.java:logGet(43)) - raft.server.rpc.timeout.max = 1200ms (custom)
2019-11-15 21:51:28,889 [pool-529-thread-1] INFO  server.RaftServerConfigKeys (ConfUtils.java:logGet(43)) - raft.server.rpcslowness.timeout = 120s (custom)
2019-11-15 21:51:28,889 [pool-529-thread-1] INFO  server.RaftServerConfigKeys (ConfUtils.java:logGet(43)) - raft.server.sleep.deviation.threshold = 300 (default)
2019-11-15 21:51:28,889 [pool-529-thread-1] INFO  server.RaftServerConfigKeys (ConfUtils.java:logGet(43)) - raft.server.log.appender.install.snapshot.enabled = false (custom)
2019-11-15 21:51:28,889 [pool-529-thread-1] INFO  impl.RaftServerImpl (ServerState.java:<init>(103)) - 3c01ffb1-b295-42d9-9874-9e0ba4053462@group-0C416375873C: ConfigurationManager, init=-1: [3c01ffb1-b295-42d9-9874-9e0ba4053462:192.168.164.223:36934], old=null, confs=<EMPTY_MAP>
2019-11-15 21:51:28,889 [pool-529-thread-1] INFO  server.RaftServerConfigKeys (ConfUtils.java:logGet(43)) - raft.server.storage.dir = [/workdir/hadoop-ozone/integration-test/target/test-dir/MiniOzoneClusterImpl-e150a234-18da-4756-b2e5-8eb09f38746c/datanode-2/data/ratis] (custom)
2019-11-15 21:51:28,889 [pool-529-thread-1] INFO  server.RaftServerConfigKeys (ConfUtils.java:logGet(43)) - raft.server.log.corruption.policy = EXCEPTION (default)
2019-11-15 21:51:28,889 [pool-529-thread-1] INFO  storage.RaftStorageDirectory (RaftStorageDirectory.java:analyzeStorage(246)) - The storage directory /workdir/hadoop-ozone/integration-test/target/test-dir/MiniOzoneClusterImpl-e150a234-18da-4756-b2e5-8eb09f38746c/datanode-2/data/ratis/a66070c3-3697-473e-b382-0c416375873c does not exist. Creating ...
2019-11-15 21:51:28,902 [pool-529-thread-1] INFO  storage.RaftStorageDirectory (RaftStorageDirectory.java:tryLock(328)) - Lock on /workdir/hadoop-ozone/integration-test/target/test-dir/MiniOzoneClusterImpl-e150a234-18da-4756-b2e5-8eb09f38746c/datanode-2/data/ratis/a66070c3-3697-473e-b382-0c416375873c/in_use.lock acquired by nodename 4447@pr-hdds-2493-5rwwl-1515842690
2019-11-15 21:51:28,914 [pool-529-thread-1] INFO  storage.RaftStorage (RaftStorage.java:format(84)) - Storage directory /workdir/hadoop-ozone/integration-test/target/test-dir/MiniOzoneClusterImpl-e150a234-18da-4756-b2e5-8eb09f38746c/datanode-2/data/ratis/a66070c3-3697-473e-b382-0c416375873c has been successfully formatted.
2019-11-15 21:51:28,915 [pool-529-thread-1] INFO  ratis.ContainerStateMachine (ContainerStateMachine.java:loadSnapshot(223)) - group-0C416375873C: The snapshot info is null. Setting the last applied indexto:(t:0, i:~)
2019-11-15 21:51:28,915 [pool-529-thread-1] INFO  server.RaftServerConfigKeys (ConfUtils.java:logGet(43)) - raft.server.notification.no-leader.timeout = 120s (custom)
2019-11-15 21:51:28,915 [pool-529-thread-1] INFO  server.RaftServerConfigKeys (ConfUtils.java:logGet(43)) - raft.server.log.use.memory = false (default)
2019-11-15 21:51:28,915 [pool-529-thread-1] INFO  server.RaftServerConfigKeys (ConfUtils.java:logGet(43)) - raft.server.log.purge.gap = 1000000 (custom)
2019-11-15 21:51:28,915 [pool-529-thread-1] INFO  server.RaftServerConfigKeys (ConfUtils.java:logGet(43)) - raft.server.log.appender.buffer.byte-limit = 33554432 (custom)
2019-11-15 21:51:28,915 [pool-529-thread-1] INFO  server.RaftServerConfigKeys (ConfUtils.java:logGet(43)) - raft.server.log.segment.size.max = 1048576 (custom)
2019-11-15 21:51:28,915 [pool-529-thread-1] WARN  impl.MetricRegistriesImpl (MetricRegistriesImpl.java:lambda$create$1(61)) - First MetricRegistry has been created without registering reporters. You may need to call MetricRegistries.global().addReportRegistration(...) before.
2019-11-15 21:51:28,915 [pool-529-thread-1] INFO  server.RaftServerConfigKeys (ConfUtils.java:logGet(43)) - raft.server.log.segment.cache.num.max = 2 (custom)
2019-11-15 21:51:28,915 [pool-529-thread-1] INFO  segmented.SegmentedRaftLogWorker (SegmentedRaftLogWorker.java:<init>(173)) - new 3c01ffb1-b295-42d9-9874-9e0ba4053462@group-0C416375873C-SegmentedRaftLogWorker for RaftStorage:Storage Directory /workdir/hadoop-ozone/integration-test/target/test-dir/MiniOzoneClusterImpl-e150a234-18da-4756-b2e5-8eb09f38746c/datanode-2/data/ratis/a66070c3-3697-473e-b382-0c416375873c
2019-11-15 21:51:28,915 [pool-529-thread-1] INFO  server.RaftServerConfigKeys (ConfUtils.java:logGet(43)) - raft.server.log.queue.byte-limit = 2147483647 (custom)
2019-11-15 21:51:28,916 [pool-529-thread-1] INFO  server.RaftServerConfigKeys (ConfUtils.java:logGet(43)) - raft.server.log.queue.element-limit = 1024 (custom)
2019-11-15 21:51:28,916 [pool-529-thread-1] INFO  server.RaftServerConfigKeys (ConfUtils.java:logGet(43)) - raft.server.log.segment.size.max = 1048576 (custom)
2019-11-15 21:51:28,916 [pool-529-thread-1] INFO  server.RaftServerConfigKeys (ConfUtils.java:logGet(43)) - raft.server.log.preallocated.size = 16384 (custom)
2019-11-15 21:51:28,916 [pool-529-thread-1] INFO  server.RaftServerConfigKeys (ConfUtils.java:logGet(43)) - raft.server.log.write.buffer.size = 33554432 (custom)
2019-11-15 21:51:28,916 [pool-529-thread-1] INFO  server.RaftServerConfigKeys (ConfUtils.java:logGet(43)) - raft.server.log.force.sync.num = 128 (default)
2019-11-15 21:51:28,916 [pool-529-thread-1] INFO  server.RaftServerConfigKeys (ConfUtils.java:logGet(43)) - raft.server.log.statemachine.data.sync = true (default)
2019-11-15 21:51:28,916 [pool-529-thread-1] INFO  server.RaftServerConfigKeys (ConfUtils.java:logGet(43)) - raft.server.log.statemachine.data.sync.timeout = 10s (default)
2019-11-15 21:51:28,916 [pool-529-thread-1] INFO  server.RaftServerConfigKeys (ConfUtils.java:logGet(43)) - raft.server.log.statemachine.data.sync.timeout.retry = -1 (default)
2019-11-15 21:51:28,916 [pool-529-thread-1] INFO  server.RaftServerConfigKeys (ConfUtils.java:logGet(43)) - raft.server.log.statemachine.data.caching.enabled = true (custom)
2019-11-15 21:51:28,917 [pool-529-thread-1] INFO  segmented.SegmentedRaftLogWorker (SegmentedRaftLogWorker.java:lambda$new$0(128)) - 3c01ffb1-b295-42d9-9874-9e0ba4053462@group-0C416375873C-SegmentedRaftLogWorker: flushIndex: setUnconditionally 0 -> -1
2019-11-15 21:51:28,917 [pool-529-thread-1] INFO  server.RaftServerConfigKeys (ConfUtils.java:logGet(43)) - raft.server.snapshot.auto.trigger.enabled = true (custom)
2019-11-15 21:51:28,917 [pool-529-thread-1] INFO  server.RaftServerConfigKeys (ConfUtils.java:logGet(43)) - raft.server.snapshot.auto.trigger.threshold = 10000 (custom)
2019-11-15 21:51:28,917 [pool-529-thread-1] INFO  server.RaftServerConfigKeys (ConfUtils.java:logGet(43)) - raft.server.snapshot.retention.file.num = 5 (custom)
2019-11-15 21:51:28,917 [pool-529-thread-1] INFO  server.RaftServerConfigKeys (ConfUtils.java:logGet(43)) - raft.server.retrycache.expirytime = 600000ms (custom)
2019-11-15 21:51:28,917 [pool-529-thread-1] WARN  impl.MetricRegistriesImpl (MetricRegistriesImpl.java:lambda$create$1(61)) - First MetricRegistry has been created without registering reporters. You may need to call MetricRegistries.global().addReportRegistration(...) before.
2019-11-15 21:51:28,917 [pool-529-thread-1] WARN  impl.MetricRegistriesImpl (MetricRegistriesImpl.java:lambda$create$1(61)) - First MetricRegistry has been created without registering reporters. You may need to call MetricRegistries.global().addReportRegistration(...) before.
2019-11-15 21:51:28,918 [pool-529-thread-1] INFO  impl.RaftServerImpl (RaftServerImpl.java:start(184)) - 3c01ffb1-b295-42d9-9874-9e0ba4053462@group-0C416375873C: start as a follower, conf=-1: [3c01ffb1-b295-42d9-9874-9e0ba4053462:192.168.164.223:36934], old=null
2019-11-15 21:51:28,918 [pool-529-thread-1] INFO  impl.RaftServerImpl (RaftServerImpl.java:setRole(173)) - 3c01ffb1-b295-42d9-9874-9e0ba4053462@group-0C416375873C: changes role from      null to FOLLOWER at term 0 for startAsFollower
2019-11-15 21:51:28,918 [pool-529-thread-1] INFO  impl.RoleInfo (RoleInfo.java:updateAndGet(143)) - 3c01ffb1-b295-42d9-9874-9e0ba4053462: start FollowerState
2019-11-15 21:51:28,918 [pool-529-thread-1] INFO  util.JmxRegister (JmxRegister.java:tryRegister(44)) - Successfully registered JMX Bean with object name Ratis:service=RaftServer,group=group-0C416375873C,id=3c01ffb1-b295-42d9-9874-9e0ba4053462
2019-11-15 21:51:28,918 [pool-529-thread-1] WARN  impl.MetricRegistriesImpl (MetricRegistriesImpl.java:lambda$create$1(61)) - First MetricRegistry has been created without registering reporters. You may need to call MetricRegistries.global().addReportRegistration(...) before.
2019-11-15 21:51:28,921 [RatisPipelineUtilsThread] INFO  pipeline.PipelineStateManager (PipelineStateManager.java:addPipeline(55)) - Created pipeline Pipeline[ Id: a66070c3-3697-473e-b382-0c416375873c, Nodes: 3c01ffb1-b295-42d9-9874-9e0ba4053462{ip: 192.168.164.223, host: pr-hdds-2493-5rwwl-1515842690, networkLocation: /rack1, certSerialId: null}, Type:RATIS, Factor:ONE, State:ALLOCATED]
2019-11-15 21:51:28,940 [grpc-default-executor-0] INFO  impl.RaftServerProxy (RaftServerProxy.java:addNew(89)) - 3ab85592-c721-41be-99a8-6d8df6ca420d: addNew group-0691772312F4:[3ab85592-c721-41be-99a8-6d8df6ca420d:192.168.164.223:38768, 3c01ffb1-b295-42d9-9874-9e0ba4053462:192.168.164.223:36934, 6fbcf556-c950-470a-b12c-d884793bba84:192.168.164.223:46779] returns group-0691772312F4:java.util.concurrent.CompletableFuture@79d7d529[Not completed]
2019-11-15 21:51:28,940 [grpc-default-executor-6] INFO  impl.RaftServerProxy (RaftServerProxy.java:addNew(89)) - 6fbcf556-c950-470a-b12c-d884793bba84: addNew group-0691772312F4:[3ab85592-c721-41be-99a8-6d8df6ca420d:192.168.164.223:38768, 3c01ffb1-b295-42d9-9874-9e0ba4053462:192.168.164.223:36934, 6fbcf556-c950-470a-b12c-d884793bba84:192.168.164.223:46779] returns group-0691772312F4:java.util.concurrent.CompletableFuture@742bb854[Not completed]
2019-11-15 21:51:28,940 [grpc-default-executor-4] INFO  impl.RaftServerProxy (RaftServerProxy.java:addNew(89)) - 3c01ffb1-b295-42d9-9874-9e0ba4053462: addNew group-0691772312F4:[3ab85592-c721-41be-99a8-6d8df6ca420d:192.168.164.223:38768, 3c01ffb1-b295-42d9-9874-9e0ba4053462:192.168.164.223:36934, 6fbcf556-c950-470a-b12c-d884793bba84:192.168.164.223:46779] returns group-0691772312F4:java.util.concurrent.CompletableFuture@ca9449b[Not completed]
2019-11-15 21:51:28,941 [pool-509-thread-1] INFO  impl.RaftServerImpl (RaftServerImpl.java:<init>(98)) - 3ab85592-c721-41be-99a8-6d8df6ca420d: new RaftServerImpl for group-0691772312F4:[3ab85592-c721-41be-99a8-6d8df6ca420d:192.168.164.223:38768, 3c01ffb1-b295-42d9-9874-9e0ba4053462:192.168.164.223:36934, 6fbcf556-c950-470a-b12c-d884793bba84:192.168.164.223:46779] with ContainerStateMachine:uninitialized
2019-11-15 21:51:28,941 [pool-509-thread-1] INFO  server.RaftServerConfigKeys (ConfUtils.java:logGet(43)) - raft.server.rpc.timeout.min = 1s (custom)
2019-11-15 21:51:28,941 [pool-509-thread-1] INFO  server.RaftServerConfigKeys (ConfUtils.java:logGet(43)) - raft.server.rpc.timeout.max = 1200ms (custom)
2019-11-15 21:51:28,942 [pool-509-thread-1] INFO  server.RaftServerConfigKeys (ConfUtils.java:logGet(43)) - raft.server.rpcslowness.timeout = 120s (custom)
2019-11-15 21:51:28,942 [pool-509-thread-1] INFO  server.RaftServerConfigKeys (ConfUtils.java:logGet(43)) - raft.server.sleep.deviation.threshold = 300 (default)
2019-11-15 21:51:28,942 [pool-509-thread-1] INFO  server.RaftServerConfigKeys (ConfUtils.java:logGet(43)) - raft.server.log.appender.install.snapshot.enabled = false (custom)
2019-11-15 21:51:28,942 [pool-529-thread-1] INFO  impl.RaftServerImpl (RaftServerImpl.java:<init>(98)) - 3c01ffb1-b295-42d9-9874-9e0ba4053462: new RaftServerImpl for group-0691772312F4:[3ab85592-c721-41be-99a8-6d8df6ca420d:192.168.164.223:38768, 3c01ffb1-b295-42d9-9874-9e0ba4053462:192.168.164.223:36934, 6fbcf556-c950-470a-b12c-d884793bba84:192.168.164.223:46779] with ContainerStateMachine:uninitialized
2019-11-15 21:51:28,942 [pool-509-thread-1] INFO  impl.RaftServerImpl (ServerState.java:<init>(103)) - 3ab85592-c721-41be-99a8-6d8df6ca420d@group-0691772312F4: ConfigurationManager, init=-1: [3ab85592-c721-41be-99a8-6d8df6ca420d:192.168.164.223:38768, 3c01ffb1-b295-42d9-9874-9e0ba4053462:192.168.164.223:36934, 6fbcf556-c950-470a-b12c-d884793bba84:192.168.164.223:46779], old=null, confs=<EMPTY_MAP>
2019-11-15 21:51:28,942 [pool-529-thread-1] INFO  server.RaftServerConfigKeys (ConfUtils.java:logGet(43)) - raft.server.rpc.timeout.min = 1s (custom)
2019-11-15 21:51:28,942 [pool-509-thread-1] INFO  server.RaftServerConfigKeys (ConfUtils.java:logGet(43)) - raft.server.storage.dir = [/workdir/hadoop-ozone/integration-test/target/test-dir/MiniOzoneClusterImpl-e150a234-18da-4756-b2e5-8eb09f38746c/datanode-0/data/ratis] (custom)
2019-11-15 21:51:28,942 [pool-529-thread-1] INFO  server.RaftServerConfigKeys (ConfUtils.java:logGet(43)) - raft.server.rpc.timeout.max = 1200ms (custom)
2019-11-15 21:51:28,942 [pool-529-thread-1] INFO  server.RaftServerConfigKeys (ConfUtils.java:logGet(43)) - raft.server.rpcslowness.timeout = 120s (custom)
2019-11-15 21:51:28,942 [pool-509-thread-1] INFO  server.RaftServerConfigKeys (ConfUtils.java:logGet(43)) - raft.server.log.corruption.policy = EXCEPTION (default)
2019-11-15 21:51:28,942 [pool-519-thread-1] INFO  impl.RaftServerImpl (RaftServerImpl.java:<init>(98)) - 6fbcf556-c950-470a-b12c-d884793bba84: new RaftServerImpl for group-0691772312F4:[3ab85592-c721-41be-99a8-6d8df6ca420d:192.168.164.223:38768, 3c01ffb1-b295-42d9-9874-9e0ba4053462:192.168.164.223:36934, 6fbcf556-c950-470a-b12c-d884793bba84:192.168.164.223:46779] with ContainerStateMachine:uninitialized
2019-11-15 21:51:28,942 [pool-529-thread-1] INFO  server.RaftServerConfigKeys (ConfUtils.java:logGet(43)) - raft.server.sleep.deviation.threshold = 300 (default)
2019-11-15 21:51:28,943 [pool-519-thread-1] INFO  server.RaftServerConfigKeys (ConfUtils.java:logGet(43)) - raft.server.rpc.timeout.min = 1s (custom)
2019-11-15 21:51:28,943 [pool-509-thread-1] INFO  storage.RaftStorageDirectory (RaftStorageDirectory.java:analyzeStorage(246)) - The storage directory /workdir/hadoop-ozone/integration-test/target/test-dir/MiniOzoneClusterImpl-e150a234-18da-4756-b2e5-8eb09f38746c/datanode-0/data/ratis/6d5ffd8e-01de-4e2c-84a8-0691772312f4 does not exist. Creating ...
2019-11-15 21:51:28,943 [pool-519-thread-1] INFO  server.RaftServerConfigKeys (ConfUtils.java:logGet(43)) - raft.server.rpc.timeout.max = 1200ms (custom)
2019-11-15 21:51:28,943 [pool-529-thread-1] INFO  server.RaftServerConfigKeys (ConfUtils.java:logGet(43)) - raft.server.log.appender.install.snapshot.enabled = false (custom)
2019-11-15 21:51:28,943 [pool-519-thread-1] INFO  server.RaftServerConfigKeys (ConfUtils.java:logGet(43)) - raft.server.rpcslowness.timeout = 120s (custom)
2019-11-15 21:51:28,943 [pool-529-thread-1] INFO  impl.RaftServerImpl (ServerState.java:<init>(103)) - 3c01ffb1-b295-42d9-9874-9e0ba4053462@group-0691772312F4: ConfigurationManager, init=-1: [3ab85592-c721-41be-99a8-6d8df6ca420d:192.168.164.223:38768, 3c01ffb1-b295-42d9-9874-9e0ba4053462:192.168.164.223:36934, 6fbcf556-c950-470a-b12c-d884793bba84:192.168.164.223:46779], old=null, confs=<EMPTY_MAP>
2019-11-15 21:51:28,943 [pool-519-thread-1] INFO  server.RaftServerConfigKeys (ConfUtils.java:logGet(43)) - raft.server.sleep.deviation.threshold = 300 (default)
2019-11-15 21:51:28,943 [pool-529-thread-1] INFO  server.RaftServerConfigKeys (ConfUtils.java:logGet(43)) - raft.server.storage.dir = [/workdir/hadoop-ozone/integration-test/target/test-dir/MiniOzoneClusterImpl-e150a234-18da-4756-b2e5-8eb09f38746c/datanode-2/data/ratis] (custom)
2019-11-15 21:51:28,944 [pool-519-thread-1] INFO  server.RaftServerConfigKeys (ConfUtils.java:logGet(43)) - raft.server.log.appender.install.snapshot.enabled = false (custom)
2019-11-15 21:51:28,944 [pool-519-thread-1] INFO  impl.RaftServerImpl (ServerState.java:<init>(103)) - 6fbcf556-c950-470a-b12c-d884793bba84@group-0691772312F4: ConfigurationManager, init=-1: [3ab85592-c721-41be-99a8-6d8df6ca420d:192.168.164.223:38768, 3c01ffb1-b295-42d9-9874-9e0ba4053462:192.168.164.223:36934, 6fbcf556-c950-470a-b12c-d884793bba84:192.168.164.223:46779], old=null, confs=<EMPTY_MAP>
2019-11-15 21:51:28,944 [pool-529-thread-1] INFO  server.RaftServerConfigKeys (ConfUtils.java:logGet(43)) - raft.server.log.corruption.policy = EXCEPTION (default)
2019-11-15 21:51:28,944 [pool-519-thread-1] INFO  server.RaftServerConfigKeys (ConfUtils.java:logGet(43)) - raft.server.storage.dir = [/workdir/hadoop-ozone/integration-test/target/test-dir/MiniOzoneClusterImpl-e150a234-18da-4756-b2e5-8eb09f38746c/datanode-1/data/ratis] (custom)
2019-11-15 21:51:28,944 [pool-529-thread-1] INFO  storage.RaftStorageDirectory (RaftStorageDirectory.java:analyzeStorage(246)) - The storage directory /workdir/hadoop-ozone/integration-test/target/test-dir/MiniOzoneClusterImpl-e150a234-18da-4756-b2e5-8eb09f38746c/datanode-2/data/ratis/6d5ffd8e-01de-4e2c-84a8-0691772312f4 does not exist. Creating ...
2019-11-15 21:51:28,944 [pool-519-thread-1] INFO  server.RaftServerConfigKeys (ConfUtils.java:logGet(43)) - raft.server.log.corruption.policy = EXCEPTION (default)
2019-11-15 21:51:28,944 [pool-519-thread-1] INFO  storage.RaftStorageDirectory (RaftStorageDirectory.java:analyzeStorage(246)) - The storage directory /workdir/hadoop-ozone/integration-test/target/test-dir/MiniOzoneClusterImpl-e150a234-18da-4756-b2e5-8eb09f38746c/datanode-1/data/ratis/6d5ffd8e-01de-4e2c-84a8-0691772312f4 does not exist. Creating ...
2019-11-15 21:51:28,956 [IPC Server handler 5 on 44238] INFO  net.NetworkTopology (NetworkTopologyImpl.java:add(111)) - Added a new node: /rack1/25a1269d-d7cc-4acf-80e8-5992809da5ba
2019-11-15 21:51:28,956 [pool-529-thread-1] INFO  storage.RaftStorageDirectory (RaftStorageDirectory.java:tryLock(328)) - Lock on /workdir/hadoop-ozone/integration-test/target/test-dir/MiniOzoneClusterImpl-e150a234-18da-4756-b2e5-8eb09f38746c/datanode-2/data/ratis/6d5ffd8e-01de-4e2c-84a8-0691772312f4/in_use.lock acquired by nodename 4447@pr-hdds-2493-5rwwl-1515842690
2019-11-15 21:51:28,956 [pool-519-thread-1] INFO  storage.RaftStorageDirectory (RaftStorageDirectory.java:tryLock(328)) - Lock on /workdir/hadoop-ozone/integration-test/target/test-dir/MiniOzoneClusterImpl-e150a234-18da-4756-b2e5-8eb09f38746c/datanode-1/data/ratis/6d5ffd8e-01de-4e2c-84a8-0691772312f4/in_use.lock acquired by nodename 4447@pr-hdds-2493-5rwwl-1515842690
2019-11-15 21:51:28,956 [pool-509-thread-1] INFO  storage.RaftStorageDirectory (RaftStorageDirectory.java:tryLock(328)) - Lock on /workdir/hadoop-ozone/integration-test/target/test-dir/MiniOzoneClusterImpl-e150a234-18da-4756-b2e5-8eb09f38746c/datanode-0/data/ratis/6d5ffd8e-01de-4e2c-84a8-0691772312f4/in_use.lock acquired by nodename 4447@pr-hdds-2493-5rwwl-1515842690
2019-11-15 21:51:28,956 [IPC Server handler 5 on 44238] INFO  node.SCMNodeManager (SCMNodeManager.java:register(267)) - Registered Data node : 25a1269d-d7cc-4acf-80e8-5992809da5ba{ip: 192.168.164.223, host: pr-hdds-2493-5rwwl-1515842690, networkLocation: /rack1, certSerialId: null}
2019-11-15 21:51:28,970 [pool-509-thread-1] INFO  storage.RaftStorage (RaftStorage.java:format(84)) - Storage directory /workdir/hadoop-ozone/integration-test/target/test-dir/MiniOzoneClusterImpl-e150a234-18da-4756-b2e5-8eb09f38746c/datanode-0/data/ratis/6d5ffd8e-01de-4e2c-84a8-0691772312f4 has been successfully formatted.
2019-11-15 21:51:28,970 [pool-519-thread-1] INFO  storage.RaftStorage (RaftStorage.java:format(84)) - Storage directory /workdir/hadoop-ozone/integration-test/target/test-dir/MiniOzoneClusterImpl-e150a234-18da-4756-b2e5-8eb09f38746c/datanode-1/data/ratis/6d5ffd8e-01de-4e2c-84a8-0691772312f4 has been successfully formatted.
2019-11-15 21:51:28,970 [pool-509-thread-1] INFO  ratis.ContainerStateMachine (ContainerStateMachine.java:loadSnapshot(223)) - group-0691772312F4: The snapshot info is null. Setting the last applied indexto:(t:0, i:~)
2019-11-15 21:51:28,970 [pool-519-thread-1] INFO  ratis.ContainerStateMachine (ContainerStateMachine.java:loadSnapshot(223)) - group-0691772312F4: The snapshot info is null. Setting the last applied indexto:(t:0, i:~)
2019-11-15 21:51:28,970 [pool-529-thread-1] INFO  storage.RaftStorage (RaftStorage.java:format(84)) - Storage directory /workdir/hadoop-ozone/integration-test/target/test-dir/MiniOzoneClusterImpl-e150a234-18da-4756-b2e5-8eb09f38746c/datanode-2/data/ratis/6d5ffd8e-01de-4e2c-84a8-0691772312f4 has been successfully formatted.
2019-11-15 21:51:28,970 [pool-519-thread-1] INFO  server.RaftServerConfigKeys (ConfUtils.java:logGet(43)) - raft.server.notification.no-leader.timeout = 120s (custom)
2019-11-15 21:51:28,970 [pool-529-thread-1] INFO  ratis.ContainerStateMachine (ContainerStateMachine.java:loadSnapshot(223)) - group-0691772312F4: The snapshot info is null. Setting the last applied indexto:(t:0, i:~)
2019-11-15 21:51:28,970 [pool-509-thread-1] INFO  server.RaftServerConfigKeys (ConfUtils.java:logGet(43)) - raft.server.notification.no-leader.timeout = 120s (custom)
2019-11-15 21:51:28,971 [pool-529-thread-1] INFO  server.RaftServerConfigKeys (ConfUtils.java:logGet(43)) - raft.server.notification.no-leader.timeout = 120s (custom)
2019-11-15 21:51:28,970 [pool-519-thread-1] INFO  server.RaftServerConfigKeys (ConfUtils.java:logGet(43)) - raft.server.log.use.memory = false (default)
2019-11-15 21:51:28,971 [pool-529-thread-1] INFO  server.RaftServerConfigKeys (ConfUtils.java:logGet(43)) - raft.server.log.use.memory = false (default)
2019-11-15 21:51:28,971 [pool-509-thread-1] INFO  server.RaftServerConfigKeys (ConfUtils.java:logGet(43)) - raft.server.log.use.memory = false (default)
2019-11-15 21:51:28,971 [pool-529-thread-1] INFO  server.RaftServerConfigKeys (ConfUtils.java:logGet(43)) - raft.server.log.purge.gap = 1000000 (custom)
2019-11-15 21:51:28,971 [pool-519-thread-1] INFO  server.RaftServerConfigKeys (ConfUtils.java:logGet(43)) - raft.server.log.purge.gap = 1000000 (custom)
2019-11-15 21:51:28,971 [pool-529-thread-1] INFO  server.RaftServerConfigKeys (ConfUtils.java:logGet(43)) - raft.server.log.appender.buffer.byte-limit = 33554432 (custom)
2019-11-15 21:51:28,971 [pool-509-thread-1] INFO  server.RaftServerConfigKeys (ConfUtils.java:logGet(43)) - raft.server.log.purge.gap = 1000000 (custom)
2019-11-15 21:51:28,971 [pool-529-thread-1] INFO  server.RaftServerConfigKeys (ConfUtils.java:logGet(43)) - raft.server.log.segment.size.max = 1048576 (custom)
2019-11-15 21:51:28,971 [pool-519-thread-1] INFO  server.RaftServerConfigKeys (ConfUtils.java:logGet(43)) - raft.server.log.appender.buffer.byte-limit = 33554432 (custom)
2019-11-15 21:51:28,972 [pool-529-thread-1] INFO  server.RaftServerConfigKeys (ConfUtils.java:logGet(43)) - raft.server.log.segment.cache.num.max = 2 (custom)
2019-11-15 21:51:28,972 [pool-509-thread-1] INFO  server.RaftServerConfigKeys (ConfUtils.java:logGet(43)) - raft.server.log.appender.buffer.byte-limit = 33554432 (custom)
2019-11-15 21:51:28,972 [pool-529-thread-1] INFO  segmented.SegmentedRaftLogWorker (SegmentedRaftLogWorker.java:<init>(173)) - new 3c01ffb1-b295-42d9-9874-9e0ba4053462@group-0691772312F4-SegmentedRaftLogWorker for RaftStorage:Storage Directory /workdir/hadoop-ozone/integration-test/target/test-dir/MiniOzoneClusterImpl-e150a234-18da-4756-b2e5-8eb09f38746c/datanode-2/data/ratis/6d5ffd8e-01de-4e2c-84a8-0691772312f4
2019-11-15 21:51:28,972 [pool-519-thread-1] INFO  server.RaftServerConfigKeys (ConfUtils.java:logGet(43)) - raft.server.log.segment.size.max = 1048576 (custom)
2019-11-15 21:51:28,972 [pool-529-thread-1] INFO  server.RaftServerConfigKeys (ConfUtils.java:logGet(43)) - raft.server.log.queue.byte-limit = 2147483647 (custom)
2019-11-15 21:51:28,972 [pool-509-thread-1] INFO  server.RaftServerConfigKeys (ConfUtils.java:logGet(43)) - raft.server.log.segment.size.max = 1048576 (custom)
2019-11-15 21:51:28,972 [pool-529-thread-1] INFO  server.RaftServerConfigKeys (ConfUtils.java:logGet(43)) - raft.server.log.queue.element-limit = 1024 (custom)
2019-11-15 21:51:28,972 [pool-519-thread-1] INFO  server.RaftServerConfigKeys (ConfUtils.java:logGet(43)) - raft.server.log.segment.cache.num.max = 2 (custom)
2019-11-15 21:51:28,973 [pool-529-thread-1] INFO  server.RaftServerConfigKeys (ConfUtils.java:logGet(43)) - raft.server.log.segment.size.max = 1048576 (custom)
2019-11-15 21:51:28,973 [pool-509-thread-1] INFO  server.RaftServerConfigKeys (ConfUtils.java:logGet(43)) - raft.server.log.segment.cache.num.max = 2 (custom)
2019-11-15 21:51:28,973 [pool-529-thread-1] INFO  server.RaftServerConfigKeys (ConfUtils.java:logGet(43)) - raft.server.log.preallocated.size = 16384 (custom)
2019-11-15 21:51:28,973 [pool-519-thread-1] INFO  segmented.SegmentedRaftLogWorker (SegmentedRaftLogWorker.java:<init>(173)) - new 6fbcf556-c950-470a-b12c-d884793bba84@group-0691772312F4-SegmentedRaftLogWorker for RaftStorage:Storage Directory /workdir/hadoop-ozone/integration-test/target/test-dir/MiniOzoneClusterImpl-e150a234-18da-4756-b2e5-8eb09f38746c/datanode-1/data/ratis/6d5ffd8e-01de-4e2c-84a8-0691772312f4
2019-11-15 21:51:28,973 [pool-529-thread-1] INFO  server.RaftServerConfigKeys (ConfUtils.java:logGet(43)) - raft.server.log.write.buffer.size = 33554432 (custom)
2019-11-15 21:51:28,973 [pool-509-thread-1] INFO  segmented.SegmentedRaftLogWorker (SegmentedRaftLogWorker.java:<init>(173)) - new 3ab85592-c721-41be-99a8-6d8df6ca420d@group-0691772312F4-SegmentedRaftLogWorker for RaftStorage:Storage Directory /workdir/hadoop-ozone/integration-test/target/test-dir/MiniOzoneClusterImpl-e150a234-18da-4756-b2e5-8eb09f38746c/datanode-0/data/ratis/6d5ffd8e-01de-4e2c-84a8-0691772312f4
2019-11-15 21:51:28,973 [pool-529-thread-1] INFO  server.RaftServerConfigKeys (ConfUtils.java:logGet(43)) - raft.server.log.force.sync.num = 128 (default)
2019-11-15 21:51:28,973 [pool-519-thread-1] INFO  server.RaftServerConfigKeys (ConfUtils.java:logGet(43)) - raft.server.log.queue.byte-limit = 2147483647 (custom)
2019-11-15 21:51:28,973 [pool-529-thread-1] INFO  server.RaftServerConfigKeys (ConfUtils.java:logGet(43)) - raft.server.log.statemachine.data.sync = true (default)
2019-11-15 21:51:28,973 [pool-509-thread-1] INFO  server.RaftServerConfigKeys (ConfUtils.java:logGet(43)) - raft.server.log.queue.byte-limit = 2147483647 (custom)
2019-11-15 21:51:28,974 [pool-529-thread-1] INFO  server.RaftServerConfigKeys (ConfUtils.java:logGet(43)) - raft.server.log.statemachine.data.sync.timeout = 10s (default)
2019-11-15 21:51:28,974 [pool-519-thread-1] INFO  server.RaftServerConfigKeys (ConfUtils.java:logGet(43)) - raft.server.log.queue.element-limit = 1024 (custom)
2019-11-15 21:51:28,974 [pool-529-thread-1] INFO  server.RaftServerConfigKeys (ConfUtils.java:logGet(43)) - raft.server.log.statemachine.data.sync.timeout.retry = -1 (default)
2019-11-15 21:51:28,974 [pool-509-thread-1] INFO  server.RaftServerConfigKeys (ConfUtils.java:logGet(43)) - raft.server.log.queue.element-limit = 1024 (custom)
2019-11-15 21:51:28,974 [pool-529-thread-1] INFO  server.RaftServerConfigKeys (ConfUtils.java:logGet(43)) - raft.server.log.statemachine.data.caching.enabled = true (custom)
2019-11-15 21:51:28,974 [pool-519-thread-1] INFO  server.RaftServerConfigKeys (ConfUtils.java:logGet(43)) - raft.server.log.segment.size.max = 1048576 (custom)
2019-11-15 21:51:28,974 [pool-509-thread-1] INFO  server.RaftServerConfigKeys (ConfUtils.java:logGet(43)) - raft.server.log.segment.size.max = 1048576 (custom)
2019-11-15 21:51:28,975 [pool-529-thread-1] INFO  segmented.SegmentedRaftLogWorker (SegmentedRaftLogWorker.java:lambda$new$0(128)) - 3c01ffb1-b295-42d9-9874-9e0ba4053462@group-0691772312F4-SegmentedRaftLogWorker: flushIndex: setUnconditionally 0 -> -1
2019-11-15 21:51:28,975 [pool-519-thread-1] INFO  server.RaftServerConfigKeys (ConfUtils.java:logGet(43)) - raft.server.log.preallocated.size = 16384 (custom)
2019-11-15 21:51:28,975 [pool-509-thread-1] INFO  server.RaftServerConfigKeys (ConfUtils.java:logGet(43)) - raft.server.log.preallocated.size = 16384 (custom)
2019-11-15 21:51:28,975 [pool-529-thread-1] INFO  server.RaftServerConfigKeys (ConfUtils.java:logGet(43)) - raft.server.snapshot.auto.trigger.enabled = true (custom)
2019-11-15 21:51:28,975 [pool-519-thread-1] INFO  server.RaftServerConfigKeys (ConfUtils.java:logGet(43)) - raft.server.log.write.buffer.size = 33554432 (custom)
2019-11-15 21:51:28,975 [pool-529-thread-1] INFO  server.RaftServerConfigKeys (ConfUtils.java:logGet(43)) - raft.server.snapshot.auto.trigger.threshold = 10000 (custom)
2019-11-15 21:51:28,975 [pool-509-thread-1] INFO  server.RaftServerConfigKeys (ConfUtils.java:logGet(43)) - raft.server.log.write.buffer.size = 33554432 (custom)
2019-11-15 21:51:28,975 [pool-529-thread-1] INFO  server.RaftServerConfigKeys (ConfUtils.java:logGet(43)) - raft.server.snapshot.retention.file.num = 5 (custom)
2019-11-15 21:51:28,975 [pool-519-thread-1] INFO  server.RaftServerConfigKeys (ConfUtils.java:logGet(43)) - raft.server.log.force.sync.num = 128 (default)
2019-11-15 21:51:28,976 [pool-529-thread-1] INFO  server.RaftServerConfigKeys (ConfUtils.java:logGet(43)) - raft.server.retrycache.expirytime = 600000ms (custom)
2019-11-15 21:51:28,976 [pool-509-thread-1] INFO  server.RaftServerConfigKeys (ConfUtils.java:logGet(43)) - raft.server.log.force.sync.num = 128 (default)
2019-11-15 21:51:28,976 [pool-529-thread-1] WARN  impl.MetricRegistriesImpl (MetricRegistriesImpl.java:lambda$create$1(61)) - First MetricRegistry has been created without registering reporters. You may need to call MetricRegistries.global().addReportRegistration(...) before.
2019-11-15 21:51:28,976 [pool-519-thread-1] INFO  server.RaftServerConfigKeys (ConfUtils.java:logGet(43)) - raft.server.log.statemachine.data.sync = true (default)
2019-11-15 21:51:28,976 [pool-529-thread-1] WARN  impl.MetricRegistriesImpl (MetricRegistriesImpl.java:lambda$create$1(61)) - First MetricRegistry has been created without registering reporters. You may need to call MetricRegistries.global().addReportRegistration(...) before.
2019-11-15 21:51:28,976 [pool-509-thread-1] INFO  server.RaftServerConfigKeys (ConfUtils.java:logGet(43)) - raft.server.log.statemachine.data.sync = true (default)
2019-11-15 21:51:28,976 [pool-529-thread-1] INFO  impl.RaftServerImpl (RaftServerImpl.java:start(184)) - 3c01ffb1-b295-42d9-9874-9e0ba4053462@group-0691772312F4: start as a follower, conf=-1: [3ab85592-c721-41be-99a8-6d8df6ca420d:192.168.164.223:38768, 3c01ffb1-b295-42d9-9874-9e0ba4053462:192.168.164.223:36934, 6fbcf556-c950-470a-b12c-d884793bba84:192.168.164.223:46779], old=null
2019-11-15 21:51:28,977 [pool-529-thread-1] INFO  impl.RaftServerImpl (RaftServerImpl.java:setRole(173)) - 3c01ffb1-b295-42d9-9874-9e0ba4053462@group-0691772312F4: changes role from      null to FOLLOWER at term 0 for startAsFollower
2019-11-15 21:51:28,976 [pool-519-thread-1] INFO  server.RaftServerConfigKeys (ConfUtils.java:logGet(43)) - raft.server.log.statemachine.data.sync.timeout = 10s (default)
2019-11-15 21:51:28,977 [pool-529-thread-1] INFO  impl.RoleInfo (RoleInfo.java:updateAndGet(143)) - 3c01ffb1-b295-42d9-9874-9e0ba4053462: start FollowerState
2019-11-15 21:51:28,976 [pool-509-thread-1] INFO  server.RaftServerConfigKeys (ConfUtils.java:logGet(43)) - raft.server.log.statemachine.data.sync.timeout = 10s (default)
2019-11-15 21:51:28,977 [pool-519-thread-1] INFO  server.RaftServerConfigKeys (ConfUtils.java:logGet(43)) - raft.server.log.statemachine.data.sync.timeout.retry = -1 (default)
2019-11-15 21:51:28,977 [pool-509-thread-1] INFO  server.RaftServerConfigKeys (ConfUtils.java:logGet(43)) - raft.server.log.statemachine.data.sync.timeout.retry = -1 (default)
2019-11-15 21:51:28,977 [pool-529-thread-1] INFO  util.JmxRegister (JmxRegister.java:tryRegister(44)) - Successfully registered JMX Bean with object name Ratis:service=RaftServer,group=group-0691772312F4,id=3c01ffb1-b295-42d9-9874-9e0ba4053462
2019-11-15 21:51:28,977 [pool-519-thread-1] INFO  server.RaftServerConfigKeys (ConfUtils.java:logGet(43)) - raft.server.log.statemachine.data.caching.enabled = true (custom)
2019-11-15 21:51:28,977 [pool-529-thread-1] WARN  impl.MetricRegistriesImpl (MetricRegistriesImpl.java:lambda$create$1(61)) - First MetricRegistry has been created without registering reporters. You may need to call MetricRegistries.global().addReportRegistration(...) before.
2019-11-15 21:51:28,978 [pool-519-thread-1] INFO  segmented.SegmentedRaftLogWorker (SegmentedRaftLogWorker.java:lambda$new$0(128)) - 6fbcf556-c950-470a-b12c-d884793bba84@group-0691772312F4-SegmentedRaftLogWorker: flushIndex: setUnconditionally 0 -> -1
2019-11-15 21:51:28,977 [pool-509-thread-1] INFO  server.RaftServerConfigKeys (ConfUtils.java:logGet(43)) - raft.server.log.statemachine.data.caching.enabled = true (custom)
2019-11-15 21:51:28,978 [pool-519-thread-1] INFO  server.RaftServerConfigKeys (ConfUtils.java:logGet(43)) - raft.server.snapshot.auto.trigger.enabled = true (custom)
2019-11-15 21:51:28,978 [pool-519-thread-1] INFO  server.RaftServerConfigKeys (ConfUtils.java:logGet(43)) - raft.server.snapshot.auto.trigger.threshold = 10000 (custom)
2019-11-15 21:51:28,978 [pool-509-thread-1] INFO  segmented.SegmentedRaftLogWorker (SegmentedRaftLogWorker.java:lambda$new$0(128)) - 3ab85592-c721-41be-99a8-6d8df6ca420d@group-0691772312F4-SegmentedRaftLogWorker: flushIndex: setUnconditionally 0 -> -1
2019-11-15 21:51:28,978 [pool-519-thread-1] INFO  server.RaftServerConfigKeys (ConfUtils.java:logGet(43)) - raft.server.snapshot.retention.file.num = 5 (custom)
2019-11-15 21:51:28,978 [pool-519-thread-1] INFO  server.RaftServerConfigKeys (ConfUtils.java:logGet(43)) - raft.server.retrycache.expirytime = 600000ms (custom)
2019-11-15 21:51:28,978 [pool-509-thread-1] INFO  server.RaftServerConfigKeys (ConfUtils.java:logGet(43)) - raft.server.snapshot.auto.trigger.enabled = true (custom)
2019-11-15 21:51:28,979 [pool-519-thread-1] WARN  impl.MetricRegistriesImpl (MetricRegistriesImpl.java:lambda$create$1(61)) - First MetricRegistry has been created without registering reporters. You may need to call MetricRegistries.global().addReportRegistration(...) before.
2019-11-15 21:51:28,979 [pool-509-thread-1] INFO  server.RaftServerConfigKeys (ConfUtils.java:logGet(43)) - raft.server.snapshot.auto.trigger.threshold = 10000 (custom)
2019-11-15 21:51:28,979 [pool-519-thread-1] WARN  impl.MetricRegistriesImpl (MetricRegistriesImpl.java:lambda$create$1(61)) - First MetricRegistry has been created without registering reporters. You may need to call MetricRegistries.global().addReportRegistration(...) before.
2019-11-15 21:51:28,979 [pool-509-thread-1] INFO  server.RaftServerConfigKeys (ConfUtils.java:logGet(43)) - raft.server.snapshot.retention.file.num = 5 (custom)
2019-11-15 21:51:28,979 [pool-509-thread-1] INFO  server.RaftServerConfigKeys (ConfUtils.java:logGet(43)) - raft.server.retrycache.expirytime = 600000ms (custom)
2019-11-15 21:51:28,979 [pool-509-thread-1] WARN  impl.MetricRegistriesImpl (MetricRegistriesImpl.java:lambda$create$1(61)) - First MetricRegistry has been created without registering reporters. You may need to call MetricRegistries.global().addReportRegistration(...) before.
2019-11-15 21:51:28,979 [pool-519-thread-1] INFO  impl.RaftServerImpl (RaftServerImpl.java:start(184)) - 6fbcf556-c950-470a-b12c-d884793bba84@group-0691772312F4: start as a follower, conf=-1: [3ab85592-c721-41be-99a8-6d8df6ca420d:192.168.164.223:38768, 3c01ffb1-b295-42d9-9874-9e0ba4053462:192.168.164.223:36934, 6fbcf556-c950-470a-b12c-d884793bba84:192.168.164.223:46779], old=null
2019-11-15 21:51:28,979 [pool-509-thread-1] WARN  impl.MetricRegistriesImpl (MetricRegistriesImpl.java:lambda$create$1(61)) - First MetricRegistry has been created without registering reporters. You may need to call MetricRegistries.global().addReportRegistration(...) before.
2019-11-15 21:51:28,979 [pool-519-thread-1] INFO  impl.RaftServerImpl (RaftServerImpl.java:setRole(173)) - 6fbcf556-c950-470a-b12c-d884793bba84@group-0691772312F4: changes role from      null to FOLLOWER at term 0 for startAsFollower
2019-11-15 21:51:28,980 [pool-509-thread-1] INFO  impl.RaftServerImpl (RaftServerImpl.java:start(184)) - 3ab85592-c721-41be-99a8-6d8df6ca420d@group-0691772312F4: start as a follower, conf=-1: [3ab85592-c721-41be-99a8-6d8df6ca420d:192.168.164.223:38768, 3c01ffb1-b295-42d9-9874-9e0ba4053462:192.168.164.223:36934, 6fbcf556-c950-470a-b12c-d884793bba84:192.168.164.223:46779], old=null
2019-11-15 21:51:28,980 [pool-519-thread-1] INFO  impl.RoleInfo (RoleInfo.java:updateAndGet(143)) - 6fbcf556-c950-470a-b12c-d884793bba84: start FollowerState
2019-11-15 21:51:28,980 [pool-509-thread-1] INFO  impl.RaftServerImpl (RaftServerImpl.java:setRole(173)) - 3ab85592-c721-41be-99a8-6d8df6ca420d@group-0691772312F4: changes role from      null to FOLLOWER at term 0 for startAsFollower
2019-11-15 21:51:28,980 [pool-509-thread-1] INFO  impl.RoleInfo (RoleInfo.java:updateAndGet(143)) - 3ab85592-c721-41be-99a8-6d8df6ca420d: start FollowerState
2019-11-15 21:51:28,980 [pool-519-thread-1] INFO  util.JmxRegister (JmxRegister.java:tryRegister(44)) - Successfully registered JMX Bean with object name Ratis:service=RaftServer,group=group-0691772312F4,id=6fbcf556-c950-470a-b12c-d884793bba84
2019-11-15 21:51:28,980 [pool-519-thread-1] WARN  impl.MetricRegistriesImpl (MetricRegistriesImpl.java:lambda$create$1(61)) - First MetricRegistry has been created without registering reporters. You may need to call MetricRegistries.global().addReportRegistration(...) before.
2019-11-15 21:51:28,980 [pool-509-thread-1] INFO  util.JmxRegister (JmxRegister.java:tryRegister(44)) - Successfully registered JMX Bean with object name Ratis:service=RaftServer,group=group-0691772312F4,id=3ab85592-c721-41be-99a8-6d8df6ca420d
2019-11-15 21:51:28,980 [pool-509-thread-1] WARN  impl.MetricRegistriesImpl (MetricRegistriesImpl.java:lambda$create$1(61)) - First MetricRegistry has been created without registering reporters. You may need to call MetricRegistries.global().addReportRegistration(...) before.
2019-11-15 21:51:28,982 [RatisPipelineUtilsThread] INFO  pipeline.PipelineStateManager (PipelineStateManager.java:addPipeline(55)) - Created pipeline Pipeline[ Id: 6d5ffd8e-01de-4e2c-84a8-0691772312f4, Nodes: 3c01ffb1-b295-42d9-9874-9e0ba4053462{ip: 192.168.164.223, host: pr-hdds-2493-5rwwl-1515842690, networkLocation: /rack1, certSerialId: null}3ab85592-c721-41be-99a8-6d8df6ca420d{ip: 192.168.164.223, host: pr-hdds-2493-5rwwl-1515842690, networkLocation: /rack1, certSerialId: null}6fbcf556-c950-470a-b12c-d884793bba84{ip: 192.168.164.223, host: pr-hdds-2493-5rwwl-1515842690, networkLocation: /rack1, certSerialId: null}, Type:RATIS, Factor:THREE, State:ALLOCATED]
2019-11-15 21:51:29,016 [IPC Server handler 1 on 44238] INFO  net.NetworkTopology (NetworkTopologyImpl.java:add(111)) - Added a new node: /rack1/dfb71ea8-5a43-4574-802a-eb8470866674
2019-11-15 21:51:29,016 [IPC Server handler 1 on 44238] INFO  node.SCMNodeManager (SCMNodeManager.java:register(267)) - Registered Data node : dfb71ea8-5a43-4574-802a-eb8470866674{ip: 192.168.164.223, host: pr-hdds-2493-5rwwl-1515842690, networkLocation: /rack1, certSerialId: null}
2019-11-15 21:51:29,022 [grpc-default-executor-4] INFO  impl.RaftServerProxy (RaftServerProxy.java:addNew(89)) - 25a1269d-d7cc-4acf-80e8-5992809da5ba: addNew group-D9EECF04EEAA:[25a1269d-d7cc-4acf-80e8-5992809da5ba:192.168.164.223:46315] returns group-D9EECF04EEAA:java.util.concurrent.CompletableFuture@1b458434[Not completed]
2019-11-15 21:51:29,023 [pool-539-thread-1] INFO  impl.RaftServerImpl (RaftServerImpl.java:<init>(98)) - 25a1269d-d7cc-4acf-80e8-5992809da5ba: new RaftServerImpl for group-D9EECF04EEAA:[25a1269d-d7cc-4acf-80e8-5992809da5ba:192.168.164.223:46315] with ContainerStateMachine:uninitialized
2019-11-15 21:51:29,024 [pool-539-thread-1] INFO  server.RaftServerConfigKeys (ConfUtils.java:logGet(43)) - raft.server.rpc.timeout.min = 1s (custom)
2019-11-15 21:51:29,024 [pool-539-thread-1] INFO  server.RaftServerConfigKeys (ConfUtils.java:logGet(43)) - raft.server.rpc.timeout.max = 1200ms (custom)
2019-11-15 21:51:29,024 [pool-539-thread-1] INFO  server.RaftServerConfigKeys (ConfUtils.java:logGet(43)) - raft.server.rpcslowness.timeout = 120s (custom)
2019-11-15 21:51:29,024 [pool-539-thread-1] INFO  server.RaftServerConfigKeys (ConfUtils.java:logGet(43)) - raft.server.sleep.deviation.threshold = 300 (default)
2019-11-15 21:51:29,024 [pool-539-thread-1] INFO  server.RaftServerConfigKeys (ConfUtils.java:logGet(43)) - raft.server.log.appender.install.snapshot.enabled = false (custom)
2019-11-15 21:51:29,024 [pool-539-thread-1] INFO  impl.RaftServerImpl (ServerState.java:<init>(103)) - 25a1269d-d7cc-4acf-80e8-5992809da5ba@group-D9EECF04EEAA: ConfigurationManager, init=-1: [25a1269d-d7cc-4acf-80e8-5992809da5ba:192.168.164.223:46315], old=null, confs=<EMPTY_MAP>
2019-11-15 21:51:29,024 [pool-539-thread-1] INFO  server.RaftServerConfigKeys (ConfUtils.java:logGet(43)) - raft.server.storage.dir = [/workdir/hadoop-ozone/integration-test/target/test-dir/MiniOzoneClusterImpl-e150a234-18da-4756-b2e5-8eb09f38746c/datanode-3/data/ratis] (custom)
2019-11-15 21:51:29,024 [pool-539-thread-1] INFO  server.RaftServerConfigKeys (ConfUtils.java:logGet(43)) - raft.server.log.corruption.policy = EXCEPTION (default)
2019-11-15 21:51:29,025 [pool-539-thread-1] INFO  storage.RaftStorageDirectory (RaftStorageDirectory.java:analyzeStorage(246)) - The storage directory /workdir/hadoop-ozone/integration-test/target/test-dir/MiniOzoneClusterImpl-e150a234-18da-4756-b2e5-8eb09f38746c/datanode-3/data/ratis/fd595410-54d5-43ae-a99f-d9eecf04eeaa does not exist. Creating ...
2019-11-15 21:51:29,038 [pool-539-thread-1] INFO  storage.RaftStorageDirectory (RaftStorageDirectory.java:tryLock(328)) - Lock on /workdir/hadoop-ozone/integration-test/target/test-dir/MiniOzoneClusterImpl-e150a234-18da-4756-b2e5-8eb09f38746c/datanode-3/data/ratis/fd595410-54d5-43ae-a99f-d9eecf04eeaa/in_use.lock acquired by nodename 4447@pr-hdds-2493-5rwwl-1515842690
2019-11-15 21:51:29,050 [pool-539-thread-1] INFO  storage.RaftStorage (RaftStorage.java:format(84)) - Storage directory /workdir/hadoop-ozone/integration-test/target/test-dir/MiniOzoneClusterImpl-e150a234-18da-4756-b2e5-8eb09f38746c/datanode-3/data/ratis/fd595410-54d5-43ae-a99f-d9eecf04eeaa has been successfully formatted.
2019-11-15 21:51:29,050 [pool-539-thread-1] INFO  ratis.ContainerStateMachine (ContainerStateMachine.java:loadSnapshot(223)) - group-D9EECF04EEAA: The snapshot info is null. Setting the last applied indexto:(t:0, i:~)
2019-11-15 21:51:29,051 [pool-539-thread-1] INFO  server.RaftServerConfigKeys (ConfUtils.java:logGet(43)) - raft.server.notification.no-leader.timeout = 120s (custom)
2019-11-15 21:51:29,051 [pool-539-thread-1] INFO  server.RaftServerConfigKeys (ConfUtils.java:logGet(43)) - raft.server.log.use.memory = false (default)
2019-11-15 21:51:29,051 [pool-539-thread-1] INFO  server.RaftServerConfigKeys (ConfUtils.java:logGet(43)) - raft.server.log.purge.gap = 1000000 (custom)
2019-11-15 21:51:29,051 [pool-539-thread-1] INFO  server.RaftServerConfigKeys (ConfUtils.java:logGet(43)) - raft.server.log.appender.buffer.byte-limit = 33554432 (custom)
2019-11-15 21:51:29,051 [pool-539-thread-1] INFO  server.RaftServerConfigKeys (ConfUtils.java:logGet(43)) - raft.server.log.segment.size.max = 1048576 (custom)
2019-11-15 21:51:29,051 [pool-539-thread-1] WARN  impl.MetricRegistriesImpl (MetricRegistriesImpl.java:lambda$create$1(61)) - First MetricRegistry has been created without registering reporters. You may need to call MetricRegistries.global().addReportRegistration(...) before.
2019-11-15 21:51:29,051 [pool-539-thread-1] INFO  server.RaftServerConfigKeys (ConfUtils.java:logGet(43)) - raft.server.log.segment.cache.num.max = 2 (custom)
2019-11-15 21:51:29,051 [pool-539-thread-1] INFO  segmented.SegmentedRaftLogWorker (SegmentedRaftLogWorker.java:<init>(173)) - new 25a1269d-d7cc-4acf-80e8-5992809da5ba@group-D9EECF04EEAA-SegmentedRaftLogWorker for RaftStorage:Storage Directory /workdir/hadoop-ozone/integration-test/target/test-dir/MiniOzoneClusterImpl-e150a234-18da-4756-b2e5-8eb09f38746c/datanode-3/data/ratis/fd595410-54d5-43ae-a99f-d9eecf04eeaa
2019-11-15 21:51:29,051 [pool-539-thread-1] INFO  server.RaftServerConfigKeys (ConfUtils.java:logGet(43)) - raft.server.log.queue.byte-limit = 2147483647 (custom)
2019-11-15 21:51:29,051 [pool-539-thread-1] INFO  server.RaftServerConfigKeys (ConfUtils.java:logGet(43)) - raft.server.log.queue.element-limit = 1024 (custom)
2019-11-15 21:51:29,052 [pool-539-thread-1] INFO  server.RaftServerConfigKeys (ConfUtils.java:logGet(43)) - raft.server.log.segment.size.max = 1048576 (custom)
2019-11-15 21:51:29,052 [pool-539-thread-1] INFO  server.RaftServerConfigKeys (ConfUtils.java:logGet(43)) - raft.server.log.preallocated.size = 16384 (custom)
2019-11-15 21:51:29,052 [pool-539-thread-1] INFO  server.RaftServerConfigKeys (ConfUtils.java:logGet(43)) - raft.server.log.write.buffer.size = 33554432 (custom)
2019-11-15 21:51:29,052 [pool-539-thread-1] INFO  server.RaftServerConfigKeys (ConfUtils.java:logGet(43)) - raft.server.log.force.sync.num = 128 (default)
2019-11-15 21:51:29,052 [pool-539-thread-1] INFO  server.RaftServerConfigKeys (ConfUtils.java:logGet(43)) - raft.server.log.statemachine.data.sync = true (default)
2019-11-15 21:51:29,052 [pool-539-thread-1] INFO  server.RaftServerConfigKeys (ConfUtils.java:logGet(43)) - raft.server.log.statemachine.data.sync.timeout = 10s (default)
2019-11-15 21:51:29,052 [pool-539-thread-1] INFO  server.RaftServerConfigKeys (ConfUtils.java:logGet(43)) - raft.server.log.statemachine.data.sync.timeout.retry = -1 (default)
2019-11-15 21:51:29,052 [pool-539-thread-1] INFO  server.RaftServerConfigKeys (ConfUtils.java:logGet(43)) - raft.server.log.statemachine.data.caching.enabled = true (custom)
2019-11-15 21:51:29,052 [pool-539-thread-1] INFO  segmented.SegmentedRaftLogWorker (SegmentedRaftLogWorker.java:lambda$new$0(128)) - 25a1269d-d7cc-4acf-80e8-5992809da5ba@group-D9EECF04EEAA-SegmentedRaftLogWorker: flushIndex: setUnconditionally 0 -> -1
2019-11-15 21:51:29,053 [pool-539-thread-1] INFO  server.RaftServerConfigKeys (ConfUtils.java:logGet(43)) - raft.server.snapshot.auto.trigger.enabled = true (custom)
2019-11-15 21:51:29,053 [pool-539-thread-1] INFO  server.RaftServerConfigKeys (ConfUtils.java:logGet(43)) - raft.server.snapshot.auto.trigger.threshold = 10000 (custom)
2019-11-15 21:51:29,053 [pool-539-thread-1] INFO  server.RaftServerConfigKeys (ConfUtils.java:logGet(43)) - raft.server.snapshot.retention.file.num = 5 (custom)
2019-11-15 21:51:29,053 [pool-539-thread-1] INFO  server.RaftServerConfigKeys (ConfUtils.java:logGet(43)) - raft.server.retrycache.expirytime = 600000ms (custom)
2019-11-15 21:51:29,053 [pool-539-thread-1] WARN  impl.MetricRegistriesImpl (MetricRegistriesImpl.java:lambda$create$1(61)) - First MetricRegistry has been created without registering reporters. You may need to call MetricRegistries.global().addReportRegistration(...) before.
2019-11-15 21:51:29,053 [pool-539-thread-1] WARN  impl.MetricRegistriesImpl (MetricRegistriesImpl.java:lambda$create$1(61)) - First MetricRegistry has been created without registering reporters. You may need to call MetricRegistries.global().addReportRegistration(...) before.
2019-11-15 21:51:29,053 [pool-539-thread-1] INFO  impl.RaftServerImpl (RaftServerImpl.java:start(184)) - 25a1269d-d7cc-4acf-80e8-5992809da5ba@group-D9EECF04EEAA: start as a follower, conf=-1: [25a1269d-d7cc-4acf-80e8-5992809da5ba:192.168.164.223:46315], old=null
2019-11-15 21:51:29,053 [pool-539-thread-1] INFO  impl.RaftServerImpl (RaftServerImpl.java:setRole(173)) - 25a1269d-d7cc-4acf-80e8-5992809da5ba@group-D9EECF04EEAA: changes role from      null to FOLLOWER at term 0 for startAsFollower
2019-11-15 21:51:29,053 [pool-539-thread-1] INFO  impl.RoleInfo (RoleInfo.java:updateAndGet(143)) - 25a1269d-d7cc-4acf-80e8-5992809da5ba: start FollowerState
2019-11-15 21:51:29,054 [pool-539-thread-1] INFO  util.JmxRegister (JmxRegister.java:tryRegister(44)) - Successfully registered JMX Bean with object name Ratis:service=RaftServer,group=group-D9EECF04EEAA,id=25a1269d-d7cc-4acf-80e8-5992809da5ba
2019-11-15 21:51:29,054 [pool-539-thread-1] WARN  impl.MetricRegistriesImpl (MetricRegistriesImpl.java:lambda$create$1(61)) - First MetricRegistry has been created without registering reporters. You may need to call MetricRegistries.global().addReportRegistration(...) before.
2019-11-15 21:51:29,056 [RatisPipelineUtilsThread] INFO  pipeline.PipelineStateManager (PipelineStateManager.java:addPipeline(55)) - Created pipeline Pipeline[ Id: fd595410-54d5-43ae-a99f-d9eecf04eeaa, Nodes: 25a1269d-d7cc-4acf-80e8-5992809da5ba{ip: 192.168.164.223, host: pr-hdds-2493-5rwwl-1515842690, networkLocation: /rack1, certSerialId: null}, Type:RATIS, Factor:ONE, State:ALLOCATED]
2019-11-15 21:51:29,061 [grpc-default-executor-4] INFO  impl.RaftServerProxy (RaftServerProxy.java:addNew(89)) - dfb71ea8-5a43-4574-802a-eb8470866674: addNew group-C3936401C52F:[dfb71ea8-5a43-4574-802a-eb8470866674:192.168.164.223:45914] returns group-C3936401C52F:java.util.concurrent.CompletableFuture@723d35ba[Not completed]
2019-11-15 21:51:29,062 [pool-549-thread-1] INFO  impl.RaftServerImpl (RaftServerImpl.java:<init>(98)) - dfb71ea8-5a43-4574-802a-eb8470866674: new RaftServerImpl for group-C3936401C52F:[dfb71ea8-5a43-4574-802a-eb8470866674:192.168.164.223:45914] with ContainerStateMachine:uninitialized
2019-11-15 21:51:29,063 [pool-549-thread-1] INFO  server.RaftServerConfigKeys (ConfUtils.java:logGet(43)) - raft.server.rpc.timeout.min = 1s (custom)
2019-11-15 21:51:29,063 [pool-549-thread-1] INFO  server.RaftServerConfigKeys (ConfUtils.java:logGet(43)) - raft.server.rpc.timeout.max = 1200ms (custom)
2019-11-15 21:51:29,063 [pool-549-thread-1] INFO  server.RaftServerConfigKeys (ConfUtils.java:logGet(43)) - raft.server.rpcslowness.timeout = 120s (custom)
2019-11-15 21:51:29,063 [pool-549-thread-1] INFO  server.RaftServerConfigKeys (ConfUtils.java:logGet(43)) - raft.server.sleep.deviation.threshold = 300 (default)
2019-11-15 21:51:29,063 [pool-549-thread-1] INFO  server.RaftServerConfigKeys (ConfUtils.java:logGet(43)) - raft.server.log.appender.install.snapshot.enabled = false (custom)
2019-11-15 21:51:29,063 [pool-549-thread-1] INFO  impl.RaftServerImpl (ServerState.java:<init>(103)) - dfb71ea8-5a43-4574-802a-eb8470866674@group-C3936401C52F: ConfigurationManager, init=-1: [dfb71ea8-5a43-4574-802a-eb8470866674:192.168.164.223:45914], old=null, confs=<EMPTY_MAP>
2019-11-15 21:51:29,063 [pool-549-thread-1] INFO  server.RaftServerConfigKeys (ConfUtils.java:logGet(43)) - raft.server.storage.dir = [/workdir/hadoop-ozone/integration-test/target/test-dir/MiniOzoneClusterImpl-e150a234-18da-4756-b2e5-8eb09f38746c/datanode-4/data/ratis] (custom)
2019-11-15 21:51:29,064 [pool-549-thread-1] INFO  server.RaftServerConfigKeys (ConfUtils.java:logGet(43)) - raft.server.log.corruption.policy = EXCEPTION (default)
2019-11-15 21:51:29,064 [pool-549-thread-1] INFO  storage.RaftStorageDirectory (RaftStorageDirectory.java:analyzeStorage(246)) - The storage directory /workdir/hadoop-ozone/integration-test/target/test-dir/MiniOzoneClusterImpl-e150a234-18da-4756-b2e5-8eb09f38746c/datanode-4/data/ratis/8d466b63-100d-467b-884d-c3936401c52f does not exist. Creating ...
2019-11-15 21:51:29,077 [pool-549-thread-1] INFO  storage.RaftStorageDirectory (RaftStorageDirectory.java:tryLock(328)) - Lock on /workdir/hadoop-ozone/integration-test/target/test-dir/MiniOzoneClusterImpl-e150a234-18da-4756-b2e5-8eb09f38746c/datanode-4/data/ratis/8d466b63-100d-467b-884d-c3936401c52f/in_use.lock acquired by nodename 4447@pr-hdds-2493-5rwwl-1515842690
2019-11-15 21:51:29,087 [IPC Server handler 4 on 44238] INFO  net.NetworkTopology (NetworkTopologyImpl.java:add(111)) - Added a new node: /rack1/81d95af4-28c6-42b2-8e7d-ef28ff90d39a
2019-11-15 21:51:29,087 [IPC Server handler 4 on 44238] INFO  node.SCMNodeManager (SCMNodeManager.java:register(267)) - Registered Data node : 81d95af4-28c6-42b2-8e7d-ef28ff90d39a{ip: 192.168.164.223, host: pr-hdds-2493-5rwwl-1515842690, networkLocation: /rack1, certSerialId: null}
2019-11-15 21:51:29,098 [pool-549-thread-1] INFO  storage.RaftStorage (RaftStorage.java:format(84)) - Storage directory /workdir/hadoop-ozone/integration-test/target/test-dir/MiniOzoneClusterImpl-e150a234-18da-4756-b2e5-8eb09f38746c/datanode-4/data/ratis/8d466b63-100d-467b-884d-c3936401c52f has been successfully formatted.
2019-11-15 21:51:29,099 [pool-549-thread-1] INFO  ratis.ContainerStateMachine (ContainerStateMachine.java:loadSnapshot(223)) - group-C3936401C52F: The snapshot info is null. Setting the last applied indexto:(t:0, i:~)
2019-11-15 21:51:29,099 [pool-549-thread-1] INFO  server.RaftServerConfigKeys (ConfUtils.java:logGet(43)) - raft.server.notification.no-leader.timeout = 120s (custom)
2019-11-15 21:51:29,099 [pool-549-thread-1] INFO  server.RaftServerConfigKeys (ConfUtils.java:logGet(43)) - raft.server.log.use.memory = false (default)
2019-11-15 21:51:29,099 [pool-549-thread-1] INFO  server.RaftServerConfigKeys (ConfUtils.java:logGet(43)) - raft.server.log.purge.gap = 1000000 (custom)
2019-11-15 21:51:29,099 [pool-549-thread-1] INFO  server.RaftServerConfigKeys (ConfUtils.java:logGet(43)) - raft.server.log.appender.buffer.byte-limit = 33554432 (custom)
2019-11-15 21:51:29,099 [pool-549-thread-1] INFO  server.RaftServerConfigKeys (ConfUtils.java:logGet(43)) - raft.server.log.segment.size.max = 1048576 (custom)
2019-11-15 21:51:29,099 [pool-549-thread-1] WARN  impl.MetricRegistriesImpl (MetricRegistriesImpl.java:lambda$create$1(61)) - First MetricRegistry has been created without registering reporters. You may need to call MetricRegistries.global().addReportRegistration(...) before.
2019-11-15 21:51:29,099 [pool-549-thread-1] INFO  server.RaftServerConfigKeys (ConfUtils.java:logGet(43)) - raft.server.log.segment.cache.num.max = 2 (custom)
2019-11-15 21:51:29,099 [pool-549-thread-1] INFO  segmented.SegmentedRaftLogWorker (SegmentedRaftLogWorker.java:<init>(173)) - new dfb71ea8-5a43-4574-802a-eb8470866674@group-C3936401C52F-SegmentedRaftLogWorker for RaftStorage:Storage Directory /workdir/hadoop-ozone/integration-test/target/test-dir/MiniOzoneClusterImpl-e150a234-18da-4756-b2e5-8eb09f38746c/datanode-4/data/ratis/8d466b63-100d-467b-884d-c3936401c52f
2019-11-15 21:51:29,100 [pool-549-thread-1] INFO  server.RaftServerConfigKeys (ConfUtils.java:logGet(43)) - raft.server.log.queue.byte-limit = 2147483647 (custom)
2019-11-15 21:51:29,100 [pool-549-thread-1] INFO  server.RaftServerConfigKeys (ConfUtils.java:logGet(43)) - raft.server.log.queue.element-limit = 1024 (custom)
2019-11-15 21:51:29,100 [pool-549-thread-1] INFO  server.RaftServerConfigKeys (ConfUtils.java:logGet(43)) - raft.server.log.segment.size.max = 1048576 (custom)
2019-11-15 21:51:29,100 [pool-549-thread-1] INFO  server.RaftServerConfigKeys (ConfUtils.java:logGet(43)) - raft.server.log.preallocated.size = 16384 (custom)
2019-11-15 21:51:29,100 [pool-549-thread-1] INFO  server.RaftServerConfigKeys (ConfUtils.java:logGet(43)) - raft.server.log.write.buffer.size = 33554432 (custom)
2019-11-15 21:51:29,100 [pool-549-thread-1] INFO  server.RaftServerConfigKeys (ConfUtils.java:logGet(43)) - raft.server.log.force.sync.num = 128 (default)
2019-11-15 21:51:29,100 [pool-549-thread-1] INFO  server.RaftServerConfigKeys (ConfUtils.java:logGet(43)) - raft.server.log.statemachine.data.sync = true (default)
2019-11-15 21:51:29,100 [pool-549-thread-1] INFO  server.RaftServerConfigKeys (ConfUtils.java:logGet(43)) - raft.server.log.statemachine.data.sync.timeout = 10s (default)
2019-11-15 21:51:29,100 [pool-549-thread-1] INFO  server.RaftServerConfigKeys (ConfUtils.java:logGet(43)) - raft.server.log.statemachine.data.sync.timeout.retry = -1 (default)
2019-11-15 21:51:29,101 [pool-549-thread-1] INFO  server.RaftServerConfigKeys (ConfUtils.java:logGet(43)) - raft.server.log.statemachine.data.caching.enabled = true (custom)
2019-11-15 21:51:29,101 [pool-549-thread-1] INFO  segmented.SegmentedRaftLogWorker (SegmentedRaftLogWorker.java:lambda$new$0(128)) - dfb71ea8-5a43-4574-802a-eb8470866674@group-C3936401C52F-SegmentedRaftLogWorker: flushIndex: setUnconditionally 0 -> -1
2019-11-15 21:51:29,101 [pool-549-thread-1] INFO  server.RaftServerConfigKeys (ConfUtils.java:logGet(43)) - raft.server.snapshot.auto.trigger.enabled = true (custom)
2019-11-15 21:51:29,101 [pool-549-thread-1] INFO  server.RaftServerConfigKeys (ConfUtils.java:logGet(43)) - raft.server.snapshot.auto.trigger.threshold = 10000 (custom)
2019-11-15 21:51:29,101 [pool-549-thread-1] INFO  server.RaftServerConfigKeys (ConfUtils.java:logGet(43)) - raft.server.snapshot.retention.file.num = 5 (custom)
2019-11-15 21:51:29,101 [pool-549-thread-1] INFO  server.RaftServerConfigKeys (ConfUtils.java:logGet(43)) - raft.server.retrycache.expirytime = 600000ms (custom)
2019-11-15 21:51:29,102 [pool-549-thread-1] WARN  impl.MetricRegistriesImpl (MetricRegistriesImpl.java:lambda$create$1(61)) - First MetricRegistry has been created without registering reporters. You may need to call MetricRegistries.global().addReportRegistration(...) before.
2019-11-15 21:51:29,102 [pool-549-thread-1] WARN  impl.MetricRegistriesImpl (MetricRegistriesImpl.java:lambda$create$1(61)) - First MetricRegistry has been created without registering reporters. You may need to call MetricRegistries.global().addReportRegistration(...) before.
2019-11-15 21:51:29,102 [pool-549-thread-1] INFO  impl.RaftServerImpl (RaftServerImpl.java:start(184)) - dfb71ea8-5a43-4574-802a-eb8470866674@group-C3936401C52F: start as a follower, conf=-1: [dfb71ea8-5a43-4574-802a-eb8470866674:192.168.164.223:45914], old=null
2019-11-15 21:51:29,102 [pool-549-thread-1] INFO  impl.RaftServerImpl (RaftServerImpl.java:setRole(173)) - dfb71ea8-5a43-4574-802a-eb8470866674@group-C3936401C52F: changes role from      null to FOLLOWER at term 0 for startAsFollower
2019-11-15 21:51:29,102 [pool-549-thread-1] INFO  impl.RoleInfo (RoleInfo.java:updateAndGet(143)) - dfb71ea8-5a43-4574-802a-eb8470866674: start FollowerState
2019-11-15 21:51:29,102 [pool-549-thread-1] INFO  util.JmxRegister (JmxRegister.java:tryRegister(44)) - Successfully registered JMX Bean with object name Ratis:service=RaftServer,group=group-C3936401C52F,id=dfb71ea8-5a43-4574-802a-eb8470866674
2019-11-15 21:51:29,102 [pool-549-thread-1] WARN  impl.MetricRegistriesImpl (MetricRegistriesImpl.java:lambda$create$1(61)) - First MetricRegistry has been created without registering reporters. You may need to call MetricRegistries.global().addReportRegistration(...) before.
2019-11-15 21:51:29,105 [RatisPipelineUtilsThread] INFO  pipeline.PipelineStateManager (PipelineStateManager.java:addPipeline(55)) - Created pipeline Pipeline[ Id: 8d466b63-100d-467b-884d-c3936401c52f, Nodes: dfb71ea8-5a43-4574-802a-eb8470866674{ip: 192.168.164.223, host: pr-hdds-2493-5rwwl-1515842690, networkLocation: /rack1, certSerialId: null}, Type:RATIS, Factor:ONE, State:ALLOCATED]
2019-11-15 21:51:29,111 [grpc-default-executor-4] INFO  impl.RaftServerProxy (RaftServerProxy.java:addNew(89)) - 81d95af4-28c6-42b2-8e7d-ef28ff90d39a: addNew group-FD679F772943:[81d95af4-28c6-42b2-8e7d-ef28ff90d39a:192.168.164.223:42674] returns group-FD679F772943:java.util.concurrent.CompletableFuture@12381002[Not completed]
2019-11-15 21:51:29,112 [pool-559-thread-1] INFO  impl.RaftServerImpl (RaftServerImpl.java:<init>(98)) - 81d95af4-28c6-42b2-8e7d-ef28ff90d39a: new RaftServerImpl for group-FD679F772943:[81d95af4-28c6-42b2-8e7d-ef28ff90d39a:192.168.164.223:42674] with ContainerStateMachine:uninitialized
2019-11-15 21:51:29,112 [pool-559-thread-1] INFO  server.RaftServerConfigKeys (ConfUtils.java:logGet(43)) - raft.server.rpc.timeout.min = 1s (custom)
2019-11-15 21:51:29,112 [pool-559-thread-1] INFO  server.RaftServerConfigKeys (ConfUtils.java:logGet(43)) - raft.server.rpc.timeout.max = 1200ms (custom)
2019-11-15 21:51:29,112 [pool-559-thread-1] INFO  server.RaftServerConfigKeys (ConfUtils.java:logGet(43)) - raft.server.rpcslowness.timeout = 120s (custom)
2019-11-15 21:51:29,112 [pool-559-thread-1] INFO  server.RaftServerConfigKeys (ConfUtils.java:logGet(43)) - raft.server.sleep.deviation.threshold = 300 (default)
2019-11-15 21:51:29,113 [pool-559-thread-1] INFO  server.RaftServerConfigKeys (ConfUtils.java:logGet(43)) - raft.server.log.appender.install.snapshot.enabled = false (custom)
2019-11-15 21:51:29,113 [pool-559-thread-1] INFO  impl.RaftServerImpl (ServerState.java:<init>(103)) - 81d95af4-28c6-42b2-8e7d-ef28ff90d39a@group-FD679F772943: ConfigurationManager, init=-1: [81d95af4-28c6-42b2-8e7d-ef28ff90d39a:192.168.164.223:42674], old=null, confs=<EMPTY_MAP>
2019-11-15 21:51:29,113 [pool-559-thread-1] INFO  server.RaftServerConfigKeys (ConfUtils.java:logGet(43)) - raft.server.storage.dir = [/workdir/hadoop-ozone/integration-test/target/test-dir/MiniOzoneClusterImpl-e150a234-18da-4756-b2e5-8eb09f38746c/datanode-5/data/ratis] (custom)
2019-11-15 21:51:29,113 [pool-559-thread-1] INFO  server.RaftServerConfigKeys (ConfUtils.java:logGet(43)) - raft.server.log.corruption.policy = EXCEPTION (default)
2019-11-15 21:51:29,113 [pool-559-thread-1] INFO  storage.RaftStorageDirectory (RaftStorageDirectory.java:analyzeStorage(246)) - The storage directory /workdir/hadoop-ozone/integration-test/target/test-dir/MiniOzoneClusterImpl-e150a234-18da-4756-b2e5-8eb09f38746c/datanode-5/data/ratis/c6ce1db3-9142-41ad-9cf3-fd679f772943 does not exist. Creating ...
2019-11-15 21:51:29,127 [pool-559-thread-1] INFO  storage.RaftStorageDirectory (RaftStorageDirectory.java:tryLock(328)) - Lock on /workdir/hadoop-ozone/integration-test/target/test-dir/MiniOzoneClusterImpl-e150a234-18da-4756-b2e5-8eb09f38746c/datanode-5/data/ratis/c6ce1db3-9142-41ad-9cf3-fd679f772943/in_use.lock acquired by nodename 4447@pr-hdds-2493-5rwwl-1515842690
2019-11-15 21:51:29,140 [pool-559-thread-1] INFO  storage.RaftStorage (RaftStorage.java:format(84)) - Storage directory /workdir/hadoop-ozone/integration-test/target/test-dir/MiniOzoneClusterImpl-e150a234-18da-4756-b2e5-8eb09f38746c/datanode-5/data/ratis/c6ce1db3-9142-41ad-9cf3-fd679f772943 has been successfully formatted.
2019-11-15 21:51:29,141 [pool-559-thread-1] INFO  ratis.ContainerStateMachine (ContainerStateMachine.java:loadSnapshot(223)) - group-FD679F772943: The snapshot info is null. Setting the last applied indexto:(t:0, i:~)
2019-11-15 21:51:29,141 [pool-559-thread-1] INFO  server.RaftServerConfigKeys (ConfUtils.java:logGet(43)) - raft.server.notification.no-leader.timeout = 120s (custom)
2019-11-15 21:51:29,141 [pool-559-thread-1] INFO  server.RaftServerConfigKeys (ConfUtils.java:logGet(43)) - raft.server.log.use.memory = false (default)
2019-11-15 21:51:29,141 [pool-559-thread-1] INFO  server.RaftServerConfigKeys (ConfUtils.java:logGet(43)) - raft.server.log.purge.gap = 1000000 (custom)
2019-11-15 21:51:29,141 [pool-559-thread-1] INFO  server.RaftServerConfigKeys (ConfUtils.java:logGet(43)) - raft.server.log.appender.buffer.byte-limit = 33554432 (custom)
2019-11-15 21:51:29,141 [pool-559-thread-1] INFO  server.RaftServerConfigKeys (ConfUtils.java:logGet(43)) - raft.server.log.segment.size.max = 1048576 (custom)
2019-11-15 21:51:29,141 [pool-559-thread-1] WARN  impl.MetricRegistriesImpl (MetricRegistriesImpl.java:lambda$create$1(61)) - First MetricRegistry has been created without registering reporters. You may need to call MetricRegistries.global().addReportRegistration(...) before.
2019-11-15 21:51:29,141 [pool-559-thread-1] INFO  server.RaftServerConfigKeys (ConfUtils.java:logGet(43)) - raft.server.log.segment.cache.num.max = 2 (custom)
2019-11-15 21:51:29,141 [pool-559-thread-1] INFO  segmented.SegmentedRaftLogWorker (SegmentedRaftLogWorker.java:<init>(173)) - new 81d95af4-28c6-42b2-8e7d-ef28ff90d39a@group-FD679F772943-SegmentedRaftLogWorker for RaftStorage:Storage Directory /workdir/hadoop-ozone/integration-test/target/test-dir/MiniOzoneClusterImpl-e150a234-18da-4756-b2e5-8eb09f38746c/datanode-5/data/ratis/c6ce1db3-9142-41ad-9cf3-fd679f772943
2019-11-15 21:51:29,141 [pool-559-thread-1] INFO  server.RaftServerConfigKeys (ConfUtils.java:logGet(43)) - raft.server.log.queue.byte-limit = 2147483647 (custom)
2019-11-15 21:51:29,141 [pool-559-thread-1] INFO  server.RaftServerConfigKeys (ConfUtils.java:logGet(43)) - raft.server.log.queue.element-limit = 1024 (custom)
2019-11-15 21:51:29,142 [pool-559-thread-1] INFO  server.RaftServerConfigKeys (ConfUtils.java:logGet(43)) - raft.server.log.segment.size.max = 1048576 (custom)
2019-11-15 21:51:29,142 [pool-559-thread-1] INFO  server.RaftServerConfigKeys (ConfUtils.java:logGet(43)) - raft.server.log.preallocated.size = 16384 (custom)
2019-11-15 21:51:29,142 [pool-559-thread-1] INFO  server.RaftServerConfigKeys (ConfUtils.java:logGet(43)) - raft.server.log.write.buffer.size = 33554432 (custom)
2019-11-15 21:51:29,142 [pool-559-thread-1] INFO  server.RaftServerConfigKeys (ConfUtils.java:logGet(43)) - raft.server.log.force.sync.num = 128 (default)
2019-11-15 21:51:29,142 [pool-559-thread-1] INFO  server.RaftServerConfigKeys (ConfUtils.java:logGet(43)) - raft.server.log.statemachine.data.sync = true (default)
2019-11-15 21:51:29,142 [pool-559-thread-1] INFO  server.RaftServerConfigKeys (ConfUtils.java:logGet(43)) - raft.server.log.statemachine.data.sync.timeout = 10s (default)
2019-11-15 21:51:29,142 [pool-559-thread-1] INFO  server.RaftServerConfigKeys (ConfUtils.java:logGet(43)) - raft.server.log.statemachine.data.sync.timeout.retry = -1 (default)
2019-11-15 21:51:29,142 [pool-559-thread-1] INFO  server.RaftServerConfigKeys (ConfUtils.java:logGet(43)) - raft.server.log.statemachine.data.caching.enabled = true (custom)
2019-11-15 21:51:29,142 [pool-559-thread-1] INFO  segmented.SegmentedRaftLogWorker (SegmentedRaftLogWorker.java:lambda$new$0(128)) - 81d95af4-28c6-42b2-8e7d-ef28ff90d39a@group-FD679F772943-SegmentedRaftLogWorker: flushIndex: setUnconditionally 0 -> -1
2019-11-15 21:51:29,143 [pool-559-thread-1] INFO  server.RaftServerConfigKeys (ConfUtils.java:logGet(43)) - raft.server.snapshot.auto.trigger.enabled = true (custom)
2019-11-15 21:51:29,143 [pool-559-thread-1] INFO  server.RaftServerConfigKeys (ConfUtils.java:logGet(43)) - raft.server.snapshot.auto.trigger.threshold = 10000 (custom)
2019-11-15 21:51:29,143 [pool-559-thread-1] INFO  server.RaftServerConfigKeys (ConfUtils.java:logGet(43)) - raft.server.snapshot.retention.file.num = 5 (custom)
2019-11-15 21:51:29,143 [pool-559-thread-1] INFO  server.RaftServerConfigKeys (ConfUtils.java:logGet(43)) - raft.server.retrycache.expirytime = 600000ms (custom)
2019-11-15 21:51:29,143 [pool-559-thread-1] WARN  impl.MetricRegistriesImpl (MetricRegistriesImpl.java:lambda$create$1(61)) - First MetricRegistry has been created without registering reporters. You may need to call MetricRegistries.global().addReportRegistration(...) before.
2019-11-15 21:51:29,143 [pool-559-thread-1] WARN  impl.MetricRegistriesImpl (MetricRegistriesImpl.java:lambda$create$1(61)) - First MetricRegistry has been created without registering reporters. You may need to call MetricRegistries.global().addReportRegistration(...) before.
2019-11-15 21:51:29,143 [pool-559-thread-1] INFO  impl.RaftServerImpl (RaftServerImpl.java:start(184)) - 81d95af4-28c6-42b2-8e7d-ef28ff90d39a@group-FD679F772943: start as a follower, conf=-1: [81d95af4-28c6-42b2-8e7d-ef28ff90d39a:192.168.164.223:42674], old=null
2019-11-15 21:51:29,143 [pool-559-thread-1] INFO  impl.RaftServerImpl (RaftServerImpl.java:setRole(173)) - 81d95af4-28c6-42b2-8e7d-ef28ff90d39a@group-FD679F772943: changes role from      null to FOLLOWER at term 0 for startAsFollower
2019-11-15 21:51:29,144 [pool-559-thread-1] INFO  impl.RoleInfo (RoleInfo.java:updateAndGet(143)) - 81d95af4-28c6-42b2-8e7d-ef28ff90d39a: start FollowerState
2019-11-15 21:51:29,144 [pool-559-thread-1] INFO  util.JmxRegister (JmxRegister.java:tryRegister(44)) - Successfully registered JMX Bean with object name Ratis:service=RaftServer,group=group-FD679F772943,id=81d95af4-28c6-42b2-8e7d-ef28ff90d39a
2019-11-15 21:51:29,144 [pool-559-thread-1] WARN  impl.MetricRegistriesImpl (MetricRegistriesImpl.java:lambda$create$1(61)) - First MetricRegistry has been created without registering reporters. You may need to call MetricRegistries.global().addReportRegistration(...) before.
2019-11-15 21:51:29,146 [RatisPipelineUtilsThread] INFO  pipeline.PipelineStateManager (PipelineStateManager.java:addPipeline(55)) - Created pipeline Pipeline[ Id: c6ce1db3-9142-41ad-9cf3-fd679f772943, Nodes: 81d95af4-28c6-42b2-8e7d-ef28ff90d39a{ip: 192.168.164.223, host: pr-hdds-2493-5rwwl-1515842690, networkLocation: /rack1, certSerialId: null}, Type:RATIS, Factor:ONE, State:ALLOCATED]
2019-11-15 21:51:29,156 [grpc-default-executor-0] INFO  impl.RaftServerProxy (RaftServerProxy.java:addNew(89)) - dfb71ea8-5a43-4574-802a-eb8470866674: addNew group-838FBF1CEC89:[81d95af4-28c6-42b2-8e7d-ef28ff90d39a:192.168.164.223:42674, dfb71ea8-5a43-4574-802a-eb8470866674:192.168.164.223:45914, 25a1269d-d7cc-4acf-80e8-5992809da5ba:192.168.164.223:46315] returns group-838FBF1CEC89:java.util.concurrent.CompletableFuture@37383fc5[Not completed]
2019-11-15 21:51:29,156 [grpc-default-executor-6] INFO  impl.RaftServerProxy (RaftServerProxy.java:addNew(89)) - 25a1269d-d7cc-4acf-80e8-5992809da5ba: addNew group-838FBF1CEC89:[81d95af4-28c6-42b2-8e7d-ef28ff90d39a:192.168.164.223:42674, dfb71ea8-5a43-4574-802a-eb8470866674:192.168.164.223:45914, 25a1269d-d7cc-4acf-80e8-5992809da5ba:192.168.164.223:46315] returns group-838FBF1CEC89:java.util.concurrent.CompletableFuture@57ad8234[Not completed]
2019-11-15 21:51:29,156 [grpc-default-executor-4] INFO  impl.RaftServerProxy (RaftServerProxy.java:addNew(89)) - 81d95af4-28c6-42b2-8e7d-ef28ff90d39a: addNew group-838FBF1CEC89:[81d95af4-28c6-42b2-8e7d-ef28ff90d39a:192.168.164.223:42674, dfb71ea8-5a43-4574-802a-eb8470866674:192.168.164.223:45914, 25a1269d-d7cc-4acf-80e8-5992809da5ba:192.168.164.223:46315] returns group-838FBF1CEC89:java.util.concurrent.CompletableFuture@3f34d4c2[Not completed]
2019-11-15 21:51:29,157 [pool-549-thread-1] INFO  impl.RaftServerImpl (RaftServerImpl.java:<init>(98)) - dfb71ea8-5a43-4574-802a-eb8470866674: new RaftServerImpl for group-838FBF1CEC89:[81d95af4-28c6-42b2-8e7d-ef28ff90d39a:192.168.164.223:42674, dfb71ea8-5a43-4574-802a-eb8470866674:192.168.164.223:45914, 25a1269d-d7cc-4acf-80e8-5992809da5ba:192.168.164.223:46315] with ContainerStateMachine:uninitialized
2019-11-15 21:51:29,157 [pool-549-thread-1] INFO  server.RaftServerConfigKeys (ConfUtils.java:logGet(43)) - raft.server.rpc.timeout.min = 1s (custom)
2019-11-15 21:51:29,157 [pool-549-thread-1] INFO  server.RaftServerConfigKeys (ConfUtils.java:logGet(43)) - raft.server.rpc.timeout.max = 1200ms (custom)
2019-11-15 21:51:29,157 [pool-549-thread-1] INFO  server.RaftServerConfigKeys (ConfUtils.java:logGet(43)) - raft.server.rpcslowness.timeout = 120s (custom)
2019-11-15 21:51:29,157 [pool-549-thread-1] INFO  server.RaftServerConfigKeys (ConfUtils.java:logGet(43)) - raft.server.sleep.deviation.threshold = 300 (default)
2019-11-15 21:51:29,157 [pool-559-thread-1] INFO  impl.RaftServerImpl (RaftServerImpl.java:<init>(98)) - 81d95af4-28c6-42b2-8e7d-ef28ff90d39a: new RaftServerImpl for group-838FBF1CEC89:[81d95af4-28c6-42b2-8e7d-ef28ff90d39a:192.168.164.223:42674, dfb71ea8-5a43-4574-802a-eb8470866674:192.168.164.223:45914, 25a1269d-d7cc-4acf-80e8-5992809da5ba:192.168.164.223:46315] with ContainerStateMachine:uninitialized
2019-11-15 21:51:29,157 [pool-549-thread-1] INFO  server.RaftServerConfigKeys (ConfUtils.java:logGet(43)) - raft.server.log.appender.install.snapshot.enabled = false (custom)
2019-11-15 21:51:29,158 [pool-559-thread-1] INFO  server.RaftServerConfigKeys (ConfUtils.java:logGet(43)) - raft.server.rpc.timeout.min = 1s (custom)
2019-11-15 21:51:29,158 [pool-549-thread-1] INFO  impl.RaftServerImpl (ServerState.java:<init>(103)) - dfb71ea8-5a43-4574-802a-eb8470866674@group-838FBF1CEC89: ConfigurationManager, init=-1: [81d95af4-28c6-42b2-8e7d-ef28ff90d39a:192.168.164.223:42674, dfb71ea8-5a43-4574-802a-eb8470866674:192.168.164.223:45914, 25a1269d-d7cc-4acf-80e8-5992809da5ba:192.168.164.223:46315], old=null, confs=<EMPTY_MAP>
2019-11-15 21:51:29,158 [pool-559-thread-1] INFO  server.RaftServerConfigKeys (ConfUtils.java:logGet(43)) - raft.server.rpc.timeout.max = 1200ms (custom)
2019-11-15 21:51:29,158 [pool-549-thread-1] INFO  server.RaftServerConfigKeys (ConfUtils.java:logGet(43)) - raft.server.storage.dir = [/workdir/hadoop-ozone/integration-test/target/test-dir/MiniOzoneClusterImpl-e150a234-18da-4756-b2e5-8eb09f38746c/datanode-4/data/ratis] (custom)
2019-11-15 21:51:29,158 [pool-559-thread-1] INFO  server.RaftServerConfigKeys (ConfUtils.java:logGet(43)) - raft.server.rpcslowness.timeout = 120s (custom)
2019-11-15 21:51:29,158 [pool-539-thread-1] INFO  impl.RaftServerImpl (RaftServerImpl.java:<init>(98)) - 25a1269d-d7cc-4acf-80e8-5992809da5ba: new RaftServerImpl for group-838FBF1CEC89:[81d95af4-28c6-42b2-8e7d-ef28ff90d39a:192.168.164.223:42674, dfb71ea8-5a43-4574-802a-eb8470866674:192.168.164.223:45914, 25a1269d-d7cc-4acf-80e8-5992809da5ba:192.168.164.223:46315] with ContainerStateMachine:uninitialized
2019-11-15 21:51:29,158 [pool-549-thread-1] INFO  server.RaftServerConfigKeys (ConfUtils.java:logGet(43)) - raft.server.log.corruption.policy = EXCEPTION (default)
2019-11-15 21:51:29,158 [pool-559-thread-1] INFO  server.RaftServerConfigKeys (ConfUtils.java:logGet(43)) - raft.server.sleep.deviation.threshold = 300 (default)
2019-11-15 21:51:29,158 [pool-539-thread-1] INFO  server.RaftServerConfigKeys (ConfUtils.java:logGet(43)) - raft.server.rpc.timeout.min = 1s (custom)
2019-11-15 21:51:29,159 [pool-559-thread-1] INFO  server.RaftServerConfigKeys (ConfUtils.java:logGet(43)) - raft.server.log.appender.install.snapshot.enabled = false (custom)
2019-11-15 21:51:29,159 [pool-549-thread-1] INFO  storage.RaftStorageDirectory (RaftStorageDirectory.java:analyzeStorage(246)) - The storage directory /workdir/hadoop-ozone/integration-test/target/test-dir/MiniOzoneClusterImpl-e150a234-18da-4756-b2e5-8eb09f38746c/datanode-4/data/ratis/05df43c7-4952-436f-a14a-838fbf1cec89 does not exist. Creating ...
2019-11-15 21:51:29,159 [pool-559-thread-1] INFO  impl.RaftServerImpl (ServerState.java:<init>(103)) - 81d95af4-28c6-42b2-8e7d-ef28ff90d39a@group-838FBF1CEC89: ConfigurationManager, init=-1: [81d95af4-28c6-42b2-8e7d-ef28ff90d39a:192.168.164.223:42674, dfb71ea8-5a43-4574-802a-eb8470866674:192.168.164.223:45914, 25a1269d-d7cc-4acf-80e8-5992809da5ba:192.168.164.223:46315], old=null, confs=<EMPTY_MAP>
2019-11-15 21:51:29,159 [pool-539-thread-1] INFO  server.RaftServerConfigKeys (ConfUtils.java:logGet(43)) - raft.server.rpc.timeout.max = 1200ms (custom)
2019-11-15 21:51:29,159 [pool-559-thread-1] INFO  server.RaftServerConfigKeys (ConfUtils.java:logGet(43)) - raft.server.storage.dir = [/workdir/hadoop-ozone/integration-test/target/test-dir/MiniOzoneClusterImpl-e150a234-18da-4756-b2e5-8eb09f38746c/datanode-5/data/ratis] (custom)
2019-11-15 21:51:29,159 [pool-539-thread-1] INFO  server.RaftServerConfigKeys (ConfUtils.java:logGet(43)) - raft.server.rpcslowness.timeout = 120s (custom)
2019-11-15 21:51:29,159 [pool-539-thread-1] INFO  server.RaftServerConfigKeys (ConfUtils.java:logGet(43)) - raft.server.sleep.deviation.threshold = 300 (default)
2019-11-15 21:51:29,159 [pool-559-thread-1] INFO  server.RaftServerConfigKeys (ConfUtils.java:logGet(43)) - raft.server.log.corruption.policy = EXCEPTION (default)
2019-11-15 21:51:29,159 [pool-539-thread-1] INFO  server.RaftServerConfigKeys (ConfUtils.java:logGet(43)) - raft.server.log.appender.install.snapshot.enabled = false (custom)
2019-11-15 21:51:29,160 [pool-559-thread-1] INFO  storage.RaftStorageDirectory (RaftStorageDirectory.java:analyzeStorage(246)) - The storage directory /workdir/hadoop-ozone/integration-test/target/test-dir/MiniOzoneClusterImpl-e150a234-18da-4756-b2e5-8eb09f38746c/datanode-5/data/ratis/05df43c7-4952-436f-a14a-838fbf1cec89 does not exist. Creating ...
2019-11-15 21:51:29,160 [pool-539-thread-1] INFO  impl.RaftServerImpl (ServerState.java:<init>(103)) - 25a1269d-d7cc-4acf-80e8-5992809da5ba@group-838FBF1CEC89: ConfigurationManager, init=-1: [81d95af4-28c6-42b2-8e7d-ef28ff90d39a:192.168.164.223:42674, dfb71ea8-5a43-4574-802a-eb8470866674:192.168.164.223:45914, 25a1269d-d7cc-4acf-80e8-5992809da5ba:192.168.164.223:46315], old=null, confs=<EMPTY_MAP>
2019-11-15 21:51:29,160 [pool-539-thread-1] INFO  server.RaftServerConfigKeys (ConfUtils.java:logGet(43)) - raft.server.storage.dir = [/workdir/hadoop-ozone/integration-test/target/test-dir/MiniOzoneClusterImpl-e150a234-18da-4756-b2e5-8eb09f38746c/datanode-3/data/ratis] (custom)
2019-11-15 21:51:29,160 [pool-539-thread-1] INFO  server.RaftServerConfigKeys (ConfUtils.java:logGet(43)) - raft.server.log.corruption.policy = EXCEPTION (default)
2019-11-15 21:51:29,160 [pool-539-thread-1] INFO  storage.RaftStorageDirectory (RaftStorageDirectory.java:analyzeStorage(246)) - The storage directory /workdir/hadoop-ozone/integration-test/target/test-dir/MiniOzoneClusterImpl-e150a234-18da-4756-b2e5-8eb09f38746c/datanode-3/data/ratis/05df43c7-4952-436f-a14a-838fbf1cec89 does not exist. Creating ...
2019-11-15 21:51:29,172 [pool-549-thread-1] INFO  storage.RaftStorageDirectory (RaftStorageDirectory.java:tryLock(328)) - Lock on /workdir/hadoop-ozone/integration-test/target/test-dir/MiniOzoneClusterImpl-e150a234-18da-4756-b2e5-8eb09f38746c/datanode-4/data/ratis/05df43c7-4952-436f-a14a-838fbf1cec89/in_use.lock acquired by nodename 4447@pr-hdds-2493-5rwwl-1515842690
2019-11-15 21:51:29,172 [IPC Server handler 3 on 44238] INFO  net.NetworkTopology (NetworkTopologyImpl.java:add(111)) - Added a new node: /rack1/09667cd7-469d-4450-b7d6-bfa43032ac6a
2019-11-15 21:51:29,172 [pool-539-thread-1] INFO  storage.RaftStorageDirectory (RaftStorageDirectory.java:tryLock(328)) - Lock on /workdir/hadoop-ozone/integration-test/target/test-dir/MiniOzoneClusterImpl-e150a234-18da-4756-b2e5-8eb09f38746c/datanode-3/data/ratis/05df43c7-4952-436f-a14a-838fbf1cec89/in_use.lock acquired by nodename 4447@pr-hdds-2493-5rwwl-1515842690
2019-11-15 21:51:29,172 [pool-559-thread-1] INFO  storage.RaftStorageDirectory (RaftStorageDirectory.java:tryLock(328)) - Lock on /workdir/hadoop-ozone/integration-test/target/test-dir/MiniOzoneClusterImpl-e150a234-18da-4756-b2e5-8eb09f38746c/datanode-5/data/ratis/05df43c7-4952-436f-a14a-838fbf1cec89/in_use.lock acquired by nodename 4447@pr-hdds-2493-5rwwl-1515842690
2019-11-15 21:51:29,172 [IPC Server handler 3 on 44238] INFO  node.SCMNodeManager (SCMNodeManager.java:register(267)) - Registered Data node : 09667cd7-469d-4450-b7d6-bfa43032ac6a{ip: 192.168.164.223, host: pr-hdds-2493-5rwwl-1515842690, networkLocation: /rack1, certSerialId: null}
2019-11-15 21:51:29,186 [pool-559-thread-1] INFO  storage.RaftStorage (RaftStorage.java:format(84)) - Storage directory /workdir/hadoop-ozone/integration-test/target/test-dir/MiniOzoneClusterImpl-e150a234-18da-4756-b2e5-8eb09f38746c/datanode-5/data/ratis/05df43c7-4952-436f-a14a-838fbf1cec89 has been successfully formatted.
2019-11-15 21:51:29,186 [pool-549-thread-1] INFO  storage.RaftStorage (RaftStorage.java:format(84)) - Storage directory /workdir/hadoop-ozone/integration-test/target/test-dir/MiniOzoneClusterImpl-e150a234-18da-4756-b2e5-8eb09f38746c/datanode-4/data/ratis/05df43c7-4952-436f-a14a-838fbf1cec89 has been successfully formatted.
2019-11-15 21:51:29,186 [pool-539-thread-1] INFO  storage.RaftStorage (RaftStorage.java:format(84)) - Storage directory /workdir/hadoop-ozone/integration-test/target/test-dir/MiniOzoneClusterImpl-e150a234-18da-4756-b2e5-8eb09f38746c/datanode-3/data/ratis/05df43c7-4952-436f-a14a-838fbf1cec89 has been successfully formatted.
2019-11-15 21:51:29,186 [pool-549-thread-1] INFO  ratis.ContainerStateMachine (ContainerStateMachine.java:loadSnapshot(223)) - group-838FBF1CEC89: The snapshot info is null. Setting the last applied indexto:(t:0, i:~)
2019-11-15 21:51:29,186 [pool-539-thread-1] INFO  ratis.ContainerStateMachine (ContainerStateMachine.java:loadSnapshot(223)) - group-838FBF1CEC89: The snapshot info is null. Setting the last applied indexto:(t:0, i:~)
2019-11-15 21:51:29,186 [pool-559-thread-1] INFO  ratis.ContainerStateMachine (ContainerStateMachine.java:loadSnapshot(223)) - group-838FBF1CEC89: The snapshot info is null. Setting the last applied indexto:(t:0, i:~)
2019-11-15 21:51:29,187 [pool-539-thread-1] INFO  server.RaftServerConfigKeys (ConfUtils.java:logGet(43)) - raft.server.notification.no-leader.timeout = 120s (custom)
2019-11-15 21:51:29,187 [pool-549-thread-1] INFO  server.RaftServerConfigKeys (ConfUtils.java:logGet(43)) - raft.server.notification.no-leader.timeout = 120s (custom)
2019-11-15 21:51:29,187 [pool-539-thread-1] INFO  server.RaftServerConfigKeys (ConfUtils.java:logGet(43)) - raft.server.log.use.memory = false (default)
2019-11-15 21:51:29,187 [pool-559-thread-1] INFO  server.RaftServerConfigKeys (ConfUtils.java:logGet(43)) - raft.server.notification.no-leader.timeout = 120s (custom)
2019-11-15 21:51:29,187 [pool-539-thread-1] INFO  server.RaftServerConfigKeys (ConfUtils.java:logGet(43)) - raft.server.log.purge.gap = 1000000 (custom)
2019-11-15 21:51:29,187 [pool-549-thread-1] INFO  server.RaftServerConfigKeys (ConfUtils.java:logGet(43)) - raft.server.log.use.memory = false (default)
2019-11-15 21:51:29,187 [pool-539-thread-1] INFO  server.RaftServerConfigKeys (ConfUtils.java:logGet(43)) - raft.server.log.appender.buffer.byte-limit = 33554432 (custom)
2019-11-15 21:51:29,187 [pool-559-thread-1] INFO  server.RaftServerConfigKeys (ConfUtils.java:logGet(43)) - raft.server.log.use.memory = false (default)
2019-11-15 21:51:29,188 [pool-539-thread-1] INFO  server.RaftServerConfigKeys (ConfUtils.java:logGet(43)) - raft.server.log.segment.size.max = 1048576 (custom)
2019-11-15 21:51:29,188 [pool-549-thread-1] INFO  server.RaftServerConfigKeys (ConfUtils.java:logGet(43)) - raft.server.log.purge.gap = 1000000 (custom)
2019-11-15 21:51:29,188 [pool-539-thread-1] INFO  server.RaftServerConfigKeys (ConfUtils.java:logGet(43)) - raft.server.log.segment.cache.num.max = 2 (custom)
2019-11-15 21:51:29,188 [pool-559-thread-1] INFO  server.RaftServerConfigKeys (ConfUtils.java:logGet(43)) - raft.server.log.purge.gap = 1000000 (custom)
2019-11-15 21:51:29,188 [pool-539-thread-1] INFO  segmented.SegmentedRaftLogWorker (SegmentedRaftLogWorker.java:<init>(173)) - new 25a1269d-d7cc-4acf-80e8-5992809da5ba@group-838FBF1CEC89-SegmentedRaftLogWorker for RaftStorage:Storage Directory /workdir/hadoop-ozone/integration-test/target/test-dir/MiniOzoneClusterImpl-e150a234-18da-4756-b2e5-8eb09f38746c/datanode-3/data/ratis/05df43c7-4952-436f-a14a-838fbf1cec89
2019-11-15 21:51:29,188 [pool-549-thread-1] INFO  server.RaftServerConfigKeys (ConfUtils.java:logGet(43)) - raft.server.log.appender.buffer.byte-limit = 33554432 (custom)
2019-11-15 21:51:29,188 [pool-539-thread-1] INFO  server.RaftServerConfigKeys (ConfUtils.java:logGet(43)) - raft.server.log.queue.byte-limit = 2147483647 (custom)
2019-11-15 21:51:29,188 [pool-559-thread-1] INFO  server.RaftServerConfigKeys (ConfUtils.java:logGet(43)) - raft.server.log.appender.buffer.byte-limit = 33554432 (custom)
2019-11-15 21:51:29,189 [pool-539-thread-1] INFO  server.RaftServerConfigKeys (ConfUtils.java:logGet(43)) - raft.server.log.queue.element-limit = 1024 (custom)
2019-11-15 21:51:29,189 [pool-549-thread-1] INFO  server.RaftServerConfigKeys (ConfUtils.java:logGet(43)) - raft.server.log.segment.size.max = 1048576 (custom)
2019-11-15 21:51:29,189 [pool-539-thread-1] INFO  server.RaftServerConfigKeys (ConfUtils.java:logGet(43)) - raft.server.log.segment.size.max = 1048576 (custom)
2019-11-15 21:51:29,189 [pool-539-thread-1] INFO  server.RaftServerConfigKeys (ConfUtils.java:logGet(43)) - raft.server.log.preallocated.size = 16384 (custom)
2019-11-15 21:51:29,189 [pool-559-thread-1] INFO  server.RaftServerConfigKeys (ConfUtils.java:logGet(43)) - raft.server.log.segment.size.max = 1048576 (custom)
2019-11-15 21:51:29,189 [pool-539-thread-1] INFO  server.RaftServerConfigKeys (ConfUtils.java:logGet(43)) - raft.server.log.write.buffer.size = 33554432 (custom)
2019-11-15 21:51:29,189 [pool-549-thread-1] INFO  server.RaftServerConfigKeys (ConfUtils.java:logGet(43)) - raft.server.log.segment.cache.num.max = 2 (custom)
2019-11-15 21:51:29,190 [pool-539-thread-1] INFO  server.RaftServerConfigKeys (ConfUtils.java:logGet(43)) - raft.server.log.force.sync.num = 128 (default)
2019-11-15 21:51:29,190 [pool-539-thread-1] INFO  server.RaftServerConfigKeys (ConfUtils.java:logGet(43)) - raft.server.log.statemachine.data.sync = true (default)
2019-11-15 21:51:29,189 [pool-559-thread-1] INFO  server.RaftServerConfigKeys (ConfUtils.java:logGet(43)) - raft.server.log.segment.cache.num.max = 2 (custom)
2019-11-15 21:51:29,190 [pool-539-thread-1] INFO  server.RaftServerConfigKeys (ConfUtils.java:logGet(43)) - raft.server.log.statemachine.data.sync.timeout = 10s (default)
2019-11-15 21:51:29,190 [pool-539-thread-1] INFO  server.RaftServerConfigKeys (ConfUtils.java:logGet(43)) - raft.server.log.statemachine.data.sync.timeout.retry = -1 (default)
2019-11-15 21:51:29,190 [pool-549-thread-1] INFO  segmented.SegmentedRaftLogWorker (SegmentedRaftLogWorker.java:<init>(173)) - new dfb71ea8-5a43-4574-802a-eb8470866674@group-838FBF1CEC89-SegmentedRaftLogWorker for RaftStorage:Storage Directory /workdir/hadoop-ozone/integration-test/target/test-dir/MiniOzoneClusterImpl-e150a234-18da-4756-b2e5-8eb09f38746c/datanode-4/data/ratis/05df43c7-4952-436f-a14a-838fbf1cec89
2019-11-15 21:51:29,190 [pool-539-thread-1] INFO  server.RaftServerConfigKeys (ConfUtils.java:logGet(43)) - raft.server.log.statemachine.data.caching.enabled = true (custom)
2019-11-15 21:51:29,190 [pool-559-thread-1] INFO  segmented.SegmentedRaftLogWorker (SegmentedRaftLogWorker.java:<init>(173)) - new 81d95af4-28c6-42b2-8e7d-ef28ff90d39a@group-838FBF1CEC89-SegmentedRaftLogWorker for RaftStorage:Storage Directory /workdir/hadoop-ozone/integration-test/target/test-dir/MiniOzoneClusterImpl-e150a234-18da-4756-b2e5-8eb09f38746c/datanode-5/data/ratis/05df43c7-4952-436f-a14a-838fbf1cec89
2019-11-15 21:51:29,190 [pool-549-thread-1] INFO  server.RaftServerConfigKeys (ConfUtils.java:logGet(43)) - raft.server.log.queue.byte-limit = 2147483647 (custom)
2019-11-15 21:51:29,191 [pool-539-thread-1] INFO  segmented.SegmentedRaftLogWorker (SegmentedRaftLogWorker.java:lambda$new$0(128)) - 25a1269d-d7cc-4acf-80e8-5992809da5ba@group-838FBF1CEC89-SegmentedRaftLogWorker: flushIndex: setUnconditionally 0 -> -1
2019-11-15 21:51:29,191 [pool-559-thread-1] INFO  server.RaftServerConfigKeys (ConfUtils.java:logGet(43)) - raft.server.log.queue.byte-limit = 2147483647 (custom)
2019-11-15 21:51:29,191 [pool-549-thread-1] INFO  server.RaftServerConfigKeys (ConfUtils.java:logGet(43)) - raft.server.log.queue.element-limit = 1024 (custom)
2019-11-15 21:51:29,191 [pool-539-thread-1] INFO  server.RaftServerConfigKeys (ConfUtils.java:logGet(43)) - raft.server.snapshot.auto.trigger.enabled = true (custom)
2019-11-15 21:51:29,191 [pool-559-thread-1] INFO  server.RaftServerConfigKeys (ConfUtils.java:logGet(43)) - raft.server.log.queue.element-limit = 1024 (custom)
2019-11-15 21:51:29,191 [pool-539-thread-1] INFO  server.RaftServerConfigKeys (ConfUtils.java:logGet(43)) - raft.server.snapshot.auto.trigger.threshold = 10000 (custom)
2019-11-15 21:51:29,191 [pool-549-thread-1] INFO  server.RaftServerConfigKeys (ConfUtils.java:logGet(43)) - raft.server.log.segment.size.max = 1048576 (custom)
2019-11-15 21:51:29,192 [pool-539-thread-1] INFO  server.RaftServerConfigKeys (ConfUtils.java:logGet(43)) - raft.server.snapshot.retention.file.num = 5 (custom)
2019-11-15 21:51:29,192 [pool-559-thread-1] INFO  server.RaftServerConfigKeys (ConfUtils.java:logGet(43)) - raft.server.log.segment.size.max = 1048576 (custom)
2019-11-15 21:51:29,192 [pool-539-thread-1] INFO  server.RaftServerConfigKeys (ConfUtils.java:logGet(43)) - raft.server.retrycache.expirytime = 600000ms (custom)
2019-11-15 21:51:29,192 [pool-549-thread-1] INFO  server.RaftServerConfigKeys (ConfUtils.java:logGet(43)) - raft.server.log.preallocated.size = 16384 (custom)
2019-11-15 21:51:29,192 [pool-539-thread-1] WARN  impl.MetricRegistriesImpl (MetricRegistriesImpl.java:lambda$create$1(61)) - First MetricRegistry has been created without registering reporters. You may need to call MetricRegistries.global().addReportRegistration(...) before.
2019-11-15 21:51:29,192 [pool-559-thread-1] INFO  server.RaftServerConfigKeys (ConfUtils.java:logGet(43)) - raft.server.log.preallocated.size = 16384 (custom)
2019-11-15 21:51:29,192 [pool-539-thread-1] WARN  impl.MetricRegistriesImpl (MetricRegistriesImpl.java:lambda$create$1(61)) - First MetricRegistry has been created without registering reporters. You may need to call MetricRegistries.global().addReportRegistration(...) before.
2019-11-15 21:51:29,192 [pool-549-thread-1] INFO  server.RaftServerConfigKeys (ConfUtils.java:logGet(43)) - raft.server.log.write.buffer.size = 33554432 (custom)
2019-11-15 21:51:29,193 [pool-539-thread-1] INFO  impl.RaftServerImpl (RaftServerImpl.java:start(184)) - 25a1269d-d7cc-4acf-80e8-5992809da5ba@group-838FBF1CEC89: start as a follower, conf=-1: [81d95af4-28c6-42b2-8e7d-ef28ff90d39a:192.168.164.223:42674, dfb71ea8-5a43-4574-802a-eb8470866674:192.168.164.223:45914, 25a1269d-d7cc-4acf-80e8-5992809da5ba:192.168.164.223:46315], old=null
2019-11-15 21:51:29,193 [pool-539-thread-1] INFO  impl.RaftServerImpl (RaftServerImpl.java:setRole(173)) - 25a1269d-d7cc-4acf-80e8-5992809da5ba@group-838FBF1CEC89: changes role from      null to FOLLOWER at term 0 for startAsFollower
2019-11-15 21:51:29,192 [pool-559-thread-1] INFO  server.RaftServerConfigKeys (ConfUtils.java:logGet(43)) - raft.server.log.write.buffer.size = 33554432 (custom)
2019-11-15 21:51:29,193 [pool-539-thread-1] INFO  impl.RoleInfo (RoleInfo.java:updateAndGet(143)) - 25a1269d-d7cc-4acf-80e8-5992809da5ba: start FollowerState
2019-11-15 21:51:29,193 [pool-549-thread-1] INFO  server.RaftServerConfigKeys (ConfUtils.java:logGet(43)) - raft.server.log.force.sync.num = 128 (default)
2019-11-15 21:51:29,193 [pool-559-thread-1] INFO  server.RaftServerConfigKeys (ConfUtils.java:logGet(43)) - raft.server.log.force.sync.num = 128 (default)
2019-11-15 21:51:29,193 [pool-549-thread-1] INFO  server.RaftServerConfigKeys (ConfUtils.java:logGet(43)) - raft.server.log.statemachine.data.sync = true (default)
2019-11-15 21:51:29,193 [pool-539-thread-1] INFO  util.JmxRegister (JmxRegister.java:tryRegister(44)) - Successfully registered JMX Bean with object name Ratis:service=RaftServer,group=group-838FBF1CEC89,id=25a1269d-d7cc-4acf-80e8-5992809da5ba
2019-11-15 21:51:29,193 [pool-559-thread-1] INFO  server.RaftServerConfigKeys (ConfUtils.java:logGet(43)) - raft.server.log.statemachine.data.sync = true (default)
2019-11-15 21:51:29,194 [pool-539-thread-1] WARN  impl.MetricRegistriesImpl (MetricRegistriesImpl.java:lambda$create$1(61)) - First MetricRegistry has been created without registering reporters. You may need to call MetricRegistries.global().addReportRegistration(...) before.
2019-11-15 21:51:29,193 [pool-549-thread-1] INFO  server.RaftServerConfigKeys (ConfUtils.java:logGet(43)) - raft.server.log.statemachine.data.sync.timeout = 10s (default)
2019-11-15 21:51:29,194 [pool-559-thread-1] INFO  server.RaftServerConfigKeys (ConfUtils.java:logGet(43)) - raft.server.log.statemachine.data.sync.timeout = 10s (default)
2019-11-15 21:51:29,194 [pool-549-thread-1] INFO  server.RaftServerConfigKeys (ConfUtils.java:logGet(43)) - raft.server.log.statemachine.data.sync.timeout.retry = -1 (default)
2019-11-15 21:51:29,194 [pool-559-thread-1] INFO  server.RaftServerConfigKeys (ConfUtils.java:logGet(43)) - raft.server.log.statemachine.data.sync.timeout.retry = -1 (default)
2019-11-15 21:51:29,194 [pool-549-thread-1] INFO  server.RaftServerConfigKeys (ConfUtils.java:logGet(43)) - raft.server.log.statemachine.data.caching.enabled = true (custom)
2019-11-15 21:51:29,194 [pool-559-thread-1] INFO  server.RaftServerConfigKeys (ConfUtils.java:logGet(43)) - raft.server.log.statemachine.data.caching.enabled = true (custom)
2019-11-15 21:51:29,195 [pool-549-thread-1] INFO  segmented.SegmentedRaftLogWorker (SegmentedRaftLogWorker.java:lambda$new$0(128)) - dfb71ea8-5a43-4574-802a-eb8470866674@group-838FBF1CEC89-SegmentedRaftLogWorker: flushIndex: setUnconditionally 0 -> -1
2019-11-15 21:51:29,195 [pool-559-thread-1] INFO  segmented.SegmentedRaftLogWorker (SegmentedRaftLogWorker.java:lambda$new$0(128)) - 81d95af4-28c6-42b2-8e7d-ef28ff90d39a@group-838FBF1CEC89-SegmentedRaftLogWorker: flushIndex: setUnconditionally 0 -> -1
2019-11-15 21:51:29,195 [pool-559-thread-1] INFO  server.RaftServerConfigKeys (ConfUtils.java:logGet(43)) - raft.server.snapshot.auto.trigger.enabled = true (custom)
2019-11-15 21:51:29,195 [pool-549-thread-1] INFO  server.RaftServerConfigKeys (ConfUtils.java:logGet(43)) - raft.server.snapshot.auto.trigger.enabled = true (custom)
2019-11-15 21:51:29,195 [pool-559-thread-1] INFO  server.RaftServerConfigKeys (ConfUtils.java:logGet(43)) - raft.server.snapshot.auto.trigger.threshold = 10000 (custom)
2019-11-15 21:51:29,195 [pool-549-thread-1] INFO  server.RaftServerConfigKeys (ConfUtils.java:logGet(43)) - raft.server.snapshot.auto.trigger.threshold = 10000 (custom)
2019-11-15 21:51:29,195 [pool-559-thread-1] INFO  server.RaftServerConfigKeys (ConfUtils.java:logGet(43)) - raft.server.snapshot.retention.file.num = 5 (custom)
2019-11-15 21:51:29,195 [pool-549-thread-1] INFO  server.RaftServerConfigKeys (ConfUtils.java:logGet(43)) - raft.server.snapshot.retention.file.num = 5 (custom)
2019-11-15 21:51:29,195 [pool-559-thread-1] INFO  server.RaftServerConfigKeys (ConfUtils.java:logGet(43)) - raft.server.retrycache.expirytime = 600000ms (custom)
2019-11-15 21:51:29,195 [pool-549-thread-1] INFO  server.RaftServerConfigKeys (ConfUtils.java:logGet(43)) - raft.server.retrycache.expirytime = 600000ms (custom)
2019-11-15 21:51:29,196 [pool-559-thread-1] WARN  impl.MetricRegistriesImpl (MetricRegistriesImpl.java:lambda$create$1(61)) - First MetricRegistry has been created without registering reporters. You may need to call MetricRegistries.global().addReportRegistration(...) before.
2019-11-15 21:51:29,196 [pool-549-thread-1] WARN  impl.MetricRegistriesImpl (MetricRegistriesImpl.java:lambda$create$1(61)) - First MetricRegistry has been created without registering reporters. You may need to call MetricRegistries.global().addReportRegistration(...) before.
2019-11-15 21:51:29,196 [pool-559-thread-1] WARN  impl.MetricRegistriesImpl (MetricRegistriesImpl.java:lambda$create$1(61)) - First MetricRegistry has been created without registering reporters. You may need to call MetricRegistries.global().addReportRegistration(...) before.
2019-11-15 21:51:29,196 [pool-549-thread-1] WARN  impl.MetricRegistriesImpl (MetricRegistriesImpl.java:lambda$create$1(61)) - First MetricRegistry has been created without registering reporters. You may need to call MetricRegistries.global().addReportRegistration(...) before.
2019-11-15 21:51:29,196 [pool-559-thread-1] INFO  impl.RaftServerImpl (RaftServerImpl.java:start(184)) - 81d95af4-28c6-42b2-8e7d-ef28ff90d39a@group-838FBF1CEC89: start as a follower, conf=-1: [81d95af4-28c6-42b2-8e7d-ef28ff90d39a:192.168.164.223:42674, dfb71ea8-5a43-4574-802a-eb8470866674:192.168.164.223:45914, 25a1269d-d7cc-4acf-80e8-5992809da5ba:192.168.164.223:46315], old=null
2019-11-15 21:51:29,196 [pool-549-thread-1] INFO  impl.RaftServerImpl (RaftServerImpl.java:start(184)) - dfb71ea8-5a43-4574-802a-eb8470866674@group-838FBF1CEC89: start as a follower, conf=-1: [81d95af4-28c6-42b2-8e7d-ef28ff90d39a:192.168.164.223:42674, dfb71ea8-5a43-4574-802a-eb8470866674:192.168.164.223:45914, 25a1269d-d7cc-4acf-80e8-5992809da5ba:192.168.164.223:46315], old=null
2019-11-15 21:51:29,196 [pool-559-thread-1] INFO  impl.RaftServerImpl (RaftServerImpl.java:setRole(173)) - 81d95af4-28c6-42b2-8e7d-ef28ff90d39a@group-838FBF1CEC89: changes role from      null to FOLLOWER at term 0 for startAsFollower
2019-11-15 21:51:29,196 [pool-549-thread-1] INFO  impl.RaftServerImpl (RaftServerImpl.java:setRole(173)) - dfb71ea8-5a43-4574-802a-eb8470866674@group-838FBF1CEC89: changes role from      null to FOLLOWER at term 0 for startAsFollower
2019-11-15 21:51:29,196 [pool-559-thread-1] INFO  impl.RoleInfo (RoleInfo.java:updateAndGet(143)) - 81d95af4-28c6-42b2-8e7d-ef28ff90d39a: start FollowerState
2019-11-15 21:51:29,196 [pool-549-thread-1] INFO  impl.RoleInfo (RoleInfo.java:updateAndGet(143)) - dfb71ea8-5a43-4574-802a-eb8470866674: start FollowerState
2019-11-15 21:51:29,197 [pool-559-thread-1] INFO  util.JmxRegister (JmxRegister.java:tryRegister(44)) - Successfully registered JMX Bean with object name Ratis:service=RaftServer,group=group-838FBF1CEC89,id=81d95af4-28c6-42b2-8e7d-ef28ff90d39a
2019-11-15 21:51:29,197 [pool-559-thread-1] WARN  impl.MetricRegistriesImpl (MetricRegistriesImpl.java:lambda$create$1(61)) - First MetricRegistry has been created without registering reporters. You may need to call MetricRegistries.global().addReportRegistration(...) before.
2019-11-15 21:51:29,197 [pool-549-thread-1] INFO  util.JmxRegister (JmxRegister.java:tryRegister(44)) - Successfully registered JMX Bean with object name Ratis:service=RaftServer,group=group-838FBF1CEC89,id=dfb71ea8-5a43-4574-802a-eb8470866674
2019-11-15 21:51:29,197 [pool-549-thread-1] WARN  impl.MetricRegistriesImpl (MetricRegistriesImpl.java:lambda$create$1(61)) - First MetricRegistry has been created without registering reporters. You may need to call MetricRegistries.global().addReportRegistration(...) before.
2019-11-15 21:51:29,199 [RatisPipelineUtilsThread] INFO  pipeline.PipelineStateManager (PipelineStateManager.java:addPipeline(55)) - Created pipeline Pipeline[ Id: 05df43c7-4952-436f-a14a-838fbf1cec89, Nodes: 25a1269d-d7cc-4acf-80e8-5992809da5ba{ip: 192.168.164.223, host: pr-hdds-2493-5rwwl-1515842690, networkLocation: /rack1, certSerialId: null}dfb71ea8-5a43-4574-802a-eb8470866674{ip: 192.168.164.223, host: pr-hdds-2493-5rwwl-1515842690, networkLocation: /rack1, certSerialId: null}81d95af4-28c6-42b2-8e7d-ef28ff90d39a{ip: 192.168.164.223, host: pr-hdds-2493-5rwwl-1515842690, networkLocation: /rack1, certSerialId: null}, Type:RATIS, Factor:THREE, State:ALLOCATED]
2019-11-15 21:51:29,237 [IPC Server handler 2 on 44238] INFO  net.NetworkTopology (NetworkTopologyImpl.java:add(111)) - Added a new node: /rack1/5e156848-495c-4d88-99d1-5a745ca90ed0
2019-11-15 21:51:29,237 [IPC Server handler 2 on 44238] INFO  node.SCMNodeManager (SCMNodeManager.java:register(267)) - Registered Data node : 5e156848-495c-4d88-99d1-5a745ca90ed0{ip: 192.168.164.223, host: pr-hdds-2493-5rwwl-1515842690, networkLocation: /rack1, certSerialId: null}
2019-11-15 21:51:29,243 [grpc-default-executor-4] INFO  impl.RaftServerProxy (RaftServerProxy.java:addNew(89)) - 5e156848-495c-4d88-99d1-5a745ca90ed0: addNew group-FA4EB4645E11:[5e156848-495c-4d88-99d1-5a745ca90ed0:192.168.164.223:41251] returns group-FA4EB4645E11:java.util.concurrent.CompletableFuture@4b82853a[Not completed]
2019-11-15 21:51:29,244 [pool-579-thread-1] INFO  impl.RaftServerImpl (RaftServerImpl.java:<init>(98)) - 5e156848-495c-4d88-99d1-5a745ca90ed0: new RaftServerImpl for group-FA4EB4645E11:[5e156848-495c-4d88-99d1-5a745ca90ed0:192.168.164.223:41251] with ContainerStateMachine:uninitialized
2019-11-15 21:51:29,244 [pool-579-thread-1] INFO  server.RaftServerConfigKeys (ConfUtils.java:logGet(43)) - raft.server.rpc.timeout.min = 1s (custom)
2019-11-15 21:51:29,244 [pool-579-thread-1] INFO  server.RaftServerConfigKeys (ConfUtils.java:logGet(43)) - raft.server.rpc.timeout.max = 1200ms (custom)
2019-11-15 21:51:29,245 [pool-579-thread-1] INFO  server.RaftServerConfigKeys (ConfUtils.java:logGet(43)) - raft.server.rpcslowness.timeout = 120s (custom)
2019-11-15 21:51:29,245 [pool-579-thread-1] INFO  server.RaftServerConfigKeys (ConfUtils.java:logGet(43)) - raft.server.sleep.deviation.threshold = 300 (default)
2019-11-15 21:51:29,245 [pool-579-thread-1] INFO  server.RaftServerConfigKeys (ConfUtils.java:logGet(43)) - raft.server.log.appender.install.snapshot.enabled = false (custom)
2019-11-15 21:51:29,245 [pool-579-thread-1] INFO  impl.RaftServerImpl (ServerState.java:<init>(103)) - 5e156848-495c-4d88-99d1-5a745ca90ed0@group-FA4EB4645E11: ConfigurationManager, init=-1: [5e156848-495c-4d88-99d1-5a745ca90ed0:192.168.164.223:41251], old=null, confs=<EMPTY_MAP>
2019-11-15 21:51:29,245 [pool-579-thread-1] INFO  server.RaftServerConfigKeys (ConfUtils.java:logGet(43)) - raft.server.storage.dir = [/workdir/hadoop-ozone/integration-test/target/test-dir/MiniOzoneClusterImpl-e150a234-18da-4756-b2e5-8eb09f38746c/datanode-7/data/ratis] (custom)
2019-11-15 21:51:29,245 [pool-579-thread-1] INFO  server.RaftServerConfigKeys (ConfUtils.java:logGet(43)) - raft.server.log.corruption.policy = EXCEPTION (default)
2019-11-15 21:51:29,246 [pool-579-thread-1] INFO  storage.RaftStorageDirectory (RaftStorageDirectory.java:analyzeStorage(246)) - The storage directory /workdir/hadoop-ozone/integration-test/target/test-dir/MiniOzoneClusterImpl-e150a234-18da-4756-b2e5-8eb09f38746c/datanode-7/data/ratis/88602476-8ee3-43e1-8ac7-fa4eb4645e11 does not exist. Creating ...
2019-11-15 21:51:29,258 [pool-579-thread-1] INFO  storage.RaftStorageDirectory (RaftStorageDirectory.java:tryLock(328)) - Lock on /workdir/hadoop-ozone/integration-test/target/test-dir/MiniOzoneClusterImpl-e150a234-18da-4756-b2e5-8eb09f38746c/datanode-7/data/ratis/88602476-8ee3-43e1-8ac7-fa4eb4645e11/in_use.lock acquired by nodename 4447@pr-hdds-2493-5rwwl-1515842690
2019-11-15 21:51:29,272 [pool-579-thread-1] INFO  storage.RaftStorage (RaftStorage.java:format(84)) - Storage directory /workdir/hadoop-ozone/integration-test/target/test-dir/MiniOzoneClusterImpl-e150a234-18da-4756-b2e5-8eb09f38746c/datanode-7/data/ratis/88602476-8ee3-43e1-8ac7-fa4eb4645e11 has been successfully formatted.
2019-11-15 21:51:29,272 [pool-579-thread-1] INFO  ratis.ContainerStateMachine (ContainerStateMachine.java:loadSnapshot(223)) - group-FA4EB4645E11: The snapshot info is null. Setting the last applied indexto:(t:0, i:~)
2019-11-15 21:51:29,272 [pool-579-thread-1] INFO  server.RaftServerConfigKeys (ConfUtils.java:logGet(43)) - raft.server.notification.no-leader.timeout = 120s (custom)
2019-11-15 21:51:29,272 [pool-579-thread-1] INFO  server.RaftServerConfigKeys (ConfUtils.java:logGet(43)) - raft.server.log.use.memory = false (default)
2019-11-15 21:51:29,272 [pool-579-thread-1] INFO  server.RaftServerConfigKeys (ConfUtils.java:logGet(43)) - raft.server.log.purge.gap = 1000000 (custom)
2019-11-15 21:51:29,272 [pool-579-thread-1] INFO  server.RaftServerConfigKeys (ConfUtils.java:logGet(43)) - raft.server.log.appender.buffer.byte-limit = 33554432 (custom)
2019-11-15 21:51:29,272 [pool-579-thread-1] INFO  server.RaftServerConfigKeys (ConfUtils.java:logGet(43)) - raft.server.log.segment.size.max = 1048576 (custom)
2019-11-15 21:51:29,272 [pool-579-thread-1] WARN  impl.MetricRegistriesImpl (MetricRegistriesImpl.java:lambda$create$1(61)) - First MetricRegistry has been created without registering reporters. You may need to call MetricRegistries.global().addReportRegistration(...) before.
2019-11-15 21:51:29,273 [pool-579-thread-1] INFO  server.RaftServerConfigKeys (ConfUtils.java:logGet(43)) - raft.server.log.segment.cache.num.max = 2 (custom)
2019-11-15 21:51:29,273 [pool-579-thread-1] INFO  segmented.SegmentedRaftLogWorker (SegmentedRaftLogWorker.java:<init>(173)) - new 5e156848-495c-4d88-99d1-5a745ca90ed0@group-FA4EB4645E11-SegmentedRaftLogWorker for RaftStorage:Storage Directory /workdir/hadoop-ozone/integration-test/target/test-dir/MiniOzoneClusterImpl-e150a234-18da-4756-b2e5-8eb09f38746c/datanode-7/data/ratis/88602476-8ee3-43e1-8ac7-fa4eb4645e11
2019-11-15 21:51:29,273 [pool-579-thread-1] INFO  server.RaftServerConfigKeys (ConfUtils.java:logGet(43)) - raft.server.log.queue.byte-limit = 2147483647 (custom)
2019-11-15 21:51:29,273 [pool-579-thread-1] INFO  server.RaftServerConfigKeys (ConfUtils.java:logGet(43)) - raft.server.log.queue.element-limit = 1024 (custom)
2019-11-15 21:51:29,273 [pool-579-thread-1] INFO  server.RaftServerConfigKeys (ConfUtils.java:logGet(43)) - raft.server.log.segment.size.max = 1048576 (custom)
2019-11-15 21:51:29,273 [pool-579-thread-1] INFO  server.RaftServerConfigKeys (ConfUtils.java:logGet(43)) - raft.server.log.preallocated.size = 16384 (custom)
2019-11-15 21:51:29,273 [pool-579-thread-1] INFO  server.RaftServerConfigKeys (ConfUtils.java:logGet(43)) - raft.server.log.write.buffer.size = 33554432 (custom)
2019-11-15 21:51:29,273 [pool-579-thread-1] INFO  server.RaftServerConfigKeys (ConfUtils.java:logGet(43)) - raft.server.log.force.sync.num = 128 (default)
2019-11-15 21:51:29,273 [pool-579-thread-1] INFO  server.RaftServerConfigKeys (ConfUtils.java:logGet(43)) - raft.server.log.statemachine.data.sync = true (default)
2019-11-15 21:51:29,274 [pool-579-thread-1] INFO  server.RaftServerConfigKeys (ConfUtils.java:logGet(43)) - raft.server.log.statemachine.data.sync.timeout = 10s (default)
2019-11-15 21:51:29,274 [pool-579-thread-1] INFO  server.RaftServerConfigKeys (ConfUtils.java:logGet(43)) - raft.server.log.statemachine.data.sync.timeout.retry = -1 (default)
2019-11-15 21:51:29,274 [pool-579-thread-1] INFO  server.RaftServerConfigKeys (ConfUtils.java:logGet(43)) - raft.server.log.statemachine.data.caching.enabled = true (custom)
2019-11-15 21:51:29,274 [pool-579-thread-1] INFO  segmented.SegmentedRaftLogWorker (SegmentedRaftLogWorker.java:lambda$new$0(128)) - 5e156848-495c-4d88-99d1-5a745ca90ed0@group-FA4EB4645E11-SegmentedRaftLogWorker: flushIndex: setUnconditionally 0 -> -1
2019-11-15 21:51:29,274 [pool-579-thread-1] INFO  server.RaftServerConfigKeys (ConfUtils.java:logGet(43)) - raft.server.snapshot.auto.trigger.enabled = true (custom)
2019-11-15 21:51:29,274 [pool-579-thread-1] INFO  server.RaftServerConfigKeys (ConfUtils.java:logGet(43)) - raft.server.snapshot.auto.trigger.threshold = 10000 (custom)
2019-11-15 21:51:29,274 [pool-579-thread-1] INFO  server.RaftServerConfigKeys (ConfUtils.java:logGet(43)) - raft.server.snapshot.retention.file.num = 5 (custom)
2019-11-15 21:51:29,275 [pool-579-thread-1] INFO  server.RaftServerConfigKeys (ConfUtils.java:logGet(43)) - raft.server.retrycache.expirytime = 600000ms (custom)
2019-11-15 21:51:29,275 [pool-579-thread-1] WARN  impl.MetricRegistriesImpl (MetricRegistriesImpl.java:lambda$create$1(61)) - First MetricRegistry has been created without registering reporters. You may need to call MetricRegistries.global().addReportRegistration(...) before.
2019-11-15 21:51:29,275 [pool-579-thread-1] WARN  impl.MetricRegistriesImpl (MetricRegistriesImpl.java:lambda$create$1(61)) - First MetricRegistry has been created without registering reporters. You may need to call MetricRegistries.global().addReportRegistration(...) before.
2019-11-15 21:51:29,275 [pool-579-thread-1] INFO  impl.RaftServerImpl (RaftServerImpl.java:start(184)) - 5e156848-495c-4d88-99d1-5a745ca90ed0@group-FA4EB4645E11: start as a follower, conf=-1: [5e156848-495c-4d88-99d1-5a745ca90ed0:192.168.164.223:41251], old=null
2019-11-15 21:51:29,275 [pool-579-thread-1] INFO  impl.RaftServerImpl (RaftServerImpl.java:setRole(173)) - 5e156848-495c-4d88-99d1-5a745ca90ed0@group-FA4EB4645E11: changes role from      null to FOLLOWER at term 0 for startAsFollower
2019-11-15 21:51:29,275 [pool-579-thread-1] INFO  impl.RoleInfo (RoleInfo.java:updateAndGet(143)) - 5e156848-495c-4d88-99d1-5a745ca90ed0: start FollowerState
2019-11-15 21:51:29,276 [pool-579-thread-1] INFO  util.JmxRegister (JmxRegister.java:tryRegister(44)) - Successfully registered JMX Bean with object name Ratis:service=RaftServer,group=group-FA4EB4645E11,id=5e156848-495c-4d88-99d1-5a745ca90ed0
2019-11-15 21:51:29,276 [pool-579-thread-1] WARN  impl.MetricRegistriesImpl (MetricRegistriesImpl.java:lambda$create$1(61)) - First MetricRegistry has been created without registering reporters. You may need to call MetricRegistries.global().addReportRegistration(...) before.
2019-11-15 21:51:29,278 [RatisPipelineUtilsThread] INFO  pipeline.PipelineStateManager (PipelineStateManager.java:addPipeline(55)) - Created pipeline Pipeline[ Id: 88602476-8ee3-43e1-8ac7-fa4eb4645e11, Nodes: 5e156848-495c-4d88-99d1-5a745ca90ed0{ip: 192.168.164.223, host: pr-hdds-2493-5rwwl-1515842690, networkLocation: /rack1, certSerialId: null}, Type:RATIS, Factor:ONE, State:ALLOCATED]
2019-11-15 21:51:29,286 [grpc-default-executor-4] INFO  impl.RaftServerProxy (RaftServerProxy.java:addNew(89)) - 09667cd7-469d-4450-b7d6-bfa43032ac6a: addNew group-C76242B2156B:[09667cd7-469d-4450-b7d6-bfa43032ac6a:192.168.164.223:41749] returns group-C76242B2156B:java.util.concurrent.CompletableFuture@552f321c[Not completed]
2019-11-15 21:51:29,287 [pool-569-thread-1] INFO  impl.RaftServerImpl (RaftServerImpl.java:<init>(98)) - 09667cd7-469d-4450-b7d6-bfa43032ac6a: new RaftServerImpl for group-C76242B2156B:[09667cd7-469d-4450-b7d6-bfa43032ac6a:192.168.164.223:41749] with ContainerStateMachine:uninitialized
2019-11-15 21:51:29,287 [pool-569-thread-1] INFO  server.RaftServerConfigKeys (ConfUtils.java:logGet(43)) - raft.server.rpc.timeout.min = 1s (custom)
2019-11-15 21:51:29,287 [pool-569-thread-1] INFO  server.RaftServerConfigKeys (ConfUtils.java:logGet(43)) - raft.server.rpc.timeout.max = 1200ms (custom)
2019-11-15 21:51:29,287 [pool-569-thread-1] INFO  server.RaftServerConfigKeys (ConfUtils.java:logGet(43)) - raft.server.rpcslowness.timeout = 120s (custom)
2019-11-15 21:51:29,287 [pool-569-thread-1] INFO  server.RaftServerConfigKeys (ConfUtils.java:logGet(43)) - raft.server.sleep.deviation.threshold = 300 (default)
2019-11-15 21:51:29,287 [pool-569-thread-1] INFO  server.RaftServerConfigKeys (ConfUtils.java:logGet(43)) - raft.server.log.appender.install.snapshot.enabled = false (custom)
2019-11-15 21:51:29,287 [pool-569-thread-1] INFO  impl.RaftServerImpl (ServerState.java:<init>(103)) - 09667cd7-469d-4450-b7d6-bfa43032ac6a@group-C76242B2156B: ConfigurationManager, init=-1: [09667cd7-469d-4450-b7d6-bfa43032ac6a:192.168.164.223:41749], old=null, confs=<EMPTY_MAP>
2019-11-15 21:51:29,288 [pool-569-thread-1] INFO  server.RaftServerConfigKeys (ConfUtils.java:logGet(43)) - raft.server.storage.dir = [/workdir/hadoop-ozone/integration-test/target/test-dir/MiniOzoneClusterImpl-e150a234-18da-4756-b2e5-8eb09f38746c/datanode-6/data/ratis] (custom)
2019-11-15 21:51:29,288 [pool-569-thread-1] INFO  server.RaftServerConfigKeys (ConfUtils.java:logGet(43)) - raft.server.log.corruption.policy = EXCEPTION (default)
2019-11-15 21:51:29,288 [pool-569-thread-1] INFO  storage.RaftStorageDirectory (RaftStorageDirectory.java:analyzeStorage(246)) - The storage directory /workdir/hadoop-ozone/integration-test/target/test-dir/MiniOzoneClusterImpl-e150a234-18da-4756-b2e5-8eb09f38746c/datanode-6/data/ratis/da338b88-04c3-4acb-83d3-c76242b2156b does not exist. Creating ...
2019-11-15 21:51:29,298 [IPC Server handler 7 on 44238] INFO  net.NetworkTopology (NetworkTopologyImpl.java:add(111)) - Added a new node: /rack1/3eba0ff5-def1-46c6-a9bd-a10bbd02f1ce
2019-11-15 21:51:29,298 [IPC Server handler 7 on 44238] INFO  node.SCMNodeManager (SCMNodeManager.java:register(267)) - Registered Data node : 3eba0ff5-def1-46c6-a9bd-a10bbd02f1ce{ip: 192.168.164.223, host: pr-hdds-2493-5rwwl-1515842690, networkLocation: /rack1, certSerialId: null}
2019-11-15 21:51:29,301 [pool-569-thread-1] INFO  storage.RaftStorageDirectory (RaftStorageDirectory.java:tryLock(328)) - Lock on /workdir/hadoop-ozone/integration-test/target/test-dir/MiniOzoneClusterImpl-e150a234-18da-4756-b2e5-8eb09f38746c/datanode-6/data/ratis/da338b88-04c3-4acb-83d3-c76242b2156b/in_use.lock acquired by nodename 4447@pr-hdds-2493-5rwwl-1515842690
2019-11-15 21:51:29,314 [pool-569-thread-1] INFO  storage.RaftStorage (RaftStorage.java:format(84)) - Storage directory /workdir/hadoop-ozone/integration-test/target/test-dir/MiniOzoneClusterImpl-e150a234-18da-4756-b2e5-8eb09f38746c/datanode-6/data/ratis/da338b88-04c3-4acb-83d3-c76242b2156b has been successfully formatted.
2019-11-15 21:51:29,314 [pool-569-thread-1] INFO  ratis.ContainerStateMachine (ContainerStateMachine.java:loadSnapshot(223)) - group-C76242B2156B: The snapshot info is null. Setting the last applied indexto:(t:0, i:~)
2019-11-15 21:51:29,314 [pool-569-thread-1] INFO  server.RaftServerConfigKeys (ConfUtils.java:logGet(43)) - raft.server.notification.no-leader.timeout = 120s (custom)
2019-11-15 21:51:29,314 [pool-569-thread-1] INFO  server.RaftServerConfigKeys (ConfUtils.java:logGet(43)) - raft.server.log.use.memory = false (default)
2019-11-15 21:51:29,314 [pool-569-thread-1] INFO  server.RaftServerConfigKeys (ConfUtils.java:logGet(43)) - raft.server.log.purge.gap = 1000000 (custom)
2019-11-15 21:51:29,314 [pool-569-thread-1] INFO  server.RaftServerConfigKeys (ConfUtils.java:logGet(43)) - raft.server.log.appender.buffer.byte-limit = 33554432 (custom)
2019-11-15 21:51:29,314 [pool-569-thread-1] INFO  server.RaftServerConfigKeys (ConfUtils.java:logGet(43)) - raft.server.log.segment.size.max = 1048576 (custom)
2019-11-15 21:51:29,314 [pool-569-thread-1] WARN  impl.MetricRegistriesImpl (MetricRegistriesImpl.java:lambda$create$1(61)) - First MetricRegistry has been created without registering reporters. You may need to call MetricRegistries.global().addReportRegistration(...) before.
2019-11-15 21:51:29,314 [pool-569-thread-1] INFO  server.RaftServerConfigKeys (ConfUtils.java:logGet(43)) - raft.server.log.segment.cache.num.max = 2 (custom)
2019-11-15 21:51:29,315 [pool-569-thread-1] INFO  segmented.SegmentedRaftLogWorker (SegmentedRaftLogWorker.java:<init>(173)) - new 09667cd7-469d-4450-b7d6-bfa43032ac6a@group-C76242B2156B-SegmentedRaftLogWorker for RaftStorage:Storage Directory /workdir/hadoop-ozone/integration-test/target/test-dir/MiniOzoneClusterImpl-e150a234-18da-4756-b2e5-8eb09f38746c/datanode-6/data/ratis/da338b88-04c3-4acb-83d3-c76242b2156b
2019-11-15 21:51:29,315 [pool-569-thread-1] INFO  server.RaftServerConfigKeys (ConfUtils.java:logGet(43)) - raft.server.log.queue.byte-limit = 2147483647 (custom)
2019-11-15 21:51:29,315 [pool-569-thread-1] INFO  server.RaftServerConfigKeys (ConfUtils.java:logGet(43)) - raft.server.log.queue.element-limit = 1024 (custom)
2019-11-15 21:51:29,315 [pool-569-thread-1] INFO  server.RaftServerConfigKeys (ConfUtils.java:logGet(43)) - raft.server.log.segment.size.max = 1048576 (custom)
2019-11-15 21:51:29,315 [pool-569-thread-1] INFO  server.RaftServerConfigKeys (ConfUtils.java:logGet(43)) - raft.server.log.preallocated.size = 16384 (custom)
2019-11-15 21:51:29,315 [pool-569-thread-1] INFO  server.RaftServerConfigKeys (ConfUtils.java:logGet(43)) - raft.server.log.write.buffer.size = 33554432 (custom)
2019-11-15 21:51:29,315 [pool-569-thread-1] INFO  server.RaftServerConfigKeys (ConfUtils.java:logGet(43)) - raft.server.log.force.sync.num = 128 (default)
2019-11-15 21:51:29,315 [pool-569-thread-1] INFO  server.RaftServerConfigKeys (ConfUtils.java:logGet(43)) - raft.server.log.statemachine.data.sync = true (default)
2019-11-15 21:51:29,315 [pool-569-thread-1] INFO  server.RaftServerConfigKeys (ConfUtils.java:logGet(43)) - raft.server.log.statemachine.data.sync.timeout = 10s (default)
2019-11-15 21:51:29,315 [pool-569-thread-1] INFO  server.RaftServerConfigKeys (ConfUtils.java:logGet(43)) - raft.server.log.statemachine.data.sync.timeout.retry = -1 (default)
2019-11-15 21:51:29,315 [pool-569-thread-1] INFO  server.RaftServerConfigKeys (ConfUtils.java:logGet(43)) - raft.server.log.statemachine.data.caching.enabled = true (custom)
2019-11-15 21:51:29,316 [pool-569-thread-1] INFO  segmented.SegmentedRaftLogWorker (SegmentedRaftLogWorker.java:lambda$new$0(128)) - 09667cd7-469d-4450-b7d6-bfa43032ac6a@group-C76242B2156B-SegmentedRaftLogWorker: flushIndex: setUnconditionally 0 -> -1
2019-11-15 21:51:29,316 [pool-569-thread-1] INFO  server.RaftServerConfigKeys (ConfUtils.java:logGet(43)) - raft.server.snapshot.auto.trigger.enabled = true (custom)
2019-11-15 21:51:29,316 [pool-569-thread-1] INFO  server.RaftServerConfigKeys (ConfUtils.java:logGet(43)) - raft.server.snapshot.auto.trigger.threshold = 10000 (custom)
2019-11-15 21:51:29,316 [pool-569-thread-1] INFO  server.RaftServerConfigKeys (ConfUtils.java:logGet(43)) - raft.server.snapshot.retention.file.num = 5 (custom)
2019-11-15 21:51:29,316 [pool-569-thread-1] INFO  server.RaftServerConfigKeys (ConfUtils.java:logGet(43)) - raft.server.retrycache.expirytime = 600000ms (custom)
2019-11-15 21:51:29,316 [pool-569-thread-1] WARN  impl.MetricRegistriesImpl (MetricRegistriesImpl.java:lambda$create$1(61)) - First MetricRegistry has been created without registering reporters. You may need to call MetricRegistries.global().addReportRegistration(...) before.
2019-11-15 21:51:29,316 [pool-569-thread-1] WARN  impl.MetricRegistriesImpl (MetricRegistriesImpl.java:lambda$create$1(61)) - First MetricRegistry has been created without registering reporters. You may need to call MetricRegistries.global().addReportRegistration(...) before.
2019-11-15 21:51:29,317 [pool-569-thread-1] INFO  impl.RaftServerImpl (RaftServerImpl.java:start(184)) - 09667cd7-469d-4450-b7d6-bfa43032ac6a@group-C76242B2156B: start as a follower, conf=-1: [09667cd7-469d-4450-b7d6-bfa43032ac6a:192.168.164.223:41749], old=null
2019-11-15 21:51:29,317 [pool-569-thread-1] INFO  impl.RaftServerImpl (RaftServerImpl.java:setRole(173)) - 09667cd7-469d-4450-b7d6-bfa43032ac6a@group-C76242B2156B: changes role from      null to FOLLOWER at term 0 for startAsFollower
2019-11-15 21:51:29,317 [pool-569-thread-1] INFO  impl.RoleInfo (RoleInfo.java:updateAndGet(143)) - 09667cd7-469d-4450-b7d6-bfa43032ac6a: start FollowerState
2019-11-15 21:51:29,317 [pool-569-thread-1] INFO  util.JmxRegister (JmxRegister.java:tryRegister(44)) - Successfully registered JMX Bean with object name Ratis:service=RaftServer,group=group-C76242B2156B,id=09667cd7-469d-4450-b7d6-bfa43032ac6a
2019-11-15 21:51:29,317 [pool-569-thread-1] WARN  impl.MetricRegistriesImpl (MetricRegistriesImpl.java:lambda$create$1(61)) - First MetricRegistry has been created without registering reporters. You may need to call MetricRegistries.global().addReportRegistration(...) before.
2019-11-15 21:51:29,319 [RatisPipelineUtilsThread] INFO  pipeline.PipelineStateManager (PipelineStateManager.java:addPipeline(55)) - Created pipeline Pipeline[ Id: da338b88-04c3-4acb-83d3-c76242b2156b, Nodes: 09667cd7-469d-4450-b7d6-bfa43032ac6a{ip: 192.168.164.223, host: pr-hdds-2493-5rwwl-1515842690, networkLocation: /rack1, certSerialId: null}, Type:RATIS, Factor:ONE, State:ALLOCATED]
2019-11-15 21:51:29,324 [grpc-default-executor-4] INFO  impl.RaftServerProxy (RaftServerProxy.java:addNew(89)) - 3eba0ff5-def1-46c6-a9bd-a10bbd02f1ce: addNew group-BE3CB0BCA9EF:[3eba0ff5-def1-46c6-a9bd-a10bbd02f1ce:192.168.164.223:32938] returns group-BE3CB0BCA9EF:java.util.concurrent.CompletableFuture@4ac5f562[Not completed]
2019-11-15 21:51:29,325 [pool-589-thread-1] INFO  impl.RaftServerImpl (RaftServerImpl.java:<init>(98)) - 3eba0ff5-def1-46c6-a9bd-a10bbd02f1ce: new RaftServerImpl for group-BE3CB0BCA9EF:[3eba0ff5-def1-46c6-a9bd-a10bbd02f1ce:192.168.164.223:32938] with ContainerStateMachine:uninitialized
2019-11-15 21:51:29,325 [pool-589-thread-1] INFO  server.RaftServerConfigKeys (ConfUtils.java:logGet(43)) - raft.server.rpc.timeout.min = 1s (custom)
2019-11-15 21:51:29,325 [pool-589-thread-1] INFO  server.RaftServerConfigKeys (ConfUtils.java:logGet(43)) - raft.server.rpc.timeout.max = 1200ms (custom)
2019-11-15 21:51:29,325 [pool-589-thread-1] INFO  server.RaftServerConfigKeys (ConfUtils.java:logGet(43)) - raft.server.rpcslowness.timeout = 120s (custom)
2019-11-15 21:51:29,325 [pool-589-thread-1] INFO  server.RaftServerConfigKeys (ConfUtils.java:logGet(43)) - raft.server.sleep.deviation.threshold = 300 (default)
2019-11-15 21:51:29,325 [pool-589-thread-1] INFO  server.RaftServerConfigKeys (ConfUtils.java:logGet(43)) - raft.server.log.appender.install.snapshot.enabled = false (custom)
2019-11-15 21:51:29,325 [pool-589-thread-1] INFO  impl.RaftServerImpl (ServerState.java:<init>(103)) - 3eba0ff5-def1-46c6-a9bd-a10bbd02f1ce@group-BE3CB0BCA9EF: ConfigurationManager, init=-1: [3eba0ff5-def1-46c6-a9bd-a10bbd02f1ce:192.168.164.223:32938], old=null, confs=<EMPTY_MAP>
2019-11-15 21:51:29,326 [pool-589-thread-1] INFO  server.RaftServerConfigKeys (ConfUtils.java:logGet(43)) - raft.server.storage.dir = [/workdir/hadoop-ozone/integration-test/target/test-dir/MiniOzoneClusterImpl-e150a234-18da-4756-b2e5-8eb09f38746c/datanode-8/data/ratis] (custom)
2019-11-15 21:51:29,326 [pool-589-thread-1] INFO  server.RaftServerConfigKeys (ConfUtils.java:logGet(43)) - raft.server.log.corruption.policy = EXCEPTION (default)
2019-11-15 21:51:29,326 [pool-589-thread-1] INFO  storage.RaftStorageDirectory (RaftStorageDirectory.java:analyzeStorage(246)) - The storage directory /workdir/hadoop-ozone/integration-test/target/test-dir/MiniOzoneClusterImpl-e150a234-18da-4756-b2e5-8eb09f38746c/datanode-8/data/ratis/596ac8d9-554c-4085-a532-be3cb0bca9ef does not exist. Creating ...
2019-11-15 21:51:29,338 [pool-589-thread-1] INFO  storage.RaftStorageDirectory (RaftStorageDirectory.java:tryLock(328)) - Lock on /workdir/hadoop-ozone/integration-test/target/test-dir/MiniOzoneClusterImpl-e150a234-18da-4756-b2e5-8eb09f38746c/datanode-8/data/ratis/596ac8d9-554c-4085-a532-be3cb0bca9ef/in_use.lock acquired by nodename 4447@pr-hdds-2493-5rwwl-1515842690
2019-11-15 21:51:29,351 [pool-589-thread-1] INFO  storage.RaftStorage (RaftStorage.java:format(84)) - Storage directory /workdir/hadoop-ozone/integration-test/target/test-dir/MiniOzoneClusterImpl-e150a234-18da-4756-b2e5-8eb09f38746c/datanode-8/data/ratis/596ac8d9-554c-4085-a532-be3cb0bca9ef has been successfully formatted.
2019-11-15 21:51:29,351 [pool-589-thread-1] INFO  ratis.ContainerStateMachine (ContainerStateMachine.java:loadSnapshot(223)) - group-BE3CB0BCA9EF: The snapshot info is null. Setting the last applied indexto:(t:0, i:~)
2019-11-15 21:51:29,352 [pool-589-thread-1] INFO  server.RaftServerConfigKeys (ConfUtils.java:logGet(43)) - raft.server.notification.no-leader.timeout = 120s (custom)
2019-11-15 21:51:29,352 [pool-589-thread-1] INFO  server.RaftServerConfigKeys (ConfUtils.java:logGet(43)) - raft.server.log.use.memory = false (default)
2019-11-15 21:51:29,352 [pool-589-thread-1] INFO  server.RaftServerConfigKeys (ConfUtils.java:logGet(43)) - raft.server.log.purge.gap = 1000000 (custom)
2019-11-15 21:51:29,352 [pool-589-thread-1] INFO  server.RaftServerConfigKeys (ConfUtils.java:logGet(43)) - raft.server.log.appender.buffer.byte-limit = 33554432 (custom)
2019-11-15 21:51:29,352 [pool-589-thread-1] INFO  server.RaftServerConfigKeys (ConfUtils.java:logGet(43)) - raft.server.log.segment.size.max = 1048576 (custom)
2019-11-15 21:51:29,352 [pool-589-thread-1] WARN  impl.MetricRegistriesImpl (MetricRegistriesImpl.java:lambda$create$1(61)) - First MetricRegistry has been created without registering reporters. You may need to call MetricRegistries.global().addReportRegistration(...) before.
2019-11-15 21:51:29,352 [pool-589-thread-1] INFO  server.RaftServerConfigKeys (ConfUtils.java:logGet(43)) - raft.server.log.segment.cache.num.max = 2 (custom)
2019-11-15 21:51:29,352 [pool-589-thread-1] INFO  segmented.SegmentedRaftLogWorker (SegmentedRaftLogWorker.java:<init>(173)) - new 3eba0ff5-def1-46c6-a9bd-a10bbd02f1ce@group-BE3CB0BCA9EF-SegmentedRaftLogWorker for RaftStorage:Storage Directory /workdir/hadoop-ozone/integration-test/target/test-dir/MiniOzoneClusterImpl-e150a234-18da-4756-b2e5-8eb09f38746c/datanode-8/data/ratis/596ac8d9-554c-4085-a532-be3cb0bca9ef
2019-11-15 21:51:29,352 [pool-589-thread-1] INFO  server.RaftServerConfigKeys (ConfUtils.java:logGet(43)) - raft.server.log.queue.byte-limit = 2147483647 (custom)
2019-11-15 21:51:29,352 [pool-589-thread-1] INFO  server.RaftServerConfigKeys (ConfUtils.java:logGet(43)) - raft.server.log.queue.element-limit = 1024 (custom)
2019-11-15 21:51:29,352 [pool-589-thread-1] INFO  server.RaftServerConfigKeys (ConfUtils.java:logGet(43)) - raft.server.log.segment.size.max = 1048576 (custom)
2019-11-15 21:51:29,353 [pool-589-thread-1] INFO  server.RaftServerConfigKeys (ConfUtils.java:logGet(43)) - raft.server.log.preallocated.size = 16384 (custom)
2019-11-15 21:51:29,353 [pool-589-thread-1] INFO  server.RaftServerConfigKeys (ConfUtils.java:logGet(43)) - raft.server.log.write.buffer.size = 33554432 (custom)
2019-11-15 21:51:29,353 [pool-589-thread-1] INFO  server.RaftServerConfigKeys (ConfUtils.java:logGet(43)) - raft.server.log.force.sync.num = 128 (default)
2019-11-15 21:51:29,353 [pool-589-thread-1] INFO  server.RaftServerConfigKeys (ConfUtils.java:logGet(43)) - raft.server.log.statemachine.data.sync = true (default)
2019-11-15 21:51:29,353 [pool-589-thread-1] INFO  server.RaftServerConfigKeys (ConfUtils.java:logGet(43)) - raft.server.log.statemachine.data.sync.timeout = 10s (default)
2019-11-15 21:51:29,353 [pool-589-thread-1] INFO  server.RaftServerConfigKeys (ConfUtils.java:logGet(43)) - raft.server.log.statemachine.data.sync.timeout.retry = -1 (default)
2019-11-15 21:51:29,353 [pool-589-thread-1] INFO  server.RaftServerConfigKeys (ConfUtils.java:logGet(43)) - raft.server.log.statemachine.data.caching.enabled = true (custom)
2019-11-15 21:51:29,353 [pool-589-thread-1] INFO  segmented.SegmentedRaftLogWorker (SegmentedRaftLogWorker.java:lambda$new$0(128)) - 3eba0ff5-def1-46c6-a9bd-a10bbd02f1ce@group-BE3CB0BCA9EF-SegmentedRaftLogWorker: flushIndex: setUnconditionally 0 -> -1
2019-11-15 21:51:29,353 [pool-589-thread-1] INFO  server.RaftServerConfigKeys (ConfUtils.java:logGet(43)) - raft.server.snapshot.auto.trigger.enabled = true (custom)
2019-11-15 21:51:29,354 [pool-589-thread-1] INFO  server.RaftServerConfigKeys (ConfUtils.java:logGet(43)) - raft.server.snapshot.auto.trigger.threshold = 10000 (custom)
2019-11-15 21:51:29,354 [pool-589-thread-1] INFO  server.RaftServerConfigKeys (ConfUtils.java:logGet(43)) - raft.server.snapshot.retention.file.num = 5 (custom)
2019-11-15 21:51:29,354 [pool-589-thread-1] INFO  server.RaftServerConfigKeys (ConfUtils.java:logGet(43)) - raft.server.retrycache.expirytime = 600000ms (custom)
2019-11-15 21:51:29,354 [pool-589-thread-1] WARN  impl.MetricRegistriesImpl (MetricRegistriesImpl.java:lambda$create$1(61)) - First MetricRegistry has been created without registering reporters. You may need to call MetricRegistries.global().addReportRegistration(...) before.
2019-11-15 21:51:29,354 [pool-589-thread-1] WARN  impl.MetricRegistriesImpl (MetricRegistriesImpl.java:lambda$create$1(61)) - First MetricRegistry has been created without registering reporters. You may need to call MetricRegistries.global().addReportRegistration(...) before.
2019-11-15 21:51:29,354 [pool-589-thread-1] INFO  impl.RaftServerImpl (RaftServerImpl.java:start(184)) - 3eba0ff5-def1-46c6-a9bd-a10bbd02f1ce@group-BE3CB0BCA9EF: start as a follower, conf=-1: [3eba0ff5-def1-46c6-a9bd-a10bbd02f1ce:192.168.164.223:32938], old=null
2019-11-15 21:51:29,354 [pool-589-thread-1] INFO  impl.RaftServerImpl (RaftServerImpl.java:setRole(173)) - 3eba0ff5-def1-46c6-a9bd-a10bbd02f1ce@group-BE3CB0BCA9EF: changes role from      null to FOLLOWER at term 0 for startAsFollower
2019-11-15 21:51:29,354 [pool-589-thread-1] INFO  impl.RoleInfo (RoleInfo.java:updateAndGet(143)) - 3eba0ff5-def1-46c6-a9bd-a10bbd02f1ce: start FollowerState
2019-11-15 21:51:29,355 [pool-589-thread-1] INFO  util.JmxRegister (JmxRegister.java:tryRegister(44)) - Successfully registered JMX Bean with object name Ratis:service=RaftServer,group=group-BE3CB0BCA9EF,id=3eba0ff5-def1-46c6-a9bd-a10bbd02f1ce
2019-11-15 21:51:29,355 [pool-589-thread-1] WARN  impl.MetricRegistriesImpl (MetricRegistriesImpl.java:lambda$create$1(61)) - First MetricRegistry has been created without registering reporters. You may need to call MetricRegistries.global().addReportRegistration(...) before.
2019-11-15 21:51:29,355 [IPC Server handler 8 on 44238] INFO  net.NetworkTopology (NetworkTopologyImpl.java:add(111)) - Added a new node: /rack1/cd688886-394b-4fb5-85cc-1eab6f176edb
2019-11-15 21:51:29,355 [IPC Server handler 8 on 44238] INFO  node.SCMNodeManager (SCMNodeManager.java:register(267)) - Registered Data node : cd688886-394b-4fb5-85cc-1eab6f176edb{ip: 192.168.164.223, host: pr-hdds-2493-5rwwl-1515842690, networkLocation: /rack1, certSerialId: null}
2019-11-15 21:51:29,357 [RatisPipelineUtilsThread] INFO  pipeline.PipelineStateManager (PipelineStateManager.java:addPipeline(55)) - Created pipeline Pipeline[ Id: 596ac8d9-554c-4085-a532-be3cb0bca9ef, Nodes: 3eba0ff5-def1-46c6-a9bd-a10bbd02f1ce{ip: 192.168.164.223, host: pr-hdds-2493-5rwwl-1515842690, networkLocation: /rack1, certSerialId: null}, Type:RATIS, Factor:ONE, State:ALLOCATED]
2019-11-15 21:51:29,364 [grpc-default-executor-4] INFO  impl.RaftServerProxy (RaftServerProxy.java:addNew(89)) - cd688886-394b-4fb5-85cc-1eab6f176edb: addNew group-D7F94224F58E:[cd688886-394b-4fb5-85cc-1eab6f176edb:192.168.164.223:33574] returns group-D7F94224F58E:java.util.concurrent.CompletableFuture@41b351d6[Not completed]
2019-11-15 21:51:29,365 [pool-599-thread-1] INFO  impl.RaftServerImpl (RaftServerImpl.java:<init>(98)) - cd688886-394b-4fb5-85cc-1eab6f176edb: new RaftServerImpl for group-D7F94224F58E:[cd688886-394b-4fb5-85cc-1eab6f176edb:192.168.164.223:33574] with ContainerStateMachine:uninitialized
2019-11-15 21:51:29,365 [pool-599-thread-1] INFO  server.RaftServerConfigKeys (ConfUtils.java:logGet(43)) - raft.server.rpc.timeout.min = 1s (custom)
2019-11-15 21:51:29,365 [pool-599-thread-1] INFO  server.RaftServerConfigKeys (ConfUtils.java:logGet(43)) - raft.server.rpc.timeout.max = 1200ms (custom)
2019-11-15 21:51:29,365 [pool-599-thread-1] INFO  server.RaftServerConfigKeys (ConfUtils.java:logGet(43)) - raft.server.rpcslowness.timeout = 120s (custom)
2019-11-15 21:51:29,365 [pool-599-thread-1] INFO  server.RaftServerConfigKeys (ConfUtils.java:logGet(43)) - raft.server.sleep.deviation.threshold = 300 (default)
2019-11-15 21:51:29,365 [pool-599-thread-1] INFO  server.RaftServerConfigKeys (ConfUtils.java:logGet(43)) - raft.server.log.appender.install.snapshot.enabled = false (custom)
2019-11-15 21:51:29,365 [pool-599-thread-1] INFO  impl.RaftServerImpl (ServerState.java:<init>(103)) - cd688886-394b-4fb5-85cc-1eab6f176edb@group-D7F94224F58E: ConfigurationManager, init=-1: [cd688886-394b-4fb5-85cc-1eab6f176edb:192.168.164.223:33574], old=null, confs=<EMPTY_MAP>
2019-11-15 21:51:29,365 [pool-599-thread-1] INFO  server.RaftServerConfigKeys (ConfUtils.java:logGet(43)) - raft.server.storage.dir = [/workdir/hadoop-ozone/integration-test/target/test-dir/MiniOzoneClusterImpl-e150a234-18da-4756-b2e5-8eb09f38746c/datanode-9/data/ratis] (custom)
2019-11-15 21:51:29,366 [pool-599-thread-1] INFO  server.RaftServerConfigKeys (ConfUtils.java:logGet(43)) - raft.server.log.corruption.policy = EXCEPTION (default)
2019-11-15 21:51:29,366 [pool-599-thread-1] INFO  storage.RaftStorageDirectory (RaftStorageDirectory.java:analyzeStorage(246)) - The storage directory /workdir/hadoop-ozone/integration-test/target/test-dir/MiniOzoneClusterImpl-e150a234-18da-4756-b2e5-8eb09f38746c/datanode-9/data/ratis/156cd96f-bb73-4990-9c06-d7f94224f58e does not exist. Creating ...
2019-11-15 21:51:29,374 [pool-599-thread-1] INFO  storage.RaftStorageDirectory (RaftStorageDirectory.java:tryLock(328)) - Lock on /workdir/hadoop-ozone/integration-test/target/test-dir/MiniOzoneClusterImpl-e150a234-18da-4756-b2e5-8eb09f38746c/datanode-9/data/ratis/156cd96f-bb73-4990-9c06-d7f94224f58e/in_use.lock acquired by nodename 4447@pr-hdds-2493-5rwwl-1515842690
2019-11-15 21:51:29,383 [pool-599-thread-1] INFO  storage.RaftStorage (RaftStorage.java:format(84)) - Storage directory /workdir/hadoop-ozone/integration-test/target/test-dir/MiniOzoneClusterImpl-e150a234-18da-4756-b2e5-8eb09f38746c/datanode-9/data/ratis/156cd96f-bb73-4990-9c06-d7f94224f58e has been successfully formatted.
2019-11-15 21:51:29,383 [pool-599-thread-1] INFO  ratis.ContainerStateMachine (ContainerStateMachine.java:loadSnapshot(223)) - group-D7F94224F58E: The snapshot info is null. Setting the last applied indexto:(t:0, i:~)
2019-11-15 21:51:29,383 [pool-599-thread-1] INFO  server.RaftServerConfigKeys (ConfUtils.java:logGet(43)) - raft.server.notification.no-leader.timeout = 120s (custom)
2019-11-15 21:51:29,383 [pool-599-thread-1] INFO  server.RaftServerConfigKeys (ConfUtils.java:logGet(43)) - raft.server.log.use.memory = false (default)
2019-11-15 21:51:29,384 [pool-599-thread-1] INFO  server.RaftServerConfigKeys (ConfUtils.java:logGet(43)) - raft.server.log.purge.gap = 1000000 (custom)
2019-11-15 21:51:29,384 [pool-599-thread-1] INFO  server.RaftServerConfigKeys (ConfUtils.java:logGet(43)) - raft.server.log.appender.buffer.byte-limit = 33554432 (custom)
2019-11-15 21:51:29,384 [pool-599-thread-1] INFO  server.RaftServerConfigKeys (ConfUtils.java:logGet(43)) - raft.server.log.segment.size.max = 1048576 (custom)
2019-11-15 21:51:29,384 [pool-599-thread-1] WARN  impl.MetricRegistriesImpl (MetricRegistriesImpl.java:lambda$create$1(61)) - First MetricRegistry has been created without registering reporters. You may need to call MetricRegistries.global().addReportRegistration(...) before.
2019-11-15 21:51:29,384 [pool-599-thread-1] INFO  server.RaftServerConfigKeys (ConfUtils.java:logGet(43)) - raft.server.log.segment.cache.num.max = 2 (custom)
2019-11-15 21:51:29,384 [pool-599-thread-1] INFO  segmented.SegmentedRaftLogWorker (SegmentedRaftLogWorker.java:<init>(173)) - new cd688886-394b-4fb5-85cc-1eab6f176edb@group-D7F94224F58E-SegmentedRaftLogWorker for RaftStorage:Storage Directory /workdir/hadoop-ozone/integration-test/target/test-dir/MiniOzoneClusterImpl-e150a234-18da-4756-b2e5-8eb09f38746c/datanode-9/data/ratis/156cd96f-bb73-4990-9c06-d7f94224f58e
2019-11-15 21:51:29,384 [pool-599-thread-1] INFO  server.RaftServerConfigKeys (ConfUtils.java:logGet(43)) - raft.server.log.queue.byte-limit = 2147483647 (custom)
2019-11-15 21:51:29,384 [pool-599-thread-1] INFO  server.RaftServerConfigKeys (ConfUtils.java:logGet(43)) - raft.server.log.queue.element-limit = 1024 (custom)
2019-11-15 21:51:29,384 [pool-599-thread-1] INFO  server.RaftServerConfigKeys (ConfUtils.java:logGet(43)) - raft.server.log.segment.size.max = 1048576 (custom)
2019-11-15 21:51:29,384 [pool-599-thread-1] INFO  server.RaftServerConfigKeys (ConfUtils.java:logGet(43)) - raft.server.log.preallocated.size = 16384 (custom)
2019-11-15 21:51:29,384 [pool-599-thread-1] INFO  server.RaftServerConfigKeys (ConfUtils.java:logGet(43)) - raft.server.log.write.buffer.size = 33554432 (custom)
2019-11-15 21:51:29,385 [pool-599-thread-1] INFO  server.RaftServerConfigKeys (ConfUtils.java:logGet(43)) - raft.server.log.force.sync.num = 128 (default)
2019-11-15 21:51:29,385 [pool-599-thread-1] INFO  server.RaftServerConfigKeys (ConfUtils.java:logGet(43)) - raft.server.log.statemachine.data.sync = true (default)
2019-11-15 21:51:29,385 [pool-599-thread-1] INFO  server.RaftServerConfigKeys (ConfUtils.java:logGet(43)) - raft.server.log.statemachine.data.sync.timeout = 10s (default)
2019-11-15 21:51:29,385 [pool-599-thread-1] INFO  server.RaftServerConfigKeys (ConfUtils.java:logGet(43)) - raft.server.log.statemachine.data.sync.timeout.retry = -1 (default)
2019-11-15 21:51:29,385 [pool-599-thread-1] INFO  server.RaftServerConfigKeys (ConfUtils.java:logGet(43)) - raft.server.log.statemachine.data.caching.enabled = true (custom)
2019-11-15 21:51:29,385 [pool-599-thread-1] INFO  segmented.SegmentedRaftLogWorker (SegmentedRaftLogWorker.java:lambda$new$0(128)) - cd688886-394b-4fb5-85cc-1eab6f176edb@group-D7F94224F58E-SegmentedRaftLogWorker: flushIndex: setUnconditionally 0 -> -1
2019-11-15 21:51:29,385 [pool-599-thread-1] INFO  server.RaftServerConfigKeys (ConfUtils.java:logGet(43)) - raft.server.snapshot.auto.trigger.enabled = true (custom)
2019-11-15 21:51:29,385 [pool-599-thread-1] INFO  server.RaftServerConfigKeys (ConfUtils.java:logGet(43)) - raft.server.snapshot.auto.trigger.threshold = 10000 (custom)
2019-11-15 21:51:29,386 [pool-599-thread-1] INFO  server.RaftServerConfigKeys (ConfUtils.java:logGet(43)) - raft.server.snapshot.retention.file.num = 5 (custom)
2019-11-15 21:51:29,386 [pool-599-thread-1] INFO  server.RaftServerConfigKeys (ConfUtils.java:logGet(43)) - raft.server.retrycache.expirytime = 600000ms (custom)
2019-11-15 21:51:29,386 [pool-599-thread-1] WARN  impl.MetricRegistriesImpl (MetricRegistriesImpl.java:lambda$create$1(61)) - First MetricRegistry has been created without registering reporters. You may need to call MetricRegistries.global().addReportRegistration(...) before.
2019-11-15 21:51:29,386 [pool-599-thread-1] WARN  impl.MetricRegistriesImpl (MetricRegistriesImpl.java:lambda$create$1(61)) - First MetricRegistry has been created without registering reporters. You may need to call MetricRegistries.global().addReportRegistration(...) before.
2019-11-15 21:51:29,386 [pool-599-thread-1] INFO  impl.RaftServerImpl (RaftServerImpl.java:start(184)) - cd688886-394b-4fb5-85cc-1eab6f176edb@group-D7F94224F58E: start as a follower, conf=-1: [cd688886-394b-4fb5-85cc-1eab6f176edb:192.168.164.223:33574], old=null
2019-11-15 21:51:29,386 [pool-599-thread-1] INFO  impl.RaftServerImpl (RaftServerImpl.java:setRole(173)) - cd688886-394b-4fb5-85cc-1eab6f176edb@group-D7F94224F58E: changes role from      null to FOLLOWER at term 0 for startAsFollower
2019-11-15 21:51:29,386 [pool-599-thread-1] INFO  impl.RoleInfo (RoleInfo.java:updateAndGet(143)) - cd688886-394b-4fb5-85cc-1eab6f176edb: start FollowerState
2019-11-15 21:51:29,386 [pool-599-thread-1] INFO  util.JmxRegister (JmxRegister.java:tryRegister(44)) - Successfully registered JMX Bean with object name Ratis:service=RaftServer,group=group-D7F94224F58E,id=cd688886-394b-4fb5-85cc-1eab6f176edb
2019-11-15 21:51:29,387 [pool-599-thread-1] WARN  impl.MetricRegistriesImpl (MetricRegistriesImpl.java:lambda$create$1(61)) - First MetricRegistry has been created without registering reporters. You may need to call MetricRegistries.global().addReportRegistration(...) before.
2019-11-15 21:51:29,388 [RatisPipelineUtilsThread] INFO  pipeline.PipelineStateManager (PipelineStateManager.java:addPipeline(55)) - Created pipeline Pipeline[ Id: 156cd96f-bb73-4990-9c06-d7f94224f58e, Nodes: cd688886-394b-4fb5-85cc-1eab6f176edb{ip: 192.168.164.223, host: pr-hdds-2493-5rwwl-1515842690, networkLocation: /rack1, certSerialId: null}, Type:RATIS, Factor:ONE, State:ALLOCATED]
2019-11-15 21:51:29,391 [main] INFO  ozone.MiniOzoneClusterImpl (MiniOzoneClusterImpl.java:lambda$waitForClusterToBeReady$2(163)) - Waiting for 12 number of pipelines out of 12, to report a leader.
2019-11-15 21:51:29,399 [grpc-default-executor-0] INFO  impl.RaftServerProxy (RaftServerProxy.java:addNew(89)) - 3eba0ff5-def1-46c6-a9bd-a10bbd02f1ce: addNew group-BECD030167C0:[3eba0ff5-def1-46c6-a9bd-a10bbd02f1ce:192.168.164.223:32938, 09667cd7-469d-4450-b7d6-bfa43032ac6a:192.168.164.223:41749, 5e156848-495c-4d88-99d1-5a745ca90ed0:192.168.164.223:41251] returns group-BECD030167C0:java.util.concurrent.CompletableFuture@5796d420[Not completed]
2019-11-15 21:51:29,399 [grpc-default-executor-0] INFO  impl.RaftServerProxy (RaftServerProxy.java:addNew(89)) - 5e156848-495c-4d88-99d1-5a745ca90ed0: addNew group-BECD030167C0:[3eba0ff5-def1-46c6-a9bd-a10bbd02f1ce:192.168.164.223:32938, 09667cd7-469d-4450-b7d6-bfa43032ac6a:192.168.164.223:41749, 5e156848-495c-4d88-99d1-5a745ca90ed0:192.168.164.223:41251] returns group-BECD030167C0:java.util.concurrent.CompletableFuture@49b0f674[Not completed]
2019-11-15 21:51:29,400 [grpc-default-executor-4] INFO  impl.RaftServerProxy (RaftServerProxy.java:addNew(89)) - 09667cd7-469d-4450-b7d6-bfa43032ac6a: addNew group-BECD030167C0:[3eba0ff5-def1-46c6-a9bd-a10bbd02f1ce:192.168.164.223:32938, 09667cd7-469d-4450-b7d6-bfa43032ac6a:192.168.164.223:41749, 5e156848-495c-4d88-99d1-5a745ca90ed0:192.168.164.223:41251] returns group-BECD030167C0:java.util.concurrent.CompletableFuture@7633be35[Not completed]
2019-11-15 21:51:29,400 [pool-589-thread-1] INFO  impl.RaftServerImpl (RaftServerImpl.java:<init>(98)) - 3eba0ff5-def1-46c6-a9bd-a10bbd02f1ce: new RaftServerImpl for group-BECD030167C0:[3eba0ff5-def1-46c6-a9bd-a10bbd02f1ce:192.168.164.223:32938, 09667cd7-469d-4450-b7d6-bfa43032ac6a:192.168.164.223:41749, 5e156848-495c-4d88-99d1-5a745ca90ed0:192.168.164.223:41251] with ContainerStateMachine:uninitialized
2019-11-15 21:51:29,401 [pool-589-thread-1] INFO  server.RaftServerConfigKeys (ConfUtils.java:logGet(43)) - raft.server.rpc.timeout.min = 1s (custom)
2019-11-15 21:51:29,401 [pool-589-thread-1] INFO  server.RaftServerConfigKeys (ConfUtils.java:logGet(43)) - raft.server.rpc.timeout.max = 1200ms (custom)
2019-11-15 21:51:29,401 [pool-589-thread-1] INFO  server.RaftServerConfigKeys (ConfUtils.java:logGet(43)) - raft.server.rpcslowness.timeout = 120s (custom)
2019-11-15 21:51:29,401 [pool-569-thread-1] INFO  impl.RaftServerImpl (RaftServerImpl.java:<init>(98)) - 09667cd7-469d-4450-b7d6-bfa43032ac6a: new RaftServerImpl for group-BECD030167C0:[3eba0ff5-def1-46c6-a9bd-a10bbd02f1ce:192.168.164.223:32938, 09667cd7-469d-4450-b7d6-bfa43032ac6a:192.168.164.223:41749, 5e156848-495c-4d88-99d1-5a745ca90ed0:192.168.164.223:41251] with ContainerStateMachine:uninitialized
2019-11-15 21:51:29,401 [pool-589-thread-1] INFO  server.RaftServerConfigKeys (ConfUtils.java:logGet(43)) - raft.server.sleep.deviation.threshold = 300 (default)
2019-11-15 21:51:29,401 [pool-569-thread-1] INFO  server.RaftServerConfigKeys (ConfUtils.java:logGet(43)) - raft.server.rpc.timeout.min = 1s (custom)
2019-11-15 21:51:29,401 [pool-579-thread-1] INFO  impl.RaftServerImpl (RaftServerImpl.java:<init>(98)) - 5e156848-495c-4d88-99d1-5a745ca90ed0: new RaftServerImpl for group-BECD030167C0:[3eba0ff5-def1-46c6-a9bd-a10bbd02f1ce:192.168.164.223:32938, 09667cd7-469d-4450-b7d6-bfa43032ac6a:192.168.164.223:41749, 5e156848-495c-4d88-99d1-5a745ca90ed0:192.168.164.223:41251] with ContainerStateMachine:uninitialized
2019-11-15 21:51:29,401 [pool-589-thread-1] INFO  server.RaftServerConfigKeys (ConfUtils.java:logGet(43)) - raft.server.log.appender.install.snapshot.enabled = false (custom)
2019-11-15 21:51:29,402 [pool-579-thread-1] INFO  server.RaftServerConfigKeys (ConfUtils.java:logGet(43)) - raft.server.rpc.timeout.min = 1s (custom)
2019-11-15 21:51:29,402 [pool-579-thread-1] INFO  server.RaftServerConfigKeys (ConfUtils.java:logGet(43)) - raft.server.rpc.timeout.max = 1200ms (custom)
2019-11-15 21:51:29,401 [pool-569-thread-1] INFO  server.RaftServerConfigKeys (ConfUtils.java:logGet(43)) - raft.server.rpc.timeout.max = 1200ms (custom)
2019-11-15 21:51:29,402 [pool-579-thread-1] INFO  server.RaftServerConfigKeys (ConfUtils.java:logGet(43)) - raft.server.rpcslowness.timeout = 120s (custom)
2019-11-15 21:51:29,402 [pool-579-thread-1] INFO  server.RaftServerConfigKeys (ConfUtils.java:logGet(43)) - raft.server.sleep.deviation.threshold = 300 (default)
2019-11-15 21:51:29,402 [pool-589-thread-1] INFO  impl.RaftServerImpl (ServerState.java:<init>(103)) - 3eba0ff5-def1-46c6-a9bd-a10bbd02f1ce@group-BECD030167C0: ConfigurationManager, init=-1: [3eba0ff5-def1-46c6-a9bd-a10bbd02f1ce:192.168.164.223:32938, 09667cd7-469d-4450-b7d6-bfa43032ac6a:192.168.164.223:41749, 5e156848-495c-4d88-99d1-5a745ca90ed0:192.168.164.223:41251], old=null, confs=<EMPTY_MAP>
2019-11-15 21:51:29,402 [pool-579-thread-1] INFO  server.RaftServerConfigKeys (ConfUtils.java:logGet(43)) - raft.server.log.appender.install.snapshot.enabled = false (custom)
2019-11-15 21:51:29,402 [pool-589-thread-1] INFO  server.RaftServerConfigKeys (ConfUtils.java:logGet(43)) - raft.server.storage.dir = [/workdir/hadoop-ozone/integration-test/target/test-dir/MiniOzoneClusterImpl-e150a234-18da-4756-b2e5-8eb09f38746c/datanode-8/data/ratis] (custom)
2019-11-15 21:51:29,402 [pool-569-thread-1] INFO  server.RaftServerConfigKeys (ConfUtils.java:logGet(43)) - raft.server.rpcslowness.timeout = 120s (custom)
2019-11-15 21:51:29,402 [pool-579-thread-1] INFO  impl.RaftServerImpl (ServerState.java:<init>(103)) - 5e156848-495c-4d88-99d1-5a745ca90ed0@group-BECD030167C0: ConfigurationManager, init=-1: [3eba0ff5-def1-46c6-a9bd-a10bbd02f1ce:192.168.164.223:32938, 09667cd7-469d-4450-b7d6-bfa43032ac6a:192.168.164.223:41749, 5e156848-495c-4d88-99d1-5a745ca90ed0:192.168.164.223:41251], old=null, confs=<EMPTY_MAP>
2019-11-15 21:51:29,402 [pool-589-thread-1] INFO  server.RaftServerConfigKeys (ConfUtils.java:logGet(43)) - raft.server.log.corruption.policy = EXCEPTION (default)
2019-11-15 21:51:29,402 [pool-569-thread-1] INFO  server.RaftServerConfigKeys (ConfUtils.java:logGet(43)) - raft.server.sleep.deviation.threshold = 300 (default)
2019-11-15 21:51:29,403 [pool-589-thread-1] INFO  storage.RaftStorageDirectory (RaftStorageDirectory.java:analyzeStorage(246)) - The storage directory /workdir/hadoop-ozone/integration-test/target/test-dir/MiniOzoneClusterImpl-e150a234-18da-4756-b2e5-8eb09f38746c/datanode-8/data/ratis/3cb33402-9b82-4bfa-9e03-becd030167c0 does not exist. Creating ...
2019-11-15 21:51:29,402 [pool-579-thread-1] INFO  server.RaftServerConfigKeys (ConfUtils.java:logGet(43)) - raft.server.storage.dir = [/workdir/hadoop-ozone/integration-test/target/test-dir/MiniOzoneClusterImpl-e150a234-18da-4756-b2e5-8eb09f38746c/datanode-7/data/ratis] (custom)
2019-11-15 21:51:29,403 [pool-569-thread-1] INFO  server.RaftServerConfigKeys (ConfUtils.java:logGet(43)) - raft.server.log.appender.install.snapshot.enabled = false (custom)
2019-11-15 21:51:29,403 [pool-569-thread-1] INFO  impl.RaftServerImpl (ServerState.java:<init>(103)) - 09667cd7-469d-4450-b7d6-bfa43032ac6a@group-BECD030167C0: ConfigurationManager, init=-1: [3eba0ff5-def1-46c6-a9bd-a10bbd02f1ce:192.168.164.223:32938, 09667cd7-469d-4450-b7d6-bfa43032ac6a:192.168.164.223:41749, 5e156848-495c-4d88-99d1-5a745ca90ed0:192.168.164.223:41251], old=null, confs=<EMPTY_MAP>
2019-11-15 21:51:29,403 [pool-579-thread-1] INFO  server.RaftServerConfigKeys (ConfUtils.java:logGet(43)) - raft.server.log.corruption.policy = EXCEPTION (default)
2019-11-15 21:51:29,403 [pool-569-thread-1] INFO  server.RaftServerConfigKeys (ConfUtils.java:logGet(43)) - raft.server.storage.dir = [/workdir/hadoop-ozone/integration-test/target/test-dir/MiniOzoneClusterImpl-e150a234-18da-4756-b2e5-8eb09f38746c/datanode-6/data/ratis] (custom)
2019-11-15 21:51:29,403 [pool-579-thread-1] INFO  storage.RaftStorageDirectory (RaftStorageDirectory.java:analyzeStorage(246)) - The storage directory /workdir/hadoop-ozone/integration-test/target/test-dir/MiniOzoneClusterImpl-e150a234-18da-4756-b2e5-8eb09f38746c/datanode-7/data/ratis/3cb33402-9b82-4bfa-9e03-becd030167c0 does not exist. Creating ...
2019-11-15 21:51:29,403 [pool-569-thread-1] INFO  server.RaftServerConfigKeys (ConfUtils.java:logGet(43)) - raft.server.log.corruption.policy = EXCEPTION (default)
2019-11-15 21:51:29,403 [pool-569-thread-1] INFO  storage.RaftStorageDirectory (RaftStorageDirectory.java:analyzeStorage(246)) - The storage directory /workdir/hadoop-ozone/integration-test/target/test-dir/MiniOzoneClusterImpl-e150a234-18da-4756-b2e5-8eb09f38746c/datanode-6/data/ratis/3cb33402-9b82-4bfa-9e03-becd030167c0 does not exist. Creating ...
2019-11-15 21:51:29,417 [pool-579-thread-1] INFO  storage.RaftStorageDirectory (RaftStorageDirectory.java:tryLock(328)) - Lock on /workdir/hadoop-ozone/integration-test/target/test-dir/MiniOzoneClusterImpl-e150a234-18da-4756-b2e5-8eb09f38746c/datanode-7/data/ratis/3cb33402-9b82-4bfa-9e03-becd030167c0/in_use.lock acquired by nodename 4447@pr-hdds-2493-5rwwl-1515842690
2019-11-15 21:51:29,417 [pool-589-thread-1] INFO  storage.RaftStorageDirectory (RaftStorageDirectory.java:tryLock(328)) - Lock on /workdir/hadoop-ozone/integration-test/target/test-dir/MiniOzoneClusterImpl-e150a234-18da-4756-b2e5-8eb09f38746c/datanode-8/data/ratis/3cb33402-9b82-4bfa-9e03-becd030167c0/in_use.lock acquired by nodename 4447@pr-hdds-2493-5rwwl-1515842690
2019-11-15 21:51:29,417 [pool-569-thread-1] INFO  storage.RaftStorageDirectory (RaftStorageDirectory.java:tryLock(328)) - Lock on /workdir/hadoop-ozone/integration-test/target/test-dir/MiniOzoneClusterImpl-e150a234-18da-4756-b2e5-8eb09f38746c/datanode-6/data/ratis/3cb33402-9b82-4bfa-9e03-becd030167c0/in_use.lock acquired by nodename 4447@pr-hdds-2493-5rwwl-1515842690
2019-11-15 21:51:29,430 [pool-579-thread-1] INFO  storage.RaftStorage (RaftStorage.java:format(84)) - Storage directory /workdir/hadoop-ozone/integration-test/target/test-dir/MiniOzoneClusterImpl-e150a234-18da-4756-b2e5-8eb09f38746c/datanode-7/data/ratis/3cb33402-9b82-4bfa-9e03-becd030167c0 has been successfully formatted.
2019-11-15 21:51:29,430 [pool-589-thread-1] INFO  storage.RaftStorage (RaftStorage.java:format(84)) - Storage directory /workdir/hadoop-ozone/integration-test/target/test-dir/MiniOzoneClusterImpl-e150a234-18da-4756-b2e5-8eb09f38746c/datanode-8/data/ratis/3cb33402-9b82-4bfa-9e03-becd030167c0 has been successfully formatted.
2019-11-15 21:51:29,430 [pool-569-thread-1] INFO  storage.RaftStorage (RaftStorage.java:format(84)) - Storage directory /workdir/hadoop-ozone/integration-test/target/test-dir/MiniOzoneClusterImpl-e150a234-18da-4756-b2e5-8eb09f38746c/datanode-6/data/ratis/3cb33402-9b82-4bfa-9e03-becd030167c0 has been successfully formatted.
2019-11-15 21:51:29,430 [pool-579-thread-1] INFO  ratis.ContainerStateMachine (ContainerStateMachine.java:loadSnapshot(223)) - group-BECD030167C0: The snapshot info is null. Setting the last applied indexto:(t:0, i:~)
2019-11-15 21:51:29,430 [pool-569-thread-1] INFO  ratis.ContainerStateMachine (ContainerStateMachine.java:loadSnapshot(223)) - group-BECD030167C0: The snapshot info is null. Setting the last applied indexto:(t:0, i:~)
2019-11-15 21:51:29,430 [pool-589-thread-1] INFO  ratis.ContainerStateMachine (ContainerStateMachine.java:loadSnapshot(223)) - group-BECD030167C0: The snapshot info is null. Setting the last applied indexto:(t:0, i:~)
2019-11-15 21:51:29,430 [pool-569-thread-1] INFO  server.RaftServerConfigKeys (ConfUtils.java:logGet(43)) - raft.server.notification.no-leader.timeout = 120s (custom)
2019-11-15 21:51:29,430 [pool-579-thread-1] INFO  server.RaftServerConfigKeys (ConfUtils.java:logGet(43)) - raft.server.notification.no-leader.timeout = 120s (custom)
2019-11-15 21:51:29,430 [pool-569-thread-1] INFO  server.RaftServerConfigKeys (ConfUtils.java:logGet(43)) - raft.server.log.use.memory = false (default)
2019-11-15 21:51:29,430 [pool-589-thread-1] INFO  server.RaftServerConfigKeys (ConfUtils.java:logGet(43)) - raft.server.notification.no-leader.timeout = 120s (custom)
2019-11-15 21:51:29,431 [pool-569-thread-1] INFO  server.RaftServerConfigKeys (ConfUtils.java:logGet(43)) - raft.server.log.purge.gap = 1000000 (custom)
2019-11-15 21:51:29,431 [pool-579-thread-1] INFO  server.RaftServerConfigKeys (ConfUtils.java:logGet(43)) - raft.server.log.use.memory = false (default)
2019-11-15 21:51:29,431 [pool-569-thread-1] INFO  server.RaftServerConfigKeys (ConfUtils.java:logGet(43)) - raft.server.log.appender.buffer.byte-limit = 33554432 (custom)
2019-11-15 21:51:29,431 [pool-589-thread-1] INFO  server.RaftServerConfigKeys (ConfUtils.java:logGet(43)) - raft.server.log.use.memory = false (default)
2019-11-15 21:51:29,431 [pool-569-thread-1] INFO  server.RaftServerConfigKeys (ConfUtils.java:logGet(43)) - raft.server.log.segment.size.max = 1048576 (custom)
2019-11-15 21:51:29,431 [pool-579-thread-1] INFO  server.RaftServerConfigKeys (ConfUtils.java:logGet(43)) - raft.server.log.purge.gap = 1000000 (custom)
2019-11-15 21:51:29,431 [pool-569-thread-1] INFO  server.RaftServerConfigKeys (ConfUtils.java:logGet(43)) - raft.server.log.segment.cache.num.max = 2 (custom)
2019-11-15 21:51:29,431 [pool-589-thread-1] INFO  server.RaftServerConfigKeys (ConfUtils.java:logGet(43)) - raft.server.log.purge.gap = 1000000 (custom)
2019-11-15 21:51:29,431 [pool-569-thread-1] INFO  segmented.SegmentedRaftLogWorker (SegmentedRaftLogWorker.java:<init>(173)) - new 09667cd7-469d-4450-b7d6-bfa43032ac6a@group-BECD030167C0-SegmentedRaftLogWorker for RaftStorage:Storage Directory /workdir/hadoop-ozone/integration-test/target/test-dir/MiniOzoneClusterImpl-e150a234-18da-4756-b2e5-8eb09f38746c/datanode-6/data/ratis/3cb33402-9b82-4bfa-9e03-becd030167c0
2019-11-15 21:51:29,431 [pool-579-thread-1] INFO  server.RaftServerConfigKeys (ConfUtils.java:logGet(43)) - raft.server.log.appender.buffer.byte-limit = 33554432 (custom)
2019-11-15 21:51:29,431 [pool-569-thread-1] INFO  server.RaftServerConfigKeys (ConfUtils.java:logGet(43)) - raft.server.log.queue.byte-limit = 2147483647 (custom)
2019-11-15 21:51:29,431 [pool-589-thread-1] INFO  server.RaftServerConfigKeys (ConfUtils.java:logGet(43)) - raft.server.log.appender.buffer.byte-limit = 33554432 (custom)
2019-11-15 21:51:29,432 [pool-569-thread-1] INFO  server.RaftServerConfigKeys (ConfUtils.java:logGet(43)) - raft.server.log.queue.element-limit = 1024 (custom)
2019-11-15 21:51:29,431 [pool-579-thread-1] INFO  server.RaftServerConfigKeys (ConfUtils.java:logGet(43)) - raft.server.log.segment.size.max = 1048576 (custom)
2019-11-15 21:51:29,432 [pool-569-thread-1] INFO  server.RaftServerConfigKeys (ConfUtils.java:logGet(43)) - raft.server.log.segment.size.max = 1048576 (custom)
2019-11-15 21:51:29,432 [pool-589-thread-1] INFO  server.RaftServerConfigKeys (ConfUtils.java:logGet(43)) - raft.server.log.segment.size.max = 1048576 (custom)
2019-11-15 21:51:29,432 [pool-569-thread-1] INFO  server.RaftServerConfigKeys (ConfUtils.java:logGet(43)) - raft.server.log.preallocated.size = 16384 (custom)
2019-11-15 21:51:29,432 [pool-579-thread-1] INFO  server.RaftServerConfigKeys (ConfUtils.java:logGet(43)) - raft.server.log.segment.cache.num.max = 2 (custom)
2019-11-15 21:51:29,432 [pool-569-thread-1] INFO  server.RaftServerConfigKeys (ConfUtils.java:logGet(43)) - raft.server.log.write.buffer.size = 33554432 (custom)
2019-11-15 21:51:29,432 [pool-589-thread-1] INFO  server.RaftServerConfigKeys (ConfUtils.java:logGet(43)) - raft.server.log.segment.cache.num.max = 2 (custom)
2019-11-15 21:51:29,432 [pool-569-thread-1] INFO  server.RaftServerConfigKeys (ConfUtils.java:logGet(43)) - raft.server.log.force.sync.num = 128 (default)
2019-11-15 21:51:29,432 [pool-579-thread-1] INFO  segmented.SegmentedRaftLogWorker (SegmentedRaftLogWorker.java:<init>(173)) - new 5e156848-495c-4d88-99d1-5a745ca90ed0@group-BECD030167C0-SegmentedRaftLogWorker for RaftStorage:Storage Directory /workdir/hadoop-ozone/integration-test/target/test-dir/MiniOzoneClusterImpl-e150a234-18da-4756-b2e5-8eb09f38746c/datanode-7/data/ratis/3cb33402-9b82-4bfa-9e03-becd030167c0
2019-11-15 21:51:29,432 [pool-569-thread-1] INFO  server.RaftServerConfigKeys (ConfUtils.java:logGet(43)) - raft.server.log.statemachine.data.sync = true (default)
2019-11-15 21:51:29,432 [pool-589-thread-1] INFO  segmented.SegmentedRaftLogWorker (SegmentedRaftLogWorker.java:<init>(173)) - new 3eba0ff5-def1-46c6-a9bd-a10bbd02f1ce@group-BECD030167C0-SegmentedRaftLogWorker for RaftStorage:Storage Directory /workdir/hadoop-ozone/integration-test/target/test-dir/MiniOzoneClusterImpl-e150a234-18da-4756-b2e5-8eb09f38746c/datanode-8/data/ratis/3cb33402-9b82-4bfa-9e03-becd030167c0
2019-11-15 21:51:29,432 [pool-569-thread-1] INFO  server.RaftServerConfigKeys (ConfUtils.java:logGet(43)) - raft.server.log.statemachine.data.sync.timeout = 10s (default)
2019-11-15 21:51:29,432 [pool-579-thread-1] INFO  server.RaftServerConfigKeys (ConfUtils.java:logGet(43)) - raft.server.log.queue.byte-limit = 2147483647 (custom)
2019-11-15 21:51:29,433 [pool-569-thread-1] INFO  server.RaftServerConfigKeys (ConfUtils.java:logGet(43)) - raft.server.log.statemachine.data.sync.timeout.retry = -1 (default)
2019-11-15 21:51:29,433 [pool-589-thread-1] INFO  server.RaftServerConfigKeys (ConfUtils.java:logGet(43)) - raft.server.log.queue.byte-limit = 2147483647 (custom)
2019-11-15 21:51:29,433 [pool-569-thread-1] INFO  server.RaftServerConfigKeys (ConfUtils.java:logGet(43)) - raft.server.log.statemachine.data.caching.enabled = true (custom)
2019-11-15 21:51:29,433 [pool-579-thread-1] INFO  server.RaftServerConfigKeys (ConfUtils.java:logGet(43)) - raft.server.log.queue.element-limit = 1024 (custom)
2019-11-15 21:51:29,433 [pool-589-thread-1] INFO  server.RaftServerConfigKeys (ConfUtils.java:logGet(43)) - raft.server.log.queue.element-limit = 1024 (custom)
2019-11-15 21:51:29,433 [pool-569-thread-1] INFO  segmented.SegmentedRaftLogWorker (SegmentedRaftLogWorker.java:lambda$new$0(128)) - 09667cd7-469d-4450-b7d6-bfa43032ac6a@group-BECD030167C0-SegmentedRaftLogWorker: flushIndex: setUnconditionally 0 -> -1
2019-11-15 21:51:29,433 [pool-579-thread-1] INFO  server.RaftServerConfigKeys (ConfUtils.java:logGet(43)) - raft.server.log.segment.size.max = 1048576 (custom)
2019-11-15 21:51:29,433 [pool-589-thread-1] INFO  server.RaftServerConfigKeys (ConfUtils.java:logGet(43)) - raft.server.log.segment.size.max = 1048576 (custom)
2019-11-15 21:51:29,433 [pool-569-thread-1] INFO  server.RaftServerConfigKeys (ConfUtils.java:logGet(43)) - raft.server.snapshot.auto.trigger.enabled = true (custom)
2019-11-15 21:51:29,433 [pool-579-thread-1] INFO  server.RaftServerConfigKeys (ConfUtils.java:logGet(43)) - raft.server.log.preallocated.size = 16384 (custom)
2019-11-15 21:51:29,433 [pool-569-thread-1] INFO  server.RaftServerConfigKeys (ConfUtils.java:logGet(43)) - raft.server.snapshot.auto.trigger.threshold = 10000 (custom)
2019-11-15 21:51:29,433 [pool-589-thread-1] INFO  server.RaftServerConfigKeys (ConfUtils.java:logGet(43)) - raft.server.log.preallocated.size = 16384 (custom)
2019-11-15 21:51:29,434 [pool-569-thread-1] INFO  server.RaftServerConfigKeys (ConfUtils.java:logGet(43)) - raft.server.snapshot.retention.file.num = 5 (custom)
2019-11-15 21:51:29,433 [pool-579-thread-1] INFO  server.RaftServerConfigKeys (ConfUtils.java:logGet(43)) - raft.server.log.write.buffer.size = 33554432 (custom)
2019-11-15 21:51:29,434 [pool-569-thread-1] INFO  server.RaftServerConfigKeys (ConfUtils.java:logGet(43)) - raft.server.retrycache.expirytime = 600000ms (custom)
2019-11-15 21:51:29,434 [pool-589-thread-1] INFO  server.RaftServerConfigKeys (ConfUtils.java:logGet(43)) - raft.server.log.write.buffer.size = 33554432 (custom)
2019-11-15 21:51:29,434 [pool-589-thread-1] INFO  server.RaftServerConfigKeys (ConfUtils.java:logGet(43)) - raft.server.log.force.sync.num = 128 (default)
2019-11-15 21:51:29,434 [pool-569-thread-1] WARN  impl.MetricRegistriesImpl (MetricRegistriesImpl.java:lambda$create$1(61)) - First MetricRegistry has been created without registering reporters. You may need to call MetricRegistries.global().addReportRegistration(...) before.
2019-11-15 21:51:29,434 [pool-579-thread-1] INFO  server.RaftServerConfigKeys (ConfUtils.java:logGet(43)) - raft.server.log.force.sync.num = 128 (default)
2019-11-15 21:51:29,434 [pool-569-thread-1] WARN  impl.MetricRegistriesImpl (MetricRegistriesImpl.java:lambda$create$1(61)) - First MetricRegistry has been created without registering reporters. You may need to call MetricRegistries.global().addReportRegistration(...) before.
2019-11-15 21:51:29,434 [pool-589-thread-1] INFO  server.RaftServerConfigKeys (ConfUtils.java:logGet(43)) - raft.server.log.statemachine.data.sync = true (default)
2019-11-15 21:51:29,434 [pool-569-thread-1] INFO  impl.RaftServerImpl (RaftServerImpl.java:start(184)) - 09667cd7-469d-4450-b7d6-bfa43032ac6a@group-BECD030167C0: start as a follower, conf=-1: [3eba0ff5-def1-46c6-a9bd-a10bbd02f1ce:192.168.164.223:32938, 09667cd7-469d-4450-b7d6-bfa43032ac6a:192.168.164.223:41749, 5e156848-495c-4d88-99d1-5a745ca90ed0:192.168.164.223:41251], old=null
2019-11-15 21:51:29,434 [pool-579-thread-1] INFO  server.RaftServerConfigKeys (ConfUtils.java:logGet(43)) - raft.server.log.statemachine.data.sync = true (default)
2019-11-15 21:51:29,435 [pool-569-thread-1] INFO  impl.RaftServerImpl (RaftServerImpl.java:setRole(173)) - 09667cd7-469d-4450-b7d6-bfa43032ac6a@group-BECD030167C0: changes role from      null to FOLLOWER at term 0 for startAsFollower
2019-11-15 21:51:29,434 [pool-589-thread-1] INFO  server.RaftServerConfigKeys (ConfUtils.java:logGet(43)) - raft.server.log.statemachine.data.sync.timeout = 10s (default)
2019-11-15 21:51:29,435 [pool-569-thread-1] INFO  impl.RoleInfo (RoleInfo.java:updateAndGet(143)) - 09667cd7-469d-4450-b7d6-bfa43032ac6a: start FollowerState
2019-11-15 21:51:29,435 [pool-579-thread-1] INFO  server.RaftServerConfigKeys (ConfUtils.java:logGet(43)) - raft.server.log.statemachine.data.sync.timeout = 10s (default)
2019-11-15 21:51:29,435 [pool-589-thread-1] INFO  server.RaftServerConfigKeys (ConfUtils.java:logGet(43)) - raft.server.log.statemachine.data.sync.timeout.retry = -1 (default)
2019-11-15 21:51:29,435 [pool-579-thread-1] INFO  server.RaftServerConfigKeys (ConfUtils.java:logGet(43)) - raft.server.log.statemachine.data.sync.timeout.retry = -1 (default)
2019-11-15 21:51:29,435 [pool-589-thread-1] INFO  server.RaftServerConfigKeys (ConfUtils.java:logGet(43)) - raft.server.log.statemachine.data.caching.enabled = true (custom)
2019-11-15 21:51:29,435 [pool-569-thread-1] INFO  util.JmxRegister (JmxRegister.java:tryRegister(44)) - Successfully registered JMX Bean with object name Ratis:service=RaftServer,group=group-BECD030167C0,id=09667cd7-469d-4450-b7d6-bfa43032ac6a
2019-11-15 21:51:29,435 [pool-589-thread-1] INFO  segmented.SegmentedRaftLogWorker (SegmentedRaftLogWorker.java:lambda$new$0(128)) - 3eba0ff5-def1-46c6-a9bd-a10bbd02f1ce@group-BECD030167C0-SegmentedRaftLogWorker: flushIndex: setUnconditionally 0 -> -1
2019-11-15 21:51:29,435 [pool-579-thread-1] INFO  server.RaftServerConfigKeys (ConfUtils.java:logGet(43)) - raft.server.log.statemachine.data.caching.enabled = true (custom)
2019-11-15 21:51:29,435 [pool-569-thread-1] WARN  impl.MetricRegistriesImpl (MetricRegistriesImpl.java:lambda$create$1(61)) - First MetricRegistry has been created without registering reporters. You may need to call MetricRegistries.global().addReportRegistration(...) before.
2019-11-15 21:51:29,436 [pool-579-thread-1] INFO  segmented.SegmentedRaftLogWorker (SegmentedRaftLogWorker.java:lambda$new$0(128)) - 5e156848-495c-4d88-99d1-5a745ca90ed0@group-BECD030167C0-SegmentedRaftLogWorker: flushIndex: setUnconditionally 0 -> -1
2019-11-15 21:51:29,436 [pool-589-thread-1] INFO  server.RaftServerConfigKeys (ConfUtils.java:logGet(43)) - raft.server.snapshot.auto.trigger.enabled = true (custom)
2019-11-15 21:51:29,436 [pool-589-thread-1] INFO  server.RaftServerConfigKeys (ConfUtils.java:logGet(43)) - raft.server.snapshot.auto.trigger.threshold = 10000 (custom)
2019-11-15 21:51:29,436 [pool-589-thread-1] INFO  server.RaftServerConfigKeys (ConfUtils.java:logGet(43)) - raft.server.snapshot.retention.file.num = 5 (custom)
2019-11-15 21:51:29,436 [pool-579-thread-1] INFO  server.RaftServerConfigKeys (ConfUtils.java:logGet(43)) - raft.server.snapshot.auto.trigger.enabled = true (custom)
2019-11-15 21:51:29,436 [pool-579-thread-1] INFO  server.RaftServerConfigKeys (ConfUtils.java:logGet(43)) - raft.server.snapshot.auto.trigger.threshold = 10000 (custom)
2019-11-15 21:51:29,436 [pool-589-thread-1] INFO  server.RaftServerConfigKeys (ConfUtils.java:logGet(43)) - raft.server.retrycache.expirytime = 600000ms (custom)
2019-11-15 21:51:29,436 [pool-579-thread-1] INFO  server.RaftServerConfigKeys (ConfUtils.java:logGet(43)) - raft.server.snapshot.retention.file.num = 5 (custom)
2019-11-15 21:51:29,436 [pool-589-thread-1] WARN  impl.MetricRegistriesImpl (MetricRegistriesImpl.java:lambda$create$1(61)) - First MetricRegistry has been created without registering reporters. You may need to call MetricRegistries.global().addReportRegistration(...) before.
2019-11-15 21:51:29,436 [pool-579-thread-1] INFO  server.RaftServerConfigKeys (ConfUtils.java:logGet(43)) - raft.server.retrycache.expirytime = 600000ms (custom)
2019-11-15 21:51:29,437 [pool-589-thread-1] WARN  impl.MetricRegistriesImpl (MetricRegistriesImpl.java:lambda$create$1(61)) - First MetricRegistry has been created without registering reporters. You may need to call MetricRegistries.global().addReportRegistration(...) before.
2019-11-15 21:51:29,437 [pool-579-thread-1] WARN  impl.MetricRegistriesImpl (MetricRegistriesImpl.java:lambda$create$1(61)) - First MetricRegistry has been created without registering reporters. You may need to call MetricRegistries.global().addReportRegistration(...) before.
2019-11-15 21:51:29,437 [pool-589-thread-1] INFO  impl.RaftServerImpl (RaftServerImpl.java:start(184)) - 3eba0ff5-def1-46c6-a9bd-a10bbd02f1ce@group-BECD030167C0: start as a follower, conf=-1: [3eba0ff5-def1-46c6-a9bd-a10bbd02f1ce:192.168.164.223:32938, 09667cd7-469d-4450-b7d6-bfa43032ac6a:192.168.164.223:41749, 5e156848-495c-4d88-99d1-5a745ca90ed0:192.168.164.223:41251], old=null
2019-11-15 21:51:29,437 [pool-579-thread-1] WARN  impl.MetricRegistriesImpl (MetricRegistriesImpl.java:lambda$create$1(61)) - First MetricRegistry has been created without registering reporters. You may need to call MetricRegistries.global().addReportRegistration(...) before.
2019-11-15 21:51:29,437 [pool-589-thread-1] INFO  impl.RaftServerImpl (RaftServerImpl.java:setRole(173)) - 3eba0ff5-def1-46c6-a9bd-a10bbd02f1ce@group-BECD030167C0: changes role from      null to FOLLOWER at term 0 for startAsFollower
2019-11-15 21:51:29,437 [pool-579-thread-1] INFO  impl.RaftServerImpl (RaftServerImpl.java:start(184)) - 5e156848-495c-4d88-99d1-5a745ca90ed0@group-BECD030167C0: start as a follower, conf=-1: [3eba0ff5-def1-46c6-a9bd-a10bbd02f1ce:192.168.164.223:32938, 09667cd7-469d-4450-b7d6-bfa43032ac6a:192.168.164.223:41749, 5e156848-495c-4d88-99d1-5a745ca90ed0:192.168.164.223:41251], old=null
2019-11-15 21:51:29,437 [pool-589-thread-1] INFO  impl.RoleInfo (RoleInfo.java:updateAndGet(143)) - 3eba0ff5-def1-46c6-a9bd-a10bbd02f1ce: start FollowerState
2019-11-15 21:51:29,437 [pool-579-thread-1] INFO  impl.RaftServerImpl (RaftServerImpl.java:setRole(173)) - 5e156848-495c-4d88-99d1-5a745ca90ed0@group-BECD030167C0: changes role from      null to FOLLOWER at term 0 for startAsFollower
2019-11-15 21:51:29,437 [pool-579-thread-1] INFO  impl.RoleInfo (RoleInfo.java:updateAndGet(143)) - 5e156848-495c-4d88-99d1-5a745ca90ed0: start FollowerState
2019-11-15 21:51:29,437 [pool-589-thread-1] INFO  util.JmxRegister (JmxRegister.java:tryRegister(44)) - Successfully registered JMX Bean with object name Ratis:service=RaftServer,group=group-BECD030167C0,id=3eba0ff5-def1-46c6-a9bd-a10bbd02f1ce
2019-11-15 21:51:29,438 [pool-589-thread-1] WARN  impl.MetricRegistriesImpl (MetricRegistriesImpl.java:lambda$create$1(61)) - First MetricRegistry has been created without registering reporters. You may need to call MetricRegistries.global().addReportRegistration(...) before.
2019-11-15 21:51:29,438 [pool-579-thread-1] INFO  util.JmxRegister (JmxRegister.java:tryRegister(44)) - Successfully registered JMX Bean with object name Ratis:service=RaftServer,group=group-BECD030167C0,id=5e156848-495c-4d88-99d1-5a745ca90ed0
2019-11-15 21:51:29,438 [pool-579-thread-1] WARN  impl.MetricRegistriesImpl (MetricRegistriesImpl.java:lambda$create$1(61)) - First MetricRegistry has been created without registering reporters. You may need to call MetricRegistries.global().addReportRegistration(...) before.
2019-11-15 21:51:29,440 [RatisPipelineUtilsThread] INFO  pipeline.PipelineStateManager (PipelineStateManager.java:addPipeline(55)) - Created pipeline Pipeline[ Id: 3cb33402-9b82-4bfa-9e03-becd030167c0, Nodes: 3eba0ff5-def1-46c6-a9bd-a10bbd02f1ce{ip: 192.168.164.223, host: pr-hdds-2493-5rwwl-1515842690, networkLocation: /rack1, certSerialId: null}5e156848-495c-4d88-99d1-5a745ca90ed0{ip: 192.168.164.223, host: pr-hdds-2493-5rwwl-1515842690, networkLocation: /rack1, certSerialId: null}09667cd7-469d-4450-b7d6-bfa43032ac6a{ip: 192.168.164.223, host: pr-hdds-2493-5rwwl-1515842690, networkLocation: /rack1, certSerialId: null}, Type:RATIS, Factor:THREE, State:ALLOCATED]
2019-11-15 21:51:29,852 [Thread-3959] INFO  impl.FollowerState (FollowerState.java:run(111)) - 3ab85592-c721-41be-99a8-6d8df6ca420d@group-D5D81C0EFDE9-FollowerState: change to CANDIDATE, lastRpcTime:1042ms, electionTimeout:1042ms
2019-11-15 21:51:29,852 [Thread-3959] INFO  impl.RoleInfo (RoleInfo.java:shutdownFollowerState(121)) - 3ab85592-c721-41be-99a8-6d8df6ca420d: shutdown FollowerState
2019-11-15 21:51:29,852 [Thread-3959] INFO  impl.RaftServerImpl (RaftServerImpl.java:setRole(173)) - 3ab85592-c721-41be-99a8-6d8df6ca420d@group-D5D81C0EFDE9: changes role from  FOLLOWER to CANDIDATE at term 0 for changeToCandidate
2019-11-15 21:51:29,852 [Thread-3959] INFO  impl.RoleInfo (RoleInfo.java:updateAndGet(143)) - 3ab85592-c721-41be-99a8-6d8df6ca420d: start LeaderElection
2019-11-15 21:51:29,869 [Thread-3962] INFO  impl.FollowerState (FollowerState.java:run(111)) - 6fbcf556-c950-470a-b12c-d884793bba84@group-2FCDD2926D66-FollowerState: change to CANDIDATE, lastRpcTime:1008ms, electionTimeout:1008ms
2019-11-15 21:51:29,869 [Thread-3962] INFO  impl.RoleInfo (RoleInfo.java:shutdownFollowerState(121)) - 6fbcf556-c950-470a-b12c-d884793bba84: shutdown FollowerState
2019-11-15 21:51:29,869 [Thread-3962] INFO  impl.RaftServerImpl (RaftServerImpl.java:setRole(173)) - 6fbcf556-c950-470a-b12c-d884793bba84@group-2FCDD2926D66: changes role from  FOLLOWER to CANDIDATE at term 0 for changeToCandidate
2019-11-15 21:51:29,870 [Thread-3962] INFO  impl.RoleInfo (RoleInfo.java:updateAndGet(143)) - 6fbcf556-c950-470a-b12c-d884793bba84: start LeaderElection
2019-11-15 21:51:29,876 [3ab85592-c721-41be-99a8-6d8df6ca420d@group-D5D81C0EFDE9-LeaderElection204] INFO  impl.LeaderElection (LeaderElection.java:askForVotes(178)) - 3ab85592-c721-41be-99a8-6d8df6ca420d@group-D5D81C0EFDE9-LeaderElection204: begin an election at term 1 for -1: [3ab85592-c721-41be-99a8-6d8df6ca420d:192.168.164.223:38768], old=null
2019-11-15 21:51:29,877 [3ab85592-c721-41be-99a8-6d8df6ca420d@group-D5D81C0EFDE9-LeaderElection204] INFO  impl.RoleInfo (RoleInfo.java:shutdownLeaderElection(134)) - 3ab85592-c721-41be-99a8-6d8df6ca420d: shutdown LeaderElection
2019-11-15 21:51:29,877 [3ab85592-c721-41be-99a8-6d8df6ca420d@group-D5D81C0EFDE9-LeaderElection204] INFO  impl.RaftServerImpl (RaftServerImpl.java:setRole(173)) - 3ab85592-c721-41be-99a8-6d8df6ca420d@group-D5D81C0EFDE9: changes role from CANDIDATE to LEADER at term 1 for changeToLeader
2019-11-15 21:51:29,877 [3ab85592-c721-41be-99a8-6d8df6ca420d@group-D5D81C0EFDE9-LeaderElection204] INFO  ratis.XceiverServerRatis (XceiverServerRatis.java:handleLeaderChangedNotification(697)) - Leader change notification received for group: group-D5D81C0EFDE9 with new leaderId: 3ab85592-c721-41be-99a8-6d8df6ca420d
2019-11-15 21:51:29,877 [3ab85592-c721-41be-99a8-6d8df6ca420d@group-D5D81C0EFDE9-LeaderElection204] INFO  impl.RaftServerImpl (ServerState.java:setLeader(255)) - 3ab85592-c721-41be-99a8-6d8df6ca420d@group-D5D81C0EFDE9: change Leader from null to 3ab85592-c721-41be-99a8-6d8df6ca420d at term 1 for becomeLeader, leader elected after 1070ms
2019-11-15 21:51:29,881 [3ab85592-c721-41be-99a8-6d8df6ca420d@group-D5D81C0EFDE9-LeaderElection204] INFO  server.RaftServerConfigKeys (ConfUtils.java:logGet(43)) - raft.server.staging.catchup.gap = 1000 (default)
2019-11-15 21:51:29,881 [3ab85592-c721-41be-99a8-6d8df6ca420d@group-D5D81C0EFDE9-LeaderElection204] INFO  server.RaftServerConfigKeys (ConfUtils.java:logGet(43)) - raft.server.rpc.sleep.time = 25ms (default)
2019-11-15 21:51:29,881 [3ab85592-c721-41be-99a8-6d8df6ca420d@group-D5D81C0EFDE9-LeaderElection204] INFO  server.RaftServerConfigKeys (ConfUtils.java:logGet(43)) - raft.server.write.element-limit = 4096 (default)
2019-11-15 21:51:29,881 [3ab85592-c721-41be-99a8-6d8df6ca420d@group-D5D81C0EFDE9-LeaderElection204] INFO  server.RaftServerConfigKeys (ConfUtils.java:logGet(43)) - raft.server.watch.timeout = 10s (default)
2019-11-15 21:51:29,882 [3ab85592-c721-41be-99a8-6d8df6ca420d@group-D5D81C0EFDE9-LeaderElection204] INFO  server.RaftServerConfigKeys (ConfUtils.java:logGet(43)) - raft.server.watch.timeout.denomination = 1s (default)
2019-11-15 21:51:29,882 [3ab85592-c721-41be-99a8-6d8df6ca420d@group-D5D81C0EFDE9-LeaderElection204] INFO  server.RaftServerConfigKeys (ConfUtils.java:logGet(43)) - raft.server.watch.element-limit = 65536 (default)
2019-11-15 21:51:29,882 [3ab85592-c721-41be-99a8-6d8df6ca420d@group-D5D81C0EFDE9-LeaderElection204] INFO  impl.RoleInfo (RoleInfo.java:updateAndGet(143)) - 3ab85592-c721-41be-99a8-6d8df6ca420d: start LeaderState
2019-11-15 21:51:29,883 [3ab85592-c721-41be-99a8-6d8df6ca420d@group-D5D81C0EFDE9-LeaderElection204] INFO  segmented.SegmentedRaftLogWorker (SegmentedRaftLogWorker.java:startLogSegment(385)) - 3ab85592-c721-41be-99a8-6d8df6ca420d@group-D5D81C0EFDE9-SegmentedRaftLogWorker: Starting segment from index:0
2019-11-15 21:51:29,884 [3ab85592-c721-41be-99a8-6d8df6ca420d@group-D5D81C0EFDE9-LeaderElection204] INFO  impl.RaftServerImpl (ServerState.java:setRaftConf(356)) - 3ab85592-c721-41be-99a8-6d8df6ca420d@group-D5D81C0EFDE9: set configuration 0: [3ab85592-c721-41be-99a8-6d8df6ca420d:192.168.164.223:38768], old=null at 0
2019-11-15 21:51:29,885 [EventQueue-PipelineReportForPipelineReportHandler] INFO  pipeline.PipelineStateManager (PipelineStateManager.java:openPipeline(134)) - Pipeline Pipeline[ Id: 64bc2754-255b-4c56-aa84-d5d81c0efde9, Nodes: 3ab85592-c721-41be-99a8-6d8df6ca420d{ip: 192.168.164.223, host: pr-hdds-2493-5rwwl-1515842690, networkLocation: /rack1, certSerialId: null}, Type:RATIS, Factor:ONE, State:OPEN] moved to OPEN state
2019-11-15 21:51:29,899 [6fbcf556-c950-470a-b12c-d884793bba84@group-2FCDD2926D66-LeaderElection205] INFO  impl.LeaderElection (LeaderElection.java:askForVotes(178)) - 6fbcf556-c950-470a-b12c-d884793bba84@group-2FCDD2926D66-LeaderElection205: begin an election at term 1 for -1: [6fbcf556-c950-470a-b12c-d884793bba84:192.168.164.223:46779], old=null
2019-11-15 21:51:29,899 [6fbcf556-c950-470a-b12c-d884793bba84@group-2FCDD2926D66-LeaderElection205] INFO  impl.RoleInfo (RoleInfo.java:shutdownLeaderElection(134)) - 6fbcf556-c950-470a-b12c-d884793bba84: shutdown LeaderElection
2019-11-15 21:51:29,899 [6fbcf556-c950-470a-b12c-d884793bba84@group-2FCDD2926D66-LeaderElection205] INFO  impl.RaftServerImpl (RaftServerImpl.java:setRole(173)) - 6fbcf556-c950-470a-b12c-d884793bba84@group-2FCDD2926D66: changes role from CANDIDATE to LEADER at term 1 for changeToLeader
2019-11-15 21:51:29,899 [6fbcf556-c950-470a-b12c-d884793bba84@group-2FCDD2926D66-LeaderElection205] INFO  ratis.XceiverServerRatis (XceiverServerRatis.java:handleLeaderChangedNotification(697)) - Leader change notification received for group: group-2FCDD2926D66 with new leaderId: 6fbcf556-c950-470a-b12c-d884793bba84
2019-11-15 21:51:29,899 [6fbcf556-c950-470a-b12c-d884793bba84@group-2FCDD2926D66-LeaderElection205] INFO  impl.RaftServerImpl (ServerState.java:setLeader(255)) - 6fbcf556-c950-470a-b12c-d884793bba84@group-2FCDD2926D66: change Leader from null to 6fbcf556-c950-470a-b12c-d884793bba84 at term 1 for becomeLeader, leader elected after 1041ms
2019-11-15 21:51:29,899 [6fbcf556-c950-470a-b12c-d884793bba84@group-2FCDD2926D66-LeaderElection205] INFO  server.RaftServerConfigKeys (ConfUtils.java:logGet(43)) - raft.server.staging.catchup.gap = 1000 (default)
2019-11-15 21:51:29,910 [6fbcf556-c950-470a-b12c-d884793bba84@group-2FCDD2926D66-LeaderElection205] INFO  server.RaftServerConfigKeys (ConfUtils.java:logGet(43)) - raft.server.rpc.sleep.time = 25ms (default)
2019-11-15 21:51:29,910 [6fbcf556-c950-470a-b12c-d884793bba84@group-2FCDD2926D66-LeaderElection205] INFO  server.RaftServerConfigKeys (ConfUtils.java:logGet(43)) - raft.server.write.element-limit = 4096 (default)
2019-11-15 21:51:29,911 [6fbcf556-c950-470a-b12c-d884793bba84@group-2FCDD2926D66-LeaderElection205] INFO  server.RaftServerConfigKeys (ConfUtils.java:logGet(43)) - raft.server.watch.timeout = 10s (default)
2019-11-15 21:51:29,911 [6fbcf556-c950-470a-b12c-d884793bba84@group-2FCDD2926D66-LeaderElection205] INFO  server.RaftServerConfigKeys (ConfUtils.java:logGet(43)) - raft.server.watch.timeout.denomination = 1s (default)
2019-11-15 21:51:29,911 [6fbcf556-c950-470a-b12c-d884793bba84@group-2FCDD2926D66-LeaderElection205] INFO  server.RaftServerConfigKeys (ConfUtils.java:logGet(43)) - raft.server.watch.element-limit = 65536 (default)
2019-11-15 21:51:29,911 [EventQueue-PipelineReportForPipelineReportHandler] INFO  pipeline.PipelineStateManager (PipelineStateManager.java:openPipeline(134)) - Pipeline Pipeline[ Id: f177291a-af5b-4f1d-8fa7-2fcdd2926d66, Nodes: 6fbcf556-c950-470a-b12c-d884793bba84{ip: 192.168.164.223, host: pr-hdds-2493-5rwwl-1515842690, networkLocation: /rack1, certSerialId: null}, Type:RATIS, Factor:ONE, State:OPEN] moved to OPEN state
2019-11-15 21:51:29,911 [6fbcf556-c950-470a-b12c-d884793bba84@group-2FCDD2926D66-LeaderElection205] INFO  impl.RoleInfo (RoleInfo.java:updateAndGet(143)) - 6fbcf556-c950-470a-b12c-d884793bba84: start LeaderState
2019-11-15 21:51:29,911 [6fbcf556-c950-470a-b12c-d884793bba84@group-2FCDD2926D66-LeaderElection205] INFO  segmented.SegmentedRaftLogWorker (SegmentedRaftLogWorker.java:startLogSegment(385)) - 6fbcf556-c950-470a-b12c-d884793bba84@group-2FCDD2926D66-SegmentedRaftLogWorker: Starting segment from index:0
2019-11-15 21:51:29,911 [6fbcf556-c950-470a-b12c-d884793bba84@group-2FCDD2926D66-LeaderElection205] INFO  impl.RaftServerImpl (ServerState.java:setRaftConf(356)) - 6fbcf556-c950-470a-b12c-d884793bba84@group-2FCDD2926D66: set configuration 0: [6fbcf556-c950-470a-b12c-d884793bba84:192.168.164.223:46779], old=null at 0
2019-11-15 21:51:29,923 [3ab85592-c721-41be-99a8-6d8df6ca420d@group-D5D81C0EFDE9-SegmentedRaftLogWorker] INFO  segmented.SegmentedRaftLogWorker (SegmentedRaftLogWorker.java:execute(576)) - 3ab85592-c721-41be-99a8-6d8df6ca420d@group-D5D81C0EFDE9-SegmentedRaftLogWorker: created new log segment /workdir/hadoop-ozone/integration-test/target/test-dir/MiniOzoneClusterImpl-e150a234-18da-4756-b2e5-8eb09f38746c/datanode-0/data/ratis/64bc2754-255b-4c56-aa84-d5d81c0efde9/current/log_inprogress_0
2019-11-15 21:51:29,938 [6fbcf556-c950-470a-b12c-d884793bba84@group-2FCDD2926D66-SegmentedRaftLogWorker] INFO  segmented.SegmentedRaftLogWorker (SegmentedRaftLogWorker.java:execute(576)) - 6fbcf556-c950-470a-b12c-d884793bba84@group-2FCDD2926D66-SegmentedRaftLogWorker: created new log segment /workdir/hadoop-ozone/integration-test/target/test-dir/MiniOzoneClusterImpl-e150a234-18da-4756-b2e5-8eb09f38746c/datanode-1/data/ratis/f177291a-af5b-4f1d-8fa7-2fcdd2926d66/current/log_inprogress_0
2019-11-15 21:51:30,038 [Thread-3973] INFO  impl.FollowerState (FollowerState.java:run(111)) - 3ab85592-c721-41be-99a8-6d8df6ca420d@group-0691772312F4-FollowerState: change to CANDIDATE, lastRpcTime:1058ms, electionTimeout:1058ms
2019-11-15 21:51:30,038 [Thread-3973] INFO  impl.RoleInfo (RoleInfo.java:shutdownFollowerState(121)) - 3ab85592-c721-41be-99a8-6d8df6ca420d: shutdown FollowerState
2019-11-15 21:51:30,039 [Thread-3973] INFO  impl.RaftServerImpl (RaftServerImpl.java:setRole(173)) - 3ab85592-c721-41be-99a8-6d8df6ca420d@group-0691772312F4: changes role from  FOLLOWER to CANDIDATE at term 0 for changeToCandidate
2019-11-15 21:51:30,039 [Thread-3973] INFO  impl.RoleInfo (RoleInfo.java:updateAndGet(143)) - 3ab85592-c721-41be-99a8-6d8df6ca420d: start LeaderElection
2019-11-15 21:51:30,055 [3ab85592-c721-41be-99a8-6d8df6ca420d@group-0691772312F4-LeaderElection206] INFO  impl.LeaderElection (LeaderElection.java:askForVotes(178)) - 3ab85592-c721-41be-99a8-6d8df6ca420d@group-0691772312F4-LeaderElection206: begin an election at term 1 for -1: [3ab85592-c721-41be-99a8-6d8df6ca420d:192.168.164.223:38768, 3c01ffb1-b295-42d9-9874-9e0ba4053462:192.168.164.223:36934, 6fbcf556-c950-470a-b12c-d884793bba84:192.168.164.223:46779], old=null
2019-11-15 21:51:30,062 [grpc-default-executor-0] INFO  impl.RaftServerImpl (RaftServerImpl.java:setRole(173)) - 6fbcf556-c950-470a-b12c-d884793bba84@group-0691772312F4: changes role from  FOLLOWER to FOLLOWER at term 1 for recognizeCandidate:3ab85592-c721-41be-99a8-6d8df6ca420d
2019-11-15 21:51:30,062 [grpc-default-executor-4] INFO  impl.RaftServerImpl (RaftServerImpl.java:setRole(173)) - 3c01ffb1-b295-42d9-9874-9e0ba4053462@group-0691772312F4: changes role from  FOLLOWER to FOLLOWER at term 1 for recognizeCandidate:3ab85592-c721-41be-99a8-6d8df6ca420d
2019-11-15 21:51:30,062 [grpc-default-executor-0] INFO  impl.RoleInfo (RoleInfo.java:shutdownFollowerState(121)) - 6fbcf556-c950-470a-b12c-d884793bba84: shutdown FollowerState
2019-11-15 21:51:30,062 [grpc-default-executor-4] INFO  impl.RoleInfo (RoleInfo.java:shutdownFollowerState(121)) - 3c01ffb1-b295-42d9-9874-9e0ba4053462: shutdown FollowerState
2019-11-15 21:51:30,063 [grpc-default-executor-0] INFO  impl.RoleInfo (RoleInfo.java:updateAndGet(143)) - 6fbcf556-c950-470a-b12c-d884793bba84: start FollowerState
2019-11-15 21:51:30,063 [grpc-default-executor-4] INFO  impl.RoleInfo (RoleInfo.java:updateAndGet(143)) - 3c01ffb1-b295-42d9-9874-9e0ba4053462: start FollowerState
2019-11-15 21:51:30,063 [Thread-3972] INFO  impl.FollowerState (FollowerState.java:run(120)) - 6fbcf556-c950-470a-b12c-d884793bba84@group-0691772312F4-FollowerState was interrupted: java.lang.InterruptedException: sleep interrupted
2019-11-15 21:51:30,063 [Thread-3968] INFO  impl.FollowerState (FollowerState.java:run(120)) - 3c01ffb1-b295-42d9-9874-9e0ba4053462@group-0691772312F4-FollowerState was interrupted: java.lang.InterruptedException: sleep interrupted
2019-11-15 21:51:30,067 [Thread-3965] INFO  impl.FollowerState (FollowerState.java:run(111)) - 3c01ffb1-b295-42d9-9874-9e0ba4053462@group-0C416375873C-FollowerState: change to CANDIDATE, lastRpcTime:1149ms, electionTimeout:1149ms
2019-11-15 21:51:30,067 [Thread-3965] INFO  impl.RoleInfo (RoleInfo.java:shutdownFollowerState(121)) - 3c01ffb1-b295-42d9-9874-9e0ba4053462: shutdown FollowerState
2019-11-15 21:51:30,067 [Thread-3965] INFO  impl.RaftServerImpl (RaftServerImpl.java:setRole(173)) - 3c01ffb1-b295-42d9-9874-9e0ba4053462@group-0C416375873C: changes role from  FOLLOWER to CANDIDATE at term 0 for changeToCandidate
2019-11-15 21:51:30,067 [Thread-3965] INFO  impl.RoleInfo (RoleInfo.java:updateAndGet(143)) - 3c01ffb1-b295-42d9-9874-9e0ba4053462: start LeaderElection
2019-11-15 21:51:30,077 [3c01ffb1-b295-42d9-9874-9e0ba4053462@group-0C416375873C-LeaderElection207] INFO  impl.LeaderElection (LeaderElection.java:askForVotes(178)) - 3c01ffb1-b295-42d9-9874-9e0ba4053462@group-0C416375873C-LeaderElection207: begin an election at term 1 for -1: [3c01ffb1-b295-42d9-9874-9e0ba4053462:192.168.164.223:36934], old=null
2019-11-15 21:51:30,077 [3c01ffb1-b295-42d9-9874-9e0ba4053462@group-0C416375873C-LeaderElection207] INFO  impl.RoleInfo (RoleInfo.java:shutdownLeaderElection(134)) - 3c01ffb1-b295-42d9-9874-9e0ba4053462: shutdown LeaderElection
2019-11-15 21:51:30,077 [3c01ffb1-b295-42d9-9874-9e0ba4053462@group-0C416375873C-LeaderElection207] INFO  impl.RaftServerImpl (RaftServerImpl.java:setRole(173)) - 3c01ffb1-b295-42d9-9874-9e0ba4053462@group-0C416375873C: changes role from CANDIDATE to LEADER at term 1 for changeToLeader
2019-11-15 21:51:30,077 [3c01ffb1-b295-42d9-9874-9e0ba4053462@group-0C416375873C-LeaderElection207] INFO  ratis.XceiverServerRatis (XceiverServerRatis.java:handleLeaderChangedNotification(697)) - Leader change notification received for group: group-0C416375873C with new leaderId: 3c01ffb1-b295-42d9-9874-9e0ba4053462
2019-11-15 21:51:30,077 [3c01ffb1-b295-42d9-9874-9e0ba4053462@group-0C416375873C-LeaderElection207] INFO  impl.RaftServerImpl (ServerState.java:setLeader(255)) - 3c01ffb1-b295-42d9-9874-9e0ba4053462@group-0C416375873C: change Leader from null to 3c01ffb1-b295-42d9-9874-9e0ba4053462 at term 1 for becomeLeader, leader elected after 1162ms
2019-11-15 21:51:30,078 [3c01ffb1-b295-42d9-9874-9e0ba4053462@group-0C416375873C-LeaderElection207] INFO  server.RaftServerConfigKeys (ConfUtils.java:logGet(43)) - raft.server.staging.catchup.gap = 1000 (default)
2019-11-15 21:51:30,078 [3c01ffb1-b295-42d9-9874-9e0ba4053462@group-0C416375873C-LeaderElection207] INFO  server.RaftServerConfigKeys (ConfUtils.java:logGet(43)) - raft.server.rpc.sleep.time = 25ms (default)
2019-11-15 21:51:30,079 [3ab85592-c721-41be-99a8-6d8df6ca420d@group-0691772312F4-LeaderElection206] INFO  impl.LeaderElection (LeaderElection.java:logAndReturn(56)) - 3ab85592-c721-41be-99a8-6d8df6ca420d@group-0691772312F4-LeaderElection206: Election PASSED; received 1 response(s) [3ab85592-c721-41be-99a8-6d8df6ca420d<-6fbcf556-c950-470a-b12c-d884793bba84#0:OK-t1] and 0 exception(s); 3ab85592-c721-41be-99a8-6d8df6ca420d@group-0691772312F4:t1, leader=null, voted=3ab85592-c721-41be-99a8-6d8df6ca420d, raftlog=3ab85592-c721-41be-99a8-6d8df6ca420d@group-0691772312F4-SegmentedRaftLog:OPENED:c-1,f-1,i0, conf=-1: [3ab85592-c721-41be-99a8-6d8df6ca420d:192.168.164.223:38768, 3c01ffb1-b295-42d9-9874-9e0ba4053462:192.168.164.223:36934, 6fbcf556-c950-470a-b12c-d884793bba84:192.168.164.223:46779], old=null
2019-11-15 21:51:30,080 [3c01ffb1-b295-42d9-9874-9e0ba4053462@group-0C416375873C-LeaderElection207] INFO  server.RaftServerConfigKeys (ConfUtils.java:logGet(43)) - raft.server.write.element-limit = 4096 (default)
2019-11-15 21:51:30,080 [3ab85592-c721-41be-99a8-6d8df6ca420d@group-0691772312F4-LeaderElection206] INFO  impl.RoleInfo (RoleInfo.java:shutdownLeaderElection(134)) - 3ab85592-c721-41be-99a8-6d8df6ca420d: shutdown LeaderElection
2019-11-15 21:51:30,080 [3c01ffb1-b295-42d9-9874-9e0ba4053462@group-0C416375873C-LeaderElection207] INFO  server.RaftServerConfigKeys (ConfUtils.java:logGet(43)) - raft.server.watch.timeout = 10s (default)
2019-11-15 21:51:30,080 [3ab85592-c721-41be-99a8-6d8df6ca420d@group-0691772312F4-LeaderElection206] INFO  impl.RaftServerImpl (RaftServerImpl.java:setRole(173)) - 3ab85592-c721-41be-99a8-6d8df6ca420d@group-0691772312F4: changes role from CANDIDATE to LEADER at term 1 for changeToLeader
2019-11-15 21:51:30,080 [3c01ffb1-b295-42d9-9874-9e0ba4053462@group-0C416375873C-LeaderElection207] INFO  server.RaftServerConfigKeys (ConfUtils.java:logGet(43)) - raft.server.watch.timeout.denomination = 1s (default)
2019-11-15 21:51:30,080 [3ab85592-c721-41be-99a8-6d8df6ca420d@group-0691772312F4-LeaderElection206] INFO  ratis.XceiverServerRatis (XceiverServerRatis.java:handleLeaderChangedNotification(697)) - Leader change notification received for group: group-0691772312F4 with new leaderId: 3ab85592-c721-41be-99a8-6d8df6ca420d
2019-11-15 21:51:30,080 [3c01ffb1-b295-42d9-9874-9e0ba4053462@group-0C416375873C-LeaderElection207] INFO  server.RaftServerConfigKeys (ConfUtils.java:logGet(43)) - raft.server.watch.element-limit = 65536 (default)
2019-11-15 21:51:30,080 [EventQueue-PipelineReportForPipelineReportHandler] INFO  pipeline.PipelineStateManager (PipelineStateManager.java:openPipeline(134)) - Pipeline Pipeline[ Id: a66070c3-3697-473e-b382-0c416375873c, Nodes: 3c01ffb1-b295-42d9-9874-9e0ba4053462{ip: 192.168.164.223, host: pr-hdds-2493-5rwwl-1515842690, networkLocation: /rack1, certSerialId: null}, Type:RATIS, Factor:ONE, State:OPEN] moved to OPEN state
2019-11-15 21:51:30,080 [3c01ffb1-b295-42d9-9874-9e0ba4053462@group-0C416375873C-LeaderElection207] INFO  impl.RoleInfo (RoleInfo.java:updateAndGet(143)) - 3c01ffb1-b295-42d9-9874-9e0ba4053462: start LeaderState
2019-11-15 21:51:30,080 [3ab85592-c721-41be-99a8-6d8df6ca420d@group-0691772312F4-LeaderElection206] INFO  impl.RaftServerImpl (ServerState.java:setLeader(255)) - 3ab85592-c721-41be-99a8-6d8df6ca420d@group-0691772312F4: change Leader from null to 3ab85592-c721-41be-99a8-6d8df6ca420d at term 1 for becomeLeader, leader elected after 1109ms
2019-11-15 21:51:30,080 [3ab85592-c721-41be-99a8-6d8df6ca420d@group-0691772312F4-LeaderElection206] INFO  server.RaftServerConfigKeys (ConfUtils.java:logGet(43)) - raft.server.staging.catchup.gap = 1000 (default)
2019-11-15 21:51:30,080 [3c01ffb1-b295-42d9-9874-9e0ba4053462@group-0C416375873C-LeaderElection207] INFO  segmented.SegmentedRaftLogWorker (SegmentedRaftLogWorker.java:startLogSegment(385)) - 3c01ffb1-b295-42d9-9874-9e0ba4053462@group-0C416375873C-SegmentedRaftLogWorker: Starting segment from index:0
2019-11-15 21:51:30,080 [3ab85592-c721-41be-99a8-6d8df6ca420d@group-0691772312F4-LeaderElection206] INFO  server.RaftServerConfigKeys (ConfUtils.java:logGet(43)) - raft.server.rpc.sleep.time = 25ms (default)
2019-11-15 21:51:30,081 [EventQueue-PipelineReportForPipelineReportHandler] INFO  pipeline.PipelineStateManager (PipelineStateManager.java:openPipeline(134)) - Pipeline Pipeline[ Id: 6d5ffd8e-01de-4e2c-84a8-0691772312f4, Nodes: 3c01ffb1-b295-42d9-9874-9e0ba4053462{ip: 192.168.164.223, host: pr-hdds-2493-5rwwl-1515842690, networkLocation: /rack1, certSerialId: null}3ab85592-c721-41be-99a8-6d8df6ca420d{ip: 192.168.164.223, host: pr-hdds-2493-5rwwl-1515842690, networkLocation: /rack1, certSerialId: null}6fbcf556-c950-470a-b12c-d884793bba84{ip: 192.168.164.223, host: pr-hdds-2493-5rwwl-1515842690, networkLocation: /rack1, certSerialId: null}, Type:RATIS, Factor:THREE, State:OPEN] moved to OPEN state
2019-11-15 21:51:30,081 [3ab85592-c721-41be-99a8-6d8df6ca420d@group-0691772312F4-LeaderElection206] INFO  server.RaftServerConfigKeys (ConfUtils.java:logGet(43)) - raft.server.write.element-limit = 4096 (default)
2019-11-15 21:51:30,081 [3c01ffb1-b295-42d9-9874-9e0ba4053462@group-0C416375873C-LeaderElection207] INFO  impl.RaftServerImpl (ServerState.java:setRaftConf(356)) - 3c01ffb1-b295-42d9-9874-9e0ba4053462@group-0C416375873C: set configuration 0: [3c01ffb1-b295-42d9-9874-9e0ba4053462:192.168.164.223:36934], old=null at 0
2019-11-15 21:51:30,081 [3ab85592-c721-41be-99a8-6d8df6ca420d@group-0691772312F4-LeaderElection206] INFO  server.RaftServerConfigKeys (ConfUtils.java:logGet(43)) - raft.server.watch.timeout = 10s (default)
2019-11-15 21:51:30,081 [3ab85592-c721-41be-99a8-6d8df6ca420d@group-0691772312F4-LeaderElection206] INFO  server.RaftServerConfigKeys (ConfUtils.java:logGet(43)) - raft.server.watch.timeout.denomination = 1s (default)
2019-11-15 21:51:30,081 [3ab85592-c721-41be-99a8-6d8df6ca420d@group-0691772312F4-LeaderElection206] INFO  server.RaftServerConfigKeys (ConfUtils.java:logGet(43)) - raft.server.watch.element-limit = 65536 (default)
2019-11-15 21:51:30,081 [3ab85592-c721-41be-99a8-6d8df6ca420d@group-0691772312F4-LeaderElection206] INFO  server.RaftServerConfigKeys (ConfUtils.java:logGet(43)) - raft.server.log.appender.snapshot.chunk.size.max = 16MB (=16777216) (default)
2019-11-15 21:51:30,081 [3ab85592-c721-41be-99a8-6d8df6ca420d@group-0691772312F4-LeaderElection206] INFO  server.RaftServerConfigKeys (ConfUtils.java:logGet(43)) - raft.server.log.appender.buffer.byte-limit = 33554432 (custom)
2019-11-15 21:51:30,081 [3ab85592-c721-41be-99a8-6d8df6ca420d@group-0691772312F4-LeaderElection206] INFO  server.RaftServerConfigKeys (ConfUtils.java:logGet(43)) - raft.server.log.appender.buffer.element-limit = 1 (custom)
2019-11-15 21:51:30,082 [3ab85592-c721-41be-99a8-6d8df6ca420d@group-0691772312F4-LeaderElection206] INFO  grpc.GrpcConfigKeys$Server (ConfUtils.java:logGet(43)) - raft.grpc.server.leader.outstanding.appends.max = 128 (default)
2019-11-15 21:51:30,082 [3ab85592-c721-41be-99a8-6d8df6ca420d@group-0691772312F4-LeaderElection206] INFO  server.RaftServerConfigKeys (ConfUtils.java:logGet(43)) - raft.server.rpc.request.timeout = 3000ms (default)
2019-11-15 21:51:30,082 [3ab85592-c721-41be-99a8-6d8df6ca420d@group-0691772312F4-LeaderElection206] INFO  server.RaftServerConfigKeys (ConfUtils.java:logGet(43)) - raft.server.log.appender.install.snapshot.enabled = false (custom)
2019-11-15 21:51:30,082 [3ab85592-c721-41be-99a8-6d8df6ca420d@group-0691772312F4-LeaderElection206] WARN  impl.MetricRegistriesImpl (MetricRegistriesImpl.java:lambda$create$1(61)) - First MetricRegistry has been created without registering reporters. You may need to call MetricRegistries.global().addReportRegistration(...) before.
2019-11-15 21:51:30,082 [3ab85592-c721-41be-99a8-6d8df6ca420d@group-0691772312F4-LeaderElection206] INFO  server.RaftServerConfigKeys (ConfUtils.java:logGet(43)) - raft.server.log.appender.snapshot.chunk.size.max = 16MB (=16777216) (default)
2019-11-15 21:51:30,082 [3ab85592-c721-41be-99a8-6d8df6ca420d@group-0691772312F4-LeaderElection206] INFO  server.RaftServerConfigKeys (ConfUtils.java:logGet(43)) - raft.server.log.appender.buffer.byte-limit = 33554432 (custom)
2019-11-15 21:51:30,082 [3ab85592-c721-41be-99a8-6d8df6ca420d@group-0691772312F4-LeaderElection206] INFO  server.RaftServerConfigKeys (ConfUtils.java:logGet(43)) - raft.server.log.appender.buffer.element-limit = 1 (custom)
2019-11-15 21:51:30,082 [3ab85592-c721-41be-99a8-6d8df6ca420d@group-0691772312F4-LeaderElection206] INFO  grpc.GrpcConfigKeys$Server (ConfUtils.java:logGet(43)) - raft.grpc.server.leader.outstanding.appends.max = 128 (default)
2019-11-15 21:51:30,082 [3ab85592-c721-41be-99a8-6d8df6ca420d@group-0691772312F4-LeaderElection206] INFO  server.RaftServerConfigKeys (ConfUtils.java:logGet(43)) - raft.server.rpc.request.timeout = 3000ms (default)
2019-11-15 21:51:30,083 [3ab85592-c721-41be-99a8-6d8df6ca420d@group-0691772312F4-LeaderElection206] INFO  server.RaftServerConfigKeys (ConfUtils.java:logGet(43)) - raft.server.log.appender.install.snapshot.enabled = false (custom)
2019-11-15 21:51:30,083 [3ab85592-c721-41be-99a8-6d8df6ca420d@group-0691772312F4-LeaderElection206] INFO  impl.RoleInfo (RoleInfo.java:updateAndGet(143)) - 3ab85592-c721-41be-99a8-6d8df6ca420d: start LeaderState
2019-11-15 21:51:30,083 [3ab85592-c721-41be-99a8-6d8df6ca420d@group-0691772312F4-LeaderElection206] INFO  segmented.SegmentedRaftLogWorker (SegmentedRaftLogWorker.java:startLogSegment(385)) - 3ab85592-c721-41be-99a8-6d8df6ca420d@group-0691772312F4-SegmentedRaftLogWorker: Starting segment from index:0
2019-11-15 21:51:30,083 [3ab85592-c721-41be-99a8-6d8df6ca420d@group-0691772312F4-LeaderElection206] INFO  impl.RaftServerImpl (ServerState.java:setRaftConf(356)) - 3ab85592-c721-41be-99a8-6d8df6ca420d@group-0691772312F4: set configuration 0: [3ab85592-c721-41be-99a8-6d8df6ca420d:192.168.164.223:38768, 3c01ffb1-b295-42d9-9874-9e0ba4053462:192.168.164.223:36934, 6fbcf556-c950-470a-b12c-d884793bba84:192.168.164.223:46779], old=null at 0
2019-11-15 21:51:30,110 [grpc-default-executor-0] INFO  ratis.XceiverServerRatis (XceiverServerRatis.java:handleLeaderChangedNotification(697)) - Leader change notification received for group: group-0691772312F4 with new leaderId: 3ab85592-c721-41be-99a8-6d8df6ca420d
2019-11-15 21:51:30,110 [grpc-default-executor-4] INFO  ratis.XceiverServerRatis (XceiverServerRatis.java:handleLeaderChangedNotification(697)) - Leader change notification received for group: group-0691772312F4 with new leaderId: 3ab85592-c721-41be-99a8-6d8df6ca420d
2019-11-15 21:51:30,111 [grpc-default-executor-0] INFO  impl.RaftServerImpl (ServerState.java:setLeader(255)) - 6fbcf556-c950-470a-b12c-d884793bba84@group-0691772312F4: change Leader from null to 3ab85592-c721-41be-99a8-6d8df6ca420d at term 1 for appendEntries, leader elected after 1140ms
2019-11-15 21:51:30,111 [grpc-default-executor-4] INFO  impl.RaftServerImpl (ServerState.java:setLeader(255)) - 3c01ffb1-b295-42d9-9874-9e0ba4053462@group-0691772312F4: change Leader from null to 3ab85592-c721-41be-99a8-6d8df6ca420d at term 1 for appendEntries, leader elected after 1139ms
2019-11-15 21:51:30,116 [grpc-default-executor-4] INFO  impl.RaftServerImpl (ServerState.java:setRaftConf(356)) - 6fbcf556-c950-470a-b12c-d884793bba84@group-0691772312F4: set configuration 0: [3ab85592-c721-41be-99a8-6d8df6ca420d:192.168.164.223:38768, 3c01ffb1-b295-42d9-9874-9e0ba4053462:192.168.164.223:36934, 6fbcf556-c950-470a-b12c-d884793bba84:192.168.164.223:46779], old=null at 0
2019-11-15 21:51:30,116 [grpc-default-executor-4] INFO  segmented.SegmentedRaftLogWorker (SegmentedRaftLogWorker.java:startLogSegment(385)) - 6fbcf556-c950-470a-b12c-d884793bba84@group-0691772312F4-SegmentedRaftLogWorker: Starting segment from index:0
2019-11-15 21:51:30,116 [grpc-default-executor-0] INFO  impl.RaftServerImpl (ServerState.java:setRaftConf(356)) - 3c01ffb1-b295-42d9-9874-9e0ba4053462@group-0691772312F4: set configuration 0: [3ab85592-c721-41be-99a8-6d8df6ca420d:192.168.164.223:38768, 3c01ffb1-b295-42d9-9874-9e0ba4053462:192.168.164.223:36934, 6fbcf556-c950-470a-b12c-d884793bba84:192.168.164.223:46779], old=null at 0
2019-11-15 21:51:30,117 [grpc-default-executor-0] INFO  segmented.SegmentedRaftLogWorker (SegmentedRaftLogWorker.java:startLogSegment(385)) - 3c01ffb1-b295-42d9-9874-9e0ba4053462@group-0691772312F4-SegmentedRaftLogWorker: Starting segment from index:0
2019-11-15 21:51:30,118 [Thread-3977] INFO  impl.FollowerState (FollowerState.java:run(111)) - 25a1269d-d7cc-4acf-80e8-5992809da5ba@group-D9EECF04EEAA-FollowerState: change to CANDIDATE, lastRpcTime:1064ms, electionTimeout:1064ms
2019-11-15 21:51:30,118 [Thread-3977] INFO  impl.RoleInfo (RoleInfo.java:shutdownFollowerState(121)) - 25a1269d-d7cc-4acf-80e8-5992809da5ba: shutdown FollowerState
2019-11-15 21:51:30,118 [Thread-3977] INFO  impl.RaftServerImpl (RaftServerImpl.java:setRole(173)) - 25a1269d-d7cc-4acf-80e8-5992809da5ba@group-D9EECF04EEAA: changes role from  FOLLOWER to CANDIDATE at term 0 for changeToCandidate
2019-11-15 21:51:30,118 [Thread-3977] INFO  impl.RoleInfo (RoleInfo.java:updateAndGet(143)) - 25a1269d-d7cc-4acf-80e8-5992809da5ba: start LeaderElection
2019-11-15 21:51:30,144 [3c01ffb1-b295-42d9-9874-9e0ba4053462@group-0C416375873C-SegmentedRaftLogWorker] INFO  segmented.SegmentedRaftLogWorker (SegmentedRaftLogWorker.java:execute(576)) - 3c01ffb1-b295-42d9-9874-9e0ba4053462@group-0C416375873C-SegmentedRaftLogWorker: created new log segment /workdir/hadoop-ozone/integration-test/target/test-dir/MiniOzoneClusterImpl-e150a234-18da-4756-b2e5-8eb09f38746c/datanode-2/data/ratis/a66070c3-3697-473e-b382-0c416375873c/current/log_inprogress_0
2019-11-15 21:51:30,144 [3ab85592-c721-41be-99a8-6d8df6ca420d@group-0691772312F4-SegmentedRaftLogWorker] INFO  segmented.SegmentedRaftLogWorker (SegmentedRaftLogWorker.java:execute(576)) - 3ab85592-c721-41be-99a8-6d8df6ca420d@group-0691772312F4-SegmentedRaftLogWorker: created new log segment /workdir/hadoop-ozone/integration-test/target/test-dir/MiniOzoneClusterImpl-e150a234-18da-4756-b2e5-8eb09f38746c/datanode-0/data/ratis/6d5ffd8e-01de-4e2c-84a8-0691772312f4/current/log_inprogress_0
2019-11-15 21:51:30,155 [3c01ffb1-b295-42d9-9874-9e0ba4053462@group-0691772312F4-SegmentedRaftLogWorker] INFO  segmented.SegmentedRaftLogWorker (SegmentedRaftLogWorker.java:execute(576)) - 3c01ffb1-b295-42d9-9874-9e0ba4053462@group-0691772312F4-SegmentedRaftLogWorker: created new log segment /workdir/hadoop-ozone/integration-test/target/test-dir/MiniOzoneClusterImpl-e150a234-18da-4756-b2e5-8eb09f38746c/datanode-2/data/ratis/6d5ffd8e-01de-4e2c-84a8-0691772312f4/current/log_inprogress_0
2019-11-15 21:51:30,156 [25a1269d-d7cc-4acf-80e8-5992809da5ba@group-D9EECF04EEAA-LeaderElection208] INFO  impl.LeaderElection (LeaderElection.java:askForVotes(178)) - 25a1269d-d7cc-4acf-80e8-5992809da5ba@group-D9EECF04EEAA-LeaderElection208: begin an election at term 1 for -1: [25a1269d-d7cc-4acf-80e8-5992809da5ba:192.168.164.223:46315], old=null
2019-11-15 21:51:30,155 [6fbcf556-c950-470a-b12c-d884793bba84@group-0691772312F4-SegmentedRaftLogWorker] INFO  segmented.SegmentedRaftLogWorker (SegmentedRaftLogWorker.java:execute(576)) - 6fbcf556-c950-470a-b12c-d884793bba84@group-0691772312F4-SegmentedRaftLogWorker: created new log segment /workdir/hadoop-ozone/integration-test/target/test-dir/MiniOzoneClusterImpl-e150a234-18da-4756-b2e5-8eb09f38746c/datanode-1/data/ratis/6d5ffd8e-01de-4e2c-84a8-0691772312f4/current/log_inprogress_0
2019-11-15 21:51:30,156 [25a1269d-d7cc-4acf-80e8-5992809da5ba@group-D9EECF04EEAA-LeaderElection208] INFO  impl.RoleInfo (RoleInfo.java:shutdownLeaderElection(134)) - 25a1269d-d7cc-4acf-80e8-5992809da5ba: shutdown LeaderElection
2019-11-15 21:51:30,156 [25a1269d-d7cc-4acf-80e8-5992809da5ba@group-D9EECF04EEAA-LeaderElection208] INFO  impl.RaftServerImpl (RaftServerImpl.java:setRole(173)) - 25a1269d-d7cc-4acf-80e8-5992809da5ba@group-D9EECF04EEAA: changes role from CANDIDATE to LEADER at term 1 for changeToLeader
2019-11-15 21:51:30,156 [25a1269d-d7cc-4acf-80e8-5992809da5ba@group-D9EECF04EEAA-LeaderElection208] INFO  ratis.XceiverServerRatis (XceiverServerRatis.java:handleLeaderChangedNotification(697)) - Leader change notification received for group: group-D9EECF04EEAA with new leaderId: 25a1269d-d7cc-4acf-80e8-5992809da5ba
2019-11-15 21:51:30,156 [25a1269d-d7cc-4acf-80e8-5992809da5ba@group-D9EECF04EEAA-LeaderElection208] INFO  impl.RaftServerImpl (ServerState.java:setLeader(255)) - 25a1269d-d7cc-4acf-80e8-5992809da5ba@group-D9EECF04EEAA: change Leader from null to 25a1269d-d7cc-4acf-80e8-5992809da5ba at term 1 for becomeLeader, leader elected after 1105ms
2019-11-15 21:51:30,156 [25a1269d-d7cc-4acf-80e8-5992809da5ba@group-D9EECF04EEAA-LeaderElection208] INFO  server.RaftServerConfigKeys (ConfUtils.java:logGet(43)) - raft.server.staging.catchup.gap = 1000 (default)
2019-11-15 21:51:30,156 [25a1269d-d7cc-4acf-80e8-5992809da5ba@group-D9EECF04EEAA-LeaderElection208] INFO  server.RaftServerConfigKeys (ConfUtils.java:logGet(43)) - raft.server.rpc.sleep.time = 25ms (default)
2019-11-15 21:51:30,159 [25a1269d-d7cc-4acf-80e8-5992809da5ba@group-D9EECF04EEAA-LeaderElection208] INFO  server.RaftServerConfigKeys (ConfUtils.java:logGet(43)) - raft.server.write.element-limit = 4096 (default)
2019-11-15 21:51:30,159 [25a1269d-d7cc-4acf-80e8-5992809da5ba@group-D9EECF04EEAA-LeaderElection208] INFO  server.RaftServerConfigKeys (ConfUtils.java:logGet(43)) - raft.server.watch.timeout = 10s (default)
2019-11-15 21:51:30,159 [25a1269d-d7cc-4acf-80e8-5992809da5ba@group-D9EECF04EEAA-LeaderElection208] INFO  server.RaftServerConfigKeys (ConfUtils.java:logGet(43)) - raft.server.watch.timeout.denomination = 1s (default)
2019-11-15 21:51:30,159 [EventQueue-PipelineReportForPipelineReportHandler] INFO  pipeline.PipelineStateManager (PipelineStateManager.java:openPipeline(134)) - Pipeline Pipeline[ Id: fd595410-54d5-43ae-a99f-d9eecf04eeaa, Nodes: 25a1269d-d7cc-4acf-80e8-5992809da5ba{ip: 192.168.164.223, host: pr-hdds-2493-5rwwl-1515842690, networkLocation: /rack1, certSerialId: null}, Type:RATIS, Factor:ONE, State:OPEN] moved to OPEN state
2019-11-15 21:51:30,159 [25a1269d-d7cc-4acf-80e8-5992809da5ba@group-D9EECF04EEAA-LeaderElection208] INFO  server.RaftServerConfigKeys (ConfUtils.java:logGet(43)) - raft.server.watch.element-limit = 65536 (default)
2019-11-15 21:51:30,159 [25a1269d-d7cc-4acf-80e8-5992809da5ba@group-D9EECF04EEAA-LeaderElection208] INFO  impl.RoleInfo (RoleInfo.java:updateAndGet(143)) - 25a1269d-d7cc-4acf-80e8-5992809da5ba: start LeaderState
2019-11-15 21:51:30,159 [25a1269d-d7cc-4acf-80e8-5992809da5ba@group-D9EECF04EEAA-LeaderElection208] INFO  segmented.SegmentedRaftLogWorker (SegmentedRaftLogWorker.java:startLogSegment(385)) - 25a1269d-d7cc-4acf-80e8-5992809da5ba@group-D9EECF04EEAA-SegmentedRaftLogWorker: Starting segment from index:0
2019-11-15 21:51:30,160 [25a1269d-d7cc-4acf-80e8-5992809da5ba@group-D9EECF04EEAA-LeaderElection208] INFO  impl.RaftServerImpl (ServerState.java:setRaftConf(356)) - 25a1269d-d7cc-4acf-80e8-5992809da5ba@group-D9EECF04EEAA: set configuration 0: [25a1269d-d7cc-4acf-80e8-5992809da5ba:192.168.164.223:46315], old=null at 0
2019-11-15 21:51:30,193 [Thread-3980] INFO  impl.FollowerState (FollowerState.java:run(111)) - dfb71ea8-5a43-4574-802a-eb8470866674@group-C3936401C52F-FollowerState: change to CANDIDATE, lastRpcTime:1091ms, electionTimeout:1091ms
2019-11-15 21:51:30,194 [Thread-3980] INFO  impl.RoleInfo (RoleInfo.java:shutdownFollowerState(121)) - dfb71ea8-5a43-4574-802a-eb8470866674: shutdown FollowerState
2019-11-15 21:51:30,194 [Thread-3980] INFO  impl.RaftServerImpl (RaftServerImpl.java:setRole(173)) - dfb71ea8-5a43-4574-802a-eb8470866674@group-C3936401C52F: changes role from  FOLLOWER to CANDIDATE at term 0 for changeToCandidate
2019-11-15 21:51:30,194 [Thread-3980] INFO  impl.RoleInfo (RoleInfo.java:updateAndGet(143)) - dfb71ea8-5a43-4574-802a-eb8470866674: start LeaderElection
2019-11-15 21:51:30,204 [25a1269d-d7cc-4acf-80e8-5992809da5ba@group-D9EECF04EEAA-SegmentedRaftLogWorker] INFO  segmented.SegmentedRaftLogWorker (SegmentedRaftLogWorker.java:execute(576)) - 25a1269d-d7cc-4acf-80e8-5992809da5ba@group-D9EECF04EEAA-SegmentedRaftLogWorker: created new log segment /workdir/hadoop-ozone/integration-test/target/test-dir/MiniOzoneClusterImpl-e150a234-18da-4756-b2e5-8eb09f38746c/datanode-3/data/ratis/fd595410-54d5-43ae-a99f-d9eecf04eeaa/current/log_inprogress_0
2019-11-15 21:51:30,204 [dfb71ea8-5a43-4574-802a-eb8470866674@group-C3936401C52F-LeaderElection209] INFO  impl.LeaderElection (LeaderElection.java:askForVotes(178)) - dfb71ea8-5a43-4574-802a-eb8470866674@group-C3936401C52F-LeaderElection209: begin an election at term 1 for -1: [dfb71ea8-5a43-4574-802a-eb8470866674:192.168.164.223:45914], old=null
2019-11-15 21:51:30,205 [dfb71ea8-5a43-4574-802a-eb8470866674@group-C3936401C52F-LeaderElection209] INFO  impl.RoleInfo (RoleInfo.java:shutdownLeaderElection(134)) - dfb71ea8-5a43-4574-802a-eb8470866674: shutdown LeaderElection
2019-11-15 21:51:30,205 [dfb71ea8-5a43-4574-802a-eb8470866674@group-C3936401C52F-LeaderElection209] INFO  impl.RaftServerImpl (RaftServerImpl.java:setRole(173)) - dfb71ea8-5a43-4574-802a-eb8470866674@group-C3936401C52F: changes role from CANDIDATE to LEADER at term 1 for changeToLeader
2019-11-15 21:51:30,205 [dfb71ea8-5a43-4574-802a-eb8470866674@group-C3936401C52F-LeaderElection209] INFO  ratis.XceiverServerRatis (XceiverServerRatis.java:handleLeaderChangedNotification(697)) - Leader change notification received for group: group-C3936401C52F with new leaderId: dfb71ea8-5a43-4574-802a-eb8470866674
2019-11-15 21:51:30,205 [dfb71ea8-5a43-4574-802a-eb8470866674@group-C3936401C52F-LeaderElection209] INFO  impl.RaftServerImpl (ServerState.java:setLeader(255)) - dfb71ea8-5a43-4574-802a-eb8470866674@group-C3936401C52F: change Leader from null to dfb71ea8-5a43-4574-802a-eb8470866674 at term 1 for becomeLeader, leader elected after 1106ms
2019-11-15 21:51:30,205 [dfb71ea8-5a43-4574-802a-eb8470866674@group-C3936401C52F-LeaderElection209] INFO  server.RaftServerConfigKeys (ConfUtils.java:logGet(43)) - raft.server.staging.catchup.gap = 1000 (default)
2019-11-15 21:51:30,205 [dfb71ea8-5a43-4574-802a-eb8470866674@group-C3936401C52F-LeaderElection209] INFO  server.RaftServerConfigKeys (ConfUtils.java:logGet(43)) - raft.server.rpc.sleep.time = 25ms (default)
2019-11-15 21:51:30,207 [dfb71ea8-5a43-4574-802a-eb8470866674@group-C3936401C52F-LeaderElection209] INFO  server.RaftServerConfigKeys (ConfUtils.java:logGet(43)) - raft.server.write.element-limit = 4096 (default)
2019-11-15 21:51:30,207 [dfb71ea8-5a43-4574-802a-eb8470866674@group-C3936401C52F-LeaderElection209] INFO  server.RaftServerConfigKeys (ConfUtils.java:logGet(43)) - raft.server.watch.timeout = 10s (default)
2019-11-15 21:51:30,207 [dfb71ea8-5a43-4574-802a-eb8470866674@group-C3936401C52F-LeaderElection209] INFO  server.RaftServerConfigKeys (ConfUtils.java:logGet(43)) - raft.server.watch.timeout.denomination = 1s (default)
2019-11-15 21:51:30,207 [dfb71ea8-5a43-4574-802a-eb8470866674@group-C3936401C52F-LeaderElection209] INFO  server.RaftServerConfigKeys (ConfUtils.java:logGet(43)) - raft.server.watch.element-limit = 65536 (default)
2019-11-15 21:51:30,207 [dfb71ea8-5a43-4574-802a-eb8470866674@group-C3936401C52F-LeaderElection209] INFO  impl.RoleInfo (RoleInfo.java:updateAndGet(143)) - dfb71ea8-5a43-4574-802a-eb8470866674: start LeaderState
2019-11-15 21:51:30,207 [dfb71ea8-5a43-4574-802a-eb8470866674@group-C3936401C52F-LeaderElection209] INFO  segmented.SegmentedRaftLogWorker (SegmentedRaftLogWorker.java:startLogSegment(385)) - dfb71ea8-5a43-4574-802a-eb8470866674@group-C3936401C52F-SegmentedRaftLogWorker: Starting segment from index:0
2019-11-15 21:51:30,207 [EventQueue-PipelineReportForPipelineReportHandler] INFO  pipeline.PipelineStateManager (PipelineStateManager.java:openPipeline(134)) - Pipeline Pipeline[ Id: 8d466b63-100d-467b-884d-c3936401c52f, Nodes: dfb71ea8-5a43-4574-802a-eb8470866674{ip: 192.168.164.223, host: pr-hdds-2493-5rwwl-1515842690, networkLocation: /rack1, certSerialId: null}, Type:RATIS, Factor:ONE, State:OPEN] moved to OPEN state
2019-11-15 21:51:30,207 [dfb71ea8-5a43-4574-802a-eb8470866674@group-C3936401C52F-LeaderElection209] INFO  impl.RaftServerImpl (ServerState.java:setRaftConf(356)) - dfb71ea8-5a43-4574-802a-eb8470866674@group-C3936401C52F: set configuration 0: [dfb71ea8-5a43-4574-802a-eb8470866674:192.168.164.223:45914], old=null at 0
2019-11-15 21:51:30,215 [Thread-3986] INFO  impl.FollowerState (FollowerState.java:run(111)) - 25a1269d-d7cc-4acf-80e8-5992809da5ba@group-838FBF1CEC89-FollowerState: change to CANDIDATE, lastRpcTime:1022ms, electionTimeout:1022ms
2019-11-15 21:51:30,216 [Thread-3986] INFO  impl.RoleInfo (RoleInfo.java:shutdownFollowerState(121)) - 25a1269d-d7cc-4acf-80e8-5992809da5ba: shutdown FollowerState
2019-11-15 21:51:30,216 [Thread-3986] INFO  impl.RaftServerImpl (RaftServerImpl.java:setRole(173)) - 25a1269d-d7cc-4acf-80e8-5992809da5ba@group-838FBF1CEC89: changes role from  FOLLOWER to CANDIDATE at term 0 for changeToCandidate
2019-11-15 21:51:30,216 [Thread-3986] INFO  impl.RoleInfo (RoleInfo.java:updateAndGet(143)) - 25a1269d-d7cc-4acf-80e8-5992809da5ba: start LeaderElection
2019-11-15 21:51:30,234 [Thread-3983] INFO  impl.FollowerState (FollowerState.java:run(111)) - 81d95af4-28c6-42b2-8e7d-ef28ff90d39a@group-FD679F772943-FollowerState: change to CANDIDATE, lastRpcTime:1090ms, electionTimeout:1073ms
2019-11-15 21:51:30,234 [Thread-3983] INFO  impl.RoleInfo (RoleInfo.java:shutdownFollowerState(121)) - 81d95af4-28c6-42b2-8e7d-ef28ff90d39a: shutdown FollowerState
2019-11-15 21:51:30,234 [Thread-3983] INFO  impl.RaftServerImpl (RaftServerImpl.java:setRole(173)) - 81d95af4-28c6-42b2-8e7d-ef28ff90d39a@group-FD679F772943: changes role from  FOLLOWER to CANDIDATE at term 0 for changeToCandidate
2019-11-15 21:51:30,234 [Thread-3983] INFO  impl.RoleInfo (RoleInfo.java:updateAndGet(143)) - 81d95af4-28c6-42b2-8e7d-ef28ff90d39a: start LeaderElection
2019-11-15 21:51:30,247 [dfb71ea8-5a43-4574-802a-eb8470866674@group-C3936401C52F-SegmentedRaftLogWorker] INFO  segmented.SegmentedRaftLogWorker (SegmentedRaftLogWorker.java:execute(576)) - dfb71ea8-5a43-4574-802a-eb8470866674@group-C3936401C52F-SegmentedRaftLogWorker: created new log segment /workdir/hadoop-ozone/integration-test/target/test-dir/MiniOzoneClusterImpl-e150a234-18da-4756-b2e5-8eb09f38746c/datanode-4/data/ratis/8d466b63-100d-467b-884d-c3936401c52f/current/log_inprogress_0
2019-11-15 21:51:30,247 [81d95af4-28c6-42b2-8e7d-ef28ff90d39a@group-FD679F772943-LeaderElection211] INFO  impl.LeaderElection (LeaderElection.java:askForVotes(178)) - 81d95af4-28c6-42b2-8e7d-ef28ff90d39a@group-FD679F772943-LeaderElection211: begin an election at term 1 for -1: [81d95af4-28c6-42b2-8e7d-ef28ff90d39a:192.168.164.223:42674], old=null
2019-11-15 21:51:30,247 [25a1269d-d7cc-4acf-80e8-5992809da5ba@group-838FBF1CEC89-LeaderElection210] INFO  impl.LeaderElection (LeaderElection.java:askForVotes(178)) - 25a1269d-d7cc-4acf-80e8-5992809da5ba@group-838FBF1CEC89-LeaderElection210: begin an election at term 1 for -1: [81d95af4-28c6-42b2-8e7d-ef28ff90d39a:192.168.164.223:42674, dfb71ea8-5a43-4574-802a-eb8470866674:192.168.164.223:45914, 25a1269d-d7cc-4acf-80e8-5992809da5ba:192.168.164.223:46315], old=null
2019-11-15 21:51:30,247 [81d95af4-28c6-42b2-8e7d-ef28ff90d39a@group-FD679F772943-LeaderElection211] INFO  impl.RoleInfo (RoleInfo.java:shutdownLeaderElection(134)) - 81d95af4-28c6-42b2-8e7d-ef28ff90d39a: shutdown LeaderElection
2019-11-15 21:51:30,247 [81d95af4-28c6-42b2-8e7d-ef28ff90d39a@group-FD679F772943-LeaderElection211] INFO  impl.RaftServerImpl (RaftServerImpl.java:setRole(173)) - 81d95af4-28c6-42b2-8e7d-ef28ff90d39a@group-FD679F772943: changes role from CANDIDATE to LEADER at term 1 for changeToLeader
2019-11-15 21:51:30,247 [81d95af4-28c6-42b2-8e7d-ef28ff90d39a@group-FD679F772943-LeaderElection211] INFO  ratis.XceiverServerRatis (XceiverServerRatis.java:handleLeaderChangedNotification(697)) - Leader change notification received for group: group-FD679F772943 with new leaderId: 81d95af4-28c6-42b2-8e7d-ef28ff90d39a
2019-11-15 21:51:30,247 [81d95af4-28c6-42b2-8e7d-ef28ff90d39a@group-FD679F772943-LeaderElection211] INFO  impl.RaftServerImpl (ServerState.java:setLeader(255)) - 81d95af4-28c6-42b2-8e7d-ef28ff90d39a@group-FD679F772943: change Leader from null to 81d95af4-28c6-42b2-8e7d-ef28ff90d39a at term 1 for becomeLeader, leader elected after 1106ms
2019-11-15 21:51:30,247 [81d95af4-28c6-42b2-8e7d-ef28ff90d39a@group-FD679F772943-LeaderElection211] INFO  server.RaftServerConfigKeys (ConfUtils.java:logGet(43)) - raft.server.staging.catchup.gap = 1000 (default)
2019-11-15 21:51:30,247 [81d95af4-28c6-42b2-8e7d-ef28ff90d39a@group-FD679F772943-LeaderElection211] INFO  server.RaftServerConfigKeys (ConfUtils.java:logGet(43)) - raft.server.rpc.sleep.time = 25ms (default)
2019-11-15 21:51:30,249 [81d95af4-28c6-42b2-8e7d-ef28ff90d39a@group-FD679F772943-LeaderElection211] INFO  server.RaftServerConfigKeys (ConfUtils.java:logGet(43)) - raft.server.write.element-limit = 4096 (default)
2019-11-15 21:51:30,249 [81d95af4-28c6-42b2-8e7d-ef28ff90d39a@group-FD679F772943-LeaderElection211] INFO  server.RaftServerConfigKeys (ConfUtils.java:logGet(43)) - raft.server.watch.timeout = 10s (default)
2019-11-15 21:51:30,249 [81d95af4-28c6-42b2-8e7d-ef28ff90d39a@group-FD679F772943-LeaderElection211] INFO  server.RaftServerConfigKeys (ConfUtils.java:logGet(43)) - raft.server.watch.timeout.denomination = 1s (default)
2019-11-15 21:51:30,249 [81d95af4-28c6-42b2-8e7d-ef28ff90d39a@group-FD679F772943-LeaderElection211] INFO  server.RaftServerConfigKeys (ConfUtils.java:logGet(43)) - raft.server.watch.element-limit = 65536 (default)
2019-11-15 21:51:30,249 [81d95af4-28c6-42b2-8e7d-ef28ff90d39a@group-FD679F772943-LeaderElection211] INFO  impl.RoleInfo (RoleInfo.java:updateAndGet(143)) - 81d95af4-28c6-42b2-8e7d-ef28ff90d39a: start LeaderState
2019-11-15 21:51:30,249 [EventQueue-PipelineReportForPipelineReportHandler] INFO  pipeline.PipelineStateManager (PipelineStateManager.java:openPipeline(134)) - Pipeline Pipeline[ Id: c6ce1db3-9142-41ad-9cf3-fd679f772943, Nodes: 81d95af4-28c6-42b2-8e7d-ef28ff90d39a{ip: 192.168.164.223, host: pr-hdds-2493-5rwwl-1515842690, networkLocation: /rack1, certSerialId: null}, Type:RATIS, Factor:ONE, State:OPEN] moved to OPEN state
2019-11-15 21:51:30,249 [81d95af4-28c6-42b2-8e7d-ef28ff90d39a@group-FD679F772943-LeaderElection211] INFO  segmented.SegmentedRaftLogWorker (SegmentedRaftLogWorker.java:startLogSegment(385)) - 81d95af4-28c6-42b2-8e7d-ef28ff90d39a@group-FD679F772943-SegmentedRaftLogWorker: Starting segment from index:0
2019-11-15 21:51:30,251 [Thread-3990] INFO  impl.FollowerState (FollowerState.java:run(111)) - 81d95af4-28c6-42b2-8e7d-ef28ff90d39a@group-838FBF1CEC89-FollowerState: change to CANDIDATE, lastRpcTime:1054ms, electionTimeout:1054ms
2019-11-15 21:51:30,251 [Thread-3990] INFO  impl.RoleInfo (RoleInfo.java:shutdownFollowerState(121)) - 81d95af4-28c6-42b2-8e7d-ef28ff90d39a: shutdown FollowerState
2019-11-15 21:51:30,251 [Thread-3990] INFO  impl.RaftServerImpl (RaftServerImpl.java:setRole(173)) - 81d95af4-28c6-42b2-8e7d-ef28ff90d39a@group-838FBF1CEC89: changes role from  FOLLOWER to CANDIDATE at term 0 for changeToCandidate
2019-11-15 21:51:30,251 [81d95af4-28c6-42b2-8e7d-ef28ff90d39a@group-FD679F772943-LeaderElection211] INFO  impl.RaftServerImpl (ServerState.java:setRaftConf(356)) - 81d95af4-28c6-42b2-8e7d-ef28ff90d39a@group-FD679F772943: set configuration 0: [81d95af4-28c6-42b2-8e7d-ef28ff90d39a:192.168.164.223:42674], old=null at 0
2019-11-15 21:51:30,251 [Thread-3990] INFO  impl.RoleInfo (RoleInfo.java:updateAndGet(143)) - 81d95af4-28c6-42b2-8e7d-ef28ff90d39a: start LeaderElection
2019-11-15 21:51:30,280 [grpc-default-executor-4] INFO  impl.RaftServerImpl (RaftServerImpl.java:setRole(173)) - dfb71ea8-5a43-4574-802a-eb8470866674@group-838FBF1CEC89: changes role from  FOLLOWER to FOLLOWER at term 1 for recognizeCandidate:25a1269d-d7cc-4acf-80e8-5992809da5ba
2019-11-15 21:51:30,280 [grpc-default-executor-4] INFO  impl.RoleInfo (RoleInfo.java:shutdownFollowerState(121)) - dfb71ea8-5a43-4574-802a-eb8470866674: shutdown FollowerState
2019-11-15 21:51:30,280 [grpc-default-executor-4] INFO  impl.RoleInfo (RoleInfo.java:updateAndGet(143)) - dfb71ea8-5a43-4574-802a-eb8470866674: start FollowerState
2019-11-15 21:51:30,280 [Thread-3991] INFO  impl.FollowerState (FollowerState.java:run(120)) - dfb71ea8-5a43-4574-802a-eb8470866674@group-838FBF1CEC89-FollowerState was interrupted: java.lang.InterruptedException: sleep interrupted
2019-11-15 21:51:30,291 [81d95af4-28c6-42b2-8e7d-ef28ff90d39a@group-FD679F772943-SegmentedRaftLogWorker] INFO  segmented.SegmentedRaftLogWorker (SegmentedRaftLogWorker.java:execute(576)) - 81d95af4-28c6-42b2-8e7d-ef28ff90d39a@group-FD679F772943-SegmentedRaftLogWorker: created new log segment /workdir/hadoop-ozone/integration-test/target/test-dir/MiniOzoneClusterImpl-e150a234-18da-4756-b2e5-8eb09f38746c/datanode-5/data/ratis/c6ce1db3-9142-41ad-9cf3-fd679f772943/current/log_inprogress_0
2019-11-15 21:51:30,291 [81d95af4-28c6-42b2-8e7d-ef28ff90d39a@group-838FBF1CEC89-LeaderElection212] INFO  impl.LeaderElection (LeaderElection.java:askForVotes(178)) - 81d95af4-28c6-42b2-8e7d-ef28ff90d39a@group-838FBF1CEC89-LeaderElection212: begin an election at term 1 for -1: [81d95af4-28c6-42b2-8e7d-ef28ff90d39a:192.168.164.223:42674, dfb71ea8-5a43-4574-802a-eb8470866674:192.168.164.223:45914, 25a1269d-d7cc-4acf-80e8-5992809da5ba:192.168.164.223:46315], old=null
2019-11-15 21:51:30,292 [25a1269d-d7cc-4acf-80e8-5992809da5ba@group-838FBF1CEC89-LeaderElection210] INFO  impl.LeaderElection (LeaderElection.java:logAndReturn(56)) - 25a1269d-d7cc-4acf-80e8-5992809da5ba@group-838FBF1CEC89-LeaderElection210: Election PASSED; received 2 response(s) [25a1269d-d7cc-4acf-80e8-5992809da5ba<-81d95af4-28c6-42b2-8e7d-ef28ff90d39a#0:FAIL-t1, 25a1269d-d7cc-4acf-80e8-5992809da5ba<-dfb71ea8-5a43-4574-802a-eb8470866674#0:OK-t1] and 0 exception(s); 25a1269d-d7cc-4acf-80e8-5992809da5ba@group-838FBF1CEC89:t1, leader=null, voted=25a1269d-d7cc-4acf-80e8-5992809da5ba, raftlog=25a1269d-d7cc-4acf-80e8-5992809da5ba@group-838FBF1CEC89-SegmentedRaftLog:OPENED:c-1,f-1,i0, conf=-1: [81d95af4-28c6-42b2-8e7d-ef28ff90d39a:192.168.164.223:42674, dfb71ea8-5a43-4574-802a-eb8470866674:192.168.164.223:45914, 25a1269d-d7cc-4acf-80e8-5992809da5ba:192.168.164.223:46315], old=null
2019-11-15 21:51:30,292 [25a1269d-d7cc-4acf-80e8-5992809da5ba@group-838FBF1CEC89-LeaderElection210] INFO  impl.RoleInfo (RoleInfo.java:shutdownLeaderElection(134)) - 25a1269d-d7cc-4acf-80e8-5992809da5ba: shutdown LeaderElection
2019-11-15 21:51:30,292 [25a1269d-d7cc-4acf-80e8-5992809da5ba@group-838FBF1CEC89-LeaderElection210] INFO  impl.RaftServerImpl (RaftServerImpl.java:setRole(173)) - 25a1269d-d7cc-4acf-80e8-5992809da5ba@group-838FBF1CEC89: changes role from CANDIDATE to LEADER at term 1 for changeToLeader
2019-11-15 21:51:30,292 [25a1269d-d7cc-4acf-80e8-5992809da5ba@group-838FBF1CEC89-LeaderElection210] INFO  ratis.XceiverServerRatis (XceiverServerRatis.java:handleLeaderChangedNotification(697)) - Leader change notification received for group: group-838FBF1CEC89 with new leaderId: 25a1269d-d7cc-4acf-80e8-5992809da5ba
2019-11-15 21:51:30,292 [25a1269d-d7cc-4acf-80e8-5992809da5ba@group-838FBF1CEC89-LeaderElection210] INFO  impl.RaftServerImpl (ServerState.java:setLeader(255)) - 25a1269d-d7cc-4acf-80e8-5992809da5ba@group-838FBF1CEC89: change Leader from null to 25a1269d-d7cc-4acf-80e8-5992809da5ba at term 1 for becomeLeader, leader elected after 1105ms
2019-11-15 21:51:30,292 [25a1269d-d7cc-4acf-80e8-5992809da5ba@group-838FBF1CEC89-LeaderElection210] INFO  server.RaftServerConfigKeys (ConfUtils.java:logGet(43)) - raft.server.staging.catchup.gap = 1000 (default)
2019-11-15 21:51:30,292 [25a1269d-d7cc-4acf-80e8-5992809da5ba@group-838FBF1CEC89-LeaderElection210] INFO  server.RaftServerConfigKeys (ConfUtils.java:logGet(43)) - raft.server.rpc.sleep.time = 25ms (default)
2019-11-15 21:51:30,293 [25a1269d-d7cc-4acf-80e8-5992809da5ba@group-838FBF1CEC89-LeaderElection210] INFO  server.RaftServerConfigKeys (ConfUtils.java:logGet(43)) - raft.server.write.element-limit = 4096 (default)
2019-11-15 21:51:30,293 [25a1269d-d7cc-4acf-80e8-5992809da5ba@group-838FBF1CEC89-LeaderElection210] INFO  server.RaftServerConfigKeys (ConfUtils.java:logGet(43)) - raft.server.watch.timeout = 10s (default)
2019-11-15 21:51:30,293 [EventQueue-PipelineReportForPipelineReportHandler] INFO  pipeline.PipelineStateManager (PipelineStateManager.java:openPipeline(134)) - Pipeline Pipeline[ Id: 05df43c7-4952-436f-a14a-838fbf1cec89, Nodes: 25a1269d-d7cc-4acf-80e8-5992809da5ba{ip: 192.168.164.223, host: pr-hdds-2493-5rwwl-1515842690, networkLocation: /rack1, certSerialId: null}dfb71ea8-5a43-4574-802a-eb8470866674{ip: 192.168.164.223, host: pr-hdds-2493-5rwwl-1515842690, networkLocation: /rack1, certSerialId: null}81d95af4-28c6-42b2-8e7d-ef28ff90d39a{ip: 192.168.164.223, host: pr-hdds-2493-5rwwl-1515842690, networkLocation: /rack1, certSerialId: null}, Type:RATIS, Factor:THREE, State:OPEN] moved to OPEN state
2019-11-15 21:51:30,293 [25a1269d-d7cc-4acf-80e8-5992809da5ba@group-838FBF1CEC89-LeaderElection210] INFO  server.RaftServerConfigKeys (ConfUtils.java:logGet(43)) - raft.server.watch.timeout.denomination = 1s (default)
2019-11-15 21:51:30,295 [25a1269d-d7cc-4acf-80e8-5992809da5ba@group-838FBF1CEC89-LeaderElection210] INFO  server.RaftServerConfigKeys (ConfUtils.java:logGet(43)) - raft.server.watch.element-limit = 65536 (default)
2019-11-15 21:51:30,296 [25a1269d-d7cc-4acf-80e8-5992809da5ba@group-838FBF1CEC89-LeaderElection210] INFO  server.RaftServerConfigKeys (ConfUtils.java:logGet(43)) - raft.server.log.appender.snapshot.chunk.size.max = 16MB (=16777216) (default)
2019-11-15 21:51:30,296 [25a1269d-d7cc-4acf-80e8-5992809da5ba@group-838FBF1CEC89-LeaderElection210] INFO  server.RaftServerConfigKeys (ConfUtils.java:logGet(43)) - raft.server.log.appender.buffer.byte-limit = 33554432 (custom)
2019-11-15 21:51:30,296 [25a1269d-d7cc-4acf-80e8-5992809da5ba@group-838FBF1CEC89-LeaderElection210] INFO  server.RaftServerConfigKeys (ConfUtils.java:logGet(43)) - raft.server.log.appender.buffer.element-limit = 1 (custom)
2019-11-15 21:51:30,296 [25a1269d-d7cc-4acf-80e8-5992809da5ba@group-838FBF1CEC89-LeaderElection210] INFO  grpc.GrpcConfigKeys$Server (ConfUtils.java:logGet(43)) - raft.grpc.server.leader.outstanding.appends.max = 128 (default)
2019-11-15 21:51:30,297 [25a1269d-d7cc-4acf-80e8-5992809da5ba@group-838FBF1CEC89-LeaderElection210] INFO  server.RaftServerConfigKeys (ConfUtils.java:logGet(43)) - raft.server.rpc.request.timeout = 3000ms (default)
2019-11-15 21:51:30,297 [25a1269d-d7cc-4acf-80e8-5992809da5ba@group-838FBF1CEC89-LeaderElection210] INFO  server.RaftServerConfigKeys (ConfUtils.java:logGet(43)) - raft.server.log.appender.install.snapshot.enabled = false (custom)
2019-11-15 21:51:30,297 [25a1269d-d7cc-4acf-80e8-5992809da5ba@group-838FBF1CEC89-LeaderElection210] WARN  impl.MetricRegistriesImpl (MetricRegistriesImpl.java:lambda$create$1(61)) - First MetricRegistry has been created without registering reporters. You may need to call MetricRegistries.global().addReportRegistration(...) before.
2019-11-15 21:51:30,297 [25a1269d-d7cc-4acf-80e8-5992809da5ba@group-838FBF1CEC89-LeaderElection210] INFO  server.RaftServerConfigKeys (ConfUtils.java:logGet(43)) - raft.server.log.appender.snapshot.chunk.size.max = 16MB (=16777216) (default)
2019-11-15 21:51:30,298 [25a1269d-d7cc-4acf-80e8-5992809da5ba@group-838FBF1CEC89-LeaderElection210] INFO  server.RaftServerConfigKeys (ConfUtils.java:logGet(43)) - raft.server.log.appender.buffer.byte-limit = 33554432 (custom)
2019-11-15 21:51:30,298 [25a1269d-d7cc-4acf-80e8-5992809da5ba@group-838FBF1CEC89-LeaderElection210] INFO  server.RaftServerConfigKeys (ConfUtils.java:logGet(43)) - raft.server.log.appender.buffer.element-limit = 1 (custom)
2019-11-15 21:51:30,298 [25a1269d-d7cc-4acf-80e8-5992809da5ba@group-838FBF1CEC89-LeaderElection210] INFO  grpc.GrpcConfigKeys$Server (ConfUtils.java:logGet(43)) - raft.grpc.server.leader.outstanding.appends.max = 128 (default)
2019-11-15 21:51:30,298 [25a1269d-d7cc-4acf-80e8-5992809da5ba@group-838FBF1CEC89-LeaderElection210] INFO  server.RaftServerConfigKeys (ConfUtils.java:logGet(43)) - raft.server.rpc.request.timeout = 3000ms (default)
2019-11-15 21:51:30,298 [25a1269d-d7cc-4acf-80e8-5992809da5ba@group-838FBF1CEC89-LeaderElection210] INFO  server.RaftServerConfigKeys (ConfUtils.java:logGet(43)) - raft.server.log.appender.install.snapshot.enabled = false (custom)
2019-11-15 21:51:30,299 [25a1269d-d7cc-4acf-80e8-5992809da5ba@group-838FBF1CEC89-LeaderElection210] INFO  impl.RoleInfo (RoleInfo.java:updateAndGet(143)) - 25a1269d-d7cc-4acf-80e8-5992809da5ba: start LeaderState
2019-11-15 21:51:30,299 [25a1269d-d7cc-4acf-80e8-5992809da5ba@group-838FBF1CEC89-LeaderElection210] INFO  segmented.SegmentedRaftLogWorker (SegmentedRaftLogWorker.java:startLogSegment(385)) - 25a1269d-d7cc-4acf-80e8-5992809da5ba@group-838FBF1CEC89-SegmentedRaftLogWorker: Starting segment from index:0
2019-11-15 21:51:30,300 [25a1269d-d7cc-4acf-80e8-5992809da5ba@group-838FBF1CEC89-LeaderElection210] INFO  impl.RaftServerImpl (ServerState.java:setRaftConf(356)) - 25a1269d-d7cc-4acf-80e8-5992809da5ba@group-838FBF1CEC89: set configuration 0: [81d95af4-28c6-42b2-8e7d-ef28ff90d39a:192.168.164.223:42674, dfb71ea8-5a43-4574-802a-eb8470866674:192.168.164.223:45914, 25a1269d-d7cc-4acf-80e8-5992809da5ba:192.168.164.223:46315], old=null at 0
2019-11-15 21:51:30,300 [grpc-default-executor-0] INFO  impl.RaftServerImpl (RaftServerImpl.java:requestVote(776)) - 25a1269d-d7cc-4acf-80e8-5992809da5ba@group-838FBF1CEC89-   LEADER: Withhold vote from candidate 81d95af4-28c6-42b2-8e7d-ef28ff90d39a with term 1. State: leader=25a1269d-d7cc-4acf-80e8-5992809da5ba, term=1, lastRpcElapsed=null
2019-11-15 21:51:30,301 [81d95af4-28c6-42b2-8e7d-ef28ff90d39a@group-838FBF1CEC89-LeaderElection212] INFO  impl.LeaderElection (LeaderElection.java:logAndReturn(56)) - 81d95af4-28c6-42b2-8e7d-ef28ff90d39a@group-838FBF1CEC89-LeaderElection212: Election REJECTED; received 2 response(s) [81d95af4-28c6-42b2-8e7d-ef28ff90d39a<-dfb71ea8-5a43-4574-802a-eb8470866674#0:FAIL-t1, 81d95af4-28c6-42b2-8e7d-ef28ff90d39a<-25a1269d-d7cc-4acf-80e8-5992809da5ba#0:FAIL-t1] and 0 exception(s); 81d95af4-28c6-42b2-8e7d-ef28ff90d39a@group-838FBF1CEC89:t1, leader=null, voted=81d95af4-28c6-42b2-8e7d-ef28ff90d39a, raftlog=81d95af4-28c6-42b2-8e7d-ef28ff90d39a@group-838FBF1CEC89-SegmentedRaftLog:OPENED:c-1,f-1,i0, conf=-1: [81d95af4-28c6-42b2-8e7d-ef28ff90d39a:192.168.164.223:42674, dfb71ea8-5a43-4574-802a-eb8470866674:192.168.164.223:45914, 25a1269d-d7cc-4acf-80e8-5992809da5ba:192.168.164.223:46315], old=null
2019-11-15 21:51:30,301 [grpc-default-executor-4] INFO  impl.RaftServerImpl (RaftServerImpl.java:setRole(173)) - 81d95af4-28c6-42b2-8e7d-ef28ff90d39a@group-838FBF1CEC89: changes role from CANDIDATE to FOLLOWER at term 1 for appendEntries
2019-11-15 21:51:30,301 [grpc-default-executor-0] INFO  ratis.XceiverServerRatis (XceiverServerRatis.java:handleLeaderChangedNotification(697)) - Leader change notification received for group: group-838FBF1CEC89 with new leaderId: 25a1269d-d7cc-4acf-80e8-5992809da5ba
2019-11-15 21:51:30,301 [grpc-default-executor-0] INFO  impl.RaftServerImpl (ServerState.java:setLeader(255)) - dfb71ea8-5a43-4574-802a-eb8470866674@group-838FBF1CEC89: change Leader from null to 25a1269d-d7cc-4acf-80e8-5992809da5ba at term 1 for appendEntries, leader elected after 1114ms
2019-11-15 21:51:30,301 [grpc-default-executor-4] INFO  impl.RoleInfo (RoleInfo.java:shutdownLeaderElection(134)) - 81d95af4-28c6-42b2-8e7d-ef28ff90d39a: shutdown LeaderElection
2019-11-15 21:51:30,302 [grpc-default-executor-4] INFO  impl.RoleInfo (RoleInfo.java:updateAndGet(143)) - 81d95af4-28c6-42b2-8e7d-ef28ff90d39a: start FollowerState
2019-11-15 21:51:30,302 [grpc-default-executor-4] INFO  ratis.XceiverServerRatis (XceiverServerRatis.java:handleLeaderChangedNotification(697)) - Leader change notification received for group: group-838FBF1CEC89 with new leaderId: 25a1269d-d7cc-4acf-80e8-5992809da5ba
2019-11-15 21:51:30,302 [grpc-default-executor-4] INFO  impl.RaftServerImpl (ServerState.java:setLeader(255)) - 81d95af4-28c6-42b2-8e7d-ef28ff90d39a@group-838FBF1CEC89: change Leader from null to 25a1269d-d7cc-4acf-80e8-5992809da5ba at term 1 for appendEntries, leader elected after 1115ms
2019-11-15 21:51:30,303 [grpc-default-executor-0] INFO  impl.RaftServerImpl (ServerState.java:setRaftConf(356)) - dfb71ea8-5a43-4574-802a-eb8470866674@group-838FBF1CEC89: set configuration 0: [81d95af4-28c6-42b2-8e7d-ef28ff90d39a:192.168.164.223:42674, dfb71ea8-5a43-4574-802a-eb8470866674:192.168.164.223:45914, 25a1269d-d7cc-4acf-80e8-5992809da5ba:192.168.164.223:46315], old=null at 0
2019-11-15 21:51:30,304 [grpc-default-executor-0] INFO  segmented.SegmentedRaftLogWorker (SegmentedRaftLogWorker.java:startLogSegment(385)) - dfb71ea8-5a43-4574-802a-eb8470866674@group-838FBF1CEC89-SegmentedRaftLogWorker: Starting segment from index:0
2019-11-15 21:51:30,304 [grpc-default-executor-4] INFO  impl.RaftServerImpl (ServerState.java:setRaftConf(356)) - 81d95af4-28c6-42b2-8e7d-ef28ff90d39a@group-838FBF1CEC89: set configuration 0: [81d95af4-28c6-42b2-8e7d-ef28ff90d39a:192.168.164.223:42674, dfb71ea8-5a43-4574-802a-eb8470866674:192.168.164.223:45914, 25a1269d-d7cc-4acf-80e8-5992809da5ba:192.168.164.223:46315], old=null at 0
2019-11-15 21:51:30,304 [grpc-default-executor-4] INFO  segmented.SegmentedRaftLogWorker (SegmentedRaftLogWorker.java:startLogSegment(385)) - 81d95af4-28c6-42b2-8e7d-ef28ff90d39a@group-838FBF1CEC89-SegmentedRaftLogWorker: Starting segment from index:0
2019-11-15 21:51:30,328 [Thread-3998] INFO  impl.FollowerState (FollowerState.java:run(111)) - 09667cd7-469d-4450-b7d6-bfa43032ac6a@group-C76242B2156B-FollowerState: change to CANDIDATE, lastRpcTime:1011ms, electionTimeout:1011ms
2019-11-15 21:51:30,328 [Thread-3998] INFO  impl.RoleInfo (RoleInfo.java:shutdownFollowerState(121)) - 09667cd7-469d-4450-b7d6-bfa43032ac6a: shutdown FollowerState
2019-11-15 21:51:30,328 [Thread-3998] INFO  impl.RaftServerImpl (RaftServerImpl.java:setRole(173)) - 09667cd7-469d-4450-b7d6-bfa43032ac6a@group-C76242B2156B: changes role from  FOLLOWER to CANDIDATE at term 0 for changeToCandidate
2019-11-15 21:51:30,329 [Thread-3998] INFO  impl.RoleInfo (RoleInfo.java:updateAndGet(143)) - 09667cd7-469d-4450-b7d6-bfa43032ac6a: start LeaderElection
2019-11-15 21:51:30,339 [81d95af4-28c6-42b2-8e7d-ef28ff90d39a@group-838FBF1CEC89-SegmentedRaftLogWorker] INFO  segmented.SegmentedRaftLogWorker (SegmentedRaftLogWorker.java:execute(576)) - 81d95af4-28c6-42b2-8e7d-ef28ff90d39a@group-838FBF1CEC89-SegmentedRaftLogWorker: created new log segment /workdir/hadoop-ozone/integration-test/target/test-dir/MiniOzoneClusterImpl-e150a234-18da-4756-b2e5-8eb09f38746c/datanode-5/data/ratis/05df43c7-4952-436f-a14a-838fbf1cec89/current/log_inprogress_0
2019-11-15 21:51:30,339 [25a1269d-d7cc-4acf-80e8-5992809da5ba@group-838FBF1CEC89-SegmentedRaftLogWorker] INFO  segmented.SegmentedRaftLogWorker (SegmentedRaftLogWorker.java:execute(576)) - 25a1269d-d7cc-4acf-80e8-5992809da5ba@group-838FBF1CEC89-SegmentedRaftLogWorker: created new log segment /workdir/hadoop-ozone/integration-test/target/test-dir/MiniOzoneClusterImpl-e150a234-18da-4756-b2e5-8eb09f38746c/datanode-3/data/ratis/05df43c7-4952-436f-a14a-838fbf1cec89/current/log_inprogress_0
2019-11-15 21:51:30,352 [dfb71ea8-5a43-4574-802a-eb8470866674@group-838FBF1CEC89-SegmentedRaftLogWorker] INFO  segmented.SegmentedRaftLogWorker (SegmentedRaftLogWorker.java:execute(576)) - dfb71ea8-5a43-4574-802a-eb8470866674@group-838FBF1CEC89-SegmentedRaftLogWorker: created new log segment /workdir/hadoop-ozone/integration-test/target/test-dir/MiniOzoneClusterImpl-e150a234-18da-4756-b2e5-8eb09f38746c/datanode-4/data/ratis/05df43c7-4952-436f-a14a-838fbf1cec89/current/log_inprogress_0
2019-11-15 21:51:30,352 [09667cd7-469d-4450-b7d6-bfa43032ac6a@group-C76242B2156B-LeaderElection213] INFO  impl.LeaderElection (LeaderElection.java:askForVotes(178)) - 09667cd7-469d-4450-b7d6-bfa43032ac6a@group-C76242B2156B-LeaderElection213: begin an election at term 1 for -1: [09667cd7-469d-4450-b7d6-bfa43032ac6a:192.168.164.223:41749], old=null
2019-11-15 21:51:30,352 [09667cd7-469d-4450-b7d6-bfa43032ac6a@group-C76242B2156B-LeaderElection213] INFO  impl.RoleInfo (RoleInfo.java:shutdownLeaderElection(134)) - 09667cd7-469d-4450-b7d6-bfa43032ac6a: shutdown LeaderElection
2019-11-15 21:51:30,352 [09667cd7-469d-4450-b7d6-bfa43032ac6a@group-C76242B2156B-LeaderElection213] INFO  impl.RaftServerImpl (RaftServerImpl.java:setRole(173)) - 09667cd7-469d-4450-b7d6-bfa43032ac6a@group-C76242B2156B: changes role from CANDIDATE to LEADER at term 1 for changeToLeader
2019-11-15 21:51:30,352 [09667cd7-469d-4450-b7d6-bfa43032ac6a@group-C76242B2156B-LeaderElection213] INFO  ratis.XceiverServerRatis (XceiverServerRatis.java:handleLeaderChangedNotification(697)) - Leader change notification received for group: group-C76242B2156B with new leaderId: 09667cd7-469d-4450-b7d6-bfa43032ac6a
2019-11-15 21:51:30,352 [09667cd7-469d-4450-b7d6-bfa43032ac6a@group-C76242B2156B-LeaderElection213] INFO  impl.RaftServerImpl (ServerState.java:setLeader(255)) - 09667cd7-469d-4450-b7d6-bfa43032ac6a@group-C76242B2156B: change Leader from null to 09667cd7-469d-4450-b7d6-bfa43032ac6a at term 1 for becomeLeader, leader elected after 1038ms
2019-11-15 21:51:30,353 [09667cd7-469d-4450-b7d6-bfa43032ac6a@group-C76242B2156B-LeaderElection213] INFO  server.RaftServerConfigKeys (ConfUtils.java:logGet(43)) - raft.server.staging.catchup.gap = 1000 (default)
2019-11-15 21:51:30,355 [09667cd7-469d-4450-b7d6-bfa43032ac6a@group-C76242B2156B-LeaderElection213] INFO  server.RaftServerConfigKeys (ConfUtils.java:logGet(43)) - raft.server.rpc.sleep.time = 25ms (default)
2019-11-15 21:51:30,355 [09667cd7-469d-4450-b7d6-bfa43032ac6a@group-C76242B2156B-LeaderElection213] INFO  server.RaftServerConfigKeys (ConfUtils.java:logGet(43)) - raft.server.write.element-limit = 4096 (default)
2019-11-15 21:51:30,355 [09667cd7-469d-4450-b7d6-bfa43032ac6a@group-C76242B2156B-LeaderElection213] INFO  server.RaftServerConfigKeys (ConfUtils.java:logGet(43)) - raft.server.watch.timeout = 10s (default)
2019-11-15 21:51:30,355 [09667cd7-469d-4450-b7d6-bfa43032ac6a@group-C76242B2156B-LeaderElection213] INFO  server.RaftServerConfigKeys (ConfUtils.java:logGet(43)) - raft.server.watch.timeout.denomination = 1s (default)
2019-11-15 21:51:30,355 [09667cd7-469d-4450-b7d6-bfa43032ac6a@group-C76242B2156B-LeaderElection213] INFO  server.RaftServerConfigKeys (ConfUtils.java:logGet(43)) - raft.server.watch.element-limit = 65536 (default)
2019-11-15 21:51:30,355 [EventQueue-PipelineReportForPipelineReportHandler] INFO  pipeline.PipelineStateManager (PipelineStateManager.java:openPipeline(134)) - Pipeline Pipeline[ Id: da338b88-04c3-4acb-83d3-c76242b2156b, Nodes: 09667cd7-469d-4450-b7d6-bfa43032ac6a{ip: 192.168.164.223, host: pr-hdds-2493-5rwwl-1515842690, networkLocation: /rack1, certSerialId: null}, Type:RATIS, Factor:ONE, State:OPEN] moved to OPEN state
2019-11-15 21:51:30,355 [09667cd7-469d-4450-b7d6-bfa43032ac6a@group-C76242B2156B-LeaderElection213] INFO  impl.RoleInfo (RoleInfo.java:updateAndGet(143)) - 09667cd7-469d-4450-b7d6-bfa43032ac6a: start LeaderState
2019-11-15 21:51:30,356 [09667cd7-469d-4450-b7d6-bfa43032ac6a@group-C76242B2156B-LeaderElection213] INFO  segmented.SegmentedRaftLogWorker (SegmentedRaftLogWorker.java:startLogSegment(385)) - 09667cd7-469d-4450-b7d6-bfa43032ac6a@group-C76242B2156B-SegmentedRaftLogWorker: Starting segment from index:0
2019-11-15 21:51:30,356 [09667cd7-469d-4450-b7d6-bfa43032ac6a@group-C76242B2156B-LeaderElection213] INFO  impl.RaftServerImpl (ServerState.java:setRaftConf(356)) - 09667cd7-469d-4450-b7d6-bfa43032ac6a@group-C76242B2156B: set configuration 0: [09667cd7-469d-4450-b7d6-bfa43032ac6a:192.168.164.223:41749], old=null at 0
2019-11-15 21:51:30,393 [main] INFO  ozone.MiniOzoneClusterImpl (MiniOzoneClusterImpl.java:lambda$waitForClusterToBeReady$2(163)) - Waiting for 4 number of pipelines out of 13, to report a leader.
2019-11-15 21:51:30,397 [09667cd7-469d-4450-b7d6-bfa43032ac6a@group-C76242B2156B-SegmentedRaftLogWorker] INFO  segmented.SegmentedRaftLogWorker (SegmentedRaftLogWorker.java:execute(576)) - 09667cd7-469d-4450-b7d6-bfa43032ac6a@group-C76242B2156B-SegmentedRaftLogWorker: created new log segment /workdir/hadoop-ozone/integration-test/target/test-dir/MiniOzoneClusterImpl-e150a234-18da-4756-b2e5-8eb09f38746c/datanode-6/data/ratis/da338b88-04c3-4acb-83d3-c76242b2156b/current/log_inprogress_0
2019-11-15 21:51:30,425 [Thread-3995] INFO  impl.FollowerState (FollowerState.java:run(111)) - 5e156848-495c-4d88-99d1-5a745ca90ed0@group-FA4EB4645E11-FollowerState: change to CANDIDATE, lastRpcTime:1149ms, electionTimeout:1149ms
2019-11-15 21:51:30,425 [Thread-3995] INFO  impl.RoleInfo (RoleInfo.java:shutdownFollowerState(121)) - 5e156848-495c-4d88-99d1-5a745ca90ed0: shutdown FollowerState
2019-11-15 21:51:30,425 [Thread-3995] INFO  impl.RaftServerImpl (RaftServerImpl.java:setRole(173)) - 5e156848-495c-4d88-99d1-5a745ca90ed0@group-FA4EB4645E11: changes role from  FOLLOWER to CANDIDATE at term 0 for changeToCandidate
2019-11-15 21:51:30,425 [Thread-3995] INFO  impl.RoleInfo (RoleInfo.java:updateAndGet(143)) - 5e156848-495c-4d88-99d1-5a745ca90ed0: start LeaderElection
2019-11-15 21:51:30,451 [5e156848-495c-4d88-99d1-5a745ca90ed0@group-FA4EB4645E11-LeaderElection214] INFO  impl.LeaderElection (LeaderElection.java:askForVotes(178)) - 5e156848-495c-4d88-99d1-5a745ca90ed0@group-FA4EB4645E11-LeaderElection214: begin an election at term 1 for -1: [5e156848-495c-4d88-99d1-5a745ca90ed0:192.168.164.223:41251], old=null
2019-11-15 21:51:30,452 [5e156848-495c-4d88-99d1-5a745ca90ed0@group-FA4EB4645E11-LeaderElection214] INFO  impl.RoleInfo (RoleInfo.java:shutdownLeaderElection(134)) - 5e156848-495c-4d88-99d1-5a745ca90ed0: shutdown LeaderElection
2019-11-15 21:51:30,452 [5e156848-495c-4d88-99d1-5a745ca90ed0@group-FA4EB4645E11-LeaderElection214] INFO  impl.RaftServerImpl (RaftServerImpl.java:setRole(173)) - 5e156848-495c-4d88-99d1-5a745ca90ed0@group-FA4EB4645E11: changes role from CANDIDATE to LEADER at term 1 for changeToLeader
2019-11-15 21:51:30,452 [5e156848-495c-4d88-99d1-5a745ca90ed0@group-FA4EB4645E11-LeaderElection214] INFO  ratis.XceiverServerRatis (XceiverServerRatis.java:handleLeaderChangedNotification(697)) - Leader change notification received for group: group-FA4EB4645E11 with new leaderId: 5e156848-495c-4d88-99d1-5a745ca90ed0
2019-11-15 21:51:30,452 [5e156848-495c-4d88-99d1-5a745ca90ed0@group-FA4EB4645E11-LeaderElection214] INFO  impl.RaftServerImpl (ServerState.java:setLeader(255)) - 5e156848-495c-4d88-99d1-5a745ca90ed0@group-FA4EB4645E11: change Leader from null to 5e156848-495c-4d88-99d1-5a745ca90ed0 at term 1 for becomeLeader, leader elected after 1179ms
2019-11-15 21:51:30,452 [5e156848-495c-4d88-99d1-5a745ca90ed0@group-FA4EB4645E11-LeaderElection214] INFO  server.RaftServerConfigKeys (ConfUtils.java:logGet(43)) - raft.server.staging.catchup.gap = 1000 (default)
2019-11-15 21:51:30,454 [5e156848-495c-4d88-99d1-5a745ca90ed0@group-FA4EB4645E11-LeaderElection214] INFO  server.RaftServerConfigKeys (ConfUtils.java:logGet(43)) - raft.server.rpc.sleep.time = 25ms (default)
2019-11-15 21:51:30,454 [5e156848-495c-4d88-99d1-5a745ca90ed0@group-FA4EB4645E11-LeaderElection214] INFO  server.RaftServerConfigKeys (ConfUtils.java:logGet(43)) - raft.server.write.element-limit = 4096 (default)
2019-11-15 21:51:30,454 [5e156848-495c-4d88-99d1-5a745ca90ed0@group-FA4EB4645E11-LeaderElection214] INFO  server.RaftServerConfigKeys (ConfUtils.java:logGet(43)) - raft.server.watch.timeout = 10s (default)
2019-11-15 21:51:30,455 [5e156848-495c-4d88-99d1-5a745ca90ed0@group-FA4EB4645E11-LeaderElection214] INFO  server.RaftServerConfigKeys (ConfUtils.java:logGet(43)) - raft.server.watch.timeout.denomination = 1s (default)
2019-11-15 21:51:30,455 [5e156848-495c-4d88-99d1-5a745ca90ed0@group-FA4EB4645E11-LeaderElection214] INFO  server.RaftServerConfigKeys (ConfUtils.java:logGet(43)) - raft.server.watch.element-limit = 65536 (default)
2019-11-15 21:51:30,455 [5e156848-495c-4d88-99d1-5a745ca90ed0@group-FA4EB4645E11-LeaderElection214] INFO  impl.RoleInfo (RoleInfo.java:updateAndGet(143)) - 5e156848-495c-4d88-99d1-5a745ca90ed0: start LeaderState
2019-11-15 21:51:30,455 [EventQueue-PipelineReportForPipelineReportHandler] INFO  pipeline.PipelineStateManager (PipelineStateManager.java:openPipeline(134)) - Pipeline Pipeline[ Id: 88602476-8ee3-43e1-8ac7-fa4eb4645e11, Nodes: 5e156848-495c-4d88-99d1-5a745ca90ed0{ip: 192.168.164.223, host: pr-hdds-2493-5rwwl-1515842690, networkLocation: /rack1, certSerialId: null}, Type:RATIS, Factor:ONE, State:OPEN] moved to OPEN state
2019-11-15 21:51:30,455 [5e156848-495c-4d88-99d1-5a745ca90ed0@group-FA4EB4645E11-LeaderElection214] INFO  segmented.SegmentedRaftLogWorker (SegmentedRaftLogWorker.java:startLogSegment(385)) - 5e156848-495c-4d88-99d1-5a745ca90ed0@group-FA4EB4645E11-SegmentedRaftLogWorker: Starting segment from index:0
2019-11-15 21:51:30,456 [5e156848-495c-4d88-99d1-5a745ca90ed0@group-FA4EB4645E11-LeaderElection214] INFO  impl.RaftServerImpl (ServerState.java:setRaftConf(356)) - 5e156848-495c-4d88-99d1-5a745ca90ed0@group-FA4EB4645E11: set configuration 0: [5e156848-495c-4d88-99d1-5a745ca90ed0:192.168.164.223:41251], old=null at 0
2019-11-15 21:51:30,501 [5e156848-495c-4d88-99d1-5a745ca90ed0@group-FA4EB4645E11-SegmentedRaftLogWorker] INFO  segmented.SegmentedRaftLogWorker (SegmentedRaftLogWorker.java:execute(576)) - 5e156848-495c-4d88-99d1-5a745ca90ed0@group-FA4EB4645E11-SegmentedRaftLogWorker: created new log segment /workdir/hadoop-ozone/integration-test/target/test-dir/MiniOzoneClusterImpl-e150a234-18da-4756-b2e5-8eb09f38746c/datanode-7/data/ratis/88602476-8ee3-43e1-8ac7-fa4eb4645e11/current/log_inprogress_0
2019-11-15 21:51:30,502 [Thread-4012] INFO  impl.FollowerState (FollowerState.java:run(111)) - 5e156848-495c-4d88-99d1-5a745ca90ed0@group-BECD030167C0-FollowerState: change to CANDIDATE, lastRpcTime:1064ms, electionTimeout:1064ms
2019-11-15 21:51:30,502 [Thread-4012] INFO  impl.RoleInfo (RoleInfo.java:shutdownFollowerState(121)) - 5e156848-495c-4d88-99d1-5a745ca90ed0: shutdown FollowerState
2019-11-15 21:51:30,502 [Thread-4012] INFO  impl.RaftServerImpl (RaftServerImpl.java:setRole(173)) - 5e156848-495c-4d88-99d1-5a745ca90ed0@group-BECD030167C0: changes role from  FOLLOWER to CANDIDATE at term 0 for changeToCandidate
2019-11-15 21:51:30,502 [Thread-4012] INFO  impl.RoleInfo (RoleInfo.java:updateAndGet(143)) - 5e156848-495c-4d88-99d1-5a745ca90ed0: start LeaderElection
2019-11-15 21:51:30,514 [5e156848-495c-4d88-99d1-5a745ca90ed0@group-BECD030167C0-LeaderElection215] INFO  impl.LeaderElection (LeaderElection.java:askForVotes(178)) - 5e156848-495c-4d88-99d1-5a745ca90ed0@group-BECD030167C0-LeaderElection215: begin an election at term 1 for -1: [3eba0ff5-def1-46c6-a9bd-a10bbd02f1ce:192.168.164.223:32938, 09667cd7-469d-4450-b7d6-bfa43032ac6a:192.168.164.223:41749, 5e156848-495c-4d88-99d1-5a745ca90ed0:192.168.164.223:41251], old=null
2019-11-15 21:51:30,521 [grpc-default-executor-0] INFO  impl.RaftServerImpl (RaftServerImpl.java:setRole(173)) - 3eba0ff5-def1-46c6-a9bd-a10bbd02f1ce@group-BECD030167C0: changes role from  FOLLOWER to FOLLOWER at term 1 for recognizeCandidate:5e156848-495c-4d88-99d1-5a745ca90ed0
2019-11-15 21:51:30,521 [grpc-default-executor-0] INFO  impl.RoleInfo (RoleInfo.java:shutdownFollowerState(121)) - 3eba0ff5-def1-46c6-a9bd-a10bbd02f1ce: shutdown FollowerState
2019-11-15 21:51:30,523 [grpc-default-executor-4] INFO  impl.RaftServerImpl (RaftServerImpl.java:setRole(173)) - 09667cd7-469d-4450-b7d6-bfa43032ac6a@group-BECD030167C0: changes role from  FOLLOWER to FOLLOWER at term 1 for recognizeCandidate:5e156848-495c-4d88-99d1-5a745ca90ed0
2019-11-15 21:51:30,523 [Thread-4011] INFO  impl.FollowerState (FollowerState.java:run(120)) - 3eba0ff5-def1-46c6-a9bd-a10bbd02f1ce@group-BECD030167C0-FollowerState was interrupted: java.lang.InterruptedException: sleep interrupted
2019-11-15 21:51:30,523 [grpc-default-executor-0] INFO  impl.RoleInfo (RoleInfo.java:updateAndGet(143)) - 3eba0ff5-def1-46c6-a9bd-a10bbd02f1ce: start FollowerState
2019-11-15 21:51:30,523 [grpc-default-executor-4] INFO  impl.RoleInfo (RoleInfo.java:shutdownFollowerState(121)) - 09667cd7-469d-4450-b7d6-bfa43032ac6a: shutdown FollowerState
2019-11-15 21:51:30,523 [grpc-default-executor-4] INFO  impl.RoleInfo (RoleInfo.java:updateAndGet(143)) - 09667cd7-469d-4450-b7d6-bfa43032ac6a: start FollowerState
2019-11-15 21:51:30,523 [Thread-4007] INFO  impl.FollowerState (FollowerState.java:run(120)) - 09667cd7-469d-4450-b7d6-bfa43032ac6a@group-BECD030167C0-FollowerState was interrupted: java.lang.InterruptedException: sleep interrupted
2019-11-15 21:51:30,537 [5e156848-495c-4d88-99d1-5a745ca90ed0@group-BECD030167C0-LeaderElection215] INFO  impl.LeaderElection (LeaderElection.java:logAndReturn(56)) - 5e156848-495c-4d88-99d1-5a745ca90ed0@group-BECD030167C0-LeaderElection215: Election PASSED; received 1 response(s) [5e156848-495c-4d88-99d1-5a745ca90ed0<-3eba0ff5-def1-46c6-a9bd-a10bbd02f1ce#0:OK-t1] and 0 exception(s); 5e156848-495c-4d88-99d1-5a745ca90ed0@group-BECD030167C0:t1, leader=null, voted=5e156848-495c-4d88-99d1-5a745ca90ed0, raftlog=5e156848-495c-4d88-99d1-5a745ca90ed0@group-BECD030167C0-SegmentedRaftLog:OPENED:c-1,f-1,i0, conf=-1: [3eba0ff5-def1-46c6-a9bd-a10bbd02f1ce:192.168.164.223:32938, 09667cd7-469d-4450-b7d6-bfa43032ac6a:192.168.164.223:41749, 5e156848-495c-4d88-99d1-5a745ca90ed0:192.168.164.223:41251], old=null
2019-11-15 21:51:30,538 [5e156848-495c-4d88-99d1-5a745ca90ed0@group-BECD030167C0-LeaderElection215] INFO  impl.RoleInfo (RoleInfo.java:shutdownLeaderElection(134)) - 5e156848-495c-4d88-99d1-5a745ca90ed0: shutdown LeaderElection
2019-11-15 21:51:30,538 [5e156848-495c-4d88-99d1-5a745ca90ed0@group-BECD030167C0-LeaderElection215] INFO  impl.RaftServerImpl (RaftServerImpl.java:setRole(173)) - 5e156848-495c-4d88-99d1-5a745ca90ed0@group-BECD030167C0: changes role from CANDIDATE to LEADER at term 1 for changeToLeader
2019-11-15 21:51:30,538 [5e156848-495c-4d88-99d1-5a745ca90ed0@group-BECD030167C0-LeaderElection215] INFO  ratis.XceiverServerRatis (XceiverServerRatis.java:handleLeaderChangedNotification(697)) - Leader change notification received for group: group-BECD030167C0 with new leaderId: 5e156848-495c-4d88-99d1-5a745ca90ed0
2019-11-15 21:51:30,538 [5e156848-495c-4d88-99d1-5a745ca90ed0@group-BECD030167C0-LeaderElection215] INFO  impl.RaftServerImpl (ServerState.java:setLeader(255)) - 5e156848-495c-4d88-99d1-5a745ca90ed0@group-BECD030167C0: change Leader from null to 5e156848-495c-4d88-99d1-5a745ca90ed0 at term 1 for becomeLeader, leader elected after 1107ms
2019-11-15 21:51:30,538 [5e156848-495c-4d88-99d1-5a745ca90ed0@group-BECD030167C0-LeaderElection215] INFO  server.RaftServerConfigKeys (ConfUtils.java:logGet(43)) - raft.server.staging.catchup.gap = 1000 (default)
2019-11-15 21:51:30,538 [5e156848-495c-4d88-99d1-5a745ca90ed0@group-BECD030167C0-LeaderElection215] INFO  server.RaftServerConfigKeys (ConfUtils.java:logGet(43)) - raft.server.rpc.sleep.time = 25ms (default)
2019-11-15 21:51:30,538 [5e156848-495c-4d88-99d1-5a745ca90ed0@group-BECD030167C0-LeaderElection215] INFO  server.RaftServerConfigKeys (ConfUtils.java:logGet(43)) - raft.server.write.element-limit = 4096 (default)
2019-11-15 21:51:30,539 [5e156848-495c-4d88-99d1-5a745ca90ed0@group-BECD030167C0-LeaderElection215] INFO  server.RaftServerConfigKeys (ConfUtils.java:logGet(43)) - raft.server.watch.timeout = 10s (default)
2019-11-15 21:51:30,539 [5e156848-495c-4d88-99d1-5a745ca90ed0@group-BECD030167C0-LeaderElection215] INFO  server.RaftServerConfigKeys (ConfUtils.java:logGet(43)) - raft.server.watch.timeout.denomination = 1s (default)
2019-11-15 21:51:30,539 [5e156848-495c-4d88-99d1-5a745ca90ed0@group-BECD030167C0-LeaderElection215] INFO  server.RaftServerConfigKeys (ConfUtils.java:logGet(43)) - raft.server.watch.element-limit = 65536 (default)
2019-11-15 21:51:30,539 [5e156848-495c-4d88-99d1-5a745ca90ed0@group-BECD030167C0-LeaderElection215] INFO  server.RaftServerConfigKeys (ConfUtils.java:logGet(43)) - raft.server.log.appender.snapshot.chunk.size.max = 16MB (=16777216) (default)
2019-11-15 21:51:30,539 [EventQueue-PipelineReportForPipelineReportHandler] INFO  pipeline.PipelineStateManager (PipelineStateManager.java:openPipeline(134)) - Pipeline Pipeline[ Id: 3cb33402-9b82-4bfa-9e03-becd030167c0, Nodes: 3eba0ff5-def1-46c6-a9bd-a10bbd02f1ce{ip: 192.168.164.223, host: pr-hdds-2493-5rwwl-1515842690, networkLocation: /rack1, certSerialId: null}5e156848-495c-4d88-99d1-5a745ca90ed0{ip: 192.168.164.223, host: pr-hdds-2493-5rwwl-1515842690, networkLocation: /rack1, certSerialId: null}09667cd7-469d-4450-b7d6-bfa43032ac6a{ip: 192.168.164.223, host: pr-hdds-2493-5rwwl-1515842690, networkLocation: /rack1, certSerialId: null}, Type:RATIS, Factor:THREE, State:OPEN] moved to OPEN state
2019-11-15 21:51:30,539 [5e156848-495c-4d88-99d1-5a745ca90ed0@group-BECD030167C0-LeaderElection215] INFO  server.RaftServerConfigKeys (ConfUtils.java:logGet(43)) - raft.server.log.appender.buffer.byte-limit = 33554432 (custom)
2019-11-15 21:51:30,540 [5e156848-495c-4d88-99d1-5a745ca90ed0@group-BECD030167C0-LeaderElection215] INFO  server.RaftServerConfigKeys (ConfUtils.java:logGet(43)) - raft.server.log.appender.buffer.element-limit = 1 (custom)
2019-11-15 21:51:30,540 [5e156848-495c-4d88-99d1-5a745ca90ed0@group-BECD030167C0-LeaderElection215] INFO  grpc.GrpcConfigKeys$Server (ConfUtils.java:logGet(43)) - raft.grpc.server.leader.outstanding.appends.max = 128 (default)
2019-11-15 21:51:30,540 [5e156848-495c-4d88-99d1-5a745ca90ed0@group-BECD030167C0-LeaderElection215] INFO  server.RaftServerConfigKeys (ConfUtils.java:logGet(43)) - raft.server.rpc.request.timeout = 3000ms (default)
2019-11-15 21:51:30,540 [5e156848-495c-4d88-99d1-5a745ca90ed0@group-BECD030167C0-LeaderElection215] INFO  server.RaftServerConfigKeys (ConfUtils.java:logGet(43)) - raft.server.log.appender.install.snapshot.enabled = false (custom)
2019-11-15 21:51:30,540 [5e156848-495c-4d88-99d1-5a745ca90ed0@group-BECD030167C0-LeaderElection215] WARN  impl.MetricRegistriesImpl (MetricRegistriesImpl.java:lambda$create$1(61)) - First MetricRegistry has been created without registering reporters. You may need to call MetricRegistries.global().addReportRegistration(...) before.
2019-11-15 21:51:30,541 [5e156848-495c-4d88-99d1-5a745ca90ed0@group-BECD030167C0-LeaderElection215] INFO  server.RaftServerConfigKeys (ConfUtils.java:logGet(43)) - raft.server.log.appender.snapshot.chunk.size.max = 16MB (=16777216) (default)
2019-11-15 21:51:30,541 [5e156848-495c-4d88-99d1-5a745ca90ed0@group-BECD030167C0-LeaderElection215] INFO  server.RaftServerConfigKeys (ConfUtils.java:logGet(43)) - raft.server.log.appender.buffer.byte-limit = 33554432 (custom)
2019-11-15 21:51:30,541 [5e156848-495c-4d88-99d1-5a745ca90ed0@group-BECD030167C0-LeaderElection215] INFO  server.RaftServerConfigKeys (ConfUtils.java:logGet(43)) - raft.server.log.appender.buffer.element-limit = 1 (custom)
2019-11-15 21:51:30,541 [5e156848-495c-4d88-99d1-5a745ca90ed0@group-BECD030167C0-LeaderElection215] INFO  grpc.GrpcConfigKeys$Server (ConfUtils.java:logGet(43)) - raft.grpc.server.leader.outstanding.appends.max = 128 (default)
2019-11-15 21:51:30,541 [5e156848-495c-4d88-99d1-5a745ca90ed0@group-BECD030167C0-LeaderElection215] INFO  server.RaftServerConfigKeys (ConfUtils.java:logGet(43)) - raft.server.rpc.request.timeout = 3000ms (default)
2019-11-15 21:51:30,541 [5e156848-495c-4d88-99d1-5a745ca90ed0@group-BECD030167C0-LeaderElection215] INFO  server.RaftServerConfigKeys (ConfUtils.java:logGet(43)) - raft.server.log.appender.install.snapshot.enabled = false (custom)
2019-11-15 21:51:30,542 [5e156848-495c-4d88-99d1-5a745ca90ed0@group-BECD030167C0-LeaderElection215] INFO  impl.RoleInfo (RoleInfo.java:updateAndGet(143)) - 5e156848-495c-4d88-99d1-5a745ca90ed0: start LeaderState
2019-11-15 21:51:30,542 [5e156848-495c-4d88-99d1-5a745ca90ed0@group-BECD030167C0-LeaderElection215] INFO  segmented.SegmentedRaftLogWorker (SegmentedRaftLogWorker.java:startLogSegment(385)) - 5e156848-495c-4d88-99d1-5a745ca90ed0@group-BECD030167C0-SegmentedRaftLogWorker: Starting segment from index:0
2019-11-15 21:51:30,543 [5e156848-495c-4d88-99d1-5a745ca90ed0@group-BECD030167C0-LeaderElection215] INFO  impl.RaftServerImpl (ServerState.java:setRaftConf(356)) - 5e156848-495c-4d88-99d1-5a745ca90ed0@group-BECD030167C0: set configuration 0: [3eba0ff5-def1-46c6-a9bd-a10bbd02f1ce:192.168.164.223:32938, 09667cd7-469d-4450-b7d6-bfa43032ac6a:192.168.164.223:41749, 5e156848-495c-4d88-99d1-5a745ca90ed0:192.168.164.223:41251], old=null at 0
2019-11-15 21:51:30,569 [grpc-default-executor-4] INFO  ratis.XceiverServerRatis (XceiverServerRatis.java:handleLeaderChangedNotification(697)) - Leader change notification received for group: group-BECD030167C0 with new leaderId: 5e156848-495c-4d88-99d1-5a745ca90ed0
2019-11-15 21:51:30,569 [Thread-4001] INFO  impl.FollowerState (FollowerState.java:run(111)) - 3eba0ff5-def1-46c6-a9bd-a10bbd02f1ce@group-BE3CB0BCA9EF-FollowerState: change to CANDIDATE, lastRpcTime:1214ms, electionTimeout:1195ms
2019-11-15 21:51:30,569 [Thread-4004] INFO  impl.FollowerState (FollowerState.java:run(111)) - cd688886-394b-4fb5-85cc-1eab6f176edb@group-D7F94224F58E-FollowerState: change to CANDIDATE, lastRpcTime:1182ms, electionTimeout:1175ms
2019-11-15 21:51:30,569 [Thread-4001] INFO  impl.RoleInfo (RoleInfo.java:shutdownFollowerState(121)) - 3eba0ff5-def1-46c6-a9bd-a10bbd02f1ce: shutdown FollowerState
2019-11-15 21:51:30,569 [grpc-default-executor-4] INFO  impl.RaftServerImpl (ServerState.java:setLeader(255)) - 3eba0ff5-def1-46c6-a9bd-a10bbd02f1ce@group-BECD030167C0: change Leader from null to 5e156848-495c-4d88-99d1-5a745ca90ed0 at term 1 for appendEntries, leader elected after 1138ms
2019-11-15 21:51:30,572 [Thread-4001] INFO  impl.RaftServerImpl (RaftServerImpl.java:setRole(173)) - 3eba0ff5-def1-46c6-a9bd-a10bbd02f1ce@group-BE3CB0BCA9EF: changes role from  FOLLOWER to CANDIDATE at term 0 for changeToCandidate
2019-11-15 21:51:30,572 [Thread-4004] INFO  impl.RoleInfo (RoleInfo.java:shutdownFollowerState(121)) - cd688886-394b-4fb5-85cc-1eab6f176edb: shutdown FollowerState
2019-11-15 21:51:30,571 [grpc-default-executor-0] INFO  ratis.XceiverServerRatis (XceiverServerRatis.java:handleLeaderChangedNotification(697)) - Leader change notification received for group: group-BECD030167C0 with new leaderId: 5e156848-495c-4d88-99d1-5a745ca90ed0
2019-11-15 21:51:30,572 [Thread-4001] INFO  impl.RoleInfo (RoleInfo.java:updateAndGet(143)) - 3eba0ff5-def1-46c6-a9bd-a10bbd02f1ce: start LeaderElection
2019-11-15 21:51:30,572 [Thread-4004] INFO  impl.RaftServerImpl (RaftServerImpl.java:setRole(173)) - cd688886-394b-4fb5-85cc-1eab6f176edb@group-D7F94224F58E: changes role from  FOLLOWER to CANDIDATE at term 0 for changeToCandidate
2019-11-15 21:51:30,572 [grpc-default-executor-0] INFO  impl.RaftServerImpl (ServerState.java:setLeader(255)) - 09667cd7-469d-4450-b7d6-bfa43032ac6a@group-BECD030167C0: change Leader from null to 5e156848-495c-4d88-99d1-5a745ca90ed0 at term 1 for appendEntries, leader elected after 1141ms
2019-11-15 21:51:30,572 [Thread-4004] INFO  impl.RoleInfo (RoleInfo.java:updateAndGet(143)) - cd688886-394b-4fb5-85cc-1eab6f176edb: start LeaderElection
2019-11-15 21:51:30,580 [grpc-default-executor-0] INFO  impl.RaftServerImpl (ServerState.java:setRaftConf(356)) - 09667cd7-469d-4450-b7d6-bfa43032ac6a@group-BECD030167C0: set configuration 0: [3eba0ff5-def1-46c6-a9bd-a10bbd02f1ce:192.168.164.223:32938, 09667cd7-469d-4450-b7d6-bfa43032ac6a:192.168.164.223:41749, 5e156848-495c-4d88-99d1-5a745ca90ed0:192.168.164.223:41251], old=null at 0
2019-11-15 21:51:30,580 [grpc-default-executor-4] INFO  impl.RaftServerImpl (ServerState.java:setRaftConf(356)) - 3eba0ff5-def1-46c6-a9bd-a10bbd02f1ce@group-BECD030167C0: set configuration 0: [3eba0ff5-def1-46c6-a9bd-a10bbd02f1ce:192.168.164.223:32938, 09667cd7-469d-4450-b7d6-bfa43032ac6a:192.168.164.223:41749, 5e156848-495c-4d88-99d1-5a745ca90ed0:192.168.164.223:41251], old=null at 0
2019-11-15 21:51:30,581 [grpc-default-executor-0] INFO  segmented.SegmentedRaftLogWorker (SegmentedRaftLogWorker.java:startLogSegment(385)) - 09667cd7-469d-4450-b7d6-bfa43032ac6a@group-BECD030167C0-SegmentedRaftLogWorker: Starting segment from index:0
2019-11-15 21:51:30,581 [grpc-default-executor-4] INFO  segmented.SegmentedRaftLogWorker (SegmentedRaftLogWorker.java:startLogSegment(385)) - 3eba0ff5-def1-46c6-a9bd-a10bbd02f1ce@group-BECD030167C0-SegmentedRaftLogWorker: Starting segment from index:0
2019-11-15 21:51:30,581 [5e156848-495c-4d88-99d1-5a745ca90ed0@group-BECD030167C0-SegmentedRaftLogWorker] INFO  segmented.SegmentedRaftLogWorker (SegmentedRaftLogWorker.java:execute(576)) - 5e156848-495c-4d88-99d1-5a745ca90ed0@group-BECD030167C0-SegmentedRaftLogWorker: created new log segment /workdir/hadoop-ozone/integration-test/target/test-dir/MiniOzoneClusterImpl-e150a234-18da-4756-b2e5-8eb09f38746c/datanode-7/data/ratis/3cb33402-9b82-4bfa-9e03-becd030167c0/current/log_inprogress_0
2019-11-15 21:51:30,595 [3eba0ff5-def1-46c6-a9bd-a10bbd02f1ce@group-BE3CB0BCA9EF-LeaderElection216] INFO  impl.LeaderElection (LeaderElection.java:askForVotes(178)) - 3eba0ff5-def1-46c6-a9bd-a10bbd02f1ce@group-BE3CB0BCA9EF-LeaderElection216: begin an election at term 1 for -1: [3eba0ff5-def1-46c6-a9bd-a10bbd02f1ce:192.168.164.223:32938], old=null
2019-11-15 21:51:30,595 [cd688886-394b-4fb5-85cc-1eab6f176edb@group-D7F94224F58E-LeaderElection217] INFO  impl.LeaderElection (LeaderElection.java:askForVotes(178)) - cd688886-394b-4fb5-85cc-1eab6f176edb@group-D7F94224F58E-LeaderElection217: begin an election at term 1 for -1: [cd688886-394b-4fb5-85cc-1eab6f176edb:192.168.164.223:33574], old=null
2019-11-15 21:51:30,595 [3eba0ff5-def1-46c6-a9bd-a10bbd02f1ce@group-BE3CB0BCA9EF-LeaderElection216] INFO  impl.RoleInfo (RoleInfo.java:shutdownLeaderElection(134)) - 3eba0ff5-def1-46c6-a9bd-a10bbd02f1ce: shutdown LeaderElection
2019-11-15 21:51:30,595 [cd688886-394b-4fb5-85cc-1eab6f176edb@group-D7F94224F58E-LeaderElection217] INFO  impl.RoleInfo (RoleInfo.java:shutdownLeaderElection(134)) - cd688886-394b-4fb5-85cc-1eab6f176edb: shutdown LeaderElection
2019-11-15 21:51:30,596 [3eba0ff5-def1-46c6-a9bd-a10bbd02f1ce@group-BE3CB0BCA9EF-LeaderElection216] INFO  impl.RaftServerImpl (RaftServerImpl.java:setRole(173)) - 3eba0ff5-def1-46c6-a9bd-a10bbd02f1ce@group-BE3CB0BCA9EF: changes role from CANDIDATE to LEADER at term 1 for changeToLeader
2019-11-15 21:51:30,596 [cd688886-394b-4fb5-85cc-1eab6f176edb@group-D7F94224F58E-LeaderElection217] INFO  impl.RaftServerImpl (RaftServerImpl.java:setRole(173)) - cd688886-394b-4fb5-85cc-1eab6f176edb@group-D7F94224F58E: changes role from CANDIDATE to LEADER at term 1 for changeToLeader
2019-11-15 21:51:30,596 [3eba0ff5-def1-46c6-a9bd-a10bbd02f1ce@group-BE3CB0BCA9EF-LeaderElection216] INFO  ratis.XceiverServerRatis (XceiverServerRatis.java:handleLeaderChangedNotification(697)) - Leader change notification received for group: group-BE3CB0BCA9EF with new leaderId: 3eba0ff5-def1-46c6-a9bd-a10bbd02f1ce
2019-11-15 21:51:30,596 [cd688886-394b-4fb5-85cc-1eab6f176edb@group-D7F94224F58E-LeaderElection217] INFO  ratis.XceiverServerRatis (XceiverServerRatis.java:handleLeaderChangedNotification(697)) - Leader change notification received for group: group-D7F94224F58E with new leaderId: cd688886-394b-4fb5-85cc-1eab6f176edb
2019-11-15 21:51:30,596 [3eba0ff5-def1-46c6-a9bd-a10bbd02f1ce@group-BE3CB0BCA9EF-LeaderElection216] INFO  impl.RaftServerImpl (ServerState.java:setLeader(255)) - 3eba0ff5-def1-46c6-a9bd-a10bbd02f1ce@group-BE3CB0BCA9EF: change Leader from null to 3eba0ff5-def1-46c6-a9bd-a10bbd02f1ce at term 1 for becomeLeader, leader elected after 1244ms
2019-11-15 21:51:30,596 [cd688886-394b-4fb5-85cc-1eab6f176edb@group-D7F94224F58E-LeaderElection217] INFO  impl.RaftServerImpl (ServerState.java:setLeader(255)) - cd688886-394b-4fb5-85cc-1eab6f176edb@group-D7F94224F58E: change Leader from null to cd688886-394b-4fb5-85cc-1eab6f176edb at term 1 for becomeLeader, leader elected after 1212ms
2019-11-15 21:51:30,596 [3eba0ff5-def1-46c6-a9bd-a10bbd02f1ce@group-BE3CB0BCA9EF-LeaderElection216] INFO  server.RaftServerConfigKeys (ConfUtils.java:logGet(43)) - raft.server.staging.catchup.gap = 1000 (default)
2019-11-15 21:51:30,596 [cd688886-394b-4fb5-85cc-1eab6f176edb@group-D7F94224F58E-LeaderElection217] INFO  server.RaftServerConfigKeys (ConfUtils.java:logGet(43)) - raft.server.staging.catchup.gap = 1000 (default)
2019-11-15 21:51:30,596 [3eba0ff5-def1-46c6-a9bd-a10bbd02f1ce@group-BE3CB0BCA9EF-LeaderElection216] INFO  server.RaftServerConfigKeys (ConfUtils.java:logGet(43)) - raft.server.rpc.sleep.time = 25ms (default)
2019-11-15 21:51:30,626 [cd688886-394b-4fb5-85cc-1eab6f176edb@group-D7F94224F58E-LeaderElection217] INFO  server.RaftServerConfigKeys (ConfUtils.java:logGet(43)) - raft.server.rpc.sleep.time = 25ms (default)
2019-11-15 21:51:30,627 [3eba0ff5-def1-46c6-a9bd-a10bbd02f1ce@group-BE3CB0BCA9EF-LeaderElection216] INFO  server.RaftServerConfigKeys (ConfUtils.java:logGet(43)) - raft.server.write.element-limit = 4096 (default)
2019-11-15 21:51:30,627 [cd688886-394b-4fb5-85cc-1eab6f176edb@group-D7F94224F58E-LeaderElection217] INFO  server.RaftServerConfigKeys (ConfUtils.java:logGet(43)) - raft.server.write.element-limit = 4096 (default)
2019-11-15 21:51:30,627 [3eba0ff5-def1-46c6-a9bd-a10bbd02f1ce@group-BE3CB0BCA9EF-LeaderElection216] INFO  server.RaftServerConfigKeys (ConfUtils.java:logGet(43)) - raft.server.watch.timeout = 10s (default)
2019-11-15 21:51:30,627 [cd688886-394b-4fb5-85cc-1eab6f176edb@group-D7F94224F58E-LeaderElection217] INFO  server.RaftServerConfigKeys (ConfUtils.java:logGet(43)) - raft.server.watch.timeout = 10s (default)
2019-11-15 21:51:30,627 [3eba0ff5-def1-46c6-a9bd-a10bbd02f1ce@group-BE3CB0BCA9EF-LeaderElection216] INFO  server.RaftServerConfigKeys (ConfUtils.java:logGet(43)) - raft.server.watch.timeout.denomination = 1s (default)
2019-11-15 21:51:30,627 [cd688886-394b-4fb5-85cc-1eab6f176edb@group-D7F94224F58E-LeaderElection217] INFO  server.RaftServerConfigKeys (ConfUtils.java:logGet(43)) - raft.server.watch.timeout.denomination = 1s (default)
2019-11-15 21:51:30,627 [cd688886-394b-4fb5-85cc-1eab6f176edb@group-D7F94224F58E-LeaderElection217] INFO  server.RaftServerConfigKeys (ConfUtils.java:logGet(43)) - raft.server.watch.element-limit = 65536 (default)
2019-11-15 21:51:30,627 [EventQueue-PipelineReportForPipelineReportHandler] INFO  pipeline.PipelineStateManager (PipelineStateManager.java:openPipeline(134)) - Pipeline Pipeline[ Id: 156cd96f-bb73-4990-9c06-d7f94224f58e, Nodes: cd688886-394b-4fb5-85cc-1eab6f176edb{ip: 192.168.164.223, host: pr-hdds-2493-5rwwl-1515842690, networkLocation: /rack1, certSerialId: null}, Type:RATIS, Factor:ONE, State:OPEN] moved to OPEN state
2019-11-15 21:51:30,627 [3eba0ff5-def1-46c6-a9bd-a10bbd02f1ce@group-BE3CB0BCA9EF-LeaderElection216] INFO  server.RaftServerConfigKeys (ConfUtils.java:logGet(43)) - raft.server.watch.element-limit = 65536 (default)
2019-11-15 21:51:30,627 [cd688886-394b-4fb5-85cc-1eab6f176edb@group-D7F94224F58E-LeaderElection217] INFO  impl.RoleInfo (RoleInfo.java:updateAndGet(143)) - cd688886-394b-4fb5-85cc-1eab6f176edb: start LeaderState
2019-11-15 21:51:30,627 [3eba0ff5-def1-46c6-a9bd-a10bbd02f1ce@group-BE3CB0BCA9EF-LeaderElection216] INFO  impl.RoleInfo (RoleInfo.java:updateAndGet(143)) - 3eba0ff5-def1-46c6-a9bd-a10bbd02f1ce: start LeaderState
2019-11-15 21:51:30,627 [EventQueue-PipelineReportForPipelineReportHandler] INFO  pipeline.PipelineStateManager (PipelineStateManager.java:openPipeline(134)) - Pipeline Pipeline[ Id: 596ac8d9-554c-4085-a532-be3cb0bca9ef, Nodes: 3eba0ff5-def1-46c6-a9bd-a10bbd02f1ce{ip: 192.168.164.223, host: pr-hdds-2493-5rwwl-1515842690, networkLocation: /rack1, certSerialId: null}, Type:RATIS, Factor:ONE, State:OPEN] moved to OPEN state
2019-11-15 21:51:30,628 [3eba0ff5-def1-46c6-a9bd-a10bbd02f1ce@group-BE3CB0BCA9EF-LeaderElection216] INFO  segmented.SegmentedRaftLogWorker (SegmentedRaftLogWorker.java:startLogSegment(385)) - 3eba0ff5-def1-46c6-a9bd-a10bbd02f1ce@group-BE3CB0BCA9EF-SegmentedRaftLogWorker: Starting segment from index:0
2019-11-15 21:51:30,628 [cd688886-394b-4fb5-85cc-1eab6f176edb@group-D7F94224F58E-LeaderElection217] INFO  segmented.SegmentedRaftLogWorker (SegmentedRaftLogWorker.java:startLogSegment(385)) - cd688886-394b-4fb5-85cc-1eab6f176edb@group-D7F94224F58E-SegmentedRaftLogWorker: Starting segment from index:0
2019-11-15 21:51:30,628 [3eba0ff5-def1-46c6-a9bd-a10bbd02f1ce@group-BE3CB0BCA9EF-LeaderElection216] INFO  impl.RaftServerImpl (ServerState.java:setRaftConf(356)) - 3eba0ff5-def1-46c6-a9bd-a10bbd02f1ce@group-BE3CB0BCA9EF: set configuration 0: [3eba0ff5-def1-46c6-a9bd-a10bbd02f1ce:192.168.164.223:32938], old=null at 0
2019-11-15 21:51:30,628 [cd688886-394b-4fb5-85cc-1eab6f176edb@group-D7F94224F58E-LeaderElection217] INFO  impl.RaftServerImpl (ServerState.java:setRaftConf(356)) - cd688886-394b-4fb5-85cc-1eab6f176edb@group-D7F94224F58E: set configuration 0: [cd688886-394b-4fb5-85cc-1eab6f176edb:192.168.164.223:33574], old=null at 0
2019-11-15 21:51:30,639 [3eba0ff5-def1-46c6-a9bd-a10bbd02f1ce@group-BECD030167C0-SegmentedRaftLogWorker] INFO  segmented.SegmentedRaftLogWorker (SegmentedRaftLogWorker.java:execute(576)) - 3eba0ff5-def1-46c6-a9bd-a10bbd02f1ce@group-BECD030167C0-SegmentedRaftLogWorker: created new log segment /workdir/hadoop-ozone/integration-test/target/test-dir/MiniOzoneClusterImpl-e150a234-18da-4756-b2e5-8eb09f38746c/datanode-8/data/ratis/3cb33402-9b82-4bfa-9e03-becd030167c0/current/log_inprogress_0
2019-11-15 21:51:30,639 [09667cd7-469d-4450-b7d6-bfa43032ac6a@group-BECD030167C0-SegmentedRaftLogWorker] INFO  segmented.SegmentedRaftLogWorker (SegmentedRaftLogWorker.java:execute(576)) - 09667cd7-469d-4450-b7d6-bfa43032ac6a@group-BECD030167C0-SegmentedRaftLogWorker: created new log segment /workdir/hadoop-ozone/integration-test/target/test-dir/MiniOzoneClusterImpl-e150a234-18da-4756-b2e5-8eb09f38746c/datanode-6/data/ratis/3cb33402-9b82-4bfa-9e03-becd030167c0/current/log_inprogress_0
2019-11-15 21:51:30,670 [cd688886-394b-4fb5-85cc-1eab6f176edb@group-D7F94224F58E-SegmentedRaftLogWorker] INFO  segmented.SegmentedRaftLogWorker (SegmentedRaftLogWorker.java:execute(576)) - cd688886-394b-4fb5-85cc-1eab6f176edb@group-D7F94224F58E-SegmentedRaftLogWorker: created new log segment /workdir/hadoop-ozone/integration-test/target/test-dir/MiniOzoneClusterImpl-e150a234-18da-4756-b2e5-8eb09f38746c/datanode-9/data/ratis/156cd96f-bb73-4990-9c06-d7f94224f58e/current/log_inprogress_0
2019-11-15 21:51:30,670 [3eba0ff5-def1-46c6-a9bd-a10bbd02f1ce@group-BE3CB0BCA9EF-SegmentedRaftLogWorker] INFO  segmented.SegmentedRaftLogWorker (SegmentedRaftLogWorker.java:execute(576)) - 3eba0ff5-def1-46c6-a9bd-a10bbd02f1ce@group-BE3CB0BCA9EF-SegmentedRaftLogWorker: created new log segment /workdir/hadoop-ozone/integration-test/target/test-dir/MiniOzoneClusterImpl-e150a234-18da-4756-b2e5-8eb09f38746c/datanode-8/data/ratis/596ac8d9-554c-4085-a532-be3cb0bca9ef/current/log_inprogress_0
2019-11-15 21:51:31,393 [main] INFO  ozone.MiniOzoneClusterImpl (MiniOzoneClusterImpl.java:lambda$waitForClusterToBeReady$2(171)) - Cluster is ready. Got 10 of 10 DN Heartbeats.
2019-11-15 21:51:31,428 [main] INFO  rpc.RpcClient (RpcClient.java:createVolume(292)) - Creating Volume: datanodefailurehandlingtest, with jenkins1000 as owner.
2019-11-15 21:51:31,435 [IPC Server handler 3 on 36220] INFO  volume.OMVolumeCreateRequest (OMVolumeCreateRequest.java:validateAndUpdateCache(193)) - created volume:datanodefailurehandlingtest for user:jenkins1000
2019-11-15 21:51:31,453 [main] INFO  rpc.RpcClient (RpcClient.java:createBucket(431)) - Creating Bucket: datanodefailurehandlingtest/datanodefailurehandlingtest, with Versioning false and Storage Type set to DISK and Encryption set to false 
2019-11-15 21:51:31,752 [Thread-3957] INFO  container.ReplicationManager (ReplicationManager.java:start(162)) - Starting Replication Monitor Thread.
2019-11-15 21:51:31,753 [Thread-3957] INFO  pipeline.SCMPipelineManager (SCMPipelineManager.java:finalizeAndDestroyPipeline(315)) - destroying pipeline:Pipeline[ Id: a66070c3-3697-473e-b382-0c416375873c, Nodes: 3c01ffb1-b295-42d9-9874-9e0ba4053462{ip: 192.168.164.223, host: pr-hdds-2493-5rwwl-1515842690, networkLocation: /rack1, certSerialId: null}, Type:RATIS, Factor:ONE, State:OPEN]
2019-11-15 21:51:31,756 [ReplicationMonitor] INFO  container.ReplicationManager (ReplicationManager.java:run(225)) - Replication Monitor Thread took 1 milliseconds for processing 1 containers.
2019-11-15 21:51:31,756 [Thread-3957] INFO  pipeline.PipelineStateManager (PipelineStateManager.java:finalizePipeline(121)) - Pipeline Pipeline[ Id: a66070c3-3697-473e-b382-0c416375873c, Nodes: 3c01ffb1-b295-42d9-9874-9e0ba4053462{ip: 192.168.164.223, host: pr-hdds-2493-5rwwl-1515842690, networkLocation: /rack1, certSerialId: null}, Type:RATIS, Factor:ONE, State:CLOSED] moved to CLOSED state
2019-11-15 21:51:31,761 [grpc-default-executor-4] INFO  impl.RaftServerProxy (RaftServerProxy.java:remove(95)) - 3c01ffb1-b295-42d9-9874-9e0ba4053462: remove    LEADER 3c01ffb1-b295-42d9-9874-9e0ba4053462@group-0C416375873C:t1, leader=3c01ffb1-b295-42d9-9874-9e0ba4053462, voted=3c01ffb1-b295-42d9-9874-9e0ba4053462, raftlog=3c01ffb1-b295-42d9-9874-9e0ba4053462@group-0C416375873C-SegmentedRaftLog:OPENED:c0,f0,i0, conf=0: [3c01ffb1-b295-42d9-9874-9e0ba4053462:192.168.164.223:36934], old=null RUNNING
2019-11-15 21:51:31,761 [grpc-default-executor-4] INFO  impl.RaftServerImpl (RaftServerImpl.java:lambda$shutdown$3(250)) - 3c01ffb1-b295-42d9-9874-9e0ba4053462@group-0C416375873C: shutdown
2019-11-15 21:51:31,761 [grpc-default-executor-4] INFO  util.JmxRegister (JmxRegister.java:unregister(73)) - Successfully un-registered JMX Bean with object name Ratis:service=RaftServer,group=group-0C416375873C,id=3c01ffb1-b295-42d9-9874-9e0ba4053462
2019-11-15 21:51:31,761 [grpc-default-executor-4] INFO  impl.RoleInfo (RoleInfo.java:shutdownLeaderState(104)) - 3c01ffb1-b295-42d9-9874-9e0ba4053462: shutdown LeaderState
2019-11-15 21:51:31,762 [grpc-default-executor-4] INFO  impl.PendingRequests (PendingRequests.java:sendNotLeaderResponses(206)) - 3c01ffb1-b295-42d9-9874-9e0ba4053462@group-0C416375873C-PendingRequests: sendNotLeaderResponses
2019-11-15 21:51:31,762 [grpc-default-executor-4] INFO  impl.StateMachineUpdater (StateMachineUpdater.java:stopAndJoin(136)) - 3c01ffb1-b295-42d9-9874-9e0ba4053462@group-0C416375873C-StateMachineUpdater: set stopIndex = 0
2019-11-15 21:51:31,762 [grpc-default-executor-4] INFO  impl.RaftServerImpl (ServerState.java:close(387)) - 3c01ffb1-b295-42d9-9874-9e0ba4053462@group-0C416375873C: closes. applyIndex: 0
2019-11-15 21:51:31,762 [3c01ffb1-b295-42d9-9874-9e0ba4053462@group-0C416375873C-SegmentedRaftLogWorker] INFO  segmented.SegmentedRaftLogWorker (SegmentedRaftLogWorker.java:run(316)) - 3c01ffb1-b295-42d9-9874-9e0ba4053462@group-0C416375873C-SegmentedRaftLogWorker was interrupted, exiting. There are 0 tasks remaining in the queue.
2019-11-15 21:51:31,790 [grpc-default-executor-4] INFO  segmented.SegmentedRaftLogWorker (SegmentedRaftLogWorker.java:close(224)) - 3c01ffb1-b295-42d9-9874-9e0ba4053462@group-0C416375873C-SegmentedRaftLogWorker close()
2019-11-15 21:51:31,833 [Thread-3957] INFO  pipeline.PipelineStateManager (PipelineStateManager.java:removePipeline(106)) - Pipeline Pipeline[ Id: a66070c3-3697-473e-b382-0c416375873c, Nodes: 3c01ffb1-b295-42d9-9874-9e0ba4053462{ip: 192.168.164.223, host: pr-hdds-2493-5rwwl-1515842690, networkLocation: /rack1, certSerialId: null}, Type:RATIS, Factor:ONE, State:CLOSED] removed from db
2019-11-15 21:51:31,839 [Thread-3957] INFO  pipeline.SCMPipelineManager (SCMPipelineManager.java:finalizeAndDestroyPipeline(315)) - destroying pipeline:Pipeline[ Id: 8d466b63-100d-467b-884d-c3936401c52f, Nodes: dfb71ea8-5a43-4574-802a-eb8470866674{ip: 192.168.164.223, host: pr-hdds-2493-5rwwl-1515842690, networkLocation: /rack1, certSerialId: null}, Type:RATIS, Factor:ONE, State:OPEN]
2019-11-15 21:51:31,843 [grpc-default-executor-4] INFO  impl.RaftServerProxy (RaftServerProxy.java:addNew(89)) - 3c01ffb1-b295-42d9-9874-9e0ba4053462: addNew group-AAAB9F076C05:[3c01ffb1-b295-42d9-9874-9e0ba4053462:192.168.164.223:36934] returns group-AAAB9F076C05:java.util.concurrent.CompletableFuture@5d82894a[Not completed]
2019-11-15 21:51:31,844 [pool-529-thread-1] INFO  impl.RaftServerImpl (RaftServerImpl.java:<init>(98)) - 3c01ffb1-b295-42d9-9874-9e0ba4053462: new RaftServerImpl for group-AAAB9F076C05:[3c01ffb1-b295-42d9-9874-9e0ba4053462:192.168.164.223:36934] with ContainerStateMachine:uninitialized
2019-11-15 21:51:31,844 [pool-529-thread-1] INFO  server.RaftServerConfigKeys (ConfUtils.java:logGet(43)) - raft.server.rpc.timeout.min = 1s (custom)
2019-11-15 21:51:31,844 [pool-529-thread-1] INFO  server.RaftServerConfigKeys (ConfUtils.java:logGet(43)) - raft.server.rpc.timeout.max = 1200ms (custom)
2019-11-15 21:51:31,844 [pool-529-thread-1] INFO  server.RaftServerConfigKeys (ConfUtils.java:logGet(43)) - raft.server.rpcslowness.timeout = 120s (custom)
2019-11-15 21:51:31,845 [pool-529-thread-1] INFO  server.RaftServerConfigKeys (ConfUtils.java:logGet(43)) - raft.server.sleep.deviation.threshold = 300 (default)
2019-11-15 21:51:31,845 [pool-529-thread-1] INFO  server.RaftServerConfigKeys (ConfUtils.java:logGet(43)) - raft.server.log.appender.install.snapshot.enabled = false (custom)
2019-11-15 21:51:31,845 [pool-529-thread-1] INFO  impl.RaftServerImpl (ServerState.java:<init>(103)) - 3c01ffb1-b295-42d9-9874-9e0ba4053462@group-AAAB9F076C05: ConfigurationManager, init=-1: [3c01ffb1-b295-42d9-9874-9e0ba4053462:192.168.164.223:36934], old=null, confs=<EMPTY_MAP>
2019-11-15 21:51:31,845 [pool-529-thread-1] INFO  server.RaftServerConfigKeys (ConfUtils.java:logGet(43)) - raft.server.storage.dir = [/workdir/hadoop-ozone/integration-test/target/test-dir/MiniOzoneClusterImpl-e150a234-18da-4756-b2e5-8eb09f38746c/datanode-2/data/ratis] (custom)
2019-11-15 21:51:31,929 [pool-529-thread-1] INFO  server.RaftServerConfigKeys (ConfUtils.java:logGet(43)) - raft.server.log.corruption.policy = EXCEPTION (default)
2019-11-15 21:51:31,929 [pool-529-thread-1] INFO  storage.RaftStorageDirectory (RaftStorageDirectory.java:analyzeStorage(246)) - The storage directory /workdir/hadoop-ozone/integration-test/target/test-dir/MiniOzoneClusterImpl-e150a234-18da-4756-b2e5-8eb09f38746c/datanode-2/data/ratis/dd86a516-a3ff-44fe-bccc-aaab9f076c05 does not exist. Creating ...
2019-11-15 21:51:31,932 [pool-529-thread-1] INFO  storage.RaftStorageDirectory (RaftStorageDirectory.java:tryLock(328)) - Lock on /workdir/hadoop-ozone/integration-test/target/test-dir/MiniOzoneClusterImpl-e150a234-18da-4756-b2e5-8eb09f38746c/datanode-2/data/ratis/dd86a516-a3ff-44fe-bccc-aaab9f076c05/in_use.lock acquired by nodename 4447@pr-hdds-2493-5rwwl-1515842690
2019-11-15 21:51:31,947 [pool-529-thread-1] INFO  storage.RaftStorage (RaftStorage.java:format(84)) - Storage directory /workdir/hadoop-ozone/integration-test/target/test-dir/MiniOzoneClusterImpl-e150a234-18da-4756-b2e5-8eb09f38746c/datanode-2/data/ratis/dd86a516-a3ff-44fe-bccc-aaab9f076c05 has been successfully formatted.
2019-11-15 21:51:31,947 [pool-529-thread-1] INFO  ratis.ContainerStateMachine (ContainerStateMachine.java:loadSnapshot(223)) - group-AAAB9F076C05: The snapshot info is null. Setting the last applied indexto:(t:0, i:~)
2019-11-15 21:51:31,947 [pool-529-thread-1] INFO  server.RaftServerConfigKeys (ConfUtils.java:logGet(43)) - raft.server.notification.no-leader.timeout = 120s (custom)
2019-11-15 21:51:31,947 [pool-529-thread-1] INFO  server.RaftServerConfigKeys (ConfUtils.java:logGet(43)) - raft.server.log.use.memory = false (default)
2019-11-15 21:51:31,947 [pool-529-thread-1] INFO  server.RaftServerConfigKeys (ConfUtils.java:logGet(43)) - raft.server.log.purge.gap = 1000000 (custom)
2019-11-15 21:51:31,948 [pool-529-thread-1] INFO  server.RaftServerConfigKeys (ConfUtils.java:logGet(43)) - raft.server.log.appender.buffer.byte-limit = 33554432 (custom)
2019-11-15 21:51:31,948 [pool-529-thread-1] INFO  server.RaftServerConfigKeys (ConfUtils.java:logGet(43)) - raft.server.log.segment.size.max = 1048576 (custom)
2019-11-15 21:51:31,948 [pool-529-thread-1] INFO  server.RaftServerConfigKeys (ConfUtils.java:logGet(43)) - raft.server.log.segment.cache.num.max = 2 (custom)
2019-11-15 21:51:31,948 [pool-529-thread-1] INFO  segmented.SegmentedRaftLogWorker (SegmentedRaftLogWorker.java:<init>(173)) - new 3c01ffb1-b295-42d9-9874-9e0ba4053462@group-AAAB9F076C05-SegmentedRaftLogWorker for RaftStorage:Storage Directory /workdir/hadoop-ozone/integration-test/target/test-dir/MiniOzoneClusterImpl-e150a234-18da-4756-b2e5-8eb09f38746c/datanode-2/data/ratis/dd86a516-a3ff-44fe-bccc-aaab9f076c05
2019-11-15 21:51:31,948 [pool-529-thread-1] INFO  server.RaftServerConfigKeys (ConfUtils.java:logGet(43)) - raft.server.log.queue.byte-limit = 2147483647 (custom)
2019-11-15 21:51:31,948 [pool-529-thread-1] INFO  server.RaftServerConfigKeys (ConfUtils.java:logGet(43)) - raft.server.log.queue.element-limit = 1024 (custom)
2019-11-15 21:51:31,948 [pool-529-thread-1] INFO  server.RaftServerConfigKeys (ConfUtils.java:logGet(43)) - raft.server.log.segment.size.max = 1048576 (custom)
2019-11-15 21:51:31,948 [pool-529-thread-1] INFO  server.RaftServerConfigKeys (ConfUtils.java:logGet(43)) - raft.server.log.preallocated.size = 16384 (custom)
2019-11-15 21:51:31,949 [pool-529-thread-1] INFO  server.RaftServerConfigKeys (ConfUtils.java:logGet(43)) - raft.server.log.write.buffer.size = 33554432 (custom)
2019-11-15 21:51:31,949 [pool-529-thread-1] INFO  server.RaftServerConfigKeys (ConfUtils.java:logGet(43)) - raft.server.log.force.sync.num = 128 (default)
2019-11-15 21:51:31,949 [pool-529-thread-1] INFO  server.RaftServerConfigKeys (ConfUtils.java:logGet(43)) - raft.server.log.statemachine.data.sync = true (default)
2019-11-15 21:51:31,949 [pool-529-thread-1] INFO  server.RaftServerConfigKeys (ConfUtils.java:logGet(43)) - raft.server.log.statemachine.data.sync.timeout = 10s (default)
2019-11-15 21:51:31,949 [pool-529-thread-1] INFO  server.RaftServerConfigKeys (ConfUtils.java:logGet(43)) - raft.server.log.statemachine.data.sync.timeout.retry = -1 (default)
2019-11-15 21:51:31,949 [pool-529-thread-1] INFO  server.RaftServerConfigKeys (ConfUtils.java:logGet(43)) - raft.server.log.statemachine.data.caching.enabled = true (custom)
2019-11-15 21:51:31,949 [pool-529-thread-1] INFO  segmented.SegmentedRaftLogWorker (SegmentedRaftLogWorker.java:lambda$new$0(128)) - 3c01ffb1-b295-42d9-9874-9e0ba4053462@group-AAAB9F076C05-SegmentedRaftLogWorker: flushIndex: setUnconditionally 0 -> -1
2019-11-15 21:51:31,950 [pool-529-thread-1] INFO  server.RaftServerConfigKeys (ConfUtils.java:logGet(43)) - raft.server.snapshot.auto.trigger.enabled = true (custom)
2019-11-15 21:51:31,950 [pool-529-thread-1] INFO  server.RaftServerConfigKeys (ConfUtils.java:logGet(43)) - raft.server.snapshot.auto.trigger.threshold = 10000 (custom)
2019-11-15 21:51:31,950 [pool-529-thread-1] INFO  server.RaftServerConfigKeys (ConfUtils.java:logGet(43)) - raft.server.snapshot.retention.file.num = 5 (custom)
2019-11-15 21:51:31,950 [pool-529-thread-1] INFO  server.RaftServerConfigKeys (ConfUtils.java:logGet(43)) - raft.server.retrycache.expirytime = 600000ms (custom)
2019-11-15 21:51:31,950 [pool-529-thread-1] WARN  impl.MetricRegistriesImpl (MetricRegistriesImpl.java:lambda$create$1(61)) - First MetricRegistry has been created without registering reporters. You may need to call MetricRegistries.global().addReportRegistration(...) before.
2019-11-15 21:51:31,951 [pool-529-thread-1] WARN  impl.MetricRegistriesImpl (MetricRegistriesImpl.java:lambda$create$1(61)) - First MetricRegistry has been created without registering reporters. You may need to call MetricRegistries.global().addReportRegistration(...) before.
2019-11-15 21:51:31,951 [pool-529-thread-1] INFO  impl.RaftServerImpl (RaftServerImpl.java:start(184)) - 3c01ffb1-b295-42d9-9874-9e0ba4053462@group-AAAB9F076C05: start as a follower, conf=-1: [3c01ffb1-b295-42d9-9874-9e0ba4053462:192.168.164.223:36934], old=null
2019-11-15 21:51:31,951 [pool-529-thread-1] INFO  impl.RaftServerImpl (RaftServerImpl.java:setRole(173)) - 3c01ffb1-b295-42d9-9874-9e0ba4053462@group-AAAB9F076C05: changes role from      null to FOLLOWER at term 0 for startAsFollower
2019-11-15 21:51:31,951 [pool-529-thread-1] INFO  impl.RoleInfo (RoleInfo.java:updateAndGet(143)) - 3c01ffb1-b295-42d9-9874-9e0ba4053462: start FollowerState
2019-11-15 21:51:31,961 [pool-529-thread-1] INFO  util.JmxRegister (JmxRegister.java:tryRegister(44)) - Successfully registered JMX Bean with object name Ratis:service=RaftServer,group=group-AAAB9F076C05,id=3c01ffb1-b295-42d9-9874-9e0ba4053462
2019-11-15 21:51:31,962 [pool-529-thread-1] WARN  impl.MetricRegistriesImpl (MetricRegistriesImpl.java:lambda$create$1(61)) - First MetricRegistry has been created without registering reporters. You may need to call MetricRegistries.global().addReportRegistration(...) before.
2019-11-15 21:51:31,970 [RatisPipelineUtilsThread] INFO  pipeline.PipelineStateManager (PipelineStateManager.java:addPipeline(55)) - Created pipeline Pipeline[ Id: dd86a516-a3ff-44fe-bccc-aaab9f076c05, Nodes: 3c01ffb1-b295-42d9-9874-9e0ba4053462{ip: 192.168.164.223, host: pr-hdds-2493-5rwwl-1515842690, networkLocation: /rack1, certSerialId: null}, Type:RATIS, Factor:ONE, State:ALLOCATED]
2019-11-15 21:51:31,974 [Thread-3957] INFO  pipeline.PipelineStateManager (PipelineStateManager.java:finalizePipeline(121)) - Pipeline Pipeline[ Id: 8d466b63-100d-467b-884d-c3936401c52f, Nodes: dfb71ea8-5a43-4574-802a-eb8470866674{ip: 192.168.164.223, host: pr-hdds-2493-5rwwl-1515842690, networkLocation: /rack1, certSerialId: null}, Type:RATIS, Factor:ONE, State:CLOSED] moved to CLOSED state
2019-11-15 21:51:31,977 [grpc-default-executor-4] INFO  impl.RaftServerProxy (RaftServerProxy.java:remove(95)) - dfb71ea8-5a43-4574-802a-eb8470866674: remove    LEADER dfb71ea8-5a43-4574-802a-eb8470866674@group-C3936401C52F:t1, leader=dfb71ea8-5a43-4574-802a-eb8470866674, voted=dfb71ea8-5a43-4574-802a-eb8470866674, raftlog=dfb71ea8-5a43-4574-802a-eb8470866674@group-C3936401C52F-SegmentedRaftLog:OPENED:c0,f0,i0, conf=0: [dfb71ea8-5a43-4574-802a-eb8470866674:192.168.164.223:45914], old=null RUNNING
2019-11-15 21:51:31,977 [grpc-default-executor-4] INFO  impl.RaftServerImpl (RaftServerImpl.java:lambda$shutdown$3(250)) - dfb71ea8-5a43-4574-802a-eb8470866674@group-C3936401C52F: shutdown
2019-11-15 21:51:31,977 [grpc-default-executor-4] INFO  util.JmxRegister (JmxRegister.java:unregister(73)) - Successfully un-registered JMX Bean with object name Ratis:service=RaftServer,group=group-C3936401C52F,id=dfb71ea8-5a43-4574-802a-eb8470866674
2019-11-15 21:51:31,978 [grpc-default-executor-4] INFO  impl.RoleInfo (RoleInfo.java:shutdownLeaderState(104)) - dfb71ea8-5a43-4574-802a-eb8470866674: shutdown LeaderState
2019-11-15 21:51:31,978 [grpc-default-executor-4] INFO  impl.PendingRequests (PendingRequests.java:sendNotLeaderResponses(206)) - dfb71ea8-5a43-4574-802a-eb8470866674@group-C3936401C52F-PendingRequests: sendNotLeaderResponses
2019-11-15 21:51:31,978 [grpc-default-executor-4] INFO  impl.StateMachineUpdater (StateMachineUpdater.java:stopAndJoin(136)) - dfb71ea8-5a43-4574-802a-eb8470866674@group-C3936401C52F-StateMachineUpdater: set stopIndex = 0
2019-11-15 21:51:31,978 [grpc-default-executor-4] INFO  impl.RaftServerImpl (ServerState.java:close(387)) - dfb71ea8-5a43-4574-802a-eb8470866674@group-C3936401C52F: closes. applyIndex: 0
2019-11-15 21:51:31,978 [dfb71ea8-5a43-4574-802a-eb8470866674@group-C3936401C52F-SegmentedRaftLogWorker] INFO  segmented.SegmentedRaftLogWorker (SegmentedRaftLogWorker.java:run(316)) - dfb71ea8-5a43-4574-802a-eb8470866674@group-C3936401C52F-SegmentedRaftLogWorker was interrupted, exiting. There are 0 tasks remaining in the queue.
2019-11-15 21:51:31,980 [grpc-default-executor-4] INFO  segmented.SegmentedRaftLogWorker (SegmentedRaftLogWorker.java:close(224)) - dfb71ea8-5a43-4574-802a-eb8470866674@group-C3936401C52F-SegmentedRaftLogWorker close()
2019-11-15 21:51:31,984 [Thread-3957] INFO  pipeline.PipelineStateManager (PipelineStateManager.java:removePipeline(106)) - Pipeline Pipeline[ Id: 8d466b63-100d-467b-884d-c3936401c52f, Nodes: dfb71ea8-5a43-4574-802a-eb8470866674{ip: 192.168.164.223, host: pr-hdds-2493-5rwwl-1515842690, networkLocation: /rack1, certSerialId: null}, Type:RATIS, Factor:ONE, State:CLOSED] removed from db
2019-11-15 21:51:31,984 [Thread-3957] INFO  pipeline.SCMPipelineManager (SCMPipelineManager.java:finalizeAndDestroyPipeline(315)) - destroying pipeline:Pipeline[ Id: 3cb33402-9b82-4bfa-9e03-becd030167c0, Nodes: 3eba0ff5-def1-46c6-a9bd-a10bbd02f1ce{ip: 192.168.164.223, host: pr-hdds-2493-5rwwl-1515842690, networkLocation: /rack1, certSerialId: null}5e156848-495c-4d88-99d1-5a745ca90ed0{ip: 192.168.164.223, host: pr-hdds-2493-5rwwl-1515842690, networkLocation: /rack1, certSerialId: null}09667cd7-469d-4450-b7d6-bfa43032ac6a{ip: 192.168.164.223, host: pr-hdds-2493-5rwwl-1515842690, networkLocation: /rack1, certSerialId: null}, Type:RATIS, Factor:THREE, State:OPEN]
2019-11-15 21:51:31,987 [grpc-default-executor-4] INFO  impl.RaftServerProxy (RaftServerProxy.java:addNew(89)) - dfb71ea8-5a43-4574-802a-eb8470866674: addNew group-1B1E48E3A35D:[dfb71ea8-5a43-4574-802a-eb8470866674:192.168.164.223:45914] returns group-1B1E48E3A35D:java.util.concurrent.CompletableFuture@1af3406f[Not completed]
2019-11-15 21:51:31,988 [pool-549-thread-1] INFO  impl.RaftServerImpl (RaftServerImpl.java:<init>(98)) - dfb71ea8-5a43-4574-802a-eb8470866674: new RaftServerImpl for group-1B1E48E3A35D:[dfb71ea8-5a43-4574-802a-eb8470866674:192.168.164.223:45914] with ContainerStateMachine:uninitialized
2019-11-15 21:51:31,988 [pool-549-thread-1] INFO  server.RaftServerConfigKeys (ConfUtils.java:logGet(43)) - raft.server.rpc.timeout.min = 1s (custom)
2019-11-15 21:51:31,988 [pool-549-thread-1] INFO  server.RaftServerConfigKeys (ConfUtils.java:logGet(43)) - raft.server.rpc.timeout.max = 1200ms (custom)
2019-11-15 21:51:31,988 [pool-549-thread-1] INFO  server.RaftServerConfigKeys (ConfUtils.java:logGet(43)) - raft.server.rpcslowness.timeout = 120s (custom)
2019-11-15 21:51:31,988 [pool-549-thread-1] INFO  server.RaftServerConfigKeys (ConfUtils.java:logGet(43)) - raft.server.sleep.deviation.threshold = 300 (default)
2019-11-15 21:51:31,989 [pool-549-thread-1] INFO  server.RaftServerConfigKeys (ConfUtils.java:logGet(43)) - raft.server.log.appender.install.snapshot.enabled = false (custom)
2019-11-15 21:51:31,989 [pool-549-thread-1] INFO  impl.RaftServerImpl (ServerState.java:<init>(103)) - dfb71ea8-5a43-4574-802a-eb8470866674@group-1B1E48E3A35D: ConfigurationManager, init=-1: [dfb71ea8-5a43-4574-802a-eb8470866674:192.168.164.223:45914], old=null, confs=<EMPTY_MAP>
2019-11-15 21:51:31,989 [pool-549-thread-1] INFO  server.RaftServerConfigKeys (ConfUtils.java:logGet(43)) - raft.server.storage.dir = [/workdir/hadoop-ozone/integration-test/target/test-dir/MiniOzoneClusterImpl-e150a234-18da-4756-b2e5-8eb09f38746c/datanode-4/data/ratis] (custom)
2019-11-15 21:51:31,990 [pool-549-thread-1] INFO  server.RaftServerConfigKeys (ConfUtils.java:logGet(43)) - raft.server.log.corruption.policy = EXCEPTION (default)
2019-11-15 21:51:31,991 [pool-549-thread-1] INFO  storage.RaftStorageDirectory (RaftStorageDirectory.java:analyzeStorage(246)) - The storage directory /workdir/hadoop-ozone/integration-test/target/test-dir/MiniOzoneClusterImpl-e150a234-18da-4756-b2e5-8eb09f38746c/datanode-4/data/ratis/6e8ee177-a2c5-47ee-b413-1b1e48e3a35d does not exist. Creating ...
2019-11-15 21:51:31,994 [pool-549-thread-1] INFO  storage.RaftStorageDirectory (RaftStorageDirectory.java:tryLock(328)) - Lock on /workdir/hadoop-ozone/integration-test/target/test-dir/MiniOzoneClusterImpl-e150a234-18da-4756-b2e5-8eb09f38746c/datanode-4/data/ratis/6e8ee177-a2c5-47ee-b413-1b1e48e3a35d/in_use.lock acquired by nodename 4447@pr-hdds-2493-5rwwl-1515842690
2019-11-15 21:51:32,007 [pool-549-thread-1] INFO  storage.RaftStorage (RaftStorage.java:format(84)) - Storage directory /workdir/hadoop-ozone/integration-test/target/test-dir/MiniOzoneClusterImpl-e150a234-18da-4756-b2e5-8eb09f38746c/datanode-4/data/ratis/6e8ee177-a2c5-47ee-b413-1b1e48e3a35d has been successfully formatted.
2019-11-15 21:51:32,008 [pool-549-thread-1] INFO  ratis.ContainerStateMachine (ContainerStateMachine.java:loadSnapshot(223)) - group-1B1E48E3A35D: The snapshot info is null. Setting the last applied indexto:(t:0, i:~)
2019-11-15 21:51:32,008 [pool-549-thread-1] INFO  server.RaftServerConfigKeys (ConfUtils.java:logGet(43)) - raft.server.notification.no-leader.timeout = 120s (custom)
2019-11-15 21:51:32,008 [pool-549-thread-1] INFO  server.RaftServerConfigKeys (ConfUtils.java:logGet(43)) - raft.server.log.use.memory = false (default)
2019-11-15 21:51:32,008 [pool-549-thread-1] INFO  server.RaftServerConfigKeys (ConfUtils.java:logGet(43)) - raft.server.log.purge.gap = 1000000 (custom)
2019-11-15 21:51:32,008 [pool-549-thread-1] INFO  server.RaftServerConfigKeys (ConfUtils.java:logGet(43)) - raft.server.log.appender.buffer.byte-limit = 33554432 (custom)
2019-11-15 21:51:32,008 [pool-549-thread-1] INFO  server.RaftServerConfigKeys (ConfUtils.java:logGet(43)) - raft.server.log.segment.size.max = 1048576 (custom)
2019-11-15 21:51:32,008 [pool-549-thread-1] INFO  server.RaftServerConfigKeys (ConfUtils.java:logGet(43)) - raft.server.log.segment.cache.num.max = 2 (custom)
2019-11-15 21:51:32,008 [pool-549-thread-1] INFO  segmented.SegmentedRaftLogWorker (SegmentedRaftLogWorker.java:<init>(173)) - new dfb71ea8-5a43-4574-802a-eb8470866674@group-1B1E48E3A35D-SegmentedRaftLogWorker for RaftStorage:Storage Directory /workdir/hadoop-ozone/integration-test/target/test-dir/MiniOzoneClusterImpl-e150a234-18da-4756-b2e5-8eb09f38746c/datanode-4/data/ratis/6e8ee177-a2c5-47ee-b413-1b1e48e3a35d
2019-11-15 21:51:32,008 [pool-549-thread-1] INFO  server.RaftServerConfigKeys (ConfUtils.java:logGet(43)) - raft.server.log.queue.byte-limit = 2147483647 (custom)
2019-11-15 21:51:32,009 [pool-549-thread-1] INFO  server.RaftServerConfigKeys (ConfUtils.java:logGet(43)) - raft.server.log.queue.element-limit = 1024 (custom)
2019-11-15 21:51:32,009 [pool-549-thread-1] INFO  server.RaftServerConfigKeys (ConfUtils.java:logGet(43)) - raft.server.log.segment.size.max = 1048576 (custom)
2019-11-15 21:51:32,009 [pool-549-thread-1] INFO  server.RaftServerConfigKeys (ConfUtils.java:logGet(43)) - raft.server.log.preallocated.size = 16384 (custom)
2019-11-15 21:51:32,009 [pool-549-thread-1] INFO  server.RaftServerConfigKeys (ConfUtils.java:logGet(43)) - raft.server.log.write.buffer.size = 33554432 (custom)
2019-11-15 21:51:32,009 [pool-549-thread-1] INFO  server.RaftServerConfigKeys (ConfUtils.java:logGet(43)) - raft.server.log.force.sync.num = 128 (default)
2019-11-15 21:51:32,009 [pool-549-thread-1] INFO  server.RaftServerConfigKeys (ConfUtils.java:logGet(43)) - raft.server.log.statemachine.data.sync = true (default)
2019-11-15 21:51:32,009 [pool-549-thread-1] INFO  server.RaftServerConfigKeys (ConfUtils.java:logGet(43)) - raft.server.log.statemachine.data.sync.timeout = 10s (default)
2019-11-15 21:51:32,009 [pool-549-thread-1] INFO  server.RaftServerConfigKeys (ConfUtils.java:logGet(43)) - raft.server.log.statemachine.data.sync.timeout.retry = -1 (default)
2019-11-15 21:51:32,009 [pool-549-thread-1] INFO  server.RaftServerConfigKeys (ConfUtils.java:logGet(43)) - raft.server.log.statemachine.data.caching.enabled = true (custom)
2019-11-15 21:51:32,010 [pool-549-thread-1] INFO  segmented.SegmentedRaftLogWorker (SegmentedRaftLogWorker.java:lambda$new$0(128)) - dfb71ea8-5a43-4574-802a-eb8470866674@group-1B1E48E3A35D-SegmentedRaftLogWorker: flushIndex: setUnconditionally 0 -> -1
2019-11-15 21:51:32,010 [pool-549-thread-1] INFO  server.RaftServerConfigKeys (ConfUtils.java:logGet(43)) - raft.server.snapshot.auto.trigger.enabled = true (custom)
2019-11-15 21:51:32,010 [pool-549-thread-1] INFO  server.RaftServerConfigKeys (ConfUtils.java:logGet(43)) - raft.server.snapshot.auto.trigger.threshold = 10000 (custom)
2019-11-15 21:51:32,010 [pool-549-thread-1] INFO  server.RaftServerConfigKeys (ConfUtils.java:logGet(43)) - raft.server.snapshot.retention.file.num = 5 (custom)
2019-11-15 21:51:32,010 [pool-549-thread-1] INFO  server.RaftServerConfigKeys (ConfUtils.java:logGet(43)) - raft.server.retrycache.expirytime = 600000ms (custom)
2019-11-15 21:51:32,010 [pool-549-thread-1] WARN  impl.MetricRegistriesImpl (MetricRegistriesImpl.java:lambda$create$1(61)) - First MetricRegistry has been created without registering reporters. You may need to call MetricRegistries.global().addReportRegistration(...) before.
2019-11-15 21:51:32,010 [pool-549-thread-1] WARN  impl.MetricRegistriesImpl (MetricRegistriesImpl.java:lambda$create$1(61)) - First MetricRegistry has been created without registering reporters. You may need to call MetricRegistries.global().addReportRegistration(...) before.
2019-11-15 21:51:32,011 [pool-549-thread-1] INFO  impl.RaftServerImpl (RaftServerImpl.java:start(184)) - dfb71ea8-5a43-4574-802a-eb8470866674@group-1B1E48E3A35D: start as a follower, conf=-1: [dfb71ea8-5a43-4574-802a-eb8470866674:192.168.164.223:45914], old=null
2019-11-15 21:51:32,011 [pool-549-thread-1] INFO  impl.RaftServerImpl (RaftServerImpl.java:setRole(173)) - dfb71ea8-5a43-4574-802a-eb8470866674@group-1B1E48E3A35D: changes role from      null to FOLLOWER at term 0 for startAsFollower
2019-11-15 21:51:32,011 [pool-549-thread-1] INFO  impl.RoleInfo (RoleInfo.java:updateAndGet(143)) - dfb71ea8-5a43-4574-802a-eb8470866674: start FollowerState
2019-11-15 21:51:32,011 [pool-549-thread-1] INFO  util.JmxRegister (JmxRegister.java:tryRegister(44)) - Successfully registered JMX Bean with object name Ratis:service=RaftServer,group=group-1B1E48E3A35D,id=dfb71ea8-5a43-4574-802a-eb8470866674
2019-11-15 21:51:32,011 [pool-549-thread-1] WARN  impl.MetricRegistriesImpl (MetricRegistriesImpl.java:lambda$create$1(61)) - First MetricRegistry has been created without registering reporters. You may need to call MetricRegistries.global().addReportRegistration(...) before.
2019-11-15 21:51:32,013 [RatisPipelineUtilsThread] INFO  pipeline.PipelineStateManager (PipelineStateManager.java:addPipeline(55)) - Created pipeline Pipeline[ Id: 6e8ee177-a2c5-47ee-b413-1b1e48e3a35d, Nodes: dfb71ea8-5a43-4574-802a-eb8470866674{ip: 192.168.164.223, host: pr-hdds-2493-5rwwl-1515842690, networkLocation: /rack1, certSerialId: null}, Type:RATIS, Factor:ONE, State:ALLOCATED]
2019-11-15 21:51:32,029 [Thread-3957] INFO  pipeline.PipelineStateManager (PipelineStateManager.java:finalizePipeline(121)) - Pipeline Pipeline[ Id: 3cb33402-9b82-4bfa-9e03-becd030167c0, Nodes: 3eba0ff5-def1-46c6-a9bd-a10bbd02f1ce{ip: 192.168.164.223, host: pr-hdds-2493-5rwwl-1515842690, networkLocation: /rack1, certSerialId: null}5e156848-495c-4d88-99d1-5a745ca90ed0{ip: 192.168.164.223, host: pr-hdds-2493-5rwwl-1515842690, networkLocation: /rack1, certSerialId: null}09667cd7-469d-4450-b7d6-bfa43032ac6a{ip: 192.168.164.223, host: pr-hdds-2493-5rwwl-1515842690, networkLocation: /rack1, certSerialId: null}, Type:RATIS, Factor:THREE, State:CLOSED] moved to CLOSED state
2019-11-15 21:51:32,029 [EventQueue-CloseContainerForCloseContainerEventHandler] INFO  container.CloseContainerEventHandler (CloseContainerEventHandler.java:onMessage(61)) - Close container Event triggered for container : #1
2019-11-15 21:51:32,032 [grpc-default-executor-4] INFO  impl.RaftServerProxy (RaftServerProxy.java:remove(95)) - 3eba0ff5-def1-46c6-a9bd-a10bbd02f1ce: remove  FOLLOWER 3eba0ff5-def1-46c6-a9bd-a10bbd02f1ce@group-BECD030167C0:t1, leader=5e156848-495c-4d88-99d1-5a745ca90ed0, voted=5e156848-495c-4d88-99d1-5a745ca90ed0, raftlog=3eba0ff5-def1-46c6-a9bd-a10bbd02f1ce@group-BECD030167C0-SegmentedRaftLog:OPENED:c2,f4,i4, conf=0: [3eba0ff5-def1-46c6-a9bd-a10bbd02f1ce:192.168.164.223:32938, 09667cd7-469d-4450-b7d6-bfa43032ac6a:192.168.164.223:41749, 5e156848-495c-4d88-99d1-5a745ca90ed0:192.168.164.223:41251], old=null RUNNING
2019-11-15 21:51:32,032 [grpc-default-executor-4] INFO  impl.RaftServerImpl (RaftServerImpl.java:lambda$shutdown$3(250)) - 3eba0ff5-def1-46c6-a9bd-a10bbd02f1ce@group-BECD030167C0: shutdown
2019-11-15 21:51:32,032 [grpc-default-executor-4] INFO  util.JmxRegister (JmxRegister.java:unregister(73)) - Successfully un-registered JMX Bean with object name Ratis:service=RaftServer,group=group-BECD030167C0,id=3eba0ff5-def1-46c6-a9bd-a10bbd02f1ce
2019-11-15 21:51:32,032 [grpc-default-executor-4] INFO  impl.RoleInfo (RoleInfo.java:shutdownFollowerState(121)) - 3eba0ff5-def1-46c6-a9bd-a10bbd02f1ce: shutdown FollowerState
2019-11-15 21:51:32,033 [grpc-default-executor-4] INFO  impl.StateMachineUpdater (StateMachineUpdater.java:stopAndJoin(136)) - 3eba0ff5-def1-46c6-a9bd-a10bbd02f1ce@group-BECD030167C0-StateMachineUpdater: set stopIndex = 2
2019-11-15 21:51:32,033 [3eba0ff5-def1-46c6-a9bd-a10bbd02f1ce@group-BECD030167C0-StateMachineUpdater] INFO  ratis.ContainerStateMachine (ContainerStateMachine.java:takeSnapshot(285)) - group-BECD030167C0: Taking a snapshot at:(t:1, i:2) file /workdir/hadoop-ozone/integration-test/target/test-dir/MiniOzoneClusterImpl-e150a234-18da-4756-b2e5-8eb09f38746c/datanode-8/data/ratis/3cb33402-9b82-4bfa-9e03-becd030167c0/sm/snapshot.1_2
2019-11-15 21:51:32,033 [Thread-4062] INFO  impl.FollowerState (FollowerState.java:run(120)) - 3eba0ff5-def1-46c6-a9bd-a10bbd02f1ce@group-BECD030167C0-FollowerState was interrupted: java.lang.InterruptedException: sleep interrupted
2019-11-15 21:51:32,040 [3eba0ff5-def1-46c6-a9bd-a10bbd02f1ce@group-BECD030167C0-StateMachineUpdater] INFO  ratis.ContainerStateMachine (ContainerStateMachine.java:takeSnapshot(296)) - group-BECD030167C0: Finished taking a snapshot at:(t:1, i:2) file:/workdir/hadoop-ozone/integration-test/target/test-dir/MiniOzoneClusterImpl-e150a234-18da-4756-b2e5-8eb09f38746c/datanode-8/data/ratis/3cb33402-9b82-4bfa-9e03-becd030167c0/sm/snapshot.1_2 time:7
2019-11-15 21:51:32,040 [3eba0ff5-def1-46c6-a9bd-a10bbd02f1ce@group-BECD030167C0-StateMachineUpdater] INFO  impl.StateMachineUpdater (StateMachineUpdater.java:takeSnapshot(269)) - 3eba0ff5-def1-46c6-a9bd-a10bbd02f1ce@group-BECD030167C0-StateMachineUpdater: Took a snapshot at index 2
2019-11-15 21:51:32,040 [3eba0ff5-def1-46c6-a9bd-a10bbd02f1ce@group-BECD030167C0-StateMachineUpdater] INFO  impl.StateMachineUpdater (StateMachineUpdater.java:lambda$new$0(84)) - 3eba0ff5-def1-46c6-a9bd-a10bbd02f1ce@group-BECD030167C0-StateMachineUpdater: snapshotIndex: updateIncreasingly -1 -> 2
2019-11-15 21:51:32,040 [grpc-default-executor-4] INFO  impl.RaftServerImpl (ServerState.java:close(387)) - 3eba0ff5-def1-46c6-a9bd-a10bbd02f1ce@group-BECD030167C0: closes. applyIndex: 2
2019-11-15 21:51:32,041 [3eba0ff5-def1-46c6-a9bd-a10bbd02f1ce@group-BECD030167C0-SegmentedRaftLogWorker] INFO  segmented.SegmentedRaftLogWorker (SegmentedRaftLogWorker.java:run(316)) - 3eba0ff5-def1-46c6-a9bd-a10bbd02f1ce@group-BECD030167C0-SegmentedRaftLogWorker was interrupted, exiting. There are 0 tasks remaining in the queue.
2019-11-15 21:51:32,043 [grpc-default-executor-4] INFO  segmented.SegmentedRaftLogWorker (SegmentedRaftLogWorker.java:close(224)) - 3eba0ff5-def1-46c6-a9bd-a10bbd02f1ce@group-BECD030167C0-SegmentedRaftLogWorker close()
2019-11-15 21:51:32,053 [Datanode State Machine Thread - 0] INFO  statemachine.DatanodeStateMachine (DatanodeStateMachine.java:lambda$startDaemon$0(355)) - Ozone container server started.
2019-11-15 21:51:32,061 [grpc-default-executor-4] INFO  interfaces.Container (KeyValueContainer.java:flushAndSyncDB(400)) - Container 1 is synced with bcsId 2.
2019-11-15 21:51:32,062 [grpc-default-executor-4] INFO  interfaces.Container (KeyValueContainer.java:flushAndSyncDB(400)) - Container 1 is synced with bcsId 2.
2019-11-15 21:51:32,072 [grpc-default-executor-4] INFO  impl.RaftServerProxy (RaftServerProxy.java:remove(95)) - 5e156848-495c-4d88-99d1-5a745ca90ed0: remove    LEADER 5e156848-495c-4d88-99d1-5a745ca90ed0@group-BECD030167C0:t1, leader=5e156848-495c-4d88-99d1-5a745ca90ed0, voted=5e156848-495c-4d88-99d1-5a745ca90ed0, raftlog=5e156848-495c-4d88-99d1-5a745ca90ed0@group-BECD030167C0-SegmentedRaftLog:OPENED:c4,f4,i4, conf=0: [3eba0ff5-def1-46c6-a9bd-a10bbd02f1ce:192.168.164.223:32938, 09667cd7-469d-4450-b7d6-bfa43032ac6a:192.168.164.223:41749, 5e156848-495c-4d88-99d1-5a745ca90ed0:192.168.164.223:41251], old=null RUNNING
2019-11-15 21:51:32,072 [grpc-default-executor-4] INFO  impl.RaftServerImpl (RaftServerImpl.java:lambda$shutdown$3(250)) - 5e156848-495c-4d88-99d1-5a745ca90ed0@group-BECD030167C0: shutdown
2019-11-15 21:51:32,072 [grpc-default-executor-4] INFO  util.JmxRegister (JmxRegister.java:unregister(73)) - Successfully un-registered JMX Bean with object name Ratis:service=RaftServer,group=group-BECD030167C0,id=5e156848-495c-4d88-99d1-5a745ca90ed0
2019-11-15 21:51:32,072 [grpc-default-executor-4] INFO  impl.RoleInfo (RoleInfo.java:shutdownLeaderState(104)) - 5e156848-495c-4d88-99d1-5a745ca90ed0: shutdown LeaderState
2019-11-15 21:51:32,081 [grpc-default-executor-4] INFO  impl.PendingRequests (PendingRequests.java:sendNotLeaderResponses(206)) - 5e156848-495c-4d88-99d1-5a745ca90ed0@group-BECD030167C0-PendingRequests: sendNotLeaderResponses
2019-11-15 21:51:32,081 [org.apache.ratis.server.impl.LogAppender$AppenderDaemon$$Lambda$472/95030288@f67cb9a] WARN  server.GrpcLogAppender (GrpcLogAppender.java:mayWait(151)) - 5e156848-495c-4d88-99d1-5a745ca90ed0@group-BECD030167C0->09667cd7-469d-4450-b7d6-bfa43032ac6a-GrpcLogAppender: Wait interrupted by java.lang.InterruptedException
2019-11-15 21:51:32,085 [5e156848-495c-4d88-99d1-5a745ca90ed0@group-BECD030167C0-StateMachineUpdater] INFO  ratis.ContainerStateMachine (ContainerStateMachine.java:takeSnapshot(285)) - group-BECD030167C0: Taking a snapshot at:(t:1, i:4) file /workdir/hadoop-ozone/integration-test/target/test-dir/MiniOzoneClusterImpl-e150a234-18da-4756-b2e5-8eb09f38746c/datanode-7/data/ratis/3cb33402-9b82-4bfa-9e03-becd030167c0/sm/snapshot.1_4
2019-11-15 21:51:32,085 [grpc-default-executor-4] INFO  impl.StateMachineUpdater (StateMachineUpdater.java:stopAndJoin(136)) - 5e156848-495c-4d88-99d1-5a745ca90ed0@group-BECD030167C0-StateMachineUpdater: set stopIndex = 4
2019-11-15 21:51:32,086 [grpc-default-executor-0] INFO  server.GrpcServerProtocolService (GrpcServerProtocolService.java:onCompleted(113)) - 09667cd7-469d-4450-b7d6-bfa43032ac6a: Completed APPEND_ENTRIES, lastRequest: 5e156848-495c-4d88-99d1-5a745ca90ed0->09667cd7-469d-4450-b7d6-bfa43032ac6a#6-t1, previous=(t:1, i:3), leaderCommit=2, initializing? false, entries: size=1, first=(t:1, i:4), METADATAENTRY(c2)
2019-11-15 21:51:32,081 [org.apache.ratis.server.impl.LogAppender$AppenderDaemon$$Lambda$472/95030288@4a654cb2] WARN  server.GrpcLogAppender (GrpcLogAppender.java:mayWait(151)) - 5e156848-495c-4d88-99d1-5a745ca90ed0@group-BECD030167C0->3eba0ff5-def1-46c6-a9bd-a10bbd02f1ce-GrpcLogAppender: Wait interrupted by java.lang.InterruptedException
2019-11-15 21:51:32,086 [grpc-default-executor-0] INFO  server.GrpcLogAppender (GrpcLogAppender.java:onCompleted(308)) - 5e156848-495c-4d88-99d1-5a745ca90ed0@group-BECD030167C0->09667cd7-469d-4450-b7d6-bfa43032ac6a-AppendLogResponseHandler: follower responses appendEntries COMPLETED
2019-11-15 21:51:32,086 [grpc-default-executor-6] INFO  server.GrpcServerProtocolService (GrpcServerProtocolService.java:onCompleted(113)) - 3eba0ff5-def1-46c6-a9bd-a10bbd02f1ce: Completed APPEND_ENTRIES, lastRequest: 5e156848-495c-4d88-99d1-5a745ca90ed0->3eba0ff5-def1-46c6-a9bd-a10bbd02f1ce#6-t1, previous=(t:1, i:3), leaderCommit=2, initializing? false, entries: size=1, first=(t:1, i:4), METADATAENTRY(c2)
2019-11-15 21:51:32,086 [grpc-default-executor-6] INFO  server.GrpcLogAppender (GrpcLogAppender.java:onCompleted(308)) - 5e156848-495c-4d88-99d1-5a745ca90ed0@group-BECD030167C0->3eba0ff5-def1-46c6-a9bd-a10bbd02f1ce-AppendLogResponseHandler: follower responses appendEntries COMPLETED
2019-11-15 21:51:32,086 [grpc-default-executor-0] INFO  impl.FollowerInfo (FollowerInfo.java:lambda$new$0(51)) - 5e156848-495c-4d88-99d1-5a745ca90ed0@group-BECD030167C0->09667cd7-469d-4450-b7d6-bfa43032ac6a: nextIndex: updateUnconditionally 5 -> 4
2019-11-15 21:51:32,087 [grpc-default-executor-6] INFO  impl.FollowerInfo (FollowerInfo.java:lambda$new$0(51)) - 5e156848-495c-4d88-99d1-5a745ca90ed0@group-BECD030167C0->3eba0ff5-def1-46c6-a9bd-a10bbd02f1ce: nextIndex: updateUnconditionally 5 -> 4
2019-11-15 21:51:32,096 [5e156848-495c-4d88-99d1-5a745ca90ed0@group-BECD030167C0-StateMachineUpdater] INFO  ratis.ContainerStateMachine (ContainerStateMachine.java:takeSnapshot(296)) - group-BECD030167C0: Finished taking a snapshot at:(t:1, i:4) file:/workdir/hadoop-ozone/integration-test/target/test-dir/MiniOzoneClusterImpl-e150a234-18da-4756-b2e5-8eb09f38746c/datanode-7/data/ratis/3cb33402-9b82-4bfa-9e03-becd030167c0/sm/snapshot.1_4 time:11
2019-11-15 21:51:32,096 [5e156848-495c-4d88-99d1-5a745ca90ed0@group-BECD030167C0-StateMachineUpdater] INFO  impl.StateMachineUpdater (StateMachineUpdater.java:takeSnapshot(269)) - 5e156848-495c-4d88-99d1-5a745ca90ed0@group-BECD030167C0-StateMachineUpdater: Took a snapshot at index 4
2019-11-15 21:51:32,096 [5e156848-495c-4d88-99d1-5a745ca90ed0@group-BECD030167C0-StateMachineUpdater] INFO  impl.StateMachineUpdater (StateMachineUpdater.java:lambda$new$0(84)) - 5e156848-495c-4d88-99d1-5a745ca90ed0@group-BECD030167C0-StateMachineUpdater: snapshotIndex: updateIncreasingly -1 -> 4
2019-11-15 21:51:32,096 [grpc-default-executor-4] INFO  impl.RaftServerImpl (ServerState.java:close(387)) - 5e156848-495c-4d88-99d1-5a745ca90ed0@group-BECD030167C0: closes. applyIndex: 4
2019-11-15 21:51:32,096 [5e156848-495c-4d88-99d1-5a745ca90ed0@group-BECD030167C0-SegmentedRaftLogWorker] INFO  segmented.SegmentedRaftLogWorker (SegmentedRaftLogWorker.java:run(316)) - 5e156848-495c-4d88-99d1-5a745ca90ed0@group-BECD030167C0-SegmentedRaftLogWorker was interrupted, exiting. There are 0 tasks remaining in the queue.
2019-11-15 21:51:32,098 [grpc-default-executor-4] INFO  segmented.SegmentedRaftLogWorker (SegmentedRaftLogWorker.java:close(224)) - 5e156848-495c-4d88-99d1-5a745ca90ed0@group-BECD030167C0-SegmentedRaftLogWorker close()
2019-11-15 21:51:32,110 [grpc-default-executor-4] INFO  interfaces.Container (KeyValueContainer.java:flushAndSyncDB(400)) - Container 1 is synced with bcsId 2.
2019-11-15 21:51:32,110 [grpc-default-executor-4] INFO  interfaces.Container (KeyValueContainer.java:flushAndSyncDB(400)) - Container 1 is synced with bcsId 2.
2019-11-15 21:51:32,121 [EventQueue-IncrementalContainerReportForIncrementalContainerReportHandler] INFO  container.IncrementalContainerReportHandler (AbstractContainerReportHandler.java:updateContainerState(171)) - Moving container #1 to QUASI_CLOSED state, datanode 5e156848-495c-4d88-99d1-5a745ca90ed0{ip: 192.168.164.223, host: pr-hdds-2493-5rwwl-1515842690, networkLocation: /rack1, certSerialId: null} reported QUASI_CLOSED replica.
2019-11-15 21:51:32,124 [grpc-default-executor-4] INFO  impl.RaftServerProxy (RaftServerProxy.java:remove(95)) - 09667cd7-469d-4450-b7d6-bfa43032ac6a: remove  FOLLOWER 09667cd7-469d-4450-b7d6-bfa43032ac6a@group-BECD030167C0:t1, leader=5e156848-495c-4d88-99d1-5a745ca90ed0, voted=5e156848-495c-4d88-99d1-5a745ca90ed0, raftlog=09667cd7-469d-4450-b7d6-bfa43032ac6a@group-BECD030167C0-SegmentedRaftLog:OPENED:c2,f4,i4, conf=0: [3eba0ff5-def1-46c6-a9bd-a10bbd02f1ce:192.168.164.223:32938, 09667cd7-469d-4450-b7d6-bfa43032ac6a:192.168.164.223:41749, 5e156848-495c-4d88-99d1-5a745ca90ed0:192.168.164.223:41251], old=null RUNNING
2019-11-15 21:51:32,124 [grpc-default-executor-4] INFO  impl.RaftServerImpl (RaftServerImpl.java:lambda$shutdown$3(250)) - 09667cd7-469d-4450-b7d6-bfa43032ac6a@group-BECD030167C0: shutdown
2019-11-15 21:51:32,124 [grpc-default-executor-4] INFO  util.JmxRegister (JmxRegister.java:unregister(73)) - Successfully un-registered JMX Bean with object name Ratis:service=RaftServer,group=group-BECD030167C0,id=09667cd7-469d-4450-b7d6-bfa43032ac6a
2019-11-15 21:51:32,124 [grpc-default-executor-4] INFO  impl.RoleInfo (RoleInfo.java:shutdownFollowerState(121)) - 09667cd7-469d-4450-b7d6-bfa43032ac6a: shutdown FollowerState
2019-11-15 21:51:32,124 [grpc-default-executor-4] INFO  impl.StateMachineUpdater (StateMachineUpdater.java:stopAndJoin(136)) - 09667cd7-469d-4450-b7d6-bfa43032ac6a@group-BECD030167C0-StateMachineUpdater: set stopIndex = 2
2019-11-15 21:51:32,124 [09667cd7-469d-4450-b7d6-bfa43032ac6a@group-BECD030167C0-StateMachineUpdater] INFO  ratis.ContainerStateMachine (ContainerStateMachine.java:takeSnapshot(285)) - group-BECD030167C0: Taking a snapshot at:(t:1, i:2) file /workdir/hadoop-ozone/integration-test/target/test-dir/MiniOzoneClusterImpl-e150a234-18da-4756-b2e5-8eb09f38746c/datanode-6/data/ratis/3cb33402-9b82-4bfa-9e03-becd030167c0/sm/snapshot.1_2
2019-11-15 21:51:32,124 [Thread-4063] INFO  impl.FollowerState (FollowerState.java:run(120)) - 09667cd7-469d-4450-b7d6-bfa43032ac6a@group-BECD030167C0-FollowerState was interrupted: java.lang.InterruptedException: sleep interrupted
2019-11-15 21:51:32,137 [09667cd7-469d-4450-b7d6-bfa43032ac6a@group-BECD030167C0-StateMachineUpdater] INFO  ratis.ContainerStateMachine (ContainerStateMachine.java:takeSnapshot(296)) - group-BECD030167C0: Finished taking a snapshot at:(t:1, i:2) file:/workdir/hadoop-ozone/integration-test/target/test-dir/MiniOzoneClusterImpl-e150a234-18da-4756-b2e5-8eb09f38746c/datanode-6/data/ratis/3cb33402-9b82-4bfa-9e03-becd030167c0/sm/snapshot.1_2 time:13
2019-11-15 21:51:32,137 [09667cd7-469d-4450-b7d6-bfa43032ac6a@group-BECD030167C0-StateMachineUpdater] INFO  impl.StateMachineUpdater (StateMachineUpdater.java:takeSnapshot(269)) - 09667cd7-469d-4450-b7d6-bfa43032ac6a@group-BECD030167C0-StateMachineUpdater: Took a snapshot at index 2
2019-11-15 21:51:32,137 [09667cd7-469d-4450-b7d6-bfa43032ac6a@group-BECD030167C0-StateMachineUpdater] INFO  impl.StateMachineUpdater (StateMachineUpdater.java:lambda$new$0(84)) - 09667cd7-469d-4450-b7d6-bfa43032ac6a@group-BECD030167C0-StateMachineUpdater: snapshotIndex: updateIncreasingly -1 -> 2
2019-11-15 21:51:32,138 [grpc-default-executor-4] INFO  impl.RaftServerImpl (ServerState.java:close(387)) - 09667cd7-469d-4450-b7d6-bfa43032ac6a@group-BECD030167C0: closes. applyIndex: 2
2019-11-15 21:51:32,138 [09667cd7-469d-4450-b7d6-bfa43032ac6a@group-BECD030167C0-SegmentedRaftLogWorker] INFO  segmented.SegmentedRaftLogWorker (SegmentedRaftLogWorker.java:run(316)) - 09667cd7-469d-4450-b7d6-bfa43032ac6a@group-BECD030167C0-SegmentedRaftLogWorker was interrupted, exiting. There are 0 tasks remaining in the queue.
2019-11-15 21:51:32,140 [grpc-default-executor-4] INFO  segmented.SegmentedRaftLogWorker (SegmentedRaftLogWorker.java:close(224)) - 09667cd7-469d-4450-b7d6-bfa43032ac6a@group-BECD030167C0-SegmentedRaftLogWorker close()
2019-11-15 21:51:32,167 [grpc-default-executor-4] INFO  interfaces.Container (KeyValueContainer.java:flushAndSyncDB(400)) - Container 1 is synced with bcsId 2.
2019-11-15 21:51:32,167 [grpc-default-executor-4] INFO  interfaces.Container (KeyValueContainer.java:flushAndSyncDB(400)) - Container 1 is synced with bcsId 2.
2019-11-15 21:51:32,186 [Thread-3957] INFO  pipeline.PipelineStateManager (PipelineStateManager.java:removePipeline(106)) - Pipeline Pipeline[ Id: 3cb33402-9b82-4bfa-9e03-becd030167c0, Nodes: 3eba0ff5-def1-46c6-a9bd-a10bbd02f1ce{ip: 192.168.164.223, host: pr-hdds-2493-5rwwl-1515842690, networkLocation: /rack1, certSerialId: null}5e156848-495c-4d88-99d1-5a745ca90ed0{ip: 192.168.164.223, host: pr-hdds-2493-5rwwl-1515842690, networkLocation: /rack1, certSerialId: null}09667cd7-469d-4450-b7d6-bfa43032ac6a{ip: 192.168.164.223, host: pr-hdds-2493-5rwwl-1515842690, networkLocation: /rack1, certSerialId: null}, Type:RATIS, Factor:THREE, State:CLOSED] removed from db
2019-11-15 21:51:32,186 [Thread-3957] INFO  pipeline.SCMPipelineManager (SCMPipelineManager.java:finalizeAndDestroyPipeline(315)) - destroying pipeline:Pipeline[ Id: 596ac8d9-554c-4085-a532-be3cb0bca9ef, Nodes: 3eba0ff5-def1-46c6-a9bd-a10bbd02f1ce{ip: 192.168.164.223, host: pr-hdds-2493-5rwwl-1515842690, networkLocation: /rack1, certSerialId: null}, Type:RATIS, Factor:ONE, State:OPEN]
2019-11-15 21:51:32,195 [grpc-default-executor-4] INFO  impl.RaftServerProxy (RaftServerProxy.java:addNew(89)) - 3eba0ff5-def1-46c6-a9bd-a10bbd02f1ce: addNew group-D2DDA09F38B3:[3eba0ff5-def1-46c6-a9bd-a10bbd02f1ce:192.168.164.223:32938, 09667cd7-469d-4450-b7d6-bfa43032ac6a:192.168.164.223:41749, 5e156848-495c-4d88-99d1-5a745ca90ed0:192.168.164.223:41251] returns group-D2DDA09F38B3:java.util.concurrent.CompletableFuture@53f29e86[Not completed]
2019-11-15 21:51:32,197 [pool-589-thread-1] INFO  impl.RaftServerImpl (RaftServerImpl.java:<init>(98)) - 3eba0ff5-def1-46c6-a9bd-a10bbd02f1ce: new RaftServerImpl for group-D2DDA09F38B3:[3eba0ff5-def1-46c6-a9bd-a10bbd02f1ce:192.168.164.223:32938, 09667cd7-469d-4450-b7d6-bfa43032ac6a:192.168.164.223:41749, 5e156848-495c-4d88-99d1-5a745ca90ed0:192.168.164.223:41251] with ContainerStateMachine:uninitialized
2019-11-15 21:51:32,197 [pool-589-thread-1] INFO  server.RaftServerConfigKeys (ConfUtils.java:logGet(43)) - raft.server.rpc.timeout.min = 1s (custom)
2019-11-15 21:51:32,197 [pool-589-thread-1] INFO  server.RaftServerConfigKeys (ConfUtils.java:logGet(43)) - raft.server.rpc.timeout.max = 1200ms (custom)
2019-11-15 21:51:32,197 [pool-589-thread-1] INFO  server.RaftServerConfigKeys (ConfUtils.java:logGet(43)) - raft.server.rpcslowness.timeout = 120s (custom)
2019-11-15 21:51:32,197 [pool-589-thread-1] INFO  server.RaftServerConfigKeys (ConfUtils.java:logGet(43)) - raft.server.sleep.deviation.threshold = 300 (default)
2019-11-15 21:51:32,197 [pool-589-thread-1] INFO  server.RaftServerConfigKeys (ConfUtils.java:logGet(43)) - raft.server.log.appender.install.snapshot.enabled = false (custom)
2019-11-15 21:51:32,197 [pool-589-thread-1] INFO  impl.RaftServerImpl (ServerState.java:<init>(103)) - 3eba0ff5-def1-46c6-a9bd-a10bbd02f1ce@group-D2DDA09F38B3: ConfigurationManager, init=-1: [3eba0ff5-def1-46c6-a9bd-a10bbd02f1ce:192.168.164.223:32938, 09667cd7-469d-4450-b7d6-bfa43032ac6a:192.168.164.223:41749, 5e156848-495c-4d88-99d1-5a745ca90ed0:192.168.164.223:41251], old=null, confs=<EMPTY_MAP>
2019-11-15 21:51:32,198 [pool-589-thread-1] INFO  server.RaftServerConfigKeys (ConfUtils.java:logGet(43)) - raft.server.storage.dir = [/workdir/hadoop-ozone/integration-test/target/test-dir/MiniOzoneClusterImpl-e150a234-18da-4756-b2e5-8eb09f38746c/datanode-8/data/ratis] (custom)
2019-11-15 21:51:32,198 [pool-589-thread-1] INFO  server.RaftServerConfigKeys (ConfUtils.java:logGet(43)) - raft.server.log.corruption.policy = EXCEPTION (default)
2019-11-15 21:51:32,198 [pool-589-thread-1] INFO  storage.RaftStorageDirectory (RaftStorageDirectory.java:analyzeStorage(246)) - The storage directory /workdir/hadoop-ozone/integration-test/target/test-dir/MiniOzoneClusterImpl-e150a234-18da-4756-b2e5-8eb09f38746c/datanode-8/data/ratis/2a1680dc-5ff9-4242-a5e0-d2dda09f38b3 does not exist. Creating ...
2019-11-15 21:51:32,198 [grpc-default-executor-0] INFO  impl.RaftServerProxy (RaftServerProxy.java:addNew(89)) - 09667cd7-469d-4450-b7d6-bfa43032ac6a: addNew group-D2DDA09F38B3:[3eba0ff5-def1-46c6-a9bd-a10bbd02f1ce:192.168.164.223:32938, 09667cd7-469d-4450-b7d6-bfa43032ac6a:192.168.164.223:41749, 5e156848-495c-4d88-99d1-5a745ca90ed0:192.168.164.223:41251] returns group-D2DDA09F38B3:java.util.concurrent.CompletableFuture@47bbf8b0[Not completed]
2019-11-15 21:51:32,199 [grpc-default-executor-4] INFO  impl.RaftServerProxy (RaftServerProxy.java:addNew(89)) - 5e156848-495c-4d88-99d1-5a745ca90ed0: addNew group-D2DDA09F38B3:[3eba0ff5-def1-46c6-a9bd-a10bbd02f1ce:192.168.164.223:32938, 09667cd7-469d-4450-b7d6-bfa43032ac6a:192.168.164.223:41749, 5e156848-495c-4d88-99d1-5a745ca90ed0:192.168.164.223:41251] returns group-D2DDA09F38B3:java.util.concurrent.CompletableFuture@152eea8e[Not completed]
2019-11-15 21:51:32,199 [pool-569-thread-1] INFO  impl.RaftServerImpl (RaftServerImpl.java:<init>(98)) - 09667cd7-469d-4450-b7d6-bfa43032ac6a: new RaftServerImpl for group-D2DDA09F38B3:[3eba0ff5-def1-46c6-a9bd-a10bbd02f1ce:192.168.164.223:32938, 09667cd7-469d-4450-b7d6-bfa43032ac6a:192.168.164.223:41749, 5e156848-495c-4d88-99d1-5a745ca90ed0:192.168.164.223:41251] with ContainerStateMachine:uninitialized
2019-11-15 21:51:32,199 [pool-569-thread-1] INFO  server.RaftServerConfigKeys (ConfUtils.java:logGet(43)) - raft.server.rpc.timeout.min = 1s (custom)
2019-11-15 21:51:32,200 [pool-569-thread-1] INFO  server.RaftServerConfigKeys (ConfUtils.java:logGet(43)) - raft.server.rpc.timeout.max = 1200ms (custom)
2019-11-15 21:51:32,200 [pool-569-thread-1] INFO  server.RaftServerConfigKeys (ConfUtils.java:logGet(43)) - raft.server.rpcslowness.timeout = 120s (custom)
2019-11-15 21:51:32,200 [pool-569-thread-1] INFO  server.RaftServerConfigKeys (ConfUtils.java:logGet(43)) - raft.server.sleep.deviation.threshold = 300 (default)
2019-11-15 21:51:32,200 [pool-569-thread-1] INFO  server.RaftServerConfigKeys (ConfUtils.java:logGet(43)) - raft.server.log.appender.install.snapshot.enabled = false (custom)
2019-11-15 21:51:32,200 [pool-569-thread-1] INFO  impl.RaftServerImpl (ServerState.java:<init>(103)) - 09667cd7-469d-4450-b7d6-bfa43032ac6a@group-D2DDA09F38B3: ConfigurationManager, init=-1: [3eba0ff5-def1-46c6-a9bd-a10bbd02f1ce:192.168.164.223:32938, 09667cd7-469d-4450-b7d6-bfa43032ac6a:192.168.164.223:41749, 5e156848-495c-4d88-99d1-5a745ca90ed0:192.168.164.223:41251], old=null, confs=<EMPTY_MAP>
2019-11-15 21:51:32,200 [pool-579-thread-1] INFO  impl.RaftServerImpl (RaftServerImpl.java:<init>(98)) - 5e156848-495c-4d88-99d1-5a745ca90ed0: new RaftServerImpl for group-D2DDA09F38B3:[3eba0ff5-def1-46c6-a9bd-a10bbd02f1ce:192.168.164.223:32938, 09667cd7-469d-4450-b7d6-bfa43032ac6a:192.168.164.223:41749, 5e156848-495c-4d88-99d1-5a745ca90ed0:192.168.164.223:41251] with ContainerStateMachine:uninitialized
2019-11-15 21:51:32,200 [pool-569-thread-1] INFO  server.RaftServerConfigKeys (ConfUtils.java:logGet(43)) - raft.server.storage.dir = [/workdir/hadoop-ozone/integration-test/target/test-dir/MiniOzoneClusterImpl-e150a234-18da-4756-b2e5-8eb09f38746c/datanode-6/data/ratis] (custom)
2019-11-15 21:51:32,200 [pool-569-thread-1] INFO  server.RaftServerConfigKeys (ConfUtils.java:logGet(43)) - raft.server.log.corruption.policy = EXCEPTION (default)
2019-11-15 21:51:32,201 [pool-569-thread-1] INFO  storage.RaftStorageDirectory (RaftStorageDirectory.java:analyzeStorage(246)) - The storage directory /workdir/hadoop-ozone/integration-test/target/test-dir/MiniOzoneClusterImpl-e150a234-18da-4756-b2e5-8eb09f38746c/datanode-6/data/ratis/2a1680dc-5ff9-4242-a5e0-d2dda09f38b3 does not exist. Creating ...
2019-11-15 21:51:32,200 [pool-579-thread-1] INFO  server.RaftServerConfigKeys (ConfUtils.java:logGet(43)) - raft.server.rpc.timeout.min = 1s (custom)
2019-11-15 21:51:32,202 [pool-579-thread-1] INFO  server.RaftServerConfigKeys (ConfUtils.java:logGet(43)) - raft.server.rpc.timeout.max = 1200ms (custom)
2019-11-15 21:51:32,202 [pool-579-thread-1] INFO  server.RaftServerConfigKeys (ConfUtils.java:logGet(43)) - raft.server.rpcslowness.timeout = 120s (custom)
2019-11-15 21:51:32,202 [pool-579-thread-1] INFO  server.RaftServerConfigKeys (ConfUtils.java:logGet(43)) - raft.server.sleep.deviation.threshold = 300 (default)
2019-11-15 21:51:32,203 [pool-579-thread-1] INFO  server.RaftServerConfigKeys (ConfUtils.java:logGet(43)) - raft.server.log.appender.install.snapshot.enabled = false (custom)
2019-11-15 21:51:32,203 [pool-579-thread-1] INFO  impl.RaftServerImpl (ServerState.java:<init>(103)) - 5e156848-495c-4d88-99d1-5a745ca90ed0@group-D2DDA09F38B3: ConfigurationManager, init=-1: [3eba0ff5-def1-46c6-a9bd-a10bbd02f1ce:192.168.164.223:32938, 09667cd7-469d-4450-b7d6-bfa43032ac6a:192.168.164.223:41749, 5e156848-495c-4d88-99d1-5a745ca90ed0:192.168.164.223:41251], old=null, confs=<EMPTY_MAP>
2019-11-15 21:51:32,203 [pool-579-thread-1] INFO  server.RaftServerConfigKeys (ConfUtils.java:logGet(43)) - raft.server.storage.dir = [/workdir/hadoop-ozone/integration-test/target/test-dir/MiniOzoneClusterImpl-e150a234-18da-4756-b2e5-8eb09f38746c/datanode-7/data/ratis] (custom)
2019-11-15 21:51:32,203 [pool-579-thread-1] INFO  server.RaftServerConfigKeys (ConfUtils.java:logGet(43)) - raft.server.log.corruption.policy = EXCEPTION (default)
2019-11-15 21:51:32,203 [pool-579-thread-1] INFO  storage.RaftStorageDirectory (RaftStorageDirectory.java:analyzeStorage(246)) - The storage directory /workdir/hadoop-ozone/integration-test/target/test-dir/MiniOzoneClusterImpl-e150a234-18da-4756-b2e5-8eb09f38746c/datanode-7/data/ratis/2a1680dc-5ff9-4242-a5e0-d2dda09f38b3 does not exist. Creating ...
2019-11-15 21:51:32,216 [pool-589-thread-1] INFO  storage.RaftStorageDirectory (RaftStorageDirectory.java:tryLock(328)) - Lock on /workdir/hadoop-ozone/integration-test/target/test-dir/MiniOzoneClusterImpl-e150a234-18da-4756-b2e5-8eb09f38746c/datanode-8/data/ratis/2a1680dc-5ff9-4242-a5e0-d2dda09f38b3/in_use.lock acquired by nodename 4447@pr-hdds-2493-5rwwl-1515842690
2019-11-15 21:51:32,216 [pool-569-thread-1] INFO  storage.RaftStorageDirectory (RaftStorageDirectory.java:tryLock(328)) - Lock on /workdir/hadoop-ozone/integration-test/target/test-dir/MiniOzoneClusterImpl-e150a234-18da-4756-b2e5-8eb09f38746c/datanode-6/data/ratis/2a1680dc-5ff9-4242-a5e0-d2dda09f38b3/in_use.lock acquired by nodename 4447@pr-hdds-2493-5rwwl-1515842690
2019-11-15 21:51:32,216 [pool-579-thread-1] INFO  storage.RaftStorageDirectory (RaftStorageDirectory.java:tryLock(328)) - Lock on /workdir/hadoop-ozone/integration-test/target/test-dir/MiniOzoneClusterImpl-e150a234-18da-4756-b2e5-8eb09f38746c/datanode-7/data/ratis/2a1680dc-5ff9-4242-a5e0-d2dda09f38b3/in_use.lock acquired by nodename 4447@pr-hdds-2493-5rwwl-1515842690
2019-11-15 21:51:32,230 [pool-579-thread-1] INFO  storage.RaftStorage (RaftStorage.java:format(84)) - Storage directory /workdir/hadoop-ozone/integration-test/target/test-dir/MiniOzoneClusterImpl-e150a234-18da-4756-b2e5-8eb09f38746c/datanode-7/data/ratis/2a1680dc-5ff9-4242-a5e0-d2dda09f38b3 has been successfully formatted.
2019-11-15 21:51:32,230 [pool-589-thread-1] INFO  storage.RaftStorage (RaftStorage.java:format(84)) - Storage directory /workdir/hadoop-ozone/integration-test/target/test-dir/MiniOzoneClusterImpl-e150a234-18da-4756-b2e5-8eb09f38746c/datanode-8/data/ratis/2a1680dc-5ff9-4242-a5e0-d2dda09f38b3 has been successfully formatted.
2019-11-15 21:51:32,230 [pool-569-thread-1] INFO  storage.RaftStorage (RaftStorage.java:format(84)) - Storage directory /workdir/hadoop-ozone/integration-test/target/test-dir/MiniOzoneClusterImpl-e150a234-18da-4756-b2e5-8eb09f38746c/datanode-6/data/ratis/2a1680dc-5ff9-4242-a5e0-d2dda09f38b3 has been successfully formatted.
2019-11-15 21:51:32,230 [pool-589-thread-1] INFO  ratis.ContainerStateMachine (ContainerStateMachine.java:loadSnapshot(223)) - group-D2DDA09F38B3: The snapshot info is null. Setting the last applied indexto:(t:0, i:~)
2019-11-15 21:51:32,230 [pool-579-thread-1] INFO  ratis.ContainerStateMachine (ContainerStateMachine.java:loadSnapshot(223)) - group-D2DDA09F38B3: The snapshot info is null. Setting the last applied indexto:(t:0, i:~)
2019-11-15 21:51:32,230 [pool-589-thread-1] INFO  server.RaftServerConfigKeys (ConfUtils.java:logGet(43)) - raft.server.notification.no-leader.timeout = 120s (custom)
2019-11-15 21:51:32,230 [pool-569-thread-1] INFO  ratis.ContainerStateMachine (ContainerStateMachine.java:loadSnapshot(223)) - group-D2DDA09F38B3: The snapshot info is null. Setting the last applied indexto:(t:0, i:~)
2019-11-15 21:51:32,230 [pool-589-thread-1] INFO  server.RaftServerConfigKeys (ConfUtils.java:logGet(43)) - raft.server.log.use.memory = false (default)
2019-11-15 21:51:32,230 [pool-579-thread-1] INFO  server.RaftServerConfigKeys (ConfUtils.java:logGet(43)) - raft.server.notification.no-leader.timeout = 120s (custom)
2019-11-15 21:51:32,231 [pool-589-thread-1] INFO  server.RaftServerConfigKeys (ConfUtils.java:logGet(43)) - raft.server.log.purge.gap = 1000000 (custom)
2019-11-15 21:51:32,231 [pool-569-thread-1] INFO  server.RaftServerConfigKeys (ConfUtils.java:logGet(43)) - raft.server.notification.no-leader.timeout = 120s (custom)
2019-11-15 21:51:32,231 [pool-589-thread-1] INFO  server.RaftServerConfigKeys (ConfUtils.java:logGet(43)) - raft.server.log.appender.buffer.byte-limit = 33554432 (custom)
2019-11-15 21:51:32,231 [pool-579-thread-1] INFO  server.RaftServerConfigKeys (ConfUtils.java:logGet(43)) - raft.server.log.use.memory = false (default)
2019-11-15 21:51:32,231 [pool-589-thread-1] INFO  server.RaftServerConfigKeys (ConfUtils.java:logGet(43)) - raft.server.log.segment.size.max = 1048576 (custom)
2019-11-15 21:51:32,231 [pool-569-thread-1] INFO  server.RaftServerConfigKeys (ConfUtils.java:logGet(43)) - raft.server.log.use.memory = false (default)
2019-11-15 21:51:32,231 [pool-589-thread-1] INFO  server.RaftServerConfigKeys (ConfUtils.java:logGet(43)) - raft.server.log.segment.cache.num.max = 2 (custom)
2019-11-15 21:51:32,231 [pool-579-thread-1] INFO  server.RaftServerConfigKeys (ConfUtils.java:logGet(43)) - raft.server.log.purge.gap = 1000000 (custom)
2019-11-15 21:51:32,231 [pool-589-thread-1] INFO  segmented.SegmentedRaftLogWorker (SegmentedRaftLogWorker.java:<init>(173)) - new 3eba0ff5-def1-46c6-a9bd-a10bbd02f1ce@group-D2DDA09F38B3-SegmentedRaftLogWorker for RaftStorage:Storage Directory /workdir/hadoop-ozone/integration-test/target/test-dir/MiniOzoneClusterImpl-e150a234-18da-4756-b2e5-8eb09f38746c/datanode-8/data/ratis/2a1680dc-5ff9-4242-a5e0-d2dda09f38b3
2019-11-15 21:51:32,231 [pool-569-thread-1] INFO  server.RaftServerConfigKeys (ConfUtils.java:logGet(43)) - raft.server.log.purge.gap = 1000000 (custom)
2019-11-15 21:51:32,232 [pool-589-thread-1] INFO  server.RaftServerConfigKeys (ConfUtils.java:logGet(43)) - raft.server.log.queue.byte-limit = 2147483647 (custom)
2019-11-15 21:51:32,232 [pool-579-thread-1] INFO  server.RaftServerConfigKeys (ConfUtils.java:logGet(43)) - raft.server.log.appender.buffer.byte-limit = 33554432 (custom)
2019-11-15 21:51:32,232 [pool-589-thread-1] INFO  server.RaftServerConfigKeys (ConfUtils.java:logGet(43)) - raft.server.log.queue.element-limit = 1024 (custom)
2019-11-15 21:51:32,232 [pool-569-thread-1] INFO  server.RaftServerConfigKeys (ConfUtils.java:logGet(43)) - raft.server.log.appender.buffer.byte-limit = 33554432 (custom)
2019-11-15 21:51:32,232 [pool-589-thread-1] INFO  server.RaftServerConfigKeys (ConfUtils.java:logGet(43)) - raft.server.log.segment.size.max = 1048576 (custom)
2019-11-15 21:51:32,232 [pool-579-thread-1] INFO  server.RaftServerConfigKeys (ConfUtils.java:logGet(43)) - raft.server.log.segment.size.max = 1048576 (custom)
2019-11-15 21:51:32,232 [pool-589-thread-1] INFO  server.RaftServerConfigKeys (ConfUtils.java:logGet(43)) - raft.server.log.preallocated.size = 16384 (custom)
2019-11-15 21:51:32,232 [pool-569-thread-1] INFO  server.RaftServerConfigKeys (ConfUtils.java:logGet(43)) - raft.server.log.segment.size.max = 1048576 (custom)
2019-11-15 21:51:32,232 [pool-589-thread-1] INFO  server.RaftServerConfigKeys (ConfUtils.java:logGet(43)) - raft.server.log.write.buffer.size = 33554432 (custom)
2019-11-15 21:51:32,233 [pool-589-thread-1] INFO  server.RaftServerConfigKeys (ConfUtils.java:logGet(43)) - raft.server.log.force.sync.num = 128 (default)
2019-11-15 21:51:32,232 [pool-579-thread-1] INFO  server.RaftServerConfigKeys (ConfUtils.java:logGet(43)) - raft.server.log.segment.cache.num.max = 2 (custom)
2019-11-15 21:51:32,233 [pool-589-thread-1] INFO  server.RaftServerConfigKeys (ConfUtils.java:logGet(43)) - raft.server.log.statemachine.data.sync = true (default)
2019-11-15 21:51:32,233 [pool-569-thread-1] INFO  server.RaftServerConfigKeys (ConfUtils.java:logGet(43)) - raft.server.log.segment.cache.num.max = 2 (custom)
2019-11-15 21:51:32,233 [pool-589-thread-1] INFO  server.RaftServerConfigKeys (ConfUtils.java:logGet(43)) - raft.server.log.statemachine.data.sync.timeout = 10s (default)
2019-11-15 21:51:32,233 [pool-579-thread-1] INFO  segmented.SegmentedRaftLogWorker (SegmentedRaftLogWorker.java:<init>(173)) - new 5e156848-495c-4d88-99d1-5a745ca90ed0@group-D2DDA09F38B3-SegmentedRaftLogWorker for RaftStorage:Storage Directory /workdir/hadoop-ozone/integration-test/target/test-dir/MiniOzoneClusterImpl-e150a234-18da-4756-b2e5-8eb09f38746c/datanode-7/data/ratis/2a1680dc-5ff9-4242-a5e0-d2dda09f38b3
2019-11-15 21:51:32,233 [pool-589-thread-1] INFO  server.RaftServerConfigKeys (ConfUtils.java:logGet(43)) - raft.server.log.statemachine.data.sync.timeout.retry = -1 (default)
2019-11-15 21:51:32,233 [pool-569-thread-1] INFO  segmented.SegmentedRaftLogWorker (SegmentedRaftLogWorker.java:<init>(173)) - new 09667cd7-469d-4450-b7d6-bfa43032ac6a@group-D2DDA09F38B3-SegmentedRaftLogWorker for RaftStorage:Storage Directory /workdir/hadoop-ozone/integration-test/target/test-dir/MiniOzoneClusterImpl-e150a234-18da-4756-b2e5-8eb09f38746c/datanode-6/data/ratis/2a1680dc-5ff9-4242-a5e0-d2dda09f38b3
2019-11-15 21:51:32,233 [pool-589-thread-1] INFO  server.RaftServerConfigKeys (ConfUtils.java:logGet(43)) - raft.server.log.statemachine.data.caching.enabled = true (custom)
2019-11-15 21:51:32,233 [pool-579-thread-1] INFO  server.RaftServerConfigKeys (ConfUtils.java:logGet(43)) - raft.server.log.queue.byte-limit = 2147483647 (custom)
2019-11-15 21:51:32,233 [pool-569-thread-1] INFO  server.RaftServerConfigKeys (ConfUtils.java:logGet(43)) - raft.server.log.queue.byte-limit = 2147483647 (custom)
2019-11-15 21:51:32,234 [pool-589-thread-1] INFO  segmented.SegmentedRaftLogWorker (SegmentedRaftLogWorker.java:lambda$new$0(128)) - 3eba0ff5-def1-46c6-a9bd-a10bbd02f1ce@group-D2DDA09F38B3-SegmentedRaftLogWorker: flushIndex: setUnconditionally 0 -> -1
2019-11-15 21:51:32,233 [pool-579-thread-1] INFO  server.RaftServerConfigKeys (ConfUtils.java:logGet(43)) - raft.server.log.queue.element-limit = 1024 (custom)
2019-11-15 21:51:32,234 [pool-569-thread-1] INFO  server.RaftServerConfigKeys (ConfUtils.java:logGet(43)) - raft.server.log.queue.element-limit = 1024 (custom)
2019-11-15 21:51:32,234 [pool-589-thread-1] INFO  server.RaftServerConfigKeys (ConfUtils.java:logGet(43)) - raft.server.snapshot.auto.trigger.enabled = true (custom)
2019-11-15 21:51:32,234 [pool-579-thread-1] INFO  server.RaftServerConfigKeys (ConfUtils.java:logGet(43)) - raft.server.log.segment.size.max = 1048576 (custom)
2019-11-15 21:51:32,234 [pool-589-thread-1] INFO  server.RaftServerConfigKeys (ConfUtils.java:logGet(43)) - raft.server.snapshot.auto.trigger.threshold = 10000 (custom)
2019-11-15 21:51:32,234 [pool-569-thread-1] INFO  server.RaftServerConfigKeys (ConfUtils.java:logGet(43)) - raft.server.log.segment.size.max = 1048576 (custom)
2019-11-15 21:51:32,234 [pool-589-thread-1] INFO  server.RaftServerConfigKeys (ConfUtils.java:logGet(43)) - raft.server.snapshot.retention.file.num = 5 (custom)
2019-11-15 21:51:32,234 [pool-579-thread-1] INFO  server.RaftServerConfigKeys (ConfUtils.java:logGet(43)) - raft.server.log.preallocated.size = 16384 (custom)
2019-11-15 21:51:32,234 [pool-589-thread-1] INFO  server.RaftServerConfigKeys (ConfUtils.java:logGet(43)) - raft.server.retrycache.expirytime = 600000ms (custom)
2019-11-15 21:51:32,234 [pool-569-thread-1] INFO  server.RaftServerConfigKeys (ConfUtils.java:logGet(43)) - raft.server.log.preallocated.size = 16384 (custom)
2019-11-15 21:51:32,235 [pool-589-thread-1] WARN  impl.MetricRegistriesImpl (MetricRegistriesImpl.java:lambda$create$1(61)) - First MetricRegistry has been created without registering reporters. You may need to call MetricRegistries.global().addReportRegistration(...) before.
2019-11-15 21:51:32,234 [pool-579-thread-1] INFO  server.RaftServerConfigKeys (ConfUtils.java:logGet(43)) - raft.server.log.write.buffer.size = 33554432 (custom)
2019-11-15 21:51:32,235 [pool-589-thread-1] WARN  impl.MetricRegistriesImpl (MetricRegistriesImpl.java:lambda$create$1(61)) - First MetricRegistry has been created without registering reporters. You may need to call MetricRegistries.global().addReportRegistration(...) before.
2019-11-15 21:51:32,235 [pool-569-thread-1] INFO  server.RaftServerConfigKeys (ConfUtils.java:logGet(43)) - raft.server.log.write.buffer.size = 33554432 (custom)
2019-11-15 21:51:32,235 [pool-589-thread-1] INFO  impl.RaftServerImpl (RaftServerImpl.java:start(184)) - 3eba0ff5-def1-46c6-a9bd-a10bbd02f1ce@group-D2DDA09F38B3: start as a follower, conf=-1: [3eba0ff5-def1-46c6-a9bd-a10bbd02f1ce:192.168.164.223:32938, 09667cd7-469d-4450-b7d6-bfa43032ac6a:192.168.164.223:41749, 5e156848-495c-4d88-99d1-5a745ca90ed0:192.168.164.223:41251], old=null
2019-11-15 21:51:32,235 [pool-579-thread-1] INFO  server.RaftServerConfigKeys (ConfUtils.java:logGet(43)) - raft.server.log.force.sync.num = 128 (default)
2019-11-15 21:51:32,235 [pool-589-thread-1] INFO  impl.RaftServerImpl (RaftServerImpl.java:setRole(173)) - 3eba0ff5-def1-46c6-a9bd-a10bbd02f1ce@group-D2DDA09F38B3: changes role from      null to FOLLOWER at term 0 for startAsFollower
2019-11-15 21:51:32,235 [pool-569-thread-1] INFO  server.RaftServerConfigKeys (ConfUtils.java:logGet(43)) - raft.server.log.force.sync.num = 128 (default)
2019-11-15 21:51:32,235 [pool-589-thread-1] INFO  impl.RoleInfo (RoleInfo.java:updateAndGet(143)) - 3eba0ff5-def1-46c6-a9bd-a10bbd02f1ce: start FollowerState
2019-11-15 21:51:32,235 [pool-579-thread-1] INFO  server.RaftServerConfigKeys (ConfUtils.java:logGet(43)) - raft.server.log.statemachine.data.sync = true (default)
2019-11-15 21:51:32,235 [pool-569-thread-1] INFO  server.RaftServerConfigKeys (ConfUtils.java:logGet(43)) - raft.server.log.statemachine.data.sync = true (default)
2019-11-15 21:51:32,235 [pool-579-thread-1] INFO  server.RaftServerConfigKeys (ConfUtils.java:logGet(43)) - raft.server.log.statemachine.data.sync.timeout = 10s (default)
2019-11-15 21:51:32,236 [pool-589-thread-1] INFO  util.JmxRegister (JmxRegister.java:tryRegister(44)) - Successfully registered JMX Bean with object name Ratis:service=RaftServer,group=group-D2DDA09F38B3,id=3eba0ff5-def1-46c6-a9bd-a10bbd02f1ce
2019-11-15 21:51:32,236 [pool-569-thread-1] INFO  server.RaftServerConfigKeys (ConfUtils.java:logGet(43)) - raft.server.log.statemachine.data.sync.timeout = 10s (default)
2019-11-15 21:51:32,236 [pool-589-thread-1] WARN  impl.MetricRegistriesImpl (MetricRegistriesImpl.java:lambda$create$1(61)) - First MetricRegistry has been created without registering reporters. You may need to call MetricRegistries.global().addReportRegistration(...) before.
2019-11-15 21:51:32,236 [pool-579-thread-1] INFO  server.RaftServerConfigKeys (ConfUtils.java:logGet(43)) - raft.server.log.statemachine.data.sync.timeout.retry = -1 (default)
2019-11-15 21:51:32,236 [pool-569-thread-1] INFO  server.RaftServerConfigKeys (ConfUtils.java:logGet(43)) - raft.server.log.statemachine.data.sync.timeout.retry = -1 (default)
2019-11-15 21:51:32,236 [pool-579-thread-1] INFO  server.RaftServerConfigKeys (ConfUtils.java:logGet(43)) - raft.server.log.statemachine.data.caching.enabled = true (custom)
2019-11-15 21:51:32,236 [pool-569-thread-1] INFO  server.RaftServerConfigKeys (ConfUtils.java:logGet(43)) - raft.server.log.statemachine.data.caching.enabled = true (custom)
2019-11-15 21:51:32,236 [pool-579-thread-1] INFO  segmented.SegmentedRaftLogWorker (SegmentedRaftLogWorker.java:lambda$new$0(128)) - 5e156848-495c-4d88-99d1-5a745ca90ed0@group-D2DDA09F38B3-SegmentedRaftLogWorker: flushIndex: setUnconditionally 0 -> -1
2019-11-15 21:51:32,236 [pool-569-thread-1] INFO  segmented.SegmentedRaftLogWorker (SegmentedRaftLogWorker.java:lambda$new$0(128)) - 09667cd7-469d-4450-b7d6-bfa43032ac6a@group-D2DDA09F38B3-SegmentedRaftLogWorker: flushIndex: setUnconditionally 0 -> -1
2019-11-15 21:51:32,236 [pool-579-thread-1] INFO  server.RaftServerConfigKeys (ConfUtils.java:logGet(43)) - raft.server.snapshot.auto.trigger.enabled = true (custom)
2019-11-15 21:51:32,237 [pool-569-thread-1] INFO  server.RaftServerConfigKeys (ConfUtils.java:logGet(43)) - raft.server.snapshot.auto.trigger.enabled = true (custom)
2019-11-15 21:51:32,237 [pool-579-thread-1] INFO  server.RaftServerConfigKeys (ConfUtils.java:logGet(43)) - raft.server.snapshot.auto.trigger.threshold = 10000 (custom)
2019-11-15 21:51:32,237 [pool-569-thread-1] INFO  server.RaftServerConfigKeys (ConfUtils.java:logGet(43)) - raft.server.snapshot.auto.trigger.threshold = 10000 (custom)
2019-11-15 21:51:32,237 [pool-579-thread-1] INFO  server.RaftServerConfigKeys (ConfUtils.java:logGet(43)) - raft.server.snapshot.retention.file.num = 5 (custom)
2019-11-15 21:51:32,237 [pool-569-thread-1] INFO  server.RaftServerConfigKeys (ConfUtils.java:logGet(43)) - raft.server.snapshot.retention.file.num = 5 (custom)
2019-11-15 21:51:32,237 [pool-579-thread-1] INFO  server.RaftServerConfigKeys (ConfUtils.java:logGet(43)) - raft.server.retrycache.expirytime = 600000ms (custom)
2019-11-15 21:51:32,237 [pool-569-thread-1] INFO  server.RaftServerConfigKeys (ConfUtils.java:logGet(43)) - raft.server.retrycache.expirytime = 600000ms (custom)
2019-11-15 21:51:32,237 [pool-579-thread-1] WARN  impl.MetricRegistriesImpl (MetricRegistriesImpl.java:lambda$create$1(61)) - First MetricRegistry has been created without registering reporters. You may need to call MetricRegistries.global().addReportRegistration(...) before.
2019-11-15 21:51:32,237 [pool-569-thread-1] WARN  impl.MetricRegistriesImpl (MetricRegistriesImpl.java:lambda$create$1(61)) - First MetricRegistry has been created without registering reporters. You may need to call MetricRegistries.global().addReportRegistration(...) before.
2019-11-15 21:51:32,237 [pool-579-thread-1] WARN  impl.MetricRegistriesImpl (MetricRegistriesImpl.java:lambda$create$1(61)) - First MetricRegistry has been created without registering reporters. You may need to call MetricRegistries.global().addReportRegistration(...) before.
2019-11-15 21:51:32,237 [pool-569-thread-1] WARN  impl.MetricRegistriesImpl (MetricRegistriesImpl.java:lambda$create$1(61)) - First MetricRegistry has been created without registering reporters. You may need to call MetricRegistries.global().addReportRegistration(...) before.
2019-11-15 21:51:32,238 [pool-579-thread-1] INFO  impl.RaftServerImpl (RaftServerImpl.java:start(184)) - 5e156848-495c-4d88-99d1-5a745ca90ed0@group-D2DDA09F38B3: start as a follower, conf=-1: [3eba0ff5-def1-46c6-a9bd-a10bbd02f1ce:192.168.164.223:32938, 09667cd7-469d-4450-b7d6-bfa43032ac6a:192.168.164.223:41749, 5e156848-495c-4d88-99d1-5a745ca90ed0:192.168.164.223:41251], old=null
2019-11-15 21:51:32,238 [pool-569-thread-1] INFO  impl.RaftServerImpl (RaftServerImpl.java:start(184)) - 09667cd7-469d-4450-b7d6-bfa43032ac6a@group-D2DDA09F38B3: start as a follower, conf=-1: [3eba0ff5-def1-46c6-a9bd-a10bbd02f1ce:192.168.164.223:32938, 09667cd7-469d-4450-b7d6-bfa43032ac6a:192.168.164.223:41749, 5e156848-495c-4d88-99d1-5a745ca90ed0:192.168.164.223:41251], old=null
2019-11-15 21:51:32,238 [pool-579-thread-1] INFO  impl.RaftServerImpl (RaftServerImpl.java:setRole(173)) - 5e156848-495c-4d88-99d1-5a745ca90ed0@group-D2DDA09F38B3: changes role from      null to FOLLOWER at term 0 for startAsFollower
2019-11-15 21:51:32,238 [pool-569-thread-1] INFO  impl.RaftServerImpl (RaftServerImpl.java:setRole(173)) - 09667cd7-469d-4450-b7d6-bfa43032ac6a@group-D2DDA09F38B3: changes role from      null to FOLLOWER at term 0 for startAsFollower
2019-11-15 21:51:32,238 [pool-579-thread-1] INFO  impl.RoleInfo (RoleInfo.java:updateAndGet(143)) - 5e156848-495c-4d88-99d1-5a745ca90ed0: start FollowerState
2019-11-15 21:51:32,238 [pool-569-thread-1] INFO  impl.RoleInfo (RoleInfo.java:updateAndGet(143)) - 09667cd7-469d-4450-b7d6-bfa43032ac6a: start FollowerState
2019-11-15 21:51:32,238 [pool-579-thread-1] INFO  util.JmxRegister (JmxRegister.java:tryRegister(44)) - Successfully registered JMX Bean with object name Ratis:service=RaftServer,group=group-D2DDA09F38B3,id=5e156848-495c-4d88-99d1-5a745ca90ed0
2019-11-15 21:51:32,238 [pool-579-thread-1] WARN  impl.MetricRegistriesImpl (MetricRegistriesImpl.java:lambda$create$1(61)) - First MetricRegistry has been created without registering reporters. You may need to call MetricRegistries.global().addReportRegistration(...) before.
2019-11-15 21:51:32,238 [pool-569-thread-1] INFO  util.JmxRegister (JmxRegister.java:tryRegister(44)) - Successfully registered JMX Bean with object name Ratis:service=RaftServer,group=group-D2DDA09F38B3,id=09667cd7-469d-4450-b7d6-bfa43032ac6a
2019-11-15 21:51:32,238 [pool-569-thread-1] WARN  impl.MetricRegistriesImpl (MetricRegistriesImpl.java:lambda$create$1(61)) - First MetricRegistry has been created without registering reporters. You may need to call MetricRegistries.global().addReportRegistration(...) before.
2019-11-15 21:51:32,240 [RatisPipelineUtilsThread] INFO  pipeline.PipelineStateManager (PipelineStateManager.java:addPipeline(55)) - Created pipeline Pipeline[ Id: 2a1680dc-5ff9-4242-a5e0-d2dda09f38b3, Nodes: 3eba0ff5-def1-46c6-a9bd-a10bbd02f1ce{ip: 192.168.164.223, host: pr-hdds-2493-5rwwl-1515842690, networkLocation: /rack1, certSerialId: null}5e156848-495c-4d88-99d1-5a745ca90ed0{ip: 192.168.164.223, host: pr-hdds-2493-5rwwl-1515842690, networkLocation: /rack1, certSerialId: null}09667cd7-469d-4450-b7d6-bfa43032ac6a{ip: 192.168.164.223, host: pr-hdds-2493-5rwwl-1515842690, networkLocation: /rack1, certSerialId: null}, Type:RATIS, Factor:THREE, State:ALLOCATED]
2019-11-15 21:51:32,240 [Thread-3957] INFO  pipeline.PipelineStateManager (PipelineStateManager.java:finalizePipeline(121)) - Pipeline Pipeline[ Id: 596ac8d9-554c-4085-a532-be3cb0bca9ef, Nodes: 3eba0ff5-def1-46c6-a9bd-a10bbd02f1ce{ip: 192.168.164.223, host: pr-hdds-2493-5rwwl-1515842690, networkLocation: /rack1, certSerialId: null}, Type:RATIS, Factor:ONE, State:CLOSED] moved to CLOSED state
2019-11-15 21:51:32,242 [grpc-default-executor-4] INFO  impl.RaftServerProxy (RaftServerProxy.java:remove(95)) - 3eba0ff5-def1-46c6-a9bd-a10bbd02f1ce: remove    LEADER 3eba0ff5-def1-46c6-a9bd-a10bbd02f1ce@group-BE3CB0BCA9EF:t1, leader=3eba0ff5-def1-46c6-a9bd-a10bbd02f1ce, voted=3eba0ff5-def1-46c6-a9bd-a10bbd02f1ce, raftlog=3eba0ff5-def1-46c6-a9bd-a10bbd02f1ce@group-BE3CB0BCA9EF-SegmentedRaftLog:OPENED:c0,f0,i0, conf=0: [3eba0ff5-def1-46c6-a9bd-a10bbd02f1ce:192.168.164.223:32938], old=null RUNNING
2019-11-15 21:51:32,243 [grpc-default-executor-4] INFO  impl.RaftServerImpl (RaftServerImpl.java:lambda$shutdown$3(250)) - 3eba0ff5-def1-46c6-a9bd-a10bbd02f1ce@group-BE3CB0BCA9EF: shutdown
2019-11-15 21:51:32,243 [grpc-default-executor-4] INFO  util.JmxRegister (JmxRegister.java:unregister(73)) - Successfully un-registered JMX Bean with object name Ratis:service=RaftServer,group=group-BE3CB0BCA9EF,id=3eba0ff5-def1-46c6-a9bd-a10bbd02f1ce
2019-11-15 21:51:32,243 [grpc-default-executor-4] INFO  impl.RoleInfo (RoleInfo.java:shutdownLeaderState(104)) - 3eba0ff5-def1-46c6-a9bd-a10bbd02f1ce: shutdown LeaderState
2019-11-15 21:51:32,243 [grpc-default-executor-4] INFO  impl.PendingRequests (PendingRequests.java:sendNotLeaderResponses(206)) - 3eba0ff5-def1-46c6-a9bd-a10bbd02f1ce@group-BE3CB0BCA9EF-PendingRequests: sendNotLeaderResponses
2019-11-15 21:51:32,243 [grpc-default-executor-4] INFO  impl.StateMachineUpdater (StateMachineUpdater.java:stopAndJoin(136)) - 3eba0ff5-def1-46c6-a9bd-a10bbd02f1ce@group-BE3CB0BCA9EF-StateMachineUpdater: set stopIndex = 0
2019-11-15 21:51:32,243 [grpc-default-executor-4] INFO  impl.RaftServerImpl (ServerState.java:close(387)) - 3eba0ff5-def1-46c6-a9bd-a10bbd02f1ce@group-BE3CB0BCA9EF: closes. applyIndex: 0
2019-11-15 21:51:32,244 [3eba0ff5-def1-46c6-a9bd-a10bbd02f1ce@group-BE3CB0BCA9EF-SegmentedRaftLogWorker] INFO  segmented.SegmentedRaftLogWorker (SegmentedRaftLogWorker.java:run(316)) - 3eba0ff5-def1-46c6-a9bd-a10bbd02f1ce@group-BE3CB0BCA9EF-SegmentedRaftLogWorker was interrupted, exiting. There are 0 tasks remaining in the queue.
2019-11-15 21:51:32,244 [grpc-default-executor-4] INFO  segmented.SegmentedRaftLogWorker (SegmentedRaftLogWorker.java:close(224)) - 3eba0ff5-def1-46c6-a9bd-a10bbd02f1ce@group-BE3CB0BCA9EF-SegmentedRaftLogWorker close()
2019-11-15 21:51:32,248 [Thread-3957] INFO  pipeline.PipelineStateManager (PipelineStateManager.java:removePipeline(106)) - Pipeline Pipeline[ Id: 596ac8d9-554c-4085-a532-be3cb0bca9ef, Nodes: 3eba0ff5-def1-46c6-a9bd-a10bbd02f1ce{ip: 192.168.164.223, host: pr-hdds-2493-5rwwl-1515842690, networkLocation: /rack1, certSerialId: null}, Type:RATIS, Factor:ONE, State:CLOSED] removed from db
2019-11-15 21:51:32,248 [Thread-3957] INFO  pipeline.SCMPipelineManager (SCMPipelineManager.java:finalizeAndDestroyPipeline(315)) - destroying pipeline:Pipeline[ Id: 6d5ffd8e-01de-4e2c-84a8-0691772312f4, Nodes: 3c01ffb1-b295-42d9-9874-9e0ba4053462{ip: 192.168.164.223, host: pr-hdds-2493-5rwwl-1515842690, networkLocation: /rack1, certSerialId: null}3ab85592-c721-41be-99a8-6d8df6ca420d{ip: 192.168.164.223, host: pr-hdds-2493-5rwwl-1515842690, networkLocation: /rack1, certSerialId: null}6fbcf556-c950-470a-b12c-d884793bba84{ip: 192.168.164.223, host: pr-hdds-2493-5rwwl-1515842690, networkLocation: /rack1, certSerialId: null}, Type:RATIS, Factor:THREE, State:OPEN]
2019-11-15 21:51:32,251 [grpc-default-executor-4] INFO  impl.RaftServerProxy (RaftServerProxy.java:addNew(89)) - 3eba0ff5-def1-46c6-a9bd-a10bbd02f1ce: addNew group-95F4CB89DD8F:[3eba0ff5-def1-46c6-a9bd-a10bbd02f1ce:192.168.164.223:32938] returns group-95F4CB89DD8F:java.util.concurrent.CompletableFuture@7bfe33ce[Not completed]
2019-11-15 21:51:32,251 [pool-589-thread-1] INFO  impl.RaftServerImpl (RaftServerImpl.java:<init>(98)) - 3eba0ff5-def1-46c6-a9bd-a10bbd02f1ce: new RaftServerImpl for group-95F4CB89DD8F:[3eba0ff5-def1-46c6-a9bd-a10bbd02f1ce:192.168.164.223:32938] with ContainerStateMachine:uninitialized
2019-11-15 21:51:32,251 [pool-589-thread-1] INFO  server.RaftServerConfigKeys (ConfUtils.java:logGet(43)) - raft.server.rpc.timeout.min = 1s (custom)
2019-11-15 21:51:32,251 [pool-589-thread-1] INFO  server.RaftServerConfigKeys (ConfUtils.java:logGet(43)) - raft.server.rpc.timeout.max = 1200ms (custom)
2019-11-15 21:51:32,251 [pool-589-thread-1] INFO  server.RaftServerConfigKeys (ConfUtils.java:logGet(43)) - raft.server.rpcslowness.timeout = 120s (custom)
2019-11-15 21:51:32,252 [pool-589-thread-1] INFO  server.RaftServerConfigKeys (ConfUtils.java:logGet(43)) - raft.server.sleep.deviation.threshold = 300 (default)
2019-11-15 21:51:32,252 [pool-589-thread-1] INFO  server.RaftServerConfigKeys (ConfUtils.java:logGet(43)) - raft.server.log.appender.install.snapshot.enabled = false (custom)
2019-11-15 21:51:32,252 [pool-589-thread-1] INFO  impl.RaftServerImpl (ServerState.java:<init>(103)) - 3eba0ff5-def1-46c6-a9bd-a10bbd02f1ce@group-95F4CB89DD8F: ConfigurationManager, init=-1: [3eba0ff5-def1-46c6-a9bd-a10bbd02f1ce:192.168.164.223:32938], old=null, confs=<EMPTY_MAP>
2019-11-15 21:51:32,252 [pool-589-thread-1] INFO  server.RaftServerConfigKeys (ConfUtils.java:logGet(43)) - raft.server.storage.dir = [/workdir/hadoop-ozone/integration-test/target/test-dir/MiniOzoneClusterImpl-e150a234-18da-4756-b2e5-8eb09f38746c/datanode-8/data/ratis] (custom)
2019-11-15 21:51:32,252 [pool-589-thread-1] INFO  server.RaftServerConfigKeys (ConfUtils.java:logGet(43)) - raft.server.log.corruption.policy = EXCEPTION (default)
2019-11-15 21:51:32,252 [pool-589-thread-1] INFO  storage.RaftStorageDirectory (RaftStorageDirectory.java:analyzeStorage(246)) - The storage directory /workdir/hadoop-ozone/integration-test/target/test-dir/MiniOzoneClusterImpl-e150a234-18da-4756-b2e5-8eb09f38746c/datanode-8/data/ratis/1d71ddbf-ac6b-483f-9e16-95f4cb89dd8f does not exist. Creating ...
2019-11-15 21:51:32,273 [pool-589-thread-1] INFO  storage.RaftStorageDirectory (RaftStorageDirectory.java:tryLock(328)) - Lock on /workdir/hadoop-ozone/integration-test/target/test-dir/MiniOzoneClusterImpl-e150a234-18da-4756-b2e5-8eb09f38746c/datanode-8/data/ratis/1d71ddbf-ac6b-483f-9e16-95f4cb89dd8f/in_use.lock acquired by nodename 4447@pr-hdds-2493-5rwwl-1515842690
2019-11-15 21:51:32,286 [pool-589-thread-1] INFO  storage.RaftStorage (RaftStorage.java:format(84)) - Storage directory /workdir/hadoop-ozone/integration-test/target/test-dir/MiniOzoneClusterImpl-e150a234-18da-4756-b2e5-8eb09f38746c/datanode-8/data/ratis/1d71ddbf-ac6b-483f-9e16-95f4cb89dd8f has been successfully formatted.
2019-11-15 21:51:32,286 [pool-589-thread-1] INFO  ratis.ContainerStateMachine (ContainerStateMachine.java:loadSnapshot(223)) - group-95F4CB89DD8F: The snapshot info is null. Setting the last applied indexto:(t:0, i:~)
2019-11-15 21:51:32,286 [pool-589-thread-1] INFO  server.RaftServerConfigKeys (ConfUtils.java:logGet(43)) - raft.server.notification.no-leader.timeout = 120s (custom)
2019-11-15 21:51:32,286 [pool-589-thread-1] INFO  server.RaftServerConfigKeys (ConfUtils.java:logGet(43)) - raft.server.log.use.memory = false (default)
2019-11-15 21:51:32,287 [pool-589-thread-1] INFO  server.RaftServerConfigKeys (ConfUtils.java:logGet(43)) - raft.server.log.purge.gap = 1000000 (custom)
2019-11-15 21:51:32,287 [pool-589-thread-1] INFO  server.RaftServerConfigKeys (ConfUtils.java:logGet(43)) - raft.server.log.appender.buffer.byte-limit = 33554432 (custom)
2019-11-15 21:51:32,287 [pool-589-thread-1] INFO  server.RaftServerConfigKeys (ConfUtils.java:logGet(43)) - raft.server.log.segment.size.max = 1048576 (custom)
2019-11-15 21:51:32,287 [pool-589-thread-1] INFO  server.RaftServerConfigKeys (ConfUtils.java:logGet(43)) - raft.server.log.segment.cache.num.max = 2 (custom)
2019-11-15 21:51:32,287 [pool-589-thread-1] INFO  segmented.SegmentedRaftLogWorker (SegmentedRaftLogWorker.java:<init>(173)) - new 3eba0ff5-def1-46c6-a9bd-a10bbd02f1ce@group-95F4CB89DD8F-SegmentedRaftLogWorker for RaftStorage:Storage Directory /workdir/hadoop-ozone/integration-test/target/test-dir/MiniOzoneClusterImpl-e150a234-18da-4756-b2e5-8eb09f38746c/datanode-8/data/ratis/1d71ddbf-ac6b-483f-9e16-95f4cb89dd8f
2019-11-15 21:51:32,287 [pool-589-thread-1] INFO  server.RaftServerConfigKeys (ConfUtils.java:logGet(43)) - raft.server.log.queue.byte-limit = 2147483647 (custom)
2019-11-15 21:51:32,287 [pool-589-thread-1] INFO  server.RaftServerConfigKeys (ConfUtils.java:logGet(43)) - raft.server.log.queue.element-limit = 1024 (custom)
2019-11-15 21:51:32,287 [pool-589-thread-1] INFO  server.RaftServerConfigKeys (ConfUtils.java:logGet(43)) - raft.server.log.segment.size.max = 1048576 (custom)
2019-11-15 21:51:32,287 [pool-589-thread-1] INFO  server.RaftServerConfigKeys (ConfUtils.java:logGet(43)) - raft.server.log.preallocated.size = 16384 (custom)
2019-11-15 21:51:32,287 [pool-589-thread-1] INFO  server.RaftServerConfigKeys (ConfUtils.java:logGet(43)) - raft.server.log.write.buffer.size = 33554432 (custom)
2019-11-15 21:51:32,287 [pool-589-thread-1] INFO  server.RaftServerConfigKeys (ConfUtils.java:logGet(43)) - raft.server.log.force.sync.num = 128 (default)
2019-11-15 21:51:32,287 [pool-589-thread-1] INFO  server.RaftServerConfigKeys (ConfUtils.java:logGet(43)) - raft.server.log.statemachine.data.sync = true (default)
2019-11-15 21:51:32,288 [pool-589-thread-1] INFO  server.RaftServerConfigKeys (ConfUtils.java:logGet(43)) - raft.server.log.statemachine.data.sync.timeout = 10s (default)
2019-11-15 21:51:32,288 [pool-589-thread-1] INFO  server.RaftServerConfigKeys (ConfUtils.java:logGet(43)) - raft.server.log.statemachine.data.sync.timeout.retry = -1 (default)
2019-11-15 21:51:32,288 [pool-589-thread-1] INFO  server.RaftServerConfigKeys (ConfUtils.java:logGet(43)) - raft.server.log.statemachine.data.caching.enabled = true (custom)
2019-11-15 21:51:32,288 [pool-589-thread-1] INFO  segmented.SegmentedRaftLogWorker (SegmentedRaftLogWorker.java:lambda$new$0(128)) - 3eba0ff5-def1-46c6-a9bd-a10bbd02f1ce@group-95F4CB89DD8F-SegmentedRaftLogWorker: flushIndex: setUnconditionally 0 -> -1
2019-11-15 21:51:32,288 [pool-589-thread-1] INFO  server.RaftServerConfigKeys (ConfUtils.java:logGet(43)) - raft.server.snapshot.auto.trigger.enabled = true (custom)
2019-11-15 21:51:32,288 [pool-589-thread-1] INFO  server.RaftServerConfigKeys (ConfUtils.java:logGet(43)) - raft.server.snapshot.auto.trigger.threshold = 10000 (custom)
2019-11-15 21:51:32,288 [pool-589-thread-1] INFO  server.RaftServerConfigKeys (ConfUtils.java:logGet(43)) - raft.server.snapshot.retention.file.num = 5 (custom)
2019-11-15 21:51:32,288 [pool-589-thread-1] INFO  server.RaftServerConfigKeys (ConfUtils.java:logGet(43)) - raft.server.retrycache.expirytime = 600000ms (custom)
2019-11-15 21:51:32,288 [pool-589-thread-1] WARN  impl.MetricRegistriesImpl (MetricRegistriesImpl.java:lambda$create$1(61)) - First MetricRegistry has been created without registering reporters. You may need to call MetricRegistries.global().addReportRegistration(...) before.
2019-11-15 21:51:32,289 [pool-589-thread-1] WARN  impl.MetricRegistriesImpl (MetricRegistriesImpl.java:lambda$create$1(61)) - First MetricRegistry has been created without registering reporters. You may need to call MetricRegistries.global().addReportRegistration(...) before.
2019-11-15 21:51:32,289 [pool-589-thread-1] INFO  impl.RaftServerImpl (RaftServerImpl.java:start(184)) - 3eba0ff5-def1-46c6-a9bd-a10bbd02f1ce@group-95F4CB89DD8F: start as a follower, conf=-1: [3eba0ff5-def1-46c6-a9bd-a10bbd02f1ce:192.168.164.223:32938], old=null
2019-11-15 21:51:32,289 [pool-589-thread-1] INFO  impl.RaftServerImpl (RaftServerImpl.java:setRole(173)) - 3eba0ff5-def1-46c6-a9bd-a10bbd02f1ce@group-95F4CB89DD8F: changes role from      null to FOLLOWER at term 0 for startAsFollower
2019-11-15 21:51:32,289 [pool-589-thread-1] INFO  impl.RoleInfo (RoleInfo.java:updateAndGet(143)) - 3eba0ff5-def1-46c6-a9bd-a10bbd02f1ce: start FollowerState
2019-11-15 21:51:32,289 [pool-589-thread-1] INFO  util.JmxRegister (JmxRegister.java:tryRegister(44)) - Successfully registered JMX Bean with object name Ratis:service=RaftServer,group=group-95F4CB89DD8F,id=3eba0ff5-def1-46c6-a9bd-a10bbd02f1ce
2019-11-15 21:51:32,289 [pool-589-thread-1] WARN  impl.MetricRegistriesImpl (MetricRegistriesImpl.java:lambda$create$1(61)) - First MetricRegistry has been created without registering reporters. You may need to call MetricRegistries.global().addReportRegistration(...) before.
2019-11-15 21:51:32,291 [RatisPipelineUtilsThread] INFO  pipeline.PipelineStateManager (PipelineStateManager.java:addPipeline(55)) - Created pipeline Pipeline[ Id: 1d71ddbf-ac6b-483f-9e16-95f4cb89dd8f, Nodes: 3eba0ff5-def1-46c6-a9bd-a10bbd02f1ce{ip: 192.168.164.223, host: pr-hdds-2493-5rwwl-1515842690, networkLocation: /rack1, certSerialId: null}, Type:RATIS, Factor:ONE, State:ALLOCATED]
2019-11-15 21:51:32,294 [Thread-3957] INFO  pipeline.PipelineStateManager (PipelineStateManager.java:finalizePipeline(121)) - Pipeline Pipeline[ Id: 6d5ffd8e-01de-4e2c-84a8-0691772312f4, Nodes: 3c01ffb1-b295-42d9-9874-9e0ba4053462{ip: 192.168.164.223, host: pr-hdds-2493-5rwwl-1515842690, networkLocation: /rack1, certSerialId: null}3ab85592-c721-41be-99a8-6d8df6ca420d{ip: 192.168.164.223, host: pr-hdds-2493-5rwwl-1515842690, networkLocation: /rack1, certSerialId: null}6fbcf556-c950-470a-b12c-d884793bba84{ip: 192.168.164.223, host: pr-hdds-2493-5rwwl-1515842690, networkLocation: /rack1, certSerialId: null}, Type:RATIS, Factor:THREE, State:CLOSED] moved to CLOSED state
2019-11-15 21:51:32,297 [grpc-default-executor-4] INFO  impl.RaftServerProxy (RaftServerProxy.java:remove(95)) - 3c01ffb1-b295-42d9-9874-9e0ba4053462: remove  FOLLOWER 3c01ffb1-b295-42d9-9874-9e0ba4053462@group-0691772312F4:t1, leader=3ab85592-c721-41be-99a8-6d8df6ca420d, voted=3ab85592-c721-41be-99a8-6d8df6ca420d, raftlog=3c01ffb1-b295-42d9-9874-9e0ba4053462@group-0691772312F4-SegmentedRaftLog:OPENED:c0,f0,i0, conf=0: [3ab85592-c721-41be-99a8-6d8df6ca420d:192.168.164.223:38768, 3c01ffb1-b295-42d9-9874-9e0ba4053462:192.168.164.223:36934, 6fbcf556-c950-470a-b12c-d884793bba84:192.168.164.223:46779], old=null RUNNING
2019-11-15 21:51:32,297 [grpc-default-executor-4] INFO  impl.RaftServerImpl (RaftServerImpl.java:lambda$shutdown$3(250)) - 3c01ffb1-b295-42d9-9874-9e0ba4053462@group-0691772312F4: shutdown
2019-11-15 21:51:32,297 [grpc-default-executor-4] INFO  util.JmxRegister (JmxRegister.java:unregister(73)) - Successfully un-registered JMX Bean with object name Ratis:service=RaftServer,group=group-0691772312F4,id=3c01ffb1-b295-42d9-9874-9e0ba4053462
2019-11-15 21:51:32,297 [grpc-default-executor-4] INFO  impl.RoleInfo (RoleInfo.java:shutdownFollowerState(121)) - 3c01ffb1-b295-42d9-9874-9e0ba4053462: shutdown FollowerState
2019-11-15 21:51:32,297 [grpc-default-executor-4] INFO  impl.StateMachineUpdater (StateMachineUpdater.java:stopAndJoin(136)) - 3c01ffb1-b295-42d9-9874-9e0ba4053462@group-0691772312F4-StateMachineUpdater: set stopIndex = 0
2019-11-15 21:51:32,297 [Thread-4023] INFO  impl.FollowerState (FollowerState.java:run(120)) - 3c01ffb1-b295-42d9-9874-9e0ba4053462@group-0691772312F4-FollowerState was interrupted: java.lang.InterruptedException: sleep interrupted
2019-11-15 21:51:32,297 [grpc-default-executor-4] INFO  impl.RaftServerImpl (ServerState.java:close(387)) - 3c01ffb1-b295-42d9-9874-9e0ba4053462@group-0691772312F4: closes. applyIndex: 0
2019-11-15 21:51:32,298 [3c01ffb1-b295-42d9-9874-9e0ba4053462@group-0691772312F4-SegmentedRaftLogWorker] INFO  segmented.SegmentedRaftLogWorker (SegmentedRaftLogWorker.java:run(316)) - 3c01ffb1-b295-42d9-9874-9e0ba4053462@group-0691772312F4-SegmentedRaftLogWorker was interrupted, exiting. There are 0 tasks remaining in the queue.
2019-11-15 21:51:32,298 [grpc-default-executor-4] INFO  segmented.SegmentedRaftLogWorker (SegmentedRaftLogWorker.java:close(224)) - 3c01ffb1-b295-42d9-9874-9e0ba4053462@group-0691772312F4-SegmentedRaftLogWorker close()
2019-11-15 21:51:32,303 [grpc-default-executor-4] INFO  impl.RaftServerProxy (RaftServerProxy.java:remove(95)) - 3ab85592-c721-41be-99a8-6d8df6ca420d: remove    LEADER 3ab85592-c721-41be-99a8-6d8df6ca420d@group-0691772312F4:t1, leader=3ab85592-c721-41be-99a8-6d8df6ca420d, voted=3ab85592-c721-41be-99a8-6d8df6ca420d, raftlog=3ab85592-c721-41be-99a8-6d8df6ca420d@group-0691772312F4-SegmentedRaftLog:OPENED:c0,f0,i0, conf=0: [3ab85592-c721-41be-99a8-6d8df6ca420d:192.168.164.223:38768, 3c01ffb1-b295-42d9-9874-9e0ba4053462:192.168.164.223:36934, 6fbcf556-c950-470a-b12c-d884793bba84:192.168.164.223:46779], old=null RUNNING
2019-11-15 21:51:32,303 [grpc-default-executor-4] INFO  impl.RaftServerImpl (RaftServerImpl.java:lambda$shutdown$3(250)) - 3ab85592-c721-41be-99a8-6d8df6ca420d@group-0691772312F4: shutdown
2019-11-15 21:51:32,303 [grpc-default-executor-4] INFO  util.JmxRegister (JmxRegister.java:unregister(73)) - Successfully un-registered JMX Bean with object name Ratis:service=RaftServer,group=group-0691772312F4,id=3ab85592-c721-41be-99a8-6d8df6ca420d
2019-11-15 21:51:32,303 [grpc-default-executor-4] INFO  impl.RoleInfo (RoleInfo.java:shutdownLeaderState(104)) - 3ab85592-c721-41be-99a8-6d8df6ca420d: shutdown LeaderState
2019-11-15 21:51:32,303 [grpc-default-executor-4] INFO  impl.PendingRequests (PendingRequests.java:sendNotLeaderResponses(206)) - 3ab85592-c721-41be-99a8-6d8df6ca420d@group-0691772312F4-PendingRequests: sendNotLeaderResponses
2019-11-15 21:51:32,303 [org.apache.ratis.server.impl.LogAppender$AppenderDaemon$$Lambda$472/95030288@2caba608] WARN  server.GrpcLogAppender (GrpcLogAppender.java:mayWait(151)) - 3ab85592-c721-41be-99a8-6d8df6ca420d@group-0691772312F4->6fbcf556-c950-470a-b12c-d884793bba84-GrpcLogAppender: Wait interrupted by java.lang.InterruptedException
2019-11-15 21:51:32,303 [org.apache.ratis.server.impl.LogAppender$AppenderDaemon$$Lambda$472/95030288@69a93559] WARN  server.GrpcLogAppender (GrpcLogAppender.java:mayWait(151)) - 3ab85592-c721-41be-99a8-6d8df6ca420d@group-0691772312F4->3c01ffb1-b295-42d9-9874-9e0ba4053462-GrpcLogAppender: Wait interrupted by java.lang.InterruptedException
2019-11-15 21:51:32,304 [grpc-default-executor-4] INFO  impl.StateMachineUpdater (StateMachineUpdater.java:stopAndJoin(136)) - 3ab85592-c721-41be-99a8-6d8df6ca420d@group-0691772312F4-StateMachineUpdater: set stopIndex = 0
2019-11-15 21:51:32,304 [grpc-default-executor-4] INFO  impl.RaftServerImpl (ServerState.java:close(387)) - 3ab85592-c721-41be-99a8-6d8df6ca420d@group-0691772312F4: closes. applyIndex: 0
2019-11-15 21:51:32,304 [grpc-default-executor-0] INFO  server.GrpcServerProtocolService (GrpcServerProtocolService.java:onCompleted(113)) - 6fbcf556-c950-470a-b12c-d884793bba84: Completed APPEND_ENTRIES, lastRequest: 3ab85592-c721-41be-99a8-6d8df6ca420d->6fbcf556-c950-470a-b12c-d884793bba84#5-t1, previous=(t:1, i:0), leaderCommit=0, initializing? false, entries: <empty>
2019-11-15 21:51:32,304 [grpc-default-executor-6] INFO  server.GrpcServerProtocolService (GrpcServerProtocolService.java:onCompleted(113)) - 3c01ffb1-b295-42d9-9874-9e0ba4053462: Completed APPEND_ENTRIES, lastRequest: 3ab85592-c721-41be-99a8-6d8df6ca420d->3c01ffb1-b295-42d9-9874-9e0ba4053462#5-t1, previous=(t:1, i:0), leaderCommit=0, initializing? false, entries: <empty>
2019-11-15 21:51:32,304 [3ab85592-c721-41be-99a8-6d8df6ca420d@group-0691772312F4-SegmentedRaftLogWorker] INFO  segmented.SegmentedRaftLogWorker (SegmentedRaftLogWorker.java:run(316)) - 3ab85592-c721-41be-99a8-6d8df6ca420d@group-0691772312F4-SegmentedRaftLogWorker was interrupted, exiting. There are 0 tasks remaining in the queue.
2019-11-15 21:51:32,304 [grpc-default-executor-6] INFO  server.GrpcLogAppender (GrpcLogAppender.java:onCompleted(308)) - 3ab85592-c721-41be-99a8-6d8df6ca420d@group-0691772312F4->6fbcf556-c950-470a-b12c-d884793bba84-AppendLogResponseHandler: follower responses appendEntries COMPLETED
2019-11-15 21:51:32,304 [grpc-default-executor-2] INFO  server.GrpcLogAppender (GrpcLogAppender.java:onCompleted(308)) - 3ab85592-c721-41be-99a8-6d8df6ca420d@group-0691772312F4->3c01ffb1-b295-42d9-9874-9e0ba4053462-AppendLogResponseHandler: follower responses appendEntries COMPLETED
2019-11-15 21:51:32,304 [grpc-default-executor-4] INFO  segmented.SegmentedRaftLogWorker (SegmentedRaftLogWorker.java:close(224)) - 3ab85592-c721-41be-99a8-6d8df6ca420d@group-0691772312F4-SegmentedRaftLogWorker close()
2019-11-15 21:51:32,305 [grpc-default-executor-6] INFO  impl.FollowerInfo (FollowerInfo.java:lambda$new$0(51)) - 3ab85592-c721-41be-99a8-6d8df6ca420d@group-0691772312F4->6fbcf556-c950-470a-b12c-d884793bba84: nextIndex: updateUnconditionally 1 -> 0
2019-11-15 21:51:32,307 [grpc-default-executor-2] INFO  impl.FollowerInfo (FollowerInfo.java:lambda$new$0(51)) - 3ab85592-c721-41be-99a8-6d8df6ca420d@group-0691772312F4->3c01ffb1-b295-42d9-9874-9e0ba4053462: nextIndex: updateUnconditionally 1 -> 0
2019-11-15 21:51:32,309 [grpc-default-executor-4] INFO  impl.RaftServerProxy (RaftServerProxy.java:remove(95)) - 6fbcf556-c950-470a-b12c-d884793bba84: remove  FOLLOWER 6fbcf556-c950-470a-b12c-d884793bba84@group-0691772312F4:t1, leader=3ab85592-c721-41be-99a8-6d8df6ca420d, voted=3ab85592-c721-41be-99a8-6d8df6ca420d, raftlog=6fbcf556-c950-470a-b12c-d884793bba84@group-0691772312F4-SegmentedRaftLog:OPENED:c0,f0,i0, conf=0: [3ab85592-c721-41be-99a8-6d8df6ca420d:192.168.164.223:38768, 3c01ffb1-b295-42d9-9874-9e0ba4053462:192.168.164.223:36934, 6fbcf556-c950-470a-b12c-d884793bba84:192.168.164.223:46779], old=null RUNNING
2019-11-15 21:51:32,309 [grpc-default-executor-4] INFO  impl.RaftServerImpl (RaftServerImpl.java:lambda$shutdown$3(250)) - 6fbcf556-c950-470a-b12c-d884793bba84@group-0691772312F4: shutdown
2019-11-15 21:51:32,310 [grpc-default-executor-4] INFO  util.JmxRegister (JmxRegister.java:unregister(73)) - Successfully un-registered JMX Bean with object name Ratis:service=RaftServer,group=group-0691772312F4,id=6fbcf556-c950-470a-b12c-d884793bba84
2019-11-15 21:51:32,310 [grpc-default-executor-4] INFO  impl.RoleInfo (RoleInfo.java:shutdownFollowerState(121)) - 6fbcf556-c950-470a-b12c-d884793bba84: shutdown FollowerState
2019-11-15 21:51:32,310 [grpc-default-executor-4] INFO  impl.StateMachineUpdater (StateMachineUpdater.java:stopAndJoin(136)) - 6fbcf556-c950-470a-b12c-d884793bba84@group-0691772312F4-StateMachineUpdater: set stopIndex = 0
2019-11-15 21:51:32,310 [Thread-4022] INFO  impl.FollowerState (FollowerState.java:run(120)) - 6fbcf556-c950-470a-b12c-d884793bba84@group-0691772312F4-FollowerState was interrupted: java.lang.InterruptedException: sleep interrupted
2019-11-15 21:51:32,310 [grpc-default-executor-4] INFO  impl.RaftServerImpl (ServerState.java:close(387)) - 6fbcf556-c950-470a-b12c-d884793bba84@group-0691772312F4: closes. applyIndex: 0
2019-11-15 21:51:32,310 [6fbcf556-c950-470a-b12c-d884793bba84@group-0691772312F4-SegmentedRaftLogWorker] INFO  segmented.SegmentedRaftLogWorker (SegmentedRaftLogWorker.java:run(316)) - 6fbcf556-c950-470a-b12c-d884793bba84@group-0691772312F4-SegmentedRaftLogWorker was interrupted, exiting. There are 0 tasks remaining in the queue.
2019-11-15 21:51:32,310 [grpc-default-executor-4] INFO  segmented.SegmentedRaftLogWorker (SegmentedRaftLogWorker.java:close(224)) - 6fbcf556-c950-470a-b12c-d884793bba84@group-0691772312F4-SegmentedRaftLogWorker close()
2019-11-15 21:51:32,313 [Thread-3957] INFO  pipeline.PipelineStateManager (PipelineStateManager.java:removePipeline(106)) - Pipeline Pipeline[ Id: 6d5ffd8e-01de-4e2c-84a8-0691772312f4, Nodes: 3c01ffb1-b295-42d9-9874-9e0ba4053462{ip: 192.168.164.223, host: pr-hdds-2493-5rwwl-1515842690, networkLocation: /rack1, certSerialId: null}3ab85592-c721-41be-99a8-6d8df6ca420d{ip: 192.168.164.223, host: pr-hdds-2493-5rwwl-1515842690, networkLocation: /rack1, certSerialId: null}6fbcf556-c950-470a-b12c-d884793bba84{ip: 192.168.164.223, host: pr-hdds-2493-5rwwl-1515842690, networkLocation: /rack1, certSerialId: null}, Type:RATIS, Factor:THREE, State:CLOSED] removed from db
2019-11-15 21:51:32,313 [Thread-3957] INFO  pipeline.SCMPipelineManager (SCMPipelineManager.java:finalizeAndDestroyPipeline(315)) - destroying pipeline:Pipeline[ Id: c6ce1db3-9142-41ad-9cf3-fd679f772943, Nodes: 81d95af4-28c6-42b2-8e7d-ef28ff90d39a{ip: 192.168.164.223, host: pr-hdds-2493-5rwwl-1515842690, networkLocation: /rack1, certSerialId: null}, Type:RATIS, Factor:ONE, State:OPEN]
2019-11-15 21:51:32,317 [grpc-default-executor-4] INFO  impl.RaftServerProxy (RaftServerProxy.java:addNew(89)) - 6fbcf556-c950-470a-b12c-d884793bba84: addNew group-A70227FA7EAC:[3ab85592-c721-41be-99a8-6d8df6ca420d:192.168.164.223:38768, 3c01ffb1-b295-42d9-9874-9e0ba4053462:192.168.164.223:36934, 6fbcf556-c950-470a-b12c-d884793bba84:192.168.164.223:46779] returns group-A70227FA7EAC:java.util.concurrent.CompletableFuture@7e440db2[Not completed]
2019-11-15 21:51:32,317 [grpc-default-executor-2] INFO  impl.RaftServerProxy (RaftServerProxy.java:addNew(89)) - 3ab85592-c721-41be-99a8-6d8df6ca420d: addNew group-A70227FA7EAC:[3ab85592-c721-41be-99a8-6d8df6ca420d:192.168.164.223:38768, 3c01ffb1-b295-42d9-9874-9e0ba4053462:192.168.164.223:36934, 6fbcf556-c950-470a-b12c-d884793bba84:192.168.164.223:46779] returns group-A70227FA7EAC:java.util.concurrent.CompletableFuture@2d72094b[Not completed]
2019-11-15 21:51:32,317 [grpc-default-executor-6] INFO  impl.RaftServerProxy (RaftServerProxy.java:addNew(89)) - 3c01ffb1-b295-42d9-9874-9e0ba4053462: addNew group-A70227FA7EAC:[3ab85592-c721-41be-99a8-6d8df6ca420d:192.168.164.223:38768, 3c01ffb1-b295-42d9-9874-9e0ba4053462:192.168.164.223:36934, 6fbcf556-c950-470a-b12c-d884793bba84:192.168.164.223:46779] returns group-A70227FA7EAC:java.util.concurrent.CompletableFuture@1d3d4afa[Not completed]
2019-11-15 21:51:32,318 [pool-529-thread-1] INFO  impl.RaftServerImpl (RaftServerImpl.java:<init>(98)) - 3c01ffb1-b295-42d9-9874-9e0ba4053462: new RaftServerImpl for group-A70227FA7EAC:[3ab85592-c721-41be-99a8-6d8df6ca420d:192.168.164.223:38768, 3c01ffb1-b295-42d9-9874-9e0ba4053462:192.168.164.223:36934, 6fbcf556-c950-470a-b12c-d884793bba84:192.168.164.223:46779] with ContainerStateMachine:uninitialized
2019-11-15 21:51:32,318 [pool-529-thread-1] INFO  server.RaftServerConfigKeys (ConfUtils.java:logGet(43)) - raft.server.rpc.timeout.min = 1s (custom)
2019-11-15 21:51:32,318 [pool-529-thread-1] INFO  server.RaftServerConfigKeys (ConfUtils.java:logGet(43)) - raft.server.rpc.timeout.max = 1200ms (custom)
2019-11-15 21:51:32,318 [pool-529-thread-1] INFO  server.RaftServerConfigKeys (ConfUtils.java:logGet(43)) - raft.server.rpcslowness.timeout = 120s (custom)
2019-11-15 21:51:32,318 [pool-529-thread-1] INFO  server.RaftServerConfigKeys (ConfUtils.java:logGet(43)) - raft.server.sleep.deviation.threshold = 300 (default)
2019-11-15 21:51:32,319 [pool-529-thread-1] INFO  server.RaftServerConfigKeys (ConfUtils.java:logGet(43)) - raft.server.log.appender.install.snapshot.enabled = false (custom)
2019-11-15 21:51:32,319 [pool-529-thread-1] INFO  impl.RaftServerImpl (ServerState.java:<init>(103)) - 3c01ffb1-b295-42d9-9874-9e0ba4053462@group-A70227FA7EAC: ConfigurationManager, init=-1: [3ab85592-c721-41be-99a8-6d8df6ca420d:192.168.164.223:38768, 3c01ffb1-b295-42d9-9874-9e0ba4053462:192.168.164.223:36934, 6fbcf556-c950-470a-b12c-d884793bba84:192.168.164.223:46779], old=null, confs=<EMPTY_MAP>
2019-11-15 21:51:32,319 [pool-509-thread-1] INFO  impl.RaftServerImpl (RaftServerImpl.java:<init>(98)) - 3ab85592-c721-41be-99a8-6d8df6ca420d: new RaftServerImpl for group-A70227FA7EAC:[3ab85592-c721-41be-99a8-6d8df6ca420d:192.168.164.223:38768, 3c01ffb1-b295-42d9-9874-9e0ba4053462:192.168.164.223:36934, 6fbcf556-c950-470a-b12c-d884793bba84:192.168.164.223:46779] with ContainerStateMachine:uninitialized
2019-11-15 21:51:32,319 [pool-529-thread-1] INFO  server.RaftServerConfigKeys (ConfUtils.java:logGet(43)) - raft.server.storage.dir = [/workdir/hadoop-ozone/integration-test/target/test-dir/MiniOzoneClusterImpl-e150a234-18da-4756-b2e5-8eb09f38746c/datanode-2/data/ratis] (custom)
2019-11-15 21:51:32,319 [pool-509-thread-1] INFO  server.RaftServerConfigKeys (ConfUtils.java:logGet(43)) - raft.server.rpc.timeout.min = 1s (custom)
2019-11-15 21:51:32,319 [pool-509-thread-1] INFO  server.RaftServerConfigKeys (ConfUtils.java:logGet(43)) - raft.server.rpc.timeout.max = 1200ms (custom)
2019-11-15 21:51:32,319 [pool-529-thread-1] INFO  server.RaftServerConfigKeys (ConfUtils.java:logGet(43)) - raft.server.log.corruption.policy = EXCEPTION (default)
2019-11-15 21:51:32,319 [pool-519-thread-1] INFO  impl.RaftServerImpl (RaftServerImpl.java:<init>(98)) - 6fbcf556-c950-470a-b12c-d884793bba84: new RaftServerImpl for group-A70227FA7EAC:[3ab85592-c721-41be-99a8-6d8df6ca420d:192.168.164.223:38768, 3c01ffb1-b295-42d9-9874-9e0ba4053462:192.168.164.223:36934, 6fbcf556-c950-470a-b12c-d884793bba84:192.168.164.223:46779] with ContainerStateMachine:uninitialized
2019-11-15 21:51:32,319 [pool-509-thread-1] INFO  server.RaftServerConfigKeys (ConfUtils.java:logGet(43)) - raft.server.rpcslowness.timeout = 120s (custom)
2019-11-15 21:51:32,319 [pool-519-thread-1] INFO  server.RaftServerConfigKeys (ConfUtils.java:logGet(43)) - raft.server.rpc.timeout.min = 1s (custom)
2019-11-15 21:51:32,319 [pool-529-thread-1] INFO  storage.RaftStorageDirectory (RaftStorageDirectory.java:analyzeStorage(246)) - The storage directory /workdir/hadoop-ozone/integration-test/target/test-dir/MiniOzoneClusterImpl-e150a234-18da-4756-b2e5-8eb09f38746c/datanode-2/data/ratis/22c108fd-44de-429c-b02b-a70227fa7eac does not exist. Creating ...
2019-11-15 21:51:32,319 [pool-519-thread-1] INFO  server.RaftServerConfigKeys (ConfUtils.java:logGet(43)) - raft.server.rpc.timeout.max = 1200ms (custom)
2019-11-15 21:51:32,319 [pool-509-thread-1] INFO  server.RaftServerConfigKeys (ConfUtils.java:logGet(43)) - raft.server.sleep.deviation.threshold = 300 (default)
2019-11-15 21:51:32,320 [pool-519-thread-1] INFO  server.RaftServerConfigKeys (ConfUtils.java:logGet(43)) - raft.server.rpcslowness.timeout = 120s (custom)
2019-11-15 21:51:32,320 [pool-509-thread-1] INFO  server.RaftServerConfigKeys (ConfUtils.java:logGet(43)) - raft.server.log.appender.install.snapshot.enabled = false (custom)
2019-11-15 21:51:32,320 [pool-519-thread-1] INFO  server.RaftServerConfigKeys (ConfUtils.java:logGet(43)) - raft.server.sleep.deviation.threshold = 300 (default)
2019-11-15 21:51:32,320 [pool-509-thread-1] INFO  impl.RaftServerImpl (ServerState.java:<init>(103)) - 3ab85592-c721-41be-99a8-6d8df6ca420d@group-A70227FA7EAC: ConfigurationManager, init=-1: [3ab85592-c721-41be-99a8-6d8df6ca420d:192.168.164.223:38768, 3c01ffb1-b295-42d9-9874-9e0ba4053462:192.168.164.223:36934, 6fbcf556-c950-470a-b12c-d884793bba84:192.168.164.223:46779], old=null, confs=<EMPTY_MAP>
2019-11-15 21:51:32,320 [pool-519-thread-1] INFO  server.RaftServerConfigKeys (ConfUtils.java:logGet(43)) - raft.server.log.appender.install.snapshot.enabled = false (custom)
2019-11-15 21:51:32,320 [pool-509-thread-1] INFO  server.RaftServerConfigKeys (ConfUtils.java:logGet(43)) - raft.server.storage.dir = [/workdir/hadoop-ozone/integration-test/target/test-dir/MiniOzoneClusterImpl-e150a234-18da-4756-b2e5-8eb09f38746c/datanode-0/data/ratis] (custom)
2019-11-15 21:51:32,320 [pool-519-thread-1] INFO  impl.RaftServerImpl (ServerState.java:<init>(103)) - 6fbcf556-c950-470a-b12c-d884793bba84@group-A70227FA7EAC: ConfigurationManager, init=-1: [3ab85592-c721-41be-99a8-6d8df6ca420d:192.168.164.223:38768, 3c01ffb1-b295-42d9-9874-9e0ba4053462:192.168.164.223:36934, 6fbcf556-c950-470a-b12c-d884793bba84:192.168.164.223:46779], old=null, confs=<EMPTY_MAP>
2019-11-15 21:51:32,320 [pool-519-thread-1] INFO  server.RaftServerConfigKeys (ConfUtils.java:logGet(43)) - raft.server.storage.dir = [/workdir/hadoop-ozone/integration-test/target/test-dir/MiniOzoneClusterImpl-e150a234-18da-4756-b2e5-8eb09f38746c/datanode-1/data/ratis] (custom)
2019-11-15 21:51:32,320 [pool-509-thread-1] INFO  server.RaftServerConfigKeys (ConfUtils.java:logGet(43)) - raft.server.log.corruption.policy = EXCEPTION (default)
2019-11-15 21:51:32,320 [pool-519-thread-1] INFO  server.RaftServerConfigKeys (ConfUtils.java:logGet(43)) - raft.server.log.corruption.policy = EXCEPTION (default)
2019-11-15 21:51:32,320 [pool-509-thread-1] INFO  storage.RaftStorageDirectory (RaftStorageDirectory.java:analyzeStorage(246)) - The storage directory /workdir/hadoop-ozone/integration-test/target/test-dir/MiniOzoneClusterImpl-e150a234-18da-4756-b2e5-8eb09f38746c/datanode-0/data/ratis/22c108fd-44de-429c-b02b-a70227fa7eac does not exist. Creating ...
2019-11-15 21:51:32,321 [pool-519-thread-1] INFO  storage.RaftStorageDirectory (RaftStorageDirectory.java:analyzeStorage(246)) - The storage directory /workdir/hadoop-ozone/integration-test/target/test-dir/MiniOzoneClusterImpl-e150a234-18da-4756-b2e5-8eb09f38746c/datanode-1/data/ratis/22c108fd-44de-429c-b02b-a70227fa7eac does not exist. Creating ...
2019-11-15 21:51:32,352 [pool-509-thread-1] INFO  storage.RaftStorageDirectory (RaftStorageDirectory.java:tryLock(328)) - Lock on /workdir/hadoop-ozone/integration-test/target/test-dir/MiniOzoneClusterImpl-e150a234-18da-4756-b2e5-8eb09f38746c/datanode-0/data/ratis/22c108fd-44de-429c-b02b-a70227fa7eac/in_use.lock acquired by nodename 4447@pr-hdds-2493-5rwwl-1515842690
2019-11-15 21:51:32,352 [pool-519-thread-1] INFO  storage.RaftStorageDirectory (RaftStorageDirectory.java:tryLock(328)) - Lock on /workdir/hadoop-ozone/integration-test/target/test-dir/MiniOzoneClusterImpl-e150a234-18da-4756-b2e5-8eb09f38746c/datanode-1/data/ratis/22c108fd-44de-429c-b02b-a70227fa7eac/in_use.lock acquired by nodename 4447@pr-hdds-2493-5rwwl-1515842690
2019-11-15 21:51:32,352 [pool-529-thread-1] INFO  storage.RaftStorageDirectory (RaftStorageDirectory.java:tryLock(328)) - Lock on /workdir/hadoop-ozone/integration-test/target/test-dir/MiniOzoneClusterImpl-e150a234-18da-4756-b2e5-8eb09f38746c/datanode-2/data/ratis/22c108fd-44de-429c-b02b-a70227fa7eac/in_use.lock acquired by nodename 4447@pr-hdds-2493-5rwwl-1515842690
2019-11-15 21:51:32,366 [pool-519-thread-1] INFO  storage.RaftStorage (RaftStorage.java:format(84)) - Storage directory /workdir/hadoop-ozone/integration-test/target/test-dir/MiniOzoneClusterImpl-e150a234-18da-4756-b2e5-8eb09f38746c/datanode-1/data/ratis/22c108fd-44de-429c-b02b-a70227fa7eac has been successfully formatted.
2019-11-15 21:51:32,366 [pool-529-thread-1] INFO  storage.RaftStorage (RaftStorage.java:format(84)) - Storage directory /workdir/hadoop-ozone/integration-test/target/test-dir/MiniOzoneClusterImpl-e150a234-18da-4756-b2e5-8eb09f38746c/datanode-2/data/ratis/22c108fd-44de-429c-b02b-a70227fa7eac has been successfully formatted.
2019-11-15 21:51:32,366 [pool-509-thread-1] INFO  storage.RaftStorage (RaftStorage.java:format(84)) - Storage directory /workdir/hadoop-ozone/integration-test/target/test-dir/MiniOzoneClusterImpl-e150a234-18da-4756-b2e5-8eb09f38746c/datanode-0/data/ratis/22c108fd-44de-429c-b02b-a70227fa7eac has been successfully formatted.
2019-11-15 21:51:32,366 [pool-519-thread-1] INFO  ratis.ContainerStateMachine (ContainerStateMachine.java:loadSnapshot(223)) - group-A70227FA7EAC: The snapshot info is null. Setting the last applied indexto:(t:0, i:~)
2019-11-15 21:51:32,366 [pool-509-thread-1] INFO  ratis.ContainerStateMachine (ContainerStateMachine.java:loadSnapshot(223)) - group-A70227FA7EAC: The snapshot info is null. Setting the last applied indexto:(t:0, i:~)
2019-11-15 21:51:32,366 [pool-529-thread-1] INFO  ratis.ContainerStateMachine (ContainerStateMachine.java:loadSnapshot(223)) - group-A70227FA7EAC: The snapshot info is null. Setting the last applied indexto:(t:0, i:~)
2019-11-15 21:51:32,367 [pool-509-thread-1] INFO  server.RaftServerConfigKeys (ConfUtils.java:logGet(43)) - raft.server.notification.no-leader.timeout = 120s (custom)
2019-11-15 21:51:32,366 [pool-519-thread-1] INFO  server.RaftServerConfigKeys (ConfUtils.java:logGet(43)) - raft.server.notification.no-leader.timeout = 120s (custom)
2019-11-15 21:51:32,367 [pool-509-thread-1] INFO  server.RaftServerConfigKeys (ConfUtils.java:logGet(43)) - raft.server.log.use.memory = false (default)
2019-11-15 21:51:32,367 [pool-529-thread-1] INFO  server.RaftServerConfigKeys (ConfUtils.java:logGet(43)) - raft.server.notification.no-leader.timeout = 120s (custom)
2019-11-15 21:51:32,367 [pool-509-thread-1] INFO  server.RaftServerConfigKeys (ConfUtils.java:logGet(43)) - raft.server.log.purge.gap = 1000000 (custom)
2019-11-15 21:51:32,367 [pool-519-thread-1] INFO  server.RaftServerConfigKeys (ConfUtils.java:logGet(43)) - raft.server.log.use.memory = false (default)
2019-11-15 21:51:32,367 [pool-509-thread-1] INFO  server.RaftServerConfigKeys (ConfUtils.java:logGet(43)) - raft.server.log.appender.buffer.byte-limit = 33554432 (custom)
2019-11-15 21:51:32,367 [pool-529-thread-1] INFO  server.RaftServerConfigKeys (ConfUtils.java:logGet(43)) - raft.server.log.use.memory = false (default)
2019-11-15 21:51:32,367 [pool-509-thread-1] INFO  server.RaftServerConfigKeys (ConfUtils.java:logGet(43)) - raft.server.log.segment.size.max = 1048576 (custom)
2019-11-15 21:51:32,367 [pool-519-thread-1] INFO  server.RaftServerConfigKeys (ConfUtils.java:logGet(43)) - raft.server.log.purge.gap = 1000000 (custom)
2019-11-15 21:51:32,367 [pool-509-thread-1] INFO  server.RaftServerConfigKeys (ConfUtils.java:logGet(43)) - raft.server.log.segment.cache.num.max = 2 (custom)
2019-11-15 21:51:32,367 [pool-529-thread-1] INFO  server.RaftServerConfigKeys (ConfUtils.java:logGet(43)) - raft.server.log.purge.gap = 1000000 (custom)
2019-11-15 21:51:32,368 [pool-509-thread-1] INFO  segmented.SegmentedRaftLogWorker (SegmentedRaftLogWorker.java:<init>(173)) - new 3ab85592-c721-41be-99a8-6d8df6ca420d@group-A70227FA7EAC-SegmentedRaftLogWorker for RaftStorage:Storage Directory /workdir/hadoop-ozone/integration-test/target/test-dir/MiniOzoneClusterImpl-e150a234-18da-4756-b2e5-8eb09f38746c/datanode-0/data/ratis/22c108fd-44de-429c-b02b-a70227fa7eac
2019-11-15 21:51:32,368 [pool-519-thread-1] INFO  server.RaftServerConfigKeys (ConfUtils.java:logGet(43)) - raft.server.log.appender.buffer.byte-limit = 33554432 (custom)
2019-11-15 21:51:32,368 [pool-509-thread-1] INFO  server.RaftServerConfigKeys (ConfUtils.java:logGet(43)) - raft.server.log.queue.byte-limit = 2147483647 (custom)
2019-11-15 21:51:32,368 [pool-529-thread-1] INFO  server.RaftServerConfigKeys (ConfUtils.java:logGet(43)) - raft.server.log.appender.buffer.byte-limit = 33554432 (custom)
2019-11-15 21:51:32,368 [pool-509-thread-1] INFO  server.RaftServerConfigKeys (ConfUtils.java:logGet(43)) - raft.server.log.queue.element-limit = 1024 (custom)
2019-11-15 21:51:32,368 [pool-519-thread-1] INFO  server.RaftServerConfigKeys (ConfUtils.java:logGet(43)) - raft.server.log.segment.size.max = 1048576 (custom)
2019-11-15 21:51:32,368 [pool-509-thread-1] INFO  server.RaftServerConfigKeys (ConfUtils.java:logGet(43)) - raft.server.log.segment.size.max = 1048576 (custom)
2019-11-15 21:51:32,368 [pool-529-thread-1] INFO  server.RaftServerConfigKeys (ConfUtils.java:logGet(43)) - raft.server.log.segment.size.max = 1048576 (custom)
2019-11-15 21:51:32,368 [pool-509-thread-1] INFO  server.RaftServerConfigKeys (ConfUtils.java:logGet(43)) - raft.server.log.preallocated.size = 16384 (custom)
2019-11-15 21:51:32,368 [pool-519-thread-1] INFO  server.RaftServerConfigKeys (ConfUtils.java:logGet(43)) - raft.server.log.segment.cache.num.max = 2 (custom)
2019-11-15 21:51:32,369 [pool-509-thread-1] INFO  server.RaftServerConfigKeys (ConfUtils.java:logGet(43)) - raft.server.log.write.buffer.size = 33554432 (custom)
2019-11-15 21:51:32,369 [pool-529-thread-1] INFO  server.RaftServerConfigKeys (ConfUtils.java:logGet(43)) - raft.server.log.segment.cache.num.max = 2 (custom)
2019-11-15 21:51:32,369 [pool-509-thread-1] INFO  server.RaftServerConfigKeys (ConfUtils.java:logGet(43)) - raft.server.log.force.sync.num = 128 (default)
2019-11-15 21:51:32,369 [pool-519-thread-1] INFO  segmented.SegmentedRaftLogWorker (SegmentedRaftLogWorker.java:<init>(173)) - new 6fbcf556-c950-470a-b12c-d884793bba84@group-A70227FA7EAC-SegmentedRaftLogWorker for RaftStorage:Storage Directory /workdir/hadoop-ozone/integration-test/target/test-dir/MiniOzoneClusterImpl-e150a234-18da-4756-b2e5-8eb09f38746c/datanode-1/data/ratis/22c108fd-44de-429c-b02b-a70227fa7eac
2019-11-15 21:51:32,369 [pool-509-thread-1] INFO  server.RaftServerConfigKeys (ConfUtils.java:logGet(43)) - raft.server.log.statemachine.data.sync = true (default)
2019-11-15 21:51:32,369 [pool-529-thread-1] INFO  segmented.SegmentedRaftLogWorker (SegmentedRaftLogWorker.java:<init>(173)) - new 3c01ffb1-b295-42d9-9874-9e0ba4053462@group-A70227FA7EAC-SegmentedRaftLogWorker for RaftStorage:Storage Directory /workdir/hadoop-ozone/integration-test/target/test-dir/MiniOzoneClusterImpl-e150a234-18da-4756-b2e5-8eb09f38746c/datanode-2/data/ratis/22c108fd-44de-429c-b02b-a70227fa7eac
2019-11-15 21:51:32,369 [pool-509-thread-1] INFO  server.RaftServerConfigKeys (ConfUtils.java:logGet(43)) - raft.server.log.statemachine.data.sync.timeout = 10s (default)
2019-11-15 21:51:32,369 [pool-519-thread-1] INFO  server.RaftServerConfigKeys (ConfUtils.java:logGet(43)) - raft.server.log.queue.byte-limit = 2147483647 (custom)
2019-11-15 21:51:32,369 [pool-509-thread-1] INFO  server.RaftServerConfigKeys (ConfUtils.java:logGet(43)) - raft.server.log.statemachine.data.sync.timeout.retry = -1 (default)
2019-11-15 21:51:32,369 [pool-529-thread-1] INFO  server.RaftServerConfigKeys (ConfUtils.java:logGet(43)) - raft.server.log.queue.byte-limit = 2147483647 (custom)
2019-11-15 21:51:32,370 [pool-509-thread-1] INFO  server.RaftServerConfigKeys (ConfUtils.java:logGet(43)) - raft.server.log.statemachine.data.caching.enabled = true (custom)
2019-11-15 21:51:32,369 [pool-519-thread-1] INFO  server.RaftServerConfigKeys (ConfUtils.java:logGet(43)) - raft.server.log.queue.element-limit = 1024 (custom)
2019-11-15 21:51:32,370 [pool-529-thread-1] INFO  server.RaftServerConfigKeys (ConfUtils.java:logGet(43)) - raft.server.log.queue.element-limit = 1024 (custom)
2019-11-15 21:51:32,370 [pool-519-thread-1] INFO  server.RaftServerConfigKeys (ConfUtils.java:logGet(43)) - raft.server.log.segment.size.max = 1048576 (custom)
2019-11-15 21:51:32,370 [pool-509-thread-1] INFO  segmented.SegmentedRaftLogWorker (SegmentedRaftLogWorker.java:lambda$new$0(128)) - 3ab85592-c721-41be-99a8-6d8df6ca420d@group-A70227FA7EAC-SegmentedRaftLogWorker: flushIndex: setUnconditionally 0 -> -1
2019-11-15 21:51:32,370 [pool-519-thread-1] INFO  server.RaftServerConfigKeys (ConfUtils.java:logGet(43)) - raft.server.log.preallocated.size = 16384 (custom)
2019-11-15 21:51:32,370 [pool-529-thread-1] INFO  server.RaftServerConfigKeys (ConfUtils.java:logGet(43)) - raft.server.log.segment.size.max = 1048576 (custom)
2019-11-15 21:51:32,370 [pool-529-thread-1] INFO  server.RaftServerConfigKeys (ConfUtils.java:logGet(43)) - raft.server.log.preallocated.size = 16384 (custom)
2019-11-15 21:51:32,370 [pool-529-thread-1] INFO  server.RaftServerConfigKeys (ConfUtils.java:logGet(43)) - raft.server.log.write.buffer.size = 33554432 (custom)
2019-11-15 21:51:32,370 [pool-529-thread-1] INFO  server.RaftServerConfigKeys (ConfUtils.java:logGet(43)) - raft.server.log.force.sync.num = 128 (default)
2019-11-15 21:51:32,370 [pool-519-thread-1] INFO  server.RaftServerConfigKeys (ConfUtils.java:logGet(43)) - raft.server.log.write.buffer.size = 33554432 (custom)
2019-11-15 21:51:32,370 [pool-509-thread-1] INFO  server.RaftServerConfigKeys (ConfUtils.java:logGet(43)) - raft.server.snapshot.auto.trigger.enabled = true (custom)
2019-11-15 21:51:32,371 [pool-509-thread-1] INFO  server.RaftServerConfigKeys (ConfUtils.java:logGet(43)) - raft.server.snapshot.auto.trigger.threshold = 10000 (custom)
2019-11-15 21:51:32,371 [pool-509-thread-1] INFO  server.RaftServerConfigKeys (ConfUtils.java:logGet(43)) - raft.server.snapshot.retention.file.num = 5 (custom)
2019-11-15 21:51:32,371 [pool-509-thread-1] INFO  server.RaftServerConfigKeys (ConfUtils.java:logGet(43)) - raft.server.retrycache.expirytime = 600000ms (custom)
2019-11-15 21:51:32,371 [pool-509-thread-1] WARN  impl.MetricRegistriesImpl (MetricRegistriesImpl.java:lambda$create$1(61)) - First MetricRegistry has been created without registering reporters. You may need to call MetricRegistries.global().addReportRegistration(...) before.
2019-11-15 21:51:32,371 [pool-509-thread-1] WARN  impl.MetricRegistriesImpl (MetricRegistriesImpl.java:lambda$create$1(61)) - First MetricRegistry has been created without registering reporters. You may need to call MetricRegistries.global().addReportRegistration(...) before.
2019-11-15 21:51:32,371 [pool-519-thread-1] INFO  server.RaftServerConfigKeys (ConfUtils.java:logGet(43)) - raft.server.log.force.sync.num = 128 (default)
2019-11-15 21:51:32,371 [pool-529-thread-1] INFO  server.RaftServerConfigKeys (ConfUtils.java:logGet(43)) - raft.server.log.statemachine.data.sync = true (default)
2019-11-15 21:51:32,371 [pool-519-thread-1] INFO  server.RaftServerConfigKeys (ConfUtils.java:logGet(43)) - raft.server.log.statemachine.data.sync = true (default)
2019-11-15 21:51:32,371 [pool-509-thread-1] INFO  impl.RaftServerImpl (RaftServerImpl.java:start(184)) - 3ab85592-c721-41be-99a8-6d8df6ca420d@group-A70227FA7EAC: start as a follower, conf=-1: [3ab85592-c721-41be-99a8-6d8df6ca420d:192.168.164.223:38768, 3c01ffb1-b295-42d9-9874-9e0ba4053462:192.168.164.223:36934, 6fbcf556-c950-470a-b12c-d884793bba84:192.168.164.223:46779], old=null
2019-11-15 21:51:32,372 [pool-519-thread-1] INFO  server.RaftServerConfigKeys (ConfUtils.java:logGet(43)) - raft.server.log.statemachine.data.sync.timeout = 10s (default)
2019-11-15 21:51:32,372 [pool-519-thread-1] INFO  server.RaftServerConfigKeys (ConfUtils.java:logGet(43)) - raft.server.log.statemachine.data.sync.timeout.retry = -1 (default)
2019-11-15 21:51:32,372 [pool-529-thread-1] INFO  server.RaftServerConfigKeys (ConfUtils.java:logGet(43)) - raft.server.log.statemachine.data.sync.timeout = 10s (default)
2019-11-15 21:51:32,372 [pool-519-thread-1] INFO  server.RaftServerConfigKeys (ConfUtils.java:logGet(43)) - raft.server.log.statemachine.data.caching.enabled = true (custom)
2019-11-15 21:51:32,372 [pool-509-thread-1] INFO  impl.RaftServerImpl (RaftServerImpl.java:setRole(173)) - 3ab85592-c721-41be-99a8-6d8df6ca420d@group-A70227FA7EAC: changes role from      null to FOLLOWER at term 0 for startAsFollower
2019-11-15 21:51:32,372 [pool-529-thread-1] INFO  server.RaftServerConfigKeys (ConfUtils.java:logGet(43)) - raft.server.log.statemachine.data.sync.timeout.retry = -1 (default)
2019-11-15 21:51:32,373 [pool-519-thread-1] INFO  segmented.SegmentedRaftLogWorker (SegmentedRaftLogWorker.java:lambda$new$0(128)) - 6fbcf556-c950-470a-b12c-d884793bba84@group-A70227FA7EAC-SegmentedRaftLogWorker: flushIndex: setUnconditionally 0 -> -1
2019-11-15 21:51:32,372 [pool-509-thread-1] INFO  impl.RoleInfo (RoleInfo.java:updateAndGet(143)) - 3ab85592-c721-41be-99a8-6d8df6ca420d: start FollowerState
2019-11-15 21:51:32,373 [pool-529-thread-1] INFO  server.RaftServerConfigKeys (ConfUtils.java:logGet(43)) - raft.server.log.statemachine.data.caching.enabled = true (custom)
2019-11-15 21:51:32,373 [pool-519-thread-1] INFO  server.RaftServerConfigKeys (ConfUtils.java:logGet(43)) - raft.server.snapshot.auto.trigger.enabled = true (custom)
2019-11-15 21:51:32,373 [pool-529-thread-1] INFO  segmented.SegmentedRaftLogWorker (SegmentedRaftLogWorker.java:lambda$new$0(128)) - 3c01ffb1-b295-42d9-9874-9e0ba4053462@group-A70227FA7EAC-SegmentedRaftLogWorker: flushIndex: setUnconditionally 0 -> -1
2019-11-15 21:51:32,373 [pool-519-thread-1] INFO  server.RaftServerConfigKeys (ConfUtils.java:logGet(43)) - raft.server.snapshot.auto.trigger.threshold = 10000 (custom)
2019-11-15 21:51:32,373 [pool-509-thread-1] INFO  util.JmxRegister (JmxRegister.java:tryRegister(44)) - Successfully registered JMX Bean with object name Ratis:service=RaftServer,group=group-A70227FA7EAC,id=3ab85592-c721-41be-99a8-6d8df6ca420d
2019-11-15 21:51:32,373 [pool-519-thread-1] INFO  server.RaftServerConfigKeys (ConfUtils.java:logGet(43)) - raft.server.snapshot.retention.file.num = 5 (custom)
2019-11-15 21:51:32,373 [pool-529-thread-1] INFO  server.RaftServerConfigKeys (ConfUtils.java:logGet(43)) - raft.server.snapshot.auto.trigger.enabled = true (custom)
2019-11-15 21:51:32,373 [pool-519-thread-1] INFO  server.RaftServerConfigKeys (ConfUtils.java:logGet(43)) - raft.server.retrycache.expirytime = 600000ms (custom)
2019-11-15 21:51:32,373 [pool-509-thread-1] WARN  impl.MetricRegistriesImpl (MetricRegistriesImpl.java:lambda$create$1(61)) - First MetricRegistry has been created without registering reporters. You may need to call MetricRegistries.global().addReportRegistration(...) before.
2019-11-15 21:51:32,374 [pool-519-thread-1] WARN  impl.MetricRegistriesImpl (MetricRegistriesImpl.java:lambda$create$1(61)) - First MetricRegistry has been created without registering reporters. You may need to call MetricRegistries.global().addReportRegistration(...) before.
2019-11-15 21:51:32,374 [pool-529-thread-1] INFO  server.RaftServerConfigKeys (ConfUtils.java:logGet(43)) - raft.server.snapshot.auto.trigger.threshold = 10000 (custom)
2019-11-15 21:51:32,374 [pool-519-thread-1] WARN  impl.MetricRegistriesImpl (MetricRegistriesImpl.java:lambda$create$1(61)) - First MetricRegistry has been created without registering reporters. You may need to call MetricRegistries.global().addReportRegistration(...) before.
2019-11-15 21:51:32,374 [pool-529-thread-1] INFO  server.RaftServerConfigKeys (ConfUtils.java:logGet(43)) - raft.server.snapshot.retention.file.num = 5 (custom)
2019-11-15 21:51:32,374 [pool-519-thread-1] INFO  impl.RaftServerImpl (RaftServerImpl.java:start(184)) - 6fbcf556-c950-470a-b12c-d884793bba84@group-A70227FA7EAC: start as a follower, conf=-1: [3ab85592-c721-41be-99a8-6d8df6ca420d:192.168.164.223:38768, 3c01ffb1-b295-42d9-9874-9e0ba4053462:192.168.164.223:36934, 6fbcf556-c950-470a-b12c-d884793bba84:192.168.164.223:46779], old=null
2019-11-15 21:51:32,374 [pool-529-thread-1] INFO  server.RaftServerConfigKeys (ConfUtils.java:logGet(43)) - raft.server.retrycache.expirytime = 600000ms (custom)
2019-11-15 21:51:32,374 [pool-519-thread-1] INFO  impl.RaftServerImpl (RaftServerImpl.java:setRole(173)) - 6fbcf556-c950-470a-b12c-d884793bba84@group-A70227FA7EAC: changes role from      null to FOLLOWER at term 0 for startAsFollower
2019-11-15 21:51:32,374 [pool-529-thread-1] WARN  impl.MetricRegistriesImpl (MetricRegistriesImpl.java:lambda$create$1(61)) - First MetricRegistry has been created without registering reporters. You may need to call MetricRegistries.global().addReportRegistration(...) before.
2019-11-15 21:51:32,374 [pool-519-thread-1] INFO  impl.RoleInfo (RoleInfo.java:updateAndGet(143)) - 6fbcf556-c950-470a-b12c-d884793bba84: start FollowerState
2019-11-15 21:51:32,374 [pool-529-thread-1] WARN  impl.MetricRegistriesImpl (MetricRegistriesImpl.java:lambda$create$1(61)) - First MetricRegistry has been created without registering reporters. You may need to call MetricRegistries.global().addReportRegistration(...) before.
2019-11-15 21:51:32,375 [pool-529-thread-1] INFO  impl.RaftServerImpl (RaftServerImpl.java:start(184)) - 3c01ffb1-b295-42d9-9874-9e0ba4053462@group-A70227FA7EAC: start as a follower, conf=-1: [3ab85592-c721-41be-99a8-6d8df6ca420d:192.168.164.223:38768, 3c01ffb1-b295-42d9-9874-9e0ba4053462:192.168.164.223:36934, 6fbcf556-c950-470a-b12c-d884793bba84:192.168.164.223:46779], old=null
2019-11-15 21:51:32,375 [pool-529-thread-1] INFO  impl.RaftServerImpl (RaftServerImpl.java:setRole(173)) - 3c01ffb1-b295-42d9-9874-9e0ba4053462@group-A70227FA7EAC: changes role from      null to FOLLOWER at term 0 for startAsFollower
2019-11-15 21:51:32,375 [pool-519-thread-1] INFO  util.JmxRegister (JmxRegister.java:tryRegister(44)) - Successfully registered JMX Bean with object name Ratis:service=RaftServer,group=group-A70227FA7EAC,id=6fbcf556-c950-470a-b12c-d884793bba84
2019-11-15 21:51:32,375 [pool-529-thread-1] INFO  impl.RoleInfo (RoleInfo.java:updateAndGet(143)) - 3c01ffb1-b295-42d9-9874-9e0ba4053462: start FollowerState
2019-11-15 21:51:32,375 [pool-519-thread-1] WARN  impl.MetricRegistriesImpl (MetricRegistriesImpl.java:lambda$create$1(61)) - First MetricRegistry has been created without registering reporters. You may need to call MetricRegistries.global().addReportRegistration(...) before.
2019-11-15 21:51:32,375 [pool-529-thread-1] INFO  util.JmxRegister (JmxRegister.java:tryRegister(44)) - Successfully registered JMX Bean with object name Ratis:service=RaftServer,group=group-A70227FA7EAC,id=3c01ffb1-b295-42d9-9874-9e0ba4053462
2019-11-15 21:51:32,375 [pool-529-thread-1] WARN  impl.MetricRegistriesImpl (MetricRegistriesImpl.java:lambda$create$1(61)) - First MetricRegistry has been created without registering reporters. You may need to call MetricRegistries.global().addReportRegistration(...) before.
2019-11-15 21:51:32,377 [RatisPipelineUtilsThread] INFO  pipeline.PipelineStateManager (PipelineStateManager.java:addPipeline(55)) - Created pipeline Pipeline[ Id: 22c108fd-44de-429c-b02b-a70227fa7eac, Nodes: 3c01ffb1-b295-42d9-9874-9e0ba4053462{ip: 192.168.164.223, host: pr-hdds-2493-5rwwl-1515842690, networkLocation: /rack1, certSerialId: null}3ab85592-c721-41be-99a8-6d8df6ca420d{ip: 192.168.164.223, host: pr-hdds-2493-5rwwl-1515842690, networkLocation: /rack1, certSerialId: null}6fbcf556-c950-470a-b12c-d884793bba84{ip: 192.168.164.223, host: pr-hdds-2493-5rwwl-1515842690, networkLocation: /rack1, certSerialId: null}, Type:RATIS, Factor:THREE, State:ALLOCATED]
2019-11-15 21:51:32,377 [Thread-3957] INFO  pipeline.PipelineStateManager (PipelineStateManager.java:finalizePipeline(121)) - Pipeline Pipeline[ Id: c6ce1db3-9142-41ad-9cf3-fd679f772943, Nodes: 81d95af4-28c6-42b2-8e7d-ef28ff90d39a{ip: 192.168.164.223, host: pr-hdds-2493-5rwwl-1515842690, networkLocation: /rack1, certSerialId: null}, Type:RATIS, Factor:ONE, State:CLOSED] moved to CLOSED state
2019-11-15 21:51:32,380 [grpc-default-executor-6] INFO  impl.RaftServerProxy (RaftServerProxy.java:remove(95)) - 81d95af4-28c6-42b2-8e7d-ef28ff90d39a: remove    LEADER 81d95af4-28c6-42b2-8e7d-ef28ff90d39a@group-FD679F772943:t1, leader=81d95af4-28c6-42b2-8e7d-ef28ff90d39a, voted=81d95af4-28c6-42b2-8e7d-ef28ff90d39a, raftlog=81d95af4-28c6-42b2-8e7d-ef28ff90d39a@group-FD679F772943-SegmentedRaftLog:OPENED:c0,f0,i0, conf=0: [81d95af4-28c6-42b2-8e7d-ef28ff90d39a:192.168.164.223:42674], old=null RUNNING
2019-11-15 21:51:32,380 [grpc-default-executor-6] INFO  impl.RaftServerImpl (RaftServerImpl.java:lambda$shutdown$3(250)) - 81d95af4-28c6-42b2-8e7d-ef28ff90d39a@group-FD679F772943: shutdown
2019-11-15 21:51:32,380 [grpc-default-executor-6] INFO  util.JmxRegister (JmxRegister.java:unregister(73)) - Successfully un-registered JMX Bean with object name Ratis:service=RaftServer,group=group-FD679F772943,id=81d95af4-28c6-42b2-8e7d-ef28ff90d39a
2019-11-15 21:51:32,380 [grpc-default-executor-6] INFO  impl.RoleInfo (RoleInfo.java:shutdownLeaderState(104)) - 81d95af4-28c6-42b2-8e7d-ef28ff90d39a: shutdown LeaderState
2019-11-15 21:51:32,380 [grpc-default-executor-6] INFO  impl.PendingRequests (PendingRequests.java:sendNotLeaderResponses(206)) - 81d95af4-28c6-42b2-8e7d-ef28ff90d39a@group-FD679F772943-PendingRequests: sendNotLeaderResponses
2019-11-15 21:51:32,380 [grpc-default-executor-6] INFO  impl.StateMachineUpdater (StateMachineUpdater.java:stopAndJoin(136)) - 81d95af4-28c6-42b2-8e7d-ef28ff90d39a@group-FD679F772943-StateMachineUpdater: set stopIndex = 0
2019-11-15 21:51:32,381 [grpc-default-executor-6] INFO  impl.RaftServerImpl (ServerState.java:close(387)) - 81d95af4-28c6-42b2-8e7d-ef28ff90d39a@group-FD679F772943: closes. applyIndex: 0
2019-11-15 21:51:32,381 [81d95af4-28c6-42b2-8e7d-ef28ff90d39a@group-FD679F772943-SegmentedRaftLogWorker] INFO  segmented.SegmentedRaftLogWorker (SegmentedRaftLogWorker.java:run(316)) - 81d95af4-28c6-42b2-8e7d-ef28ff90d39a@group-FD679F772943-SegmentedRaftLogWorker was interrupted, exiting. There are 0 tasks remaining in the queue.
2019-11-15 21:51:32,381 [grpc-default-executor-6] INFO  segmented.SegmentedRaftLogWorker (SegmentedRaftLogWorker.java:close(224)) - 81d95af4-28c6-42b2-8e7d-ef28ff90d39a@group-FD679F772943-SegmentedRaftLogWorker close()
2019-11-15 21:51:32,385 [Thread-3957] INFO  pipeline.PipelineStateManager (PipelineStateManager.java:removePipeline(106)) - Pipeline Pipeline[ Id: c6ce1db3-9142-41ad-9cf3-fd679f772943, Nodes: 81d95af4-28c6-42b2-8e7d-ef28ff90d39a{ip: 192.168.164.223, host: pr-hdds-2493-5rwwl-1515842690, networkLocation: /rack1, certSerialId: null}, Type:RATIS, Factor:ONE, State:CLOSED] removed from db
2019-11-15 21:51:32,385 [Thread-3957] INFO  pipeline.SCMPipelineManager (SCMPipelineManager.java:finalizeAndDestroyPipeline(315)) - destroying pipeline:Pipeline[ Id: f177291a-af5b-4f1d-8fa7-2fcdd2926d66, Nodes: 6fbcf556-c950-470a-b12c-d884793bba84{ip: 192.168.164.223, host: pr-hdds-2493-5rwwl-1515842690, networkLocation: /rack1, certSerialId: null}, Type:RATIS, Factor:ONE, State:OPEN]
2019-11-15 21:51:32,389 [grpc-default-executor-6] INFO  impl.RaftServerProxy (RaftServerProxy.java:addNew(89)) - 81d95af4-28c6-42b2-8e7d-ef28ff90d39a: addNew group-974367D23D9D:[81d95af4-28c6-42b2-8e7d-ef28ff90d39a:192.168.164.223:42674] returns group-974367D23D9D:java.util.concurrent.CompletableFuture@861b1a7[Not completed]
2019-11-15 21:51:32,389 [pool-559-thread-1] INFO  impl.RaftServerImpl (RaftServerImpl.java:<init>(98)) - 81d95af4-28c6-42b2-8e7d-ef28ff90d39a: new RaftServerImpl for group-974367D23D9D:[81d95af4-28c6-42b2-8e7d-ef28ff90d39a:192.168.164.223:42674] with ContainerStateMachine:uninitialized
2019-11-15 21:51:32,390 [pool-559-thread-1] INFO  server.RaftServerConfigKeys (ConfUtils.java:logGet(43)) - raft.server.rpc.timeout.min = 1s (custom)
2019-11-15 21:51:32,390 [pool-559-thread-1] INFO  server.RaftServerConfigKeys (ConfUtils.java:logGet(43)) - raft.server.rpc.timeout.max = 1200ms (custom)
2019-11-15 21:51:32,390 [pool-559-thread-1] INFO  server.RaftServerConfigKeys (ConfUtils.java:logGet(43)) - raft.server.rpcslowness.timeout = 120s (custom)
2019-11-15 21:51:32,390 [pool-559-thread-1] INFO  server.RaftServerConfigKeys (ConfUtils.java:logGet(43)) - raft.server.sleep.deviation.threshold = 300 (default)
2019-11-15 21:51:32,390 [pool-559-thread-1] INFO  server.RaftServerConfigKeys (ConfUtils.java:logGet(43)) - raft.server.log.appender.install.snapshot.enabled = false (custom)
2019-11-15 21:51:32,390 [pool-559-thread-1] INFO  impl.RaftServerImpl (ServerState.java:<init>(103)) - 81d95af4-28c6-42b2-8e7d-ef28ff90d39a@group-974367D23D9D: ConfigurationManager, init=-1: [81d95af4-28c6-42b2-8e7d-ef28ff90d39a:192.168.164.223:42674], old=null, confs=<EMPTY_MAP>
2019-11-15 21:51:32,390 [pool-559-thread-1] INFO  server.RaftServerConfigKeys (ConfUtils.java:logGet(43)) - raft.server.storage.dir = [/workdir/hadoop-ozone/integration-test/target/test-dir/MiniOzoneClusterImpl-e150a234-18da-4756-b2e5-8eb09f38746c/datanode-5/data/ratis] (custom)
2019-11-15 21:51:32,390 [pool-559-thread-1] INFO  server.RaftServerConfigKeys (ConfUtils.java:logGet(43)) - raft.server.log.corruption.policy = EXCEPTION (default)
2019-11-15 21:51:32,390 [pool-559-thread-1] INFO  storage.RaftStorageDirectory (RaftStorageDirectory.java:analyzeStorage(246)) - The storage directory /workdir/hadoop-ozone/integration-test/target/test-dir/MiniOzoneClusterImpl-e150a234-18da-4756-b2e5-8eb09f38746c/datanode-5/data/ratis/91c1790a-f0ff-4b33-8dae-974367d23d9d does not exist. Creating ...
2019-11-15 21:51:32,399 [pool-559-thread-1] INFO  storage.RaftStorageDirectory (RaftStorageDirectory.java:tryLock(328)) - Lock on /workdir/hadoop-ozone/integration-test/target/test-dir/MiniOzoneClusterImpl-e150a234-18da-4756-b2e5-8eb09f38746c/datanode-5/data/ratis/91c1790a-f0ff-4b33-8dae-974367d23d9d/in_use.lock acquired by nodename 4447@pr-hdds-2493-5rwwl-1515842690
2019-11-15 21:51:32,402 [pool-559-thread-1] INFO  storage.RaftStorage (RaftStorage.java:format(84)) - Storage directory /workdir/hadoop-ozone/integration-test/target/test-dir/MiniOzoneClusterImpl-e150a234-18da-4756-b2e5-8eb09f38746c/datanode-5/data/ratis/91c1790a-f0ff-4b33-8dae-974367d23d9d has been successfully formatted.
2019-11-15 21:51:32,402 [pool-559-thread-1] INFO  ratis.ContainerStateMachine (ContainerStateMachine.java:loadSnapshot(223)) - group-974367D23D9D: The snapshot info is null. Setting the last applied indexto:(t:0, i:~)
2019-11-15 21:51:32,402 [pool-559-thread-1] INFO  server.RaftServerConfigKeys (ConfUtils.java:logGet(43)) - raft.server.notification.no-leader.timeout = 120s (custom)
2019-11-15 21:51:32,402 [pool-559-thread-1] INFO  server.RaftServerConfigKeys (ConfUtils.java:logGet(43)) - raft.server.log.use.memory = false (default)
2019-11-15 21:51:32,402 [pool-559-thread-1] INFO  server.RaftServerConfigKeys (ConfUtils.java:logGet(43)) - raft.server.log.purge.gap = 1000000 (custom)
2019-11-15 21:51:32,402 [pool-559-thread-1] INFO  server.RaftServerConfigKeys (ConfUtils.java:logGet(43)) - raft.server.log.appender.buffer.byte-limit = 33554432 (custom)
2019-11-15 21:51:32,402 [pool-559-thread-1] INFO  server.RaftServerConfigKeys (ConfUtils.java:logGet(43)) - raft.server.log.segment.size.max = 1048576 (custom)
2019-11-15 21:51:32,402 [pool-559-thread-1] INFO  server.RaftServerConfigKeys (ConfUtils.java:logGet(43)) - raft.server.log.segment.cache.num.max = 2 (custom)
2019-11-15 21:51:32,402 [pool-559-thread-1] INFO  segmented.SegmentedRaftLogWorker (SegmentedRaftLogWorker.java:<init>(173)) - new 81d95af4-28c6-42b2-8e7d-ef28ff90d39a@group-974367D23D9D-SegmentedRaftLogWorker for RaftStorage:Storage Directory /workdir/hadoop-ozone/integration-test/target/test-dir/MiniOzoneClusterImpl-e150a234-18da-4756-b2e5-8eb09f38746c/datanode-5/data/ratis/91c1790a-f0ff-4b33-8dae-974367d23d9d
2019-11-15 21:51:32,402 [pool-559-thread-1] INFO  server.RaftServerConfigKeys (ConfUtils.java:logGet(43)) - raft.server.log.queue.byte-limit = 2147483647 (custom)
2019-11-15 21:51:32,402 [pool-559-thread-1] INFO  server.RaftServerConfigKeys (ConfUtils.java:logGet(43)) - raft.server.log.queue.element-limit = 1024 (custom)
2019-11-15 21:51:32,403 [pool-559-thread-1] INFO  server.RaftServerConfigKeys (ConfUtils.java:logGet(43)) - raft.server.log.segment.size.max = 1048576 (custom)
2019-11-15 21:51:32,403 [pool-559-thread-1] INFO  server.RaftServerConfigKeys (ConfUtils.java:logGet(43)) - raft.server.log.preallocated.size = 16384 (custom)
2019-11-15 21:51:32,403 [pool-559-thread-1] INFO  server.RaftServerConfigKeys (ConfUtils.java:logGet(43)) - raft.server.log.write.buffer.size = 33554432 (custom)
2019-11-15 21:51:32,403 [pool-559-thread-1] INFO  server.RaftServerConfigKeys (ConfUtils.java:logGet(43)) - raft.server.log.force.sync.num = 128 (default)
2019-11-15 21:51:32,403 [pool-559-thread-1] INFO  server.RaftServerConfigKeys (ConfUtils.java:logGet(43)) - raft.server.log.statemachine.data.sync = true (default)
2019-11-15 21:51:32,403 [pool-559-thread-1] INFO  server.RaftServerConfigKeys (ConfUtils.java:logGet(43)) - raft.server.log.statemachine.data.sync.timeout = 10s (default)
2019-11-15 21:51:32,403 [pool-559-thread-1] INFO  server.RaftServerConfigKeys (ConfUtils.java:logGet(43)) - raft.server.log.statemachine.data.sync.timeout.retry = -1 (default)
2019-11-15 21:51:32,403 [pool-559-thread-1] INFO  server.RaftServerConfigKeys (ConfUtils.java:logGet(43)) - raft.server.log.statemachine.data.caching.enabled = true (custom)
2019-11-15 21:51:32,403 [pool-559-thread-1] INFO  segmented.SegmentedRaftLogWorker (SegmentedRaftLogWorker.java:lambda$new$0(128)) - 81d95af4-28c6-42b2-8e7d-ef28ff90d39a@group-974367D23D9D-SegmentedRaftLogWorker: flushIndex: setUnconditionally 0 -> -1
2019-11-15 21:51:32,403 [pool-559-thread-1] INFO  server.RaftServerConfigKeys (ConfUtils.java:logGet(43)) - raft.server.snapshot.auto.trigger.enabled = true (custom)
2019-11-15 21:51:32,403 [pool-559-thread-1] INFO  server.RaftServerConfigKeys (ConfUtils.java:logGet(43)) - raft.server.snapshot.auto.trigger.threshold = 10000 (custom)
2019-11-15 21:51:32,403 [pool-559-thread-1] INFO  server.RaftServerConfigKeys (ConfUtils.java:logGet(43)) - raft.server.snapshot.retention.file.num = 5 (custom)
2019-11-15 21:51:32,404 [pool-559-thread-1] INFO  server.RaftServerConfigKeys (ConfUtils.java:logGet(43)) - raft.server.retrycache.expirytime = 600000ms (custom)
2019-11-15 21:51:32,404 [pool-559-thread-1] WARN  impl.MetricRegistriesImpl (MetricRegistriesImpl.java:lambda$create$1(61)) - First MetricRegistry has been created without registering reporters. You may need to call MetricRegistries.global().addReportRegistration(...) before.
2019-11-15 21:51:32,404 [pool-559-thread-1] WARN  impl.MetricRegistriesImpl (MetricRegistriesImpl.java:lambda$create$1(61)) - First MetricRegistry has been created without registering reporters. You may need to call MetricRegistries.global().addReportRegistration(...) before.
2019-11-15 21:51:32,404 [pool-559-thread-1] INFO  impl.RaftServerImpl (RaftServerImpl.java:start(184)) - 81d95af4-28c6-42b2-8e7d-ef28ff90d39a@group-974367D23D9D: start as a follower, conf=-1: [81d95af4-28c6-42b2-8e7d-ef28ff90d39a:192.168.164.223:42674], old=null
2019-11-15 21:51:32,404 [pool-559-thread-1] INFO  impl.RaftServerImpl (RaftServerImpl.java:setRole(173)) - 81d95af4-28c6-42b2-8e7d-ef28ff90d39a@group-974367D23D9D: changes role from      null to FOLLOWER at term 0 for startAsFollower
2019-11-15 21:51:32,404 [pool-559-thread-1] INFO  impl.RoleInfo (RoleInfo.java:updateAndGet(143)) - 81d95af4-28c6-42b2-8e7d-ef28ff90d39a: start FollowerState
2019-11-15 21:51:32,404 [pool-559-thread-1] INFO  util.JmxRegister (JmxRegister.java:tryRegister(44)) - Successfully registered JMX Bean with object name Ratis:service=RaftServer,group=group-974367D23D9D,id=81d95af4-28c6-42b2-8e7d-ef28ff90d39a
2019-11-15 21:51:32,404 [pool-559-thread-1] WARN  impl.MetricRegistriesImpl (MetricRegistriesImpl.java:lambda$create$1(61)) - First MetricRegistry has been created without registering reporters. You may need to call MetricRegistries.global().addReportRegistration(...) before.
2019-11-15 21:51:32,406 [RatisPipelineUtilsThread] INFO  pipeline.PipelineStateManager (PipelineStateManager.java:addPipeline(55)) - Created pipeline Pipeline[ Id: 91c1790a-f0ff-4b33-8dae-974367d23d9d, Nodes: 81d95af4-28c6-42b2-8e7d-ef28ff90d39a{ip: 192.168.164.223, host: pr-hdds-2493-5rwwl-1515842690, networkLocation: /rack1, certSerialId: null}, Type:RATIS, Factor:ONE, State:ALLOCATED]
2019-11-15 21:51:32,408 [Thread-3957] INFO  pipeline.PipelineStateManager (PipelineStateManager.java:finalizePipeline(121)) - Pipeline Pipeline[ Id: f177291a-af5b-4f1d-8fa7-2fcdd2926d66, Nodes: 6fbcf556-c950-470a-b12c-d884793bba84{ip: 192.168.164.223, host: pr-hdds-2493-5rwwl-1515842690, networkLocation: /rack1, certSerialId: null}, Type:RATIS, Factor:ONE, State:CLOSED] moved to CLOSED state
2019-11-15 21:51:32,410 [grpc-default-executor-6] INFO  impl.RaftServerProxy (RaftServerProxy.java:remove(95)) - 6fbcf556-c950-470a-b12c-d884793bba84: remove    LEADER 6fbcf556-c950-470a-b12c-d884793bba84@group-2FCDD2926D66:t1, leader=6fbcf556-c950-470a-b12c-d884793bba84, voted=6fbcf556-c950-470a-b12c-d884793bba84, raftlog=6fbcf556-c950-470a-b12c-d884793bba84@group-2FCDD2926D66-SegmentedRaftLog:OPENED:c0,f0,i0, conf=0: [6fbcf556-c950-470a-b12c-d884793bba84:192.168.164.223:46779], old=null RUNNING
2019-11-15 21:51:32,410 [grpc-default-executor-6] INFO  impl.RaftServerImpl (RaftServerImpl.java:lambda$shutdown$3(250)) - 6fbcf556-c950-470a-b12c-d884793bba84@group-2FCDD2926D66: shutdown
2019-11-15 21:51:32,410 [grpc-default-executor-6] INFO  util.JmxRegister (JmxRegister.java:unregister(73)) - Successfully un-registered JMX Bean with object name Ratis:service=RaftServer,group=group-2FCDD2926D66,id=6fbcf556-c950-470a-b12c-d884793bba84
2019-11-15 21:51:32,411 [grpc-default-executor-6] INFO  impl.RoleInfo (RoleInfo.java:shutdownLeaderState(104)) - 6fbcf556-c950-470a-b12c-d884793bba84: shutdown LeaderState
2019-11-15 21:51:32,411 [grpc-default-executor-6] INFO  impl.PendingRequests (PendingRequests.java:sendNotLeaderResponses(206)) - 6fbcf556-c950-470a-b12c-d884793bba84@group-2FCDD2926D66-PendingRequests: sendNotLeaderResponses
2019-11-15 21:51:32,411 [grpc-default-executor-6] INFO  impl.StateMachineUpdater (StateMachineUpdater.java:stopAndJoin(136)) - 6fbcf556-c950-470a-b12c-d884793bba84@group-2FCDD2926D66-StateMachineUpdater: set stopIndex = 0
2019-11-15 21:51:32,411 [grpc-default-executor-6] INFO  impl.RaftServerImpl (ServerState.java:close(387)) - 6fbcf556-c950-470a-b12c-d884793bba84@group-2FCDD2926D66: closes. applyIndex: 0
2019-11-15 21:51:32,411 [6fbcf556-c950-470a-b12c-d884793bba84@group-2FCDD2926D66-SegmentedRaftLogWorker] INFO  segmented.SegmentedRaftLogWorker (SegmentedRaftLogWorker.java:run(316)) - 6fbcf556-c950-470a-b12c-d884793bba84@group-2FCDD2926D66-SegmentedRaftLogWorker was interrupted, exiting. There are 0 tasks remaining in the queue.
2019-11-15 21:51:32,411 [grpc-default-executor-6] INFO  segmented.SegmentedRaftLogWorker (SegmentedRaftLogWorker.java:close(224)) - 6fbcf556-c950-470a-b12c-d884793bba84@group-2FCDD2926D66-SegmentedRaftLogWorker close()
2019-11-15 21:51:32,415 [Thread-3957] INFO  pipeline.PipelineStateManager (PipelineStateManager.java:removePipeline(106)) - Pipeline Pipeline[ Id: f177291a-af5b-4f1d-8fa7-2fcdd2926d66, Nodes: 6fbcf556-c950-470a-b12c-d884793bba84{ip: 192.168.164.223, host: pr-hdds-2493-5rwwl-1515842690, networkLocation: /rack1, certSerialId: null}, Type:RATIS, Factor:ONE, State:CLOSED] removed from db
2019-11-15 21:51:32,415 [Thread-3957] INFO  pipeline.SCMPipelineManager (SCMPipelineManager.java:finalizeAndDestroyPipeline(315)) - destroying pipeline:Pipeline[ Id: 05df43c7-4952-436f-a14a-838fbf1cec89, Nodes: 25a1269d-d7cc-4acf-80e8-5992809da5ba{ip: 192.168.164.223, host: pr-hdds-2493-5rwwl-1515842690, networkLocation: /rack1, certSerialId: null}dfb71ea8-5a43-4574-802a-eb8470866674{ip: 192.168.164.223, host: pr-hdds-2493-5rwwl-1515842690, networkLocation: /rack1, certSerialId: null}81d95af4-28c6-42b2-8e7d-ef28ff90d39a{ip: 192.168.164.223, host: pr-hdds-2493-5rwwl-1515842690, networkLocation: /rack1, certSerialId: null}, Type:RATIS, Factor:THREE, State:OPEN]
2019-11-15 21:51:32,426 [grpc-default-executor-6] INFO  impl.RaftServerProxy (RaftServerProxy.java:addNew(89)) - 6fbcf556-c950-470a-b12c-d884793bba84: addNew group-7F8591C4C54F:[6fbcf556-c950-470a-b12c-d884793bba84:192.168.164.223:46779] returns group-7F8591C4C54F:java.util.concurrent.CompletableFuture@72d83e3b[Not completed]
2019-11-15 21:51:32,427 [pool-519-thread-1] INFO  impl.RaftServerImpl (RaftServerImpl.java:<init>(98)) - 6fbcf556-c950-470a-b12c-d884793bba84: new RaftServerImpl for group-7F8591C4C54F:[6fbcf556-c950-470a-b12c-d884793bba84:192.168.164.223:46779] with ContainerStateMachine:uninitialized
2019-11-15 21:51:32,427 [pool-519-thread-1] INFO  server.RaftServerConfigKeys (ConfUtils.java:logGet(43)) - raft.server.rpc.timeout.min = 1s (custom)
2019-11-15 21:51:32,427 [pool-519-thread-1] INFO  server.RaftServerConfigKeys (ConfUtils.java:logGet(43)) - raft.server.rpc.timeout.max = 1200ms (custom)
2019-11-15 21:51:32,427 [pool-519-thread-1] INFO  server.RaftServerConfigKeys (ConfUtils.java:logGet(43)) - raft.server.rpcslowness.timeout = 120s (custom)
2019-11-15 21:51:32,427 [pool-519-thread-1] INFO  server.RaftServerConfigKeys (ConfUtils.java:logGet(43)) - raft.server.sleep.deviation.threshold = 300 (default)
2019-11-15 21:51:32,428 [pool-519-thread-1] INFO  server.RaftServerConfigKeys (ConfUtils.java:logGet(43)) - raft.server.log.appender.install.snapshot.enabled = false (custom)
2019-11-15 21:51:32,428 [pool-519-thread-1] INFO  impl.RaftServerImpl (ServerState.java:<init>(103)) - 6fbcf556-c950-470a-b12c-d884793bba84@group-7F8591C4C54F: ConfigurationManager, init=-1: [6fbcf556-c950-470a-b12c-d884793bba84:192.168.164.223:46779], old=null, confs=<EMPTY_MAP>
2019-11-15 21:51:32,428 [pool-519-thread-1] INFO  server.RaftServerConfigKeys (ConfUtils.java:logGet(43)) - raft.server.storage.dir = [/workdir/hadoop-ozone/integration-test/target/test-dir/MiniOzoneClusterImpl-e150a234-18da-4756-b2e5-8eb09f38746c/datanode-1/data/ratis] (custom)
2019-11-15 21:51:32,428 [pool-519-thread-1] INFO  server.RaftServerConfigKeys (ConfUtils.java:logGet(43)) - raft.server.log.corruption.policy = EXCEPTION (default)
2019-11-15 21:51:32,428 [pool-519-thread-1] INFO  storage.RaftStorageDirectory (RaftStorageDirectory.java:analyzeStorage(246)) - The storage directory /workdir/hadoop-ozone/integration-test/target/test-dir/MiniOzoneClusterImpl-e150a234-18da-4756-b2e5-8eb09f38746c/datanode-1/data/ratis/31afcfe8-0438-464c-92a9-7f8591c4c54f does not exist. Creating ...
2019-11-15 21:51:32,436 [pool-519-thread-1] INFO  storage.RaftStorageDirectory (RaftStorageDirectory.java:tryLock(328)) - Lock on /workdir/hadoop-ozone/integration-test/target/test-dir/MiniOzoneClusterImpl-e150a234-18da-4756-b2e5-8eb09f38746c/datanode-1/data/ratis/31afcfe8-0438-464c-92a9-7f8591c4c54f/in_use.lock acquired by nodename 4447@pr-hdds-2493-5rwwl-1515842690
2019-11-15 21:51:32,449 [pool-519-thread-1] INFO  storage.RaftStorage (RaftStorage.java:format(84)) - Storage directory /workdir/hadoop-ozone/integration-test/target/test-dir/MiniOzoneClusterImpl-e150a234-18da-4756-b2e5-8eb09f38746c/datanode-1/data/ratis/31afcfe8-0438-464c-92a9-7f8591c4c54f has been successfully formatted.
2019-11-15 21:51:32,449 [pool-519-thread-1] INFO  ratis.ContainerStateMachine (ContainerStateMachine.java:loadSnapshot(223)) - group-7F8591C4C54F: The snapshot info is null. Setting the last applied indexto:(t:0, i:~)
2019-11-15 21:51:32,449 [pool-519-thread-1] INFO  server.RaftServerConfigKeys (ConfUtils.java:logGet(43)) - raft.server.notification.no-leader.timeout = 120s (custom)
2019-11-15 21:51:32,449 [pool-519-thread-1] INFO  server.RaftServerConfigKeys (ConfUtils.java:logGet(43)) - raft.server.log.use.memory = false (default)
2019-11-15 21:51:32,449 [pool-519-thread-1] INFO  server.RaftServerConfigKeys (ConfUtils.java:logGet(43)) - raft.server.log.purge.gap = 1000000 (custom)
2019-11-15 21:51:32,449 [pool-519-thread-1] INFO  server.RaftServerConfigKeys (ConfUtils.java:logGet(43)) - raft.server.log.appender.buffer.byte-limit = 33554432 (custom)
2019-11-15 21:51:32,449 [pool-519-thread-1] INFO  server.RaftServerConfigKeys (ConfUtils.java:logGet(43)) - raft.server.log.segment.size.max = 1048576 (custom)
2019-11-15 21:51:32,449 [pool-519-thread-1] INFO  server.RaftServerConfigKeys (ConfUtils.java:logGet(43)) - raft.server.log.segment.cache.num.max = 2 (custom)
2019-11-15 21:51:32,449 [pool-519-thread-1] INFO  segmented.SegmentedRaftLogWorker (SegmentedRaftLogWorker.java:<init>(173)) - new 6fbcf556-c950-470a-b12c-d884793bba84@group-7F8591C4C54F-SegmentedRaftLogWorker for RaftStorage:Storage Directory /workdir/hadoop-ozone/integration-test/target/test-dir/MiniOzoneClusterImpl-e150a234-18da-4756-b2e5-8eb09f38746c/datanode-1/data/ratis/31afcfe8-0438-464c-92a9-7f8591c4c54f
2019-11-15 21:51:32,450 [pool-519-thread-1] INFO  server.RaftServerConfigKeys (ConfUtils.java:logGet(43)) - raft.server.log.queue.byte-limit = 2147483647 (custom)
2019-11-15 21:51:32,450 [pool-519-thread-1] INFO  server.RaftServerConfigKeys (ConfUtils.java:logGet(43)) - raft.server.log.queue.element-limit = 1024 (custom)
2019-11-15 21:51:32,450 [pool-519-thread-1] INFO  server.RaftServerConfigKeys (ConfUtils.java:logGet(43)) - raft.server.log.segment.size.max = 1048576 (custom)
2019-11-15 21:51:32,450 [pool-519-thread-1] INFO  server.RaftServerConfigKeys (ConfUtils.java:logGet(43)) - raft.server.log.preallocated.size = 16384 (custom)
2019-11-15 21:51:32,450 [pool-519-thread-1] INFO  server.RaftServerConfigKeys (ConfUtils.java:logGet(43)) - raft.server.log.write.buffer.size = 33554432 (custom)
2019-11-15 21:51:32,450 [pool-519-thread-1] INFO  server.RaftServerConfigKeys (ConfUtils.java:logGet(43)) - raft.server.log.force.sync.num = 128 (default)
2019-11-15 21:51:32,450 [pool-519-thread-1] INFO  server.RaftServerConfigKeys (ConfUtils.java:logGet(43)) - raft.server.log.statemachine.data.sync = true (default)
2019-11-15 21:51:32,450 [pool-519-thread-1] INFO  server.RaftServerConfigKeys (ConfUtils.java:logGet(43)) - raft.server.log.statemachine.data.sync.timeout = 10s (default)
2019-11-15 21:51:32,450 [pool-519-thread-1] INFO  server.RaftServerConfigKeys (ConfUtils.java:logGet(43)) - raft.server.log.statemachine.data.sync.timeout.retry = -1 (default)
2019-11-15 21:51:32,450 [pool-519-thread-1] INFO  server.RaftServerConfigKeys (ConfUtils.java:logGet(43)) - raft.server.log.statemachine.data.caching.enabled = true (custom)
2019-11-15 21:51:32,450 [pool-519-thread-1] INFO  segmented.SegmentedRaftLogWorker (SegmentedRaftLogWorker.java:lambda$new$0(128)) - 6fbcf556-c950-470a-b12c-d884793bba84@group-7F8591C4C54F-SegmentedRaftLogWorker: flushIndex: setUnconditionally 0 -> -1
2019-11-15 21:51:32,450 [pool-519-thread-1] INFO  server.RaftServerConfigKeys (ConfUtils.java:logGet(43)) - raft.server.snapshot.auto.trigger.enabled = true (custom)
2019-11-15 21:51:32,451 [pool-519-thread-1] INFO  server.RaftServerConfigKeys (ConfUtils.java:logGet(43)) - raft.server.snapshot.auto.trigger.threshold = 10000 (custom)
2019-11-15 21:51:32,451 [pool-519-thread-1] INFO  server.RaftServerConfigKeys (ConfUtils.java:logGet(43)) - raft.server.snapshot.retention.file.num = 5 (custom)
2019-11-15 21:51:32,451 [pool-519-thread-1] INFO  server.RaftServerConfigKeys (ConfUtils.java:logGet(43)) - raft.server.retrycache.expirytime = 600000ms (custom)
2019-11-15 21:51:32,451 [pool-519-thread-1] WARN  impl.MetricRegistriesImpl (MetricRegistriesImpl.java:lambda$create$1(61)) - First MetricRegistry has been created without registering reporters. You may need to call MetricRegistries.global().addReportRegistration(...) before.
2019-11-15 21:51:32,451 [pool-519-thread-1] WARN  impl.MetricRegistriesImpl (MetricRegistriesImpl.java:lambda$create$1(61)) - First MetricRegistry has been created without registering reporters. You may need to call MetricRegistries.global().addReportRegistration(...) before.
2019-11-15 21:51:32,451 [pool-519-thread-1] INFO  impl.RaftServerImpl (RaftServerImpl.java:start(184)) - 6fbcf556-c950-470a-b12c-d884793bba84@group-7F8591C4C54F: start as a follower, conf=-1: [6fbcf556-c950-470a-b12c-d884793bba84:192.168.164.223:46779], old=null
2019-11-15 21:51:32,451 [pool-519-thread-1] INFO  impl.RaftServerImpl (RaftServerImpl.java:setRole(173)) - 6fbcf556-c950-470a-b12c-d884793bba84@group-7F8591C4C54F: changes role from      null to FOLLOWER at term 0 for startAsFollower
2019-11-15 21:51:32,451 [pool-519-thread-1] INFO  impl.RoleInfo (RoleInfo.java:updateAndGet(143)) - 6fbcf556-c950-470a-b12c-d884793bba84: start FollowerState
2019-11-15 21:51:32,451 [pool-519-thread-1] INFO  util.JmxRegister (JmxRegister.java:tryRegister(44)) - Successfully registered JMX Bean with object name Ratis:service=RaftServer,group=group-7F8591C4C54F,id=6fbcf556-c950-470a-b12c-d884793bba84
2019-11-15 21:51:32,451 [pool-519-thread-1] WARN  impl.MetricRegistriesImpl (MetricRegistriesImpl.java:lambda$create$1(61)) - First MetricRegistry has been created without registering reporters. You may need to call MetricRegistries.global().addReportRegistration(...) before.
2019-11-15 21:51:32,453 [RatisPipelineUtilsThread] INFO  pipeline.PipelineStateManager (PipelineStateManager.java:addPipeline(55)) - Created pipeline Pipeline[ Id: 31afcfe8-0438-464c-92a9-7f8591c4c54f, Nodes: 6fbcf556-c950-470a-b12c-d884793bba84{ip: 192.168.164.223, host: pr-hdds-2493-5rwwl-1515842690, networkLocation: /rack1, certSerialId: null}, Type:RATIS, Factor:ONE, State:ALLOCATED]
2019-11-15 21:51:32,458 [Thread-3957] INFO  pipeline.PipelineStateManager (PipelineStateManager.java:finalizePipeline(121)) - Pipeline Pipeline[ Id: 05df43c7-4952-436f-a14a-838fbf1cec89, Nodes: 25a1269d-d7cc-4acf-80e8-5992809da5ba{ip: 192.168.164.223, host: pr-hdds-2493-5rwwl-1515842690, networkLocation: /rack1, certSerialId: null}dfb71ea8-5a43-4574-802a-eb8470866674{ip: 192.168.164.223, host: pr-hdds-2493-5rwwl-1515842690, networkLocation: /rack1, certSerialId: null}81d95af4-28c6-42b2-8e7d-ef28ff90d39a{ip: 192.168.164.223, host: pr-hdds-2493-5rwwl-1515842690, networkLocation: /rack1, certSerialId: null}, Type:RATIS, Factor:THREE, State:CLOSED] moved to CLOSED state
2019-11-15 21:51:32,460 [grpc-default-executor-6] INFO  impl.RaftServerProxy (RaftServerProxy.java:remove(95)) - 25a1269d-d7cc-4acf-80e8-5992809da5ba: remove    LEADER 25a1269d-d7cc-4acf-80e8-5992809da5ba@group-838FBF1CEC89:t1, leader=25a1269d-d7cc-4acf-80e8-5992809da5ba, voted=25a1269d-d7cc-4acf-80e8-5992809da5ba, raftlog=25a1269d-d7cc-4acf-80e8-5992809da5ba@group-838FBF1CEC89-SegmentedRaftLog:OPENED:c0,f0,i0, conf=0: [81d95af4-28c6-42b2-8e7d-ef28ff90d39a:192.168.164.223:42674, dfb71ea8-5a43-4574-802a-eb8470866674:192.168.164.223:45914, 25a1269d-d7cc-4acf-80e8-5992809da5ba:192.168.164.223:46315], old=null RUNNING
2019-11-15 21:51:32,460 [grpc-default-executor-6] INFO  impl.RaftServerImpl (RaftServerImpl.java:lambda$shutdown$3(250)) - 25a1269d-d7cc-4acf-80e8-5992809da5ba@group-838FBF1CEC89: shutdown
2019-11-15 21:51:32,460 [grpc-default-executor-6] INFO  util.JmxRegister (JmxRegister.java:unregister(73)) - Successfully un-registered JMX Bean with object name Ratis:service=RaftServer,group=group-838FBF1CEC89,id=25a1269d-d7cc-4acf-80e8-5992809da5ba
2019-11-15 21:51:32,460 [grpc-default-executor-6] INFO  impl.RoleInfo (RoleInfo.java:shutdownLeaderState(104)) - 25a1269d-d7cc-4acf-80e8-5992809da5ba: shutdown LeaderState
2019-11-15 21:51:32,461 [grpc-default-executor-6] INFO  impl.PendingRequests (PendingRequests.java:sendNotLeaderResponses(206)) - 25a1269d-d7cc-4acf-80e8-5992809da5ba@group-838FBF1CEC89-PendingRequests: sendNotLeaderResponses
2019-11-15 21:51:32,461 [org.apache.ratis.server.impl.LogAppender$AppenderDaemon$$Lambda$472/95030288@7532a139] WARN  server.GrpcLogAppender (GrpcLogAppender.java:mayWait(151)) - 25a1269d-d7cc-4acf-80e8-5992809da5ba@group-838FBF1CEC89->dfb71ea8-5a43-4574-802a-eb8470866674-GrpcLogAppender: Wait interrupted by java.lang.InterruptedException
2019-11-15 21:51:32,461 [grpc-default-executor-6] INFO  impl.StateMachineUpdater (StateMachineUpdater.java:stopAndJoin(136)) - 25a1269d-d7cc-4acf-80e8-5992809da5ba@group-838FBF1CEC89-StateMachineUpdater: set stopIndex = 0
2019-11-15 21:51:32,461 [org.apache.ratis.server.impl.LogAppender$AppenderDaemon$$Lambda$472/95030288@3030395b] WARN  server.GrpcLogAppender (GrpcLogAppender.java:mayWait(151)) - 25a1269d-d7cc-4acf-80e8-5992809da5ba@group-838FBF1CEC89->81d95af4-28c6-42b2-8e7d-ef28ff90d39a-GrpcLogAppender: Wait interrupted by java.lang.InterruptedException
2019-11-15 21:51:32,461 [grpc-default-executor-6] INFO  impl.RaftServerImpl (ServerState.java:close(387)) - 25a1269d-d7cc-4acf-80e8-5992809da5ba@group-838FBF1CEC89: closes. applyIndex: 0
2019-11-15 21:51:32,461 [grpc-default-executor-2] INFO  server.GrpcServerProtocolService (GrpcServerProtocolService.java:onCompleted(113)) - dfb71ea8-5a43-4574-802a-eb8470866674: Completed APPEND_ENTRIES, lastRequest: 25a1269d-d7cc-4acf-80e8-5992809da5ba->dfb71ea8-5a43-4574-802a-eb8470866674#5-t1, previous=(t:1, i:0), leaderCommit=0, initializing? false, entries: <empty>
2019-11-15 21:51:32,461 [grpc-default-executor-4] INFO  server.GrpcServerProtocolService (GrpcServerProtocolService.java:onCompleted(113)) - 81d95af4-28c6-42b2-8e7d-ef28ff90d39a: Completed APPEND_ENTRIES, lastRequest: 25a1269d-d7cc-4acf-80e8-5992809da5ba->81d95af4-28c6-42b2-8e7d-ef28ff90d39a#5-t1, previous=(t:1, i:0), leaderCommit=0, initializing? false, entries: <empty>
2019-11-15 21:51:32,461 [25a1269d-d7cc-4acf-80e8-5992809da5ba@group-838FBF1CEC89-SegmentedRaftLogWorker] INFO  segmented.SegmentedRaftLogWorker (SegmentedRaftLogWorker.java:run(316)) - 25a1269d-d7cc-4acf-80e8-5992809da5ba@group-838FBF1CEC89-SegmentedRaftLogWorker was interrupted, exiting. There are 0 tasks remaining in the queue.
2019-11-15 21:51:32,461 [grpc-default-executor-4] INFO  server.GrpcLogAppender (GrpcLogAppender.java:onCompleted(308)) - 25a1269d-d7cc-4acf-80e8-5992809da5ba@group-838FBF1CEC89->dfb71ea8-5a43-4574-802a-eb8470866674-AppendLogResponseHandler: follower responses appendEntries COMPLETED
2019-11-15 21:51:32,462 [grpc-default-executor-6] INFO  segmented.SegmentedRaftLogWorker (SegmentedRaftLogWorker.java:close(224)) - 25a1269d-d7cc-4acf-80e8-5992809da5ba@group-838FBF1CEC89-SegmentedRaftLogWorker close()
2019-11-15 21:51:32,462 [grpc-default-executor-2] INFO  server.GrpcLogAppender (GrpcLogAppender.java:onCompleted(308)) - 25a1269d-d7cc-4acf-80e8-5992809da5ba@group-838FBF1CEC89->81d95af4-28c6-42b2-8e7d-ef28ff90d39a-AppendLogResponseHandler: follower responses appendEntries COMPLETED
2019-11-15 21:51:32,462 [grpc-default-executor-4] INFO  impl.FollowerInfo (FollowerInfo.java:lambda$new$0(51)) - 25a1269d-d7cc-4acf-80e8-5992809da5ba@group-838FBF1CEC89->dfb71ea8-5a43-4574-802a-eb8470866674: nextIndex: updateUnconditionally 1 -> 0
2019-11-15 21:51:32,464 [grpc-default-executor-2] INFO  impl.FollowerInfo (FollowerInfo.java:lambda$new$0(51)) - 25a1269d-d7cc-4acf-80e8-5992809da5ba@group-838FBF1CEC89->81d95af4-28c6-42b2-8e7d-ef28ff90d39a: nextIndex: updateUnconditionally 1 -> 0
2019-11-15 21:51:32,467 [grpc-default-executor-6] INFO  impl.RaftServerProxy (RaftServerProxy.java:remove(95)) - dfb71ea8-5a43-4574-802a-eb8470866674: remove  FOLLOWER dfb71ea8-5a43-4574-802a-eb8470866674@group-838FBF1CEC89:t1, leader=25a1269d-d7cc-4acf-80e8-5992809da5ba, voted=25a1269d-d7cc-4acf-80e8-5992809da5ba, raftlog=dfb71ea8-5a43-4574-802a-eb8470866674@group-838FBF1CEC89-SegmentedRaftLog:OPENED:c0,f0,i0, conf=0: [81d95af4-28c6-42b2-8e7d-ef28ff90d39a:192.168.164.223:42674, dfb71ea8-5a43-4574-802a-eb8470866674:192.168.164.223:45914, 25a1269d-d7cc-4acf-80e8-5992809da5ba:192.168.164.223:46315], old=null RUNNING
2019-11-15 21:51:32,468 [grpc-default-executor-6] INFO  impl.RaftServerImpl (RaftServerImpl.java:lambda$shutdown$3(250)) - dfb71ea8-5a43-4574-802a-eb8470866674@group-838FBF1CEC89: shutdown
2019-11-15 21:51:32,468 [grpc-default-executor-6] INFO  util.JmxRegister (JmxRegister.java:unregister(73)) - Successfully un-registered JMX Bean with object name Ratis:service=RaftServer,group=group-838FBF1CEC89,id=dfb71ea8-5a43-4574-802a-eb8470866674
2019-11-15 21:51:32,468 [grpc-default-executor-6] INFO  impl.RoleInfo (RoleInfo.java:shutdownFollowerState(121)) - dfb71ea8-5a43-4574-802a-eb8470866674: shutdown FollowerState
2019-11-15 21:51:32,468 [grpc-default-executor-6] INFO  impl.StateMachineUpdater (StateMachineUpdater.java:stopAndJoin(136)) - dfb71ea8-5a43-4574-802a-eb8470866674@group-838FBF1CEC89-StateMachineUpdater: set stopIndex = 0
2019-11-15 21:51:32,468 [Thread-4044] INFO  impl.FollowerState (FollowerState.java:run(120)) - dfb71ea8-5a43-4574-802a-eb8470866674@group-838FBF1CEC89-FollowerState was interrupted: java.lang.InterruptedException: sleep interrupted
2019-11-15 21:51:32,468 [grpc-default-executor-6] INFO  impl.RaftServerImpl (ServerState.java:close(387)) - dfb71ea8-5a43-4574-802a-eb8470866674@group-838FBF1CEC89: closes. applyIndex: 0
2019-11-15 21:51:32,468 [dfb71ea8-5a43-4574-802a-eb8470866674@group-838FBF1CEC89-SegmentedRaftLogWorker] INFO  segmented.SegmentedRaftLogWorker (SegmentedRaftLogWorker.java:run(316)) - dfb71ea8-5a43-4574-802a-eb8470866674@group-838FBF1CEC89-SegmentedRaftLogWorker was interrupted, exiting. There are 0 tasks remaining in the queue.
2019-11-15 21:51:32,469 [grpc-default-executor-6] INFO  segmented.SegmentedRaftLogWorker (SegmentedRaftLogWorker.java:close(224)) - dfb71ea8-5a43-4574-802a-eb8470866674@group-838FBF1CEC89-SegmentedRaftLogWorker close()
2019-11-15 21:51:32,475 [grpc-default-executor-6] INFO  impl.RaftServerProxy (RaftServerProxy.java:remove(95)) - 81d95af4-28c6-42b2-8e7d-ef28ff90d39a: remove  FOLLOWER 81d95af4-28c6-42b2-8e7d-ef28ff90d39a@group-838FBF1CEC89:t1, leader=25a1269d-d7cc-4acf-80e8-5992809da5ba, voted=81d95af4-28c6-42b2-8e7d-ef28ff90d39a, raftlog=81d95af4-28c6-42b2-8e7d-ef28ff90d39a@group-838FBF1CEC89-SegmentedRaftLog:OPENED:c0,f0,i0, conf=0: [81d95af4-28c6-42b2-8e7d-ef28ff90d39a:192.168.164.223:42674, dfb71ea8-5a43-4574-802a-eb8470866674:192.168.164.223:45914, 25a1269d-d7cc-4acf-80e8-5992809da5ba:192.168.164.223:46315], old=null RUNNING
2019-11-15 21:51:32,475 [grpc-default-executor-6] INFO  impl.RaftServerImpl (RaftServerImpl.java:lambda$shutdown$3(250)) - 81d95af4-28c6-42b2-8e7d-ef28ff90d39a@group-838FBF1CEC89: shutdown
2019-11-15 21:51:32,475 [grpc-default-executor-6] INFO  util.JmxRegister (JmxRegister.java:unregister(73)) - Successfully un-registered JMX Bean with object name Ratis:service=RaftServer,group=group-838FBF1CEC89,id=81d95af4-28c6-42b2-8e7d-ef28ff90d39a
2019-11-15 21:51:32,475 [grpc-default-executor-6] INFO  impl.RoleInfo (RoleInfo.java:shutdownFollowerState(121)) - 81d95af4-28c6-42b2-8e7d-ef28ff90d39a: shutdown FollowerState
2019-11-15 21:51:32,475 [grpc-default-executor-6] INFO  impl.StateMachineUpdater (StateMachineUpdater.java:stopAndJoin(136)) - 81d95af4-28c6-42b2-8e7d-ef28ff90d39a@group-838FBF1CEC89-StateMachineUpdater: set stopIndex = 0
2019-11-15 21:51:32,475 [Thread-4051] INFO  impl.FollowerState (FollowerState.java:run(120)) - 81d95af4-28c6-42b2-8e7d-ef28ff90d39a@group-838FBF1CEC89-FollowerState was interrupted: java.lang.InterruptedException: sleep interrupted
2019-11-15 21:51:32,476 [grpc-default-executor-6] INFO  impl.RaftServerImpl (ServerState.java:close(387)) - 81d95af4-28c6-42b2-8e7d-ef28ff90d39a@group-838FBF1CEC89: closes. applyIndex: 0
2019-11-15 21:51:32,476 [81d95af4-28c6-42b2-8e7d-ef28ff90d39a@group-838FBF1CEC89-SegmentedRaftLogWorker] INFO  segmented.SegmentedRaftLogWorker (SegmentedRaftLogWorker.java:run(316)) - 81d95af4-28c6-42b2-8e7d-ef28ff90d39a@group-838FBF1CEC89-SegmentedRaftLogWorker was interrupted, exiting. There are 0 tasks remaining in the queue.
2019-11-15 21:51:32,476 [grpc-default-executor-6] INFO  segmented.SegmentedRaftLogWorker (SegmentedRaftLogWorker.java:close(224)) - 81d95af4-28c6-42b2-8e7d-ef28ff90d39a@group-838FBF1CEC89-SegmentedRaftLogWorker close()
2019-11-15 21:51:32,480 [Thread-3957] INFO  pipeline.PipelineStateManager (PipelineStateManager.java:removePipeline(106)) - Pipeline Pipeline[ Id: 05df43c7-4952-436f-a14a-838fbf1cec89, Nodes: 25a1269d-d7cc-4acf-80e8-5992809da5ba{ip: 192.168.164.223, host: pr-hdds-2493-5rwwl-1515842690, networkLocation: /rack1, certSerialId: null}dfb71ea8-5a43-4574-802a-eb8470866674{ip: 192.168.164.223, host: pr-hdds-2493-5rwwl-1515842690, networkLocation: /rack1, certSerialId: null}81d95af4-28c6-42b2-8e7d-ef28ff90d39a{ip: 192.168.164.223, host: pr-hdds-2493-5rwwl-1515842690, networkLocation: /rack1, certSerialId: null}, Type:RATIS, Factor:THREE, State:CLOSED] removed from db
2019-11-15 21:51:32,480 [Thread-3957] INFO  pipeline.SCMPipelineManager (SCMPipelineManager.java:finalizeAndDestroyPipeline(315)) - destroying pipeline:Pipeline[ Id: 156cd96f-bb73-4990-9c06-d7f94224f58e, Nodes: cd688886-394b-4fb5-85cc-1eab6f176edb{ip: 192.168.164.223, host: pr-hdds-2493-5rwwl-1515842690, networkLocation: /rack1, certSerialId: null}, Type:RATIS, Factor:ONE, State:OPEN]
2019-11-15 21:51:32,498 [grpc-default-executor-6] INFO  impl.RaftServerProxy (RaftServerProxy.java:addNew(89)) - dfb71ea8-5a43-4574-802a-eb8470866674: addNew group-9378708D725D:[81d95af4-28c6-42b2-8e7d-ef28ff90d39a:192.168.164.223:42674, dfb71ea8-5a43-4574-802a-eb8470866674:192.168.164.223:45914, 25a1269d-d7cc-4acf-80e8-5992809da5ba:192.168.164.223:46315] returns group-9378708D725D:java.util.concurrent.CompletableFuture@4dc80854[Not completed]
2019-11-15 21:51:32,498 [grpc-default-executor-4] INFO  impl.RaftServerProxy (RaftServerProxy.java:addNew(89)) - 81d95af4-28c6-42b2-8e7d-ef28ff90d39a: addNew group-9378708D725D:[81d95af4-28c6-42b2-8e7d-ef28ff90d39a:192.168.164.223:42674, dfb71ea8-5a43-4574-802a-eb8470866674:192.168.164.223:45914, 25a1269d-d7cc-4acf-80e8-5992809da5ba:192.168.164.223:46315] returns group-9378708D725D:java.util.concurrent.CompletableFuture@5ca62bb2[Not completed]
2019-11-15 21:51:32,498 [grpc-default-executor-2] INFO  impl.RaftServerProxy (RaftServerProxy.java:addNew(89)) - 25a1269d-d7cc-4acf-80e8-5992809da5ba: addNew group-9378708D725D:[81d95af4-28c6-42b2-8e7d-ef28ff90d39a:192.168.164.223:42674, dfb71ea8-5a43-4574-802a-eb8470866674:192.168.164.223:45914, 25a1269d-d7cc-4acf-80e8-5992809da5ba:192.168.164.223:46315] returns group-9378708D725D:java.util.concurrent.CompletableFuture@786afb2[Not completed]
2019-11-15 21:51:32,500 [pool-549-thread-1] INFO  impl.RaftServerImpl (RaftServerImpl.java:<init>(98)) - dfb71ea8-5a43-4574-802a-eb8470866674: new RaftServerImpl for group-9378708D725D:[81d95af4-28c6-42b2-8e7d-ef28ff90d39a:192.168.164.223:42674, dfb71ea8-5a43-4574-802a-eb8470866674:192.168.164.223:45914, 25a1269d-d7cc-4acf-80e8-5992809da5ba:192.168.164.223:46315] with ContainerStateMachine:uninitialized
2019-11-15 21:51:32,500 [pool-549-thread-1] INFO  server.RaftServerConfigKeys (ConfUtils.java:logGet(43)) - raft.server.rpc.timeout.min = 1s (custom)
2019-11-15 21:51:32,500 [pool-549-thread-1] INFO  server.RaftServerConfigKeys (ConfUtils.java:logGet(43)) - raft.server.rpc.timeout.max = 1200ms (custom)
2019-11-15 21:51:32,500 [pool-549-thread-1] INFO  server.RaftServerConfigKeys (ConfUtils.java:logGet(43)) - raft.server.rpcslowness.timeout = 120s (custom)
2019-11-15 21:51:32,500 [pool-549-thread-1] INFO  server.RaftServerConfigKeys (ConfUtils.java:logGet(43)) - raft.server.sleep.deviation.threshold = 300 (default)
2019-11-15 21:51:32,500 [pool-559-thread-1] INFO  impl.RaftServerImpl (RaftServerImpl.java:<init>(98)) - 81d95af4-28c6-42b2-8e7d-ef28ff90d39a: new RaftServerImpl for group-9378708D725D:[81d95af4-28c6-42b2-8e7d-ef28ff90d39a:192.168.164.223:42674, dfb71ea8-5a43-4574-802a-eb8470866674:192.168.164.223:45914, 25a1269d-d7cc-4acf-80e8-5992809da5ba:192.168.164.223:46315] with ContainerStateMachine:uninitialized
2019-11-15 21:51:32,500 [pool-549-thread-1] INFO  server.RaftServerConfigKeys (ConfUtils.java:logGet(43)) - raft.server.log.appender.install.snapshot.enabled = false (custom)
2019-11-15 21:51:32,500 [pool-559-thread-1] INFO  server.RaftServerConfigKeys (ConfUtils.java:logGet(43)) - raft.server.rpc.timeout.min = 1s (custom)
2019-11-15 21:51:32,501 [pool-549-thread-1] INFO  impl.RaftServerImpl (ServerState.java:<init>(103)) - dfb71ea8-5a43-4574-802a-eb8470866674@group-9378708D725D: ConfigurationManager, init=-1: [81d95af4-28c6-42b2-8e7d-ef28ff90d39a:192.168.164.223:42674, dfb71ea8-5a43-4574-802a-eb8470866674:192.168.164.223:45914, 25a1269d-d7cc-4acf-80e8-5992809da5ba:192.168.164.223:46315], old=null, confs=<EMPTY_MAP>
2019-11-15 21:51:32,501 [pool-539-thread-1] INFO  impl.RaftServerImpl (RaftServerImpl.java:<init>(98)) - 25a1269d-d7cc-4acf-80e8-5992809da5ba: new RaftServerImpl for group-9378708D725D:[81d95af4-28c6-42b2-8e7d-ef28ff90d39a:192.168.164.223:42674, dfb71ea8-5a43-4574-802a-eb8470866674:192.168.164.223:45914, 25a1269d-d7cc-4acf-80e8-5992809da5ba:192.168.164.223:46315] with ContainerStateMachine:uninitialized
2019-11-15 21:51:32,501 [pool-559-thread-1] INFO  server.RaftServerConfigKeys (ConfUtils.java:logGet(43)) - raft.server.rpc.timeout.max = 1200ms (custom)
2019-11-15 21:51:32,501 [pool-539-thread-1] INFO  server.RaftServerConfigKeys (ConfUtils.java:logGet(43)) - raft.server.rpc.timeout.min = 1s (custom)
2019-11-15 21:51:32,501 [pool-549-thread-1] INFO  server.RaftServerConfigKeys (ConfUtils.java:logGet(43)) - raft.server.storage.dir = [/workdir/hadoop-ozone/integration-test/target/test-dir/MiniOzoneClusterImpl-e150a234-18da-4756-b2e5-8eb09f38746c/datanode-4/data/ratis] (custom)
2019-11-15 21:51:32,501 [pool-539-thread-1] INFO  server.RaftServerConfigKeys (ConfUtils.java:logGet(43)) - raft.server.rpc.timeout.max = 1200ms (custom)
2019-11-15 21:51:32,501 [pool-559-thread-1] INFO  server.RaftServerConfigKeys (ConfUtils.java:logGet(43)) - raft.server.rpcslowness.timeout = 120s (custom)
2019-11-15 21:51:32,501 [pool-539-thread-1] INFO  server.RaftServerConfigKeys (ConfUtils.java:logGet(43)) - raft.server.rpcslowness.timeout = 120s (custom)
2019-11-15 21:51:32,501 [pool-549-thread-1] INFO  server.RaftServerConfigKeys (ConfUtils.java:logGet(43)) - raft.server.log.corruption.policy = EXCEPTION (default)
2019-11-15 21:51:32,501 [pool-559-thread-1] INFO  server.RaftServerConfigKeys (ConfUtils.java:logGet(43)) - raft.server.sleep.deviation.threshold = 300 (default)
2019-11-15 21:51:32,501 [pool-539-thread-1] INFO  server.RaftServerConfigKeys (ConfUtils.java:logGet(43)) - raft.server.sleep.deviation.threshold = 300 (default)
2019-11-15 21:51:32,501 [pool-549-thread-1] INFO  storage.RaftStorageDirectory (RaftStorageDirectory.java:analyzeStorage(246)) - The storage directory /workdir/hadoop-ozone/integration-test/target/test-dir/MiniOzoneClusterImpl-e150a234-18da-4756-b2e5-8eb09f38746c/datanode-4/data/ratis/d48de760-69db-4157-9478-9378708d725d does not exist. Creating ...
2019-11-15 21:51:32,501 [pool-559-thread-1] INFO  server.RaftServerConfigKeys (ConfUtils.java:logGet(43)) - raft.server.log.appender.install.snapshot.enabled = false (custom)
2019-11-15 21:51:32,502 [pool-539-thread-1] INFO  server.RaftServerConfigKeys (ConfUtils.java:logGet(43)) - raft.server.log.appender.install.snapshot.enabled = false (custom)
2019-11-15 21:51:32,502 [pool-559-thread-1] INFO  impl.RaftServerImpl (ServerState.java:<init>(103)) - 81d95af4-28c6-42b2-8e7d-ef28ff90d39a@group-9378708D725D: ConfigurationManager, init=-1: [81d95af4-28c6-42b2-8e7d-ef28ff90d39a:192.168.164.223:42674, dfb71ea8-5a43-4574-802a-eb8470866674:192.168.164.223:45914, 25a1269d-d7cc-4acf-80e8-5992809da5ba:192.168.164.223:46315], old=null, confs=<EMPTY_MAP>
2019-11-15 21:51:32,502 [pool-539-thread-1] INFO  impl.RaftServerImpl (ServerState.java:<init>(103)) - 25a1269d-d7cc-4acf-80e8-5992809da5ba@group-9378708D725D: ConfigurationManager, init=-1: [81d95af4-28c6-42b2-8e7d-ef28ff90d39a:192.168.164.223:42674, dfb71ea8-5a43-4574-802a-eb8470866674:192.168.164.223:45914, 25a1269d-d7cc-4acf-80e8-5992809da5ba:192.168.164.223:46315], old=null, confs=<EMPTY_MAP>
2019-11-15 21:51:32,502 [pool-559-thread-1] INFO  server.RaftServerConfigKeys (ConfUtils.java:logGet(43)) - raft.server.storage.dir = [/workdir/hadoop-ozone/integration-test/target/test-dir/MiniOzoneClusterImpl-e150a234-18da-4756-b2e5-8eb09f38746c/datanode-5/data/ratis] (custom)
2019-11-15 21:51:32,502 [pool-539-thread-1] INFO  server.RaftServerConfigKeys (ConfUtils.java:logGet(43)) - raft.server.storage.dir = [/workdir/hadoop-ozone/integration-test/target/test-dir/MiniOzoneClusterImpl-e150a234-18da-4756-b2e5-8eb09f38746c/datanode-3/data/ratis] (custom)
2019-11-15 21:51:32,502 [pool-539-thread-1] INFO  server.RaftServerConfigKeys (ConfUtils.java:logGet(43)) - raft.server.log.corruption.policy = EXCEPTION (default)
2019-11-15 21:51:32,502 [pool-559-thread-1] INFO  server.RaftServerConfigKeys (ConfUtils.java:logGet(43)) - raft.server.log.corruption.policy = EXCEPTION (default)
2019-11-15 21:51:32,502 [pool-539-thread-1] INFO  storage.RaftStorageDirectory (RaftStorageDirectory.java:analyzeStorage(246)) - The storage directory /workdir/hadoop-ozone/integration-test/target/test-dir/MiniOzoneClusterImpl-e150a234-18da-4756-b2e5-8eb09f38746c/datanode-3/data/ratis/d48de760-69db-4157-9478-9378708d725d does not exist. Creating ...
2019-11-15 21:51:32,503 [pool-559-thread-1] INFO  storage.RaftStorageDirectory (RaftStorageDirectory.java:analyzeStorage(246)) - The storage directory /workdir/hadoop-ozone/integration-test/target/test-dir/MiniOzoneClusterImpl-e150a234-18da-4756-b2e5-8eb09f38746c/datanode-5/data/ratis/d48de760-69db-4157-9478-9378708d725d does not exist. Creating ...
2019-11-15 21:51:32,519 [pool-559-thread-1] INFO  storage.RaftStorageDirectory (RaftStorageDirectory.java:tryLock(328)) - Lock on /workdir/hadoop-ozone/integration-test/target/test-dir/MiniOzoneClusterImpl-e150a234-18da-4756-b2e5-8eb09f38746c/datanode-5/data/ratis/d48de760-69db-4157-9478-9378708d725d/in_use.lock acquired by nodename 4447@pr-hdds-2493-5rwwl-1515842690
2019-11-15 21:51:32,519 [pool-549-thread-1] INFO  storage.RaftStorageDirectory (RaftStorageDirectory.java:tryLock(328)) - Lock on /workdir/hadoop-ozone/integration-test/target/test-dir/MiniOzoneClusterImpl-e150a234-18da-4756-b2e5-8eb09f38746c/datanode-4/data/ratis/d48de760-69db-4157-9478-9378708d725d/in_use.lock acquired by nodename 4447@pr-hdds-2493-5rwwl-1515842690
2019-11-15 21:51:32,519 [pool-539-thread-1] INFO  storage.RaftStorageDirectory (RaftStorageDirectory.java:tryLock(328)) - Lock on /workdir/hadoop-ozone/integration-test/target/test-dir/MiniOzoneClusterImpl-e150a234-18da-4756-b2e5-8eb09f38746c/datanode-3/data/ratis/d48de760-69db-4157-9478-9378708d725d/in_use.lock acquired by nodename 4447@pr-hdds-2493-5rwwl-1515842690
2019-11-15 21:51:32,529 [pool-539-thread-1] INFO  storage.RaftStorage (RaftStorage.java:format(84)) - Storage directory /workdir/hadoop-ozone/integration-test/target/test-dir/MiniOzoneClusterImpl-e150a234-18da-4756-b2e5-8eb09f38746c/datanode-3/data/ratis/d48de760-69db-4157-9478-9378708d725d has been successfully formatted.
2019-11-15 21:51:32,529 [pool-549-thread-1] INFO  storage.RaftStorage (RaftStorage.java:format(84)) - Storage directory /workdir/hadoop-ozone/integration-test/target/test-dir/MiniOzoneClusterImpl-e150a234-18da-4756-b2e5-8eb09f38746c/datanode-4/data/ratis/d48de760-69db-4157-9478-9378708d725d has been successfully formatted.
2019-11-15 21:51:32,529 [pool-559-thread-1] INFO  storage.RaftStorage (RaftStorage.java:format(84)) - Storage directory /workdir/hadoop-ozone/integration-test/target/test-dir/MiniOzoneClusterImpl-e150a234-18da-4756-b2e5-8eb09f38746c/datanode-5/data/ratis/d48de760-69db-4157-9478-9378708d725d has been successfully formatted.
2019-11-15 21:51:32,529 [pool-549-thread-1] INFO  ratis.ContainerStateMachine (ContainerStateMachine.java:loadSnapshot(223)) - group-9378708D725D: The snapshot info is null. Setting the last applied indexto:(t:0, i:~)
2019-11-15 21:51:32,529 [pool-539-thread-1] INFO  ratis.ContainerStateMachine (ContainerStateMachine.java:loadSnapshot(223)) - group-9378708D725D: The snapshot info is null. Setting the last applied indexto:(t:0, i:~)
2019-11-15 21:51:32,529 [pool-549-thread-1] INFO  server.RaftServerConfigKeys (ConfUtils.java:logGet(43)) - raft.server.notification.no-leader.timeout = 120s (custom)
2019-11-15 21:51:32,529 [pool-559-thread-1] INFO  ratis.ContainerStateMachine (ContainerStateMachine.java:loadSnapshot(223)) - group-9378708D725D: The snapshot info is null. Setting the last applied indexto:(t:0, i:~)
2019-11-15 21:51:32,529 [pool-549-thread-1] INFO  server.RaftServerConfigKeys (ConfUtils.java:logGet(43)) - raft.server.log.use.memory = false (default)
2019-11-15 21:51:32,529 [pool-539-thread-1] INFO  server.RaftServerConfigKeys (ConfUtils.java:logGet(43)) - raft.server.notification.no-leader.timeout = 120s (custom)
2019-11-15 21:51:32,530 [pool-549-thread-1] INFO  server.RaftServerConfigKeys (ConfUtils.java:logGet(43)) - raft.server.log.purge.gap = 1000000 (custom)
2019-11-15 21:51:32,530 [pool-559-thread-1] INFO  server.RaftServerConfigKeys (ConfUtils.java:logGet(43)) - raft.server.notification.no-leader.timeout = 120s (custom)
2019-11-15 21:51:32,530 [pool-549-thread-1] INFO  server.RaftServerConfigKeys (ConfUtils.java:logGet(43)) - raft.server.log.appender.buffer.byte-limit = 33554432 (custom)
2019-11-15 21:51:32,530 [pool-539-thread-1] INFO  server.RaftServerConfigKeys (ConfUtils.java:logGet(43)) - raft.server.log.use.memory = false (default)
2019-11-15 21:51:32,530 [pool-549-thread-1] INFO  server.RaftServerConfigKeys (ConfUtils.java:logGet(43)) - raft.server.log.segment.size.max = 1048576 (custom)
2019-11-15 21:51:32,530 [pool-559-thread-1] INFO  server.RaftServerConfigKeys (ConfUtils.java:logGet(43)) - raft.server.log.use.memory = false (default)
2019-11-15 21:51:32,530 [pool-549-thread-1] INFO  server.RaftServerConfigKeys (ConfUtils.java:logGet(43)) - raft.server.log.segment.cache.num.max = 2 (custom)
2019-11-15 21:51:32,530 [pool-539-thread-1] INFO  server.RaftServerConfigKeys (ConfUtils.java:logGet(43)) - raft.server.log.purge.gap = 1000000 (custom)
2019-11-15 21:51:32,530 [pool-549-thread-1] INFO  segmented.SegmentedRaftLogWorker (SegmentedRaftLogWorker.java:<init>(173)) - new dfb71ea8-5a43-4574-802a-eb8470866674@group-9378708D725D-SegmentedRaftLogWorker for RaftStorage:Storage Directory /workdir/hadoop-ozone/integration-test/target/test-dir/MiniOzoneClusterImpl-e150a234-18da-4756-b2e5-8eb09f38746c/datanode-4/data/ratis/d48de760-69db-4157-9478-9378708d725d
2019-11-15 21:51:32,530 [pool-559-thread-1] INFO  server.RaftServerConfigKeys (ConfUtils.java:logGet(43)) - raft.server.log.purge.gap = 1000000 (custom)
2019-11-15 21:51:32,531 [pool-549-thread-1] INFO  server.RaftServerConfigKeys (ConfUtils.java:logGet(43)) - raft.server.log.queue.byte-limit = 2147483647 (custom)
2019-11-15 21:51:32,531 [pool-549-thread-1] INFO  server.RaftServerConfigKeys (ConfUtils.java:logGet(43)) - raft.server.log.queue.element-limit = 1024 (custom)
2019-11-15 21:51:32,530 [pool-539-thread-1] INFO  server.RaftServerConfigKeys (ConfUtils.java:logGet(43)) - raft.server.log.appender.buffer.byte-limit = 33554432 (custom)
2019-11-15 21:51:32,531 [pool-549-thread-1] INFO  server.RaftServerConfigKeys (ConfUtils.java:logGet(43)) - raft.server.log.segment.size.max = 1048576 (custom)
2019-11-15 21:51:32,531 [pool-559-thread-1] INFO  server.RaftServerConfigKeys (ConfUtils.java:logGet(43)) - raft.server.log.appender.buffer.byte-limit = 33554432 (custom)
2019-11-15 21:51:32,531 [pool-549-thread-1] INFO  server.RaftServerConfigKeys (ConfUtils.java:logGet(43)) - raft.server.log.preallocated.size = 16384 (custom)
2019-11-15 21:51:32,531 [pool-539-thread-1] INFO  server.RaftServerConfigKeys (ConfUtils.java:logGet(43)) - raft.server.log.segment.size.max = 1048576 (custom)
2019-11-15 21:51:32,531 [pool-549-thread-1] INFO  server.RaftServerConfigKeys (ConfUtils.java:logGet(43)) - raft.server.log.write.buffer.size = 33554432 (custom)
2019-11-15 21:51:32,531 [pool-559-thread-1] INFO  server.RaftServerConfigKeys (ConfUtils.java:logGet(43)) - raft.server.log.segment.size.max = 1048576 (custom)
2019-11-15 21:51:32,531 [pool-549-thread-1] INFO  server.RaftServerConfigKeys (ConfUtils.java:logGet(43)) - raft.server.log.force.sync.num = 128 (default)
2019-11-15 21:51:32,531 [pool-539-thread-1] INFO  server.RaftServerConfigKeys (ConfUtils.java:logGet(43)) - raft.server.log.segment.cache.num.max = 2 (custom)
2019-11-15 21:51:32,532 [pool-549-thread-1] INFO  server.RaftServerConfigKeys (ConfUtils.java:logGet(43)) - raft.server.log.statemachine.data.sync = true (default)
2019-11-15 21:51:32,532 [pool-559-thread-1] INFO  server.RaftServerConfigKeys (ConfUtils.java:logGet(43)) - raft.server.log.segment.cache.num.max = 2 (custom)
2019-11-15 21:51:32,532 [pool-549-thread-1] INFO  server.RaftServerConfigKeys (ConfUtils.java:logGet(43)) - raft.server.log.statemachine.data.sync.timeout = 10s (default)
2019-11-15 21:51:32,532 [pool-539-thread-1] INFO  segmented.SegmentedRaftLogWorker (SegmentedRaftLogWorker.java:<init>(173)) - new 25a1269d-d7cc-4acf-80e8-5992809da5ba@group-9378708D725D-SegmentedRaftLogWorker for RaftStorage:Storage Directory /workdir/hadoop-ozone/integration-test/target/test-dir/MiniOzoneClusterImpl-e150a234-18da-4756-b2e5-8eb09f38746c/datanode-3/data/ratis/d48de760-69db-4157-9478-9378708d725d
2019-11-15 21:51:32,532 [pool-549-thread-1] INFO  server.RaftServerConfigKeys (ConfUtils.java:logGet(43)) - raft.server.log.statemachine.data.sync.timeout.retry = -1 (default)
2019-11-15 21:51:32,532 [pool-559-thread-1] INFO  segmented.SegmentedRaftLogWorker (SegmentedRaftLogWorker.java:<init>(173)) - new 81d95af4-28c6-42b2-8e7d-ef28ff90d39a@group-9378708D725D-SegmentedRaftLogWorker for RaftStorage:Storage Directory /workdir/hadoop-ozone/integration-test/target/test-dir/MiniOzoneClusterImpl-e150a234-18da-4756-b2e5-8eb09f38746c/datanode-5/data/ratis/d48de760-69db-4157-9478-9378708d725d
2019-11-15 21:51:32,532 [pool-549-thread-1] INFO  server.RaftServerConfigKeys (ConfUtils.java:logGet(43)) - raft.server.log.statemachine.data.caching.enabled = true (custom)
2019-11-15 21:51:32,532 [pool-539-thread-1] INFO  server.RaftServerConfigKeys (ConfUtils.java:logGet(43)) - raft.server.log.queue.byte-limit = 2147483647 (custom)
2019-11-15 21:51:32,532 [pool-559-thread-1] INFO  server.RaftServerConfigKeys (ConfUtils.java:logGet(43)) - raft.server.log.queue.byte-limit = 2147483647 (custom)
2019-11-15 21:51:32,533 [pool-549-thread-1] INFO  segmented.SegmentedRaftLogWorker (SegmentedRaftLogWorker.java:lambda$new$0(128)) - dfb71ea8-5a43-4574-802a-eb8470866674@group-9378708D725D-SegmentedRaftLogWorker: flushIndex: setUnconditionally 0 -> -1
2019-11-15 21:51:32,533 [pool-539-thread-1] INFO  server.RaftServerConfigKeys (ConfUtils.java:logGet(43)) - raft.server.log.queue.element-limit = 1024 (custom)
2019-11-15 21:51:32,533 [pool-559-thread-1] INFO  server.RaftServerConfigKeys (ConfUtils.java:logGet(43)) - raft.server.log.queue.element-limit = 1024 (custom)
2019-11-15 21:51:32,533 [pool-549-thread-1] INFO  server.RaftServerConfigKeys (ConfUtils.java:logGet(43)) - raft.server.snapshot.auto.trigger.enabled = true (custom)
2019-11-15 21:51:32,533 [pool-539-thread-1] INFO  server.RaftServerConfigKeys (ConfUtils.java:logGet(43)) - raft.server.log.segment.size.max = 1048576 (custom)
2019-11-15 21:51:32,533 [pool-549-thread-1] INFO  server.RaftServerConfigKeys (ConfUtils.java:logGet(43)) - raft.server.snapshot.auto.trigger.threshold = 10000 (custom)
2019-11-15 21:51:32,533 [pool-559-thread-1] INFO  server.RaftServerConfigKeys (ConfUtils.java:logGet(43)) - raft.server.log.segment.size.max = 1048576 (custom)
2019-11-15 21:51:32,533 [pool-549-thread-1] INFO  server.RaftServerConfigKeys (ConfUtils.java:logGet(43)) - raft.server.snapshot.retention.file.num = 5 (custom)
2019-11-15 21:51:32,533 [pool-539-thread-1] INFO  server.RaftServerConfigKeys (ConfUtils.java:logGet(43)) - raft.server.log.preallocated.size = 16384 (custom)
2019-11-15 21:51:32,534 [pool-549-thread-1] INFO  server.RaftServerConfigKeys (ConfUtils.java:logGet(43)) - raft.server.retrycache.expirytime = 600000ms (custom)
2019-11-15 21:51:32,533 [pool-559-thread-1] INFO  server.RaftServerConfigKeys (ConfUtils.java:logGet(43)) - raft.server.log.preallocated.size = 16384 (custom)
2019-11-15 21:51:32,534 [pool-549-thread-1] WARN  impl.MetricRegistriesImpl (MetricRegistriesImpl.java:lambda$create$1(61)) - First MetricRegistry has been created without registering reporters. You may need to call MetricRegistries.global().addReportRegistration(...) before.
2019-11-15 21:51:32,534 [pool-539-thread-1] INFO  server.RaftServerConfigKeys (ConfUtils.java:logGet(43)) - raft.server.log.write.buffer.size = 33554432 (custom)
2019-11-15 21:51:32,534 [pool-549-thread-1] WARN  impl.MetricRegistriesImpl (MetricRegistriesImpl.java:lambda$create$1(61)) - First MetricRegistry has been created without registering reporters. You may need to call MetricRegistries.global().addReportRegistration(...) before.
2019-11-15 21:51:32,534 [pool-559-thread-1] INFO  server.RaftServerConfigKeys (ConfUtils.java:logGet(43)) - raft.server.log.write.buffer.size = 33554432 (custom)
2019-11-15 21:51:32,534 [pool-549-thread-1] INFO  impl.RaftServerImpl (RaftServerImpl.java:start(184)) - dfb71ea8-5a43-4574-802a-eb8470866674@group-9378708D725D: start as a follower, conf=-1: [81d95af4-28c6-42b2-8e7d-ef28ff90d39a:192.168.164.223:42674, dfb71ea8-5a43-4574-802a-eb8470866674:192.168.164.223:45914, 25a1269d-d7cc-4acf-80e8-5992809da5ba:192.168.164.223:46315], old=null
2019-11-15 21:51:32,534 [pool-539-thread-1] INFO  server.RaftServerConfigKeys (ConfUtils.java:logGet(43)) - raft.server.log.force.sync.num = 128 (default)
2019-11-15 21:51:32,534 [pool-549-thread-1] INFO  impl.RaftServerImpl (RaftServerImpl.java:setRole(173)) - dfb71ea8-5a43-4574-802a-eb8470866674@group-9378708D725D: changes role from      null to FOLLOWER at term 0 for startAsFollower
2019-11-15 21:51:32,534 [pool-559-thread-1] INFO  server.RaftServerConfigKeys (ConfUtils.java:logGet(43)) - raft.server.log.force.sync.num = 128 (default)
2019-11-15 21:51:32,535 [pool-549-thread-1] INFO  impl.RoleInfo (RoleInfo.java:updateAndGet(143)) - dfb71ea8-5a43-4574-802a-eb8470866674: start FollowerState
2019-11-15 21:51:32,534 [pool-539-thread-1] INFO  server.RaftServerConfigKeys (ConfUtils.java:logGet(43)) - raft.server.log.statemachine.data.sync = true (default)
2019-11-15 21:51:32,535 [pool-559-thread-1] INFO  server.RaftServerConfigKeys (ConfUtils.java:logGet(43)) - raft.server.log.statemachine.data.sync = true (default)
2019-11-15 21:51:32,535 [pool-539-thread-1] INFO  server.RaftServerConfigKeys (ConfUtils.java:logGet(43)) - raft.server.log.statemachine.data.sync.timeout = 10s (default)
2019-11-15 21:51:32,535 [pool-559-thread-1] INFO  server.RaftServerConfigKeys (ConfUtils.java:logGet(43)) - raft.server.log.statemachine.data.sync.timeout = 10s (default)
2019-11-15 21:51:32,535 [pool-539-thread-1] INFO  server.RaftServerConfigKeys (ConfUtils.java:logGet(43)) - raft.server.log.statemachine.data.sync.timeout.retry = -1 (default)
2019-11-15 21:51:32,535 [pool-549-thread-1] INFO  util.JmxRegister (JmxRegister.java:tryRegister(44)) - Successfully registered JMX Bean with object name Ratis:service=RaftServer,group=group-9378708D725D,id=dfb71ea8-5a43-4574-802a-eb8470866674
2019-11-15 21:51:32,535 [pool-539-thread-1] INFO  server.RaftServerConfigKeys (ConfUtils.java:logGet(43)) - raft.server.log.statemachine.data.caching.enabled = true (custom)
2019-11-15 21:51:32,535 [pool-559-thread-1] INFO  server.RaftServerConfigKeys (ConfUtils.java:logGet(43)) - raft.server.log.statemachine.data.sync.timeout.retry = -1 (default)
2019-11-15 21:51:32,535 [pool-539-thread-1] INFO  segmented.SegmentedRaftLogWorker (SegmentedRaftLogWorker.java:lambda$new$0(128)) - 25a1269d-d7cc-4acf-80e8-5992809da5ba@group-9378708D725D-SegmentedRaftLogWorker: flushIndex: setUnconditionally 0 -> -1
2019-11-15 21:51:32,535 [pool-549-thread-1] WARN  impl.MetricRegistriesImpl (MetricRegistriesImpl.java:lambda$create$1(61)) - First MetricRegistry has been created without registering reporters. You may need to call MetricRegistries.global().addReportRegistration(...) before.
2019-11-15 21:51:32,536 [pool-539-thread-1] INFO  server.RaftServerConfigKeys (ConfUtils.java:logGet(43)) - raft.server.snapshot.auto.trigger.enabled = true (custom)
2019-11-15 21:51:32,536 [pool-559-thread-1] INFO  server.RaftServerConfigKeys (ConfUtils.java:logGet(43)) - raft.server.log.statemachine.data.caching.enabled = true (custom)
2019-11-15 21:51:32,536 [pool-539-thread-1] INFO  server.RaftServerConfigKeys (ConfUtils.java:logGet(43)) - raft.server.snapshot.auto.trigger.threshold = 10000 (custom)
2019-11-15 21:51:32,536 [pool-539-thread-1] INFO  server.RaftServerConfigKeys (ConfUtils.java:logGet(43)) - raft.server.snapshot.retention.file.num = 5 (custom)
2019-11-15 21:51:32,536 [pool-559-thread-1] INFO  segmented.SegmentedRaftLogWorker (SegmentedRaftLogWorker.java:lambda$new$0(128)) - 81d95af4-28c6-42b2-8e7d-ef28ff90d39a@group-9378708D725D-SegmentedRaftLogWorker: flushIndex: setUnconditionally 0 -> -1
2019-11-15 21:51:32,536 [pool-539-thread-1] INFO  server.RaftServerConfigKeys (ConfUtils.java:logGet(43)) - raft.server.retrycache.expirytime = 600000ms (custom)
2019-11-15 21:51:32,536 [pool-539-thread-1] WARN  impl.MetricRegistriesImpl (MetricRegistriesImpl.java:lambda$create$1(61)) - First MetricRegistry has been created without registering reporters. You may need to call MetricRegistries.global().addReportRegistration(...) before.
2019-11-15 21:51:32,537 [pool-559-thread-1] INFO  server.RaftServerConfigKeys (ConfUtils.java:logGet(43)) - raft.server.snapshot.auto.trigger.enabled = true (custom)
2019-11-15 21:51:32,537 [pool-539-thread-1] WARN  impl.MetricRegistriesImpl (MetricRegistriesImpl.java:lambda$create$1(61)) - First MetricRegistry has been created without registering reporters. You may need to call MetricRegistries.global().addReportRegistration(...) before.
2019-11-15 21:51:32,537 [pool-559-thread-1] INFO  server.RaftServerConfigKeys (ConfUtils.java:logGet(43)) - raft.server.snapshot.auto.trigger.threshold = 10000 (custom)
2019-11-15 21:51:32,537 [pool-539-thread-1] INFO  impl.RaftServerImpl (RaftServerImpl.java:start(184)) - 25a1269d-d7cc-4acf-80e8-5992809da5ba@group-9378708D725D: start as a follower, conf=-1: [81d95af4-28c6-42b2-8e7d-ef28ff90d39a:192.168.164.223:42674, dfb71ea8-5a43-4574-802a-eb8470866674:192.168.164.223:45914, 25a1269d-d7cc-4acf-80e8-5992809da5ba:192.168.164.223:46315], old=null
2019-11-15 21:51:32,537 [pool-559-thread-1] INFO  server.RaftServerConfigKeys (ConfUtils.java:logGet(43)) - raft.server.snapshot.retention.file.num = 5 (custom)
2019-11-15 21:51:32,537 [pool-539-thread-1] INFO  impl.RaftServerImpl (RaftServerImpl.java:setRole(173)) - 25a1269d-d7cc-4acf-80e8-5992809da5ba@group-9378708D725D: changes role from      null to FOLLOWER at term 0 for startAsFollower
2019-11-15 21:51:32,537 [pool-559-thread-1] INFO  server.RaftServerConfigKeys (ConfUtils.java:logGet(43)) - raft.server.retrycache.expirytime = 600000ms (custom)
2019-11-15 21:51:32,537 [pool-539-thread-1] INFO  impl.RoleInfo (RoleInfo.java:updateAndGet(143)) - 25a1269d-d7cc-4acf-80e8-5992809da5ba: start FollowerState
2019-11-15 21:51:32,537 [pool-559-thread-1] WARN  impl.MetricRegistriesImpl (MetricRegistriesImpl.java:lambda$create$1(61)) - First MetricRegistry has been created without registering reporters. You may need to call MetricRegistries.global().addReportRegistration(...) before.
2019-11-15 21:51:32,537 [pool-559-thread-1] WARN  impl.MetricRegistriesImpl (MetricRegistriesImpl.java:lambda$create$1(61)) - First MetricRegistry has been created without registering reporters. You may need to call MetricRegistries.global().addReportRegistration(...) before.
2019-11-15 21:51:32,538 [pool-539-thread-1] INFO  util.JmxRegister (JmxRegister.java:tryRegister(44)) - Successfully registered JMX Bean with object name Ratis:service=RaftServer,group=group-9378708D725D,id=25a1269d-d7cc-4acf-80e8-5992809da5ba
2019-11-15 21:51:32,538 [pool-559-thread-1] INFO  impl.RaftServerImpl (RaftServerImpl.java:start(184)) - 81d95af4-28c6-42b2-8e7d-ef28ff90d39a@group-9378708D725D: start as a follower, conf=-1: [81d95af4-28c6-42b2-8e7d-ef28ff90d39a:192.168.164.223:42674, dfb71ea8-5a43-4574-802a-eb8470866674:192.168.164.223:45914, 25a1269d-d7cc-4acf-80e8-5992809da5ba:192.168.164.223:46315], old=null
2019-11-15 21:51:32,538 [pool-539-thread-1] WARN  impl.MetricRegistriesImpl (MetricRegistriesImpl.java:lambda$create$1(61)) - First MetricRegistry has been created without registering reporters. You may need to call MetricRegistries.global().addReportRegistration(...) before.
2019-11-15 21:51:32,538 [pool-559-thread-1] INFO  impl.RaftServerImpl (RaftServerImpl.java:setRole(173)) - 81d95af4-28c6-42b2-8e7d-ef28ff90d39a@group-9378708D725D: changes role from      null to FOLLOWER at term 0 for startAsFollower
2019-11-15 21:51:32,538 [pool-559-thread-1] INFO  impl.RoleInfo (RoleInfo.java:updateAndGet(143)) - 81d95af4-28c6-42b2-8e7d-ef28ff90d39a: start FollowerState
2019-11-15 21:51:32,538 [pool-559-thread-1] INFO  util.JmxRegister (JmxRegister.java:tryRegister(44)) - Successfully registered JMX Bean with object name Ratis:service=RaftServer,group=group-9378708D725D,id=81d95af4-28c6-42b2-8e7d-ef28ff90d39a
2019-11-15 21:51:32,538 [pool-559-thread-1] WARN  impl.MetricRegistriesImpl (MetricRegistriesImpl.java:lambda$create$1(61)) - First MetricRegistry has been created without registering reporters. You may need to call MetricRegistries.global().addReportRegistration(...) before.
2019-11-15 21:51:32,540 [RatisPipelineUtilsThread] INFO  pipeline.PipelineStateManager (PipelineStateManager.java:addPipeline(55)) - Created pipeline Pipeline[ Id: d48de760-69db-4157-9478-9378708d725d, Nodes: 25a1269d-d7cc-4acf-80e8-5992809da5ba{ip: 192.168.164.223, host: pr-hdds-2493-5rwwl-1515842690, networkLocation: /rack1, certSerialId: null}dfb71ea8-5a43-4574-802a-eb8470866674{ip: 192.168.164.223, host: pr-hdds-2493-5rwwl-1515842690, networkLocation: /rack1, certSerialId: null}81d95af4-28c6-42b2-8e7d-ef28ff90d39a{ip: 192.168.164.223, host: pr-hdds-2493-5rwwl-1515842690, networkLocation: /rack1, certSerialId: null}, Type:RATIS, Factor:THREE, State:ALLOCATED]
2019-11-15 21:51:32,541 [Thread-3957] INFO  pipeline.PipelineStateManager (PipelineStateManager.java:finalizePipeline(121)) - Pipeline Pipeline[ Id: 156cd96f-bb73-4990-9c06-d7f94224f58e, Nodes: cd688886-394b-4fb5-85cc-1eab6f176edb{ip: 192.168.164.223, host: pr-hdds-2493-5rwwl-1515842690, networkLocation: /rack1, certSerialId: null}, Type:RATIS, Factor:ONE, State:CLOSED] moved to CLOSED state
2019-11-15 21:51:32,543 [grpc-default-executor-2] INFO  impl.RaftServerProxy (RaftServerProxy.java:remove(95)) - cd688886-394b-4fb5-85cc-1eab6f176edb: remove    LEADER cd688886-394b-4fb5-85cc-1eab6f176edb@group-D7F94224F58E:t1, leader=cd688886-394b-4fb5-85cc-1eab6f176edb, voted=cd688886-394b-4fb5-85cc-1eab6f176edb, raftlog=cd688886-394b-4fb5-85cc-1eab6f176edb@group-D7F94224F58E-SegmentedRaftLog:OPENED:c0,f0,i0, conf=0: [cd688886-394b-4fb5-85cc-1eab6f176edb:192.168.164.223:33574], old=null RUNNING
2019-11-15 21:51:32,543 [grpc-default-executor-2] INFO  impl.RaftServerImpl (RaftServerImpl.java:lambda$shutdown$3(250)) - cd688886-394b-4fb5-85cc-1eab6f176edb@group-D7F94224F58E: shutdown
2019-11-15 21:51:32,543 [grpc-default-executor-2] INFO  util.JmxRegister (JmxRegister.java:unregister(73)) - Successfully un-registered JMX Bean with object name Ratis:service=RaftServer,group=group-D7F94224F58E,id=cd688886-394b-4fb5-85cc-1eab6f176edb
2019-11-15 21:51:32,543 [grpc-default-executor-2] INFO  impl.RoleInfo (RoleInfo.java:shutdownLeaderState(104)) - cd688886-394b-4fb5-85cc-1eab6f176edb: shutdown LeaderState
2019-11-15 21:51:32,543 [grpc-default-executor-2] INFO  impl.PendingRequests (PendingRequests.java:sendNotLeaderResponses(206)) - cd688886-394b-4fb5-85cc-1eab6f176edb@group-D7F94224F58E-PendingRequests: sendNotLeaderResponses
2019-11-15 21:51:32,544 [grpc-default-executor-2] INFO  impl.StateMachineUpdater (StateMachineUpdater.java:stopAndJoin(136)) - cd688886-394b-4fb5-85cc-1eab6f176edb@group-D7F94224F58E-StateMachineUpdater: set stopIndex = 0
2019-11-15 21:51:32,544 [grpc-default-executor-2] INFO  impl.RaftServerImpl (ServerState.java:close(387)) - cd688886-394b-4fb5-85cc-1eab6f176edb@group-D7F94224F58E: closes. applyIndex: 0
2019-11-15 21:51:32,544 [cd688886-394b-4fb5-85cc-1eab6f176edb@group-D7F94224F58E-SegmentedRaftLogWorker] INFO  segmented.SegmentedRaftLogWorker (SegmentedRaftLogWorker.java:run(316)) - cd688886-394b-4fb5-85cc-1eab6f176edb@group-D7F94224F58E-SegmentedRaftLogWorker was interrupted, exiting. There are 0 tasks remaining in the queue.
2019-11-15 21:51:32,544 [grpc-default-executor-2] INFO  segmented.SegmentedRaftLogWorker (SegmentedRaftLogWorker.java:close(224)) - cd688886-394b-4fb5-85cc-1eab6f176edb@group-D7F94224F58E-SegmentedRaftLogWorker close()
2019-11-15 21:51:32,549 [Thread-3957] INFO  pipeline.PipelineStateManager (PipelineStateManager.java:removePipeline(106)) - Pipeline Pipeline[ Id: 156cd96f-bb73-4990-9c06-d7f94224f58e, Nodes: cd688886-394b-4fb5-85cc-1eab6f176edb{ip: 192.168.164.223, host: pr-hdds-2493-5rwwl-1515842690, networkLocation: /rack1, certSerialId: null}, Type:RATIS, Factor:ONE, State:CLOSED] removed from db
2019-11-15 21:51:32,549 [Thread-3957] INFO  pipeline.SCMPipelineManager (SCMPipelineManager.java:finalizeAndDestroyPipeline(315)) - destroying pipeline:Pipeline[ Id: da338b88-04c3-4acb-83d3-c76242b2156b, Nodes: 09667cd7-469d-4450-b7d6-bfa43032ac6a{ip: 192.168.164.223, host: pr-hdds-2493-5rwwl-1515842690, networkLocation: /rack1, certSerialId: null}, Type:RATIS, Factor:ONE, State:OPEN]
2019-11-15 21:51:32,552 [grpc-default-executor-2] INFO  impl.RaftServerProxy (RaftServerProxy.java:addNew(89)) - cd688886-394b-4fb5-85cc-1eab6f176edb: addNew group-724E36361A02:[cd688886-394b-4fb5-85cc-1eab6f176edb:192.168.164.223:33574] returns group-724E36361A02:java.util.concurrent.CompletableFuture@418eaf3b[Not completed]
2019-11-15 21:51:32,553 [pool-599-thread-1] INFO  impl.RaftServerImpl (RaftServerImpl.java:<init>(98)) - cd688886-394b-4fb5-85cc-1eab6f176edb: new RaftServerImpl for group-724E36361A02:[cd688886-394b-4fb5-85cc-1eab6f176edb:192.168.164.223:33574] with ContainerStateMachine:uninitialized
2019-11-15 21:51:32,553 [pool-599-thread-1] INFO  server.RaftServerConfigKeys (ConfUtils.java:logGet(43)) - raft.server.rpc.timeout.min = 1s (custom)
2019-11-15 21:51:32,553 [pool-599-thread-1] INFO  server.RaftServerConfigKeys (ConfUtils.java:logGet(43)) - raft.server.rpc.timeout.max = 1200ms (custom)
2019-11-15 21:51:32,553 [pool-599-thread-1] INFO  server.RaftServerConfigKeys (ConfUtils.java:logGet(43)) - raft.server.rpcslowness.timeout = 120s (custom)
2019-11-15 21:51:32,553 [pool-599-thread-1] INFO  server.RaftServerConfigKeys (ConfUtils.java:logGet(43)) - raft.server.sleep.deviation.threshold = 300 (default)
2019-11-15 21:51:32,553 [pool-599-thread-1] INFO  server.RaftServerConfigKeys (ConfUtils.java:logGet(43)) - raft.server.log.appender.install.snapshot.enabled = false (custom)
2019-11-15 21:51:32,553 [pool-599-thread-1] INFO  impl.RaftServerImpl (ServerState.java:<init>(103)) - cd688886-394b-4fb5-85cc-1eab6f176edb@group-724E36361A02: ConfigurationManager, init=-1: [cd688886-394b-4fb5-85cc-1eab6f176edb:192.168.164.223:33574], old=null, confs=<EMPTY_MAP>
2019-11-15 21:51:32,553 [pool-599-thread-1] INFO  server.RaftServerConfigKeys (ConfUtils.java:logGet(43)) - raft.server.storage.dir = [/workdir/hadoop-ozone/integration-test/target/test-dir/MiniOzoneClusterImpl-e150a234-18da-4756-b2e5-8eb09f38746c/datanode-9/data/ratis] (custom)
2019-11-15 21:51:32,554 [pool-599-thread-1] INFO  server.RaftServerConfigKeys (ConfUtils.java:logGet(43)) - raft.server.log.corruption.policy = EXCEPTION (default)
2019-11-15 21:51:32,554 [pool-599-thread-1] INFO  storage.RaftStorageDirectory (RaftStorageDirectory.java:analyzeStorage(246)) - The storage directory /workdir/hadoop-ozone/integration-test/target/test-dir/MiniOzoneClusterImpl-e150a234-18da-4756-b2e5-8eb09f38746c/datanode-9/data/ratis/c0e7aa7e-e695-46c3-96b5-724e36361a02 does not exist. Creating ...
2019-11-15 21:51:32,568 [pool-599-thread-1] INFO  storage.RaftStorageDirectory (RaftStorageDirectory.java:tryLock(328)) - Lock on /workdir/hadoop-ozone/integration-test/target/test-dir/MiniOzoneClusterImpl-e150a234-18da-4756-b2e5-8eb09f38746c/datanode-9/data/ratis/c0e7aa7e-e695-46c3-96b5-724e36361a02/in_use.lock acquired by nodename 4447@pr-hdds-2493-5rwwl-1515842690
2019-11-15 21:51:32,581 [pool-599-thread-1] INFO  storage.RaftStorage (RaftStorage.java:format(84)) - Storage directory /workdir/hadoop-ozone/integration-test/target/test-dir/MiniOzoneClusterImpl-e150a234-18da-4756-b2e5-8eb09f38746c/datanode-9/data/ratis/c0e7aa7e-e695-46c3-96b5-724e36361a02 has been successfully formatted.
2019-11-15 21:51:32,581 [pool-599-thread-1] INFO  ratis.ContainerStateMachine (ContainerStateMachine.java:loadSnapshot(223)) - group-724E36361A02: The snapshot info is null. Setting the last applied indexto:(t:0, i:~)
2019-11-15 21:51:32,582 [pool-599-thread-1] INFO  server.RaftServerConfigKeys (ConfUtils.java:logGet(43)) - raft.server.notification.no-leader.timeout = 120s (custom)
2019-11-15 21:51:32,582 [pool-599-thread-1] INFO  server.RaftServerConfigKeys (ConfUtils.java:logGet(43)) - raft.server.log.use.memory = false (default)
2019-11-15 21:51:32,582 [pool-599-thread-1] INFO  server.RaftServerConfigKeys (ConfUtils.java:logGet(43)) - raft.server.log.purge.gap = 1000000 (custom)
2019-11-15 21:51:32,582 [pool-599-thread-1] INFO  server.RaftServerConfigKeys (ConfUtils.java:logGet(43)) - raft.server.log.appender.buffer.byte-limit = 33554432 (custom)
2019-11-15 21:51:32,582 [pool-599-thread-1] INFO  server.RaftServerConfigKeys (ConfUtils.java:logGet(43)) - raft.server.log.segment.size.max = 1048576 (custom)
2019-11-15 21:51:32,582 [pool-599-thread-1] INFO  server.RaftServerConfigKeys (ConfUtils.java:logGet(43)) - raft.server.log.segment.cache.num.max = 2 (custom)
2019-11-15 21:51:32,582 [pool-599-thread-1] INFO  segmented.SegmentedRaftLogWorker (SegmentedRaftLogWorker.java:<init>(173)) - new cd688886-394b-4fb5-85cc-1eab6f176edb@group-724E36361A02-SegmentedRaftLogWorker for RaftStorage:Storage Directory /workdir/hadoop-ozone/integration-test/target/test-dir/MiniOzoneClusterImpl-e150a234-18da-4756-b2e5-8eb09f38746c/datanode-9/data/ratis/c0e7aa7e-e695-46c3-96b5-724e36361a02
2019-11-15 21:51:32,582 [pool-599-thread-1] INFO  server.RaftServerConfigKeys (ConfUtils.java:logGet(43)) - raft.server.log.queue.byte-limit = 2147483647 (custom)
2019-11-15 21:51:32,582 [pool-599-thread-1] INFO  server.RaftServerConfigKeys (ConfUtils.java:logGet(43)) - raft.server.log.queue.element-limit = 1024 (custom)
2019-11-15 21:51:32,582 [pool-599-thread-1] INFO  server.RaftServerConfigKeys (ConfUtils.java:logGet(43)) - raft.server.log.segment.size.max = 1048576 (custom)
2019-11-15 21:51:32,583 [pool-599-thread-1] INFO  server.RaftServerConfigKeys (ConfUtils.java:logGet(43)) - raft.server.log.preallocated.size = 16384 (custom)
2019-11-15 21:51:32,583 [pool-599-thread-1] INFO  server.RaftServerConfigKeys (ConfUtils.java:logGet(43)) - raft.server.log.write.buffer.size = 33554432 (custom)
2019-11-15 21:51:32,583 [pool-599-thread-1] INFO  server.RaftServerConfigKeys (ConfUtils.java:logGet(43)) - raft.server.log.force.sync.num = 128 (default)
2019-11-15 21:51:32,583 [pool-599-thread-1] INFO  server.RaftServerConfigKeys (ConfUtils.java:logGet(43)) - raft.server.log.statemachine.data.sync = true (default)
2019-11-15 21:51:32,583 [pool-599-thread-1] INFO  server.RaftServerConfigKeys (ConfUtils.java:logGet(43)) - raft.server.log.statemachine.data.sync.timeout = 10s (default)
2019-11-15 21:51:32,583 [pool-599-thread-1] INFO  server.RaftServerConfigKeys (ConfUtils.java:logGet(43)) - raft.server.log.statemachine.data.sync.timeout.retry = -1 (default)
2019-11-15 21:51:32,583 [pool-599-thread-1] INFO  server.RaftServerConfigKeys (ConfUtils.java:logGet(43)) - raft.server.log.statemachine.data.caching.enabled = true (custom)
2019-11-15 21:51:32,583 [pool-599-thread-1] INFO  segmented.SegmentedRaftLogWorker (SegmentedRaftLogWorker.java:lambda$new$0(128)) - cd688886-394b-4fb5-85cc-1eab6f176edb@group-724E36361A02-SegmentedRaftLogWorker: flushIndex: setUnconditionally 0 -> -1
2019-11-15 21:51:32,584 [pool-599-thread-1] INFO  server.RaftServerConfigKeys (ConfUtils.java:logGet(43)) - raft.server.snapshot.auto.trigger.enabled = true (custom)
2019-11-15 21:51:32,584 [pool-599-thread-1] INFO  server.RaftServerConfigKeys (ConfUtils.java:logGet(43)) - raft.server.snapshot.auto.trigger.threshold = 10000 (custom)
2019-11-15 21:51:32,584 [pool-599-thread-1] INFO  server.RaftServerConfigKeys (ConfUtils.java:logGet(43)) - raft.server.snapshot.retention.file.num = 5 (custom)
2019-11-15 21:51:32,584 [pool-599-thread-1] INFO  server.RaftServerConfigKeys (ConfUtils.java:logGet(43)) - raft.server.retrycache.expirytime = 600000ms (custom)
2019-11-15 21:51:32,584 [pool-599-thread-1] WARN  impl.MetricRegistriesImpl (MetricRegistriesImpl.java:lambda$create$1(61)) - First MetricRegistry has been created without registering reporters. You may need to call MetricRegistries.global().addReportRegistration(...) before.
2019-11-15 21:51:32,584 [pool-599-thread-1] WARN  impl.MetricRegistriesImpl (MetricRegistriesImpl.java:lambda$create$1(61)) - First MetricRegistry has been created without registering reporters. You may need to call MetricRegistries.global().addReportRegistration(...) before.
2019-11-15 21:51:32,584 [pool-599-thread-1] INFO  impl.RaftServerImpl (RaftServerImpl.java:start(184)) - cd688886-394b-4fb5-85cc-1eab6f176edb@group-724E36361A02: start as a follower, conf=-1: [cd688886-394b-4fb5-85cc-1eab6f176edb:192.168.164.223:33574], old=null
2019-11-15 21:51:32,584 [pool-599-thread-1] INFO  impl.RaftServerImpl (RaftServerImpl.java:setRole(173)) - cd688886-394b-4fb5-85cc-1eab6f176edb@group-724E36361A02: changes role from      null to FOLLOWER at term 0 for startAsFollower
2019-11-15 21:51:32,585 [pool-599-thread-1] INFO  impl.RoleInfo (RoleInfo.java:updateAndGet(143)) - cd688886-394b-4fb5-85cc-1eab6f176edb: start FollowerState
2019-11-15 21:51:32,585 [pool-599-thread-1] INFO  util.JmxRegister (JmxRegister.java:tryRegister(44)) - Successfully registered JMX Bean with object name Ratis:service=RaftServer,group=group-724E36361A02,id=cd688886-394b-4fb5-85cc-1eab6f176edb
2019-11-15 21:51:32,585 [pool-599-thread-1] WARN  impl.MetricRegistriesImpl (MetricRegistriesImpl.java:lambda$create$1(61)) - First MetricRegistry has been created without registering reporters. You may need to call MetricRegistries.global().addReportRegistration(...) before.
2019-11-15 21:51:32,587 [RatisPipelineUtilsThread] INFO  pipeline.PipelineStateManager (PipelineStateManager.java:addPipeline(55)) - Created pipeline Pipeline[ Id: c0e7aa7e-e695-46c3-96b5-724e36361a02, Nodes: cd688886-394b-4fb5-85cc-1eab6f176edb{ip: 192.168.164.223, host: pr-hdds-2493-5rwwl-1515842690, networkLocation: /rack1, certSerialId: null}, Type:RATIS, Factor:ONE, State:ALLOCATED]
2019-11-15 21:51:32,587 [Thread-3957] INFO  pipeline.PipelineStateManager (PipelineStateManager.java:finalizePipeline(121)) - Pipeline Pipeline[ Id: da338b88-04c3-4acb-83d3-c76242b2156b, Nodes: 09667cd7-469d-4450-b7d6-bfa43032ac6a{ip: 192.168.164.223, host: pr-hdds-2493-5rwwl-1515842690, networkLocation: /rack1, certSerialId: null}, Type:RATIS, Factor:ONE, State:CLOSED] moved to CLOSED state
2019-11-15 21:51:32,589 [grpc-default-executor-2] INFO  impl.RaftServerProxy (RaftServerProxy.java:remove(95)) - 09667cd7-469d-4450-b7d6-bfa43032ac6a: remove    LEADER 09667cd7-469d-4450-b7d6-bfa43032ac6a@group-C76242B2156B:t1, leader=09667cd7-469d-4450-b7d6-bfa43032ac6a, voted=09667cd7-469d-4450-b7d6-bfa43032ac6a, raftlog=09667cd7-469d-4450-b7d6-bfa43032ac6a@group-C76242B2156B-SegmentedRaftLog:OPENED:c0,f0,i0, conf=0: [09667cd7-469d-4450-b7d6-bfa43032ac6a:192.168.164.223:41749], old=null RUNNING
2019-11-15 21:51:32,590 [grpc-default-executor-2] INFO  impl.RaftServerImpl (RaftServerImpl.java:lambda$shutdown$3(250)) - 09667cd7-469d-4450-b7d6-bfa43032ac6a@group-C76242B2156B: shutdown
2019-11-15 21:51:32,590 [grpc-default-executor-2] INFO  util.JmxRegister (JmxRegister.java:unregister(73)) - Successfully un-registered JMX Bean with object name Ratis:service=RaftServer,group=group-C76242B2156B,id=09667cd7-469d-4450-b7d6-bfa43032ac6a
2019-11-15 21:51:32,590 [grpc-default-executor-2] INFO  impl.RoleInfo (RoleInfo.java:shutdownLeaderState(104)) - 09667cd7-469d-4450-b7d6-bfa43032ac6a: shutdown LeaderState
2019-11-15 21:51:32,590 [grpc-default-executor-2] INFO  impl.PendingRequests (PendingRequests.java:sendNotLeaderResponses(206)) - 09667cd7-469d-4450-b7d6-bfa43032ac6a@group-C76242B2156B-PendingRequests: sendNotLeaderResponses
2019-11-15 21:51:32,590 [grpc-default-executor-2] INFO  impl.StateMachineUpdater (StateMachineUpdater.java:stopAndJoin(136)) - 09667cd7-469d-4450-b7d6-bfa43032ac6a@group-C76242B2156B-StateMachineUpdater: set stopIndex = 0
2019-11-15 21:51:32,590 [grpc-default-executor-2] INFO  impl.RaftServerImpl (ServerState.java:close(387)) - 09667cd7-469d-4450-b7d6-bfa43032ac6a@group-C76242B2156B: closes. applyIndex: 0
2019-11-15 21:51:32,591 [09667cd7-469d-4450-b7d6-bfa43032ac6a@group-C76242B2156B-SegmentedRaftLogWorker] INFO  segmented.SegmentedRaftLogWorker (SegmentedRaftLogWorker.java:run(316)) - 09667cd7-469d-4450-b7d6-bfa43032ac6a@group-C76242B2156B-SegmentedRaftLogWorker was interrupted, exiting. There are 0 tasks remaining in the queue.
2019-11-15 21:51:32,591 [grpc-default-executor-2] INFO  segmented.SegmentedRaftLogWorker (SegmentedRaftLogWorker.java:close(224)) - 09667cd7-469d-4450-b7d6-bfa43032ac6a@group-C76242B2156B-SegmentedRaftLogWorker close()
2019-11-15 21:51:32,595 [Thread-3957] INFO  pipeline.PipelineStateManager (PipelineStateManager.java:removePipeline(106)) - Pipeline Pipeline[ Id: da338b88-04c3-4acb-83d3-c76242b2156b, Nodes: 09667cd7-469d-4450-b7d6-bfa43032ac6a{ip: 192.168.164.223, host: pr-hdds-2493-5rwwl-1515842690, networkLocation: /rack1, certSerialId: null}, Type:RATIS, Factor:ONE, State:CLOSED] removed from db
2019-11-15 21:51:32,597 [grpc-default-executor-2] INFO  impl.RaftServerProxy (RaftServerProxy.java:addNew(89)) - 09667cd7-469d-4450-b7d6-bfa43032ac6a: addNew group-E5FC80F7F3D6:[09667cd7-469d-4450-b7d6-bfa43032ac6a:192.168.164.223:41749] returns group-E5FC80F7F3D6:java.util.concurrent.CompletableFuture@65517d41[Not completed]
2019-11-15 21:51:32,598 [pool-569-thread-1] INFO  impl.RaftServerImpl (RaftServerImpl.java:<init>(98)) - 09667cd7-469d-4450-b7d6-bfa43032ac6a: new RaftServerImpl for group-E5FC80F7F3D6:[09667cd7-469d-4450-b7d6-bfa43032ac6a:192.168.164.223:41749] with ContainerStateMachine:uninitialized
2019-11-15 21:51:32,599 [pool-569-thread-1] INFO  server.RaftServerConfigKeys (ConfUtils.java:logGet(43)) - raft.server.rpc.timeout.min = 1s (custom)
2019-11-15 21:51:32,599 [pool-569-thread-1] INFO  server.RaftServerConfigKeys (ConfUtils.java:logGet(43)) - raft.server.rpc.timeout.max = 1200ms (custom)
2019-11-15 21:51:32,599 [pool-569-thread-1] INFO  server.RaftServerConfigKeys (ConfUtils.java:logGet(43)) - raft.server.rpcslowness.timeout = 120s (custom)
2019-11-15 21:51:32,599 [pool-569-thread-1] INFO  server.RaftServerConfigKeys (ConfUtils.java:logGet(43)) - raft.server.sleep.deviation.threshold = 300 (default)
2019-11-15 21:51:32,599 [pool-569-thread-1] INFO  server.RaftServerConfigKeys (ConfUtils.java:logGet(43)) - raft.server.log.appender.install.snapshot.enabled = false (custom)
2019-11-15 21:51:32,599 [pool-569-thread-1] INFO  impl.RaftServerImpl (ServerState.java:<init>(103)) - 09667cd7-469d-4450-b7d6-bfa43032ac6a@group-E5FC80F7F3D6: ConfigurationManager, init=-1: [09667cd7-469d-4450-b7d6-bfa43032ac6a:192.168.164.223:41749], old=null, confs=<EMPTY_MAP>
2019-11-15 21:51:32,599 [pool-569-thread-1] INFO  server.RaftServerConfigKeys (ConfUtils.java:logGet(43)) - raft.server.storage.dir = [/workdir/hadoop-ozone/integration-test/target/test-dir/MiniOzoneClusterImpl-e150a234-18da-4756-b2e5-8eb09f38746c/datanode-6/data/ratis] (custom)
2019-11-15 21:51:32,599 [pool-569-thread-1] INFO  server.RaftServerConfigKeys (ConfUtils.java:logGet(43)) - raft.server.log.corruption.policy = EXCEPTION (default)
2019-11-15 21:51:32,600 [pool-569-thread-1] INFO  storage.RaftStorageDirectory (RaftStorageDirectory.java:analyzeStorage(246)) - The storage directory /workdir/hadoop-ozone/integration-test/target/test-dir/MiniOzoneClusterImpl-e150a234-18da-4756-b2e5-8eb09f38746c/datanode-6/data/ratis/b3ac5aa5-1949-4a43-98c7-e5fc80f7f3d6 does not exist. Creating ...
2019-11-15 21:51:32,605 [pool-569-thread-1] INFO  storage.RaftStorageDirectory (RaftStorageDirectory.java:tryLock(328)) - Lock on /workdir/hadoop-ozone/integration-test/target/test-dir/MiniOzoneClusterImpl-e150a234-18da-4756-b2e5-8eb09f38746c/datanode-6/data/ratis/b3ac5aa5-1949-4a43-98c7-e5fc80f7f3d6/in_use.lock acquired by nodename 4447@pr-hdds-2493-5rwwl-1515842690
2019-11-15 21:51:32,618 [pool-569-thread-1] INFO  storage.RaftStorage (RaftStorage.java:format(84)) - Storage directory /workdir/hadoop-ozone/integration-test/target/test-dir/MiniOzoneClusterImpl-e150a234-18da-4756-b2e5-8eb09f38746c/datanode-6/data/ratis/b3ac5aa5-1949-4a43-98c7-e5fc80f7f3d6 has been successfully formatted.
2019-11-15 21:51:32,618 [pool-569-thread-1] INFO  ratis.ContainerStateMachine (ContainerStateMachine.java:loadSnapshot(223)) - group-E5FC80F7F3D6: The snapshot info is null. Setting the last applied indexto:(t:0, i:~)
2019-11-15 21:51:32,618 [pool-569-thread-1] INFO  server.RaftServerConfigKeys (ConfUtils.java:logGet(43)) - raft.server.notification.no-leader.timeout = 120s (custom)
2019-11-15 21:51:32,618 [pool-569-thread-1] INFO  server.RaftServerConfigKeys (ConfUtils.java:logGet(43)) - raft.server.log.use.memory = false (default)
2019-11-15 21:51:32,618 [pool-569-thread-1] INFO  server.RaftServerConfigKeys (ConfUtils.java:logGet(43)) - raft.server.log.purge.gap = 1000000 (custom)
2019-11-15 21:51:32,618 [pool-569-thread-1] INFO  server.RaftServerConfigKeys (ConfUtils.java:logGet(43)) - raft.server.log.appender.buffer.byte-limit = 33554432 (custom)
2019-11-15 21:51:32,619 [pool-569-thread-1] INFO  server.RaftServerConfigKeys (ConfUtils.java:logGet(43)) - raft.server.log.segment.size.max = 1048576 (custom)
2019-11-15 21:51:32,619 [pool-569-thread-1] INFO  server.RaftServerConfigKeys (ConfUtils.java:logGet(43)) - raft.server.log.segment.cache.num.max = 2 (custom)
2019-11-15 21:51:32,619 [pool-569-thread-1] INFO  segmented.SegmentedRaftLogWorker (SegmentedRaftLogWorker.java:<init>(173)) - new 09667cd7-469d-4450-b7d6-bfa43032ac6a@group-E5FC80F7F3D6-SegmentedRaftLogWorker for RaftStorage:Storage Directory /workdir/hadoop-ozone/integration-test/target/test-dir/MiniOzoneClusterImpl-e150a234-18da-4756-b2e5-8eb09f38746c/datanode-6/data/ratis/b3ac5aa5-1949-4a43-98c7-e5fc80f7f3d6
2019-11-15 21:51:32,619 [pool-569-thread-1] INFO  server.RaftServerConfigKeys (ConfUtils.java:logGet(43)) - raft.server.log.queue.byte-limit = 2147483647 (custom)
2019-11-15 21:51:32,619 [pool-569-thread-1] INFO  server.RaftServerConfigKeys (ConfUtils.java:logGet(43)) - raft.server.log.queue.element-limit = 1024 (custom)
2019-11-15 21:51:32,619 [pool-569-thread-1] INFO  server.RaftServerConfigKeys (ConfUtils.java:logGet(43)) - raft.server.log.segment.size.max = 1048576 (custom)
2019-11-15 21:51:32,619 [pool-569-thread-1] INFO  server.RaftServerConfigKeys (ConfUtils.java:logGet(43)) - raft.server.log.preallocated.size = 16384 (custom)
2019-11-15 21:51:32,619 [pool-569-thread-1] INFO  server.RaftServerConfigKeys (ConfUtils.java:logGet(43)) - raft.server.log.write.buffer.size = 33554432 (custom)
2019-11-15 21:51:32,619 [pool-569-thread-1] INFO  server.RaftServerConfigKeys (ConfUtils.java:logGet(43)) - raft.server.log.force.sync.num = 128 (default)
2019-11-15 21:51:32,619 [pool-569-thread-1] INFO  server.RaftServerConfigKeys (ConfUtils.java:logGet(43)) - raft.server.log.statemachine.data.sync = true (default)
2019-11-15 21:51:32,620 [pool-569-thread-1] INFO  server.RaftServerConfigKeys (ConfUtils.java:logGet(43)) - raft.server.log.statemachine.data.sync.timeout = 10s (default)
2019-11-15 21:51:32,620 [pool-569-thread-1] INFO  server.RaftServerConfigKeys (ConfUtils.java:logGet(43)) - raft.server.log.statemachine.data.sync.timeout.retry = -1 (default)
2019-11-15 21:51:32,620 [pool-569-thread-1] INFO  server.RaftServerConfigKeys (ConfUtils.java:logGet(43)) - raft.server.log.statemachine.data.caching.enabled = true (custom)
2019-11-15 21:51:32,620 [pool-569-thread-1] INFO  segmented.SegmentedRaftLogWorker (SegmentedRaftLogWorker.java:lambda$new$0(128)) - 09667cd7-469d-4450-b7d6-bfa43032ac6a@group-E5FC80F7F3D6-SegmentedRaftLogWorker: flushIndex: setUnconditionally 0 -> -1
2019-11-15 21:51:32,620 [pool-569-thread-1] INFO  server.RaftServerConfigKeys (ConfUtils.java:logGet(43)) - raft.server.snapshot.auto.trigger.enabled = true (custom)
2019-11-15 21:51:32,620 [pool-569-thread-1] INFO  server.RaftServerConfigKeys (ConfUtils.java:logGet(43)) - raft.server.snapshot.auto.trigger.threshold = 10000 (custom)
2019-11-15 21:51:32,620 [pool-569-thread-1] INFO  server.RaftServerConfigKeys (ConfUtils.java:logGet(43)) - raft.server.snapshot.retention.file.num = 5 (custom)
2019-11-15 21:51:32,621 [pool-569-thread-1] INFO  server.RaftServerConfigKeys (ConfUtils.java:logGet(43)) - raft.server.retrycache.expirytime = 600000ms (custom)
2019-11-15 21:51:32,621 [pool-569-thread-1] WARN  impl.MetricRegistriesImpl (MetricRegistriesImpl.java:lambda$create$1(61)) - First MetricRegistry has been created without registering reporters. You may need to call MetricRegistries.global().addReportRegistration(...) before.
2019-11-15 21:51:32,621 [pool-569-thread-1] WARN  impl.MetricRegistriesImpl (MetricRegistriesImpl.java:lambda$create$1(61)) - First MetricRegistry has been created without registering reporters. You may need to call MetricRegistries.global().addReportRegistration(...) before.
2019-11-15 21:51:32,621 [pool-569-thread-1] INFO  impl.RaftServerImpl (RaftServerImpl.java:start(184)) - 09667cd7-469d-4450-b7d6-bfa43032ac6a@group-E5FC80F7F3D6: start as a follower, conf=-1: [09667cd7-469d-4450-b7d6-bfa43032ac6a:192.168.164.223:41749], old=null
2019-11-15 21:51:32,621 [pool-569-thread-1] INFO  impl.RaftServerImpl (RaftServerImpl.java:setRole(173)) - 09667cd7-469d-4450-b7d6-bfa43032ac6a@group-E5FC80F7F3D6: changes role from      null to FOLLOWER at term 0 for startAsFollower
2019-11-15 21:51:32,621 [pool-569-thread-1] INFO  impl.RoleInfo (RoleInfo.java:updateAndGet(143)) - 09667cd7-469d-4450-b7d6-bfa43032ac6a: start FollowerState
2019-11-15 21:51:32,622 [pool-569-thread-1] INFO  util.JmxRegister (JmxRegister.java:tryRegister(44)) - Successfully registered JMX Bean with object name Ratis:service=RaftServer,group=group-E5FC80F7F3D6,id=09667cd7-469d-4450-b7d6-bfa43032ac6a
2019-11-15 21:51:32,622 [pool-569-thread-1] WARN  impl.MetricRegistriesImpl (MetricRegistriesImpl.java:lambda$create$1(61)) - First MetricRegistry has been created without registering reporters. You may need to call MetricRegistries.global().addReportRegistration(...) before.
2019-11-15 21:51:32,623 [RatisPipelineUtilsThread] INFO  pipeline.PipelineStateManager (PipelineStateManager.java:addPipeline(55)) - Created pipeline Pipeline[ Id: b3ac5aa5-1949-4a43-98c7-e5fc80f7f3d6, Nodes: 09667cd7-469d-4450-b7d6-bfa43032ac6a{ip: 192.168.164.223, host: pr-hdds-2493-5rwwl-1515842690, networkLocation: /rack1, certSerialId: null}, Type:RATIS, Factor:ONE, State:ALLOCATED]
2019-11-15 21:51:33,120 [Thread-4112] INFO  impl.FollowerState (FollowerState.java:run(111)) - 3c01ffb1-b295-42d9-9874-9e0ba4053462@group-AAAB9F076C05-FollowerState: change to CANDIDATE, lastRpcTime:1169ms, electionTimeout:1169ms
2019-11-15 21:51:33,121 [Thread-4112] INFO  impl.RoleInfo (RoleInfo.java:shutdownFollowerState(121)) - 3c01ffb1-b295-42d9-9874-9e0ba4053462: shutdown FollowerState
2019-11-15 21:51:33,121 [Thread-4112] INFO  impl.RaftServerImpl (RaftServerImpl.java:setRole(173)) - 3c01ffb1-b295-42d9-9874-9e0ba4053462@group-AAAB9F076C05: changes role from  FOLLOWER to CANDIDATE at term 0 for changeToCandidate
2019-11-15 21:51:33,121 [Thread-4112] INFO  impl.RoleInfo (RoleInfo.java:updateAndGet(143)) - 3c01ffb1-b295-42d9-9874-9e0ba4053462: start LeaderElection
2019-11-15 21:51:33,154 [3c01ffb1-b295-42d9-9874-9e0ba4053462@group-AAAB9F076C05-LeaderElection218] INFO  impl.LeaderElection (LeaderElection.java:askForVotes(178)) - 3c01ffb1-b295-42d9-9874-9e0ba4053462@group-AAAB9F076C05-LeaderElection218: begin an election at term 1 for -1: [3c01ffb1-b295-42d9-9874-9e0ba4053462:192.168.164.223:36934], old=null
2019-11-15 21:51:33,155 [3c01ffb1-b295-42d9-9874-9e0ba4053462@group-AAAB9F076C05-LeaderElection218] INFO  impl.RoleInfo (RoleInfo.java:shutdownLeaderElection(134)) - 3c01ffb1-b295-42d9-9874-9e0ba4053462: shutdown LeaderElection
2019-11-15 21:51:33,155 [3c01ffb1-b295-42d9-9874-9e0ba4053462@group-AAAB9F076C05-LeaderElection218] INFO  impl.RaftServerImpl (RaftServerImpl.java:setRole(173)) - 3c01ffb1-b295-42d9-9874-9e0ba4053462@group-AAAB9F076C05: changes role from CANDIDATE to LEADER at term 1 for changeToLeader
2019-11-15 21:51:33,155 [3c01ffb1-b295-42d9-9874-9e0ba4053462@group-AAAB9F076C05-LeaderElection218] INFO  ratis.XceiverServerRatis (XceiverServerRatis.java:handleLeaderChangedNotification(697)) - Leader change notification received for group: group-AAAB9F076C05 with new leaderId: 3c01ffb1-b295-42d9-9874-9e0ba4053462
2019-11-15 21:51:33,155 [3c01ffb1-b295-42d9-9874-9e0ba4053462@group-AAAB9F076C05-LeaderElection218] INFO  impl.RaftServerImpl (ServerState.java:setLeader(255)) - 3c01ffb1-b295-42d9-9874-9e0ba4053462@group-AAAB9F076C05: change Leader from null to 3c01ffb1-b295-42d9-9874-9e0ba4053462 at term 1 for becomeLeader, leader elected after 1207ms
2019-11-15 21:51:33,155 [3c01ffb1-b295-42d9-9874-9e0ba4053462@group-AAAB9F076C05-LeaderElection218] INFO  server.RaftServerConfigKeys (ConfUtils.java:logGet(43)) - raft.server.staging.catchup.gap = 1000 (default)
2019-11-15 21:51:33,155 [3c01ffb1-b295-42d9-9874-9e0ba4053462@group-AAAB9F076C05-LeaderElection218] INFO  server.RaftServerConfigKeys (ConfUtils.java:logGet(43)) - raft.server.rpc.sleep.time = 25ms (default)
2019-11-15 21:51:33,156 [3c01ffb1-b295-42d9-9874-9e0ba4053462@group-AAAB9F076C05-LeaderElection218] INFO  server.RaftServerConfigKeys (ConfUtils.java:logGet(43)) - raft.server.write.element-limit = 4096 (default)
2019-11-15 21:51:33,156 [3c01ffb1-b295-42d9-9874-9e0ba4053462@group-AAAB9F076C05-LeaderElection218] INFO  server.RaftServerConfigKeys (ConfUtils.java:logGet(43)) - raft.server.watch.timeout = 10s (default)
2019-11-15 21:51:33,156 [3c01ffb1-b295-42d9-9874-9e0ba4053462@group-AAAB9F076C05-LeaderElection218] INFO  server.RaftServerConfigKeys (ConfUtils.java:logGet(43)) - raft.server.watch.timeout.denomination = 1s (default)
2019-11-15 21:51:33,156 [EventQueue-PipelineReportForPipelineReportHandler] INFO  pipeline.PipelineStateManager (PipelineStateManager.java:openPipeline(134)) - Pipeline Pipeline[ Id: dd86a516-a3ff-44fe-bccc-aaab9f076c05, Nodes: 3c01ffb1-b295-42d9-9874-9e0ba4053462{ip: 192.168.164.223, host: pr-hdds-2493-5rwwl-1515842690, networkLocation: /rack1, certSerialId: null}, Type:RATIS, Factor:ONE, State:OPEN] moved to OPEN state
2019-11-15 21:51:33,156 [3c01ffb1-b295-42d9-9874-9e0ba4053462@group-AAAB9F076C05-LeaderElection218] INFO  server.RaftServerConfigKeys (ConfUtils.java:logGet(43)) - raft.server.watch.element-limit = 65536 (default)
2019-11-15 21:51:33,156 [3c01ffb1-b295-42d9-9874-9e0ba4053462@group-AAAB9F076C05-LeaderElection218] INFO  impl.RoleInfo (RoleInfo.java:updateAndGet(143)) - 3c01ffb1-b295-42d9-9874-9e0ba4053462: start LeaderState
2019-11-15 21:51:33,157 [3c01ffb1-b295-42d9-9874-9e0ba4053462@group-AAAB9F076C05-LeaderElection218] INFO  segmented.SegmentedRaftLogWorker (SegmentedRaftLogWorker.java:startLogSegment(385)) - 3c01ffb1-b295-42d9-9874-9e0ba4053462@group-AAAB9F076C05-SegmentedRaftLogWorker: Starting segment from index:0
2019-11-15 21:51:33,157 [3c01ffb1-b295-42d9-9874-9e0ba4053462@group-AAAB9F076C05-LeaderElection218] INFO  impl.RaftServerImpl (ServerState.java:setRaftConf(356)) - 3c01ffb1-b295-42d9-9874-9e0ba4053462@group-AAAB9F076C05: set configuration 0: [3c01ffb1-b295-42d9-9874-9e0ba4053462:192.168.164.223:36934], old=null at 0
2019-11-15 21:51:33,195 [Thread-4116] INFO  impl.FollowerState (FollowerState.java:run(111)) - dfb71ea8-5a43-4574-802a-eb8470866674@group-1B1E48E3A35D-FollowerState: change to CANDIDATE, lastRpcTime:1183ms, electionTimeout:1150ms
2019-11-15 21:51:33,195 [Thread-4116] INFO  impl.RoleInfo (RoleInfo.java:shutdownFollowerState(121)) - dfb71ea8-5a43-4574-802a-eb8470866674: shutdown FollowerState
2019-11-15 21:51:33,195 [Thread-4116] INFO  impl.RaftServerImpl (RaftServerImpl.java:setRole(173)) - dfb71ea8-5a43-4574-802a-eb8470866674@group-1B1E48E3A35D: changes role from  FOLLOWER to CANDIDATE at term 0 for changeToCandidate
2019-11-15 21:51:33,195 [Thread-4116] INFO  impl.RoleInfo (RoleInfo.java:updateAndGet(143)) - dfb71ea8-5a43-4574-802a-eb8470866674: start LeaderElection
2019-11-15 21:51:33,208 [3c01ffb1-b295-42d9-9874-9e0ba4053462@group-AAAB9F076C05-SegmentedRaftLogWorker] INFO  segmented.SegmentedRaftLogWorker (SegmentedRaftLogWorker.java:execute(576)) - 3c01ffb1-b295-42d9-9874-9e0ba4053462@group-AAAB9F076C05-SegmentedRaftLogWorker: created new log segment /workdir/hadoop-ozone/integration-test/target/test-dir/MiniOzoneClusterImpl-e150a234-18da-4756-b2e5-8eb09f38746c/datanode-2/data/ratis/dd86a516-a3ff-44fe-bccc-aaab9f076c05/current/log_inprogress_0
2019-11-15 21:51:33,208 [dfb71ea8-5a43-4574-802a-eb8470866674@group-1B1E48E3A35D-LeaderElection219] INFO  impl.LeaderElection (LeaderElection.java:askForVotes(178)) - dfb71ea8-5a43-4574-802a-eb8470866674@group-1B1E48E3A35D-LeaderElection219: begin an election at term 1 for -1: [dfb71ea8-5a43-4574-802a-eb8470866674:192.168.164.223:45914], old=null
2019-11-15 21:51:33,208 [dfb71ea8-5a43-4574-802a-eb8470866674@group-1B1E48E3A35D-LeaderElection219] INFO  impl.RoleInfo (RoleInfo.java:shutdownLeaderElection(134)) - dfb71ea8-5a43-4574-802a-eb8470866674: shutdown LeaderElection
2019-11-15 21:51:33,208 [dfb71ea8-5a43-4574-802a-eb8470866674@group-1B1E48E3A35D-LeaderElection219] INFO  impl.RaftServerImpl (RaftServerImpl.java:setRole(173)) - dfb71ea8-5a43-4574-802a-eb8470866674@group-1B1E48E3A35D: changes role from CANDIDATE to LEADER at term 1 for changeToLeader
2019-11-15 21:51:33,208 [dfb71ea8-5a43-4574-802a-eb8470866674@group-1B1E48E3A35D-LeaderElection219] INFO  ratis.XceiverServerRatis (XceiverServerRatis.java:handleLeaderChangedNotification(697)) - Leader change notification received for group: group-1B1E48E3A35D with new leaderId: dfb71ea8-5a43-4574-802a-eb8470866674
2019-11-15 21:51:33,209 [dfb71ea8-5a43-4574-802a-eb8470866674@group-1B1E48E3A35D-LeaderElection219] INFO  impl.RaftServerImpl (ServerState.java:setLeader(255)) - dfb71ea8-5a43-4574-802a-eb8470866674@group-1B1E48E3A35D: change Leader from null to dfb71ea8-5a43-4574-802a-eb8470866674 at term 1 for becomeLeader, leader elected after 1200ms
2019-11-15 21:51:33,209 [dfb71ea8-5a43-4574-802a-eb8470866674@group-1B1E48E3A35D-LeaderElection219] INFO  server.RaftServerConfigKeys (ConfUtils.java:logGet(43)) - raft.server.staging.catchup.gap = 1000 (default)
2019-11-15 21:51:33,209 [dfb71ea8-5a43-4574-802a-eb8470866674@group-1B1E48E3A35D-LeaderElection219] INFO  server.RaftServerConfigKeys (ConfUtils.java:logGet(43)) - raft.server.rpc.sleep.time = 25ms (default)
2019-11-15 21:51:33,209 [dfb71ea8-5a43-4574-802a-eb8470866674@group-1B1E48E3A35D-LeaderElection219] INFO  server.RaftServerConfigKeys (ConfUtils.java:logGet(43)) - raft.server.write.element-limit = 4096 (default)
2019-11-15 21:51:33,209 [EventQueue-PipelineReportForPipelineReportHandler] INFO  pipeline.PipelineStateManager (PipelineStateManager.java:openPipeline(134)) - Pipeline Pipeline[ Id: 6e8ee177-a2c5-47ee-b413-1b1e48e3a35d, Nodes: dfb71ea8-5a43-4574-802a-eb8470866674{ip: 192.168.164.223, host: pr-hdds-2493-5rwwl-1515842690, networkLocation: /rack1, certSerialId: null}, Type:RATIS, Factor:ONE, State:OPEN] moved to OPEN state
2019-11-15 21:51:33,209 [dfb71ea8-5a43-4574-802a-eb8470866674@group-1B1E48E3A35D-LeaderElection219] INFO  server.RaftServerConfigKeys (ConfUtils.java:logGet(43)) - raft.server.watch.timeout = 10s (default)
2019-11-15 21:51:33,210 [dfb71ea8-5a43-4574-802a-eb8470866674@group-1B1E48E3A35D-LeaderElection219] INFO  server.RaftServerConfigKeys (ConfUtils.java:logGet(43)) - raft.server.watch.timeout.denomination = 1s (default)
2019-11-15 21:51:33,210 [dfb71ea8-5a43-4574-802a-eb8470866674@group-1B1E48E3A35D-LeaderElection219] INFO  server.RaftServerConfigKeys (ConfUtils.java:logGet(43)) - raft.server.watch.element-limit = 65536 (default)
2019-11-15 21:51:33,210 [dfb71ea8-5a43-4574-802a-eb8470866674@group-1B1E48E3A35D-LeaderElection219] INFO  impl.RoleInfo (RoleInfo.java:updateAndGet(143)) - dfb71ea8-5a43-4574-802a-eb8470866674: start LeaderState
2019-11-15 21:51:33,210 [dfb71ea8-5a43-4574-802a-eb8470866674@group-1B1E48E3A35D-LeaderElection219] INFO  segmented.SegmentedRaftLogWorker (SegmentedRaftLogWorker.java:startLogSegment(385)) - dfb71ea8-5a43-4574-802a-eb8470866674@group-1B1E48E3A35D-SegmentedRaftLogWorker: Starting segment from index:0
2019-11-15 21:51:33,210 [dfb71ea8-5a43-4574-802a-eb8470866674@group-1B1E48E3A35D-LeaderElection219] INFO  impl.RaftServerImpl (ServerState.java:setRaftConf(356)) - dfb71ea8-5a43-4574-802a-eb8470866674@group-1B1E48E3A35D: set configuration 0: [dfb71ea8-5a43-4574-802a-eb8470866674:192.168.164.223:45914], old=null at 0
2019-11-15 21:51:33,247 [dfb71ea8-5a43-4574-802a-eb8470866674@group-1B1E48E3A35D-SegmentedRaftLogWorker] INFO  segmented.SegmentedRaftLogWorker (SegmentedRaftLogWorker.java:execute(576)) - dfb71ea8-5a43-4574-802a-eb8470866674@group-1B1E48E3A35D-SegmentedRaftLogWorker: created new log segment /workdir/hadoop-ozone/integration-test/target/test-dir/MiniOzoneClusterImpl-e150a234-18da-4756-b2e5-8eb09f38746c/datanode-4/data/ratis/6e8ee177-a2c5-47ee-b413-1b1e48e3a35d/current/log_inprogress_0
2019-11-15 21:51:33,315 [Thread-4132] INFO  impl.FollowerState (FollowerState.java:run(111)) - 09667cd7-469d-4450-b7d6-bfa43032ac6a@group-D2DDA09F38B3-FollowerState: change to CANDIDATE, lastRpcTime:1077ms, electionTimeout:1077ms
2019-11-15 21:51:33,315 [Thread-4132] INFO  impl.RoleInfo (RoleInfo.java:shutdownFollowerState(121)) - 09667cd7-469d-4450-b7d6-bfa43032ac6a: shutdown FollowerState
2019-11-15 21:51:33,316 [Thread-4132] INFO  impl.RaftServerImpl (RaftServerImpl.java:setRole(173)) - 09667cd7-469d-4450-b7d6-bfa43032ac6a@group-D2DDA09F38B3: changes role from  FOLLOWER to CANDIDATE at term 0 for changeToCandidate
2019-11-15 21:51:33,316 [Thread-4132] INFO  impl.RoleInfo (RoleInfo.java:updateAndGet(143)) - 09667cd7-469d-4450-b7d6-bfa43032ac6a: start LeaderElection
2019-11-15 21:51:33,333 [09667cd7-469d-4450-b7d6-bfa43032ac6a@group-D2DDA09F38B3-LeaderElection220] INFO  impl.LeaderElection (LeaderElection.java:askForVotes(178)) - 09667cd7-469d-4450-b7d6-bfa43032ac6a@group-D2DDA09F38B3-LeaderElection220: begin an election at term 1 for -1: [3eba0ff5-def1-46c6-a9bd-a10bbd02f1ce:192.168.164.223:32938, 09667cd7-469d-4450-b7d6-bfa43032ac6a:192.168.164.223:41749, 5e156848-495c-4d88-99d1-5a745ca90ed0:192.168.164.223:41251], old=null
2019-11-15 21:51:33,336 [grpc-default-executor-6] INFO  impl.RaftServerImpl (RaftServerImpl.java:setRole(173)) - 5e156848-495c-4d88-99d1-5a745ca90ed0@group-D2DDA09F38B3: changes role from  FOLLOWER to FOLLOWER at term 1 for recognizeCandidate:09667cd7-469d-4450-b7d6-bfa43032ac6a
2019-11-15 21:51:33,337 [grpc-default-executor-6] INFO  impl.RoleInfo (RoleInfo.java:shutdownFollowerState(121)) - 5e156848-495c-4d88-99d1-5a745ca90ed0: shutdown FollowerState
2019-11-15 21:51:33,336 [grpc-default-executor-2] INFO  impl.RaftServerImpl (RaftServerImpl.java:setRole(173)) - 3eba0ff5-def1-46c6-a9bd-a10bbd02f1ce@group-D2DDA09F38B3: changes role from  FOLLOWER to FOLLOWER at term 1 for recognizeCandidate:09667cd7-469d-4450-b7d6-bfa43032ac6a
2019-11-15 21:51:33,337 [grpc-default-executor-6] INFO  impl.RoleInfo (RoleInfo.java:updateAndGet(143)) - 5e156848-495c-4d88-99d1-5a745ca90ed0: start FollowerState
2019-11-15 21:51:33,337 [Thread-4131] INFO  impl.FollowerState (FollowerState.java:run(120)) - 5e156848-495c-4d88-99d1-5a745ca90ed0@group-D2DDA09F38B3-FollowerState was interrupted: java.lang.InterruptedException: sleep interrupted
2019-11-15 21:51:33,337 [grpc-default-executor-2] INFO  impl.RoleInfo (RoleInfo.java:shutdownFollowerState(121)) - 3eba0ff5-def1-46c6-a9bd-a10bbd02f1ce: shutdown FollowerState
2019-11-15 21:51:33,337 [grpc-default-executor-2] INFO  impl.RoleInfo (RoleInfo.java:updateAndGet(143)) - 3eba0ff5-def1-46c6-a9bd-a10bbd02f1ce: start FollowerState
2019-11-15 21:51:33,337 [Thread-4127] INFO  impl.FollowerState (FollowerState.java:run(120)) - 3eba0ff5-def1-46c6-a9bd-a10bbd02f1ce@group-D2DDA09F38B3-FollowerState was interrupted: java.lang.InterruptedException: sleep interrupted
2019-11-15 21:51:33,351 [09667cd7-469d-4450-b7d6-bfa43032ac6a@group-D2DDA09F38B3-LeaderElection220] INFO  impl.LeaderElection (LeaderElection.java:logAndReturn(56)) - 09667cd7-469d-4450-b7d6-bfa43032ac6a@group-D2DDA09F38B3-LeaderElection220: Election PASSED; received 1 response(s) [09667cd7-469d-4450-b7d6-bfa43032ac6a<-5e156848-495c-4d88-99d1-5a745ca90ed0#0:OK-t1] and 0 exception(s); 09667cd7-469d-4450-b7d6-bfa43032ac6a@group-D2DDA09F38B3:t1, leader=null, voted=09667cd7-469d-4450-b7d6-bfa43032ac6a, raftlog=09667cd7-469d-4450-b7d6-bfa43032ac6a@group-D2DDA09F38B3-SegmentedRaftLog:OPENED:c-1,f-1,i0, conf=-1: [3eba0ff5-def1-46c6-a9bd-a10bbd02f1ce:192.168.164.223:32938, 09667cd7-469d-4450-b7d6-bfa43032ac6a:192.168.164.223:41749, 5e156848-495c-4d88-99d1-5a745ca90ed0:192.168.164.223:41251], old=null
2019-11-15 21:51:33,351 [09667cd7-469d-4450-b7d6-bfa43032ac6a@group-D2DDA09F38B3-LeaderElection220] INFO  impl.RoleInfo (RoleInfo.java:shutdownLeaderElection(134)) - 09667cd7-469d-4450-b7d6-bfa43032ac6a: shutdown LeaderElection
2019-11-15 21:51:33,351 [09667cd7-469d-4450-b7d6-bfa43032ac6a@group-D2DDA09F38B3-LeaderElection220] INFO  impl.RaftServerImpl (RaftServerImpl.java:setRole(173)) - 09667cd7-469d-4450-b7d6-bfa43032ac6a@group-D2DDA09F38B3: changes role from CANDIDATE to LEADER at term 1 for changeToLeader
2019-11-15 21:51:33,351 [09667cd7-469d-4450-b7d6-bfa43032ac6a@group-D2DDA09F38B3-LeaderElection220] INFO  ratis.XceiverServerRatis (XceiverServerRatis.java:handleLeaderChangedNotification(697)) - Leader change notification received for group: group-D2DDA09F38B3 with new leaderId: 09667cd7-469d-4450-b7d6-bfa43032ac6a
2019-11-15 21:51:33,352 [09667cd7-469d-4450-b7d6-bfa43032ac6a@group-D2DDA09F38B3-LeaderElection220] INFO  impl.RaftServerImpl (ServerState.java:setLeader(255)) - 09667cd7-469d-4450-b7d6-bfa43032ac6a@group-D2DDA09F38B3: change Leader from null to 09667cd7-469d-4450-b7d6-bfa43032ac6a at term 1 for becomeLeader, leader elected after 1120ms
2019-11-15 21:51:33,352 [09667cd7-469d-4450-b7d6-bfa43032ac6a@group-D2DDA09F38B3-LeaderElection220] INFO  server.RaftServerConfigKeys (ConfUtils.java:logGet(43)) - raft.server.staging.catchup.gap = 1000 (default)
2019-11-15 21:51:33,352 [09667cd7-469d-4450-b7d6-bfa43032ac6a@group-D2DDA09F38B3-LeaderElection220] INFO  server.RaftServerConfigKeys (ConfUtils.java:logGet(43)) - raft.server.rpc.sleep.time = 25ms (default)
2019-11-15 21:51:33,352 [09667cd7-469d-4450-b7d6-bfa43032ac6a@group-D2DDA09F38B3-LeaderElection220] INFO  server.RaftServerConfigKeys (ConfUtils.java:logGet(43)) - raft.server.write.element-limit = 4096 (default)
2019-11-15 21:51:33,352 [EventQueue-PipelineReportForPipelineReportHandler] INFO  pipeline.PipelineStateManager (PipelineStateManager.java:openPipeline(134)) - Pipeline Pipeline[ Id: 2a1680dc-5ff9-4242-a5e0-d2dda09f38b3, Nodes: 3eba0ff5-def1-46c6-a9bd-a10bbd02f1ce{ip: 192.168.164.223, host: pr-hdds-2493-5rwwl-1515842690, networkLocation: /rack1, certSerialId: null}5e156848-495c-4d88-99d1-5a745ca90ed0{ip: 192.168.164.223, host: pr-hdds-2493-5rwwl-1515842690, networkLocation: /rack1, certSerialId: null}09667cd7-469d-4450-b7d6-bfa43032ac6a{ip: 192.168.164.223, host: pr-hdds-2493-5rwwl-1515842690, networkLocation: /rack1, certSerialId: null}, Type:RATIS, Factor:THREE, State:OPEN] moved to OPEN state
2019-11-15 21:51:33,352 [09667cd7-469d-4450-b7d6-bfa43032ac6a@group-D2DDA09F38B3-LeaderElection220] INFO  server.RaftServerConfigKeys (ConfUtils.java:logGet(43)) - raft.server.watch.timeout = 10s (default)
2019-11-15 21:51:33,353 [09667cd7-469d-4450-b7d6-bfa43032ac6a@group-D2DDA09F38B3-LeaderElection220] INFO  server.RaftServerConfigKeys (ConfUtils.java:logGet(43)) - raft.server.watch.timeout.denomination = 1s (default)
2019-11-15 21:51:33,353 [09667cd7-469d-4450-b7d6-bfa43032ac6a@group-D2DDA09F38B3-LeaderElection220] INFO  server.RaftServerConfigKeys (ConfUtils.java:logGet(43)) - raft.server.watch.element-limit = 65536 (default)
2019-11-15 21:51:33,353 [09667cd7-469d-4450-b7d6-bfa43032ac6a@group-D2DDA09F38B3-LeaderElection220] INFO  server.RaftServerConfigKeys (ConfUtils.java:logGet(43)) - raft.server.log.appender.snapshot.chunk.size.max = 16MB (=16777216) (default)
2019-11-15 21:51:33,353 [09667cd7-469d-4450-b7d6-bfa43032ac6a@group-D2DDA09F38B3-LeaderElection220] INFO  server.RaftServerConfigKeys (ConfUtils.java:logGet(43)) - raft.server.log.appender.buffer.byte-limit = 33554432 (custom)
2019-11-15 21:51:33,353 [09667cd7-469d-4450-b7d6-bfa43032ac6a@group-D2DDA09F38B3-LeaderElection220] INFO  server.RaftServerConfigKeys (ConfUtils.java:logGet(43)) - raft.server.log.appender.buffer.element-limit = 1 (custom)
2019-11-15 21:51:33,353 [09667cd7-469d-4450-b7d6-bfa43032ac6a@group-D2DDA09F38B3-LeaderElection220] INFO  grpc.GrpcConfigKeys$Server (ConfUtils.java:logGet(43)) - raft.grpc.server.leader.outstanding.appends.max = 128 (default)
2019-11-15 21:51:33,353 [09667cd7-469d-4450-b7d6-bfa43032ac6a@group-D2DDA09F38B3-LeaderElection220] INFO  server.RaftServerConfigKeys (ConfUtils.java:logGet(43)) - raft.server.rpc.request.timeout = 3000ms (default)
2019-11-15 21:51:33,354 [09667cd7-469d-4450-b7d6-bfa43032ac6a@group-D2DDA09F38B3-LeaderElection220] INFO  server.RaftServerConfigKeys (ConfUtils.java:logGet(43)) - raft.server.log.appender.install.snapshot.enabled = false (custom)
2019-11-15 21:51:33,354 [09667cd7-469d-4450-b7d6-bfa43032ac6a@group-D2DDA09F38B3-LeaderElection220] WARN  impl.MetricRegistriesImpl (MetricRegistriesImpl.java:lambda$create$1(61)) - First MetricRegistry has been created without registering reporters. You may need to call MetricRegistries.global().addReportRegistration(...) before.
2019-11-15 21:51:33,354 [09667cd7-469d-4450-b7d6-bfa43032ac6a@group-D2DDA09F38B3-LeaderElection220] INFO  server.RaftServerConfigKeys (ConfUtils.java:logGet(43)) - raft.server.log.appender.snapshot.chunk.size.max = 16MB (=16777216) (default)
2019-11-15 21:51:33,354 [09667cd7-469d-4450-b7d6-bfa43032ac6a@group-D2DDA09F38B3-LeaderElection220] INFO  server.RaftServerConfigKeys (ConfUtils.java:logGet(43)) - raft.server.log.appender.buffer.byte-limit = 33554432 (custom)
2019-11-15 21:51:33,354 [09667cd7-469d-4450-b7d6-bfa43032ac6a@group-D2DDA09F38B3-LeaderElection220] INFO  server.RaftServerConfigKeys (ConfUtils.java:logGet(43)) - raft.server.log.appender.buffer.element-limit = 1 (custom)
2019-11-15 21:51:33,354 [09667cd7-469d-4450-b7d6-bfa43032ac6a@group-D2DDA09F38B3-LeaderElection220] INFO  grpc.GrpcConfigKeys$Server (ConfUtils.java:logGet(43)) - raft.grpc.server.leader.outstanding.appends.max = 128 (default)
2019-11-15 21:51:33,354 [09667cd7-469d-4450-b7d6-bfa43032ac6a@group-D2DDA09F38B3-LeaderElection220] INFO  server.RaftServerConfigKeys (ConfUtils.java:logGet(43)) - raft.server.rpc.request.timeout = 3000ms (default)
2019-11-15 21:51:33,354 [09667cd7-469d-4450-b7d6-bfa43032ac6a@group-D2DDA09F38B3-LeaderElection220] INFO  server.RaftServerConfigKeys (ConfUtils.java:logGet(43)) - raft.server.log.appender.install.snapshot.enabled = false (custom)
2019-11-15 21:51:33,355 [09667cd7-469d-4450-b7d6-bfa43032ac6a@group-D2DDA09F38B3-LeaderElection220] INFO  impl.RoleInfo (RoleInfo.java:updateAndGet(143)) - 09667cd7-469d-4450-b7d6-bfa43032ac6a: start LeaderState
2019-11-15 21:51:33,355 [09667cd7-469d-4450-b7d6-bfa43032ac6a@group-D2DDA09F38B3-LeaderElection220] INFO  segmented.SegmentedRaftLogWorker (SegmentedRaftLogWorker.java:startLogSegment(385)) - 09667cd7-469d-4450-b7d6-bfa43032ac6a@group-D2DDA09F38B3-SegmentedRaftLogWorker: Starting segment from index:0
2019-11-15 21:51:33,355 [09667cd7-469d-4450-b7d6-bfa43032ac6a@group-D2DDA09F38B3-LeaderElection220] INFO  impl.RaftServerImpl (ServerState.java:setRaftConf(356)) - 09667cd7-469d-4450-b7d6-bfa43032ac6a@group-D2DDA09F38B3: set configuration 0: [3eba0ff5-def1-46c6-a9bd-a10bbd02f1ce:192.168.164.223:32938, 09667cd7-469d-4450-b7d6-bfa43032ac6a:192.168.164.223:41749, 5e156848-495c-4d88-99d1-5a745ca90ed0:192.168.164.223:41251], old=null at 0
2019-11-15 21:51:33,386 [Thread-4137] INFO  impl.FollowerState (FollowerState.java:run(111)) - 3eba0ff5-def1-46c6-a9bd-a10bbd02f1ce@group-95F4CB89DD8F-FollowerState: change to CANDIDATE, lastRpcTime:1097ms, electionTimeout:1090ms
2019-11-15 21:51:33,386 [Thread-4137] INFO  impl.RoleInfo (RoleInfo.java:shutdownFollowerState(121)) - 3eba0ff5-def1-46c6-a9bd-a10bbd02f1ce: shutdown FollowerState
2019-11-15 21:51:33,387 [Thread-4137] INFO  impl.RaftServerImpl (RaftServerImpl.java:setRole(173)) - 3eba0ff5-def1-46c6-a9bd-a10bbd02f1ce@group-95F4CB89DD8F: changes role from  FOLLOWER to CANDIDATE at term 0 for changeToCandidate
2019-11-15 21:51:33,387 [Thread-4137] INFO  impl.RoleInfo (RoleInfo.java:updateAndGet(143)) - 3eba0ff5-def1-46c6-a9bd-a10bbd02f1ce: start LeaderElection
2019-11-15 21:51:33,390 [grpc-default-executor-6] INFO  ratis.XceiverServerRatis (XceiverServerRatis.java:handleLeaderChangedNotification(697)) - Leader change notification received for group: group-D2DDA09F38B3 with new leaderId: 09667cd7-469d-4450-b7d6-bfa43032ac6a
2019-11-15 21:51:33,391 [grpc-default-executor-2] INFO  ratis.XceiverServerRatis (XceiverServerRatis.java:handleLeaderChangedNotification(697)) - Leader change notification received for group: group-D2DDA09F38B3 with new leaderId: 09667cd7-469d-4450-b7d6-bfa43032ac6a
2019-11-15 21:51:33,391 [grpc-default-executor-6] INFO  impl.RaftServerImpl (ServerState.java:setLeader(255)) - 5e156848-495c-4d88-99d1-5a745ca90ed0@group-D2DDA09F38B3: change Leader from null to 09667cd7-469d-4450-b7d6-bfa43032ac6a at term 1 for appendEntries, leader elected after 1160ms
2019-11-15 21:51:33,391 [grpc-default-executor-2] INFO  impl.RaftServerImpl (ServerState.java:setLeader(255)) - 3eba0ff5-def1-46c6-a9bd-a10bbd02f1ce@group-D2DDA09F38B3: change Leader from null to 09667cd7-469d-4450-b7d6-bfa43032ac6a at term 1 for appendEntries, leader elected after 1160ms
2019-11-15 21:51:33,396 [grpc-default-executor-2] INFO  impl.RaftServerImpl (ServerState.java:setRaftConf(356)) - 3eba0ff5-def1-46c6-a9bd-a10bbd02f1ce@group-D2DDA09F38B3: set configuration 0: [3eba0ff5-def1-46c6-a9bd-a10bbd02f1ce:192.168.164.223:32938, 09667cd7-469d-4450-b7d6-bfa43032ac6a:192.168.164.223:41749, 5e156848-495c-4d88-99d1-5a745ca90ed0:192.168.164.223:41251], old=null at 0
2019-11-15 21:51:33,396 [grpc-default-executor-6] INFO  impl.RaftServerImpl (ServerState.java:setRaftConf(356)) - 5e156848-495c-4d88-99d1-5a745ca90ed0@group-D2DDA09F38B3: set configuration 0: [3eba0ff5-def1-46c6-a9bd-a10bbd02f1ce:192.168.164.223:32938, 09667cd7-469d-4450-b7d6-bfa43032ac6a:192.168.164.223:41749, 5e156848-495c-4d88-99d1-5a745ca90ed0:192.168.164.223:41251], old=null at 0
2019-11-15 21:51:33,397 [grpc-default-executor-2] INFO  segmented.SegmentedRaftLogWorker (SegmentedRaftLogWorker.java:startLogSegment(385)) - 3eba0ff5-def1-46c6-a9bd-a10bbd02f1ce@group-D2DDA09F38B3-SegmentedRaftLogWorker: Starting segment from index:0
2019-11-15 21:51:33,397 [grpc-default-executor-6] INFO  segmented.SegmentedRaftLogWorker (SegmentedRaftLogWorker.java:startLogSegment(385)) - 5e156848-495c-4d88-99d1-5a745ca90ed0@group-D2DDA09F38B3-SegmentedRaftLogWorker: Starting segment from index:0
2019-11-15 21:51:33,400 [09667cd7-469d-4450-b7d6-bfa43032ac6a@group-D2DDA09F38B3-SegmentedRaftLogWorker] INFO  segmented.SegmentedRaftLogWorker (SegmentedRaftLogWorker.java:execute(576)) - 09667cd7-469d-4450-b7d6-bfa43032ac6a@group-D2DDA09F38B3-SegmentedRaftLogWorker: created new log segment /workdir/hadoop-ozone/integration-test/target/test-dir/MiniOzoneClusterImpl-e150a234-18da-4756-b2e5-8eb09f38746c/datanode-6/data/ratis/2a1680dc-5ff9-4242-a5e0-d2dda09f38b3/current/log_inprogress_0
2019-11-15 21:51:33,400 [3eba0ff5-def1-46c6-a9bd-a10bbd02f1ce@group-95F4CB89DD8F-LeaderElection221] INFO  impl.LeaderElection (LeaderElection.java:askForVotes(178)) - 3eba0ff5-def1-46c6-a9bd-a10bbd02f1ce@group-95F4CB89DD8F-LeaderElection221: begin an election at term 1 for -1: [3eba0ff5-def1-46c6-a9bd-a10bbd02f1ce:192.168.164.223:32938], old=null
2019-11-15 21:51:33,400 [3eba0ff5-def1-46c6-a9bd-a10bbd02f1ce@group-95F4CB89DD8F-LeaderElection221] INFO  impl.RoleInfo (RoleInfo.java:shutdownLeaderElection(134)) - 3eba0ff5-def1-46c6-a9bd-a10bbd02f1ce: shutdown LeaderElection
2019-11-15 21:51:33,400 [3eba0ff5-def1-46c6-a9bd-a10bbd02f1ce@group-95F4CB89DD8F-LeaderElection221] INFO  impl.RaftServerImpl (RaftServerImpl.java:setRole(173)) - 3eba0ff5-def1-46c6-a9bd-a10bbd02f1ce@group-95F4CB89DD8F: changes role from CANDIDATE to LEADER at term 1 for changeToLeader
2019-11-15 21:51:33,400 [3eba0ff5-def1-46c6-a9bd-a10bbd02f1ce@group-95F4CB89DD8F-LeaderElection221] INFO  ratis.XceiverServerRatis (XceiverServerRatis.java:handleLeaderChangedNotification(697)) - Leader change notification received for group: group-95F4CB89DD8F with new leaderId: 3eba0ff5-def1-46c6-a9bd-a10bbd02f1ce
2019-11-15 21:51:33,400 [3eba0ff5-def1-46c6-a9bd-a10bbd02f1ce@group-95F4CB89DD8F-LeaderElection221] INFO  impl.RaftServerImpl (ServerState.java:setLeader(255)) - 3eba0ff5-def1-46c6-a9bd-a10bbd02f1ce@group-95F4CB89DD8F: change Leader from null to 3eba0ff5-def1-46c6-a9bd-a10bbd02f1ce at term 1 for becomeLeader, leader elected after 1114ms
2019-11-15 21:51:33,401 [3eba0ff5-def1-46c6-a9bd-a10bbd02f1ce@group-95F4CB89DD8F-LeaderElection221] INFO  server.RaftServerConfigKeys (ConfUtils.java:logGet(43)) - raft.server.staging.catchup.gap = 1000 (default)
2019-11-15 21:51:33,401 [3eba0ff5-def1-46c6-a9bd-a10bbd02f1ce@group-95F4CB89DD8F-LeaderElection221] INFO  server.RaftServerConfigKeys (ConfUtils.java:logGet(43)) - raft.server.rpc.sleep.time = 25ms (default)
2019-11-15 21:51:33,401 [3eba0ff5-def1-46c6-a9bd-a10bbd02f1ce@group-95F4CB89DD8F-LeaderElection221] INFO  server.RaftServerConfigKeys (ConfUtils.java:logGet(43)) - raft.server.write.element-limit = 4096 (default)
2019-11-15 21:51:33,401 [3eba0ff5-def1-46c6-a9bd-a10bbd02f1ce@group-95F4CB89DD8F-LeaderElection221] INFO  server.RaftServerConfigKeys (ConfUtils.java:logGet(43)) - raft.server.watch.timeout = 10s (default)
2019-11-15 21:51:33,401 [3eba0ff5-def1-46c6-a9bd-a10bbd02f1ce@group-95F4CB89DD8F-LeaderElection221] INFO  server.RaftServerConfigKeys (ConfUtils.java:logGet(43)) - raft.server.watch.timeout.denomination = 1s (default)
2019-11-15 21:51:33,401 [3eba0ff5-def1-46c6-a9bd-a10bbd02f1ce@group-95F4CB89DD8F-LeaderElection221] INFO  server.RaftServerConfigKeys (ConfUtils.java:logGet(43)) - raft.server.watch.element-limit = 65536 (default)
2019-11-15 21:51:33,401 [3eba0ff5-def1-46c6-a9bd-a10bbd02f1ce@group-95F4CB89DD8F-LeaderElection221] INFO  impl.RoleInfo (RoleInfo.java:updateAndGet(143)) - 3eba0ff5-def1-46c6-a9bd-a10bbd02f1ce: start LeaderState
2019-11-15 21:51:33,401 [3eba0ff5-def1-46c6-a9bd-a10bbd02f1ce@group-95F4CB89DD8F-LeaderElection221] INFO  segmented.SegmentedRaftLogWorker (SegmentedRaftLogWorker.java:startLogSegment(385)) - 3eba0ff5-def1-46c6-a9bd-a10bbd02f1ce@group-95F4CB89DD8F-SegmentedRaftLogWorker: Starting segment from index:0
2019-11-15 21:51:33,402 [3eba0ff5-def1-46c6-a9bd-a10bbd02f1ce@group-95F4CB89DD8F-LeaderElection221] INFO  impl.RaftServerImpl (ServerState.java:setRaftConf(356)) - 3eba0ff5-def1-46c6-a9bd-a10bbd02f1ce@group-95F4CB89DD8F: set configuration 0: [3eba0ff5-def1-46c6-a9bd-a10bbd02f1ce:192.168.164.223:32938], old=null at 0
2019-11-15 21:51:33,435 [Thread-4146] INFO  impl.FollowerState (FollowerState.java:run(111)) - 3ab85592-c721-41be-99a8-6d8df6ca420d@group-A70227FA7EAC-FollowerState: change to CANDIDATE, lastRpcTime:1062ms, electionTimeout:1041ms
2019-11-15 21:51:33,435 [Thread-4146] INFO  impl.RoleInfo (RoleInfo.java:shutdownFollowerState(121)) - 3ab85592-c721-41be-99a8-6d8df6ca420d: shutdown FollowerState
2019-11-15 21:51:33,435 [Thread-4146] INFO  impl.RaftServerImpl (RaftServerImpl.java:setRole(173)) - 3ab85592-c721-41be-99a8-6d8df6ca420d@group-A70227FA7EAC: changes role from  FOLLOWER to CANDIDATE at term 0 for changeToCandidate
2019-11-15 21:51:33,435 [Thread-4146] INFO  impl.RoleInfo (RoleInfo.java:updateAndGet(143)) - 3ab85592-c721-41be-99a8-6d8df6ca420d: start LeaderElection
2019-11-15 21:51:33,448 [3eba0ff5-def1-46c6-a9bd-a10bbd02f1ce@group-D2DDA09F38B3-SegmentedRaftLogWorker] INFO  segmented.SegmentedRaftLogWorker (SegmentedRaftLogWorker.java:execute(576)) - 3eba0ff5-def1-46c6-a9bd-a10bbd02f1ce@group-D2DDA09F38B3-SegmentedRaftLogWorker: created new log segment /workdir/hadoop-ozone/integration-test/target/test-dir/MiniOzoneClusterImpl-e150a234-18da-4756-b2e5-8eb09f38746c/datanode-8/data/ratis/2a1680dc-5ff9-4242-a5e0-d2dda09f38b3/current/log_inprogress_0
2019-11-15 21:51:33,448 [5e156848-495c-4d88-99d1-5a745ca90ed0@group-D2DDA09F38B3-SegmentedRaftLogWorker] INFO  segmented.SegmentedRaftLogWorker (SegmentedRaftLogWorker.java:execute(576)) - 5e156848-495c-4d88-99d1-5a745ca90ed0@group-D2DDA09F38B3-SegmentedRaftLogWorker: created new log segment /workdir/hadoop-ozone/integration-test/target/test-dir/MiniOzoneClusterImpl-e150a234-18da-4756-b2e5-8eb09f38746c/datanode-7/data/ratis/2a1680dc-5ff9-4242-a5e0-d2dda09f38b3/current/log_inprogress_0
2019-11-15 21:51:33,448 [3ab85592-c721-41be-99a8-6d8df6ca420d@group-A70227FA7EAC-LeaderElection222] INFO  impl.LeaderElection (LeaderElection.java:askForVotes(178)) - 3ab85592-c721-41be-99a8-6d8df6ca420d@group-A70227FA7EAC-LeaderElection222: begin an election at term 1 for -1: [3ab85592-c721-41be-99a8-6d8df6ca420d:192.168.164.223:38768, 3c01ffb1-b295-42d9-9874-9e0ba4053462:192.168.164.223:36934, 6fbcf556-c950-470a-b12c-d884793bba84:192.168.164.223:46779], old=null
2019-11-15 21:51:33,448 [3eba0ff5-def1-46c6-a9bd-a10bbd02f1ce@group-95F4CB89DD8F-SegmentedRaftLogWorker] INFO  segmented.SegmentedRaftLogWorker (SegmentedRaftLogWorker.java:execute(576)) - 3eba0ff5-def1-46c6-a9bd-a10bbd02f1ce@group-95F4CB89DD8F-SegmentedRaftLogWorker: created new log segment /workdir/hadoop-ozone/integration-test/target/test-dir/MiniOzoneClusterImpl-e150a234-18da-4756-b2e5-8eb09f38746c/datanode-8/data/ratis/1d71ddbf-ac6b-483f-9e16-95f4cb89dd8f/current/log_inprogress_0
2019-11-15 21:51:33,451 [grpc-default-executor-2] INFO  impl.RaftServerImpl (RaftServerImpl.java:setRole(173)) - 3c01ffb1-b295-42d9-9874-9e0ba4053462@group-A70227FA7EAC: changes role from  FOLLOWER to FOLLOWER at term 1 for recognizeCandidate:3ab85592-c721-41be-99a8-6d8df6ca420d
2019-11-15 21:51:33,451 [grpc-default-executor-2] INFO  impl.RoleInfo (RoleInfo.java:shutdownFollowerState(121)) - 3c01ffb1-b295-42d9-9874-9e0ba4053462: shutdown FollowerState
2019-11-15 21:51:33,451 [grpc-default-executor-6] INFO  impl.RaftServerImpl (RaftServerImpl.java:setRole(173)) - 6fbcf556-c950-470a-b12c-d884793bba84@group-A70227FA7EAC: changes role from  FOLLOWER to FOLLOWER at term 1 for recognizeCandidate:3ab85592-c721-41be-99a8-6d8df6ca420d
2019-11-15 21:51:33,451 [grpc-default-executor-2] INFO  impl.RoleInfo (RoleInfo.java:updateAndGet(143)) - 3c01ffb1-b295-42d9-9874-9e0ba4053462: start FollowerState
2019-11-15 21:51:33,451 [Thread-4151] INFO  impl.FollowerState (FollowerState.java:run(120)) - 3c01ffb1-b295-42d9-9874-9e0ba4053462@group-A70227FA7EAC-FollowerState was interrupted: java.lang.InterruptedException: sleep interrupted
2019-11-15 21:51:33,451 [grpc-default-executor-6] INFO  impl.RoleInfo (RoleInfo.java:shutdownFollowerState(121)) - 6fbcf556-c950-470a-b12c-d884793bba84: shutdown FollowerState
2019-11-15 21:51:33,452 [Thread-4150] INFO  impl.FollowerState (FollowerState.java:run(120)) - 6fbcf556-c950-470a-b12c-d884793bba84@group-A70227FA7EAC-FollowerState was interrupted: java.lang.InterruptedException: sleep interrupted
2019-11-15 21:51:33,452 [grpc-default-executor-6] INFO  impl.RoleInfo (RoleInfo.java:updateAndGet(143)) - 6fbcf556-c950-470a-b12c-d884793bba84: start FollowerState
2019-11-15 21:51:33,466 [3ab85592-c721-41be-99a8-6d8df6ca420d@group-A70227FA7EAC-LeaderElection222] INFO  impl.LeaderElection (LeaderElection.java:logAndReturn(56)) - 3ab85592-c721-41be-99a8-6d8df6ca420d@group-A70227FA7EAC-LeaderElection222: Election PASSED; received 1 response(s) [3ab85592-c721-41be-99a8-6d8df6ca420d<-3c01ffb1-b295-42d9-9874-9e0ba4053462#0:OK-t1] and 0 exception(s); 3ab85592-c721-41be-99a8-6d8df6ca420d@group-A70227FA7EAC:t1, leader=null, voted=3ab85592-c721-41be-99a8-6d8df6ca420d, raftlog=3ab85592-c721-41be-99a8-6d8df6ca420d@group-A70227FA7EAC-SegmentedRaftLog:OPENED:c-1,f-1,i0, conf=-1: [3ab85592-c721-41be-99a8-6d8df6ca420d:192.168.164.223:38768, 3c01ffb1-b295-42d9-9874-9e0ba4053462:192.168.164.223:36934, 6fbcf556-c950-470a-b12c-d884793bba84:192.168.164.223:46779], old=null
2019-11-15 21:51:33,466 [3ab85592-c721-41be-99a8-6d8df6ca420d@group-A70227FA7EAC-LeaderElection222] INFO  impl.RoleInfo (RoleInfo.java:shutdownLeaderElection(134)) - 3ab85592-c721-41be-99a8-6d8df6ca420d: shutdown LeaderElection
2019-11-15 21:51:33,466 [3ab85592-c721-41be-99a8-6d8df6ca420d@group-A70227FA7EAC-LeaderElection222] INFO  impl.RaftServerImpl (RaftServerImpl.java:setRole(173)) - 3ab85592-c721-41be-99a8-6d8df6ca420d@group-A70227FA7EAC: changes role from CANDIDATE to LEADER at term 1 for changeToLeader
2019-11-15 21:51:33,466 [3ab85592-c721-41be-99a8-6d8df6ca420d@group-A70227FA7EAC-LeaderElection222] INFO  ratis.XceiverServerRatis (XceiverServerRatis.java:handleLeaderChangedNotification(697)) - Leader change notification received for group: group-A70227FA7EAC with new leaderId: 3ab85592-c721-41be-99a8-6d8df6ca420d
2019-11-15 21:51:33,466 [3ab85592-c721-41be-99a8-6d8df6ca420d@group-A70227FA7EAC-LeaderElection222] INFO  impl.RaftServerImpl (ServerState.java:setLeader(255)) - 3ab85592-c721-41be-99a8-6d8df6ca420d@group-A70227FA7EAC: change Leader from null to 3ab85592-c721-41be-99a8-6d8df6ca420d at term 1 for becomeLeader, leader elected after 1099ms
2019-11-15 21:51:33,466 [3ab85592-c721-41be-99a8-6d8df6ca420d@group-A70227FA7EAC-LeaderElection222] INFO  server.RaftServerConfigKeys (ConfUtils.java:logGet(43)) - raft.server.staging.catchup.gap = 1000 (default)
2019-11-15 21:51:33,466 [3ab85592-c721-41be-99a8-6d8df6ca420d@group-A70227FA7EAC-LeaderElection222] INFO  server.RaftServerConfigKeys (ConfUtils.java:logGet(43)) - raft.server.rpc.sleep.time = 25ms (default)
2019-11-15 21:51:33,467 [3ab85592-c721-41be-99a8-6d8df6ca420d@group-A70227FA7EAC-LeaderElection222] INFO  server.RaftServerConfigKeys (ConfUtils.java:logGet(43)) - raft.server.write.element-limit = 4096 (default)
2019-11-15 21:51:33,467 [3ab85592-c721-41be-99a8-6d8df6ca420d@group-A70227FA7EAC-LeaderElection222] INFO  server.RaftServerConfigKeys (ConfUtils.java:logGet(43)) - raft.server.watch.timeout = 10s (default)
2019-11-15 21:51:33,467 [3ab85592-c721-41be-99a8-6d8df6ca420d@group-A70227FA7EAC-LeaderElection222] INFO  server.RaftServerConfigKeys (ConfUtils.java:logGet(43)) - raft.server.watch.timeout.denomination = 1s (default)
2019-11-15 21:51:33,467 [3ab85592-c721-41be-99a8-6d8df6ca420d@group-A70227FA7EAC-LeaderElection222] INFO  server.RaftServerConfigKeys (ConfUtils.java:logGet(43)) - raft.server.watch.element-limit = 65536 (default)
2019-11-15 21:51:33,467 [3ab85592-c721-41be-99a8-6d8df6ca420d@group-A70227FA7EAC-LeaderElection222] INFO  server.RaftServerConfigKeys (ConfUtils.java:logGet(43)) - raft.server.log.appender.snapshot.chunk.size.max = 16MB (=16777216) (default)
2019-11-15 21:51:33,467 [3ab85592-c721-41be-99a8-6d8df6ca420d@group-A70227FA7EAC-LeaderElection222] INFO  server.RaftServerConfigKeys (ConfUtils.java:logGet(43)) - raft.server.log.appender.buffer.byte-limit = 33554432 (custom)
2019-11-15 21:51:33,467 [EventQueue-PipelineReportForPipelineReportHandler] INFO  pipeline.PipelineStateManager (PipelineStateManager.java:openPipeline(134)) - Pipeline Pipeline[ Id: 22c108fd-44de-429c-b02b-a70227fa7eac, Nodes: 3c01ffb1-b295-42d9-9874-9e0ba4053462{ip: 192.168.164.223, host: pr-hdds-2493-5rwwl-1515842690, networkLocation: /rack1, certSerialId: null}3ab85592-c721-41be-99a8-6d8df6ca420d{ip: 192.168.164.223, host: pr-hdds-2493-5rwwl-1515842690, networkLocation: /rack1, certSerialId: null}6fbcf556-c950-470a-b12c-d884793bba84{ip: 192.168.164.223, host: pr-hdds-2493-5rwwl-1515842690, networkLocation: /rack1, certSerialId: null}, Type:RATIS, Factor:THREE, State:OPEN] moved to OPEN state
2019-11-15 21:51:33,467 [3ab85592-c721-41be-99a8-6d8df6ca420d@group-A70227FA7EAC-LeaderElection222] INFO  server.RaftServerConfigKeys (ConfUtils.java:logGet(43)) - raft.server.log.appender.buffer.element-limit = 1 (custom)
2019-11-15 21:51:33,467 [3ab85592-c721-41be-99a8-6d8df6ca420d@group-A70227FA7EAC-LeaderElection222] INFO  grpc.GrpcConfigKeys$Server (ConfUtils.java:logGet(43)) - raft.grpc.server.leader.outstanding.appends.max = 128 (default)
2019-11-15 21:51:33,468 [3ab85592-c721-41be-99a8-6d8df6ca420d@group-A70227FA7EAC-LeaderElection222] INFO  server.RaftServerConfigKeys (ConfUtils.java:logGet(43)) - raft.server.rpc.request.timeout = 3000ms (default)
2019-11-15 21:51:33,468 [3ab85592-c721-41be-99a8-6d8df6ca420d@group-A70227FA7EAC-LeaderElection222] INFO  server.RaftServerConfigKeys (ConfUtils.java:logGet(43)) - raft.server.log.appender.install.snapshot.enabled = false (custom)
2019-11-15 21:51:33,468 [3ab85592-c721-41be-99a8-6d8df6ca420d@group-A70227FA7EAC-LeaderElection222] WARN  impl.MetricRegistriesImpl (MetricRegistriesImpl.java:lambda$create$1(61)) - First MetricRegistry has been created without registering reporters. You may need to call MetricRegistries.global().addReportRegistration(...) before.
2019-11-15 21:51:33,468 [3ab85592-c721-41be-99a8-6d8df6ca420d@group-A70227FA7EAC-LeaderElection222] INFO  server.RaftServerConfigKeys (ConfUtils.java:logGet(43)) - raft.server.log.appender.snapshot.chunk.size.max = 16MB (=16777216) (default)
2019-11-15 21:51:33,468 [3ab85592-c721-41be-99a8-6d8df6ca420d@group-A70227FA7EAC-LeaderElection222] INFO  server.RaftServerConfigKeys (ConfUtils.java:logGet(43)) - raft.server.log.appender.buffer.byte-limit = 33554432 (custom)
2019-11-15 21:51:33,468 [3ab85592-c721-41be-99a8-6d8df6ca420d@group-A70227FA7EAC-LeaderElection222] INFO  server.RaftServerConfigKeys (ConfUtils.java:logGet(43)) - raft.server.log.appender.buffer.element-limit = 1 (custom)
2019-11-15 21:51:33,468 [3ab85592-c721-41be-99a8-6d8df6ca420d@group-A70227FA7EAC-LeaderElection222] INFO  grpc.GrpcConfigKeys$Server (ConfUtils.java:logGet(43)) - raft.grpc.server.leader.outstanding.appends.max = 128 (default)
2019-11-15 21:51:33,468 [3ab85592-c721-41be-99a8-6d8df6ca420d@group-A70227FA7EAC-LeaderElection222] INFO  server.RaftServerConfigKeys (ConfUtils.java:logGet(43)) - raft.server.rpc.request.timeout = 3000ms (default)
2019-11-15 21:51:33,468 [3ab85592-c721-41be-99a8-6d8df6ca420d@group-A70227FA7EAC-LeaderElection222] INFO  server.RaftServerConfigKeys (ConfUtils.java:logGet(43)) - raft.server.log.appender.install.snapshot.enabled = false (custom)
2019-11-15 21:51:33,469 [3ab85592-c721-41be-99a8-6d8df6ca420d@group-A70227FA7EAC-LeaderElection222] INFO  impl.RoleInfo (RoleInfo.java:updateAndGet(143)) - 3ab85592-c721-41be-99a8-6d8df6ca420d: start LeaderState
2019-11-15 21:51:33,469 [3ab85592-c721-41be-99a8-6d8df6ca420d@group-A70227FA7EAC-LeaderElection222] INFO  segmented.SegmentedRaftLogWorker (SegmentedRaftLogWorker.java:startLogSegment(385)) - 3ab85592-c721-41be-99a8-6d8df6ca420d@group-A70227FA7EAC-SegmentedRaftLogWorker: Starting segment from index:0
2019-11-15 21:51:33,469 [3ab85592-c721-41be-99a8-6d8df6ca420d@group-A70227FA7EAC-LeaderElection222] INFO  impl.RaftServerImpl (ServerState.java:setRaftConf(356)) - 3ab85592-c721-41be-99a8-6d8df6ca420d@group-A70227FA7EAC: set configuration 0: [3ab85592-c721-41be-99a8-6d8df6ca420d:192.168.164.223:38768, 3c01ffb1-b295-42d9-9874-9e0ba4053462:192.168.164.223:36934, 6fbcf556-c950-470a-b12c-d884793bba84:192.168.164.223:46779], old=null at 0
2019-11-15 21:51:33,500 [Thread-4156] INFO  impl.FollowerState (FollowerState.java:run(111)) - 81d95af4-28c6-42b2-8e7d-ef28ff90d39a@group-974367D23D9D-FollowerState: change to CANDIDATE, lastRpcTime:1096ms, electionTimeout:1096ms
2019-11-15 21:51:33,501 [Thread-4156] INFO  impl.RoleInfo (RoleInfo.java:shutdownFollowerState(121)) - 81d95af4-28c6-42b2-8e7d-ef28ff90d39a: shutdown FollowerState
2019-11-15 21:51:33,501 [Thread-4156] INFO  impl.RaftServerImpl (RaftServerImpl.java:setRole(173)) - 81d95af4-28c6-42b2-8e7d-ef28ff90d39a@group-974367D23D9D: changes role from  FOLLOWER to CANDIDATE at term 0 for changeToCandidate
2019-11-15 21:51:33,501 [Thread-4156] INFO  impl.RoleInfo (RoleInfo.java:updateAndGet(143)) - 81d95af4-28c6-42b2-8e7d-ef28ff90d39a: start LeaderElection
2019-11-15 21:51:33,503 [grpc-default-executor-2] INFO  ratis.XceiverServerRatis (XceiverServerRatis.java:handleLeaderChangedNotification(697)) - Leader change notification received for group: group-A70227FA7EAC with new leaderId: 3ab85592-c721-41be-99a8-6d8df6ca420d
2019-11-15 21:51:33,504 [grpc-default-executor-2] INFO  impl.RaftServerImpl (ServerState.java:setLeader(255)) - 6fbcf556-c950-470a-b12c-d884793bba84@group-A70227FA7EAC: change Leader from null to 3ab85592-c721-41be-99a8-6d8df6ca420d at term 1 for appendEntries, leader elected after 1136ms
2019-11-15 21:51:33,507 [grpc-default-executor-6] INFO  ratis.XceiverServerRatis (XceiverServerRatis.java:handleLeaderChangedNotification(697)) - Leader change notification received for group: group-A70227FA7EAC with new leaderId: 3ab85592-c721-41be-99a8-6d8df6ca420d
2019-11-15 21:51:33,507 [grpc-default-executor-6] INFO  impl.RaftServerImpl (ServerState.java:setLeader(255)) - 3c01ffb1-b295-42d9-9874-9e0ba4053462@group-A70227FA7EAC: change Leader from null to 3ab85592-c721-41be-99a8-6d8df6ca420d at term 1 for appendEntries, leader elected after 1140ms
2019-11-15 21:51:33,510 [grpc-default-executor-6] INFO  impl.RaftServerImpl (ServerState.java:setRaftConf(356)) - 3c01ffb1-b295-42d9-9874-9e0ba4053462@group-A70227FA7EAC: set configuration 0: [3ab85592-c721-41be-99a8-6d8df6ca420d:192.168.164.223:38768, 3c01ffb1-b295-42d9-9874-9e0ba4053462:192.168.164.223:36934, 6fbcf556-c950-470a-b12c-d884793bba84:192.168.164.223:46779], old=null at 0
2019-11-15 21:51:33,510 [grpc-default-executor-6] INFO  segmented.SegmentedRaftLogWorker (SegmentedRaftLogWorker.java:startLogSegment(385)) - 3c01ffb1-b295-42d9-9874-9e0ba4053462@group-A70227FA7EAC-SegmentedRaftLogWorker: Starting segment from index:0
2019-11-15 21:51:33,512 [grpc-default-executor-2] INFO  impl.RaftServerImpl (ServerState.java:setRaftConf(356)) - 6fbcf556-c950-470a-b12c-d884793bba84@group-A70227FA7EAC: set configuration 0: [3ab85592-c721-41be-99a8-6d8df6ca420d:192.168.164.223:38768, 3c01ffb1-b295-42d9-9874-9e0ba4053462:192.168.164.223:36934, 6fbcf556-c950-470a-b12c-d884793bba84:192.168.164.223:46779], old=null at 0
2019-11-15 21:51:33,512 [grpc-default-executor-2] INFO  segmented.SegmentedRaftLogWorker (SegmentedRaftLogWorker.java:startLogSegment(385)) - 6fbcf556-c950-470a-b12c-d884793bba84@group-A70227FA7EAC-SegmentedRaftLogWorker: Starting segment from index:0
2019-11-15 21:51:33,513 [3ab85592-c721-41be-99a8-6d8df6ca420d@group-A70227FA7EAC-SegmentedRaftLogWorker] INFO  segmented.SegmentedRaftLogWorker (SegmentedRaftLogWorker.java:execute(576)) - 3ab85592-c721-41be-99a8-6d8df6ca420d@group-A70227FA7EAC-SegmentedRaftLogWorker: created new log segment /workdir/hadoop-ozone/integration-test/target/test-dir/MiniOzoneClusterImpl-e150a234-18da-4756-b2e5-8eb09f38746c/datanode-0/data/ratis/22c108fd-44de-429c-b02b-a70227fa7eac/current/log_inprogress_0
2019-11-15 21:51:33,513 [81d95af4-28c6-42b2-8e7d-ef28ff90d39a@group-974367D23D9D-LeaderElection223] INFO  impl.LeaderElection (LeaderElection.java:askForVotes(178)) - 81d95af4-28c6-42b2-8e7d-ef28ff90d39a@group-974367D23D9D-LeaderElection223: begin an election at term 1 for -1: [81d95af4-28c6-42b2-8e7d-ef28ff90d39a:192.168.164.223:42674], old=null
2019-11-15 21:51:33,513 [81d95af4-28c6-42b2-8e7d-ef28ff90d39a@group-974367D23D9D-LeaderElection223] INFO  impl.RoleInfo (RoleInfo.java:shutdownLeaderElection(134)) - 81d95af4-28c6-42b2-8e7d-ef28ff90d39a: shutdown LeaderElection
2019-11-15 21:51:33,513 [81d95af4-28c6-42b2-8e7d-ef28ff90d39a@group-974367D23D9D-LeaderElection223] INFO  impl.RaftServerImpl (RaftServerImpl.java:setRole(173)) - 81d95af4-28c6-42b2-8e7d-ef28ff90d39a@group-974367D23D9D: changes role from CANDIDATE to LEADER at term 1 for changeToLeader
2019-11-15 21:51:33,513 [81d95af4-28c6-42b2-8e7d-ef28ff90d39a@group-974367D23D9D-LeaderElection223] INFO  ratis.XceiverServerRatis (XceiverServerRatis.java:handleLeaderChangedNotification(697)) - Leader change notification received for group: group-974367D23D9D with new leaderId: 81d95af4-28c6-42b2-8e7d-ef28ff90d39a
2019-11-15 21:51:33,513 [81d95af4-28c6-42b2-8e7d-ef28ff90d39a@group-974367D23D9D-LeaderElection223] INFO  impl.RaftServerImpl (ServerState.java:setLeader(255)) - 81d95af4-28c6-42b2-8e7d-ef28ff90d39a@group-974367D23D9D: change Leader from null to 81d95af4-28c6-42b2-8e7d-ef28ff90d39a at term 1 for becomeLeader, leader elected after 1111ms
2019-11-15 21:51:33,513 [81d95af4-28c6-42b2-8e7d-ef28ff90d39a@group-974367D23D9D-LeaderElection223] INFO  server.RaftServerConfigKeys (ConfUtils.java:logGet(43)) - raft.server.staging.catchup.gap = 1000 (default)
2019-11-15 21:51:33,513 [81d95af4-28c6-42b2-8e7d-ef28ff90d39a@group-974367D23D9D-LeaderElection223] INFO  server.RaftServerConfigKeys (ConfUtils.java:logGet(43)) - raft.server.rpc.sleep.time = 25ms (default)
2019-11-15 21:51:33,514 [81d95af4-28c6-42b2-8e7d-ef28ff90d39a@group-974367D23D9D-LeaderElection223] INFO  server.RaftServerConfigKeys (ConfUtils.java:logGet(43)) - raft.server.write.element-limit = 4096 (default)
2019-11-15 21:51:33,514 [81d95af4-28c6-42b2-8e7d-ef28ff90d39a@group-974367D23D9D-LeaderElection223] INFO  server.RaftServerConfigKeys (ConfUtils.java:logGet(43)) - raft.server.watch.timeout = 10s (default)
2019-11-15 21:51:33,514 [81d95af4-28c6-42b2-8e7d-ef28ff90d39a@group-974367D23D9D-LeaderElection223] INFO  server.RaftServerConfigKeys (ConfUtils.java:logGet(43)) - raft.server.watch.timeout.denomination = 1s (default)
2019-11-15 21:51:33,514 [81d95af4-28c6-42b2-8e7d-ef28ff90d39a@group-974367D23D9D-LeaderElection223] INFO  server.RaftServerConfigKeys (ConfUtils.java:logGet(43)) - raft.server.watch.element-limit = 65536 (default)
2019-11-15 21:51:33,514 [81d95af4-28c6-42b2-8e7d-ef28ff90d39a@group-974367D23D9D-LeaderElection223] INFO  impl.RoleInfo (RoleInfo.java:updateAndGet(143)) - 81d95af4-28c6-42b2-8e7d-ef28ff90d39a: start LeaderState
2019-11-15 21:51:33,514 [81d95af4-28c6-42b2-8e7d-ef28ff90d39a@group-974367D23D9D-LeaderElection223] INFO  segmented.SegmentedRaftLogWorker (SegmentedRaftLogWorker.java:startLogSegment(385)) - 81d95af4-28c6-42b2-8e7d-ef28ff90d39a@group-974367D23D9D-SegmentedRaftLogWorker: Starting segment from index:0
2019-11-15 21:51:33,514 [81d95af4-28c6-42b2-8e7d-ef28ff90d39a@group-974367D23D9D-LeaderElection223] INFO  impl.RaftServerImpl (ServerState.java:setRaftConf(356)) - 81d95af4-28c6-42b2-8e7d-ef28ff90d39a@group-974367D23D9D: set configuration 0: [81d95af4-28c6-42b2-8e7d-ef28ff90d39a:192.168.164.223:42674], old=null at 0
2019-11-15 21:51:33,514 [EventQueue-PipelineReportForPipelineReportHandler] INFO  pipeline.PipelineStateManager (PipelineStateManager.java:openPipeline(134)) - Pipeline Pipeline[ Id: 91c1790a-f0ff-4b33-8dae-974367d23d9d, Nodes: 81d95af4-28c6-42b2-8e7d-ef28ff90d39a{ip: 192.168.164.223, host: pr-hdds-2493-5rwwl-1515842690, networkLocation: /rack1, certSerialId: null}, Type:RATIS, Factor:ONE, State:OPEN] moved to OPEN state
2019-11-15 21:51:33,549 [Thread-4171] INFO  impl.FollowerState (FollowerState.java:run(111)) - 81d95af4-28c6-42b2-8e7d-ef28ff90d39a@group-9378708D725D-FollowerState: change to CANDIDATE, lastRpcTime:1011ms, electionTimeout:1011ms
2019-11-15 21:51:33,549 [Thread-4171] INFO  impl.RoleInfo (RoleInfo.java:shutdownFollowerState(121)) - 81d95af4-28c6-42b2-8e7d-ef28ff90d39a: shutdown FollowerState
2019-11-15 21:51:33,549 [Thread-4171] INFO  impl.RaftServerImpl (RaftServerImpl.java:setRole(173)) - 81d95af4-28c6-42b2-8e7d-ef28ff90d39a@group-9378708D725D: changes role from  FOLLOWER to CANDIDATE at term 0 for changeToCandidate
2019-11-15 21:51:33,549 [Thread-4171] INFO  impl.RoleInfo (RoleInfo.java:updateAndGet(143)) - 81d95af4-28c6-42b2-8e7d-ef28ff90d39a: start LeaderElection
2019-11-15 21:51:33,576 [3c01ffb1-b295-42d9-9874-9e0ba4053462@group-A70227FA7EAC-SegmentedRaftLogWorker] INFO  segmented.SegmentedRaftLogWorker (SegmentedRaftLogWorker.java:execute(576)) - 3c01ffb1-b295-42d9-9874-9e0ba4053462@group-A70227FA7EAC-SegmentedRaftLogWorker: created new log segment /workdir/hadoop-ozone/integration-test/target/test-dir/MiniOzoneClusterImpl-e150a234-18da-4756-b2e5-8eb09f38746c/datanode-2/data/ratis/22c108fd-44de-429c-b02b-a70227fa7eac/current/log_inprogress_0
2019-11-15 21:51:33,576 [6fbcf556-c950-470a-b12c-d884793bba84@group-A70227FA7EAC-SegmentedRaftLogWorker] INFO  segmented.SegmentedRaftLogWorker (SegmentedRaftLogWorker.java:execute(576)) - 6fbcf556-c950-470a-b12c-d884793bba84@group-A70227FA7EAC-SegmentedRaftLogWorker: created new log segment /workdir/hadoop-ozone/integration-test/target/test-dir/MiniOzoneClusterImpl-e150a234-18da-4756-b2e5-8eb09f38746c/datanode-1/data/ratis/22c108fd-44de-429c-b02b-a70227fa7eac/current/log_inprogress_0
2019-11-15 21:51:33,576 [Thread-4160] INFO  impl.FollowerState (FollowerState.java:run(111)) - 6fbcf556-c950-470a-b12c-d884793bba84@group-7F8591C4C54F-FollowerState: change to CANDIDATE, lastRpcTime:1125ms, electionTimeout:1105ms
2019-11-15 21:51:33,577 [Thread-4160] INFO  impl.RoleInfo (RoleInfo.java:shutdownFollowerState(121)) - 6fbcf556-c950-470a-b12c-d884793bba84: shutdown FollowerState
2019-11-15 21:51:33,577 [Thread-4160] INFO  impl.RaftServerImpl (RaftServerImpl.java:setRole(173)) - 6fbcf556-c950-470a-b12c-d884793bba84@group-7F8591C4C54F: changes role from  FOLLOWER to CANDIDATE at term 0 for changeToCandidate
2019-11-15 21:51:33,577 [Thread-4160] INFO  impl.RoleInfo (RoleInfo.java:updateAndGet(143)) - 6fbcf556-c950-470a-b12c-d884793bba84: start LeaderElection
2019-11-15 21:51:33,589 [Thread-4176] INFO  impl.FollowerState (FollowerState.java:run(111)) - cd688886-394b-4fb5-85cc-1eab6f176edb@group-724E36361A02-FollowerState: change to CANDIDATE, lastRpcTime:1004ms, electionTimeout:1004ms
2019-11-15 21:51:33,589 [Thread-4176] INFO  impl.RoleInfo (RoleInfo.java:shutdownFollowerState(121)) - cd688886-394b-4fb5-85cc-1eab6f176edb: shutdown FollowerState
2019-11-15 21:51:33,589 [Thread-4176] INFO  impl.RaftServerImpl (RaftServerImpl.java:setRole(173)) - cd688886-394b-4fb5-85cc-1eab6f176edb@group-724E36361A02: changes role from  FOLLOWER to CANDIDATE at term 0 for changeToCandidate
2019-11-15 21:51:33,589 [81d95af4-28c6-42b2-8e7d-ef28ff90d39a@group-974367D23D9D-SegmentedRaftLogWorker] INFO  segmented.SegmentedRaftLogWorker (SegmentedRaftLogWorker.java:execute(576)) - 81d95af4-28c6-42b2-8e7d-ef28ff90d39a@group-974367D23D9D-SegmentedRaftLogWorker: created new log segment /workdir/hadoop-ozone/integration-test/target/test-dir/MiniOzoneClusterImpl-e150a234-18da-4756-b2e5-8eb09f38746c/datanode-5/data/ratis/91c1790a-f0ff-4b33-8dae-974367d23d9d/current/log_inprogress_0
2019-11-15 21:51:33,589 [81d95af4-28c6-42b2-8e7d-ef28ff90d39a@group-9378708D725D-LeaderElection224] INFO  impl.LeaderElection (LeaderElection.java:askForVotes(178)) - 81d95af4-28c6-42b2-8e7d-ef28ff90d39a@group-9378708D725D-LeaderElection224: begin an election at term 1 for -1: [81d95af4-28c6-42b2-8e7d-ef28ff90d39a:192.168.164.223:42674, dfb71ea8-5a43-4574-802a-eb8470866674:192.168.164.223:45914, 25a1269d-d7cc-4acf-80e8-5992809da5ba:192.168.164.223:46315], old=null
2019-11-15 21:51:33,589 [Thread-4176] INFO  impl.RoleInfo (RoleInfo.java:updateAndGet(143)) - cd688886-394b-4fb5-85cc-1eab6f176edb: start LeaderElection
2019-11-15 21:51:33,589 [6fbcf556-c950-470a-b12c-d884793bba84@group-7F8591C4C54F-LeaderElection225] INFO  impl.LeaderElection (LeaderElection.java:askForVotes(178)) - 6fbcf556-c950-470a-b12c-d884793bba84@group-7F8591C4C54F-LeaderElection225: begin an election at term 1 for -1: [6fbcf556-c950-470a-b12c-d884793bba84:192.168.164.223:46779], old=null
2019-11-15 21:51:33,590 [6fbcf556-c950-470a-b12c-d884793bba84@group-7F8591C4C54F-LeaderElection225] INFO  impl.RoleInfo (RoleInfo.java:shutdownLeaderElection(134)) - 6fbcf556-c950-470a-b12c-d884793bba84: shutdown LeaderElection
2019-11-15 21:51:33,590 [6fbcf556-c950-470a-b12c-d884793bba84@group-7F8591C4C54F-LeaderElection225] INFO  impl.RaftServerImpl (RaftServerImpl.java:setRole(173)) - 6fbcf556-c950-470a-b12c-d884793bba84@group-7F8591C4C54F: changes role from CANDIDATE to LEADER at term 1 for changeToLeader
2019-11-15 21:51:33,590 [6fbcf556-c950-470a-b12c-d884793bba84@group-7F8591C4C54F-LeaderElection225] INFO  ratis.XceiverServerRatis (XceiverServerRatis.java:handleLeaderChangedNotification(697)) - Leader change notification received for group: group-7F8591C4C54F with new leaderId: 6fbcf556-c950-470a-b12c-d884793bba84
2019-11-15 21:51:33,593 [6fbcf556-c950-470a-b12c-d884793bba84@group-7F8591C4C54F-LeaderElection225] INFO  impl.RaftServerImpl (ServerState.java:setLeader(255)) - 6fbcf556-c950-470a-b12c-d884793bba84@group-7F8591C4C54F: change Leader from null to 6fbcf556-c950-470a-b12c-d884793bba84 at term 1 for becomeLeader, leader elected after 1140ms
2019-11-15 21:51:33,593 [6fbcf556-c950-470a-b12c-d884793bba84@group-7F8591C4C54F-LeaderElection225] INFO  server.RaftServerConfigKeys (ConfUtils.java:logGet(43)) - raft.server.staging.catchup.gap = 1000 (default)
2019-11-15 21:51:33,593 [6fbcf556-c950-470a-b12c-d884793bba84@group-7F8591C4C54F-LeaderElection225] INFO  server.RaftServerConfigKeys (ConfUtils.java:logGet(43)) - raft.server.rpc.sleep.time = 25ms (default)
2019-11-15 21:51:33,593 [6fbcf556-c950-470a-b12c-d884793bba84@group-7F8591C4C54F-LeaderElection225] INFO  server.RaftServerConfigKeys (ConfUtils.java:logGet(43)) - raft.server.write.element-limit = 4096 (default)
2019-11-15 21:51:33,593 [6fbcf556-c950-470a-b12c-d884793bba84@group-7F8591C4C54F-LeaderElection225] INFO  server.RaftServerConfigKeys (ConfUtils.java:logGet(43)) - raft.server.watch.timeout = 10s (default)
2019-11-15 21:51:33,593 [6fbcf556-c950-470a-b12c-d884793bba84@group-7F8591C4C54F-LeaderElection225] INFO  server.RaftServerConfigKeys (ConfUtils.java:logGet(43)) - raft.server.watch.timeout.denomination = 1s (default)
2019-11-15 21:51:33,593 [6fbcf556-c950-470a-b12c-d884793bba84@group-7F8591C4C54F-LeaderElection225] INFO  server.RaftServerConfigKeys (ConfUtils.java:logGet(43)) - raft.server.watch.element-limit = 65536 (default)
2019-11-15 21:51:33,593 [6fbcf556-c950-470a-b12c-d884793bba84@group-7F8591C4C54F-LeaderElection225] INFO  impl.RoleInfo (RoleInfo.java:updateAndGet(143)) - 6fbcf556-c950-470a-b12c-d884793bba84: start LeaderState
2019-11-15 21:51:33,594 [6fbcf556-c950-470a-b12c-d884793bba84@group-7F8591C4C54F-LeaderElection225] INFO  segmented.SegmentedRaftLogWorker (SegmentedRaftLogWorker.java:startLogSegment(385)) - 6fbcf556-c950-470a-b12c-d884793bba84@group-7F8591C4C54F-SegmentedRaftLogWorker: Starting segment from index:0
2019-11-15 21:51:33,594 [grpc-default-executor-6] INFO  impl.RaftServerImpl (RaftServerImpl.java:setRole(173)) - dfb71ea8-5a43-4574-802a-eb8470866674@group-9378708D725D: changes role from  FOLLOWER to FOLLOWER at term 1 for recognizeCandidate:81d95af4-28c6-42b2-8e7d-ef28ff90d39a
2019-11-15 21:51:33,594 [6fbcf556-c950-470a-b12c-d884793bba84@group-7F8591C4C54F-LeaderElection225] INFO  impl.RaftServerImpl (ServerState.java:setRaftConf(356)) - 6fbcf556-c950-470a-b12c-d884793bba84@group-7F8591C4C54F: set configuration 0: [6fbcf556-c950-470a-b12c-d884793bba84:192.168.164.223:46779], old=null at 0
2019-11-15 21:51:33,594 [EventQueue-PipelineReportForPipelineReportHandler] INFO  pipeline.PipelineStateManager (PipelineStateManager.java:openPipeline(134)) - Pipeline Pipeline[ Id: 31afcfe8-0438-464c-92a9-7f8591c4c54f, Nodes: 6fbcf556-c950-470a-b12c-d884793bba84{ip: 192.168.164.223, host: pr-hdds-2493-5rwwl-1515842690, networkLocation: /rack1, certSerialId: null}, Type:RATIS, Factor:ONE, State:OPEN] moved to OPEN state
2019-11-15 21:51:33,594 [grpc-default-executor-2] INFO  impl.RaftServerImpl (RaftServerImpl.java:setRole(173)) - 25a1269d-d7cc-4acf-80e8-5992809da5ba@group-9378708D725D: changes role from  FOLLOWER to FOLLOWER at term 1 for recognizeCandidate:81d95af4-28c6-42b2-8e7d-ef28ff90d39a
2019-11-15 21:51:33,620 [cd688886-394b-4fb5-85cc-1eab6f176edb@group-724E36361A02-LeaderElection226] INFO  impl.LeaderElection (LeaderElection.java:askForVotes(178)) - cd688886-394b-4fb5-85cc-1eab6f176edb@group-724E36361A02-LeaderElection226: begin an election at term 1 for -1: [cd688886-394b-4fb5-85cc-1eab6f176edb:192.168.164.223:33574], old=null
2019-11-15 21:51:33,594 [grpc-default-executor-6] INFO  impl.RoleInfo (RoleInfo.java:shutdownFollowerState(121)) - dfb71ea8-5a43-4574-802a-eb8470866674: shutdown FollowerState
2019-11-15 21:51:33,621 [cd688886-394b-4fb5-85cc-1eab6f176edb@group-724E36361A02-LeaderElection226] INFO  impl.RoleInfo (RoleInfo.java:shutdownLeaderElection(134)) - cd688886-394b-4fb5-85cc-1eab6f176edb: shutdown LeaderElection
2019-11-15 21:51:33,621 [grpc-default-executor-2] INFO  impl.RoleInfo (RoleInfo.java:shutdownFollowerState(121)) - 25a1269d-d7cc-4acf-80e8-5992809da5ba: shutdown FollowerState
2019-11-15 21:51:33,621 [cd688886-394b-4fb5-85cc-1eab6f176edb@group-724E36361A02-LeaderElection226] INFO  impl.RaftServerImpl (RaftServerImpl.java:setRole(173)) - cd688886-394b-4fb5-85cc-1eab6f176edb@group-724E36361A02: changes role from CANDIDATE to LEADER at term 1 for changeToLeader
2019-11-15 21:51:33,621 [cd688886-394b-4fb5-85cc-1eab6f176edb@group-724E36361A02-LeaderElection226] INFO  ratis.XceiverServerRatis (XceiverServerRatis.java:handleLeaderChangedNotification(697)) - Leader change notification received for group: group-724E36361A02 with new leaderId: cd688886-394b-4fb5-85cc-1eab6f176edb
2019-11-15 21:51:33,621 [grpc-default-executor-6] INFO  impl.RoleInfo (RoleInfo.java:updateAndGet(143)) - dfb71ea8-5a43-4574-802a-eb8470866674: start FollowerState
2019-11-15 21:51:33,621 [Thread-4166] INFO  impl.FollowerState (FollowerState.java:run(120)) - dfb71ea8-5a43-4574-802a-eb8470866674@group-9378708D725D-FollowerState was interrupted: java.lang.InterruptedException: sleep interrupted
2019-11-15 21:51:33,623 [cd688886-394b-4fb5-85cc-1eab6f176edb@group-724E36361A02-LeaderElection226] INFO  impl.RaftServerImpl (ServerState.java:setLeader(255)) - cd688886-394b-4fb5-85cc-1eab6f176edb@group-724E36361A02: change Leader from null to cd688886-394b-4fb5-85cc-1eab6f176edb at term 1 for becomeLeader, leader elected after 1039ms
2019-11-15 21:51:33,621 [Thread-4170] INFO  impl.FollowerState (FollowerState.java:run(120)) - 25a1269d-d7cc-4acf-80e8-5992809da5ba@group-9378708D725D-FollowerState was interrupted: java.lang.InterruptedException: sleep interrupted
2019-11-15 21:51:33,621 [grpc-default-executor-2] INFO  impl.RoleInfo (RoleInfo.java:updateAndGet(143)) - 25a1269d-d7cc-4acf-80e8-5992809da5ba: start FollowerState
2019-11-15 21:51:33,623 [cd688886-394b-4fb5-85cc-1eab6f176edb@group-724E36361A02-LeaderElection226] INFO  server.RaftServerConfigKeys (ConfUtils.java:logGet(43)) - raft.server.staging.catchup.gap = 1000 (default)
2019-11-15 21:51:33,624 [EventQueue-PipelineReportForPipelineReportHandler] INFO  pipeline.PipelineStateManager (PipelineStateManager.java:openPipeline(134)) - Pipeline Pipeline[ Id: c0e7aa7e-e695-46c3-96b5-724e36361a02, Nodes: cd688886-394b-4fb5-85cc-1eab6f176edb{ip: 192.168.164.223, host: pr-hdds-2493-5rwwl-1515842690, networkLocation: /rack1, certSerialId: null}, Type:RATIS, Factor:ONE, State:OPEN] moved to OPEN state
2019-11-15 21:51:33,624 [cd688886-394b-4fb5-85cc-1eab6f176edb@group-724E36361A02-LeaderElection226] INFO  server.RaftServerConfigKeys (ConfUtils.java:logGet(43)) - raft.server.rpc.sleep.time = 25ms (default)
2019-11-15 21:51:33,624 [cd688886-394b-4fb5-85cc-1eab6f176edb@group-724E36361A02-LeaderElection226] INFO  server.RaftServerConfigKeys (ConfUtils.java:logGet(43)) - raft.server.write.element-limit = 4096 (default)
2019-11-15 21:51:33,624 [cd688886-394b-4fb5-85cc-1eab6f176edb@group-724E36361A02-LeaderElection226] INFO  server.RaftServerConfigKeys (ConfUtils.java:logGet(43)) - raft.server.watch.timeout = 10s (default)
2019-11-15 21:51:33,624 [cd688886-394b-4fb5-85cc-1eab6f176edb@group-724E36361A02-LeaderElection226] INFO  server.RaftServerConfigKeys (ConfUtils.java:logGet(43)) - raft.server.watch.timeout.denomination = 1s (default)
2019-11-15 21:51:33,624 [cd688886-394b-4fb5-85cc-1eab6f176edb@group-724E36361A02-LeaderElection226] INFO  server.RaftServerConfigKeys (ConfUtils.java:logGet(43)) - raft.server.watch.element-limit = 65536 (default)
2019-11-15 21:51:33,624 [cd688886-394b-4fb5-85cc-1eab6f176edb@group-724E36361A02-LeaderElection226] INFO  impl.RoleInfo (RoleInfo.java:updateAndGet(143)) - cd688886-394b-4fb5-85cc-1eab6f176edb: start LeaderState
2019-11-15 21:51:33,625 [cd688886-394b-4fb5-85cc-1eab6f176edb@group-724E36361A02-LeaderElection226] INFO  segmented.SegmentedRaftLogWorker (SegmentedRaftLogWorker.java:startLogSegment(385)) - cd688886-394b-4fb5-85cc-1eab6f176edb@group-724E36361A02-SegmentedRaftLogWorker: Starting segment from index:0
2019-11-15 21:51:33,625 [cd688886-394b-4fb5-85cc-1eab6f176edb@group-724E36361A02-LeaderElection226] INFO  impl.RaftServerImpl (ServerState.java:setRaftConf(356)) - cd688886-394b-4fb5-85cc-1eab6f176edb@group-724E36361A02: set configuration 0: [cd688886-394b-4fb5-85cc-1eab6f176edb:192.168.164.223:33574], old=null at 0
2019-11-15 21:51:33,654 [6fbcf556-c950-470a-b12c-d884793bba84@group-7F8591C4C54F-SegmentedRaftLogWorker] INFO  segmented.SegmentedRaftLogWorker (SegmentedRaftLogWorker.java:execute(576)) - 6fbcf556-c950-470a-b12c-d884793bba84@group-7F8591C4C54F-SegmentedRaftLogWorker: created new log segment /workdir/hadoop-ozone/integration-test/target/test-dir/MiniOzoneClusterImpl-e150a234-18da-4756-b2e5-8eb09f38746c/datanode-1/data/ratis/31afcfe8-0438-464c-92a9-7f8591c4c54f/current/log_inprogress_0
2019-11-15 21:51:33,655 [81d95af4-28c6-42b2-8e7d-ef28ff90d39a@group-9378708D725D-LeaderElection224] INFO  impl.LeaderElection (LeaderElection.java:logAndReturn(56)) - 81d95af4-28c6-42b2-8e7d-ef28ff90d39a@group-9378708D725D-LeaderElection224: Election PASSED; received 1 response(s) [81d95af4-28c6-42b2-8e7d-ef28ff90d39a<-25a1269d-d7cc-4acf-80e8-5992809da5ba#0:OK-t1] and 0 exception(s); 81d95af4-28c6-42b2-8e7d-ef28ff90d39a@group-9378708D725D:t1, leader=null, voted=81d95af4-28c6-42b2-8e7d-ef28ff90d39a, raftlog=81d95af4-28c6-42b2-8e7d-ef28ff90d39a@group-9378708D725D-SegmentedRaftLog:OPENED:c-1,f-1,i0, conf=-1: [81d95af4-28c6-42b2-8e7d-ef28ff90d39a:192.168.164.223:42674, dfb71ea8-5a43-4574-802a-eb8470866674:192.168.164.223:45914, 25a1269d-d7cc-4acf-80e8-5992809da5ba:192.168.164.223:46315], old=null
2019-11-15 21:51:33,655 [81d95af4-28c6-42b2-8e7d-ef28ff90d39a@group-9378708D725D-LeaderElection224] INFO  impl.RoleInfo (RoleInfo.java:shutdownLeaderElection(134)) - 81d95af4-28c6-42b2-8e7d-ef28ff90d39a: shutdown LeaderElection
2019-11-15 21:51:33,655 [81d95af4-28c6-42b2-8e7d-ef28ff90d39a@group-9378708D725D-LeaderElection224] INFO  impl.RaftServerImpl (RaftServerImpl.java:setRole(173)) - 81d95af4-28c6-42b2-8e7d-ef28ff90d39a@group-9378708D725D: changes role from CANDIDATE to LEADER at term 1 for changeToLeader
2019-11-15 21:51:33,656 [81d95af4-28c6-42b2-8e7d-ef28ff90d39a@group-9378708D725D-LeaderElection224] INFO  ratis.XceiverServerRatis (XceiverServerRatis.java:handleLeaderChangedNotification(697)) - Leader change notification received for group: group-9378708D725D with new leaderId: 81d95af4-28c6-42b2-8e7d-ef28ff90d39a
2019-11-15 21:51:33,656 [81d95af4-28c6-42b2-8e7d-ef28ff90d39a@group-9378708D725D-LeaderElection224] INFO  impl.RaftServerImpl (ServerState.java:setLeader(255)) - 81d95af4-28c6-42b2-8e7d-ef28ff90d39a@group-9378708D725D: change Leader from null to 81d95af4-28c6-42b2-8e7d-ef28ff90d39a at term 1 for becomeLeader, leader elected after 1125ms
2019-11-15 21:51:33,656 [81d95af4-28c6-42b2-8e7d-ef28ff90d39a@group-9378708D725D-LeaderElection224] INFO  server.RaftServerConfigKeys (ConfUtils.java:logGet(43)) - raft.server.staging.catchup.gap = 1000 (default)
2019-11-15 21:51:33,656 [81d95af4-28c6-42b2-8e7d-ef28ff90d39a@group-9378708D725D-LeaderElection224] INFO  server.RaftServerConfigKeys (ConfUtils.java:logGet(43)) - raft.server.rpc.sleep.time = 25ms (default)
2019-11-15 21:51:33,656 [81d95af4-28c6-42b2-8e7d-ef28ff90d39a@group-9378708D725D-LeaderElection224] INFO  server.RaftServerConfigKeys (ConfUtils.java:logGet(43)) - raft.server.write.element-limit = 4096 (default)
2019-11-15 21:51:33,657 [81d95af4-28c6-42b2-8e7d-ef28ff90d39a@group-9378708D725D-LeaderElection224] INFO  server.RaftServerConfigKeys (ConfUtils.java:logGet(43)) - raft.server.watch.timeout = 10s (default)
2019-11-15 21:51:33,657 [EventQueue-PipelineReportForPipelineReportHandler] INFO  pipeline.PipelineStateManager (PipelineStateManager.java:openPipeline(134)) - Pipeline Pipeline[ Id: d48de760-69db-4157-9478-9378708d725d, Nodes: 25a1269d-d7cc-4acf-80e8-5992809da5ba{ip: 192.168.164.223, host: pr-hdds-2493-5rwwl-1515842690, networkLocation: /rack1, certSerialId: null}dfb71ea8-5a43-4574-802a-eb8470866674{ip: 192.168.164.223, host: pr-hdds-2493-5rwwl-1515842690, networkLocation: /rack1, certSerialId: null}81d95af4-28c6-42b2-8e7d-ef28ff90d39a{ip: 192.168.164.223, host: pr-hdds-2493-5rwwl-1515842690, networkLocation: /rack1, certSerialId: null}, Type:RATIS, Factor:THREE, State:OPEN] moved to OPEN state
2019-11-15 21:51:33,657 [81d95af4-28c6-42b2-8e7d-ef28ff90d39a@group-9378708D725D-LeaderElection224] INFO  server.RaftServerConfigKeys (ConfUtils.java:logGet(43)) - raft.server.watch.timeout.denomination = 1s (default)
2019-11-15 21:51:33,657 [81d95af4-28c6-42b2-8e7d-ef28ff90d39a@group-9378708D725D-LeaderElection224] INFO  server.RaftServerConfigKeys (ConfUtils.java:logGet(43)) - raft.server.watch.element-limit = 65536 (default)
2019-11-15 21:51:33,658 [81d95af4-28c6-42b2-8e7d-ef28ff90d39a@group-9378708D725D-LeaderElection224] INFO  server.RaftServerConfigKeys (ConfUtils.java:logGet(43)) - raft.server.log.appender.snapshot.chunk.size.max = 16MB (=16777216) (default)
2019-11-15 21:51:33,658 [81d95af4-28c6-42b2-8e7d-ef28ff90d39a@group-9378708D725D-LeaderElection224] INFO  server.RaftServerConfigKeys (ConfUtils.java:logGet(43)) - raft.server.log.appender.buffer.byte-limit = 33554432 (custom)
2019-11-15 21:51:33,658 [81d95af4-28c6-42b2-8e7d-ef28ff90d39a@group-9378708D725D-LeaderElection224] INFO  server.RaftServerConfigKeys (ConfUtils.java:logGet(43)) - raft.server.log.appender.buffer.element-limit = 1 (custom)
2019-11-15 21:51:33,658 [81d95af4-28c6-42b2-8e7d-ef28ff90d39a@group-9378708D725D-LeaderElection224] INFO  grpc.GrpcConfigKeys$Server (ConfUtils.java:logGet(43)) - raft.grpc.server.leader.outstanding.appends.max = 128 (default)
2019-11-15 21:51:33,659 [81d95af4-28c6-42b2-8e7d-ef28ff90d39a@group-9378708D725D-LeaderElection224] INFO  server.RaftServerConfigKeys (ConfUtils.java:logGet(43)) - raft.server.rpc.request.timeout = 3000ms (default)
2019-11-15 21:51:33,659 [81d95af4-28c6-42b2-8e7d-ef28ff90d39a@group-9378708D725D-LeaderElection224] INFO  server.RaftServerConfigKeys (ConfUtils.java:logGet(43)) - raft.server.log.appender.install.snapshot.enabled = false (custom)
2019-11-15 21:51:33,659 [81d95af4-28c6-42b2-8e7d-ef28ff90d39a@group-9378708D725D-LeaderElection224] WARN  impl.MetricRegistriesImpl (MetricRegistriesImpl.java:lambda$create$1(61)) - First MetricRegistry has been created without registering reporters. You may need to call MetricRegistries.global().addReportRegistration(...) before.
2019-11-15 21:51:33,659 [81d95af4-28c6-42b2-8e7d-ef28ff90d39a@group-9378708D725D-LeaderElection224] INFO  server.RaftServerConfigKeys (ConfUtils.java:logGet(43)) - raft.server.log.appender.snapshot.chunk.size.max = 16MB (=16777216) (default)
2019-11-15 21:51:33,660 [81d95af4-28c6-42b2-8e7d-ef28ff90d39a@group-9378708D725D-LeaderElection224] INFO  server.RaftServerConfigKeys (ConfUtils.java:logGet(43)) - raft.server.log.appender.buffer.byte-limit = 33554432 (custom)
2019-11-15 21:51:33,660 [81d95af4-28c6-42b2-8e7d-ef28ff90d39a@group-9378708D725D-LeaderElection224] INFO  server.RaftServerConfigKeys (ConfUtils.java:logGet(43)) - raft.server.log.appender.buffer.element-limit = 1 (custom)
2019-11-15 21:51:33,660 [81d95af4-28c6-42b2-8e7d-ef28ff90d39a@group-9378708D725D-LeaderElection224] INFO  grpc.GrpcConfigKeys$Server (ConfUtils.java:logGet(43)) - raft.grpc.server.leader.outstanding.appends.max = 128 (default)
2019-11-15 21:51:33,660 [81d95af4-28c6-42b2-8e7d-ef28ff90d39a@group-9378708D725D-LeaderElection224] INFO  server.RaftServerConfigKeys (ConfUtils.java:logGet(43)) - raft.server.rpc.request.timeout = 3000ms (default)
2019-11-15 21:51:33,661 [81d95af4-28c6-42b2-8e7d-ef28ff90d39a@group-9378708D725D-LeaderElection224] INFO  server.RaftServerConfigKeys (ConfUtils.java:logGet(43)) - raft.server.log.appender.install.snapshot.enabled = false (custom)
2019-11-15 21:51:33,661 [81d95af4-28c6-42b2-8e7d-ef28ff90d39a@group-9378708D725D-LeaderElection224] INFO  impl.RoleInfo (RoleInfo.java:updateAndGet(143)) - 81d95af4-28c6-42b2-8e7d-ef28ff90d39a: start LeaderState
2019-11-15 21:51:33,661 [81d95af4-28c6-42b2-8e7d-ef28ff90d39a@group-9378708D725D-LeaderElection224] INFO  segmented.SegmentedRaftLogWorker (SegmentedRaftLogWorker.java:startLogSegment(385)) - 81d95af4-28c6-42b2-8e7d-ef28ff90d39a@group-9378708D725D-SegmentedRaftLogWorker: Starting segment from index:0
2019-11-15 21:51:33,662 [81d95af4-28c6-42b2-8e7d-ef28ff90d39a@group-9378708D725D-LeaderElection224] INFO  impl.RaftServerImpl (ServerState.java:setRaftConf(356)) - 81d95af4-28c6-42b2-8e7d-ef28ff90d39a@group-9378708D725D: set configuration 0: [81d95af4-28c6-42b2-8e7d-ef28ff90d39a:192.168.164.223:42674, dfb71ea8-5a43-4574-802a-eb8470866674:192.168.164.223:45914, 25a1269d-d7cc-4acf-80e8-5992809da5ba:192.168.164.223:46315], old=null at 0
2019-11-15 21:51:33,698 [cd688886-394b-4fb5-85cc-1eab6f176edb@group-724E36361A02-SegmentedRaftLogWorker] INFO  segmented.SegmentedRaftLogWorker (SegmentedRaftLogWorker.java:execute(576)) - cd688886-394b-4fb5-85cc-1eab6f176edb@group-724E36361A02-SegmentedRaftLogWorker: created new log segment /workdir/hadoop-ozone/integration-test/target/test-dir/MiniOzoneClusterImpl-e150a234-18da-4756-b2e5-8eb09f38746c/datanode-9/data/ratis/c0e7aa7e-e695-46c3-96b5-724e36361a02/current/log_inprogress_0
2019-11-15 21:51:33,699 [grpc-default-executor-2] INFO  ratis.XceiverServerRatis (XceiverServerRatis.java:handleLeaderChangedNotification(697)) - Leader change notification received for group: group-9378708D725D with new leaderId: 81d95af4-28c6-42b2-8e7d-ef28ff90d39a
2019-11-15 21:51:33,701 [grpc-default-executor-4] INFO  ratis.XceiverServerRatis (XceiverServerRatis.java:handleLeaderChangedNotification(697)) - Leader change notification received for group: group-9378708D725D with new leaderId: 81d95af4-28c6-42b2-8e7d-ef28ff90d39a
2019-11-15 21:51:33,701 [grpc-default-executor-2] INFO  impl.RaftServerImpl (ServerState.java:setLeader(255)) - 25a1269d-d7cc-4acf-80e8-5992809da5ba@group-9378708D725D: change Leader from null to 81d95af4-28c6-42b2-8e7d-ef28ff90d39a at term 1 for appendEntries, leader elected after 1169ms
2019-11-15 21:51:33,702 [grpc-default-executor-4] INFO  impl.RaftServerImpl (ServerState.java:setLeader(255)) - dfb71ea8-5a43-4574-802a-eb8470866674@group-9378708D725D: change Leader from null to 81d95af4-28c6-42b2-8e7d-ef28ff90d39a at term 1 for appendEntries, leader elected after 1171ms
2019-11-15 21:51:33,711 [grpc-default-executor-4] INFO  impl.RaftServerImpl (ServerState.java:setRaftConf(356)) - dfb71ea8-5a43-4574-802a-eb8470866674@group-9378708D725D: set configuration 0: [81d95af4-28c6-42b2-8e7d-ef28ff90d39a:192.168.164.223:42674, dfb71ea8-5a43-4574-802a-eb8470866674:192.168.164.223:45914, 25a1269d-d7cc-4acf-80e8-5992809da5ba:192.168.164.223:46315], old=null at 0
2019-11-15 21:51:33,711 [81d95af4-28c6-42b2-8e7d-ef28ff90d39a@group-9378708D725D-SegmentedRaftLogWorker] INFO  segmented.SegmentedRaftLogWorker (SegmentedRaftLogWorker.java:execute(576)) - 81d95af4-28c6-42b2-8e7d-ef28ff90d39a@group-9378708D725D-SegmentedRaftLogWorker: created new log segment /workdir/hadoop-ozone/integration-test/target/test-dir/MiniOzoneClusterImpl-e150a234-18da-4756-b2e5-8eb09f38746c/datanode-5/data/ratis/d48de760-69db-4157-9478-9378708d725d/current/log_inprogress_0
2019-11-15 21:51:33,711 [grpc-default-executor-4] INFO  segmented.SegmentedRaftLogWorker (SegmentedRaftLogWorker.java:startLogSegment(385)) - dfb71ea8-5a43-4574-802a-eb8470866674@group-9378708D725D-SegmentedRaftLogWorker: Starting segment from index:0
2019-11-15 21:51:33,711 [grpc-default-executor-2] INFO  impl.RaftServerImpl (ServerState.java:setRaftConf(356)) - 25a1269d-d7cc-4acf-80e8-5992809da5ba@group-9378708D725D: set configuration 0: [81d95af4-28c6-42b2-8e7d-ef28ff90d39a:192.168.164.223:42674, dfb71ea8-5a43-4574-802a-eb8470866674:192.168.164.223:45914, 25a1269d-d7cc-4acf-80e8-5992809da5ba:192.168.164.223:46315], old=null at 0
2019-11-15 21:51:33,711 [grpc-default-executor-2] INFO  segmented.SegmentedRaftLogWorker (SegmentedRaftLogWorker.java:startLogSegment(385)) - 25a1269d-d7cc-4acf-80e8-5992809da5ba@group-9378708D725D-SegmentedRaftLogWorker: Starting segment from index:0
2019-11-15 21:51:33,754 [dfb71ea8-5a43-4574-802a-eb8470866674@group-9378708D725D-SegmentedRaftLogWorker] INFO  segmented.SegmentedRaftLogWorker (SegmentedRaftLogWorker.java:execute(576)) - dfb71ea8-5a43-4574-802a-eb8470866674@group-9378708D725D-SegmentedRaftLogWorker: created new log segment /workdir/hadoop-ozone/integration-test/target/test-dir/MiniOzoneClusterImpl-e150a234-18da-4756-b2e5-8eb09f38746c/datanode-4/data/ratis/d48de760-69db-4157-9478-9378708d725d/current/log_inprogress_0
2019-11-15 21:51:33,754 [25a1269d-d7cc-4acf-80e8-5992809da5ba@group-9378708D725D-SegmentedRaftLogWorker] INFO  segmented.SegmentedRaftLogWorker (SegmentedRaftLogWorker.java:execute(576)) - 25a1269d-d7cc-4acf-80e8-5992809da5ba@group-9378708D725D-SegmentedRaftLogWorker: created new log segment /workdir/hadoop-ozone/integration-test/target/test-dir/MiniOzoneClusterImpl-e150a234-18da-4756-b2e5-8eb09f38746c/datanode-3/data/ratis/d48de760-69db-4157-9478-9378708d725d/current/log_inprogress_0
2019-11-15 21:51:33,795 [Thread-4180] INFO  impl.FollowerState (FollowerState.java:run(111)) - 09667cd7-469d-4450-b7d6-bfa43032ac6a@group-E5FC80F7F3D6-FollowerState: change to CANDIDATE, lastRpcTime:1173ms, electionTimeout:1173ms
2019-11-15 21:51:33,795 [Thread-4180] INFO  impl.RoleInfo (RoleInfo.java:shutdownFollowerState(121)) - 09667cd7-469d-4450-b7d6-bfa43032ac6a: shutdown FollowerState
2019-11-15 21:51:33,795 [Thread-4180] INFO  impl.RaftServerImpl (RaftServerImpl.java:setRole(173)) - 09667cd7-469d-4450-b7d6-bfa43032ac6a@group-E5FC80F7F3D6: changes role from  FOLLOWER to CANDIDATE at term 0 for changeToCandidate
2019-11-15 21:51:33,795 [Thread-4180] INFO  impl.RoleInfo (RoleInfo.java:updateAndGet(143)) - 09667cd7-469d-4450-b7d6-bfa43032ac6a: start LeaderElection
2019-11-15 21:51:33,812 [09667cd7-469d-4450-b7d6-bfa43032ac6a@group-E5FC80F7F3D6-LeaderElection227] INFO  impl.LeaderElection (LeaderElection.java:askForVotes(178)) - 09667cd7-469d-4450-b7d6-bfa43032ac6a@group-E5FC80F7F3D6-LeaderElection227: begin an election at term 1 for -1: [09667cd7-469d-4450-b7d6-bfa43032ac6a:192.168.164.223:41749], old=null
2019-11-15 21:51:33,812 [09667cd7-469d-4450-b7d6-bfa43032ac6a@group-E5FC80F7F3D6-LeaderElection227] INFO  impl.RoleInfo (RoleInfo.java:shutdownLeaderElection(134)) - 09667cd7-469d-4450-b7d6-bfa43032ac6a: shutdown LeaderElection
2019-11-15 21:51:33,812 [09667cd7-469d-4450-b7d6-bfa43032ac6a@group-E5FC80F7F3D6-LeaderElection227] INFO  impl.RaftServerImpl (RaftServerImpl.java:setRole(173)) - 09667cd7-469d-4450-b7d6-bfa43032ac6a@group-E5FC80F7F3D6: changes role from CANDIDATE to LEADER at term 1 for changeToLeader
2019-11-15 21:51:33,812 [09667cd7-469d-4450-b7d6-bfa43032ac6a@group-E5FC80F7F3D6-LeaderElection227] INFO  ratis.XceiverServerRatis (XceiverServerRatis.java:handleLeaderChangedNotification(697)) - Leader change notification received for group: group-E5FC80F7F3D6 with new leaderId: 09667cd7-469d-4450-b7d6-bfa43032ac6a
2019-11-15 21:51:33,812 [09667cd7-469d-4450-b7d6-bfa43032ac6a@group-E5FC80F7F3D6-LeaderElection227] INFO  impl.RaftServerImpl (ServerState.java:setLeader(255)) - 09667cd7-469d-4450-b7d6-bfa43032ac6a@group-E5FC80F7F3D6: change Leader from null to 09667cd7-469d-4450-b7d6-bfa43032ac6a at term 1 for becomeLeader, leader elected after 1193ms
2019-11-15 21:51:33,812 [09667cd7-469d-4450-b7d6-bfa43032ac6a@group-E5FC80F7F3D6-LeaderElection227] INFO  server.RaftServerConfigKeys (ConfUtils.java:logGet(43)) - raft.server.staging.catchup.gap = 1000 (default)
2019-11-15 21:51:33,812 [09667cd7-469d-4450-b7d6-bfa43032ac6a@group-E5FC80F7F3D6-LeaderElection227] INFO  server.RaftServerConfigKeys (ConfUtils.java:logGet(43)) - raft.server.rpc.sleep.time = 25ms (default)
2019-11-15 21:51:33,813 [09667cd7-469d-4450-b7d6-bfa43032ac6a@group-E5FC80F7F3D6-LeaderElection227] INFO  server.RaftServerConfigKeys (ConfUtils.java:logGet(43)) - raft.server.write.element-limit = 4096 (default)
2019-11-15 21:51:33,813 [09667cd7-469d-4450-b7d6-bfa43032ac6a@group-E5FC80F7F3D6-LeaderElection227] INFO  server.RaftServerConfigKeys (ConfUtils.java:logGet(43)) - raft.server.watch.timeout = 10s (default)
2019-11-15 21:51:33,813 [09667cd7-469d-4450-b7d6-bfa43032ac6a@group-E5FC80F7F3D6-LeaderElection227] INFO  server.RaftServerConfigKeys (ConfUtils.java:logGet(43)) - raft.server.watch.timeout.denomination = 1s (default)
2019-11-15 21:51:33,813 [09667cd7-469d-4450-b7d6-bfa43032ac6a@group-E5FC80F7F3D6-LeaderElection227] INFO  server.RaftServerConfigKeys (ConfUtils.java:logGet(43)) - raft.server.watch.element-limit = 65536 (default)
2019-11-15 21:51:33,813 [EventQueue-PipelineReportForPipelineReportHandler] INFO  pipeline.PipelineStateManager (PipelineStateManager.java:openPipeline(134)) - Pipeline Pipeline[ Id: b3ac5aa5-1949-4a43-98c7-e5fc80f7f3d6, Nodes: 09667cd7-469d-4450-b7d6-bfa43032ac6a{ip: 192.168.164.223, host: pr-hdds-2493-5rwwl-1515842690, networkLocation: /rack1, certSerialId: null}, Type:RATIS, Factor:ONE, State:OPEN] moved to OPEN state
2019-11-15 21:51:33,813 [09667cd7-469d-4450-b7d6-bfa43032ac6a@group-E5FC80F7F3D6-LeaderElection227] INFO  impl.RoleInfo (RoleInfo.java:updateAndGet(143)) - 09667cd7-469d-4450-b7d6-bfa43032ac6a: start LeaderState
2019-11-15 21:51:33,813 [09667cd7-469d-4450-b7d6-bfa43032ac6a@group-E5FC80F7F3D6-LeaderElection227] INFO  segmented.SegmentedRaftLogWorker (SegmentedRaftLogWorker.java:startLogSegment(385)) - 09667cd7-469d-4450-b7d6-bfa43032ac6a@group-E5FC80F7F3D6-SegmentedRaftLogWorker: Starting segment from index:0
2019-11-15 21:51:33,814 [09667cd7-469d-4450-b7d6-bfa43032ac6a@group-E5FC80F7F3D6-LeaderElection227] INFO  impl.RaftServerImpl (ServerState.java:setRaftConf(356)) - 09667cd7-469d-4450-b7d6-bfa43032ac6a@group-E5FC80F7F3D6: set configuration 0: [09667cd7-469d-4450-b7d6-bfa43032ac6a:192.168.164.223:41749], old=null at 0
2019-11-15 21:51:33,862 [09667cd7-469d-4450-b7d6-bfa43032ac6a@group-E5FC80F7F3D6-SegmentedRaftLogWorker] INFO  segmented.SegmentedRaftLogWorker (SegmentedRaftLogWorker.java:execute(576)) - 09667cd7-469d-4450-b7d6-bfa43032ac6a@group-E5FC80F7F3D6-SegmentedRaftLogWorker: created new log segment /workdir/hadoop-ozone/integration-test/target/test-dir/MiniOzoneClusterImpl-e150a234-18da-4756-b2e5-8eb09f38746c/datanode-6/data/ratis/b3ac5aa5-1949-4a43-98c7-e5fc80f7f3d6/current/log_inprogress_0
2019-11-15 21:51:36,688 [main] INFO  ozoneimpl.OzoneContainer (OzoneContainer.java:stop(244)) - Attempting to stop container services.
2019-11-15 21:51:36,688 [main] INFO  impl.RaftServerProxy (RaftServerProxy.java:lambda$close$4(314)) - 3eba0ff5-def1-46c6-a9bd-a10bbd02f1ce: close
2019-11-15 21:51:36,689 [main] INFO  impl.RaftServerImpl (RaftServerImpl.java:lambda$shutdown$3(250)) - 3eba0ff5-def1-46c6-a9bd-a10bbd02f1ce@group-D2DDA09F38B3: shutdown
2019-11-15 21:51:36,689 [ForkJoinPool.commonPool-worker-1] INFO  impl.RaftServerImpl (RaftServerImpl.java:lambda$shutdown$3(250)) - 3eba0ff5-def1-46c6-a9bd-a10bbd02f1ce@group-95F4CB89DD8F: shutdown
2019-11-15 21:51:36,689 [main] INFO  util.JmxRegister (JmxRegister.java:unregister(73)) - Successfully un-registered JMX Bean with object name Ratis:service=RaftServer,group=group-D2DDA09F38B3,id=3eba0ff5-def1-46c6-a9bd-a10bbd02f1ce
2019-11-15 21:51:36,689 [main] INFO  impl.RoleInfo (RoleInfo.java:shutdownFollowerState(121)) - 3eba0ff5-def1-46c6-a9bd-a10bbd02f1ce: shutdown FollowerState
2019-11-15 21:51:36,689 [ForkJoinPool.commonPool-worker-1] INFO  util.JmxRegister (JmxRegister.java:unregister(73)) - Successfully un-registered JMX Bean with object name Ratis:service=RaftServer,group=group-95F4CB89DD8F,id=3eba0ff5-def1-46c6-a9bd-a10bbd02f1ce
2019-11-15 21:51:36,690 [Thread-4190] INFO  impl.FollowerState (FollowerState.java:run(120)) - 3eba0ff5-def1-46c6-a9bd-a10bbd02f1ce@group-D2DDA09F38B3-FollowerState was interrupted: java.lang.InterruptedException: sleep interrupted
2019-11-15 21:51:36,690 [main] INFO  impl.StateMachineUpdater (StateMachineUpdater.java:stopAndJoin(136)) - 3eba0ff5-def1-46c6-a9bd-a10bbd02f1ce@group-D2DDA09F38B3-StateMachineUpdater: set stopIndex = 0
2019-11-15 21:51:36,690 [main] INFO  impl.RaftServerImpl (ServerState.java:close(387)) - 3eba0ff5-def1-46c6-a9bd-a10bbd02f1ce@group-D2DDA09F38B3: closes. applyIndex: 0
2019-11-15 21:51:36,690 [ForkJoinPool.commonPool-worker-1] INFO  impl.RoleInfo (RoleInfo.java:shutdownLeaderState(104)) - 3eba0ff5-def1-46c6-a9bd-a10bbd02f1ce: shutdown LeaderState
2019-11-15 21:51:36,690 [3eba0ff5-def1-46c6-a9bd-a10bbd02f1ce@group-D2DDA09F38B3-SegmentedRaftLogWorker] INFO  segmented.SegmentedRaftLogWorker (SegmentedRaftLogWorker.java:run(316)) - 3eba0ff5-def1-46c6-a9bd-a10bbd02f1ce@group-D2DDA09F38B3-SegmentedRaftLogWorker was interrupted, exiting. There are 0 tasks remaining in the queue.
2019-11-15 21:51:36,690 [ForkJoinPool.commonPool-worker-1] INFO  impl.PendingRequests (PendingRequests.java:sendNotLeaderResponses(206)) - 3eba0ff5-def1-46c6-a9bd-a10bbd02f1ce@group-95F4CB89DD8F-PendingRequests: sendNotLeaderResponses
2019-11-15 21:51:36,694 [main] INFO  segmented.SegmentedRaftLogWorker (SegmentedRaftLogWorker.java:close(224)) - 3eba0ff5-def1-46c6-a9bd-a10bbd02f1ce@group-D2DDA09F38B3-SegmentedRaftLogWorker close()
2019-11-15 21:51:36,694 [ForkJoinPool.commonPool-worker-1] INFO  impl.StateMachineUpdater (StateMachineUpdater.java:stopAndJoin(136)) - 3eba0ff5-def1-46c6-a9bd-a10bbd02f1ce@group-95F4CB89DD8F-StateMachineUpdater: set stopIndex = 0
2019-11-15 21:51:36,698 [ForkJoinPool.commonPool-worker-1] INFO  impl.RaftServerImpl (ServerState.java:close(387)) - 3eba0ff5-def1-46c6-a9bd-a10bbd02f1ce@group-95F4CB89DD8F: closes. applyIndex: 0
2019-11-15 21:51:36,699 [3eba0ff5-def1-46c6-a9bd-a10bbd02f1ce@group-95F4CB89DD8F-SegmentedRaftLogWorker] INFO  segmented.SegmentedRaftLogWorker (SegmentedRaftLogWorker.java:run(316)) - 3eba0ff5-def1-46c6-a9bd-a10bbd02f1ce@group-95F4CB89DD8F-SegmentedRaftLogWorker was interrupted, exiting. There are 0 tasks remaining in the queue.
2019-11-15 21:51:36,701 [ForkJoinPool.commonPool-worker-1] INFO  segmented.SegmentedRaftLogWorker (SegmentedRaftLogWorker.java:close(224)) - 3eba0ff5-def1-46c6-a9bd-a10bbd02f1ce@group-95F4CB89DD8F-SegmentedRaftLogWorker close()
2019-11-15 21:51:36,705 [main] INFO  server.GrpcService (GrpcService.java:closeImpl(164)) - 3eba0ff5-def1-46c6-a9bd-a10bbd02f1ce: shutdown server with port 32938 now
2019-11-15 21:51:36,705 [main] INFO  server.GrpcService (GrpcService.java:closeImpl(172)) - 3eba0ff5-def1-46c6-a9bd-a10bbd02f1ce: shutdown server with port 32938 successfully
2019-11-15 21:51:36,705 [grpc-default-executor-4] WARN  server.GrpcLogAppender (LogUtils.java:warn(134)) - 09667cd7-469d-4450-b7d6-bfa43032ac6a@group-D2DDA09F38B3->3eba0ff5-def1-46c6-a9bd-a10bbd02f1ce-AppendLogResponseHandler: Failed appendEntries: org.apache.ratis.thirdparty.io.grpc.StatusRuntimeException: CANCELLED: HTTP/2 error code: CANCEL
Received Rst Stream
2019-11-15 21:51:36,705 [grpc-default-executor-2] WARN  server.GrpcServerProtocolService (LogUtils.java:warn(134)) - 3eba0ff5-def1-46c6-a9bd-a10bbd02f1ce: installSnapshot onError, lastRequest: 09667cd7-469d-4450-b7d6-bfa43032ac6a->3eba0ff5-def1-46c6-a9bd-a10bbd02f1ce#7-t1, previous=(t:1, i:0), leaderCommit=0, initializing? false, entries: <empty>: org.apache.ratis.thirdparty.io.grpc.StatusRuntimeException: CANCELLED: cancelled before receiving half close
2019-11-15 21:51:36,706 [grpc-default-executor-4] INFO  impl.FollowerInfo (FollowerInfo.java:lambda$new$0(51)) - 09667cd7-469d-4450-b7d6-bfa43032ac6a@group-D2DDA09F38B3->3eba0ff5-def1-46c6-a9bd-a10bbd02f1ce: nextIndex: updateUnconditionally 1 -> 0
2019-11-15 21:51:36,709 [refreshUsed-/workdir/hadoop-ozone/integration-test/target/test-dir/MiniOzoneClusterImpl-e150a234-18da-4756-b2e5-8eb09f38746c/datanode-8/data/containers] WARN  fs.CachingGetSpaceUsed (CachingGetSpaceUsed.java:run(183)) - Thread Interrupted waiting to refresh disk information: sleep interrupted
2019-11-15 21:51:36,725 [main] INFO  utils.BackgroundService (BackgroundService.java:shutdown(151)) - Shutting down service BlockDeletingService
2019-11-15 21:51:36,732 [main] INFO  statemachine.DatanodeStateMachine (DatanodeStateMachine.java:stopDaemon(400)) - Ozone container server stopped.
2019-11-15 21:51:36,734 [main] INFO  handler.ContextHandler (ContextHandler.java:doStop(910)) - Stopped o.e.j.w.WebAppContext@a316f6b{/,null,UNAVAILABLE}{/hddsDatanode}
2019-11-15 21:51:36,735 [main] INFO  server.AbstractConnector (AbstractConnector.java:doStop(318)) - Stopped ServerConnector@63f9ddf9{HTTP/1.1,[http/1.1]}{0.0.0.0:0}
2019-11-15 21:51:36,735 [main] INFO  handler.ContextHandler (ContextHandler.java:doStop(910)) - Stopped o.e.j.s.ServletContextHandler@7b5021d1{/static,jar:file:/home/user/.m2/repository/org/apache/hadoop/hadoop-hdds-container-service/0.5.0-SNAPSHOT/hadoop-hdds-container-service-0.5.0-SNAPSHOT.jar!/webapps/static,UNAVAILABLE}
2019-11-15 21:51:36,736 [main] INFO  handler.ContextHandler (ContextHandler.java:doStop(910)) - Stopped o.e.j.s.ServletContextHandler@514377fc{/logs,file:///workdir/hadoop-ozone/integration-test/target/log,UNAVAILABLE}
2019-11-15 21:51:36,963 [grpc-default-executor-6] WARN  server.GrpcLogAppender (LogUtils.java:warn(134)) - 09667cd7-469d-4450-b7d6-bfa43032ac6a@group-D2DDA09F38B3->3eba0ff5-def1-46c6-a9bd-a10bbd02f1ce-AppendLogResponseHandler: Failed appendEntries: org.apache.ratis.thirdparty.io.grpc.StatusRuntimeException: UNAVAILABLE: io exception
2019-11-15 21:51:36,963 [grpc-default-executor-6] INFO  impl.FollowerInfo (FollowerInfo.java:lambda$new$0(51)) - 09667cd7-469d-4450-b7d6-bfa43032ac6a@group-D2DDA09F38B3->3eba0ff5-def1-46c6-a9bd-a10bbd02f1ce: nextIndex: updateUnconditionally 0 -> 0
2019-11-15 21:51:37,463 [grpc-default-executor-6] WARN  server.GrpcLogAppender (LogUtils.java:warn(134)) - 09667cd7-469d-4450-b7d6-bfa43032ac6a@group-D2DDA09F38B3->3eba0ff5-def1-46c6-a9bd-a10bbd02f1ce-AppendLogResponseHandler: Failed appendEntries: org.apache.ratis.thirdparty.io.grpc.StatusRuntimeException: UNAVAILABLE: io exception
2019-11-15 21:51:37,464 [grpc-default-executor-6] INFO  impl.FollowerInfo (FollowerInfo.java:lambda$new$0(51)) - 09667cd7-469d-4450-b7d6-bfa43032ac6a@group-D2DDA09F38B3->3eba0ff5-def1-46c6-a9bd-a10bbd02f1ce: nextIndex: updateUnconditionally 0 -> 0
2019-11-15 21:51:37,775 [main] WARN  io.KeyOutputStream (KeyOutputStream.java:handleException(274)) - Encountered exception java.io.IOException: Unexpected Storage Container Exception: java.util.concurrent.CompletionException: java.util.concurrent.CompletionException: org.apache.ratis.protocol.GroupMismatchException: 09667cd7-469d-4450-b7d6-bfa43032ac6a: group-BECD030167C0 not found. on the pipeline Pipeline[ Id: 3cb33402-9b82-4bfa-9e03-becd030167c0, Nodes: 3eba0ff5-def1-46c6-a9bd-a10bbd02f1ce{ip: 192.168.164.223, host: pr-hdds-2493-5rwwl-1515842690, networkLocation: /rack1, certSerialId: null}5e156848-495c-4d88-99d1-5a745ca90ed0{ip: 192.168.164.223, host: pr-hdds-2493-5rwwl-1515842690, networkLocation: /rack1, certSerialId: null}09667cd7-469d-4450-b7d6-bfa43032ac6a{ip: 192.168.164.223, host: pr-hdds-2493-5rwwl-1515842690, networkLocation: /rack1, certSerialId: null}, Type:RATIS, Factor:THREE, State:OPEN]. The last committed block length is 1048576, uncommitted data length is 2097152 retry count 0
2019-11-15 21:51:37,775 [main] INFO  io.BlockOutputStreamEntryPool (BlockOutputStreamEntryPool.java:allocateNewBlock(257)) - Allocating block with ExcludeList {datanodes = [], containerIds = [], pipelineIds = [PipelineID=3cb33402-9b82-4bfa-9e03-becd030167c0]}
2019-11-15 21:51:37,963 [grpc-default-executor-2] WARN  server.GrpcLogAppender (LogUtils.java:warn(134)) - 09667cd7-469d-4450-b7d6-bfa43032ac6a@group-D2DDA09F38B3->3eba0ff5-def1-46c6-a9bd-a10bbd02f1ce-AppendLogResponseHandler: Failed appendEntries: org.apache.ratis.thirdparty.io.grpc.StatusRuntimeException: UNAVAILABLE: io exception
2019-11-15 21:51:37,964 [grpc-default-executor-2] INFO  impl.FollowerInfo (FollowerInfo.java:lambda$new$0(51)) - 09667cd7-469d-4450-b7d6-bfa43032ac6a@group-D2DDA09F38B3->3eba0ff5-def1-46c6-a9bd-a10bbd02f1ce: nextIndex: updateUnconditionally 0 -> 0
2019-11-15 21:51:38,074 [main] INFO  ozone.MiniOzoneClusterImpl (MiniOzoneClusterImpl.java:shutdown(352)) - Shutting down the Mini Ozone Cluster
2019-11-15 21:51:38,074 [main] INFO  ozone.MiniOzoneClusterImpl (MiniOzoneClusterImpl.java:stop(368)) - Stopping the Mini Ozone Cluster
2019-11-15 21:51:38,074 [main] INFO  ozone.MiniOzoneClusterImpl (MiniOzoneClusterImpl.java:stopOM(438)) - Stopping the OzoneManager
2019-11-15 21:51:38,075 [main] INFO  ipc.Server (Server.java:stop(3082)) - Stopping server on 36220
2019-11-15 21:51:38,088 [IPC Server listener on 36220] INFO  ipc.Server (Server.java:run(1185)) - Stopping IPC Server listener on 36220
2019-11-15 21:51:38,088 [main] INFO  ratis.OzoneManagerDoubleBuffer (OzoneManagerDoubleBuffer.java:stop(261)) - Stopping OMDoubleBuffer flush thread
2019-11-15 21:51:38,088 [IPC Server Responder] INFO  ipc.Server (Server.java:run(1319)) - Stopping IPC Server Responder
2019-11-15 21:51:38,090 [OMDoubleBufferFlushThread] INFO  ratis.OzoneManagerDoubleBuffer (OzoneManagerDoubleBuffer.java:flushTransactions(199)) - OMDoubleBuffer flush thread OMDoubleBufferFlushThread is interrupted and will exit. OMDoubleBufferFlushThread
2019-11-15 21:51:38,090 [main] INFO  utils.BackgroundService (BackgroundService.java:shutdown(151)) - Shutting down service KeyDeletingService
2019-11-15 21:51:38,091 [main] INFO  handler.ContextHandler (ContextHandler.java:doStop(910)) - Stopped o.e.j.w.WebAppContext@4a22e4d7{/,null,UNAVAILABLE}{/ozoneManager}
2019-11-15 21:51:38,092 [main] INFO  server.AbstractConnector (AbstractConnector.java:doStop(318)) - Stopped ServerConnector@d8835af{HTTP/1.1,[http/1.1]}{0.0.0.0:0}
2019-11-15 21:51:38,092 [main] INFO  handler.ContextHandler (ContextHandler.java:doStop(910)) - Stopped o.e.j.s.ServletContextHandler@5fdd97c1{/static,file:///workdir/hadoop-ozone/integration-test/target/test-classes/webapps/static,UNAVAILABLE}
2019-11-15 21:51:38,092 [main] INFO  handler.ContextHandler (ContextHandler.java:doStop(910)) - Stopped o.e.j.s.ServletContextHandler@279126f5{/logs,file:///workdir/hadoop-ozone/integration-test/target/log,UNAVAILABLE}
2019-11-15 21:51:38,095 [main] INFO  ozone.MiniOzoneClusterImpl (MiniOzoneClusterImpl.java:stopDatanodes(415)) - Stopping the HddsDatanodes
2019-11-15 21:51:38,156 [Datanode State Machine Thread - 0] INFO  statemachine.DatanodeStateMachine (DatanodeStateMachine.java:lambda$startDaemon$0(355)) - Ozone container server started.
2019-11-15 21:51:38,464 [grpc-default-executor-4] WARN  server.GrpcLogAppender (LogUtils.java:warn(134)) - 09667cd7-469d-4450-b7d6-bfa43032ac6a@group-D2DDA09F38B3->3eba0ff5-def1-46c6-a9bd-a10bbd02f1ce-AppendLogResponseHandler: Failed appendEntries: org.apache.ratis.thirdparty.io.grpc.StatusRuntimeException: UNAVAILABLE: io exception
2019-11-15 21:51:38,465 [grpc-default-executor-4] INFO  impl.FollowerInfo (FollowerInfo.java:lambda$new$0(51)) - 09667cd7-469d-4450-b7d6-bfa43032ac6a@group-D2DDA09F38B3->3eba0ff5-def1-46c6-a9bd-a10bbd02f1ce: nextIndex: updateUnconditionally 0 -> 0
2019-11-15 21:51:38,932 [Datanode State Machine Thread - 0] INFO  statemachine.DatanodeStateMachine (DatanodeStateMachine.java:lambda$startDaemon$0(355)) - Ozone container server started.
2019-11-15 21:51:38,965 [grpc-default-executor-2] WARN  server.GrpcLogAppender (LogUtils.java:warn(134)) - 09667cd7-469d-4450-b7d6-bfa43032ac6a@group-D2DDA09F38B3->3eba0ff5-def1-46c6-a9bd-a10bbd02f1ce-AppendLogResponseHandler: Failed appendEntries: org.apache.ratis.thirdparty.io.grpc.StatusRuntimeException: UNAVAILABLE: io exception
2019-11-15 21:51:38,965 [grpc-default-executor-2] INFO  impl.FollowerInfo (FollowerInfo.java:lambda$new$0(51)) - 09667cd7-469d-4450-b7d6-bfa43032ac6a@group-D2DDA09F38B3->3eba0ff5-def1-46c6-a9bd-a10bbd02f1ce: nextIndex: updateUnconditionally 0 -> 0
2019-11-15 21:51:39,465 [grpc-default-executor-4] WARN  server.GrpcLogAppender (LogUtils.java:warn(134)) - 09667cd7-469d-4450-b7d6-bfa43032ac6a@group-D2DDA09F38B3->3eba0ff5-def1-46c6-a9bd-a10bbd02f1ce-AppendLogResponseHandler: Failed appendEntries: org.apache.ratis.thirdparty.io.grpc.StatusRuntimeException: UNAVAILABLE: io exception
2019-11-15 21:51:39,465 [grpc-default-executor-4] INFO  impl.FollowerInfo (FollowerInfo.java:lambda$new$0(51)) - 09667cd7-469d-4450-b7d6-bfa43032ac6a@group-D2DDA09F38B3->3eba0ff5-def1-46c6-a9bd-a10bbd02f1ce: nextIndex: updateUnconditionally 0 -> 0
2019-11-15 21:51:39,966 [grpc-default-executor-2] WARN  server.GrpcLogAppender (LogUtils.java:warn(134)) - 09667cd7-469d-4450-b7d6-bfa43032ac6a@group-D2DDA09F38B3->3eba0ff5-def1-46c6-a9bd-a10bbd02f1ce-AppendLogResponseHandler: Failed appendEntries: org.apache.ratis.thirdparty.io.grpc.StatusRuntimeException: UNAVAILABLE: io exception
2019-11-15 21:51:39,966 [grpc-default-executor-2] INFO  impl.FollowerInfo (FollowerInfo.java:lambda$new$0(51)) - 09667cd7-469d-4450-b7d6-bfa43032ac6a@group-D2DDA09F38B3->3eba0ff5-def1-46c6-a9bd-a10bbd02f1ce: nextIndex: updateUnconditionally 0 -> 0
2019-11-15 21:51:40,467 [grpc-default-executor-4] WARN  server.GrpcLogAppender (LogUtils.java:warn(134)) - 09667cd7-469d-4450-b7d6-bfa43032ac6a@group-D2DDA09F38B3->3eba0ff5-def1-46c6-a9bd-a10bbd02f1ce-AppendLogResponseHandler: Failed appendEntries: org.apache.ratis.thirdparty.io.grpc.StatusRuntimeException: UNAVAILABLE: io exception
2019-11-15 21:51:40,467 [grpc-default-executor-4] INFO  impl.FollowerInfo (FollowerInfo.java:lambda$new$0(51)) - 09667cd7-469d-4450-b7d6-bfa43032ac6a@group-D2DDA09F38B3->3eba0ff5-def1-46c6-a9bd-a10bbd02f1ce: nextIndex: updateUnconditionally 0 -> 0
2019-11-15 21:51:40,970 [grpc-default-executor-6] WARN  server.GrpcLogAppender (LogUtils.java:warn(134)) - 09667cd7-469d-4450-b7d6-bfa43032ac6a@group-D2DDA09F38B3->3eba0ff5-def1-46c6-a9bd-a10bbd02f1ce-AppendLogResponseHandler: Failed appendEntries: org.apache.ratis.thirdparty.io.grpc.StatusRuntimeException: UNAVAILABLE: io exception
2019-11-15 21:51:40,971 [grpc-default-executor-6] INFO  impl.FollowerInfo (FollowerInfo.java:lambda$new$0(51)) - 09667cd7-469d-4450-b7d6-bfa43032ac6a@group-D2DDA09F38B3->3eba0ff5-def1-46c6-a9bd-a10bbd02f1ce: nextIndex: updateUnconditionally 0 -> 0
2019-11-15 21:51:41,470 [grpc-default-executor-2] WARN  server.GrpcLogAppender (LogUtils.java:warn(134)) - 09667cd7-469d-4450-b7d6-bfa43032ac6a@group-D2DDA09F38B3->3eba0ff5-def1-46c6-a9bd-a10bbd02f1ce-AppendLogResponseHandler: Failed appendEntries: org.apache.ratis.thirdparty.io.grpc.StatusRuntimeException: UNAVAILABLE: io exception
2019-11-15 21:51:41,470 [grpc-default-executor-2] INFO  impl.FollowerInfo (FollowerInfo.java:lambda$new$0(51)) - 09667cd7-469d-4450-b7d6-bfa43032ac6a@group-D2DDA09F38B3->3eba0ff5-def1-46c6-a9bd-a10bbd02f1ce: nextIndex: updateUnconditionally 0 -> 0
2019-11-15 21:51:41,970 [grpc-default-executor-6] WARN  server.GrpcLogAppender (LogUtils.java:warn(134)) - 09667cd7-469d-4450-b7d6-bfa43032ac6a@group-D2DDA09F38B3->3eba0ff5-def1-46c6-a9bd-a10bbd02f1ce-AppendLogResponseHandler: Failed appendEntries: org.apache.ratis.thirdparty.io.grpc.StatusRuntimeException: UNAVAILABLE: io exception
2019-11-15 21:51:41,970 [grpc-default-executor-6] INFO  impl.FollowerInfo (FollowerInfo.java:lambda$new$0(51)) - 09667cd7-469d-4450-b7d6-bfa43032ac6a@group-D2DDA09F38B3->3eba0ff5-def1-46c6-a9bd-a10bbd02f1ce: nextIndex: updateUnconditionally 0 -> 0
2019-11-15 21:51:42,470 [grpc-default-executor-2] WARN  server.GrpcLogAppender (LogUtils.java:warn(134)) - 09667cd7-469d-4450-b7d6-bfa43032ac6a@group-D2DDA09F38B3->3eba0ff5-def1-46c6-a9bd-a10bbd02f1ce-AppendLogResponseHandler: Failed appendEntries: org.apache.ratis.thirdparty.io.grpc.StatusRuntimeException: UNAVAILABLE: io exception
2019-11-15 21:51:42,470 [grpc-default-executor-2] INFO  impl.FollowerInfo (FollowerInfo.java:lambda$new$0(51)) - 09667cd7-469d-4450-b7d6-bfa43032ac6a@group-D2DDA09F38B3->3eba0ff5-def1-46c6-a9bd-a10bbd02f1ce: nextIndex: updateUnconditionally 0 -> 0
2019-11-15 21:51:42,971 [grpc-default-executor-6] WARN  server.GrpcLogAppender (LogUtils.java:warn(134)) - 09667cd7-469d-4450-b7d6-bfa43032ac6a@group-D2DDA09F38B3->3eba0ff5-def1-46c6-a9bd-a10bbd02f1ce-AppendLogResponseHandler: Failed appendEntries: org.apache.ratis.thirdparty.io.grpc.StatusRuntimeException: UNAVAILABLE: io exception
2019-11-15 21:51:42,971 [grpc-default-executor-6] INFO  impl.FollowerInfo (FollowerInfo.java:lambda$new$0(51)) - 09667cd7-469d-4450-b7d6-bfa43032ac6a@group-D2DDA09F38B3->3eba0ff5-def1-46c6-a9bd-a10bbd02f1ce: nextIndex: updateUnconditionally 0 -> 0
2019-11-15 21:51:43,096 [main] INFO  ozoneimpl.OzoneContainer (OzoneContainer.java:stop(244)) - Attempting to stop container services.
2019-11-15 21:51:43,096 [ForkJoinPool.commonPool-worker-1] INFO  ozoneimpl.OzoneContainer (OzoneContainer.java:stop(244)) - Attempting to stop container services.
2019-11-15 21:51:43,096 [main] INFO  impl.RaftServerProxy (RaftServerProxy.java:lambda$close$4(314)) - 81d95af4-28c6-42b2-8e7d-ef28ff90d39a: close
2019-11-15 21:51:43,096 [ForkJoinPool.commonPool-worker-1] INFO  impl.RaftServerProxy (RaftServerProxy.java:lambda$close$4(314)) - 3c01ffb1-b295-42d9-9874-9e0ba4053462: close
2019-11-15 21:51:43,097 [ForkJoinPool.commonPool-worker-1] INFO  impl.RaftServerImpl (RaftServerImpl.java:lambda$shutdown$3(250)) - 3c01ffb1-b295-42d9-9874-9e0ba4053462@group-A70227FA7EAC: shutdown
2019-11-15 21:51:43,097 [main] INFO  impl.RaftServerImpl (RaftServerImpl.java:lambda$shutdown$3(250)) - 81d95af4-28c6-42b2-8e7d-ef28ff90d39a@group-9378708D725D: shutdown
2019-11-15 21:51:43,097 [ForkJoinPool.commonPool-worker-1] INFO  util.JmxRegister (JmxRegister.java:unregister(73)) - Successfully un-registered JMX Bean with object name Ratis:service=RaftServer,group=group-A70227FA7EAC,id=3c01ffb1-b295-42d9-9874-9e0ba4053462
2019-11-15 21:51:43,097 [main] INFO  util.JmxRegister (JmxRegister.java:unregister(73)) - Successfully un-registered JMX Bean with object name Ratis:service=RaftServer,group=group-9378708D725D,id=81d95af4-28c6-42b2-8e7d-ef28ff90d39a
2019-11-15 21:51:43,097 [ForkJoinPool.commonPool-worker-1] INFO  impl.RoleInfo (RoleInfo.java:shutdownFollowerState(121)) - 3c01ffb1-b295-42d9-9874-9e0ba4053462: shutdown FollowerState
2019-11-15 21:51:43,097 [main] INFO  impl.RoleInfo (RoleInfo.java:shutdownLeaderState(104)) - 81d95af4-28c6-42b2-8e7d-ef28ff90d39a: shutdown LeaderState
2019-11-15 21:51:43,098 [Thread-4204] INFO  impl.FollowerState (FollowerState.java:run(120)) - 3c01ffb1-b295-42d9-9874-9e0ba4053462@group-A70227FA7EAC-FollowerState was interrupted: java.lang.InterruptedException: sleep interrupted
2019-11-15 21:51:43,101 [main] INFO  impl.PendingRequests (PendingRequests.java:sendNotLeaderResponses(206)) - 81d95af4-28c6-42b2-8e7d-ef28ff90d39a@group-9378708D725D-PendingRequests: sendNotLeaderResponses
2019-11-15 21:51:43,098 [ForkJoinPool.commonPool-worker-1] INFO  impl.StateMachineUpdater (StateMachineUpdater.java:stopAndJoin(136)) - 3c01ffb1-b295-42d9-9874-9e0ba4053462@group-A70227FA7EAC-StateMachineUpdater: set stopIndex = 0
2019-11-15 21:51:43,101 [org.apache.ratis.server.impl.LogAppender$AppenderDaemon$$Lambda$472/95030288@4b50d74d] WARN  server.GrpcLogAppender (GrpcLogAppender.java:mayWait(151)) - 81d95af4-28c6-42b2-8e7d-ef28ff90d39a@group-9378708D725D->25a1269d-d7cc-4acf-80e8-5992809da5ba-GrpcLogAppender: Wait interrupted by java.lang.InterruptedException
2019-11-15 21:51:43,101 [org.apache.ratis.server.impl.LogAppender$AppenderDaemon$$Lambda$472/95030288@e5258e3] WARN  server.GrpcLogAppender (GrpcLogAppender.java:mayWait(151)) - 81d95af4-28c6-42b2-8e7d-ef28ff90d39a@group-9378708D725D->dfb71ea8-5a43-4574-802a-eb8470866674-GrpcLogAppender: Wait interrupted by java.lang.InterruptedException
2019-11-15 21:51:43,107 [main] INFO  impl.StateMachineUpdater (StateMachineUpdater.java:stopAndJoin(136)) - 81d95af4-28c6-42b2-8e7d-ef28ff90d39a@group-9378708D725D-StateMachineUpdater: set stopIndex = 6
2019-11-15 21:51:43,108 [grpc-default-executor-4] INFO  server.GrpcServerProtocolService (GrpcServerProtocolService.java:onCompleted(113)) - 25a1269d-d7cc-4acf-80e8-5992809da5ba: Completed APPEND_ENTRIES, lastRequest: 81d95af4-28c6-42b2-8e7d-ef28ff90d39a->25a1269d-d7cc-4acf-80e8-5992809da5ba#25-t1, previous=(t:1, i:6), leaderCommit=6, initializing? false, entries: <empty>
2019-11-15 21:51:43,107 [ForkJoinPool.commonPool-worker-1] INFO  impl.RaftServerImpl (ServerState.java:close(387)) - 3c01ffb1-b295-42d9-9874-9e0ba4053462@group-A70227FA7EAC: closes. applyIndex: 0
2019-11-15 21:51:43,108 [grpc-default-executor-6] INFO  server.GrpcServerProtocolService (GrpcServerProtocolService.java:onCompleted(113)) - dfb71ea8-5a43-4574-802a-eb8470866674: Completed APPEND_ENTRIES, lastRequest: 81d95af4-28c6-42b2-8e7d-ef28ff90d39a->dfb71ea8-5a43-4574-802a-eb8470866674#25-t1, previous=(t:1, i:6), leaderCommit=6, initializing? false, entries: <empty>
2019-11-15 21:51:43,108 [81d95af4-28c6-42b2-8e7d-ef28ff90d39a@group-9378708D725D-StateMachineUpdater] INFO  ratis.ContainerStateMachine (ContainerStateMachine.java:takeSnapshot(285)) - group-9378708D725D: Taking a snapshot at:(t:1, i:6) file /workdir/hadoop-ozone/integration-test/target/test-dir/MiniOzoneClusterImpl-e150a234-18da-4756-b2e5-8eb09f38746c/datanode-5/data/ratis/d48de760-69db-4157-9478-9378708d725d/sm/snapshot.1_6
2019-11-15 21:51:43,108 [3c01ffb1-b295-42d9-9874-9e0ba4053462@group-A70227FA7EAC-SegmentedRaftLogWorker] INFO  segmented.SegmentedRaftLogWorker (SegmentedRaftLogWorker.java:run(316)) - 3c01ffb1-b295-42d9-9874-9e0ba4053462@group-A70227FA7EAC-SegmentedRaftLogWorker was interrupted, exiting. There are 0 tasks remaining in the queue.
2019-11-15 21:51:43,108 [grpc-default-executor-6] INFO  server.GrpcLogAppender (GrpcLogAppender.java:onCompleted(308)) - 81d95af4-28c6-42b2-8e7d-ef28ff90d39a@group-9378708D725D->25a1269d-d7cc-4acf-80e8-5992809da5ba-AppendLogResponseHandler: follower responses appendEntries COMPLETED
2019-11-15 21:51:43,108 [grpc-default-executor-2] INFO  server.GrpcLogAppender (GrpcLogAppender.java:onCompleted(308)) - 81d95af4-28c6-42b2-8e7d-ef28ff90d39a@group-9378708D725D->dfb71ea8-5a43-4574-802a-eb8470866674-AppendLogResponseHandler: follower responses appendEntries COMPLETED
2019-11-15 21:51:43,111 [ForkJoinPool.commonPool-worker-1] INFO  segmented.SegmentedRaftLogWorker (SegmentedRaftLogWorker.java:close(224)) - 3c01ffb1-b295-42d9-9874-9e0ba4053462@group-A70227FA7EAC-SegmentedRaftLogWorker close()
2019-11-15 21:51:43,111 [grpc-default-executor-6] INFO  impl.FollowerInfo (FollowerInfo.java:lambda$new$0(51)) - 81d95af4-28c6-42b2-8e7d-ef28ff90d39a@group-9378708D725D->25a1269d-d7cc-4acf-80e8-5992809da5ba: nextIndex: updateUnconditionally 7 -> 6
2019-11-15 21:51:43,124 [grpc-default-executor-2] INFO  impl.FollowerInfo (FollowerInfo.java:lambda$new$0(51)) - 81d95af4-28c6-42b2-8e7d-ef28ff90d39a@group-9378708D725D->dfb71ea8-5a43-4574-802a-eb8470866674: nextIndex: updateUnconditionally 7 -> 6
2019-11-15 21:51:43,123 [ForkJoinPool.commonPool-worker-1] INFO  impl.RaftServerImpl (RaftServerImpl.java:lambda$shutdown$3(250)) - 3c01ffb1-b295-42d9-9874-9e0ba4053462@group-AAAB9F076C05: shutdown
2019-11-15 21:51:43,124 [ForkJoinPool.commonPool-worker-1] INFO  util.JmxRegister (JmxRegister.java:unregister(73)) - Successfully un-registered JMX Bean with object name Ratis:service=RaftServer,group=group-AAAB9F076C05,id=3c01ffb1-b295-42d9-9874-9e0ba4053462
2019-11-15 21:51:43,124 [ForkJoinPool.commonPool-worker-1] INFO  impl.RoleInfo (RoleInfo.java:shutdownLeaderState(104)) - 3c01ffb1-b295-42d9-9874-9e0ba4053462: shutdown LeaderState
2019-11-15 21:51:43,125 [ForkJoinPool.commonPool-worker-1] INFO  impl.PendingRequests (PendingRequests.java:sendNotLeaderResponses(206)) - 3c01ffb1-b295-42d9-9874-9e0ba4053462@group-AAAB9F076C05-PendingRequests: sendNotLeaderResponses
2019-11-15 21:51:43,125 [ForkJoinPool.commonPool-worker-1] INFO  impl.StateMachineUpdater (StateMachineUpdater.java:stopAndJoin(136)) - 3c01ffb1-b295-42d9-9874-9e0ba4053462@group-AAAB9F076C05-StateMachineUpdater: set stopIndex = 0
2019-11-15 21:51:43,125 [ForkJoinPool.commonPool-worker-1] INFO  impl.RaftServerImpl (ServerState.java:close(387)) - 3c01ffb1-b295-42d9-9874-9e0ba4053462@group-AAAB9F076C05: closes. applyIndex: 0
2019-11-15 21:51:43,125 [3c01ffb1-b295-42d9-9874-9e0ba4053462@group-AAAB9F076C05-SegmentedRaftLogWorker] INFO  segmented.SegmentedRaftLogWorker (SegmentedRaftLogWorker.java:run(316)) - 3c01ffb1-b295-42d9-9874-9e0ba4053462@group-AAAB9F076C05-SegmentedRaftLogWorker was interrupted, exiting. There are 0 tasks remaining in the queue.
2019-11-15 21:51:43,128 [ForkJoinPool.commonPool-worker-1] INFO  segmented.SegmentedRaftLogWorker (SegmentedRaftLogWorker.java:close(224)) - 3c01ffb1-b295-42d9-9874-9e0ba4053462@group-AAAB9F076C05-SegmentedRaftLogWorker close()
2019-11-15 21:51:43,128 [ForkJoinPool.commonPool-worker-1] INFO  server.GrpcService (GrpcService.java:closeImpl(164)) - 3c01ffb1-b295-42d9-9874-9e0ba4053462: shutdown server with port 36934 now
2019-11-15 21:51:43,128 [grpc-default-executor-4] WARN  server.GrpcServerProtocolService (LogUtils.java:warn(134)) - 3c01ffb1-b295-42d9-9874-9e0ba4053462: installSnapshot onError, lastRequest: 3ab85592-c721-41be-99a8-6d8df6ca420d->3c01ffb1-b295-42d9-9874-9e0ba4053462#20-t1, previous=(t:1, i:0), leaderCommit=0, initializing? false, entries: <empty>: org.apache.ratis.thirdparty.io.grpc.StatusRuntimeException: CANCELLED: cancelled before receiving half close
2019-11-15 21:51:43,129 [ForkJoinPool.commonPool-worker-1] INFO  server.GrpcService (GrpcService.java:closeImpl(172)) - 3c01ffb1-b295-42d9-9874-9e0ba4053462: shutdown server with port 36934 successfully
2019-11-15 21:51:43,129 [grpc-default-executor-2] WARN  server.GrpcLogAppender (LogUtils.java:warn(134)) - 3ab85592-c721-41be-99a8-6d8df6ca420d@group-A70227FA7EAC->3c01ffb1-b295-42d9-9874-9e0ba4053462-AppendLogResponseHandler: Failed appendEntries: org.apache.ratis.thirdparty.io.grpc.StatusRuntimeException: CANCELLED: HTTP/2 error code: CANCEL
Received Rst Stream
2019-11-15 21:51:43,129 [grpc-default-executor-2] INFO  impl.FollowerInfo (FollowerInfo.java:lambda$new$0(51)) - 3ab85592-c721-41be-99a8-6d8df6ca420d@group-A70227FA7EAC->3c01ffb1-b295-42d9-9874-9e0ba4053462: nextIndex: updateUnconditionally 1 -> 0
2019-11-15 21:51:43,131 [refreshUsed-/workdir/hadoop-ozone/integration-test/target/test-dir/MiniOzoneClusterImpl-e150a234-18da-4756-b2e5-8eb09f38746c/datanode-2/data/containers] WARN  fs.CachingGetSpaceUsed (CachingGetSpaceUsed.java:run(183)) - Thread Interrupted waiting to refresh disk information: sleep interrupted
2019-11-15 21:51:43,131 [81d95af4-28c6-42b2-8e7d-ef28ff90d39a@group-9378708D725D-StateMachineUpdater] INFO  ratis.ContainerStateMachine (ContainerStateMachine.java:takeSnapshot(296)) - group-9378708D725D: Finished taking a snapshot at:(t:1, i:6) file:/workdir/hadoop-ozone/integration-test/target/test-dir/MiniOzoneClusterImpl-e150a234-18da-4756-b2e5-8eb09f38746c/datanode-5/data/ratis/d48de760-69db-4157-9478-9378708d725d/sm/snapshot.1_6 time:23
2019-11-15 21:51:43,131 [81d95af4-28c6-42b2-8e7d-ef28ff90d39a@group-9378708D725D-StateMachineUpdater] INFO  impl.StateMachineUpdater (StateMachineUpdater.java:takeSnapshot(269)) - 81d95af4-28c6-42b2-8e7d-ef28ff90d39a@group-9378708D725D-StateMachineUpdater: Took a snapshot at index 6
2019-11-15 21:51:43,132 [81d95af4-28c6-42b2-8e7d-ef28ff90d39a@group-9378708D725D-StateMachineUpdater] INFO  impl.StateMachineUpdater (StateMachineUpdater.java:lambda$new$0(84)) - 81d95af4-28c6-42b2-8e7d-ef28ff90d39a@group-9378708D725D-StateMachineUpdater: snapshotIndex: updateIncreasingly -1 -> 6
2019-11-15 21:51:43,132 [main] INFO  impl.RaftServerImpl (ServerState.java:close(387)) - 81d95af4-28c6-42b2-8e7d-ef28ff90d39a@group-9378708D725D: closes. applyIndex: 6
2019-11-15 21:51:43,133 [81d95af4-28c6-42b2-8e7d-ef28ff90d39a@group-9378708D725D-SegmentedRaftLogWorker] INFO  segmented.SegmentedRaftLogWorker (SegmentedRaftLogWorker.java:run(316)) - 81d95af4-28c6-42b2-8e7d-ef28ff90d39a@group-9378708D725D-SegmentedRaftLogWorker was interrupted, exiting. There are 0 tasks remaining in the queue.
2019-11-15 21:51:43,135 [main] INFO  segmented.SegmentedRaftLogWorker (SegmentedRaftLogWorker.java:close(224)) - 81d95af4-28c6-42b2-8e7d-ef28ff90d39a@group-9378708D725D-SegmentedRaftLogWorker close()
2019-11-15 21:51:43,137 [main] INFO  impl.RaftServerImpl (RaftServerImpl.java:lambda$shutdown$3(250)) - 81d95af4-28c6-42b2-8e7d-ef28ff90d39a@group-974367D23D9D: shutdown
2019-11-15 21:51:43,137 [main] INFO  util.JmxRegister (JmxRegister.java:unregister(73)) - Successfully un-registered JMX Bean with object name Ratis:service=RaftServer,group=group-974367D23D9D,id=81d95af4-28c6-42b2-8e7d-ef28ff90d39a
2019-11-15 21:51:43,137 [main] INFO  impl.RoleInfo (RoleInfo.java:shutdownLeaderState(104)) - 81d95af4-28c6-42b2-8e7d-ef28ff90d39a: shutdown LeaderState
2019-11-15 21:51:43,138 [main] INFO  impl.PendingRequests (PendingRequests.java:sendNotLeaderResponses(206)) - 81d95af4-28c6-42b2-8e7d-ef28ff90d39a@group-974367D23D9D-PendingRequests: sendNotLeaderResponses
2019-11-15 21:51:43,138 [main] INFO  impl.StateMachineUpdater (StateMachineUpdater.java:stopAndJoin(136)) - 81d95af4-28c6-42b2-8e7d-ef28ff90d39a@group-974367D23D9D-StateMachineUpdater: set stopIndex = 0
2019-11-15 21:51:43,138 [main] INFO  impl.RaftServerImpl (ServerState.java:close(387)) - 81d95af4-28c6-42b2-8e7d-ef28ff90d39a@group-974367D23D9D: closes. applyIndex: 0
2019-11-15 21:51:43,139 [81d95af4-28c6-42b2-8e7d-ef28ff90d39a@group-974367D23D9D-SegmentedRaftLogWorker] INFO  segmented.SegmentedRaftLogWorker (SegmentedRaftLogWorker.java:run(316)) - 81d95af4-28c6-42b2-8e7d-ef28ff90d39a@group-974367D23D9D-SegmentedRaftLogWorker was interrupted, exiting. There are 0 tasks remaining in the queue.
2019-11-15 21:51:43,140 [main] INFO  segmented.SegmentedRaftLogWorker (SegmentedRaftLogWorker.java:close(224)) - 81d95af4-28c6-42b2-8e7d-ef28ff90d39a@group-974367D23D9D-SegmentedRaftLogWorker close()
2019-11-15 21:51:43,142 [main] INFO  server.GrpcService (GrpcService.java:closeImpl(164)) - 81d95af4-28c6-42b2-8e7d-ef28ff90d39a: shutdown server with port 42674 now
2019-11-15 21:51:43,144 [main] INFO  server.GrpcService (GrpcService.java:closeImpl(172)) - 81d95af4-28c6-42b2-8e7d-ef28ff90d39a: shutdown server with port 42674 successfully
2019-11-15 21:51:43,148 [refreshUsed-/workdir/hadoop-ozone/integration-test/target/test-dir/MiniOzoneClusterImpl-e150a234-18da-4756-b2e5-8eb09f38746c/datanode-5/data/containers] WARN  fs.CachingGetSpaceUsed (CachingGetSpaceUsed.java:run(183)) - Thread Interrupted waiting to refresh disk information: sleep interrupted
2019-11-15 21:51:43,155 [ForkJoinPool.commonPool-worker-1] INFO  utils.BackgroundService (BackgroundService.java:shutdown(151)) - Shutting down service BlockDeletingService
2019-11-15 21:51:43,167 [ForkJoinPool.commonPool-worker-1] INFO  statemachine.DatanodeStateMachine (DatanodeStateMachine.java:stopDaemon(400)) - Ozone container server stopped.
2019-11-15 21:51:43,173 [ForkJoinPool.commonPool-worker-1] INFO  handler.ContextHandler (ContextHandler.java:doStop(910)) - Stopped o.e.j.w.WebAppContext@2f4d32bf{/,null,UNAVAILABLE}{/hddsDatanode}
2019-11-15 21:51:43,173 [ForkJoinPool.commonPool-worker-1] INFO  server.AbstractConnector (AbstractConnector.java:doStop(318)) - Stopped ServerConnector@774d8276{HTTP/1.1,[http/1.1]}{0.0.0.0:0}
2019-11-15 21:51:43,175 [ForkJoinPool.commonPool-worker-1] INFO  handler.ContextHandler (ContextHandler.java:doStop(910)) - Stopped o.e.j.s.ServletContextHandler@57ce2898{/static,jar:file:/home/user/.m2/repository/org/apache/hadoop/hadoop-hdds-container-service/0.5.0-SNAPSHOT/hadoop-hdds-container-service-0.5.0-SNAPSHOT.jar!/webapps/static,UNAVAILABLE}
2019-11-15 21:51:43,176 [ForkJoinPool.commonPool-worker-1] INFO  handler.ContextHandler (ContextHandler.java:doStop(910)) - Stopped o.e.j.s.ServletContextHandler@7b297740{/logs,file:///workdir/hadoop-ozone/integration-test/target/log,UNAVAILABLE}
2019-11-15 21:51:43,179 [main] INFO  utils.BackgroundService (BackgroundService.java:shutdown(151)) - Shutting down service BlockDeletingService
2019-11-15 21:51:43,180 [main] INFO  statemachine.DatanodeStateMachine (DatanodeStateMachine.java:stopDaemon(400)) - Ozone container server stopped.
2019-11-15 21:51:43,181 [main] INFO  handler.ContextHandler (ContextHandler.java:doStop(910)) - Stopped o.e.j.w.WebAppContext@718989fa{/,null,UNAVAILABLE}{/hddsDatanode}
2019-11-15 21:51:43,181 [main] INFO  server.AbstractConnector (AbstractConnector.java:doStop(318)) - Stopped ServerConnector@69f080ad{HTTP/1.1,[http/1.1]}{0.0.0.0:0}
2019-11-15 21:51:43,181 [main] INFO  handler.ContextHandler (ContextHandler.java:doStop(910)) - Stopped o.e.j.s.ServletContextHandler@2f04993d{/static,jar:file:/home/user/.m2/repository/org/apache/hadoop/hadoop-hdds-container-service/0.5.0-SNAPSHOT/hadoop-hdds-container-service-0.5.0-SNAPSHOT.jar!/webapps/static,UNAVAILABLE}
2019-11-15 21:51:43,182 [main] INFO  handler.ContextHandler (ContextHandler.java:doStop(910)) - Stopped o.e.j.s.ServletContextHandler@5b0902b4{/logs,file:///workdir/hadoop-ozone/integration-test/target/log,UNAVAILABLE}
2019-11-15 21:51:43,471 [grpc-default-executor-6] WARN  server.GrpcLogAppender (LogUtils.java:warn(134)) - 09667cd7-469d-4450-b7d6-bfa43032ac6a@group-D2DDA09F38B3->3eba0ff5-def1-46c6-a9bd-a10bbd02f1ce-AppendLogResponseHandler: Failed appendEntries: org.apache.ratis.thirdparty.io.grpc.StatusRuntimeException: UNAVAILABLE: io exception
2019-11-15 21:51:43,471 [grpc-default-executor-6] INFO  impl.FollowerInfo (FollowerInfo.java:lambda$new$0(51)) - 09667cd7-469d-4450-b7d6-bfa43032ac6a@group-D2DDA09F38B3->3eba0ff5-def1-46c6-a9bd-a10bbd02f1ce: nextIndex: updateUnconditionally 0 -> 0
2019-11-15 21:51:43,625 [grpc-default-executor-2] WARN  server.GrpcLogAppender (LogUtils.java:warn(134)) - 3ab85592-c721-41be-99a8-6d8df6ca420d@group-A70227FA7EAC->3c01ffb1-b295-42d9-9874-9e0ba4053462-AppendLogResponseHandler: Failed appendEntries: org.apache.ratis.thirdparty.io.grpc.StatusRuntimeException: UNAVAILABLE: io exception
2019-11-15 21:51:43,625 [grpc-default-executor-2] INFO  impl.FollowerInfo (FollowerInfo.java:lambda$new$0(51)) - 3ab85592-c721-41be-99a8-6d8df6ca420d@group-A70227FA7EAC->3c01ffb1-b295-42d9-9874-9e0ba4053462: nextIndex: updateUnconditionally 0 -> 0
2019-11-15 21:51:43,816 [Datanode State Machine Thread - 0] INFO  statemachine.DatanodeStateMachine (DatanodeStateMachine.java:lambda$startDaemon$0(355)) - Ozone container server started.
2019-11-15 21:51:43,932 [Datanode State Machine Thread - 0] INFO  statemachine.DatanodeStateMachine (DatanodeStateMachine.java:lambda$startDaemon$0(355)) - Ozone container server started.
2019-11-15 21:51:43,972 [grpc-default-executor-2] WARN  server.GrpcLogAppender (LogUtils.java:warn(134)) - 09667cd7-469d-4450-b7d6-bfa43032ac6a@group-D2DDA09F38B3->3eba0ff5-def1-46c6-a9bd-a10bbd02f1ce-AppendLogResponseHandler: Failed appendEntries: org.apache.ratis.thirdparty.io.grpc.StatusRuntimeException: UNAVAILABLE: io exception
2019-11-15 21:51:43,972 [grpc-default-executor-2] INFO  impl.FollowerInfo (FollowerInfo.java:lambda$new$0(51)) - 09667cd7-469d-4450-b7d6-bfa43032ac6a@group-D2DDA09F38B3->3eba0ff5-def1-46c6-a9bd-a10bbd02f1ce: nextIndex: updateUnconditionally 0 -> 0
2019-11-15 21:51:44,126 [grpc-default-executor-2] WARN  server.GrpcLogAppender (LogUtils.java:warn(134)) - 3ab85592-c721-41be-99a8-6d8df6ca420d@group-A70227FA7EAC->3c01ffb1-b295-42d9-9874-9e0ba4053462-AppendLogResponseHandler: Failed appendEntries: org.apache.ratis.thirdparty.io.grpc.StatusRuntimeException: UNAVAILABLE: io exception
2019-11-15 21:51:44,126 [grpc-default-executor-2] INFO  impl.FollowerInfo (FollowerInfo.java:lambda$new$0(51)) - 3ab85592-c721-41be-99a8-6d8df6ca420d@group-A70227FA7EAC->3c01ffb1-b295-42d9-9874-9e0ba4053462: nextIndex: updateUnconditionally 0 -> 0
2019-11-15 21:51:44,227 [Thread-4221] INFO  impl.FollowerState (FollowerState.java:run(111)) - dfb71ea8-5a43-4574-802a-eb8470866674@group-9378708D725D-FollowerState: change to CANDIDATE, lastRpcTime:1250ms, electionTimeout:1048ms
2019-11-15 21:51:44,227 [Thread-4221] INFO  impl.RoleInfo (RoleInfo.java:shutdownFollowerState(121)) - dfb71ea8-5a43-4574-802a-eb8470866674: shutdown FollowerState
2019-11-15 21:51:44,227 [Thread-4221] INFO  impl.RaftServerImpl (RaftServerImpl.java:setRole(173)) - dfb71ea8-5a43-4574-802a-eb8470866674@group-9378708D725D: changes role from  FOLLOWER to CANDIDATE at term 1 for changeToCandidate
2019-11-15 21:51:44,227 [Thread-4221] INFO  impl.RoleInfo (RoleInfo.java:updateAndGet(143)) - dfb71ea8-5a43-4574-802a-eb8470866674: start LeaderElection
2019-11-15 21:51:44,227 [dfb71ea8-5a43-4574-802a-eb8470866674@group-9378708D725D-LeaderElection228] INFO  impl.RaftServerImpl (ServerState.java:setLeader(255)) - dfb71ea8-5a43-4574-802a-eb8470866674@group-9378708D725D: change Leader from 81d95af4-28c6-42b2-8e7d-ef28ff90d39a to null at term 1 for initElection
2019-11-15 21:51:44,241 [dfb71ea8-5a43-4574-802a-eb8470866674@group-9378708D725D-LeaderElection228] INFO  impl.LeaderElection (LeaderElection.java:askForVotes(178)) - dfb71ea8-5a43-4574-802a-eb8470866674@group-9378708D725D-LeaderElection228: begin an election at term 2 for 0: [81d95af4-28c6-42b2-8e7d-ef28ff90d39a:192.168.164.223:42674, dfb71ea8-5a43-4574-802a-eb8470866674:192.168.164.223:45914, 25a1269d-d7cc-4acf-80e8-5992809da5ba:192.168.164.223:46315], old=null
2019-11-15 21:51:44,243 [dfb71ea8-5a43-4574-802a-eb8470866674@group-9378708D725D-LeaderElection228] INFO  impl.LeaderElection (LogUtils.java:infoOrTrace(149)) - dfb71ea8-5a43-4574-802a-eb8470866674@group-9378708D725D-LeaderElection228 got exception when requesting votes: {}
java.util.concurrent.ExecutionException: org.apache.ratis.thirdparty.io.grpc.StatusRuntimeException: UNAVAILABLE: io exception
	at java.util.concurrent.FutureTask.report(FutureTask.java:122)
	at java.util.concurrent.FutureTask.get(FutureTask.java:192)
	at org.apache.ratis.server.impl.LeaderElection.waitForResults(LeaderElection.java:259)
	at org.apache.ratis.server.impl.LeaderElection.askForVotes(LeaderElection.java:197)
	at org.apache.ratis.server.impl.LeaderElection.run(LeaderElection.java:133)
	at java.lang.Thread.run(Thread.java:748)
Caused by: org.apache.ratis.thirdparty.io.grpc.StatusRuntimeException: UNAVAILABLE: io exception
	at org.apache.ratis.thirdparty.io.grpc.stub.ClientCalls.toStatusRuntimeException(ClientCalls.java:233)
	at org.apache.ratis.thirdparty.io.grpc.stub.ClientCalls.getUnchecked(ClientCalls.java:214)
	at org.apache.ratis.thirdparty.io.grpc.stub.ClientCalls.blockingUnaryCall(ClientCalls.java:139)
	at org.apache.ratis.proto.grpc.RaftServerProtocolServiceGrpc$RaftServerProtocolServiceBlockingStub.requestVote(RaftServerProtocolServiceGrpc.java:265)
	at org.apache.ratis.grpc.server.GrpcServerProtocolClient.requestVote(GrpcServerProtocolClient.java:99)
	at org.apache.ratis.grpc.server.GrpcService.requestVote(GrpcService.java:204)
	at org.apache.ratis.server.impl.LeaderElection.lambda$submitRequests$1(LeaderElection.java:234)
	at java.util.concurrent.FutureTask.run(FutureTask.java:266)
	at java.util.concurrent.Executors$RunnableAdapter.call(Executors.java:511)
	at java.util.concurrent.FutureTask.run(FutureTask.java:266)
	at java.util.concurrent.ThreadPoolExecutor.runWorker(ThreadPoolExecutor.java:1149)
	at java.util.concurrent.ThreadPoolExecutor$Worker.run(ThreadPoolExecutor.java:624)
	... 1 more
Caused by: org.apache.ratis.thirdparty.io.netty.channel.AbstractChannel$AnnotatedConnectException: Connection refused: /192.168.164.223:42674
	at sun.nio.ch.SocketChannelImpl.checkConnect(Native Method)
	at sun.nio.ch.SocketChannelImpl.finishConnect(SocketChannelImpl.java:717)
	at org.apache.ratis.thirdparty.io.netty.channel.socket.nio.NioSocketChannel.doFinishConnect(NioSocketChannel.java:327)
	at org.apache.ratis.thirdparty.io.netty.channel.nio.AbstractNioChannel$AbstractNioUnsafe.finishConnect(AbstractNioChannel.java:340)
	at org.apache.ratis.thirdparty.io.netty.channel.nio.NioEventLoop.processSelectedKey(NioEventLoop.java:632)
	at org.apache.ratis.thirdparty.io.netty.channel.nio.NioEventLoop.processSelectedKeysOptimized(NioEventLoop.java:579)
	at org.apache.ratis.thirdparty.io.netty.channel.nio.NioEventLoop.processSelectedKeys(NioEventLoop.java:496)
	at org.apache.ratis.thirdparty.io.netty.channel.nio.NioEventLoop.run(NioEventLoop.java:458)
	at org.apache.ratis.thirdparty.io.netty.util.concurrent.SingleThreadEventExecutor$5.run(SingleThreadEventExecutor.java:897)
	at org.apache.ratis.thirdparty.io.netty.util.concurrent.FastThreadLocalRunnable.run(FastThreadLocalRunnable.java:30)
	... 1 more
Caused by: java.net.ConnectException: Connection refused
	... 11 more
2019-11-15 21:51:44,245 [grpc-default-executor-2] INFO  impl.RaftServerImpl (ServerState.java:setLeader(255)) - 25a1269d-d7cc-4acf-80e8-5992809da5ba@group-9378708D725D: change Leader from 81d95af4-28c6-42b2-8e7d-ef28ff90d39a to null at term 2 for updateCurrentTerm
2019-11-15 21:51:44,245 [grpc-default-executor-2] INFO  impl.RaftServerImpl (RaftServerImpl.java:setRole(173)) - 25a1269d-d7cc-4acf-80e8-5992809da5ba@group-9378708D725D: changes role from  FOLLOWER to FOLLOWER at term 2 for recognizeCandidate:dfb71ea8-5a43-4574-802a-eb8470866674
2019-11-15 21:51:44,245 [grpc-default-executor-2] INFO  impl.RoleInfo (RoleInfo.java:shutdownFollowerState(121)) - 25a1269d-d7cc-4acf-80e8-5992809da5ba: shutdown FollowerState
2019-11-15 21:51:44,245 [Thread-4222] INFO  impl.FollowerState (FollowerState.java:run(120)) - 25a1269d-d7cc-4acf-80e8-5992809da5ba@group-9378708D725D-FollowerState was interrupted: java.lang.InterruptedException: sleep interrupted
2019-11-15 21:51:44,245 [grpc-default-executor-2] INFO  impl.RoleInfo (RoleInfo.java:updateAndGet(143)) - 25a1269d-d7cc-4acf-80e8-5992809da5ba: start FollowerState
2019-11-15 21:51:44,259 [dfb71ea8-5a43-4574-802a-eb8470866674@group-9378708D725D-LeaderElection228] INFO  impl.LeaderElection (LeaderElection.java:logAndReturn(56)) - dfb71ea8-5a43-4574-802a-eb8470866674@group-9378708D725D-LeaderElection228: Election PASSED; received 1 response(s) [dfb71ea8-5a43-4574-802a-eb8470866674<-25a1269d-d7cc-4acf-80e8-5992809da5ba#0:OK-t2] and 1 exception(s); dfb71ea8-5a43-4574-802a-eb8470866674@group-9378708D725D:t2, leader=null, voted=dfb71ea8-5a43-4574-802a-eb8470866674, raftlog=dfb71ea8-5a43-4574-802a-eb8470866674@group-9378708D725D-SegmentedRaftLog:OPENED:c6,f6,i6, conf=0: [81d95af4-28c6-42b2-8e7d-ef28ff90d39a:192.168.164.223:42674, dfb71ea8-5a43-4574-802a-eb8470866674:192.168.164.223:45914, 25a1269d-d7cc-4acf-80e8-5992809da5ba:192.168.164.223:46315], old=null
2019-11-15 21:51:44,259 [dfb71ea8-5a43-4574-802a-eb8470866674@group-9378708D725D-LeaderElection228] INFO  impl.LeaderElection (LogUtils.java:infoOrTrace(149)) -   Exception 0: {}
java.util.concurrent.ExecutionException: org.apache.ratis.thirdparty.io.grpc.StatusRuntimeException: UNAVAILABLE: io exception
	at java.util.concurrent.FutureTask.report(FutureTask.java:122)
	at java.util.concurrent.FutureTask.get(FutureTask.java:192)
	at org.apache.ratis.server.impl.LeaderElection.waitForResults(LeaderElection.java:259)
	at org.apache.ratis.server.impl.LeaderElection.askForVotes(LeaderElection.java:197)
	at org.apache.ratis.server.impl.LeaderElection.run(LeaderElection.java:133)
	at java.lang.Thread.run(Thread.java:748)
Caused by: org.apache.ratis.thirdparty.io.grpc.StatusRuntimeException: UNAVAILABLE: io exception
	at org.apache.ratis.thirdparty.io.grpc.stub.ClientCalls.toStatusRuntimeException(ClientCalls.java:233)
	at org.apache.ratis.thirdparty.io.grpc.stub.ClientCalls.getUnchecked(ClientCalls.java:214)
	at org.apache.ratis.thirdparty.io.grpc.stub.ClientCalls.blockingUnaryCall(ClientCalls.java:139)
	at org.apache.ratis.proto.grpc.RaftServerProtocolServiceGrpc$RaftServerProtocolServiceBlockingStub.requestVote(RaftServerProtocolServiceGrpc.java:265)
	at org.apache.ratis.grpc.server.GrpcServerProtocolClient.requestVote(GrpcServerProtocolClient.java:99)
	at org.apache.ratis.grpc.server.GrpcService.requestVote(GrpcService.java:204)
	at org.apache.ratis.server.impl.LeaderElection.lambda$submitRequests$1(LeaderElection.java:234)
	at java.util.concurrent.FutureTask.run(FutureTask.java:266)
	at java.util.concurrent.Executors$RunnableAdapter.call(Executors.java:511)
	at java.util.concurrent.FutureTask.run(FutureTask.java:266)
	at java.util.concurrent.ThreadPoolExecutor.runWorker(ThreadPoolExecutor.java:1149)
	at java.util.concurrent.ThreadPoolExecutor$Worker.run(ThreadPoolExecutor.java:624)
	... 1 more
Caused by: org.apache.ratis.thirdparty.io.netty.channel.AbstractChannel$AnnotatedConnectException: Connection refused: /192.168.164.223:42674
	at sun.nio.ch.SocketChannelImpl.checkConnect(Native Method)
	at sun.nio.ch.SocketChannelImpl.finishConnect(SocketChannelImpl.java:717)
	at org.apache.ratis.thirdparty.io.netty.channel.socket.nio.NioSocketChannel.doFinishConnect(NioSocketChannel.java:327)
	at org.apache.ratis.thirdparty.io.netty.channel.nio.AbstractNioChannel$AbstractNioUnsafe.finishConnect(AbstractNioChannel.java:340)
	at org.apache.ratis.thirdparty.io.netty.channel.nio.NioEventLoop.processSelectedKey(NioEventLoop.java:632)
	at org.apache.ratis.thirdparty.io.netty.channel.nio.NioEventLoop.processSelectedKeysOptimized(NioEventLoop.java:579)
	at org.apache.ratis.thirdparty.io.netty.channel.nio.NioEventLoop.processSelectedKeys(NioEventLoop.java:496)
	at org.apache.ratis.thirdparty.io.netty.channel.nio.NioEventLoop.run(NioEventLoop.java:458)
	at org.apache.ratis.thirdparty.io.netty.util.concurrent.SingleThreadEventExecutor$5.run(SingleThreadEventExecutor.java:897)
	at org.apache.ratis.thirdparty.io.netty.util.concurrent.FastThreadLocalRunnable.run(FastThreadLocalRunnable.java:30)
	... 1 more
Caused by: java.net.ConnectException: Connection refused
	... 11 more
2019-11-15 21:51:44,259 [dfb71ea8-5a43-4574-802a-eb8470866674@group-9378708D725D-LeaderElection228] INFO  impl.RoleInfo (RoleInfo.java:shutdownLeaderElection(134)) - dfb71ea8-5a43-4574-802a-eb8470866674: shutdown LeaderElection
2019-11-15 21:51:44,260 [dfb71ea8-5a43-4574-802a-eb8470866674@group-9378708D725D-LeaderElection228] INFO  impl.RaftServerImpl (RaftServerImpl.java:setRole(173)) - dfb71ea8-5a43-4574-802a-eb8470866674@group-9378708D725D: changes role from CANDIDATE to LEADER at term 2 for changeToLeader
2019-11-15 21:51:44,260 [dfb71ea8-5a43-4574-802a-eb8470866674@group-9378708D725D-LeaderElection228] INFO  ratis.XceiverServerRatis (XceiverServerRatis.java:handleLeaderChangedNotification(697)) - Leader change notification received for group: group-9378708D725D with new leaderId: dfb71ea8-5a43-4574-802a-eb8470866674
2019-11-15 21:51:44,260 [dfb71ea8-5a43-4574-802a-eb8470866674@group-9378708D725D-LeaderElection228] INFO  impl.RaftServerImpl (ServerState.java:setLeader(255)) - dfb71ea8-5a43-4574-802a-eb8470866674@group-9378708D725D: change Leader from null to dfb71ea8-5a43-4574-802a-eb8470866674 at term 2 for becomeLeader, leader elected after 32ms
2019-11-15 21:51:44,260 [dfb71ea8-5a43-4574-802a-eb8470866674@group-9378708D725D-LeaderElection228] INFO  server.RaftServerConfigKeys (ConfUtils.java:logGet(43)) - raft.server.staging.catchup.gap = 1000 (default)
2019-11-15 21:51:44,260 [dfb71ea8-5a43-4574-802a-eb8470866674@group-9378708D725D-LeaderElection228] INFO  server.RaftServerConfigKeys (ConfUtils.java:logGet(43)) - raft.server.rpc.sleep.time = 25ms (default)
2019-11-15 21:51:44,260 [dfb71ea8-5a43-4574-802a-eb8470866674@group-9378708D725D-LeaderElection228] INFO  server.RaftServerConfigKeys (ConfUtils.java:logGet(43)) - raft.server.write.element-limit = 4096 (default)
2019-11-15 21:51:44,261 [dfb71ea8-5a43-4574-802a-eb8470866674@group-9378708D725D-LeaderElection228] INFO  server.RaftServerConfigKeys (ConfUtils.java:logGet(43)) - raft.server.watch.timeout = 10s (default)
2019-11-15 21:51:44,261 [dfb71ea8-5a43-4574-802a-eb8470866674@group-9378708D725D-LeaderElection228] INFO  server.RaftServerConfigKeys (ConfUtils.java:logGet(43)) - raft.server.watch.timeout.denomination = 1s (default)
2019-11-15 21:51:44,261 [dfb71ea8-5a43-4574-802a-eb8470866674@group-9378708D725D-LeaderElection228] INFO  server.RaftServerConfigKeys (ConfUtils.java:logGet(43)) - raft.server.watch.element-limit = 65536 (default)
2019-11-15 21:51:44,261 [dfb71ea8-5a43-4574-802a-eb8470866674@group-9378708D725D-LeaderElection228] INFO  server.RaftServerConfigKeys (ConfUtils.java:logGet(43)) - raft.server.log.appender.snapshot.chunk.size.max = 16MB (=16777216) (default)
2019-11-15 21:51:44,261 [dfb71ea8-5a43-4574-802a-eb8470866674@group-9378708D725D-LeaderElection228] INFO  server.RaftServerConfigKeys (ConfUtils.java:logGet(43)) - raft.server.log.appender.buffer.byte-limit = 33554432 (custom)
2019-11-15 21:51:44,261 [dfb71ea8-5a43-4574-802a-eb8470866674@group-9378708D725D-LeaderElection228] INFO  server.RaftServerConfigKeys (ConfUtils.java:logGet(43)) - raft.server.log.appender.buffer.element-limit = 1 (custom)
2019-11-15 21:51:44,261 [dfb71ea8-5a43-4574-802a-eb8470866674@group-9378708D725D-LeaderElection228] INFO  grpc.GrpcConfigKeys$Server (ConfUtils.java:logGet(43)) - raft.grpc.server.leader.outstanding.appends.max = 128 (default)
2019-11-15 21:51:44,261 [dfb71ea8-5a43-4574-802a-eb8470866674@group-9378708D725D-LeaderElection228] INFO  server.RaftServerConfigKeys (ConfUtils.java:logGet(43)) - raft.server.rpc.request.timeout = 3000ms (default)
2019-11-15 21:51:44,262 [dfb71ea8-5a43-4574-802a-eb8470866674@group-9378708D725D-LeaderElection228] INFO  server.RaftServerConfigKeys (ConfUtils.java:logGet(43)) - raft.server.log.appender.install.snapshot.enabled = false (custom)
2019-11-15 21:51:44,262 [dfb71ea8-5a43-4574-802a-eb8470866674@group-9378708D725D-LeaderElection228] WARN  impl.MetricRegistriesImpl (MetricRegistriesImpl.java:lambda$create$1(61)) - First MetricRegistry has been created without registering reporters. You may need to call MetricRegistries.global().addReportRegistration(...) before.
2019-11-15 21:51:44,262 [dfb71ea8-5a43-4574-802a-eb8470866674@group-9378708D725D-LeaderElection228] INFO  server.RaftServerConfigKeys (ConfUtils.java:logGet(43)) - raft.server.log.appender.snapshot.chunk.size.max = 16MB (=16777216) (default)
2019-11-15 21:51:44,262 [dfb71ea8-5a43-4574-802a-eb8470866674@group-9378708D725D-LeaderElection228] INFO  server.RaftServerConfigKeys (ConfUtils.java:logGet(43)) - raft.server.log.appender.buffer.byte-limit = 33554432 (custom)
2019-11-15 21:51:44,262 [dfb71ea8-5a43-4574-802a-eb8470866674@group-9378708D725D-LeaderElection228] INFO  server.RaftServerConfigKeys (ConfUtils.java:logGet(43)) - raft.server.log.appender.buffer.element-limit = 1 (custom)
2019-11-15 21:51:44,262 [dfb71ea8-5a43-4574-802a-eb8470866674@group-9378708D725D-LeaderElection228] INFO  grpc.GrpcConfigKeys$Server (ConfUtils.java:logGet(43)) - raft.grpc.server.leader.outstanding.appends.max = 128 (default)
2019-11-15 21:51:44,262 [dfb71ea8-5a43-4574-802a-eb8470866674@group-9378708D725D-LeaderElection228] INFO  server.RaftServerConfigKeys (ConfUtils.java:logGet(43)) - raft.server.rpc.request.timeout = 3000ms (default)
2019-11-15 21:51:44,262 [dfb71ea8-5a43-4574-802a-eb8470866674@group-9378708D725D-LeaderElection228] INFO  server.RaftServerConfigKeys (ConfUtils.java:logGet(43)) - raft.server.log.appender.install.snapshot.enabled = false (custom)
2019-11-15 21:51:44,263 [dfb71ea8-5a43-4574-802a-eb8470866674@group-9378708D725D-LeaderElection228] INFO  impl.RoleInfo (RoleInfo.java:updateAndGet(143)) - dfb71ea8-5a43-4574-802a-eb8470866674: start LeaderState
2019-11-15 21:51:44,263 [dfb71ea8-5a43-4574-802a-eb8470866674@group-9378708D725D-LeaderElection228] INFO  segmented.SegmentedRaftLogWorker (SegmentedRaftLogWorker.java:rollLogSegment(390)) - dfb71ea8-5a43-4574-802a-eb8470866674@group-9378708D725D-SegmentedRaftLogWorker: Rolling segment log-0_6 to index:6
2019-11-15 21:51:44,264 [dfb71ea8-5a43-4574-802a-eb8470866674@group-9378708D725D-LeaderElection228] INFO  impl.RaftServerImpl (ServerState.java:setRaftConf(356)) - dfb71ea8-5a43-4574-802a-eb8470866674@group-9378708D725D: set configuration 7: [81d95af4-28c6-42b2-8e7d-ef28ff90d39a:192.168.164.223:42674, dfb71ea8-5a43-4574-802a-eb8470866674:192.168.164.223:45914, 25a1269d-d7cc-4acf-80e8-5992809da5ba:192.168.164.223:46315], old=null at 7
2019-11-15 21:51:44,264 [dfb71ea8-5a43-4574-802a-eb8470866674@group-9378708D725D-SegmentedRaftLogWorker] INFO  segmented.SegmentedRaftLogWorker (SegmentedRaftLogWorker.java:execute(533)) - dfb71ea8-5a43-4574-802a-eb8470866674@group-9378708D725D-SegmentedRaftLogWorker: Rolled log segment from /workdir/hadoop-ozone/integration-test/target/test-dir/MiniOzoneClusterImpl-e150a234-18da-4756-b2e5-8eb09f38746c/datanode-4/data/ratis/d48de760-69db-4157-9478-9378708d725d/current/log_inprogress_0 to /workdir/hadoop-ozone/integration-test/target/test-dir/MiniOzoneClusterImpl-e150a234-18da-4756-b2e5-8eb09f38746c/datanode-4/data/ratis/d48de760-69db-4157-9478-9378708d725d/current/log_0-6
2019-11-15 21:51:44,264 [grpc-default-executor-2] WARN  server.GrpcLogAppender (LogUtils.java:warn(134)) - dfb71ea8-5a43-4574-802a-eb8470866674@group-9378708D725D->81d95af4-28c6-42b2-8e7d-ef28ff90d39a-AppendLogResponseHandler: Failed appendEntries: org.apache.ratis.thirdparty.io.grpc.StatusRuntimeException: UNAVAILABLE: io exception
2019-11-15 21:51:44,264 [grpc-default-executor-2] INFO  impl.FollowerInfo (FollowerInfo.java:lambda$new$0(51)) - dfb71ea8-5a43-4574-802a-eb8470866674@group-9378708D725D->81d95af4-28c6-42b2-8e7d-ef28ff90d39a: nextIndex: updateUnconditionally 7 -> 1
2019-11-15 21:51:44,264 [grpc-default-executor-2] INFO  ratis.XceiverServerRatis (XceiverServerRatis.java:handleLeaderChangedNotification(697)) - Leader change notification received for group: group-9378708D725D with new leaderId: dfb71ea8-5a43-4574-802a-eb8470866674
2019-11-15 21:51:44,265 [grpc-default-executor-2] INFO  impl.RaftServerImpl (ServerState.java:setLeader(255)) - 25a1269d-d7cc-4acf-80e8-5992809da5ba@group-9378708D725D: change Leader from null to dfb71ea8-5a43-4574-802a-eb8470866674 at term 2 for appendEntries, leader elected after 19ms
2019-11-15 21:51:44,266 [grpc-default-executor-4] INFO  impl.RaftServerImpl (ServerState.java:setRaftConf(356)) - 25a1269d-d7cc-4acf-80e8-5992809da5ba@group-9378708D725D: set configuration 7: [81d95af4-28c6-42b2-8e7d-ef28ff90d39a:192.168.164.223:42674, dfb71ea8-5a43-4574-802a-eb8470866674:192.168.164.223:45914, 25a1269d-d7cc-4acf-80e8-5992809da5ba:192.168.164.223:46315], old=null at 7
2019-11-15 21:51:44,266 [grpc-default-executor-4] INFO  segmented.SegmentedRaftLogWorker (SegmentedRaftLogWorker.java:rollLogSegment(390)) - 25a1269d-d7cc-4acf-80e8-5992809da5ba@group-9378708D725D-SegmentedRaftLogWorker: Rolling segment log-0_6 to index:6
2019-11-15 21:51:44,267 [25a1269d-d7cc-4acf-80e8-5992809da5ba@group-9378708D725D-SegmentedRaftLogWorker] INFO  segmented.SegmentedRaftLogWorker (SegmentedRaftLogWorker.java:execute(533)) - 25a1269d-d7cc-4acf-80e8-5992809da5ba@group-9378708D725D-SegmentedRaftLogWorker: Rolled log segment from /workdir/hadoop-ozone/integration-test/target/test-dir/MiniOzoneClusterImpl-e150a234-18da-4756-b2e5-8eb09f38746c/datanode-3/data/ratis/d48de760-69db-4157-9478-9378708d725d/current/log_inprogress_0 to /workdir/hadoop-ozone/integration-test/target/test-dir/MiniOzoneClusterImpl-e150a234-18da-4756-b2e5-8eb09f38746c/datanode-3/data/ratis/d48de760-69db-4157-9478-9378708d725d/current/log_0-6
2019-11-15 21:51:44,300 [dfb71ea8-5a43-4574-802a-eb8470866674@group-9378708D725D-SegmentedRaftLogWorker] INFO  segmented.SegmentedRaftLogWorker (SegmentedRaftLogWorker.java:execute(576)) - dfb71ea8-5a43-4574-802a-eb8470866674@group-9378708D725D-SegmentedRaftLogWorker: created new log segment /workdir/hadoop-ozone/integration-test/target/test-dir/MiniOzoneClusterImpl-e150a234-18da-4756-b2e5-8eb09f38746c/datanode-4/data/ratis/d48de760-69db-4157-9478-9378708d725d/current/log_inprogress_7
2019-11-15 21:51:44,300 [25a1269d-d7cc-4acf-80e8-5992809da5ba@group-9378708D725D-SegmentedRaftLogWorker] INFO  segmented.SegmentedRaftLogWorker (SegmentedRaftLogWorker.java:execute(576)) - 25a1269d-d7cc-4acf-80e8-5992809da5ba@group-9378708D725D-SegmentedRaftLogWorker: created new log segment /workdir/hadoop-ozone/integration-test/target/test-dir/MiniOzoneClusterImpl-e150a234-18da-4756-b2e5-8eb09f38746c/datanode-3/data/ratis/d48de760-69db-4157-9478-9378708d725d/current/log_inprogress_7
2019-11-15 21:51:44,309 [grpc-default-executor-4] WARN  server.GrpcLogAppender (LogUtils.java:warn(134)) - dfb71ea8-5a43-4574-802a-eb8470866674@group-9378708D725D->81d95af4-28c6-42b2-8e7d-ef28ff90d39a-AppendLogResponseHandler: Failed appendEntries: org.apache.ratis.thirdparty.io.grpc.StatusRuntimeException: UNAVAILABLE: io exception
2019-11-15 21:51:44,309 [grpc-default-executor-4] INFO  impl.FollowerInfo (FollowerInfo.java:lambda$new$0(51)) - dfb71ea8-5a43-4574-802a-eb8470866674@group-9378708D725D->81d95af4-28c6-42b2-8e7d-ef28ff90d39a: nextIndex: updateUnconditionally 2 -> 1
2019-11-15 21:51:44,317 [grpc-default-executor-6] WARN  server.GrpcLogAppender (LogUtils.java:warn(134)) - dfb71ea8-5a43-4574-802a-eb8470866674@group-9378708D725D->81d95af4-28c6-42b2-8e7d-ef28ff90d39a-AppendLogResponseHandler: Failed appendEntries: org.apache.ratis.thirdparty.io.grpc.StatusRuntimeException: UNAVAILABLE: io exception
2019-11-15 21:51:44,318 [grpc-default-executor-6] INFO  impl.FollowerInfo (FollowerInfo.java:lambda$new$0(51)) - dfb71ea8-5a43-4574-802a-eb8470866674@group-9378708D725D->81d95af4-28c6-42b2-8e7d-ef28ff90d39a: nextIndex: updateUnconditionally 2 -> 1
2019-11-15 21:51:44,472 [grpc-default-executor-6] WARN  server.GrpcLogAppender (LogUtils.java:warn(134)) - 09667cd7-469d-4450-b7d6-bfa43032ac6a@group-D2DDA09F38B3->3eba0ff5-def1-46c6-a9bd-a10bbd02f1ce-AppendLogResponseHandler: Failed appendEntries: org.apache.ratis.thirdparty.io.grpc.StatusRuntimeException: UNAVAILABLE: io exception
2019-11-15 21:51:44,472 [grpc-default-executor-6] INFO  impl.FollowerInfo (FollowerInfo.java:lambda$new$0(51)) - 09667cd7-469d-4450-b7d6-bfa43032ac6a@group-D2DDA09F38B3->3eba0ff5-def1-46c6-a9bd-a10bbd02f1ce: nextIndex: updateUnconditionally 0 -> 0
2019-11-15 21:51:44,626 [grpc-default-executor-2] WARN  server.GrpcLogAppender (LogUtils.java:warn(134)) - 3ab85592-c721-41be-99a8-6d8df6ca420d@group-A70227FA7EAC->3c01ffb1-b295-42d9-9874-9e0ba4053462-AppendLogResponseHandler: Failed appendEntries: org.apache.ratis.thirdparty.io.grpc.StatusRuntimeException: UNAVAILABLE: io exception
2019-11-15 21:51:44,627 [grpc-default-executor-2] INFO  impl.FollowerInfo (FollowerInfo.java:lambda$new$0(51)) - 3ab85592-c721-41be-99a8-6d8df6ca420d@group-A70227FA7EAC->3c01ffb1-b295-42d9-9874-9e0ba4053462: nextIndex: updateUnconditionally 0 -> 0
2019-11-15 21:51:44,821 [grpc-default-executor-2] WARN  server.GrpcLogAppender (LogUtils.java:warn(134)) - dfb71ea8-5a43-4574-802a-eb8470866674@group-9378708D725D->81d95af4-28c6-42b2-8e7d-ef28ff90d39a-AppendLogResponseHandler: Failed appendEntries: org.apache.ratis.thirdparty.io.grpc.StatusRuntimeException: UNAVAILABLE: io exception
2019-11-15 21:51:44,821 [grpc-default-executor-2] INFO  impl.FollowerInfo (FollowerInfo.java:lambda$new$0(51)) - dfb71ea8-5a43-4574-802a-eb8470866674@group-9378708D725D->81d95af4-28c6-42b2-8e7d-ef28ff90d39a: nextIndex: updateUnconditionally 1 -> 0
2019-11-15 21:51:44,972 [grpc-default-executor-6] WARN  server.GrpcLogAppender (LogUtils.java:warn(134)) - 09667cd7-469d-4450-b7d6-bfa43032ac6a@group-D2DDA09F38B3->3eba0ff5-def1-46c6-a9bd-a10bbd02f1ce-AppendLogResponseHandler: Failed appendEntries: org.apache.ratis.thirdparty.io.grpc.StatusRuntimeException: UNAVAILABLE: io exception
2019-11-15 21:51:44,973 [grpc-default-executor-6] INFO  impl.FollowerInfo (FollowerInfo.java:lambda$new$0(51)) - 09667cd7-469d-4450-b7d6-bfa43032ac6a@group-D2DDA09F38B3->3eba0ff5-def1-46c6-a9bd-a10bbd02f1ce: nextIndex: updateUnconditionally 0 -> 0
2019-11-15 21:51:45,127 [grpc-default-executor-6] WARN  server.GrpcLogAppender (LogUtils.java:warn(134)) - 3ab85592-c721-41be-99a8-6d8df6ca420d@group-A70227FA7EAC->3c01ffb1-b295-42d9-9874-9e0ba4053462-AppendLogResponseHandler: Failed appendEntries: org.apache.ratis.thirdparty.io.grpc.StatusRuntimeException: UNAVAILABLE: io exception
2019-11-15 21:51:45,127 [grpc-default-executor-6] INFO  impl.FollowerInfo (FollowerInfo.java:lambda$new$0(51)) - 3ab85592-c721-41be-99a8-6d8df6ca420d@group-A70227FA7EAC->3c01ffb1-b295-42d9-9874-9e0ba4053462: nextIndex: updateUnconditionally 0 -> 0
2019-11-15 21:51:45,319 [grpc-default-executor-4] WARN  server.GrpcLogAppender (LogUtils.java:warn(134)) - dfb71ea8-5a43-4574-802a-eb8470866674@group-9378708D725D->81d95af4-28c6-42b2-8e7d-ef28ff90d39a-AppendLogResponseHandler: Failed appendEntries: org.apache.ratis.thirdparty.io.grpc.StatusRuntimeException: UNAVAILABLE: io exception
2019-11-15 21:51:45,319 [grpc-default-executor-4] INFO  impl.FollowerInfo (FollowerInfo.java:lambda$new$0(51)) - dfb71ea8-5a43-4574-802a-eb8470866674@group-9378708D725D->81d95af4-28c6-42b2-8e7d-ef28ff90d39a: nextIndex: updateUnconditionally 0 -> 0
2019-11-15 21:51:45,473 [grpc-default-executor-6] WARN  server.GrpcLogAppender (LogUtils.java:warn(134)) - 09667cd7-469d-4450-b7d6-bfa43032ac6a@group-D2DDA09F38B3->3eba0ff5-def1-46c6-a9bd-a10bbd02f1ce-AppendLogResponseHandler: Failed appendEntries: org.apache.ratis.thirdparty.io.grpc.StatusRuntimeException: UNAVAILABLE: io exception
2019-11-15 21:51:45,473 [grpc-default-executor-6] INFO  impl.FollowerInfo (FollowerInfo.java:lambda$new$0(51)) - 09667cd7-469d-4450-b7d6-bfa43032ac6a@group-D2DDA09F38B3->3eba0ff5-def1-46c6-a9bd-a10bbd02f1ce: nextIndex: updateUnconditionally 0 -> 0
2019-11-15 21:51:45,628 [grpc-default-executor-6] WARN  server.GrpcLogAppender (LogUtils.java:warn(134)) - 3ab85592-c721-41be-99a8-6d8df6ca420d@group-A70227FA7EAC->3c01ffb1-b295-42d9-9874-9e0ba4053462-AppendLogResponseHandler: Failed appendEntries: org.apache.ratis.thirdparty.io.grpc.StatusRuntimeException: UNAVAILABLE: io exception
2019-11-15 21:51:45,628 [grpc-default-executor-6] INFO  impl.FollowerInfo (FollowerInfo.java:lambda$new$0(51)) - 3ab85592-c721-41be-99a8-6d8df6ca420d@group-A70227FA7EAC->3c01ffb1-b295-42d9-9874-9e0ba4053462: nextIndex: updateUnconditionally 0 -> 0
2019-11-15 21:51:45,819 [grpc-default-executor-6] WARN  server.GrpcLogAppender (LogUtils.java:warn(134)) - dfb71ea8-5a43-4574-802a-eb8470866674@group-9378708D725D->81d95af4-28c6-42b2-8e7d-ef28ff90d39a-AppendLogResponseHandler: Failed appendEntries: org.apache.ratis.thirdparty.io.grpc.StatusRuntimeException: UNAVAILABLE: io exception
2019-11-15 21:51:45,820 [grpc-default-executor-6] INFO  impl.FollowerInfo (FollowerInfo.java:lambda$new$0(51)) - dfb71ea8-5a43-4574-802a-eb8470866674@group-9378708D725D->81d95af4-28c6-42b2-8e7d-ef28ff90d39a: nextIndex: updateUnconditionally 0 -> 0
2019-11-15 21:51:45,974 [grpc-default-executor-2] WARN  server.GrpcLogAppender (LogUtils.java:warn(134)) - 09667cd7-469d-4450-b7d6-bfa43032ac6a@group-D2DDA09F38B3->3eba0ff5-def1-46c6-a9bd-a10bbd02f1ce-AppendLogResponseHandler: Failed appendEntries: org.apache.ratis.thirdparty.io.grpc.StatusRuntimeException: UNAVAILABLE: io exception
2019-11-15 21:51:45,974 [grpc-default-executor-2] INFO  impl.FollowerInfo (FollowerInfo.java:lambda$new$0(51)) - 09667cd7-469d-4450-b7d6-bfa43032ac6a@group-D2DDA09F38B3->3eba0ff5-def1-46c6-a9bd-a10bbd02f1ce: nextIndex: updateUnconditionally 0 -> 0
2019-11-15 21:51:46,129 [grpc-default-executor-2] WARN  server.GrpcLogAppender (LogUtils.java:warn(134)) - 3ab85592-c721-41be-99a8-6d8df6ca420d@group-A70227FA7EAC->3c01ffb1-b295-42d9-9874-9e0ba4053462-AppendLogResponseHandler: Failed appendEntries: org.apache.ratis.thirdparty.io.grpc.StatusRuntimeException: UNAVAILABLE: io exception
2019-11-15 21:51:46,129 [grpc-default-executor-2] INFO  impl.FollowerInfo (FollowerInfo.java:lambda$new$0(51)) - 3ab85592-c721-41be-99a8-6d8df6ca420d@group-A70227FA7EAC->3c01ffb1-b295-42d9-9874-9e0ba4053462: nextIndex: updateUnconditionally 0 -> 0
2019-11-15 21:51:46,323 [grpc-default-executor-2] WARN  server.GrpcLogAppender (LogUtils.java:warn(134)) - dfb71ea8-5a43-4574-802a-eb8470866674@group-9378708D725D->81d95af4-28c6-42b2-8e7d-ef28ff90d39a-AppendLogResponseHandler: Failed appendEntries: org.apache.ratis.thirdparty.io.grpc.StatusRuntimeException: UNAVAILABLE: io exception
2019-11-15 21:51:46,324 [grpc-default-executor-2] INFO  impl.FollowerInfo (FollowerInfo.java:lambda$new$0(51)) - dfb71ea8-5a43-4574-802a-eb8470866674@group-9378708D725D->81d95af4-28c6-42b2-8e7d-ef28ff90d39a: nextIndex: updateUnconditionally 0 -> 0
2019-11-15 21:51:46,475 [grpc-default-executor-6] WARN  server.GrpcLogAppender (LogUtils.java:warn(134)) - 09667cd7-469d-4450-b7d6-bfa43032ac6a@group-D2DDA09F38B3->3eba0ff5-def1-46c6-a9bd-a10bbd02f1ce-AppendLogResponseHandler: Failed appendEntries: org.apache.ratis.thirdparty.io.grpc.StatusRuntimeException: UNAVAILABLE: io exception
2019-11-15 21:51:46,475 [grpc-default-executor-6] INFO  impl.FollowerInfo (FollowerInfo.java:lambda$new$0(51)) - 09667cd7-469d-4450-b7d6-bfa43032ac6a@group-D2DDA09F38B3->3eba0ff5-def1-46c6-a9bd-a10bbd02f1ce: nextIndex: updateUnconditionally 0 -> 0
2019-11-15 21:51:46,629 [grpc-default-executor-6] WARN  server.GrpcLogAppender (LogUtils.java:warn(134)) - 3ab85592-c721-41be-99a8-6d8df6ca420d@group-A70227FA7EAC->3c01ffb1-b295-42d9-9874-9e0ba4053462-AppendLogResponseHandler: Failed appendEntries: org.apache.ratis.thirdparty.io.grpc.StatusRuntimeException: UNAVAILABLE: io exception
2019-11-15 21:51:46,629 [grpc-default-executor-6] INFO  impl.FollowerInfo (FollowerInfo.java:lambda$new$0(51)) - 3ab85592-c721-41be-99a8-6d8df6ca420d@group-A70227FA7EAC->3c01ffb1-b295-42d9-9874-9e0ba4053462: nextIndex: updateUnconditionally 0 -> 0
2019-11-15 21:51:46,827 [grpc-default-executor-2] WARN  server.GrpcLogAppender (LogUtils.java:warn(134)) - dfb71ea8-5a43-4574-802a-eb8470866674@group-9378708D725D->81d95af4-28c6-42b2-8e7d-ef28ff90d39a-AppendLogResponseHandler: Failed appendEntries: org.apache.ratis.thirdparty.io.grpc.StatusRuntimeException: UNAVAILABLE: io exception
2019-11-15 21:51:46,828 [grpc-default-executor-2] INFO  impl.FollowerInfo (FollowerInfo.java:lambda$new$0(51)) - dfb71ea8-5a43-4574-802a-eb8470866674@group-9378708D725D->81d95af4-28c6-42b2-8e7d-ef28ff90d39a: nextIndex: updateUnconditionally 0 -> 0
2019-11-15 21:51:46,975 [grpc-default-executor-2] WARN  server.GrpcLogAppender (LogUtils.java:warn(134)) - 09667cd7-469d-4450-b7d6-bfa43032ac6a@group-D2DDA09F38B3->3eba0ff5-def1-46c6-a9bd-a10bbd02f1ce-AppendLogResponseHandler: Failed appendEntries: org.apache.ratis.thirdparty.io.grpc.StatusRuntimeException: UNAVAILABLE: io exception
2019-11-15 21:51:46,975 [grpc-default-executor-2] INFO  impl.FollowerInfo (FollowerInfo.java:lambda$new$0(51)) - 09667cd7-469d-4450-b7d6-bfa43032ac6a@group-D2DDA09F38B3->3eba0ff5-def1-46c6-a9bd-a10bbd02f1ce: nextIndex: updateUnconditionally 0 -> 0
2019-11-15 21:51:47,130 [grpc-default-executor-2] WARN  server.GrpcLogAppender (LogUtils.java:warn(134)) - 3ab85592-c721-41be-99a8-6d8df6ca420d@group-A70227FA7EAC->3c01ffb1-b295-42d9-9874-9e0ba4053462-AppendLogResponseHandler: Failed appendEntries: org.apache.ratis.thirdparty.io.grpc.StatusRuntimeException: UNAVAILABLE: io exception
2019-11-15 21:51:47,130 [grpc-default-executor-2] INFO  impl.FollowerInfo (FollowerInfo.java:lambda$new$0(51)) - 3ab85592-c721-41be-99a8-6d8df6ca420d@group-A70227FA7EAC->3c01ffb1-b295-42d9-9874-9e0ba4053462: nextIndex: updateUnconditionally 0 -> 0
2019-11-15 21:51:47,322 [grpc-default-executor-2] WARN  server.GrpcLogAppender (LogUtils.java:warn(134)) - dfb71ea8-5a43-4574-802a-eb8470866674@group-9378708D725D->81d95af4-28c6-42b2-8e7d-ef28ff90d39a-AppendLogResponseHandler: Failed appendEntries: org.apache.ratis.thirdparty.io.grpc.StatusRuntimeException: UNAVAILABLE: io exception
2019-11-15 21:51:47,323 [grpc-default-executor-2] INFO  impl.FollowerInfo (FollowerInfo.java:lambda$new$0(51)) - dfb71ea8-5a43-4574-802a-eb8470866674@group-9378708D725D->81d95af4-28c6-42b2-8e7d-ef28ff90d39a: nextIndex: updateUnconditionally 0 -> 0
2019-11-15 21:51:47,475 [grpc-default-executor-6] WARN  server.GrpcLogAppender (LogUtils.java:warn(134)) - 09667cd7-469d-4450-b7d6-bfa43032ac6a@group-D2DDA09F38B3->3eba0ff5-def1-46c6-a9bd-a10bbd02f1ce-AppendLogResponseHandler: Failed appendEntries: org.apache.ratis.thirdparty.io.grpc.StatusRuntimeException: UNAVAILABLE: io exception
2019-11-15 21:51:47,476 [grpc-default-executor-6] INFO  impl.FollowerInfo (FollowerInfo.java:lambda$new$0(51)) - 09667cd7-469d-4450-b7d6-bfa43032ac6a@group-D2DDA09F38B3->3eba0ff5-def1-46c6-a9bd-a10bbd02f1ce: nextIndex: updateUnconditionally 0 -> 0
2019-11-15 21:51:47,631 [grpc-default-executor-4] WARN  server.GrpcLogAppender (LogUtils.java:warn(134)) - 3ab85592-c721-41be-99a8-6d8df6ca420d@group-A70227FA7EAC->3c01ffb1-b295-42d9-9874-9e0ba4053462-AppendLogResponseHandler: Failed appendEntries: org.apache.ratis.thirdparty.io.grpc.StatusRuntimeException: UNAVAILABLE: io exception
2019-11-15 21:51:47,631 [grpc-default-executor-4] INFO  impl.FollowerInfo (FollowerInfo.java:lambda$new$0(51)) - 3ab85592-c721-41be-99a8-6d8df6ca420d@group-A70227FA7EAC->3c01ffb1-b295-42d9-9874-9e0ba4053462: nextIndex: updateUnconditionally 0 -> 0
2019-11-15 21:51:47,823 [grpc-default-executor-4] WARN  server.GrpcLogAppender (LogUtils.java:warn(134)) - dfb71ea8-5a43-4574-802a-eb8470866674@group-9378708D725D->81d95af4-28c6-42b2-8e7d-ef28ff90d39a-AppendLogResponseHandler: Failed appendEntries: org.apache.ratis.thirdparty.io.grpc.StatusRuntimeException: UNAVAILABLE: io exception
2019-11-15 21:51:47,824 [grpc-default-executor-4] INFO  impl.FollowerInfo (FollowerInfo.java:lambda$new$0(51)) - dfb71ea8-5a43-4574-802a-eb8470866674@group-9378708D725D->81d95af4-28c6-42b2-8e7d-ef28ff90d39a: nextIndex: updateUnconditionally 0 -> 0
2019-11-15 21:51:47,976 [grpc-default-executor-4] WARN  server.GrpcLogAppender (LogUtils.java:warn(134)) - 09667cd7-469d-4450-b7d6-bfa43032ac6a@group-D2DDA09F38B3->3eba0ff5-def1-46c6-a9bd-a10bbd02f1ce-AppendLogResponseHandler: Failed appendEntries: org.apache.ratis.thirdparty.io.grpc.StatusRuntimeException: UNAVAILABLE: io exception
2019-11-15 21:51:47,976 [grpc-default-executor-4] INFO  impl.FollowerInfo (FollowerInfo.java:lambda$new$0(51)) - 09667cd7-469d-4450-b7d6-bfa43032ac6a@group-D2DDA09F38B3->3eba0ff5-def1-46c6-a9bd-a10bbd02f1ce: nextIndex: updateUnconditionally 0 -> 0
2019-11-15 21:51:48,132 [grpc-default-executor-4] WARN  server.GrpcLogAppender (LogUtils.java:warn(134)) - 3ab85592-c721-41be-99a8-6d8df6ca420d@group-A70227FA7EAC->3c01ffb1-b295-42d9-9874-9e0ba4053462-AppendLogResponseHandler: Failed appendEntries: org.apache.ratis.thirdparty.io.grpc.StatusRuntimeException: UNAVAILABLE: io exception
2019-11-15 21:51:48,132 [grpc-default-executor-4] INFO  impl.FollowerInfo (FollowerInfo.java:lambda$new$0(51)) - 3ab85592-c721-41be-99a8-6d8df6ca420d@group-A70227FA7EAC->3c01ffb1-b295-42d9-9874-9e0ba4053462: nextIndex: updateUnconditionally 0 -> 0
2019-11-15 21:51:48,178 [ForkJoinPool.commonPool-worker-1] INFO  ozoneimpl.OzoneContainer (OzoneContainer.java:stop(244)) - Attempting to stop container services.
2019-11-15 21:51:48,178 [ForkJoinPool.commonPool-worker-1] INFO  impl.RaftServerProxy (RaftServerProxy.java:lambda$close$4(314)) - 25a1269d-d7cc-4acf-80e8-5992809da5ba: close
2019-11-15 21:51:48,179 [ForkJoinPool.commonPool-worker-1] INFO  impl.RaftServerImpl (RaftServerImpl.java:lambda$shutdown$3(250)) - 25a1269d-d7cc-4acf-80e8-5992809da5ba@group-9378708D725D: shutdown
2019-11-15 21:51:48,179 [ForkJoinPool.commonPool-worker-1] INFO  util.JmxRegister (JmxRegister.java:unregister(73)) - Successfully un-registered JMX Bean with object name Ratis:service=RaftServer,group=group-9378708D725D,id=25a1269d-d7cc-4acf-80e8-5992809da5ba
2019-11-15 21:51:48,179 [ForkJoinPool.commonPool-worker-1] INFO  impl.RoleInfo (RoleInfo.java:shutdownFollowerState(121)) - 25a1269d-d7cc-4acf-80e8-5992809da5ba: shutdown FollowerState
2019-11-15 21:51:48,180 [ForkJoinPool.commonPool-worker-1] INFO  impl.StateMachineUpdater (StateMachineUpdater.java:stopAndJoin(136)) - 25a1269d-d7cc-4acf-80e8-5992809da5ba@group-9378708D725D-StateMachineUpdater: set stopIndex = 8
2019-11-15 21:51:48,180 [Thread-4361] INFO  impl.FollowerState (FollowerState.java:run(120)) - 25a1269d-d7cc-4acf-80e8-5992809da5ba@group-9378708D725D-FollowerState was interrupted: java.lang.InterruptedException: sleep interrupted
2019-11-15 21:51:48,180 [25a1269d-d7cc-4acf-80e8-5992809da5ba@group-9378708D725D-StateMachineUpdater] INFO  ratis.ContainerStateMachine (ContainerStateMachine.java:takeSnapshot(285)) - group-9378708D725D: Taking a snapshot at:(t:1, i:4) file /workdir/hadoop-ozone/integration-test/target/test-dir/MiniOzoneClusterImpl-e150a234-18da-4756-b2e5-8eb09f38746c/datanode-3/data/ratis/d48de760-69db-4157-9478-9378708d725d/sm/snapshot.1_4
2019-11-15 21:51:48,183 [main] INFO  ozoneimpl.OzoneContainer (OzoneContainer.java:stop(244)) - Attempting to stop container services.
2019-11-15 21:51:48,183 [main] INFO  impl.RaftServerProxy (RaftServerProxy.java:lambda$close$4(314)) - 09667cd7-469d-4450-b7d6-bfa43032ac6a: close
2019-11-15 21:51:48,184 [main] INFO  impl.RaftServerImpl (RaftServerImpl.java:lambda$shutdown$3(250)) - 09667cd7-469d-4450-b7d6-bfa43032ac6a@group-D2DDA09F38B3: shutdown
2019-11-15 21:51:48,184 [main] INFO  util.JmxRegister (JmxRegister.java:unregister(73)) - Successfully un-registered JMX Bean with object name Ratis:service=RaftServer,group=group-D2DDA09F38B3,id=09667cd7-469d-4450-b7d6-bfa43032ac6a
2019-11-15 21:51:48,184 [main] INFO  impl.RoleInfo (RoleInfo.java:shutdownLeaderState(104)) - 09667cd7-469d-4450-b7d6-bfa43032ac6a: shutdown LeaderState
2019-11-15 21:51:48,188 [org.apache.ratis.server.impl.LogAppender$AppenderDaemon$$Lambda$472/95030288@6ebd30d4] WARN  server.GrpcLogAppender (GrpcLogAppender.java:mayWait(151)) - 09667cd7-469d-4450-b7d6-bfa43032ac6a@group-D2DDA09F38B3->3eba0ff5-def1-46c6-a9bd-a10bbd02f1ce-GrpcLogAppender: Wait interrupted by java.lang.InterruptedException
2019-11-15 21:51:48,188 [org.apache.ratis.server.impl.LogAppender$AppenderDaemon$$Lambda$472/95030288@2bbfa367] WARN  server.GrpcLogAppender (GrpcLogAppender.java:mayWait(151)) - 09667cd7-469d-4450-b7d6-bfa43032ac6a@group-D2DDA09F38B3->5e156848-495c-4d88-99d1-5a745ca90ed0-GrpcLogAppender: Wait interrupted by java.lang.InterruptedException
2019-11-15 21:51:48,188 [main] INFO  impl.PendingRequests (PendingRequests.java:sendNotLeaderResponses(206)) - 09667cd7-469d-4450-b7d6-bfa43032ac6a@group-D2DDA09F38B3-PendingRequests: sendNotLeaderResponses
2019-11-15 21:51:48,189 [main] INFO  impl.StateMachineUpdater (StateMachineUpdater.java:stopAndJoin(136)) - 09667cd7-469d-4450-b7d6-bfa43032ac6a@group-D2DDA09F38B3-StateMachineUpdater: set stopIndex = 0
2019-11-15 21:51:48,189 [grpc-default-executor-4] INFO  server.GrpcServerProtocolService (GrpcServerProtocolService.java:onCompleted(113)) - 5e156848-495c-4d88-99d1-5a745ca90ed0: Completed APPEND_ENTRIES, lastRequest: 09667cd7-469d-4450-b7d6-bfa43032ac6a->5e156848-495c-4d88-99d1-5a745ca90ed0#30-t1, previous=(t:1, i:0), leaderCommit=0, initializing? false, entries: <empty>
2019-11-15 21:51:48,190 [main] INFO  impl.RaftServerImpl (ServerState.java:close(387)) - 09667cd7-469d-4450-b7d6-bfa43032ac6a@group-D2DDA09F38B3: closes. applyIndex: 0
2019-11-15 21:51:48,190 [grpc-default-executor-6] INFO  server.GrpcLogAppender (GrpcLogAppender.java:onCompleted(308)) - 09667cd7-469d-4450-b7d6-bfa43032ac6a@group-D2DDA09F38B3->5e156848-495c-4d88-99d1-5a745ca90ed0-AppendLogResponseHandler: follower responses appendEntries COMPLETED
2019-11-15 21:51:48,190 [09667cd7-469d-4450-b7d6-bfa43032ac6a@group-D2DDA09F38B3-SegmentedRaftLogWorker] INFO  segmented.SegmentedRaftLogWorker (SegmentedRaftLogWorker.java:run(316)) - 09667cd7-469d-4450-b7d6-bfa43032ac6a@group-D2DDA09F38B3-SegmentedRaftLogWorker was interrupted, exiting. There are 0 tasks remaining in the queue.
2019-11-15 21:51:48,192 [main] INFO  segmented.SegmentedRaftLogWorker (SegmentedRaftLogWorker.java:close(224)) - 09667cd7-469d-4450-b7d6-bfa43032ac6a@group-D2DDA09F38B3-SegmentedRaftLogWorker close()
2019-11-15 21:51:48,192 [grpc-default-executor-6] INFO  impl.FollowerInfo (FollowerInfo.java:lambda$new$0(51)) - 09667cd7-469d-4450-b7d6-bfa43032ac6a@group-D2DDA09F38B3->5e156848-495c-4d88-99d1-5a745ca90ed0: nextIndex: updateUnconditionally 1 -> 0
2019-11-15 21:51:48,193 [main] INFO  impl.RaftServerImpl (RaftServerImpl.java:lambda$shutdown$3(250)) - 09667cd7-469d-4450-b7d6-bfa43032ac6a@group-E5FC80F7F3D6: shutdown
2019-11-15 21:51:48,193 [main] INFO  util.JmxRegister (JmxRegister.java:unregister(73)) - Successfully un-registered JMX Bean with object name Ratis:service=RaftServer,group=group-E5FC80F7F3D6,id=09667cd7-469d-4450-b7d6-bfa43032ac6a
2019-11-15 21:51:48,193 [main] INFO  impl.RoleInfo (RoleInfo.java:shutdownLeaderState(104)) - 09667cd7-469d-4450-b7d6-bfa43032ac6a: shutdown LeaderState
2019-11-15 21:51:48,194 [main] INFO  impl.PendingRequests (PendingRequests.java:sendNotLeaderResponses(206)) - 09667cd7-469d-4450-b7d6-bfa43032ac6a@group-E5FC80F7F3D6-PendingRequests: sendNotLeaderResponses
2019-11-15 21:51:48,194 [main] INFO  impl.StateMachineUpdater (StateMachineUpdater.java:stopAndJoin(136)) - 09667cd7-469d-4450-b7d6-bfa43032ac6a@group-E5FC80F7F3D6-StateMachineUpdater: set stopIndex = 0
2019-11-15 21:51:48,194 [main] INFO  impl.RaftServerImpl (ServerState.java:close(387)) - 09667cd7-469d-4450-b7d6-bfa43032ac6a@group-E5FC80F7F3D6: closes. applyIndex: 0
2019-11-15 21:51:48,194 [25a1269d-d7cc-4acf-80e8-5992809da5ba@group-9378708D725D-StateMachineUpdater] INFO  ratis.ContainerStateMachine (ContainerStateMachine.java:takeSnapshot(296)) - group-9378708D725D: Finished taking a snapshot at:(t:1, i:4) file:/workdir/hadoop-ozone/integration-test/target/test-dir/MiniOzoneClusterImpl-e150a234-18da-4756-b2e5-8eb09f38746c/datanode-3/data/ratis/d48de760-69db-4157-9478-9378708d725d/sm/snapshot.1_4 time:14
2019-11-15 21:51:48,194 [09667cd7-469d-4450-b7d6-bfa43032ac6a@group-E5FC80F7F3D6-SegmentedRaftLogWorker] INFO  segmented.SegmentedRaftLogWorker (SegmentedRaftLogWorker.java:run(316)) - 09667cd7-469d-4450-b7d6-bfa43032ac6a@group-E5FC80F7F3D6-SegmentedRaftLogWorker was interrupted, exiting. There are 0 tasks remaining in the queue.
2019-11-15 21:51:48,196 [main] INFO  segmented.SegmentedRaftLogWorker (SegmentedRaftLogWorker.java:close(224)) - 09667cd7-469d-4450-b7d6-bfa43032ac6a@group-E5FC80F7F3D6-SegmentedRaftLogWorker close()
2019-11-15 21:51:48,196 [25a1269d-d7cc-4acf-80e8-5992809da5ba@group-9378708D725D-StateMachineUpdater] INFO  impl.StateMachineUpdater (StateMachineUpdater.java:takeSnapshot(269)) - 25a1269d-d7cc-4acf-80e8-5992809da5ba@group-9378708D725D-StateMachineUpdater: Took a snapshot at index 4
2019-11-15 21:51:48,197 [main] INFO  server.GrpcService (GrpcService.java:closeImpl(164)) - 09667cd7-469d-4450-b7d6-bfa43032ac6a: shutdown server with port 41749 now
2019-11-15 21:51:48,197 [25a1269d-d7cc-4acf-80e8-5992809da5ba@group-9378708D725D-StateMachineUpdater] INFO  impl.StateMachineUpdater (StateMachineUpdater.java:lambda$new$0(84)) - 25a1269d-d7cc-4acf-80e8-5992809da5ba@group-9378708D725D-StateMachineUpdater: snapshotIndex: updateIncreasingly -1 -> 4
2019-11-15 21:51:48,198 [main] INFO  server.GrpcService (GrpcService.java:closeImpl(172)) - 09667cd7-469d-4450-b7d6-bfa43032ac6a: shutdown server with port 41749 successfully
2019-11-15 21:51:48,198 [25a1269d-d7cc-4acf-80e8-5992809da5ba@group-9378708D725D-StateMachineUpdater] INFO  ratis.ContainerStateMachine (ContainerStateMachine.java:takeSnapshot(285)) - group-9378708D725D: Taking a snapshot at:(t:1, i:4) file /workdir/hadoop-ozone/integration-test/target/test-dir/MiniOzoneClusterImpl-e150a234-18da-4756-b2e5-8eb09f38746c/datanode-3/data/ratis/d48de760-69db-4157-9478-9378708d725d/sm/snapshot.1_4
2019-11-15 21:51:48,200 [refreshUsed-/workdir/hadoop-ozone/integration-test/target/test-dir/MiniOzoneClusterImpl-e150a234-18da-4756-b2e5-8eb09f38746c/datanode-6/data/containers] WARN  fs.CachingGetSpaceUsed (CachingGetSpaceUsed.java:run(183)) - Thread Interrupted waiting to refresh disk information: sleep interrupted
2019-11-15 21:51:48,211 [25a1269d-d7cc-4acf-80e8-5992809da5ba@group-9378708D725D-StateMachineUpdater] INFO  ratis.ContainerStateMachine (ContainerStateMachine.java:takeSnapshot(296)) - group-9378708D725D: Finished taking a snapshot at:(t:1, i:4) file:/workdir/hadoop-ozone/integration-test/target/test-dir/MiniOzoneClusterImpl-e150a234-18da-4756-b2e5-8eb09f38746c/datanode-3/data/ratis/d48de760-69db-4157-9478-9378708d725d/sm/snapshot.1_4 time:13
2019-11-15 21:51:48,211 [25a1269d-d7cc-4acf-80e8-5992809da5ba@group-9378708D725D-StateMachineUpdater] INFO  impl.StateMachineUpdater (StateMachineUpdater.java:takeSnapshot(269)) - 25a1269d-d7cc-4acf-80e8-5992809da5ba@group-9378708D725D-StateMachineUpdater: Took a snapshot at index 4
2019-11-15 21:51:48,211 [25a1269d-d7cc-4acf-80e8-5992809da5ba@group-9378708D725D-StateMachineUpdater] INFO  impl.StateMachineUpdater (StateMachineUpdater.java:lambda$new$0(84)) - 25a1269d-d7cc-4acf-80e8-5992809da5ba@group-9378708D725D-StateMachineUpdater: snapshotIndex: updateIncreasingly 4 -> 4
2019-11-15 21:51:48,211 [ForkJoinPool.commonPool-worker-1] INFO  impl.RaftServerImpl (ServerState.java:close(387)) - 25a1269d-d7cc-4acf-80e8-5992809da5ba@group-9378708D725D: closes. applyIndex: 8
2019-11-15 21:51:48,212 [25a1269d-d7cc-4acf-80e8-5992809da5ba@group-9378708D725D-SegmentedRaftLogWorker] INFO  segmented.SegmentedRaftLogWorker (SegmentedRaftLogWorker.java:run(316)) - 25a1269d-d7cc-4acf-80e8-5992809da5ba@group-9378708D725D-SegmentedRaftLogWorker was interrupted, exiting. There are 0 tasks remaining in the queue.
2019-11-15 21:51:48,213 [ForkJoinPool.commonPool-worker-1] INFO  segmented.SegmentedRaftLogWorker (SegmentedRaftLogWorker.java:close(224)) - 25a1269d-d7cc-4acf-80e8-5992809da5ba@group-9378708D725D-SegmentedRaftLogWorker close()
2019-11-15 21:51:48,214 [ForkJoinPool.commonPool-worker-1] INFO  impl.RaftServerImpl (RaftServerImpl.java:lambda$shutdown$3(250)) - 25a1269d-d7cc-4acf-80e8-5992809da5ba@group-D9EECF04EEAA: shutdown
2019-11-15 21:51:48,214 [ForkJoinPool.commonPool-worker-1] INFO  util.JmxRegister (JmxRegister.java:unregister(73)) - Successfully un-registered JMX Bean with object name Ratis:service=RaftServer,group=group-D9EECF04EEAA,id=25a1269d-d7cc-4acf-80e8-5992809da5ba
2019-11-15 21:51:48,214 [ForkJoinPool.commonPool-worker-1] INFO  impl.RoleInfo (RoleInfo.java:shutdownLeaderState(104)) - 25a1269d-d7cc-4acf-80e8-5992809da5ba: shutdown LeaderState
2019-11-15 21:51:48,214 [ForkJoinPool.commonPool-worker-1] INFO  impl.PendingRequests (PendingRequests.java:sendNotLeaderResponses(206)) - 25a1269d-d7cc-4acf-80e8-5992809da5ba@group-D9EECF04EEAA-PendingRequests: sendNotLeaderResponses
2019-11-15 21:51:48,214 [ForkJoinPool.commonPool-worker-1] INFO  impl.StateMachineUpdater (StateMachineUpdater.java:stopAndJoin(136)) - 25a1269d-d7cc-4acf-80e8-5992809da5ba@group-D9EECF04EEAA-StateMachineUpdater: set stopIndex = 0
2019-11-15 21:51:48,215 [ForkJoinPool.commonPool-worker-1] INFO  impl.RaftServerImpl (ServerState.java:close(387)) - 25a1269d-d7cc-4acf-80e8-5992809da5ba@group-D9EECF04EEAA: closes. applyIndex: 0
2019-11-15 21:51:48,215 [25a1269d-d7cc-4acf-80e8-5992809da5ba@group-D9EECF04EEAA-SegmentedRaftLogWorker] INFO  segmented.SegmentedRaftLogWorker (SegmentedRaftLogWorker.java:run(316)) - 25a1269d-d7cc-4acf-80e8-5992809da5ba@group-D9EECF04EEAA-SegmentedRaftLogWorker was interrupted, exiting. There are 0 tasks remaining in the queue.
2019-11-15 21:51:48,215 [ForkJoinPool.commonPool-worker-1] INFO  segmented.SegmentedRaftLogWorker (SegmentedRaftLogWorker.java:close(224)) - 25a1269d-d7cc-4acf-80e8-5992809da5ba@group-D9EECF04EEAA-SegmentedRaftLogWorker close()
2019-11-15 21:51:48,215 [ForkJoinPool.commonPool-worker-1] INFO  server.GrpcService (GrpcService.java:closeImpl(164)) - 25a1269d-d7cc-4acf-80e8-5992809da5ba: shutdown server with port 46315 now
2019-11-15 21:51:48,216 [grpc-default-executor-4] WARN  server.GrpcServerProtocolService (LogUtils.java:warn(134)) - 25a1269d-d7cc-4acf-80e8-5992809da5ba: installSnapshot onError, lastRequest: dfb71ea8-5a43-4574-802a-eb8470866674->25a1269d-d7cc-4acf-80e8-5992809da5ba#9-t2, previous=(t:2, i:8), leaderCommit=8, initializing? false, entries: <empty>: org.apache.ratis.thirdparty.io.grpc.StatusRuntimeException: CANCELLED: cancelled before receiving half close
2019-11-15 21:51:48,216 [ForkJoinPool.commonPool-worker-1] INFO  server.GrpcService (GrpcService.java:closeImpl(172)) - 25a1269d-d7cc-4acf-80e8-5992809da5ba: shutdown server with port 46315 successfully
2019-11-15 21:51:48,216 [grpc-default-executor-6] WARN  server.GrpcLogAppender (LogUtils.java:warn(134)) - dfb71ea8-5a43-4574-802a-eb8470866674@group-9378708D725D->25a1269d-d7cc-4acf-80e8-5992809da5ba-AppendLogResponseHandler: Failed appendEntries: org.apache.ratis.thirdparty.io.grpc.StatusRuntimeException: CANCELLED: HTTP/2 error code: CANCEL
Received Rst Stream
2019-11-15 21:51:48,217 [grpc-default-executor-6] INFO  impl.FollowerInfo (FollowerInfo.java:lambda$new$0(51)) - dfb71ea8-5a43-4574-802a-eb8470866674@group-9378708D725D->25a1269d-d7cc-4acf-80e8-5992809da5ba: nextIndex: updateUnconditionally 9 -> 8
2019-11-15 21:51:48,218 [refreshUsed-/workdir/hadoop-ozone/integration-test/target/test-dir/MiniOzoneClusterImpl-e150a234-18da-4756-b2e5-8eb09f38746c/datanode-3/data/containers] WARN  fs.CachingGetSpaceUsed (CachingGetSpaceUsed.java:run(183)) - Thread Interrupted waiting to refresh disk information: sleep interrupted
2019-11-15 21:51:48,223 [main] INFO  utils.BackgroundService (BackgroundService.java:shutdown(151)) - Shutting down service BlockDeletingService
2019-11-15 21:51:48,224 [main] INFO  statemachine.DatanodeStateMachine (DatanodeStateMachine.java:stopDaemon(400)) - Ozone container server stopped.
2019-11-15 21:51:48,225 [main] INFO  handler.ContextHandler (ContextHandler.java:doStop(910)) - Stopped o.e.j.w.WebAppContext@26fadd98{/,null,UNAVAILABLE}{/hddsDatanode}
2019-11-15 21:51:48,226 [main] INFO  server.AbstractConnector (AbstractConnector.java:doStop(318)) - Stopped ServerConnector@66451058{HTTP/1.1,[http/1.1]}{0.0.0.0:0}
2019-11-15 21:51:48,226 [main] INFO  handler.ContextHandler (ContextHandler.java:doStop(910)) - Stopped o.e.j.s.ServletContextHandler@19002b34{/static,jar:file:/home/user/.m2/repository/org/apache/hadoop/hadoop-hdds-container-service/0.5.0-SNAPSHOT/hadoop-hdds-container-service-0.5.0-SNAPSHOT.jar!/webapps/static,UNAVAILABLE}
2019-11-15 21:51:48,227 [main] INFO  handler.ContextHandler (ContextHandler.java:doStop(910)) - Stopped o.e.j.s.ServletContextHandler@7cfb8e98{/logs,file:///workdir/hadoop-ozone/integration-test/target/log,UNAVAILABLE}
2019-11-15 21:51:48,235 [ForkJoinPool.commonPool-worker-1] INFO  utils.BackgroundService (BackgroundService.java:shutdown(151)) - Shutting down service BlockDeletingService
2019-11-15 21:51:48,236 [ForkJoinPool.commonPool-worker-1] INFO  statemachine.DatanodeStateMachine (DatanodeStateMachine.java:stopDaemon(400)) - Ozone container server stopped.
2019-11-15 21:51:48,239 [ForkJoinPool.commonPool-worker-1] INFO  handler.ContextHandler (ContextHandler.java:doStop(910)) - Stopped o.e.j.w.WebAppContext@7ac5b4c{/,null,UNAVAILABLE}{/hddsDatanode}
2019-11-15 21:51:48,240 [ForkJoinPool.commonPool-worker-1] INFO  server.AbstractConnector (AbstractConnector.java:doStop(318)) - Stopped ServerConnector@150fc7a7{HTTP/1.1,[http/1.1]}{0.0.0.0:0}
2019-11-15 21:51:48,241 [ForkJoinPool.commonPool-worker-1] INFO  handler.ContextHandler (ContextHandler.java:doStop(910)) - Stopped o.e.j.s.ServletContextHandler@7ec3a8bd{/static,jar:file:/home/user/.m2/repository/org/apache/hadoop/hadoop-hdds-container-service/0.5.0-SNAPSHOT/hadoop-hdds-container-service-0.5.0-SNAPSHOT.jar!/webapps/static,UNAVAILABLE}
2019-11-15 21:51:48,242 [ForkJoinPool.commonPool-worker-1] INFO  handler.ContextHandler (ContextHandler.java:doStop(910)) - Stopped o.e.j.s.ServletContextHandler@5f5297e3{/logs,file:///workdir/hadoop-ozone/integration-test/target/log,UNAVAILABLE}
2019-11-15 21:51:48,260 [Datanode State Machine Thread - 0] INFO  statemachine.DatanodeStateMachine (DatanodeStateMachine.java:lambda$startDaemon$0(355)) - Ozone container server started.
2019-11-15 21:51:48,324 [grpc-default-executor-2] WARN  server.GrpcLogAppender (LogUtils.java:warn(134)) - dfb71ea8-5a43-4574-802a-eb8470866674@group-9378708D725D->81d95af4-28c6-42b2-8e7d-ef28ff90d39a-AppendLogResponseHandler: Failed appendEntries: org.apache.ratis.thirdparty.io.grpc.StatusRuntimeException: UNAVAILABLE: io exception
2019-11-15 21:51:48,324 [grpc-default-executor-2] INFO  impl.FollowerInfo (FollowerInfo.java:lambda$new$0(51)) - dfb71ea8-5a43-4574-802a-eb8470866674@group-9378708D725D->81d95af4-28c6-42b2-8e7d-ef28ff90d39a: nextIndex: updateUnconditionally 0 -> 0
2019-11-15 21:51:48,332 [grpc-default-executor-4] WARN  server.GrpcLogAppender (LogUtils.java:warn(134)) - dfb71ea8-5a43-4574-802a-eb8470866674@group-9378708D725D->25a1269d-d7cc-4acf-80e8-5992809da5ba-AppendLogResponseHandler: Failed appendEntries: org.apache.ratis.thirdparty.io.grpc.StatusRuntimeException: UNAVAILABLE: io exception
2019-11-15 21:51:48,332 [grpc-default-executor-4] INFO  impl.FollowerInfo (FollowerInfo.java:lambda$new$0(51)) - dfb71ea8-5a43-4574-802a-eb8470866674@group-9378708D725D->25a1269d-d7cc-4acf-80e8-5992809da5ba: nextIndex: updateUnconditionally 8 -> 7
2019-11-15 21:51:48,632 [grpc-default-executor-2] WARN  server.GrpcLogAppender (LogUtils.java:warn(134)) - 3ab85592-c721-41be-99a8-6d8df6ca420d@group-A70227FA7EAC->3c01ffb1-b295-42d9-9874-9e0ba4053462-AppendLogResponseHandler: Failed appendEntries: org.apache.ratis.thirdparty.io.grpc.StatusRuntimeException: UNAVAILABLE: io exception
2019-11-15 21:51:48,632 [grpc-default-executor-2] INFO  impl.FollowerInfo (FollowerInfo.java:lambda$new$0(51)) - 3ab85592-c721-41be-99a8-6d8df6ca420d@group-A70227FA7EAC->3c01ffb1-b295-42d9-9874-9e0ba4053462: nextIndex: updateUnconditionally 0 -> 0
2019-11-15 21:51:48,634 [Datanode State Machine Thread - 0] INFO  statemachine.DatanodeStateMachine (DatanodeStateMachine.java:lambda$startDaemon$0(355)) - Ozone container server started.
2019-11-15 21:51:48,824 [grpc-default-executor-6] WARN  server.GrpcLogAppender (LogUtils.java:warn(134)) - dfb71ea8-5a43-4574-802a-eb8470866674@group-9378708D725D->81d95af4-28c6-42b2-8e7d-ef28ff90d39a-AppendLogResponseHandler: Failed appendEntries: org.apache.ratis.thirdparty.io.grpc.StatusRuntimeException: UNAVAILABLE: io exception
2019-11-15 21:51:48,824 [grpc-default-executor-6] INFO  impl.FollowerInfo (FollowerInfo.java:lambda$new$0(51)) - dfb71ea8-5a43-4574-802a-eb8470866674@group-9378708D725D->81d95af4-28c6-42b2-8e7d-ef28ff90d39a: nextIndex: updateUnconditionally 0 -> 0
2019-11-15 21:51:48,833 [grpc-default-executor-6] WARN  server.GrpcLogAppender (LogUtils.java:warn(134)) - dfb71ea8-5a43-4574-802a-eb8470866674@group-9378708D725D->25a1269d-d7cc-4acf-80e8-5992809da5ba-AppendLogResponseHandler: Failed appendEntries: org.apache.ratis.thirdparty.io.grpc.StatusRuntimeException: UNAVAILABLE: io exception
2019-11-15 21:51:48,833 [grpc-default-executor-6] INFO  impl.FollowerInfo (FollowerInfo.java:lambda$new$0(51)) - dfb71ea8-5a43-4574-802a-eb8470866674@group-9378708D725D->25a1269d-d7cc-4acf-80e8-5992809da5ba: nextIndex: updateUnconditionally 7 -> 6
2019-11-15 21:51:49,132 [grpc-default-executor-2] WARN  server.GrpcLogAppender (LogUtils.java:warn(134)) - 3ab85592-c721-41be-99a8-6d8df6ca420d@group-A70227FA7EAC->3c01ffb1-b295-42d9-9874-9e0ba4053462-AppendLogResponseHandler: Failed appendEntries: org.apache.ratis.thirdparty.io.grpc.StatusRuntimeException: UNAVAILABLE: io exception
2019-11-15 21:51:49,133 [grpc-default-executor-2] INFO  impl.FollowerInfo (FollowerInfo.java:lambda$new$0(51)) - 3ab85592-c721-41be-99a8-6d8df6ca420d@group-A70227FA7EAC->3c01ffb1-b295-42d9-9874-9e0ba4053462: nextIndex: updateUnconditionally 0 -> 0
2019-11-15 21:51:49,324 [grpc-default-executor-4] WARN  server.GrpcLogAppender (LogUtils.java:warn(134)) - dfb71ea8-5a43-4574-802a-eb8470866674@group-9378708D725D->81d95af4-28c6-42b2-8e7d-ef28ff90d39a-AppendLogResponseHandler: Failed appendEntries: org.apache.ratis.thirdparty.io.grpc.StatusRuntimeException: UNAVAILABLE: io exception
2019-11-15 21:51:49,325 [grpc-default-executor-4] INFO  impl.FollowerInfo (FollowerInfo.java:lambda$new$0(51)) - dfb71ea8-5a43-4574-802a-eb8470866674@group-9378708D725D->81d95af4-28c6-42b2-8e7d-ef28ff90d39a: nextIndex: updateUnconditionally 0 -> 0
2019-11-15 21:51:49,333 [grpc-default-executor-2] WARN  server.GrpcLogAppender (LogUtils.java:warn(134)) - dfb71ea8-5a43-4574-802a-eb8470866674@group-9378708D725D->25a1269d-d7cc-4acf-80e8-5992809da5ba-AppendLogResponseHandler: Failed appendEntries: org.apache.ratis.thirdparty.io.grpc.StatusRuntimeException: UNAVAILABLE: io exception
2019-11-15 21:51:49,333 [grpc-default-executor-2] INFO  impl.FollowerInfo (FollowerInfo.java:lambda$new$0(51)) - dfb71ea8-5a43-4574-802a-eb8470866674@group-9378708D725D->25a1269d-d7cc-4acf-80e8-5992809da5ba: nextIndex: updateUnconditionally 6 -> 5
2019-11-15 21:51:49,602 [Thread-4189] INFO  impl.FollowerState (FollowerState.java:run(111)) - 5e156848-495c-4d88-99d1-5a745ca90ed0@group-D2DDA09F38B3-FollowerState: change to CANDIDATE, lastRpcTime:1610ms, electionTimeout:1177ms
2019-11-15 21:51:49,603 [Thread-4189] INFO  impl.RoleInfo (RoleInfo.java:shutdownFollowerState(121)) - 5e156848-495c-4d88-99d1-5a745ca90ed0: shutdown FollowerState
2019-11-15 21:51:49,603 [Thread-4189] INFO  impl.RaftServerImpl (RaftServerImpl.java:setRole(173)) - 5e156848-495c-4d88-99d1-5a745ca90ed0@group-D2DDA09F38B3: changes role from  FOLLOWER to CANDIDATE at term 1 for changeToCandidate
2019-11-15 21:51:49,603 [Thread-4189] INFO  impl.RoleInfo (RoleInfo.java:updateAndGet(143)) - 5e156848-495c-4d88-99d1-5a745ca90ed0: start LeaderElection
2019-11-15 21:51:49,603 [5e156848-495c-4d88-99d1-5a745ca90ed0@group-D2DDA09F38B3-LeaderElection229] INFO  impl.RaftServerImpl (ServerState.java:setLeader(255)) - 5e156848-495c-4d88-99d1-5a745ca90ed0@group-D2DDA09F38B3: change Leader from 09667cd7-469d-4450-b7d6-bfa43032ac6a to null at term 1 for initElection
2019-11-15 21:51:49,615 [5e156848-495c-4d88-99d1-5a745ca90ed0@group-D2DDA09F38B3-LeaderElection229] INFO  impl.LeaderElection (LeaderElection.java:askForVotes(178)) - 5e156848-495c-4d88-99d1-5a745ca90ed0@group-D2DDA09F38B3-LeaderElection229: begin an election at term 2 for 0: [3eba0ff5-def1-46c6-a9bd-a10bbd02f1ce:192.168.164.223:32938, 09667cd7-469d-4450-b7d6-bfa43032ac6a:192.168.164.223:41749, 5e156848-495c-4d88-99d1-5a745ca90ed0:192.168.164.223:41251], old=null
2019-11-15 21:51:49,617 [5e156848-495c-4d88-99d1-5a745ca90ed0@group-D2DDA09F38B3-LeaderElection229] INFO  impl.LeaderElection (LogUtils.java:infoOrTrace(149)) - 5e156848-495c-4d88-99d1-5a745ca90ed0@group-D2DDA09F38B3-LeaderElection229 got exception when requesting votes: {}
java.util.concurrent.ExecutionException: org.apache.ratis.thirdparty.io.grpc.StatusRuntimeException: UNAVAILABLE: io exception
	at java.util.concurrent.FutureTask.report(FutureTask.java:122)
	at java.util.concurrent.FutureTask.get(FutureTask.java:192)
	at org.apache.ratis.server.impl.LeaderElection.waitForResults(LeaderElection.java:259)
	at org.apache.ratis.server.impl.LeaderElection.askForVotes(LeaderElection.java:197)
	at org.apache.ratis.server.impl.LeaderElection.run(LeaderElection.java:133)
	at java.lang.Thread.run(Thread.java:748)
Caused by: org.apache.ratis.thirdparty.io.grpc.StatusRuntimeException: UNAVAILABLE: io exception
	at org.apache.ratis.thirdparty.io.grpc.stub.ClientCalls.toStatusRuntimeException(ClientCalls.java:233)
	at org.apache.ratis.thirdparty.io.grpc.stub.ClientCalls.getUnchecked(ClientCalls.java:214)
	at org.apache.ratis.thirdparty.io.grpc.stub.ClientCalls.blockingUnaryCall(ClientCalls.java:139)
	at org.apache.ratis.proto.grpc.RaftServerProtocolServiceGrpc$RaftServerProtocolServiceBlockingStub.requestVote(RaftServerProtocolServiceGrpc.java:265)
	at org.apache.ratis.grpc.server.GrpcServerProtocolClient.requestVote(GrpcServerProtocolClient.java:99)
	at org.apache.ratis.grpc.server.GrpcService.requestVote(GrpcService.java:204)
	at org.apache.ratis.server.impl.LeaderElection.lambda$submitRequests$1(LeaderElection.java:234)
	at java.util.concurrent.FutureTask.run(FutureTask.java:266)
	at java.util.concurrent.Executors$RunnableAdapter.call(Executors.java:511)
	at java.util.concurrent.FutureTask.run(FutureTask.java:266)
	at java.util.concurrent.ThreadPoolExecutor.runWorker(ThreadPoolExecutor.java:1149)
	at java.util.concurrent.ThreadPoolExecutor$Worker.run(ThreadPoolExecutor.java:624)
	... 1 more
Caused by: org.apache.ratis.thirdparty.io.netty.channel.AbstractChannel$AnnotatedConnectException: Connection refused: /192.168.164.223:41749
	at sun.nio.ch.SocketChannelImpl.checkConnect(Native Method)
	at sun.nio.ch.SocketChannelImpl.finishConnect(SocketChannelImpl.java:717)
	at org.apache.ratis.thirdparty.io.netty.channel.socket.nio.NioSocketChannel.doFinishConnect(NioSocketChannel.java:327)
	at org.apache.ratis.thirdparty.io.netty.channel.nio.AbstractNioChannel$AbstractNioUnsafe.finishConnect(AbstractNioChannel.java:340)
	at org.apache.ratis.thirdparty.io.netty.channel.nio.NioEventLoop.processSelectedKey(NioEventLoop.java:632)
	at org.apache.ratis.thirdparty.io.netty.channel.nio.NioEventLoop.processSelectedKeysOptimized(NioEventLoop.java:579)
	at org.apache.ratis.thirdparty.io.netty.channel.nio.NioEventLoop.processSelectedKeys(NioEventLoop.java:496)
	at org.apache.ratis.thirdparty.io.netty.channel.nio.NioEventLoop.run(NioEventLoop.java:458)
	at org.apache.ratis.thirdparty.io.netty.util.concurrent.SingleThreadEventExecutor$5.run(SingleThreadEventExecutor.java:897)
	at org.apache.ratis.thirdparty.io.netty.util.concurrent.FastThreadLocalRunnable.run(FastThreadLocalRunnable.java:30)
	... 1 more
Caused by: java.net.ConnectException: Connection refused
	... 11 more
2019-11-15 21:51:49,617 [5e156848-495c-4d88-99d1-5a745ca90ed0@group-D2DDA09F38B3-LeaderElection229] INFO  impl.LeaderElection (LogUtils.java:infoOrTrace(149)) - 5e156848-495c-4d88-99d1-5a745ca90ed0@group-D2DDA09F38B3-LeaderElection229 got exception when requesting votes: {}
java.util.concurrent.ExecutionException: org.apache.ratis.thirdparty.io.grpc.StatusRuntimeException: UNAVAILABLE: io exception
	at java.util.concurrent.FutureTask.report(FutureTask.java:122)
	at java.util.concurrent.FutureTask.get(FutureTask.java:192)
	at org.apache.ratis.server.impl.LeaderElection.waitForResults(LeaderElection.java:259)
	at org.apache.ratis.server.impl.LeaderElection.askForVotes(LeaderElection.java:197)
	at org.apache.ratis.server.impl.LeaderElection.run(LeaderElection.java:133)
	at java.lang.Thread.run(Thread.java:748)
Caused by: org.apache.ratis.thirdparty.io.grpc.StatusRuntimeException: UNAVAILABLE: io exception
	at org.apache.ratis.thirdparty.io.grpc.stub.ClientCalls.toStatusRuntimeException(ClientCalls.java:233)
	at org.apache.ratis.thirdparty.io.grpc.stub.ClientCalls.getUnchecked(ClientCalls.java:214)
	at org.apache.ratis.thirdparty.io.grpc.stub.ClientCalls.blockingUnaryCall(ClientCalls.java:139)
	at org.apache.ratis.proto.grpc.RaftServerProtocolServiceGrpc$RaftServerProtocolServiceBlockingStub.requestVote(RaftServerProtocolServiceGrpc.java:265)
	at org.apache.ratis.grpc.server.GrpcServerProtocolClient.requestVote(GrpcServerProtocolClient.java:99)
	at org.apache.ratis.grpc.server.GrpcService.requestVote(GrpcService.java:204)
	at org.apache.ratis.server.impl.LeaderElection.lambda$submitRequests$1(LeaderElection.java:234)
	at java.util.concurrent.FutureTask.run(FutureTask.java:266)
	at java.util.concurrent.Executors$RunnableAdapter.call(Executors.java:511)
	at java.util.concurrent.FutureTask.run(FutureTask.java:266)
	at java.util.concurrent.ThreadPoolExecutor.runWorker(ThreadPoolExecutor.java:1149)
	at java.util.concurrent.ThreadPoolExecutor$Worker.run(ThreadPoolExecutor.java:624)
	... 1 more
Caused by: org.apache.ratis.thirdparty.io.netty.channel.AbstractChannel$AnnotatedConnectException: Connection refused: /192.168.164.223:32938
	at sun.nio.ch.SocketChannelImpl.checkConnect(Native Method)
	at sun.nio.ch.SocketChannelImpl.finishConnect(SocketChannelImpl.java:717)
	at org.apache.ratis.thirdparty.io.netty.channel.socket.nio.NioSocketChannel.doFinishConnect(NioSocketChannel.java:327)
	at org.apache.ratis.thirdparty.io.netty.channel.nio.AbstractNioChannel$AbstractNioUnsafe.finishConnect(AbstractNioChannel.java:340)
	at org.apache.ratis.thirdparty.io.netty.channel.nio.NioEventLoop.processSelectedKey(NioEventLoop.java:632)
	at org.apache.ratis.thirdparty.io.netty.channel.nio.NioEventLoop.processSelectedKeysOptimized(NioEventLoop.java:579)
	at org.apache.ratis.thirdparty.io.netty.channel.nio.NioEventLoop.processSelectedKeys(NioEventLoop.java:496)
	at org.apache.ratis.thirdparty.io.netty.channel.nio.NioEventLoop.run(NioEventLoop.java:458)
	at org.apache.ratis.thirdparty.io.netty.util.concurrent.SingleThreadEventExecutor$5.run(SingleThreadEventExecutor.java:897)
	at org.apache.ratis.thirdparty.io.netty.util.concurrent.FastThreadLocalRunnable.run(FastThreadLocalRunnable.java:30)
	... 1 more
Caused by: java.net.ConnectException: Connection refused
	... 11 more
2019-11-15 21:51:49,618 [5e156848-495c-4d88-99d1-5a745ca90ed0@group-D2DDA09F38B3-LeaderElection229] INFO  impl.LeaderElection (LeaderElection.java:logAndReturn(56)) - 5e156848-495c-4d88-99d1-5a745ca90ed0@group-D2DDA09F38B3-LeaderElection229: Election REJECTED; received 0 response(s) [] and 2 exception(s); 5e156848-495c-4d88-99d1-5a745ca90ed0@group-D2DDA09F38B3:t2, leader=null, voted=5e156848-495c-4d88-99d1-5a745ca90ed0, raftlog=5e156848-495c-4d88-99d1-5a745ca90ed0@group-D2DDA09F38B3-SegmentedRaftLog:OPENED:c0,f0,i0, conf=0: [3eba0ff5-def1-46c6-a9bd-a10bbd02f1ce:192.168.164.223:32938, 09667cd7-469d-4450-b7d6-bfa43032ac6a:192.168.164.223:41749, 5e156848-495c-4d88-99d1-5a745ca90ed0:192.168.164.223:41251], old=null
2019-11-15 21:51:49,618 [5e156848-495c-4d88-99d1-5a745ca90ed0@group-D2DDA09F38B3-LeaderElection229] INFO  impl.LeaderElection (LogUtils.java:infoOrTrace(149)) -   Exception 0: {}
java.util.concurrent.ExecutionException: org.apache.ratis.thirdparty.io.grpc.StatusRuntimeException: UNAVAILABLE: io exception
	at java.util.concurrent.FutureTask.report(FutureTask.java:122)
	at java.util.concurrent.FutureTask.get(FutureTask.java:192)
	at org.apache.ratis.server.impl.LeaderElection.waitForResults(LeaderElection.java:259)
	at org.apache.ratis.server.impl.LeaderElection.askForVotes(LeaderElection.java:197)
	at org.apache.ratis.server.impl.LeaderElection.run(LeaderElection.java:133)
	at java.lang.Thread.run(Thread.java:748)
Caused by: org.apache.ratis.thirdparty.io.grpc.StatusRuntimeException: UNAVAILABLE: io exception
	at org.apache.ratis.thirdparty.io.grpc.stub.ClientCalls.toStatusRuntimeException(ClientCalls.java:233)
	at org.apache.ratis.thirdparty.io.grpc.stub.ClientCalls.getUnchecked(ClientCalls.java:214)
	at org.apache.ratis.thirdparty.io.grpc.stub.ClientCalls.blockingUnaryCall(ClientCalls.java:139)
	at org.apache.ratis.proto.grpc.RaftServerProtocolServiceGrpc$RaftServerProtocolServiceBlockingStub.requestVote(RaftServerProtocolServiceGrpc.java:265)
	at org.apache.ratis.grpc.server.GrpcServerProtocolClient.requestVote(GrpcServerProtocolClient.java:99)
	at org.apache.ratis.grpc.server.GrpcService.requestVote(GrpcService.java:204)
	at org.apache.ratis.server.impl.LeaderElection.lambda$submitRequests$1(LeaderElection.java:234)
	at java.util.concurrent.FutureTask.run(FutureTask.java:266)
	at java.util.concurrent.Executors$RunnableAdapter.call(Executors.java:511)
	at java.util.concurrent.FutureTask.run(FutureTask.java:266)
	at java.util.concurrent.ThreadPoolExecutor.runWorker(ThreadPoolExecutor.java:1149)
	at java.util.concurrent.ThreadPoolExecutor$Worker.run(ThreadPoolExecutor.java:624)
	... 1 more
Caused by: org.apache.ratis.thirdparty.io.netty.channel.AbstractChannel$AnnotatedConnectException: Connection refused: /192.168.164.223:41749
	at sun.nio.ch.SocketChannelImpl.checkConnect(Native Method)
	at sun.nio.ch.SocketChannelImpl.finishConnect(SocketChannelImpl.java:717)
	at org.apache.ratis.thirdparty.io.netty.channel.socket.nio.NioSocketChannel.doFinishConnect(NioSocketChannel.java:327)
	at org.apache.ratis.thirdparty.io.netty.channel.nio.AbstractNioChannel$AbstractNioUnsafe.finishConnect(AbstractNioChannel.java:340)
	at org.apache.ratis.thirdparty.io.netty.channel.nio.NioEventLoop.processSelectedKey(NioEventLoop.java:632)
	at org.apache.ratis.thirdparty.io.netty.channel.nio.NioEventLoop.processSelectedKeysOptimized(NioEventLoop.java:579)
	at org.apache.ratis.thirdparty.io.netty.channel.nio.NioEventLoop.processSelectedKeys(NioEventLoop.java:496)
	at org.apache.ratis.thirdparty.io.netty.channel.nio.NioEventLoop.run(NioEventLoop.java:458)
	at org.apache.ratis.thirdparty.io.netty.util.concurrent.SingleThreadEventExecutor$5.run(SingleThreadEventExecutor.java:897)
	at org.apache.ratis.thirdparty.io.netty.util.concurrent.FastThreadLocalRunnable.run(FastThreadLocalRunnable.java:30)
	... 1 more
Caused by: java.net.ConnectException: Connection refused
	... 11 more
2019-11-15 21:51:49,618 [5e156848-495c-4d88-99d1-5a745ca90ed0@group-D2DDA09F38B3-LeaderElection229] INFO  impl.LeaderElection (LogUtils.java:infoOrTrace(149)) -   Exception 1: {}
java.util.concurrent.ExecutionException: org.apache.ratis.thirdparty.io.grpc.StatusRuntimeException: UNAVAILABLE: io exception
	at java.util.concurrent.FutureTask.report(FutureTask.java:122)
	at java.util.concurrent.FutureTask.get(FutureTask.java:192)
	at org.apache.ratis.server.impl.LeaderElection.waitForResults(LeaderElection.java:259)
	at org.apache.ratis.server.impl.LeaderElection.askForVotes(LeaderElection.java:197)
	at org.apache.ratis.server.impl.LeaderElection.run(LeaderElection.java:133)
	at java.lang.Thread.run(Thread.java:748)
Caused by: org.apache.ratis.thirdparty.io.grpc.StatusRuntimeException: UNAVAILABLE: io exception
	at org.apache.ratis.thirdparty.io.grpc.stub.ClientCalls.toStatusRuntimeException(ClientCalls.java:233)
	at org.apache.ratis.thirdparty.io.grpc.stub.ClientCalls.getUnchecked(ClientCalls.java:214)
	at org.apache.ratis.thirdparty.io.grpc.stub.ClientCalls.blockingUnaryCall(ClientCalls.java:139)
	at org.apache.ratis.proto.grpc.RaftServerProtocolServiceGrpc$RaftServerProtocolServiceBlockingStub.requestVote(RaftServerProtocolServiceGrpc.java:265)
	at org.apache.ratis.grpc.server.GrpcServerProtocolClient.requestVote(GrpcServerProtocolClient.java:99)
	at org.apache.ratis.grpc.server.GrpcService.requestVote(GrpcService.java:204)
	at org.apache.ratis.server.impl.LeaderElection.lambda$submitRequests$1(LeaderElection.java:234)
	at java.util.concurrent.FutureTask.run(FutureTask.java:266)
	at java.util.concurrent.Executors$RunnableAdapter.call(Executors.java:511)
	at java.util.concurrent.FutureTask.run(FutureTask.java:266)
	at java.util.concurrent.ThreadPoolExecutor.runWorker(ThreadPoolExecutor.java:1149)
	at java.util.concurrent.ThreadPoolExecutor$Worker.run(ThreadPoolExecutor.java:624)
	... 1 more
Caused by: org.apache.ratis.thirdparty.io.netty.channel.AbstractChannel$AnnotatedConnectException: Connection refused: /192.168.164.223:32938
	at sun.nio.ch.SocketChannelImpl.checkConnect(Native Method)
	at sun.nio.ch.SocketChannelImpl.finishConnect(SocketChannelImpl.java:717)
	at org.apache.ratis.thirdparty.io.netty.channel.socket.nio.NioSocketChannel.doFinishConnect(NioSocketChannel.java:327)
	at org.apache.ratis.thirdparty.io.netty.channel.nio.AbstractNioChannel$AbstractNioUnsafe.finishConnect(AbstractNioChannel.java:340)
	at org.apache.ratis.thirdparty.io.netty.channel.nio.NioEventLoop.processSelectedKey(NioEventLoop.java:632)
	at org.apache.ratis.thirdparty.io.netty.channel.nio.NioEventLoop.processSelectedKeysOptimized(NioEventLoop.java:579)
	at org.apache.ratis.thirdparty.io.netty.channel.nio.NioEventLoop.processSelectedKeys(NioEventLoop.java:496)
	at org.apache.ratis.thirdparty.io.netty.channel.nio.NioEventLoop.run(NioEventLoop.java:458)
	at org.apache.ratis.thirdparty.io.netty.util.concurrent.SingleThreadEventExecutor$5.run(SingleThreadEventExecutor.java:897)
	at org.apache.ratis.thirdparty.io.netty.util.concurrent.FastThreadLocalRunnable.run(FastThreadLocalRunnable.java:30)
	... 1 more
Caused by: java.net.ConnectException: Connection refused
	... 11 more
2019-11-15 21:51:49,618 [5e156848-495c-4d88-99d1-5a745ca90ed0@group-D2DDA09F38B3-LeaderElection229] INFO  impl.RaftServerImpl (RaftServerImpl.java:setRole(173)) - 5e156848-495c-4d88-99d1-5a745ca90ed0@group-D2DDA09F38B3: changes role from CANDIDATE to FOLLOWER at term 2 for DISCOVERED_A_NEW_TERM
2019-11-15 21:51:49,619 [5e156848-495c-4d88-99d1-5a745ca90ed0@group-D2DDA09F38B3-LeaderElection229] INFO  impl.RoleInfo (RoleInfo.java:shutdownLeaderElection(134)) - 5e156848-495c-4d88-99d1-5a745ca90ed0: shutdown LeaderElection
2019-11-15 21:51:49,619 [5e156848-495c-4d88-99d1-5a745ca90ed0@group-D2DDA09F38B3-LeaderElection229] INFO  impl.RoleInfo (RoleInfo.java:updateAndGet(143)) - 5e156848-495c-4d88-99d1-5a745ca90ed0: start FollowerState
2019-11-15 21:51:49,633 [grpc-default-executor-6] WARN  server.GrpcLogAppender (LogUtils.java:warn(134)) - 3ab85592-c721-41be-99a8-6d8df6ca420d@group-A70227FA7EAC->3c01ffb1-b295-42d9-9874-9e0ba4053462-AppendLogResponseHandler: Failed appendEntries: org.apache.ratis.thirdparty.io.grpc.StatusRuntimeException: UNAVAILABLE: io exception
2019-11-15 21:51:49,633 [grpc-default-executor-6] INFO  impl.FollowerInfo (FollowerInfo.java:lambda$new$0(51)) - 3ab85592-c721-41be-99a8-6d8df6ca420d@group-A70227FA7EAC->3c01ffb1-b295-42d9-9874-9e0ba4053462: nextIndex: updateUnconditionally 0 -> 0
2019-11-15 21:51:49,825 [grpc-default-executor-2] WARN  server.GrpcLogAppender (LogUtils.java:warn(134)) - dfb71ea8-5a43-4574-802a-eb8470866674@group-9378708D725D->81d95af4-28c6-42b2-8e7d-ef28ff90d39a-AppendLogResponseHandler: Failed appendEntries: org.apache.ratis.thirdparty.io.grpc.StatusRuntimeException: UNAVAILABLE: io exception
2019-11-15 21:51:49,825 [grpc-default-executor-2] INFO  impl.FollowerInfo (FollowerInfo.java:lambda$new$0(51)) - dfb71ea8-5a43-4574-802a-eb8470866674@group-9378708D725D->81d95af4-28c6-42b2-8e7d-ef28ff90d39a: nextIndex: updateUnconditionally 0 -> 0
2019-11-15 21:51:49,833 [grpc-default-executor-2] WARN  server.GrpcLogAppender (LogUtils.java:warn(134)) - dfb71ea8-5a43-4574-802a-eb8470866674@group-9378708D725D->25a1269d-d7cc-4acf-80e8-5992809da5ba-AppendLogResponseHandler: Failed appendEntries: org.apache.ratis.thirdparty.io.grpc.StatusRuntimeException: UNAVAILABLE: io exception
2019-11-15 21:51:49,833 [grpc-default-executor-2] INFO  impl.FollowerInfo (FollowerInfo.java:lambda$new$0(51)) - dfb71ea8-5a43-4574-802a-eb8470866674@group-9378708D725D->25a1269d-d7cc-4acf-80e8-5992809da5ba: nextIndex: updateUnconditionally 5 -> 4
2019-11-15 21:51:50,133 [grpc-default-executor-2] WARN  server.GrpcLogAppender (LogUtils.java:warn(134)) - 3ab85592-c721-41be-99a8-6d8df6ca420d@group-A70227FA7EAC->3c01ffb1-b295-42d9-9874-9e0ba4053462-AppendLogResponseHandler: Failed appendEntries: org.apache.ratis.thirdparty.io.grpc.StatusRuntimeException: UNAVAILABLE: io exception
2019-11-15 21:51:50,134 [grpc-default-executor-2] INFO  impl.FollowerInfo (FollowerInfo.java:lambda$new$0(51)) - 3ab85592-c721-41be-99a8-6d8df6ca420d@group-A70227FA7EAC->3c01ffb1-b295-42d9-9874-9e0ba4053462: nextIndex: updateUnconditionally 0 -> 0
2019-11-15 21:51:50,325 [grpc-default-executor-4] WARN  server.GrpcLogAppender (LogUtils.java:warn(134)) - dfb71ea8-5a43-4574-802a-eb8470866674@group-9378708D725D->81d95af4-28c6-42b2-8e7d-ef28ff90d39a-AppendLogResponseHandler: Failed appendEntries: org.apache.ratis.thirdparty.io.grpc.StatusRuntimeException: UNAVAILABLE: io exception
2019-11-15 21:51:50,326 [grpc-default-executor-4] INFO  impl.FollowerInfo (FollowerInfo.java:lambda$new$0(51)) - dfb71ea8-5a43-4574-802a-eb8470866674@group-9378708D725D->81d95af4-28c6-42b2-8e7d-ef28ff90d39a: nextIndex: updateUnconditionally 0 -> 0
2019-11-15 21:51:50,334 [grpc-default-executor-6] WARN  server.GrpcLogAppender (LogUtils.java:warn(134)) - dfb71ea8-5a43-4574-802a-eb8470866674@group-9378708D725D->25a1269d-d7cc-4acf-80e8-5992809da5ba-AppendLogResponseHandler: Failed appendEntries: org.apache.ratis.thirdparty.io.grpc.StatusRuntimeException: UNAVAILABLE: io exception
2019-11-15 21:51:50,334 [grpc-default-executor-6] INFO  impl.FollowerInfo (FollowerInfo.java:lambda$new$0(51)) - dfb71ea8-5a43-4574-802a-eb8470866674@group-9378708D725D->25a1269d-d7cc-4acf-80e8-5992809da5ba: nextIndex: updateUnconditionally 4 -> 3
2019-11-15 21:51:50,634 [grpc-default-executor-6] WARN  server.GrpcLogAppender (LogUtils.java:warn(134)) - 3ab85592-c721-41be-99a8-6d8df6ca420d@group-A70227FA7EAC->3c01ffb1-b295-42d9-9874-9e0ba4053462-AppendLogResponseHandler: Failed appendEntries: org.apache.ratis.thirdparty.io.grpc.StatusRuntimeException: UNAVAILABLE: io exception
2019-11-15 21:51:50,634 [grpc-default-executor-6] INFO  impl.FollowerInfo (FollowerInfo.java:lambda$new$0(51)) - 3ab85592-c721-41be-99a8-6d8df6ca420d@group-A70227FA7EAC->3c01ffb1-b295-42d9-9874-9e0ba4053462: nextIndex: updateUnconditionally 0 -> 0
2019-11-15 21:51:50,690 [Thread-4396] INFO  impl.FollowerState (FollowerState.java:run(111)) - 5e156848-495c-4d88-99d1-5a745ca90ed0@group-D2DDA09F38B3-FollowerState: change to CANDIDATE, lastRpcTime:1071ms, electionTimeout:1071ms
2019-11-15 21:51:50,690 [Thread-4396] INFO  impl.RoleInfo (RoleInfo.java:shutdownFollowerState(121)) - 5e156848-495c-4d88-99d1-5a745ca90ed0: shutdown FollowerState
2019-11-15 21:51:50,690 [Thread-4396] INFO  impl.RaftServerImpl (RaftServerImpl.java:setRole(173)) - 5e156848-495c-4d88-99d1-5a745ca90ed0@group-D2DDA09F38B3: changes role from  FOLLOWER to CANDIDATE at term 2 for changeToCandidate
2019-11-15 21:51:50,690 [Thread-4396] INFO  impl.RoleInfo (RoleInfo.java:updateAndGet(143)) - 5e156848-495c-4d88-99d1-5a745ca90ed0: start LeaderElection
2019-11-15 21:51:50,703 [5e156848-495c-4d88-99d1-5a745ca90ed0@group-D2DDA09F38B3-LeaderElection230] INFO  impl.LeaderElection (LeaderElection.java:askForVotes(178)) - 5e156848-495c-4d88-99d1-5a745ca90ed0@group-D2DDA09F38B3-LeaderElection230: begin an election at term 3 for 0: [3eba0ff5-def1-46c6-a9bd-a10bbd02f1ce:192.168.164.223:32938, 09667cd7-469d-4450-b7d6-bfa43032ac6a:192.168.164.223:41749, 5e156848-495c-4d88-99d1-5a745ca90ed0:192.168.164.223:41251], old=null
2019-11-15 21:51:50,704 [5e156848-495c-4d88-99d1-5a745ca90ed0@group-D2DDA09F38B3-LeaderElection230] INFO  impl.LeaderElection (LogUtils.java:infoOrTrace(149)) - 5e156848-495c-4d88-99d1-5a745ca90ed0@group-D2DDA09F38B3-LeaderElection230 got exception when requesting votes: {}
java.util.concurrent.ExecutionException: org.apache.ratis.thirdparty.io.grpc.StatusRuntimeException: UNAVAILABLE: io exception
	at java.util.concurrent.FutureTask.report(FutureTask.java:122)
	at java.util.concurrent.FutureTask.get(FutureTask.java:192)
	at org.apache.ratis.server.impl.LeaderElection.waitForResults(LeaderElection.java:259)
	at org.apache.ratis.server.impl.LeaderElection.askForVotes(LeaderElection.java:197)
	at org.apache.ratis.server.impl.LeaderElection.run(LeaderElection.java:133)
	at java.lang.Thread.run(Thread.java:748)
Caused by: org.apache.ratis.thirdparty.io.grpc.StatusRuntimeException: UNAVAILABLE: io exception
	at org.apache.ratis.thirdparty.io.grpc.stub.ClientCalls.toStatusRuntimeException(ClientCalls.java:233)
	at org.apache.ratis.thirdparty.io.grpc.stub.ClientCalls.getUnchecked(ClientCalls.java:214)
	at org.apache.ratis.thirdparty.io.grpc.stub.ClientCalls.blockingUnaryCall(ClientCalls.java:139)
	at org.apache.ratis.proto.grpc.RaftServerProtocolServiceGrpc$RaftServerProtocolServiceBlockingStub.requestVote(RaftServerProtocolServiceGrpc.java:265)
	at org.apache.ratis.grpc.server.GrpcServerProtocolClient.requestVote(GrpcServerProtocolClient.java:99)
	at org.apache.ratis.grpc.server.GrpcService.requestVote(GrpcService.java:204)
	at org.apache.ratis.server.impl.LeaderElection.lambda$submitRequests$1(LeaderElection.java:234)
	at java.util.concurrent.FutureTask.run(FutureTask.java:266)
	at java.util.concurrent.Executors$RunnableAdapter.call(Executors.java:511)
	at java.util.concurrent.FutureTask.run(FutureTask.java:266)
	at java.util.concurrent.ThreadPoolExecutor.runWorker(ThreadPoolExecutor.java:1149)
	at java.util.concurrent.ThreadPoolExecutor$Worker.run(ThreadPoolExecutor.java:624)
	... 1 more
Caused by: org.apache.ratis.thirdparty.io.netty.channel.AbstractChannel$AnnotatedConnectException: Connection refused: /192.168.164.223:32938
	at sun.nio.ch.SocketChannelImpl.checkConnect(Native Method)
	at sun.nio.ch.SocketChannelImpl.finishConnect(SocketChannelImpl.java:717)
	at org.apache.ratis.thirdparty.io.netty.channel.socket.nio.NioSocketChannel.doFinishConnect(NioSocketChannel.java:327)
	at org.apache.ratis.thirdparty.io.netty.channel.nio.AbstractNioChannel$AbstractNioUnsafe.finishConnect(AbstractNioChannel.java:340)
	at org.apache.ratis.thirdparty.io.netty.channel.nio.NioEventLoop.processSelectedKey(NioEventLoop.java:632)
	at org.apache.ratis.thirdparty.io.netty.channel.nio.NioEventLoop.processSelectedKeysOptimized(NioEventLoop.java:579)
	at org.apache.ratis.thirdparty.io.netty.channel.nio.NioEventLoop.processSelectedKeys(NioEventLoop.java:496)
	at org.apache.ratis.thirdparty.io.netty.channel.nio.NioEventLoop.run(NioEventLoop.java:458)
	at org.apache.ratis.thirdparty.io.netty.util.concurrent.SingleThreadEventExecutor$5.run(SingleThreadEventExecutor.java:897)
	at org.apache.ratis.thirdparty.io.netty.util.concurrent.FastThreadLocalRunnable.run(FastThreadLocalRunnable.java:30)
	... 1 more
Caused by: java.net.ConnectException: Connection refused
	... 11 more
2019-11-15 21:51:50,705 [5e156848-495c-4d88-99d1-5a745ca90ed0@group-D2DDA09F38B3-LeaderElection230] INFO  impl.LeaderElection (LogUtils.java:infoOrTrace(149)) - 5e156848-495c-4d88-99d1-5a745ca90ed0@group-D2DDA09F38B3-LeaderElection230 got exception when requesting votes: {}
java.util.concurrent.ExecutionException: org.apache.ratis.thirdparty.io.grpc.StatusRuntimeException: UNAVAILABLE: io exception
	at java.util.concurrent.FutureTask.report(FutureTask.java:122)
	at java.util.concurrent.FutureTask.get(FutureTask.java:192)
	at org.apache.ratis.server.impl.LeaderElection.waitForResults(LeaderElection.java:259)
	at org.apache.ratis.server.impl.LeaderElection.askForVotes(LeaderElection.java:197)
	at org.apache.ratis.server.impl.LeaderElection.run(LeaderElection.java:133)
	at java.lang.Thread.run(Thread.java:748)
Caused by: org.apache.ratis.thirdparty.io.grpc.StatusRuntimeException: UNAVAILABLE: io exception
	at org.apache.ratis.thirdparty.io.grpc.stub.ClientCalls.toStatusRuntimeException(ClientCalls.java:233)
	at org.apache.ratis.thirdparty.io.grpc.stub.ClientCalls.getUnchecked(ClientCalls.java:214)
	at org.apache.ratis.thirdparty.io.grpc.stub.ClientCalls.blockingUnaryCall(ClientCalls.java:139)
	at org.apache.ratis.proto.grpc.RaftServerProtocolServiceGrpc$RaftServerProtocolServiceBlockingStub.requestVote(RaftServerProtocolServiceGrpc.java:265)
	at org.apache.ratis.grpc.server.GrpcServerProtocolClient.requestVote(GrpcServerProtocolClient.java:99)
	at org.apache.ratis.grpc.server.GrpcService.requestVote(GrpcService.java:204)
	at org.apache.ratis.server.impl.LeaderElection.lambda$submitRequests$1(LeaderElection.java:234)
	at java.util.concurrent.FutureTask.run(FutureTask.java:266)
	at java.util.concurrent.Executors$RunnableAdapter.call(Executors.java:511)
	at java.util.concurrent.FutureTask.run(FutureTask.java:266)
	at java.util.concurrent.ThreadPoolExecutor.runWorker(ThreadPoolExecutor.java:1149)
	at java.util.concurrent.ThreadPoolExecutor$Worker.run(ThreadPoolExecutor.java:624)
	... 1 more
Caused by: org.apache.ratis.thirdparty.io.netty.channel.AbstractChannel$AnnotatedConnectException: Connection refused: /192.168.164.223:41749
	at sun.nio.ch.SocketChannelImpl.checkConnect(Native Method)
	at sun.nio.ch.SocketChannelImpl.finishConnect(SocketChannelImpl.java:717)
	at org.apache.ratis.thirdparty.io.netty.channel.socket.nio.NioSocketChannel.doFinishConnect(NioSocketChannel.java:327)
	at org.apache.ratis.thirdparty.io.netty.channel.nio.AbstractNioChannel$AbstractNioUnsafe.finishConnect(AbstractNioChannel.java:340)
	at org.apache.ratis.thirdparty.io.netty.channel.nio.NioEventLoop.processSelectedKey(NioEventLoop.java:632)
	at org.apache.ratis.thirdparty.io.netty.channel.nio.NioEventLoop.processSelectedKeysOptimized(NioEventLoop.java:579)
	at org.apache.ratis.thirdparty.io.netty.channel.nio.NioEventLoop.processSelectedKeys(NioEventLoop.java:496)
	at org.apache.ratis.thirdparty.io.netty.channel.nio.NioEventLoop.run(NioEventLoop.java:458)
	at org.apache.ratis.thirdparty.io.netty.util.concurrent.SingleThreadEventExecutor$5.run(SingleThreadEventExecutor.java:897)
	at org.apache.ratis.thirdparty.io.netty.util.concurrent.FastThreadLocalRunnable.run(FastThreadLocalRunnable.java:30)
	... 1 more
Caused by: java.net.ConnectException: Connection refused
	... 11 more
2019-11-15 21:51:50,705 [5e156848-495c-4d88-99d1-5a745ca90ed0@group-D2DDA09F38B3-LeaderElection230] INFO  impl.LeaderElection (LeaderElection.java:logAndReturn(56)) - 5e156848-495c-4d88-99d1-5a745ca90ed0@group-D2DDA09F38B3-LeaderElection230: Election REJECTED; received 0 response(s) [] and 2 exception(s); 5e156848-495c-4d88-99d1-5a745ca90ed0@group-D2DDA09F38B3:t3, leader=null, voted=5e156848-495c-4d88-99d1-5a745ca90ed0, raftlog=5e156848-495c-4d88-99d1-5a745ca90ed0@group-D2DDA09F38B3-SegmentedRaftLog:OPENED:c0,f0,i0, conf=0: [3eba0ff5-def1-46c6-a9bd-a10bbd02f1ce:192.168.164.223:32938, 09667cd7-469d-4450-b7d6-bfa43032ac6a:192.168.164.223:41749, 5e156848-495c-4d88-99d1-5a745ca90ed0:192.168.164.223:41251], old=null
2019-11-15 21:51:50,705 [5e156848-495c-4d88-99d1-5a745ca90ed0@group-D2DDA09F38B3-LeaderElection230] INFO  impl.LeaderElection (LogUtils.java:infoOrTrace(149)) -   Exception 0: {}
java.util.concurrent.ExecutionException: org.apache.ratis.thirdparty.io.grpc.StatusRuntimeException: UNAVAILABLE: io exception
	at java.util.concurrent.FutureTask.report(FutureTask.java:122)
	at java.util.concurrent.FutureTask.get(FutureTask.java:192)
	at org.apache.ratis.server.impl.LeaderElection.waitForResults(LeaderElection.java:259)
	at org.apache.ratis.server.impl.LeaderElection.askForVotes(LeaderElection.java:197)
	at org.apache.ratis.server.impl.LeaderElection.run(LeaderElection.java:133)
	at java.lang.Thread.run(Thread.java:748)
Caused by: org.apache.ratis.thirdparty.io.grpc.StatusRuntimeException: UNAVAILABLE: io exception
	at org.apache.ratis.thirdparty.io.grpc.stub.ClientCalls.toStatusRuntimeException(ClientCalls.java:233)
	at org.apache.ratis.thirdparty.io.grpc.stub.ClientCalls.getUnchecked(ClientCalls.java:214)
	at org.apache.ratis.thirdparty.io.grpc.stub.ClientCalls.blockingUnaryCall(ClientCalls.java:139)
	at org.apache.ratis.proto.grpc.RaftServerProtocolServiceGrpc$RaftServerProtocolServiceBlockingStub.requestVote(RaftServerProtocolServiceGrpc.java:265)
	at org.apache.ratis.grpc.server.GrpcServerProtocolClient.requestVote(GrpcServerProtocolClient.java:99)
	at org.apache.ratis.grpc.server.GrpcService.requestVote(GrpcService.java:204)
	at org.apache.ratis.server.impl.LeaderElection.lambda$submitRequests$1(LeaderElection.java:234)
	at java.util.concurrent.FutureTask.run(FutureTask.java:266)
	at java.util.concurrent.Executors$RunnableAdapter.call(Executors.java:511)
	at java.util.concurrent.FutureTask.run(FutureTask.java:266)
	at java.util.concurrent.ThreadPoolExecutor.runWorker(ThreadPoolExecutor.java:1149)
	at java.util.concurrent.ThreadPoolExecutor$Worker.run(ThreadPoolExecutor.java:624)
	... 1 more
Caused by: org.apache.ratis.thirdparty.io.netty.channel.AbstractChannel$AnnotatedConnectException: Connection refused: /192.168.164.223:32938
	at sun.nio.ch.SocketChannelImpl.checkConnect(Native Method)
	at sun.nio.ch.SocketChannelImpl.finishConnect(SocketChannelImpl.java:717)
	at org.apache.ratis.thirdparty.io.netty.channel.socket.nio.NioSocketChannel.doFinishConnect(NioSocketChannel.java:327)
	at org.apache.ratis.thirdparty.io.netty.channel.nio.AbstractNioChannel$AbstractNioUnsafe.finishConnect(AbstractNioChannel.java:340)
	at org.apache.ratis.thirdparty.io.netty.channel.nio.NioEventLoop.processSelectedKey(NioEventLoop.java:632)
	at org.apache.ratis.thirdparty.io.netty.channel.nio.NioEventLoop.processSelectedKeysOptimized(NioEventLoop.java:579)
	at org.apache.ratis.thirdparty.io.netty.channel.nio.NioEventLoop.processSelectedKeys(NioEventLoop.java:496)
	at org.apache.ratis.thirdparty.io.netty.channel.nio.NioEventLoop.run(NioEventLoop.java:458)
	at org.apache.ratis.thirdparty.io.netty.util.concurrent.SingleThreadEventExecutor$5.run(SingleThreadEventExecutor.java:897)
	at org.apache.ratis.thirdparty.io.netty.util.concurrent.FastThreadLocalRunnable.run(FastThreadLocalRunnable.java:30)
	... 1 more
Caused by: java.net.ConnectException: Connection refused
	... 11 more
2019-11-15 21:51:50,705 [5e156848-495c-4d88-99d1-5a745ca90ed0@group-D2DDA09F38B3-LeaderElection230] INFO  impl.LeaderElection (LogUtils.java:infoOrTrace(149)) -   Exception 1: {}
java.util.concurrent.ExecutionException: org.apache.ratis.thirdparty.io.grpc.StatusRuntimeException: UNAVAILABLE: io exception
	at java.util.concurrent.FutureTask.report(FutureTask.java:122)
	at java.util.concurrent.FutureTask.get(FutureTask.java:192)
	at org.apache.ratis.server.impl.LeaderElection.waitForResults(LeaderElection.java:259)
	at org.apache.ratis.server.impl.LeaderElection.askForVotes(LeaderElection.java:197)
	at org.apache.ratis.server.impl.LeaderElection.run(LeaderElection.java:133)
	at java.lang.Thread.run(Thread.java:748)
Caused by: org.apache.ratis.thirdparty.io.grpc.StatusRuntimeException: UNAVAILABLE: io exception
	at org.apache.ratis.thirdparty.io.grpc.stub.ClientCalls.toStatusRuntimeException(ClientCalls.java:233)
	at org.apache.ratis.thirdparty.io.grpc.stub.ClientCalls.getUnchecked(ClientCalls.java:214)
	at org.apache.ratis.thirdparty.io.grpc.stub.ClientCalls.blockingUnaryCall(ClientCalls.java:139)
	at org.apache.ratis.proto.grpc.RaftServerProtocolServiceGrpc$RaftServerProtocolServiceBlockingStub.requestVote(RaftServerProtocolServiceGrpc.java:265)
	at org.apache.ratis.grpc.server.GrpcServerProtocolClient.requestVote(GrpcServerProtocolClient.java:99)
	at org.apache.ratis.grpc.server.GrpcService.requestVote(GrpcService.java:204)
	at org.apache.ratis.server.impl.LeaderElection.lambda$submitRequests$1(LeaderElection.java:234)
	at java.util.concurrent.FutureTask.run(FutureTask.java:266)
	at java.util.concurrent.Executors$RunnableAdapter.call(Executors.java:511)
	at java.util.concurrent.FutureTask.run(FutureTask.java:266)
	at java.util.concurrent.ThreadPoolExecutor.runWorker(ThreadPoolExecutor.java:1149)
	at java.util.concurrent.ThreadPoolExecutor$Worker.run(ThreadPoolExecutor.java:624)
	... 1 more
Caused by: org.apache.ratis.thirdparty.io.netty.channel.AbstractChannel$AnnotatedConnectException: Connection refused: /192.168.164.223:41749
	at sun.nio.ch.SocketChannelImpl.checkConnect(Native Method)
	at sun.nio.ch.SocketChannelImpl.finishConnect(SocketChannelImpl.java:717)
	at org.apache.ratis.thirdparty.io.netty.channel.socket.nio.NioSocketChannel.doFinishConnect(NioSocketChannel.java:327)
	at org.apache.ratis.thirdparty.io.netty.channel.nio.AbstractNioChannel$AbstractNioUnsafe.finishConnect(AbstractNioChannel.java:340)
	at org.apache.ratis.thirdparty.io.netty.channel.nio.NioEventLoop.processSelectedKey(NioEventLoop.java:632)
	at org.apache.ratis.thirdparty.io.netty.channel.nio.NioEventLoop.processSelectedKeysOptimized(NioEventLoop.java:579)
	at org.apache.ratis.thirdparty.io.netty.channel.nio.NioEventLoop.processSelectedKeys(NioEventLoop.java:496)
	at org.apache.ratis.thirdparty.io.netty.channel.nio.NioEventLoop.run(NioEventLoop.java:458)
	at org.apache.ratis.thirdparty.io.netty.util.concurrent.SingleThreadEventExecutor$5.run(SingleThreadEventExecutor.java:897)
	at org.apache.ratis.thirdparty.io.netty.util.concurrent.FastThreadLocalRunnable.run(FastThreadLocalRunnable.java:30)
	... 1 more
Caused by: java.net.ConnectException: Connection refused
	... 11 more
2019-11-15 21:51:50,705 [5e156848-495c-4d88-99d1-5a745ca90ed0@group-D2DDA09F38B3-LeaderElection230] INFO  impl.RaftServerImpl (RaftServerImpl.java:setRole(173)) - 5e156848-495c-4d88-99d1-5a745ca90ed0@group-D2DDA09F38B3: changes role from CANDIDATE to FOLLOWER at term 3 for DISCOVERED_A_NEW_TERM
2019-11-15 21:51:50,705 [5e156848-495c-4d88-99d1-5a745ca90ed0@group-D2DDA09F38B3-LeaderElection230] INFO  impl.RoleInfo (RoleInfo.java:shutdownLeaderElection(134)) - 5e156848-495c-4d88-99d1-5a745ca90ed0: shutdown LeaderElection
2019-11-15 21:51:50,705 [5e156848-495c-4d88-99d1-5a745ca90ed0@group-D2DDA09F38B3-LeaderElection230] INFO  impl.RoleInfo (RoleInfo.java:updateAndGet(143)) - 5e156848-495c-4d88-99d1-5a745ca90ed0: start FollowerState
2019-11-15 21:51:50,826 [grpc-default-executor-6] WARN  server.GrpcLogAppender (LogUtils.java:warn(134)) - dfb71ea8-5a43-4574-802a-eb8470866674@group-9378708D725D->81d95af4-28c6-42b2-8e7d-ef28ff90d39a-AppendLogResponseHandler: Failed appendEntries: org.apache.ratis.thirdparty.io.grpc.StatusRuntimeException: UNAVAILABLE: io exception
2019-11-15 21:51:50,826 [grpc-default-executor-6] INFO  impl.FollowerInfo (FollowerInfo.java:lambda$new$0(51)) - dfb71ea8-5a43-4574-802a-eb8470866674@group-9378708D725D->81d95af4-28c6-42b2-8e7d-ef28ff90d39a: nextIndex: updateUnconditionally 0 -> 0
2019-11-15 21:51:50,834 [grpc-default-executor-4] WARN  server.GrpcLogAppender (LogUtils.java:warn(134)) - dfb71ea8-5a43-4574-802a-eb8470866674@group-9378708D725D->25a1269d-d7cc-4acf-80e8-5992809da5ba-AppendLogResponseHandler: Failed appendEntries: org.apache.ratis.thirdparty.io.grpc.StatusRuntimeException: UNAVAILABLE: io exception
2019-11-15 21:51:50,834 [grpc-default-executor-4] INFO  impl.FollowerInfo (FollowerInfo.java:lambda$new$0(51)) - dfb71ea8-5a43-4574-802a-eb8470866674@group-9378708D725D->25a1269d-d7cc-4acf-80e8-5992809da5ba: nextIndex: updateUnconditionally 3 -> 2
2019-11-15 21:51:51,136 [grpc-default-executor-4] WARN  server.GrpcLogAppender (LogUtils.java:warn(134)) - 3ab85592-c721-41be-99a8-6d8df6ca420d@group-A70227FA7EAC->3c01ffb1-b295-42d9-9874-9e0ba4053462-AppendLogResponseHandler: Failed appendEntries: org.apache.ratis.thirdparty.io.grpc.StatusRuntimeException: UNAVAILABLE: io exception
2019-11-15 21:51:51,137 [grpc-default-executor-4] INFO  impl.FollowerInfo (FollowerInfo.java:lambda$new$0(51)) - 3ab85592-c721-41be-99a8-6d8df6ca420d@group-A70227FA7EAC->3c01ffb1-b295-42d9-9874-9e0ba4053462: nextIndex: updateUnconditionally 0 -> 0
2019-11-15 21:51:51,327 [grpc-default-executor-6] WARN  server.GrpcLogAppender (LogUtils.java:warn(134)) - dfb71ea8-5a43-4574-802a-eb8470866674@group-9378708D725D->81d95af4-28c6-42b2-8e7d-ef28ff90d39a-AppendLogResponseHandler: Failed appendEntries: org.apache.ratis.thirdparty.io.grpc.StatusRuntimeException: UNAVAILABLE: io exception
2019-11-15 21:51:51,327 [grpc-default-executor-6] INFO  impl.FollowerInfo (FollowerInfo.java:lambda$new$0(51)) - dfb71ea8-5a43-4574-802a-eb8470866674@group-9378708D725D->81d95af4-28c6-42b2-8e7d-ef28ff90d39a: nextIndex: updateUnconditionally 0 -> 0
2019-11-15 21:51:51,335 [grpc-default-executor-2] WARN  server.GrpcLogAppender (LogUtils.java:warn(134)) - dfb71ea8-5a43-4574-802a-eb8470866674@group-9378708D725D->25a1269d-d7cc-4acf-80e8-5992809da5ba-AppendLogResponseHandler: Failed appendEntries: org.apache.ratis.thirdparty.io.grpc.StatusRuntimeException: UNAVAILABLE: io exception
2019-11-15 21:51:51,335 [grpc-default-executor-2] INFO  impl.FollowerInfo (FollowerInfo.java:lambda$new$0(51)) - dfb71ea8-5a43-4574-802a-eb8470866674@group-9378708D725D->25a1269d-d7cc-4acf-80e8-5992809da5ba: nextIndex: updateUnconditionally 2 -> 1
2019-11-15 21:51:51,636 [grpc-default-executor-2] WARN  server.GrpcLogAppender (LogUtils.java:warn(134)) - 3ab85592-c721-41be-99a8-6d8df6ca420d@group-A70227FA7EAC->3c01ffb1-b295-42d9-9874-9e0ba4053462-AppendLogResponseHandler: Failed appendEntries: org.apache.ratis.thirdparty.io.grpc.StatusRuntimeException: UNAVAILABLE: io exception
2019-11-15 21:51:51,637 [grpc-default-executor-2] INFO  impl.FollowerInfo (FollowerInfo.java:lambda$new$0(51)) - 3ab85592-c721-41be-99a8-6d8df6ca420d@group-A70227FA7EAC->3c01ffb1-b295-42d9-9874-9e0ba4053462: nextIndex: updateUnconditionally 0 -> 0
2019-11-15 21:51:51,827 [grpc-default-executor-6] WARN  server.GrpcLogAppender (LogUtils.java:warn(134)) - dfb71ea8-5a43-4574-802a-eb8470866674@group-9378708D725D->81d95af4-28c6-42b2-8e7d-ef28ff90d39a-AppendLogResponseHandler: Failed appendEntries: org.apache.ratis.thirdparty.io.grpc.StatusRuntimeException: UNAVAILABLE: io exception
2019-11-15 21:51:51,828 [grpc-default-executor-6] INFO  impl.FollowerInfo (FollowerInfo.java:lambda$new$0(51)) - dfb71ea8-5a43-4574-802a-eb8470866674@group-9378708D725D->81d95af4-28c6-42b2-8e7d-ef28ff90d39a: nextIndex: updateUnconditionally 0 -> 0
2019-11-15 21:51:51,835 [grpc-default-executor-6] WARN  server.GrpcLogAppender (LogUtils.java:warn(134)) - dfb71ea8-5a43-4574-802a-eb8470866674@group-9378708D725D->25a1269d-d7cc-4acf-80e8-5992809da5ba-AppendLogResponseHandler: Failed appendEntries: org.apache.ratis.thirdparty.io.grpc.StatusRuntimeException: UNAVAILABLE: io exception
2019-11-15 21:51:51,835 [grpc-default-executor-6] INFO  impl.FollowerInfo (FollowerInfo.java:lambda$new$0(51)) - dfb71ea8-5a43-4574-802a-eb8470866674@group-9378708D725D->25a1269d-d7cc-4acf-80e8-5992809da5ba: nextIndex: updateUnconditionally 1 -> 0
2019-11-15 21:51:51,871 [Thread-4403] INFO  impl.FollowerState (FollowerState.java:run(111)) - 5e156848-495c-4d88-99d1-5a745ca90ed0@group-D2DDA09F38B3-FollowerState: change to CANDIDATE, lastRpcTime:1165ms, electionTimeout:1165ms
2019-11-15 21:51:51,871 [Thread-4403] INFO  impl.RoleInfo (RoleInfo.java:shutdownFollowerState(121)) - 5e156848-495c-4d88-99d1-5a745ca90ed0: shutdown FollowerState
2019-11-15 21:51:51,871 [Thread-4403] INFO  impl.RaftServerImpl (RaftServerImpl.java:setRole(173)) - 5e156848-495c-4d88-99d1-5a745ca90ed0@group-D2DDA09F38B3: changes role from  FOLLOWER to CANDIDATE at term 3 for changeToCandidate
2019-11-15 21:51:51,871 [Thread-4403] INFO  impl.RoleInfo (RoleInfo.java:updateAndGet(143)) - 5e156848-495c-4d88-99d1-5a745ca90ed0: start LeaderElection
2019-11-15 21:51:51,886 [5e156848-495c-4d88-99d1-5a745ca90ed0@group-D2DDA09F38B3-LeaderElection231] INFO  impl.LeaderElection (LeaderElection.java:askForVotes(178)) - 5e156848-495c-4d88-99d1-5a745ca90ed0@group-D2DDA09F38B3-LeaderElection231: begin an election at term 4 for 0: [3eba0ff5-def1-46c6-a9bd-a10bbd02f1ce:192.168.164.223:32938, 09667cd7-469d-4450-b7d6-bfa43032ac6a:192.168.164.223:41749, 5e156848-495c-4d88-99d1-5a745ca90ed0:192.168.164.223:41251], old=null
2019-11-15 21:51:51,887 [5e156848-495c-4d88-99d1-5a745ca90ed0@group-D2DDA09F38B3-LeaderElection231] INFO  impl.LeaderElection (LogUtils.java:infoOrTrace(149)) - 5e156848-495c-4d88-99d1-5a745ca90ed0@group-D2DDA09F38B3-LeaderElection231 got exception when requesting votes: {}
java.util.concurrent.ExecutionException: org.apache.ratis.thirdparty.io.grpc.StatusRuntimeException: UNAVAILABLE: io exception
	at java.util.concurrent.FutureTask.report(FutureTask.java:122)
	at java.util.concurrent.FutureTask.get(FutureTask.java:192)
	at org.apache.ratis.server.impl.LeaderElection.waitForResults(LeaderElection.java:259)
	at org.apache.ratis.server.impl.LeaderElection.askForVotes(LeaderElection.java:197)
	at org.apache.ratis.server.impl.LeaderElection.run(LeaderElection.java:133)
	at java.lang.Thread.run(Thread.java:748)
Caused by: org.apache.ratis.thirdparty.io.grpc.StatusRuntimeException: UNAVAILABLE: io exception
	at org.apache.ratis.thirdparty.io.grpc.stub.ClientCalls.toStatusRuntimeException(ClientCalls.java:233)
	at org.apache.ratis.thirdparty.io.grpc.stub.ClientCalls.getUnchecked(ClientCalls.java:214)
	at org.apache.ratis.thirdparty.io.grpc.stub.ClientCalls.blockingUnaryCall(ClientCalls.java:139)
	at org.apache.ratis.proto.grpc.RaftServerProtocolServiceGrpc$RaftServerProtocolServiceBlockingStub.requestVote(RaftServerProtocolServiceGrpc.java:265)
	at org.apache.ratis.grpc.server.GrpcServerProtocolClient.requestVote(GrpcServerProtocolClient.java:99)
	at org.apache.ratis.grpc.server.GrpcService.requestVote(GrpcService.java:204)
	at org.apache.ratis.server.impl.LeaderElection.lambda$submitRequests$1(LeaderElection.java:234)
	at java.util.concurrent.FutureTask.run(FutureTask.java:266)
	at java.util.concurrent.Executors$RunnableAdapter.call(Executors.java:511)
	at java.util.concurrent.FutureTask.run(FutureTask.java:266)
	at java.util.concurrent.ThreadPoolExecutor.runWorker(ThreadPoolExecutor.java:1149)
	at java.util.concurrent.ThreadPoolExecutor$Worker.run(ThreadPoolExecutor.java:624)
	... 1 more
Caused by: org.apache.ratis.thirdparty.io.netty.channel.AbstractChannel$AnnotatedConnectException: Connection refused: /192.168.164.223:41749
	at sun.nio.ch.SocketChannelImpl.checkConnect(Native Method)
	at sun.nio.ch.SocketChannelImpl.finishConnect(SocketChannelImpl.java:717)
	at org.apache.ratis.thirdparty.io.netty.channel.socket.nio.NioSocketChannel.doFinishConnect(NioSocketChannel.java:327)
	at org.apache.ratis.thirdparty.io.netty.channel.nio.AbstractNioChannel$AbstractNioUnsafe.finishConnect(AbstractNioChannel.java:340)
	at org.apache.ratis.thirdparty.io.netty.channel.nio.NioEventLoop.processSelectedKey(NioEventLoop.java:632)
	at org.apache.ratis.thirdparty.io.netty.channel.nio.NioEventLoop.processSelectedKeysOptimized(NioEventLoop.java:579)
	at org.apache.ratis.thirdparty.io.netty.channel.nio.NioEventLoop.processSelectedKeys(NioEventLoop.java:496)
	at org.apache.ratis.thirdparty.io.netty.channel.nio.NioEventLoop.run(NioEventLoop.java:458)
	at org.apache.ratis.thirdparty.io.netty.util.concurrent.SingleThreadEventExecutor$5.run(SingleThreadEventExecutor.java:897)
	at org.apache.ratis.thirdparty.io.netty.util.concurrent.FastThreadLocalRunnable.run(FastThreadLocalRunnable.java:30)
	... 1 more
Caused by: java.net.ConnectException: Connection refused
	... 11 more
2019-11-15 21:51:51,888 [5e156848-495c-4d88-99d1-5a745ca90ed0@group-D2DDA09F38B3-LeaderElection231] INFO  impl.LeaderElection (LogUtils.java:infoOrTrace(149)) - 5e156848-495c-4d88-99d1-5a745ca90ed0@group-D2DDA09F38B3-LeaderElection231 got exception when requesting votes: {}
java.util.concurrent.ExecutionException: org.apache.ratis.thirdparty.io.grpc.StatusRuntimeException: UNAVAILABLE: io exception
	at java.util.concurrent.FutureTask.report(FutureTask.java:122)
	at java.util.concurrent.FutureTask.get(FutureTask.java:192)
	at org.apache.ratis.server.impl.LeaderElection.waitForResults(LeaderElection.java:259)
	at org.apache.ratis.server.impl.LeaderElection.askForVotes(LeaderElection.java:197)
	at org.apache.ratis.server.impl.LeaderElection.run(LeaderElection.java:133)
	at java.lang.Thread.run(Thread.java:748)
Caused by: org.apache.ratis.thirdparty.io.grpc.StatusRuntimeException: UNAVAILABLE: io exception
	at org.apache.ratis.thirdparty.io.grpc.stub.ClientCalls.toStatusRuntimeException(ClientCalls.java:233)
	at org.apache.ratis.thirdparty.io.grpc.stub.ClientCalls.getUnchecked(ClientCalls.java:214)
	at org.apache.ratis.thirdparty.io.grpc.stub.ClientCalls.blockingUnaryCall(ClientCalls.java:139)
	at org.apache.ratis.proto.grpc.RaftServerProtocolServiceGrpc$RaftServerProtocolServiceBlockingStub.requestVote(RaftServerProtocolServiceGrpc.java:265)
	at org.apache.ratis.grpc.server.GrpcServerProtocolClient.requestVote(GrpcServerProtocolClient.java:99)
	at org.apache.ratis.grpc.server.GrpcService.requestVote(GrpcService.java:204)
	at org.apache.ratis.server.impl.LeaderElection.lambda$submitRequests$1(LeaderElection.java:234)
	at java.util.concurrent.FutureTask.run(FutureTask.java:266)
	at java.util.concurrent.Executors$RunnableAdapter.call(Executors.java:511)
	at java.util.concurrent.FutureTask.run(FutureTask.java:266)
	at java.util.concurrent.ThreadPoolExecutor.runWorker(ThreadPoolExecutor.java:1149)
	at java.util.concurrent.ThreadPoolExecutor$Worker.run(ThreadPoolExecutor.java:624)
	... 1 more
Caused by: org.apache.ratis.thirdparty.io.netty.channel.AbstractChannel$AnnotatedConnectException: Connection refused: /192.168.164.223:32938
	at sun.nio.ch.SocketChannelImpl.checkConnect(Native Method)
	at sun.nio.ch.SocketChannelImpl.finishConnect(SocketChannelImpl.java:717)
	at org.apache.ratis.thirdparty.io.netty.channel.socket.nio.NioSocketChannel.doFinishConnect(NioSocketChannel.java:327)
	at org.apache.ratis.thirdparty.io.netty.channel.nio.AbstractNioChannel$AbstractNioUnsafe.finishConnect(AbstractNioChannel.java:340)
	at org.apache.ratis.thirdparty.io.netty.channel.nio.NioEventLoop.processSelectedKey(NioEventLoop.java:632)
	at org.apache.ratis.thirdparty.io.netty.channel.nio.NioEventLoop.processSelectedKeysOptimized(NioEventLoop.java:579)
	at org.apache.ratis.thirdparty.io.netty.channel.nio.NioEventLoop.processSelectedKeys(NioEventLoop.java:496)
	at org.apache.ratis.thirdparty.io.netty.channel.nio.NioEventLoop.run(NioEventLoop.java:458)
	at org.apache.ratis.thirdparty.io.netty.util.concurrent.SingleThreadEventExecutor$5.run(SingleThreadEventExecutor.java:897)
	at org.apache.ratis.thirdparty.io.netty.util.concurrent.FastThreadLocalRunnable.run(FastThreadLocalRunnable.java:30)
	... 1 more
Caused by: java.net.ConnectException: Connection refused
	... 11 more
2019-11-15 21:51:51,888 [5e156848-495c-4d88-99d1-5a745ca90ed0@group-D2DDA09F38B3-LeaderElection231] INFO  impl.LeaderElection (LeaderElection.java:logAndReturn(56)) - 5e156848-495c-4d88-99d1-5a745ca90ed0@group-D2DDA09F38B3-LeaderElection231: Election REJECTED; received 0 response(s) [] and 2 exception(s); 5e156848-495c-4d88-99d1-5a745ca90ed0@group-D2DDA09F38B3:t4, leader=null, voted=5e156848-495c-4d88-99d1-5a745ca90ed0, raftlog=5e156848-495c-4d88-99d1-5a745ca90ed0@group-D2DDA09F38B3-SegmentedRaftLog:OPENED:c0,f0,i0, conf=0: [3eba0ff5-def1-46c6-a9bd-a10bbd02f1ce:192.168.164.223:32938, 09667cd7-469d-4450-b7d6-bfa43032ac6a:192.168.164.223:41749, 5e156848-495c-4d88-99d1-5a745ca90ed0:192.168.164.223:41251], old=null
2019-11-15 21:51:51,888 [5e156848-495c-4d88-99d1-5a745ca90ed0@group-D2DDA09F38B3-LeaderElection231] INFO  impl.LeaderElection (LogUtils.java:infoOrTrace(149)) -   Exception 0: {}
java.util.concurrent.ExecutionException: org.apache.ratis.thirdparty.io.grpc.StatusRuntimeException: UNAVAILABLE: io exception
	at java.util.concurrent.FutureTask.report(FutureTask.java:122)
	at java.util.concurrent.FutureTask.get(FutureTask.java:192)
	at org.apache.ratis.server.impl.LeaderElection.waitForResults(LeaderElection.java:259)
	at org.apache.ratis.server.impl.LeaderElection.askForVotes(LeaderElection.java:197)
	at org.apache.ratis.server.impl.LeaderElection.run(LeaderElection.java:133)
	at java.lang.Thread.run(Thread.java:748)
Caused by: org.apache.ratis.thirdparty.io.grpc.StatusRuntimeException: UNAVAILABLE: io exception
	at org.apache.ratis.thirdparty.io.grpc.stub.ClientCalls.toStatusRuntimeException(ClientCalls.java:233)
	at org.apache.ratis.thirdparty.io.grpc.stub.ClientCalls.getUnchecked(ClientCalls.java:214)
	at org.apache.ratis.thirdparty.io.grpc.stub.ClientCalls.blockingUnaryCall(ClientCalls.java:139)
	at org.apache.ratis.proto.grpc.RaftServerProtocolServiceGrpc$RaftServerProtocolServiceBlockingStub.requestVote(RaftServerProtocolServiceGrpc.java:265)
	at org.apache.ratis.grpc.server.GrpcServerProtocolClient.requestVote(GrpcServerProtocolClient.java:99)
	at org.apache.ratis.grpc.server.GrpcService.requestVote(GrpcService.java:204)
	at org.apache.ratis.server.impl.LeaderElection.lambda$submitRequests$1(LeaderElection.java:234)
	at java.util.concurrent.FutureTask.run(FutureTask.java:266)
	at java.util.concurrent.Executors$RunnableAdapter.call(Executors.java:511)
	at java.util.concurrent.FutureTask.run(FutureTask.java:266)
	at java.util.concurrent.ThreadPoolExecutor.runWorker(ThreadPoolExecutor.java:1149)
	at java.util.concurrent.ThreadPoolExecutor$Worker.run(ThreadPoolExecutor.java:624)
	... 1 more
Caused by: org.apache.ratis.thirdparty.io.netty.channel.AbstractChannel$AnnotatedConnectException: Connection refused: /192.168.164.223:41749
	at sun.nio.ch.SocketChannelImpl.checkConnect(Native Method)
	at sun.nio.ch.SocketChannelImpl.finishConnect(SocketChannelImpl.java:717)
	at org.apache.ratis.thirdparty.io.netty.channel.socket.nio.NioSocketChannel.doFinishConnect(NioSocketChannel.java:327)
	at org.apache.ratis.thirdparty.io.netty.channel.nio.AbstractNioChannel$AbstractNioUnsafe.finishConnect(AbstractNioChannel.java:340)
	at org.apache.ratis.thirdparty.io.netty.channel.nio.NioEventLoop.processSelectedKey(NioEventLoop.java:632)
	at org.apache.ratis.thirdparty.io.netty.channel.nio.NioEventLoop.processSelectedKeysOptimized(NioEventLoop.java:579)
	at org.apache.ratis.thirdparty.io.netty.channel.nio.NioEventLoop.processSelectedKeys(NioEventLoop.java:496)
	at org.apache.ratis.thirdparty.io.netty.channel.nio.NioEventLoop.run(NioEventLoop.java:458)
	at org.apache.ratis.thirdparty.io.netty.util.concurrent.SingleThreadEventExecutor$5.run(SingleThreadEventExecutor.java:897)
	at org.apache.ratis.thirdparty.io.netty.util.concurrent.FastThreadLocalRunnable.run(FastThreadLocalRunnable.java:30)
	... 1 more
Caused by: java.net.ConnectException: Connection refused
	... 11 more
2019-11-15 21:51:51,889 [5e156848-495c-4d88-99d1-5a745ca90ed0@group-D2DDA09F38B3-LeaderElection231] INFO  impl.LeaderElection (LogUtils.java:infoOrTrace(149)) -   Exception 1: {}
java.util.concurrent.ExecutionException: org.apache.ratis.thirdparty.io.grpc.StatusRuntimeException: UNAVAILABLE: io exception
	at java.util.concurrent.FutureTask.report(FutureTask.java:122)
	at java.util.concurrent.FutureTask.get(FutureTask.java:192)
	at org.apache.ratis.server.impl.LeaderElection.waitForResults(LeaderElection.java:259)
	at org.apache.ratis.server.impl.LeaderElection.askForVotes(LeaderElection.java:197)
	at org.apache.ratis.server.impl.LeaderElection.run(LeaderElection.java:133)
	at java.lang.Thread.run(Thread.java:748)
Caused by: org.apache.ratis.thirdparty.io.grpc.StatusRuntimeException: UNAVAILABLE: io exception
	at org.apache.ratis.thirdparty.io.grpc.stub.ClientCalls.toStatusRuntimeException(ClientCalls.java:233)
	at org.apache.ratis.thirdparty.io.grpc.stub.ClientCalls.getUnchecked(ClientCalls.java:214)
	at org.apache.ratis.thirdparty.io.grpc.stub.ClientCalls.blockingUnaryCall(ClientCalls.java:139)
	at org.apache.ratis.proto.grpc.RaftServerProtocolServiceGrpc$RaftServerProtocolServiceBlockingStub.requestVote(RaftServerProtocolServiceGrpc.java:265)
	at org.apache.ratis.grpc.server.GrpcServerProtocolClient.requestVote(GrpcServerProtocolClient.java:99)
	at org.apache.ratis.grpc.server.GrpcService.requestVote(GrpcService.java:204)
	at org.apache.ratis.server.impl.LeaderElection.lambda$submitRequests$1(LeaderElection.java:234)
	at java.util.concurrent.FutureTask.run(FutureTask.java:266)
	at java.util.concurrent.Executors$RunnableAdapter.call(Executors.java:511)
	at java.util.concurrent.FutureTask.run(FutureTask.java:266)
	at java.util.concurrent.ThreadPoolExecutor.runWorker(ThreadPoolExecutor.java:1149)
	at java.util.concurrent.ThreadPoolExecutor$Worker.run(ThreadPoolExecutor.java:624)
	... 1 more
Caused by: org.apache.ratis.thirdparty.io.netty.channel.AbstractChannel$AnnotatedConnectException: Connection refused: /192.168.164.223:32938
	at sun.nio.ch.SocketChannelImpl.checkConnect(Native Method)
	at sun.nio.ch.SocketChannelImpl.finishConnect(SocketChannelImpl.java:717)
	at org.apache.ratis.thirdparty.io.netty.channel.socket.nio.NioSocketChannel.doFinishConnect(NioSocketChannel.java:327)
	at org.apache.ratis.thirdparty.io.netty.channel.nio.AbstractNioChannel$AbstractNioUnsafe.finishConnect(AbstractNioChannel.java:340)
	at org.apache.ratis.thirdparty.io.netty.channel.nio.NioEventLoop.processSelectedKey(NioEventLoop.java:632)
	at org.apache.ratis.thirdparty.io.netty.channel.nio.NioEventLoop.processSelectedKeysOptimized(NioEventLoop.java:579)
	at org.apache.ratis.thirdparty.io.netty.channel.nio.NioEventLoop.processSelectedKeys(NioEventLoop.java:496)
	at org.apache.ratis.thirdparty.io.netty.channel.nio.NioEventLoop.run(NioEventLoop.java:458)
	at org.apache.ratis.thirdparty.io.netty.util.concurrent.SingleThreadEventExecutor$5.run(SingleThreadEventExecutor.java:897)
	at org.apache.ratis.thirdparty.io.netty.util.concurrent.FastThreadLocalRunnable.run(FastThreadLocalRunnable.java:30)
	... 1 more
Caused by: java.net.ConnectException: Connection refused
	... 11 more
2019-11-15 21:51:51,889 [5e156848-495c-4d88-99d1-5a745ca90ed0@group-D2DDA09F38B3-LeaderElection231] INFO  impl.RaftServerImpl (RaftServerImpl.java:setRole(173)) - 5e156848-495c-4d88-99d1-5a745ca90ed0@group-D2DDA09F38B3: changes role from CANDIDATE to FOLLOWER at term 4 for DISCOVERED_A_NEW_TERM
2019-11-15 21:51:51,889 [5e156848-495c-4d88-99d1-5a745ca90ed0@group-D2DDA09F38B3-LeaderElection231] INFO  impl.RoleInfo (RoleInfo.java:shutdownLeaderElection(134)) - 5e156848-495c-4d88-99d1-5a745ca90ed0: shutdown LeaderElection
2019-11-15 21:51:51,889 [5e156848-495c-4d88-99d1-5a745ca90ed0@group-D2DDA09F38B3-LeaderElection231] INFO  impl.RoleInfo (RoleInfo.java:updateAndGet(143)) - 5e156848-495c-4d88-99d1-5a745ca90ed0: start FollowerState
2019-11-15 21:51:52,136 [grpc-default-executor-2] WARN  server.GrpcLogAppender (LogUtils.java:warn(134)) - 3ab85592-c721-41be-99a8-6d8df6ca420d@group-A70227FA7EAC->3c01ffb1-b295-42d9-9874-9e0ba4053462-AppendLogResponseHandler: Failed appendEntries: org.apache.ratis.thirdparty.io.grpc.StatusRuntimeException: UNAVAILABLE: io exception
2019-11-15 21:51:52,137 [grpc-default-executor-2] INFO  impl.FollowerInfo (FollowerInfo.java:lambda$new$0(51)) - 3ab85592-c721-41be-99a8-6d8df6ca420d@group-A70227FA7EAC->3c01ffb1-b295-42d9-9874-9e0ba4053462: nextIndex: updateUnconditionally 0 -> 0
2019-11-15 21:51:52,328 [grpc-default-executor-4] WARN  server.GrpcLogAppender (LogUtils.java:warn(134)) - dfb71ea8-5a43-4574-802a-eb8470866674@group-9378708D725D->81d95af4-28c6-42b2-8e7d-ef28ff90d39a-AppendLogResponseHandler: Failed appendEntries: org.apache.ratis.thirdparty.io.grpc.StatusRuntimeException: UNAVAILABLE: io exception
2019-11-15 21:51:52,328 [grpc-default-executor-4] INFO  impl.FollowerInfo (FollowerInfo.java:lambda$new$0(51)) - dfb71ea8-5a43-4574-802a-eb8470866674@group-9378708D725D->81d95af4-28c6-42b2-8e7d-ef28ff90d39a: nextIndex: updateUnconditionally 0 -> 0
2019-11-15 21:51:52,335 [grpc-default-executor-6] WARN  server.GrpcLogAppender (LogUtils.java:warn(134)) - dfb71ea8-5a43-4574-802a-eb8470866674@group-9378708D725D->25a1269d-d7cc-4acf-80e8-5992809da5ba-AppendLogResponseHandler: Failed appendEntries: org.apache.ratis.thirdparty.io.grpc.StatusRuntimeException: UNAVAILABLE: io exception
2019-11-15 21:51:52,336 [grpc-default-executor-6] INFO  impl.FollowerInfo (FollowerInfo.java:lambda$new$0(51)) - dfb71ea8-5a43-4574-802a-eb8470866674@group-9378708D725D->25a1269d-d7cc-4acf-80e8-5992809da5ba: nextIndex: updateUnconditionally 0 -> 0
2019-11-15 21:51:52,638 [grpc-default-executor-2] WARN  server.GrpcLogAppender (LogUtils.java:warn(134)) - 3ab85592-c721-41be-99a8-6d8df6ca420d@group-A70227FA7EAC->3c01ffb1-b295-42d9-9874-9e0ba4053462-AppendLogResponseHandler: Failed appendEntries: org.apache.ratis.thirdparty.io.grpc.StatusRuntimeException: UNAVAILABLE: io exception
2019-11-15 21:51:52,638 [grpc-default-executor-2] INFO  impl.FollowerInfo (FollowerInfo.java:lambda$new$0(51)) - 3ab85592-c721-41be-99a8-6d8df6ca420d@group-A70227FA7EAC->3c01ffb1-b295-42d9-9874-9e0ba4053462: nextIndex: updateUnconditionally 0 -> 0
2019-11-15 21:51:52,828 [grpc-default-executor-4] WARN  server.GrpcLogAppender (LogUtils.java:warn(134)) - dfb71ea8-5a43-4574-802a-eb8470866674@group-9378708D725D->81d95af4-28c6-42b2-8e7d-ef28ff90d39a-AppendLogResponseHandler: Failed appendEntries: org.apache.ratis.thirdparty.io.grpc.StatusRuntimeException: UNAVAILABLE: io exception
2019-11-15 21:51:52,829 [grpc-default-executor-4] INFO  impl.FollowerInfo (FollowerInfo.java:lambda$new$0(51)) - dfb71ea8-5a43-4574-802a-eb8470866674@group-9378708D725D->81d95af4-28c6-42b2-8e7d-ef28ff90d39a: nextIndex: updateUnconditionally 0 -> 0
2019-11-15 21:51:52,836 [grpc-default-executor-4] WARN  server.GrpcLogAppender (LogUtils.java:warn(134)) - dfb71ea8-5a43-4574-802a-eb8470866674@group-9378708D725D->25a1269d-d7cc-4acf-80e8-5992809da5ba-AppendLogResponseHandler: Failed appendEntries: org.apache.ratis.thirdparty.io.grpc.StatusRuntimeException: UNAVAILABLE: io exception
2019-11-15 21:51:52,836 [grpc-default-executor-4] INFO  impl.FollowerInfo (FollowerInfo.java:lambda$new$0(51)) - dfb71ea8-5a43-4574-802a-eb8470866674@group-9378708D725D->25a1269d-d7cc-4acf-80e8-5992809da5ba: nextIndex: updateUnconditionally 0 -> 0
2019-11-15 21:51:52,953 [Thread-4409] INFO  impl.FollowerState (FollowerState.java:run(111)) - 5e156848-495c-4d88-99d1-5a745ca90ed0@group-D2DDA09F38B3-FollowerState: change to CANDIDATE, lastRpcTime:1064ms, electionTimeout:1064ms
2019-11-15 21:51:52,954 [Thread-4409] INFO  impl.RoleInfo (RoleInfo.java:shutdownFollowerState(121)) - 5e156848-495c-4d88-99d1-5a745ca90ed0: shutdown FollowerState
2019-11-15 21:51:52,954 [Thread-4409] INFO  impl.RaftServerImpl (RaftServerImpl.java:setRole(173)) - 5e156848-495c-4d88-99d1-5a745ca90ed0@group-D2DDA09F38B3: changes role from  FOLLOWER to CANDIDATE at term 4 for changeToCandidate
2019-11-15 21:51:52,954 [Thread-4409] INFO  impl.RoleInfo (RoleInfo.java:updateAndGet(143)) - 5e156848-495c-4d88-99d1-5a745ca90ed0: start LeaderElection
2019-11-15 21:51:52,968 [5e156848-495c-4d88-99d1-5a745ca90ed0@group-D2DDA09F38B3-LeaderElection232] INFO  impl.LeaderElection (LeaderElection.java:askForVotes(178)) - 5e156848-495c-4d88-99d1-5a745ca90ed0@group-D2DDA09F38B3-LeaderElection232: begin an election at term 5 for 0: [3eba0ff5-def1-46c6-a9bd-a10bbd02f1ce:192.168.164.223:32938, 09667cd7-469d-4450-b7d6-bfa43032ac6a:192.168.164.223:41749, 5e156848-495c-4d88-99d1-5a745ca90ed0:192.168.164.223:41251], old=null
2019-11-15 21:51:52,969 [5e156848-495c-4d88-99d1-5a745ca90ed0@group-D2DDA09F38B3-LeaderElection232] INFO  impl.LeaderElection (LogUtils.java:infoOrTrace(149)) - 5e156848-495c-4d88-99d1-5a745ca90ed0@group-D2DDA09F38B3-LeaderElection232 got exception when requesting votes: {}
java.util.concurrent.ExecutionException: org.apache.ratis.thirdparty.io.grpc.StatusRuntimeException: UNAVAILABLE: io exception
	at java.util.concurrent.FutureTask.report(FutureTask.java:122)
	at java.util.concurrent.FutureTask.get(FutureTask.java:192)
	at org.apache.ratis.server.impl.LeaderElection.waitForResults(LeaderElection.java:259)
	at org.apache.ratis.server.impl.LeaderElection.askForVotes(LeaderElection.java:197)
	at org.apache.ratis.server.impl.LeaderElection.run(LeaderElection.java:133)
	at java.lang.Thread.run(Thread.java:748)
Caused by: org.apache.ratis.thirdparty.io.grpc.StatusRuntimeException: UNAVAILABLE: io exception
	at org.apache.ratis.thirdparty.io.grpc.stub.ClientCalls.toStatusRuntimeException(ClientCalls.java:233)
	at org.apache.ratis.thirdparty.io.grpc.stub.ClientCalls.getUnchecked(ClientCalls.java:214)
	at org.apache.ratis.thirdparty.io.grpc.stub.ClientCalls.blockingUnaryCall(ClientCalls.java:139)
	at org.apache.ratis.proto.grpc.RaftServerProtocolServiceGrpc$RaftServerProtocolServiceBlockingStub.requestVote(RaftServerProtocolServiceGrpc.java:265)
	at org.apache.ratis.grpc.server.GrpcServerProtocolClient.requestVote(GrpcServerProtocolClient.java:99)
	at org.apache.ratis.grpc.server.GrpcService.requestVote(GrpcService.java:204)
	at org.apache.ratis.server.impl.LeaderElection.lambda$submitRequests$1(LeaderElection.java:234)
	at java.util.concurrent.FutureTask.run(FutureTask.java:266)
	at java.util.concurrent.Executors$RunnableAdapter.call(Executors.java:511)
	at java.util.concurrent.FutureTask.run(FutureTask.java:266)
	at java.util.concurrent.ThreadPoolExecutor.runWorker(ThreadPoolExecutor.java:1149)
	at java.util.concurrent.ThreadPoolExecutor$Worker.run(ThreadPoolExecutor.java:624)
	... 1 more
Caused by: org.apache.ratis.thirdparty.io.netty.channel.AbstractChannel$AnnotatedConnectException: Connection refused: /192.168.164.223:32938
	at sun.nio.ch.SocketChannelImpl.checkConnect(Native Method)
	at sun.nio.ch.SocketChannelImpl.finishConnect(SocketChannelImpl.java:717)
	at org.apache.ratis.thirdparty.io.netty.channel.socket.nio.NioSocketChannel.doFinishConnect(NioSocketChannel.java:327)
	at org.apache.ratis.thirdparty.io.netty.channel.nio.AbstractNioChannel$AbstractNioUnsafe.finishConnect(AbstractNioChannel.java:340)
	at org.apache.ratis.thirdparty.io.netty.channel.nio.NioEventLoop.processSelectedKey(NioEventLoop.java:632)
	at org.apache.ratis.thirdparty.io.netty.channel.nio.NioEventLoop.processSelectedKeysOptimized(NioEventLoop.java:579)
	at org.apache.ratis.thirdparty.io.netty.channel.nio.NioEventLoop.processSelectedKeys(NioEventLoop.java:496)
	at org.apache.ratis.thirdparty.io.netty.channel.nio.NioEventLoop.run(NioEventLoop.java:458)
	at org.apache.ratis.thirdparty.io.netty.util.concurrent.SingleThreadEventExecutor$5.run(SingleThreadEventExecutor.java:897)
	at org.apache.ratis.thirdparty.io.netty.util.concurrent.FastThreadLocalRunnable.run(FastThreadLocalRunnable.java:30)
	... 1 more
Caused by: java.net.ConnectException: Connection refused
	... 11 more
2019-11-15 21:51:52,969 [5e156848-495c-4d88-99d1-5a745ca90ed0@group-D2DDA09F38B3-LeaderElection232] INFO  impl.LeaderElection (LogUtils.java:infoOrTrace(149)) - 5e156848-495c-4d88-99d1-5a745ca90ed0@group-D2DDA09F38B3-LeaderElection232 got exception when requesting votes: {}
java.util.concurrent.ExecutionException: org.apache.ratis.thirdparty.io.grpc.StatusRuntimeException: UNAVAILABLE: io exception
	at java.util.concurrent.FutureTask.report(FutureTask.java:122)
	at java.util.concurrent.FutureTask.get(FutureTask.java:192)
	at org.apache.ratis.server.impl.LeaderElection.waitForResults(LeaderElection.java:259)
	at org.apache.ratis.server.impl.LeaderElection.askForVotes(LeaderElection.java:197)
	at org.apache.ratis.server.impl.LeaderElection.run(LeaderElection.java:133)
	at java.lang.Thread.run(Thread.java:748)
Caused by: org.apache.ratis.thirdparty.io.grpc.StatusRuntimeException: UNAVAILABLE: io exception
	at org.apache.ratis.thirdparty.io.grpc.stub.ClientCalls.toStatusRuntimeException(ClientCalls.java:233)
	at org.apache.ratis.thirdparty.io.grpc.stub.ClientCalls.getUnchecked(ClientCalls.java:214)
	at org.apache.ratis.thirdparty.io.grpc.stub.ClientCalls.blockingUnaryCall(ClientCalls.java:139)
	at org.apache.ratis.proto.grpc.RaftServerProtocolServiceGrpc$RaftServerProtocolServiceBlockingStub.requestVote(RaftServerProtocolServiceGrpc.java:265)
	at org.apache.ratis.grpc.server.GrpcServerProtocolClient.requestVote(GrpcServerProtocolClient.java:99)
	at org.apache.ratis.grpc.server.GrpcService.requestVote(GrpcService.java:204)
	at org.apache.ratis.server.impl.LeaderElection.lambda$submitRequests$1(LeaderElection.java:234)
	at java.util.concurrent.FutureTask.run(FutureTask.java:266)
	at java.util.concurrent.Executors$RunnableAdapter.call(Executors.java:511)
	at java.util.concurrent.FutureTask.run(FutureTask.java:266)
	at java.util.concurrent.ThreadPoolExecutor.runWorker(ThreadPoolExecutor.java:1149)
	at java.util.concurrent.ThreadPoolExecutor$Worker.run(ThreadPoolExecutor.java:624)
	... 1 more
Caused by: org.apache.ratis.thirdparty.io.netty.channel.AbstractChannel$AnnotatedConnectException: Connection refused: /192.168.164.223:41749
	at sun.nio.ch.SocketChannelImpl.checkConnect(Native Method)
	at sun.nio.ch.SocketChannelImpl.finishConnect(SocketChannelImpl.java:717)
	at org.apache.ratis.thirdparty.io.netty.channel.socket.nio.NioSocketChannel.doFinishConnect(NioSocketChannel.java:327)
	at org.apache.ratis.thirdparty.io.netty.channel.nio.AbstractNioChannel$AbstractNioUnsafe.finishConnect(AbstractNioChannel.java:340)
	at org.apache.ratis.thirdparty.io.netty.channel.nio.NioEventLoop.processSelectedKey(NioEventLoop.java:632)
	at org.apache.ratis.thirdparty.io.netty.channel.nio.NioEventLoop.processSelectedKeysOptimized(NioEventLoop.java:579)
	at org.apache.ratis.thirdparty.io.netty.channel.nio.NioEventLoop.processSelectedKeys(NioEventLoop.java:496)
	at org.apache.ratis.thirdparty.io.netty.channel.nio.NioEventLoop.run(NioEventLoop.java:458)
	at org.apache.ratis.thirdparty.io.netty.util.concurrent.SingleThreadEventExecutor$5.run(SingleThreadEventExecutor.java:897)
	at org.apache.ratis.thirdparty.io.netty.util.concurrent.FastThreadLocalRunnable.run(FastThreadLocalRunnable.java:30)
	... 1 more
Caused by: java.net.ConnectException: Connection refused
	... 11 more
2019-11-15 21:51:52,970 [5e156848-495c-4d88-99d1-5a745ca90ed0@group-D2DDA09F38B3-LeaderElection232] INFO  impl.LeaderElection (LeaderElection.java:logAndReturn(56)) - 5e156848-495c-4d88-99d1-5a745ca90ed0@group-D2DDA09F38B3-LeaderElection232: Election REJECTED; received 0 response(s) [] and 2 exception(s); 5e156848-495c-4d88-99d1-5a745ca90ed0@group-D2DDA09F38B3:t5, leader=null, voted=5e156848-495c-4d88-99d1-5a745ca90ed0, raftlog=5e156848-495c-4d88-99d1-5a745ca90ed0@group-D2DDA09F38B3-SegmentedRaftLog:OPENED:c0,f0,i0, conf=0: [3eba0ff5-def1-46c6-a9bd-a10bbd02f1ce:192.168.164.223:32938, 09667cd7-469d-4450-b7d6-bfa43032ac6a:192.168.164.223:41749, 5e156848-495c-4d88-99d1-5a745ca90ed0:192.168.164.223:41251], old=null
2019-11-15 21:51:52,970 [5e156848-495c-4d88-99d1-5a745ca90ed0@group-D2DDA09F38B3-LeaderElection232] INFO  impl.LeaderElection (LogUtils.java:infoOrTrace(149)) -   Exception 0: {}
java.util.concurrent.ExecutionException: org.apache.ratis.thirdparty.io.grpc.StatusRuntimeException: UNAVAILABLE: io exception
	at java.util.concurrent.FutureTask.report(FutureTask.java:122)
	at java.util.concurrent.FutureTask.get(FutureTask.java:192)
	at org.apache.ratis.server.impl.LeaderElection.waitForResults(LeaderElection.java:259)
	at org.apache.ratis.server.impl.LeaderElection.askForVotes(LeaderElection.java:197)
	at org.apache.ratis.server.impl.LeaderElection.run(LeaderElection.java:133)
	at java.lang.Thread.run(Thread.java:748)
Caused by: org.apache.ratis.thirdparty.io.grpc.StatusRuntimeException: UNAVAILABLE: io exception
	at org.apache.ratis.thirdparty.io.grpc.stub.ClientCalls.toStatusRuntimeException(ClientCalls.java:233)
	at org.apache.ratis.thirdparty.io.grpc.stub.ClientCalls.getUnchecked(ClientCalls.java:214)
	at org.apache.ratis.thirdparty.io.grpc.stub.ClientCalls.blockingUnaryCall(ClientCalls.java:139)
	at org.apache.ratis.proto.grpc.RaftServerProtocolServiceGrpc$RaftServerProtocolServiceBlockingStub.requestVote(RaftServerProtocolServiceGrpc.java:265)
	at org.apache.ratis.grpc.server.GrpcServerProtocolClient.requestVote(GrpcServerProtocolClient.java:99)
	at org.apache.ratis.grpc.server.GrpcService.requestVote(GrpcService.java:204)
	at org.apache.ratis.server.impl.LeaderElection.lambda$submitRequests$1(LeaderElection.java:234)
	at java.util.concurrent.FutureTask.run(FutureTask.java:266)
	at java.util.concurrent.Executors$RunnableAdapter.call(Executors.java:511)
	at java.util.concurrent.FutureTask.run(FutureTask.java:266)
	at java.util.concurrent.ThreadPoolExecutor.runWorker(ThreadPoolExecutor.java:1149)
	at java.util.concurrent.ThreadPoolExecutor$Worker.run(ThreadPoolExecutor.java:624)
	... 1 more
Caused by: org.apache.ratis.thirdparty.io.netty.channel.AbstractChannel$AnnotatedConnectException: Connection refused: /192.168.164.223:32938
	at sun.nio.ch.SocketChannelImpl.checkConnect(Native Method)
	at sun.nio.ch.SocketChannelImpl.finishConnect(SocketChannelImpl.java:717)
	at org.apache.ratis.thirdparty.io.netty.channel.socket.nio.NioSocketChannel.doFinishConnect(NioSocketChannel.java:327)
	at org.apache.ratis.thirdparty.io.netty.channel.nio.AbstractNioChannel$AbstractNioUnsafe.finishConnect(AbstractNioChannel.java:340)
	at org.apache.ratis.thirdparty.io.netty.channel.nio.NioEventLoop.processSelectedKey(NioEventLoop.java:632)
	at org.apache.ratis.thirdparty.io.netty.channel.nio.NioEventLoop.processSelectedKeysOptimized(NioEventLoop.java:579)
	at org.apache.ratis.thirdparty.io.netty.channel.nio.NioEventLoop.processSelectedKeys(NioEventLoop.java:496)
	at org.apache.ratis.thirdparty.io.netty.channel.nio.NioEventLoop.run(NioEventLoop.java:458)
	at org.apache.ratis.thirdparty.io.netty.util.concurrent.SingleThreadEventExecutor$5.run(SingleThreadEventExecutor.java:897)
	at org.apache.ratis.thirdparty.io.netty.util.concurrent.FastThreadLocalRunnable.run(FastThreadLocalRunnable.java:30)
	... 1 more
Caused by: java.net.ConnectException: Connection refused
	... 11 more
2019-11-15 21:51:52,970 [5e156848-495c-4d88-99d1-5a745ca90ed0@group-D2DDA09F38B3-LeaderElection232] INFO  impl.LeaderElection (LogUtils.java:infoOrTrace(149)) -   Exception 1: {}
java.util.concurrent.ExecutionException: org.apache.ratis.thirdparty.io.grpc.StatusRuntimeException: UNAVAILABLE: io exception
	at java.util.concurrent.FutureTask.report(FutureTask.java:122)
	at java.util.concurrent.FutureTask.get(FutureTask.java:192)
	at org.apache.ratis.server.impl.LeaderElection.waitForResults(LeaderElection.java:259)
	at org.apache.ratis.server.impl.LeaderElection.askForVotes(LeaderElection.java:197)
	at org.apache.ratis.server.impl.LeaderElection.run(LeaderElection.java:133)
	at java.lang.Thread.run(Thread.java:748)
Caused by: org.apache.ratis.thirdparty.io.grpc.StatusRuntimeException: UNAVAILABLE: io exception
	at org.apache.ratis.thirdparty.io.grpc.stub.ClientCalls.toStatusRuntimeException(ClientCalls.java:233)
	at org.apache.ratis.thirdparty.io.grpc.stub.ClientCalls.getUnchecked(ClientCalls.java:214)
	at org.apache.ratis.thirdparty.io.grpc.stub.ClientCalls.blockingUnaryCall(ClientCalls.java:139)
	at org.apache.ratis.proto.grpc.RaftServerProtocolServiceGrpc$RaftServerProtocolServiceBlockingStub.requestVote(RaftServerProtocolServiceGrpc.java:265)
	at org.apache.ratis.grpc.server.GrpcServerProtocolClient.requestVote(GrpcServerProtocolClient.java:99)
	at org.apache.ratis.grpc.server.GrpcService.requestVote(GrpcService.java:204)
	at org.apache.ratis.server.impl.LeaderElection.lambda$submitRequests$1(LeaderElection.java:234)
	at java.util.concurrent.FutureTask.run(FutureTask.java:266)
	at java.util.concurrent.Executors$RunnableAdapter.call(Executors.java:511)
	at java.util.concurrent.FutureTask.run(FutureTask.java:266)
	at java.util.concurrent.ThreadPoolExecutor.runWorker(ThreadPoolExecutor.java:1149)
	at java.util.concurrent.ThreadPoolExecutor$Worker.run(ThreadPoolExecutor.java:624)
	... 1 more
Caused by: org.apache.ratis.thirdparty.io.netty.channel.AbstractChannel$AnnotatedConnectException: Connection refused: /192.168.164.223:41749
	at sun.nio.ch.SocketChannelImpl.checkConnect(Native Method)
	at sun.nio.ch.SocketChannelImpl.finishConnect(SocketChannelImpl.java:717)
	at org.apache.ratis.thirdparty.io.netty.channel.socket.nio.NioSocketChannel.doFinishConnect(NioSocketChannel.java:327)
	at org.apache.ratis.thirdparty.io.netty.channel.nio.AbstractNioChannel$AbstractNioUnsafe.finishConnect(AbstractNioChannel.java:340)
	at org.apache.ratis.thirdparty.io.netty.channel.nio.NioEventLoop.processSelectedKey(NioEventLoop.java:632)
	at org.apache.ratis.thirdparty.io.netty.channel.nio.NioEventLoop.processSelectedKeysOptimized(NioEventLoop.java:579)
	at org.apache.ratis.thirdparty.io.netty.channel.nio.NioEventLoop.processSelectedKeys(NioEventLoop.java:496)
	at org.apache.ratis.thirdparty.io.netty.channel.nio.NioEventLoop.run(NioEventLoop.java:458)
	at org.apache.ratis.thirdparty.io.netty.util.concurrent.SingleThreadEventExecutor$5.run(SingleThreadEventExecutor.java:897)
	at org.apache.ratis.thirdparty.io.netty.util.concurrent.FastThreadLocalRunnable.run(FastThreadLocalRunnable.java:30)
	... 1 more
Caused by: java.net.ConnectException: Connection refused
	... 11 more
2019-11-15 21:51:52,970 [5e156848-495c-4d88-99d1-5a745ca90ed0@group-D2DDA09F38B3-LeaderElection232] INFO  impl.RaftServerImpl (RaftServerImpl.java:setRole(173)) - 5e156848-495c-4d88-99d1-5a745ca90ed0@group-D2DDA09F38B3: changes role from CANDIDATE to FOLLOWER at term 5 for DISCOVERED_A_NEW_TERM
2019-11-15 21:51:52,970 [5e156848-495c-4d88-99d1-5a745ca90ed0@group-D2DDA09F38B3-LeaderElection232] INFO  impl.RoleInfo (RoleInfo.java:shutdownLeaderElection(134)) - 5e156848-495c-4d88-99d1-5a745ca90ed0: shutdown LeaderElection
2019-11-15 21:51:52,970 [5e156848-495c-4d88-99d1-5a745ca90ed0@group-D2DDA09F38B3-LeaderElection232] INFO  impl.RoleInfo (RoleInfo.java:updateAndGet(143)) - 5e156848-495c-4d88-99d1-5a745ca90ed0: start FollowerState
2019-11-15 21:51:53,138 [grpc-default-executor-2] WARN  server.GrpcLogAppender (LogUtils.java:warn(134)) - 3ab85592-c721-41be-99a8-6d8df6ca420d@group-A70227FA7EAC->3c01ffb1-b295-42d9-9874-9e0ba4053462-AppendLogResponseHandler: Failed appendEntries: org.apache.ratis.thirdparty.io.grpc.StatusRuntimeException: UNAVAILABLE: io exception
2019-11-15 21:51:53,138 [grpc-default-executor-2] INFO  impl.FollowerInfo (FollowerInfo.java:lambda$new$0(51)) - 3ab85592-c721-41be-99a8-6d8df6ca420d@group-A70227FA7EAC->3c01ffb1-b295-42d9-9874-9e0ba4053462: nextIndex: updateUnconditionally 0 -> 0
2019-11-15 21:51:53,228 [main] INFO  ozoneimpl.OzoneContainer (OzoneContainer.java:stop(244)) - Attempting to stop container services.
2019-11-15 21:51:53,229 [main] INFO  impl.RaftServerProxy (RaftServerProxy.java:lambda$close$4(314)) - cd688886-394b-4fb5-85cc-1eab6f176edb: close
2019-11-15 21:51:53,230 [main] INFO  impl.RaftServerImpl (RaftServerImpl.java:lambda$shutdown$3(250)) - cd688886-394b-4fb5-85cc-1eab6f176edb@group-724E36361A02: shutdown
2019-11-15 21:51:53,230 [main] INFO  util.JmxRegister (JmxRegister.java:unregister(73)) - Successfully un-registered JMX Bean with object name Ratis:service=RaftServer,group=group-724E36361A02,id=cd688886-394b-4fb5-85cc-1eab6f176edb
2019-11-15 21:51:53,230 [main] INFO  impl.RoleInfo (RoleInfo.java:shutdownLeaderState(104)) - cd688886-394b-4fb5-85cc-1eab6f176edb: shutdown LeaderState
2019-11-15 21:51:53,231 [main] INFO  impl.PendingRequests (PendingRequests.java:sendNotLeaderResponses(206)) - cd688886-394b-4fb5-85cc-1eab6f176edb@group-724E36361A02-PendingRequests: sendNotLeaderResponses
2019-11-15 21:51:53,231 [main] INFO  impl.StateMachineUpdater (StateMachineUpdater.java:stopAndJoin(136)) - cd688886-394b-4fb5-85cc-1eab6f176edb@group-724E36361A02-StateMachineUpdater: set stopIndex = 0
2019-11-15 21:51:53,232 [main] INFO  impl.RaftServerImpl (ServerState.java:close(387)) - cd688886-394b-4fb5-85cc-1eab6f176edb@group-724E36361A02: closes. applyIndex: 0
2019-11-15 21:51:53,232 [cd688886-394b-4fb5-85cc-1eab6f176edb@group-724E36361A02-SegmentedRaftLogWorker] INFO  segmented.SegmentedRaftLogWorker (SegmentedRaftLogWorker.java:run(316)) - cd688886-394b-4fb5-85cc-1eab6f176edb@group-724E36361A02-SegmentedRaftLogWorker was interrupted, exiting. There are 0 tasks remaining in the queue.
2019-11-15 21:51:53,235 [main] INFO  segmented.SegmentedRaftLogWorker (SegmentedRaftLogWorker.java:close(224)) - cd688886-394b-4fb5-85cc-1eab6f176edb@group-724E36361A02-SegmentedRaftLogWorker close()
2019-11-15 21:51:53,236 [main] INFO  server.GrpcService (GrpcService.java:closeImpl(164)) - cd688886-394b-4fb5-85cc-1eab6f176edb: shutdown server with port 33574 now
2019-11-15 21:51:53,238 [main] INFO  server.GrpcService (GrpcService.java:closeImpl(172)) - cd688886-394b-4fb5-85cc-1eab6f176edb: shutdown server with port 33574 successfully
2019-11-15 21:51:53,241 [refreshUsed-/workdir/hadoop-ozone/integration-test/target/test-dir/MiniOzoneClusterImpl-e150a234-18da-4756-b2e5-8eb09f38746c/datanode-9/data/containers] WARN  fs.CachingGetSpaceUsed (CachingGetSpaceUsed.java:run(183)) - Thread Interrupted waiting to refresh disk information: sleep interrupted
2019-11-15 21:51:53,245 [ForkJoinPool.commonPool-worker-1] INFO  ozoneimpl.OzoneContainer (OzoneContainer.java:stop(244)) - Attempting to stop container services.
2019-11-15 21:51:53,245 [ForkJoinPool.commonPool-worker-1] INFO  impl.RaftServerProxy (RaftServerProxy.java:lambda$close$4(314)) - dfb71ea8-5a43-4574-802a-eb8470866674: close
2019-11-15 21:51:53,245 [ForkJoinPool.commonPool-worker-1] INFO  impl.RaftServerImpl (RaftServerImpl.java:lambda$shutdown$3(250)) - dfb71ea8-5a43-4574-802a-eb8470866674@group-1B1E48E3A35D: shutdown
2019-11-15 21:51:53,246 [ForkJoinPool.commonPool-worker-1] INFO  util.JmxRegister (JmxRegister.java:unregister(73)) - Successfully un-registered JMX Bean with object name Ratis:service=RaftServer,group=group-1B1E48E3A35D,id=dfb71ea8-5a43-4574-802a-eb8470866674
2019-11-15 21:51:53,246 [ForkJoinPool.commonPool-worker-1] INFO  impl.RoleInfo (RoleInfo.java:shutdownLeaderState(104)) - dfb71ea8-5a43-4574-802a-eb8470866674: shutdown LeaderState
2019-11-15 21:51:53,246 [ForkJoinPool.commonPool-worker-1] INFO  impl.PendingRequests (PendingRequests.java:sendNotLeaderResponses(206)) - dfb71ea8-5a43-4574-802a-eb8470866674@group-1B1E48E3A35D-PendingRequests: sendNotLeaderResponses
2019-11-15 21:51:53,246 [ForkJoinPool.commonPool-worker-1] INFO  impl.StateMachineUpdater (StateMachineUpdater.java:stopAndJoin(136)) - dfb71ea8-5a43-4574-802a-eb8470866674@group-1B1E48E3A35D-StateMachineUpdater: set stopIndex = 0
2019-11-15 21:51:53,247 [ForkJoinPool.commonPool-worker-1] INFO  impl.RaftServerImpl (ServerState.java:close(387)) - dfb71ea8-5a43-4574-802a-eb8470866674@group-1B1E48E3A35D: closes. applyIndex: 0
2019-11-15 21:51:53,247 [dfb71ea8-5a43-4574-802a-eb8470866674@group-1B1E48E3A35D-SegmentedRaftLogWorker] INFO  segmented.SegmentedRaftLogWorker (SegmentedRaftLogWorker.java:run(316)) - dfb71ea8-5a43-4574-802a-eb8470866674@group-1B1E48E3A35D-SegmentedRaftLogWorker was interrupted, exiting. There are 0 tasks remaining in the queue.
2019-11-15 21:51:53,257 [ForkJoinPool.commonPool-worker-1] INFO  segmented.SegmentedRaftLogWorker (SegmentedRaftLogWorker.java:close(224)) - dfb71ea8-5a43-4574-802a-eb8470866674@group-1B1E48E3A35D-SegmentedRaftLogWorker close()
2019-11-15 21:51:53,257 [ForkJoinPool.commonPool-worker-1] INFO  impl.RaftServerImpl (RaftServerImpl.java:lambda$shutdown$3(250)) - dfb71ea8-5a43-4574-802a-eb8470866674@group-9378708D725D: shutdown
2019-11-15 21:51:53,257 [ForkJoinPool.commonPool-worker-1] INFO  util.JmxRegister (JmxRegister.java:unregister(73)) - Successfully un-registered JMX Bean with object name Ratis:service=RaftServer,group=group-9378708D725D,id=dfb71ea8-5a43-4574-802a-eb8470866674
2019-11-15 21:51:53,258 [ForkJoinPool.commonPool-worker-1] INFO  impl.RoleInfo (RoleInfo.java:shutdownLeaderState(104)) - dfb71ea8-5a43-4574-802a-eb8470866674: shutdown LeaderState
2019-11-15 21:51:53,260 [ForkJoinPool.commonPool-worker-1] INFO  impl.PendingRequests (PendingRequests.java:sendNotLeaderResponses(206)) - dfb71ea8-5a43-4574-802a-eb8470866674@group-9378708D725D-PendingRequests: sendNotLeaderResponses
2019-11-15 21:51:53,260 [org.apache.ratis.server.impl.LogAppender$AppenderDaemon$$Lambda$472/95030288@953be2d] WARN  server.GrpcLogAppender (GrpcLogAppender.java:mayWait(151)) - dfb71ea8-5a43-4574-802a-eb8470866674@group-9378708D725D->25a1269d-d7cc-4acf-80e8-5992809da5ba-GrpcLogAppender: Wait interrupted by java.lang.InterruptedException
2019-11-15 21:51:53,261 [ForkJoinPool.commonPool-worker-1] INFO  impl.StateMachineUpdater (StateMachineUpdater.java:stopAndJoin(136)) - dfb71ea8-5a43-4574-802a-eb8470866674@group-9378708D725D-StateMachineUpdater: set stopIndex = 8
2019-11-15 21:51:53,261 [dfb71ea8-5a43-4574-802a-eb8470866674@group-9378708D725D-StateMachineUpdater] INFO  ratis.ContainerStateMachine (ContainerStateMachine.java:takeSnapshot(285)) - group-9378708D725D: Taking a snapshot at:(t:1, i:4) file /workdir/hadoop-ozone/integration-test/target/test-dir/MiniOzoneClusterImpl-e150a234-18da-4756-b2e5-8eb09f38746c/datanode-4/data/ratis/d48de760-69db-4157-9478-9378708d725d/sm/snapshot.1_4
2019-11-15 21:51:53,261 [org.apache.ratis.server.impl.LogAppender$AppenderDaemon$$Lambda$472/95030288@1683b15e] WARN  server.GrpcLogAppender (GrpcLogAppender.java:mayWait(151)) - dfb71ea8-5a43-4574-802a-eb8470866674@group-9378708D725D->81d95af4-28c6-42b2-8e7d-ef28ff90d39a-GrpcLogAppender: Wait interrupted by java.lang.InterruptedException
2019-11-15 21:51:53,274 [main] INFO  utils.BackgroundService (BackgroundService.java:shutdown(151)) - Shutting down service BlockDeletingService
2019-11-15 21:51:53,276 [main] INFO  statemachine.DatanodeStateMachine (DatanodeStateMachine.java:stopDaemon(400)) - Ozone container server stopped.
2019-11-15 21:51:53,276 [dfb71ea8-5a43-4574-802a-eb8470866674@group-9378708D725D-StateMachineUpdater] INFO  ratis.ContainerStateMachine (ContainerStateMachine.java:takeSnapshot(296)) - group-9378708D725D: Finished taking a snapshot at:(t:1, i:4) file:/workdir/hadoop-ozone/integration-test/target/test-dir/MiniOzoneClusterImpl-e150a234-18da-4756-b2e5-8eb09f38746c/datanode-4/data/ratis/d48de760-69db-4157-9478-9378708d725d/sm/snapshot.1_4 time:15
2019-11-15 21:51:53,277 [dfb71ea8-5a43-4574-802a-eb8470866674@group-9378708D725D-StateMachineUpdater] INFO  impl.StateMachineUpdater (StateMachineUpdater.java:takeSnapshot(269)) - dfb71ea8-5a43-4574-802a-eb8470866674@group-9378708D725D-StateMachineUpdater: Took a snapshot at index 4
2019-11-15 21:51:53,277 [dfb71ea8-5a43-4574-802a-eb8470866674@group-9378708D725D-StateMachineUpdater] INFO  impl.StateMachineUpdater (StateMachineUpdater.java:lambda$new$0(84)) - dfb71ea8-5a43-4574-802a-eb8470866674@group-9378708D725D-StateMachineUpdater: snapshotIndex: updateIncreasingly -1 -> 4
2019-11-15 21:51:53,277 [dfb71ea8-5a43-4574-802a-eb8470866674@group-9378708D725D-StateMachineUpdater] INFO  ratis.ContainerStateMachine (ContainerStateMachine.java:takeSnapshot(285)) - group-9378708D725D: Taking a snapshot at:(t:1, i:4) file /workdir/hadoop-ozone/integration-test/target/test-dir/MiniOzoneClusterImpl-e150a234-18da-4756-b2e5-8eb09f38746c/datanode-4/data/ratis/d48de760-69db-4157-9478-9378708d725d/sm/snapshot.1_4
2019-11-15 21:51:53,278 [main] INFO  handler.ContextHandler (ContextHandler.java:doStop(910)) - Stopped o.e.j.w.WebAppContext@12567179{/,null,UNAVAILABLE}{/hddsDatanode}
2019-11-15 21:51:53,278 [main] INFO  server.AbstractConnector (AbstractConnector.java:doStop(318)) - Stopped ServerConnector@37d699a1{HTTP/1.1,[http/1.1]}{0.0.0.0:0}
2019-11-15 21:51:53,279 [main] INFO  handler.ContextHandler (ContextHandler.java:doStop(910)) - Stopped o.e.j.s.ServletContextHandler@2ad7bd26{/static,jar:file:/home/user/.m2/repository/org/apache/hadoop/hadoop-hdds-container-service/0.5.0-SNAPSHOT/hadoop-hdds-container-service-0.5.0-SNAPSHOT.jar!/webapps/static,UNAVAILABLE}
2019-11-15 21:51:53,279 [main] INFO  handler.ContextHandler (ContextHandler.java:doStop(910)) - Stopped o.e.j.s.ServletContextHandler@3ffd4b12{/logs,file:///workdir/hadoop-ozone/integration-test/target/log,UNAVAILABLE}
2019-11-15 21:51:53,289 [dfb71ea8-5a43-4574-802a-eb8470866674@group-9378708D725D-StateMachineUpdater] INFO  ratis.ContainerStateMachine (ContainerStateMachine.java:takeSnapshot(296)) - group-9378708D725D: Finished taking a snapshot at:(t:1, i:4) file:/workdir/hadoop-ozone/integration-test/target/test-dir/MiniOzoneClusterImpl-e150a234-18da-4756-b2e5-8eb09f38746c/datanode-4/data/ratis/d48de760-69db-4157-9478-9378708d725d/sm/snapshot.1_4 time:13
2019-11-15 21:51:53,290 [dfb71ea8-5a43-4574-802a-eb8470866674@group-9378708D725D-StateMachineUpdater] INFO  impl.StateMachineUpdater (StateMachineUpdater.java:takeSnapshot(269)) - dfb71ea8-5a43-4574-802a-eb8470866674@group-9378708D725D-StateMachineUpdater: Took a snapshot at index 4
2019-11-15 21:51:53,290 [dfb71ea8-5a43-4574-802a-eb8470866674@group-9378708D725D-StateMachineUpdater] INFO  impl.StateMachineUpdater (StateMachineUpdater.java:lambda$new$0(84)) - dfb71ea8-5a43-4574-802a-eb8470866674@group-9378708D725D-StateMachineUpdater: snapshotIndex: updateIncreasingly 4 -> 4
2019-11-15 21:51:53,290 [ForkJoinPool.commonPool-worker-1] INFO  impl.RaftServerImpl (ServerState.java:close(387)) - dfb71ea8-5a43-4574-802a-eb8470866674@group-9378708D725D: closes. applyIndex: 8
2019-11-15 21:51:53,290 [dfb71ea8-5a43-4574-802a-eb8470866674@group-9378708D725D-SegmentedRaftLogWorker] INFO  segmented.SegmentedRaftLogWorker (SegmentedRaftLogWorker.java:run(316)) - dfb71ea8-5a43-4574-802a-eb8470866674@group-9378708D725D-SegmentedRaftLogWorker was interrupted, exiting. There are 0 tasks remaining in the queue.
2019-11-15 21:51:53,291 [ForkJoinPool.commonPool-worker-1] INFO  segmented.SegmentedRaftLogWorker (SegmentedRaftLogWorker.java:close(224)) - dfb71ea8-5a43-4574-802a-eb8470866674@group-9378708D725D-SegmentedRaftLogWorker close()
2019-11-15 21:51:53,291 [ForkJoinPool.commonPool-worker-1] INFO  server.GrpcService (GrpcService.java:closeImpl(164)) - dfb71ea8-5a43-4574-802a-eb8470866674: shutdown server with port 45914 now
2019-11-15 21:51:53,291 [ForkJoinPool.commonPool-worker-1] INFO  server.GrpcService (GrpcService.java:closeImpl(172)) - dfb71ea8-5a43-4574-802a-eb8470866674: shutdown server with port 45914 successfully
2019-11-15 21:51:53,293 [refreshUsed-/workdir/hadoop-ozone/integration-test/target/test-dir/MiniOzoneClusterImpl-e150a234-18da-4756-b2e5-8eb09f38746c/datanode-4/data/containers] WARN  fs.CachingGetSpaceUsed (CachingGetSpaceUsed.java:run(183)) - Thread Interrupted waiting to refresh disk information: sleep interrupted
2019-11-15 21:51:53,308 [ForkJoinPool.commonPool-worker-1] INFO  utils.BackgroundService (BackgroundService.java:shutdown(151)) - Shutting down service BlockDeletingService
2019-11-15 21:51:53,310 [ForkJoinPool.commonPool-worker-1] INFO  statemachine.DatanodeStateMachine (DatanodeStateMachine.java:stopDaemon(400)) - Ozone container server stopped.
2019-11-15 21:51:53,318 [ForkJoinPool.commonPool-worker-1] INFO  handler.ContextHandler (ContextHandler.java:doStop(910)) - Stopped o.e.j.w.WebAppContext@79be91eb{/,null,UNAVAILABLE}{/hddsDatanode}
2019-11-15 21:51:53,318 [ForkJoinPool.commonPool-worker-1] INFO  server.AbstractConnector (AbstractConnector.java:doStop(318)) - Stopped ServerConnector@626c569b{HTTP/1.1,[http/1.1]}{0.0.0.0:0}
2019-11-15 21:51:53,319 [ForkJoinPool.commonPool-worker-1] INFO  handler.ContextHandler (ContextHandler.java:doStop(910)) - Stopped o.e.j.s.ServletContextHandler@60deefed{/static,jar:file:/home/user/.m2/repository/org/apache/hadoop/hadoop-hdds-container-service/0.5.0-SNAPSHOT/hadoop-hdds-container-service-0.5.0-SNAPSHOT.jar!/webapps/static,UNAVAILABLE}
2019-11-15 21:51:53,321 [ForkJoinPool.commonPool-worker-1] INFO  handler.ContextHandler (ContextHandler.java:doStop(910)) - Stopped o.e.j.s.ServletContextHandler@7ac058a0{/logs,file:///workdir/hadoop-ozone/integration-test/target/log,UNAVAILABLE}
2019-11-15 21:51:53,469 [Datanode State Machine Thread - 0] INFO  statemachine.DatanodeStateMachine (DatanodeStateMachine.java:lambda$startDaemon$0(355)) - Ozone container server started.
2019-11-15 21:51:53,639 [grpc-default-executor-6] WARN  server.GrpcLogAppender (LogUtils.java:warn(134)) - 3ab85592-c721-41be-99a8-6d8df6ca420d@group-A70227FA7EAC->3c01ffb1-b295-42d9-9874-9e0ba4053462-AppendLogResponseHandler: Failed appendEntries: org.apache.ratis.thirdparty.io.grpc.StatusRuntimeException: UNAVAILABLE: io exception
2019-11-15 21:51:53,639 [grpc-default-executor-6] INFO  impl.FollowerInfo (FollowerInfo.java:lambda$new$0(51)) - 3ab85592-c721-41be-99a8-6d8df6ca420d@group-A70227FA7EAC->3c01ffb1-b295-42d9-9874-9e0ba4053462: nextIndex: updateUnconditionally 0 -> 0
2019-11-15 21:51:54,071 [Thread-4415] INFO  impl.FollowerState (FollowerState.java:run(111)) - 5e156848-495c-4d88-99d1-5a745ca90ed0@group-D2DDA09F38B3-FollowerState: change to CANDIDATE, lastRpcTime:1100ms, electionTimeout:1100ms
2019-11-15 21:51:54,071 [Thread-4415] INFO  impl.RoleInfo (RoleInfo.java:shutdownFollowerState(121)) - 5e156848-495c-4d88-99d1-5a745ca90ed0: shutdown FollowerState
2019-11-15 21:51:54,071 [Thread-4415] INFO  impl.RaftServerImpl (RaftServerImpl.java:setRole(173)) - 5e156848-495c-4d88-99d1-5a745ca90ed0@group-D2DDA09F38B3: changes role from  FOLLOWER to CANDIDATE at term 5 for changeToCandidate
2019-11-15 21:51:54,071 [Thread-4415] INFO  impl.RoleInfo (RoleInfo.java:updateAndGet(143)) - 5e156848-495c-4d88-99d1-5a745ca90ed0: start LeaderElection
2019-11-15 21:51:54,085 [5e156848-495c-4d88-99d1-5a745ca90ed0@group-D2DDA09F38B3-LeaderElection233] INFO  impl.LeaderElection (LeaderElection.java:askForVotes(178)) - 5e156848-495c-4d88-99d1-5a745ca90ed0@group-D2DDA09F38B3-LeaderElection233: begin an election at term 6 for 0: [3eba0ff5-def1-46c6-a9bd-a10bbd02f1ce:192.168.164.223:32938, 09667cd7-469d-4450-b7d6-bfa43032ac6a:192.168.164.223:41749, 5e156848-495c-4d88-99d1-5a745ca90ed0:192.168.164.223:41251], old=null
2019-11-15 21:51:54,086 [5e156848-495c-4d88-99d1-5a745ca90ed0@group-D2DDA09F38B3-LeaderElection233] INFO  impl.LeaderElection (LogUtils.java:infoOrTrace(149)) - 5e156848-495c-4d88-99d1-5a745ca90ed0@group-D2DDA09F38B3-LeaderElection233 got exception when requesting votes: {}
java.util.concurrent.ExecutionException: org.apache.ratis.thirdparty.io.grpc.StatusRuntimeException: UNAVAILABLE: io exception
	at java.util.concurrent.FutureTask.report(FutureTask.java:122)
	at java.util.concurrent.FutureTask.get(FutureTask.java:192)
	at org.apache.ratis.server.impl.LeaderElection.waitForResults(LeaderElection.java:259)
	at org.apache.ratis.server.impl.LeaderElection.askForVotes(LeaderElection.java:197)
	at org.apache.ratis.server.impl.LeaderElection.run(LeaderElection.java:133)
	at java.lang.Thread.run(Thread.java:748)
Caused by: org.apache.ratis.thirdparty.io.grpc.StatusRuntimeException: UNAVAILABLE: io exception
	at org.apache.ratis.thirdparty.io.grpc.stub.ClientCalls.toStatusRuntimeException(ClientCalls.java:233)
	at org.apache.ratis.thirdparty.io.grpc.stub.ClientCalls.getUnchecked(ClientCalls.java:214)
	at org.apache.ratis.thirdparty.io.grpc.stub.ClientCalls.blockingUnaryCall(ClientCalls.java:139)
	at org.apache.ratis.proto.grpc.RaftServerProtocolServiceGrpc$RaftServerProtocolServiceBlockingStub.requestVote(RaftServerProtocolServiceGrpc.java:265)
	at org.apache.ratis.grpc.server.GrpcServerProtocolClient.requestVote(GrpcServerProtocolClient.java:99)
	at org.apache.ratis.grpc.server.GrpcService.requestVote(GrpcService.java:204)
	at org.apache.ratis.server.impl.LeaderElection.lambda$submitRequests$1(LeaderElection.java:234)
	at java.util.concurrent.FutureTask.run(FutureTask.java:266)
	at java.util.concurrent.Executors$RunnableAdapter.call(Executors.java:511)
	at java.util.concurrent.FutureTask.run(FutureTask.java:266)
	at java.util.concurrent.ThreadPoolExecutor.runWorker(ThreadPoolExecutor.java:1149)
	at java.util.concurrent.ThreadPoolExecutor$Worker.run(ThreadPoolExecutor.java:624)
	... 1 more
Caused by: org.apache.ratis.thirdparty.io.netty.channel.AbstractChannel$AnnotatedConnectException: Connection refused: /192.168.164.223:41749
	at sun.nio.ch.SocketChannelImpl.checkConnect(Native Method)
	at sun.nio.ch.SocketChannelImpl.finishConnect(SocketChannelImpl.java:717)
	at org.apache.ratis.thirdparty.io.netty.channel.socket.nio.NioSocketChannel.doFinishConnect(NioSocketChannel.java:327)
	at org.apache.ratis.thirdparty.io.netty.channel.nio.AbstractNioChannel$AbstractNioUnsafe.finishConnect(AbstractNioChannel.java:340)
	at org.apache.ratis.thirdparty.io.netty.channel.nio.NioEventLoop.processSelectedKey(NioEventLoop.java:632)
	at org.apache.ratis.thirdparty.io.netty.channel.nio.NioEventLoop.processSelectedKeysOptimized(NioEventLoop.java:579)
	at org.apache.ratis.thirdparty.io.netty.channel.nio.NioEventLoop.processSelectedKeys(NioEventLoop.java:496)
	at org.apache.ratis.thirdparty.io.netty.channel.nio.NioEventLoop.run(NioEventLoop.java:458)
	at org.apache.ratis.thirdparty.io.netty.util.concurrent.SingleThreadEventExecutor$5.run(SingleThreadEventExecutor.java:897)
	at org.apache.ratis.thirdparty.io.netty.util.concurrent.FastThreadLocalRunnable.run(FastThreadLocalRunnable.java:30)
	... 1 more
Caused by: java.net.ConnectException: Connection refused
	... 11 more
2019-11-15 21:51:54,087 [5e156848-495c-4d88-99d1-5a745ca90ed0@group-D2DDA09F38B3-LeaderElection233] INFO  impl.LeaderElection (LogUtils.java:infoOrTrace(149)) - 5e156848-495c-4d88-99d1-5a745ca90ed0@group-D2DDA09F38B3-LeaderElection233 got exception when requesting votes: {}
java.util.concurrent.ExecutionException: org.apache.ratis.thirdparty.io.grpc.StatusRuntimeException: UNAVAILABLE: io exception
	at java.util.concurrent.FutureTask.report(FutureTask.java:122)
	at java.util.concurrent.FutureTask.get(FutureTask.java:192)
	at org.apache.ratis.server.impl.LeaderElection.waitForResults(LeaderElection.java:259)
	at org.apache.ratis.server.impl.LeaderElection.askForVotes(LeaderElection.java:197)
	at org.apache.ratis.server.impl.LeaderElection.run(LeaderElection.java:133)
	at java.lang.Thread.run(Thread.java:748)
Caused by: org.apache.ratis.thirdparty.io.grpc.StatusRuntimeException: UNAVAILABLE: io exception
	at org.apache.ratis.thirdparty.io.grpc.stub.ClientCalls.toStatusRuntimeException(ClientCalls.java:233)
	at org.apache.ratis.thirdparty.io.grpc.stub.ClientCalls.getUnchecked(ClientCalls.java:214)
	at org.apache.ratis.thirdparty.io.grpc.stub.ClientCalls.blockingUnaryCall(ClientCalls.java:139)
	at org.apache.ratis.proto.grpc.RaftServerProtocolServiceGrpc$RaftServerProtocolServiceBlockingStub.requestVote(RaftServerProtocolServiceGrpc.java:265)
	at org.apache.ratis.grpc.server.GrpcServerProtocolClient.requestVote(GrpcServerProtocolClient.java:99)
	at org.apache.ratis.grpc.server.GrpcService.requestVote(GrpcService.java:204)
	at org.apache.ratis.server.impl.LeaderElection.lambda$submitRequests$1(LeaderElection.java:234)
	at java.util.concurrent.FutureTask.run(FutureTask.java:266)
	at java.util.concurrent.Executors$RunnableAdapter.call(Executors.java:511)
	at java.util.concurrent.FutureTask.run(FutureTask.java:266)
	at java.util.concurrent.ThreadPoolExecutor.runWorker(ThreadPoolExecutor.java:1149)
	at java.util.concurrent.ThreadPoolExecutor$Worker.run(ThreadPoolExecutor.java:624)
	... 1 more
Caused by: org.apache.ratis.thirdparty.io.netty.channel.AbstractChannel$AnnotatedConnectException: Connection refused: /192.168.164.223:32938
	at sun.nio.ch.SocketChannelImpl.checkConnect(Native Method)
	at sun.nio.ch.SocketChannelImpl.finishConnect(SocketChannelImpl.java:717)
	at org.apache.ratis.thirdparty.io.netty.channel.socket.nio.NioSocketChannel.doFinishConnect(NioSocketChannel.java:327)
	at org.apache.ratis.thirdparty.io.netty.channel.nio.AbstractNioChannel$AbstractNioUnsafe.finishConnect(AbstractNioChannel.java:340)
	at org.apache.ratis.thirdparty.io.netty.channel.nio.NioEventLoop.processSelectedKey(NioEventLoop.java:632)
	at org.apache.ratis.thirdparty.io.netty.channel.nio.NioEventLoop.processSelectedKeysOptimized(NioEventLoop.java:579)
	at org.apache.ratis.thirdparty.io.netty.channel.nio.NioEventLoop.processSelectedKeys(NioEventLoop.java:496)
	at org.apache.ratis.thirdparty.io.netty.channel.nio.NioEventLoop.run(NioEventLoop.java:458)
	at org.apache.ratis.thirdparty.io.netty.util.concurrent.SingleThreadEventExecutor$5.run(SingleThreadEventExecutor.java:897)
	at org.apache.ratis.thirdparty.io.netty.util.concurrent.FastThreadLocalRunnable.run(FastThreadLocalRunnable.java:30)
	... 1 more
Caused by: java.net.ConnectException: Connection refused
	... 11 more
2019-11-15 21:51:54,087 [5e156848-495c-4d88-99d1-5a745ca90ed0@group-D2DDA09F38B3-LeaderElection233] INFO  impl.LeaderElection (LeaderElection.java:logAndReturn(56)) - 5e156848-495c-4d88-99d1-5a745ca90ed0@group-D2DDA09F38B3-LeaderElection233: Election REJECTED; received 0 response(s) [] and 2 exception(s); 5e156848-495c-4d88-99d1-5a745ca90ed0@group-D2DDA09F38B3:t6, leader=null, voted=5e156848-495c-4d88-99d1-5a745ca90ed0, raftlog=5e156848-495c-4d88-99d1-5a745ca90ed0@group-D2DDA09F38B3-SegmentedRaftLog:OPENED:c0,f0,i0, conf=0: [3eba0ff5-def1-46c6-a9bd-a10bbd02f1ce:192.168.164.223:32938, 09667cd7-469d-4450-b7d6-bfa43032ac6a:192.168.164.223:41749, 5e156848-495c-4d88-99d1-5a745ca90ed0:192.168.164.223:41251], old=null
2019-11-15 21:51:54,087 [5e156848-495c-4d88-99d1-5a745ca90ed0@group-D2DDA09F38B3-LeaderElection233] INFO  impl.LeaderElection (LogUtils.java:infoOrTrace(149)) -   Exception 0: {}
java.util.concurrent.ExecutionException: org.apache.ratis.thirdparty.io.grpc.StatusRuntimeException: UNAVAILABLE: io exception
	at java.util.concurrent.FutureTask.report(FutureTask.java:122)
	at java.util.concurrent.FutureTask.get(FutureTask.java:192)
	at org.apache.ratis.server.impl.LeaderElection.waitForResults(LeaderElection.java:259)
	at org.apache.ratis.server.impl.LeaderElection.askForVotes(LeaderElection.java:197)
	at org.apache.ratis.server.impl.LeaderElection.run(LeaderElection.java:133)
	at java.lang.Thread.run(Thread.java:748)
Caused by: org.apache.ratis.thirdparty.io.grpc.StatusRuntimeException: UNAVAILABLE: io exception
	at org.apache.ratis.thirdparty.io.grpc.stub.ClientCalls.toStatusRuntimeException(ClientCalls.java:233)
	at org.apache.ratis.thirdparty.io.grpc.stub.ClientCalls.getUnchecked(ClientCalls.java:214)
	at org.apache.ratis.thirdparty.io.grpc.stub.ClientCalls.blockingUnaryCall(ClientCalls.java:139)
	at org.apache.ratis.proto.grpc.RaftServerProtocolServiceGrpc$RaftServerProtocolServiceBlockingStub.requestVote(RaftServerProtocolServiceGrpc.java:265)
	at org.apache.ratis.grpc.server.GrpcServerProtocolClient.requestVote(GrpcServerProtocolClient.java:99)
	at org.apache.ratis.grpc.server.GrpcService.requestVote(GrpcService.java:204)
	at org.apache.ratis.server.impl.LeaderElection.lambda$submitRequests$1(LeaderElection.java:234)
	at java.util.concurrent.FutureTask.run(FutureTask.java:266)
	at java.util.concurrent.Executors$RunnableAdapter.call(Executors.java:511)
	at java.util.concurrent.FutureTask.run(FutureTask.java:266)
	at java.util.concurrent.ThreadPoolExecutor.runWorker(ThreadPoolExecutor.java:1149)
	at java.util.concurrent.ThreadPoolExecutor$Worker.run(ThreadPoolExecutor.java:624)
	... 1 more
Caused by: org.apache.ratis.thirdparty.io.netty.channel.AbstractChannel$AnnotatedConnectException: Connection refused: /192.168.164.223:41749
	at sun.nio.ch.SocketChannelImpl.checkConnect(Native Method)
	at sun.nio.ch.SocketChannelImpl.finishConnect(SocketChannelImpl.java:717)
	at org.apache.ratis.thirdparty.io.netty.channel.socket.nio.NioSocketChannel.doFinishConnect(NioSocketChannel.java:327)
	at org.apache.ratis.thirdparty.io.netty.channel.nio.AbstractNioChannel$AbstractNioUnsafe.finishConnect(AbstractNioChannel.java:340)
	at org.apache.ratis.thirdparty.io.netty.channel.nio.NioEventLoop.processSelectedKey(NioEventLoop.java:632)
	at org.apache.ratis.thirdparty.io.netty.channel.nio.NioEventLoop.processSelectedKeysOptimized(NioEventLoop.java:579)
	at org.apache.ratis.thirdparty.io.netty.channel.nio.NioEventLoop.processSelectedKeys(NioEventLoop.java:496)
	at org.apache.ratis.thirdparty.io.netty.channel.nio.NioEventLoop.run(NioEventLoop.java:458)
	at org.apache.ratis.thirdparty.io.netty.util.concurrent.SingleThreadEventExecutor$5.run(SingleThreadEventExecutor.java:897)
	at org.apache.ratis.thirdparty.io.netty.util.concurrent.FastThreadLocalRunnable.run(FastThreadLocalRunnable.java:30)
	... 1 more
Caused by: java.net.ConnectException: Connection refused
	... 11 more
2019-11-15 21:51:54,087 [5e156848-495c-4d88-99d1-5a745ca90ed0@group-D2DDA09F38B3-LeaderElection233] INFO  impl.LeaderElection (LogUtils.java:infoOrTrace(149)) -   Exception 1: {}
java.util.concurrent.ExecutionException: org.apache.ratis.thirdparty.io.grpc.StatusRuntimeException: UNAVAILABLE: io exception
	at java.util.concurrent.FutureTask.report(FutureTask.java:122)
	at java.util.concurrent.FutureTask.get(FutureTask.java:192)
	at org.apache.ratis.server.impl.LeaderElection.waitForResults(LeaderElection.java:259)
	at org.apache.ratis.server.impl.LeaderElection.askForVotes(LeaderElection.java:197)
	at org.apache.ratis.server.impl.LeaderElection.run(LeaderElection.java:133)
	at java.lang.Thread.run(Thread.java:748)
Caused by: org.apache.ratis.thirdparty.io.grpc.StatusRuntimeException: UNAVAILABLE: io exception
	at org.apache.ratis.thirdparty.io.grpc.stub.ClientCalls.toStatusRuntimeException(ClientCalls.java:233)
	at org.apache.ratis.thirdparty.io.grpc.stub.ClientCalls.getUnchecked(ClientCalls.java:214)
	at org.apache.ratis.thirdparty.io.grpc.stub.ClientCalls.blockingUnaryCall(ClientCalls.java:139)
	at org.apache.ratis.proto.grpc.RaftServerProtocolServiceGrpc$RaftServerProtocolServiceBlockingStub.requestVote(RaftServerProtocolServiceGrpc.java:265)
	at org.apache.ratis.grpc.server.GrpcServerProtocolClient.requestVote(GrpcServerProtocolClient.java:99)
	at org.apache.ratis.grpc.server.GrpcService.requestVote(GrpcService.java:204)
	at org.apache.ratis.server.impl.LeaderElection.lambda$submitRequests$1(LeaderElection.java:234)
	at java.util.concurrent.FutureTask.run(FutureTask.java:266)
	at java.util.concurrent.Executors$RunnableAdapter.call(Executors.java:511)
	at java.util.concurrent.FutureTask.run(FutureTask.java:266)
	at java.util.concurrent.ThreadPoolExecutor.runWorker(ThreadPoolExecutor.java:1149)
	at java.util.concurrent.ThreadPoolExecutor$Worker.run(ThreadPoolExecutor.java:624)
	... 1 more
Caused by: org.apache.ratis.thirdparty.io.netty.channel.AbstractChannel$AnnotatedConnectException: Connection refused: /192.168.164.223:32938
	at sun.nio.ch.SocketChannelImpl.checkConnect(Native Method)
	at sun.nio.ch.SocketChannelImpl.finishConnect(SocketChannelImpl.java:717)
	at org.apache.ratis.thirdparty.io.netty.channel.socket.nio.NioSocketChannel.doFinishConnect(NioSocketChannel.java:327)
	at org.apache.ratis.thirdparty.io.netty.channel.nio.AbstractNioChannel$AbstractNioUnsafe.finishConnect(AbstractNioChannel.java:340)
	at org.apache.ratis.thirdparty.io.netty.channel.nio.NioEventLoop.processSelectedKey(NioEventLoop.java:632)
	at org.apache.ratis.thirdparty.io.netty.channel.nio.NioEventLoop.processSelectedKeysOptimized(NioEventLoop.java:579)
	at org.apache.ratis.thirdparty.io.netty.channel.nio.NioEventLoop.processSelectedKeys(NioEventLoop.java:496)
	at org.apache.ratis.thirdparty.io.netty.channel.nio.NioEventLoop.run(NioEventLoop.java:458)
	at org.apache.ratis.thirdparty.io.netty.util.concurrent.SingleThreadEventExecutor$5.run(SingleThreadEventExecutor.java:897)
	at org.apache.ratis.thirdparty.io.netty.util.concurrent.FastThreadLocalRunnable.run(FastThreadLocalRunnable.java:30)
	... 1 more
Caused by: java.net.ConnectException: Connection refused
	... 11 more
2019-11-15 21:51:54,087 [5e156848-495c-4d88-99d1-5a745ca90ed0@group-D2DDA09F38B3-LeaderElection233] INFO  impl.RaftServerImpl (RaftServerImpl.java:setRole(173)) - 5e156848-495c-4d88-99d1-5a745ca90ed0@group-D2DDA09F38B3: changes role from CANDIDATE to FOLLOWER at term 6 for DISCOVERED_A_NEW_TERM
2019-11-15 21:51:54,087 [5e156848-495c-4d88-99d1-5a745ca90ed0@group-D2DDA09F38B3-LeaderElection233] INFO  impl.RoleInfo (RoleInfo.java:shutdownLeaderElection(134)) - 5e156848-495c-4d88-99d1-5a745ca90ed0: shutdown LeaderElection
2019-11-15 21:51:54,087 [5e156848-495c-4d88-99d1-5a745ca90ed0@group-D2DDA09F38B3-LeaderElection233] INFO  impl.RoleInfo (RoleInfo.java:updateAndGet(143)) - 5e156848-495c-4d88-99d1-5a745ca90ed0: start FollowerState
2019-11-15 21:51:54,127 [Datanode State Machine Thread - 0] INFO  statemachine.DatanodeStateMachine (DatanodeStateMachine.java:lambda$startDaemon$0(355)) - Ozone container server started.
2019-11-15 21:51:54,139 [grpc-default-executor-6] WARN  server.GrpcLogAppender (LogUtils.java:warn(134)) - 3ab85592-c721-41be-99a8-6d8df6ca420d@group-A70227FA7EAC->3c01ffb1-b295-42d9-9874-9e0ba4053462-AppendLogResponseHandler: Failed appendEntries: org.apache.ratis.thirdparty.io.grpc.StatusRuntimeException: UNAVAILABLE: io exception
2019-11-15 21:51:54,139 [grpc-default-executor-6] INFO  impl.FollowerInfo (FollowerInfo.java:lambda$new$0(51)) - 3ab85592-c721-41be-99a8-6d8df6ca420d@group-A70227FA7EAC->3c01ffb1-b295-42d9-9874-9e0ba4053462: nextIndex: updateUnconditionally 0 -> 0
2019-11-15 21:51:54,640 [grpc-default-executor-4] WARN  server.GrpcLogAppender (LogUtils.java:warn(134)) - 3ab85592-c721-41be-99a8-6d8df6ca420d@group-A70227FA7EAC->3c01ffb1-b295-42d9-9874-9e0ba4053462-AppendLogResponseHandler: Failed appendEntries: org.apache.ratis.thirdparty.io.grpc.StatusRuntimeException: UNAVAILABLE: io exception
2019-11-15 21:51:54,640 [grpc-default-executor-4] INFO  impl.FollowerInfo (FollowerInfo.java:lambda$new$0(51)) - 3ab85592-c721-41be-99a8-6d8df6ca420d@group-A70227FA7EAC->3c01ffb1-b295-42d9-9874-9e0ba4053462: nextIndex: updateUnconditionally 0 -> 0
2019-11-15 21:51:55,140 [grpc-default-executor-2] WARN  server.GrpcLogAppender (LogUtils.java:warn(134)) - 3ab85592-c721-41be-99a8-6d8df6ca420d@group-A70227FA7EAC->3c01ffb1-b295-42d9-9874-9e0ba4053462-AppendLogResponseHandler: Failed appendEntries: org.apache.ratis.thirdparty.io.grpc.StatusRuntimeException: UNAVAILABLE: io exception
2019-11-15 21:51:55,140 [grpc-default-executor-2] INFO  impl.FollowerInfo (FollowerInfo.java:lambda$new$0(51)) - 3ab85592-c721-41be-99a8-6d8df6ca420d@group-A70227FA7EAC->3c01ffb1-b295-42d9-9874-9e0ba4053462: nextIndex: updateUnconditionally 0 -> 0
2019-11-15 21:51:55,233 [Thread-4421] INFO  impl.FollowerState (FollowerState.java:run(111)) - 5e156848-495c-4d88-99d1-5a745ca90ed0@group-D2DDA09F38B3-FollowerState: change to CANDIDATE, lastRpcTime:1145ms, electionTimeout:1145ms
2019-11-15 21:51:55,233 [Thread-4421] INFO  impl.RoleInfo (RoleInfo.java:shutdownFollowerState(121)) - 5e156848-495c-4d88-99d1-5a745ca90ed0: shutdown FollowerState
2019-11-15 21:51:55,233 [Thread-4421] INFO  impl.RaftServerImpl (RaftServerImpl.java:setRole(173)) - 5e156848-495c-4d88-99d1-5a745ca90ed0@group-D2DDA09F38B3: changes role from  FOLLOWER to CANDIDATE at term 6 for changeToCandidate
2019-11-15 21:51:55,233 [Thread-4421] INFO  impl.RoleInfo (RoleInfo.java:updateAndGet(143)) - 5e156848-495c-4d88-99d1-5a745ca90ed0: start LeaderElection
2019-11-15 21:51:55,238 [5e156848-495c-4d88-99d1-5a745ca90ed0@group-D2DDA09F38B3-LeaderElection234] INFO  impl.LeaderElection (LeaderElection.java:askForVotes(178)) - 5e156848-495c-4d88-99d1-5a745ca90ed0@group-D2DDA09F38B3-LeaderElection234: begin an election at term 7 for 0: [3eba0ff5-def1-46c6-a9bd-a10bbd02f1ce:192.168.164.223:32938, 09667cd7-469d-4450-b7d6-bfa43032ac6a:192.168.164.223:41749, 5e156848-495c-4d88-99d1-5a745ca90ed0:192.168.164.223:41251], old=null
2019-11-15 21:51:55,239 [5e156848-495c-4d88-99d1-5a745ca90ed0@group-D2DDA09F38B3-LeaderElection234] INFO  impl.LeaderElection (LogUtils.java:infoOrTrace(149)) - 5e156848-495c-4d88-99d1-5a745ca90ed0@group-D2DDA09F38B3-LeaderElection234 got exception when requesting votes: {}
java.util.concurrent.ExecutionException: org.apache.ratis.thirdparty.io.grpc.StatusRuntimeException: UNAVAILABLE: io exception
	at java.util.concurrent.FutureTask.report(FutureTask.java:122)
	at java.util.concurrent.FutureTask.get(FutureTask.java:192)
	at org.apache.ratis.server.impl.LeaderElection.waitForResults(LeaderElection.java:259)
	at org.apache.ratis.server.impl.LeaderElection.askForVotes(LeaderElection.java:197)
	at org.apache.ratis.server.impl.LeaderElection.run(LeaderElection.java:133)
	at java.lang.Thread.run(Thread.java:748)
Caused by: org.apache.ratis.thirdparty.io.grpc.StatusRuntimeException: UNAVAILABLE: io exception
	at org.apache.ratis.thirdparty.io.grpc.stub.ClientCalls.toStatusRuntimeException(ClientCalls.java:233)
	at org.apache.ratis.thirdparty.io.grpc.stub.ClientCalls.getUnchecked(ClientCalls.java:214)
	at org.apache.ratis.thirdparty.io.grpc.stub.ClientCalls.blockingUnaryCall(ClientCalls.java:139)
	at org.apache.ratis.proto.grpc.RaftServerProtocolServiceGrpc$RaftServerProtocolServiceBlockingStub.requestVote(RaftServerProtocolServiceGrpc.java:265)
	at org.apache.ratis.grpc.server.GrpcServerProtocolClient.requestVote(GrpcServerProtocolClient.java:99)
	at org.apache.ratis.grpc.server.GrpcService.requestVote(GrpcService.java:204)
	at org.apache.ratis.server.impl.LeaderElection.lambda$submitRequests$1(LeaderElection.java:234)
	at java.util.concurrent.FutureTask.run(FutureTask.java:266)
	at java.util.concurrent.Executors$RunnableAdapter.call(Executors.java:511)
	at java.util.concurrent.FutureTask.run(FutureTask.java:266)
	at java.util.concurrent.ThreadPoolExecutor.runWorker(ThreadPoolExecutor.java:1149)
	at java.util.concurrent.ThreadPoolExecutor$Worker.run(ThreadPoolExecutor.java:624)
	... 1 more
Caused by: org.apache.ratis.thirdparty.io.netty.channel.AbstractChannel$AnnotatedConnectException: Connection refused: /192.168.164.223:32938
	at sun.nio.ch.SocketChannelImpl.checkConnect(Native Method)
	at sun.nio.ch.SocketChannelImpl.finishConnect(SocketChannelImpl.java:717)
	at org.apache.ratis.thirdparty.io.netty.channel.socket.nio.NioSocketChannel.doFinishConnect(NioSocketChannel.java:327)
	at org.apache.ratis.thirdparty.io.netty.channel.nio.AbstractNioChannel$AbstractNioUnsafe.finishConnect(AbstractNioChannel.java:340)
	at org.apache.ratis.thirdparty.io.netty.channel.nio.NioEventLoop.processSelectedKey(NioEventLoop.java:632)
	at org.apache.ratis.thirdparty.io.netty.channel.nio.NioEventLoop.processSelectedKeysOptimized(NioEventLoop.java:579)
	at org.apache.ratis.thirdparty.io.netty.channel.nio.NioEventLoop.processSelectedKeys(NioEventLoop.java:496)
	at org.apache.ratis.thirdparty.io.netty.channel.nio.NioEventLoop.run(NioEventLoop.java:458)
	at org.apache.ratis.thirdparty.io.netty.util.concurrent.SingleThreadEventExecutor$5.run(SingleThreadEventExecutor.java:897)
	at org.apache.ratis.thirdparty.io.netty.util.concurrent.FastThreadLocalRunnable.run(FastThreadLocalRunnable.java:30)
	... 1 more
Caused by: java.net.ConnectException: Connection refused
	... 11 more
2019-11-15 21:51:55,239 [5e156848-495c-4d88-99d1-5a745ca90ed0@group-D2DDA09F38B3-LeaderElection234] INFO  impl.LeaderElection (LogUtils.java:infoOrTrace(149)) - 5e156848-495c-4d88-99d1-5a745ca90ed0@group-D2DDA09F38B3-LeaderElection234 got exception when requesting votes: {}
java.util.concurrent.ExecutionException: org.apache.ratis.thirdparty.io.grpc.StatusRuntimeException: UNAVAILABLE: io exception
	at java.util.concurrent.FutureTask.report(FutureTask.java:122)
	at java.util.concurrent.FutureTask.get(FutureTask.java:192)
	at org.apache.ratis.server.impl.LeaderElection.waitForResults(LeaderElection.java:259)
	at org.apache.ratis.server.impl.LeaderElection.askForVotes(LeaderElection.java:197)
	at org.apache.ratis.server.impl.LeaderElection.run(LeaderElection.java:133)
	at java.lang.Thread.run(Thread.java:748)
Caused by: org.apache.ratis.thirdparty.io.grpc.StatusRuntimeException: UNAVAILABLE: io exception
	at org.apache.ratis.thirdparty.io.grpc.stub.ClientCalls.toStatusRuntimeException(ClientCalls.java:233)
	at org.apache.ratis.thirdparty.io.grpc.stub.ClientCalls.getUnchecked(ClientCalls.java:214)
	at org.apache.ratis.thirdparty.io.grpc.stub.ClientCalls.blockingUnaryCall(ClientCalls.java:139)
	at org.apache.ratis.proto.grpc.RaftServerProtocolServiceGrpc$RaftServerProtocolServiceBlockingStub.requestVote(RaftServerProtocolServiceGrpc.java:265)
	at org.apache.ratis.grpc.server.GrpcServerProtocolClient.requestVote(GrpcServerProtocolClient.java:99)
	at org.apache.ratis.grpc.server.GrpcService.requestVote(GrpcService.java:204)
	at org.apache.ratis.server.impl.LeaderElection.lambda$submitRequests$1(LeaderElection.java:234)
	at java.util.concurrent.FutureTask.run(FutureTask.java:266)
	at java.util.concurrent.Executors$RunnableAdapter.call(Executors.java:511)
	at java.util.concurrent.FutureTask.run(FutureTask.java:266)
	at java.util.concurrent.ThreadPoolExecutor.runWorker(ThreadPoolExecutor.java:1149)
	at java.util.concurrent.ThreadPoolExecutor$Worker.run(ThreadPoolExecutor.java:624)
	... 1 more
Caused by: org.apache.ratis.thirdparty.io.netty.channel.AbstractChannel$AnnotatedConnectException: Connection refused: /192.168.164.223:41749
	at sun.nio.ch.SocketChannelImpl.checkConnect(Native Method)
	at sun.nio.ch.SocketChannelImpl.finishConnect(SocketChannelImpl.java:717)
	at org.apache.ratis.thirdparty.io.netty.channel.socket.nio.NioSocketChannel.doFinishConnect(NioSocketChannel.java:327)
	at org.apache.ratis.thirdparty.io.netty.channel.nio.AbstractNioChannel$AbstractNioUnsafe.finishConnect(AbstractNioChannel.java:340)
	at org.apache.ratis.thirdparty.io.netty.channel.nio.NioEventLoop.processSelectedKey(NioEventLoop.java:632)
	at org.apache.ratis.thirdparty.io.netty.channel.nio.NioEventLoop.processSelectedKeysOptimized(NioEventLoop.java:579)
	at org.apache.ratis.thirdparty.io.netty.channel.nio.NioEventLoop.processSelectedKeys(NioEventLoop.java:496)
	at org.apache.ratis.thirdparty.io.netty.channel.nio.NioEventLoop.run(NioEventLoop.java:458)
	at org.apache.ratis.thirdparty.io.netty.util.concurrent.SingleThreadEventExecutor$5.run(SingleThreadEventExecutor.java:897)
	at org.apache.ratis.thirdparty.io.netty.util.concurrent.FastThreadLocalRunnable.run(FastThreadLocalRunnable.java:30)
	... 1 more
Caused by: java.net.ConnectException: Connection refused
	... 11 more
2019-11-15 21:51:55,240 [5e156848-495c-4d88-99d1-5a745ca90ed0@group-D2DDA09F38B3-LeaderElection234] INFO  impl.LeaderElection (LeaderElection.java:logAndReturn(56)) - 5e156848-495c-4d88-99d1-5a745ca90ed0@group-D2DDA09F38B3-LeaderElection234: Election REJECTED; received 0 response(s) [] and 2 exception(s); 5e156848-495c-4d88-99d1-5a745ca90ed0@group-D2DDA09F38B3:t7, leader=null, voted=5e156848-495c-4d88-99d1-5a745ca90ed0, raftlog=5e156848-495c-4d88-99d1-5a745ca90ed0@group-D2DDA09F38B3-SegmentedRaftLog:OPENED:c0,f0,i0, conf=0: [3eba0ff5-def1-46c6-a9bd-a10bbd02f1ce:192.168.164.223:32938, 09667cd7-469d-4450-b7d6-bfa43032ac6a:192.168.164.223:41749, 5e156848-495c-4d88-99d1-5a745ca90ed0:192.168.164.223:41251], old=null
2019-11-15 21:51:55,240 [5e156848-495c-4d88-99d1-5a745ca90ed0@group-D2DDA09F38B3-LeaderElection234] INFO  impl.LeaderElection (LogUtils.java:infoOrTrace(149)) -   Exception 0: {}
java.util.concurrent.ExecutionException: org.apache.ratis.thirdparty.io.grpc.StatusRuntimeException: UNAVAILABLE: io exception
	at java.util.concurrent.FutureTask.report(FutureTask.java:122)
	at java.util.concurrent.FutureTask.get(FutureTask.java:192)
	at org.apache.ratis.server.impl.LeaderElection.waitForResults(LeaderElection.java:259)
	at org.apache.ratis.server.impl.LeaderElection.askForVotes(LeaderElection.java:197)
	at org.apache.ratis.server.impl.LeaderElection.run(LeaderElection.java:133)
	at java.lang.Thread.run(Thread.java:748)
Caused by: org.apache.ratis.thirdparty.io.grpc.StatusRuntimeException: UNAVAILABLE: io exception
	at org.apache.ratis.thirdparty.io.grpc.stub.ClientCalls.toStatusRuntimeException(ClientCalls.java:233)
	at org.apache.ratis.thirdparty.io.grpc.stub.ClientCalls.getUnchecked(ClientCalls.java:214)
	at org.apache.ratis.thirdparty.io.grpc.stub.ClientCalls.blockingUnaryCall(ClientCalls.java:139)
	at org.apache.ratis.proto.grpc.RaftServerProtocolServiceGrpc$RaftServerProtocolServiceBlockingStub.requestVote(RaftServerProtocolServiceGrpc.java:265)
	at org.apache.ratis.grpc.server.GrpcServerProtocolClient.requestVote(GrpcServerProtocolClient.java:99)
	at org.apache.ratis.grpc.server.GrpcService.requestVote(GrpcService.java:204)
	at org.apache.ratis.server.impl.LeaderElection.lambda$submitRequests$1(LeaderElection.java:234)
	at java.util.concurrent.FutureTask.run(FutureTask.java:266)
	at java.util.concurrent.Executors$RunnableAdapter.call(Executors.java:511)
	at java.util.concurrent.FutureTask.run(FutureTask.java:266)
	at java.util.concurrent.ThreadPoolExecutor.runWorker(ThreadPoolExecutor.java:1149)
	at java.util.concurrent.ThreadPoolExecutor$Worker.run(ThreadPoolExecutor.java:624)
	... 1 more
Caused by: org.apache.ratis.thirdparty.io.netty.channel.AbstractChannel$AnnotatedConnectException: Connection refused: /192.168.164.223:32938
	at sun.nio.ch.SocketChannelImpl.checkConnect(Native Method)
	at sun.nio.ch.SocketChannelImpl.finishConnect(SocketChannelImpl.java:717)
	at org.apache.ratis.thirdparty.io.netty.channel.socket.nio.NioSocketChannel.doFinishConnect(NioSocketChannel.java:327)
	at org.apache.ratis.thirdparty.io.netty.channel.nio.AbstractNioChannel$AbstractNioUnsafe.finishConnect(AbstractNioChannel.java:340)
	at org.apache.ratis.thirdparty.io.netty.channel.nio.NioEventLoop.processSelectedKey(NioEventLoop.java:632)
	at org.apache.ratis.thirdparty.io.netty.channel.nio.NioEventLoop.processSelectedKeysOptimized(NioEventLoop.java:579)
	at org.apache.ratis.thirdparty.io.netty.channel.nio.NioEventLoop.processSelectedKeys(NioEventLoop.java:496)
	at org.apache.ratis.thirdparty.io.netty.channel.nio.NioEventLoop.run(NioEventLoop.java:458)
	at org.apache.ratis.thirdparty.io.netty.util.concurrent.SingleThreadEventExecutor$5.run(SingleThreadEventExecutor.java:897)
	at org.apache.ratis.thirdparty.io.netty.util.concurrent.FastThreadLocalRunnable.run(FastThreadLocalRunnable.java:30)
	... 1 more
Caused by: java.net.ConnectException: Connection refused
	... 11 more
2019-11-15 21:51:55,240 [5e156848-495c-4d88-99d1-5a745ca90ed0@group-D2DDA09F38B3-LeaderElection234] INFO  impl.LeaderElection (LogUtils.java:infoOrTrace(149)) -   Exception 1: {}
java.util.concurrent.ExecutionException: org.apache.ratis.thirdparty.io.grpc.StatusRuntimeException: UNAVAILABLE: io exception
	at java.util.concurrent.FutureTask.report(FutureTask.java:122)
	at java.util.concurrent.FutureTask.get(FutureTask.java:192)
	at org.apache.ratis.server.impl.LeaderElection.waitForResults(LeaderElection.java:259)
	at org.apache.ratis.server.impl.LeaderElection.askForVotes(LeaderElection.java:197)
	at org.apache.ratis.server.impl.LeaderElection.run(LeaderElection.java:133)
	at java.lang.Thread.run(Thread.java:748)
Caused by: org.apache.ratis.thirdparty.io.grpc.StatusRuntimeException: UNAVAILABLE: io exception
	at org.apache.ratis.thirdparty.io.grpc.stub.ClientCalls.toStatusRuntimeException(ClientCalls.java:233)
	at org.apache.ratis.thirdparty.io.grpc.stub.ClientCalls.getUnchecked(ClientCalls.java:214)
	at org.apache.ratis.thirdparty.io.grpc.stub.ClientCalls.blockingUnaryCall(ClientCalls.java:139)
	at org.apache.ratis.proto.grpc.RaftServerProtocolServiceGrpc$RaftServerProtocolServiceBlockingStub.requestVote(RaftServerProtocolServiceGrpc.java:265)
	at org.apache.ratis.grpc.server.GrpcServerProtocolClient.requestVote(GrpcServerProtocolClient.java:99)
	at org.apache.ratis.grpc.server.GrpcService.requestVote(GrpcService.java:204)
	at org.apache.ratis.server.impl.LeaderElection.lambda$submitRequests$1(LeaderElection.java:234)
	at java.util.concurrent.FutureTask.run(FutureTask.java:266)
	at java.util.concurrent.Executors$RunnableAdapter.call(Executors.java:511)
	at java.util.concurrent.FutureTask.run(FutureTask.java:266)
	at java.util.concurrent.ThreadPoolExecutor.runWorker(ThreadPoolExecutor.java:1149)
	at java.util.concurrent.ThreadPoolExecutor$Worker.run(ThreadPoolExecutor.java:624)
	... 1 more
Caused by: org.apache.ratis.thirdparty.io.netty.channel.AbstractChannel$AnnotatedConnectException: Connection refused: /192.168.164.223:41749
	at sun.nio.ch.SocketChannelImpl.checkConnect(Native Method)
	at sun.nio.ch.SocketChannelImpl.finishConnect(SocketChannelImpl.java:717)
	at org.apache.ratis.thirdparty.io.netty.channel.socket.nio.NioSocketChannel.doFinishConnect(NioSocketChannel.java:327)
	at org.apache.ratis.thirdparty.io.netty.channel.nio.AbstractNioChannel$AbstractNioUnsafe.finishConnect(AbstractNioChannel.java:340)
	at org.apache.ratis.thirdparty.io.netty.channel.nio.NioEventLoop.processSelectedKey(NioEventLoop.java:632)
	at org.apache.ratis.thirdparty.io.netty.channel.nio.NioEventLoop.processSelectedKeysOptimized(NioEventLoop.java:579)
	at org.apache.ratis.thirdparty.io.netty.channel.nio.NioEventLoop.processSelectedKeys(NioEventLoop.java:496)
	at org.apache.ratis.thirdparty.io.netty.channel.nio.NioEventLoop.run(NioEventLoop.java:458)
	at org.apache.ratis.thirdparty.io.netty.util.concurrent.SingleThreadEventExecutor$5.run(SingleThreadEventExecutor.java:897)
	at org.apache.ratis.thirdparty.io.netty.util.concurrent.FastThreadLocalRunnable.run(FastThreadLocalRunnable.java:30)
	... 1 more
Caused by: java.net.ConnectException: Connection refused
	... 11 more
2019-11-15 21:51:55,240 [5e156848-495c-4d88-99d1-5a745ca90ed0@group-D2DDA09F38B3-LeaderElection234] INFO  impl.RaftServerImpl (RaftServerImpl.java:setRole(173)) - 5e156848-495c-4d88-99d1-5a745ca90ed0@group-D2DDA09F38B3: changes role from CANDIDATE to FOLLOWER at term 7 for DISCOVERED_A_NEW_TERM
2019-11-15 21:51:55,240 [5e156848-495c-4d88-99d1-5a745ca90ed0@group-D2DDA09F38B3-LeaderElection234] INFO  impl.RoleInfo (RoleInfo.java:shutdownLeaderElection(134)) - 5e156848-495c-4d88-99d1-5a745ca90ed0: shutdown LeaderElection
2019-11-15 21:51:55,240 [5e156848-495c-4d88-99d1-5a745ca90ed0@group-D2DDA09F38B3-LeaderElection234] INFO  impl.RoleInfo (RoleInfo.java:updateAndGet(143)) - 5e156848-495c-4d88-99d1-5a745ca90ed0: start FollowerState
2019-11-15 21:51:55,640 [grpc-default-executor-6] WARN  server.GrpcLogAppender (LogUtils.java:warn(134)) - 3ab85592-c721-41be-99a8-6d8df6ca420d@group-A70227FA7EAC->3c01ffb1-b295-42d9-9874-9e0ba4053462-AppendLogResponseHandler: Failed appendEntries: org.apache.ratis.thirdparty.io.grpc.StatusRuntimeException: UNAVAILABLE: io exception
2019-11-15 21:51:55,641 [grpc-default-executor-6] INFO  impl.FollowerInfo (FollowerInfo.java:lambda$new$0(51)) - 3ab85592-c721-41be-99a8-6d8df6ca420d@group-A70227FA7EAC->3c01ffb1-b295-42d9-9874-9e0ba4053462: nextIndex: updateUnconditionally 0 -> 0
2019-11-15 21:51:56,142 [grpc-default-executor-6] WARN  server.GrpcLogAppender (LogUtils.java:warn(134)) - 3ab85592-c721-41be-99a8-6d8df6ca420d@group-A70227FA7EAC->3c01ffb1-b295-42d9-9874-9e0ba4053462-AppendLogResponseHandler: Failed appendEntries: org.apache.ratis.thirdparty.io.grpc.StatusRuntimeException: UNAVAILABLE: io exception
2019-11-15 21:51:56,142 [grpc-default-executor-6] INFO  impl.FollowerInfo (FollowerInfo.java:lambda$new$0(51)) - 3ab85592-c721-41be-99a8-6d8df6ca420d@group-A70227FA7EAC->3c01ffb1-b295-42d9-9874-9e0ba4053462: nextIndex: updateUnconditionally 0 -> 0
2019-11-15 21:51:56,343 [Thread-4428] INFO  impl.FollowerState (FollowerState.java:run(111)) - 5e156848-495c-4d88-99d1-5a745ca90ed0@group-D2DDA09F38B3-FollowerState: change to CANDIDATE, lastRpcTime:1102ms, electionTimeout:1102ms
2019-11-15 21:51:56,343 [Thread-4428] INFO  impl.RoleInfo (RoleInfo.java:shutdownFollowerState(121)) - 5e156848-495c-4d88-99d1-5a745ca90ed0: shutdown FollowerState
2019-11-15 21:51:56,343 [Thread-4428] INFO  impl.RaftServerImpl (RaftServerImpl.java:setRole(173)) - 5e156848-495c-4d88-99d1-5a745ca90ed0@group-D2DDA09F38B3: changes role from  FOLLOWER to CANDIDATE at term 7 for changeToCandidate
2019-11-15 21:51:56,343 [Thread-4428] INFO  impl.RoleInfo (RoleInfo.java:updateAndGet(143)) - 5e156848-495c-4d88-99d1-5a745ca90ed0: start LeaderElection
2019-11-15 21:51:56,357 [5e156848-495c-4d88-99d1-5a745ca90ed0@group-D2DDA09F38B3-LeaderElection235] INFO  impl.LeaderElection (LeaderElection.java:askForVotes(178)) - 5e156848-495c-4d88-99d1-5a745ca90ed0@group-D2DDA09F38B3-LeaderElection235: begin an election at term 8 for 0: [3eba0ff5-def1-46c6-a9bd-a10bbd02f1ce:192.168.164.223:32938, 09667cd7-469d-4450-b7d6-bfa43032ac6a:192.168.164.223:41749, 5e156848-495c-4d88-99d1-5a745ca90ed0:192.168.164.223:41251], old=null
2019-11-15 21:51:56,357 [5e156848-495c-4d88-99d1-5a745ca90ed0@group-D2DDA09F38B3-LeaderElection235] INFO  impl.LeaderElection (LogUtils.java:infoOrTrace(149)) - 5e156848-495c-4d88-99d1-5a745ca90ed0@group-D2DDA09F38B3-LeaderElection235 got exception when requesting votes: {}
java.util.concurrent.ExecutionException: org.apache.ratis.thirdparty.io.grpc.StatusRuntimeException: UNAVAILABLE: io exception
	at java.util.concurrent.FutureTask.report(FutureTask.java:122)
	at java.util.concurrent.FutureTask.get(FutureTask.java:192)
	at org.apache.ratis.server.impl.LeaderElection.waitForResults(LeaderElection.java:259)
	at org.apache.ratis.server.impl.LeaderElection.askForVotes(LeaderElection.java:197)
	at org.apache.ratis.server.impl.LeaderElection.run(LeaderElection.java:133)
	at java.lang.Thread.run(Thread.java:748)
Caused by: org.apache.ratis.thirdparty.io.grpc.StatusRuntimeException: UNAVAILABLE: io exception
	at org.apache.ratis.thirdparty.io.grpc.stub.ClientCalls.toStatusRuntimeException(ClientCalls.java:233)
	at org.apache.ratis.thirdparty.io.grpc.stub.ClientCalls.getUnchecked(ClientCalls.java:214)
	at org.apache.ratis.thirdparty.io.grpc.stub.ClientCalls.blockingUnaryCall(ClientCalls.java:139)
	at org.apache.ratis.proto.grpc.RaftServerProtocolServiceGrpc$RaftServerProtocolServiceBlockingStub.requestVote(RaftServerProtocolServiceGrpc.java:265)
	at org.apache.ratis.grpc.server.GrpcServerProtocolClient.requestVote(GrpcServerProtocolClient.java:99)
	at org.apache.ratis.grpc.server.GrpcService.requestVote(GrpcService.java:204)
	at org.apache.ratis.server.impl.LeaderElection.lambda$submitRequests$1(LeaderElection.java:234)
	at java.util.concurrent.FutureTask.run(FutureTask.java:266)
	at java.util.concurrent.Executors$RunnableAdapter.call(Executors.java:511)
	at java.util.concurrent.FutureTask.run(FutureTask.java:266)
	at java.util.concurrent.ThreadPoolExecutor.runWorker(ThreadPoolExecutor.java:1149)
	at java.util.concurrent.ThreadPoolExecutor$Worker.run(ThreadPoolExecutor.java:624)
	... 1 more
Caused by: org.apache.ratis.thirdparty.io.netty.channel.AbstractChannel$AnnotatedConnectException: Connection refused: /192.168.164.223:32938
	at sun.nio.ch.SocketChannelImpl.checkConnect(Native Method)
	at sun.nio.ch.SocketChannelImpl.finishConnect(SocketChannelImpl.java:717)
	at org.apache.ratis.thirdparty.io.netty.channel.socket.nio.NioSocketChannel.doFinishConnect(NioSocketChannel.java:327)
	at org.apache.ratis.thirdparty.io.netty.channel.nio.AbstractNioChannel$AbstractNioUnsafe.finishConnect(AbstractNioChannel.java:340)
	at org.apache.ratis.thirdparty.io.netty.channel.nio.NioEventLoop.processSelectedKey(NioEventLoop.java:632)
	at org.apache.ratis.thirdparty.io.netty.channel.nio.NioEventLoop.processSelectedKeysOptimized(NioEventLoop.java:579)
	at org.apache.ratis.thirdparty.io.netty.channel.nio.NioEventLoop.processSelectedKeys(NioEventLoop.java:496)
	at org.apache.ratis.thirdparty.io.netty.channel.nio.NioEventLoop.run(NioEventLoop.java:458)
	at org.apache.ratis.thirdparty.io.netty.util.concurrent.SingleThreadEventExecutor$5.run(SingleThreadEventExecutor.java:897)
	at org.apache.ratis.thirdparty.io.netty.util.concurrent.FastThreadLocalRunnable.run(FastThreadLocalRunnable.java:30)
	... 1 more
Caused by: java.net.ConnectException: Connection refused
	... 11 more
2019-11-15 21:51:56,358 [5e156848-495c-4d88-99d1-5a745ca90ed0@group-D2DDA09F38B3-LeaderElection235] INFO  impl.LeaderElection (LogUtils.java:infoOrTrace(149)) - 5e156848-495c-4d88-99d1-5a745ca90ed0@group-D2DDA09F38B3-LeaderElection235 got exception when requesting votes: {}
java.util.concurrent.ExecutionException: org.apache.ratis.thirdparty.io.grpc.StatusRuntimeException: UNAVAILABLE: io exception
	at java.util.concurrent.FutureTask.report(FutureTask.java:122)
	at java.util.concurrent.FutureTask.get(FutureTask.java:192)
	at org.apache.ratis.server.impl.LeaderElection.waitForResults(LeaderElection.java:259)
	at org.apache.ratis.server.impl.LeaderElection.askForVotes(LeaderElection.java:197)
	at org.apache.ratis.server.impl.LeaderElection.run(LeaderElection.java:133)
	at java.lang.Thread.run(Thread.java:748)
Caused by: org.apache.ratis.thirdparty.io.grpc.StatusRuntimeException: UNAVAILABLE: io exception
	at org.apache.ratis.thirdparty.io.grpc.stub.ClientCalls.toStatusRuntimeException(ClientCalls.java:233)
	at org.apache.ratis.thirdparty.io.grpc.stub.ClientCalls.getUnchecked(ClientCalls.java:214)
	at org.apache.ratis.thirdparty.io.grpc.stub.ClientCalls.blockingUnaryCall(ClientCalls.java:139)
	at org.apache.ratis.proto.grpc.RaftServerProtocolServiceGrpc$RaftServerProtocolServiceBlockingStub.requestVote(RaftServerProtocolServiceGrpc.java:265)
	at org.apache.ratis.grpc.server.GrpcServerProtocolClient.requestVote(GrpcServerProtocolClient.java:99)
	at org.apache.ratis.grpc.server.GrpcService.requestVote(GrpcService.java:204)
	at org.apache.ratis.server.impl.LeaderElection.lambda$submitRequests$1(LeaderElection.java:234)
	at java.util.concurrent.FutureTask.run(FutureTask.java:266)
	at java.util.concurrent.Executors$RunnableAdapter.call(Executors.java:511)
	at java.util.concurrent.FutureTask.run(FutureTask.java:266)
	at java.util.concurrent.ThreadPoolExecutor.runWorker(ThreadPoolExecutor.java:1149)
	at java.util.concurrent.ThreadPoolExecutor$Worker.run(ThreadPoolExecutor.java:624)
	... 1 more
Caused by: org.apache.ratis.thirdparty.io.netty.channel.AbstractChannel$AnnotatedConnectException: Connection refused: /192.168.164.223:41749
	at sun.nio.ch.SocketChannelImpl.checkConnect(Native Method)
	at sun.nio.ch.SocketChannelImpl.finishConnect(SocketChannelImpl.java:717)
	at org.apache.ratis.thirdparty.io.netty.channel.socket.nio.NioSocketChannel.doFinishConnect(NioSocketChannel.java:327)
	at org.apache.ratis.thirdparty.io.netty.channel.nio.AbstractNioChannel$AbstractNioUnsafe.finishConnect(AbstractNioChannel.java:340)
	at org.apache.ratis.thirdparty.io.netty.channel.nio.NioEventLoop.processSelectedKey(NioEventLoop.java:632)
	at org.apache.ratis.thirdparty.io.netty.channel.nio.NioEventLoop.processSelectedKeysOptimized(NioEventLoop.java:579)
	at org.apache.ratis.thirdparty.io.netty.channel.nio.NioEventLoop.processSelectedKeys(NioEventLoop.java:496)
	at org.apache.ratis.thirdparty.io.netty.channel.nio.NioEventLoop.run(NioEventLoop.java:458)
	at org.apache.ratis.thirdparty.io.netty.util.concurrent.SingleThreadEventExecutor$5.run(SingleThreadEventExecutor.java:897)
	at org.apache.ratis.thirdparty.io.netty.util.concurrent.FastThreadLocalRunnable.run(FastThreadLocalRunnable.java:30)
	... 1 more
Caused by: java.net.ConnectException: Connection refused
	... 11 more
2019-11-15 21:51:56,358 [5e156848-495c-4d88-99d1-5a745ca90ed0@group-D2DDA09F38B3-LeaderElection235] INFO  impl.LeaderElection (LeaderElection.java:logAndReturn(56)) - 5e156848-495c-4d88-99d1-5a745ca90ed0@group-D2DDA09F38B3-LeaderElection235: Election REJECTED; received 0 response(s) [] and 2 exception(s); 5e156848-495c-4d88-99d1-5a745ca90ed0@group-D2DDA09F38B3:t8, leader=null, voted=5e156848-495c-4d88-99d1-5a745ca90ed0, raftlog=5e156848-495c-4d88-99d1-5a745ca90ed0@group-D2DDA09F38B3-SegmentedRaftLog:OPENED:c0,f0,i0, conf=0: [3eba0ff5-def1-46c6-a9bd-a10bbd02f1ce:192.168.164.223:32938, 09667cd7-469d-4450-b7d6-bfa43032ac6a:192.168.164.223:41749, 5e156848-495c-4d88-99d1-5a745ca90ed0:192.168.164.223:41251], old=null
2019-11-15 21:51:56,358 [5e156848-495c-4d88-99d1-5a745ca90ed0@group-D2DDA09F38B3-LeaderElection235] INFO  impl.LeaderElection (LogUtils.java:infoOrTrace(149)) -   Exception 0: {}
java.util.concurrent.ExecutionException: org.apache.ratis.thirdparty.io.grpc.StatusRuntimeException: UNAVAILABLE: io exception
	at java.util.concurrent.FutureTask.report(FutureTask.java:122)
	at java.util.concurrent.FutureTask.get(FutureTask.java:192)
	at org.apache.ratis.server.impl.LeaderElection.waitForResults(LeaderElection.java:259)
	at org.apache.ratis.server.impl.LeaderElection.askForVotes(LeaderElection.java:197)
	at org.apache.ratis.server.impl.LeaderElection.run(LeaderElection.java:133)
	at java.lang.Thread.run(Thread.java:748)
Caused by: org.apache.ratis.thirdparty.io.grpc.StatusRuntimeException: UNAVAILABLE: io exception
	at org.apache.ratis.thirdparty.io.grpc.stub.ClientCalls.toStatusRuntimeException(ClientCalls.java:233)
	at org.apache.ratis.thirdparty.io.grpc.stub.ClientCalls.getUnchecked(ClientCalls.java:214)
	at org.apache.ratis.thirdparty.io.grpc.stub.ClientCalls.blockingUnaryCall(ClientCalls.java:139)
	at org.apache.ratis.proto.grpc.RaftServerProtocolServiceGrpc$RaftServerProtocolServiceBlockingStub.requestVote(RaftServerProtocolServiceGrpc.java:265)
	at org.apache.ratis.grpc.server.GrpcServerProtocolClient.requestVote(GrpcServerProtocolClient.java:99)
	at org.apache.ratis.grpc.server.GrpcService.requestVote(GrpcService.java:204)
	at org.apache.ratis.server.impl.LeaderElection.lambda$submitRequests$1(LeaderElection.java:234)
	at java.util.concurrent.FutureTask.run(FutureTask.java:266)
	at java.util.concurrent.Executors$RunnableAdapter.call(Executors.java:511)
	at java.util.concurrent.FutureTask.run(FutureTask.java:266)
	at java.util.concurrent.ThreadPoolExecutor.runWorker(ThreadPoolExecutor.java:1149)
	at java.util.concurrent.ThreadPoolExecutor$Worker.run(ThreadPoolExecutor.java:624)
	... 1 more
Caused by: org.apache.ratis.thirdparty.io.netty.channel.AbstractChannel$AnnotatedConnectException: Connection refused: /192.168.164.223:32938
	at sun.nio.ch.SocketChannelImpl.checkConnect(Native Method)
	at sun.nio.ch.SocketChannelImpl.finishConnect(SocketChannelImpl.java:717)
	at org.apache.ratis.thirdparty.io.netty.channel.socket.nio.NioSocketChannel.doFinishConnect(NioSocketChannel.java:327)
	at org.apache.ratis.thirdparty.io.netty.channel.nio.AbstractNioChannel$AbstractNioUnsafe.finishConnect(AbstractNioChannel.java:340)
	at org.apache.ratis.thirdparty.io.netty.channel.nio.NioEventLoop.processSelectedKey(NioEventLoop.java:632)
	at org.apache.ratis.thirdparty.io.netty.channel.nio.NioEventLoop.processSelectedKeysOptimized(NioEventLoop.java:579)
	at org.apache.ratis.thirdparty.io.netty.channel.nio.NioEventLoop.processSelectedKeys(NioEventLoop.java:496)
	at org.apache.ratis.thirdparty.io.netty.channel.nio.NioEventLoop.run(NioEventLoop.java:458)
	at org.apache.ratis.thirdparty.io.netty.util.concurrent.SingleThreadEventExecutor$5.run(SingleThreadEventExecutor.java:897)
	at org.apache.ratis.thirdparty.io.netty.util.concurrent.FastThreadLocalRunnable.run(FastThreadLocalRunnable.java:30)
	... 1 more
Caused by: java.net.ConnectException: Connection refused
	... 11 more
2019-11-15 21:51:56,358 [5e156848-495c-4d88-99d1-5a745ca90ed0@group-D2DDA09F38B3-LeaderElection235] INFO  impl.LeaderElection (LogUtils.java:infoOrTrace(149)) -   Exception 1: {}
java.util.concurrent.ExecutionException: org.apache.ratis.thirdparty.io.grpc.StatusRuntimeException: UNAVAILABLE: io exception
	at java.util.concurrent.FutureTask.report(FutureTask.java:122)
	at java.util.concurrent.FutureTask.get(FutureTask.java:192)
	at org.apache.ratis.server.impl.LeaderElection.waitForResults(LeaderElection.java:259)
	at org.apache.ratis.server.impl.LeaderElection.askForVotes(LeaderElection.java:197)
	at org.apache.ratis.server.impl.LeaderElection.run(LeaderElection.java:133)
	at java.lang.Thread.run(Thread.java:748)
Caused by: org.apache.ratis.thirdparty.io.grpc.StatusRuntimeException: UNAVAILABLE: io exception
	at org.apache.ratis.thirdparty.io.grpc.stub.ClientCalls.toStatusRuntimeException(ClientCalls.java:233)
	at org.apache.ratis.thirdparty.io.grpc.stub.ClientCalls.getUnchecked(ClientCalls.java:214)
	at org.apache.ratis.thirdparty.io.grpc.stub.ClientCalls.blockingUnaryCall(ClientCalls.java:139)
	at org.apache.ratis.proto.grpc.RaftServerProtocolServiceGrpc$RaftServerProtocolServiceBlockingStub.requestVote(RaftServerProtocolServiceGrpc.java:265)
	at org.apache.ratis.grpc.server.GrpcServerProtocolClient.requestVote(GrpcServerProtocolClient.java:99)
	at org.apache.ratis.grpc.server.GrpcService.requestVote(GrpcService.java:204)
	at org.apache.ratis.server.impl.LeaderElection.lambda$submitRequests$1(LeaderElection.java:234)
	at java.util.concurrent.FutureTask.run(FutureTask.java:266)
	at java.util.concurrent.Executors$RunnableAdapter.call(Executors.java:511)
	at java.util.concurrent.FutureTask.run(FutureTask.java:266)
	at java.util.concurrent.ThreadPoolExecutor.runWorker(ThreadPoolExecutor.java:1149)
	at java.util.concurrent.ThreadPoolExecutor$Worker.run(ThreadPoolExecutor.java:624)
	... 1 more
Caused by: org.apache.ratis.thirdparty.io.netty.channel.AbstractChannel$AnnotatedConnectException: Connection refused: /192.168.164.223:41749
	at sun.nio.ch.SocketChannelImpl.checkConnect(Native Method)
	at sun.nio.ch.SocketChannelImpl.finishConnect(SocketChannelImpl.java:717)
	at org.apache.ratis.thirdparty.io.netty.channel.socket.nio.NioSocketChannel.doFinishConnect(NioSocketChannel.java:327)
	at org.apache.ratis.thirdparty.io.netty.channel.nio.AbstractNioChannel$AbstractNioUnsafe.finishConnect(AbstractNioChannel.java:340)
	at org.apache.ratis.thirdparty.io.netty.channel.nio.NioEventLoop.processSelectedKey(NioEventLoop.java:632)
	at org.apache.ratis.thirdparty.io.netty.channel.nio.NioEventLoop.processSelectedKeysOptimized(NioEventLoop.java:579)
	at org.apache.ratis.thirdparty.io.netty.channel.nio.NioEventLoop.processSelectedKeys(NioEventLoop.java:496)
	at org.apache.ratis.thirdparty.io.netty.channel.nio.NioEventLoop.run(NioEventLoop.java:458)
	at org.apache.ratis.thirdparty.io.netty.util.concurrent.SingleThreadEventExecutor$5.run(SingleThreadEventExecutor.java:897)
	at org.apache.ratis.thirdparty.io.netty.util.concurrent.FastThreadLocalRunnable.run(FastThreadLocalRunnable.java:30)
	... 1 more
Caused by: java.net.ConnectException: Connection refused
	... 11 more
2019-11-15 21:51:56,359 [5e156848-495c-4d88-99d1-5a745ca90ed0@group-D2DDA09F38B3-LeaderElection235] INFO  impl.RaftServerImpl (RaftServerImpl.java:setRole(173)) - 5e156848-495c-4d88-99d1-5a745ca90ed0@group-D2DDA09F38B3: changes role from CANDIDATE to FOLLOWER at term 8 for DISCOVERED_A_NEW_TERM
2019-11-15 21:51:56,359 [5e156848-495c-4d88-99d1-5a745ca90ed0@group-D2DDA09F38B3-LeaderElection235] INFO  impl.RoleInfo (RoleInfo.java:shutdownLeaderElection(134)) - 5e156848-495c-4d88-99d1-5a745ca90ed0: shutdown LeaderElection
2019-11-15 21:51:56,359 [5e156848-495c-4d88-99d1-5a745ca90ed0@group-D2DDA09F38B3-LeaderElection235] INFO  impl.RoleInfo (RoleInfo.java:updateAndGet(143)) - 5e156848-495c-4d88-99d1-5a745ca90ed0: start FollowerState
2019-11-15 21:51:56,642 [grpc-default-executor-2] WARN  server.GrpcLogAppender (LogUtils.java:warn(134)) - 3ab85592-c721-41be-99a8-6d8df6ca420d@group-A70227FA7EAC->3c01ffb1-b295-42d9-9874-9e0ba4053462-AppendLogResponseHandler: Failed appendEntries: org.apache.ratis.thirdparty.io.grpc.StatusRuntimeException: UNAVAILABLE: io exception
2019-11-15 21:51:56,642 [grpc-default-executor-2] INFO  impl.FollowerInfo (FollowerInfo.java:lambda$new$0(51)) - 3ab85592-c721-41be-99a8-6d8df6ca420d@group-A70227FA7EAC->3c01ffb1-b295-42d9-9874-9e0ba4053462: nextIndex: updateUnconditionally 0 -> 0
2019-11-15 21:51:57,142 [grpc-default-executor-2] WARN  server.GrpcLogAppender (LogUtils.java:warn(134)) - 3ab85592-c721-41be-99a8-6d8df6ca420d@group-A70227FA7EAC->3c01ffb1-b295-42d9-9874-9e0ba4053462-AppendLogResponseHandler: Failed appendEntries: org.apache.ratis.thirdparty.io.grpc.StatusRuntimeException: UNAVAILABLE: io exception
2019-11-15 21:51:57,143 [grpc-default-executor-2] INFO  impl.FollowerInfo (FollowerInfo.java:lambda$new$0(51)) - 3ab85592-c721-41be-99a8-6d8df6ca420d@group-A70227FA7EAC->3c01ffb1-b295-42d9-9874-9e0ba4053462: nextIndex: updateUnconditionally 0 -> 0
2019-11-15 21:51:57,529 [Thread-4434] INFO  impl.FollowerState (FollowerState.java:run(111)) - 5e156848-495c-4d88-99d1-5a745ca90ed0@group-D2DDA09F38B3-FollowerState: change to CANDIDATE, lastRpcTime:1170ms, electionTimeout:1170ms
2019-11-15 21:51:57,529 [Thread-4434] INFO  impl.RoleInfo (RoleInfo.java:shutdownFollowerState(121)) - 5e156848-495c-4d88-99d1-5a745ca90ed0: shutdown FollowerState
2019-11-15 21:51:57,529 [Thread-4434] INFO  impl.RaftServerImpl (RaftServerImpl.java:setRole(173)) - 5e156848-495c-4d88-99d1-5a745ca90ed0@group-D2DDA09F38B3: changes role from  FOLLOWER to CANDIDATE at term 8 for changeToCandidate
2019-11-15 21:51:57,530 [Thread-4434] INFO  impl.RoleInfo (RoleInfo.java:updateAndGet(143)) - 5e156848-495c-4d88-99d1-5a745ca90ed0: start LeaderElection
2019-11-15 21:51:57,553 [5e156848-495c-4d88-99d1-5a745ca90ed0@group-D2DDA09F38B3-LeaderElection236] INFO  impl.LeaderElection (LeaderElection.java:askForVotes(178)) - 5e156848-495c-4d88-99d1-5a745ca90ed0@group-D2DDA09F38B3-LeaderElection236: begin an election at term 9 for 0: [3eba0ff5-def1-46c6-a9bd-a10bbd02f1ce:192.168.164.223:32938, 09667cd7-469d-4450-b7d6-bfa43032ac6a:192.168.164.223:41749, 5e156848-495c-4d88-99d1-5a745ca90ed0:192.168.164.223:41251], old=null
2019-11-15 21:51:57,554 [5e156848-495c-4d88-99d1-5a745ca90ed0@group-D2DDA09F38B3-LeaderElection236] INFO  impl.LeaderElection (LogUtils.java:infoOrTrace(149)) - 5e156848-495c-4d88-99d1-5a745ca90ed0@group-D2DDA09F38B3-LeaderElection236 got exception when requesting votes: {}
java.util.concurrent.ExecutionException: org.apache.ratis.thirdparty.io.grpc.StatusRuntimeException: UNAVAILABLE: io exception
	at java.util.concurrent.FutureTask.report(FutureTask.java:122)
	at java.util.concurrent.FutureTask.get(FutureTask.java:192)
	at org.apache.ratis.server.impl.LeaderElection.waitForResults(LeaderElection.java:259)
	at org.apache.ratis.server.impl.LeaderElection.askForVotes(LeaderElection.java:197)
	at org.apache.ratis.server.impl.LeaderElection.run(LeaderElection.java:133)
	at java.lang.Thread.run(Thread.java:748)
Caused by: org.apache.ratis.thirdparty.io.grpc.StatusRuntimeException: UNAVAILABLE: io exception
	at org.apache.ratis.thirdparty.io.grpc.stub.ClientCalls.toStatusRuntimeException(ClientCalls.java:233)
	at org.apache.ratis.thirdparty.io.grpc.stub.ClientCalls.getUnchecked(ClientCalls.java:214)
	at org.apache.ratis.thirdparty.io.grpc.stub.ClientCalls.blockingUnaryCall(ClientCalls.java:139)
	at org.apache.ratis.proto.grpc.RaftServerProtocolServiceGrpc$RaftServerProtocolServiceBlockingStub.requestVote(RaftServerProtocolServiceGrpc.java:265)
	at org.apache.ratis.grpc.server.GrpcServerProtocolClient.requestVote(GrpcServerProtocolClient.java:99)
	at org.apache.ratis.grpc.server.GrpcService.requestVote(GrpcService.java:204)
	at org.apache.ratis.server.impl.LeaderElection.lambda$submitRequests$1(LeaderElection.java:234)
	at java.util.concurrent.FutureTask.run(FutureTask.java:266)
	at java.util.concurrent.Executors$RunnableAdapter.call(Executors.java:511)
	at java.util.concurrent.FutureTask.run(FutureTask.java:266)
	at java.util.concurrent.ThreadPoolExecutor.runWorker(ThreadPoolExecutor.java:1149)
	at java.util.concurrent.ThreadPoolExecutor$Worker.run(ThreadPoolExecutor.java:624)
	... 1 more
Caused by: org.apache.ratis.thirdparty.io.netty.channel.AbstractChannel$AnnotatedConnectException: Connection refused: /192.168.164.223:32938
	at sun.nio.ch.SocketChannelImpl.checkConnect(Native Method)
	at sun.nio.ch.SocketChannelImpl.finishConnect(SocketChannelImpl.java:717)
	at org.apache.ratis.thirdparty.io.netty.channel.socket.nio.NioSocketChannel.doFinishConnect(NioSocketChannel.java:327)
	at org.apache.ratis.thirdparty.io.netty.channel.nio.AbstractNioChannel$AbstractNioUnsafe.finishConnect(AbstractNioChannel.java:340)
	at org.apache.ratis.thirdparty.io.netty.channel.nio.NioEventLoop.processSelectedKey(NioEventLoop.java:632)
	at org.apache.ratis.thirdparty.io.netty.channel.nio.NioEventLoop.processSelectedKeysOptimized(NioEventLoop.java:579)
	at org.apache.ratis.thirdparty.io.netty.channel.nio.NioEventLoop.processSelectedKeys(NioEventLoop.java:496)
	at org.apache.ratis.thirdparty.io.netty.channel.nio.NioEventLoop.run(NioEventLoop.java:458)
	at org.apache.ratis.thirdparty.io.netty.util.concurrent.SingleThreadEventExecutor$5.run(SingleThreadEventExecutor.java:897)
	at org.apache.ratis.thirdparty.io.netty.util.concurrent.FastThreadLocalRunnable.run(FastThreadLocalRunnable.java:30)
	... 1 more
Caused by: java.net.ConnectException: Connection refused
	... 11 more
2019-11-15 21:51:57,554 [5e156848-495c-4d88-99d1-5a745ca90ed0@group-D2DDA09F38B3-LeaderElection236] INFO  impl.LeaderElection (LogUtils.java:infoOrTrace(149)) - 5e156848-495c-4d88-99d1-5a745ca90ed0@group-D2DDA09F38B3-LeaderElection236 got exception when requesting votes: {}
java.util.concurrent.ExecutionException: org.apache.ratis.thirdparty.io.grpc.StatusRuntimeException: UNAVAILABLE: io exception
	at java.util.concurrent.FutureTask.report(FutureTask.java:122)
	at java.util.concurrent.FutureTask.get(FutureTask.java:192)
	at org.apache.ratis.server.impl.LeaderElection.waitForResults(LeaderElection.java:259)
	at org.apache.ratis.server.impl.LeaderElection.askForVotes(LeaderElection.java:197)
	at org.apache.ratis.server.impl.LeaderElection.run(LeaderElection.java:133)
	at java.lang.Thread.run(Thread.java:748)
Caused by: org.apache.ratis.thirdparty.io.grpc.StatusRuntimeException: UNAVAILABLE: io exception
	at org.apache.ratis.thirdparty.io.grpc.stub.ClientCalls.toStatusRuntimeException(ClientCalls.java:233)
	at org.apache.ratis.thirdparty.io.grpc.stub.ClientCalls.getUnchecked(ClientCalls.java:214)
	at org.apache.ratis.thirdparty.io.grpc.stub.ClientCalls.blockingUnaryCall(ClientCalls.java:139)
	at org.apache.ratis.proto.grpc.RaftServerProtocolServiceGrpc$RaftServerProtocolServiceBlockingStub.requestVote(RaftServerProtocolServiceGrpc.java:265)
	at org.apache.ratis.grpc.server.GrpcServerProtocolClient.requestVote(GrpcServerProtocolClient.java:99)
	at org.apache.ratis.grpc.server.GrpcService.requestVote(GrpcService.java:204)
	at org.apache.ratis.server.impl.LeaderElection.lambda$submitRequests$1(LeaderElection.java:234)
	at java.util.concurrent.FutureTask.run(FutureTask.java:266)
	at java.util.concurrent.Executors$RunnableAdapter.call(Executors.java:511)
	at java.util.concurrent.FutureTask.run(FutureTask.java:266)
	at java.util.concurrent.ThreadPoolExecutor.runWorker(ThreadPoolExecutor.java:1149)
	at java.util.concurrent.ThreadPoolExecutor$Worker.run(ThreadPoolExecutor.java:624)
	... 1 more
Caused by: org.apache.ratis.thirdparty.io.netty.channel.AbstractChannel$AnnotatedConnectException: Connection refused: /192.168.164.223:41749
	at sun.nio.ch.SocketChannelImpl.checkConnect(Native Method)
	at sun.nio.ch.SocketChannelImpl.finishConnect(SocketChannelImpl.java:717)
	at org.apache.ratis.thirdparty.io.netty.channel.socket.nio.NioSocketChannel.doFinishConnect(NioSocketChannel.java:327)
	at org.apache.ratis.thirdparty.io.netty.channel.nio.AbstractNioChannel$AbstractNioUnsafe.finishConnect(AbstractNioChannel.java:340)
	at org.apache.ratis.thirdparty.io.netty.channel.nio.NioEventLoop.processSelectedKey(NioEventLoop.java:632)
	at org.apache.ratis.thirdparty.io.netty.channel.nio.NioEventLoop.processSelectedKeysOptimized(NioEventLoop.java:579)
	at org.apache.ratis.thirdparty.io.netty.channel.nio.NioEventLoop.processSelectedKeys(NioEventLoop.java:496)
	at org.apache.ratis.thirdparty.io.netty.channel.nio.NioEventLoop.run(NioEventLoop.java:458)
	at org.apache.ratis.thirdparty.io.netty.util.concurrent.SingleThreadEventExecutor$5.run(SingleThreadEventExecutor.java:897)
	at org.apache.ratis.thirdparty.io.netty.util.concurrent.FastThreadLocalRunnable.run(FastThreadLocalRunnable.java:30)
	... 1 more
Caused by: java.net.ConnectException: Connection refused
	... 11 more
2019-11-15 21:51:57,555 [5e156848-495c-4d88-99d1-5a745ca90ed0@group-D2DDA09F38B3-LeaderElection236] INFO  impl.LeaderElection (LeaderElection.java:logAndReturn(56)) - 5e156848-495c-4d88-99d1-5a745ca90ed0@group-D2DDA09F38B3-LeaderElection236: Election REJECTED; received 0 response(s) [] and 2 exception(s); 5e156848-495c-4d88-99d1-5a745ca90ed0@group-D2DDA09F38B3:t9, leader=null, voted=5e156848-495c-4d88-99d1-5a745ca90ed0, raftlog=5e156848-495c-4d88-99d1-5a745ca90ed0@group-D2DDA09F38B3-SegmentedRaftLog:OPENED:c0,f0,i0, conf=0: [3eba0ff5-def1-46c6-a9bd-a10bbd02f1ce:192.168.164.223:32938, 09667cd7-469d-4450-b7d6-bfa43032ac6a:192.168.164.223:41749, 5e156848-495c-4d88-99d1-5a745ca90ed0:192.168.164.223:41251], old=null
2019-11-15 21:51:57,555 [5e156848-495c-4d88-99d1-5a745ca90ed0@group-D2DDA09F38B3-LeaderElection236] INFO  impl.LeaderElection (LogUtils.java:infoOrTrace(149)) -   Exception 0: {}
java.util.concurrent.ExecutionException: org.apache.ratis.thirdparty.io.grpc.StatusRuntimeException: UNAVAILABLE: io exception
	at java.util.concurrent.FutureTask.report(FutureTask.java:122)
	at java.util.concurrent.FutureTask.get(FutureTask.java:192)
	at org.apache.ratis.server.impl.LeaderElection.waitForResults(LeaderElection.java:259)
	at org.apache.ratis.server.impl.LeaderElection.askForVotes(LeaderElection.java:197)
	at org.apache.ratis.server.impl.LeaderElection.run(LeaderElection.java:133)
	at java.lang.Thread.run(Thread.java:748)
Caused by: org.apache.ratis.thirdparty.io.grpc.StatusRuntimeException: UNAVAILABLE: io exception
	at org.apache.ratis.thirdparty.io.grpc.stub.ClientCalls.toStatusRuntimeException(ClientCalls.java:233)
	at org.apache.ratis.thirdparty.io.grpc.stub.ClientCalls.getUnchecked(ClientCalls.java:214)
	at org.apache.ratis.thirdparty.io.grpc.stub.ClientCalls.blockingUnaryCall(ClientCalls.java:139)
	at org.apache.ratis.proto.grpc.RaftServerProtocolServiceGrpc$RaftServerProtocolServiceBlockingStub.requestVote(RaftServerProtocolServiceGrpc.java:265)
	at org.apache.ratis.grpc.server.GrpcServerProtocolClient.requestVote(GrpcServerProtocolClient.java:99)
	at org.apache.ratis.grpc.server.GrpcService.requestVote(GrpcService.java:204)
	at org.apache.ratis.server.impl.LeaderElection.lambda$submitRequests$1(LeaderElection.java:234)
	at java.util.concurrent.FutureTask.run(FutureTask.java:266)
	at java.util.concurrent.Executors$RunnableAdapter.call(Executors.java:511)
	at java.util.concurrent.FutureTask.run(FutureTask.java:266)
	at java.util.concurrent.ThreadPoolExecutor.runWorker(ThreadPoolExecutor.java:1149)
	at java.util.concurrent.ThreadPoolExecutor$Worker.run(ThreadPoolExecutor.java:624)
	... 1 more
Caused by: org.apache.ratis.thirdparty.io.netty.channel.AbstractChannel$AnnotatedConnectException: Connection refused: /192.168.164.223:32938
	at sun.nio.ch.SocketChannelImpl.checkConnect(Native Method)
	at sun.nio.ch.SocketChannelImpl.finishConnect(SocketChannelImpl.java:717)
	at org.apache.ratis.thirdparty.io.netty.channel.socket.nio.NioSocketChannel.doFinishConnect(NioSocketChannel.java:327)
	at org.apache.ratis.thirdparty.io.netty.channel.nio.AbstractNioChannel$AbstractNioUnsafe.finishConnect(AbstractNioChannel.java:340)
	at org.apache.ratis.thirdparty.io.netty.channel.nio.NioEventLoop.processSelectedKey(NioEventLoop.java:632)
	at org.apache.ratis.thirdparty.io.netty.channel.nio.NioEventLoop.processSelectedKeysOptimized(NioEventLoop.java:579)
	at org.apache.ratis.thirdparty.io.netty.channel.nio.NioEventLoop.processSelectedKeys(NioEventLoop.java:496)
	at org.apache.ratis.thirdparty.io.netty.channel.nio.NioEventLoop.run(NioEventLoop.java:458)
	at org.apache.ratis.thirdparty.io.netty.util.concurrent.SingleThreadEventExecutor$5.run(SingleThreadEventExecutor.java:897)
	at org.apache.ratis.thirdparty.io.netty.util.concurrent.FastThreadLocalRunnable.run(FastThreadLocalRunnable.java:30)
	... 1 more
Caused by: java.net.ConnectException: Connection refused
	... 11 more
2019-11-15 21:51:57,555 [5e156848-495c-4d88-99d1-5a745ca90ed0@group-D2DDA09F38B3-LeaderElection236] INFO  impl.LeaderElection (LogUtils.java:infoOrTrace(149)) -   Exception 1: {}
java.util.concurrent.ExecutionException: org.apache.ratis.thirdparty.io.grpc.StatusRuntimeException: UNAVAILABLE: io exception
	at java.util.concurrent.FutureTask.report(FutureTask.java:122)
	at java.util.concurrent.FutureTask.get(FutureTask.java:192)
	at org.apache.ratis.server.impl.LeaderElection.waitForResults(LeaderElection.java:259)
	at org.apache.ratis.server.impl.LeaderElection.askForVotes(LeaderElection.java:197)
	at org.apache.ratis.server.impl.LeaderElection.run(LeaderElection.java:133)
	at java.lang.Thread.run(Thread.java:748)
Caused by: org.apache.ratis.thirdparty.io.grpc.StatusRuntimeException: UNAVAILABLE: io exception
	at org.apache.ratis.thirdparty.io.grpc.stub.ClientCalls.toStatusRuntimeException(ClientCalls.java:233)
	at org.apache.ratis.thirdparty.io.grpc.stub.ClientCalls.getUnchecked(ClientCalls.java:214)
	at org.apache.ratis.thirdparty.io.grpc.stub.ClientCalls.blockingUnaryCall(ClientCalls.java:139)
	at org.apache.ratis.proto.grpc.RaftServerProtocolServiceGrpc$RaftServerProtocolServiceBlockingStub.requestVote(RaftServerProtocolServiceGrpc.java:265)
	at org.apache.ratis.grpc.server.GrpcServerProtocolClient.requestVote(GrpcServerProtocolClient.java:99)
	at org.apache.ratis.grpc.server.GrpcService.requestVote(GrpcService.java:204)
	at org.apache.ratis.server.impl.LeaderElection.lambda$submitRequests$1(LeaderElection.java:234)
	at java.util.concurrent.FutureTask.run(FutureTask.java:266)
	at java.util.concurrent.Executors$RunnableAdapter.call(Executors.java:511)
	at java.util.concurrent.FutureTask.run(FutureTask.java:266)
	at java.util.concurrent.ThreadPoolExecutor.runWorker(ThreadPoolExecutor.java:1149)
	at java.util.concurrent.ThreadPoolExecutor$Worker.run(ThreadPoolExecutor.java:624)
	... 1 more
Caused by: org.apache.ratis.thirdparty.io.netty.channel.AbstractChannel$AnnotatedConnectException: Connection refused: /192.168.164.223:41749
	at sun.nio.ch.SocketChannelImpl.checkConnect(Native Method)
	at sun.nio.ch.SocketChannelImpl.finishConnect(SocketChannelImpl.java:717)
	at org.apache.ratis.thirdparty.io.netty.channel.socket.nio.NioSocketChannel.doFinishConnect(NioSocketChannel.java:327)
	at org.apache.ratis.thirdparty.io.netty.channel.nio.AbstractNioChannel$AbstractNioUnsafe.finishConnect(AbstractNioChannel.java:340)
	at org.apache.ratis.thirdparty.io.netty.channel.nio.NioEventLoop.processSelectedKey(NioEventLoop.java:632)
	at org.apache.ratis.thirdparty.io.netty.channel.nio.NioEventLoop.processSelectedKeysOptimized(NioEventLoop.java:579)
	at org.apache.ratis.thirdparty.io.netty.channel.nio.NioEventLoop.processSelectedKeys(NioEventLoop.java:496)
	at org.apache.ratis.thirdparty.io.netty.channel.nio.NioEventLoop.run(NioEventLoop.java:458)
	at org.apache.ratis.thirdparty.io.netty.util.concurrent.SingleThreadEventExecutor$5.run(SingleThreadEventExecutor.java:897)
	at org.apache.ratis.thirdparty.io.netty.util.concurrent.FastThreadLocalRunnable.run(FastThreadLocalRunnable.java:30)
	... 1 more
Caused by: java.net.ConnectException: Connection refused
	... 11 more
2019-11-15 21:51:57,556 [5e156848-495c-4d88-99d1-5a745ca90ed0@group-D2DDA09F38B3-LeaderElection236] INFO  impl.RaftServerImpl (RaftServerImpl.java:setRole(173)) - 5e156848-495c-4d88-99d1-5a745ca90ed0@group-D2DDA09F38B3: changes role from CANDIDATE to FOLLOWER at term 9 for DISCOVERED_A_NEW_TERM
2019-11-15 21:51:57,556 [5e156848-495c-4d88-99d1-5a745ca90ed0@group-D2DDA09F38B3-LeaderElection236] INFO  impl.RoleInfo (RoleInfo.java:shutdownLeaderElection(134)) - 5e156848-495c-4d88-99d1-5a745ca90ed0: shutdown LeaderElection
2019-11-15 21:51:57,556 [5e156848-495c-4d88-99d1-5a745ca90ed0@group-D2DDA09F38B3-LeaderElection236] INFO  impl.RoleInfo (RoleInfo.java:updateAndGet(143)) - 5e156848-495c-4d88-99d1-5a745ca90ed0: start FollowerState
2019-11-15 21:51:57,643 [grpc-default-executor-2] WARN  server.GrpcLogAppender (LogUtils.java:warn(134)) - 3ab85592-c721-41be-99a8-6d8df6ca420d@group-A70227FA7EAC->3c01ffb1-b295-42d9-9874-9e0ba4053462-AppendLogResponseHandler: Failed appendEntries: org.apache.ratis.thirdparty.io.grpc.StatusRuntimeException: UNAVAILABLE: io exception
2019-11-15 21:51:57,643 [grpc-default-executor-2] INFO  impl.FollowerInfo (FollowerInfo.java:lambda$new$0(51)) - 3ab85592-c721-41be-99a8-6d8df6ca420d@group-A70227FA7EAC->3c01ffb1-b295-42d9-9874-9e0ba4053462: nextIndex: updateUnconditionally 0 -> 0
2019-11-15 21:51:58,144 [grpc-default-executor-2] WARN  server.GrpcLogAppender (LogUtils.java:warn(134)) - 3ab85592-c721-41be-99a8-6d8df6ca420d@group-A70227FA7EAC->3c01ffb1-b295-42d9-9874-9e0ba4053462-AppendLogResponseHandler: Failed appendEntries: org.apache.ratis.thirdparty.io.grpc.StatusRuntimeException: UNAVAILABLE: io exception
2019-11-15 21:51:58,144 [grpc-default-executor-2] INFO  impl.FollowerInfo (FollowerInfo.java:lambda$new$0(51)) - 3ab85592-c721-41be-99a8-6d8df6ca420d@group-A70227FA7EAC->3c01ffb1-b295-42d9-9874-9e0ba4053462: nextIndex: updateUnconditionally 0 -> 0
2019-11-15 21:51:58,281 [main] INFO  ozoneimpl.OzoneContainer (OzoneContainer.java:stop(244)) - Attempting to stop container services.
2019-11-15 21:51:58,281 [main] INFO  impl.RaftServerProxy (RaftServerProxy.java:lambda$close$4(314)) - 5e156848-495c-4d88-99d1-5a745ca90ed0: close
2019-11-15 21:51:58,282 [main] INFO  impl.RaftServerImpl (RaftServerImpl.java:lambda$shutdown$3(250)) - 5e156848-495c-4d88-99d1-5a745ca90ed0@group-D2DDA09F38B3: shutdown
2019-11-15 21:51:58,282 [main] INFO  util.JmxRegister (JmxRegister.java:unregister(73)) - Successfully un-registered JMX Bean with object name Ratis:service=RaftServer,group=group-D2DDA09F38B3,id=5e156848-495c-4d88-99d1-5a745ca90ed0
2019-11-15 21:51:58,282 [main] INFO  impl.RoleInfo (RoleInfo.java:shutdownFollowerState(121)) - 5e156848-495c-4d88-99d1-5a745ca90ed0: shutdown FollowerState
2019-11-15 21:51:58,282 [main] INFO  impl.StateMachineUpdater (StateMachineUpdater.java:stopAndJoin(136)) - 5e156848-495c-4d88-99d1-5a745ca90ed0@group-D2DDA09F38B3-StateMachineUpdater: set stopIndex = 0
2019-11-15 21:51:58,282 [Thread-4440] INFO  impl.FollowerState (FollowerState.java:run(120)) - 5e156848-495c-4d88-99d1-5a745ca90ed0@group-D2DDA09F38B3-FollowerState was interrupted: java.lang.InterruptedException: sleep interrupted
2019-11-15 21:51:58,283 [main] INFO  impl.RaftServerImpl (ServerState.java:close(387)) - 5e156848-495c-4d88-99d1-5a745ca90ed0@group-D2DDA09F38B3: closes. applyIndex: 0
2019-11-15 21:51:58,283 [5e156848-495c-4d88-99d1-5a745ca90ed0@group-D2DDA09F38B3-SegmentedRaftLogWorker] INFO  segmented.SegmentedRaftLogWorker (SegmentedRaftLogWorker.java:run(316)) - 5e156848-495c-4d88-99d1-5a745ca90ed0@group-D2DDA09F38B3-SegmentedRaftLogWorker was interrupted, exiting. There are 0 tasks remaining in the queue.
2019-11-15 21:51:58,283 [main] INFO  segmented.SegmentedRaftLogWorker (SegmentedRaftLogWorker.java:close(224)) - 5e156848-495c-4d88-99d1-5a745ca90ed0@group-D2DDA09F38B3-SegmentedRaftLogWorker close()
2019-11-15 21:51:58,283 [main] INFO  impl.RaftServerImpl (RaftServerImpl.java:lambda$shutdown$3(250)) - 5e156848-495c-4d88-99d1-5a745ca90ed0@group-FA4EB4645E11: shutdown
2019-11-15 21:51:58,284 [main] INFO  util.JmxRegister (JmxRegister.java:unregister(73)) - Successfully un-registered JMX Bean with object name Ratis:service=RaftServer,group=group-FA4EB4645E11,id=5e156848-495c-4d88-99d1-5a745ca90ed0
2019-11-15 21:51:58,284 [main] INFO  impl.RoleInfo (RoleInfo.java:shutdownLeaderState(104)) - 5e156848-495c-4d88-99d1-5a745ca90ed0: shutdown LeaderState
2019-11-15 21:51:58,284 [main] INFO  impl.PendingRequests (PendingRequests.java:sendNotLeaderResponses(206)) - 5e156848-495c-4d88-99d1-5a745ca90ed0@group-FA4EB4645E11-PendingRequests: sendNotLeaderResponses
2019-11-15 21:51:58,284 [main] INFO  impl.StateMachineUpdater (StateMachineUpdater.java:stopAndJoin(136)) - 5e156848-495c-4d88-99d1-5a745ca90ed0@group-FA4EB4645E11-StateMachineUpdater: set stopIndex = 0
2019-11-15 21:51:58,284 [main] INFO  impl.RaftServerImpl (ServerState.java:close(387)) - 5e156848-495c-4d88-99d1-5a745ca90ed0@group-FA4EB4645E11: closes. applyIndex: 0
2019-11-15 21:51:58,285 [5e156848-495c-4d88-99d1-5a745ca90ed0@group-FA4EB4645E11-SegmentedRaftLogWorker] INFO  segmented.SegmentedRaftLogWorker (SegmentedRaftLogWorker.java:run(316)) - 5e156848-495c-4d88-99d1-5a745ca90ed0@group-FA4EB4645E11-SegmentedRaftLogWorker was interrupted, exiting. There are 0 tasks remaining in the queue.
2019-11-15 21:51:58,285 [main] INFO  segmented.SegmentedRaftLogWorker (SegmentedRaftLogWorker.java:close(224)) - 5e156848-495c-4d88-99d1-5a745ca90ed0@group-FA4EB4645E11-SegmentedRaftLogWorker close()
2019-11-15 21:51:58,285 [main] INFO  server.GrpcService (GrpcService.java:closeImpl(164)) - 5e156848-495c-4d88-99d1-5a745ca90ed0: shutdown server with port 41251 now
2019-11-15 21:51:58,286 [main] INFO  server.GrpcService (GrpcService.java:closeImpl(172)) - 5e156848-495c-4d88-99d1-5a745ca90ed0: shutdown server with port 41251 successfully
2019-11-15 21:51:58,287 [refreshUsed-/workdir/hadoop-ozone/integration-test/target/test-dir/MiniOzoneClusterImpl-e150a234-18da-4756-b2e5-8eb09f38746c/datanode-7/data/containers] WARN  fs.CachingGetSpaceUsed (CachingGetSpaceUsed.java:run(183)) - Thread Interrupted waiting to refresh disk information: sleep interrupted
2019-11-15 21:51:58,300 [main] INFO  utils.BackgroundService (BackgroundService.java:shutdown(151)) - Shutting down service BlockDeletingService
2019-11-15 21:51:58,302 [main] INFO  statemachine.DatanodeStateMachine (DatanodeStateMachine.java:stopDaemon(400)) - Ozone container server stopped.
2019-11-15 21:51:58,303 [main] INFO  handler.ContextHandler (ContextHandler.java:doStop(910)) - Stopped o.e.j.w.WebAppContext@1d99ee1b{/,null,UNAVAILABLE}{/hddsDatanode}
2019-11-15 21:51:58,304 [main] INFO  server.AbstractConnector (AbstractConnector.java:doStop(318)) - Stopped ServerConnector@3915e7c3{HTTP/1.1,[http/1.1]}{0.0.0.0:0}
2019-11-15 21:51:58,304 [main] INFO  handler.ContextHandler (ContextHandler.java:doStop(910)) - Stopped o.e.j.s.ServletContextHandler@71b97eeb{/static,jar:file:/home/user/.m2/repository/org/apache/hadoop/hadoop-hdds-container-service/0.5.0-SNAPSHOT/hadoop-hdds-container-service-0.5.0-SNAPSHOT.jar!/webapps/static,UNAVAILABLE}
2019-11-15 21:51:58,304 [main] INFO  handler.ContextHandler (ContextHandler.java:doStop(910)) - Stopped o.e.j.s.ServletContextHandler@1c74d19{/logs,file:///workdir/hadoop-ozone/integration-test/target/log,UNAVAILABLE}
2019-11-15 21:51:58,324 [ForkJoinPool.commonPool-worker-1] INFO  ozoneimpl.OzoneContainer (OzoneContainer.java:stop(244)) - Attempting to stop container services.
2019-11-15 21:51:58,324 [ForkJoinPool.commonPool-worker-1] INFO  impl.RaftServerProxy (RaftServerProxy.java:lambda$close$4(314)) - 3ab85592-c721-41be-99a8-6d8df6ca420d: close
2019-11-15 21:51:58,324 [ForkJoinPool.commonPool-worker-1] INFO  impl.RaftServerImpl (RaftServerImpl.java:lambda$shutdown$3(250)) - 3ab85592-c721-41be-99a8-6d8df6ca420d@group-A70227FA7EAC: shutdown
2019-11-15 21:51:58,324 [ForkJoinPool.commonPool-worker-1] INFO  util.JmxRegister (JmxRegister.java:unregister(73)) - Successfully un-registered JMX Bean with object name Ratis:service=RaftServer,group=group-A70227FA7EAC,id=3ab85592-c721-41be-99a8-6d8df6ca420d
2019-11-15 21:51:58,325 [ForkJoinPool.commonPool-worker-1] INFO  impl.RoleInfo (RoleInfo.java:shutdownLeaderState(104)) - 3ab85592-c721-41be-99a8-6d8df6ca420d: shutdown LeaderState
2019-11-15 21:51:58,326 [org.apache.ratis.server.impl.LogAppender$AppenderDaemon$$Lambda$472/95030288@28e801f] WARN  server.GrpcLogAppender (GrpcLogAppender.java:mayWait(151)) - 3ab85592-c721-41be-99a8-6d8df6ca420d@group-A70227FA7EAC->3c01ffb1-b295-42d9-9874-9e0ba4053462-GrpcLogAppender: Wait interrupted by java.lang.InterruptedException
2019-11-15 21:51:58,327 [ForkJoinPool.commonPool-worker-1] INFO  impl.PendingRequests (PendingRequests.java:sendNotLeaderResponses(206)) - 3ab85592-c721-41be-99a8-6d8df6ca420d@group-A70227FA7EAC-PendingRequests: sendNotLeaderResponses
2019-11-15 21:51:58,327 [org.apache.ratis.server.impl.LogAppender$AppenderDaemon$$Lambda$472/95030288@478c1e2a] WARN  server.GrpcLogAppender (GrpcLogAppender.java:mayWait(151)) - 3ab85592-c721-41be-99a8-6d8df6ca420d@group-A70227FA7EAC->6fbcf556-c950-470a-b12c-d884793bba84-GrpcLogAppender: Wait interrupted by java.lang.InterruptedException
2019-11-15 21:51:58,327 [ForkJoinPool.commonPool-worker-1] INFO  impl.StateMachineUpdater (StateMachineUpdater.java:stopAndJoin(136)) - 3ab85592-c721-41be-99a8-6d8df6ca420d@group-A70227FA7EAC-StateMachineUpdater: set stopIndex = 0
2019-11-15 21:51:58,327 [ForkJoinPool.commonPool-worker-1] INFO  impl.RaftServerImpl (ServerState.java:close(387)) - 3ab85592-c721-41be-99a8-6d8df6ca420d@group-A70227FA7EAC: closes. applyIndex: 0
2019-11-15 21:51:58,328 [3ab85592-c721-41be-99a8-6d8df6ca420d@group-A70227FA7EAC-SegmentedRaftLogWorker] INFO  segmented.SegmentedRaftLogWorker (SegmentedRaftLogWorker.java:run(316)) - 3ab85592-c721-41be-99a8-6d8df6ca420d@group-A70227FA7EAC-SegmentedRaftLogWorker was interrupted, exiting. There are 0 tasks remaining in the queue.
2019-11-15 21:51:58,328 [grpc-default-executor-2] INFO  server.GrpcServerProtocolService (GrpcServerProtocolService.java:onCompleted(113)) - 6fbcf556-c950-470a-b12c-d884793bba84: Completed APPEND_ENTRIES, lastRequest: 3ab85592-c721-41be-99a8-6d8df6ca420d->6fbcf556-c950-470a-b12c-d884793bba84#50-t1, previous=(t:1, i:0), leaderCommit=0, initializing? false, entries: <empty>
2019-11-15 21:51:58,328 [ForkJoinPool.commonPool-worker-1] INFO  segmented.SegmentedRaftLogWorker (SegmentedRaftLogWorker.java:close(224)) - 3ab85592-c721-41be-99a8-6d8df6ca420d@group-A70227FA7EAC-SegmentedRaftLogWorker close()
2019-11-15 21:51:58,328 [ForkJoinPool.commonPool-worker-1] INFO  impl.RaftServerImpl (RaftServerImpl.java:lambda$shutdown$3(250)) - 3ab85592-c721-41be-99a8-6d8df6ca420d@group-D5D81C0EFDE9: shutdown
2019-11-15 21:51:58,328 [ForkJoinPool.commonPool-worker-1] INFO  util.JmxRegister (JmxRegister.java:unregister(73)) - Successfully un-registered JMX Bean with object name Ratis:service=RaftServer,group=group-D5D81C0EFDE9,id=3ab85592-c721-41be-99a8-6d8df6ca420d
2019-11-15 21:51:58,329 [ForkJoinPool.commonPool-worker-1] INFO  impl.RoleInfo (RoleInfo.java:shutdownLeaderState(104)) - 3ab85592-c721-41be-99a8-6d8df6ca420d: shutdown LeaderState
2019-11-15 21:51:58,329 [ForkJoinPool.commonPool-worker-1] INFO  impl.PendingRequests (PendingRequests.java:sendNotLeaderResponses(206)) - 3ab85592-c721-41be-99a8-6d8df6ca420d@group-D5D81C0EFDE9-PendingRequests: sendNotLeaderResponses
2019-11-15 21:51:58,329 [grpc-default-executor-6] INFO  server.GrpcLogAppender (GrpcLogAppender.java:onCompleted(308)) - 3ab85592-c721-41be-99a8-6d8df6ca420d@group-A70227FA7EAC->6fbcf556-c950-470a-b12c-d884793bba84-AppendLogResponseHandler: follower responses appendEntries COMPLETED
2019-11-15 21:51:58,329 [ForkJoinPool.commonPool-worker-1] INFO  impl.StateMachineUpdater (StateMachineUpdater.java:stopAndJoin(136)) - 3ab85592-c721-41be-99a8-6d8df6ca420d@group-D5D81C0EFDE9-StateMachineUpdater: set stopIndex = 0
2019-11-15 21:51:58,331 [ForkJoinPool.commonPool-worker-1] INFO  impl.RaftServerImpl (ServerState.java:close(387)) - 3ab85592-c721-41be-99a8-6d8df6ca420d@group-D5D81C0EFDE9: closes. applyIndex: 0
2019-11-15 21:51:58,332 [3ab85592-c721-41be-99a8-6d8df6ca420d@group-D5D81C0EFDE9-SegmentedRaftLogWorker] INFO  segmented.SegmentedRaftLogWorker (SegmentedRaftLogWorker.java:run(316)) - 3ab85592-c721-41be-99a8-6d8df6ca420d@group-D5D81C0EFDE9-SegmentedRaftLogWorker was interrupted, exiting. There are 0 tasks remaining in the queue.
2019-11-15 21:51:58,332 [ForkJoinPool.commonPool-worker-1] INFO  segmented.SegmentedRaftLogWorker (SegmentedRaftLogWorker.java:close(224)) - 3ab85592-c721-41be-99a8-6d8df6ca420d@group-D5D81C0EFDE9-SegmentedRaftLogWorker close()
2019-11-15 21:51:58,332 [grpc-default-executor-6] INFO  impl.FollowerInfo (FollowerInfo.java:lambda$new$0(51)) - 3ab85592-c721-41be-99a8-6d8df6ca420d@group-A70227FA7EAC->6fbcf556-c950-470a-b12c-d884793bba84: nextIndex: updateUnconditionally 1 -> 0
2019-11-15 21:51:58,332 [ForkJoinPool.commonPool-worker-1] INFO  server.GrpcService (GrpcService.java:closeImpl(164)) - 3ab85592-c721-41be-99a8-6d8df6ca420d: shutdown server with port 38768 now
2019-11-15 21:51:58,332 [ForkJoinPool.commonPool-worker-1] INFO  server.GrpcService (GrpcService.java:closeImpl(172)) - 3ab85592-c721-41be-99a8-6d8df6ca420d: shutdown server with port 38768 successfully
2019-11-15 21:51:58,334 [refreshUsed-/workdir/hadoop-ozone/integration-test/target/test-dir/MiniOzoneClusterImpl-e150a234-18da-4756-b2e5-8eb09f38746c/datanode-0/data/containers] WARN  fs.CachingGetSpaceUsed (CachingGetSpaceUsed.java:run(183)) - Thread Interrupted waiting to refresh disk information: sleep interrupted
2019-11-15 21:51:58,344 [ForkJoinPool.commonPool-worker-1] INFO  utils.BackgroundService (BackgroundService.java:shutdown(151)) - Shutting down service BlockDeletingService
2019-11-15 21:51:58,345 [ForkJoinPool.commonPool-worker-1] INFO  statemachine.DatanodeStateMachine (DatanodeStateMachine.java:stopDaemon(400)) - Ozone container server stopped.
2019-11-15 21:51:58,346 [ForkJoinPool.commonPool-worker-1] INFO  handler.ContextHandler (ContextHandler.java:doStop(910)) - Stopped o.e.j.w.WebAppContext@6562cc23{/,null,UNAVAILABLE}{/hddsDatanode}
2019-11-15 21:51:58,347 [ForkJoinPool.commonPool-worker-1] INFO  server.AbstractConnector (AbstractConnector.java:doStop(318)) - Stopped ServerConnector@2ce524d2{HTTP/1.1,[http/1.1]}{0.0.0.0:0}
2019-11-15 21:51:58,348 [ForkJoinPool.commonPool-worker-1] INFO  handler.ContextHandler (ContextHandler.java:doStop(910)) - Stopped o.e.j.s.ServletContextHandler@4d4c1ba9{/static,jar:file:/home/user/.m2/repository/org/apache/hadoop/hadoop-hdds-container-service/0.5.0-SNAPSHOT/hadoop-hdds-container-service-0.5.0-SNAPSHOT.jar!/webapps/static,UNAVAILABLE}
2019-11-15 21:51:58,349 [ForkJoinPool.commonPool-worker-1] INFO  handler.ContextHandler (ContextHandler.java:doStop(910)) - Stopped o.e.j.s.ServletContextHandler@61da0413{/logs,file:///workdir/hadoop-ozone/integration-test/target/log,UNAVAILABLE}
2019-11-15 21:51:58,594 [Datanode State Machine Thread - 0] INFO  statemachine.DatanodeStateMachine (DatanodeStateMachine.java:lambda$startDaemon$0(355)) - Ozone container server started.
2019-11-15 21:51:59,804 [Thread-4205] INFO  impl.FollowerState (FollowerState.java:run(111)) - 6fbcf556-c950-470a-b12c-d884793bba84@group-A70227FA7EAC-FollowerState: change to CANDIDATE, lastRpcTime:1631ms, electionTimeout:1092ms
2019-11-15 21:51:59,804 [Thread-4205] INFO  impl.RoleInfo (RoleInfo.java:shutdownFollowerState(121)) - 6fbcf556-c950-470a-b12c-d884793bba84: shutdown FollowerState
2019-11-15 21:51:59,804 [Thread-4205] INFO  impl.RaftServerImpl (RaftServerImpl.java:setRole(173)) - 6fbcf556-c950-470a-b12c-d884793bba84@group-A70227FA7EAC: changes role from  FOLLOWER to CANDIDATE at term 1 for changeToCandidate
2019-11-15 21:51:59,805 [Thread-4205] INFO  impl.RoleInfo (RoleInfo.java:updateAndGet(143)) - 6fbcf556-c950-470a-b12c-d884793bba84: start LeaderElection
2019-11-15 21:51:59,805 [6fbcf556-c950-470a-b12c-d884793bba84@group-A70227FA7EAC-LeaderElection237] INFO  impl.RaftServerImpl (ServerState.java:setLeader(255)) - 6fbcf556-c950-470a-b12c-d884793bba84@group-A70227FA7EAC: change Leader from 3ab85592-c721-41be-99a8-6d8df6ca420d to null at term 1 for initElection
2019-11-15 21:51:59,818 [6fbcf556-c950-470a-b12c-d884793bba84@group-A70227FA7EAC-LeaderElection237] INFO  impl.LeaderElection (LeaderElection.java:askForVotes(178)) - 6fbcf556-c950-470a-b12c-d884793bba84@group-A70227FA7EAC-LeaderElection237: begin an election at term 2 for 0: [3ab85592-c721-41be-99a8-6d8df6ca420d:192.168.164.223:38768, 3c01ffb1-b295-42d9-9874-9e0ba4053462:192.168.164.223:36934, 6fbcf556-c950-470a-b12c-d884793bba84:192.168.164.223:46779], old=null
2019-11-15 21:51:59,820 [6fbcf556-c950-470a-b12c-d884793bba84@group-A70227FA7EAC-LeaderElection237] INFO  impl.LeaderElection (LogUtils.java:infoOrTrace(149)) - 6fbcf556-c950-470a-b12c-d884793bba84@group-A70227FA7EAC-LeaderElection237 got exception when requesting votes: {}
java.util.concurrent.ExecutionException: org.apache.ratis.thirdparty.io.grpc.StatusRuntimeException: UNAVAILABLE: io exception
	at java.util.concurrent.FutureTask.report(FutureTask.java:122)
	at java.util.concurrent.FutureTask.get(FutureTask.java:192)
	at org.apache.ratis.server.impl.LeaderElection.waitForResults(LeaderElection.java:259)
	at org.apache.ratis.server.impl.LeaderElection.askForVotes(LeaderElection.java:197)
	at org.apache.ratis.server.impl.LeaderElection.run(LeaderElection.java:133)
	at java.lang.Thread.run(Thread.java:748)
Caused by: org.apache.ratis.thirdparty.io.grpc.StatusRuntimeException: UNAVAILABLE: io exception
	at org.apache.ratis.thirdparty.io.grpc.stub.ClientCalls.toStatusRuntimeException(ClientCalls.java:233)
	at org.apache.ratis.thirdparty.io.grpc.stub.ClientCalls.getUnchecked(ClientCalls.java:214)
	at org.apache.ratis.thirdparty.io.grpc.stub.ClientCalls.blockingUnaryCall(ClientCalls.java:139)
	at org.apache.ratis.proto.grpc.RaftServerProtocolServiceGrpc$RaftServerProtocolServiceBlockingStub.requestVote(RaftServerProtocolServiceGrpc.java:265)
	at org.apache.ratis.grpc.server.GrpcServerProtocolClient.requestVote(GrpcServerProtocolClient.java:99)
	at org.apache.ratis.grpc.server.GrpcService.requestVote(GrpcService.java:204)
	at org.apache.ratis.server.impl.LeaderElection.lambda$submitRequests$1(LeaderElection.java:234)
	at java.util.concurrent.FutureTask.run(FutureTask.java:266)
	at java.util.concurrent.Executors$RunnableAdapter.call(Executors.java:511)
	at java.util.concurrent.FutureTask.run(FutureTask.java:266)
	at java.util.concurrent.ThreadPoolExecutor.runWorker(ThreadPoolExecutor.java:1149)
	at java.util.concurrent.ThreadPoolExecutor$Worker.run(ThreadPoolExecutor.java:624)
	... 1 more
Caused by: org.apache.ratis.thirdparty.io.netty.channel.AbstractChannel$AnnotatedConnectException: Connection refused: /192.168.164.223:38768
	at sun.nio.ch.SocketChannelImpl.checkConnect(Native Method)
	at sun.nio.ch.SocketChannelImpl.finishConnect(SocketChannelImpl.java:717)
	at org.apache.ratis.thirdparty.io.netty.channel.socket.nio.NioSocketChannel.doFinishConnect(NioSocketChannel.java:327)
	at org.apache.ratis.thirdparty.io.netty.channel.nio.AbstractNioChannel$AbstractNioUnsafe.finishConnect(AbstractNioChannel.java:340)
	at org.apache.ratis.thirdparty.io.netty.channel.nio.NioEventLoop.processSelectedKey(NioEventLoop.java:632)
	at org.apache.ratis.thirdparty.io.netty.channel.nio.NioEventLoop.processSelectedKeysOptimized(NioEventLoop.java:579)
	at org.apache.ratis.thirdparty.io.netty.channel.nio.NioEventLoop.processSelectedKeys(NioEventLoop.java:496)
	at org.apache.ratis.thirdparty.io.netty.channel.nio.NioEventLoop.run(NioEventLoop.java:458)
	at org.apache.ratis.thirdparty.io.netty.util.concurrent.SingleThreadEventExecutor$5.run(SingleThreadEventExecutor.java:897)
	at org.apache.ratis.thirdparty.io.netty.util.concurrent.FastThreadLocalRunnable.run(FastThreadLocalRunnable.java:30)
	... 1 more
Caused by: java.net.ConnectException: Connection refused
	... 11 more
2019-11-15 21:51:59,821 [6fbcf556-c950-470a-b12c-d884793bba84@group-A70227FA7EAC-LeaderElection237] INFO  impl.LeaderElection (LogUtils.java:infoOrTrace(149)) - 6fbcf556-c950-470a-b12c-d884793bba84@group-A70227FA7EAC-LeaderElection237 got exception when requesting votes: {}
java.util.concurrent.ExecutionException: org.apache.ratis.thirdparty.io.grpc.StatusRuntimeException: UNAVAILABLE: io exception
	at java.util.concurrent.FutureTask.report(FutureTask.java:122)
	at java.util.concurrent.FutureTask.get(FutureTask.java:192)
	at org.apache.ratis.server.impl.LeaderElection.waitForResults(LeaderElection.java:259)
	at org.apache.ratis.server.impl.LeaderElection.askForVotes(LeaderElection.java:197)
	at org.apache.ratis.server.impl.LeaderElection.run(LeaderElection.java:133)
	at java.lang.Thread.run(Thread.java:748)
Caused by: org.apache.ratis.thirdparty.io.grpc.StatusRuntimeException: UNAVAILABLE: io exception
	at org.apache.ratis.thirdparty.io.grpc.stub.ClientCalls.toStatusRuntimeException(ClientCalls.java:233)
	at org.apache.ratis.thirdparty.io.grpc.stub.ClientCalls.getUnchecked(ClientCalls.java:214)
	at org.apache.ratis.thirdparty.io.grpc.stub.ClientCalls.blockingUnaryCall(ClientCalls.java:139)
	at org.apache.ratis.proto.grpc.RaftServerProtocolServiceGrpc$RaftServerProtocolServiceBlockingStub.requestVote(RaftServerProtocolServiceGrpc.java:265)
	at org.apache.ratis.grpc.server.GrpcServerProtocolClient.requestVote(GrpcServerProtocolClient.java:99)
	at org.apache.ratis.grpc.server.GrpcService.requestVote(GrpcService.java:204)
	at org.apache.ratis.server.impl.LeaderElection.lambda$submitRequests$1(LeaderElection.java:234)
	at java.util.concurrent.FutureTask.run(FutureTask.java:266)
	at java.util.concurrent.Executors$RunnableAdapter.call(Executors.java:511)
	at java.util.concurrent.FutureTask.run(FutureTask.java:266)
	at java.util.concurrent.ThreadPoolExecutor.runWorker(ThreadPoolExecutor.java:1149)
	at java.util.concurrent.ThreadPoolExecutor$Worker.run(ThreadPoolExecutor.java:624)
	... 1 more
Caused by: org.apache.ratis.thirdparty.io.netty.channel.AbstractChannel$AnnotatedConnectException: Connection refused: /192.168.164.223:36934
	at sun.nio.ch.SocketChannelImpl.checkConnect(Native Method)
	at sun.nio.ch.SocketChannelImpl.finishConnect(SocketChannelImpl.java:717)
	at org.apache.ratis.thirdparty.io.netty.channel.socket.nio.NioSocketChannel.doFinishConnect(NioSocketChannel.java:327)
	at org.apache.ratis.thirdparty.io.netty.channel.nio.AbstractNioChannel$AbstractNioUnsafe.finishConnect(AbstractNioChannel.java:340)
	at org.apache.ratis.thirdparty.io.netty.channel.nio.NioEventLoop.processSelectedKey(NioEventLoop.java:632)
	at org.apache.ratis.thirdparty.io.netty.channel.nio.NioEventLoop.processSelectedKeysOptimized(NioEventLoop.java:579)
	at org.apache.ratis.thirdparty.io.netty.channel.nio.NioEventLoop.processSelectedKeys(NioEventLoop.java:496)
	at org.apache.ratis.thirdparty.io.netty.channel.nio.NioEventLoop.run(NioEventLoop.java:458)
	at org.apache.ratis.thirdparty.io.netty.util.concurrent.SingleThreadEventExecutor$5.run(SingleThreadEventExecutor.java:897)
	at org.apache.ratis.thirdparty.io.netty.util.concurrent.FastThreadLocalRunnable.run(FastThreadLocalRunnable.java:30)
	... 1 more
Caused by: java.net.ConnectException: Connection refused
	... 11 more
2019-11-15 21:51:59,821 [6fbcf556-c950-470a-b12c-d884793bba84@group-A70227FA7EAC-LeaderElection237] INFO  impl.LeaderElection (LeaderElection.java:logAndReturn(56)) - 6fbcf556-c950-470a-b12c-d884793bba84@group-A70227FA7EAC-LeaderElection237: Election REJECTED; received 0 response(s) [] and 2 exception(s); 6fbcf556-c950-470a-b12c-d884793bba84@group-A70227FA7EAC:t2, leader=null, voted=6fbcf556-c950-470a-b12c-d884793bba84, raftlog=6fbcf556-c950-470a-b12c-d884793bba84@group-A70227FA7EAC-SegmentedRaftLog:OPENED:c0,f0,i0, conf=0: [3ab85592-c721-41be-99a8-6d8df6ca420d:192.168.164.223:38768, 3c01ffb1-b295-42d9-9874-9e0ba4053462:192.168.164.223:36934, 6fbcf556-c950-470a-b12c-d884793bba84:192.168.164.223:46779], old=null
2019-11-15 21:51:59,821 [6fbcf556-c950-470a-b12c-d884793bba84@group-A70227FA7EAC-LeaderElection237] INFO  impl.LeaderElection (LogUtils.java:infoOrTrace(149)) -   Exception 0: {}
java.util.concurrent.ExecutionException: org.apache.ratis.thirdparty.io.grpc.StatusRuntimeException: UNAVAILABLE: io exception
	at java.util.concurrent.FutureTask.report(FutureTask.java:122)
	at java.util.concurrent.FutureTask.get(FutureTask.java:192)
	at org.apache.ratis.server.impl.LeaderElection.waitForResults(LeaderElection.java:259)
	at org.apache.ratis.server.impl.LeaderElection.askForVotes(LeaderElection.java:197)
	at org.apache.ratis.server.impl.LeaderElection.run(LeaderElection.java:133)
	at java.lang.Thread.run(Thread.java:748)
Caused by: org.apache.ratis.thirdparty.io.grpc.StatusRuntimeException: UNAVAILABLE: io exception
	at org.apache.ratis.thirdparty.io.grpc.stub.ClientCalls.toStatusRuntimeException(ClientCalls.java:233)
	at org.apache.ratis.thirdparty.io.grpc.stub.ClientCalls.getUnchecked(ClientCalls.java:214)
	at org.apache.ratis.thirdparty.io.grpc.stub.ClientCalls.blockingUnaryCall(ClientCalls.java:139)
	at org.apache.ratis.proto.grpc.RaftServerProtocolServiceGrpc$RaftServerProtocolServiceBlockingStub.requestVote(RaftServerProtocolServiceGrpc.java:265)
	at org.apache.ratis.grpc.server.GrpcServerProtocolClient.requestVote(GrpcServerProtocolClient.java:99)
	at org.apache.ratis.grpc.server.GrpcService.requestVote(GrpcService.java:204)
	at org.apache.ratis.server.impl.LeaderElection.lambda$submitRequests$1(LeaderElection.java:234)
	at java.util.concurrent.FutureTask.run(FutureTask.java:266)
	at java.util.concurrent.Executors$RunnableAdapter.call(Executors.java:511)
	at java.util.concurrent.FutureTask.run(FutureTask.java:266)
	at java.util.concurrent.ThreadPoolExecutor.runWorker(ThreadPoolExecutor.java:1149)
	at java.util.concurrent.ThreadPoolExecutor$Worker.run(ThreadPoolExecutor.java:624)
	... 1 more
Caused by: org.apache.ratis.thirdparty.io.netty.channel.AbstractChannel$AnnotatedConnectException: Connection refused: /192.168.164.223:38768
	at sun.nio.ch.SocketChannelImpl.checkConnect(Native Method)
	at sun.nio.ch.SocketChannelImpl.finishConnect(SocketChannelImpl.java:717)
	at org.apache.ratis.thirdparty.io.netty.channel.socket.nio.NioSocketChannel.doFinishConnect(NioSocketChannel.java:327)
	at org.apache.ratis.thirdparty.io.netty.channel.nio.AbstractNioChannel$AbstractNioUnsafe.finishConnect(AbstractNioChannel.java:340)
	at org.apache.ratis.thirdparty.io.netty.channel.nio.NioEventLoop.processSelectedKey(NioEventLoop.java:632)
	at org.apache.ratis.thirdparty.io.netty.channel.nio.NioEventLoop.processSelectedKeysOptimized(NioEventLoop.java:579)
	at org.apache.ratis.thirdparty.io.netty.channel.nio.NioEventLoop.processSelectedKeys(NioEventLoop.java:496)
	at org.apache.ratis.thirdparty.io.netty.channel.nio.NioEventLoop.run(NioEventLoop.java:458)
	at org.apache.ratis.thirdparty.io.netty.util.concurrent.SingleThreadEventExecutor$5.run(SingleThreadEventExecutor.java:897)
	at org.apache.ratis.thirdparty.io.netty.util.concurrent.FastThreadLocalRunnable.run(FastThreadLocalRunnable.java:30)
	... 1 more
Caused by: java.net.ConnectException: Connection refused
	... 11 more
2019-11-15 21:51:59,822 [6fbcf556-c950-470a-b12c-d884793bba84@group-A70227FA7EAC-LeaderElection237] INFO  impl.LeaderElection (LogUtils.java:infoOrTrace(149)) -   Exception 1: {}
java.util.concurrent.ExecutionException: org.apache.ratis.thirdparty.io.grpc.StatusRuntimeException: UNAVAILABLE: io exception
	at java.util.concurrent.FutureTask.report(FutureTask.java:122)
	at java.util.concurrent.FutureTask.get(FutureTask.java:192)
	at org.apache.ratis.server.impl.LeaderElection.waitForResults(LeaderElection.java:259)
	at org.apache.ratis.server.impl.LeaderElection.askForVotes(LeaderElection.java:197)
	at org.apache.ratis.server.impl.LeaderElection.run(LeaderElection.java:133)
	at java.lang.Thread.run(Thread.java:748)
Caused by: org.apache.ratis.thirdparty.io.grpc.StatusRuntimeException: UNAVAILABLE: io exception
	at org.apache.ratis.thirdparty.io.grpc.stub.ClientCalls.toStatusRuntimeException(ClientCalls.java:233)
	at org.apache.ratis.thirdparty.io.grpc.stub.ClientCalls.getUnchecked(ClientCalls.java:214)
	at org.apache.ratis.thirdparty.io.grpc.stub.ClientCalls.blockingUnaryCall(ClientCalls.java:139)
	at org.apache.ratis.proto.grpc.RaftServerProtocolServiceGrpc$RaftServerProtocolServiceBlockingStub.requestVote(RaftServerProtocolServiceGrpc.java:265)
	at org.apache.ratis.grpc.server.GrpcServerProtocolClient.requestVote(GrpcServerProtocolClient.java:99)
	at org.apache.ratis.grpc.server.GrpcService.requestVote(GrpcService.java:204)
	at org.apache.ratis.server.impl.LeaderElection.lambda$submitRequests$1(LeaderElection.java:234)
	at java.util.concurrent.FutureTask.run(FutureTask.java:266)
	at java.util.concurrent.Executors$RunnableAdapter.call(Executors.java:511)
	at java.util.concurrent.FutureTask.run(FutureTask.java:266)
	at java.util.concurrent.ThreadPoolExecutor.runWorker(ThreadPoolExecutor.java:1149)
	at java.util.concurrent.ThreadPoolExecutor$Worker.run(ThreadPoolExecutor.java:624)
	... 1 more
Caused by: org.apache.ratis.thirdparty.io.netty.channel.AbstractChannel$AnnotatedConnectException: Connection refused: /192.168.164.223:36934
	at sun.nio.ch.SocketChannelImpl.checkConnect(Native Method)
	at sun.nio.ch.SocketChannelImpl.finishConnect(SocketChannelImpl.java:717)
	at org.apache.ratis.thirdparty.io.netty.channel.socket.nio.NioSocketChannel.doFinishConnect(NioSocketChannel.java:327)
	at org.apache.ratis.thirdparty.io.netty.channel.nio.AbstractNioChannel$AbstractNioUnsafe.finishConnect(AbstractNioChannel.java:340)
	at org.apache.ratis.thirdparty.io.netty.channel.nio.NioEventLoop.processSelectedKey(NioEventLoop.java:632)
	at org.apache.ratis.thirdparty.io.netty.channel.nio.NioEventLoop.processSelectedKeysOptimized(NioEventLoop.java:579)
	at org.apache.ratis.thirdparty.io.netty.channel.nio.NioEventLoop.processSelectedKeys(NioEventLoop.java:496)
	at org.apache.ratis.thirdparty.io.netty.channel.nio.NioEventLoop.run(NioEventLoop.java:458)
	at org.apache.ratis.thirdparty.io.netty.util.concurrent.SingleThreadEventExecutor$5.run(SingleThreadEventExecutor.java:897)
	at org.apache.ratis.thirdparty.io.netty.util.concurrent.FastThreadLocalRunnable.run(FastThreadLocalRunnable.java:30)
	... 1 more
Caused by: java.net.ConnectException: Connection refused
	... 11 more
2019-11-15 21:51:59,822 [6fbcf556-c950-470a-b12c-d884793bba84@group-A70227FA7EAC-LeaderElection237] INFO  impl.RaftServerImpl (RaftServerImpl.java:setRole(173)) - 6fbcf556-c950-470a-b12c-d884793bba84@group-A70227FA7EAC: changes role from CANDIDATE to FOLLOWER at term 2 for DISCOVERED_A_NEW_TERM
2019-11-15 21:51:59,822 [6fbcf556-c950-470a-b12c-d884793bba84@group-A70227FA7EAC-LeaderElection237] INFO  impl.RoleInfo (RoleInfo.java:shutdownLeaderElection(134)) - 6fbcf556-c950-470a-b12c-d884793bba84: shutdown LeaderElection
2019-11-15 21:51:59,822 [6fbcf556-c950-470a-b12c-d884793bba84@group-A70227FA7EAC-LeaderElection237] INFO  impl.RoleInfo (RoleInfo.java:updateAndGet(143)) - 6fbcf556-c950-470a-b12c-d884793bba84: start FollowerState
2019-11-15 21:52:00,950 [Thread-4446] INFO  impl.FollowerState (FollowerState.java:run(111)) - 6fbcf556-c950-470a-b12c-d884793bba84@group-A70227FA7EAC-FollowerState: change to CANDIDATE, lastRpcTime:1127ms, electionTimeout:1127ms
2019-11-15 21:52:00,950 [Thread-4446] INFO  impl.RoleInfo (RoleInfo.java:shutdownFollowerState(121)) - 6fbcf556-c950-470a-b12c-d884793bba84: shutdown FollowerState
2019-11-15 21:52:00,951 [Thread-4446] INFO  impl.RaftServerImpl (RaftServerImpl.java:setRole(173)) - 6fbcf556-c950-470a-b12c-d884793bba84@group-A70227FA7EAC: changes role from  FOLLOWER to CANDIDATE at term 2 for changeToCandidate
2019-11-15 21:52:00,951 [Thread-4446] INFO  impl.RoleInfo (RoleInfo.java:updateAndGet(143)) - 6fbcf556-c950-470a-b12c-d884793bba84: start LeaderElection
2019-11-15 21:52:00,966 [6fbcf556-c950-470a-b12c-d884793bba84@group-A70227FA7EAC-LeaderElection238] INFO  impl.LeaderElection (LeaderElection.java:askForVotes(178)) - 6fbcf556-c950-470a-b12c-d884793bba84@group-A70227FA7EAC-LeaderElection238: begin an election at term 3 for 0: [3ab85592-c721-41be-99a8-6d8df6ca420d:192.168.164.223:38768, 3c01ffb1-b295-42d9-9874-9e0ba4053462:192.168.164.223:36934, 6fbcf556-c950-470a-b12c-d884793bba84:192.168.164.223:46779], old=null
2019-11-15 21:52:00,968 [6fbcf556-c950-470a-b12c-d884793bba84@group-A70227FA7EAC-LeaderElection238] INFO  impl.LeaderElection (LogUtils.java:infoOrTrace(149)) - 6fbcf556-c950-470a-b12c-d884793bba84@group-A70227FA7EAC-LeaderElection238 got exception when requesting votes: {}
java.util.concurrent.ExecutionException: org.apache.ratis.thirdparty.io.grpc.StatusRuntimeException: UNAVAILABLE: io exception
	at java.util.concurrent.FutureTask.report(FutureTask.java:122)
	at java.util.concurrent.FutureTask.get(FutureTask.java:192)
	at org.apache.ratis.server.impl.LeaderElection.waitForResults(LeaderElection.java:259)
	at org.apache.ratis.server.impl.LeaderElection.askForVotes(LeaderElection.java:197)
	at org.apache.ratis.server.impl.LeaderElection.run(LeaderElection.java:133)
	at java.lang.Thread.run(Thread.java:748)
Caused by: org.apache.ratis.thirdparty.io.grpc.StatusRuntimeException: UNAVAILABLE: io exception
	at org.apache.ratis.thirdparty.io.grpc.stub.ClientCalls.toStatusRuntimeException(ClientCalls.java:233)
	at org.apache.ratis.thirdparty.io.grpc.stub.ClientCalls.getUnchecked(ClientCalls.java:214)
	at org.apache.ratis.thirdparty.io.grpc.stub.ClientCalls.blockingUnaryCall(ClientCalls.java:139)
	at org.apache.ratis.proto.grpc.RaftServerProtocolServiceGrpc$RaftServerProtocolServiceBlockingStub.requestVote(RaftServerProtocolServiceGrpc.java:265)
	at org.apache.ratis.grpc.server.GrpcServerProtocolClient.requestVote(GrpcServerProtocolClient.java:99)
	at org.apache.ratis.grpc.server.GrpcService.requestVote(GrpcService.java:204)
	at org.apache.ratis.server.impl.LeaderElection.lambda$submitRequests$1(LeaderElection.java:234)
	at java.util.concurrent.FutureTask.run(FutureTask.java:266)
	at java.util.concurrent.Executors$RunnableAdapter.call(Executors.java:511)
	at java.util.concurrent.FutureTask.run(FutureTask.java:266)
	at java.util.concurrent.ThreadPoolExecutor.runWorker(ThreadPoolExecutor.java:1149)
	at java.util.concurrent.ThreadPoolExecutor$Worker.run(ThreadPoolExecutor.java:624)
	... 1 more
Caused by: org.apache.ratis.thirdparty.io.netty.channel.AbstractChannel$AnnotatedConnectException: Connection refused: /192.168.164.223:38768
	at sun.nio.ch.SocketChannelImpl.checkConnect(Native Method)
	at sun.nio.ch.SocketChannelImpl.finishConnect(SocketChannelImpl.java:717)
	at org.apache.ratis.thirdparty.io.netty.channel.socket.nio.NioSocketChannel.doFinishConnect(NioSocketChannel.java:327)
	at org.apache.ratis.thirdparty.io.netty.channel.nio.AbstractNioChannel$AbstractNioUnsafe.finishConnect(AbstractNioChannel.java:340)
	at org.apache.ratis.thirdparty.io.netty.channel.nio.NioEventLoop.processSelectedKey(NioEventLoop.java:632)
	at org.apache.ratis.thirdparty.io.netty.channel.nio.NioEventLoop.processSelectedKeysOptimized(NioEventLoop.java:579)
	at org.apache.ratis.thirdparty.io.netty.channel.nio.NioEventLoop.processSelectedKeys(NioEventLoop.java:496)
	at org.apache.ratis.thirdparty.io.netty.channel.nio.NioEventLoop.run(NioEventLoop.java:458)
	at org.apache.ratis.thirdparty.io.netty.util.concurrent.SingleThreadEventExecutor$5.run(SingleThreadEventExecutor.java:897)
	at org.apache.ratis.thirdparty.io.netty.util.concurrent.FastThreadLocalRunnable.run(FastThreadLocalRunnable.java:30)
	... 1 more
Caused by: java.net.ConnectException: Connection refused
	... 11 more
2019-11-15 21:52:00,969 [6fbcf556-c950-470a-b12c-d884793bba84@group-A70227FA7EAC-LeaderElection238] INFO  impl.LeaderElection (LogUtils.java:infoOrTrace(149)) - 6fbcf556-c950-470a-b12c-d884793bba84@group-A70227FA7EAC-LeaderElection238 got exception when requesting votes: {}
java.util.concurrent.ExecutionException: org.apache.ratis.thirdparty.io.grpc.StatusRuntimeException: UNAVAILABLE: io exception
	at java.util.concurrent.FutureTask.report(FutureTask.java:122)
	at java.util.concurrent.FutureTask.get(FutureTask.java:192)
	at org.apache.ratis.server.impl.LeaderElection.waitForResults(LeaderElection.java:259)
	at org.apache.ratis.server.impl.LeaderElection.askForVotes(LeaderElection.java:197)
	at org.apache.ratis.server.impl.LeaderElection.run(LeaderElection.java:133)
	at java.lang.Thread.run(Thread.java:748)
Caused by: org.apache.ratis.thirdparty.io.grpc.StatusRuntimeException: UNAVAILABLE: io exception
	at org.apache.ratis.thirdparty.io.grpc.stub.ClientCalls.toStatusRuntimeException(ClientCalls.java:233)
	at org.apache.ratis.thirdparty.io.grpc.stub.ClientCalls.getUnchecked(ClientCalls.java:214)
	at org.apache.ratis.thirdparty.io.grpc.stub.ClientCalls.blockingUnaryCall(ClientCalls.java:139)
	at org.apache.ratis.proto.grpc.RaftServerProtocolServiceGrpc$RaftServerProtocolServiceBlockingStub.requestVote(RaftServerProtocolServiceGrpc.java:265)
	at org.apache.ratis.grpc.server.GrpcServerProtocolClient.requestVote(GrpcServerProtocolClient.java:99)
	at org.apache.ratis.grpc.server.GrpcService.requestVote(GrpcService.java:204)
	at org.apache.ratis.server.impl.LeaderElection.lambda$submitRequests$1(LeaderElection.java:234)
	at java.util.concurrent.FutureTask.run(FutureTask.java:266)
	at java.util.concurrent.Executors$RunnableAdapter.call(Executors.java:511)
	at java.util.concurrent.FutureTask.run(FutureTask.java:266)
	at java.util.concurrent.ThreadPoolExecutor.runWorker(ThreadPoolExecutor.java:1149)
	at java.util.concurrent.ThreadPoolExecutor$Worker.run(ThreadPoolExecutor.java:624)
	... 1 more
Caused by: org.apache.ratis.thirdparty.io.netty.channel.AbstractChannel$AnnotatedConnectException: Connection refused: /192.168.164.223:36934
	at sun.nio.ch.SocketChannelImpl.checkConnect(Native Method)
	at sun.nio.ch.SocketChannelImpl.finishConnect(SocketChannelImpl.java:717)
	at org.apache.ratis.thirdparty.io.netty.channel.socket.nio.NioSocketChannel.doFinishConnect(NioSocketChannel.java:327)
	at org.apache.ratis.thirdparty.io.netty.channel.nio.AbstractNioChannel$AbstractNioUnsafe.finishConnect(AbstractNioChannel.java:340)
	at org.apache.ratis.thirdparty.io.netty.channel.nio.NioEventLoop.processSelectedKey(NioEventLoop.java:632)
	at org.apache.ratis.thirdparty.io.netty.channel.nio.NioEventLoop.processSelectedKeysOptimized(NioEventLoop.java:579)
	at org.apache.ratis.thirdparty.io.netty.channel.nio.NioEventLoop.processSelectedKeys(NioEventLoop.java:496)
	at org.apache.ratis.thirdparty.io.netty.channel.nio.NioEventLoop.run(NioEventLoop.java:458)
	at org.apache.ratis.thirdparty.io.netty.util.concurrent.SingleThreadEventExecutor$5.run(SingleThreadEventExecutor.java:897)
	at org.apache.ratis.thirdparty.io.netty.util.concurrent.FastThreadLocalRunnable.run(FastThreadLocalRunnable.java:30)
	... 1 more
Caused by: java.net.ConnectException: Connection refused
	... 11 more
2019-11-15 21:52:00,970 [6fbcf556-c950-470a-b12c-d884793bba84@group-A70227FA7EAC-LeaderElection238] INFO  impl.LeaderElection (LeaderElection.java:logAndReturn(56)) - 6fbcf556-c950-470a-b12c-d884793bba84@group-A70227FA7EAC-LeaderElection238: Election REJECTED; received 0 response(s) [] and 2 exception(s); 6fbcf556-c950-470a-b12c-d884793bba84@group-A70227FA7EAC:t3, leader=null, voted=6fbcf556-c950-470a-b12c-d884793bba84, raftlog=6fbcf556-c950-470a-b12c-d884793bba84@group-A70227FA7EAC-SegmentedRaftLog:OPENED:c0,f0,i0, conf=0: [3ab85592-c721-41be-99a8-6d8df6ca420d:192.168.164.223:38768, 3c01ffb1-b295-42d9-9874-9e0ba4053462:192.168.164.223:36934, 6fbcf556-c950-470a-b12c-d884793bba84:192.168.164.223:46779], old=null
2019-11-15 21:52:00,970 [6fbcf556-c950-470a-b12c-d884793bba84@group-A70227FA7EAC-LeaderElection238] INFO  impl.LeaderElection (LogUtils.java:infoOrTrace(149)) -   Exception 0: {}
java.util.concurrent.ExecutionException: org.apache.ratis.thirdparty.io.grpc.StatusRuntimeException: UNAVAILABLE: io exception
	at java.util.concurrent.FutureTask.report(FutureTask.java:122)
	at java.util.concurrent.FutureTask.get(FutureTask.java:192)
	at org.apache.ratis.server.impl.LeaderElection.waitForResults(LeaderElection.java:259)
	at org.apache.ratis.server.impl.LeaderElection.askForVotes(LeaderElection.java:197)
	at org.apache.ratis.server.impl.LeaderElection.run(LeaderElection.java:133)
	at java.lang.Thread.run(Thread.java:748)
Caused by: org.apache.ratis.thirdparty.io.grpc.StatusRuntimeException: UNAVAILABLE: io exception
	at org.apache.ratis.thirdparty.io.grpc.stub.ClientCalls.toStatusRuntimeException(ClientCalls.java:233)
	at org.apache.ratis.thirdparty.io.grpc.stub.ClientCalls.getUnchecked(ClientCalls.java:214)
	at org.apache.ratis.thirdparty.io.grpc.stub.ClientCalls.blockingUnaryCall(ClientCalls.java:139)
	at org.apache.ratis.proto.grpc.RaftServerProtocolServiceGrpc$RaftServerProtocolServiceBlockingStub.requestVote(RaftServerProtocolServiceGrpc.java:265)
	at org.apache.ratis.grpc.server.GrpcServerProtocolClient.requestVote(GrpcServerProtocolClient.java:99)
	at org.apache.ratis.grpc.server.GrpcService.requestVote(GrpcService.java:204)
	at org.apache.ratis.server.impl.LeaderElection.lambda$submitRequests$1(LeaderElection.java:234)
	at java.util.concurrent.FutureTask.run(FutureTask.java:266)
	at java.util.concurrent.Executors$RunnableAdapter.call(Executors.java:511)
	at java.util.concurrent.FutureTask.run(FutureTask.java:266)
	at java.util.concurrent.ThreadPoolExecutor.runWorker(ThreadPoolExecutor.java:1149)
	at java.util.concurrent.ThreadPoolExecutor$Worker.run(ThreadPoolExecutor.java:624)
	... 1 more
Caused by: org.apache.ratis.thirdparty.io.netty.channel.AbstractChannel$AnnotatedConnectException: Connection refused: /192.168.164.223:38768
	at sun.nio.ch.SocketChannelImpl.checkConnect(Native Method)
	at sun.nio.ch.SocketChannelImpl.finishConnect(SocketChannelImpl.java:717)
	at org.apache.ratis.thirdparty.io.netty.channel.socket.nio.NioSocketChannel.doFinishConnect(NioSocketChannel.java:327)
	at org.apache.ratis.thirdparty.io.netty.channel.nio.AbstractNioChannel$AbstractNioUnsafe.finishConnect(AbstractNioChannel.java:340)
	at org.apache.ratis.thirdparty.io.netty.channel.nio.NioEventLoop.processSelectedKey(NioEventLoop.java:632)
	at org.apache.ratis.thirdparty.io.netty.channel.nio.NioEventLoop.processSelectedKeysOptimized(NioEventLoop.java:579)
	at org.apache.ratis.thirdparty.io.netty.channel.nio.NioEventLoop.processSelectedKeys(NioEventLoop.java:496)
	at org.apache.ratis.thirdparty.io.netty.channel.nio.NioEventLoop.run(NioEventLoop.java:458)
	at org.apache.ratis.thirdparty.io.netty.util.concurrent.SingleThreadEventExecutor$5.run(SingleThreadEventExecutor.java:897)
	at org.apache.ratis.thirdparty.io.netty.util.concurrent.FastThreadLocalRunnable.run(FastThreadLocalRunnable.java:30)
	... 1 more
Caused by: java.net.ConnectException: Connection refused
	... 11 more
2019-11-15 21:52:00,970 [6fbcf556-c950-470a-b12c-d884793bba84@group-A70227FA7EAC-LeaderElection238] INFO  impl.LeaderElection (LogUtils.java:infoOrTrace(149)) -   Exception 1: {}
java.util.concurrent.ExecutionException: org.apache.ratis.thirdparty.io.grpc.StatusRuntimeException: UNAVAILABLE: io exception
	at java.util.concurrent.FutureTask.report(FutureTask.java:122)
	at java.util.concurrent.FutureTask.get(FutureTask.java:192)
	at org.apache.ratis.server.impl.LeaderElection.waitForResults(LeaderElection.java:259)
	at org.apache.ratis.server.impl.LeaderElection.askForVotes(LeaderElection.java:197)
	at org.apache.ratis.server.impl.LeaderElection.run(LeaderElection.java:133)
	at java.lang.Thread.run(Thread.java:748)
Caused by: org.apache.ratis.thirdparty.io.grpc.StatusRuntimeException: UNAVAILABLE: io exception
	at org.apache.ratis.thirdparty.io.grpc.stub.ClientCalls.toStatusRuntimeException(ClientCalls.java:233)
	at org.apache.ratis.thirdparty.io.grpc.stub.ClientCalls.getUnchecked(ClientCalls.java:214)
	at org.apache.ratis.thirdparty.io.grpc.stub.ClientCalls.blockingUnaryCall(ClientCalls.java:139)
	at org.apache.ratis.proto.grpc.RaftServerProtocolServiceGrpc$RaftServerProtocolServiceBlockingStub.requestVote(RaftServerProtocolServiceGrpc.java:265)
	at org.apache.ratis.grpc.server.GrpcServerProtocolClient.requestVote(GrpcServerProtocolClient.java:99)
	at org.apache.ratis.grpc.server.GrpcService.requestVote(GrpcService.java:204)
	at org.apache.ratis.server.impl.LeaderElection.lambda$submitRequests$1(LeaderElection.java:234)
	at java.util.concurrent.FutureTask.run(FutureTask.java:266)
	at java.util.concurrent.Executors$RunnableAdapter.call(Executors.java:511)
	at java.util.concurrent.FutureTask.run(FutureTask.java:266)
	at java.util.concurrent.ThreadPoolExecutor.runWorker(ThreadPoolExecutor.java:1149)
	at java.util.concurrent.ThreadPoolExecutor$Worker.run(ThreadPoolExecutor.java:624)
	... 1 more
Caused by: org.apache.ratis.thirdparty.io.netty.channel.AbstractChannel$AnnotatedConnectException: Connection refused: /192.168.164.223:36934
	at sun.nio.ch.SocketChannelImpl.checkConnect(Native Method)
	at sun.nio.ch.SocketChannelImpl.finishConnect(SocketChannelImpl.java:717)
	at org.apache.ratis.thirdparty.io.netty.channel.socket.nio.NioSocketChannel.doFinishConnect(NioSocketChannel.java:327)
	at org.apache.ratis.thirdparty.io.netty.channel.nio.AbstractNioChannel$AbstractNioUnsafe.finishConnect(AbstractNioChannel.java:340)
	at org.apache.ratis.thirdparty.io.netty.channel.nio.NioEventLoop.processSelectedKey(NioEventLoop.java:632)
	at org.apache.ratis.thirdparty.io.netty.channel.nio.NioEventLoop.processSelectedKeysOptimized(NioEventLoop.java:579)
	at org.apache.ratis.thirdparty.io.netty.channel.nio.NioEventLoop.processSelectedKeys(NioEventLoop.java:496)
	at org.apache.ratis.thirdparty.io.netty.channel.nio.NioEventLoop.run(NioEventLoop.java:458)
	at org.apache.ratis.thirdparty.io.netty.util.concurrent.SingleThreadEventExecutor$5.run(SingleThreadEventExecutor.java:897)
	at org.apache.ratis.thirdparty.io.netty.util.concurrent.FastThreadLocalRunnable.run(FastThreadLocalRunnable.java:30)
	... 1 more
Caused by: java.net.ConnectException: Connection refused
	... 11 more
2019-11-15 21:52:00,971 [6fbcf556-c950-470a-b12c-d884793bba84@group-A70227FA7EAC-LeaderElection238] INFO  impl.RaftServerImpl (RaftServerImpl.java:setRole(173)) - 6fbcf556-c950-470a-b12c-d884793bba84@group-A70227FA7EAC: changes role from CANDIDATE to FOLLOWER at term 3 for DISCOVERED_A_NEW_TERM
2019-11-15 21:52:00,971 [6fbcf556-c950-470a-b12c-d884793bba84@group-A70227FA7EAC-LeaderElection238] INFO  impl.RoleInfo (RoleInfo.java:shutdownLeaderElection(134)) - 6fbcf556-c950-470a-b12c-d884793bba84: shutdown LeaderElection
2019-11-15 21:52:00,971 [6fbcf556-c950-470a-b12c-d884793bba84@group-A70227FA7EAC-LeaderElection238] INFO  impl.RoleInfo (RoleInfo.java:updateAndGet(143)) - 6fbcf556-c950-470a-b12c-d884793bba84: start FollowerState
2019-11-15 21:52:02,137 [Thread-4450] INFO  impl.FollowerState (FollowerState.java:run(111)) - 6fbcf556-c950-470a-b12c-d884793bba84@group-A70227FA7EAC-FollowerState: change to CANDIDATE, lastRpcTime:1166ms, electionTimeout:1166ms
2019-11-15 21:52:02,138 [Thread-4450] INFO  impl.RoleInfo (RoleInfo.java:shutdownFollowerState(121)) - 6fbcf556-c950-470a-b12c-d884793bba84: shutdown FollowerState
2019-11-15 21:52:02,138 [Thread-4450] INFO  impl.RaftServerImpl (RaftServerImpl.java:setRole(173)) - 6fbcf556-c950-470a-b12c-d884793bba84@group-A70227FA7EAC: changes role from  FOLLOWER to CANDIDATE at term 3 for changeToCandidate
2019-11-15 21:52:02,138 [Thread-4450] INFO  impl.RoleInfo (RoleInfo.java:updateAndGet(143)) - 6fbcf556-c950-470a-b12c-d884793bba84: start LeaderElection
2019-11-15 21:52:02,420 [6fbcf556-c950-470a-b12c-d884793bba84@group-A70227FA7EAC-LeaderElection239] INFO  impl.LeaderElection (LeaderElection.java:askForVotes(178)) - 6fbcf556-c950-470a-b12c-d884793bba84@group-A70227FA7EAC-LeaderElection239: begin an election at term 4 for 0: [3ab85592-c721-41be-99a8-6d8df6ca420d:192.168.164.223:38768, 3c01ffb1-b295-42d9-9874-9e0ba4053462:192.168.164.223:36934, 6fbcf556-c950-470a-b12c-d884793bba84:192.168.164.223:46779], old=null
2019-11-15 21:52:02,421 [6fbcf556-c950-470a-b12c-d884793bba84@group-A70227FA7EAC-LeaderElection239] INFO  impl.LeaderElection (LogUtils.java:infoOrTrace(149)) - 6fbcf556-c950-470a-b12c-d884793bba84@group-A70227FA7EAC-LeaderElection239 got exception when requesting votes: {}
java.util.concurrent.ExecutionException: org.apache.ratis.thirdparty.io.grpc.StatusRuntimeException: UNAVAILABLE: io exception
	at java.util.concurrent.FutureTask.report(FutureTask.java:122)
	at java.util.concurrent.FutureTask.get(FutureTask.java:192)
	at org.apache.ratis.server.impl.LeaderElection.waitForResults(LeaderElection.java:259)
	at org.apache.ratis.server.impl.LeaderElection.askForVotes(LeaderElection.java:197)
	at org.apache.ratis.server.impl.LeaderElection.run(LeaderElection.java:133)
	at java.lang.Thread.run(Thread.java:748)
Caused by: org.apache.ratis.thirdparty.io.grpc.StatusRuntimeException: UNAVAILABLE: io exception
	at org.apache.ratis.thirdparty.io.grpc.stub.ClientCalls.toStatusRuntimeException(ClientCalls.java:233)
	at org.apache.ratis.thirdparty.io.grpc.stub.ClientCalls.getUnchecked(ClientCalls.java:214)
	at org.apache.ratis.thirdparty.io.grpc.stub.ClientCalls.blockingUnaryCall(ClientCalls.java:139)
	at org.apache.ratis.proto.grpc.RaftServerProtocolServiceGrpc$RaftServerProtocolServiceBlockingStub.requestVote(RaftServerProtocolServiceGrpc.java:265)
	at org.apache.ratis.grpc.server.GrpcServerProtocolClient.requestVote(GrpcServerProtocolClient.java:99)
	at org.apache.ratis.grpc.server.GrpcService.requestVote(GrpcService.java:204)
	at org.apache.ratis.server.impl.LeaderElection.lambda$submitRequests$1(LeaderElection.java:234)
	at java.util.concurrent.FutureTask.run(FutureTask.java:266)
	at java.util.concurrent.Executors$RunnableAdapter.call(Executors.java:511)
	at java.util.concurrent.FutureTask.run(FutureTask.java:266)
	at java.util.concurrent.ThreadPoolExecutor.runWorker(ThreadPoolExecutor.java:1149)
	at java.util.concurrent.ThreadPoolExecutor$Worker.run(ThreadPoolExecutor.java:624)
	... 1 more
Caused by: org.apache.ratis.thirdparty.io.netty.channel.AbstractChannel$AnnotatedConnectException: Connection refused: /192.168.164.223:38768
	at sun.nio.ch.SocketChannelImpl.checkConnect(Native Method)
	at sun.nio.ch.SocketChannelImpl.finishConnect(SocketChannelImpl.java:717)
	at org.apache.ratis.thirdparty.io.netty.channel.socket.nio.NioSocketChannel.doFinishConnect(NioSocketChannel.java:327)
	at org.apache.ratis.thirdparty.io.netty.channel.nio.AbstractNioChannel$AbstractNioUnsafe.finishConnect(AbstractNioChannel.java:340)
	at org.apache.ratis.thirdparty.io.netty.channel.nio.NioEventLoop.processSelectedKey(NioEventLoop.java:632)
	at org.apache.ratis.thirdparty.io.netty.channel.nio.NioEventLoop.processSelectedKeysOptimized(NioEventLoop.java:579)
	at org.apache.ratis.thirdparty.io.netty.channel.nio.NioEventLoop.processSelectedKeys(NioEventLoop.java:496)
	at org.apache.ratis.thirdparty.io.netty.channel.nio.NioEventLoop.run(NioEventLoop.java:458)
	at org.apache.ratis.thirdparty.io.netty.util.concurrent.SingleThreadEventExecutor$5.run(SingleThreadEventExecutor.java:897)
	at org.apache.ratis.thirdparty.io.netty.util.concurrent.FastThreadLocalRunnable.run(FastThreadLocalRunnable.java:30)
	... 1 more
Caused by: java.net.ConnectException: Connection refused
	... 11 more
2019-11-15 21:52:02,421 [6fbcf556-c950-470a-b12c-d884793bba84@group-A70227FA7EAC-LeaderElection239] INFO  impl.LeaderElection (LogUtils.java:infoOrTrace(149)) - 6fbcf556-c950-470a-b12c-d884793bba84@group-A70227FA7EAC-LeaderElection239 got exception when requesting votes: {}
java.util.concurrent.ExecutionException: org.apache.ratis.thirdparty.io.grpc.StatusRuntimeException: UNAVAILABLE: io exception
	at java.util.concurrent.FutureTask.report(FutureTask.java:122)
	at java.util.concurrent.FutureTask.get(FutureTask.java:192)
	at org.apache.ratis.server.impl.LeaderElection.waitForResults(LeaderElection.java:259)
	at org.apache.ratis.server.impl.LeaderElection.askForVotes(LeaderElection.java:197)
	at org.apache.ratis.server.impl.LeaderElection.run(LeaderElection.java:133)
	at java.lang.Thread.run(Thread.java:748)
Caused by: org.apache.ratis.thirdparty.io.grpc.StatusRuntimeException: UNAVAILABLE: io exception
	at org.apache.ratis.thirdparty.io.grpc.stub.ClientCalls.toStatusRuntimeException(ClientCalls.java:233)
	at org.apache.ratis.thirdparty.io.grpc.stub.ClientCalls.getUnchecked(ClientCalls.java:214)
	at org.apache.ratis.thirdparty.io.grpc.stub.ClientCalls.blockingUnaryCall(ClientCalls.java:139)
	at org.apache.ratis.proto.grpc.RaftServerProtocolServiceGrpc$RaftServerProtocolServiceBlockingStub.requestVote(RaftServerProtocolServiceGrpc.java:265)
	at org.apache.ratis.grpc.server.GrpcServerProtocolClient.requestVote(GrpcServerProtocolClient.java:99)
	at org.apache.ratis.grpc.server.GrpcService.requestVote(GrpcService.java:204)
	at org.apache.ratis.server.impl.LeaderElection.lambda$submitRequests$1(LeaderElection.java:234)
	at java.util.concurrent.FutureTask.run(FutureTask.java:266)
	at java.util.concurrent.Executors$RunnableAdapter.call(Executors.java:511)
	at java.util.concurrent.FutureTask.run(FutureTask.java:266)
	at java.util.concurrent.ThreadPoolExecutor.runWorker(ThreadPoolExecutor.java:1149)
	at java.util.concurrent.ThreadPoolExecutor$Worker.run(ThreadPoolExecutor.java:624)
	... 1 more
Caused by: org.apache.ratis.thirdparty.io.netty.channel.AbstractChannel$AnnotatedConnectException: Connection refused: /192.168.164.223:36934
	at sun.nio.ch.SocketChannelImpl.checkConnect(Native Method)
	at sun.nio.ch.SocketChannelImpl.finishConnect(SocketChannelImpl.java:717)
	at org.apache.ratis.thirdparty.io.netty.channel.socket.nio.NioSocketChannel.doFinishConnect(NioSocketChannel.java:327)
	at org.apache.ratis.thirdparty.io.netty.channel.nio.AbstractNioChannel$AbstractNioUnsafe.finishConnect(AbstractNioChannel.java:340)
	at org.apache.ratis.thirdparty.io.netty.channel.nio.NioEventLoop.processSelectedKey(NioEventLoop.java:632)
	at org.apache.ratis.thirdparty.io.netty.channel.nio.NioEventLoop.processSelectedKeysOptimized(NioEventLoop.java:579)
	at org.apache.ratis.thirdparty.io.netty.channel.nio.NioEventLoop.processSelectedKeys(NioEventLoop.java:496)
	at org.apache.ratis.thirdparty.io.netty.channel.nio.NioEventLoop.run(NioEventLoop.java:458)
	at org.apache.ratis.thirdparty.io.netty.util.concurrent.SingleThreadEventExecutor$5.run(SingleThreadEventExecutor.java:897)
	at org.apache.ratis.thirdparty.io.netty.util.concurrent.FastThreadLocalRunnable.run(FastThreadLocalRunnable.java:30)
	... 1 more
Caused by: java.net.ConnectException: Connection refused
	... 11 more
2019-11-15 21:52:02,422 [6fbcf556-c950-470a-b12c-d884793bba84@group-A70227FA7EAC-LeaderElection239] INFO  impl.LeaderElection (LeaderElection.java:logAndReturn(56)) - 6fbcf556-c950-470a-b12c-d884793bba84@group-A70227FA7EAC-LeaderElection239: Election REJECTED; received 0 response(s) [] and 2 exception(s); 6fbcf556-c950-470a-b12c-d884793bba84@group-A70227FA7EAC:t4, leader=null, voted=6fbcf556-c950-470a-b12c-d884793bba84, raftlog=6fbcf556-c950-470a-b12c-d884793bba84@group-A70227FA7EAC-SegmentedRaftLog:OPENED:c0,f0,i0, conf=0: [3ab85592-c721-41be-99a8-6d8df6ca420d:192.168.164.223:38768, 3c01ffb1-b295-42d9-9874-9e0ba4053462:192.168.164.223:36934, 6fbcf556-c950-470a-b12c-d884793bba84:192.168.164.223:46779], old=null
2019-11-15 21:52:02,422 [6fbcf556-c950-470a-b12c-d884793bba84@group-A70227FA7EAC-LeaderElection239] INFO  impl.LeaderElection (LogUtils.java:infoOrTrace(149)) -   Exception 0: {}
java.util.concurrent.ExecutionException: org.apache.ratis.thirdparty.io.grpc.StatusRuntimeException: UNAVAILABLE: io exception
	at java.util.concurrent.FutureTask.report(FutureTask.java:122)
	at java.util.concurrent.FutureTask.get(FutureTask.java:192)
	at org.apache.ratis.server.impl.LeaderElection.waitForResults(LeaderElection.java:259)
	at org.apache.ratis.server.impl.LeaderElection.askForVotes(LeaderElection.java:197)
	at org.apache.ratis.server.impl.LeaderElection.run(LeaderElection.java:133)
	at java.lang.Thread.run(Thread.java:748)
Caused by: org.apache.ratis.thirdparty.io.grpc.StatusRuntimeException: UNAVAILABLE: io exception
	at org.apache.ratis.thirdparty.io.grpc.stub.ClientCalls.toStatusRuntimeException(ClientCalls.java:233)
	at org.apache.ratis.thirdparty.io.grpc.stub.ClientCalls.getUnchecked(ClientCalls.java:214)
	at org.apache.ratis.thirdparty.io.grpc.stub.ClientCalls.blockingUnaryCall(ClientCalls.java:139)
	at org.apache.ratis.proto.grpc.RaftServerProtocolServiceGrpc$RaftServerProtocolServiceBlockingStub.requestVote(RaftServerProtocolServiceGrpc.java:265)
	at org.apache.ratis.grpc.server.GrpcServerProtocolClient.requestVote(GrpcServerProtocolClient.java:99)
	at org.apache.ratis.grpc.server.GrpcService.requestVote(GrpcService.java:204)
	at org.apache.ratis.server.impl.LeaderElection.lambda$submitRequests$1(LeaderElection.java:234)
	at java.util.concurrent.FutureTask.run(FutureTask.java:266)
	at java.util.concurrent.Executors$RunnableAdapter.call(Executors.java:511)
	at java.util.concurrent.FutureTask.run(FutureTask.java:266)
	at java.util.concurrent.ThreadPoolExecutor.runWorker(ThreadPoolExecutor.java:1149)
	at java.util.concurrent.ThreadPoolExecutor$Worker.run(ThreadPoolExecutor.java:624)
	... 1 more
Caused by: org.apache.ratis.thirdparty.io.netty.channel.AbstractChannel$AnnotatedConnectException: Connection refused: /192.168.164.223:38768
	at sun.nio.ch.SocketChannelImpl.checkConnect(Native Method)
	at sun.nio.ch.SocketChannelImpl.finishConnect(SocketChannelImpl.java:717)
	at org.apache.ratis.thirdparty.io.netty.channel.socket.nio.NioSocketChannel.doFinishConnect(NioSocketChannel.java:327)
	at org.apache.ratis.thirdparty.io.netty.channel.nio.AbstractNioChannel$AbstractNioUnsafe.finishConnect(AbstractNioChannel.java:340)
	at org.apache.ratis.thirdparty.io.netty.channel.nio.NioEventLoop.processSelectedKey(NioEventLoop.java:632)
	at org.apache.ratis.thirdparty.io.netty.channel.nio.NioEventLoop.processSelectedKeysOptimized(NioEventLoop.java:579)
	at org.apache.ratis.thirdparty.io.netty.channel.nio.NioEventLoop.processSelectedKeys(NioEventLoop.java:496)
	at org.apache.ratis.thirdparty.io.netty.channel.nio.NioEventLoop.run(NioEventLoop.java:458)
	at org.apache.ratis.thirdparty.io.netty.util.concurrent.SingleThreadEventExecutor$5.run(SingleThreadEventExecutor.java:897)
	at org.apache.ratis.thirdparty.io.netty.util.concurrent.FastThreadLocalRunnable.run(FastThreadLocalRunnable.java:30)
	... 1 more
Caused by: java.net.ConnectException: Connection refused
	... 11 more
2019-11-15 21:52:02,422 [6fbcf556-c950-470a-b12c-d884793bba84@group-A70227FA7EAC-LeaderElection239] INFO  impl.LeaderElection (LogUtils.java:infoOrTrace(149)) -   Exception 1: {}
java.util.concurrent.ExecutionException: org.apache.ratis.thirdparty.io.grpc.StatusRuntimeException: UNAVAILABLE: io exception
	at java.util.concurrent.FutureTask.report(FutureTask.java:122)
	at java.util.concurrent.FutureTask.get(FutureTask.java:192)
	at org.apache.ratis.server.impl.LeaderElection.waitForResults(LeaderElection.java:259)
	at org.apache.ratis.server.impl.LeaderElection.askForVotes(LeaderElection.java:197)
	at org.apache.ratis.server.impl.LeaderElection.run(LeaderElection.java:133)
	at java.lang.Thread.run(Thread.java:748)
Caused by: org.apache.ratis.thirdparty.io.grpc.StatusRuntimeException: UNAVAILABLE: io exception
	at org.apache.ratis.thirdparty.io.grpc.stub.ClientCalls.toStatusRuntimeException(ClientCalls.java:233)
	at org.apache.ratis.thirdparty.io.grpc.stub.ClientCalls.getUnchecked(ClientCalls.java:214)
	at org.apache.ratis.thirdparty.io.grpc.stub.ClientCalls.blockingUnaryCall(ClientCalls.java:139)
	at org.apache.ratis.proto.grpc.RaftServerProtocolServiceGrpc$RaftServerProtocolServiceBlockingStub.requestVote(RaftServerProtocolServiceGrpc.java:265)
	at org.apache.ratis.grpc.server.GrpcServerProtocolClient.requestVote(GrpcServerProtocolClient.java:99)
	at org.apache.ratis.grpc.server.GrpcService.requestVote(GrpcService.java:204)
	at org.apache.ratis.server.impl.LeaderElection.lambda$submitRequests$1(LeaderElection.java:234)
	at java.util.concurrent.FutureTask.run(FutureTask.java:266)
	at java.util.concurrent.Executors$RunnableAdapter.call(Executors.java:511)
	at java.util.concurrent.FutureTask.run(FutureTask.java:266)
	at java.util.concurrent.ThreadPoolExecutor.runWorker(ThreadPoolExecutor.java:1149)
	at java.util.concurrent.ThreadPoolExecutor$Worker.run(ThreadPoolExecutor.java:624)
	... 1 more
Caused by: org.apache.ratis.thirdparty.io.netty.channel.AbstractChannel$AnnotatedConnectException: Connection refused: /192.168.164.223:36934
	at sun.nio.ch.SocketChannelImpl.checkConnect(Native Method)
	at sun.nio.ch.SocketChannelImpl.finishConnect(SocketChannelImpl.java:717)
	at org.apache.ratis.thirdparty.io.netty.channel.socket.nio.NioSocketChannel.doFinishConnect(NioSocketChannel.java:327)
	at org.apache.ratis.thirdparty.io.netty.channel.nio.AbstractNioChannel$AbstractNioUnsafe.finishConnect(AbstractNioChannel.java:340)
	at org.apache.ratis.thirdparty.io.netty.channel.nio.NioEventLoop.processSelectedKey(NioEventLoop.java:632)
	at org.apache.ratis.thirdparty.io.netty.channel.nio.NioEventLoop.processSelectedKeysOptimized(NioEventLoop.java:579)
	at org.apache.ratis.thirdparty.io.netty.channel.nio.NioEventLoop.processSelectedKeys(NioEventLoop.java:496)
	at org.apache.ratis.thirdparty.io.netty.channel.nio.NioEventLoop.run(NioEventLoop.java:458)
	at org.apache.ratis.thirdparty.io.netty.util.concurrent.SingleThreadEventExecutor$5.run(SingleThreadEventExecutor.java:897)
	at org.apache.ratis.thirdparty.io.netty.util.concurrent.FastThreadLocalRunnable.run(FastThreadLocalRunnable.java:30)
	... 1 more
Caused by: java.net.ConnectException: Connection refused
	... 11 more
2019-11-15 21:52:02,422 [6fbcf556-c950-470a-b12c-d884793bba84@group-A70227FA7EAC-LeaderElection239] INFO  impl.RaftServerImpl (RaftServerImpl.java:setRole(173)) - 6fbcf556-c950-470a-b12c-d884793bba84@group-A70227FA7EAC: changes role from CANDIDATE to FOLLOWER at term 4 for DISCOVERED_A_NEW_TERM
2019-11-15 21:52:02,422 [6fbcf556-c950-470a-b12c-d884793bba84@group-A70227FA7EAC-LeaderElection239] INFO  impl.RoleInfo (RoleInfo.java:shutdownLeaderElection(134)) - 6fbcf556-c950-470a-b12c-d884793bba84: shutdown LeaderElection
2019-11-15 21:52:02,422 [6fbcf556-c950-470a-b12c-d884793bba84@group-A70227FA7EAC-LeaderElection239] INFO  impl.RoleInfo (RoleInfo.java:updateAndGet(143)) - 6fbcf556-c950-470a-b12c-d884793bba84: start FollowerState
2019-11-15 21:52:03,350 [ForkJoinPool.commonPool-worker-1] INFO  ozoneimpl.OzoneContainer (OzoneContainer.java:stop(244)) - Attempting to stop container services.
2019-11-15 21:52:03,351 [ForkJoinPool.commonPool-worker-1] INFO  impl.RaftServerProxy (RaftServerProxy.java:lambda$close$4(314)) - 6fbcf556-c950-470a-b12c-d884793bba84: close
2019-11-15 21:52:03,351 [ForkJoinPool.commonPool-worker-1] INFO  impl.RaftServerImpl (RaftServerImpl.java:lambda$shutdown$3(250)) - 6fbcf556-c950-470a-b12c-d884793bba84@group-A70227FA7EAC: shutdown
2019-11-15 21:52:03,351 [ForkJoinPool.commonPool-worker-1] INFO  util.JmxRegister (JmxRegister.java:unregister(73)) - Successfully un-registered JMX Bean with object name Ratis:service=RaftServer,group=group-A70227FA7EAC,id=6fbcf556-c950-470a-b12c-d884793bba84
2019-11-15 21:52:03,351 [ForkJoinPool.commonPool-worker-1] INFO  impl.RoleInfo (RoleInfo.java:shutdownFollowerState(121)) - 6fbcf556-c950-470a-b12c-d884793bba84: shutdown FollowerState
2019-11-15 21:52:03,352 [ForkJoinPool.commonPool-worker-1] INFO  impl.StateMachineUpdater (StateMachineUpdater.java:stopAndJoin(136)) - 6fbcf556-c950-470a-b12c-d884793bba84@group-A70227FA7EAC-StateMachineUpdater: set stopIndex = 0
2019-11-15 21:52:03,352 [Thread-4454] INFO  impl.FollowerState (FollowerState.java:run(120)) - 6fbcf556-c950-470a-b12c-d884793bba84@group-A70227FA7EAC-FollowerState was interrupted: java.lang.InterruptedException: sleep interrupted
2019-11-15 21:52:03,352 [ForkJoinPool.commonPool-worker-1] INFO  impl.RaftServerImpl (ServerState.java:close(387)) - 6fbcf556-c950-470a-b12c-d884793bba84@group-A70227FA7EAC: closes. applyIndex: 0
2019-11-15 21:52:03,352 [6fbcf556-c950-470a-b12c-d884793bba84@group-A70227FA7EAC-SegmentedRaftLogWorker] INFO  segmented.SegmentedRaftLogWorker (SegmentedRaftLogWorker.java:run(316)) - 6fbcf556-c950-470a-b12c-d884793bba84@group-A70227FA7EAC-SegmentedRaftLogWorker was interrupted, exiting. There are 0 tasks remaining in the queue.
2019-11-15 21:52:03,353 [ForkJoinPool.commonPool-worker-1] INFO  segmented.SegmentedRaftLogWorker (SegmentedRaftLogWorker.java:close(224)) - 6fbcf556-c950-470a-b12c-d884793bba84@group-A70227FA7EAC-SegmentedRaftLogWorker close()
2019-11-15 21:52:03,353 [ForkJoinPool.commonPool-worker-1] INFO  impl.RaftServerImpl (RaftServerImpl.java:lambda$shutdown$3(250)) - 6fbcf556-c950-470a-b12c-d884793bba84@group-7F8591C4C54F: shutdown
2019-11-15 21:52:03,353 [ForkJoinPool.commonPool-worker-1] INFO  util.JmxRegister (JmxRegister.java:unregister(73)) - Successfully un-registered JMX Bean with object name Ratis:service=RaftServer,group=group-7F8591C4C54F,id=6fbcf556-c950-470a-b12c-d884793bba84
2019-11-15 21:52:03,353 [ForkJoinPool.commonPool-worker-1] INFO  impl.RoleInfo (RoleInfo.java:shutdownLeaderState(104)) - 6fbcf556-c950-470a-b12c-d884793bba84: shutdown LeaderState
2019-11-15 21:52:03,353 [ForkJoinPool.commonPool-worker-1] INFO  impl.PendingRequests (PendingRequests.java:sendNotLeaderResponses(206)) - 6fbcf556-c950-470a-b12c-d884793bba84@group-7F8591C4C54F-PendingRequests: sendNotLeaderResponses
2019-11-15 21:52:03,354 [ForkJoinPool.commonPool-worker-1] INFO  impl.StateMachineUpdater (StateMachineUpdater.java:stopAndJoin(136)) - 6fbcf556-c950-470a-b12c-d884793bba84@group-7F8591C4C54F-StateMachineUpdater: set stopIndex = 0
2019-11-15 21:52:03,354 [ForkJoinPool.commonPool-worker-1] INFO  impl.RaftServerImpl (ServerState.java:close(387)) - 6fbcf556-c950-470a-b12c-d884793bba84@group-7F8591C4C54F: closes. applyIndex: 0
2019-11-15 21:52:03,354 [6fbcf556-c950-470a-b12c-d884793bba84@group-7F8591C4C54F-SegmentedRaftLogWorker] INFO  segmented.SegmentedRaftLogWorker (SegmentedRaftLogWorker.java:run(316)) - 6fbcf556-c950-470a-b12c-d884793bba84@group-7F8591C4C54F-SegmentedRaftLogWorker was interrupted, exiting. There are 0 tasks remaining in the queue.
2019-11-15 21:52:03,354 [ForkJoinPool.commonPool-worker-1] INFO  segmented.SegmentedRaftLogWorker (SegmentedRaftLogWorker.java:close(224)) - 6fbcf556-c950-470a-b12c-d884793bba84@group-7F8591C4C54F-SegmentedRaftLogWorker close()
2019-11-15 21:52:03,355 [ForkJoinPool.commonPool-worker-1] INFO  server.GrpcService (GrpcService.java:closeImpl(164)) - 6fbcf556-c950-470a-b12c-d884793bba84: shutdown server with port 46779 now
2019-11-15 21:52:03,355 [ForkJoinPool.commonPool-worker-1] INFO  server.GrpcService (GrpcService.java:closeImpl(172)) - 6fbcf556-c950-470a-b12c-d884793bba84: shutdown server with port 46779 successfully
2019-11-15 21:52:03,360 [refreshUsed-/workdir/hadoop-ozone/integration-test/target/test-dir/MiniOzoneClusterImpl-e150a234-18da-4756-b2e5-8eb09f38746c/datanode-1/data/containers] WARN  fs.CachingGetSpaceUsed (CachingGetSpaceUsed.java:run(183)) - Thread Interrupted waiting to refresh disk information: sleep interrupted
2019-11-15 21:52:03,375 [ForkJoinPool.commonPool-worker-1] INFO  utils.BackgroundService (BackgroundService.java:shutdown(151)) - Shutting down service BlockDeletingService
2019-11-15 21:52:03,377 [ForkJoinPool.commonPool-worker-1] INFO  statemachine.DatanodeStateMachine (DatanodeStateMachine.java:stopDaemon(400)) - Ozone container server stopped.
2019-11-15 21:52:03,379 [ForkJoinPool.commonPool-worker-1] INFO  handler.ContextHandler (ContextHandler.java:doStop(910)) - Stopped o.e.j.w.WebAppContext@646d810b{/,null,UNAVAILABLE}{/hddsDatanode}
2019-11-15 21:52:03,379 [ForkJoinPool.commonPool-worker-1] INFO  server.AbstractConnector (AbstractConnector.java:doStop(318)) - Stopped ServerConnector@30508066{HTTP/1.1,[http/1.1]}{0.0.0.0:0}
2019-11-15 21:52:03,380 [ForkJoinPool.commonPool-worker-1] INFO  handler.ContextHandler (ContextHandler.java:doStop(910)) - Stopped o.e.j.s.ServletContextHandler@3a6e9856{/static,jar:file:/home/user/.m2/repository/org/apache/hadoop/hadoop-hdds-container-service/0.5.0-SNAPSHOT/hadoop-hdds-container-service-0.5.0-SNAPSHOT.jar!/webapps/static,UNAVAILABLE}
2019-11-15 21:52:03,381 [ForkJoinPool.commonPool-worker-1] INFO  handler.ContextHandler (ContextHandler.java:doStop(910)) - Stopped o.e.j.s.ServletContextHandler@54495935{/logs,file:///workdir/hadoop-ozone/integration-test/target/log,UNAVAILABLE}
2019-11-15 21:52:03,382 [main] INFO  ozone.MiniOzoneClusterImpl (MiniOzoneClusterImpl.java:stopSCM(430)) - Stopping the StorageContainerManager
2019-11-15 21:52:03,382 [main] INFO  server.StorageContainerManager (StorageContainerManager.java:stop(804)) - Stopping Replication Manager Service.
2019-11-15 21:52:03,382 [main] INFO  container.ReplicationManager (ReplicationManager.java:stop(203)) - Stopping Replication Monitor Thread.
2019-11-15 21:52:03,382 [main] INFO  server.StorageContainerManager (StorageContainerManager.java:stop(811)) - Stopping Lease Manager of the command watchers
2019-11-15 21:52:03,382 [main] INFO  server.StorageContainerManager (StorageContainerManager.java:stop(818)) - Stopping datanode service RPC server
2019-11-15 21:52:03,382 [main] INFO  server.SCMDatanodeProtocolServer (SCMDatanodeProtocolServer.java:stop(346)) - Stopping the RPC server for DataNodes
2019-11-15 21:52:03,383 [main] INFO  ipc.Server (Server.java:stop(3082)) - Stopping server on 44238
2019-11-15 21:52:03,384 [IPC Server listener on 44238] INFO  ipc.Server (Server.java:run(1185)) - Stopping IPC Server listener on 44238
2019-11-15 21:52:03,384 [IPC Server Responder] INFO  ipc.Server (Server.java:run(1319)) - Stopping IPC Server Responder
2019-11-15 21:52:03,475 [SCM Heartbeat Processing Thread - 0] WARN  node.NodeStateManager (NodeStateManager.java:scheduleNextHealthCheck(646)) - Current Thread is interrupted, shutting down HB processing thread for Node Manager.
2019-11-15 21:52:03,475 [main] INFO  server.StorageContainerManager (StorageContainerManager.java:stop(826)) - Stopping block service RPC server
2019-11-15 21:52:03,475 [main] INFO  server.SCMBlockProtocolServer (SCMBlockProtocolServer.java:stop(155)) - Stopping the RPC server for Block Protocol
2019-11-15 21:52:03,476 [main] INFO  ipc.Server (Server.java:stop(3082)) - Stopping server on 42779
2019-11-15 21:52:03,478 [IPC Server listener on 42779] INFO  ipc.Server (Server.java:run(1185)) - Stopping IPC Server listener on 42779
2019-11-15 21:52:03,478 [main] INFO  server.StorageContainerManager (StorageContainerManager.java:stop(833)) - Stopping the StorageContainerLocationProtocol RPC server
2019-11-15 21:52:03,478 [IPC Server Responder] INFO  ipc.Server (Server.java:run(1319)) - Stopping IPC Server Responder
2019-11-15 21:52:03,479 [main] INFO  server.SCMClientProtocolServer (SCMClientProtocolServer.java:stop(169)) - Stopping the RPC server for Client Protocol
2019-11-15 21:52:03,479 [main] INFO  ipc.Server (Server.java:stop(3082)) - Stopping server on 46837
2019-11-15 21:52:03,480 [IPC Server listener on 46837] INFO  ipc.Server (Server.java:run(1185)) - Stopping IPC Server listener on 46837
2019-11-15 21:52:03,482 [main] INFO  server.StorageContainerManager (StorageContainerManager.java:stop(840)) - Stopping Storage Container Manager HTTP server.
2019-11-15 21:52:03,482 [IPC Server Responder] INFO  ipc.Server (Server.java:run(1319)) - Stopping IPC Server Responder
2019-11-15 21:52:03,484 [main] INFO  handler.ContextHandler (ContextHandler.java:doStop(910)) - Stopped o.e.j.w.WebAppContext@5ea7bc4{/,null,UNAVAILABLE}{/scm}
2019-11-15 21:52:03,484 [main] INFO  server.AbstractConnector (AbstractConnector.java:doStop(318)) - Stopped ServerConnector@39d77de9{HTTP/1.1,[http/1.1]}{0.0.0.0:0}
2019-11-15 21:52:03,485 [main] INFO  handler.ContextHandler (ContextHandler.java:doStop(910)) - Stopped o.e.j.s.ServletContextHandler@7a66c35a{/static,file:///workdir/hadoop-ozone/integration-test/target/test-classes/webapps/static,UNAVAILABLE}
2019-11-15 21:52:03,485 [main] INFO  handler.ContextHandler (ContextHandler.java:doStop(910)) - Stopped o.e.j.s.ServletContextHandler@6812c8cc{/logs,file:///workdir/hadoop-ozone/integration-test/target/log,UNAVAILABLE}
2019-11-15 21:52:03,486 [main] INFO  server.StorageContainerManager (StorageContainerManager.java:stop(851)) - Stopping Block Manager Service.
2019-11-15 21:52:03,486 [main] INFO  utils.BackgroundService (BackgroundService.java:shutdown(151)) - Shutting down service SCMBlockDeletingService
2019-11-15 21:52:03,486 [main] INFO  utils.BackgroundService (BackgroundService.java:shutdown(151)) - Shutting down service SCMBlockDeletingService
2019-11-15 21:52:03,487 [main] INFO  server.StorageContainerManager (StorageContainerManager.java:stop(873)) - Stopping SCM Event Queue.
2019-11-15 21:52:03,490 [main] INFO  impl.MetricsSystemImpl (MetricsSystemImpl.java:stop(210)) - Stopping HddsDatanode metrics system...
2019-11-15 21:52:03,500 [main] INFO  impl.MetricsSystemImpl (MetricsSystemImpl.java:stop(216)) - HddsDatanode metrics system stopped.
]]></system-out>
    <system-err><![CDATA[Nov 15, 2019 9:51:28 PM org.apache.ratis.thirdparty.io.grpc.internal.ManagedChannelOrphanWrapper$ManagedChannelReference cleanQueue
SEVERE: *~*~*~ Channel ManagedChannelImpl{logId=2642, target=192.168.164.223:34844} was not shutdown properly!!! ~*~*~*
    Make sure to call shutdown()/shutdownNow() and wait until awaitTermination() returns true.
java.lang.RuntimeException: ManagedChannel allocation site
	at org.apache.ratis.thirdparty.io.grpc.internal.ManagedChannelOrphanWrapper$ManagedChannelReference.<init>(ManagedChannelOrphanWrapper.java:103)
	at org.apache.ratis.thirdparty.io.grpc.internal.ManagedChannelOrphanWrapper.<init>(ManagedChannelOrphanWrapper.java:53)
	at org.apache.ratis.thirdparty.io.grpc.internal.ManagedChannelOrphanWrapper.<init>(ManagedChannelOrphanWrapper.java:44)
	at org.apache.ratis.thirdparty.io.grpc.internal.AbstractManagedChannelImplBuilder.build(AbstractManagedChannelImplBuilder.java:411)
	at org.apache.ratis.grpc.client.GrpcClientProtocolClient.<init>(GrpcClientProtocolClient.java:128)
	at org.apache.ratis.grpc.client.GrpcClientRpc.lambda$new$0(GrpcClientRpc.java:55)
	at org.apache.ratis.util.PeerProxyMap$PeerAndProxy.lambda$getProxy$0(PeerProxyMap.java:62)
	at org.apache.ratis.util.LifeCycle.startAndTransition(LifeCycle.java:202)
	at org.apache.ratis.util.PeerProxyMap$PeerAndProxy.getProxy(PeerProxyMap.java:61)
	at org.apache.ratis.util.PeerProxyMap.getProxy(PeerProxyMap.java:109)
	at org.apache.ratis.grpc.client.GrpcClientRpc.sendRequestAsync(GrpcClientRpc.java:66)
	at org.apache.ratis.client.impl.OrderedAsync.sendRequest(OrderedAsync.java:233)
	at org.apache.ratis.client.impl.OrderedAsync.sendRequestWithRetry(OrderedAsync.java:188)
	at org.apache.ratis.util.SlidingWindow$Client.sendOrDelayRequest(SlidingWindow.java:278)
	at org.apache.ratis.util.SlidingWindow$Client.retry(SlidingWindow.java:294)
	at org.apache.ratis.client.impl.OrderedAsync.lambda$scheduleWithTimeout$7(OrderedAsync.java:220)
	at org.apache.ratis.util.TimeoutScheduler.lambda$onTimeout$0(TimeoutScheduler.java:141)
	at org.apache.ratis.util.TimeoutScheduler.lambda$onTimeout$1(TimeoutScheduler.java:155)
	at org.apache.ratis.util.LogUtils.runAndLog(LogUtils.java:50)
	at org.apache.ratis.util.LogUtils$1.run(LogUtils.java:91)
	at java.util.concurrent.Executors$RunnableAdapter.call(Executors.java:511)
	at java.util.concurrent.FutureTask.run(FutureTask.java:266)
	at java.util.concurrent.ScheduledThreadPoolExecutor$ScheduledFutureTask.access$201(ScheduledThreadPoolExecutor.java:180)
	at java.util.concurrent.ScheduledThreadPoolExecutor$ScheduledFutureTask.run(ScheduledThreadPoolExecutor.java:293)
	at java.util.concurrent.ThreadPoolExecutor.runWorker(ThreadPoolExecutor.java:1149)
	at java.util.concurrent.ThreadPoolExecutor$Worker.run(ThreadPoolExecutor.java:624)
	at java.lang.Thread.run(Thread.java:748)

Nov 15, 2019 9:51:28 PM org.apache.ratis.thirdparty.io.grpc.internal.ManagedChannelOrphanWrapper$ManagedChannelReference cleanQueue
SEVERE: *~*~*~ Channel ManagedChannelImpl{logId=2647, target=192.168.164.223:38278} was not shutdown properly!!! ~*~*~*
    Make sure to call shutdown()/shutdownNow() and wait until awaitTermination() returns true.
java.lang.RuntimeException: ManagedChannel allocation site
	at org.apache.ratis.thirdparty.io.grpc.internal.ManagedChannelOrphanWrapper$ManagedChannelReference.<init>(ManagedChannelOrphanWrapper.java:103)
	at org.apache.ratis.thirdparty.io.grpc.internal.ManagedChannelOrphanWrapper.<init>(ManagedChannelOrphanWrapper.java:53)
	at org.apache.ratis.thirdparty.io.grpc.internal.ManagedChannelOrphanWrapper.<init>(ManagedChannelOrphanWrapper.java:44)
	at org.apache.ratis.thirdparty.io.grpc.internal.AbstractManagedChannelImplBuilder.build(AbstractManagedChannelImplBuilder.java:411)
	at org.apache.hadoop.hdds.scm.XceiverClientGrpc.connectToDatanode(XceiverClientGrpc.java:189)
	at org.apache.hadoop.hdds.scm.XceiverClientGrpc.connect(XceiverClientGrpc.java:138)
	at org.apache.hadoop.hdds.scm.XceiverClientManager$2.call(XceiverClientManager.java:242)
	at org.apache.hadoop.hdds.scm.XceiverClientManager$2.call(XceiverClientManager.java:226)
	at com.google.common.cache.LocalCache$LocalManualCache$1.load(LocalCache.java:4767)
	at com.google.common.cache.LocalCache$LoadingValueReference.loadFuture(LocalCache.java:3568)
	at com.google.common.cache.LocalCache$Segment.loadSync(LocalCache.java:2350)
	at com.google.common.cache.LocalCache$Segment.lockedGetOrLoad(LocalCache.java:2313)
	at com.google.common.cache.LocalCache$Segment.get(LocalCache.java:2228)
	at com.google.common.cache.LocalCache.get(LocalCache.java:3965)
	at com.google.common.cache.LocalCache$LocalManualCache.get(LocalCache.java:4764)
	at org.apache.hadoop.hdds.scm.XceiverClientManager.getClient(XceiverClientManager.java:226)
	at org.apache.hadoop.hdds.scm.XceiverClientManager.acquireClient(XceiverClientManager.java:172)
	at org.apache.hadoop.hdds.scm.XceiverClientManager.acquireClientForReadData(XceiverClientManager.java:162)
	at org.apache.hadoop.hdds.scm.storage.BlockInputStream.getChunkInfos(BlockInputStream.java:154)
	at org.apache.hadoop.hdds.scm.storage.BlockInputStream.initialize(BlockInputStream.java:118)
	at org.apache.hadoop.hdds.scm.storage.BlockInputStream.read(BlockInputStream.java:224)
	at org.apache.hadoop.ozone.client.io.KeyInputStream.read(KeyInputStream.java:173)
	at org.apache.hadoop.ozone.client.io.OzoneInputStream.read(OzoneInputStream.java:47)
	at java.io.InputStream.read(InputStream.java:101)
	at org.apache.hadoop.ozone.container.ContainerTestHelper.validateData(ContainerTestHelper.java:754)
	at org.apache.hadoop.ozone.client.rpc.TestFailureHandlingByClient.validateData(TestFailureHandlingByClient.java:413)
	at org.apache.hadoop.ozone.client.rpc.TestFailureHandlingByClient.testBlockWritesWithDnFailures(TestFailureHandlingByClient.java:172)
	at sun.reflect.NativeMethodAccessorImpl.invoke0(Native Method)
	at sun.reflect.NativeMethodAccessorImpl.invoke(NativeMethodAccessorImpl.java:62)
	at sun.reflect.DelegatingMethodAccessorImpl.invoke(DelegatingMethodAccessorImpl.java:43)
	at java.lang.reflect.Method.invoke(Method.java:498)
	at org.junit.runners.model.FrameworkMethod$1.runReflectiveCall(FrameworkMethod.java:47)
	at org.junit.internal.runners.model.ReflectiveCallable.run(ReflectiveCallable.java:12)
	at org.junit.runners.model.FrameworkMethod.invokeExplosively(FrameworkMethod.java:44)
	at org.junit.internal.runners.statements.InvokeMethod.evaluate(InvokeMethod.java:17)
	at org.junit.internal.runners.statements.RunAfters.evaluate(RunAfters.java:27)
	at org.junit.runners.ParentRunner.runLeaf(ParentRunner.java:271)
	at org.junit.runners.BlockJUnit4ClassRunner.runChild(BlockJUnit4ClassRunner.java:70)
	at org.junit.runners.BlockJUnit4ClassRunner.runChild(BlockJUnit4ClassRunner.java:50)
	at org.junit.runners.ParentRunner$3.run(ParentRunner.java:238)
	at org.junit.runners.ParentRunner$1.schedule(ParentRunner.java:63)
	at org.junit.runners.ParentRunner.runChildren(ParentRunner.java:236)
	at org.junit.runners.ParentRunner.access$000(ParentRunner.java:53)
	at org.junit.runners.ParentRunner$2.evaluate(ParentRunner.java:229)
	at org.junit.runners.ParentRunner.run(ParentRunner.java:309)
	at org.apache.maven.surefire.junit4.JUnit4Provider.execute(JUnit4Provider.java:365)
	at org.apache.maven.surefire.junit4.JUnit4Provider.executeWithRerun(JUnit4Provider.java:273)
	at org.apache.maven.surefire.junit4.JUnit4Provider.executeTestSet(JUnit4Provider.java:238)
	at org.apache.maven.surefire.junit4.JUnit4Provider.invoke(JUnit4Provider.java:159)
	at org.apache.maven.surefire.booter.ForkedBooter.invokeProviderInSameClassLoader(ForkedBooter.java:384)
	at org.apache.maven.surefire.booter.ForkedBooter.runSuitesInProcess(ForkedBooter.java:345)
	at org.apache.maven.surefire.booter.ForkedBooter.execute(ForkedBooter.java:126)
	at org.apache.maven.surefire.booter.ForkedBooter.main(ForkedBooter.java:418)

Nov 15, 2019 9:51:28 PM org.apache.ratis.thirdparty.io.grpc.internal.ManagedChannelOrphanWrapper$ManagedChannelReference cleanQueue
SEVERE: *~*~*~ Channel ManagedChannelImpl{logId=2656, target=192.168.164.223:46524} was not shutdown properly!!! ~*~*~*
    Make sure to call shutdown()/shutdownNow() and wait until awaitTermination() returns true.
java.lang.RuntimeException: ManagedChannel allocation site
	at org.apache.ratis.thirdparty.io.grpc.internal.ManagedChannelOrphanWrapper$ManagedChannelReference.<init>(ManagedChannelOrphanWrapper.java:103)
	at org.apache.ratis.thirdparty.io.grpc.internal.ManagedChannelOrphanWrapper.<init>(ManagedChannelOrphanWrapper.java:53)
	at org.apache.ratis.thirdparty.io.grpc.internal.ManagedChannelOrphanWrapper.<init>(ManagedChannelOrphanWrapper.java:44)
	at org.apache.ratis.thirdparty.io.grpc.internal.AbstractManagedChannelImplBuilder.build(AbstractManagedChannelImplBuilder.java:411)
	at org.apache.hadoop.hdds.scm.XceiverClientGrpc.connectToDatanode(XceiverClientGrpc.java:189)
	at org.apache.hadoop.hdds.scm.XceiverClientGrpc.connect(XceiverClientGrpc.java:138)
	at org.apache.hadoop.hdds.scm.XceiverClientManager$2.call(XceiverClientManager.java:242)
	at org.apache.hadoop.hdds.scm.XceiverClientManager$2.call(XceiverClientManager.java:226)
	at com.google.common.cache.LocalCache$LocalManualCache$1.load(LocalCache.java:4767)
	at com.google.common.cache.LocalCache$LoadingValueReference.loadFuture(LocalCache.java:3568)
	at com.google.common.cache.LocalCache$Segment.loadSync(LocalCache.java:2350)
	at com.google.common.cache.LocalCache$Segment.lockedGetOrLoad(LocalCache.java:2313)
	at com.google.common.cache.LocalCache$Segment.get(LocalCache.java:2228)
	at com.google.common.cache.LocalCache.get(LocalCache.java:3965)
	at com.google.common.cache.LocalCache$LocalManualCache.get(LocalCache.java:4764)
	at org.apache.hadoop.hdds.scm.XceiverClientManager.getClient(XceiverClientManager.java:226)
	at org.apache.hadoop.hdds.scm.XceiverClientManager.acquireClient(XceiverClientManager.java:172)
	at org.apache.hadoop.hdds.scm.XceiverClientManager.acquireClientForReadData(XceiverClientManager.java:162)
	at org.apache.hadoop.hdds.scm.storage.BlockInputStream.getChunkInfos(BlockInputStream.java:154)
	at org.apache.hadoop.hdds.scm.storage.BlockInputStream.initialize(BlockInputStream.java:118)
	at org.apache.hadoop.hdds.scm.storage.BlockInputStream.read(BlockInputStream.java:224)
	at org.apache.hadoop.ozone.client.io.KeyInputStream.read(KeyInputStream.java:173)
	at org.apache.hadoop.ozone.client.io.OzoneInputStream.read(OzoneInputStream.java:47)
	at java.io.InputStream.read(InputStream.java:101)
	at org.apache.hadoop.ozone.container.ContainerTestHelper.validateData(ContainerTestHelper.java:754)
	at org.apache.hadoop.ozone.client.rpc.TestFailureHandlingByClient.validateData(TestFailureHandlingByClient.java:413)
	at org.apache.hadoop.ozone.client.rpc.TestFailureHandlingByClient.testBlockWritesWithDnFailures(TestFailureHandlingByClient.java:172)
	at sun.reflect.NativeMethodAccessorImpl.invoke0(Native Method)
	at sun.reflect.NativeMethodAccessorImpl.invoke(NativeMethodAccessorImpl.java:62)
	at sun.reflect.DelegatingMethodAccessorImpl.invoke(DelegatingMethodAccessorImpl.java:43)
	at java.lang.reflect.Method.invoke(Method.java:498)
	at org.junit.runners.model.FrameworkMethod$1.runReflectiveCall(FrameworkMethod.java:47)
	at org.junit.internal.runners.model.ReflectiveCallable.run(ReflectiveCallable.java:12)
	at org.junit.runners.model.FrameworkMethod.invokeExplosively(FrameworkMethod.java:44)
	at org.junit.internal.runners.statements.InvokeMethod.evaluate(InvokeMethod.java:17)
	at org.junit.internal.runners.statements.RunAfters.evaluate(RunAfters.java:27)
	at org.junit.runners.ParentRunner.runLeaf(ParentRunner.java:271)
	at org.junit.runners.BlockJUnit4ClassRunner.runChild(BlockJUnit4ClassRunner.java:70)
	at org.junit.runners.BlockJUnit4ClassRunner.runChild(BlockJUnit4ClassRunner.java:50)
	at org.junit.runners.ParentRunner$3.run(ParentRunner.java:238)
	at org.junit.runners.ParentRunner$1.schedule(ParentRunner.java:63)
	at org.junit.runners.ParentRunner.runChildren(ParentRunner.java:236)
	at org.junit.runners.ParentRunner.access$000(ParentRunner.java:53)
	at org.junit.runners.ParentRunner$2.evaluate(ParentRunner.java:229)
	at org.junit.runners.ParentRunner.run(ParentRunner.java:309)
	at org.apache.maven.surefire.junit4.JUnit4Provider.execute(JUnit4Provider.java:365)
	at org.apache.maven.surefire.junit4.JUnit4Provider.executeWithRerun(JUnit4Provider.java:273)
	at org.apache.maven.surefire.junit4.JUnit4Provider.executeTestSet(JUnit4Provider.java:238)
	at org.apache.maven.surefire.junit4.JUnit4Provider.invoke(JUnit4Provider.java:159)
	at org.apache.maven.surefire.booter.ForkedBooter.invokeProviderInSameClassLoader(ForkedBooter.java:384)
	at org.apache.maven.surefire.booter.ForkedBooter.runSuitesInProcess(ForkedBooter.java:345)
	at org.apache.maven.surefire.booter.ForkedBooter.execute(ForkedBooter.java:126)
	at org.apache.maven.surefire.booter.ForkedBooter.main(ForkedBooter.java:418)

Nov 15, 2019 9:51:28 PM org.apache.ratis.thirdparty.io.grpc.internal.ManagedChannelOrphanWrapper$ManagedChannelReference cleanQueue
SEVERE: *~*~*~ Channel ManagedChannelImpl{logId=2651, target=192.168.164.223:43243} was not shutdown properly!!! ~*~*~*
    Make sure to call shutdown()/shutdownNow() and wait until awaitTermination() returns true.
java.lang.RuntimeException: ManagedChannel allocation site
	at org.apache.ratis.thirdparty.io.grpc.internal.ManagedChannelOrphanWrapper$ManagedChannelReference.<init>(ManagedChannelOrphanWrapper.java:103)
	at org.apache.ratis.thirdparty.io.grpc.internal.ManagedChannelOrphanWrapper.<init>(ManagedChannelOrphanWrapper.java:53)
	at org.apache.ratis.thirdparty.io.grpc.internal.ManagedChannelOrphanWrapper.<init>(ManagedChannelOrphanWrapper.java:44)
	at org.apache.ratis.thirdparty.io.grpc.internal.AbstractManagedChannelImplBuilder.build(AbstractManagedChannelImplBuilder.java:411)
	at org.apache.hadoop.hdds.scm.XceiverClientGrpc.connectToDatanode(XceiverClientGrpc.java:189)
	at org.apache.hadoop.hdds.scm.XceiverClientGrpc.reconnect(XceiverClientGrpc.java:466)
	at org.apache.hadoop.hdds.scm.XceiverClientGrpc.checkOpen(XceiverClientGrpc.java:457)
	at org.apache.hadoop.hdds.scm.XceiverClientGrpc.sendCommandAsync(XceiverClientGrpc.java:399)
	at org.apache.hadoop.hdds.scm.XceiverClientGrpc.sendCommandWithRetry(XceiverClientGrpc.java:318)
	at org.apache.hadoop.hdds.scm.XceiverClientGrpc.sendCommandWithTraceIDAndRetry(XceiverClientGrpc.java:263)
	at org.apache.hadoop.hdds.scm.XceiverClientGrpc.sendCommand(XceiverClientGrpc.java:247)
	at org.apache.hadoop.hdds.scm.storage.ContainerProtocolCalls.getBlock(ContainerProtocolCalls.java:118)
	at org.apache.hadoop.hdds.scm.storage.BlockInputStream.getChunkInfos(BlockInputStream.java:169)
	at org.apache.hadoop.hdds.scm.storage.BlockInputStream.initialize(BlockInputStream.java:118)
	at org.apache.hadoop.hdds.scm.storage.BlockInputStream.read(BlockInputStream.java:224)
	at org.apache.hadoop.ozone.client.io.KeyInputStream.read(KeyInputStream.java:173)
	at org.apache.hadoop.ozone.client.io.OzoneInputStream.read(OzoneInputStream.java:47)
	at java.io.InputStream.read(InputStream.java:101)
	at org.apache.hadoop.ozone.container.ContainerTestHelper.validateData(ContainerTestHelper.java:754)
	at org.apache.hadoop.ozone.client.rpc.TestFailureHandlingByClient.validateData(TestFailureHandlingByClient.java:413)
	at org.apache.hadoop.ozone.client.rpc.TestFailureHandlingByClient.testBlockWritesWithDnFailures(TestFailureHandlingByClient.java:172)
	at sun.reflect.NativeMethodAccessorImpl.invoke0(Native Method)
	at sun.reflect.NativeMethodAccessorImpl.invoke(NativeMethodAccessorImpl.java:62)
	at sun.reflect.DelegatingMethodAccessorImpl.invoke(DelegatingMethodAccessorImpl.java:43)
	at java.lang.reflect.Method.invoke(Method.java:498)
	at org.junit.runners.model.FrameworkMethod$1.runReflectiveCall(FrameworkMethod.java:47)
	at org.junit.internal.runners.model.ReflectiveCallable.run(ReflectiveCallable.java:12)
	at org.junit.runners.model.FrameworkMethod.invokeExplosively(FrameworkMethod.java:44)
	at org.junit.internal.runners.statements.InvokeMethod.evaluate(InvokeMethod.java:17)
	at org.junit.internal.runners.statements.RunAfters.evaluate(RunAfters.java:27)
	at org.junit.runners.ParentRunner.runLeaf(ParentRunner.java:271)
	at org.junit.runners.BlockJUnit4ClassRunner.runChild(BlockJUnit4ClassRunner.java:70)
	at org.junit.runners.BlockJUnit4ClassRunner.runChild(BlockJUnit4ClassRunner.java:50)
	at org.junit.runners.ParentRunner$3.run(ParentRunner.java:238)
	at org.junit.runners.ParentRunner$1.schedule(ParentRunner.java:63)
	at org.junit.runners.ParentRunner.runChildren(ParentRunner.java:236)
	at org.junit.runners.ParentRunner.access$000(ParentRunner.java:53)
	at org.junit.runners.ParentRunner$2.evaluate(ParentRunner.java:229)
	at org.junit.runners.ParentRunner.run(ParentRunner.java:309)
	at org.apache.maven.surefire.junit4.JUnit4Provider.execute(JUnit4Provider.java:365)
	at org.apache.maven.surefire.junit4.JUnit4Provider.executeWithRerun(JUnit4Provider.java:273)
	at org.apache.maven.surefire.junit4.JUnit4Provider.executeTestSet(JUnit4Provider.java:238)
	at org.apache.maven.surefire.junit4.JUnit4Provider.invoke(JUnit4Provider.java:159)
	at org.apache.maven.surefire.booter.ForkedBooter.invokeProviderInSameClassLoader(ForkedBooter.java:384)
	at org.apache.maven.surefire.booter.ForkedBooter.runSuitesInProcess(ForkedBooter.java:345)
	at org.apache.maven.surefire.booter.ForkedBooter.execute(ForkedBooter.java:126)
	at org.apache.maven.surefire.booter.ForkedBooter.main(ForkedBooter.java:418)

Nov 15, 2019 9:51:28 PM org.apache.ratis.thirdparty.io.grpc.internal.ManagedChannelOrphanWrapper$ManagedChannelReference cleanQueue
SEVERE: *~*~*~ Channel ManagedChannelImpl{logId=2632, target=192.168.164.223:35899} was not shutdown properly!!! ~*~*~*
    Make sure to call shutdown()/shutdownNow() and wait until awaitTermination() returns true.
java.lang.RuntimeException: ManagedChannel allocation site
	at org.apache.ratis.thirdparty.io.grpc.internal.ManagedChannelOrphanWrapper$ManagedChannelReference.<init>(ManagedChannelOrphanWrapper.java:103)
	at org.apache.ratis.thirdparty.io.grpc.internal.ManagedChannelOrphanWrapper.<init>(ManagedChannelOrphanWrapper.java:53)
	at org.apache.ratis.thirdparty.io.grpc.internal.ManagedChannelOrphanWrapper.<init>(ManagedChannelOrphanWrapper.java:44)
	at org.apache.ratis.thirdparty.io.grpc.internal.AbstractManagedChannelImplBuilder.build(AbstractManagedChannelImplBuilder.java:411)
	at org.apache.ratis.grpc.client.GrpcClientProtocolClient.<init>(GrpcClientProtocolClient.java:128)
	at org.apache.ratis.grpc.client.GrpcClientRpc.lambda$new$0(GrpcClientRpc.java:55)
	at org.apache.ratis.util.PeerProxyMap$PeerAndProxy.lambda$getProxy$0(PeerProxyMap.java:62)
	at org.apache.ratis.util.LifeCycle.startAndTransition(LifeCycle.java:202)
	at org.apache.ratis.util.PeerProxyMap$PeerAndProxy.getProxy(PeerProxyMap.java:61)
	at org.apache.ratis.util.PeerProxyMap.getProxy(PeerProxyMap.java:109)
	at org.apache.ratis.grpc.client.GrpcClientRpc.sendRequestAsync(GrpcClientRpc.java:66)
	at org.apache.ratis.client.impl.OrderedAsync.sendRequest(OrderedAsync.java:233)
	at org.apache.ratis.client.impl.OrderedAsync.sendRequestWithRetry(OrderedAsync.java:188)
	at org.apache.ratis.util.SlidingWindow$Client.sendOrDelayRequest(SlidingWindow.java:278)
	at org.apache.ratis.util.SlidingWindow$Client.retry(SlidingWindow.java:294)
	at org.apache.ratis.client.impl.OrderedAsync.lambda$scheduleWithTimeout$7(OrderedAsync.java:220)
	at org.apache.ratis.util.TimeoutScheduler.lambda$onTimeout$0(TimeoutScheduler.java:141)
	at org.apache.ratis.util.TimeoutScheduler.lambda$onTimeout$1(TimeoutScheduler.java:155)
	at org.apache.ratis.util.LogUtils.runAndLog(LogUtils.java:50)
	at org.apache.ratis.util.LogUtils$1.run(LogUtils.java:91)
	at java.util.concurrent.Executors$RunnableAdapter.call(Executors.java:511)
	at java.util.concurrent.FutureTask.run(FutureTask.java:266)
	at java.util.concurrent.ScheduledThreadPoolExecutor$ScheduledFutureTask.access$201(ScheduledThreadPoolExecutor.java:180)
	at java.util.concurrent.ScheduledThreadPoolExecutor$ScheduledFutureTask.run(ScheduledThreadPoolExecutor.java:293)
	at java.util.concurrent.ThreadPoolExecutor.runWorker(ThreadPoolExecutor.java:1149)
	at java.util.concurrent.ThreadPoolExecutor$Worker.run(ThreadPoolExecutor.java:624)
	at java.lang.Thread.run(Thread.java:748)

Nov 15, 2019 9:51:28 PM org.apache.ratis.thirdparty.io.grpc.internal.ManagedChannelOrphanWrapper$ManagedChannelReference cleanQueue
SEVERE: *~*~*~ Channel ManagedChannelImpl{logId=2658, target=192.168.164.223:41334} was not shutdown properly!!! ~*~*~*
    Make sure to call shutdown()/shutdownNow() and wait until awaitTermination() returns true.
java.lang.RuntimeException: ManagedChannel allocation site
	at org.apache.ratis.thirdparty.io.grpc.internal.ManagedChannelOrphanWrapper$ManagedChannelReference.<init>(ManagedChannelOrphanWrapper.java:103)
	at org.apache.ratis.thirdparty.io.grpc.internal.ManagedChannelOrphanWrapper.<init>(ManagedChannelOrphanWrapper.java:53)
	at org.apache.ratis.thirdparty.io.grpc.internal.ManagedChannelOrphanWrapper.<init>(ManagedChannelOrphanWrapper.java:44)
	at org.apache.ratis.thirdparty.io.grpc.internal.AbstractManagedChannelImplBuilder.build(AbstractManagedChannelImplBuilder.java:411)
	at org.apache.hadoop.hdds.scm.XceiverClientGrpc.connectToDatanode(XceiverClientGrpc.java:189)
	at org.apache.hadoop.hdds.scm.XceiverClientGrpc.reconnect(XceiverClientGrpc.java:466)
	at org.apache.hadoop.hdds.scm.XceiverClientGrpc.checkOpen(XceiverClientGrpc.java:457)
	at org.apache.hadoop.hdds.scm.XceiverClientGrpc.sendCommandAsync(XceiverClientGrpc.java:399)
	at org.apache.hadoop.hdds.scm.XceiverClientGrpc.sendCommandWithRetry(XceiverClientGrpc.java:318)
	at org.apache.hadoop.hdds.scm.XceiverClientGrpc.sendCommandWithTraceIDAndRetry(XceiverClientGrpc.java:263)
	at org.apache.hadoop.hdds.scm.XceiverClientGrpc.sendCommand(XceiverClientGrpc.java:247)
	at org.apache.hadoop.hdds.scm.storage.ContainerProtocolCalls.getBlock(ContainerProtocolCalls.java:118)
	at org.apache.hadoop.hdds.scm.storage.BlockInputStream.getChunkInfos(BlockInputStream.java:169)
	at org.apache.hadoop.hdds.scm.storage.BlockInputStream.initialize(BlockInputStream.java:118)
	at org.apache.hadoop.hdds.scm.storage.BlockInputStream.read(BlockInputStream.java:224)
	at org.apache.hadoop.ozone.client.io.KeyInputStream.read(KeyInputStream.java:173)
	at org.apache.hadoop.ozone.client.io.OzoneInputStream.read(OzoneInputStream.java:47)
	at java.io.InputStream.read(InputStream.java:101)
	at org.apache.hadoop.ozone.container.ContainerTestHelper.validateData(ContainerTestHelper.java:754)
	at org.apache.hadoop.ozone.client.rpc.TestFailureHandlingByClient.validateData(TestFailureHandlingByClient.java:413)
	at org.apache.hadoop.ozone.client.rpc.TestFailureHandlingByClient.testBlockWritesWithDnFailures(TestFailureHandlingByClient.java:172)
	at sun.reflect.NativeMethodAccessorImpl.invoke0(Native Method)
	at sun.reflect.NativeMethodAccessorImpl.invoke(NativeMethodAccessorImpl.java:62)
	at sun.reflect.DelegatingMethodAccessorImpl.invoke(DelegatingMethodAccessorImpl.java:43)
	at java.lang.reflect.Method.invoke(Method.java:498)
	at org.junit.runners.model.FrameworkMethod$1.runReflectiveCall(FrameworkMethod.java:47)
	at org.junit.internal.runners.model.ReflectiveCallable.run(ReflectiveCallable.java:12)
	at org.junit.runners.model.FrameworkMethod.invokeExplosively(FrameworkMethod.java:44)
	at org.junit.internal.runners.statements.InvokeMethod.evaluate(InvokeMethod.java:17)
	at org.junit.internal.runners.statements.RunAfters.evaluate(RunAfters.java:27)
	at org.junit.runners.ParentRunner.runLeaf(ParentRunner.java:271)
	at org.junit.runners.BlockJUnit4ClassRunner.runChild(BlockJUnit4ClassRunner.java:70)
	at org.junit.runners.BlockJUnit4ClassRunner.runChild(BlockJUnit4ClassRunner.java:50)
	at org.junit.runners.ParentRunner$3.run(ParentRunner.java:238)
	at org.junit.runners.ParentRunner$1.schedule(ParentRunner.java:63)
	at org.junit.runners.ParentRunner.runChildren(ParentRunner.java:236)
	at org.junit.runners.ParentRunner.access$000(ParentRunner.java:53)
	at org.junit.runners.ParentRunner$2.evaluate(ParentRunner.java:229)
	at org.junit.runners.ParentRunner.run(ParentRunner.java:309)
	at org.apache.maven.surefire.junit4.JUnit4Provider.execute(JUnit4Provider.java:365)
	at org.apache.maven.surefire.junit4.JUnit4Provider.executeWithRerun(JUnit4Provider.java:273)
	at org.apache.maven.surefire.junit4.JUnit4Provider.executeTestSet(JUnit4Provider.java:238)
	at org.apache.maven.surefire.junit4.JUnit4Provider.invoke(JUnit4Provider.java:159)
	at org.apache.maven.surefire.booter.ForkedBooter.invokeProviderInSameClassLoader(ForkedBooter.java:384)
	at org.apache.maven.surefire.booter.ForkedBooter.runSuitesInProcess(ForkedBooter.java:345)
	at org.apache.maven.surefire.booter.ForkedBooter.execute(ForkedBooter.java:126)
	at org.apache.maven.surefire.booter.ForkedBooter.main(ForkedBooter.java:418)

Nov 15, 2019 9:51:36 PM org.apache.ratis.thirdparty.io.grpc.internal.SerializingExecutor run
SEVERE: Exception while executing runnable org.apache.ratis.thirdparty.io.grpc.internal.ServerImpl$JumpToApplicationThreadServerStreamListener$1Closed@2daf534e
org.apache.ratis.thirdparty.io.grpc.StatusRuntimeException: CANCELLED: call already cancelled
	at org.apache.ratis.thirdparty.io.grpc.Status.asRuntimeException(Status.java:517)
	at org.apache.ratis.thirdparty.io.grpc.stub.ServerCalls$ServerCallStreamObserverImpl.onCompleted(ServerCalls.java:356)
	at org.apache.ratis.grpc.server.GrpcServerProtocolService$ServerRequestStreamObserver.onError(GrpcServerProtocolService.java:121)
	at org.apache.ratis.thirdparty.io.grpc.stub.ServerCalls$StreamingServerCallHandler$StreamingServerCallListener.onCancel(ServerCalls.java:269)
	at org.apache.ratis.thirdparty.io.grpc.internal.ServerCallImpl$ServerStreamListenerImpl.closed(ServerCallImpl.java:293)
	at org.apache.ratis.thirdparty.io.grpc.internal.ServerImpl$JumpToApplicationThreadServerStreamListener$1Closed.runInContext(ServerImpl.java:741)
	at org.apache.ratis.thirdparty.io.grpc.internal.ContextRunnable.run(ContextRunnable.java:37)
	at org.apache.ratis.thirdparty.io.grpc.internal.SerializingExecutor.run(SerializingExecutor.java:123)
	at java.util.concurrent.ThreadPoolExecutor.runWorker(ThreadPoolExecutor.java:1149)
	at java.util.concurrent.ThreadPoolExecutor$Worker.run(ThreadPoolExecutor.java:624)
	at java.lang.Thread.run(Thread.java:748)

Nov 15, 2019 9:51:43 PM org.apache.ratis.thirdparty.io.grpc.internal.SerializingExecutor run
SEVERE: Exception while executing runnable org.apache.ratis.thirdparty.io.grpc.internal.ServerImpl$JumpToApplicationThreadServerStreamListener$1Closed@7f7ab133
org.apache.ratis.thirdparty.io.grpc.StatusRuntimeException: CANCELLED: call already cancelled
	at org.apache.ratis.thirdparty.io.grpc.Status.asRuntimeException(Status.java:517)
	at org.apache.ratis.thirdparty.io.grpc.stub.ServerCalls$ServerCallStreamObserverImpl.onCompleted(ServerCalls.java:356)
	at org.apache.ratis.grpc.server.GrpcServerProtocolService$ServerRequestStreamObserver.onError(GrpcServerProtocolService.java:121)
	at org.apache.ratis.thirdparty.io.grpc.stub.ServerCalls$StreamingServerCallHandler$StreamingServerCallListener.onCancel(ServerCalls.java:269)
	at org.apache.ratis.thirdparty.io.grpc.internal.ServerCallImpl$ServerStreamListenerImpl.closed(ServerCallImpl.java:293)
	at org.apache.ratis.thirdparty.io.grpc.internal.ServerImpl$JumpToApplicationThreadServerStreamListener$1Closed.runInContext(ServerImpl.java:741)
	at org.apache.ratis.thirdparty.io.grpc.internal.ContextRunnable.run(ContextRunnable.java:37)
	at org.apache.ratis.thirdparty.io.grpc.internal.SerializingExecutor.run(SerializingExecutor.java:123)
	at java.util.concurrent.ThreadPoolExecutor.runWorker(ThreadPoolExecutor.java:1149)
	at java.util.concurrent.ThreadPoolExecutor$Worker.run(ThreadPoolExecutor.java:624)
	at java.lang.Thread.run(Thread.java:748)

Nov 15, 2019 9:51:48 PM org.apache.ratis.thirdparty.io.grpc.internal.SerializingExecutor run
SEVERE: Exception while executing runnable org.apache.ratis.thirdparty.io.grpc.internal.ServerImpl$JumpToApplicationThreadServerStreamListener$1Closed@536ab495
org.apache.ratis.thirdparty.io.grpc.StatusRuntimeException: CANCELLED: call already cancelled
	at org.apache.ratis.thirdparty.io.grpc.Status.asRuntimeException(Status.java:517)
	at org.apache.ratis.thirdparty.io.grpc.stub.ServerCalls$ServerCallStreamObserverImpl.onCompleted(ServerCalls.java:356)
	at org.apache.ratis.grpc.server.GrpcServerProtocolService$ServerRequestStreamObserver.onError(GrpcServerProtocolService.java:121)
	at org.apache.ratis.thirdparty.io.grpc.stub.ServerCalls$StreamingServerCallHandler$StreamingServerCallListener.onCancel(ServerCalls.java:269)
	at org.apache.ratis.thirdparty.io.grpc.internal.ServerCallImpl$ServerStreamListenerImpl.closed(ServerCallImpl.java:293)
	at org.apache.ratis.thirdparty.io.grpc.internal.ServerImpl$JumpToApplicationThreadServerStreamListener$1Closed.runInContext(ServerImpl.java:741)
	at org.apache.ratis.thirdparty.io.grpc.internal.ContextRunnable.run(ContextRunnable.java:37)
	at org.apache.ratis.thirdparty.io.grpc.internal.SerializingExecutor.run(SerializingExecutor.java:123)
	at java.util.concurrent.ThreadPoolExecutor.runWorker(ThreadPoolExecutor.java:1149)
	at java.util.concurrent.ThreadPoolExecutor$Worker.run(ThreadPoolExecutor.java:624)
	at java.lang.Thread.run(Thread.java:748)

]]></system-err>
  </testcase>
</testsuite>