<?xml version="1.0" encoding="UTF-8"?>
<testsuite xmlns:xsi="http://www.w3.org/2001/XMLSchema-instance" xsi:noNamespaceSchemaLocation="https://maven.apache.org/surefire/maven-surefire-plugin/xsd/surefire-test-report.xsd" name="org.apache.hadoop.ozone.client.rpc.TestMultiBlockWritesWithDnFailures" time="98.113" tests="2" errors="0" skipped="0" failures="1">
  <properties>
    <property name="awt.toolkit" value="sun.awt.X11.XToolkit"/>
    <property name="file.encoding.pkg" value="sun.io"/>
    <property name="java.specification.version" value="1.8"/>
    <property name="sun.cpu.isalist" value=""/>
    <property name="sun.jnu.encoding" value="ANSI_X3.4-1968"/>
    <property name="java.class.path" value="/workdir/hadoop-ozone/integration-test/target/test-classes:/workdir/hadoop-ozone/integration-test/target/classes:/home/user/.m2/repository/org/apache/hadoop/hadoop-ozone-common/0.5.0-SNAPSHOT/hadoop-ozone-common-0.5.0-SNAPSHOT.jar:/home/user/.m2/repository/org/apache/commons/commons-compress/1.4.1/commons-compress-1.4.1.jar:/home/user/.m2/repository/org/tukaani/xz/1.0/xz-1.0.jar:/home/user/.m2/repository/org/apache/hadoop/hadoop-common/3.2.0/hadoop-common-3.2.0.jar:/home/user/.m2/repository/org/apache/hadoop/hadoop-hdfs/3.2.0/hadoop-hdfs-3.2.0.jar:/home/user/.m2/repository/org/apache/hadoop/hadoop-hdfs-client/3.2.0/hadoop-hdfs-client-3.2.0.jar:/home/user/.m2/repository/com/fasterxml/jackson/core/jackson-annotations/2.9.9/jackson-annotations-2.9.9.jar:/home/user/.m2/repository/org/apache/hadoop/hadoop-hdds-common/0.5.0-SNAPSHOT/hadoop-hdds-common-0.5.0-SNAPSHOT.jar:/home/user/.m2/repository/javax/annotation/javax.annotation-api/1.2/javax.annotation-api-1.2.jar:/home/user/.m2/repository/org/apache/ratis/ratis-server/0.5.0-3f446aa-SNAPSHOT/ratis-server-0.5.0-3f446aa-SNAPSHOT.jar:/home/user/.m2/repository/org/apache/ratis/ratis-thirdparty-misc/0.2.0/ratis-thirdparty-misc-0.2.0.jar:/home/user/.m2/repository/org/apache/ratis/ratis-proto/0.5.0-3f446aa-SNAPSHOT/ratis-proto-0.5.0-3f446aa-SNAPSHOT.jar:/home/user/.m2/repository/org/apache/ratis/ratis-common/0.5.0-3f446aa-SNAPSHOT/ratis-common-0.5.0-3f446aa-SNAPSHOT.jar:/home/user/.m2/repository/org/apache/ratis/ratis-client/0.5.0-3f446aa-SNAPSHOT/ratis-client-0.5.0-3f446aa-SNAPSHOT.jar:/home/user/.m2/repository/org/apache/ratis/ratis-metrics/0.5.0-3f446aa-SNAPSHOT/ratis-metrics-0.5.0-3f446aa-SNAPSHOT.jar:/home/user/.m2/repository/com/github/joshelser/dropwizard-metrics-hadoop-metrics2-reporter/0.1.2/dropwizard-metrics-hadoop-metrics2-reporter-0.1.2.jar:/home/user/.m2/repository/io/dropwizard/metrics/metrics-jvm/3.2.5/metrics-jvm-3.2.5.jar:/home/user/.m2/repository/io/dropwizard/metrics/metrics-ganglia/3.2.5/metrics-ganglia-3.2.5.jar:/home/user/.m2/repository/info/ganglia/gmetric4j/gmetric4j/1.0.7/gmetric4j-1.0.7.jar:/home/user/.m2/repository/org/apache/ratis/ratis-netty/0.5.0-3f446aa-SNAPSHOT/ratis-netty-0.5.0-3f446aa-SNAPSHOT.jar:/home/user/.m2/repository/org/apache/ratis/ratis-grpc/0.5.0-3f446aa-SNAPSHOT/ratis-grpc-0.5.0-3f446aa-SNAPSHOT.jar:/home/user/.m2/repository/org/rocksdb/rocksdbjni/6.0.1/rocksdbjni-6.0.1.jar:/home/user/.m2/repository/org/apache/logging/log4j/log4j-api/2.11.0/log4j-api-2.11.0.jar:/home/user/.m2/repository/org/apache/logging/log4j/log4j-core/2.11.0/log4j-core-2.11.0.jar:/home/user/.m2/repository/com/lmax/disruptor/3.4.2/disruptor-3.4.2.jar:/home/user/.m2/repository/org/apache/commons/commons-pool2/2.6.0/commons-pool2-2.6.0.jar:/home/user/.m2/repository/org/bouncycastle/bcpkix-jdk15on/1.60/bcpkix-jdk15on-1.60.jar:/home/user/.m2/repository/commons-validator/commons-validator/1.6/commons-validator-1.6.jar:/home/user/.m2/repository/commons-digester/commons-digester/1.8.1/commons-digester-1.8.1.jar:/home/user/.m2/repository/io/jaegertracing/jaeger-client/0.34.0/jaeger-client-0.34.0.jar:/home/user/.m2/repository/io/jaegertracing/jaeger-thrift/0.34.0/jaeger-thrift-0.34.0.jar:/home/user/.m2/repository/org/apache/thrift/libthrift/0.12.0/libthrift-0.12.0.jar:/home/user/.m2/repository/com/squareup/okhttp3/okhttp/3.9.0/okhttp-3.9.0.jar:/home/user/.m2/repository/com/squareup/okio/okio/1.13.0/okio-1.13.0.jar:/home/user/.m2/repository/io/jaegertracing/jaeger-core/0.34.0/jaeger-core-0.34.0.jar:/home/user/.m2/repository/io/jaegertracing/jaeger-tracerresolver/0.34.0/jaeger-tracerresolver-0.34.0.jar:/home/user/.m2/repository/io/opentracing/contrib/opentracing-tracerresolver/0.1.5/opentracing-tracerresolver-0.1.5.jar:/home/user/.m2/repository/io/opentracing/opentracing-util/0.31.0/opentracing-util-0.31.0.jar:/home/user/.m2/repository/io/opentracing/opentracing-api/0.31.0/opentracing-api-0.31.0.jar:/home/user/.m2/repository/io/opentracing/opentracing-noop/0.31.0/opentracing-noop-0.31.0.jar:/home/user/.m2/repository/org/apache/hadoop/hadoop-hdds-server-framework/0.5.0-SNAPSHOT/hadoop-hdds-server-framework-0.5.0-SNAPSHOT.jar:/home/user/.m2/repository/org/apache/hadoop/hadoop-hdds-container-service/0.5.0-SNAPSHOT/hadoop-hdds-container-service-0.5.0-SNAPSHOT.jar:/home/user/.m2/repository/org/apache/hadoop/hadoop-hdds-client/0.5.0-SNAPSHOT/hadoop-hdds-client-0.5.0-SNAPSHOT.jar:/home/user/.m2/repository/org/apache/hadoop/hadoop-hdds-tools/0.5.0-SNAPSHOT/hadoop-hdds-tools-0.5.0-SNAPSHOT.jar:/home/user/.m2/repository/org/apache/hadoop/hadoop-hdds-server-scm/0.5.0-SNAPSHOT/hadoop-hdds-server-scm-0.5.0-SNAPSHOT.jar:/home/user/.m2/repository/org/apache/hadoop/hadoop-hdds-docs/0.5.0-SNAPSHOT/hadoop-hdds-docs-0.5.0-SNAPSHOT.jar:/home/user/.m2/repository/io/dropwizard/metrics/metrics-core/3.2.4/metrics-core-3.2.4.jar:/home/user/.m2/repository/org/hamcrest/hamcrest-all/1.3/hamcrest-all-1.3.jar:/home/user/.m2/repository/org/bouncycastle/bcprov-jdk15on/1.60/bcprov-jdk15on-1.60.jar:/home/user/.m2/repository/info/picocli/picocli/3.9.6/picocli-3.9.6.jar:/home/user/.m2/repository/com/google/protobuf/protobuf-java/2.5.0/protobuf-java-2.5.0.jar:/home/user/.m2/repository/com/google/guava/guava/11.0.2/guava-11.0.2.jar:/home/user/.m2/repository/org/apache/hadoop/hadoop-ozone-ozone-manager/0.5.0-SNAPSHOT/hadoop-ozone-ozone-manager-0.5.0-SNAPSHOT.jar:/home/user/.m2/repository/org/apache/hadoop/hadoop-minikdc/3.2.0/hadoop-minikdc-3.2.0.jar:/home/user/.m2/repository/commons-io/commons-io/2.5/commons-io-2.5.jar:/home/user/.m2/repository/org/apache/kerby/kerb-simplekdc/1.0.1/kerb-simplekdc-1.0.1.jar:/home/user/.m2/repository/org/apache/kerby/kerb-client/1.0.1/kerb-client-1.0.1.jar:/home/user/.m2/repository/org/apache/kerby/kerby-config/1.0.1/kerby-config-1.0.1.jar:/home/user/.m2/repository/org/apache/kerby/kerb-core/1.0.1/kerb-core-1.0.1.jar:/home/user/.m2/repository/org/apache/kerby/kerby-pkix/1.0.1/kerby-pkix-1.0.1.jar:/home/user/.m2/repository/org/apache/kerby/kerby-asn1/1.0.1/kerby-asn1-1.0.1.jar:/home/user/.m2/repository/org/apache/kerby/kerby-util/1.0.1/kerby-util-1.0.1.jar:/home/user/.m2/repository/org/apache/kerby/kerb-common/1.0.1/kerb-common-1.0.1.jar:/home/user/.m2/repository/org/apache/kerby/kerb-crypto/1.0.1/kerb-crypto-1.0.1.jar:/home/user/.m2/repository/org/apache/kerby/kerb-util/1.0.1/kerb-util-1.0.1.jar:/home/user/.m2/repository/org/apache/kerby/token-provider/1.0.1/token-provider-1.0.1.jar:/home/user/.m2/repository/org/apache/kerby/kerb-admin/1.0.1/kerb-admin-1.0.1.jar:/home/user/.m2/repository/org/apache/kerby/kerb-server/1.0.1/kerb-server-1.0.1.jar:/home/user/.m2/repository/org/apache/kerby/kerb-identity/1.0.1/kerb-identity-1.0.1.jar:/home/user/.m2/repository/org/apache/kerby/kerby-xdr/1.0.1/kerby-xdr-1.0.1.jar:/home/user/.m2/repository/org/slf4j/slf4j-log4j12/1.7.25/slf4j-log4j12-1.7.25.jar:/home/user/.m2/repository/org/apache/hadoop/hadoop-ozone-s3gateway/0.5.0-SNAPSHOT/hadoop-ozone-s3gateway-0.5.0-SNAPSHOT.jar:/home/user/.m2/repository/org/jboss/weld/servlet/weld-servlet/2.4.7.Final/weld-servlet-2.4.7.Final.jar:/home/user/.m2/repository/org/glassfish/jersey/containers/jersey-container-servlet-core/2.27/jersey-container-servlet-core-2.27.jar:/home/user/.m2/repository/org/glassfish/hk2/external/javax.inject/2.5.0-b42/javax.inject-2.5.0-b42.jar:/home/user/.m2/repository/org/glassfish/jersey/core/jersey-common/2.27/jersey-common-2.27.jar:/home/user/.m2/repository/org/glassfish/hk2/osgi-resource-locator/1.0.1/osgi-resource-locator-1.0.1.jar:/home/user/.m2/repository/javax/ws/rs/javax.ws.rs-api/2.1/javax.ws.rs-api-2.1.jar:/home/user/.m2/repository/org/glassfish/jersey/ext/cdi/jersey-cdi1x/2.27/jersey-cdi1x-2.27.jar:/home/user/.m2/repository/org/glassfish/jersey/inject/jersey-hk2/2.27/jersey-hk2-2.27.jar:/home/user/.m2/repository/org/glassfish/hk2/hk2-locator/2.5.0-b42/hk2-locator-2.5.0-b42.jar:/home/user/.m2/repository/org/javassist/javassist/3.22.0-CR2/javassist-3.22.0-CR2.jar:/home/user/.m2/repository/org/glassfish/hk2/hk2-api/2.5.0/hk2-api-2.5.0.jar:/home/user/.m2/repository/org/glassfish/hk2/external/jakarta.inject/2.5.0/jakarta.inject-2.5.0.jar:/home/user/.m2/repository/org/glassfish/hk2/hk2-utils/2.5.0/hk2-utils-2.5.0.jar:/home/user/.m2/repository/jakarta/annotation/jakarta.annotation-api/1.3.4/jakarta.annotation-api-1.3.4.jar:/home/user/.m2/repository/org/glassfish/hk2/external/aopalliance-repackaged/2.5.0/aopalliance-repackaged-2.5.0.jar:/home/user/.m2/repository/com/fasterxml/jackson/dataformat/jackson-dataformat-xml/2.9.0/jackson-dataformat-xml-2.9.0.jar:/home/user/.m2/repository/com/fasterxml/jackson/core/jackson-core/2.9.9/jackson-core-2.9.9.jar:/home/user/.m2/repository/com/fasterxml/jackson/module/jackson-module-jaxb-annotations/2.9.9/jackson-module-jaxb-annotations-2.9.9.jar:/home/user/.m2/repository/javax/enterprise/cdi-api/1.2/cdi-api-1.2.jar:/home/user/.m2/repository/javax/el/javax.el-api/3.0.0/javax.el-api-3.0.0.jar:/home/user/.m2/repository/javax/interceptor/javax.interceptor-api/1.2/javax.interceptor-api-1.2.jar:/home/user/.m2/repository/javax/inject/javax.inject/1/javax.inject-1.jar:/home/user/.m2/repository/com/sun/xml/bind/jaxb-impl/2.3.0.1/jaxb-impl-2.3.0.1.jar:/home/user/.m2/repository/com/sun/xml/bind/jaxb-core/2.3.0.1/jaxb-core-2.3.0.1.jar:/home/user/.m2/repository/javax/xml/bind/jaxb-api/2.3.0/jaxb-api-2.3.0.jar:/home/user/.m2/repository/javax/activation/activation/1.1.1/activation-1.1.1.jar:/home/user/.m2/repository/org/apache/hadoop/hadoop-ozone-csi/0.5.0-SNAPSHOT/hadoop-ozone-csi-0.5.0-SNAPSHOT.jar:/home/user/.m2/repository/com/google/protobuf/protobuf-java-util/3.5.1/protobuf-java-util-3.5.1.jar:/home/user/.m2/repository/org/apache/hadoop/hadoop-hdds-config/0.5.0-SNAPSHOT/hadoop-hdds-config-0.5.0-SNAPSHOT.jar:/home/user/.m2/repository/io/grpc/grpc-netty/1.17.1/grpc-netty-1.17.1.jar:/home/user/.m2/repository/io/grpc/grpc-core/1.17.1/grpc-core-1.17.1.jar:/home/user/.m2/repository/io/grpc/grpc-context/1.17.1/grpc-context-1.17.1.jar:/home/user/.m2/repository/com/google/errorprone/error_prone_annotations/2.2.0/error_prone_annotations-2.2.0.jar:/home/user/.m2/repository/org/codehaus/mojo/animal-sniffer-annotations/1.17/animal-sniffer-annotations-1.17.jar:/home/user/.m2/repository/io/opencensus/opencensus-api/0.17.0/opencensus-api-0.17.0.jar:/home/user/.m2/repository/io/opencensus/opencensus-contrib-grpc-metrics/0.17.0/opencensus-contrib-grpc-metrics-0.17.0.jar:/home/user/.m2/repository/io/netty/netty-codec-http2/4.1.30.Final/netty-codec-http2-4.1.30.Final.jar:/home/user/.m2/repository/io/netty/netty-codec-http/4.1.30.Final/netty-codec-http-4.1.30.Final.jar:/home/user/.m2/repository/io/netty/netty-codec/4.1.30.Final/netty-codec-4.1.30.Final.jar:/home/user/.m2/repository/io/netty/netty-handler/4.1.30.Final/netty-handler-4.1.30.Final.jar:/home/user/.m2/repository/io/netty/netty-handler-proxy/4.1.30.Final/netty-handler-proxy-4.1.30.Final.jar:/home/user/.m2/repository/io/netty/netty-codec-socks/4.1.30.Final/netty-codec-socks-4.1.30.Final.jar:/home/user/.m2/repository/io/netty/netty-transport-native-epoll/4.1.30.Final/netty-transport-native-epoll-4.1.30.Final.jar:/home/user/.m2/repository/io/netty/netty-common/4.1.30.Final/netty-common-4.1.30.Final.jar:/home/user/.m2/repository/io/netty/netty-buffer/4.1.30.Final/netty-buffer-4.1.30.Final.jar:/home/user/.m2/repository/io/netty/netty-transport/4.1.30.Final/netty-transport-4.1.30.Final.jar:/home/user/.m2/repository/io/netty/netty-resolver/4.1.30.Final/netty-resolver-4.1.30.Final.jar:/home/user/.m2/repository/io/netty/netty-transport-native-unix-common/4.1.30.Final/netty-transport-native-unix-common-4.1.30.Final.jar:/home/user/.m2/repository/io/grpc/grpc-protobuf/1.17.1/grpc-protobuf-1.17.1.jar:/home/user/.m2/repository/com/google/api/grpc/proto-google-common-protos/1.0.0/proto-google-common-protos-1.0.0.jar:/home/user/.m2/repository/io/grpc/grpc-protobuf-lite/1.17.1/grpc-protobuf-lite-1.17.1.jar:/home/user/.m2/repository/io/grpc/grpc-stub/1.17.1/grpc-stub-1.17.1.jar:/home/user/.m2/repository/org/apache/hadoop/hadoop-ozone-recon/0.5.0-SNAPSHOT/hadoop-ozone-recon-0.5.0-SNAPSHOT.jar:/home/user/.m2/repository/org/apache/hadoop/hadoop-ozone-reconcodegen/0.5.0-SNAPSHOT/hadoop-ozone-reconcodegen-0.5.0-SNAPSHOT.jar:/home/user/.m2/repository/com/google/inject/extensions/guice-multibindings/4.0/guice-multibindings-4.0.jar:/home/user/.m2/repository/com/google/inject/guice/4.0/guice-4.0.jar:/home/user/.m2/repository/aopalliance/aopalliance/1.0/aopalliance-1.0.jar:/home/user/.m2/repository/com/google/inject/extensions/guice-servlet/4.0/guice-servlet-4.0.jar:/home/user/.m2/repository/org/glassfish/jersey/containers/jersey-container-servlet/2.27/jersey-container-servlet-2.27.jar:/home/user/.m2/repository/org/glassfish/hk2/guice-bridge/2.5.0/guice-bridge-2.5.0.jar:/home/user/.m2/repository/org/glassfish/jersey/core/jersey-server/2.27/jersey-server-2.27.jar:/home/user/.m2/repository/org/glassfish/jersey/core/jersey-client/2.27/jersey-client-2.27.jar:/home/user/.m2/repository/org/glassfish/jersey/media/jersey-media-jaxb/2.27/jersey-media-jaxb-2.27.jar:/home/user/.m2/repository/javax/validation/validation-api/1.1.0.Final/validation-api-1.1.0.Final.jar:/home/user/.m2/repository/org/glassfish/jersey/media/jersey-media-json-jackson/2.27/jersey-media-json-jackson-2.27.jar:/home/user/.m2/repository/org/glassfish/jersey/ext/jersey-entity-filtering/2.27/jersey-entity-filtering-2.27.jar:/home/user/.m2/repository/com/google/inject/extensions/guice-assistedinject/4.0/guice-assistedinject-4.0.jar:/home/user/.m2/repository/org/jooq/jooq/3.11.10/jooq-3.11.10.jar:/home/user/.m2/repository/org/jooq/jooq-meta/3.11.10/jooq-meta-3.11.10.jar:/home/user/.m2/repository/org/jooq/jooq-codegen/3.11.10/jooq-codegen-3.11.10.jar:/home/user/.m2/repository/com/jolbox/bonecp/0.8.0.RELEASE/bonecp-0.8.0.RELEASE.jar:/home/user/.m2/repository/org/xerial/sqlite-jdbc/3.25.2/sqlite-jdbc-3.25.2.jar:/home/user/.m2/repository/org/springframework/spring-jdbc/5.1.3.RELEASE/spring-jdbc-5.1.3.RELEASE.jar:/home/user/.m2/repository/org/springframework/spring-beans/5.1.3.RELEASE/spring-beans-5.1.3.RELEASE.jar:/home/user/.m2/repository/org/springframework/spring-core/5.1.3.RELEASE/spring-core-5.1.3.RELEASE.jar:/home/user/.m2/repository/org/springframework/spring-jcl/5.1.3.RELEASE/spring-jcl-5.1.3.RELEASE.jar:/home/user/.m2/repository/org/springframework/spring-tx/5.1.3.RELEASE/spring-tx-5.1.3.RELEASE.jar:/home/user/.m2/repository/org/apache/hadoop/hadoop-ozone-client/0.5.0-SNAPSHOT/hadoop-ozone-client-0.5.0-SNAPSHOT.jar:/home/user/.m2/repository/commons-lang/commons-lang/2.6/commons-lang-2.6.jar:/home/user/.m2/repository/org/apache/hadoop/hadoop-ozone-ozone-manager/0.5.0-SNAPSHOT/hadoop-ozone-ozone-manager-0.5.0-SNAPSHOT-tests.jar:/home/user/.m2/repository/junit/junit/4.11/junit-4.11.jar:/home/user/.m2/repository/org/hamcrest/hamcrest-core/1.3/hamcrest-core-1.3.jar:/home/user/.m2/repository/org/openjdk/jmh/jmh-core/1.19/jmh-core-1.19.jar:/home/user/.m2/repository/net/sf/jopt-simple/jopt-simple/4.6/jopt-simple-4.6.jar:/home/user/.m2/repository/org/apache/commons/commons-math3/3.1.1/commons-math3-3.1.1.jar:/home/user/.m2/repository/org/openjdk/jmh/jmh-generator-annprocess/1.19/jmh-generator-annprocess-1.19.jar:/home/user/.m2/repository/org/mockito/mockito-all/1.8.5/mockito-all-1.8.5.jar:/home/user/.m2/repository/org/apache/hadoop/hadoop-kms/3.2.0/hadoop-kms-3.2.0.jar:/home/user/.m2/repository/org/apache/hadoop/hadoop-auth/3.2.0/hadoop-auth-3.2.0.jar:/home/user/.m2/repository/com/nimbusds/nimbus-jose-jwt/4.41.1/nimbus-jose-jwt-4.41.1.jar:/home/user/.m2/repository/com/github/stephenc/jcip/jcip-annotations/1.0-1/jcip-annotations-1.0-1.jar:/home/user/.m2/repository/net/minidev/json-smart/2.3/json-smart-2.3.jar:/home/user/.m2/repository/net/minidev/accessors-smart/1.2/accessors-smart-1.2.jar:/home/user/.m2/repository/org/ow2/asm/asm/5.0.4/asm-5.0.4.jar:/home/user/.m2/repository/org/apache/curator/curator-framework/2.12.0/curator-framework-2.12.0.jar:/home/user/.m2/repository/com/sun/jersey/jersey-core/1.19/jersey-core-1.19.jar:/home/user/.m2/repository/javax/ws/rs/jsr311-api/1.1.1/jsr311-api-1.1.1.jar:/home/user/.m2/repository/com/sun/jersey/jersey-server/1.19/jersey-server-1.19.jar:/home/user/.m2/repository/javax/servlet/javax.servlet-api/3.1.0/javax.servlet-api-3.1.0.jar:/home/user/.m2/repository/org/eclipse/jetty/jetty-server/9.3.25.v20180904/jetty-server-9.3.25.v20180904.jar:/home/user/.m2/repository/org/eclipse/jetty/jetty-http/9.3.25.v20180904/jetty-http-9.3.25.v20180904.jar:/home/user/.m2/repository/org/eclipse/jetty/jetty-io/9.3.25.v20180904/jetty-io-9.3.25.v20180904.jar:/home/user/.m2/repository/org/eclipse/jetty/jetty-webapp/9.3.25.v20180904/jetty-webapp-9.3.25.v20180904.jar:/home/user/.m2/repository/org/eclipse/jetty/jetty-xml/9.3.25.v20180904/jetty-xml-9.3.25.v20180904.jar:/home/user/.m2/repository/log4j/log4j/1.2.17/log4j-1.2.17.jar:/home/user/.m2/repository/org/slf4j/slf4j-api/1.7.25/slf4j-api-1.7.25.jar:/home/user/.m2/repository/org/slf4j/jul-to-slf4j/1.7.25/jul-to-slf4j-1.7.25.jar:/home/user/.m2/repository/org/eclipse/jetty/jetty-util/9.3.25.v20180904/jetty-util-9.3.25.v20180904.jar:/home/user/.m2/repository/com/fasterxml/jackson/core/jackson-databind/2.9.9/jackson-databind-2.9.9.jar:/home/user/.m2/repository/org/apache/hadoop/hadoop-kms/3.2.0/hadoop-kms-3.2.0-tests.jar:/home/user/.m2/repository/org/apache/hadoop/hadoop-hdds-server-scm/0.5.0-SNAPSHOT/hadoop-hdds-server-scm-0.5.0-SNAPSHOT-tests.jar:/home/user/.m2/repository/org/apache/hadoop/hadoop-hdds-container-service/0.5.0-SNAPSHOT/hadoop-hdds-container-service-0.5.0-SNAPSHOT-tests.jar:/home/user/.m2/repository/org/yaml/snakeyaml/1.16/snakeyaml-1.16.jar:/home/user/.m2/repository/org/apache/hadoop/hadoop-common/3.2.0/hadoop-common-3.2.0-tests.jar:/home/user/.m2/repository/org/apache/hadoop/hadoop-annotations/3.2.0/hadoop-annotations-3.2.0.jar:/usr/lib/jvm/java-1.8.0-openjdk-1.8.0.222.b10-1.el7_7.x86_64/jre/../lib/tools.jar:/home/user/.m2/repository/commons-cli/commons-cli/1.2/commons-cli-1.2.jar:/home/user/.m2/repository/org/apache/httpcomponents/httpclient/4.5.2/httpclient-4.5.2.jar:/home/user/.m2/repository/org/apache/httpcomponents/httpcore/4.4.4/httpcore-4.4.4.jar:/home/user/.m2/repository/commons-codec/commons-codec/1.11/commons-codec-1.11.jar:/home/user/.m2/repository/commons-net/commons-net/3.6/commons-net-3.6.jar:/home/user/.m2/repository/commons-collections/commons-collections/3.2.2/commons-collections-3.2.2.jar:/home/user/.m2/repository/org/eclipse/jetty/jetty-servlet/9.3.25.v20180904/jetty-servlet-9.3.25.v20180904.jar:/home/user/.m2/repository/org/eclipse/jetty/jetty-security/9.3.25.v20180904/jetty-security-9.3.25.v20180904.jar:/home/user/.m2/repository/javax/servlet/jsp/jsp-api/2.1/jsp-api-2.1.jar:/home/user/.m2/repository/com/sun/jersey/jersey-servlet/1.19/jersey-servlet-1.19.jar:/home/user/.m2/repository/com/sun/jersey/jersey-json/1.19/jersey-json-1.19.jar:/home/user/.m2/repository/org/codehaus/jettison/jettison/1.1/jettison-1.1.jar:/home/user/.m2/repository/org/codehaus/jackson/jackson-core-asl/1.9.13/jackson-core-asl-1.9.13.jar:/home/user/.m2/repository/org/codehaus/jackson/jackson-mapper-asl/1.9.13/jackson-mapper-asl-1.9.13.jar:/home/user/.m2/repository/org/codehaus/jackson/jackson-jaxrs/1.9.13/jackson-jaxrs-1.9.13.jar:/home/user/.m2/repository/org/codehaus/jackson/jackson-xc/1.9.13/jackson-xc-1.9.13.jar:/home/user/.m2/repository/commons-logging/commons-logging/1.1.3/commons-logging-1.1.3.jar:/home/user/.m2/repository/commons-beanutils/commons-beanutils/1.9.4/commons-beanutils-1.9.4.jar:/home/user/.m2/repository/org/apache/commons/commons-configuration2/2.1.1/commons-configuration2-2.1.1.jar:/home/user/.m2/repository/org/apache/commons/commons-lang3/3.7/commons-lang3-3.7.jar:/home/user/.m2/repository/org/apache/commons/commons-text/1.4/commons-text-1.4.jar:/home/user/.m2/repository/org/apache/avro/avro/1.7.7/avro-1.7.7.jar:/home/user/.m2/repository/com/thoughtworks/paranamer/paranamer/2.3/paranamer-2.3.jar:/home/user/.m2/repository/org/xerial/snappy/snappy-java/1.0.5/snappy-java-1.0.5.jar:/home/user/.m2/repository/com/google/re2j/re2j/1.1/re2j-1.1.jar:/home/user/.m2/repository/com/google/code/gson/gson/2.2.4/gson-2.2.4.jar:/home/user/.m2/repository/com/jcraft/jsch/0.1.54/jsch-0.1.54.jar:/home/user/.m2/repository/org/apache/curator/curator-client/2.12.0/curator-client-2.12.0.jar:/home/user/.m2/repository/org/apache/curator/curator-recipes/2.12.0/curator-recipes-2.12.0.jar:/home/user/.m2/repository/com/google/code/findbugs/jsr305/3.0.0/jsr305-3.0.0.jar:/home/user/.m2/repository/org/apache/htrace/htrace-core4/4.1.0-incubating/htrace-core4-4.1.0-incubating.jar:/home/user/.m2/repository/org/apache/zookeeper/zookeeper/3.4.13/zookeeper-3.4.13.jar:/home/user/.m2/repository/jline/jline/0.9.94/jline-0.9.94.jar:/home/user/.m2/repository/org/apache/yetus/audience-annotations/0.5.0/audience-annotations-0.5.0.jar:/home/user/.m2/repository/org/codehaus/woodstox/stax2-api/3.1.4/stax2-api-3.1.4.jar:/home/user/.m2/repository/com/fasterxml/woodstox/woodstox-core/5.0.3/woodstox-core-5.0.3.jar:/home/user/.m2/repository/dnsjava/dnsjava/2.1.7/dnsjava-2.1.7.jar:/home/user/.m2/repository/org/apache/hadoop/hadoop-hdfs/3.2.0/hadoop-hdfs-3.2.0-tests.jar:/home/user/.m2/repository/org/eclipse/jetty/jetty-util-ajax/9.3.25.v20180904/jetty-util-ajax-9.3.25.v20180904.jar:/home/user/.m2/repository/commons-daemon/commons-daemon/1.0.13/commons-daemon-1.0.13.jar:/home/user/.m2/repository/io/netty/netty/3.10.5.Final/netty-3.10.5.Final.jar:/home/user/.m2/repository/io/netty/netty-all/4.0.52.Final/netty-all-4.0.52.Final.jar:/home/user/.m2/repository/org/fusesource/leveldbjni/leveldbjni-all/1.8/leveldbjni-all-1.8.jar:"/>
    <property name="java.vm.vendor" value="Oracle Corporation"/>
    <property name="sun.arch.data.model" value="64"/>
    <property name="test.build.dir" value="/workdir/hadoop-ozone/integration-test/target/test-dir"/>
    <property name="test.cache.data" value=""/>
    <property name="java.vendor.url" value="http://java.oracle.com/"/>
    <property name="user.timezone" value=""/>
    <property name="java.vm.specification.version" value="1.8"/>
    <property name="os.name" value="Linux"/>
    <property name="test.build.data" value="/workdir/hadoop-ozone/integration-test/target/test-dir"/>
    <property name="user.country" value="US"/>
    <property name="sun.java.launcher" value="SUN_STANDARD"/>
    <property name="sun.boot.library.path" value="/usr/lib/jvm/java-1.8.0-openjdk-1.8.0.222.b10-1.el7_7.x86_64/jre/lib/amd64"/>
    <property name="sun.java.command" value="/workdir/hadoop-ozone/integration-test/target/surefire/surefirebooter243472403165286392.jar /workdir/hadoop-ozone/integration-test/target/surefire 2019-11-05T10-34-15_228-jvmRun1 surefire908891065967087316tmp surefire_364550865855225028495tmp"/>
    <property name="surefire.test.class.path" value="/workdir/hadoop-ozone/integration-test/target/test-classes:/workdir/hadoop-ozone/integration-test/target/classes:/home/user/.m2/repository/org/apache/hadoop/hadoop-ozone-common/0.5.0-SNAPSHOT/hadoop-ozone-common-0.5.0-SNAPSHOT.jar:/home/user/.m2/repository/org/apache/commons/commons-compress/1.4.1/commons-compress-1.4.1.jar:/home/user/.m2/repository/org/tukaani/xz/1.0/xz-1.0.jar:/home/user/.m2/repository/org/apache/hadoop/hadoop-common/3.2.0/hadoop-common-3.2.0.jar:/home/user/.m2/repository/org/apache/hadoop/hadoop-hdfs/3.2.0/hadoop-hdfs-3.2.0.jar:/home/user/.m2/repository/org/apache/hadoop/hadoop-hdfs-client/3.2.0/hadoop-hdfs-client-3.2.0.jar:/home/user/.m2/repository/com/fasterxml/jackson/core/jackson-annotations/2.9.9/jackson-annotations-2.9.9.jar:/home/user/.m2/repository/org/apache/hadoop/hadoop-hdds-common/0.5.0-SNAPSHOT/hadoop-hdds-common-0.5.0-SNAPSHOT.jar:/home/user/.m2/repository/javax/annotation/javax.annotation-api/1.2/javax.annotation-api-1.2.jar:/home/user/.m2/repository/org/apache/ratis/ratis-server/0.5.0-3f446aa-SNAPSHOT/ratis-server-0.5.0-3f446aa-SNAPSHOT.jar:/home/user/.m2/repository/org/apache/ratis/ratis-thirdparty-misc/0.2.0/ratis-thirdparty-misc-0.2.0.jar:/home/user/.m2/repository/org/apache/ratis/ratis-proto/0.5.0-3f446aa-SNAPSHOT/ratis-proto-0.5.0-3f446aa-SNAPSHOT.jar:/home/user/.m2/repository/org/apache/ratis/ratis-common/0.5.0-3f446aa-SNAPSHOT/ratis-common-0.5.0-3f446aa-SNAPSHOT.jar:/home/user/.m2/repository/org/apache/ratis/ratis-client/0.5.0-3f446aa-SNAPSHOT/ratis-client-0.5.0-3f446aa-SNAPSHOT.jar:/home/user/.m2/repository/org/apache/ratis/ratis-metrics/0.5.0-3f446aa-SNAPSHOT/ratis-metrics-0.5.0-3f446aa-SNAPSHOT.jar:/home/user/.m2/repository/com/github/joshelser/dropwizard-metrics-hadoop-metrics2-reporter/0.1.2/dropwizard-metrics-hadoop-metrics2-reporter-0.1.2.jar:/home/user/.m2/repository/io/dropwizard/metrics/metrics-jvm/3.2.5/metrics-jvm-3.2.5.jar:/home/user/.m2/repository/io/dropwizard/metrics/metrics-ganglia/3.2.5/metrics-ganglia-3.2.5.jar:/home/user/.m2/repository/info/ganglia/gmetric4j/gmetric4j/1.0.7/gmetric4j-1.0.7.jar:/home/user/.m2/repository/org/apache/ratis/ratis-netty/0.5.0-3f446aa-SNAPSHOT/ratis-netty-0.5.0-3f446aa-SNAPSHOT.jar:/home/user/.m2/repository/org/apache/ratis/ratis-grpc/0.5.0-3f446aa-SNAPSHOT/ratis-grpc-0.5.0-3f446aa-SNAPSHOT.jar:/home/user/.m2/repository/org/rocksdb/rocksdbjni/6.0.1/rocksdbjni-6.0.1.jar:/home/user/.m2/repository/org/apache/logging/log4j/log4j-api/2.11.0/log4j-api-2.11.0.jar:/home/user/.m2/repository/org/apache/logging/log4j/log4j-core/2.11.0/log4j-core-2.11.0.jar:/home/user/.m2/repository/com/lmax/disruptor/3.4.2/disruptor-3.4.2.jar:/home/user/.m2/repository/org/apache/commons/commons-pool2/2.6.0/commons-pool2-2.6.0.jar:/home/user/.m2/repository/org/bouncycastle/bcpkix-jdk15on/1.60/bcpkix-jdk15on-1.60.jar:/home/user/.m2/repository/commons-validator/commons-validator/1.6/commons-validator-1.6.jar:/home/user/.m2/repository/commons-digester/commons-digester/1.8.1/commons-digester-1.8.1.jar:/home/user/.m2/repository/io/jaegertracing/jaeger-client/0.34.0/jaeger-client-0.34.0.jar:/home/user/.m2/repository/io/jaegertracing/jaeger-thrift/0.34.0/jaeger-thrift-0.34.0.jar:/home/user/.m2/repository/org/apache/thrift/libthrift/0.12.0/libthrift-0.12.0.jar:/home/user/.m2/repository/com/squareup/okhttp3/okhttp/3.9.0/okhttp-3.9.0.jar:/home/user/.m2/repository/com/squareup/okio/okio/1.13.0/okio-1.13.0.jar:/home/user/.m2/repository/io/jaegertracing/jaeger-core/0.34.0/jaeger-core-0.34.0.jar:/home/user/.m2/repository/io/jaegertracing/jaeger-tracerresolver/0.34.0/jaeger-tracerresolver-0.34.0.jar:/home/user/.m2/repository/io/opentracing/contrib/opentracing-tracerresolver/0.1.5/opentracing-tracerresolver-0.1.5.jar:/home/user/.m2/repository/io/opentracing/opentracing-util/0.31.0/opentracing-util-0.31.0.jar:/home/user/.m2/repository/io/opentracing/opentracing-api/0.31.0/opentracing-api-0.31.0.jar:/home/user/.m2/repository/io/opentracing/opentracing-noop/0.31.0/opentracing-noop-0.31.0.jar:/home/user/.m2/repository/org/apache/hadoop/hadoop-hdds-server-framework/0.5.0-SNAPSHOT/hadoop-hdds-server-framework-0.5.0-SNAPSHOT.jar:/home/user/.m2/repository/org/apache/hadoop/hadoop-hdds-container-service/0.5.0-SNAPSHOT/hadoop-hdds-container-service-0.5.0-SNAPSHOT.jar:/home/user/.m2/repository/org/apache/hadoop/hadoop-hdds-client/0.5.0-SNAPSHOT/hadoop-hdds-client-0.5.0-SNAPSHOT.jar:/home/user/.m2/repository/org/apache/hadoop/hadoop-hdds-tools/0.5.0-SNAPSHOT/hadoop-hdds-tools-0.5.0-SNAPSHOT.jar:/home/user/.m2/repository/org/apache/hadoop/hadoop-hdds-server-scm/0.5.0-SNAPSHOT/hadoop-hdds-server-scm-0.5.0-SNAPSHOT.jar:/home/user/.m2/repository/org/apache/hadoop/hadoop-hdds-docs/0.5.0-SNAPSHOT/hadoop-hdds-docs-0.5.0-SNAPSHOT.jar:/home/user/.m2/repository/io/dropwizard/metrics/metrics-core/3.2.4/metrics-core-3.2.4.jar:/home/user/.m2/repository/org/hamcrest/hamcrest-all/1.3/hamcrest-all-1.3.jar:/home/user/.m2/repository/org/bouncycastle/bcprov-jdk15on/1.60/bcprov-jdk15on-1.60.jar:/home/user/.m2/repository/info/picocli/picocli/3.9.6/picocli-3.9.6.jar:/home/user/.m2/repository/com/google/protobuf/protobuf-java/2.5.0/protobuf-java-2.5.0.jar:/home/user/.m2/repository/com/google/guava/guava/11.0.2/guava-11.0.2.jar:/home/user/.m2/repository/org/apache/hadoop/hadoop-ozone-ozone-manager/0.5.0-SNAPSHOT/hadoop-ozone-ozone-manager-0.5.0-SNAPSHOT.jar:/home/user/.m2/repository/org/apache/hadoop/hadoop-minikdc/3.2.0/hadoop-minikdc-3.2.0.jar:/home/user/.m2/repository/commons-io/commons-io/2.5/commons-io-2.5.jar:/home/user/.m2/repository/org/apache/kerby/kerb-simplekdc/1.0.1/kerb-simplekdc-1.0.1.jar:/home/user/.m2/repository/org/apache/kerby/kerb-client/1.0.1/kerb-client-1.0.1.jar:/home/user/.m2/repository/org/apache/kerby/kerby-config/1.0.1/kerby-config-1.0.1.jar:/home/user/.m2/repository/org/apache/kerby/kerb-core/1.0.1/kerb-core-1.0.1.jar:/home/user/.m2/repository/org/apache/kerby/kerby-pkix/1.0.1/kerby-pkix-1.0.1.jar:/home/user/.m2/repository/org/apache/kerby/kerby-asn1/1.0.1/kerby-asn1-1.0.1.jar:/home/user/.m2/repository/org/apache/kerby/kerby-util/1.0.1/kerby-util-1.0.1.jar:/home/user/.m2/repository/org/apache/kerby/kerb-common/1.0.1/kerb-common-1.0.1.jar:/home/user/.m2/repository/org/apache/kerby/kerb-crypto/1.0.1/kerb-crypto-1.0.1.jar:/home/user/.m2/repository/org/apache/kerby/kerb-util/1.0.1/kerb-util-1.0.1.jar:/home/user/.m2/repository/org/apache/kerby/token-provider/1.0.1/token-provider-1.0.1.jar:/home/user/.m2/repository/org/apache/kerby/kerb-admin/1.0.1/kerb-admin-1.0.1.jar:/home/user/.m2/repository/org/apache/kerby/kerb-server/1.0.1/kerb-server-1.0.1.jar:/home/user/.m2/repository/org/apache/kerby/kerb-identity/1.0.1/kerb-identity-1.0.1.jar:/home/user/.m2/repository/org/apache/kerby/kerby-xdr/1.0.1/kerby-xdr-1.0.1.jar:/home/user/.m2/repository/org/slf4j/slf4j-log4j12/1.7.25/slf4j-log4j12-1.7.25.jar:/home/user/.m2/repository/org/apache/hadoop/hadoop-ozone-s3gateway/0.5.0-SNAPSHOT/hadoop-ozone-s3gateway-0.5.0-SNAPSHOT.jar:/home/user/.m2/repository/org/jboss/weld/servlet/weld-servlet/2.4.7.Final/weld-servlet-2.4.7.Final.jar:/home/user/.m2/repository/org/glassfish/jersey/containers/jersey-container-servlet-core/2.27/jersey-container-servlet-core-2.27.jar:/home/user/.m2/repository/org/glassfish/hk2/external/javax.inject/2.5.0-b42/javax.inject-2.5.0-b42.jar:/home/user/.m2/repository/org/glassfish/jersey/core/jersey-common/2.27/jersey-common-2.27.jar:/home/user/.m2/repository/org/glassfish/hk2/osgi-resource-locator/1.0.1/osgi-resource-locator-1.0.1.jar:/home/user/.m2/repository/javax/ws/rs/javax.ws.rs-api/2.1/javax.ws.rs-api-2.1.jar:/home/user/.m2/repository/org/glassfish/jersey/ext/cdi/jersey-cdi1x/2.27/jersey-cdi1x-2.27.jar:/home/user/.m2/repository/org/glassfish/jersey/inject/jersey-hk2/2.27/jersey-hk2-2.27.jar:/home/user/.m2/repository/org/glassfish/hk2/hk2-locator/2.5.0-b42/hk2-locator-2.5.0-b42.jar:/home/user/.m2/repository/org/javassist/javassist/3.22.0-CR2/javassist-3.22.0-CR2.jar:/home/user/.m2/repository/org/glassfish/hk2/hk2-api/2.5.0/hk2-api-2.5.0.jar:/home/user/.m2/repository/org/glassfish/hk2/external/jakarta.inject/2.5.0/jakarta.inject-2.5.0.jar:/home/user/.m2/repository/org/glassfish/hk2/hk2-utils/2.5.0/hk2-utils-2.5.0.jar:/home/user/.m2/repository/jakarta/annotation/jakarta.annotation-api/1.3.4/jakarta.annotation-api-1.3.4.jar:/home/user/.m2/repository/org/glassfish/hk2/external/aopalliance-repackaged/2.5.0/aopalliance-repackaged-2.5.0.jar:/home/user/.m2/repository/com/fasterxml/jackson/dataformat/jackson-dataformat-xml/2.9.0/jackson-dataformat-xml-2.9.0.jar:/home/user/.m2/repository/com/fasterxml/jackson/core/jackson-core/2.9.9/jackson-core-2.9.9.jar:/home/user/.m2/repository/com/fasterxml/jackson/module/jackson-module-jaxb-annotations/2.9.9/jackson-module-jaxb-annotations-2.9.9.jar:/home/user/.m2/repository/javax/enterprise/cdi-api/1.2/cdi-api-1.2.jar:/home/user/.m2/repository/javax/el/javax.el-api/3.0.0/javax.el-api-3.0.0.jar:/home/user/.m2/repository/javax/interceptor/javax.interceptor-api/1.2/javax.interceptor-api-1.2.jar:/home/user/.m2/repository/javax/inject/javax.inject/1/javax.inject-1.jar:/home/user/.m2/repository/com/sun/xml/bind/jaxb-impl/2.3.0.1/jaxb-impl-2.3.0.1.jar:/home/user/.m2/repository/com/sun/xml/bind/jaxb-core/2.3.0.1/jaxb-core-2.3.0.1.jar:/home/user/.m2/repository/javax/xml/bind/jaxb-api/2.3.0/jaxb-api-2.3.0.jar:/home/user/.m2/repository/javax/activation/activation/1.1.1/activation-1.1.1.jar:/home/user/.m2/repository/org/apache/hadoop/hadoop-ozone-csi/0.5.0-SNAPSHOT/hadoop-ozone-csi-0.5.0-SNAPSHOT.jar:/home/user/.m2/repository/com/google/protobuf/protobuf-java-util/3.5.1/protobuf-java-util-3.5.1.jar:/home/user/.m2/repository/org/apache/hadoop/hadoop-hdds-config/0.5.0-SNAPSHOT/hadoop-hdds-config-0.5.0-SNAPSHOT.jar:/home/user/.m2/repository/io/grpc/grpc-netty/1.17.1/grpc-netty-1.17.1.jar:/home/user/.m2/repository/io/grpc/grpc-core/1.17.1/grpc-core-1.17.1.jar:/home/user/.m2/repository/io/grpc/grpc-context/1.17.1/grpc-context-1.17.1.jar:/home/user/.m2/repository/com/google/errorprone/error_prone_annotations/2.2.0/error_prone_annotations-2.2.0.jar:/home/user/.m2/repository/org/codehaus/mojo/animal-sniffer-annotations/1.17/animal-sniffer-annotations-1.17.jar:/home/user/.m2/repository/io/opencensus/opencensus-api/0.17.0/opencensus-api-0.17.0.jar:/home/user/.m2/repository/io/opencensus/opencensus-contrib-grpc-metrics/0.17.0/opencensus-contrib-grpc-metrics-0.17.0.jar:/home/user/.m2/repository/io/netty/netty-codec-http2/4.1.30.Final/netty-codec-http2-4.1.30.Final.jar:/home/user/.m2/repository/io/netty/netty-codec-http/4.1.30.Final/netty-codec-http-4.1.30.Final.jar:/home/user/.m2/repository/io/netty/netty-codec/4.1.30.Final/netty-codec-4.1.30.Final.jar:/home/user/.m2/repository/io/netty/netty-handler/4.1.30.Final/netty-handler-4.1.30.Final.jar:/home/user/.m2/repository/io/netty/netty-handler-proxy/4.1.30.Final/netty-handler-proxy-4.1.30.Final.jar:/home/user/.m2/repository/io/netty/netty-codec-socks/4.1.30.Final/netty-codec-socks-4.1.30.Final.jar:/home/user/.m2/repository/io/netty/netty-transport-native-epoll/4.1.30.Final/netty-transport-native-epoll-4.1.30.Final.jar:/home/user/.m2/repository/io/netty/netty-common/4.1.30.Final/netty-common-4.1.30.Final.jar:/home/user/.m2/repository/io/netty/netty-buffer/4.1.30.Final/netty-buffer-4.1.30.Final.jar:/home/user/.m2/repository/io/netty/netty-transport/4.1.30.Final/netty-transport-4.1.30.Final.jar:/home/user/.m2/repository/io/netty/netty-resolver/4.1.30.Final/netty-resolver-4.1.30.Final.jar:/home/user/.m2/repository/io/netty/netty-transport-native-unix-common/4.1.30.Final/netty-transport-native-unix-common-4.1.30.Final.jar:/home/user/.m2/repository/io/grpc/grpc-protobuf/1.17.1/grpc-protobuf-1.17.1.jar:/home/user/.m2/repository/com/google/api/grpc/proto-google-common-protos/1.0.0/proto-google-common-protos-1.0.0.jar:/home/user/.m2/repository/io/grpc/grpc-protobuf-lite/1.17.1/grpc-protobuf-lite-1.17.1.jar:/home/user/.m2/repository/io/grpc/grpc-stub/1.17.1/grpc-stub-1.17.1.jar:/home/user/.m2/repository/org/apache/hadoop/hadoop-ozone-recon/0.5.0-SNAPSHOT/hadoop-ozone-recon-0.5.0-SNAPSHOT.jar:/home/user/.m2/repository/org/apache/hadoop/hadoop-ozone-reconcodegen/0.5.0-SNAPSHOT/hadoop-ozone-reconcodegen-0.5.0-SNAPSHOT.jar:/home/user/.m2/repository/com/google/inject/extensions/guice-multibindings/4.0/guice-multibindings-4.0.jar:/home/user/.m2/repository/com/google/inject/guice/4.0/guice-4.0.jar:/home/user/.m2/repository/aopalliance/aopalliance/1.0/aopalliance-1.0.jar:/home/user/.m2/repository/com/google/inject/extensions/guice-servlet/4.0/guice-servlet-4.0.jar:/home/user/.m2/repository/org/glassfish/jersey/containers/jersey-container-servlet/2.27/jersey-container-servlet-2.27.jar:/home/user/.m2/repository/org/glassfish/hk2/guice-bridge/2.5.0/guice-bridge-2.5.0.jar:/home/user/.m2/repository/org/glassfish/jersey/core/jersey-server/2.27/jersey-server-2.27.jar:/home/user/.m2/repository/org/glassfish/jersey/core/jersey-client/2.27/jersey-client-2.27.jar:/home/user/.m2/repository/org/glassfish/jersey/media/jersey-media-jaxb/2.27/jersey-media-jaxb-2.27.jar:/home/user/.m2/repository/javax/validation/validation-api/1.1.0.Final/validation-api-1.1.0.Final.jar:/home/user/.m2/repository/org/glassfish/jersey/media/jersey-media-json-jackson/2.27/jersey-media-json-jackson-2.27.jar:/home/user/.m2/repository/org/glassfish/jersey/ext/jersey-entity-filtering/2.27/jersey-entity-filtering-2.27.jar:/home/user/.m2/repository/com/google/inject/extensions/guice-assistedinject/4.0/guice-assistedinject-4.0.jar:/home/user/.m2/repository/org/jooq/jooq/3.11.10/jooq-3.11.10.jar:/home/user/.m2/repository/org/jooq/jooq-meta/3.11.10/jooq-meta-3.11.10.jar:/home/user/.m2/repository/org/jooq/jooq-codegen/3.11.10/jooq-codegen-3.11.10.jar:/home/user/.m2/repository/com/jolbox/bonecp/0.8.0.RELEASE/bonecp-0.8.0.RELEASE.jar:/home/user/.m2/repository/org/xerial/sqlite-jdbc/3.25.2/sqlite-jdbc-3.25.2.jar:/home/user/.m2/repository/org/springframework/spring-jdbc/5.1.3.RELEASE/spring-jdbc-5.1.3.RELEASE.jar:/home/user/.m2/repository/org/springframework/spring-beans/5.1.3.RELEASE/spring-beans-5.1.3.RELEASE.jar:/home/user/.m2/repository/org/springframework/spring-core/5.1.3.RELEASE/spring-core-5.1.3.RELEASE.jar:/home/user/.m2/repository/org/springframework/spring-jcl/5.1.3.RELEASE/spring-jcl-5.1.3.RELEASE.jar:/home/user/.m2/repository/org/springframework/spring-tx/5.1.3.RELEASE/spring-tx-5.1.3.RELEASE.jar:/home/user/.m2/repository/org/apache/hadoop/hadoop-ozone-client/0.5.0-SNAPSHOT/hadoop-ozone-client-0.5.0-SNAPSHOT.jar:/home/user/.m2/repository/commons-lang/commons-lang/2.6/commons-lang-2.6.jar:/home/user/.m2/repository/org/apache/hadoop/hadoop-ozone-ozone-manager/0.5.0-SNAPSHOT/hadoop-ozone-ozone-manager-0.5.0-SNAPSHOT-tests.jar:/home/user/.m2/repository/junit/junit/4.11/junit-4.11.jar:/home/user/.m2/repository/org/hamcrest/hamcrest-core/1.3/hamcrest-core-1.3.jar:/home/user/.m2/repository/org/openjdk/jmh/jmh-core/1.19/jmh-core-1.19.jar:/home/user/.m2/repository/net/sf/jopt-simple/jopt-simple/4.6/jopt-simple-4.6.jar:/home/user/.m2/repository/org/apache/commons/commons-math3/3.1.1/commons-math3-3.1.1.jar:/home/user/.m2/repository/org/openjdk/jmh/jmh-generator-annprocess/1.19/jmh-generator-annprocess-1.19.jar:/home/user/.m2/repository/org/mockito/mockito-all/1.8.5/mockito-all-1.8.5.jar:/home/user/.m2/repository/org/apache/hadoop/hadoop-kms/3.2.0/hadoop-kms-3.2.0.jar:/home/user/.m2/repository/org/apache/hadoop/hadoop-auth/3.2.0/hadoop-auth-3.2.0.jar:/home/user/.m2/repository/com/nimbusds/nimbus-jose-jwt/4.41.1/nimbus-jose-jwt-4.41.1.jar:/home/user/.m2/repository/com/github/stephenc/jcip/jcip-annotations/1.0-1/jcip-annotations-1.0-1.jar:/home/user/.m2/repository/net/minidev/json-smart/2.3/json-smart-2.3.jar:/home/user/.m2/repository/net/minidev/accessors-smart/1.2/accessors-smart-1.2.jar:/home/user/.m2/repository/org/ow2/asm/asm/5.0.4/asm-5.0.4.jar:/home/user/.m2/repository/org/apache/curator/curator-framework/2.12.0/curator-framework-2.12.0.jar:/home/user/.m2/repository/com/sun/jersey/jersey-core/1.19/jersey-core-1.19.jar:/home/user/.m2/repository/javax/ws/rs/jsr311-api/1.1.1/jsr311-api-1.1.1.jar:/home/user/.m2/repository/com/sun/jersey/jersey-server/1.19/jersey-server-1.19.jar:/home/user/.m2/repository/javax/servlet/javax.servlet-api/3.1.0/javax.servlet-api-3.1.0.jar:/home/user/.m2/repository/org/eclipse/jetty/jetty-server/9.3.25.v20180904/jetty-server-9.3.25.v20180904.jar:/home/user/.m2/repository/org/eclipse/jetty/jetty-http/9.3.25.v20180904/jetty-http-9.3.25.v20180904.jar:/home/user/.m2/repository/org/eclipse/jetty/jetty-io/9.3.25.v20180904/jetty-io-9.3.25.v20180904.jar:/home/user/.m2/repository/org/eclipse/jetty/jetty-webapp/9.3.25.v20180904/jetty-webapp-9.3.25.v20180904.jar:/home/user/.m2/repository/org/eclipse/jetty/jetty-xml/9.3.25.v20180904/jetty-xml-9.3.25.v20180904.jar:/home/user/.m2/repository/log4j/log4j/1.2.17/log4j-1.2.17.jar:/home/user/.m2/repository/org/slf4j/slf4j-api/1.7.25/slf4j-api-1.7.25.jar:/home/user/.m2/repository/org/slf4j/jul-to-slf4j/1.7.25/jul-to-slf4j-1.7.25.jar:/home/user/.m2/repository/org/eclipse/jetty/jetty-util/9.3.25.v20180904/jetty-util-9.3.25.v20180904.jar:/home/user/.m2/repository/com/fasterxml/jackson/core/jackson-databind/2.9.9/jackson-databind-2.9.9.jar:/home/user/.m2/repository/org/apache/hadoop/hadoop-kms/3.2.0/hadoop-kms-3.2.0-tests.jar:/home/user/.m2/repository/org/apache/hadoop/hadoop-hdds-server-scm/0.5.0-SNAPSHOT/hadoop-hdds-server-scm-0.5.0-SNAPSHOT-tests.jar:/home/user/.m2/repository/org/apache/hadoop/hadoop-hdds-container-service/0.5.0-SNAPSHOT/hadoop-hdds-container-service-0.5.0-SNAPSHOT-tests.jar:/home/user/.m2/repository/org/yaml/snakeyaml/1.16/snakeyaml-1.16.jar:/home/user/.m2/repository/org/apache/hadoop/hadoop-common/3.2.0/hadoop-common-3.2.0-tests.jar:/home/user/.m2/repository/org/apache/hadoop/hadoop-annotations/3.2.0/hadoop-annotations-3.2.0.jar:/usr/lib/jvm/java-1.8.0-openjdk-1.8.0.222.b10-1.el7_7.x86_64/jre/../lib/tools.jar:/home/user/.m2/repository/commons-cli/commons-cli/1.2/commons-cli-1.2.jar:/home/user/.m2/repository/org/apache/httpcomponents/httpclient/4.5.2/httpclient-4.5.2.jar:/home/user/.m2/repository/org/apache/httpcomponents/httpcore/4.4.4/httpcore-4.4.4.jar:/home/user/.m2/repository/commons-codec/commons-codec/1.11/commons-codec-1.11.jar:/home/user/.m2/repository/commons-net/commons-net/3.6/commons-net-3.6.jar:/home/user/.m2/repository/commons-collections/commons-collections/3.2.2/commons-collections-3.2.2.jar:/home/user/.m2/repository/org/eclipse/jetty/jetty-servlet/9.3.25.v20180904/jetty-servlet-9.3.25.v20180904.jar:/home/user/.m2/repository/org/eclipse/jetty/jetty-security/9.3.25.v20180904/jetty-security-9.3.25.v20180904.jar:/home/user/.m2/repository/javax/servlet/jsp/jsp-api/2.1/jsp-api-2.1.jar:/home/user/.m2/repository/com/sun/jersey/jersey-servlet/1.19/jersey-servlet-1.19.jar:/home/user/.m2/repository/com/sun/jersey/jersey-json/1.19/jersey-json-1.19.jar:/home/user/.m2/repository/org/codehaus/jettison/jettison/1.1/jettison-1.1.jar:/home/user/.m2/repository/org/codehaus/jackson/jackson-core-asl/1.9.13/jackson-core-asl-1.9.13.jar:/home/user/.m2/repository/org/codehaus/jackson/jackson-mapper-asl/1.9.13/jackson-mapper-asl-1.9.13.jar:/home/user/.m2/repository/org/codehaus/jackson/jackson-jaxrs/1.9.13/jackson-jaxrs-1.9.13.jar:/home/user/.m2/repository/org/codehaus/jackson/jackson-xc/1.9.13/jackson-xc-1.9.13.jar:/home/user/.m2/repository/commons-logging/commons-logging/1.1.3/commons-logging-1.1.3.jar:/home/user/.m2/repository/commons-beanutils/commons-beanutils/1.9.4/commons-beanutils-1.9.4.jar:/home/user/.m2/repository/org/apache/commons/commons-configuration2/2.1.1/commons-configuration2-2.1.1.jar:/home/user/.m2/repository/org/apache/commons/commons-lang3/3.7/commons-lang3-3.7.jar:/home/user/.m2/repository/org/apache/commons/commons-text/1.4/commons-text-1.4.jar:/home/user/.m2/repository/org/apache/avro/avro/1.7.7/avro-1.7.7.jar:/home/user/.m2/repository/com/thoughtworks/paranamer/paranamer/2.3/paranamer-2.3.jar:/home/user/.m2/repository/org/xerial/snappy/snappy-java/1.0.5/snappy-java-1.0.5.jar:/home/user/.m2/repository/com/google/re2j/re2j/1.1/re2j-1.1.jar:/home/user/.m2/repository/com/google/code/gson/gson/2.2.4/gson-2.2.4.jar:/home/user/.m2/repository/com/jcraft/jsch/0.1.54/jsch-0.1.54.jar:/home/user/.m2/repository/org/apache/curator/curator-client/2.12.0/curator-client-2.12.0.jar:/home/user/.m2/repository/org/apache/curator/curator-recipes/2.12.0/curator-recipes-2.12.0.jar:/home/user/.m2/repository/com/google/code/findbugs/jsr305/3.0.0/jsr305-3.0.0.jar:/home/user/.m2/repository/org/apache/htrace/htrace-core4/4.1.0-incubating/htrace-core4-4.1.0-incubating.jar:/home/user/.m2/repository/org/apache/zookeeper/zookeeper/3.4.13/zookeeper-3.4.13.jar:/home/user/.m2/repository/jline/jline/0.9.94/jline-0.9.94.jar:/home/user/.m2/repository/org/apache/yetus/audience-annotations/0.5.0/audience-annotations-0.5.0.jar:/home/user/.m2/repository/org/codehaus/woodstox/stax2-api/3.1.4/stax2-api-3.1.4.jar:/home/user/.m2/repository/com/fasterxml/woodstox/woodstox-core/5.0.3/woodstox-core-5.0.3.jar:/home/user/.m2/repository/dnsjava/dnsjava/2.1.7/dnsjava-2.1.7.jar:/home/user/.m2/repository/org/apache/hadoop/hadoop-hdfs/3.2.0/hadoop-hdfs-3.2.0-tests.jar:/home/user/.m2/repository/org/eclipse/jetty/jetty-util-ajax/9.3.25.v20180904/jetty-util-ajax-9.3.25.v20180904.jar:/home/user/.m2/repository/commons-daemon/commons-daemon/1.0.13/commons-daemon-1.0.13.jar:/home/user/.m2/repository/io/netty/netty/3.10.5.Final/netty-3.10.5.Final.jar:/home/user/.m2/repository/io/netty/netty-all/4.0.52.Final/netty-all-4.0.52.Final.jar:/home/user/.m2/repository/org/fusesource/leveldbjni/leveldbjni-all/1.8/leveldbjni-all-1.8.jar:"/>
    <property name="sun.cpu.endian" value="little"/>
    <property name="user.home" value="/home/user"/>
    <property name="user.language" value="en"/>
    <property name="java.specification.vendor" value="Oracle Corporation"/>
    <property name="java.home" value="/usr/lib/jvm/java-1.8.0-openjdk-1.8.0.222.b10-1.el7_7.x86_64/jre"/>
    <property name="surefire.excludesFile" value="/tools/ozone-bad-unit-tests"/>
    <property name="java.security.krb5.conf" value="/workdir/hadoop-ozone/integration-test/target/test-classes/krb5.conf"/>
    <property name="basedir" value="/workdir/hadoop-ozone/integration-test"/>
    <property name="file.separator" value="/"/>
    <property name="line.separator" value="&#10;"/>
    <property name="java.vm.specification.vendor" value="Oracle Corporation"/>
    <property name="java.specification.name" value="Java Platform API Specification"/>
    <property name="java.awt.graphicsenv" value="sun.awt.X11GraphicsEnvironment"/>
    <property name="surefire.real.class.path" value="/workdir/hadoop-ozone/integration-test/target/surefire/surefirebooter243472403165286392.jar"/>
    <property name="hadoop.log.dir" value="/workdir/hadoop-ozone/integration-test/target/log"/>
    <property name="sun.boot.class.path" value="/usr/lib/jvm/java-1.8.0-openjdk-1.8.0.222.b10-1.el7_7.x86_64/jre/lib/resources.jar:/usr/lib/jvm/java-1.8.0-openjdk-1.8.0.222.b10-1.el7_7.x86_64/jre/lib/rt.jar:/usr/lib/jvm/java-1.8.0-openjdk-1.8.0.222.b10-1.el7_7.x86_64/jre/lib/sunrsasign.jar:/usr/lib/jvm/java-1.8.0-openjdk-1.8.0.222.b10-1.el7_7.x86_64/jre/lib/jsse.jar:/usr/lib/jvm/java-1.8.0-openjdk-1.8.0.222.b10-1.el7_7.x86_64/jre/lib/jce.jar:/usr/lib/jvm/java-1.8.0-openjdk-1.8.0.222.b10-1.el7_7.x86_64/jre/lib/charsets.jar:/usr/lib/jvm/java-1.8.0-openjdk-1.8.0.222.b10-1.el7_7.x86_64/jre/lib/jfr.jar:/usr/lib/jvm/java-1.8.0-openjdk-1.8.0.222.b10-1.el7_7.x86_64/jre/classes"/>
    <property name="sun.management.compiler" value="HotSpot 64-Bit Tiered Compilers"/>
    <property name="java.runtime.version" value="1.8.0_222-b10"/>
    <property name="java.net.preferIPv4Stack" value="true"/>
    <property name="user.name" value="jenkins1000"/>
    <property name="path.separator" value=":"/>
    <property name="java.security.egd" value="file:///dev/urandom"/>
    <property name="os.version" value="3.10.0-957.12.2.el7.x86_64"/>
    <property name="java.endorsed.dirs" value="/usr/lib/jvm/java-1.8.0-openjdk-1.8.0.222.b10-1.el7_7.x86_64/jre/lib/endorsed"/>
    <property name="java.runtime.name" value="OpenJDK Runtime Environment"/>
    <property name="file.encoding" value="ANSI_X3.4-1968"/>
    <property name="java.vm.name" value="OpenJDK 64-Bit Server VM"/>
    <property name="test.build.webapps" value=""/>
    <property name="localRepository" value="/home/user/.m2/repository"/>
    <property name="java.vendor.url.bug" value="http://bugreport.sun.com/bugreport/"/>
    <property name="java.io.tmpdir" value="/tmp"/>
    <property name="require.test.libhadoop" value=""/>
    <property name="java.version" value="1.8.0_222"/>
    <property name="user.dir" value="/workdir/hadoop-ozone/integration-test"/>
    <property name="os.arch" value="amd64"/>
    <property name="java.vm.specification.name" value="Java Virtual Machine Specification"/>
    <property name="test.build.classes" value="/workdir/hadoop-ozone/integration-test/target/test-classes"/>
    <property name="java.awt.printerjob" value="sun.print.PSPrinterJob"/>
    <property name="sun.os.patch.level" value="unknown"/>
    <property name="hadoop.tmp.dir" value="/workdir/hadoop-ozone/integration-test/target/tmp"/>
    <property name="java.library.path" value="/usr/lib:/workdir/hadoop-ozone/integration-test/target/native/target/usr/local/lib:/workdir/hadoop-ozone/integration-test/../../hadoop-common-project/hadoop-common/target/native/target/usr/local/lib:/usr/java/packages/lib/amd64:/usr/lib64:/lib64:/lib:/usr/lib"/>
    <property name="java.vm.info" value="mixed mode"/>
    <property name="java.vendor" value="Oracle Corporation"/>
    <property name="java.vm.version" value="25.222-b10"/>
    <property name="java.ext.dirs" value="/usr/lib/jvm/java-1.8.0-openjdk-1.8.0.222.b10-1.el7_7.x86_64/jre/lib/ext:/usr/java/packages/lib/ext"/>
    <property name="sun.io.unicode.encoding" value="UnicodeLittle"/>
    <property name="java.class.version" value="52.0"/>
  </properties>
  <testcase name="testMultiBlockWritesWithIntermittentDnFailures" classname="org.apache.hadoop.ozone.client.rpc.TestMultiBlockWritesWithDnFailures" time="54.742">
    <failure message="expected:&lt;6&gt; but was:&lt;5&gt;" type="java.lang.AssertionError"><![CDATA[java.lang.AssertionError: expected:<6> but was:<5>
	at org.junit.Assert.fail(Assert.java:88)
	at org.junit.Assert.failNotEquals(Assert.java:743)
	at org.junit.Assert.assertEquals(Assert.java:118)
	at org.junit.Assert.assertEquals(Assert.java:555)
	at org.junit.Assert.assertEquals(Assert.java:542)
	at org.apache.hadoop.ozone.client.rpc.TestMultiBlockWritesWithDnFailures.testMultiBlockWritesWithIntermittentDnFailures(TestMultiBlockWritesWithDnFailures.java:176)
	at sun.reflect.NativeMethodAccessorImpl.invoke0(Native Method)
	at sun.reflect.NativeMethodAccessorImpl.invoke(NativeMethodAccessorImpl.java:62)
	at sun.reflect.DelegatingMethodAccessorImpl.invoke(DelegatingMethodAccessorImpl.java:43)
	at java.lang.reflect.Method.invoke(Method.java:498)
	at org.junit.runners.model.FrameworkMethod$1.runReflectiveCall(FrameworkMethod.java:47)
	at org.junit.internal.runners.model.ReflectiveCallable.run(ReflectiveCallable.java:12)
	at org.junit.runners.model.FrameworkMethod.invokeExplosively(FrameworkMethod.java:44)
	at org.junit.internal.runners.statements.InvokeMethod.evaluate(InvokeMethod.java:17)
	at org.junit.internal.runners.statements.RunAfters.evaluate(RunAfters.java:27)
	at org.junit.runners.ParentRunner.runLeaf(ParentRunner.java:271)
	at org.junit.runners.BlockJUnit4ClassRunner.runChild(BlockJUnit4ClassRunner.java:70)
	at org.junit.runners.BlockJUnit4ClassRunner.runChild(BlockJUnit4ClassRunner.java:50)
	at org.junit.runners.ParentRunner$3.run(ParentRunner.java:238)
	at org.junit.runners.ParentRunner$1.schedule(ParentRunner.java:63)
	at org.junit.runners.ParentRunner.runChildren(ParentRunner.java:236)
	at org.junit.runners.ParentRunner.access$000(ParentRunner.java:53)
	at org.junit.runners.ParentRunner$2.evaluate(ParentRunner.java:229)
	at org.junit.runners.ParentRunner.run(ParentRunner.java:309)
	at org.apache.maven.surefire.junit4.JUnit4Provider.execute(JUnit4Provider.java:365)
	at org.apache.maven.surefire.junit4.JUnit4Provider.executeWithRerun(JUnit4Provider.java:273)
	at org.apache.maven.surefire.junit4.JUnit4Provider.executeTestSet(JUnit4Provider.java:238)
	at org.apache.maven.surefire.junit4.JUnit4Provider.invoke(JUnit4Provider.java:159)
	at org.apache.maven.surefire.booter.ForkedBooter.invokeProviderInSameClassLoader(ForkedBooter.java:384)
	at org.apache.maven.surefire.booter.ForkedBooter.runSuitesInProcess(ForkedBooter.java:345)
	at org.apache.maven.surefire.booter.ForkedBooter.execute(ForkedBooter.java:126)
	at org.apache.maven.surefire.booter.ForkedBooter.main(ForkedBooter.java:418)
]]></failure>
    <system-out><![CDATA[2019-11-05 11:28:04,158 [main] WARN  server.ServerUtils (ServerUtils.java:getScmDbDir(145)) - ozone.scm.db.dirs is not configured. We recommend adding this setting. Falling back to ozone.metadata.dirs instead.
2019-11-05 11:28:04,432 [main] WARN  server.ServerUtils (ServerUtils.java:getScmDbDir(145)) - ozone.scm.db.dirs is not configured. We recommend adding this setting. Falling back to ozone.metadata.dirs instead.
2019-11-05 11:28:04,436 [main] WARN  server.ServerUtils (ServerUtils.java:getScmDbDir(145)) - ozone.scm.db.dirs is not configured. We recommend adding this setting. Falling back to ozone.metadata.dirs instead.
2019-11-05 11:28:04,468 [main] INFO  util.log (Log.java:initialized(192)) - Logging initialized @1779ms
2019-11-05 11:28:04,609 [main] INFO  db.DBStoreBuilder (DBStoreBuilder.java:addTable(117)) - using custom profile for table: deletedBlocks
2019-11-05 11:28:04,609 [main] INFO  db.DBStoreBuilder (DBStoreBuilder.java:processTables(168)) - Using default column profile:DBProfile.DISK for Table:deletedBlocks
2019-11-05 11:28:04,610 [main] INFO  db.DBStoreBuilder (DBStoreBuilder.java:addTable(117)) - using custom profile for table: validCerts
2019-11-05 11:28:04,610 [main] INFO  db.DBStoreBuilder (DBStoreBuilder.java:processTables(168)) - Using default column profile:DBProfile.DISK for Table:validCerts
2019-11-05 11:28:04,610 [main] INFO  db.DBStoreBuilder (DBStoreBuilder.java:addTable(117)) - using custom profile for table: revokedCerts
2019-11-05 11:28:04,611 [main] INFO  db.DBStoreBuilder (DBStoreBuilder.java:processTables(168)) - Using default column profile:DBProfile.DISK for Table:revokedCerts
2019-11-05 11:28:04,623 [main] INFO  db.DBStoreBuilder (DBStoreBuilder.java:addTable(117)) - using custom profile for table: default
2019-11-05 11:28:04,623 [main] INFO  db.DBStoreBuilder (DBStoreBuilder.java:processTables(174)) - Using default column profile:DBProfile.DISK for Table:default
2019-11-05 11:28:04,624 [main] INFO  db.DBStoreBuilder (DBStoreBuilder.java:getDbProfile(205)) - Using default options. DBProfile.DISK
2019-11-05 11:28:04,948 [main] INFO  net.NodeSchemaLoader (NodeSchemaLoader.java:loadSchemaFromFile(125)) - Loading file from sun.misc.CompoundEnumeration@6b2ea799
2019-11-05 11:28:04,965 [main] INFO  net.NodeSchemaLoader (NodeSchemaLoader.java:loadSchema(171)) - Loading network topology layer schema file
2019-11-05 11:28:05,056 [main] INFO  node.SCMNodeManager (SCMNodeManager.java:<init>(116)) - Entering startup safe mode.
2019-11-05 11:28:05,145 [main] INFO  algorithms.ContainerPlacementPolicyFactory (ContainerPlacementPolicyFactory.java:getPolicy(57)) - Create container placement policy of type org.apache.hadoop.hdds.scm.container.placement.algorithms.SCMContainerPlacementRandom
2019-11-05 11:28:05,162 [main] WARN  server.ServerUtils (ServerUtils.java:getScmDbDir(145)) - ozone.scm.db.dirs is not configured. We recommend adding this setting. Falling back to ozone.metadata.dirs instead.
2019-11-05 11:28:05,251 [main] INFO  pipeline.SCMPipelineManager (SCMPipelineManager.java:initializePipelineState(132)) - No pipeline exists in current db
2019-11-05 11:28:05,253 [main] WARN  server.ServerUtils (ServerUtils.java:getScmDbDir(145)) - ozone.scm.db.dirs is not configured. We recommend adding this setting. Falling back to ozone.metadata.dirs instead.
2019-11-05 11:28:05,368 [main] WARN  events.EventQueue (EventQueue.java:fireEvent(183)) - No event handler registered for event TypedEvent{payloadType=SafeModeStatus, name='SafeModeStatus'}
2019-11-05 11:28:05,976 [main] INFO  ipc.CallQueueManager (CallQueueManager.java:<init>(84)) - Using callQueue: class java.util.concurrent.LinkedBlockingQueue, queueCapacity: 2000, scheduler: class org.apache.hadoop.ipc.DefaultRpcScheduler, ipcBackoff: false.
2019-11-05 11:28:06,032 [Socket Reader #1 for port 41301] INFO  ipc.Server (Server.java:run(1074)) - Starting Socket Reader #1 for port 41301
2019-11-05 11:28:06,187 [main] INFO  ipc.CallQueueManager (CallQueueManager.java:<init>(84)) - Using callQueue: class java.util.concurrent.LinkedBlockingQueue, queueCapacity: 2000, scheduler: class org.apache.hadoop.ipc.DefaultRpcScheduler, ipcBackoff: false.
2019-11-05 11:28:06,188 [Socket Reader #1 for port 45746] INFO  ipc.Server (Server.java:run(1074)) - Starting Socket Reader #1 for port 45746
2019-11-05 11:28:06,204 [main] INFO  ipc.CallQueueManager (CallQueueManager.java:<init>(84)) - Using callQueue: class java.util.concurrent.LinkedBlockingQueue, queueCapacity: 2000, scheduler: class org.apache.hadoop.ipc.DefaultRpcScheduler, ipcBackoff: false.
2019-11-05 11:28:06,209 [Socket Reader #1 for port 41522] INFO  ipc.Server (Server.java:run(1074)) - Starting Socket Reader #1 for port 41522
2019-11-05 11:28:06,244 [main] INFO  hdfs.DFSUtil (DFSUtil.java:httpServerTemplateForNNAndJN(1641)) - Starting Web-server for scm at: http://0.0.0.0:0
2019-11-05 11:28:06,493 [main] INFO  server.AuthenticationFilter (AuthenticationFilter.java:constructSecretProvider(240)) - Unable to initialize FileSignerSecretProvider, falling back to use random secrets.
2019-11-05 11:28:06,512 [main] WARN  http.HttpRequestLog (HttpRequestLog.java:getRequestLog(97)) - Jetty request log can only be enabled using Log4j
2019-11-05 11:28:06,528 [main] INFO  http.HttpServer2 (HttpServer2.java:addGlobalFilter(975)) - Added global filter 'safety' (class=org.apache.hadoop.http.HttpServer2$QuotingInputFilter)
2019-11-05 11:28:06,533 [main] INFO  http.HttpServer2 (HttpServer2.java:addFilter(948)) - Added filter static_user_filter (class=org.apache.hadoop.http.lib.StaticUserWebFilter$StaticUserFilter) to context scm
2019-11-05 11:28:06,533 [main] INFO  http.HttpServer2 (HttpServer2.java:addFilter(958)) - Added filter static_user_filter (class=org.apache.hadoop.http.lib.StaticUserWebFilter$StaticUserFilter) to context static
2019-11-05 11:28:06,534 [main] INFO  http.HttpServer2 (HttpServer2.java:addFilter(958)) - Added filter static_user_filter (class=org.apache.hadoop.http.lib.StaticUserWebFilter$StaticUserFilter) to context logs
2019-11-05 11:28:06,584 [main] INFO  server.StorageContainerManager (StorageContainerManager.java:start(772)) - StorageContainerLocationProtocol RPC server is listening at /0.0.0.0:41522
2019-11-05 11:28:06,669 [main] WARN  impl.MetricsConfig (MetricsConfig.java:loadFirst(134)) - Cannot locate configuration: tried hadoop-metrics2-storagecontainermanager.properties,hadoop-metrics2.properties
2019-11-05 11:28:06,686 [main] INFO  impl.MetricsSystemImpl (MetricsSystemImpl.java:startTimer(374)) - Scheduled Metric snapshot period at 10 second(s).
2019-11-05 11:28:06,686 [main] INFO  impl.MetricsSystemImpl (MetricsSystemImpl.java:start(191)) - StorageContainerManager metrics system started
2019-11-05 11:28:06,949 [main] INFO  server.SCMClientProtocolServer (SCMClientProtocolServer.java:start(159)) - RPC server for Client  is listening at /0.0.0.0:41522
2019-11-05 11:28:06,950 [IPC Server Responder] INFO  ipc.Server (Server.java:run(1314)) - IPC Server Responder: starting
2019-11-05 11:28:06,950 [IPC Server listener on 41522] INFO  ipc.Server (Server.java:run(1153)) - IPC Server listener on 41522: starting
2019-11-05 11:28:06,952 [main] INFO  server.StorageContainerManager (StorageContainerManager.java:start(782)) - ScmBlockLocationProtocol RPC server is listening at /0.0.0.0:45746
2019-11-05 11:28:06,953 [main] INFO  server.SCMBlockProtocolServer (SCMBlockProtocolServer.java:start(146)) - RPC server for Block Protocol is listening at /0.0.0.0:45746
2019-11-05 11:28:06,953 [IPC Server Responder] INFO  ipc.Server (Server.java:run(1314)) - IPC Server Responder: starting
2019-11-05 11:28:06,954 [IPC Server listener on 45746] INFO  ipc.Server (Server.java:run(1153)) - IPC Server listener on 45746: starting
2019-11-05 11:28:06,956 [main] INFO  server.StorageContainerManager (StorageContainerManager.java:start(786)) - ScmDatanodeProtocl RPC server is listening at /0.0.0.0:41301
2019-11-05 11:28:06,956 [main] INFO  server.SCMDatanodeProtocolServer (SCMDatanodeProtocolServer.java:start(169)) - RPC server for DataNodes is listening at /0.0.0.0:41301
2019-11-05 11:28:06,958 [IPC Server Responder] INFO  ipc.Server (Server.java:run(1314)) - IPC Server Responder: starting
2019-11-05 11:28:06,958 [IPC Server listener on 41301] INFO  ipc.Server (Server.java:run(1153)) - IPC Server listener on 41301: starting
2019-11-05 11:28:06,962 [main] INFO  http.HttpServer2 (HttpServer2.java:bindListener(1191)) - Jetty bound to port 41584
2019-11-05 11:28:06,964 [main] INFO  server.Server (Server.java:doStart(351)) - jetty-9.3.25.v20180904, build timestamp: 2018-09-04T21:11:46Z, git hash: 3ce520221d0240229c862b122d2b06c12a625732
2019-11-05 11:28:07,012 [main] INFO  handler.ContextHandler (ContextHandler.java:doStart(781)) - Started o.e.j.s.ServletContextHandler@180da663{/logs,file:///workdir/hadoop-ozone/integration-test/target/log,AVAILABLE}
2019-11-05 11:28:07,014 [main] INFO  handler.ContextHandler (ContextHandler.java:doStart(781)) - Started o.e.j.s.ServletContextHandler@340da44c{/static,file:///workdir/hadoop-ozone/integration-test/target/test-classes/webapps/static,AVAILABLE}
2019-11-05 11:28:07,089 [main] INFO  handler.ContextHandler (ContextHandler.java:doStart(781)) - Started o.e.j.w.WebAppContext@410954b{/,file:///workdir/hadoop-ozone/integration-test/target/test-classes/webapps/scm/,AVAILABLE}{/scm}
2019-11-05 11:28:07,097 [main] INFO  server.AbstractConnector (AbstractConnector.java:doStart(278)) - Started ServerConnector@5f7f2382{HTTP/1.1,[http/1.1]}{0.0.0.0:41584}
2019-11-05 11:28:07,098 [main] INFO  server.Server (Server.java:doStart(419)) - Started @4409ms
2019-11-05 11:28:07,101 [main] INFO  impl.MetricsSinkAdapter (MetricsSinkAdapter.java:start(204)) - Sink prometheus started
2019-11-05 11:28:07,102 [main] INFO  impl.MetricsSystemImpl (MetricsSystemImpl.java:registerSink(301)) - Registered sink prometheus
2019-11-05 11:28:07,104 [main] INFO  server.BaseHttpServer (BaseHttpServer.java:updateConnectorAddress(215)) - HTTP server of SCM is listening at http://0.0.0.0:41584
2019-11-05 11:28:07,109 [org.apache.hadoop.util.JvmPauseMonitor$Monitor@37cd92d6] INFO  util.JvmPauseMonitor (JvmPauseMonitor.java:run(188)) - Starting JVM pause monitor
2019-11-05 11:28:07,112 [main] WARN  server.ServerUtils (ServerUtils.java:getDBPath(222)) - ozone.om.db.dirs is not configured. We recommend adding this setting. Falling back to ozone.metadata.dirs instead.
2019-11-05 11:28:07,220 [main] INFO  ha.OMHANodeDetails (OMHANodeDetails.java:loadOMHAConfig(190)) - Configuration either no ozone.om.address set. Falling back to the default OM address /127.0.0.1:0
2019-11-05 11:28:07,221 [main] INFO  ha.OMHANodeDetails (OMHANodeDetails.java:getOMNodeDetails(220)) - OM Service ID is not set. Setting it to the default ID: omServiceIdDefault
2019-11-05 11:28:07,222 [main] WARN  server.ServerUtils (ServerUtils.java:getDBPath(222)) - ozone.om.db.dirs is not configured. We recommend adding this setting. Falling back to ozone.metadata.dirs instead.
2019-11-05 11:28:07,223 [main] WARN  server.ServerUtils (ServerUtils.java:getDBPath(222)) - ozone.om.db.dirs is not configured. We recommend adding this setting. Falling back to ozone.metadata.dirs instead.
2019-11-05 11:28:08,361 [main] WARN  server.ServerUtils (ServerUtils.java:getDBPath(222)) - ozone.om.db.dirs is not configured. We recommend adding this setting. Falling back to ozone.metadata.dirs instead.
2019-11-05 11:28:08,372 [main] INFO  db.DBStoreBuilder (DBStoreBuilder.java:addTable(117)) - using custom profile for table: userTable
2019-11-05 11:28:08,372 [main] INFO  db.DBStoreBuilder (DBStoreBuilder.java:processTables(168)) - Using default column profile:DBProfile.DISK for Table:userTable
2019-11-05 11:28:08,373 [main] INFO  db.DBStoreBuilder (DBStoreBuilder.java:addTable(117)) - using custom profile for table: volumeTable
2019-11-05 11:28:08,373 [main] INFO  db.DBStoreBuilder (DBStoreBuilder.java:processTables(168)) - Using default column profile:DBProfile.DISK for Table:volumeTable
2019-11-05 11:28:08,374 [main] INFO  db.DBStoreBuilder (DBStoreBuilder.java:addTable(117)) - using custom profile for table: bucketTable
2019-11-05 11:28:08,374 [main] INFO  db.DBStoreBuilder (DBStoreBuilder.java:processTables(168)) - Using default column profile:DBProfile.DISK for Table:bucketTable
2019-11-05 11:28:08,375 [main] INFO  db.DBStoreBuilder (DBStoreBuilder.java:addTable(117)) - using custom profile for table: keyTable
2019-11-05 11:28:08,375 [main] INFO  db.DBStoreBuilder (DBStoreBuilder.java:processTables(168)) - Using default column profile:DBProfile.DISK for Table:keyTable
2019-11-05 11:28:08,376 [main] INFO  db.DBStoreBuilder (DBStoreBuilder.java:addTable(117)) - using custom profile for table: deletedTable
2019-11-05 11:28:08,378 [main] INFO  db.DBStoreBuilder (DBStoreBuilder.java:processTables(168)) - Using default column profile:DBProfile.DISK for Table:deletedTable
2019-11-05 11:28:08,378 [main] INFO  db.DBStoreBuilder (DBStoreBuilder.java:addTable(117)) - using custom profile for table: openKeyTable
2019-11-05 11:28:08,378 [main] INFO  db.DBStoreBuilder (DBStoreBuilder.java:processTables(168)) - Using default column profile:DBProfile.DISK for Table:openKeyTable
2019-11-05 11:28:08,379 [main] INFO  db.DBStoreBuilder (DBStoreBuilder.java:addTable(117)) - using custom profile for table: s3Table
2019-11-05 11:28:08,383 [main] INFO  db.DBStoreBuilder (DBStoreBuilder.java:processTables(168)) - Using default column profile:DBProfile.DISK for Table:s3Table
2019-11-05 11:28:08,384 [main] INFO  db.DBStoreBuilder (DBStoreBuilder.java:addTable(117)) - using custom profile for table: multipartInfoTable
2019-11-05 11:28:08,387 [main] INFO  db.DBStoreBuilder (DBStoreBuilder.java:processTables(168)) - Using default column profile:DBProfile.DISK for Table:multipartInfoTable
2019-11-05 11:28:08,388 [main] INFO  db.DBStoreBuilder (DBStoreBuilder.java:addTable(117)) - using custom profile for table: dTokenTable
2019-11-05 11:28:08,388 [main] INFO  db.DBStoreBuilder (DBStoreBuilder.java:processTables(168)) - Using default column profile:DBProfile.DISK for Table:dTokenTable
2019-11-05 11:28:08,389 [main] INFO  db.DBStoreBuilder (DBStoreBuilder.java:addTable(117)) - using custom profile for table: s3SecretTable
2019-11-05 11:28:08,389 [main] INFO  db.DBStoreBuilder (DBStoreBuilder.java:processTables(168)) - Using default column profile:DBProfile.DISK for Table:s3SecretTable
2019-11-05 11:28:08,391 [main] INFO  db.DBStoreBuilder (DBStoreBuilder.java:addTable(117)) - using custom profile for table: prefixTable
2019-11-05 11:28:08,391 [main] INFO  db.DBStoreBuilder (DBStoreBuilder.java:processTables(168)) - Using default column profile:DBProfile.DISK for Table:prefixTable
2019-11-05 11:28:08,392 [main] INFO  db.DBStoreBuilder (DBStoreBuilder.java:addTable(117)) - using custom profile for table: default
2019-11-05 11:28:08,392 [main] INFO  db.DBStoreBuilder (DBStoreBuilder.java:processTables(174)) - Using default column profile:DBProfile.DISK for Table:default
2019-11-05 11:28:08,393 [main] INFO  db.DBStoreBuilder (DBStoreBuilder.java:getDbProfile(205)) - Using default options. DBProfile.DISK
2019-11-05 11:28:08,941 [main] INFO  ipc.CallQueueManager (CallQueueManager.java:<init>(84)) - Using callQueue: class java.util.concurrent.LinkedBlockingQueue, queueCapacity: 2000, scheduler: class org.apache.hadoop.ipc.DefaultRpcScheduler, ipcBackoff: false.
2019-11-05 11:28:08,943 [Socket Reader #1 for port 41310] INFO  ipc.Server (Server.java:run(1074)) - Starting Socket Reader #1 for port 41310
2019-11-05 11:28:08,972 [main] INFO  om.OzoneManager (OzoneManager.java:start(1074)) - OzoneManager RPC server is listening at localhost/127.0.0.1:41310
2019-11-05 11:28:08,973 [main] INFO  impl.MetricsSystemImpl (MetricsSystemImpl.java:init(158)) - OzoneManager metrics system started (again)
2019-11-05 11:28:08,989 [IPC Server listener on 41310] INFO  ipc.Server (Server.java:run(1153)) - IPC Server listener on 41310: starting
2019-11-05 11:28:08,991 [IPC Server Responder] INFO  ipc.Server (Server.java:run(1314)) - IPC Server Responder: starting
2019-11-05 11:28:09,008 [main] INFO  hdfs.DFSUtil (DFSUtil.java:httpServerTemplateForNNAndJN(1641)) - Starting Web-server for ozoneManager at: http://0.0.0.0:0
2019-11-05 11:28:09,011 [main] INFO  server.AuthenticationFilter (AuthenticationFilter.java:constructSecretProvider(240)) - Unable to initialize FileSignerSecretProvider, falling back to use random secrets.
2019-11-05 11:28:09,012 [main] WARN  http.HttpRequestLog (HttpRequestLog.java:getRequestLog(97)) - Jetty request log can only be enabled using Log4j
2019-11-05 11:28:09,015 [main] INFO  http.HttpServer2 (HttpServer2.java:addGlobalFilter(975)) - Added global filter 'safety' (class=org.apache.hadoop.http.HttpServer2$QuotingInputFilter)
2019-11-05 11:28:09,017 [main] INFO  http.HttpServer2 (HttpServer2.java:addFilter(948)) - Added filter static_user_filter (class=org.apache.hadoop.http.lib.StaticUserWebFilter$StaticUserFilter) to context ozoneManager
2019-11-05 11:28:09,017 [main] INFO  http.HttpServer2 (HttpServer2.java:addFilter(958)) - Added filter static_user_filter (class=org.apache.hadoop.http.lib.StaticUserWebFilter$StaticUserFilter) to context static
2019-11-05 11:28:09,017 [main] INFO  http.HttpServer2 (HttpServer2.java:addFilter(958)) - Added filter static_user_filter (class=org.apache.hadoop.http.lib.StaticUserWebFilter$StaticUserFilter) to context logs
2019-11-05 11:28:09,021 [main] INFO  http.HttpServer2 (HttpServer2.java:bindListener(1191)) - Jetty bound to port 38965
2019-11-05 11:28:09,022 [main] INFO  server.Server (Server.java:doStart(351)) - jetty-9.3.25.v20180904, build timestamp: 2018-09-04T21:11:46Z, git hash: 3ce520221d0240229c862b122d2b06c12a625732
2019-11-05 11:28:09,025 [main] INFO  handler.ContextHandler (ContextHandler.java:doStart(781)) - Started o.e.j.s.ServletContextHandler@2eb79cbe{/logs,file:///workdir/hadoop-ozone/integration-test/target/log,AVAILABLE}
2019-11-05 11:28:09,026 [main] INFO  handler.ContextHandler (ContextHandler.java:doStart(781)) - Started o.e.j.s.ServletContextHandler@43826ec{/static,file:///workdir/hadoop-ozone/integration-test/target/test-classes/webapps/static,AVAILABLE}
2019-11-05 11:28:09,033 [main] INFO  handler.ContextHandler (ContextHandler.java:doStart(781)) - Started o.e.j.w.WebAppContext@6fca2a8f{/,file:///workdir/hadoop-ozone/integration-test/target/test-classes/webapps/ozoneManager/,AVAILABLE}{/ozoneManager}
2019-11-05 11:28:09,035 [main] INFO  server.AbstractConnector (AbstractConnector.java:doStart(278)) - Started ServerConnector@31fc71ab{HTTP/1.1,[http/1.1]}{0.0.0.0:38965}
2019-11-05 11:28:09,036 [main] INFO  server.Server (Server.java:doStart(419)) - Started @6346ms
2019-11-05 11:28:09,036 [main] WARN  impl.MetricsSystemImpl (MetricsSystemImpl.java:register(276)) - Sink prometheus already exists!
2019-11-05 11:28:09,037 [main] INFO  server.BaseHttpServer (BaseHttpServer.java:updateConnectorAddress(215)) - HTTP server of OZONEMANAGER is listening at http://0.0.0.0:38965
2019-11-05 11:28:09,352 [main] INFO  impl.MetricsSystemImpl (MetricsSystemImpl.java:init(158)) - HddsDatanode metrics system started (again)
2019-11-05 11:28:09,425 [main] INFO  ozone.HddsDatanodeService (HddsDatanodeService.java:start(184)) - HddsDatanodeService host:pr-hdds-1643-qwrct-1900426900 ip:192.168.157.252
2019-11-05 11:28:09,509 [main] INFO  volume.HddsVolume (HddsVolume.java:<init>(176)) - Creating Volume: /workdir/hadoop-ozone/integration-test/target/test-dir/MiniOzoneClusterImpl-6b0fc4fe-9997-4a80-bab7-b3d82b6e3879/datanode-0/data/containers/hdds of  storage type : DISK and capacity : 1482555576320
2019-11-05 11:28:09,517 [main] INFO  volume.VolumeSet (VolumeSet.java:initializeVolumeSet(170)) - Added Volume : /workdir/hadoop-ozone/integration-test/target/test-dir/MiniOzoneClusterImpl-6b0fc4fe-9997-4a80-bab7-b3d82b6e3879/datanode-0/data/containers/hdds to VolumeSet
2019-11-05 11:28:09,522 [main] INFO  volume.ThrottledAsyncChecker (ThrottledAsyncChecker.java:schedule(141)) - Scheduling a check for /workdir/hadoop-ozone/integration-test/target/test-dir/MiniOzoneClusterImpl-6b0fc4fe-9997-4a80-bab7-b3d82b6e3879/datanode-0/data/containers/hdds
2019-11-05 11:28:09,547 [main] INFO  volume.HddsVolumeChecker (HddsVolumeChecker.java:checkAllVolumes(204)) - Scheduled health check for volume /workdir/hadoop-ozone/integration-test/target/test-dir/MiniOzoneClusterImpl-6b0fc4fe-9997-4a80-bab7-b3d82b6e3879/datanode-0/data/containers/hdds
2019-11-05 11:28:09,744 [main] INFO  impl.RaftServerProxy (ConfUtils.java:logGet(43)) - raft.rpc.type = GRPC (default)
2019-11-05 11:28:09,830 [main] INFO  grpc.GrpcFactory (GrpcFactory.java:checkPooledByteBufAllocatorUseCacheForAllThreads(45)) - PERFORMANCE WARNING: useCacheForAllThreads is true that may cause Netty to create a lot garbage objects and, as a result, trigger GC.
	It is recommended to disable useCacheForAllThreads by setting -Dorg.apache.ratis.thirdparty.io.netty.allocator.useCacheForAllThreads=false in command line.
2019-11-05 11:28:09,837 [main] INFO  grpc.GrpcConfigKeys$Server (ConfUtils.java:logGet(43)) - raft.grpc.server.port = 0 (default)
2019-11-05 11:28:09,838 [main] INFO  server.GrpcService (ConfUtils.java:logGet(43)) - raft.grpc.message.size.max = 33570816 (custom)
2019-11-05 11:28:09,840 [main] INFO  server.RaftServerConfigKeys (ConfUtils.java:logGet(43)) - raft.server.log.appender.buffer.byte-limit = 33554432 (custom)
2019-11-05 11:28:09,841 [main] INFO  server.GrpcService (ConfUtils.java:logGet(43)) - raft.grpc.flow.control.window = 1MB (=1048576) (default)
2019-11-05 11:28:09,842 [main] INFO  server.RaftServerConfigKeys (ConfUtils.java:logGet(43)) - raft.server.rpc.request.timeout = 3000ms (default)
2019-11-05 11:28:10,059 [main] INFO  server.RaftServerConfigKeys (ConfUtils.java:logGet(43)) - raft.server.storage.dir = [/workdir/hadoop-ozone/integration-test/target/test-dir/MiniOzoneClusterImpl-6b0fc4fe-9997-4a80-bab7-b3d82b6e3879/datanode-0/data/ratis] (custom)
2019-11-05 11:28:10,151 [main] INFO  hdfs.DFSUtil (DFSUtil.java:httpServerTemplateForNNAndJN(1641)) - Starting Web-server for hddsDatanode at: http://0.0.0.0:0
2019-11-05 11:28:10,153 [main] INFO  server.AuthenticationFilter (AuthenticationFilter.java:constructSecretProvider(240)) - Unable to initialize FileSignerSecretProvider, falling back to use random secrets.
2019-11-05 11:28:10,154 [main] WARN  http.HttpRequestLog (HttpRequestLog.java:getRequestLog(97)) - Jetty request log can only be enabled using Log4j
2019-11-05 11:28:10,157 [main] INFO  http.HttpServer2 (HttpServer2.java:addGlobalFilter(975)) - Added global filter 'safety' (class=org.apache.hadoop.http.HttpServer2$QuotingInputFilter)
2019-11-05 11:28:10,158 [main] INFO  http.HttpServer2 (HttpServer2.java:addFilter(948)) - Added filter static_user_filter (class=org.apache.hadoop.http.lib.StaticUserWebFilter$StaticUserFilter) to context hddsDatanode
2019-11-05 11:28:10,158 [main] INFO  http.HttpServer2 (HttpServer2.java:addFilter(958)) - Added filter static_user_filter (class=org.apache.hadoop.http.lib.StaticUserWebFilter$StaticUserFilter) to context logs
2019-11-05 11:28:10,159 [main] INFO  http.HttpServer2 (HttpServer2.java:addFilter(958)) - Added filter static_user_filter (class=org.apache.hadoop.http.lib.StaticUserWebFilter$StaticUserFilter) to context static
2019-11-05 11:28:10,160 [main] INFO  http.HttpServer2 (HttpServer2.java:bindListener(1191)) - Jetty bound to port 36608
2019-11-05 11:28:10,160 [main] INFO  server.Server (Server.java:doStart(351)) - jetty-9.3.25.v20180904, build timestamp: 2018-09-04T21:11:46Z, git hash: 3ce520221d0240229c862b122d2b06c12a625732
2019-11-05 11:28:10,165 [main] INFO  handler.ContextHandler (ContextHandler.java:doStart(781)) - Started o.e.j.s.ServletContextHandler@7899de11{/logs,file:///workdir/hadoop-ozone/integration-test/target/log,AVAILABLE}
2019-11-05 11:28:10,165 [main] INFO  handler.ContextHandler (ContextHandler.java:doStart(781)) - Started o.e.j.s.ServletContextHandler@1bc0d349{/static,jar:file:/home/user/.m2/repository/org/apache/hadoop/hadoop-hdds-container-service/0.5.0-SNAPSHOT/hadoop-hdds-container-service-0.5.0-SNAPSHOT.jar!/webapps/static,AVAILABLE}
2019-11-05 11:28:10,221 [main] INFO  handler.ContextHandler (ContextHandler.java:doStart(781)) - Started o.e.j.w.WebAppContext@7e7f0216{/,file:///tmp/jetty-0.0.0.0-36608-hddsDatanode-_-any-5831255753570897582.dir/webapp/,AVAILABLE}{/hddsDatanode}
2019-11-05 11:28:10,222 [main] INFO  server.AbstractConnector (AbstractConnector.java:doStart(278)) - Started ServerConnector@4339baec{HTTP/1.1,[http/1.1]}{0.0.0.0:36608}
2019-11-05 11:28:10,223 [main] INFO  server.Server (Server.java:doStart(419)) - Started @7534ms
2019-11-05 11:28:10,223 [main] WARN  impl.MetricsSystemImpl (MetricsSystemImpl.java:register(276)) - Sink prometheus already exists!
2019-11-05 11:28:10,243 [main] INFO  server.BaseHttpServer (BaseHttpServer.java:updateConnectorAddress(215)) - HTTP server of HDDSDATANODE is listening at http://0.0.0.0:36608
2019-11-05 11:28:10,244 [main] INFO  impl.MetricsSystemImpl (MetricsSystemImpl.java:init(158)) - HddsDatanode metrics system started (again)
2019-11-05 11:28:10,247 [main] INFO  ozone.HddsDatanodeService (HddsDatanodeService.java:start(184)) - HddsDatanodeService host:pr-hdds-1643-qwrct-1900426900 ip:192.168.157.252
2019-11-05 11:28:10,257 [org.apache.hadoop.util.JvmPauseMonitor$Monitor@3493073f] INFO  util.JvmPauseMonitor (JvmPauseMonitor.java:run(188)) - Starting JVM pause monitor
2019-11-05 11:28:10,275 [main] INFO  volume.HddsVolume (HddsVolume.java:<init>(176)) - Creating Volume: /workdir/hadoop-ozone/integration-test/target/test-dir/MiniOzoneClusterImpl-6b0fc4fe-9997-4a80-bab7-b3d82b6e3879/datanode-1/data/containers/hdds of  storage type : DISK and capacity : 1482555576320
2019-11-05 11:28:10,279 [main] INFO  volume.VolumeSet (VolumeSet.java:initializeVolumeSet(170)) - Added Volume : /workdir/hadoop-ozone/integration-test/target/test-dir/MiniOzoneClusterImpl-6b0fc4fe-9997-4a80-bab7-b3d82b6e3879/datanode-1/data/containers/hdds to VolumeSet
2019-11-05 11:28:10,280 [main] INFO  volume.ThrottledAsyncChecker (ThrottledAsyncChecker.java:schedule(141)) - Scheduling a check for /workdir/hadoop-ozone/integration-test/target/test-dir/MiniOzoneClusterImpl-6b0fc4fe-9997-4a80-bab7-b3d82b6e3879/datanode-1/data/containers/hdds
2019-11-05 11:28:10,294 [main] INFO  volume.HddsVolumeChecker (HddsVolumeChecker.java:checkAllVolumes(204)) - Scheduled health check for volume /workdir/hadoop-ozone/integration-test/target/test-dir/MiniOzoneClusterImpl-6b0fc4fe-9997-4a80-bab7-b3d82b6e3879/datanode-1/data/containers/hdds
2019-11-05 11:28:10,327 [main] INFO  impl.RaftServerProxy (ConfUtils.java:logGet(43)) - raft.rpc.type = GRPC (default)
2019-11-05 11:28:10,327 [main] INFO  grpc.GrpcFactory (GrpcFactory.java:checkPooledByteBufAllocatorUseCacheForAllThreads(45)) - PERFORMANCE WARNING: useCacheForAllThreads is true that may cause Netty to create a lot garbage objects and, as a result, trigger GC.
	It is recommended to disable useCacheForAllThreads by setting -Dorg.apache.ratis.thirdparty.io.netty.allocator.useCacheForAllThreads=false in command line.
2019-11-05 11:28:10,327 [main] INFO  grpc.GrpcConfigKeys$Server (ConfUtils.java:logGet(43)) - raft.grpc.server.port = 0 (default)
2019-11-05 11:28:10,327 [main] INFO  server.GrpcService (ConfUtils.java:logGet(43)) - raft.grpc.message.size.max = 33570816 (custom)
2019-11-05 11:28:10,328 [main] INFO  server.RaftServerConfigKeys (ConfUtils.java:logGet(43)) - raft.server.log.appender.buffer.byte-limit = 33554432 (custom)
2019-11-05 11:28:10,328 [main] INFO  server.GrpcService (ConfUtils.java:logGet(43)) - raft.grpc.flow.control.window = 1MB (=1048576) (default)
2019-11-05 11:28:10,331 [main] INFO  server.RaftServerConfigKeys (ConfUtils.java:logGet(43)) - raft.server.rpc.request.timeout = 3000ms (default)
2019-11-05 11:28:10,332 [main] INFO  server.RaftServerConfigKeys (ConfUtils.java:logGet(43)) - raft.server.storage.dir = [/workdir/hadoop-ozone/integration-test/target/test-dir/MiniOzoneClusterImpl-6b0fc4fe-9997-4a80-bab7-b3d82b6e3879/datanode-1/data/ratis] (custom)
2019-11-05 11:28:10,342 [main] INFO  hdfs.DFSUtil (DFSUtil.java:httpServerTemplateForNNAndJN(1641)) - Starting Web-server for hddsDatanode at: http://0.0.0.0:0
2019-11-05 11:28:10,344 [main] INFO  server.AuthenticationFilter (AuthenticationFilter.java:constructSecretProvider(240)) - Unable to initialize FileSignerSecretProvider, falling back to use random secrets.
2019-11-05 11:28:10,345 [main] WARN  http.HttpRequestLog (HttpRequestLog.java:getRequestLog(97)) - Jetty request log can only be enabled using Log4j
2019-11-05 11:28:10,348 [main] INFO  http.HttpServer2 (HttpServer2.java:addGlobalFilter(975)) - Added global filter 'safety' (class=org.apache.hadoop.http.HttpServer2$QuotingInputFilter)
2019-11-05 11:28:10,350 [main] INFO  http.HttpServer2 (HttpServer2.java:addFilter(948)) - Added filter static_user_filter (class=org.apache.hadoop.http.lib.StaticUserWebFilter$StaticUserFilter) to context hddsDatanode
2019-11-05 11:28:10,350 [main] INFO  http.HttpServer2 (HttpServer2.java:addFilter(958)) - Added filter static_user_filter (class=org.apache.hadoop.http.lib.StaticUserWebFilter$StaticUserFilter) to context logs
2019-11-05 11:28:10,351 [main] INFO  http.HttpServer2 (HttpServer2.java:addFilter(958)) - Added filter static_user_filter (class=org.apache.hadoop.http.lib.StaticUserWebFilter$StaticUserFilter) to context static
2019-11-05 11:28:10,352 [main] INFO  http.HttpServer2 (HttpServer2.java:bindListener(1191)) - Jetty bound to port 40957
2019-11-05 11:28:10,352 [main] INFO  server.Server (Server.java:doStart(351)) - jetty-9.3.25.v20180904, build timestamp: 2018-09-04T21:11:46Z, git hash: 3ce520221d0240229c862b122d2b06c12a625732
2019-11-05 11:28:10,356 [main] INFO  handler.ContextHandler (ContextHandler.java:doStart(781)) - Started o.e.j.s.ServletContextHandler@6eb17ec8{/logs,file:///workdir/hadoop-ozone/integration-test/target/log,AVAILABLE}
2019-11-05 11:28:10,357 [main] INFO  handler.ContextHandler (ContextHandler.java:doStart(781)) - Started o.e.j.s.ServletContextHandler@277bf091{/static,jar:file:/home/user/.m2/repository/org/apache/hadoop/hadoop-hdds-container-service/0.5.0-SNAPSHOT/hadoop-hdds-container-service-0.5.0-SNAPSHOT.jar!/webapps/static,AVAILABLE}
2019-11-05 11:28:10,425 [main] INFO  handler.ContextHandler (ContextHandler.java:doStart(781)) - Started o.e.j.w.WebAppContext@4ac86d6a{/,file:///tmp/jetty-0.0.0.0-40957-hddsDatanode-_-any-2062202203163004962.dir/webapp/,AVAILABLE}{/hddsDatanode}
2019-11-05 11:28:10,437 [main] INFO  server.AbstractConnector (AbstractConnector.java:doStart(278)) - Started ServerConnector@1c315fcc{HTTP/1.1,[http/1.1]}{0.0.0.0:40957}
2019-11-05 11:28:10,438 [main] INFO  server.Server (Server.java:doStart(419)) - Started @7749ms
2019-11-05 11:28:10,438 [main] WARN  impl.MetricsSystemImpl (MetricsSystemImpl.java:register(276)) - Sink prometheus already exists!
2019-11-05 11:28:10,440 [main] INFO  server.BaseHttpServer (BaseHttpServer.java:updateConnectorAddress(215)) - HTTP server of HDDSDATANODE is listening at http://0.0.0.0:40957
2019-11-05 11:28:10,441 [main] INFO  impl.MetricsSystemImpl (MetricsSystemImpl.java:init(158)) - HddsDatanode metrics system started (again)
2019-11-05 11:28:10,443 [main] INFO  ozone.HddsDatanodeService (HddsDatanodeService.java:start(184)) - HddsDatanodeService host:pr-hdds-1643-qwrct-1900426900 ip:192.168.157.252
2019-11-05 11:28:10,520 [org.apache.hadoop.util.JvmPauseMonitor$Monitor@15600968] INFO  util.JvmPauseMonitor (JvmPauseMonitor.java:run(188)) - Starting JVM pause monitor
2019-11-05 11:28:10,583 [main] INFO  volume.HddsVolume (HddsVolume.java:<init>(176)) - Creating Volume: /workdir/hadoop-ozone/integration-test/target/test-dir/MiniOzoneClusterImpl-6b0fc4fe-9997-4a80-bab7-b3d82b6e3879/datanode-2/data/containers/hdds of  storage type : DISK and capacity : 1482555576320
2019-11-05 11:28:10,584 [main] INFO  volume.VolumeSet (VolumeSet.java:initializeVolumeSet(170)) - Added Volume : /workdir/hadoop-ozone/integration-test/target/test-dir/MiniOzoneClusterImpl-6b0fc4fe-9997-4a80-bab7-b3d82b6e3879/datanode-2/data/containers/hdds to VolumeSet
2019-11-05 11:28:10,584 [main] INFO  volume.ThrottledAsyncChecker (ThrottledAsyncChecker.java:schedule(141)) - Scheduling a check for /workdir/hadoop-ozone/integration-test/target/test-dir/MiniOzoneClusterImpl-6b0fc4fe-9997-4a80-bab7-b3d82b6e3879/datanode-2/data/containers/hdds
2019-11-05 11:28:10,637 [main] INFO  volume.HddsVolumeChecker (HddsVolumeChecker.java:checkAllVolumes(204)) - Scheduled health check for volume /workdir/hadoop-ozone/integration-test/target/test-dir/MiniOzoneClusterImpl-6b0fc4fe-9997-4a80-bab7-b3d82b6e3879/datanode-2/data/containers/hdds
2019-11-05 11:28:10,655 [main] INFO  impl.RaftServerProxy (ConfUtils.java:logGet(43)) - raft.rpc.type = GRPC (default)
2019-11-05 11:28:10,656 [main] INFO  grpc.GrpcFactory (GrpcFactory.java:checkPooledByteBufAllocatorUseCacheForAllThreads(45)) - PERFORMANCE WARNING: useCacheForAllThreads is true that may cause Netty to create a lot garbage objects and, as a result, trigger GC.
	It is recommended to disable useCacheForAllThreads by setting -Dorg.apache.ratis.thirdparty.io.netty.allocator.useCacheForAllThreads=false in command line.
2019-11-05 11:28:10,656 [main] INFO  grpc.GrpcConfigKeys$Server (ConfUtils.java:logGet(43)) - raft.grpc.server.port = 0 (default)
2019-11-05 11:28:10,656 [main] INFO  server.GrpcService (ConfUtils.java:logGet(43)) - raft.grpc.message.size.max = 33570816 (custom)
2019-11-05 11:28:10,657 [main] INFO  server.RaftServerConfigKeys (ConfUtils.java:logGet(43)) - raft.server.log.appender.buffer.byte-limit = 33554432 (custom)
2019-11-05 11:28:10,657 [main] INFO  server.GrpcService (ConfUtils.java:logGet(43)) - raft.grpc.flow.control.window = 1MB (=1048576) (default)
2019-11-05 11:28:10,657 [main] INFO  server.RaftServerConfigKeys (ConfUtils.java:logGet(43)) - raft.server.rpc.request.timeout = 3000ms (default)
2019-11-05 11:28:10,658 [main] INFO  server.RaftServerConfigKeys (ConfUtils.java:logGet(43)) - raft.server.storage.dir = [/workdir/hadoop-ozone/integration-test/target/test-dir/MiniOzoneClusterImpl-6b0fc4fe-9997-4a80-bab7-b3d82b6e3879/datanode-2/data/ratis] (custom)
2019-11-05 11:28:10,665 [main] INFO  hdfs.DFSUtil (DFSUtil.java:httpServerTemplateForNNAndJN(1641)) - Starting Web-server for hddsDatanode at: http://0.0.0.0:0
2019-11-05 11:28:10,666 [Datanode State Machine Thread - 0] INFO  datanode.InitDatanodeState (InitDatanodeState.java:persistContainerDatanodeDetails(140)) - DatanodeDetails is persisted to /workdir/hadoop-ozone/integration-test/target/test-dir/MiniOzoneClusterImpl-6b0fc4fe-9997-4a80-bab7-b3d82b6e3879/datanode-0/meta/datanode.id
2019-11-05 11:28:10,669 [main] INFO  server.AuthenticationFilter (AuthenticationFilter.java:constructSecretProvider(240)) - Unable to initialize FileSignerSecretProvider, falling back to use random secrets.
2019-11-05 11:28:10,669 [Datanode State Machine Thread - 0] INFO  datanode.InitDatanodeState (InitDatanodeState.java:persistContainerDatanodeDetails(140)) - DatanodeDetails is persisted to /workdir/hadoop-ozone/integration-test/target/test-dir/MiniOzoneClusterImpl-6b0fc4fe-9997-4a80-bab7-b3d82b6e3879/datanode-1/meta/datanode.id
2019-11-05 11:28:10,670 [main] WARN  http.HttpRequestLog (HttpRequestLog.java:getRequestLog(97)) - Jetty request log can only be enabled using Log4j
2019-11-05 11:28:10,671 [main] INFO  http.HttpServer2 (HttpServer2.java:addGlobalFilter(975)) - Added global filter 'safety' (class=org.apache.hadoop.http.HttpServer2$QuotingInputFilter)
2019-11-05 11:28:10,672 [main] INFO  http.HttpServer2 (HttpServer2.java:addFilter(948)) - Added filter static_user_filter (class=org.apache.hadoop.http.lib.StaticUserWebFilter$StaticUserFilter) to context hddsDatanode
2019-11-05 11:28:10,672 [main] INFO  http.HttpServer2 (HttpServer2.java:addFilter(958)) - Added filter static_user_filter (class=org.apache.hadoop.http.lib.StaticUserWebFilter$StaticUserFilter) to context logs
2019-11-05 11:28:10,672 [main] INFO  http.HttpServer2 (HttpServer2.java:addFilter(958)) - Added filter static_user_filter (class=org.apache.hadoop.http.lib.StaticUserWebFilter$StaticUserFilter) to context static
2019-11-05 11:28:10,673 [main] INFO  http.HttpServer2 (HttpServer2.java:bindListener(1191)) - Jetty bound to port 45611
2019-11-05 11:28:10,673 [main] INFO  server.Server (Server.java:doStart(351)) - jetty-9.3.25.v20180904, build timestamp: 2018-09-04T21:11:46Z, git hash: 3ce520221d0240229c862b122d2b06c12a625732
2019-11-05 11:28:10,676 [main] INFO  handler.ContextHandler (ContextHandler.java:doStart(781)) - Started o.e.j.s.ServletContextHandler@2643d762{/logs,file:///workdir/hadoop-ozone/integration-test/target/log,AVAILABLE}
2019-11-05 11:28:10,677 [main] INFO  handler.ContextHandler (ContextHandler.java:doStart(781)) - Started o.e.j.s.ServletContextHandler@2f236de0{/static,jar:file:/home/user/.m2/repository/org/apache/hadoop/hadoop-hdds-container-service/0.5.0-SNAPSHOT/hadoop-hdds-container-service-0.5.0-SNAPSHOT.jar!/webapps/static,AVAILABLE}
2019-11-05 11:28:10,705 [main] INFO  handler.ContextHandler (ContextHandler.java:doStart(781)) - Started o.e.j.w.WebAppContext@5df778c3{/,file:///tmp/jetty-0.0.0.0-45611-hddsDatanode-_-any-936549953777102427.dir/webapp/,AVAILABLE}{/hddsDatanode}
2019-11-05 11:28:10,706 [main] INFO  server.AbstractConnector (AbstractConnector.java:doStart(278)) - Started ServerConnector@895416d{HTTP/1.1,[http/1.1]}{0.0.0.0:45611}
2019-11-05 11:28:10,707 [main] INFO  server.Server (Server.java:doStart(419)) - Started @8018ms
2019-11-05 11:28:10,707 [main] WARN  impl.MetricsSystemImpl (MetricsSystemImpl.java:register(276)) - Sink prometheus already exists!
2019-11-05 11:28:10,710 [main] INFO  server.BaseHttpServer (BaseHttpServer.java:updateConnectorAddress(215)) - HTTP server of HDDSDATANODE is listening at http://0.0.0.0:45611
2019-11-05 11:28:10,712 [main] INFO  impl.MetricsSystemImpl (MetricsSystemImpl.java:init(158)) - HddsDatanode metrics system started (again)
2019-11-05 11:28:10,716 [org.apache.hadoop.util.JvmPauseMonitor$Monitor@291dd6b1] INFO  util.JvmPauseMonitor (JvmPauseMonitor.java:run(188)) - Starting JVM pause monitor
2019-11-05 11:28:10,718 [Datanode State Machine Thread - 0] INFO  datanode.InitDatanodeState (InitDatanodeState.java:persistContainerDatanodeDetails(140)) - DatanodeDetails is persisted to /workdir/hadoop-ozone/integration-test/target/test-dir/MiniOzoneClusterImpl-6b0fc4fe-9997-4a80-bab7-b3d82b6e3879/datanode-2/meta/datanode.id
2019-11-05 11:28:10,721 [main] INFO  ozone.HddsDatanodeService (HddsDatanodeService.java:start(184)) - HddsDatanodeService host:pr-hdds-1643-qwrct-1900426900 ip:192.168.157.252
2019-11-05 11:28:10,734 [main] INFO  volume.HddsVolume (HddsVolume.java:<init>(176)) - Creating Volume: /workdir/hadoop-ozone/integration-test/target/test-dir/MiniOzoneClusterImpl-6b0fc4fe-9997-4a80-bab7-b3d82b6e3879/datanode-3/data/containers/hdds of  storage type : DISK and capacity : 1482555576320
2019-11-05 11:28:10,735 [main] INFO  volume.VolumeSet (VolumeSet.java:initializeVolumeSet(170)) - Added Volume : /workdir/hadoop-ozone/integration-test/target/test-dir/MiniOzoneClusterImpl-6b0fc4fe-9997-4a80-bab7-b3d82b6e3879/datanode-3/data/containers/hdds to VolumeSet
2019-11-05 11:28:10,742 [main] INFO  volume.ThrottledAsyncChecker (ThrottledAsyncChecker.java:schedule(141)) - Scheduling a check for /workdir/hadoop-ozone/integration-test/target/test-dir/MiniOzoneClusterImpl-6b0fc4fe-9997-4a80-bab7-b3d82b6e3879/datanode-3/data/containers/hdds
2019-11-05 11:28:10,755 [main] INFO  volume.HddsVolumeChecker (HddsVolumeChecker.java:checkAllVolumes(204)) - Scheduled health check for volume /workdir/hadoop-ozone/integration-test/target/test-dir/MiniOzoneClusterImpl-6b0fc4fe-9997-4a80-bab7-b3d82b6e3879/datanode-3/data/containers/hdds
2019-11-05 11:28:10,786 [main] INFO  impl.RaftServerProxy (ConfUtils.java:logGet(43)) - raft.rpc.type = GRPC (default)
2019-11-05 11:28:10,787 [main] INFO  grpc.GrpcFactory (GrpcFactory.java:checkPooledByteBufAllocatorUseCacheForAllThreads(45)) - PERFORMANCE WARNING: useCacheForAllThreads is true that may cause Netty to create a lot garbage objects and, as a result, trigger GC.
	It is recommended to disable useCacheForAllThreads by setting -Dorg.apache.ratis.thirdparty.io.netty.allocator.useCacheForAllThreads=false in command line.
2019-11-05 11:28:10,787 [main] INFO  grpc.GrpcConfigKeys$Server (ConfUtils.java:logGet(43)) - raft.grpc.server.port = 0 (default)
2019-11-05 11:28:10,788 [main] INFO  server.GrpcService (ConfUtils.java:logGet(43)) - raft.grpc.message.size.max = 33570816 (custom)
2019-11-05 11:28:10,788 [main] INFO  server.RaftServerConfigKeys (ConfUtils.java:logGet(43)) - raft.server.log.appender.buffer.byte-limit = 33554432 (custom)
2019-11-05 11:28:10,788 [main] INFO  server.GrpcService (ConfUtils.java:logGet(43)) - raft.grpc.flow.control.window = 1MB (=1048576) (default)
2019-11-05 11:28:10,789 [main] INFO  server.RaftServerConfigKeys (ConfUtils.java:logGet(43)) - raft.server.rpc.request.timeout = 3000ms (default)
2019-11-05 11:28:10,791 [main] INFO  server.RaftServerConfigKeys (ConfUtils.java:logGet(43)) - raft.server.storage.dir = [/workdir/hadoop-ozone/integration-test/target/test-dir/MiniOzoneClusterImpl-6b0fc4fe-9997-4a80-bab7-b3d82b6e3879/datanode-3/data/ratis] (custom)
2019-11-05 11:28:10,798 [main] INFO  hdfs.DFSUtil (DFSUtil.java:httpServerTemplateForNNAndJN(1641)) - Starting Web-server for hddsDatanode at: http://0.0.0.0:0
2019-11-05 11:28:10,801 [main] INFO  server.AuthenticationFilter (AuthenticationFilter.java:constructSecretProvider(240)) - Unable to initialize FileSignerSecretProvider, falling back to use random secrets.
2019-11-05 11:28:10,802 [main] WARN  http.HttpRequestLog (HttpRequestLog.java:getRequestLog(97)) - Jetty request log can only be enabled using Log4j
2019-11-05 11:28:10,805 [main] INFO  http.HttpServer2 (HttpServer2.java:addGlobalFilter(975)) - Added global filter 'safety' (class=org.apache.hadoop.http.HttpServer2$QuotingInputFilter)
2019-11-05 11:28:10,806 [main] INFO  http.HttpServer2 (HttpServer2.java:addFilter(948)) - Added filter static_user_filter (class=org.apache.hadoop.http.lib.StaticUserWebFilter$StaticUserFilter) to context hddsDatanode
2019-11-05 11:28:10,807 [main] INFO  http.HttpServer2 (HttpServer2.java:addFilter(958)) - Added filter static_user_filter (class=org.apache.hadoop.http.lib.StaticUserWebFilter$StaticUserFilter) to context logs
2019-11-05 11:28:10,807 [main] INFO  http.HttpServer2 (HttpServer2.java:addFilter(958)) - Added filter static_user_filter (class=org.apache.hadoop.http.lib.StaticUserWebFilter$StaticUserFilter) to context static
2019-11-05 11:28:10,808 [main] INFO  http.HttpServer2 (HttpServer2.java:bindListener(1191)) - Jetty bound to port 36050
2019-11-05 11:28:10,809 [main] INFO  server.Server (Server.java:doStart(351)) - jetty-9.3.25.v20180904, build timestamp: 2018-09-04T21:11:46Z, git hash: 3ce520221d0240229c862b122d2b06c12a625732
2019-11-05 11:28:10,812 [main] INFO  handler.ContextHandler (ContextHandler.java:doStart(781)) - Started o.e.j.s.ServletContextHandler@2f1d0bbc{/logs,file:///workdir/hadoop-ozone/integration-test/target/log,AVAILABLE}
2019-11-05 11:28:10,813 [main] INFO  handler.ContextHandler (ContextHandler.java:doStart(781)) - Started o.e.j.s.ServletContextHandler@a9f023e{/static,jar:file:/home/user/.m2/repository/org/apache/hadoop/hadoop-hdds-container-service/0.5.0-SNAPSHOT/hadoop-hdds-container-service-0.5.0-SNAPSHOT.jar!/webapps/static,AVAILABLE}
2019-11-05 11:28:10,855 [main] INFO  handler.ContextHandler (ContextHandler.java:doStart(781)) - Started o.e.j.w.WebAppContext@a92be4f{/,file:///tmp/jetty-0.0.0.0-36050-hddsDatanode-_-any-5727378618956536936.dir/webapp/,AVAILABLE}{/hddsDatanode}
2019-11-05 11:28:10,866 [main] INFO  server.AbstractConnector (AbstractConnector.java:doStart(278)) - Started ServerConnector@53e800f9{HTTP/1.1,[http/1.1]}{0.0.0.0:36050}
2019-11-05 11:28:10,867 [main] INFO  server.Server (Server.java:doStart(419)) - Started @8178ms
2019-11-05 11:28:10,867 [main] WARN  impl.MetricsSystemImpl (MetricsSystemImpl.java:register(276)) - Sink prometheus already exists!
2019-11-05 11:28:10,869 [main] INFO  server.BaseHttpServer (BaseHttpServer.java:updateConnectorAddress(215)) - HTTP server of HDDSDATANODE is listening at http://0.0.0.0:36050
2019-11-05 11:28:10,869 [main] INFO  impl.MetricsSystemImpl (MetricsSystemImpl.java:init(158)) - HddsDatanode metrics system started (again)
2019-11-05 11:28:10,874 [main] INFO  ozone.HddsDatanodeService (HddsDatanodeService.java:start(184)) - HddsDatanodeService host:pr-hdds-1643-qwrct-1900426900 ip:192.168.157.252
2019-11-05 11:28:10,892 [org.apache.hadoop.util.JvmPauseMonitor$Monitor@788301dc] INFO  util.JvmPauseMonitor (JvmPauseMonitor.java:run(188)) - Starting JVM pause monitor
2019-11-05 11:28:10,912 [Datanode State Machine Thread - 0] INFO  datanode.InitDatanodeState (InitDatanodeState.java:persistContainerDatanodeDetails(140)) - DatanodeDetails is persisted to /workdir/hadoop-ozone/integration-test/target/test-dir/MiniOzoneClusterImpl-6b0fc4fe-9997-4a80-bab7-b3d82b6e3879/datanode-3/meta/datanode.id
2019-11-05 11:28:10,917 [main] INFO  volume.HddsVolume (HddsVolume.java:<init>(176)) - Creating Volume: /workdir/hadoop-ozone/integration-test/target/test-dir/MiniOzoneClusterImpl-6b0fc4fe-9997-4a80-bab7-b3d82b6e3879/datanode-4/data/containers/hdds of  storage type : DISK and capacity : 1482555576320
2019-11-05 11:28:10,917 [main] INFO  volume.VolumeSet (VolumeSet.java:initializeVolumeSet(170)) - Added Volume : /workdir/hadoop-ozone/integration-test/target/test-dir/MiniOzoneClusterImpl-6b0fc4fe-9997-4a80-bab7-b3d82b6e3879/datanode-4/data/containers/hdds to VolumeSet
2019-11-05 11:28:10,918 [main] INFO  volume.ThrottledAsyncChecker (ThrottledAsyncChecker.java:schedule(141)) - Scheduling a check for /workdir/hadoop-ozone/integration-test/target/test-dir/MiniOzoneClusterImpl-6b0fc4fe-9997-4a80-bab7-b3d82b6e3879/datanode-4/data/containers/hdds
2019-11-05 11:28:10,918 [main] INFO  volume.HddsVolumeChecker (HddsVolumeChecker.java:checkAllVolumes(204)) - Scheduled health check for volume /workdir/hadoop-ozone/integration-test/target/test-dir/MiniOzoneClusterImpl-6b0fc4fe-9997-4a80-bab7-b3d82b6e3879/datanode-4/data/containers/hdds
2019-11-05 11:28:10,936 [main] INFO  impl.RaftServerProxy (ConfUtils.java:logGet(43)) - raft.rpc.type = GRPC (default)
2019-11-05 11:28:10,937 [main] INFO  grpc.GrpcFactory (GrpcFactory.java:checkPooledByteBufAllocatorUseCacheForAllThreads(45)) - PERFORMANCE WARNING: useCacheForAllThreads is true that may cause Netty to create a lot garbage objects and, as a result, trigger GC.
	It is recommended to disable useCacheForAllThreads by setting -Dorg.apache.ratis.thirdparty.io.netty.allocator.useCacheForAllThreads=false in command line.
2019-11-05 11:28:10,937 [main] INFO  grpc.GrpcConfigKeys$Server (ConfUtils.java:logGet(43)) - raft.grpc.server.port = 0 (default)
2019-11-05 11:28:10,937 [main] INFO  server.GrpcService (ConfUtils.java:logGet(43)) - raft.grpc.message.size.max = 33570816 (custom)
2019-11-05 11:28:10,938 [main] INFO  server.RaftServerConfigKeys (ConfUtils.java:logGet(43)) - raft.server.log.appender.buffer.byte-limit = 33554432 (custom)
2019-11-05 11:28:10,938 [main] INFO  server.GrpcService (ConfUtils.java:logGet(43)) - raft.grpc.flow.control.window = 1MB (=1048576) (default)
2019-11-05 11:28:10,938 [main] INFO  server.RaftServerConfigKeys (ConfUtils.java:logGet(43)) - raft.server.rpc.request.timeout = 3000ms (default)
2019-11-05 11:28:10,939 [main] INFO  server.RaftServerConfigKeys (ConfUtils.java:logGet(43)) - raft.server.storage.dir = [/workdir/hadoop-ozone/integration-test/target/test-dir/MiniOzoneClusterImpl-6b0fc4fe-9997-4a80-bab7-b3d82b6e3879/datanode-4/data/ratis] (custom)
2019-11-05 11:28:10,945 [main] INFO  hdfs.DFSUtil (DFSUtil.java:httpServerTemplateForNNAndJN(1641)) - Starting Web-server for hddsDatanode at: http://0.0.0.0:0
2019-11-05 11:28:10,957 [main] INFO  server.AuthenticationFilter (AuthenticationFilter.java:constructSecretProvider(240)) - Unable to initialize FileSignerSecretProvider, falling back to use random secrets.
2019-11-05 11:28:10,963 [main] WARN  http.HttpRequestLog (HttpRequestLog.java:getRequestLog(97)) - Jetty request log can only be enabled using Log4j
2019-11-05 11:28:10,966 [main] INFO  http.HttpServer2 (HttpServer2.java:addGlobalFilter(975)) - Added global filter 'safety' (class=org.apache.hadoop.http.HttpServer2$QuotingInputFilter)
2019-11-05 11:28:10,967 [main] INFO  http.HttpServer2 (HttpServer2.java:addFilter(948)) - Added filter static_user_filter (class=org.apache.hadoop.http.lib.StaticUserWebFilter$StaticUserFilter) to context hddsDatanode
2019-11-05 11:28:10,968 [main] INFO  http.HttpServer2 (HttpServer2.java:addFilter(958)) - Added filter static_user_filter (class=org.apache.hadoop.http.lib.StaticUserWebFilter$StaticUserFilter) to context logs
2019-11-05 11:28:10,968 [main] INFO  http.HttpServer2 (HttpServer2.java:addFilter(958)) - Added filter static_user_filter (class=org.apache.hadoop.http.lib.StaticUserWebFilter$StaticUserFilter) to context static
2019-11-05 11:28:10,970 [main] INFO  http.HttpServer2 (HttpServer2.java:bindListener(1191)) - Jetty bound to port 36718
2019-11-05 11:28:10,972 [main] INFO  server.Server (Server.java:doStart(351)) - jetty-9.3.25.v20180904, build timestamp: 2018-09-04T21:11:46Z, git hash: 3ce520221d0240229c862b122d2b06c12a625732
2019-11-05 11:28:10,976 [main] INFO  handler.ContextHandler (ContextHandler.java:doStart(781)) - Started o.e.j.s.ServletContextHandler@5624657a{/logs,file:///workdir/hadoop-ozone/integration-test/target/log,AVAILABLE}
2019-11-05 11:28:10,978 [main] INFO  handler.ContextHandler (ContextHandler.java:doStart(781)) - Started o.e.j.s.ServletContextHandler@4d21c56e{/static,jar:file:/home/user/.m2/repository/org/apache/hadoop/hadoop-hdds-container-service/0.5.0-SNAPSHOT/hadoop-hdds-container-service-0.5.0-SNAPSHOT.jar!/webapps/static,AVAILABLE}
2019-11-05 11:28:11,050 [main] INFO  handler.ContextHandler (ContextHandler.java:doStart(781)) - Started o.e.j.w.WebAppContext@4a163575{/,file:///tmp/jetty-0.0.0.0-36718-hddsDatanode-_-any-3364205872932867272.dir/webapp/,AVAILABLE}{/hddsDatanode}
2019-11-05 11:28:11,052 [main] INFO  server.AbstractConnector (AbstractConnector.java:doStart(278)) - Started ServerConnector@7e642b88{HTTP/1.1,[http/1.1]}{0.0.0.0:36718}
2019-11-05 11:28:11,053 [main] INFO  server.Server (Server.java:doStart(419)) - Started @8364ms
2019-11-05 11:28:11,053 [main] WARN  impl.MetricsSystemImpl (MetricsSystemImpl.java:register(276)) - Sink prometheus already exists!
2019-11-05 11:28:11,054 [main] INFO  server.BaseHttpServer (BaseHttpServer.java:updateConnectorAddress(215)) - HTTP server of HDDSDATANODE is listening at http://0.0.0.0:36718
2019-11-05 11:28:11,055 [main] INFO  impl.MetricsSystemImpl (MetricsSystemImpl.java:init(158)) - HddsDatanode metrics system started (again)
2019-11-05 11:28:11,061 [main] INFO  ozone.HddsDatanodeService (HddsDatanodeService.java:start(184)) - HddsDatanodeService host:pr-hdds-1643-qwrct-1900426900 ip:192.168.157.252
2019-11-05 11:28:11,061 [org.apache.hadoop.util.JvmPauseMonitor$Monitor@15ea9da9] INFO  util.JvmPauseMonitor (JvmPauseMonitor.java:run(188)) - Starting JVM pause monitor
2019-11-05 11:28:11,064 [Datanode State Machine Thread - 0] INFO  datanode.InitDatanodeState (InitDatanodeState.java:persistContainerDatanodeDetails(140)) - DatanodeDetails is persisted to /workdir/hadoop-ozone/integration-test/target/test-dir/MiniOzoneClusterImpl-6b0fc4fe-9997-4a80-bab7-b3d82b6e3879/datanode-4/meta/datanode.id
2019-11-05 11:28:11,092 [main] INFO  volume.HddsVolume (HddsVolume.java:<init>(176)) - Creating Volume: /workdir/hadoop-ozone/integration-test/target/test-dir/MiniOzoneClusterImpl-6b0fc4fe-9997-4a80-bab7-b3d82b6e3879/datanode-5/data/containers/hdds of  storage type : DISK and capacity : 1482555576320
2019-11-05 11:28:11,093 [main] INFO  volume.VolumeSet (VolumeSet.java:initializeVolumeSet(170)) - Added Volume : /workdir/hadoop-ozone/integration-test/target/test-dir/MiniOzoneClusterImpl-6b0fc4fe-9997-4a80-bab7-b3d82b6e3879/datanode-5/data/containers/hdds to VolumeSet
2019-11-05 11:28:11,093 [main] INFO  volume.ThrottledAsyncChecker (ThrottledAsyncChecker.java:schedule(141)) - Scheduling a check for /workdir/hadoop-ozone/integration-test/target/test-dir/MiniOzoneClusterImpl-6b0fc4fe-9997-4a80-bab7-b3d82b6e3879/datanode-5/data/containers/hdds
2019-11-05 11:28:11,094 [main] INFO  volume.HddsVolumeChecker (HddsVolumeChecker.java:checkAllVolumes(204)) - Scheduled health check for volume /workdir/hadoop-ozone/integration-test/target/test-dir/MiniOzoneClusterImpl-6b0fc4fe-9997-4a80-bab7-b3d82b6e3879/datanode-5/data/containers/hdds
2019-11-05 11:28:11,140 [main] INFO  impl.RaftServerProxy (ConfUtils.java:logGet(43)) - raft.rpc.type = GRPC (default)
2019-11-05 11:28:11,140 [main] INFO  grpc.GrpcFactory (GrpcFactory.java:checkPooledByteBufAllocatorUseCacheForAllThreads(45)) - PERFORMANCE WARNING: useCacheForAllThreads is true that may cause Netty to create a lot garbage objects and, as a result, trigger GC.
	It is recommended to disable useCacheForAllThreads by setting -Dorg.apache.ratis.thirdparty.io.netty.allocator.useCacheForAllThreads=false in command line.
2019-11-05 11:28:11,140 [main] INFO  grpc.GrpcConfigKeys$Server (ConfUtils.java:logGet(43)) - raft.grpc.server.port = 0 (default)
2019-11-05 11:28:11,140 [main] INFO  server.GrpcService (ConfUtils.java:logGet(43)) - raft.grpc.message.size.max = 33570816 (custom)
2019-11-05 11:28:11,140 [main] INFO  server.RaftServerConfigKeys (ConfUtils.java:logGet(43)) - raft.server.log.appender.buffer.byte-limit = 33554432 (custom)
2019-11-05 11:28:11,141 [main] INFO  server.GrpcService (ConfUtils.java:logGet(43)) - raft.grpc.flow.control.window = 1MB (=1048576) (default)
2019-11-05 11:28:11,141 [main] INFO  server.RaftServerConfigKeys (ConfUtils.java:logGet(43)) - raft.server.rpc.request.timeout = 3000ms (default)
2019-11-05 11:28:11,141 [main] INFO  server.RaftServerConfigKeys (ConfUtils.java:logGet(43)) - raft.server.storage.dir = [/workdir/hadoop-ozone/integration-test/target/test-dir/MiniOzoneClusterImpl-6b0fc4fe-9997-4a80-bab7-b3d82b6e3879/datanode-5/data/ratis] (custom)
2019-11-05 11:28:11,143 [main] INFO  hdfs.DFSUtil (DFSUtil.java:httpServerTemplateForNNAndJN(1641)) - Starting Web-server for hddsDatanode at: http://0.0.0.0:0
2019-11-05 11:28:11,145 [main] INFO  server.AuthenticationFilter (AuthenticationFilter.java:constructSecretProvider(240)) - Unable to initialize FileSignerSecretProvider, falling back to use random secrets.
2019-11-05 11:28:11,145 [main] WARN  http.HttpRequestLog (HttpRequestLog.java:getRequestLog(97)) - Jetty request log can only be enabled using Log4j
2019-11-05 11:28:11,147 [main] INFO  http.HttpServer2 (HttpServer2.java:addGlobalFilter(975)) - Added global filter 'safety' (class=org.apache.hadoop.http.HttpServer2$QuotingInputFilter)
2019-11-05 11:28:11,148 [main] INFO  http.HttpServer2 (HttpServer2.java:addFilter(948)) - Added filter static_user_filter (class=org.apache.hadoop.http.lib.StaticUserWebFilter$StaticUserFilter) to context hddsDatanode
2019-11-05 11:28:11,148 [main] INFO  http.HttpServer2 (HttpServer2.java:addFilter(958)) - Added filter static_user_filter (class=org.apache.hadoop.http.lib.StaticUserWebFilter$StaticUserFilter) to context static
2019-11-05 11:28:11,148 [main] INFO  http.HttpServer2 (HttpServer2.java:addFilter(958)) - Added filter static_user_filter (class=org.apache.hadoop.http.lib.StaticUserWebFilter$StaticUserFilter) to context logs
2019-11-05 11:28:11,149 [main] INFO  http.HttpServer2 (HttpServer2.java:bindListener(1191)) - Jetty bound to port 42951
2019-11-05 11:28:11,149 [main] INFO  server.Server (Server.java:doStart(351)) - jetty-9.3.25.v20180904, build timestamp: 2018-09-04T21:11:46Z, git hash: 3ce520221d0240229c862b122d2b06c12a625732
2019-11-05 11:28:11,151 [main] INFO  handler.ContextHandler (ContextHandler.java:doStart(781)) - Started o.e.j.s.ServletContextHandler@378cfecf{/logs,file:///workdir/hadoop-ozone/integration-test/target/log,AVAILABLE}
2019-11-05 11:28:11,152 [main] INFO  handler.ContextHandler (ContextHandler.java:doStart(781)) - Started o.e.j.s.ServletContextHandler@5e7c141d{/static,jar:file:/home/user/.m2/repository/org/apache/hadoop/hadoop-hdds-container-service/0.5.0-SNAPSHOT/hadoop-hdds-container-service-0.5.0-SNAPSHOT.jar!/webapps/static,AVAILABLE}
2019-11-05 11:28:11,188 [main] INFO  handler.ContextHandler (ContextHandler.java:doStart(781)) - Started o.e.j.w.WebAppContext@15b642b9{/,file:///tmp/jetty-0.0.0.0-42951-hddsDatanode-_-any-26161941821125444.dir/webapp/,AVAILABLE}{/hddsDatanode}
2019-11-05 11:28:11,190 [main] INFO  server.AbstractConnector (AbstractConnector.java:doStart(278)) - Started ServerConnector@518bfd90{HTTP/1.1,[http/1.1]}{0.0.0.0:42951}
2019-11-05 11:28:11,190 [main] INFO  server.Server (Server.java:doStart(419)) - Started @8501ms
2019-11-05 11:28:11,190 [main] WARN  impl.MetricsSystemImpl (MetricsSystemImpl.java:register(276)) - Sink prometheus already exists!
2019-11-05 11:28:11,191 [main] INFO  server.BaseHttpServer (BaseHttpServer.java:updateConnectorAddress(215)) - HTTP server of HDDSDATANODE is listening at http://0.0.0.0:42951
2019-11-05 11:28:11,192 [main] INFO  impl.MetricsSystemImpl (MetricsSystemImpl.java:init(158)) - HddsDatanode metrics system started (again)
2019-11-05 11:28:11,196 [main] INFO  ozone.HddsDatanodeService (HddsDatanodeService.java:start(184)) - HddsDatanodeService host:pr-hdds-1643-qwrct-1900426900 ip:192.168.157.252
2019-11-05 11:28:11,197 [org.apache.hadoop.util.JvmPauseMonitor$Monitor@56d353] INFO  util.JvmPauseMonitor (JvmPauseMonitor.java:run(188)) - Starting JVM pause monitor
2019-11-05 11:28:11,201 [Datanode State Machine Thread - 0] INFO  datanode.InitDatanodeState (InitDatanodeState.java:persistContainerDatanodeDetails(140)) - DatanodeDetails is persisted to /workdir/hadoop-ozone/integration-test/target/test-dir/MiniOzoneClusterImpl-6b0fc4fe-9997-4a80-bab7-b3d82b6e3879/datanode-5/meta/datanode.id
2019-11-05 11:28:11,205 [main] INFO  volume.HddsVolume (HddsVolume.java:<init>(176)) - Creating Volume: /workdir/hadoop-ozone/integration-test/target/test-dir/MiniOzoneClusterImpl-6b0fc4fe-9997-4a80-bab7-b3d82b6e3879/datanode-6/data/containers/hdds of  storage type : DISK and capacity : 1482555576320
2019-11-05 11:28:11,206 [main] INFO  volume.VolumeSet (VolumeSet.java:initializeVolumeSet(170)) - Added Volume : /workdir/hadoop-ozone/integration-test/target/test-dir/MiniOzoneClusterImpl-6b0fc4fe-9997-4a80-bab7-b3d82b6e3879/datanode-6/data/containers/hdds to VolumeSet
2019-11-05 11:28:11,206 [main] INFO  volume.ThrottledAsyncChecker (ThrottledAsyncChecker.java:schedule(141)) - Scheduling a check for /workdir/hadoop-ozone/integration-test/target/test-dir/MiniOzoneClusterImpl-6b0fc4fe-9997-4a80-bab7-b3d82b6e3879/datanode-6/data/containers/hdds
2019-11-05 11:28:11,207 [main] INFO  volume.HddsVolumeChecker (HddsVolumeChecker.java:checkAllVolumes(204)) - Scheduled health check for volume /workdir/hadoop-ozone/integration-test/target/test-dir/MiniOzoneClusterImpl-6b0fc4fe-9997-4a80-bab7-b3d82b6e3879/datanode-6/data/containers/hdds
2019-11-05 11:28:11,225 [main] INFO  impl.RaftServerProxy (ConfUtils.java:logGet(43)) - raft.rpc.type = GRPC (default)
2019-11-05 11:28:11,226 [main] INFO  grpc.GrpcFactory (GrpcFactory.java:checkPooledByteBufAllocatorUseCacheForAllThreads(45)) - PERFORMANCE WARNING: useCacheForAllThreads is true that may cause Netty to create a lot garbage objects and, as a result, trigger GC.
	It is recommended to disable useCacheForAllThreads by setting -Dorg.apache.ratis.thirdparty.io.netty.allocator.useCacheForAllThreads=false in command line.
2019-11-05 11:28:11,226 [main] INFO  grpc.GrpcConfigKeys$Server (ConfUtils.java:logGet(43)) - raft.grpc.server.port = 0 (default)
2019-11-05 11:28:11,228 [main] INFO  server.GrpcService (ConfUtils.java:logGet(43)) - raft.grpc.message.size.max = 33570816 (custom)
2019-11-05 11:28:11,229 [main] INFO  server.RaftServerConfigKeys (ConfUtils.java:logGet(43)) - raft.server.log.appender.buffer.byte-limit = 33554432 (custom)
2019-11-05 11:28:11,230 [main] INFO  server.GrpcService (ConfUtils.java:logGet(43)) - raft.grpc.flow.control.window = 1MB (=1048576) (default)
2019-11-05 11:28:11,230 [main] INFO  server.RaftServerConfigKeys (ConfUtils.java:logGet(43)) - raft.server.rpc.request.timeout = 3000ms (default)
2019-11-05 11:28:11,234 [main] INFO  server.RaftServerConfigKeys (ConfUtils.java:logGet(43)) - raft.server.storage.dir = [/workdir/hadoop-ozone/integration-test/target/test-dir/MiniOzoneClusterImpl-6b0fc4fe-9997-4a80-bab7-b3d82b6e3879/datanode-6/data/ratis] (custom)
2019-11-05 11:28:11,245 [main] INFO  hdfs.DFSUtil (DFSUtil.java:httpServerTemplateForNNAndJN(1641)) - Starting Web-server for hddsDatanode at: http://0.0.0.0:0
2019-11-05 11:28:11,248 [main] INFO  server.AuthenticationFilter (AuthenticationFilter.java:constructSecretProvider(240)) - Unable to initialize FileSignerSecretProvider, falling back to use random secrets.
2019-11-05 11:28:11,257 [main] WARN  http.HttpRequestLog (HttpRequestLog.java:getRequestLog(97)) - Jetty request log can only be enabled using Log4j
2019-11-05 11:28:11,261 [main] INFO  http.HttpServer2 (HttpServer2.java:addGlobalFilter(975)) - Added global filter 'safety' (class=org.apache.hadoop.http.HttpServer2$QuotingInputFilter)
2019-11-05 11:28:11,262 [main] INFO  http.HttpServer2 (HttpServer2.java:addFilter(948)) - Added filter static_user_filter (class=org.apache.hadoop.http.lib.StaticUserWebFilter$StaticUserFilter) to context hddsDatanode
2019-11-05 11:28:11,263 [main] INFO  http.HttpServer2 (HttpServer2.java:addFilter(958)) - Added filter static_user_filter (class=org.apache.hadoop.http.lib.StaticUserWebFilter$StaticUserFilter) to context logs
2019-11-05 11:28:11,263 [main] INFO  http.HttpServer2 (HttpServer2.java:addFilter(958)) - Added filter static_user_filter (class=org.apache.hadoop.http.lib.StaticUserWebFilter$StaticUserFilter) to context static
2019-11-05 11:28:11,264 [main] INFO  http.HttpServer2 (HttpServer2.java:bindListener(1191)) - Jetty bound to port 43474
2019-11-05 11:28:11,264 [main] INFO  server.Server (Server.java:doStart(351)) - jetty-9.3.25.v20180904, build timestamp: 2018-09-04T21:11:46Z, git hash: 3ce520221d0240229c862b122d2b06c12a625732
2019-11-05 11:28:11,267 [main] INFO  handler.ContextHandler (ContextHandler.java:doStart(781)) - Started o.e.j.s.ServletContextHandler@50fb33a{/logs,file:///workdir/hadoop-ozone/integration-test/target/log,AVAILABLE}
2019-11-05 11:28:11,268 [main] INFO  handler.ContextHandler (ContextHandler.java:doStart(781)) - Started o.e.j.s.ServletContextHandler@1457fde{/static,jar:file:/home/user/.m2/repository/org/apache/hadoop/hadoop-hdds-container-service/0.5.0-SNAPSHOT/hadoop-hdds-container-service-0.5.0-SNAPSHOT.jar!/webapps/static,AVAILABLE}
2019-11-05 11:28:11,303 [main] INFO  handler.ContextHandler (ContextHandler.java:doStart(781)) - Started o.e.j.w.WebAppContext@53cf9c99{/,file:///tmp/jetty-0.0.0.0-43474-hddsDatanode-_-any-6646067717740308943.dir/webapp/,AVAILABLE}{/hddsDatanode}
2019-11-05 11:28:11,304 [main] INFO  server.AbstractConnector (AbstractConnector.java:doStart(278)) - Started ServerConnector@7b306b9f{HTTP/1.1,[http/1.1]}{0.0.0.0:43474}
2019-11-05 11:28:11,305 [main] INFO  server.Server (Server.java:doStart(419)) - Started @8615ms
2019-11-05 11:28:11,305 [main] WARN  impl.MetricsSystemImpl (MetricsSystemImpl.java:register(276)) - Sink prometheus already exists!
2019-11-05 11:28:11,306 [main] INFO  server.BaseHttpServer (BaseHttpServer.java:updateConnectorAddress(215)) - HTTP server of HDDSDATANODE is listening at http://0.0.0.0:43474
2019-11-05 11:28:11,307 [main] INFO  impl.MetricsSystemImpl (MetricsSystemImpl.java:init(158)) - HddsDatanode metrics system started (again)
2019-11-05 11:28:11,312 [main] INFO  ozone.HddsDatanodeService (HddsDatanodeService.java:start(184)) - HddsDatanodeService host:pr-hdds-1643-qwrct-1900426900 ip:192.168.157.252
2019-11-05 11:28:11,316 [org.apache.hadoop.util.JvmPauseMonitor$Monitor@b5aaf7a] INFO  util.JvmPauseMonitor (JvmPauseMonitor.java:run(188)) - Starting JVM pause monitor
2019-11-05 11:28:11,318 [Datanode State Machine Thread - 0] INFO  datanode.InitDatanodeState (InitDatanodeState.java:persistContainerDatanodeDetails(140)) - DatanodeDetails is persisted to /workdir/hadoop-ozone/integration-test/target/test-dir/MiniOzoneClusterImpl-6b0fc4fe-9997-4a80-bab7-b3d82b6e3879/datanode-6/meta/datanode.id
2019-11-05 11:28:11,325 [main] INFO  volume.HddsVolume (HddsVolume.java:<init>(176)) - Creating Volume: /workdir/hadoop-ozone/integration-test/target/test-dir/MiniOzoneClusterImpl-6b0fc4fe-9997-4a80-bab7-b3d82b6e3879/datanode-7/data/containers/hdds of  storage type : DISK and capacity : 1482555576320
2019-11-05 11:28:11,326 [main] INFO  volume.VolumeSet (VolumeSet.java:initializeVolumeSet(170)) - Added Volume : /workdir/hadoop-ozone/integration-test/target/test-dir/MiniOzoneClusterImpl-6b0fc4fe-9997-4a80-bab7-b3d82b6e3879/datanode-7/data/containers/hdds to VolumeSet
2019-11-05 11:28:11,326 [main] INFO  volume.ThrottledAsyncChecker (ThrottledAsyncChecker.java:schedule(141)) - Scheduling a check for /workdir/hadoop-ozone/integration-test/target/test-dir/MiniOzoneClusterImpl-6b0fc4fe-9997-4a80-bab7-b3d82b6e3879/datanode-7/data/containers/hdds
2019-11-05 11:28:11,327 [main] INFO  volume.HddsVolumeChecker (HddsVolumeChecker.java:checkAllVolumes(204)) - Scheduled health check for volume /workdir/hadoop-ozone/integration-test/target/test-dir/MiniOzoneClusterImpl-6b0fc4fe-9997-4a80-bab7-b3d82b6e3879/datanode-7/data/containers/hdds
2019-11-05 11:28:11,347 [main] INFO  impl.RaftServerProxy (ConfUtils.java:logGet(43)) - raft.rpc.type = GRPC (default)
2019-11-05 11:28:11,348 [main] INFO  grpc.GrpcFactory (GrpcFactory.java:checkPooledByteBufAllocatorUseCacheForAllThreads(45)) - PERFORMANCE WARNING: useCacheForAllThreads is true that may cause Netty to create a lot garbage objects and, as a result, trigger GC.
	It is recommended to disable useCacheForAllThreads by setting -Dorg.apache.ratis.thirdparty.io.netty.allocator.useCacheForAllThreads=false in command line.
2019-11-05 11:28:11,348 [main] INFO  grpc.GrpcConfigKeys$Server (ConfUtils.java:logGet(43)) - raft.grpc.server.port = 0 (default)
2019-11-05 11:28:11,348 [main] INFO  server.GrpcService (ConfUtils.java:logGet(43)) - raft.grpc.message.size.max = 33570816 (custom)
2019-11-05 11:28:11,348 [main] INFO  server.RaftServerConfigKeys (ConfUtils.java:logGet(43)) - raft.server.log.appender.buffer.byte-limit = 33554432 (custom)
2019-11-05 11:28:11,349 [main] INFO  server.GrpcService (ConfUtils.java:logGet(43)) - raft.grpc.flow.control.window = 1MB (=1048576) (default)
2019-11-05 11:28:11,349 [main] INFO  server.RaftServerConfigKeys (ConfUtils.java:logGet(43)) - raft.server.rpc.request.timeout = 3000ms (default)
2019-11-05 11:28:11,349 [main] INFO  server.RaftServerConfigKeys (ConfUtils.java:logGet(43)) - raft.server.storage.dir = [/workdir/hadoop-ozone/integration-test/target/test-dir/MiniOzoneClusterImpl-6b0fc4fe-9997-4a80-bab7-b3d82b6e3879/datanode-7/data/ratis] (custom)
2019-11-05 11:28:11,351 [main] INFO  hdfs.DFSUtil (DFSUtil.java:httpServerTemplateForNNAndJN(1641)) - Starting Web-server for hddsDatanode at: http://0.0.0.0:0
2019-11-05 11:28:11,353 [main] INFO  server.AuthenticationFilter (AuthenticationFilter.java:constructSecretProvider(240)) - Unable to initialize FileSignerSecretProvider, falling back to use random secrets.
2019-11-05 11:28:11,353 [main] WARN  http.HttpRequestLog (HttpRequestLog.java:getRequestLog(97)) - Jetty request log can only be enabled using Log4j
2019-11-05 11:28:11,356 [main] INFO  http.HttpServer2 (HttpServer2.java:addGlobalFilter(975)) - Added global filter 'safety' (class=org.apache.hadoop.http.HttpServer2$QuotingInputFilter)
2019-11-05 11:28:11,358 [main] INFO  http.HttpServer2 (HttpServer2.java:addFilter(948)) - Added filter static_user_filter (class=org.apache.hadoop.http.lib.StaticUserWebFilter$StaticUserFilter) to context hddsDatanode
2019-11-05 11:28:11,358 [main] INFO  http.HttpServer2 (HttpServer2.java:addFilter(958)) - Added filter static_user_filter (class=org.apache.hadoop.http.lib.StaticUserWebFilter$StaticUserFilter) to context logs
2019-11-05 11:28:11,358 [main] INFO  http.HttpServer2 (HttpServer2.java:addFilter(958)) - Added filter static_user_filter (class=org.apache.hadoop.http.lib.StaticUserWebFilter$StaticUserFilter) to context static
2019-11-05 11:28:11,360 [main] INFO  http.HttpServer2 (HttpServer2.java:bindListener(1191)) - Jetty bound to port 41746
2019-11-05 11:28:11,360 [main] INFO  server.Server (Server.java:doStart(351)) - jetty-9.3.25.v20180904, build timestamp: 2018-09-04T21:11:46Z, git hash: 3ce520221d0240229c862b122d2b06c12a625732
2019-11-05 11:28:11,362 [main] INFO  handler.ContextHandler (ContextHandler.java:doStart(781)) - Started o.e.j.s.ServletContextHandler@6cf0a747{/logs,file:///workdir/hadoop-ozone/integration-test/target/log,AVAILABLE}
2019-11-05 11:28:11,363 [main] INFO  handler.ContextHandler (ContextHandler.java:doStart(781)) - Started o.e.j.s.ServletContextHandler@7e53339{/static,jar:file:/home/user/.m2/repository/org/apache/hadoop/hadoop-hdds-container-service/0.5.0-SNAPSHOT/hadoop-hdds-container-service-0.5.0-SNAPSHOT.jar!/webapps/static,AVAILABLE}
2019-11-05 11:28:11,412 [main] INFO  handler.ContextHandler (ContextHandler.java:doStart(781)) - Started o.e.j.w.WebAppContext@3a26ec8d{/,file:///tmp/jetty-0.0.0.0-41746-hddsDatanode-_-any-8126991227460040184.dir/webapp/,AVAILABLE}{/hddsDatanode}
2019-11-05 11:28:11,412 [main] INFO  server.AbstractConnector (AbstractConnector.java:doStart(278)) - Started ServerConnector@17143b3b{HTTP/1.1,[http/1.1]}{0.0.0.0:41746}
2019-11-05 11:28:11,413 [main] INFO  server.Server (Server.java:doStart(419)) - Started @8724ms
2019-11-05 11:28:11,413 [main] WARN  impl.MetricsSystemImpl (MetricsSystemImpl.java:register(276)) - Sink prometheus already exists!
2019-11-05 11:28:11,414 [main] INFO  server.BaseHttpServer (BaseHttpServer.java:updateConnectorAddress(215)) - HTTP server of HDDSDATANODE is listening at http://0.0.0.0:41746
2019-11-05 11:28:11,415 [main] INFO  impl.MetricsSystemImpl (MetricsSystemImpl.java:init(158)) - HddsDatanode metrics system started (again)
2019-11-05 11:28:11,423 [org.apache.hadoop.util.JvmPauseMonitor$Monitor@2125c9c9] INFO  util.JvmPauseMonitor (JvmPauseMonitor.java:run(188)) - Starting JVM pause monitor
2019-11-05 11:28:11,426 [Datanode State Machine Thread - 0] INFO  datanode.InitDatanodeState (InitDatanodeState.java:persistContainerDatanodeDetails(140)) - DatanodeDetails is persisted to /workdir/hadoop-ozone/integration-test/target/test-dir/MiniOzoneClusterImpl-6b0fc4fe-9997-4a80-bab7-b3d82b6e3879/datanode-7/meta/datanode.id
2019-11-05 11:28:11,434 [main] INFO  ozone.HddsDatanodeService (HddsDatanodeService.java:start(184)) - HddsDatanodeService host:pr-hdds-1643-qwrct-1900426900 ip:192.168.157.252
2019-11-05 11:28:11,465 [main] INFO  volume.HddsVolume (HddsVolume.java:<init>(176)) - Creating Volume: /workdir/hadoop-ozone/integration-test/target/test-dir/MiniOzoneClusterImpl-6b0fc4fe-9997-4a80-bab7-b3d82b6e3879/datanode-8/data/containers/hdds of  storage type : DISK and capacity : 1482555576320
2019-11-05 11:28:11,466 [main] INFO  volume.VolumeSet (VolumeSet.java:initializeVolumeSet(170)) - Added Volume : /workdir/hadoop-ozone/integration-test/target/test-dir/MiniOzoneClusterImpl-6b0fc4fe-9997-4a80-bab7-b3d82b6e3879/datanode-8/data/containers/hdds to VolumeSet
2019-11-05 11:28:11,466 [main] INFO  volume.ThrottledAsyncChecker (ThrottledAsyncChecker.java:schedule(141)) - Scheduling a check for /workdir/hadoop-ozone/integration-test/target/test-dir/MiniOzoneClusterImpl-6b0fc4fe-9997-4a80-bab7-b3d82b6e3879/datanode-8/data/containers/hdds
2019-11-05 11:28:11,468 [main] INFO  volume.HddsVolumeChecker (HddsVolumeChecker.java:checkAllVolumes(204)) - Scheduled health check for volume /workdir/hadoop-ozone/integration-test/target/test-dir/MiniOzoneClusterImpl-6b0fc4fe-9997-4a80-bab7-b3d82b6e3879/datanode-8/data/containers/hdds
2019-11-05 11:28:11,487 [main] INFO  impl.RaftServerProxy (ConfUtils.java:logGet(43)) - raft.rpc.type = GRPC (default)
2019-11-05 11:28:11,487 [main] INFO  grpc.GrpcFactory (GrpcFactory.java:checkPooledByteBufAllocatorUseCacheForAllThreads(45)) - PERFORMANCE WARNING: useCacheForAllThreads is true that may cause Netty to create a lot garbage objects and, as a result, trigger GC.
	It is recommended to disable useCacheForAllThreads by setting -Dorg.apache.ratis.thirdparty.io.netty.allocator.useCacheForAllThreads=false in command line.
2019-11-05 11:28:11,487 [main] INFO  grpc.GrpcConfigKeys$Server (ConfUtils.java:logGet(43)) - raft.grpc.server.port = 0 (default)
2019-11-05 11:28:11,488 [main] INFO  server.GrpcService (ConfUtils.java:logGet(43)) - raft.grpc.message.size.max = 33570816 (custom)
2019-11-05 11:28:11,488 [main] INFO  server.RaftServerConfigKeys (ConfUtils.java:logGet(43)) - raft.server.log.appender.buffer.byte-limit = 33554432 (custom)
2019-11-05 11:28:11,488 [main] INFO  server.GrpcService (ConfUtils.java:logGet(43)) - raft.grpc.flow.control.window = 1MB (=1048576) (default)
2019-11-05 11:28:11,488 [main] INFO  server.RaftServerConfigKeys (ConfUtils.java:logGet(43)) - raft.server.rpc.request.timeout = 3000ms (default)
2019-11-05 11:28:11,489 [main] INFO  server.RaftServerConfigKeys (ConfUtils.java:logGet(43)) - raft.server.storage.dir = [/workdir/hadoop-ozone/integration-test/target/test-dir/MiniOzoneClusterImpl-6b0fc4fe-9997-4a80-bab7-b3d82b6e3879/datanode-8/data/ratis] (custom)
2019-11-05 11:28:11,494 [main] INFO  hdfs.DFSUtil (DFSUtil.java:httpServerTemplateForNNAndJN(1641)) - Starting Web-server for hddsDatanode at: http://0.0.0.0:0
2019-11-05 11:28:11,496 [main] INFO  server.AuthenticationFilter (AuthenticationFilter.java:constructSecretProvider(240)) - Unable to initialize FileSignerSecretProvider, falling back to use random secrets.
2019-11-05 11:28:11,496 [main] WARN  http.HttpRequestLog (HttpRequestLog.java:getRequestLog(97)) - Jetty request log can only be enabled using Log4j
2019-11-05 11:28:11,498 [main] INFO  http.HttpServer2 (HttpServer2.java:addGlobalFilter(975)) - Added global filter 'safety' (class=org.apache.hadoop.http.HttpServer2$QuotingInputFilter)
2019-11-05 11:28:11,499 [main] INFO  http.HttpServer2 (HttpServer2.java:addFilter(948)) - Added filter static_user_filter (class=org.apache.hadoop.http.lib.StaticUserWebFilter$StaticUserFilter) to context hddsDatanode
2019-11-05 11:28:11,499 [main] INFO  http.HttpServer2 (HttpServer2.java:addFilter(958)) - Added filter static_user_filter (class=org.apache.hadoop.http.lib.StaticUserWebFilter$StaticUserFilter) to context logs
2019-11-05 11:28:11,499 [main] INFO  http.HttpServer2 (HttpServer2.java:addFilter(958)) - Added filter static_user_filter (class=org.apache.hadoop.http.lib.StaticUserWebFilter$StaticUserFilter) to context static
2019-11-05 11:28:11,500 [main] INFO  http.HttpServer2 (HttpServer2.java:bindListener(1191)) - Jetty bound to port 43018
2019-11-05 11:28:11,500 [main] INFO  server.Server (Server.java:doStart(351)) - jetty-9.3.25.v20180904, build timestamp: 2018-09-04T21:11:46Z, git hash: 3ce520221d0240229c862b122d2b06c12a625732
2019-11-05 11:28:11,502 [main] INFO  handler.ContextHandler (ContextHandler.java:doStart(781)) - Started o.e.j.s.ServletContextHandler@34780cd9{/logs,file:///workdir/hadoop-ozone/integration-test/target/log,AVAILABLE}
2019-11-05 11:28:11,502 [main] INFO  handler.ContextHandler (ContextHandler.java:doStart(781)) - Started o.e.j.s.ServletContextHandler@7c8c70d6{/static,jar:file:/home/user/.m2/repository/org/apache/hadoop/hadoop-hdds-container-service/0.5.0-SNAPSHOT/hadoop-hdds-container-service-0.5.0-SNAPSHOT.jar!/webapps/static,AVAILABLE}
2019-11-05 11:28:11,542 [main] INFO  handler.ContextHandler (ContextHandler.java:doStart(781)) - Started o.e.j.w.WebAppContext@625dfff3{/,file:///tmp/jetty-0.0.0.0-43018-hddsDatanode-_-any-3939222359047624855.dir/webapp/,AVAILABLE}{/hddsDatanode}
2019-11-05 11:28:11,543 [main] INFO  server.AbstractConnector (AbstractConnector.java:doStart(278)) - Started ServerConnector@26350ea2{HTTP/1.1,[http/1.1]}{0.0.0.0:43018}
2019-11-05 11:28:11,543 [main] INFO  server.Server (Server.java:doStart(419)) - Started @8854ms
2019-11-05 11:28:11,544 [main] WARN  impl.MetricsSystemImpl (MetricsSystemImpl.java:register(276)) - Sink prometheus already exists!
2019-11-05 11:28:11,545 [main] INFO  server.BaseHttpServer (BaseHttpServer.java:updateConnectorAddress(215)) - HTTP server of HDDSDATANODE is listening at http://0.0.0.0:43018
2019-11-05 11:28:11,546 [main] INFO  impl.MetricsSystemImpl (MetricsSystemImpl.java:init(158)) - HddsDatanode metrics system started (again)
2019-11-05 11:28:11,554 [main] INFO  ozone.HddsDatanodeService (HddsDatanodeService.java:start(184)) - HddsDatanodeService host:pr-hdds-1643-qwrct-1900426900 ip:192.168.157.252
2019-11-05 11:28:11,557 [org.apache.hadoop.util.JvmPauseMonitor$Monitor@2c1a2f20] INFO  util.JvmPauseMonitor (JvmPauseMonitor.java:run(188)) - Starting JVM pause monitor
2019-11-05 11:28:11,559 [Datanode State Machine Thread - 0] INFO  datanode.InitDatanodeState (InitDatanodeState.java:persistContainerDatanodeDetails(140)) - DatanodeDetails is persisted to /workdir/hadoop-ozone/integration-test/target/test-dir/MiniOzoneClusterImpl-6b0fc4fe-9997-4a80-bab7-b3d82b6e3879/datanode-8/meta/datanode.id
2019-11-05 11:28:11,578 [main] INFO  volume.HddsVolume (HddsVolume.java:<init>(176)) - Creating Volume: /workdir/hadoop-ozone/integration-test/target/test-dir/MiniOzoneClusterImpl-6b0fc4fe-9997-4a80-bab7-b3d82b6e3879/datanode-9/data/containers/hdds of  storage type : DISK and capacity : 1482555576320
2019-11-05 11:28:11,579 [main] INFO  volume.VolumeSet (VolumeSet.java:initializeVolumeSet(170)) - Added Volume : /workdir/hadoop-ozone/integration-test/target/test-dir/MiniOzoneClusterImpl-6b0fc4fe-9997-4a80-bab7-b3d82b6e3879/datanode-9/data/containers/hdds to VolumeSet
2019-11-05 11:28:11,579 [main] INFO  volume.ThrottledAsyncChecker (ThrottledAsyncChecker.java:schedule(141)) - Scheduling a check for /workdir/hadoop-ozone/integration-test/target/test-dir/MiniOzoneClusterImpl-6b0fc4fe-9997-4a80-bab7-b3d82b6e3879/datanode-9/data/containers/hdds
2019-11-05 11:28:11,580 [main] INFO  volume.HddsVolumeChecker (HddsVolumeChecker.java:checkAllVolumes(204)) - Scheduled health check for volume /workdir/hadoop-ozone/integration-test/target/test-dir/MiniOzoneClusterImpl-6b0fc4fe-9997-4a80-bab7-b3d82b6e3879/datanode-9/data/containers/hdds
2019-11-05 11:28:11,599 [main] INFO  impl.RaftServerProxy (ConfUtils.java:logGet(43)) - raft.rpc.type = GRPC (default)
2019-11-05 11:28:11,600 [main] INFO  grpc.GrpcFactory (GrpcFactory.java:checkPooledByteBufAllocatorUseCacheForAllThreads(45)) - PERFORMANCE WARNING: useCacheForAllThreads is true that may cause Netty to create a lot garbage objects and, as a result, trigger GC.
	It is recommended to disable useCacheForAllThreads by setting -Dorg.apache.ratis.thirdparty.io.netty.allocator.useCacheForAllThreads=false in command line.
2019-11-05 11:28:11,600 [main] INFO  grpc.GrpcConfigKeys$Server (ConfUtils.java:logGet(43)) - raft.grpc.server.port = 0 (default)
2019-11-05 11:28:11,602 [main] INFO  server.GrpcService (ConfUtils.java:logGet(43)) - raft.grpc.message.size.max = 33570816 (custom)
2019-11-05 11:28:11,602 [main] INFO  server.RaftServerConfigKeys (ConfUtils.java:logGet(43)) - raft.server.log.appender.buffer.byte-limit = 33554432 (custom)
2019-11-05 11:28:11,603 [main] INFO  server.GrpcService (ConfUtils.java:logGet(43)) - raft.grpc.flow.control.window = 1MB (=1048576) (default)
2019-11-05 11:28:11,603 [main] INFO  server.RaftServerConfigKeys (ConfUtils.java:logGet(43)) - raft.server.rpc.request.timeout = 3000ms (default)
2019-11-05 11:28:11,603 [main] INFO  server.RaftServerConfigKeys (ConfUtils.java:logGet(43)) - raft.server.storage.dir = [/workdir/hadoop-ozone/integration-test/target/test-dir/MiniOzoneClusterImpl-6b0fc4fe-9997-4a80-bab7-b3d82b6e3879/datanode-9/data/ratis] (custom)
2019-11-05 11:28:11,605 [main] INFO  hdfs.DFSUtil (DFSUtil.java:httpServerTemplateForNNAndJN(1641)) - Starting Web-server for hddsDatanode at: http://0.0.0.0:0
2019-11-05 11:28:11,607 [main] INFO  server.AuthenticationFilter (AuthenticationFilter.java:constructSecretProvider(240)) - Unable to initialize FileSignerSecretProvider, falling back to use random secrets.
2019-11-05 11:28:11,607 [main] WARN  http.HttpRequestLog (HttpRequestLog.java:getRequestLog(97)) - Jetty request log can only be enabled using Log4j
2019-11-05 11:28:11,609 [main] INFO  http.HttpServer2 (HttpServer2.java:addGlobalFilter(975)) - Added global filter 'safety' (class=org.apache.hadoop.http.HttpServer2$QuotingInputFilter)
2019-11-05 11:28:11,610 [main] INFO  http.HttpServer2 (HttpServer2.java:addFilter(948)) - Added filter static_user_filter (class=org.apache.hadoop.http.lib.StaticUserWebFilter$StaticUserFilter) to context hddsDatanode
2019-11-05 11:28:11,611 [main] INFO  http.HttpServer2 (HttpServer2.java:addFilter(958)) - Added filter static_user_filter (class=org.apache.hadoop.http.lib.StaticUserWebFilter$StaticUserFilter) to context logs
2019-11-05 11:28:11,611 [main] INFO  http.HttpServer2 (HttpServer2.java:addFilter(958)) - Added filter static_user_filter (class=org.apache.hadoop.http.lib.StaticUserWebFilter$StaticUserFilter) to context static
2019-11-05 11:28:11,612 [main] INFO  http.HttpServer2 (HttpServer2.java:bindListener(1191)) - Jetty bound to port 43064
2019-11-05 11:28:11,612 [main] INFO  server.Server (Server.java:doStart(351)) - jetty-9.3.25.v20180904, build timestamp: 2018-09-04T21:11:46Z, git hash: 3ce520221d0240229c862b122d2b06c12a625732
2019-11-05 11:28:11,614 [main] INFO  handler.ContextHandler (ContextHandler.java:doStart(781)) - Started o.e.j.s.ServletContextHandler@2eeb0f9b{/logs,file:///workdir/hadoop-ozone/integration-test/target/log,AVAILABLE}
2019-11-05 11:28:11,615 [main] INFO  handler.ContextHandler (ContextHandler.java:doStart(781)) - Started o.e.j.s.ServletContextHandler@1645f294{/static,jar:file:/home/user/.m2/repository/org/apache/hadoop/hadoop-hdds-container-service/0.5.0-SNAPSHOT/hadoop-hdds-container-service-0.5.0-SNAPSHOT.jar!/webapps/static,AVAILABLE}
2019-11-05 11:28:11,830 [main] INFO  handler.ContextHandler (ContextHandler.java:doStart(781)) - Started o.e.j.w.WebAppContext@3650d4fc{/,file:///tmp/jetty-0.0.0.0-43064-hddsDatanode-_-any-4300940293972505583.dir/webapp/,AVAILABLE}{/hddsDatanode}
2019-11-05 11:28:11,833 [main] INFO  server.AbstractConnector (AbstractConnector.java:doStart(278)) - Started ServerConnector@aaa0f76{HTTP/1.1,[http/1.1]}{0.0.0.0:43064}
2019-11-05 11:28:11,833 [main] INFO  server.Server (Server.java:doStart(419)) - Started @9144ms
2019-11-05 11:28:11,834 [main] WARN  impl.MetricsSystemImpl (MetricsSystemImpl.java:register(276)) - Sink prometheus already exists!
2019-11-05 11:28:11,835 [main] INFO  server.BaseHttpServer (BaseHttpServer.java:updateConnectorAddress(215)) - HTTP server of HDDSDATANODE is listening at http://0.0.0.0:43064
2019-11-05 11:28:11,842 [main] INFO  ozone.MiniOzoneClusterImpl (MiniOzoneClusterImpl.java:lambda$waitForClusterToBeReady$0(147)) - Waiting for cluster to be ready. Got 0 of 10 DN Heartbeats.
2019-11-05 11:28:11,843 [org.apache.hadoop.util.JvmPauseMonitor$Monitor@30b3a8af] INFO  util.JvmPauseMonitor (JvmPauseMonitor.java:run(188)) - Starting JVM pause monitor
2019-11-05 11:28:11,845 [Datanode State Machine Thread - 0] INFO  datanode.InitDatanodeState (InitDatanodeState.java:persistContainerDatanodeDetails(140)) - DatanodeDetails is persisted to /workdir/hadoop-ozone/integration-test/target/test-dir/MiniOzoneClusterImpl-6b0fc4fe-9997-4a80-bab7-b3d82b6e3879/datanode-9/meta/datanode.id
2019-11-05 11:28:12,400 [Datanode State Machine Thread - 0] INFO  ozoneimpl.OzoneContainer (OzoneContainer.java:start(213)) - Attempting to start container services.
2019-11-05 11:28:12,402 [Datanode State Machine Thread - 0] INFO  ozoneimpl.OzoneContainer (OzoneContainer.java:startContainerScrub(177)) - Background container scanner has been disabled.
2019-11-05 11:28:12,402 [Datanode State Machine Thread - 0] INFO  ratis.XceiverServerRatis (XceiverServerRatis.java:start(418)) - Starting XceiverServerRatis d8b77924-76ff-4932-a9fa-7ec761e4cf6b at port 0
2019-11-05 11:28:12,449 [Datanode State Machine Thread - 0] INFO  impl.RaftServerProxy (RaftServerProxy.java:lambda$start$3(299)) - d8b77924-76ff-4932-a9fa-7ec761e4cf6b: start RPC server
2019-11-05 11:28:12,625 [Datanode State Machine Thread - 0] INFO  ozoneimpl.OzoneContainer (OzoneContainer.java:start(213)) - Attempting to start container services.
2019-11-05 11:28:12,643 [Datanode State Machine Thread - 0] INFO  ozoneimpl.OzoneContainer (OzoneContainer.java:startContainerScrub(177)) - Background container scanner has been disabled.
2019-11-05 11:28:12,643 [Datanode State Machine Thread - 0] INFO  ratis.XceiverServerRatis (XceiverServerRatis.java:start(418)) - Starting XceiverServerRatis b8bf4e9b-064a-4520-981c-d6c40c833497 at port 0
2019-11-05 11:28:12,721 [Datanode State Machine Thread - 0] INFO  impl.RaftServerProxy (RaftServerProxy.java:lambda$start$3(299)) - b8bf4e9b-064a-4520-981c-d6c40c833497: start RPC server
2019-11-05 11:28:12,729 [Datanode State Machine Thread - 0] INFO  ozoneimpl.OzoneContainer (OzoneContainer.java:start(213)) - Attempting to start container services.
2019-11-05 11:28:12,730 [Datanode State Machine Thread - 0] INFO  ozoneimpl.OzoneContainer (OzoneContainer.java:startContainerScrub(177)) - Background container scanner has been disabled.
2019-11-05 11:28:12,730 [Datanode State Machine Thread - 0] INFO  ratis.XceiverServerRatis (XceiverServerRatis.java:start(418)) - Starting XceiverServerRatis 93bc9e78-ae56-4fee-a007-4b156d649157 at port 0
2019-11-05 11:28:12,736 [Datanode State Machine Thread - 0] INFO  impl.RaftServerProxy (RaftServerProxy.java:lambda$start$3(299)) - 93bc9e78-ae56-4fee-a007-4b156d649157: start RPC server
2019-11-05 11:28:12,745 [Datanode State Machine Thread - 0] INFO  server.GrpcService (GrpcService.java:startImpl(158)) - 93bc9e78-ae56-4fee-a007-4b156d649157: GrpcService started, listening on 0.0.0.0/0.0.0.0:38000
2019-11-05 11:28:12,745 [Datanode State Machine Thread - 0] INFO  server.GrpcService (GrpcService.java:startImpl(158)) - d8b77924-76ff-4932-a9fa-7ec761e4cf6b: GrpcService started, listening on 0.0.0.0/0.0.0.0:40377
2019-11-05 11:28:12,745 [Datanode State Machine Thread - 0] INFO  server.GrpcService (GrpcService.java:startImpl(158)) - b8bf4e9b-064a-4520-981c-d6c40c833497: GrpcService started, listening on 0.0.0.0/0.0.0.0:43407
2019-11-05 11:28:12,745 [Datanode State Machine Thread - 0] INFO  ratis.XceiverServerRatis (XceiverServerRatis.java:start(428)) - XceiverServerRatis d8b77924-76ff-4932-a9fa-7ec761e4cf6b is started using port 40377
2019-11-05 11:28:12,745 [Datanode State Machine Thread - 0] INFO  ratis.XceiverServerRatis (XceiverServerRatis.java:start(428)) - XceiverServerRatis 93bc9e78-ae56-4fee-a007-4b156d649157 is started using port 38000
2019-11-05 11:28:12,745 [Datanode State Machine Thread - 0] INFO  ratis.XceiverServerRatis (XceiverServerRatis.java:start(428)) - XceiverServerRatis b8bf4e9b-064a-4520-981c-d6c40c833497 is started using port 43407
2019-11-05 11:28:12,749 [Datanode State Machine Thread - 0] INFO  server.XceiverServerGrpc (XceiverServerGrpc.java:start(149)) - XceiverServerGrpc b8bf4e9b-064a-4520-981c-d6c40c833497 is started using port 41762
2019-11-05 11:28:12,749 [Datanode State Machine Thread - 0] INFO  server.XceiverServerGrpc (XceiverServerGrpc.java:start(149)) - XceiverServerGrpc d8b77924-76ff-4932-a9fa-7ec761e4cf6b is started using port 46193
2019-11-05 11:28:12,749 [Datanode State Machine Thread - 0] INFO  server.XceiverServerGrpc (XceiverServerGrpc.java:start(149)) - XceiverServerGrpc 93bc9e78-ae56-4fee-a007-4b156d649157 is started using port 40709
2019-11-05 11:28:12,843 [main] INFO  ozone.MiniOzoneClusterImpl (MiniOzoneClusterImpl.java:lambda$waitForClusterToBeReady$0(147)) - Waiting for cluster to be ready. Got 0 of 10 DN Heartbeats.
2019-11-05 11:28:12,941 [Datanode State Machine Thread - 0] INFO  ozoneimpl.OzoneContainer (OzoneContainer.java:start(213)) - Attempting to start container services.
2019-11-05 11:28:12,941 [Datanode State Machine Thread - 0] INFO  ozoneimpl.OzoneContainer (OzoneContainer.java:startContainerScrub(177)) - Background container scanner has been disabled.
2019-11-05 11:28:12,941 [Datanode State Machine Thread - 0] INFO  ratis.XceiverServerRatis (XceiverServerRatis.java:start(418)) - Starting XceiverServerRatis 74a8fb36-eab9-4c53-b7cf-c565055de05a at port 0
2019-11-05 11:28:12,949 [Datanode State Machine Thread - 0] INFO  impl.RaftServerProxy (RaftServerProxy.java:lambda$start$3(299)) - 74a8fb36-eab9-4c53-b7cf-c565055de05a: start RPC server
2019-11-05 11:28:12,955 [Datanode State Machine Thread - 0] INFO  server.GrpcService (GrpcService.java:startImpl(158)) - 74a8fb36-eab9-4c53-b7cf-c565055de05a: GrpcService started, listening on 0.0.0.0/0.0.0.0:42370
2019-11-05 11:28:12,955 [Datanode State Machine Thread - 0] INFO  ratis.XceiverServerRatis (XceiverServerRatis.java:start(428)) - XceiverServerRatis 74a8fb36-eab9-4c53-b7cf-c565055de05a is started using port 42370
2019-11-05 11:28:12,959 [Datanode State Machine Thread - 0] INFO  server.XceiverServerGrpc (XceiverServerGrpc.java:start(149)) - XceiverServerGrpc 74a8fb36-eab9-4c53-b7cf-c565055de05a is started using port 41531
2019-11-05 11:28:13,078 [Datanode State Machine Thread - 0] INFO  ozoneimpl.OzoneContainer (OzoneContainer.java:start(213)) - Attempting to start container services.
2019-11-05 11:28:13,078 [Datanode State Machine Thread - 0] INFO  ozoneimpl.OzoneContainer (OzoneContainer.java:startContainerScrub(177)) - Background container scanner has been disabled.
2019-11-05 11:28:13,078 [Datanode State Machine Thread - 0] INFO  ratis.XceiverServerRatis (XceiverServerRatis.java:start(418)) - Starting XceiverServerRatis 1eca16cc-5184-4e43-8e55-175d1516eae4 at port 0
2019-11-05 11:28:13,086 [Datanode State Machine Thread - 0] INFO  impl.RaftServerProxy (RaftServerProxy.java:lambda$start$3(299)) - 1eca16cc-5184-4e43-8e55-175d1516eae4: start RPC server
2019-11-05 11:28:13,091 [Datanode State Machine Thread - 0] INFO  server.GrpcService (GrpcService.java:startImpl(158)) - 1eca16cc-5184-4e43-8e55-175d1516eae4: GrpcService started, listening on 0.0.0.0/0.0.0.0:41127
2019-11-05 11:28:13,091 [Datanode State Machine Thread - 0] INFO  ratis.XceiverServerRatis (XceiverServerRatis.java:start(428)) - XceiverServerRatis 1eca16cc-5184-4e43-8e55-175d1516eae4 is started using port 41127
2019-11-05 11:28:13,096 [Datanode State Machine Thread - 0] INFO  server.XceiverServerGrpc (XceiverServerGrpc.java:start(149)) - XceiverServerGrpc 1eca16cc-5184-4e43-8e55-175d1516eae4 is started using port 41244
2019-11-05 11:28:13,212 [Datanode State Machine Thread - 0] INFO  ozoneimpl.OzoneContainer (OzoneContainer.java:start(213)) - Attempting to start container services.
2019-11-05 11:28:13,213 [Datanode State Machine Thread - 0] INFO  ozoneimpl.OzoneContainer (OzoneContainer.java:startContainerScrub(177)) - Background container scanner has been disabled.
2019-11-05 11:28:13,213 [Datanode State Machine Thread - 0] INFO  ratis.XceiverServerRatis (XceiverServerRatis.java:start(418)) - Starting XceiverServerRatis bd42c95e-cd41-4cbd-85b3-b330cc3c4f94 at port 0
2019-11-05 11:28:13,223 [Datanode State Machine Thread - 0] INFO  impl.RaftServerProxy (RaftServerProxy.java:lambda$start$3(299)) - bd42c95e-cd41-4cbd-85b3-b330cc3c4f94: start RPC server
2019-11-05 11:28:13,227 [Datanode State Machine Thread - 0] INFO  server.GrpcService (GrpcService.java:startImpl(158)) - bd42c95e-cd41-4cbd-85b3-b330cc3c4f94: GrpcService started, listening on 0.0.0.0/0.0.0.0:33158
2019-11-05 11:28:13,227 [Datanode State Machine Thread - 0] INFO  ratis.XceiverServerRatis (XceiverServerRatis.java:start(428)) - XceiverServerRatis bd42c95e-cd41-4cbd-85b3-b330cc3c4f94 is started using port 33158
2019-11-05 11:28:13,231 [Datanode State Machine Thread - 0] INFO  server.XceiverServerGrpc (XceiverServerGrpc.java:start(149)) - XceiverServerGrpc bd42c95e-cd41-4cbd-85b3-b330cc3c4f94 is started using port 41719
2019-11-05 11:28:13,334 [Datanode State Machine Thread - 0] INFO  ozoneimpl.OzoneContainer (OzoneContainer.java:start(213)) - Attempting to start container services.
2019-11-05 11:28:13,334 [Datanode State Machine Thread - 0] INFO  ozoneimpl.OzoneContainer (OzoneContainer.java:startContainerScrub(177)) - Background container scanner has been disabled.
2019-11-05 11:28:13,334 [Datanode State Machine Thread - 0] INFO  ratis.XceiverServerRatis (XceiverServerRatis.java:start(418)) - Starting XceiverServerRatis f7e9932d-fd96-469a-9353-68e47138e5ff at port 0
2019-11-05 11:28:13,340 [Datanode State Machine Thread - 0] INFO  impl.RaftServerProxy (RaftServerProxy.java:lambda$start$3(299)) - f7e9932d-fd96-469a-9353-68e47138e5ff: start RPC server
2019-11-05 11:28:13,367 [Datanode State Machine Thread - 0] INFO  server.GrpcService (GrpcService.java:startImpl(158)) - f7e9932d-fd96-469a-9353-68e47138e5ff: GrpcService started, listening on 0.0.0.0/0.0.0.0:45025
2019-11-05 11:28:13,367 [Datanode State Machine Thread - 0] INFO  ratis.XceiverServerRatis (XceiverServerRatis.java:start(428)) - XceiverServerRatis f7e9932d-fd96-469a-9353-68e47138e5ff is started using port 45025
2019-11-05 11:28:13,370 [Datanode State Machine Thread - 0] INFO  server.XceiverServerGrpc (XceiverServerGrpc.java:start(149)) - XceiverServerGrpc f7e9932d-fd96-469a-9353-68e47138e5ff is started using port 41636
2019-11-05 11:28:13,461 [Datanode State Machine Thread - 0] INFO  ozoneimpl.OzoneContainer (OzoneContainer.java:start(213)) - Attempting to start container services.
2019-11-05 11:28:13,462 [Datanode State Machine Thread - 0] INFO  ozoneimpl.OzoneContainer (OzoneContainer.java:startContainerScrub(177)) - Background container scanner has been disabled.
2019-11-05 11:28:13,462 [Datanode State Machine Thread - 0] INFO  ratis.XceiverServerRatis (XceiverServerRatis.java:start(418)) - Starting XceiverServerRatis 90ecfa43-dab6-49d9-b30c-40ef62bfdf2a at port 0
2019-11-05 11:28:13,482 [Datanode State Machine Thread - 0] INFO  impl.RaftServerProxy (RaftServerProxy.java:lambda$start$3(299)) - 90ecfa43-dab6-49d9-b30c-40ef62bfdf2a: start RPC server
2019-11-05 11:28:13,513 [Datanode State Machine Thread - 0] INFO  server.GrpcService (GrpcService.java:startImpl(158)) - 90ecfa43-dab6-49d9-b30c-40ef62bfdf2a: GrpcService started, listening on 0.0.0.0/0.0.0.0:34192
2019-11-05 11:28:13,513 [Datanode State Machine Thread - 0] INFO  ratis.XceiverServerRatis (XceiverServerRatis.java:start(428)) - XceiverServerRatis 90ecfa43-dab6-49d9-b30c-40ef62bfdf2a is started using port 34192
2019-11-05 11:28:13,521 [Datanode State Machine Thread - 0] INFO  server.XceiverServerGrpc (XceiverServerGrpc.java:start(149)) - XceiverServerGrpc 90ecfa43-dab6-49d9-b30c-40ef62bfdf2a is started using port 39912
2019-11-05 11:28:13,623 [Datanode State Machine Thread - 0] INFO  ozoneimpl.OzoneContainer (OzoneContainer.java:start(213)) - Attempting to start container services.
2019-11-05 11:28:13,624 [Datanode State Machine Thread - 0] INFO  ozoneimpl.OzoneContainer (OzoneContainer.java:startContainerScrub(177)) - Background container scanner has been disabled.
2019-11-05 11:28:13,624 [Datanode State Machine Thread - 0] INFO  ratis.XceiverServerRatis (XceiverServerRatis.java:start(418)) - Starting XceiverServerRatis 687f579d-1680-4dd5-8b24-01f078298cef at port 0
2019-11-05 11:28:13,668 [Datanode State Machine Thread - 0] INFO  impl.RaftServerProxy (RaftServerProxy.java:lambda$start$3(299)) - 687f579d-1680-4dd5-8b24-01f078298cef: start RPC server
2019-11-05 11:28:13,833 [Datanode State Machine Thread - 0] INFO  server.GrpcService (GrpcService.java:startImpl(158)) - 687f579d-1680-4dd5-8b24-01f078298cef: GrpcService started, listening on 0.0.0.0/0.0.0.0:37962
2019-11-05 11:28:13,834 [Datanode State Machine Thread - 0] INFO  ratis.XceiverServerRatis (XceiverServerRatis.java:start(428)) - XceiverServerRatis 687f579d-1680-4dd5-8b24-01f078298cef is started using port 37962
2019-11-05 11:28:13,839 [Datanode State Machine Thread - 0] INFO  server.XceiverServerGrpc (XceiverServerGrpc.java:start(149)) - XceiverServerGrpc 687f579d-1680-4dd5-8b24-01f078298cef is started using port 46009
2019-11-05 11:28:13,847 [main] INFO  ozone.MiniOzoneClusterImpl (MiniOzoneClusterImpl.java:lambda$waitForClusterToBeReady$0(147)) - Waiting for cluster to be ready. Got 0 of 10 DN Heartbeats.
2019-11-05 11:28:13,900 [Datanode State Machine Thread - 0] INFO  ozoneimpl.OzoneContainer (OzoneContainer.java:start(213)) - Attempting to start container services.
2019-11-05 11:28:13,901 [Datanode State Machine Thread - 0] INFO  ozoneimpl.OzoneContainer (OzoneContainer.java:startContainerScrub(177)) - Background container scanner has been disabled.
2019-11-05 11:28:13,901 [Datanode State Machine Thread - 0] INFO  ratis.XceiverServerRatis (XceiverServerRatis.java:start(418)) - Starting XceiverServerRatis 4a9a93c6-1a9a-4546-aacb-e3e0a6fb1ade at port 0
2019-11-05 11:28:13,908 [Datanode State Machine Thread - 0] INFO  impl.RaftServerProxy (RaftServerProxy.java:lambda$start$3(299)) - 4a9a93c6-1a9a-4546-aacb-e3e0a6fb1ade: start RPC server
2019-11-05 11:28:13,915 [Datanode State Machine Thread - 0] INFO  server.GrpcService (GrpcService.java:startImpl(158)) - 4a9a93c6-1a9a-4546-aacb-e3e0a6fb1ade: GrpcService started, listening on 0.0.0.0/0.0.0.0:35311
2019-11-05 11:28:13,916 [Datanode State Machine Thread - 0] INFO  ratis.XceiverServerRatis (XceiverServerRatis.java:start(428)) - XceiverServerRatis 4a9a93c6-1a9a-4546-aacb-e3e0a6fb1ade is started using port 35311
2019-11-05 11:28:14,035 [Datanode State Machine Thread - 0] INFO  server.XceiverServerGrpc (XceiverServerGrpc.java:start(149)) - XceiverServerGrpc 4a9a93c6-1a9a-4546-aacb-e3e0a6fb1ade is started using port 46620
2019-11-05 11:28:14,301 [IPC Server handler 5 on 41301] INFO  net.NetworkTopology (NetworkTopologyImpl.java:add(111)) - Added a new node: /default-rack/d8b77924-76ff-4932-a9fa-7ec761e4cf6b
2019-11-05 11:28:14,301 [IPC Server handler 5 on 41301] INFO  node.SCMNodeManager (SCMNodeManager.java:register(268)) - Registered Data node : d8b77924-76ff-4932-a9fa-7ec761e4cf6b{ip: 192.168.157.252, host: pr-hdds-1643-qwrct-1900426900, networkLocation: /default-rack, certSerialId: null}
2019-11-05 11:28:14,324 [EventQueue-NodeRegistrationContainerReportForDataNodeSafeModeRule] INFO  safemode.SCMSafeModeManager (DataNodeSafeModeRule.java:process(71)) - SCM in safe mode. 1 DataNodes registered, 1 required.
2019-11-05 11:28:14,326 [EventQueue-NodeRegistrationContainerReportForContainerSafeModeRule] INFO  safemode.SCMSafeModeManager (SCMSafeModeManager.java:validateSafeModeExitRules(177)) - ScmSafeModeManager, all rules are successfully validated
2019-11-05 11:28:14,326 [EventQueue-NodeRegistrationContainerReportForContainerSafeModeRule] INFO  safemode.SCMSafeModeManager (SCMSafeModeManager.java:exitSafeMode(193)) - SCM exiting safe mode.
2019-11-05 11:28:14,544 [IPC Server handler 3 on 41301] INFO  net.NetworkTopology (NetworkTopologyImpl.java:add(111)) - Added a new node: /default-rack/b8bf4e9b-064a-4520-981c-d6c40c833497
2019-11-05 11:28:14,545 [IPC Server handler 3 on 41301] INFO  node.SCMNodeManager (SCMNodeManager.java:register(268)) - Registered Data node : b8bf4e9b-064a-4520-981c-d6c40c833497{ip: 192.168.157.252, host: pr-hdds-1643-qwrct-1900426900, networkLocation: /default-rack, certSerialId: null}
2019-11-05 11:28:14,722 [IPC Server handler 9 on 41301] INFO  net.NetworkTopology (NetworkTopologyImpl.java:add(111)) - Added a new node: /default-rack/93bc9e78-ae56-4fee-a007-4b156d649157
2019-11-05 11:28:14,723 [IPC Server handler 9 on 41301] INFO  node.SCMNodeManager (SCMNodeManager.java:register(268)) - Registered Data node : 93bc9e78-ae56-4fee-a007-4b156d649157{ip: 192.168.157.252, host: pr-hdds-1643-qwrct-1900426900, networkLocation: /default-rack, certSerialId: null}
2019-11-05 11:28:14,848 [main] INFO  ozone.MiniOzoneClusterImpl (MiniOzoneClusterImpl.java:lambda$waitForClusterToBeReady$0(147)) - Waiting for cluster to be ready. Got 3 of 10 DN Heartbeats.
2019-11-05 11:28:14,936 [IPC Server handler 11 on 41301] INFO  net.NetworkTopology (NetworkTopologyImpl.java:add(111)) - Added a new node: /default-rack/74a8fb36-eab9-4c53-b7cf-c565055de05a
2019-11-05 11:28:14,937 [IPC Server handler 11 on 41301] INFO  node.SCMNodeManager (SCMNodeManager.java:register(268)) - Registered Data node : 74a8fb36-eab9-4c53-b7cf-c565055de05a{ip: 192.168.157.252, host: pr-hdds-1643-qwrct-1900426900, networkLocation: /default-rack, certSerialId: null}
2019-11-05 11:28:15,065 [IPC Server handler 0 on 41301] INFO  net.NetworkTopology (NetworkTopologyImpl.java:add(111)) - Added a new node: /default-rack/1eca16cc-5184-4e43-8e55-175d1516eae4
2019-11-05 11:28:15,065 [IPC Server handler 0 on 41301] INFO  node.SCMNodeManager (SCMNodeManager.java:register(268)) - Registered Data node : 1eca16cc-5184-4e43-8e55-175d1516eae4{ip: 192.168.157.252, host: pr-hdds-1643-qwrct-1900426900, networkLocation: /default-rack, certSerialId: null}
2019-11-05 11:28:15,139 [grpc-default-executor-0] INFO  impl.RaftServerProxy (RaftServerProxy.java:addNew(89)) - d8b77924-76ff-4932-a9fa-7ec761e4cf6b: addNew group-E28C5974BD30:[d8b77924-76ff-4932-a9fa-7ec761e4cf6b:192.168.157.252:40377] returns group-E28C5974BD30:java.util.concurrent.CompletableFuture@7596564f[Not completed]
2019-11-05 11:28:15,167 [pool-27-thread-1] INFO  impl.RaftServerImpl (RaftServerImpl.java:<init>(104)) - d8b77924-76ff-4932-a9fa-7ec761e4cf6b: new RaftServerImpl for group-E28C5974BD30:[d8b77924-76ff-4932-a9fa-7ec761e4cf6b:192.168.157.252:40377] with ContainerStateMachine:uninitialized
2019-11-05 11:28:15,169 [pool-27-thread-1] INFO  server.RaftServerConfigKeys (ConfUtils.java:logGet(43)) - raft.server.rpc.timeout.min = 1s (custom)
2019-11-05 11:28:15,172 [pool-27-thread-1] INFO  server.RaftServerConfigKeys (ConfUtils.java:logGet(43)) - raft.server.rpc.timeout.max = 1200ms (custom)
2019-11-05 11:28:15,172 [pool-27-thread-1] INFO  server.RaftServerConfigKeys (ConfUtils.java:logGet(43)) - raft.server.rpcslowness.timeout = 120s (custom)
2019-11-05 11:28:15,173 [pool-27-thread-1] INFO  server.RaftServerConfigKeys (ConfUtils.java:logGet(43)) - raft.server.sleep.deviation.threshold = 300 (default)
2019-11-05 11:28:15,173 [pool-27-thread-1] INFO  server.RaftServerConfigKeys (ConfUtils.java:logGet(43)) - raft.server.log.appender.install.snapshot.enabled = false (custom)
2019-11-05 11:28:15,182 [pool-27-thread-1] INFO  impl.RaftServerImpl (ServerState.java:<init>(103)) - d8b77924-76ff-4932-a9fa-7ec761e4cf6b@group-E28C5974BD30: ConfigurationManager, init=-1: [d8b77924-76ff-4932-a9fa-7ec761e4cf6b:192.168.157.252:40377], old=null, confs=<EMPTY_MAP>
2019-11-05 11:28:15,182 [pool-27-thread-1] INFO  server.RaftServerConfigKeys (ConfUtils.java:logGet(43)) - raft.server.storage.dir = [/workdir/hadoop-ozone/integration-test/target/test-dir/MiniOzoneClusterImpl-6b0fc4fe-9997-4a80-bab7-b3d82b6e3879/datanode-0/data/ratis] (custom)
2019-11-05 11:28:15,189 [pool-27-thread-1] INFO  server.RaftServerConfigKeys (ConfUtils.java:logGet(43)) - raft.server.log.corruption.policy = EXCEPTION (default)
2019-11-05 11:28:15,191 [pool-27-thread-1] INFO  storage.RaftStorageDirectory (RaftStorageDirectory.java:analyzeStorage(246)) - The storage directory /workdir/hadoop-ozone/integration-test/target/test-dir/MiniOzoneClusterImpl-6b0fc4fe-9997-4a80-bab7-b3d82b6e3879/datanode-0/data/ratis/8ecbfe10-856c-4c9e-bf8a-e28c5974bd30 does not exist. Creating ...
2019-11-05 11:28:15,202 [IPC Server handler 5 on 41301] INFO  net.NetworkTopology (NetworkTopologyImpl.java:add(111)) - Added a new node: /default-rack/bd42c95e-cd41-4cbd-85b3-b330cc3c4f94
2019-11-05 11:28:15,202 [IPC Server handler 5 on 41301] INFO  node.SCMNodeManager (SCMNodeManager.java:register(268)) - Registered Data node : bd42c95e-cd41-4cbd-85b3-b330cc3c4f94{ip: 192.168.157.252, host: pr-hdds-1643-qwrct-1900426900, networkLocation: /default-rack, certSerialId: null}
2019-11-05 11:28:15,233 [pool-27-thread-1] INFO  storage.RaftStorageDirectory (RaftStorageDirectory.java:tryLock(328)) - Lock on /workdir/hadoop-ozone/integration-test/target/test-dir/MiniOzoneClusterImpl-6b0fc4fe-9997-4a80-bab7-b3d82b6e3879/datanode-0/data/ratis/8ecbfe10-856c-4c9e-bf8a-e28c5974bd30/in_use.lock acquired by nodename 23040@pr-hdds-1643-qwrct-1900426900
2019-11-05 11:28:15,253 [pool-27-thread-1] INFO  storage.RaftStorage (RaftStorage.java:format(84)) - Storage directory /workdir/hadoop-ozone/integration-test/target/test-dir/MiniOzoneClusterImpl-6b0fc4fe-9997-4a80-bab7-b3d82b6e3879/datanode-0/data/ratis/8ecbfe10-856c-4c9e-bf8a-e28c5974bd30 has been successfully formatted.
2019-11-05 11:28:15,256 [pool-27-thread-1] INFO  ratis.ContainerStateMachine (ContainerStateMachine.java:loadSnapshot(231)) - group-E28C5974BD30: The snapshot info is null. Setting the last applied indexto:(t:0, i:~)
2019-11-05 11:28:15,256 [pool-27-thread-1] INFO  server.RaftServerConfigKeys (ConfUtils.java:logGet(43)) - raft.server.notification.no-leader.timeout = 120s (custom)
2019-11-05 11:28:15,258 [pool-27-thread-1] INFO  server.RaftServerConfigKeys (ConfUtils.java:logGet(43)) - raft.server.log.use.memory = false (default)
2019-11-05 11:28:15,266 [pool-27-thread-1] INFO  server.RaftServerConfigKeys (ConfUtils.java:logGet(43)) - raft.server.log.purge.gap = 1000000 (custom)
2019-11-05 11:28:15,267 [pool-27-thread-1] INFO  server.RaftServerConfigKeys (ConfUtils.java:logGet(43)) - raft.server.log.appender.buffer.byte-limit = 33554432 (custom)
2019-11-05 11:28:15,269 [pool-27-thread-1] INFO  server.RaftServerConfigKeys (ConfUtils.java:logGet(43)) - raft.server.log.segment.size.max = 1048576 (custom)
2019-11-05 11:28:15,271 [pool-27-thread-1] INFO  impl.MetricsSystemImpl (MetricsSystemImpl.java:init(158)) - ratis metrics system started (again)
2019-11-05 11:28:15,278 [pool-27-thread-1] INFO  metrics.MetricRegistries (MetricRegistriesLoader.java:load(64)) - Loaded MetricRegistries class org.apache.ratis.metrics.impl.MetricRegistriesImpl
2019-11-05 11:28:15,332 [IPC Server handler 1 on 41301] INFO  net.NetworkTopology (NetworkTopologyImpl.java:add(111)) - Added a new node: /default-rack/f7e9932d-fd96-469a-9353-68e47138e5ff
2019-11-05 11:28:15,332 [IPC Server handler 1 on 41301] INFO  node.SCMNodeManager (SCMNodeManager.java:register(268)) - Registered Data node : f7e9932d-fd96-469a-9353-68e47138e5ff{ip: 192.168.157.252, host: pr-hdds-1643-qwrct-1900426900, networkLocation: /default-rack, certSerialId: null}
2019-11-05 11:28:15,371 [pool-27-thread-1] INFO  server.RaftServerConfigKeys (ConfUtils.java:logGet(43)) - raft.server.log.segment.cache.num.max = 2 (custom)
2019-11-05 11:28:15,378 [pool-27-thread-1] INFO  segmented.SegmentedRaftLogWorker (SegmentedRaftLogWorker.java:<init>(173)) - new d8b77924-76ff-4932-a9fa-7ec761e4cf6b@group-E28C5974BD30-SegmentedRaftLogWorker for RaftStorage:Storage Directory /workdir/hadoop-ozone/integration-test/target/test-dir/MiniOzoneClusterImpl-6b0fc4fe-9997-4a80-bab7-b3d82b6e3879/datanode-0/data/ratis/8ecbfe10-856c-4c9e-bf8a-e28c5974bd30
2019-11-05 11:28:15,378 [pool-27-thread-1] INFO  server.RaftServerConfigKeys (ConfUtils.java:logGet(43)) - raft.server.log.queue.byte-limit = 2147483647 (custom)
2019-11-05 11:28:15,379 [pool-27-thread-1] INFO  server.RaftServerConfigKeys (ConfUtils.java:logGet(43)) - raft.server.log.queue.element-limit = 1024 (custom)
2019-11-05 11:28:15,381 [pool-27-thread-1] INFO  server.RaftServerConfigKeys (ConfUtils.java:logGet(43)) - raft.server.log.segment.size.max = 1048576 (custom)
2019-11-05 11:28:15,381 [pool-27-thread-1] INFO  server.RaftServerConfigKeys (ConfUtils.java:logGet(43)) - raft.server.log.preallocated.size = 16384 (custom)
2019-11-05 11:28:15,382 [pool-27-thread-1] INFO  server.RaftServerConfigKeys (ConfUtils.java:logGet(43)) - raft.server.log.write.buffer.size = 33554432 (custom)
2019-11-05 11:28:15,382 [pool-27-thread-1] INFO  server.RaftServerConfigKeys (ConfUtils.java:logGet(43)) - raft.server.log.force.sync.num = 128 (default)
2019-11-05 11:28:15,383 [pool-27-thread-1] INFO  server.RaftServerConfigKeys (ConfUtils.java:logGet(43)) - raft.server.log.statemachine.data.sync = true (default)
2019-11-05 11:28:15,383 [pool-27-thread-1] INFO  server.RaftServerConfigKeys (ConfUtils.java:logGet(43)) - raft.server.log.statemachine.data.sync.timeout = 10s (default)
2019-11-05 11:28:15,384 [pool-27-thread-1] INFO  server.RaftServerConfigKeys (ConfUtils.java:logGet(43)) - raft.server.log.statemachine.data.sync.timeout.retry = -1 (default)
2019-11-05 11:28:15,402 [pool-27-thread-1] INFO  server.RaftServerConfigKeys (ConfUtils.java:logGet(43)) - raft.server.log.statemachine.data.caching.enabled = true (custom)
2019-11-05 11:28:15,408 [pool-27-thread-1] INFO  segmented.SegmentedRaftLogWorker (SegmentedRaftLogWorker.java:lambda$new$0(128)) - d8b77924-76ff-4932-a9fa-7ec761e4cf6b@group-E28C5974BD30-SegmentedRaftLogWorker: flushIndex: setUnconditionally 0 -> -1
2019-11-05 11:28:15,430 [IPC Server handler 3 on 41301] INFO  net.NetworkTopology (NetworkTopologyImpl.java:add(111)) - Added a new node: /default-rack/90ecfa43-dab6-49d9-b30c-40ef62bfdf2a
2019-11-05 11:28:15,430 [IPC Server handler 3 on 41301] INFO  node.SCMNodeManager (SCMNodeManager.java:register(268)) - Registered Data node : 90ecfa43-dab6-49d9-b30c-40ef62bfdf2a{ip: 192.168.157.252, host: pr-hdds-1643-qwrct-1900426900, networkLocation: /default-rack, certSerialId: null}
2019-11-05 11:28:15,432 [pool-27-thread-1] INFO  server.RaftServerConfigKeys (ConfUtils.java:logGet(43)) - raft.server.snapshot.auto.trigger.enabled = true (custom)
2019-11-05 11:28:15,433 [pool-27-thread-1] INFO  server.RaftServerConfigKeys (ConfUtils.java:logGet(43)) - raft.server.snapshot.auto.trigger.threshold = 10000 (custom)
2019-11-05 11:28:15,434 [pool-27-thread-1] INFO  server.RaftServerConfigKeys (ConfUtils.java:logGet(43)) - raft.server.snapshot.retention.file.num = 5 (custom)
2019-11-05 11:28:15,435 [pool-27-thread-1] INFO  server.RaftServerConfigKeys (ConfUtils.java:logGet(43)) - raft.server.retrycache.expirytime = 600000ms (custom)
2019-11-05 11:28:15,495 [pool-27-thread-1] INFO  impl.RaftServerImpl (RaftServerImpl.java:start(195)) - d8b77924-76ff-4932-a9fa-7ec761e4cf6b@group-E28C5974BD30: start as a follower, conf=-1: [d8b77924-76ff-4932-a9fa-7ec761e4cf6b:192.168.157.252:40377], old=null
2019-11-05 11:28:15,496 [pool-27-thread-1] INFO  impl.RaftServerImpl (RaftServerImpl.java:setRole(184)) - d8b77924-76ff-4932-a9fa-7ec761e4cf6b@group-E28C5974BD30: changes role from      null to FOLLOWER at term 0 for startAsFollower
2019-11-05 11:28:15,498 [pool-27-thread-1] INFO  impl.RoleInfo (RoleInfo.java:updateAndGet(143)) - d8b77924-76ff-4932-a9fa-7ec761e4cf6b: start FollowerState
2019-11-05 11:28:15,500 [pool-27-thread-1] INFO  util.JmxRegister (JmxRegister.java:tryRegister(44)) - Successfully registered JMX Bean with object name Ratis:service=RaftServer,group=group-E28C5974BD30,id=d8b77924-76ff-4932-a9fa-7ec761e4cf6b
2019-11-05 11:28:15,689 [Thread-285] INFO  impl.FollowerState (FollowerState.java:run(108)) - d8b77924-76ff-4932-a9fa-7ec761e4cf6b@group-E28C5974BD30-FollowerState: change to CANDIDATE, lastRpcTime:191ms, electionTimeout:190ms
2019-11-05 11:28:15,710 [Thread-285] INFO  impl.RoleInfo (RoleInfo.java:shutdownFollowerState(121)) - d8b77924-76ff-4932-a9fa-7ec761e4cf6b: shutdown FollowerState
2019-11-05 11:28:15,718 [Thread-285] INFO  impl.RaftServerImpl (RaftServerImpl.java:setRole(184)) - d8b77924-76ff-4932-a9fa-7ec761e4cf6b@group-E28C5974BD30: changes role from  FOLLOWER to CANDIDATE at term 0 for changeToCandidate
2019-11-05 11:28:15,737 [IPC Server handler 9 on 41301] INFO  net.NetworkTopology (NetworkTopologyImpl.java:add(111)) - Added a new node: /default-rack/687f579d-1680-4dd5-8b24-01f078298cef
2019-11-05 11:28:15,737 [IPC Server handler 9 on 41301] INFO  node.SCMNodeManager (SCMNodeManager.java:register(268)) - Registered Data node : 687f579d-1680-4dd5-8b24-01f078298cef{ip: 192.168.157.252, host: pr-hdds-1643-qwrct-1900426900, networkLocation: /default-rack, certSerialId: null}
2019-11-05 11:28:15,853 [main] INFO  ozone.MiniOzoneClusterImpl (MiniOzoneClusterImpl.java:lambda$waitForClusterToBeReady$0(147)) - Waiting for cluster to be ready. Got 9 of 10 DN Heartbeats.
2019-11-05 11:28:15,880 [Thread-285] INFO  impl.RoleInfo (RoleInfo.java:updateAndGet(143)) - d8b77924-76ff-4932-a9fa-7ec761e4cf6b: start LeaderElection
2019-11-05 11:28:15,951 [RatisPipelineUtilsThread] INFO  pipeline.PipelineStateManager (PipelineStateManager.java:addPipeline(56)) - Created pipeline Pipeline[ Id: 8ecbfe10-856c-4c9e-bf8a-e28c5974bd30, Nodes: d8b77924-76ff-4932-a9fa-7ec761e4cf6b{ip: 192.168.157.252, host: pr-hdds-1643-qwrct-1900426900, networkLocation: /default-rack, certSerialId: null}, Type:RATIS, Factor:ONE, State:OPEN]
2019-11-05 11:28:15,956 [IPC Server handler 14 on 41301] INFO  net.NetworkTopology (NetworkTopologyImpl.java:add(111)) - Added a new node: /default-rack/4a9a93c6-1a9a-4546-aacb-e3e0a6fb1ade
2019-11-05 11:28:15,956 [IPC Server handler 14 on 41301] INFO  node.SCMNodeManager (SCMNodeManager.java:register(268)) - Registered Data node : 4a9a93c6-1a9a-4546-aacb-e3e0a6fb1ade{ip: 192.168.157.252, host: pr-hdds-1643-qwrct-1900426900, networkLocation: /default-rack, certSerialId: null}
2019-11-05 11:28:15,977 [d8b77924-76ff-4932-a9fa-7ec761e4cf6b@group-E28C5974BD30-LeaderElection1] INFO  impl.LeaderElection (LeaderElection.java:askForVotes(178)) - d8b77924-76ff-4932-a9fa-7ec761e4cf6b@group-E28C5974BD30-LeaderElection1: begin an election at term 1 for -1: [d8b77924-76ff-4932-a9fa-7ec761e4cf6b:192.168.157.252:40377], old=null
2019-11-05 11:28:15,993 [d8b77924-76ff-4932-a9fa-7ec761e4cf6b@group-E28C5974BD30-LeaderElection1] INFO  impl.RoleInfo (RoleInfo.java:shutdownLeaderElection(134)) - d8b77924-76ff-4932-a9fa-7ec761e4cf6b: shutdown LeaderElection
2019-11-05 11:28:15,996 [d8b77924-76ff-4932-a9fa-7ec761e4cf6b@group-E28C5974BD30-LeaderElection1] INFO  impl.RaftServerImpl (RaftServerImpl.java:setRole(184)) - d8b77924-76ff-4932-a9fa-7ec761e4cf6b@group-E28C5974BD30: changes role from CANDIDATE to LEADER at term 1 for changeToLeader
2019-11-05 11:28:16,000 [grpc-default-executor-0] INFO  impl.RaftServerProxy (RaftServerProxy.java:addNew(89)) - b8bf4e9b-064a-4520-981c-d6c40c833497: addNew group-2F15D24374F3:[b8bf4e9b-064a-4520-981c-d6c40c833497:192.168.157.252:43407] returns group-2F15D24374F3:java.util.concurrent.CompletableFuture@19ed6a50[Not completed]
2019-11-05 11:28:16,022 [d8b77924-76ff-4932-a9fa-7ec761e4cf6b@group-E28C5974BD30-LeaderElection1] INFO  impl.RaftServerImpl (ServerState.java:setLeader(256)) - d8b77924-76ff-4932-a9fa-7ec761e4cf6b@group-E28C5974BD30: change Leader from null to d8b77924-76ff-4932-a9fa-7ec761e4cf6b at term 1 for becomeLeader, leader elected after 757ms
2019-11-05 11:28:16,090 [pool-37-thread-1] INFO  impl.RaftServerImpl (RaftServerImpl.java:<init>(104)) - b8bf4e9b-064a-4520-981c-d6c40c833497: new RaftServerImpl for group-2F15D24374F3:[b8bf4e9b-064a-4520-981c-d6c40c833497:192.168.157.252:43407] with ContainerStateMachine:uninitialized
2019-11-05 11:28:16,090 [pool-37-thread-1] INFO  server.RaftServerConfigKeys (ConfUtils.java:logGet(43)) - raft.server.rpc.timeout.min = 1s (custom)
2019-11-05 11:28:16,090 [pool-37-thread-1] INFO  server.RaftServerConfigKeys (ConfUtils.java:logGet(43)) - raft.server.rpc.timeout.max = 1200ms (custom)
2019-11-05 11:28:16,090 [pool-37-thread-1] INFO  server.RaftServerConfigKeys (ConfUtils.java:logGet(43)) - raft.server.rpcslowness.timeout = 120s (custom)
2019-11-05 11:28:16,090 [pool-37-thread-1] INFO  server.RaftServerConfigKeys (ConfUtils.java:logGet(43)) - raft.server.sleep.deviation.threshold = 300 (default)
2019-11-05 11:28:16,091 [pool-37-thread-1] INFO  server.RaftServerConfigKeys (ConfUtils.java:logGet(43)) - raft.server.log.appender.install.snapshot.enabled = false (custom)
2019-11-05 11:28:16,091 [pool-37-thread-1] INFO  impl.RaftServerImpl (ServerState.java:<init>(103)) - b8bf4e9b-064a-4520-981c-d6c40c833497@group-2F15D24374F3: ConfigurationManager, init=-1: [b8bf4e9b-064a-4520-981c-d6c40c833497:192.168.157.252:43407], old=null, confs=<EMPTY_MAP>
2019-11-05 11:28:16,091 [pool-37-thread-1] INFO  server.RaftServerConfigKeys (ConfUtils.java:logGet(43)) - raft.server.storage.dir = [/workdir/hadoop-ozone/integration-test/target/test-dir/MiniOzoneClusterImpl-6b0fc4fe-9997-4a80-bab7-b3d82b6e3879/datanode-1/data/ratis] (custom)
2019-11-05 11:28:16,091 [pool-37-thread-1] INFO  server.RaftServerConfigKeys (ConfUtils.java:logGet(43)) - raft.server.log.corruption.policy = EXCEPTION (default)
2019-11-05 11:28:16,091 [pool-37-thread-1] INFO  storage.RaftStorageDirectory (RaftStorageDirectory.java:analyzeStorage(246)) - The storage directory /workdir/hadoop-ozone/integration-test/target/test-dir/MiniOzoneClusterImpl-6b0fc4fe-9997-4a80-bab7-b3d82b6e3879/datanode-1/data/ratis/99587c78-dd70-47ae-9cec-2f15d24374f3 does not exist. Creating ...
2019-11-05 11:28:16,122 [pool-37-thread-1] INFO  storage.RaftStorageDirectory (RaftStorageDirectory.java:tryLock(328)) - Lock on /workdir/hadoop-ozone/integration-test/target/test-dir/MiniOzoneClusterImpl-6b0fc4fe-9997-4a80-bab7-b3d82b6e3879/datanode-1/data/ratis/99587c78-dd70-47ae-9cec-2f15d24374f3/in_use.lock acquired by nodename 23040@pr-hdds-1643-qwrct-1900426900
2019-11-05 11:28:16,136 [pool-37-thread-1] INFO  storage.RaftStorage (RaftStorage.java:format(84)) - Storage directory /workdir/hadoop-ozone/integration-test/target/test-dir/MiniOzoneClusterImpl-6b0fc4fe-9997-4a80-bab7-b3d82b6e3879/datanode-1/data/ratis/99587c78-dd70-47ae-9cec-2f15d24374f3 has been successfully formatted.
2019-11-05 11:28:16,160 [pool-37-thread-1] INFO  ratis.ContainerStateMachine (ContainerStateMachine.java:loadSnapshot(231)) - group-2F15D24374F3: The snapshot info is null. Setting the last applied indexto:(t:0, i:~)
2019-11-05 11:28:16,164 [pool-37-thread-1] INFO  server.RaftServerConfigKeys (ConfUtils.java:logGet(43)) - raft.server.notification.no-leader.timeout = 120s (custom)
2019-11-05 11:28:16,164 [pool-37-thread-1] INFO  server.RaftServerConfigKeys (ConfUtils.java:logGet(43)) - raft.server.log.use.memory = false (default)
2019-11-05 11:28:16,164 [pool-37-thread-1] INFO  server.RaftServerConfigKeys (ConfUtils.java:logGet(43)) - raft.server.log.purge.gap = 1000000 (custom)
2019-11-05 11:28:16,164 [pool-37-thread-1] INFO  server.RaftServerConfigKeys (ConfUtils.java:logGet(43)) - raft.server.log.appender.buffer.byte-limit = 33554432 (custom)
2019-11-05 11:28:16,164 [pool-37-thread-1] INFO  server.RaftServerConfigKeys (ConfUtils.java:logGet(43)) - raft.server.log.segment.size.max = 1048576 (custom)
2019-11-05 11:28:16,172 [pool-37-thread-1] INFO  server.RaftServerConfigKeys (ConfUtils.java:logGet(43)) - raft.server.log.segment.cache.num.max = 2 (custom)
2019-11-05 11:28:16,172 [pool-37-thread-1] INFO  segmented.SegmentedRaftLogWorker (SegmentedRaftLogWorker.java:<init>(173)) - new b8bf4e9b-064a-4520-981c-d6c40c833497@group-2F15D24374F3-SegmentedRaftLogWorker for RaftStorage:Storage Directory /workdir/hadoop-ozone/integration-test/target/test-dir/MiniOzoneClusterImpl-6b0fc4fe-9997-4a80-bab7-b3d82b6e3879/datanode-1/data/ratis/99587c78-dd70-47ae-9cec-2f15d24374f3
2019-11-05 11:28:16,204 [pool-37-thread-1] INFO  server.RaftServerConfigKeys (ConfUtils.java:logGet(43)) - raft.server.log.queue.byte-limit = 2147483647 (custom)
2019-11-05 11:28:16,204 [pool-37-thread-1] INFO  server.RaftServerConfigKeys (ConfUtils.java:logGet(43)) - raft.server.log.queue.element-limit = 1024 (custom)
2019-11-05 11:28:16,205 [pool-37-thread-1] INFO  server.RaftServerConfigKeys (ConfUtils.java:logGet(43)) - raft.server.log.segment.size.max = 1048576 (custom)
2019-11-05 11:28:16,205 [pool-37-thread-1] INFO  server.RaftServerConfigKeys (ConfUtils.java:logGet(43)) - raft.server.log.preallocated.size = 16384 (custom)
2019-11-05 11:28:16,205 [pool-37-thread-1] INFO  server.RaftServerConfigKeys (ConfUtils.java:logGet(43)) - raft.server.log.write.buffer.size = 33554432 (custom)
2019-11-05 11:28:16,205 [pool-37-thread-1] INFO  server.RaftServerConfigKeys (ConfUtils.java:logGet(43)) - raft.server.log.force.sync.num = 128 (default)
2019-11-05 11:28:16,205 [pool-37-thread-1] INFO  server.RaftServerConfigKeys (ConfUtils.java:logGet(43)) - raft.server.log.statemachine.data.sync = true (default)
2019-11-05 11:28:16,206 [pool-37-thread-1] INFO  server.RaftServerConfigKeys (ConfUtils.java:logGet(43)) - raft.server.log.statemachine.data.sync.timeout = 10s (default)
2019-11-05 11:28:16,206 [pool-37-thread-1] INFO  server.RaftServerConfigKeys (ConfUtils.java:logGet(43)) - raft.server.log.statemachine.data.sync.timeout.retry = -1 (default)
2019-11-05 11:28:16,207 [pool-37-thread-1] INFO  server.RaftServerConfigKeys (ConfUtils.java:logGet(43)) - raft.server.log.statemachine.data.caching.enabled = true (custom)
2019-11-05 11:28:16,207 [pool-37-thread-1] INFO  segmented.SegmentedRaftLogWorker (SegmentedRaftLogWorker.java:lambda$new$0(128)) - b8bf4e9b-064a-4520-981c-d6c40c833497@group-2F15D24374F3-SegmentedRaftLogWorker: flushIndex: setUnconditionally 0 -> -1
2019-11-05 11:28:16,242 [pool-37-thread-1] INFO  server.RaftServerConfigKeys (ConfUtils.java:logGet(43)) - raft.server.snapshot.auto.trigger.enabled = true (custom)
2019-11-05 11:28:16,243 [pool-37-thread-1] INFO  server.RaftServerConfigKeys (ConfUtils.java:logGet(43)) - raft.server.snapshot.auto.trigger.threshold = 10000 (custom)
2019-11-05 11:28:16,245 [pool-37-thread-1] INFO  server.RaftServerConfigKeys (ConfUtils.java:logGet(43)) - raft.server.snapshot.retention.file.num = 5 (custom)
2019-11-05 11:28:16,245 [pool-37-thread-1] INFO  server.RaftServerConfigKeys (ConfUtils.java:logGet(43)) - raft.server.retrycache.expirytime = 600000ms (custom)
2019-11-05 11:28:16,252 [d8b77924-76ff-4932-a9fa-7ec761e4cf6b@group-E28C5974BD30-LeaderElection1] INFO  server.RaftServerConfigKeys (ConfUtils.java:logGet(43)) - raft.server.staging.catchup.gap = 1000 (default)
2019-11-05 11:28:16,253 [d8b77924-76ff-4932-a9fa-7ec761e4cf6b@group-E28C5974BD30-LeaderElection1] INFO  server.RaftServerConfigKeys (ConfUtils.java:logGet(43)) - raft.server.rpc.sleep.time = 25ms (default)
2019-11-05 11:28:16,257 [d8b77924-76ff-4932-a9fa-7ec761e4cf6b@group-E28C5974BD30-LeaderElection1] INFO  server.RaftServerConfigKeys (ConfUtils.java:logGet(43)) - raft.server.write.element-limit = 4096 (default)
2019-11-05 11:28:16,260 [pool-37-thread-1] INFO  impl.RaftServerImpl (RaftServerImpl.java:start(195)) - b8bf4e9b-064a-4520-981c-d6c40c833497@group-2F15D24374F3: start as a follower, conf=-1: [b8bf4e9b-064a-4520-981c-d6c40c833497:192.168.157.252:43407], old=null
2019-11-05 11:28:16,260 [d8b77924-76ff-4932-a9fa-7ec761e4cf6b@group-E28C5974BD30-LeaderElection1] INFO  server.RaftServerConfigKeys (ConfUtils.java:logGet(43)) - raft.server.watch.timeout = 10s (default)
2019-11-05 11:28:16,260 [pool-37-thread-1] INFO  impl.RaftServerImpl (RaftServerImpl.java:setRole(184)) - b8bf4e9b-064a-4520-981c-d6c40c833497@group-2F15D24374F3: changes role from      null to FOLLOWER at term 0 for startAsFollower
2019-11-05 11:28:16,260 [pool-37-thread-1] INFO  impl.RoleInfo (RoleInfo.java:updateAndGet(143)) - b8bf4e9b-064a-4520-981c-d6c40c833497: start FollowerState
2019-11-05 11:28:16,260 [d8b77924-76ff-4932-a9fa-7ec761e4cf6b@group-E28C5974BD30-LeaderElection1] INFO  server.RaftServerConfigKeys (ConfUtils.java:logGet(43)) - raft.server.watch.timeout.denomination = 1s (default)
2019-11-05 11:28:16,261 [d8b77924-76ff-4932-a9fa-7ec761e4cf6b@group-E28C5974BD30-LeaderElection1] INFO  server.RaftServerConfigKeys (ConfUtils.java:logGet(43)) - raft.server.watch.element-limit = 65536 (default)
2019-11-05 11:28:16,262 [pool-37-thread-1] INFO  util.JmxRegister (JmxRegister.java:tryRegister(44)) - Successfully registered JMX Bean with object name Ratis:service=RaftServer,group=group-2F15D24374F3,id=b8bf4e9b-064a-4520-981c-d6c40c833497
2019-11-05 11:28:16,270 [Thread-290] INFO  impl.FollowerState (FollowerState.java:run(108)) - b8bf4e9b-064a-4520-981c-d6c40c833497@group-2F15D24374F3-FollowerState: change to CANDIDATE, lastRpcTime:10ms, electionTimeout:7ms
2019-11-05 11:28:16,285 [Thread-290] INFO  impl.RoleInfo (RoleInfo.java:shutdownFollowerState(121)) - b8bf4e9b-064a-4520-981c-d6c40c833497: shutdown FollowerState
2019-11-05 11:28:16,288 [Thread-290] INFO  impl.RaftServerImpl (RaftServerImpl.java:setRole(184)) - b8bf4e9b-064a-4520-981c-d6c40c833497@group-2F15D24374F3: changes role from  FOLLOWER to CANDIDATE at term 0 for changeToCandidate
2019-11-05 11:28:16,289 [Thread-290] INFO  impl.RoleInfo (RoleInfo.java:updateAndGet(143)) - b8bf4e9b-064a-4520-981c-d6c40c833497: start LeaderElection
2019-11-05 11:28:16,500 [b8bf4e9b-064a-4520-981c-d6c40c833497@group-2F15D24374F3-LeaderElection2] INFO  impl.LeaderElection (LeaderElection.java:askForVotes(178)) - b8bf4e9b-064a-4520-981c-d6c40c833497@group-2F15D24374F3-LeaderElection2: begin an election at term 1 for -1: [b8bf4e9b-064a-4520-981c-d6c40c833497:192.168.157.252:43407], old=null
2019-11-05 11:28:16,529 [b8bf4e9b-064a-4520-981c-d6c40c833497@group-2F15D24374F3-LeaderElection2] INFO  impl.RoleInfo (RoleInfo.java:shutdownLeaderElection(134)) - b8bf4e9b-064a-4520-981c-d6c40c833497: shutdown LeaderElection
2019-11-05 11:28:16,529 [b8bf4e9b-064a-4520-981c-d6c40c833497@group-2F15D24374F3-LeaderElection2] INFO  impl.RaftServerImpl (RaftServerImpl.java:setRole(184)) - b8bf4e9b-064a-4520-981c-d6c40c833497@group-2F15D24374F3: changes role from CANDIDATE to LEADER at term 1 for changeToLeader
2019-11-05 11:28:16,529 [b8bf4e9b-064a-4520-981c-d6c40c833497@group-2F15D24374F3-LeaderElection2] INFO  impl.RaftServerImpl (ServerState.java:setLeader(256)) - b8bf4e9b-064a-4520-981c-d6c40c833497@group-2F15D24374F3: change Leader from null to b8bf4e9b-064a-4520-981c-d6c40c833497 at term 1 for becomeLeader, leader elected after 365ms
2019-11-05 11:28:16,531 [b8bf4e9b-064a-4520-981c-d6c40c833497@group-2F15D24374F3-LeaderElection2] INFO  server.RaftServerConfigKeys (ConfUtils.java:logGet(43)) - raft.server.staging.catchup.gap = 1000 (default)
2019-11-05 11:28:16,531 [b8bf4e9b-064a-4520-981c-d6c40c833497@group-2F15D24374F3-LeaderElection2] INFO  server.RaftServerConfigKeys (ConfUtils.java:logGet(43)) - raft.server.rpc.sleep.time = 25ms (default)
2019-11-05 11:28:16,531 [b8bf4e9b-064a-4520-981c-d6c40c833497@group-2F15D24374F3-LeaderElection2] INFO  server.RaftServerConfigKeys (ConfUtils.java:logGet(43)) - raft.server.write.element-limit = 4096 (default)
2019-11-05 11:28:16,531 [b8bf4e9b-064a-4520-981c-d6c40c833497@group-2F15D24374F3-LeaderElection2] INFO  server.RaftServerConfigKeys (ConfUtils.java:logGet(43)) - raft.server.watch.timeout = 10s (default)
2019-11-05 11:28:16,531 [RatisPipelineUtilsThread] INFO  pipeline.PipelineStateManager (PipelineStateManager.java:addPipeline(56)) - Created pipeline Pipeline[ Id: 99587c78-dd70-47ae-9cec-2f15d24374f3, Nodes: b8bf4e9b-064a-4520-981c-d6c40c833497{ip: 192.168.157.252, host: pr-hdds-1643-qwrct-1900426900, networkLocation: /default-rack, certSerialId: null}, Type:RATIS, Factor:ONE, State:OPEN]
2019-11-05 11:28:16,531 [b8bf4e9b-064a-4520-981c-d6c40c833497@group-2F15D24374F3-LeaderElection2] INFO  server.RaftServerConfigKeys (ConfUtils.java:logGet(43)) - raft.server.watch.timeout.denomination = 1s (default)
2019-11-05 11:28:16,532 [b8bf4e9b-064a-4520-981c-d6c40c833497@group-2F15D24374F3-LeaderElection2] INFO  server.RaftServerConfigKeys (ConfUtils.java:logGet(43)) - raft.server.watch.element-limit = 65536 (default)
2019-11-05 11:28:16,549 [b8bf4e9b-064a-4520-981c-d6c40c833497@group-2F15D24374F3-LeaderElection2] INFO  impl.RoleInfo (RoleInfo.java:updateAndGet(143)) - b8bf4e9b-064a-4520-981c-d6c40c833497: start LeaderState
2019-11-05 11:28:16,549 [d8b77924-76ff-4932-a9fa-7ec761e4cf6b@group-E28C5974BD30-LeaderElection1] INFO  impl.RoleInfo (RoleInfo.java:updateAndGet(143)) - d8b77924-76ff-4932-a9fa-7ec761e4cf6b: start LeaderState
2019-11-05 11:28:16,552 [grpc-default-executor-0] INFO  impl.RaftServerProxy (RaftServerProxy.java:addNew(89)) - 687f579d-1680-4dd5-8b24-01f078298cef: addNew group-B08536B55BF1:[687f579d-1680-4dd5-8b24-01f078298cef:192.168.157.252:37962] returns group-B08536B55BF1:java.util.concurrent.CompletableFuture@29811f36[Not completed]
2019-11-05 11:28:16,555 [pool-107-thread-1] INFO  impl.RaftServerImpl (RaftServerImpl.java:<init>(104)) - 687f579d-1680-4dd5-8b24-01f078298cef: new RaftServerImpl for group-B08536B55BF1:[687f579d-1680-4dd5-8b24-01f078298cef:192.168.157.252:37962] with ContainerStateMachine:uninitialized
2019-11-05 11:28:16,556 [pool-107-thread-1] INFO  server.RaftServerConfigKeys (ConfUtils.java:logGet(43)) - raft.server.rpc.timeout.min = 1s (custom)
2019-11-05 11:28:16,556 [pool-107-thread-1] INFO  server.RaftServerConfigKeys (ConfUtils.java:logGet(43)) - raft.server.rpc.timeout.max = 1200ms (custom)
2019-11-05 11:28:16,556 [pool-107-thread-1] INFO  server.RaftServerConfigKeys (ConfUtils.java:logGet(43)) - raft.server.rpcslowness.timeout = 120s (custom)
2019-11-05 11:28:16,556 [pool-107-thread-1] INFO  server.RaftServerConfigKeys (ConfUtils.java:logGet(43)) - raft.server.sleep.deviation.threshold = 300 (default)
2019-11-05 11:28:16,556 [pool-107-thread-1] INFO  server.RaftServerConfigKeys (ConfUtils.java:logGet(43)) - raft.server.log.appender.install.snapshot.enabled = false (custom)
2019-11-05 11:28:16,556 [pool-107-thread-1] INFO  impl.RaftServerImpl (ServerState.java:<init>(103)) - 687f579d-1680-4dd5-8b24-01f078298cef@group-B08536B55BF1: ConfigurationManager, init=-1: [687f579d-1680-4dd5-8b24-01f078298cef:192.168.157.252:37962], old=null, confs=<EMPTY_MAP>
2019-11-05 11:28:16,556 [pool-107-thread-1] INFO  server.RaftServerConfigKeys (ConfUtils.java:logGet(43)) - raft.server.storage.dir = [/workdir/hadoop-ozone/integration-test/target/test-dir/MiniOzoneClusterImpl-6b0fc4fe-9997-4a80-bab7-b3d82b6e3879/datanode-8/data/ratis] (custom)
2019-11-05 11:28:16,557 [pool-107-thread-1] INFO  server.RaftServerConfigKeys (ConfUtils.java:logGet(43)) - raft.server.log.corruption.policy = EXCEPTION (default)
2019-11-05 11:28:16,557 [pool-107-thread-1] INFO  storage.RaftStorageDirectory (RaftStorageDirectory.java:analyzeStorage(246)) - The storage directory /workdir/hadoop-ozone/integration-test/target/test-dir/MiniOzoneClusterImpl-6b0fc4fe-9997-4a80-bab7-b3d82b6e3879/datanode-8/data/ratis/b4a0fba1-b6d1-44e5-b2c4-b08536b55bf1 does not exist. Creating ...
2019-11-05 11:28:16,570 [pool-107-thread-1] INFO  storage.RaftStorageDirectory (RaftStorageDirectory.java:tryLock(328)) - Lock on /workdir/hadoop-ozone/integration-test/target/test-dir/MiniOzoneClusterImpl-6b0fc4fe-9997-4a80-bab7-b3d82b6e3879/datanode-8/data/ratis/b4a0fba1-b6d1-44e5-b2c4-b08536b55bf1/in_use.lock acquired by nodename 23040@pr-hdds-1643-qwrct-1900426900
2019-11-05 11:28:16,572 [d8b77924-76ff-4932-a9fa-7ec761e4cf6b@group-E28C5974BD30-LeaderElection1] INFO  segmented.SegmentedRaftLogWorker (SegmentedRaftLogWorker.java:startLogSegment(385)) - d8b77924-76ff-4932-a9fa-7ec761e4cf6b@group-E28C5974BD30-SegmentedRaftLogWorker: Starting segment from index:0
2019-11-05 11:28:16,572 [b8bf4e9b-064a-4520-981c-d6c40c833497@group-2F15D24374F3-LeaderElection2] INFO  segmented.SegmentedRaftLogWorker (SegmentedRaftLogWorker.java:startLogSegment(385)) - b8bf4e9b-064a-4520-981c-d6c40c833497@group-2F15D24374F3-SegmentedRaftLogWorker: Starting segment from index:0
2019-11-05 11:28:16,576 [pool-107-thread-1] INFO  storage.RaftStorage (RaftStorage.java:format(84)) - Storage directory /workdir/hadoop-ozone/integration-test/target/test-dir/MiniOzoneClusterImpl-6b0fc4fe-9997-4a80-bab7-b3d82b6e3879/datanode-8/data/ratis/b4a0fba1-b6d1-44e5-b2c4-b08536b55bf1 has been successfully formatted.
2019-11-05 11:28:16,577 [pool-107-thread-1] INFO  ratis.ContainerStateMachine (ContainerStateMachine.java:loadSnapshot(231)) - group-B08536B55BF1: The snapshot info is null. Setting the last applied indexto:(t:0, i:~)
2019-11-05 11:28:16,577 [pool-107-thread-1] INFO  server.RaftServerConfigKeys (ConfUtils.java:logGet(43)) - raft.server.notification.no-leader.timeout = 120s (custom)
2019-11-05 11:28:16,581 [pool-107-thread-1] INFO  server.RaftServerConfigKeys (ConfUtils.java:logGet(43)) - raft.server.log.use.memory = false (default)
2019-11-05 11:28:16,582 [pool-107-thread-1] INFO  server.RaftServerConfigKeys (ConfUtils.java:logGet(43)) - raft.server.log.purge.gap = 1000000 (custom)
2019-11-05 11:28:16,582 [pool-107-thread-1] INFO  server.RaftServerConfigKeys (ConfUtils.java:logGet(43)) - raft.server.log.appender.buffer.byte-limit = 33554432 (custom)
2019-11-05 11:28:16,582 [pool-107-thread-1] INFO  server.RaftServerConfigKeys (ConfUtils.java:logGet(43)) - raft.server.log.segment.size.max = 1048576 (custom)
2019-11-05 11:28:16,586 [pool-107-thread-1] INFO  server.RaftServerConfigKeys (ConfUtils.java:logGet(43)) - raft.server.log.segment.cache.num.max = 2 (custom)
2019-11-05 11:28:16,586 [pool-107-thread-1] INFO  segmented.SegmentedRaftLogWorker (SegmentedRaftLogWorker.java:<init>(173)) - new 687f579d-1680-4dd5-8b24-01f078298cef@group-B08536B55BF1-SegmentedRaftLogWorker for RaftStorage:Storage Directory /workdir/hadoop-ozone/integration-test/target/test-dir/MiniOzoneClusterImpl-6b0fc4fe-9997-4a80-bab7-b3d82b6e3879/datanode-8/data/ratis/b4a0fba1-b6d1-44e5-b2c4-b08536b55bf1
2019-11-05 11:28:16,586 [pool-107-thread-1] INFO  server.RaftServerConfigKeys (ConfUtils.java:logGet(43)) - raft.server.log.queue.byte-limit = 2147483647 (custom)
2019-11-05 11:28:16,587 [pool-107-thread-1] INFO  server.RaftServerConfigKeys (ConfUtils.java:logGet(43)) - raft.server.log.queue.element-limit = 1024 (custom)
2019-11-05 11:28:16,587 [pool-107-thread-1] INFO  server.RaftServerConfigKeys (ConfUtils.java:logGet(43)) - raft.server.log.segment.size.max = 1048576 (custom)
2019-11-05 11:28:16,587 [pool-107-thread-1] INFO  server.RaftServerConfigKeys (ConfUtils.java:logGet(43)) - raft.server.log.preallocated.size = 16384 (custom)
2019-11-05 11:28:16,587 [pool-107-thread-1] INFO  server.RaftServerConfigKeys (ConfUtils.java:logGet(43)) - raft.server.log.write.buffer.size = 33554432 (custom)
2019-11-05 11:28:16,587 [pool-107-thread-1] INFO  server.RaftServerConfigKeys (ConfUtils.java:logGet(43)) - raft.server.log.force.sync.num = 128 (default)
2019-11-05 11:28:16,587 [pool-107-thread-1] INFO  server.RaftServerConfigKeys (ConfUtils.java:logGet(43)) - raft.server.log.statemachine.data.sync = true (default)
2019-11-05 11:28:16,588 [pool-107-thread-1] INFO  server.RaftServerConfigKeys (ConfUtils.java:logGet(43)) - raft.server.log.statemachine.data.sync.timeout = 10s (default)
2019-11-05 11:28:16,588 [pool-107-thread-1] INFO  server.RaftServerConfigKeys (ConfUtils.java:logGet(43)) - raft.server.log.statemachine.data.sync.timeout.retry = -1 (default)
2019-11-05 11:28:16,588 [pool-107-thread-1] INFO  server.RaftServerConfigKeys (ConfUtils.java:logGet(43)) - raft.server.log.statemachine.data.caching.enabled = true (custom)
2019-11-05 11:28:16,589 [pool-107-thread-1] INFO  segmented.SegmentedRaftLogWorker (SegmentedRaftLogWorker.java:lambda$new$0(128)) - 687f579d-1680-4dd5-8b24-01f078298cef@group-B08536B55BF1-SegmentedRaftLogWorker: flushIndex: setUnconditionally 0 -> -1
2019-11-05 11:28:16,591 [d8b77924-76ff-4932-a9fa-7ec761e4cf6b@group-E28C5974BD30-LeaderElection1] INFO  impl.RaftServerImpl (ServerState.java:setRaftConf(357)) - d8b77924-76ff-4932-a9fa-7ec761e4cf6b@group-E28C5974BD30: set configuration 0: [d8b77924-76ff-4932-a9fa-7ec761e4cf6b:192.168.157.252:40377], old=null at 0
2019-11-05 11:28:16,597 [pool-107-thread-1] INFO  server.RaftServerConfigKeys (ConfUtils.java:logGet(43)) - raft.server.snapshot.auto.trigger.enabled = true (custom)
2019-11-05 11:28:16,597 [b8bf4e9b-064a-4520-981c-d6c40c833497@group-2F15D24374F3-LeaderElection2] INFO  impl.RaftServerImpl (ServerState.java:setRaftConf(357)) - b8bf4e9b-064a-4520-981c-d6c40c833497@group-2F15D24374F3: set configuration 0: [b8bf4e9b-064a-4520-981c-d6c40c833497:192.168.157.252:43407], old=null at 0
2019-11-05 11:28:16,597 [pool-107-thread-1] INFO  server.RaftServerConfigKeys (ConfUtils.java:logGet(43)) - raft.server.snapshot.auto.trigger.threshold = 10000 (custom)
2019-11-05 11:28:16,599 [pool-107-thread-1] INFO  server.RaftServerConfigKeys (ConfUtils.java:logGet(43)) - raft.server.snapshot.retention.file.num = 5 (custom)
2019-11-05 11:28:16,600 [pool-107-thread-1] INFO  server.RaftServerConfigKeys (ConfUtils.java:logGet(43)) - raft.server.retrycache.expirytime = 600000ms (custom)
2019-11-05 11:28:16,606 [pool-107-thread-1] INFO  impl.RaftServerImpl (RaftServerImpl.java:start(195)) - 687f579d-1680-4dd5-8b24-01f078298cef@group-B08536B55BF1: start as a follower, conf=-1: [687f579d-1680-4dd5-8b24-01f078298cef:192.168.157.252:37962], old=null
2019-11-05 11:28:16,607 [pool-107-thread-1] INFO  impl.RaftServerImpl (RaftServerImpl.java:setRole(184)) - 687f579d-1680-4dd5-8b24-01f078298cef@group-B08536B55BF1: changes role from      null to FOLLOWER at term 0 for startAsFollower
2019-11-05 11:28:16,607 [pool-107-thread-1] INFO  impl.RoleInfo (RoleInfo.java:updateAndGet(143)) - 687f579d-1680-4dd5-8b24-01f078298cef: start FollowerState
2019-11-05 11:28:16,608 [pool-107-thread-1] INFO  util.JmxRegister (JmxRegister.java:tryRegister(44)) - Successfully registered JMX Bean with object name Ratis:service=RaftServer,group=group-B08536B55BF1,id=687f579d-1680-4dd5-8b24-01f078298cef
2019-11-05 11:28:16,643 [RatisPipelineUtilsThread] INFO  pipeline.PipelineStateManager (PipelineStateManager.java:addPipeline(56)) - Created pipeline Pipeline[ Id: b4a0fba1-b6d1-44e5-b2c4-b08536b55bf1, Nodes: 687f579d-1680-4dd5-8b24-01f078298cef{ip: 192.168.157.252, host: pr-hdds-1643-qwrct-1900426900, networkLocation: /default-rack, certSerialId: null}, Type:RATIS, Factor:ONE, State:OPEN]
2019-11-05 11:28:16,661 [grpc-default-executor-0] INFO  impl.RaftServerProxy (RaftServerProxy.java:addNew(89)) - 90ecfa43-dab6-49d9-b30c-40ef62bfdf2a: addNew group-9FB01F4EDB21:[90ecfa43-dab6-49d9-b30c-40ef62bfdf2a:192.168.157.252:34192] returns group-9FB01F4EDB21:java.util.concurrent.CompletableFuture@19fba890[Not completed]
2019-11-05 11:28:16,664 [pool-97-thread-1] INFO  impl.RaftServerImpl (RaftServerImpl.java:<init>(104)) - 90ecfa43-dab6-49d9-b30c-40ef62bfdf2a: new RaftServerImpl for group-9FB01F4EDB21:[90ecfa43-dab6-49d9-b30c-40ef62bfdf2a:192.168.157.252:34192] with ContainerStateMachine:uninitialized
2019-11-05 11:28:16,665 [pool-97-thread-1] INFO  server.RaftServerConfigKeys (ConfUtils.java:logGet(43)) - raft.server.rpc.timeout.min = 1s (custom)
2019-11-05 11:28:16,665 [pool-97-thread-1] INFO  server.RaftServerConfigKeys (ConfUtils.java:logGet(43)) - raft.server.rpc.timeout.max = 1200ms (custom)
2019-11-05 11:28:16,665 [pool-97-thread-1] INFO  server.RaftServerConfigKeys (ConfUtils.java:logGet(43)) - raft.server.rpcslowness.timeout = 120s (custom)
2019-11-05 11:28:16,665 [pool-97-thread-1] INFO  server.RaftServerConfigKeys (ConfUtils.java:logGet(43)) - raft.server.sleep.deviation.threshold = 300 (default)
2019-11-05 11:28:16,665 [pool-97-thread-1] INFO  server.RaftServerConfigKeys (ConfUtils.java:logGet(43)) - raft.server.log.appender.install.snapshot.enabled = false (custom)
2019-11-05 11:28:16,665 [pool-97-thread-1] INFO  impl.RaftServerImpl (ServerState.java:<init>(103)) - 90ecfa43-dab6-49d9-b30c-40ef62bfdf2a@group-9FB01F4EDB21: ConfigurationManager, init=-1: [90ecfa43-dab6-49d9-b30c-40ef62bfdf2a:192.168.157.252:34192], old=null, confs=<EMPTY_MAP>
2019-11-05 11:28:16,665 [pool-97-thread-1] INFO  server.RaftServerConfigKeys (ConfUtils.java:logGet(43)) - raft.server.storage.dir = [/workdir/hadoop-ozone/integration-test/target/test-dir/MiniOzoneClusterImpl-6b0fc4fe-9997-4a80-bab7-b3d82b6e3879/datanode-7/data/ratis] (custom)
2019-11-05 11:28:16,665 [pool-97-thread-1] INFO  server.RaftServerConfigKeys (ConfUtils.java:logGet(43)) - raft.server.log.corruption.policy = EXCEPTION (default)
2019-11-05 11:28:16,667 [pool-97-thread-1] INFO  storage.RaftStorageDirectory (RaftStorageDirectory.java:analyzeStorage(246)) - The storage directory /workdir/hadoop-ozone/integration-test/target/test-dir/MiniOzoneClusterImpl-6b0fc4fe-9997-4a80-bab7-b3d82b6e3879/datanode-7/data/ratis/89b1c241-5106-4d96-ae92-9fb01f4edb21 does not exist. Creating ...
2019-11-05 11:28:16,677 [pool-97-thread-1] INFO  storage.RaftStorageDirectory (RaftStorageDirectory.java:tryLock(328)) - Lock on /workdir/hadoop-ozone/integration-test/target/test-dir/MiniOzoneClusterImpl-6b0fc4fe-9997-4a80-bab7-b3d82b6e3879/datanode-7/data/ratis/89b1c241-5106-4d96-ae92-9fb01f4edb21/in_use.lock acquired by nodename 23040@pr-hdds-1643-qwrct-1900426900
2019-11-05 11:28:16,691 [pool-97-thread-1] INFO  storage.RaftStorage (RaftStorage.java:format(84)) - Storage directory /workdir/hadoop-ozone/integration-test/target/test-dir/MiniOzoneClusterImpl-6b0fc4fe-9997-4a80-bab7-b3d82b6e3879/datanode-7/data/ratis/89b1c241-5106-4d96-ae92-9fb01f4edb21 has been successfully formatted.
2019-11-05 11:28:16,691 [pool-97-thread-1] INFO  ratis.ContainerStateMachine (ContainerStateMachine.java:loadSnapshot(231)) - group-9FB01F4EDB21: The snapshot info is null. Setting the last applied indexto:(t:0, i:~)
2019-11-05 11:28:16,692 [pool-97-thread-1] INFO  server.RaftServerConfigKeys (ConfUtils.java:logGet(43)) - raft.server.notification.no-leader.timeout = 120s (custom)
2019-11-05 11:28:16,692 [pool-97-thread-1] INFO  server.RaftServerConfigKeys (ConfUtils.java:logGet(43)) - raft.server.log.use.memory = false (default)
2019-11-05 11:28:16,692 [pool-97-thread-1] INFO  server.RaftServerConfigKeys (ConfUtils.java:logGet(43)) - raft.server.log.purge.gap = 1000000 (custom)
2019-11-05 11:28:16,692 [pool-97-thread-1] INFO  server.RaftServerConfigKeys (ConfUtils.java:logGet(43)) - raft.server.log.appender.buffer.byte-limit = 33554432 (custom)
2019-11-05 11:28:16,692 [pool-97-thread-1] INFO  server.RaftServerConfigKeys (ConfUtils.java:logGet(43)) - raft.server.log.segment.size.max = 1048576 (custom)
2019-11-05 11:28:16,732 [Thread-295] INFO  impl.FollowerState (FollowerState.java:run(108)) - 687f579d-1680-4dd5-8b24-01f078298cef@group-B08536B55BF1-FollowerState: change to CANDIDATE, lastRpcTime:124ms, electionTimeout:114ms
2019-11-05 11:28:16,735 [Thread-295] INFO  impl.RoleInfo (RoleInfo.java:shutdownFollowerState(121)) - 687f579d-1680-4dd5-8b24-01f078298cef: shutdown FollowerState
2019-11-05 11:28:16,735 [Thread-295] INFO  impl.RaftServerImpl (RaftServerImpl.java:setRole(184)) - 687f579d-1680-4dd5-8b24-01f078298cef@group-B08536B55BF1: changes role from  FOLLOWER to CANDIDATE at term 0 for changeToCandidate
2019-11-05 11:28:16,735 [Thread-295] INFO  impl.RoleInfo (RoleInfo.java:updateAndGet(143)) - 687f579d-1680-4dd5-8b24-01f078298cef: start LeaderElection
2019-11-05 11:28:16,818 [687f579d-1680-4dd5-8b24-01f078298cef@group-B08536B55BF1-LeaderElection3] INFO  impl.LeaderElection (LeaderElection.java:askForVotes(178)) - 687f579d-1680-4dd5-8b24-01f078298cef@group-B08536B55BF1-LeaderElection3: begin an election at term 1 for -1: [687f579d-1680-4dd5-8b24-01f078298cef:192.168.157.252:37962], old=null
2019-11-05 11:28:16,821 [687f579d-1680-4dd5-8b24-01f078298cef@group-B08536B55BF1-LeaderElection3] INFO  impl.RoleInfo (RoleInfo.java:shutdownLeaderElection(134)) - 687f579d-1680-4dd5-8b24-01f078298cef: shutdown LeaderElection
2019-11-05 11:28:16,821 [687f579d-1680-4dd5-8b24-01f078298cef@group-B08536B55BF1-LeaderElection3] INFO  impl.RaftServerImpl (RaftServerImpl.java:setRole(184)) - 687f579d-1680-4dd5-8b24-01f078298cef@group-B08536B55BF1: changes role from CANDIDATE to LEADER at term 1 for changeToLeader
2019-11-05 11:28:16,821 [687f579d-1680-4dd5-8b24-01f078298cef@group-B08536B55BF1-LeaderElection3] INFO  impl.RaftServerImpl (ServerState.java:setLeader(256)) - 687f579d-1680-4dd5-8b24-01f078298cef@group-B08536B55BF1: change Leader from null to 687f579d-1680-4dd5-8b24-01f078298cef at term 1 for becomeLeader, leader elected after 244ms
2019-11-05 11:28:16,824 [687f579d-1680-4dd5-8b24-01f078298cef@group-B08536B55BF1-LeaderElection3] INFO  server.RaftServerConfigKeys (ConfUtils.java:logGet(43)) - raft.server.staging.catchup.gap = 1000 (default)
2019-11-05 11:28:16,824 [687f579d-1680-4dd5-8b24-01f078298cef@group-B08536B55BF1-LeaderElection3] INFO  server.RaftServerConfigKeys (ConfUtils.java:logGet(43)) - raft.server.rpc.sleep.time = 25ms (default)
2019-11-05 11:28:16,825 [687f579d-1680-4dd5-8b24-01f078298cef@group-B08536B55BF1-LeaderElection3] INFO  server.RaftServerConfigKeys (ConfUtils.java:logGet(43)) - raft.server.write.element-limit = 4096 (default)
2019-11-05 11:28:16,825 [687f579d-1680-4dd5-8b24-01f078298cef@group-B08536B55BF1-LeaderElection3] INFO  server.RaftServerConfigKeys (ConfUtils.java:logGet(43)) - raft.server.watch.timeout = 10s (default)
2019-11-05 11:28:16,825 [687f579d-1680-4dd5-8b24-01f078298cef@group-B08536B55BF1-LeaderElection3] INFO  server.RaftServerConfigKeys (ConfUtils.java:logGet(43)) - raft.server.watch.timeout.denomination = 1s (default)
2019-11-05 11:28:16,825 [687f579d-1680-4dd5-8b24-01f078298cef@group-B08536B55BF1-LeaderElection3] INFO  server.RaftServerConfigKeys (ConfUtils.java:logGet(43)) - raft.server.watch.element-limit = 65536 (default)
2019-11-05 11:28:16,844 [d8b77924-76ff-4932-a9fa-7ec761e4cf6b@group-E28C5974BD30-SegmentedRaftLogWorker] INFO  segmented.SegmentedRaftLogWorker (SegmentedRaftLogWorker.java:execute(576)) - d8b77924-76ff-4932-a9fa-7ec761e4cf6b@group-E28C5974BD30-SegmentedRaftLogWorker: created new log segment /workdir/hadoop-ozone/integration-test/target/test-dir/MiniOzoneClusterImpl-6b0fc4fe-9997-4a80-bab7-b3d82b6e3879/datanode-0/data/ratis/8ecbfe10-856c-4c9e-bf8a-e28c5974bd30/current/log_inprogress_0
2019-11-05 11:28:16,844 [b8bf4e9b-064a-4520-981c-d6c40c833497@group-2F15D24374F3-SegmentedRaftLogWorker] INFO  segmented.SegmentedRaftLogWorker (SegmentedRaftLogWorker.java:execute(576)) - b8bf4e9b-064a-4520-981c-d6c40c833497@group-2F15D24374F3-SegmentedRaftLogWorker: created new log segment /workdir/hadoop-ozone/integration-test/target/test-dir/MiniOzoneClusterImpl-6b0fc4fe-9997-4a80-bab7-b3d82b6e3879/datanode-1/data/ratis/99587c78-dd70-47ae-9cec-2f15d24374f3/current/log_inprogress_0
2019-11-05 11:28:16,855 [main] INFO  ozone.MiniOzoneClusterImpl (MiniOzoneClusterImpl.java:lambda$waitForClusterToBeReady$0(147)) - Cluster is ready. Got 10 of 10 DN Heartbeats.
2019-11-05 11:28:17,213 [687f579d-1680-4dd5-8b24-01f078298cef@group-B08536B55BF1-LeaderElection3] INFO  impl.RoleInfo (RoleInfo.java:updateAndGet(143)) - 687f579d-1680-4dd5-8b24-01f078298cef: start LeaderState
2019-11-05 11:28:17,213 [pool-97-thread-1] INFO  server.RaftServerConfigKeys (ConfUtils.java:logGet(43)) - raft.server.log.segment.cache.num.max = 2 (custom)
2019-11-05 11:28:17,213 [687f579d-1680-4dd5-8b24-01f078298cef@group-B08536B55BF1-LeaderElection3] INFO  segmented.SegmentedRaftLogWorker (SegmentedRaftLogWorker.java:startLogSegment(385)) - 687f579d-1680-4dd5-8b24-01f078298cef@group-B08536B55BF1-SegmentedRaftLogWorker: Starting segment from index:0
2019-11-05 11:28:17,213 [pool-97-thread-1] INFO  segmented.SegmentedRaftLogWorker (SegmentedRaftLogWorker.java:<init>(173)) - new 90ecfa43-dab6-49d9-b30c-40ef62bfdf2a@group-9FB01F4EDB21-SegmentedRaftLogWorker for RaftStorage:Storage Directory /workdir/hadoop-ozone/integration-test/target/test-dir/MiniOzoneClusterImpl-6b0fc4fe-9997-4a80-bab7-b3d82b6e3879/datanode-7/data/ratis/89b1c241-5106-4d96-ae92-9fb01f4edb21
2019-11-05 11:28:17,214 [pool-97-thread-1] INFO  server.RaftServerConfigKeys (ConfUtils.java:logGet(43)) - raft.server.log.queue.byte-limit = 2147483647 (custom)
2019-11-05 11:28:17,214 [pool-97-thread-1] INFO  server.RaftServerConfigKeys (ConfUtils.java:logGet(43)) - raft.server.log.queue.element-limit = 1024 (custom)
2019-11-05 11:28:17,214 [pool-97-thread-1] INFO  server.RaftServerConfigKeys (ConfUtils.java:logGet(43)) - raft.server.log.segment.size.max = 1048576 (custom)
2019-11-05 11:28:17,214 [pool-97-thread-1] INFO  server.RaftServerConfigKeys (ConfUtils.java:logGet(43)) - raft.server.log.preallocated.size = 16384 (custom)
2019-11-05 11:28:17,214 [pool-97-thread-1] INFO  server.RaftServerConfigKeys (ConfUtils.java:logGet(43)) - raft.server.log.write.buffer.size = 33554432 (custom)
2019-11-05 11:28:17,214 [pool-97-thread-1] INFO  server.RaftServerConfigKeys (ConfUtils.java:logGet(43)) - raft.server.log.force.sync.num = 128 (default)
2019-11-05 11:28:17,214 [pool-97-thread-1] INFO  server.RaftServerConfigKeys (ConfUtils.java:logGet(43)) - raft.server.log.statemachine.data.sync = true (default)
2019-11-05 11:28:17,215 [pool-97-thread-1] INFO  server.RaftServerConfigKeys (ConfUtils.java:logGet(43)) - raft.server.log.statemachine.data.sync.timeout = 10s (default)
2019-11-05 11:28:17,215 [pool-97-thread-1] INFO  server.RaftServerConfigKeys (ConfUtils.java:logGet(43)) - raft.server.log.statemachine.data.sync.timeout.retry = -1 (default)
2019-11-05 11:28:17,215 [687f579d-1680-4dd5-8b24-01f078298cef@group-B08536B55BF1-LeaderElection3] INFO  impl.RaftServerImpl (ServerState.java:setRaftConf(357)) - 687f579d-1680-4dd5-8b24-01f078298cef@group-B08536B55BF1: set configuration 0: [687f579d-1680-4dd5-8b24-01f078298cef:192.168.157.252:37962], old=null at 0
2019-11-05 11:28:17,243 [pool-97-thread-1] INFO  server.RaftServerConfigKeys (ConfUtils.java:logGet(43)) - raft.server.log.statemachine.data.caching.enabled = true (custom)
2019-11-05 11:28:17,243 [pool-97-thread-1] INFO  segmented.SegmentedRaftLogWorker (SegmentedRaftLogWorker.java:lambda$new$0(128)) - 90ecfa43-dab6-49d9-b30c-40ef62bfdf2a@group-9FB01F4EDB21-SegmentedRaftLogWorker: flushIndex: setUnconditionally 0 -> -1
2019-11-05 11:28:17,244 [pool-97-thread-1] INFO  server.RaftServerConfigKeys (ConfUtils.java:logGet(43)) - raft.server.snapshot.auto.trigger.enabled = true (custom)
2019-11-05 11:28:17,244 [pool-97-thread-1] INFO  server.RaftServerConfigKeys (ConfUtils.java:logGet(43)) - raft.server.snapshot.auto.trigger.threshold = 10000 (custom)
2019-11-05 11:28:17,244 [pool-97-thread-1] INFO  server.RaftServerConfigKeys (ConfUtils.java:logGet(43)) - raft.server.snapshot.retention.file.num = 5 (custom)
2019-11-05 11:28:17,245 [pool-97-thread-1] INFO  server.RaftServerConfigKeys (ConfUtils.java:logGet(43)) - raft.server.retrycache.expirytime = 600000ms (custom)
2019-11-05 11:28:17,250 [pool-97-thread-1] INFO  impl.RaftServerImpl (RaftServerImpl.java:start(195)) - 90ecfa43-dab6-49d9-b30c-40ef62bfdf2a@group-9FB01F4EDB21: start as a follower, conf=-1: [90ecfa43-dab6-49d9-b30c-40ef62bfdf2a:192.168.157.252:34192], old=null
2019-11-05 11:28:17,250 [pool-97-thread-1] INFO  impl.RaftServerImpl (RaftServerImpl.java:setRole(184)) - 90ecfa43-dab6-49d9-b30c-40ef62bfdf2a@group-9FB01F4EDB21: changes role from      null to FOLLOWER at term 0 for startAsFollower
2019-11-05 11:28:17,250 [pool-97-thread-1] INFO  impl.RoleInfo (RoleInfo.java:updateAndGet(143)) - 90ecfa43-dab6-49d9-b30c-40ef62bfdf2a: start FollowerState
2019-11-05 11:28:17,251 [pool-97-thread-1] INFO  util.JmxRegister (JmxRegister.java:tryRegister(44)) - Successfully registered JMX Bean with object name Ratis:service=RaftServer,group=group-9FB01F4EDB21,id=90ecfa43-dab6-49d9-b30c-40ef62bfdf2a
2019-11-05 11:28:17,294 [RatisPipelineUtilsThread] INFO  pipeline.PipelineStateManager (PipelineStateManager.java:addPipeline(56)) - Created pipeline Pipeline[ Id: 89b1c241-5106-4d96-ae92-9fb01f4edb21, Nodes: 90ecfa43-dab6-49d9-b30c-40ef62bfdf2a{ip: 192.168.157.252, host: pr-hdds-1643-qwrct-1900426900, networkLocation: /default-rack, certSerialId: null}, Type:RATIS, Factor:ONE, State:OPEN]
2019-11-05 11:28:17,306 [687f579d-1680-4dd5-8b24-01f078298cef@group-B08536B55BF1-SegmentedRaftLogWorker] INFO  segmented.SegmentedRaftLogWorker (SegmentedRaftLogWorker.java:execute(576)) - 687f579d-1680-4dd5-8b24-01f078298cef@group-B08536B55BF1-SegmentedRaftLogWorker: created new log segment /workdir/hadoop-ozone/integration-test/target/test-dir/MiniOzoneClusterImpl-6b0fc4fe-9997-4a80-bab7-b3d82b6e3879/datanode-8/data/ratis/b4a0fba1-b6d1-44e5-b2c4-b08536b55bf1/current/log_inprogress_0
2019-11-05 11:28:17,359 [grpc-default-executor-0] INFO  impl.RaftServerProxy (RaftServerProxy.java:addNew(89)) - f7e9932d-fd96-469a-9353-68e47138e5ff: addNew group-D1FB65F9E576:[f7e9932d-fd96-469a-9353-68e47138e5ff:192.168.157.252:45025] returns group-D1FB65F9E576:java.util.concurrent.CompletableFuture@6a83e23a[Not completed]
2019-11-05 11:28:17,366 [pool-87-thread-1] INFO  impl.RaftServerImpl (RaftServerImpl.java:<init>(104)) - f7e9932d-fd96-469a-9353-68e47138e5ff: new RaftServerImpl for group-D1FB65F9E576:[f7e9932d-fd96-469a-9353-68e47138e5ff:192.168.157.252:45025] with ContainerStateMachine:uninitialized
2019-11-05 11:28:17,366 [pool-87-thread-1] INFO  server.RaftServerConfigKeys (ConfUtils.java:logGet(43)) - raft.server.rpc.timeout.min = 1s (custom)
2019-11-05 11:28:17,366 [pool-87-thread-1] INFO  server.RaftServerConfigKeys (ConfUtils.java:logGet(43)) - raft.server.rpc.timeout.max = 1200ms (custom)
2019-11-05 11:28:17,366 [pool-87-thread-1] INFO  server.RaftServerConfigKeys (ConfUtils.java:logGet(43)) - raft.server.rpcslowness.timeout = 120s (custom)
2019-11-05 11:28:17,366 [pool-87-thread-1] INFO  server.RaftServerConfigKeys (ConfUtils.java:logGet(43)) - raft.server.sleep.deviation.threshold = 300 (default)
2019-11-05 11:28:17,366 [pool-87-thread-1] INFO  server.RaftServerConfigKeys (ConfUtils.java:logGet(43)) - raft.server.log.appender.install.snapshot.enabled = false (custom)
2019-11-05 11:28:17,367 [pool-87-thread-1] INFO  impl.RaftServerImpl (ServerState.java:<init>(103)) - f7e9932d-fd96-469a-9353-68e47138e5ff@group-D1FB65F9E576: ConfigurationManager, init=-1: [f7e9932d-fd96-469a-9353-68e47138e5ff:192.168.157.252:45025], old=null, confs=<EMPTY_MAP>
2019-11-05 11:28:17,367 [pool-87-thread-1] INFO  server.RaftServerConfigKeys (ConfUtils.java:logGet(43)) - raft.server.storage.dir = [/workdir/hadoop-ozone/integration-test/target/test-dir/MiniOzoneClusterImpl-6b0fc4fe-9997-4a80-bab7-b3d82b6e3879/datanode-6/data/ratis] (custom)
2019-11-05 11:28:17,367 [pool-87-thread-1] INFO  server.RaftServerConfigKeys (ConfUtils.java:logGet(43)) - raft.server.log.corruption.policy = EXCEPTION (default)
2019-11-05 11:28:17,367 [pool-87-thread-1] INFO  storage.RaftStorageDirectory (RaftStorageDirectory.java:analyzeStorage(246)) - The storage directory /workdir/hadoop-ozone/integration-test/target/test-dir/MiniOzoneClusterImpl-6b0fc4fe-9997-4a80-bab7-b3d82b6e3879/datanode-6/data/ratis/c8e4d40f-7674-441e-9500-d1fb65f9e576 does not exist. Creating ...
2019-11-05 11:28:17,390 [pool-87-thread-1] INFO  storage.RaftStorageDirectory (RaftStorageDirectory.java:tryLock(328)) - Lock on /workdir/hadoop-ozone/integration-test/target/test-dir/MiniOzoneClusterImpl-6b0fc4fe-9997-4a80-bab7-b3d82b6e3879/datanode-6/data/ratis/c8e4d40f-7674-441e-9500-d1fb65f9e576/in_use.lock acquired by nodename 23040@pr-hdds-1643-qwrct-1900426900
2019-11-05 11:28:17,407 [pool-87-thread-1] INFO  storage.RaftStorage (RaftStorage.java:format(84)) - Storage directory /workdir/hadoop-ozone/integration-test/target/test-dir/MiniOzoneClusterImpl-6b0fc4fe-9997-4a80-bab7-b3d82b6e3879/datanode-6/data/ratis/c8e4d40f-7674-441e-9500-d1fb65f9e576 has been successfully formatted.
2019-11-05 11:28:17,407 [pool-87-thread-1] INFO  ratis.ContainerStateMachine (ContainerStateMachine.java:loadSnapshot(231)) - group-D1FB65F9E576: The snapshot info is null. Setting the last applied indexto:(t:0, i:~)
2019-11-05 11:28:17,408 [pool-87-thread-1] INFO  server.RaftServerConfigKeys (ConfUtils.java:logGet(43)) - raft.server.notification.no-leader.timeout = 120s (custom)
2019-11-05 11:28:17,408 [pool-87-thread-1] INFO  server.RaftServerConfigKeys (ConfUtils.java:logGet(43)) - raft.server.log.use.memory = false (default)
2019-11-05 11:28:17,408 [pool-87-thread-1] INFO  server.RaftServerConfigKeys (ConfUtils.java:logGet(43)) - raft.server.log.purge.gap = 1000000 (custom)
2019-11-05 11:28:17,408 [pool-87-thread-1] INFO  server.RaftServerConfigKeys (ConfUtils.java:logGet(43)) - raft.server.log.appender.buffer.byte-limit = 33554432 (custom)
2019-11-05 11:28:17,408 [pool-87-thread-1] INFO  server.RaftServerConfigKeys (ConfUtils.java:logGet(43)) - raft.server.log.segment.size.max = 1048576 (custom)
2019-11-05 11:28:17,411 [pool-87-thread-1] INFO  server.RaftServerConfigKeys (ConfUtils.java:logGet(43)) - raft.server.log.segment.cache.num.max = 2 (custom)
2019-11-05 11:28:17,411 [pool-87-thread-1] INFO  segmented.SegmentedRaftLogWorker (SegmentedRaftLogWorker.java:<init>(173)) - new f7e9932d-fd96-469a-9353-68e47138e5ff@group-D1FB65F9E576-SegmentedRaftLogWorker for RaftStorage:Storage Directory /workdir/hadoop-ozone/integration-test/target/test-dir/MiniOzoneClusterImpl-6b0fc4fe-9997-4a80-bab7-b3d82b6e3879/datanode-6/data/ratis/c8e4d40f-7674-441e-9500-d1fb65f9e576
2019-11-05 11:28:17,411 [pool-87-thread-1] INFO  server.RaftServerConfigKeys (ConfUtils.java:logGet(43)) - raft.server.log.queue.byte-limit = 2147483647 (custom)
2019-11-05 11:28:17,412 [pool-87-thread-1] INFO  server.RaftServerConfigKeys (ConfUtils.java:logGet(43)) - raft.server.log.queue.element-limit = 1024 (custom)
2019-11-05 11:28:17,412 [pool-87-thread-1] INFO  server.RaftServerConfigKeys (ConfUtils.java:logGet(43)) - raft.server.log.segment.size.max = 1048576 (custom)
2019-11-05 11:28:17,412 [pool-87-thread-1] INFO  server.RaftServerConfigKeys (ConfUtils.java:logGet(43)) - raft.server.log.preallocated.size = 16384 (custom)
2019-11-05 11:28:17,412 [pool-87-thread-1] INFO  server.RaftServerConfigKeys (ConfUtils.java:logGet(43)) - raft.server.log.write.buffer.size = 33554432 (custom)
2019-11-05 11:28:17,412 [pool-87-thread-1] INFO  server.RaftServerConfigKeys (ConfUtils.java:logGet(43)) - raft.server.log.force.sync.num = 128 (default)
2019-11-05 11:28:17,413 [pool-87-thread-1] INFO  server.RaftServerConfigKeys (ConfUtils.java:logGet(43)) - raft.server.log.statemachine.data.sync = true (default)
2019-11-05 11:28:17,413 [pool-87-thread-1] INFO  server.RaftServerConfigKeys (ConfUtils.java:logGet(43)) - raft.server.log.statemachine.data.sync.timeout = 10s (default)
2019-11-05 11:28:17,413 [pool-87-thread-1] INFO  server.RaftServerConfigKeys (ConfUtils.java:logGet(43)) - raft.server.log.statemachine.data.sync.timeout.retry = -1 (default)
2019-11-05 11:28:17,414 [pool-87-thread-1] INFO  server.RaftServerConfigKeys (ConfUtils.java:logGet(43)) - raft.server.log.statemachine.data.caching.enabled = true (custom)
2019-11-05 11:28:17,414 [pool-87-thread-1] INFO  segmented.SegmentedRaftLogWorker (SegmentedRaftLogWorker.java:lambda$new$0(128)) - f7e9932d-fd96-469a-9353-68e47138e5ff@group-D1FB65F9E576-SegmentedRaftLogWorker: flushIndex: setUnconditionally 0 -> -1
2019-11-05 11:28:17,414 [pool-87-thread-1] INFO  server.RaftServerConfigKeys (ConfUtils.java:logGet(43)) - raft.server.snapshot.auto.trigger.enabled = true (custom)
2019-11-05 11:28:17,414 [pool-87-thread-1] INFO  server.RaftServerConfigKeys (ConfUtils.java:logGet(43)) - raft.server.snapshot.auto.trigger.threshold = 10000 (custom)
2019-11-05 11:28:17,415 [pool-87-thread-1] INFO  server.RaftServerConfigKeys (ConfUtils.java:logGet(43)) - raft.server.snapshot.retention.file.num = 5 (custom)
2019-11-05 11:28:17,415 [pool-87-thread-1] INFO  server.RaftServerConfigKeys (ConfUtils.java:logGet(43)) - raft.server.retrycache.expirytime = 600000ms (custom)
2019-11-05 11:28:17,422 [pool-87-thread-1] INFO  impl.RaftServerImpl (RaftServerImpl.java:start(195)) - f7e9932d-fd96-469a-9353-68e47138e5ff@group-D1FB65F9E576: start as a follower, conf=-1: [f7e9932d-fd96-469a-9353-68e47138e5ff:192.168.157.252:45025], old=null
2019-11-05 11:28:17,422 [pool-87-thread-1] INFO  impl.RaftServerImpl (RaftServerImpl.java:setRole(184)) - f7e9932d-fd96-469a-9353-68e47138e5ff@group-D1FB65F9E576: changes role from      null to FOLLOWER at term 0 for startAsFollower
2019-11-05 11:28:17,423 [pool-87-thread-1] INFO  impl.RoleInfo (RoleInfo.java:updateAndGet(143)) - f7e9932d-fd96-469a-9353-68e47138e5ff: start FollowerState
2019-11-05 11:28:17,424 [pool-87-thread-1] INFO  util.JmxRegister (JmxRegister.java:tryRegister(44)) - Successfully registered JMX Bean with object name Ratis:service=RaftServer,group=group-D1FB65F9E576,id=f7e9932d-fd96-469a-9353-68e47138e5ff
2019-11-05 11:28:17,425 [Thread-300] INFO  impl.FollowerState (FollowerState.java:run(108)) - 90ecfa43-dab6-49d9-b30c-40ef62bfdf2a@group-9FB01F4EDB21-FollowerState: change to CANDIDATE, lastRpcTime:174ms, electionTimeout:174ms
2019-11-05 11:28:17,425 [Thread-300] INFO  impl.RoleInfo (RoleInfo.java:shutdownFollowerState(121)) - 90ecfa43-dab6-49d9-b30c-40ef62bfdf2a: shutdown FollowerState
2019-11-05 11:28:17,425 [Thread-300] INFO  impl.RaftServerImpl (RaftServerImpl.java:setRole(184)) - 90ecfa43-dab6-49d9-b30c-40ef62bfdf2a@group-9FB01F4EDB21: changes role from  FOLLOWER to CANDIDATE at term 0 for changeToCandidate
2019-11-05 11:28:17,425 [Thread-300] INFO  impl.RoleInfo (RoleInfo.java:updateAndGet(143)) - 90ecfa43-dab6-49d9-b30c-40ef62bfdf2a: start LeaderElection
2019-11-05 11:28:17,454 [RatisPipelineUtilsThread] INFO  pipeline.PipelineStateManager (PipelineStateManager.java:addPipeline(56)) - Created pipeline Pipeline[ Id: c8e4d40f-7674-441e-9500-d1fb65f9e576, Nodes: f7e9932d-fd96-469a-9353-68e47138e5ff{ip: 192.168.157.252, host: pr-hdds-1643-qwrct-1900426900, networkLocation: /default-rack, certSerialId: null}, Type:RATIS, Factor:ONE, State:OPEN]
2019-11-05 11:28:17,458 [Thread-283] INFO  container.ReplicationManager (ReplicationManager.java:start(162)) - Starting Replication Monitor Thread.
2019-11-05 11:28:17,459 [ReplicationMonitor] INFO  container.ReplicationManager (ReplicationManager.java:run(225)) - Replication Monitor Thread took 0 milliseconds for processing 0 containers.
2019-11-05 11:28:17,473 [90ecfa43-dab6-49d9-b30c-40ef62bfdf2a@group-9FB01F4EDB21-LeaderElection4] INFO  impl.LeaderElection (LeaderElection.java:askForVotes(178)) - 90ecfa43-dab6-49d9-b30c-40ef62bfdf2a@group-9FB01F4EDB21-LeaderElection4: begin an election at term 1 for -1: [90ecfa43-dab6-49d9-b30c-40ef62bfdf2a:192.168.157.252:34192], old=null
2019-11-05 11:28:17,473 [90ecfa43-dab6-49d9-b30c-40ef62bfdf2a@group-9FB01F4EDB21-LeaderElection4] INFO  impl.RoleInfo (RoleInfo.java:shutdownLeaderElection(134)) - 90ecfa43-dab6-49d9-b30c-40ef62bfdf2a: shutdown LeaderElection
2019-11-05 11:28:17,474 [90ecfa43-dab6-49d9-b30c-40ef62bfdf2a@group-9FB01F4EDB21-LeaderElection4] INFO  impl.RaftServerImpl (RaftServerImpl.java:setRole(184)) - 90ecfa43-dab6-49d9-b30c-40ef62bfdf2a@group-9FB01F4EDB21: changes role from CANDIDATE to LEADER at term 1 for changeToLeader
2019-11-05 11:28:17,474 [90ecfa43-dab6-49d9-b30c-40ef62bfdf2a@group-9FB01F4EDB21-LeaderElection4] INFO  impl.RaftServerImpl (ServerState.java:setLeader(256)) - 90ecfa43-dab6-49d9-b30c-40ef62bfdf2a@group-9FB01F4EDB21: change Leader from null to 90ecfa43-dab6-49d9-b30c-40ef62bfdf2a at term 1 for becomeLeader, leader elected after 782ms
2019-11-05 11:28:17,484 [90ecfa43-dab6-49d9-b30c-40ef62bfdf2a@group-9FB01F4EDB21-LeaderElection4] INFO  server.RaftServerConfigKeys (ConfUtils.java:logGet(43)) - raft.server.staging.catchup.gap = 1000 (default)
2019-11-05 11:28:17,484 [90ecfa43-dab6-49d9-b30c-40ef62bfdf2a@group-9FB01F4EDB21-LeaderElection4] INFO  server.RaftServerConfigKeys (ConfUtils.java:logGet(43)) - raft.server.rpc.sleep.time = 25ms (default)
2019-11-05 11:28:17,484 [90ecfa43-dab6-49d9-b30c-40ef62bfdf2a@group-9FB01F4EDB21-LeaderElection4] INFO  server.RaftServerConfigKeys (ConfUtils.java:logGet(43)) - raft.server.write.element-limit = 4096 (default)
2019-11-05 11:28:17,490 [90ecfa43-dab6-49d9-b30c-40ef62bfdf2a@group-9FB01F4EDB21-LeaderElection4] INFO  server.RaftServerConfigKeys (ConfUtils.java:logGet(43)) - raft.server.watch.timeout = 10s (default)
2019-11-05 11:28:17,490 [90ecfa43-dab6-49d9-b30c-40ef62bfdf2a@group-9FB01F4EDB21-LeaderElection4] INFO  server.RaftServerConfigKeys (ConfUtils.java:logGet(43)) - raft.server.watch.timeout.denomination = 1s (default)
2019-11-05 11:28:17,490 [90ecfa43-dab6-49d9-b30c-40ef62bfdf2a@group-9FB01F4EDB21-LeaderElection4] INFO  server.RaftServerConfigKeys (ConfUtils.java:logGet(43)) - raft.server.watch.element-limit = 65536 (default)
2019-11-05 11:28:17,492 [90ecfa43-dab6-49d9-b30c-40ef62bfdf2a@group-9FB01F4EDB21-LeaderElection4] INFO  impl.RoleInfo (RoleInfo.java:updateAndGet(143)) - 90ecfa43-dab6-49d9-b30c-40ef62bfdf2a: start LeaderState
2019-11-05 11:28:17,501 [90ecfa43-dab6-49d9-b30c-40ef62bfdf2a@group-9FB01F4EDB21-LeaderElection4] INFO  segmented.SegmentedRaftLogWorker (SegmentedRaftLogWorker.java:startLogSegment(385)) - 90ecfa43-dab6-49d9-b30c-40ef62bfdf2a@group-9FB01F4EDB21-SegmentedRaftLogWorker: Starting segment from index:0
2019-11-05 11:28:17,501 [90ecfa43-dab6-49d9-b30c-40ef62bfdf2a@group-9FB01F4EDB21-LeaderElection4] INFO  impl.RaftServerImpl (ServerState.java:setRaftConf(357)) - 90ecfa43-dab6-49d9-b30c-40ef62bfdf2a@group-9FB01F4EDB21: set configuration 0: [90ecfa43-dab6-49d9-b30c-40ef62bfdf2a:192.168.157.252:34192], old=null at 0
2019-11-05 11:28:17,497 [grpc-default-executor-0] INFO  impl.RaftServerProxy (RaftServerProxy.java:addNew(89)) - 74a8fb36-eab9-4c53-b7cf-c565055de05a: addNew group-FBCB6F3A361F:[74a8fb36-eab9-4c53-b7cf-c565055de05a:192.168.157.252:42370] returns group-FBCB6F3A361F:java.util.concurrent.CompletableFuture@53450c19[Not completed]
2019-11-05 11:28:17,534 [pool-57-thread-1] INFO  impl.RaftServerImpl (RaftServerImpl.java:<init>(104)) - 74a8fb36-eab9-4c53-b7cf-c565055de05a: new RaftServerImpl for group-FBCB6F3A361F:[74a8fb36-eab9-4c53-b7cf-c565055de05a:192.168.157.252:42370] with ContainerStateMachine:uninitialized
2019-11-05 11:28:17,535 [pool-57-thread-1] INFO  server.RaftServerConfigKeys (ConfUtils.java:logGet(43)) - raft.server.rpc.timeout.min = 1s (custom)
2019-11-05 11:28:17,535 [pool-57-thread-1] INFO  server.RaftServerConfigKeys (ConfUtils.java:logGet(43)) - raft.server.rpc.timeout.max = 1200ms (custom)
2019-11-05 11:28:17,535 [pool-57-thread-1] INFO  server.RaftServerConfigKeys (ConfUtils.java:logGet(43)) - raft.server.rpcslowness.timeout = 120s (custom)
2019-11-05 11:28:17,535 [pool-57-thread-1] INFO  server.RaftServerConfigKeys (ConfUtils.java:logGet(43)) - raft.server.sleep.deviation.threshold = 300 (default)
2019-11-05 11:28:17,535 [pool-57-thread-1] INFO  server.RaftServerConfigKeys (ConfUtils.java:logGet(43)) - raft.server.log.appender.install.snapshot.enabled = false (custom)
2019-11-05 11:28:17,535 [pool-57-thread-1] INFO  impl.RaftServerImpl (ServerState.java:<init>(103)) - 74a8fb36-eab9-4c53-b7cf-c565055de05a@group-FBCB6F3A361F: ConfigurationManager, init=-1: [74a8fb36-eab9-4c53-b7cf-c565055de05a:192.168.157.252:42370], old=null, confs=<EMPTY_MAP>
2019-11-05 11:28:17,535 [pool-57-thread-1] INFO  server.RaftServerConfigKeys (ConfUtils.java:logGet(43)) - raft.server.storage.dir = [/workdir/hadoop-ozone/integration-test/target/test-dir/MiniOzoneClusterImpl-6b0fc4fe-9997-4a80-bab7-b3d82b6e3879/datanode-3/data/ratis] (custom)
2019-11-05 11:28:17,536 [pool-57-thread-1] INFO  server.RaftServerConfigKeys (ConfUtils.java:logGet(43)) - raft.server.log.corruption.policy = EXCEPTION (default)
2019-11-05 11:28:17,536 [pool-57-thread-1] INFO  storage.RaftStorageDirectory (RaftStorageDirectory.java:analyzeStorage(246)) - The storage directory /workdir/hadoop-ozone/integration-test/target/test-dir/MiniOzoneClusterImpl-6b0fc4fe-9997-4a80-bab7-b3d82b6e3879/datanode-3/data/ratis/1f983710-498c-4905-a08d-fbcb6f3a361f does not exist. Creating ...
2019-11-05 11:28:17,545 [pool-57-thread-1] INFO  storage.RaftStorageDirectory (RaftStorageDirectory.java:tryLock(328)) - Lock on /workdir/hadoop-ozone/integration-test/target/test-dir/MiniOzoneClusterImpl-6b0fc4fe-9997-4a80-bab7-b3d82b6e3879/datanode-3/data/ratis/1f983710-498c-4905-a08d-fbcb6f3a361f/in_use.lock acquired by nodename 23040@pr-hdds-1643-qwrct-1900426900
2019-11-05 11:28:17,546 [90ecfa43-dab6-49d9-b30c-40ef62bfdf2a@group-9FB01F4EDB21-SegmentedRaftLogWorker] INFO  segmented.SegmentedRaftLogWorker (SegmentedRaftLogWorker.java:execute(576)) - 90ecfa43-dab6-49d9-b30c-40ef62bfdf2a@group-9FB01F4EDB21-SegmentedRaftLogWorker: created new log segment /workdir/hadoop-ozone/integration-test/target/test-dir/MiniOzoneClusterImpl-6b0fc4fe-9997-4a80-bab7-b3d82b6e3879/datanode-7/data/ratis/89b1c241-5106-4d96-ae92-9fb01f4edb21/current/log_inprogress_0
2019-11-05 11:28:17,563 [pool-57-thread-1] INFO  storage.RaftStorage (RaftStorage.java:format(84)) - Storage directory /workdir/hadoop-ozone/integration-test/target/test-dir/MiniOzoneClusterImpl-6b0fc4fe-9997-4a80-bab7-b3d82b6e3879/datanode-3/data/ratis/1f983710-498c-4905-a08d-fbcb6f3a361f has been successfully formatted.
2019-11-05 11:28:17,563 [pool-57-thread-1] INFO  ratis.ContainerStateMachine (ContainerStateMachine.java:loadSnapshot(231)) - group-FBCB6F3A361F: The snapshot info is null. Setting the last applied indexto:(t:0, i:~)
2019-11-05 11:28:17,563 [pool-57-thread-1] INFO  server.RaftServerConfigKeys (ConfUtils.java:logGet(43)) - raft.server.notification.no-leader.timeout = 120s (custom)
2019-11-05 11:28:17,563 [pool-57-thread-1] INFO  server.RaftServerConfigKeys (ConfUtils.java:logGet(43)) - raft.server.log.use.memory = false (default)
2019-11-05 11:28:17,563 [pool-57-thread-1] INFO  server.RaftServerConfigKeys (ConfUtils.java:logGet(43)) - raft.server.log.purge.gap = 1000000 (custom)
2019-11-05 11:28:17,564 [pool-57-thread-1] INFO  server.RaftServerConfigKeys (ConfUtils.java:logGet(43)) - raft.server.log.appender.buffer.byte-limit = 33554432 (custom)
2019-11-05 11:28:17,564 [pool-57-thread-1] INFO  server.RaftServerConfigKeys (ConfUtils.java:logGet(43)) - raft.server.log.segment.size.max = 1048576 (custom)
2019-11-05 11:28:17,566 [pool-57-thread-1] INFO  server.RaftServerConfigKeys (ConfUtils.java:logGet(43)) - raft.server.log.segment.cache.num.max = 2 (custom)
2019-11-05 11:28:17,566 [pool-57-thread-1] INFO  segmented.SegmentedRaftLogWorker (SegmentedRaftLogWorker.java:<init>(173)) - new 74a8fb36-eab9-4c53-b7cf-c565055de05a@group-FBCB6F3A361F-SegmentedRaftLogWorker for RaftStorage:Storage Directory /workdir/hadoop-ozone/integration-test/target/test-dir/MiniOzoneClusterImpl-6b0fc4fe-9997-4a80-bab7-b3d82b6e3879/datanode-3/data/ratis/1f983710-498c-4905-a08d-fbcb6f3a361f
2019-11-05 11:28:17,566 [pool-57-thread-1] INFO  server.RaftServerConfigKeys (ConfUtils.java:logGet(43)) - raft.server.log.queue.byte-limit = 2147483647 (custom)
2019-11-05 11:28:17,566 [pool-57-thread-1] INFO  server.RaftServerConfigKeys (ConfUtils.java:logGet(43)) - raft.server.log.queue.element-limit = 1024 (custom)
2019-11-05 11:28:17,566 [pool-57-thread-1] INFO  server.RaftServerConfigKeys (ConfUtils.java:logGet(43)) - raft.server.log.segment.size.max = 1048576 (custom)
2019-11-05 11:28:17,566 [pool-57-thread-1] INFO  server.RaftServerConfigKeys (ConfUtils.java:logGet(43)) - raft.server.log.preallocated.size = 16384 (custom)
2019-11-05 11:28:17,566 [pool-57-thread-1] INFO  server.RaftServerConfigKeys (ConfUtils.java:logGet(43)) - raft.server.log.write.buffer.size = 33554432 (custom)
2019-11-05 11:28:17,566 [pool-57-thread-1] INFO  server.RaftServerConfigKeys (ConfUtils.java:logGet(43)) - raft.server.log.force.sync.num = 128 (default)
2019-11-05 11:28:17,567 [pool-57-thread-1] INFO  server.RaftServerConfigKeys (ConfUtils.java:logGet(43)) - raft.server.log.statemachine.data.sync = true (default)
2019-11-05 11:28:17,567 [pool-57-thread-1] INFO  server.RaftServerConfigKeys (ConfUtils.java:logGet(43)) - raft.server.log.statemachine.data.sync.timeout = 10s (default)
2019-11-05 11:28:17,567 [pool-57-thread-1] INFO  server.RaftServerConfigKeys (ConfUtils.java:logGet(43)) - raft.server.log.statemachine.data.sync.timeout.retry = -1 (default)
2019-11-05 11:28:17,567 [pool-57-thread-1] INFO  server.RaftServerConfigKeys (ConfUtils.java:logGet(43)) - raft.server.log.statemachine.data.caching.enabled = true (custom)
2019-11-05 11:28:17,567 [pool-57-thread-1] INFO  segmented.SegmentedRaftLogWorker (SegmentedRaftLogWorker.java:lambda$new$0(128)) - 74a8fb36-eab9-4c53-b7cf-c565055de05a@group-FBCB6F3A361F-SegmentedRaftLogWorker: flushIndex: setUnconditionally 0 -> -1
2019-11-05 11:28:17,568 [pool-57-thread-1] INFO  server.RaftServerConfigKeys (ConfUtils.java:logGet(43)) - raft.server.snapshot.auto.trigger.enabled = true (custom)
2019-11-05 11:28:17,568 [pool-57-thread-1] INFO  server.RaftServerConfigKeys (ConfUtils.java:logGet(43)) - raft.server.snapshot.auto.trigger.threshold = 10000 (custom)
2019-11-05 11:28:17,568 [pool-57-thread-1] INFO  server.RaftServerConfigKeys (ConfUtils.java:logGet(43)) - raft.server.snapshot.retention.file.num = 5 (custom)
2019-11-05 11:28:17,568 [pool-57-thread-1] INFO  server.RaftServerConfigKeys (ConfUtils.java:logGet(43)) - raft.server.retrycache.expirytime = 600000ms (custom)
2019-11-05 11:28:17,571 [pool-57-thread-1] INFO  impl.RaftServerImpl (RaftServerImpl.java:start(195)) - 74a8fb36-eab9-4c53-b7cf-c565055de05a@group-FBCB6F3A361F: start as a follower, conf=-1: [74a8fb36-eab9-4c53-b7cf-c565055de05a:192.168.157.252:42370], old=null
2019-11-05 11:28:17,571 [pool-57-thread-1] INFO  impl.RaftServerImpl (RaftServerImpl.java:setRole(184)) - 74a8fb36-eab9-4c53-b7cf-c565055de05a@group-FBCB6F3A361F: changes role from      null to FOLLOWER at term 0 for startAsFollower
2019-11-05 11:28:17,571 [pool-57-thread-1] INFO  impl.RoleInfo (RoleInfo.java:updateAndGet(143)) - 74a8fb36-eab9-4c53-b7cf-c565055de05a: start FollowerState
2019-11-05 11:28:17,572 [pool-57-thread-1] INFO  util.JmxRegister (JmxRegister.java:tryRegister(44)) - Successfully registered JMX Bean with object name Ratis:service=RaftServer,group=group-FBCB6F3A361F,id=74a8fb36-eab9-4c53-b7cf-c565055de05a
2019-11-05 11:28:17,590 [RatisPipelineUtilsThread] INFO  pipeline.PipelineStateManager (PipelineStateManager.java:addPipeline(56)) - Created pipeline Pipeline[ Id: 1f983710-498c-4905-a08d-fbcb6f3a361f, Nodes: 74a8fb36-eab9-4c53-b7cf-c565055de05a{ip: 192.168.157.252, host: pr-hdds-1643-qwrct-1900426900, networkLocation: /default-rack, certSerialId: null}, Type:RATIS, Factor:ONE, State:OPEN]
2019-11-05 11:28:17,601 [Thread-304] INFO  impl.FollowerState (FollowerState.java:run(108)) - f7e9932d-fd96-469a-9353-68e47138e5ff@group-D1FB65F9E576-FollowerState: change to CANDIDATE, lastRpcTime:178ms, electionTimeout:172ms
2019-11-05 11:28:17,601 [Thread-304] INFO  impl.RoleInfo (RoleInfo.java:shutdownFollowerState(121)) - f7e9932d-fd96-469a-9353-68e47138e5ff: shutdown FollowerState
2019-11-05 11:28:17,602 [Thread-304] INFO  impl.RaftServerImpl (RaftServerImpl.java:setRole(184)) - f7e9932d-fd96-469a-9353-68e47138e5ff@group-D1FB65F9E576: changes role from  FOLLOWER to CANDIDATE at term 0 for changeToCandidate
2019-11-05 11:28:17,602 [Thread-304] INFO  impl.RoleInfo (RoleInfo.java:updateAndGet(143)) - f7e9932d-fd96-469a-9353-68e47138e5ff: start LeaderElection
2019-11-05 11:28:17,627 [Thread-310] INFO  impl.FollowerState (FollowerState.java:run(108)) - 74a8fb36-eab9-4c53-b7cf-c565055de05a@group-FBCB6F3A361F-FollowerState: change to CANDIDATE, lastRpcTime:25ms, electionTimeout:25ms
2019-11-05 11:28:17,627 [Thread-310] INFO  impl.RoleInfo (RoleInfo.java:shutdownFollowerState(121)) - 74a8fb36-eab9-4c53-b7cf-c565055de05a: shutdown FollowerState
2019-11-05 11:28:17,627 [Thread-310] INFO  impl.RaftServerImpl (RaftServerImpl.java:setRole(184)) - 74a8fb36-eab9-4c53-b7cf-c565055de05a@group-FBCB6F3A361F: changes role from  FOLLOWER to CANDIDATE at term 0 for changeToCandidate
2019-11-05 11:28:17,628 [Thread-310] INFO  impl.RoleInfo (RoleInfo.java:updateAndGet(143)) - 74a8fb36-eab9-4c53-b7cf-c565055de05a: start LeaderElection
2019-11-05 11:28:17,659 [f7e9932d-fd96-469a-9353-68e47138e5ff@group-D1FB65F9E576-LeaderElection5] INFO  impl.LeaderElection (LeaderElection.java:askForVotes(178)) - f7e9932d-fd96-469a-9353-68e47138e5ff@group-D1FB65F9E576-LeaderElection5: begin an election at term 1 for -1: [f7e9932d-fd96-469a-9353-68e47138e5ff:192.168.157.252:45025], old=null
2019-11-05 11:28:17,659 [grpc-default-executor-0] INFO  impl.RaftServerProxy (RaftServerProxy.java:addNew(89)) - 1eca16cc-5184-4e43-8e55-175d1516eae4: addNew group-563893D7657A:[1eca16cc-5184-4e43-8e55-175d1516eae4:192.168.157.252:41127] returns group-563893D7657A:java.util.concurrent.CompletableFuture@49742054[Not completed]
2019-11-05 11:28:17,659 [f7e9932d-fd96-469a-9353-68e47138e5ff@group-D1FB65F9E576-LeaderElection5] INFO  impl.RoleInfo (RoleInfo.java:shutdownLeaderElection(134)) - f7e9932d-fd96-469a-9353-68e47138e5ff: shutdown LeaderElection
2019-11-05 11:28:17,660 [f7e9932d-fd96-469a-9353-68e47138e5ff@group-D1FB65F9E576-LeaderElection5] INFO  impl.RaftServerImpl (RaftServerImpl.java:setRole(184)) - f7e9932d-fd96-469a-9353-68e47138e5ff@group-D1FB65F9E576: changes role from CANDIDATE to LEADER at term 1 for changeToLeader
2019-11-05 11:28:17,660 [f7e9932d-fd96-469a-9353-68e47138e5ff@group-D1FB65F9E576-LeaderElection5] INFO  impl.RaftServerImpl (ServerState.java:setLeader(256)) - f7e9932d-fd96-469a-9353-68e47138e5ff@group-D1FB65F9E576: change Leader from null to f7e9932d-fd96-469a-9353-68e47138e5ff at term 1 for becomeLeader, leader elected after 252ms
2019-11-05 11:28:17,693 [f7e9932d-fd96-469a-9353-68e47138e5ff@group-D1FB65F9E576-LeaderElection5] INFO  server.RaftServerConfigKeys (ConfUtils.java:logGet(43)) - raft.server.staging.catchup.gap = 1000 (default)
2019-11-05 11:28:17,693 [f7e9932d-fd96-469a-9353-68e47138e5ff@group-D1FB65F9E576-LeaderElection5] INFO  server.RaftServerConfigKeys (ConfUtils.java:logGet(43)) - raft.server.rpc.sleep.time = 25ms (default)
2019-11-05 11:28:17,693 [f7e9932d-fd96-469a-9353-68e47138e5ff@group-D1FB65F9E576-LeaderElection5] INFO  server.RaftServerConfigKeys (ConfUtils.java:logGet(43)) - raft.server.write.element-limit = 4096 (default)
2019-11-05 11:28:17,694 [f7e9932d-fd96-469a-9353-68e47138e5ff@group-D1FB65F9E576-LeaderElection5] INFO  server.RaftServerConfigKeys (ConfUtils.java:logGet(43)) - raft.server.watch.timeout = 10s (default)
2019-11-05 11:28:17,694 [f7e9932d-fd96-469a-9353-68e47138e5ff@group-D1FB65F9E576-LeaderElection5] INFO  server.RaftServerConfigKeys (ConfUtils.java:logGet(43)) - raft.server.watch.timeout.denomination = 1s (default)
2019-11-05 11:28:17,694 [f7e9932d-fd96-469a-9353-68e47138e5ff@group-D1FB65F9E576-LeaderElection5] INFO  server.RaftServerConfigKeys (ConfUtils.java:logGet(43)) - raft.server.watch.element-limit = 65536 (default)
2019-11-05 11:28:17,698 [f7e9932d-fd96-469a-9353-68e47138e5ff@group-D1FB65F9E576-LeaderElection5] INFO  impl.RoleInfo (RoleInfo.java:updateAndGet(143)) - f7e9932d-fd96-469a-9353-68e47138e5ff: start LeaderState
2019-11-05 11:28:17,699 [f7e9932d-fd96-469a-9353-68e47138e5ff@group-D1FB65F9E576-LeaderElection5] INFO  segmented.SegmentedRaftLogWorker (SegmentedRaftLogWorker.java:startLogSegment(385)) - f7e9932d-fd96-469a-9353-68e47138e5ff@group-D1FB65F9E576-SegmentedRaftLogWorker: Starting segment from index:0
2019-11-05 11:28:17,709 [74a8fb36-eab9-4c53-b7cf-c565055de05a@group-FBCB6F3A361F-LeaderElection6] INFO  impl.LeaderElection (LeaderElection.java:askForVotes(178)) - 74a8fb36-eab9-4c53-b7cf-c565055de05a@group-FBCB6F3A361F-LeaderElection6: begin an election at term 1 for -1: [74a8fb36-eab9-4c53-b7cf-c565055de05a:192.168.157.252:42370], old=null
2019-11-05 11:28:17,709 [74a8fb36-eab9-4c53-b7cf-c565055de05a@group-FBCB6F3A361F-LeaderElection6] INFO  impl.RoleInfo (RoleInfo.java:shutdownLeaderElection(134)) - 74a8fb36-eab9-4c53-b7cf-c565055de05a: shutdown LeaderElection
2019-11-05 11:28:17,709 [74a8fb36-eab9-4c53-b7cf-c565055de05a@group-FBCB6F3A361F-LeaderElection6] INFO  impl.RaftServerImpl (RaftServerImpl.java:setRole(184)) - 74a8fb36-eab9-4c53-b7cf-c565055de05a@group-FBCB6F3A361F: changes role from CANDIDATE to LEADER at term 1 for changeToLeader
2019-11-05 11:28:17,709 [74a8fb36-eab9-4c53-b7cf-c565055de05a@group-FBCB6F3A361F-LeaderElection6] INFO  impl.RaftServerImpl (ServerState.java:setLeader(256)) - 74a8fb36-eab9-4c53-b7cf-c565055de05a@group-FBCB6F3A361F: change Leader from null to 74a8fb36-eab9-4c53-b7cf-c565055de05a at term 1 for becomeLeader, leader elected after 145ms
2019-11-05 11:28:17,709 [f7e9932d-fd96-469a-9353-68e47138e5ff@group-D1FB65F9E576-LeaderElection5] INFO  impl.RaftServerImpl (ServerState.java:setRaftConf(357)) - f7e9932d-fd96-469a-9353-68e47138e5ff@group-D1FB65F9E576: set configuration 0: [f7e9932d-fd96-469a-9353-68e47138e5ff:192.168.157.252:45025], old=null at 0
2019-11-05 11:28:17,752 [f7e9932d-fd96-469a-9353-68e47138e5ff@group-D1FB65F9E576-SegmentedRaftLogWorker] INFO  segmented.SegmentedRaftLogWorker (SegmentedRaftLogWorker.java:execute(576)) - f7e9932d-fd96-469a-9353-68e47138e5ff@group-D1FB65F9E576-SegmentedRaftLogWorker: created new log segment /workdir/hadoop-ozone/integration-test/target/test-dir/MiniOzoneClusterImpl-6b0fc4fe-9997-4a80-bab7-b3d82b6e3879/datanode-6/data/ratis/c8e4d40f-7674-441e-9500-d1fb65f9e576/current/log_inprogress_0
2019-11-05 11:28:17,752 [74a8fb36-eab9-4c53-b7cf-c565055de05a@group-FBCB6F3A361F-LeaderElection6] INFO  server.RaftServerConfigKeys (ConfUtils.java:logGet(43)) - raft.server.staging.catchup.gap = 1000 (default)
2019-11-05 11:28:17,753 [74a8fb36-eab9-4c53-b7cf-c565055de05a@group-FBCB6F3A361F-LeaderElection6] INFO  server.RaftServerConfigKeys (ConfUtils.java:logGet(43)) - raft.server.rpc.sleep.time = 25ms (default)
2019-11-05 11:28:17,753 [74a8fb36-eab9-4c53-b7cf-c565055de05a@group-FBCB6F3A361F-LeaderElection6] INFO  server.RaftServerConfigKeys (ConfUtils.java:logGet(43)) - raft.server.write.element-limit = 4096 (default)
2019-11-05 11:28:17,753 [74a8fb36-eab9-4c53-b7cf-c565055de05a@group-FBCB6F3A361F-LeaderElection6] INFO  server.RaftServerConfigKeys (ConfUtils.java:logGet(43)) - raft.server.watch.timeout = 10s (default)
2019-11-05 11:28:17,753 [74a8fb36-eab9-4c53-b7cf-c565055de05a@group-FBCB6F3A361F-LeaderElection6] INFO  server.RaftServerConfigKeys (ConfUtils.java:logGet(43)) - raft.server.watch.timeout.denomination = 1s (default)
2019-11-05 11:28:17,753 [74a8fb36-eab9-4c53-b7cf-c565055de05a@group-FBCB6F3A361F-LeaderElection6] INFO  server.RaftServerConfigKeys (ConfUtils.java:logGet(43)) - raft.server.watch.element-limit = 65536 (default)
2019-11-05 11:28:17,757 [74a8fb36-eab9-4c53-b7cf-c565055de05a@group-FBCB6F3A361F-LeaderElection6] INFO  impl.RoleInfo (RoleInfo.java:updateAndGet(143)) - 74a8fb36-eab9-4c53-b7cf-c565055de05a: start LeaderState
2019-11-05 11:28:17,757 [74a8fb36-eab9-4c53-b7cf-c565055de05a@group-FBCB6F3A361F-LeaderElection6] INFO  segmented.SegmentedRaftLogWorker (SegmentedRaftLogWorker.java:startLogSegment(385)) - 74a8fb36-eab9-4c53-b7cf-c565055de05a@group-FBCB6F3A361F-SegmentedRaftLogWorker: Starting segment from index:0
2019-11-05 11:28:17,759 [74a8fb36-eab9-4c53-b7cf-c565055de05a@group-FBCB6F3A361F-LeaderElection6] INFO  impl.RaftServerImpl (ServerState.java:setRaftConf(357)) - 74a8fb36-eab9-4c53-b7cf-c565055de05a@group-FBCB6F3A361F: set configuration 0: [74a8fb36-eab9-4c53-b7cf-c565055de05a:192.168.157.252:42370], old=null at 0
2019-11-05 11:28:17,772 [pool-67-thread-1] INFO  impl.RaftServerImpl (RaftServerImpl.java:<init>(104)) - 1eca16cc-5184-4e43-8e55-175d1516eae4: new RaftServerImpl for group-563893D7657A:[1eca16cc-5184-4e43-8e55-175d1516eae4:192.168.157.252:41127] with ContainerStateMachine:uninitialized
2019-11-05 11:28:17,772 [pool-67-thread-1] INFO  server.RaftServerConfigKeys (ConfUtils.java:logGet(43)) - raft.server.rpc.timeout.min = 1s (custom)
2019-11-05 11:28:17,773 [pool-67-thread-1] INFO  server.RaftServerConfigKeys (ConfUtils.java:logGet(43)) - raft.server.rpc.timeout.max = 1200ms (custom)
2019-11-05 11:28:17,773 [pool-67-thread-1] INFO  server.RaftServerConfigKeys (ConfUtils.java:logGet(43)) - raft.server.rpcslowness.timeout = 120s (custom)
2019-11-05 11:28:17,773 [pool-67-thread-1] INFO  server.RaftServerConfigKeys (ConfUtils.java:logGet(43)) - raft.server.sleep.deviation.threshold = 300 (default)
2019-11-05 11:28:17,773 [pool-67-thread-1] INFO  server.RaftServerConfigKeys (ConfUtils.java:logGet(43)) - raft.server.log.appender.install.snapshot.enabled = false (custom)
2019-11-05 11:28:17,773 [pool-67-thread-1] INFO  impl.RaftServerImpl (ServerState.java:<init>(103)) - 1eca16cc-5184-4e43-8e55-175d1516eae4@group-563893D7657A: ConfigurationManager, init=-1: [1eca16cc-5184-4e43-8e55-175d1516eae4:192.168.157.252:41127], old=null, confs=<EMPTY_MAP>
2019-11-05 11:28:17,773 [pool-67-thread-1] INFO  server.RaftServerConfigKeys (ConfUtils.java:logGet(43)) - raft.server.storage.dir = [/workdir/hadoop-ozone/integration-test/target/test-dir/MiniOzoneClusterImpl-6b0fc4fe-9997-4a80-bab7-b3d82b6e3879/datanode-4/data/ratis] (custom)
2019-11-05 11:28:17,776 [pool-67-thread-1] INFO  server.RaftServerConfigKeys (ConfUtils.java:logGet(43)) - raft.server.log.corruption.policy = EXCEPTION (default)
2019-11-05 11:28:17,776 [pool-67-thread-1] INFO  storage.RaftStorageDirectory (RaftStorageDirectory.java:analyzeStorage(246)) - The storage directory /workdir/hadoop-ozone/integration-test/target/test-dir/MiniOzoneClusterImpl-6b0fc4fe-9997-4a80-bab7-b3d82b6e3879/datanode-4/data/ratis/4889e011-201c-48fe-aecb-563893d7657a does not exist. Creating ...
2019-11-05 11:28:17,804 [pool-67-thread-1] INFO  storage.RaftStorageDirectory (RaftStorageDirectory.java:tryLock(328)) - Lock on /workdir/hadoop-ozone/integration-test/target/test-dir/MiniOzoneClusterImpl-6b0fc4fe-9997-4a80-bab7-b3d82b6e3879/datanode-4/data/ratis/4889e011-201c-48fe-aecb-563893d7657a/in_use.lock acquired by nodename 23040@pr-hdds-1643-qwrct-1900426900
2019-11-05 11:28:17,818 [pool-67-thread-1] INFO  storage.RaftStorage (RaftStorage.java:format(84)) - Storage directory /workdir/hadoop-ozone/integration-test/target/test-dir/MiniOzoneClusterImpl-6b0fc4fe-9997-4a80-bab7-b3d82b6e3879/datanode-4/data/ratis/4889e011-201c-48fe-aecb-563893d7657a has been successfully formatted.
2019-11-05 11:28:17,819 [pool-67-thread-1] INFO  ratis.ContainerStateMachine (ContainerStateMachine.java:loadSnapshot(231)) - group-563893D7657A: The snapshot info is null. Setting the last applied indexto:(t:0, i:~)
2019-11-05 11:28:17,819 [pool-67-thread-1] INFO  server.RaftServerConfigKeys (ConfUtils.java:logGet(43)) - raft.server.notification.no-leader.timeout = 120s (custom)
2019-11-05 11:28:17,819 [pool-67-thread-1] INFO  server.RaftServerConfigKeys (ConfUtils.java:logGet(43)) - raft.server.log.use.memory = false (default)
2019-11-05 11:28:17,819 [pool-67-thread-1] INFO  server.RaftServerConfigKeys (ConfUtils.java:logGet(43)) - raft.server.log.purge.gap = 1000000 (custom)
2019-11-05 11:28:17,819 [pool-67-thread-1] INFO  server.RaftServerConfigKeys (ConfUtils.java:logGet(43)) - raft.server.log.appender.buffer.byte-limit = 33554432 (custom)
2019-11-05 11:28:17,819 [pool-67-thread-1] INFO  server.RaftServerConfigKeys (ConfUtils.java:logGet(43)) - raft.server.log.segment.size.max = 1048576 (custom)
2019-11-05 11:28:17,822 [pool-67-thread-1] INFO  server.RaftServerConfigKeys (ConfUtils.java:logGet(43)) - raft.server.log.segment.cache.num.max = 2 (custom)
2019-11-05 11:28:17,823 [pool-67-thread-1] INFO  segmented.SegmentedRaftLogWorker (SegmentedRaftLogWorker.java:<init>(173)) - new 1eca16cc-5184-4e43-8e55-175d1516eae4@group-563893D7657A-SegmentedRaftLogWorker for RaftStorage:Storage Directory /workdir/hadoop-ozone/integration-test/target/test-dir/MiniOzoneClusterImpl-6b0fc4fe-9997-4a80-bab7-b3d82b6e3879/datanode-4/data/ratis/4889e011-201c-48fe-aecb-563893d7657a
2019-11-05 11:28:17,823 [pool-67-thread-1] INFO  server.RaftServerConfigKeys (ConfUtils.java:logGet(43)) - raft.server.log.queue.byte-limit = 2147483647 (custom)
2019-11-05 11:28:17,823 [pool-67-thread-1] INFO  server.RaftServerConfigKeys (ConfUtils.java:logGet(43)) - raft.server.log.queue.element-limit = 1024 (custom)
2019-11-05 11:28:17,823 [pool-67-thread-1] INFO  server.RaftServerConfigKeys (ConfUtils.java:logGet(43)) - raft.server.log.segment.size.max = 1048576 (custom)
2019-11-05 11:28:17,823 [pool-67-thread-1] INFO  server.RaftServerConfigKeys (ConfUtils.java:logGet(43)) - raft.server.log.preallocated.size = 16384 (custom)
2019-11-05 11:28:17,823 [pool-67-thread-1] INFO  server.RaftServerConfigKeys (ConfUtils.java:logGet(43)) - raft.server.log.write.buffer.size = 33554432 (custom)
2019-11-05 11:28:17,824 [pool-67-thread-1] INFO  server.RaftServerConfigKeys (ConfUtils.java:logGet(43)) - raft.server.log.force.sync.num = 128 (default)
2019-11-05 11:28:17,824 [pool-67-thread-1] INFO  server.RaftServerConfigKeys (ConfUtils.java:logGet(43)) - raft.server.log.statemachine.data.sync = true (default)
2019-11-05 11:28:17,824 [pool-67-thread-1] INFO  server.RaftServerConfigKeys (ConfUtils.java:logGet(43)) - raft.server.log.statemachine.data.sync.timeout = 10s (default)
2019-11-05 11:28:17,824 [pool-67-thread-1] INFO  server.RaftServerConfigKeys (ConfUtils.java:logGet(43)) - raft.server.log.statemachine.data.sync.timeout.retry = -1 (default)
2019-11-05 11:28:17,830 [pool-67-thread-1] INFO  server.RaftServerConfigKeys (ConfUtils.java:logGet(43)) - raft.server.log.statemachine.data.caching.enabled = true (custom)
2019-11-05 11:28:17,831 [pool-67-thread-1] INFO  segmented.SegmentedRaftLogWorker (SegmentedRaftLogWorker.java:lambda$new$0(128)) - 1eca16cc-5184-4e43-8e55-175d1516eae4@group-563893D7657A-SegmentedRaftLogWorker: flushIndex: setUnconditionally 0 -> -1
2019-11-05 11:28:17,832 [pool-67-thread-1] INFO  server.RaftServerConfigKeys (ConfUtils.java:logGet(43)) - raft.server.snapshot.auto.trigger.enabled = true (custom)
2019-11-05 11:28:17,835 [pool-67-thread-1] INFO  server.RaftServerConfigKeys (ConfUtils.java:logGet(43)) - raft.server.snapshot.auto.trigger.threshold = 10000 (custom)
2019-11-05 11:28:17,835 [pool-67-thread-1] INFO  server.RaftServerConfigKeys (ConfUtils.java:logGet(43)) - raft.server.snapshot.retention.file.num = 5 (custom)
2019-11-05 11:28:17,835 [pool-67-thread-1] INFO  server.RaftServerConfigKeys (ConfUtils.java:logGet(43)) - raft.server.retrycache.expirytime = 600000ms (custom)
2019-11-05 11:28:17,843 [pool-67-thread-1] INFO  impl.RaftServerImpl (RaftServerImpl.java:start(195)) - 1eca16cc-5184-4e43-8e55-175d1516eae4@group-563893D7657A: start as a follower, conf=-1: [1eca16cc-5184-4e43-8e55-175d1516eae4:192.168.157.252:41127], old=null
2019-11-05 11:28:17,843 [pool-67-thread-1] INFO  impl.RaftServerImpl (RaftServerImpl.java:setRole(184)) - 1eca16cc-5184-4e43-8e55-175d1516eae4@group-563893D7657A: changes role from      null to FOLLOWER at term 0 for startAsFollower
2019-11-05 11:28:17,843 [pool-67-thread-1] INFO  impl.RoleInfo (RoleInfo.java:updateAndGet(143)) - 1eca16cc-5184-4e43-8e55-175d1516eae4: start FollowerState
2019-11-05 11:28:17,844 [pool-67-thread-1] INFO  util.JmxRegister (JmxRegister.java:tryRegister(44)) - Successfully registered JMX Bean with object name Ratis:service=RaftServer,group=group-563893D7657A,id=1eca16cc-5184-4e43-8e55-175d1516eae4
2019-11-05 11:28:17,851 [74a8fb36-eab9-4c53-b7cf-c565055de05a@group-FBCB6F3A361F-SegmentedRaftLogWorker] INFO  segmented.SegmentedRaftLogWorker (SegmentedRaftLogWorker.java:execute(576)) - 74a8fb36-eab9-4c53-b7cf-c565055de05a@group-FBCB6F3A361F-SegmentedRaftLogWorker: created new log segment /workdir/hadoop-ozone/integration-test/target/test-dir/MiniOzoneClusterImpl-6b0fc4fe-9997-4a80-bab7-b3d82b6e3879/datanode-3/data/ratis/1f983710-498c-4905-a08d-fbcb6f3a361f/current/log_inprogress_0
2019-11-05 11:28:17,866 [RatisPipelineUtilsThread] INFO  pipeline.PipelineStateManager (PipelineStateManager.java:addPipeline(56)) - Created pipeline Pipeline[ Id: 4889e011-201c-48fe-aecb-563893d7657a, Nodes: 1eca16cc-5184-4e43-8e55-175d1516eae4{ip: 192.168.157.252, host: pr-hdds-1643-qwrct-1900426900, networkLocation: /default-rack, certSerialId: null}, Type:RATIS, Factor:ONE, State:OPEN]
2019-11-05 11:28:17,953 [Thread-317] INFO  impl.FollowerState (FollowerState.java:run(108)) - 1eca16cc-5184-4e43-8e55-175d1516eae4@group-563893D7657A-FollowerState: change to CANDIDATE, lastRpcTime:109ms, electionTimeout:109ms
2019-11-05 11:28:17,953 [Thread-317] INFO  impl.RoleInfo (RoleInfo.java:shutdownFollowerState(121)) - 1eca16cc-5184-4e43-8e55-175d1516eae4: shutdown FollowerState
2019-11-05 11:28:17,953 [Thread-317] INFO  impl.RaftServerImpl (RaftServerImpl.java:setRole(184)) - 1eca16cc-5184-4e43-8e55-175d1516eae4@group-563893D7657A: changes role from  FOLLOWER to CANDIDATE at term 0 for changeToCandidate
2019-11-05 11:28:17,953 [Thread-317] INFO  impl.RoleInfo (RoleInfo.java:updateAndGet(143)) - 1eca16cc-5184-4e43-8e55-175d1516eae4: start LeaderElection
2019-11-05 11:28:17,989 [grpc-default-executor-0] INFO  impl.RaftServerProxy (RaftServerProxy.java:addNew(89)) - bd42c95e-cd41-4cbd-85b3-b330cc3c4f94: addNew group-A0A18E6C93F1:[bd42c95e-cd41-4cbd-85b3-b330cc3c4f94:192.168.157.252:33158] returns group-A0A18E6C93F1:java.util.concurrent.CompletableFuture@4599281f[Not completed]
2019-11-05 11:28:18,005 [pool-77-thread-1] INFO  impl.RaftServerImpl (RaftServerImpl.java:<init>(104)) - bd42c95e-cd41-4cbd-85b3-b330cc3c4f94: new RaftServerImpl for group-A0A18E6C93F1:[bd42c95e-cd41-4cbd-85b3-b330cc3c4f94:192.168.157.252:33158] with ContainerStateMachine:uninitialized
2019-11-05 11:28:18,006 [pool-77-thread-1] INFO  server.RaftServerConfigKeys (ConfUtils.java:logGet(43)) - raft.server.rpc.timeout.min = 1s (custom)
2019-11-05 11:28:18,006 [pool-77-thread-1] INFO  server.RaftServerConfigKeys (ConfUtils.java:logGet(43)) - raft.server.rpc.timeout.max = 1200ms (custom)
2019-11-05 11:28:18,006 [pool-77-thread-1] INFO  server.RaftServerConfigKeys (ConfUtils.java:logGet(43)) - raft.server.rpcslowness.timeout = 120s (custom)
2019-11-05 11:28:18,006 [pool-77-thread-1] INFO  server.RaftServerConfigKeys (ConfUtils.java:logGet(43)) - raft.server.sleep.deviation.threshold = 300 (default)
2019-11-05 11:28:18,006 [pool-77-thread-1] INFO  server.RaftServerConfigKeys (ConfUtils.java:logGet(43)) - raft.server.log.appender.install.snapshot.enabled = false (custom)
2019-11-05 11:28:18,006 [pool-77-thread-1] INFO  impl.RaftServerImpl (ServerState.java:<init>(103)) - bd42c95e-cd41-4cbd-85b3-b330cc3c4f94@group-A0A18E6C93F1: ConfigurationManager, init=-1: [bd42c95e-cd41-4cbd-85b3-b330cc3c4f94:192.168.157.252:33158], old=null, confs=<EMPTY_MAP>
2019-11-05 11:28:18,007 [pool-77-thread-1] INFO  server.RaftServerConfigKeys (ConfUtils.java:logGet(43)) - raft.server.storage.dir = [/workdir/hadoop-ozone/integration-test/target/test-dir/MiniOzoneClusterImpl-6b0fc4fe-9997-4a80-bab7-b3d82b6e3879/datanode-5/data/ratis] (custom)
2019-11-05 11:28:18,007 [pool-77-thread-1] INFO  server.RaftServerConfigKeys (ConfUtils.java:logGet(43)) - raft.server.log.corruption.policy = EXCEPTION (default)
2019-11-05 11:28:18,007 [pool-77-thread-1] INFO  storage.RaftStorageDirectory (RaftStorageDirectory.java:analyzeStorage(246)) - The storage directory /workdir/hadoop-ozone/integration-test/target/test-dir/MiniOzoneClusterImpl-6b0fc4fe-9997-4a80-bab7-b3d82b6e3879/datanode-5/data/ratis/90f35556-c99c-4ba7-b641-a0a18e6c93f1 does not exist. Creating ...
2019-11-05 11:28:18,025 [pool-77-thread-1] INFO  storage.RaftStorageDirectory (RaftStorageDirectory.java:tryLock(328)) - Lock on /workdir/hadoop-ozone/integration-test/target/test-dir/MiniOzoneClusterImpl-6b0fc4fe-9997-4a80-bab7-b3d82b6e3879/datanode-5/data/ratis/90f35556-c99c-4ba7-b641-a0a18e6c93f1/in_use.lock acquired by nodename 23040@pr-hdds-1643-qwrct-1900426900
2019-11-05 11:28:18,025 [1eca16cc-5184-4e43-8e55-175d1516eae4@group-563893D7657A-LeaderElection7] INFO  impl.LeaderElection (LeaderElection.java:askForVotes(178)) - 1eca16cc-5184-4e43-8e55-175d1516eae4@group-563893D7657A-LeaderElection7: begin an election at term 1 for -1: [1eca16cc-5184-4e43-8e55-175d1516eae4:192.168.157.252:41127], old=null
2019-11-05 11:28:18,025 [1eca16cc-5184-4e43-8e55-175d1516eae4@group-563893D7657A-LeaderElection7] INFO  impl.RoleInfo (RoleInfo.java:shutdownLeaderElection(134)) - 1eca16cc-5184-4e43-8e55-175d1516eae4: shutdown LeaderElection
2019-11-05 11:28:18,026 [1eca16cc-5184-4e43-8e55-175d1516eae4@group-563893D7657A-LeaderElection7] INFO  impl.RaftServerImpl (RaftServerImpl.java:setRole(184)) - 1eca16cc-5184-4e43-8e55-175d1516eae4@group-563893D7657A: changes role from CANDIDATE to LEADER at term 1 for changeToLeader
2019-11-05 11:28:18,026 [1eca16cc-5184-4e43-8e55-175d1516eae4@group-563893D7657A-LeaderElection7] INFO  impl.RaftServerImpl (ServerState.java:setLeader(256)) - 1eca16cc-5184-4e43-8e55-175d1516eae4@group-563893D7657A: change Leader from null to 1eca16cc-5184-4e43-8e55-175d1516eae4 at term 1 for becomeLeader, leader elected after 206ms
2019-11-05 11:28:18,026 [1eca16cc-5184-4e43-8e55-175d1516eae4@group-563893D7657A-LeaderElection7] INFO  server.RaftServerConfigKeys (ConfUtils.java:logGet(43)) - raft.server.staging.catchup.gap = 1000 (default)
2019-11-05 11:28:18,026 [1eca16cc-5184-4e43-8e55-175d1516eae4@group-563893D7657A-LeaderElection7] INFO  server.RaftServerConfigKeys (ConfUtils.java:logGet(43)) - raft.server.rpc.sleep.time = 25ms (default)
2019-11-05 11:28:18,026 [1eca16cc-5184-4e43-8e55-175d1516eae4@group-563893D7657A-LeaderElection7] INFO  server.RaftServerConfigKeys (ConfUtils.java:logGet(43)) - raft.server.write.element-limit = 4096 (default)
2019-11-05 11:28:18,026 [1eca16cc-5184-4e43-8e55-175d1516eae4@group-563893D7657A-LeaderElection7] INFO  server.RaftServerConfigKeys (ConfUtils.java:logGet(43)) - raft.server.watch.timeout = 10s (default)
2019-11-05 11:28:18,026 [1eca16cc-5184-4e43-8e55-175d1516eae4@group-563893D7657A-LeaderElection7] INFO  server.RaftServerConfigKeys (ConfUtils.java:logGet(43)) - raft.server.watch.timeout.denomination = 1s (default)
2019-11-05 11:28:18,027 [1eca16cc-5184-4e43-8e55-175d1516eae4@group-563893D7657A-LeaderElection7] INFO  server.RaftServerConfigKeys (ConfUtils.java:logGet(43)) - raft.server.watch.element-limit = 65536 (default)
2019-11-05 11:28:18,030 [1eca16cc-5184-4e43-8e55-175d1516eae4@group-563893D7657A-LeaderElection7] INFO  impl.RoleInfo (RoleInfo.java:updateAndGet(143)) - 1eca16cc-5184-4e43-8e55-175d1516eae4: start LeaderState
2019-11-05 11:28:18,030 [1eca16cc-5184-4e43-8e55-175d1516eae4@group-563893D7657A-LeaderElection7] INFO  segmented.SegmentedRaftLogWorker (SegmentedRaftLogWorker.java:startLogSegment(385)) - 1eca16cc-5184-4e43-8e55-175d1516eae4@group-563893D7657A-SegmentedRaftLogWorker: Starting segment from index:0
2019-11-05 11:28:18,037 [1eca16cc-5184-4e43-8e55-175d1516eae4@group-563893D7657A-LeaderElection7] INFO  impl.RaftServerImpl (ServerState.java:setRaftConf(357)) - 1eca16cc-5184-4e43-8e55-175d1516eae4@group-563893D7657A: set configuration 0: [1eca16cc-5184-4e43-8e55-175d1516eae4:192.168.157.252:41127], old=null at 0
2019-11-05 11:28:18,065 [pool-77-thread-1] INFO  storage.RaftStorage (RaftStorage.java:format(84)) - Storage directory /workdir/hadoop-ozone/integration-test/target/test-dir/MiniOzoneClusterImpl-6b0fc4fe-9997-4a80-bab7-b3d82b6e3879/datanode-5/data/ratis/90f35556-c99c-4ba7-b641-a0a18e6c93f1 has been successfully formatted.
2019-11-05 11:28:18,066 [pool-77-thread-1] INFO  ratis.ContainerStateMachine (ContainerStateMachine.java:loadSnapshot(231)) - group-A0A18E6C93F1: The snapshot info is null. Setting the last applied indexto:(t:0, i:~)
2019-11-05 11:28:18,066 [pool-77-thread-1] INFO  server.RaftServerConfigKeys (ConfUtils.java:logGet(43)) - raft.server.notification.no-leader.timeout = 120s (custom)
2019-11-05 11:28:18,066 [pool-77-thread-1] INFO  server.RaftServerConfigKeys (ConfUtils.java:logGet(43)) - raft.server.log.use.memory = false (default)
2019-11-05 11:28:18,066 [pool-77-thread-1] INFO  server.RaftServerConfigKeys (ConfUtils.java:logGet(43)) - raft.server.log.purge.gap = 1000000 (custom)
2019-11-05 11:28:18,066 [pool-77-thread-1] INFO  server.RaftServerConfigKeys (ConfUtils.java:logGet(43)) - raft.server.log.appender.buffer.byte-limit = 33554432 (custom)
2019-11-05 11:28:18,066 [pool-77-thread-1] INFO  server.RaftServerConfigKeys (ConfUtils.java:logGet(43)) - raft.server.log.segment.size.max = 1048576 (custom)
2019-11-05 11:28:18,069 [pool-77-thread-1] INFO  server.RaftServerConfigKeys (ConfUtils.java:logGet(43)) - raft.server.log.segment.cache.num.max = 2 (custom)
2019-11-05 11:28:18,070 [pool-77-thread-1] INFO  segmented.SegmentedRaftLogWorker (SegmentedRaftLogWorker.java:<init>(173)) - new bd42c95e-cd41-4cbd-85b3-b330cc3c4f94@group-A0A18E6C93F1-SegmentedRaftLogWorker for RaftStorage:Storage Directory /workdir/hadoop-ozone/integration-test/target/test-dir/MiniOzoneClusterImpl-6b0fc4fe-9997-4a80-bab7-b3d82b6e3879/datanode-5/data/ratis/90f35556-c99c-4ba7-b641-a0a18e6c93f1
2019-11-05 11:28:18,070 [pool-77-thread-1] INFO  server.RaftServerConfigKeys (ConfUtils.java:logGet(43)) - raft.server.log.queue.byte-limit = 2147483647 (custom)
2019-11-05 11:28:18,070 [pool-77-thread-1] INFO  server.RaftServerConfigKeys (ConfUtils.java:logGet(43)) - raft.server.log.queue.element-limit = 1024 (custom)
2019-11-05 11:28:18,070 [pool-77-thread-1] INFO  server.RaftServerConfigKeys (ConfUtils.java:logGet(43)) - raft.server.log.segment.size.max = 1048576 (custom)
2019-11-05 11:28:18,070 [pool-77-thread-1] INFO  server.RaftServerConfigKeys (ConfUtils.java:logGet(43)) - raft.server.log.preallocated.size = 16384 (custom)
2019-11-05 11:28:18,070 [pool-77-thread-1] INFO  server.RaftServerConfigKeys (ConfUtils.java:logGet(43)) - raft.server.log.write.buffer.size = 33554432 (custom)
2019-11-05 11:28:18,070 [pool-77-thread-1] INFO  server.RaftServerConfigKeys (ConfUtils.java:logGet(43)) - raft.server.log.force.sync.num = 128 (default)
2019-11-05 11:28:18,071 [pool-77-thread-1] INFO  server.RaftServerConfigKeys (ConfUtils.java:logGet(43)) - raft.server.log.statemachine.data.sync = true (default)
2019-11-05 11:28:18,071 [pool-77-thread-1] INFO  server.RaftServerConfigKeys (ConfUtils.java:logGet(43)) - raft.server.log.statemachine.data.sync.timeout = 10s (default)
2019-11-05 11:28:18,071 [pool-77-thread-1] INFO  server.RaftServerConfigKeys (ConfUtils.java:logGet(43)) - raft.server.log.statemachine.data.sync.timeout.retry = -1 (default)
2019-11-05 11:28:18,072 [pool-77-thread-1] INFO  server.RaftServerConfigKeys (ConfUtils.java:logGet(43)) - raft.server.log.statemachine.data.caching.enabled = true (custom)
2019-11-05 11:28:18,072 [pool-77-thread-1] INFO  segmented.SegmentedRaftLogWorker (SegmentedRaftLogWorker.java:lambda$new$0(128)) - bd42c95e-cd41-4cbd-85b3-b330cc3c4f94@group-A0A18E6C93F1-SegmentedRaftLogWorker: flushIndex: setUnconditionally 0 -> -1
2019-11-05 11:28:18,072 [pool-77-thread-1] INFO  server.RaftServerConfigKeys (ConfUtils.java:logGet(43)) - raft.server.snapshot.auto.trigger.enabled = true (custom)
2019-11-05 11:28:18,073 [pool-77-thread-1] INFO  server.RaftServerConfigKeys (ConfUtils.java:logGet(43)) - raft.server.snapshot.auto.trigger.threshold = 10000 (custom)
2019-11-05 11:28:18,073 [pool-77-thread-1] INFO  server.RaftServerConfigKeys (ConfUtils.java:logGet(43)) - raft.server.snapshot.retention.file.num = 5 (custom)
2019-11-05 11:28:18,073 [pool-77-thread-1] INFO  server.RaftServerConfigKeys (ConfUtils.java:logGet(43)) - raft.server.retrycache.expirytime = 600000ms (custom)
2019-11-05 11:28:18,089 [1eca16cc-5184-4e43-8e55-175d1516eae4@group-563893D7657A-SegmentedRaftLogWorker] INFO  segmented.SegmentedRaftLogWorker (SegmentedRaftLogWorker.java:execute(576)) - 1eca16cc-5184-4e43-8e55-175d1516eae4@group-563893D7657A-SegmentedRaftLogWorker: created new log segment /workdir/hadoop-ozone/integration-test/target/test-dir/MiniOzoneClusterImpl-6b0fc4fe-9997-4a80-bab7-b3d82b6e3879/datanode-4/data/ratis/4889e011-201c-48fe-aecb-563893d7657a/current/log_inprogress_0
2019-11-05 11:28:18,126 [pool-77-thread-1] INFO  impl.RaftServerImpl (RaftServerImpl.java:start(195)) - bd42c95e-cd41-4cbd-85b3-b330cc3c4f94@group-A0A18E6C93F1: start as a follower, conf=-1: [bd42c95e-cd41-4cbd-85b3-b330cc3c4f94:192.168.157.252:33158], old=null
2019-11-05 11:28:18,127 [pool-77-thread-1] INFO  impl.RaftServerImpl (RaftServerImpl.java:setRole(184)) - bd42c95e-cd41-4cbd-85b3-b330cc3c4f94@group-A0A18E6C93F1: changes role from      null to FOLLOWER at term 0 for startAsFollower
2019-11-05 11:28:18,127 [pool-77-thread-1] INFO  impl.RoleInfo (RoleInfo.java:updateAndGet(143)) - bd42c95e-cd41-4cbd-85b3-b330cc3c4f94: start FollowerState
2019-11-05 11:28:18,139 [pool-77-thread-1] INFO  util.JmxRegister (JmxRegister.java:tryRegister(44)) - Successfully registered JMX Bean with object name Ratis:service=RaftServer,group=group-A0A18E6C93F1,id=bd42c95e-cd41-4cbd-85b3-b330cc3c4f94
2019-11-05 11:28:18,161 [RatisPipelineUtilsThread] INFO  pipeline.PipelineStateManager (PipelineStateManager.java:addPipeline(56)) - Created pipeline Pipeline[ Id: 90f35556-c99c-4ba7-b641-a0a18e6c93f1, Nodes: bd42c95e-cd41-4cbd-85b3-b330cc3c4f94{ip: 192.168.157.252, host: pr-hdds-1643-qwrct-1900426900, networkLocation: /default-rack, certSerialId: null}, Type:RATIS, Factor:ONE, State:OPEN]
2019-11-05 11:28:18,198 [Thread-323] INFO  impl.FollowerState (FollowerState.java:run(108)) - bd42c95e-cd41-4cbd-85b3-b330cc3c4f94@group-A0A18E6C93F1-FollowerState: change to CANDIDATE, lastRpcTime:70ms, electionTimeout:57ms
2019-11-05 11:28:18,198 [Thread-323] INFO  impl.RoleInfo (RoleInfo.java:shutdownFollowerState(121)) - bd42c95e-cd41-4cbd-85b3-b330cc3c4f94: shutdown FollowerState
2019-11-05 11:28:18,198 [Thread-323] INFO  impl.RaftServerImpl (RaftServerImpl.java:setRole(184)) - bd42c95e-cd41-4cbd-85b3-b330cc3c4f94@group-A0A18E6C93F1: changes role from  FOLLOWER to CANDIDATE at term 0 for changeToCandidate
2019-11-05 11:28:18,198 [Thread-323] INFO  impl.RoleInfo (RoleInfo.java:updateAndGet(143)) - bd42c95e-cd41-4cbd-85b3-b330cc3c4f94: start LeaderElection
2019-11-05 11:28:18,219 [grpc-default-executor-1] INFO  impl.RaftServerProxy (RaftServerProxy.java:addNew(89)) - 93bc9e78-ae56-4fee-a007-4b156d649157: addNew group-C8E3A9870F8F:[93bc9e78-ae56-4fee-a007-4b156d649157:192.168.157.252:38000] returns group-C8E3A9870F8F:java.util.concurrent.CompletableFuture@17305252[Not completed]
2019-11-05 11:28:18,235 [bd42c95e-cd41-4cbd-85b3-b330cc3c4f94@group-A0A18E6C93F1-LeaderElection8] INFO  impl.LeaderElection (LeaderElection.java:askForVotes(178)) - bd42c95e-cd41-4cbd-85b3-b330cc3c4f94@group-A0A18E6C93F1-LeaderElection8: begin an election at term 1 for -1: [bd42c95e-cd41-4cbd-85b3-b330cc3c4f94:192.168.157.252:33158], old=null
2019-11-05 11:28:18,235 [bd42c95e-cd41-4cbd-85b3-b330cc3c4f94@group-A0A18E6C93F1-LeaderElection8] INFO  impl.RoleInfo (RoleInfo.java:shutdownLeaderElection(134)) - bd42c95e-cd41-4cbd-85b3-b330cc3c4f94: shutdown LeaderElection
2019-11-05 11:28:18,235 [bd42c95e-cd41-4cbd-85b3-b330cc3c4f94@group-A0A18E6C93F1-LeaderElection8] INFO  impl.RaftServerImpl (RaftServerImpl.java:setRole(184)) - bd42c95e-cd41-4cbd-85b3-b330cc3c4f94@group-A0A18E6C93F1: changes role from CANDIDATE to LEADER at term 1 for changeToLeader
2019-11-05 11:28:18,236 [bd42c95e-cd41-4cbd-85b3-b330cc3c4f94@group-A0A18E6C93F1-LeaderElection8] INFO  impl.RaftServerImpl (ServerState.java:setLeader(256)) - bd42c95e-cd41-4cbd-85b3-b330cc3c4f94@group-A0A18E6C93F1: change Leader from null to bd42c95e-cd41-4cbd-85b3-b330cc3c4f94 at term 1 for becomeLeader, leader elected after 169ms
2019-11-05 11:28:18,236 [bd42c95e-cd41-4cbd-85b3-b330cc3c4f94@group-A0A18E6C93F1-LeaderElection8] INFO  server.RaftServerConfigKeys (ConfUtils.java:logGet(43)) - raft.server.staging.catchup.gap = 1000 (default)
2019-11-05 11:28:18,236 [bd42c95e-cd41-4cbd-85b3-b330cc3c4f94@group-A0A18E6C93F1-LeaderElection8] INFO  server.RaftServerConfigKeys (ConfUtils.java:logGet(43)) - raft.server.rpc.sleep.time = 25ms (default)
2019-11-05 11:28:18,236 [bd42c95e-cd41-4cbd-85b3-b330cc3c4f94@group-A0A18E6C93F1-LeaderElection8] INFO  server.RaftServerConfigKeys (ConfUtils.java:logGet(43)) - raft.server.write.element-limit = 4096 (default)
2019-11-05 11:28:18,236 [bd42c95e-cd41-4cbd-85b3-b330cc3c4f94@group-A0A18E6C93F1-LeaderElection8] INFO  server.RaftServerConfigKeys (ConfUtils.java:logGet(43)) - raft.server.watch.timeout = 10s (default)
2019-11-05 11:28:18,236 [bd42c95e-cd41-4cbd-85b3-b330cc3c4f94@group-A0A18E6C93F1-LeaderElection8] INFO  server.RaftServerConfigKeys (ConfUtils.java:logGet(43)) - raft.server.watch.timeout.denomination = 1s (default)
2019-11-05 11:28:18,236 [bd42c95e-cd41-4cbd-85b3-b330cc3c4f94@group-A0A18E6C93F1-LeaderElection8] INFO  server.RaftServerConfigKeys (ConfUtils.java:logGet(43)) - raft.server.watch.element-limit = 65536 (default)
2019-11-05 11:28:18,236 [pool-47-thread-1] INFO  impl.RaftServerImpl (RaftServerImpl.java:<init>(104)) - 93bc9e78-ae56-4fee-a007-4b156d649157: new RaftServerImpl for group-C8E3A9870F8F:[93bc9e78-ae56-4fee-a007-4b156d649157:192.168.157.252:38000] with ContainerStateMachine:uninitialized
2019-11-05 11:28:18,237 [pool-47-thread-1] INFO  server.RaftServerConfigKeys (ConfUtils.java:logGet(43)) - raft.server.rpc.timeout.min = 1s (custom)
2019-11-05 11:28:18,237 [pool-47-thread-1] INFO  server.RaftServerConfigKeys (ConfUtils.java:logGet(43)) - raft.server.rpc.timeout.max = 1200ms (custom)
2019-11-05 11:28:18,237 [pool-47-thread-1] INFO  server.RaftServerConfigKeys (ConfUtils.java:logGet(43)) - raft.server.rpcslowness.timeout = 120s (custom)
2019-11-05 11:28:18,237 [pool-47-thread-1] INFO  server.RaftServerConfigKeys (ConfUtils.java:logGet(43)) - raft.server.sleep.deviation.threshold = 300 (default)
2019-11-05 11:28:18,238 [pool-47-thread-1] INFO  server.RaftServerConfigKeys (ConfUtils.java:logGet(43)) - raft.server.log.appender.install.snapshot.enabled = false (custom)
2019-11-05 11:28:18,238 [pool-47-thread-1] INFO  impl.RaftServerImpl (ServerState.java:<init>(103)) - 93bc9e78-ae56-4fee-a007-4b156d649157@group-C8E3A9870F8F: ConfigurationManager, init=-1: [93bc9e78-ae56-4fee-a007-4b156d649157:192.168.157.252:38000], old=null, confs=<EMPTY_MAP>
2019-11-05 11:28:18,238 [pool-47-thread-1] INFO  server.RaftServerConfigKeys (ConfUtils.java:logGet(43)) - raft.server.storage.dir = [/workdir/hadoop-ozone/integration-test/target/test-dir/MiniOzoneClusterImpl-6b0fc4fe-9997-4a80-bab7-b3d82b6e3879/datanode-2/data/ratis] (custom)
2019-11-05 11:28:18,238 [pool-47-thread-1] INFO  server.RaftServerConfigKeys (ConfUtils.java:logGet(43)) - raft.server.log.corruption.policy = EXCEPTION (default)
2019-11-05 11:28:18,239 [pool-47-thread-1] INFO  storage.RaftStorageDirectory (RaftStorageDirectory.java:analyzeStorage(246)) - The storage directory /workdir/hadoop-ozone/integration-test/target/test-dir/MiniOzoneClusterImpl-6b0fc4fe-9997-4a80-bab7-b3d82b6e3879/datanode-2/data/ratis/88c4fd5f-524a-4f9a-bb33-c8e3a9870f8f does not exist. Creating ...
2019-11-05 11:28:18,243 [pool-47-thread-1] INFO  storage.RaftStorageDirectory (RaftStorageDirectory.java:tryLock(328)) - Lock on /workdir/hadoop-ozone/integration-test/target/test-dir/MiniOzoneClusterImpl-6b0fc4fe-9997-4a80-bab7-b3d82b6e3879/datanode-2/data/ratis/88c4fd5f-524a-4f9a-bb33-c8e3a9870f8f/in_use.lock acquired by nodename 23040@pr-hdds-1643-qwrct-1900426900
2019-11-05 11:28:18,247 [bd42c95e-cd41-4cbd-85b3-b330cc3c4f94@group-A0A18E6C93F1-LeaderElection8] INFO  impl.RoleInfo (RoleInfo.java:updateAndGet(143)) - bd42c95e-cd41-4cbd-85b3-b330cc3c4f94: start LeaderState
2019-11-05 11:28:18,247 [bd42c95e-cd41-4cbd-85b3-b330cc3c4f94@group-A0A18E6C93F1-LeaderElection8] INFO  segmented.SegmentedRaftLogWorker (SegmentedRaftLogWorker.java:startLogSegment(385)) - bd42c95e-cd41-4cbd-85b3-b330cc3c4f94@group-A0A18E6C93F1-SegmentedRaftLogWorker: Starting segment from index:0
2019-11-05 11:28:18,247 [pool-47-thread-1] INFO  storage.RaftStorage (RaftStorage.java:format(84)) - Storage directory /workdir/hadoop-ozone/integration-test/target/test-dir/MiniOzoneClusterImpl-6b0fc4fe-9997-4a80-bab7-b3d82b6e3879/datanode-2/data/ratis/88c4fd5f-524a-4f9a-bb33-c8e3a9870f8f has been successfully formatted.
2019-11-05 11:28:18,248 [pool-47-thread-1] INFO  ratis.ContainerStateMachine (ContainerStateMachine.java:loadSnapshot(231)) - group-C8E3A9870F8F: The snapshot info is null. Setting the last applied indexto:(t:0, i:~)
2019-11-05 11:28:18,248 [pool-47-thread-1] INFO  server.RaftServerConfigKeys (ConfUtils.java:logGet(43)) - raft.server.notification.no-leader.timeout = 120s (custom)
2019-11-05 11:28:18,250 [bd42c95e-cd41-4cbd-85b3-b330cc3c4f94@group-A0A18E6C93F1-LeaderElection8] INFO  impl.RaftServerImpl (ServerState.java:setRaftConf(357)) - bd42c95e-cd41-4cbd-85b3-b330cc3c4f94@group-A0A18E6C93F1: set configuration 0: [bd42c95e-cd41-4cbd-85b3-b330cc3c4f94:192.168.157.252:33158], old=null at 0
2019-11-05 11:28:18,253 [pool-47-thread-1] INFO  server.RaftServerConfigKeys (ConfUtils.java:logGet(43)) - raft.server.log.use.memory = false (default)
2019-11-05 11:28:18,254 [pool-47-thread-1] INFO  server.RaftServerConfigKeys (ConfUtils.java:logGet(43)) - raft.server.log.purge.gap = 1000000 (custom)
2019-11-05 11:28:18,254 [pool-47-thread-1] INFO  server.RaftServerConfigKeys (ConfUtils.java:logGet(43)) - raft.server.log.appender.buffer.byte-limit = 33554432 (custom)
2019-11-05 11:28:18,254 [pool-47-thread-1] INFO  server.RaftServerConfigKeys (ConfUtils.java:logGet(43)) - raft.server.log.segment.size.max = 1048576 (custom)
2019-11-05 11:28:18,282 [pool-47-thread-1] INFO  server.RaftServerConfigKeys (ConfUtils.java:logGet(43)) - raft.server.log.segment.cache.num.max = 2 (custom)
2019-11-05 11:28:18,282 [pool-47-thread-1] INFO  segmented.SegmentedRaftLogWorker (SegmentedRaftLogWorker.java:<init>(173)) - new 93bc9e78-ae56-4fee-a007-4b156d649157@group-C8E3A9870F8F-SegmentedRaftLogWorker for RaftStorage:Storage Directory /workdir/hadoop-ozone/integration-test/target/test-dir/MiniOzoneClusterImpl-6b0fc4fe-9997-4a80-bab7-b3d82b6e3879/datanode-2/data/ratis/88c4fd5f-524a-4f9a-bb33-c8e3a9870f8f
2019-11-05 11:28:18,283 [pool-47-thread-1] INFO  server.RaftServerConfigKeys (ConfUtils.java:logGet(43)) - raft.server.log.queue.byte-limit = 2147483647 (custom)
2019-11-05 11:28:18,283 [pool-47-thread-1] INFO  server.RaftServerConfigKeys (ConfUtils.java:logGet(43)) - raft.server.log.queue.element-limit = 1024 (custom)
2019-11-05 11:28:18,283 [pool-47-thread-1] INFO  server.RaftServerConfigKeys (ConfUtils.java:logGet(43)) - raft.server.log.segment.size.max = 1048576 (custom)
2019-11-05 11:28:18,283 [pool-47-thread-1] INFO  server.RaftServerConfigKeys (ConfUtils.java:logGet(43)) - raft.server.log.preallocated.size = 16384 (custom)
2019-11-05 11:28:18,283 [pool-47-thread-1] INFO  server.RaftServerConfigKeys (ConfUtils.java:logGet(43)) - raft.server.log.write.buffer.size = 33554432 (custom)
2019-11-05 11:28:18,283 [pool-47-thread-1] INFO  server.RaftServerConfigKeys (ConfUtils.java:logGet(43)) - raft.server.log.force.sync.num = 128 (default)
2019-11-05 11:28:18,284 [pool-47-thread-1] INFO  server.RaftServerConfigKeys (ConfUtils.java:logGet(43)) - raft.server.log.statemachine.data.sync = true (default)
2019-11-05 11:28:18,284 [pool-47-thread-1] INFO  server.RaftServerConfigKeys (ConfUtils.java:logGet(43)) - raft.server.log.statemachine.data.sync.timeout = 10s (default)
2019-11-05 11:28:18,284 [pool-47-thread-1] INFO  server.RaftServerConfigKeys (ConfUtils.java:logGet(43)) - raft.server.log.statemachine.data.sync.timeout.retry = -1 (default)
2019-11-05 11:28:18,284 [bd42c95e-cd41-4cbd-85b3-b330cc3c4f94@group-A0A18E6C93F1-SegmentedRaftLogWorker] INFO  segmented.SegmentedRaftLogWorker (SegmentedRaftLogWorker.java:execute(576)) - bd42c95e-cd41-4cbd-85b3-b330cc3c4f94@group-A0A18E6C93F1-SegmentedRaftLogWorker: created new log segment /workdir/hadoop-ozone/integration-test/target/test-dir/MiniOzoneClusterImpl-6b0fc4fe-9997-4a80-bab7-b3d82b6e3879/datanode-5/data/ratis/90f35556-c99c-4ba7-b641-a0a18e6c93f1/current/log_inprogress_0
2019-11-05 11:28:18,285 [pool-47-thread-1] INFO  server.RaftServerConfigKeys (ConfUtils.java:logGet(43)) - raft.server.log.statemachine.data.caching.enabled = true (custom)
2019-11-05 11:28:18,285 [pool-47-thread-1] INFO  segmented.SegmentedRaftLogWorker (SegmentedRaftLogWorker.java:lambda$new$0(128)) - 93bc9e78-ae56-4fee-a007-4b156d649157@group-C8E3A9870F8F-SegmentedRaftLogWorker: flushIndex: setUnconditionally 0 -> -1
2019-11-05 11:28:18,285 [pool-47-thread-1] INFO  server.RaftServerConfigKeys (ConfUtils.java:logGet(43)) - raft.server.snapshot.auto.trigger.enabled = true (custom)
2019-11-05 11:28:18,286 [pool-47-thread-1] INFO  server.RaftServerConfigKeys (ConfUtils.java:logGet(43)) - raft.server.snapshot.auto.trigger.threshold = 10000 (custom)
2019-11-05 11:28:18,286 [pool-47-thread-1] INFO  server.RaftServerConfigKeys (ConfUtils.java:logGet(43)) - raft.server.snapshot.retention.file.num = 5 (custom)
2019-11-05 11:28:18,286 [pool-47-thread-1] INFO  server.RaftServerConfigKeys (ConfUtils.java:logGet(43)) - raft.server.retrycache.expirytime = 600000ms (custom)
2019-11-05 11:28:18,291 [pool-47-thread-1] INFO  impl.RaftServerImpl (RaftServerImpl.java:start(195)) - 93bc9e78-ae56-4fee-a007-4b156d649157@group-C8E3A9870F8F: start as a follower, conf=-1: [93bc9e78-ae56-4fee-a007-4b156d649157:192.168.157.252:38000], old=null
2019-11-05 11:28:18,292 [pool-47-thread-1] INFO  impl.RaftServerImpl (RaftServerImpl.java:setRole(184)) - 93bc9e78-ae56-4fee-a007-4b156d649157@group-C8E3A9870F8F: changes role from      null to FOLLOWER at term 0 for startAsFollower
2019-11-05 11:28:18,292 [pool-47-thread-1] INFO  impl.RoleInfo (RoleInfo.java:updateAndGet(143)) - 93bc9e78-ae56-4fee-a007-4b156d649157: start FollowerState
2019-11-05 11:28:18,292 [pool-47-thread-1] INFO  util.JmxRegister (JmxRegister.java:tryRegister(44)) - Successfully registered JMX Bean with object name Ratis:service=RaftServer,group=group-C8E3A9870F8F,id=93bc9e78-ae56-4fee-a007-4b156d649157
2019-11-05 11:28:18,299 [Thread-328] INFO  impl.FollowerState (FollowerState.java:run(108)) - 93bc9e78-ae56-4fee-a007-4b156d649157@group-C8E3A9870F8F-FollowerState: change to CANDIDATE, lastRpcTime:6ms, electionTimeout:6ms
2019-11-05 11:28:18,299 [Thread-328] INFO  impl.RoleInfo (RoleInfo.java:shutdownFollowerState(121)) - 93bc9e78-ae56-4fee-a007-4b156d649157: shutdown FollowerState
2019-11-05 11:28:18,299 [Thread-328] INFO  impl.RaftServerImpl (RaftServerImpl.java:setRole(184)) - 93bc9e78-ae56-4fee-a007-4b156d649157@group-C8E3A9870F8F: changes role from  FOLLOWER to CANDIDATE at term 0 for changeToCandidate
2019-11-05 11:28:18,308 [Thread-328] INFO  impl.RoleInfo (RoleInfo.java:updateAndGet(143)) - 93bc9e78-ae56-4fee-a007-4b156d649157: start LeaderElection
2019-11-05 11:28:18,376 [main] INFO  rpc.RpcClient (RpcClient.java:createVolume(272)) - Creating Volume: datanodefailurehandlingtest, with jenkins1000 as owner.
2019-11-05 11:28:18,383 [RatisPipelineUtilsThread] INFO  pipeline.PipelineStateManager (PipelineStateManager.java:addPipeline(56)) - Created pipeline Pipeline[ Id: 88c4fd5f-524a-4f9a-bb33-c8e3a9870f8f, Nodes: 93bc9e78-ae56-4fee-a007-4b156d649157{ip: 192.168.157.252, host: pr-hdds-1643-qwrct-1900426900, networkLocation: /default-rack, certSerialId: null}, Type:RATIS, Factor:ONE, State:OPEN]
2019-11-05 11:28:18,389 [93bc9e78-ae56-4fee-a007-4b156d649157@group-C8E3A9870F8F-LeaderElection9] INFO  impl.LeaderElection (LeaderElection.java:askForVotes(178)) - 93bc9e78-ae56-4fee-a007-4b156d649157@group-C8E3A9870F8F-LeaderElection9: begin an election at term 1 for -1: [93bc9e78-ae56-4fee-a007-4b156d649157:192.168.157.252:38000], old=null
2019-11-05 11:28:18,389 [93bc9e78-ae56-4fee-a007-4b156d649157@group-C8E3A9870F8F-LeaderElection9] INFO  impl.RoleInfo (RoleInfo.java:shutdownLeaderElection(134)) - 93bc9e78-ae56-4fee-a007-4b156d649157: shutdown LeaderElection
2019-11-05 11:28:18,389 [93bc9e78-ae56-4fee-a007-4b156d649157@group-C8E3A9870F8F-LeaderElection9] INFO  impl.RaftServerImpl (RaftServerImpl.java:setRole(184)) - 93bc9e78-ae56-4fee-a007-4b156d649157@group-C8E3A9870F8F: changes role from CANDIDATE to LEADER at term 1 for changeToLeader
2019-11-05 11:28:18,389 [93bc9e78-ae56-4fee-a007-4b156d649157@group-C8E3A9870F8F-LeaderElection9] INFO  impl.RaftServerImpl (ServerState.java:setLeader(256)) - 93bc9e78-ae56-4fee-a007-4b156d649157@group-C8E3A9870F8F: change Leader from null to 93bc9e78-ae56-4fee-a007-4b156d649157 at term 1 for becomeLeader, leader elected after 141ms
2019-11-05 11:28:18,389 [93bc9e78-ae56-4fee-a007-4b156d649157@group-C8E3A9870F8F-LeaderElection9] INFO  server.RaftServerConfigKeys (ConfUtils.java:logGet(43)) - raft.server.staging.catchup.gap = 1000 (default)
2019-11-05 11:28:18,389 [93bc9e78-ae56-4fee-a007-4b156d649157@group-C8E3A9870F8F-LeaderElection9] INFO  server.RaftServerConfigKeys (ConfUtils.java:logGet(43)) - raft.server.rpc.sleep.time = 25ms (default)
2019-11-05 11:28:18,390 [93bc9e78-ae56-4fee-a007-4b156d649157@group-C8E3A9870F8F-LeaderElection9] INFO  server.RaftServerConfigKeys (ConfUtils.java:logGet(43)) - raft.server.write.element-limit = 4096 (default)
2019-11-05 11:28:18,390 [93bc9e78-ae56-4fee-a007-4b156d649157@group-C8E3A9870F8F-LeaderElection9] INFO  server.RaftServerConfigKeys (ConfUtils.java:logGet(43)) - raft.server.watch.timeout = 10s (default)
2019-11-05 11:28:18,390 [93bc9e78-ae56-4fee-a007-4b156d649157@group-C8E3A9870F8F-LeaderElection9] INFO  server.RaftServerConfigKeys (ConfUtils.java:logGet(43)) - raft.server.watch.timeout.denomination = 1s (default)
2019-11-05 11:28:18,390 [93bc9e78-ae56-4fee-a007-4b156d649157@group-C8E3A9870F8F-LeaderElection9] INFO  server.RaftServerConfigKeys (ConfUtils.java:logGet(43)) - raft.server.watch.element-limit = 65536 (default)
2019-11-05 11:28:18,393 [93bc9e78-ae56-4fee-a007-4b156d649157@group-C8E3A9870F8F-LeaderElection9] INFO  impl.RoleInfo (RoleInfo.java:updateAndGet(143)) - 93bc9e78-ae56-4fee-a007-4b156d649157: start LeaderState
2019-11-05 11:28:18,393 [93bc9e78-ae56-4fee-a007-4b156d649157@group-C8E3A9870F8F-LeaderElection9] INFO  segmented.SegmentedRaftLogWorker (SegmentedRaftLogWorker.java:startLogSegment(385)) - 93bc9e78-ae56-4fee-a007-4b156d649157@group-C8E3A9870F8F-SegmentedRaftLogWorker: Starting segment from index:0
2019-11-05 11:28:18,408 [93bc9e78-ae56-4fee-a007-4b156d649157@group-C8E3A9870F8F-LeaderElection9] INFO  impl.RaftServerImpl (ServerState.java:setRaftConf(357)) - 93bc9e78-ae56-4fee-a007-4b156d649157@group-C8E3A9870F8F: set configuration 0: [93bc9e78-ae56-4fee-a007-4b156d649157:192.168.157.252:38000], old=null at 0
2019-11-05 11:28:18,438 [93bc9e78-ae56-4fee-a007-4b156d649157@group-C8E3A9870F8F-SegmentedRaftLogWorker] INFO  segmented.SegmentedRaftLogWorker (SegmentedRaftLogWorker.java:execute(576)) - 93bc9e78-ae56-4fee-a007-4b156d649157@group-C8E3A9870F8F-SegmentedRaftLogWorker: created new log segment /workdir/hadoop-ozone/integration-test/target/test-dir/MiniOzoneClusterImpl-6b0fc4fe-9997-4a80-bab7-b3d82b6e3879/datanode-2/data/ratis/88c4fd5f-524a-4f9a-bb33-c8e3a9870f8f/current/log_inprogress_0
2019-11-05 11:28:18,854 [grpc-default-executor-1] INFO  impl.RaftServerProxy (RaftServerProxy.java:addNew(89)) - 4a9a93c6-1a9a-4546-aacb-e3e0a6fb1ade: addNew group-ECC7C49FC473:[4a9a93c6-1a9a-4546-aacb-e3e0a6fb1ade:192.168.157.252:35311] returns group-ECC7C49FC473:java.util.concurrent.CompletableFuture@63aa5927[Not completed]
2019-11-05 11:28:18,856 [pool-117-thread-1] INFO  impl.RaftServerImpl (RaftServerImpl.java:<init>(104)) - 4a9a93c6-1a9a-4546-aacb-e3e0a6fb1ade: new RaftServerImpl for group-ECC7C49FC473:[4a9a93c6-1a9a-4546-aacb-e3e0a6fb1ade:192.168.157.252:35311] with ContainerStateMachine:uninitialized
2019-11-05 11:28:18,856 [pool-117-thread-1] INFO  server.RaftServerConfigKeys (ConfUtils.java:logGet(43)) - raft.server.rpc.timeout.min = 1s (custom)
2019-11-05 11:28:18,857 [pool-117-thread-1] INFO  server.RaftServerConfigKeys (ConfUtils.java:logGet(43)) - raft.server.rpc.timeout.max = 1200ms (custom)
2019-11-05 11:28:18,857 [pool-117-thread-1] INFO  server.RaftServerConfigKeys (ConfUtils.java:logGet(43)) - raft.server.rpcslowness.timeout = 120s (custom)
2019-11-05 11:28:18,857 [pool-117-thread-1] INFO  server.RaftServerConfigKeys (ConfUtils.java:logGet(43)) - raft.server.sleep.deviation.threshold = 300 (default)
2019-11-05 11:28:18,857 [pool-117-thread-1] INFO  server.RaftServerConfigKeys (ConfUtils.java:logGet(43)) - raft.server.log.appender.install.snapshot.enabled = false (custom)
2019-11-05 11:28:18,857 [pool-117-thread-1] INFO  impl.RaftServerImpl (ServerState.java:<init>(103)) - 4a9a93c6-1a9a-4546-aacb-e3e0a6fb1ade@group-ECC7C49FC473: ConfigurationManager, init=-1: [4a9a93c6-1a9a-4546-aacb-e3e0a6fb1ade:192.168.157.252:35311], old=null, confs=<EMPTY_MAP>
2019-11-05 11:28:18,858 [pool-117-thread-1] INFO  server.RaftServerConfigKeys (ConfUtils.java:logGet(43)) - raft.server.storage.dir = [/workdir/hadoop-ozone/integration-test/target/test-dir/MiniOzoneClusterImpl-6b0fc4fe-9997-4a80-bab7-b3d82b6e3879/datanode-9/data/ratis] (custom)
2019-11-05 11:28:18,858 [pool-117-thread-1] INFO  server.RaftServerConfigKeys (ConfUtils.java:logGet(43)) - raft.server.log.corruption.policy = EXCEPTION (default)
2019-11-05 11:28:18,859 [pool-117-thread-1] INFO  storage.RaftStorageDirectory (RaftStorageDirectory.java:analyzeStorage(246)) - The storage directory /workdir/hadoop-ozone/integration-test/target/test-dir/MiniOzoneClusterImpl-6b0fc4fe-9997-4a80-bab7-b3d82b6e3879/datanode-9/data/ratis/7b173b3e-b114-4100-a4f7-ecc7c49fc473 does not exist. Creating ...
2019-11-05 11:28:18,873 [pool-117-thread-1] INFO  storage.RaftStorageDirectory (RaftStorageDirectory.java:tryLock(328)) - Lock on /workdir/hadoop-ozone/integration-test/target/test-dir/MiniOzoneClusterImpl-6b0fc4fe-9997-4a80-bab7-b3d82b6e3879/datanode-9/data/ratis/7b173b3e-b114-4100-a4f7-ecc7c49fc473/in_use.lock acquired by nodename 23040@pr-hdds-1643-qwrct-1900426900
2019-11-05 11:28:18,900 [pool-117-thread-1] INFO  storage.RaftStorage (RaftStorage.java:format(84)) - Storage directory /workdir/hadoop-ozone/integration-test/target/test-dir/MiniOzoneClusterImpl-6b0fc4fe-9997-4a80-bab7-b3d82b6e3879/datanode-9/data/ratis/7b173b3e-b114-4100-a4f7-ecc7c49fc473 has been successfully formatted.
2019-11-05 11:28:18,903 [pool-117-thread-1] INFO  ratis.ContainerStateMachine (ContainerStateMachine.java:loadSnapshot(231)) - group-ECC7C49FC473: The snapshot info is null. Setting the last applied indexto:(t:0, i:~)
2019-11-05 11:28:18,904 [pool-117-thread-1] INFO  server.RaftServerConfigKeys (ConfUtils.java:logGet(43)) - raft.server.notification.no-leader.timeout = 120s (custom)
2019-11-05 11:28:18,904 [pool-117-thread-1] INFO  server.RaftServerConfigKeys (ConfUtils.java:logGet(43)) - raft.server.log.use.memory = false (default)
2019-11-05 11:28:18,904 [pool-117-thread-1] INFO  server.RaftServerConfigKeys (ConfUtils.java:logGet(43)) - raft.server.log.purge.gap = 1000000 (custom)
2019-11-05 11:28:18,904 [pool-117-thread-1] INFO  server.RaftServerConfigKeys (ConfUtils.java:logGet(43)) - raft.server.log.appender.buffer.byte-limit = 33554432 (custom)
2019-11-05 11:28:18,904 [pool-117-thread-1] INFO  server.RaftServerConfigKeys (ConfUtils.java:logGet(43)) - raft.server.log.segment.size.max = 1048576 (custom)
2019-11-05 11:28:18,909 [pool-117-thread-1] INFO  server.RaftServerConfigKeys (ConfUtils.java:logGet(43)) - raft.server.log.segment.cache.num.max = 2 (custom)
2019-11-05 11:28:18,918 [pool-117-thread-1] INFO  segmented.SegmentedRaftLogWorker (SegmentedRaftLogWorker.java:<init>(173)) - new 4a9a93c6-1a9a-4546-aacb-e3e0a6fb1ade@group-ECC7C49FC473-SegmentedRaftLogWorker for RaftStorage:Storage Directory /workdir/hadoop-ozone/integration-test/target/test-dir/MiniOzoneClusterImpl-6b0fc4fe-9997-4a80-bab7-b3d82b6e3879/datanode-9/data/ratis/7b173b3e-b114-4100-a4f7-ecc7c49fc473
2019-11-05 11:28:18,918 [pool-117-thread-1] INFO  server.RaftServerConfigKeys (ConfUtils.java:logGet(43)) - raft.server.log.queue.byte-limit = 2147483647 (custom)
2019-11-05 11:28:18,918 [pool-117-thread-1] INFO  server.RaftServerConfigKeys (ConfUtils.java:logGet(43)) - raft.server.log.queue.element-limit = 1024 (custom)
2019-11-05 11:28:18,918 [pool-117-thread-1] INFO  server.RaftServerConfigKeys (ConfUtils.java:logGet(43)) - raft.server.log.segment.size.max = 1048576 (custom)
2019-11-05 11:28:18,919 [pool-117-thread-1] INFO  server.RaftServerConfigKeys (ConfUtils.java:logGet(43)) - raft.server.log.preallocated.size = 16384 (custom)
2019-11-05 11:28:18,919 [pool-117-thread-1] INFO  server.RaftServerConfigKeys (ConfUtils.java:logGet(43)) - raft.server.log.write.buffer.size = 33554432 (custom)
2019-11-05 11:28:18,919 [pool-117-thread-1] INFO  server.RaftServerConfigKeys (ConfUtils.java:logGet(43)) - raft.server.log.force.sync.num = 128 (default)
2019-11-05 11:28:18,919 [pool-117-thread-1] INFO  server.RaftServerConfigKeys (ConfUtils.java:logGet(43)) - raft.server.log.statemachine.data.sync = true (default)
2019-11-05 11:28:18,919 [pool-117-thread-1] INFO  server.RaftServerConfigKeys (ConfUtils.java:logGet(43)) - raft.server.log.statemachine.data.sync.timeout = 10s (default)
2019-11-05 11:28:18,920 [pool-117-thread-1] INFO  server.RaftServerConfigKeys (ConfUtils.java:logGet(43)) - raft.server.log.statemachine.data.sync.timeout.retry = -1 (default)
2019-11-05 11:28:18,921 [pool-117-thread-1] INFO  server.RaftServerConfigKeys (ConfUtils.java:logGet(43)) - raft.server.log.statemachine.data.caching.enabled = true (custom)
2019-11-05 11:28:18,921 [pool-117-thread-1] INFO  segmented.SegmentedRaftLogWorker (SegmentedRaftLogWorker.java:lambda$new$0(128)) - 4a9a93c6-1a9a-4546-aacb-e3e0a6fb1ade@group-ECC7C49FC473-SegmentedRaftLogWorker: flushIndex: setUnconditionally 0 -> -1
2019-11-05 11:28:18,922 [pool-117-thread-1] INFO  server.RaftServerConfigKeys (ConfUtils.java:logGet(43)) - raft.server.snapshot.auto.trigger.enabled = true (custom)
2019-11-05 11:28:18,922 [pool-117-thread-1] INFO  server.RaftServerConfigKeys (ConfUtils.java:logGet(43)) - raft.server.snapshot.auto.trigger.threshold = 10000 (custom)
2019-11-05 11:28:18,922 [pool-117-thread-1] INFO  server.RaftServerConfigKeys (ConfUtils.java:logGet(43)) - raft.server.snapshot.retention.file.num = 5 (custom)
2019-11-05 11:28:18,923 [pool-117-thread-1] INFO  server.RaftServerConfigKeys (ConfUtils.java:logGet(43)) - raft.server.retrycache.expirytime = 600000ms (custom)
2019-11-05 11:28:18,929 [pool-117-thread-1] INFO  impl.RaftServerImpl (RaftServerImpl.java:start(195)) - 4a9a93c6-1a9a-4546-aacb-e3e0a6fb1ade@group-ECC7C49FC473: start as a follower, conf=-1: [4a9a93c6-1a9a-4546-aacb-e3e0a6fb1ade:192.168.157.252:35311], old=null
2019-11-05 11:28:18,929 [pool-117-thread-1] INFO  impl.RaftServerImpl (RaftServerImpl.java:setRole(184)) - 4a9a93c6-1a9a-4546-aacb-e3e0a6fb1ade@group-ECC7C49FC473: changes role from      null to FOLLOWER at term 0 for startAsFollower
2019-11-05 11:28:18,929 [pool-117-thread-1] INFO  impl.RoleInfo (RoleInfo.java:updateAndGet(143)) - 4a9a93c6-1a9a-4546-aacb-e3e0a6fb1ade: start FollowerState
2019-11-05 11:28:18,931 [pool-117-thread-1] INFO  util.JmxRegister (JmxRegister.java:tryRegister(44)) - Successfully registered JMX Bean with object name Ratis:service=RaftServer,group=group-ECC7C49FC473,id=4a9a93c6-1a9a-4546-aacb-e3e0a6fb1ade
2019-11-05 11:28:18,958 [RatisPipelineUtilsThread] INFO  pipeline.PipelineStateManager (PipelineStateManager.java:addPipeline(56)) - Created pipeline Pipeline[ Id: 7b173b3e-b114-4100-a4f7-ecc7c49fc473, Nodes: 4a9a93c6-1a9a-4546-aacb-e3e0a6fb1ade{ip: 192.168.157.252, host: pr-hdds-1643-qwrct-1900426900, networkLocation: /default-rack, certSerialId: null}, Type:RATIS, Factor:ONE, State:OPEN]
2019-11-05 11:28:18,983 [grpc-default-executor-1] INFO  impl.RaftServerProxy (RaftServerProxy.java:addNew(89)) - 687f579d-1680-4dd5-8b24-01f078298cef: addNew group-E95DC8E8582E:[90ecfa43-dab6-49d9-b30c-40ef62bfdf2a:192.168.157.252:34192, 687f579d-1680-4dd5-8b24-01f078298cef:192.168.157.252:37962, b8bf4e9b-064a-4520-981c-d6c40c833497:192.168.157.252:43407] returns group-E95DC8E8582E:java.util.concurrent.CompletableFuture@321d319f[Not completed]
2019-11-05 11:28:18,985 [pool-107-thread-1] INFO  impl.RaftServerImpl (RaftServerImpl.java:<init>(104)) - 687f579d-1680-4dd5-8b24-01f078298cef: new RaftServerImpl for group-E95DC8E8582E:[90ecfa43-dab6-49d9-b30c-40ef62bfdf2a:192.168.157.252:34192, 687f579d-1680-4dd5-8b24-01f078298cef:192.168.157.252:37962, b8bf4e9b-064a-4520-981c-d6c40c833497:192.168.157.252:43407] with ContainerStateMachine:uninitialized
2019-11-05 11:28:18,985 [pool-107-thread-1] INFO  server.RaftServerConfigKeys (ConfUtils.java:logGet(43)) - raft.server.rpc.timeout.min = 1s (custom)
2019-11-05 11:28:18,985 [pool-107-thread-1] INFO  server.RaftServerConfigKeys (ConfUtils.java:logGet(43)) - raft.server.rpc.timeout.max = 1200ms (custom)
2019-11-05 11:28:18,986 [pool-107-thread-1] INFO  server.RaftServerConfigKeys (ConfUtils.java:logGet(43)) - raft.server.rpcslowness.timeout = 120s (custom)
2019-11-05 11:28:18,986 [pool-107-thread-1] INFO  server.RaftServerConfigKeys (ConfUtils.java:logGet(43)) - raft.server.sleep.deviation.threshold = 300 (default)
2019-11-05 11:28:18,986 [pool-107-thread-1] INFO  server.RaftServerConfigKeys (ConfUtils.java:logGet(43)) - raft.server.log.appender.install.snapshot.enabled = false (custom)
2019-11-05 11:28:18,986 [pool-107-thread-1] INFO  impl.RaftServerImpl (ServerState.java:<init>(103)) - 687f579d-1680-4dd5-8b24-01f078298cef@group-E95DC8E8582E: ConfigurationManager, init=-1: [90ecfa43-dab6-49d9-b30c-40ef62bfdf2a:192.168.157.252:34192, 687f579d-1680-4dd5-8b24-01f078298cef:192.168.157.252:37962, b8bf4e9b-064a-4520-981c-d6c40c833497:192.168.157.252:43407], old=null, confs=<EMPTY_MAP>
2019-11-05 11:28:18,986 [pool-107-thread-1] INFO  server.RaftServerConfigKeys (ConfUtils.java:logGet(43)) - raft.server.storage.dir = [/workdir/hadoop-ozone/integration-test/target/test-dir/MiniOzoneClusterImpl-6b0fc4fe-9997-4a80-bab7-b3d82b6e3879/datanode-8/data/ratis] (custom)
2019-11-05 11:28:18,986 [pool-107-thread-1] INFO  server.RaftServerConfigKeys (ConfUtils.java:logGet(43)) - raft.server.log.corruption.policy = EXCEPTION (default)
2019-11-05 11:28:18,987 [pool-107-thread-1] INFO  storage.RaftStorageDirectory (RaftStorageDirectory.java:analyzeStorage(246)) - The storage directory /workdir/hadoop-ozone/integration-test/target/test-dir/MiniOzoneClusterImpl-6b0fc4fe-9997-4a80-bab7-b3d82b6e3879/datanode-8/data/ratis/39b8c3ef-63ee-4bf5-b68f-e95dc8e8582e does not exist. Creating ...
2019-11-05 11:28:18,994 [grpc-default-executor-2] INFO  impl.RaftServerProxy (RaftServerProxy.java:addNew(89)) - b8bf4e9b-064a-4520-981c-d6c40c833497: addNew group-E95DC8E8582E:[90ecfa43-dab6-49d9-b30c-40ef62bfdf2a:192.168.157.252:34192, 687f579d-1680-4dd5-8b24-01f078298cef:192.168.157.252:37962, b8bf4e9b-064a-4520-981c-d6c40c833497:192.168.157.252:43407] returns group-E95DC8E8582E:java.util.concurrent.CompletableFuture@2eddb53[Not completed]
2019-11-05 11:28:18,995 [grpc-default-executor-1] INFO  impl.RaftServerProxy (RaftServerProxy.java:addNew(89)) - 90ecfa43-dab6-49d9-b30c-40ef62bfdf2a: addNew group-E95DC8E8582E:[90ecfa43-dab6-49d9-b30c-40ef62bfdf2a:192.168.157.252:34192, 687f579d-1680-4dd5-8b24-01f078298cef:192.168.157.252:37962, b8bf4e9b-064a-4520-981c-d6c40c833497:192.168.157.252:43407] returns group-E95DC8E8582E:java.util.concurrent.CompletableFuture@4367a855[Not completed]
2019-11-05 11:28:18,996 [pool-37-thread-1] INFO  impl.RaftServerImpl (RaftServerImpl.java:<init>(104)) - b8bf4e9b-064a-4520-981c-d6c40c833497: new RaftServerImpl for group-E95DC8E8582E:[90ecfa43-dab6-49d9-b30c-40ef62bfdf2a:192.168.157.252:34192, 687f579d-1680-4dd5-8b24-01f078298cef:192.168.157.252:37962, b8bf4e9b-064a-4520-981c-d6c40c833497:192.168.157.252:43407] with ContainerStateMachine:uninitialized
2019-11-05 11:28:18,996 [pool-37-thread-1] INFO  server.RaftServerConfigKeys (ConfUtils.java:logGet(43)) - raft.server.rpc.timeout.min = 1s (custom)
2019-11-05 11:28:18,996 [pool-37-thread-1] INFO  server.RaftServerConfigKeys (ConfUtils.java:logGet(43)) - raft.server.rpc.timeout.max = 1200ms (custom)
2019-11-05 11:28:18,996 [pool-37-thread-1] INFO  server.RaftServerConfigKeys (ConfUtils.java:logGet(43)) - raft.server.rpcslowness.timeout = 120s (custom)
2019-11-05 11:28:18,996 [pool-37-thread-1] INFO  server.RaftServerConfigKeys (ConfUtils.java:logGet(43)) - raft.server.sleep.deviation.threshold = 300 (default)
2019-11-05 11:28:18,996 [pool-37-thread-1] INFO  server.RaftServerConfigKeys (ConfUtils.java:logGet(43)) - raft.server.log.appender.install.snapshot.enabled = false (custom)
2019-11-05 11:28:18,996 [pool-37-thread-1] INFO  impl.RaftServerImpl (ServerState.java:<init>(103)) - b8bf4e9b-064a-4520-981c-d6c40c833497@group-E95DC8E8582E: ConfigurationManager, init=-1: [90ecfa43-dab6-49d9-b30c-40ef62bfdf2a:192.168.157.252:34192, 687f579d-1680-4dd5-8b24-01f078298cef:192.168.157.252:37962, b8bf4e9b-064a-4520-981c-d6c40c833497:192.168.157.252:43407], old=null, confs=<EMPTY_MAP>
2019-11-05 11:28:18,996 [pool-97-thread-1] INFO  impl.RaftServerImpl (RaftServerImpl.java:<init>(104)) - 90ecfa43-dab6-49d9-b30c-40ef62bfdf2a: new RaftServerImpl for group-E95DC8E8582E:[90ecfa43-dab6-49d9-b30c-40ef62bfdf2a:192.168.157.252:34192, 687f579d-1680-4dd5-8b24-01f078298cef:192.168.157.252:37962, b8bf4e9b-064a-4520-981c-d6c40c833497:192.168.157.252:43407] with ContainerStateMachine:uninitialized
2019-11-05 11:28:18,996 [pool-37-thread-1] INFO  server.RaftServerConfigKeys (ConfUtils.java:logGet(43)) - raft.server.storage.dir = [/workdir/hadoop-ozone/integration-test/target/test-dir/MiniOzoneClusterImpl-6b0fc4fe-9997-4a80-bab7-b3d82b6e3879/datanode-1/data/ratis] (custom)
2019-11-05 11:28:18,997 [pool-97-thread-1] INFO  server.RaftServerConfigKeys (ConfUtils.java:logGet(43)) - raft.server.rpc.timeout.min = 1s (custom)
2019-11-05 11:28:18,997 [pool-97-thread-1] INFO  server.RaftServerConfigKeys (ConfUtils.java:logGet(43)) - raft.server.rpc.timeout.max = 1200ms (custom)
2019-11-05 11:28:18,997 [pool-37-thread-1] INFO  server.RaftServerConfigKeys (ConfUtils.java:logGet(43)) - raft.server.log.corruption.policy = EXCEPTION (default)
2019-11-05 11:28:19,004 [pool-37-thread-1] INFO  storage.RaftStorageDirectory (RaftStorageDirectory.java:analyzeStorage(246)) - The storage directory /workdir/hadoop-ozone/integration-test/target/test-dir/MiniOzoneClusterImpl-6b0fc4fe-9997-4a80-bab7-b3d82b6e3879/datanode-1/data/ratis/39b8c3ef-63ee-4bf5-b68f-e95dc8e8582e does not exist. Creating ...
2019-11-05 11:28:19,005 [pool-97-thread-1] INFO  server.RaftServerConfigKeys (ConfUtils.java:logGet(43)) - raft.server.rpcslowness.timeout = 120s (custom)
2019-11-05 11:28:19,005 [pool-97-thread-1] INFO  server.RaftServerConfigKeys (ConfUtils.java:logGet(43)) - raft.server.sleep.deviation.threshold = 300 (default)
2019-11-05 11:28:19,005 [pool-97-thread-1] INFO  server.RaftServerConfigKeys (ConfUtils.java:logGet(43)) - raft.server.log.appender.install.snapshot.enabled = false (custom)
2019-11-05 11:28:19,006 [pool-97-thread-1] INFO  impl.RaftServerImpl (ServerState.java:<init>(103)) - 90ecfa43-dab6-49d9-b30c-40ef62bfdf2a@group-E95DC8E8582E: ConfigurationManager, init=-1: [90ecfa43-dab6-49d9-b30c-40ef62bfdf2a:192.168.157.252:34192, 687f579d-1680-4dd5-8b24-01f078298cef:192.168.157.252:37962, b8bf4e9b-064a-4520-981c-d6c40c833497:192.168.157.252:43407], old=null, confs=<EMPTY_MAP>
2019-11-05 11:28:19,006 [pool-97-thread-1] INFO  server.RaftServerConfigKeys (ConfUtils.java:logGet(43)) - raft.server.storage.dir = [/workdir/hadoop-ozone/integration-test/target/test-dir/MiniOzoneClusterImpl-6b0fc4fe-9997-4a80-bab7-b3d82b6e3879/datanode-7/data/ratis] (custom)
2019-11-05 11:28:19,006 [pool-97-thread-1] INFO  server.RaftServerConfigKeys (ConfUtils.java:logGet(43)) - raft.server.log.corruption.policy = EXCEPTION (default)
2019-11-05 11:28:19,006 [pool-97-thread-1] INFO  storage.RaftStorageDirectory (RaftStorageDirectory.java:analyzeStorage(246)) - The storage directory /workdir/hadoop-ozone/integration-test/target/test-dir/MiniOzoneClusterImpl-6b0fc4fe-9997-4a80-bab7-b3d82b6e3879/datanode-7/data/ratis/39b8c3ef-63ee-4bf5-b68f-e95dc8e8582e does not exist. Creating ...
2019-11-05 11:28:19,009 [Thread-334] INFO  impl.FollowerState (FollowerState.java:run(108)) - 4a9a93c6-1a9a-4546-aacb-e3e0a6fb1ade@group-ECC7C49FC473-FollowerState: change to CANDIDATE, lastRpcTime:80ms, electionTimeout:76ms
2019-11-05 11:28:19,010 [Thread-334] INFO  impl.RoleInfo (RoleInfo.java:shutdownFollowerState(121)) - 4a9a93c6-1a9a-4546-aacb-e3e0a6fb1ade: shutdown FollowerState
2019-11-05 11:28:19,010 [Thread-334] INFO  impl.RaftServerImpl (RaftServerImpl.java:setRole(184)) - 4a9a93c6-1a9a-4546-aacb-e3e0a6fb1ade@group-ECC7C49FC473: changes role from  FOLLOWER to CANDIDATE at term 0 for changeToCandidate
2019-11-05 11:28:19,010 [Thread-334] INFO  impl.RoleInfo (RoleInfo.java:updateAndGet(143)) - 4a9a93c6-1a9a-4546-aacb-e3e0a6fb1ade: start LeaderElection
2019-11-05 11:28:19,023 [IPC Server handler 4 on 41310] INFO  volume.OMVolumeCreateRequest (OMVolumeCreateRequest.java:validateAndUpdateCache(193)) - created volume:datanodefailurehandlingtest for user:jenkins1000
2019-11-05 11:28:19,026 [pool-97-thread-1] INFO  storage.RaftStorageDirectory (RaftStorageDirectory.java:tryLock(328)) - Lock on /workdir/hadoop-ozone/integration-test/target/test-dir/MiniOzoneClusterImpl-6b0fc4fe-9997-4a80-bab7-b3d82b6e3879/datanode-7/data/ratis/39b8c3ef-63ee-4bf5-b68f-e95dc8e8582e/in_use.lock acquired by nodename 23040@pr-hdds-1643-qwrct-1900426900
2019-11-05 11:28:19,026 [pool-37-thread-1] INFO  storage.RaftStorageDirectory (RaftStorageDirectory.java:tryLock(328)) - Lock on /workdir/hadoop-ozone/integration-test/target/test-dir/MiniOzoneClusterImpl-6b0fc4fe-9997-4a80-bab7-b3d82b6e3879/datanode-1/data/ratis/39b8c3ef-63ee-4bf5-b68f-e95dc8e8582e/in_use.lock acquired by nodename 23040@pr-hdds-1643-qwrct-1900426900
2019-11-05 11:28:19,026 [pool-107-thread-1] INFO  storage.RaftStorageDirectory (RaftStorageDirectory.java:tryLock(328)) - Lock on /workdir/hadoop-ozone/integration-test/target/test-dir/MiniOzoneClusterImpl-6b0fc4fe-9997-4a80-bab7-b3d82b6e3879/datanode-8/data/ratis/39b8c3ef-63ee-4bf5-b68f-e95dc8e8582e/in_use.lock acquired by nodename 23040@pr-hdds-1643-qwrct-1900426900
2019-11-05 11:28:19,026 [4a9a93c6-1a9a-4546-aacb-e3e0a6fb1ade@group-ECC7C49FC473-LeaderElection10] INFO  impl.LeaderElection (LeaderElection.java:askForVotes(178)) - 4a9a93c6-1a9a-4546-aacb-e3e0a6fb1ade@group-ECC7C49FC473-LeaderElection10: begin an election at term 1 for -1: [4a9a93c6-1a9a-4546-aacb-e3e0a6fb1ade:192.168.157.252:35311], old=null
2019-11-05 11:28:19,027 [4a9a93c6-1a9a-4546-aacb-e3e0a6fb1ade@group-ECC7C49FC473-LeaderElection10] INFO  impl.RoleInfo (RoleInfo.java:shutdownLeaderElection(134)) - 4a9a93c6-1a9a-4546-aacb-e3e0a6fb1ade: shutdown LeaderElection
2019-11-05 11:28:19,027 [4a9a93c6-1a9a-4546-aacb-e3e0a6fb1ade@group-ECC7C49FC473-LeaderElection10] INFO  impl.RaftServerImpl (RaftServerImpl.java:setRole(184)) - 4a9a93c6-1a9a-4546-aacb-e3e0a6fb1ade@group-ECC7C49FC473: changes role from CANDIDATE to LEADER at term 1 for changeToLeader
2019-11-05 11:28:19,027 [4a9a93c6-1a9a-4546-aacb-e3e0a6fb1ade@group-ECC7C49FC473-LeaderElection10] INFO  impl.RaftServerImpl (ServerState.java:setLeader(256)) - 4a9a93c6-1a9a-4546-aacb-e3e0a6fb1ade@group-ECC7C49FC473: change Leader from null to 4a9a93c6-1a9a-4546-aacb-e3e0a6fb1ade at term 1 for becomeLeader, leader elected after 123ms
2019-11-05 11:28:19,027 [4a9a93c6-1a9a-4546-aacb-e3e0a6fb1ade@group-ECC7C49FC473-LeaderElection10] INFO  server.RaftServerConfigKeys (ConfUtils.java:logGet(43)) - raft.server.staging.catchup.gap = 1000 (default)
2019-11-05 11:28:19,027 [4a9a93c6-1a9a-4546-aacb-e3e0a6fb1ade@group-ECC7C49FC473-LeaderElection10] INFO  server.RaftServerConfigKeys (ConfUtils.java:logGet(43)) - raft.server.rpc.sleep.time = 25ms (default)
2019-11-05 11:28:19,027 [4a9a93c6-1a9a-4546-aacb-e3e0a6fb1ade@group-ECC7C49FC473-LeaderElection10] INFO  server.RaftServerConfigKeys (ConfUtils.java:logGet(43)) - raft.server.write.element-limit = 4096 (default)
2019-11-05 11:28:19,027 [4a9a93c6-1a9a-4546-aacb-e3e0a6fb1ade@group-ECC7C49FC473-LeaderElection10] INFO  server.RaftServerConfigKeys (ConfUtils.java:logGet(43)) - raft.server.watch.timeout = 10s (default)
2019-11-05 11:28:19,027 [4a9a93c6-1a9a-4546-aacb-e3e0a6fb1ade@group-ECC7C49FC473-LeaderElection10] INFO  server.RaftServerConfigKeys (ConfUtils.java:logGet(43)) - raft.server.watch.timeout.denomination = 1s (default)
2019-11-05 11:28:19,027 [4a9a93c6-1a9a-4546-aacb-e3e0a6fb1ade@group-ECC7C49FC473-LeaderElection10] INFO  server.RaftServerConfigKeys (ConfUtils.java:logGet(43)) - raft.server.watch.element-limit = 65536 (default)
2019-11-05 11:28:19,035 [4a9a93c6-1a9a-4546-aacb-e3e0a6fb1ade@group-ECC7C49FC473-LeaderElection10] INFO  impl.RoleInfo (RoleInfo.java:updateAndGet(143)) - 4a9a93c6-1a9a-4546-aacb-e3e0a6fb1ade: start LeaderState
2019-11-05 11:28:19,036 [4a9a93c6-1a9a-4546-aacb-e3e0a6fb1ade@group-ECC7C49FC473-LeaderElection10] INFO  segmented.SegmentedRaftLogWorker (SegmentedRaftLogWorker.java:startLogSegment(385)) - 4a9a93c6-1a9a-4546-aacb-e3e0a6fb1ade@group-ECC7C49FC473-SegmentedRaftLogWorker: Starting segment from index:0
2019-11-05 11:28:19,036 [4a9a93c6-1a9a-4546-aacb-e3e0a6fb1ade@group-ECC7C49FC473-LeaderElection10] INFO  impl.RaftServerImpl (ServerState.java:setRaftConf(357)) - 4a9a93c6-1a9a-4546-aacb-e3e0a6fb1ade@group-ECC7C49FC473: set configuration 0: [4a9a93c6-1a9a-4546-aacb-e3e0a6fb1ade:192.168.157.252:35311], old=null at 0
2019-11-05 11:28:19,060 [pool-107-thread-1] INFO  storage.RaftStorage (RaftStorage.java:format(84)) - Storage directory /workdir/hadoop-ozone/integration-test/target/test-dir/MiniOzoneClusterImpl-6b0fc4fe-9997-4a80-bab7-b3d82b6e3879/datanode-8/data/ratis/39b8c3ef-63ee-4bf5-b68f-e95dc8e8582e has been successfully formatted.
2019-11-05 11:28:19,060 [pool-37-thread-1] INFO  storage.RaftStorage (RaftStorage.java:format(84)) - Storage directory /workdir/hadoop-ozone/integration-test/target/test-dir/MiniOzoneClusterImpl-6b0fc4fe-9997-4a80-bab7-b3d82b6e3879/datanode-1/data/ratis/39b8c3ef-63ee-4bf5-b68f-e95dc8e8582e has been successfully formatted.
2019-11-05 11:28:19,060 [pool-97-thread-1] INFO  storage.RaftStorage (RaftStorage.java:format(84)) - Storage directory /workdir/hadoop-ozone/integration-test/target/test-dir/MiniOzoneClusterImpl-6b0fc4fe-9997-4a80-bab7-b3d82b6e3879/datanode-7/data/ratis/39b8c3ef-63ee-4bf5-b68f-e95dc8e8582e has been successfully formatted.
2019-11-05 11:28:19,061 [pool-107-thread-1] INFO  ratis.ContainerStateMachine (ContainerStateMachine.java:loadSnapshot(231)) - group-E95DC8E8582E: The snapshot info is null. Setting the last applied indexto:(t:0, i:~)
2019-11-05 11:28:19,061 [pool-97-thread-1] INFO  ratis.ContainerStateMachine (ContainerStateMachine.java:loadSnapshot(231)) - group-E95DC8E8582E: The snapshot info is null. Setting the last applied indexto:(t:0, i:~)
2019-11-05 11:28:19,061 [pool-107-thread-1] INFO  server.RaftServerConfigKeys (ConfUtils.java:logGet(43)) - raft.server.notification.no-leader.timeout = 120s (custom)
2019-11-05 11:28:19,061 [pool-37-thread-1] INFO  ratis.ContainerStateMachine (ContainerStateMachine.java:loadSnapshot(231)) - group-E95DC8E8582E: The snapshot info is null. Setting the last applied indexto:(t:0, i:~)
2019-11-05 11:28:19,061 [pool-37-thread-1] INFO  server.RaftServerConfigKeys (ConfUtils.java:logGet(43)) - raft.server.notification.no-leader.timeout = 120s (custom)
2019-11-05 11:28:19,061 [pool-37-thread-1] INFO  server.RaftServerConfigKeys (ConfUtils.java:logGet(43)) - raft.server.log.use.memory = false (default)
2019-11-05 11:28:19,061 [pool-37-thread-1] INFO  server.RaftServerConfigKeys (ConfUtils.java:logGet(43)) - raft.server.log.purge.gap = 1000000 (custom)
2019-11-05 11:28:19,061 [pool-37-thread-1] INFO  server.RaftServerConfigKeys (ConfUtils.java:logGet(43)) - raft.server.log.appender.buffer.byte-limit = 33554432 (custom)
2019-11-05 11:28:19,061 [pool-107-thread-1] INFO  server.RaftServerConfigKeys (ConfUtils.java:logGet(43)) - raft.server.log.use.memory = false (default)
2019-11-05 11:28:19,061 [pool-97-thread-1] INFO  server.RaftServerConfigKeys (ConfUtils.java:logGet(43)) - raft.server.notification.no-leader.timeout = 120s (custom)
2019-11-05 11:28:19,062 [pool-107-thread-1] INFO  server.RaftServerConfigKeys (ConfUtils.java:logGet(43)) - raft.server.log.purge.gap = 1000000 (custom)
2019-11-05 11:28:19,061 [pool-37-thread-1] INFO  server.RaftServerConfigKeys (ConfUtils.java:logGet(43)) - raft.server.log.segment.size.max = 1048576 (custom)
2019-11-05 11:28:19,062 [pool-107-thread-1] INFO  server.RaftServerConfigKeys (ConfUtils.java:logGet(43)) - raft.server.log.appender.buffer.byte-limit = 33554432 (custom)
2019-11-05 11:28:19,062 [pool-107-thread-1] INFO  server.RaftServerConfigKeys (ConfUtils.java:logGet(43)) - raft.server.log.segment.size.max = 1048576 (custom)
2019-11-05 11:28:19,062 [pool-107-thread-1] INFO  server.RaftServerConfigKeys (ConfUtils.java:logGet(43)) - raft.server.log.segment.cache.num.max = 2 (custom)
2019-11-05 11:28:19,062 [pool-107-thread-1] INFO  segmented.SegmentedRaftLogWorker (SegmentedRaftLogWorker.java:<init>(173)) - new 687f579d-1680-4dd5-8b24-01f078298cef@group-E95DC8E8582E-SegmentedRaftLogWorker for RaftStorage:Storage Directory /workdir/hadoop-ozone/integration-test/target/test-dir/MiniOzoneClusterImpl-6b0fc4fe-9997-4a80-bab7-b3d82b6e3879/datanode-8/data/ratis/39b8c3ef-63ee-4bf5-b68f-e95dc8e8582e
2019-11-05 11:28:19,062 [pool-107-thread-1] INFO  server.RaftServerConfigKeys (ConfUtils.java:logGet(43)) - raft.server.log.queue.byte-limit = 2147483647 (custom)
2019-11-05 11:28:19,062 [pool-107-thread-1] INFO  server.RaftServerConfigKeys (ConfUtils.java:logGet(43)) - raft.server.log.queue.element-limit = 1024 (custom)
2019-11-05 11:28:19,063 [pool-107-thread-1] INFO  server.RaftServerConfigKeys (ConfUtils.java:logGet(43)) - raft.server.log.segment.size.max = 1048576 (custom)
2019-11-05 11:28:19,063 [pool-107-thread-1] INFO  server.RaftServerConfigKeys (ConfUtils.java:logGet(43)) - raft.server.log.preallocated.size = 16384 (custom)
2019-11-05 11:28:19,063 [pool-107-thread-1] INFO  server.RaftServerConfigKeys (ConfUtils.java:logGet(43)) - raft.server.log.write.buffer.size = 33554432 (custom)
2019-11-05 11:28:19,063 [pool-107-thread-1] INFO  server.RaftServerConfigKeys (ConfUtils.java:logGet(43)) - raft.server.log.force.sync.num = 128 (default)
2019-11-05 11:28:19,063 [pool-107-thread-1] INFO  server.RaftServerConfigKeys (ConfUtils.java:logGet(43)) - raft.server.log.statemachine.data.sync = true (default)
2019-11-05 11:28:19,063 [pool-107-thread-1] INFO  server.RaftServerConfigKeys (ConfUtils.java:logGet(43)) - raft.server.log.statemachine.data.sync.timeout = 10s (default)
2019-11-05 11:28:19,063 [pool-107-thread-1] INFO  server.RaftServerConfigKeys (ConfUtils.java:logGet(43)) - raft.server.log.statemachine.data.sync.timeout.retry = -1 (default)
2019-11-05 11:28:19,064 [pool-107-thread-1] INFO  server.RaftServerConfigKeys (ConfUtils.java:logGet(43)) - raft.server.log.statemachine.data.caching.enabled = true (custom)
2019-11-05 11:28:19,064 [pool-107-thread-1] INFO  segmented.SegmentedRaftLogWorker (SegmentedRaftLogWorker.java:lambda$new$0(128)) - 687f579d-1680-4dd5-8b24-01f078298cef@group-E95DC8E8582E-SegmentedRaftLogWorker: flushIndex: setUnconditionally 0 -> -1
2019-11-05 11:28:19,062 [pool-97-thread-1] INFO  server.RaftServerConfigKeys (ConfUtils.java:logGet(43)) - raft.server.log.use.memory = false (default)
2019-11-05 11:28:19,064 [pool-107-thread-1] INFO  server.RaftServerConfigKeys (ConfUtils.java:logGet(43)) - raft.server.snapshot.auto.trigger.enabled = true (custom)
2019-11-05 11:28:19,064 [pool-97-thread-1] INFO  server.RaftServerConfigKeys (ConfUtils.java:logGet(43)) - raft.server.log.purge.gap = 1000000 (custom)
2019-11-05 11:28:19,062 [pool-37-thread-1] INFO  server.RaftServerConfigKeys (ConfUtils.java:logGet(43)) - raft.server.log.segment.cache.num.max = 2 (custom)
2019-11-05 11:28:19,064 [pool-97-thread-1] INFO  server.RaftServerConfigKeys (ConfUtils.java:logGet(43)) - raft.server.log.appender.buffer.byte-limit = 33554432 (custom)
2019-11-05 11:28:19,064 [pool-107-thread-1] INFO  server.RaftServerConfigKeys (ConfUtils.java:logGet(43)) - raft.server.snapshot.auto.trigger.threshold = 10000 (custom)
2019-11-05 11:28:19,072 [pool-97-thread-1] INFO  server.RaftServerConfigKeys (ConfUtils.java:logGet(43)) - raft.server.log.segment.size.max = 1048576 (custom)
2019-11-05 11:28:19,072 [pool-107-thread-1] INFO  server.RaftServerConfigKeys (ConfUtils.java:logGet(43)) - raft.server.snapshot.retention.file.num = 5 (custom)
2019-11-05 11:28:19,073 [pool-107-thread-1] INFO  server.RaftServerConfigKeys (ConfUtils.java:logGet(43)) - raft.server.retrycache.expirytime = 600000ms (custom)
2019-11-05 11:28:19,072 [pool-37-thread-1] INFO  segmented.SegmentedRaftLogWorker (SegmentedRaftLogWorker.java:<init>(173)) - new b8bf4e9b-064a-4520-981c-d6c40c833497@group-E95DC8E8582E-SegmentedRaftLogWorker for RaftStorage:Storage Directory /workdir/hadoop-ozone/integration-test/target/test-dir/MiniOzoneClusterImpl-6b0fc4fe-9997-4a80-bab7-b3d82b6e3879/datanode-1/data/ratis/39b8c3ef-63ee-4bf5-b68f-e95dc8e8582e
2019-11-05 11:28:19,075 [4a9a93c6-1a9a-4546-aacb-e3e0a6fb1ade@group-ECC7C49FC473-SegmentedRaftLogWorker] INFO  segmented.SegmentedRaftLogWorker (SegmentedRaftLogWorker.java:execute(576)) - 4a9a93c6-1a9a-4546-aacb-e3e0a6fb1ade@group-ECC7C49FC473-SegmentedRaftLogWorker: created new log segment /workdir/hadoop-ozone/integration-test/target/test-dir/MiniOzoneClusterImpl-6b0fc4fe-9997-4a80-bab7-b3d82b6e3879/datanode-9/data/ratis/7b173b3e-b114-4100-a4f7-ecc7c49fc473/current/log_inprogress_0
2019-11-05 11:28:19,072 [pool-97-thread-1] INFO  server.RaftServerConfigKeys (ConfUtils.java:logGet(43)) - raft.server.log.segment.cache.num.max = 2 (custom)
2019-11-05 11:28:19,075 [pool-37-thread-1] INFO  server.RaftServerConfigKeys (ConfUtils.java:logGet(43)) - raft.server.log.queue.byte-limit = 2147483647 (custom)
2019-11-05 11:28:19,075 [pool-97-thread-1] INFO  segmented.SegmentedRaftLogWorker (SegmentedRaftLogWorker.java:<init>(173)) - new 90ecfa43-dab6-49d9-b30c-40ef62bfdf2a@group-E95DC8E8582E-SegmentedRaftLogWorker for RaftStorage:Storage Directory /workdir/hadoop-ozone/integration-test/target/test-dir/MiniOzoneClusterImpl-6b0fc4fe-9997-4a80-bab7-b3d82b6e3879/datanode-7/data/ratis/39b8c3ef-63ee-4bf5-b68f-e95dc8e8582e
2019-11-05 11:28:19,076 [pool-37-thread-1] INFO  server.RaftServerConfigKeys (ConfUtils.java:logGet(43)) - raft.server.log.queue.element-limit = 1024 (custom)
2019-11-05 11:28:19,076 [pool-37-thread-1] INFO  server.RaftServerConfigKeys (ConfUtils.java:logGet(43)) - raft.server.log.segment.size.max = 1048576 (custom)
2019-11-05 11:28:19,076 [pool-37-thread-1] INFO  server.RaftServerConfigKeys (ConfUtils.java:logGet(43)) - raft.server.log.preallocated.size = 16384 (custom)
2019-11-05 11:28:19,076 [pool-37-thread-1] INFO  server.RaftServerConfigKeys (ConfUtils.java:logGet(43)) - raft.server.log.write.buffer.size = 33554432 (custom)
2019-11-05 11:28:19,076 [pool-37-thread-1] INFO  server.RaftServerConfigKeys (ConfUtils.java:logGet(43)) - raft.server.log.force.sync.num = 128 (default)
2019-11-05 11:28:19,076 [pool-37-thread-1] INFO  server.RaftServerConfigKeys (ConfUtils.java:logGet(43)) - raft.server.log.statemachine.data.sync = true (default)
2019-11-05 11:28:19,076 [pool-37-thread-1] INFO  server.RaftServerConfigKeys (ConfUtils.java:logGet(43)) - raft.server.log.statemachine.data.sync.timeout = 10s (default)
2019-11-05 11:28:19,076 [pool-37-thread-1] INFO  server.RaftServerConfigKeys (ConfUtils.java:logGet(43)) - raft.server.log.statemachine.data.sync.timeout.retry = -1 (default)
2019-11-05 11:28:19,077 [pool-37-thread-1] INFO  server.RaftServerConfigKeys (ConfUtils.java:logGet(43)) - raft.server.log.statemachine.data.caching.enabled = true (custom)
2019-11-05 11:28:19,077 [pool-107-thread-1] INFO  impl.RaftServerImpl (RaftServerImpl.java:start(195)) - 687f579d-1680-4dd5-8b24-01f078298cef@group-E95DC8E8582E: start as a follower, conf=-1: [90ecfa43-dab6-49d9-b30c-40ef62bfdf2a:192.168.157.252:34192, 687f579d-1680-4dd5-8b24-01f078298cef:192.168.157.252:37962, b8bf4e9b-064a-4520-981c-d6c40c833497:192.168.157.252:43407], old=null
2019-11-05 11:28:19,077 [pool-37-thread-1] INFO  segmented.SegmentedRaftLogWorker (SegmentedRaftLogWorker.java:lambda$new$0(128)) - b8bf4e9b-064a-4520-981c-d6c40c833497@group-E95DC8E8582E-SegmentedRaftLogWorker: flushIndex: setUnconditionally 0 -> -1
2019-11-05 11:28:19,076 [pool-97-thread-1] INFO  server.RaftServerConfigKeys (ConfUtils.java:logGet(43)) - raft.server.log.queue.byte-limit = 2147483647 (custom)
2019-11-05 11:28:19,077 [pool-37-thread-1] INFO  server.RaftServerConfigKeys (ConfUtils.java:logGet(43)) - raft.server.snapshot.auto.trigger.enabled = true (custom)
2019-11-05 11:28:19,077 [pool-97-thread-1] INFO  server.RaftServerConfigKeys (ConfUtils.java:logGet(43)) - raft.server.log.queue.element-limit = 1024 (custom)
2019-11-05 11:28:19,077 [pool-107-thread-1] INFO  impl.RaftServerImpl (RaftServerImpl.java:setRole(184)) - 687f579d-1680-4dd5-8b24-01f078298cef@group-E95DC8E8582E: changes role from      null to FOLLOWER at term 0 for startAsFollower
2019-11-05 11:28:19,077 [pool-97-thread-1] INFO  server.RaftServerConfigKeys (ConfUtils.java:logGet(43)) - raft.server.log.segment.size.max = 1048576 (custom)
2019-11-05 11:28:19,077 [pool-107-thread-1] INFO  impl.RoleInfo (RoleInfo.java:updateAndGet(143)) - 687f579d-1680-4dd5-8b24-01f078298cef: start FollowerState
2019-11-05 11:28:19,077 [pool-37-thread-1] INFO  server.RaftServerConfigKeys (ConfUtils.java:logGet(43)) - raft.server.snapshot.auto.trigger.threshold = 10000 (custom)
2019-11-05 11:28:19,077 [pool-97-thread-1] INFO  server.RaftServerConfigKeys (ConfUtils.java:logGet(43)) - raft.server.log.preallocated.size = 16384 (custom)
2019-11-05 11:28:19,078 [pool-37-thread-1] INFO  server.RaftServerConfigKeys (ConfUtils.java:logGet(43)) - raft.server.snapshot.retention.file.num = 5 (custom)
2019-11-05 11:28:19,078 [pool-97-thread-1] INFO  server.RaftServerConfigKeys (ConfUtils.java:logGet(43)) - raft.server.log.write.buffer.size = 33554432 (custom)
2019-11-05 11:28:19,078 [pool-107-thread-1] INFO  util.JmxRegister (JmxRegister.java:tryRegister(44)) - Successfully registered JMX Bean with object name Ratis:service=RaftServer,group=group-E95DC8E8582E,id=687f579d-1680-4dd5-8b24-01f078298cef
2019-11-05 11:28:19,078 [pool-97-thread-1] INFO  server.RaftServerConfigKeys (ConfUtils.java:logGet(43)) - raft.server.log.force.sync.num = 128 (default)
2019-11-05 11:28:19,078 [pool-37-thread-1] INFO  server.RaftServerConfigKeys (ConfUtils.java:logGet(43)) - raft.server.retrycache.expirytime = 600000ms (custom)
2019-11-05 11:28:19,078 [pool-97-thread-1] INFO  server.RaftServerConfigKeys (ConfUtils.java:logGet(43)) - raft.server.log.statemachine.data.sync = true (default)
2019-11-05 11:28:19,078 [pool-97-thread-1] INFO  server.RaftServerConfigKeys (ConfUtils.java:logGet(43)) - raft.server.log.statemachine.data.sync.timeout = 10s (default)
2019-11-05 11:28:19,078 [pool-97-thread-1] INFO  server.RaftServerConfigKeys (ConfUtils.java:logGet(43)) - raft.server.log.statemachine.data.sync.timeout.retry = -1 (default)
2019-11-05 11:28:19,078 [pool-97-thread-1] INFO  server.RaftServerConfigKeys (ConfUtils.java:logGet(43)) - raft.server.log.statemachine.data.caching.enabled = true (custom)
2019-11-05 11:28:19,079 [pool-97-thread-1] INFO  segmented.SegmentedRaftLogWorker (SegmentedRaftLogWorker.java:lambda$new$0(128)) - 90ecfa43-dab6-49d9-b30c-40ef62bfdf2a@group-E95DC8E8582E-SegmentedRaftLogWorker: flushIndex: setUnconditionally 0 -> -1
2019-11-05 11:28:19,079 [pool-97-thread-1] INFO  server.RaftServerConfigKeys (ConfUtils.java:logGet(43)) - raft.server.snapshot.auto.trigger.enabled = true (custom)
2019-11-05 11:28:19,079 [pool-97-thread-1] INFO  server.RaftServerConfigKeys (ConfUtils.java:logGet(43)) - raft.server.snapshot.auto.trigger.threshold = 10000 (custom)
2019-11-05 11:28:19,079 [pool-97-thread-1] INFO  server.RaftServerConfigKeys (ConfUtils.java:logGet(43)) - raft.server.snapshot.retention.file.num = 5 (custom)
2019-11-05 11:28:19,079 [pool-97-thread-1] INFO  server.RaftServerConfigKeys (ConfUtils.java:logGet(43)) - raft.server.retrycache.expirytime = 600000ms (custom)
2019-11-05 11:28:19,080 [pool-37-thread-1] INFO  impl.RaftServerImpl (RaftServerImpl.java:start(195)) - b8bf4e9b-064a-4520-981c-d6c40c833497@group-E95DC8E8582E: start as a follower, conf=-1: [90ecfa43-dab6-49d9-b30c-40ef62bfdf2a:192.168.157.252:34192, 687f579d-1680-4dd5-8b24-01f078298cef:192.168.157.252:37962, b8bf4e9b-064a-4520-981c-d6c40c833497:192.168.157.252:43407], old=null
2019-11-05 11:28:19,080 [pool-37-thread-1] INFO  impl.RaftServerImpl (RaftServerImpl.java:setRole(184)) - b8bf4e9b-064a-4520-981c-d6c40c833497@group-E95DC8E8582E: changes role from      null to FOLLOWER at term 0 for startAsFollower
2019-11-05 11:28:19,081 [pool-37-thread-1] INFO  impl.RoleInfo (RoleInfo.java:updateAndGet(143)) - b8bf4e9b-064a-4520-981c-d6c40c833497: start FollowerState
2019-11-05 11:28:19,081 [pool-37-thread-1] INFO  util.JmxRegister (JmxRegister.java:tryRegister(44)) - Successfully registered JMX Bean with object name Ratis:service=RaftServer,group=group-E95DC8E8582E,id=b8bf4e9b-064a-4520-981c-d6c40c833497
2019-11-05 11:28:19,081 [pool-97-thread-1] INFO  impl.RaftServerImpl (RaftServerImpl.java:start(195)) - 90ecfa43-dab6-49d9-b30c-40ef62bfdf2a@group-E95DC8E8582E: start as a follower, conf=-1: [90ecfa43-dab6-49d9-b30c-40ef62bfdf2a:192.168.157.252:34192, 687f579d-1680-4dd5-8b24-01f078298cef:192.168.157.252:37962, b8bf4e9b-064a-4520-981c-d6c40c833497:192.168.157.252:43407], old=null
2019-11-05 11:28:19,081 [pool-97-thread-1] INFO  impl.RaftServerImpl (RaftServerImpl.java:setRole(184)) - 90ecfa43-dab6-49d9-b30c-40ef62bfdf2a@group-E95DC8E8582E: changes role from      null to FOLLOWER at term 0 for startAsFollower
2019-11-05 11:28:19,081 [pool-97-thread-1] INFO  impl.RoleInfo (RoleInfo.java:updateAndGet(143)) - 90ecfa43-dab6-49d9-b30c-40ef62bfdf2a: start FollowerState
2019-11-05 11:28:19,081 [pool-97-thread-1] INFO  util.JmxRegister (JmxRegister.java:tryRegister(44)) - Successfully registered JMX Bean with object name Ratis:service=RaftServer,group=group-E95DC8E8582E,id=90ecfa43-dab6-49d9-b30c-40ef62bfdf2a
2019-11-05 11:28:19,082 [main] INFO  rpc.RpcClient (RpcClient.java:createBucket(411)) - Creating Bucket: datanodefailurehandlingtest/datanodefailurehandlingtest, with Versioning false and Storage Type set to DISK and Encryption set to false 
2019-11-05 11:28:19,085 [Thread-339] INFO  impl.FollowerState (FollowerState.java:run(108)) - 687f579d-1680-4dd5-8b24-01f078298cef@group-E95DC8E8582E-FollowerState: change to CANDIDATE, lastRpcTime:7ms, electionTimeout:6ms
2019-11-05 11:28:19,089 [Thread-339] INFO  impl.RoleInfo (RoleInfo.java:shutdownFollowerState(121)) - 687f579d-1680-4dd5-8b24-01f078298cef: shutdown FollowerState
2019-11-05 11:28:19,089 [Thread-339] INFO  impl.RaftServerImpl (RaftServerImpl.java:setRole(184)) - 687f579d-1680-4dd5-8b24-01f078298cef@group-E95DC8E8582E: changes role from  FOLLOWER to CANDIDATE at term 0 for changeToCandidate
2019-11-05 11:28:19,092 [Thread-339] INFO  impl.RoleInfo (RoleInfo.java:updateAndGet(143)) - 687f579d-1680-4dd5-8b24-01f078298cef: start LeaderElection
2019-11-05 11:28:19,115 [687f579d-1680-4dd5-8b24-01f078298cef@group-E95DC8E8582E-LeaderElection11] INFO  impl.LeaderElection (LeaderElection.java:askForVotes(178)) - 687f579d-1680-4dd5-8b24-01f078298cef@group-E95DC8E8582E-LeaderElection11: begin an election at term 1 for -1: [90ecfa43-dab6-49d9-b30c-40ef62bfdf2a:192.168.157.252:34192, 687f579d-1680-4dd5-8b24-01f078298cef:192.168.157.252:37962, b8bf4e9b-064a-4520-981c-d6c40c833497:192.168.157.252:43407], old=null
2019-11-05 11:28:19,145 [RatisPipelineUtilsThread] INFO  pipeline.PipelineStateManager (PipelineStateManager.java:addPipeline(56)) - Created pipeline Pipeline[ Id: 39b8c3ef-63ee-4bf5-b68f-e95dc8e8582e, Nodes: b8bf4e9b-064a-4520-981c-d6c40c833497{ip: 192.168.157.252, host: pr-hdds-1643-qwrct-1900426900, networkLocation: /default-rack, certSerialId: null}687f579d-1680-4dd5-8b24-01f078298cef{ip: 192.168.157.252, host: pr-hdds-1643-qwrct-1900426900, networkLocation: /default-rack, certSerialId: null}90ecfa43-dab6-49d9-b30c-40ef62bfdf2a{ip: 192.168.157.252, host: pr-hdds-1643-qwrct-1900426900, networkLocation: /default-rack, certSerialId: null}, Type:RATIS, Factor:THREE, State:OPEN]
2019-11-05 11:28:19,181 [Thread-344] INFO  impl.FollowerState (FollowerState.java:run(108)) - 90ecfa43-dab6-49d9-b30c-40ef62bfdf2a@group-E95DC8E8582E-FollowerState: change to CANDIDATE, lastRpcTime:99ms, electionTimeout:91ms
2019-11-05 11:28:19,181 [Thread-344] INFO  impl.RoleInfo (RoleInfo.java:shutdownFollowerState(121)) - 90ecfa43-dab6-49d9-b30c-40ef62bfdf2a: shutdown FollowerState
2019-11-05 11:28:19,182 [Thread-344] INFO  impl.RaftServerImpl (RaftServerImpl.java:setRole(184)) - 90ecfa43-dab6-49d9-b30c-40ef62bfdf2a@group-E95DC8E8582E: changes role from  FOLLOWER to CANDIDATE at term 0 for changeToCandidate
2019-11-05 11:28:19,182 [Thread-344] INFO  impl.RoleInfo (RoleInfo.java:updateAndGet(143)) - 90ecfa43-dab6-49d9-b30c-40ef62bfdf2a: start LeaderElection
2019-11-05 11:28:19,186 [grpc-default-executor-0] INFO  impl.RaftServerProxy (RaftServerProxy.java:addNew(89)) - 74a8fb36-eab9-4c53-b7cf-c565055de05a: addNew group-21C72E9484D5:[f7e9932d-fd96-469a-9353-68e47138e5ff:192.168.157.252:45025, 1eca16cc-5184-4e43-8e55-175d1516eae4:192.168.157.252:41127, 74a8fb36-eab9-4c53-b7cf-c565055de05a:192.168.157.252:42370] returns group-21C72E9484D5:java.util.concurrent.CompletableFuture@498cdc8f[Not completed]
2019-11-05 11:28:19,188 [pool-57-thread-1] INFO  impl.RaftServerImpl (RaftServerImpl.java:<init>(104)) - 74a8fb36-eab9-4c53-b7cf-c565055de05a: new RaftServerImpl for group-21C72E9484D5:[f7e9932d-fd96-469a-9353-68e47138e5ff:192.168.157.252:45025, 1eca16cc-5184-4e43-8e55-175d1516eae4:192.168.157.252:41127, 74a8fb36-eab9-4c53-b7cf-c565055de05a:192.168.157.252:42370] with ContainerStateMachine:uninitialized
2019-11-05 11:28:19,211 [pool-57-thread-1] INFO  server.RaftServerConfigKeys (ConfUtils.java:logGet(43)) - raft.server.rpc.timeout.min = 1s (custom)
2019-11-05 11:28:19,211 [pool-57-thread-1] INFO  server.RaftServerConfigKeys (ConfUtils.java:logGet(43)) - raft.server.rpc.timeout.max = 1200ms (custom)
2019-11-05 11:28:19,211 [pool-57-thread-1] INFO  server.RaftServerConfigKeys (ConfUtils.java:logGet(43)) - raft.server.rpcslowness.timeout = 120s (custom)
2019-11-05 11:28:19,212 [pool-57-thread-1] INFO  server.RaftServerConfigKeys (ConfUtils.java:logGet(43)) - raft.server.sleep.deviation.threshold = 300 (default)
2019-11-05 11:28:19,212 [pool-57-thread-1] INFO  server.RaftServerConfigKeys (ConfUtils.java:logGet(43)) - raft.server.log.appender.install.snapshot.enabled = false (custom)
2019-11-05 11:28:19,212 [pool-57-thread-1] INFO  impl.RaftServerImpl (ServerState.java:<init>(103)) - 74a8fb36-eab9-4c53-b7cf-c565055de05a@group-21C72E9484D5: ConfigurationManager, init=-1: [f7e9932d-fd96-469a-9353-68e47138e5ff:192.168.157.252:45025, 1eca16cc-5184-4e43-8e55-175d1516eae4:192.168.157.252:41127, 74a8fb36-eab9-4c53-b7cf-c565055de05a:192.168.157.252:42370], old=null, confs=<EMPTY_MAP>
2019-11-05 11:28:19,212 [pool-57-thread-1] INFO  server.RaftServerConfigKeys (ConfUtils.java:logGet(43)) - raft.server.storage.dir = [/workdir/hadoop-ozone/integration-test/target/test-dir/MiniOzoneClusterImpl-6b0fc4fe-9997-4a80-bab7-b3d82b6e3879/datanode-3/data/ratis] (custom)
2019-11-05 11:28:19,213 [pool-57-thread-1] INFO  server.RaftServerConfigKeys (ConfUtils.java:logGet(43)) - raft.server.log.corruption.policy = EXCEPTION (default)
2019-11-05 11:28:19,213 [pool-57-thread-1] INFO  storage.RaftStorageDirectory (RaftStorageDirectory.java:analyzeStorage(246)) - The storage directory /workdir/hadoop-ozone/integration-test/target/test-dir/MiniOzoneClusterImpl-6b0fc4fe-9997-4a80-bab7-b3d82b6e3879/datanode-3/data/ratis/96ba2edb-8c68-46c8-ab0d-21c72e9484d5 does not exist. Creating ...
2019-11-05 11:28:19,252 [Thread-343] INFO  impl.FollowerState (FollowerState.java:run(108)) - b8bf4e9b-064a-4520-981c-d6c40c833497@group-E95DC8E8582E-FollowerState: change to CANDIDATE, lastRpcTime:171ms, electionTimeout:170ms
2019-11-05 11:28:19,253 [Thread-343] INFO  impl.RoleInfo (RoleInfo.java:shutdownFollowerState(121)) - b8bf4e9b-064a-4520-981c-d6c40c833497: shutdown FollowerState
2019-11-05 11:28:19,253 [Thread-343] INFO  impl.RaftServerImpl (RaftServerImpl.java:setRole(184)) - b8bf4e9b-064a-4520-981c-d6c40c833497@group-E95DC8E8582E: changes role from  FOLLOWER to CANDIDATE at term 0 for changeToCandidate
2019-11-05 11:28:19,253 [Thread-343] INFO  impl.RoleInfo (RoleInfo.java:updateAndGet(143)) - b8bf4e9b-064a-4520-981c-d6c40c833497: start LeaderElection
2019-11-05 11:28:19,263 [90ecfa43-dab6-49d9-b30c-40ef62bfdf2a@group-E95DC8E8582E-LeaderElection12] INFO  impl.LeaderElection (LeaderElection.java:askForVotes(178)) - 90ecfa43-dab6-49d9-b30c-40ef62bfdf2a@group-E95DC8E8582E-LeaderElection12: begin an election at term 1 for -1: [90ecfa43-dab6-49d9-b30c-40ef62bfdf2a:192.168.157.252:34192, 687f579d-1680-4dd5-8b24-01f078298cef:192.168.157.252:37962, b8bf4e9b-064a-4520-981c-d6c40c833497:192.168.157.252:43407], old=null
2019-11-05 11:28:19,274 [pool-57-thread-1] INFO  storage.RaftStorageDirectory (RaftStorageDirectory.java:tryLock(328)) - Lock on /workdir/hadoop-ozone/integration-test/target/test-dir/MiniOzoneClusterImpl-6b0fc4fe-9997-4a80-bab7-b3d82b6e3879/datanode-3/data/ratis/96ba2edb-8c68-46c8-ab0d-21c72e9484d5/in_use.lock acquired by nodename 23040@pr-hdds-1643-qwrct-1900426900
2019-11-05 11:28:19,283 [grpc-default-executor-2] INFO  impl.RaftServerProxy (RaftServerProxy.java:addNew(89)) - f7e9932d-fd96-469a-9353-68e47138e5ff: addNew group-21C72E9484D5:[f7e9932d-fd96-469a-9353-68e47138e5ff:192.168.157.252:45025, 1eca16cc-5184-4e43-8e55-175d1516eae4:192.168.157.252:41127, 74a8fb36-eab9-4c53-b7cf-c565055de05a:192.168.157.252:42370] returns group-21C72E9484D5:java.util.concurrent.CompletableFuture@62de611c[Not completed]
2019-11-05 11:28:19,285 [pool-87-thread-1] INFO  impl.RaftServerImpl (RaftServerImpl.java:<init>(104)) - f7e9932d-fd96-469a-9353-68e47138e5ff: new RaftServerImpl for group-21C72E9484D5:[f7e9932d-fd96-469a-9353-68e47138e5ff:192.168.157.252:45025, 1eca16cc-5184-4e43-8e55-175d1516eae4:192.168.157.252:41127, 74a8fb36-eab9-4c53-b7cf-c565055de05a:192.168.157.252:42370] with ContainerStateMachine:uninitialized
2019-11-05 11:28:19,285 [pool-87-thread-1] INFO  server.RaftServerConfigKeys (ConfUtils.java:logGet(43)) - raft.server.rpc.timeout.min = 1s (custom)
2019-11-05 11:28:19,285 [pool-87-thread-1] INFO  server.RaftServerConfigKeys (ConfUtils.java:logGet(43)) - raft.server.rpc.timeout.max = 1200ms (custom)
2019-11-05 11:28:19,286 [pool-87-thread-1] INFO  server.RaftServerConfigKeys (ConfUtils.java:logGet(43)) - raft.server.rpcslowness.timeout = 120s (custom)
2019-11-05 11:28:19,286 [pool-87-thread-1] INFO  server.RaftServerConfigKeys (ConfUtils.java:logGet(43)) - raft.server.sleep.deviation.threshold = 300 (default)
2019-11-05 11:28:19,286 [pool-87-thread-1] INFO  server.RaftServerConfigKeys (ConfUtils.java:logGet(43)) - raft.server.log.appender.install.snapshot.enabled = false (custom)
2019-11-05 11:28:19,286 [pool-87-thread-1] INFO  impl.RaftServerImpl (ServerState.java:<init>(103)) - f7e9932d-fd96-469a-9353-68e47138e5ff@group-21C72E9484D5: ConfigurationManager, init=-1: [f7e9932d-fd96-469a-9353-68e47138e5ff:192.168.157.252:45025, 1eca16cc-5184-4e43-8e55-175d1516eae4:192.168.157.252:41127, 74a8fb36-eab9-4c53-b7cf-c565055de05a:192.168.157.252:42370], old=null, confs=<EMPTY_MAP>
2019-11-05 11:28:19,286 [pool-87-thread-1] INFO  server.RaftServerConfigKeys (ConfUtils.java:logGet(43)) - raft.server.storage.dir = [/workdir/hadoop-ozone/integration-test/target/test-dir/MiniOzoneClusterImpl-6b0fc4fe-9997-4a80-bab7-b3d82b6e3879/datanode-6/data/ratis] (custom)
2019-11-05 11:28:19,286 [pool-87-thread-1] INFO  server.RaftServerConfigKeys (ConfUtils.java:logGet(43)) - raft.server.log.corruption.policy = EXCEPTION (default)
2019-11-05 11:28:19,287 [pool-87-thread-1] INFO  storage.RaftStorageDirectory (RaftStorageDirectory.java:analyzeStorage(246)) - The storage directory /workdir/hadoop-ozone/integration-test/target/test-dir/MiniOzoneClusterImpl-6b0fc4fe-9997-4a80-bab7-b3d82b6e3879/datanode-6/data/ratis/96ba2edb-8c68-46c8-ab0d-21c72e9484d5 does not exist. Creating ...
2019-11-05 11:28:19,306 [pool-87-thread-1] INFO  storage.RaftStorageDirectory (RaftStorageDirectory.java:tryLock(328)) - Lock on /workdir/hadoop-ozone/integration-test/target/test-dir/MiniOzoneClusterImpl-6b0fc4fe-9997-4a80-bab7-b3d82b6e3879/datanode-6/data/ratis/96ba2edb-8c68-46c8-ab0d-21c72e9484d5/in_use.lock acquired by nodename 23040@pr-hdds-1643-qwrct-1900426900
2019-11-05 11:28:19,306 [pool-57-thread-1] INFO  storage.RaftStorage (RaftStorage.java:format(84)) - Storage directory /workdir/hadoop-ozone/integration-test/target/test-dir/MiniOzoneClusterImpl-6b0fc4fe-9997-4a80-bab7-b3d82b6e3879/datanode-3/data/ratis/96ba2edb-8c68-46c8-ab0d-21c72e9484d5 has been successfully formatted.
2019-11-05 11:28:19,307 [pool-57-thread-1] INFO  ratis.ContainerStateMachine (ContainerStateMachine.java:loadSnapshot(231)) - group-21C72E9484D5: The snapshot info is null. Setting the last applied indexto:(t:0, i:~)
2019-11-05 11:28:19,308 [pool-57-thread-1] INFO  server.RaftServerConfigKeys (ConfUtils.java:logGet(43)) - raft.server.notification.no-leader.timeout = 120s (custom)
2019-11-05 11:28:19,308 [pool-57-thread-1] INFO  server.RaftServerConfigKeys (ConfUtils.java:logGet(43)) - raft.server.log.use.memory = false (default)
2019-11-05 11:28:19,308 [pool-57-thread-1] INFO  server.RaftServerConfigKeys (ConfUtils.java:logGet(43)) - raft.server.log.purge.gap = 1000000 (custom)
2019-11-05 11:28:19,308 [pool-57-thread-1] INFO  server.RaftServerConfigKeys (ConfUtils.java:logGet(43)) - raft.server.log.appender.buffer.byte-limit = 33554432 (custom)
2019-11-05 11:28:19,308 [pool-57-thread-1] INFO  server.RaftServerConfigKeys (ConfUtils.java:logGet(43)) - raft.server.log.segment.size.max = 1048576 (custom)
2019-11-05 11:28:19,309 [grpc-default-executor-3] INFO  impl.RaftServerProxy (RaftServerProxy.java:addNew(89)) - 1eca16cc-5184-4e43-8e55-175d1516eae4: addNew group-21C72E9484D5:[f7e9932d-fd96-469a-9353-68e47138e5ff:192.168.157.252:45025, 1eca16cc-5184-4e43-8e55-175d1516eae4:192.168.157.252:41127, 74a8fb36-eab9-4c53-b7cf-c565055de05a:192.168.157.252:42370] returns group-21C72E9484D5:java.util.concurrent.CompletableFuture@15ba33f8[Not completed]
2019-11-05 11:28:19,310 [pool-67-thread-1] INFO  impl.RaftServerImpl (RaftServerImpl.java:<init>(104)) - 1eca16cc-5184-4e43-8e55-175d1516eae4: new RaftServerImpl for group-21C72E9484D5:[f7e9932d-fd96-469a-9353-68e47138e5ff:192.168.157.252:45025, 1eca16cc-5184-4e43-8e55-175d1516eae4:192.168.157.252:41127, 74a8fb36-eab9-4c53-b7cf-c565055de05a:192.168.157.252:42370] with ContainerStateMachine:uninitialized
2019-11-05 11:28:19,310 [pool-67-thread-1] INFO  server.RaftServerConfigKeys (ConfUtils.java:logGet(43)) - raft.server.rpc.timeout.min = 1s (custom)
2019-11-05 11:28:19,311 [pool-67-thread-1] INFO  server.RaftServerConfigKeys (ConfUtils.java:logGet(43)) - raft.server.rpc.timeout.max = 1200ms (custom)
2019-11-05 11:28:19,311 [pool-67-thread-1] INFO  server.RaftServerConfigKeys (ConfUtils.java:logGet(43)) - raft.server.rpcslowness.timeout = 120s (custom)
2019-11-05 11:28:19,311 [pool-67-thread-1] INFO  server.RaftServerConfigKeys (ConfUtils.java:logGet(43)) - raft.server.sleep.deviation.threshold = 300 (default)
2019-11-05 11:28:19,311 [pool-67-thread-1] INFO  server.RaftServerConfigKeys (ConfUtils.java:logGet(43)) - raft.server.log.appender.install.snapshot.enabled = false (custom)
2019-11-05 11:28:19,311 [pool-67-thread-1] INFO  impl.RaftServerImpl (ServerState.java:<init>(103)) - 1eca16cc-5184-4e43-8e55-175d1516eae4@group-21C72E9484D5: ConfigurationManager, init=-1: [f7e9932d-fd96-469a-9353-68e47138e5ff:192.168.157.252:45025, 1eca16cc-5184-4e43-8e55-175d1516eae4:192.168.157.252:41127, 74a8fb36-eab9-4c53-b7cf-c565055de05a:192.168.157.252:42370], old=null, confs=<EMPTY_MAP>
2019-11-05 11:28:19,311 [pool-67-thread-1] INFO  server.RaftServerConfigKeys (ConfUtils.java:logGet(43)) - raft.server.storage.dir = [/workdir/hadoop-ozone/integration-test/target/test-dir/MiniOzoneClusterImpl-6b0fc4fe-9997-4a80-bab7-b3d82b6e3879/datanode-4/data/ratis] (custom)
2019-11-05 11:28:19,312 [pool-67-thread-1] INFO  server.RaftServerConfigKeys (ConfUtils.java:logGet(43)) - raft.server.log.corruption.policy = EXCEPTION (default)
2019-11-05 11:28:19,312 [pool-67-thread-1] INFO  storage.RaftStorageDirectory (RaftStorageDirectory.java:analyzeStorage(246)) - The storage directory /workdir/hadoop-ozone/integration-test/target/test-dir/MiniOzoneClusterImpl-6b0fc4fe-9997-4a80-bab7-b3d82b6e3879/datanode-4/data/ratis/96ba2edb-8c68-46c8-ab0d-21c72e9484d5 does not exist. Creating ...
2019-11-05 11:28:19,313 [pool-57-thread-1] INFO  server.RaftServerConfigKeys (ConfUtils.java:logGet(43)) - raft.server.log.segment.cache.num.max = 2 (custom)
2019-11-05 11:28:19,313 [pool-57-thread-1] INFO  segmented.SegmentedRaftLogWorker (SegmentedRaftLogWorker.java:<init>(173)) - new 74a8fb36-eab9-4c53-b7cf-c565055de05a@group-21C72E9484D5-SegmentedRaftLogWorker for RaftStorage:Storage Directory /workdir/hadoop-ozone/integration-test/target/test-dir/MiniOzoneClusterImpl-6b0fc4fe-9997-4a80-bab7-b3d82b6e3879/datanode-3/data/ratis/96ba2edb-8c68-46c8-ab0d-21c72e9484d5
2019-11-05 11:28:19,313 [pool-57-thread-1] INFO  server.RaftServerConfigKeys (ConfUtils.java:logGet(43)) - raft.server.log.queue.byte-limit = 2147483647 (custom)
2019-11-05 11:28:19,313 [pool-57-thread-1] INFO  server.RaftServerConfigKeys (ConfUtils.java:logGet(43)) - raft.server.log.queue.element-limit = 1024 (custom)
2019-11-05 11:28:19,314 [pool-57-thread-1] INFO  server.RaftServerConfigKeys (ConfUtils.java:logGet(43)) - raft.server.log.segment.size.max = 1048576 (custom)
2019-11-05 11:28:19,314 [pool-57-thread-1] INFO  server.RaftServerConfigKeys (ConfUtils.java:logGet(43)) - raft.server.log.preallocated.size = 16384 (custom)
2019-11-05 11:28:19,314 [pool-57-thread-1] INFO  server.RaftServerConfigKeys (ConfUtils.java:logGet(43)) - raft.server.log.write.buffer.size = 33554432 (custom)
2019-11-05 11:28:19,314 [pool-57-thread-1] INFO  server.RaftServerConfigKeys (ConfUtils.java:logGet(43)) - raft.server.log.force.sync.num = 128 (default)
2019-11-05 11:28:19,314 [pool-57-thread-1] INFO  server.RaftServerConfigKeys (ConfUtils.java:logGet(43)) - raft.server.log.statemachine.data.sync = true (default)
2019-11-05 11:28:19,314 [pool-57-thread-1] INFO  server.RaftServerConfigKeys (ConfUtils.java:logGet(43)) - raft.server.log.statemachine.data.sync.timeout = 10s (default)
2019-11-05 11:28:19,315 [pool-57-thread-1] INFO  server.RaftServerConfigKeys (ConfUtils.java:logGet(43)) - raft.server.log.statemachine.data.sync.timeout.retry = -1 (default)
2019-11-05 11:28:19,315 [pool-57-thread-1] INFO  server.RaftServerConfigKeys (ConfUtils.java:logGet(43)) - raft.server.log.statemachine.data.caching.enabled = true (custom)
2019-11-05 11:28:19,315 [pool-57-thread-1] INFO  segmented.SegmentedRaftLogWorker (SegmentedRaftLogWorker.java:lambda$new$0(128)) - 74a8fb36-eab9-4c53-b7cf-c565055de05a@group-21C72E9484D5-SegmentedRaftLogWorker: flushIndex: setUnconditionally 0 -> -1
2019-11-05 11:28:19,316 [pool-57-thread-1] INFO  server.RaftServerConfigKeys (ConfUtils.java:logGet(43)) - raft.server.snapshot.auto.trigger.enabled = true (custom)
2019-11-05 11:28:19,316 [pool-57-thread-1] INFO  server.RaftServerConfigKeys (ConfUtils.java:logGet(43)) - raft.server.snapshot.auto.trigger.threshold = 10000 (custom)
2019-11-05 11:28:19,316 [pool-57-thread-1] INFO  server.RaftServerConfigKeys (ConfUtils.java:logGet(43)) - raft.server.snapshot.retention.file.num = 5 (custom)
2019-11-05 11:28:19,316 [pool-57-thread-1] INFO  server.RaftServerConfigKeys (ConfUtils.java:logGet(43)) - raft.server.retrycache.expirytime = 600000ms (custom)
2019-11-05 11:28:19,318 [IPC Server handler 0 on 45746] INFO  server.SCMBlockProtocolServer (SCMBlockProtocolServer.java:allocateBlock(179)) - Allocating 6 blocks of size 4194304, with ExcludeList {datanodes = [], containerIds = [], pipelineIds = []}
2019-11-05 11:28:19,335 [pool-57-thread-1] INFO  impl.RaftServerImpl (RaftServerImpl.java:start(195)) - 74a8fb36-eab9-4c53-b7cf-c565055de05a@group-21C72E9484D5: start as a follower, conf=-1: [f7e9932d-fd96-469a-9353-68e47138e5ff:192.168.157.252:45025, 1eca16cc-5184-4e43-8e55-175d1516eae4:192.168.157.252:41127, 74a8fb36-eab9-4c53-b7cf-c565055de05a:192.168.157.252:42370], old=null
2019-11-05 11:28:19,335 [pool-57-thread-1] INFO  impl.RaftServerImpl (RaftServerImpl.java:setRole(184)) - 74a8fb36-eab9-4c53-b7cf-c565055de05a@group-21C72E9484D5: changes role from      null to FOLLOWER at term 0 for startAsFollower
2019-11-05 11:28:19,335 [pool-57-thread-1] INFO  impl.RoleInfo (RoleInfo.java:updateAndGet(143)) - 74a8fb36-eab9-4c53-b7cf-c565055de05a: start FollowerState
2019-11-05 11:28:19,336 [pool-57-thread-1] INFO  util.JmxRegister (JmxRegister.java:tryRegister(44)) - Successfully registered JMX Bean with object name Ratis:service=RaftServer,group=group-21C72E9484D5,id=74a8fb36-eab9-4c53-b7cf-c565055de05a
2019-11-05 11:28:19,359 [pool-67-thread-1] INFO  storage.RaftStorageDirectory (RaftStorageDirectory.java:tryLock(328)) - Lock on /workdir/hadoop-ozone/integration-test/target/test-dir/MiniOzoneClusterImpl-6b0fc4fe-9997-4a80-bab7-b3d82b6e3879/datanode-4/data/ratis/96ba2edb-8c68-46c8-ab0d-21c72e9484d5/in_use.lock acquired by nodename 23040@pr-hdds-1643-qwrct-1900426900
2019-11-05 11:28:19,359 [b8bf4e9b-064a-4520-981c-d6c40c833497@group-E95DC8E8582E-LeaderElection13] INFO  impl.LeaderElection (LeaderElection.java:askForVotes(178)) - b8bf4e9b-064a-4520-981c-d6c40c833497@group-E95DC8E8582E-LeaderElection13: begin an election at term 1 for -1: [90ecfa43-dab6-49d9-b30c-40ef62bfdf2a:192.168.157.252:34192, 687f579d-1680-4dd5-8b24-01f078298cef:192.168.157.252:37962, b8bf4e9b-064a-4520-981c-d6c40c833497:192.168.157.252:43407], old=null
2019-11-05 11:28:19,360 [pool-87-thread-1] INFO  storage.RaftStorage (RaftStorage.java:format(84)) - Storage directory /workdir/hadoop-ozone/integration-test/target/test-dir/MiniOzoneClusterImpl-6b0fc4fe-9997-4a80-bab7-b3d82b6e3879/datanode-6/data/ratis/96ba2edb-8c68-46c8-ab0d-21c72e9484d5 has been successfully formatted.
2019-11-05 11:28:19,360 [pool-87-thread-1] INFO  ratis.ContainerStateMachine (ContainerStateMachine.java:loadSnapshot(231)) - group-21C72E9484D5: The snapshot info is null. Setting the last applied indexto:(t:0, i:~)
2019-11-05 11:28:19,360 [pool-87-thread-1] INFO  server.RaftServerConfigKeys (ConfUtils.java:logGet(43)) - raft.server.notification.no-leader.timeout = 120s (custom)
2019-11-05 11:28:19,361 [pool-87-thread-1] INFO  server.RaftServerConfigKeys (ConfUtils.java:logGet(43)) - raft.server.log.use.memory = false (default)
2019-11-05 11:28:19,361 [pool-87-thread-1] INFO  server.RaftServerConfigKeys (ConfUtils.java:logGet(43)) - raft.server.log.purge.gap = 1000000 (custom)
2019-11-05 11:28:19,361 [pool-87-thread-1] INFO  server.RaftServerConfigKeys (ConfUtils.java:logGet(43)) - raft.server.log.appender.buffer.byte-limit = 33554432 (custom)
2019-11-05 11:28:19,362 [pool-87-thread-1] INFO  server.RaftServerConfigKeys (ConfUtils.java:logGet(43)) - raft.server.log.segment.size.max = 1048576 (custom)
2019-11-05 11:28:19,362 [pool-87-thread-1] INFO  server.RaftServerConfigKeys (ConfUtils.java:logGet(43)) - raft.server.log.segment.cache.num.max = 2 (custom)
2019-11-05 11:28:19,362 [pool-87-thread-1] INFO  segmented.SegmentedRaftLogWorker (SegmentedRaftLogWorker.java:<init>(173)) - new f7e9932d-fd96-469a-9353-68e47138e5ff@group-21C72E9484D5-SegmentedRaftLogWorker for RaftStorage:Storage Directory /workdir/hadoop-ozone/integration-test/target/test-dir/MiniOzoneClusterImpl-6b0fc4fe-9997-4a80-bab7-b3d82b6e3879/datanode-6/data/ratis/96ba2edb-8c68-46c8-ab0d-21c72e9484d5
2019-11-05 11:28:19,362 [pool-87-thread-1] INFO  server.RaftServerConfigKeys (ConfUtils.java:logGet(43)) - raft.server.log.queue.byte-limit = 2147483647 (custom)
2019-11-05 11:28:19,362 [pool-87-thread-1] INFO  server.RaftServerConfigKeys (ConfUtils.java:logGet(43)) - raft.server.log.queue.element-limit = 1024 (custom)
2019-11-05 11:28:19,362 [pool-87-thread-1] INFO  server.RaftServerConfigKeys (ConfUtils.java:logGet(43)) - raft.server.log.segment.size.max = 1048576 (custom)
2019-11-05 11:28:19,362 [pool-87-thread-1] INFO  server.RaftServerConfigKeys (ConfUtils.java:logGet(43)) - raft.server.log.preallocated.size = 16384 (custom)
2019-11-05 11:28:19,363 [pool-87-thread-1] INFO  server.RaftServerConfigKeys (ConfUtils.java:logGet(43)) - raft.server.log.write.buffer.size = 33554432 (custom)
2019-11-05 11:28:19,363 [pool-87-thread-1] INFO  server.RaftServerConfigKeys (ConfUtils.java:logGet(43)) - raft.server.log.force.sync.num = 128 (default)
2019-11-05 11:28:19,363 [pool-87-thread-1] INFO  server.RaftServerConfigKeys (ConfUtils.java:logGet(43)) - raft.server.log.statemachine.data.sync = true (default)
2019-11-05 11:28:19,363 [pool-87-thread-1] INFO  server.RaftServerConfigKeys (ConfUtils.java:logGet(43)) - raft.server.log.statemachine.data.sync.timeout = 10s (default)
2019-11-05 11:28:19,363 [pool-87-thread-1] INFO  server.RaftServerConfigKeys (ConfUtils.java:logGet(43)) - raft.server.log.statemachine.data.sync.timeout.retry = -1 (default)
2019-11-05 11:28:19,364 [pool-87-thread-1] INFO  server.RaftServerConfigKeys (ConfUtils.java:logGet(43)) - raft.server.log.statemachine.data.caching.enabled = true (custom)
2019-11-05 11:28:19,364 [pool-87-thread-1] INFO  segmented.SegmentedRaftLogWorker (SegmentedRaftLogWorker.java:lambda$new$0(128)) - f7e9932d-fd96-469a-9353-68e47138e5ff@group-21C72E9484D5-SegmentedRaftLogWorker: flushIndex: setUnconditionally 0 -> -1
2019-11-05 11:28:19,365 [pool-87-thread-1] INFO  server.RaftServerConfigKeys (ConfUtils.java:logGet(43)) - raft.server.snapshot.auto.trigger.enabled = true (custom)
2019-11-05 11:28:19,365 [pool-87-thread-1] INFO  server.RaftServerConfigKeys (ConfUtils.java:logGet(43)) - raft.server.snapshot.auto.trigger.threshold = 10000 (custom)
2019-11-05 11:28:19,365 [pool-87-thread-1] INFO  server.RaftServerConfigKeys (ConfUtils.java:logGet(43)) - raft.server.snapshot.retention.file.num = 5 (custom)
2019-11-05 11:28:19,365 [pool-87-thread-1] INFO  server.RaftServerConfigKeys (ConfUtils.java:logGet(43)) - raft.server.retrycache.expirytime = 600000ms (custom)
2019-11-05 11:28:19,368 [pool-87-thread-1] INFO  impl.RaftServerImpl (RaftServerImpl.java:start(195)) - f7e9932d-fd96-469a-9353-68e47138e5ff@group-21C72E9484D5: start as a follower, conf=-1: [f7e9932d-fd96-469a-9353-68e47138e5ff:192.168.157.252:45025, 1eca16cc-5184-4e43-8e55-175d1516eae4:192.168.157.252:41127, 74a8fb36-eab9-4c53-b7cf-c565055de05a:192.168.157.252:42370], old=null
2019-11-05 11:28:19,368 [pool-87-thread-1] INFO  impl.RaftServerImpl (RaftServerImpl.java:setRole(184)) - f7e9932d-fd96-469a-9353-68e47138e5ff@group-21C72E9484D5: changes role from      null to FOLLOWER at term 0 for startAsFollower
2019-11-05 11:28:19,369 [pool-87-thread-1] INFO  impl.RoleInfo (RoleInfo.java:updateAndGet(143)) - f7e9932d-fd96-469a-9353-68e47138e5ff: start FollowerState
2019-11-05 11:28:19,369 [pool-87-thread-1] INFO  util.JmxRegister (JmxRegister.java:tryRegister(44)) - Successfully registered JMX Bean with object name Ratis:service=RaftServer,group=group-21C72E9484D5,id=f7e9932d-fd96-469a-9353-68e47138e5ff
2019-11-05 11:28:19,370 [687f579d-1680-4dd5-8b24-01f078298cef@group-E95DC8E8582E-LeaderElection11] INFO  impl.LeaderElection (LeaderElection.java:logAndReturn(56)) - 687f579d-1680-4dd5-8b24-01f078298cef@group-E95DC8E8582E-LeaderElection11: Election TIMEOUT; received 0 response(s) [] and 0 exception(s); 687f579d-1680-4dd5-8b24-01f078298cef@group-E95DC8E8582E:t1, leader=null, voted=687f579d-1680-4dd5-8b24-01f078298cef, raftlog=687f579d-1680-4dd5-8b24-01f078298cef@group-E95DC8E8582E-SegmentedRaftLog:OPENED:c-1,f-1,i0, conf=-1: [90ecfa43-dab6-49d9-b30c-40ef62bfdf2a:192.168.157.252:34192, 687f579d-1680-4dd5-8b24-01f078298cef:192.168.157.252:37962, b8bf4e9b-064a-4520-981c-d6c40c833497:192.168.157.252:43407], old=null
2019-11-05 11:28:19,371 [pool-67-thread-1] INFO  storage.RaftStorage (RaftStorage.java:format(84)) - Storage directory /workdir/hadoop-ozone/integration-test/target/test-dir/MiniOzoneClusterImpl-6b0fc4fe-9997-4a80-bab7-b3d82b6e3879/datanode-4/data/ratis/96ba2edb-8c68-46c8-ab0d-21c72e9484d5 has been successfully formatted.
2019-11-05 11:28:19,372 [pool-67-thread-1] INFO  ratis.ContainerStateMachine (ContainerStateMachine.java:loadSnapshot(231)) - group-21C72E9484D5: The snapshot info is null. Setting the last applied indexto:(t:0, i:~)
2019-11-05 11:28:19,372 [pool-67-thread-1] INFO  server.RaftServerConfigKeys (ConfUtils.java:logGet(43)) - raft.server.notification.no-leader.timeout = 120s (custom)
2019-11-05 11:28:19,372 [pool-67-thread-1] INFO  server.RaftServerConfigKeys (ConfUtils.java:logGet(43)) - raft.server.log.use.memory = false (default)
2019-11-05 11:28:19,372 [pool-67-thread-1] INFO  server.RaftServerConfigKeys (ConfUtils.java:logGet(43)) - raft.server.log.purge.gap = 1000000 (custom)
2019-11-05 11:28:19,372 [pool-67-thread-1] INFO  server.RaftServerConfigKeys (ConfUtils.java:logGet(43)) - raft.server.log.appender.buffer.byte-limit = 33554432 (custom)
2019-11-05 11:28:19,372 [pool-67-thread-1] INFO  server.RaftServerConfigKeys (ConfUtils.java:logGet(43)) - raft.server.log.segment.size.max = 1048576 (custom)
2019-11-05 11:28:19,373 [pool-67-thread-1] INFO  server.RaftServerConfigKeys (ConfUtils.java:logGet(43)) - raft.server.log.segment.cache.num.max = 2 (custom)
2019-11-05 11:28:19,373 [pool-67-thread-1] INFO  segmented.SegmentedRaftLogWorker (SegmentedRaftLogWorker.java:<init>(173)) - new 1eca16cc-5184-4e43-8e55-175d1516eae4@group-21C72E9484D5-SegmentedRaftLogWorker for RaftStorage:Storage Directory /workdir/hadoop-ozone/integration-test/target/test-dir/MiniOzoneClusterImpl-6b0fc4fe-9997-4a80-bab7-b3d82b6e3879/datanode-4/data/ratis/96ba2edb-8c68-46c8-ab0d-21c72e9484d5
2019-11-05 11:28:19,373 [pool-67-thread-1] INFO  server.RaftServerConfigKeys (ConfUtils.java:logGet(43)) - raft.server.log.queue.byte-limit = 2147483647 (custom)
2019-11-05 11:28:19,373 [pool-67-thread-1] INFO  server.RaftServerConfigKeys (ConfUtils.java:logGet(43)) - raft.server.log.queue.element-limit = 1024 (custom)
2019-11-05 11:28:19,373 [pool-67-thread-1] INFO  server.RaftServerConfigKeys (ConfUtils.java:logGet(43)) - raft.server.log.segment.size.max = 1048576 (custom)
2019-11-05 11:28:19,373 [pool-67-thread-1] INFO  server.RaftServerConfigKeys (ConfUtils.java:logGet(43)) - raft.server.log.preallocated.size = 16384 (custom)
2019-11-05 11:28:19,373 [pool-67-thread-1] INFO  server.RaftServerConfigKeys (ConfUtils.java:logGet(43)) - raft.server.log.write.buffer.size = 33554432 (custom)
2019-11-05 11:28:19,373 [pool-67-thread-1] INFO  server.RaftServerConfigKeys (ConfUtils.java:logGet(43)) - raft.server.log.force.sync.num = 128 (default)
2019-11-05 11:28:19,374 [pool-67-thread-1] INFO  server.RaftServerConfigKeys (ConfUtils.java:logGet(43)) - raft.server.log.statemachine.data.sync = true (default)
2019-11-05 11:28:19,374 [pool-67-thread-1] INFO  server.RaftServerConfigKeys (ConfUtils.java:logGet(43)) - raft.server.log.statemachine.data.sync.timeout = 10s (default)
2019-11-05 11:28:19,374 [pool-67-thread-1] INFO  server.RaftServerConfigKeys (ConfUtils.java:logGet(43)) - raft.server.log.statemachine.data.sync.timeout.retry = -1 (default)
2019-11-05 11:28:19,376 [pool-67-thread-1] INFO  server.RaftServerConfigKeys (ConfUtils.java:logGet(43)) - raft.server.log.statemachine.data.caching.enabled = true (custom)
2019-11-05 11:28:19,383 [pool-67-thread-1] INFO  segmented.SegmentedRaftLogWorker (SegmentedRaftLogWorker.java:lambda$new$0(128)) - 1eca16cc-5184-4e43-8e55-175d1516eae4@group-21C72E9484D5-SegmentedRaftLogWorker: flushIndex: setUnconditionally 0 -> -1
2019-11-05 11:28:19,383 [pool-67-thread-1] INFO  server.RaftServerConfigKeys (ConfUtils.java:logGet(43)) - raft.server.snapshot.auto.trigger.enabled = true (custom)
2019-11-05 11:28:19,384 [pool-67-thread-1] INFO  server.RaftServerConfigKeys (ConfUtils.java:logGet(43)) - raft.server.snapshot.auto.trigger.threshold = 10000 (custom)
2019-11-05 11:28:19,384 [pool-67-thread-1] INFO  server.RaftServerConfigKeys (ConfUtils.java:logGet(43)) - raft.server.snapshot.retention.file.num = 5 (custom)
2019-11-05 11:28:19,384 [pool-67-thread-1] INFO  server.RaftServerConfigKeys (ConfUtils.java:logGet(43)) - raft.server.retrycache.expirytime = 600000ms (custom)
2019-11-05 11:28:19,384 [90ecfa43-dab6-49d9-b30c-40ef62bfdf2a@group-E95DC8E8582E-LeaderElection12] INFO  impl.LeaderElection (LeaderElection.java:logAndReturn(56)) - 90ecfa43-dab6-49d9-b30c-40ef62bfdf2a@group-E95DC8E8582E-LeaderElection12: Election REJECTED; received 2 response(s) [90ecfa43-dab6-49d9-b30c-40ef62bfdf2a<-687f579d-1680-4dd5-8b24-01f078298cef#0:FAIL-t1, 90ecfa43-dab6-49d9-b30c-40ef62bfdf2a<-b8bf4e9b-064a-4520-981c-d6c40c833497#0:FAIL-t1] and 0 exception(s); 90ecfa43-dab6-49d9-b30c-40ef62bfdf2a@group-E95DC8E8582E:t1, leader=null, voted=90ecfa43-dab6-49d9-b30c-40ef62bfdf2a, raftlog=90ecfa43-dab6-49d9-b30c-40ef62bfdf2a@group-E95DC8E8582E-SegmentedRaftLog:OPENED:c-1,f-1,i0, conf=-1: [90ecfa43-dab6-49d9-b30c-40ef62bfdf2a:192.168.157.252:34192, 687f579d-1680-4dd5-8b24-01f078298cef:192.168.157.252:37962, b8bf4e9b-064a-4520-981c-d6c40c833497:192.168.157.252:43407], old=null
2019-11-05 11:28:19,387 [pool-67-thread-1] INFO  impl.RaftServerImpl (RaftServerImpl.java:start(195)) - 1eca16cc-5184-4e43-8e55-175d1516eae4@group-21C72E9484D5: start as a follower, conf=-1: [f7e9932d-fd96-469a-9353-68e47138e5ff:192.168.157.252:45025, 1eca16cc-5184-4e43-8e55-175d1516eae4:192.168.157.252:41127, 74a8fb36-eab9-4c53-b7cf-c565055de05a:192.168.157.252:42370], old=null
2019-11-05 11:28:19,402 [pool-67-thread-1] INFO  impl.RaftServerImpl (RaftServerImpl.java:setRole(184)) - 1eca16cc-5184-4e43-8e55-175d1516eae4@group-21C72E9484D5: changes role from      null to FOLLOWER at term 0 for startAsFollower
2019-11-05 11:28:19,402 [pool-67-thread-1] INFO  impl.RoleInfo (RoleInfo.java:updateAndGet(143)) - 1eca16cc-5184-4e43-8e55-175d1516eae4: start FollowerState
2019-11-05 11:28:19,402 [90ecfa43-dab6-49d9-b30c-40ef62bfdf2a@group-E95DC8E8582E-LeaderElection12] INFO  impl.RaftServerImpl (RaftServerImpl.java:setRole(184)) - 90ecfa43-dab6-49d9-b30c-40ef62bfdf2a@group-E95DC8E8582E: changes role from CANDIDATE to FOLLOWER at term 1 for DISCOVERED_A_NEW_TERM
2019-11-05 11:28:19,415 [90ecfa43-dab6-49d9-b30c-40ef62bfdf2a@group-E95DC8E8582E-LeaderElection12] INFO  impl.RoleInfo (RoleInfo.java:shutdownLeaderElection(134)) - 90ecfa43-dab6-49d9-b30c-40ef62bfdf2a: shutdown LeaderElection
2019-11-05 11:28:19,412 [pool-67-thread-1] INFO  util.JmxRegister (JmxRegister.java:tryRegister(44)) - Successfully registered JMX Bean with object name Ratis:service=RaftServer,group=group-21C72E9484D5,id=1eca16cc-5184-4e43-8e55-175d1516eae4
2019-11-05 11:28:19,415 [90ecfa43-dab6-49d9-b30c-40ef62bfdf2a@group-E95DC8E8582E-LeaderElection12] INFO  impl.RoleInfo (RoleInfo.java:updateAndGet(143)) - 90ecfa43-dab6-49d9-b30c-40ef62bfdf2a: start FollowerState
2019-11-05 11:28:19,403 [687f579d-1680-4dd5-8b24-01f078298cef@group-E95DC8E8582E-LeaderElection11] INFO  impl.LeaderElection (LeaderElection.java:askForVotes(178)) - 687f579d-1680-4dd5-8b24-01f078298cef@group-E95DC8E8582E-LeaderElection11: begin an election at term 2 for -1: [90ecfa43-dab6-49d9-b30c-40ef62bfdf2a:192.168.157.252:34192, 687f579d-1680-4dd5-8b24-01f078298cef:192.168.157.252:37962, b8bf4e9b-064a-4520-981c-d6c40c833497:192.168.157.252:43407], old=null
2019-11-05 11:28:19,432 [Thread-365] INFO  impl.FollowerState (FollowerState.java:run(108)) - 90ecfa43-dab6-49d9-b30c-40ef62bfdf2a@group-E95DC8E8582E-FollowerState: change to CANDIDATE, lastRpcTime:16ms, electionTimeout:13ms
2019-11-05 11:28:19,436 [Thread-365] INFO  impl.RoleInfo (RoleInfo.java:shutdownFollowerState(121)) - 90ecfa43-dab6-49d9-b30c-40ef62bfdf2a: shutdown FollowerState
2019-11-05 11:28:19,436 [Thread-365] INFO  impl.RaftServerImpl (RaftServerImpl.java:setRole(184)) - 90ecfa43-dab6-49d9-b30c-40ef62bfdf2a@group-E95DC8E8582E: changes role from  FOLLOWER to CANDIDATE at term 1 for changeToCandidate
2019-11-05 11:28:19,436 [Thread-365] INFO  impl.RoleInfo (RoleInfo.java:updateAndGet(143)) - 90ecfa43-dab6-49d9-b30c-40ef62bfdf2a: start LeaderElection
2019-11-05 11:28:19,468 [90ecfa43-dab6-49d9-b30c-40ef62bfdf2a@group-E95DC8E8582E-LeaderElection14] INFO  impl.LeaderElection (LeaderElection.java:askForVotes(178)) - 90ecfa43-dab6-49d9-b30c-40ef62bfdf2a@group-E95DC8E8582E-LeaderElection14: begin an election at term 2 for -1: [90ecfa43-dab6-49d9-b30c-40ef62bfdf2a:192.168.157.252:34192, 687f579d-1680-4dd5-8b24-01f078298cef:192.168.157.252:37962, b8bf4e9b-064a-4520-981c-d6c40c833497:192.168.157.252:43407], old=null
2019-11-05 11:28:19,469 [b8bf4e9b-064a-4520-981c-d6c40c833497@group-E95DC8E8582E-LeaderElection13] INFO  impl.LeaderElection (LeaderElection.java:logAndReturn(56)) - b8bf4e9b-064a-4520-981c-d6c40c833497@group-E95DC8E8582E-LeaderElection13: Election DISCOVERED_A_NEW_TERM; received 2 response(s) [b8bf4e9b-064a-4520-981c-d6c40c833497<-90ecfa43-dab6-49d9-b30c-40ef62bfdf2a#0:FAIL-t1, b8bf4e9b-064a-4520-981c-d6c40c833497<-687f579d-1680-4dd5-8b24-01f078298cef#0:FAIL-t2] and 0 exception(s); b8bf4e9b-064a-4520-981c-d6c40c833497@group-E95DC8E8582E:t1, leader=null, voted=b8bf4e9b-064a-4520-981c-d6c40c833497, raftlog=b8bf4e9b-064a-4520-981c-d6c40c833497@group-E95DC8E8582E-SegmentedRaftLog:OPENED:c-1,f-1,i0, conf=-1: [90ecfa43-dab6-49d9-b30c-40ef62bfdf2a:192.168.157.252:34192, 687f579d-1680-4dd5-8b24-01f078298cef:192.168.157.252:37962, b8bf4e9b-064a-4520-981c-d6c40c833497:192.168.157.252:43407], old=null
2019-11-05 11:28:19,469 [b8bf4e9b-064a-4520-981c-d6c40c833497@group-E95DC8E8582E-LeaderElection13] INFO  impl.RaftServerImpl (RaftServerImpl.java:setRole(184)) - b8bf4e9b-064a-4520-981c-d6c40c833497@group-E95DC8E8582E: changes role from CANDIDATE to FOLLOWER at term 2 for DISCOVERED_A_NEW_TERM
2019-11-05 11:28:19,470 [b8bf4e9b-064a-4520-981c-d6c40c833497@group-E95DC8E8582E-LeaderElection13] INFO  impl.RoleInfo (RoleInfo.java:shutdownLeaderElection(134)) - b8bf4e9b-064a-4520-981c-d6c40c833497: shutdown LeaderElection
2019-11-05 11:28:19,470 [b8bf4e9b-064a-4520-981c-d6c40c833497@group-E95DC8E8582E-LeaderElection13] INFO  impl.RoleInfo (RoleInfo.java:updateAndGet(143)) - b8bf4e9b-064a-4520-981c-d6c40c833497: start FollowerState
2019-11-05 11:28:19,478 [RatisPipelineUtilsThread] INFO  pipeline.PipelineStateManager (PipelineStateManager.java:addPipeline(56)) - Created pipeline Pipeline[ Id: 96ba2edb-8c68-46c8-ab0d-21c72e9484d5, Nodes: f7e9932d-fd96-469a-9353-68e47138e5ff{ip: 192.168.157.252, host: pr-hdds-1643-qwrct-1900426900, networkLocation: /default-rack, certSerialId: null}74a8fb36-eab9-4c53-b7cf-c565055de05a{ip: 192.168.157.252, host: pr-hdds-1643-qwrct-1900426900, networkLocation: /default-rack, certSerialId: null}1eca16cc-5184-4e43-8e55-175d1516eae4{ip: 192.168.157.252, host: pr-hdds-1643-qwrct-1900426900, networkLocation: /default-rack, certSerialId: null}, Type:RATIS, Factor:THREE, State:OPEN]
2019-11-05 11:28:19,489 [Thread-364] INFO  impl.FollowerState (FollowerState.java:run(108)) - 1eca16cc-5184-4e43-8e55-175d1516eae4@group-21C72E9484D5-FollowerState: change to CANDIDATE, lastRpcTime:87ms, electionTimeout:76ms
2019-11-05 11:28:19,490 [Thread-364] INFO  impl.RoleInfo (RoleInfo.java:shutdownFollowerState(121)) - 1eca16cc-5184-4e43-8e55-175d1516eae4: shutdown FollowerState
2019-11-05 11:28:19,490 [Thread-364] INFO  impl.RaftServerImpl (RaftServerImpl.java:setRole(184)) - 1eca16cc-5184-4e43-8e55-175d1516eae4@group-21C72E9484D5: changes role from  FOLLOWER to CANDIDATE at term 0 for changeToCandidate
2019-11-05 11:28:19,490 [Thread-364] INFO  impl.RoleInfo (RoleInfo.java:updateAndGet(143)) - 1eca16cc-5184-4e43-8e55-175d1516eae4: start LeaderElection
2019-11-05 11:28:19,500 [grpc-default-executor-4] INFO  impl.RaftServerImpl (RaftServerImpl.java:setRole(184)) - b8bf4e9b-064a-4520-981c-d6c40c833497@group-E95DC8E8582E: changes role from  FOLLOWER to FOLLOWER at term 2 for recognizeCandidate:90ecfa43-dab6-49d9-b30c-40ef62bfdf2a
2019-11-05 11:28:19,509 [grpc-default-executor-4] INFO  impl.RoleInfo (RoleInfo.java:shutdownFollowerState(121)) - b8bf4e9b-064a-4520-981c-d6c40c833497: shutdown FollowerState
2019-11-05 11:28:19,508 [687f579d-1680-4dd5-8b24-01f078298cef@group-E95DC8E8582E-LeaderElection11] INFO  impl.LeaderElection (LeaderElection.java:logAndReturn(56)) - 687f579d-1680-4dd5-8b24-01f078298cef@group-E95DC8E8582E-LeaderElection11: Election TIMEOUT; received 1 response(s) [687f579d-1680-4dd5-8b24-01f078298cef<-90ecfa43-dab6-49d9-b30c-40ef62bfdf2a#0:FAIL-t2] and 0 exception(s); 687f579d-1680-4dd5-8b24-01f078298cef@group-E95DC8E8582E:t2, leader=null, voted=687f579d-1680-4dd5-8b24-01f078298cef, raftlog=687f579d-1680-4dd5-8b24-01f078298cef@group-E95DC8E8582E-SegmentedRaftLog:OPENED:c-1,f-1,i0, conf=-1: [90ecfa43-dab6-49d9-b30c-40ef62bfdf2a:192.168.157.252:34192, 687f579d-1680-4dd5-8b24-01f078298cef:192.168.157.252:37962, b8bf4e9b-064a-4520-981c-d6c40c833497:192.168.157.252:43407], old=null
2019-11-05 11:28:19,509 [grpc-default-executor-4] INFO  impl.RoleInfo (RoleInfo.java:updateAndGet(143)) - b8bf4e9b-064a-4520-981c-d6c40c833497: start FollowerState
2019-11-05 11:28:19,508 [Thread-356] INFO  impl.FollowerState (FollowerState.java:run(108)) - 74a8fb36-eab9-4c53-b7cf-c565055de05a@group-21C72E9484D5-FollowerState: change to CANDIDATE, lastRpcTime:172ms, electionTimeout:166ms
2019-11-05 11:28:19,523 [Thread-356] INFO  impl.RoleInfo (RoleInfo.java:shutdownFollowerState(121)) - 74a8fb36-eab9-4c53-b7cf-c565055de05a: shutdown FollowerState
2019-11-05 11:28:19,523 [Thread-356] INFO  impl.RaftServerImpl (RaftServerImpl.java:setRole(184)) - 74a8fb36-eab9-4c53-b7cf-c565055de05a@group-21C72E9484D5: changes role from  FOLLOWER to CANDIDATE at term 0 for changeToCandidate
2019-11-05 11:28:19,523 [Thread-356] INFO  impl.RoleInfo (RoleInfo.java:updateAndGet(143)) - 74a8fb36-eab9-4c53-b7cf-c565055de05a: start LeaderElection
2019-11-05 11:28:19,511 [Thread-372] INFO  impl.FollowerState (FollowerState.java:run(117)) - b8bf4e9b-064a-4520-981c-d6c40c833497@group-E95DC8E8582E-FollowerState was interrupted: java.lang.InterruptedException: sleep interrupted
2019-11-05 11:28:19,528 [687f579d-1680-4dd5-8b24-01f078298cef@group-E95DC8E8582E-LeaderElection11] INFO  impl.LeaderElection (LeaderElection.java:askForVotes(178)) - 687f579d-1680-4dd5-8b24-01f078298cef@group-E95DC8E8582E-LeaderElection11: begin an election at term 3 for -1: [90ecfa43-dab6-49d9-b30c-40ef62bfdf2a:192.168.157.252:34192, 687f579d-1680-4dd5-8b24-01f078298cef:192.168.157.252:37962, b8bf4e9b-064a-4520-981c-d6c40c833497:192.168.157.252:43407], old=null
2019-11-05 11:28:19,528 [1eca16cc-5184-4e43-8e55-175d1516eae4@group-21C72E9484D5-LeaderElection15] INFO  impl.LeaderElection (LeaderElection.java:askForVotes(178)) - 1eca16cc-5184-4e43-8e55-175d1516eae4@group-21C72E9484D5-LeaderElection15: begin an election at term 1 for -1: [f7e9932d-fd96-469a-9353-68e47138e5ff:192.168.157.252:45025, 1eca16cc-5184-4e43-8e55-175d1516eae4:192.168.157.252:41127, 74a8fb36-eab9-4c53-b7cf-c565055de05a:192.168.157.252:42370], old=null
2019-11-05 11:28:19,538 [Thread-361] INFO  impl.FollowerState (FollowerState.java:run(108)) - f7e9932d-fd96-469a-9353-68e47138e5ff@group-21C72E9484D5-FollowerState: change to CANDIDATE, lastRpcTime:169ms, electionTimeout:169ms
2019-11-05 11:28:19,538 [Thread-361] INFO  impl.RoleInfo (RoleInfo.java:shutdownFollowerState(121)) - f7e9932d-fd96-469a-9353-68e47138e5ff: shutdown FollowerState
2019-11-05 11:28:19,539 [Thread-361] INFO  impl.RaftServerImpl (RaftServerImpl.java:setRole(184)) - f7e9932d-fd96-469a-9353-68e47138e5ff@group-21C72E9484D5: changes role from  FOLLOWER to CANDIDATE at term 0 for changeToCandidate
2019-11-05 11:28:19,539 [Thread-361] INFO  impl.RoleInfo (RoleInfo.java:updateAndGet(143)) - f7e9932d-fd96-469a-9353-68e47138e5ff: start LeaderElection
2019-11-05 11:28:19,539 [grpc-default-executor-5] INFO  impl.RaftServerProxy (RaftServerProxy.java:addNew(89)) - 93bc9e78-ae56-4fee-a007-4b156d649157: addNew group-0CA4D070D5C4:[93bc9e78-ae56-4fee-a007-4b156d649157:192.168.157.252:38000, d8b77924-76ff-4932-a9fa-7ec761e4cf6b:192.168.157.252:40377, bd42c95e-cd41-4cbd-85b3-b330cc3c4f94:192.168.157.252:33158] returns group-0CA4D070D5C4:java.util.concurrent.CompletableFuture@6ba89d60[Not completed]
2019-11-05 11:28:19,541 [90ecfa43-dab6-49d9-b30c-40ef62bfdf2a@group-E95DC8E8582E-LeaderElection14] INFO  impl.LeaderElection (LeaderElection.java:logAndReturn(56)) - 90ecfa43-dab6-49d9-b30c-40ef62bfdf2a@group-E95DC8E8582E-LeaderElection14: Election PASSED; received 2 response(s) [90ecfa43-dab6-49d9-b30c-40ef62bfdf2a<-687f579d-1680-4dd5-8b24-01f078298cef#0:FAIL-t2, 90ecfa43-dab6-49d9-b30c-40ef62bfdf2a<-b8bf4e9b-064a-4520-981c-d6c40c833497#0:OK-t2] and 0 exception(s); 90ecfa43-dab6-49d9-b30c-40ef62bfdf2a@group-E95DC8E8582E:t2, leader=null, voted=90ecfa43-dab6-49d9-b30c-40ef62bfdf2a, raftlog=90ecfa43-dab6-49d9-b30c-40ef62bfdf2a@group-E95DC8E8582E-SegmentedRaftLog:OPENED:c-1,f-1,i0, conf=-1: [90ecfa43-dab6-49d9-b30c-40ef62bfdf2a:192.168.157.252:34192, 687f579d-1680-4dd5-8b24-01f078298cef:192.168.157.252:37962, b8bf4e9b-064a-4520-981c-d6c40c833497:192.168.157.252:43407], old=null
2019-11-05 11:28:19,541 [pool-47-thread-1] INFO  impl.RaftServerImpl (RaftServerImpl.java:<init>(104)) - 93bc9e78-ae56-4fee-a007-4b156d649157: new RaftServerImpl for group-0CA4D070D5C4:[93bc9e78-ae56-4fee-a007-4b156d649157:192.168.157.252:38000, d8b77924-76ff-4932-a9fa-7ec761e4cf6b:192.168.157.252:40377, bd42c95e-cd41-4cbd-85b3-b330cc3c4f94:192.168.157.252:33158] with ContainerStateMachine:uninitialized
2019-11-05 11:28:19,541 [90ecfa43-dab6-49d9-b30c-40ef62bfdf2a@group-E95DC8E8582E-LeaderElection14] INFO  impl.RoleInfo (RoleInfo.java:shutdownLeaderElection(134)) - 90ecfa43-dab6-49d9-b30c-40ef62bfdf2a: shutdown LeaderElection
2019-11-05 11:28:19,568 [90ecfa43-dab6-49d9-b30c-40ef62bfdf2a@group-E95DC8E8582E-LeaderElection14] INFO  impl.RaftServerImpl (RaftServerImpl.java:setRole(184)) - 90ecfa43-dab6-49d9-b30c-40ef62bfdf2a@group-E95DC8E8582E: changes role from CANDIDATE to LEADER at term 2 for changeToLeader
2019-11-05 11:28:19,568 [90ecfa43-dab6-49d9-b30c-40ef62bfdf2a@group-E95DC8E8582E-LeaderElection14] INFO  impl.RaftServerImpl (ServerState.java:setLeader(256)) - 90ecfa43-dab6-49d9-b30c-40ef62bfdf2a@group-E95DC8E8582E: change Leader from null to 90ecfa43-dab6-49d9-b30c-40ef62bfdf2a at term 2 for becomeLeader, leader elected after 507ms
2019-11-05 11:28:19,568 [90ecfa43-dab6-49d9-b30c-40ef62bfdf2a@group-E95DC8E8582E-LeaderElection14] INFO  server.RaftServerConfigKeys (ConfUtils.java:logGet(43)) - raft.server.staging.catchup.gap = 1000 (default)
2019-11-05 11:28:19,568 [90ecfa43-dab6-49d9-b30c-40ef62bfdf2a@group-E95DC8E8582E-LeaderElection14] INFO  server.RaftServerConfigKeys (ConfUtils.java:logGet(43)) - raft.server.rpc.sleep.time = 25ms (default)
2019-11-05 11:28:19,569 [90ecfa43-dab6-49d9-b30c-40ef62bfdf2a@group-E95DC8E8582E-LeaderElection14] INFO  server.RaftServerConfigKeys (ConfUtils.java:logGet(43)) - raft.server.write.element-limit = 4096 (default)
2019-11-05 11:28:19,569 [90ecfa43-dab6-49d9-b30c-40ef62bfdf2a@group-E95DC8E8582E-LeaderElection14] INFO  server.RaftServerConfigKeys (ConfUtils.java:logGet(43)) - raft.server.watch.timeout = 10s (default)
2019-11-05 11:28:19,569 [90ecfa43-dab6-49d9-b30c-40ef62bfdf2a@group-E95DC8E8582E-LeaderElection14] INFO  server.RaftServerConfigKeys (ConfUtils.java:logGet(43)) - raft.server.watch.timeout.denomination = 1s (default)
2019-11-05 11:28:19,569 [90ecfa43-dab6-49d9-b30c-40ef62bfdf2a@group-E95DC8E8582E-LeaderElection14] INFO  server.RaftServerConfigKeys (ConfUtils.java:logGet(43)) - raft.server.watch.element-limit = 65536 (default)
2019-11-05 11:28:19,569 [pool-77-thread-1] INFO  impl.RaftServerImpl (RaftServerImpl.java:<init>(104)) - bd42c95e-cd41-4cbd-85b3-b330cc3c4f94: new RaftServerImpl for group-0CA4D070D5C4:[93bc9e78-ae56-4fee-a007-4b156d649157:192.168.157.252:38000, d8b77924-76ff-4932-a9fa-7ec761e4cf6b:192.168.157.252:40377, bd42c95e-cd41-4cbd-85b3-b330cc3c4f94:192.168.157.252:33158] with ContainerStateMachine:uninitialized
2019-11-05 11:28:19,569 [pool-77-thread-1] INFO  server.RaftServerConfigKeys (ConfUtils.java:logGet(43)) - raft.server.rpc.timeout.min = 1s (custom)
2019-11-05 11:28:19,570 [pool-77-thread-1] INFO  server.RaftServerConfigKeys (ConfUtils.java:logGet(43)) - raft.server.rpc.timeout.max = 1200ms (custom)
2019-11-05 11:28:19,570 [pool-77-thread-1] INFO  server.RaftServerConfigKeys (ConfUtils.java:logGet(43)) - raft.server.rpcslowness.timeout = 120s (custom)
2019-11-05 11:28:19,570 [pool-77-thread-1] INFO  server.RaftServerConfigKeys (ConfUtils.java:logGet(43)) - raft.server.sleep.deviation.threshold = 300 (default)
2019-11-05 11:28:19,570 [pool-77-thread-1] INFO  server.RaftServerConfigKeys (ConfUtils.java:logGet(43)) - raft.server.log.appender.install.snapshot.enabled = false (custom)
2019-11-05 11:28:19,570 [pool-77-thread-1] INFO  impl.RaftServerImpl (ServerState.java:<init>(103)) - bd42c95e-cd41-4cbd-85b3-b330cc3c4f94@group-0CA4D070D5C4: ConfigurationManager, init=-1: [93bc9e78-ae56-4fee-a007-4b156d649157:192.168.157.252:38000, d8b77924-76ff-4932-a9fa-7ec761e4cf6b:192.168.157.252:40377, bd42c95e-cd41-4cbd-85b3-b330cc3c4f94:192.168.157.252:33158], old=null, confs=<EMPTY_MAP>
2019-11-05 11:28:19,570 [pool-77-thread-1] INFO  server.RaftServerConfigKeys (ConfUtils.java:logGet(43)) - raft.server.storage.dir = [/workdir/hadoop-ozone/integration-test/target/test-dir/MiniOzoneClusterImpl-6b0fc4fe-9997-4a80-bab7-b3d82b6e3879/datanode-5/data/ratis] (custom)
2019-11-05 11:28:19,571 [pool-77-thread-1] INFO  server.RaftServerConfigKeys (ConfUtils.java:logGet(43)) - raft.server.log.corruption.policy = EXCEPTION (default)
2019-11-05 11:28:19,571 [pool-77-thread-1] INFO  storage.RaftStorageDirectory (RaftStorageDirectory.java:analyzeStorage(246)) - The storage directory /workdir/hadoop-ozone/integration-test/target/test-dir/MiniOzoneClusterImpl-6b0fc4fe-9997-4a80-bab7-b3d82b6e3879/datanode-5/data/ratis/30d63c90-c360-440d-8ef2-0ca4d070d5c4 does not exist. Creating ...
2019-11-05 11:28:19,568 [grpc-default-executor-0] INFO  impl.RaftServerProxy (RaftServerProxy.java:addNew(89)) - bd42c95e-cd41-4cbd-85b3-b330cc3c4f94: addNew group-0CA4D070D5C4:[93bc9e78-ae56-4fee-a007-4b156d649157:192.168.157.252:38000, d8b77924-76ff-4932-a9fa-7ec761e4cf6b:192.168.157.252:40377, bd42c95e-cd41-4cbd-85b3-b330cc3c4f94:192.168.157.252:33158] returns group-0CA4D070D5C4:java.util.concurrent.CompletableFuture@4e9c76b3[Not completed]
2019-11-05 11:28:19,558 [pool-27-thread-1] INFO  impl.RaftServerImpl (RaftServerImpl.java:<init>(104)) - d8b77924-76ff-4932-a9fa-7ec761e4cf6b: new RaftServerImpl for group-0CA4D070D5C4:[93bc9e78-ae56-4fee-a007-4b156d649157:192.168.157.252:38000, d8b77924-76ff-4932-a9fa-7ec761e4cf6b:192.168.157.252:40377, bd42c95e-cd41-4cbd-85b3-b330cc3c4f94:192.168.157.252:33158] with ContainerStateMachine:uninitialized
2019-11-05 11:28:19,572 [pool-27-thread-1] INFO  server.RaftServerConfigKeys (ConfUtils.java:logGet(43)) - raft.server.rpc.timeout.min = 1s (custom)
2019-11-05 11:28:19,573 [pool-27-thread-1] INFO  server.RaftServerConfigKeys (ConfUtils.java:logGet(43)) - raft.server.rpc.timeout.max = 1200ms (custom)
2019-11-05 11:28:19,573 [pool-27-thread-1] INFO  server.RaftServerConfigKeys (ConfUtils.java:logGet(43)) - raft.server.rpcslowness.timeout = 120s (custom)
2019-11-05 11:28:19,573 [pool-27-thread-1] INFO  server.RaftServerConfigKeys (ConfUtils.java:logGet(43)) - raft.server.sleep.deviation.threshold = 300 (default)
2019-11-05 11:28:19,573 [pool-27-thread-1] INFO  server.RaftServerConfigKeys (ConfUtils.java:logGet(43)) - raft.server.log.appender.install.snapshot.enabled = false (custom)
2019-11-05 11:28:19,573 [pool-27-thread-1] INFO  impl.RaftServerImpl (ServerState.java:<init>(103)) - d8b77924-76ff-4932-a9fa-7ec761e4cf6b@group-0CA4D070D5C4: ConfigurationManager, init=-1: [93bc9e78-ae56-4fee-a007-4b156d649157:192.168.157.252:38000, d8b77924-76ff-4932-a9fa-7ec761e4cf6b:192.168.157.252:40377, bd42c95e-cd41-4cbd-85b3-b330cc3c4f94:192.168.157.252:33158], old=null, confs=<EMPTY_MAP>
2019-11-05 11:28:19,573 [pool-27-thread-1] INFO  server.RaftServerConfigKeys (ConfUtils.java:logGet(43)) - raft.server.storage.dir = [/workdir/hadoop-ozone/integration-test/target/test-dir/MiniOzoneClusterImpl-6b0fc4fe-9997-4a80-bab7-b3d82b6e3879/datanode-0/data/ratis] (custom)
2019-11-05 11:28:19,573 [pool-27-thread-1] INFO  server.RaftServerConfigKeys (ConfUtils.java:logGet(43)) - raft.server.log.corruption.policy = EXCEPTION (default)
2019-11-05 11:28:19,574 [pool-27-thread-1] INFO  storage.RaftStorageDirectory (RaftStorageDirectory.java:analyzeStorage(246)) - The storage directory /workdir/hadoop-ozone/integration-test/target/test-dir/MiniOzoneClusterImpl-6b0fc4fe-9997-4a80-bab7-b3d82b6e3879/datanode-0/data/ratis/30d63c90-c360-440d-8ef2-0ca4d070d5c4 does not exist. Creating ...
2019-11-05 11:28:19,556 [grpc-default-executor-3] INFO  impl.RaftServerProxy (RaftServerProxy.java:addNew(89)) - d8b77924-76ff-4932-a9fa-7ec761e4cf6b: addNew group-0CA4D070D5C4:[93bc9e78-ae56-4fee-a007-4b156d649157:192.168.157.252:38000, d8b77924-76ff-4932-a9fa-7ec761e4cf6b:192.168.157.252:40377, bd42c95e-cd41-4cbd-85b3-b330cc3c4f94:192.168.157.252:33158] returns group-0CA4D070D5C4:java.util.concurrent.CompletableFuture@1f425888[Not completed]
2019-11-05 11:28:19,556 [grpc-default-executor-1] INFO  impl.RaftServerImpl (RaftServerImpl.java:setRole(184)) - b8bf4e9b-064a-4520-981c-d6c40c833497@group-E95DC8E8582E: changes role from  FOLLOWER to FOLLOWER at term 3 for recognizeCandidate:687f579d-1680-4dd5-8b24-01f078298cef
2019-11-05 11:28:19,598 [grpc-default-executor-1] INFO  impl.RoleInfo (RoleInfo.java:shutdownFollowerState(121)) - b8bf4e9b-064a-4520-981c-d6c40c833497: shutdown FollowerState
2019-11-05 11:28:19,598 [grpc-default-executor-1] INFO  impl.RoleInfo (RoleInfo.java:updateAndGet(143)) - b8bf4e9b-064a-4520-981c-d6c40c833497: start FollowerState
2019-11-05 11:28:19,554 [pool-47-thread-1] INFO  server.RaftServerConfigKeys (ConfUtils.java:logGet(43)) - raft.server.rpc.timeout.min = 1s (custom)
2019-11-05 11:28:19,582 [90ecfa43-dab6-49d9-b30c-40ef62bfdf2a@group-E95DC8E8582E-LeaderElection14] INFO  server.RaftServerConfigKeys (ConfUtils.java:logGet(43)) - raft.server.log.appender.snapshot.chunk.size.max = 16MB (=16777216) (default)
2019-11-05 11:28:19,580 [f7e9932d-fd96-469a-9353-68e47138e5ff@group-21C72E9484D5-LeaderElection17] INFO  impl.LeaderElection (LeaderElection.java:askForVotes(178)) - f7e9932d-fd96-469a-9353-68e47138e5ff@group-21C72E9484D5-LeaderElection17: begin an election at term 1 for -1: [f7e9932d-fd96-469a-9353-68e47138e5ff:192.168.157.252:45025, 1eca16cc-5184-4e43-8e55-175d1516eae4:192.168.157.252:41127, 74a8fb36-eab9-4c53-b7cf-c565055de05a:192.168.157.252:42370], old=null
2019-11-05 11:28:19,599 [90ecfa43-dab6-49d9-b30c-40ef62bfdf2a@group-E95DC8E8582E-LeaderElection14] INFO  server.RaftServerConfigKeys (ConfUtils.java:logGet(43)) - raft.server.log.appender.buffer.byte-limit = 33554432 (custom)
2019-11-05 11:28:19,579 [pool-77-thread-1] INFO  storage.RaftStorageDirectory (RaftStorageDirectory.java:tryLock(328)) - Lock on /workdir/hadoop-ozone/integration-test/target/test-dir/MiniOzoneClusterImpl-6b0fc4fe-9997-4a80-bab7-b3d82b6e3879/datanode-5/data/ratis/30d63c90-c360-440d-8ef2-0ca4d070d5c4/in_use.lock acquired by nodename 23040@pr-hdds-1643-qwrct-1900426900
2019-11-05 11:28:19,600 [90ecfa43-dab6-49d9-b30c-40ef62bfdf2a@group-E95DC8E8582E-LeaderElection14] INFO  server.RaftServerConfigKeys (ConfUtils.java:logGet(43)) - raft.server.log.appender.buffer.element-limit = 1 (custom)
2019-11-05 11:28:19,579 [pool-27-thread-1] INFO  storage.RaftStorageDirectory (RaftStorageDirectory.java:tryLock(328)) - Lock on /workdir/hadoop-ozone/integration-test/target/test-dir/MiniOzoneClusterImpl-6b0fc4fe-9997-4a80-bab7-b3d82b6e3879/datanode-0/data/ratis/30d63c90-c360-440d-8ef2-0ca4d070d5c4/in_use.lock acquired by nodename 23040@pr-hdds-1643-qwrct-1900426900
2019-11-05 11:28:19,599 [pool-47-thread-1] INFO  server.RaftServerConfigKeys (ConfUtils.java:logGet(43)) - raft.server.rpc.timeout.max = 1200ms (custom)
2019-11-05 11:28:19,601 [pool-47-thread-1] INFO  server.RaftServerConfigKeys (ConfUtils.java:logGet(43)) - raft.server.rpcslowness.timeout = 120s (custom)
2019-11-05 11:28:19,601 [pool-47-thread-1] INFO  server.RaftServerConfigKeys (ConfUtils.java:logGet(43)) - raft.server.sleep.deviation.threshold = 300 (default)
2019-11-05 11:28:19,601 [pool-47-thread-1] INFO  server.RaftServerConfigKeys (ConfUtils.java:logGet(43)) - raft.server.log.appender.install.snapshot.enabled = false (custom)
2019-11-05 11:28:19,601 [pool-47-thread-1] INFO  impl.RaftServerImpl (ServerState.java:<init>(103)) - 93bc9e78-ae56-4fee-a007-4b156d649157@group-0CA4D070D5C4: ConfigurationManager, init=-1: [93bc9e78-ae56-4fee-a007-4b156d649157:192.168.157.252:38000, d8b77924-76ff-4932-a9fa-7ec761e4cf6b:192.168.157.252:40377, bd42c95e-cd41-4cbd-85b3-b330cc3c4f94:192.168.157.252:33158], old=null, confs=<EMPTY_MAP>
2019-11-05 11:28:19,604 [pool-47-thread-1] INFO  server.RaftServerConfigKeys (ConfUtils.java:logGet(43)) - raft.server.storage.dir = [/workdir/hadoop-ozone/integration-test/target/test-dir/MiniOzoneClusterImpl-6b0fc4fe-9997-4a80-bab7-b3d82b6e3879/datanode-2/data/ratis] (custom)
2019-11-05 11:28:19,605 [pool-47-thread-1] INFO  server.RaftServerConfigKeys (ConfUtils.java:logGet(43)) - raft.server.log.corruption.policy = EXCEPTION (default)
2019-11-05 11:28:19,605 [pool-47-thread-1] INFO  storage.RaftStorageDirectory (RaftStorageDirectory.java:analyzeStorage(246)) - The storage directory /workdir/hadoop-ozone/integration-test/target/test-dir/MiniOzoneClusterImpl-6b0fc4fe-9997-4a80-bab7-b3d82b6e3879/datanode-2/data/ratis/30d63c90-c360-440d-8ef2-0ca4d070d5c4 does not exist. Creating ...
2019-11-05 11:28:19,608 [90ecfa43-dab6-49d9-b30c-40ef62bfdf2a@group-E95DC8E8582E-LeaderElection14] INFO  grpc.GrpcConfigKeys$Server (ConfUtils.java:logGet(43)) - raft.grpc.server.leader.outstanding.appends.max = 128 (default)
2019-11-05 11:28:19,623 [90ecfa43-dab6-49d9-b30c-40ef62bfdf2a@group-E95DC8E8582E-LeaderElection14] INFO  server.RaftServerConfigKeys (ConfUtils.java:logGet(43)) - raft.server.rpc.request.timeout = 3000ms (default)
2019-11-05 11:28:19,623 [90ecfa43-dab6-49d9-b30c-40ef62bfdf2a@group-E95DC8E8582E-LeaderElection14] INFO  server.RaftServerConfigKeys (ConfUtils.java:logGet(43)) - raft.server.log.appender.install.snapshot.enabled = false (custom)
2019-11-05 11:28:19,622 [pool-77-thread-1] INFO  storage.RaftStorage (RaftStorage.java:format(84)) - Storage directory /workdir/hadoop-ozone/integration-test/target/test-dir/MiniOzoneClusterImpl-6b0fc4fe-9997-4a80-bab7-b3d82b6e3879/datanode-5/data/ratis/30d63c90-c360-440d-8ef2-0ca4d070d5c4 has been successfully formatted.
2019-11-05 11:28:19,622 [pool-27-thread-1] INFO  storage.RaftStorage (RaftStorage.java:format(84)) - Storage directory /workdir/hadoop-ozone/integration-test/target/test-dir/MiniOzoneClusterImpl-6b0fc4fe-9997-4a80-bab7-b3d82b6e3879/datanode-0/data/ratis/30d63c90-c360-440d-8ef2-0ca4d070d5c4 has been successfully formatted.
2019-11-05 11:28:19,624 [pool-77-thread-1] INFO  ratis.ContainerStateMachine (ContainerStateMachine.java:loadSnapshot(231)) - group-0CA4D070D5C4: The snapshot info is null. Setting the last applied indexto:(t:0, i:~)
2019-11-05 11:28:19,622 [pool-47-thread-1] INFO  storage.RaftStorageDirectory (RaftStorageDirectory.java:tryLock(328)) - Lock on /workdir/hadoop-ozone/integration-test/target/test-dir/MiniOzoneClusterImpl-6b0fc4fe-9997-4a80-bab7-b3d82b6e3879/datanode-2/data/ratis/30d63c90-c360-440d-8ef2-0ca4d070d5c4/in_use.lock acquired by nodename 23040@pr-hdds-1643-qwrct-1900426900
2019-11-05 11:28:19,621 [74a8fb36-eab9-4c53-b7cf-c565055de05a@group-21C72E9484D5-LeaderElection16] INFO  impl.LeaderElection (LeaderElection.java:askForVotes(178)) - 74a8fb36-eab9-4c53-b7cf-c565055de05a@group-21C72E9484D5-LeaderElection16: begin an election at term 1 for -1: [f7e9932d-fd96-469a-9353-68e47138e5ff:192.168.157.252:45025, 1eca16cc-5184-4e43-8e55-175d1516eae4:192.168.157.252:41127, 74a8fb36-eab9-4c53-b7cf-c565055de05a:192.168.157.252:42370], old=null
2019-11-05 11:28:19,633 [687f579d-1680-4dd5-8b24-01f078298cef@group-E95DC8E8582E-LeaderElection11] INFO  impl.LeaderElection (LeaderElection.java:logAndReturn(56)) - 687f579d-1680-4dd5-8b24-01f078298cef@group-E95DC8E8582E-LeaderElection11: Election TIMEOUT; received 0 response(s) [] and 0 exception(s); 687f579d-1680-4dd5-8b24-01f078298cef@group-E95DC8E8582E:t3, leader=null, voted=687f579d-1680-4dd5-8b24-01f078298cef, raftlog=687f579d-1680-4dd5-8b24-01f078298cef@group-E95DC8E8582E-SegmentedRaftLog:OPENED:c-1,f-1,i0, conf=-1: [90ecfa43-dab6-49d9-b30c-40ef62bfdf2a:192.168.157.252:34192, 687f579d-1680-4dd5-8b24-01f078298cef:192.168.157.252:37962, b8bf4e9b-064a-4520-981c-d6c40c833497:192.168.157.252:43407], old=null
2019-11-05 11:28:19,621 [Thread-374] INFO  impl.FollowerState (FollowerState.java:run(117)) - b8bf4e9b-064a-4520-981c-d6c40c833497@group-E95DC8E8582E-FollowerState was interrupted: java.lang.InterruptedException: sleep interrupted
2019-11-05 11:28:19,624 [pool-77-thread-1] INFO  server.RaftServerConfigKeys (ConfUtils.java:logGet(43)) - raft.server.notification.no-leader.timeout = 120s (custom)
2019-11-05 11:28:19,624 [pool-27-thread-1] INFO  ratis.ContainerStateMachine (ContainerStateMachine.java:loadSnapshot(231)) - group-0CA4D070D5C4: The snapshot info is null. Setting the last applied indexto:(t:0, i:~)
2019-11-05 11:28:19,644 [pool-77-thread-1] INFO  server.RaftServerConfigKeys (ConfUtils.java:logGet(43)) - raft.server.log.use.memory = false (default)
2019-11-05 11:28:19,644 [pool-27-thread-1] INFO  server.RaftServerConfigKeys (ConfUtils.java:logGet(43)) - raft.server.notification.no-leader.timeout = 120s (custom)
2019-11-05 11:28:19,644 [pool-77-thread-1] INFO  server.RaftServerConfigKeys (ConfUtils.java:logGet(43)) - raft.server.log.purge.gap = 1000000 (custom)
2019-11-05 11:28:19,644 [pool-27-thread-1] INFO  server.RaftServerConfigKeys (ConfUtils.java:logGet(43)) - raft.server.log.use.memory = false (default)
2019-11-05 11:28:19,645 [pool-27-thread-1] INFO  server.RaftServerConfigKeys (ConfUtils.java:logGet(43)) - raft.server.log.purge.gap = 1000000 (custom)
2019-11-05 11:28:19,645 [pool-27-thread-1] INFO  server.RaftServerConfigKeys (ConfUtils.java:logGet(43)) - raft.server.log.appender.buffer.byte-limit = 33554432 (custom)
2019-11-05 11:28:19,644 [pool-77-thread-1] INFO  server.RaftServerConfigKeys (ConfUtils.java:logGet(43)) - raft.server.log.appender.buffer.byte-limit = 33554432 (custom)
2019-11-05 11:28:19,645 [pool-27-thread-1] INFO  server.RaftServerConfigKeys (ConfUtils.java:logGet(43)) - raft.server.log.segment.size.max = 1048576 (custom)
2019-11-05 11:28:19,645 [1eca16cc-5184-4e43-8e55-175d1516eae4@group-21C72E9484D5-LeaderElection15] INFO  impl.LeaderElection (LeaderElection.java:logAndReturn(56)) - 1eca16cc-5184-4e43-8e55-175d1516eae4@group-21C72E9484D5-LeaderElection15: Election REJECTED; received 2 response(s) [1eca16cc-5184-4e43-8e55-175d1516eae4<-f7e9932d-fd96-469a-9353-68e47138e5ff#0:FAIL-t1, 1eca16cc-5184-4e43-8e55-175d1516eae4<-74a8fb36-eab9-4c53-b7cf-c565055de05a#0:FAIL-t1] and 0 exception(s); 1eca16cc-5184-4e43-8e55-175d1516eae4@group-21C72E9484D5:t1, leader=null, voted=1eca16cc-5184-4e43-8e55-175d1516eae4, raftlog=1eca16cc-5184-4e43-8e55-175d1516eae4@group-21C72E9484D5-SegmentedRaftLog:OPENED:c-1,f-1,i0, conf=-1: [f7e9932d-fd96-469a-9353-68e47138e5ff:192.168.157.252:45025, 1eca16cc-5184-4e43-8e55-175d1516eae4:192.168.157.252:41127, 74a8fb36-eab9-4c53-b7cf-c565055de05a:192.168.157.252:42370], old=null
2019-11-05 11:28:19,645 [pool-27-thread-1] INFO  server.RaftServerConfigKeys (ConfUtils.java:logGet(43)) - raft.server.log.segment.cache.num.max = 2 (custom)
2019-11-05 11:28:19,645 [1eca16cc-5184-4e43-8e55-175d1516eae4@group-21C72E9484D5-LeaderElection15] INFO  impl.RaftServerImpl (RaftServerImpl.java:setRole(184)) - 1eca16cc-5184-4e43-8e55-175d1516eae4@group-21C72E9484D5: changes role from CANDIDATE to FOLLOWER at term 1 for DISCOVERED_A_NEW_TERM
2019-11-05 11:28:19,645 [pool-77-thread-1] INFO  server.RaftServerConfigKeys (ConfUtils.java:logGet(43)) - raft.server.log.segment.size.max = 1048576 (custom)
2019-11-05 11:28:19,647 [pool-77-thread-1] INFO  server.RaftServerConfigKeys (ConfUtils.java:logGet(43)) - raft.server.log.segment.cache.num.max = 2 (custom)
2019-11-05 11:28:19,647 [pool-77-thread-1] INFO  segmented.SegmentedRaftLogWorker (SegmentedRaftLogWorker.java:<init>(173)) - new bd42c95e-cd41-4cbd-85b3-b330cc3c4f94@group-0CA4D070D5C4-SegmentedRaftLogWorker for RaftStorage:Storage Directory /workdir/hadoop-ozone/integration-test/target/test-dir/MiniOzoneClusterImpl-6b0fc4fe-9997-4a80-bab7-b3d82b6e3879/datanode-5/data/ratis/30d63c90-c360-440d-8ef2-0ca4d070d5c4
2019-11-05 11:28:19,647 [pool-77-thread-1] INFO  server.RaftServerConfigKeys (ConfUtils.java:logGet(43)) - raft.server.log.queue.byte-limit = 2147483647 (custom)
2019-11-05 11:28:19,647 [pool-77-thread-1] INFO  server.RaftServerConfigKeys (ConfUtils.java:logGet(43)) - raft.server.log.queue.element-limit = 1024 (custom)
2019-11-05 11:28:19,649 [687f579d-1680-4dd5-8b24-01f078298cef@group-E95DC8E8582E-LeaderElection11] INFO  impl.LeaderElection (LeaderElection.java:askForVotes(178)) - 687f579d-1680-4dd5-8b24-01f078298cef@group-E95DC8E8582E-LeaderElection11: begin an election at term 4 for -1: [90ecfa43-dab6-49d9-b30c-40ef62bfdf2a:192.168.157.252:34192, 687f579d-1680-4dd5-8b24-01f078298cef:192.168.157.252:37962, b8bf4e9b-064a-4520-981c-d6c40c833497:192.168.157.252:43407], old=null
2019-11-05 11:28:19,647 [1eca16cc-5184-4e43-8e55-175d1516eae4@group-21C72E9484D5-LeaderElection15] INFO  impl.RoleInfo (RoleInfo.java:shutdownLeaderElection(134)) - 1eca16cc-5184-4e43-8e55-175d1516eae4: shutdown LeaderElection
2019-11-05 11:28:19,645 [pool-27-thread-1] INFO  segmented.SegmentedRaftLogWorker (SegmentedRaftLogWorker.java:<init>(173)) - new d8b77924-76ff-4932-a9fa-7ec761e4cf6b@group-0CA4D070D5C4-SegmentedRaftLogWorker for RaftStorage:Storage Directory /workdir/hadoop-ozone/integration-test/target/test-dir/MiniOzoneClusterImpl-6b0fc4fe-9997-4a80-bab7-b3d82b6e3879/datanode-0/data/ratis/30d63c90-c360-440d-8ef2-0ca4d070d5c4
2019-11-05 11:28:19,649 [1eca16cc-5184-4e43-8e55-175d1516eae4@group-21C72E9484D5-LeaderElection15] INFO  impl.RoleInfo (RoleInfo.java:updateAndGet(143)) - 1eca16cc-5184-4e43-8e55-175d1516eae4: start FollowerState
2019-11-05 11:28:19,649 [pool-77-thread-1] INFO  server.RaftServerConfigKeys (ConfUtils.java:logGet(43)) - raft.server.log.segment.size.max = 1048576 (custom)
2019-11-05 11:28:19,647 [pool-47-thread-1] INFO  storage.RaftStorage (RaftStorage.java:format(84)) - Storage directory /workdir/hadoop-ozone/integration-test/target/test-dir/MiniOzoneClusterImpl-6b0fc4fe-9997-4a80-bab7-b3d82b6e3879/datanode-2/data/ratis/30d63c90-c360-440d-8ef2-0ca4d070d5c4 has been successfully formatted.
2019-11-05 11:28:19,647 [90ecfa43-dab6-49d9-b30c-40ef62bfdf2a@group-E95DC8E8582E-LeaderElection14] INFO  server.RaftServerConfigKeys (ConfUtils.java:logGet(43)) - raft.server.log.appender.snapshot.chunk.size.max = 16MB (=16777216) (default)
2019-11-05 11:28:19,652 [pool-47-thread-1] INFO  ratis.ContainerStateMachine (ContainerStateMachine.java:loadSnapshot(231)) - group-0CA4D070D5C4: The snapshot info is null. Setting the last applied indexto:(t:0, i:~)
2019-11-05 11:28:19,650 [pool-77-thread-1] INFO  server.RaftServerConfigKeys (ConfUtils.java:logGet(43)) - raft.server.log.preallocated.size = 16384 (custom)
2019-11-05 11:28:19,649 [pool-27-thread-1] INFO  server.RaftServerConfigKeys (ConfUtils.java:logGet(43)) - raft.server.log.queue.byte-limit = 2147483647 (custom)
2019-11-05 11:28:19,652 [pool-77-thread-1] INFO  server.RaftServerConfigKeys (ConfUtils.java:logGet(43)) - raft.server.log.write.buffer.size = 33554432 (custom)
2019-11-05 11:28:19,652 [pool-47-thread-1] INFO  server.RaftServerConfigKeys (ConfUtils.java:logGet(43)) - raft.server.notification.no-leader.timeout = 120s (custom)
2019-11-05 11:28:19,652 [90ecfa43-dab6-49d9-b30c-40ef62bfdf2a@group-E95DC8E8582E-LeaderElection14] INFO  server.RaftServerConfigKeys (ConfUtils.java:logGet(43)) - raft.server.log.appender.buffer.byte-limit = 33554432 (custom)
2019-11-05 11:28:19,652 [pool-47-thread-1] INFO  server.RaftServerConfigKeys (ConfUtils.java:logGet(43)) - raft.server.log.use.memory = false (default)
2019-11-05 11:28:19,652 [pool-77-thread-1] INFO  server.RaftServerConfigKeys (ConfUtils.java:logGet(43)) - raft.server.log.force.sync.num = 128 (default)
2019-11-05 11:28:19,652 [pool-27-thread-1] INFO  server.RaftServerConfigKeys (ConfUtils.java:logGet(43)) - raft.server.log.queue.element-limit = 1024 (custom)
2019-11-05 11:28:19,654 [pool-77-thread-1] INFO  server.RaftServerConfigKeys (ConfUtils.java:logGet(43)) - raft.server.log.statemachine.data.sync = true (default)
2019-11-05 11:28:19,654 [pool-47-thread-1] INFO  server.RaftServerConfigKeys (ConfUtils.java:logGet(43)) - raft.server.log.purge.gap = 1000000 (custom)
2019-11-05 11:28:19,652 [90ecfa43-dab6-49d9-b30c-40ef62bfdf2a@group-E95DC8E8582E-LeaderElection14] INFO  server.RaftServerConfigKeys (ConfUtils.java:logGet(43)) - raft.server.log.appender.buffer.element-limit = 1 (custom)
2019-11-05 11:28:19,657 [pool-47-thread-1] INFO  server.RaftServerConfigKeys (ConfUtils.java:logGet(43)) - raft.server.log.appender.buffer.byte-limit = 33554432 (custom)
2019-11-05 11:28:19,657 [90ecfa43-dab6-49d9-b30c-40ef62bfdf2a@group-E95DC8E8582E-LeaderElection14] INFO  grpc.GrpcConfigKeys$Server (ConfUtils.java:logGet(43)) - raft.grpc.server.leader.outstanding.appends.max = 128 (default)
2019-11-05 11:28:19,655 [pool-77-thread-1] INFO  server.RaftServerConfigKeys (ConfUtils.java:logGet(43)) - raft.server.log.statemachine.data.sync.timeout = 10s (default)
2019-11-05 11:28:19,655 [pool-27-thread-1] INFO  server.RaftServerConfigKeys (ConfUtils.java:logGet(43)) - raft.server.log.segment.size.max = 1048576 (custom)
2019-11-05 11:28:19,658 [pool-77-thread-1] INFO  server.RaftServerConfigKeys (ConfUtils.java:logGet(43)) - raft.server.log.statemachine.data.sync.timeout.retry = -1 (default)
2019-11-05 11:28:19,657 [90ecfa43-dab6-49d9-b30c-40ef62bfdf2a@group-E95DC8E8582E-LeaderElection14] INFO  server.RaftServerConfigKeys (ConfUtils.java:logGet(43)) - raft.server.rpc.request.timeout = 3000ms (default)
2019-11-05 11:28:19,657 [pool-47-thread-1] INFO  server.RaftServerConfigKeys (ConfUtils.java:logGet(43)) - raft.server.log.segment.size.max = 1048576 (custom)
2019-11-05 11:28:19,657 [grpc-default-executor-3] INFO  impl.RaftServerImpl (RaftServerImpl.java:setRole(184)) - b8bf4e9b-064a-4520-981c-d6c40c833497@group-E95DC8E8582E: changes role from  FOLLOWER to FOLLOWER at term 4 for recognizeCandidate:687f579d-1680-4dd5-8b24-01f078298cef
2019-11-05 11:28:19,659 [pool-47-thread-1] INFO  server.RaftServerConfigKeys (ConfUtils.java:logGet(43)) - raft.server.log.segment.cache.num.max = 2 (custom)
2019-11-05 11:28:19,659 [f7e9932d-fd96-469a-9353-68e47138e5ff@group-21C72E9484D5-LeaderElection17] INFO  impl.LeaderElection (LeaderElection.java:logAndReturn(56)) - f7e9932d-fd96-469a-9353-68e47138e5ff@group-21C72E9484D5-LeaderElection17: Election REJECTED; received 2 response(s) [f7e9932d-fd96-469a-9353-68e47138e5ff<-1eca16cc-5184-4e43-8e55-175d1516eae4#0:FAIL-t1, f7e9932d-fd96-469a-9353-68e47138e5ff<-74a8fb36-eab9-4c53-b7cf-c565055de05a#0:FAIL-t1] and 0 exception(s); f7e9932d-fd96-469a-9353-68e47138e5ff@group-21C72E9484D5:t1, leader=null, voted=f7e9932d-fd96-469a-9353-68e47138e5ff, raftlog=f7e9932d-fd96-469a-9353-68e47138e5ff@group-21C72E9484D5-SegmentedRaftLog:OPENED:c-1,f-1,i0, conf=-1: [f7e9932d-fd96-469a-9353-68e47138e5ff:192.168.157.252:45025, 1eca16cc-5184-4e43-8e55-175d1516eae4:192.168.157.252:41127, 74a8fb36-eab9-4c53-b7cf-c565055de05a:192.168.157.252:42370], old=null
2019-11-05 11:28:19,658 [90ecfa43-dab6-49d9-b30c-40ef62bfdf2a@group-E95DC8E8582E-LeaderElection14] INFO  server.RaftServerConfigKeys (ConfUtils.java:logGet(43)) - raft.server.log.appender.install.snapshot.enabled = false (custom)
2019-11-05 11:28:19,658 [pool-77-thread-1] INFO  server.RaftServerConfigKeys (ConfUtils.java:logGet(43)) - raft.server.log.statemachine.data.caching.enabled = true (custom)
2019-11-05 11:28:19,658 [pool-27-thread-1] INFO  server.RaftServerConfigKeys (ConfUtils.java:logGet(43)) - raft.server.log.preallocated.size = 16384 (custom)
2019-11-05 11:28:19,678 [pool-77-thread-1] INFO  segmented.SegmentedRaftLogWorker (SegmentedRaftLogWorker.java:lambda$new$0(128)) - bd42c95e-cd41-4cbd-85b3-b330cc3c4f94@group-0CA4D070D5C4-SegmentedRaftLogWorker: flushIndex: setUnconditionally 0 -> -1
2019-11-05 11:28:19,660 [f7e9932d-fd96-469a-9353-68e47138e5ff@group-21C72E9484D5-LeaderElection17] INFO  impl.RaftServerImpl (RaftServerImpl.java:setRole(184)) - f7e9932d-fd96-469a-9353-68e47138e5ff@group-21C72E9484D5: changes role from CANDIDATE to FOLLOWER at term 1 for DISCOVERED_A_NEW_TERM
2019-11-05 11:28:19,660 [pool-47-thread-1] INFO  segmented.SegmentedRaftLogWorker (SegmentedRaftLogWorker.java:<init>(173)) - new 93bc9e78-ae56-4fee-a007-4b156d649157@group-0CA4D070D5C4-SegmentedRaftLogWorker for RaftStorage:Storage Directory /workdir/hadoop-ozone/integration-test/target/test-dir/MiniOzoneClusterImpl-6b0fc4fe-9997-4a80-bab7-b3d82b6e3879/datanode-2/data/ratis/30d63c90-c360-440d-8ef2-0ca4d070d5c4
2019-11-05 11:28:19,660 [grpc-default-executor-3] INFO  impl.RoleInfo (RoleInfo.java:shutdownFollowerState(121)) - b8bf4e9b-064a-4520-981c-d6c40c833497: shutdown FollowerState
2019-11-05 11:28:19,679 [pool-47-thread-1] INFO  server.RaftServerConfigKeys (ConfUtils.java:logGet(43)) - raft.server.log.queue.byte-limit = 2147483647 (custom)
2019-11-05 11:28:19,678 [f7e9932d-fd96-469a-9353-68e47138e5ff@group-21C72E9484D5-LeaderElection17] INFO  impl.RoleInfo (RoleInfo.java:shutdownLeaderElection(134)) - f7e9932d-fd96-469a-9353-68e47138e5ff: shutdown LeaderElection
2019-11-05 11:28:19,678 [pool-27-thread-1] INFO  server.RaftServerConfigKeys (ConfUtils.java:logGet(43)) - raft.server.log.write.buffer.size = 33554432 (custom)
2019-11-05 11:28:19,679 [pool-47-thread-1] INFO  server.RaftServerConfigKeys (ConfUtils.java:logGet(43)) - raft.server.log.queue.element-limit = 1024 (custom)
2019-11-05 11:28:19,679 [pool-27-thread-1] INFO  server.RaftServerConfigKeys (ConfUtils.java:logGet(43)) - raft.server.log.force.sync.num = 128 (default)
2019-11-05 11:28:19,679 [pool-47-thread-1] INFO  server.RaftServerConfigKeys (ConfUtils.java:logGet(43)) - raft.server.log.segment.size.max = 1048576 (custom)
2019-11-05 11:28:19,679 [pool-27-thread-1] INFO  server.RaftServerConfigKeys (ConfUtils.java:logGet(43)) - raft.server.log.statemachine.data.sync = true (default)
2019-11-05 11:28:19,679 [pool-47-thread-1] INFO  server.RaftServerConfigKeys (ConfUtils.java:logGet(43)) - raft.server.log.preallocated.size = 16384 (custom)
2019-11-05 11:28:19,679 [pool-27-thread-1] INFO  server.RaftServerConfigKeys (ConfUtils.java:logGet(43)) - raft.server.log.statemachine.data.sync.timeout = 10s (default)
2019-11-05 11:28:19,679 [pool-47-thread-1] INFO  server.RaftServerConfigKeys (ConfUtils.java:logGet(43)) - raft.server.log.write.buffer.size = 33554432 (custom)
2019-11-05 11:28:19,680 [pool-27-thread-1] INFO  server.RaftServerConfigKeys (ConfUtils.java:logGet(43)) - raft.server.log.statemachine.data.sync.timeout.retry = -1 (default)
2019-11-05 11:28:19,680 [pool-47-thread-1] INFO  server.RaftServerConfigKeys (ConfUtils.java:logGet(43)) - raft.server.log.force.sync.num = 128 (default)
2019-11-05 11:28:19,680 [pool-47-thread-1] INFO  server.RaftServerConfigKeys (ConfUtils.java:logGet(43)) - raft.server.log.statemachine.data.sync = true (default)
2019-11-05 11:28:19,680 [pool-47-thread-1] INFO  server.RaftServerConfigKeys (ConfUtils.java:logGet(43)) - raft.server.log.statemachine.data.sync.timeout = 10s (default)
2019-11-05 11:28:19,680 [pool-47-thread-1] INFO  server.RaftServerConfigKeys (ConfUtils.java:logGet(43)) - raft.server.log.statemachine.data.sync.timeout.retry = -1 (default)
2019-11-05 11:28:19,680 [74a8fb36-eab9-4c53-b7cf-c565055de05a@group-21C72E9484D5-LeaderElection16] INFO  impl.LeaderElection (LeaderElection.java:logAndReturn(56)) - 74a8fb36-eab9-4c53-b7cf-c565055de05a@group-21C72E9484D5-LeaderElection16: Election REJECTED; received 2 response(s) [74a8fb36-eab9-4c53-b7cf-c565055de05a<-1eca16cc-5184-4e43-8e55-175d1516eae4#0:FAIL-t1, 74a8fb36-eab9-4c53-b7cf-c565055de05a<-f7e9932d-fd96-469a-9353-68e47138e5ff#0:FAIL-t1] and 0 exception(s); 74a8fb36-eab9-4c53-b7cf-c565055de05a@group-21C72E9484D5:t1, leader=null, voted=74a8fb36-eab9-4c53-b7cf-c565055de05a, raftlog=74a8fb36-eab9-4c53-b7cf-c565055de05a@group-21C72E9484D5-SegmentedRaftLog:OPENED:c-1,f-1,i0, conf=-1: [f7e9932d-fd96-469a-9353-68e47138e5ff:192.168.157.252:45025, 1eca16cc-5184-4e43-8e55-175d1516eae4:192.168.157.252:41127, 74a8fb36-eab9-4c53-b7cf-c565055de05a:192.168.157.252:42370], old=null
2019-11-05 11:28:19,684 [74a8fb36-eab9-4c53-b7cf-c565055de05a@group-21C72E9484D5-LeaderElection16] INFO  impl.RaftServerImpl (RaftServerImpl.java:setRole(184)) - 74a8fb36-eab9-4c53-b7cf-c565055de05a@group-21C72E9484D5: changes role from CANDIDATE to FOLLOWER at term 1 for DISCOVERED_A_NEW_TERM
2019-11-05 11:28:19,699 [74a8fb36-eab9-4c53-b7cf-c565055de05a@group-21C72E9484D5-LeaderElection16] INFO  impl.RoleInfo (RoleInfo.java:shutdownLeaderElection(134)) - 74a8fb36-eab9-4c53-b7cf-c565055de05a: shutdown LeaderElection
2019-11-05 11:28:19,699 [74a8fb36-eab9-4c53-b7cf-c565055de05a@group-21C72E9484D5-LeaderElection16] INFO  impl.RoleInfo (RoleInfo.java:updateAndGet(143)) - 74a8fb36-eab9-4c53-b7cf-c565055de05a: start FollowerState
2019-11-05 11:28:19,695 [90ecfa43-dab6-49d9-b30c-40ef62bfdf2a@group-E95DC8E8582E-LeaderElection14] INFO  impl.RoleInfo (RoleInfo.java:updateAndGet(143)) - 90ecfa43-dab6-49d9-b30c-40ef62bfdf2a: start LeaderState
2019-11-05 11:28:19,694 [Thread-390] INFO  impl.FollowerState (FollowerState.java:run(108)) - 1eca16cc-5184-4e43-8e55-175d1516eae4@group-21C72E9484D5-FollowerState: change to CANDIDATE, lastRpcTime:45ms, electionTimeout:43ms
2019-11-05 11:28:19,684 [pool-47-thread-1] INFO  server.RaftServerConfigKeys (ConfUtils.java:logGet(43)) - raft.server.log.statemachine.data.caching.enabled = true (custom)
2019-11-05 11:28:19,684 [pool-27-thread-1] INFO  server.RaftServerConfigKeys (ConfUtils.java:logGet(43)) - raft.server.log.statemachine.data.caching.enabled = true (custom)
2019-11-05 11:28:19,722 [90ecfa43-dab6-49d9-b30c-40ef62bfdf2a@group-E95DC8E8582E-LeaderElection14] INFO  segmented.SegmentedRaftLogWorker (SegmentedRaftLogWorker.java:startLogSegment(385)) - 90ecfa43-dab6-49d9-b30c-40ef62bfdf2a@group-E95DC8E8582E-SegmentedRaftLogWorker: Starting segment from index:0
2019-11-05 11:28:19,689 [pool-77-thread-1] INFO  server.RaftServerConfigKeys (ConfUtils.java:logGet(43)) - raft.server.snapshot.auto.trigger.enabled = true (custom)
2019-11-05 11:28:19,722 [pool-47-thread-1] INFO  segmented.SegmentedRaftLogWorker (SegmentedRaftLogWorker.java:lambda$new$0(128)) - 93bc9e78-ae56-4fee-a007-4b156d649157@group-0CA4D070D5C4-SegmentedRaftLogWorker: flushIndex: setUnconditionally 0 -> -1
2019-11-05 11:28:19,688 [grpc-default-executor-3] INFO  impl.RoleInfo (RoleInfo.java:updateAndGet(143)) - b8bf4e9b-064a-4520-981c-d6c40c833497: start FollowerState
2019-11-05 11:28:19,688 [Thread-382] INFO  impl.FollowerState (FollowerState.java:run(117)) - b8bf4e9b-064a-4520-981c-d6c40c833497@group-E95DC8E8582E-FollowerState was interrupted: java.lang.InterruptedException: sleep interrupted
2019-11-05 11:28:19,688 [f7e9932d-fd96-469a-9353-68e47138e5ff@group-21C72E9484D5-LeaderElection17] INFO  impl.RoleInfo (RoleInfo.java:updateAndGet(143)) - f7e9932d-fd96-469a-9353-68e47138e5ff: start FollowerState
2019-11-05 11:28:19,723 [pool-47-thread-1] INFO  server.RaftServerConfigKeys (ConfUtils.java:logGet(43)) - raft.server.snapshot.auto.trigger.enabled = true (custom)
2019-11-05 11:28:19,723 [pool-77-thread-1] INFO  server.RaftServerConfigKeys (ConfUtils.java:logGet(43)) - raft.server.snapshot.auto.trigger.threshold = 10000 (custom)
2019-11-05 11:28:19,723 [pool-77-thread-1] INFO  server.RaftServerConfigKeys (ConfUtils.java:logGet(43)) - raft.server.snapshot.retention.file.num = 5 (custom)
2019-11-05 11:28:19,722 [Thread-390] INFO  impl.RoleInfo (RoleInfo.java:shutdownFollowerState(121)) - 1eca16cc-5184-4e43-8e55-175d1516eae4: shutdown FollowerState
2019-11-05 11:28:19,715 [687f579d-1680-4dd5-8b24-01f078298cef@group-E95DC8E8582E-LeaderElection11] INFO  impl.LeaderElection (LeaderElection.java:logAndReturn(56)) - 687f579d-1680-4dd5-8b24-01f078298cef@group-E95DC8E8582E-LeaderElection11: Election TIMEOUT; received 0 response(s) [] and 0 exception(s); 687f579d-1680-4dd5-8b24-01f078298cef@group-E95DC8E8582E:t4, leader=null, voted=687f579d-1680-4dd5-8b24-01f078298cef, raftlog=687f579d-1680-4dd5-8b24-01f078298cef@group-E95DC8E8582E-SegmentedRaftLog:OPENED:c-1,f-1,i0, conf=-1: [90ecfa43-dab6-49d9-b30c-40ef62bfdf2a:192.168.157.252:34192, 687f579d-1680-4dd5-8b24-01f078298cef:192.168.157.252:37962, b8bf4e9b-064a-4520-981c-d6c40c833497:192.168.157.252:43407], old=null
2019-11-05 11:28:19,724 [Thread-390] INFO  impl.RaftServerImpl (RaftServerImpl.java:setRole(184)) - 1eca16cc-5184-4e43-8e55-175d1516eae4@group-21C72E9484D5: changes role from  FOLLOWER to CANDIDATE at term 1 for changeToCandidate
2019-11-05 11:28:19,723 [pool-47-thread-1] INFO  server.RaftServerConfigKeys (ConfUtils.java:logGet(43)) - raft.server.snapshot.auto.trigger.threshold = 10000 (custom)
2019-11-05 11:28:19,767 [pool-47-thread-1] INFO  server.RaftServerConfigKeys (ConfUtils.java:logGet(43)) - raft.server.snapshot.retention.file.num = 5 (custom)
2019-11-05 11:28:19,732 [90ecfa43-dab6-49d9-b30c-40ef62bfdf2a@group-E95DC8E8582E-LeaderElection14] INFO  impl.RaftServerImpl (ServerState.java:setRaftConf(357)) - 90ecfa43-dab6-49d9-b30c-40ef62bfdf2a@group-E95DC8E8582E: set configuration 0: [90ecfa43-dab6-49d9-b30c-40ef62bfdf2a:192.168.157.252:34192, 687f579d-1680-4dd5-8b24-01f078298cef:192.168.157.252:37962, b8bf4e9b-064a-4520-981c-d6c40c833497:192.168.157.252:43407], old=null at 0
2019-11-05 11:28:19,732 [pool-77-thread-1] INFO  server.RaftServerConfigKeys (ConfUtils.java:logGet(43)) - raft.server.retrycache.expirytime = 600000ms (custom)
2019-11-05 11:28:19,768 [687f579d-1680-4dd5-8b24-01f078298cef@group-E95DC8E8582E-LeaderElection11] INFO  impl.LeaderElection (LeaderElection.java:askForVotes(178)) - 687f579d-1680-4dd5-8b24-01f078298cef@group-E95DC8E8582E-LeaderElection11: begin an election at term 5 for -1: [90ecfa43-dab6-49d9-b30c-40ef62bfdf2a:192.168.157.252:34192, 687f579d-1680-4dd5-8b24-01f078298cef:192.168.157.252:37962, b8bf4e9b-064a-4520-981c-d6c40c833497:192.168.157.252:43407], old=null
2019-11-05 11:28:19,768 [pool-27-thread-1] INFO  segmented.SegmentedRaftLogWorker (SegmentedRaftLogWorker.java:lambda$new$0(128)) - d8b77924-76ff-4932-a9fa-7ec761e4cf6b@group-0CA4D070D5C4-SegmentedRaftLogWorker: flushIndex: setUnconditionally 0 -> -1
2019-11-05 11:28:19,769 [pool-27-thread-1] INFO  server.RaftServerConfigKeys (ConfUtils.java:logGet(43)) - raft.server.snapshot.auto.trigger.enabled = true (custom)
2019-11-05 11:28:19,769 [pool-27-thread-1] INFO  server.RaftServerConfigKeys (ConfUtils.java:logGet(43)) - raft.server.snapshot.auto.trigger.threshold = 10000 (custom)
2019-11-05 11:28:19,769 [pool-27-thread-1] INFO  server.RaftServerConfigKeys (ConfUtils.java:logGet(43)) - raft.server.snapshot.retention.file.num = 5 (custom)
2019-11-05 11:28:19,731 [Thread-390] INFO  impl.RoleInfo (RoleInfo.java:updateAndGet(143)) - 1eca16cc-5184-4e43-8e55-175d1516eae4: start LeaderElection
2019-11-05 11:28:19,771 [pool-47-thread-1] INFO  server.RaftServerConfigKeys (ConfUtils.java:logGet(43)) - raft.server.retrycache.expirytime = 600000ms (custom)
2019-11-05 11:28:19,771 [pool-27-thread-1] INFO  server.RaftServerConfigKeys (ConfUtils.java:logGet(43)) - raft.server.retrycache.expirytime = 600000ms (custom)
2019-11-05 11:28:19,771 [grpc-default-executor-4] INFO  impl.RaftServerImpl (ServerState.java:setLeader(256)) - 90ecfa43-dab6-49d9-b30c-40ef62bfdf2a@group-E95DC8E8582E: change Leader from 90ecfa43-dab6-49d9-b30c-40ef62bfdf2a to null at term 4 for updateCurrentTerm
2019-11-05 11:28:19,771 [grpc-default-executor-4] INFO  impl.RaftServerImpl (RaftServerImpl.java:setRole(184)) - 90ecfa43-dab6-49d9-b30c-40ef62bfdf2a@group-E95DC8E8582E: changes role from    LEADER to FOLLOWER at term 4 for recognizeCandidate:687f579d-1680-4dd5-8b24-01f078298cef
2019-11-05 11:28:19,771 [grpc-default-executor-4] INFO  impl.RoleInfo (RoleInfo.java:shutdownLeaderState(104)) - 90ecfa43-dab6-49d9-b30c-40ef62bfdf2a: shutdown LeaderState
2019-11-05 11:28:19,777 [90ecfa43-dab6-49d9-b30c-40ef62bfdf2a@group-E95DC8E8582E-SegmentedRaftLogWorker] INFO  segmented.SegmentedRaftLogWorker (SegmentedRaftLogWorker.java:execute(576)) - 90ecfa43-dab6-49d9-b30c-40ef62bfdf2a@group-E95DC8E8582E-SegmentedRaftLogWorker: created new log segment /workdir/hadoop-ozone/integration-test/target/test-dir/MiniOzoneClusterImpl-6b0fc4fe-9997-4a80-bab7-b3d82b6e3879/datanode-7/data/ratis/39b8c3ef-63ee-4bf5-b68f-e95dc8e8582e/current/log_inprogress_0
2019-11-05 11:28:19,778 [1eca16cc-5184-4e43-8e55-175d1516eae4@group-21C72E9484D5-LeaderElection18] INFO  impl.LeaderElection (LeaderElection.java:askForVotes(178)) - 1eca16cc-5184-4e43-8e55-175d1516eae4@group-21C72E9484D5-LeaderElection18: begin an election at term 2 for -1: [f7e9932d-fd96-469a-9353-68e47138e5ff:192.168.157.252:45025, 1eca16cc-5184-4e43-8e55-175d1516eae4:192.168.157.252:41127, 74a8fb36-eab9-4c53-b7cf-c565055de05a:192.168.157.252:42370], old=null
2019-11-05 11:28:19,792 [Thread-393] INFO  impl.FollowerState (FollowerState.java:run(108)) - b8bf4e9b-064a-4520-981c-d6c40c833497@group-E95DC8E8582E-FollowerState: change to CANDIDATE, lastRpcTime:103ms, electionTimeout:26ms
2019-11-05 11:28:19,793 [Thread-393] INFO  impl.RoleInfo (RoleInfo.java:shutdownFollowerState(121)) - b8bf4e9b-064a-4520-981c-d6c40c833497: shutdown FollowerState
2019-11-05 11:28:19,793 [Thread-393] INFO  impl.RaftServerImpl (RaftServerImpl.java:setRole(184)) - b8bf4e9b-064a-4520-981c-d6c40c833497@group-E95DC8E8582E: changes role from  FOLLOWER to CANDIDATE at term 4 for changeToCandidate
2019-11-05 11:28:19,793 [Thread-393] INFO  impl.RoleInfo (RoleInfo.java:updateAndGet(143)) - b8bf4e9b-064a-4520-981c-d6c40c833497: start LeaderElection
2019-11-05 11:28:19,799 [grpc-default-executor-5] INFO  impl.RaftServerImpl (RaftServerImpl.java:setRole(184)) - 74a8fb36-eab9-4c53-b7cf-c565055de05a@group-21C72E9484D5: changes role from  FOLLOWER to FOLLOWER at term 2 for recognizeCandidate:1eca16cc-5184-4e43-8e55-175d1516eae4
2019-11-05 11:28:19,800 [grpc-default-executor-5] INFO  impl.RoleInfo (RoleInfo.java:shutdownFollowerState(121)) - 74a8fb36-eab9-4c53-b7cf-c565055de05a: shutdown FollowerState
2019-11-05 11:28:19,800 [grpc-default-executor-5] INFO  impl.RoleInfo (RoleInfo.java:updateAndGet(143)) - 74a8fb36-eab9-4c53-b7cf-c565055de05a: start FollowerState
2019-11-05 11:28:19,800 [Thread-394] INFO  impl.FollowerState (FollowerState.java:run(117)) - 74a8fb36-eab9-4c53-b7cf-c565055de05a@group-21C72E9484D5-FollowerState was interrupted: java.lang.InterruptedException: sleep interrupted
2019-11-05 11:28:19,802 [pool-77-thread-1] INFO  impl.RaftServerImpl (RaftServerImpl.java:start(195)) - bd42c95e-cd41-4cbd-85b3-b330cc3c4f94@group-0CA4D070D5C4: start as a follower, conf=-1: [93bc9e78-ae56-4fee-a007-4b156d649157:192.168.157.252:38000, d8b77924-76ff-4932-a9fa-7ec761e4cf6b:192.168.157.252:40377, bd42c95e-cd41-4cbd-85b3-b330cc3c4f94:192.168.157.252:33158], old=null
2019-11-05 11:28:19,803 [grpc-default-executor-0] INFO  impl.RaftServerImpl (RaftServerImpl.java:setRole(184)) - f7e9932d-fd96-469a-9353-68e47138e5ff@group-21C72E9484D5: changes role from  FOLLOWER to FOLLOWER at term 2 for recognizeCandidate:1eca16cc-5184-4e43-8e55-175d1516eae4
2019-11-05 11:28:19,804 [grpc-default-executor-0] INFO  impl.RoleInfo (RoleInfo.java:shutdownFollowerState(121)) - f7e9932d-fd96-469a-9353-68e47138e5ff: shutdown FollowerState
2019-11-05 11:28:19,804 [Thread-392] INFO  impl.FollowerState (FollowerState.java:run(117)) - f7e9932d-fd96-469a-9353-68e47138e5ff@group-21C72E9484D5-FollowerState was interrupted: java.lang.InterruptedException: sleep interrupted
2019-11-05 11:28:19,803 [pool-27-thread-1] INFO  impl.RaftServerImpl (RaftServerImpl.java:start(195)) - d8b77924-76ff-4932-a9fa-7ec761e4cf6b@group-0CA4D070D5C4: start as a follower, conf=-1: [93bc9e78-ae56-4fee-a007-4b156d649157:192.168.157.252:38000, d8b77924-76ff-4932-a9fa-7ec761e4cf6b:192.168.157.252:40377, bd42c95e-cd41-4cbd-85b3-b330cc3c4f94:192.168.157.252:33158], old=null
2019-11-05 11:28:19,804 [pool-27-thread-1] INFO  impl.RaftServerImpl (RaftServerImpl.java:setRole(184)) - d8b77924-76ff-4932-a9fa-7ec761e4cf6b@group-0CA4D070D5C4: changes role from      null to FOLLOWER at term 0 for startAsFollower
2019-11-05 11:28:19,804 [pool-27-thread-1] INFO  impl.RoleInfo (RoleInfo.java:updateAndGet(143)) - d8b77924-76ff-4932-a9fa-7ec761e4cf6b: start FollowerState
2019-11-05 11:28:19,804 [grpc-default-executor-0] INFO  impl.RoleInfo (RoleInfo.java:updateAndGet(143)) - f7e9932d-fd96-469a-9353-68e47138e5ff: start FollowerState
2019-11-05 11:28:19,805 [grpc-default-executor-4] INFO  impl.PendingRequests (PendingRequests.java:sendNotLeaderResponses(202)) - 90ecfa43-dab6-49d9-b30c-40ef62bfdf2a@group-E95DC8E8582E-PendingRequests: sendNotLeaderResponses
2019-11-05 11:28:19,816 [org.apache.ratis.server.impl.LogAppender$AppenderDaemon$$Lambda$468/2048678591@3a2814bc] WARN  server.GrpcLogAppender (GrpcLogAppender.java:mayWait(149)) - 90ecfa43-dab6-49d9-b30c-40ef62bfdf2a@group-E95DC8E8582E->687f579d-1680-4dd5-8b24-01f078298cef-GrpcLogAppender: Wait interrupted by java.lang.InterruptedException
2019-11-05 11:28:19,817 [grpc-default-executor-4] INFO  impl.RoleInfo (RoleInfo.java:updateAndGet(143)) - 90ecfa43-dab6-49d9-b30c-40ef62bfdf2a: start FollowerState
2019-11-05 11:28:19,803 [pool-77-thread-1] INFO  impl.RaftServerImpl (RaftServerImpl.java:setRole(184)) - bd42c95e-cd41-4cbd-85b3-b330cc3c4f94@group-0CA4D070D5C4: changes role from      null to FOLLOWER at term 0 for startAsFollower
2019-11-05 11:28:19,817 [org.apache.ratis.server.impl.LogAppender$AppenderDaemon$$Lambda$468/2048678591@20c46a7c] WARN  server.GrpcLogAppender (GrpcLogAppender.java:mayWait(149)) - 90ecfa43-dab6-49d9-b30c-40ef62bfdf2a@group-E95DC8E8582E->b8bf4e9b-064a-4520-981c-d6c40c833497-GrpcLogAppender: Wait interrupted by java.lang.InterruptedException
2019-11-05 11:28:19,815 [pool-47-thread-1] INFO  impl.RaftServerImpl (RaftServerImpl.java:start(195)) - 93bc9e78-ae56-4fee-a007-4b156d649157@group-0CA4D070D5C4: start as a follower, conf=-1: [93bc9e78-ae56-4fee-a007-4b156d649157:192.168.157.252:38000, d8b77924-76ff-4932-a9fa-7ec761e4cf6b:192.168.157.252:40377, bd42c95e-cd41-4cbd-85b3-b330cc3c4f94:192.168.157.252:33158], old=null
2019-11-05 11:28:19,815 [pool-27-thread-1] INFO  util.JmxRegister (JmxRegister.java:tryRegister(44)) - Successfully registered JMX Bean with object name Ratis:service=RaftServer,group=group-0CA4D070D5C4,id=d8b77924-76ff-4932-a9fa-7ec761e4cf6b
2019-11-05 11:28:19,814 [687f579d-1680-4dd5-8b24-01f078298cef@group-E95DC8E8582E-LeaderElection11] INFO  impl.LeaderElection (LeaderElection.java:logAndReturn(56)) - 687f579d-1680-4dd5-8b24-01f078298cef@group-E95DC8E8582E-LeaderElection11: Election TIMEOUT; received 0 response(s) [] and 0 exception(s); 687f579d-1680-4dd5-8b24-01f078298cef@group-E95DC8E8582E:t5, leader=null, voted=687f579d-1680-4dd5-8b24-01f078298cef, raftlog=687f579d-1680-4dd5-8b24-01f078298cef@group-E95DC8E8582E-SegmentedRaftLog:OPENED:c-1,f-1,i0, conf=-1: [90ecfa43-dab6-49d9-b30c-40ef62bfdf2a:192.168.157.252:34192, 687f579d-1680-4dd5-8b24-01f078298cef:192.168.157.252:37962, b8bf4e9b-064a-4520-981c-d6c40c833497:192.168.157.252:43407], old=null
2019-11-05 11:28:19,821 [pool-47-thread-1] INFO  impl.RaftServerImpl (RaftServerImpl.java:setRole(184)) - 93bc9e78-ae56-4fee-a007-4b156d649157@group-0CA4D070D5C4: changes role from      null to FOLLOWER at term 0 for startAsFollower
2019-11-05 11:28:19,822 [pool-47-thread-1] INFO  impl.RoleInfo (RoleInfo.java:updateAndGet(143)) - 93bc9e78-ae56-4fee-a007-4b156d649157: start FollowerState
2019-11-05 11:28:19,823 [pool-47-thread-1] INFO  util.JmxRegister (JmxRegister.java:tryRegister(44)) - Successfully registered JMX Bean with object name Ratis:service=RaftServer,group=group-0CA4D070D5C4,id=93bc9e78-ae56-4fee-a007-4b156d649157
2019-11-05 11:28:19,836 [grpc-default-executor-3] INFO  impl.RaftServerImpl (RaftServerImpl.java:setRole(184)) - 90ecfa43-dab6-49d9-b30c-40ef62bfdf2a@group-E95DC8E8582E: changes role from  FOLLOWER to FOLLOWER at term 5 for recognizeCandidate:687f579d-1680-4dd5-8b24-01f078298cef
2019-11-05 11:28:19,841 [grpc-default-executor-7] INFO  server.GrpcServerProtocolService (GrpcServerProtocolService.java:onCompleted(113)) - b8bf4e9b-064a-4520-981c-d6c40c833497: Completed APPEND_ENTRIES, lastRequest: null
2019-11-05 11:28:19,845 [687f579d-1680-4dd5-8b24-01f078298cef@group-E95DC8E8582E-LeaderElection11] INFO  impl.LeaderElection (LeaderElection.java:askForVotes(178)) - 687f579d-1680-4dd5-8b24-01f078298cef@group-E95DC8E8582E-LeaderElection11: begin an election at term 6 for -1: [90ecfa43-dab6-49d9-b30c-40ef62bfdf2a:192.168.157.252:34192, 687f579d-1680-4dd5-8b24-01f078298cef:192.168.157.252:37962, b8bf4e9b-064a-4520-981c-d6c40c833497:192.168.157.252:43407], old=null
2019-11-05 11:28:19,845 [pool-77-thread-1] INFO  impl.RoleInfo (RoleInfo.java:updateAndGet(143)) - bd42c95e-cd41-4cbd-85b3-b330cc3c4f94: start FollowerState
2019-11-05 11:28:19,840 [grpc-default-executor-6] INFO  server.GrpcServerProtocolService (GrpcServerProtocolService.java:onCompleted(113)) - 687f579d-1680-4dd5-8b24-01f078298cef: Completed APPEND_ENTRIES, lastRequest: null
2019-11-05 11:28:19,836 [b8bf4e9b-064a-4520-981c-d6c40c833497@group-E95DC8E8582E-LeaderElection19] INFO  impl.LeaderElection (LeaderElection.java:askForVotes(178)) - b8bf4e9b-064a-4520-981c-d6c40c833497@group-E95DC8E8582E-LeaderElection19: begin an election at term 5 for -1: [90ecfa43-dab6-49d9-b30c-40ef62bfdf2a:192.168.157.252:34192, 687f579d-1680-4dd5-8b24-01f078298cef:192.168.157.252:37962, b8bf4e9b-064a-4520-981c-d6c40c833497:192.168.157.252:43407], old=null
2019-11-05 11:28:19,846 [pool-77-thread-1] INFO  util.JmxRegister (JmxRegister.java:tryRegister(44)) - Successfully registered JMX Bean with object name Ratis:service=RaftServer,group=group-0CA4D070D5C4,id=bd42c95e-cd41-4cbd-85b3-b330cc3c4f94
2019-11-05 11:28:19,845 [grpc-default-executor-3] INFO  impl.RoleInfo (RoleInfo.java:shutdownFollowerState(121)) - 90ecfa43-dab6-49d9-b30c-40ef62bfdf2a: shutdown FollowerState
2019-11-05 11:28:19,847 [grpc-default-executor-6] INFO  server.GrpcLogAppender (GrpcLogAppender.java:onCompleted(308)) - 90ecfa43-dab6-49d9-b30c-40ef62bfdf2a@group-E95DC8E8582E->687f579d-1680-4dd5-8b24-01f078298cef-AppendLogResponseHandler: follower responses appendEntries COMPLETED
2019-11-05 11:28:19,871 [1eca16cc-5184-4e43-8e55-175d1516eae4@group-21C72E9484D5-LeaderElection18] INFO  impl.LeaderElection (LeaderElection.java:logAndReturn(56)) - 1eca16cc-5184-4e43-8e55-175d1516eae4@group-21C72E9484D5-LeaderElection18: Election PASSED; received 1 response(s) [1eca16cc-5184-4e43-8e55-175d1516eae4<-74a8fb36-eab9-4c53-b7cf-c565055de05a#0:OK-t2] and 0 exception(s); 1eca16cc-5184-4e43-8e55-175d1516eae4@group-21C72E9484D5:t2, leader=null, voted=1eca16cc-5184-4e43-8e55-175d1516eae4, raftlog=1eca16cc-5184-4e43-8e55-175d1516eae4@group-21C72E9484D5-SegmentedRaftLog:OPENED:c-1,f-1,i0, conf=-1: [f7e9932d-fd96-469a-9353-68e47138e5ff:192.168.157.252:45025, 1eca16cc-5184-4e43-8e55-175d1516eae4:192.168.157.252:41127, 74a8fb36-eab9-4c53-b7cf-c565055de05a:192.168.157.252:42370], old=null
2019-11-05 11:28:19,872 [grpc-default-executor-3] INFO  impl.RoleInfo (RoleInfo.java:updateAndGet(143)) - 90ecfa43-dab6-49d9-b30c-40ef62bfdf2a: start FollowerState
2019-11-05 11:28:19,885 [Thread-404] INFO  impl.FollowerState (FollowerState.java:run(108)) - 74a8fb36-eab9-4c53-b7cf-c565055de05a@group-21C72E9484D5-FollowerState: change to CANDIDATE, lastRpcTime:84ms, electionTimeout:83ms
2019-11-05 11:28:19,924 [Thread-404] INFO  impl.RoleInfo (RoleInfo.java:shutdownFollowerState(121)) - 74a8fb36-eab9-4c53-b7cf-c565055de05a: shutdown FollowerState
2019-11-05 11:28:19,924 [Thread-404] INFO  impl.RaftServerImpl (RaftServerImpl.java:setRole(184)) - 74a8fb36-eab9-4c53-b7cf-c565055de05a@group-21C72E9484D5: changes role from  FOLLOWER to CANDIDATE at term 2 for changeToCandidate
2019-11-05 11:28:19,899 [b8bf4e9b-064a-4520-981c-d6c40c833497@group-E95DC8E8582E-LeaderElection19] INFO  impl.LeaderElection (LeaderElection.java:logAndReturn(56)) - b8bf4e9b-064a-4520-981c-d6c40c833497@group-E95DC8E8582E-LeaderElection19: Election TIMEOUT; received 0 response(s) [] and 0 exception(s); b8bf4e9b-064a-4520-981c-d6c40c833497@group-E95DC8E8582E:t5, leader=null, voted=b8bf4e9b-064a-4520-981c-d6c40c833497, raftlog=b8bf4e9b-064a-4520-981c-d6c40c833497@group-E95DC8E8582E-SegmentedRaftLog:OPENED:c-1,f-1,i0, conf=-1: [90ecfa43-dab6-49d9-b30c-40ef62bfdf2a:192.168.157.252:34192, 687f579d-1680-4dd5-8b24-01f078298cef:192.168.157.252:37962, b8bf4e9b-064a-4520-981c-d6c40c833497:192.168.157.252:43407], old=null
2019-11-05 11:28:19,894 [grpc-default-executor-7] INFO  impl.RaftServerImpl (RaftServerImpl.java:setRole(184)) - 90ecfa43-dab6-49d9-b30c-40ef62bfdf2a@group-E95DC8E8582E: changes role from  FOLLOWER to FOLLOWER at term 5 for recognizeCandidate:b8bf4e9b-064a-4520-981c-d6c40c833497
2019-11-05 11:28:19,892 [grpc-default-executor-6] INFO  impl.FollowerInfo (FollowerInfo.java:lambda$new$0(51)) - 90ecfa43-dab6-49d9-b30c-40ef62bfdf2a@group-E95DC8E8582E->687f579d-1680-4dd5-8b24-01f078298cef: nextIndex: updateUnconditionally 0 -> 0
2019-11-05 11:28:19,891 [Thread-407] INFO  impl.FollowerState (FollowerState.java:run(117)) - 90ecfa43-dab6-49d9-b30c-40ef62bfdf2a@group-E95DC8E8582E-FollowerState was interrupted: java.lang.InterruptedException: sleep interrupted
2019-11-05 11:28:19,891 [1eca16cc-5184-4e43-8e55-175d1516eae4@group-21C72E9484D5-LeaderElection18] INFO  impl.RoleInfo (RoleInfo.java:shutdownLeaderElection(134)) - 1eca16cc-5184-4e43-8e55-175d1516eae4: shutdown LeaderElection
2019-11-05 11:28:19,963 [1eca16cc-5184-4e43-8e55-175d1516eae4@group-21C72E9484D5-LeaderElection18] INFO  impl.RaftServerImpl (RaftServerImpl.java:setRole(184)) - 1eca16cc-5184-4e43-8e55-175d1516eae4@group-21C72E9484D5: changes role from CANDIDATE to LEADER at term 2 for changeToLeader
2019-11-05 11:28:19,964 [1eca16cc-5184-4e43-8e55-175d1516eae4@group-21C72E9484D5-LeaderElection18] INFO  impl.RaftServerImpl (ServerState.java:setLeader(256)) - 1eca16cc-5184-4e43-8e55-175d1516eae4@group-21C72E9484D5: change Leader from null to 1eca16cc-5184-4e43-8e55-175d1516eae4 at term 2 for becomeLeader, leader elected after 591ms
2019-11-05 11:28:19,964 [1eca16cc-5184-4e43-8e55-175d1516eae4@group-21C72E9484D5-LeaderElection18] INFO  server.RaftServerConfigKeys (ConfUtils.java:logGet(43)) - raft.server.staging.catchup.gap = 1000 (default)
2019-11-05 11:28:19,964 [1eca16cc-5184-4e43-8e55-175d1516eae4@group-21C72E9484D5-LeaderElection18] INFO  server.RaftServerConfigKeys (ConfUtils.java:logGet(43)) - raft.server.rpc.sleep.time = 25ms (default)
2019-11-05 11:28:19,964 [1eca16cc-5184-4e43-8e55-175d1516eae4@group-21C72E9484D5-LeaderElection18] INFO  server.RaftServerConfigKeys (ConfUtils.java:logGet(43)) - raft.server.write.element-limit = 4096 (default)
2019-11-05 11:28:19,964 [1eca16cc-5184-4e43-8e55-175d1516eae4@group-21C72E9484D5-LeaderElection18] INFO  server.RaftServerConfigKeys (ConfUtils.java:logGet(43)) - raft.server.watch.timeout = 10s (default)
2019-11-05 11:28:19,964 [1eca16cc-5184-4e43-8e55-175d1516eae4@group-21C72E9484D5-LeaderElection18] INFO  server.RaftServerConfigKeys (ConfUtils.java:logGet(43)) - raft.server.watch.timeout.denomination = 1s (default)
2019-11-05 11:28:19,965 [1eca16cc-5184-4e43-8e55-175d1516eae4@group-21C72E9484D5-LeaderElection18] INFO  server.RaftServerConfigKeys (ConfUtils.java:logGet(43)) - raft.server.watch.element-limit = 65536 (default)
2019-11-05 11:28:19,886 [grpc-default-executor-8] INFO  server.GrpcLogAppender (GrpcLogAppender.java:onCompleted(308)) - 90ecfa43-dab6-49d9-b30c-40ef62bfdf2a@group-E95DC8E8582E->b8bf4e9b-064a-4520-981c-d6c40c833497-AppendLogResponseHandler: follower responses appendEntries COMPLETED
2019-11-05 11:28:19,944 [b8bf4e9b-064a-4520-981c-d6c40c833497@group-E95DC8E8582E-LeaderElection19] INFO  impl.LeaderElection (LeaderElection.java:askForVotes(178)) - b8bf4e9b-064a-4520-981c-d6c40c833497@group-E95DC8E8582E-LeaderElection19: begin an election at term 6 for -1: [90ecfa43-dab6-49d9-b30c-40ef62bfdf2a:192.168.157.252:34192, 687f579d-1680-4dd5-8b24-01f078298cef:192.168.157.252:37962, b8bf4e9b-064a-4520-981c-d6c40c833497:192.168.157.252:43407], old=null
2019-11-05 11:28:19,978 [RatisPipelineUtilsThread] INFO  pipeline.PipelineStateManager (PipelineStateManager.java:addPipeline(56)) - Created pipeline Pipeline[ Id: 30d63c90-c360-440d-8ef2-0ca4d070d5c4, Nodes: bd42c95e-cd41-4cbd-85b3-b330cc3c4f94{ip: 192.168.157.252, host: pr-hdds-1643-qwrct-1900426900, networkLocation: /default-rack, certSerialId: null}d8b77924-76ff-4932-a9fa-7ec761e4cf6b{ip: 192.168.157.252, host: pr-hdds-1643-qwrct-1900426900, networkLocation: /default-rack, certSerialId: null}93bc9e78-ae56-4fee-a007-4b156d649157{ip: 192.168.157.252, host: pr-hdds-1643-qwrct-1900426900, networkLocation: /default-rack, certSerialId: null}, Type:RATIS, Factor:THREE, State:OPEN]
2019-11-05 11:28:19,937 [Thread-405] INFO  impl.FollowerState (FollowerState.java:run(108)) - f7e9932d-fd96-469a-9353-68e47138e5ff@group-21C72E9484D5-FollowerState: change to CANDIDATE, lastRpcTime:133ms, electionTimeout:127ms
2019-11-05 11:28:19,931 [Thread-404] INFO  impl.RoleInfo (RoleInfo.java:updateAndGet(143)) - 74a8fb36-eab9-4c53-b7cf-c565055de05a: start LeaderElection
2019-11-05 11:28:20,011 [Thread-406] INFO  impl.FollowerState (FollowerState.java:run(108)) - d8b77924-76ff-4932-a9fa-7ec761e4cf6b@group-0CA4D070D5C4-FollowerState: change to CANDIDATE, lastRpcTime:206ms, electionTimeout:186ms
2019-11-05 11:28:19,927 [grpc-default-executor-7] INFO  impl.RoleInfo (RoleInfo.java:shutdownFollowerState(121)) - 90ecfa43-dab6-49d9-b30c-40ef62bfdf2a: shutdown FollowerState
2019-11-05 11:28:20,016 [grpc-default-executor-7] INFO  impl.RoleInfo (RoleInfo.java:updateAndGet(143)) - 90ecfa43-dab6-49d9-b30c-40ef62bfdf2a: start FollowerState
2019-11-05 11:28:20,016 [Thread-406] INFO  impl.RoleInfo (RoleInfo.java:shutdownFollowerState(121)) - d8b77924-76ff-4932-a9fa-7ec761e4cf6b: shutdown FollowerState
2019-11-05 11:28:20,016 [Thread-406] INFO  impl.RaftServerImpl (RaftServerImpl.java:setRole(184)) - d8b77924-76ff-4932-a9fa-7ec761e4cf6b@group-0CA4D070D5C4: changes role from  FOLLOWER to CANDIDATE at term 0 for changeToCandidate
2019-11-05 11:28:20,017 [grpc-default-executor-1] INFO  impl.RaftServerImpl (RaftServerImpl.java:setRole(184)) - 90ecfa43-dab6-49d9-b30c-40ef62bfdf2a@group-E95DC8E8582E: changes role from  FOLLOWER to FOLLOWER at term 6 for recognizeCandidate:b8bf4e9b-064a-4520-981c-d6c40c833497
2019-11-05 11:28:20,017 [grpc-default-executor-1] INFO  impl.RoleInfo (RoleInfo.java:shutdownFollowerState(121)) - 90ecfa43-dab6-49d9-b30c-40ef62bfdf2a: shutdown FollowerState
2019-11-05 11:28:20,017 [Thread-422] INFO  impl.FollowerState (FollowerState.java:run(117)) - 90ecfa43-dab6-49d9-b30c-40ef62bfdf2a@group-E95DC8E8582E-FollowerState was interrupted: java.lang.InterruptedException: sleep interrupted
2019-11-05 11:28:20,007 [Thread-405] INFO  impl.RoleInfo (RoleInfo.java:shutdownFollowerState(121)) - f7e9932d-fd96-469a-9353-68e47138e5ff: shutdown FollowerState
2019-11-05 11:28:20,006 [687f579d-1680-4dd5-8b24-01f078298cef@group-E95DC8E8582E-LeaderElection11] INFO  impl.LeaderElection (LeaderElection.java:logAndReturn(56)) - 687f579d-1680-4dd5-8b24-01f078298cef@group-E95DC8E8582E-LeaderElection11: Election TIMEOUT; received 1 response(s) [687f579d-1680-4dd5-8b24-01f078298cef<-b8bf4e9b-064a-4520-981c-d6c40c833497#0:FAIL-t6] and 0 exception(s); 687f579d-1680-4dd5-8b24-01f078298cef@group-E95DC8E8582E:t6, leader=null, voted=687f579d-1680-4dd5-8b24-01f078298cef, raftlog=687f579d-1680-4dd5-8b24-01f078298cef@group-E95DC8E8582E-SegmentedRaftLog:OPENED:c-1,f-1,i0, conf=-1: [90ecfa43-dab6-49d9-b30c-40ef62bfdf2a:192.168.157.252:34192, 687f579d-1680-4dd5-8b24-01f078298cef:192.168.157.252:37962, b8bf4e9b-064a-4520-981c-d6c40c833497:192.168.157.252:43407], old=null
2019-11-05 11:28:19,994 [Thread-409] INFO  impl.FollowerState (FollowerState.java:run(108)) - 93bc9e78-ae56-4fee-a007-4b156d649157@group-0CA4D070D5C4-FollowerState: change to CANDIDATE, lastRpcTime:172ms, electionTimeout:164ms
2019-11-05 11:28:20,024 [Thread-409] INFO  impl.RoleInfo (RoleInfo.java:shutdownFollowerState(121)) - 93bc9e78-ae56-4fee-a007-4b156d649157: shutdown FollowerState
2019-11-05 11:28:20,025 [Thread-409] INFO  impl.RaftServerImpl (RaftServerImpl.java:setRole(184)) - 93bc9e78-ae56-4fee-a007-4b156d649157@group-0CA4D070D5C4: changes role from  FOLLOWER to CANDIDATE at term 0 for changeToCandidate
2019-11-05 11:28:19,976 [grpc-default-executor-8] INFO  impl.FollowerInfo (FollowerInfo.java:lambda$new$0(51)) - 90ecfa43-dab6-49d9-b30c-40ef62bfdf2a@group-E95DC8E8582E->b8bf4e9b-064a-4520-981c-d6c40c833497: nextIndex: updateUnconditionally 0 -> 0
2019-11-05 11:28:19,972 [1eca16cc-5184-4e43-8e55-175d1516eae4@group-21C72E9484D5-LeaderElection18] INFO  server.RaftServerConfigKeys (ConfUtils.java:logGet(43)) - raft.server.log.appender.snapshot.chunk.size.max = 16MB (=16777216) (default)
2019-11-05 11:28:20,031 [74a8fb36-eab9-4c53-b7cf-c565055de05a@group-21C72E9484D5-LeaderElection20] INFO  impl.LeaderElection (LeaderElection.java:askForVotes(178)) - 74a8fb36-eab9-4c53-b7cf-c565055de05a@group-21C72E9484D5-LeaderElection20: begin an election at term 3 for -1: [f7e9932d-fd96-469a-9353-68e47138e5ff:192.168.157.252:45025, 1eca16cc-5184-4e43-8e55-175d1516eae4:192.168.157.252:41127, 74a8fb36-eab9-4c53-b7cf-c565055de05a:192.168.157.252:42370], old=null
2019-11-05 11:28:20,025 [Thread-409] INFO  impl.RoleInfo (RoleInfo.java:updateAndGet(143)) - 93bc9e78-ae56-4fee-a007-4b156d649157: start LeaderElection
2019-11-05 11:28:20,025 [Thread-405] INFO  impl.RaftServerImpl (RaftServerImpl.java:setRole(184)) - f7e9932d-fd96-469a-9353-68e47138e5ff@group-21C72E9484D5: changes role from  FOLLOWER to CANDIDATE at term 2 for changeToCandidate
2019-11-05 11:28:20,024 [Thread-408] INFO  impl.FollowerState (FollowerState.java:run(108)) - bd42c95e-cd41-4cbd-85b3-b330cc3c4f94@group-0CA4D070D5C4-FollowerState: change to CANDIDATE, lastRpcTime:179ms, electionTimeout:176ms
2019-11-05 11:28:20,017 [grpc-default-executor-1] INFO  impl.RoleInfo (RoleInfo.java:updateAndGet(143)) - 90ecfa43-dab6-49d9-b30c-40ef62bfdf2a: start FollowerState
2019-11-05 11:28:20,017 [Thread-406] INFO  impl.RoleInfo (RoleInfo.java:updateAndGet(143)) - d8b77924-76ff-4932-a9fa-7ec761e4cf6b: start LeaderElection
2019-11-05 11:28:20,016 [Thread-416] INFO  impl.FollowerState (FollowerState.java:run(117)) - 90ecfa43-dab6-49d9-b30c-40ef62bfdf2a@group-E95DC8E8582E-FollowerState was interrupted: java.lang.InterruptedException: sleep interrupted
2019-11-05 11:28:20,031 [1eca16cc-5184-4e43-8e55-175d1516eae4@group-21C72E9484D5-LeaderElection18] INFO  server.RaftServerConfigKeys (ConfUtils.java:logGet(43)) - raft.server.log.appender.buffer.byte-limit = 33554432 (custom)
2019-11-05 11:28:20,036 [Thread-408] INFO  impl.RoleInfo (RoleInfo.java:shutdownFollowerState(121)) - bd42c95e-cd41-4cbd-85b3-b330cc3c4f94: shutdown FollowerState
2019-11-05 11:28:20,031 [b8bf4e9b-064a-4520-981c-d6c40c833497@group-E95DC8E8582E-LeaderElection19] INFO  impl.LeaderElection (LeaderElection.java:logAndReturn(56)) - b8bf4e9b-064a-4520-981c-d6c40c833497@group-E95DC8E8582E-LeaderElection19: Election TIMEOUT; received 1 response(s) [b8bf4e9b-064a-4520-981c-d6c40c833497<-687f579d-1680-4dd5-8b24-01f078298cef#0:FAIL-t6] and 0 exception(s); b8bf4e9b-064a-4520-981c-d6c40c833497@group-E95DC8E8582E:t6, leader=null, voted=b8bf4e9b-064a-4520-981c-d6c40c833497, raftlog=b8bf4e9b-064a-4520-981c-d6c40c833497@group-E95DC8E8582E-SegmentedRaftLog:OPENED:c-1,f-1,i0, conf=-1: [90ecfa43-dab6-49d9-b30c-40ef62bfdf2a:192.168.157.252:34192, 687f579d-1680-4dd5-8b24-01f078298cef:192.168.157.252:37962, b8bf4e9b-064a-4520-981c-d6c40c833497:192.168.157.252:43407], old=null
2019-11-05 11:28:20,036 [Thread-408] INFO  impl.RaftServerImpl (RaftServerImpl.java:setRole(184)) - bd42c95e-cd41-4cbd-85b3-b330cc3c4f94@group-0CA4D070D5C4: changes role from  FOLLOWER to CANDIDATE at term 0 for changeToCandidate
2019-11-05 11:28:20,044 [Thread-405] INFO  impl.RoleInfo (RoleInfo.java:updateAndGet(143)) - f7e9932d-fd96-469a-9353-68e47138e5ff: start LeaderElection
2019-11-05 11:28:20,036 [1eca16cc-5184-4e43-8e55-175d1516eae4@group-21C72E9484D5-LeaderElection18] INFO  server.RaftServerConfigKeys (ConfUtils.java:logGet(43)) - raft.server.log.appender.buffer.element-limit = 1 (custom)
2019-11-05 11:28:20,051 [grpc-default-executor-3] INFO  impl.RaftServerImpl (RaftServerImpl.java:setRole(184)) - 90ecfa43-dab6-49d9-b30c-40ef62bfdf2a@group-E95DC8E8582E: changes role from  FOLLOWER to FOLLOWER at term 6 for recognizeCandidate:687f579d-1680-4dd5-8b24-01f078298cef
2019-11-05 11:28:20,050 [b8bf4e9b-064a-4520-981c-d6c40c833497@group-E95DC8E8582E-LeaderElection19] INFO  impl.LeaderElection (LeaderElection.java:askForVotes(178)) - b8bf4e9b-064a-4520-981c-d6c40c833497@group-E95DC8E8582E-LeaderElection19: begin an election at term 7 for -1: [90ecfa43-dab6-49d9-b30c-40ef62bfdf2a:192.168.157.252:34192, 687f579d-1680-4dd5-8b24-01f078298cef:192.168.157.252:37962, b8bf4e9b-064a-4520-981c-d6c40c833497:192.168.157.252:43407], old=null
2019-11-05 11:28:20,050 [687f579d-1680-4dd5-8b24-01f078298cef@group-E95DC8E8582E-LeaderElection11] INFO  impl.LeaderElection (LeaderElection.java:askForVotes(178)) - 687f579d-1680-4dd5-8b24-01f078298cef@group-E95DC8E8582E-LeaderElection11: begin an election at term 7 for -1: [90ecfa43-dab6-49d9-b30c-40ef62bfdf2a:192.168.157.252:34192, 687f579d-1680-4dd5-8b24-01f078298cef:192.168.157.252:37962, b8bf4e9b-064a-4520-981c-d6c40c833497:192.168.157.252:43407], old=null
2019-11-05 11:28:20,044 [Thread-408] INFO  impl.RoleInfo (RoleInfo.java:updateAndGet(143)) - bd42c95e-cd41-4cbd-85b3-b330cc3c4f94: start LeaderElection
2019-11-05 11:28:20,069 [grpc-default-executor-3] INFO  impl.RoleInfo (RoleInfo.java:shutdownFollowerState(121)) - 90ecfa43-dab6-49d9-b30c-40ef62bfdf2a: shutdown FollowerState
2019-11-05 11:28:20,072 [grpc-default-executor-3] INFO  impl.RoleInfo (RoleInfo.java:updateAndGet(143)) - 90ecfa43-dab6-49d9-b30c-40ef62bfdf2a: start FollowerState
2019-11-05 11:28:20,075 [Thread-424] INFO  impl.FollowerState (FollowerState.java:run(117)) - 90ecfa43-dab6-49d9-b30c-40ef62bfdf2a@group-E95DC8E8582E-FollowerState was interrupted: java.lang.InterruptedException: sleep interrupted
2019-11-05 11:28:20,069 [1eca16cc-5184-4e43-8e55-175d1516eae4@group-21C72E9484D5-LeaderElection18] INFO  grpc.GrpcConfigKeys$Server (ConfUtils.java:logGet(43)) - raft.grpc.server.leader.outstanding.appends.max = 128 (default)
2019-11-05 11:28:20,083 [1eca16cc-5184-4e43-8e55-175d1516eae4@group-21C72E9484D5-LeaderElection18] INFO  server.RaftServerConfigKeys (ConfUtils.java:logGet(43)) - raft.server.rpc.request.timeout = 3000ms (default)
2019-11-05 11:28:20,083 [1eca16cc-5184-4e43-8e55-175d1516eae4@group-21C72E9484D5-LeaderElection18] INFO  server.RaftServerConfigKeys (ConfUtils.java:logGet(43)) - raft.server.log.appender.install.snapshot.enabled = false (custom)
2019-11-05 11:28:20,087 [grpc-default-executor-3] INFO  impl.RaftServerImpl (RaftServerImpl.java:setRole(184)) - 90ecfa43-dab6-49d9-b30c-40ef62bfdf2a@group-E95DC8E8582E: changes role from  FOLLOWER to FOLLOWER at term 7 for recognizeCandidate:b8bf4e9b-064a-4520-981c-d6c40c833497
2019-11-05 11:28:20,095 [grpc-default-executor-3] INFO  impl.RoleInfo (RoleInfo.java:shutdownFollowerState(121)) - 90ecfa43-dab6-49d9-b30c-40ef62bfdf2a: shutdown FollowerState
2019-11-05 11:28:20,096 [grpc-default-executor-3] INFO  impl.RoleInfo (RoleInfo.java:updateAndGet(143)) - 90ecfa43-dab6-49d9-b30c-40ef62bfdf2a: start FollowerState
2019-11-05 11:28:20,096 [Thread-434] INFO  impl.FollowerState (FollowerState.java:run(117)) - 90ecfa43-dab6-49d9-b30c-40ef62bfdf2a@group-E95DC8E8582E-FollowerState was interrupted: java.lang.InterruptedException: sleep interrupted
2019-11-05 11:28:20,099 [74a8fb36-eab9-4c53-b7cf-c565055de05a@group-21C72E9484D5-LeaderElection20] INFO  impl.LeaderElection (LeaderElection.java:logAndReturn(56)) - 74a8fb36-eab9-4c53-b7cf-c565055de05a@group-21C72E9484D5-LeaderElection20: Election TIMEOUT; received 0 response(s) [] and 0 exception(s); 74a8fb36-eab9-4c53-b7cf-c565055de05a@group-21C72E9484D5:t3, leader=null, voted=74a8fb36-eab9-4c53-b7cf-c565055de05a, raftlog=74a8fb36-eab9-4c53-b7cf-c565055de05a@group-21C72E9484D5-SegmentedRaftLog:OPENED:c-1,f-1,i0, conf=-1: [f7e9932d-fd96-469a-9353-68e47138e5ff:192.168.157.252:45025, 1eca16cc-5184-4e43-8e55-175d1516eae4:192.168.157.252:41127, 74a8fb36-eab9-4c53-b7cf-c565055de05a:192.168.157.252:42370], old=null
2019-11-05 11:28:20,108 [74a8fb36-eab9-4c53-b7cf-c565055de05a@group-21C72E9484D5-LeaderElection20] INFO  impl.LeaderElection (LeaderElection.java:askForVotes(178)) - 74a8fb36-eab9-4c53-b7cf-c565055de05a@group-21C72E9484D5-LeaderElection20: begin an election at term 4 for -1: [f7e9932d-fd96-469a-9353-68e47138e5ff:192.168.157.252:45025, 1eca16cc-5184-4e43-8e55-175d1516eae4:192.168.157.252:41127, 74a8fb36-eab9-4c53-b7cf-c565055de05a:192.168.157.252:42370], old=null
2019-11-05 11:28:20,117 [93bc9e78-ae56-4fee-a007-4b156d649157@group-0CA4D070D5C4-LeaderElection22] INFO  impl.LeaderElection (LeaderElection.java:askForVotes(178)) - 93bc9e78-ae56-4fee-a007-4b156d649157@group-0CA4D070D5C4-LeaderElection22: begin an election at term 1 for -1: [93bc9e78-ae56-4fee-a007-4b156d649157:192.168.157.252:38000, d8b77924-76ff-4932-a9fa-7ec761e4cf6b:192.168.157.252:40377, bd42c95e-cd41-4cbd-85b3-b330cc3c4f94:192.168.157.252:33158], old=null
2019-11-05 11:28:20,123 [d8b77924-76ff-4932-a9fa-7ec761e4cf6b@group-0CA4D070D5C4-LeaderElection21] INFO  impl.LeaderElection (LeaderElection.java:askForVotes(178)) - d8b77924-76ff-4932-a9fa-7ec761e4cf6b@group-0CA4D070D5C4-LeaderElection21: begin an election at term 1 for -1: [93bc9e78-ae56-4fee-a007-4b156d649157:192.168.157.252:38000, d8b77924-76ff-4932-a9fa-7ec761e4cf6b:192.168.157.252:40377, bd42c95e-cd41-4cbd-85b3-b330cc3c4f94:192.168.157.252:33158], old=null
2019-11-05 11:28:20,122 [bd42c95e-cd41-4cbd-85b3-b330cc3c4f94@group-0CA4D070D5C4-LeaderElection24] INFO  impl.LeaderElection (LeaderElection.java:askForVotes(178)) - bd42c95e-cd41-4cbd-85b3-b330cc3c4f94@group-0CA4D070D5C4-LeaderElection24: begin an election at term 1 for -1: [93bc9e78-ae56-4fee-a007-4b156d649157:192.168.157.252:38000, d8b77924-76ff-4932-a9fa-7ec761e4cf6b:192.168.157.252:40377, bd42c95e-cd41-4cbd-85b3-b330cc3c4f94:192.168.157.252:33158], old=null
2019-11-05 11:28:20,117 [grpc-default-executor-3] INFO  impl.RaftServerImpl (RaftServerImpl.java:setRole(184)) - 90ecfa43-dab6-49d9-b30c-40ef62bfdf2a@group-E95DC8E8582E: changes role from  FOLLOWER to FOLLOWER at term 7 for recognizeCandidate:687f579d-1680-4dd5-8b24-01f078298cef
2019-11-05 11:28:20,124 [grpc-default-executor-3] INFO  impl.RoleInfo (RoleInfo.java:shutdownFollowerState(121)) - 90ecfa43-dab6-49d9-b30c-40ef62bfdf2a: shutdown FollowerState
2019-11-05 11:28:20,122 [1eca16cc-5184-4e43-8e55-175d1516eae4@group-21C72E9484D5-LeaderElection18] INFO  server.RaftServerConfigKeys (ConfUtils.java:logGet(43)) - raft.server.log.appender.snapshot.chunk.size.max = 16MB (=16777216) (default)
2019-11-05 11:28:20,123 [f7e9932d-fd96-469a-9353-68e47138e5ff@group-21C72E9484D5-LeaderElection23] INFO  impl.LeaderElection (LeaderElection.java:askForVotes(178)) - f7e9932d-fd96-469a-9353-68e47138e5ff@group-21C72E9484D5-LeaderElection23: begin an election at term 3 for -1: [f7e9932d-fd96-469a-9353-68e47138e5ff:192.168.157.252:45025, 1eca16cc-5184-4e43-8e55-175d1516eae4:192.168.157.252:41127, 74a8fb36-eab9-4c53-b7cf-c565055de05a:192.168.157.252:42370], old=null
2019-11-05 11:28:20,125 [1eca16cc-5184-4e43-8e55-175d1516eae4@group-21C72E9484D5-LeaderElection18] INFO  server.RaftServerConfigKeys (ConfUtils.java:logGet(43)) - raft.server.log.appender.buffer.byte-limit = 33554432 (custom)
2019-11-05 11:28:20,125 [1eca16cc-5184-4e43-8e55-175d1516eae4@group-21C72E9484D5-LeaderElection18] INFO  server.RaftServerConfigKeys (ConfUtils.java:logGet(43)) - raft.server.log.appender.buffer.element-limit = 1 (custom)
2019-11-05 11:28:20,131 [b8bf4e9b-064a-4520-981c-d6c40c833497@group-E95DC8E8582E-LeaderElection19] INFO  impl.LeaderElection (LeaderElection.java:logAndReturn(56)) - b8bf4e9b-064a-4520-981c-d6c40c833497@group-E95DC8E8582E-LeaderElection19: Election TIMEOUT; received 1 response(s) [b8bf4e9b-064a-4520-981c-d6c40c833497<-687f579d-1680-4dd5-8b24-01f078298cef#0:FAIL-t7] and 0 exception(s); b8bf4e9b-064a-4520-981c-d6c40c833497@group-E95DC8E8582E:t7, leader=null, voted=b8bf4e9b-064a-4520-981c-d6c40c833497, raftlog=b8bf4e9b-064a-4520-981c-d6c40c833497@group-E95DC8E8582E-SegmentedRaftLog:OPENED:c-1,f-1,i0, conf=-1: [90ecfa43-dab6-49d9-b30c-40ef62bfdf2a:192.168.157.252:34192, 687f579d-1680-4dd5-8b24-01f078298cef:192.168.157.252:37962, b8bf4e9b-064a-4520-981c-d6c40c833497:192.168.157.252:43407], old=null
2019-11-05 11:28:20,147 [74a8fb36-eab9-4c53-b7cf-c565055de05a@group-21C72E9484D5-LeaderElection20] INFO  impl.LeaderElection (LeaderElection.java:logAndReturn(56)) - 74a8fb36-eab9-4c53-b7cf-c565055de05a@group-21C72E9484D5-LeaderElection20: Election TIMEOUT; received 0 response(s) [] and 0 exception(s); 74a8fb36-eab9-4c53-b7cf-c565055de05a@group-21C72E9484D5:t4, leader=null, voted=74a8fb36-eab9-4c53-b7cf-c565055de05a, raftlog=74a8fb36-eab9-4c53-b7cf-c565055de05a@group-21C72E9484D5-SegmentedRaftLog:OPENED:c-1,f-1,i0, conf=-1: [f7e9932d-fd96-469a-9353-68e47138e5ff:192.168.157.252:45025, 1eca16cc-5184-4e43-8e55-175d1516eae4:192.168.157.252:41127, 74a8fb36-eab9-4c53-b7cf-c565055de05a:192.168.157.252:42370], old=null
2019-11-05 11:28:20,164 [1eca16cc-5184-4e43-8e55-175d1516eae4@group-21C72E9484D5-LeaderElection18] INFO  grpc.GrpcConfigKeys$Server (ConfUtils.java:logGet(43)) - raft.grpc.server.leader.outstanding.appends.max = 128 (default)
2019-11-05 11:28:20,191 [1eca16cc-5184-4e43-8e55-175d1516eae4@group-21C72E9484D5-LeaderElection18] INFO  server.RaftServerConfigKeys (ConfUtils.java:logGet(43)) - raft.server.rpc.request.timeout = 3000ms (default)
2019-11-05 11:28:20,191 [1eca16cc-5184-4e43-8e55-175d1516eae4@group-21C72E9484D5-LeaderElection18] INFO  server.RaftServerConfigKeys (ConfUtils.java:logGet(43)) - raft.server.log.appender.install.snapshot.enabled = false (custom)
2019-11-05 11:28:20,192 [grpc-default-executor-4] INFO  impl.RaftServerImpl (RaftServerImpl.java:setRole(184)) - f7e9932d-fd96-469a-9353-68e47138e5ff@group-21C72E9484D5: changes role from CANDIDATE to FOLLOWER at term 4 for recognizeCandidate:74a8fb36-eab9-4c53-b7cf-c565055de05a
2019-11-05 11:28:20,199 [grpc-default-executor-4] INFO  impl.RoleInfo (RoleInfo.java:shutdownLeaderElection(134)) - f7e9932d-fd96-469a-9353-68e47138e5ff: shutdown LeaderElection
2019-11-05 11:28:20,185 [b8bf4e9b-064a-4520-981c-d6c40c833497@group-E95DC8E8582E-LeaderElection19] INFO  impl.LeaderElection (LeaderElection.java:askForVotes(178)) - b8bf4e9b-064a-4520-981c-d6c40c833497@group-E95DC8E8582E-LeaderElection19: begin an election at term 8 for -1: [90ecfa43-dab6-49d9-b30c-40ef62bfdf2a:192.168.157.252:34192, 687f579d-1680-4dd5-8b24-01f078298cef:192.168.157.252:37962, b8bf4e9b-064a-4520-981c-d6c40c833497:192.168.157.252:43407], old=null
2019-11-05 11:28:20,184 [Thread-436] INFO  impl.FollowerState (FollowerState.java:run(117)) - 90ecfa43-dab6-49d9-b30c-40ef62bfdf2a@group-E95DC8E8582E-FollowerState was interrupted: java.lang.InterruptedException: sleep interrupted
2019-11-05 11:28:20,199 [grpc-default-executor-3] INFO  impl.RoleInfo (RoleInfo.java:updateAndGet(143)) - 90ecfa43-dab6-49d9-b30c-40ef62bfdf2a: start FollowerState
2019-11-05 11:28:20,206 [1eca16cc-5184-4e43-8e55-175d1516eae4@group-21C72E9484D5-LeaderElection18] INFO  impl.RoleInfo (RoleInfo.java:updateAndGet(143)) - 1eca16cc-5184-4e43-8e55-175d1516eae4: start LeaderState
2019-11-05 11:28:20,207 [1eca16cc-5184-4e43-8e55-175d1516eae4@group-21C72E9484D5-LeaderElection18] INFO  segmented.SegmentedRaftLogWorker (SegmentedRaftLogWorker.java:startLogSegment(385)) - 1eca16cc-5184-4e43-8e55-175d1516eae4@group-21C72E9484D5-SegmentedRaftLogWorker: Starting segment from index:0
2019-11-05 11:28:20,207 [687f579d-1680-4dd5-8b24-01f078298cef@group-E95DC8E8582E-LeaderElection11] INFO  impl.LeaderElection (LeaderElection.java:logAndReturn(56)) - 687f579d-1680-4dd5-8b24-01f078298cef@group-E95DC8E8582E-LeaderElection11: Election TIMEOUT; received 1 response(s) [687f579d-1680-4dd5-8b24-01f078298cef<-b8bf4e9b-064a-4520-981c-d6c40c833497#0:FAIL-t7] and 0 exception(s); 687f579d-1680-4dd5-8b24-01f078298cef@group-E95DC8E8582E:t7, leader=null, voted=687f579d-1680-4dd5-8b24-01f078298cef, raftlog=687f579d-1680-4dd5-8b24-01f078298cef@group-E95DC8E8582E-SegmentedRaftLog:OPENED:c-1,f-1,i0, conf=-1: [90ecfa43-dab6-49d9-b30c-40ef62bfdf2a:192.168.157.252:34192, 687f579d-1680-4dd5-8b24-01f078298cef:192.168.157.252:37962, b8bf4e9b-064a-4520-981c-d6c40c833497:192.168.157.252:43407], old=null
2019-11-05 11:28:20,208 [f7e9932d-fd96-469a-9353-68e47138e5ff@group-21C72E9484D5-LeaderElection23] INFO  impl.LeaderElection (LeaderElection.java:logAndReturn(56)) - f7e9932d-fd96-469a-9353-68e47138e5ff@group-21C72E9484D5-LeaderElection23: Election DISCOVERED_A_NEW_TERM; received 1 response(s) [f7e9932d-fd96-469a-9353-68e47138e5ff<-74a8fb36-eab9-4c53-b7cf-c565055de05a#0:FAIL-t4] and 0 exception(s); f7e9932d-fd96-469a-9353-68e47138e5ff@group-21C72E9484D5:t4, leader=null, voted=null, raftlog=f7e9932d-fd96-469a-9353-68e47138e5ff@group-21C72E9484D5-SegmentedRaftLog:OPENED:c-1,f-1,i0, conf=-1: [f7e9932d-fd96-469a-9353-68e47138e5ff:192.168.157.252:45025, 1eca16cc-5184-4e43-8e55-175d1516eae4:192.168.157.252:41127, 74a8fb36-eab9-4c53-b7cf-c565055de05a:192.168.157.252:42370], old=null
2019-11-05 11:28:20,236 [grpc-default-executor-4] INFO  impl.RoleInfo (RoleInfo.java:updateAndGet(143)) - f7e9932d-fd96-469a-9353-68e47138e5ff: start FollowerState
2019-11-05 11:28:20,241 [687f579d-1680-4dd5-8b24-01f078298cef@group-E95DC8E8582E-LeaderElection11] INFO  impl.LeaderElection (LeaderElection.java:askForVotes(178)) - 687f579d-1680-4dd5-8b24-01f078298cef@group-E95DC8E8582E-LeaderElection11: begin an election at term 8 for -1: [90ecfa43-dab6-49d9-b30c-40ef62bfdf2a:192.168.157.252:34192, 687f579d-1680-4dd5-8b24-01f078298cef:192.168.157.252:37962, b8bf4e9b-064a-4520-981c-d6c40c833497:192.168.157.252:43407], old=null
2019-11-05 11:28:20,244 [1eca16cc-5184-4e43-8e55-175d1516eae4@group-21C72E9484D5-LeaderElection18] INFO  impl.RaftServerImpl (ServerState.java:setRaftConf(357)) - 1eca16cc-5184-4e43-8e55-175d1516eae4@group-21C72E9484D5: set configuration 0: [f7e9932d-fd96-469a-9353-68e47138e5ff:192.168.157.252:45025, 1eca16cc-5184-4e43-8e55-175d1516eae4:192.168.157.252:41127, 74a8fb36-eab9-4c53-b7cf-c565055de05a:192.168.157.252:42370], old=null at 0
2019-11-05 11:28:20,242 [74a8fb36-eab9-4c53-b7cf-c565055de05a@group-21C72E9484D5-LeaderElection20] INFO  impl.LeaderElection (LeaderElection.java:askForVotes(178)) - 74a8fb36-eab9-4c53-b7cf-c565055de05a@group-21C72E9484D5-LeaderElection20: begin an election at term 5 for -1: [f7e9932d-fd96-469a-9353-68e47138e5ff:192.168.157.252:45025, 1eca16cc-5184-4e43-8e55-175d1516eae4:192.168.157.252:41127, 74a8fb36-eab9-4c53-b7cf-c565055de05a:192.168.157.252:42370], old=null
2019-11-05 11:28:20,249 [grpc-default-executor-0] INFO  impl.RaftServerImpl (ServerState.java:setLeader(256)) - 1eca16cc-5184-4e43-8e55-175d1516eae4@group-21C72E9484D5: change Leader from 1eca16cc-5184-4e43-8e55-175d1516eae4 to null at term 3 for updateCurrentTerm
2019-11-05 11:28:20,249 [grpc-default-executor-0] INFO  impl.RaftServerImpl (RaftServerImpl.java:setRole(184)) - 1eca16cc-5184-4e43-8e55-175d1516eae4@group-21C72E9484D5: changes role from    LEADER to FOLLOWER at term 3 for recognizeCandidate:f7e9932d-fd96-469a-9353-68e47138e5ff
2019-11-05 11:28:20,249 [grpc-default-executor-0] INFO  impl.RoleInfo (RoleInfo.java:shutdownLeaderState(104)) - 1eca16cc-5184-4e43-8e55-175d1516eae4: shutdown LeaderState
2019-11-05 11:28:20,251 [1eca16cc-5184-4e43-8e55-175d1516eae4@group-21C72E9484D5-SegmentedRaftLogWorker] INFO  segmented.SegmentedRaftLogWorker (SegmentedRaftLogWorker.java:execute(576)) - 1eca16cc-5184-4e43-8e55-175d1516eae4@group-21C72E9484D5-SegmentedRaftLogWorker: created new log segment /workdir/hadoop-ozone/integration-test/target/test-dir/MiniOzoneClusterImpl-6b0fc4fe-9997-4a80-bab7-b3d82b6e3879/datanode-4/data/ratis/96ba2edb-8c68-46c8-ab0d-21c72e9484d5/current/log_inprogress_0
2019-11-05 11:28:20,263 [grpc-default-executor-4] INFO  impl.RaftServerImpl (RaftServerImpl.java:setRole(184)) - f7e9932d-fd96-469a-9353-68e47138e5ff@group-21C72E9484D5: changes role from  FOLLOWER to FOLLOWER at term 5 for recognizeCandidate:74a8fb36-eab9-4c53-b7cf-c565055de05a
2019-11-05 11:28:20,263 [b8bf4e9b-064a-4520-981c-d6c40c833497@group-E95DC8E8582E-LeaderElection19] INFO  impl.LeaderElection (LeaderElection.java:logAndReturn(56)) - b8bf4e9b-064a-4520-981c-d6c40c833497@group-E95DC8E8582E-LeaderElection19: Election TIMEOUT; received 0 response(s) [] and 0 exception(s); b8bf4e9b-064a-4520-981c-d6c40c833497@group-E95DC8E8582E:t8, leader=null, voted=b8bf4e9b-064a-4520-981c-d6c40c833497, raftlog=b8bf4e9b-064a-4520-981c-d6c40c833497@group-E95DC8E8582E-SegmentedRaftLog:OPENED:c-1,f-1,i0, conf=-1: [90ecfa43-dab6-49d9-b30c-40ef62bfdf2a:192.168.157.252:34192, 687f579d-1680-4dd5-8b24-01f078298cef:192.168.157.252:37962, b8bf4e9b-064a-4520-981c-d6c40c833497:192.168.157.252:43407], old=null
2019-11-05 11:28:20,263 [grpc-default-executor-4] INFO  impl.RoleInfo (RoleInfo.java:shutdownFollowerState(121)) - f7e9932d-fd96-469a-9353-68e47138e5ff: shutdown FollowerState
2019-11-05 11:28:20,264 [Thread-449] INFO  impl.FollowerState (FollowerState.java:run(117)) - f7e9932d-fd96-469a-9353-68e47138e5ff@group-21C72E9484D5-FollowerState was interrupted: java.lang.InterruptedException: sleep interrupted
2019-11-05 11:28:20,271 [grpc-default-executor-4] INFO  impl.RoleInfo (RoleInfo.java:updateAndGet(143)) - f7e9932d-fd96-469a-9353-68e47138e5ff: start FollowerState
2019-11-05 11:28:20,271 [grpc-default-executor-8] INFO  impl.RaftServerImpl (RaftServerImpl.java:setRole(184)) - 90ecfa43-dab6-49d9-b30c-40ef62bfdf2a@group-E95DC8E8582E: changes role from  FOLLOWER to FOLLOWER at term 8 for recognizeCandidate:687f579d-1680-4dd5-8b24-01f078298cef
2019-11-05 11:28:20,271 [grpc-default-executor-8] INFO  impl.RoleInfo (RoleInfo.java:shutdownFollowerState(121)) - 90ecfa43-dab6-49d9-b30c-40ef62bfdf2a: shutdown FollowerState
2019-11-05 11:28:20,272 [grpc-default-executor-8] INFO  impl.RoleInfo (RoleInfo.java:updateAndGet(143)) - 90ecfa43-dab6-49d9-b30c-40ef62bfdf2a: start FollowerState
2019-11-05 11:28:20,272 [Thread-446] INFO  impl.FollowerState (FollowerState.java:run(117)) - 90ecfa43-dab6-49d9-b30c-40ef62bfdf2a@group-E95DC8E8582E-FollowerState was interrupted: java.lang.InterruptedException: sleep interrupted
2019-11-05 11:28:20,276 [d8b77924-76ff-4932-a9fa-7ec761e4cf6b@group-0CA4D070D5C4-LeaderElection21] INFO  impl.LeaderElection (LeaderElection.java:logAndReturn(56)) - d8b77924-76ff-4932-a9fa-7ec761e4cf6b@group-0CA4D070D5C4-LeaderElection21: Election REJECTED; received 2 response(s) [d8b77924-76ff-4932-a9fa-7ec761e4cf6b<-93bc9e78-ae56-4fee-a007-4b156d649157#0:FAIL-t1, d8b77924-76ff-4932-a9fa-7ec761e4cf6b<-bd42c95e-cd41-4cbd-85b3-b330cc3c4f94#0:FAIL-t1] and 0 exception(s); d8b77924-76ff-4932-a9fa-7ec761e4cf6b@group-0CA4D070D5C4:t1, leader=null, voted=d8b77924-76ff-4932-a9fa-7ec761e4cf6b, raftlog=d8b77924-76ff-4932-a9fa-7ec761e4cf6b@group-0CA4D070D5C4-SegmentedRaftLog:OPENED:c-1,f-1,i0, conf=-1: [93bc9e78-ae56-4fee-a007-4b156d649157:192.168.157.252:38000, d8b77924-76ff-4932-a9fa-7ec761e4cf6b:192.168.157.252:40377, bd42c95e-cd41-4cbd-85b3-b330cc3c4f94:192.168.157.252:33158], old=null
2019-11-05 11:28:20,340 [d8b77924-76ff-4932-a9fa-7ec761e4cf6b@group-0CA4D070D5C4-LeaderElection21] INFO  impl.RaftServerImpl (RaftServerImpl.java:setRole(184)) - d8b77924-76ff-4932-a9fa-7ec761e4cf6b@group-0CA4D070D5C4: changes role from CANDIDATE to FOLLOWER at term 1 for DISCOVERED_A_NEW_TERM
2019-11-05 11:28:20,340 [d8b77924-76ff-4932-a9fa-7ec761e4cf6b@group-0CA4D070D5C4-LeaderElection21] INFO  impl.RoleInfo (RoleInfo.java:shutdownLeaderElection(134)) - d8b77924-76ff-4932-a9fa-7ec761e4cf6b: shutdown LeaderElection
2019-11-05 11:28:20,340 [d8b77924-76ff-4932-a9fa-7ec761e4cf6b@group-0CA4D070D5C4-LeaderElection21] INFO  impl.RoleInfo (RoleInfo.java:updateAndGet(143)) - d8b77924-76ff-4932-a9fa-7ec761e4cf6b: start FollowerState
2019-11-05 11:28:20,339 [b8bf4e9b-064a-4520-981c-d6c40c833497@group-E95DC8E8582E-LeaderElection19] INFO  impl.LeaderElection (LeaderElection.java:askForVotes(178)) - b8bf4e9b-064a-4520-981c-d6c40c833497@group-E95DC8E8582E-LeaderElection19: begin an election at term 9 for -1: [90ecfa43-dab6-49d9-b30c-40ef62bfdf2a:192.168.157.252:34192, 687f579d-1680-4dd5-8b24-01f078298cef:192.168.157.252:37962, b8bf4e9b-064a-4520-981c-d6c40c833497:192.168.157.252:43407], old=null
2019-11-05 11:28:20,333 [grpc-default-executor-2] INFO  server.GrpcServerProtocolService (GrpcServerProtocolService.java:onCompleted(113)) - 74a8fb36-eab9-4c53-b7cf-c565055de05a: Completed APPEND_ENTRIES, lastRequest: 1eca16cc-5184-4e43-8e55-175d1516eae4->74a8fb36-eab9-4c53-b7cf-c565055de05a#0-t2, previous=(t:0, i:0), leaderCommit=-1, initializing? false, entries: <empty>
2019-11-05 11:28:20,329 [93bc9e78-ae56-4fee-a007-4b156d649157@group-0CA4D070D5C4-LeaderElection22] INFO  impl.LeaderElection (LeaderElection.java:logAndReturn(56)) - 93bc9e78-ae56-4fee-a007-4b156d649157@group-0CA4D070D5C4-LeaderElection22: Election REJECTED; received 2 response(s) [93bc9e78-ae56-4fee-a007-4b156d649157<-d8b77924-76ff-4932-a9fa-7ec761e4cf6b#0:FAIL-t1, 93bc9e78-ae56-4fee-a007-4b156d649157<-bd42c95e-cd41-4cbd-85b3-b330cc3c4f94#0:FAIL-t1] and 0 exception(s); 93bc9e78-ae56-4fee-a007-4b156d649157@group-0CA4D070D5C4:t1, leader=null, voted=93bc9e78-ae56-4fee-a007-4b156d649157, raftlog=93bc9e78-ae56-4fee-a007-4b156d649157@group-0CA4D070D5C4-SegmentedRaftLog:OPENED:c-1,f-1,i0, conf=-1: [93bc9e78-ae56-4fee-a007-4b156d649157:192.168.157.252:38000, d8b77924-76ff-4932-a9fa-7ec761e4cf6b:192.168.157.252:40377, bd42c95e-cd41-4cbd-85b3-b330cc3c4f94:192.168.157.252:33158], old=null
2019-11-05 11:28:20,327 [bd42c95e-cd41-4cbd-85b3-b330cc3c4f94@group-0CA4D070D5C4-LeaderElection24] INFO  impl.LeaderElection (LeaderElection.java:logAndReturn(56)) - bd42c95e-cd41-4cbd-85b3-b330cc3c4f94@group-0CA4D070D5C4-LeaderElection24: Election REJECTED; received 2 response(s) [bd42c95e-cd41-4cbd-85b3-b330cc3c4f94<-93bc9e78-ae56-4fee-a007-4b156d649157#0:FAIL-t1, bd42c95e-cd41-4cbd-85b3-b330cc3c4f94<-d8b77924-76ff-4932-a9fa-7ec761e4cf6b#0:FAIL-t1] and 0 exception(s); bd42c95e-cd41-4cbd-85b3-b330cc3c4f94@group-0CA4D070D5C4:t1, leader=null, voted=bd42c95e-cd41-4cbd-85b3-b330cc3c4f94, raftlog=bd42c95e-cd41-4cbd-85b3-b330cc3c4f94@group-0CA4D070D5C4-SegmentedRaftLog:OPENED:c-1,f-1,i0, conf=-1: [93bc9e78-ae56-4fee-a007-4b156d649157:192.168.157.252:38000, d8b77924-76ff-4932-a9fa-7ec761e4cf6b:192.168.157.252:40377, bd42c95e-cd41-4cbd-85b3-b330cc3c4f94:192.168.157.252:33158], old=null
2019-11-05 11:28:20,303 [org.apache.ratis.server.impl.LogAppender$AppenderDaemon$$Lambda$468/2048678591@5b8be2a7] WARN  server.GrpcLogAppender (GrpcLogAppender.java:mayWait(149)) - 1eca16cc-5184-4e43-8e55-175d1516eae4@group-21C72E9484D5->f7e9932d-fd96-469a-9353-68e47138e5ff-GrpcLogAppender: Wait interrupted by java.lang.InterruptedException
2019-11-05 11:28:20,276 [grpc-default-executor-0] INFO  impl.PendingRequests (PendingRequests.java:sendNotLeaderResponses(202)) - 1eca16cc-5184-4e43-8e55-175d1516eae4@group-21C72E9484D5-PendingRequests: sendNotLeaderResponses
2019-11-05 11:28:20,389 [bd42c95e-cd41-4cbd-85b3-b330cc3c4f94@group-0CA4D070D5C4-LeaderElection24] INFO  impl.RaftServerImpl (RaftServerImpl.java:setRole(184)) - bd42c95e-cd41-4cbd-85b3-b330cc3c4f94@group-0CA4D070D5C4: changes role from CANDIDATE to FOLLOWER at term 1 for DISCOVERED_A_NEW_TERM
2019-11-05 11:28:20,389 [bd42c95e-cd41-4cbd-85b3-b330cc3c4f94@group-0CA4D070D5C4-LeaderElection24] INFO  impl.RoleInfo (RoleInfo.java:shutdownLeaderElection(134)) - bd42c95e-cd41-4cbd-85b3-b330cc3c4f94: shutdown LeaderElection
2019-11-05 11:28:20,389 [bd42c95e-cd41-4cbd-85b3-b330cc3c4f94@group-0CA4D070D5C4-LeaderElection24] INFO  impl.RoleInfo (RoleInfo.java:updateAndGet(143)) - bd42c95e-cd41-4cbd-85b3-b330cc3c4f94: start FollowerState
2019-11-05 11:28:20,387 [grpc-default-executor-2] INFO  server.GrpcServerProtocolService (GrpcServerProtocolService.java:onCompleted(113)) - f7e9932d-fd96-469a-9353-68e47138e5ff: Completed APPEND_ENTRIES, lastRequest: null
2019-11-05 11:28:20,385 [93bc9e78-ae56-4fee-a007-4b156d649157@group-0CA4D070D5C4-LeaderElection22] INFO  impl.RaftServerImpl (RaftServerImpl.java:setRole(184)) - 93bc9e78-ae56-4fee-a007-4b156d649157@group-0CA4D070D5C4: changes role from CANDIDATE to FOLLOWER at term 1 for DISCOVERED_A_NEW_TERM
2019-11-05 11:28:20,385 [Thread-459] INFO  impl.FollowerState (FollowerState.java:run(108)) - d8b77924-76ff-4932-a9fa-7ec761e4cf6b@group-0CA4D070D5C4-FollowerState: change to CANDIDATE, lastRpcTime:45ms, electionTimeout:6ms
2019-11-05 11:28:20,379 [74a8fb36-eab9-4c53-b7cf-c565055de05a@group-21C72E9484D5-LeaderElection20] INFO  impl.LeaderElection (LeaderElection.java:logAndReturn(56)) - 74a8fb36-eab9-4c53-b7cf-c565055de05a@group-21C72E9484D5-LeaderElection20: Election PASSED; received 1 response(s) [74a8fb36-eab9-4c53-b7cf-c565055de05a<-f7e9932d-fd96-469a-9353-68e47138e5ff#0:OK-t5] and 0 exception(s); 74a8fb36-eab9-4c53-b7cf-c565055de05a@group-21C72E9484D5:t5, leader=null, voted=74a8fb36-eab9-4c53-b7cf-c565055de05a, raftlog=74a8fb36-eab9-4c53-b7cf-c565055de05a@group-21C72E9484D5-SegmentedRaftLog:OPENED:c-1,f-1,i0, conf=-1: [f7e9932d-fd96-469a-9353-68e47138e5ff:192.168.157.252:45025, 1eca16cc-5184-4e43-8e55-175d1516eae4:192.168.157.252:41127, 74a8fb36-eab9-4c53-b7cf-c565055de05a:192.168.157.252:42370], old=null
2019-11-05 11:28:20,390 [74a8fb36-eab9-4c53-b7cf-c565055de05a@group-21C72E9484D5-LeaderElection20] INFO  impl.RoleInfo (RoleInfo.java:shutdownLeaderElection(134)) - 74a8fb36-eab9-4c53-b7cf-c565055de05a: shutdown LeaderElection
2019-11-05 11:28:20,390 [74a8fb36-eab9-4c53-b7cf-c565055de05a@group-21C72E9484D5-LeaderElection20] INFO  impl.RaftServerImpl (RaftServerImpl.java:setRole(184)) - 74a8fb36-eab9-4c53-b7cf-c565055de05a@group-21C72E9484D5: changes role from CANDIDATE to LEADER at term 5 for changeToLeader
2019-11-05 11:28:20,390 [74a8fb36-eab9-4c53-b7cf-c565055de05a@group-21C72E9484D5-LeaderElection20] INFO  impl.RaftServerImpl (ServerState.java:setLeader(256)) - 74a8fb36-eab9-4c53-b7cf-c565055de05a@group-21C72E9484D5: change Leader from null to 74a8fb36-eab9-4c53-b7cf-c565055de05a at term 5 for becomeLeader, leader elected after 1082ms
2019-11-05 11:28:20,390 [74a8fb36-eab9-4c53-b7cf-c565055de05a@group-21C72E9484D5-LeaderElection20] INFO  server.RaftServerConfigKeys (ConfUtils.java:logGet(43)) - raft.server.staging.catchup.gap = 1000 (default)
2019-11-05 11:28:20,390 [74a8fb36-eab9-4c53-b7cf-c565055de05a@group-21C72E9484D5-LeaderElection20] INFO  server.RaftServerConfigKeys (ConfUtils.java:logGet(43)) - raft.server.rpc.sleep.time = 25ms (default)
2019-11-05 11:28:20,391 [74a8fb36-eab9-4c53-b7cf-c565055de05a@group-21C72E9484D5-LeaderElection20] INFO  server.RaftServerConfigKeys (ConfUtils.java:logGet(43)) - raft.server.write.element-limit = 4096 (default)
2019-11-05 11:28:20,391 [74a8fb36-eab9-4c53-b7cf-c565055de05a@group-21C72E9484D5-LeaderElection20] INFO  server.RaftServerConfigKeys (ConfUtils.java:logGet(43)) - raft.server.watch.timeout = 10s (default)
2019-11-05 11:28:20,391 [grpc-default-executor-2] INFO  server.GrpcLogAppender (GrpcLogAppender.java:onCompleted(308)) - 1eca16cc-5184-4e43-8e55-175d1516eae4@group-21C72E9484D5->f7e9932d-fd96-469a-9353-68e47138e5ff-AppendLogResponseHandler: follower responses appendEntries COMPLETED
2019-11-05 11:28:20,354 [Thread-456] INFO  impl.FollowerState (FollowerState.java:run(108)) - f7e9932d-fd96-469a-9353-68e47138e5ff@group-21C72E9484D5-FollowerState: change to CANDIDATE, lastRpcTime:82ms, electionTimeout:25ms
2019-11-05 11:28:20,344 [687f579d-1680-4dd5-8b24-01f078298cef@group-E95DC8E8582E-LeaderElection11] INFO  impl.LeaderElection (LeaderElection.java:logAndReturn(56)) - 687f579d-1680-4dd5-8b24-01f078298cef@group-E95DC8E8582E-LeaderElection11: Election DISCOVERED_A_NEW_TERM; received 2 response(s) [687f579d-1680-4dd5-8b24-01f078298cef<-90ecfa43-dab6-49d9-b30c-40ef62bfdf2a#0:FAIL-t8, 687f579d-1680-4dd5-8b24-01f078298cef<-b8bf4e9b-064a-4520-981c-d6c40c833497#0:FAIL-t9] and 0 exception(s); 687f579d-1680-4dd5-8b24-01f078298cef@group-E95DC8E8582E:t8, leader=null, voted=687f579d-1680-4dd5-8b24-01f078298cef, raftlog=687f579d-1680-4dd5-8b24-01f078298cef@group-E95DC8E8582E-SegmentedRaftLog:OPENED:c-1,f-1,i0, conf=-1: [90ecfa43-dab6-49d9-b30c-40ef62bfdf2a:192.168.157.252:34192, 687f579d-1680-4dd5-8b24-01f078298cef:192.168.157.252:37962, b8bf4e9b-064a-4520-981c-d6c40c833497:192.168.157.252:43407], old=null
2019-11-05 11:28:20,341 [grpc-default-executor-11] INFO  impl.RaftServerImpl (RaftServerImpl.java:setRole(184)) - 90ecfa43-dab6-49d9-b30c-40ef62bfdf2a@group-E95DC8E8582E: changes role from  FOLLOWER to FOLLOWER at term 8 for recognizeCandidate:b8bf4e9b-064a-4520-981c-d6c40c833497
2019-11-05 11:28:20,395 [Thread-456] INFO  impl.RoleInfo (RoleInfo.java:shutdownFollowerState(121)) - f7e9932d-fd96-469a-9353-68e47138e5ff: shutdown FollowerState
2019-11-05 11:28:20,391 [74a8fb36-eab9-4c53-b7cf-c565055de05a@group-21C72E9484D5-LeaderElection20] INFO  server.RaftServerConfigKeys (ConfUtils.java:logGet(43)) - raft.server.watch.timeout.denomination = 1s (default)
2019-11-05 11:28:20,391 [grpc-default-executor-4] INFO  impl.RaftServerImpl (RaftServerImpl.java:setRole(184)) - 687f579d-1680-4dd5-8b24-01f078298cef@group-E95DC8E8582E: changes role from CANDIDATE to FOLLOWER at term 9 for recognizeCandidate:b8bf4e9b-064a-4520-981c-d6c40c833497
2019-11-05 11:28:20,397 [grpc-default-executor-2] INFO  impl.FollowerInfo (FollowerInfo.java:lambda$new$0(51)) - 1eca16cc-5184-4e43-8e55-175d1516eae4@group-21C72E9484D5->f7e9932d-fd96-469a-9353-68e47138e5ff: nextIndex: updateUnconditionally 0 -> 0
2019-11-05 11:28:20,390 [Thread-459] INFO  impl.RoleInfo (RoleInfo.java:shutdownFollowerState(121)) - d8b77924-76ff-4932-a9fa-7ec761e4cf6b: shutdown FollowerState
2019-11-05 11:28:20,390 [93bc9e78-ae56-4fee-a007-4b156d649157@group-0CA4D070D5C4-LeaderElection22] INFO  impl.RoleInfo (RoleInfo.java:shutdownLeaderElection(134)) - 93bc9e78-ae56-4fee-a007-4b156d649157: shutdown LeaderElection
2019-11-05 11:28:20,389 [grpc-default-executor-0] INFO  impl.RoleInfo (RoleInfo.java:updateAndGet(143)) - 1eca16cc-5184-4e43-8e55-175d1516eae4: start FollowerState
2019-11-05 11:28:20,398 [93bc9e78-ae56-4fee-a007-4b156d649157@group-0CA4D070D5C4-LeaderElection22] INFO  impl.RoleInfo (RoleInfo.java:updateAndGet(143)) - 93bc9e78-ae56-4fee-a007-4b156d649157: start FollowerState
2019-11-05 11:28:20,397 [Thread-459] INFO  impl.RaftServerImpl (RaftServerImpl.java:setRole(184)) - d8b77924-76ff-4932-a9fa-7ec761e4cf6b@group-0CA4D070D5C4: changes role from  FOLLOWER to CANDIDATE at term 1 for changeToCandidate
2019-11-05 11:28:20,397 [grpc-default-executor-4] INFO  impl.RoleInfo (RoleInfo.java:shutdownLeaderElection(134)) - 687f579d-1680-4dd5-8b24-01f078298cef: shutdown LeaderElection
2019-11-05 11:28:20,397 [74a8fb36-eab9-4c53-b7cf-c565055de05a@group-21C72E9484D5-LeaderElection20] INFO  server.RaftServerConfigKeys (ConfUtils.java:logGet(43)) - raft.server.watch.element-limit = 65536 (default)
2019-11-05 11:28:20,397 [Thread-456] INFO  impl.RaftServerImpl (RaftServerImpl.java:setRole(184)) - f7e9932d-fd96-469a-9353-68e47138e5ff@group-21C72E9484D5: changes role from  FOLLOWER to CANDIDATE at term 5 for changeToCandidate
2019-11-05 11:28:20,398 [Thread-456] INFO  impl.RoleInfo (RoleInfo.java:updateAndGet(143)) - f7e9932d-fd96-469a-9353-68e47138e5ff: start LeaderElection
2019-11-05 11:28:20,395 [grpc-default-executor-11] INFO  impl.RoleInfo (RoleInfo.java:shutdownFollowerState(121)) - 90ecfa43-dab6-49d9-b30c-40ef62bfdf2a: shutdown FollowerState
2019-11-05 11:28:20,398 [grpc-default-executor-4] INFO  impl.RoleInfo (RoleInfo.java:updateAndGet(143)) - 687f579d-1680-4dd5-8b24-01f078298cef: start FollowerState
2019-11-05 11:28:20,398 [Thread-459] INFO  impl.RoleInfo (RoleInfo.java:updateAndGet(143)) - d8b77924-76ff-4932-a9fa-7ec761e4cf6b: start LeaderElection
2019-11-05 11:28:20,403 [Thread-462] INFO  impl.FollowerState (FollowerState.java:run(108)) - bd42c95e-cd41-4cbd-85b3-b330cc3c4f94@group-0CA4D070D5C4-FollowerState: change to CANDIDATE, lastRpcTime:13ms, electionTimeout:13ms
2019-11-05 11:28:20,403 [Thread-462] INFO  impl.RoleInfo (RoleInfo.java:shutdownFollowerState(121)) - bd42c95e-cd41-4cbd-85b3-b330cc3c4f94: shutdown FollowerState
2019-11-05 11:28:20,403 [Thread-462] INFO  impl.RaftServerImpl (RaftServerImpl.java:setRole(184)) - bd42c95e-cd41-4cbd-85b3-b330cc3c4f94@group-0CA4D070D5C4: changes role from  FOLLOWER to CANDIDATE at term 1 for changeToCandidate
2019-11-05 11:28:20,417 [Thread-462] INFO  impl.RoleInfo (RoleInfo.java:updateAndGet(143)) - bd42c95e-cd41-4cbd-85b3-b330cc3c4f94: start LeaderElection
2019-11-05 11:28:20,434 [74a8fb36-eab9-4c53-b7cf-c565055de05a@group-21C72E9484D5-LeaderElection20] INFO  server.RaftServerConfigKeys (ConfUtils.java:logGet(43)) - raft.server.log.appender.snapshot.chunk.size.max = 16MB (=16777216) (default)
2019-11-05 11:28:20,435 [74a8fb36-eab9-4c53-b7cf-c565055de05a@group-21C72E9484D5-LeaderElection20] INFO  server.RaftServerConfigKeys (ConfUtils.java:logGet(43)) - raft.server.log.appender.buffer.byte-limit = 33554432 (custom)
2019-11-05 11:28:20,435 [74a8fb36-eab9-4c53-b7cf-c565055de05a@group-21C72E9484D5-LeaderElection20] INFO  server.RaftServerConfigKeys (ConfUtils.java:logGet(43)) - raft.server.log.appender.buffer.element-limit = 1 (custom)
2019-11-05 11:28:20,435 [74a8fb36-eab9-4c53-b7cf-c565055de05a@group-21C72E9484D5-LeaderElection20] INFO  grpc.GrpcConfigKeys$Server (ConfUtils.java:logGet(43)) - raft.grpc.server.leader.outstanding.appends.max = 128 (default)
2019-11-05 11:28:20,435 [74a8fb36-eab9-4c53-b7cf-c565055de05a@group-21C72E9484D5-LeaderElection20] INFO  server.RaftServerConfigKeys (ConfUtils.java:logGet(43)) - raft.server.rpc.request.timeout = 3000ms (default)
2019-11-05 11:28:20,435 [74a8fb36-eab9-4c53-b7cf-c565055de05a@group-21C72E9484D5-LeaderElection20] INFO  server.RaftServerConfigKeys (ConfUtils.java:logGet(43)) - raft.server.log.appender.install.snapshot.enabled = false (custom)
2019-11-05 11:28:20,436 [grpc-default-executor-1] INFO  impl.RaftServerImpl (RaftServerImpl.java:setRole(184)) - 1eca16cc-5184-4e43-8e55-175d1516eae4@group-21C72E9484D5: changes role from  FOLLOWER to FOLLOWER at term 4 for recognizeCandidate:74a8fb36-eab9-4c53-b7cf-c565055de05a
2019-11-05 11:28:20,436 [grpc-default-executor-1] INFO  impl.RoleInfo (RoleInfo.java:shutdownFollowerState(121)) - 1eca16cc-5184-4e43-8e55-175d1516eae4: shutdown FollowerState
2019-11-05 11:28:20,436 [grpc-default-executor-1] INFO  impl.RoleInfo (RoleInfo.java:updateAndGet(143)) - 1eca16cc-5184-4e43-8e55-175d1516eae4: start FollowerState
2019-11-05 11:28:20,438 [Thread-457] INFO  impl.FollowerState (FollowerState.java:run(117)) - 90ecfa43-dab6-49d9-b30c-40ef62bfdf2a@group-E95DC8E8582E-FollowerState was interrupted: java.lang.InterruptedException: sleep interrupted
2019-11-05 11:28:20,439 [74a8fb36-eab9-4c53-b7cf-c565055de05a@group-21C72E9484D5-LeaderElection20] INFO  server.RaftServerConfigKeys (ConfUtils.java:logGet(43)) - raft.server.log.appender.snapshot.chunk.size.max = 16MB (=16777216) (default)
2019-11-05 11:28:20,439 [74a8fb36-eab9-4c53-b7cf-c565055de05a@group-21C72E9484D5-LeaderElection20] INFO  server.RaftServerConfigKeys (ConfUtils.java:logGet(43)) - raft.server.log.appender.buffer.byte-limit = 33554432 (custom)
2019-11-05 11:28:20,439 [74a8fb36-eab9-4c53-b7cf-c565055de05a@group-21C72E9484D5-LeaderElection20] INFO  server.RaftServerConfigKeys (ConfUtils.java:logGet(43)) - raft.server.log.appender.buffer.element-limit = 1 (custom)
2019-11-05 11:28:20,440 [74a8fb36-eab9-4c53-b7cf-c565055de05a@group-21C72E9484D5-LeaderElection20] INFO  grpc.GrpcConfigKeys$Server (ConfUtils.java:logGet(43)) - raft.grpc.server.leader.outstanding.appends.max = 128 (default)
2019-11-05 11:28:20,440 [d8b77924-76ff-4932-a9fa-7ec761e4cf6b@group-0CA4D070D5C4-LeaderElection25] INFO  impl.LeaderElection (LeaderElection.java:askForVotes(178)) - d8b77924-76ff-4932-a9fa-7ec761e4cf6b@group-0CA4D070D5C4-LeaderElection25: begin an election at term 2 for -1: [93bc9e78-ae56-4fee-a007-4b156d649157:192.168.157.252:38000, d8b77924-76ff-4932-a9fa-7ec761e4cf6b:192.168.157.252:40377, bd42c95e-cd41-4cbd-85b3-b330cc3c4f94:192.168.157.252:33158], old=null
2019-11-05 11:28:20,451 [Thread-463] INFO  impl.FollowerState (FollowerState.java:run(117)) - 1eca16cc-5184-4e43-8e55-175d1516eae4@group-21C72E9484D5-FollowerState was interrupted: java.lang.InterruptedException: sleep interrupted
2019-11-05 11:28:20,451 [grpc-default-executor-9] INFO  impl.RaftServerImpl (RaftServerImpl.java:setRole(184)) - 1eca16cc-5184-4e43-8e55-175d1516eae4@group-21C72E9484D5: changes role from  FOLLOWER to FOLLOWER at term 5 for recognizeCandidate:74a8fb36-eab9-4c53-b7cf-c565055de05a
2019-11-05 11:28:20,456 [grpc-default-executor-9] INFO  impl.RoleInfo (RoleInfo.java:shutdownFollowerState(121)) - 1eca16cc-5184-4e43-8e55-175d1516eae4: shutdown FollowerState
2019-11-05 11:28:20,440 [74a8fb36-eab9-4c53-b7cf-c565055de05a@group-21C72E9484D5-LeaderElection20] INFO  server.RaftServerConfigKeys (ConfUtils.java:logGet(43)) - raft.server.rpc.request.timeout = 3000ms (default)
2019-11-05 11:28:20,440 [f7e9932d-fd96-469a-9353-68e47138e5ff@group-21C72E9484D5-LeaderElection26] INFO  impl.LeaderElection (LeaderElection.java:askForVotes(178)) - f7e9932d-fd96-469a-9353-68e47138e5ff@group-21C72E9484D5-LeaderElection26: begin an election at term 6 for -1: [f7e9932d-fd96-469a-9353-68e47138e5ff:192.168.157.252:45025, 1eca16cc-5184-4e43-8e55-175d1516eae4:192.168.157.252:41127, 74a8fb36-eab9-4c53-b7cf-c565055de05a:192.168.157.252:42370], old=null
2019-11-05 11:28:20,440 [grpc-default-executor-11] INFO  impl.RoleInfo (RoleInfo.java:updateAndGet(143)) - 90ecfa43-dab6-49d9-b30c-40ef62bfdf2a: start FollowerState
2019-11-05 11:28:20,457 [74a8fb36-eab9-4c53-b7cf-c565055de05a@group-21C72E9484D5-LeaderElection20] INFO  server.RaftServerConfigKeys (ConfUtils.java:logGet(43)) - raft.server.log.appender.install.snapshot.enabled = false (custom)
2019-11-05 11:28:20,471 [grpc-default-executor-1] INFO  impl.RaftServerImpl (RaftServerImpl.java:setRole(184)) - 93bc9e78-ae56-4fee-a007-4b156d649157@group-0CA4D070D5C4: changes role from  FOLLOWER to FOLLOWER at term 2 for recognizeCandidate:d8b77924-76ff-4932-a9fa-7ec761e4cf6b
2019-11-05 11:28:20,471 [grpc-default-executor-1] INFO  impl.RoleInfo (RoleInfo.java:shutdownFollowerState(121)) - 93bc9e78-ae56-4fee-a007-4b156d649157: shutdown FollowerState
2019-11-05 11:28:20,476 [grpc-default-executor-5] INFO  impl.RaftServerImpl (RaftServerImpl.java:setRole(184)) - 90ecfa43-dab6-49d9-b30c-40ef62bfdf2a@group-E95DC8E8582E: changes role from  FOLLOWER to FOLLOWER at term 9 for recognizeCandidate:b8bf4e9b-064a-4520-981c-d6c40c833497
2019-11-05 11:28:20,476 [grpc-default-executor-5] INFO  impl.RoleInfo (RoleInfo.java:shutdownFollowerState(121)) - 90ecfa43-dab6-49d9-b30c-40ef62bfdf2a: shutdown FollowerState
2019-11-05 11:28:20,479 [74a8fb36-eab9-4c53-b7cf-c565055de05a@group-21C72E9484D5-LeaderElection20] INFO  impl.RoleInfo (RoleInfo.java:updateAndGet(143)) - 74a8fb36-eab9-4c53-b7cf-c565055de05a: start LeaderState
2019-11-05 11:28:20,479 [grpc-default-executor-9] INFO  impl.RoleInfo (RoleInfo.java:updateAndGet(143)) - 1eca16cc-5184-4e43-8e55-175d1516eae4: start FollowerState
2019-11-05 11:28:20,479 [74a8fb36-eab9-4c53-b7cf-c565055de05a@group-21C72E9484D5-LeaderElection20] INFO  segmented.SegmentedRaftLogWorker (SegmentedRaftLogWorker.java:startLogSegment(385)) - 74a8fb36-eab9-4c53-b7cf-c565055de05a@group-21C72E9484D5-SegmentedRaftLogWorker: Starting segment from index:0
2019-11-05 11:28:20,479 [Thread-472] INFO  impl.FollowerState (FollowerState.java:run(117)) - 1eca16cc-5184-4e43-8e55-175d1516eae4@group-21C72E9484D5-FollowerState was interrupted: java.lang.InterruptedException: sleep interrupted
2019-11-05 11:28:20,501 [Thread-465] INFO  impl.FollowerState (FollowerState.java:run(103)) - 93bc9e78-ae56-4fee-a007-4b156d649157@group-0CA4D070D5C4-FollowerState: Stopping now (isRunning? false, isFollower? true)
2019-11-05 11:28:20,502 [bd42c95e-cd41-4cbd-85b3-b330cc3c4f94@group-0CA4D070D5C4-LeaderElection27] INFO  impl.LeaderElection (LeaderElection.java:askForVotes(178)) - bd42c95e-cd41-4cbd-85b3-b330cc3c4f94@group-0CA4D070D5C4-LeaderElection27: begin an election at term 2 for -1: [93bc9e78-ae56-4fee-a007-4b156d649157:192.168.157.252:38000, d8b77924-76ff-4932-a9fa-7ec761e4cf6b:192.168.157.252:40377, bd42c95e-cd41-4cbd-85b3-b330cc3c4f94:192.168.157.252:33158], old=null
2019-11-05 11:28:20,521 [f7e9932d-fd96-469a-9353-68e47138e5ff@group-21C72E9484D5-LeaderElection26] INFO  impl.LeaderElection (LeaderElection.java:logAndReturn(56)) - f7e9932d-fd96-469a-9353-68e47138e5ff@group-21C72E9484D5-LeaderElection26: Election TIMEOUT; received 0 response(s) [] and 0 exception(s); f7e9932d-fd96-469a-9353-68e47138e5ff@group-21C72E9484D5:t6, leader=null, voted=f7e9932d-fd96-469a-9353-68e47138e5ff, raftlog=f7e9932d-fd96-469a-9353-68e47138e5ff@group-21C72E9484D5-SegmentedRaftLog:OPENED:c-1,f-1,i0, conf=-1: [f7e9932d-fd96-469a-9353-68e47138e5ff:192.168.157.252:45025, 1eca16cc-5184-4e43-8e55-175d1516eae4:192.168.157.252:41127, 74a8fb36-eab9-4c53-b7cf-c565055de05a:192.168.157.252:42370], old=null
2019-11-05 11:28:20,534 [b8bf4e9b-064a-4520-981c-d6c40c833497@group-E95DC8E8582E-LeaderElection19] INFO  impl.LeaderElection (LeaderElection.java:logAndReturn(56)) - b8bf4e9b-064a-4520-981c-d6c40c833497@group-E95DC8E8582E-LeaderElection19: Election TIMEOUT; received 1 response(s) [b8bf4e9b-064a-4520-981c-d6c40c833497<-687f579d-1680-4dd5-8b24-01f078298cef#0:FAIL-t9] and 0 exception(s); b8bf4e9b-064a-4520-981c-d6c40c833497@group-E95DC8E8582E:t9, leader=null, voted=b8bf4e9b-064a-4520-981c-d6c40c833497, raftlog=b8bf4e9b-064a-4520-981c-d6c40c833497@group-E95DC8E8582E-SegmentedRaftLog:OPENED:c-1,f-1,i0, conf=-1: [90ecfa43-dab6-49d9-b30c-40ef62bfdf2a:192.168.157.252:34192, 687f579d-1680-4dd5-8b24-01f078298cef:192.168.157.252:37962, b8bf4e9b-064a-4520-981c-d6c40c833497:192.168.157.252:43407], old=null
2019-11-05 11:28:20,546 [grpc-default-executor-5] INFO  impl.RoleInfo (RoleInfo.java:updateAndGet(143)) - 90ecfa43-dab6-49d9-b30c-40ef62bfdf2a: start FollowerState
2019-11-05 11:28:20,546 [grpc-default-executor-1] INFO  impl.RoleInfo (RoleInfo.java:updateAndGet(143)) - 93bc9e78-ae56-4fee-a007-4b156d649157: start FollowerState
2019-11-05 11:28:20,620 [bd42c95e-cd41-4cbd-85b3-b330cc3c4f94@group-0CA4D070D5C4-LeaderElection27] INFO  impl.LeaderElection (LeaderElection.java:logAndReturn(56)) - bd42c95e-cd41-4cbd-85b3-b330cc3c4f94@group-0CA4D070D5C4-LeaderElection27: Election TIMEOUT; received 0 response(s) [] and 0 exception(s); bd42c95e-cd41-4cbd-85b3-b330cc3c4f94@group-0CA4D070D5C4:t2, leader=null, voted=bd42c95e-cd41-4cbd-85b3-b330cc3c4f94, raftlog=bd42c95e-cd41-4cbd-85b3-b330cc3c4f94@group-0CA4D070D5C4-SegmentedRaftLog:OPENED:c-1,f-1,i0, conf=-1: [93bc9e78-ae56-4fee-a007-4b156d649157:192.168.157.252:38000, d8b77924-76ff-4932-a9fa-7ec761e4cf6b:192.168.157.252:40377, bd42c95e-cd41-4cbd-85b3-b330cc3c4f94:192.168.157.252:33158], old=null
2019-11-05 11:28:20,620 [Thread-467] INFO  impl.FollowerState (FollowerState.java:run(108)) - 687f579d-1680-4dd5-8b24-01f078298cef@group-E95DC8E8582E-FollowerState: change to CANDIDATE, lastRpcTime:222ms, electionTimeout:138ms
2019-11-05 11:28:20,643 [Thread-467] INFO  impl.RoleInfo (RoleInfo.java:shutdownFollowerState(121)) - 687f579d-1680-4dd5-8b24-01f078298cef: shutdown FollowerState
2019-11-05 11:28:20,643 [Thread-467] INFO  impl.RaftServerImpl (RaftServerImpl.java:setRole(184)) - 687f579d-1680-4dd5-8b24-01f078298cef@group-E95DC8E8582E: changes role from  FOLLOWER to CANDIDATE at term 9 for changeToCandidate
2019-11-05 11:28:20,644 [grpc-default-executor-10] INFO  server.GrpcLogAppender (GrpcLogAppender.java:onCompleted(308)) - 1eca16cc-5184-4e43-8e55-175d1516eae4@group-21C72E9484D5->74a8fb36-eab9-4c53-b7cf-c565055de05a-AppendLogResponseHandler: follower responses appendEntries COMPLETED
2019-11-05 11:28:20,615 [d8b77924-76ff-4932-a9fa-7ec761e4cf6b@group-0CA4D070D5C4-LeaderElection25] INFO  impl.LeaderElection (LeaderElection.java:logAndReturn(56)) - d8b77924-76ff-4932-a9fa-7ec761e4cf6b@group-0CA4D070D5C4-LeaderElection25: Election TIMEOUT; received 0 response(s) [] and 0 exception(s); d8b77924-76ff-4932-a9fa-7ec761e4cf6b@group-0CA4D070D5C4:t2, leader=null, voted=d8b77924-76ff-4932-a9fa-7ec761e4cf6b, raftlog=d8b77924-76ff-4932-a9fa-7ec761e4cf6b@group-0CA4D070D5C4-SegmentedRaftLog:OPENED:c-1,f-1,i0, conf=-1: [93bc9e78-ae56-4fee-a007-4b156d649157:192.168.157.252:38000, d8b77924-76ff-4932-a9fa-7ec761e4cf6b:192.168.157.252:40377, bd42c95e-cd41-4cbd-85b3-b330cc3c4f94:192.168.157.252:33158], old=null
2019-11-05 11:28:20,663 [grpc-default-executor-0] INFO  impl.RaftServerImpl (RaftServerImpl.java:setRole(184)) - 1eca16cc-5184-4e43-8e55-175d1516eae4@group-21C72E9484D5: changes role from  FOLLOWER to FOLLOWER at term 6 for recognizeCandidate:f7e9932d-fd96-469a-9353-68e47138e5ff
2019-11-05 11:28:20,664 [grpc-default-executor-0] INFO  impl.RoleInfo (RoleInfo.java:shutdownFollowerState(121)) - 1eca16cc-5184-4e43-8e55-175d1516eae4: shutdown FollowerState
2019-11-05 11:28:20,665 [grpc-default-executor-0] INFO  impl.RoleInfo (RoleInfo.java:updateAndGet(143)) - 1eca16cc-5184-4e43-8e55-175d1516eae4: start FollowerState
2019-11-05 11:28:20,645 [b8bf4e9b-064a-4520-981c-d6c40c833497@group-E95DC8E8582E-LeaderElection19] INFO  impl.LeaderElection (LeaderElection.java:askForVotes(178)) - b8bf4e9b-064a-4520-981c-d6c40c833497@group-E95DC8E8582E-LeaderElection19: begin an election at term 10 for -1: [90ecfa43-dab6-49d9-b30c-40ef62bfdf2a:192.168.157.252:34192, 687f579d-1680-4dd5-8b24-01f078298cef:192.168.157.252:37962, b8bf4e9b-064a-4520-981c-d6c40c833497:192.168.157.252:43407], old=null
2019-11-05 11:28:20,741 [main] INFO  impl.MetricsSystemImpl (MetricsSystemImpl.java:init(158)) - XceiverClientMetrics metrics system started (again)
2019-11-05 11:28:20,730 [bd42c95e-cd41-4cbd-85b3-b330cc3c4f94@group-0CA4D070D5C4-LeaderElection27] INFO  impl.LeaderElection (LeaderElection.java:askForVotes(178)) - bd42c95e-cd41-4cbd-85b3-b330cc3c4f94@group-0CA4D070D5C4-LeaderElection27: begin an election at term 3 for -1: [93bc9e78-ae56-4fee-a007-4b156d649157:192.168.157.252:38000, d8b77924-76ff-4932-a9fa-7ec761e4cf6b:192.168.157.252:40377, bd42c95e-cd41-4cbd-85b3-b330cc3c4f94:192.168.157.252:33158], old=null
2019-11-05 11:28:20,705 [grpc-default-executor-10] INFO  impl.FollowerInfo (FollowerInfo.java:lambda$new$0(51)) - 1eca16cc-5184-4e43-8e55-175d1516eae4@group-21C72E9484D5->74a8fb36-eab9-4c53-b7cf-c565055de05a: nextIndex: updateUnconditionally 0 -> 0
2019-11-05 11:28:20,702 [74a8fb36-eab9-4c53-b7cf-c565055de05a@group-21C72E9484D5-SegmentedRaftLogWorker] INFO  segmented.SegmentedRaftLogWorker (SegmentedRaftLogWorker.java:execute(576)) - 74a8fb36-eab9-4c53-b7cf-c565055de05a@group-21C72E9484D5-SegmentedRaftLogWorker: created new log segment /workdir/hadoop-ozone/integration-test/target/test-dir/MiniOzoneClusterImpl-6b0fc4fe-9997-4a80-bab7-b3d82b6e3879/datanode-3/data/ratis/96ba2edb-8c68-46c8-ab0d-21c72e9484d5/current/log_inprogress_0
2019-11-05 11:28:20,701 [Thread-467] INFO  impl.RoleInfo (RoleInfo.java:updateAndGet(143)) - 687f579d-1680-4dd5-8b24-01f078298cef: start LeaderElection
2019-11-05 11:28:20,701 [Thread-478] INFO  impl.FollowerState (FollowerState.java:run(117)) - 1eca16cc-5184-4e43-8e55-175d1516eae4@group-21C72E9484D5-FollowerState was interrupted: java.lang.InterruptedException: sleep interrupted
2019-11-05 11:28:20,701 [d8b77924-76ff-4932-a9fa-7ec761e4cf6b@group-0CA4D070D5C4-LeaderElection25] INFO  impl.LeaderElection (LeaderElection.java:askForVotes(178)) - d8b77924-76ff-4932-a9fa-7ec761e4cf6b@group-0CA4D070D5C4-LeaderElection25: begin an election at term 3 for -1: [93bc9e78-ae56-4fee-a007-4b156d649157:192.168.157.252:38000, d8b77924-76ff-4932-a9fa-7ec761e4cf6b:192.168.157.252:40377, bd42c95e-cd41-4cbd-85b3-b330cc3c4f94:192.168.157.252:33158], old=null
2019-11-05 11:28:20,697 [f7e9932d-fd96-469a-9353-68e47138e5ff@group-21C72E9484D5-LeaderElection26] INFO  impl.LeaderElection (LeaderElection.java:askForVotes(178)) - f7e9932d-fd96-469a-9353-68e47138e5ff@group-21C72E9484D5-LeaderElection26: begin an election at term 7 for -1: [f7e9932d-fd96-469a-9353-68e47138e5ff:192.168.157.252:45025, 1eca16cc-5184-4e43-8e55-175d1516eae4:192.168.157.252:41127, 74a8fb36-eab9-4c53-b7cf-c565055de05a:192.168.157.252:42370], old=null
2019-11-05 11:28:20,679 [74a8fb36-eab9-4c53-b7cf-c565055de05a@group-21C72E9484D5-LeaderElection20] INFO  impl.RaftServerImpl (ServerState.java:setRaftConf(357)) - 74a8fb36-eab9-4c53-b7cf-c565055de05a@group-21C72E9484D5: set configuration 0: [f7e9932d-fd96-469a-9353-68e47138e5ff:192.168.157.252:45025, 1eca16cc-5184-4e43-8e55-175d1516eae4:192.168.157.252:41127, 74a8fb36-eab9-4c53-b7cf-c565055de05a:192.168.157.252:42370], old=null at 0
2019-11-05 11:28:20,807 [grpc-default-executor-7] INFO  impl.RaftServerImpl (ServerState.java:setLeader(256)) - 74a8fb36-eab9-4c53-b7cf-c565055de05a@group-21C72E9484D5: change Leader from 74a8fb36-eab9-4c53-b7cf-c565055de05a to null at term 6 for updateCurrentTerm
2019-11-05 11:28:20,807 [grpc-default-executor-7] INFO  impl.RaftServerImpl (RaftServerImpl.java:setRole(184)) - 74a8fb36-eab9-4c53-b7cf-c565055de05a@group-21C72E9484D5: changes role from    LEADER to FOLLOWER at term 6 for recognizeCandidate:f7e9932d-fd96-469a-9353-68e47138e5ff
2019-11-05 11:28:20,807 [grpc-default-executor-7] INFO  impl.RoleInfo (RoleInfo.java:shutdownLeaderState(104)) - 74a8fb36-eab9-4c53-b7cf-c565055de05a: shutdown LeaderState
2019-11-05 11:28:20,814 [org.apache.ratis.server.impl.LogAppender$AppenderDaemon$$Lambda$468/2048678591@25b038ad] WARN  server.GrpcLogAppender (GrpcLogAppender.java:mayWait(149)) - 74a8fb36-eab9-4c53-b7cf-c565055de05a@group-21C72E9484D5->1eca16cc-5184-4e43-8e55-175d1516eae4-GrpcLogAppender: Wait interrupted by java.lang.InterruptedException
2019-11-05 11:28:20,814 [grpc-default-executor-7] INFO  impl.PendingRequests (PendingRequests.java:sendNotLeaderResponses(202)) - 74a8fb36-eab9-4c53-b7cf-c565055de05a@group-21C72E9484D5-PendingRequests: sendNotLeaderResponses
2019-11-05 11:28:20,815 [org.apache.ratis.server.impl.LogAppender$AppenderDaemon$$Lambda$468/2048678591@ba517d1] WARN  server.GrpcLogAppender (GrpcLogAppender.java:mayWait(149)) - 74a8fb36-eab9-4c53-b7cf-c565055de05a@group-21C72E9484D5->f7e9932d-fd96-469a-9353-68e47138e5ff-GrpcLogAppender: Wait interrupted by java.lang.InterruptedException
2019-11-05 11:28:20,815 [grpc-default-executor-7] INFO  impl.RoleInfo (RoleInfo.java:updateAndGet(143)) - 74a8fb36-eab9-4c53-b7cf-c565055de05a: start FollowerState
2019-11-05 11:28:20,817 [grpc-default-executor-10] INFO  impl.RaftServerImpl (RaftServerImpl.java:setRole(184)) - 93bc9e78-ae56-4fee-a007-4b156d649157@group-0CA4D070D5C4: changes role from  FOLLOWER to FOLLOWER at term 3 for recognizeCandidate:bd42c95e-cd41-4cbd-85b3-b330cc3c4f94
2019-11-05 11:28:20,817 [grpc-default-executor-10] INFO  impl.RoleInfo (RoleInfo.java:shutdownFollowerState(121)) - 93bc9e78-ae56-4fee-a007-4b156d649157: shutdown FollowerState
2019-11-05 11:28:20,817 [Thread-482] INFO  impl.FollowerState (FollowerState.java:run(117)) - 93bc9e78-ae56-4fee-a007-4b156d649157@group-0CA4D070D5C4-FollowerState was interrupted: java.lang.InterruptedException: sleep interrupted
2019-11-05 11:28:20,818 [grpc-default-executor-4] INFO  server.GrpcServerProtocolService (GrpcServerProtocolService.java:onCompleted(113)) - 1eca16cc-5184-4e43-8e55-175d1516eae4: Completed APPEND_ENTRIES, lastRequest: 74a8fb36-eab9-4c53-b7cf-c565055de05a->1eca16cc-5184-4e43-8e55-175d1516eae4#0-t5, previous=(t:0, i:0), leaderCommit=-1, initializing? false, entries: <empty>
2019-11-05 11:28:20,818 [grpc-default-executor-0] INFO  impl.RaftServerImpl (RaftServerImpl.java:setRole(184)) - 90ecfa43-dab6-49d9-b30c-40ef62bfdf2a@group-E95DC8E8582E: changes role from  FOLLOWER to FOLLOWER at term 10 for recognizeCandidate:b8bf4e9b-064a-4520-981c-d6c40c833497
2019-11-05 11:28:20,818 [grpc-default-executor-0] INFO  impl.RoleInfo (RoleInfo.java:shutdownFollowerState(121)) - 90ecfa43-dab6-49d9-b30c-40ef62bfdf2a: shutdown FollowerState
2019-11-05 11:28:20,818 [grpc-default-executor-0] INFO  impl.RoleInfo (RoleInfo.java:updateAndGet(143)) - 90ecfa43-dab6-49d9-b30c-40ef62bfdf2a: start FollowerState
2019-11-05 11:28:20,819 [grpc-default-executor-4] INFO  server.GrpcLogAppender (GrpcLogAppender.java:onCompleted(308)) - 74a8fb36-eab9-4c53-b7cf-c565055de05a@group-21C72E9484D5->1eca16cc-5184-4e43-8e55-175d1516eae4-AppendLogResponseHandler: follower responses appendEntries COMPLETED
2019-11-05 11:28:20,819 [grpc-default-executor-2] INFO  impl.RaftServerImpl (RaftServerImpl.java:setRole(184)) - 1eca16cc-5184-4e43-8e55-175d1516eae4@group-21C72E9484D5: changes role from  FOLLOWER to FOLLOWER at term 7 for recognizeCandidate:f7e9932d-fd96-469a-9353-68e47138e5ff
2019-11-05 11:28:20,819 [grpc-default-executor-2] INFO  impl.RoleInfo (RoleInfo.java:shutdownFollowerState(121)) - 1eca16cc-5184-4e43-8e55-175d1516eae4: shutdown FollowerState
2019-11-05 11:28:20,824 [grpc-default-executor-2] INFO  impl.RoleInfo (RoleInfo.java:updateAndGet(143)) - 1eca16cc-5184-4e43-8e55-175d1516eae4: start FollowerState
2019-11-05 11:28:20,825 [f7e9932d-fd96-469a-9353-68e47138e5ff@group-21C72E9484D5-LeaderElection26] INFO  impl.LeaderElection (LeaderElection.java:logAndReturn(56)) - f7e9932d-fd96-469a-9353-68e47138e5ff@group-21C72E9484D5-LeaderElection26: Election TIMEOUT; received 0 response(s) [] and 0 exception(s); f7e9932d-fd96-469a-9353-68e47138e5ff@group-21C72E9484D5:t7, leader=null, voted=f7e9932d-fd96-469a-9353-68e47138e5ff, raftlog=f7e9932d-fd96-469a-9353-68e47138e5ff@group-21C72E9484D5-SegmentedRaftLog:OPENED:c-1,f-1,i0, conf=-1: [f7e9932d-fd96-469a-9353-68e47138e5ff:192.168.157.252:45025, 1eca16cc-5184-4e43-8e55-175d1516eae4:192.168.157.252:41127, 74a8fb36-eab9-4c53-b7cf-c565055de05a:192.168.157.252:42370], old=null
2019-11-05 11:28:20,826 [grpc-default-executor-4] INFO  impl.FollowerInfo (FollowerInfo.java:lambda$new$0(51)) - 74a8fb36-eab9-4c53-b7cf-c565055de05a@group-21C72E9484D5->1eca16cc-5184-4e43-8e55-175d1516eae4: nextIndex: updateUnconditionally 0 -> 0
2019-11-05 11:28:20,817 [grpc-default-executor-11] INFO  server.GrpcServerProtocolService (GrpcServerProtocolService.java:onCompleted(113)) - f7e9932d-fd96-469a-9353-68e47138e5ff: Completed APPEND_ENTRIES, lastRequest: 74a8fb36-eab9-4c53-b7cf-c565055de05a->f7e9932d-fd96-469a-9353-68e47138e5ff#1-t5, previous=(t:0, i:0), leaderCommit=-1, initializing? false, entries: size=1, first=(t:5, i:0), CONFIGURATIONENTRY
2019-11-05 11:28:20,842 [Thread-481] INFO  impl.FollowerState (FollowerState.java:run(117)) - 90ecfa43-dab6-49d9-b30c-40ef62bfdf2a@group-E95DC8E8582E-FollowerState was interrupted: java.lang.InterruptedException: sleep interrupted
2019-11-05 11:28:20,837 [Thread-484] INFO  impl.FollowerState (FollowerState.java:run(117)) - 1eca16cc-5184-4e43-8e55-175d1516eae4@group-21C72E9484D5-FollowerState was interrupted: java.lang.InterruptedException: sleep interrupted
2019-11-05 11:28:20,837 [f7e9932d-fd96-469a-9353-68e47138e5ff@group-21C72E9484D5-LeaderElection26] INFO  impl.LeaderElection (LeaderElection.java:askForVotes(178)) - f7e9932d-fd96-469a-9353-68e47138e5ff@group-21C72E9484D5-LeaderElection26: begin an election at term 8 for -1: [f7e9932d-fd96-469a-9353-68e47138e5ff:192.168.157.252:45025, 1eca16cc-5184-4e43-8e55-175d1516eae4:192.168.157.252:41127, 74a8fb36-eab9-4c53-b7cf-c565055de05a:192.168.157.252:42370], old=null
2019-11-05 11:28:20,833 [b8bf4e9b-064a-4520-981c-d6c40c833497@group-E95DC8E8582E-LeaderElection19] INFO  impl.LeaderElection (LeaderElection.java:logAndReturn(56)) - b8bf4e9b-064a-4520-981c-d6c40c833497@group-E95DC8E8582E-LeaderElection19: Election REJECTED; received 2 response(s) [b8bf4e9b-064a-4520-981c-d6c40c833497<-90ecfa43-dab6-49d9-b30c-40ef62bfdf2a#0:FAIL-t10, b8bf4e9b-064a-4520-981c-d6c40c833497<-687f579d-1680-4dd5-8b24-01f078298cef#0:FAIL-t10] and 0 exception(s); b8bf4e9b-064a-4520-981c-d6c40c833497@group-E95DC8E8582E:t10, leader=null, voted=b8bf4e9b-064a-4520-981c-d6c40c833497, raftlog=b8bf4e9b-064a-4520-981c-d6c40c833497@group-E95DC8E8582E-SegmentedRaftLog:OPENED:c-1,f-1,i0, conf=-1: [90ecfa43-dab6-49d9-b30c-40ef62bfdf2a:192.168.157.252:34192, 687f579d-1680-4dd5-8b24-01f078298cef:192.168.157.252:37962, b8bf4e9b-064a-4520-981c-d6c40c833497:192.168.157.252:43407], old=null
2019-11-05 11:28:20,849 [b8bf4e9b-064a-4520-981c-d6c40c833497@group-E95DC8E8582E-LeaderElection19] INFO  impl.RaftServerImpl (RaftServerImpl.java:setRole(184)) - b8bf4e9b-064a-4520-981c-d6c40c833497@group-E95DC8E8582E: changes role from CANDIDATE to FOLLOWER at term 10 for DISCOVERED_A_NEW_TERM
2019-11-05 11:28:20,849 [b8bf4e9b-064a-4520-981c-d6c40c833497@group-E95DC8E8582E-LeaderElection19] INFO  impl.RoleInfo (RoleInfo.java:shutdownLeaderElection(134)) - b8bf4e9b-064a-4520-981c-d6c40c833497: shutdown LeaderElection
2019-11-05 11:28:20,830 [687f579d-1680-4dd5-8b24-01f078298cef@group-E95DC8E8582E-LeaderElection28] INFO  impl.LeaderElection (LeaderElection.java:askForVotes(178)) - 687f579d-1680-4dd5-8b24-01f078298cef@group-E95DC8E8582E-LeaderElection28: begin an election at term 10 for -1: [90ecfa43-dab6-49d9-b30c-40ef62bfdf2a:192.168.157.252:34192, 687f579d-1680-4dd5-8b24-01f078298cef:192.168.157.252:37962, b8bf4e9b-064a-4520-981c-d6c40c833497:192.168.157.252:43407], old=null
2019-11-05 11:28:20,829 [grpc-default-executor-4] INFO  impl.RaftServerImpl (RaftServerImpl.java:setRole(184)) - 74a8fb36-eab9-4c53-b7cf-c565055de05a@group-21C72E9484D5: changes role from  FOLLOWER to FOLLOWER at term 7 for recognizeCandidate:f7e9932d-fd96-469a-9353-68e47138e5ff
2019-11-05 11:28:20,853 [grpc-default-executor-4] INFO  impl.RoleInfo (RoleInfo.java:shutdownFollowerState(121)) - 74a8fb36-eab9-4c53-b7cf-c565055de05a: shutdown FollowerState
2019-11-05 11:28:20,853 [grpc-default-executor-4] INFO  impl.RoleInfo (RoleInfo.java:updateAndGet(143)) - 74a8fb36-eab9-4c53-b7cf-c565055de05a: start FollowerState
2019-11-05 11:28:20,817 [grpc-default-executor-10] INFO  impl.RoleInfo (RoleInfo.java:updateAndGet(143)) - 93bc9e78-ae56-4fee-a007-4b156d649157: start FollowerState
2019-11-05 11:28:20,854 [Thread-495] INFO  impl.FollowerState (FollowerState.java:run(117)) - 74a8fb36-eab9-4c53-b7cf-c565055de05a@group-21C72E9484D5-FollowerState was interrupted: java.lang.InterruptedException: sleep interrupted
2019-11-05 11:28:20,858 [grpc-default-executor-11] INFO  impl.RaftServerImpl (RaftServerImpl.java:setRole(184)) - 90ecfa43-dab6-49d9-b30c-40ef62bfdf2a@group-E95DC8E8582E: changes role from  FOLLOWER to FOLLOWER at term 10 for recognizeCandidate:687f579d-1680-4dd5-8b24-01f078298cef
2019-11-05 11:28:20,858 [grpc-default-executor-11] INFO  impl.RoleInfo (RoleInfo.java:shutdownFollowerState(121)) - 90ecfa43-dab6-49d9-b30c-40ef62bfdf2a: shutdown FollowerState
2019-11-05 11:28:20,859 [b8bf4e9b-064a-4520-981c-d6c40c833497@group-E95DC8E8582E-LeaderElection19] INFO  impl.RoleInfo (RoleInfo.java:updateAndGet(143)) - b8bf4e9b-064a-4520-981c-d6c40c833497: start FollowerState
2019-11-05 11:28:20,859 [grpc-default-executor-11] INFO  impl.RoleInfo (RoleInfo.java:updateAndGet(143)) - 90ecfa43-dab6-49d9-b30c-40ef62bfdf2a: start FollowerState
2019-11-05 11:28:20,859 [Thread-497] INFO  impl.FollowerState (FollowerState.java:run(117)) - 90ecfa43-dab6-49d9-b30c-40ef62bfdf2a@group-E95DC8E8582E-FollowerState was interrupted: java.lang.InterruptedException: sleep interrupted
2019-11-05 11:28:20,867 [grpc-default-executor-2] INFO  impl.RaftServerImpl (RaftServerImpl.java:setRole(184)) - 1eca16cc-5184-4e43-8e55-175d1516eae4@group-21C72E9484D5: changes role from  FOLLOWER to FOLLOWER at term 8 for recognizeCandidate:f7e9932d-fd96-469a-9353-68e47138e5ff
2019-11-05 11:28:20,867 [grpc-default-executor-2] INFO  impl.RoleInfo (RoleInfo.java:shutdownFollowerState(121)) - 1eca16cc-5184-4e43-8e55-175d1516eae4: shutdown FollowerState
2019-11-05 11:28:20,867 [grpc-default-executor-2] INFO  impl.RoleInfo (RoleInfo.java:updateAndGet(143)) - 1eca16cc-5184-4e43-8e55-175d1516eae4: start FollowerState
2019-11-05 11:28:20,868 [grpc-default-executor-1] INFO  server.GrpcLogAppender (GrpcLogAppender.java:onCompleted(308)) - 74a8fb36-eab9-4c53-b7cf-c565055de05a@group-21C72E9484D5->f7e9932d-fd96-469a-9353-68e47138e5ff-AppendLogResponseHandler: follower responses appendEntries COMPLETED
2019-11-05 11:28:20,868 [Thread-498] INFO  impl.FollowerState (FollowerState.java:run(117)) - 1eca16cc-5184-4e43-8e55-175d1516eae4@group-21C72E9484D5-FollowerState was interrupted: java.lang.InterruptedException: sleep interrupted
2019-11-05 11:28:20,873 [grpc-default-executor-11] INFO  impl.RaftServerImpl (RaftServerImpl.java:setRole(184)) - 74a8fb36-eab9-4c53-b7cf-c565055de05a@group-21C72E9484D5: changes role from  FOLLOWER to FOLLOWER at term 8 for recognizeCandidate:f7e9932d-fd96-469a-9353-68e47138e5ff
2019-11-05 11:28:20,874 [grpc-default-executor-11] INFO  impl.RoleInfo (RoleInfo.java:shutdownFollowerState(121)) - 74a8fb36-eab9-4c53-b7cf-c565055de05a: shutdown FollowerState
2019-11-05 11:28:20,874 [grpc-default-executor-11] INFO  impl.RoleInfo (RoleInfo.java:updateAndGet(143)) - 74a8fb36-eab9-4c53-b7cf-c565055de05a: start FollowerState
2019-11-05 11:28:20,874 [Thread-502] INFO  impl.FollowerState (FollowerState.java:run(117)) - 74a8fb36-eab9-4c53-b7cf-c565055de05a@group-21C72E9484D5-FollowerState was interrupted: java.lang.InterruptedException: sleep interrupted
2019-11-05 11:28:20,877 [grpc-default-executor-1] INFO  impl.FollowerInfo (FollowerInfo.java:lambda$new$0(51)) - 74a8fb36-eab9-4c53-b7cf-c565055de05a@group-21C72E9484D5->f7e9932d-fd96-469a-9353-68e47138e5ff: nextIndex: updateUnconditionally 1 -> 0
2019-11-05 11:28:20,877 [bd42c95e-cd41-4cbd-85b3-b330cc3c4f94@group-0CA4D070D5C4-LeaderElection27] INFO  impl.LeaderElection (LeaderElection.java:logAndReturn(56)) - bd42c95e-cd41-4cbd-85b3-b330cc3c4f94@group-0CA4D070D5C4-LeaderElection27: Election PASSED; received 2 response(s) [bd42c95e-cd41-4cbd-85b3-b330cc3c4f94<-93bc9e78-ae56-4fee-a007-4b156d649157#0:OK-t3, bd42c95e-cd41-4cbd-85b3-b330cc3c4f94<-d8b77924-76ff-4932-a9fa-7ec761e4cf6b#0:FAIL-t3] and 0 exception(s); bd42c95e-cd41-4cbd-85b3-b330cc3c4f94@group-0CA4D070D5C4:t3, leader=null, voted=bd42c95e-cd41-4cbd-85b3-b330cc3c4f94, raftlog=bd42c95e-cd41-4cbd-85b3-b330cc3c4f94@group-0CA4D070D5C4-SegmentedRaftLog:OPENED:c-1,f-1,i0, conf=-1: [93bc9e78-ae56-4fee-a007-4b156d649157:192.168.157.252:38000, d8b77924-76ff-4932-a9fa-7ec761e4cf6b:192.168.157.252:40377, bd42c95e-cd41-4cbd-85b3-b330cc3c4f94:192.168.157.252:33158], old=null
2019-11-05 11:28:20,878 [bd42c95e-cd41-4cbd-85b3-b330cc3c4f94@group-0CA4D070D5C4-LeaderElection27] INFO  impl.RoleInfo (RoleInfo.java:shutdownLeaderElection(134)) - bd42c95e-cd41-4cbd-85b3-b330cc3c4f94: shutdown LeaderElection
2019-11-05 11:28:20,878 [bd42c95e-cd41-4cbd-85b3-b330cc3c4f94@group-0CA4D070D5C4-LeaderElection27] INFO  impl.RaftServerImpl (RaftServerImpl.java:setRole(184)) - bd42c95e-cd41-4cbd-85b3-b330cc3c4f94@group-0CA4D070D5C4: changes role from CANDIDATE to LEADER at term 3 for changeToLeader
2019-11-05 11:28:20,878 [bd42c95e-cd41-4cbd-85b3-b330cc3c4f94@group-0CA4D070D5C4-LeaderElection27] INFO  impl.RaftServerImpl (ServerState.java:setLeader(256)) - bd42c95e-cd41-4cbd-85b3-b330cc3c4f94@group-0CA4D070D5C4: change Leader from null to bd42c95e-cd41-4cbd-85b3-b330cc3c4f94 at term 3 for becomeLeader, leader elected after 1253ms
2019-11-05 11:28:20,878 [bd42c95e-cd41-4cbd-85b3-b330cc3c4f94@group-0CA4D070D5C4-LeaderElection27] INFO  server.RaftServerConfigKeys (ConfUtils.java:logGet(43)) - raft.server.staging.catchup.gap = 1000 (default)
2019-11-05 11:28:20,878 [bd42c95e-cd41-4cbd-85b3-b330cc3c4f94@group-0CA4D070D5C4-LeaderElection27] INFO  server.RaftServerConfigKeys (ConfUtils.java:logGet(43)) - raft.server.rpc.sleep.time = 25ms (default)
2019-11-05 11:28:20,878 [bd42c95e-cd41-4cbd-85b3-b330cc3c4f94@group-0CA4D070D5C4-LeaderElection27] INFO  server.RaftServerConfigKeys (ConfUtils.java:logGet(43)) - raft.server.write.element-limit = 4096 (default)
2019-11-05 11:28:20,879 [bd42c95e-cd41-4cbd-85b3-b330cc3c4f94@group-0CA4D070D5C4-LeaderElection27] INFO  server.RaftServerConfigKeys (ConfUtils.java:logGet(43)) - raft.server.watch.timeout = 10s (default)
2019-11-05 11:28:20,879 [bd42c95e-cd41-4cbd-85b3-b330cc3c4f94@group-0CA4D070D5C4-LeaderElection27] INFO  server.RaftServerConfigKeys (ConfUtils.java:logGet(43)) - raft.server.watch.timeout.denomination = 1s (default)
2019-11-05 11:28:20,879 [bd42c95e-cd41-4cbd-85b3-b330cc3c4f94@group-0CA4D070D5C4-LeaderElection27] INFO  server.RaftServerConfigKeys (ConfUtils.java:logGet(43)) - raft.server.watch.element-limit = 65536 (default)
2019-11-05 11:28:20,879 [687f579d-1680-4dd5-8b24-01f078298cef@group-E95DC8E8582E-LeaderElection28] INFO  impl.LeaderElection (LeaderElection.java:logAndReturn(56)) - 687f579d-1680-4dd5-8b24-01f078298cef@group-E95DC8E8582E-LeaderElection28: Election REJECTED; received 2 response(s) [687f579d-1680-4dd5-8b24-01f078298cef<-90ecfa43-dab6-49d9-b30c-40ef62bfdf2a#0:FAIL-t10, 687f579d-1680-4dd5-8b24-01f078298cef<-b8bf4e9b-064a-4520-981c-d6c40c833497#0:FAIL-t10] and 0 exception(s); 687f579d-1680-4dd5-8b24-01f078298cef@group-E95DC8E8582E:t10, leader=null, voted=687f579d-1680-4dd5-8b24-01f078298cef, raftlog=687f579d-1680-4dd5-8b24-01f078298cef@group-E95DC8E8582E-SegmentedRaftLog:OPENED:c-1,f-1,i0, conf=-1: [90ecfa43-dab6-49d9-b30c-40ef62bfdf2a:192.168.157.252:34192, 687f579d-1680-4dd5-8b24-01f078298cef:192.168.157.252:37962, b8bf4e9b-064a-4520-981c-d6c40c833497:192.168.157.252:43407], old=null
2019-11-05 11:28:20,889 [687f579d-1680-4dd5-8b24-01f078298cef@group-E95DC8E8582E-LeaderElection28] INFO  impl.RaftServerImpl (RaftServerImpl.java:setRole(184)) - 687f579d-1680-4dd5-8b24-01f078298cef@group-E95DC8E8582E: changes role from CANDIDATE to FOLLOWER at term 10 for DISCOVERED_A_NEW_TERM
2019-11-05 11:28:20,889 [687f579d-1680-4dd5-8b24-01f078298cef@group-E95DC8E8582E-LeaderElection28] INFO  impl.RoleInfo (RoleInfo.java:shutdownLeaderElection(134)) - 687f579d-1680-4dd5-8b24-01f078298cef: shutdown LeaderElection
2019-11-05 11:28:20,890 [687f579d-1680-4dd5-8b24-01f078298cef@group-E95DC8E8582E-LeaderElection28] INFO  impl.RoleInfo (RoleInfo.java:updateAndGet(143)) - 687f579d-1680-4dd5-8b24-01f078298cef: start FollowerState
2019-11-05 11:28:20,892 [bd42c95e-cd41-4cbd-85b3-b330cc3c4f94@group-0CA4D070D5C4-LeaderElection27] INFO  server.RaftServerConfigKeys (ConfUtils.java:logGet(43)) - raft.server.log.appender.snapshot.chunk.size.max = 16MB (=16777216) (default)
2019-11-05 11:28:20,902 [bd42c95e-cd41-4cbd-85b3-b330cc3c4f94@group-0CA4D070D5C4-LeaderElection27] INFO  server.RaftServerConfigKeys (ConfUtils.java:logGet(43)) - raft.server.log.appender.buffer.byte-limit = 33554432 (custom)
2019-11-05 11:28:20,903 [bd42c95e-cd41-4cbd-85b3-b330cc3c4f94@group-0CA4D070D5C4-LeaderElection27] INFO  server.RaftServerConfigKeys (ConfUtils.java:logGet(43)) - raft.server.log.appender.buffer.element-limit = 1 (custom)
2019-11-05 11:28:20,903 [bd42c95e-cd41-4cbd-85b3-b330cc3c4f94@group-0CA4D070D5C4-LeaderElection27] INFO  grpc.GrpcConfigKeys$Server (ConfUtils.java:logGet(43)) - raft.grpc.server.leader.outstanding.appends.max = 128 (default)
2019-11-05 11:28:20,903 [bd42c95e-cd41-4cbd-85b3-b330cc3c4f94@group-0CA4D070D5C4-LeaderElection27] INFO  server.RaftServerConfigKeys (ConfUtils.java:logGet(43)) - raft.server.rpc.request.timeout = 3000ms (default)
2019-11-05 11:28:20,903 [bd42c95e-cd41-4cbd-85b3-b330cc3c4f94@group-0CA4D070D5C4-LeaderElection27] INFO  server.RaftServerConfigKeys (ConfUtils.java:logGet(43)) - raft.server.log.appender.install.snapshot.enabled = false (custom)
2019-11-05 11:28:20,906 [bd42c95e-cd41-4cbd-85b3-b330cc3c4f94@group-0CA4D070D5C4-LeaderElection27] INFO  server.RaftServerConfigKeys (ConfUtils.java:logGet(43)) - raft.server.log.appender.snapshot.chunk.size.max = 16MB (=16777216) (default)
2019-11-05 11:28:20,909 [bd42c95e-cd41-4cbd-85b3-b330cc3c4f94@group-0CA4D070D5C4-LeaderElection27] INFO  server.RaftServerConfigKeys (ConfUtils.java:logGet(43)) - raft.server.log.appender.buffer.byte-limit = 33554432 (custom)
2019-11-05 11:28:20,909 [bd42c95e-cd41-4cbd-85b3-b330cc3c4f94@group-0CA4D070D5C4-LeaderElection27] INFO  server.RaftServerConfigKeys (ConfUtils.java:logGet(43)) - raft.server.log.appender.buffer.element-limit = 1 (custom)
2019-11-05 11:28:20,909 [bd42c95e-cd41-4cbd-85b3-b330cc3c4f94@group-0CA4D070D5C4-LeaderElection27] INFO  grpc.GrpcConfigKeys$Server (ConfUtils.java:logGet(43)) - raft.grpc.server.leader.outstanding.appends.max = 128 (default)
2019-11-05 11:28:20,910 [bd42c95e-cd41-4cbd-85b3-b330cc3c4f94@group-0CA4D070D5C4-LeaderElection27] INFO  server.RaftServerConfigKeys (ConfUtils.java:logGet(43)) - raft.server.rpc.request.timeout = 3000ms (default)
2019-11-05 11:28:20,910 [bd42c95e-cd41-4cbd-85b3-b330cc3c4f94@group-0CA4D070D5C4-LeaderElection27] INFO  server.RaftServerConfigKeys (ConfUtils.java:logGet(43)) - raft.server.log.appender.install.snapshot.enabled = false (custom)
2019-11-05 11:28:20,913 [bd42c95e-cd41-4cbd-85b3-b330cc3c4f94@group-0CA4D070D5C4-LeaderElection27] INFO  impl.RoleInfo (RoleInfo.java:updateAndGet(143)) - bd42c95e-cd41-4cbd-85b3-b330cc3c4f94: start LeaderState
2019-11-05 11:28:20,913 [bd42c95e-cd41-4cbd-85b3-b330cc3c4f94@group-0CA4D070D5C4-LeaderElection27] INFO  segmented.SegmentedRaftLogWorker (SegmentedRaftLogWorker.java:startLogSegment(385)) - bd42c95e-cd41-4cbd-85b3-b330cc3c4f94@group-0CA4D070D5C4-SegmentedRaftLogWorker: Starting segment from index:0
2019-11-05 11:28:20,917 [Thread-501] INFO  impl.FollowerState (FollowerState.java:run(108)) - b8bf4e9b-064a-4520-981c-d6c40c833497@group-E95DC8E8582E-FollowerState: change to CANDIDATE, lastRpcTime:58ms, electionTimeout:44ms
2019-11-05 11:28:20,917 [Thread-501] INFO  impl.RoleInfo (RoleInfo.java:shutdownFollowerState(121)) - b8bf4e9b-064a-4520-981c-d6c40c833497: shutdown FollowerState
2019-11-05 11:28:20,918 [Thread-501] INFO  impl.RaftServerImpl (RaftServerImpl.java:setRole(184)) - b8bf4e9b-064a-4520-981c-d6c40c833497@group-E95DC8E8582E: changes role from  FOLLOWER to CANDIDATE at term 10 for changeToCandidate
2019-11-05 11:28:20,919 [d8b77924-76ff-4932-a9fa-7ec761e4cf6b@group-0CA4D070D5C4-LeaderElection25] INFO  impl.LeaderElection (LeaderElection.java:logAndReturn(56)) - d8b77924-76ff-4932-a9fa-7ec761e4cf6b@group-0CA4D070D5C4-LeaderElection25: Election REJECTED; received 2 response(s) [d8b77924-76ff-4932-a9fa-7ec761e4cf6b<-93bc9e78-ae56-4fee-a007-4b156d649157#0:FAIL-t3, d8b77924-76ff-4932-a9fa-7ec761e4cf6b<-bd42c95e-cd41-4cbd-85b3-b330cc3c4f94#0:FAIL-t3] and 0 exception(s); d8b77924-76ff-4932-a9fa-7ec761e4cf6b@group-0CA4D070D5C4:t3, leader=null, voted=d8b77924-76ff-4932-a9fa-7ec761e4cf6b, raftlog=d8b77924-76ff-4932-a9fa-7ec761e4cf6b@group-0CA4D070D5C4-SegmentedRaftLog:OPENED:c-1,f-1,i0, conf=-1: [93bc9e78-ae56-4fee-a007-4b156d649157:192.168.157.252:38000, d8b77924-76ff-4932-a9fa-7ec761e4cf6b:192.168.157.252:40377, bd42c95e-cd41-4cbd-85b3-b330cc3c4f94:192.168.157.252:33158], old=null
2019-11-05 11:28:20,922 [grpc-default-executor-11] INFO  impl.RaftServerImpl (ServerState.java:setLeader(256)) - 93bc9e78-ae56-4fee-a007-4b156d649157@group-0CA4D070D5C4: change Leader from null to bd42c95e-cd41-4cbd-85b3-b330cc3c4f94 at term 3 for appendEntries, leader elected after 1270ms
2019-11-05 11:28:20,932 [f7e9932d-fd96-469a-9353-68e47138e5ff@group-21C72E9484D5-LeaderElection26] INFO  impl.LeaderElection (LeaderElection.java:logAndReturn(56)) - f7e9932d-fd96-469a-9353-68e47138e5ff@group-21C72E9484D5-LeaderElection26: Election REJECTED; received 2 response(s) [f7e9932d-fd96-469a-9353-68e47138e5ff<-1eca16cc-5184-4e43-8e55-175d1516eae4#0:FAIL-t8, f7e9932d-fd96-469a-9353-68e47138e5ff<-74a8fb36-eab9-4c53-b7cf-c565055de05a#0:FAIL-t8] and 0 exception(s); f7e9932d-fd96-469a-9353-68e47138e5ff@group-21C72E9484D5:t8, leader=null, voted=f7e9932d-fd96-469a-9353-68e47138e5ff, raftlog=f7e9932d-fd96-469a-9353-68e47138e5ff@group-21C72E9484D5-SegmentedRaftLog:OPENED:c-1,f-1,i0, conf=-1: [f7e9932d-fd96-469a-9353-68e47138e5ff:192.168.157.252:45025, 1eca16cc-5184-4e43-8e55-175d1516eae4:192.168.157.252:41127, 74a8fb36-eab9-4c53-b7cf-c565055de05a:192.168.157.252:42370], old=null
2019-11-05 11:28:20,960 [f7e9932d-fd96-469a-9353-68e47138e5ff@group-21C72E9484D5-LeaderElection26] INFO  impl.RaftServerImpl (RaftServerImpl.java:setRole(184)) - f7e9932d-fd96-469a-9353-68e47138e5ff@group-21C72E9484D5: changes role from CANDIDATE to FOLLOWER at term 8 for DISCOVERED_A_NEW_TERM
2019-11-05 11:28:20,960 [f7e9932d-fd96-469a-9353-68e47138e5ff@group-21C72E9484D5-LeaderElection26] INFO  impl.RoleInfo (RoleInfo.java:shutdownLeaderElection(134)) - f7e9932d-fd96-469a-9353-68e47138e5ff: shutdown LeaderElection
2019-11-05 11:28:20,960 [f7e9932d-fd96-469a-9353-68e47138e5ff@group-21C72E9484D5-LeaderElection26] INFO  impl.RoleInfo (RoleInfo.java:updateAndGet(143)) - f7e9932d-fd96-469a-9353-68e47138e5ff: start FollowerState
2019-11-05 11:28:20,937 [bd42c95e-cd41-4cbd-85b3-b330cc3c4f94@group-0CA4D070D5C4-LeaderElection27] INFO  impl.RaftServerImpl (ServerState.java:setRaftConf(357)) - bd42c95e-cd41-4cbd-85b3-b330cc3c4f94@group-0CA4D070D5C4: set configuration 0: [93bc9e78-ae56-4fee-a007-4b156d649157:192.168.157.252:38000, d8b77924-76ff-4932-a9fa-7ec761e4cf6b:192.168.157.252:40377, bd42c95e-cd41-4cbd-85b3-b330cc3c4f94:192.168.157.252:33158], old=null at 0
2019-11-05 11:28:20,961 [Thread-501] INFO  impl.RoleInfo (RoleInfo.java:updateAndGet(143)) - b8bf4e9b-064a-4520-981c-d6c40c833497: start LeaderElection
2019-11-05 11:28:20,961 [d8b77924-76ff-4932-a9fa-7ec761e4cf6b@group-0CA4D070D5C4-LeaderElection25] INFO  impl.RaftServerImpl (RaftServerImpl.java:setRole(184)) - d8b77924-76ff-4932-a9fa-7ec761e4cf6b@group-0CA4D070D5C4: changes role from CANDIDATE to FOLLOWER at term 3 for DISCOVERED_A_NEW_TERM
2019-11-05 11:28:20,965 [d8b77924-76ff-4932-a9fa-7ec761e4cf6b@group-0CA4D070D5C4-LeaderElection25] INFO  impl.RoleInfo (RoleInfo.java:shutdownLeaderElection(134)) - d8b77924-76ff-4932-a9fa-7ec761e4cf6b: shutdown LeaderElection
2019-11-05 11:28:20,965 [d8b77924-76ff-4932-a9fa-7ec761e4cf6b@group-0CA4D070D5C4-LeaderElection25] INFO  impl.RoleInfo (RoleInfo.java:updateAndGet(143)) - d8b77924-76ff-4932-a9fa-7ec761e4cf6b: start FollowerState
2019-11-05 11:28:20,967 [grpc-default-executor-2] INFO  impl.RaftServerImpl (ServerState.java:setLeader(256)) - d8b77924-76ff-4932-a9fa-7ec761e4cf6b@group-0CA4D070D5C4: change Leader from null to bd42c95e-cd41-4cbd-85b3-b330cc3c4f94 at term 3 for appendEntries, leader elected after 1322ms
2019-11-05 11:28:20,976 [b8bf4e9b-064a-4520-981c-d6c40c833497@group-E95DC8E8582E-LeaderElection29] INFO  impl.LeaderElection (LeaderElection.java:askForVotes(178)) - b8bf4e9b-064a-4520-981c-d6c40c833497@group-E95DC8E8582E-LeaderElection29: begin an election at term 11 for -1: [90ecfa43-dab6-49d9-b30c-40ef62bfdf2a:192.168.157.252:34192, 687f579d-1680-4dd5-8b24-01f078298cef:192.168.157.252:37962, b8bf4e9b-064a-4520-981c-d6c40c833497:192.168.157.252:43407], old=null
2019-11-05 11:28:20,977 [bd42c95e-cd41-4cbd-85b3-b330cc3c4f94@group-0CA4D070D5C4-SegmentedRaftLogWorker] INFO  segmented.SegmentedRaftLogWorker (SegmentedRaftLogWorker.java:execute(576)) - bd42c95e-cd41-4cbd-85b3-b330cc3c4f94@group-0CA4D070D5C4-SegmentedRaftLogWorker: created new log segment /workdir/hadoop-ozone/integration-test/target/test-dir/MiniOzoneClusterImpl-6b0fc4fe-9997-4a80-bab7-b3d82b6e3879/datanode-5/data/ratis/30d63c90-c360-440d-8ef2-0ca4d070d5c4/current/log_inprogress_0
2019-11-05 11:28:20,981 [grpc-default-executor-9] INFO  impl.RaftServerImpl (RaftServerImpl.java:setRole(184)) - 90ecfa43-dab6-49d9-b30c-40ef62bfdf2a@group-E95DC8E8582E: changes role from  FOLLOWER to FOLLOWER at term 11 for recognizeCandidate:b8bf4e9b-064a-4520-981c-d6c40c833497
2019-11-05 11:28:20,982 [grpc-default-executor-9] INFO  impl.RoleInfo (RoleInfo.java:shutdownFollowerState(121)) - 90ecfa43-dab6-49d9-b30c-40ef62bfdf2a: shutdown FollowerState
2019-11-05 11:28:20,982 [grpc-default-executor-9] INFO  impl.RoleInfo (RoleInfo.java:updateAndGet(143)) - 90ecfa43-dab6-49d9-b30c-40ef62bfdf2a: start FollowerState
2019-11-05 11:28:20,982 [Thread-505] INFO  impl.FollowerState (FollowerState.java:run(117)) - 90ecfa43-dab6-49d9-b30c-40ef62bfdf2a@group-E95DC8E8582E-FollowerState was interrupted: java.lang.InterruptedException: sleep interrupted
2019-11-05 11:28:20,983 [grpc-default-executor-2] INFO  impl.RaftServerImpl (RaftServerImpl.java:setRole(184)) - 687f579d-1680-4dd5-8b24-01f078298cef@group-E95DC8E8582E: changes role from  FOLLOWER to FOLLOWER at term 11 for recognizeCandidate:b8bf4e9b-064a-4520-981c-d6c40c833497
2019-11-05 11:28:20,984 [grpc-default-executor-2] INFO  impl.RoleInfo (RoleInfo.java:shutdownFollowerState(121)) - 687f579d-1680-4dd5-8b24-01f078298cef: shutdown FollowerState
2019-11-05 11:28:20,984 [grpc-default-executor-2] INFO  impl.RoleInfo (RoleInfo.java:updateAndGet(143)) - 687f579d-1680-4dd5-8b24-01f078298cef: start FollowerState
2019-11-05 11:28:20,992 [grpc-default-executor-1] INFO  impl.RaftServerImpl (ServerState.java:setRaftConf(357)) - d8b77924-76ff-4932-a9fa-7ec761e4cf6b@group-0CA4D070D5C4: set configuration 0: [93bc9e78-ae56-4fee-a007-4b156d649157:192.168.157.252:38000, d8b77924-76ff-4932-a9fa-7ec761e4cf6b:192.168.157.252:40377, bd42c95e-cd41-4cbd-85b3-b330cc3c4f94:192.168.157.252:33158], old=null at 0
2019-11-05 11:28:20,992 [grpc-default-executor-1] INFO  segmented.SegmentedRaftLogWorker (SegmentedRaftLogWorker.java:startLogSegment(385)) - d8b77924-76ff-4932-a9fa-7ec761e4cf6b@group-0CA4D070D5C4-SegmentedRaftLogWorker: Starting segment from index:0
2019-11-05 11:28:21,028 [Thread-522] INFO  impl.FollowerState (FollowerState.java:run(108)) - 687f579d-1680-4dd5-8b24-01f078298cef@group-E95DC8E8582E-FollowerState: change to CANDIDATE, lastRpcTime:44ms, electionTimeout:1ms
2019-11-05 11:28:21,029 [Thread-522] INFO  impl.RoleInfo (RoleInfo.java:shutdownFollowerState(121)) - 687f579d-1680-4dd5-8b24-01f078298cef: shutdown FollowerState
2019-11-05 11:28:21,029 [Thread-522] INFO  impl.RaftServerImpl (RaftServerImpl.java:setRole(184)) - 687f579d-1680-4dd5-8b24-01f078298cef@group-E95DC8E8582E: changes role from  FOLLOWER to CANDIDATE at term 11 for changeToCandidate
2019-11-05 11:28:21,029 [Thread-522] INFO  impl.RoleInfo (RoleInfo.java:updateAndGet(143)) - 687f579d-1680-4dd5-8b24-01f078298cef: start LeaderElection
2019-11-05 11:28:21,030 [Thread-509] INFO  impl.FollowerState (FollowerState.java:run(117)) - 687f579d-1680-4dd5-8b24-01f078298cef@group-E95DC8E8582E-FollowerState was interrupted: java.lang.InterruptedException: sleep interrupted
2019-11-05 11:28:21,031 [b8bf4e9b-064a-4520-981c-d6c40c833497@group-E95DC8E8582E-LeaderElection29] INFO  impl.LeaderElection (LeaderElection.java:logAndReturn(56)) - b8bf4e9b-064a-4520-981c-d6c40c833497@group-E95DC8E8582E-LeaderElection29: Election PASSED; received 2 response(s) [b8bf4e9b-064a-4520-981c-d6c40c833497<-90ecfa43-dab6-49d9-b30c-40ef62bfdf2a#0:FAIL-t11, b8bf4e9b-064a-4520-981c-d6c40c833497<-687f579d-1680-4dd5-8b24-01f078298cef#0:OK-t11] and 0 exception(s); b8bf4e9b-064a-4520-981c-d6c40c833497@group-E95DC8E8582E:t11, leader=null, voted=b8bf4e9b-064a-4520-981c-d6c40c833497, raftlog=b8bf4e9b-064a-4520-981c-d6c40c833497@group-E95DC8E8582E-SegmentedRaftLog:OPENED:c-1,f-1,i0, conf=-1: [90ecfa43-dab6-49d9-b30c-40ef62bfdf2a:192.168.157.252:34192, 687f579d-1680-4dd5-8b24-01f078298cef:192.168.157.252:37962, b8bf4e9b-064a-4520-981c-d6c40c833497:192.168.157.252:43407], old=null
2019-11-05 11:28:21,031 [grpc-default-executor-1] INFO  impl.RaftServerImpl (ServerState.java:setRaftConf(357)) - 93bc9e78-ae56-4fee-a007-4b156d649157@group-0CA4D070D5C4: set configuration 0: [93bc9e78-ae56-4fee-a007-4b156d649157:192.168.157.252:38000, d8b77924-76ff-4932-a9fa-7ec761e4cf6b:192.168.157.252:40377, bd42c95e-cd41-4cbd-85b3-b330cc3c4f94:192.168.157.252:33158], old=null at 0
2019-11-05 11:28:21,031 [grpc-default-executor-1] INFO  segmented.SegmentedRaftLogWorker (SegmentedRaftLogWorker.java:startLogSegment(385)) - 93bc9e78-ae56-4fee-a007-4b156d649157@group-0CA4D070D5C4-SegmentedRaftLogWorker: Starting segment from index:0
2019-11-05 11:28:21,038 [687f579d-1680-4dd5-8b24-01f078298cef@group-E95DC8E8582E-LeaderElection30] INFO  impl.LeaderElection (LeaderElection.java:askForVotes(178)) - 687f579d-1680-4dd5-8b24-01f078298cef@group-E95DC8E8582E-LeaderElection30: begin an election at term 12 for -1: [90ecfa43-dab6-49d9-b30c-40ef62bfdf2a:192.168.157.252:34192, 687f579d-1680-4dd5-8b24-01f078298cef:192.168.157.252:37962, b8bf4e9b-064a-4520-981c-d6c40c833497:192.168.157.252:43407], old=null
2019-11-05 11:28:21,038 [d8b77924-76ff-4932-a9fa-7ec761e4cf6b@group-0CA4D070D5C4-SegmentedRaftLogWorker] INFO  segmented.SegmentedRaftLogWorker (SegmentedRaftLogWorker.java:execute(576)) - d8b77924-76ff-4932-a9fa-7ec761e4cf6b@group-0CA4D070D5C4-SegmentedRaftLogWorker: created new log segment /workdir/hadoop-ozone/integration-test/target/test-dir/MiniOzoneClusterImpl-6b0fc4fe-9997-4a80-bab7-b3d82b6e3879/datanode-0/data/ratis/30d63c90-c360-440d-8ef2-0ca4d070d5c4/current/log_inprogress_0
2019-11-05 11:28:21,096 [b8bf4e9b-064a-4520-981c-d6c40c833497@group-E95DC8E8582E-LeaderElection29] INFO  impl.RoleInfo (RoleInfo.java:shutdownLeaderElection(134)) - b8bf4e9b-064a-4520-981c-d6c40c833497: shutdown LeaderElection
2019-11-05 11:28:21,096 [b8bf4e9b-064a-4520-981c-d6c40c833497@group-E95DC8E8582E-LeaderElection29] INFO  impl.RaftServerImpl (RaftServerImpl.java:setRole(184)) - b8bf4e9b-064a-4520-981c-d6c40c833497@group-E95DC8E8582E: changes role from CANDIDATE to LEADER at term 11 for changeToLeader
2019-11-05 11:28:21,097 [b8bf4e9b-064a-4520-981c-d6c40c833497@group-E95DC8E8582E-LeaderElection29] INFO  impl.RaftServerImpl (ServerState.java:setLeader(256)) - b8bf4e9b-064a-4520-981c-d6c40c833497@group-E95DC8E8582E: change Leader from null to b8bf4e9b-064a-4520-981c-d6c40c833497 at term 11 for becomeLeader, leader elected after 2035ms
2019-11-05 11:28:21,097 [b8bf4e9b-064a-4520-981c-d6c40c833497@group-E95DC8E8582E-LeaderElection29] INFO  server.RaftServerConfigKeys (ConfUtils.java:logGet(43)) - raft.server.staging.catchup.gap = 1000 (default)
2019-11-05 11:28:21,097 [b8bf4e9b-064a-4520-981c-d6c40c833497@group-E95DC8E8582E-LeaderElection29] INFO  server.RaftServerConfigKeys (ConfUtils.java:logGet(43)) - raft.server.rpc.sleep.time = 25ms (default)
2019-11-05 11:28:21,097 [b8bf4e9b-064a-4520-981c-d6c40c833497@group-E95DC8E8582E-LeaderElection29] INFO  server.RaftServerConfigKeys (ConfUtils.java:logGet(43)) - raft.server.write.element-limit = 4096 (default)
2019-11-05 11:28:21,097 [b8bf4e9b-064a-4520-981c-d6c40c833497@group-E95DC8E8582E-LeaderElection29] INFO  server.RaftServerConfigKeys (ConfUtils.java:logGet(43)) - raft.server.watch.timeout = 10s (default)
2019-11-05 11:28:21,097 [b8bf4e9b-064a-4520-981c-d6c40c833497@group-E95DC8E8582E-LeaderElection29] INFO  server.RaftServerConfigKeys (ConfUtils.java:logGet(43)) - raft.server.watch.timeout.denomination = 1s (default)
2019-11-05 11:28:21,097 [b8bf4e9b-064a-4520-981c-d6c40c833497@group-E95DC8E8582E-LeaderElection29] INFO  server.RaftServerConfigKeys (ConfUtils.java:logGet(43)) - raft.server.watch.element-limit = 65536 (default)
2019-11-05 11:28:21,099 [grpc-default-executor-1] INFO  impl.RaftServerImpl (RaftServerImpl.java:setRole(184)) - 90ecfa43-dab6-49d9-b30c-40ef62bfdf2a@group-E95DC8E8582E: changes role from  FOLLOWER to FOLLOWER at term 12 for recognizeCandidate:687f579d-1680-4dd5-8b24-01f078298cef
2019-11-05 11:28:21,099 [grpc-default-executor-1] INFO  impl.RoleInfo (RoleInfo.java:shutdownFollowerState(121)) - 90ecfa43-dab6-49d9-b30c-40ef62bfdf2a: shutdown FollowerState
2019-11-05 11:28:21,104 [93bc9e78-ae56-4fee-a007-4b156d649157@group-0CA4D070D5C4-SegmentedRaftLogWorker] INFO  segmented.SegmentedRaftLogWorker (SegmentedRaftLogWorker.java:execute(576)) - 93bc9e78-ae56-4fee-a007-4b156d649157@group-0CA4D070D5C4-SegmentedRaftLogWorker: created new log segment /workdir/hadoop-ozone/integration-test/target/test-dir/MiniOzoneClusterImpl-6b0fc4fe-9997-4a80-bab7-b3d82b6e3879/datanode-2/data/ratis/30d63c90-c360-440d-8ef2-0ca4d070d5c4/current/log_inprogress_0
2019-11-05 11:28:21,105 [Thread-521] INFO  impl.FollowerState (FollowerState.java:run(117)) - 90ecfa43-dab6-49d9-b30c-40ef62bfdf2a@group-E95DC8E8582E-FollowerState was interrupted: java.lang.InterruptedException: sleep interrupted
2019-11-05 11:28:21,105 [grpc-default-executor-1] INFO  impl.RoleInfo (RoleInfo.java:updateAndGet(143)) - 90ecfa43-dab6-49d9-b30c-40ef62bfdf2a: start FollowerState
2019-11-05 11:28:21,107 [b8bf4e9b-064a-4520-981c-d6c40c833497@group-E95DC8E8582E-LeaderElection29] INFO  server.RaftServerConfigKeys (ConfUtils.java:logGet(43)) - raft.server.log.appender.snapshot.chunk.size.max = 16MB (=16777216) (default)
2019-11-05 11:28:21,107 [b8bf4e9b-064a-4520-981c-d6c40c833497@group-E95DC8E8582E-LeaderElection29] INFO  server.RaftServerConfigKeys (ConfUtils.java:logGet(43)) - raft.server.log.appender.buffer.byte-limit = 33554432 (custom)
2019-11-05 11:28:21,107 [b8bf4e9b-064a-4520-981c-d6c40c833497@group-E95DC8E8582E-LeaderElection29] INFO  server.RaftServerConfigKeys (ConfUtils.java:logGet(43)) - raft.server.log.appender.buffer.element-limit = 1 (custom)
2019-11-05 11:28:21,107 [b8bf4e9b-064a-4520-981c-d6c40c833497@group-E95DC8E8582E-LeaderElection29] INFO  grpc.GrpcConfigKeys$Server (ConfUtils.java:logGet(43)) - raft.grpc.server.leader.outstanding.appends.max = 128 (default)
2019-11-05 11:28:21,107 [b8bf4e9b-064a-4520-981c-d6c40c833497@group-E95DC8E8582E-LeaderElection29] INFO  server.RaftServerConfigKeys (ConfUtils.java:logGet(43)) - raft.server.rpc.request.timeout = 3000ms (default)
2019-11-05 11:28:21,108 [b8bf4e9b-064a-4520-981c-d6c40c833497@group-E95DC8E8582E-LeaderElection29] INFO  server.RaftServerConfigKeys (ConfUtils.java:logGet(43)) - raft.server.log.appender.install.snapshot.enabled = false (custom)
2019-11-05 11:28:21,112 [b8bf4e9b-064a-4520-981c-d6c40c833497@group-E95DC8E8582E-LeaderElection29] INFO  server.RaftServerConfigKeys (ConfUtils.java:logGet(43)) - raft.server.log.appender.snapshot.chunk.size.max = 16MB (=16777216) (default)
2019-11-05 11:28:21,112 [b8bf4e9b-064a-4520-981c-d6c40c833497@group-E95DC8E8582E-LeaderElection29] INFO  server.RaftServerConfigKeys (ConfUtils.java:logGet(43)) - raft.server.log.appender.buffer.byte-limit = 33554432 (custom)
2019-11-05 11:28:21,112 [b8bf4e9b-064a-4520-981c-d6c40c833497@group-E95DC8E8582E-LeaderElection29] INFO  server.RaftServerConfigKeys (ConfUtils.java:logGet(43)) - raft.server.log.appender.buffer.element-limit = 1 (custom)
2019-11-05 11:28:21,113 [b8bf4e9b-064a-4520-981c-d6c40c833497@group-E95DC8E8582E-LeaderElection29] INFO  grpc.GrpcConfigKeys$Server (ConfUtils.java:logGet(43)) - raft.grpc.server.leader.outstanding.appends.max = 128 (default)
2019-11-05 11:28:21,113 [b8bf4e9b-064a-4520-981c-d6c40c833497@group-E95DC8E8582E-LeaderElection29] INFO  server.RaftServerConfigKeys (ConfUtils.java:logGet(43)) - raft.server.rpc.request.timeout = 3000ms (default)
2019-11-05 11:28:21,113 [b8bf4e9b-064a-4520-981c-d6c40c833497@group-E95DC8E8582E-LeaderElection29] INFO  server.RaftServerConfigKeys (ConfUtils.java:logGet(43)) - raft.server.log.appender.install.snapshot.enabled = false (custom)
2019-11-05 11:28:21,115 [b8bf4e9b-064a-4520-981c-d6c40c833497@group-E95DC8E8582E-LeaderElection29] INFO  impl.RoleInfo (RoleInfo.java:updateAndGet(143)) - b8bf4e9b-064a-4520-981c-d6c40c833497: start LeaderState
2019-11-05 11:28:21,115 [b8bf4e9b-064a-4520-981c-d6c40c833497@group-E95DC8E8582E-LeaderElection29] INFO  segmented.SegmentedRaftLogWorker (SegmentedRaftLogWorker.java:startLogSegment(385)) - b8bf4e9b-064a-4520-981c-d6c40c833497@group-E95DC8E8582E-SegmentedRaftLogWorker: Starting segment from index:0
2019-11-05 11:28:21,118 [b8bf4e9b-064a-4520-981c-d6c40c833497@group-E95DC8E8582E-LeaderElection29] INFO  impl.RaftServerImpl (ServerState.java:setRaftConf(357)) - b8bf4e9b-064a-4520-981c-d6c40c833497@group-E95DC8E8582E: set configuration 0: [90ecfa43-dab6-49d9-b30c-40ef62bfdf2a:192.168.157.252:34192, 687f579d-1680-4dd5-8b24-01f078298cef:192.168.157.252:37962, b8bf4e9b-064a-4520-981c-d6c40c833497:192.168.157.252:43407], old=null at 0
2019-11-05 11:28:21,120 [grpc-default-executor-2] INFO  impl.RaftServerImpl (ServerState.java:setLeader(256)) - b8bf4e9b-064a-4520-981c-d6c40c833497@group-E95DC8E8582E: change Leader from b8bf4e9b-064a-4520-981c-d6c40c833497 to null at term 12 for updateCurrentTerm
2019-11-05 11:28:21,120 [grpc-default-executor-2] INFO  impl.RaftServerImpl (RaftServerImpl.java:setRole(184)) - b8bf4e9b-064a-4520-981c-d6c40c833497@group-E95DC8E8582E: changes role from    LEADER to FOLLOWER at term 12 for recognizeCandidate:687f579d-1680-4dd5-8b24-01f078298cef
2019-11-05 11:28:21,120 [grpc-default-executor-2] INFO  impl.RoleInfo (RoleInfo.java:shutdownLeaderState(104)) - b8bf4e9b-064a-4520-981c-d6c40c833497: shutdown LeaderState
2019-11-05 11:28:21,148 [grpc-default-executor-2] INFO  impl.PendingRequests (PendingRequests.java:sendNotLeaderResponses(202)) - b8bf4e9b-064a-4520-981c-d6c40c833497@group-E95DC8E8582E-PendingRequests: sendNotLeaderResponses
2019-11-05 11:28:21,148 [grpc-default-executor-2] INFO  impl.RoleInfo (RoleInfo.java:updateAndGet(143)) - b8bf4e9b-064a-4520-981c-d6c40c833497: start FollowerState
2019-11-05 11:28:21,149 [Thread-515] INFO  impl.FollowerState (FollowerState.java:run(108)) - f7e9932d-fd96-469a-9353-68e47138e5ff@group-21C72E9484D5-FollowerState: change to CANDIDATE, lastRpcTime:188ms, electionTimeout:185ms
2019-11-05 11:28:21,149 [Thread-515] INFO  impl.RoleInfo (RoleInfo.java:shutdownFollowerState(121)) - f7e9932d-fd96-469a-9353-68e47138e5ff: shutdown FollowerState
2019-11-05 11:28:21,149 [Thread-515] INFO  impl.RaftServerImpl (RaftServerImpl.java:setRole(184)) - f7e9932d-fd96-469a-9353-68e47138e5ff@group-21C72E9484D5: changes role from  FOLLOWER to CANDIDATE at term 8 for changeToCandidate
2019-11-05 11:28:21,150 [Thread-515] INFO  impl.RoleInfo (RoleInfo.java:updateAndGet(143)) - f7e9932d-fd96-469a-9353-68e47138e5ff: start LeaderElection
2019-11-05 11:28:21,150 [687f579d-1680-4dd5-8b24-01f078298cef@group-E95DC8E8582E-LeaderElection30] INFO  impl.LeaderElection (LeaderElection.java:logAndReturn(56)) - 687f579d-1680-4dd5-8b24-01f078298cef@group-E95DC8E8582E-LeaderElection30: Election TIMEOUT; received 0 response(s) [] and 0 exception(s); 687f579d-1680-4dd5-8b24-01f078298cef@group-E95DC8E8582E:t12, leader=null, voted=687f579d-1680-4dd5-8b24-01f078298cef, raftlog=687f579d-1680-4dd5-8b24-01f078298cef@group-E95DC8E8582E-SegmentedRaftLog:OPENED:c-1,f-1,i0, conf=-1: [90ecfa43-dab6-49d9-b30c-40ef62bfdf2a:192.168.157.252:34192, 687f579d-1680-4dd5-8b24-01f078298cef:192.168.157.252:37962, b8bf4e9b-064a-4520-981c-d6c40c833497:192.168.157.252:43407], old=null
2019-11-05 11:28:21,153 [grpc-default-executor-1] INFO  server.GrpcServerProtocolService (GrpcServerProtocolService.java:onCompleted(113)) - 687f579d-1680-4dd5-8b24-01f078298cef: Completed APPEND_ENTRIES, lastRequest: b8bf4e9b-064a-4520-981c-d6c40c833497->687f579d-1680-4dd5-8b24-01f078298cef#0-t11, previous=(t:0, i:0), leaderCommit=-1, initializing? false, entries: <empty>
2019-11-05 11:28:21,153 [org.apache.ratis.server.impl.LogAppender$AppenderDaemon$$Lambda$468/2048678591@400205f7] WARN  server.GrpcLogAppender (GrpcLogAppender.java:mayWait(149)) - b8bf4e9b-064a-4520-981c-d6c40c833497@group-E95DC8E8582E->90ecfa43-dab6-49d9-b30c-40ef62bfdf2a-GrpcLogAppender: Wait interrupted by java.lang.InterruptedException
2019-11-05 11:28:21,185 [b8bf4e9b-064a-4520-981c-d6c40c833497@group-E95DC8E8582E-SegmentedRaftLogWorker] INFO  segmented.SegmentedRaftLogWorker (SegmentedRaftLogWorker.java:execute(576)) - b8bf4e9b-064a-4520-981c-d6c40c833497@group-E95DC8E8582E-SegmentedRaftLogWorker: created new log segment /workdir/hadoop-ozone/integration-test/target/test-dir/MiniOzoneClusterImpl-6b0fc4fe-9997-4a80-bab7-b3d82b6e3879/datanode-1/data/ratis/39b8c3ef-63ee-4bf5-b68f-e95dc8e8582e/current/log_inprogress_0
2019-11-05 11:28:21,186 [grpc-default-executor-1] INFO  server.GrpcServerProtocolService (GrpcServerProtocolService.java:onCompleted(113)) - 90ecfa43-dab6-49d9-b30c-40ef62bfdf2a: Completed APPEND_ENTRIES, lastRequest: b8bf4e9b-064a-4520-981c-d6c40c833497->90ecfa43-dab6-49d9-b30c-40ef62bfdf2a#0-t11, previous=(t:0, i:0), leaderCommit=-1, initializing? false, entries: <empty>
2019-11-05 11:28:21,186 [687f579d-1680-4dd5-8b24-01f078298cef@group-E95DC8E8582E-LeaderElection30] INFO  impl.LeaderElection (LeaderElection.java:askForVotes(178)) - 687f579d-1680-4dd5-8b24-01f078298cef@group-E95DC8E8582E-LeaderElection30: begin an election at term 13 for -1: [90ecfa43-dab6-49d9-b30c-40ef62bfdf2a:192.168.157.252:34192, 687f579d-1680-4dd5-8b24-01f078298cef:192.168.157.252:37962, b8bf4e9b-064a-4520-981c-d6c40c833497:192.168.157.252:43407], old=null
2019-11-05 11:28:21,190 [grpc-default-executor-11] INFO  server.GrpcLogAppender (GrpcLogAppender.java:onCompleted(308)) - b8bf4e9b-064a-4520-981c-d6c40c833497@group-E95DC8E8582E->687f579d-1680-4dd5-8b24-01f078298cef-AppendLogResponseHandler: follower responses appendEntries COMPLETED
2019-11-05 11:28:21,196 [grpc-default-executor-11] INFO  impl.FollowerInfo (FollowerInfo.java:lambda$new$0(51)) - b8bf4e9b-064a-4520-981c-d6c40c833497@group-E95DC8E8582E->687f579d-1680-4dd5-8b24-01f078298cef: nextIndex: updateUnconditionally 0 -> 0
2019-11-05 11:28:21,201 [grpc-default-executor-1] INFO  server.GrpcLogAppender (GrpcLogAppender.java:onCompleted(308)) - b8bf4e9b-064a-4520-981c-d6c40c833497@group-E95DC8E8582E->90ecfa43-dab6-49d9-b30c-40ef62bfdf2a-AppendLogResponseHandler: follower responses appendEntries COMPLETED
2019-11-05 11:28:21,202 [grpc-default-executor-11] INFO  impl.RaftServerImpl (RaftServerImpl.java:setRole(184)) - b8bf4e9b-064a-4520-981c-d6c40c833497@group-E95DC8E8582E: changes role from  FOLLOWER to FOLLOWER at term 13 for recognizeCandidate:687f579d-1680-4dd5-8b24-01f078298cef
2019-11-05 11:28:21,202 [grpc-default-executor-11] INFO  impl.RoleInfo (RoleInfo.java:shutdownFollowerState(121)) - b8bf4e9b-064a-4520-981c-d6c40c833497: shutdown FollowerState
2019-11-05 11:28:21,202 [grpc-default-executor-11] INFO  impl.RoleInfo (RoleInfo.java:updateAndGet(143)) - b8bf4e9b-064a-4520-981c-d6c40c833497: start FollowerState
2019-11-05 11:28:21,208 [grpc-default-executor-1] INFO  impl.FollowerInfo (FollowerInfo.java:lambda$new$0(51)) - b8bf4e9b-064a-4520-981c-d6c40c833497@group-E95DC8E8582E->90ecfa43-dab6-49d9-b30c-40ef62bfdf2a: nextIndex: updateUnconditionally 0 -> 0
2019-11-05 11:28:21,209 [Thread-534] INFO  impl.FollowerState (FollowerState.java:run(117)) - b8bf4e9b-064a-4520-981c-d6c40c833497@group-E95DC8E8582E-FollowerState was interrupted: java.lang.InterruptedException: sleep interrupted
2019-11-05 11:28:21,210 [f7e9932d-fd96-469a-9353-68e47138e5ff@group-21C72E9484D5-LeaderElection31] INFO  impl.LeaderElection (LeaderElection.java:askForVotes(178)) - f7e9932d-fd96-469a-9353-68e47138e5ff@group-21C72E9484D5-LeaderElection31: begin an election at term 9 for -1: [f7e9932d-fd96-469a-9353-68e47138e5ff:192.168.157.252:45025, 1eca16cc-5184-4e43-8e55-175d1516eae4:192.168.157.252:41127, 74a8fb36-eab9-4c53-b7cf-c565055de05a:192.168.157.252:42370], old=null
2019-11-05 11:28:21,211 [grpc-default-executor-1] INFO  impl.RaftServerImpl (RaftServerImpl.java:setRole(184)) - 90ecfa43-dab6-49d9-b30c-40ef62bfdf2a@group-E95DC8E8582E: changes role from  FOLLOWER to FOLLOWER at term 13 for recognizeCandidate:687f579d-1680-4dd5-8b24-01f078298cef
2019-11-05 11:28:21,211 [grpc-default-executor-1] INFO  impl.RoleInfo (RoleInfo.java:shutdownFollowerState(121)) - 90ecfa43-dab6-49d9-b30c-40ef62bfdf2a: shutdown FollowerState
2019-11-05 11:28:21,212 [grpc-default-executor-1] INFO  impl.RoleInfo (RoleInfo.java:updateAndGet(143)) - 90ecfa43-dab6-49d9-b30c-40ef62bfdf2a: start FollowerState
2019-11-05 11:28:21,212 [Thread-528] INFO  impl.FollowerState (FollowerState.java:run(117)) - 90ecfa43-dab6-49d9-b30c-40ef62bfdf2a@group-E95DC8E8582E-FollowerState was interrupted: java.lang.InterruptedException: sleep interrupted
2019-11-05 11:28:21,214 [687f579d-1680-4dd5-8b24-01f078298cef@group-E95DC8E8582E-LeaderElection30] INFO  impl.LeaderElection (LeaderElection.java:logAndReturn(56)) - 687f579d-1680-4dd5-8b24-01f078298cef@group-E95DC8E8582E-LeaderElection30: Election TIMEOUT; received 0 response(s) [] and 0 exception(s); 687f579d-1680-4dd5-8b24-01f078298cef@group-E95DC8E8582E:t13, leader=null, voted=687f579d-1680-4dd5-8b24-01f078298cef, raftlog=687f579d-1680-4dd5-8b24-01f078298cef@group-E95DC8E8582E-SegmentedRaftLog:OPENED:c-1,f-1,i0, conf=-1: [90ecfa43-dab6-49d9-b30c-40ef62bfdf2a:192.168.157.252:34192, 687f579d-1680-4dd5-8b24-01f078298cef:192.168.157.252:37962, b8bf4e9b-064a-4520-981c-d6c40c833497:192.168.157.252:43407], old=null
2019-11-05 11:28:21,216 [grpc-default-executor-2] INFO  impl.RaftServerImpl (RaftServerImpl.java:setRole(184)) - 1eca16cc-5184-4e43-8e55-175d1516eae4@group-21C72E9484D5: changes role from  FOLLOWER to FOLLOWER at term 9 for recognizeCandidate:f7e9932d-fd96-469a-9353-68e47138e5ff
2019-11-05 11:28:21,216 [grpc-default-executor-2] INFO  impl.RoleInfo (RoleInfo.java:shutdownFollowerState(121)) - 1eca16cc-5184-4e43-8e55-175d1516eae4: shutdown FollowerState
2019-11-05 11:28:21,216 [grpc-default-executor-2] INFO  impl.RoleInfo (RoleInfo.java:updateAndGet(143)) - 1eca16cc-5184-4e43-8e55-175d1516eae4: start FollowerState
2019-11-05 11:28:21,217 [Thread-506] INFO  impl.FollowerState (FollowerState.java:run(117)) - 1eca16cc-5184-4e43-8e55-175d1516eae4@group-21C72E9484D5-FollowerState was interrupted: java.lang.InterruptedException: sleep interrupted
2019-11-05 11:28:21,220 [grpc-default-executor-9] INFO  impl.RaftServerImpl (RaftServerImpl.java:setRole(184)) - 74a8fb36-eab9-4c53-b7cf-c565055de05a@group-21C72E9484D5: changes role from  FOLLOWER to FOLLOWER at term 9 for recognizeCandidate:f7e9932d-fd96-469a-9353-68e47138e5ff
2019-11-05 11:28:21,220 [grpc-default-executor-9] INFO  impl.RoleInfo (RoleInfo.java:shutdownFollowerState(121)) - 74a8fb36-eab9-4c53-b7cf-c565055de05a: shutdown FollowerState
2019-11-05 11:28:21,221 [grpc-default-executor-9] INFO  impl.RoleInfo (RoleInfo.java:updateAndGet(143)) - 74a8fb36-eab9-4c53-b7cf-c565055de05a: start FollowerState
2019-11-05 11:28:21,230 [687f579d-1680-4dd5-8b24-01f078298cef@group-E95DC8E8582E-LeaderElection30] INFO  impl.LeaderElection (LeaderElection.java:askForVotes(178)) - 687f579d-1680-4dd5-8b24-01f078298cef@group-E95DC8E8582E-LeaderElection30: begin an election at term 14 for -1: [90ecfa43-dab6-49d9-b30c-40ef62bfdf2a:192.168.157.252:34192, 687f579d-1680-4dd5-8b24-01f078298cef:192.168.157.252:37962, b8bf4e9b-064a-4520-981c-d6c40c833497:192.168.157.252:43407], old=null
2019-11-05 11:28:21,233 [grpc-default-executor-2] INFO  impl.RaftServerImpl (RaftServerImpl.java:setRole(184)) - 90ecfa43-dab6-49d9-b30c-40ef62bfdf2a@group-E95DC8E8582E: changes role from  FOLLOWER to FOLLOWER at term 14 for recognizeCandidate:687f579d-1680-4dd5-8b24-01f078298cef
2019-11-05 11:28:21,234 [grpc-default-executor-2] INFO  impl.RoleInfo (RoleInfo.java:shutdownFollowerState(121)) - 90ecfa43-dab6-49d9-b30c-40ef62bfdf2a: shutdown FollowerState
2019-11-05 11:28:21,234 [Thread-541] INFO  impl.FollowerState (FollowerState.java:run(117)) - 90ecfa43-dab6-49d9-b30c-40ef62bfdf2a@group-E95DC8E8582E-FollowerState was interrupted: java.lang.InterruptedException: sleep interrupted
2019-11-05 11:28:21,234 [grpc-default-executor-2] INFO  impl.RoleInfo (RoleInfo.java:updateAndGet(143)) - 90ecfa43-dab6-49d9-b30c-40ef62bfdf2a: start FollowerState
2019-11-05 11:28:21,234 [grpc-default-executor-1] INFO  impl.RaftServerImpl (RaftServerImpl.java:setRole(184)) - b8bf4e9b-064a-4520-981c-d6c40c833497@group-E95DC8E8582E: changes role from  FOLLOWER to FOLLOWER at term 14 for recognizeCandidate:687f579d-1680-4dd5-8b24-01f078298cef
2019-11-05 11:28:21,235 [grpc-default-executor-1] INFO  impl.RoleInfo (RoleInfo.java:shutdownFollowerState(121)) - b8bf4e9b-064a-4520-981c-d6c40c833497: shutdown FollowerState
2019-11-05 11:28:21,235 [Thread-538] INFO  impl.FollowerState (FollowerState.java:run(117)) - b8bf4e9b-064a-4520-981c-d6c40c833497@group-E95DC8E8582E-FollowerState was interrupted: java.lang.InterruptedException: sleep interrupted
2019-11-05 11:28:21,235 [grpc-default-executor-1] INFO  impl.RoleInfo (RoleInfo.java:updateAndGet(143)) - b8bf4e9b-064a-4520-981c-d6c40c833497: start FollowerState
2019-11-05 11:28:21,240 [Thread-507] INFO  impl.FollowerState (FollowerState.java:run(117)) - 74a8fb36-eab9-4c53-b7cf-c565055de05a@group-21C72E9484D5-FollowerState was interrupted: java.lang.InterruptedException: sleep interrupted
2019-11-05 11:28:21,248 [f7e9932d-fd96-469a-9353-68e47138e5ff@group-21C72E9484D5-LeaderElection31] INFO  impl.LeaderElection (LeaderElection.java:logAndReturn(56)) - f7e9932d-fd96-469a-9353-68e47138e5ff@group-21C72E9484D5-LeaderElection31: Election REJECTED; received 2 response(s) [f7e9932d-fd96-469a-9353-68e47138e5ff<-1eca16cc-5184-4e43-8e55-175d1516eae4#0:FAIL-t9, f7e9932d-fd96-469a-9353-68e47138e5ff<-74a8fb36-eab9-4c53-b7cf-c565055de05a#0:FAIL-t9] and 0 exception(s); f7e9932d-fd96-469a-9353-68e47138e5ff@group-21C72E9484D5:t9, leader=null, voted=f7e9932d-fd96-469a-9353-68e47138e5ff, raftlog=f7e9932d-fd96-469a-9353-68e47138e5ff@group-21C72E9484D5-SegmentedRaftLog:OPENED:c-1,f-1,i0, conf=-1: [f7e9932d-fd96-469a-9353-68e47138e5ff:192.168.157.252:45025, 1eca16cc-5184-4e43-8e55-175d1516eae4:192.168.157.252:41127, 74a8fb36-eab9-4c53-b7cf-c565055de05a:192.168.157.252:42370], old=null
2019-11-05 11:28:21,249 [f7e9932d-fd96-469a-9353-68e47138e5ff@group-21C72E9484D5-LeaderElection31] INFO  impl.RaftServerImpl (RaftServerImpl.java:setRole(184)) - f7e9932d-fd96-469a-9353-68e47138e5ff@group-21C72E9484D5: changes role from CANDIDATE to FOLLOWER at term 9 for DISCOVERED_A_NEW_TERM
2019-11-05 11:28:21,249 [f7e9932d-fd96-469a-9353-68e47138e5ff@group-21C72E9484D5-LeaderElection31] INFO  impl.RoleInfo (RoleInfo.java:shutdownLeaderElection(134)) - f7e9932d-fd96-469a-9353-68e47138e5ff: shutdown LeaderElection
2019-11-05 11:28:21,249 [f7e9932d-fd96-469a-9353-68e47138e5ff@group-21C72E9484D5-LeaderElection31] INFO  impl.RoleInfo (RoleInfo.java:updateAndGet(143)) - f7e9932d-fd96-469a-9353-68e47138e5ff: start FollowerState
2019-11-05 11:28:21,259 [Thread-548] INFO  impl.FollowerState (FollowerState.java:run(108)) - f7e9932d-fd96-469a-9353-68e47138e5ff@group-21C72E9484D5-FollowerState: change to CANDIDATE, lastRpcTime:9ms, electionTimeout:9ms
2019-11-05 11:28:21,259 [Thread-548] INFO  impl.RoleInfo (RoleInfo.java:shutdownFollowerState(121)) - f7e9932d-fd96-469a-9353-68e47138e5ff: shutdown FollowerState
2019-11-05 11:28:21,259 [Thread-548] INFO  impl.RaftServerImpl (RaftServerImpl.java:setRole(184)) - f7e9932d-fd96-469a-9353-68e47138e5ff@group-21C72E9484D5: changes role from  FOLLOWER to CANDIDATE at term 9 for changeToCandidate
2019-11-05 11:28:21,259 [Thread-548] INFO  impl.RoleInfo (RoleInfo.java:updateAndGet(143)) - f7e9932d-fd96-469a-9353-68e47138e5ff: start LeaderElection
2019-11-05 11:28:21,267 [687f579d-1680-4dd5-8b24-01f078298cef@group-E95DC8E8582E-LeaderElection30] INFO  impl.LeaderElection (LeaderElection.java:logAndReturn(56)) - 687f579d-1680-4dd5-8b24-01f078298cef@group-E95DC8E8582E-LeaderElection30: Election REJECTED; received 2 response(s) [687f579d-1680-4dd5-8b24-01f078298cef<-90ecfa43-dab6-49d9-b30c-40ef62bfdf2a#0:FAIL-t14, 687f579d-1680-4dd5-8b24-01f078298cef<-b8bf4e9b-064a-4520-981c-d6c40c833497#0:FAIL-t14] and 0 exception(s); 687f579d-1680-4dd5-8b24-01f078298cef@group-E95DC8E8582E:t14, leader=null, voted=687f579d-1680-4dd5-8b24-01f078298cef, raftlog=687f579d-1680-4dd5-8b24-01f078298cef@group-E95DC8E8582E-SegmentedRaftLog:OPENED:c-1,f-1,i0, conf=-1: [90ecfa43-dab6-49d9-b30c-40ef62bfdf2a:192.168.157.252:34192, 687f579d-1680-4dd5-8b24-01f078298cef:192.168.157.252:37962, b8bf4e9b-064a-4520-981c-d6c40c833497:192.168.157.252:43407], old=null
2019-11-05 11:28:21,268 [687f579d-1680-4dd5-8b24-01f078298cef@group-E95DC8E8582E-LeaderElection30] INFO  impl.RaftServerImpl (RaftServerImpl.java:setRole(184)) - 687f579d-1680-4dd5-8b24-01f078298cef@group-E95DC8E8582E: changes role from CANDIDATE to FOLLOWER at term 14 for DISCOVERED_A_NEW_TERM
2019-11-05 11:28:21,268 [687f579d-1680-4dd5-8b24-01f078298cef@group-E95DC8E8582E-LeaderElection30] INFO  impl.RoleInfo (RoleInfo.java:shutdownLeaderElection(134)) - 687f579d-1680-4dd5-8b24-01f078298cef: shutdown LeaderElection
2019-11-05 11:28:21,268 [687f579d-1680-4dd5-8b24-01f078298cef@group-E95DC8E8582E-LeaderElection30] INFO  impl.RoleInfo (RoleInfo.java:updateAndGet(143)) - 687f579d-1680-4dd5-8b24-01f078298cef: start FollowerState
2019-11-05 11:28:21,293 [f7e9932d-fd96-469a-9353-68e47138e5ff@group-21C72E9484D5-LeaderElection32] INFO  impl.LeaderElection (LeaderElection.java:askForVotes(178)) - f7e9932d-fd96-469a-9353-68e47138e5ff@group-21C72E9484D5-LeaderElection32: begin an election at term 10 for -1: [f7e9932d-fd96-469a-9353-68e47138e5ff:192.168.157.252:45025, 1eca16cc-5184-4e43-8e55-175d1516eae4:192.168.157.252:41127, 74a8fb36-eab9-4c53-b7cf-c565055de05a:192.168.157.252:42370], old=null
2019-11-05 11:28:21,302 [grpc-default-executor-11] INFO  impl.RaftServerImpl (RaftServerImpl.java:setRole(184)) - 74a8fb36-eab9-4c53-b7cf-c565055de05a@group-21C72E9484D5: changes role from  FOLLOWER to FOLLOWER at term 10 for recognizeCandidate:f7e9932d-fd96-469a-9353-68e47138e5ff
2019-11-05 11:28:21,303 [grpc-default-executor-11] INFO  impl.RoleInfo (RoleInfo.java:shutdownFollowerState(121)) - 74a8fb36-eab9-4c53-b7cf-c565055de05a: shutdown FollowerState
2019-11-05 11:28:21,303 [grpc-default-executor-11] INFO  impl.RoleInfo (RoleInfo.java:updateAndGet(143)) - 74a8fb36-eab9-4c53-b7cf-c565055de05a: start FollowerState
2019-11-05 11:28:21,303 [Thread-543] INFO  impl.FollowerState (FollowerState.java:run(117)) - 74a8fb36-eab9-4c53-b7cf-c565055de05a@group-21C72E9484D5-FollowerState was interrupted: java.lang.InterruptedException: sleep interrupted
2019-11-05 11:28:21,303 [grpc-default-executor-1] INFO  impl.RaftServerImpl (RaftServerImpl.java:setRole(184)) - 1eca16cc-5184-4e43-8e55-175d1516eae4@group-21C72E9484D5: changes role from  FOLLOWER to FOLLOWER at term 10 for recognizeCandidate:f7e9932d-fd96-469a-9353-68e47138e5ff
2019-11-05 11:28:21,303 [grpc-default-executor-1] INFO  impl.RoleInfo (RoleInfo.java:shutdownFollowerState(121)) - 1eca16cc-5184-4e43-8e55-175d1516eae4: shutdown FollowerState
2019-11-05 11:28:21,304 [Thread-542] INFO  impl.FollowerState (FollowerState.java:run(117)) - 1eca16cc-5184-4e43-8e55-175d1516eae4@group-21C72E9484D5-FollowerState was interrupted: java.lang.InterruptedException: sleep interrupted
2019-11-05 11:28:21,304 [grpc-default-executor-1] INFO  impl.RoleInfo (RoleInfo.java:updateAndGet(143)) - 1eca16cc-5184-4e43-8e55-175d1516eae4: start FollowerState
2019-11-05 11:28:21,348 [f7e9932d-fd96-469a-9353-68e47138e5ff@group-21C72E9484D5-LeaderElection32] INFO  impl.LeaderElection (LeaderElection.java:logAndReturn(56)) - f7e9932d-fd96-469a-9353-68e47138e5ff@group-21C72E9484D5-LeaderElection32: Election REJECTED; received 2 response(s) [f7e9932d-fd96-469a-9353-68e47138e5ff<-1eca16cc-5184-4e43-8e55-175d1516eae4#0:FAIL-t10, f7e9932d-fd96-469a-9353-68e47138e5ff<-74a8fb36-eab9-4c53-b7cf-c565055de05a#0:FAIL-t10] and 0 exception(s); f7e9932d-fd96-469a-9353-68e47138e5ff@group-21C72E9484D5:t10, leader=null, voted=f7e9932d-fd96-469a-9353-68e47138e5ff, raftlog=f7e9932d-fd96-469a-9353-68e47138e5ff@group-21C72E9484D5-SegmentedRaftLog:OPENED:c-1,f-1,i0, conf=-1: [f7e9932d-fd96-469a-9353-68e47138e5ff:192.168.157.252:45025, 1eca16cc-5184-4e43-8e55-175d1516eae4:192.168.157.252:41127, 74a8fb36-eab9-4c53-b7cf-c565055de05a:192.168.157.252:42370], old=null
2019-11-05 11:28:21,348 [f7e9932d-fd96-469a-9353-68e47138e5ff@group-21C72E9484D5-LeaderElection32] INFO  impl.RaftServerImpl (RaftServerImpl.java:setRole(184)) - f7e9932d-fd96-469a-9353-68e47138e5ff@group-21C72E9484D5: changes role from CANDIDATE to FOLLOWER at term 10 for DISCOVERED_A_NEW_TERM
2019-11-05 11:28:21,348 [f7e9932d-fd96-469a-9353-68e47138e5ff@group-21C72E9484D5-LeaderElection32] INFO  impl.RoleInfo (RoleInfo.java:shutdownLeaderElection(134)) - f7e9932d-fd96-469a-9353-68e47138e5ff: shutdown LeaderElection
2019-11-05 11:28:21,349 [f7e9932d-fd96-469a-9353-68e47138e5ff@group-21C72E9484D5-LeaderElection32] INFO  impl.RoleInfo (RoleInfo.java:updateAndGet(143)) - f7e9932d-fd96-469a-9353-68e47138e5ff: start FollowerState
2019-11-05 11:28:21,396 [Thread-558] INFO  impl.FollowerState (FollowerState.java:run(108)) - f7e9932d-fd96-469a-9353-68e47138e5ff@group-21C72E9484D5-FollowerState: change to CANDIDATE, lastRpcTime:47ms, electionTimeout:40ms
2019-11-05 11:28:21,396 [Thread-558] INFO  impl.RoleInfo (RoleInfo.java:shutdownFollowerState(121)) - f7e9932d-fd96-469a-9353-68e47138e5ff: shutdown FollowerState
2019-11-05 11:28:21,396 [Thread-558] INFO  impl.RaftServerImpl (RaftServerImpl.java:setRole(184)) - f7e9932d-fd96-469a-9353-68e47138e5ff@group-21C72E9484D5: changes role from  FOLLOWER to CANDIDATE at term 10 for changeToCandidate
2019-11-05 11:28:21,396 [Thread-558] INFO  impl.RoleInfo (RoleInfo.java:updateAndGet(143)) - f7e9932d-fd96-469a-9353-68e47138e5ff: start LeaderElection
2019-11-05 11:28:21,410 [Thread-551] INFO  impl.FollowerState (FollowerState.java:run(108)) - 687f579d-1680-4dd5-8b24-01f078298cef@group-E95DC8E8582E-FollowerState: change to CANDIDATE, lastRpcTime:142ms, electionTimeout:119ms
2019-11-05 11:28:21,410 [f7e9932d-fd96-469a-9353-68e47138e5ff@group-21C72E9484D5-LeaderElection33] INFO  impl.LeaderElection (LeaderElection.java:askForVotes(178)) - f7e9932d-fd96-469a-9353-68e47138e5ff@group-21C72E9484D5-LeaderElection33: begin an election at term 11 for -1: [f7e9932d-fd96-469a-9353-68e47138e5ff:192.168.157.252:45025, 1eca16cc-5184-4e43-8e55-175d1516eae4:192.168.157.252:41127, 74a8fb36-eab9-4c53-b7cf-c565055de05a:192.168.157.252:42370], old=null
2019-11-05 11:28:21,411 [Thread-551] INFO  impl.RoleInfo (RoleInfo.java:shutdownFollowerState(121)) - 687f579d-1680-4dd5-8b24-01f078298cef: shutdown FollowerState
2019-11-05 11:28:21,411 [Thread-551] INFO  impl.RaftServerImpl (RaftServerImpl.java:setRole(184)) - 687f579d-1680-4dd5-8b24-01f078298cef@group-E95DC8E8582E: changes role from  FOLLOWER to CANDIDATE at term 14 for changeToCandidate
2019-11-05 11:28:21,411 [Thread-551] INFO  impl.RoleInfo (RoleInfo.java:updateAndGet(143)) - 687f579d-1680-4dd5-8b24-01f078298cef: start LeaderElection
2019-11-05 11:28:21,414 [grpc-default-executor-1] INFO  impl.RaftServerImpl (RaftServerImpl.java:setRole(184)) - 1eca16cc-5184-4e43-8e55-175d1516eae4@group-21C72E9484D5: changes role from  FOLLOWER to FOLLOWER at term 11 for recognizeCandidate:f7e9932d-fd96-469a-9353-68e47138e5ff
2019-11-05 11:28:21,414 [grpc-default-executor-2] INFO  impl.RaftServerImpl (RaftServerImpl.java:setRole(184)) - 74a8fb36-eab9-4c53-b7cf-c565055de05a@group-21C72E9484D5: changes role from  FOLLOWER to FOLLOWER at term 11 for recognizeCandidate:f7e9932d-fd96-469a-9353-68e47138e5ff
2019-11-05 11:28:21,414 [grpc-default-executor-1] INFO  impl.RoleInfo (RoleInfo.java:shutdownFollowerState(121)) - 1eca16cc-5184-4e43-8e55-175d1516eae4: shutdown FollowerState
2019-11-05 11:28:21,414 [grpc-default-executor-2] INFO  impl.RoleInfo (RoleInfo.java:shutdownFollowerState(121)) - 74a8fb36-eab9-4c53-b7cf-c565055de05a: shutdown FollowerState
2019-11-05 11:28:21,414 [grpc-default-executor-1] INFO  impl.RoleInfo (RoleInfo.java:updateAndGet(143)) - 1eca16cc-5184-4e43-8e55-175d1516eae4: start FollowerState
2019-11-05 11:28:21,414 [grpc-default-executor-2] INFO  impl.RoleInfo (RoleInfo.java:updateAndGet(143)) - 74a8fb36-eab9-4c53-b7cf-c565055de05a: start FollowerState
2019-11-05 11:28:21,414 [Thread-556] INFO  impl.FollowerState (FollowerState.java:run(117)) - 1eca16cc-5184-4e43-8e55-175d1516eae4@group-21C72E9484D5-FollowerState was interrupted: java.lang.InterruptedException: sleep interrupted
2019-11-05 11:28:21,414 [Thread-555] INFO  impl.FollowerState (FollowerState.java:run(117)) - 74a8fb36-eab9-4c53-b7cf-c565055de05a@group-21C72E9484D5-FollowerState was interrupted: java.lang.InterruptedException: sleep interrupted
2019-11-05 11:28:21,426 [687f579d-1680-4dd5-8b24-01f078298cef@group-E95DC8E8582E-LeaderElection34] INFO  impl.LeaderElection (LeaderElection.java:askForVotes(178)) - 687f579d-1680-4dd5-8b24-01f078298cef@group-E95DC8E8582E-LeaderElection34: begin an election at term 15 for -1: [90ecfa43-dab6-49d9-b30c-40ef62bfdf2a:192.168.157.252:34192, 687f579d-1680-4dd5-8b24-01f078298cef:192.168.157.252:37962, b8bf4e9b-064a-4520-981c-d6c40c833497:192.168.157.252:43407], old=null
2019-11-05 11:28:21,428 [f7e9932d-fd96-469a-9353-68e47138e5ff@group-21C72E9484D5-LeaderElection33] INFO  impl.LeaderElection (LeaderElection.java:logAndReturn(56)) - f7e9932d-fd96-469a-9353-68e47138e5ff@group-21C72E9484D5-LeaderElection33: Election REJECTED; received 2 response(s) [f7e9932d-fd96-469a-9353-68e47138e5ff<-1eca16cc-5184-4e43-8e55-175d1516eae4#0:FAIL-t11, f7e9932d-fd96-469a-9353-68e47138e5ff<-74a8fb36-eab9-4c53-b7cf-c565055de05a#0:FAIL-t11] and 0 exception(s); f7e9932d-fd96-469a-9353-68e47138e5ff@group-21C72E9484D5:t11, leader=null, voted=f7e9932d-fd96-469a-9353-68e47138e5ff, raftlog=f7e9932d-fd96-469a-9353-68e47138e5ff@group-21C72E9484D5-SegmentedRaftLog:OPENED:c-1,f-1,i0, conf=-1: [f7e9932d-fd96-469a-9353-68e47138e5ff:192.168.157.252:45025, 1eca16cc-5184-4e43-8e55-175d1516eae4:192.168.157.252:41127, 74a8fb36-eab9-4c53-b7cf-c565055de05a:192.168.157.252:42370], old=null
2019-11-05 11:28:21,428 [grpc-default-executor-2] INFO  impl.RaftServerImpl (RaftServerImpl.java:setRole(184)) - 90ecfa43-dab6-49d9-b30c-40ef62bfdf2a@group-E95DC8E8582E: changes role from  FOLLOWER to FOLLOWER at term 15 for recognizeCandidate:687f579d-1680-4dd5-8b24-01f078298cef
2019-11-05 11:28:21,428 [grpc-default-executor-1] INFO  impl.RaftServerImpl (RaftServerImpl.java:setRole(184)) - b8bf4e9b-064a-4520-981c-d6c40c833497@group-E95DC8E8582E: changes role from  FOLLOWER to FOLLOWER at term 15 for recognizeCandidate:687f579d-1680-4dd5-8b24-01f078298cef
2019-11-05 11:28:21,429 [grpc-default-executor-1] INFO  impl.RoleInfo (RoleInfo.java:shutdownFollowerState(121)) - b8bf4e9b-064a-4520-981c-d6c40c833497: shutdown FollowerState
2019-11-05 11:28:21,429 [Thread-547] INFO  impl.FollowerState (FollowerState.java:run(117)) - b8bf4e9b-064a-4520-981c-d6c40c833497@group-E95DC8E8582E-FollowerState was interrupted: java.lang.InterruptedException: sleep interrupted
2019-11-05 11:28:21,429 [f7e9932d-fd96-469a-9353-68e47138e5ff@group-21C72E9484D5-LeaderElection33] INFO  impl.RaftServerImpl (RaftServerImpl.java:setRole(184)) - f7e9932d-fd96-469a-9353-68e47138e5ff@group-21C72E9484D5: changes role from CANDIDATE to FOLLOWER at term 11 for DISCOVERED_A_NEW_TERM
2019-11-05 11:28:21,429 [grpc-default-executor-2] INFO  impl.RoleInfo (RoleInfo.java:shutdownFollowerState(121)) - 90ecfa43-dab6-49d9-b30c-40ef62bfdf2a: shutdown FollowerState
2019-11-05 11:28:21,429 [f7e9932d-fd96-469a-9353-68e47138e5ff@group-21C72E9484D5-LeaderElection33] INFO  impl.RoleInfo (RoleInfo.java:shutdownLeaderElection(134)) - f7e9932d-fd96-469a-9353-68e47138e5ff: shutdown LeaderElection
2019-11-05 11:28:21,429 [grpc-default-executor-2] INFO  impl.RoleInfo (RoleInfo.java:updateAndGet(143)) - 90ecfa43-dab6-49d9-b30c-40ef62bfdf2a: start FollowerState
2019-11-05 11:28:21,429 [grpc-default-executor-1] INFO  impl.RoleInfo (RoleInfo.java:updateAndGet(143)) - b8bf4e9b-064a-4520-981c-d6c40c833497: start FollowerState
2019-11-05 11:28:21,429 [Thread-546] INFO  impl.FollowerState (FollowerState.java:run(117)) - 90ecfa43-dab6-49d9-b30c-40ef62bfdf2a@group-E95DC8E8582E-FollowerState was interrupted: java.lang.InterruptedException: sleep interrupted
2019-11-05 11:28:21,430 [f7e9932d-fd96-469a-9353-68e47138e5ff@group-21C72E9484D5-LeaderElection33] INFO  impl.RoleInfo (RoleInfo.java:updateAndGet(143)) - f7e9932d-fd96-469a-9353-68e47138e5ff: start FollowerState
2019-11-05 11:28:21,446 [687f579d-1680-4dd5-8b24-01f078298cef@group-E95DC8E8582E-LeaderElection34] INFO  impl.LeaderElection (LeaderElection.java:logAndReturn(56)) - 687f579d-1680-4dd5-8b24-01f078298cef@group-E95DC8E8582E-LeaderElection34: Election REJECTED; received 2 response(s) [687f579d-1680-4dd5-8b24-01f078298cef<-90ecfa43-dab6-49d9-b30c-40ef62bfdf2a#0:FAIL-t15, 687f579d-1680-4dd5-8b24-01f078298cef<-b8bf4e9b-064a-4520-981c-d6c40c833497#0:FAIL-t15] and 0 exception(s); 687f579d-1680-4dd5-8b24-01f078298cef@group-E95DC8E8582E:t15, leader=null, voted=687f579d-1680-4dd5-8b24-01f078298cef, raftlog=687f579d-1680-4dd5-8b24-01f078298cef@group-E95DC8E8582E-SegmentedRaftLog:OPENED:c-1,f-1,i0, conf=-1: [90ecfa43-dab6-49d9-b30c-40ef62bfdf2a:192.168.157.252:34192, 687f579d-1680-4dd5-8b24-01f078298cef:192.168.157.252:37962, b8bf4e9b-064a-4520-981c-d6c40c833497:192.168.157.252:43407], old=null
2019-11-05 11:28:21,446 [687f579d-1680-4dd5-8b24-01f078298cef@group-E95DC8E8582E-LeaderElection34] INFO  impl.RaftServerImpl (RaftServerImpl.java:setRole(184)) - 687f579d-1680-4dd5-8b24-01f078298cef@group-E95DC8E8582E: changes role from CANDIDATE to FOLLOWER at term 15 for DISCOVERED_A_NEW_TERM
2019-11-05 11:28:21,446 [687f579d-1680-4dd5-8b24-01f078298cef@group-E95DC8E8582E-LeaderElection34] INFO  impl.RoleInfo (RoleInfo.java:shutdownLeaderElection(134)) - 687f579d-1680-4dd5-8b24-01f078298cef: shutdown LeaderElection
2019-11-05 11:28:21,446 [687f579d-1680-4dd5-8b24-01f078298cef@group-E95DC8E8582E-LeaderElection34] INFO  impl.RoleInfo (RoleInfo.java:updateAndGet(143)) - 687f579d-1680-4dd5-8b24-01f078298cef: start FollowerState
2019-11-05 11:28:21,491 [Thread-569] INFO  impl.FollowerState (FollowerState.java:run(108)) - f7e9932d-fd96-469a-9353-68e47138e5ff@group-21C72E9484D5-FollowerState: change to CANDIDATE, lastRpcTime:61ms, electionTimeout:61ms
2019-11-05 11:28:21,492 [Thread-569] INFO  impl.RoleInfo (RoleInfo.java:shutdownFollowerState(121)) - f7e9932d-fd96-469a-9353-68e47138e5ff: shutdown FollowerState
2019-11-05 11:28:21,492 [Thread-569] INFO  impl.RaftServerImpl (RaftServerImpl.java:setRole(184)) - f7e9932d-fd96-469a-9353-68e47138e5ff@group-21C72E9484D5: changes role from  FOLLOWER to CANDIDATE at term 11 for changeToCandidate
2019-11-05 11:28:21,492 [Thread-569] INFO  impl.RoleInfo (RoleInfo.java:updateAndGet(143)) - f7e9932d-fd96-469a-9353-68e47138e5ff: start LeaderElection
2019-11-05 11:28:21,497 [f7e9932d-fd96-469a-9353-68e47138e5ff@group-21C72E9484D5-LeaderElection35] INFO  impl.LeaderElection (LeaderElection.java:askForVotes(178)) - f7e9932d-fd96-469a-9353-68e47138e5ff@group-21C72E9484D5-LeaderElection35: begin an election at term 12 for -1: [f7e9932d-fd96-469a-9353-68e47138e5ff:192.168.157.252:45025, 1eca16cc-5184-4e43-8e55-175d1516eae4:192.168.157.252:41127, 74a8fb36-eab9-4c53-b7cf-c565055de05a:192.168.157.252:42370], old=null
2019-11-05 11:28:21,500 [grpc-default-executor-1] INFO  impl.RaftServerImpl (RaftServerImpl.java:setRole(184)) - 1eca16cc-5184-4e43-8e55-175d1516eae4@group-21C72E9484D5: changes role from  FOLLOWER to FOLLOWER at term 12 for recognizeCandidate:f7e9932d-fd96-469a-9353-68e47138e5ff
2019-11-05 11:28:21,500 [grpc-default-executor-2] INFO  impl.RaftServerImpl (RaftServerImpl.java:setRole(184)) - 74a8fb36-eab9-4c53-b7cf-c565055de05a@group-21C72E9484D5: changes role from  FOLLOWER to FOLLOWER at term 12 for recognizeCandidate:f7e9932d-fd96-469a-9353-68e47138e5ff
2019-11-05 11:28:21,500 [grpc-default-executor-1] INFO  impl.RoleInfo (RoleInfo.java:shutdownFollowerState(121)) - 1eca16cc-5184-4e43-8e55-175d1516eae4: shutdown FollowerState
2019-11-05 11:28:21,500 [grpc-default-executor-2] INFO  impl.RoleInfo (RoleInfo.java:shutdownFollowerState(121)) - 74a8fb36-eab9-4c53-b7cf-c565055de05a: shutdown FollowerState
2019-11-05 11:28:21,500 [grpc-default-executor-1] INFO  impl.RoleInfo (RoleInfo.java:updateAndGet(143)) - 1eca16cc-5184-4e43-8e55-175d1516eae4: start FollowerState
2019-11-05 11:28:21,500 [grpc-default-executor-2] INFO  impl.RoleInfo (RoleInfo.java:updateAndGet(143)) - 74a8fb36-eab9-4c53-b7cf-c565055de05a: start FollowerState
2019-11-05 11:28:21,500 [Thread-563] INFO  impl.FollowerState (FollowerState.java:run(117)) - 1eca16cc-5184-4e43-8e55-175d1516eae4@group-21C72E9484D5-FollowerState was interrupted: java.lang.InterruptedException: sleep interrupted
2019-11-05 11:28:21,501 [Thread-564] INFO  impl.FollowerState (FollowerState.java:run(117)) - 74a8fb36-eab9-4c53-b7cf-c565055de05a@group-21C72E9484D5-FollowerState was interrupted: java.lang.InterruptedException: sleep interrupted
2019-11-05 11:28:21,517 [f7e9932d-fd96-469a-9353-68e47138e5ff@group-21C72E9484D5-LeaderElection35] INFO  impl.LeaderElection (LeaderElection.java:logAndReturn(56)) - f7e9932d-fd96-469a-9353-68e47138e5ff@group-21C72E9484D5-LeaderElection35: Election REJECTED; received 2 response(s) [f7e9932d-fd96-469a-9353-68e47138e5ff<-1eca16cc-5184-4e43-8e55-175d1516eae4#0:FAIL-t12, f7e9932d-fd96-469a-9353-68e47138e5ff<-74a8fb36-eab9-4c53-b7cf-c565055de05a#0:FAIL-t12] and 0 exception(s); f7e9932d-fd96-469a-9353-68e47138e5ff@group-21C72E9484D5:t12, leader=null, voted=f7e9932d-fd96-469a-9353-68e47138e5ff, raftlog=f7e9932d-fd96-469a-9353-68e47138e5ff@group-21C72E9484D5-SegmentedRaftLog:OPENED:c-1,f-1,i0, conf=-1: [f7e9932d-fd96-469a-9353-68e47138e5ff:192.168.157.252:45025, 1eca16cc-5184-4e43-8e55-175d1516eae4:192.168.157.252:41127, 74a8fb36-eab9-4c53-b7cf-c565055de05a:192.168.157.252:42370], old=null
2019-11-05 11:28:21,518 [f7e9932d-fd96-469a-9353-68e47138e5ff@group-21C72E9484D5-LeaderElection35] INFO  impl.RaftServerImpl (RaftServerImpl.java:setRole(184)) - f7e9932d-fd96-469a-9353-68e47138e5ff@group-21C72E9484D5: changes role from CANDIDATE to FOLLOWER at term 12 for DISCOVERED_A_NEW_TERM
2019-11-05 11:28:21,518 [f7e9932d-fd96-469a-9353-68e47138e5ff@group-21C72E9484D5-LeaderElection35] INFO  impl.RoleInfo (RoleInfo.java:shutdownLeaderElection(134)) - f7e9932d-fd96-469a-9353-68e47138e5ff: shutdown LeaderElection
2019-11-05 11:28:21,518 [f7e9932d-fd96-469a-9353-68e47138e5ff@group-21C72E9484D5-LeaderElection35] INFO  impl.RoleInfo (RoleInfo.java:updateAndGet(143)) - f7e9932d-fd96-469a-9353-68e47138e5ff: start FollowerState
2019-11-05 11:28:21,623 [Thread-570] INFO  impl.FollowerState (FollowerState.java:run(108)) - 687f579d-1680-4dd5-8b24-01f078298cef@group-E95DC8E8582E-FollowerState: change to CANDIDATE, lastRpcTime:176ms, electionTimeout:176ms
2019-11-05 11:28:21,623 [Thread-570] INFO  impl.RoleInfo (RoleInfo.java:shutdownFollowerState(121)) - 687f579d-1680-4dd5-8b24-01f078298cef: shutdown FollowerState
2019-11-05 11:28:21,623 [Thread-570] INFO  impl.RaftServerImpl (RaftServerImpl.java:setRole(184)) - 687f579d-1680-4dd5-8b24-01f078298cef@group-E95DC8E8582E: changes role from  FOLLOWER to CANDIDATE at term 15 for changeToCandidate
2019-11-05 11:28:21,623 [Thread-570] INFO  impl.RoleInfo (RoleInfo.java:updateAndGet(143)) - 687f579d-1680-4dd5-8b24-01f078298cef: start LeaderElection
2019-11-05 11:28:21,629 [687f579d-1680-4dd5-8b24-01f078298cef@group-E95DC8E8582E-LeaderElection36] INFO  impl.LeaderElection (LeaderElection.java:askForVotes(178)) - 687f579d-1680-4dd5-8b24-01f078298cef@group-E95DC8E8582E-LeaderElection36: begin an election at term 16 for -1: [90ecfa43-dab6-49d9-b30c-40ef62bfdf2a:192.168.157.252:34192, 687f579d-1680-4dd5-8b24-01f078298cef:192.168.157.252:37962, b8bf4e9b-064a-4520-981c-d6c40c833497:192.168.157.252:43407], old=null
2019-11-05 11:28:21,636 [grpc-default-executor-2] INFO  impl.RaftServerImpl (RaftServerImpl.java:setRole(184)) - b8bf4e9b-064a-4520-981c-d6c40c833497@group-E95DC8E8582E: changes role from  FOLLOWER to FOLLOWER at term 16 for recognizeCandidate:687f579d-1680-4dd5-8b24-01f078298cef
2019-11-05 11:28:21,637 [grpc-default-executor-2] INFO  impl.RoleInfo (RoleInfo.java:shutdownFollowerState(121)) - b8bf4e9b-064a-4520-981c-d6c40c833497: shutdown FollowerState
2019-11-05 11:28:21,636 [grpc-default-executor-1] INFO  impl.RaftServerImpl (RaftServerImpl.java:setRole(184)) - 90ecfa43-dab6-49d9-b30c-40ef62bfdf2a@group-E95DC8E8582E: changes role from  FOLLOWER to FOLLOWER at term 16 for recognizeCandidate:687f579d-1680-4dd5-8b24-01f078298cef
2019-11-05 11:28:21,637 [grpc-default-executor-1] INFO  impl.RoleInfo (RoleInfo.java:shutdownFollowerState(121)) - 90ecfa43-dab6-49d9-b30c-40ef62bfdf2a: shutdown FollowerState
2019-11-05 11:28:21,637 [grpc-default-executor-2] INFO  impl.RoleInfo (RoleInfo.java:updateAndGet(143)) - b8bf4e9b-064a-4520-981c-d6c40c833497: start FollowerState
2019-11-05 11:28:21,637 [Thread-567] INFO  impl.FollowerState (FollowerState.java:run(117)) - b8bf4e9b-064a-4520-981c-d6c40c833497@group-E95DC8E8582E-FollowerState was interrupted: java.lang.InterruptedException: sleep interrupted
2019-11-05 11:28:21,637 [Thread-568] INFO  impl.FollowerState (FollowerState.java:run(117)) - 90ecfa43-dab6-49d9-b30c-40ef62bfdf2a@group-E95DC8E8582E-FollowerState was interrupted: java.lang.InterruptedException: sleep interrupted
2019-11-05 11:28:21,637 [grpc-default-executor-1] INFO  impl.RoleInfo (RoleInfo.java:updateAndGet(143)) - 90ecfa43-dab6-49d9-b30c-40ef62bfdf2a: start FollowerState
2019-11-05 11:28:21,661 [687f579d-1680-4dd5-8b24-01f078298cef@group-E95DC8E8582E-LeaderElection36] INFO  impl.LeaderElection (LeaderElection.java:logAndReturn(56)) - 687f579d-1680-4dd5-8b24-01f078298cef@group-E95DC8E8582E-LeaderElection36: Election REJECTED; received 2 response(s) [687f579d-1680-4dd5-8b24-01f078298cef<-90ecfa43-dab6-49d9-b30c-40ef62bfdf2a#0:FAIL-t16, 687f579d-1680-4dd5-8b24-01f078298cef<-b8bf4e9b-064a-4520-981c-d6c40c833497#0:FAIL-t16] and 0 exception(s); 687f579d-1680-4dd5-8b24-01f078298cef@group-E95DC8E8582E:t16, leader=null, voted=687f579d-1680-4dd5-8b24-01f078298cef, raftlog=687f579d-1680-4dd5-8b24-01f078298cef@group-E95DC8E8582E-SegmentedRaftLog:OPENED:c-1,f-1,i0, conf=-1: [90ecfa43-dab6-49d9-b30c-40ef62bfdf2a:192.168.157.252:34192, 687f579d-1680-4dd5-8b24-01f078298cef:192.168.157.252:37962, b8bf4e9b-064a-4520-981c-d6c40c833497:192.168.157.252:43407], old=null
2019-11-05 11:28:21,661 [687f579d-1680-4dd5-8b24-01f078298cef@group-E95DC8E8582E-LeaderElection36] INFO  impl.RaftServerImpl (RaftServerImpl.java:setRole(184)) - 687f579d-1680-4dd5-8b24-01f078298cef@group-E95DC8E8582E: changes role from CANDIDATE to FOLLOWER at term 16 for DISCOVERED_A_NEW_TERM
2019-11-05 11:28:21,661 [687f579d-1680-4dd5-8b24-01f078298cef@group-E95DC8E8582E-LeaderElection36] INFO  impl.RoleInfo (RoleInfo.java:shutdownLeaderElection(134)) - 687f579d-1680-4dd5-8b24-01f078298cef: shutdown LeaderElection
2019-11-05 11:28:21,661 [687f579d-1680-4dd5-8b24-01f078298cef@group-E95DC8E8582E-LeaderElection36] INFO  impl.RoleInfo (RoleInfo.java:updateAndGet(143)) - 687f579d-1680-4dd5-8b24-01f078298cef: start FollowerState
2019-11-05 11:28:21,676 [Thread-576] INFO  impl.FollowerState (FollowerState.java:run(108)) - f7e9932d-fd96-469a-9353-68e47138e5ff@group-21C72E9484D5-FollowerState: change to CANDIDATE, lastRpcTime:158ms, electionTimeout:156ms
2019-11-05 11:28:21,676 [Thread-576] INFO  impl.RoleInfo (RoleInfo.java:shutdownFollowerState(121)) - f7e9932d-fd96-469a-9353-68e47138e5ff: shutdown FollowerState
2019-11-05 11:28:21,677 [Thread-576] INFO  impl.RaftServerImpl (RaftServerImpl.java:setRole(184)) - f7e9932d-fd96-469a-9353-68e47138e5ff@group-21C72E9484D5: changes role from  FOLLOWER to CANDIDATE at term 12 for changeToCandidate
2019-11-05 11:28:21,677 [Thread-576] INFO  impl.RoleInfo (RoleInfo.java:updateAndGet(143)) - f7e9932d-fd96-469a-9353-68e47138e5ff: start LeaderElection
2019-11-05 11:28:21,685 [f7e9932d-fd96-469a-9353-68e47138e5ff@group-21C72E9484D5-LeaderElection37] INFO  impl.LeaderElection (LeaderElection.java:askForVotes(178)) - f7e9932d-fd96-469a-9353-68e47138e5ff@group-21C72E9484D5-LeaderElection37: begin an election at term 13 for -1: [f7e9932d-fd96-469a-9353-68e47138e5ff:192.168.157.252:45025, 1eca16cc-5184-4e43-8e55-175d1516eae4:192.168.157.252:41127, 74a8fb36-eab9-4c53-b7cf-c565055de05a:192.168.157.252:42370], old=null
2019-11-05 11:28:21,688 [grpc-default-executor-1] INFO  impl.RaftServerImpl (RaftServerImpl.java:setRole(184)) - 74a8fb36-eab9-4c53-b7cf-c565055de05a@group-21C72E9484D5: changes role from  FOLLOWER to FOLLOWER at term 13 for recognizeCandidate:f7e9932d-fd96-469a-9353-68e47138e5ff
2019-11-05 11:28:21,688 [grpc-default-executor-2] INFO  impl.RaftServerImpl (RaftServerImpl.java:setRole(184)) - 1eca16cc-5184-4e43-8e55-175d1516eae4@group-21C72E9484D5: changes role from  FOLLOWER to FOLLOWER at term 13 for recognizeCandidate:f7e9932d-fd96-469a-9353-68e47138e5ff
2019-11-05 11:28:21,688 [grpc-default-executor-1] INFO  impl.RoleInfo (RoleInfo.java:shutdownFollowerState(121)) - 74a8fb36-eab9-4c53-b7cf-c565055de05a: shutdown FollowerState
2019-11-05 11:28:21,688 [grpc-default-executor-2] INFO  impl.RoleInfo (RoleInfo.java:shutdownFollowerState(121)) - 1eca16cc-5184-4e43-8e55-175d1516eae4: shutdown FollowerState
2019-11-05 11:28:21,688 [grpc-default-executor-1] INFO  impl.RoleInfo (RoleInfo.java:updateAndGet(143)) - 74a8fb36-eab9-4c53-b7cf-c565055de05a: start FollowerState
2019-11-05 11:28:21,689 [grpc-default-executor-2] INFO  impl.RoleInfo (RoleInfo.java:updateAndGet(143)) - 1eca16cc-5184-4e43-8e55-175d1516eae4: start FollowerState
2019-11-05 11:28:21,688 [Thread-575] INFO  impl.FollowerState (FollowerState.java:run(117)) - 74a8fb36-eab9-4c53-b7cf-c565055de05a@group-21C72E9484D5-FollowerState was interrupted: java.lang.InterruptedException: sleep interrupted
2019-11-05 11:28:21,692 [Thread-574] INFO  impl.FollowerState (FollowerState.java:run(117)) - 1eca16cc-5184-4e43-8e55-175d1516eae4@group-21C72E9484D5-FollowerState was interrupted: java.lang.InterruptedException: sleep interrupted
2019-11-05 11:28:21,751 [f7e9932d-fd96-469a-9353-68e47138e5ff@group-21C72E9484D5-LeaderElection37] INFO  impl.LeaderElection (LeaderElection.java:logAndReturn(56)) - f7e9932d-fd96-469a-9353-68e47138e5ff@group-21C72E9484D5-LeaderElection37: Election TIMEOUT; received 0 response(s) [] and 0 exception(s); f7e9932d-fd96-469a-9353-68e47138e5ff@group-21C72E9484D5:t13, leader=null, voted=f7e9932d-fd96-469a-9353-68e47138e5ff, raftlog=f7e9932d-fd96-469a-9353-68e47138e5ff@group-21C72E9484D5-SegmentedRaftLog:OPENED:c-1,f-1,i0, conf=-1: [f7e9932d-fd96-469a-9353-68e47138e5ff:192.168.157.252:45025, 1eca16cc-5184-4e43-8e55-175d1516eae4:192.168.157.252:41127, 74a8fb36-eab9-4c53-b7cf-c565055de05a:192.168.157.252:42370], old=null
2019-11-05 11:28:21,775 [Thread-583] INFO  impl.FollowerState (FollowerState.java:run(108)) - 687f579d-1680-4dd5-8b24-01f078298cef@group-E95DC8E8582E-FollowerState: change to CANDIDATE, lastRpcTime:113ms, electionTimeout:111ms
2019-11-05 11:28:21,776 [Thread-583] INFO  impl.RoleInfo (RoleInfo.java:shutdownFollowerState(121)) - 687f579d-1680-4dd5-8b24-01f078298cef: shutdown FollowerState
2019-11-05 11:28:21,776 [Thread-583] INFO  impl.RaftServerImpl (RaftServerImpl.java:setRole(184)) - 687f579d-1680-4dd5-8b24-01f078298cef@group-E95DC8E8582E: changes role from  FOLLOWER to CANDIDATE at term 16 for changeToCandidate
2019-11-05 11:28:21,776 [Thread-583] INFO  impl.RoleInfo (RoleInfo.java:updateAndGet(143)) - 687f579d-1680-4dd5-8b24-01f078298cef: start LeaderElection
2019-11-05 11:28:21,810 [f7e9932d-fd96-469a-9353-68e47138e5ff@group-21C72E9484D5-LeaderElection37] INFO  impl.LeaderElection (LeaderElection.java:askForVotes(178)) - f7e9932d-fd96-469a-9353-68e47138e5ff@group-21C72E9484D5-LeaderElection37: begin an election at term 14 for -1: [f7e9932d-fd96-469a-9353-68e47138e5ff:192.168.157.252:45025, 1eca16cc-5184-4e43-8e55-175d1516eae4:192.168.157.252:41127, 74a8fb36-eab9-4c53-b7cf-c565055de05a:192.168.157.252:42370], old=null
2019-11-05 11:28:21,826 [grpc-default-executor-1] INFO  impl.RaftServerImpl (RaftServerImpl.java:setRole(184)) - 74a8fb36-eab9-4c53-b7cf-c565055de05a@group-21C72E9484D5: changes role from  FOLLOWER to FOLLOWER at term 14 for recognizeCandidate:f7e9932d-fd96-469a-9353-68e47138e5ff
2019-11-05 11:28:21,826 [grpc-default-executor-1] INFO  impl.RoleInfo (RoleInfo.java:shutdownFollowerState(121)) - 74a8fb36-eab9-4c53-b7cf-c565055de05a: shutdown FollowerState
2019-11-05 11:28:21,826 [Thread-588] INFO  impl.FollowerState (FollowerState.java:run(117)) - 74a8fb36-eab9-4c53-b7cf-c565055de05a@group-21C72E9484D5-FollowerState was interrupted: java.lang.InterruptedException: sleep interrupted
2019-11-05 11:28:21,826 [grpc-default-executor-1] INFO  impl.RoleInfo (RoleInfo.java:updateAndGet(143)) - 74a8fb36-eab9-4c53-b7cf-c565055de05a: start FollowerState
2019-11-05 11:28:21,830 [687f579d-1680-4dd5-8b24-01f078298cef@group-E95DC8E8582E-LeaderElection38] INFO  impl.LeaderElection (LeaderElection.java:askForVotes(178)) - 687f579d-1680-4dd5-8b24-01f078298cef@group-E95DC8E8582E-LeaderElection38: begin an election at term 17 for -1: [90ecfa43-dab6-49d9-b30c-40ef62bfdf2a:192.168.157.252:34192, 687f579d-1680-4dd5-8b24-01f078298cef:192.168.157.252:37962, b8bf4e9b-064a-4520-981c-d6c40c833497:192.168.157.252:43407], old=null
2019-11-05 11:28:21,835 [grpc-default-executor-2] INFO  impl.RaftServerImpl (RaftServerImpl.java:setRole(184)) - 90ecfa43-dab6-49d9-b30c-40ef62bfdf2a@group-E95DC8E8582E: changes role from  FOLLOWER to FOLLOWER at term 17 for recognizeCandidate:687f579d-1680-4dd5-8b24-01f078298cef
2019-11-05 11:28:21,835 [grpc-default-executor-2] INFO  impl.RoleInfo (RoleInfo.java:shutdownFollowerState(121)) - 90ecfa43-dab6-49d9-b30c-40ef62bfdf2a: shutdown FollowerState
2019-11-05 11:28:21,837 [grpc-default-executor-2] INFO  impl.RoleInfo (RoleInfo.java:updateAndGet(143)) - 90ecfa43-dab6-49d9-b30c-40ef62bfdf2a: start FollowerState
2019-11-05 11:28:21,838 [Thread-582] INFO  impl.FollowerState (FollowerState.java:run(117)) - 90ecfa43-dab6-49d9-b30c-40ef62bfdf2a@group-E95DC8E8582E-FollowerState was interrupted: java.lang.InterruptedException: sleep interrupted
2019-11-05 11:28:21,838 [grpc-default-executor-11] INFO  impl.RaftServerImpl (RaftServerImpl.java:setRole(184)) - 1eca16cc-5184-4e43-8e55-175d1516eae4@group-21C72E9484D5: changes role from  FOLLOWER to FOLLOWER at term 14 for recognizeCandidate:f7e9932d-fd96-469a-9353-68e47138e5ff
2019-11-05 11:28:21,838 [grpc-default-executor-11] INFO  impl.RoleInfo (RoleInfo.java:shutdownFollowerState(121)) - 1eca16cc-5184-4e43-8e55-175d1516eae4: shutdown FollowerState
2019-11-05 11:28:21,838 [grpc-default-executor-11] INFO  impl.RoleInfo (RoleInfo.java:updateAndGet(143)) - 1eca16cc-5184-4e43-8e55-175d1516eae4: start FollowerState
2019-11-05 11:28:21,842 [Thread-589] INFO  impl.FollowerState (FollowerState.java:run(117)) - 1eca16cc-5184-4e43-8e55-175d1516eae4@group-21C72E9484D5-FollowerState was interrupted: java.lang.InterruptedException: sleep interrupted
2019-11-05 11:28:21,848 [grpc-default-executor-1] INFO  impl.RaftServerImpl (RaftServerImpl.java:setRole(184)) - b8bf4e9b-064a-4520-981c-d6c40c833497@group-E95DC8E8582E: changes role from  FOLLOWER to FOLLOWER at term 17 for recognizeCandidate:687f579d-1680-4dd5-8b24-01f078298cef
2019-11-05 11:28:21,849 [grpc-default-executor-1] INFO  impl.RoleInfo (RoleInfo.java:shutdownFollowerState(121)) - b8bf4e9b-064a-4520-981c-d6c40c833497: shutdown FollowerState
2019-11-05 11:28:21,849 [grpc-default-executor-1] INFO  impl.RoleInfo (RoleInfo.java:updateAndGet(143)) - b8bf4e9b-064a-4520-981c-d6c40c833497: start FollowerState
2019-11-05 11:28:21,849 [Thread-581] INFO  impl.FollowerState (FollowerState.java:run(117)) - b8bf4e9b-064a-4520-981c-d6c40c833497@group-E95DC8E8582E-FollowerState was interrupted: java.lang.InterruptedException: sleep interrupted
2019-11-05 11:28:21,864 [f7e9932d-fd96-469a-9353-68e47138e5ff@group-21C72E9484D5-LeaderElection37] INFO  impl.LeaderElection (LeaderElection.java:logAndReturn(56)) - f7e9932d-fd96-469a-9353-68e47138e5ff@group-21C72E9484D5-LeaderElection37: Election REJECTED; received 2 response(s) [f7e9932d-fd96-469a-9353-68e47138e5ff<-1eca16cc-5184-4e43-8e55-175d1516eae4#0:FAIL-t14, f7e9932d-fd96-469a-9353-68e47138e5ff<-74a8fb36-eab9-4c53-b7cf-c565055de05a#0:FAIL-t14] and 0 exception(s); f7e9932d-fd96-469a-9353-68e47138e5ff@group-21C72E9484D5:t14, leader=null, voted=f7e9932d-fd96-469a-9353-68e47138e5ff, raftlog=f7e9932d-fd96-469a-9353-68e47138e5ff@group-21C72E9484D5-SegmentedRaftLog:OPENED:c-1,f-1,i0, conf=-1: [f7e9932d-fd96-469a-9353-68e47138e5ff:192.168.157.252:45025, 1eca16cc-5184-4e43-8e55-175d1516eae4:192.168.157.252:41127, 74a8fb36-eab9-4c53-b7cf-c565055de05a:192.168.157.252:42370], old=null
2019-11-05 11:28:21,865 [f7e9932d-fd96-469a-9353-68e47138e5ff@group-21C72E9484D5-LeaderElection37] INFO  impl.RaftServerImpl (RaftServerImpl.java:setRole(184)) - f7e9932d-fd96-469a-9353-68e47138e5ff@group-21C72E9484D5: changes role from CANDIDATE to FOLLOWER at term 14 for DISCOVERED_A_NEW_TERM
2019-11-05 11:28:21,865 [f7e9932d-fd96-469a-9353-68e47138e5ff@group-21C72E9484D5-LeaderElection37] INFO  impl.RoleInfo (RoleInfo.java:shutdownLeaderElection(134)) - f7e9932d-fd96-469a-9353-68e47138e5ff: shutdown LeaderElection
2019-11-05 11:28:21,865 [f7e9932d-fd96-469a-9353-68e47138e5ff@group-21C72E9484D5-LeaderElection37] INFO  impl.RoleInfo (RoleInfo.java:updateAndGet(143)) - f7e9932d-fd96-469a-9353-68e47138e5ff: start FollowerState
2019-11-05 11:28:21,871 [687f579d-1680-4dd5-8b24-01f078298cef@group-E95DC8E8582E-LeaderElection38] INFO  impl.LeaderElection (LeaderElection.java:logAndReturn(56)) - 687f579d-1680-4dd5-8b24-01f078298cef@group-E95DC8E8582E-LeaderElection38: Election REJECTED; received 2 response(s) [687f579d-1680-4dd5-8b24-01f078298cef<-90ecfa43-dab6-49d9-b30c-40ef62bfdf2a#0:FAIL-t17, 687f579d-1680-4dd5-8b24-01f078298cef<-b8bf4e9b-064a-4520-981c-d6c40c833497#0:FAIL-t17] and 0 exception(s); 687f579d-1680-4dd5-8b24-01f078298cef@group-E95DC8E8582E:t17, leader=null, voted=687f579d-1680-4dd5-8b24-01f078298cef, raftlog=687f579d-1680-4dd5-8b24-01f078298cef@group-E95DC8E8582E-SegmentedRaftLog:OPENED:c-1,f-1,i0, conf=-1: [90ecfa43-dab6-49d9-b30c-40ef62bfdf2a:192.168.157.252:34192, 687f579d-1680-4dd5-8b24-01f078298cef:192.168.157.252:37962, b8bf4e9b-064a-4520-981c-d6c40c833497:192.168.157.252:43407], old=null
2019-11-05 11:28:21,871 [687f579d-1680-4dd5-8b24-01f078298cef@group-E95DC8E8582E-LeaderElection38] INFO  impl.RaftServerImpl (RaftServerImpl.java:setRole(184)) - 687f579d-1680-4dd5-8b24-01f078298cef@group-E95DC8E8582E: changes role from CANDIDATE to FOLLOWER at term 17 for DISCOVERED_A_NEW_TERM
2019-11-05 11:28:21,872 [687f579d-1680-4dd5-8b24-01f078298cef@group-E95DC8E8582E-LeaderElection38] INFO  impl.RoleInfo (RoleInfo.java:shutdownLeaderElection(134)) - 687f579d-1680-4dd5-8b24-01f078298cef: shutdown LeaderElection
2019-11-05 11:28:21,872 [687f579d-1680-4dd5-8b24-01f078298cef@group-E95DC8E8582E-LeaderElection38] INFO  impl.RoleInfo (RoleInfo.java:updateAndGet(143)) - 687f579d-1680-4dd5-8b24-01f078298cef: start FollowerState
2019-11-05 11:28:21,931 [Thread-599] INFO  impl.FollowerState (FollowerState.java:run(108)) - f7e9932d-fd96-469a-9353-68e47138e5ff@group-21C72E9484D5-FollowerState: change to CANDIDATE, lastRpcTime:65ms, electionTimeout:65ms
2019-11-05 11:28:21,931 [Thread-599] INFO  impl.RoleInfo (RoleInfo.java:shutdownFollowerState(121)) - f7e9932d-fd96-469a-9353-68e47138e5ff: shutdown FollowerState
2019-11-05 11:28:21,931 [Thread-599] INFO  impl.RaftServerImpl (RaftServerImpl.java:setRole(184)) - f7e9932d-fd96-469a-9353-68e47138e5ff@group-21C72E9484D5: changes role from  FOLLOWER to CANDIDATE at term 14 for changeToCandidate
2019-11-05 11:28:21,931 [Thread-599] INFO  impl.RoleInfo (RoleInfo.java:updateAndGet(143)) - f7e9932d-fd96-469a-9353-68e47138e5ff: start LeaderElection
2019-11-05 11:28:21,941 [f7e9932d-fd96-469a-9353-68e47138e5ff@group-21C72E9484D5-LeaderElection39] INFO  impl.LeaderElection (LeaderElection.java:askForVotes(178)) - f7e9932d-fd96-469a-9353-68e47138e5ff@group-21C72E9484D5-LeaderElection39: begin an election at term 15 for -1: [f7e9932d-fd96-469a-9353-68e47138e5ff:192.168.157.252:45025, 1eca16cc-5184-4e43-8e55-175d1516eae4:192.168.157.252:41127, 74a8fb36-eab9-4c53-b7cf-c565055de05a:192.168.157.252:42370], old=null
2019-11-05 11:28:21,946 [grpc-default-executor-11] INFO  impl.RaftServerImpl (RaftServerImpl.java:setRole(184)) - 74a8fb36-eab9-4c53-b7cf-c565055de05a@group-21C72E9484D5: changes role from  FOLLOWER to FOLLOWER at term 15 for recognizeCandidate:f7e9932d-fd96-469a-9353-68e47138e5ff
2019-11-05 11:28:21,946 [grpc-default-executor-11] INFO  impl.RoleInfo (RoleInfo.java:shutdownFollowerState(121)) - 74a8fb36-eab9-4c53-b7cf-c565055de05a: shutdown FollowerState
2019-11-05 11:28:21,946 [grpc-default-executor-11] INFO  impl.RoleInfo (RoleInfo.java:updateAndGet(143)) - 74a8fb36-eab9-4c53-b7cf-c565055de05a: start FollowerState
2019-11-05 11:28:21,946 [Thread-593] INFO  impl.FollowerState (FollowerState.java:run(117)) - 74a8fb36-eab9-4c53-b7cf-c565055de05a@group-21C72E9484D5-FollowerState was interrupted: java.lang.InterruptedException: sleep interrupted
2019-11-05 11:28:21,947 [grpc-default-executor-1] INFO  impl.RaftServerImpl (RaftServerImpl.java:setRole(184)) - 1eca16cc-5184-4e43-8e55-175d1516eae4@group-21C72E9484D5: changes role from  FOLLOWER to FOLLOWER at term 15 for recognizeCandidate:f7e9932d-fd96-469a-9353-68e47138e5ff
2019-11-05 11:28:21,947 [grpc-default-executor-1] INFO  impl.RoleInfo (RoleInfo.java:shutdownFollowerState(121)) - 1eca16cc-5184-4e43-8e55-175d1516eae4: shutdown FollowerState
2019-11-05 11:28:21,949 [Thread-597] INFO  impl.FollowerState (FollowerState.java:run(117)) - 1eca16cc-5184-4e43-8e55-175d1516eae4@group-21C72E9484D5-FollowerState was interrupted: java.lang.InterruptedException: sleep interrupted
2019-11-05 11:28:21,949 [grpc-default-executor-1] INFO  impl.RoleInfo (RoleInfo.java:updateAndGet(143)) - 1eca16cc-5184-4e43-8e55-175d1516eae4: start FollowerState
2019-11-05 11:28:21,958 [Thread-600] INFO  impl.FollowerState (FollowerState.java:run(108)) - 687f579d-1680-4dd5-8b24-01f078298cef@group-E95DC8E8582E-FollowerState: change to CANDIDATE, lastRpcTime:86ms, electionTimeout:85ms
2019-11-05 11:28:21,959 [Thread-600] INFO  impl.RoleInfo (RoleInfo.java:shutdownFollowerState(121)) - 687f579d-1680-4dd5-8b24-01f078298cef: shutdown FollowerState
2019-11-05 11:28:21,959 [Thread-600] INFO  impl.RaftServerImpl (RaftServerImpl.java:setRole(184)) - 687f579d-1680-4dd5-8b24-01f078298cef@group-E95DC8E8582E: changes role from  FOLLOWER to CANDIDATE at term 17 for changeToCandidate
2019-11-05 11:28:21,959 [Thread-600] INFO  impl.RoleInfo (RoleInfo.java:updateAndGet(143)) - 687f579d-1680-4dd5-8b24-01f078298cef: start LeaderElection
2019-11-05 11:28:21,974 [f7e9932d-fd96-469a-9353-68e47138e5ff@group-21C72E9484D5-LeaderElection39] INFO  impl.LeaderElection (LeaderElection.java:logAndReturn(56)) - f7e9932d-fd96-469a-9353-68e47138e5ff@group-21C72E9484D5-LeaderElection39: Election REJECTED; received 2 response(s) [f7e9932d-fd96-469a-9353-68e47138e5ff<-1eca16cc-5184-4e43-8e55-175d1516eae4#0:FAIL-t15, f7e9932d-fd96-469a-9353-68e47138e5ff<-74a8fb36-eab9-4c53-b7cf-c565055de05a#0:FAIL-t15] and 0 exception(s); f7e9932d-fd96-469a-9353-68e47138e5ff@group-21C72E9484D5:t15, leader=null, voted=f7e9932d-fd96-469a-9353-68e47138e5ff, raftlog=f7e9932d-fd96-469a-9353-68e47138e5ff@group-21C72E9484D5-SegmentedRaftLog:OPENED:c-1,f-1,i0, conf=-1: [f7e9932d-fd96-469a-9353-68e47138e5ff:192.168.157.252:45025, 1eca16cc-5184-4e43-8e55-175d1516eae4:192.168.157.252:41127, 74a8fb36-eab9-4c53-b7cf-c565055de05a:192.168.157.252:42370], old=null
2019-11-05 11:28:21,974 [f7e9932d-fd96-469a-9353-68e47138e5ff@group-21C72E9484D5-LeaderElection39] INFO  impl.RaftServerImpl (RaftServerImpl.java:setRole(184)) - f7e9932d-fd96-469a-9353-68e47138e5ff@group-21C72E9484D5: changes role from CANDIDATE to FOLLOWER at term 15 for DISCOVERED_A_NEW_TERM
2019-11-05 11:28:21,974 [f7e9932d-fd96-469a-9353-68e47138e5ff@group-21C72E9484D5-LeaderElection39] INFO  impl.RoleInfo (RoleInfo.java:shutdownLeaderElection(134)) - f7e9932d-fd96-469a-9353-68e47138e5ff: shutdown LeaderElection
2019-11-05 11:28:21,974 [f7e9932d-fd96-469a-9353-68e47138e5ff@group-21C72E9484D5-LeaderElection39] INFO  impl.RoleInfo (RoleInfo.java:updateAndGet(143)) - f7e9932d-fd96-469a-9353-68e47138e5ff: start FollowerState
2019-11-05 11:28:21,988 [687f579d-1680-4dd5-8b24-01f078298cef@group-E95DC8E8582E-LeaderElection40] INFO  impl.LeaderElection (LeaderElection.java:askForVotes(178)) - 687f579d-1680-4dd5-8b24-01f078298cef@group-E95DC8E8582E-LeaderElection40: begin an election at term 18 for -1: [90ecfa43-dab6-49d9-b30c-40ef62bfdf2a:192.168.157.252:34192, 687f579d-1680-4dd5-8b24-01f078298cef:192.168.157.252:37962, b8bf4e9b-064a-4520-981c-d6c40c833497:192.168.157.252:43407], old=null
2019-11-05 11:28:21,994 [grpc-default-executor-1] INFO  impl.RaftServerImpl (RaftServerImpl.java:setRole(184)) - 90ecfa43-dab6-49d9-b30c-40ef62bfdf2a@group-E95DC8E8582E: changes role from  FOLLOWER to FOLLOWER at term 18 for recognizeCandidate:687f579d-1680-4dd5-8b24-01f078298cef
2019-11-05 11:28:21,995 [grpc-default-executor-1] INFO  impl.RoleInfo (RoleInfo.java:shutdownFollowerState(121)) - 90ecfa43-dab6-49d9-b30c-40ef62bfdf2a: shutdown FollowerState
2019-11-05 11:28:21,995 [Thread-596] INFO  impl.FollowerState (FollowerState.java:run(117)) - 90ecfa43-dab6-49d9-b30c-40ef62bfdf2a@group-E95DC8E8582E-FollowerState was interrupted: java.lang.InterruptedException: sleep interrupted
2019-11-05 11:28:21,995 [grpc-default-executor-1] INFO  impl.RoleInfo (RoleInfo.java:updateAndGet(143)) - 90ecfa43-dab6-49d9-b30c-40ef62bfdf2a: start FollowerState
2019-11-05 11:28:21,996 [grpc-default-executor-11] INFO  impl.RaftServerImpl (RaftServerImpl.java:setRole(184)) - b8bf4e9b-064a-4520-981c-d6c40c833497@group-E95DC8E8582E: changes role from  FOLLOWER to FOLLOWER at term 18 for recognizeCandidate:687f579d-1680-4dd5-8b24-01f078298cef
2019-11-05 11:28:21,996 [grpc-default-executor-11] INFO  impl.RoleInfo (RoleInfo.java:shutdownFollowerState(121)) - b8bf4e9b-064a-4520-981c-d6c40c833497: shutdown FollowerState
2019-11-05 11:28:21,996 [grpc-default-executor-11] INFO  impl.RoleInfo (RoleInfo.java:updateAndGet(143)) - b8bf4e9b-064a-4520-981c-d6c40c833497: start FollowerState
2019-11-05 11:28:21,996 [Thread-598] INFO  impl.FollowerState (FollowerState.java:run(117)) - b8bf4e9b-064a-4520-981c-d6c40c833497@group-E95DC8E8582E-FollowerState was interrupted: java.lang.InterruptedException: sleep interrupted
2019-11-05 11:28:22,010 [687f579d-1680-4dd5-8b24-01f078298cef@group-E95DC8E8582E-LeaderElection40] INFO  impl.LeaderElection (LeaderElection.java:logAndReturn(56)) - 687f579d-1680-4dd5-8b24-01f078298cef@group-E95DC8E8582E-LeaderElection40: Election REJECTED; received 2 response(s) [687f579d-1680-4dd5-8b24-01f078298cef<-90ecfa43-dab6-49d9-b30c-40ef62bfdf2a#0:FAIL-t18, 687f579d-1680-4dd5-8b24-01f078298cef<-b8bf4e9b-064a-4520-981c-d6c40c833497#0:FAIL-t18] and 0 exception(s); 687f579d-1680-4dd5-8b24-01f078298cef@group-E95DC8E8582E:t18, leader=null, voted=687f579d-1680-4dd5-8b24-01f078298cef, raftlog=687f579d-1680-4dd5-8b24-01f078298cef@group-E95DC8E8582E-SegmentedRaftLog:OPENED:c-1,f-1,i0, conf=-1: [90ecfa43-dab6-49d9-b30c-40ef62bfdf2a:192.168.157.252:34192, 687f579d-1680-4dd5-8b24-01f078298cef:192.168.157.252:37962, b8bf4e9b-064a-4520-981c-d6c40c833497:192.168.157.252:43407], old=null
2019-11-05 11:28:22,011 [687f579d-1680-4dd5-8b24-01f078298cef@group-E95DC8E8582E-LeaderElection40] INFO  impl.RaftServerImpl (RaftServerImpl.java:setRole(184)) - 687f579d-1680-4dd5-8b24-01f078298cef@group-E95DC8E8582E: changes role from CANDIDATE to FOLLOWER at term 18 for DISCOVERED_A_NEW_TERM
2019-11-05 11:28:22,011 [687f579d-1680-4dd5-8b24-01f078298cef@group-E95DC8E8582E-LeaderElection40] INFO  impl.RoleInfo (RoleInfo.java:shutdownLeaderElection(134)) - 687f579d-1680-4dd5-8b24-01f078298cef: shutdown LeaderElection
2019-11-05 11:28:22,011 [687f579d-1680-4dd5-8b24-01f078298cef@group-E95DC8E8582E-LeaderElection40] INFO  impl.RoleInfo (RoleInfo.java:updateAndGet(143)) - 687f579d-1680-4dd5-8b24-01f078298cef: start FollowerState
2019-11-05 11:28:22,028 [Thread-612] INFO  impl.FollowerState (FollowerState.java:run(108)) - 687f579d-1680-4dd5-8b24-01f078298cef@group-E95DC8E8582E-FollowerState: change to CANDIDATE, lastRpcTime:16ms, electionTimeout:16ms
2019-11-05 11:28:22,028 [Thread-612] INFO  impl.RoleInfo (RoleInfo.java:shutdownFollowerState(121)) - 687f579d-1680-4dd5-8b24-01f078298cef: shutdown FollowerState
2019-11-05 11:28:22,028 [Thread-612] INFO  impl.RaftServerImpl (RaftServerImpl.java:setRole(184)) - 687f579d-1680-4dd5-8b24-01f078298cef@group-E95DC8E8582E: changes role from  FOLLOWER to CANDIDATE at term 18 for changeToCandidate
2019-11-05 11:28:22,028 [Thread-612] INFO  impl.RoleInfo (RoleInfo.java:updateAndGet(143)) - 687f579d-1680-4dd5-8b24-01f078298cef: start LeaderElection
2019-11-05 11:28:22,035 [687f579d-1680-4dd5-8b24-01f078298cef@group-E95DC8E8582E-LeaderElection41] INFO  impl.LeaderElection (LeaderElection.java:askForVotes(178)) - 687f579d-1680-4dd5-8b24-01f078298cef@group-E95DC8E8582E-LeaderElection41: begin an election at term 19 for -1: [90ecfa43-dab6-49d9-b30c-40ef62bfdf2a:192.168.157.252:34192, 687f579d-1680-4dd5-8b24-01f078298cef:192.168.157.252:37962, b8bf4e9b-064a-4520-981c-d6c40c833497:192.168.157.252:43407], old=null
2019-11-05 11:28:22,038 [grpc-default-executor-1] INFO  impl.RaftServerImpl (RaftServerImpl.java:setRole(184)) - b8bf4e9b-064a-4520-981c-d6c40c833497@group-E95DC8E8582E: changes role from  FOLLOWER to FOLLOWER at term 19 for recognizeCandidate:687f579d-1680-4dd5-8b24-01f078298cef
2019-11-05 11:28:22,038 [grpc-default-executor-11] INFO  impl.RaftServerImpl (RaftServerImpl.java:setRole(184)) - 90ecfa43-dab6-49d9-b30c-40ef62bfdf2a@group-E95DC8E8582E: changes role from  FOLLOWER to FOLLOWER at term 19 for recognizeCandidate:687f579d-1680-4dd5-8b24-01f078298cef
2019-11-05 11:28:22,038 [grpc-default-executor-1] INFO  impl.RoleInfo (RoleInfo.java:shutdownFollowerState(121)) - b8bf4e9b-064a-4520-981c-d6c40c833497: shutdown FollowerState
2019-11-05 11:28:22,038 [grpc-default-executor-11] INFO  impl.RoleInfo (RoleInfo.java:shutdownFollowerState(121)) - 90ecfa43-dab6-49d9-b30c-40ef62bfdf2a: shutdown FollowerState
2019-11-05 11:28:22,038 [grpc-default-executor-1] INFO  impl.RoleInfo (RoleInfo.java:updateAndGet(143)) - b8bf4e9b-064a-4520-981c-d6c40c833497: start FollowerState
2019-11-05 11:28:22,038 [Thread-611] INFO  impl.FollowerState (FollowerState.java:run(117)) - b8bf4e9b-064a-4520-981c-d6c40c833497@group-E95DC8E8582E-FollowerState was interrupted: java.lang.InterruptedException: sleep interrupted
2019-11-05 11:28:22,038 [grpc-default-executor-11] INFO  impl.RoleInfo (RoleInfo.java:updateAndGet(143)) - 90ecfa43-dab6-49d9-b30c-40ef62bfdf2a: start FollowerState
2019-11-05 11:28:22,038 [Thread-610] INFO  impl.FollowerState (FollowerState.java:run(117)) - 90ecfa43-dab6-49d9-b30c-40ef62bfdf2a@group-E95DC8E8582E-FollowerState was interrupted: java.lang.InterruptedException: sleep interrupted
2019-11-05 11:28:22,047 [687f579d-1680-4dd5-8b24-01f078298cef@group-E95DC8E8582E-LeaderElection41] INFO  impl.LeaderElection (LeaderElection.java:logAndReturn(56)) - 687f579d-1680-4dd5-8b24-01f078298cef@group-E95DC8E8582E-LeaderElection41: Election REJECTED; received 2 response(s) [687f579d-1680-4dd5-8b24-01f078298cef<-90ecfa43-dab6-49d9-b30c-40ef62bfdf2a#0:FAIL-t19, 687f579d-1680-4dd5-8b24-01f078298cef<-b8bf4e9b-064a-4520-981c-d6c40c833497#0:FAIL-t19] and 0 exception(s); 687f579d-1680-4dd5-8b24-01f078298cef@group-E95DC8E8582E:t19, leader=null, voted=687f579d-1680-4dd5-8b24-01f078298cef, raftlog=687f579d-1680-4dd5-8b24-01f078298cef@group-E95DC8E8582E-SegmentedRaftLog:OPENED:c-1,f-1,i0, conf=-1: [90ecfa43-dab6-49d9-b30c-40ef62bfdf2a:192.168.157.252:34192, 687f579d-1680-4dd5-8b24-01f078298cef:192.168.157.252:37962, b8bf4e9b-064a-4520-981c-d6c40c833497:192.168.157.252:43407], old=null
2019-11-05 11:28:22,047 [687f579d-1680-4dd5-8b24-01f078298cef@group-E95DC8E8582E-LeaderElection41] INFO  impl.RaftServerImpl (RaftServerImpl.java:setRole(184)) - 687f579d-1680-4dd5-8b24-01f078298cef@group-E95DC8E8582E: changes role from CANDIDATE to FOLLOWER at term 19 for DISCOVERED_A_NEW_TERM
2019-11-05 11:28:22,047 [687f579d-1680-4dd5-8b24-01f078298cef@group-E95DC8E8582E-LeaderElection41] INFO  impl.RoleInfo (RoleInfo.java:shutdownLeaderElection(134)) - 687f579d-1680-4dd5-8b24-01f078298cef: shutdown LeaderElection
2019-11-05 11:28:22,047 [687f579d-1680-4dd5-8b24-01f078298cef@group-E95DC8E8582E-LeaderElection41] INFO  impl.RoleInfo (RoleInfo.java:updateAndGet(143)) - 687f579d-1680-4dd5-8b24-01f078298cef: start FollowerState
2019-11-05 11:28:22,049 [Thread-618] INFO  impl.FollowerState (FollowerState.java:run(108)) - 687f579d-1680-4dd5-8b24-01f078298cef@group-E95DC8E8582E-FollowerState: change to CANDIDATE, lastRpcTime:2ms, electionTimeout:2ms
2019-11-05 11:28:22,050 [Thread-618] INFO  impl.RoleInfo (RoleInfo.java:shutdownFollowerState(121)) - 687f579d-1680-4dd5-8b24-01f078298cef: shutdown FollowerState
2019-11-05 11:28:22,050 [Thread-618] INFO  impl.RaftServerImpl (RaftServerImpl.java:setRole(184)) - 687f579d-1680-4dd5-8b24-01f078298cef@group-E95DC8E8582E: changes role from  FOLLOWER to CANDIDATE at term 19 for changeToCandidate
2019-11-05 11:28:22,050 [Thread-618] INFO  impl.RoleInfo (RoleInfo.java:updateAndGet(143)) - 687f579d-1680-4dd5-8b24-01f078298cef: start LeaderElection
2019-11-05 11:28:22,057 [687f579d-1680-4dd5-8b24-01f078298cef@group-E95DC8E8582E-LeaderElection42] INFO  impl.LeaderElection (LeaderElection.java:askForVotes(178)) - 687f579d-1680-4dd5-8b24-01f078298cef@group-E95DC8E8582E-LeaderElection42: begin an election at term 20 for -1: [90ecfa43-dab6-49d9-b30c-40ef62bfdf2a:192.168.157.252:34192, 687f579d-1680-4dd5-8b24-01f078298cef:192.168.157.252:37962, b8bf4e9b-064a-4520-981c-d6c40c833497:192.168.157.252:43407], old=null
2019-11-05 11:28:22,063 [grpc-default-executor-11] INFO  impl.RaftServerImpl (RaftServerImpl.java:setRole(184)) - 90ecfa43-dab6-49d9-b30c-40ef62bfdf2a@group-E95DC8E8582E: changes role from  FOLLOWER to FOLLOWER at term 20 for recognizeCandidate:687f579d-1680-4dd5-8b24-01f078298cef
2019-11-05 11:28:22,063 [grpc-default-executor-11] INFO  impl.RoleInfo (RoleInfo.java:shutdownFollowerState(121)) - 90ecfa43-dab6-49d9-b30c-40ef62bfdf2a: shutdown FollowerState
2019-11-05 11:28:22,063 [grpc-default-executor-1] INFO  impl.RaftServerImpl (RaftServerImpl.java:setRole(184)) - b8bf4e9b-064a-4520-981c-d6c40c833497@group-E95DC8E8582E: changes role from  FOLLOWER to FOLLOWER at term 20 for recognizeCandidate:687f579d-1680-4dd5-8b24-01f078298cef
2019-11-05 11:28:22,063 [Thread-617] INFO  impl.FollowerState (FollowerState.java:run(117)) - 90ecfa43-dab6-49d9-b30c-40ef62bfdf2a@group-E95DC8E8582E-FollowerState was interrupted: java.lang.InterruptedException: sleep interrupted
2019-11-05 11:28:22,063 [grpc-default-executor-11] INFO  impl.RoleInfo (RoleInfo.java:updateAndGet(143)) - 90ecfa43-dab6-49d9-b30c-40ef62bfdf2a: start FollowerState
2019-11-05 11:28:22,063 [grpc-default-executor-1] INFO  impl.RoleInfo (RoleInfo.java:shutdownFollowerState(121)) - b8bf4e9b-064a-4520-981c-d6c40c833497: shutdown FollowerState
2019-11-05 11:28:22,063 [grpc-default-executor-1] INFO  impl.RoleInfo (RoleInfo.java:updateAndGet(143)) - b8bf4e9b-064a-4520-981c-d6c40c833497: start FollowerState
2019-11-05 11:28:22,064 [Thread-616] INFO  impl.FollowerState (FollowerState.java:run(117)) - b8bf4e9b-064a-4520-981c-d6c40c833497@group-E95DC8E8582E-FollowerState was interrupted: java.lang.InterruptedException: sleep interrupted
2019-11-05 11:28:22,072 [687f579d-1680-4dd5-8b24-01f078298cef@group-E95DC8E8582E-LeaderElection42] INFO  impl.LeaderElection (LeaderElection.java:logAndReturn(56)) - 687f579d-1680-4dd5-8b24-01f078298cef@group-E95DC8E8582E-LeaderElection42: Election REJECTED; received 2 response(s) [687f579d-1680-4dd5-8b24-01f078298cef<-90ecfa43-dab6-49d9-b30c-40ef62bfdf2a#0:FAIL-t20, 687f579d-1680-4dd5-8b24-01f078298cef<-b8bf4e9b-064a-4520-981c-d6c40c833497#0:FAIL-t20] and 0 exception(s); 687f579d-1680-4dd5-8b24-01f078298cef@group-E95DC8E8582E:t20, leader=null, voted=687f579d-1680-4dd5-8b24-01f078298cef, raftlog=687f579d-1680-4dd5-8b24-01f078298cef@group-E95DC8E8582E-SegmentedRaftLog:OPENED:c-1,f-1,i0, conf=-1: [90ecfa43-dab6-49d9-b30c-40ef62bfdf2a:192.168.157.252:34192, 687f579d-1680-4dd5-8b24-01f078298cef:192.168.157.252:37962, b8bf4e9b-064a-4520-981c-d6c40c833497:192.168.157.252:43407], old=null
2019-11-05 11:28:22,077 [687f579d-1680-4dd5-8b24-01f078298cef@group-E95DC8E8582E-LeaderElection42] INFO  impl.RaftServerImpl (RaftServerImpl.java:setRole(184)) - 687f579d-1680-4dd5-8b24-01f078298cef@group-E95DC8E8582E: changes role from CANDIDATE to FOLLOWER at term 20 for DISCOVERED_A_NEW_TERM
2019-11-05 11:28:22,078 [687f579d-1680-4dd5-8b24-01f078298cef@group-E95DC8E8582E-LeaderElection42] INFO  impl.RoleInfo (RoleInfo.java:shutdownLeaderElection(134)) - 687f579d-1680-4dd5-8b24-01f078298cef: shutdown LeaderElection
2019-11-05 11:28:22,078 [687f579d-1680-4dd5-8b24-01f078298cef@group-E95DC8E8582E-LeaderElection42] INFO  impl.RoleInfo (RoleInfo.java:updateAndGet(143)) - 687f579d-1680-4dd5-8b24-01f078298cef: start FollowerState
2019-11-05 11:28:22,138 [Thread-607] INFO  impl.FollowerState (FollowerState.java:run(108)) - f7e9932d-fd96-469a-9353-68e47138e5ff@group-21C72E9484D5-FollowerState: change to CANDIDATE, lastRpcTime:163ms, electionTimeout:163ms
2019-11-05 11:28:22,138 [Thread-607] INFO  impl.RoleInfo (RoleInfo.java:shutdownFollowerState(121)) - f7e9932d-fd96-469a-9353-68e47138e5ff: shutdown FollowerState
2019-11-05 11:28:22,138 [Thread-607] INFO  impl.RaftServerImpl (RaftServerImpl.java:setRole(184)) - f7e9932d-fd96-469a-9353-68e47138e5ff@group-21C72E9484D5: changes role from  FOLLOWER to CANDIDATE at term 15 for changeToCandidate
2019-11-05 11:28:22,139 [Thread-607] INFO  impl.RoleInfo (RoleInfo.java:updateAndGet(143)) - f7e9932d-fd96-469a-9353-68e47138e5ff: start LeaderElection
2019-11-05 11:28:22,159 [f7e9932d-fd96-469a-9353-68e47138e5ff@group-21C72E9484D5-LeaderElection43] INFO  impl.LeaderElection (LeaderElection.java:askForVotes(178)) - f7e9932d-fd96-469a-9353-68e47138e5ff@group-21C72E9484D5-LeaderElection43: begin an election at term 16 for -1: [f7e9932d-fd96-469a-9353-68e47138e5ff:192.168.157.252:45025, 1eca16cc-5184-4e43-8e55-175d1516eae4:192.168.157.252:41127, 74a8fb36-eab9-4c53-b7cf-c565055de05a:192.168.157.252:42370], old=null
2019-11-05 11:28:22,165 [grpc-default-executor-11] INFO  impl.RaftServerImpl (RaftServerImpl.java:setRole(184)) - 1eca16cc-5184-4e43-8e55-175d1516eae4@group-21C72E9484D5: changes role from  FOLLOWER to FOLLOWER at term 16 for recognizeCandidate:f7e9932d-fd96-469a-9353-68e47138e5ff
2019-11-05 11:28:22,165 [grpc-default-executor-1] INFO  impl.RaftServerImpl (RaftServerImpl.java:setRole(184)) - 74a8fb36-eab9-4c53-b7cf-c565055de05a@group-21C72E9484D5: changes role from  FOLLOWER to FOLLOWER at term 16 for recognizeCandidate:f7e9932d-fd96-469a-9353-68e47138e5ff
2019-11-05 11:28:22,165 [grpc-default-executor-11] INFO  impl.RoleInfo (RoleInfo.java:shutdownFollowerState(121)) - 1eca16cc-5184-4e43-8e55-175d1516eae4: shutdown FollowerState
2019-11-05 11:28:22,166 [grpc-default-executor-11] INFO  impl.RoleInfo (RoleInfo.java:updateAndGet(143)) - 1eca16cc-5184-4e43-8e55-175d1516eae4: start FollowerState
2019-11-05 11:28:22,165 [grpc-default-executor-1] INFO  impl.RoleInfo (RoleInfo.java:shutdownFollowerState(121)) - 74a8fb36-eab9-4c53-b7cf-c565055de05a: shutdown FollowerState
2019-11-05 11:28:22,166 [Thread-605] INFO  impl.FollowerState (FollowerState.java:run(117)) - 1eca16cc-5184-4e43-8e55-175d1516eae4@group-21C72E9484D5-FollowerState was interrupted: java.lang.InterruptedException: sleep interrupted
2019-11-05 11:28:22,166 [Thread-604] INFO  impl.FollowerState (FollowerState.java:run(117)) - 74a8fb36-eab9-4c53-b7cf-c565055de05a@group-21C72E9484D5-FollowerState was interrupted: java.lang.InterruptedException: sleep interrupted
2019-11-05 11:28:22,166 [grpc-default-executor-1] INFO  impl.RoleInfo (RoleInfo.java:updateAndGet(143)) - 74a8fb36-eab9-4c53-b7cf-c565055de05a: start FollowerState
2019-11-05 11:28:22,176 [f7e9932d-fd96-469a-9353-68e47138e5ff@group-21C72E9484D5-LeaderElection43] INFO  impl.LeaderElection (LeaderElection.java:logAndReturn(56)) - f7e9932d-fd96-469a-9353-68e47138e5ff@group-21C72E9484D5-LeaderElection43: Election TIMEOUT; received 0 response(s) [] and 0 exception(s); f7e9932d-fd96-469a-9353-68e47138e5ff@group-21C72E9484D5:t16, leader=null, voted=f7e9932d-fd96-469a-9353-68e47138e5ff, raftlog=f7e9932d-fd96-469a-9353-68e47138e5ff@group-21C72E9484D5-SegmentedRaftLog:OPENED:c-1,f-1,i0, conf=-1: [f7e9932d-fd96-469a-9353-68e47138e5ff:192.168.157.252:45025, 1eca16cc-5184-4e43-8e55-175d1516eae4:192.168.157.252:41127, 74a8fb36-eab9-4c53-b7cf-c565055de05a:192.168.157.252:42370], old=null
2019-11-05 11:28:22,181 [f7e9932d-fd96-469a-9353-68e47138e5ff@group-21C72E9484D5-LeaderElection43] INFO  impl.LeaderElection (LeaderElection.java:askForVotes(178)) - f7e9932d-fd96-469a-9353-68e47138e5ff@group-21C72E9484D5-LeaderElection43: begin an election at term 17 for -1: [f7e9932d-fd96-469a-9353-68e47138e5ff:192.168.157.252:45025, 1eca16cc-5184-4e43-8e55-175d1516eae4:192.168.157.252:41127, 74a8fb36-eab9-4c53-b7cf-c565055de05a:192.168.157.252:42370], old=null
2019-11-05 11:28:22,185 [grpc-default-executor-1] INFO  impl.RaftServerImpl (RaftServerImpl.java:setRole(184)) - 74a8fb36-eab9-4c53-b7cf-c565055de05a@group-21C72E9484D5: changes role from  FOLLOWER to FOLLOWER at term 17 for recognizeCandidate:f7e9932d-fd96-469a-9353-68e47138e5ff
2019-11-05 11:28:22,186 [grpc-default-executor-11] INFO  impl.RaftServerImpl (RaftServerImpl.java:setRole(184)) - 1eca16cc-5184-4e43-8e55-175d1516eae4@group-21C72E9484D5: changes role from  FOLLOWER to FOLLOWER at term 17 for recognizeCandidate:f7e9932d-fd96-469a-9353-68e47138e5ff
2019-11-05 11:28:22,187 [grpc-default-executor-11] INFO  impl.RoleInfo (RoleInfo.java:shutdownFollowerState(121)) - 1eca16cc-5184-4e43-8e55-175d1516eae4: shutdown FollowerState
2019-11-05 11:28:22,187 [grpc-default-executor-11] INFO  impl.RoleInfo (RoleInfo.java:updateAndGet(143)) - 1eca16cc-5184-4e43-8e55-175d1516eae4: start FollowerState
2019-11-05 11:28:22,187 [grpc-default-executor-1] INFO  impl.RoleInfo (RoleInfo.java:shutdownFollowerState(121)) - 74a8fb36-eab9-4c53-b7cf-c565055de05a: shutdown FollowerState
2019-11-05 11:28:22,187 [grpc-default-executor-1] INFO  impl.RoleInfo (RoleInfo.java:updateAndGet(143)) - 74a8fb36-eab9-4c53-b7cf-c565055de05a: start FollowerState
2019-11-05 11:28:22,203 [Thread-629] INFO  impl.FollowerState (FollowerState.java:run(117)) - 1eca16cc-5184-4e43-8e55-175d1516eae4@group-21C72E9484D5-FollowerState was interrupted: java.lang.InterruptedException: sleep interrupted
2019-11-05 11:28:22,203 [Thread-630] INFO  impl.FollowerState (FollowerState.java:run(117)) - 74a8fb36-eab9-4c53-b7cf-c565055de05a@group-21C72E9484D5-FollowerState was interrupted: java.lang.InterruptedException: sleep interrupted
2019-11-05 11:28:22,212 [f7e9932d-fd96-469a-9353-68e47138e5ff@group-21C72E9484D5-LeaderElection43] INFO  impl.LeaderElection (LeaderElection.java:logAndReturn(56)) - f7e9932d-fd96-469a-9353-68e47138e5ff@group-21C72E9484D5-LeaderElection43: Election REJECTED; received 2 response(s) [f7e9932d-fd96-469a-9353-68e47138e5ff<-1eca16cc-5184-4e43-8e55-175d1516eae4#0:FAIL-t17, f7e9932d-fd96-469a-9353-68e47138e5ff<-74a8fb36-eab9-4c53-b7cf-c565055de05a#0:FAIL-t17] and 0 exception(s); f7e9932d-fd96-469a-9353-68e47138e5ff@group-21C72E9484D5:t17, leader=null, voted=f7e9932d-fd96-469a-9353-68e47138e5ff, raftlog=f7e9932d-fd96-469a-9353-68e47138e5ff@group-21C72E9484D5-SegmentedRaftLog:OPENED:c-1,f-1,i0, conf=-1: [f7e9932d-fd96-469a-9353-68e47138e5ff:192.168.157.252:45025, 1eca16cc-5184-4e43-8e55-175d1516eae4:192.168.157.252:41127, 74a8fb36-eab9-4c53-b7cf-c565055de05a:192.168.157.252:42370], old=null
2019-11-05 11:28:22,212 [f7e9932d-fd96-469a-9353-68e47138e5ff@group-21C72E9484D5-LeaderElection43] INFO  impl.RaftServerImpl (RaftServerImpl.java:setRole(184)) - f7e9932d-fd96-469a-9353-68e47138e5ff@group-21C72E9484D5: changes role from CANDIDATE to FOLLOWER at term 17 for DISCOVERED_A_NEW_TERM
2019-11-05 11:28:22,213 [f7e9932d-fd96-469a-9353-68e47138e5ff@group-21C72E9484D5-LeaderElection43] INFO  impl.RoleInfo (RoleInfo.java:shutdownLeaderElection(134)) - f7e9932d-fd96-469a-9353-68e47138e5ff: shutdown LeaderElection
2019-11-05 11:28:22,213 [f7e9932d-fd96-469a-9353-68e47138e5ff@group-21C72E9484D5-LeaderElection43] INFO  impl.RoleInfo (RoleInfo.java:updateAndGet(143)) - f7e9932d-fd96-469a-9353-68e47138e5ff: start FollowerState
2019-11-05 11:28:22,223 [Thread-624] INFO  impl.FollowerState (FollowerState.java:run(108)) - 687f579d-1680-4dd5-8b24-01f078298cef@group-E95DC8E8582E-FollowerState: change to CANDIDATE, lastRpcTime:145ms, electionTimeout:145ms
2019-11-05 11:28:22,224 [Thread-624] INFO  impl.RoleInfo (RoleInfo.java:shutdownFollowerState(121)) - 687f579d-1680-4dd5-8b24-01f078298cef: shutdown FollowerState
2019-11-05 11:28:22,224 [Thread-624] INFO  impl.RaftServerImpl (RaftServerImpl.java:setRole(184)) - 687f579d-1680-4dd5-8b24-01f078298cef@group-E95DC8E8582E: changes role from  FOLLOWER to CANDIDATE at term 20 for changeToCandidate
2019-11-05 11:28:22,224 [Thread-624] INFO  impl.RoleInfo (RoleInfo.java:updateAndGet(143)) - 687f579d-1680-4dd5-8b24-01f078298cef: start LeaderElection
2019-11-05 11:28:22,234 [687f579d-1680-4dd5-8b24-01f078298cef@group-E95DC8E8582E-LeaderElection44] INFO  impl.LeaderElection (LeaderElection.java:askForVotes(178)) - 687f579d-1680-4dd5-8b24-01f078298cef@group-E95DC8E8582E-LeaderElection44: begin an election at term 21 for -1: [90ecfa43-dab6-49d9-b30c-40ef62bfdf2a:192.168.157.252:34192, 687f579d-1680-4dd5-8b24-01f078298cef:192.168.157.252:37962, b8bf4e9b-064a-4520-981c-d6c40c833497:192.168.157.252:43407], old=null
2019-11-05 11:28:22,239 [grpc-default-executor-11] INFO  impl.RaftServerImpl (RaftServerImpl.java:setRole(184)) - 90ecfa43-dab6-49d9-b30c-40ef62bfdf2a@group-E95DC8E8582E: changes role from  FOLLOWER to FOLLOWER at term 21 for recognizeCandidate:687f579d-1680-4dd5-8b24-01f078298cef
2019-11-05 11:28:22,239 [grpc-default-executor-11] INFO  impl.RoleInfo (RoleInfo.java:shutdownFollowerState(121)) - 90ecfa43-dab6-49d9-b30c-40ef62bfdf2a: shutdown FollowerState
2019-11-05 11:28:22,239 [grpc-default-executor-1] INFO  impl.RaftServerImpl (RaftServerImpl.java:setRole(184)) - b8bf4e9b-064a-4520-981c-d6c40c833497@group-E95DC8E8582E: changes role from  FOLLOWER to FOLLOWER at term 21 for recognizeCandidate:687f579d-1680-4dd5-8b24-01f078298cef
2019-11-05 11:28:22,239 [grpc-default-executor-1] INFO  impl.RoleInfo (RoleInfo.java:shutdownFollowerState(121)) - b8bf4e9b-064a-4520-981c-d6c40c833497: shutdown FollowerState
2019-11-05 11:28:22,239 [grpc-default-executor-11] INFO  impl.RoleInfo (RoleInfo.java:updateAndGet(143)) - 90ecfa43-dab6-49d9-b30c-40ef62bfdf2a: start FollowerState
2019-11-05 11:28:22,239 [Thread-623] INFO  impl.FollowerState (FollowerState.java:run(117)) - b8bf4e9b-064a-4520-981c-d6c40c833497@group-E95DC8E8582E-FollowerState was interrupted: java.lang.InterruptedException: sleep interrupted
2019-11-05 11:28:22,239 [grpc-default-executor-1] INFO  impl.RoleInfo (RoleInfo.java:updateAndGet(143)) - b8bf4e9b-064a-4520-981c-d6c40c833497: start FollowerState
2019-11-05 11:28:22,239 [Thread-622] INFO  impl.FollowerState (FollowerState.java:run(117)) - 90ecfa43-dab6-49d9-b30c-40ef62bfdf2a@group-E95DC8E8582E-FollowerState was interrupted: java.lang.InterruptedException: sleep interrupted
2019-11-05 11:28:22,245 [687f579d-1680-4dd5-8b24-01f078298cef@group-E95DC8E8582E-LeaderElection44] INFO  impl.LeaderElection (LeaderElection.java:logAndReturn(56)) - 687f579d-1680-4dd5-8b24-01f078298cef@group-E95DC8E8582E-LeaderElection44: Election TIMEOUT; received 0 response(s) [] and 0 exception(s); 687f579d-1680-4dd5-8b24-01f078298cef@group-E95DC8E8582E:t21, leader=null, voted=687f579d-1680-4dd5-8b24-01f078298cef, raftlog=687f579d-1680-4dd5-8b24-01f078298cef@group-E95DC8E8582E-SegmentedRaftLog:OPENED:c-1,f-1,i0, conf=-1: [90ecfa43-dab6-49d9-b30c-40ef62bfdf2a:192.168.157.252:34192, 687f579d-1680-4dd5-8b24-01f078298cef:192.168.157.252:37962, b8bf4e9b-064a-4520-981c-d6c40c833497:192.168.157.252:43407], old=null
2019-11-05 11:28:22,270 [687f579d-1680-4dd5-8b24-01f078298cef@group-E95DC8E8582E-LeaderElection44] INFO  impl.LeaderElection (LeaderElection.java:askForVotes(178)) - 687f579d-1680-4dd5-8b24-01f078298cef@group-E95DC8E8582E-LeaderElection44: begin an election at term 22 for -1: [90ecfa43-dab6-49d9-b30c-40ef62bfdf2a:192.168.157.252:34192, 687f579d-1680-4dd5-8b24-01f078298cef:192.168.157.252:37962, b8bf4e9b-064a-4520-981c-d6c40c833497:192.168.157.252:43407], old=null
2019-11-05 11:28:22,298 [grpc-default-executor-1] INFO  impl.RaftServerImpl (RaftServerImpl.java:setRole(184)) - 90ecfa43-dab6-49d9-b30c-40ef62bfdf2a@group-E95DC8E8582E: changes role from  FOLLOWER to FOLLOWER at term 22 for recognizeCandidate:687f579d-1680-4dd5-8b24-01f078298cef
2019-11-05 11:28:22,300 [grpc-default-executor-1] INFO  impl.RoleInfo (RoleInfo.java:shutdownFollowerState(121)) - 90ecfa43-dab6-49d9-b30c-40ef62bfdf2a: shutdown FollowerState
2019-11-05 11:28:22,300 [grpc-default-executor-1] INFO  impl.RoleInfo (RoleInfo.java:updateAndGet(143)) - 90ecfa43-dab6-49d9-b30c-40ef62bfdf2a: start FollowerState
2019-11-05 11:28:22,299 [grpc-default-executor-11] INFO  impl.RaftServerImpl (RaftServerImpl.java:setRole(184)) - b8bf4e9b-064a-4520-981c-d6c40c833497@group-E95DC8E8582E: changes role from  FOLLOWER to FOLLOWER at term 22 for recognizeCandidate:687f579d-1680-4dd5-8b24-01f078298cef
2019-11-05 11:28:22,300 [grpc-default-executor-11] INFO  impl.RoleInfo (RoleInfo.java:shutdownFollowerState(121)) - b8bf4e9b-064a-4520-981c-d6c40c833497: shutdown FollowerState
2019-11-05 11:28:22,302 [grpc-default-executor-11] INFO  impl.RoleInfo (RoleInfo.java:updateAndGet(143)) - b8bf4e9b-064a-4520-981c-d6c40c833497: start FollowerState
2019-11-05 11:28:22,303 [687f579d-1680-4dd5-8b24-01f078298cef@group-E95DC8E8582E-LeaderElection44] INFO  impl.LeaderElection (LeaderElection.java:logAndReturn(56)) - 687f579d-1680-4dd5-8b24-01f078298cef@group-E95DC8E8582E-LeaderElection44: Election TIMEOUT; received 0 response(s) [] and 0 exception(s); 687f579d-1680-4dd5-8b24-01f078298cef@group-E95DC8E8582E:t22, leader=null, voted=687f579d-1680-4dd5-8b24-01f078298cef, raftlog=687f579d-1680-4dd5-8b24-01f078298cef@group-E95DC8E8582E-SegmentedRaftLog:OPENED:c-1,f-1,i0, conf=-1: [90ecfa43-dab6-49d9-b30c-40ef62bfdf2a:192.168.157.252:34192, 687f579d-1680-4dd5-8b24-01f078298cef:192.168.157.252:37962, b8bf4e9b-064a-4520-981c-d6c40c833497:192.168.157.252:43407], old=null
2019-11-05 11:28:22,305 [Thread-640] INFO  impl.FollowerState (FollowerState.java:run(117)) - 90ecfa43-dab6-49d9-b30c-40ef62bfdf2a@group-E95DC8E8582E-FollowerState was interrupted: java.lang.InterruptedException: sleep interrupted
2019-11-05 11:28:22,305 [Thread-641] INFO  impl.FollowerState (FollowerState.java:run(117)) - b8bf4e9b-064a-4520-981c-d6c40c833497@group-E95DC8E8582E-FollowerState was interrupted: java.lang.InterruptedException: sleep interrupted
2019-11-05 11:28:22,310 [687f579d-1680-4dd5-8b24-01f078298cef@group-E95DC8E8582E-LeaderElection44] INFO  impl.LeaderElection (LeaderElection.java:askForVotes(178)) - 687f579d-1680-4dd5-8b24-01f078298cef@group-E95DC8E8582E-LeaderElection44: begin an election at term 23 for -1: [90ecfa43-dab6-49d9-b30c-40ef62bfdf2a:192.168.157.252:34192, 687f579d-1680-4dd5-8b24-01f078298cef:192.168.157.252:37962, b8bf4e9b-064a-4520-981c-d6c40c833497:192.168.157.252:43407], old=null
2019-11-05 11:28:22,330 [grpc-default-executor-1] INFO  impl.RaftServerImpl (RaftServerImpl.java:setRole(184)) - b8bf4e9b-064a-4520-981c-d6c40c833497@group-E95DC8E8582E: changes role from  FOLLOWER to FOLLOWER at term 23 for recognizeCandidate:687f579d-1680-4dd5-8b24-01f078298cef
2019-11-05 11:28:22,330 [grpc-default-executor-1] INFO  impl.RoleInfo (RoleInfo.java:shutdownFollowerState(121)) - b8bf4e9b-064a-4520-981c-d6c40c833497: shutdown FollowerState
2019-11-05 11:28:22,330 [grpc-default-executor-1] INFO  impl.RoleInfo (RoleInfo.java:updateAndGet(143)) - b8bf4e9b-064a-4520-981c-d6c40c833497: start FollowerState
2019-11-05 11:28:22,331 [687f579d-1680-4dd5-8b24-01f078298cef@group-E95DC8E8582E-LeaderElection44] INFO  impl.LeaderElection (LeaderElection.java:logAndReturn(56)) - 687f579d-1680-4dd5-8b24-01f078298cef@group-E95DC8E8582E-LeaderElection44: Election TIMEOUT; received 0 response(s) [] and 0 exception(s); 687f579d-1680-4dd5-8b24-01f078298cef@group-E95DC8E8582E:t23, leader=null, voted=687f579d-1680-4dd5-8b24-01f078298cef, raftlog=687f579d-1680-4dd5-8b24-01f078298cef@group-E95DC8E8582E-SegmentedRaftLog:OPENED:c-1,f-1,i0, conf=-1: [90ecfa43-dab6-49d9-b30c-40ef62bfdf2a:192.168.157.252:34192, 687f579d-1680-4dd5-8b24-01f078298cef:192.168.157.252:37962, b8bf4e9b-064a-4520-981c-d6c40c833497:192.168.157.252:43407], old=null
2019-11-05 11:28:22,356 [Thread-645] INFO  impl.FollowerState (FollowerState.java:run(117)) - b8bf4e9b-064a-4520-981c-d6c40c833497@group-E95DC8E8582E-FollowerState was interrupted: java.lang.InterruptedException: sleep interrupted
2019-11-05 11:28:22,371 [grpc-default-executor-1] INFO  impl.RaftServerImpl (RaftServerImpl.java:setRole(184)) - 90ecfa43-dab6-49d9-b30c-40ef62bfdf2a@group-E95DC8E8582E: changes role from  FOLLOWER to FOLLOWER at term 23 for recognizeCandidate:687f579d-1680-4dd5-8b24-01f078298cef
2019-11-05 11:28:22,371 [grpc-default-executor-1] INFO  impl.RoleInfo (RoleInfo.java:shutdownFollowerState(121)) - 90ecfa43-dab6-49d9-b30c-40ef62bfdf2a: shutdown FollowerState
2019-11-05 11:28:22,371 [Thread-644] INFO  impl.FollowerState (FollowerState.java:run(117)) - 90ecfa43-dab6-49d9-b30c-40ef62bfdf2a@group-E95DC8E8582E-FollowerState was interrupted: java.lang.InterruptedException: sleep interrupted
2019-11-05 11:28:22,371 [grpc-default-executor-1] INFO  impl.RoleInfo (RoleInfo.java:updateAndGet(143)) - 90ecfa43-dab6-49d9-b30c-40ef62bfdf2a: start FollowerState
2019-11-05 11:28:22,400 [687f579d-1680-4dd5-8b24-01f078298cef@group-E95DC8E8582E-LeaderElection44] INFO  impl.LeaderElection (LeaderElection.java:askForVotes(178)) - 687f579d-1680-4dd5-8b24-01f078298cef@group-E95DC8E8582E-LeaderElection44: begin an election at term 24 for -1: [90ecfa43-dab6-49d9-b30c-40ef62bfdf2a:192.168.157.252:34192, 687f579d-1680-4dd5-8b24-01f078298cef:192.168.157.252:37962, b8bf4e9b-064a-4520-981c-d6c40c833497:192.168.157.252:43407], old=null
2019-11-05 11:28:22,406 [Thread-636] INFO  impl.FollowerState (FollowerState.java:run(108)) - f7e9932d-fd96-469a-9353-68e47138e5ff@group-21C72E9484D5-FollowerState: change to CANDIDATE, lastRpcTime:192ms, electionTimeout:190ms
2019-11-05 11:28:22,406 [Thread-636] INFO  impl.RoleInfo (RoleInfo.java:shutdownFollowerState(121)) - f7e9932d-fd96-469a-9353-68e47138e5ff: shutdown FollowerState
2019-11-05 11:28:22,406 [Thread-636] INFO  impl.RaftServerImpl (RaftServerImpl.java:setRole(184)) - f7e9932d-fd96-469a-9353-68e47138e5ff@group-21C72E9484D5: changes role from  FOLLOWER to CANDIDATE at term 17 for changeToCandidate
2019-11-05 11:28:22,407 [grpc-default-executor-1] INFO  impl.RaftServerImpl (RaftServerImpl.java:setRole(184)) - 90ecfa43-dab6-49d9-b30c-40ef62bfdf2a@group-E95DC8E8582E: changes role from  FOLLOWER to FOLLOWER at term 24 for recognizeCandidate:687f579d-1680-4dd5-8b24-01f078298cef
2019-11-05 11:28:22,407 [grpc-default-executor-1] INFO  impl.RoleInfo (RoleInfo.java:shutdownFollowerState(121)) - 90ecfa43-dab6-49d9-b30c-40ef62bfdf2a: shutdown FollowerState
2019-11-05 11:28:22,407 [grpc-default-executor-1] INFO  impl.RoleInfo (RoleInfo.java:updateAndGet(143)) - 90ecfa43-dab6-49d9-b30c-40ef62bfdf2a: start FollowerState
2019-11-05 11:28:22,407 [Thread-650] INFO  impl.FollowerState (FollowerState.java:run(117)) - 90ecfa43-dab6-49d9-b30c-40ef62bfdf2a@group-E95DC8E8582E-FollowerState was interrupted: java.lang.InterruptedException: sleep interrupted
2019-11-05 11:28:22,407 [Thread-636] INFO  impl.RoleInfo (RoleInfo.java:updateAndGet(143)) - f7e9932d-fd96-469a-9353-68e47138e5ff: start LeaderElection
2019-11-05 11:28:22,410 [grpc-default-executor-2] INFO  impl.RaftServerImpl (RaftServerImpl.java:setRole(184)) - b8bf4e9b-064a-4520-981c-d6c40c833497@group-E95DC8E8582E: changes role from  FOLLOWER to FOLLOWER at term 24 for recognizeCandidate:687f579d-1680-4dd5-8b24-01f078298cef
2019-11-05 11:28:22,427 [grpc-default-executor-2] INFO  impl.RoleInfo (RoleInfo.java:shutdownFollowerState(121)) - b8bf4e9b-064a-4520-981c-d6c40c833497: shutdown FollowerState
2019-11-05 11:28:22,429 [Thread-648] INFO  impl.FollowerState (FollowerState.java:run(117)) - b8bf4e9b-064a-4520-981c-d6c40c833497@group-E95DC8E8582E-FollowerState was interrupted: java.lang.InterruptedException: sleep interrupted
2019-11-05 11:28:22,430 [grpc-default-executor-2] INFO  impl.RoleInfo (RoleInfo.java:updateAndGet(143)) - b8bf4e9b-064a-4520-981c-d6c40c833497: start FollowerState
2019-11-05 11:28:22,437 [687f579d-1680-4dd5-8b24-01f078298cef@group-E95DC8E8582E-LeaderElection44] INFO  impl.LeaderElection (LeaderElection.java:logAndReturn(56)) - 687f579d-1680-4dd5-8b24-01f078298cef@group-E95DC8E8582E-LeaderElection44: Election TIMEOUT; received 1 response(s) [687f579d-1680-4dd5-8b24-01f078298cef<-90ecfa43-dab6-49d9-b30c-40ef62bfdf2a#0:FAIL-t24] and 0 exception(s); 687f579d-1680-4dd5-8b24-01f078298cef@group-E95DC8E8582E:t24, leader=null, voted=687f579d-1680-4dd5-8b24-01f078298cef, raftlog=687f579d-1680-4dd5-8b24-01f078298cef@group-E95DC8E8582E-SegmentedRaftLog:OPENED:c-1,f-1,i0, conf=-1: [90ecfa43-dab6-49d9-b30c-40ef62bfdf2a:192.168.157.252:34192, 687f579d-1680-4dd5-8b24-01f078298cef:192.168.157.252:37962, b8bf4e9b-064a-4520-981c-d6c40c833497:192.168.157.252:43407], old=null
2019-11-05 11:28:22,450 [687f579d-1680-4dd5-8b24-01f078298cef@group-E95DC8E8582E-LeaderElection44] INFO  impl.LeaderElection (LeaderElection.java:askForVotes(178)) - 687f579d-1680-4dd5-8b24-01f078298cef@group-E95DC8E8582E-LeaderElection44: begin an election at term 25 for -1: [90ecfa43-dab6-49d9-b30c-40ef62bfdf2a:192.168.157.252:34192, 687f579d-1680-4dd5-8b24-01f078298cef:192.168.157.252:37962, b8bf4e9b-064a-4520-981c-d6c40c833497:192.168.157.252:43407], old=null
2019-11-05 11:28:22,450 [f7e9932d-fd96-469a-9353-68e47138e5ff@group-21C72E9484D5-LeaderElection45] INFO  impl.LeaderElection (LeaderElection.java:askForVotes(178)) - f7e9932d-fd96-469a-9353-68e47138e5ff@group-21C72E9484D5-LeaderElection45: begin an election at term 18 for -1: [f7e9932d-fd96-469a-9353-68e47138e5ff:192.168.157.252:45025, 1eca16cc-5184-4e43-8e55-175d1516eae4:192.168.157.252:41127, 74a8fb36-eab9-4c53-b7cf-c565055de05a:192.168.157.252:42370], old=null
2019-11-05 11:28:22,452 [grpc-default-executor-1] INFO  impl.RaftServerImpl (RaftServerImpl.java:setRole(184)) - 1eca16cc-5184-4e43-8e55-175d1516eae4@group-21C72E9484D5: changes role from  FOLLOWER to FOLLOWER at term 18 for recognizeCandidate:f7e9932d-fd96-469a-9353-68e47138e5ff
2019-11-05 11:28:22,452 [grpc-default-executor-2] INFO  impl.RaftServerImpl (RaftServerImpl.java:setRole(184)) - 90ecfa43-dab6-49d9-b30c-40ef62bfdf2a@group-E95DC8E8582E: changes role from  FOLLOWER to FOLLOWER at term 25 for recognizeCandidate:687f579d-1680-4dd5-8b24-01f078298cef
2019-11-05 11:28:22,452 [grpc-default-executor-9] INFO  impl.RaftServerImpl (RaftServerImpl.java:setRole(184)) - 74a8fb36-eab9-4c53-b7cf-c565055de05a@group-21C72E9484D5: changes role from  FOLLOWER to FOLLOWER at term 18 for recognizeCandidate:f7e9932d-fd96-469a-9353-68e47138e5ff
2019-11-05 11:28:22,452 [grpc-default-executor-11] INFO  impl.RaftServerImpl (RaftServerImpl.java:setRole(184)) - b8bf4e9b-064a-4520-981c-d6c40c833497@group-E95DC8E8582E: changes role from  FOLLOWER to FOLLOWER at term 25 for recognizeCandidate:687f579d-1680-4dd5-8b24-01f078298cef
2019-11-05 11:28:22,452 [grpc-default-executor-1] INFO  impl.RoleInfo (RoleInfo.java:shutdownFollowerState(121)) - 1eca16cc-5184-4e43-8e55-175d1516eae4: shutdown FollowerState
2019-11-05 11:28:22,453 [grpc-default-executor-11] INFO  impl.RoleInfo (RoleInfo.java:shutdownFollowerState(121)) - b8bf4e9b-064a-4520-981c-d6c40c833497: shutdown FollowerState
2019-11-05 11:28:22,453 [grpc-default-executor-9] INFO  impl.RoleInfo (RoleInfo.java:shutdownFollowerState(121)) - 74a8fb36-eab9-4c53-b7cf-c565055de05a: shutdown FollowerState
2019-11-05 11:28:22,453 [grpc-default-executor-2] INFO  impl.RoleInfo (RoleInfo.java:shutdownFollowerState(121)) - 90ecfa43-dab6-49d9-b30c-40ef62bfdf2a: shutdown FollowerState
2019-11-05 11:28:22,453 [grpc-default-executor-9] INFO  impl.RoleInfo (RoleInfo.java:updateAndGet(143)) - 74a8fb36-eab9-4c53-b7cf-c565055de05a: start FollowerState
2019-11-05 11:28:22,453 [Thread-634] INFO  impl.FollowerState (FollowerState.java:run(117)) - 74a8fb36-eab9-4c53-b7cf-c565055de05a@group-21C72E9484D5-FollowerState was interrupted: java.lang.InterruptedException: sleep interrupted
2019-11-05 11:28:22,453 [Thread-656] INFO  impl.FollowerState (FollowerState.java:run(117)) - b8bf4e9b-064a-4520-981c-d6c40c833497@group-E95DC8E8582E-FollowerState was interrupted: java.lang.InterruptedException: sleep interrupted
2019-11-05 11:28:22,453 [grpc-default-executor-11] INFO  impl.RoleInfo (RoleInfo.java:updateAndGet(143)) - b8bf4e9b-064a-4520-981c-d6c40c833497: start FollowerState
2019-11-05 11:28:22,453 [Thread-633] INFO  impl.FollowerState (FollowerState.java:run(117)) - 1eca16cc-5184-4e43-8e55-175d1516eae4@group-21C72E9484D5-FollowerState was interrupted: java.lang.InterruptedException: sleep interrupted
2019-11-05 11:28:22,453 [grpc-default-executor-1] INFO  impl.RoleInfo (RoleInfo.java:updateAndGet(143)) - 1eca16cc-5184-4e43-8e55-175d1516eae4: start FollowerState
2019-11-05 11:28:22,453 [Thread-654] INFO  impl.FollowerState (FollowerState.java:run(117)) - 90ecfa43-dab6-49d9-b30c-40ef62bfdf2a@group-E95DC8E8582E-FollowerState was interrupted: java.lang.InterruptedException: sleep interrupted
2019-11-05 11:28:22,453 [grpc-default-executor-2] INFO  impl.RoleInfo (RoleInfo.java:updateAndGet(143)) - 90ecfa43-dab6-49d9-b30c-40ef62bfdf2a: start FollowerState
2019-11-05 11:28:22,465 [687f579d-1680-4dd5-8b24-01f078298cef@group-E95DC8E8582E-LeaderElection44] INFO  impl.LeaderElection (LeaderElection.java:logAndReturn(56)) - 687f579d-1680-4dd5-8b24-01f078298cef@group-E95DC8E8582E-LeaderElection44: Election REJECTED; received 2 response(s) [687f579d-1680-4dd5-8b24-01f078298cef<-90ecfa43-dab6-49d9-b30c-40ef62bfdf2a#0:FAIL-t25, 687f579d-1680-4dd5-8b24-01f078298cef<-b8bf4e9b-064a-4520-981c-d6c40c833497#0:FAIL-t25] and 0 exception(s); 687f579d-1680-4dd5-8b24-01f078298cef@group-E95DC8E8582E:t25, leader=null, voted=687f579d-1680-4dd5-8b24-01f078298cef, raftlog=687f579d-1680-4dd5-8b24-01f078298cef@group-E95DC8E8582E-SegmentedRaftLog:OPENED:c-1,f-1,i0, conf=-1: [90ecfa43-dab6-49d9-b30c-40ef62bfdf2a:192.168.157.252:34192, 687f579d-1680-4dd5-8b24-01f078298cef:192.168.157.252:37962, b8bf4e9b-064a-4520-981c-d6c40c833497:192.168.157.252:43407], old=null
2019-11-05 11:28:22,465 [f7e9932d-fd96-469a-9353-68e47138e5ff@group-21C72E9484D5-LeaderElection45] INFO  impl.LeaderElection (LeaderElection.java:logAndReturn(56)) - f7e9932d-fd96-469a-9353-68e47138e5ff@group-21C72E9484D5-LeaderElection45: Election REJECTED; received 2 response(s) [f7e9932d-fd96-469a-9353-68e47138e5ff<-1eca16cc-5184-4e43-8e55-175d1516eae4#0:FAIL-t18, f7e9932d-fd96-469a-9353-68e47138e5ff<-74a8fb36-eab9-4c53-b7cf-c565055de05a#0:FAIL-t18] and 0 exception(s); f7e9932d-fd96-469a-9353-68e47138e5ff@group-21C72E9484D5:t18, leader=null, voted=f7e9932d-fd96-469a-9353-68e47138e5ff, raftlog=f7e9932d-fd96-469a-9353-68e47138e5ff@group-21C72E9484D5-SegmentedRaftLog:OPENED:c-1,f-1,i0, conf=-1: [f7e9932d-fd96-469a-9353-68e47138e5ff:192.168.157.252:45025, 1eca16cc-5184-4e43-8e55-175d1516eae4:192.168.157.252:41127, 74a8fb36-eab9-4c53-b7cf-c565055de05a:192.168.157.252:42370], old=null
2019-11-05 11:28:22,465 [687f579d-1680-4dd5-8b24-01f078298cef@group-E95DC8E8582E-LeaderElection44] INFO  impl.RaftServerImpl (RaftServerImpl.java:setRole(184)) - 687f579d-1680-4dd5-8b24-01f078298cef@group-E95DC8E8582E: changes role from CANDIDATE to FOLLOWER at term 25 for DISCOVERED_A_NEW_TERM
2019-11-05 11:28:22,465 [f7e9932d-fd96-469a-9353-68e47138e5ff@group-21C72E9484D5-LeaderElection45] INFO  impl.RaftServerImpl (RaftServerImpl.java:setRole(184)) - f7e9932d-fd96-469a-9353-68e47138e5ff@group-21C72E9484D5: changes role from CANDIDATE to FOLLOWER at term 18 for DISCOVERED_A_NEW_TERM
2019-11-05 11:28:22,465 [687f579d-1680-4dd5-8b24-01f078298cef@group-E95DC8E8582E-LeaderElection44] INFO  impl.RoleInfo (RoleInfo.java:shutdownLeaderElection(134)) - 687f579d-1680-4dd5-8b24-01f078298cef: shutdown LeaderElection
2019-11-05 11:28:22,465 [f7e9932d-fd96-469a-9353-68e47138e5ff@group-21C72E9484D5-LeaderElection45] INFO  impl.RoleInfo (RoleInfo.java:shutdownLeaderElection(134)) - f7e9932d-fd96-469a-9353-68e47138e5ff: shutdown LeaderElection
2019-11-05 11:28:22,465 [687f579d-1680-4dd5-8b24-01f078298cef@group-E95DC8E8582E-LeaderElection44] INFO  impl.RoleInfo (RoleInfo.java:updateAndGet(143)) - 687f579d-1680-4dd5-8b24-01f078298cef: start FollowerState
2019-11-05 11:28:22,466 [f7e9932d-fd96-469a-9353-68e47138e5ff@group-21C72E9484D5-LeaderElection45] INFO  impl.RoleInfo (RoleInfo.java:updateAndGet(143)) - f7e9932d-fd96-469a-9353-68e47138e5ff: start FollowerState
2019-11-05 11:28:22,596 [Thread-666] INFO  impl.FollowerState (FollowerState.java:run(108)) - f7e9932d-fd96-469a-9353-68e47138e5ff@group-21C72E9484D5-FollowerState: change to CANDIDATE, lastRpcTime:130ms, electionTimeout:130ms
2019-11-05 11:28:22,596 [Thread-666] INFO  impl.RoleInfo (RoleInfo.java:shutdownFollowerState(121)) - f7e9932d-fd96-469a-9353-68e47138e5ff: shutdown FollowerState
2019-11-05 11:28:22,597 [Thread-666] INFO  impl.RaftServerImpl (RaftServerImpl.java:setRole(184)) - f7e9932d-fd96-469a-9353-68e47138e5ff@group-21C72E9484D5: changes role from  FOLLOWER to CANDIDATE at term 18 for changeToCandidate
2019-11-05 11:28:22,597 [Thread-666] INFO  impl.RoleInfo (RoleInfo.java:updateAndGet(143)) - f7e9932d-fd96-469a-9353-68e47138e5ff: start LeaderElection
2019-11-05 11:28:22,604 [f7e9932d-fd96-469a-9353-68e47138e5ff@group-21C72E9484D5-LeaderElection46] INFO  impl.LeaderElection (LeaderElection.java:askForVotes(178)) - f7e9932d-fd96-469a-9353-68e47138e5ff@group-21C72E9484D5-LeaderElection46: begin an election at term 19 for -1: [f7e9932d-fd96-469a-9353-68e47138e5ff:192.168.157.252:45025, 1eca16cc-5184-4e43-8e55-175d1516eae4:192.168.157.252:41127, 74a8fb36-eab9-4c53-b7cf-c565055de05a:192.168.157.252:42370], old=null
2019-11-05 11:28:22,608 [grpc-default-executor-11] INFO  impl.RaftServerImpl (RaftServerImpl.java:setRole(184)) - 1eca16cc-5184-4e43-8e55-175d1516eae4@group-21C72E9484D5: changes role from  FOLLOWER to FOLLOWER at term 19 for recognizeCandidate:f7e9932d-fd96-469a-9353-68e47138e5ff
2019-11-05 11:28:22,608 [grpc-default-executor-11] INFO  impl.RoleInfo (RoleInfo.java:shutdownFollowerState(121)) - 1eca16cc-5184-4e43-8e55-175d1516eae4: shutdown FollowerState
2019-11-05 11:28:22,609 [grpc-default-executor-11] INFO  impl.RoleInfo (RoleInfo.java:updateAndGet(143)) - 1eca16cc-5184-4e43-8e55-175d1516eae4: start FollowerState
2019-11-05 11:28:22,610 [Thread-661] INFO  impl.FollowerState (FollowerState.java:run(117)) - 1eca16cc-5184-4e43-8e55-175d1516eae4@group-21C72E9484D5-FollowerState was interrupted: java.lang.InterruptedException: sleep interrupted
2019-11-05 11:28:22,613 [grpc-default-executor-1] INFO  impl.RaftServerImpl (RaftServerImpl.java:setRole(184)) - 74a8fb36-eab9-4c53-b7cf-c565055de05a@group-21C72E9484D5: changes role from  FOLLOWER to FOLLOWER at term 19 for recognizeCandidate:f7e9932d-fd96-469a-9353-68e47138e5ff
2019-11-05 11:28:22,613 [grpc-default-executor-1] INFO  impl.RoleInfo (RoleInfo.java:shutdownFollowerState(121)) - 74a8fb36-eab9-4c53-b7cf-c565055de05a: shutdown FollowerState
2019-11-05 11:28:22,613 [grpc-default-executor-1] INFO  impl.RoleInfo (RoleInfo.java:updateAndGet(143)) - 74a8fb36-eab9-4c53-b7cf-c565055de05a: start FollowerState
2019-11-05 11:28:22,613 [Thread-663] INFO  impl.FollowerState (FollowerState.java:run(117)) - 74a8fb36-eab9-4c53-b7cf-c565055de05a@group-21C72E9484D5-FollowerState was interrupted: java.lang.InterruptedException: sleep interrupted
2019-11-05 11:28:22,619 [f7e9932d-fd96-469a-9353-68e47138e5ff@group-21C72E9484D5-LeaderElection46] INFO  impl.LeaderElection (LeaderElection.java:logAndReturn(56)) - f7e9932d-fd96-469a-9353-68e47138e5ff@group-21C72E9484D5-LeaderElection46: Election REJECTED; received 2 response(s) [f7e9932d-fd96-469a-9353-68e47138e5ff<-1eca16cc-5184-4e43-8e55-175d1516eae4#0:FAIL-t19, f7e9932d-fd96-469a-9353-68e47138e5ff<-74a8fb36-eab9-4c53-b7cf-c565055de05a#0:FAIL-t19] and 0 exception(s); f7e9932d-fd96-469a-9353-68e47138e5ff@group-21C72E9484D5:t19, leader=null, voted=f7e9932d-fd96-469a-9353-68e47138e5ff, raftlog=f7e9932d-fd96-469a-9353-68e47138e5ff@group-21C72E9484D5-SegmentedRaftLog:OPENED:c-1,f-1,i0, conf=-1: [f7e9932d-fd96-469a-9353-68e47138e5ff:192.168.157.252:45025, 1eca16cc-5184-4e43-8e55-175d1516eae4:192.168.157.252:41127, 74a8fb36-eab9-4c53-b7cf-c565055de05a:192.168.157.252:42370], old=null
2019-11-05 11:28:22,620 [f7e9932d-fd96-469a-9353-68e47138e5ff@group-21C72E9484D5-LeaderElection46] INFO  impl.RaftServerImpl (RaftServerImpl.java:setRole(184)) - f7e9932d-fd96-469a-9353-68e47138e5ff@group-21C72E9484D5: changes role from CANDIDATE to FOLLOWER at term 19 for DISCOVERED_A_NEW_TERM
2019-11-05 11:28:22,620 [f7e9932d-fd96-469a-9353-68e47138e5ff@group-21C72E9484D5-LeaderElection46] INFO  impl.RoleInfo (RoleInfo.java:shutdownLeaderElection(134)) - f7e9932d-fd96-469a-9353-68e47138e5ff: shutdown LeaderElection
2019-11-05 11:28:22,620 [f7e9932d-fd96-469a-9353-68e47138e5ff@group-21C72E9484D5-LeaderElection46] INFO  impl.RoleInfo (RoleInfo.java:updateAndGet(143)) - f7e9932d-fd96-469a-9353-68e47138e5ff: start FollowerState
2019-11-05 11:28:22,644 [Thread-672] INFO  impl.FollowerState (FollowerState.java:run(108)) - f7e9932d-fd96-469a-9353-68e47138e5ff@group-21C72E9484D5-FollowerState: change to CANDIDATE, lastRpcTime:24ms, electionTimeout:18ms
2019-11-05 11:28:22,644 [Thread-672] INFO  impl.RoleInfo (RoleInfo.java:shutdownFollowerState(121)) - f7e9932d-fd96-469a-9353-68e47138e5ff: shutdown FollowerState
2019-11-05 11:28:22,645 [Thread-672] INFO  impl.RaftServerImpl (RaftServerImpl.java:setRole(184)) - f7e9932d-fd96-469a-9353-68e47138e5ff@group-21C72E9484D5: changes role from  FOLLOWER to CANDIDATE at term 19 for changeToCandidate
2019-11-05 11:28:22,645 [Thread-672] INFO  impl.RoleInfo (RoleInfo.java:updateAndGet(143)) - f7e9932d-fd96-469a-9353-68e47138e5ff: start LeaderElection
2019-11-05 11:28:22,651 [Thread-665] INFO  impl.FollowerState (FollowerState.java:run(108)) - 687f579d-1680-4dd5-8b24-01f078298cef@group-E95DC8E8582E-FollowerState: change to CANDIDATE, lastRpcTime:185ms, electionTimeout:185ms
2019-11-05 11:28:22,651 [Thread-665] INFO  impl.RoleInfo (RoleInfo.java:shutdownFollowerState(121)) - 687f579d-1680-4dd5-8b24-01f078298cef: shutdown FollowerState
2019-11-05 11:28:22,651 [Thread-665] INFO  impl.RaftServerImpl (RaftServerImpl.java:setRole(184)) - 687f579d-1680-4dd5-8b24-01f078298cef@group-E95DC8E8582E: changes role from  FOLLOWER to CANDIDATE at term 25 for changeToCandidate
2019-11-05 11:28:22,652 [Thread-665] INFO  impl.RoleInfo (RoleInfo.java:updateAndGet(143)) - 687f579d-1680-4dd5-8b24-01f078298cef: start LeaderElection
2019-11-05 11:28:22,659 [687f579d-1680-4dd5-8b24-01f078298cef@group-E95DC8E8582E-LeaderElection48] INFO  impl.LeaderElection (LeaderElection.java:askForVotes(178)) - 687f579d-1680-4dd5-8b24-01f078298cef@group-E95DC8E8582E-LeaderElection48: begin an election at term 26 for -1: [90ecfa43-dab6-49d9-b30c-40ef62bfdf2a:192.168.157.252:34192, 687f579d-1680-4dd5-8b24-01f078298cef:192.168.157.252:37962, b8bf4e9b-064a-4520-981c-d6c40c833497:192.168.157.252:43407], old=null
2019-11-05 11:28:22,659 [f7e9932d-fd96-469a-9353-68e47138e5ff@group-21C72E9484D5-LeaderElection47] INFO  impl.LeaderElection (LeaderElection.java:askForVotes(178)) - f7e9932d-fd96-469a-9353-68e47138e5ff@group-21C72E9484D5-LeaderElection47: begin an election at term 20 for -1: [f7e9932d-fd96-469a-9353-68e47138e5ff:192.168.157.252:45025, 1eca16cc-5184-4e43-8e55-175d1516eae4:192.168.157.252:41127, 74a8fb36-eab9-4c53-b7cf-c565055de05a:192.168.157.252:42370], old=null
2019-11-05 11:28:22,663 [grpc-default-executor-11] INFO  impl.RaftServerImpl (RaftServerImpl.java:setRole(184)) - 90ecfa43-dab6-49d9-b30c-40ef62bfdf2a@group-E95DC8E8582E: changes role from  FOLLOWER to FOLLOWER at term 26 for recognizeCandidate:687f579d-1680-4dd5-8b24-01f078298cef
2019-11-05 11:28:22,663 [grpc-default-executor-11] INFO  impl.RoleInfo (RoleInfo.java:shutdownFollowerState(121)) - 90ecfa43-dab6-49d9-b30c-40ef62bfdf2a: shutdown FollowerState
2019-11-05 11:28:22,663 [grpc-default-executor-1] INFO  impl.RaftServerImpl (RaftServerImpl.java:setRole(184)) - 1eca16cc-5184-4e43-8e55-175d1516eae4@group-21C72E9484D5: changes role from  FOLLOWER to FOLLOWER at term 20 for recognizeCandidate:f7e9932d-fd96-469a-9353-68e47138e5ff
2019-11-05 11:28:22,664 [grpc-default-executor-1] INFO  impl.RoleInfo (RoleInfo.java:shutdownFollowerState(121)) - 1eca16cc-5184-4e43-8e55-175d1516eae4: shutdown FollowerState
2019-11-05 11:28:22,674 [grpc-default-executor-2] INFO  impl.RaftServerImpl (RaftServerImpl.java:setRole(184)) - 74a8fb36-eab9-4c53-b7cf-c565055de05a@group-21C72E9484D5: changes role from  FOLLOWER to FOLLOWER at term 20 for recognizeCandidate:f7e9932d-fd96-469a-9353-68e47138e5ff
2019-11-05 11:28:22,674 [grpc-default-executor-2] INFO  impl.RoleInfo (RoleInfo.java:shutdownFollowerState(121)) - 74a8fb36-eab9-4c53-b7cf-c565055de05a: shutdown FollowerState
2019-11-05 11:28:22,675 [Thread-671] INFO  impl.FollowerState (FollowerState.java:run(117)) - 74a8fb36-eab9-4c53-b7cf-c565055de05a@group-21C72E9484D5-FollowerState was interrupted: java.lang.InterruptedException: sleep interrupted
2019-11-05 11:28:22,675 [grpc-default-executor-2] INFO  impl.RoleInfo (RoleInfo.java:updateAndGet(143)) - 74a8fb36-eab9-4c53-b7cf-c565055de05a: start FollowerState
2019-11-05 11:28:22,675 [Thread-670] INFO  impl.FollowerState (FollowerState.java:run(117)) - 1eca16cc-5184-4e43-8e55-175d1516eae4@group-21C72E9484D5-FollowerState was interrupted: java.lang.InterruptedException: sleep interrupted
2019-11-05 11:28:22,675 [grpc-default-executor-11] INFO  impl.RoleInfo (RoleInfo.java:updateAndGet(143)) - 90ecfa43-dab6-49d9-b30c-40ef62bfdf2a: start FollowerState
2019-11-05 11:28:22,675 [grpc-default-executor-1] INFO  impl.RoleInfo (RoleInfo.java:updateAndGet(143)) - 1eca16cc-5184-4e43-8e55-175d1516eae4: start FollowerState
2019-11-05 11:28:22,677 [Thread-664] INFO  impl.FollowerState (FollowerState.java:run(117)) - 90ecfa43-dab6-49d9-b30c-40ef62bfdf2a@group-E95DC8E8582E-FollowerState was interrupted: java.lang.InterruptedException: sleep interrupted
2019-11-05 11:28:22,679 [687f579d-1680-4dd5-8b24-01f078298cef@group-E95DC8E8582E-LeaderElection48] INFO  impl.LeaderElection (LeaderElection.java:logAndReturn(56)) - 687f579d-1680-4dd5-8b24-01f078298cef@group-E95DC8E8582E-LeaderElection48: Election TIMEOUT; received 0 response(s) [] and 0 exception(s); 687f579d-1680-4dd5-8b24-01f078298cef@group-E95DC8E8582E:t26, leader=null, voted=687f579d-1680-4dd5-8b24-01f078298cef, raftlog=687f579d-1680-4dd5-8b24-01f078298cef@group-E95DC8E8582E-SegmentedRaftLog:OPENED:c-1,f-1,i0, conf=-1: [90ecfa43-dab6-49d9-b30c-40ef62bfdf2a:192.168.157.252:34192, 687f579d-1680-4dd5-8b24-01f078298cef:192.168.157.252:37962, b8bf4e9b-064a-4520-981c-d6c40c833497:192.168.157.252:43407], old=null
2019-11-05 11:28:22,691 [687f579d-1680-4dd5-8b24-01f078298cef@group-E95DC8E8582E-LeaderElection48] INFO  impl.LeaderElection (LeaderElection.java:askForVotes(178)) - 687f579d-1680-4dd5-8b24-01f078298cef@group-E95DC8E8582E-LeaderElection48: begin an election at term 27 for -1: [90ecfa43-dab6-49d9-b30c-40ef62bfdf2a:192.168.157.252:34192, 687f579d-1680-4dd5-8b24-01f078298cef:192.168.157.252:37962, b8bf4e9b-064a-4520-981c-d6c40c833497:192.168.157.252:43407], old=null
2019-11-05 11:28:22,699 [grpc-default-executor-2] INFO  impl.RaftServerImpl (RaftServerImpl.java:setRole(184)) - 90ecfa43-dab6-49d9-b30c-40ef62bfdf2a@group-E95DC8E8582E: changes role from  FOLLOWER to FOLLOWER at term 27 for recognizeCandidate:687f579d-1680-4dd5-8b24-01f078298cef
2019-11-05 11:28:22,700 [grpc-default-executor-2] INFO  impl.RoleInfo (RoleInfo.java:shutdownFollowerState(121)) - 90ecfa43-dab6-49d9-b30c-40ef62bfdf2a: shutdown FollowerState
2019-11-05 11:28:22,700 [grpc-default-executor-2] INFO  impl.RoleInfo (RoleInfo.java:updateAndGet(143)) - 90ecfa43-dab6-49d9-b30c-40ef62bfdf2a: start FollowerState
2019-11-05 11:28:22,700 [Thread-682] INFO  impl.FollowerState (FollowerState.java:run(117)) - 90ecfa43-dab6-49d9-b30c-40ef62bfdf2a@group-E95DC8E8582E-FollowerState was interrupted: java.lang.InterruptedException: sleep interrupted
2019-11-05 11:28:22,717 [grpc-default-executor-9] INFO  impl.RaftServerImpl (RaftServerImpl.java:setRole(184)) - b8bf4e9b-064a-4520-981c-d6c40c833497@group-E95DC8E8582E: changes role from  FOLLOWER to FOLLOWER at term 26 for recognizeCandidate:687f579d-1680-4dd5-8b24-01f078298cef
2019-11-05 11:28:22,717 [grpc-default-executor-9] INFO  impl.RoleInfo (RoleInfo.java:shutdownFollowerState(121)) - b8bf4e9b-064a-4520-981c-d6c40c833497: shutdown FollowerState
2019-11-05 11:28:22,730 [grpc-default-executor-9] INFO  impl.RoleInfo (RoleInfo.java:updateAndGet(143)) - b8bf4e9b-064a-4520-981c-d6c40c833497: start FollowerState
2019-11-05 11:28:22,731 [Thread-662] INFO  impl.FollowerState (FollowerState.java:run(117)) - b8bf4e9b-064a-4520-981c-d6c40c833497@group-E95DC8E8582E-FollowerState was interrupted: java.lang.InterruptedException: sleep interrupted
2019-11-05 11:28:22,751 [grpc-default-executor-1] INFO  impl.RaftServerImpl (RaftServerImpl.java:setRole(184)) - b8bf4e9b-064a-4520-981c-d6c40c833497@group-E95DC8E8582E: changes role from  FOLLOWER to FOLLOWER at term 27 for recognizeCandidate:687f579d-1680-4dd5-8b24-01f078298cef
2019-11-05 11:28:22,751 [grpc-default-executor-1] INFO  impl.RoleInfo (RoleInfo.java:shutdownFollowerState(121)) - b8bf4e9b-064a-4520-981c-d6c40c833497: shutdown FollowerState
2019-11-05 11:28:22,751 [grpc-default-executor-1] INFO  impl.RoleInfo (RoleInfo.java:updateAndGet(143)) - b8bf4e9b-064a-4520-981c-d6c40c833497: start FollowerState
2019-11-05 11:28:22,752 [Thread-687] INFO  impl.FollowerState (FollowerState.java:run(117)) - b8bf4e9b-064a-4520-981c-d6c40c833497@group-E95DC8E8582E-FollowerState was interrupted: java.lang.InterruptedException: sleep interrupted
2019-11-05 11:28:22,752 [f7e9932d-fd96-469a-9353-68e47138e5ff@group-21C72E9484D5-LeaderElection47] INFO  impl.LeaderElection (LeaderElection.java:logAndReturn(56)) - f7e9932d-fd96-469a-9353-68e47138e5ff@group-21C72E9484D5-LeaderElection47: Election TIMEOUT; received 1 response(s) [f7e9932d-fd96-469a-9353-68e47138e5ff<-74a8fb36-eab9-4c53-b7cf-c565055de05a#0:FAIL-t20] and 0 exception(s); f7e9932d-fd96-469a-9353-68e47138e5ff@group-21C72E9484D5:t20, leader=null, voted=f7e9932d-fd96-469a-9353-68e47138e5ff, raftlog=f7e9932d-fd96-469a-9353-68e47138e5ff@group-21C72E9484D5-SegmentedRaftLog:OPENED:c-1,f-1,i0, conf=-1: [f7e9932d-fd96-469a-9353-68e47138e5ff:192.168.157.252:45025, 1eca16cc-5184-4e43-8e55-175d1516eae4:192.168.157.252:41127, 74a8fb36-eab9-4c53-b7cf-c565055de05a:192.168.157.252:42370], old=null
2019-11-05 11:28:22,783 [f7e9932d-fd96-469a-9353-68e47138e5ff@group-21C72E9484D5-LeaderElection47] INFO  impl.LeaderElection (LeaderElection.java:askForVotes(178)) - f7e9932d-fd96-469a-9353-68e47138e5ff@group-21C72E9484D5-LeaderElection47: begin an election at term 21 for -1: [f7e9932d-fd96-469a-9353-68e47138e5ff:192.168.157.252:45025, 1eca16cc-5184-4e43-8e55-175d1516eae4:192.168.157.252:41127, 74a8fb36-eab9-4c53-b7cf-c565055de05a:192.168.157.252:42370], old=null
2019-11-05 11:28:22,790 [grpc-default-executor-2] INFO  impl.RaftServerImpl (RaftServerImpl.java:setRole(184)) - 1eca16cc-5184-4e43-8e55-175d1516eae4@group-21C72E9484D5: changes role from  FOLLOWER to FOLLOWER at term 21 for recognizeCandidate:f7e9932d-fd96-469a-9353-68e47138e5ff
2019-11-05 11:28:22,790 [grpc-default-executor-2] INFO  impl.RoleInfo (RoleInfo.java:shutdownFollowerState(121)) - 1eca16cc-5184-4e43-8e55-175d1516eae4: shutdown FollowerState
2019-11-05 11:28:22,794 [grpc-default-executor-2] INFO  impl.RoleInfo (RoleInfo.java:updateAndGet(143)) - 1eca16cc-5184-4e43-8e55-175d1516eae4: start FollowerState
2019-11-05 11:28:22,797 [Thread-681] INFO  impl.FollowerState (FollowerState.java:run(117)) - 1eca16cc-5184-4e43-8e55-175d1516eae4@group-21C72E9484D5-FollowerState was interrupted: java.lang.InterruptedException: sleep interrupted
2019-11-05 11:28:22,798 [grpc-default-executor-9] INFO  impl.RaftServerImpl (RaftServerImpl.java:setRole(184)) - 74a8fb36-eab9-4c53-b7cf-c565055de05a@group-21C72E9484D5: changes role from  FOLLOWER to FOLLOWER at term 21 for recognizeCandidate:f7e9932d-fd96-469a-9353-68e47138e5ff
2019-11-05 11:28:22,798 [grpc-default-executor-9] INFO  impl.RoleInfo (RoleInfo.java:shutdownFollowerState(121)) - 74a8fb36-eab9-4c53-b7cf-c565055de05a: shutdown FollowerState
2019-11-05 11:28:22,817 [grpc-default-executor-9] INFO  impl.RoleInfo (RoleInfo.java:updateAndGet(143)) - 74a8fb36-eab9-4c53-b7cf-c565055de05a: start FollowerState
2019-11-05 11:28:22,818 [Thread-680] INFO  impl.FollowerState (FollowerState.java:run(117)) - 74a8fb36-eab9-4c53-b7cf-c565055de05a@group-21C72E9484D5-FollowerState was interrupted: java.lang.InterruptedException: sleep interrupted
2019-11-05 11:28:22,820 [687f579d-1680-4dd5-8b24-01f078298cef@group-E95DC8E8582E-LeaderElection48] INFO  impl.LeaderElection (LeaderElection.java:logAndReturn(56)) - 687f579d-1680-4dd5-8b24-01f078298cef@group-E95DC8E8582E-LeaderElection48: Election TIMEOUT; received 1 response(s) [687f579d-1680-4dd5-8b24-01f078298cef<-90ecfa43-dab6-49d9-b30c-40ef62bfdf2a#0:FAIL-t27] and 0 exception(s); 687f579d-1680-4dd5-8b24-01f078298cef@group-E95DC8E8582E:t27, leader=null, voted=687f579d-1680-4dd5-8b24-01f078298cef, raftlog=687f579d-1680-4dd5-8b24-01f078298cef@group-E95DC8E8582E-SegmentedRaftLog:OPENED:c-1,f-1,i0, conf=-1: [90ecfa43-dab6-49d9-b30c-40ef62bfdf2a:192.168.157.252:34192, 687f579d-1680-4dd5-8b24-01f078298cef:192.168.157.252:37962, b8bf4e9b-064a-4520-981c-d6c40c833497:192.168.157.252:43407], old=null
2019-11-05 11:28:22,828 [687f579d-1680-4dd5-8b24-01f078298cef@group-E95DC8E8582E-LeaderElection48] INFO  impl.LeaderElection (LeaderElection.java:askForVotes(178)) - 687f579d-1680-4dd5-8b24-01f078298cef@group-E95DC8E8582E-LeaderElection48: begin an election at term 28 for -1: [90ecfa43-dab6-49d9-b30c-40ef62bfdf2a:192.168.157.252:34192, 687f579d-1680-4dd5-8b24-01f078298cef:192.168.157.252:37962, b8bf4e9b-064a-4520-981c-d6c40c833497:192.168.157.252:43407], old=null
2019-11-05 11:28:22,832 [grpc-default-executor-2] INFO  impl.RaftServerImpl (RaftServerImpl.java:setRole(184)) - 90ecfa43-dab6-49d9-b30c-40ef62bfdf2a@group-E95DC8E8582E: changes role from  FOLLOWER to FOLLOWER at term 28 for recognizeCandidate:687f579d-1680-4dd5-8b24-01f078298cef
2019-11-05 11:28:22,832 [grpc-default-executor-2] INFO  impl.RoleInfo (RoleInfo.java:shutdownFollowerState(121)) - 90ecfa43-dab6-49d9-b30c-40ef62bfdf2a: shutdown FollowerState
2019-11-05 11:28:22,833 [grpc-default-executor-2] INFO  impl.RoleInfo (RoleInfo.java:updateAndGet(143)) - 90ecfa43-dab6-49d9-b30c-40ef62bfdf2a: start FollowerState
2019-11-05 11:28:22,835 [Thread-685] INFO  impl.FollowerState (FollowerState.java:run(117)) - 90ecfa43-dab6-49d9-b30c-40ef62bfdf2a@group-E95DC8E8582E-FollowerState was interrupted: java.lang.InterruptedException: sleep interrupted
2019-11-05 11:28:22,845 [f7e9932d-fd96-469a-9353-68e47138e5ff@group-21C72E9484D5-LeaderElection47] INFO  impl.LeaderElection (LeaderElection.java:logAndReturn(56)) - f7e9932d-fd96-469a-9353-68e47138e5ff@group-21C72E9484D5-LeaderElection47: Election REJECTED; received 2 response(s) [f7e9932d-fd96-469a-9353-68e47138e5ff<-1eca16cc-5184-4e43-8e55-175d1516eae4#0:FAIL-t21, f7e9932d-fd96-469a-9353-68e47138e5ff<-74a8fb36-eab9-4c53-b7cf-c565055de05a#0:FAIL-t21] and 0 exception(s); f7e9932d-fd96-469a-9353-68e47138e5ff@group-21C72E9484D5:t21, leader=null, voted=f7e9932d-fd96-469a-9353-68e47138e5ff, raftlog=f7e9932d-fd96-469a-9353-68e47138e5ff@group-21C72E9484D5-SegmentedRaftLog:OPENED:c-1,f-1,i0, conf=-1: [f7e9932d-fd96-469a-9353-68e47138e5ff:192.168.157.252:45025, 1eca16cc-5184-4e43-8e55-175d1516eae4:192.168.157.252:41127, 74a8fb36-eab9-4c53-b7cf-c565055de05a:192.168.157.252:42370], old=null
2019-11-05 11:28:22,845 [f7e9932d-fd96-469a-9353-68e47138e5ff@group-21C72E9484D5-LeaderElection47] INFO  impl.RaftServerImpl (RaftServerImpl.java:setRole(184)) - f7e9932d-fd96-469a-9353-68e47138e5ff@group-21C72E9484D5: changes role from CANDIDATE to FOLLOWER at term 21 for DISCOVERED_A_NEW_TERM
2019-11-05 11:28:22,845 [f7e9932d-fd96-469a-9353-68e47138e5ff@group-21C72E9484D5-LeaderElection47] INFO  impl.RoleInfo (RoleInfo.java:shutdownLeaderElection(134)) - f7e9932d-fd96-469a-9353-68e47138e5ff: shutdown LeaderElection
2019-11-05 11:28:22,846 [f7e9932d-fd96-469a-9353-68e47138e5ff@group-21C72E9484D5-LeaderElection47] INFO  impl.RoleInfo (RoleInfo.java:updateAndGet(143)) - f7e9932d-fd96-469a-9353-68e47138e5ff: start FollowerState
2019-11-05 11:28:22,872 [687f579d-1680-4dd5-8b24-01f078298cef@group-E95DC8E8582E-LeaderElection48] INFO  impl.LeaderElection (LeaderElection.java:logAndReturn(56)) - 687f579d-1680-4dd5-8b24-01f078298cef@group-E95DC8E8582E-LeaderElection48: Election TIMEOUT; received 1 response(s) [687f579d-1680-4dd5-8b24-01f078298cef<-90ecfa43-dab6-49d9-b30c-40ef62bfdf2a#0:FAIL-t28] and 0 exception(s); 687f579d-1680-4dd5-8b24-01f078298cef@group-E95DC8E8582E:t28, leader=null, voted=687f579d-1680-4dd5-8b24-01f078298cef, raftlog=687f579d-1680-4dd5-8b24-01f078298cef@group-E95DC8E8582E-SegmentedRaftLog:OPENED:c-1,f-1,i0, conf=-1: [90ecfa43-dab6-49d9-b30c-40ef62bfdf2a:192.168.157.252:34192, 687f579d-1680-4dd5-8b24-01f078298cef:192.168.157.252:37962, b8bf4e9b-064a-4520-981c-d6c40c833497:192.168.157.252:43407], old=null
2019-11-05 11:28:22,876 [grpc-default-executor-11] INFO  impl.RaftServerImpl (RaftServerImpl.java:setRole(184)) - b8bf4e9b-064a-4520-981c-d6c40c833497@group-E95DC8E8582E: changes role from  FOLLOWER to FOLLOWER at term 28 for recognizeCandidate:687f579d-1680-4dd5-8b24-01f078298cef
2019-11-05 11:28:22,876 [grpc-default-executor-11] INFO  impl.RoleInfo (RoleInfo.java:shutdownFollowerState(121)) - b8bf4e9b-064a-4520-981c-d6c40c833497: shutdown FollowerState
2019-11-05 11:28:22,877 [grpc-default-executor-11] INFO  impl.RoleInfo (RoleInfo.java:updateAndGet(143)) - b8bf4e9b-064a-4520-981c-d6c40c833497: start FollowerState
2019-11-05 11:28:22,879 [687f579d-1680-4dd5-8b24-01f078298cef@group-E95DC8E8582E-LeaderElection48] INFO  impl.LeaderElection (LeaderElection.java:askForVotes(178)) - 687f579d-1680-4dd5-8b24-01f078298cef@group-E95DC8E8582E-LeaderElection48: begin an election at term 29 for -1: [90ecfa43-dab6-49d9-b30c-40ef62bfdf2a:192.168.157.252:34192, 687f579d-1680-4dd5-8b24-01f078298cef:192.168.157.252:37962, b8bf4e9b-064a-4520-981c-d6c40c833497:192.168.157.252:43407], old=null
2019-11-05 11:28:22,925 [687f579d-1680-4dd5-8b24-01f078298cef@group-E95DC8E8582E-LeaderElection48] INFO  impl.LeaderElection (LeaderElection.java:logAndReturn(56)) - 687f579d-1680-4dd5-8b24-01f078298cef@group-E95DC8E8582E-LeaderElection48: Election TIMEOUT; received 0 response(s) [] and 0 exception(s); 687f579d-1680-4dd5-8b24-01f078298cef@group-E95DC8E8582E:t29, leader=null, voted=687f579d-1680-4dd5-8b24-01f078298cef, raftlog=687f579d-1680-4dd5-8b24-01f078298cef@group-E95DC8E8582E-SegmentedRaftLog:OPENED:c-1,f-1,i0, conf=-1: [90ecfa43-dab6-49d9-b30c-40ef62bfdf2a:192.168.157.252:34192, 687f579d-1680-4dd5-8b24-01f078298cef:192.168.157.252:37962, b8bf4e9b-064a-4520-981c-d6c40c833497:192.168.157.252:43407], old=null
2019-11-05 11:28:22,925 [Thread-688] INFO  impl.FollowerState (FollowerState.java:run(117)) - b8bf4e9b-064a-4520-981c-d6c40c833497@group-E95DC8E8582E-FollowerState was interrupted: java.lang.InterruptedException: sleep interrupted
2019-11-05 11:28:22,927 [grpc-default-executor-11] INFO  impl.RaftServerImpl (RaftServerImpl.java:setRole(184)) - 90ecfa43-dab6-49d9-b30c-40ef62bfdf2a@group-E95DC8E8582E: changes role from  FOLLOWER to FOLLOWER at term 29 for recognizeCandidate:687f579d-1680-4dd5-8b24-01f078298cef
2019-11-05 11:28:22,928 [grpc-default-executor-11] INFO  impl.RoleInfo (RoleInfo.java:shutdownFollowerState(121)) - 90ecfa43-dab6-49d9-b30c-40ef62bfdf2a: shutdown FollowerState
2019-11-05 11:28:22,928 [grpc-default-executor-11] INFO  impl.RoleInfo (RoleInfo.java:updateAndGet(143)) - 90ecfa43-dab6-49d9-b30c-40ef62bfdf2a: start FollowerState
2019-11-05 11:28:22,928 [Thread-695] INFO  impl.FollowerState (FollowerState.java:run(117)) - 90ecfa43-dab6-49d9-b30c-40ef62bfdf2a@group-E95DC8E8582E-FollowerState was interrupted: java.lang.InterruptedException: sleep interrupted
2019-11-05 11:28:22,928 [grpc-default-executor-1] INFO  impl.RaftServerImpl (RaftServerImpl.java:setRole(184)) - b8bf4e9b-064a-4520-981c-d6c40c833497@group-E95DC8E8582E: changes role from  FOLLOWER to FOLLOWER at term 29 for recognizeCandidate:687f579d-1680-4dd5-8b24-01f078298cef
2019-11-05 11:28:22,928 [grpc-default-executor-1] INFO  impl.RoleInfo (RoleInfo.java:shutdownFollowerState(121)) - b8bf4e9b-064a-4520-981c-d6c40c833497: shutdown FollowerState
2019-11-05 11:28:22,928 [Thread-697] INFO  impl.FollowerState (FollowerState.java:run(117)) - b8bf4e9b-064a-4520-981c-d6c40c833497@group-E95DC8E8582E-FollowerState was interrupted: java.lang.InterruptedException: sleep interrupted
2019-11-05 11:28:22,928 [grpc-default-executor-1] INFO  impl.RoleInfo (RoleInfo.java:updateAndGet(143)) - b8bf4e9b-064a-4520-981c-d6c40c833497: start FollowerState
2019-11-05 11:28:22,929 [Thread-696] INFO  impl.FollowerState (FollowerState.java:run(108)) - f7e9932d-fd96-469a-9353-68e47138e5ff@group-21C72E9484D5-FollowerState: change to CANDIDATE, lastRpcTime:83ms, electionTimeout:83ms
2019-11-05 11:28:22,929 [Thread-696] INFO  impl.RoleInfo (RoleInfo.java:shutdownFollowerState(121)) - f7e9932d-fd96-469a-9353-68e47138e5ff: shutdown FollowerState
2019-11-05 11:28:22,929 [Thread-696] INFO  impl.RaftServerImpl (RaftServerImpl.java:setRole(184)) - f7e9932d-fd96-469a-9353-68e47138e5ff@group-21C72E9484D5: changes role from  FOLLOWER to CANDIDATE at term 21 for changeToCandidate
2019-11-05 11:28:22,929 [Thread-696] INFO  impl.RoleInfo (RoleInfo.java:updateAndGet(143)) - f7e9932d-fd96-469a-9353-68e47138e5ff: start LeaderElection
2019-11-05 11:28:22,940 [687f579d-1680-4dd5-8b24-01f078298cef@group-E95DC8E8582E-LeaderElection48] INFO  impl.LeaderElection (LeaderElection.java:askForVotes(178)) - 687f579d-1680-4dd5-8b24-01f078298cef@group-E95DC8E8582E-LeaderElection48: begin an election at term 30 for -1: [90ecfa43-dab6-49d9-b30c-40ef62bfdf2a:192.168.157.252:34192, 687f579d-1680-4dd5-8b24-01f078298cef:192.168.157.252:37962, b8bf4e9b-064a-4520-981c-d6c40c833497:192.168.157.252:43407], old=null
2019-11-05 11:28:22,940 [f7e9932d-fd96-469a-9353-68e47138e5ff@group-21C72E9484D5-LeaderElection49] INFO  impl.LeaderElection (LeaderElection.java:askForVotes(178)) - f7e9932d-fd96-469a-9353-68e47138e5ff@group-21C72E9484D5-LeaderElection49: begin an election at term 22 for -1: [f7e9932d-fd96-469a-9353-68e47138e5ff:192.168.157.252:45025, 1eca16cc-5184-4e43-8e55-175d1516eae4:192.168.157.252:41127, 74a8fb36-eab9-4c53-b7cf-c565055de05a:192.168.157.252:42370], old=null
2019-11-05 11:28:22,948 [grpc-default-executor-11] INFO  impl.RaftServerImpl (RaftServerImpl.java:setRole(184)) - 1eca16cc-5184-4e43-8e55-175d1516eae4@group-21C72E9484D5: changes role from  FOLLOWER to FOLLOWER at term 22 for recognizeCandidate:f7e9932d-fd96-469a-9353-68e47138e5ff
2019-11-05 11:28:22,949 [grpc-default-executor-11] INFO  impl.RoleInfo (RoleInfo.java:shutdownFollowerState(121)) - 1eca16cc-5184-4e43-8e55-175d1516eae4: shutdown FollowerState
2019-11-05 11:28:22,949 [grpc-default-executor-9] INFO  impl.RaftServerImpl (RaftServerImpl.java:setRole(184)) - 74a8fb36-eab9-4c53-b7cf-c565055de05a@group-21C72E9484D5: changes role from  FOLLOWER to FOLLOWER at term 22 for recognizeCandidate:f7e9932d-fd96-469a-9353-68e47138e5ff
2019-11-05 11:28:22,949 [grpc-default-executor-9] INFO  impl.RoleInfo (RoleInfo.java:shutdownFollowerState(121)) - 74a8fb36-eab9-4c53-b7cf-c565055de05a: shutdown FollowerState
2019-11-05 11:28:22,949 [grpc-default-executor-9] INFO  impl.RoleInfo (RoleInfo.java:updateAndGet(143)) - 74a8fb36-eab9-4c53-b7cf-c565055de05a: start FollowerState
2019-11-05 11:28:22,950 [grpc-default-executor-2] INFO  impl.RaftServerImpl (RaftServerImpl.java:setRole(184)) - 90ecfa43-dab6-49d9-b30c-40ef62bfdf2a@group-E95DC8E8582E: changes role from  FOLLOWER to FOLLOWER at term 30 for recognizeCandidate:687f579d-1680-4dd5-8b24-01f078298cef
2019-11-05 11:28:22,950 [grpc-default-executor-2] INFO  impl.RoleInfo (RoleInfo.java:shutdownFollowerState(121)) - 90ecfa43-dab6-49d9-b30c-40ef62bfdf2a: shutdown FollowerState
2019-11-05 11:28:22,950 [Thread-700] INFO  impl.FollowerState (FollowerState.java:run(117)) - 90ecfa43-dab6-49d9-b30c-40ef62bfdf2a@group-E95DC8E8582E-FollowerState was interrupted: java.lang.InterruptedException: sleep interrupted
2019-11-05 11:28:22,950 [Thread-692] INFO  impl.FollowerState (FollowerState.java:run(117)) - 74a8fb36-eab9-4c53-b7cf-c565055de05a@group-21C72E9484D5-FollowerState was interrupted: java.lang.InterruptedException: sleep interrupted
2019-11-05 11:28:22,948 [grpc-default-executor-1] INFO  impl.RaftServerImpl (RaftServerImpl.java:setRole(184)) - b8bf4e9b-064a-4520-981c-d6c40c833497@group-E95DC8E8582E: changes role from  FOLLOWER to FOLLOWER at term 30 for recognizeCandidate:687f579d-1680-4dd5-8b24-01f078298cef
2019-11-05 11:28:22,950 [grpc-default-executor-2] INFO  impl.RoleInfo (RoleInfo.java:updateAndGet(143)) - 90ecfa43-dab6-49d9-b30c-40ef62bfdf2a: start FollowerState
2019-11-05 11:28:22,949 [Thread-691] INFO  impl.FollowerState (FollowerState.java:run(117)) - 1eca16cc-5184-4e43-8e55-175d1516eae4@group-21C72E9484D5-FollowerState was interrupted: java.lang.InterruptedException: sleep interrupted
2019-11-05 11:28:22,949 [grpc-default-executor-11] INFO  impl.RoleInfo (RoleInfo.java:updateAndGet(143)) - 1eca16cc-5184-4e43-8e55-175d1516eae4: start FollowerState
2019-11-05 11:28:22,951 [grpc-default-executor-1] INFO  impl.RoleInfo (RoleInfo.java:shutdownFollowerState(121)) - b8bf4e9b-064a-4520-981c-d6c40c833497: shutdown FollowerState
2019-11-05 11:28:22,951 [grpc-default-executor-1] INFO  impl.RoleInfo (RoleInfo.java:updateAndGet(143)) - b8bf4e9b-064a-4520-981c-d6c40c833497: start FollowerState
2019-11-05 11:28:22,951 [Thread-701] INFO  impl.FollowerState (FollowerState.java:run(117)) - b8bf4e9b-064a-4520-981c-d6c40c833497@group-E95DC8E8582E-FollowerState was interrupted: java.lang.InterruptedException: sleep interrupted
2019-11-05 11:28:22,960 [f7e9932d-fd96-469a-9353-68e47138e5ff@group-21C72E9484D5-LeaderElection49] INFO  impl.LeaderElection (LeaderElection.java:logAndReturn(56)) - f7e9932d-fd96-469a-9353-68e47138e5ff@group-21C72E9484D5-LeaderElection49: Election TIMEOUT; received 0 response(s) [] and 0 exception(s); f7e9932d-fd96-469a-9353-68e47138e5ff@group-21C72E9484D5:t22, leader=null, voted=f7e9932d-fd96-469a-9353-68e47138e5ff, raftlog=f7e9932d-fd96-469a-9353-68e47138e5ff@group-21C72E9484D5-SegmentedRaftLog:OPENED:c-1,f-1,i0, conf=-1: [f7e9932d-fd96-469a-9353-68e47138e5ff:192.168.157.252:45025, 1eca16cc-5184-4e43-8e55-175d1516eae4:192.168.157.252:41127, 74a8fb36-eab9-4c53-b7cf-c565055de05a:192.168.157.252:42370], old=null
2019-11-05 11:28:22,962 [687f579d-1680-4dd5-8b24-01f078298cef@group-E95DC8E8582E-LeaderElection48] INFO  impl.LeaderElection (LeaderElection.java:logAndReturn(56)) - 687f579d-1680-4dd5-8b24-01f078298cef@group-E95DC8E8582E-LeaderElection48: Election REJECTED; received 2 response(s) [687f579d-1680-4dd5-8b24-01f078298cef<-90ecfa43-dab6-49d9-b30c-40ef62bfdf2a#0:FAIL-t30, 687f579d-1680-4dd5-8b24-01f078298cef<-b8bf4e9b-064a-4520-981c-d6c40c833497#0:FAIL-t30] and 0 exception(s); 687f579d-1680-4dd5-8b24-01f078298cef@group-E95DC8E8582E:t30, leader=null, voted=687f579d-1680-4dd5-8b24-01f078298cef, raftlog=687f579d-1680-4dd5-8b24-01f078298cef@group-E95DC8E8582E-SegmentedRaftLog:OPENED:c-1,f-1,i0, conf=-1: [90ecfa43-dab6-49d9-b30c-40ef62bfdf2a:192.168.157.252:34192, 687f579d-1680-4dd5-8b24-01f078298cef:192.168.157.252:37962, b8bf4e9b-064a-4520-981c-d6c40c833497:192.168.157.252:43407], old=null
2019-11-05 11:28:22,963 [687f579d-1680-4dd5-8b24-01f078298cef@group-E95DC8E8582E-LeaderElection48] INFO  impl.RaftServerImpl (RaftServerImpl.java:setRole(184)) - 687f579d-1680-4dd5-8b24-01f078298cef@group-E95DC8E8582E: changes role from CANDIDATE to FOLLOWER at term 30 for DISCOVERED_A_NEW_TERM
2019-11-05 11:28:22,963 [687f579d-1680-4dd5-8b24-01f078298cef@group-E95DC8E8582E-LeaderElection48] INFO  impl.RoleInfo (RoleInfo.java:shutdownLeaderElection(134)) - 687f579d-1680-4dd5-8b24-01f078298cef: shutdown LeaderElection
2019-11-05 11:28:22,963 [687f579d-1680-4dd5-8b24-01f078298cef@group-E95DC8E8582E-LeaderElection48] INFO  impl.RoleInfo (RoleInfo.java:updateAndGet(143)) - 687f579d-1680-4dd5-8b24-01f078298cef: start FollowerState
2019-11-05 11:28:22,968 [f7e9932d-fd96-469a-9353-68e47138e5ff@group-21C72E9484D5-LeaderElection49] INFO  impl.LeaderElection (LeaderElection.java:askForVotes(178)) - f7e9932d-fd96-469a-9353-68e47138e5ff@group-21C72E9484D5-LeaderElection49: begin an election at term 23 for -1: [f7e9932d-fd96-469a-9353-68e47138e5ff:192.168.157.252:45025, 1eca16cc-5184-4e43-8e55-175d1516eae4:192.168.157.252:41127, 74a8fb36-eab9-4c53-b7cf-c565055de05a:192.168.157.252:42370], old=null
2019-11-05 11:28:22,973 [grpc-default-executor-1] INFO  impl.RaftServerImpl (RaftServerImpl.java:setRole(184)) - 1eca16cc-5184-4e43-8e55-175d1516eae4@group-21C72E9484D5: changes role from  FOLLOWER to FOLLOWER at term 23 for recognizeCandidate:f7e9932d-fd96-469a-9353-68e47138e5ff
2019-11-05 11:28:22,973 [grpc-default-executor-1] INFO  impl.RoleInfo (RoleInfo.java:shutdownFollowerState(121)) - 1eca16cc-5184-4e43-8e55-175d1516eae4: shutdown FollowerState
2019-11-05 11:28:22,973 [Thread-707] INFO  impl.FollowerState (FollowerState.java:run(117)) - 1eca16cc-5184-4e43-8e55-175d1516eae4@group-21C72E9484D5-FollowerState was interrupted: java.lang.InterruptedException: sleep interrupted
2019-11-05 11:28:22,974 [grpc-default-executor-11] INFO  impl.RaftServerImpl (RaftServerImpl.java:setRole(184)) - 74a8fb36-eab9-4c53-b7cf-c565055de05a@group-21C72E9484D5: changes role from  FOLLOWER to FOLLOWER at term 23 for recognizeCandidate:f7e9932d-fd96-469a-9353-68e47138e5ff
2019-11-05 11:28:22,974 [grpc-default-executor-11] INFO  impl.RoleInfo (RoleInfo.java:shutdownFollowerState(121)) - 74a8fb36-eab9-4c53-b7cf-c565055de05a: shutdown FollowerState
2019-11-05 11:28:22,973 [grpc-default-executor-1] INFO  impl.RoleInfo (RoleInfo.java:updateAndGet(143)) - 1eca16cc-5184-4e43-8e55-175d1516eae4: start FollowerState
2019-11-05 11:28:22,974 [Thread-708] INFO  impl.FollowerState (FollowerState.java:run(117)) - 74a8fb36-eab9-4c53-b7cf-c565055de05a@group-21C72E9484D5-FollowerState was interrupted: java.lang.InterruptedException: sleep interrupted
2019-11-05 11:28:22,974 [grpc-default-executor-11] INFO  impl.RoleInfo (RoleInfo.java:updateAndGet(143)) - 74a8fb36-eab9-4c53-b7cf-c565055de05a: start FollowerState
2019-11-05 11:28:23,000 [f7e9932d-fd96-469a-9353-68e47138e5ff@group-21C72E9484D5-LeaderElection49] INFO  impl.LeaderElection (LeaderElection.java:logAndReturn(56)) - f7e9932d-fd96-469a-9353-68e47138e5ff@group-21C72E9484D5-LeaderElection49: Election REJECTED; received 2 response(s) [f7e9932d-fd96-469a-9353-68e47138e5ff<-1eca16cc-5184-4e43-8e55-175d1516eae4#0:FAIL-t23, f7e9932d-fd96-469a-9353-68e47138e5ff<-74a8fb36-eab9-4c53-b7cf-c565055de05a#0:FAIL-t23] and 0 exception(s); f7e9932d-fd96-469a-9353-68e47138e5ff@group-21C72E9484D5:t23, leader=null, voted=f7e9932d-fd96-469a-9353-68e47138e5ff, raftlog=f7e9932d-fd96-469a-9353-68e47138e5ff@group-21C72E9484D5-SegmentedRaftLog:OPENED:c-1,f-1,i0, conf=-1: [f7e9932d-fd96-469a-9353-68e47138e5ff:192.168.157.252:45025, 1eca16cc-5184-4e43-8e55-175d1516eae4:192.168.157.252:41127, 74a8fb36-eab9-4c53-b7cf-c565055de05a:192.168.157.252:42370], old=null
2019-11-05 11:28:23,000 [f7e9932d-fd96-469a-9353-68e47138e5ff@group-21C72E9484D5-LeaderElection49] INFO  impl.RaftServerImpl (RaftServerImpl.java:setRole(184)) - f7e9932d-fd96-469a-9353-68e47138e5ff@group-21C72E9484D5: changes role from CANDIDATE to FOLLOWER at term 23 for DISCOVERED_A_NEW_TERM
2019-11-05 11:28:23,000 [f7e9932d-fd96-469a-9353-68e47138e5ff@group-21C72E9484D5-LeaderElection49] INFO  impl.RoleInfo (RoleInfo.java:shutdownLeaderElection(134)) - f7e9932d-fd96-469a-9353-68e47138e5ff: shutdown LeaderElection
2019-11-05 11:28:23,000 [f7e9932d-fd96-469a-9353-68e47138e5ff@group-21C72E9484D5-LeaderElection49] INFO  impl.RoleInfo (RoleInfo.java:updateAndGet(143)) - f7e9932d-fd96-469a-9353-68e47138e5ff: start FollowerState
2019-11-05 11:28:23,074 [Thread-716] INFO  impl.FollowerState (FollowerState.java:run(108)) - f7e9932d-fd96-469a-9353-68e47138e5ff@group-21C72E9484D5-FollowerState: change to CANDIDATE, lastRpcTime:73ms, electionTimeout:70ms
2019-11-05 11:28:23,074 [Thread-716] INFO  impl.RoleInfo (RoleInfo.java:shutdownFollowerState(121)) - f7e9932d-fd96-469a-9353-68e47138e5ff: shutdown FollowerState
2019-11-05 11:28:23,075 [Thread-716] INFO  impl.RaftServerImpl (RaftServerImpl.java:setRole(184)) - f7e9932d-fd96-469a-9353-68e47138e5ff@group-21C72E9484D5: changes role from  FOLLOWER to CANDIDATE at term 23 for changeToCandidate
2019-11-05 11:28:23,075 [Thread-716] INFO  impl.RoleInfo (RoleInfo.java:updateAndGet(143)) - f7e9932d-fd96-469a-9353-68e47138e5ff: start LeaderElection
2019-11-05 11:28:23,093 [f7e9932d-fd96-469a-9353-68e47138e5ff@group-21C72E9484D5-LeaderElection50] INFO  impl.LeaderElection (LeaderElection.java:askForVotes(178)) - f7e9932d-fd96-469a-9353-68e47138e5ff@group-21C72E9484D5-LeaderElection50: begin an election at term 24 for -1: [f7e9932d-fd96-469a-9353-68e47138e5ff:192.168.157.252:45025, 1eca16cc-5184-4e43-8e55-175d1516eae4:192.168.157.252:41127, 74a8fb36-eab9-4c53-b7cf-c565055de05a:192.168.157.252:42370], old=null
2019-11-05 11:28:23,100 [grpc-default-executor-1] INFO  impl.RaftServerImpl (RaftServerImpl.java:setRole(184)) - 1eca16cc-5184-4e43-8e55-175d1516eae4@group-21C72E9484D5: changes role from  FOLLOWER to FOLLOWER at term 24 for recognizeCandidate:f7e9932d-fd96-469a-9353-68e47138e5ff
2019-11-05 11:28:23,100 [grpc-default-executor-1] INFO  impl.RoleInfo (RoleInfo.java:shutdownFollowerState(121)) - 1eca16cc-5184-4e43-8e55-175d1516eae4: shutdown FollowerState
2019-11-05 11:28:23,100 [Thread-714] INFO  impl.FollowerState (FollowerState.java:run(117)) - 1eca16cc-5184-4e43-8e55-175d1516eae4@group-21C72E9484D5-FollowerState was interrupted: java.lang.InterruptedException: sleep interrupted
2019-11-05 11:28:23,100 [grpc-default-executor-1] INFO  impl.RoleInfo (RoleInfo.java:updateAndGet(143)) - 1eca16cc-5184-4e43-8e55-175d1516eae4: start FollowerState
2019-11-05 11:28:23,104 [grpc-default-executor-11] INFO  impl.RaftServerImpl (RaftServerImpl.java:setRole(184)) - 74a8fb36-eab9-4c53-b7cf-c565055de05a@group-21C72E9484D5: changes role from  FOLLOWER to FOLLOWER at term 24 for recognizeCandidate:f7e9932d-fd96-469a-9353-68e47138e5ff
2019-11-05 11:28:23,104 [grpc-default-executor-11] INFO  impl.RoleInfo (RoleInfo.java:shutdownFollowerState(121)) - 74a8fb36-eab9-4c53-b7cf-c565055de05a: shutdown FollowerState
2019-11-05 11:28:23,104 [grpc-default-executor-11] INFO  impl.RoleInfo (RoleInfo.java:updateAndGet(143)) - 74a8fb36-eab9-4c53-b7cf-c565055de05a: start FollowerState
2019-11-05 11:28:23,104 [Thread-715] INFO  impl.FollowerState (FollowerState.java:run(117)) - 74a8fb36-eab9-4c53-b7cf-c565055de05a@group-21C72E9484D5-FollowerState was interrupted: java.lang.InterruptedException: sleep interrupted
2019-11-05 11:28:23,108 [f7e9932d-fd96-469a-9353-68e47138e5ff@group-21C72E9484D5-LeaderElection50] INFO  impl.LeaderElection (LeaderElection.java:logAndReturn(56)) - f7e9932d-fd96-469a-9353-68e47138e5ff@group-21C72E9484D5-LeaderElection50: Election TIMEOUT; received 0 response(s) [] and 0 exception(s); f7e9932d-fd96-469a-9353-68e47138e5ff@group-21C72E9484D5:t24, leader=null, voted=f7e9932d-fd96-469a-9353-68e47138e5ff, raftlog=f7e9932d-fd96-469a-9353-68e47138e5ff@group-21C72E9484D5-SegmentedRaftLog:OPENED:c-1,f-1,i0, conf=-1: [f7e9932d-fd96-469a-9353-68e47138e5ff:192.168.157.252:45025, 1eca16cc-5184-4e43-8e55-175d1516eae4:192.168.157.252:41127, 74a8fb36-eab9-4c53-b7cf-c565055de05a:192.168.157.252:42370], old=null
2019-11-05 11:28:23,121 [f7e9932d-fd96-469a-9353-68e47138e5ff@group-21C72E9484D5-LeaderElection50] INFO  impl.LeaderElection (LeaderElection.java:askForVotes(178)) - f7e9932d-fd96-469a-9353-68e47138e5ff@group-21C72E9484D5-LeaderElection50: begin an election at term 25 for -1: [f7e9932d-fd96-469a-9353-68e47138e5ff:192.168.157.252:45025, 1eca16cc-5184-4e43-8e55-175d1516eae4:192.168.157.252:41127, 74a8fb36-eab9-4c53-b7cf-c565055de05a:192.168.157.252:42370], old=null
2019-11-05 11:28:23,126 [Thread-711] INFO  impl.FollowerState (FollowerState.java:run(108)) - 687f579d-1680-4dd5-8b24-01f078298cef@group-E95DC8E8582E-FollowerState: change to CANDIDATE, lastRpcTime:163ms, electionTimeout:163ms
2019-11-05 11:28:23,127 [Thread-711] INFO  impl.RoleInfo (RoleInfo.java:shutdownFollowerState(121)) - 687f579d-1680-4dd5-8b24-01f078298cef: shutdown FollowerState
2019-11-05 11:28:23,127 [Thread-711] INFO  impl.RaftServerImpl (RaftServerImpl.java:setRole(184)) - 687f579d-1680-4dd5-8b24-01f078298cef@group-E95DC8E8582E: changes role from  FOLLOWER to CANDIDATE at term 30 for changeToCandidate
2019-11-05 11:28:23,127 [Thread-711] INFO  impl.RoleInfo (RoleInfo.java:updateAndGet(143)) - 687f579d-1680-4dd5-8b24-01f078298cef: start LeaderElection
2019-11-05 11:28:23,167 [687f579d-1680-4dd5-8b24-01f078298cef@group-E95DC8E8582E-LeaderElection51] INFO  impl.LeaderElection (LeaderElection.java:askForVotes(178)) - 687f579d-1680-4dd5-8b24-01f078298cef@group-E95DC8E8582E-LeaderElection51: begin an election at term 31 for -1: [90ecfa43-dab6-49d9-b30c-40ef62bfdf2a:192.168.157.252:34192, 687f579d-1680-4dd5-8b24-01f078298cef:192.168.157.252:37962, b8bf4e9b-064a-4520-981c-d6c40c833497:192.168.157.252:43407], old=null
2019-11-05 11:28:23,185 [grpc-default-executor-11] INFO  impl.RaftServerImpl (RaftServerImpl.java:setRole(184)) - 1eca16cc-5184-4e43-8e55-175d1516eae4@group-21C72E9484D5: changes role from  FOLLOWER to FOLLOWER at term 25 for recognizeCandidate:f7e9932d-fd96-469a-9353-68e47138e5ff
2019-11-05 11:28:23,185 [grpc-default-executor-11] INFO  impl.RoleInfo (RoleInfo.java:shutdownFollowerState(121)) - 1eca16cc-5184-4e43-8e55-175d1516eae4: shutdown FollowerState
2019-11-05 11:28:23,197 [grpc-default-executor-1] INFO  impl.RaftServerImpl (RaftServerImpl.java:setRole(184)) - 74a8fb36-eab9-4c53-b7cf-c565055de05a@group-21C72E9484D5: changes role from  FOLLOWER to FOLLOWER at term 25 for recognizeCandidate:f7e9932d-fd96-469a-9353-68e47138e5ff
2019-11-05 11:28:23,197 [grpc-default-executor-1] INFO  impl.RoleInfo (RoleInfo.java:shutdownFollowerState(121)) - 74a8fb36-eab9-4c53-b7cf-c565055de05a: shutdown FollowerState
2019-11-05 11:28:23,197 [grpc-default-executor-1] INFO  impl.RoleInfo (RoleInfo.java:updateAndGet(143)) - 74a8fb36-eab9-4c53-b7cf-c565055de05a: start FollowerState
2019-11-05 11:28:23,198 [Thread-721] INFO  impl.FollowerState (FollowerState.java:run(117)) - 74a8fb36-eab9-4c53-b7cf-c565055de05a@group-21C72E9484D5-FollowerState was interrupted: java.lang.InterruptedException: sleep interrupted
2019-11-05 11:28:23,202 [grpc-default-executor-2] INFO  impl.RaftServerImpl (RaftServerImpl.java:setRole(184)) - 90ecfa43-dab6-49d9-b30c-40ef62bfdf2a@group-E95DC8E8582E: changes role from  FOLLOWER to FOLLOWER at term 31 for recognizeCandidate:687f579d-1680-4dd5-8b24-01f078298cef
2019-11-05 11:28:23,203 [grpc-default-executor-2] INFO  impl.RoleInfo (RoleInfo.java:shutdownFollowerState(121)) - 90ecfa43-dab6-49d9-b30c-40ef62bfdf2a: shutdown FollowerState
2019-11-05 11:28:23,203 [grpc-default-executor-2] INFO  impl.RoleInfo (RoleInfo.java:updateAndGet(143)) - 90ecfa43-dab6-49d9-b30c-40ef62bfdf2a: start FollowerState
2019-11-05 11:28:23,203 [Thread-720] INFO  impl.FollowerState (FollowerState.java:run(117)) - 1eca16cc-5184-4e43-8e55-175d1516eae4@group-21C72E9484D5-FollowerState was interrupted: java.lang.InterruptedException: sleep interrupted
2019-11-05 11:28:23,203 [Thread-709] INFO  impl.FollowerState (FollowerState.java:run(117)) - 90ecfa43-dab6-49d9-b30c-40ef62bfdf2a@group-E95DC8E8582E-FollowerState was interrupted: java.lang.InterruptedException: sleep interrupted
2019-11-05 11:28:23,210 [f7e9932d-fd96-469a-9353-68e47138e5ff@group-21C72E9484D5-LeaderElection50] INFO  impl.LeaderElection (LeaderElection.java:logAndReturn(56)) - f7e9932d-fd96-469a-9353-68e47138e5ff@group-21C72E9484D5-LeaderElection50: Election TIMEOUT; received 0 response(s) [] and 0 exception(s); f7e9932d-fd96-469a-9353-68e47138e5ff@group-21C72E9484D5:t25, leader=null, voted=f7e9932d-fd96-469a-9353-68e47138e5ff, raftlog=f7e9932d-fd96-469a-9353-68e47138e5ff@group-21C72E9484D5-SegmentedRaftLog:OPENED:c-1,f-1,i0, conf=-1: [f7e9932d-fd96-469a-9353-68e47138e5ff:192.168.157.252:45025, 1eca16cc-5184-4e43-8e55-175d1516eae4:192.168.157.252:41127, 74a8fb36-eab9-4c53-b7cf-c565055de05a:192.168.157.252:42370], old=null
2019-11-05 11:28:23,213 [grpc-default-executor-11] INFO  impl.RoleInfo (RoleInfo.java:updateAndGet(143)) - 1eca16cc-5184-4e43-8e55-175d1516eae4: start FollowerState
2019-11-05 11:28:23,222 [grpc-default-executor-4] INFO  impl.RaftServerImpl (RaftServerImpl.java:setRole(184)) - b8bf4e9b-064a-4520-981c-d6c40c833497@group-E95DC8E8582E: changes role from  FOLLOWER to FOLLOWER at term 31 for recognizeCandidate:687f579d-1680-4dd5-8b24-01f078298cef
2019-11-05 11:28:23,222 [grpc-default-executor-4] INFO  impl.RoleInfo (RoleInfo.java:shutdownFollowerState(121)) - b8bf4e9b-064a-4520-981c-d6c40c833497: shutdown FollowerState
2019-11-05 11:28:23,225 [grpc-default-executor-4] INFO  impl.RoleInfo (RoleInfo.java:updateAndGet(143)) - b8bf4e9b-064a-4520-981c-d6c40c833497: start FollowerState
2019-11-05 11:28:23,225 [Thread-710] INFO  impl.FollowerState (FollowerState.java:run(117)) - b8bf4e9b-064a-4520-981c-d6c40c833497@group-E95DC8E8582E-FollowerState was interrupted: java.lang.InterruptedException: sleep interrupted
2019-11-05 11:28:23,225 [687f579d-1680-4dd5-8b24-01f078298cef@group-E95DC8E8582E-LeaderElection51] INFO  impl.LeaderElection (LeaderElection.java:logAndReturn(56)) - 687f579d-1680-4dd5-8b24-01f078298cef@group-E95DC8E8582E-LeaderElection51: Election TIMEOUT; received 0 response(s) [] and 0 exception(s); 687f579d-1680-4dd5-8b24-01f078298cef@group-E95DC8E8582E:t31, leader=null, voted=687f579d-1680-4dd5-8b24-01f078298cef, raftlog=687f579d-1680-4dd5-8b24-01f078298cef@group-E95DC8E8582E-SegmentedRaftLog:OPENED:c-1,f-1,i0, conf=-1: [90ecfa43-dab6-49d9-b30c-40ef62bfdf2a:192.168.157.252:34192, 687f579d-1680-4dd5-8b24-01f078298cef:192.168.157.252:37962, b8bf4e9b-064a-4520-981c-d6c40c833497:192.168.157.252:43407], old=null
2019-11-05 11:28:23,235 [f7e9932d-fd96-469a-9353-68e47138e5ff@group-21C72E9484D5-LeaderElection50] INFO  impl.LeaderElection (LeaderElection.java:askForVotes(178)) - f7e9932d-fd96-469a-9353-68e47138e5ff@group-21C72E9484D5-LeaderElection50: begin an election at term 26 for -1: [f7e9932d-fd96-469a-9353-68e47138e5ff:192.168.157.252:45025, 1eca16cc-5184-4e43-8e55-175d1516eae4:192.168.157.252:41127, 74a8fb36-eab9-4c53-b7cf-c565055de05a:192.168.157.252:42370], old=null
2019-11-05 11:28:23,251 [687f579d-1680-4dd5-8b24-01f078298cef@group-E95DC8E8582E-LeaderElection51] INFO  impl.LeaderElection (LeaderElection.java:askForVotes(178)) - 687f579d-1680-4dd5-8b24-01f078298cef@group-E95DC8E8582E-LeaderElection51: begin an election at term 32 for -1: [90ecfa43-dab6-49d9-b30c-40ef62bfdf2a:192.168.157.252:34192, 687f579d-1680-4dd5-8b24-01f078298cef:192.168.157.252:37962, b8bf4e9b-064a-4520-981c-d6c40c833497:192.168.157.252:43407], old=null
2019-11-05 11:28:23,283 [grpc-default-executor-4] INFO  impl.RaftServerImpl (RaftServerImpl.java:setRole(184)) - 90ecfa43-dab6-49d9-b30c-40ef62bfdf2a@group-E95DC8E8582E: changes role from  FOLLOWER to FOLLOWER at term 32 for recognizeCandidate:687f579d-1680-4dd5-8b24-01f078298cef
2019-11-05 11:28:23,284 [grpc-default-executor-4] INFO  impl.RoleInfo (RoleInfo.java:shutdownFollowerState(121)) - 90ecfa43-dab6-49d9-b30c-40ef62bfdf2a: shutdown FollowerState
2019-11-05 11:28:23,284 [grpc-default-executor-4] INFO  impl.RoleInfo (RoleInfo.java:updateAndGet(143)) - 90ecfa43-dab6-49d9-b30c-40ef62bfdf2a: start FollowerState
2019-11-05 11:28:23,285 [Thread-728] INFO  impl.FollowerState (FollowerState.java:run(117)) - 90ecfa43-dab6-49d9-b30c-40ef62bfdf2a@group-E95DC8E8582E-FollowerState was interrupted: java.lang.InterruptedException: sleep interrupted
2019-11-05 11:28:23,285 [grpc-default-executor-9] INFO  impl.RaftServerImpl (RaftServerImpl.java:setRole(184)) - b8bf4e9b-064a-4520-981c-d6c40c833497@group-E95DC8E8582E: changes role from  FOLLOWER to FOLLOWER at term 32 for recognizeCandidate:687f579d-1680-4dd5-8b24-01f078298cef
2019-11-05 11:28:23,286 [grpc-default-executor-9] INFO  impl.RoleInfo (RoleInfo.java:shutdownFollowerState(121)) - b8bf4e9b-064a-4520-981c-d6c40c833497: shutdown FollowerState
2019-11-05 11:28:23,286 [grpc-default-executor-9] INFO  impl.RoleInfo (RoleInfo.java:updateAndGet(143)) - b8bf4e9b-064a-4520-981c-d6c40c833497: start FollowerState
2019-11-05 11:28:23,288 [Thread-731] INFO  impl.FollowerState (FollowerState.java:run(117)) - b8bf4e9b-064a-4520-981c-d6c40c833497@group-E95DC8E8582E-FollowerState was interrupted: java.lang.InterruptedException: sleep interrupted
2019-11-05 11:28:23,293 [grpc-default-executor-1] INFO  impl.RaftServerImpl (RaftServerImpl.java:setRole(184)) - 1eca16cc-5184-4e43-8e55-175d1516eae4@group-21C72E9484D5: changes role from  FOLLOWER to FOLLOWER at term 26 for recognizeCandidate:f7e9932d-fd96-469a-9353-68e47138e5ff
2019-11-05 11:28:23,294 [grpc-default-executor-1] INFO  impl.RoleInfo (RoleInfo.java:shutdownFollowerState(121)) - 1eca16cc-5184-4e43-8e55-175d1516eae4: shutdown FollowerState
2019-11-05 11:28:23,294 [grpc-default-executor-1] INFO  impl.RoleInfo (RoleInfo.java:updateAndGet(143)) - 1eca16cc-5184-4e43-8e55-175d1516eae4: start FollowerState
2019-11-05 11:28:23,294 [Thread-729] INFO  impl.FollowerState (FollowerState.java:run(117)) - 1eca16cc-5184-4e43-8e55-175d1516eae4@group-21C72E9484D5-FollowerState was interrupted: java.lang.InterruptedException: sleep interrupted
2019-11-05 11:28:23,302 [grpc-default-executor-11] INFO  impl.RaftServerImpl (RaftServerImpl.java:setRole(184)) - 74a8fb36-eab9-4c53-b7cf-c565055de05a@group-21C72E9484D5: changes role from  FOLLOWER to FOLLOWER at term 26 for recognizeCandidate:f7e9932d-fd96-469a-9353-68e47138e5ff
2019-11-05 11:28:23,302 [grpc-default-executor-11] INFO  impl.RoleInfo (RoleInfo.java:shutdownFollowerState(121)) - 74a8fb36-eab9-4c53-b7cf-c565055de05a: shutdown FollowerState
2019-11-05 11:28:23,305 [grpc-default-executor-11] INFO  impl.RoleInfo (RoleInfo.java:updateAndGet(143)) - 74a8fb36-eab9-4c53-b7cf-c565055de05a: start FollowerState
2019-11-05 11:28:23,305 [Thread-727] INFO  impl.FollowerState (FollowerState.java:run(117)) - 74a8fb36-eab9-4c53-b7cf-c565055de05a@group-21C72E9484D5-FollowerState was interrupted: java.lang.InterruptedException: sleep interrupted
2019-11-05 11:28:23,391 [687f579d-1680-4dd5-8b24-01f078298cef@group-E95DC8E8582E-LeaderElection51] INFO  impl.LeaderElection (LeaderElection.java:logAndReturn(56)) - 687f579d-1680-4dd5-8b24-01f078298cef@group-E95DC8E8582E-LeaderElection51: Election TIMEOUT; received 1 response(s) [687f579d-1680-4dd5-8b24-01f078298cef<-b8bf4e9b-064a-4520-981c-d6c40c833497#0:FAIL-t32] and 0 exception(s); 687f579d-1680-4dd5-8b24-01f078298cef@group-E95DC8E8582E:t32, leader=null, voted=687f579d-1680-4dd5-8b24-01f078298cef, raftlog=687f579d-1680-4dd5-8b24-01f078298cef@group-E95DC8E8582E-SegmentedRaftLog:OPENED:c-1,f-1,i0, conf=-1: [90ecfa43-dab6-49d9-b30c-40ef62bfdf2a:192.168.157.252:34192, 687f579d-1680-4dd5-8b24-01f078298cef:192.168.157.252:37962, b8bf4e9b-064a-4520-981c-d6c40c833497:192.168.157.252:43407], old=null
2019-11-05 11:28:23,419 [687f579d-1680-4dd5-8b24-01f078298cef@group-E95DC8E8582E-LeaderElection51] INFO  impl.LeaderElection (LeaderElection.java:askForVotes(178)) - 687f579d-1680-4dd5-8b24-01f078298cef@group-E95DC8E8582E-LeaderElection51: begin an election at term 33 for -1: [90ecfa43-dab6-49d9-b30c-40ef62bfdf2a:192.168.157.252:34192, 687f579d-1680-4dd5-8b24-01f078298cef:192.168.157.252:37962, b8bf4e9b-064a-4520-981c-d6c40c833497:192.168.157.252:43407], old=null
2019-11-05 11:28:23,421 [f7e9932d-fd96-469a-9353-68e47138e5ff@group-21C72E9484D5-LeaderElection50] INFO  impl.LeaderElection (LeaderElection.java:logAndReturn(56)) - f7e9932d-fd96-469a-9353-68e47138e5ff@group-21C72E9484D5-LeaderElection50: Election REJECTED; received 2 response(s) [f7e9932d-fd96-469a-9353-68e47138e5ff<-1eca16cc-5184-4e43-8e55-175d1516eae4#0:FAIL-t26, f7e9932d-fd96-469a-9353-68e47138e5ff<-74a8fb36-eab9-4c53-b7cf-c565055de05a#0:FAIL-t26] and 0 exception(s); f7e9932d-fd96-469a-9353-68e47138e5ff@group-21C72E9484D5:t26, leader=null, voted=f7e9932d-fd96-469a-9353-68e47138e5ff, raftlog=f7e9932d-fd96-469a-9353-68e47138e5ff@group-21C72E9484D5-SegmentedRaftLog:OPENED:c-1,f-1,i0, conf=-1: [f7e9932d-fd96-469a-9353-68e47138e5ff:192.168.157.252:45025, 1eca16cc-5184-4e43-8e55-175d1516eae4:192.168.157.252:41127, 74a8fb36-eab9-4c53-b7cf-c565055de05a:192.168.157.252:42370], old=null
2019-11-05 11:28:23,422 [f7e9932d-fd96-469a-9353-68e47138e5ff@group-21C72E9484D5-LeaderElection50] INFO  impl.RaftServerImpl (RaftServerImpl.java:setRole(184)) - f7e9932d-fd96-469a-9353-68e47138e5ff@group-21C72E9484D5: changes role from CANDIDATE to FOLLOWER at term 26 for DISCOVERED_A_NEW_TERM
2019-11-05 11:28:23,422 [f7e9932d-fd96-469a-9353-68e47138e5ff@group-21C72E9484D5-LeaderElection50] INFO  impl.RoleInfo (RoleInfo.java:shutdownLeaderElection(134)) - f7e9932d-fd96-469a-9353-68e47138e5ff: shutdown LeaderElection
2019-11-05 11:28:23,422 [f7e9932d-fd96-469a-9353-68e47138e5ff@group-21C72E9484D5-LeaderElection50] INFO  impl.RoleInfo (RoleInfo.java:updateAndGet(143)) - f7e9932d-fd96-469a-9353-68e47138e5ff: start FollowerState
2019-11-05 11:28:23,423 [grpc-default-executor-11] INFO  impl.RaftServerImpl (RaftServerImpl.java:setRole(184)) - 90ecfa43-dab6-49d9-b30c-40ef62bfdf2a@group-E95DC8E8582E: changes role from  FOLLOWER to FOLLOWER at term 33 for recognizeCandidate:687f579d-1680-4dd5-8b24-01f078298cef
2019-11-05 11:28:23,423 [grpc-default-executor-11] INFO  impl.RoleInfo (RoleInfo.java:shutdownFollowerState(121)) - 90ecfa43-dab6-49d9-b30c-40ef62bfdf2a: shutdown FollowerState
2019-11-05 11:28:23,423 [grpc-default-executor-11] INFO  impl.RoleInfo (RoleInfo.java:updateAndGet(143)) - 90ecfa43-dab6-49d9-b30c-40ef62bfdf2a: start FollowerState
2019-11-05 11:28:23,423 [Thread-736] INFO  impl.FollowerState (FollowerState.java:run(117)) - 90ecfa43-dab6-49d9-b30c-40ef62bfdf2a@group-E95DC8E8582E-FollowerState was interrupted: java.lang.InterruptedException: sleep interrupted
2019-11-05 11:28:23,430 [grpc-default-executor-9] INFO  impl.RaftServerImpl (RaftServerImpl.java:setRole(184)) - b8bf4e9b-064a-4520-981c-d6c40c833497@group-E95DC8E8582E: changes role from  FOLLOWER to FOLLOWER at term 33 for recognizeCandidate:687f579d-1680-4dd5-8b24-01f078298cef
2019-11-05 11:28:23,430 [grpc-default-executor-9] INFO  impl.RoleInfo (RoleInfo.java:shutdownFollowerState(121)) - b8bf4e9b-064a-4520-981c-d6c40c833497: shutdown FollowerState
2019-11-05 11:28:23,431 [grpc-default-executor-9] INFO  impl.RoleInfo (RoleInfo.java:updateAndGet(143)) - b8bf4e9b-064a-4520-981c-d6c40c833497: start FollowerState
2019-11-05 11:28:23,431 [Thread-738] INFO  impl.FollowerState (FollowerState.java:run(117)) - b8bf4e9b-064a-4520-981c-d6c40c833497@group-E95DC8E8582E-FollowerState was interrupted: java.lang.InterruptedException: sleep interrupted
2019-11-05 11:28:23,463 [687f579d-1680-4dd5-8b24-01f078298cef@group-E95DC8E8582E-LeaderElection51] INFO  impl.LeaderElection (LeaderElection.java:logAndReturn(56)) - 687f579d-1680-4dd5-8b24-01f078298cef@group-E95DC8E8582E-LeaderElection51: Election REJECTED; received 2 response(s) [687f579d-1680-4dd5-8b24-01f078298cef<-90ecfa43-dab6-49d9-b30c-40ef62bfdf2a#0:FAIL-t33, 687f579d-1680-4dd5-8b24-01f078298cef<-b8bf4e9b-064a-4520-981c-d6c40c833497#0:FAIL-t33] and 0 exception(s); 687f579d-1680-4dd5-8b24-01f078298cef@group-E95DC8E8582E:t33, leader=null, voted=687f579d-1680-4dd5-8b24-01f078298cef, raftlog=687f579d-1680-4dd5-8b24-01f078298cef@group-E95DC8E8582E-SegmentedRaftLog:OPENED:c-1,f-1,i0, conf=-1: [90ecfa43-dab6-49d9-b30c-40ef62bfdf2a:192.168.157.252:34192, 687f579d-1680-4dd5-8b24-01f078298cef:192.168.157.252:37962, b8bf4e9b-064a-4520-981c-d6c40c833497:192.168.157.252:43407], old=null
2019-11-05 11:28:23,464 [687f579d-1680-4dd5-8b24-01f078298cef@group-E95DC8E8582E-LeaderElection51] INFO  impl.RaftServerImpl (RaftServerImpl.java:setRole(184)) - 687f579d-1680-4dd5-8b24-01f078298cef@group-E95DC8E8582E: changes role from CANDIDATE to FOLLOWER at term 33 for DISCOVERED_A_NEW_TERM
2019-11-05 11:28:23,464 [687f579d-1680-4dd5-8b24-01f078298cef@group-E95DC8E8582E-LeaderElection51] INFO  impl.RoleInfo (RoleInfo.java:shutdownLeaderElection(134)) - 687f579d-1680-4dd5-8b24-01f078298cef: shutdown LeaderElection
2019-11-05 11:28:23,464 [687f579d-1680-4dd5-8b24-01f078298cef@group-E95DC8E8582E-LeaderElection51] INFO  impl.RoleInfo (RoleInfo.java:updateAndGet(143)) - 687f579d-1680-4dd5-8b24-01f078298cef: start FollowerState
2019-11-05 11:28:23,506 [Thread-743] INFO  impl.FollowerState (FollowerState.java:run(108)) - f7e9932d-fd96-469a-9353-68e47138e5ff@group-21C72E9484D5-FollowerState: change to CANDIDATE, lastRpcTime:83ms, electionTimeout:83ms
2019-11-05 11:28:23,506 [Thread-743] INFO  impl.RoleInfo (RoleInfo.java:shutdownFollowerState(121)) - f7e9932d-fd96-469a-9353-68e47138e5ff: shutdown FollowerState
2019-11-05 11:28:23,507 [Thread-743] INFO  impl.RaftServerImpl (RaftServerImpl.java:setRole(184)) - f7e9932d-fd96-469a-9353-68e47138e5ff@group-21C72E9484D5: changes role from  FOLLOWER to CANDIDATE at term 26 for changeToCandidate
2019-11-05 11:28:23,507 [Thread-743] INFO  impl.RoleInfo (RoleInfo.java:updateAndGet(143)) - f7e9932d-fd96-469a-9353-68e47138e5ff: start LeaderElection
2019-11-05 11:28:23,513 [Thread-748] INFO  impl.FollowerState (FollowerState.java:run(108)) - 687f579d-1680-4dd5-8b24-01f078298cef@group-E95DC8E8582E-FollowerState: change to CANDIDATE, lastRpcTime:48ms, electionTimeout:24ms
2019-11-05 11:28:23,513 [Thread-748] INFO  impl.RoleInfo (RoleInfo.java:shutdownFollowerState(121)) - 687f579d-1680-4dd5-8b24-01f078298cef: shutdown FollowerState
2019-11-05 11:28:23,513 [Thread-748] INFO  impl.RaftServerImpl (RaftServerImpl.java:setRole(184)) - 687f579d-1680-4dd5-8b24-01f078298cef@group-E95DC8E8582E: changes role from  FOLLOWER to CANDIDATE at term 33 for changeToCandidate
2019-11-05 11:28:23,532 [Thread-748] INFO  impl.RoleInfo (RoleInfo.java:updateAndGet(143)) - 687f579d-1680-4dd5-8b24-01f078298cef: start LeaderElection
2019-11-05 11:28:23,548 [687f579d-1680-4dd5-8b24-01f078298cef@group-E95DC8E8582E-LeaderElection53] INFO  impl.LeaderElection (LeaderElection.java:askForVotes(178)) - 687f579d-1680-4dd5-8b24-01f078298cef@group-E95DC8E8582E-LeaderElection53: begin an election at term 34 for -1: [90ecfa43-dab6-49d9-b30c-40ef62bfdf2a:192.168.157.252:34192, 687f579d-1680-4dd5-8b24-01f078298cef:192.168.157.252:37962, b8bf4e9b-064a-4520-981c-d6c40c833497:192.168.157.252:43407], old=null
2019-11-05 11:28:23,556 [f7e9932d-fd96-469a-9353-68e47138e5ff@group-21C72E9484D5-LeaderElection52] INFO  impl.LeaderElection (LeaderElection.java:askForVotes(178)) - f7e9932d-fd96-469a-9353-68e47138e5ff@group-21C72E9484D5-LeaderElection52: begin an election at term 27 for -1: [f7e9932d-fd96-469a-9353-68e47138e5ff:192.168.157.252:45025, 1eca16cc-5184-4e43-8e55-175d1516eae4:192.168.157.252:41127, 74a8fb36-eab9-4c53-b7cf-c565055de05a:192.168.157.252:42370], old=null
2019-11-05 11:28:23,583 [grpc-default-executor-1] INFO  impl.RaftServerImpl (RaftServerImpl.java:setRole(184)) - 74a8fb36-eab9-4c53-b7cf-c565055de05a@group-21C72E9484D5: changes role from  FOLLOWER to FOLLOWER at term 27 for recognizeCandidate:f7e9932d-fd96-469a-9353-68e47138e5ff
2019-11-05 11:28:23,584 [grpc-default-executor-1] INFO  impl.RoleInfo (RoleInfo.java:shutdownFollowerState(121)) - 74a8fb36-eab9-4c53-b7cf-c565055de05a: shutdown FollowerState
2019-11-05 11:28:23,584 [grpc-default-executor-1] INFO  impl.RoleInfo (RoleInfo.java:updateAndGet(143)) - 74a8fb36-eab9-4c53-b7cf-c565055de05a: start FollowerState
2019-11-05 11:28:23,584 [Thread-740] INFO  impl.FollowerState (FollowerState.java:run(117)) - 74a8fb36-eab9-4c53-b7cf-c565055de05a@group-21C72E9484D5-FollowerState was interrupted: java.lang.InterruptedException: sleep interrupted
2019-11-05 11:28:23,587 [grpc-default-executor-11] INFO  impl.RaftServerImpl (RaftServerImpl.java:setRole(184)) - 1eca16cc-5184-4e43-8e55-175d1516eae4@group-21C72E9484D5: changes role from  FOLLOWER to FOLLOWER at term 27 for recognizeCandidate:f7e9932d-fd96-469a-9353-68e47138e5ff
2019-11-05 11:28:23,587 [grpc-default-executor-11] INFO  impl.RoleInfo (RoleInfo.java:shutdownFollowerState(121)) - 1eca16cc-5184-4e43-8e55-175d1516eae4: shutdown FollowerState
2019-11-05 11:28:23,591 [grpc-default-executor-11] INFO  impl.RoleInfo (RoleInfo.java:updateAndGet(143)) - 1eca16cc-5184-4e43-8e55-175d1516eae4: start FollowerState
2019-11-05 11:28:23,592 [Thread-739] INFO  impl.FollowerState (FollowerState.java:run(117)) - 1eca16cc-5184-4e43-8e55-175d1516eae4@group-21C72E9484D5-FollowerState was interrupted: java.lang.InterruptedException: sleep interrupted
2019-11-05 11:28:23,601 [grpc-default-executor-9] INFO  impl.RaftServerImpl (RaftServerImpl.java:setRole(184)) - 90ecfa43-dab6-49d9-b30c-40ef62bfdf2a@group-E95DC8E8582E: changes role from  FOLLOWER to FOLLOWER at term 34 for recognizeCandidate:687f579d-1680-4dd5-8b24-01f078298cef
2019-11-05 11:28:23,601 [grpc-default-executor-9] INFO  impl.RoleInfo (RoleInfo.java:shutdownFollowerState(121)) - 90ecfa43-dab6-49d9-b30c-40ef62bfdf2a: shutdown FollowerState
2019-11-05 11:28:23,602 [grpc-default-executor-9] INFO  impl.RoleInfo (RoleInfo.java:updateAndGet(143)) - 90ecfa43-dab6-49d9-b30c-40ef62bfdf2a: start FollowerState
2019-11-05 11:28:23,603 [Thread-744] INFO  impl.FollowerState (FollowerState.java:run(117)) - 90ecfa43-dab6-49d9-b30c-40ef62bfdf2a@group-E95DC8E8582E-FollowerState was interrupted: java.lang.InterruptedException: sleep interrupted
2019-11-05 11:28:23,607 [grpc-default-executor-4] INFO  impl.RaftServerImpl (RaftServerImpl.java:setRole(184)) - b8bf4e9b-064a-4520-981c-d6c40c833497@group-E95DC8E8582E: changes role from  FOLLOWER to FOLLOWER at term 34 for recognizeCandidate:687f579d-1680-4dd5-8b24-01f078298cef
2019-11-05 11:28:23,607 [grpc-default-executor-4] INFO  impl.RoleInfo (RoleInfo.java:shutdownFollowerState(121)) - b8bf4e9b-064a-4520-981c-d6c40c833497: shutdown FollowerState
2019-11-05 11:28:23,649 [Thread-745] INFO  impl.FollowerState (FollowerState.java:run(117)) - b8bf4e9b-064a-4520-981c-d6c40c833497@group-E95DC8E8582E-FollowerState was interrupted: java.lang.InterruptedException: sleep interrupted
2019-11-05 11:28:23,650 [grpc-default-executor-4] INFO  impl.RoleInfo (RoleInfo.java:updateAndGet(143)) - b8bf4e9b-064a-4520-981c-d6c40c833497: start FollowerState
2019-11-05 11:28:23,661 [f7e9932d-fd96-469a-9353-68e47138e5ff@group-21C72E9484D5-LeaderElection52] INFO  impl.LeaderElection (LeaderElection.java:logAndReturn(56)) - f7e9932d-fd96-469a-9353-68e47138e5ff@group-21C72E9484D5-LeaderElection52: Election REJECTED; received 2 response(s) [f7e9932d-fd96-469a-9353-68e47138e5ff<-1eca16cc-5184-4e43-8e55-175d1516eae4#0:FAIL-t27, f7e9932d-fd96-469a-9353-68e47138e5ff<-74a8fb36-eab9-4c53-b7cf-c565055de05a#0:FAIL-t27] and 0 exception(s); f7e9932d-fd96-469a-9353-68e47138e5ff@group-21C72E9484D5:t27, leader=null, voted=f7e9932d-fd96-469a-9353-68e47138e5ff, raftlog=f7e9932d-fd96-469a-9353-68e47138e5ff@group-21C72E9484D5-SegmentedRaftLog:OPENED:c-1,f-1,i0, conf=-1: [f7e9932d-fd96-469a-9353-68e47138e5ff:192.168.157.252:45025, 1eca16cc-5184-4e43-8e55-175d1516eae4:192.168.157.252:41127, 74a8fb36-eab9-4c53-b7cf-c565055de05a:192.168.157.252:42370], old=null
2019-11-05 11:28:23,661 [f7e9932d-fd96-469a-9353-68e47138e5ff@group-21C72E9484D5-LeaderElection52] INFO  impl.RaftServerImpl (RaftServerImpl.java:setRole(184)) - f7e9932d-fd96-469a-9353-68e47138e5ff@group-21C72E9484D5: changes role from CANDIDATE to FOLLOWER at term 27 for DISCOVERED_A_NEW_TERM
2019-11-05 11:28:23,662 [f7e9932d-fd96-469a-9353-68e47138e5ff@group-21C72E9484D5-LeaderElection52] INFO  impl.RoleInfo (RoleInfo.java:shutdownLeaderElection(134)) - f7e9932d-fd96-469a-9353-68e47138e5ff: shutdown LeaderElection
2019-11-05 11:28:23,662 [f7e9932d-fd96-469a-9353-68e47138e5ff@group-21C72E9484D5-LeaderElection52] INFO  impl.RoleInfo (RoleInfo.java:updateAndGet(143)) - f7e9932d-fd96-469a-9353-68e47138e5ff: start FollowerState
2019-11-05 11:28:23,686 [687f579d-1680-4dd5-8b24-01f078298cef@group-E95DC8E8582E-LeaderElection53] INFO  impl.LeaderElection (LeaderElection.java:logAndReturn(56)) - 687f579d-1680-4dd5-8b24-01f078298cef@group-E95DC8E8582E-LeaderElection53: Election REJECTED; received 2 response(s) [687f579d-1680-4dd5-8b24-01f078298cef<-90ecfa43-dab6-49d9-b30c-40ef62bfdf2a#0:FAIL-t34, 687f579d-1680-4dd5-8b24-01f078298cef<-b8bf4e9b-064a-4520-981c-d6c40c833497#0:FAIL-t34] and 0 exception(s); 687f579d-1680-4dd5-8b24-01f078298cef@group-E95DC8E8582E:t34, leader=null, voted=687f579d-1680-4dd5-8b24-01f078298cef, raftlog=687f579d-1680-4dd5-8b24-01f078298cef@group-E95DC8E8582E-SegmentedRaftLog:OPENED:c-1,f-1,i0, conf=-1: [90ecfa43-dab6-49d9-b30c-40ef62bfdf2a:192.168.157.252:34192, 687f579d-1680-4dd5-8b24-01f078298cef:192.168.157.252:37962, b8bf4e9b-064a-4520-981c-d6c40c833497:192.168.157.252:43407], old=null
2019-11-05 11:28:23,686 [687f579d-1680-4dd5-8b24-01f078298cef@group-E95DC8E8582E-LeaderElection53] INFO  impl.RaftServerImpl (RaftServerImpl.java:setRole(184)) - 687f579d-1680-4dd5-8b24-01f078298cef@group-E95DC8E8582E: changes role from CANDIDATE to FOLLOWER at term 34 for DISCOVERED_A_NEW_TERM
2019-11-05 11:28:23,686 [687f579d-1680-4dd5-8b24-01f078298cef@group-E95DC8E8582E-LeaderElection53] INFO  impl.RoleInfo (RoleInfo.java:shutdownLeaderElection(134)) - 687f579d-1680-4dd5-8b24-01f078298cef: shutdown LeaderElection
2019-11-05 11:28:23,686 [687f579d-1680-4dd5-8b24-01f078298cef@group-E95DC8E8582E-LeaderElection53] INFO  impl.RoleInfo (RoleInfo.java:updateAndGet(143)) - 687f579d-1680-4dd5-8b24-01f078298cef: start FollowerState
2019-11-05 11:28:23,692 [Thread-759] INFO  impl.FollowerState (FollowerState.java:run(108)) - f7e9932d-fd96-469a-9353-68e47138e5ff@group-21C72E9484D5-FollowerState: change to CANDIDATE, lastRpcTime:30ms, electionTimeout:8ms
2019-11-05 11:28:23,692 [Thread-759] INFO  impl.RoleInfo (RoleInfo.java:shutdownFollowerState(121)) - f7e9932d-fd96-469a-9353-68e47138e5ff: shutdown FollowerState
2019-11-05 11:28:23,692 [Thread-759] INFO  impl.RaftServerImpl (RaftServerImpl.java:setRole(184)) - f7e9932d-fd96-469a-9353-68e47138e5ff@group-21C72E9484D5: changes role from  FOLLOWER to CANDIDATE at term 27 for changeToCandidate
2019-11-05 11:28:23,698 [Thread-759] INFO  impl.RoleInfo (RoleInfo.java:updateAndGet(143)) - f7e9932d-fd96-469a-9353-68e47138e5ff: start LeaderElection
2019-11-05 11:28:23,709 [f7e9932d-fd96-469a-9353-68e47138e5ff@group-21C72E9484D5-LeaderElection54] INFO  impl.LeaderElection (LeaderElection.java:askForVotes(178)) - f7e9932d-fd96-469a-9353-68e47138e5ff@group-21C72E9484D5-LeaderElection54: begin an election at term 28 for -1: [f7e9932d-fd96-469a-9353-68e47138e5ff:192.168.157.252:45025, 1eca16cc-5184-4e43-8e55-175d1516eae4:192.168.157.252:41127, 74a8fb36-eab9-4c53-b7cf-c565055de05a:192.168.157.252:42370], old=null
2019-11-05 11:28:23,725 [grpc-default-executor-4] INFO  impl.RaftServerImpl (RaftServerImpl.java:setRole(184)) - 1eca16cc-5184-4e43-8e55-175d1516eae4@group-21C72E9484D5: changes role from  FOLLOWER to FOLLOWER at term 28 for recognizeCandidate:f7e9932d-fd96-469a-9353-68e47138e5ff
2019-11-05 11:28:23,726 [grpc-default-executor-4] INFO  impl.RoleInfo (RoleInfo.java:shutdownFollowerState(121)) - 1eca16cc-5184-4e43-8e55-175d1516eae4: shutdown FollowerState
2019-11-05 11:28:23,799 [grpc-default-executor-4] INFO  impl.RoleInfo (RoleInfo.java:updateAndGet(143)) - 1eca16cc-5184-4e43-8e55-175d1516eae4: start FollowerState
2019-11-05 11:28:23,800 [Thread-756] INFO  impl.FollowerState (FollowerState.java:run(117)) - 1eca16cc-5184-4e43-8e55-175d1516eae4@group-21C72E9484D5-FollowerState was interrupted: java.lang.InterruptedException: sleep interrupted
2019-11-05 11:28:23,801 [Thread-760] INFO  impl.FollowerState (FollowerState.java:run(108)) - 687f579d-1680-4dd5-8b24-01f078298cef@group-E95DC8E8582E-FollowerState: change to CANDIDATE, lastRpcTime:114ms, electionTimeout:46ms
2019-11-05 11:28:23,801 [Thread-760] INFO  impl.RoleInfo (RoleInfo.java:shutdownFollowerState(121)) - 687f579d-1680-4dd5-8b24-01f078298cef: shutdown FollowerState
2019-11-05 11:28:23,801 [Thread-760] INFO  impl.RaftServerImpl (RaftServerImpl.java:setRole(184)) - 687f579d-1680-4dd5-8b24-01f078298cef@group-E95DC8E8582E: changes role from  FOLLOWER to CANDIDATE at term 34 for changeToCandidate
2019-11-05 11:28:23,802 [Thread-760] INFO  impl.RoleInfo (RoleInfo.java:updateAndGet(143)) - 687f579d-1680-4dd5-8b24-01f078298cef: start LeaderElection
2019-11-05 11:28:23,828 [grpc-default-executor-11] INFO  impl.RaftServerImpl (RaftServerImpl.java:setRole(184)) - 74a8fb36-eab9-4c53-b7cf-c565055de05a@group-21C72E9484D5: changes role from  FOLLOWER to FOLLOWER at term 28 for recognizeCandidate:f7e9932d-fd96-469a-9353-68e47138e5ff
2019-11-05 11:28:23,828 [grpc-default-executor-11] INFO  impl.RoleInfo (RoleInfo.java:shutdownFollowerState(121)) - 74a8fb36-eab9-4c53-b7cf-c565055de05a: shutdown FollowerState
2019-11-05 11:28:23,828 [grpc-default-executor-11] INFO  impl.RoleInfo (RoleInfo.java:updateAndGet(143)) - 74a8fb36-eab9-4c53-b7cf-c565055de05a: start FollowerState
2019-11-05 11:28:23,832 [Thread-755] INFO  impl.FollowerState (FollowerState.java:run(117)) - 74a8fb36-eab9-4c53-b7cf-c565055de05a@group-21C72E9484D5-FollowerState was interrupted: java.lang.InterruptedException: sleep interrupted
2019-11-05 11:28:23,858 [687f579d-1680-4dd5-8b24-01f078298cef@group-E95DC8E8582E-LeaderElection55] INFO  impl.LeaderElection (LeaderElection.java:askForVotes(178)) - 687f579d-1680-4dd5-8b24-01f078298cef@group-E95DC8E8582E-LeaderElection55: begin an election at term 35 for -1: [90ecfa43-dab6-49d9-b30c-40ef62bfdf2a:192.168.157.252:34192, 687f579d-1680-4dd5-8b24-01f078298cef:192.168.157.252:37962, b8bf4e9b-064a-4520-981c-d6c40c833497:192.168.157.252:43407], old=null
2019-11-05 11:28:23,860 [grpc-default-executor-9] INFO  impl.RaftServerImpl (RaftServerImpl.java:setRole(184)) - 90ecfa43-dab6-49d9-b30c-40ef62bfdf2a@group-E95DC8E8582E: changes role from  FOLLOWER to FOLLOWER at term 35 for recognizeCandidate:687f579d-1680-4dd5-8b24-01f078298cef
2019-11-05 11:28:23,860 [grpc-default-executor-4] INFO  impl.RaftServerImpl (RaftServerImpl.java:setRole(184)) - b8bf4e9b-064a-4520-981c-d6c40c833497@group-E95DC8E8582E: changes role from  FOLLOWER to FOLLOWER at term 35 for recognizeCandidate:687f579d-1680-4dd5-8b24-01f078298cef
2019-11-05 11:28:23,860 [grpc-default-executor-9] INFO  impl.RoleInfo (RoleInfo.java:shutdownFollowerState(121)) - 90ecfa43-dab6-49d9-b30c-40ef62bfdf2a: shutdown FollowerState
2019-11-05 11:28:23,860 [grpc-default-executor-4] INFO  impl.RoleInfo (RoleInfo.java:shutdownFollowerState(121)) - b8bf4e9b-064a-4520-981c-d6c40c833497: shutdown FollowerState
2019-11-05 11:28:23,860 [grpc-default-executor-9] INFO  impl.RoleInfo (RoleInfo.java:updateAndGet(143)) - 90ecfa43-dab6-49d9-b30c-40ef62bfdf2a: start FollowerState
2019-11-05 11:28:23,860 [Thread-757] INFO  impl.FollowerState (FollowerState.java:run(117)) - 90ecfa43-dab6-49d9-b30c-40ef62bfdf2a@group-E95DC8E8582E-FollowerState was interrupted: java.lang.InterruptedException: sleep interrupted
2019-11-05 11:28:23,861 [Thread-758] INFO  impl.FollowerState (FollowerState.java:run(117)) - b8bf4e9b-064a-4520-981c-d6c40c833497@group-E95DC8E8582E-FollowerState was interrupted: java.lang.InterruptedException: sleep interrupted
2019-11-05 11:28:23,861 [grpc-default-executor-4] INFO  impl.RoleInfo (RoleInfo.java:updateAndGet(143)) - b8bf4e9b-064a-4520-981c-d6c40c833497: start FollowerState
2019-11-05 11:28:23,876 [687f579d-1680-4dd5-8b24-01f078298cef@group-E95DC8E8582E-LeaderElection55] INFO  impl.LeaderElection (LeaderElection.java:logAndReturn(56)) - 687f579d-1680-4dd5-8b24-01f078298cef@group-E95DC8E8582E-LeaderElection55: Election REJECTED; received 2 response(s) [687f579d-1680-4dd5-8b24-01f078298cef<-90ecfa43-dab6-49d9-b30c-40ef62bfdf2a#0:FAIL-t35, 687f579d-1680-4dd5-8b24-01f078298cef<-b8bf4e9b-064a-4520-981c-d6c40c833497#0:FAIL-t35] and 0 exception(s); 687f579d-1680-4dd5-8b24-01f078298cef@group-E95DC8E8582E:t35, leader=null, voted=687f579d-1680-4dd5-8b24-01f078298cef, raftlog=687f579d-1680-4dd5-8b24-01f078298cef@group-E95DC8E8582E-SegmentedRaftLog:OPENED:c-1,f-1,i0, conf=-1: [90ecfa43-dab6-49d9-b30c-40ef62bfdf2a:192.168.157.252:34192, 687f579d-1680-4dd5-8b24-01f078298cef:192.168.157.252:37962, b8bf4e9b-064a-4520-981c-d6c40c833497:192.168.157.252:43407], old=null
2019-11-05 11:28:23,876 [f7e9932d-fd96-469a-9353-68e47138e5ff@group-21C72E9484D5-LeaderElection54] INFO  impl.LeaderElection (LeaderElection.java:logAndReturn(56)) - f7e9932d-fd96-469a-9353-68e47138e5ff@group-21C72E9484D5-LeaderElection54: Election REJECTED; received 2 response(s) [f7e9932d-fd96-469a-9353-68e47138e5ff<-1eca16cc-5184-4e43-8e55-175d1516eae4#0:FAIL-t28, f7e9932d-fd96-469a-9353-68e47138e5ff<-74a8fb36-eab9-4c53-b7cf-c565055de05a#0:FAIL-t28] and 0 exception(s); f7e9932d-fd96-469a-9353-68e47138e5ff@group-21C72E9484D5:t28, leader=null, voted=f7e9932d-fd96-469a-9353-68e47138e5ff, raftlog=f7e9932d-fd96-469a-9353-68e47138e5ff@group-21C72E9484D5-SegmentedRaftLog:OPENED:c-1,f-1,i0, conf=-1: [f7e9932d-fd96-469a-9353-68e47138e5ff:192.168.157.252:45025, 1eca16cc-5184-4e43-8e55-175d1516eae4:192.168.157.252:41127, 74a8fb36-eab9-4c53-b7cf-c565055de05a:192.168.157.252:42370], old=null
2019-11-05 11:28:23,876 [687f579d-1680-4dd5-8b24-01f078298cef@group-E95DC8E8582E-LeaderElection55] INFO  impl.RaftServerImpl (RaftServerImpl.java:setRole(184)) - 687f579d-1680-4dd5-8b24-01f078298cef@group-E95DC8E8582E: changes role from CANDIDATE to FOLLOWER at term 35 for DISCOVERED_A_NEW_TERM
2019-11-05 11:28:23,876 [f7e9932d-fd96-469a-9353-68e47138e5ff@group-21C72E9484D5-LeaderElection54] INFO  impl.RaftServerImpl (RaftServerImpl.java:setRole(184)) - f7e9932d-fd96-469a-9353-68e47138e5ff@group-21C72E9484D5: changes role from CANDIDATE to FOLLOWER at term 28 for DISCOVERED_A_NEW_TERM
2019-11-05 11:28:23,877 [687f579d-1680-4dd5-8b24-01f078298cef@group-E95DC8E8582E-LeaderElection55] INFO  impl.RoleInfo (RoleInfo.java:shutdownLeaderElection(134)) - 687f579d-1680-4dd5-8b24-01f078298cef: shutdown LeaderElection
2019-11-05 11:28:23,877 [f7e9932d-fd96-469a-9353-68e47138e5ff@group-21C72E9484D5-LeaderElection54] INFO  impl.RoleInfo (RoleInfo.java:shutdownLeaderElection(134)) - f7e9932d-fd96-469a-9353-68e47138e5ff: shutdown LeaderElection
2019-11-05 11:28:23,877 [687f579d-1680-4dd5-8b24-01f078298cef@group-E95DC8E8582E-LeaderElection55] INFO  impl.RoleInfo (RoleInfo.java:updateAndGet(143)) - 687f579d-1680-4dd5-8b24-01f078298cef: start FollowerState
2019-11-05 11:28:23,877 [f7e9932d-fd96-469a-9353-68e47138e5ff@group-21C72E9484D5-LeaderElection54] INFO  impl.RoleInfo (RoleInfo.java:updateAndGet(143)) - f7e9932d-fd96-469a-9353-68e47138e5ff: start FollowerState
2019-11-05 11:28:23,958 [Thread-773] INFO  impl.FollowerState (FollowerState.java:run(108)) - 687f579d-1680-4dd5-8b24-01f078298cef@group-E95DC8E8582E-FollowerState: change to CANDIDATE, lastRpcTime:81ms, electionTimeout:81ms
2019-11-05 11:28:23,959 [Thread-773] INFO  impl.RoleInfo (RoleInfo.java:shutdownFollowerState(121)) - 687f579d-1680-4dd5-8b24-01f078298cef: shutdown FollowerState
2019-11-05 11:28:23,959 [Thread-773] INFO  impl.RaftServerImpl (RaftServerImpl.java:setRole(184)) - 687f579d-1680-4dd5-8b24-01f078298cef@group-E95DC8E8582E: changes role from  FOLLOWER to CANDIDATE at term 35 for changeToCandidate
2019-11-05 11:28:23,959 [Thread-773] INFO  impl.RoleInfo (RoleInfo.java:updateAndGet(143)) - 687f579d-1680-4dd5-8b24-01f078298cef: start LeaderElection
2019-11-05 11:28:23,973 [687f579d-1680-4dd5-8b24-01f078298cef@group-E95DC8E8582E-LeaderElection56] INFO  impl.LeaderElection (LeaderElection.java:askForVotes(178)) - 687f579d-1680-4dd5-8b24-01f078298cef@group-E95DC8E8582E-LeaderElection56: begin an election at term 36 for -1: [90ecfa43-dab6-49d9-b30c-40ef62bfdf2a:192.168.157.252:34192, 687f579d-1680-4dd5-8b24-01f078298cef:192.168.157.252:37962, b8bf4e9b-064a-4520-981c-d6c40c833497:192.168.157.252:43407], old=null
2019-11-05 11:28:23,977 [grpc-default-executor-11] INFO  impl.RaftServerImpl (RaftServerImpl.java:setRole(184)) - 90ecfa43-dab6-49d9-b30c-40ef62bfdf2a@group-E95DC8E8582E: changes role from  FOLLOWER to FOLLOWER at term 36 for recognizeCandidate:687f579d-1680-4dd5-8b24-01f078298cef
2019-11-05 11:28:23,978 [grpc-default-executor-11] INFO  impl.RoleInfo (RoleInfo.java:shutdownFollowerState(121)) - 90ecfa43-dab6-49d9-b30c-40ef62bfdf2a: shutdown FollowerState
2019-11-05 11:28:23,978 [grpc-default-executor-11] INFO  impl.RoleInfo (RoleInfo.java:updateAndGet(143)) - 90ecfa43-dab6-49d9-b30c-40ef62bfdf2a: start FollowerState
2019-11-05 11:28:23,978 [Thread-771] INFO  impl.FollowerState (FollowerState.java:run(117)) - 90ecfa43-dab6-49d9-b30c-40ef62bfdf2a@group-E95DC8E8582E-FollowerState was interrupted: java.lang.InterruptedException: sleep interrupted
2019-11-05 11:28:23,981 [grpc-default-executor-9] INFO  impl.RaftServerImpl (RaftServerImpl.java:setRole(184)) - b8bf4e9b-064a-4520-981c-d6c40c833497@group-E95DC8E8582E: changes role from  FOLLOWER to FOLLOWER at term 36 for recognizeCandidate:687f579d-1680-4dd5-8b24-01f078298cef
2019-11-05 11:28:23,981 [grpc-default-executor-9] INFO  impl.RoleInfo (RoleInfo.java:shutdownFollowerState(121)) - b8bf4e9b-064a-4520-981c-d6c40c833497: shutdown FollowerState
2019-11-05 11:28:23,981 [grpc-default-executor-9] INFO  impl.RoleInfo (RoleInfo.java:updateAndGet(143)) - b8bf4e9b-064a-4520-981c-d6c40c833497: start FollowerState
2019-11-05 11:28:23,981 [Thread-772] INFO  impl.FollowerState (FollowerState.java:run(117)) - b8bf4e9b-064a-4520-981c-d6c40c833497@group-E95DC8E8582E-FollowerState was interrupted: java.lang.InterruptedException: sleep interrupted
2019-11-05 11:28:24,004 [687f579d-1680-4dd5-8b24-01f078298cef@group-E95DC8E8582E-LeaderElection56] INFO  impl.LeaderElection (LeaderElection.java:logAndReturn(56)) - 687f579d-1680-4dd5-8b24-01f078298cef@group-E95DC8E8582E-LeaderElection56: Election REJECTED; received 2 response(s) [687f579d-1680-4dd5-8b24-01f078298cef<-90ecfa43-dab6-49d9-b30c-40ef62bfdf2a#0:FAIL-t36, 687f579d-1680-4dd5-8b24-01f078298cef<-b8bf4e9b-064a-4520-981c-d6c40c833497#0:FAIL-t36] and 0 exception(s); 687f579d-1680-4dd5-8b24-01f078298cef@group-E95DC8E8582E:t36, leader=null, voted=687f579d-1680-4dd5-8b24-01f078298cef, raftlog=687f579d-1680-4dd5-8b24-01f078298cef@group-E95DC8E8582E-SegmentedRaftLog:OPENED:c-1,f-1,i0, conf=-1: [90ecfa43-dab6-49d9-b30c-40ef62bfdf2a:192.168.157.252:34192, 687f579d-1680-4dd5-8b24-01f078298cef:192.168.157.252:37962, b8bf4e9b-064a-4520-981c-d6c40c833497:192.168.157.252:43407], old=null
2019-11-05 11:28:24,005 [687f579d-1680-4dd5-8b24-01f078298cef@group-E95DC8E8582E-LeaderElection56] INFO  impl.RaftServerImpl (RaftServerImpl.java:setRole(184)) - 687f579d-1680-4dd5-8b24-01f078298cef@group-E95DC8E8582E: changes role from CANDIDATE to FOLLOWER at term 36 for DISCOVERED_A_NEW_TERM
2019-11-05 11:28:24,005 [687f579d-1680-4dd5-8b24-01f078298cef@group-E95DC8E8582E-LeaderElection56] INFO  impl.RoleInfo (RoleInfo.java:shutdownLeaderElection(134)) - 687f579d-1680-4dd5-8b24-01f078298cef: shutdown LeaderElection
2019-11-05 11:28:24,005 [687f579d-1680-4dd5-8b24-01f078298cef@group-E95DC8E8582E-LeaderElection56] INFO  impl.RoleInfo (RoleInfo.java:updateAndGet(143)) - 687f579d-1680-4dd5-8b24-01f078298cef: start FollowerState
2019-11-05 11:28:24,015 [Thread-774] INFO  impl.FollowerState (FollowerState.java:run(108)) - f7e9932d-fd96-469a-9353-68e47138e5ff@group-21C72E9484D5-FollowerState: change to CANDIDATE, lastRpcTime:138ms, electionTimeout:138ms
2019-11-05 11:28:24,016 [Thread-774] INFO  impl.RoleInfo (RoleInfo.java:shutdownFollowerState(121)) - f7e9932d-fd96-469a-9353-68e47138e5ff: shutdown FollowerState
2019-11-05 11:28:24,016 [Thread-774] INFO  impl.RaftServerImpl (RaftServerImpl.java:setRole(184)) - f7e9932d-fd96-469a-9353-68e47138e5ff@group-21C72E9484D5: changes role from  FOLLOWER to CANDIDATE at term 28 for changeToCandidate
2019-11-05 11:28:24,016 [Thread-774] INFO  impl.RoleInfo (RoleInfo.java:updateAndGet(143)) - f7e9932d-fd96-469a-9353-68e47138e5ff: start LeaderElection
2019-11-05 11:28:24,030 [f7e9932d-fd96-469a-9353-68e47138e5ff@group-21C72E9484D5-LeaderElection57] INFO  impl.LeaderElection (LeaderElection.java:askForVotes(178)) - f7e9932d-fd96-469a-9353-68e47138e5ff@group-21C72E9484D5-LeaderElection57: begin an election at term 29 for -1: [f7e9932d-fd96-469a-9353-68e47138e5ff:192.168.157.252:45025, 1eca16cc-5184-4e43-8e55-175d1516eae4:192.168.157.252:41127, 74a8fb36-eab9-4c53-b7cf-c565055de05a:192.168.157.252:42370], old=null
2019-11-05 11:28:24,036 [grpc-default-executor-11] INFO  impl.RaftServerImpl (RaftServerImpl.java:setRole(184)) - 1eca16cc-5184-4e43-8e55-175d1516eae4@group-21C72E9484D5: changes role from  FOLLOWER to FOLLOWER at term 29 for recognizeCandidate:f7e9932d-fd96-469a-9353-68e47138e5ff
2019-11-05 11:28:24,036 [grpc-default-executor-11] INFO  impl.RoleInfo (RoleInfo.java:shutdownFollowerState(121)) - 1eca16cc-5184-4e43-8e55-175d1516eae4: shutdown FollowerState
2019-11-05 11:28:24,037 [grpc-default-executor-11] INFO  impl.RoleInfo (RoleInfo.java:updateAndGet(143)) - 1eca16cc-5184-4e43-8e55-175d1516eae4: start FollowerState
2019-11-05 11:28:24,037 [Thread-764] INFO  impl.FollowerState (FollowerState.java:run(117)) - 1eca16cc-5184-4e43-8e55-175d1516eae4@group-21C72E9484D5-FollowerState was interrupted: java.lang.InterruptedException: sleep interrupted
2019-11-05 11:28:24,042 [grpc-default-executor-9] INFO  impl.RaftServerImpl (RaftServerImpl.java:setRole(184)) - 74a8fb36-eab9-4c53-b7cf-c565055de05a@group-21C72E9484D5: changes role from  FOLLOWER to FOLLOWER at term 29 for recognizeCandidate:f7e9932d-fd96-469a-9353-68e47138e5ff
2019-11-05 11:28:24,042 [grpc-default-executor-9] INFO  impl.RoleInfo (RoleInfo.java:shutdownFollowerState(121)) - 74a8fb36-eab9-4c53-b7cf-c565055de05a: shutdown FollowerState
2019-11-05 11:28:24,042 [grpc-default-executor-9] INFO  impl.RoleInfo (RoleInfo.java:updateAndGet(143)) - 74a8fb36-eab9-4c53-b7cf-c565055de05a: start FollowerState
2019-11-05 11:28:24,054 [f7e9932d-fd96-469a-9353-68e47138e5ff@group-21C72E9484D5-LeaderElection57] INFO  impl.LeaderElection (LeaderElection.java:logAndReturn(56)) - f7e9932d-fd96-469a-9353-68e47138e5ff@group-21C72E9484D5-LeaderElection57: Election REJECTED; received 2 response(s) [f7e9932d-fd96-469a-9353-68e47138e5ff<-1eca16cc-5184-4e43-8e55-175d1516eae4#0:FAIL-t29, f7e9932d-fd96-469a-9353-68e47138e5ff<-74a8fb36-eab9-4c53-b7cf-c565055de05a#0:FAIL-t29] and 0 exception(s); f7e9932d-fd96-469a-9353-68e47138e5ff@group-21C72E9484D5:t29, leader=null, voted=f7e9932d-fd96-469a-9353-68e47138e5ff, raftlog=f7e9932d-fd96-469a-9353-68e47138e5ff@group-21C72E9484D5-SegmentedRaftLog:OPENED:c-1,f-1,i0, conf=-1: [f7e9932d-fd96-469a-9353-68e47138e5ff:192.168.157.252:45025, 1eca16cc-5184-4e43-8e55-175d1516eae4:192.168.157.252:41127, 74a8fb36-eab9-4c53-b7cf-c565055de05a:192.168.157.252:42370], old=null
2019-11-05 11:28:24,054 [f7e9932d-fd96-469a-9353-68e47138e5ff@group-21C72E9484D5-LeaderElection57] INFO  impl.RaftServerImpl (RaftServerImpl.java:setRole(184)) - f7e9932d-fd96-469a-9353-68e47138e5ff@group-21C72E9484D5: changes role from CANDIDATE to FOLLOWER at term 29 for DISCOVERED_A_NEW_TERM
2019-11-05 11:28:24,055 [f7e9932d-fd96-469a-9353-68e47138e5ff@group-21C72E9484D5-LeaderElection57] INFO  impl.RoleInfo (RoleInfo.java:shutdownLeaderElection(134)) - f7e9932d-fd96-469a-9353-68e47138e5ff: shutdown LeaderElection
2019-11-05 11:28:24,055 [f7e9932d-fd96-469a-9353-68e47138e5ff@group-21C72E9484D5-LeaderElection57] INFO  impl.RoleInfo (RoleInfo.java:updateAndGet(143)) - f7e9932d-fd96-469a-9353-68e47138e5ff: start FollowerState
2019-11-05 11:28:24,062 [Thread-768] INFO  impl.FollowerState (FollowerState.java:run(117)) - 74a8fb36-eab9-4c53-b7cf-c565055de05a@group-21C72E9484D5-FollowerState was interrupted: java.lang.InterruptedException: sleep interrupted
2019-11-05 11:28:24,141 [Thread-780] INFO  impl.FollowerState (FollowerState.java:run(108)) - 687f579d-1680-4dd5-8b24-01f078298cef@group-E95DC8E8582E-FollowerState: change to CANDIDATE, lastRpcTime:135ms, electionTimeout:121ms
2019-11-05 11:28:24,141 [Thread-780] INFO  impl.RoleInfo (RoleInfo.java:shutdownFollowerState(121)) - 687f579d-1680-4dd5-8b24-01f078298cef: shutdown FollowerState
2019-11-05 11:28:24,141 [Thread-780] INFO  impl.RaftServerImpl (RaftServerImpl.java:setRole(184)) - 687f579d-1680-4dd5-8b24-01f078298cef@group-E95DC8E8582E: changes role from  FOLLOWER to CANDIDATE at term 36 for changeToCandidate
2019-11-05 11:28:24,142 [Thread-780] INFO  impl.RoleInfo (RoleInfo.java:updateAndGet(143)) - 687f579d-1680-4dd5-8b24-01f078298cef: start LeaderElection
2019-11-05 11:28:24,151 [687f579d-1680-4dd5-8b24-01f078298cef@group-E95DC8E8582E-LeaderElection58] INFO  impl.LeaderElection (LeaderElection.java:askForVotes(178)) - 687f579d-1680-4dd5-8b24-01f078298cef@group-E95DC8E8582E-LeaderElection58: begin an election at term 37 for -1: [90ecfa43-dab6-49d9-b30c-40ef62bfdf2a:192.168.157.252:34192, 687f579d-1680-4dd5-8b24-01f078298cef:192.168.157.252:37962, b8bf4e9b-064a-4520-981c-d6c40c833497:192.168.157.252:43407], old=null
2019-11-05 11:28:24,156 [grpc-default-executor-11] INFO  impl.RaftServerImpl (RaftServerImpl.java:setRole(184)) - b8bf4e9b-064a-4520-981c-d6c40c833497@group-E95DC8E8582E: changes role from  FOLLOWER to FOLLOWER at term 37 for recognizeCandidate:687f579d-1680-4dd5-8b24-01f078298cef
2019-11-05 11:28:24,156 [grpc-default-executor-11] INFO  impl.RoleInfo (RoleInfo.java:shutdownFollowerState(121)) - b8bf4e9b-064a-4520-981c-d6c40c833497: shutdown FollowerState
2019-11-05 11:28:24,156 [grpc-default-executor-11] INFO  impl.RoleInfo (RoleInfo.java:updateAndGet(143)) - b8bf4e9b-064a-4520-981c-d6c40c833497: start FollowerState
2019-11-05 11:28:24,157 [grpc-default-executor-9] INFO  impl.RaftServerImpl (RaftServerImpl.java:setRole(184)) - 90ecfa43-dab6-49d9-b30c-40ef62bfdf2a@group-E95DC8E8582E: changes role from  FOLLOWER to FOLLOWER at term 37 for recognizeCandidate:687f579d-1680-4dd5-8b24-01f078298cef
2019-11-05 11:28:24,157 [grpc-default-executor-9] INFO  impl.RoleInfo (RoleInfo.java:shutdownFollowerState(121)) - 90ecfa43-dab6-49d9-b30c-40ef62bfdf2a: shutdown FollowerState
2019-11-05 11:28:24,157 [grpc-default-executor-9] INFO  impl.RoleInfo (RoleInfo.java:updateAndGet(143)) - 90ecfa43-dab6-49d9-b30c-40ef62bfdf2a: start FollowerState
2019-11-05 11:28:24,157 [Thread-778] INFO  impl.FollowerState (FollowerState.java:run(117)) - 90ecfa43-dab6-49d9-b30c-40ef62bfdf2a@group-E95DC8E8582E-FollowerState was interrupted: java.lang.InterruptedException: sleep interrupted
2019-11-05 11:28:24,157 [Thread-779] INFO  impl.FollowerState (FollowerState.java:run(117)) - b8bf4e9b-064a-4520-981c-d6c40c833497@group-E95DC8E8582E-FollowerState was interrupted: java.lang.InterruptedException: sleep interrupted
2019-11-05 11:28:24,199 [Thread-786] INFO  impl.FollowerState (FollowerState.java:run(108)) - f7e9932d-fd96-469a-9353-68e47138e5ff@group-21C72E9484D5-FollowerState: change to CANDIDATE, lastRpcTime:144ms, electionTimeout:133ms
2019-11-05 11:28:24,199 [Thread-786] INFO  impl.RoleInfo (RoleInfo.java:shutdownFollowerState(121)) - f7e9932d-fd96-469a-9353-68e47138e5ff: shutdown FollowerState
2019-11-05 11:28:24,200 [Thread-786] INFO  impl.RaftServerImpl (RaftServerImpl.java:setRole(184)) - f7e9932d-fd96-469a-9353-68e47138e5ff@group-21C72E9484D5: changes role from  FOLLOWER to CANDIDATE at term 29 for changeToCandidate
2019-11-05 11:28:24,200 [Thread-786] INFO  impl.RoleInfo (RoleInfo.java:updateAndGet(143)) - f7e9932d-fd96-469a-9353-68e47138e5ff: start LeaderElection
2019-11-05 11:28:24,202 [687f579d-1680-4dd5-8b24-01f078298cef@group-E95DC8E8582E-LeaderElection58] INFO  impl.LeaderElection (LeaderElection.java:logAndReturn(56)) - 687f579d-1680-4dd5-8b24-01f078298cef@group-E95DC8E8582E-LeaderElection58: Election REJECTED; received 2 response(s) [687f579d-1680-4dd5-8b24-01f078298cef<-90ecfa43-dab6-49d9-b30c-40ef62bfdf2a#0:FAIL-t37, 687f579d-1680-4dd5-8b24-01f078298cef<-b8bf4e9b-064a-4520-981c-d6c40c833497#0:FAIL-t37] and 0 exception(s); 687f579d-1680-4dd5-8b24-01f078298cef@group-E95DC8E8582E:t37, leader=null, voted=687f579d-1680-4dd5-8b24-01f078298cef, raftlog=687f579d-1680-4dd5-8b24-01f078298cef@group-E95DC8E8582E-SegmentedRaftLog:OPENED:c-1,f-1,i0, conf=-1: [90ecfa43-dab6-49d9-b30c-40ef62bfdf2a:192.168.157.252:34192, 687f579d-1680-4dd5-8b24-01f078298cef:192.168.157.252:37962, b8bf4e9b-064a-4520-981c-d6c40c833497:192.168.157.252:43407], old=null
2019-11-05 11:28:24,221 [687f579d-1680-4dd5-8b24-01f078298cef@group-E95DC8E8582E-LeaderElection58] INFO  impl.RaftServerImpl (RaftServerImpl.java:setRole(184)) - 687f579d-1680-4dd5-8b24-01f078298cef@group-E95DC8E8582E: changes role from CANDIDATE to FOLLOWER at term 37 for DISCOVERED_A_NEW_TERM
2019-11-05 11:28:24,221 [687f579d-1680-4dd5-8b24-01f078298cef@group-E95DC8E8582E-LeaderElection58] INFO  impl.RoleInfo (RoleInfo.java:shutdownLeaderElection(134)) - 687f579d-1680-4dd5-8b24-01f078298cef: shutdown LeaderElection
2019-11-05 11:28:24,221 [687f579d-1680-4dd5-8b24-01f078298cef@group-E95DC8E8582E-LeaderElection58] INFO  impl.RoleInfo (RoleInfo.java:updateAndGet(143)) - 687f579d-1680-4dd5-8b24-01f078298cef: start FollowerState
2019-11-05 11:28:24,237 [f7e9932d-fd96-469a-9353-68e47138e5ff@group-21C72E9484D5-LeaderElection59] INFO  impl.LeaderElection (LeaderElection.java:askForVotes(178)) - f7e9932d-fd96-469a-9353-68e47138e5ff@group-21C72E9484D5-LeaderElection59: begin an election at term 30 for -1: [f7e9932d-fd96-469a-9353-68e47138e5ff:192.168.157.252:45025, 1eca16cc-5184-4e43-8e55-175d1516eae4:192.168.157.252:41127, 74a8fb36-eab9-4c53-b7cf-c565055de05a:192.168.157.252:42370], old=null
2019-11-05 11:28:24,240 [grpc-default-executor-9] INFO  impl.RaftServerImpl (RaftServerImpl.java:setRole(184)) - 1eca16cc-5184-4e43-8e55-175d1516eae4@group-21C72E9484D5: changes role from  FOLLOWER to FOLLOWER at term 30 for recognizeCandidate:f7e9932d-fd96-469a-9353-68e47138e5ff
2019-11-05 11:28:24,240 [grpc-default-executor-9] INFO  impl.RoleInfo (RoleInfo.java:shutdownFollowerState(121)) - 1eca16cc-5184-4e43-8e55-175d1516eae4: shutdown FollowerState
2019-11-05 11:28:24,241 [grpc-default-executor-9] INFO  impl.RoleInfo (RoleInfo.java:updateAndGet(143)) - 1eca16cc-5184-4e43-8e55-175d1516eae4: start FollowerState
2019-11-05 11:28:24,243 [Thread-784] INFO  impl.FollowerState (FollowerState.java:run(117)) - 1eca16cc-5184-4e43-8e55-175d1516eae4@group-21C72E9484D5-FollowerState was interrupted: java.lang.InterruptedException: sleep interrupted
2019-11-05 11:28:24,245 [grpc-default-executor-11] INFO  impl.RaftServerImpl (RaftServerImpl.java:setRole(184)) - 74a8fb36-eab9-4c53-b7cf-c565055de05a@group-21C72E9484D5: changes role from  FOLLOWER to FOLLOWER at term 30 for recognizeCandidate:f7e9932d-fd96-469a-9353-68e47138e5ff
2019-11-05 11:28:24,246 [grpc-default-executor-11] INFO  impl.RoleInfo (RoleInfo.java:shutdownFollowerState(121)) - 74a8fb36-eab9-4c53-b7cf-c565055de05a: shutdown FollowerState
2019-11-05 11:28:24,246 [grpc-default-executor-11] INFO  impl.RoleInfo (RoleInfo.java:updateAndGet(143)) - 74a8fb36-eab9-4c53-b7cf-c565055de05a: start FollowerState
2019-11-05 11:28:24,246 [Thread-785] INFO  impl.FollowerState (FollowerState.java:run(117)) - 74a8fb36-eab9-4c53-b7cf-c565055de05a@group-21C72E9484D5-FollowerState was interrupted: java.lang.InterruptedException: sleep interrupted
2019-11-05 11:28:24,281 [f7e9932d-fd96-469a-9353-68e47138e5ff@group-21C72E9484D5-LeaderElection59] INFO  impl.LeaderElection (LeaderElection.java:logAndReturn(56)) - f7e9932d-fd96-469a-9353-68e47138e5ff@group-21C72E9484D5-LeaderElection59: Election REJECTED; received 2 response(s) [f7e9932d-fd96-469a-9353-68e47138e5ff<-1eca16cc-5184-4e43-8e55-175d1516eae4#0:FAIL-t30, f7e9932d-fd96-469a-9353-68e47138e5ff<-74a8fb36-eab9-4c53-b7cf-c565055de05a#0:FAIL-t30] and 0 exception(s); f7e9932d-fd96-469a-9353-68e47138e5ff@group-21C72E9484D5:t30, leader=null, voted=f7e9932d-fd96-469a-9353-68e47138e5ff, raftlog=f7e9932d-fd96-469a-9353-68e47138e5ff@group-21C72E9484D5-SegmentedRaftLog:OPENED:c-1,f-1,i0, conf=-1: [f7e9932d-fd96-469a-9353-68e47138e5ff:192.168.157.252:45025, 1eca16cc-5184-4e43-8e55-175d1516eae4:192.168.157.252:41127, 74a8fb36-eab9-4c53-b7cf-c565055de05a:192.168.157.252:42370], old=null
2019-11-05 11:28:24,281 [f7e9932d-fd96-469a-9353-68e47138e5ff@group-21C72E9484D5-LeaderElection59] INFO  impl.RaftServerImpl (RaftServerImpl.java:setRole(184)) - f7e9932d-fd96-469a-9353-68e47138e5ff@group-21C72E9484D5: changes role from CANDIDATE to FOLLOWER at term 30 for DISCOVERED_A_NEW_TERM
2019-11-05 11:28:24,281 [f7e9932d-fd96-469a-9353-68e47138e5ff@group-21C72E9484D5-LeaderElection59] INFO  impl.RoleInfo (RoleInfo.java:shutdownLeaderElection(134)) - f7e9932d-fd96-469a-9353-68e47138e5ff: shutdown LeaderElection
2019-11-05 11:28:24,282 [f7e9932d-fd96-469a-9353-68e47138e5ff@group-21C72E9484D5-LeaderElection59] INFO  impl.RoleInfo (RoleInfo.java:updateAndGet(143)) - f7e9932d-fd96-469a-9353-68e47138e5ff: start FollowerState
2019-11-05 11:28:24,293 [Thread-798] INFO  impl.FollowerState (FollowerState.java:run(108)) - f7e9932d-fd96-469a-9353-68e47138e5ff@group-21C72E9484D5-FollowerState: change to CANDIDATE, lastRpcTime:11ms, electionTimeout:1ms
2019-11-05 11:28:24,293 [Thread-798] INFO  impl.RoleInfo (RoleInfo.java:shutdownFollowerState(121)) - f7e9932d-fd96-469a-9353-68e47138e5ff: shutdown FollowerState
2019-11-05 11:28:24,294 [Thread-798] INFO  impl.RaftServerImpl (RaftServerImpl.java:setRole(184)) - f7e9932d-fd96-469a-9353-68e47138e5ff@group-21C72E9484D5: changes role from  FOLLOWER to CANDIDATE at term 30 for changeToCandidate
2019-11-05 11:28:24,294 [Thread-798] INFO  impl.RoleInfo (RoleInfo.java:updateAndGet(143)) - f7e9932d-fd96-469a-9353-68e47138e5ff: start LeaderElection
2019-11-05 11:28:24,324 [f7e9932d-fd96-469a-9353-68e47138e5ff@group-21C72E9484D5-LeaderElection60] INFO  impl.LeaderElection (LeaderElection.java:askForVotes(178)) - f7e9932d-fd96-469a-9353-68e47138e5ff@group-21C72E9484D5-LeaderElection60: begin an election at term 31 for -1: [f7e9932d-fd96-469a-9353-68e47138e5ff:192.168.157.252:45025, 1eca16cc-5184-4e43-8e55-175d1516eae4:192.168.157.252:41127, 74a8fb36-eab9-4c53-b7cf-c565055de05a:192.168.157.252:42370], old=null
2019-11-05 11:28:24,329 [grpc-default-executor-9] INFO  impl.RaftServerImpl (RaftServerImpl.java:setRole(184)) - 74a8fb36-eab9-4c53-b7cf-c565055de05a@group-21C72E9484D5: changes role from  FOLLOWER to FOLLOWER at term 31 for recognizeCandidate:f7e9932d-fd96-469a-9353-68e47138e5ff
2019-11-05 11:28:24,329 [grpc-default-executor-9] INFO  impl.RoleInfo (RoleInfo.java:shutdownFollowerState(121)) - 74a8fb36-eab9-4c53-b7cf-c565055de05a: shutdown FollowerState
2019-11-05 11:28:24,329 [grpc-default-executor-9] INFO  impl.RoleInfo (RoleInfo.java:updateAndGet(143)) - 74a8fb36-eab9-4c53-b7cf-c565055de05a: start FollowerState
2019-11-05 11:28:24,330 [Thread-797] INFO  impl.FollowerState (FollowerState.java:run(117)) - 74a8fb36-eab9-4c53-b7cf-c565055de05a@group-21C72E9484D5-FollowerState was interrupted: java.lang.InterruptedException: sleep interrupted
2019-11-05 11:28:24,335 [f7e9932d-fd96-469a-9353-68e47138e5ff@group-21C72E9484D5-LeaderElection60] INFO  impl.LeaderElection (LeaderElection.java:logAndReturn(56)) - f7e9932d-fd96-469a-9353-68e47138e5ff@group-21C72E9484D5-LeaderElection60: Election TIMEOUT; received 0 response(s) [] and 0 exception(s); f7e9932d-fd96-469a-9353-68e47138e5ff@group-21C72E9484D5:t31, leader=null, voted=f7e9932d-fd96-469a-9353-68e47138e5ff, raftlog=f7e9932d-fd96-469a-9353-68e47138e5ff@group-21C72E9484D5-SegmentedRaftLog:OPENED:c-1,f-1,i0, conf=-1: [f7e9932d-fd96-469a-9353-68e47138e5ff:192.168.157.252:45025, 1eca16cc-5184-4e43-8e55-175d1516eae4:192.168.157.252:41127, 74a8fb36-eab9-4c53-b7cf-c565055de05a:192.168.157.252:42370], old=null
2019-11-05 11:28:24,342 [grpc-default-executor-4] INFO  impl.RaftServerImpl (RaftServerImpl.java:setRole(184)) - 1eca16cc-5184-4e43-8e55-175d1516eae4@group-21C72E9484D5: changes role from  FOLLOWER to FOLLOWER at term 31 for recognizeCandidate:f7e9932d-fd96-469a-9353-68e47138e5ff
2019-11-05 11:28:24,343 [grpc-default-executor-4] INFO  impl.RoleInfo (RoleInfo.java:shutdownFollowerState(121)) - 1eca16cc-5184-4e43-8e55-175d1516eae4: shutdown FollowerState
2019-11-05 11:28:24,348 [grpc-default-executor-4] INFO  impl.RoleInfo (RoleInfo.java:updateAndGet(143)) - 1eca16cc-5184-4e43-8e55-175d1516eae4: start FollowerState
2019-11-05 11:28:24,348 [Thread-796] INFO  impl.FollowerState (FollowerState.java:run(117)) - 1eca16cc-5184-4e43-8e55-175d1516eae4@group-21C72E9484D5-FollowerState was interrupted: java.lang.InterruptedException: sleep interrupted
2019-11-05 11:28:24,378 [f7e9932d-fd96-469a-9353-68e47138e5ff@group-21C72E9484D5-LeaderElection60] INFO  impl.LeaderElection (LeaderElection.java:askForVotes(178)) - f7e9932d-fd96-469a-9353-68e47138e5ff@group-21C72E9484D5-LeaderElection60: begin an election at term 32 for -1: [f7e9932d-fd96-469a-9353-68e47138e5ff:192.168.157.252:45025, 1eca16cc-5184-4e43-8e55-175d1516eae4:192.168.157.252:41127, 74a8fb36-eab9-4c53-b7cf-c565055de05a:192.168.157.252:42370], old=null
2019-11-05 11:28:24,381 [grpc-default-executor-11] INFO  impl.RaftServerImpl (RaftServerImpl.java:setRole(184)) - 74a8fb36-eab9-4c53-b7cf-c565055de05a@group-21C72E9484D5: changes role from  FOLLOWER to FOLLOWER at term 32 for recognizeCandidate:f7e9932d-fd96-469a-9353-68e47138e5ff
2019-11-05 11:28:24,382 [grpc-default-executor-11] INFO  impl.RoleInfo (RoleInfo.java:shutdownFollowerState(121)) - 74a8fb36-eab9-4c53-b7cf-c565055de05a: shutdown FollowerState
2019-11-05 11:28:24,381 [grpc-default-executor-4] INFO  impl.RaftServerImpl (RaftServerImpl.java:setRole(184)) - 1eca16cc-5184-4e43-8e55-175d1516eae4@group-21C72E9484D5: changes role from  FOLLOWER to FOLLOWER at term 32 for recognizeCandidate:f7e9932d-fd96-469a-9353-68e47138e5ff
2019-11-05 11:28:24,382 [Thread-802] INFO  impl.FollowerState (FollowerState.java:run(117)) - 74a8fb36-eab9-4c53-b7cf-c565055de05a@group-21C72E9484D5-FollowerState was interrupted: java.lang.InterruptedException: sleep interrupted
2019-11-05 11:28:24,382 [grpc-default-executor-11] INFO  impl.RoleInfo (RoleInfo.java:updateAndGet(143)) - 74a8fb36-eab9-4c53-b7cf-c565055de05a: start FollowerState
2019-11-05 11:28:24,382 [grpc-default-executor-4] INFO  impl.RoleInfo (RoleInfo.java:shutdownFollowerState(121)) - 1eca16cc-5184-4e43-8e55-175d1516eae4: shutdown FollowerState
2019-11-05 11:28:24,382 [Thread-804] INFO  impl.FollowerState (FollowerState.java:run(117)) - 1eca16cc-5184-4e43-8e55-175d1516eae4@group-21C72E9484D5-FollowerState was interrupted: java.lang.InterruptedException: sleep interrupted
2019-11-05 11:28:24,382 [grpc-default-executor-4] INFO  impl.RoleInfo (RoleInfo.java:updateAndGet(143)) - 1eca16cc-5184-4e43-8e55-175d1516eae4: start FollowerState
2019-11-05 11:28:24,394 [f7e9932d-fd96-469a-9353-68e47138e5ff@group-21C72E9484D5-LeaderElection60] INFO  impl.LeaderElection (LeaderElection.java:logAndReturn(56)) - f7e9932d-fd96-469a-9353-68e47138e5ff@group-21C72E9484D5-LeaderElection60: Election REJECTED; received 2 response(s) [f7e9932d-fd96-469a-9353-68e47138e5ff<-1eca16cc-5184-4e43-8e55-175d1516eae4#0:FAIL-t32, f7e9932d-fd96-469a-9353-68e47138e5ff<-74a8fb36-eab9-4c53-b7cf-c565055de05a#0:FAIL-t32] and 0 exception(s); f7e9932d-fd96-469a-9353-68e47138e5ff@group-21C72E9484D5:t32, leader=null, voted=f7e9932d-fd96-469a-9353-68e47138e5ff, raftlog=f7e9932d-fd96-469a-9353-68e47138e5ff@group-21C72E9484D5-SegmentedRaftLog:OPENED:c-1,f-1,i0, conf=-1: [f7e9932d-fd96-469a-9353-68e47138e5ff:192.168.157.252:45025, 1eca16cc-5184-4e43-8e55-175d1516eae4:192.168.157.252:41127, 74a8fb36-eab9-4c53-b7cf-c565055de05a:192.168.157.252:42370], old=null
2019-11-05 11:28:24,394 [f7e9932d-fd96-469a-9353-68e47138e5ff@group-21C72E9484D5-LeaderElection60] INFO  impl.RaftServerImpl (RaftServerImpl.java:setRole(184)) - f7e9932d-fd96-469a-9353-68e47138e5ff@group-21C72E9484D5: changes role from CANDIDATE to FOLLOWER at term 32 for DISCOVERED_A_NEW_TERM
2019-11-05 11:28:24,394 [f7e9932d-fd96-469a-9353-68e47138e5ff@group-21C72E9484D5-LeaderElection60] INFO  impl.RoleInfo (RoleInfo.java:shutdownLeaderElection(134)) - f7e9932d-fd96-469a-9353-68e47138e5ff: shutdown LeaderElection
2019-11-05 11:28:24,395 [f7e9932d-fd96-469a-9353-68e47138e5ff@group-21C72E9484D5-LeaderElection60] INFO  impl.RoleInfo (RoleInfo.java:updateAndGet(143)) - f7e9932d-fd96-469a-9353-68e47138e5ff: start FollowerState
2019-11-05 11:28:24,399 [Thread-793] INFO  impl.FollowerState (FollowerState.java:run(108)) - 687f579d-1680-4dd5-8b24-01f078298cef@group-E95DC8E8582E-FollowerState: change to CANDIDATE, lastRpcTime:177ms, electionTimeout:175ms
2019-11-05 11:28:24,399 [Thread-793] INFO  impl.RoleInfo (RoleInfo.java:shutdownFollowerState(121)) - 687f579d-1680-4dd5-8b24-01f078298cef: shutdown FollowerState
2019-11-05 11:28:24,399 [Thread-793] INFO  impl.RaftServerImpl (RaftServerImpl.java:setRole(184)) - 687f579d-1680-4dd5-8b24-01f078298cef@group-E95DC8E8582E: changes role from  FOLLOWER to CANDIDATE at term 37 for changeToCandidate
2019-11-05 11:28:24,400 [Thread-793] INFO  impl.RoleInfo (RoleInfo.java:updateAndGet(143)) - 687f579d-1680-4dd5-8b24-01f078298cef: start LeaderElection
2019-11-05 11:28:24,407 [Thread-810] INFO  impl.FollowerState (FollowerState.java:run(108)) - f7e9932d-fd96-469a-9353-68e47138e5ff@group-21C72E9484D5-FollowerState: change to CANDIDATE, lastRpcTime:12ms, electionTimeout:12ms
2019-11-05 11:28:24,407 [Thread-810] INFO  impl.RoleInfo (RoleInfo.java:shutdownFollowerState(121)) - f7e9932d-fd96-469a-9353-68e47138e5ff: shutdown FollowerState
2019-11-05 11:28:24,408 [Thread-810] INFO  impl.RaftServerImpl (RaftServerImpl.java:setRole(184)) - f7e9932d-fd96-469a-9353-68e47138e5ff@group-21C72E9484D5: changes role from  FOLLOWER to CANDIDATE at term 32 for changeToCandidate
2019-11-05 11:28:24,408 [Thread-810] INFO  impl.RoleInfo (RoleInfo.java:updateAndGet(143)) - f7e9932d-fd96-469a-9353-68e47138e5ff: start LeaderElection
2019-11-05 11:28:24,415 [f7e9932d-fd96-469a-9353-68e47138e5ff@group-21C72E9484D5-LeaderElection62] INFO  impl.LeaderElection (LeaderElection.java:askForVotes(178)) - f7e9932d-fd96-469a-9353-68e47138e5ff@group-21C72E9484D5-LeaderElection62: begin an election at term 33 for -1: [f7e9932d-fd96-469a-9353-68e47138e5ff:192.168.157.252:45025, 1eca16cc-5184-4e43-8e55-175d1516eae4:192.168.157.252:41127, 74a8fb36-eab9-4c53-b7cf-c565055de05a:192.168.157.252:42370], old=null
2019-11-05 11:28:24,416 [687f579d-1680-4dd5-8b24-01f078298cef@group-E95DC8E8582E-LeaderElection61] INFO  impl.LeaderElection (LeaderElection.java:askForVotes(178)) - 687f579d-1680-4dd5-8b24-01f078298cef@group-E95DC8E8582E-LeaderElection61: begin an election at term 38 for -1: [90ecfa43-dab6-49d9-b30c-40ef62bfdf2a:192.168.157.252:34192, 687f579d-1680-4dd5-8b24-01f078298cef:192.168.157.252:37962, b8bf4e9b-064a-4520-981c-d6c40c833497:192.168.157.252:43407], old=null
2019-11-05 11:28:24,420 [grpc-default-executor-11] INFO  impl.RaftServerImpl (RaftServerImpl.java:setRole(184)) - 1eca16cc-5184-4e43-8e55-175d1516eae4@group-21C72E9484D5: changes role from  FOLLOWER to FOLLOWER at term 33 for recognizeCandidate:f7e9932d-fd96-469a-9353-68e47138e5ff
2019-11-05 11:28:24,420 [grpc-default-executor-1] INFO  impl.RaftServerImpl (RaftServerImpl.java:setRole(184)) - 90ecfa43-dab6-49d9-b30c-40ef62bfdf2a@group-E95DC8E8582E: changes role from  FOLLOWER to FOLLOWER at term 38 for recognizeCandidate:687f579d-1680-4dd5-8b24-01f078298cef
2019-11-05 11:28:24,420 [grpc-default-executor-9] INFO  impl.RaftServerImpl (RaftServerImpl.java:setRole(184)) - 74a8fb36-eab9-4c53-b7cf-c565055de05a@group-21C72E9484D5: changes role from  FOLLOWER to FOLLOWER at term 33 for recognizeCandidate:f7e9932d-fd96-469a-9353-68e47138e5ff
2019-11-05 11:28:24,420 [grpc-default-executor-4] INFO  impl.RaftServerImpl (RaftServerImpl.java:setRole(184)) - b8bf4e9b-064a-4520-981c-d6c40c833497@group-E95DC8E8582E: changes role from  FOLLOWER to FOLLOWER at term 38 for recognizeCandidate:687f579d-1680-4dd5-8b24-01f078298cef
2019-11-05 11:28:24,420 [grpc-default-executor-9] INFO  impl.RoleInfo (RoleInfo.java:shutdownFollowerState(121)) - 74a8fb36-eab9-4c53-b7cf-c565055de05a: shutdown FollowerState
2019-11-05 11:28:24,420 [grpc-default-executor-1] INFO  impl.RoleInfo (RoleInfo.java:shutdownFollowerState(121)) - 90ecfa43-dab6-49d9-b30c-40ef62bfdf2a: shutdown FollowerState
2019-11-05 11:28:24,421 [grpc-default-executor-9] INFO  impl.RoleInfo (RoleInfo.java:updateAndGet(143)) - 74a8fb36-eab9-4c53-b7cf-c565055de05a: start FollowerState
2019-11-05 11:28:24,421 [Thread-791] INFO  impl.FollowerState (FollowerState.java:run(117)) - 90ecfa43-dab6-49d9-b30c-40ef62bfdf2a@group-E95DC8E8582E-FollowerState was interrupted: java.lang.InterruptedException: sleep interrupted
2019-11-05 11:28:24,421 [Thread-808] INFO  impl.FollowerState (FollowerState.java:run(117)) - 74a8fb36-eab9-4c53-b7cf-c565055de05a@group-21C72E9484D5-FollowerState was interrupted: java.lang.InterruptedException: sleep interrupted
2019-11-05 11:28:24,420 [grpc-default-executor-11] INFO  impl.RoleInfo (RoleInfo.java:shutdownFollowerState(121)) - 1eca16cc-5184-4e43-8e55-175d1516eae4: shutdown FollowerState
2019-11-05 11:28:24,421 [grpc-default-executor-11] INFO  impl.RoleInfo (RoleInfo.java:updateAndGet(143)) - 1eca16cc-5184-4e43-8e55-175d1516eae4: start FollowerState
2019-11-05 11:28:24,421 [grpc-default-executor-1] INFO  impl.RoleInfo (RoleInfo.java:updateAndGet(143)) - 90ecfa43-dab6-49d9-b30c-40ef62bfdf2a: start FollowerState
2019-11-05 11:28:24,420 [grpc-default-executor-4] INFO  impl.RoleInfo (RoleInfo.java:shutdownFollowerState(121)) - b8bf4e9b-064a-4520-981c-d6c40c833497: shutdown FollowerState
2019-11-05 11:28:24,421 [Thread-809] INFO  impl.FollowerState (FollowerState.java:run(117)) - 1eca16cc-5184-4e43-8e55-175d1516eae4@group-21C72E9484D5-FollowerState was interrupted: java.lang.InterruptedException: sleep interrupted
2019-11-05 11:28:24,422 [grpc-default-executor-4] INFO  impl.RoleInfo (RoleInfo.java:updateAndGet(143)) - b8bf4e9b-064a-4520-981c-d6c40c833497: start FollowerState
2019-11-05 11:28:24,422 [Thread-790] INFO  impl.FollowerState (FollowerState.java:run(117)) - b8bf4e9b-064a-4520-981c-d6c40c833497@group-E95DC8E8582E-FollowerState was interrupted: java.lang.InterruptedException: sleep interrupted
2019-11-05 11:28:24,439 [687f579d-1680-4dd5-8b24-01f078298cef@group-E95DC8E8582E-LeaderElection61] INFO  impl.LeaderElection (LeaderElection.java:logAndReturn(56)) - 687f579d-1680-4dd5-8b24-01f078298cef@group-E95DC8E8582E-LeaderElection61: Election REJECTED; received 2 response(s) [687f579d-1680-4dd5-8b24-01f078298cef<-90ecfa43-dab6-49d9-b30c-40ef62bfdf2a#0:FAIL-t38, 687f579d-1680-4dd5-8b24-01f078298cef<-b8bf4e9b-064a-4520-981c-d6c40c833497#0:FAIL-t38] and 0 exception(s); 687f579d-1680-4dd5-8b24-01f078298cef@group-E95DC8E8582E:t38, leader=null, voted=687f579d-1680-4dd5-8b24-01f078298cef, raftlog=687f579d-1680-4dd5-8b24-01f078298cef@group-E95DC8E8582E-SegmentedRaftLog:OPENED:c-1,f-1,i0, conf=-1: [90ecfa43-dab6-49d9-b30c-40ef62bfdf2a:192.168.157.252:34192, 687f579d-1680-4dd5-8b24-01f078298cef:192.168.157.252:37962, b8bf4e9b-064a-4520-981c-d6c40c833497:192.168.157.252:43407], old=null
2019-11-05 11:28:24,439 [f7e9932d-fd96-469a-9353-68e47138e5ff@group-21C72E9484D5-LeaderElection62] INFO  impl.LeaderElection (LeaderElection.java:logAndReturn(56)) - f7e9932d-fd96-469a-9353-68e47138e5ff@group-21C72E9484D5-LeaderElection62: Election REJECTED; received 2 response(s) [f7e9932d-fd96-469a-9353-68e47138e5ff<-1eca16cc-5184-4e43-8e55-175d1516eae4#0:FAIL-t33, f7e9932d-fd96-469a-9353-68e47138e5ff<-74a8fb36-eab9-4c53-b7cf-c565055de05a#0:FAIL-t33] and 0 exception(s); f7e9932d-fd96-469a-9353-68e47138e5ff@group-21C72E9484D5:t33, leader=null, voted=f7e9932d-fd96-469a-9353-68e47138e5ff, raftlog=f7e9932d-fd96-469a-9353-68e47138e5ff@group-21C72E9484D5-SegmentedRaftLog:OPENED:c-1,f-1,i0, conf=-1: [f7e9932d-fd96-469a-9353-68e47138e5ff:192.168.157.252:45025, 1eca16cc-5184-4e43-8e55-175d1516eae4:192.168.157.252:41127, 74a8fb36-eab9-4c53-b7cf-c565055de05a:192.168.157.252:42370], old=null
2019-11-05 11:28:24,439 [687f579d-1680-4dd5-8b24-01f078298cef@group-E95DC8E8582E-LeaderElection61] INFO  impl.RaftServerImpl (RaftServerImpl.java:setRole(184)) - 687f579d-1680-4dd5-8b24-01f078298cef@group-E95DC8E8582E: changes role from CANDIDATE to FOLLOWER at term 38 for DISCOVERED_A_NEW_TERM
2019-11-05 11:28:24,439 [687f579d-1680-4dd5-8b24-01f078298cef@group-E95DC8E8582E-LeaderElection61] INFO  impl.RoleInfo (RoleInfo.java:shutdownLeaderElection(134)) - 687f579d-1680-4dd5-8b24-01f078298cef: shutdown LeaderElection
2019-11-05 11:28:24,439 [f7e9932d-fd96-469a-9353-68e47138e5ff@group-21C72E9484D5-LeaderElection62] INFO  impl.RaftServerImpl (RaftServerImpl.java:setRole(184)) - f7e9932d-fd96-469a-9353-68e47138e5ff@group-21C72E9484D5: changes role from CANDIDATE to FOLLOWER at term 33 for DISCOVERED_A_NEW_TERM
2019-11-05 11:28:24,440 [687f579d-1680-4dd5-8b24-01f078298cef@group-E95DC8E8582E-LeaderElection61] INFO  impl.RoleInfo (RoleInfo.java:updateAndGet(143)) - 687f579d-1680-4dd5-8b24-01f078298cef: start FollowerState
2019-11-05 11:28:24,440 [f7e9932d-fd96-469a-9353-68e47138e5ff@group-21C72E9484D5-LeaderElection62] INFO  impl.RoleInfo (RoleInfo.java:shutdownLeaderElection(134)) - f7e9932d-fd96-469a-9353-68e47138e5ff: shutdown LeaderElection
2019-11-05 11:28:24,440 [f7e9932d-fd96-469a-9353-68e47138e5ff@group-21C72E9484D5-LeaderElection62] INFO  impl.RoleInfo (RoleInfo.java:updateAndGet(143)) - f7e9932d-fd96-469a-9353-68e47138e5ff: start FollowerState
2019-11-05 11:28:24,440 [Thread-822] INFO  impl.FollowerState (FollowerState.java:run(108)) - f7e9932d-fd96-469a-9353-68e47138e5ff@group-21C72E9484D5-FollowerState: change to CANDIDATE, lastRpcTime:0ms, electionTimeout:0ms
2019-11-05 11:28:24,440 [Thread-822] INFO  impl.RoleInfo (RoleInfo.java:shutdownFollowerState(121)) - f7e9932d-fd96-469a-9353-68e47138e5ff: shutdown FollowerState
2019-11-05 11:28:24,440 [Thread-822] INFO  impl.RaftServerImpl (RaftServerImpl.java:setRole(184)) - f7e9932d-fd96-469a-9353-68e47138e5ff@group-21C72E9484D5: changes role from  FOLLOWER to CANDIDATE at term 33 for changeToCandidate
2019-11-05 11:28:24,441 [Thread-822] INFO  impl.RoleInfo (RoleInfo.java:updateAndGet(143)) - f7e9932d-fd96-469a-9353-68e47138e5ff: start LeaderElection
2019-11-05 11:28:24,453 [f7e9932d-fd96-469a-9353-68e47138e5ff@group-21C72E9484D5-LeaderElection63] INFO  impl.LeaderElection (LeaderElection.java:askForVotes(178)) - f7e9932d-fd96-469a-9353-68e47138e5ff@group-21C72E9484D5-LeaderElection63: begin an election at term 34 for -1: [f7e9932d-fd96-469a-9353-68e47138e5ff:192.168.157.252:45025, 1eca16cc-5184-4e43-8e55-175d1516eae4:192.168.157.252:41127, 74a8fb36-eab9-4c53-b7cf-c565055de05a:192.168.157.252:42370], old=null
2019-11-05 11:28:24,456 [grpc-default-executor-11] INFO  impl.RaftServerImpl (RaftServerImpl.java:setRole(184)) - 1eca16cc-5184-4e43-8e55-175d1516eae4@group-21C72E9484D5: changes role from  FOLLOWER to FOLLOWER at term 34 for recognizeCandidate:f7e9932d-fd96-469a-9353-68e47138e5ff
2019-11-05 11:28:24,456 [grpc-default-executor-1] INFO  impl.RaftServerImpl (RaftServerImpl.java:setRole(184)) - 74a8fb36-eab9-4c53-b7cf-c565055de05a@group-21C72E9484D5: changes role from  FOLLOWER to FOLLOWER at term 34 for recognizeCandidate:f7e9932d-fd96-469a-9353-68e47138e5ff
2019-11-05 11:28:24,456 [grpc-default-executor-11] INFO  impl.RoleInfo (RoleInfo.java:shutdownFollowerState(121)) - 1eca16cc-5184-4e43-8e55-175d1516eae4: shutdown FollowerState
2019-11-05 11:28:24,456 [grpc-default-executor-1] INFO  impl.RoleInfo (RoleInfo.java:shutdownFollowerState(121)) - 74a8fb36-eab9-4c53-b7cf-c565055de05a: shutdown FollowerState
2019-11-05 11:28:24,456 [Thread-819] INFO  impl.FollowerState (FollowerState.java:run(117)) - 1eca16cc-5184-4e43-8e55-175d1516eae4@group-21C72E9484D5-FollowerState was interrupted: java.lang.InterruptedException: sleep interrupted
2019-11-05 11:28:24,456 [grpc-default-executor-11] INFO  impl.RoleInfo (RoleInfo.java:updateAndGet(143)) - 1eca16cc-5184-4e43-8e55-175d1516eae4: start FollowerState
2019-11-05 11:28:24,456 [Thread-817] INFO  impl.FollowerState (FollowerState.java:run(117)) - 74a8fb36-eab9-4c53-b7cf-c565055de05a@group-21C72E9484D5-FollowerState was interrupted: java.lang.InterruptedException: sleep interrupted
2019-11-05 11:28:24,456 [grpc-default-executor-1] INFO  impl.RoleInfo (RoleInfo.java:updateAndGet(143)) - 74a8fb36-eab9-4c53-b7cf-c565055de05a: start FollowerState
2019-11-05 11:28:24,460 [Thread-821] INFO  impl.FollowerState (FollowerState.java:run(108)) - 687f579d-1680-4dd5-8b24-01f078298cef@group-E95DC8E8582E-FollowerState: change to CANDIDATE, lastRpcTime:20ms, electionTimeout:20ms
2019-11-05 11:28:24,460 [Thread-821] INFO  impl.RoleInfo (RoleInfo.java:shutdownFollowerState(121)) - 687f579d-1680-4dd5-8b24-01f078298cef: shutdown FollowerState
2019-11-05 11:28:24,460 [Thread-821] INFO  impl.RaftServerImpl (RaftServerImpl.java:setRole(184)) - 687f579d-1680-4dd5-8b24-01f078298cef@group-E95DC8E8582E: changes role from  FOLLOWER to CANDIDATE at term 38 for changeToCandidate
2019-11-05 11:28:24,460 [Thread-821] INFO  impl.RoleInfo (RoleInfo.java:updateAndGet(143)) - 687f579d-1680-4dd5-8b24-01f078298cef: start LeaderElection
2019-11-05 11:28:24,492 [f7e9932d-fd96-469a-9353-68e47138e5ff@group-21C72E9484D5-LeaderElection63] INFO  impl.LeaderElection (LeaderElection.java:logAndReturn(56)) - f7e9932d-fd96-469a-9353-68e47138e5ff@group-21C72E9484D5-LeaderElection63: Election TIMEOUT; received 0 response(s) [] and 0 exception(s); f7e9932d-fd96-469a-9353-68e47138e5ff@group-21C72E9484D5:t34, leader=null, voted=f7e9932d-fd96-469a-9353-68e47138e5ff, raftlog=f7e9932d-fd96-469a-9353-68e47138e5ff@group-21C72E9484D5-SegmentedRaftLog:OPENED:c-1,f-1,i0, conf=-1: [f7e9932d-fd96-469a-9353-68e47138e5ff:192.168.157.252:45025, 1eca16cc-5184-4e43-8e55-175d1516eae4:192.168.157.252:41127, 74a8fb36-eab9-4c53-b7cf-c565055de05a:192.168.157.252:42370], old=null
2019-11-05 11:28:24,495 [687f579d-1680-4dd5-8b24-01f078298cef@group-E95DC8E8582E-LeaderElection64] INFO  impl.LeaderElection (LeaderElection.java:askForVotes(178)) - 687f579d-1680-4dd5-8b24-01f078298cef@group-E95DC8E8582E-LeaderElection64: begin an election at term 39 for -1: [90ecfa43-dab6-49d9-b30c-40ef62bfdf2a:192.168.157.252:34192, 687f579d-1680-4dd5-8b24-01f078298cef:192.168.157.252:37962, b8bf4e9b-064a-4520-981c-d6c40c833497:192.168.157.252:43407], old=null
2019-11-05 11:28:24,496 [f7e9932d-fd96-469a-9353-68e47138e5ff@group-21C72E9484D5-LeaderElection63] INFO  impl.LeaderElection (LeaderElection.java:askForVotes(178)) - f7e9932d-fd96-469a-9353-68e47138e5ff@group-21C72E9484D5-LeaderElection63: begin an election at term 35 for -1: [f7e9932d-fd96-469a-9353-68e47138e5ff:192.168.157.252:45025, 1eca16cc-5184-4e43-8e55-175d1516eae4:192.168.157.252:41127, 74a8fb36-eab9-4c53-b7cf-c565055de05a:192.168.157.252:42370], old=null
2019-11-05 11:28:24,498 [grpc-default-executor-1] INFO  impl.RaftServerImpl (RaftServerImpl.java:setRole(184)) - 90ecfa43-dab6-49d9-b30c-40ef62bfdf2a@group-E95DC8E8582E: changes role from  FOLLOWER to FOLLOWER at term 39 for recognizeCandidate:687f579d-1680-4dd5-8b24-01f078298cef
2019-11-05 11:28:24,499 [grpc-default-executor-1] INFO  impl.RoleInfo (RoleInfo.java:shutdownFollowerState(121)) - 90ecfa43-dab6-49d9-b30c-40ef62bfdf2a: shutdown FollowerState
2019-11-05 11:28:24,499 [grpc-default-executor-1] INFO  impl.RoleInfo (RoleInfo.java:updateAndGet(143)) - 90ecfa43-dab6-49d9-b30c-40ef62bfdf2a: start FollowerState
2019-11-05 11:28:24,499 [Thread-818] INFO  impl.FollowerState (FollowerState.java:run(117)) - 90ecfa43-dab6-49d9-b30c-40ef62bfdf2a@group-E95DC8E8582E-FollowerState was interrupted: java.lang.InterruptedException: sleep interrupted
2019-11-05 11:28:24,501 [grpc-default-executor-4] INFO  impl.RaftServerImpl (RaftServerImpl.java:setRole(184)) - b8bf4e9b-064a-4520-981c-d6c40c833497@group-E95DC8E8582E: changes role from  FOLLOWER to FOLLOWER at term 39 for recognizeCandidate:687f579d-1680-4dd5-8b24-01f078298cef
2019-11-05 11:28:24,501 [grpc-default-executor-11] INFO  impl.RaftServerImpl (RaftServerImpl.java:setRole(184)) - 1eca16cc-5184-4e43-8e55-175d1516eae4@group-21C72E9484D5: changes role from  FOLLOWER to FOLLOWER at term 35 for recognizeCandidate:f7e9932d-fd96-469a-9353-68e47138e5ff
2019-11-05 11:28:24,501 [grpc-default-executor-4] INFO  impl.RoleInfo (RoleInfo.java:shutdownFollowerState(121)) - b8bf4e9b-064a-4520-981c-d6c40c833497: shutdown FollowerState
2019-11-05 11:28:24,501 [grpc-default-executor-11] INFO  impl.RoleInfo (RoleInfo.java:shutdownFollowerState(121)) - 1eca16cc-5184-4e43-8e55-175d1516eae4: shutdown FollowerState
2019-11-05 11:28:24,501 [grpc-default-executor-4] INFO  impl.RoleInfo (RoleInfo.java:updateAndGet(143)) - b8bf4e9b-064a-4520-981c-d6c40c833497: start FollowerState
2019-11-05 11:28:24,501 [Thread-820] INFO  impl.FollowerState (FollowerState.java:run(117)) - b8bf4e9b-064a-4520-981c-d6c40c833497@group-E95DC8E8582E-FollowerState was interrupted: java.lang.InterruptedException: sleep interrupted
2019-11-05 11:28:24,501 [grpc-default-executor-9] INFO  impl.RaftServerImpl (RaftServerImpl.java:setRole(184)) - 74a8fb36-eab9-4c53-b7cf-c565055de05a@group-21C72E9484D5: changes role from  FOLLOWER to FOLLOWER at term 35 for recognizeCandidate:f7e9932d-fd96-469a-9353-68e47138e5ff
2019-11-05 11:28:24,501 [Thread-826] INFO  impl.FollowerState (FollowerState.java:run(117)) - 1eca16cc-5184-4e43-8e55-175d1516eae4@group-21C72E9484D5-FollowerState was interrupted: java.lang.InterruptedException: sleep interrupted
2019-11-05 11:28:24,501 [grpc-default-executor-11] INFO  impl.RoleInfo (RoleInfo.java:updateAndGet(143)) - 1eca16cc-5184-4e43-8e55-175d1516eae4: start FollowerState
2019-11-05 11:28:24,501 [grpc-default-executor-9] INFO  impl.RoleInfo (RoleInfo.java:shutdownFollowerState(121)) - 74a8fb36-eab9-4c53-b7cf-c565055de05a: shutdown FollowerState
2019-11-05 11:28:24,502 [grpc-default-executor-9] INFO  impl.RoleInfo (RoleInfo.java:updateAndGet(143)) - 74a8fb36-eab9-4c53-b7cf-c565055de05a: start FollowerState
2019-11-05 11:28:24,502 [Thread-827] INFO  impl.FollowerState (FollowerState.java:run(117)) - 74a8fb36-eab9-4c53-b7cf-c565055de05a@group-21C72E9484D5-FollowerState was interrupted: java.lang.InterruptedException: sleep interrupted
2019-11-05 11:28:24,531 [687f579d-1680-4dd5-8b24-01f078298cef@group-E95DC8E8582E-LeaderElection64] INFO  impl.LeaderElection (LeaderElection.java:logAndReturn(56)) - 687f579d-1680-4dd5-8b24-01f078298cef@group-E95DC8E8582E-LeaderElection64: Election TIMEOUT; received 0 response(s) [] and 0 exception(s); 687f579d-1680-4dd5-8b24-01f078298cef@group-E95DC8E8582E:t39, leader=null, voted=687f579d-1680-4dd5-8b24-01f078298cef, raftlog=687f579d-1680-4dd5-8b24-01f078298cef@group-E95DC8E8582E-SegmentedRaftLog:OPENED:c-1,f-1,i0, conf=-1: [90ecfa43-dab6-49d9-b30c-40ef62bfdf2a:192.168.157.252:34192, 687f579d-1680-4dd5-8b24-01f078298cef:192.168.157.252:37962, b8bf4e9b-064a-4520-981c-d6c40c833497:192.168.157.252:43407], old=null
2019-11-05 11:28:24,538 [f7e9932d-fd96-469a-9353-68e47138e5ff@group-21C72E9484D5-LeaderElection63] INFO  impl.LeaderElection (LeaderElection.java:logAndReturn(56)) - f7e9932d-fd96-469a-9353-68e47138e5ff@group-21C72E9484D5-LeaderElection63: Election REJECTED; received 2 response(s) [f7e9932d-fd96-469a-9353-68e47138e5ff<-1eca16cc-5184-4e43-8e55-175d1516eae4#0:FAIL-t35, f7e9932d-fd96-469a-9353-68e47138e5ff<-74a8fb36-eab9-4c53-b7cf-c565055de05a#0:FAIL-t35] and 0 exception(s); f7e9932d-fd96-469a-9353-68e47138e5ff@group-21C72E9484D5:t35, leader=null, voted=f7e9932d-fd96-469a-9353-68e47138e5ff, raftlog=f7e9932d-fd96-469a-9353-68e47138e5ff@group-21C72E9484D5-SegmentedRaftLog:OPENED:c-1,f-1,i0, conf=-1: [f7e9932d-fd96-469a-9353-68e47138e5ff:192.168.157.252:45025, 1eca16cc-5184-4e43-8e55-175d1516eae4:192.168.157.252:41127, 74a8fb36-eab9-4c53-b7cf-c565055de05a:192.168.157.252:42370], old=null
2019-11-05 11:28:24,538 [f7e9932d-fd96-469a-9353-68e47138e5ff@group-21C72E9484D5-LeaderElection63] INFO  impl.RaftServerImpl (RaftServerImpl.java:setRole(184)) - f7e9932d-fd96-469a-9353-68e47138e5ff@group-21C72E9484D5: changes role from CANDIDATE to FOLLOWER at term 35 for DISCOVERED_A_NEW_TERM
2019-11-05 11:28:24,539 [f7e9932d-fd96-469a-9353-68e47138e5ff@group-21C72E9484D5-LeaderElection63] INFO  impl.RoleInfo (RoleInfo.java:shutdownLeaderElection(134)) - f7e9932d-fd96-469a-9353-68e47138e5ff: shutdown LeaderElection
2019-11-05 11:28:24,539 [f7e9932d-fd96-469a-9353-68e47138e5ff@group-21C72E9484D5-LeaderElection63] INFO  impl.RoleInfo (RoleInfo.java:updateAndGet(143)) - f7e9932d-fd96-469a-9353-68e47138e5ff: start FollowerState
2019-11-05 11:28:24,545 [687f579d-1680-4dd5-8b24-01f078298cef@group-E95DC8E8582E-LeaderElection64] INFO  impl.LeaderElection (LeaderElection.java:askForVotes(178)) - 687f579d-1680-4dd5-8b24-01f078298cef@group-E95DC8E8582E-LeaderElection64: begin an election at term 40 for -1: [90ecfa43-dab6-49d9-b30c-40ef62bfdf2a:192.168.157.252:34192, 687f579d-1680-4dd5-8b24-01f078298cef:192.168.157.252:37962, b8bf4e9b-064a-4520-981c-d6c40c833497:192.168.157.252:43407], old=null
2019-11-05 11:28:24,551 [grpc-default-executor-11] INFO  impl.RaftServerImpl (RaftServerImpl.java:setRole(184)) - b8bf4e9b-064a-4520-981c-d6c40c833497@group-E95DC8E8582E: changes role from  FOLLOWER to FOLLOWER at term 40 for recognizeCandidate:687f579d-1680-4dd5-8b24-01f078298cef
2019-11-05 11:28:24,551 [grpc-default-executor-11] INFO  impl.RoleInfo (RoleInfo.java:shutdownFollowerState(121)) - b8bf4e9b-064a-4520-981c-d6c40c833497: shutdown FollowerState
2019-11-05 11:28:24,551 [grpc-default-executor-11] INFO  impl.RoleInfo (RoleInfo.java:updateAndGet(143)) - b8bf4e9b-064a-4520-981c-d6c40c833497: start FollowerState
2019-11-05 11:28:24,551 [Thread-834] INFO  impl.FollowerState (FollowerState.java:run(117)) - b8bf4e9b-064a-4520-981c-d6c40c833497@group-E95DC8E8582E-FollowerState was interrupted: java.lang.InterruptedException: sleep interrupted
2019-11-05 11:28:24,554 [grpc-default-executor-9] INFO  impl.RaftServerImpl (RaftServerImpl.java:setRole(184)) - 90ecfa43-dab6-49d9-b30c-40ef62bfdf2a@group-E95DC8E8582E: changes role from  FOLLOWER to FOLLOWER at term 40 for recognizeCandidate:687f579d-1680-4dd5-8b24-01f078298cef
2019-11-05 11:28:24,554 [grpc-default-executor-9] INFO  impl.RoleInfo (RoleInfo.java:shutdownFollowerState(121)) - 90ecfa43-dab6-49d9-b30c-40ef62bfdf2a: shutdown FollowerState
2019-11-05 11:28:24,554 [Thread-833] INFO  impl.FollowerState (FollowerState.java:run(117)) - 90ecfa43-dab6-49d9-b30c-40ef62bfdf2a@group-E95DC8E8582E-FollowerState was interrupted: java.lang.InterruptedException: sleep interrupted
2019-11-05 11:28:24,554 [grpc-default-executor-9] INFO  impl.RoleInfo (RoleInfo.java:updateAndGet(143)) - 90ecfa43-dab6-49d9-b30c-40ef62bfdf2a: start FollowerState
2019-11-05 11:28:24,569 [687f579d-1680-4dd5-8b24-01f078298cef@group-E95DC8E8582E-LeaderElection64] INFO  impl.LeaderElection (LeaderElection.java:logAndReturn(56)) - 687f579d-1680-4dd5-8b24-01f078298cef@group-E95DC8E8582E-LeaderElection64: Election REJECTED; received 2 response(s) [687f579d-1680-4dd5-8b24-01f078298cef<-90ecfa43-dab6-49d9-b30c-40ef62bfdf2a#0:FAIL-t40, 687f579d-1680-4dd5-8b24-01f078298cef<-b8bf4e9b-064a-4520-981c-d6c40c833497#0:FAIL-t40] and 0 exception(s); 687f579d-1680-4dd5-8b24-01f078298cef@group-E95DC8E8582E:t40, leader=null, voted=687f579d-1680-4dd5-8b24-01f078298cef, raftlog=687f579d-1680-4dd5-8b24-01f078298cef@group-E95DC8E8582E-SegmentedRaftLog:OPENED:c-1,f-1,i0, conf=-1: [90ecfa43-dab6-49d9-b30c-40ef62bfdf2a:192.168.157.252:34192, 687f579d-1680-4dd5-8b24-01f078298cef:192.168.157.252:37962, b8bf4e9b-064a-4520-981c-d6c40c833497:192.168.157.252:43407], old=null
2019-11-05 11:28:24,570 [687f579d-1680-4dd5-8b24-01f078298cef@group-E95DC8E8582E-LeaderElection64] INFO  impl.RaftServerImpl (RaftServerImpl.java:setRole(184)) - 687f579d-1680-4dd5-8b24-01f078298cef@group-E95DC8E8582E: changes role from CANDIDATE to FOLLOWER at term 40 for DISCOVERED_A_NEW_TERM
2019-11-05 11:28:24,570 [687f579d-1680-4dd5-8b24-01f078298cef@group-E95DC8E8582E-LeaderElection64] INFO  impl.RoleInfo (RoleInfo.java:shutdownLeaderElection(134)) - 687f579d-1680-4dd5-8b24-01f078298cef: shutdown LeaderElection
2019-11-05 11:28:24,570 [687f579d-1680-4dd5-8b24-01f078298cef@group-E95DC8E8582E-LeaderElection64] INFO  impl.RoleInfo (RoleInfo.java:updateAndGet(143)) - 687f579d-1680-4dd5-8b24-01f078298cef: start FollowerState
2019-11-05 11:28:24,602 [Thread-844] INFO  impl.FollowerState (FollowerState.java:run(108)) - 687f579d-1680-4dd5-8b24-01f078298cef@group-E95DC8E8582E-FollowerState: change to CANDIDATE, lastRpcTime:32ms, electionTimeout:32ms
2019-11-05 11:28:24,603 [Thread-844] INFO  impl.RoleInfo (RoleInfo.java:shutdownFollowerState(121)) - 687f579d-1680-4dd5-8b24-01f078298cef: shutdown FollowerState
2019-11-05 11:28:24,603 [Thread-844] INFO  impl.RaftServerImpl (RaftServerImpl.java:setRole(184)) - 687f579d-1680-4dd5-8b24-01f078298cef@group-E95DC8E8582E: changes role from  FOLLOWER to CANDIDATE at term 40 for changeToCandidate
2019-11-05 11:28:24,603 [Thread-844] INFO  impl.RoleInfo (RoleInfo.java:updateAndGet(143)) - 687f579d-1680-4dd5-8b24-01f078298cef: start LeaderElection
2019-11-05 11:28:24,603 [Thread-839] INFO  impl.FollowerState (FollowerState.java:run(108)) - f7e9932d-fd96-469a-9353-68e47138e5ff@group-21C72E9484D5-FollowerState: change to CANDIDATE, lastRpcTime:64ms, electionTimeout:64ms
2019-11-05 11:28:24,603 [Thread-839] INFO  impl.RoleInfo (RoleInfo.java:shutdownFollowerState(121)) - f7e9932d-fd96-469a-9353-68e47138e5ff: shutdown FollowerState
2019-11-05 11:28:24,603 [Thread-839] INFO  impl.RaftServerImpl (RaftServerImpl.java:setRole(184)) - f7e9932d-fd96-469a-9353-68e47138e5ff@group-21C72E9484D5: changes role from  FOLLOWER to CANDIDATE at term 35 for changeToCandidate
2019-11-05 11:28:24,604 [Thread-839] INFO  impl.RoleInfo (RoleInfo.java:updateAndGet(143)) - f7e9932d-fd96-469a-9353-68e47138e5ff: start LeaderElection
2019-11-05 11:28:24,615 [f7e9932d-fd96-469a-9353-68e47138e5ff@group-21C72E9484D5-LeaderElection66] INFO  impl.LeaderElection (LeaderElection.java:askForVotes(178)) - f7e9932d-fd96-469a-9353-68e47138e5ff@group-21C72E9484D5-LeaderElection66: begin an election at term 36 for -1: [f7e9932d-fd96-469a-9353-68e47138e5ff:192.168.157.252:45025, 1eca16cc-5184-4e43-8e55-175d1516eae4:192.168.157.252:41127, 74a8fb36-eab9-4c53-b7cf-c565055de05a:192.168.157.252:42370], old=null
2019-11-05 11:28:24,615 [687f579d-1680-4dd5-8b24-01f078298cef@group-E95DC8E8582E-LeaderElection65] INFO  impl.LeaderElection (LeaderElection.java:askForVotes(178)) - 687f579d-1680-4dd5-8b24-01f078298cef@group-E95DC8E8582E-LeaderElection65: begin an election at term 41 for -1: [90ecfa43-dab6-49d9-b30c-40ef62bfdf2a:192.168.157.252:34192, 687f579d-1680-4dd5-8b24-01f078298cef:192.168.157.252:37962, b8bf4e9b-064a-4520-981c-d6c40c833497:192.168.157.252:43407], old=null
2019-11-05 11:28:24,618 [grpc-default-executor-9] INFO  impl.RaftServerImpl (RaftServerImpl.java:setRole(184)) - 74a8fb36-eab9-4c53-b7cf-c565055de05a@group-21C72E9484D5: changes role from  FOLLOWER to FOLLOWER at term 36 for recognizeCandidate:f7e9932d-fd96-469a-9353-68e47138e5ff
2019-11-05 11:28:24,618 [grpc-default-executor-9] INFO  impl.RoleInfo (RoleInfo.java:shutdownFollowerState(121)) - 74a8fb36-eab9-4c53-b7cf-c565055de05a: shutdown FollowerState
2019-11-05 11:28:24,618 [Thread-836] INFO  impl.FollowerState (FollowerState.java:run(117)) - 74a8fb36-eab9-4c53-b7cf-c565055de05a@group-21C72E9484D5-FollowerState was interrupted: java.lang.InterruptedException: sleep interrupted
2019-11-05 11:28:24,618 [grpc-default-executor-11] INFO  impl.RaftServerImpl (RaftServerImpl.java:setRole(184)) - 90ecfa43-dab6-49d9-b30c-40ef62bfdf2a@group-E95DC8E8582E: changes role from  FOLLOWER to FOLLOWER at term 41 for recognizeCandidate:687f579d-1680-4dd5-8b24-01f078298cef
2019-11-05 11:28:24,618 [grpc-default-executor-11] INFO  impl.RoleInfo (RoleInfo.java:shutdownFollowerState(121)) - 90ecfa43-dab6-49d9-b30c-40ef62bfdf2a: shutdown FollowerState
2019-11-05 11:28:24,619 [grpc-default-executor-11] INFO  impl.RoleInfo (RoleInfo.java:updateAndGet(143)) - 90ecfa43-dab6-49d9-b30c-40ef62bfdf2a: start FollowerState
2019-11-05 11:28:24,618 [grpc-default-executor-9] INFO  impl.RoleInfo (RoleInfo.java:updateAndGet(143)) - 74a8fb36-eab9-4c53-b7cf-c565055de05a: start FollowerState
2019-11-05 11:28:24,619 [grpc-default-executor-1] INFO  impl.RaftServerImpl (RaftServerImpl.java:setRole(184)) - 1eca16cc-5184-4e43-8e55-175d1516eae4@group-21C72E9484D5: changes role from  FOLLOWER to FOLLOWER at term 36 for recognizeCandidate:f7e9932d-fd96-469a-9353-68e47138e5ff
2019-11-05 11:28:24,619 [grpc-default-executor-1] INFO  impl.RoleInfo (RoleInfo.java:shutdownFollowerState(121)) - 1eca16cc-5184-4e43-8e55-175d1516eae4: shutdown FollowerState
2019-11-05 11:28:24,619 [grpc-default-executor-4] INFO  impl.RaftServerImpl (RaftServerImpl.java:setRole(184)) - b8bf4e9b-064a-4520-981c-d6c40c833497@group-E95DC8E8582E: changes role from  FOLLOWER to FOLLOWER at term 41 for recognizeCandidate:687f579d-1680-4dd5-8b24-01f078298cef
2019-11-05 11:28:24,619 [grpc-default-executor-4] INFO  impl.RoleInfo (RoleInfo.java:shutdownFollowerState(121)) - b8bf4e9b-064a-4520-981c-d6c40c833497: shutdown FollowerState
2019-11-05 11:28:24,620 [Thread-842] INFO  impl.FollowerState (FollowerState.java:run(117)) - b8bf4e9b-064a-4520-981c-d6c40c833497@group-E95DC8E8582E-FollowerState was interrupted: java.lang.InterruptedException: sleep interrupted
2019-11-05 11:28:24,620 [Thread-835] INFO  impl.FollowerState (FollowerState.java:run(117)) - 1eca16cc-5184-4e43-8e55-175d1516eae4@group-21C72E9484D5-FollowerState was interrupted: java.lang.InterruptedException: sleep interrupted
2019-11-05 11:28:24,620 [grpc-default-executor-4] INFO  impl.RoleInfo (RoleInfo.java:updateAndGet(143)) - b8bf4e9b-064a-4520-981c-d6c40c833497: start FollowerState
2019-11-05 11:28:24,620 [Thread-843] INFO  impl.FollowerState (FollowerState.java:run(117)) - 90ecfa43-dab6-49d9-b30c-40ef62bfdf2a@group-E95DC8E8582E-FollowerState was interrupted: java.lang.InterruptedException: sleep interrupted
2019-11-05 11:28:24,620 [grpc-default-executor-1] INFO  impl.RoleInfo (RoleInfo.java:updateAndGet(143)) - 1eca16cc-5184-4e43-8e55-175d1516eae4: start FollowerState
2019-11-05 11:28:24,652 [f7e9932d-fd96-469a-9353-68e47138e5ff@group-21C72E9484D5-LeaderElection66] INFO  impl.LeaderElection (LeaderElection.java:logAndReturn(56)) - f7e9932d-fd96-469a-9353-68e47138e5ff@group-21C72E9484D5-LeaderElection66: Election REJECTED; received 2 response(s) [f7e9932d-fd96-469a-9353-68e47138e5ff<-1eca16cc-5184-4e43-8e55-175d1516eae4#0:FAIL-t36, f7e9932d-fd96-469a-9353-68e47138e5ff<-74a8fb36-eab9-4c53-b7cf-c565055de05a#0:FAIL-t36] and 0 exception(s); f7e9932d-fd96-469a-9353-68e47138e5ff@group-21C72E9484D5:t36, leader=null, voted=f7e9932d-fd96-469a-9353-68e47138e5ff, raftlog=f7e9932d-fd96-469a-9353-68e47138e5ff@group-21C72E9484D5-SegmentedRaftLog:OPENED:c-1,f-1,i0, conf=-1: [f7e9932d-fd96-469a-9353-68e47138e5ff:192.168.157.252:45025, 1eca16cc-5184-4e43-8e55-175d1516eae4:192.168.157.252:41127, 74a8fb36-eab9-4c53-b7cf-c565055de05a:192.168.157.252:42370], old=null
2019-11-05 11:28:24,652 [687f579d-1680-4dd5-8b24-01f078298cef@group-E95DC8E8582E-LeaderElection65] INFO  impl.LeaderElection (LeaderElection.java:logAndReturn(56)) - 687f579d-1680-4dd5-8b24-01f078298cef@group-E95DC8E8582E-LeaderElection65: Election REJECTED; received 2 response(s) [687f579d-1680-4dd5-8b24-01f078298cef<-90ecfa43-dab6-49d9-b30c-40ef62bfdf2a#0:FAIL-t41, 687f579d-1680-4dd5-8b24-01f078298cef<-b8bf4e9b-064a-4520-981c-d6c40c833497#0:FAIL-t41] and 0 exception(s); 687f579d-1680-4dd5-8b24-01f078298cef@group-E95DC8E8582E:t41, leader=null, voted=687f579d-1680-4dd5-8b24-01f078298cef, raftlog=687f579d-1680-4dd5-8b24-01f078298cef@group-E95DC8E8582E-SegmentedRaftLog:OPENED:c-1,f-1,i0, conf=-1: [90ecfa43-dab6-49d9-b30c-40ef62bfdf2a:192.168.157.252:34192, 687f579d-1680-4dd5-8b24-01f078298cef:192.168.157.252:37962, b8bf4e9b-064a-4520-981c-d6c40c833497:192.168.157.252:43407], old=null
2019-11-05 11:28:24,652 [f7e9932d-fd96-469a-9353-68e47138e5ff@group-21C72E9484D5-LeaderElection66] INFO  impl.RaftServerImpl (RaftServerImpl.java:setRole(184)) - f7e9932d-fd96-469a-9353-68e47138e5ff@group-21C72E9484D5: changes role from CANDIDATE to FOLLOWER at term 36 for DISCOVERED_A_NEW_TERM
2019-11-05 11:28:24,652 [687f579d-1680-4dd5-8b24-01f078298cef@group-E95DC8E8582E-LeaderElection65] INFO  impl.RaftServerImpl (RaftServerImpl.java:setRole(184)) - 687f579d-1680-4dd5-8b24-01f078298cef@group-E95DC8E8582E: changes role from CANDIDATE to FOLLOWER at term 41 for DISCOVERED_A_NEW_TERM
2019-11-05 11:28:24,653 [f7e9932d-fd96-469a-9353-68e47138e5ff@group-21C72E9484D5-LeaderElection66] INFO  impl.RoleInfo (RoleInfo.java:shutdownLeaderElection(134)) - f7e9932d-fd96-469a-9353-68e47138e5ff: shutdown LeaderElection
2019-11-05 11:28:24,653 [687f579d-1680-4dd5-8b24-01f078298cef@group-E95DC8E8582E-LeaderElection65] INFO  impl.RoleInfo (RoleInfo.java:shutdownLeaderElection(134)) - 687f579d-1680-4dd5-8b24-01f078298cef: shutdown LeaderElection
2019-11-05 11:28:24,653 [f7e9932d-fd96-469a-9353-68e47138e5ff@group-21C72E9484D5-LeaderElection66] INFO  impl.RoleInfo (RoleInfo.java:updateAndGet(143)) - f7e9932d-fd96-469a-9353-68e47138e5ff: start FollowerState
2019-11-05 11:28:24,653 [687f579d-1680-4dd5-8b24-01f078298cef@group-E95DC8E8582E-LeaderElection65] INFO  impl.RoleInfo (RoleInfo.java:updateAndGet(143)) - 687f579d-1680-4dd5-8b24-01f078298cef: start FollowerState
2019-11-05 11:28:24,833 [Thread-856] INFO  impl.FollowerState (FollowerState.java:run(108)) - 687f579d-1680-4dd5-8b24-01f078298cef@group-E95DC8E8582E-FollowerState: change to CANDIDATE, lastRpcTime:180ms, electionTimeout:180ms
2019-11-05 11:28:24,834 [Thread-856] INFO  impl.RoleInfo (RoleInfo.java:shutdownFollowerState(121)) - 687f579d-1680-4dd5-8b24-01f078298cef: shutdown FollowerState
2019-11-05 11:28:24,834 [Thread-856] INFO  impl.RaftServerImpl (RaftServerImpl.java:setRole(184)) - 687f579d-1680-4dd5-8b24-01f078298cef@group-E95DC8E8582E: changes role from  FOLLOWER to CANDIDATE at term 41 for changeToCandidate
2019-11-05 11:28:24,834 [Thread-856] INFO  impl.RoleInfo (RoleInfo.java:updateAndGet(143)) - 687f579d-1680-4dd5-8b24-01f078298cef: start LeaderElection
2019-11-05 11:28:24,847 [Thread-855] INFO  impl.FollowerState (FollowerState.java:run(108)) - f7e9932d-fd96-469a-9353-68e47138e5ff@group-21C72E9484D5-FollowerState: change to CANDIDATE, lastRpcTime:194ms, electionTimeout:194ms
2019-11-05 11:28:24,847 [Thread-855] INFO  impl.RoleInfo (RoleInfo.java:shutdownFollowerState(121)) - f7e9932d-fd96-469a-9353-68e47138e5ff: shutdown FollowerState
2019-11-05 11:28:24,848 [Thread-855] INFO  impl.RaftServerImpl (RaftServerImpl.java:setRole(184)) - f7e9932d-fd96-469a-9353-68e47138e5ff@group-21C72E9484D5: changes role from  FOLLOWER to CANDIDATE at term 36 for changeToCandidate
2019-11-05 11:28:24,848 [Thread-855] INFO  impl.RoleInfo (RoleInfo.java:updateAndGet(143)) - f7e9932d-fd96-469a-9353-68e47138e5ff: start LeaderElection
2019-11-05 11:28:24,857 [687f579d-1680-4dd5-8b24-01f078298cef@group-E95DC8E8582E-LeaderElection67] INFO  impl.LeaderElection (LeaderElection.java:askForVotes(178)) - 687f579d-1680-4dd5-8b24-01f078298cef@group-E95DC8E8582E-LeaderElection67: begin an election at term 42 for -1: [90ecfa43-dab6-49d9-b30c-40ef62bfdf2a:192.168.157.252:34192, 687f579d-1680-4dd5-8b24-01f078298cef:192.168.157.252:37962, b8bf4e9b-064a-4520-981c-d6c40c833497:192.168.157.252:43407], old=null
2019-11-05 11:28:24,857 [f7e9932d-fd96-469a-9353-68e47138e5ff@group-21C72E9484D5-LeaderElection68] INFO  impl.LeaderElection (LeaderElection.java:askForVotes(178)) - f7e9932d-fd96-469a-9353-68e47138e5ff@group-21C72E9484D5-LeaderElection68: begin an election at term 37 for -1: [f7e9932d-fd96-469a-9353-68e47138e5ff:192.168.157.252:45025, 1eca16cc-5184-4e43-8e55-175d1516eae4:192.168.157.252:41127, 74a8fb36-eab9-4c53-b7cf-c565055de05a:192.168.157.252:42370], old=null
2019-11-05 11:28:24,860 [grpc-default-executor-1] INFO  impl.RaftServerImpl (RaftServerImpl.java:setRole(184)) - 74a8fb36-eab9-4c53-b7cf-c565055de05a@group-21C72E9484D5: changes role from  FOLLOWER to FOLLOWER at term 37 for recognizeCandidate:f7e9932d-fd96-469a-9353-68e47138e5ff
2019-11-05 11:28:24,860 [grpc-default-executor-11] INFO  impl.RaftServerImpl (RaftServerImpl.java:setRole(184)) - 90ecfa43-dab6-49d9-b30c-40ef62bfdf2a@group-E95DC8E8582E: changes role from  FOLLOWER to FOLLOWER at term 42 for recognizeCandidate:687f579d-1680-4dd5-8b24-01f078298cef
2019-11-05 11:28:24,860 [grpc-default-executor-1] INFO  impl.RoleInfo (RoleInfo.java:shutdownFollowerState(121)) - 74a8fb36-eab9-4c53-b7cf-c565055de05a: shutdown FollowerState
2019-11-05 11:28:24,860 [grpc-default-executor-9] INFO  impl.RaftServerImpl (RaftServerImpl.java:setRole(184)) - b8bf4e9b-064a-4520-981c-d6c40c833497@group-E95DC8E8582E: changes role from  FOLLOWER to FOLLOWER at term 42 for recognizeCandidate:687f579d-1680-4dd5-8b24-01f078298cef
2019-11-05 11:28:24,861 [grpc-default-executor-9] INFO  impl.RoleInfo (RoleInfo.java:shutdownFollowerState(121)) - b8bf4e9b-064a-4520-981c-d6c40c833497: shutdown FollowerState
2019-11-05 11:28:24,860 [grpc-default-executor-11] INFO  impl.RoleInfo (RoleInfo.java:shutdownFollowerState(121)) - 90ecfa43-dab6-49d9-b30c-40ef62bfdf2a: shutdown FollowerState
2019-11-05 11:28:24,861 [grpc-default-executor-9] INFO  impl.RoleInfo (RoleInfo.java:updateAndGet(143)) - b8bf4e9b-064a-4520-981c-d6c40c833497: start FollowerState
2019-11-05 11:28:24,861 [grpc-default-executor-11] INFO  impl.RoleInfo (RoleInfo.java:updateAndGet(143)) - 90ecfa43-dab6-49d9-b30c-40ef62bfdf2a: start FollowerState
2019-11-05 11:28:24,861 [grpc-default-executor-2] INFO  impl.RaftServerImpl (RaftServerImpl.java:setRole(184)) - 1eca16cc-5184-4e43-8e55-175d1516eae4@group-21C72E9484D5: changes role from  FOLLOWER to FOLLOWER at term 37 for recognizeCandidate:f7e9932d-fd96-469a-9353-68e47138e5ff
2019-11-05 11:28:24,861 [grpc-default-executor-1] INFO  impl.RoleInfo (RoleInfo.java:updateAndGet(143)) - 74a8fb36-eab9-4c53-b7cf-c565055de05a: start FollowerState
2019-11-05 11:28:24,860 [Thread-851] INFO  impl.FollowerState (FollowerState.java:run(117)) - 74a8fb36-eab9-4c53-b7cf-c565055de05a@group-21C72E9484D5-FollowerState was interrupted: java.lang.InterruptedException: sleep interrupted
2019-11-05 11:28:24,861 [grpc-default-executor-2] INFO  impl.RoleInfo (RoleInfo.java:shutdownFollowerState(121)) - 1eca16cc-5184-4e43-8e55-175d1516eae4: shutdown FollowerState
2019-11-05 11:28:24,862 [Thread-854] INFO  impl.FollowerState (FollowerState.java:run(117)) - 1eca16cc-5184-4e43-8e55-175d1516eae4@group-21C72E9484D5-FollowerState was interrupted: java.lang.InterruptedException: sleep interrupted
2019-11-05 11:28:24,861 [Thread-853] INFO  impl.FollowerState (FollowerState.java:run(117)) - b8bf4e9b-064a-4520-981c-d6c40c833497@group-E95DC8E8582E-FollowerState was interrupted: java.lang.InterruptedException: sleep interrupted
2019-11-05 11:28:24,861 [Thread-852] INFO  impl.FollowerState (FollowerState.java:run(117)) - 90ecfa43-dab6-49d9-b30c-40ef62bfdf2a@group-E95DC8E8582E-FollowerState was interrupted: java.lang.InterruptedException: sleep interrupted
2019-11-05 11:28:24,862 [grpc-default-executor-2] INFO  impl.RoleInfo (RoleInfo.java:updateAndGet(143)) - 1eca16cc-5184-4e43-8e55-175d1516eae4: start FollowerState
2019-11-05 11:28:24,876 [687f579d-1680-4dd5-8b24-01f078298cef@group-E95DC8E8582E-LeaderElection67] INFO  impl.LeaderElection (LeaderElection.java:logAndReturn(56)) - 687f579d-1680-4dd5-8b24-01f078298cef@group-E95DC8E8582E-LeaderElection67: Election REJECTED; received 2 response(s) [687f579d-1680-4dd5-8b24-01f078298cef<-90ecfa43-dab6-49d9-b30c-40ef62bfdf2a#0:FAIL-t42, 687f579d-1680-4dd5-8b24-01f078298cef<-b8bf4e9b-064a-4520-981c-d6c40c833497#0:FAIL-t42] and 0 exception(s); 687f579d-1680-4dd5-8b24-01f078298cef@group-E95DC8E8582E:t42, leader=null, voted=687f579d-1680-4dd5-8b24-01f078298cef, raftlog=687f579d-1680-4dd5-8b24-01f078298cef@group-E95DC8E8582E-SegmentedRaftLog:OPENED:c-1,f-1,i0, conf=-1: [90ecfa43-dab6-49d9-b30c-40ef62bfdf2a:192.168.157.252:34192, 687f579d-1680-4dd5-8b24-01f078298cef:192.168.157.252:37962, b8bf4e9b-064a-4520-981c-d6c40c833497:192.168.157.252:43407], old=null
2019-11-05 11:28:24,876 [f7e9932d-fd96-469a-9353-68e47138e5ff@group-21C72E9484D5-LeaderElection68] INFO  impl.LeaderElection (LeaderElection.java:logAndReturn(56)) - f7e9932d-fd96-469a-9353-68e47138e5ff@group-21C72E9484D5-LeaderElection68: Election REJECTED; received 2 response(s) [f7e9932d-fd96-469a-9353-68e47138e5ff<-1eca16cc-5184-4e43-8e55-175d1516eae4#0:FAIL-t37, f7e9932d-fd96-469a-9353-68e47138e5ff<-74a8fb36-eab9-4c53-b7cf-c565055de05a#0:FAIL-t37] and 0 exception(s); f7e9932d-fd96-469a-9353-68e47138e5ff@group-21C72E9484D5:t37, leader=null, voted=f7e9932d-fd96-469a-9353-68e47138e5ff, raftlog=f7e9932d-fd96-469a-9353-68e47138e5ff@group-21C72E9484D5-SegmentedRaftLog:OPENED:c-1,f-1,i0, conf=-1: [f7e9932d-fd96-469a-9353-68e47138e5ff:192.168.157.252:45025, 1eca16cc-5184-4e43-8e55-175d1516eae4:192.168.157.252:41127, 74a8fb36-eab9-4c53-b7cf-c565055de05a:192.168.157.252:42370], old=null
2019-11-05 11:28:24,876 [687f579d-1680-4dd5-8b24-01f078298cef@group-E95DC8E8582E-LeaderElection67] INFO  impl.RaftServerImpl (RaftServerImpl.java:setRole(184)) - 687f579d-1680-4dd5-8b24-01f078298cef@group-E95DC8E8582E: changes role from CANDIDATE to FOLLOWER at term 42 for DISCOVERED_A_NEW_TERM
2019-11-05 11:28:24,876 [f7e9932d-fd96-469a-9353-68e47138e5ff@group-21C72E9484D5-LeaderElection68] INFO  impl.RaftServerImpl (RaftServerImpl.java:setRole(184)) - f7e9932d-fd96-469a-9353-68e47138e5ff@group-21C72E9484D5: changes role from CANDIDATE to FOLLOWER at term 37 for DISCOVERED_A_NEW_TERM
2019-11-05 11:28:24,877 [687f579d-1680-4dd5-8b24-01f078298cef@group-E95DC8E8582E-LeaderElection67] INFO  impl.RoleInfo (RoleInfo.java:shutdownLeaderElection(134)) - 687f579d-1680-4dd5-8b24-01f078298cef: shutdown LeaderElection
2019-11-05 11:28:24,877 [f7e9932d-fd96-469a-9353-68e47138e5ff@group-21C72E9484D5-LeaderElection68] INFO  impl.RoleInfo (RoleInfo.java:shutdownLeaderElection(134)) - f7e9932d-fd96-469a-9353-68e47138e5ff: shutdown LeaderElection
2019-11-05 11:28:24,877 [f7e9932d-fd96-469a-9353-68e47138e5ff@group-21C72E9484D5-LeaderElection68] INFO  impl.RoleInfo (RoleInfo.java:updateAndGet(143)) - f7e9932d-fd96-469a-9353-68e47138e5ff: start FollowerState
2019-11-05 11:28:24,877 [687f579d-1680-4dd5-8b24-01f078298cef@group-E95DC8E8582E-LeaderElection67] INFO  impl.RoleInfo (RoleInfo.java:updateAndGet(143)) - 687f579d-1680-4dd5-8b24-01f078298cef: start FollowerState
2019-11-05 11:28:24,934 [Thread-869] INFO  impl.FollowerState (FollowerState.java:run(108)) - 687f579d-1680-4dd5-8b24-01f078298cef@group-E95DC8E8582E-FollowerState: change to CANDIDATE, lastRpcTime:57ms, electionTimeout:57ms
2019-11-05 11:28:24,934 [Thread-869] INFO  impl.RoleInfo (RoleInfo.java:shutdownFollowerState(121)) - 687f579d-1680-4dd5-8b24-01f078298cef: shutdown FollowerState
2019-11-05 11:28:24,935 [Thread-869] INFO  impl.RaftServerImpl (RaftServerImpl.java:setRole(184)) - 687f579d-1680-4dd5-8b24-01f078298cef@group-E95DC8E8582E: changes role from  FOLLOWER to CANDIDATE at term 42 for changeToCandidate
2019-11-05 11:28:24,935 [Thread-869] INFO  impl.RoleInfo (RoleInfo.java:updateAndGet(143)) - 687f579d-1680-4dd5-8b24-01f078298cef: start LeaderElection
2019-11-05 11:28:24,942 [687f579d-1680-4dd5-8b24-01f078298cef@group-E95DC8E8582E-LeaderElection69] INFO  impl.LeaderElection (LeaderElection.java:askForVotes(178)) - 687f579d-1680-4dd5-8b24-01f078298cef@group-E95DC8E8582E-LeaderElection69: begin an election at term 43 for -1: [90ecfa43-dab6-49d9-b30c-40ef62bfdf2a:192.168.157.252:34192, 687f579d-1680-4dd5-8b24-01f078298cef:192.168.157.252:37962, b8bf4e9b-064a-4520-981c-d6c40c833497:192.168.157.252:43407], old=null
2019-11-05 11:28:24,944 [grpc-default-executor-9] INFO  impl.RaftServerImpl (RaftServerImpl.java:setRole(184)) - 90ecfa43-dab6-49d9-b30c-40ef62bfdf2a@group-E95DC8E8582E: changes role from  FOLLOWER to FOLLOWER at term 43 for recognizeCandidate:687f579d-1680-4dd5-8b24-01f078298cef
2019-11-05 11:28:24,944 [grpc-default-executor-11] INFO  impl.RaftServerImpl (RaftServerImpl.java:setRole(184)) - b8bf4e9b-064a-4520-981c-d6c40c833497@group-E95DC8E8582E: changes role from  FOLLOWER to FOLLOWER at term 43 for recognizeCandidate:687f579d-1680-4dd5-8b24-01f078298cef
2019-11-05 11:28:24,944 [grpc-default-executor-9] INFO  impl.RoleInfo (RoleInfo.java:shutdownFollowerState(121)) - 90ecfa43-dab6-49d9-b30c-40ef62bfdf2a: shutdown FollowerState
2019-11-05 11:28:24,944 [grpc-default-executor-11] INFO  impl.RoleInfo (RoleInfo.java:shutdownFollowerState(121)) - b8bf4e9b-064a-4520-981c-d6c40c833497: shutdown FollowerState
2019-11-05 11:28:24,944 [Thread-867] INFO  impl.FollowerState (FollowerState.java:run(117)) - 90ecfa43-dab6-49d9-b30c-40ef62bfdf2a@group-E95DC8E8582E-FollowerState was interrupted: java.lang.InterruptedException: sleep interrupted
2019-11-05 11:28:24,944 [grpc-default-executor-9] INFO  impl.RoleInfo (RoleInfo.java:updateAndGet(143)) - 90ecfa43-dab6-49d9-b30c-40ef62bfdf2a: start FollowerState
2019-11-05 11:28:24,944 [Thread-865] INFO  impl.FollowerState (FollowerState.java:run(117)) - b8bf4e9b-064a-4520-981c-d6c40c833497@group-E95DC8E8582E-FollowerState was interrupted: java.lang.InterruptedException: sleep interrupted
2019-11-05 11:28:24,944 [grpc-default-executor-11] INFO  impl.RoleInfo (RoleInfo.java:updateAndGet(143)) - b8bf4e9b-064a-4520-981c-d6c40c833497: start FollowerState
2019-11-05 11:28:24,961 [687f579d-1680-4dd5-8b24-01f078298cef@group-E95DC8E8582E-LeaderElection69] INFO  impl.LeaderElection (LeaderElection.java:logAndReturn(56)) - 687f579d-1680-4dd5-8b24-01f078298cef@group-E95DC8E8582E-LeaderElection69: Election REJECTED; received 2 response(s) [687f579d-1680-4dd5-8b24-01f078298cef<-90ecfa43-dab6-49d9-b30c-40ef62bfdf2a#0:FAIL-t43, 687f579d-1680-4dd5-8b24-01f078298cef<-b8bf4e9b-064a-4520-981c-d6c40c833497#0:FAIL-t43] and 0 exception(s); 687f579d-1680-4dd5-8b24-01f078298cef@group-E95DC8E8582E:t43, leader=null, voted=687f579d-1680-4dd5-8b24-01f078298cef, raftlog=687f579d-1680-4dd5-8b24-01f078298cef@group-E95DC8E8582E-SegmentedRaftLog:OPENED:c-1,f-1,i0, conf=-1: [90ecfa43-dab6-49d9-b30c-40ef62bfdf2a:192.168.157.252:34192, 687f579d-1680-4dd5-8b24-01f078298cef:192.168.157.252:37962, b8bf4e9b-064a-4520-981c-d6c40c833497:192.168.157.252:43407], old=null
2019-11-05 11:28:24,961 [687f579d-1680-4dd5-8b24-01f078298cef@group-E95DC8E8582E-LeaderElection69] INFO  impl.RaftServerImpl (RaftServerImpl.java:setRole(184)) - 687f579d-1680-4dd5-8b24-01f078298cef@group-E95DC8E8582E: changes role from CANDIDATE to FOLLOWER at term 43 for DISCOVERED_A_NEW_TERM
2019-11-05 11:28:24,961 [687f579d-1680-4dd5-8b24-01f078298cef@group-E95DC8E8582E-LeaderElection69] INFO  impl.RoleInfo (RoleInfo.java:shutdownLeaderElection(134)) - 687f579d-1680-4dd5-8b24-01f078298cef: shutdown LeaderElection
2019-11-05 11:28:24,961 [687f579d-1680-4dd5-8b24-01f078298cef@group-E95DC8E8582E-LeaderElection69] INFO  impl.RoleInfo (RoleInfo.java:updateAndGet(143)) - 687f579d-1680-4dd5-8b24-01f078298cef: start FollowerState
2019-11-05 11:28:24,972 [Thread-870] INFO  impl.FollowerState (FollowerState.java:run(108)) - f7e9932d-fd96-469a-9353-68e47138e5ff@group-21C72E9484D5-FollowerState: change to CANDIDATE, lastRpcTime:95ms, electionTimeout:95ms
2019-11-05 11:28:24,972 [Thread-870] INFO  impl.RoleInfo (RoleInfo.java:shutdownFollowerState(121)) - f7e9932d-fd96-469a-9353-68e47138e5ff: shutdown FollowerState
2019-11-05 11:28:24,973 [Thread-870] INFO  impl.RaftServerImpl (RaftServerImpl.java:setRole(184)) - f7e9932d-fd96-469a-9353-68e47138e5ff@group-21C72E9484D5: changes role from  FOLLOWER to CANDIDATE at term 37 for changeToCandidate
2019-11-05 11:28:24,973 [Thread-870] INFO  impl.RoleInfo (RoleInfo.java:updateAndGet(143)) - f7e9932d-fd96-469a-9353-68e47138e5ff: start LeaderElection
2019-11-05 11:28:24,992 [f7e9932d-fd96-469a-9353-68e47138e5ff@group-21C72E9484D5-LeaderElection70] INFO  impl.LeaderElection (LeaderElection.java:askForVotes(178)) - f7e9932d-fd96-469a-9353-68e47138e5ff@group-21C72E9484D5-LeaderElection70: begin an election at term 38 for -1: [f7e9932d-fd96-469a-9353-68e47138e5ff:192.168.157.252:45025, 1eca16cc-5184-4e43-8e55-175d1516eae4:192.168.157.252:41127, 74a8fb36-eab9-4c53-b7cf-c565055de05a:192.168.157.252:42370], old=null
2019-11-05 11:28:24,995 [grpc-default-executor-11] INFO  impl.RaftServerImpl (RaftServerImpl.java:setRole(184)) - 1eca16cc-5184-4e43-8e55-175d1516eae4@group-21C72E9484D5: changes role from  FOLLOWER to FOLLOWER at term 38 for recognizeCandidate:f7e9932d-fd96-469a-9353-68e47138e5ff
2019-11-05 11:28:24,995 [grpc-default-executor-9] INFO  impl.RaftServerImpl (RaftServerImpl.java:setRole(184)) - 74a8fb36-eab9-4c53-b7cf-c565055de05a@group-21C72E9484D5: changes role from  FOLLOWER to FOLLOWER at term 38 for recognizeCandidate:f7e9932d-fd96-469a-9353-68e47138e5ff
2019-11-05 11:28:24,995 [grpc-default-executor-9] INFO  impl.RoleInfo (RoleInfo.java:shutdownFollowerState(121)) - 74a8fb36-eab9-4c53-b7cf-c565055de05a: shutdown FollowerState
2019-11-05 11:28:24,996 [grpc-default-executor-9] INFO  impl.RoleInfo (RoleInfo.java:updateAndGet(143)) - 74a8fb36-eab9-4c53-b7cf-c565055de05a: start FollowerState
2019-11-05 11:28:24,995 [grpc-default-executor-11] INFO  impl.RoleInfo (RoleInfo.java:shutdownFollowerState(121)) - 1eca16cc-5184-4e43-8e55-175d1516eae4: shutdown FollowerState
2019-11-05 11:28:24,996 [Thread-863] INFO  impl.FollowerState (FollowerState.java:run(117)) - 74a8fb36-eab9-4c53-b7cf-c565055de05a@group-21C72E9484D5-FollowerState was interrupted: java.lang.InterruptedException: sleep interrupted
2019-11-05 11:28:24,997 [Thread-868] INFO  impl.FollowerState (FollowerState.java:run(117)) - 1eca16cc-5184-4e43-8e55-175d1516eae4@group-21C72E9484D5-FollowerState was interrupted: java.lang.InterruptedException: sleep interrupted
2019-11-05 11:28:24,997 [grpc-default-executor-11] INFO  impl.RoleInfo (RoleInfo.java:updateAndGet(143)) - 1eca16cc-5184-4e43-8e55-175d1516eae4: start FollowerState
2019-11-05 11:28:25,005 [f7e9932d-fd96-469a-9353-68e47138e5ff@group-21C72E9484D5-LeaderElection70] INFO  impl.LeaderElection (LeaderElection.java:logAndReturn(56)) - f7e9932d-fd96-469a-9353-68e47138e5ff@group-21C72E9484D5-LeaderElection70: Election REJECTED; received 2 response(s) [f7e9932d-fd96-469a-9353-68e47138e5ff<-1eca16cc-5184-4e43-8e55-175d1516eae4#0:FAIL-t38, f7e9932d-fd96-469a-9353-68e47138e5ff<-74a8fb36-eab9-4c53-b7cf-c565055de05a#0:FAIL-t38] and 0 exception(s); f7e9932d-fd96-469a-9353-68e47138e5ff@group-21C72E9484D5:t38, leader=null, voted=f7e9932d-fd96-469a-9353-68e47138e5ff, raftlog=f7e9932d-fd96-469a-9353-68e47138e5ff@group-21C72E9484D5-SegmentedRaftLog:OPENED:c-1,f-1,i0, conf=-1: [f7e9932d-fd96-469a-9353-68e47138e5ff:192.168.157.252:45025, 1eca16cc-5184-4e43-8e55-175d1516eae4:192.168.157.252:41127, 74a8fb36-eab9-4c53-b7cf-c565055de05a:192.168.157.252:42370], old=null
2019-11-05 11:28:25,005 [f7e9932d-fd96-469a-9353-68e47138e5ff@group-21C72E9484D5-LeaderElection70] INFO  impl.RaftServerImpl (RaftServerImpl.java:setRole(184)) - f7e9932d-fd96-469a-9353-68e47138e5ff@group-21C72E9484D5: changes role from CANDIDATE to FOLLOWER at term 38 for DISCOVERED_A_NEW_TERM
2019-11-05 11:28:25,005 [f7e9932d-fd96-469a-9353-68e47138e5ff@group-21C72E9484D5-LeaderElection70] INFO  impl.RoleInfo (RoleInfo.java:shutdownLeaderElection(134)) - f7e9932d-fd96-469a-9353-68e47138e5ff: shutdown LeaderElection
2019-11-05 11:28:25,005 [f7e9932d-fd96-469a-9353-68e47138e5ff@group-21C72E9484D5-LeaderElection70] INFO  impl.RoleInfo (RoleInfo.java:updateAndGet(143)) - f7e9932d-fd96-469a-9353-68e47138e5ff: start FollowerState
2019-11-05 11:28:25,076 [Thread-876] INFO  impl.FollowerState (FollowerState.java:run(108)) - 687f579d-1680-4dd5-8b24-01f078298cef@group-E95DC8E8582E-FollowerState: change to CANDIDATE, lastRpcTime:114ms, electionTimeout:114ms
2019-11-05 11:28:25,076 [Thread-876] INFO  impl.RoleInfo (RoleInfo.java:shutdownFollowerState(121)) - 687f579d-1680-4dd5-8b24-01f078298cef: shutdown FollowerState
2019-11-05 11:28:25,076 [Thread-876] INFO  impl.RaftServerImpl (RaftServerImpl.java:setRole(184)) - 687f579d-1680-4dd5-8b24-01f078298cef@group-E95DC8E8582E: changes role from  FOLLOWER to CANDIDATE at term 43 for changeToCandidate
2019-11-05 11:28:25,076 [Thread-876] INFO  impl.RoleInfo (RoleInfo.java:updateAndGet(143)) - 687f579d-1680-4dd5-8b24-01f078298cef: start LeaderElection
2019-11-05 11:28:25,115 [Thread-882] INFO  impl.FollowerState (FollowerState.java:run(108)) - f7e9932d-fd96-469a-9353-68e47138e5ff@group-21C72E9484D5-FollowerState: change to CANDIDATE, lastRpcTime:109ms, electionTimeout:109ms
2019-11-05 11:28:25,115 [Thread-882] INFO  impl.RoleInfo (RoleInfo.java:shutdownFollowerState(121)) - f7e9932d-fd96-469a-9353-68e47138e5ff: shutdown FollowerState
2019-11-05 11:28:25,115 [Thread-882] INFO  impl.RaftServerImpl (RaftServerImpl.java:setRole(184)) - f7e9932d-fd96-469a-9353-68e47138e5ff@group-21C72E9484D5: changes role from  FOLLOWER to CANDIDATE at term 38 for changeToCandidate
2019-11-05 11:28:25,115 [Thread-882] INFO  impl.RoleInfo (RoleInfo.java:updateAndGet(143)) - f7e9932d-fd96-469a-9353-68e47138e5ff: start LeaderElection
2019-11-05 11:28:25,121 [687f579d-1680-4dd5-8b24-01f078298cef@group-E95DC8E8582E-LeaderElection71] INFO  impl.LeaderElection (LeaderElection.java:askForVotes(178)) - 687f579d-1680-4dd5-8b24-01f078298cef@group-E95DC8E8582E-LeaderElection71: begin an election at term 44 for -1: [90ecfa43-dab6-49d9-b30c-40ef62bfdf2a:192.168.157.252:34192, 687f579d-1680-4dd5-8b24-01f078298cef:192.168.157.252:37962, b8bf4e9b-064a-4520-981c-d6c40c833497:192.168.157.252:43407], old=null
2019-11-05 11:28:25,124 [grpc-default-executor-9] INFO  impl.RaftServerImpl (RaftServerImpl.java:setRole(184)) - 90ecfa43-dab6-49d9-b30c-40ef62bfdf2a@group-E95DC8E8582E: changes role from  FOLLOWER to FOLLOWER at term 44 for recognizeCandidate:687f579d-1680-4dd5-8b24-01f078298cef
2019-11-05 11:28:25,124 [grpc-default-executor-11] INFO  impl.RaftServerImpl (RaftServerImpl.java:setRole(184)) - b8bf4e9b-064a-4520-981c-d6c40c833497@group-E95DC8E8582E: changes role from  FOLLOWER to FOLLOWER at term 44 for recognizeCandidate:687f579d-1680-4dd5-8b24-01f078298cef
2019-11-05 11:28:25,125 [grpc-default-executor-9] INFO  impl.RoleInfo (RoleInfo.java:shutdownFollowerState(121)) - 90ecfa43-dab6-49d9-b30c-40ef62bfdf2a: shutdown FollowerState
2019-11-05 11:28:25,125 [grpc-default-executor-9] INFO  impl.RoleInfo (RoleInfo.java:updateAndGet(143)) - 90ecfa43-dab6-49d9-b30c-40ef62bfdf2a: start FollowerState
2019-11-05 11:28:25,125 [Thread-874] INFO  impl.FollowerState (FollowerState.java:run(117)) - 90ecfa43-dab6-49d9-b30c-40ef62bfdf2a@group-E95DC8E8582E-FollowerState was interrupted: java.lang.InterruptedException: sleep interrupted
2019-11-05 11:28:25,125 [grpc-default-executor-11] INFO  impl.RoleInfo (RoleInfo.java:shutdownFollowerState(121)) - b8bf4e9b-064a-4520-981c-d6c40c833497: shutdown FollowerState
2019-11-05 11:28:25,126 [grpc-default-executor-11] INFO  impl.RoleInfo (RoleInfo.java:updateAndGet(143)) - b8bf4e9b-064a-4520-981c-d6c40c833497: start FollowerState
2019-11-05 11:28:25,126 [Thread-875] INFO  impl.FollowerState (FollowerState.java:run(117)) - b8bf4e9b-064a-4520-981c-d6c40c833497@group-E95DC8E8582E-FollowerState was interrupted: java.lang.InterruptedException: sleep interrupted
2019-11-05 11:28:25,152 [687f579d-1680-4dd5-8b24-01f078298cef@group-E95DC8E8582E-LeaderElection71] INFO  impl.LeaderElection (LeaderElection.java:logAndReturn(56)) - 687f579d-1680-4dd5-8b24-01f078298cef@group-E95DC8E8582E-LeaderElection71: Election TIMEOUT; received 0 response(s) [] and 0 exception(s); 687f579d-1680-4dd5-8b24-01f078298cef@group-E95DC8E8582E:t44, leader=null, voted=687f579d-1680-4dd5-8b24-01f078298cef, raftlog=687f579d-1680-4dd5-8b24-01f078298cef@group-E95DC8E8582E-SegmentedRaftLog:OPENED:c-1,f-1,i0, conf=-1: [90ecfa43-dab6-49d9-b30c-40ef62bfdf2a:192.168.157.252:34192, 687f579d-1680-4dd5-8b24-01f078298cef:192.168.157.252:37962, b8bf4e9b-064a-4520-981c-d6c40c833497:192.168.157.252:43407], old=null
2019-11-05 11:28:25,201 [f7e9932d-fd96-469a-9353-68e47138e5ff@group-21C72E9484D5-LeaderElection72] INFO  impl.LeaderElection (LeaderElection.java:askForVotes(178)) - f7e9932d-fd96-469a-9353-68e47138e5ff@group-21C72E9484D5-LeaderElection72: begin an election at term 39 for -1: [f7e9932d-fd96-469a-9353-68e47138e5ff:192.168.157.252:45025, 1eca16cc-5184-4e43-8e55-175d1516eae4:192.168.157.252:41127, 74a8fb36-eab9-4c53-b7cf-c565055de05a:192.168.157.252:42370], old=null
2019-11-05 11:28:25,201 [687f579d-1680-4dd5-8b24-01f078298cef@group-E95DC8E8582E-LeaderElection71] INFO  impl.LeaderElection (LeaderElection.java:askForVotes(178)) - 687f579d-1680-4dd5-8b24-01f078298cef@group-E95DC8E8582E-LeaderElection71: begin an election at term 45 for -1: [90ecfa43-dab6-49d9-b30c-40ef62bfdf2a:192.168.157.252:34192, 687f579d-1680-4dd5-8b24-01f078298cef:192.168.157.252:37962, b8bf4e9b-064a-4520-981c-d6c40c833497:192.168.157.252:43407], old=null
2019-11-05 11:28:25,205 [grpc-default-executor-9] INFO  impl.RaftServerImpl (RaftServerImpl.java:setRole(184)) - 90ecfa43-dab6-49d9-b30c-40ef62bfdf2a@group-E95DC8E8582E: changes role from  FOLLOWER to FOLLOWER at term 45 for recognizeCandidate:687f579d-1680-4dd5-8b24-01f078298cef
2019-11-05 11:28:25,206 [grpc-default-executor-9] INFO  impl.RoleInfo (RoleInfo.java:shutdownFollowerState(121)) - 90ecfa43-dab6-49d9-b30c-40ef62bfdf2a: shutdown FollowerState
2019-11-05 11:28:25,206 [grpc-default-executor-9] INFO  impl.RoleInfo (RoleInfo.java:updateAndGet(143)) - 90ecfa43-dab6-49d9-b30c-40ef62bfdf2a: start FollowerState
2019-11-05 11:28:25,216 [Thread-887] INFO  impl.FollowerState (FollowerState.java:run(117)) - 90ecfa43-dab6-49d9-b30c-40ef62bfdf2a@group-E95DC8E8582E-FollowerState was interrupted: java.lang.InterruptedException: sleep interrupted
2019-11-05 11:28:25,226 [f7e9932d-fd96-469a-9353-68e47138e5ff@group-21C72E9484D5-LeaderElection72] INFO  impl.LeaderElection (LeaderElection.java:logAndReturn(56)) - f7e9932d-fd96-469a-9353-68e47138e5ff@group-21C72E9484D5-LeaderElection72: Election TIMEOUT; received 0 response(s) [] and 0 exception(s); f7e9932d-fd96-469a-9353-68e47138e5ff@group-21C72E9484D5:t39, leader=null, voted=f7e9932d-fd96-469a-9353-68e47138e5ff, raftlog=f7e9932d-fd96-469a-9353-68e47138e5ff@group-21C72E9484D5-SegmentedRaftLog:OPENED:c-1,f-1,i0, conf=-1: [f7e9932d-fd96-469a-9353-68e47138e5ff:192.168.157.252:45025, 1eca16cc-5184-4e43-8e55-175d1516eae4:192.168.157.252:41127, 74a8fb36-eab9-4c53-b7cf-c565055de05a:192.168.157.252:42370], old=null
2019-11-05 11:28:25,231 [grpc-default-executor-2] INFO  impl.RaftServerImpl (RaftServerImpl.java:setRole(184)) - b8bf4e9b-064a-4520-981c-d6c40c833497@group-E95DC8E8582E: changes role from  FOLLOWER to FOLLOWER at term 45 for recognizeCandidate:687f579d-1680-4dd5-8b24-01f078298cef
2019-11-05 11:28:25,232 [grpc-default-executor-2] INFO  impl.RoleInfo (RoleInfo.java:shutdownFollowerState(121)) - b8bf4e9b-064a-4520-981c-d6c40c833497: shutdown FollowerState
2019-11-05 11:28:25,232 [grpc-default-executor-2] INFO  impl.RoleInfo (RoleInfo.java:updateAndGet(143)) - b8bf4e9b-064a-4520-981c-d6c40c833497: start FollowerState
2019-11-05 11:28:25,232 [Thread-888] INFO  impl.FollowerState (FollowerState.java:run(117)) - b8bf4e9b-064a-4520-981c-d6c40c833497@group-E95DC8E8582E-FollowerState was interrupted: java.lang.InterruptedException: sleep interrupted
2019-11-05 11:28:25,233 [f7e9932d-fd96-469a-9353-68e47138e5ff@group-21C72E9484D5-LeaderElection72] INFO  impl.LeaderElection (LeaderElection.java:askForVotes(178)) - f7e9932d-fd96-469a-9353-68e47138e5ff@group-21C72E9484D5-LeaderElection72: begin an election at term 40 for -1: [f7e9932d-fd96-469a-9353-68e47138e5ff:192.168.157.252:45025, 1eca16cc-5184-4e43-8e55-175d1516eae4:192.168.157.252:41127, 74a8fb36-eab9-4c53-b7cf-c565055de05a:192.168.157.252:42370], old=null
2019-11-05 11:28:25,233 [grpc-default-executor-11] INFO  impl.RaftServerImpl (RaftServerImpl.java:setRole(184)) - 1eca16cc-5184-4e43-8e55-175d1516eae4@group-21C72E9484D5: changes role from  FOLLOWER to FOLLOWER at term 39 for recognizeCandidate:f7e9932d-fd96-469a-9353-68e47138e5ff
2019-11-05 11:28:25,233 [grpc-default-executor-11] INFO  impl.RoleInfo (RoleInfo.java:shutdownFollowerState(121)) - 1eca16cc-5184-4e43-8e55-175d1516eae4: shutdown FollowerState
2019-11-05 11:28:25,233 [grpc-default-executor-9] INFO  impl.RaftServerImpl (RaftServerImpl.java:setRole(184)) - 74a8fb36-eab9-4c53-b7cf-c565055de05a@group-21C72E9484D5: changes role from  FOLLOWER to FOLLOWER at term 39 for recognizeCandidate:f7e9932d-fd96-469a-9353-68e47138e5ff
2019-11-05 11:28:25,234 [grpc-default-executor-9] INFO  impl.RoleInfo (RoleInfo.java:shutdownFollowerState(121)) - 74a8fb36-eab9-4c53-b7cf-c565055de05a: shutdown FollowerState
2019-11-05 11:28:25,234 [grpc-default-executor-11] INFO  impl.RoleInfo (RoleInfo.java:updateAndGet(143)) - 1eca16cc-5184-4e43-8e55-175d1516eae4: start FollowerState
2019-11-05 11:28:25,234 [grpc-default-executor-9] INFO  impl.RoleInfo (RoleInfo.java:updateAndGet(143)) - 74a8fb36-eab9-4c53-b7cf-c565055de05a: start FollowerState
2019-11-05 11:28:25,234 [Thread-881] INFO  impl.FollowerState (FollowerState.java:run(117)) - 1eca16cc-5184-4e43-8e55-175d1516eae4@group-21C72E9484D5-FollowerState was interrupted: java.lang.InterruptedException: sleep interrupted
2019-11-05 11:28:25,239 [Thread-880] INFO  impl.FollowerState (FollowerState.java:run(117)) - 74a8fb36-eab9-4c53-b7cf-c565055de05a@group-21C72E9484D5-FollowerState was interrupted: java.lang.InterruptedException: sleep interrupted
2019-11-05 11:28:25,247 [grpc-default-executor-9] INFO  impl.RaftServerImpl (RaftServerImpl.java:setRole(184)) - 74a8fb36-eab9-4c53-b7cf-c565055de05a@group-21C72E9484D5: changes role from  FOLLOWER to FOLLOWER at term 40 for recognizeCandidate:f7e9932d-fd96-469a-9353-68e47138e5ff
2019-11-05 11:28:25,247 [grpc-default-executor-9] INFO  impl.RoleInfo (RoleInfo.java:shutdownFollowerState(121)) - 74a8fb36-eab9-4c53-b7cf-c565055de05a: shutdown FollowerState
2019-11-05 11:28:25,247 [grpc-default-executor-9] INFO  impl.RoleInfo (RoleInfo.java:updateAndGet(143)) - 74a8fb36-eab9-4c53-b7cf-c565055de05a: start FollowerState
2019-11-05 11:28:25,248 [Thread-897] INFO  impl.FollowerState (FollowerState.java:run(117)) - 74a8fb36-eab9-4c53-b7cf-c565055de05a@group-21C72E9484D5-FollowerState was interrupted: java.lang.InterruptedException: sleep interrupted
2019-11-05 11:28:25,248 [grpc-default-executor-1] INFO  impl.RaftServerImpl (RaftServerImpl.java:setRole(184)) - 1eca16cc-5184-4e43-8e55-175d1516eae4@group-21C72E9484D5: changes role from  FOLLOWER to FOLLOWER at term 40 for recognizeCandidate:f7e9932d-fd96-469a-9353-68e47138e5ff
2019-11-05 11:28:25,249 [grpc-default-executor-1] INFO  impl.RoleInfo (RoleInfo.java:shutdownFollowerState(121)) - 1eca16cc-5184-4e43-8e55-175d1516eae4: shutdown FollowerState
2019-11-05 11:28:25,255 [687f579d-1680-4dd5-8b24-01f078298cef@group-E95DC8E8582E-LeaderElection71] INFO  impl.LeaderElection (LeaderElection.java:logAndReturn(56)) - 687f579d-1680-4dd5-8b24-01f078298cef@group-E95DC8E8582E-LeaderElection71: Election TIMEOUT; received 1 response(s) [687f579d-1680-4dd5-8b24-01f078298cef<-90ecfa43-dab6-49d9-b30c-40ef62bfdf2a#0:FAIL-t45] and 0 exception(s); 687f579d-1680-4dd5-8b24-01f078298cef@group-E95DC8E8582E:t45, leader=null, voted=687f579d-1680-4dd5-8b24-01f078298cef, raftlog=687f579d-1680-4dd5-8b24-01f078298cef@group-E95DC8E8582E-SegmentedRaftLog:OPENED:c-1,f-1,i0, conf=-1: [90ecfa43-dab6-49d9-b30c-40ef62bfdf2a:192.168.157.252:34192, 687f579d-1680-4dd5-8b24-01f078298cef:192.168.157.252:37962, b8bf4e9b-064a-4520-981c-d6c40c833497:192.168.157.252:43407], old=null
2019-11-05 11:28:25,256 [grpc-default-executor-1] INFO  impl.RoleInfo (RoleInfo.java:updateAndGet(143)) - 1eca16cc-5184-4e43-8e55-175d1516eae4: start FollowerState
2019-11-05 11:28:25,256 [Thread-896] INFO  impl.FollowerState (FollowerState.java:run(117)) - 1eca16cc-5184-4e43-8e55-175d1516eae4@group-21C72E9484D5-FollowerState was interrupted: java.lang.InterruptedException: sleep interrupted
2019-11-05 11:28:25,269 [f7e9932d-fd96-469a-9353-68e47138e5ff@group-21C72E9484D5-LeaderElection72] INFO  impl.LeaderElection (LeaderElection.java:logAndReturn(56)) - f7e9932d-fd96-469a-9353-68e47138e5ff@group-21C72E9484D5-LeaderElection72: Election REJECTED; received 2 response(s) [f7e9932d-fd96-469a-9353-68e47138e5ff<-1eca16cc-5184-4e43-8e55-175d1516eae4#0:FAIL-t40, f7e9932d-fd96-469a-9353-68e47138e5ff<-74a8fb36-eab9-4c53-b7cf-c565055de05a#0:FAIL-t40] and 0 exception(s); f7e9932d-fd96-469a-9353-68e47138e5ff@group-21C72E9484D5:t40, leader=null, voted=f7e9932d-fd96-469a-9353-68e47138e5ff, raftlog=f7e9932d-fd96-469a-9353-68e47138e5ff@group-21C72E9484D5-SegmentedRaftLog:OPENED:c-1,f-1,i0, conf=-1: [f7e9932d-fd96-469a-9353-68e47138e5ff:192.168.157.252:45025, 1eca16cc-5184-4e43-8e55-175d1516eae4:192.168.157.252:41127, 74a8fb36-eab9-4c53-b7cf-c565055de05a:192.168.157.252:42370], old=null
2019-11-05 11:28:25,270 [f7e9932d-fd96-469a-9353-68e47138e5ff@group-21C72E9484D5-LeaderElection72] INFO  impl.RaftServerImpl (RaftServerImpl.java:setRole(184)) - f7e9932d-fd96-469a-9353-68e47138e5ff@group-21C72E9484D5: changes role from CANDIDATE to FOLLOWER at term 40 for DISCOVERED_A_NEW_TERM
2019-11-05 11:28:25,270 [f7e9932d-fd96-469a-9353-68e47138e5ff@group-21C72E9484D5-LeaderElection72] INFO  impl.RoleInfo (RoleInfo.java:shutdownLeaderElection(134)) - f7e9932d-fd96-469a-9353-68e47138e5ff: shutdown LeaderElection
2019-11-05 11:28:25,270 [f7e9932d-fd96-469a-9353-68e47138e5ff@group-21C72E9484D5-LeaderElection72] INFO  impl.RoleInfo (RoleInfo.java:updateAndGet(143)) - f7e9932d-fd96-469a-9353-68e47138e5ff: start FollowerState
2019-11-05 11:28:25,273 [687f579d-1680-4dd5-8b24-01f078298cef@group-E95DC8E8582E-LeaderElection71] INFO  impl.LeaderElection (LeaderElection.java:askForVotes(178)) - 687f579d-1680-4dd5-8b24-01f078298cef@group-E95DC8E8582E-LeaderElection71: begin an election at term 46 for -1: [90ecfa43-dab6-49d9-b30c-40ef62bfdf2a:192.168.157.252:34192, 687f579d-1680-4dd5-8b24-01f078298cef:192.168.157.252:37962, b8bf4e9b-064a-4520-981c-d6c40c833497:192.168.157.252:43407], old=null
2019-11-05 11:28:25,281 [grpc-default-executor-2] INFO  impl.RaftServerImpl (RaftServerImpl.java:setRole(184)) - b8bf4e9b-064a-4520-981c-d6c40c833497@group-E95DC8E8582E: changes role from  FOLLOWER to FOLLOWER at term 46 for recognizeCandidate:687f579d-1680-4dd5-8b24-01f078298cef
2019-11-05 11:28:25,282 [grpc-default-executor-2] INFO  impl.RoleInfo (RoleInfo.java:shutdownFollowerState(121)) - b8bf4e9b-064a-4520-981c-d6c40c833497: shutdown FollowerState
2019-11-05 11:28:25,282 [grpc-default-executor-2] INFO  impl.RoleInfo (RoleInfo.java:updateAndGet(143)) - b8bf4e9b-064a-4520-981c-d6c40c833497: start FollowerState
2019-11-05 11:28:25,282 [Thread-894] INFO  impl.FollowerState (FollowerState.java:run(117)) - b8bf4e9b-064a-4520-981c-d6c40c833497@group-E95DC8E8582E-FollowerState was interrupted: java.lang.InterruptedException: sleep interrupted
2019-11-05 11:28:25,287 [grpc-default-executor-1] INFO  impl.RaftServerImpl (RaftServerImpl.java:setRole(184)) - 90ecfa43-dab6-49d9-b30c-40ef62bfdf2a@group-E95DC8E8582E: changes role from  FOLLOWER to FOLLOWER at term 46 for recognizeCandidate:687f579d-1680-4dd5-8b24-01f078298cef
2019-11-05 11:28:25,288 [grpc-default-executor-1] INFO  impl.RoleInfo (RoleInfo.java:shutdownFollowerState(121)) - 90ecfa43-dab6-49d9-b30c-40ef62bfdf2a: shutdown FollowerState
2019-11-05 11:28:25,288 [grpc-default-executor-1] INFO  impl.RoleInfo (RoleInfo.java:updateAndGet(143)) - 90ecfa43-dab6-49d9-b30c-40ef62bfdf2a: start FollowerState
2019-11-05 11:28:25,288 [Thread-893] INFO  impl.FollowerState (FollowerState.java:run(117)) - 90ecfa43-dab6-49d9-b30c-40ef62bfdf2a@group-E95DC8E8582E-FollowerState was interrupted: java.lang.InterruptedException: sleep interrupted
2019-11-05 11:28:25,304 [Thread-901] INFO  impl.FollowerState (FollowerState.java:run(108)) - f7e9932d-fd96-469a-9353-68e47138e5ff@group-21C72E9484D5-FollowerState: change to CANDIDATE, lastRpcTime:33ms, electionTimeout:33ms
2019-11-05 11:28:25,304 [Thread-901] INFO  impl.RoleInfo (RoleInfo.java:shutdownFollowerState(121)) - f7e9932d-fd96-469a-9353-68e47138e5ff: shutdown FollowerState
2019-11-05 11:28:25,304 [Thread-901] INFO  impl.RaftServerImpl (RaftServerImpl.java:setRole(184)) - f7e9932d-fd96-469a-9353-68e47138e5ff@group-21C72E9484D5: changes role from  FOLLOWER to CANDIDATE at term 40 for changeToCandidate
2019-11-05 11:28:25,305 [Thread-901] INFO  impl.RoleInfo (RoleInfo.java:updateAndGet(143)) - f7e9932d-fd96-469a-9353-68e47138e5ff: start LeaderElection
2019-11-05 11:28:25,311 [f7e9932d-fd96-469a-9353-68e47138e5ff@group-21C72E9484D5-LeaderElection73] INFO  impl.LeaderElection (LeaderElection.java:askForVotes(178)) - f7e9932d-fd96-469a-9353-68e47138e5ff@group-21C72E9484D5-LeaderElection73: begin an election at term 41 for -1: [f7e9932d-fd96-469a-9353-68e47138e5ff:192.168.157.252:45025, 1eca16cc-5184-4e43-8e55-175d1516eae4:192.168.157.252:41127, 74a8fb36-eab9-4c53-b7cf-c565055de05a:192.168.157.252:42370], old=null
2019-11-05 11:28:25,313 [687f579d-1680-4dd5-8b24-01f078298cef@group-E95DC8E8582E-LeaderElection71] INFO  impl.LeaderElection (LeaderElection.java:logAndReturn(56)) - 687f579d-1680-4dd5-8b24-01f078298cef@group-E95DC8E8582E-LeaderElection71: Election REJECTED; received 2 response(s) [687f579d-1680-4dd5-8b24-01f078298cef<-90ecfa43-dab6-49d9-b30c-40ef62bfdf2a#0:FAIL-t46, 687f579d-1680-4dd5-8b24-01f078298cef<-b8bf4e9b-064a-4520-981c-d6c40c833497#0:FAIL-t46] and 0 exception(s); 687f579d-1680-4dd5-8b24-01f078298cef@group-E95DC8E8582E:t46, leader=null, voted=687f579d-1680-4dd5-8b24-01f078298cef, raftlog=687f579d-1680-4dd5-8b24-01f078298cef@group-E95DC8E8582E-SegmentedRaftLog:OPENED:c-1,f-1,i0, conf=-1: [90ecfa43-dab6-49d9-b30c-40ef62bfdf2a:192.168.157.252:34192, 687f579d-1680-4dd5-8b24-01f078298cef:192.168.157.252:37962, b8bf4e9b-064a-4520-981c-d6c40c833497:192.168.157.252:43407], old=null
2019-11-05 11:28:25,318 [687f579d-1680-4dd5-8b24-01f078298cef@group-E95DC8E8582E-LeaderElection71] INFO  impl.RaftServerImpl (RaftServerImpl.java:setRole(184)) - 687f579d-1680-4dd5-8b24-01f078298cef@group-E95DC8E8582E: changes role from CANDIDATE to FOLLOWER at term 46 for DISCOVERED_A_NEW_TERM
2019-11-05 11:28:25,318 [687f579d-1680-4dd5-8b24-01f078298cef@group-E95DC8E8582E-LeaderElection71] INFO  impl.RoleInfo (RoleInfo.java:shutdownLeaderElection(134)) - 687f579d-1680-4dd5-8b24-01f078298cef: shutdown LeaderElection
2019-11-05 11:28:25,318 [687f579d-1680-4dd5-8b24-01f078298cef@group-E95DC8E8582E-LeaderElection71] INFO  impl.RoleInfo (RoleInfo.java:updateAndGet(143)) - 687f579d-1680-4dd5-8b24-01f078298cef: start FollowerState
2019-11-05 11:28:25,321 [grpc-default-executor-1] INFO  impl.RaftServerImpl (RaftServerImpl.java:setRole(184)) - 1eca16cc-5184-4e43-8e55-175d1516eae4@group-21C72E9484D5: changes role from  FOLLOWER to FOLLOWER at term 41 for recognizeCandidate:f7e9932d-fd96-469a-9353-68e47138e5ff
2019-11-05 11:28:25,322 [grpc-default-executor-1] INFO  impl.RoleInfo (RoleInfo.java:shutdownFollowerState(121)) - 1eca16cc-5184-4e43-8e55-175d1516eae4: shutdown FollowerState
2019-11-05 11:28:25,322 [Thread-900] INFO  impl.FollowerState (FollowerState.java:run(117)) - 1eca16cc-5184-4e43-8e55-175d1516eae4@group-21C72E9484D5-FollowerState was interrupted: java.lang.InterruptedException: sleep interrupted
2019-11-05 11:28:25,322 [grpc-default-executor-1] INFO  impl.RoleInfo (RoleInfo.java:updateAndGet(143)) - 1eca16cc-5184-4e43-8e55-175d1516eae4: start FollowerState
2019-11-05 11:28:25,325 [grpc-default-executor-2] INFO  impl.RaftServerImpl (RaftServerImpl.java:setRole(184)) - 74a8fb36-eab9-4c53-b7cf-c565055de05a@group-21C72E9484D5: changes role from  FOLLOWER to FOLLOWER at term 41 for recognizeCandidate:f7e9932d-fd96-469a-9353-68e47138e5ff
2019-11-05 11:28:25,325 [grpc-default-executor-2] INFO  impl.RoleInfo (RoleInfo.java:shutdownFollowerState(121)) - 74a8fb36-eab9-4c53-b7cf-c565055de05a: shutdown FollowerState
2019-11-05 11:28:25,325 [Thread-899] INFO  impl.FollowerState (FollowerState.java:run(117)) - 74a8fb36-eab9-4c53-b7cf-c565055de05a@group-21C72E9484D5-FollowerState was interrupted: java.lang.InterruptedException: sleep interrupted
2019-11-05 11:28:25,325 [grpc-default-executor-2] INFO  impl.RoleInfo (RoleInfo.java:updateAndGet(143)) - 74a8fb36-eab9-4c53-b7cf-c565055de05a: start FollowerState
2019-11-05 11:28:25,369 [Thread-909] INFO  impl.FollowerState (FollowerState.java:run(108)) - 687f579d-1680-4dd5-8b24-01f078298cef@group-E95DC8E8582E-FollowerState: change to CANDIDATE, lastRpcTime:50ms, electionTimeout:50ms
2019-11-05 11:28:25,369 [Thread-909] INFO  impl.RoleInfo (RoleInfo.java:shutdownFollowerState(121)) - 687f579d-1680-4dd5-8b24-01f078298cef: shutdown FollowerState
2019-11-05 11:28:25,369 [Thread-909] INFO  impl.RaftServerImpl (RaftServerImpl.java:setRole(184)) - 687f579d-1680-4dd5-8b24-01f078298cef@group-E95DC8E8582E: changes role from  FOLLOWER to CANDIDATE at term 46 for changeToCandidate
2019-11-05 11:28:25,369 [Thread-909] INFO  impl.RoleInfo (RoleInfo.java:updateAndGet(143)) - 687f579d-1680-4dd5-8b24-01f078298cef: start LeaderElection
2019-11-05 11:28:25,371 [f7e9932d-fd96-469a-9353-68e47138e5ff@group-21C72E9484D5-LeaderElection73] INFO  impl.LeaderElection (LeaderElection.java:logAndReturn(56)) - f7e9932d-fd96-469a-9353-68e47138e5ff@group-21C72E9484D5-LeaderElection73: Election REJECTED; received 2 response(s) [f7e9932d-fd96-469a-9353-68e47138e5ff<-1eca16cc-5184-4e43-8e55-175d1516eae4#0:FAIL-t41, f7e9932d-fd96-469a-9353-68e47138e5ff<-74a8fb36-eab9-4c53-b7cf-c565055de05a#0:FAIL-t41] and 0 exception(s); f7e9932d-fd96-469a-9353-68e47138e5ff@group-21C72E9484D5:t41, leader=null, voted=f7e9932d-fd96-469a-9353-68e47138e5ff, raftlog=f7e9932d-fd96-469a-9353-68e47138e5ff@group-21C72E9484D5-SegmentedRaftLog:OPENED:c-1,f-1,i0, conf=-1: [f7e9932d-fd96-469a-9353-68e47138e5ff:192.168.157.252:45025, 1eca16cc-5184-4e43-8e55-175d1516eae4:192.168.157.252:41127, 74a8fb36-eab9-4c53-b7cf-c565055de05a:192.168.157.252:42370], old=null
2019-11-05 11:28:25,371 [f7e9932d-fd96-469a-9353-68e47138e5ff@group-21C72E9484D5-LeaderElection73] INFO  impl.RaftServerImpl (RaftServerImpl.java:setRole(184)) - f7e9932d-fd96-469a-9353-68e47138e5ff@group-21C72E9484D5: changes role from CANDIDATE to FOLLOWER at term 41 for DISCOVERED_A_NEW_TERM
2019-11-05 11:28:25,371 [f7e9932d-fd96-469a-9353-68e47138e5ff@group-21C72E9484D5-LeaderElection73] INFO  impl.RoleInfo (RoleInfo.java:shutdownLeaderElection(134)) - f7e9932d-fd96-469a-9353-68e47138e5ff: shutdown LeaderElection
2019-11-05 11:28:25,371 [f7e9932d-fd96-469a-9353-68e47138e5ff@group-21C72E9484D5-LeaderElection73] INFO  impl.RoleInfo (RoleInfo.java:updateAndGet(143)) - f7e9932d-fd96-469a-9353-68e47138e5ff: start FollowerState
2019-11-05 11:28:25,375 [687f579d-1680-4dd5-8b24-01f078298cef@group-E95DC8E8582E-LeaderElection74] INFO  impl.LeaderElection (LeaderElection.java:askForVotes(178)) - 687f579d-1680-4dd5-8b24-01f078298cef@group-E95DC8E8582E-LeaderElection74: begin an election at term 47 for -1: [90ecfa43-dab6-49d9-b30c-40ef62bfdf2a:192.168.157.252:34192, 687f579d-1680-4dd5-8b24-01f078298cef:192.168.157.252:37962, b8bf4e9b-064a-4520-981c-d6c40c833497:192.168.157.252:43407], old=null
2019-11-05 11:28:25,377 [687f579d-1680-4dd5-8b24-01f078298cef@group-E95DC8E8582E-LeaderElection74] INFO  impl.LeaderElection (LeaderElection.java:logAndReturn(56)) - 687f579d-1680-4dd5-8b24-01f078298cef@group-E95DC8E8582E-LeaderElection74: Election TIMEOUT; received 0 response(s) [] and 0 exception(s); 687f579d-1680-4dd5-8b24-01f078298cef@group-E95DC8E8582E:t47, leader=null, voted=687f579d-1680-4dd5-8b24-01f078298cef, raftlog=687f579d-1680-4dd5-8b24-01f078298cef@group-E95DC8E8582E-SegmentedRaftLog:OPENED:c-1,f-1,i0, conf=-1: [90ecfa43-dab6-49d9-b30c-40ef62bfdf2a:192.168.157.252:34192, 687f579d-1680-4dd5-8b24-01f078298cef:192.168.157.252:37962, b8bf4e9b-064a-4520-981c-d6c40c833497:192.168.157.252:43407], old=null
2019-11-05 11:28:25,378 [grpc-default-executor-2] INFO  impl.RaftServerImpl (RaftServerImpl.java:setRole(184)) - 90ecfa43-dab6-49d9-b30c-40ef62bfdf2a@group-E95DC8E8582E: changes role from  FOLLOWER to FOLLOWER at term 47 for recognizeCandidate:687f579d-1680-4dd5-8b24-01f078298cef
2019-11-05 11:28:25,378 [grpc-default-executor-2] INFO  impl.RoleInfo (RoleInfo.java:shutdownFollowerState(121)) - 90ecfa43-dab6-49d9-b30c-40ef62bfdf2a: shutdown FollowerState
2019-11-05 11:28:25,378 [grpc-default-executor-2] INFO  impl.RoleInfo (RoleInfo.java:updateAndGet(143)) - 90ecfa43-dab6-49d9-b30c-40ef62bfdf2a: start FollowerState
2019-11-05 11:28:25,378 [Thread-905] INFO  impl.FollowerState (FollowerState.java:run(117)) - 90ecfa43-dab6-49d9-b30c-40ef62bfdf2a@group-E95DC8E8582E-FollowerState was interrupted: java.lang.InterruptedException: sleep interrupted
2019-11-05 11:28:25,379 [grpc-default-executor-1] INFO  impl.RaftServerImpl (RaftServerImpl.java:setRole(184)) - b8bf4e9b-064a-4520-981c-d6c40c833497@group-E95DC8E8582E: changes role from  FOLLOWER to FOLLOWER at term 47 for recognizeCandidate:687f579d-1680-4dd5-8b24-01f078298cef
2019-11-05 11:28:25,379 [grpc-default-executor-1] INFO  impl.RoleInfo (RoleInfo.java:shutdownFollowerState(121)) - b8bf4e9b-064a-4520-981c-d6c40c833497: shutdown FollowerState
2019-11-05 11:28:25,379 [grpc-default-executor-1] INFO  impl.RoleInfo (RoleInfo.java:updateAndGet(143)) - b8bf4e9b-064a-4520-981c-d6c40c833497: start FollowerState
2019-11-05 11:28:25,379 [Thread-904] INFO  impl.FollowerState (FollowerState.java:run(117)) - b8bf4e9b-064a-4520-981c-d6c40c833497@group-E95DC8E8582E-FollowerState was interrupted: java.lang.InterruptedException: sleep interrupted
2019-11-05 11:28:25,384 [687f579d-1680-4dd5-8b24-01f078298cef@group-E95DC8E8582E-LeaderElection74] INFO  impl.LeaderElection (LeaderElection.java:askForVotes(178)) - 687f579d-1680-4dd5-8b24-01f078298cef@group-E95DC8E8582E-LeaderElection74: begin an election at term 48 for -1: [90ecfa43-dab6-49d9-b30c-40ef62bfdf2a:192.168.157.252:34192, 687f579d-1680-4dd5-8b24-01f078298cef:192.168.157.252:37962, b8bf4e9b-064a-4520-981c-d6c40c833497:192.168.157.252:43407], old=null
2019-11-05 11:28:25,387 [grpc-default-executor-2] INFO  impl.RaftServerImpl (RaftServerImpl.java:setRole(184)) - 90ecfa43-dab6-49d9-b30c-40ef62bfdf2a@group-E95DC8E8582E: changes role from  FOLLOWER to FOLLOWER at term 48 for recognizeCandidate:687f579d-1680-4dd5-8b24-01f078298cef
2019-11-05 11:28:25,387 [grpc-default-executor-2] INFO  impl.RoleInfo (RoleInfo.java:shutdownFollowerState(121)) - 90ecfa43-dab6-49d9-b30c-40ef62bfdf2a: shutdown FollowerState
2019-11-05 11:28:25,387 [grpc-default-executor-1] INFO  impl.RaftServerImpl (RaftServerImpl.java:setRole(184)) - b8bf4e9b-064a-4520-981c-d6c40c833497@group-E95DC8E8582E: changes role from  FOLLOWER to FOLLOWER at term 48 for recognizeCandidate:687f579d-1680-4dd5-8b24-01f078298cef
2019-11-05 11:28:25,387 [Thread-918] INFO  impl.FollowerState (FollowerState.java:run(117)) - 90ecfa43-dab6-49d9-b30c-40ef62bfdf2a@group-E95DC8E8582E-FollowerState was interrupted: java.lang.InterruptedException: sleep interrupted
2019-11-05 11:28:25,387 [grpc-default-executor-2] INFO  impl.RoleInfo (RoleInfo.java:updateAndGet(143)) - 90ecfa43-dab6-49d9-b30c-40ef62bfdf2a: start FollowerState
2019-11-05 11:28:25,387 [grpc-default-executor-1] INFO  impl.RoleInfo (RoleInfo.java:shutdownFollowerState(121)) - b8bf4e9b-064a-4520-981c-d6c40c833497: shutdown FollowerState
2019-11-05 11:28:25,388 [Thread-919] INFO  impl.FollowerState (FollowerState.java:run(117)) - b8bf4e9b-064a-4520-981c-d6c40c833497@group-E95DC8E8582E-FollowerState was interrupted: java.lang.InterruptedException: sleep interrupted
2019-11-05 11:28:25,388 [grpc-default-executor-1] INFO  impl.RoleInfo (RoleInfo.java:updateAndGet(143)) - b8bf4e9b-064a-4520-981c-d6c40c833497: start FollowerState
2019-11-05 11:28:25,398 [687f579d-1680-4dd5-8b24-01f078298cef@group-E95DC8E8582E-LeaderElection74] INFO  impl.LeaderElection (LeaderElection.java:logAndReturn(56)) - 687f579d-1680-4dd5-8b24-01f078298cef@group-E95DC8E8582E-LeaderElection74: Election REJECTED; received 2 response(s) [687f579d-1680-4dd5-8b24-01f078298cef<-90ecfa43-dab6-49d9-b30c-40ef62bfdf2a#0:FAIL-t48, 687f579d-1680-4dd5-8b24-01f078298cef<-b8bf4e9b-064a-4520-981c-d6c40c833497#0:FAIL-t48] and 0 exception(s); 687f579d-1680-4dd5-8b24-01f078298cef@group-E95DC8E8582E:t48, leader=null, voted=687f579d-1680-4dd5-8b24-01f078298cef, raftlog=687f579d-1680-4dd5-8b24-01f078298cef@group-E95DC8E8582E-SegmentedRaftLog:OPENED:c-1,f-1,i0, conf=-1: [90ecfa43-dab6-49d9-b30c-40ef62bfdf2a:192.168.157.252:34192, 687f579d-1680-4dd5-8b24-01f078298cef:192.168.157.252:37962, b8bf4e9b-064a-4520-981c-d6c40c833497:192.168.157.252:43407], old=null
2019-11-05 11:28:25,398 [687f579d-1680-4dd5-8b24-01f078298cef@group-E95DC8E8582E-LeaderElection74] INFO  impl.RaftServerImpl (RaftServerImpl.java:setRole(184)) - 687f579d-1680-4dd5-8b24-01f078298cef@group-E95DC8E8582E: changes role from CANDIDATE to FOLLOWER at term 48 for DISCOVERED_A_NEW_TERM
2019-11-05 11:28:25,398 [687f579d-1680-4dd5-8b24-01f078298cef@group-E95DC8E8582E-LeaderElection74] INFO  impl.RoleInfo (RoleInfo.java:shutdownLeaderElection(134)) - 687f579d-1680-4dd5-8b24-01f078298cef: shutdown LeaderElection
2019-11-05 11:28:25,398 [687f579d-1680-4dd5-8b24-01f078298cef@group-E95DC8E8582E-LeaderElection74] INFO  impl.RoleInfo (RoleInfo.java:updateAndGet(143)) - 687f579d-1680-4dd5-8b24-01f078298cef: start FollowerState
2019-11-05 11:28:25,449 [Thread-924] INFO  impl.FollowerState (FollowerState.java:run(108)) - 687f579d-1680-4dd5-8b24-01f078298cef@group-E95DC8E8582E-FollowerState: change to CANDIDATE, lastRpcTime:50ms, electionTimeout:50ms
2019-11-05 11:28:25,449 [Thread-924] INFO  impl.RoleInfo (RoleInfo.java:shutdownFollowerState(121)) - 687f579d-1680-4dd5-8b24-01f078298cef: shutdown FollowerState
2019-11-05 11:28:25,449 [Thread-924] INFO  impl.RaftServerImpl (RaftServerImpl.java:setRole(184)) - 687f579d-1680-4dd5-8b24-01f078298cef@group-E95DC8E8582E: changes role from  FOLLOWER to CANDIDATE at term 48 for changeToCandidate
2019-11-05 11:28:25,449 [Thread-924] INFO  impl.RoleInfo (RoleInfo.java:updateAndGet(143)) - 687f579d-1680-4dd5-8b24-01f078298cef: start LeaderElection
2019-11-05 11:28:25,462 [687f579d-1680-4dd5-8b24-01f078298cef@group-E95DC8E8582E-LeaderElection75] INFO  impl.LeaderElection (LeaderElection.java:askForVotes(178)) - 687f579d-1680-4dd5-8b24-01f078298cef@group-E95DC8E8582E-LeaderElection75: begin an election at term 49 for -1: [90ecfa43-dab6-49d9-b30c-40ef62bfdf2a:192.168.157.252:34192, 687f579d-1680-4dd5-8b24-01f078298cef:192.168.157.252:37962, b8bf4e9b-064a-4520-981c-d6c40c833497:192.168.157.252:43407], old=null
2019-11-05 11:28:25,467 [grpc-default-executor-2] INFO  impl.RaftServerImpl (RaftServerImpl.java:setRole(184)) - b8bf4e9b-064a-4520-981c-d6c40c833497@group-E95DC8E8582E: changes role from  FOLLOWER to FOLLOWER at term 49 for recognizeCandidate:687f579d-1680-4dd5-8b24-01f078298cef
2019-11-05 11:28:25,467 [grpc-default-executor-2] INFO  impl.RoleInfo (RoleInfo.java:shutdownFollowerState(121)) - b8bf4e9b-064a-4520-981c-d6c40c833497: shutdown FollowerState
2019-11-05 11:28:25,467 [grpc-default-executor-2] INFO  impl.RoleInfo (RoleInfo.java:updateAndGet(143)) - b8bf4e9b-064a-4520-981c-d6c40c833497: start FollowerState
2019-11-05 11:28:25,468 [Thread-923] INFO  impl.FollowerState (FollowerState.java:run(117)) - b8bf4e9b-064a-4520-981c-d6c40c833497@group-E95DC8E8582E-FollowerState was interrupted: java.lang.InterruptedException: sleep interrupted
2019-11-05 11:28:25,477 [grpc-default-executor-1] INFO  impl.RaftServerImpl (RaftServerImpl.java:setRole(184)) - 90ecfa43-dab6-49d9-b30c-40ef62bfdf2a@group-E95DC8E8582E: changes role from  FOLLOWER to FOLLOWER at term 49 for recognizeCandidate:687f579d-1680-4dd5-8b24-01f078298cef
2019-11-05 11:28:25,477 [grpc-default-executor-1] INFO  impl.RoleInfo (RoleInfo.java:shutdownFollowerState(121)) - 90ecfa43-dab6-49d9-b30c-40ef62bfdf2a: shutdown FollowerState
2019-11-05 11:28:25,478 [grpc-default-executor-1] INFO  impl.RoleInfo (RoleInfo.java:updateAndGet(143)) - 90ecfa43-dab6-49d9-b30c-40ef62bfdf2a: start FollowerState
2019-11-05 11:28:25,478 [Thread-922] INFO  impl.FollowerState (FollowerState.java:run(117)) - 90ecfa43-dab6-49d9-b30c-40ef62bfdf2a@group-E95DC8E8582E-FollowerState was interrupted: java.lang.InterruptedException: sleep interrupted
2019-11-05 11:28:25,504 [687f579d-1680-4dd5-8b24-01f078298cef@group-E95DC8E8582E-LeaderElection75] INFO  impl.LeaderElection (LeaderElection.java:logAndReturn(56)) - 687f579d-1680-4dd5-8b24-01f078298cef@group-E95DC8E8582E-LeaderElection75: Election TIMEOUT; received 1 response(s) [687f579d-1680-4dd5-8b24-01f078298cef<-b8bf4e9b-064a-4520-981c-d6c40c833497#0:FAIL-t49] and 0 exception(s); 687f579d-1680-4dd5-8b24-01f078298cef@group-E95DC8E8582E:t49, leader=null, voted=687f579d-1680-4dd5-8b24-01f078298cef, raftlog=687f579d-1680-4dd5-8b24-01f078298cef@group-E95DC8E8582E-SegmentedRaftLog:OPENED:c-1,f-1,i0, conf=-1: [90ecfa43-dab6-49d9-b30c-40ef62bfdf2a:192.168.157.252:34192, 687f579d-1680-4dd5-8b24-01f078298cef:192.168.157.252:37962, b8bf4e9b-064a-4520-981c-d6c40c833497:192.168.157.252:43407], old=null
2019-11-05 11:28:25,518 [687f579d-1680-4dd5-8b24-01f078298cef@group-E95DC8E8582E-LeaderElection75] INFO  impl.LeaderElection (LeaderElection.java:askForVotes(178)) - 687f579d-1680-4dd5-8b24-01f078298cef@group-E95DC8E8582E-LeaderElection75: begin an election at term 50 for -1: [90ecfa43-dab6-49d9-b30c-40ef62bfdf2a:192.168.157.252:34192, 687f579d-1680-4dd5-8b24-01f078298cef:192.168.157.252:37962, b8bf4e9b-064a-4520-981c-d6c40c833497:192.168.157.252:43407], old=null
2019-11-05 11:28:25,520 [grpc-default-executor-2] INFO  impl.RaftServerImpl (RaftServerImpl.java:setRole(184)) - 90ecfa43-dab6-49d9-b30c-40ef62bfdf2a@group-E95DC8E8582E: changes role from  FOLLOWER to FOLLOWER at term 50 for recognizeCandidate:687f579d-1680-4dd5-8b24-01f078298cef
2019-11-05 11:28:25,520 [grpc-default-executor-9] INFO  impl.RaftServerImpl (RaftServerImpl.java:setRole(184)) - b8bf4e9b-064a-4520-981c-d6c40c833497@group-E95DC8E8582E: changes role from  FOLLOWER to FOLLOWER at term 50 for recognizeCandidate:687f579d-1680-4dd5-8b24-01f078298cef
2019-11-05 11:28:25,521 [grpc-default-executor-9] INFO  impl.RoleInfo (RoleInfo.java:shutdownFollowerState(121)) - b8bf4e9b-064a-4520-981c-d6c40c833497: shutdown FollowerState
2019-11-05 11:28:25,521 [grpc-default-executor-9] INFO  impl.RoleInfo (RoleInfo.java:updateAndGet(143)) - b8bf4e9b-064a-4520-981c-d6c40c833497: start FollowerState
2019-11-05 11:28:25,521 [grpc-default-executor-2] INFO  impl.RoleInfo (RoleInfo.java:shutdownFollowerState(121)) - 90ecfa43-dab6-49d9-b30c-40ef62bfdf2a: shutdown FollowerState
2019-11-05 11:28:25,522 [grpc-default-executor-2] INFO  impl.RoleInfo (RoleInfo.java:updateAndGet(143)) - 90ecfa43-dab6-49d9-b30c-40ef62bfdf2a: start FollowerState
2019-11-05 11:28:25,527 [Thread-929] INFO  impl.FollowerState (FollowerState.java:run(117)) - 90ecfa43-dab6-49d9-b30c-40ef62bfdf2a@group-E95DC8E8582E-FollowerState was interrupted: java.lang.InterruptedException: sleep interrupted
2019-11-05 11:28:25,528 [Thread-928] INFO  impl.FollowerState (FollowerState.java:run(117)) - b8bf4e9b-064a-4520-981c-d6c40c833497@group-E95DC8E8582E-FollowerState was interrupted: java.lang.InterruptedException: sleep interrupted
2019-11-05 11:28:25,533 [687f579d-1680-4dd5-8b24-01f078298cef@group-E95DC8E8582E-LeaderElection75] INFO  impl.LeaderElection (LeaderElection.java:logAndReturn(56)) - 687f579d-1680-4dd5-8b24-01f078298cef@group-E95DC8E8582E-LeaderElection75: Election TIMEOUT; received 0 response(s) [] and 0 exception(s); 687f579d-1680-4dd5-8b24-01f078298cef@group-E95DC8E8582E:t50, leader=null, voted=687f579d-1680-4dd5-8b24-01f078298cef, raftlog=687f579d-1680-4dd5-8b24-01f078298cef@group-E95DC8E8582E-SegmentedRaftLog:OPENED:c-1,f-1,i0, conf=-1: [90ecfa43-dab6-49d9-b30c-40ef62bfdf2a:192.168.157.252:34192, 687f579d-1680-4dd5-8b24-01f078298cef:192.168.157.252:37962, b8bf4e9b-064a-4520-981c-d6c40c833497:192.168.157.252:43407], old=null
2019-11-05 11:28:25,597 [687f579d-1680-4dd5-8b24-01f078298cef@group-E95DC8E8582E-LeaderElection75] INFO  impl.LeaderElection (LeaderElection.java:askForVotes(178)) - 687f579d-1680-4dd5-8b24-01f078298cef@group-E95DC8E8582E-LeaderElection75: begin an election at term 51 for -1: [90ecfa43-dab6-49d9-b30c-40ef62bfdf2a:192.168.157.252:34192, 687f579d-1680-4dd5-8b24-01f078298cef:192.168.157.252:37962, b8bf4e9b-064a-4520-981c-d6c40c833497:192.168.157.252:43407], old=null
2019-11-05 11:28:25,638 [Thread-914] INFO  impl.FollowerState (FollowerState.java:run(108)) - f7e9932d-fd96-469a-9353-68e47138e5ff@group-21C72E9484D5-FollowerState: change to CANDIDATE, lastRpcTime:267ms, electionTimeout:166ms
2019-11-05 11:28:25,639 [Thread-914] INFO  impl.RoleInfo (RoleInfo.java:shutdownFollowerState(121)) - f7e9932d-fd96-469a-9353-68e47138e5ff: shutdown FollowerState
2019-11-05 11:28:25,639 [Thread-914] INFO  impl.RaftServerImpl (RaftServerImpl.java:setRole(184)) - f7e9932d-fd96-469a-9353-68e47138e5ff@group-21C72E9484D5: changes role from  FOLLOWER to CANDIDATE at term 41 for changeToCandidate
2019-11-05 11:28:25,639 [Thread-914] INFO  impl.RoleInfo (RoleInfo.java:updateAndGet(143)) - f7e9932d-fd96-469a-9353-68e47138e5ff: start LeaderElection
2019-11-05 11:28:25,641 [grpc-default-executor-1] INFO  impl.RaftServerImpl (RaftServerImpl.java:setRole(184)) - b8bf4e9b-064a-4520-981c-d6c40c833497@group-E95DC8E8582E: changes role from  FOLLOWER to FOLLOWER at term 51 for recognizeCandidate:687f579d-1680-4dd5-8b24-01f078298cef
2019-11-05 11:28:25,642 [grpc-default-executor-1] INFO  impl.RoleInfo (RoleInfo.java:shutdownFollowerState(121)) - b8bf4e9b-064a-4520-981c-d6c40c833497: shutdown FollowerState
2019-11-05 11:28:25,642 [grpc-default-executor-1] INFO  impl.RoleInfo (RoleInfo.java:updateAndGet(143)) - b8bf4e9b-064a-4520-981c-d6c40c833497: start FollowerState
2019-11-05 11:28:25,650 [Thread-932] INFO  impl.FollowerState (FollowerState.java:run(117)) - b8bf4e9b-064a-4520-981c-d6c40c833497@group-E95DC8E8582E-FollowerState was interrupted: java.lang.InterruptedException: sleep interrupted
2019-11-05 11:28:25,660 [grpc-default-executor-11] INFO  impl.RaftServerImpl (RaftServerImpl.java:setRole(184)) - 90ecfa43-dab6-49d9-b30c-40ef62bfdf2a@group-E95DC8E8582E: changes role from  FOLLOWER to FOLLOWER at term 51 for recognizeCandidate:687f579d-1680-4dd5-8b24-01f078298cef
2019-11-05 11:28:25,660 [grpc-default-executor-11] INFO  impl.RoleInfo (RoleInfo.java:shutdownFollowerState(121)) - 90ecfa43-dab6-49d9-b30c-40ef62bfdf2a: shutdown FollowerState
2019-11-05 11:28:25,661 [grpc-default-executor-11] INFO  impl.RoleInfo (RoleInfo.java:updateAndGet(143)) - 90ecfa43-dab6-49d9-b30c-40ef62bfdf2a: start FollowerState
2019-11-05 11:28:25,661 [Thread-933] INFO  impl.FollowerState (FollowerState.java:run(117)) - 90ecfa43-dab6-49d9-b30c-40ef62bfdf2a@group-E95DC8E8582E-FollowerState was interrupted: java.lang.InterruptedException: sleep interrupted
2019-11-05 11:28:25,711 [687f579d-1680-4dd5-8b24-01f078298cef@group-E95DC8E8582E-LeaderElection75] INFO  impl.LeaderElection (LeaderElection.java:logAndReturn(56)) - 687f579d-1680-4dd5-8b24-01f078298cef@group-E95DC8E8582E-LeaderElection75: Election TIMEOUT; received 0 response(s) [] and 0 exception(s); 687f579d-1680-4dd5-8b24-01f078298cef@group-E95DC8E8582E:t51, leader=null, voted=687f579d-1680-4dd5-8b24-01f078298cef, raftlog=687f579d-1680-4dd5-8b24-01f078298cef@group-E95DC8E8582E-SegmentedRaftLog:OPENED:c-1,f-1,i0, conf=-1: [90ecfa43-dab6-49d9-b30c-40ef62bfdf2a:192.168.157.252:34192, 687f579d-1680-4dd5-8b24-01f078298cef:192.168.157.252:37962, b8bf4e9b-064a-4520-981c-d6c40c833497:192.168.157.252:43407], old=null
2019-11-05 11:28:25,728 [f7e9932d-fd96-469a-9353-68e47138e5ff@group-21C72E9484D5-LeaderElection76] INFO  impl.LeaderElection (LeaderElection.java:askForVotes(178)) - f7e9932d-fd96-469a-9353-68e47138e5ff@group-21C72E9484D5-LeaderElection76: begin an election at term 42 for -1: [f7e9932d-fd96-469a-9353-68e47138e5ff:192.168.157.252:45025, 1eca16cc-5184-4e43-8e55-175d1516eae4:192.168.157.252:41127, 74a8fb36-eab9-4c53-b7cf-c565055de05a:192.168.157.252:42370], old=null
2019-11-05 11:28:25,739 [grpc-default-executor-1] INFO  impl.RaftServerImpl (RaftServerImpl.java:setRole(184)) - 1eca16cc-5184-4e43-8e55-175d1516eae4@group-21C72E9484D5: changes role from  FOLLOWER to FOLLOWER at term 42 for recognizeCandidate:f7e9932d-fd96-469a-9353-68e47138e5ff
2019-11-05 11:28:25,739 [grpc-default-executor-1] INFO  impl.RoleInfo (RoleInfo.java:shutdownFollowerState(121)) - 1eca16cc-5184-4e43-8e55-175d1516eae4: shutdown FollowerState
2019-11-05 11:28:25,754 [Thread-910] INFO  impl.FollowerState (FollowerState.java:run(117)) - 1eca16cc-5184-4e43-8e55-175d1516eae4@group-21C72E9484D5-FollowerState was interrupted: java.lang.InterruptedException: sleep interrupted
2019-11-05 11:28:25,761 [grpc-default-executor-1] INFO  impl.RoleInfo (RoleInfo.java:updateAndGet(143)) - 1eca16cc-5184-4e43-8e55-175d1516eae4: start FollowerState
2019-11-05 11:28:25,766 [687f579d-1680-4dd5-8b24-01f078298cef@group-E95DC8E8582E-LeaderElection75] INFO  impl.LeaderElection (LeaderElection.java:askForVotes(178)) - 687f579d-1680-4dd5-8b24-01f078298cef@group-E95DC8E8582E-LeaderElection75: begin an election at term 52 for -1: [90ecfa43-dab6-49d9-b30c-40ef62bfdf2a:192.168.157.252:34192, 687f579d-1680-4dd5-8b24-01f078298cef:192.168.157.252:37962, b8bf4e9b-064a-4520-981c-d6c40c833497:192.168.157.252:43407], old=null
2019-11-05 11:28:25,781 [grpc-default-executor-9] INFO  impl.RaftServerImpl (RaftServerImpl.java:setRole(184)) - 74a8fb36-eab9-4c53-b7cf-c565055de05a@group-21C72E9484D5: changes role from  FOLLOWER to FOLLOWER at term 42 for recognizeCandidate:f7e9932d-fd96-469a-9353-68e47138e5ff
2019-11-05 11:28:25,781 [grpc-default-executor-9] INFO  impl.RoleInfo (RoleInfo.java:shutdownFollowerState(121)) - 74a8fb36-eab9-4c53-b7cf-c565055de05a: shutdown FollowerState
2019-11-05 11:28:25,803 [grpc-default-executor-9] INFO  impl.RoleInfo (RoleInfo.java:updateAndGet(143)) - 74a8fb36-eab9-4c53-b7cf-c565055de05a: start FollowerState
2019-11-05 11:28:25,803 [Thread-911] INFO  impl.FollowerState (FollowerState.java:run(117)) - 74a8fb36-eab9-4c53-b7cf-c565055de05a@group-21C72E9484D5-FollowerState was interrupted: java.lang.InterruptedException: sleep interrupted
2019-11-05 11:28:25,817 [grpc-default-executor-1] INFO  impl.RaftServerImpl (RaftServerImpl.java:setRole(184)) - b8bf4e9b-064a-4520-981c-d6c40c833497@group-E95DC8E8582E: changes role from  FOLLOWER to FOLLOWER at term 52 for recognizeCandidate:687f579d-1680-4dd5-8b24-01f078298cef
2019-11-05 11:28:25,818 [grpc-default-executor-1] INFO  impl.RoleInfo (RoleInfo.java:shutdownFollowerState(121)) - b8bf4e9b-064a-4520-981c-d6c40c833497: shutdown FollowerState
2019-11-05 11:28:25,821 [grpc-default-executor-1] INFO  impl.RoleInfo (RoleInfo.java:updateAndGet(143)) - b8bf4e9b-064a-4520-981c-d6c40c833497: start FollowerState
2019-11-05 11:28:25,822 [Thread-939] INFO  impl.FollowerState (FollowerState.java:run(117)) - b8bf4e9b-064a-4520-981c-d6c40c833497@group-E95DC8E8582E-FollowerState was interrupted: java.lang.InterruptedException: sleep interrupted
2019-11-05 11:28:25,823 [grpc-default-executor-11] INFO  impl.RaftServerImpl (RaftServerImpl.java:setRole(184)) - 90ecfa43-dab6-49d9-b30c-40ef62bfdf2a@group-E95DC8E8582E: changes role from  FOLLOWER to FOLLOWER at term 52 for recognizeCandidate:687f579d-1680-4dd5-8b24-01f078298cef
2019-11-05 11:28:25,824 [grpc-default-executor-11] INFO  impl.RoleInfo (RoleInfo.java:shutdownFollowerState(121)) - 90ecfa43-dab6-49d9-b30c-40ef62bfdf2a: shutdown FollowerState
2019-11-05 11:28:25,851 [grpc-default-executor-11] INFO  impl.RoleInfo (RoleInfo.java:updateAndGet(143)) - 90ecfa43-dab6-49d9-b30c-40ef62bfdf2a: start FollowerState
2019-11-05 11:28:25,878 [f7e9932d-fd96-469a-9353-68e47138e5ff@group-21C72E9484D5-LeaderElection76] INFO  impl.LeaderElection (LeaderElection.java:logAndReturn(56)) - f7e9932d-fd96-469a-9353-68e47138e5ff@group-21C72E9484D5-LeaderElection76: Election REJECTED; received 2 response(s) [f7e9932d-fd96-469a-9353-68e47138e5ff<-1eca16cc-5184-4e43-8e55-175d1516eae4#0:FAIL-t42, f7e9932d-fd96-469a-9353-68e47138e5ff<-74a8fb36-eab9-4c53-b7cf-c565055de05a#0:FAIL-t42] and 0 exception(s); f7e9932d-fd96-469a-9353-68e47138e5ff@group-21C72E9484D5:t42, leader=null, voted=f7e9932d-fd96-469a-9353-68e47138e5ff, raftlog=f7e9932d-fd96-469a-9353-68e47138e5ff@group-21C72E9484D5-SegmentedRaftLog:OPENED:c-1,f-1,i0, conf=-1: [f7e9932d-fd96-469a-9353-68e47138e5ff:192.168.157.252:45025, 1eca16cc-5184-4e43-8e55-175d1516eae4:192.168.157.252:41127, 74a8fb36-eab9-4c53-b7cf-c565055de05a:192.168.157.252:42370], old=null
2019-11-05 11:28:25,879 [f7e9932d-fd96-469a-9353-68e47138e5ff@group-21C72E9484D5-LeaderElection76] INFO  impl.RaftServerImpl (RaftServerImpl.java:setRole(184)) - f7e9932d-fd96-469a-9353-68e47138e5ff@group-21C72E9484D5: changes role from CANDIDATE to FOLLOWER at term 42 for DISCOVERED_A_NEW_TERM
2019-11-05 11:28:25,879 [f7e9932d-fd96-469a-9353-68e47138e5ff@group-21C72E9484D5-LeaderElection76] INFO  impl.RoleInfo (RoleInfo.java:shutdownLeaderElection(134)) - f7e9932d-fd96-469a-9353-68e47138e5ff: shutdown LeaderElection
2019-11-05 11:28:25,879 [f7e9932d-fd96-469a-9353-68e47138e5ff@group-21C72E9484D5-LeaderElection76] INFO  impl.RoleInfo (RoleInfo.java:updateAndGet(143)) - f7e9932d-fd96-469a-9353-68e47138e5ff: start FollowerState
2019-11-05 11:28:25,886 [687f579d-1680-4dd5-8b24-01f078298cef@group-E95DC8E8582E-LeaderElection75] INFO  impl.LeaderElection (LeaderElection.java:logAndReturn(56)) - 687f579d-1680-4dd5-8b24-01f078298cef@group-E95DC8E8582E-LeaderElection75: Election REJECTED; received 2 response(s) [687f579d-1680-4dd5-8b24-01f078298cef<-90ecfa43-dab6-49d9-b30c-40ef62bfdf2a#0:FAIL-t52, 687f579d-1680-4dd5-8b24-01f078298cef<-b8bf4e9b-064a-4520-981c-d6c40c833497#0:FAIL-t52] and 0 exception(s); 687f579d-1680-4dd5-8b24-01f078298cef@group-E95DC8E8582E:t52, leader=null, voted=687f579d-1680-4dd5-8b24-01f078298cef, raftlog=687f579d-1680-4dd5-8b24-01f078298cef@group-E95DC8E8582E-SegmentedRaftLog:OPENED:c-1,f-1,i0, conf=-1: [90ecfa43-dab6-49d9-b30c-40ef62bfdf2a:192.168.157.252:34192, 687f579d-1680-4dd5-8b24-01f078298cef:192.168.157.252:37962, b8bf4e9b-064a-4520-981c-d6c40c833497:192.168.157.252:43407], old=null
2019-11-05 11:28:25,889 [687f579d-1680-4dd5-8b24-01f078298cef@group-E95DC8E8582E-LeaderElection75] INFO  impl.RaftServerImpl (RaftServerImpl.java:setRole(184)) - 687f579d-1680-4dd5-8b24-01f078298cef@group-E95DC8E8582E: changes role from CANDIDATE to FOLLOWER at term 52 for DISCOVERED_A_NEW_TERM
2019-11-05 11:28:25,890 [687f579d-1680-4dd5-8b24-01f078298cef@group-E95DC8E8582E-LeaderElection75] INFO  impl.RoleInfo (RoleInfo.java:shutdownLeaderElection(134)) - 687f579d-1680-4dd5-8b24-01f078298cef: shutdown LeaderElection
2019-11-05 11:28:25,890 [687f579d-1680-4dd5-8b24-01f078298cef@group-E95DC8E8582E-LeaderElection75] INFO  impl.RoleInfo (RoleInfo.java:updateAndGet(143)) - 687f579d-1680-4dd5-8b24-01f078298cef: start FollowerState
2019-11-05 11:28:25,976 [Thread-940] INFO  impl.FollowerState (FollowerState.java:run(117)) - 90ecfa43-dab6-49d9-b30c-40ef62bfdf2a@group-E95DC8E8582E-FollowerState was interrupted: java.lang.InterruptedException: sleep interrupted
2019-11-05 11:28:26,007 [Thread-949] INFO  impl.FollowerState (FollowerState.java:run(108)) - f7e9932d-fd96-469a-9353-68e47138e5ff@group-21C72E9484D5-FollowerState: change to CANDIDATE, lastRpcTime:127ms, electionTimeout:127ms
2019-11-05 11:28:26,007 [Thread-949] INFO  impl.RoleInfo (RoleInfo.java:shutdownFollowerState(121)) - f7e9932d-fd96-469a-9353-68e47138e5ff: shutdown FollowerState
2019-11-05 11:28:26,007 [Thread-949] INFO  impl.RaftServerImpl (RaftServerImpl.java:setRole(184)) - f7e9932d-fd96-469a-9353-68e47138e5ff@group-21C72E9484D5: changes role from  FOLLOWER to CANDIDATE at term 42 for changeToCandidate
2019-11-05 11:28:26,007 [Thread-949] INFO  impl.RoleInfo (RoleInfo.java:updateAndGet(143)) - f7e9932d-fd96-469a-9353-68e47138e5ff: start LeaderElection
2019-11-05 11:28:26,024 [f7e9932d-fd96-469a-9353-68e47138e5ff@group-21C72E9484D5-LeaderElection77] INFO  impl.LeaderElection (LeaderElection.java:askForVotes(178)) - f7e9932d-fd96-469a-9353-68e47138e5ff@group-21C72E9484D5-LeaderElection77: begin an election at term 43 for -1: [f7e9932d-fd96-469a-9353-68e47138e5ff:192.168.157.252:45025, 1eca16cc-5184-4e43-8e55-175d1516eae4:192.168.157.252:41127, 74a8fb36-eab9-4c53-b7cf-c565055de05a:192.168.157.252:42370], old=null
2019-11-05 11:28:26,033 [Thread-951] INFO  impl.FollowerState (FollowerState.java:run(108)) - 687f579d-1680-4dd5-8b24-01f078298cef@group-E95DC8E8582E-FollowerState: change to CANDIDATE, lastRpcTime:143ms, electionTimeout:139ms
2019-11-05 11:28:26,034 [Thread-951] INFO  impl.RoleInfo (RoleInfo.java:shutdownFollowerState(121)) - 687f579d-1680-4dd5-8b24-01f078298cef: shutdown FollowerState
2019-11-05 11:28:26,034 [Thread-951] INFO  impl.RaftServerImpl (RaftServerImpl.java:setRole(184)) - 687f579d-1680-4dd5-8b24-01f078298cef@group-E95DC8E8582E: changes role from  FOLLOWER to CANDIDATE at term 52 for changeToCandidate
2019-11-05 11:28:26,034 [Thread-951] INFO  impl.RoleInfo (RoleInfo.java:updateAndGet(143)) - 687f579d-1680-4dd5-8b24-01f078298cef: start LeaderElection
2019-11-05 11:28:26,044 [grpc-default-executor-11] INFO  impl.RaftServerImpl (RaftServerImpl.java:setRole(184)) - 74a8fb36-eab9-4c53-b7cf-c565055de05a@group-21C72E9484D5: changes role from  FOLLOWER to FOLLOWER at term 43 for recognizeCandidate:f7e9932d-fd96-469a-9353-68e47138e5ff
2019-11-05 11:28:26,044 [grpc-default-executor-11] INFO  impl.RoleInfo (RoleInfo.java:shutdownFollowerState(121)) - 74a8fb36-eab9-4c53-b7cf-c565055de05a: shutdown FollowerState
2019-11-05 11:28:26,044 [grpc-default-executor-11] INFO  impl.RoleInfo (RoleInfo.java:updateAndGet(143)) - 74a8fb36-eab9-4c53-b7cf-c565055de05a: start FollowerState
2019-11-05 11:28:26,045 [Thread-946] INFO  impl.FollowerState (FollowerState.java:run(117)) - 74a8fb36-eab9-4c53-b7cf-c565055de05a@group-21C72E9484D5-FollowerState was interrupted: java.lang.InterruptedException: sleep interrupted
2019-11-05 11:28:26,050 [grpc-default-executor-1] INFO  impl.RaftServerImpl (RaftServerImpl.java:setRole(184)) - 1eca16cc-5184-4e43-8e55-175d1516eae4@group-21C72E9484D5: changes role from  FOLLOWER to FOLLOWER at term 43 for recognizeCandidate:f7e9932d-fd96-469a-9353-68e47138e5ff
2019-11-05 11:28:26,050 [grpc-default-executor-1] INFO  impl.RoleInfo (RoleInfo.java:shutdownFollowerState(121)) - 1eca16cc-5184-4e43-8e55-175d1516eae4: shutdown FollowerState
2019-11-05 11:28:26,050 [grpc-default-executor-1] INFO  impl.RoleInfo (RoleInfo.java:updateAndGet(143)) - 1eca16cc-5184-4e43-8e55-175d1516eae4: start FollowerState
2019-11-05 11:28:26,053 [Thread-943] INFO  impl.FollowerState (FollowerState.java:run(117)) - 1eca16cc-5184-4e43-8e55-175d1516eae4@group-21C72E9484D5-FollowerState was interrupted: java.lang.InterruptedException: sleep interrupted
2019-11-05 11:28:26,066 [687f579d-1680-4dd5-8b24-01f078298cef@group-E95DC8E8582E-LeaderElection78] INFO  impl.LeaderElection (LeaderElection.java:askForVotes(178)) - 687f579d-1680-4dd5-8b24-01f078298cef@group-E95DC8E8582E-LeaderElection78: begin an election at term 53 for -1: [90ecfa43-dab6-49d9-b30c-40ef62bfdf2a:192.168.157.252:34192, 687f579d-1680-4dd5-8b24-01f078298cef:192.168.157.252:37962, b8bf4e9b-064a-4520-981c-d6c40c833497:192.168.157.252:43407], old=null
2019-11-05 11:28:26,075 [f7e9932d-fd96-469a-9353-68e47138e5ff@group-21C72E9484D5-LeaderElection77] INFO  impl.LeaderElection (LeaderElection.java:logAndReturn(56)) - f7e9932d-fd96-469a-9353-68e47138e5ff@group-21C72E9484D5-LeaderElection77: Election REJECTED; received 2 response(s) [f7e9932d-fd96-469a-9353-68e47138e5ff<-1eca16cc-5184-4e43-8e55-175d1516eae4#0:FAIL-t43, f7e9932d-fd96-469a-9353-68e47138e5ff<-74a8fb36-eab9-4c53-b7cf-c565055de05a#0:FAIL-t43] and 0 exception(s); f7e9932d-fd96-469a-9353-68e47138e5ff@group-21C72E9484D5:t43, leader=null, voted=f7e9932d-fd96-469a-9353-68e47138e5ff, raftlog=f7e9932d-fd96-469a-9353-68e47138e5ff@group-21C72E9484D5-SegmentedRaftLog:OPENED:c-1,f-1,i0, conf=-1: [f7e9932d-fd96-469a-9353-68e47138e5ff:192.168.157.252:45025, 1eca16cc-5184-4e43-8e55-175d1516eae4:192.168.157.252:41127, 74a8fb36-eab9-4c53-b7cf-c565055de05a:192.168.157.252:42370], old=null
2019-11-05 11:28:26,078 [grpc-default-executor-1] INFO  impl.RaftServerImpl (RaftServerImpl.java:setRole(184)) - 90ecfa43-dab6-49d9-b30c-40ef62bfdf2a@group-E95DC8E8582E: changes role from  FOLLOWER to FOLLOWER at term 53 for recognizeCandidate:687f579d-1680-4dd5-8b24-01f078298cef
2019-11-05 11:28:26,079 [grpc-default-executor-1] INFO  impl.RoleInfo (RoleInfo.java:shutdownFollowerState(121)) - 90ecfa43-dab6-49d9-b30c-40ef62bfdf2a: shutdown FollowerState
2019-11-05 11:28:26,107 [grpc-default-executor-1] INFO  impl.RoleInfo (RoleInfo.java:updateAndGet(143)) - 90ecfa43-dab6-49d9-b30c-40ef62bfdf2a: start FollowerState
2019-11-05 11:28:26,110 [f7e9932d-fd96-469a-9353-68e47138e5ff@group-21C72E9484D5-LeaderElection77] INFO  impl.RaftServerImpl (RaftServerImpl.java:setRole(184)) - f7e9932d-fd96-469a-9353-68e47138e5ff@group-21C72E9484D5: changes role from CANDIDATE to FOLLOWER at term 43 for DISCOVERED_A_NEW_TERM
2019-11-05 11:28:26,110 [f7e9932d-fd96-469a-9353-68e47138e5ff@group-21C72E9484D5-LeaderElection77] INFO  impl.RoleInfo (RoleInfo.java:shutdownLeaderElection(134)) - f7e9932d-fd96-469a-9353-68e47138e5ff: shutdown LeaderElection
2019-11-05 11:28:26,111 [f7e9932d-fd96-469a-9353-68e47138e5ff@group-21C72E9484D5-LeaderElection77] INFO  impl.RoleInfo (RoleInfo.java:updateAndGet(143)) - f7e9932d-fd96-469a-9353-68e47138e5ff: start FollowerState
2019-11-05 11:28:26,111 [Thread-948] INFO  impl.FollowerState (FollowerState.java:run(117)) - 90ecfa43-dab6-49d9-b30c-40ef62bfdf2a@group-E95DC8E8582E-FollowerState was interrupted: java.lang.InterruptedException: sleep interrupted
2019-11-05 11:28:26,111 [grpc-default-executor-11] INFO  impl.RaftServerImpl (RaftServerImpl.java:setRole(184)) - b8bf4e9b-064a-4520-981c-d6c40c833497@group-E95DC8E8582E: changes role from  FOLLOWER to FOLLOWER at term 53 for recognizeCandidate:687f579d-1680-4dd5-8b24-01f078298cef
2019-11-05 11:28:26,111 [grpc-default-executor-11] INFO  impl.RoleInfo (RoleInfo.java:shutdownFollowerState(121)) - b8bf4e9b-064a-4520-981c-d6c40c833497: shutdown FollowerState
2019-11-05 11:28:26,116 [grpc-default-executor-11] INFO  impl.RoleInfo (RoleInfo.java:updateAndGet(143)) - b8bf4e9b-064a-4520-981c-d6c40c833497: start FollowerState
2019-11-05 11:28:26,116 [Thread-947] INFO  impl.FollowerState (FollowerState.java:run(117)) - b8bf4e9b-064a-4520-981c-d6c40c833497@group-E95DC8E8582E-FollowerState was interrupted: java.lang.InterruptedException: sleep interrupted
2019-11-05 11:28:26,138 [687f579d-1680-4dd5-8b24-01f078298cef@group-E95DC8E8582E-LeaderElection78] INFO  impl.LeaderElection (LeaderElection.java:logAndReturn(56)) - 687f579d-1680-4dd5-8b24-01f078298cef@group-E95DC8E8582E-LeaderElection78: Election TIMEOUT; received 1 response(s) [687f579d-1680-4dd5-8b24-01f078298cef<-90ecfa43-dab6-49d9-b30c-40ef62bfdf2a#0:FAIL-t53] and 0 exception(s); 687f579d-1680-4dd5-8b24-01f078298cef@group-E95DC8E8582E:t53, leader=null, voted=687f579d-1680-4dd5-8b24-01f078298cef, raftlog=687f579d-1680-4dd5-8b24-01f078298cef@group-E95DC8E8582E-SegmentedRaftLog:OPENED:c-1,f-1,i0, conf=-1: [90ecfa43-dab6-49d9-b30c-40ef62bfdf2a:192.168.157.252:34192, 687f579d-1680-4dd5-8b24-01f078298cef:192.168.157.252:37962, b8bf4e9b-064a-4520-981c-d6c40c833497:192.168.157.252:43407], old=null
2019-11-05 11:28:26,145 [687f579d-1680-4dd5-8b24-01f078298cef@group-E95DC8E8582E-LeaderElection78] INFO  impl.LeaderElection (LeaderElection.java:askForVotes(178)) - 687f579d-1680-4dd5-8b24-01f078298cef@group-E95DC8E8582E-LeaderElection78: begin an election at term 54 for -1: [90ecfa43-dab6-49d9-b30c-40ef62bfdf2a:192.168.157.252:34192, 687f579d-1680-4dd5-8b24-01f078298cef:192.168.157.252:37962, b8bf4e9b-064a-4520-981c-d6c40c833497:192.168.157.252:43407], old=null
2019-11-05 11:28:26,149 [grpc-default-executor-11] INFO  impl.RaftServerImpl (RaftServerImpl.java:setRole(184)) - 90ecfa43-dab6-49d9-b30c-40ef62bfdf2a@group-E95DC8E8582E: changes role from  FOLLOWER to FOLLOWER at term 54 for recognizeCandidate:687f579d-1680-4dd5-8b24-01f078298cef
2019-11-05 11:28:26,150 [grpc-default-executor-11] INFO  impl.RoleInfo (RoleInfo.java:shutdownFollowerState(121)) - 90ecfa43-dab6-49d9-b30c-40ef62bfdf2a: shutdown FollowerState
2019-11-05 11:28:26,150 [grpc-default-executor-11] INFO  impl.RoleInfo (RoleInfo.java:updateAndGet(143)) - 90ecfa43-dab6-49d9-b30c-40ef62bfdf2a: start FollowerState
2019-11-05 11:28:26,150 [grpc-default-executor-1] INFO  impl.RaftServerImpl (RaftServerImpl.java:setRole(184)) - b8bf4e9b-064a-4520-981c-d6c40c833497@group-E95DC8E8582E: changes role from  FOLLOWER to FOLLOWER at term 54 for recognizeCandidate:687f579d-1680-4dd5-8b24-01f078298cef
2019-11-05 11:28:26,150 [grpc-default-executor-1] INFO  impl.RoleInfo (RoleInfo.java:shutdownFollowerState(121)) - b8bf4e9b-064a-4520-981c-d6c40c833497: shutdown FollowerState
2019-11-05 11:28:26,151 [grpc-default-executor-1] INFO  impl.RoleInfo (RoleInfo.java:updateAndGet(143)) - b8bf4e9b-064a-4520-981c-d6c40c833497: start FollowerState
2019-11-05 11:28:26,151 [Thread-963] INFO  impl.FollowerState (FollowerState.java:run(117)) - b8bf4e9b-064a-4520-981c-d6c40c833497@group-E95DC8E8582E-FollowerState was interrupted: java.lang.InterruptedException: sleep interrupted
2019-11-05 11:28:26,154 [Thread-961] INFO  impl.FollowerState (FollowerState.java:run(117)) - 90ecfa43-dab6-49d9-b30c-40ef62bfdf2a@group-E95DC8E8582E-FollowerState was interrupted: java.lang.InterruptedException: sleep interrupted
2019-11-05 11:28:26,179 [Thread-962] INFO  impl.FollowerState (FollowerState.java:run(108)) - f7e9932d-fd96-469a-9353-68e47138e5ff@group-21C72E9484D5-FollowerState: change to CANDIDATE, lastRpcTime:68ms, electionTimeout:63ms
2019-11-05 11:28:26,179 [Thread-962] INFO  impl.RoleInfo (RoleInfo.java:shutdownFollowerState(121)) - f7e9932d-fd96-469a-9353-68e47138e5ff: shutdown FollowerState
2019-11-05 11:28:26,179 [Thread-962] INFO  impl.RaftServerImpl (RaftServerImpl.java:setRole(184)) - f7e9932d-fd96-469a-9353-68e47138e5ff@group-21C72E9484D5: changes role from  FOLLOWER to CANDIDATE at term 43 for changeToCandidate
2019-11-05 11:28:26,180 [Thread-962] INFO  impl.RoleInfo (RoleInfo.java:updateAndGet(143)) - f7e9932d-fd96-469a-9353-68e47138e5ff: start LeaderElection
2019-11-05 11:28:26,184 [687f579d-1680-4dd5-8b24-01f078298cef@group-E95DC8E8582E-LeaderElection78] INFO  impl.LeaderElection (LeaderElection.java:logAndReturn(56)) - 687f579d-1680-4dd5-8b24-01f078298cef@group-E95DC8E8582E-LeaderElection78: Election REJECTED; received 2 response(s) [687f579d-1680-4dd5-8b24-01f078298cef<-90ecfa43-dab6-49d9-b30c-40ef62bfdf2a#0:FAIL-t54, 687f579d-1680-4dd5-8b24-01f078298cef<-b8bf4e9b-064a-4520-981c-d6c40c833497#0:FAIL-t54] and 0 exception(s); 687f579d-1680-4dd5-8b24-01f078298cef@group-E95DC8E8582E:t54, leader=null, voted=687f579d-1680-4dd5-8b24-01f078298cef, raftlog=687f579d-1680-4dd5-8b24-01f078298cef@group-E95DC8E8582E-SegmentedRaftLog:OPENED:c-1,f-1,i0, conf=-1: [90ecfa43-dab6-49d9-b30c-40ef62bfdf2a:192.168.157.252:34192, 687f579d-1680-4dd5-8b24-01f078298cef:192.168.157.252:37962, b8bf4e9b-064a-4520-981c-d6c40c833497:192.168.157.252:43407], old=null
2019-11-05 11:28:26,185 [687f579d-1680-4dd5-8b24-01f078298cef@group-E95DC8E8582E-LeaderElection78] INFO  impl.RaftServerImpl (RaftServerImpl.java:setRole(184)) - 687f579d-1680-4dd5-8b24-01f078298cef@group-E95DC8E8582E: changes role from CANDIDATE to FOLLOWER at term 54 for DISCOVERED_A_NEW_TERM
2019-11-05 11:28:26,185 [687f579d-1680-4dd5-8b24-01f078298cef@group-E95DC8E8582E-LeaderElection78] INFO  impl.RoleInfo (RoleInfo.java:shutdownLeaderElection(134)) - 687f579d-1680-4dd5-8b24-01f078298cef: shutdown LeaderElection
2019-11-05 11:28:26,185 [687f579d-1680-4dd5-8b24-01f078298cef@group-E95DC8E8582E-LeaderElection78] INFO  impl.RoleInfo (RoleInfo.java:updateAndGet(143)) - 687f579d-1680-4dd5-8b24-01f078298cef: start FollowerState
2019-11-05 11:28:26,186 [f7e9932d-fd96-469a-9353-68e47138e5ff@group-21C72E9484D5-LeaderElection79] INFO  impl.LeaderElection (LeaderElection.java:askForVotes(178)) - f7e9932d-fd96-469a-9353-68e47138e5ff@group-21C72E9484D5-LeaderElection79: begin an election at term 44 for -1: [f7e9932d-fd96-469a-9353-68e47138e5ff:192.168.157.252:45025, 1eca16cc-5184-4e43-8e55-175d1516eae4:192.168.157.252:41127, 74a8fb36-eab9-4c53-b7cf-c565055de05a:192.168.157.252:42370], old=null
2019-11-05 11:28:26,191 [grpc-default-executor-11] INFO  impl.RaftServerImpl (RaftServerImpl.java:setRole(184)) - 74a8fb36-eab9-4c53-b7cf-c565055de05a@group-21C72E9484D5: changes role from  FOLLOWER to FOLLOWER at term 44 for recognizeCandidate:f7e9932d-fd96-469a-9353-68e47138e5ff
2019-11-05 11:28:26,191 [grpc-default-executor-1] INFO  impl.RaftServerImpl (RaftServerImpl.java:setRole(184)) - 1eca16cc-5184-4e43-8e55-175d1516eae4@group-21C72E9484D5: changes role from  FOLLOWER to FOLLOWER at term 44 for recognizeCandidate:f7e9932d-fd96-469a-9353-68e47138e5ff
2019-11-05 11:28:26,191 [grpc-default-executor-1] INFO  impl.RoleInfo (RoleInfo.java:shutdownFollowerState(121)) - 1eca16cc-5184-4e43-8e55-175d1516eae4: shutdown FollowerState
2019-11-05 11:28:26,191 [grpc-default-executor-11] INFO  impl.RoleInfo (RoleInfo.java:shutdownFollowerState(121)) - 74a8fb36-eab9-4c53-b7cf-c565055de05a: shutdown FollowerState
2019-11-05 11:28:26,191 [grpc-default-executor-11] INFO  impl.RoleInfo (RoleInfo.java:updateAndGet(143)) - 74a8fb36-eab9-4c53-b7cf-c565055de05a: start FollowerState
2019-11-05 11:28:26,191 [grpc-default-executor-1] INFO  impl.RoleInfo (RoleInfo.java:updateAndGet(143)) - 1eca16cc-5184-4e43-8e55-175d1516eae4: start FollowerState
2019-11-05 11:28:26,191 [Thread-958] INFO  impl.FollowerState (FollowerState.java:run(117)) - 1eca16cc-5184-4e43-8e55-175d1516eae4@group-21C72E9484D5-FollowerState was interrupted: java.lang.InterruptedException: sleep interrupted
2019-11-05 11:28:26,192 [Thread-957] INFO  impl.FollowerState (FollowerState.java:run(117)) - 74a8fb36-eab9-4c53-b7cf-c565055de05a@group-21C72E9484D5-FollowerState was interrupted: java.lang.InterruptedException: sleep interrupted
2019-11-05 11:28:26,209 [Thread-969] INFO  impl.FollowerState (FollowerState.java:run(108)) - 687f579d-1680-4dd5-8b24-01f078298cef@group-E95DC8E8582E-FollowerState: change to CANDIDATE, lastRpcTime:23ms, electionTimeout:21ms
2019-11-05 11:28:26,209 [Thread-969] INFO  impl.RoleInfo (RoleInfo.java:shutdownFollowerState(121)) - 687f579d-1680-4dd5-8b24-01f078298cef: shutdown FollowerState
2019-11-05 11:28:26,209 [Thread-969] INFO  impl.RaftServerImpl (RaftServerImpl.java:setRole(184)) - 687f579d-1680-4dd5-8b24-01f078298cef@group-E95DC8E8582E: changes role from  FOLLOWER to CANDIDATE at term 54 for changeToCandidate
2019-11-05 11:28:26,209 [Thread-969] INFO  impl.RoleInfo (RoleInfo.java:updateAndGet(143)) - 687f579d-1680-4dd5-8b24-01f078298cef: start LeaderElection
2019-11-05 11:28:26,225 [f7e9932d-fd96-469a-9353-68e47138e5ff@group-21C72E9484D5-LeaderElection79] INFO  impl.LeaderElection (LeaderElection.java:logAndReturn(56)) - f7e9932d-fd96-469a-9353-68e47138e5ff@group-21C72E9484D5-LeaderElection79: Election TIMEOUT; received 0 response(s) [] and 0 exception(s); f7e9932d-fd96-469a-9353-68e47138e5ff@group-21C72E9484D5:t44, leader=null, voted=f7e9932d-fd96-469a-9353-68e47138e5ff, raftlog=f7e9932d-fd96-469a-9353-68e47138e5ff@group-21C72E9484D5-SegmentedRaftLog:OPENED:c-1,f-1,i0, conf=-1: [f7e9932d-fd96-469a-9353-68e47138e5ff:192.168.157.252:45025, 1eca16cc-5184-4e43-8e55-175d1516eae4:192.168.157.252:41127, 74a8fb36-eab9-4c53-b7cf-c565055de05a:192.168.157.252:42370], old=null
2019-11-05 11:28:27,050 [f7e9932d-fd96-469a-9353-68e47138e5ff@group-21C72E9484D5-LeaderElection79] INFO  impl.LeaderElection (LeaderElection.java:askForVotes(178)) - f7e9932d-fd96-469a-9353-68e47138e5ff@group-21C72E9484D5-LeaderElection79: begin an election at term 45 for -1: [f7e9932d-fd96-469a-9353-68e47138e5ff:192.168.157.252:45025, 1eca16cc-5184-4e43-8e55-175d1516eae4:192.168.157.252:41127, 74a8fb36-eab9-4c53-b7cf-c565055de05a:192.168.157.252:42370], old=null
2019-11-05 11:28:27,050 [687f579d-1680-4dd5-8b24-01f078298cef@group-E95DC8E8582E-LeaderElection80] INFO  impl.LeaderElection (LeaderElection.java:askForVotes(178)) - 687f579d-1680-4dd5-8b24-01f078298cef@group-E95DC8E8582E-LeaderElection80: begin an election at term 55 for -1: [90ecfa43-dab6-49d9-b30c-40ef62bfdf2a:192.168.157.252:34192, 687f579d-1680-4dd5-8b24-01f078298cef:192.168.157.252:37962, b8bf4e9b-064a-4520-981c-d6c40c833497:192.168.157.252:43407], old=null
2019-11-05 11:28:27,065 [grpc-default-executor-1] INFO  impl.RaftServerImpl (RaftServerImpl.java:setRole(184)) - 90ecfa43-dab6-49d9-b30c-40ef62bfdf2a@group-E95DC8E8582E: changes role from  FOLLOWER to FOLLOWER at term 55 for recognizeCandidate:687f579d-1680-4dd5-8b24-01f078298cef
2019-11-05 11:28:27,066 [grpc-default-executor-1] INFO  impl.RoleInfo (RoleInfo.java:shutdownFollowerState(121)) - 90ecfa43-dab6-49d9-b30c-40ef62bfdf2a: shutdown FollowerState
2019-11-05 11:28:27,066 [grpc-default-executor-9] INFO  impl.RaftServerImpl (RaftServerImpl.java:setRole(184)) - b8bf4e9b-064a-4520-981c-d6c40c833497@group-E95DC8E8582E: changes role from  FOLLOWER to FOLLOWER at term 55 for recognizeCandidate:687f579d-1680-4dd5-8b24-01f078298cef
2019-11-05 11:28:27,066 [Thread-966] INFO  impl.FollowerState (FollowerState.java:run(117)) - 90ecfa43-dab6-49d9-b30c-40ef62bfdf2a@group-E95DC8E8582E-FollowerState was interrupted: java.lang.InterruptedException: sleep interrupted
2019-11-05 11:28:27,066 [grpc-default-executor-11] INFO  impl.RaftServerImpl (RaftServerImpl.java:setRole(184)) - 1eca16cc-5184-4e43-8e55-175d1516eae4@group-21C72E9484D5: changes role from  FOLLOWER to FOLLOWER at term 45 for recognizeCandidate:f7e9932d-fd96-469a-9353-68e47138e5ff
2019-11-05 11:28:27,067 [grpc-default-executor-11] INFO  impl.RoleInfo (RoleInfo.java:shutdownFollowerState(121)) - 1eca16cc-5184-4e43-8e55-175d1516eae4: shutdown FollowerState
2019-11-05 11:28:27,066 [grpc-default-executor-1] INFO  impl.RoleInfo (RoleInfo.java:updateAndGet(143)) - 90ecfa43-dab6-49d9-b30c-40ef62bfdf2a: start FollowerState
2019-11-05 11:28:27,066 [grpc-default-executor-9] INFO  impl.RoleInfo (RoleInfo.java:shutdownFollowerState(121)) - b8bf4e9b-064a-4520-981c-d6c40c833497: shutdown FollowerState
2019-11-05 11:28:27,068 [grpc-default-executor-2] INFO  impl.RaftServerImpl (RaftServerImpl.java:setRole(184)) - 74a8fb36-eab9-4c53-b7cf-c565055de05a@group-21C72E9484D5: changes role from  FOLLOWER to FOLLOWER at term 45 for recognizeCandidate:f7e9932d-fd96-469a-9353-68e47138e5ff
2019-11-05 11:28:27,068 [grpc-default-executor-2] INFO  impl.RoleInfo (RoleInfo.java:shutdownFollowerState(121)) - 74a8fb36-eab9-4c53-b7cf-c565055de05a: shutdown FollowerState
2019-11-05 11:28:27,094 [grpc-default-executor-9] INFO  impl.RoleInfo (RoleInfo.java:updateAndGet(143)) - b8bf4e9b-064a-4520-981c-d6c40c833497: start FollowerState
2019-11-05 11:28:27,094 [Thread-973] INFO  impl.FollowerState (FollowerState.java:run(117)) - 74a8fb36-eab9-4c53-b7cf-c565055de05a@group-21C72E9484D5-FollowerState was interrupted: java.lang.InterruptedException: sleep interrupted
2019-11-05 11:28:27,094 [grpc-default-executor-11] INFO  impl.RoleInfo (RoleInfo.java:updateAndGet(143)) - 1eca16cc-5184-4e43-8e55-175d1516eae4: start FollowerState
2019-11-05 11:28:27,094 [grpc-default-executor-2] INFO  impl.RoleInfo (RoleInfo.java:updateAndGet(143)) - 74a8fb36-eab9-4c53-b7cf-c565055de05a: start FollowerState
2019-11-05 11:28:27,095 [Thread-967] INFO  impl.FollowerState (FollowerState.java:run(117)) - b8bf4e9b-064a-4520-981c-d6c40c833497@group-E95DC8E8582E-FollowerState was interrupted: java.lang.InterruptedException: sleep interrupted
2019-11-05 11:28:27,095 [Thread-972] INFO  impl.FollowerState (FollowerState.java:run(117)) - 1eca16cc-5184-4e43-8e55-175d1516eae4@group-21C72E9484D5-FollowerState was interrupted: java.lang.InterruptedException: sleep interrupted
2019-11-05 11:28:27,120 [687f579d-1680-4dd5-8b24-01f078298cef@group-E95DC8E8582E-LeaderElection80] INFO  impl.LeaderElection (LeaderElection.java:logAndReturn(56)) - 687f579d-1680-4dd5-8b24-01f078298cef@group-E95DC8E8582E-LeaderElection80: Election REJECTED; received 2 response(s) [687f579d-1680-4dd5-8b24-01f078298cef<-90ecfa43-dab6-49d9-b30c-40ef62bfdf2a#0:FAIL-t55, 687f579d-1680-4dd5-8b24-01f078298cef<-b8bf4e9b-064a-4520-981c-d6c40c833497#0:FAIL-t55] and 0 exception(s); 687f579d-1680-4dd5-8b24-01f078298cef@group-E95DC8E8582E:t55, leader=null, voted=687f579d-1680-4dd5-8b24-01f078298cef, raftlog=687f579d-1680-4dd5-8b24-01f078298cef@group-E95DC8E8582E-SegmentedRaftLog:OPENED:c-1,f-1,i0, conf=-1: [90ecfa43-dab6-49d9-b30c-40ef62bfdf2a:192.168.157.252:34192, 687f579d-1680-4dd5-8b24-01f078298cef:192.168.157.252:37962, b8bf4e9b-064a-4520-981c-d6c40c833497:192.168.157.252:43407], old=null
2019-11-05 11:28:27,120 [f7e9932d-fd96-469a-9353-68e47138e5ff@group-21C72E9484D5-LeaderElection79] INFO  impl.LeaderElection (LeaderElection.java:logAndReturn(56)) - f7e9932d-fd96-469a-9353-68e47138e5ff@group-21C72E9484D5-LeaderElection79: Election REJECTED; received 2 response(s) [f7e9932d-fd96-469a-9353-68e47138e5ff<-1eca16cc-5184-4e43-8e55-175d1516eae4#0:FAIL-t45, f7e9932d-fd96-469a-9353-68e47138e5ff<-74a8fb36-eab9-4c53-b7cf-c565055de05a#0:FAIL-t45] and 0 exception(s); f7e9932d-fd96-469a-9353-68e47138e5ff@group-21C72E9484D5:t45, leader=null, voted=f7e9932d-fd96-469a-9353-68e47138e5ff, raftlog=f7e9932d-fd96-469a-9353-68e47138e5ff@group-21C72E9484D5-SegmentedRaftLog:OPENED:c-1,f-1,i0, conf=-1: [f7e9932d-fd96-469a-9353-68e47138e5ff:192.168.157.252:45025, 1eca16cc-5184-4e43-8e55-175d1516eae4:192.168.157.252:41127, 74a8fb36-eab9-4c53-b7cf-c565055de05a:192.168.157.252:42370], old=null
2019-11-05 11:28:27,120 [687f579d-1680-4dd5-8b24-01f078298cef@group-E95DC8E8582E-LeaderElection80] INFO  impl.RaftServerImpl (RaftServerImpl.java:setRole(184)) - 687f579d-1680-4dd5-8b24-01f078298cef@group-E95DC8E8582E: changes role from CANDIDATE to FOLLOWER at term 55 for DISCOVERED_A_NEW_TERM
2019-11-05 11:28:27,121 [f7e9932d-fd96-469a-9353-68e47138e5ff@group-21C72E9484D5-LeaderElection79] INFO  impl.RaftServerImpl (RaftServerImpl.java:setRole(184)) - f7e9932d-fd96-469a-9353-68e47138e5ff@group-21C72E9484D5: changes role from CANDIDATE to FOLLOWER at term 45 for DISCOVERED_A_NEW_TERM
2019-11-05 11:28:27,121 [f7e9932d-fd96-469a-9353-68e47138e5ff@group-21C72E9484D5-LeaderElection79] INFO  impl.RoleInfo (RoleInfo.java:shutdownLeaderElection(134)) - f7e9932d-fd96-469a-9353-68e47138e5ff: shutdown LeaderElection
2019-11-05 11:28:27,121 [f7e9932d-fd96-469a-9353-68e47138e5ff@group-21C72E9484D5-LeaderElection79] INFO  impl.RoleInfo (RoleInfo.java:updateAndGet(143)) - f7e9932d-fd96-469a-9353-68e47138e5ff: start FollowerState
2019-11-05 11:28:27,121 [687f579d-1680-4dd5-8b24-01f078298cef@group-E95DC8E8582E-LeaderElection80] INFO  impl.RoleInfo (RoleInfo.java:shutdownLeaderElection(134)) - 687f579d-1680-4dd5-8b24-01f078298cef: shutdown LeaderElection
2019-11-05 11:28:27,122 [687f579d-1680-4dd5-8b24-01f078298cef@group-E95DC8E8582E-LeaderElection80] INFO  impl.RoleInfo (RoleInfo.java:updateAndGet(143)) - 687f579d-1680-4dd5-8b24-01f078298cef: start FollowerState
2019-11-05 11:28:27,194 [Thread-990] INFO  impl.FollowerState (FollowerState.java:run(108)) - 687f579d-1680-4dd5-8b24-01f078298cef@group-E95DC8E8582E-FollowerState: change to CANDIDATE, lastRpcTime:72ms, electionTimeout:67ms
2019-11-05 11:28:27,234 [Thread-990] INFO  impl.RoleInfo (RoleInfo.java:shutdownFollowerState(121)) - 687f579d-1680-4dd5-8b24-01f078298cef: shutdown FollowerState
2019-11-05 11:28:27,234 [Thread-990] INFO  impl.RaftServerImpl (RaftServerImpl.java:setRole(184)) - 687f579d-1680-4dd5-8b24-01f078298cef@group-E95DC8E8582E: changes role from  FOLLOWER to CANDIDATE at term 55 for changeToCandidate
2019-11-05 11:28:27,234 [Thread-990] INFO  impl.RoleInfo (RoleInfo.java:updateAndGet(143)) - 687f579d-1680-4dd5-8b24-01f078298cef: start LeaderElection
2019-11-05 11:28:27,276 [Timer for 'StorageContainerManager' metrics system] INFO  lib.Interns (Interns.java:removeEldestEntry(50)) - Metrics intern cache overflow at 2011 for MetricsSystem={MetricsSystem=MetricsInfoImpl{name=MetricsSystem, description=MetricsSystem}, MetricsSystem record=MetricsInfoImpl{name=MetricsSystem, description=MetricsSystem record}}
2019-11-05 11:28:27,281 [687f579d-1680-4dd5-8b24-01f078298cef@group-E95DC8E8582E-LeaderElection81] INFO  impl.LeaderElection (LeaderElection.java:askForVotes(178)) - 687f579d-1680-4dd5-8b24-01f078298cef@group-E95DC8E8582E-LeaderElection81: begin an election at term 56 for -1: [90ecfa43-dab6-49d9-b30c-40ef62bfdf2a:192.168.157.252:34192, 687f579d-1680-4dd5-8b24-01f078298cef:192.168.157.252:37962, b8bf4e9b-064a-4520-981c-d6c40c833497:192.168.157.252:43407], old=null
2019-11-05 11:28:27,283 [grpc-default-executor-2] INFO  impl.RaftServerImpl (RaftServerImpl.java:setRole(184)) - 90ecfa43-dab6-49d9-b30c-40ef62bfdf2a@group-E95DC8E8582E: changes role from  FOLLOWER to FOLLOWER at term 56 for recognizeCandidate:687f579d-1680-4dd5-8b24-01f078298cef
2019-11-05 11:28:27,284 [grpc-default-executor-2] INFO  impl.RoleInfo (RoleInfo.java:shutdownFollowerState(121)) - 90ecfa43-dab6-49d9-b30c-40ef62bfdf2a: shutdown FollowerState
2019-11-05 11:28:27,284 [grpc-default-executor-2] INFO  impl.RoleInfo (RoleInfo.java:updateAndGet(143)) - 90ecfa43-dab6-49d9-b30c-40ef62bfdf2a: start FollowerState
2019-11-05 11:28:27,283 [grpc-default-executor-11] INFO  impl.RaftServerImpl (RaftServerImpl.java:setRole(184)) - b8bf4e9b-064a-4520-981c-d6c40c833497@group-E95DC8E8582E: changes role from  FOLLOWER to FOLLOWER at term 56 for recognizeCandidate:687f579d-1680-4dd5-8b24-01f078298cef
2019-11-05 11:28:27,284 [grpc-default-executor-11] INFO  impl.RoleInfo (RoleInfo.java:shutdownFollowerState(121)) - b8bf4e9b-064a-4520-981c-d6c40c833497: shutdown FollowerState
2019-11-05 11:28:27,284 [grpc-default-executor-11] INFO  impl.RoleInfo (RoleInfo.java:updateAndGet(143)) - b8bf4e9b-064a-4520-981c-d6c40c833497: start FollowerState
2019-11-05 11:28:27,284 [Thread-987] INFO  impl.FollowerState (FollowerState.java:run(117)) - b8bf4e9b-064a-4520-981c-d6c40c833497@group-E95DC8E8582E-FollowerState was interrupted: java.lang.InterruptedException: sleep interrupted
2019-11-05 11:28:27,285 [Thread-985] INFO  impl.FollowerState (FollowerState.java:run(117)) - 90ecfa43-dab6-49d9-b30c-40ef62bfdf2a@group-E95DC8E8582E-FollowerState was interrupted: java.lang.InterruptedException: sleep interrupted
2019-11-05 11:28:27,295 [Thread-989] INFO  impl.FollowerState (FollowerState.java:run(108)) - f7e9932d-fd96-469a-9353-68e47138e5ff@group-21C72E9484D5-FollowerState: change to CANDIDATE, lastRpcTime:173ms, electionTimeout:173ms
2019-11-05 11:28:27,295 [Thread-989] INFO  impl.RoleInfo (RoleInfo.java:shutdownFollowerState(121)) - f7e9932d-fd96-469a-9353-68e47138e5ff: shutdown FollowerState
2019-11-05 11:28:27,295 [Thread-989] INFO  impl.RaftServerImpl (RaftServerImpl.java:setRole(184)) - f7e9932d-fd96-469a-9353-68e47138e5ff@group-21C72E9484D5: changes role from  FOLLOWER to CANDIDATE at term 45 for changeToCandidate
2019-11-05 11:28:27,295 [Thread-989] INFO  impl.RoleInfo (RoleInfo.java:updateAndGet(143)) - f7e9932d-fd96-469a-9353-68e47138e5ff: start LeaderElection
2019-11-05 11:28:27,299 [f7e9932d-fd96-469a-9353-68e47138e5ff@group-21C72E9484D5-LeaderElection82] INFO  impl.LeaderElection (LeaderElection.java:askForVotes(178)) - f7e9932d-fd96-469a-9353-68e47138e5ff@group-21C72E9484D5-LeaderElection82: begin an election at term 46 for -1: [f7e9932d-fd96-469a-9353-68e47138e5ff:192.168.157.252:45025, 1eca16cc-5184-4e43-8e55-175d1516eae4:192.168.157.252:41127, 74a8fb36-eab9-4c53-b7cf-c565055de05a:192.168.157.252:42370], old=null
2019-11-05 11:28:27,300 [687f579d-1680-4dd5-8b24-01f078298cef@group-E95DC8E8582E-LeaderElection81] INFO  impl.LeaderElection (LeaderElection.java:logAndReturn(56)) - 687f579d-1680-4dd5-8b24-01f078298cef@group-E95DC8E8582E-LeaderElection81: Election REJECTED; received 2 response(s) [687f579d-1680-4dd5-8b24-01f078298cef<-90ecfa43-dab6-49d9-b30c-40ef62bfdf2a#0:FAIL-t56, 687f579d-1680-4dd5-8b24-01f078298cef<-b8bf4e9b-064a-4520-981c-d6c40c833497#0:FAIL-t56] and 0 exception(s); 687f579d-1680-4dd5-8b24-01f078298cef@group-E95DC8E8582E:t56, leader=null, voted=687f579d-1680-4dd5-8b24-01f078298cef, raftlog=687f579d-1680-4dd5-8b24-01f078298cef@group-E95DC8E8582E-SegmentedRaftLog:OPENED:c-1,f-1,i0, conf=-1: [90ecfa43-dab6-49d9-b30c-40ef62bfdf2a:192.168.157.252:34192, 687f579d-1680-4dd5-8b24-01f078298cef:192.168.157.252:37962, b8bf4e9b-064a-4520-981c-d6c40c833497:192.168.157.252:43407], old=null
2019-11-05 11:28:27,300 [687f579d-1680-4dd5-8b24-01f078298cef@group-E95DC8E8582E-LeaderElection81] INFO  impl.RaftServerImpl (RaftServerImpl.java:setRole(184)) - 687f579d-1680-4dd5-8b24-01f078298cef@group-E95DC8E8582E: changes role from CANDIDATE to FOLLOWER at term 56 for DISCOVERED_A_NEW_TERM
2019-11-05 11:28:27,300 [687f579d-1680-4dd5-8b24-01f078298cef@group-E95DC8E8582E-LeaderElection81] INFO  impl.RoleInfo (RoleInfo.java:shutdownLeaderElection(134)) - 687f579d-1680-4dd5-8b24-01f078298cef: shutdown LeaderElection
2019-11-05 11:28:27,300 [grpc-default-executor-2] INFO  impl.RaftServerImpl (RaftServerImpl.java:setRole(184)) - 74a8fb36-eab9-4c53-b7cf-c565055de05a@group-21C72E9484D5: changes role from  FOLLOWER to FOLLOWER at term 46 for recognizeCandidate:f7e9932d-fd96-469a-9353-68e47138e5ff
2019-11-05 11:28:27,300 [grpc-default-executor-11] INFO  impl.RaftServerImpl (RaftServerImpl.java:setRole(184)) - 1eca16cc-5184-4e43-8e55-175d1516eae4@group-21C72E9484D5: changes role from  FOLLOWER to FOLLOWER at term 46 for recognizeCandidate:f7e9932d-fd96-469a-9353-68e47138e5ff
2019-11-05 11:28:27,300 [687f579d-1680-4dd5-8b24-01f078298cef@group-E95DC8E8582E-LeaderElection81] INFO  impl.RoleInfo (RoleInfo.java:updateAndGet(143)) - 687f579d-1680-4dd5-8b24-01f078298cef: start FollowerState
2019-11-05 11:28:27,300 [grpc-default-executor-11] INFO  impl.RoleInfo (RoleInfo.java:shutdownFollowerState(121)) - 1eca16cc-5184-4e43-8e55-175d1516eae4: shutdown FollowerState
2019-11-05 11:28:27,300 [grpc-default-executor-2] INFO  impl.RoleInfo (RoleInfo.java:shutdownFollowerState(121)) - 74a8fb36-eab9-4c53-b7cf-c565055de05a: shutdown FollowerState
2019-11-05 11:28:27,301 [grpc-default-executor-11] INFO  impl.RoleInfo (RoleInfo.java:updateAndGet(143)) - 1eca16cc-5184-4e43-8e55-175d1516eae4: start FollowerState
2019-11-05 11:28:27,301 [Thread-988] INFO  impl.FollowerState (FollowerState.java:run(117)) - 1eca16cc-5184-4e43-8e55-175d1516eae4@group-21C72E9484D5-FollowerState was interrupted: java.lang.InterruptedException: sleep interrupted
2019-11-05 11:28:27,301 [grpc-default-executor-2] INFO  impl.RoleInfo (RoleInfo.java:updateAndGet(143)) - 74a8fb36-eab9-4c53-b7cf-c565055de05a: start FollowerState
2019-11-05 11:28:27,301 [Thread-986] INFO  impl.FollowerState (FollowerState.java:run(117)) - 74a8fb36-eab9-4c53-b7cf-c565055de05a@group-21C72E9484D5-FollowerState was interrupted: java.lang.InterruptedException: sleep interrupted
2019-11-05 11:28:27,314 [f7e9932d-fd96-469a-9353-68e47138e5ff@group-21C72E9484D5-LeaderElection82] INFO  impl.LeaderElection (LeaderElection.java:logAndReturn(56)) - f7e9932d-fd96-469a-9353-68e47138e5ff@group-21C72E9484D5-LeaderElection82: Election REJECTED; received 2 response(s) [f7e9932d-fd96-469a-9353-68e47138e5ff<-1eca16cc-5184-4e43-8e55-175d1516eae4#0:FAIL-t46, f7e9932d-fd96-469a-9353-68e47138e5ff<-74a8fb36-eab9-4c53-b7cf-c565055de05a#0:FAIL-t46] and 0 exception(s); f7e9932d-fd96-469a-9353-68e47138e5ff@group-21C72E9484D5:t46, leader=null, voted=f7e9932d-fd96-469a-9353-68e47138e5ff, raftlog=f7e9932d-fd96-469a-9353-68e47138e5ff@group-21C72E9484D5-SegmentedRaftLog:OPENED:c-1,f-1,i0, conf=-1: [f7e9932d-fd96-469a-9353-68e47138e5ff:192.168.157.252:45025, 1eca16cc-5184-4e43-8e55-175d1516eae4:192.168.157.252:41127, 74a8fb36-eab9-4c53-b7cf-c565055de05a:192.168.157.252:42370], old=null
2019-11-05 11:28:27,315 [f7e9932d-fd96-469a-9353-68e47138e5ff@group-21C72E9484D5-LeaderElection82] INFO  impl.RaftServerImpl (RaftServerImpl.java:setRole(184)) - f7e9932d-fd96-469a-9353-68e47138e5ff@group-21C72E9484D5: changes role from CANDIDATE to FOLLOWER at term 46 for DISCOVERED_A_NEW_TERM
2019-11-05 11:28:27,315 [f7e9932d-fd96-469a-9353-68e47138e5ff@group-21C72E9484D5-LeaderElection82] INFO  impl.RoleInfo (RoleInfo.java:shutdownLeaderElection(134)) - f7e9932d-fd96-469a-9353-68e47138e5ff: shutdown LeaderElection
2019-11-05 11:28:27,315 [f7e9932d-fd96-469a-9353-68e47138e5ff@group-21C72E9484D5-LeaderElection82] INFO  impl.RoleInfo (RoleInfo.java:updateAndGet(143)) - f7e9932d-fd96-469a-9353-68e47138e5ff: start FollowerState
2019-11-05 11:28:27,342 [Thread-999] INFO  impl.FollowerState (FollowerState.java:run(108)) - 687f579d-1680-4dd5-8b24-01f078298cef@group-E95DC8E8582E-FollowerState: change to CANDIDATE, lastRpcTime:41ms, electionTimeout:41ms
2019-11-05 11:28:27,342 [Thread-999] INFO  impl.RoleInfo (RoleInfo.java:shutdownFollowerState(121)) - 687f579d-1680-4dd5-8b24-01f078298cef: shutdown FollowerState
2019-11-05 11:28:27,342 [Thread-999] INFO  impl.RaftServerImpl (RaftServerImpl.java:setRole(184)) - 687f579d-1680-4dd5-8b24-01f078298cef@group-E95DC8E8582E: changes role from  FOLLOWER to CANDIDATE at term 56 for changeToCandidate
2019-11-05 11:28:27,342 [Thread-999] INFO  impl.RoleInfo (RoleInfo.java:updateAndGet(143)) - 687f579d-1680-4dd5-8b24-01f078298cef: start LeaderElection
2019-11-05 11:28:27,355 [687f579d-1680-4dd5-8b24-01f078298cef@group-E95DC8E8582E-LeaderElection83] INFO  impl.LeaderElection (LeaderElection.java:askForVotes(178)) - 687f579d-1680-4dd5-8b24-01f078298cef@group-E95DC8E8582E-LeaderElection83: begin an election at term 57 for -1: [90ecfa43-dab6-49d9-b30c-40ef62bfdf2a:192.168.157.252:34192, 687f579d-1680-4dd5-8b24-01f078298cef:192.168.157.252:37962, b8bf4e9b-064a-4520-981c-d6c40c833497:192.168.157.252:43407], old=null
2019-11-05 11:28:27,357 [grpc-default-executor-11] INFO  impl.RaftServerImpl (RaftServerImpl.java:setRole(184)) - 90ecfa43-dab6-49d9-b30c-40ef62bfdf2a@group-E95DC8E8582E: changes role from  FOLLOWER to FOLLOWER at term 57 for recognizeCandidate:687f579d-1680-4dd5-8b24-01f078298cef
2019-11-05 11:28:27,357 [grpc-default-executor-2] INFO  impl.RaftServerImpl (RaftServerImpl.java:setRole(184)) - b8bf4e9b-064a-4520-981c-d6c40c833497@group-E95DC8E8582E: changes role from  FOLLOWER to FOLLOWER at term 57 for recognizeCandidate:687f579d-1680-4dd5-8b24-01f078298cef
2019-11-05 11:28:27,357 [grpc-default-executor-11] INFO  impl.RoleInfo (RoleInfo.java:shutdownFollowerState(121)) - 90ecfa43-dab6-49d9-b30c-40ef62bfdf2a: shutdown FollowerState
2019-11-05 11:28:27,358 [grpc-default-executor-2] INFO  impl.RoleInfo (RoleInfo.java:shutdownFollowerState(121)) - b8bf4e9b-064a-4520-981c-d6c40c833497: shutdown FollowerState
2019-11-05 11:28:27,358 [Thread-994] INFO  impl.FollowerState (FollowerState.java:run(117)) - 90ecfa43-dab6-49d9-b30c-40ef62bfdf2a@group-E95DC8E8582E-FollowerState was interrupted: java.lang.InterruptedException: sleep interrupted
2019-11-05 11:28:27,358 [grpc-default-executor-11] INFO  impl.RoleInfo (RoleInfo.java:updateAndGet(143)) - 90ecfa43-dab6-49d9-b30c-40ef62bfdf2a: start FollowerState
2019-11-05 11:28:27,358 [Thread-995] INFO  impl.FollowerState (FollowerState.java:run(117)) - b8bf4e9b-064a-4520-981c-d6c40c833497@group-E95DC8E8582E-FollowerState was interrupted: java.lang.InterruptedException: sleep interrupted
2019-11-05 11:28:27,358 [grpc-default-executor-2] INFO  impl.RoleInfo (RoleInfo.java:updateAndGet(143)) - b8bf4e9b-064a-4520-981c-d6c40c833497: start FollowerState
2019-11-05 11:28:27,367 [687f579d-1680-4dd5-8b24-01f078298cef@group-E95DC8E8582E-LeaderElection83] INFO  impl.LeaderElection (LeaderElection.java:logAndReturn(56)) - 687f579d-1680-4dd5-8b24-01f078298cef@group-E95DC8E8582E-LeaderElection83: Election REJECTED; received 2 response(s) [687f579d-1680-4dd5-8b24-01f078298cef<-90ecfa43-dab6-49d9-b30c-40ef62bfdf2a#0:FAIL-t57, 687f579d-1680-4dd5-8b24-01f078298cef<-b8bf4e9b-064a-4520-981c-d6c40c833497#0:FAIL-t57] and 0 exception(s); 687f579d-1680-4dd5-8b24-01f078298cef@group-E95DC8E8582E:t57, leader=null, voted=687f579d-1680-4dd5-8b24-01f078298cef, raftlog=687f579d-1680-4dd5-8b24-01f078298cef@group-E95DC8E8582E-SegmentedRaftLog:OPENED:c-1,f-1,i0, conf=-1: [90ecfa43-dab6-49d9-b30c-40ef62bfdf2a:192.168.157.252:34192, 687f579d-1680-4dd5-8b24-01f078298cef:192.168.157.252:37962, b8bf4e9b-064a-4520-981c-d6c40c833497:192.168.157.252:43407], old=null
2019-11-05 11:28:27,367 [687f579d-1680-4dd5-8b24-01f078298cef@group-E95DC8E8582E-LeaderElection83] INFO  impl.RaftServerImpl (RaftServerImpl.java:setRole(184)) - 687f579d-1680-4dd5-8b24-01f078298cef@group-E95DC8E8582E: changes role from CANDIDATE to FOLLOWER at term 57 for DISCOVERED_A_NEW_TERM
2019-11-05 11:28:27,367 [687f579d-1680-4dd5-8b24-01f078298cef@group-E95DC8E8582E-LeaderElection83] INFO  impl.RoleInfo (RoleInfo.java:shutdownLeaderElection(134)) - 687f579d-1680-4dd5-8b24-01f078298cef: shutdown LeaderElection
2019-11-05 11:28:27,367 [687f579d-1680-4dd5-8b24-01f078298cef@group-E95DC8E8582E-LeaderElection83] INFO  impl.RoleInfo (RoleInfo.java:updateAndGet(143)) - 687f579d-1680-4dd5-8b24-01f078298cef: start FollowerState
2019-11-05 11:28:27,419 [Thread-1002] INFO  impl.FollowerState (FollowerState.java:run(108)) - f7e9932d-fd96-469a-9353-68e47138e5ff@group-21C72E9484D5-FollowerState: change to CANDIDATE, lastRpcTime:104ms, electionTimeout:104ms
2019-11-05 11:28:27,419 [Thread-1002] INFO  impl.RoleInfo (RoleInfo.java:shutdownFollowerState(121)) - f7e9932d-fd96-469a-9353-68e47138e5ff: shutdown FollowerState
2019-11-05 11:28:27,420 [Thread-1002] INFO  impl.RaftServerImpl (RaftServerImpl.java:setRole(184)) - f7e9932d-fd96-469a-9353-68e47138e5ff@group-21C72E9484D5: changes role from  FOLLOWER to CANDIDATE at term 46 for changeToCandidate
2019-11-05 11:28:27,420 [Thread-1002] INFO  impl.RoleInfo (RoleInfo.java:updateAndGet(143)) - f7e9932d-fd96-469a-9353-68e47138e5ff: start LeaderElection
2019-11-05 11:28:27,428 [Thread-1008] INFO  impl.FollowerState (FollowerState.java:run(108)) - 687f579d-1680-4dd5-8b24-01f078298cef@group-E95DC8E8582E-FollowerState: change to CANDIDATE, lastRpcTime:60ms, electionTimeout:58ms
2019-11-05 11:28:27,428 [Thread-1008] INFO  impl.RoleInfo (RoleInfo.java:shutdownFollowerState(121)) - 687f579d-1680-4dd5-8b24-01f078298cef: shutdown FollowerState
2019-11-05 11:28:27,428 [Thread-1008] INFO  impl.RaftServerImpl (RaftServerImpl.java:setRole(184)) - 687f579d-1680-4dd5-8b24-01f078298cef@group-E95DC8E8582E: changes role from  FOLLOWER to CANDIDATE at term 57 for changeToCandidate
2019-11-05 11:28:27,428 [Thread-1008] INFO  impl.RoleInfo (RoleInfo.java:updateAndGet(143)) - 687f579d-1680-4dd5-8b24-01f078298cef: start LeaderElection
2019-11-05 11:28:27,446 [f7e9932d-fd96-469a-9353-68e47138e5ff@group-21C72E9484D5-LeaderElection84] INFO  impl.LeaderElection (LeaderElection.java:askForVotes(178)) - f7e9932d-fd96-469a-9353-68e47138e5ff@group-21C72E9484D5-LeaderElection84: begin an election at term 47 for -1: [f7e9932d-fd96-469a-9353-68e47138e5ff:192.168.157.252:45025, 1eca16cc-5184-4e43-8e55-175d1516eae4:192.168.157.252:41127, 74a8fb36-eab9-4c53-b7cf-c565055de05a:192.168.157.252:42370], old=null
2019-11-05 11:28:27,447 [687f579d-1680-4dd5-8b24-01f078298cef@group-E95DC8E8582E-LeaderElection85] INFO  impl.LeaderElection (LeaderElection.java:askForVotes(178)) - 687f579d-1680-4dd5-8b24-01f078298cef@group-E95DC8E8582E-LeaderElection85: begin an election at term 58 for -1: [90ecfa43-dab6-49d9-b30c-40ef62bfdf2a:192.168.157.252:34192, 687f579d-1680-4dd5-8b24-01f078298cef:192.168.157.252:37962, b8bf4e9b-064a-4520-981c-d6c40c833497:192.168.157.252:43407], old=null
2019-11-05 11:28:27,450 [grpc-default-executor-2] INFO  impl.RaftServerImpl (RaftServerImpl.java:setRole(184)) - 74a8fb36-eab9-4c53-b7cf-c565055de05a@group-21C72E9484D5: changes role from  FOLLOWER to FOLLOWER at term 47 for recognizeCandidate:f7e9932d-fd96-469a-9353-68e47138e5ff
2019-11-05 11:28:27,450 [grpc-default-executor-2] INFO  impl.RoleInfo (RoleInfo.java:shutdownFollowerState(121)) - 74a8fb36-eab9-4c53-b7cf-c565055de05a: shutdown FollowerState
2019-11-05 11:28:27,450 [Thread-1001] INFO  impl.FollowerState (FollowerState.java:run(117)) - 74a8fb36-eab9-4c53-b7cf-c565055de05a@group-21C72E9484D5-FollowerState was interrupted: java.lang.InterruptedException: sleep interrupted
2019-11-05 11:28:27,451 [grpc-default-executor-2] INFO  impl.RoleInfo (RoleInfo.java:updateAndGet(143)) - 74a8fb36-eab9-4c53-b7cf-c565055de05a: start FollowerState
2019-11-05 11:28:27,454 [grpc-default-executor-11] INFO  impl.RaftServerImpl (RaftServerImpl.java:setRole(184)) - b8bf4e9b-064a-4520-981c-d6c40c833497@group-E95DC8E8582E: changes role from  FOLLOWER to FOLLOWER at term 58 for recognizeCandidate:687f579d-1680-4dd5-8b24-01f078298cef
2019-11-05 11:28:27,454 [grpc-default-executor-1] INFO  impl.RaftServerImpl (RaftServerImpl.java:setRole(184)) - 1eca16cc-5184-4e43-8e55-175d1516eae4@group-21C72E9484D5: changes role from  FOLLOWER to FOLLOWER at term 47 for recognizeCandidate:f7e9932d-fd96-469a-9353-68e47138e5ff
2019-11-05 11:28:27,454 [grpc-default-executor-1] INFO  impl.RoleInfo (RoleInfo.java:shutdownFollowerState(121)) - 1eca16cc-5184-4e43-8e55-175d1516eae4: shutdown FollowerState
2019-11-05 11:28:27,454 [grpc-default-executor-11] INFO  impl.RoleInfo (RoleInfo.java:shutdownFollowerState(121)) - b8bf4e9b-064a-4520-981c-d6c40c833497: shutdown FollowerState
2019-11-05 11:28:27,454 [grpc-default-executor-1] INFO  impl.RoleInfo (RoleInfo.java:updateAndGet(143)) - 1eca16cc-5184-4e43-8e55-175d1516eae4: start FollowerState
2019-11-05 11:28:27,455 [grpc-default-executor-11] INFO  impl.RoleInfo (RoleInfo.java:updateAndGet(143)) - b8bf4e9b-064a-4520-981c-d6c40c833497: start FollowerState
2019-11-05 11:28:27,459 [Thread-1000] INFO  impl.FollowerState (FollowerState.java:run(117)) - 1eca16cc-5184-4e43-8e55-175d1516eae4@group-21C72E9484D5-FollowerState was interrupted: java.lang.InterruptedException: sleep interrupted
2019-11-05 11:28:27,459 [Thread-1007] INFO  impl.FollowerState (FollowerState.java:run(117)) - b8bf4e9b-064a-4520-981c-d6c40c833497@group-E95DC8E8582E-FollowerState was interrupted: java.lang.InterruptedException: sleep interrupted
2019-11-05 11:28:27,461 [grpc-default-executor-9] INFO  impl.RaftServerImpl (RaftServerImpl.java:setRole(184)) - 90ecfa43-dab6-49d9-b30c-40ef62bfdf2a@group-E95DC8E8582E: changes role from  FOLLOWER to FOLLOWER at term 58 for recognizeCandidate:687f579d-1680-4dd5-8b24-01f078298cef
2019-11-05 11:28:27,461 [grpc-default-executor-9] INFO  impl.RoleInfo (RoleInfo.java:shutdownFollowerState(121)) - 90ecfa43-dab6-49d9-b30c-40ef62bfdf2a: shutdown FollowerState
2019-11-05 11:28:27,461 [grpc-default-executor-9] INFO  impl.RoleInfo (RoleInfo.java:updateAndGet(143)) - 90ecfa43-dab6-49d9-b30c-40ef62bfdf2a: start FollowerState
2019-11-05 11:28:27,462 [Thread-1006] INFO  impl.FollowerState (FollowerState.java:run(117)) - 90ecfa43-dab6-49d9-b30c-40ef62bfdf2a@group-E95DC8E8582E-FollowerState was interrupted: java.lang.InterruptedException: sleep interrupted
2019-11-05 11:28:27,474 [f7e9932d-fd96-469a-9353-68e47138e5ff@group-21C72E9484D5-LeaderElection84] INFO  impl.LeaderElection (LeaderElection.java:logAndReturn(56)) - f7e9932d-fd96-469a-9353-68e47138e5ff@group-21C72E9484D5-LeaderElection84: Election REJECTED; received 2 response(s) [f7e9932d-fd96-469a-9353-68e47138e5ff<-1eca16cc-5184-4e43-8e55-175d1516eae4#0:FAIL-t47, f7e9932d-fd96-469a-9353-68e47138e5ff<-74a8fb36-eab9-4c53-b7cf-c565055de05a#0:FAIL-t47] and 0 exception(s); f7e9932d-fd96-469a-9353-68e47138e5ff@group-21C72E9484D5:t47, leader=null, voted=f7e9932d-fd96-469a-9353-68e47138e5ff, raftlog=f7e9932d-fd96-469a-9353-68e47138e5ff@group-21C72E9484D5-SegmentedRaftLog:OPENED:c-1,f-1,i0, conf=-1: [f7e9932d-fd96-469a-9353-68e47138e5ff:192.168.157.252:45025, 1eca16cc-5184-4e43-8e55-175d1516eae4:192.168.157.252:41127, 74a8fb36-eab9-4c53-b7cf-c565055de05a:192.168.157.252:42370], old=null
2019-11-05 11:28:27,474 [f7e9932d-fd96-469a-9353-68e47138e5ff@group-21C72E9484D5-LeaderElection84] INFO  impl.RaftServerImpl (RaftServerImpl.java:setRole(184)) - f7e9932d-fd96-469a-9353-68e47138e5ff@group-21C72E9484D5: changes role from CANDIDATE to FOLLOWER at term 47 for DISCOVERED_A_NEW_TERM
2019-11-05 11:28:27,475 [f7e9932d-fd96-469a-9353-68e47138e5ff@group-21C72E9484D5-LeaderElection84] INFO  impl.RoleInfo (RoleInfo.java:shutdownLeaderElection(134)) - f7e9932d-fd96-469a-9353-68e47138e5ff: shutdown LeaderElection
2019-11-05 11:28:27,475 [f7e9932d-fd96-469a-9353-68e47138e5ff@group-21C72E9484D5-LeaderElection84] INFO  impl.RoleInfo (RoleInfo.java:updateAndGet(143)) - f7e9932d-fd96-469a-9353-68e47138e5ff: start FollowerState
2019-11-05 11:28:27,475 [687f579d-1680-4dd5-8b24-01f078298cef@group-E95DC8E8582E-LeaderElection85] INFO  impl.LeaderElection (LeaderElection.java:logAndReturn(56)) - 687f579d-1680-4dd5-8b24-01f078298cef@group-E95DC8E8582E-LeaderElection85: Election REJECTED; received 2 response(s) [687f579d-1680-4dd5-8b24-01f078298cef<-90ecfa43-dab6-49d9-b30c-40ef62bfdf2a#0:FAIL-t58, 687f579d-1680-4dd5-8b24-01f078298cef<-b8bf4e9b-064a-4520-981c-d6c40c833497#0:FAIL-t58] and 0 exception(s); 687f579d-1680-4dd5-8b24-01f078298cef@group-E95DC8E8582E:t58, leader=null, voted=687f579d-1680-4dd5-8b24-01f078298cef, raftlog=687f579d-1680-4dd5-8b24-01f078298cef@group-E95DC8E8582E-SegmentedRaftLog:OPENED:c-1,f-1,i0, conf=-1: [90ecfa43-dab6-49d9-b30c-40ef62bfdf2a:192.168.157.252:34192, 687f579d-1680-4dd5-8b24-01f078298cef:192.168.157.252:37962, b8bf4e9b-064a-4520-981c-d6c40c833497:192.168.157.252:43407], old=null
2019-11-05 11:28:27,475 [687f579d-1680-4dd5-8b24-01f078298cef@group-E95DC8E8582E-LeaderElection85] INFO  impl.RaftServerImpl (RaftServerImpl.java:setRole(184)) - 687f579d-1680-4dd5-8b24-01f078298cef@group-E95DC8E8582E: changes role from CANDIDATE to FOLLOWER at term 58 for DISCOVERED_A_NEW_TERM
2019-11-05 11:28:27,476 [687f579d-1680-4dd5-8b24-01f078298cef@group-E95DC8E8582E-LeaderElection85] INFO  impl.RoleInfo (RoleInfo.java:shutdownLeaderElection(134)) - 687f579d-1680-4dd5-8b24-01f078298cef: shutdown LeaderElection
2019-11-05 11:28:27,476 [687f579d-1680-4dd5-8b24-01f078298cef@group-E95DC8E8582E-LeaderElection85] INFO  impl.RoleInfo (RoleInfo.java:updateAndGet(143)) - 687f579d-1680-4dd5-8b24-01f078298cef: start FollowerState
2019-11-05 11:28:27,480 [Thread-1022] INFO  impl.FollowerState (FollowerState.java:run(108)) - 687f579d-1680-4dd5-8b24-01f078298cef@group-E95DC8E8582E-FollowerState: change to CANDIDATE, lastRpcTime:4ms, electionTimeout:4ms
2019-11-05 11:28:27,480 [Thread-1022] INFO  impl.RoleInfo (RoleInfo.java:shutdownFollowerState(121)) - 687f579d-1680-4dd5-8b24-01f078298cef: shutdown FollowerState
2019-11-05 11:28:27,480 [Thread-1022] INFO  impl.RaftServerImpl (RaftServerImpl.java:setRole(184)) - 687f579d-1680-4dd5-8b24-01f078298cef@group-E95DC8E8582E: changes role from  FOLLOWER to CANDIDATE at term 58 for changeToCandidate
2019-11-05 11:28:27,481 [Thread-1022] INFO  impl.RoleInfo (RoleInfo.java:updateAndGet(143)) - 687f579d-1680-4dd5-8b24-01f078298cef: start LeaderElection
2019-11-05 11:28:27,490 [687f579d-1680-4dd5-8b24-01f078298cef@group-E95DC8E8582E-LeaderElection86] INFO  impl.LeaderElection (LeaderElection.java:askForVotes(178)) - 687f579d-1680-4dd5-8b24-01f078298cef@group-E95DC8E8582E-LeaderElection86: begin an election at term 59 for -1: [90ecfa43-dab6-49d9-b30c-40ef62bfdf2a:192.168.157.252:34192, 687f579d-1680-4dd5-8b24-01f078298cef:192.168.157.252:37962, b8bf4e9b-064a-4520-981c-d6c40c833497:192.168.157.252:43407], old=null
2019-11-05 11:28:27,493 [grpc-default-executor-1] INFO  impl.RaftServerImpl (RaftServerImpl.java:setRole(184)) - 90ecfa43-dab6-49d9-b30c-40ef62bfdf2a@group-E95DC8E8582E: changes role from  FOLLOWER to FOLLOWER at term 59 for recognizeCandidate:687f579d-1680-4dd5-8b24-01f078298cef
2019-11-05 11:28:27,494 [grpc-default-executor-1] INFO  impl.RoleInfo (RoleInfo.java:shutdownFollowerState(121)) - 90ecfa43-dab6-49d9-b30c-40ef62bfdf2a: shutdown FollowerState
2019-11-05 11:28:27,493 [grpc-default-executor-2] INFO  impl.RaftServerImpl (RaftServerImpl.java:setRole(184)) - b8bf4e9b-064a-4520-981c-d6c40c833497@group-E95DC8E8582E: changes role from  FOLLOWER to FOLLOWER at term 59 for recognizeCandidate:687f579d-1680-4dd5-8b24-01f078298cef
2019-11-05 11:28:27,494 [Thread-1020] INFO  impl.FollowerState (FollowerState.java:run(117)) - 90ecfa43-dab6-49d9-b30c-40ef62bfdf2a@group-E95DC8E8582E-FollowerState was interrupted: java.lang.InterruptedException: sleep interrupted
2019-11-05 11:28:27,494 [grpc-default-executor-1] INFO  impl.RoleInfo (RoleInfo.java:updateAndGet(143)) - 90ecfa43-dab6-49d9-b30c-40ef62bfdf2a: start FollowerState
2019-11-05 11:28:27,494 [grpc-default-executor-2] INFO  impl.RoleInfo (RoleInfo.java:shutdownFollowerState(121)) - b8bf4e9b-064a-4520-981c-d6c40c833497: shutdown FollowerState
2019-11-05 11:28:27,494 [grpc-default-executor-2] INFO  impl.RoleInfo (RoleInfo.java:updateAndGet(143)) - b8bf4e9b-064a-4520-981c-d6c40c833497: start FollowerState
2019-11-05 11:28:27,495 [Thread-1019] INFO  impl.FollowerState (FollowerState.java:run(117)) - b8bf4e9b-064a-4520-981c-d6c40c833497@group-E95DC8E8582E-FollowerState was interrupted: java.lang.InterruptedException: sleep interrupted
2019-11-05 11:28:27,516 [687f579d-1680-4dd5-8b24-01f078298cef@group-E95DC8E8582E-LeaderElection86] INFO  impl.LeaderElection (LeaderElection.java:logAndReturn(56)) - 687f579d-1680-4dd5-8b24-01f078298cef@group-E95DC8E8582E-LeaderElection86: Election REJECTED; received 2 response(s) [687f579d-1680-4dd5-8b24-01f078298cef<-90ecfa43-dab6-49d9-b30c-40ef62bfdf2a#0:FAIL-t59, 687f579d-1680-4dd5-8b24-01f078298cef<-b8bf4e9b-064a-4520-981c-d6c40c833497#0:FAIL-t59] and 0 exception(s); 687f579d-1680-4dd5-8b24-01f078298cef@group-E95DC8E8582E:t59, leader=null, voted=687f579d-1680-4dd5-8b24-01f078298cef, raftlog=687f579d-1680-4dd5-8b24-01f078298cef@group-E95DC8E8582E-SegmentedRaftLog:OPENED:c-1,f-1,i0, conf=-1: [90ecfa43-dab6-49d9-b30c-40ef62bfdf2a:192.168.157.252:34192, 687f579d-1680-4dd5-8b24-01f078298cef:192.168.157.252:37962, b8bf4e9b-064a-4520-981c-d6c40c833497:192.168.157.252:43407], old=null
2019-11-05 11:28:27,517 [687f579d-1680-4dd5-8b24-01f078298cef@group-E95DC8E8582E-LeaderElection86] INFO  impl.RaftServerImpl (RaftServerImpl.java:setRole(184)) - 687f579d-1680-4dd5-8b24-01f078298cef@group-E95DC8E8582E: changes role from CANDIDATE to FOLLOWER at term 59 for DISCOVERED_A_NEW_TERM
2019-11-05 11:28:27,517 [687f579d-1680-4dd5-8b24-01f078298cef@group-E95DC8E8582E-LeaderElection86] INFO  impl.RoleInfo (RoleInfo.java:shutdownLeaderElection(134)) - 687f579d-1680-4dd5-8b24-01f078298cef: shutdown LeaderElection
2019-11-05 11:28:27,517 [687f579d-1680-4dd5-8b24-01f078298cef@group-E95DC8E8582E-LeaderElection86] INFO  impl.RoleInfo (RoleInfo.java:updateAndGet(143)) - 687f579d-1680-4dd5-8b24-01f078298cef: start FollowerState
2019-11-05 11:28:27,522 [Thread-1028] INFO  impl.FollowerState (FollowerState.java:run(108)) - 687f579d-1680-4dd5-8b24-01f078298cef@group-E95DC8E8582E-FollowerState: change to CANDIDATE, lastRpcTime:4ms, electionTimeout:4ms
2019-11-05 11:28:27,522 [Thread-1028] INFO  impl.RoleInfo (RoleInfo.java:shutdownFollowerState(121)) - 687f579d-1680-4dd5-8b24-01f078298cef: shutdown FollowerState
2019-11-05 11:28:27,522 [Thread-1028] INFO  impl.RaftServerImpl (RaftServerImpl.java:setRole(184)) - 687f579d-1680-4dd5-8b24-01f078298cef@group-E95DC8E8582E: changes role from  FOLLOWER to CANDIDATE at term 59 for changeToCandidate
2019-11-05 11:28:27,522 [Thread-1028] INFO  impl.RoleInfo (RoleInfo.java:updateAndGet(143)) - 687f579d-1680-4dd5-8b24-01f078298cef: start LeaderElection
2019-11-05 11:28:27,532 [687f579d-1680-4dd5-8b24-01f078298cef@group-E95DC8E8582E-LeaderElection87] INFO  impl.LeaderElection (LeaderElection.java:askForVotes(178)) - 687f579d-1680-4dd5-8b24-01f078298cef@group-E95DC8E8582E-LeaderElection87: begin an election at term 60 for -1: [90ecfa43-dab6-49d9-b30c-40ef62bfdf2a:192.168.157.252:34192, 687f579d-1680-4dd5-8b24-01f078298cef:192.168.157.252:37962, b8bf4e9b-064a-4520-981c-d6c40c833497:192.168.157.252:43407], old=null
2019-11-05 11:28:27,535 [grpc-default-executor-2] INFO  impl.RaftServerImpl (RaftServerImpl.java:setRole(184)) - b8bf4e9b-064a-4520-981c-d6c40c833497@group-E95DC8E8582E: changes role from  FOLLOWER to FOLLOWER at term 60 for recognizeCandidate:687f579d-1680-4dd5-8b24-01f078298cef
2019-11-05 11:28:27,535 [grpc-default-executor-2] INFO  impl.RoleInfo (RoleInfo.java:shutdownFollowerState(121)) - b8bf4e9b-064a-4520-981c-d6c40c833497: shutdown FollowerState
2019-11-05 11:28:27,535 [grpc-default-executor-2] INFO  impl.RoleInfo (RoleInfo.java:updateAndGet(143)) - b8bf4e9b-064a-4520-981c-d6c40c833497: start FollowerState
2019-11-05 11:28:27,535 [Thread-1027] INFO  impl.FollowerState (FollowerState.java:run(117)) - b8bf4e9b-064a-4520-981c-d6c40c833497@group-E95DC8E8582E-FollowerState was interrupted: java.lang.InterruptedException: sleep interrupted
2019-11-05 11:28:27,536 [grpc-default-executor-1] INFO  impl.RaftServerImpl (RaftServerImpl.java:setRole(184)) - 90ecfa43-dab6-49d9-b30c-40ef62bfdf2a@group-E95DC8E8582E: changes role from  FOLLOWER to FOLLOWER at term 60 for recognizeCandidate:687f579d-1680-4dd5-8b24-01f078298cef
2019-11-05 11:28:27,536 [grpc-default-executor-1] INFO  impl.RoleInfo (RoleInfo.java:shutdownFollowerState(121)) - 90ecfa43-dab6-49d9-b30c-40ef62bfdf2a: shutdown FollowerState
2019-11-05 11:28:27,536 [grpc-default-executor-1] INFO  impl.RoleInfo (RoleInfo.java:updateAndGet(143)) - 90ecfa43-dab6-49d9-b30c-40ef62bfdf2a: start FollowerState
2019-11-05 11:28:27,536 [Thread-1026] INFO  impl.FollowerState (FollowerState.java:run(117)) - 90ecfa43-dab6-49d9-b30c-40ef62bfdf2a@group-E95DC8E8582E-FollowerState was interrupted: java.lang.InterruptedException: sleep interrupted
2019-11-05 11:28:27,558 [687f579d-1680-4dd5-8b24-01f078298cef@group-E95DC8E8582E-LeaderElection87] INFO  impl.LeaderElection (LeaderElection.java:logAndReturn(56)) - 687f579d-1680-4dd5-8b24-01f078298cef@group-E95DC8E8582E-LeaderElection87: Election REJECTED; received 2 response(s) [687f579d-1680-4dd5-8b24-01f078298cef<-90ecfa43-dab6-49d9-b30c-40ef62bfdf2a#0:FAIL-t60, 687f579d-1680-4dd5-8b24-01f078298cef<-b8bf4e9b-064a-4520-981c-d6c40c833497#0:FAIL-t60] and 0 exception(s); 687f579d-1680-4dd5-8b24-01f078298cef@group-E95DC8E8582E:t60, leader=null, voted=687f579d-1680-4dd5-8b24-01f078298cef, raftlog=687f579d-1680-4dd5-8b24-01f078298cef@group-E95DC8E8582E-SegmentedRaftLog:OPENED:c-1,f-1,i0, conf=-1: [90ecfa43-dab6-49d9-b30c-40ef62bfdf2a:192.168.157.252:34192, 687f579d-1680-4dd5-8b24-01f078298cef:192.168.157.252:37962, b8bf4e9b-064a-4520-981c-d6c40c833497:192.168.157.252:43407], old=null
2019-11-05 11:28:27,558 [687f579d-1680-4dd5-8b24-01f078298cef@group-E95DC8E8582E-LeaderElection87] INFO  impl.RaftServerImpl (RaftServerImpl.java:setRole(184)) - 687f579d-1680-4dd5-8b24-01f078298cef@group-E95DC8E8582E: changes role from CANDIDATE to FOLLOWER at term 60 for DISCOVERED_A_NEW_TERM
2019-11-05 11:28:27,558 [687f579d-1680-4dd5-8b24-01f078298cef@group-E95DC8E8582E-LeaderElection87] INFO  impl.RoleInfo (RoleInfo.java:shutdownLeaderElection(134)) - 687f579d-1680-4dd5-8b24-01f078298cef: shutdown LeaderElection
2019-11-05 11:28:27,559 [687f579d-1680-4dd5-8b24-01f078298cef@group-E95DC8E8582E-LeaderElection87] INFO  impl.RoleInfo (RoleInfo.java:updateAndGet(143)) - 687f579d-1680-4dd5-8b24-01f078298cef: start FollowerState
2019-11-05 11:28:27,573 [Thread-1021] INFO  impl.FollowerState (FollowerState.java:run(108)) - f7e9932d-fd96-469a-9353-68e47138e5ff@group-21C72E9484D5-FollowerState: change to CANDIDATE, lastRpcTime:98ms, electionTimeout:98ms
2019-11-05 11:28:27,573 [Thread-1021] INFO  impl.RoleInfo (RoleInfo.java:shutdownFollowerState(121)) - f7e9932d-fd96-469a-9353-68e47138e5ff: shutdown FollowerState
2019-11-05 11:28:27,574 [Thread-1021] INFO  impl.RaftServerImpl (RaftServerImpl.java:setRole(184)) - f7e9932d-fd96-469a-9353-68e47138e5ff@group-21C72E9484D5: changes role from  FOLLOWER to CANDIDATE at term 47 for changeToCandidate
2019-11-05 11:28:27,574 [Thread-1021] INFO  impl.RoleInfo (RoleInfo.java:updateAndGet(143)) - f7e9932d-fd96-469a-9353-68e47138e5ff: start LeaderElection
2019-11-05 11:28:27,636 [f7e9932d-fd96-469a-9353-68e47138e5ff@group-21C72E9484D5-LeaderElection88] INFO  impl.LeaderElection (LeaderElection.java:askForVotes(178)) - f7e9932d-fd96-469a-9353-68e47138e5ff@group-21C72E9484D5-LeaderElection88: begin an election at term 48 for -1: [f7e9932d-fd96-469a-9353-68e47138e5ff:192.168.157.252:45025, 1eca16cc-5184-4e43-8e55-175d1516eae4:192.168.157.252:41127, 74a8fb36-eab9-4c53-b7cf-c565055de05a:192.168.157.252:42370], old=null
2019-11-05 11:28:27,639 [f7e9932d-fd96-469a-9353-68e47138e5ff@group-21C72E9484D5-LeaderElection88] INFO  impl.LeaderElection (LeaderElection.java:logAndReturn(56)) - f7e9932d-fd96-469a-9353-68e47138e5ff@group-21C72E9484D5-LeaderElection88: Election TIMEOUT; received 0 response(s) [] and 0 exception(s); f7e9932d-fd96-469a-9353-68e47138e5ff@group-21C72E9484D5:t48, leader=null, voted=f7e9932d-fd96-469a-9353-68e47138e5ff, raftlog=f7e9932d-fd96-469a-9353-68e47138e5ff@group-21C72E9484D5-SegmentedRaftLog:OPENED:c-1,f-1,i0, conf=-1: [f7e9932d-fd96-469a-9353-68e47138e5ff:192.168.157.252:45025, 1eca16cc-5184-4e43-8e55-175d1516eae4:192.168.157.252:41127, 74a8fb36-eab9-4c53-b7cf-c565055de05a:192.168.157.252:42370], old=null
2019-11-05 11:28:27,640 [grpc-default-executor-2] INFO  impl.RaftServerImpl (RaftServerImpl.java:setRole(184)) - 1eca16cc-5184-4e43-8e55-175d1516eae4@group-21C72E9484D5: changes role from  FOLLOWER to FOLLOWER at term 48 for recognizeCandidate:f7e9932d-fd96-469a-9353-68e47138e5ff
2019-11-05 11:28:27,640 [grpc-default-executor-2] INFO  impl.RoleInfo (RoleInfo.java:shutdownFollowerState(121)) - 1eca16cc-5184-4e43-8e55-175d1516eae4: shutdown FollowerState
2019-11-05 11:28:27,641 [grpc-default-executor-2] INFO  impl.RoleInfo (RoleInfo.java:updateAndGet(143)) - 1eca16cc-5184-4e43-8e55-175d1516eae4: start FollowerState
2019-11-05 11:28:27,641 [Thread-1018] INFO  impl.FollowerState (FollowerState.java:run(117)) - 1eca16cc-5184-4e43-8e55-175d1516eae4@group-21C72E9484D5-FollowerState was interrupted: java.lang.InterruptedException: sleep interrupted
2019-11-05 11:28:27,646 [grpc-default-executor-1] INFO  impl.RaftServerImpl (RaftServerImpl.java:setRole(184)) - 74a8fb36-eab9-4c53-b7cf-c565055de05a@group-21C72E9484D5: changes role from  FOLLOWER to FOLLOWER at term 48 for recognizeCandidate:f7e9932d-fd96-469a-9353-68e47138e5ff
2019-11-05 11:28:27,646 [grpc-default-executor-1] INFO  impl.RoleInfo (RoleInfo.java:shutdownFollowerState(121)) - 74a8fb36-eab9-4c53-b7cf-c565055de05a: shutdown FollowerState
2019-11-05 11:28:27,647 [grpc-default-executor-1] INFO  impl.RoleInfo (RoleInfo.java:updateAndGet(143)) - 74a8fb36-eab9-4c53-b7cf-c565055de05a: start FollowerState
2019-11-05 11:28:27,647 [Thread-1017] INFO  impl.FollowerState (FollowerState.java:run(117)) - 74a8fb36-eab9-4c53-b7cf-c565055de05a@group-21C72E9484D5-FollowerState was interrupted: java.lang.InterruptedException: sleep interrupted
2019-11-05 11:28:27,686 [f7e9932d-fd96-469a-9353-68e47138e5ff@group-21C72E9484D5-LeaderElection88] INFO  impl.LeaderElection (LeaderElection.java:askForVotes(178)) - f7e9932d-fd96-469a-9353-68e47138e5ff@group-21C72E9484D5-LeaderElection88: begin an election at term 49 for -1: [f7e9932d-fd96-469a-9353-68e47138e5ff:192.168.157.252:45025, 1eca16cc-5184-4e43-8e55-175d1516eae4:192.168.157.252:41127, 74a8fb36-eab9-4c53-b7cf-c565055de05a:192.168.157.252:42370], old=null
2019-11-05 11:28:27,692 [grpc-default-executor-1] INFO  impl.RaftServerImpl (RaftServerImpl.java:setRole(184)) - 74a8fb36-eab9-4c53-b7cf-c565055de05a@group-21C72E9484D5: changes role from  FOLLOWER to FOLLOWER at term 49 for recognizeCandidate:f7e9932d-fd96-469a-9353-68e47138e5ff
2019-11-05 11:28:27,692 [grpc-default-executor-1] INFO  impl.RoleInfo (RoleInfo.java:shutdownFollowerState(121)) - 74a8fb36-eab9-4c53-b7cf-c565055de05a: shutdown FollowerState
2019-11-05 11:28:27,692 [grpc-default-executor-1] INFO  impl.RoleInfo (RoleInfo.java:updateAndGet(143)) - 74a8fb36-eab9-4c53-b7cf-c565055de05a: start FollowerState
2019-11-05 11:28:27,693 [grpc-default-executor-2] INFO  impl.RaftServerImpl (RaftServerImpl.java:setRole(184)) - 1eca16cc-5184-4e43-8e55-175d1516eae4@group-21C72E9484D5: changes role from  FOLLOWER to FOLLOWER at term 49 for recognizeCandidate:f7e9932d-fd96-469a-9353-68e47138e5ff
2019-11-05 11:28:27,693 [grpc-default-executor-2] INFO  impl.RoleInfo (RoleInfo.java:shutdownFollowerState(121)) - 1eca16cc-5184-4e43-8e55-175d1516eae4: shutdown FollowerState
2019-11-05 11:28:27,694 [grpc-default-executor-2] INFO  impl.RoleInfo (RoleInfo.java:updateAndGet(143)) - 1eca16cc-5184-4e43-8e55-175d1516eae4: start FollowerState
2019-11-05 11:28:27,694 [Thread-1039] INFO  impl.FollowerState (FollowerState.java:run(117)) - 74a8fb36-eab9-4c53-b7cf-c565055de05a@group-21C72E9484D5-FollowerState was interrupted: java.lang.InterruptedException: sleep interrupted
2019-11-05 11:28:27,694 [Thread-1038] INFO  impl.FollowerState (FollowerState.java:run(117)) - 1eca16cc-5184-4e43-8e55-175d1516eae4@group-21C72E9484D5-FollowerState was interrupted: java.lang.InterruptedException: sleep interrupted
2019-11-05 11:28:27,702 [f7e9932d-fd96-469a-9353-68e47138e5ff@group-21C72E9484D5-LeaderElection88] INFO  impl.LeaderElection (LeaderElection.java:logAndReturn(56)) - f7e9932d-fd96-469a-9353-68e47138e5ff@group-21C72E9484D5-LeaderElection88: Election REJECTED; received 2 response(s) [f7e9932d-fd96-469a-9353-68e47138e5ff<-1eca16cc-5184-4e43-8e55-175d1516eae4#0:FAIL-t49, f7e9932d-fd96-469a-9353-68e47138e5ff<-74a8fb36-eab9-4c53-b7cf-c565055de05a#0:FAIL-t49] and 0 exception(s); f7e9932d-fd96-469a-9353-68e47138e5ff@group-21C72E9484D5:t49, leader=null, voted=f7e9932d-fd96-469a-9353-68e47138e5ff, raftlog=f7e9932d-fd96-469a-9353-68e47138e5ff@group-21C72E9484D5-SegmentedRaftLog:OPENED:c-1,f-1,i0, conf=-1: [f7e9932d-fd96-469a-9353-68e47138e5ff:192.168.157.252:45025, 1eca16cc-5184-4e43-8e55-175d1516eae4:192.168.157.252:41127, 74a8fb36-eab9-4c53-b7cf-c565055de05a:192.168.157.252:42370], old=null
2019-11-05 11:28:27,703 [f7e9932d-fd96-469a-9353-68e47138e5ff@group-21C72E9484D5-LeaderElection88] INFO  impl.RaftServerImpl (RaftServerImpl.java:setRole(184)) - f7e9932d-fd96-469a-9353-68e47138e5ff@group-21C72E9484D5: changes role from CANDIDATE to FOLLOWER at term 49 for DISCOVERED_A_NEW_TERM
2019-11-05 11:28:27,703 [f7e9932d-fd96-469a-9353-68e47138e5ff@group-21C72E9484D5-LeaderElection88] INFO  impl.RoleInfo (RoleInfo.java:shutdownLeaderElection(134)) - f7e9932d-fd96-469a-9353-68e47138e5ff: shutdown LeaderElection
2019-11-05 11:28:27,703 [f7e9932d-fd96-469a-9353-68e47138e5ff@group-21C72E9484D5-LeaderElection88] INFO  impl.RoleInfo (RoleInfo.java:updateAndGet(143)) - f7e9932d-fd96-469a-9353-68e47138e5ff: start FollowerState
2019-11-05 11:28:27,707 [Thread-1044] INFO  impl.FollowerState (FollowerState.java:run(108)) - f7e9932d-fd96-469a-9353-68e47138e5ff@group-21C72E9484D5-FollowerState: change to CANDIDATE, lastRpcTime:3ms, electionTimeout:3ms
2019-11-05 11:28:27,707 [Thread-1044] INFO  impl.RoleInfo (RoleInfo.java:shutdownFollowerState(121)) - f7e9932d-fd96-469a-9353-68e47138e5ff: shutdown FollowerState
2019-11-05 11:28:27,707 [Thread-1044] INFO  impl.RaftServerImpl (RaftServerImpl.java:setRole(184)) - f7e9932d-fd96-469a-9353-68e47138e5ff@group-21C72E9484D5: changes role from  FOLLOWER to CANDIDATE at term 49 for changeToCandidate
2019-11-05 11:28:27,707 [Thread-1044] INFO  impl.RoleInfo (RoleInfo.java:updateAndGet(143)) - f7e9932d-fd96-469a-9353-68e47138e5ff: start LeaderElection
2019-11-05 11:28:27,720 [Thread-1034] INFO  impl.FollowerState (FollowerState.java:run(108)) - 687f579d-1680-4dd5-8b24-01f078298cef@group-E95DC8E8582E-FollowerState: change to CANDIDATE, lastRpcTime:161ms, electionTimeout:160ms
2019-11-05 11:28:27,720 [Thread-1034] INFO  impl.RoleInfo (RoleInfo.java:shutdownFollowerState(121)) - 687f579d-1680-4dd5-8b24-01f078298cef: shutdown FollowerState
2019-11-05 11:28:27,720 [Thread-1034] INFO  impl.RaftServerImpl (RaftServerImpl.java:setRole(184)) - 687f579d-1680-4dd5-8b24-01f078298cef@group-E95DC8E8582E: changes role from  FOLLOWER to CANDIDATE at term 60 for changeToCandidate
2019-11-05 11:28:27,721 [Thread-1034] INFO  impl.RoleInfo (RoleInfo.java:updateAndGet(143)) - 687f579d-1680-4dd5-8b24-01f078298cef: start LeaderElection
2019-11-05 11:28:27,728 [f7e9932d-fd96-469a-9353-68e47138e5ff@group-21C72E9484D5-LeaderElection89] INFO  impl.LeaderElection (LeaderElection.java:askForVotes(178)) - f7e9932d-fd96-469a-9353-68e47138e5ff@group-21C72E9484D5-LeaderElection89: begin an election at term 50 for -1: [f7e9932d-fd96-469a-9353-68e47138e5ff:192.168.157.252:45025, 1eca16cc-5184-4e43-8e55-175d1516eae4:192.168.157.252:41127, 74a8fb36-eab9-4c53-b7cf-c565055de05a:192.168.157.252:42370], old=null
2019-11-05 11:28:27,731 [687f579d-1680-4dd5-8b24-01f078298cef@group-E95DC8E8582E-LeaderElection90] INFO  impl.LeaderElection (LeaderElection.java:askForVotes(178)) - 687f579d-1680-4dd5-8b24-01f078298cef@group-E95DC8E8582E-LeaderElection90: begin an election at term 61 for -1: [90ecfa43-dab6-49d9-b30c-40ef62bfdf2a:192.168.157.252:34192, 687f579d-1680-4dd5-8b24-01f078298cef:192.168.157.252:37962, b8bf4e9b-064a-4520-981c-d6c40c833497:192.168.157.252:43407], old=null
2019-11-05 11:28:27,733 [grpc-default-executor-2] INFO  impl.RaftServerImpl (RaftServerImpl.java:setRole(184)) - 74a8fb36-eab9-4c53-b7cf-c565055de05a@group-21C72E9484D5: changes role from  FOLLOWER to FOLLOWER at term 50 for recognizeCandidate:f7e9932d-fd96-469a-9353-68e47138e5ff
2019-11-05 11:28:27,734 [grpc-default-executor-2] INFO  impl.RoleInfo (RoleInfo.java:shutdownFollowerState(121)) - 74a8fb36-eab9-4c53-b7cf-c565055de05a: shutdown FollowerState
2019-11-05 11:28:27,734 [grpc-default-executor-2] INFO  impl.RoleInfo (RoleInfo.java:updateAndGet(143)) - 74a8fb36-eab9-4c53-b7cf-c565055de05a: start FollowerState
2019-11-05 11:28:27,734 [Thread-1042] INFO  impl.FollowerState (FollowerState.java:run(117)) - 74a8fb36-eab9-4c53-b7cf-c565055de05a@group-21C72E9484D5-FollowerState was interrupted: java.lang.InterruptedException: sleep interrupted
2019-11-05 11:28:27,742 [grpc-default-executor-1] INFO  impl.RaftServerImpl (RaftServerImpl.java:setRole(184)) - 90ecfa43-dab6-49d9-b30c-40ef62bfdf2a@group-E95DC8E8582E: changes role from  FOLLOWER to FOLLOWER at term 61 for recognizeCandidate:687f579d-1680-4dd5-8b24-01f078298cef
2019-11-05 11:28:27,742 [grpc-default-executor-1] INFO  impl.RoleInfo (RoleInfo.java:shutdownFollowerState(121)) - 90ecfa43-dab6-49d9-b30c-40ef62bfdf2a: shutdown FollowerState
2019-11-05 11:28:27,743 [grpc-default-executor-1] INFO  impl.RoleInfo (RoleInfo.java:updateAndGet(143)) - 90ecfa43-dab6-49d9-b30c-40ef62bfdf2a: start FollowerState
2019-11-05 11:28:27,743 [Thread-1033] INFO  impl.FollowerState (FollowerState.java:run(117)) - 90ecfa43-dab6-49d9-b30c-40ef62bfdf2a@group-E95DC8E8582E-FollowerState was interrupted: java.lang.InterruptedException: sleep interrupted
2019-11-05 11:28:27,748 [grpc-default-executor-9] INFO  impl.RaftServerImpl (RaftServerImpl.java:setRole(184)) - b8bf4e9b-064a-4520-981c-d6c40c833497@group-E95DC8E8582E: changes role from  FOLLOWER to FOLLOWER at term 61 for recognizeCandidate:687f579d-1680-4dd5-8b24-01f078298cef
2019-11-05 11:28:27,748 [grpc-default-executor-9] INFO  impl.RoleInfo (RoleInfo.java:shutdownFollowerState(121)) - b8bf4e9b-064a-4520-981c-d6c40c833497: shutdown FollowerState
2019-11-05 11:28:27,748 [grpc-default-executor-9] INFO  impl.RoleInfo (RoleInfo.java:updateAndGet(143)) - b8bf4e9b-064a-4520-981c-d6c40c833497: start FollowerState
2019-11-05 11:28:27,748 [Thread-1032] INFO  impl.FollowerState (FollowerState.java:run(117)) - b8bf4e9b-064a-4520-981c-d6c40c833497@group-E95DC8E8582E-FollowerState was interrupted: java.lang.InterruptedException: sleep interrupted
2019-11-05 11:28:27,751 [grpc-default-executor-11] INFO  impl.RaftServerImpl (RaftServerImpl.java:setRole(184)) - 1eca16cc-5184-4e43-8e55-175d1516eae4@group-21C72E9484D5: changes role from  FOLLOWER to FOLLOWER at term 50 for recognizeCandidate:f7e9932d-fd96-469a-9353-68e47138e5ff
2019-11-05 11:28:27,751 [grpc-default-executor-11] INFO  impl.RoleInfo (RoleInfo.java:shutdownFollowerState(121)) - 1eca16cc-5184-4e43-8e55-175d1516eae4: shutdown FollowerState
2019-11-05 11:28:27,756 [grpc-default-executor-11] INFO  impl.RoleInfo (RoleInfo.java:updateAndGet(143)) - 1eca16cc-5184-4e43-8e55-175d1516eae4: start FollowerState
2019-11-05 11:28:27,757 [Thread-1043] INFO  impl.FollowerState (FollowerState.java:run(117)) - 1eca16cc-5184-4e43-8e55-175d1516eae4@group-21C72E9484D5-FollowerState was interrupted: java.lang.InterruptedException: sleep interrupted
2019-11-05 11:28:27,762 [687f579d-1680-4dd5-8b24-01f078298cef@group-E95DC8E8582E-LeaderElection90] INFO  impl.LeaderElection (LeaderElection.java:logAndReturn(56)) - 687f579d-1680-4dd5-8b24-01f078298cef@group-E95DC8E8582E-LeaderElection90: Election REJECTED; received 2 response(s) [687f579d-1680-4dd5-8b24-01f078298cef<-90ecfa43-dab6-49d9-b30c-40ef62bfdf2a#0:FAIL-t61, 687f579d-1680-4dd5-8b24-01f078298cef<-b8bf4e9b-064a-4520-981c-d6c40c833497#0:FAIL-t61] and 0 exception(s); 687f579d-1680-4dd5-8b24-01f078298cef@group-E95DC8E8582E:t61, leader=null, voted=687f579d-1680-4dd5-8b24-01f078298cef, raftlog=687f579d-1680-4dd5-8b24-01f078298cef@group-E95DC8E8582E-SegmentedRaftLog:OPENED:c-1,f-1,i0, conf=-1: [90ecfa43-dab6-49d9-b30c-40ef62bfdf2a:192.168.157.252:34192, 687f579d-1680-4dd5-8b24-01f078298cef:192.168.157.252:37962, b8bf4e9b-064a-4520-981c-d6c40c833497:192.168.157.252:43407], old=null
2019-11-05 11:28:27,762 [687f579d-1680-4dd5-8b24-01f078298cef@group-E95DC8E8582E-LeaderElection90] INFO  impl.RaftServerImpl (RaftServerImpl.java:setRole(184)) - 687f579d-1680-4dd5-8b24-01f078298cef@group-E95DC8E8582E: changes role from CANDIDATE to FOLLOWER at term 61 for DISCOVERED_A_NEW_TERM
2019-11-05 11:28:27,762 [687f579d-1680-4dd5-8b24-01f078298cef@group-E95DC8E8582E-LeaderElection90] INFO  impl.RoleInfo (RoleInfo.java:shutdownLeaderElection(134)) - 687f579d-1680-4dd5-8b24-01f078298cef: shutdown LeaderElection
2019-11-05 11:28:27,763 [687f579d-1680-4dd5-8b24-01f078298cef@group-E95DC8E8582E-LeaderElection90] INFO  impl.RoleInfo (RoleInfo.java:updateAndGet(143)) - 687f579d-1680-4dd5-8b24-01f078298cef: start FollowerState
2019-11-05 11:28:27,773 [f7e9932d-fd96-469a-9353-68e47138e5ff@group-21C72E9484D5-LeaderElection89] INFO  impl.LeaderElection (LeaderElection.java:logAndReturn(56)) - f7e9932d-fd96-469a-9353-68e47138e5ff@group-21C72E9484D5-LeaderElection89: Election REJECTED; received 2 response(s) [f7e9932d-fd96-469a-9353-68e47138e5ff<-1eca16cc-5184-4e43-8e55-175d1516eae4#0:FAIL-t50, f7e9932d-fd96-469a-9353-68e47138e5ff<-74a8fb36-eab9-4c53-b7cf-c565055de05a#0:FAIL-t50] and 0 exception(s); f7e9932d-fd96-469a-9353-68e47138e5ff@group-21C72E9484D5:t50, leader=null, voted=f7e9932d-fd96-469a-9353-68e47138e5ff, raftlog=f7e9932d-fd96-469a-9353-68e47138e5ff@group-21C72E9484D5-SegmentedRaftLog:OPENED:c-1,f-1,i0, conf=-1: [f7e9932d-fd96-469a-9353-68e47138e5ff:192.168.157.252:45025, 1eca16cc-5184-4e43-8e55-175d1516eae4:192.168.157.252:41127, 74a8fb36-eab9-4c53-b7cf-c565055de05a:192.168.157.252:42370], old=null
2019-11-05 11:28:27,773 [f7e9932d-fd96-469a-9353-68e47138e5ff@group-21C72E9484D5-LeaderElection89] INFO  impl.RaftServerImpl (RaftServerImpl.java:setRole(184)) - f7e9932d-fd96-469a-9353-68e47138e5ff@group-21C72E9484D5: changes role from CANDIDATE to FOLLOWER at term 50 for DISCOVERED_A_NEW_TERM
2019-11-05 11:28:27,773 [f7e9932d-fd96-469a-9353-68e47138e5ff@group-21C72E9484D5-LeaderElection89] INFO  impl.RoleInfo (RoleInfo.java:shutdownLeaderElection(134)) - f7e9932d-fd96-469a-9353-68e47138e5ff: shutdown LeaderElection
2019-11-05 11:28:27,774 [f7e9932d-fd96-469a-9353-68e47138e5ff@group-21C72E9484D5-LeaderElection89] INFO  impl.RoleInfo (RoleInfo.java:updateAndGet(143)) - f7e9932d-fd96-469a-9353-68e47138e5ff: start FollowerState
2019-11-05 11:28:27,827 [Thread-1056] INFO  impl.FollowerState (FollowerState.java:run(108)) - f7e9932d-fd96-469a-9353-68e47138e5ff@group-21C72E9484D5-FollowerState: change to CANDIDATE, lastRpcTime:53ms, electionTimeout:47ms
2019-11-05 11:28:27,827 [Thread-1056] INFO  impl.RoleInfo (RoleInfo.java:shutdownFollowerState(121)) - f7e9932d-fd96-469a-9353-68e47138e5ff: shutdown FollowerState
2019-11-05 11:28:27,827 [Thread-1056] INFO  impl.RaftServerImpl (RaftServerImpl.java:setRole(184)) - f7e9932d-fd96-469a-9353-68e47138e5ff@group-21C72E9484D5: changes role from  FOLLOWER to CANDIDATE at term 50 for changeToCandidate
2019-11-05 11:28:27,828 [Thread-1056] INFO  impl.RoleInfo (RoleInfo.java:updateAndGet(143)) - f7e9932d-fd96-469a-9353-68e47138e5ff: start LeaderElection
2019-11-05 11:28:27,838 [f7e9932d-fd96-469a-9353-68e47138e5ff@group-21C72E9484D5-LeaderElection91] INFO  impl.LeaderElection (LeaderElection.java:askForVotes(178)) - f7e9932d-fd96-469a-9353-68e47138e5ff@group-21C72E9484D5-LeaderElection91: begin an election at term 51 for -1: [f7e9932d-fd96-469a-9353-68e47138e5ff:192.168.157.252:45025, 1eca16cc-5184-4e43-8e55-175d1516eae4:192.168.157.252:41127, 74a8fb36-eab9-4c53-b7cf-c565055de05a:192.168.157.252:42370], old=null
2019-11-05 11:28:27,842 [grpc-default-executor-11] INFO  impl.RaftServerImpl (RaftServerImpl.java:setRole(184)) - 74a8fb36-eab9-4c53-b7cf-c565055de05a@group-21C72E9484D5: changes role from  FOLLOWER to FOLLOWER at term 51 for recognizeCandidate:f7e9932d-fd96-469a-9353-68e47138e5ff
2019-11-05 11:28:27,842 [grpc-default-executor-11] INFO  impl.RoleInfo (RoleInfo.java:shutdownFollowerState(121)) - 74a8fb36-eab9-4c53-b7cf-c565055de05a: shutdown FollowerState
2019-11-05 11:28:27,842 [grpc-default-executor-11] INFO  impl.RoleInfo (RoleInfo.java:updateAndGet(143)) - 74a8fb36-eab9-4c53-b7cf-c565055de05a: start FollowerState
2019-11-05 11:28:27,842 [Thread-1051] INFO  impl.FollowerState (FollowerState.java:run(117)) - 74a8fb36-eab9-4c53-b7cf-c565055de05a@group-21C72E9484D5-FollowerState was interrupted: java.lang.InterruptedException: sleep interrupted
2019-11-05 11:28:27,843 [grpc-default-executor-9] INFO  impl.RaftServerImpl (RaftServerImpl.java:setRole(184)) - 1eca16cc-5184-4e43-8e55-175d1516eae4@group-21C72E9484D5: changes role from  FOLLOWER to FOLLOWER at term 51 for recognizeCandidate:f7e9932d-fd96-469a-9353-68e47138e5ff
2019-11-05 11:28:27,843 [grpc-default-executor-9] INFO  impl.RoleInfo (RoleInfo.java:shutdownFollowerState(121)) - 1eca16cc-5184-4e43-8e55-175d1516eae4: shutdown FollowerState
2019-11-05 11:28:27,848 [grpc-default-executor-9] INFO  impl.RoleInfo (RoleInfo.java:updateAndGet(143)) - 1eca16cc-5184-4e43-8e55-175d1516eae4: start FollowerState
2019-11-05 11:28:27,859 [Thread-1054] INFO  impl.FollowerState (FollowerState.java:run(117)) - 1eca16cc-5184-4e43-8e55-175d1516eae4@group-21C72E9484D5-FollowerState was interrupted: java.lang.InterruptedException: sleep interrupted
2019-11-05 11:28:27,888 [Thread-1055] INFO  impl.FollowerState (FollowerState.java:run(108)) - 687f579d-1680-4dd5-8b24-01f078298cef@group-E95DC8E8582E-FollowerState: change to CANDIDATE, lastRpcTime:125ms, electionTimeout:115ms
2019-11-05 11:28:27,888 [Thread-1055] INFO  impl.RoleInfo (RoleInfo.java:shutdownFollowerState(121)) - 687f579d-1680-4dd5-8b24-01f078298cef: shutdown FollowerState
2019-11-05 11:28:27,888 [Thread-1055] INFO  impl.RaftServerImpl (RaftServerImpl.java:setRole(184)) - 687f579d-1680-4dd5-8b24-01f078298cef@group-E95DC8E8582E: changes role from  FOLLOWER to CANDIDATE at term 61 for changeToCandidate
2019-11-05 11:28:27,888 [Thread-1055] INFO  impl.RoleInfo (RoleInfo.java:updateAndGet(143)) - 687f579d-1680-4dd5-8b24-01f078298cef: start LeaderElection
2019-11-05 11:28:27,928 [f7e9932d-fd96-469a-9353-68e47138e5ff@group-21C72E9484D5-LeaderElection91] INFO  impl.LeaderElection (LeaderElection.java:logAndReturn(56)) - f7e9932d-fd96-469a-9353-68e47138e5ff@group-21C72E9484D5-LeaderElection91: Election REJECTED; received 2 response(s) [f7e9932d-fd96-469a-9353-68e47138e5ff<-1eca16cc-5184-4e43-8e55-175d1516eae4#0:FAIL-t51, f7e9932d-fd96-469a-9353-68e47138e5ff<-74a8fb36-eab9-4c53-b7cf-c565055de05a#0:FAIL-t51] and 0 exception(s); f7e9932d-fd96-469a-9353-68e47138e5ff@group-21C72E9484D5:t51, leader=null, voted=f7e9932d-fd96-469a-9353-68e47138e5ff, raftlog=f7e9932d-fd96-469a-9353-68e47138e5ff@group-21C72E9484D5-SegmentedRaftLog:OPENED:c-1,f-1,i0, conf=-1: [f7e9932d-fd96-469a-9353-68e47138e5ff:192.168.157.252:45025, 1eca16cc-5184-4e43-8e55-175d1516eae4:192.168.157.252:41127, 74a8fb36-eab9-4c53-b7cf-c565055de05a:192.168.157.252:42370], old=null
2019-11-05 11:28:27,929 [f7e9932d-fd96-469a-9353-68e47138e5ff@group-21C72E9484D5-LeaderElection91] INFO  impl.RaftServerImpl (RaftServerImpl.java:setRole(184)) - f7e9932d-fd96-469a-9353-68e47138e5ff@group-21C72E9484D5: changes role from CANDIDATE to FOLLOWER at term 51 for DISCOVERED_A_NEW_TERM
2019-11-05 11:28:27,934 [f7e9932d-fd96-469a-9353-68e47138e5ff@group-21C72E9484D5-LeaderElection91] INFO  impl.RoleInfo (RoleInfo.java:shutdownLeaderElection(134)) - f7e9932d-fd96-469a-9353-68e47138e5ff: shutdown LeaderElection
2019-11-05 11:28:27,934 [687f579d-1680-4dd5-8b24-01f078298cef@group-E95DC8E8582E-LeaderElection92] INFO  impl.LeaderElection (LeaderElection.java:askForVotes(178)) - 687f579d-1680-4dd5-8b24-01f078298cef@group-E95DC8E8582E-LeaderElection92: begin an election at term 62 for -1: [90ecfa43-dab6-49d9-b30c-40ef62bfdf2a:192.168.157.252:34192, 687f579d-1680-4dd5-8b24-01f078298cef:192.168.157.252:37962, b8bf4e9b-064a-4520-981c-d6c40c833497:192.168.157.252:43407], old=null
2019-11-05 11:28:27,939 [f7e9932d-fd96-469a-9353-68e47138e5ff@group-21C72E9484D5-LeaderElection91] INFO  impl.RoleInfo (RoleInfo.java:updateAndGet(143)) - f7e9932d-fd96-469a-9353-68e47138e5ff: start FollowerState
2019-11-05 11:28:27,961 [Thread-1065] INFO  impl.FollowerState (FollowerState.java:run(108)) - f7e9932d-fd96-469a-9353-68e47138e5ff@group-21C72E9484D5-FollowerState: change to CANDIDATE, lastRpcTime:16ms, electionTimeout:10ms
2019-11-05 11:28:27,961 [Thread-1065] INFO  impl.RoleInfo (RoleInfo.java:shutdownFollowerState(121)) - f7e9932d-fd96-469a-9353-68e47138e5ff: shutdown FollowerState
2019-11-05 11:28:27,961 [Thread-1065] INFO  impl.RaftServerImpl (RaftServerImpl.java:setRole(184)) - f7e9932d-fd96-469a-9353-68e47138e5ff@group-21C72E9484D5: changes role from  FOLLOWER to CANDIDATE at term 51 for changeToCandidate
2019-11-05 11:28:27,962 [Thread-1065] INFO  impl.RoleInfo (RoleInfo.java:updateAndGet(143)) - f7e9932d-fd96-469a-9353-68e47138e5ff: start LeaderElection
2019-11-05 11:28:27,983 [grpc-default-executor-9] INFO  impl.RaftServerImpl (RaftServerImpl.java:setRole(184)) - 90ecfa43-dab6-49d9-b30c-40ef62bfdf2a@group-E95DC8E8582E: changes role from  FOLLOWER to FOLLOWER at term 62 for recognizeCandidate:687f579d-1680-4dd5-8b24-01f078298cef
2019-11-05 11:28:27,997 [grpc-default-executor-9] INFO  impl.RoleInfo (RoleInfo.java:shutdownFollowerState(121)) - 90ecfa43-dab6-49d9-b30c-40ef62bfdf2a: shutdown FollowerState
2019-11-05 11:28:27,997 [grpc-default-executor-9] INFO  impl.RoleInfo (RoleInfo.java:updateAndGet(143)) - 90ecfa43-dab6-49d9-b30c-40ef62bfdf2a: start FollowerState
2019-11-05 11:28:27,997 [Thread-1052] INFO  impl.FollowerState (FollowerState.java:run(117)) - 90ecfa43-dab6-49d9-b30c-40ef62bfdf2a@group-E95DC8E8582E-FollowerState was interrupted: java.lang.InterruptedException: sleep interrupted
2019-11-05 11:28:28,002 [grpc-default-executor-1] INFO  impl.RaftServerImpl (RaftServerImpl.java:setRole(184)) - b8bf4e9b-064a-4520-981c-d6c40c833497@group-E95DC8E8582E: changes role from  FOLLOWER to FOLLOWER at term 62 for recognizeCandidate:687f579d-1680-4dd5-8b24-01f078298cef
2019-11-05 11:28:28,003 [grpc-default-executor-1] INFO  impl.RoleInfo (RoleInfo.java:shutdownFollowerState(121)) - b8bf4e9b-064a-4520-981c-d6c40c833497: shutdown FollowerState
2019-11-05 11:28:28,024 [grpc-default-executor-1] INFO  impl.RoleInfo (RoleInfo.java:updateAndGet(143)) - b8bf4e9b-064a-4520-981c-d6c40c833497: start FollowerState
2019-11-05 11:28:28,024 [Thread-1053] INFO  impl.FollowerState (FollowerState.java:run(117)) - b8bf4e9b-064a-4520-981c-d6c40c833497@group-E95DC8E8582E-FollowerState was interrupted: java.lang.InterruptedException: sleep interrupted
2019-11-05 11:28:28,060 [687f579d-1680-4dd5-8b24-01f078298cef@group-E95DC8E8582E-LeaderElection92] INFO  impl.LeaderElection (LeaderElection.java:logAndReturn(56)) - 687f579d-1680-4dd5-8b24-01f078298cef@group-E95DC8E8582E-LeaderElection92: Election TIMEOUT; received 0 response(s) [] and 0 exception(s); 687f579d-1680-4dd5-8b24-01f078298cef@group-E95DC8E8582E:t62, leader=null, voted=687f579d-1680-4dd5-8b24-01f078298cef, raftlog=687f579d-1680-4dd5-8b24-01f078298cef@group-E95DC8E8582E-SegmentedRaftLog:OPENED:c-1,f-1,i0, conf=-1: [90ecfa43-dab6-49d9-b30c-40ef62bfdf2a:192.168.157.252:34192, 687f579d-1680-4dd5-8b24-01f078298cef:192.168.157.252:37962, b8bf4e9b-064a-4520-981c-d6c40c833497:192.168.157.252:43407], old=null
2019-11-05 11:28:28,097 [f7e9932d-fd96-469a-9353-68e47138e5ff@group-21C72E9484D5-LeaderElection93] INFO  impl.LeaderElection (LeaderElection.java:askForVotes(178)) - f7e9932d-fd96-469a-9353-68e47138e5ff@group-21C72E9484D5-LeaderElection93: begin an election at term 52 for -1: [f7e9932d-fd96-469a-9353-68e47138e5ff:192.168.157.252:45025, 1eca16cc-5184-4e43-8e55-175d1516eae4:192.168.157.252:41127, 74a8fb36-eab9-4c53-b7cf-c565055de05a:192.168.157.252:42370], old=null
2019-11-05 11:28:28,099 [687f579d-1680-4dd5-8b24-01f078298cef@group-E95DC8E8582E-LeaderElection92] INFO  impl.LeaderElection (LeaderElection.java:askForVotes(178)) - 687f579d-1680-4dd5-8b24-01f078298cef@group-E95DC8E8582E-LeaderElection92: begin an election at term 63 for -1: [90ecfa43-dab6-49d9-b30c-40ef62bfdf2a:192.168.157.252:34192, 687f579d-1680-4dd5-8b24-01f078298cef:192.168.157.252:37962, b8bf4e9b-064a-4520-981c-d6c40c833497:192.168.157.252:43407], old=null
2019-11-05 11:28:28,101 [grpc-default-executor-9] INFO  impl.RaftServerImpl (RaftServerImpl.java:setRole(184)) - 74a8fb36-eab9-4c53-b7cf-c565055de05a@group-21C72E9484D5: changes role from  FOLLOWER to FOLLOWER at term 52 for recognizeCandidate:f7e9932d-fd96-469a-9353-68e47138e5ff
2019-11-05 11:28:28,101 [grpc-default-executor-9] INFO  impl.RoleInfo (RoleInfo.java:shutdownFollowerState(121)) - 74a8fb36-eab9-4c53-b7cf-c565055de05a: shutdown FollowerState
2019-11-05 11:28:28,116 [grpc-default-executor-1] INFO  impl.RaftServerImpl (RaftServerImpl.java:setRole(184)) - 1eca16cc-5184-4e43-8e55-175d1516eae4@group-21C72E9484D5: changes role from  FOLLOWER to FOLLOWER at term 52 for recognizeCandidate:f7e9932d-fd96-469a-9353-68e47138e5ff
2019-11-05 11:28:28,116 [grpc-default-executor-1] INFO  impl.RoleInfo (RoleInfo.java:shutdownFollowerState(121)) - 1eca16cc-5184-4e43-8e55-175d1516eae4: shutdown FollowerState
2019-11-05 11:28:28,123 [grpc-default-executor-11] INFO  impl.RaftServerImpl (RaftServerImpl.java:setRole(184)) - 90ecfa43-dab6-49d9-b30c-40ef62bfdf2a@group-E95DC8E8582E: changes role from  FOLLOWER to FOLLOWER at term 63 for recognizeCandidate:687f579d-1680-4dd5-8b24-01f078298cef
2019-11-05 11:28:28,123 [grpc-default-executor-11] INFO  impl.RoleInfo (RoleInfo.java:shutdownFollowerState(121)) - 90ecfa43-dab6-49d9-b30c-40ef62bfdf2a: shutdown FollowerState
2019-11-05 11:28:28,141 [grpc-default-executor-11] INFO  impl.RoleInfo (RoleInfo.java:updateAndGet(143)) - 90ecfa43-dab6-49d9-b30c-40ef62bfdf2a: start FollowerState
2019-11-05 11:28:28,142 [Thread-1069] INFO  impl.FollowerState (FollowerState.java:run(117)) - 90ecfa43-dab6-49d9-b30c-40ef62bfdf2a@group-E95DC8E8582E-FollowerState was interrupted: java.lang.InterruptedException: sleep interrupted
2019-11-05 11:28:28,143 [grpc-default-executor-1] INFO  impl.RoleInfo (RoleInfo.java:updateAndGet(143)) - 1eca16cc-5184-4e43-8e55-175d1516eae4: start FollowerState
2019-11-05 11:28:28,143 [Thread-1061] INFO  impl.FollowerState (FollowerState.java:run(117)) - 1eca16cc-5184-4e43-8e55-175d1516eae4@group-21C72E9484D5-FollowerState was interrupted: java.lang.InterruptedException: sleep interrupted
2019-11-05 11:28:28,144 [grpc-default-executor-9] INFO  impl.RoleInfo (RoleInfo.java:updateAndGet(143)) - 74a8fb36-eab9-4c53-b7cf-c565055de05a: start FollowerState
2019-11-05 11:28:28,144 [Thread-1060] INFO  impl.FollowerState (FollowerState.java:run(117)) - 74a8fb36-eab9-4c53-b7cf-c565055de05a@group-21C72E9484D5-FollowerState was interrupted: java.lang.InterruptedException: sleep interrupted
2019-11-05 11:28:28,175 [f7e9932d-fd96-469a-9353-68e47138e5ff@group-21C72E9484D5-LeaderElection93] INFO  impl.LeaderElection (LeaderElection.java:logAndReturn(56)) - f7e9932d-fd96-469a-9353-68e47138e5ff@group-21C72E9484D5-LeaderElection93: Election REJECTED; received 2 response(s) [f7e9932d-fd96-469a-9353-68e47138e5ff<-1eca16cc-5184-4e43-8e55-175d1516eae4#0:FAIL-t52, f7e9932d-fd96-469a-9353-68e47138e5ff<-74a8fb36-eab9-4c53-b7cf-c565055de05a#0:FAIL-t52] and 0 exception(s); f7e9932d-fd96-469a-9353-68e47138e5ff@group-21C72E9484D5:t52, leader=null, voted=f7e9932d-fd96-469a-9353-68e47138e5ff, raftlog=f7e9932d-fd96-469a-9353-68e47138e5ff@group-21C72E9484D5-SegmentedRaftLog:OPENED:c-1,f-1,i0, conf=-1: [f7e9932d-fd96-469a-9353-68e47138e5ff:192.168.157.252:45025, 1eca16cc-5184-4e43-8e55-175d1516eae4:192.168.157.252:41127, 74a8fb36-eab9-4c53-b7cf-c565055de05a:192.168.157.252:42370], old=null
2019-11-05 11:28:28,175 [f7e9932d-fd96-469a-9353-68e47138e5ff@group-21C72E9484D5-LeaderElection93] INFO  impl.RaftServerImpl (RaftServerImpl.java:setRole(184)) - f7e9932d-fd96-469a-9353-68e47138e5ff@group-21C72E9484D5: changes role from CANDIDATE to FOLLOWER at term 52 for DISCOVERED_A_NEW_TERM
2019-11-05 11:28:28,175 [f7e9932d-fd96-469a-9353-68e47138e5ff@group-21C72E9484D5-LeaderElection93] INFO  impl.RoleInfo (RoleInfo.java:shutdownLeaderElection(134)) - f7e9932d-fd96-469a-9353-68e47138e5ff: shutdown LeaderElection
2019-11-05 11:28:28,175 [f7e9932d-fd96-469a-9353-68e47138e5ff@group-21C72E9484D5-LeaderElection93] INFO  impl.RoleInfo (RoleInfo.java:updateAndGet(143)) - f7e9932d-fd96-469a-9353-68e47138e5ff: start FollowerState
2019-11-05 11:28:28,182 [grpc-default-executor-2] INFO  impl.RaftServerImpl (RaftServerImpl.java:setRole(184)) - b8bf4e9b-064a-4520-981c-d6c40c833497@group-E95DC8E8582E: changes role from  FOLLOWER to FOLLOWER at term 63 for recognizeCandidate:687f579d-1680-4dd5-8b24-01f078298cef
2019-11-05 11:28:28,182 [grpc-default-executor-2] INFO  impl.RoleInfo (RoleInfo.java:shutdownFollowerState(121)) - b8bf4e9b-064a-4520-981c-d6c40c833497: shutdown FollowerState
2019-11-05 11:28:28,182 [grpc-default-executor-2] INFO  impl.RoleInfo (RoleInfo.java:updateAndGet(143)) - b8bf4e9b-064a-4520-981c-d6c40c833497: start FollowerState
2019-11-05 11:28:28,182 [Thread-1072] INFO  impl.FollowerState (FollowerState.java:run(117)) - b8bf4e9b-064a-4520-981c-d6c40c833497@group-E95DC8E8582E-FollowerState was interrupted: java.lang.InterruptedException: sleep interrupted
2019-11-05 11:28:28,225 [Thread-1080] INFO  impl.FollowerState (FollowerState.java:run(108)) - f7e9932d-fd96-469a-9353-68e47138e5ff@group-21C72E9484D5-FollowerState: change to CANDIDATE, lastRpcTime:49ms, electionTimeout:47ms
2019-11-05 11:28:28,225 [Thread-1080] INFO  impl.RoleInfo (RoleInfo.java:shutdownFollowerState(121)) - f7e9932d-fd96-469a-9353-68e47138e5ff: shutdown FollowerState
2019-11-05 11:28:28,225 [Thread-1080] INFO  impl.RaftServerImpl (RaftServerImpl.java:setRole(184)) - f7e9932d-fd96-469a-9353-68e47138e5ff@group-21C72E9484D5: changes role from  FOLLOWER to CANDIDATE at term 52 for changeToCandidate
2019-11-05 11:28:28,225 [Thread-1080] INFO  impl.RoleInfo (RoleInfo.java:updateAndGet(143)) - f7e9932d-fd96-469a-9353-68e47138e5ff: start LeaderElection
2019-11-05 11:28:28,235 [687f579d-1680-4dd5-8b24-01f078298cef@group-E95DC8E8582E-LeaderElection92] INFO  impl.LeaderElection (LeaderElection.java:logAndReturn(56)) - 687f579d-1680-4dd5-8b24-01f078298cef@group-E95DC8E8582E-LeaderElection92: Election REJECTED; received 2 response(s) [687f579d-1680-4dd5-8b24-01f078298cef<-90ecfa43-dab6-49d9-b30c-40ef62bfdf2a#0:FAIL-t63, 687f579d-1680-4dd5-8b24-01f078298cef<-b8bf4e9b-064a-4520-981c-d6c40c833497#0:FAIL-t63] and 0 exception(s); 687f579d-1680-4dd5-8b24-01f078298cef@group-E95DC8E8582E:t63, leader=null, voted=687f579d-1680-4dd5-8b24-01f078298cef, raftlog=687f579d-1680-4dd5-8b24-01f078298cef@group-E95DC8E8582E-SegmentedRaftLog:OPENED:c-1,f-1,i0, conf=-1: [90ecfa43-dab6-49d9-b30c-40ef62bfdf2a:192.168.157.252:34192, 687f579d-1680-4dd5-8b24-01f078298cef:192.168.157.252:37962, b8bf4e9b-064a-4520-981c-d6c40c833497:192.168.157.252:43407], old=null
2019-11-05 11:28:28,235 [687f579d-1680-4dd5-8b24-01f078298cef@group-E95DC8E8582E-LeaderElection92] INFO  impl.RaftServerImpl (RaftServerImpl.java:setRole(184)) - 687f579d-1680-4dd5-8b24-01f078298cef@group-E95DC8E8582E: changes role from CANDIDATE to FOLLOWER at term 63 for DISCOVERED_A_NEW_TERM
2019-11-05 11:28:28,235 [687f579d-1680-4dd5-8b24-01f078298cef@group-E95DC8E8582E-LeaderElection92] INFO  impl.RoleInfo (RoleInfo.java:shutdownLeaderElection(134)) - 687f579d-1680-4dd5-8b24-01f078298cef: shutdown LeaderElection
2019-11-05 11:28:28,236 [687f579d-1680-4dd5-8b24-01f078298cef@group-E95DC8E8582E-LeaderElection92] INFO  impl.RoleInfo (RoleInfo.java:updateAndGet(143)) - 687f579d-1680-4dd5-8b24-01f078298cef: start FollowerState
2019-11-05 11:28:28,247 [f7e9932d-fd96-469a-9353-68e47138e5ff@group-21C72E9484D5-LeaderElection94] INFO  impl.LeaderElection (LeaderElection.java:askForVotes(178)) - f7e9932d-fd96-469a-9353-68e47138e5ff@group-21C72E9484D5-LeaderElection94: begin an election at term 53 for -1: [f7e9932d-fd96-469a-9353-68e47138e5ff:192.168.157.252:45025, 1eca16cc-5184-4e43-8e55-175d1516eae4:192.168.157.252:41127, 74a8fb36-eab9-4c53-b7cf-c565055de05a:192.168.157.252:42370], old=null
2019-11-05 11:28:28,264 [grpc-default-executor-2] INFO  impl.RaftServerImpl (RaftServerImpl.java:setRole(184)) - 74a8fb36-eab9-4c53-b7cf-c565055de05a@group-21C72E9484D5: changes role from  FOLLOWER to FOLLOWER at term 53 for recognizeCandidate:f7e9932d-fd96-469a-9353-68e47138e5ff
2019-11-05 11:28:28,264 [grpc-default-executor-1] INFO  impl.RaftServerImpl (RaftServerImpl.java:setRole(184)) - 1eca16cc-5184-4e43-8e55-175d1516eae4@group-21C72E9484D5: changes role from  FOLLOWER to FOLLOWER at term 53 for recognizeCandidate:f7e9932d-fd96-469a-9353-68e47138e5ff
2019-11-05 11:28:28,264 [grpc-default-executor-2] INFO  impl.RoleInfo (RoleInfo.java:shutdownFollowerState(121)) - 74a8fb36-eab9-4c53-b7cf-c565055de05a: shutdown FollowerState
2019-11-05 11:28:28,264 [grpc-default-executor-1] INFO  impl.RoleInfo (RoleInfo.java:shutdownFollowerState(121)) - 1eca16cc-5184-4e43-8e55-175d1516eae4: shutdown FollowerState
2019-11-05 11:28:28,264 [grpc-default-executor-2] INFO  impl.RoleInfo (RoleInfo.java:updateAndGet(143)) - 74a8fb36-eab9-4c53-b7cf-c565055de05a: start FollowerState
2019-11-05 11:28:28,264 [Thread-1079] INFO  impl.FollowerState (FollowerState.java:run(117)) - 74a8fb36-eab9-4c53-b7cf-c565055de05a@group-21C72E9484D5-FollowerState was interrupted: java.lang.InterruptedException: sleep interrupted
2019-11-05 11:28:28,264 [grpc-default-executor-1] INFO  impl.RoleInfo (RoleInfo.java:updateAndGet(143)) - 1eca16cc-5184-4e43-8e55-175d1516eae4: start FollowerState
2019-11-05 11:28:28,264 [Thread-1078] INFO  impl.FollowerState (FollowerState.java:run(117)) - 1eca16cc-5184-4e43-8e55-175d1516eae4@group-21C72E9484D5-FollowerState was interrupted: java.lang.InterruptedException: sleep interrupted
2019-11-05 11:28:28,288 [f7e9932d-fd96-469a-9353-68e47138e5ff@group-21C72E9484D5-LeaderElection94] INFO  impl.LeaderElection (LeaderElection.java:logAndReturn(56)) - f7e9932d-fd96-469a-9353-68e47138e5ff@group-21C72E9484D5-LeaderElection94: Election REJECTED; received 2 response(s) [f7e9932d-fd96-469a-9353-68e47138e5ff<-1eca16cc-5184-4e43-8e55-175d1516eae4#0:FAIL-t53, f7e9932d-fd96-469a-9353-68e47138e5ff<-74a8fb36-eab9-4c53-b7cf-c565055de05a#0:FAIL-t53] and 0 exception(s); f7e9932d-fd96-469a-9353-68e47138e5ff@group-21C72E9484D5:t53, leader=null, voted=f7e9932d-fd96-469a-9353-68e47138e5ff, raftlog=f7e9932d-fd96-469a-9353-68e47138e5ff@group-21C72E9484D5-SegmentedRaftLog:OPENED:c-1,f-1,i0, conf=-1: [f7e9932d-fd96-469a-9353-68e47138e5ff:192.168.157.252:45025, 1eca16cc-5184-4e43-8e55-175d1516eae4:192.168.157.252:41127, 74a8fb36-eab9-4c53-b7cf-c565055de05a:192.168.157.252:42370], old=null
2019-11-05 11:28:28,288 [f7e9932d-fd96-469a-9353-68e47138e5ff@group-21C72E9484D5-LeaderElection94] INFO  impl.RaftServerImpl (RaftServerImpl.java:setRole(184)) - f7e9932d-fd96-469a-9353-68e47138e5ff@group-21C72E9484D5: changes role from CANDIDATE to FOLLOWER at term 53 for DISCOVERED_A_NEW_TERM
2019-11-05 11:28:28,288 [f7e9932d-fd96-469a-9353-68e47138e5ff@group-21C72E9484D5-LeaderElection94] INFO  impl.RoleInfo (RoleInfo.java:shutdownLeaderElection(134)) - f7e9932d-fd96-469a-9353-68e47138e5ff: shutdown LeaderElection
2019-11-05 11:28:28,289 [f7e9932d-fd96-469a-9353-68e47138e5ff@group-21C72E9484D5-LeaderElection94] INFO  impl.RoleInfo (RoleInfo.java:updateAndGet(143)) - f7e9932d-fd96-469a-9353-68e47138e5ff: start FollowerState
2019-11-05 11:28:28,303 [Thread-1083] INFO  impl.FollowerState (FollowerState.java:run(108)) - 687f579d-1680-4dd5-8b24-01f078298cef@group-E95DC8E8582E-FollowerState: change to CANDIDATE, lastRpcTime:67ms, electionTimeout:67ms
2019-11-05 11:28:28,303 [Thread-1083] INFO  impl.RoleInfo (RoleInfo.java:shutdownFollowerState(121)) - 687f579d-1680-4dd5-8b24-01f078298cef: shutdown FollowerState
2019-11-05 11:28:28,304 [Thread-1083] INFO  impl.RaftServerImpl (RaftServerImpl.java:setRole(184)) - 687f579d-1680-4dd5-8b24-01f078298cef@group-E95DC8E8582E: changes role from  FOLLOWER to CANDIDATE at term 63 for changeToCandidate
2019-11-05 11:28:28,304 [Thread-1083] INFO  impl.RoleInfo (RoleInfo.java:updateAndGet(143)) - 687f579d-1680-4dd5-8b24-01f078298cef: start LeaderElection
2019-11-05 11:28:28,312 [687f579d-1680-4dd5-8b24-01f078298cef@group-E95DC8E8582E-LeaderElection95] INFO  impl.LeaderElection (LeaderElection.java:askForVotes(178)) - 687f579d-1680-4dd5-8b24-01f078298cef@group-E95DC8E8582E-LeaderElection95: begin an election at term 64 for -1: [90ecfa43-dab6-49d9-b30c-40ef62bfdf2a:192.168.157.252:34192, 687f579d-1680-4dd5-8b24-01f078298cef:192.168.157.252:37962, b8bf4e9b-064a-4520-981c-d6c40c833497:192.168.157.252:43407], old=null
2019-11-05 11:28:28,315 [grpc-default-executor-1] INFO  impl.RaftServerImpl (RaftServerImpl.java:setRole(184)) - 90ecfa43-dab6-49d9-b30c-40ef62bfdf2a@group-E95DC8E8582E: changes role from  FOLLOWER to FOLLOWER at term 64 for recognizeCandidate:687f579d-1680-4dd5-8b24-01f078298cef
2019-11-05 11:28:28,316 [grpc-default-executor-1] INFO  impl.RoleInfo (RoleInfo.java:shutdownFollowerState(121)) - 90ecfa43-dab6-49d9-b30c-40ef62bfdf2a: shutdown FollowerState
2019-11-05 11:28:28,316 [grpc-default-executor-1] INFO  impl.RoleInfo (RoleInfo.java:updateAndGet(143)) - 90ecfa43-dab6-49d9-b30c-40ef62bfdf2a: start FollowerState
2019-11-05 11:28:28,315 [grpc-default-executor-2] INFO  impl.RaftServerImpl (RaftServerImpl.java:setRole(184)) - b8bf4e9b-064a-4520-981c-d6c40c833497@group-E95DC8E8582E: changes role from  FOLLOWER to FOLLOWER at term 64 for recognizeCandidate:687f579d-1680-4dd5-8b24-01f078298cef
2019-11-05 11:28:28,317 [grpc-default-executor-2] INFO  impl.RoleInfo (RoleInfo.java:shutdownFollowerState(121)) - b8bf4e9b-064a-4520-981c-d6c40c833497: shutdown FollowerState
2019-11-05 11:28:28,316 [Thread-1077] INFO  impl.FollowerState (FollowerState.java:run(117)) - 90ecfa43-dab6-49d9-b30c-40ef62bfdf2a@group-E95DC8E8582E-FollowerState was interrupted: java.lang.InterruptedException: sleep interrupted
2019-11-05 11:28:28,317 [grpc-default-executor-2] INFO  impl.RoleInfo (RoleInfo.java:updateAndGet(143)) - b8bf4e9b-064a-4520-981c-d6c40c833497: start FollowerState
2019-11-05 11:28:28,317 [Thread-1081] INFO  impl.FollowerState (FollowerState.java:run(117)) - b8bf4e9b-064a-4520-981c-d6c40c833497@group-E95DC8E8582E-FollowerState was interrupted: java.lang.InterruptedException: sleep interrupted
2019-11-05 11:28:28,358 [687f579d-1680-4dd5-8b24-01f078298cef@group-E95DC8E8582E-LeaderElection95] INFO  impl.LeaderElection (LeaderElection.java:logAndReturn(56)) - 687f579d-1680-4dd5-8b24-01f078298cef@group-E95DC8E8582E-LeaderElection95: Election REJECTED; received 2 response(s) [687f579d-1680-4dd5-8b24-01f078298cef<-90ecfa43-dab6-49d9-b30c-40ef62bfdf2a#0:FAIL-t64, 687f579d-1680-4dd5-8b24-01f078298cef<-b8bf4e9b-064a-4520-981c-d6c40c833497#0:FAIL-t64] and 0 exception(s); 687f579d-1680-4dd5-8b24-01f078298cef@group-E95DC8E8582E:t64, leader=null, voted=687f579d-1680-4dd5-8b24-01f078298cef, raftlog=687f579d-1680-4dd5-8b24-01f078298cef@group-E95DC8E8582E-SegmentedRaftLog:OPENED:c-1,f-1,i0, conf=-1: [90ecfa43-dab6-49d9-b30c-40ef62bfdf2a:192.168.157.252:34192, 687f579d-1680-4dd5-8b24-01f078298cef:192.168.157.252:37962, b8bf4e9b-064a-4520-981c-d6c40c833497:192.168.157.252:43407], old=null
2019-11-05 11:28:28,358 [687f579d-1680-4dd5-8b24-01f078298cef@group-E95DC8E8582E-LeaderElection95] INFO  impl.RaftServerImpl (RaftServerImpl.java:setRole(184)) - 687f579d-1680-4dd5-8b24-01f078298cef@group-E95DC8E8582E: changes role from CANDIDATE to FOLLOWER at term 64 for DISCOVERED_A_NEW_TERM
2019-11-05 11:28:28,358 [687f579d-1680-4dd5-8b24-01f078298cef@group-E95DC8E8582E-LeaderElection95] INFO  impl.RoleInfo (RoleInfo.java:shutdownLeaderElection(134)) - 687f579d-1680-4dd5-8b24-01f078298cef: shutdown LeaderElection
2019-11-05 11:28:28,358 [687f579d-1680-4dd5-8b24-01f078298cef@group-E95DC8E8582E-LeaderElection95] INFO  impl.RoleInfo (RoleInfo.java:updateAndGet(143)) - 687f579d-1680-4dd5-8b24-01f078298cef: start FollowerState
2019-11-05 11:28:28,420 [Thread-1094] INFO  impl.FollowerState (FollowerState.java:run(108)) - 687f579d-1680-4dd5-8b24-01f078298cef@group-E95DC8E8582E-FollowerState: change to CANDIDATE, lastRpcTime:61ms, electionTimeout:61ms
2019-11-05 11:28:28,420 [Thread-1094] INFO  impl.RoleInfo (RoleInfo.java:shutdownFollowerState(121)) - 687f579d-1680-4dd5-8b24-01f078298cef: shutdown FollowerState
2019-11-05 11:28:28,420 [Thread-1094] INFO  impl.RaftServerImpl (RaftServerImpl.java:setRole(184)) - 687f579d-1680-4dd5-8b24-01f078298cef@group-E95DC8E8582E: changes role from  FOLLOWER to CANDIDATE at term 64 for changeToCandidate
2019-11-05 11:28:28,420 [Thread-1094] INFO  impl.RoleInfo (RoleInfo.java:updateAndGet(143)) - 687f579d-1680-4dd5-8b24-01f078298cef: start LeaderElection
2019-11-05 11:28:28,438 [687f579d-1680-4dd5-8b24-01f078298cef@group-E95DC8E8582E-LeaderElection96] INFO  impl.LeaderElection (LeaderElection.java:askForVotes(178)) - 687f579d-1680-4dd5-8b24-01f078298cef@group-E95DC8E8582E-LeaderElection96: begin an election at term 65 for -1: [90ecfa43-dab6-49d9-b30c-40ef62bfdf2a:192.168.157.252:34192, 687f579d-1680-4dd5-8b24-01f078298cef:192.168.157.252:37962, b8bf4e9b-064a-4520-981c-d6c40c833497:192.168.157.252:43407], old=null
2019-11-05 11:28:28,443 [grpc-default-executor-1] INFO  impl.RaftServerImpl (RaftServerImpl.java:setRole(184)) - 90ecfa43-dab6-49d9-b30c-40ef62bfdf2a@group-E95DC8E8582E: changes role from  FOLLOWER to FOLLOWER at term 65 for recognizeCandidate:687f579d-1680-4dd5-8b24-01f078298cef
2019-11-05 11:28:28,443 [grpc-default-executor-1] INFO  impl.RoleInfo (RoleInfo.java:shutdownFollowerState(121)) - 90ecfa43-dab6-49d9-b30c-40ef62bfdf2a: shutdown FollowerState
2019-11-05 11:28:28,443 [grpc-default-executor-1] INFO  impl.RoleInfo (RoleInfo.java:updateAndGet(143)) - 90ecfa43-dab6-49d9-b30c-40ef62bfdf2a: start FollowerState
2019-11-05 11:28:28,443 [Thread-1092] INFO  impl.FollowerState (FollowerState.java:run(117)) - 90ecfa43-dab6-49d9-b30c-40ef62bfdf2a@group-E95DC8E8582E-FollowerState was interrupted: java.lang.InterruptedException: sleep interrupted
2019-11-05 11:28:28,443 [grpc-default-executor-2] INFO  impl.RaftServerImpl (RaftServerImpl.java:setRole(184)) - b8bf4e9b-064a-4520-981c-d6c40c833497@group-E95DC8E8582E: changes role from  FOLLOWER to FOLLOWER at term 65 for recognizeCandidate:687f579d-1680-4dd5-8b24-01f078298cef
2019-11-05 11:28:28,443 [grpc-default-executor-2] INFO  impl.RoleInfo (RoleInfo.java:shutdownFollowerState(121)) - b8bf4e9b-064a-4520-981c-d6c40c833497: shutdown FollowerState
2019-11-05 11:28:28,444 [grpc-default-executor-2] INFO  impl.RoleInfo (RoleInfo.java:updateAndGet(143)) - b8bf4e9b-064a-4520-981c-d6c40c833497: start FollowerState
2019-11-05 11:28:28,444 [Thread-1093] INFO  impl.FollowerState (FollowerState.java:run(117)) - b8bf4e9b-064a-4520-981c-d6c40c833497@group-E95DC8E8582E-FollowerState was interrupted: java.lang.InterruptedException: sleep interrupted
2019-11-05 11:28:28,483 [Thread-1088] INFO  impl.FollowerState (FollowerState.java:run(108)) - f7e9932d-fd96-469a-9353-68e47138e5ff@group-21C72E9484D5-FollowerState: change to CANDIDATE, lastRpcTime:194ms, electionTimeout:166ms
2019-11-05 11:28:28,484 [Thread-1088] INFO  impl.RoleInfo (RoleInfo.java:shutdownFollowerState(121)) - f7e9932d-fd96-469a-9353-68e47138e5ff: shutdown FollowerState
2019-11-05 11:28:28,484 [687f579d-1680-4dd5-8b24-01f078298cef@group-E95DC8E8582E-LeaderElection96] INFO  impl.LeaderElection (LeaderElection.java:logAndReturn(56)) - 687f579d-1680-4dd5-8b24-01f078298cef@group-E95DC8E8582E-LeaderElection96: Election REJECTED; received 2 response(s) [687f579d-1680-4dd5-8b24-01f078298cef<-90ecfa43-dab6-49d9-b30c-40ef62bfdf2a#0:FAIL-t65, 687f579d-1680-4dd5-8b24-01f078298cef<-b8bf4e9b-064a-4520-981c-d6c40c833497#0:FAIL-t65] and 0 exception(s); 687f579d-1680-4dd5-8b24-01f078298cef@group-E95DC8E8582E:t65, leader=null, voted=687f579d-1680-4dd5-8b24-01f078298cef, raftlog=687f579d-1680-4dd5-8b24-01f078298cef@group-E95DC8E8582E-SegmentedRaftLog:OPENED:c-1,f-1,i0, conf=-1: [90ecfa43-dab6-49d9-b30c-40ef62bfdf2a:192.168.157.252:34192, 687f579d-1680-4dd5-8b24-01f078298cef:192.168.157.252:37962, b8bf4e9b-064a-4520-981c-d6c40c833497:192.168.157.252:43407], old=null
2019-11-05 11:28:28,484 [Thread-1088] INFO  impl.RaftServerImpl (RaftServerImpl.java:setRole(184)) - f7e9932d-fd96-469a-9353-68e47138e5ff@group-21C72E9484D5: changes role from  FOLLOWER to CANDIDATE at term 53 for changeToCandidate
2019-11-05 11:28:28,484 [Thread-1088] INFO  impl.RoleInfo (RoleInfo.java:updateAndGet(143)) - f7e9932d-fd96-469a-9353-68e47138e5ff: start LeaderElection
2019-11-05 11:28:28,485 [687f579d-1680-4dd5-8b24-01f078298cef@group-E95DC8E8582E-LeaderElection96] INFO  impl.RaftServerImpl (RaftServerImpl.java:setRole(184)) - 687f579d-1680-4dd5-8b24-01f078298cef@group-E95DC8E8582E: changes role from CANDIDATE to FOLLOWER at term 65 for DISCOVERED_A_NEW_TERM
2019-11-05 11:28:28,485 [687f579d-1680-4dd5-8b24-01f078298cef@group-E95DC8E8582E-LeaderElection96] INFO  impl.RoleInfo (RoleInfo.java:shutdownLeaderElection(134)) - 687f579d-1680-4dd5-8b24-01f078298cef: shutdown LeaderElection
2019-11-05 11:28:28,485 [687f579d-1680-4dd5-8b24-01f078298cef@group-E95DC8E8582E-LeaderElection96] INFO  impl.RoleInfo (RoleInfo.java:updateAndGet(143)) - 687f579d-1680-4dd5-8b24-01f078298cef: start FollowerState
2019-11-05 11:28:28,495 [f7e9932d-fd96-469a-9353-68e47138e5ff@group-21C72E9484D5-LeaderElection97] INFO  impl.LeaderElection (LeaderElection.java:askForVotes(178)) - f7e9932d-fd96-469a-9353-68e47138e5ff@group-21C72E9484D5-LeaderElection97: begin an election at term 54 for -1: [f7e9932d-fd96-469a-9353-68e47138e5ff:192.168.157.252:45025, 1eca16cc-5184-4e43-8e55-175d1516eae4:192.168.157.252:41127, 74a8fb36-eab9-4c53-b7cf-c565055de05a:192.168.157.252:42370], old=null
2019-11-05 11:28:28,498 [grpc-default-executor-1] INFO  impl.RaftServerImpl (RaftServerImpl.java:setRole(184)) - 1eca16cc-5184-4e43-8e55-175d1516eae4@group-21C72E9484D5: changes role from  FOLLOWER to FOLLOWER at term 54 for recognizeCandidate:f7e9932d-fd96-469a-9353-68e47138e5ff
2019-11-05 11:28:28,498 [grpc-default-executor-1] INFO  impl.RoleInfo (RoleInfo.java:shutdownFollowerState(121)) - 1eca16cc-5184-4e43-8e55-175d1516eae4: shutdown FollowerState
2019-11-05 11:28:28,499 [grpc-default-executor-1] INFO  impl.RoleInfo (RoleInfo.java:updateAndGet(143)) - 1eca16cc-5184-4e43-8e55-175d1516eae4: start FollowerState
2019-11-05 11:28:28,499 [Thread-1087] INFO  impl.FollowerState (FollowerState.java:run(117)) - 1eca16cc-5184-4e43-8e55-175d1516eae4@group-21C72E9484D5-FollowerState was interrupted: java.lang.InterruptedException: sleep interrupted
2019-11-05 11:28:28,499 [grpc-default-executor-2] INFO  impl.RaftServerImpl (RaftServerImpl.java:setRole(184)) - 74a8fb36-eab9-4c53-b7cf-c565055de05a@group-21C72E9484D5: changes role from  FOLLOWER to FOLLOWER at term 54 for recognizeCandidate:f7e9932d-fd96-469a-9353-68e47138e5ff
2019-11-05 11:28:28,499 [grpc-default-executor-2] INFO  impl.RoleInfo (RoleInfo.java:shutdownFollowerState(121)) - 74a8fb36-eab9-4c53-b7cf-c565055de05a: shutdown FollowerState
2019-11-05 11:28:28,502 [grpc-default-executor-2] INFO  impl.RoleInfo (RoleInfo.java:updateAndGet(143)) - 74a8fb36-eab9-4c53-b7cf-c565055de05a: start FollowerState
2019-11-05 11:28:28,503 [Thread-1086] INFO  impl.FollowerState (FollowerState.java:run(117)) - 74a8fb36-eab9-4c53-b7cf-c565055de05a@group-21C72E9484D5-FollowerState was interrupted: java.lang.InterruptedException: sleep interrupted
2019-11-05 11:28:28,516 [f7e9932d-fd96-469a-9353-68e47138e5ff@group-21C72E9484D5-LeaderElection97] INFO  impl.LeaderElection (LeaderElection.java:logAndReturn(56)) - f7e9932d-fd96-469a-9353-68e47138e5ff@group-21C72E9484D5-LeaderElection97: Election REJECTED; received 2 response(s) [f7e9932d-fd96-469a-9353-68e47138e5ff<-1eca16cc-5184-4e43-8e55-175d1516eae4#0:FAIL-t54, f7e9932d-fd96-469a-9353-68e47138e5ff<-74a8fb36-eab9-4c53-b7cf-c565055de05a#0:FAIL-t54] and 0 exception(s); f7e9932d-fd96-469a-9353-68e47138e5ff@group-21C72E9484D5:t54, leader=null, voted=f7e9932d-fd96-469a-9353-68e47138e5ff, raftlog=f7e9932d-fd96-469a-9353-68e47138e5ff@group-21C72E9484D5-SegmentedRaftLog:OPENED:c-1,f-1,i0, conf=-1: [f7e9932d-fd96-469a-9353-68e47138e5ff:192.168.157.252:45025, 1eca16cc-5184-4e43-8e55-175d1516eae4:192.168.157.252:41127, 74a8fb36-eab9-4c53-b7cf-c565055de05a:192.168.157.252:42370], old=null
2019-11-05 11:28:28,517 [f7e9932d-fd96-469a-9353-68e47138e5ff@group-21C72E9484D5-LeaderElection97] INFO  impl.RaftServerImpl (RaftServerImpl.java:setRole(184)) - f7e9932d-fd96-469a-9353-68e47138e5ff@group-21C72E9484D5: changes role from CANDIDATE to FOLLOWER at term 54 for DISCOVERED_A_NEW_TERM
2019-11-05 11:28:28,517 [f7e9932d-fd96-469a-9353-68e47138e5ff@group-21C72E9484D5-LeaderElection97] INFO  impl.RoleInfo (RoleInfo.java:shutdownLeaderElection(134)) - f7e9932d-fd96-469a-9353-68e47138e5ff: shutdown LeaderElection
2019-11-05 11:28:28,517 [f7e9932d-fd96-469a-9353-68e47138e5ff@group-21C72E9484D5-LeaderElection97] INFO  impl.RoleInfo (RoleInfo.java:updateAndGet(143)) - f7e9932d-fd96-469a-9353-68e47138e5ff: start FollowerState
2019-11-05 11:28:28,668 [Thread-1101] INFO  impl.FollowerState (FollowerState.java:run(108)) - 687f579d-1680-4dd5-8b24-01f078298cef@group-E95DC8E8582E-FollowerState: change to CANDIDATE, lastRpcTime:182ms, electionTimeout:182ms
2019-11-05 11:28:28,668 [Thread-1101] INFO  impl.RoleInfo (RoleInfo.java:shutdownFollowerState(121)) - 687f579d-1680-4dd5-8b24-01f078298cef: shutdown FollowerState
2019-11-05 11:28:28,668 [Thread-1101] INFO  impl.RaftServerImpl (RaftServerImpl.java:setRole(184)) - 687f579d-1680-4dd5-8b24-01f078298cef@group-E95DC8E8582E: changes role from  FOLLOWER to CANDIDATE at term 65 for changeToCandidate
2019-11-05 11:28:28,668 [Thread-1101] INFO  impl.RoleInfo (RoleInfo.java:updateAndGet(143)) - 687f579d-1680-4dd5-8b24-01f078298cef: start LeaderElection
2019-11-05 11:28:28,676 [687f579d-1680-4dd5-8b24-01f078298cef@group-E95DC8E8582E-LeaderElection98] INFO  impl.LeaderElection (LeaderElection.java:askForVotes(178)) - 687f579d-1680-4dd5-8b24-01f078298cef@group-E95DC8E8582E-LeaderElection98: begin an election at term 66 for -1: [90ecfa43-dab6-49d9-b30c-40ef62bfdf2a:192.168.157.252:34192, 687f579d-1680-4dd5-8b24-01f078298cef:192.168.157.252:37962, b8bf4e9b-064a-4520-981c-d6c40c833497:192.168.157.252:43407], old=null
2019-11-05 11:28:28,679 [grpc-default-executor-1] INFO  impl.RaftServerImpl (RaftServerImpl.java:setRole(184)) - 90ecfa43-dab6-49d9-b30c-40ef62bfdf2a@group-E95DC8E8582E: changes role from  FOLLOWER to FOLLOWER at term 66 for recognizeCandidate:687f579d-1680-4dd5-8b24-01f078298cef
2019-11-05 11:28:28,679 [grpc-default-executor-1] INFO  impl.RoleInfo (RoleInfo.java:shutdownFollowerState(121)) - 90ecfa43-dab6-49d9-b30c-40ef62bfdf2a: shutdown FollowerState
2019-11-05 11:28:28,679 [grpc-default-executor-1] INFO  impl.RoleInfo (RoleInfo.java:updateAndGet(143)) - 90ecfa43-dab6-49d9-b30c-40ef62bfdf2a: start FollowerState
2019-11-05 11:28:28,679 [Thread-1098] INFO  impl.FollowerState (FollowerState.java:run(117)) - 90ecfa43-dab6-49d9-b30c-40ef62bfdf2a@group-E95DC8E8582E-FollowerState was interrupted: java.lang.InterruptedException: sleep interrupted
2019-11-05 11:28:28,679 [grpc-default-executor-2] INFO  impl.RaftServerImpl (RaftServerImpl.java:setRole(184)) - b8bf4e9b-064a-4520-981c-d6c40c833497@group-E95DC8E8582E: changes role from  FOLLOWER to FOLLOWER at term 66 for recognizeCandidate:687f579d-1680-4dd5-8b24-01f078298cef
2019-11-05 11:28:28,680 [grpc-default-executor-2] INFO  impl.RoleInfo (RoleInfo.java:shutdownFollowerState(121)) - b8bf4e9b-064a-4520-981c-d6c40c833497: shutdown FollowerState
2019-11-05 11:28:28,680 [grpc-default-executor-2] INFO  impl.RoleInfo (RoleInfo.java:updateAndGet(143)) - b8bf4e9b-064a-4520-981c-d6c40c833497: start FollowerState
2019-11-05 11:28:28,680 [Thread-1099] INFO  impl.FollowerState (FollowerState.java:run(117)) - b8bf4e9b-064a-4520-981c-d6c40c833497@group-E95DC8E8582E-FollowerState was interrupted: java.lang.InterruptedException: sleep interrupted
2019-11-05 11:28:28,690 [687f579d-1680-4dd5-8b24-01f078298cef@group-E95DC8E8582E-LeaderElection98] INFO  impl.LeaderElection (LeaderElection.java:logAndReturn(56)) - 687f579d-1680-4dd5-8b24-01f078298cef@group-E95DC8E8582E-LeaderElection98: Election REJECTED; received 2 response(s) [687f579d-1680-4dd5-8b24-01f078298cef<-90ecfa43-dab6-49d9-b30c-40ef62bfdf2a#0:FAIL-t66, 687f579d-1680-4dd5-8b24-01f078298cef<-b8bf4e9b-064a-4520-981c-d6c40c833497#0:FAIL-t66] and 0 exception(s); 687f579d-1680-4dd5-8b24-01f078298cef@group-E95DC8E8582E:t66, leader=null, voted=687f579d-1680-4dd5-8b24-01f078298cef, raftlog=687f579d-1680-4dd5-8b24-01f078298cef@group-E95DC8E8582E-SegmentedRaftLog:OPENED:c-1,f-1,i0, conf=-1: [90ecfa43-dab6-49d9-b30c-40ef62bfdf2a:192.168.157.252:34192, 687f579d-1680-4dd5-8b24-01f078298cef:192.168.157.252:37962, b8bf4e9b-064a-4520-981c-d6c40c833497:192.168.157.252:43407], old=null
2019-11-05 11:28:28,691 [687f579d-1680-4dd5-8b24-01f078298cef@group-E95DC8E8582E-LeaderElection98] INFO  impl.RaftServerImpl (RaftServerImpl.java:setRole(184)) - 687f579d-1680-4dd5-8b24-01f078298cef@group-E95DC8E8582E: changes role from CANDIDATE to FOLLOWER at term 66 for DISCOVERED_A_NEW_TERM
2019-11-05 11:28:28,691 [687f579d-1680-4dd5-8b24-01f078298cef@group-E95DC8E8582E-LeaderElection98] INFO  impl.RoleInfo (RoleInfo.java:shutdownLeaderElection(134)) - 687f579d-1680-4dd5-8b24-01f078298cef: shutdown LeaderElection
2019-11-05 11:28:28,691 [687f579d-1680-4dd5-8b24-01f078298cef@group-E95DC8E8582E-LeaderElection98] INFO  impl.RoleInfo (RoleInfo.java:updateAndGet(143)) - 687f579d-1680-4dd5-8b24-01f078298cef: start FollowerState
2019-11-05 11:28:28,716 [Thread-1107] INFO  impl.FollowerState (FollowerState.java:run(108)) - f7e9932d-fd96-469a-9353-68e47138e5ff@group-21C72E9484D5-FollowerState: change to CANDIDATE, lastRpcTime:199ms, electionTimeout:199ms
2019-11-05 11:28:28,717 [Thread-1107] INFO  impl.RoleInfo (RoleInfo.java:shutdownFollowerState(121)) - f7e9932d-fd96-469a-9353-68e47138e5ff: shutdown FollowerState
2019-11-05 11:28:28,717 [Thread-1107] INFO  impl.RaftServerImpl (RaftServerImpl.java:setRole(184)) - f7e9932d-fd96-469a-9353-68e47138e5ff@group-21C72E9484D5: changes role from  FOLLOWER to CANDIDATE at term 54 for changeToCandidate
2019-11-05 11:28:28,717 [Thread-1107] INFO  impl.RoleInfo (RoleInfo.java:updateAndGet(143)) - f7e9932d-fd96-469a-9353-68e47138e5ff: start LeaderElection
2019-11-05 11:28:28,731 [f7e9932d-fd96-469a-9353-68e47138e5ff@group-21C72E9484D5-LeaderElection99] INFO  impl.LeaderElection (LeaderElection.java:askForVotes(178)) - f7e9932d-fd96-469a-9353-68e47138e5ff@group-21C72E9484D5-LeaderElection99: begin an election at term 55 for -1: [f7e9932d-fd96-469a-9353-68e47138e5ff:192.168.157.252:45025, 1eca16cc-5184-4e43-8e55-175d1516eae4:192.168.157.252:41127, 74a8fb36-eab9-4c53-b7cf-c565055de05a:192.168.157.252:42370], old=null
2019-11-05 11:28:28,734 [grpc-default-executor-1] INFO  impl.RaftServerImpl (RaftServerImpl.java:setRole(184)) - 74a8fb36-eab9-4c53-b7cf-c565055de05a@group-21C72E9484D5: changes role from  FOLLOWER to FOLLOWER at term 55 for recognizeCandidate:f7e9932d-fd96-469a-9353-68e47138e5ff
2019-11-05 11:28:28,735 [grpc-default-executor-1] INFO  impl.RoleInfo (RoleInfo.java:shutdownFollowerState(121)) - 74a8fb36-eab9-4c53-b7cf-c565055de05a: shutdown FollowerState
2019-11-05 11:28:28,735 [grpc-default-executor-1] INFO  impl.RoleInfo (RoleInfo.java:updateAndGet(143)) - 74a8fb36-eab9-4c53-b7cf-c565055de05a: start FollowerState
2019-11-05 11:28:28,735 [Thread-1106] INFO  impl.FollowerState (FollowerState.java:run(117)) - 74a8fb36-eab9-4c53-b7cf-c565055de05a@group-21C72E9484D5-FollowerState was interrupted: java.lang.InterruptedException: sleep interrupted
2019-11-05 11:28:28,735 [grpc-default-executor-2] INFO  impl.RaftServerImpl (RaftServerImpl.java:setRole(184)) - 1eca16cc-5184-4e43-8e55-175d1516eae4@group-21C72E9484D5: changes role from  FOLLOWER to FOLLOWER at term 55 for recognizeCandidate:f7e9932d-fd96-469a-9353-68e47138e5ff
2019-11-05 11:28:28,735 [grpc-default-executor-2] INFO  impl.RoleInfo (RoleInfo.java:shutdownFollowerState(121)) - 1eca16cc-5184-4e43-8e55-175d1516eae4: shutdown FollowerState
2019-11-05 11:28:28,736 [grpc-default-executor-2] INFO  impl.RoleInfo (RoleInfo.java:updateAndGet(143)) - 1eca16cc-5184-4e43-8e55-175d1516eae4: start FollowerState
2019-11-05 11:28:28,736 [Thread-1104] INFO  impl.FollowerState (FollowerState.java:run(117)) - 1eca16cc-5184-4e43-8e55-175d1516eae4@group-21C72E9484D5-FollowerState was interrupted: java.lang.InterruptedException: sleep interrupted
2019-11-05 11:28:28,749 [Thread-1114] INFO  impl.FollowerState (FollowerState.java:run(108)) - 687f579d-1680-4dd5-8b24-01f078298cef@group-E95DC8E8582E-FollowerState: change to CANDIDATE, lastRpcTime:58ms, electionTimeout:56ms
2019-11-05 11:28:28,750 [Thread-1114] INFO  impl.RoleInfo (RoleInfo.java:shutdownFollowerState(121)) - 687f579d-1680-4dd5-8b24-01f078298cef: shutdown FollowerState
2019-11-05 11:28:28,750 [Thread-1114] INFO  impl.RaftServerImpl (RaftServerImpl.java:setRole(184)) - 687f579d-1680-4dd5-8b24-01f078298cef@group-E95DC8E8582E: changes role from  FOLLOWER to CANDIDATE at term 66 for changeToCandidate
2019-11-05 11:28:28,750 [Thread-1114] INFO  impl.RoleInfo (RoleInfo.java:updateAndGet(143)) - 687f579d-1680-4dd5-8b24-01f078298cef: start LeaderElection
2019-11-05 11:28:28,751 [f7e9932d-fd96-469a-9353-68e47138e5ff@group-21C72E9484D5-LeaderElection99] INFO  impl.LeaderElection (LeaderElection.java:logAndReturn(56)) - f7e9932d-fd96-469a-9353-68e47138e5ff@group-21C72E9484D5-LeaderElection99: Election REJECTED; received 2 response(s) [f7e9932d-fd96-469a-9353-68e47138e5ff<-1eca16cc-5184-4e43-8e55-175d1516eae4#0:FAIL-t55, f7e9932d-fd96-469a-9353-68e47138e5ff<-74a8fb36-eab9-4c53-b7cf-c565055de05a#0:FAIL-t55] and 0 exception(s); f7e9932d-fd96-469a-9353-68e47138e5ff@group-21C72E9484D5:t55, leader=null, voted=f7e9932d-fd96-469a-9353-68e47138e5ff, raftlog=f7e9932d-fd96-469a-9353-68e47138e5ff@group-21C72E9484D5-SegmentedRaftLog:OPENED:c-1,f-1,i0, conf=-1: [f7e9932d-fd96-469a-9353-68e47138e5ff:192.168.157.252:45025, 1eca16cc-5184-4e43-8e55-175d1516eae4:192.168.157.252:41127, 74a8fb36-eab9-4c53-b7cf-c565055de05a:192.168.157.252:42370], old=null
2019-11-05 11:28:28,751 [f7e9932d-fd96-469a-9353-68e47138e5ff@group-21C72E9484D5-LeaderElection99] INFO  impl.RaftServerImpl (RaftServerImpl.java:setRole(184)) - f7e9932d-fd96-469a-9353-68e47138e5ff@group-21C72E9484D5: changes role from CANDIDATE to FOLLOWER at term 55 for DISCOVERED_A_NEW_TERM
2019-11-05 11:28:28,751 [f7e9932d-fd96-469a-9353-68e47138e5ff@group-21C72E9484D5-LeaderElection99] INFO  impl.RoleInfo (RoleInfo.java:shutdownLeaderElection(134)) - f7e9932d-fd96-469a-9353-68e47138e5ff: shutdown LeaderElection
2019-11-05 11:28:28,752 [f7e9932d-fd96-469a-9353-68e47138e5ff@group-21C72E9484D5-LeaderElection99] INFO  impl.RoleInfo (RoleInfo.java:updateAndGet(143)) - f7e9932d-fd96-469a-9353-68e47138e5ff: start FollowerState
2019-11-05 11:28:28,764 [687f579d-1680-4dd5-8b24-01f078298cef@group-E95DC8E8582E-LeaderElection100] INFO  impl.LeaderElection (LeaderElection.java:askForVotes(178)) - 687f579d-1680-4dd5-8b24-01f078298cef@group-E95DC8E8582E-LeaderElection100: begin an election at term 67 for -1: [90ecfa43-dab6-49d9-b30c-40ef62bfdf2a:192.168.157.252:34192, 687f579d-1680-4dd5-8b24-01f078298cef:192.168.157.252:37962, b8bf4e9b-064a-4520-981c-d6c40c833497:192.168.157.252:43407], old=null
2019-11-05 11:28:28,767 [grpc-default-executor-1] INFO  impl.RaftServerImpl (RaftServerImpl.java:setRole(184)) - 90ecfa43-dab6-49d9-b30c-40ef62bfdf2a@group-E95DC8E8582E: changes role from  FOLLOWER to FOLLOWER at term 67 for recognizeCandidate:687f579d-1680-4dd5-8b24-01f078298cef
2019-11-05 11:28:28,767 [grpc-default-executor-1] INFO  impl.RoleInfo (RoleInfo.java:shutdownFollowerState(121)) - 90ecfa43-dab6-49d9-b30c-40ef62bfdf2a: shutdown FollowerState
2019-11-05 11:28:28,767 [grpc-default-executor-2] INFO  impl.RaftServerImpl (RaftServerImpl.java:setRole(184)) - b8bf4e9b-064a-4520-981c-d6c40c833497@group-E95DC8E8582E: changes role from  FOLLOWER to FOLLOWER at term 67 for recognizeCandidate:687f579d-1680-4dd5-8b24-01f078298cef
2019-11-05 11:28:28,767 [grpc-default-executor-1] INFO  impl.RoleInfo (RoleInfo.java:updateAndGet(143)) - 90ecfa43-dab6-49d9-b30c-40ef62bfdf2a: start FollowerState
2019-11-05 11:28:28,767 [Thread-1112] INFO  impl.FollowerState (FollowerState.java:run(117)) - 90ecfa43-dab6-49d9-b30c-40ef62bfdf2a@group-E95DC8E8582E-FollowerState was interrupted: java.lang.InterruptedException: sleep interrupted
2019-11-05 11:28:28,767 [grpc-default-executor-2] INFO  impl.RoleInfo (RoleInfo.java:shutdownFollowerState(121)) - b8bf4e9b-064a-4520-981c-d6c40c833497: shutdown FollowerState
2019-11-05 11:28:28,768 [grpc-default-executor-2] INFO  impl.RoleInfo (RoleInfo.java:updateAndGet(143)) - b8bf4e9b-064a-4520-981c-d6c40c833497: start FollowerState
2019-11-05 11:28:28,768 [Thread-1113] INFO  impl.FollowerState (FollowerState.java:run(117)) - b8bf4e9b-064a-4520-981c-d6c40c833497@group-E95DC8E8582E-FollowerState was interrupted: java.lang.InterruptedException: sleep interrupted
2019-11-05 11:28:28,783 [687f579d-1680-4dd5-8b24-01f078298cef@group-E95DC8E8582E-LeaderElection100] INFO  impl.LeaderElection (LeaderElection.java:logAndReturn(56)) - 687f579d-1680-4dd5-8b24-01f078298cef@group-E95DC8E8582E-LeaderElection100: Election REJECTED; received 2 response(s) [687f579d-1680-4dd5-8b24-01f078298cef<-90ecfa43-dab6-49d9-b30c-40ef62bfdf2a#0:FAIL-t67, 687f579d-1680-4dd5-8b24-01f078298cef<-b8bf4e9b-064a-4520-981c-d6c40c833497#0:FAIL-t67] and 0 exception(s); 687f579d-1680-4dd5-8b24-01f078298cef@group-E95DC8E8582E:t67, leader=null, voted=687f579d-1680-4dd5-8b24-01f078298cef, raftlog=687f579d-1680-4dd5-8b24-01f078298cef@group-E95DC8E8582E-SegmentedRaftLog:OPENED:c-1,f-1,i0, conf=-1: [90ecfa43-dab6-49d9-b30c-40ef62bfdf2a:192.168.157.252:34192, 687f579d-1680-4dd5-8b24-01f078298cef:192.168.157.252:37962, b8bf4e9b-064a-4520-981c-d6c40c833497:192.168.157.252:43407], old=null
2019-11-05 11:28:28,784 [687f579d-1680-4dd5-8b24-01f078298cef@group-E95DC8E8582E-LeaderElection100] INFO  impl.RaftServerImpl (RaftServerImpl.java:setRole(184)) - 687f579d-1680-4dd5-8b24-01f078298cef@group-E95DC8E8582E: changes role from CANDIDATE to FOLLOWER at term 67 for DISCOVERED_A_NEW_TERM
2019-11-05 11:28:28,784 [687f579d-1680-4dd5-8b24-01f078298cef@group-E95DC8E8582E-LeaderElection100] INFO  impl.RoleInfo (RoleInfo.java:shutdownLeaderElection(134)) - 687f579d-1680-4dd5-8b24-01f078298cef: shutdown LeaderElection
2019-11-05 11:28:28,784 [687f579d-1680-4dd5-8b24-01f078298cef@group-E95DC8E8582E-LeaderElection100] INFO  impl.RoleInfo (RoleInfo.java:updateAndGet(143)) - 687f579d-1680-4dd5-8b24-01f078298cef: start FollowerState
2019-11-05 11:28:28,952 [Thread-1121] INFO  impl.FollowerState (FollowerState.java:run(108)) - f7e9932d-fd96-469a-9353-68e47138e5ff@group-21C72E9484D5-FollowerState: change to CANDIDATE, lastRpcTime:200ms, electionTimeout:200ms
2019-11-05 11:28:28,952 [Thread-1121] INFO  impl.RoleInfo (RoleInfo.java:shutdownFollowerState(121)) - f7e9932d-fd96-469a-9353-68e47138e5ff: shutdown FollowerState
2019-11-05 11:28:28,952 [Thread-1121] INFO  impl.RaftServerImpl (RaftServerImpl.java:setRole(184)) - f7e9932d-fd96-469a-9353-68e47138e5ff@group-21C72E9484D5: changes role from  FOLLOWER to CANDIDATE at term 55 for changeToCandidate
2019-11-05 11:28:28,953 [Thread-1121] INFO  impl.RoleInfo (RoleInfo.java:updateAndGet(143)) - f7e9932d-fd96-469a-9353-68e47138e5ff: start LeaderElection
2019-11-05 11:28:28,982 [Thread-1126] INFO  impl.FollowerState (FollowerState.java:run(108)) - 687f579d-1680-4dd5-8b24-01f078298cef@group-E95DC8E8582E-FollowerState: change to CANDIDATE, lastRpcTime:198ms, electionTimeout:198ms
2019-11-05 11:28:28,983 [Thread-1126] INFO  impl.RoleInfo (RoleInfo.java:shutdownFollowerState(121)) - 687f579d-1680-4dd5-8b24-01f078298cef: shutdown FollowerState
2019-11-05 11:28:28,983 [Thread-1126] INFO  impl.RaftServerImpl (RaftServerImpl.java:setRole(184)) - 687f579d-1680-4dd5-8b24-01f078298cef@group-E95DC8E8582E: changes role from  FOLLOWER to CANDIDATE at term 67 for changeToCandidate
2019-11-05 11:28:28,983 [Thread-1126] INFO  impl.RoleInfo (RoleInfo.java:updateAndGet(143)) - 687f579d-1680-4dd5-8b24-01f078298cef: start LeaderElection
2019-11-05 11:28:28,984 [f7e9932d-fd96-469a-9353-68e47138e5ff@group-21C72E9484D5-LeaderElection101] INFO  impl.LeaderElection (LeaderElection.java:askForVotes(178)) - f7e9932d-fd96-469a-9353-68e47138e5ff@group-21C72E9484D5-LeaderElection101: begin an election at term 56 for -1: [f7e9932d-fd96-469a-9353-68e47138e5ff:192.168.157.252:45025, 1eca16cc-5184-4e43-8e55-175d1516eae4:192.168.157.252:41127, 74a8fb36-eab9-4c53-b7cf-c565055de05a:192.168.157.252:42370], old=null
2019-11-05 11:28:28,986 [grpc-default-executor-1] INFO  impl.RaftServerImpl (RaftServerImpl.java:setRole(184)) - 1eca16cc-5184-4e43-8e55-175d1516eae4@group-21C72E9484D5: changes role from  FOLLOWER to FOLLOWER at term 56 for recognizeCandidate:f7e9932d-fd96-469a-9353-68e47138e5ff
2019-11-05 11:28:28,986 [grpc-default-executor-2] INFO  impl.RaftServerImpl (RaftServerImpl.java:setRole(184)) - 74a8fb36-eab9-4c53-b7cf-c565055de05a@group-21C72E9484D5: changes role from  FOLLOWER to FOLLOWER at term 56 for recognizeCandidate:f7e9932d-fd96-469a-9353-68e47138e5ff
2019-11-05 11:28:28,986 [grpc-default-executor-1] INFO  impl.RoleInfo (RoleInfo.java:shutdownFollowerState(121)) - 1eca16cc-5184-4e43-8e55-175d1516eae4: shutdown FollowerState
2019-11-05 11:28:28,987 [grpc-default-executor-2] INFO  impl.RoleInfo (RoleInfo.java:shutdownFollowerState(121)) - 74a8fb36-eab9-4c53-b7cf-c565055de05a: shutdown FollowerState
2019-11-05 11:28:28,987 [Thread-1119] INFO  impl.FollowerState (FollowerState.java:run(117)) - 1eca16cc-5184-4e43-8e55-175d1516eae4@group-21C72E9484D5-FollowerState was interrupted: java.lang.InterruptedException: sleep interrupted
2019-11-05 11:28:28,987 [grpc-default-executor-1] INFO  impl.RoleInfo (RoleInfo.java:updateAndGet(143)) - 1eca16cc-5184-4e43-8e55-175d1516eae4: start FollowerState
2019-11-05 11:28:28,987 [grpc-default-executor-2] INFO  impl.RoleInfo (RoleInfo.java:updateAndGet(143)) - 74a8fb36-eab9-4c53-b7cf-c565055de05a: start FollowerState
2019-11-05 11:28:28,987 [Thread-1118] INFO  impl.FollowerState (FollowerState.java:run(117)) - 74a8fb36-eab9-4c53-b7cf-c565055de05a@group-21C72E9484D5-FollowerState was interrupted: java.lang.InterruptedException: sleep interrupted
2019-11-05 11:28:28,988 [687f579d-1680-4dd5-8b24-01f078298cef@group-E95DC8E8582E-LeaderElection102] INFO  impl.LeaderElection (LeaderElection.java:askForVotes(178)) - 687f579d-1680-4dd5-8b24-01f078298cef@group-E95DC8E8582E-LeaderElection102: begin an election at term 68 for -1: [90ecfa43-dab6-49d9-b30c-40ef62bfdf2a:192.168.157.252:34192, 687f579d-1680-4dd5-8b24-01f078298cef:192.168.157.252:37962, b8bf4e9b-064a-4520-981c-d6c40c833497:192.168.157.252:43407], old=null
2019-11-05 11:28:28,989 [grpc-default-executor-9] INFO  impl.RaftServerImpl (RaftServerImpl.java:setRole(184)) - 90ecfa43-dab6-49d9-b30c-40ef62bfdf2a@group-E95DC8E8582E: changes role from  FOLLOWER to FOLLOWER at term 68 for recognizeCandidate:687f579d-1680-4dd5-8b24-01f078298cef
2019-11-05 11:28:28,989 [grpc-default-executor-9] INFO  impl.RoleInfo (RoleInfo.java:shutdownFollowerState(121)) - 90ecfa43-dab6-49d9-b30c-40ef62bfdf2a: shutdown FollowerState
2019-11-05 11:28:28,989 [grpc-default-executor-11] INFO  impl.RaftServerImpl (RaftServerImpl.java:setRole(184)) - b8bf4e9b-064a-4520-981c-d6c40c833497@group-E95DC8E8582E: changes role from  FOLLOWER to FOLLOWER at term 68 for recognizeCandidate:687f579d-1680-4dd5-8b24-01f078298cef
2019-11-05 11:28:28,989 [grpc-default-executor-9] INFO  impl.RoleInfo (RoleInfo.java:updateAndGet(143)) - 90ecfa43-dab6-49d9-b30c-40ef62bfdf2a: start FollowerState
2019-11-05 11:28:28,989 [Thread-1124] INFO  impl.FollowerState (FollowerState.java:run(117)) - 90ecfa43-dab6-49d9-b30c-40ef62bfdf2a@group-E95DC8E8582E-FollowerState was interrupted: java.lang.InterruptedException: sleep interrupted
2019-11-05 11:28:28,989 [grpc-default-executor-11] INFO  impl.RoleInfo (RoleInfo.java:shutdownFollowerState(121)) - b8bf4e9b-064a-4520-981c-d6c40c833497: shutdown FollowerState
2019-11-05 11:28:28,989 [grpc-default-executor-11] INFO  impl.RoleInfo (RoleInfo.java:updateAndGet(143)) - b8bf4e9b-064a-4520-981c-d6c40c833497: start FollowerState
2019-11-05 11:28:28,990 [Thread-1125] INFO  impl.FollowerState (FollowerState.java:run(117)) - b8bf4e9b-064a-4520-981c-d6c40c833497@group-E95DC8E8582E-FollowerState was interrupted: java.lang.InterruptedException: sleep interrupted
2019-11-05 11:28:28,993 [f7e9932d-fd96-469a-9353-68e47138e5ff@group-21C72E9484D5-LeaderElection101] INFO  impl.LeaderElection (LeaderElection.java:logAndReturn(56)) - f7e9932d-fd96-469a-9353-68e47138e5ff@group-21C72E9484D5-LeaderElection101: Election REJECTED; received 2 response(s) [f7e9932d-fd96-469a-9353-68e47138e5ff<-1eca16cc-5184-4e43-8e55-175d1516eae4#0:FAIL-t56, f7e9932d-fd96-469a-9353-68e47138e5ff<-74a8fb36-eab9-4c53-b7cf-c565055de05a#0:FAIL-t56] and 0 exception(s); f7e9932d-fd96-469a-9353-68e47138e5ff@group-21C72E9484D5:t56, leader=null, voted=f7e9932d-fd96-469a-9353-68e47138e5ff, raftlog=f7e9932d-fd96-469a-9353-68e47138e5ff@group-21C72E9484D5-SegmentedRaftLog:OPENED:c-1,f-1,i0, conf=-1: [f7e9932d-fd96-469a-9353-68e47138e5ff:192.168.157.252:45025, 1eca16cc-5184-4e43-8e55-175d1516eae4:192.168.157.252:41127, 74a8fb36-eab9-4c53-b7cf-c565055de05a:192.168.157.252:42370], old=null
2019-11-05 11:28:28,993 [f7e9932d-fd96-469a-9353-68e47138e5ff@group-21C72E9484D5-LeaderElection101] INFO  impl.RaftServerImpl (RaftServerImpl.java:setRole(184)) - f7e9932d-fd96-469a-9353-68e47138e5ff@group-21C72E9484D5: changes role from CANDIDATE to FOLLOWER at term 56 for DISCOVERED_A_NEW_TERM
2019-11-05 11:28:28,993 [f7e9932d-fd96-469a-9353-68e47138e5ff@group-21C72E9484D5-LeaderElection101] INFO  impl.RoleInfo (RoleInfo.java:shutdownLeaderElection(134)) - f7e9932d-fd96-469a-9353-68e47138e5ff: shutdown LeaderElection
2019-11-05 11:28:28,993 [f7e9932d-fd96-469a-9353-68e47138e5ff@group-21C72E9484D5-LeaderElection101] INFO  impl.RoleInfo (RoleInfo.java:updateAndGet(143)) - f7e9932d-fd96-469a-9353-68e47138e5ff: start FollowerState
2019-11-05 11:28:29,004 [Thread-1137] INFO  impl.FollowerState (FollowerState.java:run(108)) - f7e9932d-fd96-469a-9353-68e47138e5ff@group-21C72E9484D5-FollowerState: change to CANDIDATE, lastRpcTime:11ms, electionTimeout:11ms
2019-11-05 11:28:29,005 [Thread-1137] INFO  impl.RoleInfo (RoleInfo.java:shutdownFollowerState(121)) - f7e9932d-fd96-469a-9353-68e47138e5ff: shutdown FollowerState
2019-11-05 11:28:29,005 [Thread-1137] INFO  impl.RaftServerImpl (RaftServerImpl.java:setRole(184)) - f7e9932d-fd96-469a-9353-68e47138e5ff@group-21C72E9484D5: changes role from  FOLLOWER to CANDIDATE at term 56 for changeToCandidate
2019-11-05 11:28:29,005 [Thread-1137] INFO  impl.RoleInfo (RoleInfo.java:updateAndGet(143)) - f7e9932d-fd96-469a-9353-68e47138e5ff: start LeaderElection
2019-11-05 11:28:29,006 [687f579d-1680-4dd5-8b24-01f078298cef@group-E95DC8E8582E-LeaderElection102] INFO  impl.LeaderElection (LeaderElection.java:logAndReturn(56)) - 687f579d-1680-4dd5-8b24-01f078298cef@group-E95DC8E8582E-LeaderElection102: Election REJECTED; received 2 response(s) [687f579d-1680-4dd5-8b24-01f078298cef<-90ecfa43-dab6-49d9-b30c-40ef62bfdf2a#0:FAIL-t68, 687f579d-1680-4dd5-8b24-01f078298cef<-b8bf4e9b-064a-4520-981c-d6c40c833497#0:FAIL-t68] and 0 exception(s); 687f579d-1680-4dd5-8b24-01f078298cef@group-E95DC8E8582E:t68, leader=null, voted=687f579d-1680-4dd5-8b24-01f078298cef, raftlog=687f579d-1680-4dd5-8b24-01f078298cef@group-E95DC8E8582E-SegmentedRaftLog:OPENED:c-1,f-1,i0, conf=-1: [90ecfa43-dab6-49d9-b30c-40ef62bfdf2a:192.168.157.252:34192, 687f579d-1680-4dd5-8b24-01f078298cef:192.168.157.252:37962, b8bf4e9b-064a-4520-981c-d6c40c833497:192.168.157.252:43407], old=null
2019-11-05 11:28:29,006 [687f579d-1680-4dd5-8b24-01f078298cef@group-E95DC8E8582E-LeaderElection102] INFO  impl.RaftServerImpl (RaftServerImpl.java:setRole(184)) - 687f579d-1680-4dd5-8b24-01f078298cef@group-E95DC8E8582E: changes role from CANDIDATE to FOLLOWER at term 68 for DISCOVERED_A_NEW_TERM
2019-11-05 11:28:29,006 [687f579d-1680-4dd5-8b24-01f078298cef@group-E95DC8E8582E-LeaderElection102] INFO  impl.RoleInfo (RoleInfo.java:shutdownLeaderElection(134)) - 687f579d-1680-4dd5-8b24-01f078298cef: shutdown LeaderElection
2019-11-05 11:28:29,006 [687f579d-1680-4dd5-8b24-01f078298cef@group-E95DC8E8582E-LeaderElection102] INFO  impl.RoleInfo (RoleInfo.java:updateAndGet(143)) - 687f579d-1680-4dd5-8b24-01f078298cef: start FollowerState
2019-11-05 11:28:29,020 [f7e9932d-fd96-469a-9353-68e47138e5ff@group-21C72E9484D5-LeaderElection103] INFO  impl.LeaderElection (LeaderElection.java:askForVotes(178)) - f7e9932d-fd96-469a-9353-68e47138e5ff@group-21C72E9484D5-LeaderElection103: begin an election at term 57 for -1: [f7e9932d-fd96-469a-9353-68e47138e5ff:192.168.157.252:45025, 1eca16cc-5184-4e43-8e55-175d1516eae4:192.168.157.252:41127, 74a8fb36-eab9-4c53-b7cf-c565055de05a:192.168.157.252:42370], old=null
2019-11-05 11:28:29,023 [grpc-default-executor-9] INFO  impl.RaftServerImpl (RaftServerImpl.java:setRole(184)) - 1eca16cc-5184-4e43-8e55-175d1516eae4@group-21C72E9484D5: changes role from  FOLLOWER to FOLLOWER at term 57 for recognizeCandidate:f7e9932d-fd96-469a-9353-68e47138e5ff
2019-11-05 11:28:29,023 [grpc-default-executor-11] INFO  impl.RaftServerImpl (RaftServerImpl.java:setRole(184)) - 74a8fb36-eab9-4c53-b7cf-c565055de05a@group-21C72E9484D5: changes role from  FOLLOWER to FOLLOWER at term 57 for recognizeCandidate:f7e9932d-fd96-469a-9353-68e47138e5ff
2019-11-05 11:28:29,023 [grpc-default-executor-9] INFO  impl.RoleInfo (RoleInfo.java:shutdownFollowerState(121)) - 1eca16cc-5184-4e43-8e55-175d1516eae4: shutdown FollowerState
2019-11-05 11:28:29,023 [grpc-default-executor-11] INFO  impl.RoleInfo (RoleInfo.java:shutdownFollowerState(121)) - 74a8fb36-eab9-4c53-b7cf-c565055de05a: shutdown FollowerState
2019-11-05 11:28:29,023 [grpc-default-executor-11] INFO  impl.RoleInfo (RoleInfo.java:updateAndGet(143)) - 74a8fb36-eab9-4c53-b7cf-c565055de05a: start FollowerState
2019-11-05 11:28:29,023 [grpc-default-executor-9] INFO  impl.RoleInfo (RoleInfo.java:updateAndGet(143)) - 1eca16cc-5184-4e43-8e55-175d1516eae4: start FollowerState
2019-11-05 11:28:29,023 [Thread-1132] INFO  impl.FollowerState (FollowerState.java:run(117)) - 74a8fb36-eab9-4c53-b7cf-c565055de05a@group-21C72E9484D5-FollowerState was interrupted: java.lang.InterruptedException: sleep interrupted
2019-11-05 11:28:29,024 [Thread-1131] INFO  impl.FollowerState (FollowerState.java:run(117)) - 1eca16cc-5184-4e43-8e55-175d1516eae4@group-21C72E9484D5-FollowerState was interrupted: java.lang.InterruptedException: sleep interrupted
2019-11-05 11:28:29,032 [f7e9932d-fd96-469a-9353-68e47138e5ff@group-21C72E9484D5-LeaderElection103] INFO  impl.LeaderElection (LeaderElection.java:logAndReturn(56)) - f7e9932d-fd96-469a-9353-68e47138e5ff@group-21C72E9484D5-LeaderElection103: Election REJECTED; received 2 response(s) [f7e9932d-fd96-469a-9353-68e47138e5ff<-1eca16cc-5184-4e43-8e55-175d1516eae4#0:FAIL-t57, f7e9932d-fd96-469a-9353-68e47138e5ff<-74a8fb36-eab9-4c53-b7cf-c565055de05a#0:FAIL-t57] and 0 exception(s); f7e9932d-fd96-469a-9353-68e47138e5ff@group-21C72E9484D5:t57, leader=null, voted=f7e9932d-fd96-469a-9353-68e47138e5ff, raftlog=f7e9932d-fd96-469a-9353-68e47138e5ff@group-21C72E9484D5-SegmentedRaftLog:OPENED:c-1,f-1,i0, conf=-1: [f7e9932d-fd96-469a-9353-68e47138e5ff:192.168.157.252:45025, 1eca16cc-5184-4e43-8e55-175d1516eae4:192.168.157.252:41127, 74a8fb36-eab9-4c53-b7cf-c565055de05a:192.168.157.252:42370], old=null
2019-11-05 11:28:29,033 [f7e9932d-fd96-469a-9353-68e47138e5ff@group-21C72E9484D5-LeaderElection103] INFO  impl.RaftServerImpl (RaftServerImpl.java:setRole(184)) - f7e9932d-fd96-469a-9353-68e47138e5ff@group-21C72E9484D5: changes role from CANDIDATE to FOLLOWER at term 57 for DISCOVERED_A_NEW_TERM
2019-11-05 11:28:29,033 [f7e9932d-fd96-469a-9353-68e47138e5ff@group-21C72E9484D5-LeaderElection103] INFO  impl.RoleInfo (RoleInfo.java:shutdownLeaderElection(134)) - f7e9932d-fd96-469a-9353-68e47138e5ff: shutdown LeaderElection
2019-11-05 11:28:29,033 [f7e9932d-fd96-469a-9353-68e47138e5ff@group-21C72E9484D5-LeaderElection103] INFO  impl.RoleInfo (RoleInfo.java:updateAndGet(143)) - f7e9932d-fd96-469a-9353-68e47138e5ff: start FollowerState
2019-11-05 11:28:29,038 [Thread-1140] INFO  impl.FollowerState (FollowerState.java:run(108)) - 687f579d-1680-4dd5-8b24-01f078298cef@group-E95DC8E8582E-FollowerState: change to CANDIDATE, lastRpcTime:31ms, electionTimeout:31ms
2019-11-05 11:28:29,038 [Thread-1140] INFO  impl.RoleInfo (RoleInfo.java:shutdownFollowerState(121)) - 687f579d-1680-4dd5-8b24-01f078298cef: shutdown FollowerState
2019-11-05 11:28:29,038 [Thread-1140] INFO  impl.RaftServerImpl (RaftServerImpl.java:setRole(184)) - 687f579d-1680-4dd5-8b24-01f078298cef@group-E95DC8E8582E: changes role from  FOLLOWER to CANDIDATE at term 68 for changeToCandidate
2019-11-05 11:28:29,038 [Thread-1140] INFO  impl.RoleInfo (RoleInfo.java:updateAndGet(143)) - 687f579d-1680-4dd5-8b24-01f078298cef: start LeaderElection
2019-11-05 11:28:29,058 [Thread-1145] INFO  impl.FollowerState (FollowerState.java:run(108)) - f7e9932d-fd96-469a-9353-68e47138e5ff@group-21C72E9484D5-FollowerState: change to CANDIDATE, lastRpcTime:25ms, electionTimeout:25ms
2019-11-05 11:28:29,059 [Thread-1145] INFO  impl.RoleInfo (RoleInfo.java:shutdownFollowerState(121)) - f7e9932d-fd96-469a-9353-68e47138e5ff: shutdown FollowerState
2019-11-05 11:28:29,059 [Thread-1145] INFO  impl.RaftServerImpl (RaftServerImpl.java:setRole(184)) - f7e9932d-fd96-469a-9353-68e47138e5ff@group-21C72E9484D5: changes role from  FOLLOWER to CANDIDATE at term 57 for changeToCandidate
2019-11-05 11:28:29,059 [Thread-1145] INFO  impl.RoleInfo (RoleInfo.java:updateAndGet(143)) - f7e9932d-fd96-469a-9353-68e47138e5ff: start LeaderElection
2019-11-05 11:28:29,067 [f7e9932d-fd96-469a-9353-68e47138e5ff@group-21C72E9484D5-LeaderElection105] INFO  impl.LeaderElection (LeaderElection.java:askForVotes(178)) - f7e9932d-fd96-469a-9353-68e47138e5ff@group-21C72E9484D5-LeaderElection105: begin an election at term 58 for -1: [f7e9932d-fd96-469a-9353-68e47138e5ff:192.168.157.252:45025, 1eca16cc-5184-4e43-8e55-175d1516eae4:192.168.157.252:41127, 74a8fb36-eab9-4c53-b7cf-c565055de05a:192.168.157.252:42370], old=null
2019-11-05 11:28:29,068 [687f579d-1680-4dd5-8b24-01f078298cef@group-E95DC8E8582E-LeaderElection104] INFO  impl.LeaderElection (LeaderElection.java:askForVotes(178)) - 687f579d-1680-4dd5-8b24-01f078298cef@group-E95DC8E8582E-LeaderElection104: begin an election at term 69 for -1: [90ecfa43-dab6-49d9-b30c-40ef62bfdf2a:192.168.157.252:34192, 687f579d-1680-4dd5-8b24-01f078298cef:192.168.157.252:37962, b8bf4e9b-064a-4520-981c-d6c40c833497:192.168.157.252:43407], old=null
2019-11-05 11:28:29,083 [grpc-default-executor-9] INFO  impl.RaftServerImpl (RaftServerImpl.java:setRole(184)) - 74a8fb36-eab9-4c53-b7cf-c565055de05a@group-21C72E9484D5: changes role from  FOLLOWER to FOLLOWER at term 58 for recognizeCandidate:f7e9932d-fd96-469a-9353-68e47138e5ff
2019-11-05 11:28:29,083 [grpc-default-executor-9] INFO  impl.RoleInfo (RoleInfo.java:shutdownFollowerState(121)) - 74a8fb36-eab9-4c53-b7cf-c565055de05a: shutdown FollowerState
2019-11-05 11:28:29,083 [grpc-default-executor-9] INFO  impl.RoleInfo (RoleInfo.java:updateAndGet(143)) - 74a8fb36-eab9-4c53-b7cf-c565055de05a: start FollowerState
2019-11-05 11:28:29,084 [Thread-1144] INFO  impl.FollowerState (FollowerState.java:run(117)) - 74a8fb36-eab9-4c53-b7cf-c565055de05a@group-21C72E9484D5-FollowerState was interrupted: java.lang.InterruptedException: sleep interrupted
2019-11-05 11:28:29,089 [grpc-default-executor-11] INFO  impl.RaftServerImpl (RaftServerImpl.java:setRole(184)) - 1eca16cc-5184-4e43-8e55-175d1516eae4@group-21C72E9484D5: changes role from  FOLLOWER to FOLLOWER at term 58 for recognizeCandidate:f7e9932d-fd96-469a-9353-68e47138e5ff
2019-11-05 11:28:29,089 [grpc-default-executor-11] INFO  impl.RoleInfo (RoleInfo.java:shutdownFollowerState(121)) - 1eca16cc-5184-4e43-8e55-175d1516eae4: shutdown FollowerState
2019-11-05 11:28:29,089 [grpc-default-executor-11] INFO  impl.RoleInfo (RoleInfo.java:updateAndGet(143)) - 1eca16cc-5184-4e43-8e55-175d1516eae4: start FollowerState
2019-11-05 11:28:29,090 [Thread-1143] INFO  impl.FollowerState (FollowerState.java:run(117)) - 1eca16cc-5184-4e43-8e55-175d1516eae4@group-21C72E9484D5-FollowerState was interrupted: java.lang.InterruptedException: sleep interrupted
2019-11-05 11:28:29,134 [grpc-default-executor-1] INFO  impl.RaftServerImpl (RaftServerImpl.java:setRole(184)) - 90ecfa43-dab6-49d9-b30c-40ef62bfdf2a@group-E95DC8E8582E: changes role from  FOLLOWER to FOLLOWER at term 69 for recognizeCandidate:687f579d-1680-4dd5-8b24-01f078298cef
2019-11-05 11:28:29,134 [grpc-default-executor-1] INFO  impl.RoleInfo (RoleInfo.java:shutdownFollowerState(121)) - 90ecfa43-dab6-49d9-b30c-40ef62bfdf2a: shutdown FollowerState
2019-11-05 11:28:29,134 [grpc-default-executor-11] INFO  impl.RaftServerImpl (RaftServerImpl.java:setRole(184)) - b8bf4e9b-064a-4520-981c-d6c40c833497@group-E95DC8E8582E: changes role from  FOLLOWER to FOLLOWER at term 69 for recognizeCandidate:687f579d-1680-4dd5-8b24-01f078298cef
2019-11-05 11:28:29,134 [Thread-1135] INFO  impl.FollowerState (FollowerState.java:run(117)) - 90ecfa43-dab6-49d9-b30c-40ef62bfdf2a@group-E95DC8E8582E-FollowerState was interrupted: java.lang.InterruptedException: sleep interrupted
2019-11-05 11:28:29,134 [grpc-default-executor-1] INFO  impl.RoleInfo (RoleInfo.java:updateAndGet(143)) - 90ecfa43-dab6-49d9-b30c-40ef62bfdf2a: start FollowerState
2019-11-05 11:28:29,134 [grpc-default-executor-11] INFO  impl.RoleInfo (RoleInfo.java:shutdownFollowerState(121)) - b8bf4e9b-064a-4520-981c-d6c40c833497: shutdown FollowerState
2019-11-05 11:28:29,135 [grpc-default-executor-11] INFO  impl.RoleInfo (RoleInfo.java:updateAndGet(143)) - b8bf4e9b-064a-4520-981c-d6c40c833497: start FollowerState
2019-11-05 11:28:29,135 [Thread-1136] INFO  impl.FollowerState (FollowerState.java:run(117)) - b8bf4e9b-064a-4520-981c-d6c40c833497@group-E95DC8E8582E-FollowerState was interrupted: java.lang.InterruptedException: sleep interrupted
2019-11-05 11:28:29,143 [f7e9932d-fd96-469a-9353-68e47138e5ff@group-21C72E9484D5-LeaderElection105] INFO  impl.LeaderElection (LeaderElection.java:logAndReturn(56)) - f7e9932d-fd96-469a-9353-68e47138e5ff@group-21C72E9484D5-LeaderElection105: Election REJECTED; received 2 response(s) [f7e9932d-fd96-469a-9353-68e47138e5ff<-1eca16cc-5184-4e43-8e55-175d1516eae4#0:FAIL-t58, f7e9932d-fd96-469a-9353-68e47138e5ff<-74a8fb36-eab9-4c53-b7cf-c565055de05a#0:FAIL-t58] and 0 exception(s); f7e9932d-fd96-469a-9353-68e47138e5ff@group-21C72E9484D5:t58, leader=null, voted=f7e9932d-fd96-469a-9353-68e47138e5ff, raftlog=f7e9932d-fd96-469a-9353-68e47138e5ff@group-21C72E9484D5-SegmentedRaftLog:OPENED:c-1,f-1,i0, conf=-1: [f7e9932d-fd96-469a-9353-68e47138e5ff:192.168.157.252:45025, 1eca16cc-5184-4e43-8e55-175d1516eae4:192.168.157.252:41127, 74a8fb36-eab9-4c53-b7cf-c565055de05a:192.168.157.252:42370], old=null
2019-11-05 11:28:29,144 [f7e9932d-fd96-469a-9353-68e47138e5ff@group-21C72E9484D5-LeaderElection105] INFO  impl.RaftServerImpl (RaftServerImpl.java:setRole(184)) - f7e9932d-fd96-469a-9353-68e47138e5ff@group-21C72E9484D5: changes role from CANDIDATE to FOLLOWER at term 58 for DISCOVERED_A_NEW_TERM
2019-11-05 11:28:29,144 [f7e9932d-fd96-469a-9353-68e47138e5ff@group-21C72E9484D5-LeaderElection105] INFO  impl.RoleInfo (RoleInfo.java:shutdownLeaderElection(134)) - f7e9932d-fd96-469a-9353-68e47138e5ff: shutdown LeaderElection
2019-11-05 11:28:29,144 [f7e9932d-fd96-469a-9353-68e47138e5ff@group-21C72E9484D5-LeaderElection105] INFO  impl.RoleInfo (RoleInfo.java:updateAndGet(143)) - f7e9932d-fd96-469a-9353-68e47138e5ff: start FollowerState
2019-11-05 11:28:29,151 [687f579d-1680-4dd5-8b24-01f078298cef@group-E95DC8E8582E-LeaderElection104] INFO  impl.LeaderElection (LeaderElection.java:logAndReturn(56)) - 687f579d-1680-4dd5-8b24-01f078298cef@group-E95DC8E8582E-LeaderElection104: Election REJECTED; received 2 response(s) [687f579d-1680-4dd5-8b24-01f078298cef<-90ecfa43-dab6-49d9-b30c-40ef62bfdf2a#0:FAIL-t69, 687f579d-1680-4dd5-8b24-01f078298cef<-b8bf4e9b-064a-4520-981c-d6c40c833497#0:FAIL-t69] and 0 exception(s); 687f579d-1680-4dd5-8b24-01f078298cef@group-E95DC8E8582E:t69, leader=null, voted=687f579d-1680-4dd5-8b24-01f078298cef, raftlog=687f579d-1680-4dd5-8b24-01f078298cef@group-E95DC8E8582E-SegmentedRaftLog:OPENED:c-1,f-1,i0, conf=-1: [90ecfa43-dab6-49d9-b30c-40ef62bfdf2a:192.168.157.252:34192, 687f579d-1680-4dd5-8b24-01f078298cef:192.168.157.252:37962, b8bf4e9b-064a-4520-981c-d6c40c833497:192.168.157.252:43407], old=null
2019-11-05 11:28:29,151 [687f579d-1680-4dd5-8b24-01f078298cef@group-E95DC8E8582E-LeaderElection104] INFO  impl.RaftServerImpl (RaftServerImpl.java:setRole(184)) - 687f579d-1680-4dd5-8b24-01f078298cef@group-E95DC8E8582E: changes role from CANDIDATE to FOLLOWER at term 69 for DISCOVERED_A_NEW_TERM
2019-11-05 11:28:29,151 [687f579d-1680-4dd5-8b24-01f078298cef@group-E95DC8E8582E-LeaderElection104] INFO  impl.RoleInfo (RoleInfo.java:shutdownLeaderElection(134)) - 687f579d-1680-4dd5-8b24-01f078298cef: shutdown LeaderElection
2019-11-05 11:28:29,151 [687f579d-1680-4dd5-8b24-01f078298cef@group-E95DC8E8582E-LeaderElection104] INFO  impl.RoleInfo (RoleInfo.java:updateAndGet(143)) - 687f579d-1680-4dd5-8b24-01f078298cef: start FollowerState
2019-11-05 11:28:29,325 [Thread-1160] INFO  impl.FollowerState (FollowerState.java:run(108)) - 687f579d-1680-4dd5-8b24-01f078298cef@group-E95DC8E8582E-FollowerState: change to CANDIDATE, lastRpcTime:173ms, electionTimeout:173ms
2019-11-05 11:28:29,325 [Thread-1160] INFO  impl.RoleInfo (RoleInfo.java:shutdownFollowerState(121)) - 687f579d-1680-4dd5-8b24-01f078298cef: shutdown FollowerState
2019-11-05 11:28:29,325 [Thread-1160] INFO  impl.RaftServerImpl (RaftServerImpl.java:setRole(184)) - 687f579d-1680-4dd5-8b24-01f078298cef@group-E95DC8E8582E: changes role from  FOLLOWER to CANDIDATE at term 69 for changeToCandidate
2019-11-05 11:28:29,325 [Thread-1160] INFO  impl.RoleInfo (RoleInfo.java:updateAndGet(143)) - 687f579d-1680-4dd5-8b24-01f078298cef: start LeaderElection
2019-11-05 11:28:29,329 [Thread-1159] INFO  impl.FollowerState (FollowerState.java:run(108)) - f7e9932d-fd96-469a-9353-68e47138e5ff@group-21C72E9484D5-FollowerState: change to CANDIDATE, lastRpcTime:184ms, electionTimeout:184ms
2019-11-05 11:28:29,329 [Thread-1159] INFO  impl.RoleInfo (RoleInfo.java:shutdownFollowerState(121)) - f7e9932d-fd96-469a-9353-68e47138e5ff: shutdown FollowerState
2019-11-05 11:28:29,329 [Thread-1159] INFO  impl.RaftServerImpl (RaftServerImpl.java:setRole(184)) - f7e9932d-fd96-469a-9353-68e47138e5ff@group-21C72E9484D5: changes role from  FOLLOWER to CANDIDATE at term 58 for changeToCandidate
2019-11-05 11:28:29,329 [Thread-1159] INFO  impl.RoleInfo (RoleInfo.java:updateAndGet(143)) - f7e9932d-fd96-469a-9353-68e47138e5ff: start LeaderElection
2019-11-05 11:28:29,333 [687f579d-1680-4dd5-8b24-01f078298cef@group-E95DC8E8582E-LeaderElection106] INFO  impl.LeaderElection (LeaderElection.java:askForVotes(178)) - 687f579d-1680-4dd5-8b24-01f078298cef@group-E95DC8E8582E-LeaderElection106: begin an election at term 70 for -1: [90ecfa43-dab6-49d9-b30c-40ef62bfdf2a:192.168.157.252:34192, 687f579d-1680-4dd5-8b24-01f078298cef:192.168.157.252:37962, b8bf4e9b-064a-4520-981c-d6c40c833497:192.168.157.252:43407], old=null
2019-11-05 11:28:29,334 [f7e9932d-fd96-469a-9353-68e47138e5ff@group-21C72E9484D5-LeaderElection107] INFO  impl.LeaderElection (LeaderElection.java:askForVotes(178)) - f7e9932d-fd96-469a-9353-68e47138e5ff@group-21C72E9484D5-LeaderElection107: begin an election at term 59 for -1: [f7e9932d-fd96-469a-9353-68e47138e5ff:192.168.157.252:45025, 1eca16cc-5184-4e43-8e55-175d1516eae4:192.168.157.252:41127, 74a8fb36-eab9-4c53-b7cf-c565055de05a:192.168.157.252:42370], old=null
2019-11-05 11:28:29,336 [grpc-default-executor-1] INFO  impl.RaftServerImpl (RaftServerImpl.java:setRole(184)) - b8bf4e9b-064a-4520-981c-d6c40c833497@group-E95DC8E8582E: changes role from  FOLLOWER to FOLLOWER at term 70 for recognizeCandidate:687f579d-1680-4dd5-8b24-01f078298cef
2019-11-05 11:28:29,336 [grpc-default-executor-11] INFO  impl.RaftServerImpl (RaftServerImpl.java:setRole(184)) - 1eca16cc-5184-4e43-8e55-175d1516eae4@group-21C72E9484D5: changes role from  FOLLOWER to FOLLOWER at term 59 for recognizeCandidate:f7e9932d-fd96-469a-9353-68e47138e5ff
2019-11-05 11:28:29,337 [grpc-default-executor-11] INFO  impl.RoleInfo (RoleInfo.java:shutdownFollowerState(121)) - 1eca16cc-5184-4e43-8e55-175d1516eae4: shutdown FollowerState
2019-11-05 11:28:29,337 [grpc-default-executor-11] INFO  impl.RoleInfo (RoleInfo.java:updateAndGet(143)) - 1eca16cc-5184-4e43-8e55-175d1516eae4: start FollowerState
2019-11-05 11:28:29,337 [Thread-1155] INFO  impl.FollowerState (FollowerState.java:run(117)) - 1eca16cc-5184-4e43-8e55-175d1516eae4@group-21C72E9484D5-FollowerState was interrupted: java.lang.InterruptedException: sleep interrupted
2019-11-05 11:28:29,337 [grpc-default-executor-9] INFO  impl.RaftServerImpl (RaftServerImpl.java:setRole(184)) - 74a8fb36-eab9-4c53-b7cf-c565055de05a@group-21C72E9484D5: changes role from  FOLLOWER to FOLLOWER at term 59 for recognizeCandidate:f7e9932d-fd96-469a-9353-68e47138e5ff
2019-11-05 11:28:29,337 [grpc-default-executor-9] INFO  impl.RoleInfo (RoleInfo.java:shutdownFollowerState(121)) - 74a8fb36-eab9-4c53-b7cf-c565055de05a: shutdown FollowerState
2019-11-05 11:28:29,336 [grpc-default-executor-1] INFO  impl.RoleInfo (RoleInfo.java:shutdownFollowerState(121)) - b8bf4e9b-064a-4520-981c-d6c40c833497: shutdown FollowerState
2019-11-05 11:28:29,338 [grpc-default-executor-1] INFO  impl.RoleInfo (RoleInfo.java:updateAndGet(143)) - b8bf4e9b-064a-4520-981c-d6c40c833497: start FollowerState
2019-11-05 11:28:29,338 [Thread-1158] INFO  impl.FollowerState (FollowerState.java:run(117)) - b8bf4e9b-064a-4520-981c-d6c40c833497@group-E95DC8E8582E-FollowerState was interrupted: java.lang.InterruptedException: sleep interrupted
2019-11-05 11:28:29,339 [grpc-default-executor-9] INFO  impl.RoleInfo (RoleInfo.java:updateAndGet(143)) - 74a8fb36-eab9-4c53-b7cf-c565055de05a: start FollowerState
2019-11-05 11:28:29,339 [Thread-1154] INFO  impl.FollowerState (FollowerState.java:run(117)) - 74a8fb36-eab9-4c53-b7cf-c565055de05a@group-21C72E9484D5-FollowerState was interrupted: java.lang.InterruptedException: sleep interrupted
2019-11-05 11:28:29,340 [grpc-default-executor-2] INFO  impl.RaftServerImpl (RaftServerImpl.java:setRole(184)) - 90ecfa43-dab6-49d9-b30c-40ef62bfdf2a@group-E95DC8E8582E: changes role from  FOLLOWER to FOLLOWER at term 70 for recognizeCandidate:687f579d-1680-4dd5-8b24-01f078298cef
2019-11-05 11:28:29,340 [grpc-default-executor-2] INFO  impl.RoleInfo (RoleInfo.java:shutdownFollowerState(121)) - 90ecfa43-dab6-49d9-b30c-40ef62bfdf2a: shutdown FollowerState
2019-11-05 11:28:29,340 [grpc-default-executor-2] INFO  impl.RoleInfo (RoleInfo.java:updateAndGet(143)) - 90ecfa43-dab6-49d9-b30c-40ef62bfdf2a: start FollowerState
2019-11-05 11:28:29,341 [687f579d-1680-4dd5-8b24-01f078298cef@group-E95DC8E8582E-LeaderElection106] INFO  impl.LeaderElection (LeaderElection.java:logAndReturn(56)) - 687f579d-1680-4dd5-8b24-01f078298cef@group-E95DC8E8582E-LeaderElection106: Election TIMEOUT; received 0 response(s) [] and 0 exception(s); 687f579d-1680-4dd5-8b24-01f078298cef@group-E95DC8E8582E:t70, leader=null, voted=687f579d-1680-4dd5-8b24-01f078298cef, raftlog=687f579d-1680-4dd5-8b24-01f078298cef@group-E95DC8E8582E-SegmentedRaftLog:OPENED:c-1,f-1,i0, conf=-1: [90ecfa43-dab6-49d9-b30c-40ef62bfdf2a:192.168.157.252:34192, 687f579d-1680-4dd5-8b24-01f078298cef:192.168.157.252:37962, b8bf4e9b-064a-4520-981c-d6c40c833497:192.168.157.252:43407], old=null
2019-11-05 11:28:29,342 [Thread-1157] INFO  impl.FollowerState (FollowerState.java:run(117)) - 90ecfa43-dab6-49d9-b30c-40ef62bfdf2a@group-E95DC8E8582E-FollowerState was interrupted: java.lang.InterruptedException: sleep interrupted
2019-11-05 11:28:29,347 [687f579d-1680-4dd5-8b24-01f078298cef@group-E95DC8E8582E-LeaderElection106] INFO  impl.LeaderElection (LeaderElection.java:askForVotes(178)) - 687f579d-1680-4dd5-8b24-01f078298cef@group-E95DC8E8582E-LeaderElection106: begin an election at term 71 for -1: [90ecfa43-dab6-49d9-b30c-40ef62bfdf2a:192.168.157.252:34192, 687f579d-1680-4dd5-8b24-01f078298cef:192.168.157.252:37962, b8bf4e9b-064a-4520-981c-d6c40c833497:192.168.157.252:43407], old=null
2019-11-05 11:28:29,350 [grpc-default-executor-9] INFO  impl.RaftServerImpl (RaftServerImpl.java:setRole(184)) - b8bf4e9b-064a-4520-981c-d6c40c833497@group-E95DC8E8582E: changes role from  FOLLOWER to FOLLOWER at term 71 for recognizeCandidate:687f579d-1680-4dd5-8b24-01f078298cef
2019-11-05 11:28:29,351 [grpc-default-executor-9] INFO  impl.RoleInfo (RoleInfo.java:shutdownFollowerState(121)) - b8bf4e9b-064a-4520-981c-d6c40c833497: shutdown FollowerState
2019-11-05 11:28:29,351 [grpc-default-executor-9] INFO  impl.RoleInfo (RoleInfo.java:updateAndGet(143)) - b8bf4e9b-064a-4520-981c-d6c40c833497: start FollowerState
2019-11-05 11:28:29,351 [Thread-1168] INFO  impl.FollowerState (FollowerState.java:run(117)) - b8bf4e9b-064a-4520-981c-d6c40c833497@group-E95DC8E8582E-FollowerState was interrupted: java.lang.InterruptedException: sleep interrupted
2019-11-05 11:28:29,351 [grpc-default-executor-11] INFO  impl.RaftServerImpl (RaftServerImpl.java:setRole(184)) - 90ecfa43-dab6-49d9-b30c-40ef62bfdf2a@group-E95DC8E8582E: changes role from  FOLLOWER to FOLLOWER at term 71 for recognizeCandidate:687f579d-1680-4dd5-8b24-01f078298cef
2019-11-05 11:28:29,351 [grpc-default-executor-11] INFO  impl.RoleInfo (RoleInfo.java:shutdownFollowerState(121)) - 90ecfa43-dab6-49d9-b30c-40ef62bfdf2a: shutdown FollowerState
2019-11-05 11:28:29,352 [grpc-default-executor-11] INFO  impl.RoleInfo (RoleInfo.java:updateAndGet(143)) - 90ecfa43-dab6-49d9-b30c-40ef62bfdf2a: start FollowerState
2019-11-05 11:28:29,352 [Thread-1170] INFO  impl.FollowerState (FollowerState.java:run(117)) - 90ecfa43-dab6-49d9-b30c-40ef62bfdf2a@group-E95DC8E8582E-FollowerState was interrupted: java.lang.InterruptedException: sleep interrupted
2019-11-05 11:28:29,357 [f7e9932d-fd96-469a-9353-68e47138e5ff@group-21C72E9484D5-LeaderElection107] INFO  impl.LeaderElection (LeaderElection.java:logAndReturn(56)) - f7e9932d-fd96-469a-9353-68e47138e5ff@group-21C72E9484D5-LeaderElection107: Election TIMEOUT; received 1 response(s) [f7e9932d-fd96-469a-9353-68e47138e5ff<-74a8fb36-eab9-4c53-b7cf-c565055de05a#0:FAIL-t59] and 0 exception(s); f7e9932d-fd96-469a-9353-68e47138e5ff@group-21C72E9484D5:t59, leader=null, voted=f7e9932d-fd96-469a-9353-68e47138e5ff, raftlog=f7e9932d-fd96-469a-9353-68e47138e5ff@group-21C72E9484D5-SegmentedRaftLog:OPENED:c-1,f-1,i0, conf=-1: [f7e9932d-fd96-469a-9353-68e47138e5ff:192.168.157.252:45025, 1eca16cc-5184-4e43-8e55-175d1516eae4:192.168.157.252:41127, 74a8fb36-eab9-4c53-b7cf-c565055de05a:192.168.157.252:42370], old=null
2019-11-05 11:28:29,361 [687f579d-1680-4dd5-8b24-01f078298cef@group-E95DC8E8582E-LeaderElection106] INFO  impl.LeaderElection (LeaderElection.java:logAndReturn(56)) - 687f579d-1680-4dd5-8b24-01f078298cef@group-E95DC8E8582E-LeaderElection106: Election REJECTED; received 2 response(s) [687f579d-1680-4dd5-8b24-01f078298cef<-90ecfa43-dab6-49d9-b30c-40ef62bfdf2a#0:FAIL-t71, 687f579d-1680-4dd5-8b24-01f078298cef<-b8bf4e9b-064a-4520-981c-d6c40c833497#0:FAIL-t71] and 0 exception(s); 687f579d-1680-4dd5-8b24-01f078298cef@group-E95DC8E8582E:t71, leader=null, voted=687f579d-1680-4dd5-8b24-01f078298cef, raftlog=687f579d-1680-4dd5-8b24-01f078298cef@group-E95DC8E8582E-SegmentedRaftLog:OPENED:c-1,f-1,i0, conf=-1: [90ecfa43-dab6-49d9-b30c-40ef62bfdf2a:192.168.157.252:34192, 687f579d-1680-4dd5-8b24-01f078298cef:192.168.157.252:37962, b8bf4e9b-064a-4520-981c-d6c40c833497:192.168.157.252:43407], old=null
2019-11-05 11:28:29,361 [687f579d-1680-4dd5-8b24-01f078298cef@group-E95DC8E8582E-LeaderElection106] INFO  impl.RaftServerImpl (RaftServerImpl.java:setRole(184)) - 687f579d-1680-4dd5-8b24-01f078298cef@group-E95DC8E8582E: changes role from CANDIDATE to FOLLOWER at term 71 for DISCOVERED_A_NEW_TERM
2019-11-05 11:28:29,361 [687f579d-1680-4dd5-8b24-01f078298cef@group-E95DC8E8582E-LeaderElection106] INFO  impl.RoleInfo (RoleInfo.java:shutdownLeaderElection(134)) - 687f579d-1680-4dd5-8b24-01f078298cef: shutdown LeaderElection
2019-11-05 11:28:29,361 [687f579d-1680-4dd5-8b24-01f078298cef@group-E95DC8E8582E-LeaderElection106] INFO  impl.RoleInfo (RoleInfo.java:updateAndGet(143)) - 687f579d-1680-4dd5-8b24-01f078298cef: start FollowerState
2019-11-05 11:28:29,367 [f7e9932d-fd96-469a-9353-68e47138e5ff@group-21C72E9484D5-LeaderElection107] INFO  impl.LeaderElection (LeaderElection.java:askForVotes(178)) - f7e9932d-fd96-469a-9353-68e47138e5ff@group-21C72E9484D5-LeaderElection107: begin an election at term 60 for -1: [f7e9932d-fd96-469a-9353-68e47138e5ff:192.168.157.252:45025, 1eca16cc-5184-4e43-8e55-175d1516eae4:192.168.157.252:41127, 74a8fb36-eab9-4c53-b7cf-c565055de05a:192.168.157.252:42370], old=null
2019-11-05 11:28:29,369 [grpc-default-executor-9] INFO  impl.RaftServerImpl (RaftServerImpl.java:setRole(184)) - 1eca16cc-5184-4e43-8e55-175d1516eae4@group-21C72E9484D5: changes role from  FOLLOWER to FOLLOWER at term 60 for recognizeCandidate:f7e9932d-fd96-469a-9353-68e47138e5ff
2019-11-05 11:28:29,370 [grpc-default-executor-9] INFO  impl.RoleInfo (RoleInfo.java:shutdownFollowerState(121)) - 1eca16cc-5184-4e43-8e55-175d1516eae4: shutdown FollowerState
2019-11-05 11:28:29,369 [grpc-default-executor-11] INFO  impl.RaftServerImpl (RaftServerImpl.java:setRole(184)) - 74a8fb36-eab9-4c53-b7cf-c565055de05a@group-21C72E9484D5: changes role from  FOLLOWER to FOLLOWER at term 60 for recognizeCandidate:f7e9932d-fd96-469a-9353-68e47138e5ff
2019-11-05 11:28:29,370 [grpc-default-executor-11] INFO  impl.RoleInfo (RoleInfo.java:shutdownFollowerState(121)) - 74a8fb36-eab9-4c53-b7cf-c565055de05a: shutdown FollowerState
2019-11-05 11:28:29,370 [grpc-default-executor-9] INFO  impl.RoleInfo (RoleInfo.java:updateAndGet(143)) - 1eca16cc-5184-4e43-8e55-175d1516eae4: start FollowerState
2019-11-05 11:28:29,370 [Thread-1169] INFO  impl.FollowerState (FollowerState.java:run(117)) - 74a8fb36-eab9-4c53-b7cf-c565055de05a@group-21C72E9484D5-FollowerState was interrupted: java.lang.InterruptedException: sleep interrupted
2019-11-05 11:28:29,370 [grpc-default-executor-11] INFO  impl.RoleInfo (RoleInfo.java:updateAndGet(143)) - 74a8fb36-eab9-4c53-b7cf-c565055de05a: start FollowerState
2019-11-05 11:28:29,370 [Thread-1167] INFO  impl.FollowerState (FollowerState.java:run(117)) - 1eca16cc-5184-4e43-8e55-175d1516eae4@group-21C72E9484D5-FollowerState was interrupted: java.lang.InterruptedException: sleep interrupted
2019-11-05 11:28:29,389 [f7e9932d-fd96-469a-9353-68e47138e5ff@group-21C72E9484D5-LeaderElection107] INFO  impl.LeaderElection (LeaderElection.java:logAndReturn(56)) - f7e9932d-fd96-469a-9353-68e47138e5ff@group-21C72E9484D5-LeaderElection107: Election REJECTED; received 2 response(s) [f7e9932d-fd96-469a-9353-68e47138e5ff<-1eca16cc-5184-4e43-8e55-175d1516eae4#0:FAIL-t60, f7e9932d-fd96-469a-9353-68e47138e5ff<-74a8fb36-eab9-4c53-b7cf-c565055de05a#0:FAIL-t60] and 0 exception(s); f7e9932d-fd96-469a-9353-68e47138e5ff@group-21C72E9484D5:t60, leader=null, voted=f7e9932d-fd96-469a-9353-68e47138e5ff, raftlog=f7e9932d-fd96-469a-9353-68e47138e5ff@group-21C72E9484D5-SegmentedRaftLog:OPENED:c-1,f-1,i0, conf=-1: [f7e9932d-fd96-469a-9353-68e47138e5ff:192.168.157.252:45025, 1eca16cc-5184-4e43-8e55-175d1516eae4:192.168.157.252:41127, 74a8fb36-eab9-4c53-b7cf-c565055de05a:192.168.157.252:42370], old=null
2019-11-05 11:28:29,389 [f7e9932d-fd96-469a-9353-68e47138e5ff@group-21C72E9484D5-LeaderElection107] INFO  impl.RaftServerImpl (RaftServerImpl.java:setRole(184)) - f7e9932d-fd96-469a-9353-68e47138e5ff@group-21C72E9484D5: changes role from CANDIDATE to FOLLOWER at term 60 for DISCOVERED_A_NEW_TERM
2019-11-05 11:28:29,389 [f7e9932d-fd96-469a-9353-68e47138e5ff@group-21C72E9484D5-LeaderElection107] INFO  impl.RoleInfo (RoleInfo.java:shutdownLeaderElection(134)) - f7e9932d-fd96-469a-9353-68e47138e5ff: shutdown LeaderElection
2019-11-05 11:28:29,390 [f7e9932d-fd96-469a-9353-68e47138e5ff@group-21C72E9484D5-LeaderElection107] INFO  impl.RoleInfo (RoleInfo.java:updateAndGet(143)) - f7e9932d-fd96-469a-9353-68e47138e5ff: start FollowerState
2019-11-05 11:28:29,400 [Thread-1175] INFO  impl.FollowerState (FollowerState.java:run(108)) - 687f579d-1680-4dd5-8b24-01f078298cef@group-E95DC8E8582E-FollowerState: change to CANDIDATE, lastRpcTime:38ms, electionTimeout:38ms
2019-11-05 11:28:29,400 [Thread-1175] INFO  impl.RoleInfo (RoleInfo.java:shutdownFollowerState(121)) - 687f579d-1680-4dd5-8b24-01f078298cef: shutdown FollowerState
2019-11-05 11:28:29,400 [Thread-1175] INFO  impl.RaftServerImpl (RaftServerImpl.java:setRole(184)) - 687f579d-1680-4dd5-8b24-01f078298cef@group-E95DC8E8582E: changes role from  FOLLOWER to CANDIDATE at term 71 for changeToCandidate
2019-11-05 11:28:29,400 [Thread-1175] INFO  impl.RoleInfo (RoleInfo.java:updateAndGet(143)) - 687f579d-1680-4dd5-8b24-01f078298cef: start LeaderElection
2019-11-05 11:28:29,410 [687f579d-1680-4dd5-8b24-01f078298cef@group-E95DC8E8582E-LeaderElection108] INFO  impl.LeaderElection (LeaderElection.java:askForVotes(178)) - 687f579d-1680-4dd5-8b24-01f078298cef@group-E95DC8E8582E-LeaderElection108: begin an election at term 72 for -1: [90ecfa43-dab6-49d9-b30c-40ef62bfdf2a:192.168.157.252:34192, 687f579d-1680-4dd5-8b24-01f078298cef:192.168.157.252:37962, b8bf4e9b-064a-4520-981c-d6c40c833497:192.168.157.252:43407], old=null
2019-11-05 11:28:29,414 [grpc-default-executor-11] INFO  impl.RaftServerImpl (RaftServerImpl.java:setRole(184)) - 90ecfa43-dab6-49d9-b30c-40ef62bfdf2a@group-E95DC8E8582E: changes role from  FOLLOWER to FOLLOWER at term 72 for recognizeCandidate:687f579d-1680-4dd5-8b24-01f078298cef
2019-11-05 11:28:29,414 [grpc-default-executor-11] INFO  impl.RoleInfo (RoleInfo.java:shutdownFollowerState(121)) - 90ecfa43-dab6-49d9-b30c-40ef62bfdf2a: shutdown FollowerState
2019-11-05 11:28:29,414 [grpc-default-executor-11] INFO  impl.RoleInfo (RoleInfo.java:updateAndGet(143)) - 90ecfa43-dab6-49d9-b30c-40ef62bfdf2a: start FollowerState
2019-11-05 11:28:29,443 [Thread-1174] INFO  impl.FollowerState (FollowerState.java:run(117)) - 90ecfa43-dab6-49d9-b30c-40ef62bfdf2a@group-E95DC8E8582E-FollowerState was interrupted: java.lang.InterruptedException: sleep interrupted
2019-11-05 11:28:29,451 [grpc-default-executor-11] INFO  impl.RaftServerImpl (RaftServerImpl.java:setRole(184)) - b8bf4e9b-064a-4520-981c-d6c40c833497@group-E95DC8E8582E: changes role from  FOLLOWER to FOLLOWER at term 72 for recognizeCandidate:687f579d-1680-4dd5-8b24-01f078298cef
2019-11-05 11:28:29,451 [grpc-default-executor-11] INFO  impl.RoleInfo (RoleInfo.java:shutdownFollowerState(121)) - b8bf4e9b-064a-4520-981c-d6c40c833497: shutdown FollowerState
2019-11-05 11:28:29,451 [grpc-default-executor-11] INFO  impl.RoleInfo (RoleInfo.java:updateAndGet(143)) - b8bf4e9b-064a-4520-981c-d6c40c833497: start FollowerState
2019-11-05 11:28:29,451 [Thread-1173] INFO  impl.FollowerState (FollowerState.java:run(117)) - b8bf4e9b-064a-4520-981c-d6c40c833497@group-E95DC8E8582E-FollowerState was interrupted: java.lang.InterruptedException: sleep interrupted
2019-11-05 11:28:29,464 [687f579d-1680-4dd5-8b24-01f078298cef@group-E95DC8E8582E-LeaderElection108] INFO  impl.LeaderElection (LeaderElection.java:logAndReturn(56)) - 687f579d-1680-4dd5-8b24-01f078298cef@group-E95DC8E8582E-LeaderElection108: Election REJECTED; received 2 response(s) [687f579d-1680-4dd5-8b24-01f078298cef<-90ecfa43-dab6-49d9-b30c-40ef62bfdf2a#0:FAIL-t72, 687f579d-1680-4dd5-8b24-01f078298cef<-b8bf4e9b-064a-4520-981c-d6c40c833497#0:FAIL-t72] and 0 exception(s); 687f579d-1680-4dd5-8b24-01f078298cef@group-E95DC8E8582E:t72, leader=null, voted=687f579d-1680-4dd5-8b24-01f078298cef, raftlog=687f579d-1680-4dd5-8b24-01f078298cef@group-E95DC8E8582E-SegmentedRaftLog:OPENED:c-1,f-1,i0, conf=-1: [90ecfa43-dab6-49d9-b30c-40ef62bfdf2a:192.168.157.252:34192, 687f579d-1680-4dd5-8b24-01f078298cef:192.168.157.252:37962, b8bf4e9b-064a-4520-981c-d6c40c833497:192.168.157.252:43407], old=null
2019-11-05 11:28:29,464 [687f579d-1680-4dd5-8b24-01f078298cef@group-E95DC8E8582E-LeaderElection108] INFO  impl.RaftServerImpl (RaftServerImpl.java:setRole(184)) - 687f579d-1680-4dd5-8b24-01f078298cef@group-E95DC8E8582E: changes role from CANDIDATE to FOLLOWER at term 72 for DISCOVERED_A_NEW_TERM
2019-11-05 11:28:29,464 [687f579d-1680-4dd5-8b24-01f078298cef@group-E95DC8E8582E-LeaderElection108] INFO  impl.RoleInfo (RoleInfo.java:shutdownLeaderElection(134)) - 687f579d-1680-4dd5-8b24-01f078298cef: shutdown LeaderElection
2019-11-05 11:28:29,464 [687f579d-1680-4dd5-8b24-01f078298cef@group-E95DC8E8582E-LeaderElection108] INFO  impl.RoleInfo (RoleInfo.java:updateAndGet(143)) - 687f579d-1680-4dd5-8b24-01f078298cef: start FollowerState
2019-11-05 11:28:29,503 [Thread-1180] INFO  impl.FollowerState (FollowerState.java:run(108)) - f7e9932d-fd96-469a-9353-68e47138e5ff@group-21C72E9484D5-FollowerState: change to CANDIDATE, lastRpcTime:113ms, electionTimeout:113ms
2019-11-05 11:28:29,504 [Thread-1180] INFO  impl.RoleInfo (RoleInfo.java:shutdownFollowerState(121)) - f7e9932d-fd96-469a-9353-68e47138e5ff: shutdown FollowerState
2019-11-05 11:28:29,504 [Thread-1180] INFO  impl.RaftServerImpl (RaftServerImpl.java:setRole(184)) - f7e9932d-fd96-469a-9353-68e47138e5ff@group-21C72E9484D5: changes role from  FOLLOWER to CANDIDATE at term 60 for changeToCandidate
2019-11-05 11:28:29,504 [Thread-1180] INFO  impl.RoleInfo (RoleInfo.java:updateAndGet(143)) - f7e9932d-fd96-469a-9353-68e47138e5ff: start LeaderElection
2019-11-05 11:28:29,516 [f7e9932d-fd96-469a-9353-68e47138e5ff@group-21C72E9484D5-LeaderElection109] INFO  impl.LeaderElection (LeaderElection.java:askForVotes(178)) - f7e9932d-fd96-469a-9353-68e47138e5ff@group-21C72E9484D5-LeaderElection109: begin an election at term 61 for -1: [f7e9932d-fd96-469a-9353-68e47138e5ff:192.168.157.252:45025, 1eca16cc-5184-4e43-8e55-175d1516eae4:192.168.157.252:41127, 74a8fb36-eab9-4c53-b7cf-c565055de05a:192.168.157.252:42370], old=null
2019-11-05 11:28:29,521 [grpc-default-executor-11] INFO  impl.RaftServerImpl (RaftServerImpl.java:setRole(184)) - 74a8fb36-eab9-4c53-b7cf-c565055de05a@group-21C72E9484D5: changes role from  FOLLOWER to FOLLOWER at term 61 for recognizeCandidate:f7e9932d-fd96-469a-9353-68e47138e5ff
2019-11-05 11:28:29,521 [grpc-default-executor-11] INFO  impl.RoleInfo (RoleInfo.java:shutdownFollowerState(121)) - 74a8fb36-eab9-4c53-b7cf-c565055de05a: shutdown FollowerState
2019-11-05 11:28:29,521 [grpc-default-executor-11] INFO  impl.RoleInfo (RoleInfo.java:updateAndGet(143)) - 74a8fb36-eab9-4c53-b7cf-c565055de05a: start FollowerState
2019-11-05 11:28:29,522 [Thread-1179] INFO  impl.FollowerState (FollowerState.java:run(117)) - 74a8fb36-eab9-4c53-b7cf-c565055de05a@group-21C72E9484D5-FollowerState was interrupted: java.lang.InterruptedException: sleep interrupted
2019-11-05 11:28:29,522 [grpc-default-executor-9] INFO  impl.RaftServerImpl (RaftServerImpl.java:setRole(184)) - 1eca16cc-5184-4e43-8e55-175d1516eae4@group-21C72E9484D5: changes role from  FOLLOWER to FOLLOWER at term 61 for recognizeCandidate:f7e9932d-fd96-469a-9353-68e47138e5ff
2019-11-05 11:28:29,522 [grpc-default-executor-9] INFO  impl.RoleInfo (RoleInfo.java:shutdownFollowerState(121)) - 1eca16cc-5184-4e43-8e55-175d1516eae4: shutdown FollowerState
2019-11-05 11:28:29,523 [grpc-default-executor-9] INFO  impl.RoleInfo (RoleInfo.java:updateAndGet(143)) - 1eca16cc-5184-4e43-8e55-175d1516eae4: start FollowerState
2019-11-05 11:28:29,523 [Thread-1178] INFO  impl.FollowerState (FollowerState.java:run(117)) - 1eca16cc-5184-4e43-8e55-175d1516eae4@group-21C72E9484D5-FollowerState was interrupted: java.lang.InterruptedException: sleep interrupted
2019-11-05 11:28:29,543 [f7e9932d-fd96-469a-9353-68e47138e5ff@group-21C72E9484D5-LeaderElection109] INFO  impl.LeaderElection (LeaderElection.java:logAndReturn(56)) - f7e9932d-fd96-469a-9353-68e47138e5ff@group-21C72E9484D5-LeaderElection109: Election REJECTED; received 2 response(s) [f7e9932d-fd96-469a-9353-68e47138e5ff<-1eca16cc-5184-4e43-8e55-175d1516eae4#0:FAIL-t61, f7e9932d-fd96-469a-9353-68e47138e5ff<-74a8fb36-eab9-4c53-b7cf-c565055de05a#0:FAIL-t61] and 0 exception(s); f7e9932d-fd96-469a-9353-68e47138e5ff@group-21C72E9484D5:t61, leader=null, voted=f7e9932d-fd96-469a-9353-68e47138e5ff, raftlog=f7e9932d-fd96-469a-9353-68e47138e5ff@group-21C72E9484D5-SegmentedRaftLog:OPENED:c-1,f-1,i0, conf=-1: [f7e9932d-fd96-469a-9353-68e47138e5ff:192.168.157.252:45025, 1eca16cc-5184-4e43-8e55-175d1516eae4:192.168.157.252:41127, 74a8fb36-eab9-4c53-b7cf-c565055de05a:192.168.157.252:42370], old=null
2019-11-05 11:28:29,544 [f7e9932d-fd96-469a-9353-68e47138e5ff@group-21C72E9484D5-LeaderElection109] INFO  impl.RaftServerImpl (RaftServerImpl.java:setRole(184)) - f7e9932d-fd96-469a-9353-68e47138e5ff@group-21C72E9484D5: changes role from CANDIDATE to FOLLOWER at term 61 for DISCOVERED_A_NEW_TERM
2019-11-05 11:28:29,545 [f7e9932d-fd96-469a-9353-68e47138e5ff@group-21C72E9484D5-LeaderElection109] INFO  impl.RoleInfo (RoleInfo.java:shutdownLeaderElection(134)) - f7e9932d-fd96-469a-9353-68e47138e5ff: shutdown LeaderElection
2019-11-05 11:28:29,545 [f7e9932d-fd96-469a-9353-68e47138e5ff@group-21C72E9484D5-LeaderElection109] INFO  impl.RoleInfo (RoleInfo.java:updateAndGet(143)) - f7e9932d-fd96-469a-9353-68e47138e5ff: start FollowerState
2019-11-05 11:28:29,570 [Thread-1194] INFO  impl.FollowerState (FollowerState.java:run(108)) - f7e9932d-fd96-469a-9353-68e47138e5ff@group-21C72E9484D5-FollowerState: change to CANDIDATE, lastRpcTime:25ms, electionTimeout:25ms
2019-11-05 11:28:29,570 [Thread-1194] INFO  impl.RoleInfo (RoleInfo.java:shutdownFollowerState(121)) - f7e9932d-fd96-469a-9353-68e47138e5ff: shutdown FollowerState
2019-11-05 11:28:29,571 [Thread-1194] INFO  impl.RaftServerImpl (RaftServerImpl.java:setRole(184)) - f7e9932d-fd96-469a-9353-68e47138e5ff@group-21C72E9484D5: changes role from  FOLLOWER to CANDIDATE at term 61 for changeToCandidate
2019-11-05 11:28:29,571 [Thread-1194] INFO  impl.RoleInfo (RoleInfo.java:updateAndGet(143)) - f7e9932d-fd96-469a-9353-68e47138e5ff: start LeaderElection
2019-11-05 11:28:29,580 [Thread-1186] INFO  impl.FollowerState (FollowerState.java:run(108)) - 687f579d-1680-4dd5-8b24-01f078298cef@group-E95DC8E8582E-FollowerState: change to CANDIDATE, lastRpcTime:115ms, electionTimeout:115ms
2019-11-05 11:28:29,580 [Thread-1186] INFO  impl.RoleInfo (RoleInfo.java:shutdownFollowerState(121)) - 687f579d-1680-4dd5-8b24-01f078298cef: shutdown FollowerState
2019-11-05 11:28:29,580 [Thread-1186] INFO  impl.RaftServerImpl (RaftServerImpl.java:setRole(184)) - 687f579d-1680-4dd5-8b24-01f078298cef@group-E95DC8E8582E: changes role from  FOLLOWER to CANDIDATE at term 72 for changeToCandidate
2019-11-05 11:28:29,581 [Thread-1186] INFO  impl.RoleInfo (RoleInfo.java:updateAndGet(143)) - 687f579d-1680-4dd5-8b24-01f078298cef: start LeaderElection
2019-11-05 11:28:29,586 [f7e9932d-fd96-469a-9353-68e47138e5ff@group-21C72E9484D5-LeaderElection110] INFO  impl.LeaderElection (LeaderElection.java:askForVotes(178)) - f7e9932d-fd96-469a-9353-68e47138e5ff@group-21C72E9484D5-LeaderElection110: begin an election at term 62 for -1: [f7e9932d-fd96-469a-9353-68e47138e5ff:192.168.157.252:45025, 1eca16cc-5184-4e43-8e55-175d1516eae4:192.168.157.252:41127, 74a8fb36-eab9-4c53-b7cf-c565055de05a:192.168.157.252:42370], old=null
2019-11-05 11:28:29,586 [687f579d-1680-4dd5-8b24-01f078298cef@group-E95DC8E8582E-LeaderElection111] INFO  impl.LeaderElection (LeaderElection.java:askForVotes(178)) - 687f579d-1680-4dd5-8b24-01f078298cef@group-E95DC8E8582E-LeaderElection111: begin an election at term 73 for -1: [90ecfa43-dab6-49d9-b30c-40ef62bfdf2a:192.168.157.252:34192, 687f579d-1680-4dd5-8b24-01f078298cef:192.168.157.252:37962, b8bf4e9b-064a-4520-981c-d6c40c833497:192.168.157.252:43407], old=null
2019-11-05 11:28:29,588 [grpc-default-executor-11] INFO  impl.RaftServerImpl (RaftServerImpl.java:setRole(184)) - 1eca16cc-5184-4e43-8e55-175d1516eae4@group-21C72E9484D5: changes role from  FOLLOWER to FOLLOWER at term 62 for recognizeCandidate:f7e9932d-fd96-469a-9353-68e47138e5ff
2019-11-05 11:28:29,589 [grpc-default-executor-11] INFO  impl.RoleInfo (RoleInfo.java:shutdownFollowerState(121)) - 1eca16cc-5184-4e43-8e55-175d1516eae4: shutdown FollowerState
2019-11-05 11:28:29,591 [grpc-default-executor-9] INFO  impl.RaftServerImpl (RaftServerImpl.java:setRole(184)) - 74a8fb36-eab9-4c53-b7cf-c565055de05a@group-21C72E9484D5: changes role from  FOLLOWER to FOLLOWER at term 62 for recognizeCandidate:f7e9932d-fd96-469a-9353-68e47138e5ff
2019-11-05 11:28:29,591 [grpc-default-executor-9] INFO  impl.RoleInfo (RoleInfo.java:shutdownFollowerState(121)) - 74a8fb36-eab9-4c53-b7cf-c565055de05a: shutdown FollowerState
2019-11-05 11:28:29,591 [grpc-default-executor-9] INFO  impl.RoleInfo (RoleInfo.java:updateAndGet(143)) - 74a8fb36-eab9-4c53-b7cf-c565055de05a: start FollowerState
2019-11-05 11:28:29,591 [Thread-1191] INFO  impl.FollowerState (FollowerState.java:run(117)) - 74a8fb36-eab9-4c53-b7cf-c565055de05a@group-21C72E9484D5-FollowerState was interrupted: java.lang.InterruptedException: sleep interrupted
2019-11-05 11:28:29,600 [grpc-default-executor-2] INFO  impl.RaftServerImpl (RaftServerImpl.java:setRole(184)) - 90ecfa43-dab6-49d9-b30c-40ef62bfdf2a@group-E95DC8E8582E: changes role from  FOLLOWER to FOLLOWER at term 73 for recognizeCandidate:687f579d-1680-4dd5-8b24-01f078298cef
2019-11-05 11:28:29,600 [grpc-default-executor-2] INFO  impl.RoleInfo (RoleInfo.java:shutdownFollowerState(121)) - 90ecfa43-dab6-49d9-b30c-40ef62bfdf2a: shutdown FollowerState
2019-11-05 11:28:29,604 [grpc-default-executor-11] INFO  impl.RoleInfo (RoleInfo.java:updateAndGet(143)) - 1eca16cc-5184-4e43-8e55-175d1516eae4: start FollowerState
2019-11-05 11:28:29,604 [Thread-1192] INFO  impl.FollowerState (FollowerState.java:run(117)) - 1eca16cc-5184-4e43-8e55-175d1516eae4@group-21C72E9484D5-FollowerState was interrupted: java.lang.InterruptedException: sleep interrupted
2019-11-05 11:28:29,605 [grpc-default-executor-2] INFO  impl.RoleInfo (RoleInfo.java:updateAndGet(143)) - 90ecfa43-dab6-49d9-b30c-40ef62bfdf2a: start FollowerState
2019-11-05 11:28:29,606 [Thread-1184] INFO  impl.FollowerState (FollowerState.java:run(117)) - 90ecfa43-dab6-49d9-b30c-40ef62bfdf2a@group-E95DC8E8582E-FollowerState was interrupted: java.lang.InterruptedException: sleep interrupted
2019-11-05 11:28:29,606 [grpc-default-executor-1] INFO  impl.RaftServerImpl (RaftServerImpl.java:setRole(184)) - b8bf4e9b-064a-4520-981c-d6c40c833497@group-E95DC8E8582E: changes role from  FOLLOWER to FOLLOWER at term 73 for recognizeCandidate:687f579d-1680-4dd5-8b24-01f078298cef
2019-11-05 11:28:29,606 [grpc-default-executor-1] INFO  impl.RoleInfo (RoleInfo.java:shutdownFollowerState(121)) - b8bf4e9b-064a-4520-981c-d6c40c833497: shutdown FollowerState
2019-11-05 11:28:29,607 [grpc-default-executor-1] INFO  impl.RoleInfo (RoleInfo.java:updateAndGet(143)) - b8bf4e9b-064a-4520-981c-d6c40c833497: start FollowerState
2019-11-05 11:28:29,607 [Thread-1185] INFO  impl.FollowerState (FollowerState.java:run(117)) - b8bf4e9b-064a-4520-981c-d6c40c833497@group-E95DC8E8582E-FollowerState was interrupted: java.lang.InterruptedException: sleep interrupted
2019-11-05 11:28:29,617 [687f579d-1680-4dd5-8b24-01f078298cef@group-E95DC8E8582E-LeaderElection111] INFO  impl.LeaderElection (LeaderElection.java:logAndReturn(56)) - 687f579d-1680-4dd5-8b24-01f078298cef@group-E95DC8E8582E-LeaderElection111: Election REJECTED; received 2 response(s) [687f579d-1680-4dd5-8b24-01f078298cef<-90ecfa43-dab6-49d9-b30c-40ef62bfdf2a#0:FAIL-t73, 687f579d-1680-4dd5-8b24-01f078298cef<-b8bf4e9b-064a-4520-981c-d6c40c833497#0:FAIL-t73] and 0 exception(s); 687f579d-1680-4dd5-8b24-01f078298cef@group-E95DC8E8582E:t73, leader=null, voted=687f579d-1680-4dd5-8b24-01f078298cef, raftlog=687f579d-1680-4dd5-8b24-01f078298cef@group-E95DC8E8582E-SegmentedRaftLog:OPENED:c-1,f-1,i0, conf=-1: [90ecfa43-dab6-49d9-b30c-40ef62bfdf2a:192.168.157.252:34192, 687f579d-1680-4dd5-8b24-01f078298cef:192.168.157.252:37962, b8bf4e9b-064a-4520-981c-d6c40c833497:192.168.157.252:43407], old=null
2019-11-05 11:28:29,618 [687f579d-1680-4dd5-8b24-01f078298cef@group-E95DC8E8582E-LeaderElection111] INFO  impl.RaftServerImpl (RaftServerImpl.java:setRole(184)) - 687f579d-1680-4dd5-8b24-01f078298cef@group-E95DC8E8582E: changes role from CANDIDATE to FOLLOWER at term 73 for DISCOVERED_A_NEW_TERM
2019-11-05 11:28:29,618 [687f579d-1680-4dd5-8b24-01f078298cef@group-E95DC8E8582E-LeaderElection111] INFO  impl.RoleInfo (RoleInfo.java:shutdownLeaderElection(134)) - 687f579d-1680-4dd5-8b24-01f078298cef: shutdown LeaderElection
2019-11-05 11:28:29,618 [687f579d-1680-4dd5-8b24-01f078298cef@group-E95DC8E8582E-LeaderElection111] INFO  impl.RoleInfo (RoleInfo.java:updateAndGet(143)) - 687f579d-1680-4dd5-8b24-01f078298cef: start FollowerState
2019-11-05 11:28:29,633 [f7e9932d-fd96-469a-9353-68e47138e5ff@group-21C72E9484D5-LeaderElection110] INFO  impl.LeaderElection (LeaderElection.java:logAndReturn(56)) - f7e9932d-fd96-469a-9353-68e47138e5ff@group-21C72E9484D5-LeaderElection110: Election REJECTED; received 2 response(s) [f7e9932d-fd96-469a-9353-68e47138e5ff<-1eca16cc-5184-4e43-8e55-175d1516eae4#0:FAIL-t62, f7e9932d-fd96-469a-9353-68e47138e5ff<-74a8fb36-eab9-4c53-b7cf-c565055de05a#0:FAIL-t62] and 0 exception(s); f7e9932d-fd96-469a-9353-68e47138e5ff@group-21C72E9484D5:t62, leader=null, voted=f7e9932d-fd96-469a-9353-68e47138e5ff, raftlog=f7e9932d-fd96-469a-9353-68e47138e5ff@group-21C72E9484D5-SegmentedRaftLog:OPENED:c-1,f-1,i0, conf=-1: [f7e9932d-fd96-469a-9353-68e47138e5ff:192.168.157.252:45025, 1eca16cc-5184-4e43-8e55-175d1516eae4:192.168.157.252:41127, 74a8fb36-eab9-4c53-b7cf-c565055de05a:192.168.157.252:42370], old=null
2019-11-05 11:28:29,633 [f7e9932d-fd96-469a-9353-68e47138e5ff@group-21C72E9484D5-LeaderElection110] INFO  impl.RaftServerImpl (RaftServerImpl.java:setRole(184)) - f7e9932d-fd96-469a-9353-68e47138e5ff@group-21C72E9484D5: changes role from CANDIDATE to FOLLOWER at term 62 for DISCOVERED_A_NEW_TERM
2019-11-05 11:28:29,633 [f7e9932d-fd96-469a-9353-68e47138e5ff@group-21C72E9484D5-LeaderElection110] INFO  impl.RoleInfo (RoleInfo.java:shutdownLeaderElection(134)) - f7e9932d-fd96-469a-9353-68e47138e5ff: shutdown LeaderElection
2019-11-05 11:28:29,633 [f7e9932d-fd96-469a-9353-68e47138e5ff@group-21C72E9484D5-LeaderElection110] INFO  impl.RoleInfo (RoleInfo.java:updateAndGet(143)) - f7e9932d-fd96-469a-9353-68e47138e5ff: start FollowerState
2019-11-05 11:28:29,709 [Thread-1205] INFO  impl.FollowerState (FollowerState.java:run(108)) - 687f579d-1680-4dd5-8b24-01f078298cef@group-E95DC8E8582E-FollowerState: change to CANDIDATE, lastRpcTime:90ms, electionTimeout:77ms
2019-11-05 11:28:29,709 [Thread-1205] INFO  impl.RoleInfo (RoleInfo.java:shutdownFollowerState(121)) - 687f579d-1680-4dd5-8b24-01f078298cef: shutdown FollowerState
2019-11-05 11:28:29,709 [Thread-1205] INFO  impl.RaftServerImpl (RaftServerImpl.java:setRole(184)) - 687f579d-1680-4dd5-8b24-01f078298cef@group-E95DC8E8582E: changes role from  FOLLOWER to CANDIDATE at term 73 for changeToCandidate
2019-11-05 11:28:29,709 [Thread-1205] INFO  impl.RoleInfo (RoleInfo.java:updateAndGet(143)) - 687f579d-1680-4dd5-8b24-01f078298cef: start LeaderElection
2019-11-05 11:28:29,717 [687f579d-1680-4dd5-8b24-01f078298cef@group-E95DC8E8582E-LeaderElection112] INFO  impl.LeaderElection (LeaderElection.java:askForVotes(178)) - 687f579d-1680-4dd5-8b24-01f078298cef@group-E95DC8E8582E-LeaderElection112: begin an election at term 74 for -1: [90ecfa43-dab6-49d9-b30c-40ef62bfdf2a:192.168.157.252:34192, 687f579d-1680-4dd5-8b24-01f078298cef:192.168.157.252:37962, b8bf4e9b-064a-4520-981c-d6c40c833497:192.168.157.252:43407], old=null
2019-11-05 11:28:29,720 [grpc-default-executor-2] INFO  impl.RaftServerImpl (RaftServerImpl.java:setRole(184)) - 90ecfa43-dab6-49d9-b30c-40ef62bfdf2a@group-E95DC8E8582E: changes role from  FOLLOWER to FOLLOWER at term 74 for recognizeCandidate:687f579d-1680-4dd5-8b24-01f078298cef
2019-11-05 11:28:29,721 [grpc-default-executor-2] INFO  impl.RoleInfo (RoleInfo.java:shutdownFollowerState(121)) - 90ecfa43-dab6-49d9-b30c-40ef62bfdf2a: shutdown FollowerState
2019-11-05 11:28:29,722 [grpc-default-executor-2] INFO  impl.RoleInfo (RoleInfo.java:updateAndGet(143)) - 90ecfa43-dab6-49d9-b30c-40ef62bfdf2a: start FollowerState
2019-11-05 11:28:29,722 [Thread-1203] INFO  impl.FollowerState (FollowerState.java:run(117)) - 90ecfa43-dab6-49d9-b30c-40ef62bfdf2a@group-E95DC8E8582E-FollowerState was interrupted: java.lang.InterruptedException: sleep interrupted
2019-11-05 11:28:29,726 [grpc-default-executor-11] INFO  impl.RaftServerImpl (RaftServerImpl.java:setRole(184)) - b8bf4e9b-064a-4520-981c-d6c40c833497@group-E95DC8E8582E: changes role from  FOLLOWER to FOLLOWER at term 74 for recognizeCandidate:687f579d-1680-4dd5-8b24-01f078298cef
2019-11-05 11:28:29,726 [grpc-default-executor-11] INFO  impl.RoleInfo (RoleInfo.java:shutdownFollowerState(121)) - b8bf4e9b-064a-4520-981c-d6c40c833497: shutdown FollowerState
2019-11-05 11:28:29,726 [grpc-default-executor-11] INFO  impl.RoleInfo (RoleInfo.java:updateAndGet(143)) - b8bf4e9b-064a-4520-981c-d6c40c833497: start FollowerState
2019-11-05 11:28:29,726 [Thread-1204] INFO  impl.FollowerState (FollowerState.java:run(117)) - b8bf4e9b-064a-4520-981c-d6c40c833497@group-E95DC8E8582E-FollowerState was interrupted: java.lang.InterruptedException: sleep interrupted
2019-11-05 11:28:29,734 [Thread-1206] INFO  impl.FollowerState (FollowerState.java:run(108)) - f7e9932d-fd96-469a-9353-68e47138e5ff@group-21C72E9484D5-FollowerState: change to CANDIDATE, lastRpcTime:101ms, electionTimeout:98ms
2019-11-05 11:28:29,735 [Thread-1206] INFO  impl.RoleInfo (RoleInfo.java:shutdownFollowerState(121)) - f7e9932d-fd96-469a-9353-68e47138e5ff: shutdown FollowerState
2019-11-05 11:28:29,735 [Thread-1206] INFO  impl.RaftServerImpl (RaftServerImpl.java:setRole(184)) - f7e9932d-fd96-469a-9353-68e47138e5ff@group-21C72E9484D5: changes role from  FOLLOWER to CANDIDATE at term 62 for changeToCandidate
2019-11-05 11:28:29,737 [Thread-1206] INFO  impl.RoleInfo (RoleInfo.java:updateAndGet(143)) - f7e9932d-fd96-469a-9353-68e47138e5ff: start LeaderElection
2019-11-05 11:28:29,746 [f7e9932d-fd96-469a-9353-68e47138e5ff@group-21C72E9484D5-LeaderElection113] INFO  impl.LeaderElection (LeaderElection.java:askForVotes(178)) - f7e9932d-fd96-469a-9353-68e47138e5ff@group-21C72E9484D5-LeaderElection113: begin an election at term 63 for -1: [f7e9932d-fd96-469a-9353-68e47138e5ff:192.168.157.252:45025, 1eca16cc-5184-4e43-8e55-175d1516eae4:192.168.157.252:41127, 74a8fb36-eab9-4c53-b7cf-c565055de05a:192.168.157.252:42370], old=null
2019-11-05 11:28:29,748 [687f579d-1680-4dd5-8b24-01f078298cef@group-E95DC8E8582E-LeaderElection112] INFO  impl.LeaderElection (LeaderElection.java:logAndReturn(56)) - 687f579d-1680-4dd5-8b24-01f078298cef@group-E95DC8E8582E-LeaderElection112: Election REJECTED; received 2 response(s) [687f579d-1680-4dd5-8b24-01f078298cef<-90ecfa43-dab6-49d9-b30c-40ef62bfdf2a#0:FAIL-t74, 687f579d-1680-4dd5-8b24-01f078298cef<-b8bf4e9b-064a-4520-981c-d6c40c833497#0:FAIL-t74] and 0 exception(s); 687f579d-1680-4dd5-8b24-01f078298cef@group-E95DC8E8582E:t74, leader=null, voted=687f579d-1680-4dd5-8b24-01f078298cef, raftlog=687f579d-1680-4dd5-8b24-01f078298cef@group-E95DC8E8582E-SegmentedRaftLog:OPENED:c-1,f-1,i0, conf=-1: [90ecfa43-dab6-49d9-b30c-40ef62bfdf2a:192.168.157.252:34192, 687f579d-1680-4dd5-8b24-01f078298cef:192.168.157.252:37962, b8bf4e9b-064a-4520-981c-d6c40c833497:192.168.157.252:43407], old=null
2019-11-05 11:28:29,750 [grpc-default-executor-11] INFO  impl.RaftServerImpl (RaftServerImpl.java:setRole(184)) - 1eca16cc-5184-4e43-8e55-175d1516eae4@group-21C72E9484D5: changes role from  FOLLOWER to FOLLOWER at term 63 for recognizeCandidate:f7e9932d-fd96-469a-9353-68e47138e5ff
2019-11-05 11:28:29,750 [grpc-default-executor-11] INFO  impl.RoleInfo (RoleInfo.java:shutdownFollowerState(121)) - 1eca16cc-5184-4e43-8e55-175d1516eae4: shutdown FollowerState
2019-11-05 11:28:29,768 [grpc-default-executor-11] INFO  impl.RoleInfo (RoleInfo.java:updateAndGet(143)) - 1eca16cc-5184-4e43-8e55-175d1516eae4: start FollowerState
2019-11-05 11:28:29,768 [Thread-1202] INFO  impl.FollowerState (FollowerState.java:run(117)) - 1eca16cc-5184-4e43-8e55-175d1516eae4@group-21C72E9484D5-FollowerState was interrupted: java.lang.InterruptedException: sleep interrupted
2019-11-05 11:28:29,770 [grpc-default-executor-2] INFO  impl.RaftServerImpl (RaftServerImpl.java:setRole(184)) - 74a8fb36-eab9-4c53-b7cf-c565055de05a@group-21C72E9484D5: changes role from  FOLLOWER to FOLLOWER at term 63 for recognizeCandidate:f7e9932d-fd96-469a-9353-68e47138e5ff
2019-11-05 11:28:29,770 [grpc-default-executor-2] INFO  impl.RoleInfo (RoleInfo.java:shutdownFollowerState(121)) - 74a8fb36-eab9-4c53-b7cf-c565055de05a: shutdown FollowerState
2019-11-05 11:28:29,783 [Thread-1201] INFO  impl.FollowerState (FollowerState.java:run(117)) - 74a8fb36-eab9-4c53-b7cf-c565055de05a@group-21C72E9484D5-FollowerState was interrupted: java.lang.InterruptedException: sleep interrupted
2019-11-05 11:28:29,783 [grpc-default-executor-2] INFO  impl.RoleInfo (RoleInfo.java:updateAndGet(143)) - 74a8fb36-eab9-4c53-b7cf-c565055de05a: start FollowerState
2019-11-05 11:28:29,783 [687f579d-1680-4dd5-8b24-01f078298cef@group-E95DC8E8582E-LeaderElection112] INFO  impl.RaftServerImpl (RaftServerImpl.java:setRole(184)) - 687f579d-1680-4dd5-8b24-01f078298cef@group-E95DC8E8582E: changes role from CANDIDATE to FOLLOWER at term 74 for DISCOVERED_A_NEW_TERM
2019-11-05 11:28:29,784 [687f579d-1680-4dd5-8b24-01f078298cef@group-E95DC8E8582E-LeaderElection112] INFO  impl.RoleInfo (RoleInfo.java:shutdownLeaderElection(134)) - 687f579d-1680-4dd5-8b24-01f078298cef: shutdown LeaderElection
2019-11-05 11:28:29,784 [687f579d-1680-4dd5-8b24-01f078298cef@group-E95DC8E8582E-LeaderElection112] INFO  impl.RoleInfo (RoleInfo.java:updateAndGet(143)) - 687f579d-1680-4dd5-8b24-01f078298cef: start FollowerState
2019-11-05 11:28:29,793 [f7e9932d-fd96-469a-9353-68e47138e5ff@group-21C72E9484D5-LeaderElection113] INFO  impl.LeaderElection (LeaderElection.java:logAndReturn(56)) - f7e9932d-fd96-469a-9353-68e47138e5ff@group-21C72E9484D5-LeaderElection113: Election REJECTED; received 2 response(s) [f7e9932d-fd96-469a-9353-68e47138e5ff<-1eca16cc-5184-4e43-8e55-175d1516eae4#0:FAIL-t63, f7e9932d-fd96-469a-9353-68e47138e5ff<-74a8fb36-eab9-4c53-b7cf-c565055de05a#0:FAIL-t63] and 0 exception(s); f7e9932d-fd96-469a-9353-68e47138e5ff@group-21C72E9484D5:t63, leader=null, voted=f7e9932d-fd96-469a-9353-68e47138e5ff, raftlog=f7e9932d-fd96-469a-9353-68e47138e5ff@group-21C72E9484D5-SegmentedRaftLog:OPENED:c-1,f-1,i0, conf=-1: [f7e9932d-fd96-469a-9353-68e47138e5ff:192.168.157.252:45025, 1eca16cc-5184-4e43-8e55-175d1516eae4:192.168.157.252:41127, 74a8fb36-eab9-4c53-b7cf-c565055de05a:192.168.157.252:42370], old=null
2019-11-05 11:28:29,793 [f7e9932d-fd96-469a-9353-68e47138e5ff@group-21C72E9484D5-LeaderElection113] INFO  impl.RaftServerImpl (RaftServerImpl.java:setRole(184)) - f7e9932d-fd96-469a-9353-68e47138e5ff@group-21C72E9484D5: changes role from CANDIDATE to FOLLOWER at term 63 for DISCOVERED_A_NEW_TERM
2019-11-05 11:28:29,793 [f7e9932d-fd96-469a-9353-68e47138e5ff@group-21C72E9484D5-LeaderElection113] INFO  impl.RoleInfo (RoleInfo.java:shutdownLeaderElection(134)) - f7e9932d-fd96-469a-9353-68e47138e5ff: shutdown LeaderElection
2019-11-05 11:28:29,794 [f7e9932d-fd96-469a-9353-68e47138e5ff@group-21C72E9484D5-LeaderElection113] INFO  impl.RoleInfo (RoleInfo.java:updateAndGet(143)) - f7e9932d-fd96-469a-9353-68e47138e5ff: start FollowerState
2019-11-05 11:28:29,902 [Thread-1217] INFO  impl.FollowerState (FollowerState.java:run(108)) - 687f579d-1680-4dd5-8b24-01f078298cef@group-E95DC8E8582E-FollowerState: change to CANDIDATE, lastRpcTime:118ms, electionTimeout:109ms
2019-11-05 11:28:29,903 [Thread-1217] INFO  impl.RoleInfo (RoleInfo.java:shutdownFollowerState(121)) - 687f579d-1680-4dd5-8b24-01f078298cef: shutdown FollowerState
2019-11-05 11:28:29,903 [Thread-1217] INFO  impl.RaftServerImpl (RaftServerImpl.java:setRole(184)) - 687f579d-1680-4dd5-8b24-01f078298cef@group-E95DC8E8582E: changes role from  FOLLOWER to CANDIDATE at term 74 for changeToCandidate
2019-11-05 11:28:29,903 [Thread-1217] INFO  impl.RoleInfo (RoleInfo.java:updateAndGet(143)) - 687f579d-1680-4dd5-8b24-01f078298cef: start LeaderElection
2019-11-05 11:28:29,947 [687f579d-1680-4dd5-8b24-01f078298cef@group-E95DC8E8582E-LeaderElection114] INFO  impl.LeaderElection (LeaderElection.java:askForVotes(178)) - 687f579d-1680-4dd5-8b24-01f078298cef@group-E95DC8E8582E-LeaderElection114: begin an election at term 75 for -1: [90ecfa43-dab6-49d9-b30c-40ef62bfdf2a:192.168.157.252:34192, 687f579d-1680-4dd5-8b24-01f078298cef:192.168.157.252:37962, b8bf4e9b-064a-4520-981c-d6c40c833497:192.168.157.252:43407], old=null
2019-11-05 11:28:29,952 [grpc-default-executor-11] INFO  impl.RaftServerImpl (RaftServerImpl.java:setRole(184)) - b8bf4e9b-064a-4520-981c-d6c40c833497@group-E95DC8E8582E: changes role from  FOLLOWER to FOLLOWER at term 75 for recognizeCandidate:687f579d-1680-4dd5-8b24-01f078298cef
2019-11-05 11:28:29,952 [grpc-default-executor-11] INFO  impl.RoleInfo (RoleInfo.java:shutdownFollowerState(121)) - b8bf4e9b-064a-4520-981c-d6c40c833497: shutdown FollowerState
2019-11-05 11:28:29,952 [grpc-default-executor-11] INFO  impl.RoleInfo (RoleInfo.java:updateAndGet(143)) - b8bf4e9b-064a-4520-981c-d6c40c833497: start FollowerState
2019-11-05 11:28:29,952 [Thread-1211] INFO  impl.FollowerState (FollowerState.java:run(117)) - b8bf4e9b-064a-4520-981c-d6c40c833497@group-E95DC8E8582E-FollowerState was interrupted: java.lang.InterruptedException: sleep interrupted
2019-11-05 11:28:29,960 [grpc-default-executor-2] INFO  impl.RaftServerImpl (RaftServerImpl.java:setRole(184)) - 90ecfa43-dab6-49d9-b30c-40ef62bfdf2a@group-E95DC8E8582E: changes role from  FOLLOWER to FOLLOWER at term 75 for recognizeCandidate:687f579d-1680-4dd5-8b24-01f078298cef
2019-11-05 11:28:29,960 [grpc-default-executor-2] INFO  impl.RoleInfo (RoleInfo.java:shutdownFollowerState(121)) - 90ecfa43-dab6-49d9-b30c-40ef62bfdf2a: shutdown FollowerState
2019-11-05 11:28:29,960 [grpc-default-executor-2] INFO  impl.RoleInfo (RoleInfo.java:updateAndGet(143)) - 90ecfa43-dab6-49d9-b30c-40ef62bfdf2a: start FollowerState
2019-11-05 11:28:29,960 [Thread-1210] INFO  impl.FollowerState (FollowerState.java:run(117)) - 90ecfa43-dab6-49d9-b30c-40ef62bfdf2a@group-E95DC8E8582E-FollowerState was interrupted: java.lang.InterruptedException: sleep interrupted
2019-11-05 11:28:29,966 [Thread-1218] INFO  impl.FollowerState (FollowerState.java:run(108)) - f7e9932d-fd96-469a-9353-68e47138e5ff@group-21C72E9484D5-FollowerState: change to CANDIDATE, lastRpcTime:172ms, electionTimeout:172ms
2019-11-05 11:28:29,966 [Thread-1218] INFO  impl.RoleInfo (RoleInfo.java:shutdownFollowerState(121)) - f7e9932d-fd96-469a-9353-68e47138e5ff: shutdown FollowerState
2019-11-05 11:28:29,966 [Thread-1218] INFO  impl.RaftServerImpl (RaftServerImpl.java:setRole(184)) - f7e9932d-fd96-469a-9353-68e47138e5ff@group-21C72E9484D5: changes role from  FOLLOWER to CANDIDATE at term 63 for changeToCandidate
2019-11-05 11:28:29,967 [Thread-1218] INFO  impl.RoleInfo (RoleInfo.java:updateAndGet(143)) - f7e9932d-fd96-469a-9353-68e47138e5ff: start LeaderElection
2019-11-05 11:28:29,998 [f7e9932d-fd96-469a-9353-68e47138e5ff@group-21C72E9484D5-LeaderElection115] INFO  impl.LeaderElection (LeaderElection.java:askForVotes(178)) - f7e9932d-fd96-469a-9353-68e47138e5ff@group-21C72E9484D5-LeaderElection115: begin an election at term 64 for -1: [f7e9932d-fd96-469a-9353-68e47138e5ff:192.168.157.252:45025, 1eca16cc-5184-4e43-8e55-175d1516eae4:192.168.157.252:41127, 74a8fb36-eab9-4c53-b7cf-c565055de05a:192.168.157.252:42370], old=null
2019-11-05 11:28:29,999 [687f579d-1680-4dd5-8b24-01f078298cef@group-E95DC8E8582E-LeaderElection114] INFO  impl.LeaderElection (LeaderElection.java:logAndReturn(56)) - 687f579d-1680-4dd5-8b24-01f078298cef@group-E95DC8E8582E-LeaderElection114: Election REJECTED; received 2 response(s) [687f579d-1680-4dd5-8b24-01f078298cef<-90ecfa43-dab6-49d9-b30c-40ef62bfdf2a#0:FAIL-t75, 687f579d-1680-4dd5-8b24-01f078298cef<-b8bf4e9b-064a-4520-981c-d6c40c833497#0:FAIL-t75] and 0 exception(s); 687f579d-1680-4dd5-8b24-01f078298cef@group-E95DC8E8582E:t75, leader=null, voted=687f579d-1680-4dd5-8b24-01f078298cef, raftlog=687f579d-1680-4dd5-8b24-01f078298cef@group-E95DC8E8582E-SegmentedRaftLog:OPENED:c-1,f-1,i0, conf=-1: [90ecfa43-dab6-49d9-b30c-40ef62bfdf2a:192.168.157.252:34192, 687f579d-1680-4dd5-8b24-01f078298cef:192.168.157.252:37962, b8bf4e9b-064a-4520-981c-d6c40c833497:192.168.157.252:43407], old=null
2019-11-05 11:28:30,000 [687f579d-1680-4dd5-8b24-01f078298cef@group-E95DC8E8582E-LeaderElection114] INFO  impl.RaftServerImpl (RaftServerImpl.java:setRole(184)) - 687f579d-1680-4dd5-8b24-01f078298cef@group-E95DC8E8582E: changes role from CANDIDATE to FOLLOWER at term 75 for DISCOVERED_A_NEW_TERM
2019-11-05 11:28:30,000 [687f579d-1680-4dd5-8b24-01f078298cef@group-E95DC8E8582E-LeaderElection114] INFO  impl.RoleInfo (RoleInfo.java:shutdownLeaderElection(134)) - 687f579d-1680-4dd5-8b24-01f078298cef: shutdown LeaderElection
2019-11-05 11:28:30,000 [687f579d-1680-4dd5-8b24-01f078298cef@group-E95DC8E8582E-LeaderElection114] INFO  impl.RoleInfo (RoleInfo.java:updateAndGet(143)) - 687f579d-1680-4dd5-8b24-01f078298cef: start FollowerState
2019-11-05 11:28:30,007 [grpc-default-executor-2] INFO  impl.RaftServerImpl (RaftServerImpl.java:setRole(184)) - 1eca16cc-5184-4e43-8e55-175d1516eae4@group-21C72E9484D5: changes role from  FOLLOWER to FOLLOWER at term 64 for recognizeCandidate:f7e9932d-fd96-469a-9353-68e47138e5ff
2019-11-05 11:28:30,007 [grpc-default-executor-2] INFO  impl.RoleInfo (RoleInfo.java:shutdownFollowerState(121)) - 1eca16cc-5184-4e43-8e55-175d1516eae4: shutdown FollowerState
2019-11-05 11:28:30,008 [grpc-default-executor-2] INFO  impl.RoleInfo (RoleInfo.java:updateAndGet(143)) - 1eca16cc-5184-4e43-8e55-175d1516eae4: start FollowerState
2019-11-05 11:28:30,008 [Thread-1215] INFO  impl.FollowerState (FollowerState.java:run(117)) - 1eca16cc-5184-4e43-8e55-175d1516eae4@group-21C72E9484D5-FollowerState was interrupted: java.lang.InterruptedException: sleep interrupted
2019-11-05 11:28:30,010 [grpc-default-executor-11] INFO  impl.RaftServerImpl (RaftServerImpl.java:setRole(184)) - 74a8fb36-eab9-4c53-b7cf-c565055de05a@group-21C72E9484D5: changes role from  FOLLOWER to FOLLOWER at term 64 for recognizeCandidate:f7e9932d-fd96-469a-9353-68e47138e5ff
2019-11-05 11:28:30,011 [grpc-default-executor-11] INFO  impl.RoleInfo (RoleInfo.java:shutdownFollowerState(121)) - 74a8fb36-eab9-4c53-b7cf-c565055de05a: shutdown FollowerState
2019-11-05 11:28:30,011 [grpc-default-executor-11] INFO  impl.RoleInfo (RoleInfo.java:updateAndGet(143)) - 74a8fb36-eab9-4c53-b7cf-c565055de05a: start FollowerState
2019-11-05 11:28:30,011 [Thread-1216] INFO  impl.FollowerState (FollowerState.java:run(117)) - 74a8fb36-eab9-4c53-b7cf-c565055de05a@group-21C72E9484D5-FollowerState was interrupted: java.lang.InterruptedException: sleep interrupted
2019-11-05 11:28:30,040 [Thread-1225] INFO  impl.FollowerState (FollowerState.java:run(108)) - 687f579d-1680-4dd5-8b24-01f078298cef@group-E95DC8E8582E-FollowerState: change to CANDIDATE, lastRpcTime:39ms, electionTimeout:38ms
2019-11-05 11:28:30,040 [Thread-1225] INFO  impl.RoleInfo (RoleInfo.java:shutdownFollowerState(121)) - 687f579d-1680-4dd5-8b24-01f078298cef: shutdown FollowerState
2019-11-05 11:28:30,040 [Thread-1225] INFO  impl.RaftServerImpl (RaftServerImpl.java:setRole(184)) - 687f579d-1680-4dd5-8b24-01f078298cef@group-E95DC8E8582E: changes role from  FOLLOWER to CANDIDATE at term 75 for changeToCandidate
2019-11-05 11:28:30,040 [Thread-1225] INFO  impl.RoleInfo (RoleInfo.java:updateAndGet(143)) - 687f579d-1680-4dd5-8b24-01f078298cef: start LeaderElection
2019-11-05 11:28:30,044 [f7e9932d-fd96-469a-9353-68e47138e5ff@group-21C72E9484D5-LeaderElection115] INFO  impl.LeaderElection (LeaderElection.java:logAndReturn(56)) - f7e9932d-fd96-469a-9353-68e47138e5ff@group-21C72E9484D5-LeaderElection115: Election REJECTED; received 2 response(s) [f7e9932d-fd96-469a-9353-68e47138e5ff<-1eca16cc-5184-4e43-8e55-175d1516eae4#0:FAIL-t64, f7e9932d-fd96-469a-9353-68e47138e5ff<-74a8fb36-eab9-4c53-b7cf-c565055de05a#0:FAIL-t64] and 0 exception(s); f7e9932d-fd96-469a-9353-68e47138e5ff@group-21C72E9484D5:t64, leader=null, voted=f7e9932d-fd96-469a-9353-68e47138e5ff, raftlog=f7e9932d-fd96-469a-9353-68e47138e5ff@group-21C72E9484D5-SegmentedRaftLog:OPENED:c-1,f-1,i0, conf=-1: [f7e9932d-fd96-469a-9353-68e47138e5ff:192.168.157.252:45025, 1eca16cc-5184-4e43-8e55-175d1516eae4:192.168.157.252:41127, 74a8fb36-eab9-4c53-b7cf-c565055de05a:192.168.157.252:42370], old=null
2019-11-05 11:28:30,055 [f7e9932d-fd96-469a-9353-68e47138e5ff@group-21C72E9484D5-LeaderElection115] INFO  impl.RaftServerImpl (RaftServerImpl.java:setRole(184)) - f7e9932d-fd96-469a-9353-68e47138e5ff@group-21C72E9484D5: changes role from CANDIDATE to FOLLOWER at term 64 for DISCOVERED_A_NEW_TERM
2019-11-05 11:28:30,055 [f7e9932d-fd96-469a-9353-68e47138e5ff@group-21C72E9484D5-LeaderElection115] INFO  impl.RoleInfo (RoleInfo.java:shutdownLeaderElection(134)) - f7e9932d-fd96-469a-9353-68e47138e5ff: shutdown LeaderElection
2019-11-05 11:28:30,056 [f7e9932d-fd96-469a-9353-68e47138e5ff@group-21C72E9484D5-LeaderElection115] INFO  impl.RoleInfo (RoleInfo.java:updateAndGet(143)) - f7e9932d-fd96-469a-9353-68e47138e5ff: start FollowerState
2019-11-05 11:28:30,062 [687f579d-1680-4dd5-8b24-01f078298cef@group-E95DC8E8582E-LeaderElection116] INFO  impl.LeaderElection (LeaderElection.java:askForVotes(178)) - 687f579d-1680-4dd5-8b24-01f078298cef@group-E95DC8E8582E-LeaderElection116: begin an election at term 76 for -1: [90ecfa43-dab6-49d9-b30c-40ef62bfdf2a:192.168.157.252:34192, 687f579d-1680-4dd5-8b24-01f078298cef:192.168.157.252:37962, b8bf4e9b-064a-4520-981c-d6c40c833497:192.168.157.252:43407], old=null
2019-11-05 11:28:30,067 [grpc-default-executor-2] INFO  impl.RaftServerImpl (RaftServerImpl.java:setRole(184)) - 90ecfa43-dab6-49d9-b30c-40ef62bfdf2a@group-E95DC8E8582E: changes role from  FOLLOWER to FOLLOWER at term 76 for recognizeCandidate:687f579d-1680-4dd5-8b24-01f078298cef
2019-11-05 11:28:30,067 [grpc-default-executor-2] INFO  impl.RoleInfo (RoleInfo.java:shutdownFollowerState(121)) - 90ecfa43-dab6-49d9-b30c-40ef62bfdf2a: shutdown FollowerState
2019-11-05 11:28:30,082 [grpc-default-executor-2] INFO  impl.RoleInfo (RoleInfo.java:updateAndGet(143)) - 90ecfa43-dab6-49d9-b30c-40ef62bfdf2a: start FollowerState
2019-11-05 11:28:30,083 [Thread-1223] INFO  impl.FollowerState (FollowerState.java:run(117)) - 90ecfa43-dab6-49d9-b30c-40ef62bfdf2a@group-E95DC8E8582E-FollowerState was interrupted: java.lang.InterruptedException: sleep interrupted
2019-11-05 11:28:30,084 [grpc-default-executor-11] INFO  impl.RaftServerImpl (RaftServerImpl.java:setRole(184)) - b8bf4e9b-064a-4520-981c-d6c40c833497@group-E95DC8E8582E: changes role from  FOLLOWER to FOLLOWER at term 76 for recognizeCandidate:687f579d-1680-4dd5-8b24-01f078298cef
2019-11-05 11:28:30,084 [grpc-default-executor-11] INFO  impl.RoleInfo (RoleInfo.java:shutdownFollowerState(121)) - b8bf4e9b-064a-4520-981c-d6c40c833497: shutdown FollowerState
2019-11-05 11:28:30,100 [grpc-default-executor-11] INFO  impl.RoleInfo (RoleInfo.java:updateAndGet(143)) - b8bf4e9b-064a-4520-981c-d6c40c833497: start FollowerState
2019-11-05 11:28:30,100 [Thread-1222] INFO  impl.FollowerState (FollowerState.java:run(117)) - b8bf4e9b-064a-4520-981c-d6c40c833497@group-E95DC8E8582E-FollowerState was interrupted: java.lang.InterruptedException: sleep interrupted
2019-11-05 11:28:30,117 [687f579d-1680-4dd5-8b24-01f078298cef@group-E95DC8E8582E-LeaderElection116] INFO  impl.LeaderElection (LeaderElection.java:logAndReturn(56)) - 687f579d-1680-4dd5-8b24-01f078298cef@group-E95DC8E8582E-LeaderElection116: Election REJECTED; received 2 response(s) [687f579d-1680-4dd5-8b24-01f078298cef<-90ecfa43-dab6-49d9-b30c-40ef62bfdf2a#0:FAIL-t76, 687f579d-1680-4dd5-8b24-01f078298cef<-b8bf4e9b-064a-4520-981c-d6c40c833497#0:FAIL-t76] and 0 exception(s); 687f579d-1680-4dd5-8b24-01f078298cef@group-E95DC8E8582E:t76, leader=null, voted=687f579d-1680-4dd5-8b24-01f078298cef, raftlog=687f579d-1680-4dd5-8b24-01f078298cef@group-E95DC8E8582E-SegmentedRaftLog:OPENED:c-1,f-1,i0, conf=-1: [90ecfa43-dab6-49d9-b30c-40ef62bfdf2a:192.168.157.252:34192, 687f579d-1680-4dd5-8b24-01f078298cef:192.168.157.252:37962, b8bf4e9b-064a-4520-981c-d6c40c833497:192.168.157.252:43407], old=null
2019-11-05 11:28:30,118 [687f579d-1680-4dd5-8b24-01f078298cef@group-E95DC8E8582E-LeaderElection116] INFO  impl.RaftServerImpl (RaftServerImpl.java:setRole(184)) - 687f579d-1680-4dd5-8b24-01f078298cef@group-E95DC8E8582E: changes role from CANDIDATE to FOLLOWER at term 76 for DISCOVERED_A_NEW_TERM
2019-11-05 11:28:30,118 [687f579d-1680-4dd5-8b24-01f078298cef@group-E95DC8E8582E-LeaderElection116] INFO  impl.RoleInfo (RoleInfo.java:shutdownLeaderElection(134)) - 687f579d-1680-4dd5-8b24-01f078298cef: shutdown LeaderElection
2019-11-05 11:28:30,118 [687f579d-1680-4dd5-8b24-01f078298cef@group-E95DC8E8582E-LeaderElection116] INFO  impl.RoleInfo (RoleInfo.java:updateAndGet(143)) - 687f579d-1680-4dd5-8b24-01f078298cef: start FollowerState
2019-11-05 11:28:30,154 [Thread-1238] INFO  impl.FollowerState (FollowerState.java:run(108)) - 687f579d-1680-4dd5-8b24-01f078298cef@group-E95DC8E8582E-FollowerState: change to CANDIDATE, lastRpcTime:36ms, electionTimeout:36ms
2019-11-05 11:28:30,155 [Thread-1238] INFO  impl.RoleInfo (RoleInfo.java:shutdownFollowerState(121)) - 687f579d-1680-4dd5-8b24-01f078298cef: shutdown FollowerState
2019-11-05 11:28:30,155 [Thread-1238] INFO  impl.RaftServerImpl (RaftServerImpl.java:setRole(184)) - 687f579d-1680-4dd5-8b24-01f078298cef@group-E95DC8E8582E: changes role from  FOLLOWER to CANDIDATE at term 76 for changeToCandidate
2019-11-05 11:28:30,155 [Thread-1238] INFO  impl.RoleInfo (RoleInfo.java:updateAndGet(143)) - 687f579d-1680-4dd5-8b24-01f078298cef: start LeaderElection
2019-11-05 11:28:30,195 [687f579d-1680-4dd5-8b24-01f078298cef@group-E95DC8E8582E-LeaderElection117] INFO  impl.LeaderElection (LeaderElection.java:askForVotes(178)) - 687f579d-1680-4dd5-8b24-01f078298cef@group-E95DC8E8582E-LeaderElection117: begin an election at term 77 for -1: [90ecfa43-dab6-49d9-b30c-40ef62bfdf2a:192.168.157.252:34192, 687f579d-1680-4dd5-8b24-01f078298cef:192.168.157.252:37962, b8bf4e9b-064a-4520-981c-d6c40c833497:192.168.157.252:43407], old=null
2019-11-05 11:28:30,199 [grpc-default-executor-2] INFO  impl.RaftServerImpl (RaftServerImpl.java:setRole(184)) - 90ecfa43-dab6-49d9-b30c-40ef62bfdf2a@group-E95DC8E8582E: changes role from  FOLLOWER to FOLLOWER at term 77 for recognizeCandidate:687f579d-1680-4dd5-8b24-01f078298cef
2019-11-05 11:28:30,199 [grpc-default-executor-2] INFO  impl.RoleInfo (RoleInfo.java:shutdownFollowerState(121)) - 90ecfa43-dab6-49d9-b30c-40ef62bfdf2a: shutdown FollowerState
2019-11-05 11:28:30,203 [Thread-1233] INFO  impl.FollowerState (FollowerState.java:run(108)) - f7e9932d-fd96-469a-9353-68e47138e5ff@group-21C72E9484D5-FollowerState: change to CANDIDATE, lastRpcTime:147ms, electionTimeout:138ms
2019-11-05 11:28:30,203 [Thread-1233] INFO  impl.RoleInfo (RoleInfo.java:shutdownFollowerState(121)) - f7e9932d-fd96-469a-9353-68e47138e5ff: shutdown FollowerState
2019-11-05 11:28:30,203 [Thread-1233] INFO  impl.RaftServerImpl (RaftServerImpl.java:setRole(184)) - f7e9932d-fd96-469a-9353-68e47138e5ff@group-21C72E9484D5: changes role from  FOLLOWER to CANDIDATE at term 64 for changeToCandidate
2019-11-05 11:28:30,207 [Thread-1233] INFO  impl.RoleInfo (RoleInfo.java:updateAndGet(143)) - f7e9932d-fd96-469a-9353-68e47138e5ff: start LeaderElection
2019-11-05 11:28:30,217 [grpc-default-executor-2] INFO  impl.RoleInfo (RoleInfo.java:updateAndGet(143)) - 90ecfa43-dab6-49d9-b30c-40ef62bfdf2a: start FollowerState
2019-11-05 11:28:30,217 [Thread-1236] INFO  impl.FollowerState (FollowerState.java:run(117)) - 90ecfa43-dab6-49d9-b30c-40ef62bfdf2a@group-E95DC8E8582E-FollowerState was interrupted: java.lang.InterruptedException: sleep interrupted
2019-11-05 11:28:30,238 [grpc-default-executor-11] INFO  impl.RaftServerImpl (RaftServerImpl.java:setRole(184)) - b8bf4e9b-064a-4520-981c-d6c40c833497@group-E95DC8E8582E: changes role from  FOLLOWER to FOLLOWER at term 77 for recognizeCandidate:687f579d-1680-4dd5-8b24-01f078298cef
2019-11-05 11:28:30,239 [grpc-default-executor-11] INFO  impl.RoleInfo (RoleInfo.java:shutdownFollowerState(121)) - b8bf4e9b-064a-4520-981c-d6c40c833497: shutdown FollowerState
2019-11-05 11:28:30,239 [grpc-default-executor-11] INFO  impl.RoleInfo (RoleInfo.java:updateAndGet(143)) - b8bf4e9b-064a-4520-981c-d6c40c833497: start FollowerState
2019-11-05 11:28:30,240 [Thread-1237] INFO  impl.FollowerState (FollowerState.java:run(117)) - b8bf4e9b-064a-4520-981c-d6c40c833497@group-E95DC8E8582E-FollowerState was interrupted: java.lang.InterruptedException: sleep interrupted
2019-11-05 11:28:30,252 [f7e9932d-fd96-469a-9353-68e47138e5ff@group-21C72E9484D5-LeaderElection118] INFO  impl.LeaderElection (LeaderElection.java:askForVotes(178)) - f7e9932d-fd96-469a-9353-68e47138e5ff@group-21C72E9484D5-LeaderElection118: begin an election at term 65 for -1: [f7e9932d-fd96-469a-9353-68e47138e5ff:192.168.157.252:45025, 1eca16cc-5184-4e43-8e55-175d1516eae4:192.168.157.252:41127, 74a8fb36-eab9-4c53-b7cf-c565055de05a:192.168.157.252:42370], old=null
2019-11-05 11:28:30,264 [grpc-default-executor-2] INFO  impl.RaftServerImpl (RaftServerImpl.java:setRole(184)) - 1eca16cc-5184-4e43-8e55-175d1516eae4@group-21C72E9484D5: changes role from  FOLLOWER to FOLLOWER at term 65 for recognizeCandidate:f7e9932d-fd96-469a-9353-68e47138e5ff
2019-11-05 11:28:30,264 [grpc-default-executor-2] INFO  impl.RoleInfo (RoleInfo.java:shutdownFollowerState(121)) - 1eca16cc-5184-4e43-8e55-175d1516eae4: shutdown FollowerState
2019-11-05 11:28:30,265 [grpc-default-executor-2] INFO  impl.RoleInfo (RoleInfo.java:updateAndGet(143)) - 1eca16cc-5184-4e43-8e55-175d1516eae4: start FollowerState
2019-11-05 11:28:30,265 [Thread-1228] INFO  impl.FollowerState (FollowerState.java:run(117)) - 1eca16cc-5184-4e43-8e55-175d1516eae4@group-21C72E9484D5-FollowerState was interrupted: java.lang.InterruptedException: sleep interrupted
2019-11-05 11:28:30,325 [grpc-default-executor-11] INFO  impl.RaftServerImpl (RaftServerImpl.java:setRole(184)) - 74a8fb36-eab9-4c53-b7cf-c565055de05a@group-21C72E9484D5: changes role from  FOLLOWER to FOLLOWER at term 65 for recognizeCandidate:f7e9932d-fd96-469a-9353-68e47138e5ff
2019-11-05 11:28:30,325 [grpc-default-executor-11] INFO  impl.RoleInfo (RoleInfo.java:shutdownFollowerState(121)) - 74a8fb36-eab9-4c53-b7cf-c565055de05a: shutdown FollowerState
2019-11-05 11:28:30,326 [Thread-1229] INFO  impl.FollowerState (FollowerState.java:run(117)) - 74a8fb36-eab9-4c53-b7cf-c565055de05a@group-21C72E9484D5-FollowerState was interrupted: java.lang.InterruptedException: sleep interrupted
2019-11-05 11:28:30,326 [grpc-default-executor-11] INFO  impl.RoleInfo (RoleInfo.java:updateAndGet(143)) - 74a8fb36-eab9-4c53-b7cf-c565055de05a: start FollowerState
2019-11-05 11:28:30,325 [f7e9932d-fd96-469a-9353-68e47138e5ff@group-21C72E9484D5-LeaderElection118] INFO  impl.LeaderElection (LeaderElection.java:logAndReturn(56)) - f7e9932d-fd96-469a-9353-68e47138e5ff@group-21C72E9484D5-LeaderElection118: Election TIMEOUT; received 0 response(s) [] and 0 exception(s); f7e9932d-fd96-469a-9353-68e47138e5ff@group-21C72E9484D5:t65, leader=null, voted=f7e9932d-fd96-469a-9353-68e47138e5ff, raftlog=f7e9932d-fd96-469a-9353-68e47138e5ff@group-21C72E9484D5-SegmentedRaftLog:OPENED:c-1,f-1,i0, conf=-1: [f7e9932d-fd96-469a-9353-68e47138e5ff:192.168.157.252:45025, 1eca16cc-5184-4e43-8e55-175d1516eae4:192.168.157.252:41127, 74a8fb36-eab9-4c53-b7cf-c565055de05a:192.168.157.252:42370], old=null
2019-11-05 11:28:30,356 [687f579d-1680-4dd5-8b24-01f078298cef@group-E95DC8E8582E-LeaderElection117] INFO  impl.LeaderElection (LeaderElection.java:logAndReturn(56)) - 687f579d-1680-4dd5-8b24-01f078298cef@group-E95DC8E8582E-LeaderElection117: Election TIMEOUT; received 1 response(s) [687f579d-1680-4dd5-8b24-01f078298cef<-90ecfa43-dab6-49d9-b30c-40ef62bfdf2a#0:FAIL-t77] and 0 exception(s); 687f579d-1680-4dd5-8b24-01f078298cef@group-E95DC8E8582E:t77, leader=null, voted=687f579d-1680-4dd5-8b24-01f078298cef, raftlog=687f579d-1680-4dd5-8b24-01f078298cef@group-E95DC8E8582E-SegmentedRaftLog:OPENED:c-1,f-1,i0, conf=-1: [90ecfa43-dab6-49d9-b30c-40ef62bfdf2a:192.168.157.252:34192, 687f579d-1680-4dd5-8b24-01f078298cef:192.168.157.252:37962, b8bf4e9b-064a-4520-981c-d6c40c833497:192.168.157.252:43407], old=null
2019-11-05 11:28:30,358 [f7e9932d-fd96-469a-9353-68e47138e5ff@group-21C72E9484D5-LeaderElection118] INFO  impl.LeaderElection (LeaderElection.java:askForVotes(178)) - f7e9932d-fd96-469a-9353-68e47138e5ff@group-21C72E9484D5-LeaderElection118: begin an election at term 66 for -1: [f7e9932d-fd96-469a-9353-68e47138e5ff:192.168.157.252:45025, 1eca16cc-5184-4e43-8e55-175d1516eae4:192.168.157.252:41127, 74a8fb36-eab9-4c53-b7cf-c565055de05a:192.168.157.252:42370], old=null
2019-11-05 11:28:30,361 [grpc-default-executor-11] INFO  impl.RaftServerImpl (RaftServerImpl.java:setRole(184)) - 74a8fb36-eab9-4c53-b7cf-c565055de05a@group-21C72E9484D5: changes role from  FOLLOWER to FOLLOWER at term 66 for recognizeCandidate:f7e9932d-fd96-469a-9353-68e47138e5ff
2019-11-05 11:28:30,361 [grpc-default-executor-11] INFO  impl.RoleInfo (RoleInfo.java:shutdownFollowerState(121)) - 74a8fb36-eab9-4c53-b7cf-c565055de05a: shutdown FollowerState
2019-11-05 11:28:30,362 [grpc-default-executor-11] INFO  impl.RoleInfo (RoleInfo.java:updateAndGet(143)) - 74a8fb36-eab9-4c53-b7cf-c565055de05a: start FollowerState
2019-11-05 11:28:30,363 [grpc-default-executor-2] INFO  impl.RaftServerImpl (RaftServerImpl.java:setRole(184)) - 1eca16cc-5184-4e43-8e55-175d1516eae4@group-21C72E9484D5: changes role from  FOLLOWER to FOLLOWER at term 66 for recognizeCandidate:f7e9932d-fd96-469a-9353-68e47138e5ff
2019-11-05 11:28:30,363 [grpc-default-executor-2] INFO  impl.RoleInfo (RoleInfo.java:shutdownFollowerState(121)) - 1eca16cc-5184-4e43-8e55-175d1516eae4: shutdown FollowerState
2019-11-05 11:28:30,363 [grpc-default-executor-2] INFO  impl.RoleInfo (RoleInfo.java:updateAndGet(143)) - 1eca16cc-5184-4e43-8e55-175d1516eae4: start FollowerState
2019-11-05 11:28:30,363 [Thread-1249] INFO  impl.FollowerState (FollowerState.java:run(117)) - 1eca16cc-5184-4e43-8e55-175d1516eae4@group-21C72E9484D5-FollowerState was interrupted: java.lang.InterruptedException: sleep interrupted
2019-11-05 11:28:30,364 [Thread-1250] INFO  impl.FollowerState (FollowerState.java:run(117)) - 74a8fb36-eab9-4c53-b7cf-c565055de05a@group-21C72E9484D5-FollowerState was interrupted: java.lang.InterruptedException: sleep interrupted
2019-11-05 11:28:30,369 [687f579d-1680-4dd5-8b24-01f078298cef@group-E95DC8E8582E-LeaderElection117] INFO  impl.LeaderElection (LeaderElection.java:askForVotes(178)) - 687f579d-1680-4dd5-8b24-01f078298cef@group-E95DC8E8582E-LeaderElection117: begin an election at term 78 for -1: [90ecfa43-dab6-49d9-b30c-40ef62bfdf2a:192.168.157.252:34192, 687f579d-1680-4dd5-8b24-01f078298cef:192.168.157.252:37962, b8bf4e9b-064a-4520-981c-d6c40c833497:192.168.157.252:43407], old=null
2019-11-05 11:28:30,386 [f7e9932d-fd96-469a-9353-68e47138e5ff@group-21C72E9484D5-LeaderElection118] INFO  impl.LeaderElection (LeaderElection.java:logAndReturn(56)) - f7e9932d-fd96-469a-9353-68e47138e5ff@group-21C72E9484D5-LeaderElection118: Election REJECTED; received 2 response(s) [f7e9932d-fd96-469a-9353-68e47138e5ff<-1eca16cc-5184-4e43-8e55-175d1516eae4#0:FAIL-t66, f7e9932d-fd96-469a-9353-68e47138e5ff<-74a8fb36-eab9-4c53-b7cf-c565055de05a#0:FAIL-t66] and 0 exception(s); f7e9932d-fd96-469a-9353-68e47138e5ff@group-21C72E9484D5:t66, leader=null, voted=f7e9932d-fd96-469a-9353-68e47138e5ff, raftlog=f7e9932d-fd96-469a-9353-68e47138e5ff@group-21C72E9484D5-SegmentedRaftLog:OPENED:c-1,f-1,i0, conf=-1: [f7e9932d-fd96-469a-9353-68e47138e5ff:192.168.157.252:45025, 1eca16cc-5184-4e43-8e55-175d1516eae4:192.168.157.252:41127, 74a8fb36-eab9-4c53-b7cf-c565055de05a:192.168.157.252:42370], old=null
2019-11-05 11:28:30,386 [f7e9932d-fd96-469a-9353-68e47138e5ff@group-21C72E9484D5-LeaderElection118] INFO  impl.RaftServerImpl (RaftServerImpl.java:setRole(184)) - f7e9932d-fd96-469a-9353-68e47138e5ff@group-21C72E9484D5: changes role from CANDIDATE to FOLLOWER at term 66 for DISCOVERED_A_NEW_TERM
2019-11-05 11:28:30,386 [f7e9932d-fd96-469a-9353-68e47138e5ff@group-21C72E9484D5-LeaderElection118] INFO  impl.RoleInfo (RoleInfo.java:shutdownLeaderElection(134)) - f7e9932d-fd96-469a-9353-68e47138e5ff: shutdown LeaderElection
2019-11-05 11:28:30,387 [f7e9932d-fd96-469a-9353-68e47138e5ff@group-21C72E9484D5-LeaderElection118] INFO  impl.RoleInfo (RoleInfo.java:updateAndGet(143)) - f7e9932d-fd96-469a-9353-68e47138e5ff: start FollowerState
2019-11-05 11:28:30,389 [grpc-default-executor-2] INFO  impl.RaftServerImpl (RaftServerImpl.java:setRole(184)) - 90ecfa43-dab6-49d9-b30c-40ef62bfdf2a@group-E95DC8E8582E: changes role from  FOLLOWER to FOLLOWER at term 78 for recognizeCandidate:687f579d-1680-4dd5-8b24-01f078298cef
2019-11-05 11:28:30,389 [grpc-default-executor-2] INFO  impl.RoleInfo (RoleInfo.java:shutdownFollowerState(121)) - 90ecfa43-dab6-49d9-b30c-40ef62bfdf2a: shutdown FollowerState
2019-11-05 11:28:30,389 [grpc-default-executor-2] INFO  impl.RoleInfo (RoleInfo.java:updateAndGet(143)) - 90ecfa43-dab6-49d9-b30c-40ef62bfdf2a: start FollowerState
2019-11-05 11:28:30,390 [Thread-1245] INFO  impl.FollowerState (FollowerState.java:run(117)) - 90ecfa43-dab6-49d9-b30c-40ef62bfdf2a@group-E95DC8E8582E-FollowerState was interrupted: java.lang.InterruptedException: sleep interrupted
2019-11-05 11:28:30,390 [grpc-default-executor-11] INFO  impl.RaftServerImpl (RaftServerImpl.java:setRole(184)) - b8bf4e9b-064a-4520-981c-d6c40c833497@group-E95DC8E8582E: changes role from  FOLLOWER to FOLLOWER at term 78 for recognizeCandidate:687f579d-1680-4dd5-8b24-01f078298cef
2019-11-05 11:28:30,390 [grpc-default-executor-11] INFO  impl.RoleInfo (RoleInfo.java:shutdownFollowerState(121)) - b8bf4e9b-064a-4520-981c-d6c40c833497: shutdown FollowerState
2019-11-05 11:28:30,390 [grpc-default-executor-11] INFO  impl.RoleInfo (RoleInfo.java:updateAndGet(143)) - b8bf4e9b-064a-4520-981c-d6c40c833497: start FollowerState
2019-11-05 11:28:30,391 [Thread-1246] INFO  impl.FollowerState (FollowerState.java:run(117)) - b8bf4e9b-064a-4520-981c-d6c40c833497@group-E95DC8E8582E-FollowerState was interrupted: java.lang.InterruptedException: sleep interrupted
2019-11-05 11:28:30,403 [687f579d-1680-4dd5-8b24-01f078298cef@group-E95DC8E8582E-LeaderElection117] INFO  impl.LeaderElection (LeaderElection.java:logAndReturn(56)) - 687f579d-1680-4dd5-8b24-01f078298cef@group-E95DC8E8582E-LeaderElection117: Election REJECTED; received 2 response(s) [687f579d-1680-4dd5-8b24-01f078298cef<-90ecfa43-dab6-49d9-b30c-40ef62bfdf2a#0:FAIL-t78, 687f579d-1680-4dd5-8b24-01f078298cef<-b8bf4e9b-064a-4520-981c-d6c40c833497#0:FAIL-t78] and 0 exception(s); 687f579d-1680-4dd5-8b24-01f078298cef@group-E95DC8E8582E:t78, leader=null, voted=687f579d-1680-4dd5-8b24-01f078298cef, raftlog=687f579d-1680-4dd5-8b24-01f078298cef@group-E95DC8E8582E-SegmentedRaftLog:OPENED:c-1,f-1,i0, conf=-1: [90ecfa43-dab6-49d9-b30c-40ef62bfdf2a:192.168.157.252:34192, 687f579d-1680-4dd5-8b24-01f078298cef:192.168.157.252:37962, b8bf4e9b-064a-4520-981c-d6c40c833497:192.168.157.252:43407], old=null
2019-11-05 11:28:30,404 [687f579d-1680-4dd5-8b24-01f078298cef@group-E95DC8E8582E-LeaderElection117] INFO  impl.RaftServerImpl (RaftServerImpl.java:setRole(184)) - 687f579d-1680-4dd5-8b24-01f078298cef@group-E95DC8E8582E: changes role from CANDIDATE to FOLLOWER at term 78 for DISCOVERED_A_NEW_TERM
2019-11-05 11:28:30,404 [687f579d-1680-4dd5-8b24-01f078298cef@group-E95DC8E8582E-LeaderElection117] INFO  impl.RoleInfo (RoleInfo.java:shutdownLeaderElection(134)) - 687f579d-1680-4dd5-8b24-01f078298cef: shutdown LeaderElection
2019-11-05 11:28:30,404 [687f579d-1680-4dd5-8b24-01f078298cef@group-E95DC8E8582E-LeaderElection117] INFO  impl.RoleInfo (RoleInfo.java:updateAndGet(143)) - 687f579d-1680-4dd5-8b24-01f078298cef: start FollowerState
2019-11-05 11:28:30,531 [Thread-1260] INFO  impl.FollowerState (FollowerState.java:run(108)) - 687f579d-1680-4dd5-8b24-01f078298cef@group-E95DC8E8582E-FollowerState: change to CANDIDATE, lastRpcTime:127ms, electionTimeout:127ms
2019-11-05 11:28:30,532 [Thread-1260] INFO  impl.RoleInfo (RoleInfo.java:shutdownFollowerState(121)) - 687f579d-1680-4dd5-8b24-01f078298cef: shutdown FollowerState
2019-11-05 11:28:30,532 [Thread-1260] INFO  impl.RaftServerImpl (RaftServerImpl.java:setRole(184)) - 687f579d-1680-4dd5-8b24-01f078298cef@group-E95DC8E8582E: changes role from  FOLLOWER to CANDIDATE at term 78 for changeToCandidate
2019-11-05 11:28:30,532 [Thread-1260] INFO  impl.RoleInfo (RoleInfo.java:updateAndGet(143)) - 687f579d-1680-4dd5-8b24-01f078298cef: start LeaderElection
2019-11-05 11:28:30,552 [687f579d-1680-4dd5-8b24-01f078298cef@group-E95DC8E8582E-LeaderElection119] INFO  impl.LeaderElection (LeaderElection.java:askForVotes(178)) - 687f579d-1680-4dd5-8b24-01f078298cef@group-E95DC8E8582E-LeaderElection119: begin an election at term 79 for -1: [90ecfa43-dab6-49d9-b30c-40ef62bfdf2a:192.168.157.252:34192, 687f579d-1680-4dd5-8b24-01f078298cef:192.168.157.252:37962, b8bf4e9b-064a-4520-981c-d6c40c833497:192.168.157.252:43407], old=null
2019-11-05 11:28:30,555 [grpc-default-executor-2] INFO  impl.RaftServerImpl (RaftServerImpl.java:setRole(184)) - b8bf4e9b-064a-4520-981c-d6c40c833497@group-E95DC8E8582E: changes role from  FOLLOWER to FOLLOWER at term 79 for recognizeCandidate:687f579d-1680-4dd5-8b24-01f078298cef
2019-11-05 11:28:30,556 [grpc-default-executor-2] INFO  impl.RoleInfo (RoleInfo.java:shutdownFollowerState(121)) - b8bf4e9b-064a-4520-981c-d6c40c833497: shutdown FollowerState
2019-11-05 11:28:30,556 [grpc-default-executor-2] INFO  impl.RoleInfo (RoleInfo.java:updateAndGet(143)) - b8bf4e9b-064a-4520-981c-d6c40c833497: start FollowerState
2019-11-05 11:28:30,556 [Thread-1259] INFO  impl.FollowerState (FollowerState.java:run(117)) - b8bf4e9b-064a-4520-981c-d6c40c833497@group-E95DC8E8582E-FollowerState was interrupted: java.lang.InterruptedException: sleep interrupted
2019-11-05 11:28:30,560 [grpc-default-executor-11] INFO  impl.RaftServerImpl (RaftServerImpl.java:setRole(184)) - 90ecfa43-dab6-49d9-b30c-40ef62bfdf2a@group-E95DC8E8582E: changes role from  FOLLOWER to FOLLOWER at term 79 for recognizeCandidate:687f579d-1680-4dd5-8b24-01f078298cef
2019-11-05 11:28:30,561 [grpc-default-executor-11] INFO  impl.RoleInfo (RoleInfo.java:shutdownFollowerState(121)) - 90ecfa43-dab6-49d9-b30c-40ef62bfdf2a: shutdown FollowerState
2019-11-05 11:28:30,561 [grpc-default-executor-11] INFO  impl.RoleInfo (RoleInfo.java:updateAndGet(143)) - 90ecfa43-dab6-49d9-b30c-40ef62bfdf2a: start FollowerState
2019-11-05 11:28:30,562 [Thread-1258] INFO  impl.FollowerState (FollowerState.java:run(117)) - 90ecfa43-dab6-49d9-b30c-40ef62bfdf2a@group-E95DC8E8582E-FollowerState was interrupted: java.lang.InterruptedException: sleep interrupted
2019-11-05 11:28:30,582 [Thread-1257] INFO  impl.FollowerState (FollowerState.java:run(108)) - f7e9932d-fd96-469a-9353-68e47138e5ff@group-21C72E9484D5-FollowerState: change to CANDIDATE, lastRpcTime:195ms, electionTimeout:193ms
2019-11-05 11:28:30,583 [Thread-1257] INFO  impl.RoleInfo (RoleInfo.java:shutdownFollowerState(121)) - f7e9932d-fd96-469a-9353-68e47138e5ff: shutdown FollowerState
2019-11-05 11:28:30,583 [Thread-1257] INFO  impl.RaftServerImpl (RaftServerImpl.java:setRole(184)) - f7e9932d-fd96-469a-9353-68e47138e5ff@group-21C72E9484D5: changes role from  FOLLOWER to CANDIDATE at term 66 for changeToCandidate
2019-11-05 11:28:30,584 [Thread-1257] INFO  impl.RoleInfo (RoleInfo.java:updateAndGet(143)) - f7e9932d-fd96-469a-9353-68e47138e5ff: start LeaderElection
2019-11-05 11:28:30,587 [687f579d-1680-4dd5-8b24-01f078298cef@group-E95DC8E8582E-LeaderElection119] INFO  impl.LeaderElection (LeaderElection.java:logAndReturn(56)) - 687f579d-1680-4dd5-8b24-01f078298cef@group-E95DC8E8582E-LeaderElection119: Election REJECTED; received 2 response(s) [687f579d-1680-4dd5-8b24-01f078298cef<-90ecfa43-dab6-49d9-b30c-40ef62bfdf2a#0:FAIL-t79, 687f579d-1680-4dd5-8b24-01f078298cef<-b8bf4e9b-064a-4520-981c-d6c40c833497#0:FAIL-t79] and 0 exception(s); 687f579d-1680-4dd5-8b24-01f078298cef@group-E95DC8E8582E:t79, leader=null, voted=687f579d-1680-4dd5-8b24-01f078298cef, raftlog=687f579d-1680-4dd5-8b24-01f078298cef@group-E95DC8E8582E-SegmentedRaftLog:OPENED:c-1,f-1,i0, conf=-1: [90ecfa43-dab6-49d9-b30c-40ef62bfdf2a:192.168.157.252:34192, 687f579d-1680-4dd5-8b24-01f078298cef:192.168.157.252:37962, b8bf4e9b-064a-4520-981c-d6c40c833497:192.168.157.252:43407], old=null
2019-11-05 11:28:30,610 [687f579d-1680-4dd5-8b24-01f078298cef@group-E95DC8E8582E-LeaderElection119] INFO  impl.RaftServerImpl (RaftServerImpl.java:setRole(184)) - 687f579d-1680-4dd5-8b24-01f078298cef@group-E95DC8E8582E: changes role from CANDIDATE to FOLLOWER at term 79 for DISCOVERED_A_NEW_TERM
2019-11-05 11:28:30,610 [687f579d-1680-4dd5-8b24-01f078298cef@group-E95DC8E8582E-LeaderElection119] INFO  impl.RoleInfo (RoleInfo.java:shutdownLeaderElection(134)) - 687f579d-1680-4dd5-8b24-01f078298cef: shutdown LeaderElection
2019-11-05 11:28:30,610 [687f579d-1680-4dd5-8b24-01f078298cef@group-E95DC8E8582E-LeaderElection119] INFO  impl.RoleInfo (RoleInfo.java:updateAndGet(143)) - 687f579d-1680-4dd5-8b24-01f078298cef: start FollowerState
2019-11-05 11:28:30,616 [f7e9932d-fd96-469a-9353-68e47138e5ff@group-21C72E9484D5-LeaderElection120] INFO  impl.LeaderElection (LeaderElection.java:askForVotes(178)) - f7e9932d-fd96-469a-9353-68e47138e5ff@group-21C72E9484D5-LeaderElection120: begin an election at term 67 for -1: [f7e9932d-fd96-469a-9353-68e47138e5ff:192.168.157.252:45025, 1eca16cc-5184-4e43-8e55-175d1516eae4:192.168.157.252:41127, 74a8fb36-eab9-4c53-b7cf-c565055de05a:192.168.157.252:42370], old=null
2019-11-05 11:28:30,620 [grpc-default-executor-2] INFO  impl.RaftServerImpl (RaftServerImpl.java:setRole(184)) - 74a8fb36-eab9-4c53-b7cf-c565055de05a@group-21C72E9484D5: changes role from  FOLLOWER to FOLLOWER at term 67 for recognizeCandidate:f7e9932d-fd96-469a-9353-68e47138e5ff
2019-11-05 11:28:30,620 [grpc-default-executor-2] INFO  impl.RoleInfo (RoleInfo.java:shutdownFollowerState(121)) - 74a8fb36-eab9-4c53-b7cf-c565055de05a: shutdown FollowerState
2019-11-05 11:28:30,621 [grpc-default-executor-2] INFO  impl.RoleInfo (RoleInfo.java:updateAndGet(143)) - 74a8fb36-eab9-4c53-b7cf-c565055de05a: start FollowerState
2019-11-05 11:28:30,620 [grpc-default-executor-11] INFO  impl.RaftServerImpl (RaftServerImpl.java:setRole(184)) - 1eca16cc-5184-4e43-8e55-175d1516eae4@group-21C72E9484D5: changes role from  FOLLOWER to FOLLOWER at term 67 for recognizeCandidate:f7e9932d-fd96-469a-9353-68e47138e5ff
2019-11-05 11:28:30,621 [grpc-default-executor-11] INFO  impl.RoleInfo (RoleInfo.java:shutdownFollowerState(121)) - 1eca16cc-5184-4e43-8e55-175d1516eae4: shutdown FollowerState
2019-11-05 11:28:30,621 [grpc-default-executor-11] INFO  impl.RoleInfo (RoleInfo.java:updateAndGet(143)) - 1eca16cc-5184-4e43-8e55-175d1516eae4: start FollowerState
2019-11-05 11:28:30,621 [Thread-1253] INFO  impl.FollowerState (FollowerState.java:run(117)) - 74a8fb36-eab9-4c53-b7cf-c565055de05a@group-21C72E9484D5-FollowerState was interrupted: java.lang.InterruptedException: sleep interrupted
2019-11-05 11:28:30,622 [Thread-1254] INFO  impl.FollowerState (FollowerState.java:run(117)) - 1eca16cc-5184-4e43-8e55-175d1516eae4@group-21C72E9484D5-FollowerState was interrupted: java.lang.InterruptedException: sleep interrupted
2019-11-05 11:28:30,644 [f7e9932d-fd96-469a-9353-68e47138e5ff@group-21C72E9484D5-LeaderElection120] INFO  impl.LeaderElection (LeaderElection.java:logAndReturn(56)) - f7e9932d-fd96-469a-9353-68e47138e5ff@group-21C72E9484D5-LeaderElection120: Election REJECTED; received 2 response(s) [f7e9932d-fd96-469a-9353-68e47138e5ff<-1eca16cc-5184-4e43-8e55-175d1516eae4#0:FAIL-t67, f7e9932d-fd96-469a-9353-68e47138e5ff<-74a8fb36-eab9-4c53-b7cf-c565055de05a#0:FAIL-t67] and 0 exception(s); f7e9932d-fd96-469a-9353-68e47138e5ff@group-21C72E9484D5:t67, leader=null, voted=f7e9932d-fd96-469a-9353-68e47138e5ff, raftlog=f7e9932d-fd96-469a-9353-68e47138e5ff@group-21C72E9484D5-SegmentedRaftLog:OPENED:c-1,f-1,i0, conf=-1: [f7e9932d-fd96-469a-9353-68e47138e5ff:192.168.157.252:45025, 1eca16cc-5184-4e43-8e55-175d1516eae4:192.168.157.252:41127, 74a8fb36-eab9-4c53-b7cf-c565055de05a:192.168.157.252:42370], old=null
2019-11-05 11:28:30,644 [f7e9932d-fd96-469a-9353-68e47138e5ff@group-21C72E9484D5-LeaderElection120] INFO  impl.RaftServerImpl (RaftServerImpl.java:setRole(184)) - f7e9932d-fd96-469a-9353-68e47138e5ff@group-21C72E9484D5: changes role from CANDIDATE to FOLLOWER at term 67 for DISCOVERED_A_NEW_TERM
2019-11-05 11:28:30,644 [f7e9932d-fd96-469a-9353-68e47138e5ff@group-21C72E9484D5-LeaderElection120] INFO  impl.RoleInfo (RoleInfo.java:shutdownLeaderElection(134)) - f7e9932d-fd96-469a-9353-68e47138e5ff: shutdown LeaderElection
2019-11-05 11:28:30,644 [f7e9932d-fd96-469a-9353-68e47138e5ff@group-21C72E9484D5-LeaderElection120] INFO  impl.RoleInfo (RoleInfo.java:updateAndGet(143)) - f7e9932d-fd96-469a-9353-68e47138e5ff: start FollowerState
2019-11-05 11:28:30,666 [Thread-1269] INFO  impl.FollowerState (FollowerState.java:run(108)) - 687f579d-1680-4dd5-8b24-01f078298cef@group-E95DC8E8582E-FollowerState: change to CANDIDATE, lastRpcTime:55ms, electionTimeout:55ms
2019-11-05 11:28:30,666 [Thread-1269] INFO  impl.RoleInfo (RoleInfo.java:shutdownFollowerState(121)) - 687f579d-1680-4dd5-8b24-01f078298cef: shutdown FollowerState
2019-11-05 11:28:30,666 [Thread-1269] INFO  impl.RaftServerImpl (RaftServerImpl.java:setRole(184)) - 687f579d-1680-4dd5-8b24-01f078298cef@group-E95DC8E8582E: changes role from  FOLLOWER to CANDIDATE at term 79 for changeToCandidate
2019-11-05 11:28:30,666 [Thread-1269] INFO  impl.RoleInfo (RoleInfo.java:updateAndGet(143)) - 687f579d-1680-4dd5-8b24-01f078298cef: start LeaderElection
2019-11-05 11:28:30,677 [687f579d-1680-4dd5-8b24-01f078298cef@group-E95DC8E8582E-LeaderElection121] INFO  impl.LeaderElection (LeaderElection.java:askForVotes(178)) - 687f579d-1680-4dd5-8b24-01f078298cef@group-E95DC8E8582E-LeaderElection121: begin an election at term 80 for -1: [90ecfa43-dab6-49d9-b30c-40ef62bfdf2a:192.168.157.252:34192, 687f579d-1680-4dd5-8b24-01f078298cef:192.168.157.252:37962, b8bf4e9b-064a-4520-981c-d6c40c833497:192.168.157.252:43407], old=null
2019-11-05 11:28:30,680 [grpc-default-executor-2] INFO  impl.RaftServerImpl (RaftServerImpl.java:setRole(184)) - 90ecfa43-dab6-49d9-b30c-40ef62bfdf2a@group-E95DC8E8582E: changes role from  FOLLOWER to FOLLOWER at term 80 for recognizeCandidate:687f579d-1680-4dd5-8b24-01f078298cef
2019-11-05 11:28:30,681 [grpc-default-executor-2] INFO  impl.RoleInfo (RoleInfo.java:shutdownFollowerState(121)) - 90ecfa43-dab6-49d9-b30c-40ef62bfdf2a: shutdown FollowerState
2019-11-05 11:28:30,681 [Thread-1266] INFO  impl.FollowerState (FollowerState.java:run(117)) - 90ecfa43-dab6-49d9-b30c-40ef62bfdf2a@group-E95DC8E8582E-FollowerState was interrupted: java.lang.InterruptedException: sleep interrupted
2019-11-05 11:28:30,681 [grpc-default-executor-2] INFO  impl.RoleInfo (RoleInfo.java:updateAndGet(143)) - 90ecfa43-dab6-49d9-b30c-40ef62bfdf2a: start FollowerState
2019-11-05 11:28:30,684 [grpc-default-executor-11] INFO  impl.RaftServerImpl (RaftServerImpl.java:setRole(184)) - b8bf4e9b-064a-4520-981c-d6c40c833497@group-E95DC8E8582E: changes role from  FOLLOWER to FOLLOWER at term 80 for recognizeCandidate:687f579d-1680-4dd5-8b24-01f078298cef
2019-11-05 11:28:30,684 [grpc-default-executor-11] INFO  impl.RoleInfo (RoleInfo.java:shutdownFollowerState(121)) - b8bf4e9b-064a-4520-981c-d6c40c833497: shutdown FollowerState
2019-11-05 11:28:30,692 [grpc-default-executor-11] INFO  impl.RoleInfo (RoleInfo.java:updateAndGet(143)) - b8bf4e9b-064a-4520-981c-d6c40c833497: start FollowerState
2019-11-05 11:28:30,692 [Thread-1265] INFO  impl.FollowerState (FollowerState.java:run(117)) - b8bf4e9b-064a-4520-981c-d6c40c833497@group-E95DC8E8582E-FollowerState was interrupted: java.lang.InterruptedException: sleep interrupted
2019-11-05 11:28:30,704 [687f579d-1680-4dd5-8b24-01f078298cef@group-E95DC8E8582E-LeaderElection121] INFO  impl.LeaderElection (LeaderElection.java:logAndReturn(56)) - 687f579d-1680-4dd5-8b24-01f078298cef@group-E95DC8E8582E-LeaderElection121: Election REJECTED; received 2 response(s) [687f579d-1680-4dd5-8b24-01f078298cef<-90ecfa43-dab6-49d9-b30c-40ef62bfdf2a#0:FAIL-t80, 687f579d-1680-4dd5-8b24-01f078298cef<-b8bf4e9b-064a-4520-981c-d6c40c833497#0:FAIL-t80] and 0 exception(s); 687f579d-1680-4dd5-8b24-01f078298cef@group-E95DC8E8582E:t80, leader=null, voted=687f579d-1680-4dd5-8b24-01f078298cef, raftlog=687f579d-1680-4dd5-8b24-01f078298cef@group-E95DC8E8582E-SegmentedRaftLog:OPENED:c-1,f-1,i0, conf=-1: [90ecfa43-dab6-49d9-b30c-40ef62bfdf2a:192.168.157.252:34192, 687f579d-1680-4dd5-8b24-01f078298cef:192.168.157.252:37962, b8bf4e9b-064a-4520-981c-d6c40c833497:192.168.157.252:43407], old=null
2019-11-05 11:28:30,704 [687f579d-1680-4dd5-8b24-01f078298cef@group-E95DC8E8582E-LeaderElection121] INFO  impl.RaftServerImpl (RaftServerImpl.java:setRole(184)) - 687f579d-1680-4dd5-8b24-01f078298cef@group-E95DC8E8582E: changes role from CANDIDATE to FOLLOWER at term 80 for DISCOVERED_A_NEW_TERM
2019-11-05 11:28:30,704 [687f579d-1680-4dd5-8b24-01f078298cef@group-E95DC8E8582E-LeaderElection121] INFO  impl.RoleInfo (RoleInfo.java:shutdownLeaderElection(134)) - 687f579d-1680-4dd5-8b24-01f078298cef: shutdown LeaderElection
2019-11-05 11:28:30,704 [687f579d-1680-4dd5-8b24-01f078298cef@group-E95DC8E8582E-LeaderElection121] INFO  impl.RoleInfo (RoleInfo.java:updateAndGet(143)) - 687f579d-1680-4dd5-8b24-01f078298cef: start FollowerState
2019-11-05 11:28:30,745 [Thread-1274] INFO  impl.FollowerState (FollowerState.java:run(108)) - f7e9932d-fd96-469a-9353-68e47138e5ff@group-21C72E9484D5-FollowerState: change to CANDIDATE, lastRpcTime:100ms, electionTimeout:94ms
2019-11-05 11:28:30,745 [Thread-1274] INFO  impl.RoleInfo (RoleInfo.java:shutdownFollowerState(121)) - f7e9932d-fd96-469a-9353-68e47138e5ff: shutdown FollowerState
2019-11-05 11:28:30,745 [Thread-1274] INFO  impl.RaftServerImpl (RaftServerImpl.java:setRole(184)) - f7e9932d-fd96-469a-9353-68e47138e5ff@group-21C72E9484D5: changes role from  FOLLOWER to CANDIDATE at term 67 for changeToCandidate
2019-11-05 11:28:30,745 [Thread-1274] INFO  impl.RoleInfo (RoleInfo.java:updateAndGet(143)) - f7e9932d-fd96-469a-9353-68e47138e5ff: start LeaderElection
2019-11-05 11:28:30,754 [f7e9932d-fd96-469a-9353-68e47138e5ff@group-21C72E9484D5-LeaderElection122] INFO  impl.LeaderElection (LeaderElection.java:askForVotes(178)) - f7e9932d-fd96-469a-9353-68e47138e5ff@group-21C72E9484D5-LeaderElection122: begin an election at term 68 for -1: [f7e9932d-fd96-469a-9353-68e47138e5ff:192.168.157.252:45025, 1eca16cc-5184-4e43-8e55-175d1516eae4:192.168.157.252:41127, 74a8fb36-eab9-4c53-b7cf-c565055de05a:192.168.157.252:42370], old=null
2019-11-05 11:28:30,757 [grpc-default-executor-11] INFO  impl.RaftServerImpl (RaftServerImpl.java:setRole(184)) - 1eca16cc-5184-4e43-8e55-175d1516eae4@group-21C72E9484D5: changes role from  FOLLOWER to FOLLOWER at term 68 for recognizeCandidate:f7e9932d-fd96-469a-9353-68e47138e5ff
2019-11-05 11:28:30,758 [grpc-default-executor-11] INFO  impl.RoleInfo (RoleInfo.java:shutdownFollowerState(121)) - 1eca16cc-5184-4e43-8e55-175d1516eae4: shutdown FollowerState
2019-11-05 11:28:30,762 [grpc-default-executor-11] INFO  impl.RoleInfo (RoleInfo.java:updateAndGet(143)) - 1eca16cc-5184-4e43-8e55-175d1516eae4: start FollowerState
2019-11-05 11:28:30,762 [Thread-1273] INFO  impl.FollowerState (FollowerState.java:run(117)) - 1eca16cc-5184-4e43-8e55-175d1516eae4@group-21C72E9484D5-FollowerState was interrupted: java.lang.InterruptedException: sleep interrupted
2019-11-05 11:28:30,763 [grpc-default-executor-2] INFO  impl.RaftServerImpl (RaftServerImpl.java:setRole(184)) - 74a8fb36-eab9-4c53-b7cf-c565055de05a@group-21C72E9484D5: changes role from  FOLLOWER to FOLLOWER at term 68 for recognizeCandidate:f7e9932d-fd96-469a-9353-68e47138e5ff
2019-11-05 11:28:30,764 [grpc-default-executor-2] INFO  impl.RoleInfo (RoleInfo.java:shutdownFollowerState(121)) - 74a8fb36-eab9-4c53-b7cf-c565055de05a: shutdown FollowerState
2019-11-05 11:28:30,772 [grpc-default-executor-2] INFO  impl.RoleInfo (RoleInfo.java:updateAndGet(143)) - 74a8fb36-eab9-4c53-b7cf-c565055de05a: start FollowerState
2019-11-05 11:28:30,774 [Thread-1272] INFO  impl.FollowerState (FollowerState.java:run(117)) - 74a8fb36-eab9-4c53-b7cf-c565055de05a@group-21C72E9484D5-FollowerState was interrupted: java.lang.InterruptedException: sleep interrupted
2019-11-05 11:28:30,786 [f7e9932d-fd96-469a-9353-68e47138e5ff@group-21C72E9484D5-LeaderElection122] INFO  impl.LeaderElection (LeaderElection.java:logAndReturn(56)) - f7e9932d-fd96-469a-9353-68e47138e5ff@group-21C72E9484D5-LeaderElection122: Election REJECTED; received 2 response(s) [f7e9932d-fd96-469a-9353-68e47138e5ff<-1eca16cc-5184-4e43-8e55-175d1516eae4#0:FAIL-t68, f7e9932d-fd96-469a-9353-68e47138e5ff<-74a8fb36-eab9-4c53-b7cf-c565055de05a#0:FAIL-t68] and 0 exception(s); f7e9932d-fd96-469a-9353-68e47138e5ff@group-21C72E9484D5:t68, leader=null, voted=f7e9932d-fd96-469a-9353-68e47138e5ff, raftlog=f7e9932d-fd96-469a-9353-68e47138e5ff@group-21C72E9484D5-SegmentedRaftLog:OPENED:c-1,f-1,i0, conf=-1: [f7e9932d-fd96-469a-9353-68e47138e5ff:192.168.157.252:45025, 1eca16cc-5184-4e43-8e55-175d1516eae4:192.168.157.252:41127, 74a8fb36-eab9-4c53-b7cf-c565055de05a:192.168.157.252:42370], old=null
2019-11-05 11:28:30,786 [f7e9932d-fd96-469a-9353-68e47138e5ff@group-21C72E9484D5-LeaderElection122] INFO  impl.RaftServerImpl (RaftServerImpl.java:setRole(184)) - f7e9932d-fd96-469a-9353-68e47138e5ff@group-21C72E9484D5: changes role from CANDIDATE to FOLLOWER at term 68 for DISCOVERED_A_NEW_TERM
2019-11-05 11:28:30,787 [f7e9932d-fd96-469a-9353-68e47138e5ff@group-21C72E9484D5-LeaderElection122] INFO  impl.RoleInfo (RoleInfo.java:shutdownLeaderElection(134)) - f7e9932d-fd96-469a-9353-68e47138e5ff: shutdown LeaderElection
2019-11-05 11:28:30,787 [f7e9932d-fd96-469a-9353-68e47138e5ff@group-21C72E9484D5-LeaderElection122] INFO  impl.RoleInfo (RoleInfo.java:updateAndGet(143)) - f7e9932d-fd96-469a-9353-68e47138e5ff: start FollowerState
2019-11-05 11:28:30,789 [Thread-1280] INFO  impl.FollowerState (FollowerState.java:run(108)) - 687f579d-1680-4dd5-8b24-01f078298cef@group-E95DC8E8582E-FollowerState: change to CANDIDATE, lastRpcTime:84ms, electionTimeout:78ms
2019-11-05 11:28:30,789 [Thread-1280] INFO  impl.RoleInfo (RoleInfo.java:shutdownFollowerState(121)) - 687f579d-1680-4dd5-8b24-01f078298cef: shutdown FollowerState
2019-11-05 11:28:30,789 [Thread-1280] INFO  impl.RaftServerImpl (RaftServerImpl.java:setRole(184)) - 687f579d-1680-4dd5-8b24-01f078298cef@group-E95DC8E8582E: changes role from  FOLLOWER to CANDIDATE at term 80 for changeToCandidate
2019-11-05 11:28:30,792 [Thread-1280] INFO  impl.RoleInfo (RoleInfo.java:updateAndGet(143)) - 687f579d-1680-4dd5-8b24-01f078298cef: start LeaderElection
2019-11-05 11:28:30,809 [687f579d-1680-4dd5-8b24-01f078298cef@group-E95DC8E8582E-LeaderElection123] INFO  impl.LeaderElection (LeaderElection.java:askForVotes(178)) - 687f579d-1680-4dd5-8b24-01f078298cef@group-E95DC8E8582E-LeaderElection123: begin an election at term 81 for -1: [90ecfa43-dab6-49d9-b30c-40ef62bfdf2a:192.168.157.252:34192, 687f579d-1680-4dd5-8b24-01f078298cef:192.168.157.252:37962, b8bf4e9b-064a-4520-981c-d6c40c833497:192.168.157.252:43407], old=null
2019-11-05 11:28:30,811 [grpc-default-executor-2] INFO  impl.RaftServerImpl (RaftServerImpl.java:setRole(184)) - 90ecfa43-dab6-49d9-b30c-40ef62bfdf2a@group-E95DC8E8582E: changes role from  FOLLOWER to FOLLOWER at term 81 for recognizeCandidate:687f579d-1680-4dd5-8b24-01f078298cef
2019-11-05 11:28:30,811 [grpc-default-executor-11] INFO  impl.RaftServerImpl (RaftServerImpl.java:setRole(184)) - b8bf4e9b-064a-4520-981c-d6c40c833497@group-E95DC8E8582E: changes role from  FOLLOWER to FOLLOWER at term 81 for recognizeCandidate:687f579d-1680-4dd5-8b24-01f078298cef
2019-11-05 11:28:30,811 [grpc-default-executor-2] INFO  impl.RoleInfo (RoleInfo.java:shutdownFollowerState(121)) - 90ecfa43-dab6-49d9-b30c-40ef62bfdf2a: shutdown FollowerState
2019-11-05 11:28:30,811 [grpc-default-executor-11] INFO  impl.RoleInfo (RoleInfo.java:shutdownFollowerState(121)) - b8bf4e9b-064a-4520-981c-d6c40c833497: shutdown FollowerState
2019-11-05 11:28:30,812 [grpc-default-executor-2] INFO  impl.RoleInfo (RoleInfo.java:updateAndGet(143)) - 90ecfa43-dab6-49d9-b30c-40ef62bfdf2a: start FollowerState
2019-11-05 11:28:30,812 [Thread-1278] INFO  impl.FollowerState (FollowerState.java:run(117)) - 90ecfa43-dab6-49d9-b30c-40ef62bfdf2a@group-E95DC8E8582E-FollowerState was interrupted: java.lang.InterruptedException: sleep interrupted
2019-11-05 11:28:30,812 [grpc-default-executor-11] INFO  impl.RoleInfo (RoleInfo.java:updateAndGet(143)) - b8bf4e9b-064a-4520-981c-d6c40c833497: start FollowerState
2019-11-05 11:28:30,812 [Thread-1279] INFO  impl.FollowerState (FollowerState.java:run(117)) - b8bf4e9b-064a-4520-981c-d6c40c833497@group-E95DC8E8582E-FollowerState was interrupted: java.lang.InterruptedException: sleep interrupted
2019-11-05 11:28:30,819 [687f579d-1680-4dd5-8b24-01f078298cef@group-E95DC8E8582E-LeaderElection123] INFO  impl.LeaderElection (LeaderElection.java:logAndReturn(56)) - 687f579d-1680-4dd5-8b24-01f078298cef@group-E95DC8E8582E-LeaderElection123: Election REJECTED; received 2 response(s) [687f579d-1680-4dd5-8b24-01f078298cef<-90ecfa43-dab6-49d9-b30c-40ef62bfdf2a#0:FAIL-t81, 687f579d-1680-4dd5-8b24-01f078298cef<-b8bf4e9b-064a-4520-981c-d6c40c833497#0:FAIL-t81] and 0 exception(s); 687f579d-1680-4dd5-8b24-01f078298cef@group-E95DC8E8582E:t81, leader=null, voted=687f579d-1680-4dd5-8b24-01f078298cef, raftlog=687f579d-1680-4dd5-8b24-01f078298cef@group-E95DC8E8582E-SegmentedRaftLog:OPENED:c-1,f-1,i0, conf=-1: [90ecfa43-dab6-49d9-b30c-40ef62bfdf2a:192.168.157.252:34192, 687f579d-1680-4dd5-8b24-01f078298cef:192.168.157.252:37962, b8bf4e9b-064a-4520-981c-d6c40c833497:192.168.157.252:43407], old=null
2019-11-05 11:28:30,820 [687f579d-1680-4dd5-8b24-01f078298cef@group-E95DC8E8582E-LeaderElection123] INFO  impl.RaftServerImpl (RaftServerImpl.java:setRole(184)) - 687f579d-1680-4dd5-8b24-01f078298cef@group-E95DC8E8582E: changes role from CANDIDATE to FOLLOWER at term 81 for DISCOVERED_A_NEW_TERM
2019-11-05 11:28:30,820 [687f579d-1680-4dd5-8b24-01f078298cef@group-E95DC8E8582E-LeaderElection123] INFO  impl.RoleInfo (RoleInfo.java:shutdownLeaderElection(134)) - 687f579d-1680-4dd5-8b24-01f078298cef: shutdown LeaderElection
2019-11-05 11:28:30,820 [687f579d-1680-4dd5-8b24-01f078298cef@group-E95DC8E8582E-LeaderElection123] INFO  impl.RoleInfo (RoleInfo.java:updateAndGet(143)) - 687f579d-1680-4dd5-8b24-01f078298cef: start FollowerState
2019-11-05 11:28:30,890 [Thread-1286] INFO  impl.FollowerState (FollowerState.java:run(108)) - f7e9932d-fd96-469a-9353-68e47138e5ff@group-21C72E9484D5-FollowerState: change to CANDIDATE, lastRpcTime:103ms, electionTimeout:98ms
2019-11-05 11:28:30,891 [Thread-1286] INFO  impl.RoleInfo (RoleInfo.java:shutdownFollowerState(121)) - f7e9932d-fd96-469a-9353-68e47138e5ff: shutdown FollowerState
2019-11-05 11:28:30,891 [Thread-1286] INFO  impl.RaftServerImpl (RaftServerImpl.java:setRole(184)) - f7e9932d-fd96-469a-9353-68e47138e5ff@group-21C72E9484D5: changes role from  FOLLOWER to CANDIDATE at term 68 for changeToCandidate
2019-11-05 11:28:30,891 [Thread-1286] INFO  impl.RoleInfo (RoleInfo.java:updateAndGet(143)) - f7e9932d-fd96-469a-9353-68e47138e5ff: start LeaderElection
2019-11-05 11:28:30,907 [f7e9932d-fd96-469a-9353-68e47138e5ff@group-21C72E9484D5-LeaderElection124] INFO  impl.LeaderElection (LeaderElection.java:askForVotes(178)) - f7e9932d-fd96-469a-9353-68e47138e5ff@group-21C72E9484D5-LeaderElection124: begin an election at term 69 for -1: [f7e9932d-fd96-469a-9353-68e47138e5ff:192.168.157.252:45025, 1eca16cc-5184-4e43-8e55-175d1516eae4:192.168.157.252:41127, 74a8fb36-eab9-4c53-b7cf-c565055de05a:192.168.157.252:42370], old=null
2019-11-05 11:28:30,910 [grpc-default-executor-11] INFO  impl.RaftServerImpl (RaftServerImpl.java:setRole(184)) - 1eca16cc-5184-4e43-8e55-175d1516eae4@group-21C72E9484D5: changes role from  FOLLOWER to FOLLOWER at term 69 for recognizeCandidate:f7e9932d-fd96-469a-9353-68e47138e5ff
2019-11-05 11:28:30,910 [grpc-default-executor-11] INFO  impl.RoleInfo (RoleInfo.java:shutdownFollowerState(121)) - 1eca16cc-5184-4e43-8e55-175d1516eae4: shutdown FollowerState
2019-11-05 11:28:30,910 [grpc-default-executor-11] INFO  impl.RoleInfo (RoleInfo.java:updateAndGet(143)) - 1eca16cc-5184-4e43-8e55-175d1516eae4: start FollowerState
2019-11-05 11:28:30,911 [Thread-1284] INFO  impl.FollowerState (FollowerState.java:run(117)) - 1eca16cc-5184-4e43-8e55-175d1516eae4@group-21C72E9484D5-FollowerState was interrupted: java.lang.InterruptedException: sleep interrupted
2019-11-05 11:28:30,912 [grpc-default-executor-2] INFO  impl.RaftServerImpl (RaftServerImpl.java:setRole(184)) - 74a8fb36-eab9-4c53-b7cf-c565055de05a@group-21C72E9484D5: changes role from  FOLLOWER to FOLLOWER at term 69 for recognizeCandidate:f7e9932d-fd96-469a-9353-68e47138e5ff
2019-11-05 11:28:30,912 [grpc-default-executor-2] INFO  impl.RoleInfo (RoleInfo.java:shutdownFollowerState(121)) - 74a8fb36-eab9-4c53-b7cf-c565055de05a: shutdown FollowerState
2019-11-05 11:28:30,912 [grpc-default-executor-2] INFO  impl.RoleInfo (RoleInfo.java:updateAndGet(143)) - 74a8fb36-eab9-4c53-b7cf-c565055de05a: start FollowerState
2019-11-05 11:28:30,912 [Thread-1285] INFO  impl.FollowerState (FollowerState.java:run(117)) - 74a8fb36-eab9-4c53-b7cf-c565055de05a@group-21C72E9484D5-FollowerState was interrupted: java.lang.InterruptedException: sleep interrupted
2019-11-05 11:28:30,930 [f7e9932d-fd96-469a-9353-68e47138e5ff@group-21C72E9484D5-LeaderElection124] INFO  impl.LeaderElection (LeaderElection.java:logAndReturn(56)) - f7e9932d-fd96-469a-9353-68e47138e5ff@group-21C72E9484D5-LeaderElection124: Election REJECTED; received 2 response(s) [f7e9932d-fd96-469a-9353-68e47138e5ff<-1eca16cc-5184-4e43-8e55-175d1516eae4#0:FAIL-t69, f7e9932d-fd96-469a-9353-68e47138e5ff<-74a8fb36-eab9-4c53-b7cf-c565055de05a#0:FAIL-t69] and 0 exception(s); f7e9932d-fd96-469a-9353-68e47138e5ff@group-21C72E9484D5:t69, leader=null, voted=f7e9932d-fd96-469a-9353-68e47138e5ff, raftlog=f7e9932d-fd96-469a-9353-68e47138e5ff@group-21C72E9484D5-SegmentedRaftLog:OPENED:c-1,f-1,i0, conf=-1: [f7e9932d-fd96-469a-9353-68e47138e5ff:192.168.157.252:45025, 1eca16cc-5184-4e43-8e55-175d1516eae4:192.168.157.252:41127, 74a8fb36-eab9-4c53-b7cf-c565055de05a:192.168.157.252:42370], old=null
2019-11-05 11:28:30,930 [f7e9932d-fd96-469a-9353-68e47138e5ff@group-21C72E9484D5-LeaderElection124] INFO  impl.RaftServerImpl (RaftServerImpl.java:setRole(184)) - f7e9932d-fd96-469a-9353-68e47138e5ff@group-21C72E9484D5: changes role from CANDIDATE to FOLLOWER at term 69 for DISCOVERED_A_NEW_TERM
2019-11-05 11:28:30,931 [f7e9932d-fd96-469a-9353-68e47138e5ff@group-21C72E9484D5-LeaderElection124] INFO  impl.RoleInfo (RoleInfo.java:shutdownLeaderElection(134)) - f7e9932d-fd96-469a-9353-68e47138e5ff: shutdown LeaderElection
2019-11-05 11:28:30,931 [f7e9932d-fd96-469a-9353-68e47138e5ff@group-21C72E9484D5-LeaderElection124] INFO  impl.RoleInfo (RoleInfo.java:updateAndGet(143)) - f7e9932d-fd96-469a-9353-68e47138e5ff: start FollowerState
2019-11-05 11:28:30,946 [Thread-1292] INFO  impl.FollowerState (FollowerState.java:run(108)) - 687f579d-1680-4dd5-8b24-01f078298cef@group-E95DC8E8582E-FollowerState: change to CANDIDATE, lastRpcTime:126ms, electionTimeout:126ms
2019-11-05 11:28:30,947 [Thread-1292] INFO  impl.RoleInfo (RoleInfo.java:shutdownFollowerState(121)) - 687f579d-1680-4dd5-8b24-01f078298cef: shutdown FollowerState
2019-11-05 11:28:30,947 [Thread-1292] INFO  impl.RaftServerImpl (RaftServerImpl.java:setRole(184)) - 687f579d-1680-4dd5-8b24-01f078298cef@group-E95DC8E8582E: changes role from  FOLLOWER to CANDIDATE at term 81 for changeToCandidate
2019-11-05 11:28:30,947 [Thread-1292] INFO  impl.RoleInfo (RoleInfo.java:updateAndGet(143)) - 687f579d-1680-4dd5-8b24-01f078298cef: start LeaderElection
2019-11-05 11:28:30,953 [687f579d-1680-4dd5-8b24-01f078298cef@group-E95DC8E8582E-LeaderElection125] INFO  impl.LeaderElection (LeaderElection.java:askForVotes(178)) - 687f579d-1680-4dd5-8b24-01f078298cef@group-E95DC8E8582E-LeaderElection125: begin an election at term 82 for -1: [90ecfa43-dab6-49d9-b30c-40ef62bfdf2a:192.168.157.252:34192, 687f579d-1680-4dd5-8b24-01f078298cef:192.168.157.252:37962, b8bf4e9b-064a-4520-981c-d6c40c833497:192.168.157.252:43407], old=null
2019-11-05 11:28:30,957 [grpc-default-executor-2] INFO  impl.RaftServerImpl (RaftServerImpl.java:setRole(184)) - 90ecfa43-dab6-49d9-b30c-40ef62bfdf2a@group-E95DC8E8582E: changes role from  FOLLOWER to FOLLOWER at term 82 for recognizeCandidate:687f579d-1680-4dd5-8b24-01f078298cef
2019-11-05 11:28:30,957 [grpc-default-executor-2] INFO  impl.RoleInfo (RoleInfo.java:shutdownFollowerState(121)) - 90ecfa43-dab6-49d9-b30c-40ef62bfdf2a: shutdown FollowerState
2019-11-05 11:28:30,957 [grpc-default-executor-2] INFO  impl.RoleInfo (RoleInfo.java:updateAndGet(143)) - 90ecfa43-dab6-49d9-b30c-40ef62bfdf2a: start FollowerState
2019-11-05 11:28:30,958 [grpc-default-executor-11] INFO  impl.RaftServerImpl (RaftServerImpl.java:setRole(184)) - b8bf4e9b-064a-4520-981c-d6c40c833497@group-E95DC8E8582E: changes role from  FOLLOWER to FOLLOWER at term 82 for recognizeCandidate:687f579d-1680-4dd5-8b24-01f078298cef
2019-11-05 11:28:30,958 [grpc-default-executor-11] INFO  impl.RoleInfo (RoleInfo.java:shutdownFollowerState(121)) - b8bf4e9b-064a-4520-981c-d6c40c833497: shutdown FollowerState
2019-11-05 11:28:30,958 [Thread-1290] INFO  impl.FollowerState (FollowerState.java:run(117)) - 90ecfa43-dab6-49d9-b30c-40ef62bfdf2a@group-E95DC8E8582E-FollowerState was interrupted: java.lang.InterruptedException: sleep interrupted
2019-11-05 11:28:30,959 [grpc-default-executor-11] INFO  impl.RoleInfo (RoleInfo.java:updateAndGet(143)) - b8bf4e9b-064a-4520-981c-d6c40c833497: start FollowerState
2019-11-05 11:28:30,965 [Thread-1291] INFO  impl.FollowerState (FollowerState.java:run(117)) - b8bf4e9b-064a-4520-981c-d6c40c833497@group-E95DC8E8582E-FollowerState was interrupted: java.lang.InterruptedException: sleep interrupted
2019-11-05 11:28:30,968 [687f579d-1680-4dd5-8b24-01f078298cef@group-E95DC8E8582E-LeaderElection125] INFO  impl.LeaderElection (LeaderElection.java:logAndReturn(56)) - 687f579d-1680-4dd5-8b24-01f078298cef@group-E95DC8E8582E-LeaderElection125: Election TIMEOUT; received 1 response(s) [687f579d-1680-4dd5-8b24-01f078298cef<-90ecfa43-dab6-49d9-b30c-40ef62bfdf2a#0:FAIL-t82] and 0 exception(s); 687f579d-1680-4dd5-8b24-01f078298cef@group-E95DC8E8582E:t82, leader=null, voted=687f579d-1680-4dd5-8b24-01f078298cef, raftlog=687f579d-1680-4dd5-8b24-01f078298cef@group-E95DC8E8582E-SegmentedRaftLog:OPENED:c-1,f-1,i0, conf=-1: [90ecfa43-dab6-49d9-b30c-40ef62bfdf2a:192.168.157.252:34192, 687f579d-1680-4dd5-8b24-01f078298cef:192.168.157.252:37962, b8bf4e9b-064a-4520-981c-d6c40c833497:192.168.157.252:43407], old=null
2019-11-05 11:28:30,978 [687f579d-1680-4dd5-8b24-01f078298cef@group-E95DC8E8582E-LeaderElection125] INFO  impl.LeaderElection (LeaderElection.java:askForVotes(178)) - 687f579d-1680-4dd5-8b24-01f078298cef@group-E95DC8E8582E-LeaderElection125: begin an election at term 83 for -1: [90ecfa43-dab6-49d9-b30c-40ef62bfdf2a:192.168.157.252:34192, 687f579d-1680-4dd5-8b24-01f078298cef:192.168.157.252:37962, b8bf4e9b-064a-4520-981c-d6c40c833497:192.168.157.252:43407], old=null
2019-11-05 11:28:30,980 [grpc-default-executor-11] INFO  impl.RaftServerImpl (RaftServerImpl.java:setRole(184)) - b8bf4e9b-064a-4520-981c-d6c40c833497@group-E95DC8E8582E: changes role from  FOLLOWER to FOLLOWER at term 83 for recognizeCandidate:687f579d-1680-4dd5-8b24-01f078298cef
2019-11-05 11:28:30,980 [grpc-default-executor-11] INFO  impl.RoleInfo (RoleInfo.java:shutdownFollowerState(121)) - b8bf4e9b-064a-4520-981c-d6c40c833497: shutdown FollowerState
2019-11-05 11:28:30,980 [grpc-default-executor-2] INFO  impl.RaftServerImpl (RaftServerImpl.java:setRole(184)) - 90ecfa43-dab6-49d9-b30c-40ef62bfdf2a@group-E95DC8E8582E: changes role from  FOLLOWER to FOLLOWER at term 83 for recognizeCandidate:687f579d-1680-4dd5-8b24-01f078298cef
2019-11-05 11:28:30,981 [Thread-1303] INFO  impl.FollowerState (FollowerState.java:run(117)) - b8bf4e9b-064a-4520-981c-d6c40c833497@group-E95DC8E8582E-FollowerState was interrupted: java.lang.InterruptedException: sleep interrupted
2019-11-05 11:28:30,981 [grpc-default-executor-11] INFO  impl.RoleInfo (RoleInfo.java:updateAndGet(143)) - b8bf4e9b-064a-4520-981c-d6c40c833497: start FollowerState
2019-11-05 11:28:30,981 [grpc-default-executor-2] INFO  impl.RoleInfo (RoleInfo.java:shutdownFollowerState(121)) - 90ecfa43-dab6-49d9-b30c-40ef62bfdf2a: shutdown FollowerState
2019-11-05 11:28:30,981 [grpc-default-executor-2] INFO  impl.RoleInfo (RoleInfo.java:updateAndGet(143)) - 90ecfa43-dab6-49d9-b30c-40ef62bfdf2a: start FollowerState
2019-11-05 11:28:30,981 [Thread-1302] INFO  impl.FollowerState (FollowerState.java:run(117)) - 90ecfa43-dab6-49d9-b30c-40ef62bfdf2a@group-E95DC8E8582E-FollowerState was interrupted: java.lang.InterruptedException: sleep interrupted
2019-11-05 11:28:30,988 [687f579d-1680-4dd5-8b24-01f078298cef@group-E95DC8E8582E-LeaderElection125] INFO  impl.LeaderElection (LeaderElection.java:logAndReturn(56)) - 687f579d-1680-4dd5-8b24-01f078298cef@group-E95DC8E8582E-LeaderElection125: Election REJECTED; received 2 response(s) [687f579d-1680-4dd5-8b24-01f078298cef<-90ecfa43-dab6-49d9-b30c-40ef62bfdf2a#0:FAIL-t83, 687f579d-1680-4dd5-8b24-01f078298cef<-b8bf4e9b-064a-4520-981c-d6c40c833497#0:FAIL-t83] and 0 exception(s); 687f579d-1680-4dd5-8b24-01f078298cef@group-E95DC8E8582E:t83, leader=null, voted=687f579d-1680-4dd5-8b24-01f078298cef, raftlog=687f579d-1680-4dd5-8b24-01f078298cef@group-E95DC8E8582E-SegmentedRaftLog:OPENED:c-1,f-1,i0, conf=-1: [90ecfa43-dab6-49d9-b30c-40ef62bfdf2a:192.168.157.252:34192, 687f579d-1680-4dd5-8b24-01f078298cef:192.168.157.252:37962, b8bf4e9b-064a-4520-981c-d6c40c833497:192.168.157.252:43407], old=null
2019-11-05 11:28:30,989 [687f579d-1680-4dd5-8b24-01f078298cef@group-E95DC8E8582E-LeaderElection125] INFO  impl.RaftServerImpl (RaftServerImpl.java:setRole(184)) - 687f579d-1680-4dd5-8b24-01f078298cef@group-E95DC8E8582E: changes role from CANDIDATE to FOLLOWER at term 83 for DISCOVERED_A_NEW_TERM
2019-11-05 11:28:30,989 [687f579d-1680-4dd5-8b24-01f078298cef@group-E95DC8E8582E-LeaderElection125] INFO  impl.RoleInfo (RoleInfo.java:shutdownLeaderElection(134)) - 687f579d-1680-4dd5-8b24-01f078298cef: shutdown LeaderElection
2019-11-05 11:28:30,989 [687f579d-1680-4dd5-8b24-01f078298cef@group-E95DC8E8582E-LeaderElection125] INFO  impl.RoleInfo (RoleInfo.java:updateAndGet(143)) - 687f579d-1680-4dd5-8b24-01f078298cef: start FollowerState
2019-11-05 11:28:30,989 [Thread-1308] INFO  impl.FollowerState (FollowerState.java:run(108)) - 687f579d-1680-4dd5-8b24-01f078298cef@group-E95DC8E8582E-FollowerState: change to CANDIDATE, lastRpcTime:0ms, electionTimeout:0ms
2019-11-05 11:28:30,989 [Thread-1308] INFO  impl.RoleInfo (RoleInfo.java:shutdownFollowerState(121)) - 687f579d-1680-4dd5-8b24-01f078298cef: shutdown FollowerState
2019-11-05 11:28:30,989 [Thread-1308] INFO  impl.RaftServerImpl (RaftServerImpl.java:setRole(184)) - 687f579d-1680-4dd5-8b24-01f078298cef@group-E95DC8E8582E: changes role from  FOLLOWER to CANDIDATE at term 83 for changeToCandidate
2019-11-05 11:28:30,990 [Thread-1308] INFO  impl.RoleInfo (RoleInfo.java:updateAndGet(143)) - 687f579d-1680-4dd5-8b24-01f078298cef: start LeaderElection
2019-11-05 11:28:31,006 [687f579d-1680-4dd5-8b24-01f078298cef@group-E95DC8E8582E-LeaderElection126] INFO  impl.LeaderElection (LeaderElection.java:askForVotes(178)) - 687f579d-1680-4dd5-8b24-01f078298cef@group-E95DC8E8582E-LeaderElection126: begin an election at term 84 for -1: [90ecfa43-dab6-49d9-b30c-40ef62bfdf2a:192.168.157.252:34192, 687f579d-1680-4dd5-8b24-01f078298cef:192.168.157.252:37962, b8bf4e9b-064a-4520-981c-d6c40c833497:192.168.157.252:43407], old=null
2019-11-05 11:28:31,008 [grpc-default-executor-11] INFO  impl.RaftServerImpl (RaftServerImpl.java:setRole(184)) - b8bf4e9b-064a-4520-981c-d6c40c833497@group-E95DC8E8582E: changes role from  FOLLOWER to FOLLOWER at term 84 for recognizeCandidate:687f579d-1680-4dd5-8b24-01f078298cef
2019-11-05 11:28:31,008 [grpc-default-executor-2] INFO  impl.RaftServerImpl (RaftServerImpl.java:setRole(184)) - 90ecfa43-dab6-49d9-b30c-40ef62bfdf2a@group-E95DC8E8582E: changes role from  FOLLOWER to FOLLOWER at term 84 for recognizeCandidate:687f579d-1680-4dd5-8b24-01f078298cef
2019-11-05 11:28:31,008 [grpc-default-executor-11] INFO  impl.RoleInfo (RoleInfo.java:shutdownFollowerState(121)) - b8bf4e9b-064a-4520-981c-d6c40c833497: shutdown FollowerState
2019-11-05 11:28:31,008 [grpc-default-executor-2] INFO  impl.RoleInfo (RoleInfo.java:shutdownFollowerState(121)) - 90ecfa43-dab6-49d9-b30c-40ef62bfdf2a: shutdown FollowerState
2019-11-05 11:28:31,008 [Thread-1306] INFO  impl.FollowerState (FollowerState.java:run(117)) - b8bf4e9b-064a-4520-981c-d6c40c833497@group-E95DC8E8582E-FollowerState was interrupted: java.lang.InterruptedException: sleep interrupted
2019-11-05 11:28:31,008 [grpc-default-executor-11] INFO  impl.RoleInfo (RoleInfo.java:updateAndGet(143)) - b8bf4e9b-064a-4520-981c-d6c40c833497: start FollowerState
2019-11-05 11:28:31,008 [Thread-1307] INFO  impl.FollowerState (FollowerState.java:run(117)) - 90ecfa43-dab6-49d9-b30c-40ef62bfdf2a@group-E95DC8E8582E-FollowerState was interrupted: java.lang.InterruptedException: sleep interrupted
2019-11-05 11:28:31,008 [grpc-default-executor-2] INFO  impl.RoleInfo (RoleInfo.java:updateAndGet(143)) - 90ecfa43-dab6-49d9-b30c-40ef62bfdf2a: start FollowerState
2019-11-05 11:28:31,063 [687f579d-1680-4dd5-8b24-01f078298cef@group-E95DC8E8582E-LeaderElection126] INFO  impl.LeaderElection (LeaderElection.java:logAndReturn(56)) - 687f579d-1680-4dd5-8b24-01f078298cef@group-E95DC8E8582E-LeaderElection126: Election REJECTED; received 2 response(s) [687f579d-1680-4dd5-8b24-01f078298cef<-90ecfa43-dab6-49d9-b30c-40ef62bfdf2a#0:FAIL-t84, 687f579d-1680-4dd5-8b24-01f078298cef<-b8bf4e9b-064a-4520-981c-d6c40c833497#0:FAIL-t84] and 0 exception(s); 687f579d-1680-4dd5-8b24-01f078298cef@group-E95DC8E8582E:t84, leader=null, voted=687f579d-1680-4dd5-8b24-01f078298cef, raftlog=687f579d-1680-4dd5-8b24-01f078298cef@group-E95DC8E8582E-SegmentedRaftLog:OPENED:c-1,f-1,i0, conf=-1: [90ecfa43-dab6-49d9-b30c-40ef62bfdf2a:192.168.157.252:34192, 687f579d-1680-4dd5-8b24-01f078298cef:192.168.157.252:37962, b8bf4e9b-064a-4520-981c-d6c40c833497:192.168.157.252:43407], old=null
2019-11-05 11:28:31,063 [687f579d-1680-4dd5-8b24-01f078298cef@group-E95DC8E8582E-LeaderElection126] INFO  impl.RaftServerImpl (RaftServerImpl.java:setRole(184)) - 687f579d-1680-4dd5-8b24-01f078298cef@group-E95DC8E8582E: changes role from CANDIDATE to FOLLOWER at term 84 for DISCOVERED_A_NEW_TERM
2019-11-05 11:28:31,064 [687f579d-1680-4dd5-8b24-01f078298cef@group-E95DC8E8582E-LeaderElection126] INFO  impl.RoleInfo (RoleInfo.java:shutdownLeaderElection(134)) - 687f579d-1680-4dd5-8b24-01f078298cef: shutdown LeaderElection
2019-11-05 11:28:31,064 [687f579d-1680-4dd5-8b24-01f078298cef@group-E95DC8E8582E-LeaderElection126] INFO  impl.RoleInfo (RoleInfo.java:updateAndGet(143)) - 687f579d-1680-4dd5-8b24-01f078298cef: start FollowerState
2019-11-05 11:28:31,092 [Thread-1298] INFO  impl.FollowerState (FollowerState.java:run(108)) - f7e9932d-fd96-469a-9353-68e47138e5ff@group-21C72E9484D5-FollowerState: change to CANDIDATE, lastRpcTime:160ms, electionTimeout:160ms
2019-11-05 11:28:31,092 [Thread-1298] INFO  impl.RoleInfo (RoleInfo.java:shutdownFollowerState(121)) - f7e9932d-fd96-469a-9353-68e47138e5ff: shutdown FollowerState
2019-11-05 11:28:31,092 [Thread-1298] INFO  impl.RaftServerImpl (RaftServerImpl.java:setRole(184)) - f7e9932d-fd96-469a-9353-68e47138e5ff@group-21C72E9484D5: changes role from  FOLLOWER to CANDIDATE at term 69 for changeToCandidate
2019-11-05 11:28:31,092 [Thread-1298] INFO  impl.RoleInfo (RoleInfo.java:updateAndGet(143)) - f7e9932d-fd96-469a-9353-68e47138e5ff: start LeaderElection
2019-11-05 11:28:31,104 [f7e9932d-fd96-469a-9353-68e47138e5ff@group-21C72E9484D5-LeaderElection127] INFO  impl.LeaderElection (LeaderElection.java:askForVotes(178)) - f7e9932d-fd96-469a-9353-68e47138e5ff@group-21C72E9484D5-LeaderElection127: begin an election at term 70 for -1: [f7e9932d-fd96-469a-9353-68e47138e5ff:192.168.157.252:45025, 1eca16cc-5184-4e43-8e55-175d1516eae4:192.168.157.252:41127, 74a8fb36-eab9-4c53-b7cf-c565055de05a:192.168.157.252:42370], old=null
2019-11-05 11:28:31,106 [grpc-default-executor-2] INFO  impl.RaftServerImpl (RaftServerImpl.java:setRole(184)) - 1eca16cc-5184-4e43-8e55-175d1516eae4@group-21C72E9484D5: changes role from  FOLLOWER to FOLLOWER at term 70 for recognizeCandidate:f7e9932d-fd96-469a-9353-68e47138e5ff
2019-11-05 11:28:31,106 [grpc-default-executor-11] INFO  impl.RaftServerImpl (RaftServerImpl.java:setRole(184)) - 74a8fb36-eab9-4c53-b7cf-c565055de05a@group-21C72E9484D5: changes role from  FOLLOWER to FOLLOWER at term 70 for recognizeCandidate:f7e9932d-fd96-469a-9353-68e47138e5ff
2019-11-05 11:28:31,107 [grpc-default-executor-11] INFO  impl.RoleInfo (RoleInfo.java:shutdownFollowerState(121)) - 74a8fb36-eab9-4c53-b7cf-c565055de05a: shutdown FollowerState
2019-11-05 11:28:31,107 [grpc-default-executor-2] INFO  impl.RoleInfo (RoleInfo.java:shutdownFollowerState(121)) - 1eca16cc-5184-4e43-8e55-175d1516eae4: shutdown FollowerState
2019-11-05 11:28:31,107 [grpc-default-executor-11] INFO  impl.RoleInfo (RoleInfo.java:updateAndGet(143)) - 74a8fb36-eab9-4c53-b7cf-c565055de05a: start FollowerState
2019-11-05 11:28:31,107 [Thread-1296] INFO  impl.FollowerState (FollowerState.java:run(117)) - 1eca16cc-5184-4e43-8e55-175d1516eae4@group-21C72E9484D5-FollowerState was interrupted: java.lang.InterruptedException: sleep interrupted
2019-11-05 11:28:31,107 [grpc-default-executor-2] INFO  impl.RoleInfo (RoleInfo.java:updateAndGet(143)) - 1eca16cc-5184-4e43-8e55-175d1516eae4: start FollowerState
2019-11-05 11:28:31,108 [Thread-1297] INFO  impl.FollowerState (FollowerState.java:run(117)) - 74a8fb36-eab9-4c53-b7cf-c565055de05a@group-21C72E9484D5-FollowerState was interrupted: java.lang.InterruptedException: sleep interrupted
2019-11-05 11:28:31,122 [f7e9932d-fd96-469a-9353-68e47138e5ff@group-21C72E9484D5-LeaderElection127] INFO  impl.LeaderElection (LeaderElection.java:logAndReturn(56)) - f7e9932d-fd96-469a-9353-68e47138e5ff@group-21C72E9484D5-LeaderElection127: Election REJECTED; received 2 response(s) [f7e9932d-fd96-469a-9353-68e47138e5ff<-1eca16cc-5184-4e43-8e55-175d1516eae4#0:FAIL-t70, f7e9932d-fd96-469a-9353-68e47138e5ff<-74a8fb36-eab9-4c53-b7cf-c565055de05a#0:FAIL-t70] and 0 exception(s); f7e9932d-fd96-469a-9353-68e47138e5ff@group-21C72E9484D5:t70, leader=null, voted=f7e9932d-fd96-469a-9353-68e47138e5ff, raftlog=f7e9932d-fd96-469a-9353-68e47138e5ff@group-21C72E9484D5-SegmentedRaftLog:OPENED:c-1,f-1,i0, conf=-1: [f7e9932d-fd96-469a-9353-68e47138e5ff:192.168.157.252:45025, 1eca16cc-5184-4e43-8e55-175d1516eae4:192.168.157.252:41127, 74a8fb36-eab9-4c53-b7cf-c565055de05a:192.168.157.252:42370], old=null
2019-11-05 11:28:31,122 [f7e9932d-fd96-469a-9353-68e47138e5ff@group-21C72E9484D5-LeaderElection127] INFO  impl.RaftServerImpl (RaftServerImpl.java:setRole(184)) - f7e9932d-fd96-469a-9353-68e47138e5ff@group-21C72E9484D5: changes role from CANDIDATE to FOLLOWER at term 70 for DISCOVERED_A_NEW_TERM
2019-11-05 11:28:31,122 [f7e9932d-fd96-469a-9353-68e47138e5ff@group-21C72E9484D5-LeaderElection127] INFO  impl.RoleInfo (RoleInfo.java:shutdownLeaderElection(134)) - f7e9932d-fd96-469a-9353-68e47138e5ff: shutdown LeaderElection
2019-11-05 11:28:31,123 [f7e9932d-fd96-469a-9353-68e47138e5ff@group-21C72E9484D5-LeaderElection127] INFO  impl.RoleInfo (RoleInfo.java:updateAndGet(143)) - f7e9932d-fd96-469a-9353-68e47138e5ff: start FollowerState
2019-11-05 11:28:31,139 [Thread-1315] INFO  impl.FollowerState (FollowerState.java:run(108)) - 687f579d-1680-4dd5-8b24-01f078298cef@group-E95DC8E8582E-FollowerState: change to CANDIDATE, lastRpcTime:75ms, electionTimeout:75ms
2019-11-05 11:28:31,139 [Thread-1315] INFO  impl.RoleInfo (RoleInfo.java:shutdownFollowerState(121)) - 687f579d-1680-4dd5-8b24-01f078298cef: shutdown FollowerState
2019-11-05 11:28:31,140 [Thread-1315] INFO  impl.RaftServerImpl (RaftServerImpl.java:setRole(184)) - 687f579d-1680-4dd5-8b24-01f078298cef@group-E95DC8E8582E: changes role from  FOLLOWER to CANDIDATE at term 84 for changeToCandidate
2019-11-05 11:28:31,140 [Thread-1315] INFO  impl.RoleInfo (RoleInfo.java:updateAndGet(143)) - 687f579d-1680-4dd5-8b24-01f078298cef: start LeaderElection
2019-11-05 11:28:31,149 [687f579d-1680-4dd5-8b24-01f078298cef@group-E95DC8E8582E-LeaderElection128] INFO  impl.LeaderElection (LeaderElection.java:askForVotes(178)) - 687f579d-1680-4dd5-8b24-01f078298cef@group-E95DC8E8582E-LeaderElection128: begin an election at term 85 for -1: [90ecfa43-dab6-49d9-b30c-40ef62bfdf2a:192.168.157.252:34192, 687f579d-1680-4dd5-8b24-01f078298cef:192.168.157.252:37962, b8bf4e9b-064a-4520-981c-d6c40c833497:192.168.157.252:43407], old=null
2019-11-05 11:28:31,152 [grpc-default-executor-2] INFO  impl.RaftServerImpl (RaftServerImpl.java:setRole(184)) - 90ecfa43-dab6-49d9-b30c-40ef62bfdf2a@group-E95DC8E8582E: changes role from  FOLLOWER to FOLLOWER at term 85 for recognizeCandidate:687f579d-1680-4dd5-8b24-01f078298cef
2019-11-05 11:28:31,152 [grpc-default-executor-2] INFO  impl.RoleInfo (RoleInfo.java:shutdownFollowerState(121)) - 90ecfa43-dab6-49d9-b30c-40ef62bfdf2a: shutdown FollowerState
2019-11-05 11:28:31,152 [grpc-default-executor-2] INFO  impl.RoleInfo (RoleInfo.java:updateAndGet(143)) - 90ecfa43-dab6-49d9-b30c-40ef62bfdf2a: start FollowerState
2019-11-05 11:28:31,153 [grpc-default-executor-11] INFO  impl.RaftServerImpl (RaftServerImpl.java:setRole(184)) - b8bf4e9b-064a-4520-981c-d6c40c833497@group-E95DC8E8582E: changes role from  FOLLOWER to FOLLOWER at term 85 for recognizeCandidate:687f579d-1680-4dd5-8b24-01f078298cef
2019-11-05 11:28:31,153 [grpc-default-executor-11] INFO  impl.RoleInfo (RoleInfo.java:shutdownFollowerState(121)) - b8bf4e9b-064a-4520-981c-d6c40c833497: shutdown FollowerState
2019-11-05 11:28:31,154 [grpc-default-executor-11] INFO  impl.RoleInfo (RoleInfo.java:updateAndGet(143)) - b8bf4e9b-064a-4520-981c-d6c40c833497: start FollowerState
2019-11-05 11:28:31,158 [Thread-1313] INFO  impl.FollowerState (FollowerState.java:run(117)) - 90ecfa43-dab6-49d9-b30c-40ef62bfdf2a@group-E95DC8E8582E-FollowerState was interrupted: java.lang.InterruptedException: sleep interrupted
2019-11-05 11:28:31,159 [Thread-1312] INFO  impl.FollowerState (FollowerState.java:run(117)) - b8bf4e9b-064a-4520-981c-d6c40c833497@group-E95DC8E8582E-FollowerState was interrupted: java.lang.InterruptedException: sleep interrupted
2019-11-05 11:28:31,186 [687f579d-1680-4dd5-8b24-01f078298cef@group-E95DC8E8582E-LeaderElection128] INFO  impl.LeaderElection (LeaderElection.java:logAndReturn(56)) - 687f579d-1680-4dd5-8b24-01f078298cef@group-E95DC8E8582E-LeaderElection128: Election REJECTED; received 2 response(s) [687f579d-1680-4dd5-8b24-01f078298cef<-90ecfa43-dab6-49d9-b30c-40ef62bfdf2a#0:FAIL-t85, 687f579d-1680-4dd5-8b24-01f078298cef<-b8bf4e9b-064a-4520-981c-d6c40c833497#0:FAIL-t85] and 0 exception(s); 687f579d-1680-4dd5-8b24-01f078298cef@group-E95DC8E8582E:t85, leader=null, voted=687f579d-1680-4dd5-8b24-01f078298cef, raftlog=687f579d-1680-4dd5-8b24-01f078298cef@group-E95DC8E8582E-SegmentedRaftLog:OPENED:c-1,f-1,i0, conf=-1: [90ecfa43-dab6-49d9-b30c-40ef62bfdf2a:192.168.157.252:34192, 687f579d-1680-4dd5-8b24-01f078298cef:192.168.157.252:37962, b8bf4e9b-064a-4520-981c-d6c40c833497:192.168.157.252:43407], old=null
2019-11-05 11:28:31,187 [687f579d-1680-4dd5-8b24-01f078298cef@group-E95DC8E8582E-LeaderElection128] INFO  impl.RaftServerImpl (RaftServerImpl.java:setRole(184)) - 687f579d-1680-4dd5-8b24-01f078298cef@group-E95DC8E8582E: changes role from CANDIDATE to FOLLOWER at term 85 for DISCOVERED_A_NEW_TERM
2019-11-05 11:28:31,187 [687f579d-1680-4dd5-8b24-01f078298cef@group-E95DC8E8582E-LeaderElection128] INFO  impl.RoleInfo (RoleInfo.java:shutdownLeaderElection(134)) - 687f579d-1680-4dd5-8b24-01f078298cef: shutdown LeaderElection
2019-11-05 11:28:31,187 [687f579d-1680-4dd5-8b24-01f078298cef@group-E95DC8E8582E-LeaderElection128] INFO  impl.RoleInfo (RoleInfo.java:updateAndGet(143)) - 687f579d-1680-4dd5-8b24-01f078298cef: start FollowerState
2019-11-05 11:28:31,297 [Thread-1322] INFO  impl.FollowerState (FollowerState.java:run(108)) - f7e9932d-fd96-469a-9353-68e47138e5ff@group-21C72E9484D5-FollowerState: change to CANDIDATE, lastRpcTime:174ms, electionTimeout:174ms
2019-11-05 11:28:31,297 [Thread-1322] INFO  impl.RoleInfo (RoleInfo.java:shutdownFollowerState(121)) - f7e9932d-fd96-469a-9353-68e47138e5ff: shutdown FollowerState
2019-11-05 11:28:31,297 [Thread-1322] INFO  impl.RaftServerImpl (RaftServerImpl.java:setRole(184)) - f7e9932d-fd96-469a-9353-68e47138e5ff@group-21C72E9484D5: changes role from  FOLLOWER to CANDIDATE at term 70 for changeToCandidate
2019-11-05 11:28:31,298 [Thread-1322] INFO  impl.RoleInfo (RoleInfo.java:updateAndGet(143)) - f7e9932d-fd96-469a-9353-68e47138e5ff: start LeaderElection
2019-11-05 11:28:31,321 [f7e9932d-fd96-469a-9353-68e47138e5ff@group-21C72E9484D5-LeaderElection129] INFO  impl.LeaderElection (LeaderElection.java:askForVotes(178)) - f7e9932d-fd96-469a-9353-68e47138e5ff@group-21C72E9484D5-LeaderElection129: begin an election at term 71 for -1: [f7e9932d-fd96-469a-9353-68e47138e5ff:192.168.157.252:45025, 1eca16cc-5184-4e43-8e55-175d1516eae4:192.168.157.252:41127, 74a8fb36-eab9-4c53-b7cf-c565055de05a:192.168.157.252:42370], old=null
2019-11-05 11:28:31,327 [grpc-default-executor-2] INFO  impl.RaftServerImpl (RaftServerImpl.java:setRole(184)) - 1eca16cc-5184-4e43-8e55-175d1516eae4@group-21C72E9484D5: changes role from  FOLLOWER to FOLLOWER at term 71 for recognizeCandidate:f7e9932d-fd96-469a-9353-68e47138e5ff
2019-11-05 11:28:31,327 [grpc-default-executor-2] INFO  impl.RoleInfo (RoleInfo.java:shutdownFollowerState(121)) - 1eca16cc-5184-4e43-8e55-175d1516eae4: shutdown FollowerState
2019-11-05 11:28:31,327 [grpc-default-executor-2] INFO  impl.RoleInfo (RoleInfo.java:updateAndGet(143)) - 1eca16cc-5184-4e43-8e55-175d1516eae4: start FollowerState
2019-11-05 11:28:31,330 [Thread-1321] INFO  impl.FollowerState (FollowerState.java:run(117)) - 1eca16cc-5184-4e43-8e55-175d1516eae4@group-21C72E9484D5-FollowerState was interrupted: java.lang.InterruptedException: sleep interrupted
2019-11-05 11:28:31,334 [grpc-default-executor-11] INFO  impl.RaftServerImpl (RaftServerImpl.java:setRole(184)) - 74a8fb36-eab9-4c53-b7cf-c565055de05a@group-21C72E9484D5: changes role from  FOLLOWER to FOLLOWER at term 71 for recognizeCandidate:f7e9932d-fd96-469a-9353-68e47138e5ff
2019-11-05 11:28:31,334 [grpc-default-executor-11] INFO  impl.RoleInfo (RoleInfo.java:shutdownFollowerState(121)) - 74a8fb36-eab9-4c53-b7cf-c565055de05a: shutdown FollowerState
2019-11-05 11:28:31,341 [grpc-default-executor-11] INFO  impl.RoleInfo (RoleInfo.java:updateAndGet(143)) - 74a8fb36-eab9-4c53-b7cf-c565055de05a: start FollowerState
2019-11-05 11:28:31,342 [Thread-1320] INFO  impl.FollowerState (FollowerState.java:run(117)) - 74a8fb36-eab9-4c53-b7cf-c565055de05a@group-21C72E9484D5-FollowerState was interrupted: java.lang.InterruptedException: sleep interrupted
2019-11-05 11:28:31,372 [main] WARN  io.KeyOutputStream (KeyOutputStream.java:handleException(274)) - Encountered exception java.io.IOException: Unexpected Storage Container Exception: java.util.concurrent.CompletionException: java.util.concurrent.CompletionException: org.apache.ratis.protocol.RaftRetryFailureException: Failed RaftClientRequest:client-D4F89581B927->f7e9932d-fd96-469a-9353-68e47138e5ff@group-21C72E9484D5, cid=19, seq=1*, RW, cmdType: WriteChunk
traceID: "b27e584f3ef917fe:b27e584f3ef917fe:0:0"
containerID: 1
datanodeUuid: "f7e9932d-fd96-469a-9353-68e47138e5ff"
writeChunk {
  blockID {
    containerID: 1
    localID: 103085067468800000
    blockCommitSequenceId: 0
  }
  chunkData {
    chunkName: "103085067468800000_chunk_1"
    offset: 0
    len: 1048576
    checksumData {
      type: CRC32
      bytesPerChecksum: 1048576
      checksums: "\361\003\002\247"
    }
  }
}
, data.size=1048576 for 10 attempts with RetryLimited(maxAttempts=10, sleepTime=1000ms) on the pipeline Pipeline[ Id: 96ba2edb-8c68-46c8-ab0d-21c72e9484d5, Nodes: f7e9932d-fd96-469a-9353-68e47138e5ff{ip: 192.168.157.252, host: pr-hdds-1643-qwrct-1900426900, networkLocation: /default-rack, certSerialId: null}74a8fb36-eab9-4c53-b7cf-c565055de05a{ip: 192.168.157.252, host: pr-hdds-1643-qwrct-1900426900, networkLocation: /default-rack, certSerialId: null}1eca16cc-5184-4e43-8e55-175d1516eae4{ip: 192.168.157.252, host: pr-hdds-1643-qwrct-1900426900, networkLocation: /default-rack, certSerialId: null}, Type:RATIS, Factor:THREE, State:OPEN]. The last committed block length is 0, uncommitted data length is 2097152 retry count 0
2019-11-05 11:28:31,396 [Thread-1330] INFO  impl.FollowerState (FollowerState.java:run(108)) - 687f579d-1680-4dd5-8b24-01f078298cef@group-E95DC8E8582E-FollowerState: change to CANDIDATE, lastRpcTime:208ms, electionTimeout:182ms
2019-11-05 11:28:31,396 [Thread-1330] INFO  impl.RoleInfo (RoleInfo.java:shutdownFollowerState(121)) - 687f579d-1680-4dd5-8b24-01f078298cef: shutdown FollowerState
2019-11-05 11:28:31,397 [Thread-1330] INFO  impl.RaftServerImpl (RaftServerImpl.java:setRole(184)) - 687f579d-1680-4dd5-8b24-01f078298cef@group-E95DC8E8582E: changes role from  FOLLOWER to CANDIDATE at term 85 for changeToCandidate
2019-11-05 11:28:31,397 [Thread-1330] INFO  impl.RoleInfo (RoleInfo.java:updateAndGet(143)) - 687f579d-1680-4dd5-8b24-01f078298cef: start LeaderElection
2019-11-05 11:28:31,405 [f7e9932d-fd96-469a-9353-68e47138e5ff@group-21C72E9484D5-LeaderElection129] INFO  impl.LeaderElection (LeaderElection.java:logAndReturn(56)) - f7e9932d-fd96-469a-9353-68e47138e5ff@group-21C72E9484D5-LeaderElection129: Election REJECTED; received 2 response(s) [f7e9932d-fd96-469a-9353-68e47138e5ff<-1eca16cc-5184-4e43-8e55-175d1516eae4#0:FAIL-t71, f7e9932d-fd96-469a-9353-68e47138e5ff<-74a8fb36-eab9-4c53-b7cf-c565055de05a#0:FAIL-t71] and 0 exception(s); f7e9932d-fd96-469a-9353-68e47138e5ff@group-21C72E9484D5:t71, leader=null, voted=f7e9932d-fd96-469a-9353-68e47138e5ff, raftlog=f7e9932d-fd96-469a-9353-68e47138e5ff@group-21C72E9484D5-SegmentedRaftLog:OPENED:c-1,f-1,i0, conf=-1: [f7e9932d-fd96-469a-9353-68e47138e5ff:192.168.157.252:45025, 1eca16cc-5184-4e43-8e55-175d1516eae4:192.168.157.252:41127, 74a8fb36-eab9-4c53-b7cf-c565055de05a:192.168.157.252:42370], old=null
2019-11-05 11:28:31,405 [f7e9932d-fd96-469a-9353-68e47138e5ff@group-21C72E9484D5-LeaderElection129] INFO  impl.RaftServerImpl (RaftServerImpl.java:setRole(184)) - f7e9932d-fd96-469a-9353-68e47138e5ff@group-21C72E9484D5: changes role from CANDIDATE to FOLLOWER at term 71 for DISCOVERED_A_NEW_TERM
2019-11-05 11:28:31,405 [f7e9932d-fd96-469a-9353-68e47138e5ff@group-21C72E9484D5-LeaderElection129] INFO  impl.RoleInfo (RoleInfo.java:shutdownLeaderElection(134)) - f7e9932d-fd96-469a-9353-68e47138e5ff: shutdown LeaderElection
2019-11-05 11:28:31,406 [f7e9932d-fd96-469a-9353-68e47138e5ff@group-21C72E9484D5-LeaderElection129] INFO  impl.RoleInfo (RoleInfo.java:updateAndGet(143)) - f7e9932d-fd96-469a-9353-68e47138e5ff: start FollowerState
2019-11-05 11:28:31,407 [Thread-1337] INFO  impl.FollowerState (FollowerState.java:run(108)) - f7e9932d-fd96-469a-9353-68e47138e5ff@group-21C72E9484D5-FollowerState: change to CANDIDATE, lastRpcTime:1ms, electionTimeout:1ms
2019-11-05 11:28:31,408 [Thread-1337] INFO  impl.RoleInfo (RoleInfo.java:shutdownFollowerState(121)) - f7e9932d-fd96-469a-9353-68e47138e5ff: shutdown FollowerState
2019-11-05 11:28:31,408 [Thread-1337] INFO  impl.RaftServerImpl (RaftServerImpl.java:setRole(184)) - f7e9932d-fd96-469a-9353-68e47138e5ff@group-21C72E9484D5: changes role from  FOLLOWER to CANDIDATE at term 71 for changeToCandidate
2019-11-05 11:28:31,408 [Thread-1337] INFO  impl.RoleInfo (RoleInfo.java:updateAndGet(143)) - f7e9932d-fd96-469a-9353-68e47138e5ff: start LeaderElection
2019-11-05 11:28:31,426 [687f579d-1680-4dd5-8b24-01f078298cef@group-E95DC8E8582E-LeaderElection130] INFO  impl.LeaderElection (LeaderElection.java:askForVotes(178)) - 687f579d-1680-4dd5-8b24-01f078298cef@group-E95DC8E8582E-LeaderElection130: begin an election at term 86 for -1: [90ecfa43-dab6-49d9-b30c-40ef62bfdf2a:192.168.157.252:34192, 687f579d-1680-4dd5-8b24-01f078298cef:192.168.157.252:37962, b8bf4e9b-064a-4520-981c-d6c40c833497:192.168.157.252:43407], old=null
2019-11-05 11:28:31,429 [f7e9932d-fd96-469a-9353-68e47138e5ff@group-21C72E9484D5-LeaderElection131] INFO  impl.LeaderElection (LeaderElection.java:askForVotes(178)) - f7e9932d-fd96-469a-9353-68e47138e5ff@group-21C72E9484D5-LeaderElection131: begin an election at term 72 for -1: [f7e9932d-fd96-469a-9353-68e47138e5ff:192.168.157.252:45025, 1eca16cc-5184-4e43-8e55-175d1516eae4:192.168.157.252:41127, 74a8fb36-eab9-4c53-b7cf-c565055de05a:192.168.157.252:42370], old=null
2019-11-05 11:28:31,429 [grpc-default-executor-11] INFO  impl.RaftServerImpl (RaftServerImpl.java:setRole(184)) - 90ecfa43-dab6-49d9-b30c-40ef62bfdf2a@group-E95DC8E8582E: changes role from  FOLLOWER to FOLLOWER at term 86 for recognizeCandidate:687f579d-1680-4dd5-8b24-01f078298cef
2019-11-05 11:28:31,430 [grpc-default-executor-2] INFO  impl.RaftServerImpl (RaftServerImpl.java:setRole(184)) - b8bf4e9b-064a-4520-981c-d6c40c833497@group-E95DC8E8582E: changes role from  FOLLOWER to FOLLOWER at term 86 for recognizeCandidate:687f579d-1680-4dd5-8b24-01f078298cef
2019-11-05 11:28:31,430 [grpc-default-executor-2] INFO  impl.RoleInfo (RoleInfo.java:shutdownFollowerState(121)) - b8bf4e9b-064a-4520-981c-d6c40c833497: shutdown FollowerState
2019-11-05 11:28:31,430 [grpc-default-executor-11] INFO  impl.RoleInfo (RoleInfo.java:shutdownFollowerState(121)) - 90ecfa43-dab6-49d9-b30c-40ef62bfdf2a: shutdown FollowerState
2019-11-05 11:28:31,430 [grpc-default-executor-11] INFO  impl.RoleInfo (RoleInfo.java:updateAndGet(143)) - 90ecfa43-dab6-49d9-b30c-40ef62bfdf2a: start FollowerState
2019-11-05 11:28:31,430 [grpc-default-executor-1] INFO  impl.RaftServerImpl (RaftServerImpl.java:setRole(184)) - 1eca16cc-5184-4e43-8e55-175d1516eae4@group-21C72E9484D5: changes role from  FOLLOWER to FOLLOWER at term 72 for recognizeCandidate:f7e9932d-fd96-469a-9353-68e47138e5ff
2019-11-05 11:28:31,431 [grpc-default-executor-1] INFO  impl.RoleInfo (RoleInfo.java:shutdownFollowerState(121)) - 1eca16cc-5184-4e43-8e55-175d1516eae4: shutdown FollowerState
2019-11-05 11:28:31,435 [grpc-default-executor-1] INFO  impl.RoleInfo (RoleInfo.java:updateAndGet(143)) - 1eca16cc-5184-4e43-8e55-175d1516eae4: start FollowerState
2019-11-05 11:28:31,430 [grpc-default-executor-2] INFO  impl.RoleInfo (RoleInfo.java:updateAndGet(143)) - b8bf4e9b-064a-4520-981c-d6c40c833497: start FollowerState
2019-11-05 11:28:31,435 [Thread-1327] INFO  impl.FollowerState (FollowerState.java:run(117)) - b8bf4e9b-064a-4520-981c-d6c40c833497@group-E95DC8E8582E-FollowerState was interrupted: java.lang.InterruptedException: sleep interrupted
2019-11-05 11:28:31,437 [grpc-default-executor-10] INFO  impl.RaftServerImpl (RaftServerImpl.java:setRole(184)) - 74a8fb36-eab9-4c53-b7cf-c565055de05a@group-21C72E9484D5: changes role from  FOLLOWER to FOLLOWER at term 72 for recognizeCandidate:f7e9932d-fd96-469a-9353-68e47138e5ff
2019-11-05 11:28:31,435 [Thread-1334] INFO  impl.FollowerState (FollowerState.java:run(117)) - 1eca16cc-5184-4e43-8e55-175d1516eae4@group-21C72E9484D5-FollowerState was interrupted: java.lang.InterruptedException: sleep interrupted
2019-11-05 11:28:31,430 [Thread-1326] INFO  impl.FollowerState (FollowerState.java:run(117)) - 90ecfa43-dab6-49d9-b30c-40ef62bfdf2a@group-E95DC8E8582E-FollowerState was interrupted: java.lang.InterruptedException: sleep interrupted
2019-11-05 11:28:31,438 [grpc-default-executor-10] INFO  impl.RoleInfo (RoleInfo.java:shutdownFollowerState(121)) - 74a8fb36-eab9-4c53-b7cf-c565055de05a: shutdown FollowerState
2019-11-05 11:28:31,438 [grpc-default-executor-10] INFO  impl.RoleInfo (RoleInfo.java:updateAndGet(143)) - 74a8fb36-eab9-4c53-b7cf-c565055de05a: start FollowerState
2019-11-05 11:28:31,438 [Thread-1335] INFO  impl.FollowerState (FollowerState.java:run(117)) - 74a8fb36-eab9-4c53-b7cf-c565055de05a@group-21C72E9484D5-FollowerState was interrupted: java.lang.InterruptedException: sleep interrupted
2019-11-05 11:28:31,456 [687f579d-1680-4dd5-8b24-01f078298cef@group-E95DC8E8582E-LeaderElection130] INFO  impl.LeaderElection (LeaderElection.java:logAndReturn(56)) - 687f579d-1680-4dd5-8b24-01f078298cef@group-E95DC8E8582E-LeaderElection130: Election REJECTED; received 2 response(s) [687f579d-1680-4dd5-8b24-01f078298cef<-90ecfa43-dab6-49d9-b30c-40ef62bfdf2a#0:FAIL-t86, 687f579d-1680-4dd5-8b24-01f078298cef<-b8bf4e9b-064a-4520-981c-d6c40c833497#0:FAIL-t86] and 0 exception(s); 687f579d-1680-4dd5-8b24-01f078298cef@group-E95DC8E8582E:t86, leader=null, voted=687f579d-1680-4dd5-8b24-01f078298cef, raftlog=687f579d-1680-4dd5-8b24-01f078298cef@group-E95DC8E8582E-SegmentedRaftLog:OPENED:c-1,f-1,i0, conf=-1: [90ecfa43-dab6-49d9-b30c-40ef62bfdf2a:192.168.157.252:34192, 687f579d-1680-4dd5-8b24-01f078298cef:192.168.157.252:37962, b8bf4e9b-064a-4520-981c-d6c40c833497:192.168.157.252:43407], old=null
2019-11-05 11:28:31,457 [687f579d-1680-4dd5-8b24-01f078298cef@group-E95DC8E8582E-LeaderElection130] INFO  impl.RaftServerImpl (RaftServerImpl.java:setRole(184)) - 687f579d-1680-4dd5-8b24-01f078298cef@group-E95DC8E8582E: changes role from CANDIDATE to FOLLOWER at term 86 for DISCOVERED_A_NEW_TERM
2019-11-05 11:28:31,457 [687f579d-1680-4dd5-8b24-01f078298cef@group-E95DC8E8582E-LeaderElection130] INFO  impl.RoleInfo (RoleInfo.java:shutdownLeaderElection(134)) - 687f579d-1680-4dd5-8b24-01f078298cef: shutdown LeaderElection
2019-11-05 11:28:31,457 [687f579d-1680-4dd5-8b24-01f078298cef@group-E95DC8E8582E-LeaderElection130] INFO  impl.RoleInfo (RoleInfo.java:updateAndGet(143)) - 687f579d-1680-4dd5-8b24-01f078298cef: start FollowerState
2019-11-05 11:28:31,466 [f7e9932d-fd96-469a-9353-68e47138e5ff@group-21C72E9484D5-LeaderElection131] INFO  impl.LeaderElection (LeaderElection.java:logAndReturn(56)) - f7e9932d-fd96-469a-9353-68e47138e5ff@group-21C72E9484D5-LeaderElection131: Election REJECTED; received 2 response(s) [f7e9932d-fd96-469a-9353-68e47138e5ff<-1eca16cc-5184-4e43-8e55-175d1516eae4#0:FAIL-t72, f7e9932d-fd96-469a-9353-68e47138e5ff<-74a8fb36-eab9-4c53-b7cf-c565055de05a#0:FAIL-t72] and 0 exception(s); f7e9932d-fd96-469a-9353-68e47138e5ff@group-21C72E9484D5:t72, leader=null, voted=f7e9932d-fd96-469a-9353-68e47138e5ff, raftlog=f7e9932d-fd96-469a-9353-68e47138e5ff@group-21C72E9484D5-SegmentedRaftLog:OPENED:c-1,f-1,i0, conf=-1: [f7e9932d-fd96-469a-9353-68e47138e5ff:192.168.157.252:45025, 1eca16cc-5184-4e43-8e55-175d1516eae4:192.168.157.252:41127, 74a8fb36-eab9-4c53-b7cf-c565055de05a:192.168.157.252:42370], old=null
2019-11-05 11:28:31,466 [f7e9932d-fd96-469a-9353-68e47138e5ff@group-21C72E9484D5-LeaderElection131] INFO  impl.RaftServerImpl (RaftServerImpl.java:setRole(184)) - f7e9932d-fd96-469a-9353-68e47138e5ff@group-21C72E9484D5: changes role from CANDIDATE to FOLLOWER at term 72 for DISCOVERED_A_NEW_TERM
2019-11-05 11:28:31,466 [f7e9932d-fd96-469a-9353-68e47138e5ff@group-21C72E9484D5-LeaderElection131] INFO  impl.RoleInfo (RoleInfo.java:shutdownLeaderElection(134)) - f7e9932d-fd96-469a-9353-68e47138e5ff: shutdown LeaderElection
2019-11-05 11:28:31,466 [f7e9932d-fd96-469a-9353-68e47138e5ff@group-21C72E9484D5-LeaderElection131] INFO  impl.RoleInfo (RoleInfo.java:updateAndGet(143)) - f7e9932d-fd96-469a-9353-68e47138e5ff: start FollowerState
2019-11-05 11:28:31,623 [Thread-1348] INFO  impl.FollowerState (FollowerState.java:run(108)) - 687f579d-1680-4dd5-8b24-01f078298cef@group-E95DC8E8582E-FollowerState: change to CANDIDATE, lastRpcTime:166ms, electionTimeout:164ms
2019-11-05 11:28:31,623 [Thread-1348] INFO  impl.RoleInfo (RoleInfo.java:shutdownFollowerState(121)) - 687f579d-1680-4dd5-8b24-01f078298cef: shutdown FollowerState
2019-11-05 11:28:31,624 [Thread-1348] INFO  impl.RaftServerImpl (RaftServerImpl.java:setRole(184)) - 687f579d-1680-4dd5-8b24-01f078298cef@group-E95DC8E8582E: changes role from  FOLLOWER to CANDIDATE at term 86 for changeToCandidate
2019-11-05 11:28:31,624 [Thread-1348] INFO  impl.RoleInfo (RoleInfo.java:updateAndGet(143)) - 687f579d-1680-4dd5-8b24-01f078298cef: start LeaderElection
2019-11-05 11:28:31,638 [687f579d-1680-4dd5-8b24-01f078298cef@group-E95DC8E8582E-LeaderElection132] INFO  impl.LeaderElection (LeaderElection.java:askForVotes(178)) - 687f579d-1680-4dd5-8b24-01f078298cef@group-E95DC8E8582E-LeaderElection132: begin an election at term 87 for -1: [90ecfa43-dab6-49d9-b30c-40ef62bfdf2a:192.168.157.252:34192, 687f579d-1680-4dd5-8b24-01f078298cef:192.168.157.252:37962, b8bf4e9b-064a-4520-981c-d6c40c833497:192.168.157.252:43407], old=null
2019-11-05 11:28:31,638 [Thread-1349] INFO  impl.FollowerState (FollowerState.java:run(108)) - f7e9932d-fd96-469a-9353-68e47138e5ff@group-21C72E9484D5-FollowerState: change to CANDIDATE, lastRpcTime:171ms, electionTimeout:166ms
2019-11-05 11:28:31,638 [Thread-1349] INFO  impl.RoleInfo (RoleInfo.java:shutdownFollowerState(121)) - f7e9932d-fd96-469a-9353-68e47138e5ff: shutdown FollowerState
2019-11-05 11:28:31,639 [Thread-1349] INFO  impl.RaftServerImpl (RaftServerImpl.java:setRole(184)) - f7e9932d-fd96-469a-9353-68e47138e5ff@group-21C72E9484D5: changes role from  FOLLOWER to CANDIDATE at term 72 for changeToCandidate
2019-11-05 11:28:31,647 [Thread-1349] INFO  impl.RoleInfo (RoleInfo.java:updateAndGet(143)) - f7e9932d-fd96-469a-9353-68e47138e5ff: start LeaderElection
2019-11-05 11:28:31,654 [grpc-default-executor-9] INFO  impl.RaftServerImpl (RaftServerImpl.java:setRole(184)) - 90ecfa43-dab6-49d9-b30c-40ef62bfdf2a@group-E95DC8E8582E: changes role from  FOLLOWER to FOLLOWER at term 87 for recognizeCandidate:687f579d-1680-4dd5-8b24-01f078298cef
2019-11-05 11:28:31,655 [grpc-default-executor-9] INFO  impl.RoleInfo (RoleInfo.java:shutdownFollowerState(121)) - 90ecfa43-dab6-49d9-b30c-40ef62bfdf2a: shutdown FollowerState
2019-11-05 11:28:31,655 [grpc-default-executor-9] INFO  impl.RoleInfo (RoleInfo.java:updateAndGet(143)) - 90ecfa43-dab6-49d9-b30c-40ef62bfdf2a: start FollowerState
2019-11-05 11:28:31,655 [grpc-default-executor-10] INFO  impl.RaftServerImpl (RaftServerImpl.java:setRole(184)) - b8bf4e9b-064a-4520-981c-d6c40c833497@group-E95DC8E8582E: changes role from  FOLLOWER to FOLLOWER at term 87 for recognizeCandidate:687f579d-1680-4dd5-8b24-01f078298cef
2019-11-05 11:28:31,656 [grpc-default-executor-10] INFO  impl.RoleInfo (RoleInfo.java:shutdownFollowerState(121)) - b8bf4e9b-064a-4520-981c-d6c40c833497: shutdown FollowerState
2019-11-05 11:28:31,656 [grpc-default-executor-10] INFO  impl.RoleInfo (RoleInfo.java:updateAndGet(143)) - b8bf4e9b-064a-4520-981c-d6c40c833497: start FollowerState
2019-11-05 11:28:31,657 [Thread-1344] INFO  impl.FollowerState (FollowerState.java:run(117)) - b8bf4e9b-064a-4520-981c-d6c40c833497@group-E95DC8E8582E-FollowerState was interrupted: java.lang.InterruptedException: sleep interrupted
2019-11-05 11:28:31,655 [Thread-1345] INFO  impl.FollowerState (FollowerState.java:run(117)) - 90ecfa43-dab6-49d9-b30c-40ef62bfdf2a@group-E95DC8E8582E-FollowerState was interrupted: java.lang.InterruptedException: sleep interrupted
2019-11-05 11:28:31,682 [687f579d-1680-4dd5-8b24-01f078298cef@group-E95DC8E8582E-LeaderElection132] INFO  impl.LeaderElection (LeaderElection.java:logAndReturn(56)) - 687f579d-1680-4dd5-8b24-01f078298cef@group-E95DC8E8582E-LeaderElection132: Election REJECTED; received 2 response(s) [687f579d-1680-4dd5-8b24-01f078298cef<-90ecfa43-dab6-49d9-b30c-40ef62bfdf2a#0:FAIL-t87, 687f579d-1680-4dd5-8b24-01f078298cef<-b8bf4e9b-064a-4520-981c-d6c40c833497#0:FAIL-t87] and 0 exception(s); 687f579d-1680-4dd5-8b24-01f078298cef@group-E95DC8E8582E:t87, leader=null, voted=687f579d-1680-4dd5-8b24-01f078298cef, raftlog=687f579d-1680-4dd5-8b24-01f078298cef@group-E95DC8E8582E-SegmentedRaftLog:OPENED:c-1,f-1,i0, conf=-1: [90ecfa43-dab6-49d9-b30c-40ef62bfdf2a:192.168.157.252:34192, 687f579d-1680-4dd5-8b24-01f078298cef:192.168.157.252:37962, b8bf4e9b-064a-4520-981c-d6c40c833497:192.168.157.252:43407], old=null
2019-11-05 11:28:31,683 [687f579d-1680-4dd5-8b24-01f078298cef@group-E95DC8E8582E-LeaderElection132] INFO  impl.RaftServerImpl (RaftServerImpl.java:setRole(184)) - 687f579d-1680-4dd5-8b24-01f078298cef@group-E95DC8E8582E: changes role from CANDIDATE to FOLLOWER at term 87 for DISCOVERED_A_NEW_TERM
2019-11-05 11:28:31,683 [687f579d-1680-4dd5-8b24-01f078298cef@group-E95DC8E8582E-LeaderElection132] INFO  impl.RoleInfo (RoleInfo.java:shutdownLeaderElection(134)) - 687f579d-1680-4dd5-8b24-01f078298cef: shutdown LeaderElection
2019-11-05 11:28:31,683 [687f579d-1680-4dd5-8b24-01f078298cef@group-E95DC8E8582E-LeaderElection132] INFO  impl.RoleInfo (RoleInfo.java:updateAndGet(143)) - 687f579d-1680-4dd5-8b24-01f078298cef: start FollowerState
2019-11-05 11:28:31,683 [f7e9932d-fd96-469a-9353-68e47138e5ff@group-21C72E9484D5-LeaderElection133] INFO  impl.LeaderElection (LeaderElection.java:askForVotes(178)) - f7e9932d-fd96-469a-9353-68e47138e5ff@group-21C72E9484D5-LeaderElection133: begin an election at term 73 for -1: [f7e9932d-fd96-469a-9353-68e47138e5ff:192.168.157.252:45025, 1eca16cc-5184-4e43-8e55-175d1516eae4:192.168.157.252:41127, 74a8fb36-eab9-4c53-b7cf-c565055de05a:192.168.157.252:42370], old=null
2019-11-05 11:28:31,689 [grpc-default-executor-9] INFO  impl.RaftServerImpl (RaftServerImpl.java:setRole(184)) - 1eca16cc-5184-4e43-8e55-175d1516eae4@group-21C72E9484D5: changes role from  FOLLOWER to FOLLOWER at term 73 for recognizeCandidate:f7e9932d-fd96-469a-9353-68e47138e5ff
2019-11-05 11:28:31,689 [grpc-default-executor-9] INFO  impl.RoleInfo (RoleInfo.java:shutdownFollowerState(121)) - 1eca16cc-5184-4e43-8e55-175d1516eae4: shutdown FollowerState
2019-11-05 11:28:31,716 [grpc-default-executor-9] INFO  impl.RoleInfo (RoleInfo.java:updateAndGet(143)) - 1eca16cc-5184-4e43-8e55-175d1516eae4: start FollowerState
2019-11-05 11:28:31,716 [Thread-1346] INFO  impl.FollowerState (FollowerState.java:run(117)) - 1eca16cc-5184-4e43-8e55-175d1516eae4@group-21C72E9484D5-FollowerState was interrupted: java.lang.InterruptedException: sleep interrupted
2019-11-05 11:28:31,726 [grpc-default-executor-10] INFO  impl.RaftServerImpl (RaftServerImpl.java:setRole(184)) - 74a8fb36-eab9-4c53-b7cf-c565055de05a@group-21C72E9484D5: changes role from  FOLLOWER to FOLLOWER at term 73 for recognizeCandidate:f7e9932d-fd96-469a-9353-68e47138e5ff
2019-11-05 11:28:31,726 [grpc-default-executor-10] INFO  impl.RoleInfo (RoleInfo.java:shutdownFollowerState(121)) - 74a8fb36-eab9-4c53-b7cf-c565055de05a: shutdown FollowerState
2019-11-05 11:28:31,727 [grpc-default-executor-10] INFO  impl.RoleInfo (RoleInfo.java:updateAndGet(143)) - 74a8fb36-eab9-4c53-b7cf-c565055de05a: start FollowerState
2019-11-05 11:28:31,727 [Thread-1347] INFO  impl.FollowerState (FollowerState.java:run(117)) - 74a8fb36-eab9-4c53-b7cf-c565055de05a@group-21C72E9484D5-FollowerState was interrupted: java.lang.InterruptedException: sleep interrupted
2019-11-05 11:28:31,728 [f7e9932d-fd96-469a-9353-68e47138e5ff@group-21C72E9484D5-LeaderElection133] INFO  impl.LeaderElection (LeaderElection.java:logAndReturn(56)) - f7e9932d-fd96-469a-9353-68e47138e5ff@group-21C72E9484D5-LeaderElection133: Election TIMEOUT; received 0 response(s) [] and 0 exception(s); f7e9932d-fd96-469a-9353-68e47138e5ff@group-21C72E9484D5:t73, leader=null, voted=f7e9932d-fd96-469a-9353-68e47138e5ff, raftlog=f7e9932d-fd96-469a-9353-68e47138e5ff@group-21C72E9484D5-SegmentedRaftLog:OPENED:c-1,f-1,i0, conf=-1: [f7e9932d-fd96-469a-9353-68e47138e5ff:192.168.157.252:45025, 1eca16cc-5184-4e43-8e55-175d1516eae4:192.168.157.252:41127, 74a8fb36-eab9-4c53-b7cf-c565055de05a:192.168.157.252:42370], old=null
2019-11-05 11:28:31,733 [f7e9932d-fd96-469a-9353-68e47138e5ff@group-21C72E9484D5-LeaderElection133] INFO  impl.LeaderElection (LeaderElection.java:askForVotes(178)) - f7e9932d-fd96-469a-9353-68e47138e5ff@group-21C72E9484D5-LeaderElection133: begin an election at term 74 for -1: [f7e9932d-fd96-469a-9353-68e47138e5ff:192.168.157.252:45025, 1eca16cc-5184-4e43-8e55-175d1516eae4:192.168.157.252:41127, 74a8fb36-eab9-4c53-b7cf-c565055de05a:192.168.157.252:42370], old=null
2019-11-05 11:28:31,739 [grpc-default-executor-9] INFO  impl.RaftServerImpl (RaftServerImpl.java:setRole(184)) - 1eca16cc-5184-4e43-8e55-175d1516eae4@group-21C72E9484D5: changes role from  FOLLOWER to FOLLOWER at term 74 for recognizeCandidate:f7e9932d-fd96-469a-9353-68e47138e5ff
2019-11-05 11:28:31,739 [grpc-default-executor-9] INFO  impl.RoleInfo (RoleInfo.java:shutdownFollowerState(121)) - 1eca16cc-5184-4e43-8e55-175d1516eae4: shutdown FollowerState
2019-11-05 11:28:31,739 [grpc-default-executor-9] INFO  impl.RoleInfo (RoleInfo.java:updateAndGet(143)) - 1eca16cc-5184-4e43-8e55-175d1516eae4: start FollowerState
2019-11-05 11:28:31,739 [Thread-1360] INFO  impl.FollowerState (FollowerState.java:run(117)) - 1eca16cc-5184-4e43-8e55-175d1516eae4@group-21C72E9484D5-FollowerState was interrupted: java.lang.InterruptedException: sleep interrupted
2019-11-05 11:28:31,751 [grpc-default-executor-2] INFO  impl.RaftServerImpl (RaftServerImpl.java:setRole(184)) - 74a8fb36-eab9-4c53-b7cf-c565055de05a@group-21C72E9484D5: changes role from  FOLLOWER to FOLLOWER at term 74 for recognizeCandidate:f7e9932d-fd96-469a-9353-68e47138e5ff
2019-11-05 11:28:31,751 [grpc-default-executor-2] INFO  impl.RoleInfo (RoleInfo.java:shutdownFollowerState(121)) - 74a8fb36-eab9-4c53-b7cf-c565055de05a: shutdown FollowerState
2019-11-05 11:28:31,752 [grpc-default-executor-2] INFO  impl.RoleInfo (RoleInfo.java:updateAndGet(143)) - 74a8fb36-eab9-4c53-b7cf-c565055de05a: start FollowerState
2019-11-05 11:28:31,752 [Thread-1361] INFO  impl.FollowerState (FollowerState.java:run(117)) - 74a8fb36-eab9-4c53-b7cf-c565055de05a@group-21C72E9484D5-FollowerState was interrupted: java.lang.InterruptedException: sleep interrupted
2019-11-05 11:28:31,758 [f7e9932d-fd96-469a-9353-68e47138e5ff@group-21C72E9484D5-LeaderElection133] INFO  impl.LeaderElection (LeaderElection.java:logAndReturn(56)) - f7e9932d-fd96-469a-9353-68e47138e5ff@group-21C72E9484D5-LeaderElection133: Election TIMEOUT; received 0 response(s) [] and 0 exception(s); f7e9932d-fd96-469a-9353-68e47138e5ff@group-21C72E9484D5:t74, leader=null, voted=f7e9932d-fd96-469a-9353-68e47138e5ff, raftlog=f7e9932d-fd96-469a-9353-68e47138e5ff@group-21C72E9484D5-SegmentedRaftLog:OPENED:c-1,f-1,i0, conf=-1: [f7e9932d-fd96-469a-9353-68e47138e5ff:192.168.157.252:45025, 1eca16cc-5184-4e43-8e55-175d1516eae4:192.168.157.252:41127, 74a8fb36-eab9-4c53-b7cf-c565055de05a:192.168.157.252:42370], old=null
2019-11-05 11:28:31,769 [f7e9932d-fd96-469a-9353-68e47138e5ff@group-21C72E9484D5-LeaderElection133] INFO  impl.LeaderElection (LeaderElection.java:askForVotes(178)) - f7e9932d-fd96-469a-9353-68e47138e5ff@group-21C72E9484D5-LeaderElection133: begin an election at term 75 for -1: [f7e9932d-fd96-469a-9353-68e47138e5ff:192.168.157.252:45025, 1eca16cc-5184-4e43-8e55-175d1516eae4:192.168.157.252:41127, 74a8fb36-eab9-4c53-b7cf-c565055de05a:192.168.157.252:42370], old=null
2019-11-05 11:28:31,806 [Thread-1357] INFO  impl.FollowerState (FollowerState.java:run(108)) - 687f579d-1680-4dd5-8b24-01f078298cef@group-E95DC8E8582E-FollowerState: change to CANDIDATE, lastRpcTime:122ms, electionTimeout:119ms
2019-11-05 11:28:31,806 [f7e9932d-fd96-469a-9353-68e47138e5ff@group-21C72E9484D5-LeaderElection133] INFO  impl.LeaderElection (LeaderElection.java:logAndReturn(56)) - f7e9932d-fd96-469a-9353-68e47138e5ff@group-21C72E9484D5-LeaderElection133: Election TIMEOUT; received 0 response(s) [] and 0 exception(s); f7e9932d-fd96-469a-9353-68e47138e5ff@group-21C72E9484D5:t75, leader=null, voted=f7e9932d-fd96-469a-9353-68e47138e5ff, raftlog=f7e9932d-fd96-469a-9353-68e47138e5ff@group-21C72E9484D5-SegmentedRaftLog:OPENED:c-1,f-1,i0, conf=-1: [f7e9932d-fd96-469a-9353-68e47138e5ff:192.168.157.252:45025, 1eca16cc-5184-4e43-8e55-175d1516eae4:192.168.157.252:41127, 74a8fb36-eab9-4c53-b7cf-c565055de05a:192.168.157.252:42370], old=null
2019-11-05 11:28:31,807 [Thread-1357] INFO  impl.RoleInfo (RoleInfo.java:shutdownFollowerState(121)) - 687f579d-1680-4dd5-8b24-01f078298cef: shutdown FollowerState
2019-11-05 11:28:31,808 [Thread-1357] INFO  impl.RaftServerImpl (RaftServerImpl.java:setRole(184)) - 687f579d-1680-4dd5-8b24-01f078298cef@group-E95DC8E8582E: changes role from  FOLLOWER to CANDIDATE at term 87 for changeToCandidate
2019-11-05 11:28:31,808 [Thread-1357] INFO  impl.RoleInfo (RoleInfo.java:updateAndGet(143)) - 687f579d-1680-4dd5-8b24-01f078298cef: start LeaderElection
2019-11-05 11:28:31,810 [grpc-default-executor-2] INFO  impl.RaftServerImpl (RaftServerImpl.java:setRole(184)) - 1eca16cc-5184-4e43-8e55-175d1516eae4@group-21C72E9484D5: changes role from  FOLLOWER to FOLLOWER at term 75 for recognizeCandidate:f7e9932d-fd96-469a-9353-68e47138e5ff
2019-11-05 11:28:31,829 [687f579d-1680-4dd5-8b24-01f078298cef@group-E95DC8E8582E-LeaderElection134] INFO  impl.LeaderElection (LeaderElection.java:askForVotes(178)) - 687f579d-1680-4dd5-8b24-01f078298cef@group-E95DC8E8582E-LeaderElection134: begin an election at term 88 for -1: [90ecfa43-dab6-49d9-b30c-40ef62bfdf2a:192.168.157.252:34192, 687f579d-1680-4dd5-8b24-01f078298cef:192.168.157.252:37962, b8bf4e9b-064a-4520-981c-d6c40c833497:192.168.157.252:43407], old=null
2019-11-05 11:28:31,823 [f7e9932d-fd96-469a-9353-68e47138e5ff@group-21C72E9484D5-LeaderElection133] INFO  impl.LeaderElection (LeaderElection.java:askForVotes(178)) - f7e9932d-fd96-469a-9353-68e47138e5ff@group-21C72E9484D5-LeaderElection133: begin an election at term 76 for -1: [f7e9932d-fd96-469a-9353-68e47138e5ff:192.168.157.252:45025, 1eca16cc-5184-4e43-8e55-175d1516eae4:192.168.157.252:41127, 74a8fb36-eab9-4c53-b7cf-c565055de05a:192.168.157.252:42370], old=null
2019-11-05 11:28:31,832 [grpc-default-executor-11] INFO  impl.RaftServerImpl (RaftServerImpl.java:setRole(184)) - 74a8fb36-eab9-4c53-b7cf-c565055de05a@group-21C72E9484D5: changes role from  FOLLOWER to FOLLOWER at term 75 for recognizeCandidate:f7e9932d-fd96-469a-9353-68e47138e5ff
2019-11-05 11:28:31,833 [grpc-default-executor-11] INFO  impl.RoleInfo (RoleInfo.java:shutdownFollowerState(121)) - 74a8fb36-eab9-4c53-b7cf-c565055de05a: shutdown FollowerState
2019-11-05 11:28:31,833 [grpc-default-executor-11] INFO  impl.RoleInfo (RoleInfo.java:updateAndGet(143)) - 74a8fb36-eab9-4c53-b7cf-c565055de05a: start FollowerState
2019-11-05 11:28:31,833 [Thread-1369] INFO  impl.FollowerState (FollowerState.java:run(117)) - 74a8fb36-eab9-4c53-b7cf-c565055de05a@group-21C72E9484D5-FollowerState was interrupted: java.lang.InterruptedException: sleep interrupted
2019-11-05 11:28:31,830 [grpc-default-executor-2] INFO  impl.RoleInfo (RoleInfo.java:shutdownFollowerState(121)) - 1eca16cc-5184-4e43-8e55-175d1516eae4: shutdown FollowerState
2019-11-05 11:28:31,833 [grpc-default-executor-4] INFO  impl.RaftServerImpl (RaftServerImpl.java:setRole(184)) - 90ecfa43-dab6-49d9-b30c-40ef62bfdf2a@group-E95DC8E8582E: changes role from  FOLLOWER to FOLLOWER at term 88 for recognizeCandidate:687f579d-1680-4dd5-8b24-01f078298cef
2019-11-05 11:28:31,833 [grpc-default-executor-1] INFO  impl.RaftServerImpl (RaftServerImpl.java:setRole(184)) - b8bf4e9b-064a-4520-981c-d6c40c833497@group-E95DC8E8582E: changes role from  FOLLOWER to FOLLOWER at term 88 for recognizeCandidate:687f579d-1680-4dd5-8b24-01f078298cef
2019-11-05 11:28:31,836 [grpc-default-executor-4] INFO  impl.RoleInfo (RoleInfo.java:shutdownFollowerState(121)) - 90ecfa43-dab6-49d9-b30c-40ef62bfdf2a: shutdown FollowerState
2019-11-05 11:28:31,844 [grpc-default-executor-4] INFO  impl.RoleInfo (RoleInfo.java:updateAndGet(143)) - 90ecfa43-dab6-49d9-b30c-40ef62bfdf2a: start FollowerState
2019-11-05 11:28:31,836 [Thread-1366] INFO  impl.FollowerState (FollowerState.java:run(117)) - 1eca16cc-5184-4e43-8e55-175d1516eae4@group-21C72E9484D5-FollowerState was interrupted: java.lang.InterruptedException: sleep interrupted
2019-11-05 11:28:31,836 [grpc-default-executor-2] INFO  impl.RoleInfo (RoleInfo.java:updateAndGet(143)) - 1eca16cc-5184-4e43-8e55-175d1516eae4: start FollowerState
2019-11-05 11:28:31,844 [Thread-1355] INFO  impl.FollowerState (FollowerState.java:run(117)) - 90ecfa43-dab6-49d9-b30c-40ef62bfdf2a@group-E95DC8E8582E-FollowerState was interrupted: java.lang.InterruptedException: sleep interrupted
2019-11-05 11:28:31,836 [grpc-default-executor-1] INFO  impl.RoleInfo (RoleInfo.java:shutdownFollowerState(121)) - b8bf4e9b-064a-4520-981c-d6c40c833497: shutdown FollowerState
2019-11-05 11:28:31,846 [grpc-default-executor-1] INFO  impl.RoleInfo (RoleInfo.java:updateAndGet(143)) - b8bf4e9b-064a-4520-981c-d6c40c833497: start FollowerState
2019-11-05 11:28:31,846 [Thread-1356] INFO  impl.FollowerState (FollowerState.java:run(117)) - b8bf4e9b-064a-4520-981c-d6c40c833497@group-E95DC8E8582E-FollowerState was interrupted: java.lang.InterruptedException: sleep interrupted
2019-11-05 11:28:31,857 [grpc-default-executor-5] INFO  impl.RaftServerImpl (RaftServerImpl.java:setRole(184)) - 74a8fb36-eab9-4c53-b7cf-c565055de05a@group-21C72E9484D5: changes role from  FOLLOWER to FOLLOWER at term 76 for recognizeCandidate:f7e9932d-fd96-469a-9353-68e47138e5ff
2019-11-05 11:28:31,858 [grpc-default-executor-5] INFO  impl.RoleInfo (RoleInfo.java:shutdownFollowerState(121)) - 74a8fb36-eab9-4c53-b7cf-c565055de05a: shutdown FollowerState
2019-11-05 11:28:31,858 [grpc-default-executor-5] INFO  impl.RoleInfo (RoleInfo.java:updateAndGet(143)) - 74a8fb36-eab9-4c53-b7cf-c565055de05a: start FollowerState
2019-11-05 11:28:31,862 [Thread-1381] INFO  impl.FollowerState (FollowerState.java:run(117)) - 74a8fb36-eab9-4c53-b7cf-c565055de05a@group-21C72E9484D5-FollowerState was interrupted: java.lang.InterruptedException: sleep interrupted
2019-11-05 11:28:31,887 [grpc-default-executor-9] INFO  impl.RaftServerImpl (RaftServerImpl.java:setRole(184)) - 1eca16cc-5184-4e43-8e55-175d1516eae4@group-21C72E9484D5: changes role from  FOLLOWER to FOLLOWER at term 76 for recognizeCandidate:f7e9932d-fd96-469a-9353-68e47138e5ff
2019-11-05 11:28:31,887 [grpc-default-executor-9] INFO  impl.RoleInfo (RoleInfo.java:shutdownFollowerState(121)) - 1eca16cc-5184-4e43-8e55-175d1516eae4: shutdown FollowerState
2019-11-05 11:28:31,888 [grpc-default-executor-9] INFO  impl.RoleInfo (RoleInfo.java:updateAndGet(143)) - 1eca16cc-5184-4e43-8e55-175d1516eae4: start FollowerState
2019-11-05 11:28:31,888 [Thread-1382] INFO  impl.FollowerState (FollowerState.java:run(117)) - 1eca16cc-5184-4e43-8e55-175d1516eae4@group-21C72E9484D5-FollowerState was interrupted: java.lang.InterruptedException: sleep interrupted
2019-11-05 11:28:31,894 [687f579d-1680-4dd5-8b24-01f078298cef@group-E95DC8E8582E-LeaderElection134] INFO  impl.LeaderElection (LeaderElection.java:logAndReturn(56)) - 687f579d-1680-4dd5-8b24-01f078298cef@group-E95DC8E8582E-LeaderElection134: Election REJECTED; received 2 response(s) [687f579d-1680-4dd5-8b24-01f078298cef<-90ecfa43-dab6-49d9-b30c-40ef62bfdf2a#0:FAIL-t88, 687f579d-1680-4dd5-8b24-01f078298cef<-b8bf4e9b-064a-4520-981c-d6c40c833497#0:FAIL-t88] and 0 exception(s); 687f579d-1680-4dd5-8b24-01f078298cef@group-E95DC8E8582E:t88, leader=null, voted=687f579d-1680-4dd5-8b24-01f078298cef, raftlog=687f579d-1680-4dd5-8b24-01f078298cef@group-E95DC8E8582E-SegmentedRaftLog:OPENED:c-1,f-1,i0, conf=-1: [90ecfa43-dab6-49d9-b30c-40ef62bfdf2a:192.168.157.252:34192, 687f579d-1680-4dd5-8b24-01f078298cef:192.168.157.252:37962, b8bf4e9b-064a-4520-981c-d6c40c833497:192.168.157.252:43407], old=null
2019-11-05 11:28:31,894 [687f579d-1680-4dd5-8b24-01f078298cef@group-E95DC8E8582E-LeaderElection134] INFO  impl.RaftServerImpl (RaftServerImpl.java:setRole(184)) - 687f579d-1680-4dd5-8b24-01f078298cef@group-E95DC8E8582E: changes role from CANDIDATE to FOLLOWER at term 88 for DISCOVERED_A_NEW_TERM
2019-11-05 11:28:31,894 [687f579d-1680-4dd5-8b24-01f078298cef@group-E95DC8E8582E-LeaderElection134] INFO  impl.RoleInfo (RoleInfo.java:shutdownLeaderElection(134)) - 687f579d-1680-4dd5-8b24-01f078298cef: shutdown LeaderElection
2019-11-05 11:28:31,900 [687f579d-1680-4dd5-8b24-01f078298cef@group-E95DC8E8582E-LeaderElection134] INFO  impl.RoleInfo (RoleInfo.java:updateAndGet(143)) - 687f579d-1680-4dd5-8b24-01f078298cef: start FollowerState
2019-11-05 11:28:31,902 [f7e9932d-fd96-469a-9353-68e47138e5ff@group-21C72E9484D5-LeaderElection133] INFO  impl.LeaderElection (LeaderElection.java:logAndReturn(56)) - f7e9932d-fd96-469a-9353-68e47138e5ff@group-21C72E9484D5-LeaderElection133: Election REJECTED; received 2 response(s) [f7e9932d-fd96-469a-9353-68e47138e5ff<-1eca16cc-5184-4e43-8e55-175d1516eae4#0:FAIL-t76, f7e9932d-fd96-469a-9353-68e47138e5ff<-74a8fb36-eab9-4c53-b7cf-c565055de05a#0:FAIL-t76] and 0 exception(s); f7e9932d-fd96-469a-9353-68e47138e5ff@group-21C72E9484D5:t76, leader=null, voted=f7e9932d-fd96-469a-9353-68e47138e5ff, raftlog=f7e9932d-fd96-469a-9353-68e47138e5ff@group-21C72E9484D5-SegmentedRaftLog:OPENED:c-1,f-1,i0, conf=-1: [f7e9932d-fd96-469a-9353-68e47138e5ff:192.168.157.252:45025, 1eca16cc-5184-4e43-8e55-175d1516eae4:192.168.157.252:41127, 74a8fb36-eab9-4c53-b7cf-c565055de05a:192.168.157.252:42370], old=null
2019-11-05 11:28:31,902 [f7e9932d-fd96-469a-9353-68e47138e5ff@group-21C72E9484D5-LeaderElection133] INFO  impl.RaftServerImpl (RaftServerImpl.java:setRole(184)) - f7e9932d-fd96-469a-9353-68e47138e5ff@group-21C72E9484D5: changes role from CANDIDATE to FOLLOWER at term 76 for DISCOVERED_A_NEW_TERM
2019-11-05 11:28:31,902 [f7e9932d-fd96-469a-9353-68e47138e5ff@group-21C72E9484D5-LeaderElection133] INFO  impl.RoleInfo (RoleInfo.java:shutdownLeaderElection(134)) - f7e9932d-fd96-469a-9353-68e47138e5ff: shutdown LeaderElection
2019-11-05 11:28:31,902 [f7e9932d-fd96-469a-9353-68e47138e5ff@group-21C72E9484D5-LeaderElection133] INFO  impl.RoleInfo (RoleInfo.java:updateAndGet(143)) - f7e9932d-fd96-469a-9353-68e47138e5ff: start FollowerState
2019-11-05 11:28:32,046 [Thread-1392] INFO  impl.FollowerState (FollowerState.java:run(108)) - f7e9932d-fd96-469a-9353-68e47138e5ff@group-21C72E9484D5-FollowerState: change to CANDIDATE, lastRpcTime:143ms, electionTimeout:143ms
2019-11-05 11:28:32,046 [Thread-1392] INFO  impl.RoleInfo (RoleInfo.java:shutdownFollowerState(121)) - f7e9932d-fd96-469a-9353-68e47138e5ff: shutdown FollowerState
2019-11-05 11:28:32,046 [Thread-1392] INFO  impl.RaftServerImpl (RaftServerImpl.java:setRole(184)) - f7e9932d-fd96-469a-9353-68e47138e5ff@group-21C72E9484D5: changes role from  FOLLOWER to CANDIDATE at term 76 for changeToCandidate
2019-11-05 11:28:32,046 [Thread-1392] INFO  impl.RoleInfo (RoleInfo.java:updateAndGet(143)) - f7e9932d-fd96-469a-9353-68e47138e5ff: start LeaderElection
2019-11-05 11:28:32,048 [Thread-1391] INFO  impl.FollowerState (FollowerState.java:run(108)) - 687f579d-1680-4dd5-8b24-01f078298cef@group-E95DC8E8582E-FollowerState: change to CANDIDATE, lastRpcTime:148ms, electionTimeout:145ms
2019-11-05 11:28:32,048 [Thread-1391] INFO  impl.RoleInfo (RoleInfo.java:shutdownFollowerState(121)) - 687f579d-1680-4dd5-8b24-01f078298cef: shutdown FollowerState
2019-11-05 11:28:32,049 [Thread-1391] INFO  impl.RaftServerImpl (RaftServerImpl.java:setRole(184)) - 687f579d-1680-4dd5-8b24-01f078298cef@group-E95DC8E8582E: changes role from  FOLLOWER to CANDIDATE at term 88 for changeToCandidate
2019-11-05 11:28:32,049 [Thread-1391] INFO  impl.RoleInfo (RoleInfo.java:updateAndGet(143)) - 687f579d-1680-4dd5-8b24-01f078298cef: start LeaderElection
2019-11-05 11:28:32,054 [687f579d-1680-4dd5-8b24-01f078298cef@group-E95DC8E8582E-LeaderElection136] INFO  impl.LeaderElection (LeaderElection.java:askForVotes(178)) - 687f579d-1680-4dd5-8b24-01f078298cef@group-E95DC8E8582E-LeaderElection136: begin an election at term 89 for -1: [90ecfa43-dab6-49d9-b30c-40ef62bfdf2a:192.168.157.252:34192, 687f579d-1680-4dd5-8b24-01f078298cef:192.168.157.252:37962, b8bf4e9b-064a-4520-981c-d6c40c833497:192.168.157.252:43407], old=null
2019-11-05 11:28:32,056 [f7e9932d-fd96-469a-9353-68e47138e5ff@group-21C72E9484D5-LeaderElection135] INFO  impl.LeaderElection (LeaderElection.java:askForVotes(178)) - f7e9932d-fd96-469a-9353-68e47138e5ff@group-21C72E9484D5-LeaderElection135: begin an election at term 77 for -1: [f7e9932d-fd96-469a-9353-68e47138e5ff:192.168.157.252:45025, 1eca16cc-5184-4e43-8e55-175d1516eae4:192.168.157.252:41127, 74a8fb36-eab9-4c53-b7cf-c565055de05a:192.168.157.252:42370], old=null
2019-11-05 11:28:32,065 [grpc-default-executor-5] INFO  impl.RaftServerImpl (RaftServerImpl.java:setRole(184)) - 1eca16cc-5184-4e43-8e55-175d1516eae4@group-21C72E9484D5: changes role from  FOLLOWER to FOLLOWER at term 77 for recognizeCandidate:f7e9932d-fd96-469a-9353-68e47138e5ff
2019-11-05 11:28:32,065 [grpc-default-executor-11] INFO  impl.RaftServerImpl (RaftServerImpl.java:setRole(184)) - b8bf4e9b-064a-4520-981c-d6c40c833497@group-E95DC8E8582E: changes role from  FOLLOWER to FOLLOWER at term 89 for recognizeCandidate:687f579d-1680-4dd5-8b24-01f078298cef
2019-11-05 11:28:32,066 [grpc-default-executor-11] INFO  impl.RoleInfo (RoleInfo.java:shutdownFollowerState(121)) - b8bf4e9b-064a-4520-981c-d6c40c833497: shutdown FollowerState
2019-11-05 11:28:32,066 [grpc-default-executor-5] INFO  impl.RoleInfo (RoleInfo.java:shutdownFollowerState(121)) - 1eca16cc-5184-4e43-8e55-175d1516eae4: shutdown FollowerState
2019-11-05 11:28:32,066 [Thread-1385] INFO  impl.FollowerState (FollowerState.java:run(117)) - b8bf4e9b-064a-4520-981c-d6c40c833497@group-E95DC8E8582E-FollowerState was interrupted: java.lang.InterruptedException: sleep interrupted
2019-11-05 11:28:32,066 [grpc-default-executor-11] INFO  impl.RoleInfo (RoleInfo.java:updateAndGet(143)) - b8bf4e9b-064a-4520-981c-d6c40c833497: start FollowerState
2019-11-05 11:28:32,066 [Thread-1390] INFO  impl.FollowerState (FollowerState.java:run(117)) - 1eca16cc-5184-4e43-8e55-175d1516eae4@group-21C72E9484D5-FollowerState was interrupted: java.lang.InterruptedException: sleep interrupted
2019-11-05 11:28:32,066 [grpc-default-executor-5] INFO  impl.RoleInfo (RoleInfo.java:updateAndGet(143)) - 1eca16cc-5184-4e43-8e55-175d1516eae4: start FollowerState
2019-11-05 11:28:32,066 [grpc-default-executor-9] INFO  impl.RaftServerImpl (RaftServerImpl.java:setRole(184)) - 90ecfa43-dab6-49d9-b30c-40ef62bfdf2a@group-E95DC8E8582E: changes role from  FOLLOWER to FOLLOWER at term 89 for recognizeCandidate:687f579d-1680-4dd5-8b24-01f078298cef
2019-11-05 11:28:32,067 [grpc-default-executor-9] INFO  impl.RoleInfo (RoleInfo.java:shutdownFollowerState(121)) - 90ecfa43-dab6-49d9-b30c-40ef62bfdf2a: shutdown FollowerState
2019-11-05 11:28:32,067 [grpc-default-executor-9] INFO  impl.RoleInfo (RoleInfo.java:updateAndGet(143)) - 90ecfa43-dab6-49d9-b30c-40ef62bfdf2a: start FollowerState
2019-11-05 11:28:32,067 [Thread-1383] INFO  impl.FollowerState (FollowerState.java:run(117)) - 90ecfa43-dab6-49d9-b30c-40ef62bfdf2a@group-E95DC8E8582E-FollowerState was interrupted: java.lang.InterruptedException: sleep interrupted
2019-11-05 11:28:32,067 [grpc-default-executor-7] INFO  impl.RaftServerImpl (RaftServerImpl.java:setRole(184)) - 74a8fb36-eab9-4c53-b7cf-c565055de05a@group-21C72E9484D5: changes role from  FOLLOWER to FOLLOWER at term 77 for recognizeCandidate:f7e9932d-fd96-469a-9353-68e47138e5ff
2019-11-05 11:28:32,067 [grpc-default-executor-7] INFO  impl.RoleInfo (RoleInfo.java:shutdownFollowerState(121)) - 74a8fb36-eab9-4c53-b7cf-c565055de05a: shutdown FollowerState
2019-11-05 11:28:32,067 [grpc-default-executor-7] INFO  impl.RoleInfo (RoleInfo.java:updateAndGet(143)) - 74a8fb36-eab9-4c53-b7cf-c565055de05a: start FollowerState
2019-11-05 11:28:32,068 [Thread-1386] INFO  impl.FollowerState (FollowerState.java:run(117)) - 74a8fb36-eab9-4c53-b7cf-c565055de05a@group-21C72E9484D5-FollowerState was interrupted: java.lang.InterruptedException: sleep interrupted
2019-11-05 11:28:32,087 [687f579d-1680-4dd5-8b24-01f078298cef@group-E95DC8E8582E-LeaderElection136] INFO  impl.LeaderElection (LeaderElection.java:logAndReturn(56)) - 687f579d-1680-4dd5-8b24-01f078298cef@group-E95DC8E8582E-LeaderElection136: Election REJECTED; received 2 response(s) [687f579d-1680-4dd5-8b24-01f078298cef<-90ecfa43-dab6-49d9-b30c-40ef62bfdf2a#0:FAIL-t89, 687f579d-1680-4dd5-8b24-01f078298cef<-b8bf4e9b-064a-4520-981c-d6c40c833497#0:FAIL-t89] and 0 exception(s); 687f579d-1680-4dd5-8b24-01f078298cef@group-E95DC8E8582E:t89, leader=null, voted=687f579d-1680-4dd5-8b24-01f078298cef, raftlog=687f579d-1680-4dd5-8b24-01f078298cef@group-E95DC8E8582E-SegmentedRaftLog:OPENED:c-1,f-1,i0, conf=-1: [90ecfa43-dab6-49d9-b30c-40ef62bfdf2a:192.168.157.252:34192, 687f579d-1680-4dd5-8b24-01f078298cef:192.168.157.252:37962, b8bf4e9b-064a-4520-981c-d6c40c833497:192.168.157.252:43407], old=null
2019-11-05 11:28:32,087 [687f579d-1680-4dd5-8b24-01f078298cef@group-E95DC8E8582E-LeaderElection136] INFO  impl.RaftServerImpl (RaftServerImpl.java:setRole(184)) - 687f579d-1680-4dd5-8b24-01f078298cef@group-E95DC8E8582E: changes role from CANDIDATE to FOLLOWER at term 89 for DISCOVERED_A_NEW_TERM
2019-11-05 11:28:32,088 [687f579d-1680-4dd5-8b24-01f078298cef@group-E95DC8E8582E-LeaderElection136] INFO  impl.RoleInfo (RoleInfo.java:shutdownLeaderElection(134)) - 687f579d-1680-4dd5-8b24-01f078298cef: shutdown LeaderElection
2019-11-05 11:28:32,088 [687f579d-1680-4dd5-8b24-01f078298cef@group-E95DC8E8582E-LeaderElection136] INFO  impl.RoleInfo (RoleInfo.java:updateAndGet(143)) - 687f579d-1680-4dd5-8b24-01f078298cef: start FollowerState
2019-11-05 11:28:32,091 [f7e9932d-fd96-469a-9353-68e47138e5ff@group-21C72E9484D5-LeaderElection135] INFO  impl.LeaderElection (LeaderElection.java:logAndReturn(56)) - f7e9932d-fd96-469a-9353-68e47138e5ff@group-21C72E9484D5-LeaderElection135: Election REJECTED; received 2 response(s) [f7e9932d-fd96-469a-9353-68e47138e5ff<-1eca16cc-5184-4e43-8e55-175d1516eae4#0:FAIL-t77, f7e9932d-fd96-469a-9353-68e47138e5ff<-74a8fb36-eab9-4c53-b7cf-c565055de05a#0:FAIL-t77] and 0 exception(s); f7e9932d-fd96-469a-9353-68e47138e5ff@group-21C72E9484D5:t77, leader=null, voted=f7e9932d-fd96-469a-9353-68e47138e5ff, raftlog=f7e9932d-fd96-469a-9353-68e47138e5ff@group-21C72E9484D5-SegmentedRaftLog:OPENED:c-1,f-1,i0, conf=-1: [f7e9932d-fd96-469a-9353-68e47138e5ff:192.168.157.252:45025, 1eca16cc-5184-4e43-8e55-175d1516eae4:192.168.157.252:41127, 74a8fb36-eab9-4c53-b7cf-c565055de05a:192.168.157.252:42370], old=null
2019-11-05 11:28:32,091 [f7e9932d-fd96-469a-9353-68e47138e5ff@group-21C72E9484D5-LeaderElection135] INFO  impl.RaftServerImpl (RaftServerImpl.java:setRole(184)) - f7e9932d-fd96-469a-9353-68e47138e5ff@group-21C72E9484D5: changes role from CANDIDATE to FOLLOWER at term 77 for DISCOVERED_A_NEW_TERM
2019-11-05 11:28:32,091 [f7e9932d-fd96-469a-9353-68e47138e5ff@group-21C72E9484D5-LeaderElection135] INFO  impl.RoleInfo (RoleInfo.java:shutdownLeaderElection(134)) - f7e9932d-fd96-469a-9353-68e47138e5ff: shutdown LeaderElection
2019-11-05 11:28:32,092 [f7e9932d-fd96-469a-9353-68e47138e5ff@group-21C72E9484D5-LeaderElection135] INFO  impl.RoleInfo (RoleInfo.java:updateAndGet(143)) - f7e9932d-fd96-469a-9353-68e47138e5ff: start FollowerState
2019-11-05 11:28:32,167 [main] INFO  ozone.MiniOzoneClusterImpl (MiniOzoneClusterImpl.java:shutdown(314)) - Shutting down the Mini Ozone Cluster
2019-11-05 11:28:32,168 [main] INFO  ozone.MiniOzoneClusterImpl (MiniOzoneClusterImpl.java:stop(330)) - Stopping the Mini Ozone Cluster
2019-11-05 11:28:32,168 [main] INFO  ozone.MiniOzoneClusterImpl (MiniOzoneClusterImpl.java:stopOM(400)) - Stopping the OzoneManager
2019-11-05 11:28:32,168 [main] INFO  ipc.Server (Server.java:stop(3082)) - Stopping server on 41310
2019-11-05 11:28:32,181 [IPC Server listener on 41310] INFO  ipc.Server (Server.java:run(1185)) - Stopping IPC Server listener on 41310
2019-11-05 11:28:32,181 [IPC Server Responder] INFO  ipc.Server (Server.java:run(1319)) - Stopping IPC Server Responder
2019-11-05 11:28:32,181 [main] INFO  ratis.OzoneManagerDoubleBuffer (OzoneManagerDoubleBuffer.java:stop(250)) - Stopping OMDoubleBuffer flush thread
2019-11-05 11:28:32,196 [OMDoubleBufferFlushThread] INFO  ratis.OzoneManagerDoubleBuffer (OzoneManagerDoubleBuffer.java:flushTransactions(193)) - OMDoubleBuffer flush thread OMDoubleBufferFlushThread is interrupted and will exit. OMDoubleBufferFlushThread
2019-11-05 11:28:32,208 [Thread-1414] INFO  impl.FollowerState (FollowerState.java:run(108)) - 687f579d-1680-4dd5-8b24-01f078298cef@group-E95DC8E8582E-FollowerState: change to CANDIDATE, lastRpcTime:120ms, electionTimeout:116ms
2019-11-05 11:28:32,212 [Thread-1414] INFO  impl.RoleInfo (RoleInfo.java:shutdownFollowerState(121)) - 687f579d-1680-4dd5-8b24-01f078298cef: shutdown FollowerState
2019-11-05 11:28:32,212 [Thread-1414] INFO  impl.RaftServerImpl (RaftServerImpl.java:setRole(184)) - 687f579d-1680-4dd5-8b24-01f078298cef@group-E95DC8E8582E: changes role from  FOLLOWER to CANDIDATE at term 89 for changeToCandidate
2019-11-05 11:28:32,213 [main] INFO  utils.BackgroundService (BackgroundService.java:shutdown(151)) - Shutting down service KeyDeletingService
2019-11-05 11:28:32,213 [Thread-1414] INFO  impl.RoleInfo (RoleInfo.java:updateAndGet(143)) - 687f579d-1680-4dd5-8b24-01f078298cef: start LeaderElection
2019-11-05 11:28:32,258 [main] INFO  handler.ContextHandler (ContextHandler.java:doStop(910)) - Stopped o.e.j.w.WebAppContext@6fca2a8f{/,null,UNAVAILABLE}{/ozoneManager}
2019-11-05 11:28:32,258 [687f579d-1680-4dd5-8b24-01f078298cef@group-E95DC8E8582E-LeaderElection137] INFO  impl.LeaderElection (LeaderElection.java:askForVotes(178)) - 687f579d-1680-4dd5-8b24-01f078298cef@group-E95DC8E8582E-LeaderElection137: begin an election at term 90 for -1: [90ecfa43-dab6-49d9-b30c-40ef62bfdf2a:192.168.157.252:34192, 687f579d-1680-4dd5-8b24-01f078298cef:192.168.157.252:37962, b8bf4e9b-064a-4520-981c-d6c40c833497:192.168.157.252:43407], old=null
2019-11-05 11:28:32,261 [grpc-default-executor-7] INFO  impl.RaftServerImpl (RaftServerImpl.java:setRole(184)) - 90ecfa43-dab6-49d9-b30c-40ef62bfdf2a@group-E95DC8E8582E: changes role from  FOLLOWER to FOLLOWER at term 90 for recognizeCandidate:687f579d-1680-4dd5-8b24-01f078298cef
2019-11-05 11:28:32,261 [grpc-default-executor-9] INFO  impl.RaftServerImpl (RaftServerImpl.java:setRole(184)) - b8bf4e9b-064a-4520-981c-d6c40c833497@group-E95DC8E8582E: changes role from  FOLLOWER to FOLLOWER at term 90 for recognizeCandidate:687f579d-1680-4dd5-8b24-01f078298cef
2019-11-05 11:28:32,261 [grpc-default-executor-7] INFO  impl.RoleInfo (RoleInfo.java:shutdownFollowerState(121)) - 90ecfa43-dab6-49d9-b30c-40ef62bfdf2a: shutdown FollowerState
2019-11-05 11:28:32,262 [grpc-default-executor-7] INFO  impl.RoleInfo (RoleInfo.java:updateAndGet(143)) - 90ecfa43-dab6-49d9-b30c-40ef62bfdf2a: start FollowerState
2019-11-05 11:28:32,262 [grpc-default-executor-9] INFO  impl.RoleInfo (RoleInfo.java:shutdownFollowerState(121)) - b8bf4e9b-064a-4520-981c-d6c40c833497: shutdown FollowerState
2019-11-05 11:28:32,262 [Thread-1412] INFO  impl.FollowerState (FollowerState.java:run(117)) - 90ecfa43-dab6-49d9-b30c-40ef62bfdf2a@group-E95DC8E8582E-FollowerState was interrupted: java.lang.InterruptedException: sleep interrupted
2019-11-05 11:28:32,262 [grpc-default-executor-9] INFO  impl.RoleInfo (RoleInfo.java:updateAndGet(143)) - b8bf4e9b-064a-4520-981c-d6c40c833497: start FollowerState
2019-11-05 11:28:32,262 [Thread-1410] INFO  impl.FollowerState (FollowerState.java:run(117)) - b8bf4e9b-064a-4520-981c-d6c40c833497@group-E95DC8E8582E-FollowerState was interrupted: java.lang.InterruptedException: sleep interrupted
2019-11-05 11:28:32,265 [main] INFO  server.AbstractConnector (AbstractConnector.java:doStop(318)) - Stopped ServerConnector@31fc71ab{HTTP/1.1,[http/1.1]}{0.0.0.0:0}
2019-11-05 11:28:32,266 [main] INFO  handler.ContextHandler (ContextHandler.java:doStop(910)) - Stopped o.e.j.s.ServletContextHandler@43826ec{/static,file:///workdir/hadoop-ozone/integration-test/target/test-classes/webapps/static,UNAVAILABLE}
2019-11-05 11:28:32,266 [main] INFO  handler.ContextHandler (ContextHandler.java:doStop(910)) - Stopped o.e.j.s.ServletContextHandler@2eb79cbe{/logs,file:///workdir/hadoop-ozone/integration-test/target/log,UNAVAILABLE}
2019-11-05 11:28:32,272 [687f579d-1680-4dd5-8b24-01f078298cef@group-E95DC8E8582E-LeaderElection137] INFO  impl.LeaderElection (LeaderElection.java:logAndReturn(56)) - 687f579d-1680-4dd5-8b24-01f078298cef@group-E95DC8E8582E-LeaderElection137: Election REJECTED; received 2 response(s) [687f579d-1680-4dd5-8b24-01f078298cef<-90ecfa43-dab6-49d9-b30c-40ef62bfdf2a#0:FAIL-t90, 687f579d-1680-4dd5-8b24-01f078298cef<-b8bf4e9b-064a-4520-981c-d6c40c833497#0:FAIL-t90] and 0 exception(s); 687f579d-1680-4dd5-8b24-01f078298cef@group-E95DC8E8582E:t90, leader=null, voted=687f579d-1680-4dd5-8b24-01f078298cef, raftlog=687f579d-1680-4dd5-8b24-01f078298cef@group-E95DC8E8582E-SegmentedRaftLog:OPENED:c-1,f-1,i0, conf=-1: [90ecfa43-dab6-49d9-b30c-40ef62bfdf2a:192.168.157.252:34192, 687f579d-1680-4dd5-8b24-01f078298cef:192.168.157.252:37962, b8bf4e9b-064a-4520-981c-d6c40c833497:192.168.157.252:43407], old=null
2019-11-05 11:28:32,273 [687f579d-1680-4dd5-8b24-01f078298cef@group-E95DC8E8582E-LeaderElection137] INFO  impl.RaftServerImpl (RaftServerImpl.java:setRole(184)) - 687f579d-1680-4dd5-8b24-01f078298cef@group-E95DC8E8582E: changes role from CANDIDATE to FOLLOWER at term 90 for DISCOVERED_A_NEW_TERM
2019-11-05 11:28:32,273 [687f579d-1680-4dd5-8b24-01f078298cef@group-E95DC8E8582E-LeaderElection137] INFO  impl.RoleInfo (RoleInfo.java:shutdownLeaderElection(134)) - 687f579d-1680-4dd5-8b24-01f078298cef: shutdown LeaderElection
2019-11-05 11:28:32,273 [687f579d-1680-4dd5-8b24-01f078298cef@group-E95DC8E8582E-LeaderElection137] INFO  impl.RoleInfo (RoleInfo.java:updateAndGet(143)) - 687f579d-1680-4dd5-8b24-01f078298cef: start FollowerState
2019-11-05 11:28:32,277 [main] INFO  ozone.MiniOzoneClusterImpl (MiniOzoneClusterImpl.java:stopDatanodes(377)) - Stopping the HddsDatanodes
2019-11-05 11:28:32,285 [Thread-1415] INFO  impl.FollowerState (FollowerState.java:run(108)) - f7e9932d-fd96-469a-9353-68e47138e5ff@group-21C72E9484D5-FollowerState: change to CANDIDATE, lastRpcTime:193ms, electionTimeout:193ms
2019-11-05 11:28:32,285 [Thread-1415] INFO  impl.RoleInfo (RoleInfo.java:shutdownFollowerState(121)) - f7e9932d-fd96-469a-9353-68e47138e5ff: shutdown FollowerState
2019-11-05 11:28:32,285 [Thread-1415] INFO  impl.RaftServerImpl (RaftServerImpl.java:setRole(184)) - f7e9932d-fd96-469a-9353-68e47138e5ff@group-21C72E9484D5: changes role from  FOLLOWER to CANDIDATE at term 77 for changeToCandidate
2019-11-05 11:28:32,285 [Thread-1415] INFO  impl.RoleInfo (RoleInfo.java:updateAndGet(143)) - f7e9932d-fd96-469a-9353-68e47138e5ff: start LeaderElection
2019-11-05 11:28:32,294 [Thread-1445] INFO  impl.FollowerState (FollowerState.java:run(108)) - 687f579d-1680-4dd5-8b24-01f078298cef@group-E95DC8E8582E-FollowerState: change to CANDIDATE, lastRpcTime:20ms, electionTimeout:20ms
2019-11-05 11:28:32,294 [Thread-1445] INFO  impl.RoleInfo (RoleInfo.java:shutdownFollowerState(121)) - 687f579d-1680-4dd5-8b24-01f078298cef: shutdown FollowerState
2019-11-05 11:28:32,294 [Thread-1445] INFO  impl.RaftServerImpl (RaftServerImpl.java:setRole(184)) - 687f579d-1680-4dd5-8b24-01f078298cef@group-E95DC8E8582E: changes role from  FOLLOWER to CANDIDATE at term 90 for changeToCandidate
2019-11-05 11:28:32,294 [Thread-1445] INFO  impl.RoleInfo (RoleInfo.java:updateAndGet(143)) - 687f579d-1680-4dd5-8b24-01f078298cef: start LeaderElection
2019-11-05 11:28:32,302 [f7e9932d-fd96-469a-9353-68e47138e5ff@group-21C72E9484D5-LeaderElection138] INFO  impl.LeaderElection (LeaderElection.java:askForVotes(178)) - f7e9932d-fd96-469a-9353-68e47138e5ff@group-21C72E9484D5-LeaderElection138: begin an election at term 78 for -1: [f7e9932d-fd96-469a-9353-68e47138e5ff:192.168.157.252:45025, 1eca16cc-5184-4e43-8e55-175d1516eae4:192.168.157.252:41127, 74a8fb36-eab9-4c53-b7cf-c565055de05a:192.168.157.252:42370], old=null
2019-11-05 11:28:32,548 [f7e9932d-fd96-469a-9353-68e47138e5ff@group-21C72E9484D5-LeaderElection138] INFO  impl.LeaderElection (LeaderElection.java:logAndReturn(56)) - f7e9932d-fd96-469a-9353-68e47138e5ff@group-21C72E9484D5-LeaderElection138: Election TIMEOUT; received 0 response(s) [] and 0 exception(s); f7e9932d-fd96-469a-9353-68e47138e5ff@group-21C72E9484D5:t78, leader=null, voted=f7e9932d-fd96-469a-9353-68e47138e5ff, raftlog=f7e9932d-fd96-469a-9353-68e47138e5ff@group-21C72E9484D5-SegmentedRaftLog:OPENED:c-1,f-1,i0, conf=-1: [f7e9932d-fd96-469a-9353-68e47138e5ff:192.168.157.252:45025, 1eca16cc-5184-4e43-8e55-175d1516eae4:192.168.157.252:41127, 74a8fb36-eab9-4c53-b7cf-c565055de05a:192.168.157.252:42370], old=null
2019-11-05 11:28:32,551 [687f579d-1680-4dd5-8b24-01f078298cef@group-E95DC8E8582E-LeaderElection139] INFO  impl.LeaderElection (LeaderElection.java:askForVotes(178)) - 687f579d-1680-4dd5-8b24-01f078298cef@group-E95DC8E8582E-LeaderElection139: begin an election at term 91 for -1: [90ecfa43-dab6-49d9-b30c-40ef62bfdf2a:192.168.157.252:34192, 687f579d-1680-4dd5-8b24-01f078298cef:192.168.157.252:37962, b8bf4e9b-064a-4520-981c-d6c40c833497:192.168.157.252:43407], old=null
2019-11-05 11:28:32,555 [grpc-default-executor-7] INFO  impl.RaftServerImpl (RaftServerImpl.java:setRole(184)) - 90ecfa43-dab6-49d9-b30c-40ef62bfdf2a@group-E95DC8E8582E: changes role from  FOLLOWER to FOLLOWER at term 91 for recognizeCandidate:687f579d-1680-4dd5-8b24-01f078298cef
2019-11-05 11:28:32,555 [grpc-default-executor-7] INFO  impl.RoleInfo (RoleInfo.java:shutdownFollowerState(121)) - 90ecfa43-dab6-49d9-b30c-40ef62bfdf2a: shutdown FollowerState
2019-11-05 11:28:32,569 [f7e9932d-fd96-469a-9353-68e47138e5ff@group-21C72E9484D5-LeaderElection138] INFO  impl.LeaderElection (LeaderElection.java:askForVotes(178)) - f7e9932d-fd96-469a-9353-68e47138e5ff@group-21C72E9484D5-LeaderElection138: begin an election at term 79 for -1: [f7e9932d-fd96-469a-9353-68e47138e5ff:192.168.157.252:45025, 1eca16cc-5184-4e43-8e55-175d1516eae4:192.168.157.252:41127, 74a8fb36-eab9-4c53-b7cf-c565055de05a:192.168.157.252:42370], old=null
2019-11-05 11:28:32,569 [Thread-1443] INFO  impl.FollowerState (FollowerState.java:run(117)) - 90ecfa43-dab6-49d9-b30c-40ef62bfdf2a@group-E95DC8E8582E-FollowerState was interrupted: java.lang.InterruptedException: sleep interrupted
2019-11-05 11:28:32,570 [grpc-default-executor-9] INFO  impl.RaftServerImpl (RaftServerImpl.java:setRole(184)) - 1eca16cc-5184-4e43-8e55-175d1516eae4@group-21C72E9484D5: changes role from  FOLLOWER to FOLLOWER at term 78 for recognizeCandidate:f7e9932d-fd96-469a-9353-68e47138e5ff
2019-11-05 11:28:32,570 [grpc-default-executor-9] INFO  impl.RoleInfo (RoleInfo.java:shutdownFollowerState(121)) - 1eca16cc-5184-4e43-8e55-175d1516eae4: shutdown FollowerState
2019-11-05 11:28:32,571 [grpc-default-executor-9] INFO  impl.RoleInfo (RoleInfo.java:updateAndGet(143)) - 1eca16cc-5184-4e43-8e55-175d1516eae4: start FollowerState
2019-11-05 11:28:32,572 [grpc-default-executor-11] INFO  impl.RaftServerImpl (RaftServerImpl.java:setRole(184)) - 74a8fb36-eab9-4c53-b7cf-c565055de05a@group-21C72E9484D5: changes role from  FOLLOWER to FOLLOWER at term 78 for recognizeCandidate:f7e9932d-fd96-469a-9353-68e47138e5ff
2019-11-05 11:28:32,572 [Thread-1411] INFO  impl.FollowerState (FollowerState.java:run(117)) - 1eca16cc-5184-4e43-8e55-175d1516eae4@group-21C72E9484D5-FollowerState was interrupted: java.lang.InterruptedException: sleep interrupted
2019-11-05 11:28:32,572 [grpc-default-executor-11] INFO  impl.RoleInfo (RoleInfo.java:shutdownFollowerState(121)) - 74a8fb36-eab9-4c53-b7cf-c565055de05a: shutdown FollowerState
2019-11-05 11:28:32,572 [grpc-default-executor-11] INFO  impl.RoleInfo (RoleInfo.java:updateAndGet(143)) - 74a8fb36-eab9-4c53-b7cf-c565055de05a: start FollowerState
2019-11-05 11:28:32,572 [Thread-1413] INFO  impl.FollowerState (FollowerState.java:run(117)) - 74a8fb36-eab9-4c53-b7cf-c565055de05a@group-21C72E9484D5-FollowerState was interrupted: java.lang.InterruptedException: sleep interrupted
2019-11-05 11:28:32,573 [grpc-default-executor-7] INFO  impl.RoleInfo (RoleInfo.java:updateAndGet(143)) - 90ecfa43-dab6-49d9-b30c-40ef62bfdf2a: start FollowerState
2019-11-05 11:28:32,573 [grpc-default-executor-5] INFO  impl.RaftServerImpl (RaftServerImpl.java:setRole(184)) - b8bf4e9b-064a-4520-981c-d6c40c833497@group-E95DC8E8582E: changes role from  FOLLOWER to FOLLOWER at term 91 for recognizeCandidate:687f579d-1680-4dd5-8b24-01f078298cef
2019-11-05 11:28:32,573 [grpc-default-executor-5] INFO  impl.RoleInfo (RoleInfo.java:shutdownFollowerState(121)) - b8bf4e9b-064a-4520-981c-d6c40c833497: shutdown FollowerState
2019-11-05 11:28:32,574 [grpc-default-executor-5] INFO  impl.RoleInfo (RoleInfo.java:updateAndGet(143)) - b8bf4e9b-064a-4520-981c-d6c40c833497: start FollowerState
2019-11-05 11:28:32,579 [Datanode State Machine Thread - 0] INFO  statemachine.DatanodeStateMachine (DatanodeStateMachine.java:lambda$startDaemon$0(350)) - Ozone container server started.
2019-11-05 11:28:32,580 [Datanode State Machine Thread - 0] INFO  statemachine.DatanodeStateMachine (DatanodeStateMachine.java:lambda$startDaemon$0(350)) - Ozone container server started.
2019-11-05 11:28:32,618 [grpc-default-executor-1] INFO  impl.RaftServerImpl (RaftServerImpl.java:setRole(184)) - 74a8fb36-eab9-4c53-b7cf-c565055de05a@group-21C72E9484D5: changes role from  FOLLOWER to FOLLOWER at term 79 for recognizeCandidate:f7e9932d-fd96-469a-9353-68e47138e5ff
2019-11-05 11:28:32,618 [grpc-default-executor-1] INFO  impl.RoleInfo (RoleInfo.java:shutdownFollowerState(121)) - 74a8fb36-eab9-4c53-b7cf-c565055de05a: shutdown FollowerState
2019-11-05 11:28:32,619 [grpc-default-executor-4] INFO  impl.RaftServerImpl (RaftServerImpl.java:setRole(184)) - 1eca16cc-5184-4e43-8e55-175d1516eae4@group-21C72E9484D5: changes role from  FOLLOWER to FOLLOWER at term 79 for recognizeCandidate:f7e9932d-fd96-469a-9353-68e47138e5ff
2019-11-05 11:28:32,619 [grpc-default-executor-4] INFO  impl.RoleInfo (RoleInfo.java:shutdownFollowerState(121)) - 1eca16cc-5184-4e43-8e55-175d1516eae4: shutdown FollowerState
2019-11-05 11:28:32,619 [grpc-default-executor-4] INFO  impl.RoleInfo (RoleInfo.java:updateAndGet(143)) - 1eca16cc-5184-4e43-8e55-175d1516eae4: start FollowerState
2019-11-05 11:28:32,619 [Thread-1454] INFO  impl.FollowerState (FollowerState.java:run(117)) - 1eca16cc-5184-4e43-8e55-175d1516eae4@group-21C72E9484D5-FollowerState was interrupted: java.lang.InterruptedException: sleep interrupted
2019-11-05 11:28:32,619 [Thread-1456] INFO  impl.FollowerState (FollowerState.java:run(117)) - 74a8fb36-eab9-4c53-b7cf-c565055de05a@group-21C72E9484D5-FollowerState was interrupted: java.lang.InterruptedException: sleep interrupted
2019-11-05 11:28:32,619 [grpc-default-executor-1] INFO  impl.RoleInfo (RoleInfo.java:updateAndGet(143)) - 74a8fb36-eab9-4c53-b7cf-c565055de05a: start FollowerState
2019-11-05 11:28:32,621 [Thread-1444] INFO  impl.FollowerState (FollowerState.java:run(117)) - b8bf4e9b-064a-4520-981c-d6c40c833497@group-E95DC8E8582E-FollowerState was interrupted: java.lang.InterruptedException: sleep interrupted
2019-11-05 11:28:32,623 [687f579d-1680-4dd5-8b24-01f078298cef@group-E95DC8E8582E-LeaderElection139] INFO  impl.LeaderElection (LeaderElection.java:logAndReturn(56)) - 687f579d-1680-4dd5-8b24-01f078298cef@group-E95DC8E8582E-LeaderElection139: Election TIMEOUT; received 0 response(s) [] and 0 exception(s); 687f579d-1680-4dd5-8b24-01f078298cef@group-E95DC8E8582E:t91, leader=null, voted=687f579d-1680-4dd5-8b24-01f078298cef, raftlog=687f579d-1680-4dd5-8b24-01f078298cef@group-E95DC8E8582E-SegmentedRaftLog:OPENED:c-1,f-1,i0, conf=-1: [90ecfa43-dab6-49d9-b30c-40ef62bfdf2a:192.168.157.252:34192, 687f579d-1680-4dd5-8b24-01f078298cef:192.168.157.252:37962, b8bf4e9b-064a-4520-981c-d6c40c833497:192.168.157.252:43407], old=null
2019-11-05 11:28:32,635 [687f579d-1680-4dd5-8b24-01f078298cef@group-E95DC8E8582E-LeaderElection139] INFO  impl.LeaderElection (LeaderElection.java:askForVotes(178)) - 687f579d-1680-4dd5-8b24-01f078298cef@group-E95DC8E8582E-LeaderElection139: begin an election at term 92 for -1: [90ecfa43-dab6-49d9-b30c-40ef62bfdf2a:192.168.157.252:34192, 687f579d-1680-4dd5-8b24-01f078298cef:192.168.157.252:37962, b8bf4e9b-064a-4520-981c-d6c40c833497:192.168.157.252:43407], old=null
2019-11-05 11:28:32,639 [f7e9932d-fd96-469a-9353-68e47138e5ff@group-21C72E9484D5-LeaderElection138] INFO  impl.LeaderElection (LeaderElection.java:logAndReturn(56)) - f7e9932d-fd96-469a-9353-68e47138e5ff@group-21C72E9484D5-LeaderElection138: Election REJECTED; received 2 response(s) [f7e9932d-fd96-469a-9353-68e47138e5ff<-1eca16cc-5184-4e43-8e55-175d1516eae4#0:FAIL-t79, f7e9932d-fd96-469a-9353-68e47138e5ff<-74a8fb36-eab9-4c53-b7cf-c565055de05a#0:FAIL-t79] and 0 exception(s); f7e9932d-fd96-469a-9353-68e47138e5ff@group-21C72E9484D5:t79, leader=null, voted=f7e9932d-fd96-469a-9353-68e47138e5ff, raftlog=f7e9932d-fd96-469a-9353-68e47138e5ff@group-21C72E9484D5-SegmentedRaftLog:OPENED:c-1,f-1,i0, conf=-1: [f7e9932d-fd96-469a-9353-68e47138e5ff:192.168.157.252:45025, 1eca16cc-5184-4e43-8e55-175d1516eae4:192.168.157.252:41127, 74a8fb36-eab9-4c53-b7cf-c565055de05a:192.168.157.252:42370], old=null
2019-11-05 11:28:32,640 [f7e9932d-fd96-469a-9353-68e47138e5ff@group-21C72E9484D5-LeaderElection138] INFO  impl.RaftServerImpl (RaftServerImpl.java:setRole(184)) - f7e9932d-fd96-469a-9353-68e47138e5ff@group-21C72E9484D5: changes role from CANDIDATE to FOLLOWER at term 79 for DISCOVERED_A_NEW_TERM
2019-11-05 11:28:32,640 [f7e9932d-fd96-469a-9353-68e47138e5ff@group-21C72E9484D5-LeaderElection138] INFO  impl.RoleInfo (RoleInfo.java:shutdownLeaderElection(134)) - f7e9932d-fd96-469a-9353-68e47138e5ff: shutdown LeaderElection
2019-11-05 11:28:32,642 [f7e9932d-fd96-469a-9353-68e47138e5ff@group-21C72E9484D5-LeaderElection138] INFO  impl.RoleInfo (RoleInfo.java:updateAndGet(143)) - f7e9932d-fd96-469a-9353-68e47138e5ff: start FollowerState
2019-11-05 11:28:32,650 [grpc-default-executor-1] INFO  impl.RaftServerImpl (RaftServerImpl.java:setRole(184)) - 90ecfa43-dab6-49d9-b30c-40ef62bfdf2a@group-E95DC8E8582E: changes role from  FOLLOWER to FOLLOWER at term 92 for recognizeCandidate:687f579d-1680-4dd5-8b24-01f078298cef
2019-11-05 11:28:32,650 [grpc-default-executor-1] INFO  impl.RoleInfo (RoleInfo.java:shutdownFollowerState(121)) - 90ecfa43-dab6-49d9-b30c-40ef62bfdf2a: shutdown FollowerState
2019-11-05 11:28:32,652 [grpc-default-executor-4] INFO  impl.RaftServerImpl (RaftServerImpl.java:setRole(184)) - b8bf4e9b-064a-4520-981c-d6c40c833497@group-E95DC8E8582E: changes role from  FOLLOWER to FOLLOWER at term 92 for recognizeCandidate:687f579d-1680-4dd5-8b24-01f078298cef
2019-11-05 11:28:32,652 [grpc-default-executor-4] INFO  impl.RoleInfo (RoleInfo.java:shutdownFollowerState(121)) - b8bf4e9b-064a-4520-981c-d6c40c833497: shutdown FollowerState
2019-11-05 11:28:32,657 [grpc-default-executor-4] INFO  impl.RoleInfo (RoleInfo.java:updateAndGet(143)) - b8bf4e9b-064a-4520-981c-d6c40c833497: start FollowerState
2019-11-05 11:28:32,657 [Thread-1453] INFO  impl.FollowerState (FollowerState.java:run(117)) - 90ecfa43-dab6-49d9-b30c-40ef62bfdf2a@group-E95DC8E8582E-FollowerState was interrupted: java.lang.InterruptedException: sleep interrupted
2019-11-05 11:28:32,657 [grpc-default-executor-1] INFO  impl.RoleInfo (RoleInfo.java:updateAndGet(143)) - 90ecfa43-dab6-49d9-b30c-40ef62bfdf2a: start FollowerState
2019-11-05 11:28:32,657 [Thread-1457] INFO  impl.FollowerState (FollowerState.java:run(117)) - b8bf4e9b-064a-4520-981c-d6c40c833497@group-E95DC8E8582E-FollowerState was interrupted: java.lang.InterruptedException: sleep interrupted
2019-11-05 11:28:32,659 [Thread-1465] INFO  impl.FollowerState (FollowerState.java:run(108)) - f7e9932d-fd96-469a-9353-68e47138e5ff@group-21C72E9484D5-FollowerState: change to CANDIDATE, lastRpcTime:16ms, electionTimeout:1ms
2019-11-05 11:28:32,659 [Thread-1465] INFO  impl.RoleInfo (RoleInfo.java:shutdownFollowerState(121)) - f7e9932d-fd96-469a-9353-68e47138e5ff: shutdown FollowerState
2019-11-05 11:28:32,659 [Thread-1465] INFO  impl.RaftServerImpl (RaftServerImpl.java:setRole(184)) - f7e9932d-fd96-469a-9353-68e47138e5ff@group-21C72E9484D5: changes role from  FOLLOWER to CANDIDATE at term 79 for changeToCandidate
2019-11-05 11:28:32,670 [Thread-1465] INFO  impl.RoleInfo (RoleInfo.java:updateAndGet(143)) - f7e9932d-fd96-469a-9353-68e47138e5ff: start LeaderElection
2019-11-05 11:28:32,678 [f7e9932d-fd96-469a-9353-68e47138e5ff@group-21C72E9484D5-LeaderElection140] INFO  impl.LeaderElection (LeaderElection.java:askForVotes(178)) - f7e9932d-fd96-469a-9353-68e47138e5ff@group-21C72E9484D5-LeaderElection140: begin an election at term 80 for -1: [f7e9932d-fd96-469a-9353-68e47138e5ff:192.168.157.252:45025, 1eca16cc-5184-4e43-8e55-175d1516eae4:192.168.157.252:41127, 74a8fb36-eab9-4c53-b7cf-c565055de05a:192.168.157.252:42370], old=null
2019-11-05 11:28:32,681 [687f579d-1680-4dd5-8b24-01f078298cef@group-E95DC8E8582E-LeaderElection139] INFO  impl.LeaderElection (LeaderElection.java:logAndReturn(56)) - 687f579d-1680-4dd5-8b24-01f078298cef@group-E95DC8E8582E-LeaderElection139: Election REJECTED; received 2 response(s) [687f579d-1680-4dd5-8b24-01f078298cef<-90ecfa43-dab6-49d9-b30c-40ef62bfdf2a#0:FAIL-t92, 687f579d-1680-4dd5-8b24-01f078298cef<-b8bf4e9b-064a-4520-981c-d6c40c833497#0:FAIL-t92] and 0 exception(s); 687f579d-1680-4dd5-8b24-01f078298cef@group-E95DC8E8582E:t92, leader=null, voted=687f579d-1680-4dd5-8b24-01f078298cef, raftlog=687f579d-1680-4dd5-8b24-01f078298cef@group-E95DC8E8582E-SegmentedRaftLog:OPENED:c-1,f-1,i0, conf=-1: [90ecfa43-dab6-49d9-b30c-40ef62bfdf2a:192.168.157.252:34192, 687f579d-1680-4dd5-8b24-01f078298cef:192.168.157.252:37962, b8bf4e9b-064a-4520-981c-d6c40c833497:192.168.157.252:43407], old=null
2019-11-05 11:28:32,695 [grpc-default-executor-1] INFO  impl.RaftServerImpl (RaftServerImpl.java:setRole(184)) - 1eca16cc-5184-4e43-8e55-175d1516eae4@group-21C72E9484D5: changes role from  FOLLOWER to FOLLOWER at term 80 for recognizeCandidate:f7e9932d-fd96-469a-9353-68e47138e5ff
2019-11-05 11:28:32,695 [grpc-default-executor-1] INFO  impl.RoleInfo (RoleInfo.java:shutdownFollowerState(121)) - 1eca16cc-5184-4e43-8e55-175d1516eae4: shutdown FollowerState
2019-11-05 11:28:32,695 [grpc-default-executor-1] INFO  impl.RoleInfo (RoleInfo.java:updateAndGet(143)) - 1eca16cc-5184-4e43-8e55-175d1516eae4: start FollowerState
2019-11-05 11:28:32,695 [Thread-1459] INFO  impl.FollowerState (FollowerState.java:run(117)) - 1eca16cc-5184-4e43-8e55-175d1516eae4@group-21C72E9484D5-FollowerState was interrupted: java.lang.InterruptedException: sleep interrupted
2019-11-05 11:28:32,715 [687f579d-1680-4dd5-8b24-01f078298cef@group-E95DC8E8582E-LeaderElection139] INFO  impl.RaftServerImpl (RaftServerImpl.java:setRole(184)) - 687f579d-1680-4dd5-8b24-01f078298cef@group-E95DC8E8582E: changes role from CANDIDATE to FOLLOWER at term 92 for DISCOVERED_A_NEW_TERM
2019-11-05 11:28:32,716 [687f579d-1680-4dd5-8b24-01f078298cef@group-E95DC8E8582E-LeaderElection139] INFO  impl.RoleInfo (RoleInfo.java:shutdownLeaderElection(134)) - 687f579d-1680-4dd5-8b24-01f078298cef: shutdown LeaderElection
2019-11-05 11:28:32,716 [687f579d-1680-4dd5-8b24-01f078298cef@group-E95DC8E8582E-LeaderElection139] INFO  impl.RoleInfo (RoleInfo.java:updateAndGet(143)) - 687f579d-1680-4dd5-8b24-01f078298cef: start FollowerState
2019-11-05 11:28:32,717 [grpc-default-executor-1] INFO  impl.RaftServerImpl (RaftServerImpl.java:setRole(184)) - 74a8fb36-eab9-4c53-b7cf-c565055de05a@group-21C72E9484D5: changes role from  FOLLOWER to FOLLOWER at term 80 for recognizeCandidate:f7e9932d-fd96-469a-9353-68e47138e5ff
2019-11-05 11:28:32,718 [grpc-default-executor-1] INFO  impl.RoleInfo (RoleInfo.java:shutdownFollowerState(121)) - 74a8fb36-eab9-4c53-b7cf-c565055de05a: shutdown FollowerState
2019-11-05 11:28:32,722 [grpc-default-executor-1] INFO  impl.RoleInfo (RoleInfo.java:updateAndGet(143)) - 74a8fb36-eab9-4c53-b7cf-c565055de05a: start FollowerState
2019-11-05 11:28:32,729 [Thread-1458] INFO  impl.FollowerState (FollowerState.java:run(117)) - 74a8fb36-eab9-4c53-b7cf-c565055de05a@group-21C72E9484D5-FollowerState was interrupted: java.lang.InterruptedException: sleep interrupted
2019-11-05 11:28:32,794 [Thread-1481] INFO  impl.FollowerState (FollowerState.java:run(108)) - 687f579d-1680-4dd5-8b24-01f078298cef@group-E95DC8E8582E-FollowerState: change to CANDIDATE, lastRpcTime:78ms, electionTimeout:72ms
2019-11-05 11:28:32,795 [Thread-1481] INFO  impl.RoleInfo (RoleInfo.java:shutdownFollowerState(121)) - 687f579d-1680-4dd5-8b24-01f078298cef: shutdown FollowerState
2019-11-05 11:28:32,795 [Thread-1481] INFO  impl.RaftServerImpl (RaftServerImpl.java:setRole(184)) - 687f579d-1680-4dd5-8b24-01f078298cef@group-E95DC8E8582E: changes role from  FOLLOWER to CANDIDATE at term 92 for changeToCandidate
2019-11-05 11:28:32,795 [Thread-1481] INFO  impl.RoleInfo (RoleInfo.java:updateAndGet(143)) - 687f579d-1680-4dd5-8b24-01f078298cef: start LeaderElection
2019-11-05 11:28:32,857 [f7e9932d-fd96-469a-9353-68e47138e5ff@group-21C72E9484D5-LeaderElection140] INFO  impl.LeaderElection (LeaderElection.java:logAndReturn(56)) - f7e9932d-fd96-469a-9353-68e47138e5ff@group-21C72E9484D5-LeaderElection140: Election TIMEOUT; received 1 response(s) [f7e9932d-fd96-469a-9353-68e47138e5ff<-1eca16cc-5184-4e43-8e55-175d1516eae4#0:FAIL-t80] and 0 exception(s); f7e9932d-fd96-469a-9353-68e47138e5ff@group-21C72E9484D5:t80, leader=null, voted=f7e9932d-fd96-469a-9353-68e47138e5ff, raftlog=f7e9932d-fd96-469a-9353-68e47138e5ff@group-21C72E9484D5-SegmentedRaftLog:OPENED:c-1,f-1,i0, conf=-1: [f7e9932d-fd96-469a-9353-68e47138e5ff:192.168.157.252:45025, 1eca16cc-5184-4e43-8e55-175d1516eae4:192.168.157.252:41127, 74a8fb36-eab9-4c53-b7cf-c565055de05a:192.168.157.252:42370], old=null
2019-11-05 11:28:32,979 [f7e9932d-fd96-469a-9353-68e47138e5ff@group-21C72E9484D5-LeaderElection140] INFO  impl.LeaderElection (LeaderElection.java:askForVotes(178)) - f7e9932d-fd96-469a-9353-68e47138e5ff@group-21C72E9484D5-LeaderElection140: begin an election at term 81 for -1: [f7e9932d-fd96-469a-9353-68e47138e5ff:192.168.157.252:45025, 1eca16cc-5184-4e43-8e55-175d1516eae4:192.168.157.252:41127, 74a8fb36-eab9-4c53-b7cf-c565055de05a:192.168.157.252:42370], old=null
2019-11-05 11:28:32,981 [grpc-default-executor-5] INFO  impl.RaftServerImpl (RaftServerImpl.java:setRole(184)) - 1eca16cc-5184-4e43-8e55-175d1516eae4@group-21C72E9484D5: changes role from  FOLLOWER to FOLLOWER at term 81 for recognizeCandidate:f7e9932d-fd96-469a-9353-68e47138e5ff
2019-11-05 11:28:32,981 [grpc-default-executor-5] INFO  impl.RoleInfo (RoleInfo.java:shutdownFollowerState(121)) - 1eca16cc-5184-4e43-8e55-175d1516eae4: shutdown FollowerState
2019-11-05 11:28:32,982 [grpc-default-executor-5] INFO  impl.RoleInfo (RoleInfo.java:updateAndGet(143)) - 1eca16cc-5184-4e43-8e55-175d1516eae4: start FollowerState
2019-11-05 11:28:32,983 [Thread-1480] INFO  impl.FollowerState (FollowerState.java:run(117)) - 1eca16cc-5184-4e43-8e55-175d1516eae4@group-21C72E9484D5-FollowerState was interrupted: java.lang.InterruptedException: sleep interrupted
2019-11-05 11:28:32,985 [grpc-default-executor-1] INFO  impl.RaftServerImpl (RaftServerImpl.java:setRole(184)) - 74a8fb36-eab9-4c53-b7cf-c565055de05a@group-21C72E9484D5: changes role from  FOLLOWER to FOLLOWER at term 81 for recognizeCandidate:f7e9932d-fd96-469a-9353-68e47138e5ff
2019-11-05 11:28:32,985 [grpc-default-executor-1] INFO  impl.RoleInfo (RoleInfo.java:shutdownFollowerState(121)) - 74a8fb36-eab9-4c53-b7cf-c565055de05a: shutdown FollowerState
2019-11-05 11:28:32,985 [grpc-default-executor-1] INFO  impl.RoleInfo (RoleInfo.java:updateAndGet(143)) - 74a8fb36-eab9-4c53-b7cf-c565055de05a: start FollowerState
2019-11-05 11:28:32,986 [Thread-1482] INFO  impl.FollowerState (FollowerState.java:run(117)) - 74a8fb36-eab9-4c53-b7cf-c565055de05a@group-21C72E9484D5-FollowerState was interrupted: java.lang.InterruptedException: sleep interrupted
2019-11-05 11:28:32,992 [687f579d-1680-4dd5-8b24-01f078298cef@group-E95DC8E8582E-LeaderElection141] INFO  impl.LeaderElection (LeaderElection.java:askForVotes(178)) - 687f579d-1680-4dd5-8b24-01f078298cef@group-E95DC8E8582E-LeaderElection141: begin an election at term 93 for -1: [90ecfa43-dab6-49d9-b30c-40ef62bfdf2a:192.168.157.252:34192, 687f579d-1680-4dd5-8b24-01f078298cef:192.168.157.252:37962, b8bf4e9b-064a-4520-981c-d6c40c833497:192.168.157.252:43407], old=null
2019-11-05 11:28:33,000 [grpc-default-executor-1] INFO  impl.RaftServerImpl (RaftServerImpl.java:setRole(184)) - 90ecfa43-dab6-49d9-b30c-40ef62bfdf2a@group-E95DC8E8582E: changes role from  FOLLOWER to FOLLOWER at term 93 for recognizeCandidate:687f579d-1680-4dd5-8b24-01f078298cef
2019-11-05 11:28:33,000 [grpc-default-executor-1] INFO  impl.RoleInfo (RoleInfo.java:shutdownFollowerState(121)) - 90ecfa43-dab6-49d9-b30c-40ef62bfdf2a: shutdown FollowerState
2019-11-05 11:28:33,000 [grpc-default-executor-1] INFO  impl.RoleInfo (RoleInfo.java:updateAndGet(143)) - 90ecfa43-dab6-49d9-b30c-40ef62bfdf2a: start FollowerState
2019-11-05 11:28:33,001 [Thread-1468] INFO  impl.FollowerState (FollowerState.java:run(117)) - 90ecfa43-dab6-49d9-b30c-40ef62bfdf2a@group-E95DC8E8582E-FollowerState was interrupted: java.lang.InterruptedException: sleep interrupted
2019-11-05 11:28:33,001 [grpc-default-executor-5] INFO  impl.RaftServerImpl (RaftServerImpl.java:setRole(184)) - b8bf4e9b-064a-4520-981c-d6c40c833497@group-E95DC8E8582E: changes role from  FOLLOWER to FOLLOWER at term 93 for recognizeCandidate:687f579d-1680-4dd5-8b24-01f078298cef
2019-11-05 11:28:33,001 [grpc-default-executor-5] INFO  impl.RoleInfo (RoleInfo.java:shutdownFollowerState(121)) - b8bf4e9b-064a-4520-981c-d6c40c833497: shutdown FollowerState
2019-11-05 11:28:33,001 [f7e9932d-fd96-469a-9353-68e47138e5ff@group-21C72E9484D5-LeaderElection140] INFO  impl.LeaderElection (LeaderElection.java:logAndReturn(56)) - f7e9932d-fd96-469a-9353-68e47138e5ff@group-21C72E9484D5-LeaderElection140: Election REJECTED; received 2 response(s) [f7e9932d-fd96-469a-9353-68e47138e5ff<-1eca16cc-5184-4e43-8e55-175d1516eae4#0:FAIL-t81, f7e9932d-fd96-469a-9353-68e47138e5ff<-74a8fb36-eab9-4c53-b7cf-c565055de05a#0:FAIL-t81] and 0 exception(s); f7e9932d-fd96-469a-9353-68e47138e5ff@group-21C72E9484D5:t81, leader=null, voted=f7e9932d-fd96-469a-9353-68e47138e5ff, raftlog=f7e9932d-fd96-469a-9353-68e47138e5ff@group-21C72E9484D5-SegmentedRaftLog:OPENED:c-1,f-1,i0, conf=-1: [f7e9932d-fd96-469a-9353-68e47138e5ff:192.168.157.252:45025, 1eca16cc-5184-4e43-8e55-175d1516eae4:192.168.157.252:41127, 74a8fb36-eab9-4c53-b7cf-c565055de05a:192.168.157.252:42370], old=null
2019-11-05 11:28:33,002 [f7e9932d-fd96-469a-9353-68e47138e5ff@group-21C72E9484D5-LeaderElection140] INFO  impl.RaftServerImpl (RaftServerImpl.java:setRole(184)) - f7e9932d-fd96-469a-9353-68e47138e5ff@group-21C72E9484D5: changes role from CANDIDATE to FOLLOWER at term 81 for DISCOVERED_A_NEW_TERM
2019-11-05 11:28:33,002 [f7e9932d-fd96-469a-9353-68e47138e5ff@group-21C72E9484D5-LeaderElection140] INFO  impl.RoleInfo (RoleInfo.java:shutdownLeaderElection(134)) - f7e9932d-fd96-469a-9353-68e47138e5ff: shutdown LeaderElection
2019-11-05 11:28:33,003 [f7e9932d-fd96-469a-9353-68e47138e5ff@group-21C72E9484D5-LeaderElection140] INFO  impl.RoleInfo (RoleInfo.java:updateAndGet(143)) - f7e9932d-fd96-469a-9353-68e47138e5ff: start FollowerState
2019-11-05 11:28:33,003 [grpc-default-executor-5] INFO  impl.RoleInfo (RoleInfo.java:updateAndGet(143)) - b8bf4e9b-064a-4520-981c-d6c40c833497: start FollowerState
2019-11-05 11:28:33,003 [Thread-1467] INFO  impl.FollowerState (FollowerState.java:run(117)) - b8bf4e9b-064a-4520-981c-d6c40c833497@group-E95DC8E8582E-FollowerState was interrupted: java.lang.InterruptedException: sleep interrupted
2019-11-05 11:28:33,018 [687f579d-1680-4dd5-8b24-01f078298cef@group-E95DC8E8582E-LeaderElection141] INFO  impl.LeaderElection (LeaderElection.java:logAndReturn(56)) - 687f579d-1680-4dd5-8b24-01f078298cef@group-E95DC8E8582E-LeaderElection141: Election REJECTED; received 2 response(s) [687f579d-1680-4dd5-8b24-01f078298cef<-90ecfa43-dab6-49d9-b30c-40ef62bfdf2a#0:FAIL-t93, 687f579d-1680-4dd5-8b24-01f078298cef<-b8bf4e9b-064a-4520-981c-d6c40c833497#0:FAIL-t93] and 0 exception(s); 687f579d-1680-4dd5-8b24-01f078298cef@group-E95DC8E8582E:t93, leader=null, voted=687f579d-1680-4dd5-8b24-01f078298cef, raftlog=687f579d-1680-4dd5-8b24-01f078298cef@group-E95DC8E8582E-SegmentedRaftLog:OPENED:c-1,f-1,i0, conf=-1: [90ecfa43-dab6-49d9-b30c-40ef62bfdf2a:192.168.157.252:34192, 687f579d-1680-4dd5-8b24-01f078298cef:192.168.157.252:37962, b8bf4e9b-064a-4520-981c-d6c40c833497:192.168.157.252:43407], old=null
2019-11-05 11:28:33,019 [687f579d-1680-4dd5-8b24-01f078298cef@group-E95DC8E8582E-LeaderElection141] INFO  impl.RaftServerImpl (RaftServerImpl.java:setRole(184)) - 687f579d-1680-4dd5-8b24-01f078298cef@group-E95DC8E8582E: changes role from CANDIDATE to FOLLOWER at term 93 for DISCOVERED_A_NEW_TERM
2019-11-05 11:28:33,019 [687f579d-1680-4dd5-8b24-01f078298cef@group-E95DC8E8582E-LeaderElection141] INFO  impl.RoleInfo (RoleInfo.java:shutdownLeaderElection(134)) - 687f579d-1680-4dd5-8b24-01f078298cef: shutdown LeaderElection
2019-11-05 11:28:33,019 [687f579d-1680-4dd5-8b24-01f078298cef@group-E95DC8E8582E-LeaderElection141] INFO  impl.RoleInfo (RoleInfo.java:updateAndGet(143)) - 687f579d-1680-4dd5-8b24-01f078298cef: start FollowerState
2019-11-05 11:28:33,053 [Thread-1494] INFO  impl.FollowerState (FollowerState.java:run(108)) - 687f579d-1680-4dd5-8b24-01f078298cef@group-E95DC8E8582E-FollowerState: change to CANDIDATE, lastRpcTime:33ms, electionTimeout:33ms
2019-11-05 11:28:33,054 [Thread-1494] INFO  impl.RoleInfo (RoleInfo.java:shutdownFollowerState(121)) - 687f579d-1680-4dd5-8b24-01f078298cef: shutdown FollowerState
2019-11-05 11:28:33,054 [Thread-1494] INFO  impl.RaftServerImpl (RaftServerImpl.java:setRole(184)) - 687f579d-1680-4dd5-8b24-01f078298cef@group-E95DC8E8582E: changes role from  FOLLOWER to CANDIDATE at term 93 for changeToCandidate
2019-11-05 11:28:33,055 [Thread-1494] INFO  impl.RoleInfo (RoleInfo.java:updateAndGet(143)) - 687f579d-1680-4dd5-8b24-01f078298cef: start LeaderElection
2019-11-05 11:28:33,060 [687f579d-1680-4dd5-8b24-01f078298cef@group-E95DC8E8582E-LeaderElection142] INFO  impl.LeaderElection (LeaderElection.java:askForVotes(178)) - 687f579d-1680-4dd5-8b24-01f078298cef@group-E95DC8E8582E-LeaderElection142: begin an election at term 94 for -1: [90ecfa43-dab6-49d9-b30c-40ef62bfdf2a:192.168.157.252:34192, 687f579d-1680-4dd5-8b24-01f078298cef:192.168.157.252:37962, b8bf4e9b-064a-4520-981c-d6c40c833497:192.168.157.252:43407], old=null
2019-11-05 11:28:33,060 [Thread-1492] INFO  impl.FollowerState (FollowerState.java:run(108)) - f7e9932d-fd96-469a-9353-68e47138e5ff@group-21C72E9484D5-FollowerState: change to CANDIDATE, lastRpcTime:57ms, electionTimeout:56ms
2019-11-05 11:28:33,060 [Thread-1492] INFO  impl.RoleInfo (RoleInfo.java:shutdownFollowerState(121)) - f7e9932d-fd96-469a-9353-68e47138e5ff: shutdown FollowerState
2019-11-05 11:28:33,061 [Thread-1492] INFO  impl.RaftServerImpl (RaftServerImpl.java:setRole(184)) - f7e9932d-fd96-469a-9353-68e47138e5ff@group-21C72E9484D5: changes role from  FOLLOWER to CANDIDATE at term 81 for changeToCandidate
2019-11-05 11:28:33,061 [Thread-1492] INFO  impl.RoleInfo (RoleInfo.java:updateAndGet(143)) - f7e9932d-fd96-469a-9353-68e47138e5ff: start LeaderElection
2019-11-05 11:28:33,068 [grpc-default-executor-5] INFO  impl.RaftServerImpl (RaftServerImpl.java:setRole(184)) - 90ecfa43-dab6-49d9-b30c-40ef62bfdf2a@group-E95DC8E8582E: changes role from  FOLLOWER to FOLLOWER at term 94 for recognizeCandidate:687f579d-1680-4dd5-8b24-01f078298cef
2019-11-05 11:28:33,068 [grpc-default-executor-5] INFO  impl.RoleInfo (RoleInfo.java:shutdownFollowerState(121)) - 90ecfa43-dab6-49d9-b30c-40ef62bfdf2a: shutdown FollowerState
2019-11-05 11:28:33,072 [grpc-default-executor-5] INFO  impl.RoleInfo (RoleInfo.java:updateAndGet(143)) - 90ecfa43-dab6-49d9-b30c-40ef62bfdf2a: start FollowerState
2019-11-05 11:28:33,076 [Thread-1491] INFO  impl.FollowerState (FollowerState.java:run(117)) - 90ecfa43-dab6-49d9-b30c-40ef62bfdf2a@group-E95DC8E8582E-FollowerState was interrupted: java.lang.InterruptedException: sleep interrupted
2019-11-05 11:28:33,079 [grpc-default-executor-1] INFO  impl.RaftServerImpl (RaftServerImpl.java:setRole(184)) - b8bf4e9b-064a-4520-981c-d6c40c833497@group-E95DC8E8582E: changes role from  FOLLOWER to FOLLOWER at term 94 for recognizeCandidate:687f579d-1680-4dd5-8b24-01f078298cef
2019-11-05 11:28:33,077 [687f579d-1680-4dd5-8b24-01f078298cef@group-E95DC8E8582E-LeaderElection142] INFO  impl.LeaderElection (LeaderElection.java:logAndReturn(56)) - 687f579d-1680-4dd5-8b24-01f078298cef@group-E95DC8E8582E-LeaderElection142: Election TIMEOUT; received 0 response(s) [] and 0 exception(s); 687f579d-1680-4dd5-8b24-01f078298cef@group-E95DC8E8582E:t94, leader=null, voted=687f579d-1680-4dd5-8b24-01f078298cef, raftlog=687f579d-1680-4dd5-8b24-01f078298cef@group-E95DC8E8582E-SegmentedRaftLog:OPENED:c-1,f-1,i0, conf=-1: [90ecfa43-dab6-49d9-b30c-40ef62bfdf2a:192.168.157.252:34192, 687f579d-1680-4dd5-8b24-01f078298cef:192.168.157.252:37962, b8bf4e9b-064a-4520-981c-d6c40c833497:192.168.157.252:43407], old=null
2019-11-05 11:28:33,081 [grpc-default-executor-1] INFO  impl.RoleInfo (RoleInfo.java:shutdownFollowerState(121)) - b8bf4e9b-064a-4520-981c-d6c40c833497: shutdown FollowerState
2019-11-05 11:28:33,081 [grpc-default-executor-1] INFO  impl.RoleInfo (RoleInfo.java:updateAndGet(143)) - b8bf4e9b-064a-4520-981c-d6c40c833497: start FollowerState
2019-11-05 11:28:33,082 [Thread-1493] INFO  impl.FollowerState (FollowerState.java:run(117)) - b8bf4e9b-064a-4520-981c-d6c40c833497@group-E95DC8E8582E-FollowerState was interrupted: java.lang.InterruptedException: sleep interrupted
2019-11-05 11:28:33,085 [f7e9932d-fd96-469a-9353-68e47138e5ff@group-21C72E9484D5-LeaderElection143] INFO  impl.LeaderElection (LeaderElection.java:askForVotes(178)) - f7e9932d-fd96-469a-9353-68e47138e5ff@group-21C72E9484D5-LeaderElection143: begin an election at term 82 for -1: [f7e9932d-fd96-469a-9353-68e47138e5ff:192.168.157.252:45025, 1eca16cc-5184-4e43-8e55-175d1516eae4:192.168.157.252:41127, 74a8fb36-eab9-4c53-b7cf-c565055de05a:192.168.157.252:42370], old=null
2019-11-05 11:28:33,086 [687f579d-1680-4dd5-8b24-01f078298cef@group-E95DC8E8582E-LeaderElection142] INFO  impl.LeaderElection (LeaderElection.java:askForVotes(178)) - 687f579d-1680-4dd5-8b24-01f078298cef@group-E95DC8E8582E-LeaderElection142: begin an election at term 95 for -1: [90ecfa43-dab6-49d9-b30c-40ef62bfdf2a:192.168.157.252:34192, 687f579d-1680-4dd5-8b24-01f078298cef:192.168.157.252:37962, b8bf4e9b-064a-4520-981c-d6c40c833497:192.168.157.252:43407], old=null
2019-11-05 11:28:33,094 [grpc-default-executor-5] INFO  impl.RaftServerImpl (RaftServerImpl.java:setRole(184)) - 1eca16cc-5184-4e43-8e55-175d1516eae4@group-21C72E9484D5: changes role from  FOLLOWER to FOLLOWER at term 82 for recognizeCandidate:f7e9932d-fd96-469a-9353-68e47138e5ff
2019-11-05 11:28:33,094 [grpc-default-executor-5] INFO  impl.RoleInfo (RoleInfo.java:shutdownFollowerState(121)) - 1eca16cc-5184-4e43-8e55-175d1516eae4: shutdown FollowerState
2019-11-05 11:28:33,095 [grpc-default-executor-5] INFO  impl.RoleInfo (RoleInfo.java:updateAndGet(143)) - 1eca16cc-5184-4e43-8e55-175d1516eae4: start FollowerState
2019-11-05 11:28:33,095 [Thread-1487] INFO  impl.FollowerState (FollowerState.java:run(117)) - 1eca16cc-5184-4e43-8e55-175d1516eae4@group-21C72E9484D5-FollowerState was interrupted: java.lang.InterruptedException: sleep interrupted
2019-11-05 11:28:33,097 [f7e9932d-fd96-469a-9353-68e47138e5ff@group-21C72E9484D5-LeaderElection143] INFO  impl.LeaderElection (LeaderElection.java:logAndReturn(56)) - f7e9932d-fd96-469a-9353-68e47138e5ff@group-21C72E9484D5-LeaderElection143: Election TIMEOUT; received 0 response(s) [] and 0 exception(s); f7e9932d-fd96-469a-9353-68e47138e5ff@group-21C72E9484D5:t82, leader=null, voted=f7e9932d-fd96-469a-9353-68e47138e5ff, raftlog=f7e9932d-fd96-469a-9353-68e47138e5ff@group-21C72E9484D5-SegmentedRaftLog:OPENED:c-1,f-1,i0, conf=-1: [f7e9932d-fd96-469a-9353-68e47138e5ff:192.168.157.252:45025, 1eca16cc-5184-4e43-8e55-175d1516eae4:192.168.157.252:41127, 74a8fb36-eab9-4c53-b7cf-c565055de05a:192.168.157.252:42370], old=null
2019-11-05 11:28:33,098 [grpc-default-executor-4] INFO  impl.RaftServerImpl (RaftServerImpl.java:setRole(184)) - 74a8fb36-eab9-4c53-b7cf-c565055de05a@group-21C72E9484D5: changes role from  FOLLOWER to FOLLOWER at term 82 for recognizeCandidate:f7e9932d-fd96-469a-9353-68e47138e5ff
2019-11-05 11:28:33,098 [grpc-default-executor-4] INFO  impl.RoleInfo (RoleInfo.java:shutdownFollowerState(121)) - 74a8fb36-eab9-4c53-b7cf-c565055de05a: shutdown FollowerState
2019-11-05 11:28:33,098 [grpc-default-executor-4] INFO  impl.RoleInfo (RoleInfo.java:updateAndGet(143)) - 74a8fb36-eab9-4c53-b7cf-c565055de05a: start FollowerState
2019-11-05 11:28:33,098 [Thread-1488] INFO  impl.FollowerState (FollowerState.java:run(117)) - 74a8fb36-eab9-4c53-b7cf-c565055de05a@group-21C72E9484D5-FollowerState was interrupted: java.lang.InterruptedException: sleep interrupted
2019-11-05 11:28:33,099 [grpc-default-executor-7] INFO  impl.RaftServerImpl (RaftServerImpl.java:setRole(184)) - 90ecfa43-dab6-49d9-b30c-40ef62bfdf2a@group-E95DC8E8582E: changes role from  FOLLOWER to FOLLOWER at term 95 for recognizeCandidate:687f579d-1680-4dd5-8b24-01f078298cef
2019-11-05 11:28:33,099 [grpc-default-executor-7] INFO  impl.RoleInfo (RoleInfo.java:shutdownFollowerState(121)) - 90ecfa43-dab6-49d9-b30c-40ef62bfdf2a: shutdown FollowerState
2019-11-05 11:28:33,099 [grpc-default-executor-7] INFO  impl.RoleInfo (RoleInfo.java:updateAndGet(143)) - 90ecfa43-dab6-49d9-b30c-40ef62bfdf2a: start FollowerState
2019-11-05 11:28:33,099 [Thread-1499] INFO  impl.FollowerState (FollowerState.java:run(117)) - 90ecfa43-dab6-49d9-b30c-40ef62bfdf2a@group-E95DC8E8582E-FollowerState was interrupted: java.lang.InterruptedException: sleep interrupted
2019-11-05 11:28:33,109 [grpc-default-executor-9] INFO  impl.RaftServerImpl (RaftServerImpl.java:setRole(184)) - b8bf4e9b-064a-4520-981c-d6c40c833497@group-E95DC8E8582E: changes role from  FOLLOWER to FOLLOWER at term 95 for recognizeCandidate:687f579d-1680-4dd5-8b24-01f078298cef
2019-11-05 11:28:33,109 [grpc-default-executor-9] INFO  impl.RoleInfo (RoleInfo.java:shutdownFollowerState(121)) - b8bf4e9b-064a-4520-981c-d6c40c833497: shutdown FollowerState
2019-11-05 11:28:33,109 [Thread-1500] INFO  impl.FollowerState (FollowerState.java:run(117)) - b8bf4e9b-064a-4520-981c-d6c40c833497@group-E95DC8E8582E-FollowerState was interrupted: java.lang.InterruptedException: sleep interrupted
2019-11-05 11:28:33,109 [grpc-default-executor-9] INFO  impl.RoleInfo (RoleInfo.java:updateAndGet(143)) - b8bf4e9b-064a-4520-981c-d6c40c833497: start FollowerState
2019-11-05 11:28:33,133 [f7e9932d-fd96-469a-9353-68e47138e5ff@group-21C72E9484D5-LeaderElection143] INFO  impl.LeaderElection (LeaderElection.java:askForVotes(178)) - f7e9932d-fd96-469a-9353-68e47138e5ff@group-21C72E9484D5-LeaderElection143: begin an election at term 83 for -1: [f7e9932d-fd96-469a-9353-68e47138e5ff:192.168.157.252:45025, 1eca16cc-5184-4e43-8e55-175d1516eae4:192.168.157.252:41127, 74a8fb36-eab9-4c53-b7cf-c565055de05a:192.168.157.252:42370], old=null
2019-11-05 11:28:33,139 [687f579d-1680-4dd5-8b24-01f078298cef@group-E95DC8E8582E-LeaderElection142] INFO  impl.LeaderElection (LeaderElection.java:logAndReturn(56)) - 687f579d-1680-4dd5-8b24-01f078298cef@group-E95DC8E8582E-LeaderElection142: Election TIMEOUT; received 0 response(s) [] and 0 exception(s); 687f579d-1680-4dd5-8b24-01f078298cef@group-E95DC8E8582E:t95, leader=null, voted=687f579d-1680-4dd5-8b24-01f078298cef, raftlog=687f579d-1680-4dd5-8b24-01f078298cef@group-E95DC8E8582E-SegmentedRaftLog:OPENED:c-1,f-1,i0, conf=-1: [90ecfa43-dab6-49d9-b30c-40ef62bfdf2a:192.168.157.252:34192, 687f579d-1680-4dd5-8b24-01f078298cef:192.168.157.252:37962, b8bf4e9b-064a-4520-981c-d6c40c833497:192.168.157.252:43407], old=null
2019-11-05 11:28:33,160 [grpc-default-executor-9] INFO  impl.RaftServerImpl (RaftServerImpl.java:setRole(184)) - 1eca16cc-5184-4e43-8e55-175d1516eae4@group-21C72E9484D5: changes role from  FOLLOWER to FOLLOWER at term 83 for recognizeCandidate:f7e9932d-fd96-469a-9353-68e47138e5ff
2019-11-05 11:28:33,161 [grpc-default-executor-9] INFO  impl.RoleInfo (RoleInfo.java:shutdownFollowerState(121)) - 1eca16cc-5184-4e43-8e55-175d1516eae4: shutdown FollowerState
2019-11-05 11:28:33,161 [grpc-default-executor-9] INFO  impl.RoleInfo (RoleInfo.java:updateAndGet(143)) - 1eca16cc-5184-4e43-8e55-175d1516eae4: start FollowerState
2019-11-05 11:28:33,161 [Thread-1505] INFO  impl.FollowerState (FollowerState.java:run(117)) - 1eca16cc-5184-4e43-8e55-175d1516eae4@group-21C72E9484D5-FollowerState was interrupted: java.lang.InterruptedException: sleep interrupted
2019-11-05 11:28:33,166 [687f579d-1680-4dd5-8b24-01f078298cef@group-E95DC8E8582E-LeaderElection142] INFO  impl.LeaderElection (LeaderElection.java:askForVotes(178)) - 687f579d-1680-4dd5-8b24-01f078298cef@group-E95DC8E8582E-LeaderElection142: begin an election at term 96 for -1: [90ecfa43-dab6-49d9-b30c-40ef62bfdf2a:192.168.157.252:34192, 687f579d-1680-4dd5-8b24-01f078298cef:192.168.157.252:37962, b8bf4e9b-064a-4520-981c-d6c40c833497:192.168.157.252:43407], old=null
2019-11-05 11:28:33,167 [grpc-default-executor-4] INFO  impl.RaftServerImpl (RaftServerImpl.java:setRole(184)) - 74a8fb36-eab9-4c53-b7cf-c565055de05a@group-21C72E9484D5: changes role from  FOLLOWER to FOLLOWER at term 83 for recognizeCandidate:f7e9932d-fd96-469a-9353-68e47138e5ff
2019-11-05 11:28:33,167 [grpc-default-executor-4] INFO  impl.RoleInfo (RoleInfo.java:shutdownFollowerState(121)) - 74a8fb36-eab9-4c53-b7cf-c565055de05a: shutdown FollowerState
2019-11-05 11:28:33,168 [grpc-default-executor-4] INFO  impl.RoleInfo (RoleInfo.java:updateAndGet(143)) - 74a8fb36-eab9-4c53-b7cf-c565055de05a: start FollowerState
2019-11-05 11:28:33,168 [grpc-default-executor-7] INFO  impl.RaftServerImpl (RaftServerImpl.java:setRole(184)) - b8bf4e9b-064a-4520-981c-d6c40c833497@group-E95DC8E8582E: changes role from  FOLLOWER to FOLLOWER at term 96 for recognizeCandidate:687f579d-1680-4dd5-8b24-01f078298cef
2019-11-05 11:28:33,168 [grpc-default-executor-7] INFO  impl.RoleInfo (RoleInfo.java:shutdownFollowerState(121)) - b8bf4e9b-064a-4520-981c-d6c40c833497: shutdown FollowerState
2019-11-05 11:28:33,168 [grpc-default-executor-7] INFO  impl.RoleInfo (RoleInfo.java:updateAndGet(143)) - b8bf4e9b-064a-4520-981c-d6c40c833497: start FollowerState
2019-11-05 11:28:33,169 [Thread-1508] INFO  impl.FollowerState (FollowerState.java:run(117)) - b8bf4e9b-064a-4520-981c-d6c40c833497@group-E95DC8E8582E-FollowerState was interrupted: java.lang.InterruptedException: sleep interrupted
2019-11-05 11:28:33,169 [Thread-1506] INFO  impl.FollowerState (FollowerState.java:run(117)) - 74a8fb36-eab9-4c53-b7cf-c565055de05a@group-21C72E9484D5-FollowerState was interrupted: java.lang.InterruptedException: sleep interrupted
2019-11-05 11:28:33,171 [grpc-default-executor-5] INFO  impl.RaftServerImpl (RaftServerImpl.java:setRole(184)) - 90ecfa43-dab6-49d9-b30c-40ef62bfdf2a@group-E95DC8E8582E: changes role from  FOLLOWER to FOLLOWER at term 96 for recognizeCandidate:687f579d-1680-4dd5-8b24-01f078298cef
2019-11-05 11:28:33,171 [grpc-default-executor-5] INFO  impl.RoleInfo (RoleInfo.java:shutdownFollowerState(121)) - 90ecfa43-dab6-49d9-b30c-40ef62bfdf2a: shutdown FollowerState
2019-11-05 11:28:33,171 [grpc-default-executor-5] INFO  impl.RoleInfo (RoleInfo.java:updateAndGet(143)) - 90ecfa43-dab6-49d9-b30c-40ef62bfdf2a: start FollowerState
2019-11-05 11:28:33,172 [Thread-1507] INFO  impl.FollowerState (FollowerState.java:run(117)) - 90ecfa43-dab6-49d9-b30c-40ef62bfdf2a@group-E95DC8E8582E-FollowerState was interrupted: java.lang.InterruptedException: sleep interrupted
2019-11-05 11:28:33,192 [f7e9932d-fd96-469a-9353-68e47138e5ff@group-21C72E9484D5-LeaderElection143] INFO  impl.LeaderElection (LeaderElection.java:logAndReturn(56)) - f7e9932d-fd96-469a-9353-68e47138e5ff@group-21C72E9484D5-LeaderElection143: Election REJECTED; received 2 response(s) [f7e9932d-fd96-469a-9353-68e47138e5ff<-1eca16cc-5184-4e43-8e55-175d1516eae4#0:FAIL-t83, f7e9932d-fd96-469a-9353-68e47138e5ff<-74a8fb36-eab9-4c53-b7cf-c565055de05a#0:FAIL-t83] and 0 exception(s); f7e9932d-fd96-469a-9353-68e47138e5ff@group-21C72E9484D5:t83, leader=null, voted=f7e9932d-fd96-469a-9353-68e47138e5ff, raftlog=f7e9932d-fd96-469a-9353-68e47138e5ff@group-21C72E9484D5-SegmentedRaftLog:OPENED:c-1,f-1,i0, conf=-1: [f7e9932d-fd96-469a-9353-68e47138e5ff:192.168.157.252:45025, 1eca16cc-5184-4e43-8e55-175d1516eae4:192.168.157.252:41127, 74a8fb36-eab9-4c53-b7cf-c565055de05a:192.168.157.252:42370], old=null
2019-11-05 11:28:33,192 [f7e9932d-fd96-469a-9353-68e47138e5ff@group-21C72E9484D5-LeaderElection143] INFO  impl.RaftServerImpl (RaftServerImpl.java:setRole(184)) - f7e9932d-fd96-469a-9353-68e47138e5ff@group-21C72E9484D5: changes role from CANDIDATE to FOLLOWER at term 83 for DISCOVERED_A_NEW_TERM
2019-11-05 11:28:33,192 [f7e9932d-fd96-469a-9353-68e47138e5ff@group-21C72E9484D5-LeaderElection143] INFO  impl.RoleInfo (RoleInfo.java:shutdownLeaderElection(134)) - f7e9932d-fd96-469a-9353-68e47138e5ff: shutdown LeaderElection
2019-11-05 11:28:33,193 [f7e9932d-fd96-469a-9353-68e47138e5ff@group-21C72E9484D5-LeaderElection143] INFO  impl.RoleInfo (RoleInfo.java:updateAndGet(143)) - f7e9932d-fd96-469a-9353-68e47138e5ff: start FollowerState
2019-11-05 11:28:33,195 [687f579d-1680-4dd5-8b24-01f078298cef@group-E95DC8E8582E-LeaderElection142] INFO  impl.LeaderElection (LeaderElection.java:logAndReturn(56)) - 687f579d-1680-4dd5-8b24-01f078298cef@group-E95DC8E8582E-LeaderElection142: Election REJECTED; received 2 response(s) [687f579d-1680-4dd5-8b24-01f078298cef<-90ecfa43-dab6-49d9-b30c-40ef62bfdf2a#0:FAIL-t96, 687f579d-1680-4dd5-8b24-01f078298cef<-b8bf4e9b-064a-4520-981c-d6c40c833497#0:FAIL-t96] and 0 exception(s); 687f579d-1680-4dd5-8b24-01f078298cef@group-E95DC8E8582E:t96, leader=null, voted=687f579d-1680-4dd5-8b24-01f078298cef, raftlog=687f579d-1680-4dd5-8b24-01f078298cef@group-E95DC8E8582E-SegmentedRaftLog:OPENED:c-1,f-1,i0, conf=-1: [90ecfa43-dab6-49d9-b30c-40ef62bfdf2a:192.168.157.252:34192, 687f579d-1680-4dd5-8b24-01f078298cef:192.168.157.252:37962, b8bf4e9b-064a-4520-981c-d6c40c833497:192.168.157.252:43407], old=null
2019-11-05 11:28:33,195 [687f579d-1680-4dd5-8b24-01f078298cef@group-E95DC8E8582E-LeaderElection142] INFO  impl.RaftServerImpl (RaftServerImpl.java:setRole(184)) - 687f579d-1680-4dd5-8b24-01f078298cef@group-E95DC8E8582E: changes role from CANDIDATE to FOLLOWER at term 96 for DISCOVERED_A_NEW_TERM
2019-11-05 11:28:33,195 [687f579d-1680-4dd5-8b24-01f078298cef@group-E95DC8E8582E-LeaderElection142] INFO  impl.RoleInfo (RoleInfo.java:shutdownLeaderElection(134)) - 687f579d-1680-4dd5-8b24-01f078298cef: shutdown LeaderElection
2019-11-05 11:28:33,195 [687f579d-1680-4dd5-8b24-01f078298cef@group-E95DC8E8582E-LeaderElection142] INFO  impl.RoleInfo (RoleInfo.java:updateAndGet(143)) - 687f579d-1680-4dd5-8b24-01f078298cef: start FollowerState
2019-11-05 11:28:33,295 [Thread-1520] INFO  impl.FollowerState (FollowerState.java:run(108)) - 687f579d-1680-4dd5-8b24-01f078298cef@group-E95DC8E8582E-FollowerState: change to CANDIDATE, lastRpcTime:100ms, electionTimeout:100ms
2019-11-05 11:28:33,296 [Thread-1520] INFO  impl.RoleInfo (RoleInfo.java:shutdownFollowerState(121)) - 687f579d-1680-4dd5-8b24-01f078298cef: shutdown FollowerState
2019-11-05 11:28:33,296 [Thread-1520] INFO  impl.RaftServerImpl (RaftServerImpl.java:setRole(184)) - 687f579d-1680-4dd5-8b24-01f078298cef@group-E95DC8E8582E: changes role from  FOLLOWER to CANDIDATE at term 96 for changeToCandidate
2019-11-05 11:28:33,296 [Thread-1520] INFO  impl.RoleInfo (RoleInfo.java:updateAndGet(143)) - 687f579d-1680-4dd5-8b24-01f078298cef: start LeaderElection
2019-11-05 11:28:33,304 [687f579d-1680-4dd5-8b24-01f078298cef@group-E95DC8E8582E-LeaderElection144] INFO  impl.LeaderElection (LeaderElection.java:askForVotes(178)) - 687f579d-1680-4dd5-8b24-01f078298cef@group-E95DC8E8582E-LeaderElection144: begin an election at term 97 for -1: [90ecfa43-dab6-49d9-b30c-40ef62bfdf2a:192.168.157.252:34192, 687f579d-1680-4dd5-8b24-01f078298cef:192.168.157.252:37962, b8bf4e9b-064a-4520-981c-d6c40c833497:192.168.157.252:43407], old=null
2019-11-05 11:28:33,307 [grpc-default-executor-9] INFO  impl.RaftServerImpl (RaftServerImpl.java:setRole(184)) - 90ecfa43-dab6-49d9-b30c-40ef62bfdf2a@group-E95DC8E8582E: changes role from  FOLLOWER to FOLLOWER at term 97 for recognizeCandidate:687f579d-1680-4dd5-8b24-01f078298cef
2019-11-05 11:28:33,307 [grpc-default-executor-9] INFO  impl.RoleInfo (RoleInfo.java:shutdownFollowerState(121)) - 90ecfa43-dab6-49d9-b30c-40ef62bfdf2a: shutdown FollowerState
2019-11-05 11:28:33,307 [grpc-default-executor-9] INFO  impl.RoleInfo (RoleInfo.java:updateAndGet(143)) - 90ecfa43-dab6-49d9-b30c-40ef62bfdf2a: start FollowerState
2019-11-05 11:28:33,307 [grpc-default-executor-4] INFO  impl.RaftServerImpl (RaftServerImpl.java:setRole(184)) - b8bf4e9b-064a-4520-981c-d6c40c833497@group-E95DC8E8582E: changes role from  FOLLOWER to FOLLOWER at term 97 for recognizeCandidate:687f579d-1680-4dd5-8b24-01f078298cef
2019-11-05 11:28:33,308 [grpc-default-executor-4] INFO  impl.RoleInfo (RoleInfo.java:shutdownFollowerState(121)) - b8bf4e9b-064a-4520-981c-d6c40c833497: shutdown FollowerState
2019-11-05 11:28:33,307 [Thread-1516] INFO  impl.FollowerState (FollowerState.java:run(117)) - 90ecfa43-dab6-49d9-b30c-40ef62bfdf2a@group-E95DC8E8582E-FollowerState was interrupted: java.lang.InterruptedException: sleep interrupted
2019-11-05 11:28:33,308 [grpc-default-executor-4] INFO  impl.RoleInfo (RoleInfo.java:updateAndGet(143)) - b8bf4e9b-064a-4520-981c-d6c40c833497: start FollowerState
2019-11-05 11:28:33,308 [Thread-1515] INFO  impl.FollowerState (FollowerState.java:run(117)) - b8bf4e9b-064a-4520-981c-d6c40c833497@group-E95DC8E8582E-FollowerState was interrupted: java.lang.InterruptedException: sleep interrupted
2019-11-05 11:28:33,326 [Thread-1519] INFO  impl.FollowerState (FollowerState.java:run(108)) - f7e9932d-fd96-469a-9353-68e47138e5ff@group-21C72E9484D5-FollowerState: change to CANDIDATE, lastRpcTime:133ms, electionTimeout:129ms
2019-11-05 11:28:33,326 [Thread-1519] INFO  impl.RoleInfo (RoleInfo.java:shutdownFollowerState(121)) - f7e9932d-fd96-469a-9353-68e47138e5ff: shutdown FollowerState
2019-11-05 11:28:33,326 [Thread-1519] INFO  impl.RaftServerImpl (RaftServerImpl.java:setRole(184)) - f7e9932d-fd96-469a-9353-68e47138e5ff@group-21C72E9484D5: changes role from  FOLLOWER to CANDIDATE at term 83 for changeToCandidate
2019-11-05 11:28:33,327 [Thread-1519] INFO  impl.RoleInfo (RoleInfo.java:updateAndGet(143)) - f7e9932d-fd96-469a-9353-68e47138e5ff: start LeaderElection
2019-11-05 11:28:33,338 [f7e9932d-fd96-469a-9353-68e47138e5ff@group-21C72E9484D5-LeaderElection145] INFO  impl.LeaderElection (LeaderElection.java:askForVotes(178)) - f7e9932d-fd96-469a-9353-68e47138e5ff@group-21C72E9484D5-LeaderElection145: begin an election at term 84 for -1: [f7e9932d-fd96-469a-9353-68e47138e5ff:192.168.157.252:45025, 1eca16cc-5184-4e43-8e55-175d1516eae4:192.168.157.252:41127, 74a8fb36-eab9-4c53-b7cf-c565055de05a:192.168.157.252:42370], old=null
2019-11-05 11:28:33,339 [687f579d-1680-4dd5-8b24-01f078298cef@group-E95DC8E8582E-LeaderElection144] INFO  impl.LeaderElection (LeaderElection.java:logAndReturn(56)) - 687f579d-1680-4dd5-8b24-01f078298cef@group-E95DC8E8582E-LeaderElection144: Election REJECTED; received 2 response(s) [687f579d-1680-4dd5-8b24-01f078298cef<-90ecfa43-dab6-49d9-b30c-40ef62bfdf2a#0:FAIL-t97, 687f579d-1680-4dd5-8b24-01f078298cef<-b8bf4e9b-064a-4520-981c-d6c40c833497#0:FAIL-t97] and 0 exception(s); 687f579d-1680-4dd5-8b24-01f078298cef@group-E95DC8E8582E:t97, leader=null, voted=687f579d-1680-4dd5-8b24-01f078298cef, raftlog=687f579d-1680-4dd5-8b24-01f078298cef@group-E95DC8E8582E-SegmentedRaftLog:OPENED:c-1,f-1,i0, conf=-1: [90ecfa43-dab6-49d9-b30c-40ef62bfdf2a:192.168.157.252:34192, 687f579d-1680-4dd5-8b24-01f078298cef:192.168.157.252:37962, b8bf4e9b-064a-4520-981c-d6c40c833497:192.168.157.252:43407], old=null
2019-11-05 11:28:33,339 [687f579d-1680-4dd5-8b24-01f078298cef@group-E95DC8E8582E-LeaderElection144] INFO  impl.RaftServerImpl (RaftServerImpl.java:setRole(184)) - 687f579d-1680-4dd5-8b24-01f078298cef@group-E95DC8E8582E: changes role from CANDIDATE to FOLLOWER at term 97 for DISCOVERED_A_NEW_TERM
2019-11-05 11:28:33,339 [687f579d-1680-4dd5-8b24-01f078298cef@group-E95DC8E8582E-LeaderElection144] INFO  impl.RoleInfo (RoleInfo.java:shutdownLeaderElection(134)) - 687f579d-1680-4dd5-8b24-01f078298cef: shutdown LeaderElection
2019-11-05 11:28:33,340 [grpc-default-executor-4] INFO  impl.RaftServerImpl (RaftServerImpl.java:setRole(184)) - 1eca16cc-5184-4e43-8e55-175d1516eae4@group-21C72E9484D5: changes role from  FOLLOWER to FOLLOWER at term 84 for recognizeCandidate:f7e9932d-fd96-469a-9353-68e47138e5ff
2019-11-05 11:28:33,341 [grpc-default-executor-4] INFO  impl.RoleInfo (RoleInfo.java:shutdownFollowerState(121)) - 1eca16cc-5184-4e43-8e55-175d1516eae4: shutdown FollowerState
2019-11-05 11:28:33,341 [grpc-default-executor-4] INFO  impl.RoleInfo (RoleInfo.java:updateAndGet(143)) - 1eca16cc-5184-4e43-8e55-175d1516eae4: start FollowerState
2019-11-05 11:28:33,341 [687f579d-1680-4dd5-8b24-01f078298cef@group-E95DC8E8582E-LeaderElection144] INFO  impl.RoleInfo (RoleInfo.java:updateAndGet(143)) - 687f579d-1680-4dd5-8b24-01f078298cef: start FollowerState
2019-11-05 11:28:33,341 [Thread-1511] INFO  impl.FollowerState (FollowerState.java:run(117)) - 1eca16cc-5184-4e43-8e55-175d1516eae4@group-21C72E9484D5-FollowerState was interrupted: java.lang.InterruptedException: sleep interrupted
2019-11-05 11:28:33,342 [grpc-default-executor-9] INFO  impl.RaftServerImpl (RaftServerImpl.java:setRole(184)) - 74a8fb36-eab9-4c53-b7cf-c565055de05a@group-21C72E9484D5: changes role from  FOLLOWER to FOLLOWER at term 84 for recognizeCandidate:f7e9932d-fd96-469a-9353-68e47138e5ff
2019-11-05 11:28:33,343 [grpc-default-executor-9] INFO  impl.RoleInfo (RoleInfo.java:shutdownFollowerState(121)) - 74a8fb36-eab9-4c53-b7cf-c565055de05a: shutdown FollowerState
2019-11-05 11:28:33,354 [Thread-1514] INFO  impl.FollowerState (FollowerState.java:run(117)) - 74a8fb36-eab9-4c53-b7cf-c565055de05a@group-21C72E9484D5-FollowerState was interrupted: java.lang.InterruptedException: sleep interrupted
2019-11-05 11:28:33,354 [grpc-default-executor-9] INFO  impl.RoleInfo (RoleInfo.java:updateAndGet(143)) - 74a8fb36-eab9-4c53-b7cf-c565055de05a: start FollowerState
2019-11-05 11:28:33,361 [f7e9932d-fd96-469a-9353-68e47138e5ff@group-21C72E9484D5-LeaderElection145] INFO  impl.LeaderElection (LeaderElection.java:logAndReturn(56)) - f7e9932d-fd96-469a-9353-68e47138e5ff@group-21C72E9484D5-LeaderElection145: Election REJECTED; received 2 response(s) [f7e9932d-fd96-469a-9353-68e47138e5ff<-1eca16cc-5184-4e43-8e55-175d1516eae4#0:FAIL-t84, f7e9932d-fd96-469a-9353-68e47138e5ff<-74a8fb36-eab9-4c53-b7cf-c565055de05a#0:FAIL-t84] and 0 exception(s); f7e9932d-fd96-469a-9353-68e47138e5ff@group-21C72E9484D5:t84, leader=null, voted=f7e9932d-fd96-469a-9353-68e47138e5ff, raftlog=f7e9932d-fd96-469a-9353-68e47138e5ff@group-21C72E9484D5-SegmentedRaftLog:OPENED:c-1,f-1,i0, conf=-1: [f7e9932d-fd96-469a-9353-68e47138e5ff:192.168.157.252:45025, 1eca16cc-5184-4e43-8e55-175d1516eae4:192.168.157.252:41127, 74a8fb36-eab9-4c53-b7cf-c565055de05a:192.168.157.252:42370], old=null
2019-11-05 11:28:33,362 [f7e9932d-fd96-469a-9353-68e47138e5ff@group-21C72E9484D5-LeaderElection145] INFO  impl.RaftServerImpl (RaftServerImpl.java:setRole(184)) - f7e9932d-fd96-469a-9353-68e47138e5ff@group-21C72E9484D5: changes role from CANDIDATE to FOLLOWER at term 84 for DISCOVERED_A_NEW_TERM
2019-11-05 11:28:33,362 [f7e9932d-fd96-469a-9353-68e47138e5ff@group-21C72E9484D5-LeaderElection145] INFO  impl.RoleInfo (RoleInfo.java:shutdownLeaderElection(134)) - f7e9932d-fd96-469a-9353-68e47138e5ff: shutdown LeaderElection
2019-11-05 11:28:33,362 [f7e9932d-fd96-469a-9353-68e47138e5ff@group-21C72E9484D5-LeaderElection145] INFO  impl.RoleInfo (RoleInfo.java:updateAndGet(143)) - f7e9932d-fd96-469a-9353-68e47138e5ff: start FollowerState
2019-11-05 11:28:33,376 [Thread-1529] INFO  impl.FollowerState (FollowerState.java:run(108)) - 687f579d-1680-4dd5-8b24-01f078298cef@group-E95DC8E8582E-FollowerState: change to CANDIDATE, lastRpcTime:34ms, electionTimeout:21ms
2019-11-05 11:28:33,376 [Thread-1529] INFO  impl.RoleInfo (RoleInfo.java:shutdownFollowerState(121)) - 687f579d-1680-4dd5-8b24-01f078298cef: shutdown FollowerState
2019-11-05 11:28:33,376 [Thread-1529] INFO  impl.RaftServerImpl (RaftServerImpl.java:setRole(184)) - 687f579d-1680-4dd5-8b24-01f078298cef@group-E95DC8E8582E: changes role from  FOLLOWER to CANDIDATE at term 97 for changeToCandidate
2019-11-05 11:28:33,377 [Thread-1529] INFO  impl.RoleInfo (RoleInfo.java:updateAndGet(143)) - 687f579d-1680-4dd5-8b24-01f078298cef: start LeaderElection
2019-11-05 11:28:33,409 [687f579d-1680-4dd5-8b24-01f078298cef@group-E95DC8E8582E-LeaderElection146] INFO  impl.LeaderElection (LeaderElection.java:askForVotes(178)) - 687f579d-1680-4dd5-8b24-01f078298cef@group-E95DC8E8582E-LeaderElection146: begin an election at term 98 for -1: [90ecfa43-dab6-49d9-b30c-40ef62bfdf2a:192.168.157.252:34192, 687f579d-1680-4dd5-8b24-01f078298cef:192.168.157.252:37962, b8bf4e9b-064a-4520-981c-d6c40c833497:192.168.157.252:43407], old=null
2019-11-05 11:28:33,412 [grpc-default-executor-4] INFO  impl.RaftServerImpl (RaftServerImpl.java:setRole(184)) - 90ecfa43-dab6-49d9-b30c-40ef62bfdf2a@group-E95DC8E8582E: changes role from  FOLLOWER to FOLLOWER at term 98 for recognizeCandidate:687f579d-1680-4dd5-8b24-01f078298cef
2019-11-05 11:28:33,412 [grpc-default-executor-4] INFO  impl.RoleInfo (RoleInfo.java:shutdownFollowerState(121)) - 90ecfa43-dab6-49d9-b30c-40ef62bfdf2a: shutdown FollowerState
2019-11-05 11:28:33,412 [grpc-default-executor-4] INFO  impl.RoleInfo (RoleInfo.java:updateAndGet(143)) - 90ecfa43-dab6-49d9-b30c-40ef62bfdf2a: start FollowerState
2019-11-05 11:28:33,412 [Thread-1524] INFO  impl.FollowerState (FollowerState.java:run(117)) - 90ecfa43-dab6-49d9-b30c-40ef62bfdf2a@group-E95DC8E8582E-FollowerState was interrupted: java.lang.InterruptedException: sleep interrupted
2019-11-05 11:28:33,413 [grpc-default-executor-9] INFO  impl.RaftServerImpl (RaftServerImpl.java:setRole(184)) - b8bf4e9b-064a-4520-981c-d6c40c833497@group-E95DC8E8582E: changes role from  FOLLOWER to FOLLOWER at term 98 for recognizeCandidate:687f579d-1680-4dd5-8b24-01f078298cef
2019-11-05 11:28:33,413 [grpc-default-executor-9] INFO  impl.RoleInfo (RoleInfo.java:shutdownFollowerState(121)) - b8bf4e9b-064a-4520-981c-d6c40c833497: shutdown FollowerState
2019-11-05 11:28:33,413 [grpc-default-executor-9] INFO  impl.RoleInfo (RoleInfo.java:updateAndGet(143)) - b8bf4e9b-064a-4520-981c-d6c40c833497: start FollowerState
2019-11-05 11:28:33,413 [Thread-1525] INFO  impl.FollowerState (FollowerState.java:run(117)) - b8bf4e9b-064a-4520-981c-d6c40c833497@group-E95DC8E8582E-FollowerState was interrupted: java.lang.InterruptedException: sleep interrupted
2019-11-05 11:28:33,427 [687f579d-1680-4dd5-8b24-01f078298cef@group-E95DC8E8582E-LeaderElection146] INFO  impl.LeaderElection (LeaderElection.java:logAndReturn(56)) - 687f579d-1680-4dd5-8b24-01f078298cef@group-E95DC8E8582E-LeaderElection146: Election REJECTED; received 2 response(s) [687f579d-1680-4dd5-8b24-01f078298cef<-90ecfa43-dab6-49d9-b30c-40ef62bfdf2a#0:FAIL-t98, 687f579d-1680-4dd5-8b24-01f078298cef<-b8bf4e9b-064a-4520-981c-d6c40c833497#0:FAIL-t98] and 0 exception(s); 687f579d-1680-4dd5-8b24-01f078298cef@group-E95DC8E8582E:t98, leader=null, voted=687f579d-1680-4dd5-8b24-01f078298cef, raftlog=687f579d-1680-4dd5-8b24-01f078298cef@group-E95DC8E8582E-SegmentedRaftLog:OPENED:c-1,f-1,i0, conf=-1: [90ecfa43-dab6-49d9-b30c-40ef62bfdf2a:192.168.157.252:34192, 687f579d-1680-4dd5-8b24-01f078298cef:192.168.157.252:37962, b8bf4e9b-064a-4520-981c-d6c40c833497:192.168.157.252:43407], old=null
2019-11-05 11:28:33,427 [687f579d-1680-4dd5-8b24-01f078298cef@group-E95DC8E8582E-LeaderElection146] INFO  impl.RaftServerImpl (RaftServerImpl.java:setRole(184)) - 687f579d-1680-4dd5-8b24-01f078298cef@group-E95DC8E8582E: changes role from CANDIDATE to FOLLOWER at term 98 for DISCOVERED_A_NEW_TERM
2019-11-05 11:28:33,427 [687f579d-1680-4dd5-8b24-01f078298cef@group-E95DC8E8582E-LeaderElection146] INFO  impl.RoleInfo (RoleInfo.java:shutdownLeaderElection(134)) - 687f579d-1680-4dd5-8b24-01f078298cef: shutdown LeaderElection
2019-11-05 11:28:33,427 [687f579d-1680-4dd5-8b24-01f078298cef@group-E95DC8E8582E-LeaderElection146] INFO  impl.RoleInfo (RoleInfo.java:updateAndGet(143)) - 687f579d-1680-4dd5-8b24-01f078298cef: start FollowerState
2019-11-05 11:28:33,541 [Thread-1538] INFO  impl.FollowerState (FollowerState.java:run(108)) - 687f579d-1680-4dd5-8b24-01f078298cef@group-E95DC8E8582E-FollowerState: change to CANDIDATE, lastRpcTime:114ms, electionTimeout:114ms
2019-11-05 11:28:33,542 [Thread-1538] INFO  impl.RoleInfo (RoleInfo.java:shutdownFollowerState(121)) - 687f579d-1680-4dd5-8b24-01f078298cef: shutdown FollowerState
2019-11-05 11:28:33,542 [Thread-1538] INFO  impl.RaftServerImpl (RaftServerImpl.java:setRole(184)) - 687f579d-1680-4dd5-8b24-01f078298cef@group-E95DC8E8582E: changes role from  FOLLOWER to CANDIDATE at term 98 for changeToCandidate
2019-11-05 11:28:33,542 [Thread-1538] INFO  impl.RoleInfo (RoleInfo.java:updateAndGet(143)) - 687f579d-1680-4dd5-8b24-01f078298cef: start LeaderElection
2019-11-05 11:28:33,559 [Thread-1532] INFO  impl.FollowerState (FollowerState.java:run(108)) - f7e9932d-fd96-469a-9353-68e47138e5ff@group-21C72E9484D5-FollowerState: change to CANDIDATE, lastRpcTime:196ms, electionTimeout:180ms
2019-11-05 11:28:33,559 [Thread-1532] INFO  impl.RoleInfo (RoleInfo.java:shutdownFollowerState(121)) - f7e9932d-fd96-469a-9353-68e47138e5ff: shutdown FollowerState
2019-11-05 11:28:33,559 [Thread-1532] INFO  impl.RaftServerImpl (RaftServerImpl.java:setRole(184)) - f7e9932d-fd96-469a-9353-68e47138e5ff@group-21C72E9484D5: changes role from  FOLLOWER to CANDIDATE at term 84 for changeToCandidate
2019-11-05 11:28:33,560 [Thread-1532] INFO  impl.RoleInfo (RoleInfo.java:updateAndGet(143)) - f7e9932d-fd96-469a-9353-68e47138e5ff: start LeaderElection
2019-11-05 11:28:33,576 [687f579d-1680-4dd5-8b24-01f078298cef@group-E95DC8E8582E-LeaderElection147] INFO  impl.LeaderElection (LeaderElection.java:askForVotes(178)) - 687f579d-1680-4dd5-8b24-01f078298cef@group-E95DC8E8582E-LeaderElection147: begin an election at term 99 for -1: [90ecfa43-dab6-49d9-b30c-40ef62bfdf2a:192.168.157.252:34192, 687f579d-1680-4dd5-8b24-01f078298cef:192.168.157.252:37962, b8bf4e9b-064a-4520-981c-d6c40c833497:192.168.157.252:43407], old=null
2019-11-05 11:28:33,579 [f7e9932d-fd96-469a-9353-68e47138e5ff@group-21C72E9484D5-LeaderElection148] INFO  impl.LeaderElection (LeaderElection.java:askForVotes(178)) - f7e9932d-fd96-469a-9353-68e47138e5ff@group-21C72E9484D5-LeaderElection148: begin an election at term 85 for -1: [f7e9932d-fd96-469a-9353-68e47138e5ff:192.168.157.252:45025, 1eca16cc-5184-4e43-8e55-175d1516eae4:192.168.157.252:41127, 74a8fb36-eab9-4c53-b7cf-c565055de05a:192.168.157.252:42370], old=null
2019-11-05 11:28:33,619 [grpc-default-executor-9] INFO  impl.RaftServerImpl (RaftServerImpl.java:setRole(184)) - 90ecfa43-dab6-49d9-b30c-40ef62bfdf2a@group-E95DC8E8582E: changes role from  FOLLOWER to FOLLOWER at term 99 for recognizeCandidate:687f579d-1680-4dd5-8b24-01f078298cef
2019-11-05 11:28:33,619 [grpc-default-executor-9] INFO  impl.RoleInfo (RoleInfo.java:shutdownFollowerState(121)) - 90ecfa43-dab6-49d9-b30c-40ef62bfdf2a: shutdown FollowerState
2019-11-05 11:28:33,628 [grpc-default-executor-9] INFO  impl.RoleInfo (RoleInfo.java:updateAndGet(143)) - 90ecfa43-dab6-49d9-b30c-40ef62bfdf2a: start FollowerState
2019-11-05 11:28:33,629 [grpc-default-executor-4] INFO  impl.RaftServerImpl (RaftServerImpl.java:setRole(184)) - b8bf4e9b-064a-4520-981c-d6c40c833497@group-E95DC8E8582E: changes role from  FOLLOWER to FOLLOWER at term 99 for recognizeCandidate:687f579d-1680-4dd5-8b24-01f078298cef
2019-11-05 11:28:33,629 [grpc-default-executor-4] INFO  impl.RoleInfo (RoleInfo.java:shutdownFollowerState(121)) - b8bf4e9b-064a-4520-981c-d6c40c833497: shutdown FollowerState
2019-11-05 11:28:33,630 [grpc-default-executor-4] INFO  impl.RoleInfo (RoleInfo.java:updateAndGet(143)) - b8bf4e9b-064a-4520-981c-d6c40c833497: start FollowerState
2019-11-05 11:28:33,628 [Thread-1536] INFO  impl.FollowerState (FollowerState.java:run(117)) - 90ecfa43-dab6-49d9-b30c-40ef62bfdf2a@group-E95DC8E8582E-FollowerState was interrupted: java.lang.InterruptedException: sleep interrupted
2019-11-05 11:28:33,630 [Thread-1537] INFO  impl.FollowerState (FollowerState.java:run(117)) - b8bf4e9b-064a-4520-981c-d6c40c833497@group-E95DC8E8582E-FollowerState was interrupted: java.lang.InterruptedException: sleep interrupted
2019-11-05 11:28:33,633 [grpc-default-executor-5] INFO  impl.RaftServerImpl (RaftServerImpl.java:setRole(184)) - 1eca16cc-5184-4e43-8e55-175d1516eae4@group-21C72E9484D5: changes role from  FOLLOWER to FOLLOWER at term 85 for recognizeCandidate:f7e9932d-fd96-469a-9353-68e47138e5ff
2019-11-05 11:28:33,633 [grpc-default-executor-5] INFO  impl.RoleInfo (RoleInfo.java:shutdownFollowerState(121)) - 1eca16cc-5184-4e43-8e55-175d1516eae4: shutdown FollowerState
2019-11-05 11:28:33,633 [grpc-default-executor-5] INFO  impl.RoleInfo (RoleInfo.java:updateAndGet(143)) - 1eca16cc-5184-4e43-8e55-175d1516eae4: start FollowerState
2019-11-05 11:28:33,633 [Thread-1530] INFO  impl.FollowerState (FollowerState.java:run(117)) - 1eca16cc-5184-4e43-8e55-175d1516eae4@group-21C72E9484D5-FollowerState was interrupted: java.lang.InterruptedException: sleep interrupted
2019-11-05 11:28:33,634 [grpc-default-executor-11] INFO  impl.RaftServerImpl (RaftServerImpl.java:setRole(184)) - 74a8fb36-eab9-4c53-b7cf-c565055de05a@group-21C72E9484D5: changes role from  FOLLOWER to FOLLOWER at term 85 for recognizeCandidate:f7e9932d-fd96-469a-9353-68e47138e5ff
2019-11-05 11:28:33,635 [grpc-default-executor-11] INFO  impl.RoleInfo (RoleInfo.java:shutdownFollowerState(121)) - 74a8fb36-eab9-4c53-b7cf-c565055de05a: shutdown FollowerState
2019-11-05 11:28:33,638 [grpc-default-executor-11] INFO  impl.RoleInfo (RoleInfo.java:updateAndGet(143)) - 74a8fb36-eab9-4c53-b7cf-c565055de05a: start FollowerState
2019-11-05 11:28:33,638 [Thread-1531] INFO  impl.FollowerState (FollowerState.java:run(117)) - 74a8fb36-eab9-4c53-b7cf-c565055de05a@group-21C72E9484D5-FollowerState was interrupted: java.lang.InterruptedException: sleep interrupted
2019-11-05 11:28:33,646 [f7e9932d-fd96-469a-9353-68e47138e5ff@group-21C72E9484D5-LeaderElection148] INFO  impl.LeaderElection (LeaderElection.java:logAndReturn(56)) - f7e9932d-fd96-469a-9353-68e47138e5ff@group-21C72E9484D5-LeaderElection148: Election TIMEOUT; received 0 response(s) [] and 0 exception(s); f7e9932d-fd96-469a-9353-68e47138e5ff@group-21C72E9484D5:t85, leader=null, voted=f7e9932d-fd96-469a-9353-68e47138e5ff, raftlog=f7e9932d-fd96-469a-9353-68e47138e5ff@group-21C72E9484D5-SegmentedRaftLog:OPENED:c-1,f-1,i0, conf=-1: [f7e9932d-fd96-469a-9353-68e47138e5ff:192.168.157.252:45025, 1eca16cc-5184-4e43-8e55-175d1516eae4:192.168.157.252:41127, 74a8fb36-eab9-4c53-b7cf-c565055de05a:192.168.157.252:42370], old=null
2019-11-05 11:28:33,660 [687f579d-1680-4dd5-8b24-01f078298cef@group-E95DC8E8582E-LeaderElection147] INFO  impl.LeaderElection (LeaderElection.java:logAndReturn(56)) - 687f579d-1680-4dd5-8b24-01f078298cef@group-E95DC8E8582E-LeaderElection147: Election REJECTED; received 2 response(s) [687f579d-1680-4dd5-8b24-01f078298cef<-90ecfa43-dab6-49d9-b30c-40ef62bfdf2a#0:FAIL-t99, 687f579d-1680-4dd5-8b24-01f078298cef<-b8bf4e9b-064a-4520-981c-d6c40c833497#0:FAIL-t99] and 0 exception(s); 687f579d-1680-4dd5-8b24-01f078298cef@group-E95DC8E8582E:t99, leader=null, voted=687f579d-1680-4dd5-8b24-01f078298cef, raftlog=687f579d-1680-4dd5-8b24-01f078298cef@group-E95DC8E8582E-SegmentedRaftLog:OPENED:c-1,f-1,i0, conf=-1: [90ecfa43-dab6-49d9-b30c-40ef62bfdf2a:192.168.157.252:34192, 687f579d-1680-4dd5-8b24-01f078298cef:192.168.157.252:37962, b8bf4e9b-064a-4520-981c-d6c40c833497:192.168.157.252:43407], old=null
2019-11-05 11:28:33,660 [687f579d-1680-4dd5-8b24-01f078298cef@group-E95DC8E8582E-LeaderElection147] INFO  impl.RaftServerImpl (RaftServerImpl.java:setRole(184)) - 687f579d-1680-4dd5-8b24-01f078298cef@group-E95DC8E8582E: changes role from CANDIDATE to FOLLOWER at term 99 for DISCOVERED_A_NEW_TERM
2019-11-05 11:28:33,661 [687f579d-1680-4dd5-8b24-01f078298cef@group-E95DC8E8582E-LeaderElection147] INFO  impl.RoleInfo (RoleInfo.java:shutdownLeaderElection(134)) - 687f579d-1680-4dd5-8b24-01f078298cef: shutdown LeaderElection
2019-11-05 11:28:33,661 [687f579d-1680-4dd5-8b24-01f078298cef@group-E95DC8E8582E-LeaderElection147] INFO  impl.RoleInfo (RoleInfo.java:updateAndGet(143)) - 687f579d-1680-4dd5-8b24-01f078298cef: start FollowerState
2019-11-05 11:28:33,663 [f7e9932d-fd96-469a-9353-68e47138e5ff@group-21C72E9484D5-LeaderElection148] INFO  impl.LeaderElection (LeaderElection.java:askForVotes(178)) - f7e9932d-fd96-469a-9353-68e47138e5ff@group-21C72E9484D5-LeaderElection148: begin an election at term 86 for -1: [f7e9932d-fd96-469a-9353-68e47138e5ff:192.168.157.252:45025, 1eca16cc-5184-4e43-8e55-175d1516eae4:192.168.157.252:41127, 74a8fb36-eab9-4c53-b7cf-c565055de05a:192.168.157.252:42370], old=null
2019-11-05 11:28:33,665 [f7e9932d-fd96-469a-9353-68e47138e5ff@group-21C72E9484D5-LeaderElection148] INFO  impl.LeaderElection (LeaderElection.java:logAndReturn(56)) - f7e9932d-fd96-469a-9353-68e47138e5ff@group-21C72E9484D5-LeaderElection148: Election TIMEOUT; received 0 response(s) [] and 0 exception(s); f7e9932d-fd96-469a-9353-68e47138e5ff@group-21C72E9484D5:t86, leader=null, voted=f7e9932d-fd96-469a-9353-68e47138e5ff, raftlog=f7e9932d-fd96-469a-9353-68e47138e5ff@group-21C72E9484D5-SegmentedRaftLog:OPENED:c-1,f-1,i0, conf=-1: [f7e9932d-fd96-469a-9353-68e47138e5ff:192.168.157.252:45025, 1eca16cc-5184-4e43-8e55-175d1516eae4:192.168.157.252:41127, 74a8fb36-eab9-4c53-b7cf-c565055de05a:192.168.157.252:42370], old=null
2019-11-05 11:28:33,667 [grpc-default-executor-11] INFO  impl.RaftServerImpl (RaftServerImpl.java:setRole(184)) - 74a8fb36-eab9-4c53-b7cf-c565055de05a@group-21C72E9484D5: changes role from  FOLLOWER to FOLLOWER at term 86 for recognizeCandidate:f7e9932d-fd96-469a-9353-68e47138e5ff
2019-11-05 11:28:33,668 [grpc-default-executor-11] INFO  impl.RoleInfo (RoleInfo.java:shutdownFollowerState(121)) - 74a8fb36-eab9-4c53-b7cf-c565055de05a: shutdown FollowerState
2019-11-05 11:28:33,668 [grpc-default-executor-11] INFO  impl.RoleInfo (RoleInfo.java:updateAndGet(143)) - 74a8fb36-eab9-4c53-b7cf-c565055de05a: start FollowerState
2019-11-05 11:28:33,668 [Thread-1548] INFO  impl.FollowerState (FollowerState.java:run(117)) - 74a8fb36-eab9-4c53-b7cf-c565055de05a@group-21C72E9484D5-FollowerState was interrupted: java.lang.InterruptedException: sleep interrupted
2019-11-05 11:28:33,673 [grpc-default-executor-5] INFO  impl.RaftServerImpl (RaftServerImpl.java:setRole(184)) - 1eca16cc-5184-4e43-8e55-175d1516eae4@group-21C72E9484D5: changes role from  FOLLOWER to FOLLOWER at term 86 for recognizeCandidate:f7e9932d-fd96-469a-9353-68e47138e5ff
2019-11-05 11:28:33,674 [grpc-default-executor-5] INFO  impl.RoleInfo (RoleInfo.java:shutdownFollowerState(121)) - 1eca16cc-5184-4e43-8e55-175d1516eae4: shutdown FollowerState
2019-11-05 11:28:33,674 [grpc-default-executor-5] INFO  impl.RoleInfo (RoleInfo.java:updateAndGet(143)) - 1eca16cc-5184-4e43-8e55-175d1516eae4: start FollowerState
2019-11-05 11:28:33,675 [Thread-1547] INFO  impl.FollowerState (FollowerState.java:run(117)) - 1eca16cc-5184-4e43-8e55-175d1516eae4@group-21C72E9484D5-FollowerState was interrupted: java.lang.InterruptedException: sleep interrupted
2019-11-05 11:28:33,696 [f7e9932d-fd96-469a-9353-68e47138e5ff@group-21C72E9484D5-LeaderElection148] INFO  impl.LeaderElection (LeaderElection.java:askForVotes(178)) - f7e9932d-fd96-469a-9353-68e47138e5ff@group-21C72E9484D5-LeaderElection148: begin an election at term 87 for -1: [f7e9932d-fd96-469a-9353-68e47138e5ff:192.168.157.252:45025, 1eca16cc-5184-4e43-8e55-175d1516eae4:192.168.157.252:41127, 74a8fb36-eab9-4c53-b7cf-c565055de05a:192.168.157.252:42370], old=null
2019-11-05 11:28:33,703 [grpc-default-executor-11] INFO  impl.RaftServerImpl (RaftServerImpl.java:setRole(184)) - 74a8fb36-eab9-4c53-b7cf-c565055de05a@group-21C72E9484D5: changes role from  FOLLOWER to FOLLOWER at term 87 for recognizeCandidate:f7e9932d-fd96-469a-9353-68e47138e5ff
2019-11-05 11:28:33,703 [grpc-default-executor-11] INFO  impl.RoleInfo (RoleInfo.java:shutdownFollowerState(121)) - 74a8fb36-eab9-4c53-b7cf-c565055de05a: shutdown FollowerState
2019-11-05 11:28:33,704 [grpc-default-executor-11] INFO  impl.RoleInfo (RoleInfo.java:updateAndGet(143)) - 74a8fb36-eab9-4c53-b7cf-c565055de05a: start FollowerState
2019-11-05 11:28:33,704 [Thread-1552] INFO  impl.FollowerState (FollowerState.java:run(117)) - 74a8fb36-eab9-4c53-b7cf-c565055de05a@group-21C72E9484D5-FollowerState was interrupted: java.lang.InterruptedException: sleep interrupted
2019-11-05 11:28:33,704 [grpc-default-executor-5] INFO  impl.RaftServerImpl (RaftServerImpl.java:setRole(184)) - 1eca16cc-5184-4e43-8e55-175d1516eae4@group-21C72E9484D5: changes role from  FOLLOWER to FOLLOWER at term 87 for recognizeCandidate:f7e9932d-fd96-469a-9353-68e47138e5ff
2019-11-05 11:28:33,704 [grpc-default-executor-5] INFO  impl.RoleInfo (RoleInfo.java:shutdownFollowerState(121)) - 1eca16cc-5184-4e43-8e55-175d1516eae4: shutdown FollowerState
2019-11-05 11:28:33,704 [grpc-default-executor-5] INFO  impl.RoleInfo (RoleInfo.java:updateAndGet(143)) - 1eca16cc-5184-4e43-8e55-175d1516eae4: start FollowerState
2019-11-05 11:28:33,705 [Thread-1553] INFO  impl.FollowerState (FollowerState.java:run(117)) - 1eca16cc-5184-4e43-8e55-175d1516eae4@group-21C72E9484D5-FollowerState was interrupted: java.lang.InterruptedException: sleep interrupted
2019-11-05 11:28:33,737 [f7e9932d-fd96-469a-9353-68e47138e5ff@group-21C72E9484D5-LeaderElection148] INFO  impl.LeaderElection (LeaderElection.java:logAndReturn(56)) - f7e9932d-fd96-469a-9353-68e47138e5ff@group-21C72E9484D5-LeaderElection148: Election REJECTED; received 2 response(s) [f7e9932d-fd96-469a-9353-68e47138e5ff<-1eca16cc-5184-4e43-8e55-175d1516eae4#0:FAIL-t87, f7e9932d-fd96-469a-9353-68e47138e5ff<-74a8fb36-eab9-4c53-b7cf-c565055de05a#0:FAIL-t87] and 0 exception(s); f7e9932d-fd96-469a-9353-68e47138e5ff@group-21C72E9484D5:t87, leader=null, voted=f7e9932d-fd96-469a-9353-68e47138e5ff, raftlog=f7e9932d-fd96-469a-9353-68e47138e5ff@group-21C72E9484D5-SegmentedRaftLog:OPENED:c-1,f-1,i0, conf=-1: [f7e9932d-fd96-469a-9353-68e47138e5ff:192.168.157.252:45025, 1eca16cc-5184-4e43-8e55-175d1516eae4:192.168.157.252:41127, 74a8fb36-eab9-4c53-b7cf-c565055de05a:192.168.157.252:42370], old=null
2019-11-05 11:28:33,737 [f7e9932d-fd96-469a-9353-68e47138e5ff@group-21C72E9484D5-LeaderElection148] INFO  impl.RaftServerImpl (RaftServerImpl.java:setRole(184)) - f7e9932d-fd96-469a-9353-68e47138e5ff@group-21C72E9484D5: changes role from CANDIDATE to FOLLOWER at term 87 for DISCOVERED_A_NEW_TERM
2019-11-05 11:28:33,737 [f7e9932d-fd96-469a-9353-68e47138e5ff@group-21C72E9484D5-LeaderElection148] INFO  impl.RoleInfo (RoleInfo.java:shutdownLeaderElection(134)) - f7e9932d-fd96-469a-9353-68e47138e5ff: shutdown LeaderElection
2019-11-05 11:28:33,737 [f7e9932d-fd96-469a-9353-68e47138e5ff@group-21C72E9484D5-LeaderElection148] INFO  impl.RoleInfo (RoleInfo.java:updateAndGet(143)) - f7e9932d-fd96-469a-9353-68e47138e5ff: start FollowerState
2019-11-05 11:28:33,769 [Thread-1560] INFO  impl.FollowerState (FollowerState.java:run(108)) - f7e9932d-fd96-469a-9353-68e47138e5ff@group-21C72E9484D5-FollowerState: change to CANDIDATE, lastRpcTime:31ms, electionTimeout:31ms
2019-11-05 11:28:33,769 [Thread-1560] INFO  impl.RoleInfo (RoleInfo.java:shutdownFollowerState(121)) - f7e9932d-fd96-469a-9353-68e47138e5ff: shutdown FollowerState
2019-11-05 11:28:33,769 [Thread-1560] INFO  impl.RaftServerImpl (RaftServerImpl.java:setRole(184)) - f7e9932d-fd96-469a-9353-68e47138e5ff@group-21C72E9484D5: changes role from  FOLLOWER to CANDIDATE at term 87 for changeToCandidate
2019-11-05 11:28:33,770 [Thread-1560] INFO  impl.RoleInfo (RoleInfo.java:updateAndGet(143)) - f7e9932d-fd96-469a-9353-68e47138e5ff: start LeaderElection
2019-11-05 11:28:33,784 [f7e9932d-fd96-469a-9353-68e47138e5ff@group-21C72E9484D5-LeaderElection149] INFO  impl.LeaderElection (LeaderElection.java:askForVotes(178)) - f7e9932d-fd96-469a-9353-68e47138e5ff@group-21C72E9484D5-LeaderElection149: begin an election at term 88 for -1: [f7e9932d-fd96-469a-9353-68e47138e5ff:192.168.157.252:45025, 1eca16cc-5184-4e43-8e55-175d1516eae4:192.168.157.252:41127, 74a8fb36-eab9-4c53-b7cf-c565055de05a:192.168.157.252:42370], old=null
2019-11-05 11:28:33,787 [grpc-default-executor-11] INFO  impl.RaftServerImpl (RaftServerImpl.java:setRole(184)) - 74a8fb36-eab9-4c53-b7cf-c565055de05a@group-21C72E9484D5: changes role from  FOLLOWER to FOLLOWER at term 88 for recognizeCandidate:f7e9932d-fd96-469a-9353-68e47138e5ff
2019-11-05 11:28:33,787 [grpc-default-executor-5] INFO  impl.RaftServerImpl (RaftServerImpl.java:setRole(184)) - 1eca16cc-5184-4e43-8e55-175d1516eae4@group-21C72E9484D5: changes role from  FOLLOWER to FOLLOWER at term 88 for recognizeCandidate:f7e9932d-fd96-469a-9353-68e47138e5ff
2019-11-05 11:28:33,787 [grpc-default-executor-11] INFO  impl.RoleInfo (RoleInfo.java:shutdownFollowerState(121)) - 74a8fb36-eab9-4c53-b7cf-c565055de05a: shutdown FollowerState
2019-11-05 11:28:33,787 [grpc-default-executor-5] INFO  impl.RoleInfo (RoleInfo.java:shutdownFollowerState(121)) - 1eca16cc-5184-4e43-8e55-175d1516eae4: shutdown FollowerState
2019-11-05 11:28:33,787 [Thread-1558] INFO  impl.FollowerState (FollowerState.java:run(117)) - 74a8fb36-eab9-4c53-b7cf-c565055de05a@group-21C72E9484D5-FollowerState was interrupted: java.lang.InterruptedException: sleep interrupted
2019-11-05 11:28:33,787 [grpc-default-executor-11] INFO  impl.RoleInfo (RoleInfo.java:updateAndGet(143)) - 74a8fb36-eab9-4c53-b7cf-c565055de05a: start FollowerState
2019-11-05 11:28:33,787 [grpc-default-executor-5] INFO  impl.RoleInfo (RoleInfo.java:updateAndGet(143)) - 1eca16cc-5184-4e43-8e55-175d1516eae4: start FollowerState
2019-11-05 11:28:33,799 [Thread-1559] INFO  impl.FollowerState (FollowerState.java:run(117)) - 1eca16cc-5184-4e43-8e55-175d1516eae4@group-21C72E9484D5-FollowerState was interrupted: java.lang.InterruptedException: sleep interrupted
2019-11-05 11:28:33,802 [f7e9932d-fd96-469a-9353-68e47138e5ff@group-21C72E9484D5-LeaderElection149] INFO  impl.LeaderElection (LeaderElection.java:logAndReturn(56)) - f7e9932d-fd96-469a-9353-68e47138e5ff@group-21C72E9484D5-LeaderElection149: Election REJECTED; received 2 response(s) [f7e9932d-fd96-469a-9353-68e47138e5ff<-1eca16cc-5184-4e43-8e55-175d1516eae4#0:FAIL-t88, f7e9932d-fd96-469a-9353-68e47138e5ff<-74a8fb36-eab9-4c53-b7cf-c565055de05a#0:FAIL-t88] and 0 exception(s); f7e9932d-fd96-469a-9353-68e47138e5ff@group-21C72E9484D5:t88, leader=null, voted=f7e9932d-fd96-469a-9353-68e47138e5ff, raftlog=f7e9932d-fd96-469a-9353-68e47138e5ff@group-21C72E9484D5-SegmentedRaftLog:OPENED:c-1,f-1,i0, conf=-1: [f7e9932d-fd96-469a-9353-68e47138e5ff:192.168.157.252:45025, 1eca16cc-5184-4e43-8e55-175d1516eae4:192.168.157.252:41127, 74a8fb36-eab9-4c53-b7cf-c565055de05a:192.168.157.252:42370], old=null
2019-11-05 11:28:33,802 [f7e9932d-fd96-469a-9353-68e47138e5ff@group-21C72E9484D5-LeaderElection149] INFO  impl.RaftServerImpl (RaftServerImpl.java:setRole(184)) - f7e9932d-fd96-469a-9353-68e47138e5ff@group-21C72E9484D5: changes role from CANDIDATE to FOLLOWER at term 88 for DISCOVERED_A_NEW_TERM
2019-11-05 11:28:33,803 [f7e9932d-fd96-469a-9353-68e47138e5ff@group-21C72E9484D5-LeaderElection149] INFO  impl.RoleInfo (RoleInfo.java:shutdownLeaderElection(134)) - f7e9932d-fd96-469a-9353-68e47138e5ff: shutdown LeaderElection
2019-11-05 11:28:33,803 [f7e9932d-fd96-469a-9353-68e47138e5ff@group-21C72E9484D5-LeaderElection149] INFO  impl.RoleInfo (RoleInfo.java:updateAndGet(143)) - f7e9932d-fd96-469a-9353-68e47138e5ff: start FollowerState
2019-11-05 11:28:33,829 [Thread-1566] INFO  impl.FollowerState (FollowerState.java:run(108)) - f7e9932d-fd96-469a-9353-68e47138e5ff@group-21C72E9484D5-FollowerState: change to CANDIDATE, lastRpcTime:26ms, electionTimeout:26ms
2019-11-05 11:28:33,829 [Thread-1566] INFO  impl.RoleInfo (RoleInfo.java:shutdownFollowerState(121)) - f7e9932d-fd96-469a-9353-68e47138e5ff: shutdown FollowerState
2019-11-05 11:28:33,829 [Thread-1566] INFO  impl.RaftServerImpl (RaftServerImpl.java:setRole(184)) - f7e9932d-fd96-469a-9353-68e47138e5ff@group-21C72E9484D5: changes role from  FOLLOWER to CANDIDATE at term 88 for changeToCandidate
2019-11-05 11:28:33,830 [Thread-1566] INFO  impl.RoleInfo (RoleInfo.java:updateAndGet(143)) - f7e9932d-fd96-469a-9353-68e47138e5ff: start LeaderElection
2019-11-05 11:28:33,849 [f7e9932d-fd96-469a-9353-68e47138e5ff@group-21C72E9484D5-LeaderElection150] INFO  impl.LeaderElection (LeaderElection.java:askForVotes(178)) - f7e9932d-fd96-469a-9353-68e47138e5ff@group-21C72E9484D5-LeaderElection150: begin an election at term 89 for -1: [f7e9932d-fd96-469a-9353-68e47138e5ff:192.168.157.252:45025, 1eca16cc-5184-4e43-8e55-175d1516eae4:192.168.157.252:41127, 74a8fb36-eab9-4c53-b7cf-c565055de05a:192.168.157.252:42370], old=null
2019-11-05 11:28:33,852 [grpc-default-executor-5] INFO  impl.RaftServerImpl (RaftServerImpl.java:setRole(184)) - 1eca16cc-5184-4e43-8e55-175d1516eae4@group-21C72E9484D5: changes role from  FOLLOWER to FOLLOWER at term 89 for recognizeCandidate:f7e9932d-fd96-469a-9353-68e47138e5ff
2019-11-05 11:28:33,852 [grpc-default-executor-5] INFO  impl.RoleInfo (RoleInfo.java:shutdownFollowerState(121)) - 1eca16cc-5184-4e43-8e55-175d1516eae4: shutdown FollowerState
2019-11-05 11:28:33,852 [grpc-default-executor-5] INFO  impl.RoleInfo (RoleInfo.java:updateAndGet(143)) - 1eca16cc-5184-4e43-8e55-175d1516eae4: start FollowerState
2019-11-05 11:28:33,852 [Thread-1565] INFO  impl.FollowerState (FollowerState.java:run(117)) - 1eca16cc-5184-4e43-8e55-175d1516eae4@group-21C72E9484D5-FollowerState was interrupted: java.lang.InterruptedException: sleep interrupted
2019-11-05 11:28:33,854 [grpc-default-executor-11] INFO  impl.RaftServerImpl (RaftServerImpl.java:setRole(184)) - 74a8fb36-eab9-4c53-b7cf-c565055de05a@group-21C72E9484D5: changes role from  FOLLOWER to FOLLOWER at term 89 for recognizeCandidate:f7e9932d-fd96-469a-9353-68e47138e5ff
2019-11-05 11:28:33,854 [grpc-default-executor-11] INFO  impl.RoleInfo (RoleInfo.java:shutdownFollowerState(121)) - 74a8fb36-eab9-4c53-b7cf-c565055de05a: shutdown FollowerState
2019-11-05 11:28:33,854 [Thread-1564] INFO  impl.FollowerState (FollowerState.java:run(117)) - 74a8fb36-eab9-4c53-b7cf-c565055de05a@group-21C72E9484D5-FollowerState was interrupted: java.lang.InterruptedException: sleep interrupted
2019-11-05 11:28:33,854 [grpc-default-executor-11] INFO  impl.RoleInfo (RoleInfo.java:updateAndGet(143)) - 74a8fb36-eab9-4c53-b7cf-c565055de05a: start FollowerState
2019-11-05 11:28:33,860 [Thread-1549] INFO  impl.FollowerState (FollowerState.java:run(108)) - 687f579d-1680-4dd5-8b24-01f078298cef@group-E95DC8E8582E-FollowerState: change to CANDIDATE, lastRpcTime:199ms, electionTimeout:199ms
2019-11-05 11:28:33,860 [Thread-1549] INFO  impl.RoleInfo (RoleInfo.java:shutdownFollowerState(121)) - 687f579d-1680-4dd5-8b24-01f078298cef: shutdown FollowerState
2019-11-05 11:28:33,861 [Thread-1549] INFO  impl.RaftServerImpl (RaftServerImpl.java:setRole(184)) - 687f579d-1680-4dd5-8b24-01f078298cef@group-E95DC8E8582E: changes role from  FOLLOWER to CANDIDATE at term 99 for changeToCandidate
2019-11-05 11:28:33,861 [Thread-1549] INFO  impl.RoleInfo (RoleInfo.java:updateAndGet(143)) - 687f579d-1680-4dd5-8b24-01f078298cef: start LeaderElection
2019-11-05 11:28:33,868 [687f579d-1680-4dd5-8b24-01f078298cef@group-E95DC8E8582E-LeaderElection151] INFO  impl.LeaderElection (LeaderElection.java:askForVotes(178)) - 687f579d-1680-4dd5-8b24-01f078298cef@group-E95DC8E8582E-LeaderElection151: begin an election at term 100 for -1: [90ecfa43-dab6-49d9-b30c-40ef62bfdf2a:192.168.157.252:34192, 687f579d-1680-4dd5-8b24-01f078298cef:192.168.157.252:37962, b8bf4e9b-064a-4520-981c-d6c40c833497:192.168.157.252:43407], old=null
2019-11-05 11:28:33,870 [grpc-default-executor-5] INFO  impl.RaftServerImpl (RaftServerImpl.java:setRole(184)) - 90ecfa43-dab6-49d9-b30c-40ef62bfdf2a@group-E95DC8E8582E: changes role from  FOLLOWER to FOLLOWER at term 100 for recognizeCandidate:687f579d-1680-4dd5-8b24-01f078298cef
2019-11-05 11:28:33,870 [grpc-default-executor-5] INFO  impl.RoleInfo (RoleInfo.java:shutdownFollowerState(121)) - 90ecfa43-dab6-49d9-b30c-40ef62bfdf2a: shutdown FollowerState
2019-11-05 11:28:33,871 [grpc-default-executor-5] INFO  impl.RoleInfo (RoleInfo.java:updateAndGet(143)) - 90ecfa43-dab6-49d9-b30c-40ef62bfdf2a: start FollowerState
2019-11-05 11:28:33,871 [Thread-1545] INFO  impl.FollowerState (FollowerState.java:run(117)) - 90ecfa43-dab6-49d9-b30c-40ef62bfdf2a@group-E95DC8E8582E-FollowerState was interrupted: java.lang.InterruptedException: sleep interrupted
2019-11-05 11:28:33,872 [f7e9932d-fd96-469a-9353-68e47138e5ff@group-21C72E9484D5-LeaderElection150] INFO  impl.LeaderElection (LeaderElection.java:logAndReturn(56)) - f7e9932d-fd96-469a-9353-68e47138e5ff@group-21C72E9484D5-LeaderElection150: Election REJECTED; received 2 response(s) [f7e9932d-fd96-469a-9353-68e47138e5ff<-1eca16cc-5184-4e43-8e55-175d1516eae4#0:FAIL-t89, f7e9932d-fd96-469a-9353-68e47138e5ff<-74a8fb36-eab9-4c53-b7cf-c565055de05a#0:FAIL-t89] and 0 exception(s); f7e9932d-fd96-469a-9353-68e47138e5ff@group-21C72E9484D5:t89, leader=null, voted=f7e9932d-fd96-469a-9353-68e47138e5ff, raftlog=f7e9932d-fd96-469a-9353-68e47138e5ff@group-21C72E9484D5-SegmentedRaftLog:OPENED:c-1,f-1,i0, conf=-1: [f7e9932d-fd96-469a-9353-68e47138e5ff:192.168.157.252:45025, 1eca16cc-5184-4e43-8e55-175d1516eae4:192.168.157.252:41127, 74a8fb36-eab9-4c53-b7cf-c565055de05a:192.168.157.252:42370], old=null
2019-11-05 11:28:33,873 [grpc-default-executor-11] INFO  impl.RaftServerImpl (RaftServerImpl.java:setRole(184)) - b8bf4e9b-064a-4520-981c-d6c40c833497@group-E95DC8E8582E: changes role from  FOLLOWER to FOLLOWER at term 100 for recognizeCandidate:687f579d-1680-4dd5-8b24-01f078298cef
2019-11-05 11:28:33,873 [grpc-default-executor-11] INFO  impl.RoleInfo (RoleInfo.java:shutdownFollowerState(121)) - b8bf4e9b-064a-4520-981c-d6c40c833497: shutdown FollowerState
2019-11-05 11:28:33,879 [grpc-default-executor-11] INFO  impl.RoleInfo (RoleInfo.java:updateAndGet(143)) - b8bf4e9b-064a-4520-981c-d6c40c833497: start FollowerState
2019-11-05 11:28:33,879 [Thread-1546] INFO  impl.FollowerState (FollowerState.java:run(117)) - b8bf4e9b-064a-4520-981c-d6c40c833497@group-E95DC8E8582E-FollowerState was interrupted: java.lang.InterruptedException: sleep interrupted
2019-11-05 11:28:33,880 [f7e9932d-fd96-469a-9353-68e47138e5ff@group-21C72E9484D5-LeaderElection150] INFO  impl.RaftServerImpl (RaftServerImpl.java:setRole(184)) - f7e9932d-fd96-469a-9353-68e47138e5ff@group-21C72E9484D5: changes role from CANDIDATE to FOLLOWER at term 89 for DISCOVERED_A_NEW_TERM
2019-11-05 11:28:33,880 [f7e9932d-fd96-469a-9353-68e47138e5ff@group-21C72E9484D5-LeaderElection150] INFO  impl.RoleInfo (RoleInfo.java:shutdownLeaderElection(134)) - f7e9932d-fd96-469a-9353-68e47138e5ff: shutdown LeaderElection
2019-11-05 11:28:33,880 [f7e9932d-fd96-469a-9353-68e47138e5ff@group-21C72E9484D5-LeaderElection150] INFO  impl.RoleInfo (RoleInfo.java:updateAndGet(143)) - f7e9932d-fd96-469a-9353-68e47138e5ff: start FollowerState
2019-11-05 11:28:33,915 [687f579d-1680-4dd5-8b24-01f078298cef@group-E95DC8E8582E-LeaderElection151] INFO  impl.LeaderElection (LeaderElection.java:logAndReturn(56)) - 687f579d-1680-4dd5-8b24-01f078298cef@group-E95DC8E8582E-LeaderElection151: Election TIMEOUT; received 1 response(s) [687f579d-1680-4dd5-8b24-01f078298cef<-90ecfa43-dab6-49d9-b30c-40ef62bfdf2a#0:FAIL-t100] and 0 exception(s); 687f579d-1680-4dd5-8b24-01f078298cef@group-E95DC8E8582E:t100, leader=null, voted=687f579d-1680-4dd5-8b24-01f078298cef, raftlog=687f579d-1680-4dd5-8b24-01f078298cef@group-E95DC8E8582E-SegmentedRaftLog:OPENED:c-1,f-1,i0, conf=-1: [90ecfa43-dab6-49d9-b30c-40ef62bfdf2a:192.168.157.252:34192, 687f579d-1680-4dd5-8b24-01f078298cef:192.168.157.252:37962, b8bf4e9b-064a-4520-981c-d6c40c833497:192.168.157.252:43407], old=null
2019-11-05 11:28:33,939 [687f579d-1680-4dd5-8b24-01f078298cef@group-E95DC8E8582E-LeaderElection151] INFO  impl.LeaderElection (LeaderElection.java:askForVotes(178)) - 687f579d-1680-4dd5-8b24-01f078298cef@group-E95DC8E8582E-LeaderElection151: begin an election at term 101 for -1: [90ecfa43-dab6-49d9-b30c-40ef62bfdf2a:192.168.157.252:34192, 687f579d-1680-4dd5-8b24-01f078298cef:192.168.157.252:37962, b8bf4e9b-064a-4520-981c-d6c40c833497:192.168.157.252:43407], old=null
2019-11-05 11:28:33,950 [grpc-default-executor-5] INFO  impl.RaftServerImpl (RaftServerImpl.java:setRole(184)) - b8bf4e9b-064a-4520-981c-d6c40c833497@group-E95DC8E8582E: changes role from  FOLLOWER to FOLLOWER at term 101 for recognizeCandidate:687f579d-1680-4dd5-8b24-01f078298cef
2019-11-05 11:28:33,950 [grpc-default-executor-5] INFO  impl.RoleInfo (RoleInfo.java:shutdownFollowerState(121)) - b8bf4e9b-064a-4520-981c-d6c40c833497: shutdown FollowerState
2019-11-05 11:28:33,950 [grpc-default-executor-5] INFO  impl.RoleInfo (RoleInfo.java:updateAndGet(143)) - b8bf4e9b-064a-4520-981c-d6c40c833497: start FollowerState
2019-11-05 11:28:33,951 [Thread-1576] INFO  impl.FollowerState (FollowerState.java:run(117)) - b8bf4e9b-064a-4520-981c-d6c40c833497@group-E95DC8E8582E-FollowerState was interrupted: java.lang.InterruptedException: sleep interrupted
2019-11-05 11:28:33,963 [grpc-default-executor-11] INFO  impl.RaftServerImpl (RaftServerImpl.java:setRole(184)) - 90ecfa43-dab6-49d9-b30c-40ef62bfdf2a@group-E95DC8E8582E: changes role from  FOLLOWER to FOLLOWER at term 101 for recognizeCandidate:687f579d-1680-4dd5-8b24-01f078298cef
2019-11-05 11:28:33,963 [grpc-default-executor-11] INFO  impl.RoleInfo (RoleInfo.java:shutdownFollowerState(121)) - 90ecfa43-dab6-49d9-b30c-40ef62bfdf2a: shutdown FollowerState
2019-11-05 11:28:33,963 [grpc-default-executor-11] INFO  impl.RoleInfo (RoleInfo.java:updateAndGet(143)) - 90ecfa43-dab6-49d9-b30c-40ef62bfdf2a: start FollowerState
2019-11-05 11:28:33,964 [Thread-1575] INFO  impl.FollowerState (FollowerState.java:run(117)) - 90ecfa43-dab6-49d9-b30c-40ef62bfdf2a@group-E95DC8E8582E-FollowerState was interrupted: java.lang.InterruptedException: sleep interrupted
2019-11-05 11:28:33,997 [Thread-1577] INFO  impl.FollowerState (FollowerState.java:run(108)) - f7e9932d-fd96-469a-9353-68e47138e5ff@group-21C72E9484D5-FollowerState: change to CANDIDATE, lastRpcTime:116ms, electionTimeout:115ms
2019-11-05 11:28:33,997 [Thread-1577] INFO  impl.RoleInfo (RoleInfo.java:shutdownFollowerState(121)) - f7e9932d-fd96-469a-9353-68e47138e5ff: shutdown FollowerState
2019-11-05 11:28:33,997 [Thread-1577] INFO  impl.RaftServerImpl (RaftServerImpl.java:setRole(184)) - f7e9932d-fd96-469a-9353-68e47138e5ff@group-21C72E9484D5: changes role from  FOLLOWER to CANDIDATE at term 89 for changeToCandidate
2019-11-05 11:28:33,998 [Thread-1577] INFO  impl.RoleInfo (RoleInfo.java:updateAndGet(143)) - f7e9932d-fd96-469a-9353-68e47138e5ff: start LeaderElection
2019-11-05 11:28:34,016 [687f579d-1680-4dd5-8b24-01f078298cef@group-E95DC8E8582E-LeaderElection151] INFO  impl.LeaderElection (LeaderElection.java:logAndReturn(56)) - 687f579d-1680-4dd5-8b24-01f078298cef@group-E95DC8E8582E-LeaderElection151: Election TIMEOUT; received 1 response(s) [687f579d-1680-4dd5-8b24-01f078298cef<-b8bf4e9b-064a-4520-981c-d6c40c833497#0:FAIL-t101] and 0 exception(s); 687f579d-1680-4dd5-8b24-01f078298cef@group-E95DC8E8582E:t101, leader=null, voted=687f579d-1680-4dd5-8b24-01f078298cef, raftlog=687f579d-1680-4dd5-8b24-01f078298cef@group-E95DC8E8582E-SegmentedRaftLog:OPENED:c-1,f-1,i0, conf=-1: [90ecfa43-dab6-49d9-b30c-40ef62bfdf2a:192.168.157.252:34192, 687f579d-1680-4dd5-8b24-01f078298cef:192.168.157.252:37962, b8bf4e9b-064a-4520-981c-d6c40c833497:192.168.157.252:43407], old=null
2019-11-05 11:28:34,022 [687f579d-1680-4dd5-8b24-01f078298cef@group-E95DC8E8582E-LeaderElection151] INFO  impl.LeaderElection (LeaderElection.java:askForVotes(178)) - 687f579d-1680-4dd5-8b24-01f078298cef@group-E95DC8E8582E-LeaderElection151: begin an election at term 102 for -1: [90ecfa43-dab6-49d9-b30c-40ef62bfdf2a:192.168.157.252:34192, 687f579d-1680-4dd5-8b24-01f078298cef:192.168.157.252:37962, b8bf4e9b-064a-4520-981c-d6c40c833497:192.168.157.252:43407], old=null
2019-11-05 11:28:34,023 [f7e9932d-fd96-469a-9353-68e47138e5ff@group-21C72E9484D5-LeaderElection152] INFO  impl.LeaderElection (LeaderElection.java:askForVotes(178)) - f7e9932d-fd96-469a-9353-68e47138e5ff@group-21C72E9484D5-LeaderElection152: begin an election at term 90 for -1: [f7e9932d-fd96-469a-9353-68e47138e5ff:192.168.157.252:45025, 1eca16cc-5184-4e43-8e55-175d1516eae4:192.168.157.252:41127, 74a8fb36-eab9-4c53-b7cf-c565055de05a:192.168.157.252:42370], old=null
2019-11-05 11:28:34,043 [grpc-default-executor-11] INFO  impl.RaftServerImpl (RaftServerImpl.java:setRole(184)) - 90ecfa43-dab6-49d9-b30c-40ef62bfdf2a@group-E95DC8E8582E: changes role from  FOLLOWER to FOLLOWER at term 102 for recognizeCandidate:687f579d-1680-4dd5-8b24-01f078298cef
2019-11-05 11:28:34,043 [grpc-default-executor-11] INFO  impl.RoleInfo (RoleInfo.java:shutdownFollowerState(121)) - 90ecfa43-dab6-49d9-b30c-40ef62bfdf2a: shutdown FollowerState
2019-11-05 11:28:34,047 [grpc-default-executor-11] INFO  impl.RoleInfo (RoleInfo.java:updateAndGet(143)) - 90ecfa43-dab6-49d9-b30c-40ef62bfdf2a: start FollowerState
2019-11-05 11:28:34,048 [Thread-1581] INFO  impl.FollowerState (FollowerState.java:run(117)) - 90ecfa43-dab6-49d9-b30c-40ef62bfdf2a@group-E95DC8E8582E-FollowerState was interrupted: java.lang.InterruptedException: sleep interrupted
2019-11-05 11:28:34,049 [grpc-default-executor-4] INFO  impl.RaftServerImpl (RaftServerImpl.java:setRole(184)) - 1eca16cc-5184-4e43-8e55-175d1516eae4@group-21C72E9484D5: changes role from  FOLLOWER to FOLLOWER at term 90 for recognizeCandidate:f7e9932d-fd96-469a-9353-68e47138e5ff
2019-11-05 11:28:34,049 [grpc-default-executor-4] INFO  impl.RoleInfo (RoleInfo.java:shutdownFollowerState(121)) - 1eca16cc-5184-4e43-8e55-175d1516eae4: shutdown FollowerState
2019-11-05 11:28:34,049 [grpc-default-executor-4] INFO  impl.RoleInfo (RoleInfo.java:updateAndGet(143)) - 1eca16cc-5184-4e43-8e55-175d1516eae4: start FollowerState
2019-11-05 11:28:34,050 [grpc-default-executor-9] INFO  impl.RaftServerImpl (RaftServerImpl.java:setRole(184)) - 74a8fb36-eab9-4c53-b7cf-c565055de05a@group-21C72E9484D5: changes role from  FOLLOWER to FOLLOWER at term 90 for recognizeCandidate:f7e9932d-fd96-469a-9353-68e47138e5ff
2019-11-05 11:28:34,050 [grpc-default-executor-9] INFO  impl.RoleInfo (RoleInfo.java:shutdownFollowerState(121)) - 74a8fb36-eab9-4c53-b7cf-c565055de05a: shutdown FollowerState
2019-11-05 11:28:34,050 [Thread-1570] INFO  impl.FollowerState (FollowerState.java:run(117)) - 1eca16cc-5184-4e43-8e55-175d1516eae4@group-21C72E9484D5-FollowerState was interrupted: java.lang.InterruptedException: sleep interrupted
2019-11-05 11:28:34,050 [Thread-1571] INFO  impl.FollowerState (FollowerState.java:run(117)) - 74a8fb36-eab9-4c53-b7cf-c565055de05a@group-21C72E9484D5-FollowerState was interrupted: java.lang.InterruptedException: sleep interrupted
2019-11-05 11:28:34,050 [grpc-default-executor-9] INFO  impl.RoleInfo (RoleInfo.java:updateAndGet(143)) - 74a8fb36-eab9-4c53-b7cf-c565055de05a: start FollowerState
2019-11-05 11:28:34,054 [f7e9932d-fd96-469a-9353-68e47138e5ff@group-21C72E9484D5-LeaderElection152] INFO  impl.LeaderElection (LeaderElection.java:logAndReturn(56)) - f7e9932d-fd96-469a-9353-68e47138e5ff@group-21C72E9484D5-LeaderElection152: Election TIMEOUT; received 0 response(s) [] and 0 exception(s); f7e9932d-fd96-469a-9353-68e47138e5ff@group-21C72E9484D5:t90, leader=null, voted=f7e9932d-fd96-469a-9353-68e47138e5ff, raftlog=f7e9932d-fd96-469a-9353-68e47138e5ff@group-21C72E9484D5-SegmentedRaftLog:OPENED:c-1,f-1,i0, conf=-1: [f7e9932d-fd96-469a-9353-68e47138e5ff:192.168.157.252:45025, 1eca16cc-5184-4e43-8e55-175d1516eae4:192.168.157.252:41127, 74a8fb36-eab9-4c53-b7cf-c565055de05a:192.168.157.252:42370], old=null
2019-11-05 11:28:34,055 [grpc-default-executor-5] INFO  impl.RaftServerImpl (RaftServerImpl.java:setRole(184)) - b8bf4e9b-064a-4520-981c-d6c40c833497@group-E95DC8E8582E: changes role from  FOLLOWER to FOLLOWER at term 102 for recognizeCandidate:687f579d-1680-4dd5-8b24-01f078298cef
2019-11-05 11:28:34,055 [grpc-default-executor-5] INFO  impl.RoleInfo (RoleInfo.java:shutdownFollowerState(121)) - b8bf4e9b-064a-4520-981c-d6c40c833497: shutdown FollowerState
2019-11-05 11:28:34,055 [grpc-default-executor-5] INFO  impl.RoleInfo (RoleInfo.java:updateAndGet(143)) - b8bf4e9b-064a-4520-981c-d6c40c833497: start FollowerState
2019-11-05 11:28:34,056 [Thread-1580] INFO  impl.FollowerState (FollowerState.java:run(117)) - b8bf4e9b-064a-4520-981c-d6c40c833497@group-E95DC8E8582E-FollowerState was interrupted: java.lang.InterruptedException: sleep interrupted
2019-11-05 11:28:34,062 [f7e9932d-fd96-469a-9353-68e47138e5ff@group-21C72E9484D5-LeaderElection152] INFO  impl.LeaderElection (LeaderElection.java:askForVotes(178)) - f7e9932d-fd96-469a-9353-68e47138e5ff@group-21C72E9484D5-LeaderElection152: begin an election at term 91 for -1: [f7e9932d-fd96-469a-9353-68e47138e5ff:192.168.157.252:45025, 1eca16cc-5184-4e43-8e55-175d1516eae4:192.168.157.252:41127, 74a8fb36-eab9-4c53-b7cf-c565055de05a:192.168.157.252:42370], old=null
2019-11-05 11:28:34,063 [grpc-default-executor-9] INFO  impl.RaftServerImpl (RaftServerImpl.java:setRole(184)) - 1eca16cc-5184-4e43-8e55-175d1516eae4@group-21C72E9484D5: changes role from  FOLLOWER to FOLLOWER at term 91 for recognizeCandidate:f7e9932d-fd96-469a-9353-68e47138e5ff
2019-11-05 11:28:34,063 [grpc-default-executor-9] INFO  impl.RoleInfo (RoleInfo.java:shutdownFollowerState(121)) - 1eca16cc-5184-4e43-8e55-175d1516eae4: shutdown FollowerState
2019-11-05 11:28:34,064 [grpc-default-executor-9] INFO  impl.RoleInfo (RoleInfo.java:updateAndGet(143)) - 1eca16cc-5184-4e43-8e55-175d1516eae4: start FollowerState
2019-11-05 11:28:34,064 [grpc-default-executor-5] INFO  impl.RaftServerImpl (RaftServerImpl.java:setRole(184)) - 74a8fb36-eab9-4c53-b7cf-c565055de05a@group-21C72E9484D5: changes role from  FOLLOWER to FOLLOWER at term 91 for recognizeCandidate:f7e9932d-fd96-469a-9353-68e47138e5ff
2019-11-05 11:28:34,064 [grpc-default-executor-5] INFO  impl.RoleInfo (RoleInfo.java:shutdownFollowerState(121)) - 74a8fb36-eab9-4c53-b7cf-c565055de05a: shutdown FollowerState
2019-11-05 11:28:34,064 [Thread-1588] INFO  impl.FollowerState (FollowerState.java:run(117)) - 1eca16cc-5184-4e43-8e55-175d1516eae4@group-21C72E9484D5-FollowerState was interrupted: java.lang.InterruptedException: sleep interrupted
2019-11-05 11:28:34,064 [Thread-1589] INFO  impl.FollowerState (FollowerState.java:run(117)) - 74a8fb36-eab9-4c53-b7cf-c565055de05a@group-21C72E9484D5-FollowerState was interrupted: java.lang.InterruptedException: sleep interrupted
2019-11-05 11:28:34,064 [grpc-default-executor-5] INFO  impl.RoleInfo (RoleInfo.java:updateAndGet(143)) - 74a8fb36-eab9-4c53-b7cf-c565055de05a: start FollowerState
2019-11-05 11:28:34,064 [687f579d-1680-4dd5-8b24-01f078298cef@group-E95DC8E8582E-LeaderElection151] INFO  impl.LeaderElection (LeaderElection.java:logAndReturn(56)) - 687f579d-1680-4dd5-8b24-01f078298cef@group-E95DC8E8582E-LeaderElection151: Election REJECTED; received 2 response(s) [687f579d-1680-4dd5-8b24-01f078298cef<-90ecfa43-dab6-49d9-b30c-40ef62bfdf2a#0:FAIL-t102, 687f579d-1680-4dd5-8b24-01f078298cef<-b8bf4e9b-064a-4520-981c-d6c40c833497#0:FAIL-t102] and 0 exception(s); 687f579d-1680-4dd5-8b24-01f078298cef@group-E95DC8E8582E:t102, leader=null, voted=687f579d-1680-4dd5-8b24-01f078298cef, raftlog=687f579d-1680-4dd5-8b24-01f078298cef@group-E95DC8E8582E-SegmentedRaftLog:OPENED:c-1,f-1,i0, conf=-1: [90ecfa43-dab6-49d9-b30c-40ef62bfdf2a:192.168.157.252:34192, 687f579d-1680-4dd5-8b24-01f078298cef:192.168.157.252:37962, b8bf4e9b-064a-4520-981c-d6c40c833497:192.168.157.252:43407], old=null
2019-11-05 11:28:34,064 [687f579d-1680-4dd5-8b24-01f078298cef@group-E95DC8E8582E-LeaderElection151] INFO  impl.RaftServerImpl (RaftServerImpl.java:setRole(184)) - 687f579d-1680-4dd5-8b24-01f078298cef@group-E95DC8E8582E: changes role from CANDIDATE to FOLLOWER at term 102 for DISCOVERED_A_NEW_TERM
2019-11-05 11:28:34,064 [687f579d-1680-4dd5-8b24-01f078298cef@group-E95DC8E8582E-LeaderElection151] INFO  impl.RoleInfo (RoleInfo.java:shutdownLeaderElection(134)) - 687f579d-1680-4dd5-8b24-01f078298cef: shutdown LeaderElection
2019-11-05 11:28:34,064 [687f579d-1680-4dd5-8b24-01f078298cef@group-E95DC8E8582E-LeaderElection151] INFO  impl.RoleInfo (RoleInfo.java:updateAndGet(143)) - 687f579d-1680-4dd5-8b24-01f078298cef: start FollowerState
2019-11-05 11:28:34,116 [f7e9932d-fd96-469a-9353-68e47138e5ff@group-21C72E9484D5-LeaderElection152] INFO  impl.LeaderElection (LeaderElection.java:logAndReturn(56)) - f7e9932d-fd96-469a-9353-68e47138e5ff@group-21C72E9484D5-LeaderElection152: Election REJECTED; received 2 response(s) [f7e9932d-fd96-469a-9353-68e47138e5ff<-1eca16cc-5184-4e43-8e55-175d1516eae4#0:FAIL-t91, f7e9932d-fd96-469a-9353-68e47138e5ff<-74a8fb36-eab9-4c53-b7cf-c565055de05a#0:FAIL-t91] and 0 exception(s); f7e9932d-fd96-469a-9353-68e47138e5ff@group-21C72E9484D5:t91, leader=null, voted=f7e9932d-fd96-469a-9353-68e47138e5ff, raftlog=f7e9932d-fd96-469a-9353-68e47138e5ff@group-21C72E9484D5-SegmentedRaftLog:OPENED:c-1,f-1,i0, conf=-1: [f7e9932d-fd96-469a-9353-68e47138e5ff:192.168.157.252:45025, 1eca16cc-5184-4e43-8e55-175d1516eae4:192.168.157.252:41127, 74a8fb36-eab9-4c53-b7cf-c565055de05a:192.168.157.252:42370], old=null
2019-11-05 11:28:34,117 [f7e9932d-fd96-469a-9353-68e47138e5ff@group-21C72E9484D5-LeaderElection152] INFO  impl.RaftServerImpl (RaftServerImpl.java:setRole(184)) - f7e9932d-fd96-469a-9353-68e47138e5ff@group-21C72E9484D5: changes role from CANDIDATE to FOLLOWER at term 91 for DISCOVERED_A_NEW_TERM
2019-11-05 11:28:34,117 [f7e9932d-fd96-469a-9353-68e47138e5ff@group-21C72E9484D5-LeaderElection152] INFO  impl.RoleInfo (RoleInfo.java:shutdownLeaderElection(134)) - f7e9932d-fd96-469a-9353-68e47138e5ff: shutdown LeaderElection
2019-11-05 11:28:34,117 [f7e9932d-fd96-469a-9353-68e47138e5ff@group-21C72E9484D5-LeaderElection152] INFO  impl.RoleInfo (RoleInfo.java:updateAndGet(143)) - f7e9932d-fd96-469a-9353-68e47138e5ff: start FollowerState
2019-11-05 11:28:34,181 [Thread-1595] INFO  impl.FollowerState (FollowerState.java:run(108)) - 687f579d-1680-4dd5-8b24-01f078298cef@group-E95DC8E8582E-FollowerState: change to CANDIDATE, lastRpcTime:116ms, electionTimeout:116ms
2019-11-05 11:28:34,181 [Thread-1595] INFO  impl.RoleInfo (RoleInfo.java:shutdownFollowerState(121)) - 687f579d-1680-4dd5-8b24-01f078298cef: shutdown FollowerState
2019-11-05 11:28:34,181 [Thread-1595] INFO  impl.RaftServerImpl (RaftServerImpl.java:setRole(184)) - 687f579d-1680-4dd5-8b24-01f078298cef@group-E95DC8E8582E: changes role from  FOLLOWER to CANDIDATE at term 102 for changeToCandidate
2019-11-05 11:28:34,181 [Thread-1595] INFO  impl.RoleInfo (RoleInfo.java:updateAndGet(143)) - 687f579d-1680-4dd5-8b24-01f078298cef: start LeaderElection
2019-11-05 11:28:34,196 [687f579d-1680-4dd5-8b24-01f078298cef@group-E95DC8E8582E-LeaderElection153] INFO  impl.LeaderElection (LeaderElection.java:askForVotes(178)) - 687f579d-1680-4dd5-8b24-01f078298cef@group-E95DC8E8582E-LeaderElection153: begin an election at term 103 for -1: [90ecfa43-dab6-49d9-b30c-40ef62bfdf2a:192.168.157.252:34192, 687f579d-1680-4dd5-8b24-01f078298cef:192.168.157.252:37962, b8bf4e9b-064a-4520-981c-d6c40c833497:192.168.157.252:43407], old=null
2019-11-05 11:28:34,198 [grpc-default-executor-9] INFO  impl.RaftServerImpl (RaftServerImpl.java:setRole(184)) - b8bf4e9b-064a-4520-981c-d6c40c833497@group-E95DC8E8582E: changes role from  FOLLOWER to FOLLOWER at term 103 for recognizeCandidate:687f579d-1680-4dd5-8b24-01f078298cef
2019-11-05 11:28:34,198 [grpc-default-executor-5] INFO  impl.RaftServerImpl (RaftServerImpl.java:setRole(184)) - 90ecfa43-dab6-49d9-b30c-40ef62bfdf2a@group-E95DC8E8582E: changes role from  FOLLOWER to FOLLOWER at term 103 for recognizeCandidate:687f579d-1680-4dd5-8b24-01f078298cef
2019-11-05 11:28:34,198 [grpc-default-executor-5] INFO  impl.RoleInfo (RoleInfo.java:shutdownFollowerState(121)) - 90ecfa43-dab6-49d9-b30c-40ef62bfdf2a: shutdown FollowerState
2019-11-05 11:28:34,198 [grpc-default-executor-9] INFO  impl.RoleInfo (RoleInfo.java:shutdownFollowerState(121)) - b8bf4e9b-064a-4520-981c-d6c40c833497: shutdown FollowerState
2019-11-05 11:28:34,198 [Thread-1586] INFO  impl.FollowerState (FollowerState.java:run(117)) - 90ecfa43-dab6-49d9-b30c-40ef62bfdf2a@group-E95DC8E8582E-FollowerState was interrupted: java.lang.InterruptedException: sleep interrupted
2019-11-05 11:28:34,198 [Thread-1590] INFO  impl.FollowerState (FollowerState.java:run(117)) - b8bf4e9b-064a-4520-981c-d6c40c833497@group-E95DC8E8582E-FollowerState was interrupted: java.lang.InterruptedException: sleep interrupted
2019-11-05 11:28:34,198 [grpc-default-executor-5] INFO  impl.RoleInfo (RoleInfo.java:updateAndGet(143)) - 90ecfa43-dab6-49d9-b30c-40ef62bfdf2a: start FollowerState
2019-11-05 11:28:34,198 [grpc-default-executor-9] INFO  impl.RoleInfo (RoleInfo.java:updateAndGet(143)) - b8bf4e9b-064a-4520-981c-d6c40c833497: start FollowerState
2019-11-05 11:28:34,217 [687f579d-1680-4dd5-8b24-01f078298cef@group-E95DC8E8582E-LeaderElection153] INFO  impl.LeaderElection (LeaderElection.java:logAndReturn(56)) - 687f579d-1680-4dd5-8b24-01f078298cef@group-E95DC8E8582E-LeaderElection153: Election REJECTED; received 2 response(s) [687f579d-1680-4dd5-8b24-01f078298cef<-90ecfa43-dab6-49d9-b30c-40ef62bfdf2a#0:FAIL-t103, 687f579d-1680-4dd5-8b24-01f078298cef<-b8bf4e9b-064a-4520-981c-d6c40c833497#0:FAIL-t103] and 0 exception(s); 687f579d-1680-4dd5-8b24-01f078298cef@group-E95DC8E8582E:t103, leader=null, voted=687f579d-1680-4dd5-8b24-01f078298cef, raftlog=687f579d-1680-4dd5-8b24-01f078298cef@group-E95DC8E8582E-SegmentedRaftLog:OPENED:c-1,f-1,i0, conf=-1: [90ecfa43-dab6-49d9-b30c-40ef62bfdf2a:192.168.157.252:34192, 687f579d-1680-4dd5-8b24-01f078298cef:192.168.157.252:37962, b8bf4e9b-064a-4520-981c-d6c40c833497:192.168.157.252:43407], old=null
2019-11-05 11:28:34,217 [687f579d-1680-4dd5-8b24-01f078298cef@group-E95DC8E8582E-LeaderElection153] INFO  impl.RaftServerImpl (RaftServerImpl.java:setRole(184)) - 687f579d-1680-4dd5-8b24-01f078298cef@group-E95DC8E8582E: changes role from CANDIDATE to FOLLOWER at term 103 for DISCOVERED_A_NEW_TERM
2019-11-05 11:28:34,217 [687f579d-1680-4dd5-8b24-01f078298cef@group-E95DC8E8582E-LeaderElection153] INFO  impl.RoleInfo (RoleInfo.java:shutdownLeaderElection(134)) - 687f579d-1680-4dd5-8b24-01f078298cef: shutdown LeaderElection
2019-11-05 11:28:34,217 [687f579d-1680-4dd5-8b24-01f078298cef@group-E95DC8E8582E-LeaderElection153] INFO  impl.RoleInfo (RoleInfo.java:updateAndGet(143)) - 687f579d-1680-4dd5-8b24-01f078298cef: start FollowerState
2019-11-05 11:28:34,228 [Thread-1604] INFO  impl.FollowerState (FollowerState.java:run(108)) - 687f579d-1680-4dd5-8b24-01f078298cef@group-E95DC8E8582E-FollowerState: change to CANDIDATE, lastRpcTime:10ms, electionTimeout:10ms
2019-11-05 11:28:34,228 [Thread-1604] INFO  impl.RoleInfo (RoleInfo.java:shutdownFollowerState(121)) - 687f579d-1680-4dd5-8b24-01f078298cef: shutdown FollowerState
2019-11-05 11:28:34,228 [Thread-1604] INFO  impl.RaftServerImpl (RaftServerImpl.java:setRole(184)) - 687f579d-1680-4dd5-8b24-01f078298cef@group-E95DC8E8582E: changes role from  FOLLOWER to CANDIDATE at term 103 for changeToCandidate
2019-11-05 11:28:34,228 [Thread-1604] INFO  impl.RoleInfo (RoleInfo.java:updateAndGet(143)) - 687f579d-1680-4dd5-8b24-01f078298cef: start LeaderElection
2019-11-05 11:28:34,237 [687f579d-1680-4dd5-8b24-01f078298cef@group-E95DC8E8582E-LeaderElection154] INFO  impl.LeaderElection (LeaderElection.java:askForVotes(178)) - 687f579d-1680-4dd5-8b24-01f078298cef@group-E95DC8E8582E-LeaderElection154: begin an election at term 104 for -1: [90ecfa43-dab6-49d9-b30c-40ef62bfdf2a:192.168.157.252:34192, 687f579d-1680-4dd5-8b24-01f078298cef:192.168.157.252:37962, b8bf4e9b-064a-4520-981c-d6c40c833497:192.168.157.252:43407], old=null
2019-11-05 11:28:34,239 [grpc-default-executor-5] INFO  impl.RaftServerImpl (RaftServerImpl.java:setRole(184)) - b8bf4e9b-064a-4520-981c-d6c40c833497@group-E95DC8E8582E: changes role from  FOLLOWER to FOLLOWER at term 104 for recognizeCandidate:687f579d-1680-4dd5-8b24-01f078298cef
2019-11-05 11:28:34,239 [grpc-default-executor-9] INFO  impl.RaftServerImpl (RaftServerImpl.java:setRole(184)) - 90ecfa43-dab6-49d9-b30c-40ef62bfdf2a@group-E95DC8E8582E: changes role from  FOLLOWER to FOLLOWER at term 104 for recognizeCandidate:687f579d-1680-4dd5-8b24-01f078298cef
2019-11-05 11:28:34,240 [grpc-default-executor-5] INFO  impl.RoleInfo (RoleInfo.java:shutdownFollowerState(121)) - b8bf4e9b-064a-4520-981c-d6c40c833497: shutdown FollowerState
2019-11-05 11:28:34,240 [grpc-default-executor-9] INFO  impl.RoleInfo (RoleInfo.java:shutdownFollowerState(121)) - 90ecfa43-dab6-49d9-b30c-40ef62bfdf2a: shutdown FollowerState
2019-11-05 11:28:34,240 [Thread-1601] INFO  impl.FollowerState (FollowerState.java:run(117)) - b8bf4e9b-064a-4520-981c-d6c40c833497@group-E95DC8E8582E-FollowerState was interrupted: java.lang.InterruptedException: sleep interrupted
2019-11-05 11:28:34,240 [grpc-default-executor-5] INFO  impl.RoleInfo (RoleInfo.java:updateAndGet(143)) - b8bf4e9b-064a-4520-981c-d6c40c833497: start FollowerState
2019-11-05 11:28:34,240 [Thread-1600] INFO  impl.FollowerState (FollowerState.java:run(117)) - 90ecfa43-dab6-49d9-b30c-40ef62bfdf2a@group-E95DC8E8582E-FollowerState was interrupted: java.lang.InterruptedException: sleep interrupted
2019-11-05 11:28:34,240 [grpc-default-executor-9] INFO  impl.RoleInfo (RoleInfo.java:updateAndGet(143)) - 90ecfa43-dab6-49d9-b30c-40ef62bfdf2a: start FollowerState
2019-11-05 11:28:34,258 [687f579d-1680-4dd5-8b24-01f078298cef@group-E95DC8E8582E-LeaderElection154] INFO  impl.LeaderElection (LeaderElection.java:logAndReturn(56)) - 687f579d-1680-4dd5-8b24-01f078298cef@group-E95DC8E8582E-LeaderElection154: Election REJECTED; received 2 response(s) [687f579d-1680-4dd5-8b24-01f078298cef<-90ecfa43-dab6-49d9-b30c-40ef62bfdf2a#0:FAIL-t104, 687f579d-1680-4dd5-8b24-01f078298cef<-b8bf4e9b-064a-4520-981c-d6c40c833497#0:FAIL-t104] and 0 exception(s); 687f579d-1680-4dd5-8b24-01f078298cef@group-E95DC8E8582E:t104, leader=null, voted=687f579d-1680-4dd5-8b24-01f078298cef, raftlog=687f579d-1680-4dd5-8b24-01f078298cef@group-E95DC8E8582E-SegmentedRaftLog:OPENED:c-1,f-1,i0, conf=-1: [90ecfa43-dab6-49d9-b30c-40ef62bfdf2a:192.168.157.252:34192, 687f579d-1680-4dd5-8b24-01f078298cef:192.168.157.252:37962, b8bf4e9b-064a-4520-981c-d6c40c833497:192.168.157.252:43407], old=null
2019-11-05 11:28:34,259 [687f579d-1680-4dd5-8b24-01f078298cef@group-E95DC8E8582E-LeaderElection154] INFO  impl.RaftServerImpl (RaftServerImpl.java:setRole(184)) - 687f579d-1680-4dd5-8b24-01f078298cef@group-E95DC8E8582E: changes role from CANDIDATE to FOLLOWER at term 104 for DISCOVERED_A_NEW_TERM
2019-11-05 11:28:34,259 [687f579d-1680-4dd5-8b24-01f078298cef@group-E95DC8E8582E-LeaderElection154] INFO  impl.RoleInfo (RoleInfo.java:shutdownLeaderElection(134)) - 687f579d-1680-4dd5-8b24-01f078298cef: shutdown LeaderElection
2019-11-05 11:28:34,259 [687f579d-1680-4dd5-8b24-01f078298cef@group-E95DC8E8582E-LeaderElection154] INFO  impl.RoleInfo (RoleInfo.java:updateAndGet(143)) - 687f579d-1680-4dd5-8b24-01f078298cef: start FollowerState
2019-11-05 11:28:34,289 [Thread-1596] INFO  impl.FollowerState (FollowerState.java:run(108)) - f7e9932d-fd96-469a-9353-68e47138e5ff@group-21C72E9484D5-FollowerState: change to CANDIDATE, lastRpcTime:172ms, electionTimeout:172ms
2019-11-05 11:28:34,290 [Thread-1596] INFO  impl.RoleInfo (RoleInfo.java:shutdownFollowerState(121)) - f7e9932d-fd96-469a-9353-68e47138e5ff: shutdown FollowerState
2019-11-05 11:28:34,290 [Thread-1596] INFO  impl.RaftServerImpl (RaftServerImpl.java:setRole(184)) - f7e9932d-fd96-469a-9353-68e47138e5ff@group-21C72E9484D5: changes role from  FOLLOWER to CANDIDATE at term 91 for changeToCandidate
2019-11-05 11:28:34,290 [Thread-1596] INFO  impl.RoleInfo (RoleInfo.java:updateAndGet(143)) - f7e9932d-fd96-469a-9353-68e47138e5ff: start LeaderElection
2019-11-05 11:28:34,298 [f7e9932d-fd96-469a-9353-68e47138e5ff@group-21C72E9484D5-LeaderElection155] INFO  impl.LeaderElection (LeaderElection.java:askForVotes(178)) - f7e9932d-fd96-469a-9353-68e47138e5ff@group-21C72E9484D5-LeaderElection155: begin an election at term 92 for -1: [f7e9932d-fd96-469a-9353-68e47138e5ff:192.168.157.252:45025, 1eca16cc-5184-4e43-8e55-175d1516eae4:192.168.157.252:41127, 74a8fb36-eab9-4c53-b7cf-c565055de05a:192.168.157.252:42370], old=null
2019-11-05 11:28:34,300 [grpc-default-executor-5] INFO  impl.RaftServerImpl (RaftServerImpl.java:setRole(184)) - 74a8fb36-eab9-4c53-b7cf-c565055de05a@group-21C72E9484D5: changes role from  FOLLOWER to FOLLOWER at term 92 for recognizeCandidate:f7e9932d-fd96-469a-9353-68e47138e5ff
2019-11-05 11:28:34,300 [grpc-default-executor-9] INFO  impl.RaftServerImpl (RaftServerImpl.java:setRole(184)) - 1eca16cc-5184-4e43-8e55-175d1516eae4@group-21C72E9484D5: changes role from  FOLLOWER to FOLLOWER at term 92 for recognizeCandidate:f7e9932d-fd96-469a-9353-68e47138e5ff
2019-11-05 11:28:34,300 [grpc-default-executor-5] INFO  impl.RoleInfo (RoleInfo.java:shutdownFollowerState(121)) - 74a8fb36-eab9-4c53-b7cf-c565055de05a: shutdown FollowerState
2019-11-05 11:28:34,300 [grpc-default-executor-9] INFO  impl.RoleInfo (RoleInfo.java:shutdownFollowerState(121)) - 1eca16cc-5184-4e43-8e55-175d1516eae4: shutdown FollowerState
2019-11-05 11:28:34,301 [Thread-1594] INFO  impl.FollowerState (FollowerState.java:run(117)) - 74a8fb36-eab9-4c53-b7cf-c565055de05a@group-21C72E9484D5-FollowerState was interrupted: java.lang.InterruptedException: sleep interrupted
2019-11-05 11:28:34,301 [Thread-1593] INFO  impl.FollowerState (FollowerState.java:run(117)) - 1eca16cc-5184-4e43-8e55-175d1516eae4@group-21C72E9484D5-FollowerState was interrupted: java.lang.InterruptedException: sleep interrupted
2019-11-05 11:28:34,301 [grpc-default-executor-5] INFO  impl.RoleInfo (RoleInfo.java:updateAndGet(143)) - 74a8fb36-eab9-4c53-b7cf-c565055de05a: start FollowerState
2019-11-05 11:28:34,301 [grpc-default-executor-9] INFO  impl.RoleInfo (RoleInfo.java:updateAndGet(143)) - 1eca16cc-5184-4e43-8e55-175d1516eae4: start FollowerState
2019-11-05 11:28:34,312 [f7e9932d-fd96-469a-9353-68e47138e5ff@group-21C72E9484D5-LeaderElection155] INFO  impl.LeaderElection (LeaderElection.java:logAndReturn(56)) - f7e9932d-fd96-469a-9353-68e47138e5ff@group-21C72E9484D5-LeaderElection155: Election REJECTED; received 2 response(s) [f7e9932d-fd96-469a-9353-68e47138e5ff<-1eca16cc-5184-4e43-8e55-175d1516eae4#0:FAIL-t92, f7e9932d-fd96-469a-9353-68e47138e5ff<-74a8fb36-eab9-4c53-b7cf-c565055de05a#0:FAIL-t92] and 0 exception(s); f7e9932d-fd96-469a-9353-68e47138e5ff@group-21C72E9484D5:t92, leader=null, voted=f7e9932d-fd96-469a-9353-68e47138e5ff, raftlog=f7e9932d-fd96-469a-9353-68e47138e5ff@group-21C72E9484D5-SegmentedRaftLog:OPENED:c-1,f-1,i0, conf=-1: [f7e9932d-fd96-469a-9353-68e47138e5ff:192.168.157.252:45025, 1eca16cc-5184-4e43-8e55-175d1516eae4:192.168.157.252:41127, 74a8fb36-eab9-4c53-b7cf-c565055de05a:192.168.157.252:42370], old=null
2019-11-05 11:28:34,313 [f7e9932d-fd96-469a-9353-68e47138e5ff@group-21C72E9484D5-LeaderElection155] INFO  impl.RaftServerImpl (RaftServerImpl.java:setRole(184)) - f7e9932d-fd96-469a-9353-68e47138e5ff@group-21C72E9484D5: changes role from CANDIDATE to FOLLOWER at term 92 for DISCOVERED_A_NEW_TERM
2019-11-05 11:28:34,313 [f7e9932d-fd96-469a-9353-68e47138e5ff@group-21C72E9484D5-LeaderElection155] INFO  impl.RoleInfo (RoleInfo.java:shutdownLeaderElection(134)) - f7e9932d-fd96-469a-9353-68e47138e5ff: shutdown LeaderElection
2019-11-05 11:28:34,313 [f7e9932d-fd96-469a-9353-68e47138e5ff@group-21C72E9484D5-LeaderElection155] INFO  impl.RoleInfo (RoleInfo.java:updateAndGet(143)) - f7e9932d-fd96-469a-9353-68e47138e5ff: start FollowerState
2019-11-05 11:28:34,390 [Thread-1610] INFO  impl.FollowerState (FollowerState.java:run(108)) - 687f579d-1680-4dd5-8b24-01f078298cef@group-E95DC8E8582E-FollowerState: change to CANDIDATE, lastRpcTime:131ms, electionTimeout:131ms
2019-11-05 11:28:34,391 [Thread-1610] INFO  impl.RoleInfo (RoleInfo.java:shutdownFollowerState(121)) - 687f579d-1680-4dd5-8b24-01f078298cef: shutdown FollowerState
2019-11-05 11:28:34,391 [Thread-1610] INFO  impl.RaftServerImpl (RaftServerImpl.java:setRole(184)) - 687f579d-1680-4dd5-8b24-01f078298cef@group-E95DC8E8582E: changes role from  FOLLOWER to CANDIDATE at term 104 for changeToCandidate
2019-11-05 11:28:34,391 [Thread-1610] INFO  impl.RoleInfo (RoleInfo.java:updateAndGet(143)) - 687f579d-1680-4dd5-8b24-01f078298cef: start LeaderElection
2019-11-05 11:28:34,401 [687f579d-1680-4dd5-8b24-01f078298cef@group-E95DC8E8582E-LeaderElection156] INFO  impl.LeaderElection (LeaderElection.java:askForVotes(178)) - 687f579d-1680-4dd5-8b24-01f078298cef@group-E95DC8E8582E-LeaderElection156: begin an election at term 105 for -1: [90ecfa43-dab6-49d9-b30c-40ef62bfdf2a:192.168.157.252:34192, 687f579d-1680-4dd5-8b24-01f078298cef:192.168.157.252:37962, b8bf4e9b-064a-4520-981c-d6c40c833497:192.168.157.252:43407], old=null
2019-11-05 11:28:34,403 [grpc-default-executor-9] INFO  impl.RaftServerImpl (RaftServerImpl.java:setRole(184)) - b8bf4e9b-064a-4520-981c-d6c40c833497@group-E95DC8E8582E: changes role from  FOLLOWER to FOLLOWER at term 105 for recognizeCandidate:687f579d-1680-4dd5-8b24-01f078298cef
2019-11-05 11:28:34,404 [grpc-default-executor-9] INFO  impl.RoleInfo (RoleInfo.java:shutdownFollowerState(121)) - b8bf4e9b-064a-4520-981c-d6c40c833497: shutdown FollowerState
2019-11-05 11:28:34,404 [grpc-default-executor-9] INFO  impl.RoleInfo (RoleInfo.java:updateAndGet(143)) - b8bf4e9b-064a-4520-981c-d6c40c833497: start FollowerState
2019-11-05 11:28:34,404 [Thread-1608] INFO  impl.FollowerState (FollowerState.java:run(117)) - b8bf4e9b-064a-4520-981c-d6c40c833497@group-E95DC8E8582E-FollowerState was interrupted: java.lang.InterruptedException: sleep interrupted
2019-11-05 11:28:34,404 [grpc-default-executor-5] INFO  impl.RaftServerImpl (RaftServerImpl.java:setRole(184)) - 90ecfa43-dab6-49d9-b30c-40ef62bfdf2a@group-E95DC8E8582E: changes role from  FOLLOWER to FOLLOWER at term 105 for recognizeCandidate:687f579d-1680-4dd5-8b24-01f078298cef
2019-11-05 11:28:34,404 [grpc-default-executor-5] INFO  impl.RoleInfo (RoleInfo.java:shutdownFollowerState(121)) - 90ecfa43-dab6-49d9-b30c-40ef62bfdf2a: shutdown FollowerState
2019-11-05 11:28:34,404 [grpc-default-executor-5] INFO  impl.RoleInfo (RoleInfo.java:updateAndGet(143)) - 90ecfa43-dab6-49d9-b30c-40ef62bfdf2a: start FollowerState
2019-11-05 11:28:34,404 [Thread-1609] INFO  impl.FollowerState (FollowerState.java:run(117)) - 90ecfa43-dab6-49d9-b30c-40ef62bfdf2a@group-E95DC8E8582E-FollowerState was interrupted: java.lang.InterruptedException: sleep interrupted
2019-11-05 11:28:34,413 [687f579d-1680-4dd5-8b24-01f078298cef@group-E95DC8E8582E-LeaderElection156] INFO  impl.LeaderElection (LeaderElection.java:logAndReturn(56)) - 687f579d-1680-4dd5-8b24-01f078298cef@group-E95DC8E8582E-LeaderElection156: Election REJECTED; received 2 response(s) [687f579d-1680-4dd5-8b24-01f078298cef<-90ecfa43-dab6-49d9-b30c-40ef62bfdf2a#0:FAIL-t105, 687f579d-1680-4dd5-8b24-01f078298cef<-b8bf4e9b-064a-4520-981c-d6c40c833497#0:FAIL-t105] and 0 exception(s); 687f579d-1680-4dd5-8b24-01f078298cef@group-E95DC8E8582E:t105, leader=null, voted=687f579d-1680-4dd5-8b24-01f078298cef, raftlog=687f579d-1680-4dd5-8b24-01f078298cef@group-E95DC8E8582E-SegmentedRaftLog:OPENED:c-1,f-1,i0, conf=-1: [90ecfa43-dab6-49d9-b30c-40ef62bfdf2a:192.168.157.252:34192, 687f579d-1680-4dd5-8b24-01f078298cef:192.168.157.252:37962, b8bf4e9b-064a-4520-981c-d6c40c833497:192.168.157.252:43407], old=null
2019-11-05 11:28:34,413 [687f579d-1680-4dd5-8b24-01f078298cef@group-E95DC8E8582E-LeaderElection156] INFO  impl.RaftServerImpl (RaftServerImpl.java:setRole(184)) - 687f579d-1680-4dd5-8b24-01f078298cef@group-E95DC8E8582E: changes role from CANDIDATE to FOLLOWER at term 105 for DISCOVERED_A_NEW_TERM
2019-11-05 11:28:34,414 [687f579d-1680-4dd5-8b24-01f078298cef@group-E95DC8E8582E-LeaderElection156] INFO  impl.RoleInfo (RoleInfo.java:shutdownLeaderElection(134)) - 687f579d-1680-4dd5-8b24-01f078298cef: shutdown LeaderElection
2019-11-05 11:28:34,414 [687f579d-1680-4dd5-8b24-01f078298cef@group-E95DC8E8582E-LeaderElection156] INFO  impl.RoleInfo (RoleInfo.java:updateAndGet(143)) - 687f579d-1680-4dd5-8b24-01f078298cef: start FollowerState
2019-11-05 11:28:34,499 [Thread-1616] INFO  impl.FollowerState (FollowerState.java:run(108)) - f7e9932d-fd96-469a-9353-68e47138e5ff@group-21C72E9484D5-FollowerState: change to CANDIDATE, lastRpcTime:186ms, electionTimeout:186ms
2019-11-05 11:28:34,499 [Thread-1616] INFO  impl.RoleInfo (RoleInfo.java:shutdownFollowerState(121)) - f7e9932d-fd96-469a-9353-68e47138e5ff: shutdown FollowerState
2019-11-05 11:28:34,500 [Thread-1616] INFO  impl.RaftServerImpl (RaftServerImpl.java:setRole(184)) - f7e9932d-fd96-469a-9353-68e47138e5ff@group-21C72E9484D5: changes role from  FOLLOWER to CANDIDATE at term 92 for changeToCandidate
2019-11-05 11:28:34,500 [Thread-1616] INFO  impl.RoleInfo (RoleInfo.java:updateAndGet(143)) - f7e9932d-fd96-469a-9353-68e47138e5ff: start LeaderElection
2019-11-05 11:28:34,508 [f7e9932d-fd96-469a-9353-68e47138e5ff@group-21C72E9484D5-LeaderElection157] INFO  impl.LeaderElection (LeaderElection.java:askForVotes(178)) - f7e9932d-fd96-469a-9353-68e47138e5ff@group-21C72E9484D5-LeaderElection157: begin an election at term 93 for -1: [f7e9932d-fd96-469a-9353-68e47138e5ff:192.168.157.252:45025, 1eca16cc-5184-4e43-8e55-175d1516eae4:192.168.157.252:41127, 74a8fb36-eab9-4c53-b7cf-c565055de05a:192.168.157.252:42370], old=null
2019-11-05 11:28:34,511 [grpc-default-executor-5] INFO  impl.RaftServerImpl (RaftServerImpl.java:setRole(184)) - 74a8fb36-eab9-4c53-b7cf-c565055de05a@group-21C72E9484D5: changes role from  FOLLOWER to FOLLOWER at term 93 for recognizeCandidate:f7e9932d-fd96-469a-9353-68e47138e5ff
2019-11-05 11:28:34,511 [grpc-default-executor-5] INFO  impl.RoleInfo (RoleInfo.java:shutdownFollowerState(121)) - 74a8fb36-eab9-4c53-b7cf-c565055de05a: shutdown FollowerState
2019-11-05 11:28:34,511 [grpc-default-executor-5] INFO  impl.RoleInfo (RoleInfo.java:updateAndGet(143)) - 74a8fb36-eab9-4c53-b7cf-c565055de05a: start FollowerState
2019-11-05 11:28:34,515 [Thread-1614] INFO  impl.FollowerState (FollowerState.java:run(117)) - 74a8fb36-eab9-4c53-b7cf-c565055de05a@group-21C72E9484D5-FollowerState was interrupted: java.lang.InterruptedException: sleep interrupted
2019-11-05 11:28:34,516 [grpc-default-executor-9] INFO  impl.RaftServerImpl (RaftServerImpl.java:setRole(184)) - 1eca16cc-5184-4e43-8e55-175d1516eae4@group-21C72E9484D5: changes role from  FOLLOWER to FOLLOWER at term 93 for recognizeCandidate:f7e9932d-fd96-469a-9353-68e47138e5ff
2019-11-05 11:28:34,516 [grpc-default-executor-9] INFO  impl.RoleInfo (RoleInfo.java:shutdownFollowerState(121)) - 1eca16cc-5184-4e43-8e55-175d1516eae4: shutdown FollowerState
2019-11-05 11:28:34,516 [Thread-1615] INFO  impl.FollowerState (FollowerState.java:run(117)) - 1eca16cc-5184-4e43-8e55-175d1516eae4@group-21C72E9484D5-FollowerState was interrupted: java.lang.InterruptedException: sleep interrupted
2019-11-05 11:28:34,516 [grpc-default-executor-9] INFO  impl.RoleInfo (RoleInfo.java:updateAndGet(143)) - 1eca16cc-5184-4e43-8e55-175d1516eae4: start FollowerState
2019-11-05 11:28:34,523 [f7e9932d-fd96-469a-9353-68e47138e5ff@group-21C72E9484D5-LeaderElection157] INFO  impl.LeaderElection (LeaderElection.java:logAndReturn(56)) - f7e9932d-fd96-469a-9353-68e47138e5ff@group-21C72E9484D5-LeaderElection157: Election REJECTED; received 2 response(s) [f7e9932d-fd96-469a-9353-68e47138e5ff<-1eca16cc-5184-4e43-8e55-175d1516eae4#0:FAIL-t93, f7e9932d-fd96-469a-9353-68e47138e5ff<-74a8fb36-eab9-4c53-b7cf-c565055de05a#0:FAIL-t93] and 0 exception(s); f7e9932d-fd96-469a-9353-68e47138e5ff@group-21C72E9484D5:t93, leader=null, voted=f7e9932d-fd96-469a-9353-68e47138e5ff, raftlog=f7e9932d-fd96-469a-9353-68e47138e5ff@group-21C72E9484D5-SegmentedRaftLog:OPENED:c-1,f-1,i0, conf=-1: [f7e9932d-fd96-469a-9353-68e47138e5ff:192.168.157.252:45025, 1eca16cc-5184-4e43-8e55-175d1516eae4:192.168.157.252:41127, 74a8fb36-eab9-4c53-b7cf-c565055de05a:192.168.157.252:42370], old=null
2019-11-05 11:28:34,523 [f7e9932d-fd96-469a-9353-68e47138e5ff@group-21C72E9484D5-LeaderElection157] INFO  impl.RaftServerImpl (RaftServerImpl.java:setRole(184)) - f7e9932d-fd96-469a-9353-68e47138e5ff@group-21C72E9484D5: changes role from CANDIDATE to FOLLOWER at term 93 for DISCOVERED_A_NEW_TERM
2019-11-05 11:28:34,523 [f7e9932d-fd96-469a-9353-68e47138e5ff@group-21C72E9484D5-LeaderElection157] INFO  impl.RoleInfo (RoleInfo.java:shutdownLeaderElection(134)) - f7e9932d-fd96-469a-9353-68e47138e5ff: shutdown LeaderElection
2019-11-05 11:28:34,523 [f7e9932d-fd96-469a-9353-68e47138e5ff@group-21C72E9484D5-LeaderElection157] INFO  impl.RoleInfo (RoleInfo.java:updateAndGet(143)) - f7e9932d-fd96-469a-9353-68e47138e5ff: start FollowerState
2019-11-05 11:28:34,558 [Thread-1622] INFO  impl.FollowerState (FollowerState.java:run(108)) - 687f579d-1680-4dd5-8b24-01f078298cef@group-E95DC8E8582E-FollowerState: change to CANDIDATE, lastRpcTime:144ms, electionTimeout:144ms
2019-11-05 11:28:34,558 [Thread-1622] INFO  impl.RoleInfo (RoleInfo.java:shutdownFollowerState(121)) - 687f579d-1680-4dd5-8b24-01f078298cef: shutdown FollowerState
2019-11-05 11:28:34,558 [Thread-1622] INFO  impl.RaftServerImpl (RaftServerImpl.java:setRole(184)) - 687f579d-1680-4dd5-8b24-01f078298cef@group-E95DC8E8582E: changes role from  FOLLOWER to CANDIDATE at term 105 for changeToCandidate
2019-11-05 11:28:34,559 [Thread-1622] INFO  impl.RoleInfo (RoleInfo.java:updateAndGet(143)) - 687f579d-1680-4dd5-8b24-01f078298cef: start LeaderElection
2019-11-05 11:28:34,567 [687f579d-1680-4dd5-8b24-01f078298cef@group-E95DC8E8582E-LeaderElection158] INFO  impl.LeaderElection (LeaderElection.java:askForVotes(178)) - 687f579d-1680-4dd5-8b24-01f078298cef@group-E95DC8E8582E-LeaderElection158: begin an election at term 106 for -1: [90ecfa43-dab6-49d9-b30c-40ef62bfdf2a:192.168.157.252:34192, 687f579d-1680-4dd5-8b24-01f078298cef:192.168.157.252:37962, b8bf4e9b-064a-4520-981c-d6c40c833497:192.168.157.252:43407], old=null
2019-11-05 11:28:34,570 [grpc-default-executor-9] INFO  impl.RaftServerImpl (RaftServerImpl.java:setRole(184)) - 90ecfa43-dab6-49d9-b30c-40ef62bfdf2a@group-E95DC8E8582E: changes role from  FOLLOWER to FOLLOWER at term 106 for recognizeCandidate:687f579d-1680-4dd5-8b24-01f078298cef
2019-11-05 11:28:34,570 [grpc-default-executor-9] INFO  impl.RoleInfo (RoleInfo.java:shutdownFollowerState(121)) - 90ecfa43-dab6-49d9-b30c-40ef62bfdf2a: shutdown FollowerState
2019-11-05 11:28:34,570 [grpc-default-executor-9] INFO  impl.RoleInfo (RoleInfo.java:updateAndGet(143)) - 90ecfa43-dab6-49d9-b30c-40ef62bfdf2a: start FollowerState
2019-11-05 11:28:34,571 [Thread-1621] INFO  impl.FollowerState (FollowerState.java:run(117)) - 90ecfa43-dab6-49d9-b30c-40ef62bfdf2a@group-E95DC8E8582E-FollowerState was interrupted: java.lang.InterruptedException: sleep interrupted
2019-11-05 11:28:34,571 [grpc-default-executor-5] INFO  impl.RaftServerImpl (RaftServerImpl.java:setRole(184)) - b8bf4e9b-064a-4520-981c-d6c40c833497@group-E95DC8E8582E: changes role from  FOLLOWER to FOLLOWER at term 106 for recognizeCandidate:687f579d-1680-4dd5-8b24-01f078298cef
2019-11-05 11:28:34,571 [grpc-default-executor-5] INFO  impl.RoleInfo (RoleInfo.java:shutdownFollowerState(121)) - b8bf4e9b-064a-4520-981c-d6c40c833497: shutdown FollowerState
2019-11-05 11:28:34,571 [grpc-default-executor-5] INFO  impl.RoleInfo (RoleInfo.java:updateAndGet(143)) - b8bf4e9b-064a-4520-981c-d6c40c833497: start FollowerState
2019-11-05 11:28:34,572 [Thread-1620] INFO  impl.FollowerState (FollowerState.java:run(117)) - b8bf4e9b-064a-4520-981c-d6c40c833497@group-E95DC8E8582E-FollowerState was interrupted: java.lang.InterruptedException: sleep interrupted
2019-11-05 11:28:34,580 [687f579d-1680-4dd5-8b24-01f078298cef@group-E95DC8E8582E-LeaderElection158] INFO  impl.LeaderElection (LeaderElection.java:logAndReturn(56)) - 687f579d-1680-4dd5-8b24-01f078298cef@group-E95DC8E8582E-LeaderElection158: Election REJECTED; received 2 response(s) [687f579d-1680-4dd5-8b24-01f078298cef<-90ecfa43-dab6-49d9-b30c-40ef62bfdf2a#0:FAIL-t106, 687f579d-1680-4dd5-8b24-01f078298cef<-b8bf4e9b-064a-4520-981c-d6c40c833497#0:FAIL-t106] and 0 exception(s); 687f579d-1680-4dd5-8b24-01f078298cef@group-E95DC8E8582E:t106, leader=null, voted=687f579d-1680-4dd5-8b24-01f078298cef, raftlog=687f579d-1680-4dd5-8b24-01f078298cef@group-E95DC8E8582E-SegmentedRaftLog:OPENED:c-1,f-1,i0, conf=-1: [90ecfa43-dab6-49d9-b30c-40ef62bfdf2a:192.168.157.252:34192, 687f579d-1680-4dd5-8b24-01f078298cef:192.168.157.252:37962, b8bf4e9b-064a-4520-981c-d6c40c833497:192.168.157.252:43407], old=null
2019-11-05 11:28:34,580 [687f579d-1680-4dd5-8b24-01f078298cef@group-E95DC8E8582E-LeaderElection158] INFO  impl.RaftServerImpl (RaftServerImpl.java:setRole(184)) - 687f579d-1680-4dd5-8b24-01f078298cef@group-E95DC8E8582E: changes role from CANDIDATE to FOLLOWER at term 106 for DISCOVERED_A_NEW_TERM
2019-11-05 11:28:34,580 [687f579d-1680-4dd5-8b24-01f078298cef@group-E95DC8E8582E-LeaderElection158] INFO  impl.RoleInfo (RoleInfo.java:shutdownLeaderElection(134)) - 687f579d-1680-4dd5-8b24-01f078298cef: shutdown LeaderElection
2019-11-05 11:28:34,581 [687f579d-1680-4dd5-8b24-01f078298cef@group-E95DC8E8582E-LeaderElection158] INFO  impl.RoleInfo (RoleInfo.java:updateAndGet(143)) - 687f579d-1680-4dd5-8b24-01f078298cef: start FollowerState
2019-11-05 11:28:34,631 [Thread-1628] INFO  impl.FollowerState (FollowerState.java:run(108)) - f7e9932d-fd96-469a-9353-68e47138e5ff@group-21C72E9484D5-FollowerState: change to CANDIDATE, lastRpcTime:108ms, electionTimeout:108ms
2019-11-05 11:28:34,632 [Thread-1628] INFO  impl.RoleInfo (RoleInfo.java:shutdownFollowerState(121)) - f7e9932d-fd96-469a-9353-68e47138e5ff: shutdown FollowerState
2019-11-05 11:28:34,632 [Thread-1628] INFO  impl.RaftServerImpl (RaftServerImpl.java:setRole(184)) - f7e9932d-fd96-469a-9353-68e47138e5ff@group-21C72E9484D5: changes role from  FOLLOWER to CANDIDATE at term 93 for changeToCandidate
2019-11-05 11:28:34,632 [Thread-1628] INFO  impl.RoleInfo (RoleInfo.java:updateAndGet(143)) - f7e9932d-fd96-469a-9353-68e47138e5ff: start LeaderElection
2019-11-05 11:28:34,640 [f7e9932d-fd96-469a-9353-68e47138e5ff@group-21C72E9484D5-LeaderElection159] INFO  impl.LeaderElection (LeaderElection.java:askForVotes(178)) - f7e9932d-fd96-469a-9353-68e47138e5ff@group-21C72E9484D5-LeaderElection159: begin an election at term 94 for -1: [f7e9932d-fd96-469a-9353-68e47138e5ff:192.168.157.252:45025, 1eca16cc-5184-4e43-8e55-175d1516eae4:192.168.157.252:41127, 74a8fb36-eab9-4c53-b7cf-c565055de05a:192.168.157.252:42370], old=null
2019-11-05 11:28:34,642 [grpc-default-executor-9] INFO  impl.RaftServerImpl (RaftServerImpl.java:setRole(184)) - 74a8fb36-eab9-4c53-b7cf-c565055de05a@group-21C72E9484D5: changes role from  FOLLOWER to FOLLOWER at term 94 for recognizeCandidate:f7e9932d-fd96-469a-9353-68e47138e5ff
2019-11-05 11:28:34,642 [grpc-default-executor-9] INFO  impl.RoleInfo (RoleInfo.java:shutdownFollowerState(121)) - 74a8fb36-eab9-4c53-b7cf-c565055de05a: shutdown FollowerState
2019-11-05 11:28:34,643 [grpc-default-executor-9] INFO  impl.RoleInfo (RoleInfo.java:updateAndGet(143)) - 74a8fb36-eab9-4c53-b7cf-c565055de05a: start FollowerState
2019-11-05 11:28:34,643 [Thread-1626] INFO  impl.FollowerState (FollowerState.java:run(117)) - 74a8fb36-eab9-4c53-b7cf-c565055de05a@group-21C72E9484D5-FollowerState was interrupted: java.lang.InterruptedException: sleep interrupted
2019-11-05 11:28:34,643 [grpc-default-executor-5] INFO  impl.RaftServerImpl (RaftServerImpl.java:setRole(184)) - 1eca16cc-5184-4e43-8e55-175d1516eae4@group-21C72E9484D5: changes role from  FOLLOWER to FOLLOWER at term 94 for recognizeCandidate:f7e9932d-fd96-469a-9353-68e47138e5ff
2019-11-05 11:28:34,643 [grpc-default-executor-5] INFO  impl.RoleInfo (RoleInfo.java:shutdownFollowerState(121)) - 1eca16cc-5184-4e43-8e55-175d1516eae4: shutdown FollowerState
2019-11-05 11:28:34,643 [grpc-default-executor-5] INFO  impl.RoleInfo (RoleInfo.java:updateAndGet(143)) - 1eca16cc-5184-4e43-8e55-175d1516eae4: start FollowerState
2019-11-05 11:28:34,643 [Thread-1627] INFO  impl.FollowerState (FollowerState.java:run(117)) - 1eca16cc-5184-4e43-8e55-175d1516eae4@group-21C72E9484D5-FollowerState was interrupted: java.lang.InterruptedException: sleep interrupted
2019-11-05 11:28:34,666 [f7e9932d-fd96-469a-9353-68e47138e5ff@group-21C72E9484D5-LeaderElection159] INFO  impl.LeaderElection (LeaderElection.java:logAndReturn(56)) - f7e9932d-fd96-469a-9353-68e47138e5ff@group-21C72E9484D5-LeaderElection159: Election REJECTED; received 2 response(s) [f7e9932d-fd96-469a-9353-68e47138e5ff<-1eca16cc-5184-4e43-8e55-175d1516eae4#0:FAIL-t94, f7e9932d-fd96-469a-9353-68e47138e5ff<-74a8fb36-eab9-4c53-b7cf-c565055de05a#0:FAIL-t94] and 0 exception(s); f7e9932d-fd96-469a-9353-68e47138e5ff@group-21C72E9484D5:t94, leader=null, voted=f7e9932d-fd96-469a-9353-68e47138e5ff, raftlog=f7e9932d-fd96-469a-9353-68e47138e5ff@group-21C72E9484D5-SegmentedRaftLog:OPENED:c-1,f-1,i0, conf=-1: [f7e9932d-fd96-469a-9353-68e47138e5ff:192.168.157.252:45025, 1eca16cc-5184-4e43-8e55-175d1516eae4:192.168.157.252:41127, 74a8fb36-eab9-4c53-b7cf-c565055de05a:192.168.157.252:42370], old=null
2019-11-05 11:28:34,666 [f7e9932d-fd96-469a-9353-68e47138e5ff@group-21C72E9484D5-LeaderElection159] INFO  impl.RaftServerImpl (RaftServerImpl.java:setRole(184)) - f7e9932d-fd96-469a-9353-68e47138e5ff@group-21C72E9484D5: changes role from CANDIDATE to FOLLOWER at term 94 for DISCOVERED_A_NEW_TERM
2019-11-05 11:28:34,666 [f7e9932d-fd96-469a-9353-68e47138e5ff@group-21C72E9484D5-LeaderElection159] INFO  impl.RoleInfo (RoleInfo.java:shutdownLeaderElection(134)) - f7e9932d-fd96-469a-9353-68e47138e5ff: shutdown LeaderElection
2019-11-05 11:28:34,667 [f7e9932d-fd96-469a-9353-68e47138e5ff@group-21C72E9484D5-LeaderElection159] INFO  impl.RoleInfo (RoleInfo.java:updateAndGet(143)) - f7e9932d-fd96-469a-9353-68e47138e5ff: start FollowerState
2019-11-05 11:28:34,713 [Thread-1634] INFO  impl.FollowerState (FollowerState.java:run(108)) - 687f579d-1680-4dd5-8b24-01f078298cef@group-E95DC8E8582E-FollowerState: change to CANDIDATE, lastRpcTime:132ms, electionTimeout:132ms
2019-11-05 11:28:34,713 [Thread-1634] INFO  impl.RoleInfo (RoleInfo.java:shutdownFollowerState(121)) - 687f579d-1680-4dd5-8b24-01f078298cef: shutdown FollowerState
2019-11-05 11:28:34,713 [Thread-1634] INFO  impl.RaftServerImpl (RaftServerImpl.java:setRole(184)) - 687f579d-1680-4dd5-8b24-01f078298cef@group-E95DC8E8582E: changes role from  FOLLOWER to CANDIDATE at term 106 for changeToCandidate
2019-11-05 11:28:34,714 [Thread-1634] INFO  impl.RoleInfo (RoleInfo.java:updateAndGet(143)) - 687f579d-1680-4dd5-8b24-01f078298cef: start LeaderElection
2019-11-05 11:28:34,728 [687f579d-1680-4dd5-8b24-01f078298cef@group-E95DC8E8582E-LeaderElection160] INFO  impl.LeaderElection (LeaderElection.java:askForVotes(178)) - 687f579d-1680-4dd5-8b24-01f078298cef@group-E95DC8E8582E-LeaderElection160: begin an election at term 107 for -1: [90ecfa43-dab6-49d9-b30c-40ef62bfdf2a:192.168.157.252:34192, 687f579d-1680-4dd5-8b24-01f078298cef:192.168.157.252:37962, b8bf4e9b-064a-4520-981c-d6c40c833497:192.168.157.252:43407], old=null
2019-11-05 11:28:34,731 [grpc-default-executor-5] INFO  impl.RaftServerImpl (RaftServerImpl.java:setRole(184)) - 90ecfa43-dab6-49d9-b30c-40ef62bfdf2a@group-E95DC8E8582E: changes role from  FOLLOWER to FOLLOWER at term 107 for recognizeCandidate:687f579d-1680-4dd5-8b24-01f078298cef
2019-11-05 11:28:34,732 [grpc-default-executor-5] INFO  impl.RoleInfo (RoleInfo.java:shutdownFollowerState(121)) - 90ecfa43-dab6-49d9-b30c-40ef62bfdf2a: shutdown FollowerState
2019-11-05 11:28:34,732 [grpc-default-executor-5] INFO  impl.RoleInfo (RoleInfo.java:updateAndGet(143)) - 90ecfa43-dab6-49d9-b30c-40ef62bfdf2a: start FollowerState
2019-11-05 11:28:34,732 [grpc-default-executor-9] INFO  impl.RaftServerImpl (RaftServerImpl.java:setRole(184)) - b8bf4e9b-064a-4520-981c-d6c40c833497@group-E95DC8E8582E: changes role from  FOLLOWER to FOLLOWER at term 107 for recognizeCandidate:687f579d-1680-4dd5-8b24-01f078298cef
2019-11-05 11:28:34,732 [grpc-default-executor-9] INFO  impl.RoleInfo (RoleInfo.java:shutdownFollowerState(121)) - b8bf4e9b-064a-4520-981c-d6c40c833497: shutdown FollowerState
2019-11-05 11:28:34,734 [grpc-default-executor-9] INFO  impl.RoleInfo (RoleInfo.java:updateAndGet(143)) - b8bf4e9b-064a-4520-981c-d6c40c833497: start FollowerState
2019-11-05 11:28:34,734 [Thread-1633] INFO  impl.FollowerState (FollowerState.java:run(117)) - b8bf4e9b-064a-4520-981c-d6c40c833497@group-E95DC8E8582E-FollowerState was interrupted: java.lang.InterruptedException: sleep interrupted
2019-11-05 11:28:34,734 [Thread-1632] INFO  impl.FollowerState (FollowerState.java:run(117)) - 90ecfa43-dab6-49d9-b30c-40ef62bfdf2a@group-E95DC8E8582E-FollowerState was interrupted: java.lang.InterruptedException: sleep interrupted
2019-11-05 11:28:34,756 [687f579d-1680-4dd5-8b24-01f078298cef@group-E95DC8E8582E-LeaderElection160] INFO  impl.LeaderElection (LeaderElection.java:logAndReturn(56)) - 687f579d-1680-4dd5-8b24-01f078298cef@group-E95DC8E8582E-LeaderElection160: Election TIMEOUT; received 0 response(s) [] and 0 exception(s); 687f579d-1680-4dd5-8b24-01f078298cef@group-E95DC8E8582E:t107, leader=null, voted=687f579d-1680-4dd5-8b24-01f078298cef, raftlog=687f579d-1680-4dd5-8b24-01f078298cef@group-E95DC8E8582E-SegmentedRaftLog:OPENED:c-1,f-1,i0, conf=-1: [90ecfa43-dab6-49d9-b30c-40ef62bfdf2a:192.168.157.252:34192, 687f579d-1680-4dd5-8b24-01f078298cef:192.168.157.252:37962, b8bf4e9b-064a-4520-981c-d6c40c833497:192.168.157.252:43407], old=null
2019-11-05 11:28:34,770 [687f579d-1680-4dd5-8b24-01f078298cef@group-E95DC8E8582E-LeaderElection160] INFO  impl.LeaderElection (LeaderElection.java:askForVotes(178)) - 687f579d-1680-4dd5-8b24-01f078298cef@group-E95DC8E8582E-LeaderElection160: begin an election at term 108 for -1: [90ecfa43-dab6-49d9-b30c-40ef62bfdf2a:192.168.157.252:34192, 687f579d-1680-4dd5-8b24-01f078298cef:192.168.157.252:37962, b8bf4e9b-064a-4520-981c-d6c40c833497:192.168.157.252:43407], old=null
2019-11-05 11:28:34,778 [grpc-default-executor-5] INFO  impl.RaftServerImpl (RaftServerImpl.java:setRole(184)) - b8bf4e9b-064a-4520-981c-d6c40c833497@group-E95DC8E8582E: changes role from  FOLLOWER to FOLLOWER at term 108 for recognizeCandidate:687f579d-1680-4dd5-8b24-01f078298cef
2019-11-05 11:28:34,778 [grpc-default-executor-5] INFO  impl.RoleInfo (RoleInfo.java:shutdownFollowerState(121)) - b8bf4e9b-064a-4520-981c-d6c40c833497: shutdown FollowerState
2019-11-05 11:28:34,778 [grpc-default-executor-5] INFO  impl.RoleInfo (RoleInfo.java:updateAndGet(143)) - b8bf4e9b-064a-4520-981c-d6c40c833497: start FollowerState
2019-11-05 11:28:34,779 [grpc-default-executor-9] INFO  impl.RaftServerImpl (RaftServerImpl.java:setRole(184)) - 90ecfa43-dab6-49d9-b30c-40ef62bfdf2a@group-E95DC8E8582E: changes role from  FOLLOWER to FOLLOWER at term 108 for recognizeCandidate:687f579d-1680-4dd5-8b24-01f078298cef
2019-11-05 11:28:34,779 [grpc-default-executor-9] INFO  impl.RoleInfo (RoleInfo.java:shutdownFollowerState(121)) - 90ecfa43-dab6-49d9-b30c-40ef62bfdf2a: shutdown FollowerState
2019-11-05 11:28:34,779 [grpc-default-executor-9] INFO  impl.RoleInfo (RoleInfo.java:updateAndGet(143)) - 90ecfa43-dab6-49d9-b30c-40ef62bfdf2a: start FollowerState
2019-11-05 11:28:34,780 [Thread-1646] INFO  impl.FollowerState (FollowerState.java:run(117)) - 90ecfa43-dab6-49d9-b30c-40ef62bfdf2a@group-E95DC8E8582E-FollowerState was interrupted: java.lang.InterruptedException: sleep interrupted
2019-11-05 11:28:34,782 [Thread-1647] INFO  impl.FollowerState (FollowerState.java:run(117)) - b8bf4e9b-064a-4520-981c-d6c40c833497@group-E95DC8E8582E-FollowerState was interrupted: java.lang.InterruptedException: sleep interrupted
2019-11-05 11:28:34,790 [687f579d-1680-4dd5-8b24-01f078298cef@group-E95DC8E8582E-LeaderElection160] INFO  impl.LeaderElection (LeaderElection.java:logAndReturn(56)) - 687f579d-1680-4dd5-8b24-01f078298cef@group-E95DC8E8582E-LeaderElection160: Election REJECTED; received 2 response(s) [687f579d-1680-4dd5-8b24-01f078298cef<-90ecfa43-dab6-49d9-b30c-40ef62bfdf2a#0:FAIL-t108, 687f579d-1680-4dd5-8b24-01f078298cef<-b8bf4e9b-064a-4520-981c-d6c40c833497#0:FAIL-t108] and 0 exception(s); 687f579d-1680-4dd5-8b24-01f078298cef@group-E95DC8E8582E:t108, leader=null, voted=687f579d-1680-4dd5-8b24-01f078298cef, raftlog=687f579d-1680-4dd5-8b24-01f078298cef@group-E95DC8E8582E-SegmentedRaftLog:OPENED:c-1,f-1,i0, conf=-1: [90ecfa43-dab6-49d9-b30c-40ef62bfdf2a:192.168.157.252:34192, 687f579d-1680-4dd5-8b24-01f078298cef:192.168.157.252:37962, b8bf4e9b-064a-4520-981c-d6c40c833497:192.168.157.252:43407], old=null
2019-11-05 11:28:34,790 [687f579d-1680-4dd5-8b24-01f078298cef@group-E95DC8E8582E-LeaderElection160] INFO  impl.RaftServerImpl (RaftServerImpl.java:setRole(184)) - 687f579d-1680-4dd5-8b24-01f078298cef@group-E95DC8E8582E: changes role from CANDIDATE to FOLLOWER at term 108 for DISCOVERED_A_NEW_TERM
2019-11-05 11:28:34,790 [687f579d-1680-4dd5-8b24-01f078298cef@group-E95DC8E8582E-LeaderElection160] INFO  impl.RoleInfo (RoleInfo.java:shutdownLeaderElection(134)) - 687f579d-1680-4dd5-8b24-01f078298cef: shutdown LeaderElection
2019-11-05 11:28:34,791 [687f579d-1680-4dd5-8b24-01f078298cef@group-E95DC8E8582E-LeaderElection160] INFO  impl.RoleInfo (RoleInfo.java:updateAndGet(143)) - 687f579d-1680-4dd5-8b24-01f078298cef: start FollowerState
2019-11-05 11:28:34,818 [Thread-1640] INFO  impl.FollowerState (FollowerState.java:run(108)) - f7e9932d-fd96-469a-9353-68e47138e5ff@group-21C72E9484D5-FollowerState: change to CANDIDATE, lastRpcTime:151ms, electionTimeout:141ms
2019-11-05 11:28:34,818 [Thread-1640] INFO  impl.RoleInfo (RoleInfo.java:shutdownFollowerState(121)) - f7e9932d-fd96-469a-9353-68e47138e5ff: shutdown FollowerState
2019-11-05 11:28:34,818 [Thread-1640] INFO  impl.RaftServerImpl (RaftServerImpl.java:setRole(184)) - f7e9932d-fd96-469a-9353-68e47138e5ff@group-21C72E9484D5: changes role from  FOLLOWER to CANDIDATE at term 94 for changeToCandidate
2019-11-05 11:28:34,819 [Thread-1640] INFO  impl.RoleInfo (RoleInfo.java:updateAndGet(143)) - f7e9932d-fd96-469a-9353-68e47138e5ff: start LeaderElection
2019-11-05 11:28:34,840 [f7e9932d-fd96-469a-9353-68e47138e5ff@group-21C72E9484D5-LeaderElection161] INFO  impl.LeaderElection (LeaderElection.java:askForVotes(178)) - f7e9932d-fd96-469a-9353-68e47138e5ff@group-21C72E9484D5-LeaderElection161: begin an election at term 95 for -1: [f7e9932d-fd96-469a-9353-68e47138e5ff:192.168.157.252:45025, 1eca16cc-5184-4e43-8e55-175d1516eae4:192.168.157.252:41127, 74a8fb36-eab9-4c53-b7cf-c565055de05a:192.168.157.252:42370], old=null
2019-11-05 11:28:34,843 [grpc-default-executor-5] INFO  impl.RaftServerImpl (RaftServerImpl.java:setRole(184)) - 1eca16cc-5184-4e43-8e55-175d1516eae4@group-21C72E9484D5: changes role from  FOLLOWER to FOLLOWER at term 95 for recognizeCandidate:f7e9932d-fd96-469a-9353-68e47138e5ff
2019-11-05 11:28:34,843 [grpc-default-executor-5] INFO  impl.RoleInfo (RoleInfo.java:shutdownFollowerState(121)) - 1eca16cc-5184-4e43-8e55-175d1516eae4: shutdown FollowerState
2019-11-05 11:28:34,843 [grpc-default-executor-5] INFO  impl.RoleInfo (RoleInfo.java:updateAndGet(143)) - 1eca16cc-5184-4e43-8e55-175d1516eae4: start FollowerState
2019-11-05 11:28:34,848 [grpc-default-executor-9] INFO  impl.RaftServerImpl (RaftServerImpl.java:setRole(184)) - 74a8fb36-eab9-4c53-b7cf-c565055de05a@group-21C72E9484D5: changes role from  FOLLOWER to FOLLOWER at term 95 for recognizeCandidate:f7e9932d-fd96-469a-9353-68e47138e5ff
2019-11-05 11:28:34,848 [grpc-default-executor-9] INFO  impl.RoleInfo (RoleInfo.java:shutdownFollowerState(121)) - 74a8fb36-eab9-4c53-b7cf-c565055de05a: shutdown FollowerState
2019-11-05 11:28:34,852 [Thread-1639] INFO  impl.FollowerState (FollowerState.java:run(117)) - 1eca16cc-5184-4e43-8e55-175d1516eae4@group-21C72E9484D5-FollowerState was interrupted: java.lang.InterruptedException: sleep interrupted
2019-11-05 11:28:34,857 [grpc-default-executor-9] INFO  impl.RoleInfo (RoleInfo.java:updateAndGet(143)) - 74a8fb36-eab9-4c53-b7cf-c565055de05a: start FollowerState
2019-11-05 11:28:34,857 [Thread-1638] INFO  impl.FollowerState (FollowerState.java:run(117)) - 74a8fb36-eab9-4c53-b7cf-c565055de05a@group-21C72E9484D5-FollowerState was interrupted: java.lang.InterruptedException: sleep interrupted
2019-11-05 11:28:34,866 [f7e9932d-fd96-469a-9353-68e47138e5ff@group-21C72E9484D5-LeaderElection161] INFO  impl.LeaderElection (LeaderElection.java:logAndReturn(56)) - f7e9932d-fd96-469a-9353-68e47138e5ff@group-21C72E9484D5-LeaderElection161: Election REJECTED; received 2 response(s) [f7e9932d-fd96-469a-9353-68e47138e5ff<-1eca16cc-5184-4e43-8e55-175d1516eae4#0:FAIL-t95, f7e9932d-fd96-469a-9353-68e47138e5ff<-74a8fb36-eab9-4c53-b7cf-c565055de05a#0:FAIL-t95] and 0 exception(s); f7e9932d-fd96-469a-9353-68e47138e5ff@group-21C72E9484D5:t95, leader=null, voted=f7e9932d-fd96-469a-9353-68e47138e5ff, raftlog=f7e9932d-fd96-469a-9353-68e47138e5ff@group-21C72E9484D5-SegmentedRaftLog:OPENED:c-1,f-1,i0, conf=-1: [f7e9932d-fd96-469a-9353-68e47138e5ff:192.168.157.252:45025, 1eca16cc-5184-4e43-8e55-175d1516eae4:192.168.157.252:41127, 74a8fb36-eab9-4c53-b7cf-c565055de05a:192.168.157.252:42370], old=null
2019-11-05 11:28:34,866 [f7e9932d-fd96-469a-9353-68e47138e5ff@group-21C72E9484D5-LeaderElection161] INFO  impl.RaftServerImpl (RaftServerImpl.java:setRole(184)) - f7e9932d-fd96-469a-9353-68e47138e5ff@group-21C72E9484D5: changes role from CANDIDATE to FOLLOWER at term 95 for DISCOVERED_A_NEW_TERM
2019-11-05 11:28:34,867 [f7e9932d-fd96-469a-9353-68e47138e5ff@group-21C72E9484D5-LeaderElection161] INFO  impl.RoleInfo (RoleInfo.java:shutdownLeaderElection(134)) - f7e9932d-fd96-469a-9353-68e47138e5ff: shutdown LeaderElection
2019-11-05 11:28:34,867 [f7e9932d-fd96-469a-9353-68e47138e5ff@group-21C72E9484D5-LeaderElection161] INFO  impl.RoleInfo (RoleInfo.java:updateAndGet(143)) - f7e9932d-fd96-469a-9353-68e47138e5ff: start FollowerState
2019-11-05 11:28:34,927 [Thread-1652] INFO  impl.FollowerState (FollowerState.java:run(108)) - 687f579d-1680-4dd5-8b24-01f078298cef@group-E95DC8E8582E-FollowerState: change to CANDIDATE, lastRpcTime:136ms, electionTimeout:91ms
2019-11-05 11:28:34,927 [Thread-1652] INFO  impl.RoleInfo (RoleInfo.java:shutdownFollowerState(121)) - 687f579d-1680-4dd5-8b24-01f078298cef: shutdown FollowerState
2019-11-05 11:28:34,927 [Thread-1652] INFO  impl.RaftServerImpl (RaftServerImpl.java:setRole(184)) - 687f579d-1680-4dd5-8b24-01f078298cef@group-E95DC8E8582E: changes role from  FOLLOWER to CANDIDATE at term 108 for changeToCandidate
2019-11-05 11:28:34,928 [Thread-1652] INFO  impl.RoleInfo (RoleInfo.java:updateAndGet(143)) - 687f579d-1680-4dd5-8b24-01f078298cef: start LeaderElection
2019-11-05 11:28:34,942 [687f579d-1680-4dd5-8b24-01f078298cef@group-E95DC8E8582E-LeaderElection162] INFO  impl.LeaderElection (LeaderElection.java:askForVotes(178)) - 687f579d-1680-4dd5-8b24-01f078298cef@group-E95DC8E8582E-LeaderElection162: begin an election at term 109 for -1: [90ecfa43-dab6-49d9-b30c-40ef62bfdf2a:192.168.157.252:34192, 687f579d-1680-4dd5-8b24-01f078298cef:192.168.157.252:37962, b8bf4e9b-064a-4520-981c-d6c40c833497:192.168.157.252:43407], old=null
2019-11-05 11:28:34,946 [grpc-default-executor-5] INFO  impl.RaftServerImpl (RaftServerImpl.java:setRole(184)) - b8bf4e9b-064a-4520-981c-d6c40c833497@group-E95DC8E8582E: changes role from  FOLLOWER to FOLLOWER at term 109 for recognizeCandidate:687f579d-1680-4dd5-8b24-01f078298cef
2019-11-05 11:28:34,947 [grpc-default-executor-5] INFO  impl.RoleInfo (RoleInfo.java:shutdownFollowerState(121)) - b8bf4e9b-064a-4520-981c-d6c40c833497: shutdown FollowerState
2019-11-05 11:28:34,947 [grpc-default-executor-5] INFO  impl.RoleInfo (RoleInfo.java:updateAndGet(143)) - b8bf4e9b-064a-4520-981c-d6c40c833497: start FollowerState
2019-11-05 11:28:34,947 [Thread-1650] INFO  impl.FollowerState (FollowerState.java:run(117)) - b8bf4e9b-064a-4520-981c-d6c40c833497@group-E95DC8E8582E-FollowerState was interrupted: java.lang.InterruptedException: sleep interrupted
2019-11-05 11:28:34,947 [grpc-default-executor-9] INFO  impl.RaftServerImpl (RaftServerImpl.java:setRole(184)) - 90ecfa43-dab6-49d9-b30c-40ef62bfdf2a@group-E95DC8E8582E: changes role from  FOLLOWER to FOLLOWER at term 109 for recognizeCandidate:687f579d-1680-4dd5-8b24-01f078298cef
2019-11-05 11:28:34,947 [grpc-default-executor-9] INFO  impl.RoleInfo (RoleInfo.java:shutdownFollowerState(121)) - 90ecfa43-dab6-49d9-b30c-40ef62bfdf2a: shutdown FollowerState
2019-11-05 11:28:34,951 [grpc-default-executor-9] INFO  impl.RoleInfo (RoleInfo.java:updateAndGet(143)) - 90ecfa43-dab6-49d9-b30c-40ef62bfdf2a: start FollowerState
2019-11-05 11:28:34,951 [Thread-1651] INFO  impl.FollowerState (FollowerState.java:run(117)) - 90ecfa43-dab6-49d9-b30c-40ef62bfdf2a@group-E95DC8E8582E-FollowerState was interrupted: java.lang.InterruptedException: sleep interrupted
2019-11-05 11:28:34,967 [687f579d-1680-4dd5-8b24-01f078298cef@group-E95DC8E8582E-LeaderElection162] INFO  impl.LeaderElection (LeaderElection.java:logAndReturn(56)) - 687f579d-1680-4dd5-8b24-01f078298cef@group-E95DC8E8582E-LeaderElection162: Election TIMEOUT; received 0 response(s) [] and 0 exception(s); 687f579d-1680-4dd5-8b24-01f078298cef@group-E95DC8E8582E:t109, leader=null, voted=687f579d-1680-4dd5-8b24-01f078298cef, raftlog=687f579d-1680-4dd5-8b24-01f078298cef@group-E95DC8E8582E-SegmentedRaftLog:OPENED:c-1,f-1,i0, conf=-1: [90ecfa43-dab6-49d9-b30c-40ef62bfdf2a:192.168.157.252:34192, 687f579d-1680-4dd5-8b24-01f078298cef:192.168.157.252:37962, b8bf4e9b-064a-4520-981c-d6c40c833497:192.168.157.252:43407], old=null
2019-11-05 11:28:34,992 [Thread-1658] INFO  impl.FollowerState (FollowerState.java:run(108)) - f7e9932d-fd96-469a-9353-68e47138e5ff@group-21C72E9484D5-FollowerState: change to CANDIDATE, lastRpcTime:125ms, electionTimeout:122ms
2019-11-05 11:28:34,993 [Thread-1658] INFO  impl.RoleInfo (RoleInfo.java:shutdownFollowerState(121)) - f7e9932d-fd96-469a-9353-68e47138e5ff: shutdown FollowerState
2019-11-05 11:28:34,993 [Thread-1658] INFO  impl.RaftServerImpl (RaftServerImpl.java:setRole(184)) - f7e9932d-fd96-469a-9353-68e47138e5ff@group-21C72E9484D5: changes role from  FOLLOWER to CANDIDATE at term 95 for changeToCandidate
2019-11-05 11:28:34,993 [687f579d-1680-4dd5-8b24-01f078298cef@group-E95DC8E8582E-LeaderElection162] INFO  impl.LeaderElection (LeaderElection.java:askForVotes(178)) - 687f579d-1680-4dd5-8b24-01f078298cef@group-E95DC8E8582E-LeaderElection162: begin an election at term 110 for -1: [90ecfa43-dab6-49d9-b30c-40ef62bfdf2a:192.168.157.252:34192, 687f579d-1680-4dd5-8b24-01f078298cef:192.168.157.252:37962, b8bf4e9b-064a-4520-981c-d6c40c833497:192.168.157.252:43407], old=null
2019-11-05 11:28:34,993 [Thread-1658] INFO  impl.RoleInfo (RoleInfo.java:updateAndGet(143)) - f7e9932d-fd96-469a-9353-68e47138e5ff: start LeaderElection
2019-11-05 11:28:35,018 [grpc-default-executor-9] INFO  impl.RaftServerImpl (RaftServerImpl.java:setRole(184)) - 90ecfa43-dab6-49d9-b30c-40ef62bfdf2a@group-E95DC8E8582E: changes role from  FOLLOWER to FOLLOWER at term 110 for recognizeCandidate:687f579d-1680-4dd5-8b24-01f078298cef
2019-11-05 11:28:35,018 [grpc-default-executor-9] INFO  impl.RoleInfo (RoleInfo.java:shutdownFollowerState(121)) - 90ecfa43-dab6-49d9-b30c-40ef62bfdf2a: shutdown FollowerState
2019-11-05 11:28:35,019 [grpc-default-executor-5] INFO  impl.RaftServerImpl (RaftServerImpl.java:setRole(184)) - b8bf4e9b-064a-4520-981c-d6c40c833497@group-E95DC8E8582E: changes role from  FOLLOWER to FOLLOWER at term 110 for recognizeCandidate:687f579d-1680-4dd5-8b24-01f078298cef
2019-11-05 11:28:35,019 [grpc-default-executor-5] INFO  impl.RoleInfo (RoleInfo.java:shutdownFollowerState(121)) - b8bf4e9b-064a-4520-981c-d6c40c833497: shutdown FollowerState
2019-11-05 11:28:35,021 [grpc-default-executor-5] INFO  impl.RoleInfo (RoleInfo.java:updateAndGet(143)) - b8bf4e9b-064a-4520-981c-d6c40c833497: start FollowerState
2019-11-05 11:28:35,022 [Thread-1662] INFO  impl.FollowerState (FollowerState.java:run(117)) - b8bf4e9b-064a-4520-981c-d6c40c833497@group-E95DC8E8582E-FollowerState was interrupted: java.lang.InterruptedException: sleep interrupted
2019-11-05 11:28:35,022 [grpc-default-executor-9] INFO  impl.RoleInfo (RoleInfo.java:updateAndGet(143)) - 90ecfa43-dab6-49d9-b30c-40ef62bfdf2a: start FollowerState
2019-11-05 11:28:35,023 [Thread-1663] INFO  impl.FollowerState (FollowerState.java:run(117)) - 90ecfa43-dab6-49d9-b30c-40ef62bfdf2a@group-E95DC8E8582E-FollowerState was interrupted: java.lang.InterruptedException: sleep interrupted
2019-11-05 11:28:35,034 [687f579d-1680-4dd5-8b24-01f078298cef@group-E95DC8E8582E-LeaderElection162] INFO  impl.LeaderElection (LeaderElection.java:logAndReturn(56)) - 687f579d-1680-4dd5-8b24-01f078298cef@group-E95DC8E8582E-LeaderElection162: Election TIMEOUT; received 0 response(s) [] and 0 exception(s); 687f579d-1680-4dd5-8b24-01f078298cef@group-E95DC8E8582E:t110, leader=null, voted=687f579d-1680-4dd5-8b24-01f078298cef, raftlog=687f579d-1680-4dd5-8b24-01f078298cef@group-E95DC8E8582E-SegmentedRaftLog:OPENED:c-1,f-1,i0, conf=-1: [90ecfa43-dab6-49d9-b30c-40ef62bfdf2a:192.168.157.252:34192, 687f579d-1680-4dd5-8b24-01f078298cef:192.168.157.252:37962, b8bf4e9b-064a-4520-981c-d6c40c833497:192.168.157.252:43407], old=null
2019-11-05 11:28:35,036 [f7e9932d-fd96-469a-9353-68e47138e5ff@group-21C72E9484D5-LeaderElection163] INFO  impl.LeaderElection (LeaderElection.java:askForVotes(178)) - f7e9932d-fd96-469a-9353-68e47138e5ff@group-21C72E9484D5-LeaderElection163: begin an election at term 96 for -1: [f7e9932d-fd96-469a-9353-68e47138e5ff:192.168.157.252:45025, 1eca16cc-5184-4e43-8e55-175d1516eae4:192.168.157.252:41127, 74a8fb36-eab9-4c53-b7cf-c565055de05a:192.168.157.252:42370], old=null
2019-11-05 11:28:35,052 [grpc-default-executor-5] INFO  impl.RaftServerImpl (RaftServerImpl.java:setRole(184)) - 74a8fb36-eab9-4c53-b7cf-c565055de05a@group-21C72E9484D5: changes role from  FOLLOWER to FOLLOWER at term 96 for recognizeCandidate:f7e9932d-fd96-469a-9353-68e47138e5ff
2019-11-05 11:28:35,052 [grpc-default-executor-5] INFO  impl.RoleInfo (RoleInfo.java:shutdownFollowerState(121)) - 74a8fb36-eab9-4c53-b7cf-c565055de05a: shutdown FollowerState
2019-11-05 11:28:35,052 [grpc-default-executor-5] INFO  impl.RoleInfo (RoleInfo.java:updateAndGet(143)) - 74a8fb36-eab9-4c53-b7cf-c565055de05a: start FollowerState
2019-11-05 11:28:35,052 [687f579d-1680-4dd5-8b24-01f078298cef@group-E95DC8E8582E-LeaderElection162] INFO  impl.LeaderElection (LeaderElection.java:askForVotes(178)) - 687f579d-1680-4dd5-8b24-01f078298cef@group-E95DC8E8582E-LeaderElection162: begin an election at term 111 for -1: [90ecfa43-dab6-49d9-b30c-40ef62bfdf2a:192.168.157.252:34192, 687f579d-1680-4dd5-8b24-01f078298cef:192.168.157.252:37962, b8bf4e9b-064a-4520-981c-d6c40c833497:192.168.157.252:43407], old=null
2019-11-05 11:28:35,055 [grpc-default-executor-9] INFO  impl.RaftServerImpl (RaftServerImpl.java:setRole(184)) - 90ecfa43-dab6-49d9-b30c-40ef62bfdf2a@group-E95DC8E8582E: changes role from  FOLLOWER to FOLLOWER at term 111 for recognizeCandidate:687f579d-1680-4dd5-8b24-01f078298cef
2019-11-05 11:28:35,055 [grpc-default-executor-9] INFO  impl.RoleInfo (RoleInfo.java:shutdownFollowerState(121)) - 90ecfa43-dab6-49d9-b30c-40ef62bfdf2a: shutdown FollowerState
2019-11-05 11:28:35,055 [grpc-default-executor-9] INFO  impl.RoleInfo (RoleInfo.java:updateAndGet(143)) - 90ecfa43-dab6-49d9-b30c-40ef62bfdf2a: start FollowerState
2019-11-05 11:28:35,056 [Thread-1668] INFO  impl.FollowerState (FollowerState.java:run(117)) - 90ecfa43-dab6-49d9-b30c-40ef62bfdf2a@group-E95DC8E8582E-FollowerState was interrupted: java.lang.InterruptedException: sleep interrupted
2019-11-05 11:28:35,057 [grpc-default-executor-4] INFO  impl.RaftServerImpl (RaftServerImpl.java:setRole(184)) - b8bf4e9b-064a-4520-981c-d6c40c833497@group-E95DC8E8582E: changes role from  FOLLOWER to FOLLOWER at term 111 for recognizeCandidate:687f579d-1680-4dd5-8b24-01f078298cef
2019-11-05 11:28:35,057 [grpc-default-executor-11] INFO  impl.RaftServerImpl (RaftServerImpl.java:setRole(184)) - 1eca16cc-5184-4e43-8e55-175d1516eae4@group-21C72E9484D5: changes role from  FOLLOWER to FOLLOWER at term 96 for recognizeCandidate:f7e9932d-fd96-469a-9353-68e47138e5ff
2019-11-05 11:28:35,057 [grpc-default-executor-11] INFO  impl.RoleInfo (RoleInfo.java:shutdownFollowerState(121)) - 1eca16cc-5184-4e43-8e55-175d1516eae4: shutdown FollowerState
2019-11-05 11:28:35,057 [grpc-default-executor-11] INFO  impl.RoleInfo (RoleInfo.java:updateAndGet(143)) - 1eca16cc-5184-4e43-8e55-175d1516eae4: start FollowerState
2019-11-05 11:28:35,057 [grpc-default-executor-4] INFO  impl.RoleInfo (RoleInfo.java:shutdownFollowerState(121)) - b8bf4e9b-064a-4520-981c-d6c40c833497: shutdown FollowerState
2019-11-05 11:28:35,057 [Thread-1656] INFO  impl.FollowerState (FollowerState.java:run(117)) - 1eca16cc-5184-4e43-8e55-175d1516eae4@group-21C72E9484D5-FollowerState was interrupted: java.lang.InterruptedException: sleep interrupted
2019-11-05 11:28:35,058 [grpc-default-executor-4] INFO  impl.RoleInfo (RoleInfo.java:updateAndGet(143)) - b8bf4e9b-064a-4520-981c-d6c40c833497: start FollowerState
2019-11-05 11:28:35,059 [Thread-1667] INFO  impl.FollowerState (FollowerState.java:run(117)) - b8bf4e9b-064a-4520-981c-d6c40c833497@group-E95DC8E8582E-FollowerState was interrupted: java.lang.InterruptedException: sleep interrupted
2019-11-05 11:28:35,064 [687f579d-1680-4dd5-8b24-01f078298cef@group-E95DC8E8582E-LeaderElection162] INFO  impl.LeaderElection (LeaderElection.java:logAndReturn(56)) - 687f579d-1680-4dd5-8b24-01f078298cef@group-E95DC8E8582E-LeaderElection162: Election TIMEOUT; received 0 response(s) [] and 0 exception(s); 687f579d-1680-4dd5-8b24-01f078298cef@group-E95DC8E8582E:t111, leader=null, voted=687f579d-1680-4dd5-8b24-01f078298cef, raftlog=687f579d-1680-4dd5-8b24-01f078298cef@group-E95DC8E8582E-SegmentedRaftLog:OPENED:c-1,f-1,i0, conf=-1: [90ecfa43-dab6-49d9-b30c-40ef62bfdf2a:192.168.157.252:34192, 687f579d-1680-4dd5-8b24-01f078298cef:192.168.157.252:37962, b8bf4e9b-064a-4520-981c-d6c40c833497:192.168.157.252:43407], old=null
2019-11-05 11:28:35,071 [Thread-1657] INFO  impl.FollowerState (FollowerState.java:run(117)) - 74a8fb36-eab9-4c53-b7cf-c565055de05a@group-21C72E9484D5-FollowerState was interrupted: java.lang.InterruptedException: sleep interrupted
2019-11-05 11:28:35,080 [687f579d-1680-4dd5-8b24-01f078298cef@group-E95DC8E8582E-LeaderElection162] INFO  impl.LeaderElection (LeaderElection.java:askForVotes(178)) - 687f579d-1680-4dd5-8b24-01f078298cef@group-E95DC8E8582E-LeaderElection162: begin an election at term 112 for -1: [90ecfa43-dab6-49d9-b30c-40ef62bfdf2a:192.168.157.252:34192, 687f579d-1680-4dd5-8b24-01f078298cef:192.168.157.252:37962, b8bf4e9b-064a-4520-981c-d6c40c833497:192.168.157.252:43407], old=null
2019-11-05 11:28:35,082 [grpc-default-executor-9] INFO  impl.RaftServerImpl (RaftServerImpl.java:setRole(184)) - 90ecfa43-dab6-49d9-b30c-40ef62bfdf2a@group-E95DC8E8582E: changes role from  FOLLOWER to FOLLOWER at term 112 for recognizeCandidate:687f579d-1680-4dd5-8b24-01f078298cef
2019-11-05 11:28:35,082 [grpc-default-executor-9] INFO  impl.RoleInfo (RoleInfo.java:shutdownFollowerState(121)) - 90ecfa43-dab6-49d9-b30c-40ef62bfdf2a: shutdown FollowerState
2019-11-05 11:28:35,083 [grpc-default-executor-9] INFO  impl.RoleInfo (RoleInfo.java:updateAndGet(143)) - 90ecfa43-dab6-49d9-b30c-40ef62bfdf2a: start FollowerState
2019-11-05 11:28:35,083 [Thread-1674] INFO  impl.FollowerState (FollowerState.java:run(117)) - 90ecfa43-dab6-49d9-b30c-40ef62bfdf2a@group-E95DC8E8582E-FollowerState was interrupted: java.lang.InterruptedException: sleep interrupted
2019-11-05 11:28:35,085 [grpc-default-executor-4] INFO  impl.RaftServerImpl (RaftServerImpl.java:setRole(184)) - b8bf4e9b-064a-4520-981c-d6c40c833497@group-E95DC8E8582E: changes role from  FOLLOWER to FOLLOWER at term 112 for recognizeCandidate:687f579d-1680-4dd5-8b24-01f078298cef
2019-11-05 11:28:35,085 [grpc-default-executor-4] INFO  impl.RoleInfo (RoleInfo.java:shutdownFollowerState(121)) - b8bf4e9b-064a-4520-981c-d6c40c833497: shutdown FollowerState
2019-11-05 11:28:35,086 [grpc-default-executor-4] INFO  impl.RoleInfo (RoleInfo.java:updateAndGet(143)) - b8bf4e9b-064a-4520-981c-d6c40c833497: start FollowerState
2019-11-05 11:28:35,086 [Thread-1676] INFO  impl.FollowerState (FollowerState.java:run(117)) - b8bf4e9b-064a-4520-981c-d6c40c833497@group-E95DC8E8582E-FollowerState was interrupted: java.lang.InterruptedException: sleep interrupted
2019-11-05 11:28:35,088 [f7e9932d-fd96-469a-9353-68e47138e5ff@group-21C72E9484D5-LeaderElection163] INFO  impl.LeaderElection (LeaderElection.java:logAndReturn(56)) - f7e9932d-fd96-469a-9353-68e47138e5ff@group-21C72E9484D5-LeaderElection163: Election REJECTED; received 2 response(s) [f7e9932d-fd96-469a-9353-68e47138e5ff<-1eca16cc-5184-4e43-8e55-175d1516eae4#0:FAIL-t96, f7e9932d-fd96-469a-9353-68e47138e5ff<-74a8fb36-eab9-4c53-b7cf-c565055de05a#0:FAIL-t96] and 0 exception(s); f7e9932d-fd96-469a-9353-68e47138e5ff@group-21C72E9484D5:t96, leader=null, voted=f7e9932d-fd96-469a-9353-68e47138e5ff, raftlog=f7e9932d-fd96-469a-9353-68e47138e5ff@group-21C72E9484D5-SegmentedRaftLog:OPENED:c-1,f-1,i0, conf=-1: [f7e9932d-fd96-469a-9353-68e47138e5ff:192.168.157.252:45025, 1eca16cc-5184-4e43-8e55-175d1516eae4:192.168.157.252:41127, 74a8fb36-eab9-4c53-b7cf-c565055de05a:192.168.157.252:42370], old=null
2019-11-05 11:28:35,089 [f7e9932d-fd96-469a-9353-68e47138e5ff@group-21C72E9484D5-LeaderElection163] INFO  impl.RaftServerImpl (RaftServerImpl.java:setRole(184)) - f7e9932d-fd96-469a-9353-68e47138e5ff@group-21C72E9484D5: changes role from CANDIDATE to FOLLOWER at term 96 for DISCOVERED_A_NEW_TERM
2019-11-05 11:28:35,089 [f7e9932d-fd96-469a-9353-68e47138e5ff@group-21C72E9484D5-LeaderElection163] INFO  impl.RoleInfo (RoleInfo.java:shutdownLeaderElection(134)) - f7e9932d-fd96-469a-9353-68e47138e5ff: shutdown LeaderElection
2019-11-05 11:28:35,089 [f7e9932d-fd96-469a-9353-68e47138e5ff@group-21C72E9484D5-LeaderElection163] INFO  impl.RoleInfo (RoleInfo.java:updateAndGet(143)) - f7e9932d-fd96-469a-9353-68e47138e5ff: start FollowerState
2019-11-05 11:28:35,099 [687f579d-1680-4dd5-8b24-01f078298cef@group-E95DC8E8582E-LeaderElection162] INFO  impl.LeaderElection (LeaderElection.java:logAndReturn(56)) - 687f579d-1680-4dd5-8b24-01f078298cef@group-E95DC8E8582E-LeaderElection162: Election REJECTED; received 2 response(s) [687f579d-1680-4dd5-8b24-01f078298cef<-90ecfa43-dab6-49d9-b30c-40ef62bfdf2a#0:FAIL-t112, 687f579d-1680-4dd5-8b24-01f078298cef<-b8bf4e9b-064a-4520-981c-d6c40c833497#0:FAIL-t112] and 0 exception(s); 687f579d-1680-4dd5-8b24-01f078298cef@group-E95DC8E8582E:t112, leader=null, voted=687f579d-1680-4dd5-8b24-01f078298cef, raftlog=687f579d-1680-4dd5-8b24-01f078298cef@group-E95DC8E8582E-SegmentedRaftLog:OPENED:c-1,f-1,i0, conf=-1: [90ecfa43-dab6-49d9-b30c-40ef62bfdf2a:192.168.157.252:34192, 687f579d-1680-4dd5-8b24-01f078298cef:192.168.157.252:37962, b8bf4e9b-064a-4520-981c-d6c40c833497:192.168.157.252:43407], old=null
2019-11-05 11:28:35,099 [687f579d-1680-4dd5-8b24-01f078298cef@group-E95DC8E8582E-LeaderElection162] INFO  impl.RaftServerImpl (RaftServerImpl.java:setRole(184)) - 687f579d-1680-4dd5-8b24-01f078298cef@group-E95DC8E8582E: changes role from CANDIDATE to FOLLOWER at term 112 for DISCOVERED_A_NEW_TERM
2019-11-05 11:28:35,099 [687f579d-1680-4dd5-8b24-01f078298cef@group-E95DC8E8582E-LeaderElection162] INFO  impl.RoleInfo (RoleInfo.java:shutdownLeaderElection(134)) - 687f579d-1680-4dd5-8b24-01f078298cef: shutdown LeaderElection
2019-11-05 11:28:35,100 [687f579d-1680-4dd5-8b24-01f078298cef@group-E95DC8E8582E-LeaderElection162] INFO  impl.RoleInfo (RoleInfo.java:updateAndGet(143)) - 687f579d-1680-4dd5-8b24-01f078298cef: start FollowerState
2019-11-05 11:28:35,104 [Thread-1681] INFO  impl.FollowerState (FollowerState.java:run(108)) - f7e9932d-fd96-469a-9353-68e47138e5ff@group-21C72E9484D5-FollowerState: change to CANDIDATE, lastRpcTime:15ms, electionTimeout:15ms
2019-11-05 11:28:35,105 [Thread-1681] INFO  impl.RoleInfo (RoleInfo.java:shutdownFollowerState(121)) - f7e9932d-fd96-469a-9353-68e47138e5ff: shutdown FollowerState
2019-11-05 11:28:35,105 [Thread-1681] INFO  impl.RaftServerImpl (RaftServerImpl.java:setRole(184)) - f7e9932d-fd96-469a-9353-68e47138e5ff@group-21C72E9484D5: changes role from  FOLLOWER to CANDIDATE at term 96 for changeToCandidate
2019-11-05 11:28:35,105 [Thread-1681] INFO  impl.RoleInfo (RoleInfo.java:updateAndGet(143)) - f7e9932d-fd96-469a-9353-68e47138e5ff: start LeaderElection
2019-11-05 11:28:35,112 [f7e9932d-fd96-469a-9353-68e47138e5ff@group-21C72E9484D5-LeaderElection164] INFO  impl.LeaderElection (LeaderElection.java:askForVotes(178)) - f7e9932d-fd96-469a-9353-68e47138e5ff@group-21C72E9484D5-LeaderElection164: begin an election at term 97 for -1: [f7e9932d-fd96-469a-9353-68e47138e5ff:192.168.157.252:45025, 1eca16cc-5184-4e43-8e55-175d1516eae4:192.168.157.252:41127, 74a8fb36-eab9-4c53-b7cf-c565055de05a:192.168.157.252:42370], old=null
2019-11-05 11:28:35,114 [grpc-default-executor-4] INFO  impl.RaftServerImpl (RaftServerImpl.java:setRole(184)) - 1eca16cc-5184-4e43-8e55-175d1516eae4@group-21C72E9484D5: changes role from  FOLLOWER to FOLLOWER at term 97 for recognizeCandidate:f7e9932d-fd96-469a-9353-68e47138e5ff
2019-11-05 11:28:35,115 [grpc-default-executor-4] INFO  impl.RoleInfo (RoleInfo.java:shutdownFollowerState(121)) - 1eca16cc-5184-4e43-8e55-175d1516eae4: shutdown FollowerState
2019-11-05 11:28:35,115 [Thread-1675] INFO  impl.FollowerState (FollowerState.java:run(117)) - 1eca16cc-5184-4e43-8e55-175d1516eae4@group-21C72E9484D5-FollowerState was interrupted: java.lang.InterruptedException: sleep interrupted
2019-11-05 11:28:35,115 [grpc-default-executor-4] INFO  impl.RoleInfo (RoleInfo.java:updateAndGet(143)) - 1eca16cc-5184-4e43-8e55-175d1516eae4: start FollowerState
2019-11-05 11:28:35,118 [grpc-default-executor-9] INFO  impl.RaftServerImpl (RaftServerImpl.java:setRole(184)) - 74a8fb36-eab9-4c53-b7cf-c565055de05a@group-21C72E9484D5: changes role from  FOLLOWER to FOLLOWER at term 97 for recognizeCandidate:f7e9932d-fd96-469a-9353-68e47138e5ff
2019-11-05 11:28:35,118 [grpc-default-executor-9] INFO  impl.RoleInfo (RoleInfo.java:shutdownFollowerState(121)) - 74a8fb36-eab9-4c53-b7cf-c565055de05a: shutdown FollowerState
2019-11-05 11:28:35,118 [grpc-default-executor-9] INFO  impl.RoleInfo (RoleInfo.java:updateAndGet(143)) - 74a8fb36-eab9-4c53-b7cf-c565055de05a: start FollowerState
2019-11-05 11:28:35,118 [Thread-1671] INFO  impl.FollowerState (FollowerState.java:run(117)) - 74a8fb36-eab9-4c53-b7cf-c565055de05a@group-21C72E9484D5-FollowerState was interrupted: java.lang.InterruptedException: sleep interrupted
2019-11-05 11:28:35,132 [f7e9932d-fd96-469a-9353-68e47138e5ff@group-21C72E9484D5-LeaderElection164] INFO  impl.LeaderElection (LeaderElection.java:logAndReturn(56)) - f7e9932d-fd96-469a-9353-68e47138e5ff@group-21C72E9484D5-LeaderElection164: Election REJECTED; received 2 response(s) [f7e9932d-fd96-469a-9353-68e47138e5ff<-1eca16cc-5184-4e43-8e55-175d1516eae4#0:FAIL-t97, f7e9932d-fd96-469a-9353-68e47138e5ff<-74a8fb36-eab9-4c53-b7cf-c565055de05a#0:FAIL-t97] and 0 exception(s); f7e9932d-fd96-469a-9353-68e47138e5ff@group-21C72E9484D5:t97, leader=null, voted=f7e9932d-fd96-469a-9353-68e47138e5ff, raftlog=f7e9932d-fd96-469a-9353-68e47138e5ff@group-21C72E9484D5-SegmentedRaftLog:OPENED:c-1,f-1,i0, conf=-1: [f7e9932d-fd96-469a-9353-68e47138e5ff:192.168.157.252:45025, 1eca16cc-5184-4e43-8e55-175d1516eae4:192.168.157.252:41127, 74a8fb36-eab9-4c53-b7cf-c565055de05a:192.168.157.252:42370], old=null
2019-11-05 11:28:35,133 [f7e9932d-fd96-469a-9353-68e47138e5ff@group-21C72E9484D5-LeaderElection164] INFO  impl.RaftServerImpl (RaftServerImpl.java:setRole(184)) - f7e9932d-fd96-469a-9353-68e47138e5ff@group-21C72E9484D5: changes role from CANDIDATE to FOLLOWER at term 97 for DISCOVERED_A_NEW_TERM
2019-11-05 11:28:35,133 [f7e9932d-fd96-469a-9353-68e47138e5ff@group-21C72E9484D5-LeaderElection164] INFO  impl.RoleInfo (RoleInfo.java:shutdownLeaderElection(134)) - f7e9932d-fd96-469a-9353-68e47138e5ff: shutdown LeaderElection
2019-11-05 11:28:35,133 [f7e9932d-fd96-469a-9353-68e47138e5ff@group-21C72E9484D5-LeaderElection164] INFO  impl.RoleInfo (RoleInfo.java:updateAndGet(143)) - f7e9932d-fd96-469a-9353-68e47138e5ff: start FollowerState
2019-11-05 11:28:35,197 [Thread-1682] INFO  impl.FollowerState (FollowerState.java:run(108)) - 687f579d-1680-4dd5-8b24-01f078298cef@group-E95DC8E8582E-FollowerState: change to CANDIDATE, lastRpcTime:97ms, electionTimeout:97ms
2019-11-05 11:28:35,197 [Thread-1682] INFO  impl.RoleInfo (RoleInfo.java:shutdownFollowerState(121)) - 687f579d-1680-4dd5-8b24-01f078298cef: shutdown FollowerState
2019-11-05 11:28:35,197 [Thread-1682] INFO  impl.RaftServerImpl (RaftServerImpl.java:setRole(184)) - 687f579d-1680-4dd5-8b24-01f078298cef@group-E95DC8E8582E: changes role from  FOLLOWER to CANDIDATE at term 112 for changeToCandidate
2019-11-05 11:28:35,198 [Thread-1682] INFO  impl.RoleInfo (RoleInfo.java:updateAndGet(143)) - 687f579d-1680-4dd5-8b24-01f078298cef: start LeaderElection
2019-11-05 11:28:35,212 [687f579d-1680-4dd5-8b24-01f078298cef@group-E95DC8E8582E-LeaderElection165] INFO  impl.LeaderElection (LeaderElection.java:askForVotes(178)) - 687f579d-1680-4dd5-8b24-01f078298cef@group-E95DC8E8582E-LeaderElection165: begin an election at term 113 for -1: [90ecfa43-dab6-49d9-b30c-40ef62bfdf2a:192.168.157.252:34192, 687f579d-1680-4dd5-8b24-01f078298cef:192.168.157.252:37962, b8bf4e9b-064a-4520-981c-d6c40c833497:192.168.157.252:43407], old=null
2019-11-05 11:28:35,214 [grpc-default-executor-4] INFO  impl.RaftServerImpl (RaftServerImpl.java:setRole(184)) - 90ecfa43-dab6-49d9-b30c-40ef62bfdf2a@group-E95DC8E8582E: changes role from  FOLLOWER to FOLLOWER at term 113 for recognizeCandidate:687f579d-1680-4dd5-8b24-01f078298cef
2019-11-05 11:28:35,215 [grpc-default-executor-4] INFO  impl.RoleInfo (RoleInfo.java:shutdownFollowerState(121)) - 90ecfa43-dab6-49d9-b30c-40ef62bfdf2a: shutdown FollowerState
2019-11-05 11:28:35,216 [grpc-default-executor-4] INFO  impl.RoleInfo (RoleInfo.java:updateAndGet(143)) - 90ecfa43-dab6-49d9-b30c-40ef62bfdf2a: start FollowerState
2019-11-05 11:28:35,216 [Thread-1679] INFO  impl.FollowerState (FollowerState.java:run(117)) - 90ecfa43-dab6-49d9-b30c-40ef62bfdf2a@group-E95DC8E8582E-FollowerState was interrupted: java.lang.InterruptedException: sleep interrupted
2019-11-05 11:28:35,219 [grpc-default-executor-9] INFO  impl.RaftServerImpl (RaftServerImpl.java:setRole(184)) - b8bf4e9b-064a-4520-981c-d6c40c833497@group-E95DC8E8582E: changes role from  FOLLOWER to FOLLOWER at term 113 for recognizeCandidate:687f579d-1680-4dd5-8b24-01f078298cef
2019-11-05 11:28:35,220 [grpc-default-executor-9] INFO  impl.RoleInfo (RoleInfo.java:shutdownFollowerState(121)) - b8bf4e9b-064a-4520-981c-d6c40c833497: shutdown FollowerState
2019-11-05 11:28:35,220 [grpc-default-executor-9] INFO  impl.RoleInfo (RoleInfo.java:updateAndGet(143)) - b8bf4e9b-064a-4520-981c-d6c40c833497: start FollowerState
2019-11-05 11:28:35,220 [Thread-1680] INFO  impl.FollowerState (FollowerState.java:run(117)) - b8bf4e9b-064a-4520-981c-d6c40c833497@group-E95DC8E8582E-FollowerState was interrupted: java.lang.InterruptedException: sleep interrupted
2019-11-05 11:28:35,226 [Thread-1688] INFO  impl.FollowerState (FollowerState.java:run(108)) - f7e9932d-fd96-469a-9353-68e47138e5ff@group-21C72E9484D5-FollowerState: change to CANDIDATE, lastRpcTime:93ms, electionTimeout:88ms
2019-11-05 11:28:35,226 [Thread-1688] INFO  impl.RoleInfo (RoleInfo.java:shutdownFollowerState(121)) - f7e9932d-fd96-469a-9353-68e47138e5ff: shutdown FollowerState
2019-11-05 11:28:35,226 [Thread-1688] INFO  impl.RaftServerImpl (RaftServerImpl.java:setRole(184)) - f7e9932d-fd96-469a-9353-68e47138e5ff@group-21C72E9484D5: changes role from  FOLLOWER to CANDIDATE at term 97 for changeToCandidate
2019-11-05 11:28:35,226 [Thread-1688] INFO  impl.RoleInfo (RoleInfo.java:updateAndGet(143)) - f7e9932d-fd96-469a-9353-68e47138e5ff: start LeaderElection
2019-11-05 11:28:35,233 [f7e9932d-fd96-469a-9353-68e47138e5ff@group-21C72E9484D5-LeaderElection166] INFO  impl.LeaderElection (LeaderElection.java:askForVotes(178)) - f7e9932d-fd96-469a-9353-68e47138e5ff@group-21C72E9484D5-LeaderElection166: begin an election at term 98 for -1: [f7e9932d-fd96-469a-9353-68e47138e5ff:192.168.157.252:45025, 1eca16cc-5184-4e43-8e55-175d1516eae4:192.168.157.252:41127, 74a8fb36-eab9-4c53-b7cf-c565055de05a:192.168.157.252:42370], old=null
2019-11-05 11:28:35,233 [687f579d-1680-4dd5-8b24-01f078298cef@group-E95DC8E8582E-LeaderElection165] INFO  impl.LeaderElection (LeaderElection.java:logAndReturn(56)) - 687f579d-1680-4dd5-8b24-01f078298cef@group-E95DC8E8582E-LeaderElection165: Election REJECTED; received 2 response(s) [687f579d-1680-4dd5-8b24-01f078298cef<-90ecfa43-dab6-49d9-b30c-40ef62bfdf2a#0:FAIL-t113, 687f579d-1680-4dd5-8b24-01f078298cef<-b8bf4e9b-064a-4520-981c-d6c40c833497#0:FAIL-t113] and 0 exception(s); 687f579d-1680-4dd5-8b24-01f078298cef@group-E95DC8E8582E:t113, leader=null, voted=687f579d-1680-4dd5-8b24-01f078298cef, raftlog=687f579d-1680-4dd5-8b24-01f078298cef@group-E95DC8E8582E-SegmentedRaftLog:OPENED:c-1,f-1,i0, conf=-1: [90ecfa43-dab6-49d9-b30c-40ef62bfdf2a:192.168.157.252:34192, 687f579d-1680-4dd5-8b24-01f078298cef:192.168.157.252:37962, b8bf4e9b-064a-4520-981c-d6c40c833497:192.168.157.252:43407], old=null
2019-11-05 11:28:35,234 [687f579d-1680-4dd5-8b24-01f078298cef@group-E95DC8E8582E-LeaderElection165] INFO  impl.RaftServerImpl (RaftServerImpl.java:setRole(184)) - 687f579d-1680-4dd5-8b24-01f078298cef@group-E95DC8E8582E: changes role from CANDIDATE to FOLLOWER at term 113 for DISCOVERED_A_NEW_TERM
2019-11-05 11:28:35,234 [687f579d-1680-4dd5-8b24-01f078298cef@group-E95DC8E8582E-LeaderElection165] INFO  impl.RoleInfo (RoleInfo.java:shutdownLeaderElection(134)) - 687f579d-1680-4dd5-8b24-01f078298cef: shutdown LeaderElection
2019-11-05 11:28:35,234 [687f579d-1680-4dd5-8b24-01f078298cef@group-E95DC8E8582E-LeaderElection165] INFO  impl.RoleInfo (RoleInfo.java:updateAndGet(143)) - 687f579d-1680-4dd5-8b24-01f078298cef: start FollowerState
2019-11-05 11:28:35,235 [grpc-default-executor-9] INFO  impl.RaftServerImpl (RaftServerImpl.java:setRole(184)) - 1eca16cc-5184-4e43-8e55-175d1516eae4@group-21C72E9484D5: changes role from  FOLLOWER to FOLLOWER at term 98 for recognizeCandidate:f7e9932d-fd96-469a-9353-68e47138e5ff
2019-11-05 11:28:35,235 [grpc-default-executor-9] INFO  impl.RoleInfo (RoleInfo.java:shutdownFollowerState(121)) - 1eca16cc-5184-4e43-8e55-175d1516eae4: shutdown FollowerState
2019-11-05 11:28:35,237 [Thread-1686] INFO  impl.FollowerState (FollowerState.java:run(117)) - 1eca16cc-5184-4e43-8e55-175d1516eae4@group-21C72E9484D5-FollowerState was interrupted: java.lang.InterruptedException: sleep interrupted
2019-11-05 11:28:35,237 [grpc-default-executor-9] INFO  impl.RoleInfo (RoleInfo.java:updateAndGet(143)) - 1eca16cc-5184-4e43-8e55-175d1516eae4: start FollowerState
2019-11-05 11:28:35,237 [grpc-default-executor-4] INFO  impl.RaftServerImpl (RaftServerImpl.java:setRole(184)) - 74a8fb36-eab9-4c53-b7cf-c565055de05a@group-21C72E9484D5: changes role from  FOLLOWER to FOLLOWER at term 98 for recognizeCandidate:f7e9932d-fd96-469a-9353-68e47138e5ff
2019-11-05 11:28:35,237 [grpc-default-executor-4] INFO  impl.RoleInfo (RoleInfo.java:shutdownFollowerState(121)) - 74a8fb36-eab9-4c53-b7cf-c565055de05a: shutdown FollowerState
2019-11-05 11:28:35,250 [grpc-default-executor-4] INFO  impl.RoleInfo (RoleInfo.java:updateAndGet(143)) - 74a8fb36-eab9-4c53-b7cf-c565055de05a: start FollowerState
2019-11-05 11:28:35,251 [Thread-1687] INFO  impl.FollowerState (FollowerState.java:run(117)) - 74a8fb36-eab9-4c53-b7cf-c565055de05a@group-21C72E9484D5-FollowerState was interrupted: java.lang.InterruptedException: sleep interrupted
2019-11-05 11:28:35,265 [f7e9932d-fd96-469a-9353-68e47138e5ff@group-21C72E9484D5-LeaderElection166] INFO  impl.LeaderElection (LeaderElection.java:logAndReturn(56)) - f7e9932d-fd96-469a-9353-68e47138e5ff@group-21C72E9484D5-LeaderElection166: Election REJECTED; received 2 response(s) [f7e9932d-fd96-469a-9353-68e47138e5ff<-1eca16cc-5184-4e43-8e55-175d1516eae4#0:FAIL-t98, f7e9932d-fd96-469a-9353-68e47138e5ff<-74a8fb36-eab9-4c53-b7cf-c565055de05a#0:FAIL-t98] and 0 exception(s); f7e9932d-fd96-469a-9353-68e47138e5ff@group-21C72E9484D5:t98, leader=null, voted=f7e9932d-fd96-469a-9353-68e47138e5ff, raftlog=f7e9932d-fd96-469a-9353-68e47138e5ff@group-21C72E9484D5-SegmentedRaftLog:OPENED:c-1,f-1,i0, conf=-1: [f7e9932d-fd96-469a-9353-68e47138e5ff:192.168.157.252:45025, 1eca16cc-5184-4e43-8e55-175d1516eae4:192.168.157.252:41127, 74a8fb36-eab9-4c53-b7cf-c565055de05a:192.168.157.252:42370], old=null
2019-11-05 11:28:35,265 [f7e9932d-fd96-469a-9353-68e47138e5ff@group-21C72E9484D5-LeaderElection166] INFO  impl.RaftServerImpl (RaftServerImpl.java:setRole(184)) - f7e9932d-fd96-469a-9353-68e47138e5ff@group-21C72E9484D5: changes role from CANDIDATE to FOLLOWER at term 98 for DISCOVERED_A_NEW_TERM
2019-11-05 11:28:35,265 [f7e9932d-fd96-469a-9353-68e47138e5ff@group-21C72E9484D5-LeaderElection166] INFO  impl.RoleInfo (RoleInfo.java:shutdownLeaderElection(134)) - f7e9932d-fd96-469a-9353-68e47138e5ff: shutdown LeaderElection
2019-11-05 11:28:35,265 [f7e9932d-fd96-469a-9353-68e47138e5ff@group-21C72E9484D5-LeaderElection166] INFO  impl.RoleInfo (RoleInfo.java:updateAndGet(143)) - f7e9932d-fd96-469a-9353-68e47138e5ff: start FollowerState
2019-11-05 11:28:35,370 [Thread-1702] INFO  impl.FollowerState (FollowerState.java:run(108)) - f7e9932d-fd96-469a-9353-68e47138e5ff@group-21C72E9484D5-FollowerState: change to CANDIDATE, lastRpcTime:105ms, electionTimeout:104ms
2019-11-05 11:28:35,371 [Thread-1702] INFO  impl.RoleInfo (RoleInfo.java:shutdownFollowerState(121)) - f7e9932d-fd96-469a-9353-68e47138e5ff: shutdown FollowerState
2019-11-05 11:28:35,371 [Thread-1702] INFO  impl.RaftServerImpl (RaftServerImpl.java:setRole(184)) - f7e9932d-fd96-469a-9353-68e47138e5ff@group-21C72E9484D5: changes role from  FOLLOWER to CANDIDATE at term 98 for changeToCandidate
2019-11-05 11:28:35,371 [Thread-1702] INFO  impl.RoleInfo (RoleInfo.java:updateAndGet(143)) - f7e9932d-fd96-469a-9353-68e47138e5ff: start LeaderElection
2019-11-05 11:28:35,385 [f7e9932d-fd96-469a-9353-68e47138e5ff@group-21C72E9484D5-LeaderElection167] INFO  impl.LeaderElection (LeaderElection.java:askForVotes(178)) - f7e9932d-fd96-469a-9353-68e47138e5ff@group-21C72E9484D5-LeaderElection167: begin an election at term 99 for -1: [f7e9932d-fd96-469a-9353-68e47138e5ff:192.168.157.252:45025, 1eca16cc-5184-4e43-8e55-175d1516eae4:192.168.157.252:41127, 74a8fb36-eab9-4c53-b7cf-c565055de05a:192.168.157.252:42370], old=null
2019-11-05 11:28:35,388 [f7e9932d-fd96-469a-9353-68e47138e5ff@group-21C72E9484D5-LeaderElection167] INFO  impl.LeaderElection (LeaderElection.java:logAndReturn(56)) - f7e9932d-fd96-469a-9353-68e47138e5ff@group-21C72E9484D5-LeaderElection167: Election TIMEOUT; received 0 response(s) [] and 0 exception(s); f7e9932d-fd96-469a-9353-68e47138e5ff@group-21C72E9484D5:t99, leader=null, voted=f7e9932d-fd96-469a-9353-68e47138e5ff, raftlog=f7e9932d-fd96-469a-9353-68e47138e5ff@group-21C72E9484D5-SegmentedRaftLog:OPENED:c-1,f-1,i0, conf=-1: [f7e9932d-fd96-469a-9353-68e47138e5ff:192.168.157.252:45025, 1eca16cc-5184-4e43-8e55-175d1516eae4:192.168.157.252:41127, 74a8fb36-eab9-4c53-b7cf-c565055de05a:192.168.157.252:42370], old=null
2019-11-05 11:28:35,388 [grpc-default-executor-4] INFO  impl.RaftServerImpl (RaftServerImpl.java:setRole(184)) - 74a8fb36-eab9-4c53-b7cf-c565055de05a@group-21C72E9484D5: changes role from  FOLLOWER to FOLLOWER at term 99 for recognizeCandidate:f7e9932d-fd96-469a-9353-68e47138e5ff
2019-11-05 11:28:35,388 [grpc-default-executor-4] INFO  impl.RoleInfo (RoleInfo.java:shutdownFollowerState(121)) - 74a8fb36-eab9-4c53-b7cf-c565055de05a: shutdown FollowerState
2019-11-05 11:28:35,388 [grpc-default-executor-4] INFO  impl.RoleInfo (RoleInfo.java:updateAndGet(143)) - 74a8fb36-eab9-4c53-b7cf-c565055de05a: start FollowerState
2019-11-05 11:28:35,388 [grpc-default-executor-9] INFO  impl.RaftServerImpl (RaftServerImpl.java:setRole(184)) - 1eca16cc-5184-4e43-8e55-175d1516eae4@group-21C72E9484D5: changes role from  FOLLOWER to FOLLOWER at term 99 for recognizeCandidate:f7e9932d-fd96-469a-9353-68e47138e5ff
2019-11-05 11:28:35,388 [Thread-1701] INFO  impl.FollowerState (FollowerState.java:run(117)) - 74a8fb36-eab9-4c53-b7cf-c565055de05a@group-21C72E9484D5-FollowerState was interrupted: java.lang.InterruptedException: sleep interrupted
2019-11-05 11:28:35,389 [grpc-default-executor-9] INFO  impl.RoleInfo (RoleInfo.java:shutdownFollowerState(121)) - 1eca16cc-5184-4e43-8e55-175d1516eae4: shutdown FollowerState
2019-11-05 11:28:35,389 [grpc-default-executor-9] INFO  impl.RoleInfo (RoleInfo.java:updateAndGet(143)) - 1eca16cc-5184-4e43-8e55-175d1516eae4: start FollowerState
2019-11-05 11:28:35,389 [Thread-1700] INFO  impl.FollowerState (FollowerState.java:run(117)) - 1eca16cc-5184-4e43-8e55-175d1516eae4@group-21C72E9484D5-FollowerState was interrupted: java.lang.InterruptedException: sleep interrupted
2019-11-05 11:28:35,403 [f7e9932d-fd96-469a-9353-68e47138e5ff@group-21C72E9484D5-LeaderElection167] INFO  impl.LeaderElection (LeaderElection.java:askForVotes(178)) - f7e9932d-fd96-469a-9353-68e47138e5ff@group-21C72E9484D5-LeaderElection167: begin an election at term 100 for -1: [f7e9932d-fd96-469a-9353-68e47138e5ff:192.168.157.252:45025, 1eca16cc-5184-4e43-8e55-175d1516eae4:192.168.157.252:41127, 74a8fb36-eab9-4c53-b7cf-c565055de05a:192.168.157.252:42370], old=null
2019-11-05 11:28:35,408 [grpc-default-executor-4] INFO  impl.RaftServerImpl (RaftServerImpl.java:setRole(184)) - 1eca16cc-5184-4e43-8e55-175d1516eae4@group-21C72E9484D5: changes role from  FOLLOWER to FOLLOWER at term 100 for recognizeCandidate:f7e9932d-fd96-469a-9353-68e47138e5ff
2019-11-05 11:28:35,408 [grpc-default-executor-4] INFO  impl.RoleInfo (RoleInfo.java:shutdownFollowerState(121)) - 1eca16cc-5184-4e43-8e55-175d1516eae4: shutdown FollowerState
2019-11-05 11:28:35,408 [grpc-default-executor-4] INFO  impl.RoleInfo (RoleInfo.java:updateAndGet(143)) - 1eca16cc-5184-4e43-8e55-175d1516eae4: start FollowerState
2019-11-05 11:28:35,408 [Thread-1707] INFO  impl.FollowerState (FollowerState.java:run(117)) - 1eca16cc-5184-4e43-8e55-175d1516eae4@group-21C72E9484D5-FollowerState was interrupted: java.lang.InterruptedException: sleep interrupted
2019-11-05 11:28:35,409 [grpc-default-executor-9] INFO  impl.RaftServerImpl (RaftServerImpl.java:setRole(184)) - 74a8fb36-eab9-4c53-b7cf-c565055de05a@group-21C72E9484D5: changes role from  FOLLOWER to FOLLOWER at term 100 for recognizeCandidate:f7e9932d-fd96-469a-9353-68e47138e5ff
2019-11-05 11:28:35,409 [grpc-default-executor-9] INFO  impl.RoleInfo (RoleInfo.java:shutdownFollowerState(121)) - 74a8fb36-eab9-4c53-b7cf-c565055de05a: shutdown FollowerState
2019-11-05 11:28:35,409 [grpc-default-executor-9] INFO  impl.RoleInfo (RoleInfo.java:updateAndGet(143)) - 74a8fb36-eab9-4c53-b7cf-c565055de05a: start FollowerState
2019-11-05 11:28:35,409 [Thread-1706] INFO  impl.FollowerState (FollowerState.java:run(117)) - 74a8fb36-eab9-4c53-b7cf-c565055de05a@group-21C72E9484D5-FollowerState was interrupted: java.lang.InterruptedException: sleep interrupted
2019-11-05 11:28:35,425 [f7e9932d-fd96-469a-9353-68e47138e5ff@group-21C72E9484D5-LeaderElection167] INFO  impl.LeaderElection (LeaderElection.java:logAndReturn(56)) - f7e9932d-fd96-469a-9353-68e47138e5ff@group-21C72E9484D5-LeaderElection167: Election REJECTED; received 2 response(s) [f7e9932d-fd96-469a-9353-68e47138e5ff<-1eca16cc-5184-4e43-8e55-175d1516eae4#0:FAIL-t100, f7e9932d-fd96-469a-9353-68e47138e5ff<-74a8fb36-eab9-4c53-b7cf-c565055de05a#0:FAIL-t100] and 0 exception(s); f7e9932d-fd96-469a-9353-68e47138e5ff@group-21C72E9484D5:t100, leader=null, voted=f7e9932d-fd96-469a-9353-68e47138e5ff, raftlog=f7e9932d-fd96-469a-9353-68e47138e5ff@group-21C72E9484D5-SegmentedRaftLog:OPENED:c-1,f-1,i0, conf=-1: [f7e9932d-fd96-469a-9353-68e47138e5ff:192.168.157.252:45025, 1eca16cc-5184-4e43-8e55-175d1516eae4:192.168.157.252:41127, 74a8fb36-eab9-4c53-b7cf-c565055de05a:192.168.157.252:42370], old=null
2019-11-05 11:28:35,426 [f7e9932d-fd96-469a-9353-68e47138e5ff@group-21C72E9484D5-LeaderElection167] INFO  impl.RaftServerImpl (RaftServerImpl.java:setRole(184)) - f7e9932d-fd96-469a-9353-68e47138e5ff@group-21C72E9484D5: changes role from CANDIDATE to FOLLOWER at term 100 for DISCOVERED_A_NEW_TERM
2019-11-05 11:28:35,426 [f7e9932d-fd96-469a-9353-68e47138e5ff@group-21C72E9484D5-LeaderElection167] INFO  impl.RoleInfo (RoleInfo.java:shutdownLeaderElection(134)) - f7e9932d-fd96-469a-9353-68e47138e5ff: shutdown LeaderElection
2019-11-05 11:28:35,426 [f7e9932d-fd96-469a-9353-68e47138e5ff@group-21C72E9484D5-LeaderElection167] INFO  impl.RoleInfo (RoleInfo.java:updateAndGet(143)) - f7e9932d-fd96-469a-9353-68e47138e5ff: start FollowerState
2019-11-05 11:28:35,432 [Thread-1699] INFO  impl.FollowerState (FollowerState.java:run(108)) - 687f579d-1680-4dd5-8b24-01f078298cef@group-E95DC8E8582E-FollowerState: change to CANDIDATE, lastRpcTime:197ms, electionTimeout:193ms
2019-11-05 11:28:35,432 [Thread-1699] INFO  impl.RoleInfo (RoleInfo.java:shutdownFollowerState(121)) - 687f579d-1680-4dd5-8b24-01f078298cef: shutdown FollowerState
2019-11-05 11:28:35,432 [Thread-1699] INFO  impl.RaftServerImpl (RaftServerImpl.java:setRole(184)) - 687f579d-1680-4dd5-8b24-01f078298cef@group-E95DC8E8582E: changes role from  FOLLOWER to CANDIDATE at term 113 for changeToCandidate
2019-11-05 11:28:35,433 [Thread-1699] INFO  impl.RoleInfo (RoleInfo.java:updateAndGet(143)) - 687f579d-1680-4dd5-8b24-01f078298cef: start LeaderElection
2019-11-05 11:28:35,442 [687f579d-1680-4dd5-8b24-01f078298cef@group-E95DC8E8582E-LeaderElection168] INFO  impl.LeaderElection (LeaderElection.java:askForVotes(178)) - 687f579d-1680-4dd5-8b24-01f078298cef@group-E95DC8E8582E-LeaderElection168: begin an election at term 114 for -1: [90ecfa43-dab6-49d9-b30c-40ef62bfdf2a:192.168.157.252:34192, 687f579d-1680-4dd5-8b24-01f078298cef:192.168.157.252:37962, b8bf4e9b-064a-4520-981c-d6c40c833497:192.168.157.252:43407], old=null
2019-11-05 11:28:35,444 [687f579d-1680-4dd5-8b24-01f078298cef@group-E95DC8E8582E-LeaderElection168] INFO  impl.LeaderElection (LeaderElection.java:logAndReturn(56)) - 687f579d-1680-4dd5-8b24-01f078298cef@group-E95DC8E8582E-LeaderElection168: Election TIMEOUT; received 0 response(s) [] and 0 exception(s); 687f579d-1680-4dd5-8b24-01f078298cef@group-E95DC8E8582E:t114, leader=null, voted=687f579d-1680-4dd5-8b24-01f078298cef, raftlog=687f579d-1680-4dd5-8b24-01f078298cef@group-E95DC8E8582E-SegmentedRaftLog:OPENED:c-1,f-1,i0, conf=-1: [90ecfa43-dab6-49d9-b30c-40ef62bfdf2a:192.168.157.252:34192, 687f579d-1680-4dd5-8b24-01f078298cef:192.168.157.252:37962, b8bf4e9b-064a-4520-981c-d6c40c833497:192.168.157.252:43407], old=null
2019-11-05 11:28:35,446 [grpc-default-executor-9] INFO  impl.RaftServerImpl (RaftServerImpl.java:setRole(184)) - b8bf4e9b-064a-4520-981c-d6c40c833497@group-E95DC8E8582E: changes role from  FOLLOWER to FOLLOWER at term 114 for recognizeCandidate:687f579d-1680-4dd5-8b24-01f078298cef
2019-11-05 11:28:35,446 [grpc-default-executor-9] INFO  impl.RoleInfo (RoleInfo.java:shutdownFollowerState(121)) - b8bf4e9b-064a-4520-981c-d6c40c833497: shutdown FollowerState
2019-11-05 11:28:35,446 [grpc-default-executor-9] INFO  impl.RoleInfo (RoleInfo.java:updateAndGet(143)) - b8bf4e9b-064a-4520-981c-d6c40c833497: start FollowerState
2019-11-05 11:28:35,447 [Thread-1695] INFO  impl.FollowerState (FollowerState.java:run(117)) - b8bf4e9b-064a-4520-981c-d6c40c833497@group-E95DC8E8582E-FollowerState was interrupted: java.lang.InterruptedException: sleep interrupted
2019-11-05 11:28:35,448 [grpc-default-executor-4] INFO  impl.RaftServerImpl (RaftServerImpl.java:setRole(184)) - 90ecfa43-dab6-49d9-b30c-40ef62bfdf2a@group-E95DC8E8582E: changes role from  FOLLOWER to FOLLOWER at term 114 for recognizeCandidate:687f579d-1680-4dd5-8b24-01f078298cef
2019-11-05 11:28:35,448 [grpc-default-executor-4] INFO  impl.RoleInfo (RoleInfo.java:shutdownFollowerState(121)) - 90ecfa43-dab6-49d9-b30c-40ef62bfdf2a: shutdown FollowerState
2019-11-05 11:28:35,448 [grpc-default-executor-4] INFO  impl.RoleInfo (RoleInfo.java:updateAndGet(143)) - 90ecfa43-dab6-49d9-b30c-40ef62bfdf2a: start FollowerState
2019-11-05 11:28:35,448 [Thread-1694] INFO  impl.FollowerState (FollowerState.java:run(117)) - 90ecfa43-dab6-49d9-b30c-40ef62bfdf2a@group-E95DC8E8582E-FollowerState was interrupted: java.lang.InterruptedException: sleep interrupted
2019-11-05 11:28:35,451 [Thread-1712] INFO  impl.FollowerState (FollowerState.java:run(108)) - f7e9932d-fd96-469a-9353-68e47138e5ff@group-21C72E9484D5-FollowerState: change to CANDIDATE, lastRpcTime:25ms, electionTimeout:25ms
2019-11-05 11:28:35,452 [Thread-1712] INFO  impl.RoleInfo (RoleInfo.java:shutdownFollowerState(121)) - f7e9932d-fd96-469a-9353-68e47138e5ff: shutdown FollowerState
2019-11-05 11:28:35,452 [Thread-1712] INFO  impl.RaftServerImpl (RaftServerImpl.java:setRole(184)) - f7e9932d-fd96-469a-9353-68e47138e5ff@group-21C72E9484D5: changes role from  FOLLOWER to CANDIDATE at term 100 for changeToCandidate
2019-11-05 11:28:35,452 [Thread-1712] INFO  impl.RoleInfo (RoleInfo.java:updateAndGet(143)) - f7e9932d-fd96-469a-9353-68e47138e5ff: start LeaderElection
2019-11-05 11:28:35,455 [687f579d-1680-4dd5-8b24-01f078298cef@group-E95DC8E8582E-LeaderElection168] INFO  impl.LeaderElection (LeaderElection.java:askForVotes(178)) - 687f579d-1680-4dd5-8b24-01f078298cef@group-E95DC8E8582E-LeaderElection168: begin an election at term 115 for -1: [90ecfa43-dab6-49d9-b30c-40ef62bfdf2a:192.168.157.252:34192, 687f579d-1680-4dd5-8b24-01f078298cef:192.168.157.252:37962, b8bf4e9b-064a-4520-981c-d6c40c833497:192.168.157.252:43407], old=null
2019-11-05 11:28:35,462 [grpc-default-executor-4] INFO  impl.RaftServerImpl (RaftServerImpl.java:setRole(184)) - 90ecfa43-dab6-49d9-b30c-40ef62bfdf2a@group-E95DC8E8582E: changes role from  FOLLOWER to FOLLOWER at term 115 for recognizeCandidate:687f579d-1680-4dd5-8b24-01f078298cef
2019-11-05 11:28:35,463 [grpc-default-executor-4] INFO  impl.RoleInfo (RoleInfo.java:shutdownFollowerState(121)) - 90ecfa43-dab6-49d9-b30c-40ef62bfdf2a: shutdown FollowerState
2019-11-05 11:28:35,463 [grpc-default-executor-4] INFO  impl.RoleInfo (RoleInfo.java:updateAndGet(143)) - 90ecfa43-dab6-49d9-b30c-40ef62bfdf2a: start FollowerState
2019-11-05 11:28:35,463 [Thread-1717] INFO  impl.FollowerState (FollowerState.java:run(117)) - 90ecfa43-dab6-49d9-b30c-40ef62bfdf2a@group-E95DC8E8582E-FollowerState was interrupted: java.lang.InterruptedException: sleep interrupted
2019-11-05 11:28:35,467 [grpc-default-executor-9] INFO  impl.RaftServerImpl (RaftServerImpl.java:setRole(184)) - b8bf4e9b-064a-4520-981c-d6c40c833497@group-E95DC8E8582E: changes role from  FOLLOWER to FOLLOWER at term 115 for recognizeCandidate:687f579d-1680-4dd5-8b24-01f078298cef
2019-11-05 11:28:35,467 [grpc-default-executor-9] INFO  impl.RoleInfo (RoleInfo.java:shutdownFollowerState(121)) - b8bf4e9b-064a-4520-981c-d6c40c833497: shutdown FollowerState
2019-11-05 11:28:35,467 [grpc-default-executor-9] INFO  impl.RoleInfo (RoleInfo.java:updateAndGet(143)) - b8bf4e9b-064a-4520-981c-d6c40c833497: start FollowerState
2019-11-05 11:28:35,467 [Thread-1716] INFO  impl.FollowerState (FollowerState.java:run(117)) - b8bf4e9b-064a-4520-981c-d6c40c833497@group-E95DC8E8582E-FollowerState was interrupted: java.lang.InterruptedException: sleep interrupted
2019-11-05 11:28:35,474 [f7e9932d-fd96-469a-9353-68e47138e5ff@group-21C72E9484D5-LeaderElection169] INFO  impl.LeaderElection (LeaderElection.java:askForVotes(178)) - f7e9932d-fd96-469a-9353-68e47138e5ff@group-21C72E9484D5-LeaderElection169: begin an election at term 101 for -1: [f7e9932d-fd96-469a-9353-68e47138e5ff:192.168.157.252:45025, 1eca16cc-5184-4e43-8e55-175d1516eae4:192.168.157.252:41127, 74a8fb36-eab9-4c53-b7cf-c565055de05a:192.168.157.252:42370], old=null
2019-11-05 11:28:35,477 [grpc-default-executor-5] INFO  impl.RaftServerImpl (RaftServerImpl.java:setRole(184)) - 1eca16cc-5184-4e43-8e55-175d1516eae4@group-21C72E9484D5: changes role from  FOLLOWER to FOLLOWER at term 101 for recognizeCandidate:f7e9932d-fd96-469a-9353-68e47138e5ff
2019-11-05 11:28:35,478 [grpc-default-executor-5] INFO  impl.RoleInfo (RoleInfo.java:shutdownFollowerState(121)) - 1eca16cc-5184-4e43-8e55-175d1516eae4: shutdown FollowerState
2019-11-05 11:28:35,478 [grpc-default-executor-5] INFO  impl.RoleInfo (RoleInfo.java:updateAndGet(143)) - 1eca16cc-5184-4e43-8e55-175d1516eae4: start FollowerState
2019-11-05 11:28:35,478 [grpc-default-executor-11] INFO  impl.RaftServerImpl (RaftServerImpl.java:setRole(184)) - 74a8fb36-eab9-4c53-b7cf-c565055de05a@group-21C72E9484D5: changes role from  FOLLOWER to FOLLOWER at term 101 for recognizeCandidate:f7e9932d-fd96-469a-9353-68e47138e5ff
2019-11-05 11:28:35,478 [grpc-default-executor-11] INFO  impl.RoleInfo (RoleInfo.java:shutdownFollowerState(121)) - 74a8fb36-eab9-4c53-b7cf-c565055de05a: shutdown FollowerState
2019-11-05 11:28:35,479 [grpc-default-executor-11] INFO  impl.RoleInfo (RoleInfo.java:updateAndGet(143)) - 74a8fb36-eab9-4c53-b7cf-c565055de05a: start FollowerState
2019-11-05 11:28:35,479 [Thread-1711] INFO  impl.FollowerState (FollowerState.java:run(117)) - 74a8fb36-eab9-4c53-b7cf-c565055de05a@group-21C72E9484D5-FollowerState was interrupted: java.lang.InterruptedException: sleep interrupted
2019-11-05 11:28:35,480 [Thread-1710] INFO  impl.FollowerState (FollowerState.java:run(117)) - 1eca16cc-5184-4e43-8e55-175d1516eae4@group-21C72E9484D5-FollowerState was interrupted: java.lang.InterruptedException: sleep interrupted
2019-11-05 11:28:35,481 [687f579d-1680-4dd5-8b24-01f078298cef@group-E95DC8E8582E-LeaderElection168] INFO  impl.LeaderElection (LeaderElection.java:logAndReturn(56)) - 687f579d-1680-4dd5-8b24-01f078298cef@group-E95DC8E8582E-LeaderElection168: Election REJECTED; received 2 response(s) [687f579d-1680-4dd5-8b24-01f078298cef<-90ecfa43-dab6-49d9-b30c-40ef62bfdf2a#0:FAIL-t115, 687f579d-1680-4dd5-8b24-01f078298cef<-b8bf4e9b-064a-4520-981c-d6c40c833497#0:FAIL-t115] and 0 exception(s); 687f579d-1680-4dd5-8b24-01f078298cef@group-E95DC8E8582E:t115, leader=null, voted=687f579d-1680-4dd5-8b24-01f078298cef, raftlog=687f579d-1680-4dd5-8b24-01f078298cef@group-E95DC8E8582E-SegmentedRaftLog:OPENED:c-1,f-1,i0, conf=-1: [90ecfa43-dab6-49d9-b30c-40ef62bfdf2a:192.168.157.252:34192, 687f579d-1680-4dd5-8b24-01f078298cef:192.168.157.252:37962, b8bf4e9b-064a-4520-981c-d6c40c833497:192.168.157.252:43407], old=null
2019-11-05 11:28:35,482 [687f579d-1680-4dd5-8b24-01f078298cef@group-E95DC8E8582E-LeaderElection168] INFO  impl.RaftServerImpl (RaftServerImpl.java:setRole(184)) - 687f579d-1680-4dd5-8b24-01f078298cef@group-E95DC8E8582E: changes role from CANDIDATE to FOLLOWER at term 115 for DISCOVERED_A_NEW_TERM
2019-11-05 11:28:35,482 [687f579d-1680-4dd5-8b24-01f078298cef@group-E95DC8E8582E-LeaderElection168] INFO  impl.RoleInfo (RoleInfo.java:shutdownLeaderElection(134)) - 687f579d-1680-4dd5-8b24-01f078298cef: shutdown LeaderElection
2019-11-05 11:28:35,482 [687f579d-1680-4dd5-8b24-01f078298cef@group-E95DC8E8582E-LeaderElection168] INFO  impl.RoleInfo (RoleInfo.java:updateAndGet(143)) - 687f579d-1680-4dd5-8b24-01f078298cef: start FollowerState
2019-11-05 11:28:35,498 [f7e9932d-fd96-469a-9353-68e47138e5ff@group-21C72E9484D5-LeaderElection169] INFO  impl.LeaderElection (LeaderElection.java:logAndReturn(56)) - f7e9932d-fd96-469a-9353-68e47138e5ff@group-21C72E9484D5-LeaderElection169: Election REJECTED; received 2 response(s) [f7e9932d-fd96-469a-9353-68e47138e5ff<-1eca16cc-5184-4e43-8e55-175d1516eae4#0:FAIL-t101, f7e9932d-fd96-469a-9353-68e47138e5ff<-74a8fb36-eab9-4c53-b7cf-c565055de05a#0:FAIL-t101] and 0 exception(s); f7e9932d-fd96-469a-9353-68e47138e5ff@group-21C72E9484D5:t101, leader=null, voted=f7e9932d-fd96-469a-9353-68e47138e5ff, raftlog=f7e9932d-fd96-469a-9353-68e47138e5ff@group-21C72E9484D5-SegmentedRaftLog:OPENED:c-1,f-1,i0, conf=-1: [f7e9932d-fd96-469a-9353-68e47138e5ff:192.168.157.252:45025, 1eca16cc-5184-4e43-8e55-175d1516eae4:192.168.157.252:41127, 74a8fb36-eab9-4c53-b7cf-c565055de05a:192.168.157.252:42370], old=null
2019-11-05 11:28:35,498 [f7e9932d-fd96-469a-9353-68e47138e5ff@group-21C72E9484D5-LeaderElection169] INFO  impl.RaftServerImpl (RaftServerImpl.java:setRole(184)) - f7e9932d-fd96-469a-9353-68e47138e5ff@group-21C72E9484D5: changes role from CANDIDATE to FOLLOWER at term 101 for DISCOVERED_A_NEW_TERM
2019-11-05 11:28:35,498 [f7e9932d-fd96-469a-9353-68e47138e5ff@group-21C72E9484D5-LeaderElection169] INFO  impl.RoleInfo (RoleInfo.java:shutdownLeaderElection(134)) - f7e9932d-fd96-469a-9353-68e47138e5ff: shutdown LeaderElection
2019-11-05 11:28:35,499 [f7e9932d-fd96-469a-9353-68e47138e5ff@group-21C72E9484D5-LeaderElection169] INFO  impl.RoleInfo (RoleInfo.java:updateAndGet(143)) - f7e9932d-fd96-469a-9353-68e47138e5ff: start FollowerState
2019-11-05 11:28:35,581 [Thread-1728] INFO  impl.FollowerState (FollowerState.java:run(108)) - f7e9932d-fd96-469a-9353-68e47138e5ff@group-21C72E9484D5-FollowerState: change to CANDIDATE, lastRpcTime:82ms, electionTimeout:80ms
2019-11-05 11:28:35,581 [Thread-1728] INFO  impl.RoleInfo (RoleInfo.java:shutdownFollowerState(121)) - f7e9932d-fd96-469a-9353-68e47138e5ff: shutdown FollowerState
2019-11-05 11:28:35,581 [Thread-1728] INFO  impl.RaftServerImpl (RaftServerImpl.java:setRole(184)) - f7e9932d-fd96-469a-9353-68e47138e5ff@group-21C72E9484D5: changes role from  FOLLOWER to CANDIDATE at term 101 for changeToCandidate
2019-11-05 11:28:35,582 [Thread-1728] INFO  impl.RoleInfo (RoleInfo.java:updateAndGet(143)) - f7e9932d-fd96-469a-9353-68e47138e5ff: start LeaderElection
2019-11-05 11:28:35,587 [f7e9932d-fd96-469a-9353-68e47138e5ff@group-21C72E9484D5-LeaderElection170] INFO  impl.LeaderElection (LeaderElection.java:askForVotes(178)) - f7e9932d-fd96-469a-9353-68e47138e5ff@group-21C72E9484D5-LeaderElection170: begin an election at term 102 for -1: [f7e9932d-fd96-469a-9353-68e47138e5ff:192.168.157.252:45025, 1eca16cc-5184-4e43-8e55-175d1516eae4:192.168.157.252:41127, 74a8fb36-eab9-4c53-b7cf-c565055de05a:192.168.157.252:42370], old=null
2019-11-05 11:28:35,590 [grpc-default-executor-5] INFO  impl.RaftServerImpl (RaftServerImpl.java:setRole(184)) - 74a8fb36-eab9-4c53-b7cf-c565055de05a@group-21C72E9484D5: changes role from  FOLLOWER to FOLLOWER at term 102 for recognizeCandidate:f7e9932d-fd96-469a-9353-68e47138e5ff
2019-11-05 11:28:35,590 [grpc-default-executor-11] INFO  impl.RaftServerImpl (RaftServerImpl.java:setRole(184)) - 1eca16cc-5184-4e43-8e55-175d1516eae4@group-21C72E9484D5: changes role from  FOLLOWER to FOLLOWER at term 102 for recognizeCandidate:f7e9932d-fd96-469a-9353-68e47138e5ff
2019-11-05 11:28:35,590 [grpc-default-executor-5] INFO  impl.RoleInfo (RoleInfo.java:shutdownFollowerState(121)) - 74a8fb36-eab9-4c53-b7cf-c565055de05a: shutdown FollowerState
2019-11-05 11:28:35,591 [grpc-default-executor-11] INFO  impl.RoleInfo (RoleInfo.java:shutdownFollowerState(121)) - 1eca16cc-5184-4e43-8e55-175d1516eae4: shutdown FollowerState
2019-11-05 11:28:35,591 [grpc-default-executor-11] INFO  impl.RoleInfo (RoleInfo.java:updateAndGet(143)) - 1eca16cc-5184-4e43-8e55-175d1516eae4: start FollowerState
2019-11-05 11:28:35,591 [grpc-default-executor-5] INFO  impl.RoleInfo (RoleInfo.java:updateAndGet(143)) - 74a8fb36-eab9-4c53-b7cf-c565055de05a: start FollowerState
2019-11-05 11:28:35,591 [Thread-1726] INFO  impl.FollowerState (FollowerState.java:run(117)) - 74a8fb36-eab9-4c53-b7cf-c565055de05a@group-21C72E9484D5-FollowerState was interrupted: java.lang.InterruptedException: sleep interrupted
2019-11-05 11:28:35,591 [Thread-1725] INFO  impl.FollowerState (FollowerState.java:run(117)) - 1eca16cc-5184-4e43-8e55-175d1516eae4@group-21C72E9484D5-FollowerState was interrupted: java.lang.InterruptedException: sleep interrupted
2019-11-05 11:28:35,618 [f7e9932d-fd96-469a-9353-68e47138e5ff@group-21C72E9484D5-LeaderElection170] INFO  impl.LeaderElection (LeaderElection.java:logAndReturn(56)) - f7e9932d-fd96-469a-9353-68e47138e5ff@group-21C72E9484D5-LeaderElection170: Election REJECTED; received 2 response(s) [f7e9932d-fd96-469a-9353-68e47138e5ff<-1eca16cc-5184-4e43-8e55-175d1516eae4#0:FAIL-t102, f7e9932d-fd96-469a-9353-68e47138e5ff<-74a8fb36-eab9-4c53-b7cf-c565055de05a#0:FAIL-t102] and 0 exception(s); f7e9932d-fd96-469a-9353-68e47138e5ff@group-21C72E9484D5:t102, leader=null, voted=f7e9932d-fd96-469a-9353-68e47138e5ff, raftlog=f7e9932d-fd96-469a-9353-68e47138e5ff@group-21C72E9484D5-SegmentedRaftLog:OPENED:c-1,f-1,i0, conf=-1: [f7e9932d-fd96-469a-9353-68e47138e5ff:192.168.157.252:45025, 1eca16cc-5184-4e43-8e55-175d1516eae4:192.168.157.252:41127, 74a8fb36-eab9-4c53-b7cf-c565055de05a:192.168.157.252:42370], old=null
2019-11-05 11:28:35,619 [f7e9932d-fd96-469a-9353-68e47138e5ff@group-21C72E9484D5-LeaderElection170] INFO  impl.RaftServerImpl (RaftServerImpl.java:setRole(184)) - f7e9932d-fd96-469a-9353-68e47138e5ff@group-21C72E9484D5: changes role from CANDIDATE to FOLLOWER at term 102 for DISCOVERED_A_NEW_TERM
2019-11-05 11:28:35,619 [f7e9932d-fd96-469a-9353-68e47138e5ff@group-21C72E9484D5-LeaderElection170] INFO  impl.RoleInfo (RoleInfo.java:shutdownLeaderElection(134)) - f7e9932d-fd96-469a-9353-68e47138e5ff: shutdown LeaderElection
2019-11-05 11:28:35,619 [f7e9932d-fd96-469a-9353-68e47138e5ff@group-21C72E9484D5-LeaderElection170] INFO  impl.RoleInfo (RoleInfo.java:updateAndGet(143)) - f7e9932d-fd96-469a-9353-68e47138e5ff: start FollowerState
2019-11-05 11:28:35,623 [Thread-1727] INFO  impl.FollowerState (FollowerState.java:run(108)) - 687f579d-1680-4dd5-8b24-01f078298cef@group-E95DC8E8582E-FollowerState: change to CANDIDATE, lastRpcTime:141ms, electionTimeout:141ms
2019-11-05 11:28:35,624 [Thread-1727] INFO  impl.RoleInfo (RoleInfo.java:shutdownFollowerState(121)) - 687f579d-1680-4dd5-8b24-01f078298cef: shutdown FollowerState
2019-11-05 11:28:35,624 [Thread-1727] INFO  impl.RaftServerImpl (RaftServerImpl.java:setRole(184)) - 687f579d-1680-4dd5-8b24-01f078298cef@group-E95DC8E8582E: changes role from  FOLLOWER to CANDIDATE at term 115 for changeToCandidate
2019-11-05 11:28:35,624 [Thread-1727] INFO  impl.RoleInfo (RoleInfo.java:updateAndGet(143)) - 687f579d-1680-4dd5-8b24-01f078298cef: start LeaderElection
2019-11-05 11:28:35,638 [687f579d-1680-4dd5-8b24-01f078298cef@group-E95DC8E8582E-LeaderElection171] INFO  impl.LeaderElection (LeaderElection.java:askForVotes(178)) - 687f579d-1680-4dd5-8b24-01f078298cef@group-E95DC8E8582E-LeaderElection171: begin an election at term 116 for -1: [90ecfa43-dab6-49d9-b30c-40ef62bfdf2a:192.168.157.252:34192, 687f579d-1680-4dd5-8b24-01f078298cef:192.168.157.252:37962, b8bf4e9b-064a-4520-981c-d6c40c833497:192.168.157.252:43407], old=null
2019-11-05 11:28:35,640 [grpc-default-executor-11] INFO  impl.RaftServerImpl (RaftServerImpl.java:setRole(184)) - b8bf4e9b-064a-4520-981c-d6c40c833497@group-E95DC8E8582E: changes role from  FOLLOWER to FOLLOWER at term 116 for recognizeCandidate:687f579d-1680-4dd5-8b24-01f078298cef
2019-11-05 11:28:35,641 [grpc-default-executor-11] INFO  impl.RoleInfo (RoleInfo.java:shutdownFollowerState(121)) - b8bf4e9b-064a-4520-981c-d6c40c833497: shutdown FollowerState
2019-11-05 11:28:35,641 [grpc-default-executor-11] INFO  impl.RoleInfo (RoleInfo.java:updateAndGet(143)) - b8bf4e9b-064a-4520-981c-d6c40c833497: start FollowerState
2019-11-05 11:28:35,641 [Thread-1722] INFO  impl.FollowerState (FollowerState.java:run(117)) - b8bf4e9b-064a-4520-981c-d6c40c833497@group-E95DC8E8582E-FollowerState was interrupted: java.lang.InterruptedException: sleep interrupted
2019-11-05 11:28:35,644 [grpc-default-executor-5] INFO  impl.RaftServerImpl (RaftServerImpl.java:setRole(184)) - 90ecfa43-dab6-49d9-b30c-40ef62bfdf2a@group-E95DC8E8582E: changes role from  FOLLOWER to FOLLOWER at term 116 for recognizeCandidate:687f579d-1680-4dd5-8b24-01f078298cef
2019-11-05 11:28:35,644 [grpc-default-executor-5] INFO  impl.RoleInfo (RoleInfo.java:shutdownFollowerState(121)) - 90ecfa43-dab6-49d9-b30c-40ef62bfdf2a: shutdown FollowerState
2019-11-05 11:28:35,644 [grpc-default-executor-5] INFO  impl.RoleInfo (RoleInfo.java:updateAndGet(143)) - 90ecfa43-dab6-49d9-b30c-40ef62bfdf2a: start FollowerState
2019-11-05 11:28:35,645 [Thread-1721] INFO  impl.FollowerState (FollowerState.java:run(117)) - 90ecfa43-dab6-49d9-b30c-40ef62bfdf2a@group-E95DC8E8582E-FollowerState was interrupted: java.lang.InterruptedException: sleep interrupted
2019-11-05 11:28:35,658 [687f579d-1680-4dd5-8b24-01f078298cef@group-E95DC8E8582E-LeaderElection171] INFO  impl.LeaderElection (LeaderElection.java:logAndReturn(56)) - 687f579d-1680-4dd5-8b24-01f078298cef@group-E95DC8E8582E-LeaderElection171: Election REJECTED; received 2 response(s) [687f579d-1680-4dd5-8b24-01f078298cef<-90ecfa43-dab6-49d9-b30c-40ef62bfdf2a#0:FAIL-t116, 687f579d-1680-4dd5-8b24-01f078298cef<-b8bf4e9b-064a-4520-981c-d6c40c833497#0:FAIL-t116] and 0 exception(s); 687f579d-1680-4dd5-8b24-01f078298cef@group-E95DC8E8582E:t116, leader=null, voted=687f579d-1680-4dd5-8b24-01f078298cef, raftlog=687f579d-1680-4dd5-8b24-01f078298cef@group-E95DC8E8582E-SegmentedRaftLog:OPENED:c-1,f-1,i0, conf=-1: [90ecfa43-dab6-49d9-b30c-40ef62bfdf2a:192.168.157.252:34192, 687f579d-1680-4dd5-8b24-01f078298cef:192.168.157.252:37962, b8bf4e9b-064a-4520-981c-d6c40c833497:192.168.157.252:43407], old=null
2019-11-05 11:28:35,658 [687f579d-1680-4dd5-8b24-01f078298cef@group-E95DC8E8582E-LeaderElection171] INFO  impl.RaftServerImpl (RaftServerImpl.java:setRole(184)) - 687f579d-1680-4dd5-8b24-01f078298cef@group-E95DC8E8582E: changes role from CANDIDATE to FOLLOWER at term 116 for DISCOVERED_A_NEW_TERM
2019-11-05 11:28:35,658 [687f579d-1680-4dd5-8b24-01f078298cef@group-E95DC8E8582E-LeaderElection171] INFO  impl.RoleInfo (RoleInfo.java:shutdownLeaderElection(134)) - 687f579d-1680-4dd5-8b24-01f078298cef: shutdown LeaderElection
2019-11-05 11:28:35,658 [687f579d-1680-4dd5-8b24-01f078298cef@group-E95DC8E8582E-LeaderElection171] INFO  impl.RoleInfo (RoleInfo.java:updateAndGet(143)) - 687f579d-1680-4dd5-8b24-01f078298cef: start FollowerState
2019-11-05 11:28:35,764 [Thread-1740] INFO  impl.FollowerState (FollowerState.java:run(108)) - 687f579d-1680-4dd5-8b24-01f078298cef@group-E95DC8E8582E-FollowerState: change to CANDIDATE, lastRpcTime:106ms, electionTimeout:106ms
2019-11-05 11:28:35,765 [Thread-1740] INFO  impl.RoleInfo (RoleInfo.java:shutdownFollowerState(121)) - 687f579d-1680-4dd5-8b24-01f078298cef: shutdown FollowerState
2019-11-05 11:28:35,765 [Thread-1740] INFO  impl.RaftServerImpl (RaftServerImpl.java:setRole(184)) - 687f579d-1680-4dd5-8b24-01f078298cef@group-E95DC8E8582E: changes role from  FOLLOWER to CANDIDATE at term 116 for changeToCandidate
2019-11-05 11:28:35,765 [Thread-1740] INFO  impl.RoleInfo (RoleInfo.java:updateAndGet(143)) - 687f579d-1680-4dd5-8b24-01f078298cef: start LeaderElection
2019-11-05 11:28:35,785 [687f579d-1680-4dd5-8b24-01f078298cef@group-E95DC8E8582E-LeaderElection172] INFO  impl.LeaderElection (LeaderElection.java:askForVotes(178)) - 687f579d-1680-4dd5-8b24-01f078298cef@group-E95DC8E8582E-LeaderElection172: begin an election at term 117 for -1: [90ecfa43-dab6-49d9-b30c-40ef62bfdf2a:192.168.157.252:34192, 687f579d-1680-4dd5-8b24-01f078298cef:192.168.157.252:37962, b8bf4e9b-064a-4520-981c-d6c40c833497:192.168.157.252:43407], old=null
2019-11-05 11:28:35,789 [grpc-default-executor-5] INFO  impl.RaftServerImpl (RaftServerImpl.java:setRole(184)) - b8bf4e9b-064a-4520-981c-d6c40c833497@group-E95DC8E8582E: changes role from  FOLLOWER to FOLLOWER at term 117 for recognizeCandidate:687f579d-1680-4dd5-8b24-01f078298cef
2019-11-05 11:28:35,789 [grpc-default-executor-5] INFO  impl.RoleInfo (RoleInfo.java:shutdownFollowerState(121)) - b8bf4e9b-064a-4520-981c-d6c40c833497: shutdown FollowerState
2019-11-05 11:28:35,789 [Thread-1738] INFO  impl.FollowerState (FollowerState.java:run(117)) - b8bf4e9b-064a-4520-981c-d6c40c833497@group-E95DC8E8582E-FollowerState was interrupted: java.lang.InterruptedException: sleep interrupted
2019-11-05 11:28:35,789 [grpc-default-executor-5] INFO  impl.RoleInfo (RoleInfo.java:updateAndGet(143)) - b8bf4e9b-064a-4520-981c-d6c40c833497: start FollowerState
2019-11-05 11:28:35,793 [Thread-1734] INFO  impl.FollowerState (FollowerState.java:run(108)) - f7e9932d-fd96-469a-9353-68e47138e5ff@group-21C72E9484D5-FollowerState: change to CANDIDATE, lastRpcTime:173ms, electionTimeout:172ms
2019-11-05 11:28:35,809 [grpc-default-executor-11] INFO  impl.RaftServerImpl (RaftServerImpl.java:setRole(184)) - 90ecfa43-dab6-49d9-b30c-40ef62bfdf2a@group-E95DC8E8582E: changes role from  FOLLOWER to FOLLOWER at term 117 for recognizeCandidate:687f579d-1680-4dd5-8b24-01f078298cef
2019-11-05 11:28:35,809 [687f579d-1680-4dd5-8b24-01f078298cef@group-E95DC8E8582E-LeaderElection172] INFO  impl.LeaderElection (LeaderElection.java:logAndReturn(56)) - 687f579d-1680-4dd5-8b24-01f078298cef@group-E95DC8E8582E-LeaderElection172: Election TIMEOUT; received 0 response(s) [] and 0 exception(s); 687f579d-1680-4dd5-8b24-01f078298cef@group-E95DC8E8582E:t117, leader=null, voted=687f579d-1680-4dd5-8b24-01f078298cef, raftlog=687f579d-1680-4dd5-8b24-01f078298cef@group-E95DC8E8582E-SegmentedRaftLog:OPENED:c-1,f-1,i0, conf=-1: [90ecfa43-dab6-49d9-b30c-40ef62bfdf2a:192.168.157.252:34192, 687f579d-1680-4dd5-8b24-01f078298cef:192.168.157.252:37962, b8bf4e9b-064a-4520-981c-d6c40c833497:192.168.157.252:43407], old=null
2019-11-05 11:28:35,809 [grpc-default-executor-11] INFO  impl.RoleInfo (RoleInfo.java:shutdownFollowerState(121)) - 90ecfa43-dab6-49d9-b30c-40ef62bfdf2a: shutdown FollowerState
2019-11-05 11:28:35,809 [Thread-1734] INFO  impl.RoleInfo (RoleInfo.java:shutdownFollowerState(121)) - f7e9932d-fd96-469a-9353-68e47138e5ff: shutdown FollowerState
2019-11-05 11:28:35,809 [Thread-1734] INFO  impl.RaftServerImpl (RaftServerImpl.java:setRole(184)) - f7e9932d-fd96-469a-9353-68e47138e5ff@group-21C72E9484D5: changes role from  FOLLOWER to CANDIDATE at term 102 for changeToCandidate
2019-11-05 11:28:35,812 [Thread-1734] INFO  impl.RoleInfo (RoleInfo.java:updateAndGet(143)) - f7e9932d-fd96-469a-9353-68e47138e5ff: start LeaderElection
2019-11-05 11:28:35,812 [Thread-1739] INFO  impl.FollowerState (FollowerState.java:run(117)) - 90ecfa43-dab6-49d9-b30c-40ef62bfdf2a@group-E95DC8E8582E-FollowerState was interrupted: java.lang.InterruptedException: sleep interrupted
2019-11-05 11:28:35,812 [grpc-default-executor-11] INFO  impl.RoleInfo (RoleInfo.java:updateAndGet(143)) - 90ecfa43-dab6-49d9-b30c-40ef62bfdf2a: start FollowerState
2019-11-05 11:28:35,820 [687f579d-1680-4dd5-8b24-01f078298cef@group-E95DC8E8582E-LeaderElection172] INFO  impl.LeaderElection (LeaderElection.java:askForVotes(178)) - 687f579d-1680-4dd5-8b24-01f078298cef@group-E95DC8E8582E-LeaderElection172: begin an election at term 118 for -1: [90ecfa43-dab6-49d9-b30c-40ef62bfdf2a:192.168.157.252:34192, 687f579d-1680-4dd5-8b24-01f078298cef:192.168.157.252:37962, b8bf4e9b-064a-4520-981c-d6c40c833497:192.168.157.252:43407], old=null
2019-11-05 11:28:35,820 [f7e9932d-fd96-469a-9353-68e47138e5ff@group-21C72E9484D5-LeaderElection173] INFO  impl.LeaderElection (LeaderElection.java:askForVotes(178)) - f7e9932d-fd96-469a-9353-68e47138e5ff@group-21C72E9484D5-LeaderElection173: begin an election at term 103 for -1: [f7e9932d-fd96-469a-9353-68e47138e5ff:192.168.157.252:45025, 1eca16cc-5184-4e43-8e55-175d1516eae4:192.168.157.252:41127, 74a8fb36-eab9-4c53-b7cf-c565055de05a:192.168.157.252:42370], old=null
2019-11-05 11:28:35,824 [grpc-default-executor-11] INFO  impl.RaftServerImpl (RaftServerImpl.java:setRole(184)) - 90ecfa43-dab6-49d9-b30c-40ef62bfdf2a@group-E95DC8E8582E: changes role from  FOLLOWER to FOLLOWER at term 118 for recognizeCandidate:687f579d-1680-4dd5-8b24-01f078298cef
2019-11-05 11:28:35,824 [grpc-default-executor-11] INFO  impl.RoleInfo (RoleInfo.java:shutdownFollowerState(121)) - 90ecfa43-dab6-49d9-b30c-40ef62bfdf2a: shutdown FollowerState
2019-11-05 11:28:35,832 [Thread-1748] INFO  impl.FollowerState (FollowerState.java:run(117)) - 90ecfa43-dab6-49d9-b30c-40ef62bfdf2a@group-E95DC8E8582E-FollowerState was interrupted: java.lang.InterruptedException: sleep interrupted
2019-11-05 11:28:35,832 [grpc-default-executor-11] INFO  impl.RoleInfo (RoleInfo.java:updateAndGet(143)) - 90ecfa43-dab6-49d9-b30c-40ef62bfdf2a: start FollowerState
2019-11-05 11:28:35,833 [grpc-default-executor-5] INFO  impl.RaftServerImpl (RaftServerImpl.java:setRole(184)) - 1eca16cc-5184-4e43-8e55-175d1516eae4@group-21C72E9484D5: changes role from  FOLLOWER to FOLLOWER at term 103 for recognizeCandidate:f7e9932d-fd96-469a-9353-68e47138e5ff
2019-11-05 11:28:35,833 [grpc-default-executor-5] INFO  impl.RoleInfo (RoleInfo.java:shutdownFollowerState(121)) - 1eca16cc-5184-4e43-8e55-175d1516eae4: shutdown FollowerState
2019-11-05 11:28:35,834 [grpc-default-executor-9] INFO  impl.RaftServerImpl (RaftServerImpl.java:setRole(184)) - b8bf4e9b-064a-4520-981c-d6c40c833497@group-E95DC8E8582E: changes role from  FOLLOWER to FOLLOWER at term 118 for recognizeCandidate:687f579d-1680-4dd5-8b24-01f078298cef
2019-11-05 11:28:35,834 [grpc-default-executor-9] INFO  impl.RoleInfo (RoleInfo.java:shutdownFollowerState(121)) - b8bf4e9b-064a-4520-981c-d6c40c833497: shutdown FollowerState
2019-11-05 11:28:35,850 [grpc-default-executor-9] INFO  impl.RoleInfo (RoleInfo.java:updateAndGet(143)) - b8bf4e9b-064a-4520-981c-d6c40c833497: start FollowerState
2019-11-05 11:28:35,852 [grpc-default-executor-5] INFO  impl.RoleInfo (RoleInfo.java:updateAndGet(143)) - 1eca16cc-5184-4e43-8e55-175d1516eae4: start FollowerState
2019-11-05 11:28:35,853 [grpc-default-executor-4] INFO  impl.RaftServerImpl (RaftServerImpl.java:setRole(184)) - 74a8fb36-eab9-4c53-b7cf-c565055de05a@group-21C72E9484D5: changes role from  FOLLOWER to FOLLOWER at term 103 for recognizeCandidate:f7e9932d-fd96-469a-9353-68e47138e5ff
2019-11-05 11:28:35,853 [grpc-default-executor-4] INFO  impl.RoleInfo (RoleInfo.java:shutdownFollowerState(121)) - 74a8fb36-eab9-4c53-b7cf-c565055de05a: shutdown FollowerState
2019-11-05 11:28:35,853 [grpc-default-executor-4] INFO  impl.RoleInfo (RoleInfo.java:updateAndGet(143)) - 74a8fb36-eab9-4c53-b7cf-c565055de05a: start FollowerState
2019-11-05 11:28:35,855 [Thread-1732] INFO  impl.FollowerState (FollowerState.java:run(117)) - 74a8fb36-eab9-4c53-b7cf-c565055de05a@group-21C72E9484D5-FollowerState was interrupted: java.lang.InterruptedException: sleep interrupted
2019-11-05 11:28:35,857 [Thread-1746] INFO  impl.FollowerState (FollowerState.java:run(117)) - b8bf4e9b-064a-4520-981c-d6c40c833497@group-E95DC8E8582E-FollowerState was interrupted: java.lang.InterruptedException: sleep interrupted
2019-11-05 11:28:35,858 [Thread-1733] INFO  impl.FollowerState (FollowerState.java:run(117)) - 1eca16cc-5184-4e43-8e55-175d1516eae4@group-21C72E9484D5-FollowerState was interrupted: java.lang.InterruptedException: sleep interrupted
2019-11-05 11:28:35,861 [687f579d-1680-4dd5-8b24-01f078298cef@group-E95DC8E8582E-LeaderElection172] INFO  impl.LeaderElection (LeaderElection.java:logAndReturn(56)) - 687f579d-1680-4dd5-8b24-01f078298cef@group-E95DC8E8582E-LeaderElection172: Election REJECTED; received 2 response(s) [687f579d-1680-4dd5-8b24-01f078298cef<-90ecfa43-dab6-49d9-b30c-40ef62bfdf2a#0:FAIL-t118, 687f579d-1680-4dd5-8b24-01f078298cef<-b8bf4e9b-064a-4520-981c-d6c40c833497#0:FAIL-t118] and 0 exception(s); 687f579d-1680-4dd5-8b24-01f078298cef@group-E95DC8E8582E:t118, leader=null, voted=687f579d-1680-4dd5-8b24-01f078298cef, raftlog=687f579d-1680-4dd5-8b24-01f078298cef@group-E95DC8E8582E-SegmentedRaftLog:OPENED:c-1,f-1,i0, conf=-1: [90ecfa43-dab6-49d9-b30c-40ef62bfdf2a:192.168.157.252:34192, 687f579d-1680-4dd5-8b24-01f078298cef:192.168.157.252:37962, b8bf4e9b-064a-4520-981c-d6c40c833497:192.168.157.252:43407], old=null
2019-11-05 11:28:35,862 [687f579d-1680-4dd5-8b24-01f078298cef@group-E95DC8E8582E-LeaderElection172] INFO  impl.RaftServerImpl (RaftServerImpl.java:setRole(184)) - 687f579d-1680-4dd5-8b24-01f078298cef@group-E95DC8E8582E: changes role from CANDIDATE to FOLLOWER at term 118 for DISCOVERED_A_NEW_TERM
2019-11-05 11:28:35,862 [f7e9932d-fd96-469a-9353-68e47138e5ff@group-21C72E9484D5-LeaderElection173] INFO  impl.LeaderElection (LeaderElection.java:logAndReturn(56)) - f7e9932d-fd96-469a-9353-68e47138e5ff@group-21C72E9484D5-LeaderElection173: Election REJECTED; received 2 response(s) [f7e9932d-fd96-469a-9353-68e47138e5ff<-1eca16cc-5184-4e43-8e55-175d1516eae4#0:FAIL-t103, f7e9932d-fd96-469a-9353-68e47138e5ff<-74a8fb36-eab9-4c53-b7cf-c565055de05a#0:FAIL-t103] and 0 exception(s); f7e9932d-fd96-469a-9353-68e47138e5ff@group-21C72E9484D5:t103, leader=null, voted=f7e9932d-fd96-469a-9353-68e47138e5ff, raftlog=f7e9932d-fd96-469a-9353-68e47138e5ff@group-21C72E9484D5-SegmentedRaftLog:OPENED:c-1,f-1,i0, conf=-1: [f7e9932d-fd96-469a-9353-68e47138e5ff:192.168.157.252:45025, 1eca16cc-5184-4e43-8e55-175d1516eae4:192.168.157.252:41127, 74a8fb36-eab9-4c53-b7cf-c565055de05a:192.168.157.252:42370], old=null
2019-11-05 11:28:35,862 [687f579d-1680-4dd5-8b24-01f078298cef@group-E95DC8E8582E-LeaderElection172] INFO  impl.RoleInfo (RoleInfo.java:shutdownLeaderElection(134)) - 687f579d-1680-4dd5-8b24-01f078298cef: shutdown LeaderElection
2019-11-05 11:28:35,862 [f7e9932d-fd96-469a-9353-68e47138e5ff@group-21C72E9484D5-LeaderElection173] INFO  impl.RaftServerImpl (RaftServerImpl.java:setRole(184)) - f7e9932d-fd96-469a-9353-68e47138e5ff@group-21C72E9484D5: changes role from CANDIDATE to FOLLOWER at term 103 for DISCOVERED_A_NEW_TERM
2019-11-05 11:28:35,862 [f7e9932d-fd96-469a-9353-68e47138e5ff@group-21C72E9484D5-LeaderElection173] INFO  impl.RoleInfo (RoleInfo.java:shutdownLeaderElection(134)) - f7e9932d-fd96-469a-9353-68e47138e5ff: shutdown LeaderElection
2019-11-05 11:28:35,862 [687f579d-1680-4dd5-8b24-01f078298cef@group-E95DC8E8582E-LeaderElection172] INFO  impl.RoleInfo (RoleInfo.java:updateAndGet(143)) - 687f579d-1680-4dd5-8b24-01f078298cef: start FollowerState
2019-11-05 11:28:35,862 [f7e9932d-fd96-469a-9353-68e47138e5ff@group-21C72E9484D5-LeaderElection173] INFO  impl.RoleInfo (RoleInfo.java:updateAndGet(143)) - f7e9932d-fd96-469a-9353-68e47138e5ff: start FollowerState
2019-11-05 11:28:35,946 [Thread-1758] INFO  impl.FollowerState (FollowerState.java:run(108)) - f7e9932d-fd96-469a-9353-68e47138e5ff@group-21C72E9484D5-FollowerState: change to CANDIDATE, lastRpcTime:83ms, electionTimeout:83ms
2019-11-05 11:28:35,946 [Thread-1758] INFO  impl.RoleInfo (RoleInfo.java:shutdownFollowerState(121)) - f7e9932d-fd96-469a-9353-68e47138e5ff: shutdown FollowerState
2019-11-05 11:28:35,946 [Thread-1758] INFO  impl.RaftServerImpl (RaftServerImpl.java:setRole(184)) - f7e9932d-fd96-469a-9353-68e47138e5ff@group-21C72E9484D5: changes role from  FOLLOWER to CANDIDATE at term 103 for changeToCandidate
2019-11-05 11:28:35,946 [Thread-1758] INFO  impl.RoleInfo (RoleInfo.java:updateAndGet(143)) - f7e9932d-fd96-469a-9353-68e47138e5ff: start LeaderElection
2019-11-05 11:28:35,959 [f7e9932d-fd96-469a-9353-68e47138e5ff@group-21C72E9484D5-LeaderElection174] INFO  impl.LeaderElection (LeaderElection.java:askForVotes(178)) - f7e9932d-fd96-469a-9353-68e47138e5ff@group-21C72E9484D5-LeaderElection174: begin an election at term 104 for -1: [f7e9932d-fd96-469a-9353-68e47138e5ff:192.168.157.252:45025, 1eca16cc-5184-4e43-8e55-175d1516eae4:192.168.157.252:41127, 74a8fb36-eab9-4c53-b7cf-c565055de05a:192.168.157.252:42370], old=null
2019-11-05 11:28:35,961 [grpc-default-executor-4] INFO  impl.RaftServerImpl (RaftServerImpl.java:setRole(184)) - 74a8fb36-eab9-4c53-b7cf-c565055de05a@group-21C72E9484D5: changes role from  FOLLOWER to FOLLOWER at term 104 for recognizeCandidate:f7e9932d-fd96-469a-9353-68e47138e5ff
2019-11-05 11:28:35,961 [grpc-default-executor-4] INFO  impl.RoleInfo (RoleInfo.java:shutdownFollowerState(121)) - 74a8fb36-eab9-4c53-b7cf-c565055de05a: shutdown FollowerState
2019-11-05 11:28:35,962 [grpc-default-executor-4] INFO  impl.RoleInfo (RoleInfo.java:updateAndGet(143)) - 74a8fb36-eab9-4c53-b7cf-c565055de05a: start FollowerState
2019-11-05 11:28:35,962 [Thread-1756] INFO  impl.FollowerState (FollowerState.java:run(117)) - 74a8fb36-eab9-4c53-b7cf-c565055de05a@group-21C72E9484D5-FollowerState was interrupted: java.lang.InterruptedException: sleep interrupted
2019-11-05 11:28:35,963 [grpc-default-executor-9] INFO  impl.RaftServerImpl (RaftServerImpl.java:setRole(184)) - 1eca16cc-5184-4e43-8e55-175d1516eae4@group-21C72E9484D5: changes role from  FOLLOWER to FOLLOWER at term 104 for recognizeCandidate:f7e9932d-fd96-469a-9353-68e47138e5ff
2019-11-05 11:28:35,963 [grpc-default-executor-9] INFO  impl.RoleInfo (RoleInfo.java:shutdownFollowerState(121)) - 1eca16cc-5184-4e43-8e55-175d1516eae4: shutdown FollowerState
2019-11-05 11:28:35,963 [grpc-default-executor-9] INFO  impl.RoleInfo (RoleInfo.java:updateAndGet(143)) - 1eca16cc-5184-4e43-8e55-175d1516eae4: start FollowerState
2019-11-05 11:28:35,963 [Thread-1755] INFO  impl.FollowerState (FollowerState.java:run(117)) - 1eca16cc-5184-4e43-8e55-175d1516eae4@group-21C72E9484D5-FollowerState was interrupted: java.lang.InterruptedException: sleep interrupted
2019-11-05 11:28:35,977 [f7e9932d-fd96-469a-9353-68e47138e5ff@group-21C72E9484D5-LeaderElection174] INFO  impl.LeaderElection (LeaderElection.java:logAndReturn(56)) - f7e9932d-fd96-469a-9353-68e47138e5ff@group-21C72E9484D5-LeaderElection174: Election REJECTED; received 2 response(s) [f7e9932d-fd96-469a-9353-68e47138e5ff<-1eca16cc-5184-4e43-8e55-175d1516eae4#0:FAIL-t104, f7e9932d-fd96-469a-9353-68e47138e5ff<-74a8fb36-eab9-4c53-b7cf-c565055de05a#0:FAIL-t104] and 0 exception(s); f7e9932d-fd96-469a-9353-68e47138e5ff@group-21C72E9484D5:t104, leader=null, voted=f7e9932d-fd96-469a-9353-68e47138e5ff, raftlog=f7e9932d-fd96-469a-9353-68e47138e5ff@group-21C72E9484D5-SegmentedRaftLog:OPENED:c-1,f-1,i0, conf=-1: [f7e9932d-fd96-469a-9353-68e47138e5ff:192.168.157.252:45025, 1eca16cc-5184-4e43-8e55-175d1516eae4:192.168.157.252:41127, 74a8fb36-eab9-4c53-b7cf-c565055de05a:192.168.157.252:42370], old=null
2019-11-05 11:28:35,977 [f7e9932d-fd96-469a-9353-68e47138e5ff@group-21C72E9484D5-LeaderElection174] INFO  impl.RaftServerImpl (RaftServerImpl.java:setRole(184)) - f7e9932d-fd96-469a-9353-68e47138e5ff@group-21C72E9484D5: changes role from CANDIDATE to FOLLOWER at term 104 for DISCOVERED_A_NEW_TERM
2019-11-05 11:28:35,977 [f7e9932d-fd96-469a-9353-68e47138e5ff@group-21C72E9484D5-LeaderElection174] INFO  impl.RoleInfo (RoleInfo.java:shutdownLeaderElection(134)) - f7e9932d-fd96-469a-9353-68e47138e5ff: shutdown LeaderElection
2019-11-05 11:28:35,977 [f7e9932d-fd96-469a-9353-68e47138e5ff@group-21C72E9484D5-LeaderElection174] INFO  impl.RoleInfo (RoleInfo.java:updateAndGet(143)) - f7e9932d-fd96-469a-9353-68e47138e5ff: start FollowerState
2019-11-05 11:28:36,016 [Thread-1764] INFO  impl.FollowerState (FollowerState.java:run(108)) - f7e9932d-fd96-469a-9353-68e47138e5ff@group-21C72E9484D5-FollowerState: change to CANDIDATE, lastRpcTime:38ms, electionTimeout:38ms
2019-11-05 11:28:36,016 [Thread-1764] INFO  impl.RoleInfo (RoleInfo.java:shutdownFollowerState(121)) - f7e9932d-fd96-469a-9353-68e47138e5ff: shutdown FollowerState
2019-11-05 11:28:36,016 [Thread-1764] INFO  impl.RaftServerImpl (RaftServerImpl.java:setRole(184)) - f7e9932d-fd96-469a-9353-68e47138e5ff@group-21C72E9484D5: changes role from  FOLLOWER to CANDIDATE at term 104 for changeToCandidate
2019-11-05 11:28:36,016 [Thread-1764] INFO  impl.RoleInfo (RoleInfo.java:updateAndGet(143)) - f7e9932d-fd96-469a-9353-68e47138e5ff: start LeaderElection
2019-11-05 11:28:36,021 [f7e9932d-fd96-469a-9353-68e47138e5ff@group-21C72E9484D5-LeaderElection175] INFO  impl.LeaderElection (LeaderElection.java:askForVotes(178)) - f7e9932d-fd96-469a-9353-68e47138e5ff@group-21C72E9484D5-LeaderElection175: begin an election at term 105 for -1: [f7e9932d-fd96-469a-9353-68e47138e5ff:192.168.157.252:45025, 1eca16cc-5184-4e43-8e55-175d1516eae4:192.168.157.252:41127, 74a8fb36-eab9-4c53-b7cf-c565055de05a:192.168.157.252:42370], old=null
2019-11-05 11:28:36,024 [grpc-default-executor-9] INFO  impl.RaftServerImpl (RaftServerImpl.java:setRole(184)) - 74a8fb36-eab9-4c53-b7cf-c565055de05a@group-21C72E9484D5: changes role from  FOLLOWER to FOLLOWER at term 105 for recognizeCandidate:f7e9932d-fd96-469a-9353-68e47138e5ff
2019-11-05 11:28:36,024 [grpc-default-executor-9] INFO  impl.RoleInfo (RoleInfo.java:shutdownFollowerState(121)) - 74a8fb36-eab9-4c53-b7cf-c565055de05a: shutdown FollowerState
2019-11-05 11:28:36,024 [grpc-default-executor-9] INFO  impl.RoleInfo (RoleInfo.java:updateAndGet(143)) - 74a8fb36-eab9-4c53-b7cf-c565055de05a: start FollowerState
2019-11-05 11:28:36,025 [grpc-default-executor-4] INFO  impl.RaftServerImpl (RaftServerImpl.java:setRole(184)) - 1eca16cc-5184-4e43-8e55-175d1516eae4@group-21C72E9484D5: changes role from  FOLLOWER to FOLLOWER at term 105 for recognizeCandidate:f7e9932d-fd96-469a-9353-68e47138e5ff
2019-11-05 11:28:36,026 [grpc-default-executor-4] INFO  impl.RoleInfo (RoleInfo.java:shutdownFollowerState(121)) - 1eca16cc-5184-4e43-8e55-175d1516eae4: shutdown FollowerState
2019-11-05 11:28:36,026 [Thread-1762] INFO  impl.FollowerState (FollowerState.java:run(117)) - 74a8fb36-eab9-4c53-b7cf-c565055de05a@group-21C72E9484D5-FollowerState was interrupted: java.lang.InterruptedException: sleep interrupted
2019-11-05 11:28:36,028 [Thread-1763] INFO  impl.FollowerState (FollowerState.java:run(117)) - 1eca16cc-5184-4e43-8e55-175d1516eae4@group-21C72E9484D5-FollowerState was interrupted: java.lang.InterruptedException: sleep interrupted
2019-11-05 11:28:36,028 [grpc-default-executor-4] INFO  impl.RoleInfo (RoleInfo.java:updateAndGet(143)) - 1eca16cc-5184-4e43-8e55-175d1516eae4: start FollowerState
2019-11-05 11:28:36,037 [f7e9932d-fd96-469a-9353-68e47138e5ff@group-21C72E9484D5-LeaderElection175] INFO  impl.LeaderElection (LeaderElection.java:logAndReturn(56)) - f7e9932d-fd96-469a-9353-68e47138e5ff@group-21C72E9484D5-LeaderElection175: Election REJECTED; received 2 response(s) [f7e9932d-fd96-469a-9353-68e47138e5ff<-1eca16cc-5184-4e43-8e55-175d1516eae4#0:FAIL-t105, f7e9932d-fd96-469a-9353-68e47138e5ff<-74a8fb36-eab9-4c53-b7cf-c565055de05a#0:FAIL-t105] and 0 exception(s); f7e9932d-fd96-469a-9353-68e47138e5ff@group-21C72E9484D5:t105, leader=null, voted=f7e9932d-fd96-469a-9353-68e47138e5ff, raftlog=f7e9932d-fd96-469a-9353-68e47138e5ff@group-21C72E9484D5-SegmentedRaftLog:OPENED:c-1,f-1,i0, conf=-1: [f7e9932d-fd96-469a-9353-68e47138e5ff:192.168.157.252:45025, 1eca16cc-5184-4e43-8e55-175d1516eae4:192.168.157.252:41127, 74a8fb36-eab9-4c53-b7cf-c565055de05a:192.168.157.252:42370], old=null
2019-11-05 11:28:36,038 [f7e9932d-fd96-469a-9353-68e47138e5ff@group-21C72E9484D5-LeaderElection175] INFO  impl.RaftServerImpl (RaftServerImpl.java:setRole(184)) - f7e9932d-fd96-469a-9353-68e47138e5ff@group-21C72E9484D5: changes role from CANDIDATE to FOLLOWER at term 105 for DISCOVERED_A_NEW_TERM
2019-11-05 11:28:36,038 [f7e9932d-fd96-469a-9353-68e47138e5ff@group-21C72E9484D5-LeaderElection175] INFO  impl.RoleInfo (RoleInfo.java:shutdownLeaderElection(134)) - f7e9932d-fd96-469a-9353-68e47138e5ff: shutdown LeaderElection
2019-11-05 11:28:36,038 [f7e9932d-fd96-469a-9353-68e47138e5ff@group-21C72E9484D5-LeaderElection175] INFO  impl.RoleInfo (RoleInfo.java:updateAndGet(143)) - f7e9932d-fd96-469a-9353-68e47138e5ff: start FollowerState
2019-11-05 11:28:36,059 [Thread-1757] INFO  impl.FollowerState (FollowerState.java:run(108)) - 687f579d-1680-4dd5-8b24-01f078298cef@group-E95DC8E8582E-FollowerState: change to CANDIDATE, lastRpcTime:196ms, electionTimeout:196ms
2019-11-05 11:28:36,059 [Thread-1757] INFO  impl.RoleInfo (RoleInfo.java:shutdownFollowerState(121)) - 687f579d-1680-4dd5-8b24-01f078298cef: shutdown FollowerState
2019-11-05 11:28:36,059 [Thread-1757] INFO  impl.RaftServerImpl (RaftServerImpl.java:setRole(184)) - 687f579d-1680-4dd5-8b24-01f078298cef@group-E95DC8E8582E: changes role from  FOLLOWER to CANDIDATE at term 118 for changeToCandidate
2019-11-05 11:28:36,059 [Thread-1757] INFO  impl.RoleInfo (RoleInfo.java:updateAndGet(143)) - 687f579d-1680-4dd5-8b24-01f078298cef: start LeaderElection
2019-11-05 11:28:36,069 [687f579d-1680-4dd5-8b24-01f078298cef@group-E95DC8E8582E-LeaderElection176] INFO  impl.LeaderElection (LeaderElection.java:askForVotes(178)) - 687f579d-1680-4dd5-8b24-01f078298cef@group-E95DC8E8582E-LeaderElection176: begin an election at term 119 for -1: [90ecfa43-dab6-49d9-b30c-40ef62bfdf2a:192.168.157.252:34192, 687f579d-1680-4dd5-8b24-01f078298cef:192.168.157.252:37962, b8bf4e9b-064a-4520-981c-d6c40c833497:192.168.157.252:43407], old=null
2019-11-05 11:28:36,071 [grpc-default-executor-4] INFO  impl.RaftServerImpl (RaftServerImpl.java:setRole(184)) - b8bf4e9b-064a-4520-981c-d6c40c833497@group-E95DC8E8582E: changes role from  FOLLOWER to FOLLOWER at term 119 for recognizeCandidate:687f579d-1680-4dd5-8b24-01f078298cef
2019-11-05 11:28:36,071 [grpc-default-executor-4] INFO  impl.RoleInfo (RoleInfo.java:shutdownFollowerState(121)) - b8bf4e9b-064a-4520-981c-d6c40c833497: shutdown FollowerState
2019-11-05 11:28:36,071 [grpc-default-executor-4] INFO  impl.RoleInfo (RoleInfo.java:updateAndGet(143)) - b8bf4e9b-064a-4520-981c-d6c40c833497: start FollowerState
2019-11-05 11:28:36,072 [Thread-1754] INFO  impl.FollowerState (FollowerState.java:run(117)) - b8bf4e9b-064a-4520-981c-d6c40c833497@group-E95DC8E8582E-FollowerState was interrupted: java.lang.InterruptedException: sleep interrupted
2019-11-05 11:28:36,073 [grpc-default-executor-9] INFO  impl.RaftServerImpl (RaftServerImpl.java:setRole(184)) - 90ecfa43-dab6-49d9-b30c-40ef62bfdf2a@group-E95DC8E8582E: changes role from  FOLLOWER to FOLLOWER at term 119 for recognizeCandidate:687f579d-1680-4dd5-8b24-01f078298cef
2019-11-05 11:28:36,073 [grpc-default-executor-9] INFO  impl.RoleInfo (RoleInfo.java:shutdownFollowerState(121)) - 90ecfa43-dab6-49d9-b30c-40ef62bfdf2a: shutdown FollowerState
2019-11-05 11:28:36,073 [grpc-default-executor-9] INFO  impl.RoleInfo (RoleInfo.java:updateAndGet(143)) - 90ecfa43-dab6-49d9-b30c-40ef62bfdf2a: start FollowerState
2019-11-05 11:28:36,073 [Thread-1753] INFO  impl.FollowerState (FollowerState.java:run(117)) - 90ecfa43-dab6-49d9-b30c-40ef62bfdf2a@group-E95DC8E8582E-FollowerState was interrupted: java.lang.InterruptedException: sleep interrupted
2019-11-05 11:28:36,084 [687f579d-1680-4dd5-8b24-01f078298cef@group-E95DC8E8582E-LeaderElection176] INFO  impl.LeaderElection (LeaderElection.java:logAndReturn(56)) - 687f579d-1680-4dd5-8b24-01f078298cef@group-E95DC8E8582E-LeaderElection176: Election REJECTED; received 2 response(s) [687f579d-1680-4dd5-8b24-01f078298cef<-90ecfa43-dab6-49d9-b30c-40ef62bfdf2a#0:FAIL-t119, 687f579d-1680-4dd5-8b24-01f078298cef<-b8bf4e9b-064a-4520-981c-d6c40c833497#0:FAIL-t119] and 0 exception(s); 687f579d-1680-4dd5-8b24-01f078298cef@group-E95DC8E8582E:t119, leader=null, voted=687f579d-1680-4dd5-8b24-01f078298cef, raftlog=687f579d-1680-4dd5-8b24-01f078298cef@group-E95DC8E8582E-SegmentedRaftLog:OPENED:c-1,f-1,i0, conf=-1: [90ecfa43-dab6-49d9-b30c-40ef62bfdf2a:192.168.157.252:34192, 687f579d-1680-4dd5-8b24-01f078298cef:192.168.157.252:37962, b8bf4e9b-064a-4520-981c-d6c40c833497:192.168.157.252:43407], old=null
2019-11-05 11:28:36,084 [687f579d-1680-4dd5-8b24-01f078298cef@group-E95DC8E8582E-LeaderElection176] INFO  impl.RaftServerImpl (RaftServerImpl.java:setRole(184)) - 687f579d-1680-4dd5-8b24-01f078298cef@group-E95DC8E8582E: changes role from CANDIDATE to FOLLOWER at term 119 for DISCOVERED_A_NEW_TERM
2019-11-05 11:28:36,084 [687f579d-1680-4dd5-8b24-01f078298cef@group-E95DC8E8582E-LeaderElection176] INFO  impl.RoleInfo (RoleInfo.java:shutdownLeaderElection(134)) - 687f579d-1680-4dd5-8b24-01f078298cef: shutdown LeaderElection
2019-11-05 11:28:36,084 [687f579d-1680-4dd5-8b24-01f078298cef@group-E95DC8E8582E-LeaderElection176] INFO  impl.RoleInfo (RoleInfo.java:updateAndGet(143)) - 687f579d-1680-4dd5-8b24-01f078298cef: start FollowerState
2019-11-05 11:28:36,108 [Thread-1776] INFO  impl.FollowerState (FollowerState.java:run(108)) - 687f579d-1680-4dd5-8b24-01f078298cef@group-E95DC8E8582E-FollowerState: change to CANDIDATE, lastRpcTime:23ms, electionTimeout:21ms
2019-11-05 11:28:36,109 [Thread-1776] INFO  impl.RoleInfo (RoleInfo.java:shutdownFollowerState(121)) - 687f579d-1680-4dd5-8b24-01f078298cef: shutdown FollowerState
2019-11-05 11:28:36,109 [Thread-1776] INFO  impl.RaftServerImpl (RaftServerImpl.java:setRole(184)) - 687f579d-1680-4dd5-8b24-01f078298cef@group-E95DC8E8582E: changes role from  FOLLOWER to CANDIDATE at term 119 for changeToCandidate
2019-11-05 11:28:36,109 [Thread-1776] INFO  impl.RoleInfo (RoleInfo.java:updateAndGet(143)) - 687f579d-1680-4dd5-8b24-01f078298cef: start LeaderElection
2019-11-05 11:28:36,125 [687f579d-1680-4dd5-8b24-01f078298cef@group-E95DC8E8582E-LeaderElection177] INFO  impl.LeaderElection (LeaderElection.java:askForVotes(178)) - 687f579d-1680-4dd5-8b24-01f078298cef@group-E95DC8E8582E-LeaderElection177: begin an election at term 120 for -1: [90ecfa43-dab6-49d9-b30c-40ef62bfdf2a:192.168.157.252:34192, 687f579d-1680-4dd5-8b24-01f078298cef:192.168.157.252:37962, b8bf4e9b-064a-4520-981c-d6c40c833497:192.168.157.252:43407], old=null
2019-11-05 11:28:36,131 [grpc-default-executor-4] INFO  impl.RaftServerImpl (RaftServerImpl.java:setRole(184)) - 90ecfa43-dab6-49d9-b30c-40ef62bfdf2a@group-E95DC8E8582E: changes role from  FOLLOWER to FOLLOWER at term 120 for recognizeCandidate:687f579d-1680-4dd5-8b24-01f078298cef
2019-11-05 11:28:36,131 [grpc-default-executor-4] INFO  impl.RoleInfo (RoleInfo.java:shutdownFollowerState(121)) - 90ecfa43-dab6-49d9-b30c-40ef62bfdf2a: shutdown FollowerState
2019-11-05 11:28:36,141 [Thread-1775] INFO  impl.FollowerState (FollowerState.java:run(117)) - 90ecfa43-dab6-49d9-b30c-40ef62bfdf2a@group-E95DC8E8582E-FollowerState was interrupted: java.lang.InterruptedException: sleep interrupted
2019-11-05 11:28:36,141 [grpc-default-executor-4] INFO  impl.RoleInfo (RoleInfo.java:updateAndGet(143)) - 90ecfa43-dab6-49d9-b30c-40ef62bfdf2a: start FollowerState
2019-11-05 11:28:36,142 [grpc-default-executor-9] INFO  impl.RaftServerImpl (RaftServerImpl.java:setRole(184)) - b8bf4e9b-064a-4520-981c-d6c40c833497@group-E95DC8E8582E: changes role from  FOLLOWER to FOLLOWER at term 120 for recognizeCandidate:687f579d-1680-4dd5-8b24-01f078298cef
2019-11-05 11:28:36,143 [grpc-default-executor-9] INFO  impl.RoleInfo (RoleInfo.java:shutdownFollowerState(121)) - b8bf4e9b-064a-4520-981c-d6c40c833497: shutdown FollowerState
2019-11-05 11:28:36,143 [grpc-default-executor-9] INFO  impl.RoleInfo (RoleInfo.java:updateAndGet(143)) - b8bf4e9b-064a-4520-981c-d6c40c833497: start FollowerState
2019-11-05 11:28:36,143 [Thread-1774] INFO  impl.FollowerState (FollowerState.java:run(117)) - b8bf4e9b-064a-4520-981c-d6c40c833497@group-E95DC8E8582E-FollowerState was interrupted: java.lang.InterruptedException: sleep interrupted
2019-11-05 11:28:36,149 [Thread-1770] INFO  impl.FollowerState (FollowerState.java:run(108)) - f7e9932d-fd96-469a-9353-68e47138e5ff@group-21C72E9484D5-FollowerState: change to CANDIDATE, lastRpcTime:111ms, electionTimeout:111ms
2019-11-05 11:28:36,150 [Thread-1770] INFO  impl.RoleInfo (RoleInfo.java:shutdownFollowerState(121)) - f7e9932d-fd96-469a-9353-68e47138e5ff: shutdown FollowerState
2019-11-05 11:28:36,150 [Thread-1770] INFO  impl.RaftServerImpl (RaftServerImpl.java:setRole(184)) - f7e9932d-fd96-469a-9353-68e47138e5ff@group-21C72E9484D5: changes role from  FOLLOWER to CANDIDATE at term 105 for changeToCandidate
2019-11-05 11:28:36,150 [Thread-1770] INFO  impl.RoleInfo (RoleInfo.java:updateAndGet(143)) - f7e9932d-fd96-469a-9353-68e47138e5ff: start LeaderElection
2019-11-05 11:28:36,156 [f7e9932d-fd96-469a-9353-68e47138e5ff@group-21C72E9484D5-LeaderElection178] INFO  impl.LeaderElection (LeaderElection.java:askForVotes(178)) - f7e9932d-fd96-469a-9353-68e47138e5ff@group-21C72E9484D5-LeaderElection178: begin an election at term 106 for -1: [f7e9932d-fd96-469a-9353-68e47138e5ff:192.168.157.252:45025, 1eca16cc-5184-4e43-8e55-175d1516eae4:192.168.157.252:41127, 74a8fb36-eab9-4c53-b7cf-c565055de05a:192.168.157.252:42370], old=null
2019-11-05 11:28:36,158 [687f579d-1680-4dd5-8b24-01f078298cef@group-E95DC8E8582E-LeaderElection177] INFO  impl.LeaderElection (LeaderElection.java:logAndReturn(56)) - 687f579d-1680-4dd5-8b24-01f078298cef@group-E95DC8E8582E-LeaderElection177: Election REJECTED; received 2 response(s) [687f579d-1680-4dd5-8b24-01f078298cef<-90ecfa43-dab6-49d9-b30c-40ef62bfdf2a#0:FAIL-t120, 687f579d-1680-4dd5-8b24-01f078298cef<-b8bf4e9b-064a-4520-981c-d6c40c833497#0:FAIL-t120] and 0 exception(s); 687f579d-1680-4dd5-8b24-01f078298cef@group-E95DC8E8582E:t120, leader=null, voted=687f579d-1680-4dd5-8b24-01f078298cef, raftlog=687f579d-1680-4dd5-8b24-01f078298cef@group-E95DC8E8582E-SegmentedRaftLog:OPENED:c-1,f-1,i0, conf=-1: [90ecfa43-dab6-49d9-b30c-40ef62bfdf2a:192.168.157.252:34192, 687f579d-1680-4dd5-8b24-01f078298cef:192.168.157.252:37962, b8bf4e9b-064a-4520-981c-d6c40c833497:192.168.157.252:43407], old=null
2019-11-05 11:28:36,158 [687f579d-1680-4dd5-8b24-01f078298cef@group-E95DC8E8582E-LeaderElection177] INFO  impl.RaftServerImpl (RaftServerImpl.java:setRole(184)) - 687f579d-1680-4dd5-8b24-01f078298cef@group-E95DC8E8582E: changes role from CANDIDATE to FOLLOWER at term 120 for DISCOVERED_A_NEW_TERM
2019-11-05 11:28:36,158 [687f579d-1680-4dd5-8b24-01f078298cef@group-E95DC8E8582E-LeaderElection177] INFO  impl.RoleInfo (RoleInfo.java:shutdownLeaderElection(134)) - 687f579d-1680-4dd5-8b24-01f078298cef: shutdown LeaderElection
2019-11-05 11:28:36,158 [687f579d-1680-4dd5-8b24-01f078298cef@group-E95DC8E8582E-LeaderElection177] INFO  impl.RoleInfo (RoleInfo.java:updateAndGet(143)) - 687f579d-1680-4dd5-8b24-01f078298cef: start FollowerState
2019-11-05 11:28:36,158 [grpc-default-executor-9] INFO  impl.RaftServerImpl (RaftServerImpl.java:setRole(184)) - 1eca16cc-5184-4e43-8e55-175d1516eae4@group-21C72E9484D5: changes role from  FOLLOWER to FOLLOWER at term 106 for recognizeCandidate:f7e9932d-fd96-469a-9353-68e47138e5ff
2019-11-05 11:28:36,158 [grpc-default-executor-9] INFO  impl.RoleInfo (RoleInfo.java:shutdownFollowerState(121)) - 1eca16cc-5184-4e43-8e55-175d1516eae4: shutdown FollowerState
2019-11-05 11:28:36,158 [grpc-default-executor-4] INFO  impl.RaftServerImpl (RaftServerImpl.java:setRole(184)) - 74a8fb36-eab9-4c53-b7cf-c565055de05a@group-21C72E9484D5: changes role from  FOLLOWER to FOLLOWER at term 106 for recognizeCandidate:f7e9932d-fd96-469a-9353-68e47138e5ff
2019-11-05 11:28:36,158 [Thread-1769] INFO  impl.FollowerState (FollowerState.java:run(117)) - 1eca16cc-5184-4e43-8e55-175d1516eae4@group-21C72E9484D5-FollowerState was interrupted: java.lang.InterruptedException: sleep interrupted
2019-11-05 11:28:36,158 [grpc-default-executor-9] INFO  impl.RoleInfo (RoleInfo.java:updateAndGet(143)) - 1eca16cc-5184-4e43-8e55-175d1516eae4: start FollowerState
2019-11-05 11:28:36,158 [grpc-default-executor-4] INFO  impl.RoleInfo (RoleInfo.java:shutdownFollowerState(121)) - 74a8fb36-eab9-4c53-b7cf-c565055de05a: shutdown FollowerState
2019-11-05 11:28:36,159 [grpc-default-executor-4] INFO  impl.RoleInfo (RoleInfo.java:updateAndGet(143)) - 74a8fb36-eab9-4c53-b7cf-c565055de05a: start FollowerState
2019-11-05 11:28:36,159 [Thread-1768] INFO  impl.FollowerState (FollowerState.java:run(117)) - 74a8fb36-eab9-4c53-b7cf-c565055de05a@group-21C72E9484D5-FollowerState was interrupted: java.lang.InterruptedException: sleep interrupted
2019-11-05 11:28:36,181 [f7e9932d-fd96-469a-9353-68e47138e5ff@group-21C72E9484D5-LeaderElection178] INFO  impl.LeaderElection (LeaderElection.java:logAndReturn(56)) - f7e9932d-fd96-469a-9353-68e47138e5ff@group-21C72E9484D5-LeaderElection178: Election REJECTED; received 2 response(s) [f7e9932d-fd96-469a-9353-68e47138e5ff<-1eca16cc-5184-4e43-8e55-175d1516eae4#0:FAIL-t106, f7e9932d-fd96-469a-9353-68e47138e5ff<-74a8fb36-eab9-4c53-b7cf-c565055de05a#0:FAIL-t106] and 0 exception(s); f7e9932d-fd96-469a-9353-68e47138e5ff@group-21C72E9484D5:t106, leader=null, voted=f7e9932d-fd96-469a-9353-68e47138e5ff, raftlog=f7e9932d-fd96-469a-9353-68e47138e5ff@group-21C72E9484D5-SegmentedRaftLog:OPENED:c-1,f-1,i0, conf=-1: [f7e9932d-fd96-469a-9353-68e47138e5ff:192.168.157.252:45025, 1eca16cc-5184-4e43-8e55-175d1516eae4:192.168.157.252:41127, 74a8fb36-eab9-4c53-b7cf-c565055de05a:192.168.157.252:42370], old=null
2019-11-05 11:28:36,182 [f7e9932d-fd96-469a-9353-68e47138e5ff@group-21C72E9484D5-LeaderElection178] INFO  impl.RaftServerImpl (RaftServerImpl.java:setRole(184)) - f7e9932d-fd96-469a-9353-68e47138e5ff@group-21C72E9484D5: changes role from CANDIDATE to FOLLOWER at term 106 for DISCOVERED_A_NEW_TERM
2019-11-05 11:28:36,182 [f7e9932d-fd96-469a-9353-68e47138e5ff@group-21C72E9484D5-LeaderElection178] INFO  impl.RoleInfo (RoleInfo.java:shutdownLeaderElection(134)) - f7e9932d-fd96-469a-9353-68e47138e5ff: shutdown LeaderElection
2019-11-05 11:28:36,182 [f7e9932d-fd96-469a-9353-68e47138e5ff@group-21C72E9484D5-LeaderElection178] INFO  impl.RoleInfo (RoleInfo.java:updateAndGet(143)) - f7e9932d-fd96-469a-9353-68e47138e5ff: start FollowerState
2019-11-05 11:28:36,295 [Thread-1788] INFO  impl.FollowerState (FollowerState.java:run(108)) - f7e9932d-fd96-469a-9353-68e47138e5ff@group-21C72E9484D5-FollowerState: change to CANDIDATE, lastRpcTime:112ms, electionTimeout:112ms
2019-11-05 11:28:36,295 [Thread-1788] INFO  impl.RoleInfo (RoleInfo.java:shutdownFollowerState(121)) - f7e9932d-fd96-469a-9353-68e47138e5ff: shutdown FollowerState
2019-11-05 11:28:36,295 [Thread-1788] INFO  impl.RaftServerImpl (RaftServerImpl.java:setRole(184)) - f7e9932d-fd96-469a-9353-68e47138e5ff@group-21C72E9484D5: changes role from  FOLLOWER to CANDIDATE at term 106 for changeToCandidate
2019-11-05 11:28:36,295 [Thread-1788] INFO  impl.RoleInfo (RoleInfo.java:updateAndGet(143)) - f7e9932d-fd96-469a-9353-68e47138e5ff: start LeaderElection
2019-11-05 11:28:36,296 [Thread-1785] INFO  impl.FollowerState (FollowerState.java:run(108)) - 687f579d-1680-4dd5-8b24-01f078298cef@group-E95DC8E8582E-FollowerState: change to CANDIDATE, lastRpcTime:138ms, electionTimeout:138ms
2019-11-05 11:28:36,296 [Thread-1785] INFO  impl.RoleInfo (RoleInfo.java:shutdownFollowerState(121)) - 687f579d-1680-4dd5-8b24-01f078298cef: shutdown FollowerState
2019-11-05 11:28:36,297 [Thread-1785] INFO  impl.RaftServerImpl (RaftServerImpl.java:setRole(184)) - 687f579d-1680-4dd5-8b24-01f078298cef@group-E95DC8E8582E: changes role from  FOLLOWER to CANDIDATE at term 120 for changeToCandidate
2019-11-05 11:28:36,297 [Thread-1785] INFO  impl.RoleInfo (RoleInfo.java:updateAndGet(143)) - 687f579d-1680-4dd5-8b24-01f078298cef: start LeaderElection
2019-11-05 11:28:36,310 [f7e9932d-fd96-469a-9353-68e47138e5ff@group-21C72E9484D5-LeaderElection179] INFO  impl.LeaderElection (LeaderElection.java:askForVotes(178)) - f7e9932d-fd96-469a-9353-68e47138e5ff@group-21C72E9484D5-LeaderElection179: begin an election at term 107 for -1: [f7e9932d-fd96-469a-9353-68e47138e5ff:192.168.157.252:45025, 1eca16cc-5184-4e43-8e55-175d1516eae4:192.168.157.252:41127, 74a8fb36-eab9-4c53-b7cf-c565055de05a:192.168.157.252:42370], old=null
2019-11-05 11:28:36,312 [grpc-default-executor-9] INFO  impl.RaftServerImpl (RaftServerImpl.java:setRole(184)) - 1eca16cc-5184-4e43-8e55-175d1516eae4@group-21C72E9484D5: changes role from  FOLLOWER to FOLLOWER at term 107 for recognizeCandidate:f7e9932d-fd96-469a-9353-68e47138e5ff
2019-11-05 11:28:36,312 [grpc-default-executor-9] INFO  impl.RoleInfo (RoleInfo.java:shutdownFollowerState(121)) - 1eca16cc-5184-4e43-8e55-175d1516eae4: shutdown FollowerState
2019-11-05 11:28:36,312 [grpc-default-executor-4] INFO  impl.RaftServerImpl (RaftServerImpl.java:setRole(184)) - 74a8fb36-eab9-4c53-b7cf-c565055de05a@group-21C72E9484D5: changes role from  FOLLOWER to FOLLOWER at term 107 for recognizeCandidate:f7e9932d-fd96-469a-9353-68e47138e5ff
2019-11-05 11:28:36,312 [Thread-1786] INFO  impl.FollowerState (FollowerState.java:run(117)) - 1eca16cc-5184-4e43-8e55-175d1516eae4@group-21C72E9484D5-FollowerState was interrupted: java.lang.InterruptedException: sleep interrupted
2019-11-05 11:28:36,312 [grpc-default-executor-9] INFO  impl.RoleInfo (RoleInfo.java:updateAndGet(143)) - 1eca16cc-5184-4e43-8e55-175d1516eae4: start FollowerState
2019-11-05 11:28:36,312 [grpc-default-executor-4] INFO  impl.RoleInfo (RoleInfo.java:shutdownFollowerState(121)) - 74a8fb36-eab9-4c53-b7cf-c565055de05a: shutdown FollowerState
2019-11-05 11:28:36,313 [grpc-default-executor-4] INFO  impl.RoleInfo (RoleInfo.java:updateAndGet(143)) - 74a8fb36-eab9-4c53-b7cf-c565055de05a: start FollowerState
2019-11-05 11:28:36,313 [Thread-1787] INFO  impl.FollowerState (FollowerState.java:run(117)) - 74a8fb36-eab9-4c53-b7cf-c565055de05a@group-21C72E9484D5-FollowerState was interrupted: java.lang.InterruptedException: sleep interrupted
2019-11-05 11:28:36,318 [f7e9932d-fd96-469a-9353-68e47138e5ff@group-21C72E9484D5-LeaderElection179] INFO  impl.LeaderElection (LeaderElection.java:logAndReturn(56)) - f7e9932d-fd96-469a-9353-68e47138e5ff@group-21C72E9484D5-LeaderElection179: Election REJECTED; received 2 response(s) [f7e9932d-fd96-469a-9353-68e47138e5ff<-1eca16cc-5184-4e43-8e55-175d1516eae4#0:FAIL-t107, f7e9932d-fd96-469a-9353-68e47138e5ff<-74a8fb36-eab9-4c53-b7cf-c565055de05a#0:FAIL-t107] and 0 exception(s); f7e9932d-fd96-469a-9353-68e47138e5ff@group-21C72E9484D5:t107, leader=null, voted=f7e9932d-fd96-469a-9353-68e47138e5ff, raftlog=f7e9932d-fd96-469a-9353-68e47138e5ff@group-21C72E9484D5-SegmentedRaftLog:OPENED:c-1,f-1,i0, conf=-1: [f7e9932d-fd96-469a-9353-68e47138e5ff:192.168.157.252:45025, 1eca16cc-5184-4e43-8e55-175d1516eae4:192.168.157.252:41127, 74a8fb36-eab9-4c53-b7cf-c565055de05a:192.168.157.252:42370], old=null
2019-11-05 11:28:36,318 [f7e9932d-fd96-469a-9353-68e47138e5ff@group-21C72E9484D5-LeaderElection179] INFO  impl.RaftServerImpl (RaftServerImpl.java:setRole(184)) - f7e9932d-fd96-469a-9353-68e47138e5ff@group-21C72E9484D5: changes role from CANDIDATE to FOLLOWER at term 107 for DISCOVERED_A_NEW_TERM
2019-11-05 11:28:36,319 [f7e9932d-fd96-469a-9353-68e47138e5ff@group-21C72E9484D5-LeaderElection179] INFO  impl.RoleInfo (RoleInfo.java:shutdownLeaderElection(134)) - f7e9932d-fd96-469a-9353-68e47138e5ff: shutdown LeaderElection
2019-11-05 11:28:36,319 [f7e9932d-fd96-469a-9353-68e47138e5ff@group-21C72E9484D5-LeaderElection179] INFO  impl.RoleInfo (RoleInfo.java:updateAndGet(143)) - f7e9932d-fd96-469a-9353-68e47138e5ff: start FollowerState
2019-11-05 11:28:36,320 [687f579d-1680-4dd5-8b24-01f078298cef@group-E95DC8E8582E-LeaderElection180] INFO  impl.LeaderElection (LeaderElection.java:askForVotes(178)) - 687f579d-1680-4dd5-8b24-01f078298cef@group-E95DC8E8582E-LeaderElection180: begin an election at term 121 for -1: [90ecfa43-dab6-49d9-b30c-40ef62bfdf2a:192.168.157.252:34192, 687f579d-1680-4dd5-8b24-01f078298cef:192.168.157.252:37962, b8bf4e9b-064a-4520-981c-d6c40c833497:192.168.157.252:43407], old=null
2019-11-05 11:28:36,322 [grpc-default-executor-4] INFO  impl.RaftServerImpl (RaftServerImpl.java:setRole(184)) - 90ecfa43-dab6-49d9-b30c-40ef62bfdf2a@group-E95DC8E8582E: changes role from  FOLLOWER to FOLLOWER at term 121 for recognizeCandidate:687f579d-1680-4dd5-8b24-01f078298cef
2019-11-05 11:28:36,322 [grpc-default-executor-4] INFO  impl.RoleInfo (RoleInfo.java:shutdownFollowerState(121)) - 90ecfa43-dab6-49d9-b30c-40ef62bfdf2a: shutdown FollowerState
2019-11-05 11:28:36,322 [grpc-default-executor-4] INFO  impl.RoleInfo (RoleInfo.java:updateAndGet(143)) - 90ecfa43-dab6-49d9-b30c-40ef62bfdf2a: start FollowerState
2019-11-05 11:28:36,323 [Thread-1780] INFO  impl.FollowerState (FollowerState.java:run(117)) - 90ecfa43-dab6-49d9-b30c-40ef62bfdf2a@group-E95DC8E8582E-FollowerState was interrupted: java.lang.InterruptedException: sleep interrupted
2019-11-05 11:28:36,324 [grpc-default-executor-9] INFO  impl.RaftServerImpl (RaftServerImpl.java:setRole(184)) - b8bf4e9b-064a-4520-981c-d6c40c833497@group-E95DC8E8582E: changes role from  FOLLOWER to FOLLOWER at term 121 for recognizeCandidate:687f579d-1680-4dd5-8b24-01f078298cef
2019-11-05 11:28:36,324 [grpc-default-executor-9] INFO  impl.RoleInfo (RoleInfo.java:shutdownFollowerState(121)) - b8bf4e9b-064a-4520-981c-d6c40c833497: shutdown FollowerState
2019-11-05 11:28:36,332 [grpc-default-executor-9] INFO  impl.RoleInfo (RoleInfo.java:updateAndGet(143)) - b8bf4e9b-064a-4520-981c-d6c40c833497: start FollowerState
2019-11-05 11:28:36,333 [Thread-1781] INFO  impl.FollowerState (FollowerState.java:run(117)) - b8bf4e9b-064a-4520-981c-d6c40c833497@group-E95DC8E8582E-FollowerState was interrupted: java.lang.InterruptedException: sleep interrupted
2019-11-05 11:28:36,341 [687f579d-1680-4dd5-8b24-01f078298cef@group-E95DC8E8582E-LeaderElection180] INFO  impl.LeaderElection (LeaderElection.java:logAndReturn(56)) - 687f579d-1680-4dd5-8b24-01f078298cef@group-E95DC8E8582E-LeaderElection180: Election REJECTED; received 2 response(s) [687f579d-1680-4dd5-8b24-01f078298cef<-90ecfa43-dab6-49d9-b30c-40ef62bfdf2a#0:FAIL-t121, 687f579d-1680-4dd5-8b24-01f078298cef<-b8bf4e9b-064a-4520-981c-d6c40c833497#0:FAIL-t121] and 0 exception(s); 687f579d-1680-4dd5-8b24-01f078298cef@group-E95DC8E8582E:t121, leader=null, voted=687f579d-1680-4dd5-8b24-01f078298cef, raftlog=687f579d-1680-4dd5-8b24-01f078298cef@group-E95DC8E8582E-SegmentedRaftLog:OPENED:c-1,f-1,i0, conf=-1: [90ecfa43-dab6-49d9-b30c-40ef62bfdf2a:192.168.157.252:34192, 687f579d-1680-4dd5-8b24-01f078298cef:192.168.157.252:37962, b8bf4e9b-064a-4520-981c-d6c40c833497:192.168.157.252:43407], old=null
2019-11-05 11:28:36,341 [687f579d-1680-4dd5-8b24-01f078298cef@group-E95DC8E8582E-LeaderElection180] INFO  impl.RaftServerImpl (RaftServerImpl.java:setRole(184)) - 687f579d-1680-4dd5-8b24-01f078298cef@group-E95DC8E8582E: changes role from CANDIDATE to FOLLOWER at term 121 for DISCOVERED_A_NEW_TERM
2019-11-05 11:28:36,342 [687f579d-1680-4dd5-8b24-01f078298cef@group-E95DC8E8582E-LeaderElection180] INFO  impl.RoleInfo (RoleInfo.java:shutdownLeaderElection(134)) - 687f579d-1680-4dd5-8b24-01f078298cef: shutdown LeaderElection
2019-11-05 11:28:36,342 [687f579d-1680-4dd5-8b24-01f078298cef@group-E95DC8E8582E-LeaderElection180] INFO  impl.RoleInfo (RoleInfo.java:updateAndGet(143)) - 687f579d-1680-4dd5-8b24-01f078298cef: start FollowerState
2019-11-05 11:28:36,499 [Thread-1797] INFO  impl.FollowerState (FollowerState.java:run(108)) - f7e9932d-fd96-469a-9353-68e47138e5ff@group-21C72E9484D5-FollowerState: change to CANDIDATE, lastRpcTime:180ms, electionTimeout:180ms
2019-11-05 11:28:36,499 [Thread-1797] INFO  impl.RoleInfo (RoleInfo.java:shutdownFollowerState(121)) - f7e9932d-fd96-469a-9353-68e47138e5ff: shutdown FollowerState
2019-11-05 11:28:36,500 [Thread-1797] INFO  impl.RaftServerImpl (RaftServerImpl.java:setRole(184)) - f7e9932d-fd96-469a-9353-68e47138e5ff@group-21C72E9484D5: changes role from  FOLLOWER to CANDIDATE at term 107 for changeToCandidate
2019-11-05 11:28:36,500 [Thread-1797] INFO  impl.RoleInfo (RoleInfo.java:updateAndGet(143)) - f7e9932d-fd96-469a-9353-68e47138e5ff: start LeaderElection
2019-11-05 11:28:36,514 [f7e9932d-fd96-469a-9353-68e47138e5ff@group-21C72E9484D5-LeaderElection181] INFO  impl.LeaderElection (LeaderElection.java:askForVotes(178)) - f7e9932d-fd96-469a-9353-68e47138e5ff@group-21C72E9484D5-LeaderElection181: begin an election at term 108 for -1: [f7e9932d-fd96-469a-9353-68e47138e5ff:192.168.157.252:45025, 1eca16cc-5184-4e43-8e55-175d1516eae4:192.168.157.252:41127, 74a8fb36-eab9-4c53-b7cf-c565055de05a:192.168.157.252:42370], old=null
2019-11-05 11:28:36,517 [grpc-default-executor-9] INFO  impl.RaftServerImpl (RaftServerImpl.java:setRole(184)) - 1eca16cc-5184-4e43-8e55-175d1516eae4@group-21C72E9484D5: changes role from  FOLLOWER to FOLLOWER at term 108 for recognizeCandidate:f7e9932d-fd96-469a-9353-68e47138e5ff
2019-11-05 11:28:36,517 [grpc-default-executor-9] INFO  impl.RoleInfo (RoleInfo.java:shutdownFollowerState(121)) - 1eca16cc-5184-4e43-8e55-175d1516eae4: shutdown FollowerState
2019-11-05 11:28:36,517 [Thread-1795] INFO  impl.FollowerState (FollowerState.java:run(117)) - 1eca16cc-5184-4e43-8e55-175d1516eae4@group-21C72E9484D5-FollowerState was interrupted: java.lang.InterruptedException: sleep interrupted
2019-11-05 11:28:36,518 [grpc-default-executor-9] INFO  impl.RoleInfo (RoleInfo.java:updateAndGet(143)) - 1eca16cc-5184-4e43-8e55-175d1516eae4: start FollowerState
2019-11-05 11:28:36,526 [grpc-default-executor-4] INFO  impl.RaftServerImpl (RaftServerImpl.java:setRole(184)) - 74a8fb36-eab9-4c53-b7cf-c565055de05a@group-21C72E9484D5: changes role from  FOLLOWER to FOLLOWER at term 108 for recognizeCandidate:f7e9932d-fd96-469a-9353-68e47138e5ff
2019-11-05 11:28:36,527 [grpc-default-executor-4] INFO  impl.RoleInfo (RoleInfo.java:shutdownFollowerState(121)) - 74a8fb36-eab9-4c53-b7cf-c565055de05a: shutdown FollowerState
2019-11-05 11:28:36,527 [grpc-default-executor-4] INFO  impl.RoleInfo (RoleInfo.java:updateAndGet(143)) - 74a8fb36-eab9-4c53-b7cf-c565055de05a: start FollowerState
2019-11-05 11:28:36,532 [Thread-1802] INFO  impl.FollowerState (FollowerState.java:run(108)) - 687f579d-1680-4dd5-8b24-01f078298cef@group-E95DC8E8582E-FollowerState: change to CANDIDATE, lastRpcTime:190ms, electionTimeout:178ms
2019-11-05 11:28:36,532 [Thread-1802] INFO  impl.RoleInfo (RoleInfo.java:shutdownFollowerState(121)) - 687f579d-1680-4dd5-8b24-01f078298cef: shutdown FollowerState
2019-11-05 11:28:36,532 [Thread-1802] INFO  impl.RaftServerImpl (RaftServerImpl.java:setRole(184)) - 687f579d-1680-4dd5-8b24-01f078298cef@group-E95DC8E8582E: changes role from  FOLLOWER to CANDIDATE at term 121 for changeToCandidate
2019-11-05 11:28:36,532 [Thread-1796] INFO  impl.FollowerState (FollowerState.java:run(117)) - 74a8fb36-eab9-4c53-b7cf-c565055de05a@group-21C72E9484D5-FollowerState was interrupted: java.lang.InterruptedException: sleep interrupted
2019-11-05 11:28:36,532 [Thread-1802] INFO  impl.RoleInfo (RoleInfo.java:updateAndGet(143)) - 687f579d-1680-4dd5-8b24-01f078298cef: start LeaderElection
2019-11-05 11:28:36,546 [f7e9932d-fd96-469a-9353-68e47138e5ff@group-21C72E9484D5-LeaderElection181] INFO  impl.LeaderElection (LeaderElection.java:logAndReturn(56)) - f7e9932d-fd96-469a-9353-68e47138e5ff@group-21C72E9484D5-LeaderElection181: Election REJECTED; received 2 response(s) [f7e9932d-fd96-469a-9353-68e47138e5ff<-1eca16cc-5184-4e43-8e55-175d1516eae4#0:FAIL-t108, f7e9932d-fd96-469a-9353-68e47138e5ff<-74a8fb36-eab9-4c53-b7cf-c565055de05a#0:FAIL-t108] and 0 exception(s); f7e9932d-fd96-469a-9353-68e47138e5ff@group-21C72E9484D5:t108, leader=null, voted=f7e9932d-fd96-469a-9353-68e47138e5ff, raftlog=f7e9932d-fd96-469a-9353-68e47138e5ff@group-21C72E9484D5-SegmentedRaftLog:OPENED:c-1,f-1,i0, conf=-1: [f7e9932d-fd96-469a-9353-68e47138e5ff:192.168.157.252:45025, 1eca16cc-5184-4e43-8e55-175d1516eae4:192.168.157.252:41127, 74a8fb36-eab9-4c53-b7cf-c565055de05a:192.168.157.252:42370], old=null
2019-11-05 11:28:36,546 [f7e9932d-fd96-469a-9353-68e47138e5ff@group-21C72E9484D5-LeaderElection181] INFO  impl.RaftServerImpl (RaftServerImpl.java:setRole(184)) - f7e9932d-fd96-469a-9353-68e47138e5ff@group-21C72E9484D5: changes role from CANDIDATE to FOLLOWER at term 108 for DISCOVERED_A_NEW_TERM
2019-11-05 11:28:36,546 [f7e9932d-fd96-469a-9353-68e47138e5ff@group-21C72E9484D5-LeaderElection181] INFO  impl.RoleInfo (RoleInfo.java:shutdownLeaderElection(134)) - f7e9932d-fd96-469a-9353-68e47138e5ff: shutdown LeaderElection
2019-11-05 11:28:36,547 [f7e9932d-fd96-469a-9353-68e47138e5ff@group-21C72E9484D5-LeaderElection181] INFO  impl.RoleInfo (RoleInfo.java:updateAndGet(143)) - f7e9932d-fd96-469a-9353-68e47138e5ff: start FollowerState
2019-11-05 11:28:36,556 [687f579d-1680-4dd5-8b24-01f078298cef@group-E95DC8E8582E-LeaderElection182] INFO  impl.LeaderElection (LeaderElection.java:askForVotes(178)) - 687f579d-1680-4dd5-8b24-01f078298cef@group-E95DC8E8582E-LeaderElection182: begin an election at term 122 for -1: [90ecfa43-dab6-49d9-b30c-40ef62bfdf2a:192.168.157.252:34192, 687f579d-1680-4dd5-8b24-01f078298cef:192.168.157.252:37962, b8bf4e9b-064a-4520-981c-d6c40c833497:192.168.157.252:43407], old=null
2019-11-05 11:28:36,559 [grpc-default-executor-9] INFO  impl.RaftServerImpl (RaftServerImpl.java:setRole(184)) - 90ecfa43-dab6-49d9-b30c-40ef62bfdf2a@group-E95DC8E8582E: changes role from  FOLLOWER to FOLLOWER at term 122 for recognizeCandidate:687f579d-1680-4dd5-8b24-01f078298cef
2019-11-05 11:28:36,559 [grpc-default-executor-9] INFO  impl.RoleInfo (RoleInfo.java:shutdownFollowerState(121)) - 90ecfa43-dab6-49d9-b30c-40ef62bfdf2a: shutdown FollowerState
2019-11-05 11:28:36,560 [grpc-default-executor-9] INFO  impl.RoleInfo (RoleInfo.java:updateAndGet(143)) - 90ecfa43-dab6-49d9-b30c-40ef62bfdf2a: start FollowerState
2019-11-05 11:28:36,562 [grpc-default-executor-4] INFO  impl.RaftServerImpl (RaftServerImpl.java:setRole(184)) - b8bf4e9b-064a-4520-981c-d6c40c833497@group-E95DC8E8582E: changes role from  FOLLOWER to FOLLOWER at term 122 for recognizeCandidate:687f579d-1680-4dd5-8b24-01f078298cef
2019-11-05 11:28:36,562 [grpc-default-executor-4] INFO  impl.RoleInfo (RoleInfo.java:shutdownFollowerState(121)) - b8bf4e9b-064a-4520-981c-d6c40c833497: shutdown FollowerState
2019-11-05 11:28:36,563 [Thread-1800] INFO  impl.FollowerState (FollowerState.java:run(117)) - 90ecfa43-dab6-49d9-b30c-40ef62bfdf2a@group-E95DC8E8582E-FollowerState was interrupted: java.lang.InterruptedException: sleep interrupted
2019-11-05 11:28:36,565 [grpc-default-executor-4] INFO  impl.RoleInfo (RoleInfo.java:updateAndGet(143)) - b8bf4e9b-064a-4520-981c-d6c40c833497: start FollowerState
2019-11-05 11:28:36,565 [Thread-1801] INFO  impl.FollowerState (FollowerState.java:run(117)) - b8bf4e9b-064a-4520-981c-d6c40c833497@group-E95DC8E8582E-FollowerState was interrupted: java.lang.InterruptedException: sleep interrupted
2019-11-05 11:28:36,595 [687f579d-1680-4dd5-8b24-01f078298cef@group-E95DC8E8582E-LeaderElection182] INFO  impl.LeaderElection (LeaderElection.java:logAndReturn(56)) - 687f579d-1680-4dd5-8b24-01f078298cef@group-E95DC8E8582E-LeaderElection182: Election REJECTED; received 2 response(s) [687f579d-1680-4dd5-8b24-01f078298cef<-90ecfa43-dab6-49d9-b30c-40ef62bfdf2a#0:FAIL-t122, 687f579d-1680-4dd5-8b24-01f078298cef<-b8bf4e9b-064a-4520-981c-d6c40c833497#0:FAIL-t122] and 0 exception(s); 687f579d-1680-4dd5-8b24-01f078298cef@group-E95DC8E8582E:t122, leader=null, voted=687f579d-1680-4dd5-8b24-01f078298cef, raftlog=687f579d-1680-4dd5-8b24-01f078298cef@group-E95DC8E8582E-SegmentedRaftLog:OPENED:c-1,f-1,i0, conf=-1: [90ecfa43-dab6-49d9-b30c-40ef62bfdf2a:192.168.157.252:34192, 687f579d-1680-4dd5-8b24-01f078298cef:192.168.157.252:37962, b8bf4e9b-064a-4520-981c-d6c40c833497:192.168.157.252:43407], old=null
2019-11-05 11:28:36,595 [687f579d-1680-4dd5-8b24-01f078298cef@group-E95DC8E8582E-LeaderElection182] INFO  impl.RaftServerImpl (RaftServerImpl.java:setRole(184)) - 687f579d-1680-4dd5-8b24-01f078298cef@group-E95DC8E8582E: changes role from CANDIDATE to FOLLOWER at term 122 for DISCOVERED_A_NEW_TERM
2019-11-05 11:28:36,595 [687f579d-1680-4dd5-8b24-01f078298cef@group-E95DC8E8582E-LeaderElection182] INFO  impl.RoleInfo (RoleInfo.java:shutdownLeaderElection(134)) - 687f579d-1680-4dd5-8b24-01f078298cef: shutdown LeaderElection
2019-11-05 11:28:36,596 [687f579d-1680-4dd5-8b24-01f078298cef@group-E95DC8E8582E-LeaderElection182] INFO  impl.RoleInfo (RoleInfo.java:updateAndGet(143)) - 687f579d-1680-4dd5-8b24-01f078298cef: start FollowerState
2019-11-05 11:28:36,597 [Thread-1809] INFO  impl.FollowerState (FollowerState.java:run(108)) - f7e9932d-fd96-469a-9353-68e47138e5ff@group-21C72E9484D5-FollowerState: change to CANDIDATE, lastRpcTime:50ms, electionTimeout:47ms
2019-11-05 11:28:36,597 [Thread-1809] INFO  impl.RoleInfo (RoleInfo.java:shutdownFollowerState(121)) - f7e9932d-fd96-469a-9353-68e47138e5ff: shutdown FollowerState
2019-11-05 11:28:36,597 [Thread-1809] INFO  impl.RaftServerImpl (RaftServerImpl.java:setRole(184)) - f7e9932d-fd96-469a-9353-68e47138e5ff@group-21C72E9484D5: changes role from  FOLLOWER to CANDIDATE at term 108 for changeToCandidate
2019-11-05 11:28:36,597 [Thread-1809] INFO  impl.RoleInfo (RoleInfo.java:updateAndGet(143)) - f7e9932d-fd96-469a-9353-68e47138e5ff: start LeaderElection
2019-11-05 11:28:36,632 [f7e9932d-fd96-469a-9353-68e47138e5ff@group-21C72E9484D5-LeaderElection183] INFO  impl.LeaderElection (LeaderElection.java:askForVotes(178)) - f7e9932d-fd96-469a-9353-68e47138e5ff@group-21C72E9484D5-LeaderElection183: begin an election at term 109 for -1: [f7e9932d-fd96-469a-9353-68e47138e5ff:192.168.157.252:45025, 1eca16cc-5184-4e43-8e55-175d1516eae4:192.168.157.252:41127, 74a8fb36-eab9-4c53-b7cf-c565055de05a:192.168.157.252:42370], old=null
2019-11-05 11:28:36,635 [grpc-default-executor-4] INFO  impl.RaftServerImpl (RaftServerImpl.java:setRole(184)) - 1eca16cc-5184-4e43-8e55-175d1516eae4@group-21C72E9484D5: changes role from  FOLLOWER to FOLLOWER at term 109 for recognizeCandidate:f7e9932d-fd96-469a-9353-68e47138e5ff
2019-11-05 11:28:36,635 [grpc-default-executor-4] INFO  impl.RoleInfo (RoleInfo.java:shutdownFollowerState(121)) - 1eca16cc-5184-4e43-8e55-175d1516eae4: shutdown FollowerState
2019-11-05 11:28:36,636 [grpc-default-executor-4] INFO  impl.RoleInfo (RoleInfo.java:updateAndGet(143)) - 1eca16cc-5184-4e43-8e55-175d1516eae4: start FollowerState
2019-11-05 11:28:36,636 [Thread-1806] INFO  impl.FollowerState (FollowerState.java:run(117)) - 1eca16cc-5184-4e43-8e55-175d1516eae4@group-21C72E9484D5-FollowerState was interrupted: java.lang.InterruptedException: sleep interrupted
2019-11-05 11:28:36,651 [grpc-default-executor-9] INFO  impl.RaftServerImpl (RaftServerImpl.java:setRole(184)) - 74a8fb36-eab9-4c53-b7cf-c565055de05a@group-21C72E9484D5: changes role from  FOLLOWER to FOLLOWER at term 109 for recognizeCandidate:f7e9932d-fd96-469a-9353-68e47138e5ff
2019-11-05 11:28:36,651 [grpc-default-executor-9] INFO  impl.RoleInfo (RoleInfo.java:shutdownFollowerState(121)) - 74a8fb36-eab9-4c53-b7cf-c565055de05a: shutdown FollowerState
2019-11-05 11:28:36,651 [grpc-default-executor-9] INFO  impl.RoleInfo (RoleInfo.java:updateAndGet(143)) - 74a8fb36-eab9-4c53-b7cf-c565055de05a: start FollowerState
2019-11-05 11:28:36,651 [Thread-1807] INFO  impl.FollowerState (FollowerState.java:run(117)) - 74a8fb36-eab9-4c53-b7cf-c565055de05a@group-21C72E9484D5-FollowerState was interrupted: java.lang.InterruptedException: sleep interrupted
2019-11-05 11:28:36,696 [f7e9932d-fd96-469a-9353-68e47138e5ff@group-21C72E9484D5-LeaderElection183] INFO  impl.LeaderElection (LeaderElection.java:logAndReturn(56)) - f7e9932d-fd96-469a-9353-68e47138e5ff@group-21C72E9484D5-LeaderElection183: Election REJECTED; received 2 response(s) [f7e9932d-fd96-469a-9353-68e47138e5ff<-1eca16cc-5184-4e43-8e55-175d1516eae4#0:FAIL-t109, f7e9932d-fd96-469a-9353-68e47138e5ff<-74a8fb36-eab9-4c53-b7cf-c565055de05a#0:FAIL-t109] and 0 exception(s); f7e9932d-fd96-469a-9353-68e47138e5ff@group-21C72E9484D5:t109, leader=null, voted=f7e9932d-fd96-469a-9353-68e47138e5ff, raftlog=f7e9932d-fd96-469a-9353-68e47138e5ff@group-21C72E9484D5-SegmentedRaftLog:OPENED:c-1,f-1,i0, conf=-1: [f7e9932d-fd96-469a-9353-68e47138e5ff:192.168.157.252:45025, 1eca16cc-5184-4e43-8e55-175d1516eae4:192.168.157.252:41127, 74a8fb36-eab9-4c53-b7cf-c565055de05a:192.168.157.252:42370], old=null
2019-11-05 11:28:36,696 [f7e9932d-fd96-469a-9353-68e47138e5ff@group-21C72E9484D5-LeaderElection183] INFO  impl.RaftServerImpl (RaftServerImpl.java:setRole(184)) - f7e9932d-fd96-469a-9353-68e47138e5ff@group-21C72E9484D5: changes role from CANDIDATE to FOLLOWER at term 109 for DISCOVERED_A_NEW_TERM
2019-11-05 11:28:36,696 [f7e9932d-fd96-469a-9353-68e47138e5ff@group-21C72E9484D5-LeaderElection183] INFO  impl.RoleInfo (RoleInfo.java:shutdownLeaderElection(134)) - f7e9932d-fd96-469a-9353-68e47138e5ff: shutdown LeaderElection
2019-11-05 11:28:36,696 [f7e9932d-fd96-469a-9353-68e47138e5ff@group-21C72E9484D5-LeaderElection183] INFO  impl.RoleInfo (RoleInfo.java:updateAndGet(143)) - f7e9932d-fd96-469a-9353-68e47138e5ff: start FollowerState
2019-11-05 11:28:36,771 [Thread-1814] INFO  impl.FollowerState (FollowerState.java:run(108)) - 687f579d-1680-4dd5-8b24-01f078298cef@group-E95DC8E8582E-FollowerState: change to CANDIDATE, lastRpcTime:175ms, electionTimeout:175ms
2019-11-05 11:28:36,772 [Thread-1814] INFO  impl.RoleInfo (RoleInfo.java:shutdownFollowerState(121)) - 687f579d-1680-4dd5-8b24-01f078298cef: shutdown FollowerState
2019-11-05 11:28:36,772 [Thread-1814] INFO  impl.RaftServerImpl (RaftServerImpl.java:setRole(184)) - 687f579d-1680-4dd5-8b24-01f078298cef@group-E95DC8E8582E: changes role from  FOLLOWER to CANDIDATE at term 122 for changeToCandidate
2019-11-05 11:28:36,786 [Thread-1814] INFO  impl.RoleInfo (RoleInfo.java:updateAndGet(143)) - 687f579d-1680-4dd5-8b24-01f078298cef: start LeaderElection
2019-11-05 11:28:36,820 [687f579d-1680-4dd5-8b24-01f078298cef@group-E95DC8E8582E-LeaderElection184] INFO  impl.LeaderElection (LeaderElection.java:askForVotes(178)) - 687f579d-1680-4dd5-8b24-01f078298cef@group-E95DC8E8582E-LeaderElection184: begin an election at term 123 for -1: [90ecfa43-dab6-49d9-b30c-40ef62bfdf2a:192.168.157.252:34192, 687f579d-1680-4dd5-8b24-01f078298cef:192.168.157.252:37962, b8bf4e9b-064a-4520-981c-d6c40c833497:192.168.157.252:43407], old=null
2019-11-05 11:28:36,832 [687f579d-1680-4dd5-8b24-01f078298cef@group-E95DC8E8582E-LeaderElection184] INFO  impl.LeaderElection (LeaderElection.java:logAndReturn(56)) - 687f579d-1680-4dd5-8b24-01f078298cef@group-E95DC8E8582E-LeaderElection184: Election TIMEOUT; received 0 response(s) [] and 0 exception(s); 687f579d-1680-4dd5-8b24-01f078298cef@group-E95DC8E8582E:t123, leader=null, voted=687f579d-1680-4dd5-8b24-01f078298cef, raftlog=687f579d-1680-4dd5-8b24-01f078298cef@group-E95DC8E8582E-SegmentedRaftLog:OPENED:c-1,f-1,i0, conf=-1: [90ecfa43-dab6-49d9-b30c-40ef62bfdf2a:192.168.157.252:34192, 687f579d-1680-4dd5-8b24-01f078298cef:192.168.157.252:37962, b8bf4e9b-064a-4520-981c-d6c40c833497:192.168.157.252:43407], old=null
2019-11-05 11:28:36,835 [grpc-default-executor-9] INFO  impl.RaftServerImpl (RaftServerImpl.java:setRole(184)) - b8bf4e9b-064a-4520-981c-d6c40c833497@group-E95DC8E8582E: changes role from  FOLLOWER to FOLLOWER at term 123 for recognizeCandidate:687f579d-1680-4dd5-8b24-01f078298cef
2019-11-05 11:28:36,836 [grpc-default-executor-9] INFO  impl.RoleInfo (RoleInfo.java:shutdownFollowerState(121)) - b8bf4e9b-064a-4520-981c-d6c40c833497: shutdown FollowerState
2019-11-05 11:28:36,837 [grpc-default-executor-4] INFO  impl.RaftServerImpl (RaftServerImpl.java:setRole(184)) - 90ecfa43-dab6-49d9-b30c-40ef62bfdf2a@group-E95DC8E8582E: changes role from  FOLLOWER to FOLLOWER at term 123 for recognizeCandidate:687f579d-1680-4dd5-8b24-01f078298cef
2019-11-05 11:28:36,837 [grpc-default-executor-4] INFO  impl.RoleInfo (RoleInfo.java:shutdownFollowerState(121)) - 90ecfa43-dab6-49d9-b30c-40ef62bfdf2a: shutdown FollowerState
2019-11-05 11:28:36,856 [grpc-default-executor-4] INFO  impl.RoleInfo (RoleInfo.java:updateAndGet(143)) - 90ecfa43-dab6-49d9-b30c-40ef62bfdf2a: start FollowerState
2019-11-05 11:28:36,860 [Thread-1812] INFO  impl.FollowerState (FollowerState.java:run(117)) - 90ecfa43-dab6-49d9-b30c-40ef62bfdf2a@group-E95DC8E8582E-FollowerState was interrupted: java.lang.InterruptedException: sleep interrupted
2019-11-05 11:28:36,861 [687f579d-1680-4dd5-8b24-01f078298cef@group-E95DC8E8582E-LeaderElection184] INFO  impl.LeaderElection (LeaderElection.java:askForVotes(178)) - 687f579d-1680-4dd5-8b24-01f078298cef@group-E95DC8E8582E-LeaderElection184: begin an election at term 124 for -1: [90ecfa43-dab6-49d9-b30c-40ef62bfdf2a:192.168.157.252:34192, 687f579d-1680-4dd5-8b24-01f078298cef:192.168.157.252:37962, b8bf4e9b-064a-4520-981c-d6c40c833497:192.168.157.252:43407], old=null
2019-11-05 11:28:36,878 [Thread-1820] INFO  impl.FollowerState (FollowerState.java:run(108)) - f7e9932d-fd96-469a-9353-68e47138e5ff@group-21C72E9484D5-FollowerState: change to CANDIDATE, lastRpcTime:181ms, electionTimeout:160ms
2019-11-05 11:28:36,878 [Thread-1820] INFO  impl.RoleInfo (RoleInfo.java:shutdownFollowerState(121)) - f7e9932d-fd96-469a-9353-68e47138e5ff: shutdown FollowerState
2019-11-05 11:28:36,878 [Thread-1820] INFO  impl.RaftServerImpl (RaftServerImpl.java:setRole(184)) - f7e9932d-fd96-469a-9353-68e47138e5ff@group-21C72E9484D5: changes role from  FOLLOWER to CANDIDATE at term 109 for changeToCandidate
2019-11-05 11:28:36,887 [grpc-default-executor-9] INFO  impl.RoleInfo (RoleInfo.java:updateAndGet(143)) - b8bf4e9b-064a-4520-981c-d6c40c833497: start FollowerState
2019-11-05 11:28:36,887 [Thread-1820] INFO  impl.RoleInfo (RoleInfo.java:updateAndGet(143)) - f7e9932d-fd96-469a-9353-68e47138e5ff: start LeaderElection
2019-11-05 11:28:36,888 [Thread-1813] INFO  impl.FollowerState (FollowerState.java:run(117)) - b8bf4e9b-064a-4520-981c-d6c40c833497@group-E95DC8E8582E-FollowerState was interrupted: java.lang.InterruptedException: sleep interrupted
2019-11-05 11:28:36,903 [f7e9932d-fd96-469a-9353-68e47138e5ff@group-21C72E9484D5-LeaderElection185] INFO  impl.LeaderElection (LeaderElection.java:askForVotes(178)) - f7e9932d-fd96-469a-9353-68e47138e5ff@group-21C72E9484D5-LeaderElection185: begin an election at term 110 for -1: [f7e9932d-fd96-469a-9353-68e47138e5ff:192.168.157.252:45025, 1eca16cc-5184-4e43-8e55-175d1516eae4:192.168.157.252:41127, 74a8fb36-eab9-4c53-b7cf-c565055de05a:192.168.157.252:42370], old=null
2019-11-05 11:28:36,904 [grpc-default-executor-11] INFO  impl.RaftServerImpl (RaftServerImpl.java:setRole(184)) - 90ecfa43-dab6-49d9-b30c-40ef62bfdf2a@group-E95DC8E8582E: changes role from  FOLLOWER to FOLLOWER at term 124 for recognizeCandidate:687f579d-1680-4dd5-8b24-01f078298cef
2019-11-05 11:28:36,904 [grpc-default-executor-11] INFO  impl.RoleInfo (RoleInfo.java:shutdownFollowerState(121)) - 90ecfa43-dab6-49d9-b30c-40ef62bfdf2a: shutdown FollowerState
2019-11-05 11:28:36,907 [grpc-default-executor-5] INFO  impl.RaftServerImpl (RaftServerImpl.java:setRole(184)) - b8bf4e9b-064a-4520-981c-d6c40c833497@group-E95DC8E8582E: changes role from  FOLLOWER to FOLLOWER at term 124 for recognizeCandidate:687f579d-1680-4dd5-8b24-01f078298cef
2019-11-05 11:28:36,907 [grpc-default-executor-5] INFO  impl.RoleInfo (RoleInfo.java:shutdownFollowerState(121)) - b8bf4e9b-064a-4520-981c-d6c40c833497: shutdown FollowerState
2019-11-05 11:28:36,921 [grpc-default-executor-5] INFO  impl.RoleInfo (RoleInfo.java:updateAndGet(143)) - b8bf4e9b-064a-4520-981c-d6c40c833497: start FollowerState
2019-11-05 11:28:36,921 [Thread-1829] INFO  impl.FollowerState (FollowerState.java:run(117)) - b8bf4e9b-064a-4520-981c-d6c40c833497@group-E95DC8E8582E-FollowerState was interrupted: java.lang.InterruptedException: sleep interrupted
2019-11-05 11:28:36,925 [Thread-1826] INFO  impl.FollowerState (FollowerState.java:run(117)) - 90ecfa43-dab6-49d9-b30c-40ef62bfdf2a@group-E95DC8E8582E-FollowerState was interrupted: java.lang.InterruptedException: sleep interrupted
2019-11-05 11:28:36,925 [grpc-default-executor-11] INFO  impl.RoleInfo (RoleInfo.java:updateAndGet(143)) - 90ecfa43-dab6-49d9-b30c-40ef62bfdf2a: start FollowerState
2019-11-05 11:28:36,958 [grpc-default-executor-11] INFO  impl.RaftServerImpl (RaftServerImpl.java:setRole(184)) - 1eca16cc-5184-4e43-8e55-175d1516eae4@group-21C72E9484D5: changes role from  FOLLOWER to FOLLOWER at term 110 for recognizeCandidate:f7e9932d-fd96-469a-9353-68e47138e5ff
2019-11-05 11:28:36,958 [grpc-default-executor-11] INFO  impl.RoleInfo (RoleInfo.java:shutdownFollowerState(121)) - 1eca16cc-5184-4e43-8e55-175d1516eae4: shutdown FollowerState
2019-11-05 11:28:36,959 [grpc-default-executor-11] INFO  impl.RoleInfo (RoleInfo.java:updateAndGet(143)) - 1eca16cc-5184-4e43-8e55-175d1516eae4: start FollowerState
2019-11-05 11:28:36,959 [Thread-1818] INFO  impl.FollowerState (FollowerState.java:run(117)) - 1eca16cc-5184-4e43-8e55-175d1516eae4@group-21C72E9484D5-FollowerState was interrupted: java.lang.InterruptedException: sleep interrupted
2019-11-05 11:28:36,960 [grpc-default-executor-9] INFO  impl.RaftServerImpl (RaftServerImpl.java:setRole(184)) - 74a8fb36-eab9-4c53-b7cf-c565055de05a@group-21C72E9484D5: changes role from  FOLLOWER to FOLLOWER at term 110 for recognizeCandidate:f7e9932d-fd96-469a-9353-68e47138e5ff
2019-11-05 11:28:36,960 [grpc-default-executor-9] INFO  impl.RoleInfo (RoleInfo.java:shutdownFollowerState(121)) - 74a8fb36-eab9-4c53-b7cf-c565055de05a: shutdown FollowerState
2019-11-05 11:28:36,961 [grpc-default-executor-9] INFO  impl.RoleInfo (RoleInfo.java:updateAndGet(143)) - 74a8fb36-eab9-4c53-b7cf-c565055de05a: start FollowerState
2019-11-05 11:28:36,961 [Thread-1819] INFO  impl.FollowerState (FollowerState.java:run(117)) - 74a8fb36-eab9-4c53-b7cf-c565055de05a@group-21C72E9484D5-FollowerState was interrupted: java.lang.InterruptedException: sleep interrupted
2019-11-05 11:28:36,966 [687f579d-1680-4dd5-8b24-01f078298cef@group-E95DC8E8582E-LeaderElection184] INFO  impl.LeaderElection (LeaderElection.java:logAndReturn(56)) - 687f579d-1680-4dd5-8b24-01f078298cef@group-E95DC8E8582E-LeaderElection184: Election REJECTED; received 2 response(s) [687f579d-1680-4dd5-8b24-01f078298cef<-90ecfa43-dab6-49d9-b30c-40ef62bfdf2a#0:FAIL-t124, 687f579d-1680-4dd5-8b24-01f078298cef<-b8bf4e9b-064a-4520-981c-d6c40c833497#0:FAIL-t124] and 0 exception(s); 687f579d-1680-4dd5-8b24-01f078298cef@group-E95DC8E8582E:t124, leader=null, voted=687f579d-1680-4dd5-8b24-01f078298cef, raftlog=687f579d-1680-4dd5-8b24-01f078298cef@group-E95DC8E8582E-SegmentedRaftLog:OPENED:c-1,f-1,i0, conf=-1: [90ecfa43-dab6-49d9-b30c-40ef62bfdf2a:192.168.157.252:34192, 687f579d-1680-4dd5-8b24-01f078298cef:192.168.157.252:37962, b8bf4e9b-064a-4520-981c-d6c40c833497:192.168.157.252:43407], old=null
2019-11-05 11:28:36,968 [f7e9932d-fd96-469a-9353-68e47138e5ff@group-21C72E9484D5-LeaderElection185] INFO  impl.LeaderElection (LeaderElection.java:logAndReturn(56)) - f7e9932d-fd96-469a-9353-68e47138e5ff@group-21C72E9484D5-LeaderElection185: Election TIMEOUT; received 0 response(s) [] and 0 exception(s); f7e9932d-fd96-469a-9353-68e47138e5ff@group-21C72E9484D5:t110, leader=null, voted=f7e9932d-fd96-469a-9353-68e47138e5ff, raftlog=f7e9932d-fd96-469a-9353-68e47138e5ff@group-21C72E9484D5-SegmentedRaftLog:OPENED:c-1,f-1,i0, conf=-1: [f7e9932d-fd96-469a-9353-68e47138e5ff:192.168.157.252:45025, 1eca16cc-5184-4e43-8e55-175d1516eae4:192.168.157.252:41127, 74a8fb36-eab9-4c53-b7cf-c565055de05a:192.168.157.252:42370], old=null
2019-11-05 11:28:36,987 [687f579d-1680-4dd5-8b24-01f078298cef@group-E95DC8E8582E-LeaderElection184] INFO  impl.RaftServerImpl (RaftServerImpl.java:setRole(184)) - 687f579d-1680-4dd5-8b24-01f078298cef@group-E95DC8E8582E: changes role from CANDIDATE to FOLLOWER at term 124 for DISCOVERED_A_NEW_TERM
2019-11-05 11:28:36,987 [687f579d-1680-4dd5-8b24-01f078298cef@group-E95DC8E8582E-LeaderElection184] INFO  impl.RoleInfo (RoleInfo.java:shutdownLeaderElection(134)) - 687f579d-1680-4dd5-8b24-01f078298cef: shutdown LeaderElection
2019-11-05 11:28:36,987 [687f579d-1680-4dd5-8b24-01f078298cef@group-E95DC8E8582E-LeaderElection184] INFO  impl.RoleInfo (RoleInfo.java:updateAndGet(143)) - 687f579d-1680-4dd5-8b24-01f078298cef: start FollowerState
2019-11-05 11:28:37,016 [f7e9932d-fd96-469a-9353-68e47138e5ff@group-21C72E9484D5-LeaderElection185] INFO  impl.LeaderElection (LeaderElection.java:askForVotes(178)) - f7e9932d-fd96-469a-9353-68e47138e5ff@group-21C72E9484D5-LeaderElection185: begin an election at term 111 for -1: [f7e9932d-fd96-469a-9353-68e47138e5ff:192.168.157.252:45025, 1eca16cc-5184-4e43-8e55-175d1516eae4:192.168.157.252:41127, 74a8fb36-eab9-4c53-b7cf-c565055de05a:192.168.157.252:42370], old=null
2019-11-05 11:28:37,127 [grpc-default-executor-9] INFO  impl.RaftServerImpl (RaftServerImpl.java:setRole(184)) - 1eca16cc-5184-4e43-8e55-175d1516eae4@group-21C72E9484D5: changes role from  FOLLOWER to FOLLOWER at term 111 for recognizeCandidate:f7e9932d-fd96-469a-9353-68e47138e5ff
2019-11-05 11:28:37,127 [grpc-default-executor-9] INFO  impl.RoleInfo (RoleInfo.java:shutdownFollowerState(121)) - 1eca16cc-5184-4e43-8e55-175d1516eae4: shutdown FollowerState
2019-11-05 11:28:37,128 [grpc-default-executor-9] INFO  impl.RoleInfo (RoleInfo.java:updateAndGet(143)) - 1eca16cc-5184-4e43-8e55-175d1516eae4: start FollowerState
2019-11-05 11:28:37,128 [Thread-1835] INFO  impl.FollowerState (FollowerState.java:run(117)) - 1eca16cc-5184-4e43-8e55-175d1516eae4@group-21C72E9484D5-FollowerState was interrupted: java.lang.InterruptedException: sleep interrupted
2019-11-05 11:28:37,134 [grpc-default-executor-11] INFO  impl.RaftServerImpl (RaftServerImpl.java:setRole(184)) - 74a8fb36-eab9-4c53-b7cf-c565055de05a@group-21C72E9484D5: changes role from  FOLLOWER to FOLLOWER at term 111 for recognizeCandidate:f7e9932d-fd96-469a-9353-68e47138e5ff
2019-11-05 11:28:37,134 [grpc-default-executor-11] INFO  impl.RoleInfo (RoleInfo.java:shutdownFollowerState(121)) - 74a8fb36-eab9-4c53-b7cf-c565055de05a: shutdown FollowerState
2019-11-05 11:28:37,134 [grpc-default-executor-11] INFO  impl.RoleInfo (RoleInfo.java:updateAndGet(143)) - 74a8fb36-eab9-4c53-b7cf-c565055de05a: start FollowerState
2019-11-05 11:28:37,137 [Thread-1836] INFO  impl.FollowerState (FollowerState.java:run(117)) - 74a8fb36-eab9-4c53-b7cf-c565055de05a@group-21C72E9484D5-FollowerState was interrupted: java.lang.InterruptedException: sleep interrupted
2019-11-05 11:28:37,157 [f7e9932d-fd96-469a-9353-68e47138e5ff@group-21C72E9484D5-LeaderElection185] INFO  impl.LeaderElection (LeaderElection.java:logAndReturn(56)) - f7e9932d-fd96-469a-9353-68e47138e5ff@group-21C72E9484D5-LeaderElection185: Election REJECTED; received 2 response(s) [f7e9932d-fd96-469a-9353-68e47138e5ff<-1eca16cc-5184-4e43-8e55-175d1516eae4#0:FAIL-t111, f7e9932d-fd96-469a-9353-68e47138e5ff<-74a8fb36-eab9-4c53-b7cf-c565055de05a#0:FAIL-t111] and 0 exception(s); f7e9932d-fd96-469a-9353-68e47138e5ff@group-21C72E9484D5:t111, leader=null, voted=f7e9932d-fd96-469a-9353-68e47138e5ff, raftlog=f7e9932d-fd96-469a-9353-68e47138e5ff@group-21C72E9484D5-SegmentedRaftLog:OPENED:c-1,f-1,i0, conf=-1: [f7e9932d-fd96-469a-9353-68e47138e5ff:192.168.157.252:45025, 1eca16cc-5184-4e43-8e55-175d1516eae4:192.168.157.252:41127, 74a8fb36-eab9-4c53-b7cf-c565055de05a:192.168.157.252:42370], old=null
2019-11-05 11:28:37,157 [f7e9932d-fd96-469a-9353-68e47138e5ff@group-21C72E9484D5-LeaderElection185] INFO  impl.RaftServerImpl (RaftServerImpl.java:setRole(184)) - f7e9932d-fd96-469a-9353-68e47138e5ff@group-21C72E9484D5: changes role from CANDIDATE to FOLLOWER at term 111 for DISCOVERED_A_NEW_TERM
2019-11-05 11:28:37,157 [f7e9932d-fd96-469a-9353-68e47138e5ff@group-21C72E9484D5-LeaderElection185] INFO  impl.RoleInfo (RoleInfo.java:shutdownLeaderElection(134)) - f7e9932d-fd96-469a-9353-68e47138e5ff: shutdown LeaderElection
2019-11-05 11:28:37,157 [f7e9932d-fd96-469a-9353-68e47138e5ff@group-21C72E9484D5-LeaderElection185] INFO  impl.RoleInfo (RoleInfo.java:updateAndGet(143)) - f7e9932d-fd96-469a-9353-68e47138e5ff: start FollowerState
2019-11-05 11:28:37,159 [Thread-1837] INFO  impl.FollowerState (FollowerState.java:run(108)) - 687f579d-1680-4dd5-8b24-01f078298cef@group-E95DC8E8582E-FollowerState: change to CANDIDATE, lastRpcTime:171ms, electionTimeout:144ms
2019-11-05 11:28:37,159 [Thread-1837] INFO  impl.RoleInfo (RoleInfo.java:shutdownFollowerState(121)) - 687f579d-1680-4dd5-8b24-01f078298cef: shutdown FollowerState
2019-11-05 11:28:37,160 [Thread-1837] INFO  impl.RaftServerImpl (RaftServerImpl.java:setRole(184)) - 687f579d-1680-4dd5-8b24-01f078298cef@group-E95DC8E8582E: changes role from  FOLLOWER to CANDIDATE at term 124 for changeToCandidate
2019-11-05 11:28:37,186 [Thread-1837] INFO  impl.RoleInfo (RoleInfo.java:updateAndGet(143)) - 687f579d-1680-4dd5-8b24-01f078298cef: start LeaderElection
2019-11-05 11:28:37,206 [687f579d-1680-4dd5-8b24-01f078298cef@group-E95DC8E8582E-LeaderElection186] INFO  impl.LeaderElection (LeaderElection.java:askForVotes(178)) - 687f579d-1680-4dd5-8b24-01f078298cef@group-E95DC8E8582E-LeaderElection186: begin an election at term 125 for -1: [90ecfa43-dab6-49d9-b30c-40ef62bfdf2a:192.168.157.252:34192, 687f579d-1680-4dd5-8b24-01f078298cef:192.168.157.252:37962, b8bf4e9b-064a-4520-981c-d6c40c833497:192.168.157.252:43407], old=null
2019-11-05 11:28:37,208 [grpc-default-executor-11] INFO  impl.RaftServerImpl (RaftServerImpl.java:setRole(184)) - 90ecfa43-dab6-49d9-b30c-40ef62bfdf2a@group-E95DC8E8582E: changes role from  FOLLOWER to FOLLOWER at term 125 for recognizeCandidate:687f579d-1680-4dd5-8b24-01f078298cef
2019-11-05 11:28:37,208 [grpc-default-executor-11] INFO  impl.RoleInfo (RoleInfo.java:shutdownFollowerState(121)) - 90ecfa43-dab6-49d9-b30c-40ef62bfdf2a: shutdown FollowerState
2019-11-05 11:28:37,209 [grpc-default-executor-11] INFO  impl.RoleInfo (RoleInfo.java:updateAndGet(143)) - 90ecfa43-dab6-49d9-b30c-40ef62bfdf2a: start FollowerState
2019-11-05 11:28:37,209 [Thread-1833] INFO  impl.FollowerState (FollowerState.java:run(117)) - 90ecfa43-dab6-49d9-b30c-40ef62bfdf2a@group-E95DC8E8582E-FollowerState was interrupted: java.lang.InterruptedException: sleep interrupted
2019-11-05 11:28:37,209 [grpc-default-executor-9] INFO  impl.RaftServerImpl (RaftServerImpl.java:setRole(184)) - b8bf4e9b-064a-4520-981c-d6c40c833497@group-E95DC8E8582E: changes role from  FOLLOWER to FOLLOWER at term 125 for recognizeCandidate:687f579d-1680-4dd5-8b24-01f078298cef
2019-11-05 11:28:37,209 [grpc-default-executor-9] INFO  impl.RoleInfo (RoleInfo.java:shutdownFollowerState(121)) - b8bf4e9b-064a-4520-981c-d6c40c833497: shutdown FollowerState
2019-11-05 11:28:37,210 [grpc-default-executor-9] INFO  impl.RoleInfo (RoleInfo.java:updateAndGet(143)) - b8bf4e9b-064a-4520-981c-d6c40c833497: start FollowerState
2019-11-05 11:28:37,213 [Thread-1832] INFO  impl.FollowerState (FollowerState.java:run(117)) - b8bf4e9b-064a-4520-981c-d6c40c833497@group-E95DC8E8582E-FollowerState was interrupted: java.lang.InterruptedException: sleep interrupted
2019-11-05 11:28:37,242 [687f579d-1680-4dd5-8b24-01f078298cef@group-E95DC8E8582E-LeaderElection186] INFO  impl.LeaderElection (LeaderElection.java:logAndReturn(56)) - 687f579d-1680-4dd5-8b24-01f078298cef@group-E95DC8E8582E-LeaderElection186: Election REJECTED; received 2 response(s) [687f579d-1680-4dd5-8b24-01f078298cef<-90ecfa43-dab6-49d9-b30c-40ef62bfdf2a#0:FAIL-t125, 687f579d-1680-4dd5-8b24-01f078298cef<-b8bf4e9b-064a-4520-981c-d6c40c833497#0:FAIL-t125] and 0 exception(s); 687f579d-1680-4dd5-8b24-01f078298cef@group-E95DC8E8582E:t125, leader=null, voted=687f579d-1680-4dd5-8b24-01f078298cef, raftlog=687f579d-1680-4dd5-8b24-01f078298cef@group-E95DC8E8582E-SegmentedRaftLog:OPENED:c-1,f-1,i0, conf=-1: [90ecfa43-dab6-49d9-b30c-40ef62bfdf2a:192.168.157.252:34192, 687f579d-1680-4dd5-8b24-01f078298cef:192.168.157.252:37962, b8bf4e9b-064a-4520-981c-d6c40c833497:192.168.157.252:43407], old=null
2019-11-05 11:28:37,242 [687f579d-1680-4dd5-8b24-01f078298cef@group-E95DC8E8582E-LeaderElection186] INFO  impl.RaftServerImpl (RaftServerImpl.java:setRole(184)) - 687f579d-1680-4dd5-8b24-01f078298cef@group-E95DC8E8582E: changes role from CANDIDATE to FOLLOWER at term 125 for DISCOVERED_A_NEW_TERM
2019-11-05 11:28:37,243 [687f579d-1680-4dd5-8b24-01f078298cef@group-E95DC8E8582E-LeaderElection186] INFO  impl.RoleInfo (RoleInfo.java:shutdownLeaderElection(134)) - 687f579d-1680-4dd5-8b24-01f078298cef: shutdown LeaderElection
2019-11-05 11:28:37,243 [687f579d-1680-4dd5-8b24-01f078298cef@group-E95DC8E8582E-LeaderElection186] INFO  impl.RoleInfo (RoleInfo.java:updateAndGet(143)) - 687f579d-1680-4dd5-8b24-01f078298cef: start FollowerState
2019-11-05 11:28:37,278 [Thread-1842] INFO  impl.FollowerState (FollowerState.java:run(108)) - f7e9932d-fd96-469a-9353-68e47138e5ff@group-21C72E9484D5-FollowerState: change to CANDIDATE, lastRpcTime:121ms, electionTimeout:114ms
2019-11-05 11:28:37,279 [Thread-1842] INFO  impl.RoleInfo (RoleInfo.java:shutdownFollowerState(121)) - f7e9932d-fd96-469a-9353-68e47138e5ff: shutdown FollowerState
2019-11-05 11:28:37,279 [Thread-1842] INFO  impl.RaftServerImpl (RaftServerImpl.java:setRole(184)) - f7e9932d-fd96-469a-9353-68e47138e5ff@group-21C72E9484D5: changes role from  FOLLOWER to CANDIDATE at term 111 for changeToCandidate
2019-11-05 11:28:37,279 [Thread-1842] INFO  impl.RoleInfo (RoleInfo.java:updateAndGet(143)) - f7e9932d-fd96-469a-9353-68e47138e5ff: start LeaderElection
2019-11-05 11:28:37,281 [main] INFO  ozoneimpl.OzoneContainer (OzoneContainer.java:stop(227)) - Attempting to stop container services.
2019-11-05 11:28:37,285 [ForkJoinPool.commonPool-worker-0] INFO  ozoneimpl.OzoneContainer (OzoneContainer.java:stop(227)) - Attempting to stop container services.
2019-11-05 11:28:37,287 [main] INFO  impl.RaftServerProxy (RaftServerProxy.java:lambda$close$4(314)) - bd42c95e-cd41-4cbd-85b3-b330cc3c4f94: close
2019-11-05 11:28:37,288 [main] INFO  impl.RaftServerImpl (RaftServerImpl.java:lambda$shutdown$3(261)) - bd42c95e-cd41-4cbd-85b3-b330cc3c4f94@group-A0A18E6C93F1: shutdown
2019-11-05 11:28:37,289 [main] INFO  util.JmxRegister (JmxRegister.java:unregister(73)) - Successfully un-registered JMX Bean with object name Ratis:service=RaftServer,group=group-A0A18E6C93F1,id=bd42c95e-cd41-4cbd-85b3-b330cc3c4f94
2019-11-05 11:28:37,289 [main] INFO  impl.RoleInfo (RoleInfo.java:shutdownLeaderState(104)) - bd42c95e-cd41-4cbd-85b3-b330cc3c4f94: shutdown LeaderState
2019-11-05 11:28:37,290 [main] INFO  impl.PendingRequests (PendingRequests.java:sendNotLeaderResponses(202)) - bd42c95e-cd41-4cbd-85b3-b330cc3c4f94@group-A0A18E6C93F1-PendingRequests: sendNotLeaderResponses
2019-11-05 11:28:37,290 [main] INFO  impl.StateMachineUpdater (StateMachineUpdater.java:stopAndJoin(136)) - bd42c95e-cd41-4cbd-85b3-b330cc3c4f94@group-A0A18E6C93F1-StateMachineUpdater: set stopIndex = 0
2019-11-05 11:28:37,291 [ForkJoinPool.commonPool-worker-0] INFO  impl.RaftServerProxy (RaftServerProxy.java:lambda$close$4(314)) - 93bc9e78-ae56-4fee-a007-4b156d649157: close
2019-11-05 11:28:37,291 [ForkJoinPool.commonPool-worker-0] INFO  impl.RaftServerImpl (RaftServerImpl.java:lambda$shutdown$3(261)) - 93bc9e78-ae56-4fee-a007-4b156d649157@group-C8E3A9870F8F: shutdown
2019-11-05 11:28:37,291 [ForkJoinPool.commonPool-worker-0] INFO  util.JmxRegister (JmxRegister.java:unregister(73)) - Successfully un-registered JMX Bean with object name Ratis:service=RaftServer,group=group-C8E3A9870F8F,id=93bc9e78-ae56-4fee-a007-4b156d649157
2019-11-05 11:28:37,292 [ForkJoinPool.commonPool-worker-0] INFO  impl.RoleInfo (RoleInfo.java:shutdownLeaderState(104)) - 93bc9e78-ae56-4fee-a007-4b156d649157: shutdown LeaderState
2019-11-05 11:28:37,292 [ForkJoinPool.commonPool-worker-0] INFO  impl.PendingRequests (PendingRequests.java:sendNotLeaderResponses(202)) - 93bc9e78-ae56-4fee-a007-4b156d649157@group-C8E3A9870F8F-PendingRequests: sendNotLeaderResponses
2019-11-05 11:28:37,292 [ForkJoinPool.commonPool-worker-0] INFO  impl.StateMachineUpdater (StateMachineUpdater.java:stopAndJoin(136)) - 93bc9e78-ae56-4fee-a007-4b156d649157@group-C8E3A9870F8F-StateMachineUpdater: set stopIndex = 0
2019-11-05 11:28:37,297 [ForkJoinPool.commonPool-worker-0] INFO  impl.RaftServerImpl (ServerState.java:close(388)) - 93bc9e78-ae56-4fee-a007-4b156d649157@group-C8E3A9870F8F: closes. applyIndex: 0
2019-11-05 11:28:37,299 [93bc9e78-ae56-4fee-a007-4b156d649157@group-C8E3A9870F8F-SegmentedRaftLogWorker] INFO  segmented.SegmentedRaftLogWorker (SegmentedRaftLogWorker.java:run(316)) - 93bc9e78-ae56-4fee-a007-4b156d649157@group-C8E3A9870F8F-SegmentedRaftLogWorker was interrupted, exiting. There are 0 tasks remaining in the queue.
2019-11-05 11:28:37,310 [main] INFO  impl.RaftServerImpl (ServerState.java:close(388)) - bd42c95e-cd41-4cbd-85b3-b330cc3c4f94@group-A0A18E6C93F1: closes. applyIndex: 0
2019-11-05 11:28:37,311 [bd42c95e-cd41-4cbd-85b3-b330cc3c4f94@group-A0A18E6C93F1-SegmentedRaftLogWorker] INFO  segmented.SegmentedRaftLogWorker (SegmentedRaftLogWorker.java:run(316)) - bd42c95e-cd41-4cbd-85b3-b330cc3c4f94@group-A0A18E6C93F1-SegmentedRaftLogWorker was interrupted, exiting. There are 0 tasks remaining in the queue.
2019-11-05 11:28:37,343 [f7e9932d-fd96-469a-9353-68e47138e5ff@group-21C72E9484D5-LeaderElection187] INFO  impl.LeaderElection (LeaderElection.java:askForVotes(178)) - f7e9932d-fd96-469a-9353-68e47138e5ff@group-21C72E9484D5-LeaderElection187: begin an election at term 112 for -1: [f7e9932d-fd96-469a-9353-68e47138e5ff:192.168.157.252:45025, 1eca16cc-5184-4e43-8e55-175d1516eae4:192.168.157.252:41127, 74a8fb36-eab9-4c53-b7cf-c565055de05a:192.168.157.252:42370], old=null
2019-11-05 11:28:37,344 [ForkJoinPool.commonPool-worker-0] INFO  segmented.SegmentedRaftLogWorker (SegmentedRaftLogWorker.java:close(224)) - 93bc9e78-ae56-4fee-a007-4b156d649157@group-C8E3A9870F8F-SegmentedRaftLogWorker close()
2019-11-05 11:28:37,344 [main] INFO  segmented.SegmentedRaftLogWorker (SegmentedRaftLogWorker.java:close(224)) - bd42c95e-cd41-4cbd-85b3-b330cc3c4f94@group-A0A18E6C93F1-SegmentedRaftLogWorker close()
2019-11-05 11:28:37,348 [grpc-default-executor-11] INFO  impl.RaftServerImpl (RaftServerImpl.java:setRole(184)) - 74a8fb36-eab9-4c53-b7cf-c565055de05a@group-21C72E9484D5: changes role from  FOLLOWER to FOLLOWER at term 112 for recognizeCandidate:f7e9932d-fd96-469a-9353-68e47138e5ff
2019-11-05 11:28:37,349 [grpc-default-executor-11] INFO  impl.RoleInfo (RoleInfo.java:shutdownFollowerState(121)) - 74a8fb36-eab9-4c53-b7cf-c565055de05a: shutdown FollowerState
2019-11-05 11:28:37,349 [grpc-default-executor-11] INFO  impl.RoleInfo (RoleInfo.java:updateAndGet(143)) - 74a8fb36-eab9-4c53-b7cf-c565055de05a: start FollowerState
2019-11-05 11:28:37,349 [Thread-1841] INFO  impl.FollowerState (FollowerState.java:run(117)) - 74a8fb36-eab9-4c53-b7cf-c565055de05a@group-21C72E9484D5-FollowerState was interrupted: java.lang.InterruptedException: sleep interrupted
2019-11-05 11:28:37,349 [grpc-default-executor-9] INFO  impl.RaftServerImpl (RaftServerImpl.java:setRole(184)) - 1eca16cc-5184-4e43-8e55-175d1516eae4@group-21C72E9484D5: changes role from  FOLLOWER to FOLLOWER at term 112 for recognizeCandidate:f7e9932d-fd96-469a-9353-68e47138e5ff
2019-11-05 11:28:37,349 [grpc-default-executor-9] INFO  impl.RoleInfo (RoleInfo.java:shutdownFollowerState(121)) - 1eca16cc-5184-4e43-8e55-175d1516eae4: shutdown FollowerState
2019-11-05 11:28:37,350 [grpc-default-executor-9] INFO  impl.RoleInfo (RoleInfo.java:updateAndGet(143)) - 1eca16cc-5184-4e43-8e55-175d1516eae4: start FollowerState
2019-11-05 11:28:37,350 [Thread-1840] INFO  impl.FollowerState (FollowerState.java:run(117)) - 1eca16cc-5184-4e43-8e55-175d1516eae4@group-21C72E9484D5-FollowerState was interrupted: java.lang.InterruptedException: sleep interrupted
2019-11-05 11:28:37,359 [main] INFO  impl.RaftServerImpl (RaftServerImpl.java:lambda$shutdown$3(261)) - bd42c95e-cd41-4cbd-85b3-b330cc3c4f94@group-0CA4D070D5C4: shutdown
2019-11-05 11:28:37,359 [ForkJoinPool.commonPool-worker-0] INFO  impl.RaftServerImpl (RaftServerImpl.java:lambda$shutdown$3(261)) - 93bc9e78-ae56-4fee-a007-4b156d649157@group-0CA4D070D5C4: shutdown
2019-11-05 11:28:37,360 [main] INFO  util.JmxRegister (JmxRegister.java:unregister(73)) - Successfully un-registered JMX Bean with object name Ratis:service=RaftServer,group=group-0CA4D070D5C4,id=bd42c95e-cd41-4cbd-85b3-b330cc3c4f94
2019-11-05 11:28:37,360 [ForkJoinPool.commonPool-worker-0] INFO  util.JmxRegister (JmxRegister.java:unregister(73)) - Successfully un-registered JMX Bean with object name Ratis:service=RaftServer,group=group-0CA4D070D5C4,id=93bc9e78-ae56-4fee-a007-4b156d649157
2019-11-05 11:28:37,360 [main] INFO  impl.RoleInfo (RoleInfo.java:shutdownLeaderState(104)) - bd42c95e-cd41-4cbd-85b3-b330cc3c4f94: shutdown LeaderState
2019-11-05 11:28:37,361 [ForkJoinPool.commonPool-worker-0] INFO  impl.RoleInfo (RoleInfo.java:shutdownFollowerState(121)) - 93bc9e78-ae56-4fee-a007-4b156d649157: shutdown FollowerState
2019-11-05 11:28:37,368 [main] INFO  impl.PendingRequests (PendingRequests.java:sendNotLeaderResponses(202)) - bd42c95e-cd41-4cbd-85b3-b330cc3c4f94@group-0CA4D070D5C4-PendingRequests: sendNotLeaderResponses
2019-11-05 11:28:37,368 [93bc9e78-ae56-4fee-a007-4b156d649157@group-0CA4D070D5C4-StateMachineUpdater] INFO  ratis.ContainerStateMachine (ContainerStateMachine.java:takeSnapshot(294)) - group-0CA4D070D5C4: Taking a snapshot at:(t:3, i:18) file /workdir/hadoop-ozone/integration-test/target/test-dir/MiniOzoneClusterImpl-6b0fc4fe-9997-4a80-bab7-b3d82b6e3879/datanode-2/data/ratis/30d63c90-c360-440d-8ef2-0ca4d070d5c4/sm/snapshot.3_18
2019-11-05 11:28:37,368 [org.apache.ratis.server.impl.LogAppender$AppenderDaemon$$Lambda$468/2048678591@ff32e03] WARN  server.GrpcLogAppender (GrpcLogAppender.java:mayWait(149)) - bd42c95e-cd41-4cbd-85b3-b330cc3c4f94@group-0CA4D070D5C4->93bc9e78-ae56-4fee-a007-4b156d649157-GrpcLogAppender: Wait interrupted by java.lang.InterruptedException
2019-11-05 11:28:37,368 [org.apache.ratis.server.impl.LogAppender$AppenderDaemon$$Lambda$468/2048678591@5e280fad] WARN  server.GrpcLogAppender (GrpcLogAppender.java:mayWait(149)) - bd42c95e-cd41-4cbd-85b3-b330cc3c4f94@group-0CA4D070D5C4->d8b77924-76ff-4932-a9fa-7ec761e4cf6b-GrpcLogAppender: Wait interrupted by java.lang.InterruptedException
2019-11-05 11:28:37,368 [Thread-496] INFO  impl.FollowerState (FollowerState.java:run(117)) - 93bc9e78-ae56-4fee-a007-4b156d649157@group-0CA4D070D5C4-FollowerState was interrupted: java.lang.InterruptedException: sleep interrupted
2019-11-05 11:28:37,388 [grpc-default-executor-11] INFO  server.GrpcServerProtocolService (GrpcServerProtocolService.java:onCompleted(113)) - 93bc9e78-ae56-4fee-a007-4b156d649157: Completed APPEND_ENTRIES, lastRequest: bd42c95e-cd41-4cbd-85b3-b330cc3c4f94->93bc9e78-ae56-4fee-a007-4b156d649157#49-t3, previous=(t:3, i:20), leaderCommit=20, initializing? false, entries: <empty>
2019-11-05 11:28:37,368 [ForkJoinPool.commonPool-worker-0] INFO  impl.StateMachineUpdater (StateMachineUpdater.java:stopAndJoin(136)) - 93bc9e78-ae56-4fee-a007-4b156d649157@group-0CA4D070D5C4-StateMachineUpdater: set stopIndex = 20
2019-11-05 11:28:37,388 [grpc-default-executor-9] INFO  server.GrpcServerProtocolService (GrpcServerProtocolService.java:onCompleted(113)) - d8b77924-76ff-4932-a9fa-7ec761e4cf6b: Completed APPEND_ENTRIES, lastRequest: bd42c95e-cd41-4cbd-85b3-b330cc3c4f94->d8b77924-76ff-4932-a9fa-7ec761e4cf6b#49-t3, previous=(t:3, i:20), leaderCommit=20, initializing? false, entries: <empty>
2019-11-05 11:28:37,386 [bd42c95e-cd41-4cbd-85b3-b330cc3c4f94@group-0CA4D070D5C4-StateMachineUpdater] INFO  ratis.ContainerStateMachine (ContainerStateMachine.java:takeSnapshot(294)) - group-0CA4D070D5C4: Taking a snapshot at:(t:3, i:20) file /workdir/hadoop-ozone/integration-test/target/test-dir/MiniOzoneClusterImpl-6b0fc4fe-9997-4a80-bab7-b3d82b6e3879/datanode-5/data/ratis/30d63c90-c360-440d-8ef2-0ca4d070d5c4/sm/snapshot.3_20
2019-11-05 11:28:37,389 [grpc-default-executor-11] INFO  server.GrpcLogAppender (GrpcLogAppender.java:onCompleted(308)) - bd42c95e-cd41-4cbd-85b3-b330cc3c4f94@group-0CA4D070D5C4->93bc9e78-ae56-4fee-a007-4b156d649157-AppendLogResponseHandler: follower responses appendEntries COMPLETED
2019-11-05 11:28:37,386 [main] INFO  impl.StateMachineUpdater (StateMachineUpdater.java:stopAndJoin(136)) - bd42c95e-cd41-4cbd-85b3-b330cc3c4f94@group-0CA4D070D5C4-StateMachineUpdater: set stopIndex = 20
2019-11-05 11:28:37,406 [grpc-default-executor-5] INFO  server.GrpcLogAppender (GrpcLogAppender.java:onCompleted(308)) - bd42c95e-cd41-4cbd-85b3-b330cc3c4f94@group-0CA4D070D5C4->d8b77924-76ff-4932-a9fa-7ec761e4cf6b-AppendLogResponseHandler: follower responses appendEntries COMPLETED
2019-11-05 11:28:37,394 [grpc-default-executor-11] INFO  impl.FollowerInfo (FollowerInfo.java:lambda$new$0(51)) - bd42c95e-cd41-4cbd-85b3-b330cc3c4f94@group-0CA4D070D5C4->93bc9e78-ae56-4fee-a007-4b156d649157: nextIndex: updateUnconditionally 21 -> 20
2019-11-05 11:28:37,393 [f7e9932d-fd96-469a-9353-68e47138e5ff@group-21C72E9484D5-LeaderElection187] INFO  impl.LeaderElection (LeaderElection.java:logAndReturn(56)) - f7e9932d-fd96-469a-9353-68e47138e5ff@group-21C72E9484D5-LeaderElection187: Election REJECTED; received 2 response(s) [f7e9932d-fd96-469a-9353-68e47138e5ff<-1eca16cc-5184-4e43-8e55-175d1516eae4#0:FAIL-t112, f7e9932d-fd96-469a-9353-68e47138e5ff<-74a8fb36-eab9-4c53-b7cf-c565055de05a#0:FAIL-t112] and 0 exception(s); f7e9932d-fd96-469a-9353-68e47138e5ff@group-21C72E9484D5:t112, leader=null, voted=f7e9932d-fd96-469a-9353-68e47138e5ff, raftlog=f7e9932d-fd96-469a-9353-68e47138e5ff@group-21C72E9484D5-SegmentedRaftLog:OPENED:c-1,f-1,i0, conf=-1: [f7e9932d-fd96-469a-9353-68e47138e5ff:192.168.157.252:45025, 1eca16cc-5184-4e43-8e55-175d1516eae4:192.168.157.252:41127, 74a8fb36-eab9-4c53-b7cf-c565055de05a:192.168.157.252:42370], old=null
2019-11-05 11:28:37,451 [f7e9932d-fd96-469a-9353-68e47138e5ff@group-21C72E9484D5-LeaderElection187] INFO  impl.RaftServerImpl (RaftServerImpl.java:setRole(184)) - f7e9932d-fd96-469a-9353-68e47138e5ff@group-21C72E9484D5: changes role from CANDIDATE to FOLLOWER at term 112 for DISCOVERED_A_NEW_TERM
2019-11-05 11:28:37,451 [f7e9932d-fd96-469a-9353-68e47138e5ff@group-21C72E9484D5-LeaderElection187] INFO  impl.RoleInfo (RoleInfo.java:shutdownLeaderElection(134)) - f7e9932d-fd96-469a-9353-68e47138e5ff: shutdown LeaderElection
2019-11-05 11:28:37,451 [f7e9932d-fd96-469a-9353-68e47138e5ff@group-21C72E9484D5-LeaderElection187] INFO  impl.RoleInfo (RoleInfo.java:updateAndGet(143)) - f7e9932d-fd96-469a-9353-68e47138e5ff: start FollowerState
2019-11-05 11:28:37,459 [Thread-1849] INFO  impl.FollowerState (FollowerState.java:run(108)) - 687f579d-1680-4dd5-8b24-01f078298cef@group-E95DC8E8582E-FollowerState: change to CANDIDATE, lastRpcTime:215ms, electionTimeout:192ms
2019-11-05 11:28:37,459 [Thread-1849] INFO  impl.RoleInfo (RoleInfo.java:shutdownFollowerState(121)) - 687f579d-1680-4dd5-8b24-01f078298cef: shutdown FollowerState
2019-11-05 11:28:37,459 [Thread-1849] INFO  impl.RaftServerImpl (RaftServerImpl.java:setRole(184)) - 687f579d-1680-4dd5-8b24-01f078298cef@group-E95DC8E8582E: changes role from  FOLLOWER to CANDIDATE at term 125 for changeToCandidate
2019-11-05 11:28:37,459 [Thread-1849] INFO  impl.RoleInfo (RoleInfo.java:updateAndGet(143)) - 687f579d-1680-4dd5-8b24-01f078298cef: start LeaderElection
2019-11-05 11:28:37,463 [grpc-default-executor-5] INFO  impl.FollowerInfo (FollowerInfo.java:lambda$new$0(51)) - bd42c95e-cd41-4cbd-85b3-b330cc3c4f94@group-0CA4D070D5C4->d8b77924-76ff-4932-a9fa-7ec761e4cf6b: nextIndex: updateUnconditionally 21 -> 20
2019-11-05 11:28:37,468 [93bc9e78-ae56-4fee-a007-4b156d649157@group-0CA4D070D5C4-StateMachineUpdater] INFO  ratis.ContainerStateMachine (ContainerStateMachine.java:takeSnapshot(305)) - group-0CA4D070D5C4: Finished taking a snapshot at:(t:3, i:18) file:/workdir/hadoop-ozone/integration-test/target/test-dir/MiniOzoneClusterImpl-6b0fc4fe-9997-4a80-bab7-b3d82b6e3879/datanode-2/data/ratis/30d63c90-c360-440d-8ef2-0ca4d070d5c4/sm/snapshot.3_18 time:99
2019-11-05 11:28:37,468 [bd42c95e-cd41-4cbd-85b3-b330cc3c4f94@group-0CA4D070D5C4-StateMachineUpdater] INFO  ratis.ContainerStateMachine (ContainerStateMachine.java:takeSnapshot(305)) - group-0CA4D070D5C4: Finished taking a snapshot at:(t:3, i:20) file:/workdir/hadoop-ozone/integration-test/target/test-dir/MiniOzoneClusterImpl-6b0fc4fe-9997-4a80-bab7-b3d82b6e3879/datanode-5/data/ratis/30d63c90-c360-440d-8ef2-0ca4d070d5c4/sm/snapshot.3_20 time:81
2019-11-05 11:28:37,469 [687f579d-1680-4dd5-8b24-01f078298cef@group-E95DC8E8582E-LeaderElection188] INFO  impl.LeaderElection (LeaderElection.java:askForVotes(178)) - 687f579d-1680-4dd5-8b24-01f078298cef@group-E95DC8E8582E-LeaderElection188: begin an election at term 126 for -1: [90ecfa43-dab6-49d9-b30c-40ef62bfdf2a:192.168.157.252:34192, 687f579d-1680-4dd5-8b24-01f078298cef:192.168.157.252:37962, b8bf4e9b-064a-4520-981c-d6c40c833497:192.168.157.252:43407], old=null
2019-11-05 11:28:37,484 [bd42c95e-cd41-4cbd-85b3-b330cc3c4f94@group-0CA4D070D5C4-StateMachineUpdater] INFO  impl.StateMachineUpdater (StateMachineUpdater.java:takeSnapshot(269)) - bd42c95e-cd41-4cbd-85b3-b330cc3c4f94@group-0CA4D070D5C4-StateMachineUpdater: Took a snapshot at index 20
2019-11-05 11:28:37,484 [93bc9e78-ae56-4fee-a007-4b156d649157@group-0CA4D070D5C4-StateMachineUpdater] INFO  impl.StateMachineUpdater (StateMachineUpdater.java:takeSnapshot(269)) - 93bc9e78-ae56-4fee-a007-4b156d649157@group-0CA4D070D5C4-StateMachineUpdater: Took a snapshot at index 18
2019-11-05 11:28:37,485 [bd42c95e-cd41-4cbd-85b3-b330cc3c4f94@group-0CA4D070D5C4-StateMachineUpdater] INFO  impl.StateMachineUpdater (StateMachineUpdater.java:lambda$new$0(84)) - bd42c95e-cd41-4cbd-85b3-b330cc3c4f94@group-0CA4D070D5C4-StateMachineUpdater: snapshotIndex: updateIncreasingly -1 -> 20
2019-11-05 11:28:37,485 [93bc9e78-ae56-4fee-a007-4b156d649157@group-0CA4D070D5C4-StateMachineUpdater] INFO  impl.StateMachineUpdater (StateMachineUpdater.java:lambda$new$0(84)) - 93bc9e78-ae56-4fee-a007-4b156d649157@group-0CA4D070D5C4-StateMachineUpdater: snapshotIndex: updateIncreasingly -1 -> 18
2019-11-05 11:28:37,493 [93bc9e78-ae56-4fee-a007-4b156d649157@group-0CA4D070D5C4-StateMachineUpdater] INFO  ratis.ContainerStateMachine (ContainerStateMachine.java:takeSnapshot(294)) - group-0CA4D070D5C4: Taking a snapshot at:(t:3, i:18) file /workdir/hadoop-ozone/integration-test/target/test-dir/MiniOzoneClusterImpl-6b0fc4fe-9997-4a80-bab7-b3d82b6e3879/datanode-2/data/ratis/30d63c90-c360-440d-8ef2-0ca4d070d5c4/sm/snapshot.3_18
2019-11-05 11:28:37,494 [grpc-default-executor-5] INFO  impl.RaftServerImpl (RaftServerImpl.java:setRole(184)) - b8bf4e9b-064a-4520-981c-d6c40c833497@group-E95DC8E8582E: changes role from  FOLLOWER to FOLLOWER at term 126 for recognizeCandidate:687f579d-1680-4dd5-8b24-01f078298cef
2019-11-05 11:28:37,494 [grpc-default-executor-5] INFO  impl.RoleInfo (RoleInfo.java:shutdownFollowerState(121)) - b8bf4e9b-064a-4520-981c-d6c40c833497: shutdown FollowerState
2019-11-05 11:28:37,494 [grpc-default-executor-5] INFO  impl.RoleInfo (RoleInfo.java:updateAndGet(143)) - b8bf4e9b-064a-4520-981c-d6c40c833497: start FollowerState
2019-11-05 11:28:37,499 [Thread-1847] INFO  impl.FollowerState (FollowerState.java:run(117)) - b8bf4e9b-064a-4520-981c-d6c40c833497@group-E95DC8E8582E-FollowerState was interrupted: java.lang.InterruptedException: sleep interrupted
2019-11-05 11:28:37,494 [main] INFO  impl.RaftServerImpl (ServerState.java:close(388)) - bd42c95e-cd41-4cbd-85b3-b330cc3c4f94@group-0CA4D070D5C4: closes. applyIndex: 20
2019-11-05 11:28:37,501 [bd42c95e-cd41-4cbd-85b3-b330cc3c4f94@group-0CA4D070D5C4-SegmentedRaftLogWorker] INFO  segmented.SegmentedRaftLogWorker (SegmentedRaftLogWorker.java:run(316)) - bd42c95e-cd41-4cbd-85b3-b330cc3c4f94@group-0CA4D070D5C4-SegmentedRaftLogWorker was interrupted, exiting. There are 0 tasks remaining in the queue.
2019-11-05 11:28:37,511 [main] INFO  segmented.SegmentedRaftLogWorker (SegmentedRaftLogWorker.java:close(224)) - bd42c95e-cd41-4cbd-85b3-b330cc3c4f94@group-0CA4D070D5C4-SegmentedRaftLogWorker close()
2019-11-05 11:28:37,521 [main] INFO  server.GrpcService (GrpcService.java:closeImpl(164)) - bd42c95e-cd41-4cbd-85b3-b330cc3c4f94: shutdown server with port 33158 now
2019-11-05 11:28:37,529 [main] INFO  server.GrpcService (GrpcService.java:closeImpl(172)) - bd42c95e-cd41-4cbd-85b3-b330cc3c4f94: shutdown server with port 33158 successfully
2019-11-05 11:28:37,530 [grpc-default-executor-9] WARN  client.GrpcClientProtocolService (LogUtils.java:warn(134)) - 1-UnorderedRequestStreamObserver1: onError: org.apache.ratis.thirdparty.io.grpc.StatusRuntimeException: CANCELLED: cancelled before receiving half close
2019-11-05 11:28:37,538 [93bc9e78-ae56-4fee-a007-4b156d649157@group-0CA4D070D5C4-StateMachineUpdater] INFO  ratis.ContainerStateMachine (ContainerStateMachine.java:takeSnapshot(305)) - group-0CA4D070D5C4: Finished taking a snapshot at:(t:3, i:18) file:/workdir/hadoop-ozone/integration-test/target/test-dir/MiniOzoneClusterImpl-6b0fc4fe-9997-4a80-bab7-b3d82b6e3879/datanode-2/data/ratis/30d63c90-c360-440d-8ef2-0ca4d070d5c4/sm/snapshot.3_18 time:44
2019-11-05 11:28:37,538 [93bc9e78-ae56-4fee-a007-4b156d649157@group-0CA4D070D5C4-StateMachineUpdater] INFO  impl.StateMachineUpdater (StateMachineUpdater.java:takeSnapshot(269)) - 93bc9e78-ae56-4fee-a007-4b156d649157@group-0CA4D070D5C4-StateMachineUpdater: Took a snapshot at index 18
2019-11-05 11:28:37,538 [93bc9e78-ae56-4fee-a007-4b156d649157@group-0CA4D070D5C4-StateMachineUpdater] INFO  impl.StateMachineUpdater (StateMachineUpdater.java:lambda$new$0(84)) - 93bc9e78-ae56-4fee-a007-4b156d649157@group-0CA4D070D5C4-StateMachineUpdater: snapshotIndex: updateIncreasingly 18 -> 18
2019-11-05 11:28:37,539 [ForkJoinPool.commonPool-worker-0] INFO  impl.RaftServerImpl (ServerState.java:close(388)) - 93bc9e78-ae56-4fee-a007-4b156d649157@group-0CA4D070D5C4: closes. applyIndex: 20
2019-11-05 11:28:37,539 [93bc9e78-ae56-4fee-a007-4b156d649157@group-0CA4D070D5C4-SegmentedRaftLogWorker] INFO  segmented.SegmentedRaftLogWorker (SegmentedRaftLogWorker.java:run(316)) - 93bc9e78-ae56-4fee-a007-4b156d649157@group-0CA4D070D5C4-SegmentedRaftLogWorker was interrupted, exiting. There are 0 tasks remaining in the queue.
2019-11-05 11:28:37,540 [grpc-default-executor-9] INFO  impl.RaftServerImpl (RaftServerImpl.java:setRole(184)) - 90ecfa43-dab6-49d9-b30c-40ef62bfdf2a@group-E95DC8E8582E: changes role from  FOLLOWER to FOLLOWER at term 126 for recognizeCandidate:687f579d-1680-4dd5-8b24-01f078298cef
2019-11-05 11:28:37,540 [grpc-default-executor-9] INFO  impl.RoleInfo (RoleInfo.java:shutdownFollowerState(121)) - 90ecfa43-dab6-49d9-b30c-40ef62bfdf2a: shutdown FollowerState
2019-11-05 11:28:37,540 [grpc-default-executor-9] INFO  impl.RoleInfo (RoleInfo.java:updateAndGet(143)) - 90ecfa43-dab6-49d9-b30c-40ef62bfdf2a: start FollowerState
2019-11-05 11:28:37,540 [Thread-1846] INFO  impl.FollowerState (FollowerState.java:run(117)) - 90ecfa43-dab6-49d9-b30c-40ef62bfdf2a@group-E95DC8E8582E-FollowerState was interrupted: java.lang.InterruptedException: sleep interrupted
2019-11-05 11:28:37,544 [ForkJoinPool.commonPool-worker-0] INFO  segmented.SegmentedRaftLogWorker (SegmentedRaftLogWorker.java:close(224)) - 93bc9e78-ae56-4fee-a007-4b156d649157@group-0CA4D070D5C4-SegmentedRaftLogWorker close()
2019-11-05 11:28:37,549 [refreshUsed-/workdir/hadoop-ozone/integration-test/target/test-dir/MiniOzoneClusterImpl-6b0fc4fe-9997-4a80-bab7-b3d82b6e3879/datanode-5/data/containers] WARN  fs.CachingGetSpaceUsed (CachingGetSpaceUsed.java:run(183)) - Thread Interrupted waiting to refresh disk information: sleep interrupted
2019-11-05 11:28:37,549 [ForkJoinPool.commonPool-worker-0] INFO  server.GrpcService (GrpcService.java:closeImpl(164)) - 93bc9e78-ae56-4fee-a007-4b156d649157: shutdown server with port 38000 now
2019-11-05 11:28:37,550 [ForkJoinPool.commonPool-worker-0] INFO  server.GrpcService (GrpcService.java:closeImpl(172)) - 93bc9e78-ae56-4fee-a007-4b156d649157: shutdown server with port 38000 successfully
2019-11-05 11:28:37,553 [687f579d-1680-4dd5-8b24-01f078298cef@group-E95DC8E8582E-LeaderElection188] INFO  impl.LeaderElection (LeaderElection.java:logAndReturn(56)) - 687f579d-1680-4dd5-8b24-01f078298cef@group-E95DC8E8582E-LeaderElection188: Election REJECTED; received 2 response(s) [687f579d-1680-4dd5-8b24-01f078298cef<-90ecfa43-dab6-49d9-b30c-40ef62bfdf2a#0:FAIL-t126, 687f579d-1680-4dd5-8b24-01f078298cef<-b8bf4e9b-064a-4520-981c-d6c40c833497#0:FAIL-t126] and 0 exception(s); 687f579d-1680-4dd5-8b24-01f078298cef@group-E95DC8E8582E:t126, leader=null, voted=687f579d-1680-4dd5-8b24-01f078298cef, raftlog=687f579d-1680-4dd5-8b24-01f078298cef@group-E95DC8E8582E-SegmentedRaftLog:OPENED:c-1,f-1,i0, conf=-1: [90ecfa43-dab6-49d9-b30c-40ef62bfdf2a:192.168.157.252:34192, 687f579d-1680-4dd5-8b24-01f078298cef:192.168.157.252:37962, b8bf4e9b-064a-4520-981c-d6c40c833497:192.168.157.252:43407], old=null
2019-11-05 11:28:37,554 [687f579d-1680-4dd5-8b24-01f078298cef@group-E95DC8E8582E-LeaderElection188] INFO  impl.RaftServerImpl (RaftServerImpl.java:setRole(184)) - 687f579d-1680-4dd5-8b24-01f078298cef@group-E95DC8E8582E: changes role from CANDIDATE to FOLLOWER at term 126 for DISCOVERED_A_NEW_TERM
2019-11-05 11:28:37,554 [687f579d-1680-4dd5-8b24-01f078298cef@group-E95DC8E8582E-LeaderElection188] INFO  impl.RoleInfo (RoleInfo.java:shutdownLeaderElection(134)) - 687f579d-1680-4dd5-8b24-01f078298cef: shutdown LeaderElection
2019-11-05 11:28:37,554 [687f579d-1680-4dd5-8b24-01f078298cef@group-E95DC8E8582E-LeaderElection188] INFO  impl.RoleInfo (RoleInfo.java:updateAndGet(143)) - 687f579d-1680-4dd5-8b24-01f078298cef: start FollowerState
2019-11-05 11:28:37,557 [refreshUsed-/workdir/hadoop-ozone/integration-test/target/test-dir/MiniOzoneClusterImpl-6b0fc4fe-9997-4a80-bab7-b3d82b6e3879/datanode-2/data/containers] WARN  fs.CachingGetSpaceUsed (CachingGetSpaceUsed.java:run(183)) - Thread Interrupted waiting to refresh disk information: sleep interrupted
2019-11-05 11:28:37,574 [main] INFO  utils.BackgroundService (BackgroundService.java:shutdown(151)) - Shutting down service BlockDeletingService
2019-11-05 11:28:37,580 [main] INFO  statemachine.DatanodeStateMachine (DatanodeStateMachine.java:stopDaemon(395)) - Ozone container server stopped.
2019-11-05 11:28:37,583 [main] INFO  handler.ContextHandler (ContextHandler.java:doStop(910)) - Stopped o.e.j.w.WebAppContext@15b642b9{/,null,UNAVAILABLE}{/hddsDatanode}
2019-11-05 11:28:37,584 [main] INFO  server.AbstractConnector (AbstractConnector.java:doStop(318)) - Stopped ServerConnector@518bfd90{HTTP/1.1,[http/1.1]}{0.0.0.0:0}
2019-11-05 11:28:37,584 [main] INFO  handler.ContextHandler (ContextHandler.java:doStop(910)) - Stopped o.e.j.s.ServletContextHandler@5e7c141d{/static,jar:file:/home/user/.m2/repository/org/apache/hadoop/hadoop-hdds-container-service/0.5.0-SNAPSHOT/hadoop-hdds-container-service-0.5.0-SNAPSHOT.jar!/webapps/static,UNAVAILABLE}
2019-11-05 11:28:37,585 [main] INFO  handler.ContextHandler (ContextHandler.java:doStop(910)) - Stopped o.e.j.s.ServletContextHandler@378cfecf{/logs,file:///workdir/hadoop-ozone/integration-test/target/log,UNAVAILABLE}
2019-11-05 11:28:37,587 [ForkJoinPool.commonPool-worker-0] INFO  utils.BackgroundService (BackgroundService.java:shutdown(151)) - Shutting down service BlockDeletingService
2019-11-05 11:28:37,595 [ForkJoinPool.commonPool-worker-0] INFO  statemachine.DatanodeStateMachine (DatanodeStateMachine.java:stopDaemon(395)) - Ozone container server stopped.
2019-11-05 11:28:37,607 [ForkJoinPool.commonPool-worker-0] INFO  handler.ContextHandler (ContextHandler.java:doStop(910)) - Stopped o.e.j.w.WebAppContext@5df778c3{/,null,UNAVAILABLE}{/hddsDatanode}
2019-11-05 11:28:37,608 [ForkJoinPool.commonPool-worker-0] INFO  server.AbstractConnector (AbstractConnector.java:doStop(318)) - Stopped ServerConnector@895416d{HTTP/1.1,[http/1.1]}{0.0.0.0:0}
2019-11-05 11:28:37,611 [Thread-1856] INFO  impl.FollowerState (FollowerState.java:run(108)) - f7e9932d-fd96-469a-9353-68e47138e5ff@group-21C72E9484D5-FollowerState: change to CANDIDATE, lastRpcTime:160ms, electionTimeout:159ms
2019-11-05 11:28:37,612 [ForkJoinPool.commonPool-worker-0] INFO  handler.ContextHandler (ContextHandler.java:doStop(910)) - Stopped o.e.j.s.ServletContextHandler@2f236de0{/static,jar:file:/home/user/.m2/repository/org/apache/hadoop/hadoop-hdds-container-service/0.5.0-SNAPSHOT/hadoop-hdds-container-service-0.5.0-SNAPSHOT.jar!/webapps/static,UNAVAILABLE}
2019-11-05 11:28:37,612 [Thread-1856] INFO  impl.RoleInfo (RoleInfo.java:shutdownFollowerState(121)) - f7e9932d-fd96-469a-9353-68e47138e5ff: shutdown FollowerState
2019-11-05 11:28:37,612 [Thread-1856] INFO  impl.RaftServerImpl (RaftServerImpl.java:setRole(184)) - f7e9932d-fd96-469a-9353-68e47138e5ff@group-21C72E9484D5: changes role from  FOLLOWER to CANDIDATE at term 112 for changeToCandidate
2019-11-05 11:28:37,612 [Thread-1856] INFO  impl.RoleInfo (RoleInfo.java:updateAndGet(143)) - f7e9932d-fd96-469a-9353-68e47138e5ff: start LeaderElection
2019-11-05 11:28:37,628 [ForkJoinPool.commonPool-worker-0] INFO  handler.ContextHandler (ContextHandler.java:doStop(910)) - Stopped o.e.j.s.ServletContextHandler@2643d762{/logs,file:///workdir/hadoop-ozone/integration-test/target/log,UNAVAILABLE}
2019-11-05 11:28:37,645 [Thread-1862] INFO  impl.FollowerState (FollowerState.java:run(108)) - 687f579d-1680-4dd5-8b24-01f078298cef@group-E95DC8E8582E-FollowerState: change to CANDIDATE, lastRpcTime:91ms, electionTimeout:90ms
2019-11-05 11:28:37,646 [Thread-1862] INFO  impl.RoleInfo (RoleInfo.java:shutdownFollowerState(121)) - 687f579d-1680-4dd5-8b24-01f078298cef: shutdown FollowerState
2019-11-05 11:28:37,646 [Thread-1862] INFO  impl.RaftServerImpl (RaftServerImpl.java:setRole(184)) - 687f579d-1680-4dd5-8b24-01f078298cef@group-E95DC8E8582E: changes role from  FOLLOWER to CANDIDATE at term 126 for changeToCandidate
2019-11-05 11:28:37,646 [Thread-1862] INFO  impl.RoleInfo (RoleInfo.java:updateAndGet(143)) - 687f579d-1680-4dd5-8b24-01f078298cef: start LeaderElection
2019-11-05 11:28:37,656 [f7e9932d-fd96-469a-9353-68e47138e5ff@group-21C72E9484D5-LeaderElection189] INFO  impl.LeaderElection (LeaderElection.java:askForVotes(178)) - f7e9932d-fd96-469a-9353-68e47138e5ff@group-21C72E9484D5-LeaderElection189: begin an election at term 113 for -1: [f7e9932d-fd96-469a-9353-68e47138e5ff:192.168.157.252:45025, 1eca16cc-5184-4e43-8e55-175d1516eae4:192.168.157.252:41127, 74a8fb36-eab9-4c53-b7cf-c565055de05a:192.168.157.252:42370], old=null
2019-11-05 11:28:37,656 [687f579d-1680-4dd5-8b24-01f078298cef@group-E95DC8E8582E-LeaderElection190] INFO  impl.LeaderElection (LeaderElection.java:askForVotes(178)) - 687f579d-1680-4dd5-8b24-01f078298cef@group-E95DC8E8582E-LeaderElection190: begin an election at term 127 for -1: [90ecfa43-dab6-49d9-b30c-40ef62bfdf2a:192.168.157.252:34192, 687f579d-1680-4dd5-8b24-01f078298cef:192.168.157.252:37962, b8bf4e9b-064a-4520-981c-d6c40c833497:192.168.157.252:43407], old=null
2019-11-05 11:28:37,659 [grpc-default-executor-9] INFO  impl.RaftServerImpl (RaftServerImpl.java:setRole(184)) - 74a8fb36-eab9-4c53-b7cf-c565055de05a@group-21C72E9484D5: changes role from  FOLLOWER to FOLLOWER at term 113 for recognizeCandidate:f7e9932d-fd96-469a-9353-68e47138e5ff
2019-11-05 11:28:37,659 [grpc-default-executor-9] INFO  impl.RoleInfo (RoleInfo.java:shutdownFollowerState(121)) - 74a8fb36-eab9-4c53-b7cf-c565055de05a: shutdown FollowerState
2019-11-05 11:28:37,660 [grpc-default-executor-9] INFO  impl.RoleInfo (RoleInfo.java:updateAndGet(143)) - 74a8fb36-eab9-4c53-b7cf-c565055de05a: start FollowerState
2019-11-05 11:28:37,660 [Thread-1854] INFO  impl.FollowerState (FollowerState.java:run(117)) - 74a8fb36-eab9-4c53-b7cf-c565055de05a@group-21C72E9484D5-FollowerState was interrupted: java.lang.InterruptedException: sleep interrupted
2019-11-05 11:28:37,660 [grpc-default-executor-5] INFO  impl.RaftServerImpl (RaftServerImpl.java:setRole(184)) - 90ecfa43-dab6-49d9-b30c-40ef62bfdf2a@group-E95DC8E8582E: changes role from  FOLLOWER to FOLLOWER at term 127 for recognizeCandidate:687f579d-1680-4dd5-8b24-01f078298cef
2019-11-05 11:28:37,660 [grpc-default-executor-11] INFO  impl.RaftServerImpl (RaftServerImpl.java:setRole(184)) - 1eca16cc-5184-4e43-8e55-175d1516eae4@group-21C72E9484D5: changes role from  FOLLOWER to FOLLOWER at term 113 for recognizeCandidate:f7e9932d-fd96-469a-9353-68e47138e5ff
2019-11-05 11:28:37,660 [grpc-default-executor-11] INFO  impl.RoleInfo (RoleInfo.java:shutdownFollowerState(121)) - 1eca16cc-5184-4e43-8e55-175d1516eae4: shutdown FollowerState
2019-11-05 11:28:37,660 [grpc-default-executor-11] INFO  impl.RoleInfo (RoleInfo.java:updateAndGet(143)) - 1eca16cc-5184-4e43-8e55-175d1516eae4: start FollowerState
2019-11-05 11:28:37,660 [grpc-default-executor-4] INFO  impl.RaftServerImpl (RaftServerImpl.java:setRole(184)) - b8bf4e9b-064a-4520-981c-d6c40c833497@group-E95DC8E8582E: changes role from  FOLLOWER to FOLLOWER at term 127 for recognizeCandidate:687f579d-1680-4dd5-8b24-01f078298cef
2019-11-05 11:28:37,661 [grpc-default-executor-4] INFO  impl.RoleInfo (RoleInfo.java:shutdownFollowerState(121)) - b8bf4e9b-064a-4520-981c-d6c40c833497: shutdown FollowerState
2019-11-05 11:28:37,660 [grpc-default-executor-5] INFO  impl.RoleInfo (RoleInfo.java:shutdownFollowerState(121)) - 90ecfa43-dab6-49d9-b30c-40ef62bfdf2a: shutdown FollowerState
2019-11-05 11:28:37,661 [grpc-default-executor-4] INFO  impl.RoleInfo (RoleInfo.java:updateAndGet(143)) - b8bf4e9b-064a-4520-981c-d6c40c833497: start FollowerState
2019-11-05 11:28:37,661 [Thread-1860] INFO  impl.FollowerState (FollowerState.java:run(117)) - b8bf4e9b-064a-4520-981c-d6c40c833497@group-E95DC8E8582E-FollowerState was interrupted: java.lang.InterruptedException: sleep interrupted
2019-11-05 11:28:37,660 [Thread-1855] INFO  impl.FollowerState (FollowerState.java:run(117)) - 1eca16cc-5184-4e43-8e55-175d1516eae4@group-21C72E9484D5-FollowerState was interrupted: java.lang.InterruptedException: sleep interrupted
2019-11-05 11:28:37,661 [Thread-1861] INFO  impl.FollowerState (FollowerState.java:run(117)) - 90ecfa43-dab6-49d9-b30c-40ef62bfdf2a@group-E95DC8E8582E-FollowerState was interrupted: java.lang.InterruptedException: sleep interrupted
2019-11-05 11:28:37,661 [grpc-default-executor-5] INFO  impl.RoleInfo (RoleInfo.java:updateAndGet(143)) - 90ecfa43-dab6-49d9-b30c-40ef62bfdf2a: start FollowerState
2019-11-05 11:28:37,668 [687f579d-1680-4dd5-8b24-01f078298cef@group-E95DC8E8582E-LeaderElection190] INFO  impl.LeaderElection (LeaderElection.java:logAndReturn(56)) - 687f579d-1680-4dd5-8b24-01f078298cef@group-E95DC8E8582E-LeaderElection190: Election REJECTED; received 2 response(s) [687f579d-1680-4dd5-8b24-01f078298cef<-90ecfa43-dab6-49d9-b30c-40ef62bfdf2a#0:FAIL-t127, 687f579d-1680-4dd5-8b24-01f078298cef<-b8bf4e9b-064a-4520-981c-d6c40c833497#0:FAIL-t127] and 0 exception(s); 687f579d-1680-4dd5-8b24-01f078298cef@group-E95DC8E8582E:t127, leader=null, voted=687f579d-1680-4dd5-8b24-01f078298cef, raftlog=687f579d-1680-4dd5-8b24-01f078298cef@group-E95DC8E8582E-SegmentedRaftLog:OPENED:c-1,f-1,i0, conf=-1: [90ecfa43-dab6-49d9-b30c-40ef62bfdf2a:192.168.157.252:34192, 687f579d-1680-4dd5-8b24-01f078298cef:192.168.157.252:37962, b8bf4e9b-064a-4520-981c-d6c40c833497:192.168.157.252:43407], old=null
2019-11-05 11:28:37,669 [687f579d-1680-4dd5-8b24-01f078298cef@group-E95DC8E8582E-LeaderElection190] INFO  impl.RaftServerImpl (RaftServerImpl.java:setRole(184)) - 687f579d-1680-4dd5-8b24-01f078298cef@group-E95DC8E8582E: changes role from CANDIDATE to FOLLOWER at term 127 for DISCOVERED_A_NEW_TERM
2019-11-05 11:28:37,669 [f7e9932d-fd96-469a-9353-68e47138e5ff@group-21C72E9484D5-LeaderElection189] INFO  impl.LeaderElection (LeaderElection.java:logAndReturn(56)) - f7e9932d-fd96-469a-9353-68e47138e5ff@group-21C72E9484D5-LeaderElection189: Election REJECTED; received 2 response(s) [f7e9932d-fd96-469a-9353-68e47138e5ff<-1eca16cc-5184-4e43-8e55-175d1516eae4#0:FAIL-t113, f7e9932d-fd96-469a-9353-68e47138e5ff<-74a8fb36-eab9-4c53-b7cf-c565055de05a#0:FAIL-t113] and 0 exception(s); f7e9932d-fd96-469a-9353-68e47138e5ff@group-21C72E9484D5:t113, leader=null, voted=f7e9932d-fd96-469a-9353-68e47138e5ff, raftlog=f7e9932d-fd96-469a-9353-68e47138e5ff@group-21C72E9484D5-SegmentedRaftLog:OPENED:c-1,f-1,i0, conf=-1: [f7e9932d-fd96-469a-9353-68e47138e5ff:192.168.157.252:45025, 1eca16cc-5184-4e43-8e55-175d1516eae4:192.168.157.252:41127, 74a8fb36-eab9-4c53-b7cf-c565055de05a:192.168.157.252:42370], old=null
2019-11-05 11:28:37,669 [687f579d-1680-4dd5-8b24-01f078298cef@group-E95DC8E8582E-LeaderElection190] INFO  impl.RoleInfo (RoleInfo.java:shutdownLeaderElection(134)) - 687f579d-1680-4dd5-8b24-01f078298cef: shutdown LeaderElection
2019-11-05 11:28:37,669 [f7e9932d-fd96-469a-9353-68e47138e5ff@group-21C72E9484D5-LeaderElection189] INFO  impl.RaftServerImpl (RaftServerImpl.java:setRole(184)) - f7e9932d-fd96-469a-9353-68e47138e5ff@group-21C72E9484D5: changes role from CANDIDATE to FOLLOWER at term 113 for DISCOVERED_A_NEW_TERM
2019-11-05 11:28:37,669 [687f579d-1680-4dd5-8b24-01f078298cef@group-E95DC8E8582E-LeaderElection190] INFO  impl.RoleInfo (RoleInfo.java:updateAndGet(143)) - 687f579d-1680-4dd5-8b24-01f078298cef: start FollowerState
2019-11-05 11:28:37,669 [f7e9932d-fd96-469a-9353-68e47138e5ff@group-21C72E9484D5-LeaderElection189] INFO  impl.RoleInfo (RoleInfo.java:shutdownLeaderElection(134)) - f7e9932d-fd96-469a-9353-68e47138e5ff: shutdown LeaderElection
2019-11-05 11:28:37,670 [f7e9932d-fd96-469a-9353-68e47138e5ff@group-21C72E9484D5-LeaderElection189] INFO  impl.RoleInfo (RoleInfo.java:updateAndGet(143)) - f7e9932d-fd96-469a-9353-68e47138e5ff: start FollowerState
2019-11-05 11:28:37,835 [Thread-1874] INFO  impl.FollowerState (FollowerState.java:run(108)) - f7e9932d-fd96-469a-9353-68e47138e5ff@group-21C72E9484D5-FollowerState: change to CANDIDATE, lastRpcTime:165ms, electionTimeout:165ms
2019-11-05 11:28:37,835 [Thread-1874] INFO  impl.RoleInfo (RoleInfo.java:shutdownFollowerState(121)) - f7e9932d-fd96-469a-9353-68e47138e5ff: shutdown FollowerState
2019-11-05 11:28:37,835 [Thread-1874] INFO  impl.RaftServerImpl (RaftServerImpl.java:setRole(184)) - f7e9932d-fd96-469a-9353-68e47138e5ff@group-21C72E9484D5: changes role from  FOLLOWER to CANDIDATE at term 113 for changeToCandidate
2019-11-05 11:28:37,835 [Thread-1874] INFO  impl.RoleInfo (RoleInfo.java:updateAndGet(143)) - f7e9932d-fd96-469a-9353-68e47138e5ff: start LeaderElection
2019-11-05 11:28:37,859 [Thread-1873] INFO  impl.FollowerState (FollowerState.java:run(108)) - 687f579d-1680-4dd5-8b24-01f078298cef@group-E95DC8E8582E-FollowerState: change to CANDIDATE, lastRpcTime:189ms, electionTimeout:189ms
2019-11-05 11:28:37,859 [Thread-1873] INFO  impl.RoleInfo (RoleInfo.java:shutdownFollowerState(121)) - 687f579d-1680-4dd5-8b24-01f078298cef: shutdown FollowerState
2019-11-05 11:28:37,859 [Thread-1873] INFO  impl.RaftServerImpl (RaftServerImpl.java:setRole(184)) - 687f579d-1680-4dd5-8b24-01f078298cef@group-E95DC8E8582E: changes role from  FOLLOWER to CANDIDATE at term 127 for changeToCandidate
2019-11-05 11:28:37,859 [Thread-1873] INFO  impl.RoleInfo (RoleInfo.java:updateAndGet(143)) - 687f579d-1680-4dd5-8b24-01f078298cef: start LeaderElection
2019-11-05 11:28:38,029 [Datanode State Machine Thread - 0] INFO  statemachine.DatanodeStateMachine (DatanodeStateMachine.java:lambda$startDaemon$0(350)) - Ozone container server started.
2019-11-05 11:28:38,115 [687f579d-1680-4dd5-8b24-01f078298cef@group-E95DC8E8582E-LeaderElection192] INFO  impl.LeaderElection (LeaderElection.java:askForVotes(178)) - 687f579d-1680-4dd5-8b24-01f078298cef@group-E95DC8E8582E-LeaderElection192: begin an election at term 128 for -1: [90ecfa43-dab6-49d9-b30c-40ef62bfdf2a:192.168.157.252:34192, 687f579d-1680-4dd5-8b24-01f078298cef:192.168.157.252:37962, b8bf4e9b-064a-4520-981c-d6c40c833497:192.168.157.252:43407], old=null
2019-11-05 11:28:38,115 [f7e9932d-fd96-469a-9353-68e47138e5ff@group-21C72E9484D5-LeaderElection191] INFO  impl.LeaderElection (LeaderElection.java:askForVotes(178)) - f7e9932d-fd96-469a-9353-68e47138e5ff@group-21C72E9484D5-LeaderElection191: begin an election at term 114 for -1: [f7e9932d-fd96-469a-9353-68e47138e5ff:192.168.157.252:45025, 1eca16cc-5184-4e43-8e55-175d1516eae4:192.168.157.252:41127, 74a8fb36-eab9-4c53-b7cf-c565055de05a:192.168.157.252:42370], old=null
2019-11-05 11:28:38,117 [grpc-default-executor-4] INFO  impl.RaftServerImpl (RaftServerImpl.java:setRole(184)) - b8bf4e9b-064a-4520-981c-d6c40c833497@group-E95DC8E8582E: changes role from  FOLLOWER to FOLLOWER at term 128 for recognizeCandidate:687f579d-1680-4dd5-8b24-01f078298cef
2019-11-05 11:28:38,117 [grpc-default-executor-11] INFO  impl.RaftServerImpl (RaftServerImpl.java:setRole(184)) - 74a8fb36-eab9-4c53-b7cf-c565055de05a@group-21C72E9484D5: changes role from  FOLLOWER to FOLLOWER at term 114 for recognizeCandidate:f7e9932d-fd96-469a-9353-68e47138e5ff
2019-11-05 11:28:38,118 [grpc-default-executor-4] INFO  impl.RoleInfo (RoleInfo.java:shutdownFollowerState(121)) - b8bf4e9b-064a-4520-981c-d6c40c833497: shutdown FollowerState
2019-11-05 11:28:38,118 [grpc-default-executor-11] INFO  impl.RoleInfo (RoleInfo.java:shutdownFollowerState(121)) - 74a8fb36-eab9-4c53-b7cf-c565055de05a: shutdown FollowerState
2019-11-05 11:28:38,118 [grpc-default-executor-4] INFO  impl.RoleInfo (RoleInfo.java:updateAndGet(143)) - b8bf4e9b-064a-4520-981c-d6c40c833497: start FollowerState
2019-11-05 11:28:38,118 [Thread-1869] INFO  impl.FollowerState (FollowerState.java:run(117)) - 74a8fb36-eab9-4c53-b7cf-c565055de05a@group-21C72E9484D5-FollowerState was interrupted: java.lang.InterruptedException: sleep interrupted
2019-11-05 11:28:38,118 [Thread-1871] INFO  impl.FollowerState (FollowerState.java:run(117)) - b8bf4e9b-064a-4520-981c-d6c40c833497@group-E95DC8E8582E-FollowerState was interrupted: java.lang.InterruptedException: sleep interrupted
2019-11-05 11:28:38,118 [grpc-default-executor-11] INFO  impl.RoleInfo (RoleInfo.java:updateAndGet(143)) - 74a8fb36-eab9-4c53-b7cf-c565055de05a: start FollowerState
2019-11-05 11:28:38,119 [grpc-default-executor-5] INFO  impl.RaftServerImpl (RaftServerImpl.java:setRole(184)) - 1eca16cc-5184-4e43-8e55-175d1516eae4@group-21C72E9484D5: changes role from  FOLLOWER to FOLLOWER at term 114 for recognizeCandidate:f7e9932d-fd96-469a-9353-68e47138e5ff
2019-11-05 11:28:38,120 [grpc-default-executor-5] INFO  impl.RoleInfo (RoleInfo.java:shutdownFollowerState(121)) - 1eca16cc-5184-4e43-8e55-175d1516eae4: shutdown FollowerState
2019-11-05 11:28:38,119 [grpc-default-executor-9] INFO  impl.RaftServerImpl (RaftServerImpl.java:setRole(184)) - 90ecfa43-dab6-49d9-b30c-40ef62bfdf2a@group-E95DC8E8582E: changes role from  FOLLOWER to FOLLOWER at term 128 for recognizeCandidate:687f579d-1680-4dd5-8b24-01f078298cef
2019-11-05 11:28:38,120 [grpc-default-executor-9] INFO  impl.RoleInfo (RoleInfo.java:shutdownFollowerState(121)) - 90ecfa43-dab6-49d9-b30c-40ef62bfdf2a: shutdown FollowerState
2019-11-05 11:28:38,120 [grpc-default-executor-5] INFO  impl.RoleInfo (RoleInfo.java:updateAndGet(143)) - 1eca16cc-5184-4e43-8e55-175d1516eae4: start FollowerState
2019-11-05 11:28:38,120 [Thread-1872] INFO  impl.FollowerState (FollowerState.java:run(117)) - 90ecfa43-dab6-49d9-b30c-40ef62bfdf2a@group-E95DC8E8582E-FollowerState was interrupted: java.lang.InterruptedException: sleep interrupted
2019-11-05 11:28:38,120 [grpc-default-executor-9] INFO  impl.RoleInfo (RoleInfo.java:updateAndGet(143)) - 90ecfa43-dab6-49d9-b30c-40ef62bfdf2a: start FollowerState
2019-11-05 11:28:38,120 [Thread-1870] INFO  impl.FollowerState (FollowerState.java:run(117)) - 1eca16cc-5184-4e43-8e55-175d1516eae4@group-21C72E9484D5-FollowerState was interrupted: java.lang.InterruptedException: sleep interrupted
2019-11-05 11:28:38,139 [687f579d-1680-4dd5-8b24-01f078298cef@group-E95DC8E8582E-LeaderElection192] INFO  impl.LeaderElection (LeaderElection.java:logAndReturn(56)) - 687f579d-1680-4dd5-8b24-01f078298cef@group-E95DC8E8582E-LeaderElection192: Election REJECTED; received 2 response(s) [687f579d-1680-4dd5-8b24-01f078298cef<-90ecfa43-dab6-49d9-b30c-40ef62bfdf2a#0:FAIL-t128, 687f579d-1680-4dd5-8b24-01f078298cef<-b8bf4e9b-064a-4520-981c-d6c40c833497#0:FAIL-t128] and 0 exception(s); 687f579d-1680-4dd5-8b24-01f078298cef@group-E95DC8E8582E:t128, leader=null, voted=687f579d-1680-4dd5-8b24-01f078298cef, raftlog=687f579d-1680-4dd5-8b24-01f078298cef@group-E95DC8E8582E-SegmentedRaftLog:OPENED:c-1,f-1,i0, conf=-1: [90ecfa43-dab6-49d9-b30c-40ef62bfdf2a:192.168.157.252:34192, 687f579d-1680-4dd5-8b24-01f078298cef:192.168.157.252:37962, b8bf4e9b-064a-4520-981c-d6c40c833497:192.168.157.252:43407], old=null
2019-11-05 11:28:38,139 [f7e9932d-fd96-469a-9353-68e47138e5ff@group-21C72E9484D5-LeaderElection191] INFO  impl.LeaderElection (LeaderElection.java:logAndReturn(56)) - f7e9932d-fd96-469a-9353-68e47138e5ff@group-21C72E9484D5-LeaderElection191: Election REJECTED; received 2 response(s) [f7e9932d-fd96-469a-9353-68e47138e5ff<-1eca16cc-5184-4e43-8e55-175d1516eae4#0:FAIL-t114, f7e9932d-fd96-469a-9353-68e47138e5ff<-74a8fb36-eab9-4c53-b7cf-c565055de05a#0:FAIL-t114] and 0 exception(s); f7e9932d-fd96-469a-9353-68e47138e5ff@group-21C72E9484D5:t114, leader=null, voted=f7e9932d-fd96-469a-9353-68e47138e5ff, raftlog=f7e9932d-fd96-469a-9353-68e47138e5ff@group-21C72E9484D5-SegmentedRaftLog:OPENED:c-1,f-1,i0, conf=-1: [f7e9932d-fd96-469a-9353-68e47138e5ff:192.168.157.252:45025, 1eca16cc-5184-4e43-8e55-175d1516eae4:192.168.157.252:41127, 74a8fb36-eab9-4c53-b7cf-c565055de05a:192.168.157.252:42370], old=null
2019-11-05 11:28:38,139 [687f579d-1680-4dd5-8b24-01f078298cef@group-E95DC8E8582E-LeaderElection192] INFO  impl.RaftServerImpl (RaftServerImpl.java:setRole(184)) - 687f579d-1680-4dd5-8b24-01f078298cef@group-E95DC8E8582E: changes role from CANDIDATE to FOLLOWER at term 128 for DISCOVERED_A_NEW_TERM
2019-11-05 11:28:38,140 [f7e9932d-fd96-469a-9353-68e47138e5ff@group-21C72E9484D5-LeaderElection191] INFO  impl.RaftServerImpl (RaftServerImpl.java:setRole(184)) - f7e9932d-fd96-469a-9353-68e47138e5ff@group-21C72E9484D5: changes role from CANDIDATE to FOLLOWER at term 114 for DISCOVERED_A_NEW_TERM
2019-11-05 11:28:38,140 [687f579d-1680-4dd5-8b24-01f078298cef@group-E95DC8E8582E-LeaderElection192] INFO  impl.RoleInfo (RoleInfo.java:shutdownLeaderElection(134)) - 687f579d-1680-4dd5-8b24-01f078298cef: shutdown LeaderElection
2019-11-05 11:28:38,140 [687f579d-1680-4dd5-8b24-01f078298cef@group-E95DC8E8582E-LeaderElection192] INFO  impl.RoleInfo (RoleInfo.java:updateAndGet(143)) - 687f579d-1680-4dd5-8b24-01f078298cef: start FollowerState
2019-11-05 11:28:38,140 [f7e9932d-fd96-469a-9353-68e47138e5ff@group-21C72E9484D5-LeaderElection191] INFO  impl.RoleInfo (RoleInfo.java:shutdownLeaderElection(134)) - f7e9932d-fd96-469a-9353-68e47138e5ff: shutdown LeaderElection
2019-11-05 11:28:38,140 [f7e9932d-fd96-469a-9353-68e47138e5ff@group-21C72E9484D5-LeaderElection191] INFO  impl.RoleInfo (RoleInfo.java:updateAndGet(143)) - f7e9932d-fd96-469a-9353-68e47138e5ff: start FollowerState
2019-11-05 11:28:38,158 [Thread-1886] INFO  impl.FollowerState (FollowerState.java:run(108)) - f7e9932d-fd96-469a-9353-68e47138e5ff@group-21C72E9484D5-FollowerState: change to CANDIDATE, lastRpcTime:18ms, electionTimeout:18ms
2019-11-05 11:28:38,159 [Thread-1886] INFO  impl.RoleInfo (RoleInfo.java:shutdownFollowerState(121)) - f7e9932d-fd96-469a-9353-68e47138e5ff: shutdown FollowerState
2019-11-05 11:28:38,159 [Thread-1886] INFO  impl.RaftServerImpl (RaftServerImpl.java:setRole(184)) - f7e9932d-fd96-469a-9353-68e47138e5ff@group-21C72E9484D5: changes role from  FOLLOWER to CANDIDATE at term 114 for changeToCandidate
2019-11-05 11:28:38,159 [Thread-1886] INFO  impl.RoleInfo (RoleInfo.java:updateAndGet(143)) - f7e9932d-fd96-469a-9353-68e47138e5ff: start LeaderElection
2019-11-05 11:28:38,166 [f7e9932d-fd96-469a-9353-68e47138e5ff@group-21C72E9484D5-LeaderElection193] INFO  impl.LeaderElection (LeaderElection.java:askForVotes(178)) - f7e9932d-fd96-469a-9353-68e47138e5ff@group-21C72E9484D5-LeaderElection193: begin an election at term 115 for -1: [f7e9932d-fd96-469a-9353-68e47138e5ff:192.168.157.252:45025, 1eca16cc-5184-4e43-8e55-175d1516eae4:192.168.157.252:41127, 74a8fb36-eab9-4c53-b7cf-c565055de05a:192.168.157.252:42370], old=null
2019-11-05 11:28:38,169 [grpc-default-executor-4] INFO  impl.RaftServerImpl (RaftServerImpl.java:setRole(184)) - 1eca16cc-5184-4e43-8e55-175d1516eae4@group-21C72E9484D5: changes role from  FOLLOWER to FOLLOWER at term 115 for recognizeCandidate:f7e9932d-fd96-469a-9353-68e47138e5ff
2019-11-05 11:28:38,169 [grpc-default-executor-4] INFO  impl.RoleInfo (RoleInfo.java:shutdownFollowerState(121)) - 1eca16cc-5184-4e43-8e55-175d1516eae4: shutdown FollowerState
2019-11-05 11:28:38,169 [grpc-default-executor-4] INFO  impl.RoleInfo (RoleInfo.java:updateAndGet(143)) - 1eca16cc-5184-4e43-8e55-175d1516eae4: start FollowerState
2019-11-05 11:28:38,170 [grpc-default-executor-5] INFO  impl.RaftServerImpl (RaftServerImpl.java:setRole(184)) - 74a8fb36-eab9-4c53-b7cf-c565055de05a@group-21C72E9484D5: changes role from  FOLLOWER to FOLLOWER at term 115 for recognizeCandidate:f7e9932d-fd96-469a-9353-68e47138e5ff
2019-11-05 11:28:38,170 [grpc-default-executor-5] INFO  impl.RoleInfo (RoleInfo.java:shutdownFollowerState(121)) - 74a8fb36-eab9-4c53-b7cf-c565055de05a: shutdown FollowerState
2019-11-05 11:28:38,170 [grpc-default-executor-5] INFO  impl.RoleInfo (RoleInfo.java:updateAndGet(143)) - 74a8fb36-eab9-4c53-b7cf-c565055de05a: start FollowerState
2019-11-05 11:28:38,170 [Thread-1882] INFO  impl.FollowerState (FollowerState.java:run(117)) - 74a8fb36-eab9-4c53-b7cf-c565055de05a@group-21C72E9484D5-FollowerState was interrupted: java.lang.InterruptedException: sleep interrupted
2019-11-05 11:28:38,171 [Thread-1883] INFO  impl.FollowerState (FollowerState.java:run(117)) - 1eca16cc-5184-4e43-8e55-175d1516eae4@group-21C72E9484D5-FollowerState was interrupted: java.lang.InterruptedException: sleep interrupted
2019-11-05 11:28:38,178 [f7e9932d-fd96-469a-9353-68e47138e5ff@group-21C72E9484D5-LeaderElection193] INFO  impl.LeaderElection (LeaderElection.java:logAndReturn(56)) - f7e9932d-fd96-469a-9353-68e47138e5ff@group-21C72E9484D5-LeaderElection193: Election REJECTED; received 2 response(s) [f7e9932d-fd96-469a-9353-68e47138e5ff<-1eca16cc-5184-4e43-8e55-175d1516eae4#0:FAIL-t115, f7e9932d-fd96-469a-9353-68e47138e5ff<-74a8fb36-eab9-4c53-b7cf-c565055de05a#0:FAIL-t115] and 0 exception(s); f7e9932d-fd96-469a-9353-68e47138e5ff@group-21C72E9484D5:t115, leader=null, voted=f7e9932d-fd96-469a-9353-68e47138e5ff, raftlog=f7e9932d-fd96-469a-9353-68e47138e5ff@group-21C72E9484D5-SegmentedRaftLog:OPENED:c-1,f-1,i0, conf=-1: [f7e9932d-fd96-469a-9353-68e47138e5ff:192.168.157.252:45025, 1eca16cc-5184-4e43-8e55-175d1516eae4:192.168.157.252:41127, 74a8fb36-eab9-4c53-b7cf-c565055de05a:192.168.157.252:42370], old=null
2019-11-05 11:28:38,178 [f7e9932d-fd96-469a-9353-68e47138e5ff@group-21C72E9484D5-LeaderElection193] INFO  impl.RaftServerImpl (RaftServerImpl.java:setRole(184)) - f7e9932d-fd96-469a-9353-68e47138e5ff@group-21C72E9484D5: changes role from CANDIDATE to FOLLOWER at term 115 for DISCOVERED_A_NEW_TERM
2019-11-05 11:28:38,178 [f7e9932d-fd96-469a-9353-68e47138e5ff@group-21C72E9484D5-LeaderElection193] INFO  impl.RoleInfo (RoleInfo.java:shutdownLeaderElection(134)) - f7e9932d-fd96-469a-9353-68e47138e5ff: shutdown LeaderElection
2019-11-05 11:28:38,178 [f7e9932d-fd96-469a-9353-68e47138e5ff@group-21C72E9484D5-LeaderElection193] INFO  impl.RoleInfo (RoleInfo.java:updateAndGet(143)) - f7e9932d-fd96-469a-9353-68e47138e5ff: start FollowerState
2019-11-05 11:28:38,250 [Thread-1885] INFO  impl.FollowerState (FollowerState.java:run(108)) - 687f579d-1680-4dd5-8b24-01f078298cef@group-E95DC8E8582E-FollowerState: change to CANDIDATE, lastRpcTime:110ms, electionTimeout:110ms
2019-11-05 11:28:38,251 [Thread-1885] INFO  impl.RoleInfo (RoleInfo.java:shutdownFollowerState(121)) - 687f579d-1680-4dd5-8b24-01f078298cef: shutdown FollowerState
2019-11-05 11:28:38,251 [Thread-1885] INFO  impl.RaftServerImpl (RaftServerImpl.java:setRole(184)) - 687f579d-1680-4dd5-8b24-01f078298cef@group-E95DC8E8582E: changes role from  FOLLOWER to CANDIDATE at term 128 for changeToCandidate
2019-11-05 11:28:38,251 [Thread-1885] INFO  impl.RoleInfo (RoleInfo.java:updateAndGet(143)) - 687f579d-1680-4dd5-8b24-01f078298cef: start LeaderElection
2019-11-05 11:28:38,266 [687f579d-1680-4dd5-8b24-01f078298cef@group-E95DC8E8582E-LeaderElection194] INFO  impl.LeaderElection (LeaderElection.java:askForVotes(178)) - 687f579d-1680-4dd5-8b24-01f078298cef@group-E95DC8E8582E-LeaderElection194: begin an election at term 129 for -1: [90ecfa43-dab6-49d9-b30c-40ef62bfdf2a:192.168.157.252:34192, 687f579d-1680-4dd5-8b24-01f078298cef:192.168.157.252:37962, b8bf4e9b-064a-4520-981c-d6c40c833497:192.168.157.252:43407], old=null
2019-11-05 11:28:38,269 [grpc-default-executor-4] INFO  impl.RaftServerImpl (RaftServerImpl.java:setRole(184)) - b8bf4e9b-064a-4520-981c-d6c40c833497@group-E95DC8E8582E: changes role from  FOLLOWER to FOLLOWER at term 129 for recognizeCandidate:687f579d-1680-4dd5-8b24-01f078298cef
2019-11-05 11:28:38,269 [grpc-default-executor-4] INFO  impl.RoleInfo (RoleInfo.java:shutdownFollowerState(121)) - b8bf4e9b-064a-4520-981c-d6c40c833497: shutdown FollowerState
2019-11-05 11:28:38,269 [grpc-default-executor-4] INFO  impl.RoleInfo (RoleInfo.java:updateAndGet(143)) - b8bf4e9b-064a-4520-981c-d6c40c833497: start FollowerState
2019-11-05 11:28:38,270 [Thread-1881] INFO  impl.FollowerState (FollowerState.java:run(117)) - b8bf4e9b-064a-4520-981c-d6c40c833497@group-E95DC8E8582E-FollowerState was interrupted: java.lang.InterruptedException: sleep interrupted
2019-11-05 11:28:38,269 [grpc-default-executor-5] INFO  impl.RaftServerImpl (RaftServerImpl.java:setRole(184)) - 90ecfa43-dab6-49d9-b30c-40ef62bfdf2a@group-E95DC8E8582E: changes role from  FOLLOWER to FOLLOWER at term 129 for recognizeCandidate:687f579d-1680-4dd5-8b24-01f078298cef
2019-11-05 11:28:38,271 [grpc-default-executor-5] INFO  impl.RoleInfo (RoleInfo.java:shutdownFollowerState(121)) - 90ecfa43-dab6-49d9-b30c-40ef62bfdf2a: shutdown FollowerState
2019-11-05 11:28:38,271 [grpc-default-executor-5] INFO  impl.RoleInfo (RoleInfo.java:updateAndGet(143)) - 90ecfa43-dab6-49d9-b30c-40ef62bfdf2a: start FollowerState
2019-11-05 11:28:38,271 [Thread-1884] INFO  impl.FollowerState (FollowerState.java:run(117)) - 90ecfa43-dab6-49d9-b30c-40ef62bfdf2a@group-E95DC8E8582E-FollowerState was interrupted: java.lang.InterruptedException: sleep interrupted
2019-11-05 11:28:38,288 [687f579d-1680-4dd5-8b24-01f078298cef@group-E95DC8E8582E-LeaderElection194] INFO  impl.LeaderElection (LeaderElection.java:logAndReturn(56)) - 687f579d-1680-4dd5-8b24-01f078298cef@group-E95DC8E8582E-LeaderElection194: Election REJECTED; received 2 response(s) [687f579d-1680-4dd5-8b24-01f078298cef<-90ecfa43-dab6-49d9-b30c-40ef62bfdf2a#0:FAIL-t129, 687f579d-1680-4dd5-8b24-01f078298cef<-b8bf4e9b-064a-4520-981c-d6c40c833497#0:FAIL-t129] and 0 exception(s); 687f579d-1680-4dd5-8b24-01f078298cef@group-E95DC8E8582E:t129, leader=null, voted=687f579d-1680-4dd5-8b24-01f078298cef, raftlog=687f579d-1680-4dd5-8b24-01f078298cef@group-E95DC8E8582E-SegmentedRaftLog:OPENED:c-1,f-1,i0, conf=-1: [90ecfa43-dab6-49d9-b30c-40ef62bfdf2a:192.168.157.252:34192, 687f579d-1680-4dd5-8b24-01f078298cef:192.168.157.252:37962, b8bf4e9b-064a-4520-981c-d6c40c833497:192.168.157.252:43407], old=null
2019-11-05 11:28:38,288 [687f579d-1680-4dd5-8b24-01f078298cef@group-E95DC8E8582E-LeaderElection194] INFO  impl.RaftServerImpl (RaftServerImpl.java:setRole(184)) - 687f579d-1680-4dd5-8b24-01f078298cef@group-E95DC8E8582E: changes role from CANDIDATE to FOLLOWER at term 129 for DISCOVERED_A_NEW_TERM
2019-11-05 11:28:38,289 [687f579d-1680-4dd5-8b24-01f078298cef@group-E95DC8E8582E-LeaderElection194] INFO  impl.RoleInfo (RoleInfo.java:shutdownLeaderElection(134)) - 687f579d-1680-4dd5-8b24-01f078298cef: shutdown LeaderElection
2019-11-05 11:28:38,290 [687f579d-1680-4dd5-8b24-01f078298cef@group-E95DC8E8582E-LeaderElection194] INFO  impl.RoleInfo (RoleInfo.java:updateAndGet(143)) - 687f579d-1680-4dd5-8b24-01f078298cef: start FollowerState
2019-11-05 11:28:38,309 [Thread-1892] INFO  impl.FollowerState (FollowerState.java:run(108)) - f7e9932d-fd96-469a-9353-68e47138e5ff@group-21C72E9484D5-FollowerState: change to CANDIDATE, lastRpcTime:130ms, electionTimeout:130ms
2019-11-05 11:28:38,309 [Thread-1892] INFO  impl.RoleInfo (RoleInfo.java:shutdownFollowerState(121)) - f7e9932d-fd96-469a-9353-68e47138e5ff: shutdown FollowerState
2019-11-05 11:28:38,309 [Thread-1892] INFO  impl.RaftServerImpl (RaftServerImpl.java:setRole(184)) - f7e9932d-fd96-469a-9353-68e47138e5ff@group-21C72E9484D5: changes role from  FOLLOWER to CANDIDATE at term 115 for changeToCandidate
2019-11-05 11:28:38,309 [Thread-1892] INFO  impl.RoleInfo (RoleInfo.java:updateAndGet(143)) - f7e9932d-fd96-469a-9353-68e47138e5ff: start LeaderElection
2019-11-05 11:28:38,324 [f7e9932d-fd96-469a-9353-68e47138e5ff@group-21C72E9484D5-LeaderElection195] INFO  impl.LeaderElection (LeaderElection.java:askForVotes(178)) - f7e9932d-fd96-469a-9353-68e47138e5ff@group-21C72E9484D5-LeaderElection195: begin an election at term 116 for -1: [f7e9932d-fd96-469a-9353-68e47138e5ff:192.168.157.252:45025, 1eca16cc-5184-4e43-8e55-175d1516eae4:192.168.157.252:41127, 74a8fb36-eab9-4c53-b7cf-c565055de05a:192.168.157.252:42370], old=null
2019-11-05 11:28:38,331 [grpc-default-executor-5] INFO  impl.RaftServerImpl (RaftServerImpl.java:setRole(184)) - 1eca16cc-5184-4e43-8e55-175d1516eae4@group-21C72E9484D5: changes role from  FOLLOWER to FOLLOWER at term 116 for recognizeCandidate:f7e9932d-fd96-469a-9353-68e47138e5ff
2019-11-05 11:28:38,331 [grpc-default-executor-5] INFO  impl.RoleInfo (RoleInfo.java:shutdownFollowerState(121)) - 1eca16cc-5184-4e43-8e55-175d1516eae4: shutdown FollowerState
2019-11-05 11:28:38,331 [grpc-default-executor-5] INFO  impl.RoleInfo (RoleInfo.java:updateAndGet(143)) - 1eca16cc-5184-4e43-8e55-175d1516eae4: start FollowerState
2019-11-05 11:28:38,332 [Thread-1890] INFO  impl.FollowerState (FollowerState.java:run(117)) - 1eca16cc-5184-4e43-8e55-175d1516eae4@group-21C72E9484D5-FollowerState was interrupted: java.lang.InterruptedException: sleep interrupted
2019-11-05 11:28:38,334 [grpc-default-executor-4] INFO  impl.RaftServerImpl (RaftServerImpl.java:setRole(184)) - 74a8fb36-eab9-4c53-b7cf-c565055de05a@group-21C72E9484D5: changes role from  FOLLOWER to FOLLOWER at term 116 for recognizeCandidate:f7e9932d-fd96-469a-9353-68e47138e5ff
2019-11-05 11:28:38,334 [grpc-default-executor-4] INFO  impl.RoleInfo (RoleInfo.java:shutdownFollowerState(121)) - 74a8fb36-eab9-4c53-b7cf-c565055de05a: shutdown FollowerState
2019-11-05 11:28:38,334 [grpc-default-executor-4] INFO  impl.RoleInfo (RoleInfo.java:updateAndGet(143)) - 74a8fb36-eab9-4c53-b7cf-c565055de05a: start FollowerState
2019-11-05 11:28:38,334 [Thread-1891] INFO  impl.FollowerState (FollowerState.java:run(117)) - 74a8fb36-eab9-4c53-b7cf-c565055de05a@group-21C72E9484D5-FollowerState was interrupted: java.lang.InterruptedException: sleep interrupted
2019-11-05 11:28:38,355 [f7e9932d-fd96-469a-9353-68e47138e5ff@group-21C72E9484D5-LeaderElection195] INFO  impl.LeaderElection (LeaderElection.java:logAndReturn(56)) - f7e9932d-fd96-469a-9353-68e47138e5ff@group-21C72E9484D5-LeaderElection195: Election REJECTED; received 2 response(s) [f7e9932d-fd96-469a-9353-68e47138e5ff<-1eca16cc-5184-4e43-8e55-175d1516eae4#0:FAIL-t116, f7e9932d-fd96-469a-9353-68e47138e5ff<-74a8fb36-eab9-4c53-b7cf-c565055de05a#0:FAIL-t116] and 0 exception(s); f7e9932d-fd96-469a-9353-68e47138e5ff@group-21C72E9484D5:t116, leader=null, voted=f7e9932d-fd96-469a-9353-68e47138e5ff, raftlog=f7e9932d-fd96-469a-9353-68e47138e5ff@group-21C72E9484D5-SegmentedRaftLog:OPENED:c-1,f-1,i0, conf=-1: [f7e9932d-fd96-469a-9353-68e47138e5ff:192.168.157.252:45025, 1eca16cc-5184-4e43-8e55-175d1516eae4:192.168.157.252:41127, 74a8fb36-eab9-4c53-b7cf-c565055de05a:192.168.157.252:42370], old=null
2019-11-05 11:28:38,355 [f7e9932d-fd96-469a-9353-68e47138e5ff@group-21C72E9484D5-LeaderElection195] INFO  impl.RaftServerImpl (RaftServerImpl.java:setRole(184)) - f7e9932d-fd96-469a-9353-68e47138e5ff@group-21C72E9484D5: changes role from CANDIDATE to FOLLOWER at term 116 for DISCOVERED_A_NEW_TERM
2019-11-05 11:28:38,355 [f7e9932d-fd96-469a-9353-68e47138e5ff@group-21C72E9484D5-LeaderElection195] INFO  impl.RoleInfo (RoleInfo.java:shutdownLeaderElection(134)) - f7e9932d-fd96-469a-9353-68e47138e5ff: shutdown LeaderElection
2019-11-05 11:28:38,355 [f7e9932d-fd96-469a-9353-68e47138e5ff@group-21C72E9484D5-LeaderElection195] INFO  impl.RoleInfo (RoleInfo.java:updateAndGet(143)) - f7e9932d-fd96-469a-9353-68e47138e5ff: start FollowerState
2019-11-05 11:28:38,423 [Thread-1904] INFO  impl.FollowerState (FollowerState.java:run(108)) - f7e9932d-fd96-469a-9353-68e47138e5ff@group-21C72E9484D5-FollowerState: change to CANDIDATE, lastRpcTime:67ms, electionTimeout:67ms
2019-11-05 11:28:38,423 [Thread-1904] INFO  impl.RoleInfo (RoleInfo.java:shutdownFollowerState(121)) - f7e9932d-fd96-469a-9353-68e47138e5ff: shutdown FollowerState
2019-11-05 11:28:38,424 [Thread-1904] INFO  impl.RaftServerImpl (RaftServerImpl.java:setRole(184)) - f7e9932d-fd96-469a-9353-68e47138e5ff@group-21C72E9484D5: changes role from  FOLLOWER to CANDIDATE at term 116 for changeToCandidate
2019-11-05 11:28:38,424 [Thread-1904] INFO  impl.RoleInfo (RoleInfo.java:updateAndGet(143)) - f7e9932d-fd96-469a-9353-68e47138e5ff: start LeaderElection
2019-11-05 11:28:38,449 [Thread-1898] INFO  impl.FollowerState (FollowerState.java:run(108)) - 687f579d-1680-4dd5-8b24-01f078298cef@group-E95DC8E8582E-FollowerState: change to CANDIDATE, lastRpcTime:160ms, electionTimeout:159ms
2019-11-05 11:28:38,450 [Thread-1898] INFO  impl.RoleInfo (RoleInfo.java:shutdownFollowerState(121)) - 687f579d-1680-4dd5-8b24-01f078298cef: shutdown FollowerState
2019-11-05 11:28:38,450 [Thread-1898] INFO  impl.RaftServerImpl (RaftServerImpl.java:setRole(184)) - 687f579d-1680-4dd5-8b24-01f078298cef@group-E95DC8E8582E: changes role from  FOLLOWER to CANDIDATE at term 129 for changeToCandidate
2019-11-05 11:28:38,450 [Thread-1898] INFO  impl.RoleInfo (RoleInfo.java:updateAndGet(143)) - 687f579d-1680-4dd5-8b24-01f078298cef: start LeaderElection
2019-11-05 11:28:38,473 [f7e9932d-fd96-469a-9353-68e47138e5ff@group-21C72E9484D5-LeaderElection196] INFO  impl.LeaderElection (LeaderElection.java:askForVotes(178)) - f7e9932d-fd96-469a-9353-68e47138e5ff@group-21C72E9484D5-LeaderElection196: begin an election at term 117 for -1: [f7e9932d-fd96-469a-9353-68e47138e5ff:192.168.157.252:45025, 1eca16cc-5184-4e43-8e55-175d1516eae4:192.168.157.252:41127, 74a8fb36-eab9-4c53-b7cf-c565055de05a:192.168.157.252:42370], old=null
2019-11-05 11:28:38,478 [grpc-default-executor-4] INFO  impl.RaftServerImpl (RaftServerImpl.java:setRole(184)) - 1eca16cc-5184-4e43-8e55-175d1516eae4@group-21C72E9484D5: changes role from  FOLLOWER to FOLLOWER at term 117 for recognizeCandidate:f7e9932d-fd96-469a-9353-68e47138e5ff
2019-11-05 11:28:38,478 [grpc-default-executor-4] INFO  impl.RoleInfo (RoleInfo.java:shutdownFollowerState(121)) - 1eca16cc-5184-4e43-8e55-175d1516eae4: shutdown FollowerState
2019-11-05 11:28:38,479 [grpc-default-executor-4] INFO  impl.RoleInfo (RoleInfo.java:updateAndGet(143)) - 1eca16cc-5184-4e43-8e55-175d1516eae4: start FollowerState
2019-11-05 11:28:38,479 [grpc-default-executor-5] INFO  impl.RaftServerImpl (RaftServerImpl.java:setRole(184)) - 74a8fb36-eab9-4c53-b7cf-c565055de05a@group-21C72E9484D5: changes role from  FOLLOWER to FOLLOWER at term 117 for recognizeCandidate:f7e9932d-fd96-469a-9353-68e47138e5ff
2019-11-05 11:28:38,480 [grpc-default-executor-5] INFO  impl.RoleInfo (RoleInfo.java:shutdownFollowerState(121)) - 74a8fb36-eab9-4c53-b7cf-c565055de05a: shutdown FollowerState
2019-11-05 11:28:38,480 [Thread-1902] INFO  impl.FollowerState (FollowerState.java:run(117)) - 1eca16cc-5184-4e43-8e55-175d1516eae4@group-21C72E9484D5-FollowerState was interrupted: java.lang.InterruptedException: sleep interrupted
2019-11-05 11:28:38,485 [grpc-default-executor-5] INFO  impl.RoleInfo (RoleInfo.java:updateAndGet(143)) - 74a8fb36-eab9-4c53-b7cf-c565055de05a: start FollowerState
2019-11-05 11:28:38,486 [Thread-1903] INFO  impl.FollowerState (FollowerState.java:run(117)) - 74a8fb36-eab9-4c53-b7cf-c565055de05a@group-21C72E9484D5-FollowerState was interrupted: java.lang.InterruptedException: sleep interrupted
2019-11-05 11:28:38,496 [687f579d-1680-4dd5-8b24-01f078298cef@group-E95DC8E8582E-LeaderElection197] INFO  impl.LeaderElection (LeaderElection.java:askForVotes(178)) - 687f579d-1680-4dd5-8b24-01f078298cef@group-E95DC8E8582E-LeaderElection197: begin an election at term 130 for -1: [90ecfa43-dab6-49d9-b30c-40ef62bfdf2a:192.168.157.252:34192, 687f579d-1680-4dd5-8b24-01f078298cef:192.168.157.252:37962, b8bf4e9b-064a-4520-981c-d6c40c833497:192.168.157.252:43407], old=null
2019-11-05 11:28:38,498 [f7e9932d-fd96-469a-9353-68e47138e5ff@group-21C72E9484D5-LeaderElection196] INFO  impl.LeaderElection (LeaderElection.java:logAndReturn(56)) - f7e9932d-fd96-469a-9353-68e47138e5ff@group-21C72E9484D5-LeaderElection196: Election TIMEOUT; received 0 response(s) [] and 0 exception(s); f7e9932d-fd96-469a-9353-68e47138e5ff@group-21C72E9484D5:t117, leader=null, voted=f7e9932d-fd96-469a-9353-68e47138e5ff, raftlog=f7e9932d-fd96-469a-9353-68e47138e5ff@group-21C72E9484D5-SegmentedRaftLog:OPENED:c-1,f-1,i0, conf=-1: [f7e9932d-fd96-469a-9353-68e47138e5ff:192.168.157.252:45025, 1eca16cc-5184-4e43-8e55-175d1516eae4:192.168.157.252:41127, 74a8fb36-eab9-4c53-b7cf-c565055de05a:192.168.157.252:42370], old=null
2019-11-05 11:28:38,513 [grpc-default-executor-4] INFO  impl.RaftServerImpl (RaftServerImpl.java:setRole(184)) - 90ecfa43-dab6-49d9-b30c-40ef62bfdf2a@group-E95DC8E8582E: changes role from  FOLLOWER to FOLLOWER at term 130 for recognizeCandidate:687f579d-1680-4dd5-8b24-01f078298cef
2019-11-05 11:28:38,514 [grpc-default-executor-4] INFO  impl.RoleInfo (RoleInfo.java:shutdownFollowerState(121)) - 90ecfa43-dab6-49d9-b30c-40ef62bfdf2a: shutdown FollowerState
2019-11-05 11:28:38,514 [grpc-default-executor-4] INFO  impl.RoleInfo (RoleInfo.java:updateAndGet(143)) - 90ecfa43-dab6-49d9-b30c-40ef62bfdf2a: start FollowerState
2019-11-05 11:28:38,514 [grpc-default-executor-5] INFO  impl.RaftServerImpl (RaftServerImpl.java:setRole(184)) - b8bf4e9b-064a-4520-981c-d6c40c833497@group-E95DC8E8582E: changes role from  FOLLOWER to FOLLOWER at term 130 for recognizeCandidate:687f579d-1680-4dd5-8b24-01f078298cef
2019-11-05 11:28:38,514 [grpc-default-executor-5] INFO  impl.RoleInfo (RoleInfo.java:shutdownFollowerState(121)) - b8bf4e9b-064a-4520-981c-d6c40c833497: shutdown FollowerState
2019-11-05 11:28:38,514 [Thread-1896] INFO  impl.FollowerState (FollowerState.java:run(117)) - b8bf4e9b-064a-4520-981c-d6c40c833497@group-E95DC8E8582E-FollowerState was interrupted: java.lang.InterruptedException: sleep interrupted
2019-11-05 11:28:38,514 [Thread-1897] INFO  impl.FollowerState (FollowerState.java:run(117)) - 90ecfa43-dab6-49d9-b30c-40ef62bfdf2a@group-E95DC8E8582E-FollowerState was interrupted: java.lang.InterruptedException: sleep interrupted
2019-11-05 11:28:38,515 [grpc-default-executor-5] INFO  impl.RoleInfo (RoleInfo.java:updateAndGet(143)) - b8bf4e9b-064a-4520-981c-d6c40c833497: start FollowerState
2019-11-05 11:28:38,525 [f7e9932d-fd96-469a-9353-68e47138e5ff@group-21C72E9484D5-LeaderElection196] INFO  impl.LeaderElection (LeaderElection.java:askForVotes(178)) - f7e9932d-fd96-469a-9353-68e47138e5ff@group-21C72E9484D5-LeaderElection196: begin an election at term 118 for -1: [f7e9932d-fd96-469a-9353-68e47138e5ff:192.168.157.252:45025, 1eca16cc-5184-4e43-8e55-175d1516eae4:192.168.157.252:41127, 74a8fb36-eab9-4c53-b7cf-c565055de05a:192.168.157.252:42370], old=null
2019-11-05 11:28:38,551 [Datanode State Machine Thread - 0] INFO  statemachine.DatanodeStateMachine (DatanodeStateMachine.java:lambda$startDaemon$0(350)) - Ozone container server started.
2019-11-05 11:28:38,553 [687f579d-1680-4dd5-8b24-01f078298cef@group-E95DC8E8582E-LeaderElection197] INFO  impl.LeaderElection (LeaderElection.java:logAndReturn(56)) - 687f579d-1680-4dd5-8b24-01f078298cef@group-E95DC8E8582E-LeaderElection197: Election REJECTED; received 2 response(s) [687f579d-1680-4dd5-8b24-01f078298cef<-90ecfa43-dab6-49d9-b30c-40ef62bfdf2a#0:FAIL-t130, 687f579d-1680-4dd5-8b24-01f078298cef<-b8bf4e9b-064a-4520-981c-d6c40c833497#0:FAIL-t130] and 0 exception(s); 687f579d-1680-4dd5-8b24-01f078298cef@group-E95DC8E8582E:t130, leader=null, voted=687f579d-1680-4dd5-8b24-01f078298cef, raftlog=687f579d-1680-4dd5-8b24-01f078298cef@group-E95DC8E8582E-SegmentedRaftLog:OPENED:c-1,f-1,i0, conf=-1: [90ecfa43-dab6-49d9-b30c-40ef62bfdf2a:192.168.157.252:34192, 687f579d-1680-4dd5-8b24-01f078298cef:192.168.157.252:37962, b8bf4e9b-064a-4520-981c-d6c40c833497:192.168.157.252:43407], old=null
2019-11-05 11:28:38,553 [687f579d-1680-4dd5-8b24-01f078298cef@group-E95DC8E8582E-LeaderElection197] INFO  impl.RaftServerImpl (RaftServerImpl.java:setRole(184)) - 687f579d-1680-4dd5-8b24-01f078298cef@group-E95DC8E8582E: changes role from CANDIDATE to FOLLOWER at term 130 for DISCOVERED_A_NEW_TERM
2019-11-05 11:28:38,553 [687f579d-1680-4dd5-8b24-01f078298cef@group-E95DC8E8582E-LeaderElection197] INFO  impl.RoleInfo (RoleInfo.java:shutdownLeaderElection(134)) - 687f579d-1680-4dd5-8b24-01f078298cef: shutdown LeaderElection
2019-11-05 11:28:38,553 [687f579d-1680-4dd5-8b24-01f078298cef@group-E95DC8E8582E-LeaderElection197] INFO  impl.RoleInfo (RoleInfo.java:updateAndGet(143)) - 687f579d-1680-4dd5-8b24-01f078298cef: start FollowerState
2019-11-05 11:28:38,560 [grpc-default-executor-5] INFO  impl.RaftServerImpl (RaftServerImpl.java:setRole(184)) - 1eca16cc-5184-4e43-8e55-175d1516eae4@group-21C72E9484D5: changes role from  FOLLOWER to FOLLOWER at term 118 for recognizeCandidate:f7e9932d-fd96-469a-9353-68e47138e5ff
2019-11-05 11:28:38,560 [grpc-default-executor-5] INFO  impl.RoleInfo (RoleInfo.java:shutdownFollowerState(121)) - 1eca16cc-5184-4e43-8e55-175d1516eae4: shutdown FollowerState
2019-11-05 11:28:38,561 [grpc-default-executor-4] INFO  impl.RaftServerImpl (RaftServerImpl.java:setRole(184)) - 74a8fb36-eab9-4c53-b7cf-c565055de05a@group-21C72E9484D5: changes role from  FOLLOWER to FOLLOWER at term 118 for recognizeCandidate:f7e9932d-fd96-469a-9353-68e47138e5ff
2019-11-05 11:28:38,561 [grpc-default-executor-4] INFO  impl.RoleInfo (RoleInfo.java:shutdownFollowerState(121)) - 74a8fb36-eab9-4c53-b7cf-c565055de05a: shutdown FollowerState
2019-11-05 11:28:38,565 [grpc-default-executor-4] INFO  impl.RoleInfo (RoleInfo.java:updateAndGet(143)) - 74a8fb36-eab9-4c53-b7cf-c565055de05a: start FollowerState
2019-11-05 11:28:38,565 [Thread-1910] INFO  impl.FollowerState (FollowerState.java:run(117)) - 74a8fb36-eab9-4c53-b7cf-c565055de05a@group-21C72E9484D5-FollowerState was interrupted: java.lang.InterruptedException: sleep interrupted
2019-11-05 11:28:38,577 [Thread-1909] INFO  impl.FollowerState (FollowerState.java:run(117)) - 1eca16cc-5184-4e43-8e55-175d1516eae4@group-21C72E9484D5-FollowerState was interrupted: java.lang.InterruptedException: sleep interrupted
2019-11-05 11:28:38,577 [grpc-default-executor-5] INFO  impl.RoleInfo (RoleInfo.java:updateAndGet(143)) - 1eca16cc-5184-4e43-8e55-175d1516eae4: start FollowerState
2019-11-05 11:28:38,581 [f7e9932d-fd96-469a-9353-68e47138e5ff@group-21C72E9484D5-LeaderElection196] INFO  impl.LeaderElection (LeaderElection.java:logAndReturn(56)) - f7e9932d-fd96-469a-9353-68e47138e5ff@group-21C72E9484D5-LeaderElection196: Election TIMEOUT; received 0 response(s) [] and 0 exception(s); f7e9932d-fd96-469a-9353-68e47138e5ff@group-21C72E9484D5:t118, leader=null, voted=f7e9932d-fd96-469a-9353-68e47138e5ff, raftlog=f7e9932d-fd96-469a-9353-68e47138e5ff@group-21C72E9484D5-SegmentedRaftLog:OPENED:c-1,f-1,i0, conf=-1: [f7e9932d-fd96-469a-9353-68e47138e5ff:192.168.157.252:45025, 1eca16cc-5184-4e43-8e55-175d1516eae4:192.168.157.252:41127, 74a8fb36-eab9-4c53-b7cf-c565055de05a:192.168.157.252:42370], old=null
2019-11-05 11:28:38,592 [f7e9932d-fd96-469a-9353-68e47138e5ff@group-21C72E9484D5-LeaderElection196] INFO  impl.LeaderElection (LeaderElection.java:askForVotes(178)) - f7e9932d-fd96-469a-9353-68e47138e5ff@group-21C72E9484D5-LeaderElection196: begin an election at term 119 for -1: [f7e9932d-fd96-469a-9353-68e47138e5ff:192.168.157.252:45025, 1eca16cc-5184-4e43-8e55-175d1516eae4:192.168.157.252:41127, 74a8fb36-eab9-4c53-b7cf-c565055de05a:192.168.157.252:42370], old=null
2019-11-05 11:28:38,594 [grpc-default-executor-11] INFO  impl.RaftServerImpl (RaftServerImpl.java:setRole(184)) - 74a8fb36-eab9-4c53-b7cf-c565055de05a@group-21C72E9484D5: changes role from  FOLLOWER to FOLLOWER at term 119 for recognizeCandidate:f7e9932d-fd96-469a-9353-68e47138e5ff
2019-11-05 11:28:38,594 [grpc-default-executor-11] INFO  impl.RoleInfo (RoleInfo.java:shutdownFollowerState(121)) - 74a8fb36-eab9-4c53-b7cf-c565055de05a: shutdown FollowerState
2019-11-05 11:28:38,594 [grpc-default-executor-11] INFO  impl.RoleInfo (RoleInfo.java:updateAndGet(143)) - 74a8fb36-eab9-4c53-b7cf-c565055de05a: start FollowerState
2019-11-05 11:28:38,596 [f7e9932d-fd96-469a-9353-68e47138e5ff@group-21C72E9484D5-LeaderElection196] INFO  impl.LeaderElection (LeaderElection.java:logAndReturn(56)) - f7e9932d-fd96-469a-9353-68e47138e5ff@group-21C72E9484D5-LeaderElection196: Election TIMEOUT; received 0 response(s) [] and 0 exception(s); f7e9932d-fd96-469a-9353-68e47138e5ff@group-21C72E9484D5:t119, leader=null, voted=f7e9932d-fd96-469a-9353-68e47138e5ff, raftlog=f7e9932d-fd96-469a-9353-68e47138e5ff@group-21C72E9484D5-SegmentedRaftLog:OPENED:c-1,f-1,i0, conf=-1: [f7e9932d-fd96-469a-9353-68e47138e5ff:192.168.157.252:45025, 1eca16cc-5184-4e43-8e55-175d1516eae4:192.168.157.252:41127, 74a8fb36-eab9-4c53-b7cf-c565055de05a:192.168.157.252:42370], old=null
2019-11-05 11:28:38,596 [Thread-1918] INFO  impl.FollowerState (FollowerState.java:run(117)) - 74a8fb36-eab9-4c53-b7cf-c565055de05a@group-21C72E9484D5-FollowerState was interrupted: java.lang.InterruptedException: sleep interrupted
2019-11-05 11:28:38,597 [grpc-default-executor-9] INFO  impl.RaftServerImpl (RaftServerImpl.java:setRole(184)) - 1eca16cc-5184-4e43-8e55-175d1516eae4@group-21C72E9484D5: changes role from  FOLLOWER to FOLLOWER at term 119 for recognizeCandidate:f7e9932d-fd96-469a-9353-68e47138e5ff
2019-11-05 11:28:38,597 [grpc-default-executor-9] INFO  impl.RoleInfo (RoleInfo.java:shutdownFollowerState(121)) - 1eca16cc-5184-4e43-8e55-175d1516eae4: shutdown FollowerState
2019-11-05 11:28:38,597 [grpc-default-executor-9] INFO  impl.RoleInfo (RoleInfo.java:updateAndGet(143)) - 1eca16cc-5184-4e43-8e55-175d1516eae4: start FollowerState
2019-11-05 11:28:38,597 [Thread-1919] INFO  impl.FollowerState (FollowerState.java:run(117)) - 1eca16cc-5184-4e43-8e55-175d1516eae4@group-21C72E9484D5-FollowerState was interrupted: java.lang.InterruptedException: sleep interrupted
2019-11-05 11:28:38,611 [f7e9932d-fd96-469a-9353-68e47138e5ff@group-21C72E9484D5-LeaderElection196] INFO  impl.LeaderElection (LeaderElection.java:askForVotes(178)) - f7e9932d-fd96-469a-9353-68e47138e5ff@group-21C72E9484D5-LeaderElection196: begin an election at term 120 for -1: [f7e9932d-fd96-469a-9353-68e47138e5ff:192.168.157.252:45025, 1eca16cc-5184-4e43-8e55-175d1516eae4:192.168.157.252:41127, 74a8fb36-eab9-4c53-b7cf-c565055de05a:192.168.157.252:42370], old=null
2019-11-05 11:28:38,612 [grpc-default-executor-9] INFO  impl.RaftServerImpl (RaftServerImpl.java:setRole(184)) - 74a8fb36-eab9-4c53-b7cf-c565055de05a@group-21C72E9484D5: changes role from  FOLLOWER to FOLLOWER at term 120 for recognizeCandidate:f7e9932d-fd96-469a-9353-68e47138e5ff
2019-11-05 11:28:38,612 [grpc-default-executor-11] INFO  impl.RaftServerImpl (RaftServerImpl.java:setRole(184)) - 1eca16cc-5184-4e43-8e55-175d1516eae4@group-21C72E9484D5: changes role from  FOLLOWER to FOLLOWER at term 120 for recognizeCandidate:f7e9932d-fd96-469a-9353-68e47138e5ff
2019-11-05 11:28:38,613 [grpc-default-executor-9] INFO  impl.RoleInfo (RoleInfo.java:shutdownFollowerState(121)) - 74a8fb36-eab9-4c53-b7cf-c565055de05a: shutdown FollowerState
2019-11-05 11:28:38,613 [grpc-default-executor-11] INFO  impl.RoleInfo (RoleInfo.java:shutdownFollowerState(121)) - 1eca16cc-5184-4e43-8e55-175d1516eae4: shutdown FollowerState
2019-11-05 11:28:38,613 [grpc-default-executor-11] INFO  impl.RoleInfo (RoleInfo.java:updateAndGet(143)) - 1eca16cc-5184-4e43-8e55-175d1516eae4: start FollowerState
2019-11-05 11:28:38,613 [Thread-1922] INFO  impl.FollowerState (FollowerState.java:run(117)) - 74a8fb36-eab9-4c53-b7cf-c565055de05a@group-21C72E9484D5-FollowerState was interrupted: java.lang.InterruptedException: sleep interrupted
2019-11-05 11:28:38,613 [grpc-default-executor-9] INFO  impl.RoleInfo (RoleInfo.java:updateAndGet(143)) - 74a8fb36-eab9-4c53-b7cf-c565055de05a: start FollowerState
2019-11-05 11:28:38,613 [Thread-1923] INFO  impl.FollowerState (FollowerState.java:run(117)) - 1eca16cc-5184-4e43-8e55-175d1516eae4@group-21C72E9484D5-FollowerState was interrupted: java.lang.InterruptedException: sleep interrupted
2019-11-05 11:28:38,629 [f7e9932d-fd96-469a-9353-68e47138e5ff@group-21C72E9484D5-LeaderElection196] INFO  impl.LeaderElection (LeaderElection.java:logAndReturn(56)) - f7e9932d-fd96-469a-9353-68e47138e5ff@group-21C72E9484D5-LeaderElection196: Election REJECTED; received 2 response(s) [f7e9932d-fd96-469a-9353-68e47138e5ff<-1eca16cc-5184-4e43-8e55-175d1516eae4#0:FAIL-t120, f7e9932d-fd96-469a-9353-68e47138e5ff<-74a8fb36-eab9-4c53-b7cf-c565055de05a#0:FAIL-t120] and 0 exception(s); f7e9932d-fd96-469a-9353-68e47138e5ff@group-21C72E9484D5:t120, leader=null, voted=f7e9932d-fd96-469a-9353-68e47138e5ff, raftlog=f7e9932d-fd96-469a-9353-68e47138e5ff@group-21C72E9484D5-SegmentedRaftLog:OPENED:c-1,f-1,i0, conf=-1: [f7e9932d-fd96-469a-9353-68e47138e5ff:192.168.157.252:45025, 1eca16cc-5184-4e43-8e55-175d1516eae4:192.168.157.252:41127, 74a8fb36-eab9-4c53-b7cf-c565055de05a:192.168.157.252:42370], old=null
2019-11-05 11:28:38,630 [f7e9932d-fd96-469a-9353-68e47138e5ff@group-21C72E9484D5-LeaderElection196] INFO  impl.RaftServerImpl (RaftServerImpl.java:setRole(184)) - f7e9932d-fd96-469a-9353-68e47138e5ff@group-21C72E9484D5: changes role from CANDIDATE to FOLLOWER at term 120 for DISCOVERED_A_NEW_TERM
2019-11-05 11:28:38,630 [f7e9932d-fd96-469a-9353-68e47138e5ff@group-21C72E9484D5-LeaderElection196] INFO  impl.RoleInfo (RoleInfo.java:shutdownLeaderElection(134)) - f7e9932d-fd96-469a-9353-68e47138e5ff: shutdown LeaderElection
2019-11-05 11:28:38,630 [f7e9932d-fd96-469a-9353-68e47138e5ff@group-21C72E9484D5-LeaderElection196] INFO  impl.RoleInfo (RoleInfo.java:updateAndGet(143)) - f7e9932d-fd96-469a-9353-68e47138e5ff: start FollowerState
2019-11-05 11:28:38,661 [Thread-1917] INFO  impl.FollowerState (FollowerState.java:run(108)) - 687f579d-1680-4dd5-8b24-01f078298cef@group-E95DC8E8582E-FollowerState: change to CANDIDATE, lastRpcTime:108ms, electionTimeout:96ms
2019-11-05 11:28:38,661 [Thread-1917] INFO  impl.RoleInfo (RoleInfo.java:shutdownFollowerState(121)) - 687f579d-1680-4dd5-8b24-01f078298cef: shutdown FollowerState
2019-11-05 11:28:38,661 [Thread-1917] INFO  impl.RaftServerImpl (RaftServerImpl.java:setRole(184)) - 687f579d-1680-4dd5-8b24-01f078298cef@group-E95DC8E8582E: changes role from  FOLLOWER to CANDIDATE at term 130 for changeToCandidate
2019-11-05 11:28:38,662 [Thread-1917] INFO  impl.RoleInfo (RoleInfo.java:updateAndGet(143)) - 687f579d-1680-4dd5-8b24-01f078298cef: start LeaderElection
2019-11-05 11:28:38,676 [687f579d-1680-4dd5-8b24-01f078298cef@group-E95DC8E8582E-LeaderElection198] INFO  impl.LeaderElection (LeaderElection.java:askForVotes(178)) - 687f579d-1680-4dd5-8b24-01f078298cef@group-E95DC8E8582E-LeaderElection198: begin an election at term 131 for -1: [90ecfa43-dab6-49d9-b30c-40ef62bfdf2a:192.168.157.252:34192, 687f579d-1680-4dd5-8b24-01f078298cef:192.168.157.252:37962, b8bf4e9b-064a-4520-981c-d6c40c833497:192.168.157.252:43407], old=null
2019-11-05 11:28:38,678 [grpc-default-executor-11] INFO  impl.RaftServerImpl (RaftServerImpl.java:setRole(184)) - 90ecfa43-dab6-49d9-b30c-40ef62bfdf2a@group-E95DC8E8582E: changes role from  FOLLOWER to FOLLOWER at term 131 for recognizeCandidate:687f579d-1680-4dd5-8b24-01f078298cef
2019-11-05 11:28:38,678 [grpc-default-executor-9] INFO  impl.RaftServerImpl (RaftServerImpl.java:setRole(184)) - b8bf4e9b-064a-4520-981c-d6c40c833497@group-E95DC8E8582E: changes role from  FOLLOWER to FOLLOWER at term 131 for recognizeCandidate:687f579d-1680-4dd5-8b24-01f078298cef
2019-11-05 11:28:38,679 [grpc-default-executor-9] INFO  impl.RoleInfo (RoleInfo.java:shutdownFollowerState(121)) - b8bf4e9b-064a-4520-981c-d6c40c833497: shutdown FollowerState
2019-11-05 11:28:38,678 [grpc-default-executor-11] INFO  impl.RoleInfo (RoleInfo.java:shutdownFollowerState(121)) - 90ecfa43-dab6-49d9-b30c-40ef62bfdf2a: shutdown FollowerState
2019-11-05 11:28:38,679 [grpc-default-executor-9] INFO  impl.RoleInfo (RoleInfo.java:updateAndGet(143)) - b8bf4e9b-064a-4520-981c-d6c40c833497: start FollowerState
2019-11-05 11:28:38,679 [grpc-default-executor-11] INFO  impl.RoleInfo (RoleInfo.java:updateAndGet(143)) - 90ecfa43-dab6-49d9-b30c-40ef62bfdf2a: start FollowerState
2019-11-05 11:28:38,679 [Thread-1913] INFO  impl.FollowerState (FollowerState.java:run(117)) - 90ecfa43-dab6-49d9-b30c-40ef62bfdf2a@group-E95DC8E8582E-FollowerState was interrupted: java.lang.InterruptedException: sleep interrupted
2019-11-05 11:28:38,679 [Thread-1914] INFO  impl.FollowerState (FollowerState.java:run(117)) - b8bf4e9b-064a-4520-981c-d6c40c833497@group-E95DC8E8582E-FollowerState was interrupted: java.lang.InterruptedException: sleep interrupted
2019-11-05 11:28:38,692 [687f579d-1680-4dd5-8b24-01f078298cef@group-E95DC8E8582E-LeaderElection198] INFO  impl.LeaderElection (LeaderElection.java:logAndReturn(56)) - 687f579d-1680-4dd5-8b24-01f078298cef@group-E95DC8E8582E-LeaderElection198: Election TIMEOUT; received 0 response(s) [] and 0 exception(s); 687f579d-1680-4dd5-8b24-01f078298cef@group-E95DC8E8582E:t131, leader=null, voted=687f579d-1680-4dd5-8b24-01f078298cef, raftlog=687f579d-1680-4dd5-8b24-01f078298cef@group-E95DC8E8582E-SegmentedRaftLog:OPENED:c-1,f-1,i0, conf=-1: [90ecfa43-dab6-49d9-b30c-40ef62bfdf2a:192.168.157.252:34192, 687f579d-1680-4dd5-8b24-01f078298cef:192.168.157.252:37962, b8bf4e9b-064a-4520-981c-d6c40c833497:192.168.157.252:43407], old=null
2019-11-05 11:28:38,707 [687f579d-1680-4dd5-8b24-01f078298cef@group-E95DC8E8582E-LeaderElection198] INFO  impl.LeaderElection (LeaderElection.java:askForVotes(178)) - 687f579d-1680-4dd5-8b24-01f078298cef@group-E95DC8E8582E-LeaderElection198: begin an election at term 132 for -1: [90ecfa43-dab6-49d9-b30c-40ef62bfdf2a:192.168.157.252:34192, 687f579d-1680-4dd5-8b24-01f078298cef:192.168.157.252:37962, b8bf4e9b-064a-4520-981c-d6c40c833497:192.168.157.252:43407], old=null
2019-11-05 11:28:38,708 [grpc-default-executor-9] INFO  impl.RaftServerImpl (RaftServerImpl.java:setRole(184)) - 90ecfa43-dab6-49d9-b30c-40ef62bfdf2a@group-E95DC8E8582E: changes role from  FOLLOWER to FOLLOWER at term 132 for recognizeCandidate:687f579d-1680-4dd5-8b24-01f078298cef
2019-11-05 11:28:38,708 [grpc-default-executor-11] INFO  impl.RaftServerImpl (RaftServerImpl.java:setRole(184)) - b8bf4e9b-064a-4520-981c-d6c40c833497@group-E95DC8E8582E: changes role from  FOLLOWER to FOLLOWER at term 132 for recognizeCandidate:687f579d-1680-4dd5-8b24-01f078298cef
2019-11-05 11:28:38,709 [grpc-default-executor-9] INFO  impl.RoleInfo (RoleInfo.java:shutdownFollowerState(121)) - 90ecfa43-dab6-49d9-b30c-40ef62bfdf2a: shutdown FollowerState
2019-11-05 11:28:38,709 [grpc-default-executor-11] INFO  impl.RoleInfo (RoleInfo.java:shutdownFollowerState(121)) - b8bf4e9b-064a-4520-981c-d6c40c833497: shutdown FollowerState
2019-11-05 11:28:38,709 [Thread-1933] INFO  impl.FollowerState (FollowerState.java:run(117)) - 90ecfa43-dab6-49d9-b30c-40ef62bfdf2a@group-E95DC8E8582E-FollowerState was interrupted: java.lang.InterruptedException: sleep interrupted
2019-11-05 11:28:38,709 [grpc-default-executor-9] INFO  impl.RoleInfo (RoleInfo.java:updateAndGet(143)) - 90ecfa43-dab6-49d9-b30c-40ef62bfdf2a: start FollowerState
2019-11-05 11:28:38,709 [Thread-1932] INFO  impl.FollowerState (FollowerState.java:run(117)) - b8bf4e9b-064a-4520-981c-d6c40c833497@group-E95DC8E8582E-FollowerState was interrupted: java.lang.InterruptedException: sleep interrupted
2019-11-05 11:28:38,709 [grpc-default-executor-11] INFO  impl.RoleInfo (RoleInfo.java:updateAndGet(143)) - b8bf4e9b-064a-4520-981c-d6c40c833497: start FollowerState
2019-11-05 11:28:38,724 [687f579d-1680-4dd5-8b24-01f078298cef@group-E95DC8E8582E-LeaderElection198] INFO  impl.LeaderElection (LeaderElection.java:logAndReturn(56)) - 687f579d-1680-4dd5-8b24-01f078298cef@group-E95DC8E8582E-LeaderElection198: Election REJECTED; received 2 response(s) [687f579d-1680-4dd5-8b24-01f078298cef<-90ecfa43-dab6-49d9-b30c-40ef62bfdf2a#0:FAIL-t132, 687f579d-1680-4dd5-8b24-01f078298cef<-b8bf4e9b-064a-4520-981c-d6c40c833497#0:FAIL-t132] and 0 exception(s); 687f579d-1680-4dd5-8b24-01f078298cef@group-E95DC8E8582E:t132, leader=null, voted=687f579d-1680-4dd5-8b24-01f078298cef, raftlog=687f579d-1680-4dd5-8b24-01f078298cef@group-E95DC8E8582E-SegmentedRaftLog:OPENED:c-1,f-1,i0, conf=-1: [90ecfa43-dab6-49d9-b30c-40ef62bfdf2a:192.168.157.252:34192, 687f579d-1680-4dd5-8b24-01f078298cef:192.168.157.252:37962, b8bf4e9b-064a-4520-981c-d6c40c833497:192.168.157.252:43407], old=null
2019-11-05 11:28:38,725 [687f579d-1680-4dd5-8b24-01f078298cef@group-E95DC8E8582E-LeaderElection198] INFO  impl.RaftServerImpl (RaftServerImpl.java:setRole(184)) - 687f579d-1680-4dd5-8b24-01f078298cef@group-E95DC8E8582E: changes role from CANDIDATE to FOLLOWER at term 132 for DISCOVERED_A_NEW_TERM
2019-11-05 11:28:38,725 [687f579d-1680-4dd5-8b24-01f078298cef@group-E95DC8E8582E-LeaderElection198] INFO  impl.RoleInfo (RoleInfo.java:shutdownLeaderElection(134)) - 687f579d-1680-4dd5-8b24-01f078298cef: shutdown LeaderElection
2019-11-05 11:28:38,725 [687f579d-1680-4dd5-8b24-01f078298cef@group-E95DC8E8582E-LeaderElection198] INFO  impl.RoleInfo (RoleInfo.java:updateAndGet(143)) - 687f579d-1680-4dd5-8b24-01f078298cef: start FollowerState
2019-11-05 11:28:38,735 [Thread-1938] INFO  impl.FollowerState (FollowerState.java:run(108)) - 687f579d-1680-4dd5-8b24-01f078298cef@group-E95DC8E8582E-FollowerState: change to CANDIDATE, lastRpcTime:10ms, electionTimeout:10ms
2019-11-05 11:28:38,736 [Thread-1938] INFO  impl.RoleInfo (RoleInfo.java:shutdownFollowerState(121)) - 687f579d-1680-4dd5-8b24-01f078298cef: shutdown FollowerState
2019-11-05 11:28:38,736 [Thread-1938] INFO  impl.RaftServerImpl (RaftServerImpl.java:setRole(184)) - 687f579d-1680-4dd5-8b24-01f078298cef@group-E95DC8E8582E: changes role from  FOLLOWER to CANDIDATE at term 132 for changeToCandidate
2019-11-05 11:28:38,736 [Thread-1938] INFO  impl.RoleInfo (RoleInfo.java:updateAndGet(143)) - 687f579d-1680-4dd5-8b24-01f078298cef: start LeaderElection
2019-11-05 11:28:38,749 [687f579d-1680-4dd5-8b24-01f078298cef@group-E95DC8E8582E-LeaderElection199] INFO  impl.LeaderElection (LeaderElection.java:askForVotes(178)) - 687f579d-1680-4dd5-8b24-01f078298cef@group-E95DC8E8582E-LeaderElection199: begin an election at term 133 for -1: [90ecfa43-dab6-49d9-b30c-40ef62bfdf2a:192.168.157.252:34192, 687f579d-1680-4dd5-8b24-01f078298cef:192.168.157.252:37962, b8bf4e9b-064a-4520-981c-d6c40c833497:192.168.157.252:43407], old=null
2019-11-05 11:28:38,752 [grpc-default-executor-11] INFO  impl.RaftServerImpl (RaftServerImpl.java:setRole(184)) - b8bf4e9b-064a-4520-981c-d6c40c833497@group-E95DC8E8582E: changes role from  FOLLOWER to FOLLOWER at term 133 for recognizeCandidate:687f579d-1680-4dd5-8b24-01f078298cef
2019-11-05 11:28:38,752 [grpc-default-executor-9] INFO  impl.RaftServerImpl (RaftServerImpl.java:setRole(184)) - 90ecfa43-dab6-49d9-b30c-40ef62bfdf2a@group-E95DC8E8582E: changes role from  FOLLOWER to FOLLOWER at term 133 for recognizeCandidate:687f579d-1680-4dd5-8b24-01f078298cef
2019-11-05 11:28:38,752 [grpc-default-executor-11] INFO  impl.RoleInfo (RoleInfo.java:shutdownFollowerState(121)) - b8bf4e9b-064a-4520-981c-d6c40c833497: shutdown FollowerState
2019-11-05 11:28:38,752 [grpc-default-executor-9] INFO  impl.RoleInfo (RoleInfo.java:shutdownFollowerState(121)) - 90ecfa43-dab6-49d9-b30c-40ef62bfdf2a: shutdown FollowerState
2019-11-05 11:28:38,752 [grpc-default-executor-11] INFO  impl.RoleInfo (RoleInfo.java:updateAndGet(143)) - b8bf4e9b-064a-4520-981c-d6c40c833497: start FollowerState
2019-11-05 11:28:38,753 [Thread-1936] INFO  impl.FollowerState (FollowerState.java:run(117)) - 90ecfa43-dab6-49d9-b30c-40ef62bfdf2a@group-E95DC8E8582E-FollowerState was interrupted: java.lang.InterruptedException: sleep interrupted
2019-11-05 11:28:38,753 [grpc-default-executor-9] INFO  impl.RoleInfo (RoleInfo.java:updateAndGet(143)) - 90ecfa43-dab6-49d9-b30c-40ef62bfdf2a: start FollowerState
2019-11-05 11:28:38,753 [Thread-1937] INFO  impl.FollowerState (FollowerState.java:run(117)) - b8bf4e9b-064a-4520-981c-d6c40c833497@group-E95DC8E8582E-FollowerState was interrupted: java.lang.InterruptedException: sleep interrupted
2019-11-05 11:28:38,776 [687f579d-1680-4dd5-8b24-01f078298cef@group-E95DC8E8582E-LeaderElection199] INFO  impl.LeaderElection (LeaderElection.java:logAndReturn(56)) - 687f579d-1680-4dd5-8b24-01f078298cef@group-E95DC8E8582E-LeaderElection199: Election REJECTED; received 2 response(s) [687f579d-1680-4dd5-8b24-01f078298cef<-90ecfa43-dab6-49d9-b30c-40ef62bfdf2a#0:FAIL-t133, 687f579d-1680-4dd5-8b24-01f078298cef<-b8bf4e9b-064a-4520-981c-d6c40c833497#0:FAIL-t133] and 0 exception(s); 687f579d-1680-4dd5-8b24-01f078298cef@group-E95DC8E8582E:t133, leader=null, voted=687f579d-1680-4dd5-8b24-01f078298cef, raftlog=687f579d-1680-4dd5-8b24-01f078298cef@group-E95DC8E8582E-SegmentedRaftLog:OPENED:c-1,f-1,i0, conf=-1: [90ecfa43-dab6-49d9-b30c-40ef62bfdf2a:192.168.157.252:34192, 687f579d-1680-4dd5-8b24-01f078298cef:192.168.157.252:37962, b8bf4e9b-064a-4520-981c-d6c40c833497:192.168.157.252:43407], old=null
2019-11-05 11:28:38,776 [687f579d-1680-4dd5-8b24-01f078298cef@group-E95DC8E8582E-LeaderElection199] INFO  impl.RaftServerImpl (RaftServerImpl.java:setRole(184)) - 687f579d-1680-4dd5-8b24-01f078298cef@group-E95DC8E8582E: changes role from CANDIDATE to FOLLOWER at term 133 for DISCOVERED_A_NEW_TERM
2019-11-05 11:28:38,777 [687f579d-1680-4dd5-8b24-01f078298cef@group-E95DC8E8582E-LeaderElection199] INFO  impl.RoleInfo (RoleInfo.java:shutdownLeaderElection(134)) - 687f579d-1680-4dd5-8b24-01f078298cef: shutdown LeaderElection
2019-11-05 11:28:38,777 [687f579d-1680-4dd5-8b24-01f078298cef@group-E95DC8E8582E-LeaderElection199] INFO  impl.RoleInfo (RoleInfo.java:updateAndGet(143)) - 687f579d-1680-4dd5-8b24-01f078298cef: start FollowerState
2019-11-05 11:28:38,801 [Thread-1928] INFO  impl.FollowerState (FollowerState.java:run(108)) - f7e9932d-fd96-469a-9353-68e47138e5ff@group-21C72E9484D5-FollowerState: change to CANDIDATE, lastRpcTime:171ms, electionTimeout:170ms
2019-11-05 11:28:38,801 [Thread-1928] INFO  impl.RoleInfo (RoleInfo.java:shutdownFollowerState(121)) - f7e9932d-fd96-469a-9353-68e47138e5ff: shutdown FollowerState
2019-11-05 11:28:38,801 [Thread-1928] INFO  impl.RaftServerImpl (RaftServerImpl.java:setRole(184)) - f7e9932d-fd96-469a-9353-68e47138e5ff@group-21C72E9484D5: changes role from  FOLLOWER to CANDIDATE at term 120 for changeToCandidate
2019-11-05 11:28:38,801 [Thread-1928] INFO  impl.RoleInfo (RoleInfo.java:updateAndGet(143)) - f7e9932d-fd96-469a-9353-68e47138e5ff: start LeaderElection
2019-11-05 11:28:38,816 [f7e9932d-fd96-469a-9353-68e47138e5ff@group-21C72E9484D5-LeaderElection200] INFO  impl.LeaderElection (LeaderElection.java:askForVotes(178)) - f7e9932d-fd96-469a-9353-68e47138e5ff@group-21C72E9484D5-LeaderElection200: begin an election at term 121 for -1: [f7e9932d-fd96-469a-9353-68e47138e5ff:192.168.157.252:45025, 1eca16cc-5184-4e43-8e55-175d1516eae4:192.168.157.252:41127, 74a8fb36-eab9-4c53-b7cf-c565055de05a:192.168.157.252:42370], old=null
2019-11-05 11:28:38,818 [grpc-default-executor-11] INFO  impl.RaftServerImpl (RaftServerImpl.java:setRole(184)) - 1eca16cc-5184-4e43-8e55-175d1516eae4@group-21C72E9484D5: changes role from  FOLLOWER to FOLLOWER at term 121 for recognizeCandidate:f7e9932d-fd96-469a-9353-68e47138e5ff
2019-11-05 11:28:38,819 [grpc-default-executor-11] INFO  impl.RoleInfo (RoleInfo.java:shutdownFollowerState(121)) - 1eca16cc-5184-4e43-8e55-175d1516eae4: shutdown FollowerState
2019-11-05 11:28:38,819 [grpc-default-executor-9] INFO  impl.RaftServerImpl (RaftServerImpl.java:setRole(184)) - 74a8fb36-eab9-4c53-b7cf-c565055de05a@group-21C72E9484D5: changes role from  FOLLOWER to FOLLOWER at term 121 for recognizeCandidate:f7e9932d-fd96-469a-9353-68e47138e5ff
2019-11-05 11:28:38,819 [Thread-1927] INFO  impl.FollowerState (FollowerState.java:run(117)) - 1eca16cc-5184-4e43-8e55-175d1516eae4@group-21C72E9484D5-FollowerState was interrupted: java.lang.InterruptedException: sleep interrupted
2019-11-05 11:28:38,819 [grpc-default-executor-9] INFO  impl.RoleInfo (RoleInfo.java:shutdownFollowerState(121)) - 74a8fb36-eab9-4c53-b7cf-c565055de05a: shutdown FollowerState
2019-11-05 11:28:38,819 [grpc-default-executor-11] INFO  impl.RoleInfo (RoleInfo.java:updateAndGet(143)) - 1eca16cc-5184-4e43-8e55-175d1516eae4: start FollowerState
2019-11-05 11:28:38,819 [Thread-1926] INFO  impl.FollowerState (FollowerState.java:run(117)) - 74a8fb36-eab9-4c53-b7cf-c565055de05a@group-21C72E9484D5-FollowerState was interrupted: java.lang.InterruptedException: sleep interrupted
2019-11-05 11:28:38,819 [grpc-default-executor-9] INFO  impl.RoleInfo (RoleInfo.java:updateAndGet(143)) - 74a8fb36-eab9-4c53-b7cf-c565055de05a: start FollowerState
2019-11-05 11:28:38,850 [f7e9932d-fd96-469a-9353-68e47138e5ff@group-21C72E9484D5-LeaderElection200] INFO  impl.LeaderElection (LeaderElection.java:logAndReturn(56)) - f7e9932d-fd96-469a-9353-68e47138e5ff@group-21C72E9484D5-LeaderElection200: Election REJECTED; received 2 response(s) [f7e9932d-fd96-469a-9353-68e47138e5ff<-1eca16cc-5184-4e43-8e55-175d1516eae4#0:FAIL-t121, f7e9932d-fd96-469a-9353-68e47138e5ff<-74a8fb36-eab9-4c53-b7cf-c565055de05a#0:FAIL-t121] and 0 exception(s); f7e9932d-fd96-469a-9353-68e47138e5ff@group-21C72E9484D5:t121, leader=null, voted=f7e9932d-fd96-469a-9353-68e47138e5ff, raftlog=f7e9932d-fd96-469a-9353-68e47138e5ff@group-21C72E9484D5-SegmentedRaftLog:OPENED:c-1,f-1,i0, conf=-1: [f7e9932d-fd96-469a-9353-68e47138e5ff:192.168.157.252:45025, 1eca16cc-5184-4e43-8e55-175d1516eae4:192.168.157.252:41127, 74a8fb36-eab9-4c53-b7cf-c565055de05a:192.168.157.252:42370], old=null
2019-11-05 11:28:38,851 [f7e9932d-fd96-469a-9353-68e47138e5ff@group-21C72E9484D5-LeaderElection200] INFO  impl.RaftServerImpl (RaftServerImpl.java:setRole(184)) - f7e9932d-fd96-469a-9353-68e47138e5ff@group-21C72E9484D5: changes role from CANDIDATE to FOLLOWER at term 121 for DISCOVERED_A_NEW_TERM
2019-11-05 11:28:38,851 [f7e9932d-fd96-469a-9353-68e47138e5ff@group-21C72E9484D5-LeaderElection200] INFO  impl.RoleInfo (RoleInfo.java:shutdownLeaderElection(134)) - f7e9932d-fd96-469a-9353-68e47138e5ff: shutdown LeaderElection
2019-11-05 11:28:38,851 [f7e9932d-fd96-469a-9353-68e47138e5ff@group-21C72E9484D5-LeaderElection200] INFO  impl.RoleInfo (RoleInfo.java:updateAndGet(143)) - f7e9932d-fd96-469a-9353-68e47138e5ff: start FollowerState
2019-11-05 11:28:38,905 [Thread-1950] INFO  impl.FollowerState (FollowerState.java:run(108)) - f7e9932d-fd96-469a-9353-68e47138e5ff@group-21C72E9484D5-FollowerState: change to CANDIDATE, lastRpcTime:53ms, electionTimeout:53ms
2019-11-05 11:28:38,905 [Thread-1950] INFO  impl.RoleInfo (RoleInfo.java:shutdownFollowerState(121)) - f7e9932d-fd96-469a-9353-68e47138e5ff: shutdown FollowerState
2019-11-05 11:28:38,905 [Thread-1950] INFO  impl.RaftServerImpl (RaftServerImpl.java:setRole(184)) - f7e9932d-fd96-469a-9353-68e47138e5ff@group-21C72E9484D5: changes role from  FOLLOWER to CANDIDATE at term 121 for changeToCandidate
2019-11-05 11:28:38,905 [Thread-1950] INFO  impl.RoleInfo (RoleInfo.java:updateAndGet(143)) - f7e9932d-fd96-469a-9353-68e47138e5ff: start LeaderElection
2019-11-05 11:28:38,920 [f7e9932d-fd96-469a-9353-68e47138e5ff@group-21C72E9484D5-LeaderElection201] INFO  impl.LeaderElection (LeaderElection.java:askForVotes(178)) - f7e9932d-fd96-469a-9353-68e47138e5ff@group-21C72E9484D5-LeaderElection201: begin an election at term 122 for -1: [f7e9932d-fd96-469a-9353-68e47138e5ff:192.168.157.252:45025, 1eca16cc-5184-4e43-8e55-175d1516eae4:192.168.157.252:41127, 74a8fb36-eab9-4c53-b7cf-c565055de05a:192.168.157.252:42370], old=null
2019-11-05 11:28:38,922 [grpc-default-executor-9] INFO  impl.RaftServerImpl (RaftServerImpl.java:setRole(184)) - 1eca16cc-5184-4e43-8e55-175d1516eae4@group-21C72E9484D5: changes role from  FOLLOWER to FOLLOWER at term 122 for recognizeCandidate:f7e9932d-fd96-469a-9353-68e47138e5ff
2019-11-05 11:28:38,922 [grpc-default-executor-9] INFO  impl.RoleInfo (RoleInfo.java:shutdownFollowerState(121)) - 1eca16cc-5184-4e43-8e55-175d1516eae4: shutdown FollowerState
2019-11-05 11:28:38,922 [grpc-default-executor-9] INFO  impl.RoleInfo (RoleInfo.java:updateAndGet(143)) - 1eca16cc-5184-4e43-8e55-175d1516eae4: start FollowerState
2019-11-05 11:28:38,922 [Thread-1948] INFO  impl.FollowerState (FollowerState.java:run(117)) - 1eca16cc-5184-4e43-8e55-175d1516eae4@group-21C72E9484D5-FollowerState was interrupted: java.lang.InterruptedException: sleep interrupted
2019-11-05 11:28:38,923 [grpc-default-executor-11] INFO  impl.RaftServerImpl (RaftServerImpl.java:setRole(184)) - 74a8fb36-eab9-4c53-b7cf-c565055de05a@group-21C72E9484D5: changes role from  FOLLOWER to FOLLOWER at term 122 for recognizeCandidate:f7e9932d-fd96-469a-9353-68e47138e5ff
2019-11-05 11:28:38,924 [grpc-default-executor-11] INFO  impl.RoleInfo (RoleInfo.java:shutdownFollowerState(121)) - 74a8fb36-eab9-4c53-b7cf-c565055de05a: shutdown FollowerState
2019-11-05 11:28:38,924 [grpc-default-executor-11] INFO  impl.RoleInfo (RoleInfo.java:updateAndGet(143)) - 74a8fb36-eab9-4c53-b7cf-c565055de05a: start FollowerState
2019-11-05 11:28:38,924 [Thread-1949] INFO  impl.FollowerState (FollowerState.java:run(117)) - 74a8fb36-eab9-4c53-b7cf-c565055de05a@group-21C72E9484D5-FollowerState was interrupted: java.lang.InterruptedException: sleep interrupted
2019-11-05 11:28:38,950 [Thread-1944] INFO  impl.FollowerState (FollowerState.java:run(108)) - 687f579d-1680-4dd5-8b24-01f078298cef@group-E95DC8E8582E-FollowerState: change to CANDIDATE, lastRpcTime:173ms, electionTimeout:171ms
2019-11-05 11:28:38,951 [Thread-1944] INFO  impl.RoleInfo (RoleInfo.java:shutdownFollowerState(121)) - 687f579d-1680-4dd5-8b24-01f078298cef: shutdown FollowerState
2019-11-05 11:28:38,951 [Thread-1944] INFO  impl.RaftServerImpl (RaftServerImpl.java:setRole(184)) - 687f579d-1680-4dd5-8b24-01f078298cef@group-E95DC8E8582E: changes role from  FOLLOWER to CANDIDATE at term 133 for changeToCandidate
2019-11-05 11:28:38,951 [Thread-1944] INFO  impl.RoleInfo (RoleInfo.java:updateAndGet(143)) - 687f579d-1680-4dd5-8b24-01f078298cef: start LeaderElection
2019-11-05 11:28:38,965 [f7e9932d-fd96-469a-9353-68e47138e5ff@group-21C72E9484D5-LeaderElection201] INFO  impl.LeaderElection (LeaderElection.java:logAndReturn(56)) - f7e9932d-fd96-469a-9353-68e47138e5ff@group-21C72E9484D5-LeaderElection201: Election REJECTED; received 2 response(s) [f7e9932d-fd96-469a-9353-68e47138e5ff<-1eca16cc-5184-4e43-8e55-175d1516eae4#0:FAIL-t122, f7e9932d-fd96-469a-9353-68e47138e5ff<-74a8fb36-eab9-4c53-b7cf-c565055de05a#0:FAIL-t122] and 0 exception(s); f7e9932d-fd96-469a-9353-68e47138e5ff@group-21C72E9484D5:t122, leader=null, voted=f7e9932d-fd96-469a-9353-68e47138e5ff, raftlog=f7e9932d-fd96-469a-9353-68e47138e5ff@group-21C72E9484D5-SegmentedRaftLog:OPENED:c-1,f-1,i0, conf=-1: [f7e9932d-fd96-469a-9353-68e47138e5ff:192.168.157.252:45025, 1eca16cc-5184-4e43-8e55-175d1516eae4:192.168.157.252:41127, 74a8fb36-eab9-4c53-b7cf-c565055de05a:192.168.157.252:42370], old=null
2019-11-05 11:28:38,965 [f7e9932d-fd96-469a-9353-68e47138e5ff@group-21C72E9484D5-LeaderElection201] INFO  impl.RaftServerImpl (RaftServerImpl.java:setRole(184)) - f7e9932d-fd96-469a-9353-68e47138e5ff@group-21C72E9484D5: changes role from CANDIDATE to FOLLOWER at term 122 for DISCOVERED_A_NEW_TERM
2019-11-05 11:28:38,965 [f7e9932d-fd96-469a-9353-68e47138e5ff@group-21C72E9484D5-LeaderElection201] INFO  impl.RoleInfo (RoleInfo.java:shutdownLeaderElection(134)) - f7e9932d-fd96-469a-9353-68e47138e5ff: shutdown LeaderElection
2019-11-05 11:28:38,965 [f7e9932d-fd96-469a-9353-68e47138e5ff@group-21C72E9484D5-LeaderElection201] INFO  impl.RoleInfo (RoleInfo.java:updateAndGet(143)) - f7e9932d-fd96-469a-9353-68e47138e5ff: start FollowerState
2019-11-05 11:28:38,980 [687f579d-1680-4dd5-8b24-01f078298cef@group-E95DC8E8582E-LeaderElection202] INFO  impl.LeaderElection (LeaderElection.java:askForVotes(178)) - 687f579d-1680-4dd5-8b24-01f078298cef@group-E95DC8E8582E-LeaderElection202: begin an election at term 134 for -1: [90ecfa43-dab6-49d9-b30c-40ef62bfdf2a:192.168.157.252:34192, 687f579d-1680-4dd5-8b24-01f078298cef:192.168.157.252:37962, b8bf4e9b-064a-4520-981c-d6c40c833497:192.168.157.252:43407], old=null
2019-11-05 11:28:38,982 [grpc-default-executor-9] INFO  impl.RaftServerImpl (RaftServerImpl.java:setRole(184)) - 90ecfa43-dab6-49d9-b30c-40ef62bfdf2a@group-E95DC8E8582E: changes role from  FOLLOWER to FOLLOWER at term 134 for recognizeCandidate:687f579d-1680-4dd5-8b24-01f078298cef
2019-11-05 11:28:38,982 [grpc-default-executor-9] INFO  impl.RoleInfo (RoleInfo.java:shutdownFollowerState(121)) - 90ecfa43-dab6-49d9-b30c-40ef62bfdf2a: shutdown FollowerState
2019-11-05 11:28:38,999 [grpc-default-executor-9] INFO  impl.RoleInfo (RoleInfo.java:updateAndGet(143)) - 90ecfa43-dab6-49d9-b30c-40ef62bfdf2a: start FollowerState
2019-11-05 11:28:39,000 [Thread-1943] INFO  impl.FollowerState (FollowerState.java:run(117)) - 90ecfa43-dab6-49d9-b30c-40ef62bfdf2a@group-E95DC8E8582E-FollowerState was interrupted: java.lang.InterruptedException: sleep interrupted
2019-11-05 11:28:39,002 [grpc-default-executor-11] INFO  impl.RaftServerImpl (RaftServerImpl.java:setRole(184)) - b8bf4e9b-064a-4520-981c-d6c40c833497@group-E95DC8E8582E: changes role from  FOLLOWER to FOLLOWER at term 134 for recognizeCandidate:687f579d-1680-4dd5-8b24-01f078298cef
2019-11-05 11:28:39,002 [grpc-default-executor-11] INFO  impl.RoleInfo (RoleInfo.java:shutdownFollowerState(121)) - b8bf4e9b-064a-4520-981c-d6c40c833497: shutdown FollowerState
2019-11-05 11:28:39,003 [grpc-default-executor-11] INFO  impl.RoleInfo (RoleInfo.java:updateAndGet(143)) - b8bf4e9b-064a-4520-981c-d6c40c833497: start FollowerState
2019-11-05 11:28:39,006 [Thread-1942] INFO  impl.FollowerState (FollowerState.java:run(117)) - b8bf4e9b-064a-4520-981c-d6c40c833497@group-E95DC8E8582E-FollowerState was interrupted: java.lang.InterruptedException: sleep interrupted
2019-11-05 11:28:39,054 [687f579d-1680-4dd5-8b24-01f078298cef@group-E95DC8E8582E-LeaderElection202] INFO  impl.LeaderElection (LeaderElection.java:logAndReturn(56)) - 687f579d-1680-4dd5-8b24-01f078298cef@group-E95DC8E8582E-LeaderElection202: Election REJECTED; received 2 response(s) [687f579d-1680-4dd5-8b24-01f078298cef<-90ecfa43-dab6-49d9-b30c-40ef62bfdf2a#0:FAIL-t134, 687f579d-1680-4dd5-8b24-01f078298cef<-b8bf4e9b-064a-4520-981c-d6c40c833497#0:FAIL-t134] and 0 exception(s); 687f579d-1680-4dd5-8b24-01f078298cef@group-E95DC8E8582E:t134, leader=null, voted=687f579d-1680-4dd5-8b24-01f078298cef, raftlog=687f579d-1680-4dd5-8b24-01f078298cef@group-E95DC8E8582E-SegmentedRaftLog:OPENED:c-1,f-1,i0, conf=-1: [90ecfa43-dab6-49d9-b30c-40ef62bfdf2a:192.168.157.252:34192, 687f579d-1680-4dd5-8b24-01f078298cef:192.168.157.252:37962, b8bf4e9b-064a-4520-981c-d6c40c833497:192.168.157.252:43407], old=null
2019-11-05 11:28:39,054 [687f579d-1680-4dd5-8b24-01f078298cef@group-E95DC8E8582E-LeaderElection202] INFO  impl.RaftServerImpl (RaftServerImpl.java:setRole(184)) - 687f579d-1680-4dd5-8b24-01f078298cef@group-E95DC8E8582E: changes role from CANDIDATE to FOLLOWER at term 134 for DISCOVERED_A_NEW_TERM
2019-11-05 11:28:39,055 [687f579d-1680-4dd5-8b24-01f078298cef@group-E95DC8E8582E-LeaderElection202] INFO  impl.RoleInfo (RoleInfo.java:shutdownLeaderElection(134)) - 687f579d-1680-4dd5-8b24-01f078298cef: shutdown LeaderElection
2019-11-05 11:28:39,055 [687f579d-1680-4dd5-8b24-01f078298cef@group-E95DC8E8582E-LeaderElection202] INFO  impl.RoleInfo (RoleInfo.java:updateAndGet(143)) - 687f579d-1680-4dd5-8b24-01f078298cef: start FollowerState
2019-11-05 11:28:39,095 [Thread-1957] INFO  impl.FollowerState (FollowerState.java:run(108)) - f7e9932d-fd96-469a-9353-68e47138e5ff@group-21C72E9484D5-FollowerState: change to CANDIDATE, lastRpcTime:129ms, electionTimeout:96ms
2019-11-05 11:28:39,095 [Thread-1957] INFO  impl.RoleInfo (RoleInfo.java:shutdownFollowerState(121)) - f7e9932d-fd96-469a-9353-68e47138e5ff: shutdown FollowerState
2019-11-05 11:28:39,095 [Thread-1957] INFO  impl.RaftServerImpl (RaftServerImpl.java:setRole(184)) - f7e9932d-fd96-469a-9353-68e47138e5ff@group-21C72E9484D5: changes role from  FOLLOWER to CANDIDATE at term 122 for changeToCandidate
2019-11-05 11:28:39,096 [Thread-1957] INFO  impl.RoleInfo (RoleInfo.java:updateAndGet(143)) - f7e9932d-fd96-469a-9353-68e47138e5ff: start LeaderElection
2019-11-05 11:28:39,113 [f7e9932d-fd96-469a-9353-68e47138e5ff@group-21C72E9484D5-LeaderElection203] INFO  impl.LeaderElection (LeaderElection.java:askForVotes(178)) - f7e9932d-fd96-469a-9353-68e47138e5ff@group-21C72E9484D5-LeaderElection203: begin an election at term 123 for -1: [f7e9932d-fd96-469a-9353-68e47138e5ff:192.168.157.252:45025, 1eca16cc-5184-4e43-8e55-175d1516eae4:192.168.157.252:41127, 74a8fb36-eab9-4c53-b7cf-c565055de05a:192.168.157.252:42370], old=null
2019-11-05 11:28:39,126 [grpc-default-executor-9] INFO  impl.RaftServerImpl (RaftServerImpl.java:setRole(184)) - 1eca16cc-5184-4e43-8e55-175d1516eae4@group-21C72E9484D5: changes role from  FOLLOWER to FOLLOWER at term 123 for recognizeCandidate:f7e9932d-fd96-469a-9353-68e47138e5ff
2019-11-05 11:28:39,126 [grpc-default-executor-9] INFO  impl.RoleInfo (RoleInfo.java:shutdownFollowerState(121)) - 1eca16cc-5184-4e43-8e55-175d1516eae4: shutdown FollowerState
2019-11-05 11:28:39,127 [grpc-default-executor-9] INFO  impl.RoleInfo (RoleInfo.java:updateAndGet(143)) - 1eca16cc-5184-4e43-8e55-175d1516eae4: start FollowerState
2019-11-05 11:28:39,130 [Thread-1954] INFO  impl.FollowerState (FollowerState.java:run(117)) - 1eca16cc-5184-4e43-8e55-175d1516eae4@group-21C72E9484D5-FollowerState was interrupted: java.lang.InterruptedException: sleep interrupted
2019-11-05 11:28:39,136 [grpc-default-executor-11] INFO  impl.RaftServerImpl (RaftServerImpl.java:setRole(184)) - 74a8fb36-eab9-4c53-b7cf-c565055de05a@group-21C72E9484D5: changes role from  FOLLOWER to FOLLOWER at term 123 for recognizeCandidate:f7e9932d-fd96-469a-9353-68e47138e5ff
2019-11-05 11:28:39,137 [grpc-default-executor-11] INFO  impl.RoleInfo (RoleInfo.java:shutdownFollowerState(121)) - 74a8fb36-eab9-4c53-b7cf-c565055de05a: shutdown FollowerState
2019-11-05 11:28:39,137 [grpc-default-executor-11] INFO  impl.RoleInfo (RoleInfo.java:updateAndGet(143)) - 74a8fb36-eab9-4c53-b7cf-c565055de05a: start FollowerState
2019-11-05 11:28:39,137 [Thread-1955] INFO  impl.FollowerState (FollowerState.java:run(117)) - 74a8fb36-eab9-4c53-b7cf-c565055de05a@group-21C72E9484D5-FollowerState was interrupted: java.lang.InterruptedException: sleep interrupted
2019-11-05 11:28:39,142 [Thread-1962] INFO  impl.FollowerState (FollowerState.java:run(108)) - 687f579d-1680-4dd5-8b24-01f078298cef@group-E95DC8E8582E-FollowerState: change to CANDIDATE, lastRpcTime:87ms, electionTimeout:81ms
2019-11-05 11:28:39,143 [Thread-1962] INFO  impl.RoleInfo (RoleInfo.java:shutdownFollowerState(121)) - 687f579d-1680-4dd5-8b24-01f078298cef: shutdown FollowerState
2019-11-05 11:28:39,143 [Thread-1962] INFO  impl.RaftServerImpl (RaftServerImpl.java:setRole(184)) - 687f579d-1680-4dd5-8b24-01f078298cef@group-E95DC8E8582E: changes role from  FOLLOWER to CANDIDATE at term 134 for changeToCandidate
2019-11-05 11:28:39,143 [Thread-1962] INFO  impl.RoleInfo (RoleInfo.java:updateAndGet(143)) - 687f579d-1680-4dd5-8b24-01f078298cef: start LeaderElection
2019-11-05 11:28:39,145 [Thread-517] INFO  impl.FollowerState (FollowerState.java:run(108)) - d8b77924-76ff-4932-a9fa-7ec761e4cf6b@group-0CA4D070D5C4-FollowerState: change to CANDIDATE, lastRpcTime:1865ms, electionTimeout:1145ms
2019-11-05 11:28:39,145 [Thread-517] INFO  impl.RoleInfo (RoleInfo.java:shutdownFollowerState(121)) - d8b77924-76ff-4932-a9fa-7ec761e4cf6b: shutdown FollowerState
2019-11-05 11:28:39,145 [Thread-517] INFO  impl.RaftServerImpl (RaftServerImpl.java:setRole(184)) - d8b77924-76ff-4932-a9fa-7ec761e4cf6b@group-0CA4D070D5C4: changes role from  FOLLOWER to CANDIDATE at term 3 for changeToCandidate
2019-11-05 11:28:39,145 [Thread-517] INFO  impl.RoleInfo (RoleInfo.java:updateAndGet(143)) - d8b77924-76ff-4932-a9fa-7ec761e4cf6b: start LeaderElection
2019-11-05 11:28:39,155 [687f579d-1680-4dd5-8b24-01f078298cef@group-E95DC8E8582E-LeaderElection204] INFO  impl.LeaderElection (LeaderElection.java:askForVotes(178)) - 687f579d-1680-4dd5-8b24-01f078298cef@group-E95DC8E8582E-LeaderElection204: begin an election at term 135 for -1: [90ecfa43-dab6-49d9-b30c-40ef62bfdf2a:192.168.157.252:34192, 687f579d-1680-4dd5-8b24-01f078298cef:192.168.157.252:37962, b8bf4e9b-064a-4520-981c-d6c40c833497:192.168.157.252:43407], old=null
2019-11-05 11:28:39,173 [d8b77924-76ff-4932-a9fa-7ec761e4cf6b@group-0CA4D070D5C4-LeaderElection205] INFO  impl.RaftServerImpl (ServerState.java:setLeader(256)) - d8b77924-76ff-4932-a9fa-7ec761e4cf6b@group-0CA4D070D5C4: change Leader from bd42c95e-cd41-4cbd-85b3-b330cc3c4f94 to null at term 3 for initElection
2019-11-05 11:28:39,188 [grpc-default-executor-11] INFO  impl.RaftServerImpl (RaftServerImpl.java:setRole(184)) - 90ecfa43-dab6-49d9-b30c-40ef62bfdf2a@group-E95DC8E8582E: changes role from  FOLLOWER to FOLLOWER at term 135 for recognizeCandidate:687f579d-1680-4dd5-8b24-01f078298cef
2019-11-05 11:28:39,188 [grpc-default-executor-11] INFO  impl.RoleInfo (RoleInfo.java:shutdownFollowerState(121)) - 90ecfa43-dab6-49d9-b30c-40ef62bfdf2a: shutdown FollowerState
2019-11-05 11:28:39,193 [grpc-default-executor-11] INFO  impl.RoleInfo (RoleInfo.java:updateAndGet(143)) - 90ecfa43-dab6-49d9-b30c-40ef62bfdf2a: start FollowerState
2019-11-05 11:28:39,193 [Thread-1960] INFO  impl.FollowerState (FollowerState.java:run(117)) - 90ecfa43-dab6-49d9-b30c-40ef62bfdf2a@group-E95DC8E8582E-FollowerState was interrupted: java.lang.InterruptedException: sleep interrupted
2019-11-05 11:28:39,194 [f7e9932d-fd96-469a-9353-68e47138e5ff@group-21C72E9484D5-LeaderElection203] INFO  impl.LeaderElection (LeaderElection.java:logAndReturn(56)) - f7e9932d-fd96-469a-9353-68e47138e5ff@group-21C72E9484D5-LeaderElection203: Election REJECTED; received 2 response(s) [f7e9932d-fd96-469a-9353-68e47138e5ff<-1eca16cc-5184-4e43-8e55-175d1516eae4#0:FAIL-t123, f7e9932d-fd96-469a-9353-68e47138e5ff<-74a8fb36-eab9-4c53-b7cf-c565055de05a#0:FAIL-t123] and 0 exception(s); f7e9932d-fd96-469a-9353-68e47138e5ff@group-21C72E9484D5:t123, leader=null, voted=f7e9932d-fd96-469a-9353-68e47138e5ff, raftlog=f7e9932d-fd96-469a-9353-68e47138e5ff@group-21C72E9484D5-SegmentedRaftLog:OPENED:c-1,f-1,i0, conf=-1: [f7e9932d-fd96-469a-9353-68e47138e5ff:192.168.157.252:45025, 1eca16cc-5184-4e43-8e55-175d1516eae4:192.168.157.252:41127, 74a8fb36-eab9-4c53-b7cf-c565055de05a:192.168.157.252:42370], old=null
2019-11-05 11:28:39,195 [grpc-default-executor-9] INFO  impl.RaftServerImpl (RaftServerImpl.java:setRole(184)) - b8bf4e9b-064a-4520-981c-d6c40c833497@group-E95DC8E8582E: changes role from  FOLLOWER to FOLLOWER at term 135 for recognizeCandidate:687f579d-1680-4dd5-8b24-01f078298cef
2019-11-05 11:28:39,196 [grpc-default-executor-9] INFO  impl.RoleInfo (RoleInfo.java:shutdownFollowerState(121)) - b8bf4e9b-064a-4520-981c-d6c40c833497: shutdown FollowerState
2019-11-05 11:28:39,197 [d8b77924-76ff-4932-a9fa-7ec761e4cf6b@group-0CA4D070D5C4-LeaderElection205] INFO  impl.LeaderElection (LeaderElection.java:askForVotes(178)) - d8b77924-76ff-4932-a9fa-7ec761e4cf6b@group-0CA4D070D5C4-LeaderElection205: begin an election at term 4 for 0: [93bc9e78-ae56-4fee-a007-4b156d649157:192.168.157.252:38000, d8b77924-76ff-4932-a9fa-7ec761e4cf6b:192.168.157.252:40377, bd42c95e-cd41-4cbd-85b3-b330cc3c4f94:192.168.157.252:33158], old=null
2019-11-05 11:28:39,211 [Thread-1961] INFO  impl.FollowerState (FollowerState.java:run(117)) - b8bf4e9b-064a-4520-981c-d6c40c833497@group-E95DC8E8582E-FollowerState was interrupted: java.lang.InterruptedException: sleep interrupted
2019-11-05 11:28:39,218 [f7e9932d-fd96-469a-9353-68e47138e5ff@group-21C72E9484D5-LeaderElection203] INFO  impl.RaftServerImpl (RaftServerImpl.java:setRole(184)) - f7e9932d-fd96-469a-9353-68e47138e5ff@group-21C72E9484D5: changes role from CANDIDATE to FOLLOWER at term 123 for DISCOVERED_A_NEW_TERM
2019-11-05 11:28:39,219 [f7e9932d-fd96-469a-9353-68e47138e5ff@group-21C72E9484D5-LeaderElection203] INFO  impl.RoleInfo (RoleInfo.java:shutdownLeaderElection(134)) - f7e9932d-fd96-469a-9353-68e47138e5ff: shutdown LeaderElection
2019-11-05 11:28:39,219 [f7e9932d-fd96-469a-9353-68e47138e5ff@group-21C72E9484D5-LeaderElection203] INFO  impl.RoleInfo (RoleInfo.java:updateAndGet(143)) - f7e9932d-fd96-469a-9353-68e47138e5ff: start FollowerState
2019-11-05 11:28:39,220 [grpc-default-executor-9] INFO  impl.RoleInfo (RoleInfo.java:updateAndGet(143)) - b8bf4e9b-064a-4520-981c-d6c40c833497: start FollowerState
2019-11-05 11:28:39,236 [687f579d-1680-4dd5-8b24-01f078298cef@group-E95DC8E8582E-LeaderElection204] INFO  impl.LeaderElection (LeaderElection.java:logAndReturn(56)) - 687f579d-1680-4dd5-8b24-01f078298cef@group-E95DC8E8582E-LeaderElection204: Election TIMEOUT; received 1 response(s) [687f579d-1680-4dd5-8b24-01f078298cef<-90ecfa43-dab6-49d9-b30c-40ef62bfdf2a#0:FAIL-t135] and 0 exception(s); 687f579d-1680-4dd5-8b24-01f078298cef@group-E95DC8E8582E:t135, leader=null, voted=687f579d-1680-4dd5-8b24-01f078298cef, raftlog=687f579d-1680-4dd5-8b24-01f078298cef@group-E95DC8E8582E-SegmentedRaftLog:OPENED:c-1,f-1,i0, conf=-1: [90ecfa43-dab6-49d9-b30c-40ef62bfdf2a:192.168.157.252:34192, 687f579d-1680-4dd5-8b24-01f078298cef:192.168.157.252:37962, b8bf4e9b-064a-4520-981c-d6c40c833497:192.168.157.252:43407], old=null
2019-11-05 11:28:39,237 [d8b77924-76ff-4932-a9fa-7ec761e4cf6b@group-0CA4D070D5C4-LeaderElection205] INFO  impl.LeaderElection (LogUtils.java:infoOrTrace(149)) - d8b77924-76ff-4932-a9fa-7ec761e4cf6b@group-0CA4D070D5C4-LeaderElection205 got exception when requesting votes: {}
java.util.concurrent.ExecutionException: org.apache.ratis.thirdparty.io.grpc.StatusRuntimeException: UNAVAILABLE: io exception
	at java.util.concurrent.FutureTask.report(FutureTask.java:122)
	at java.util.concurrent.FutureTask.get(FutureTask.java:192)
	at org.apache.ratis.server.impl.LeaderElection.waitForResults(LeaderElection.java:259)
	at org.apache.ratis.server.impl.LeaderElection.askForVotes(LeaderElection.java:197)
	at org.apache.ratis.server.impl.LeaderElection.run(LeaderElection.java:133)
	at java.lang.Thread.run(Thread.java:748)
Caused by: org.apache.ratis.thirdparty.io.grpc.StatusRuntimeException: UNAVAILABLE: io exception
	at org.apache.ratis.thirdparty.io.grpc.stub.ClientCalls.toStatusRuntimeException(ClientCalls.java:233)
	at org.apache.ratis.thirdparty.io.grpc.stub.ClientCalls.getUnchecked(ClientCalls.java:214)
	at org.apache.ratis.thirdparty.io.grpc.stub.ClientCalls.blockingUnaryCall(ClientCalls.java:139)
	at org.apache.ratis.proto.grpc.RaftServerProtocolServiceGrpc$RaftServerProtocolServiceBlockingStub.requestVote(RaftServerProtocolServiceGrpc.java:265)
	at org.apache.ratis.grpc.server.GrpcServerProtocolClient.requestVote(GrpcServerProtocolClient.java:99)
	at org.apache.ratis.grpc.server.GrpcService.requestVote(GrpcService.java:204)
	at org.apache.ratis.server.impl.LeaderElection.lambda$submitRequests$1(LeaderElection.java:234)
	at java.util.concurrent.FutureTask.run(FutureTask.java:266)
	at java.util.concurrent.Executors$RunnableAdapter.call(Executors.java:511)
	at java.util.concurrent.FutureTask.run(FutureTask.java:266)
	at java.util.concurrent.ThreadPoolExecutor.runWorker(ThreadPoolExecutor.java:1149)
	at java.util.concurrent.ThreadPoolExecutor$Worker.run(ThreadPoolExecutor.java:624)
	... 1 more
Caused by: org.apache.ratis.thirdparty.io.netty.channel.AbstractChannel$AnnotatedConnectException: Connection refused: /192.168.157.252:38000
	at sun.nio.ch.SocketChannelImpl.checkConnect(Native Method)
	at sun.nio.ch.SocketChannelImpl.finishConnect(SocketChannelImpl.java:717)
	at org.apache.ratis.thirdparty.io.netty.channel.socket.nio.NioSocketChannel.doFinishConnect(NioSocketChannel.java:327)
	at org.apache.ratis.thirdparty.io.netty.channel.nio.AbstractNioChannel$AbstractNioUnsafe.finishConnect(AbstractNioChannel.java:340)
	at org.apache.ratis.thirdparty.io.netty.channel.nio.NioEventLoop.processSelectedKey(NioEventLoop.java:632)
	at org.apache.ratis.thirdparty.io.netty.channel.nio.NioEventLoop.processSelectedKeysOptimized(NioEventLoop.java:579)
	at org.apache.ratis.thirdparty.io.netty.channel.nio.NioEventLoop.processSelectedKeys(NioEventLoop.java:496)
	at org.apache.ratis.thirdparty.io.netty.channel.nio.NioEventLoop.run(NioEventLoop.java:458)
	at org.apache.ratis.thirdparty.io.netty.util.concurrent.SingleThreadEventExecutor$5.run(SingleThreadEventExecutor.java:897)
	at org.apache.ratis.thirdparty.io.netty.util.concurrent.FastThreadLocalRunnable.run(FastThreadLocalRunnable.java:30)
	... 1 more
Caused by: java.net.ConnectException: Connection refused
	... 11 more
2019-11-05 11:28:39,251 [687f579d-1680-4dd5-8b24-01f078298cef@group-E95DC8E8582E-LeaderElection204] INFO  impl.LeaderElection (LeaderElection.java:askForVotes(178)) - 687f579d-1680-4dd5-8b24-01f078298cef@group-E95DC8E8582E-LeaderElection204: begin an election at term 136 for -1: [90ecfa43-dab6-49d9-b30c-40ef62bfdf2a:192.168.157.252:34192, 687f579d-1680-4dd5-8b24-01f078298cef:192.168.157.252:37962, b8bf4e9b-064a-4520-981c-d6c40c833497:192.168.157.252:43407], old=null
2019-11-05 11:28:39,261 [d8b77924-76ff-4932-a9fa-7ec761e4cf6b@group-0CA4D070D5C4-LeaderElection205] INFO  impl.LeaderElection (LogUtils.java:infoOrTrace(149)) - d8b77924-76ff-4932-a9fa-7ec761e4cf6b@group-0CA4D070D5C4-LeaderElection205 got exception when requesting votes: {}
java.util.concurrent.ExecutionException: org.apache.ratis.thirdparty.io.grpc.StatusRuntimeException: UNAVAILABLE: io exception
	at java.util.concurrent.FutureTask.report(FutureTask.java:122)
	at java.util.concurrent.FutureTask.get(FutureTask.java:192)
	at org.apache.ratis.server.impl.LeaderElection.waitForResults(LeaderElection.java:259)
	at org.apache.ratis.server.impl.LeaderElection.askForVotes(LeaderElection.java:197)
	at org.apache.ratis.server.impl.LeaderElection.run(LeaderElection.java:133)
	at java.lang.Thread.run(Thread.java:748)
Caused by: org.apache.ratis.thirdparty.io.grpc.StatusRuntimeException: UNAVAILABLE: io exception
	at org.apache.ratis.thirdparty.io.grpc.stub.ClientCalls.toStatusRuntimeException(ClientCalls.java:233)
	at org.apache.ratis.thirdparty.io.grpc.stub.ClientCalls.getUnchecked(ClientCalls.java:214)
	at org.apache.ratis.thirdparty.io.grpc.stub.ClientCalls.blockingUnaryCall(ClientCalls.java:139)
	at org.apache.ratis.proto.grpc.RaftServerProtocolServiceGrpc$RaftServerProtocolServiceBlockingStub.requestVote(RaftServerProtocolServiceGrpc.java:265)
	at org.apache.ratis.grpc.server.GrpcServerProtocolClient.requestVote(GrpcServerProtocolClient.java:99)
	at org.apache.ratis.grpc.server.GrpcService.requestVote(GrpcService.java:204)
	at org.apache.ratis.server.impl.LeaderElection.lambda$submitRequests$1(LeaderElection.java:234)
	at java.util.concurrent.FutureTask.run(FutureTask.java:266)
	at java.util.concurrent.Executors$RunnableAdapter.call(Executors.java:511)
	at java.util.concurrent.FutureTask.run(FutureTask.java:266)
	at java.util.concurrent.ThreadPoolExecutor.runWorker(ThreadPoolExecutor.java:1149)
	at java.util.concurrent.ThreadPoolExecutor$Worker.run(ThreadPoolExecutor.java:624)
	... 1 more
Caused by: org.apache.ratis.thirdparty.io.netty.channel.AbstractChannel$AnnotatedConnectException: Connection refused: /192.168.157.252:33158
	at sun.nio.ch.SocketChannelImpl.checkConnect(Native Method)
	at sun.nio.ch.SocketChannelImpl.finishConnect(SocketChannelImpl.java:717)
	at org.apache.ratis.thirdparty.io.netty.channel.socket.nio.NioSocketChannel.doFinishConnect(NioSocketChannel.java:327)
	at org.apache.ratis.thirdparty.io.netty.channel.nio.AbstractNioChannel$AbstractNioUnsafe.finishConnect(AbstractNioChannel.java:340)
	at org.apache.ratis.thirdparty.io.netty.channel.nio.NioEventLoop.processSelectedKey(NioEventLoop.java:632)
	at org.apache.ratis.thirdparty.io.netty.channel.nio.NioEventLoop.processSelectedKeysOptimized(NioEventLoop.java:579)
	at org.apache.ratis.thirdparty.io.netty.channel.nio.NioEventLoop.processSelectedKeys(NioEventLoop.java:496)
	at org.apache.ratis.thirdparty.io.netty.channel.nio.NioEventLoop.run(NioEventLoop.java:458)
	at org.apache.ratis.thirdparty.io.netty.util.concurrent.SingleThreadEventExecutor$5.run(SingleThreadEventExecutor.java:897)
	at org.apache.ratis.thirdparty.io.netty.util.concurrent.FastThreadLocalRunnable.run(FastThreadLocalRunnable.java:30)
	... 1 more
Caused by: java.net.ConnectException: Connection refused
	... 11 more
2019-11-05 11:28:39,277 [grpc-default-executor-11] INFO  impl.RaftServerImpl (RaftServerImpl.java:setRole(184)) - b8bf4e9b-064a-4520-981c-d6c40c833497@group-E95DC8E8582E: changes role from  FOLLOWER to FOLLOWER at term 136 for recognizeCandidate:687f579d-1680-4dd5-8b24-01f078298cef
2019-11-05 11:28:39,275 [grpc-default-executor-9] INFO  impl.RaftServerImpl (RaftServerImpl.java:setRole(184)) - 90ecfa43-dab6-49d9-b30c-40ef62bfdf2a@group-E95DC8E8582E: changes role from  FOLLOWER to FOLLOWER at term 136 for recognizeCandidate:687f579d-1680-4dd5-8b24-01f078298cef
2019-11-05 11:28:39,284 [grpc-default-executor-11] INFO  impl.RoleInfo (RoleInfo.java:shutdownFollowerState(121)) - b8bf4e9b-064a-4520-981c-d6c40c833497: shutdown FollowerState
2019-11-05 11:28:39,284 [grpc-default-executor-11] INFO  impl.RoleInfo (RoleInfo.java:updateAndGet(143)) - b8bf4e9b-064a-4520-981c-d6c40c833497: start FollowerState
2019-11-05 11:28:39,284 [d8b77924-76ff-4932-a9fa-7ec761e4cf6b@group-0CA4D070D5C4-LeaderElection205] INFO  impl.LeaderElection (LeaderElection.java:logAndReturn(56)) - d8b77924-76ff-4932-a9fa-7ec761e4cf6b@group-0CA4D070D5C4-LeaderElection205: Election REJECTED; received 0 response(s) [] and 2 exception(s); d8b77924-76ff-4932-a9fa-7ec761e4cf6b@group-0CA4D070D5C4:t4, leader=null, voted=d8b77924-76ff-4932-a9fa-7ec761e4cf6b, raftlog=d8b77924-76ff-4932-a9fa-7ec761e4cf6b@group-0CA4D070D5C4-SegmentedRaftLog:OPENED:c20,f20,i20, conf=0: [93bc9e78-ae56-4fee-a007-4b156d649157:192.168.157.252:38000, d8b77924-76ff-4932-a9fa-7ec761e4cf6b:192.168.157.252:40377, bd42c95e-cd41-4cbd-85b3-b330cc3c4f94:192.168.157.252:33158], old=null
2019-11-05 11:28:39,284 [Thread-1974] INFO  impl.FollowerState (FollowerState.java:run(117)) - b8bf4e9b-064a-4520-981c-d6c40c833497@group-E95DC8E8582E-FollowerState was interrupted: java.lang.InterruptedException: sleep interrupted
2019-11-05 11:28:39,284 [grpc-default-executor-9] INFO  impl.RoleInfo (RoleInfo.java:shutdownFollowerState(121)) - 90ecfa43-dab6-49d9-b30c-40ef62bfdf2a: shutdown FollowerState
2019-11-05 11:28:39,285 [grpc-default-executor-9] INFO  impl.RoleInfo (RoleInfo.java:updateAndGet(143)) - 90ecfa43-dab6-49d9-b30c-40ef62bfdf2a: start FollowerState
2019-11-05 11:28:39,285 [d8b77924-76ff-4932-a9fa-7ec761e4cf6b@group-0CA4D070D5C4-LeaderElection205] INFO  impl.LeaderElection (LogUtils.java:infoOrTrace(149)) -   Exception 0: {}
java.util.concurrent.ExecutionException: org.apache.ratis.thirdparty.io.grpc.StatusRuntimeException: UNAVAILABLE: io exception
	at java.util.concurrent.FutureTask.report(FutureTask.java:122)
	at java.util.concurrent.FutureTask.get(FutureTask.java:192)
	at org.apache.ratis.server.impl.LeaderElection.waitForResults(LeaderElection.java:259)
	at org.apache.ratis.server.impl.LeaderElection.askForVotes(LeaderElection.java:197)
	at org.apache.ratis.server.impl.LeaderElection.run(LeaderElection.java:133)
	at java.lang.Thread.run(Thread.java:748)
Caused by: org.apache.ratis.thirdparty.io.grpc.StatusRuntimeException: UNAVAILABLE: io exception
	at org.apache.ratis.thirdparty.io.grpc.stub.ClientCalls.toStatusRuntimeException(ClientCalls.java:233)
	at org.apache.ratis.thirdparty.io.grpc.stub.ClientCalls.getUnchecked(ClientCalls.java:214)
	at org.apache.ratis.thirdparty.io.grpc.stub.ClientCalls.blockingUnaryCall(ClientCalls.java:139)
	at org.apache.ratis.proto.grpc.RaftServerProtocolServiceGrpc$RaftServerProtocolServiceBlockingStub.requestVote(RaftServerProtocolServiceGrpc.java:265)
	at org.apache.ratis.grpc.server.GrpcServerProtocolClient.requestVote(GrpcServerProtocolClient.java:99)
	at org.apache.ratis.grpc.server.GrpcService.requestVote(GrpcService.java:204)
	at org.apache.ratis.server.impl.LeaderElection.lambda$submitRequests$1(LeaderElection.java:234)
	at java.util.concurrent.FutureTask.run(FutureTask.java:266)
	at java.util.concurrent.Executors$RunnableAdapter.call(Executors.java:511)
	at java.util.concurrent.FutureTask.run(FutureTask.java:266)
	at java.util.concurrent.ThreadPoolExecutor.runWorker(ThreadPoolExecutor.java:1149)
	at java.util.concurrent.ThreadPoolExecutor$Worker.run(ThreadPoolExecutor.java:624)
	... 1 more
Caused by: org.apache.ratis.thirdparty.io.netty.channel.AbstractChannel$AnnotatedConnectException: Connection refused: /192.168.157.252:38000
	at sun.nio.ch.SocketChannelImpl.checkConnect(Native Method)
	at sun.nio.ch.SocketChannelImpl.finishConnect(SocketChannelImpl.java:717)
	at org.apache.ratis.thirdparty.io.netty.channel.socket.nio.NioSocketChannel.doFinishConnect(NioSocketChannel.java:327)
	at org.apache.ratis.thirdparty.io.netty.channel.nio.AbstractNioChannel$AbstractNioUnsafe.finishConnect(AbstractNioChannel.java:340)
	at org.apache.ratis.thirdparty.io.netty.channel.nio.NioEventLoop.processSelectedKey(NioEventLoop.java:632)
	at org.apache.ratis.thirdparty.io.netty.channel.nio.NioEventLoop.processSelectedKeysOptimized(NioEventLoop.java:579)
	at org.apache.ratis.thirdparty.io.netty.channel.nio.NioEventLoop.processSelectedKeys(NioEventLoop.java:496)
	at org.apache.ratis.thirdparty.io.netty.channel.nio.NioEventLoop.run(NioEventLoop.java:458)
	at org.apache.ratis.thirdparty.io.netty.util.concurrent.SingleThreadEventExecutor$5.run(SingleThreadEventExecutor.java:897)
	at org.apache.ratis.thirdparty.io.netty.util.concurrent.FastThreadLocalRunnable.run(FastThreadLocalRunnable.java:30)
	... 1 more
Caused by: java.net.ConnectException: Connection refused
	... 11 more
2019-11-05 11:28:39,287 [d8b77924-76ff-4932-a9fa-7ec761e4cf6b@group-0CA4D070D5C4-LeaderElection205] INFO  impl.LeaderElection (LogUtils.java:infoOrTrace(149)) -   Exception 1: {}
java.util.concurrent.ExecutionException: org.apache.ratis.thirdparty.io.grpc.StatusRuntimeException: UNAVAILABLE: io exception
	at java.util.concurrent.FutureTask.report(FutureTask.java:122)
	at java.util.concurrent.FutureTask.get(FutureTask.java:192)
	at org.apache.ratis.server.impl.LeaderElection.waitForResults(LeaderElection.java:259)
	at org.apache.ratis.server.impl.LeaderElection.askForVotes(LeaderElection.java:197)
	at org.apache.ratis.server.impl.LeaderElection.run(LeaderElection.java:133)
	at java.lang.Thread.run(Thread.java:748)
Caused by: org.apache.ratis.thirdparty.io.grpc.StatusRuntimeException: UNAVAILABLE: io exception
	at org.apache.ratis.thirdparty.io.grpc.stub.ClientCalls.toStatusRuntimeException(ClientCalls.java:233)
	at org.apache.ratis.thirdparty.io.grpc.stub.ClientCalls.getUnchecked(ClientCalls.java:214)
	at org.apache.ratis.thirdparty.io.grpc.stub.ClientCalls.blockingUnaryCall(ClientCalls.java:139)
	at org.apache.ratis.proto.grpc.RaftServerProtocolServiceGrpc$RaftServerProtocolServiceBlockingStub.requestVote(RaftServerProtocolServiceGrpc.java:265)
	at org.apache.ratis.grpc.server.GrpcServerProtocolClient.requestVote(GrpcServerProtocolClient.java:99)
	at org.apache.ratis.grpc.server.GrpcService.requestVote(GrpcService.java:204)
	at org.apache.ratis.server.impl.LeaderElection.lambda$submitRequests$1(LeaderElection.java:234)
	at java.util.concurrent.FutureTask.run(FutureTask.java:266)
	at java.util.concurrent.Executors$RunnableAdapter.call(Executors.java:511)
	at java.util.concurrent.FutureTask.run(FutureTask.java:266)
	at java.util.concurrent.ThreadPoolExecutor.runWorker(ThreadPoolExecutor.java:1149)
	at java.util.concurrent.ThreadPoolExecutor$Worker.run(ThreadPoolExecutor.java:624)
	... 1 more
Caused by: org.apache.ratis.thirdparty.io.netty.channel.AbstractChannel$AnnotatedConnectException: Connection refused: /192.168.157.252:33158
	at sun.nio.ch.SocketChannelImpl.checkConnect(Native Method)
	at sun.nio.ch.SocketChannelImpl.finishConnect(SocketChannelImpl.java:717)
	at org.apache.ratis.thirdparty.io.netty.channel.socket.nio.NioSocketChannel.doFinishConnect(NioSocketChannel.java:327)
	at org.apache.ratis.thirdparty.io.netty.channel.nio.AbstractNioChannel$AbstractNioUnsafe.finishConnect(AbstractNioChannel.java:340)
	at org.apache.ratis.thirdparty.io.netty.channel.nio.NioEventLoop.processSelectedKey(NioEventLoop.java:632)
	at org.apache.ratis.thirdparty.io.netty.channel.nio.NioEventLoop.processSelectedKeysOptimized(NioEventLoop.java:579)
	at org.apache.ratis.thirdparty.io.netty.channel.nio.NioEventLoop.processSelectedKeys(NioEventLoop.java:496)
	at org.apache.ratis.thirdparty.io.netty.channel.nio.NioEventLoop.run(NioEventLoop.java:458)
	at org.apache.ratis.thirdparty.io.netty.util.concurrent.SingleThreadEventExecutor$5.run(SingleThreadEventExecutor.java:897)
	at org.apache.ratis.thirdparty.io.netty.util.concurrent.FastThreadLocalRunnable.run(FastThreadLocalRunnable.java:30)
	... 1 more
Caused by: java.net.ConnectException: Connection refused
	... 11 more
2019-11-05 11:28:39,288 [d8b77924-76ff-4932-a9fa-7ec761e4cf6b@group-0CA4D070D5C4-LeaderElection205] INFO  impl.RaftServerImpl (RaftServerImpl.java:setRole(184)) - d8b77924-76ff-4932-a9fa-7ec761e4cf6b@group-0CA4D070D5C4: changes role from CANDIDATE to FOLLOWER at term 4 for DISCOVERED_A_NEW_TERM
2019-11-05 11:28:39,291 [d8b77924-76ff-4932-a9fa-7ec761e4cf6b@group-0CA4D070D5C4-LeaderElection205] INFO  impl.RoleInfo (RoleInfo.java:shutdownLeaderElection(134)) - d8b77924-76ff-4932-a9fa-7ec761e4cf6b: shutdown LeaderElection
2019-11-05 11:28:39,291 [d8b77924-76ff-4932-a9fa-7ec761e4cf6b@group-0CA4D070D5C4-LeaderElection205] INFO  impl.RoleInfo (RoleInfo.java:updateAndGet(143)) - d8b77924-76ff-4932-a9fa-7ec761e4cf6b: start FollowerState
2019-11-05 11:28:39,288 [Thread-1972] INFO  impl.FollowerState (FollowerState.java:run(117)) - 90ecfa43-dab6-49d9-b30c-40ef62bfdf2a@group-E95DC8E8582E-FollowerState was interrupted: java.lang.InterruptedException: sleep interrupted
2019-11-05 11:28:39,300 [687f579d-1680-4dd5-8b24-01f078298cef@group-E95DC8E8582E-LeaderElection204] INFO  impl.LeaderElection (LeaderElection.java:logAndReturn(56)) - 687f579d-1680-4dd5-8b24-01f078298cef@group-E95DC8E8582E-LeaderElection204: Election REJECTED; received 2 response(s) [687f579d-1680-4dd5-8b24-01f078298cef<-90ecfa43-dab6-49d9-b30c-40ef62bfdf2a#0:FAIL-t136, 687f579d-1680-4dd5-8b24-01f078298cef<-b8bf4e9b-064a-4520-981c-d6c40c833497#0:FAIL-t136] and 0 exception(s); 687f579d-1680-4dd5-8b24-01f078298cef@group-E95DC8E8582E:t136, leader=null, voted=687f579d-1680-4dd5-8b24-01f078298cef, raftlog=687f579d-1680-4dd5-8b24-01f078298cef@group-E95DC8E8582E-SegmentedRaftLog:OPENED:c-1,f-1,i0, conf=-1: [90ecfa43-dab6-49d9-b30c-40ef62bfdf2a:192.168.157.252:34192, 687f579d-1680-4dd5-8b24-01f078298cef:192.168.157.252:37962, b8bf4e9b-064a-4520-981c-d6c40c833497:192.168.157.252:43407], old=null
2019-11-05 11:28:39,301 [687f579d-1680-4dd5-8b24-01f078298cef@group-E95DC8E8582E-LeaderElection204] INFO  impl.RaftServerImpl (RaftServerImpl.java:setRole(184)) - 687f579d-1680-4dd5-8b24-01f078298cef@group-E95DC8E8582E: changes role from CANDIDATE to FOLLOWER at term 136 for DISCOVERED_A_NEW_TERM
2019-11-05 11:28:39,301 [687f579d-1680-4dd5-8b24-01f078298cef@group-E95DC8E8582E-LeaderElection204] INFO  impl.RoleInfo (RoleInfo.java:shutdownLeaderElection(134)) - 687f579d-1680-4dd5-8b24-01f078298cef: shutdown LeaderElection
2019-11-05 11:28:39,301 [687f579d-1680-4dd5-8b24-01f078298cef@group-E95DC8E8582E-LeaderElection204] INFO  impl.RoleInfo (RoleInfo.java:updateAndGet(143)) - 687f579d-1680-4dd5-8b24-01f078298cef: start FollowerState
2019-11-05 11:28:39,360 [Thread-1982] INFO  impl.FollowerState (FollowerState.java:run(108)) - 687f579d-1680-4dd5-8b24-01f078298cef@group-E95DC8E8582E-FollowerState: change to CANDIDATE, lastRpcTime:59ms, electionTimeout:28ms
2019-11-05 11:28:39,360 [Thread-1982] INFO  impl.RoleInfo (RoleInfo.java:shutdownFollowerState(121)) - 687f579d-1680-4dd5-8b24-01f078298cef: shutdown FollowerState
2019-11-05 11:28:39,360 [Thread-1982] INFO  impl.RaftServerImpl (RaftServerImpl.java:setRole(184)) - 687f579d-1680-4dd5-8b24-01f078298cef@group-E95DC8E8582E: changes role from  FOLLOWER to CANDIDATE at term 136 for changeToCandidate
2019-11-05 11:28:39,361 [Thread-1982] INFO  impl.RoleInfo (RoleInfo.java:updateAndGet(143)) - 687f579d-1680-4dd5-8b24-01f078298cef: start LeaderElection
2019-11-05 11:28:39,375 [687f579d-1680-4dd5-8b24-01f078298cef@group-E95DC8E8582E-LeaderElection206] INFO  impl.LeaderElection (LeaderElection.java:askForVotes(178)) - 687f579d-1680-4dd5-8b24-01f078298cef@group-E95DC8E8582E-LeaderElection206: begin an election at term 137 for -1: [90ecfa43-dab6-49d9-b30c-40ef62bfdf2a:192.168.157.252:34192, 687f579d-1680-4dd5-8b24-01f078298cef:192.168.157.252:37962, b8bf4e9b-064a-4520-981c-d6c40c833497:192.168.157.252:43407], old=null
2019-11-05 11:28:39,377 [grpc-default-executor-9] INFO  impl.RaftServerImpl (RaftServerImpl.java:setRole(184)) - 90ecfa43-dab6-49d9-b30c-40ef62bfdf2a@group-E95DC8E8582E: changes role from  FOLLOWER to FOLLOWER at term 137 for recognizeCandidate:687f579d-1680-4dd5-8b24-01f078298cef
2019-11-05 11:28:39,377 [grpc-default-executor-9] INFO  impl.RoleInfo (RoleInfo.java:shutdownFollowerState(121)) - 90ecfa43-dab6-49d9-b30c-40ef62bfdf2a: shutdown FollowerState
2019-11-05 11:28:39,377 [grpc-default-executor-9] INFO  impl.RoleInfo (RoleInfo.java:updateAndGet(143)) - 90ecfa43-dab6-49d9-b30c-40ef62bfdf2a: start FollowerState
2019-11-05 11:28:39,378 [Thread-1980] INFO  impl.FollowerState (FollowerState.java:run(117)) - 90ecfa43-dab6-49d9-b30c-40ef62bfdf2a@group-E95DC8E8582E-FollowerState was interrupted: java.lang.InterruptedException: sleep interrupted
2019-11-05 11:28:39,379 [grpc-default-executor-11] INFO  impl.RaftServerImpl (RaftServerImpl.java:setRole(184)) - b8bf4e9b-064a-4520-981c-d6c40c833497@group-E95DC8E8582E: changes role from  FOLLOWER to FOLLOWER at term 137 for recognizeCandidate:687f579d-1680-4dd5-8b24-01f078298cef
2019-11-05 11:28:39,379 [grpc-default-executor-11] INFO  impl.RoleInfo (RoleInfo.java:shutdownFollowerState(121)) - b8bf4e9b-064a-4520-981c-d6c40c833497: shutdown FollowerState
2019-11-05 11:28:39,381 [grpc-default-executor-11] INFO  impl.RoleInfo (RoleInfo.java:updateAndGet(143)) - b8bf4e9b-064a-4520-981c-d6c40c833497: start FollowerState
2019-11-05 11:28:39,381 [Thread-1979] INFO  impl.FollowerState (FollowerState.java:run(117)) - b8bf4e9b-064a-4520-981c-d6c40c833497@group-E95DC8E8582E-FollowerState was interrupted: java.lang.InterruptedException: sleep interrupted
2019-11-05 11:28:39,398 [687f579d-1680-4dd5-8b24-01f078298cef@group-E95DC8E8582E-LeaderElection206] INFO  impl.LeaderElection (LeaderElection.java:logAndReturn(56)) - 687f579d-1680-4dd5-8b24-01f078298cef@group-E95DC8E8582E-LeaderElection206: Election REJECTED; received 2 response(s) [687f579d-1680-4dd5-8b24-01f078298cef<-90ecfa43-dab6-49d9-b30c-40ef62bfdf2a#0:FAIL-t137, 687f579d-1680-4dd5-8b24-01f078298cef<-b8bf4e9b-064a-4520-981c-d6c40c833497#0:FAIL-t137] and 0 exception(s); 687f579d-1680-4dd5-8b24-01f078298cef@group-E95DC8E8582E:t137, leader=null, voted=687f579d-1680-4dd5-8b24-01f078298cef, raftlog=687f579d-1680-4dd5-8b24-01f078298cef@group-E95DC8E8582E-SegmentedRaftLog:OPENED:c-1,f-1,i0, conf=-1: [90ecfa43-dab6-49d9-b30c-40ef62bfdf2a:192.168.157.252:34192, 687f579d-1680-4dd5-8b24-01f078298cef:192.168.157.252:37962, b8bf4e9b-064a-4520-981c-d6c40c833497:192.168.157.252:43407], old=null
2019-11-05 11:28:39,398 [687f579d-1680-4dd5-8b24-01f078298cef@group-E95DC8E8582E-LeaderElection206] INFO  impl.RaftServerImpl (RaftServerImpl.java:setRole(184)) - 687f579d-1680-4dd5-8b24-01f078298cef@group-E95DC8E8582E: changes role from CANDIDATE to FOLLOWER at term 137 for DISCOVERED_A_NEW_TERM
2019-11-05 11:28:39,399 [687f579d-1680-4dd5-8b24-01f078298cef@group-E95DC8E8582E-LeaderElection206] INFO  impl.RoleInfo (RoleInfo.java:shutdownLeaderElection(134)) - 687f579d-1680-4dd5-8b24-01f078298cef: shutdown LeaderElection
2019-11-05 11:28:39,399 [687f579d-1680-4dd5-8b24-01f078298cef@group-E95DC8E8582E-LeaderElection206] INFO  impl.RoleInfo (RoleInfo.java:updateAndGet(143)) - 687f579d-1680-4dd5-8b24-01f078298cef: start FollowerState
2019-11-05 11:28:39,414 [Thread-1976] INFO  impl.FollowerState (FollowerState.java:run(108)) - f7e9932d-fd96-469a-9353-68e47138e5ff@group-21C72E9484D5-FollowerState: change to CANDIDATE, lastRpcTime:195ms, electionTimeout:195ms
2019-11-05 11:28:39,415 [Thread-1976] INFO  impl.RoleInfo (RoleInfo.java:shutdownFollowerState(121)) - f7e9932d-fd96-469a-9353-68e47138e5ff: shutdown FollowerState
2019-11-05 11:28:39,415 [Thread-1976] INFO  impl.RaftServerImpl (RaftServerImpl.java:setRole(184)) - f7e9932d-fd96-469a-9353-68e47138e5ff@group-21C72E9484D5: changes role from  FOLLOWER to CANDIDATE at term 123 for changeToCandidate
2019-11-05 11:28:39,415 [Thread-1976] INFO  impl.RoleInfo (RoleInfo.java:updateAndGet(143)) - f7e9932d-fd96-469a-9353-68e47138e5ff: start LeaderElection
2019-11-05 11:28:39,430 [f7e9932d-fd96-469a-9353-68e47138e5ff@group-21C72E9484D5-LeaderElection207] INFO  impl.LeaderElection (LeaderElection.java:askForVotes(178)) - f7e9932d-fd96-469a-9353-68e47138e5ff@group-21C72E9484D5-LeaderElection207: begin an election at term 124 for -1: [f7e9932d-fd96-469a-9353-68e47138e5ff:192.168.157.252:45025, 1eca16cc-5184-4e43-8e55-175d1516eae4:192.168.157.252:41127, 74a8fb36-eab9-4c53-b7cf-c565055de05a:192.168.157.252:42370], old=null
2019-11-05 11:28:39,432 [grpc-default-executor-11] INFO  impl.RaftServerImpl (RaftServerImpl.java:setRole(184)) - 1eca16cc-5184-4e43-8e55-175d1516eae4@group-21C72E9484D5: changes role from  FOLLOWER to FOLLOWER at term 124 for recognizeCandidate:f7e9932d-fd96-469a-9353-68e47138e5ff
2019-11-05 11:28:39,433 [grpc-default-executor-9] INFO  impl.RaftServerImpl (RaftServerImpl.java:setRole(184)) - 74a8fb36-eab9-4c53-b7cf-c565055de05a@group-21C72E9484D5: changes role from  FOLLOWER to FOLLOWER at term 124 for recognizeCandidate:f7e9932d-fd96-469a-9353-68e47138e5ff
2019-11-05 11:28:39,433 [grpc-default-executor-11] INFO  impl.RoleInfo (RoleInfo.java:shutdownFollowerState(121)) - 1eca16cc-5184-4e43-8e55-175d1516eae4: shutdown FollowerState
2019-11-05 11:28:39,433 [grpc-default-executor-9] INFO  impl.RoleInfo (RoleInfo.java:shutdownFollowerState(121)) - 74a8fb36-eab9-4c53-b7cf-c565055de05a: shutdown FollowerState
2019-11-05 11:28:39,433 [grpc-default-executor-9] INFO  impl.RoleInfo (RoleInfo.java:updateAndGet(143)) - 74a8fb36-eab9-4c53-b7cf-c565055de05a: start FollowerState
2019-11-05 11:28:39,433 [Thread-1967] INFO  impl.FollowerState (FollowerState.java:run(117)) - 74a8fb36-eab9-4c53-b7cf-c565055de05a@group-21C72E9484D5-FollowerState was interrupted: java.lang.InterruptedException: sleep interrupted
2019-11-05 11:28:39,433 [grpc-default-executor-11] INFO  impl.RoleInfo (RoleInfo.java:updateAndGet(143)) - 1eca16cc-5184-4e43-8e55-175d1516eae4: start FollowerState
2019-11-05 11:28:39,433 [Thread-1966] INFO  impl.FollowerState (FollowerState.java:run(117)) - 1eca16cc-5184-4e43-8e55-175d1516eae4@group-21C72E9484D5-FollowerState was interrupted: java.lang.InterruptedException: sleep interrupted
2019-11-05 11:28:39,452 [Thread-1988] INFO  impl.FollowerState (FollowerState.java:run(108)) - 687f579d-1680-4dd5-8b24-01f078298cef@group-E95DC8E8582E-FollowerState: change to CANDIDATE, lastRpcTime:53ms, electionTimeout:53ms
2019-11-05 11:28:39,453 [Thread-1988] INFO  impl.RoleInfo (RoleInfo.java:shutdownFollowerState(121)) - 687f579d-1680-4dd5-8b24-01f078298cef: shutdown FollowerState
2019-11-05 11:28:39,453 [Thread-1988] INFO  impl.RaftServerImpl (RaftServerImpl.java:setRole(184)) - 687f579d-1680-4dd5-8b24-01f078298cef@group-E95DC8E8582E: changes role from  FOLLOWER to CANDIDATE at term 137 for changeToCandidate
2019-11-05 11:28:39,453 [Thread-1988] INFO  impl.RoleInfo (RoleInfo.java:updateAndGet(143)) - 687f579d-1680-4dd5-8b24-01f078298cef: start LeaderElection
2019-11-05 11:28:39,459 [f7e9932d-fd96-469a-9353-68e47138e5ff@group-21C72E9484D5-LeaderElection207] INFO  impl.LeaderElection (LeaderElection.java:logAndReturn(56)) - f7e9932d-fd96-469a-9353-68e47138e5ff@group-21C72E9484D5-LeaderElection207: Election REJECTED; received 2 response(s) [f7e9932d-fd96-469a-9353-68e47138e5ff<-1eca16cc-5184-4e43-8e55-175d1516eae4#0:FAIL-t124, f7e9932d-fd96-469a-9353-68e47138e5ff<-74a8fb36-eab9-4c53-b7cf-c565055de05a#0:FAIL-t124] and 0 exception(s); f7e9932d-fd96-469a-9353-68e47138e5ff@group-21C72E9484D5:t124, leader=null, voted=f7e9932d-fd96-469a-9353-68e47138e5ff, raftlog=f7e9932d-fd96-469a-9353-68e47138e5ff@group-21C72E9484D5-SegmentedRaftLog:OPENED:c-1,f-1,i0, conf=-1: [f7e9932d-fd96-469a-9353-68e47138e5ff:192.168.157.252:45025, 1eca16cc-5184-4e43-8e55-175d1516eae4:192.168.157.252:41127, 74a8fb36-eab9-4c53-b7cf-c565055de05a:192.168.157.252:42370], old=null
2019-11-05 11:28:39,459 [f7e9932d-fd96-469a-9353-68e47138e5ff@group-21C72E9484D5-LeaderElection207] INFO  impl.RaftServerImpl (RaftServerImpl.java:setRole(184)) - f7e9932d-fd96-469a-9353-68e47138e5ff@group-21C72E9484D5: changes role from CANDIDATE to FOLLOWER at term 124 for DISCOVERED_A_NEW_TERM
2019-11-05 11:28:39,459 [f7e9932d-fd96-469a-9353-68e47138e5ff@group-21C72E9484D5-LeaderElection207] INFO  impl.RoleInfo (RoleInfo.java:shutdownLeaderElection(134)) - f7e9932d-fd96-469a-9353-68e47138e5ff: shutdown LeaderElection
2019-11-05 11:28:39,459 [f7e9932d-fd96-469a-9353-68e47138e5ff@group-21C72E9484D5-LeaderElection207] INFO  impl.RoleInfo (RoleInfo.java:updateAndGet(143)) - f7e9932d-fd96-469a-9353-68e47138e5ff: start FollowerState
2019-11-05 11:28:39,470 [687f579d-1680-4dd5-8b24-01f078298cef@group-E95DC8E8582E-LeaderElection208] INFO  impl.LeaderElection (LeaderElection.java:askForVotes(178)) - 687f579d-1680-4dd5-8b24-01f078298cef@group-E95DC8E8582E-LeaderElection208: begin an election at term 138 for -1: [90ecfa43-dab6-49d9-b30c-40ef62bfdf2a:192.168.157.252:34192, 687f579d-1680-4dd5-8b24-01f078298cef:192.168.157.252:37962, b8bf4e9b-064a-4520-981c-d6c40c833497:192.168.157.252:43407], old=null
2019-11-05 11:28:39,473 [grpc-default-executor-11] INFO  impl.RaftServerImpl (RaftServerImpl.java:setRole(184)) - 90ecfa43-dab6-49d9-b30c-40ef62bfdf2a@group-E95DC8E8582E: changes role from  FOLLOWER to FOLLOWER at term 138 for recognizeCandidate:687f579d-1680-4dd5-8b24-01f078298cef
2019-11-05 11:28:39,473 [grpc-default-executor-11] INFO  impl.RoleInfo (RoleInfo.java:shutdownFollowerState(121)) - 90ecfa43-dab6-49d9-b30c-40ef62bfdf2a: shutdown FollowerState
2019-11-05 11:28:39,473 [grpc-default-executor-11] INFO  impl.RoleInfo (RoleInfo.java:updateAndGet(143)) - 90ecfa43-dab6-49d9-b30c-40ef62bfdf2a: start FollowerState
2019-11-05 11:28:39,474 [Thread-1986] INFO  impl.FollowerState (FollowerState.java:run(117)) - 90ecfa43-dab6-49d9-b30c-40ef62bfdf2a@group-E95DC8E8582E-FollowerState was interrupted: java.lang.InterruptedException: sleep interrupted
2019-11-05 11:28:39,474 [grpc-default-executor-9] INFO  impl.RaftServerImpl (RaftServerImpl.java:setRole(184)) - b8bf4e9b-064a-4520-981c-d6c40c833497@group-E95DC8E8582E: changes role from  FOLLOWER to FOLLOWER at term 138 for recognizeCandidate:687f579d-1680-4dd5-8b24-01f078298cef
2019-11-05 11:28:39,474 [grpc-default-executor-9] INFO  impl.RoleInfo (RoleInfo.java:shutdownFollowerState(121)) - b8bf4e9b-064a-4520-981c-d6c40c833497: shutdown FollowerState
2019-11-05 11:28:39,474 [grpc-default-executor-9] INFO  impl.RoleInfo (RoleInfo.java:updateAndGet(143)) - b8bf4e9b-064a-4520-981c-d6c40c833497: start FollowerState
2019-11-05 11:28:39,475 [Thread-1987] INFO  impl.FollowerState (FollowerState.java:run(117)) - b8bf4e9b-064a-4520-981c-d6c40c833497@group-E95DC8E8582E-FollowerState was interrupted: java.lang.InterruptedException: sleep interrupted
2019-11-05 11:28:39,490 [687f579d-1680-4dd5-8b24-01f078298cef@group-E95DC8E8582E-LeaderElection208] INFO  impl.LeaderElection (LeaderElection.java:logAndReturn(56)) - 687f579d-1680-4dd5-8b24-01f078298cef@group-E95DC8E8582E-LeaderElection208: Election REJECTED; received 2 response(s) [687f579d-1680-4dd5-8b24-01f078298cef<-90ecfa43-dab6-49d9-b30c-40ef62bfdf2a#0:FAIL-t138, 687f579d-1680-4dd5-8b24-01f078298cef<-b8bf4e9b-064a-4520-981c-d6c40c833497#0:FAIL-t138] and 0 exception(s); 687f579d-1680-4dd5-8b24-01f078298cef@group-E95DC8E8582E:t138, leader=null, voted=687f579d-1680-4dd5-8b24-01f078298cef, raftlog=687f579d-1680-4dd5-8b24-01f078298cef@group-E95DC8E8582E-SegmentedRaftLog:OPENED:c-1,f-1,i0, conf=-1: [90ecfa43-dab6-49d9-b30c-40ef62bfdf2a:192.168.157.252:34192, 687f579d-1680-4dd5-8b24-01f078298cef:192.168.157.252:37962, b8bf4e9b-064a-4520-981c-d6c40c833497:192.168.157.252:43407], old=null
2019-11-05 11:28:39,490 [687f579d-1680-4dd5-8b24-01f078298cef@group-E95DC8E8582E-LeaderElection208] INFO  impl.RaftServerImpl (RaftServerImpl.java:setRole(184)) - 687f579d-1680-4dd5-8b24-01f078298cef@group-E95DC8E8582E: changes role from CANDIDATE to FOLLOWER at term 138 for DISCOVERED_A_NEW_TERM
2019-11-05 11:28:39,490 [687f579d-1680-4dd5-8b24-01f078298cef@group-E95DC8E8582E-LeaderElection208] INFO  impl.RoleInfo (RoleInfo.java:shutdownLeaderElection(134)) - 687f579d-1680-4dd5-8b24-01f078298cef: shutdown LeaderElection
2019-11-05 11:28:39,491 [687f579d-1680-4dd5-8b24-01f078298cef@group-E95DC8E8582E-LeaderElection208] INFO  impl.RoleInfo (RoleInfo.java:updateAndGet(143)) - 687f579d-1680-4dd5-8b24-01f078298cef: start FollowerState
2019-11-05 11:28:39,538 [Thread-2000] INFO  impl.FollowerState (FollowerState.java:run(108)) - 687f579d-1680-4dd5-8b24-01f078298cef@group-E95DC8E8582E-FollowerState: change to CANDIDATE, lastRpcTime:46ms, electionTimeout:36ms
2019-11-05 11:28:39,538 [Thread-2000] INFO  impl.RoleInfo (RoleInfo.java:shutdownFollowerState(121)) - 687f579d-1680-4dd5-8b24-01f078298cef: shutdown FollowerState
2019-11-05 11:28:39,538 [Thread-2000] INFO  impl.RaftServerImpl (RaftServerImpl.java:setRole(184)) - 687f579d-1680-4dd5-8b24-01f078298cef@group-E95DC8E8582E: changes role from  FOLLOWER to CANDIDATE at term 138 for changeToCandidate
2019-11-05 11:28:39,538 [Thread-2000] INFO  impl.RoleInfo (RoleInfo.java:updateAndGet(143)) - 687f579d-1680-4dd5-8b24-01f078298cef: start LeaderElection
2019-11-05 11:28:39,553 [687f579d-1680-4dd5-8b24-01f078298cef@group-E95DC8E8582E-LeaderElection209] INFO  impl.LeaderElection (LeaderElection.java:askForVotes(178)) - 687f579d-1680-4dd5-8b24-01f078298cef@group-E95DC8E8582E-LeaderElection209: begin an election at term 139 for -1: [90ecfa43-dab6-49d9-b30c-40ef62bfdf2a:192.168.157.252:34192, 687f579d-1680-4dd5-8b24-01f078298cef:192.168.157.252:37962, b8bf4e9b-064a-4520-981c-d6c40c833497:192.168.157.252:43407], old=null
2019-11-05 11:28:39,555 [grpc-default-executor-11] INFO  impl.RaftServerImpl (RaftServerImpl.java:setRole(184)) - 90ecfa43-dab6-49d9-b30c-40ef62bfdf2a@group-E95DC8E8582E: changes role from  FOLLOWER to FOLLOWER at term 139 for recognizeCandidate:687f579d-1680-4dd5-8b24-01f078298cef
2019-11-05 11:28:39,555 [grpc-default-executor-9] INFO  impl.RaftServerImpl (RaftServerImpl.java:setRole(184)) - b8bf4e9b-064a-4520-981c-d6c40c833497@group-E95DC8E8582E: changes role from  FOLLOWER to FOLLOWER at term 139 for recognizeCandidate:687f579d-1680-4dd5-8b24-01f078298cef
2019-11-05 11:28:39,555 [grpc-default-executor-9] INFO  impl.RoleInfo (RoleInfo.java:shutdownFollowerState(121)) - b8bf4e9b-064a-4520-981c-d6c40c833497: shutdown FollowerState
2019-11-05 11:28:39,555 [grpc-default-executor-11] INFO  impl.RoleInfo (RoleInfo.java:shutdownFollowerState(121)) - 90ecfa43-dab6-49d9-b30c-40ef62bfdf2a: shutdown FollowerState
2019-11-05 11:28:39,555 [grpc-default-executor-9] INFO  impl.RoleInfo (RoleInfo.java:updateAndGet(143)) - b8bf4e9b-064a-4520-981c-d6c40c833497: start FollowerState
2019-11-05 11:28:39,555 [grpc-default-executor-11] INFO  impl.RoleInfo (RoleInfo.java:updateAndGet(143)) - 90ecfa43-dab6-49d9-b30c-40ef62bfdf2a: start FollowerState
2019-11-05 11:28:39,556 [Thread-1998] INFO  impl.FollowerState (FollowerState.java:run(117)) - 90ecfa43-dab6-49d9-b30c-40ef62bfdf2a@group-E95DC8E8582E-FollowerState was interrupted: java.lang.InterruptedException: sleep interrupted
2019-11-05 11:28:39,556 [Thread-1999] INFO  impl.FollowerState (FollowerState.java:run(117)) - b8bf4e9b-064a-4520-981c-d6c40c833497@group-E95DC8E8582E-FollowerState was interrupted: java.lang.InterruptedException: sleep interrupted
2019-11-05 11:28:39,571 [687f579d-1680-4dd5-8b24-01f078298cef@group-E95DC8E8582E-LeaderElection209] INFO  impl.LeaderElection (LeaderElection.java:logAndReturn(56)) - 687f579d-1680-4dd5-8b24-01f078298cef@group-E95DC8E8582E-LeaderElection209: Election REJECTED; received 2 response(s) [687f579d-1680-4dd5-8b24-01f078298cef<-90ecfa43-dab6-49d9-b30c-40ef62bfdf2a#0:FAIL-t139, 687f579d-1680-4dd5-8b24-01f078298cef<-b8bf4e9b-064a-4520-981c-d6c40c833497#0:FAIL-t139] and 0 exception(s); 687f579d-1680-4dd5-8b24-01f078298cef@group-E95DC8E8582E:t139, leader=null, voted=687f579d-1680-4dd5-8b24-01f078298cef, raftlog=687f579d-1680-4dd5-8b24-01f078298cef@group-E95DC8E8582E-SegmentedRaftLog:OPENED:c-1,f-1,i0, conf=-1: [90ecfa43-dab6-49d9-b30c-40ef62bfdf2a:192.168.157.252:34192, 687f579d-1680-4dd5-8b24-01f078298cef:192.168.157.252:37962, b8bf4e9b-064a-4520-981c-d6c40c833497:192.168.157.252:43407], old=null
2019-11-05 11:28:39,572 [687f579d-1680-4dd5-8b24-01f078298cef@group-E95DC8E8582E-LeaderElection209] INFO  impl.RaftServerImpl (RaftServerImpl.java:setRole(184)) - 687f579d-1680-4dd5-8b24-01f078298cef@group-E95DC8E8582E: changes role from CANDIDATE to FOLLOWER at term 139 for DISCOVERED_A_NEW_TERM
2019-11-05 11:28:39,572 [687f579d-1680-4dd5-8b24-01f078298cef@group-E95DC8E8582E-LeaderElection209] INFO  impl.RoleInfo (RoleInfo.java:shutdownLeaderElection(134)) - 687f579d-1680-4dd5-8b24-01f078298cef: shutdown LeaderElection
2019-11-05 11:28:39,572 [687f579d-1680-4dd5-8b24-01f078298cef@group-E95DC8E8582E-LeaderElection209] INFO  impl.RoleInfo (RoleInfo.java:updateAndGet(143)) - 687f579d-1680-4dd5-8b24-01f078298cef: start FollowerState
2019-11-05 11:28:39,632 [Thread-1995] INFO  impl.FollowerState (FollowerState.java:run(108)) - f7e9932d-fd96-469a-9353-68e47138e5ff@group-21C72E9484D5-FollowerState: change to CANDIDATE, lastRpcTime:172ms, electionTimeout:161ms
2019-11-05 11:28:39,632 [Thread-1995] INFO  impl.RoleInfo (RoleInfo.java:shutdownFollowerState(121)) - f7e9932d-fd96-469a-9353-68e47138e5ff: shutdown FollowerState
2019-11-05 11:28:39,632 [Thread-1995] INFO  impl.RaftServerImpl (RaftServerImpl.java:setRole(184)) - f7e9932d-fd96-469a-9353-68e47138e5ff@group-21C72E9484D5: changes role from  FOLLOWER to CANDIDATE at term 124 for changeToCandidate
2019-11-05 11:28:39,632 [Thread-1995] INFO  impl.RoleInfo (RoleInfo.java:updateAndGet(143)) - f7e9932d-fd96-469a-9353-68e47138e5ff: start LeaderElection
2019-11-05 11:28:39,647 [f7e9932d-fd96-469a-9353-68e47138e5ff@group-21C72E9484D5-LeaderElection210] INFO  impl.LeaderElection (LeaderElection.java:askForVotes(178)) - f7e9932d-fd96-469a-9353-68e47138e5ff@group-21C72E9484D5-LeaderElection210: begin an election at term 125 for -1: [f7e9932d-fd96-469a-9353-68e47138e5ff:192.168.157.252:45025, 1eca16cc-5184-4e43-8e55-175d1516eae4:192.168.157.252:41127, 74a8fb36-eab9-4c53-b7cf-c565055de05a:192.168.157.252:42370], old=null
2019-11-05 11:28:39,650 [grpc-default-executor-9] INFO  impl.RaftServerImpl (RaftServerImpl.java:setRole(184)) - 1eca16cc-5184-4e43-8e55-175d1516eae4@group-21C72E9484D5: changes role from  FOLLOWER to FOLLOWER at term 125 for recognizeCandidate:f7e9932d-fd96-469a-9353-68e47138e5ff
2019-11-05 11:28:39,650 [grpc-default-executor-9] INFO  impl.RoleInfo (RoleInfo.java:shutdownFollowerState(121)) - 1eca16cc-5184-4e43-8e55-175d1516eae4: shutdown FollowerState
2019-11-05 11:28:39,651 [grpc-default-executor-9] INFO  impl.RoleInfo (RoleInfo.java:updateAndGet(143)) - 1eca16cc-5184-4e43-8e55-175d1516eae4: start FollowerState
2019-11-05 11:28:39,651 [Thread-1992] INFO  impl.FollowerState (FollowerState.java:run(117)) - 1eca16cc-5184-4e43-8e55-175d1516eae4@group-21C72E9484D5-FollowerState was interrupted: java.lang.InterruptedException: sleep interrupted
2019-11-05 11:28:39,653 [grpc-default-executor-11] INFO  impl.RaftServerImpl (RaftServerImpl.java:setRole(184)) - 74a8fb36-eab9-4c53-b7cf-c565055de05a@group-21C72E9484D5: changes role from  FOLLOWER to FOLLOWER at term 125 for recognizeCandidate:f7e9932d-fd96-469a-9353-68e47138e5ff
2019-11-05 11:28:39,653 [grpc-default-executor-11] INFO  impl.RoleInfo (RoleInfo.java:shutdownFollowerState(121)) - 74a8fb36-eab9-4c53-b7cf-c565055de05a: shutdown FollowerState
2019-11-05 11:28:39,653 [grpc-default-executor-11] INFO  impl.RoleInfo (RoleInfo.java:updateAndGet(143)) - 74a8fb36-eab9-4c53-b7cf-c565055de05a: start FollowerState
2019-11-05 11:28:39,671 [Thread-1993] INFO  impl.FollowerState (FollowerState.java:run(117)) - 74a8fb36-eab9-4c53-b7cf-c565055de05a@group-21C72E9484D5-FollowerState was interrupted: java.lang.InterruptedException: sleep interrupted
2019-11-05 11:28:39,679 [f7e9932d-fd96-469a-9353-68e47138e5ff@group-21C72E9484D5-LeaderElection210] INFO  impl.LeaderElection (LeaderElection.java:logAndReturn(56)) - f7e9932d-fd96-469a-9353-68e47138e5ff@group-21C72E9484D5-LeaderElection210: Election REJECTED; received 2 response(s) [f7e9932d-fd96-469a-9353-68e47138e5ff<-1eca16cc-5184-4e43-8e55-175d1516eae4#0:FAIL-t125, f7e9932d-fd96-469a-9353-68e47138e5ff<-74a8fb36-eab9-4c53-b7cf-c565055de05a#0:FAIL-t125] and 0 exception(s); f7e9932d-fd96-469a-9353-68e47138e5ff@group-21C72E9484D5:t125, leader=null, voted=f7e9932d-fd96-469a-9353-68e47138e5ff, raftlog=f7e9932d-fd96-469a-9353-68e47138e5ff@group-21C72E9484D5-SegmentedRaftLog:OPENED:c-1,f-1,i0, conf=-1: [f7e9932d-fd96-469a-9353-68e47138e5ff:192.168.157.252:45025, 1eca16cc-5184-4e43-8e55-175d1516eae4:192.168.157.252:41127, 74a8fb36-eab9-4c53-b7cf-c565055de05a:192.168.157.252:42370], old=null
2019-11-05 11:28:39,680 [f7e9932d-fd96-469a-9353-68e47138e5ff@group-21C72E9484D5-LeaderElection210] INFO  impl.RaftServerImpl (RaftServerImpl.java:setRole(184)) - f7e9932d-fd96-469a-9353-68e47138e5ff@group-21C72E9484D5: changes role from CANDIDATE to FOLLOWER at term 125 for DISCOVERED_A_NEW_TERM
2019-11-05 11:28:39,680 [f7e9932d-fd96-469a-9353-68e47138e5ff@group-21C72E9484D5-LeaderElection210] INFO  impl.RoleInfo (RoleInfo.java:shutdownLeaderElection(134)) - f7e9932d-fd96-469a-9353-68e47138e5ff: shutdown LeaderElection
2019-11-05 11:28:39,680 [f7e9932d-fd96-469a-9353-68e47138e5ff@group-21C72E9484D5-LeaderElection210] INFO  impl.RoleInfo (RoleInfo.java:updateAndGet(143)) - f7e9932d-fd96-469a-9353-68e47138e5ff: start FollowerState
2019-11-05 11:28:39,696 [Thread-2006] INFO  impl.FollowerState (FollowerState.java:run(108)) - 687f579d-1680-4dd5-8b24-01f078298cef@group-E95DC8E8582E-FollowerState: change to CANDIDATE, lastRpcTime:123ms, electionTimeout:123ms
2019-11-05 11:28:39,696 [Thread-2006] INFO  impl.RoleInfo (RoleInfo.java:shutdownFollowerState(121)) - 687f579d-1680-4dd5-8b24-01f078298cef: shutdown FollowerState
2019-11-05 11:28:39,696 [Thread-2006] INFO  impl.RaftServerImpl (RaftServerImpl.java:setRole(184)) - 687f579d-1680-4dd5-8b24-01f078298cef@group-E95DC8E8582E: changes role from  FOLLOWER to CANDIDATE at term 139 for changeToCandidate
2019-11-05 11:28:39,696 [Thread-2006] INFO  impl.RoleInfo (RoleInfo.java:updateAndGet(143)) - 687f579d-1680-4dd5-8b24-01f078298cef: start LeaderElection
2019-11-05 11:28:39,749 [687f579d-1680-4dd5-8b24-01f078298cef@group-E95DC8E8582E-LeaderElection211] INFO  impl.LeaderElection (LeaderElection.java:askForVotes(178)) - 687f579d-1680-4dd5-8b24-01f078298cef@group-E95DC8E8582E-LeaderElection211: begin an election at term 140 for -1: [90ecfa43-dab6-49d9-b30c-40ef62bfdf2a:192.168.157.252:34192, 687f579d-1680-4dd5-8b24-01f078298cef:192.168.157.252:37962, b8bf4e9b-064a-4520-981c-d6c40c833497:192.168.157.252:43407], old=null
2019-11-05 11:28:39,752 [grpc-default-executor-9] INFO  impl.RaftServerImpl (RaftServerImpl.java:setRole(184)) - 90ecfa43-dab6-49d9-b30c-40ef62bfdf2a@group-E95DC8E8582E: changes role from  FOLLOWER to FOLLOWER at term 140 for recognizeCandidate:687f579d-1680-4dd5-8b24-01f078298cef
2019-11-05 11:28:39,752 [grpc-default-executor-9] INFO  impl.RoleInfo (RoleInfo.java:shutdownFollowerState(121)) - 90ecfa43-dab6-49d9-b30c-40ef62bfdf2a: shutdown FollowerState
2019-11-05 11:28:39,752 [grpc-default-executor-9] INFO  impl.RoleInfo (RoleInfo.java:updateAndGet(143)) - 90ecfa43-dab6-49d9-b30c-40ef62bfdf2a: start FollowerState
2019-11-05 11:28:39,753 [Thread-2005] INFO  impl.FollowerState (FollowerState.java:run(117)) - 90ecfa43-dab6-49d9-b30c-40ef62bfdf2a@group-E95DC8E8582E-FollowerState was interrupted: java.lang.InterruptedException: sleep interrupted
2019-11-05 11:28:39,756 [grpc-default-executor-11] INFO  impl.RaftServerImpl (RaftServerImpl.java:setRole(184)) - b8bf4e9b-064a-4520-981c-d6c40c833497@group-E95DC8E8582E: changes role from  FOLLOWER to FOLLOWER at term 140 for recognizeCandidate:687f579d-1680-4dd5-8b24-01f078298cef
2019-11-05 11:28:39,756 [grpc-default-executor-11] INFO  impl.RoleInfo (RoleInfo.java:shutdownFollowerState(121)) - b8bf4e9b-064a-4520-981c-d6c40c833497: shutdown FollowerState
2019-11-05 11:28:39,756 [grpc-default-executor-11] INFO  impl.RoleInfo (RoleInfo.java:updateAndGet(143)) - b8bf4e9b-064a-4520-981c-d6c40c833497: start FollowerState
2019-11-05 11:28:39,757 [Thread-2004] INFO  impl.FollowerState (FollowerState.java:run(117)) - b8bf4e9b-064a-4520-981c-d6c40c833497@group-E95DC8E8582E-FollowerState was interrupted: java.lang.InterruptedException: sleep interrupted
2019-11-05 11:28:39,770 [687f579d-1680-4dd5-8b24-01f078298cef@group-E95DC8E8582E-LeaderElection211] INFO  impl.LeaderElection (LeaderElection.java:logAndReturn(56)) - 687f579d-1680-4dd5-8b24-01f078298cef@group-E95DC8E8582E-LeaderElection211: Election REJECTED; received 2 response(s) [687f579d-1680-4dd5-8b24-01f078298cef<-90ecfa43-dab6-49d9-b30c-40ef62bfdf2a#0:FAIL-t140, 687f579d-1680-4dd5-8b24-01f078298cef<-b8bf4e9b-064a-4520-981c-d6c40c833497#0:FAIL-t140] and 0 exception(s); 687f579d-1680-4dd5-8b24-01f078298cef@group-E95DC8E8582E:t140, leader=null, voted=687f579d-1680-4dd5-8b24-01f078298cef, raftlog=687f579d-1680-4dd5-8b24-01f078298cef@group-E95DC8E8582E-SegmentedRaftLog:OPENED:c-1,f-1,i0, conf=-1: [90ecfa43-dab6-49d9-b30c-40ef62bfdf2a:192.168.157.252:34192, 687f579d-1680-4dd5-8b24-01f078298cef:192.168.157.252:37962, b8bf4e9b-064a-4520-981c-d6c40c833497:192.168.157.252:43407], old=null
2019-11-05 11:28:39,771 [687f579d-1680-4dd5-8b24-01f078298cef@group-E95DC8E8582E-LeaderElection211] INFO  impl.RaftServerImpl (RaftServerImpl.java:setRole(184)) - 687f579d-1680-4dd5-8b24-01f078298cef@group-E95DC8E8582E: changes role from CANDIDATE to FOLLOWER at term 140 for DISCOVERED_A_NEW_TERM
2019-11-05 11:28:39,771 [687f579d-1680-4dd5-8b24-01f078298cef@group-E95DC8E8582E-LeaderElection211] INFO  impl.RoleInfo (RoleInfo.java:shutdownLeaderElection(134)) - 687f579d-1680-4dd5-8b24-01f078298cef: shutdown LeaderElection
2019-11-05 11:28:39,771 [687f579d-1680-4dd5-8b24-01f078298cef@group-E95DC8E8582E-LeaderElection211] INFO  impl.RoleInfo (RoleInfo.java:updateAndGet(143)) - 687f579d-1680-4dd5-8b24-01f078298cef: start FollowerState
2019-11-05 11:28:39,807 [Thread-2012] INFO  impl.FollowerState (FollowerState.java:run(108)) - f7e9932d-fd96-469a-9353-68e47138e5ff@group-21C72E9484D5-FollowerState: change to CANDIDATE, lastRpcTime:126ms, electionTimeout:126ms
2019-11-05 11:28:39,807 [Thread-2012] INFO  impl.RoleInfo (RoleInfo.java:shutdownFollowerState(121)) - f7e9932d-fd96-469a-9353-68e47138e5ff: shutdown FollowerState
2019-11-05 11:28:39,807 [Thread-2012] INFO  impl.RaftServerImpl (RaftServerImpl.java:setRole(184)) - f7e9932d-fd96-469a-9353-68e47138e5ff@group-21C72E9484D5: changes role from  FOLLOWER to CANDIDATE at term 125 for changeToCandidate
2019-11-05 11:28:39,808 [Thread-2012] INFO  impl.RoleInfo (RoleInfo.java:updateAndGet(143)) - f7e9932d-fd96-469a-9353-68e47138e5ff: start LeaderElection
2019-11-05 11:28:39,852 [f7e9932d-fd96-469a-9353-68e47138e5ff@group-21C72E9484D5-LeaderElection212] INFO  impl.LeaderElection (LeaderElection.java:askForVotes(178)) - f7e9932d-fd96-469a-9353-68e47138e5ff@group-21C72E9484D5-LeaderElection212: begin an election at term 126 for -1: [f7e9932d-fd96-469a-9353-68e47138e5ff:192.168.157.252:45025, 1eca16cc-5184-4e43-8e55-175d1516eae4:192.168.157.252:41127, 74a8fb36-eab9-4c53-b7cf-c565055de05a:192.168.157.252:42370], old=null
2019-11-05 11:28:39,855 [grpc-default-executor-9] INFO  impl.RaftServerImpl (RaftServerImpl.java:setRole(184)) - 1eca16cc-5184-4e43-8e55-175d1516eae4@group-21C72E9484D5: changes role from  FOLLOWER to FOLLOWER at term 126 for recognizeCandidate:f7e9932d-fd96-469a-9353-68e47138e5ff
2019-11-05 11:28:39,855 [grpc-default-executor-9] INFO  impl.RoleInfo (RoleInfo.java:shutdownFollowerState(121)) - 1eca16cc-5184-4e43-8e55-175d1516eae4: shutdown FollowerState
2019-11-05 11:28:39,855 [grpc-default-executor-9] INFO  impl.RoleInfo (RoleInfo.java:updateAndGet(143)) - 1eca16cc-5184-4e43-8e55-175d1516eae4: start FollowerState
2019-11-05 11:28:39,856 [Thread-2010] INFO  impl.FollowerState (FollowerState.java:run(117)) - 1eca16cc-5184-4e43-8e55-175d1516eae4@group-21C72E9484D5-FollowerState was interrupted: java.lang.InterruptedException: sleep interrupted
2019-11-05 11:28:39,856 [grpc-default-executor-11] INFO  impl.RaftServerImpl (RaftServerImpl.java:setRole(184)) - 74a8fb36-eab9-4c53-b7cf-c565055de05a@group-21C72E9484D5: changes role from  FOLLOWER to FOLLOWER at term 126 for recognizeCandidate:f7e9932d-fd96-469a-9353-68e47138e5ff
2019-11-05 11:28:39,856 [grpc-default-executor-11] INFO  impl.RoleInfo (RoleInfo.java:shutdownFollowerState(121)) - 74a8fb36-eab9-4c53-b7cf-c565055de05a: shutdown FollowerState
2019-11-05 11:28:39,857 [grpc-default-executor-11] INFO  impl.RoleInfo (RoleInfo.java:updateAndGet(143)) - 74a8fb36-eab9-4c53-b7cf-c565055de05a: start FollowerState
2019-11-05 11:28:39,857 [Thread-2011] INFO  impl.FollowerState (FollowerState.java:run(117)) - 74a8fb36-eab9-4c53-b7cf-c565055de05a@group-21C72E9484D5-FollowerState was interrupted: java.lang.InterruptedException: sleep interrupted
2019-11-05 11:28:39,876 [Thread-2018] INFO  impl.FollowerState (FollowerState.java:run(108)) - 687f579d-1680-4dd5-8b24-01f078298cef@group-E95DC8E8582E-FollowerState: change to CANDIDATE, lastRpcTime:104ms, electionTimeout:85ms
2019-11-05 11:28:39,876 [Thread-2018] INFO  impl.RoleInfo (RoleInfo.java:shutdownFollowerState(121)) - 687f579d-1680-4dd5-8b24-01f078298cef: shutdown FollowerState
2019-11-05 11:28:39,877 [Thread-2018] INFO  impl.RaftServerImpl (RaftServerImpl.java:setRole(184)) - 687f579d-1680-4dd5-8b24-01f078298cef@group-E95DC8E8582E: changes role from  FOLLOWER to CANDIDATE at term 140 for changeToCandidate
2019-11-05 11:28:39,877 [Thread-2018] INFO  impl.RoleInfo (RoleInfo.java:updateAndGet(143)) - 687f579d-1680-4dd5-8b24-01f078298cef: start LeaderElection
2019-11-05 11:28:39,879 [f7e9932d-fd96-469a-9353-68e47138e5ff@group-21C72E9484D5-LeaderElection212] INFO  impl.LeaderElection (LeaderElection.java:logAndReturn(56)) - f7e9932d-fd96-469a-9353-68e47138e5ff@group-21C72E9484D5-LeaderElection212: Election REJECTED; received 2 response(s) [f7e9932d-fd96-469a-9353-68e47138e5ff<-1eca16cc-5184-4e43-8e55-175d1516eae4#0:FAIL-t126, f7e9932d-fd96-469a-9353-68e47138e5ff<-74a8fb36-eab9-4c53-b7cf-c565055de05a#0:FAIL-t126] and 0 exception(s); f7e9932d-fd96-469a-9353-68e47138e5ff@group-21C72E9484D5:t126, leader=null, voted=f7e9932d-fd96-469a-9353-68e47138e5ff, raftlog=f7e9932d-fd96-469a-9353-68e47138e5ff@group-21C72E9484D5-SegmentedRaftLog:OPENED:c-1,f-1,i0, conf=-1: [f7e9932d-fd96-469a-9353-68e47138e5ff:192.168.157.252:45025, 1eca16cc-5184-4e43-8e55-175d1516eae4:192.168.157.252:41127, 74a8fb36-eab9-4c53-b7cf-c565055de05a:192.168.157.252:42370], old=null
2019-11-05 11:28:39,879 [f7e9932d-fd96-469a-9353-68e47138e5ff@group-21C72E9484D5-LeaderElection212] INFO  impl.RaftServerImpl (RaftServerImpl.java:setRole(184)) - f7e9932d-fd96-469a-9353-68e47138e5ff@group-21C72E9484D5: changes role from CANDIDATE to FOLLOWER at term 126 for DISCOVERED_A_NEW_TERM
2019-11-05 11:28:39,880 [f7e9932d-fd96-469a-9353-68e47138e5ff@group-21C72E9484D5-LeaderElection212] INFO  impl.RoleInfo (RoleInfo.java:shutdownLeaderElection(134)) - f7e9932d-fd96-469a-9353-68e47138e5ff: shutdown LeaderElection
2019-11-05 11:28:39,880 [f7e9932d-fd96-469a-9353-68e47138e5ff@group-21C72E9484D5-LeaderElection212] INFO  impl.RoleInfo (RoleInfo.java:updateAndGet(143)) - f7e9932d-fd96-469a-9353-68e47138e5ff: start FollowerState
2019-11-05 11:28:39,891 [687f579d-1680-4dd5-8b24-01f078298cef@group-E95DC8E8582E-LeaderElection213] INFO  impl.LeaderElection (LeaderElection.java:askForVotes(178)) - 687f579d-1680-4dd5-8b24-01f078298cef@group-E95DC8E8582E-LeaderElection213: begin an election at term 141 for -1: [90ecfa43-dab6-49d9-b30c-40ef62bfdf2a:192.168.157.252:34192, 687f579d-1680-4dd5-8b24-01f078298cef:192.168.157.252:37962, b8bf4e9b-064a-4520-981c-d6c40c833497:192.168.157.252:43407], old=null
2019-11-05 11:28:39,894 [grpc-default-executor-11] INFO  impl.RaftServerImpl (RaftServerImpl.java:setRole(184)) - 90ecfa43-dab6-49d9-b30c-40ef62bfdf2a@group-E95DC8E8582E: changes role from  FOLLOWER to FOLLOWER at term 141 for recognizeCandidate:687f579d-1680-4dd5-8b24-01f078298cef
2019-11-05 11:28:39,895 [grpc-default-executor-11] INFO  impl.RoleInfo (RoleInfo.java:shutdownFollowerState(121)) - 90ecfa43-dab6-49d9-b30c-40ef62bfdf2a: shutdown FollowerState
2019-11-05 11:28:39,895 [grpc-default-executor-11] INFO  impl.RoleInfo (RoleInfo.java:updateAndGet(143)) - 90ecfa43-dab6-49d9-b30c-40ef62bfdf2a: start FollowerState
2019-11-05 11:28:39,895 [Thread-2016] INFO  impl.FollowerState (FollowerState.java:run(117)) - 90ecfa43-dab6-49d9-b30c-40ef62bfdf2a@group-E95DC8E8582E-FollowerState was interrupted: java.lang.InterruptedException: sleep interrupted
2019-11-05 11:28:39,898 [grpc-default-executor-9] INFO  impl.RaftServerImpl (RaftServerImpl.java:setRole(184)) - b8bf4e9b-064a-4520-981c-d6c40c833497@group-E95DC8E8582E: changes role from  FOLLOWER to FOLLOWER at term 141 for recognizeCandidate:687f579d-1680-4dd5-8b24-01f078298cef
2019-11-05 11:28:39,898 [grpc-default-executor-9] INFO  impl.RoleInfo (RoleInfo.java:shutdownFollowerState(121)) - b8bf4e9b-064a-4520-981c-d6c40c833497: shutdown FollowerState
2019-11-05 11:28:39,910 [grpc-default-executor-9] INFO  impl.RoleInfo (RoleInfo.java:updateAndGet(143)) - b8bf4e9b-064a-4520-981c-d6c40c833497: start FollowerState
2019-11-05 11:28:39,911 [Thread-2017] INFO  impl.FollowerState (FollowerState.java:run(117)) - b8bf4e9b-064a-4520-981c-d6c40c833497@group-E95DC8E8582E-FollowerState was interrupted: java.lang.InterruptedException: sleep interrupted
2019-11-05 11:28:39,934 [Thread-2025] INFO  impl.FollowerState (FollowerState.java:run(108)) - f7e9932d-fd96-469a-9353-68e47138e5ff@group-21C72E9484D5-FollowerState: change to CANDIDATE, lastRpcTime:53ms, electionTimeout:53ms
2019-11-05 11:28:39,934 [Thread-2025] INFO  impl.RoleInfo (RoleInfo.java:shutdownFollowerState(121)) - f7e9932d-fd96-469a-9353-68e47138e5ff: shutdown FollowerState
2019-11-05 11:28:39,934 [Thread-2025] INFO  impl.RaftServerImpl (RaftServerImpl.java:setRole(184)) - f7e9932d-fd96-469a-9353-68e47138e5ff@group-21C72E9484D5: changes role from  FOLLOWER to CANDIDATE at term 126 for changeToCandidate
2019-11-05 11:28:39,934 [Thread-2025] INFO  impl.RoleInfo (RoleInfo.java:updateAndGet(143)) - f7e9932d-fd96-469a-9353-68e47138e5ff: start LeaderElection
2019-11-05 11:28:39,942 [687f579d-1680-4dd5-8b24-01f078298cef@group-E95DC8E8582E-LeaderElection213] INFO  impl.LeaderElection (LeaderElection.java:logAndReturn(56)) - 687f579d-1680-4dd5-8b24-01f078298cef@group-E95DC8E8582E-LeaderElection213: Election REJECTED; received 2 response(s) [687f579d-1680-4dd5-8b24-01f078298cef<-90ecfa43-dab6-49d9-b30c-40ef62bfdf2a#0:FAIL-t141, 687f579d-1680-4dd5-8b24-01f078298cef<-b8bf4e9b-064a-4520-981c-d6c40c833497#0:FAIL-t141] and 0 exception(s); 687f579d-1680-4dd5-8b24-01f078298cef@group-E95DC8E8582E:t141, leader=null, voted=687f579d-1680-4dd5-8b24-01f078298cef, raftlog=687f579d-1680-4dd5-8b24-01f078298cef@group-E95DC8E8582E-SegmentedRaftLog:OPENED:c-1,f-1,i0, conf=-1: [90ecfa43-dab6-49d9-b30c-40ef62bfdf2a:192.168.157.252:34192, 687f579d-1680-4dd5-8b24-01f078298cef:192.168.157.252:37962, b8bf4e9b-064a-4520-981c-d6c40c833497:192.168.157.252:43407], old=null
2019-11-05 11:28:39,942 [687f579d-1680-4dd5-8b24-01f078298cef@group-E95DC8E8582E-LeaderElection213] INFO  impl.RaftServerImpl (RaftServerImpl.java:setRole(184)) - 687f579d-1680-4dd5-8b24-01f078298cef@group-E95DC8E8582E: changes role from CANDIDATE to FOLLOWER at term 141 for DISCOVERED_A_NEW_TERM
2019-11-05 11:28:39,942 [687f579d-1680-4dd5-8b24-01f078298cef@group-E95DC8E8582E-LeaderElection213] INFO  impl.RoleInfo (RoleInfo.java:shutdownLeaderElection(134)) - 687f579d-1680-4dd5-8b24-01f078298cef: shutdown LeaderElection
2019-11-05 11:28:39,942 [687f579d-1680-4dd5-8b24-01f078298cef@group-E95DC8E8582E-LeaderElection213] INFO  impl.RoleInfo (RoleInfo.java:updateAndGet(143)) - 687f579d-1680-4dd5-8b24-01f078298cef: start FollowerState
2019-11-05 11:28:39,954 [f7e9932d-fd96-469a-9353-68e47138e5ff@group-21C72E9484D5-LeaderElection214] INFO  impl.LeaderElection (LeaderElection.java:askForVotes(178)) - f7e9932d-fd96-469a-9353-68e47138e5ff@group-21C72E9484D5-LeaderElection214: begin an election at term 127 for -1: [f7e9932d-fd96-469a-9353-68e47138e5ff:192.168.157.252:45025, 1eca16cc-5184-4e43-8e55-175d1516eae4:192.168.157.252:41127, 74a8fb36-eab9-4c53-b7cf-c565055de05a:192.168.157.252:42370], old=null
2019-11-05 11:28:39,958 [grpc-default-executor-9] INFO  impl.RaftServerImpl (RaftServerImpl.java:setRole(184)) - 1eca16cc-5184-4e43-8e55-175d1516eae4@group-21C72E9484D5: changes role from  FOLLOWER to FOLLOWER at term 127 for recognizeCandidate:f7e9932d-fd96-469a-9353-68e47138e5ff
2019-11-05 11:28:39,958 [grpc-default-executor-9] INFO  impl.RoleInfo (RoleInfo.java:shutdownFollowerState(121)) - 1eca16cc-5184-4e43-8e55-175d1516eae4: shutdown FollowerState
2019-11-05 11:28:39,958 [grpc-default-executor-11] INFO  impl.RaftServerImpl (RaftServerImpl.java:setRole(184)) - 74a8fb36-eab9-4c53-b7cf-c565055de05a@group-21C72E9484D5: changes role from  FOLLOWER to FOLLOWER at term 127 for recognizeCandidate:f7e9932d-fd96-469a-9353-68e47138e5ff
2019-11-05 11:28:39,959 [grpc-default-executor-11] INFO  impl.RoleInfo (RoleInfo.java:shutdownFollowerState(121)) - 74a8fb36-eab9-4c53-b7cf-c565055de05a: shutdown FollowerState
2019-11-05 11:28:39,959 [Thread-2022] INFO  impl.FollowerState (FollowerState.java:run(117)) - 1eca16cc-5184-4e43-8e55-175d1516eae4@group-21C72E9484D5-FollowerState was interrupted: java.lang.InterruptedException: sleep interrupted
2019-11-05 11:28:39,958 [grpc-default-executor-9] INFO  impl.RoleInfo (RoleInfo.java:updateAndGet(143)) - 1eca16cc-5184-4e43-8e55-175d1516eae4: start FollowerState
2019-11-05 11:28:39,959 [grpc-default-executor-11] INFO  impl.RoleInfo (RoleInfo.java:updateAndGet(143)) - 74a8fb36-eab9-4c53-b7cf-c565055de05a: start FollowerState
2019-11-05 11:28:39,965 [Thread-2023] INFO  impl.FollowerState (FollowerState.java:run(117)) - 74a8fb36-eab9-4c53-b7cf-c565055de05a@group-21C72E9484D5-FollowerState was interrupted: java.lang.InterruptedException: sleep interrupted
2019-11-05 11:28:39,988 [f7e9932d-fd96-469a-9353-68e47138e5ff@group-21C72E9484D5-LeaderElection214] INFO  impl.LeaderElection (LeaderElection.java:logAndReturn(56)) - f7e9932d-fd96-469a-9353-68e47138e5ff@group-21C72E9484D5-LeaderElection214: Election REJECTED; received 2 response(s) [f7e9932d-fd96-469a-9353-68e47138e5ff<-1eca16cc-5184-4e43-8e55-175d1516eae4#0:FAIL-t127, f7e9932d-fd96-469a-9353-68e47138e5ff<-74a8fb36-eab9-4c53-b7cf-c565055de05a#0:FAIL-t127] and 0 exception(s); f7e9932d-fd96-469a-9353-68e47138e5ff@group-21C72E9484D5:t127, leader=null, voted=f7e9932d-fd96-469a-9353-68e47138e5ff, raftlog=f7e9932d-fd96-469a-9353-68e47138e5ff@group-21C72E9484D5-SegmentedRaftLog:OPENED:c-1,f-1,i0, conf=-1: [f7e9932d-fd96-469a-9353-68e47138e5ff:192.168.157.252:45025, 1eca16cc-5184-4e43-8e55-175d1516eae4:192.168.157.252:41127, 74a8fb36-eab9-4c53-b7cf-c565055de05a:192.168.157.252:42370], old=null
2019-11-05 11:28:39,988 [f7e9932d-fd96-469a-9353-68e47138e5ff@group-21C72E9484D5-LeaderElection214] INFO  impl.RaftServerImpl (RaftServerImpl.java:setRole(184)) - f7e9932d-fd96-469a-9353-68e47138e5ff@group-21C72E9484D5: changes role from CANDIDATE to FOLLOWER at term 127 for DISCOVERED_A_NEW_TERM
2019-11-05 11:28:39,988 [f7e9932d-fd96-469a-9353-68e47138e5ff@group-21C72E9484D5-LeaderElection214] INFO  impl.RoleInfo (RoleInfo.java:shutdownLeaderElection(134)) - f7e9932d-fd96-469a-9353-68e47138e5ff: shutdown LeaderElection
2019-11-05 11:28:39,988 [f7e9932d-fd96-469a-9353-68e47138e5ff@group-21C72E9484D5-LeaderElection214] INFO  impl.RoleInfo (RoleInfo.java:updateAndGet(143)) - f7e9932d-fd96-469a-9353-68e47138e5ff: start FollowerState
2019-11-05 11:28:39,991 [Thread-2031] INFO  impl.FollowerState (FollowerState.java:run(108)) - 687f579d-1680-4dd5-8b24-01f078298cef@group-E95DC8E8582E-FollowerState: change to CANDIDATE, lastRpcTime:48ms, electionTimeout:37ms
2019-11-05 11:28:39,991 [Thread-2031] INFO  impl.RoleInfo (RoleInfo.java:shutdownFollowerState(121)) - 687f579d-1680-4dd5-8b24-01f078298cef: shutdown FollowerState
2019-11-05 11:28:39,991 [Thread-2031] INFO  impl.RaftServerImpl (RaftServerImpl.java:setRole(184)) - 687f579d-1680-4dd5-8b24-01f078298cef@group-E95DC8E8582E: changes role from  FOLLOWER to CANDIDATE at term 141 for changeToCandidate
2019-11-05 11:28:39,991 [Thread-2031] INFO  impl.RoleInfo (RoleInfo.java:updateAndGet(143)) - 687f579d-1680-4dd5-8b24-01f078298cef: start LeaderElection
2019-11-05 11:28:40,030 [687f579d-1680-4dd5-8b24-01f078298cef@group-E95DC8E8582E-LeaderElection215] INFO  impl.LeaderElection (LeaderElection.java:askForVotes(178)) - 687f579d-1680-4dd5-8b24-01f078298cef@group-E95DC8E8582E-LeaderElection215: begin an election at term 142 for -1: [90ecfa43-dab6-49d9-b30c-40ef62bfdf2a:192.168.157.252:34192, 687f579d-1680-4dd5-8b24-01f078298cef:192.168.157.252:37962, b8bf4e9b-064a-4520-981c-d6c40c833497:192.168.157.252:43407], old=null
2019-11-05 11:28:40,035 [grpc-default-executor-9] INFO  impl.RaftServerImpl (RaftServerImpl.java:setRole(184)) - 90ecfa43-dab6-49d9-b30c-40ef62bfdf2a@group-E95DC8E8582E: changes role from  FOLLOWER to FOLLOWER at term 142 for recognizeCandidate:687f579d-1680-4dd5-8b24-01f078298cef
2019-11-05 11:28:40,036 [grpc-default-executor-9] INFO  impl.RoleInfo (RoleInfo.java:shutdownFollowerState(121)) - 90ecfa43-dab6-49d9-b30c-40ef62bfdf2a: shutdown FollowerState
2019-11-05 11:28:40,036 [grpc-default-executor-9] INFO  impl.RoleInfo (RoleInfo.java:updateAndGet(143)) - 90ecfa43-dab6-49d9-b30c-40ef62bfdf2a: start FollowerState
2019-11-05 11:28:40,036 [Thread-2028] INFO  impl.FollowerState (FollowerState.java:run(117)) - 90ecfa43-dab6-49d9-b30c-40ef62bfdf2a@group-E95DC8E8582E-FollowerState was interrupted: java.lang.InterruptedException: sleep interrupted
2019-11-05 11:28:40,038 [grpc-default-executor-11] INFO  impl.RaftServerImpl (RaftServerImpl.java:setRole(184)) - b8bf4e9b-064a-4520-981c-d6c40c833497@group-E95DC8E8582E: changes role from  FOLLOWER to FOLLOWER at term 142 for recognizeCandidate:687f579d-1680-4dd5-8b24-01f078298cef
2019-11-05 11:28:40,039 [grpc-default-executor-11] INFO  impl.RoleInfo (RoleInfo.java:shutdownFollowerState(121)) - b8bf4e9b-064a-4520-981c-d6c40c833497: shutdown FollowerState
2019-11-05 11:28:40,039 [grpc-default-executor-11] INFO  impl.RoleInfo (RoleInfo.java:updateAndGet(143)) - b8bf4e9b-064a-4520-981c-d6c40c833497: start FollowerState
2019-11-05 11:28:40,039 [Thread-2029] INFO  impl.FollowerState (FollowerState.java:run(117)) - b8bf4e9b-064a-4520-981c-d6c40c833497@group-E95DC8E8582E-FollowerState was interrupted: java.lang.InterruptedException: sleep interrupted
2019-11-05 11:28:40,053 [687f579d-1680-4dd5-8b24-01f078298cef@group-E95DC8E8582E-LeaderElection215] INFO  impl.LeaderElection (LeaderElection.java:logAndReturn(56)) - 687f579d-1680-4dd5-8b24-01f078298cef@group-E95DC8E8582E-LeaderElection215: Election REJECTED; received 2 response(s) [687f579d-1680-4dd5-8b24-01f078298cef<-90ecfa43-dab6-49d9-b30c-40ef62bfdf2a#0:FAIL-t142, 687f579d-1680-4dd5-8b24-01f078298cef<-b8bf4e9b-064a-4520-981c-d6c40c833497#0:FAIL-t142] and 0 exception(s); 687f579d-1680-4dd5-8b24-01f078298cef@group-E95DC8E8582E:t142, leader=null, voted=687f579d-1680-4dd5-8b24-01f078298cef, raftlog=687f579d-1680-4dd5-8b24-01f078298cef@group-E95DC8E8582E-SegmentedRaftLog:OPENED:c-1,f-1,i0, conf=-1: [90ecfa43-dab6-49d9-b30c-40ef62bfdf2a:192.168.157.252:34192, 687f579d-1680-4dd5-8b24-01f078298cef:192.168.157.252:37962, b8bf4e9b-064a-4520-981c-d6c40c833497:192.168.157.252:43407], old=null
2019-11-05 11:28:40,054 [687f579d-1680-4dd5-8b24-01f078298cef@group-E95DC8E8582E-LeaderElection215] INFO  impl.RaftServerImpl (RaftServerImpl.java:setRole(184)) - 687f579d-1680-4dd5-8b24-01f078298cef@group-E95DC8E8582E: changes role from CANDIDATE to FOLLOWER at term 142 for DISCOVERED_A_NEW_TERM
2019-11-05 11:28:40,054 [687f579d-1680-4dd5-8b24-01f078298cef@group-E95DC8E8582E-LeaderElection215] INFO  impl.RoleInfo (RoleInfo.java:shutdownLeaderElection(134)) - 687f579d-1680-4dd5-8b24-01f078298cef: shutdown LeaderElection
2019-11-05 11:28:40,054 [687f579d-1680-4dd5-8b24-01f078298cef@group-E95DC8E8582E-LeaderElection215] INFO  impl.RoleInfo (RoleInfo.java:updateAndGet(143)) - 687f579d-1680-4dd5-8b24-01f078298cef: start FollowerState
2019-11-05 11:28:40,113 [Thread-2036] INFO  impl.FollowerState (FollowerState.java:run(108)) - f7e9932d-fd96-469a-9353-68e47138e5ff@group-21C72E9484D5-FollowerState: change to CANDIDATE, lastRpcTime:124ms, electionTimeout:124ms
2019-11-05 11:28:40,113 [Thread-2036] INFO  impl.RoleInfo (RoleInfo.java:shutdownFollowerState(121)) - f7e9932d-fd96-469a-9353-68e47138e5ff: shutdown FollowerState
2019-11-05 11:28:40,113 [Thread-2036] INFO  impl.RaftServerImpl (RaftServerImpl.java:setRole(184)) - f7e9932d-fd96-469a-9353-68e47138e5ff@group-21C72E9484D5: changes role from  FOLLOWER to CANDIDATE at term 127 for changeToCandidate
2019-11-05 11:28:40,113 [Thread-2036] INFO  impl.RoleInfo (RoleInfo.java:updateAndGet(143)) - f7e9932d-fd96-469a-9353-68e47138e5ff: start LeaderElection
2019-11-05 11:28:40,138 [f7e9932d-fd96-469a-9353-68e47138e5ff@group-21C72E9484D5-LeaderElection216] INFO  impl.LeaderElection (LeaderElection.java:askForVotes(178)) - f7e9932d-fd96-469a-9353-68e47138e5ff@group-21C72E9484D5-LeaderElection216: begin an election at term 128 for -1: [f7e9932d-fd96-469a-9353-68e47138e5ff:192.168.157.252:45025, 1eca16cc-5184-4e43-8e55-175d1516eae4:192.168.157.252:41127, 74a8fb36-eab9-4c53-b7cf-c565055de05a:192.168.157.252:42370], old=null
2019-11-05 11:28:40,140 [grpc-default-executor-9] INFO  impl.RaftServerImpl (RaftServerImpl.java:setRole(184)) - 1eca16cc-5184-4e43-8e55-175d1516eae4@group-21C72E9484D5: changes role from  FOLLOWER to FOLLOWER at term 128 for recognizeCandidate:f7e9932d-fd96-469a-9353-68e47138e5ff
2019-11-05 11:28:40,140 [grpc-default-executor-9] INFO  impl.RoleInfo (RoleInfo.java:shutdownFollowerState(121)) - 1eca16cc-5184-4e43-8e55-175d1516eae4: shutdown FollowerState
2019-11-05 11:28:40,140 [grpc-default-executor-9] INFO  impl.RoleInfo (RoleInfo.java:updateAndGet(143)) - 1eca16cc-5184-4e43-8e55-175d1516eae4: start FollowerState
2019-11-05 11:28:40,140 [Thread-2034] INFO  impl.FollowerState (FollowerState.java:run(117)) - 1eca16cc-5184-4e43-8e55-175d1516eae4@group-21C72E9484D5-FollowerState was interrupted: java.lang.InterruptedException: sleep interrupted
2019-11-05 11:28:40,140 [grpc-default-executor-11] INFO  impl.RaftServerImpl (RaftServerImpl.java:setRole(184)) - 74a8fb36-eab9-4c53-b7cf-c565055de05a@group-21C72E9484D5: changes role from  FOLLOWER to FOLLOWER at term 128 for recognizeCandidate:f7e9932d-fd96-469a-9353-68e47138e5ff
2019-11-05 11:28:40,140 [grpc-default-executor-11] INFO  impl.RoleInfo (RoleInfo.java:shutdownFollowerState(121)) - 74a8fb36-eab9-4c53-b7cf-c565055de05a: shutdown FollowerState
2019-11-05 11:28:40,140 [grpc-default-executor-11] INFO  impl.RoleInfo (RoleInfo.java:updateAndGet(143)) - 74a8fb36-eab9-4c53-b7cf-c565055de05a: start FollowerState
2019-11-05 11:28:40,140 [Thread-2035] INFO  impl.FollowerState (FollowerState.java:run(117)) - 74a8fb36-eab9-4c53-b7cf-c565055de05a@group-21C72E9484D5-FollowerState was interrupted: java.lang.InterruptedException: sleep interrupted
2019-11-05 11:28:40,150 [f7e9932d-fd96-469a-9353-68e47138e5ff@group-21C72E9484D5-LeaderElection216] INFO  impl.LeaderElection (LeaderElection.java:logAndReturn(56)) - f7e9932d-fd96-469a-9353-68e47138e5ff@group-21C72E9484D5-LeaderElection216: Election REJECTED; received 2 response(s) [f7e9932d-fd96-469a-9353-68e47138e5ff<-1eca16cc-5184-4e43-8e55-175d1516eae4#0:FAIL-t128, f7e9932d-fd96-469a-9353-68e47138e5ff<-74a8fb36-eab9-4c53-b7cf-c565055de05a#0:FAIL-t128] and 0 exception(s); f7e9932d-fd96-469a-9353-68e47138e5ff@group-21C72E9484D5:t128, leader=null, voted=f7e9932d-fd96-469a-9353-68e47138e5ff, raftlog=f7e9932d-fd96-469a-9353-68e47138e5ff@group-21C72E9484D5-SegmentedRaftLog:OPENED:c-1,f-1,i0, conf=-1: [f7e9932d-fd96-469a-9353-68e47138e5ff:192.168.157.252:45025, 1eca16cc-5184-4e43-8e55-175d1516eae4:192.168.157.252:41127, 74a8fb36-eab9-4c53-b7cf-c565055de05a:192.168.157.252:42370], old=null
2019-11-05 11:28:40,151 [f7e9932d-fd96-469a-9353-68e47138e5ff@group-21C72E9484D5-LeaderElection216] INFO  impl.RaftServerImpl (RaftServerImpl.java:setRole(184)) - f7e9932d-fd96-469a-9353-68e47138e5ff@group-21C72E9484D5: changes role from CANDIDATE to FOLLOWER at term 128 for DISCOVERED_A_NEW_TERM
2019-11-05 11:28:40,151 [f7e9932d-fd96-469a-9353-68e47138e5ff@group-21C72E9484D5-LeaderElection216] INFO  impl.RoleInfo (RoleInfo.java:shutdownLeaderElection(134)) - f7e9932d-fd96-469a-9353-68e47138e5ff: shutdown LeaderElection
2019-11-05 11:28:40,151 [f7e9932d-fd96-469a-9353-68e47138e5ff@group-21C72E9484D5-LeaderElection216] INFO  impl.RoleInfo (RoleInfo.java:updateAndGet(143)) - f7e9932d-fd96-469a-9353-68e47138e5ff: start FollowerState
2019-11-05 11:28:40,154 [Thread-2048] INFO  impl.FollowerState (FollowerState.java:run(108)) - f7e9932d-fd96-469a-9353-68e47138e5ff@group-21C72E9484D5-FollowerState: change to CANDIDATE, lastRpcTime:3ms, electionTimeout:3ms
2019-11-05 11:28:40,154 [Thread-2048] INFO  impl.RoleInfo (RoleInfo.java:shutdownFollowerState(121)) - f7e9932d-fd96-469a-9353-68e47138e5ff: shutdown FollowerState
2019-11-05 11:28:40,154 [Thread-2048] INFO  impl.RaftServerImpl (RaftServerImpl.java:setRole(184)) - f7e9932d-fd96-469a-9353-68e47138e5ff@group-21C72E9484D5: changes role from  FOLLOWER to CANDIDATE at term 128 for changeToCandidate
2019-11-05 11:28:40,154 [Thread-2048] INFO  impl.RoleInfo (RoleInfo.java:updateAndGet(143)) - f7e9932d-fd96-469a-9353-68e47138e5ff: start LeaderElection
2019-11-05 11:28:40,161 [f7e9932d-fd96-469a-9353-68e47138e5ff@group-21C72E9484D5-LeaderElection217] INFO  impl.LeaderElection (LeaderElection.java:askForVotes(178)) - f7e9932d-fd96-469a-9353-68e47138e5ff@group-21C72E9484D5-LeaderElection217: begin an election at term 129 for -1: [f7e9932d-fd96-469a-9353-68e47138e5ff:192.168.157.252:45025, 1eca16cc-5184-4e43-8e55-175d1516eae4:192.168.157.252:41127, 74a8fb36-eab9-4c53-b7cf-c565055de05a:192.168.157.252:42370], old=null
2019-11-05 11:28:40,163 [grpc-default-executor-9] INFO  impl.RaftServerImpl (RaftServerImpl.java:setRole(184)) - 1eca16cc-5184-4e43-8e55-175d1516eae4@group-21C72E9484D5: changes role from  FOLLOWER to FOLLOWER at term 129 for recognizeCandidate:f7e9932d-fd96-469a-9353-68e47138e5ff
2019-11-05 11:28:40,163 [grpc-default-executor-11] INFO  impl.RaftServerImpl (RaftServerImpl.java:setRole(184)) - 74a8fb36-eab9-4c53-b7cf-c565055de05a@group-21C72E9484D5: changes role from  FOLLOWER to FOLLOWER at term 129 for recognizeCandidate:f7e9932d-fd96-469a-9353-68e47138e5ff
2019-11-05 11:28:40,163 [grpc-default-executor-11] INFO  impl.RoleInfo (RoleInfo.java:shutdownFollowerState(121)) - 74a8fb36-eab9-4c53-b7cf-c565055de05a: shutdown FollowerState
2019-11-05 11:28:40,163 [grpc-default-executor-9] INFO  impl.RoleInfo (RoleInfo.java:shutdownFollowerState(121)) - 1eca16cc-5184-4e43-8e55-175d1516eae4: shutdown FollowerState
2019-11-05 11:28:40,163 [Thread-2047] INFO  impl.FollowerState (FollowerState.java:run(117)) - 74a8fb36-eab9-4c53-b7cf-c565055de05a@group-21C72E9484D5-FollowerState was interrupted: java.lang.InterruptedException: sleep interrupted
2019-11-05 11:28:40,163 [grpc-default-executor-11] INFO  impl.RoleInfo (RoleInfo.java:updateAndGet(143)) - 74a8fb36-eab9-4c53-b7cf-c565055de05a: start FollowerState
2019-11-05 11:28:40,163 [Thread-2046] INFO  impl.FollowerState (FollowerState.java:run(117)) - 1eca16cc-5184-4e43-8e55-175d1516eae4@group-21C72E9484D5-FollowerState was interrupted: java.lang.InterruptedException: sleep interrupted
2019-11-05 11:28:40,163 [grpc-default-executor-9] INFO  impl.RoleInfo (RoleInfo.java:updateAndGet(143)) - 1eca16cc-5184-4e43-8e55-175d1516eae4: start FollowerState
2019-11-05 11:28:40,196 [Thread-2042] INFO  impl.FollowerState (FollowerState.java:run(108)) - 687f579d-1680-4dd5-8b24-01f078298cef@group-E95DC8E8582E-FollowerState: change to CANDIDATE, lastRpcTime:142ms, electionTimeout:142ms
2019-11-05 11:28:40,197 [Thread-2042] INFO  impl.RoleInfo (RoleInfo.java:shutdownFollowerState(121)) - 687f579d-1680-4dd5-8b24-01f078298cef: shutdown FollowerState
2019-11-05 11:28:40,197 [Thread-2042] INFO  impl.RaftServerImpl (RaftServerImpl.java:setRole(184)) - 687f579d-1680-4dd5-8b24-01f078298cef@group-E95DC8E8582E: changes role from  FOLLOWER to CANDIDATE at term 142 for changeToCandidate
2019-11-05 11:28:40,197 [Thread-2042] INFO  impl.RoleInfo (RoleInfo.java:updateAndGet(143)) - 687f579d-1680-4dd5-8b24-01f078298cef: start LeaderElection
2019-11-05 11:28:40,203 [687f579d-1680-4dd5-8b24-01f078298cef@group-E95DC8E8582E-LeaderElection218] INFO  impl.LeaderElection (LeaderElection.java:askForVotes(178)) - 687f579d-1680-4dd5-8b24-01f078298cef@group-E95DC8E8582E-LeaderElection218: begin an election at term 143 for -1: [90ecfa43-dab6-49d9-b30c-40ef62bfdf2a:192.168.157.252:34192, 687f579d-1680-4dd5-8b24-01f078298cef:192.168.157.252:37962, b8bf4e9b-064a-4520-981c-d6c40c833497:192.168.157.252:43407], old=null
2019-11-05 11:28:40,204 [f7e9932d-fd96-469a-9353-68e47138e5ff@group-21C72E9484D5-LeaderElection217] INFO  impl.LeaderElection (LeaderElection.java:logAndReturn(56)) - f7e9932d-fd96-469a-9353-68e47138e5ff@group-21C72E9484D5-LeaderElection217: Election REJECTED; received 2 response(s) [f7e9932d-fd96-469a-9353-68e47138e5ff<-1eca16cc-5184-4e43-8e55-175d1516eae4#0:FAIL-t129, f7e9932d-fd96-469a-9353-68e47138e5ff<-74a8fb36-eab9-4c53-b7cf-c565055de05a#0:FAIL-t129] and 0 exception(s); f7e9932d-fd96-469a-9353-68e47138e5ff@group-21C72E9484D5:t129, leader=null, voted=f7e9932d-fd96-469a-9353-68e47138e5ff, raftlog=f7e9932d-fd96-469a-9353-68e47138e5ff@group-21C72E9484D5-SegmentedRaftLog:OPENED:c-1,f-1,i0, conf=-1: [f7e9932d-fd96-469a-9353-68e47138e5ff:192.168.157.252:45025, 1eca16cc-5184-4e43-8e55-175d1516eae4:192.168.157.252:41127, 74a8fb36-eab9-4c53-b7cf-c565055de05a:192.168.157.252:42370], old=null
2019-11-05 11:28:40,204 [f7e9932d-fd96-469a-9353-68e47138e5ff@group-21C72E9484D5-LeaderElection217] INFO  impl.RaftServerImpl (RaftServerImpl.java:setRole(184)) - f7e9932d-fd96-469a-9353-68e47138e5ff@group-21C72E9484D5: changes role from CANDIDATE to FOLLOWER at term 129 for DISCOVERED_A_NEW_TERM
2019-11-05 11:28:40,204 [f7e9932d-fd96-469a-9353-68e47138e5ff@group-21C72E9484D5-LeaderElection217] INFO  impl.RoleInfo (RoleInfo.java:shutdownLeaderElection(134)) - f7e9932d-fd96-469a-9353-68e47138e5ff: shutdown LeaderElection
2019-11-05 11:28:40,204 [grpc-default-executor-9] INFO  impl.RaftServerImpl (RaftServerImpl.java:setRole(184)) - b8bf4e9b-064a-4520-981c-d6c40c833497@group-E95DC8E8582E: changes role from  FOLLOWER to FOLLOWER at term 143 for recognizeCandidate:687f579d-1680-4dd5-8b24-01f078298cef
2019-11-05 11:28:40,204 [grpc-default-executor-9] INFO  impl.RoleInfo (RoleInfo.java:shutdownFollowerState(121)) - b8bf4e9b-064a-4520-981c-d6c40c833497: shutdown FollowerState
2019-11-05 11:28:40,204 [grpc-default-executor-11] INFO  impl.RaftServerImpl (RaftServerImpl.java:setRole(184)) - 90ecfa43-dab6-49d9-b30c-40ef62bfdf2a@group-E95DC8E8582E: changes role from  FOLLOWER to FOLLOWER at term 143 for recognizeCandidate:687f579d-1680-4dd5-8b24-01f078298cef
2019-11-05 11:28:40,205 [grpc-default-executor-11] INFO  impl.RoleInfo (RoleInfo.java:shutdownFollowerState(121)) - 90ecfa43-dab6-49d9-b30c-40ef62bfdf2a: shutdown FollowerState
2019-11-05 11:28:40,204 [f7e9932d-fd96-469a-9353-68e47138e5ff@group-21C72E9484D5-LeaderElection217] INFO  impl.RoleInfo (RoleInfo.java:updateAndGet(143)) - f7e9932d-fd96-469a-9353-68e47138e5ff: start FollowerState
2019-11-05 11:28:40,205 [Thread-2040] INFO  impl.FollowerState (FollowerState.java:run(117)) - 90ecfa43-dab6-49d9-b30c-40ef62bfdf2a@group-E95DC8E8582E-FollowerState was interrupted: java.lang.InterruptedException: sleep interrupted
2019-11-05 11:28:40,205 [grpc-default-executor-11] INFO  impl.RoleInfo (RoleInfo.java:updateAndGet(143)) - 90ecfa43-dab6-49d9-b30c-40ef62bfdf2a: start FollowerState
2019-11-05 11:28:40,205 [Thread-2041] INFO  impl.FollowerState (FollowerState.java:run(117)) - b8bf4e9b-064a-4520-981c-d6c40c833497@group-E95DC8E8582E-FollowerState was interrupted: java.lang.InterruptedException: sleep interrupted
2019-11-05 11:28:40,205 [grpc-default-executor-9] INFO  impl.RoleInfo (RoleInfo.java:updateAndGet(143)) - b8bf4e9b-064a-4520-981c-d6c40c833497: start FollowerState
2019-11-05 11:28:40,225 [687f579d-1680-4dd5-8b24-01f078298cef@group-E95DC8E8582E-LeaderElection218] INFO  impl.LeaderElection (LeaderElection.java:logAndReturn(56)) - 687f579d-1680-4dd5-8b24-01f078298cef@group-E95DC8E8582E-LeaderElection218: Election REJECTED; received 2 response(s) [687f579d-1680-4dd5-8b24-01f078298cef<-90ecfa43-dab6-49d9-b30c-40ef62bfdf2a#0:FAIL-t143, 687f579d-1680-4dd5-8b24-01f078298cef<-b8bf4e9b-064a-4520-981c-d6c40c833497#0:FAIL-t143] and 0 exception(s); 687f579d-1680-4dd5-8b24-01f078298cef@group-E95DC8E8582E:t143, leader=null, voted=687f579d-1680-4dd5-8b24-01f078298cef, raftlog=687f579d-1680-4dd5-8b24-01f078298cef@group-E95DC8E8582E-SegmentedRaftLog:OPENED:c-1,f-1,i0, conf=-1: [90ecfa43-dab6-49d9-b30c-40ef62bfdf2a:192.168.157.252:34192, 687f579d-1680-4dd5-8b24-01f078298cef:192.168.157.252:37962, b8bf4e9b-064a-4520-981c-d6c40c833497:192.168.157.252:43407], old=null
2019-11-05 11:28:40,225 [687f579d-1680-4dd5-8b24-01f078298cef@group-E95DC8E8582E-LeaderElection218] INFO  impl.RaftServerImpl (RaftServerImpl.java:setRole(184)) - 687f579d-1680-4dd5-8b24-01f078298cef@group-E95DC8E8582E: changes role from CANDIDATE to FOLLOWER at term 143 for DISCOVERED_A_NEW_TERM
2019-11-05 11:28:40,225 [687f579d-1680-4dd5-8b24-01f078298cef@group-E95DC8E8582E-LeaderElection218] INFO  impl.RoleInfo (RoleInfo.java:shutdownLeaderElection(134)) - 687f579d-1680-4dd5-8b24-01f078298cef: shutdown LeaderElection
2019-11-05 11:28:40,225 [687f579d-1680-4dd5-8b24-01f078298cef@group-E95DC8E8582E-LeaderElection218] INFO  impl.RoleInfo (RoleInfo.java:updateAndGet(143)) - 687f579d-1680-4dd5-8b24-01f078298cef: start FollowerState
2019-11-05 11:28:40,256 [Thread-2060] INFO  impl.FollowerState (FollowerState.java:run(108)) - 687f579d-1680-4dd5-8b24-01f078298cef@group-E95DC8E8582E-FollowerState: change to CANDIDATE, lastRpcTime:31ms, electionTimeout:31ms
2019-11-05 11:28:40,257 [Thread-2060] INFO  impl.RoleInfo (RoleInfo.java:shutdownFollowerState(121)) - 687f579d-1680-4dd5-8b24-01f078298cef: shutdown FollowerState
2019-11-05 11:28:40,257 [Thread-2060] INFO  impl.RaftServerImpl (RaftServerImpl.java:setRole(184)) - 687f579d-1680-4dd5-8b24-01f078298cef@group-E95DC8E8582E: changes role from  FOLLOWER to CANDIDATE at term 143 for changeToCandidate
2019-11-05 11:28:40,257 [Thread-2060] INFO  impl.RoleInfo (RoleInfo.java:updateAndGet(143)) - 687f579d-1680-4dd5-8b24-01f078298cef: start LeaderElection
2019-11-05 11:28:40,273 [687f579d-1680-4dd5-8b24-01f078298cef@group-E95DC8E8582E-LeaderElection219] INFO  impl.LeaderElection (LeaderElection.java:askForVotes(178)) - 687f579d-1680-4dd5-8b24-01f078298cef@group-E95DC8E8582E-LeaderElection219: begin an election at term 144 for -1: [90ecfa43-dab6-49d9-b30c-40ef62bfdf2a:192.168.157.252:34192, 687f579d-1680-4dd5-8b24-01f078298cef:192.168.157.252:37962, b8bf4e9b-064a-4520-981c-d6c40c833497:192.168.157.252:43407], old=null
2019-11-05 11:28:40,275 [grpc-default-executor-11] INFO  impl.RaftServerImpl (RaftServerImpl.java:setRole(184)) - 90ecfa43-dab6-49d9-b30c-40ef62bfdf2a@group-E95DC8E8582E: changes role from  FOLLOWER to FOLLOWER at term 144 for recognizeCandidate:687f579d-1680-4dd5-8b24-01f078298cef
2019-11-05 11:28:40,275 [grpc-default-executor-11] INFO  impl.RoleInfo (RoleInfo.java:shutdownFollowerState(121)) - 90ecfa43-dab6-49d9-b30c-40ef62bfdf2a: shutdown FollowerState
2019-11-05 11:28:40,275 [grpc-default-executor-11] INFO  impl.RoleInfo (RoleInfo.java:updateAndGet(143)) - 90ecfa43-dab6-49d9-b30c-40ef62bfdf2a: start FollowerState
2019-11-05 11:28:40,275 [Thread-2059] INFO  impl.FollowerState (FollowerState.java:run(117)) - 90ecfa43-dab6-49d9-b30c-40ef62bfdf2a@group-E95DC8E8582E-FollowerState was interrupted: java.lang.InterruptedException: sleep interrupted
2019-11-05 11:28:40,276 [grpc-default-executor-9] INFO  impl.RaftServerImpl (RaftServerImpl.java:setRole(184)) - b8bf4e9b-064a-4520-981c-d6c40c833497@group-E95DC8E8582E: changes role from  FOLLOWER to FOLLOWER at term 144 for recognizeCandidate:687f579d-1680-4dd5-8b24-01f078298cef
2019-11-05 11:28:40,276 [grpc-default-executor-9] INFO  impl.RoleInfo (RoleInfo.java:shutdownFollowerState(121)) - b8bf4e9b-064a-4520-981c-d6c40c833497: shutdown FollowerState
2019-11-05 11:28:40,276 [grpc-default-executor-9] INFO  impl.RoleInfo (RoleInfo.java:updateAndGet(143)) - b8bf4e9b-064a-4520-981c-d6c40c833497: start FollowerState
2019-11-05 11:28:40,276 [Thread-2058] INFO  impl.FollowerState (FollowerState.java:run(117)) - b8bf4e9b-064a-4520-981c-d6c40c833497@group-E95DC8E8582E-FollowerState was interrupted: java.lang.InterruptedException: sleep interrupted
2019-11-05 11:28:40,287 [687f579d-1680-4dd5-8b24-01f078298cef@group-E95DC8E8582E-LeaderElection219] INFO  impl.LeaderElection (LeaderElection.java:logAndReturn(56)) - 687f579d-1680-4dd5-8b24-01f078298cef@group-E95DC8E8582E-LeaderElection219: Election REJECTED; received 2 response(s) [687f579d-1680-4dd5-8b24-01f078298cef<-90ecfa43-dab6-49d9-b30c-40ef62bfdf2a#0:FAIL-t144, 687f579d-1680-4dd5-8b24-01f078298cef<-b8bf4e9b-064a-4520-981c-d6c40c833497#0:FAIL-t144] and 0 exception(s); 687f579d-1680-4dd5-8b24-01f078298cef@group-E95DC8E8582E:t144, leader=null, voted=687f579d-1680-4dd5-8b24-01f078298cef, raftlog=687f579d-1680-4dd5-8b24-01f078298cef@group-E95DC8E8582E-SegmentedRaftLog:OPENED:c-1,f-1,i0, conf=-1: [90ecfa43-dab6-49d9-b30c-40ef62bfdf2a:192.168.157.252:34192, 687f579d-1680-4dd5-8b24-01f078298cef:192.168.157.252:37962, b8bf4e9b-064a-4520-981c-d6c40c833497:192.168.157.252:43407], old=null
2019-11-05 11:28:40,288 [687f579d-1680-4dd5-8b24-01f078298cef@group-E95DC8E8582E-LeaderElection219] INFO  impl.RaftServerImpl (RaftServerImpl.java:setRole(184)) - 687f579d-1680-4dd5-8b24-01f078298cef@group-E95DC8E8582E: changes role from CANDIDATE to FOLLOWER at term 144 for DISCOVERED_A_NEW_TERM
2019-11-05 11:28:40,288 [687f579d-1680-4dd5-8b24-01f078298cef@group-E95DC8E8582E-LeaderElection219] INFO  impl.RoleInfo (RoleInfo.java:shutdownLeaderElection(134)) - 687f579d-1680-4dd5-8b24-01f078298cef: shutdown LeaderElection
2019-11-05 11:28:40,288 [687f579d-1680-4dd5-8b24-01f078298cef@group-E95DC8E8582E-LeaderElection219] INFO  impl.RoleInfo (RoleInfo.java:updateAndGet(143)) - 687f579d-1680-4dd5-8b24-01f078298cef: start FollowerState
2019-11-05 11:28:40,368 [Thread-2057] INFO  impl.FollowerState (FollowerState.java:run(108)) - f7e9932d-fd96-469a-9353-68e47138e5ff@group-21C72E9484D5-FollowerState: change to CANDIDATE, lastRpcTime:163ms, electionTimeout:163ms
2019-11-05 11:28:40,368 [Thread-2057] INFO  impl.RoleInfo (RoleInfo.java:shutdownFollowerState(121)) - f7e9932d-fd96-469a-9353-68e47138e5ff: shutdown FollowerState
2019-11-05 11:28:40,368 [Thread-2057] INFO  impl.RaftServerImpl (RaftServerImpl.java:setRole(184)) - f7e9932d-fd96-469a-9353-68e47138e5ff@group-21C72E9484D5: changes role from  FOLLOWER to CANDIDATE at term 129 for changeToCandidate
2019-11-05 11:28:40,369 [Thread-2057] INFO  impl.RoleInfo (RoleInfo.java:updateAndGet(143)) - f7e9932d-fd96-469a-9353-68e47138e5ff: start LeaderElection
2019-11-05 11:28:40,379 [f7e9932d-fd96-469a-9353-68e47138e5ff@group-21C72E9484D5-LeaderElection220] INFO  impl.LeaderElection (LeaderElection.java:askForVotes(178)) - f7e9932d-fd96-469a-9353-68e47138e5ff@group-21C72E9484D5-LeaderElection220: begin an election at term 130 for -1: [f7e9932d-fd96-469a-9353-68e47138e5ff:192.168.157.252:45025, 1eca16cc-5184-4e43-8e55-175d1516eae4:192.168.157.252:41127, 74a8fb36-eab9-4c53-b7cf-c565055de05a:192.168.157.252:42370], old=null
2019-11-05 11:28:40,381 [grpc-default-executor-11] INFO  impl.RaftServerImpl (RaftServerImpl.java:setRole(184)) - 74a8fb36-eab9-4c53-b7cf-c565055de05a@group-21C72E9484D5: changes role from  FOLLOWER to FOLLOWER at term 130 for recognizeCandidate:f7e9932d-fd96-469a-9353-68e47138e5ff
2019-11-05 11:28:40,381 [grpc-default-executor-9] INFO  impl.RaftServerImpl (RaftServerImpl.java:setRole(184)) - 1eca16cc-5184-4e43-8e55-175d1516eae4@group-21C72E9484D5: changes role from  FOLLOWER to FOLLOWER at term 130 for recognizeCandidate:f7e9932d-fd96-469a-9353-68e47138e5ff
2019-11-05 11:28:40,382 [grpc-default-executor-11] INFO  impl.RoleInfo (RoleInfo.java:shutdownFollowerState(121)) - 74a8fb36-eab9-4c53-b7cf-c565055de05a: shutdown FollowerState
2019-11-05 11:28:40,382 [grpc-default-executor-9] INFO  impl.RoleInfo (RoleInfo.java:shutdownFollowerState(121)) - 1eca16cc-5184-4e43-8e55-175d1516eae4: shutdown FollowerState
2019-11-05 11:28:40,382 [grpc-default-executor-11] INFO  impl.RoleInfo (RoleInfo.java:updateAndGet(143)) - 74a8fb36-eab9-4c53-b7cf-c565055de05a: start FollowerState
2019-11-05 11:28:40,382 [Thread-2053] INFO  impl.FollowerState (FollowerState.java:run(117)) - 1eca16cc-5184-4e43-8e55-175d1516eae4@group-21C72E9484D5-FollowerState was interrupted: java.lang.InterruptedException: sleep interrupted
2019-11-05 11:28:40,382 [grpc-default-executor-9] INFO  impl.RoleInfo (RoleInfo.java:updateAndGet(143)) - 1eca16cc-5184-4e43-8e55-175d1516eae4: start FollowerState
2019-11-05 11:28:40,382 [Thread-2052] INFO  impl.FollowerState (FollowerState.java:run(117)) - 74a8fb36-eab9-4c53-b7cf-c565055de05a@group-21C72E9484D5-FollowerState was interrupted: java.lang.InterruptedException: sleep interrupted
2019-11-05 11:28:40,392 [f7e9932d-fd96-469a-9353-68e47138e5ff@group-21C72E9484D5-LeaderElection220] INFO  impl.LeaderElection (LeaderElection.java:logAndReturn(56)) - f7e9932d-fd96-469a-9353-68e47138e5ff@group-21C72E9484D5-LeaderElection220: Election REJECTED; received 2 response(s) [f7e9932d-fd96-469a-9353-68e47138e5ff<-1eca16cc-5184-4e43-8e55-175d1516eae4#0:FAIL-t130, f7e9932d-fd96-469a-9353-68e47138e5ff<-74a8fb36-eab9-4c53-b7cf-c565055de05a#0:FAIL-t130] and 0 exception(s); f7e9932d-fd96-469a-9353-68e47138e5ff@group-21C72E9484D5:t130, leader=null, voted=f7e9932d-fd96-469a-9353-68e47138e5ff, raftlog=f7e9932d-fd96-469a-9353-68e47138e5ff@group-21C72E9484D5-SegmentedRaftLog:OPENED:c-1,f-1,i0, conf=-1: [f7e9932d-fd96-469a-9353-68e47138e5ff:192.168.157.252:45025, 1eca16cc-5184-4e43-8e55-175d1516eae4:192.168.157.252:41127, 74a8fb36-eab9-4c53-b7cf-c565055de05a:192.168.157.252:42370], old=null
2019-11-05 11:28:40,392 [f7e9932d-fd96-469a-9353-68e47138e5ff@group-21C72E9484D5-LeaderElection220] INFO  impl.RaftServerImpl (RaftServerImpl.java:setRole(184)) - f7e9932d-fd96-469a-9353-68e47138e5ff@group-21C72E9484D5: changes role from CANDIDATE to FOLLOWER at term 130 for DISCOVERED_A_NEW_TERM
2019-11-05 11:28:40,393 [f7e9932d-fd96-469a-9353-68e47138e5ff@group-21C72E9484D5-LeaderElection220] INFO  impl.RoleInfo (RoleInfo.java:shutdownLeaderElection(134)) - f7e9932d-fd96-469a-9353-68e47138e5ff: shutdown LeaderElection
2019-11-05 11:28:40,393 [f7e9932d-fd96-469a-9353-68e47138e5ff@group-21C72E9484D5-LeaderElection220] INFO  impl.RoleInfo (RoleInfo.java:updateAndGet(143)) - f7e9932d-fd96-469a-9353-68e47138e5ff: start FollowerState
2019-11-05 11:28:40,401 [Thread-2066] INFO  impl.FollowerState (FollowerState.java:run(108)) - 687f579d-1680-4dd5-8b24-01f078298cef@group-E95DC8E8582E-FollowerState: change to CANDIDATE, lastRpcTime:113ms, electionTimeout:113ms
2019-11-05 11:28:40,401 [Thread-2066] INFO  impl.RoleInfo (RoleInfo.java:shutdownFollowerState(121)) - 687f579d-1680-4dd5-8b24-01f078298cef: shutdown FollowerState
2019-11-05 11:28:40,402 [Thread-2066] INFO  impl.RaftServerImpl (RaftServerImpl.java:setRole(184)) - 687f579d-1680-4dd5-8b24-01f078298cef@group-E95DC8E8582E: changes role from  FOLLOWER to CANDIDATE at term 144 for changeToCandidate
2019-11-05 11:28:40,402 [Thread-2066] INFO  impl.RoleInfo (RoleInfo.java:updateAndGet(143)) - 687f579d-1680-4dd5-8b24-01f078298cef: start LeaderElection
2019-11-05 11:28:40,415 [687f579d-1680-4dd5-8b24-01f078298cef@group-E95DC8E8582E-LeaderElection221] INFO  impl.LeaderElection (LeaderElection.java:askForVotes(178)) - 687f579d-1680-4dd5-8b24-01f078298cef@group-E95DC8E8582E-LeaderElection221: begin an election at term 145 for -1: [90ecfa43-dab6-49d9-b30c-40ef62bfdf2a:192.168.157.252:34192, 687f579d-1680-4dd5-8b24-01f078298cef:192.168.157.252:37962, b8bf4e9b-064a-4520-981c-d6c40c833497:192.168.157.252:43407], old=null
2019-11-05 11:28:40,416 [grpc-default-executor-9] INFO  impl.RaftServerImpl (RaftServerImpl.java:setRole(184)) - 90ecfa43-dab6-49d9-b30c-40ef62bfdf2a@group-E95DC8E8582E: changes role from  FOLLOWER to FOLLOWER at term 145 for recognizeCandidate:687f579d-1680-4dd5-8b24-01f078298cef
2019-11-05 11:28:40,416 [grpc-default-executor-11] INFO  impl.RaftServerImpl (RaftServerImpl.java:setRole(184)) - b8bf4e9b-064a-4520-981c-d6c40c833497@group-E95DC8E8582E: changes role from  FOLLOWER to FOLLOWER at term 145 for recognizeCandidate:687f579d-1680-4dd5-8b24-01f078298cef
2019-11-05 11:28:40,417 [grpc-default-executor-9] INFO  impl.RoleInfo (RoleInfo.java:shutdownFollowerState(121)) - 90ecfa43-dab6-49d9-b30c-40ef62bfdf2a: shutdown FollowerState
2019-11-05 11:28:40,417 [grpc-default-executor-11] INFO  impl.RoleInfo (RoleInfo.java:shutdownFollowerState(121)) - b8bf4e9b-064a-4520-981c-d6c40c833497: shutdown FollowerState
2019-11-05 11:28:40,417 [Thread-2064] INFO  impl.FollowerState (FollowerState.java:run(117)) - 90ecfa43-dab6-49d9-b30c-40ef62bfdf2a@group-E95DC8E8582E-FollowerState was interrupted: java.lang.InterruptedException: sleep interrupted
2019-11-05 11:28:40,417 [grpc-default-executor-9] INFO  impl.RoleInfo (RoleInfo.java:updateAndGet(143)) - 90ecfa43-dab6-49d9-b30c-40ef62bfdf2a: start FollowerState
2019-11-05 11:28:40,417 [Thread-2065] INFO  impl.FollowerState (FollowerState.java:run(117)) - b8bf4e9b-064a-4520-981c-d6c40c833497@group-E95DC8E8582E-FollowerState was interrupted: java.lang.InterruptedException: sleep interrupted
2019-11-05 11:28:40,417 [grpc-default-executor-11] INFO  impl.RoleInfo (RoleInfo.java:updateAndGet(143)) - b8bf4e9b-064a-4520-981c-d6c40c833497: start FollowerState
2019-11-05 11:28:40,427 [687f579d-1680-4dd5-8b24-01f078298cef@group-E95DC8E8582E-LeaderElection221] INFO  impl.LeaderElection (LeaderElection.java:logAndReturn(56)) - 687f579d-1680-4dd5-8b24-01f078298cef@group-E95DC8E8582E-LeaderElection221: Election REJECTED; received 2 response(s) [687f579d-1680-4dd5-8b24-01f078298cef<-90ecfa43-dab6-49d9-b30c-40ef62bfdf2a#0:FAIL-t145, 687f579d-1680-4dd5-8b24-01f078298cef<-b8bf4e9b-064a-4520-981c-d6c40c833497#0:FAIL-t145] and 0 exception(s); 687f579d-1680-4dd5-8b24-01f078298cef@group-E95DC8E8582E:t145, leader=null, voted=687f579d-1680-4dd5-8b24-01f078298cef, raftlog=687f579d-1680-4dd5-8b24-01f078298cef@group-E95DC8E8582E-SegmentedRaftLog:OPENED:c-1,f-1,i0, conf=-1: [90ecfa43-dab6-49d9-b30c-40ef62bfdf2a:192.168.157.252:34192, 687f579d-1680-4dd5-8b24-01f078298cef:192.168.157.252:37962, b8bf4e9b-064a-4520-981c-d6c40c833497:192.168.157.252:43407], old=null
2019-11-05 11:28:40,427 [687f579d-1680-4dd5-8b24-01f078298cef@group-E95DC8E8582E-LeaderElection221] INFO  impl.RaftServerImpl (RaftServerImpl.java:setRole(184)) - 687f579d-1680-4dd5-8b24-01f078298cef@group-E95DC8E8582E: changes role from CANDIDATE to FOLLOWER at term 145 for DISCOVERED_A_NEW_TERM
2019-11-05 11:28:40,427 [687f579d-1680-4dd5-8b24-01f078298cef@group-E95DC8E8582E-LeaderElection221] INFO  impl.RoleInfo (RoleInfo.java:shutdownLeaderElection(134)) - 687f579d-1680-4dd5-8b24-01f078298cef: shutdown LeaderElection
2019-11-05 11:28:40,427 [687f579d-1680-4dd5-8b24-01f078298cef@group-E95DC8E8582E-LeaderElection221] INFO  impl.RoleInfo (RoleInfo.java:updateAndGet(143)) - 687f579d-1680-4dd5-8b24-01f078298cef: start FollowerState
2019-11-05 11:28:40,438 [Thread-1981] INFO  impl.FollowerState (FollowerState.java:run(108)) - d8b77924-76ff-4932-a9fa-7ec761e4cf6b@group-0CA4D070D5C4-FollowerState: change to CANDIDATE, lastRpcTime:1146ms, electionTimeout:1146ms
2019-11-05 11:28:40,438 [Thread-1981] INFO  impl.RoleInfo (RoleInfo.java:shutdownFollowerState(121)) - d8b77924-76ff-4932-a9fa-7ec761e4cf6b: shutdown FollowerState
2019-11-05 11:28:40,438 [Thread-1981] INFO  impl.RaftServerImpl (RaftServerImpl.java:setRole(184)) - d8b77924-76ff-4932-a9fa-7ec761e4cf6b@group-0CA4D070D5C4: changes role from  FOLLOWER to CANDIDATE at term 4 for changeToCandidate
2019-11-05 11:28:40,438 [Thread-1981] INFO  impl.RoleInfo (RoleInfo.java:updateAndGet(143)) - d8b77924-76ff-4932-a9fa-7ec761e4cf6b: start LeaderElection
2019-11-05 11:28:40,468 [Thread-2078] INFO  impl.FollowerState (FollowerState.java:run(108)) - 687f579d-1680-4dd5-8b24-01f078298cef@group-E95DC8E8582E-FollowerState: change to CANDIDATE, lastRpcTime:40ms, electionTimeout:40ms
2019-11-05 11:28:40,468 [Thread-2078] INFO  impl.RoleInfo (RoleInfo.java:shutdownFollowerState(121)) - 687f579d-1680-4dd5-8b24-01f078298cef: shutdown FollowerState
2019-11-05 11:28:40,468 [Thread-2078] INFO  impl.RaftServerImpl (RaftServerImpl.java:setRole(184)) - 687f579d-1680-4dd5-8b24-01f078298cef@group-E95DC8E8582E: changes role from  FOLLOWER to CANDIDATE at term 145 for changeToCandidate
2019-11-05 11:28:40,468 [Thread-2078] INFO  impl.RoleInfo (RoleInfo.java:updateAndGet(143)) - 687f579d-1680-4dd5-8b24-01f078298cef: start LeaderElection
2019-11-05 11:28:40,494 [d8b77924-76ff-4932-a9fa-7ec761e4cf6b@group-0CA4D070D5C4-LeaderElection222] INFO  impl.LeaderElection (LeaderElection.java:askForVotes(178)) - d8b77924-76ff-4932-a9fa-7ec761e4cf6b@group-0CA4D070D5C4-LeaderElection222: begin an election at term 5 for 0: [93bc9e78-ae56-4fee-a007-4b156d649157:192.168.157.252:38000, d8b77924-76ff-4932-a9fa-7ec761e4cf6b:192.168.157.252:40377, bd42c95e-cd41-4cbd-85b3-b330cc3c4f94:192.168.157.252:33158], old=null
2019-11-05 11:28:40,495 [d8b77924-76ff-4932-a9fa-7ec761e4cf6b@group-0CA4D070D5C4-LeaderElection222] INFO  impl.LeaderElection (LogUtils.java:infoOrTrace(149)) - d8b77924-76ff-4932-a9fa-7ec761e4cf6b@group-0CA4D070D5C4-LeaderElection222 got exception when requesting votes: {}
java.util.concurrent.ExecutionException: org.apache.ratis.thirdparty.io.grpc.StatusRuntimeException: UNAVAILABLE: io exception
	at java.util.concurrent.FutureTask.report(FutureTask.java:122)
	at java.util.concurrent.FutureTask.get(FutureTask.java:192)
	at org.apache.ratis.server.impl.LeaderElection.waitForResults(LeaderElection.java:259)
	at org.apache.ratis.server.impl.LeaderElection.askForVotes(LeaderElection.java:197)
	at org.apache.ratis.server.impl.LeaderElection.run(LeaderElection.java:133)
	at java.lang.Thread.run(Thread.java:748)
Caused by: org.apache.ratis.thirdparty.io.grpc.StatusRuntimeException: UNAVAILABLE: io exception
	at org.apache.ratis.thirdparty.io.grpc.stub.ClientCalls.toStatusRuntimeException(ClientCalls.java:233)
	at org.apache.ratis.thirdparty.io.grpc.stub.ClientCalls.getUnchecked(ClientCalls.java:214)
	at org.apache.ratis.thirdparty.io.grpc.stub.ClientCalls.blockingUnaryCall(ClientCalls.java:139)
	at org.apache.ratis.proto.grpc.RaftServerProtocolServiceGrpc$RaftServerProtocolServiceBlockingStub.requestVote(RaftServerProtocolServiceGrpc.java:265)
	at org.apache.ratis.grpc.server.GrpcServerProtocolClient.requestVote(GrpcServerProtocolClient.java:99)
	at org.apache.ratis.grpc.server.GrpcService.requestVote(GrpcService.java:204)
	at org.apache.ratis.server.impl.LeaderElection.lambda$submitRequests$1(LeaderElection.java:234)
	at java.util.concurrent.FutureTask.run(FutureTask.java:266)
	at java.util.concurrent.Executors$RunnableAdapter.call(Executors.java:511)
	at java.util.concurrent.FutureTask.run(FutureTask.java:266)
	at java.util.concurrent.ThreadPoolExecutor.runWorker(ThreadPoolExecutor.java:1149)
	at java.util.concurrent.ThreadPoolExecutor$Worker.run(ThreadPoolExecutor.java:624)
	... 1 more
Caused by: org.apache.ratis.thirdparty.io.netty.channel.AbstractChannel$AnnotatedConnectException: Connection refused: /192.168.157.252:38000
	at sun.nio.ch.SocketChannelImpl.checkConnect(Native Method)
	at sun.nio.ch.SocketChannelImpl.finishConnect(SocketChannelImpl.java:717)
	at org.apache.ratis.thirdparty.io.netty.channel.socket.nio.NioSocketChannel.doFinishConnect(NioSocketChannel.java:327)
	at org.apache.ratis.thirdparty.io.netty.channel.nio.AbstractNioChannel$AbstractNioUnsafe.finishConnect(AbstractNioChannel.java:340)
	at org.apache.ratis.thirdparty.io.netty.channel.nio.NioEventLoop.processSelectedKey(NioEventLoop.java:632)
	at org.apache.ratis.thirdparty.io.netty.channel.nio.NioEventLoop.processSelectedKeysOptimized(NioEventLoop.java:579)
	at org.apache.ratis.thirdparty.io.netty.channel.nio.NioEventLoop.processSelectedKeys(NioEventLoop.java:496)
	at org.apache.ratis.thirdparty.io.netty.channel.nio.NioEventLoop.run(NioEventLoop.java:458)
	at org.apache.ratis.thirdparty.io.netty.util.concurrent.SingleThreadEventExecutor$5.run(SingleThreadEventExecutor.java:897)
	at org.apache.ratis.thirdparty.io.netty.util.concurrent.FastThreadLocalRunnable.run(FastThreadLocalRunnable.java:30)
	... 1 more
Caused by: java.net.ConnectException: Connection refused
	... 11 more
2019-11-05 11:28:40,498 [687f579d-1680-4dd5-8b24-01f078298cef@group-E95DC8E8582E-LeaderElection223] INFO  impl.LeaderElection (LeaderElection.java:askForVotes(178)) - 687f579d-1680-4dd5-8b24-01f078298cef@group-E95DC8E8582E-LeaderElection223: begin an election at term 146 for -1: [90ecfa43-dab6-49d9-b30c-40ef62bfdf2a:192.168.157.252:34192, 687f579d-1680-4dd5-8b24-01f078298cef:192.168.157.252:37962, b8bf4e9b-064a-4520-981c-d6c40c833497:192.168.157.252:43407], old=null
2019-11-05 11:28:40,498 [d8b77924-76ff-4932-a9fa-7ec761e4cf6b@group-0CA4D070D5C4-LeaderElection222] INFO  impl.LeaderElection (LogUtils.java:infoOrTrace(149)) - d8b77924-76ff-4932-a9fa-7ec761e4cf6b@group-0CA4D070D5C4-LeaderElection222 got exception when requesting votes: {}
java.util.concurrent.ExecutionException: org.apache.ratis.thirdparty.io.grpc.StatusRuntimeException: UNAVAILABLE: io exception
	at java.util.concurrent.FutureTask.report(FutureTask.java:122)
	at java.util.concurrent.FutureTask.get(FutureTask.java:192)
	at org.apache.ratis.server.impl.LeaderElection.waitForResults(LeaderElection.java:259)
	at org.apache.ratis.server.impl.LeaderElection.askForVotes(LeaderElection.java:197)
	at org.apache.ratis.server.impl.LeaderElection.run(LeaderElection.java:133)
	at java.lang.Thread.run(Thread.java:748)
Caused by: org.apache.ratis.thirdparty.io.grpc.StatusRuntimeException: UNAVAILABLE: io exception
	at org.apache.ratis.thirdparty.io.grpc.stub.ClientCalls.toStatusRuntimeException(ClientCalls.java:233)
	at org.apache.ratis.thirdparty.io.grpc.stub.ClientCalls.getUnchecked(ClientCalls.java:214)
	at org.apache.ratis.thirdparty.io.grpc.stub.ClientCalls.blockingUnaryCall(ClientCalls.java:139)
	at org.apache.ratis.proto.grpc.RaftServerProtocolServiceGrpc$RaftServerProtocolServiceBlockingStub.requestVote(RaftServerProtocolServiceGrpc.java:265)
	at org.apache.ratis.grpc.server.GrpcServerProtocolClient.requestVote(GrpcServerProtocolClient.java:99)
	at org.apache.ratis.grpc.server.GrpcService.requestVote(GrpcService.java:204)
	at org.apache.ratis.server.impl.LeaderElection.lambda$submitRequests$1(LeaderElection.java:234)
	at java.util.concurrent.FutureTask.run(FutureTask.java:266)
	at java.util.concurrent.Executors$RunnableAdapter.call(Executors.java:511)
	at java.util.concurrent.FutureTask.run(FutureTask.java:266)
	at java.util.concurrent.ThreadPoolExecutor.runWorker(ThreadPoolExecutor.java:1149)
	at java.util.concurrent.ThreadPoolExecutor$Worker.run(ThreadPoolExecutor.java:624)
	... 1 more
Caused by: org.apache.ratis.thirdparty.io.netty.channel.AbstractChannel$AnnotatedConnectException: Connection refused: /192.168.157.252:33158
	at sun.nio.ch.SocketChannelImpl.checkConnect(Native Method)
	at sun.nio.ch.SocketChannelImpl.finishConnect(SocketChannelImpl.java:717)
	at org.apache.ratis.thirdparty.io.netty.channel.socket.nio.NioSocketChannel.doFinishConnect(NioSocketChannel.java:327)
	at org.apache.ratis.thirdparty.io.netty.channel.nio.AbstractNioChannel$AbstractNioUnsafe.finishConnect(AbstractNioChannel.java:340)
	at org.apache.ratis.thirdparty.io.netty.channel.nio.NioEventLoop.processSelectedKey(NioEventLoop.java:632)
	at org.apache.ratis.thirdparty.io.netty.channel.nio.NioEventLoop.processSelectedKeysOptimized(NioEventLoop.java:579)
	at org.apache.ratis.thirdparty.io.netty.channel.nio.NioEventLoop.processSelectedKeys(NioEventLoop.java:496)
	at org.apache.ratis.thirdparty.io.netty.channel.nio.NioEventLoop.run(NioEventLoop.java:458)
	at org.apache.ratis.thirdparty.io.netty.util.concurrent.SingleThreadEventExecutor$5.run(SingleThreadEventExecutor.java:897)
	at org.apache.ratis.thirdparty.io.netty.util.concurrent.FastThreadLocalRunnable.run(FastThreadLocalRunnable.java:30)
	... 1 more
Caused by: java.net.ConnectException: Connection refused
	... 11 more
2019-11-05 11:28:40,501 [d8b77924-76ff-4932-a9fa-7ec761e4cf6b@group-0CA4D070D5C4-LeaderElection222] INFO  impl.LeaderElection (LeaderElection.java:logAndReturn(56)) - d8b77924-76ff-4932-a9fa-7ec761e4cf6b@group-0CA4D070D5C4-LeaderElection222: Election REJECTED; received 0 response(s) [] and 2 exception(s); d8b77924-76ff-4932-a9fa-7ec761e4cf6b@group-0CA4D070D5C4:t5, leader=null, voted=d8b77924-76ff-4932-a9fa-7ec761e4cf6b, raftlog=d8b77924-76ff-4932-a9fa-7ec761e4cf6b@group-0CA4D070D5C4-SegmentedRaftLog:OPENED:c20,f20,i20, conf=0: [93bc9e78-ae56-4fee-a007-4b156d649157:192.168.157.252:38000, d8b77924-76ff-4932-a9fa-7ec761e4cf6b:192.168.157.252:40377, bd42c95e-cd41-4cbd-85b3-b330cc3c4f94:192.168.157.252:33158], old=null
2019-11-05 11:28:40,501 [d8b77924-76ff-4932-a9fa-7ec761e4cf6b@group-0CA4D070D5C4-LeaderElection222] INFO  impl.LeaderElection (LogUtils.java:infoOrTrace(149)) -   Exception 0: {}
java.util.concurrent.ExecutionException: org.apache.ratis.thirdparty.io.grpc.StatusRuntimeException: UNAVAILABLE: io exception
	at java.util.concurrent.FutureTask.report(FutureTask.java:122)
	at java.util.concurrent.FutureTask.get(FutureTask.java:192)
	at org.apache.ratis.server.impl.LeaderElection.waitForResults(LeaderElection.java:259)
	at org.apache.ratis.server.impl.LeaderElection.askForVotes(LeaderElection.java:197)
	at org.apache.ratis.server.impl.LeaderElection.run(LeaderElection.java:133)
	at java.lang.Thread.run(Thread.java:748)
Caused by: org.apache.ratis.thirdparty.io.grpc.StatusRuntimeException: UNAVAILABLE: io exception
	at org.apache.ratis.thirdparty.io.grpc.stub.ClientCalls.toStatusRuntimeException(ClientCalls.java:233)
	at org.apache.ratis.thirdparty.io.grpc.stub.ClientCalls.getUnchecked(ClientCalls.java:214)
	at org.apache.ratis.thirdparty.io.grpc.stub.ClientCalls.blockingUnaryCall(ClientCalls.java:139)
	at org.apache.ratis.proto.grpc.RaftServerProtocolServiceGrpc$RaftServerProtocolServiceBlockingStub.requestVote(RaftServerProtocolServiceGrpc.java:265)
	at org.apache.ratis.grpc.server.GrpcServerProtocolClient.requestVote(GrpcServerProtocolClient.java:99)
	at org.apache.ratis.grpc.server.GrpcService.requestVote(GrpcService.java:204)
	at org.apache.ratis.server.impl.LeaderElection.lambda$submitRequests$1(LeaderElection.java:234)
	at java.util.concurrent.FutureTask.run(FutureTask.java:266)
	at java.util.concurrent.Executors$RunnableAdapter.call(Executors.java:511)
	at java.util.concurrent.FutureTask.run(FutureTask.java:266)
	at java.util.concurrent.ThreadPoolExecutor.runWorker(ThreadPoolExecutor.java:1149)
	at java.util.concurrent.ThreadPoolExecutor$Worker.run(ThreadPoolExecutor.java:624)
	... 1 more
Caused by: org.apache.ratis.thirdparty.io.netty.channel.AbstractChannel$AnnotatedConnectException: Connection refused: /192.168.157.252:38000
	at sun.nio.ch.SocketChannelImpl.checkConnect(Native Method)
	at sun.nio.ch.SocketChannelImpl.finishConnect(SocketChannelImpl.java:717)
	at org.apache.ratis.thirdparty.io.netty.channel.socket.nio.NioSocketChannel.doFinishConnect(NioSocketChannel.java:327)
	at org.apache.ratis.thirdparty.io.netty.channel.nio.AbstractNioChannel$AbstractNioUnsafe.finishConnect(AbstractNioChannel.java:340)
	at org.apache.ratis.thirdparty.io.netty.channel.nio.NioEventLoop.processSelectedKey(NioEventLoop.java:632)
	at org.apache.ratis.thirdparty.io.netty.channel.nio.NioEventLoop.processSelectedKeysOptimized(NioEventLoop.java:579)
	at org.apache.ratis.thirdparty.io.netty.channel.nio.NioEventLoop.processSelectedKeys(NioEventLoop.java:496)
	at org.apache.ratis.thirdparty.io.netty.channel.nio.NioEventLoop.run(NioEventLoop.java:458)
	at org.apache.ratis.thirdparty.io.netty.util.concurrent.SingleThreadEventExecutor$5.run(SingleThreadEventExecutor.java:897)
	at org.apache.ratis.thirdparty.io.netty.util.concurrent.FastThreadLocalRunnable.run(FastThreadLocalRunnable.java:30)
	... 1 more
Caused by: java.net.ConnectException: Connection refused
	... 11 more
2019-11-05 11:28:40,501 [d8b77924-76ff-4932-a9fa-7ec761e4cf6b@group-0CA4D070D5C4-LeaderElection222] INFO  impl.LeaderElection (LogUtils.java:infoOrTrace(149)) -   Exception 1: {}
java.util.concurrent.ExecutionException: org.apache.ratis.thirdparty.io.grpc.StatusRuntimeException: UNAVAILABLE: io exception
	at java.util.concurrent.FutureTask.report(FutureTask.java:122)
	at java.util.concurrent.FutureTask.get(FutureTask.java:192)
	at org.apache.ratis.server.impl.LeaderElection.waitForResults(LeaderElection.java:259)
	at org.apache.ratis.server.impl.LeaderElection.askForVotes(LeaderElection.java:197)
	at org.apache.ratis.server.impl.LeaderElection.run(LeaderElection.java:133)
	at java.lang.Thread.run(Thread.java:748)
Caused by: org.apache.ratis.thirdparty.io.grpc.StatusRuntimeException: UNAVAILABLE: io exception
	at org.apache.ratis.thirdparty.io.grpc.stub.ClientCalls.toStatusRuntimeException(ClientCalls.java:233)
	at org.apache.ratis.thirdparty.io.grpc.stub.ClientCalls.getUnchecked(ClientCalls.java:214)
	at org.apache.ratis.thirdparty.io.grpc.stub.ClientCalls.blockingUnaryCall(ClientCalls.java:139)
	at org.apache.ratis.proto.grpc.RaftServerProtocolServiceGrpc$RaftServerProtocolServiceBlockingStub.requestVote(RaftServerProtocolServiceGrpc.java:265)
	at org.apache.ratis.grpc.server.GrpcServerProtocolClient.requestVote(GrpcServerProtocolClient.java:99)
	at org.apache.ratis.grpc.server.GrpcService.requestVote(GrpcService.java:204)
	at org.apache.ratis.server.impl.LeaderElection.lambda$submitRequests$1(LeaderElection.java:234)
	at java.util.concurrent.FutureTask.run(FutureTask.java:266)
	at java.util.concurrent.Executors$RunnableAdapter.call(Executors.java:511)
	at java.util.concurrent.FutureTask.run(FutureTask.java:266)
	at java.util.concurrent.ThreadPoolExecutor.runWorker(ThreadPoolExecutor.java:1149)
	at java.util.concurrent.ThreadPoolExecutor$Worker.run(ThreadPoolExecutor.java:624)
	... 1 more
Caused by: org.apache.ratis.thirdparty.io.netty.channel.AbstractChannel$AnnotatedConnectException: Connection refused: /192.168.157.252:33158
	at sun.nio.ch.SocketChannelImpl.checkConnect(Native Method)
	at sun.nio.ch.SocketChannelImpl.finishConnect(SocketChannelImpl.java:717)
	at org.apache.ratis.thirdparty.io.netty.channel.socket.nio.NioSocketChannel.doFinishConnect(NioSocketChannel.java:327)
	at org.apache.ratis.thirdparty.io.netty.channel.nio.AbstractNioChannel$AbstractNioUnsafe.finishConnect(AbstractNioChannel.java:340)
	at org.apache.ratis.thirdparty.io.netty.channel.nio.NioEventLoop.processSelectedKey(NioEventLoop.java:632)
	at org.apache.ratis.thirdparty.io.netty.channel.nio.NioEventLoop.processSelectedKeysOptimized(NioEventLoop.java:579)
	at org.apache.ratis.thirdparty.io.netty.channel.nio.NioEventLoop.processSelectedKeys(NioEventLoop.java:496)
	at org.apache.ratis.thirdparty.io.netty.channel.nio.NioEventLoop.run(NioEventLoop.java:458)
	at org.apache.ratis.thirdparty.io.netty.util.concurrent.SingleThreadEventExecutor$5.run(SingleThreadEventExecutor.java:897)
	at org.apache.ratis.thirdparty.io.netty.util.concurrent.FastThreadLocalRunnable.run(FastThreadLocalRunnable.java:30)
	... 1 more
Caused by: java.net.ConnectException: Connection refused
	... 11 more
2019-11-05 11:28:40,502 [d8b77924-76ff-4932-a9fa-7ec761e4cf6b@group-0CA4D070D5C4-LeaderElection222] INFO  impl.RaftServerImpl (RaftServerImpl.java:setRole(184)) - d8b77924-76ff-4932-a9fa-7ec761e4cf6b@group-0CA4D070D5C4: changes role from CANDIDATE to FOLLOWER at term 5 for DISCOVERED_A_NEW_TERM
2019-11-05 11:28:40,502 [d8b77924-76ff-4932-a9fa-7ec761e4cf6b@group-0CA4D070D5C4-LeaderElection222] INFO  impl.RoleInfo (RoleInfo.java:shutdownLeaderElection(134)) - d8b77924-76ff-4932-a9fa-7ec761e4cf6b: shutdown LeaderElection
2019-11-05 11:28:40,502 [d8b77924-76ff-4932-a9fa-7ec761e4cf6b@group-0CA4D070D5C4-LeaderElection222] INFO  impl.RoleInfo (RoleInfo.java:updateAndGet(143)) - d8b77924-76ff-4932-a9fa-7ec761e4cf6b: start FollowerState
2019-11-05 11:28:40,504 [grpc-default-executor-11] INFO  impl.RaftServerImpl (RaftServerImpl.java:setRole(184)) - 90ecfa43-dab6-49d9-b30c-40ef62bfdf2a@group-E95DC8E8582E: changes role from  FOLLOWER to FOLLOWER at term 146 for recognizeCandidate:687f579d-1680-4dd5-8b24-01f078298cef
2019-11-05 11:28:40,504 [grpc-default-executor-11] INFO  impl.RoleInfo (RoleInfo.java:shutdownFollowerState(121)) - 90ecfa43-dab6-49d9-b30c-40ef62bfdf2a: shutdown FollowerState
2019-11-05 11:28:40,504 [grpc-default-executor-9] INFO  impl.RaftServerImpl (RaftServerImpl.java:setRole(184)) - b8bf4e9b-064a-4520-981c-d6c40c833497@group-E95DC8E8582E: changes role from  FOLLOWER to FOLLOWER at term 146 for recognizeCandidate:687f579d-1680-4dd5-8b24-01f078298cef
2019-11-05 11:28:40,504 [Thread-2076] INFO  impl.FollowerState (FollowerState.java:run(117)) - 90ecfa43-dab6-49d9-b30c-40ef62bfdf2a@group-E95DC8E8582E-FollowerState was interrupted: java.lang.InterruptedException: sleep interrupted
2019-11-05 11:28:40,504 [grpc-default-executor-11] INFO  impl.RoleInfo (RoleInfo.java:updateAndGet(143)) - 90ecfa43-dab6-49d9-b30c-40ef62bfdf2a: start FollowerState
2019-11-05 11:28:40,504 [grpc-default-executor-9] INFO  impl.RoleInfo (RoleInfo.java:shutdownFollowerState(121)) - b8bf4e9b-064a-4520-981c-d6c40c833497: shutdown FollowerState
2019-11-05 11:28:40,504 [Thread-2077] INFO  impl.FollowerState (FollowerState.java:run(117)) - b8bf4e9b-064a-4520-981c-d6c40c833497@group-E95DC8E8582E-FollowerState was interrupted: java.lang.InterruptedException: sleep interrupted
2019-11-05 11:28:40,504 [grpc-default-executor-9] INFO  impl.RoleInfo (RoleInfo.java:updateAndGet(143)) - b8bf4e9b-064a-4520-981c-d6c40c833497: start FollowerState
2019-11-05 11:28:40,510 [687f579d-1680-4dd5-8b24-01f078298cef@group-E95DC8E8582E-LeaderElection223] INFO  impl.LeaderElection (LeaderElection.java:logAndReturn(56)) - 687f579d-1680-4dd5-8b24-01f078298cef@group-E95DC8E8582E-LeaderElection223: Election TIMEOUT; received 0 response(s) [] and 0 exception(s); 687f579d-1680-4dd5-8b24-01f078298cef@group-E95DC8E8582E:t146, leader=null, voted=687f579d-1680-4dd5-8b24-01f078298cef, raftlog=687f579d-1680-4dd5-8b24-01f078298cef@group-E95DC8E8582E-SegmentedRaftLog:OPENED:c-1,f-1,i0, conf=-1: [90ecfa43-dab6-49d9-b30c-40ef62bfdf2a:192.168.157.252:34192, 687f579d-1680-4dd5-8b24-01f078298cef:192.168.157.252:37962, b8bf4e9b-064a-4520-981c-d6c40c833497:192.168.157.252:43407], old=null
2019-11-05 11:28:40,522 [687f579d-1680-4dd5-8b24-01f078298cef@group-E95DC8E8582E-LeaderElection223] INFO  impl.LeaderElection (LeaderElection.java:askForVotes(178)) - 687f579d-1680-4dd5-8b24-01f078298cef@group-E95DC8E8582E-LeaderElection223: begin an election at term 147 for -1: [90ecfa43-dab6-49d9-b30c-40ef62bfdf2a:192.168.157.252:34192, 687f579d-1680-4dd5-8b24-01f078298cef:192.168.157.252:37962, b8bf4e9b-064a-4520-981c-d6c40c833497:192.168.157.252:43407], old=null
2019-11-05 11:28:40,524 [grpc-default-executor-9] INFO  impl.RaftServerImpl (RaftServerImpl.java:setRole(184)) - b8bf4e9b-064a-4520-981c-d6c40c833497@group-E95DC8E8582E: changes role from  FOLLOWER to FOLLOWER at term 147 for recognizeCandidate:687f579d-1680-4dd5-8b24-01f078298cef
2019-11-05 11:28:40,524 [grpc-default-executor-11] INFO  impl.RaftServerImpl (RaftServerImpl.java:setRole(184)) - 90ecfa43-dab6-49d9-b30c-40ef62bfdf2a@group-E95DC8E8582E: changes role from  FOLLOWER to FOLLOWER at term 147 for recognizeCandidate:687f579d-1680-4dd5-8b24-01f078298cef
2019-11-05 11:28:40,525 [grpc-default-executor-11] INFO  impl.RoleInfo (RoleInfo.java:shutdownFollowerState(121)) - 90ecfa43-dab6-49d9-b30c-40ef62bfdf2a: shutdown FollowerState
2019-11-05 11:28:40,525 [grpc-default-executor-9] INFO  impl.RoleInfo (RoleInfo.java:shutdownFollowerState(121)) - b8bf4e9b-064a-4520-981c-d6c40c833497: shutdown FollowerState
2019-11-05 11:28:40,525 [Thread-2086] INFO  impl.FollowerState (FollowerState.java:run(117)) - 90ecfa43-dab6-49d9-b30c-40ef62bfdf2a@group-E95DC8E8582E-FollowerState was interrupted: java.lang.InterruptedException: sleep interrupted
2019-11-05 11:28:40,525 [Thread-2087] INFO  impl.FollowerState (FollowerState.java:run(117)) - b8bf4e9b-064a-4520-981c-d6c40c833497@group-E95DC8E8582E-FollowerState was interrupted: java.lang.InterruptedException: sleep interrupted
2019-11-05 11:28:40,525 [grpc-default-executor-11] INFO  impl.RoleInfo (RoleInfo.java:updateAndGet(143)) - 90ecfa43-dab6-49d9-b30c-40ef62bfdf2a: start FollowerState
2019-11-05 11:28:40,525 [grpc-default-executor-9] INFO  impl.RoleInfo (RoleInfo.java:updateAndGet(143)) - b8bf4e9b-064a-4520-981c-d6c40c833497: start FollowerState
2019-11-05 11:28:40,535 [687f579d-1680-4dd5-8b24-01f078298cef@group-E95DC8E8582E-LeaderElection223] INFO  impl.LeaderElection (LeaderElection.java:logAndReturn(56)) - 687f579d-1680-4dd5-8b24-01f078298cef@group-E95DC8E8582E-LeaderElection223: Election REJECTED; received 2 response(s) [687f579d-1680-4dd5-8b24-01f078298cef<-90ecfa43-dab6-49d9-b30c-40ef62bfdf2a#0:FAIL-t147, 687f579d-1680-4dd5-8b24-01f078298cef<-b8bf4e9b-064a-4520-981c-d6c40c833497#0:FAIL-t147] and 0 exception(s); 687f579d-1680-4dd5-8b24-01f078298cef@group-E95DC8E8582E:t147, leader=null, voted=687f579d-1680-4dd5-8b24-01f078298cef, raftlog=687f579d-1680-4dd5-8b24-01f078298cef@group-E95DC8E8582E-SegmentedRaftLog:OPENED:c-1,f-1,i0, conf=-1: [90ecfa43-dab6-49d9-b30c-40ef62bfdf2a:192.168.157.252:34192, 687f579d-1680-4dd5-8b24-01f078298cef:192.168.157.252:37962, b8bf4e9b-064a-4520-981c-d6c40c833497:192.168.157.252:43407], old=null
2019-11-05 11:28:40,535 [687f579d-1680-4dd5-8b24-01f078298cef@group-E95DC8E8582E-LeaderElection223] INFO  impl.RaftServerImpl (RaftServerImpl.java:setRole(184)) - 687f579d-1680-4dd5-8b24-01f078298cef@group-E95DC8E8582E: changes role from CANDIDATE to FOLLOWER at term 147 for DISCOVERED_A_NEW_TERM
2019-11-05 11:28:40,535 [687f579d-1680-4dd5-8b24-01f078298cef@group-E95DC8E8582E-LeaderElection223] INFO  impl.RoleInfo (RoleInfo.java:shutdownLeaderElection(134)) - 687f579d-1680-4dd5-8b24-01f078298cef: shutdown LeaderElection
2019-11-05 11:28:40,535 [687f579d-1680-4dd5-8b24-01f078298cef@group-E95DC8E8582E-LeaderElection223] INFO  impl.RoleInfo (RoleInfo.java:updateAndGet(143)) - 687f579d-1680-4dd5-8b24-01f078298cef: start FollowerState
2019-11-05 11:28:40,567 [Thread-2072] INFO  impl.FollowerState (FollowerState.java:run(108)) - f7e9932d-fd96-469a-9353-68e47138e5ff@group-21C72E9484D5-FollowerState: change to CANDIDATE, lastRpcTime:174ms, electionTimeout:171ms
2019-11-05 11:28:40,567 [Thread-2072] INFO  impl.RoleInfo (RoleInfo.java:shutdownFollowerState(121)) - f7e9932d-fd96-469a-9353-68e47138e5ff: shutdown FollowerState
2019-11-05 11:28:40,567 [Thread-2072] INFO  impl.RaftServerImpl (RaftServerImpl.java:setRole(184)) - f7e9932d-fd96-469a-9353-68e47138e5ff@group-21C72E9484D5: changes role from  FOLLOWER to CANDIDATE at term 130 for changeToCandidate
2019-11-05 11:28:40,567 [Thread-2072] INFO  impl.RoleInfo (RoleInfo.java:updateAndGet(143)) - f7e9932d-fd96-469a-9353-68e47138e5ff: start LeaderElection
2019-11-05 11:28:40,582 [f7e9932d-fd96-469a-9353-68e47138e5ff@group-21C72E9484D5-LeaderElection224] INFO  impl.LeaderElection (LeaderElection.java:askForVotes(178)) - f7e9932d-fd96-469a-9353-68e47138e5ff@group-21C72E9484D5-LeaderElection224: begin an election at term 131 for -1: [f7e9932d-fd96-469a-9353-68e47138e5ff:192.168.157.252:45025, 1eca16cc-5184-4e43-8e55-175d1516eae4:192.168.157.252:41127, 74a8fb36-eab9-4c53-b7cf-c565055de05a:192.168.157.252:42370], old=null
2019-11-05 11:28:40,584 [grpc-default-executor-11] INFO  impl.RaftServerImpl (RaftServerImpl.java:setRole(184)) - 74a8fb36-eab9-4c53-b7cf-c565055de05a@group-21C72E9484D5: changes role from  FOLLOWER to FOLLOWER at term 131 for recognizeCandidate:f7e9932d-fd96-469a-9353-68e47138e5ff
2019-11-05 11:28:40,584 [grpc-default-executor-11] INFO  impl.RoleInfo (RoleInfo.java:shutdownFollowerState(121)) - 74a8fb36-eab9-4c53-b7cf-c565055de05a: shutdown FollowerState
2019-11-05 11:28:40,585 [grpc-default-executor-11] INFO  impl.RoleInfo (RoleInfo.java:updateAndGet(143)) - 74a8fb36-eab9-4c53-b7cf-c565055de05a: start FollowerState
2019-11-05 11:28:40,587 [grpc-default-executor-9] INFO  impl.RaftServerImpl (RaftServerImpl.java:setRole(184)) - 1eca16cc-5184-4e43-8e55-175d1516eae4@group-21C72E9484D5: changes role from  FOLLOWER to FOLLOWER at term 131 for recognizeCandidate:f7e9932d-fd96-469a-9353-68e47138e5ff
2019-11-05 11:28:40,588 [grpc-default-executor-9] INFO  impl.RoleInfo (RoleInfo.java:shutdownFollowerState(121)) - 1eca16cc-5184-4e43-8e55-175d1516eae4: shutdown FollowerState
2019-11-05 11:28:40,588 [Thread-2071] INFO  impl.FollowerState (FollowerState.java:run(117)) - 1eca16cc-5184-4e43-8e55-175d1516eae4@group-21C72E9484D5-FollowerState was interrupted: java.lang.InterruptedException: sleep interrupted
2019-11-05 11:28:40,588 [grpc-default-executor-9] INFO  impl.RoleInfo (RoleInfo.java:updateAndGet(143)) - 1eca16cc-5184-4e43-8e55-175d1516eae4: start FollowerState
2019-11-05 11:28:40,596 [Thread-2070] INFO  impl.FollowerState (FollowerState.java:run(117)) - 74a8fb36-eab9-4c53-b7cf-c565055de05a@group-21C72E9484D5-FollowerState was interrupted: java.lang.InterruptedException: sleep interrupted
2019-11-05 11:28:40,610 [f7e9932d-fd96-469a-9353-68e47138e5ff@group-21C72E9484D5-LeaderElection224] INFO  impl.LeaderElection (LeaderElection.java:logAndReturn(56)) - f7e9932d-fd96-469a-9353-68e47138e5ff@group-21C72E9484D5-LeaderElection224: Election TIMEOUT; received 1 response(s) [f7e9932d-fd96-469a-9353-68e47138e5ff<-74a8fb36-eab9-4c53-b7cf-c565055de05a#0:FAIL-t131] and 0 exception(s); f7e9932d-fd96-469a-9353-68e47138e5ff@group-21C72E9484D5:t131, leader=null, voted=f7e9932d-fd96-469a-9353-68e47138e5ff, raftlog=f7e9932d-fd96-469a-9353-68e47138e5ff@group-21C72E9484D5-SegmentedRaftLog:OPENED:c-1,f-1,i0, conf=-1: [f7e9932d-fd96-469a-9353-68e47138e5ff:192.168.157.252:45025, 1eca16cc-5184-4e43-8e55-175d1516eae4:192.168.157.252:41127, 74a8fb36-eab9-4c53-b7cf-c565055de05a:192.168.157.252:42370], old=null
2019-11-05 11:28:40,637 [f7e9932d-fd96-469a-9353-68e47138e5ff@group-21C72E9484D5-LeaderElection224] INFO  impl.LeaderElection (LeaderElection.java:askForVotes(178)) - f7e9932d-fd96-469a-9353-68e47138e5ff@group-21C72E9484D5-LeaderElection224: begin an election at term 132 for -1: [f7e9932d-fd96-469a-9353-68e47138e5ff:192.168.157.252:45025, 1eca16cc-5184-4e43-8e55-175d1516eae4:192.168.157.252:41127, 74a8fb36-eab9-4c53-b7cf-c565055de05a:192.168.157.252:42370], old=null
2019-11-05 11:28:40,644 [Thread-2092] INFO  impl.FollowerState (FollowerState.java:run(108)) - 687f579d-1680-4dd5-8b24-01f078298cef@group-E95DC8E8582E-FollowerState: change to CANDIDATE, lastRpcTime:108ms, electionTimeout:108ms
2019-11-05 11:28:40,644 [Thread-2092] INFO  impl.RoleInfo (RoleInfo.java:shutdownFollowerState(121)) - 687f579d-1680-4dd5-8b24-01f078298cef: shutdown FollowerState
2019-11-05 11:28:40,644 [Thread-2092] INFO  impl.RaftServerImpl (RaftServerImpl.java:setRole(184)) - 687f579d-1680-4dd5-8b24-01f078298cef@group-E95DC8E8582E: changes role from  FOLLOWER to CANDIDATE at term 147 for changeToCandidate
2019-11-05 11:28:40,645 [Thread-2092] INFO  impl.RoleInfo (RoleInfo.java:updateAndGet(143)) - 687f579d-1680-4dd5-8b24-01f078298cef: start LeaderElection
2019-11-05 11:28:40,647 [grpc-default-executor-9] INFO  impl.RaftServerImpl (RaftServerImpl.java:setRole(184)) - 1eca16cc-5184-4e43-8e55-175d1516eae4@group-21C72E9484D5: changes role from  FOLLOWER to FOLLOWER at term 132 for recognizeCandidate:f7e9932d-fd96-469a-9353-68e47138e5ff
2019-11-05 11:28:40,647 [grpc-default-executor-9] INFO  impl.RoleInfo (RoleInfo.java:shutdownFollowerState(121)) - 1eca16cc-5184-4e43-8e55-175d1516eae4: shutdown FollowerState
2019-11-05 11:28:40,647 [grpc-default-executor-9] INFO  impl.RoleInfo (RoleInfo.java:updateAndGet(143)) - 1eca16cc-5184-4e43-8e55-175d1516eae4: start FollowerState
2019-11-05 11:28:40,647 [Thread-2097] INFO  impl.FollowerState (FollowerState.java:run(117)) - 1eca16cc-5184-4e43-8e55-175d1516eae4@group-21C72E9484D5-FollowerState was interrupted: java.lang.InterruptedException: sleep interrupted
2019-11-05 11:28:40,649 [grpc-default-executor-11] INFO  impl.RaftServerImpl (RaftServerImpl.java:setRole(184)) - 74a8fb36-eab9-4c53-b7cf-c565055de05a@group-21C72E9484D5: changes role from  FOLLOWER to FOLLOWER at term 132 for recognizeCandidate:f7e9932d-fd96-469a-9353-68e47138e5ff
2019-11-05 11:28:40,649 [grpc-default-executor-11] INFO  impl.RoleInfo (RoleInfo.java:shutdownFollowerState(121)) - 74a8fb36-eab9-4c53-b7cf-c565055de05a: shutdown FollowerState
2019-11-05 11:28:40,649 [grpc-default-executor-11] INFO  impl.RoleInfo (RoleInfo.java:updateAndGet(143)) - 74a8fb36-eab9-4c53-b7cf-c565055de05a: start FollowerState
2019-11-05 11:28:40,649 [Thread-2096] INFO  impl.FollowerState (FollowerState.java:run(117)) - 74a8fb36-eab9-4c53-b7cf-c565055de05a@group-21C72E9484D5-FollowerState was interrupted: java.lang.InterruptedException: sleep interrupted
2019-11-05 11:28:40,662 [687f579d-1680-4dd5-8b24-01f078298cef@group-E95DC8E8582E-LeaderElection225] INFO  impl.LeaderElection (LeaderElection.java:askForVotes(178)) - 687f579d-1680-4dd5-8b24-01f078298cef@group-E95DC8E8582E-LeaderElection225: begin an election at term 148 for -1: [90ecfa43-dab6-49d9-b30c-40ef62bfdf2a:192.168.157.252:34192, 687f579d-1680-4dd5-8b24-01f078298cef:192.168.157.252:37962, b8bf4e9b-064a-4520-981c-d6c40c833497:192.168.157.252:43407], old=null
2019-11-05 11:28:40,670 [grpc-default-executor-11] INFO  impl.RaftServerImpl (RaftServerImpl.java:setRole(184)) - 90ecfa43-dab6-49d9-b30c-40ef62bfdf2a@group-E95DC8E8582E: changes role from  FOLLOWER to FOLLOWER at term 148 for recognizeCandidate:687f579d-1680-4dd5-8b24-01f078298cef
2019-11-05 11:28:40,670 [grpc-default-executor-11] INFO  impl.RoleInfo (RoleInfo.java:shutdownFollowerState(121)) - 90ecfa43-dab6-49d9-b30c-40ef62bfdf2a: shutdown FollowerState
2019-11-05 11:28:40,674 [grpc-default-executor-11] INFO  impl.RoleInfo (RoleInfo.java:updateAndGet(143)) - 90ecfa43-dab6-49d9-b30c-40ef62bfdf2a: start FollowerState
2019-11-05 11:28:40,675 [f7e9932d-fd96-469a-9353-68e47138e5ff@group-21C72E9484D5-LeaderElection224] INFO  impl.LeaderElection (LeaderElection.java:logAndReturn(56)) - f7e9932d-fd96-469a-9353-68e47138e5ff@group-21C72E9484D5-LeaderElection224: Election REJECTED; received 2 response(s) [f7e9932d-fd96-469a-9353-68e47138e5ff<-1eca16cc-5184-4e43-8e55-175d1516eae4#0:FAIL-t132, f7e9932d-fd96-469a-9353-68e47138e5ff<-74a8fb36-eab9-4c53-b7cf-c565055de05a#0:FAIL-t132] and 0 exception(s); f7e9932d-fd96-469a-9353-68e47138e5ff@group-21C72E9484D5:t132, leader=null, voted=f7e9932d-fd96-469a-9353-68e47138e5ff, raftlog=f7e9932d-fd96-469a-9353-68e47138e5ff@group-21C72E9484D5-SegmentedRaftLog:OPENED:c-1,f-1,i0, conf=-1: [f7e9932d-fd96-469a-9353-68e47138e5ff:192.168.157.252:45025, 1eca16cc-5184-4e43-8e55-175d1516eae4:192.168.157.252:41127, 74a8fb36-eab9-4c53-b7cf-c565055de05a:192.168.157.252:42370], old=null
2019-11-05 11:28:40,675 [Thread-2090] INFO  impl.FollowerState (FollowerState.java:run(117)) - 90ecfa43-dab6-49d9-b30c-40ef62bfdf2a@group-E95DC8E8582E-FollowerState was interrupted: java.lang.InterruptedException: sleep interrupted
2019-11-05 11:28:40,675 [f7e9932d-fd96-469a-9353-68e47138e5ff@group-21C72E9484D5-LeaderElection224] INFO  impl.RaftServerImpl (RaftServerImpl.java:setRole(184)) - f7e9932d-fd96-469a-9353-68e47138e5ff@group-21C72E9484D5: changes role from CANDIDATE to FOLLOWER at term 132 for DISCOVERED_A_NEW_TERM
2019-11-05 11:28:40,676 [f7e9932d-fd96-469a-9353-68e47138e5ff@group-21C72E9484D5-LeaderElection224] INFO  impl.RoleInfo (RoleInfo.java:shutdownLeaderElection(134)) - f7e9932d-fd96-469a-9353-68e47138e5ff: shutdown LeaderElection
2019-11-05 11:28:40,676 [f7e9932d-fd96-469a-9353-68e47138e5ff@group-21C72E9484D5-LeaderElection224] INFO  impl.RoleInfo (RoleInfo.java:updateAndGet(143)) - f7e9932d-fd96-469a-9353-68e47138e5ff: start FollowerState
2019-11-05 11:28:40,678 [grpc-default-executor-9] INFO  impl.RaftServerImpl (RaftServerImpl.java:setRole(184)) - b8bf4e9b-064a-4520-981c-d6c40c833497@group-E95DC8E8582E: changes role from  FOLLOWER to FOLLOWER at term 148 for recognizeCandidate:687f579d-1680-4dd5-8b24-01f078298cef
2019-11-05 11:28:40,678 [grpc-default-executor-9] INFO  impl.RoleInfo (RoleInfo.java:shutdownFollowerState(121)) - b8bf4e9b-064a-4520-981c-d6c40c833497: shutdown FollowerState
2019-11-05 11:28:40,690 [grpc-default-executor-9] INFO  impl.RoleInfo (RoleInfo.java:updateAndGet(143)) - b8bf4e9b-064a-4520-981c-d6c40c833497: start FollowerState
2019-11-05 11:28:40,691 [Thread-2091] INFO  impl.FollowerState (FollowerState.java:run(117)) - b8bf4e9b-064a-4520-981c-d6c40c833497@group-E95DC8E8582E-FollowerState was interrupted: java.lang.InterruptedException: sleep interrupted
2019-11-05 11:28:40,699 [687f579d-1680-4dd5-8b24-01f078298cef@group-E95DC8E8582E-LeaderElection225] INFO  impl.LeaderElection (LeaderElection.java:logAndReturn(56)) - 687f579d-1680-4dd5-8b24-01f078298cef@group-E95DC8E8582E-LeaderElection225: Election REJECTED; received 2 response(s) [687f579d-1680-4dd5-8b24-01f078298cef<-90ecfa43-dab6-49d9-b30c-40ef62bfdf2a#0:FAIL-t148, 687f579d-1680-4dd5-8b24-01f078298cef<-b8bf4e9b-064a-4520-981c-d6c40c833497#0:FAIL-t148] and 0 exception(s); 687f579d-1680-4dd5-8b24-01f078298cef@group-E95DC8E8582E:t148, leader=null, voted=687f579d-1680-4dd5-8b24-01f078298cef, raftlog=687f579d-1680-4dd5-8b24-01f078298cef@group-E95DC8E8582E-SegmentedRaftLog:OPENED:c-1,f-1,i0, conf=-1: [90ecfa43-dab6-49d9-b30c-40ef62bfdf2a:192.168.157.252:34192, 687f579d-1680-4dd5-8b24-01f078298cef:192.168.157.252:37962, b8bf4e9b-064a-4520-981c-d6c40c833497:192.168.157.252:43407], old=null
2019-11-05 11:28:40,699 [687f579d-1680-4dd5-8b24-01f078298cef@group-E95DC8E8582E-LeaderElection225] INFO  impl.RaftServerImpl (RaftServerImpl.java:setRole(184)) - 687f579d-1680-4dd5-8b24-01f078298cef@group-E95DC8E8582E: changes role from CANDIDATE to FOLLOWER at term 148 for DISCOVERED_A_NEW_TERM
2019-11-05 11:28:40,700 [687f579d-1680-4dd5-8b24-01f078298cef@group-E95DC8E8582E-LeaderElection225] INFO  impl.RoleInfo (RoleInfo.java:shutdownLeaderElection(134)) - 687f579d-1680-4dd5-8b24-01f078298cef: shutdown LeaderElection
2019-11-05 11:28:40,700 [687f579d-1680-4dd5-8b24-01f078298cef@group-E95DC8E8582E-LeaderElection225] INFO  impl.RoleInfo (RoleInfo.java:updateAndGet(143)) - 687f579d-1680-4dd5-8b24-01f078298cef: start FollowerState
2019-11-05 11:28:40,810 [Thread-2106] INFO  impl.FollowerState (FollowerState.java:run(108)) - f7e9932d-fd96-469a-9353-68e47138e5ff@group-21C72E9484D5-FollowerState: change to CANDIDATE, lastRpcTime:134ms, electionTimeout:120ms
2019-11-05 11:28:40,810 [Thread-2106] INFO  impl.RoleInfo (RoleInfo.java:shutdownFollowerState(121)) - f7e9932d-fd96-469a-9353-68e47138e5ff: shutdown FollowerState
2019-11-05 11:28:40,810 [Thread-2106] INFO  impl.RaftServerImpl (RaftServerImpl.java:setRole(184)) - f7e9932d-fd96-469a-9353-68e47138e5ff@group-21C72E9484D5: changes role from  FOLLOWER to CANDIDATE at term 132 for changeToCandidate
2019-11-05 11:28:40,811 [Thread-2106] INFO  impl.RoleInfo (RoleInfo.java:updateAndGet(143)) - f7e9932d-fd96-469a-9353-68e47138e5ff: start LeaderElection
2019-11-05 11:28:40,827 [f7e9932d-fd96-469a-9353-68e47138e5ff@group-21C72E9484D5-LeaderElection226] INFO  impl.LeaderElection (LeaderElection.java:askForVotes(178)) - f7e9932d-fd96-469a-9353-68e47138e5ff@group-21C72E9484D5-LeaderElection226: begin an election at term 133 for -1: [f7e9932d-fd96-469a-9353-68e47138e5ff:192.168.157.252:45025, 1eca16cc-5184-4e43-8e55-175d1516eae4:192.168.157.252:41127, 74a8fb36-eab9-4c53-b7cf-c565055de05a:192.168.157.252:42370], old=null
2019-11-05 11:28:40,835 [grpc-default-executor-9] INFO  impl.RaftServerImpl (RaftServerImpl.java:setRole(184)) - 1eca16cc-5184-4e43-8e55-175d1516eae4@group-21C72E9484D5: changes role from  FOLLOWER to FOLLOWER at term 133 for recognizeCandidate:f7e9932d-fd96-469a-9353-68e47138e5ff
2019-11-05 11:28:40,835 [grpc-default-executor-9] INFO  impl.RoleInfo (RoleInfo.java:shutdownFollowerState(121)) - 1eca16cc-5184-4e43-8e55-175d1516eae4: shutdown FollowerState
2019-11-05 11:28:40,836 [grpc-default-executor-9] INFO  impl.RoleInfo (RoleInfo.java:updateAndGet(143)) - 1eca16cc-5184-4e43-8e55-175d1516eae4: start FollowerState
2019-11-05 11:28:40,836 [Thread-2101] INFO  impl.FollowerState (FollowerState.java:run(117)) - 1eca16cc-5184-4e43-8e55-175d1516eae4@group-21C72E9484D5-FollowerState was interrupted: java.lang.InterruptedException: sleep interrupted
2019-11-05 11:28:40,838 [grpc-default-executor-11] INFO  impl.RaftServerImpl (RaftServerImpl.java:setRole(184)) - 74a8fb36-eab9-4c53-b7cf-c565055de05a@group-21C72E9484D5: changes role from  FOLLOWER to FOLLOWER at term 133 for recognizeCandidate:f7e9932d-fd96-469a-9353-68e47138e5ff
2019-11-05 11:28:40,838 [grpc-default-executor-11] INFO  impl.RoleInfo (RoleInfo.java:shutdownFollowerState(121)) - 74a8fb36-eab9-4c53-b7cf-c565055de05a: shutdown FollowerState
2019-11-05 11:28:40,839 [grpc-default-executor-11] INFO  impl.RoleInfo (RoleInfo.java:updateAndGet(143)) - 74a8fb36-eab9-4c53-b7cf-c565055de05a: start FollowerState
2019-11-05 11:28:40,839 [Thread-2102] INFO  impl.FollowerState (FollowerState.java:run(117)) - 74a8fb36-eab9-4c53-b7cf-c565055de05a@group-21C72E9484D5-FollowerState was interrupted: java.lang.InterruptedException: sleep interrupted
2019-11-05 11:28:40,844 [Thread-2108] INFO  impl.FollowerState (FollowerState.java:run(108)) - 687f579d-1680-4dd5-8b24-01f078298cef@group-E95DC8E8582E-FollowerState: change to CANDIDATE, lastRpcTime:144ms, electionTimeout:143ms
2019-11-05 11:28:40,844 [Thread-2108] INFO  impl.RoleInfo (RoleInfo.java:shutdownFollowerState(121)) - 687f579d-1680-4dd5-8b24-01f078298cef: shutdown FollowerState
2019-11-05 11:28:40,844 [Thread-2108] INFO  impl.RaftServerImpl (RaftServerImpl.java:setRole(184)) - 687f579d-1680-4dd5-8b24-01f078298cef@group-E95DC8E8582E: changes role from  FOLLOWER to CANDIDATE at term 148 for changeToCandidate
2019-11-05 11:28:40,845 [Thread-2108] INFO  impl.RoleInfo (RoleInfo.java:updateAndGet(143)) - 687f579d-1680-4dd5-8b24-01f078298cef: start LeaderElection
2019-11-05 11:28:40,858 [f7e9932d-fd96-469a-9353-68e47138e5ff@group-21C72E9484D5-LeaderElection226] INFO  impl.LeaderElection (LeaderElection.java:logAndReturn(56)) - f7e9932d-fd96-469a-9353-68e47138e5ff@group-21C72E9484D5-LeaderElection226: Election REJECTED; received 2 response(s) [f7e9932d-fd96-469a-9353-68e47138e5ff<-1eca16cc-5184-4e43-8e55-175d1516eae4#0:FAIL-t133, f7e9932d-fd96-469a-9353-68e47138e5ff<-74a8fb36-eab9-4c53-b7cf-c565055de05a#0:FAIL-t133] and 0 exception(s); f7e9932d-fd96-469a-9353-68e47138e5ff@group-21C72E9484D5:t133, leader=null, voted=f7e9932d-fd96-469a-9353-68e47138e5ff, raftlog=f7e9932d-fd96-469a-9353-68e47138e5ff@group-21C72E9484D5-SegmentedRaftLog:OPENED:c-1,f-1,i0, conf=-1: [f7e9932d-fd96-469a-9353-68e47138e5ff:192.168.157.252:45025, 1eca16cc-5184-4e43-8e55-175d1516eae4:192.168.157.252:41127, 74a8fb36-eab9-4c53-b7cf-c565055de05a:192.168.157.252:42370], old=null
2019-11-05 11:28:40,858 [f7e9932d-fd96-469a-9353-68e47138e5ff@group-21C72E9484D5-LeaderElection226] INFO  impl.RaftServerImpl (RaftServerImpl.java:setRole(184)) - f7e9932d-fd96-469a-9353-68e47138e5ff@group-21C72E9484D5: changes role from CANDIDATE to FOLLOWER at term 133 for DISCOVERED_A_NEW_TERM
2019-11-05 11:28:40,859 [f7e9932d-fd96-469a-9353-68e47138e5ff@group-21C72E9484D5-LeaderElection226] INFO  impl.RoleInfo (RoleInfo.java:shutdownLeaderElection(134)) - f7e9932d-fd96-469a-9353-68e47138e5ff: shutdown LeaderElection
2019-11-05 11:28:40,859 [f7e9932d-fd96-469a-9353-68e47138e5ff@group-21C72E9484D5-LeaderElection226] INFO  impl.RoleInfo (RoleInfo.java:updateAndGet(143)) - f7e9932d-fd96-469a-9353-68e47138e5ff: start FollowerState
2019-11-05 11:28:40,859 [687f579d-1680-4dd5-8b24-01f078298cef@group-E95DC8E8582E-LeaderElection227] INFO  impl.LeaderElection (LeaderElection.java:askForVotes(178)) - 687f579d-1680-4dd5-8b24-01f078298cef@group-E95DC8E8582E-LeaderElection227: begin an election at term 149 for -1: [90ecfa43-dab6-49d9-b30c-40ef62bfdf2a:192.168.157.252:34192, 687f579d-1680-4dd5-8b24-01f078298cef:192.168.157.252:37962, b8bf4e9b-064a-4520-981c-d6c40c833497:192.168.157.252:43407], old=null
2019-11-05 11:28:40,862 [grpc-default-executor-11] INFO  impl.RaftServerImpl (RaftServerImpl.java:setRole(184)) - 90ecfa43-dab6-49d9-b30c-40ef62bfdf2a@group-E95DC8E8582E: changes role from  FOLLOWER to FOLLOWER at term 149 for recognizeCandidate:687f579d-1680-4dd5-8b24-01f078298cef
2019-11-05 11:28:40,862 [grpc-default-executor-11] INFO  impl.RoleInfo (RoleInfo.java:shutdownFollowerState(121)) - 90ecfa43-dab6-49d9-b30c-40ef62bfdf2a: shutdown FollowerState
2019-11-05 11:28:40,863 [grpc-default-executor-11] INFO  impl.RoleInfo (RoleInfo.java:updateAndGet(143)) - 90ecfa43-dab6-49d9-b30c-40ef62bfdf2a: start FollowerState
2019-11-05 11:28:40,864 [grpc-default-executor-9] INFO  impl.RaftServerImpl (RaftServerImpl.java:setRole(184)) - b8bf4e9b-064a-4520-981c-d6c40c833497@group-E95DC8E8582E: changes role from  FOLLOWER to FOLLOWER at term 149 for recognizeCandidate:687f579d-1680-4dd5-8b24-01f078298cef
2019-11-05 11:28:40,865 [grpc-default-executor-9] INFO  impl.RoleInfo (RoleInfo.java:shutdownFollowerState(121)) - b8bf4e9b-064a-4520-981c-d6c40c833497: shutdown FollowerState
2019-11-05 11:28:40,865 [grpc-default-executor-9] INFO  impl.RoleInfo (RoleInfo.java:updateAndGet(143)) - b8bf4e9b-064a-4520-981c-d6c40c833497: start FollowerState
2019-11-05 11:28:40,870 [Thread-2107] INFO  impl.FollowerState (FollowerState.java:run(117)) - b8bf4e9b-064a-4520-981c-d6c40c833497@group-E95DC8E8582E-FollowerState was interrupted: java.lang.InterruptedException: sleep interrupted
2019-11-05 11:28:40,870 [Thread-2105] INFO  impl.FollowerState (FollowerState.java:run(117)) - 90ecfa43-dab6-49d9-b30c-40ef62bfdf2a@group-E95DC8E8582E-FollowerState was interrupted: java.lang.InterruptedException: sleep interrupted
2019-11-05 11:28:40,881 [687f579d-1680-4dd5-8b24-01f078298cef@group-E95DC8E8582E-LeaderElection227] INFO  impl.LeaderElection (LeaderElection.java:logAndReturn(56)) - 687f579d-1680-4dd5-8b24-01f078298cef@group-E95DC8E8582E-LeaderElection227: Election REJECTED; received 2 response(s) [687f579d-1680-4dd5-8b24-01f078298cef<-90ecfa43-dab6-49d9-b30c-40ef62bfdf2a#0:FAIL-t149, 687f579d-1680-4dd5-8b24-01f078298cef<-b8bf4e9b-064a-4520-981c-d6c40c833497#0:FAIL-t149] and 0 exception(s); 687f579d-1680-4dd5-8b24-01f078298cef@group-E95DC8E8582E:t149, leader=null, voted=687f579d-1680-4dd5-8b24-01f078298cef, raftlog=687f579d-1680-4dd5-8b24-01f078298cef@group-E95DC8E8582E-SegmentedRaftLog:OPENED:c-1,f-1,i0, conf=-1: [90ecfa43-dab6-49d9-b30c-40ef62bfdf2a:192.168.157.252:34192, 687f579d-1680-4dd5-8b24-01f078298cef:192.168.157.252:37962, b8bf4e9b-064a-4520-981c-d6c40c833497:192.168.157.252:43407], old=null
2019-11-05 11:28:40,882 [687f579d-1680-4dd5-8b24-01f078298cef@group-E95DC8E8582E-LeaderElection227] INFO  impl.RaftServerImpl (RaftServerImpl.java:setRole(184)) - 687f579d-1680-4dd5-8b24-01f078298cef@group-E95DC8E8582E: changes role from CANDIDATE to FOLLOWER at term 149 for DISCOVERED_A_NEW_TERM
2019-11-05 11:28:40,882 [687f579d-1680-4dd5-8b24-01f078298cef@group-E95DC8E8582E-LeaderElection227] INFO  impl.RoleInfo (RoleInfo.java:shutdownLeaderElection(134)) - 687f579d-1680-4dd5-8b24-01f078298cef: shutdown LeaderElection
2019-11-05 11:28:40,882 [687f579d-1680-4dd5-8b24-01f078298cef@group-E95DC8E8582E-LeaderElection227] INFO  impl.RoleInfo (RoleInfo.java:updateAndGet(143)) - 687f579d-1680-4dd5-8b24-01f078298cef: start FollowerState
2019-11-05 11:28:40,943 [Thread-2115] INFO  impl.FollowerState (FollowerState.java:run(108)) - f7e9932d-fd96-469a-9353-68e47138e5ff@group-21C72E9484D5-FollowerState: change to CANDIDATE, lastRpcTime:84ms, electionTimeout:83ms
2019-11-05 11:28:40,944 [Thread-2115] INFO  impl.RoleInfo (RoleInfo.java:shutdownFollowerState(121)) - f7e9932d-fd96-469a-9353-68e47138e5ff: shutdown FollowerState
2019-11-05 11:28:40,944 [Thread-2115] INFO  impl.RaftServerImpl (RaftServerImpl.java:setRole(184)) - f7e9932d-fd96-469a-9353-68e47138e5ff@group-21C72E9484D5: changes role from  FOLLOWER to CANDIDATE at term 133 for changeToCandidate
2019-11-05 11:28:40,944 [Thread-2115] INFO  impl.RoleInfo (RoleInfo.java:updateAndGet(143)) - f7e9932d-fd96-469a-9353-68e47138e5ff: start LeaderElection
2019-11-05 11:28:40,958 [f7e9932d-fd96-469a-9353-68e47138e5ff@group-21C72E9484D5-LeaderElection228] INFO  impl.LeaderElection (LeaderElection.java:askForVotes(178)) - f7e9932d-fd96-469a-9353-68e47138e5ff@group-21C72E9484D5-LeaderElection228: begin an election at term 134 for -1: [f7e9932d-fd96-469a-9353-68e47138e5ff:192.168.157.252:45025, 1eca16cc-5184-4e43-8e55-175d1516eae4:192.168.157.252:41127, 74a8fb36-eab9-4c53-b7cf-c565055de05a:192.168.157.252:42370], old=null
2019-11-05 11:28:40,960 [grpc-default-executor-9] INFO  impl.RaftServerImpl (RaftServerImpl.java:setRole(184)) - 74a8fb36-eab9-4c53-b7cf-c565055de05a@group-21C72E9484D5: changes role from  FOLLOWER to FOLLOWER at term 134 for recognizeCandidate:f7e9932d-fd96-469a-9353-68e47138e5ff
2019-11-05 11:28:40,961 [grpc-default-executor-9] INFO  impl.RoleInfo (RoleInfo.java:shutdownFollowerState(121)) - 74a8fb36-eab9-4c53-b7cf-c565055de05a: shutdown FollowerState
2019-11-05 11:28:40,961 [grpc-default-executor-9] INFO  impl.RoleInfo (RoleInfo.java:updateAndGet(143)) - 74a8fb36-eab9-4c53-b7cf-c565055de05a: start FollowerState
2019-11-05 11:28:40,961 [Thread-2113] INFO  impl.FollowerState (FollowerState.java:run(117)) - 74a8fb36-eab9-4c53-b7cf-c565055de05a@group-21C72E9484D5-FollowerState was interrupted: java.lang.InterruptedException: sleep interrupted
2019-11-05 11:28:40,961 [grpc-default-executor-11] INFO  impl.RaftServerImpl (RaftServerImpl.java:setRole(184)) - 1eca16cc-5184-4e43-8e55-175d1516eae4@group-21C72E9484D5: changes role from  FOLLOWER to FOLLOWER at term 134 for recognizeCandidate:f7e9932d-fd96-469a-9353-68e47138e5ff
2019-11-05 11:28:40,961 [grpc-default-executor-11] INFO  impl.RoleInfo (RoleInfo.java:shutdownFollowerState(121)) - 1eca16cc-5184-4e43-8e55-175d1516eae4: shutdown FollowerState
2019-11-05 11:28:40,965 [grpc-default-executor-11] INFO  impl.RoleInfo (RoleInfo.java:updateAndGet(143)) - 1eca16cc-5184-4e43-8e55-175d1516eae4: start FollowerState
2019-11-05 11:28:40,966 [Thread-2112] INFO  impl.FollowerState (FollowerState.java:run(117)) - 1eca16cc-5184-4e43-8e55-175d1516eae4@group-21C72E9484D5-FollowerState was interrupted: java.lang.InterruptedException: sleep interrupted
2019-11-05 11:28:40,987 [f7e9932d-fd96-469a-9353-68e47138e5ff@group-21C72E9484D5-LeaderElection228] INFO  impl.LeaderElection (LeaderElection.java:logAndReturn(56)) - f7e9932d-fd96-469a-9353-68e47138e5ff@group-21C72E9484D5-LeaderElection228: Election REJECTED; received 2 response(s) [f7e9932d-fd96-469a-9353-68e47138e5ff<-1eca16cc-5184-4e43-8e55-175d1516eae4#0:FAIL-t134, f7e9932d-fd96-469a-9353-68e47138e5ff<-74a8fb36-eab9-4c53-b7cf-c565055de05a#0:FAIL-t134] and 0 exception(s); f7e9932d-fd96-469a-9353-68e47138e5ff@group-21C72E9484D5:t134, leader=null, voted=f7e9932d-fd96-469a-9353-68e47138e5ff, raftlog=f7e9932d-fd96-469a-9353-68e47138e5ff@group-21C72E9484D5-SegmentedRaftLog:OPENED:c-1,f-1,i0, conf=-1: [f7e9932d-fd96-469a-9353-68e47138e5ff:192.168.157.252:45025, 1eca16cc-5184-4e43-8e55-175d1516eae4:192.168.157.252:41127, 74a8fb36-eab9-4c53-b7cf-c565055de05a:192.168.157.252:42370], old=null
2019-11-05 11:28:40,987 [f7e9932d-fd96-469a-9353-68e47138e5ff@group-21C72E9484D5-LeaderElection228] INFO  impl.RaftServerImpl (RaftServerImpl.java:setRole(184)) - f7e9932d-fd96-469a-9353-68e47138e5ff@group-21C72E9484D5: changes role from CANDIDATE to FOLLOWER at term 134 for DISCOVERED_A_NEW_TERM
2019-11-05 11:28:40,987 [f7e9932d-fd96-469a-9353-68e47138e5ff@group-21C72E9484D5-LeaderElection228] INFO  impl.RoleInfo (RoleInfo.java:shutdownLeaderElection(134)) - f7e9932d-fd96-469a-9353-68e47138e5ff: shutdown LeaderElection
2019-11-05 11:28:40,988 [f7e9932d-fd96-469a-9353-68e47138e5ff@group-21C72E9484D5-LeaderElection228] INFO  impl.RoleInfo (RoleInfo.java:updateAndGet(143)) - f7e9932d-fd96-469a-9353-68e47138e5ff: start FollowerState
2019-11-05 11:28:41,036 [Thread-2120] INFO  impl.FollowerState (FollowerState.java:run(108)) - 687f579d-1680-4dd5-8b24-01f078298cef@group-E95DC8E8582E-FollowerState: change to CANDIDATE, lastRpcTime:153ms, electionTimeout:137ms
2019-11-05 11:28:41,036 [Thread-2120] INFO  impl.RoleInfo (RoleInfo.java:shutdownFollowerState(121)) - 687f579d-1680-4dd5-8b24-01f078298cef: shutdown FollowerState
2019-11-05 11:28:41,036 [Thread-2120] INFO  impl.RaftServerImpl (RaftServerImpl.java:setRole(184)) - 687f579d-1680-4dd5-8b24-01f078298cef@group-E95DC8E8582E: changes role from  FOLLOWER to CANDIDATE at term 149 for changeToCandidate
2019-11-05 11:28:41,037 [Thread-2120] INFO  impl.RoleInfo (RoleInfo.java:updateAndGet(143)) - 687f579d-1680-4dd5-8b24-01f078298cef: start LeaderElection
2019-11-05 11:28:41,049 [687f579d-1680-4dd5-8b24-01f078298cef@group-E95DC8E8582E-LeaderElection229] INFO  impl.LeaderElection (LeaderElection.java:askForVotes(178)) - 687f579d-1680-4dd5-8b24-01f078298cef@group-E95DC8E8582E-LeaderElection229: begin an election at term 150 for -1: [90ecfa43-dab6-49d9-b30c-40ef62bfdf2a:192.168.157.252:34192, 687f579d-1680-4dd5-8b24-01f078298cef:192.168.157.252:37962, b8bf4e9b-064a-4520-981c-d6c40c833497:192.168.157.252:43407], old=null
2019-11-05 11:28:41,051 [grpc-default-executor-11] INFO  impl.RaftServerImpl (RaftServerImpl.java:setRole(184)) - 90ecfa43-dab6-49d9-b30c-40ef62bfdf2a@group-E95DC8E8582E: changes role from  FOLLOWER to FOLLOWER at term 150 for recognizeCandidate:687f579d-1680-4dd5-8b24-01f078298cef
2019-11-05 11:28:41,052 [grpc-default-executor-11] INFO  impl.RoleInfo (RoleInfo.java:shutdownFollowerState(121)) - 90ecfa43-dab6-49d9-b30c-40ef62bfdf2a: shutdown FollowerState
2019-11-05 11:28:41,052 [grpc-default-executor-11] INFO  impl.RoleInfo (RoleInfo.java:updateAndGet(143)) - 90ecfa43-dab6-49d9-b30c-40ef62bfdf2a: start FollowerState
2019-11-05 11:28:41,052 [Thread-2118] INFO  impl.FollowerState (FollowerState.java:run(117)) - 90ecfa43-dab6-49d9-b30c-40ef62bfdf2a@group-E95DC8E8582E-FollowerState was interrupted: java.lang.InterruptedException: sleep interrupted
2019-11-05 11:28:41,058 [grpc-default-executor-9] INFO  impl.RaftServerImpl (RaftServerImpl.java:setRole(184)) - b8bf4e9b-064a-4520-981c-d6c40c833497@group-E95DC8E8582E: changes role from  FOLLOWER to FOLLOWER at term 150 for recognizeCandidate:687f579d-1680-4dd5-8b24-01f078298cef
2019-11-05 11:28:41,058 [grpc-default-executor-9] INFO  impl.RoleInfo (RoleInfo.java:shutdownFollowerState(121)) - b8bf4e9b-064a-4520-981c-d6c40c833497: shutdown FollowerState
2019-11-05 11:28:41,058 [grpc-default-executor-9] INFO  impl.RoleInfo (RoleInfo.java:updateAndGet(143)) - b8bf4e9b-064a-4520-981c-d6c40c833497: start FollowerState
2019-11-05 11:28:41,058 [Thread-2119] INFO  impl.FollowerState (FollowerState.java:run(117)) - b8bf4e9b-064a-4520-981c-d6c40c833497@group-E95DC8E8582E-FollowerState was interrupted: java.lang.InterruptedException: sleep interrupted
2019-11-05 11:28:41,087 [687f579d-1680-4dd5-8b24-01f078298cef@group-E95DC8E8582E-LeaderElection229] INFO  impl.LeaderElection (LeaderElection.java:logAndReturn(56)) - 687f579d-1680-4dd5-8b24-01f078298cef@group-E95DC8E8582E-LeaderElection229: Election REJECTED; received 2 response(s) [687f579d-1680-4dd5-8b24-01f078298cef<-90ecfa43-dab6-49d9-b30c-40ef62bfdf2a#0:FAIL-t150, 687f579d-1680-4dd5-8b24-01f078298cef<-b8bf4e9b-064a-4520-981c-d6c40c833497#0:FAIL-t150] and 0 exception(s); 687f579d-1680-4dd5-8b24-01f078298cef@group-E95DC8E8582E:t150, leader=null, voted=687f579d-1680-4dd5-8b24-01f078298cef, raftlog=687f579d-1680-4dd5-8b24-01f078298cef@group-E95DC8E8582E-SegmentedRaftLog:OPENED:c-1,f-1,i0, conf=-1: [90ecfa43-dab6-49d9-b30c-40ef62bfdf2a:192.168.157.252:34192, 687f579d-1680-4dd5-8b24-01f078298cef:192.168.157.252:37962, b8bf4e9b-064a-4520-981c-d6c40c833497:192.168.157.252:43407], old=null
2019-11-05 11:28:41,087 [687f579d-1680-4dd5-8b24-01f078298cef@group-E95DC8E8582E-LeaderElection229] INFO  impl.RaftServerImpl (RaftServerImpl.java:setRole(184)) - 687f579d-1680-4dd5-8b24-01f078298cef@group-E95DC8E8582E: changes role from CANDIDATE to FOLLOWER at term 150 for DISCOVERED_A_NEW_TERM
2019-11-05 11:28:41,088 [687f579d-1680-4dd5-8b24-01f078298cef@group-E95DC8E8582E-LeaderElection229] INFO  impl.RoleInfo (RoleInfo.java:shutdownLeaderElection(134)) - 687f579d-1680-4dd5-8b24-01f078298cef: shutdown LeaderElection
2019-11-05 11:28:41,088 [687f579d-1680-4dd5-8b24-01f078298cef@group-E95DC8E8582E-LeaderElection229] INFO  impl.RoleInfo (RoleInfo.java:updateAndGet(143)) - 687f579d-1680-4dd5-8b24-01f078298cef: start FollowerState
2019-11-05 11:28:41,139 [Thread-2126] INFO  impl.FollowerState (FollowerState.java:run(108)) - f7e9932d-fd96-469a-9353-68e47138e5ff@group-21C72E9484D5-FollowerState: change to CANDIDATE, lastRpcTime:151ms, electionTimeout:147ms
2019-11-05 11:28:41,139 [Thread-2126] INFO  impl.RoleInfo (RoleInfo.java:shutdownFollowerState(121)) - f7e9932d-fd96-469a-9353-68e47138e5ff: shutdown FollowerState
2019-11-05 11:28:41,139 [Thread-2126] INFO  impl.RaftServerImpl (RaftServerImpl.java:setRole(184)) - f7e9932d-fd96-469a-9353-68e47138e5ff@group-21C72E9484D5: changes role from  FOLLOWER to CANDIDATE at term 134 for changeToCandidate
2019-11-05 11:28:41,139 [Thread-2126] INFO  impl.RoleInfo (RoleInfo.java:updateAndGet(143)) - f7e9932d-fd96-469a-9353-68e47138e5ff: start LeaderElection
2019-11-05 11:28:41,185 [f7e9932d-fd96-469a-9353-68e47138e5ff@group-21C72E9484D5-LeaderElection230] INFO  impl.LeaderElection (LeaderElection.java:askForVotes(178)) - f7e9932d-fd96-469a-9353-68e47138e5ff@group-21C72E9484D5-LeaderElection230: begin an election at term 135 for -1: [f7e9932d-fd96-469a-9353-68e47138e5ff:192.168.157.252:45025, 1eca16cc-5184-4e43-8e55-175d1516eae4:192.168.157.252:41127, 74a8fb36-eab9-4c53-b7cf-c565055de05a:192.168.157.252:42370], old=null
2019-11-05 11:28:41,200 [grpc-default-executor-9] INFO  impl.RaftServerImpl (RaftServerImpl.java:setRole(184)) - 1eca16cc-5184-4e43-8e55-175d1516eae4@group-21C72E9484D5: changes role from  FOLLOWER to FOLLOWER at term 135 for recognizeCandidate:f7e9932d-fd96-469a-9353-68e47138e5ff
2019-11-05 11:28:41,200 [grpc-default-executor-9] INFO  impl.RoleInfo (RoleInfo.java:shutdownFollowerState(121)) - 1eca16cc-5184-4e43-8e55-175d1516eae4: shutdown FollowerState
2019-11-05 11:28:41,201 [grpc-default-executor-9] INFO  impl.RoleInfo (RoleInfo.java:updateAndGet(143)) - 1eca16cc-5184-4e43-8e55-175d1516eae4: start FollowerState
2019-11-05 11:28:41,201 [Thread-2125] INFO  impl.FollowerState (FollowerState.java:run(117)) - 1eca16cc-5184-4e43-8e55-175d1516eae4@group-21C72E9484D5-FollowerState was interrupted: java.lang.InterruptedException: sleep interrupted
2019-11-05 11:28:41,214 [grpc-default-executor-11] INFO  impl.RaftServerImpl (RaftServerImpl.java:setRole(184)) - 74a8fb36-eab9-4c53-b7cf-c565055de05a@group-21C72E9484D5: changes role from  FOLLOWER to FOLLOWER at term 135 for recognizeCandidate:f7e9932d-fd96-469a-9353-68e47138e5ff
2019-11-05 11:28:41,215 [grpc-default-executor-11] INFO  impl.RoleInfo (RoleInfo.java:shutdownFollowerState(121)) - 74a8fb36-eab9-4c53-b7cf-c565055de05a: shutdown FollowerState
2019-11-05 11:28:41,215 [grpc-default-executor-11] INFO  impl.RoleInfo (RoleInfo.java:updateAndGet(143)) - 74a8fb36-eab9-4c53-b7cf-c565055de05a: start FollowerState
2019-11-05 11:28:41,222 [Thread-2124] INFO  impl.FollowerState (FollowerState.java:run(117)) - 74a8fb36-eab9-4c53-b7cf-c565055de05a@group-21C72E9484D5-FollowerState was interrupted: java.lang.InterruptedException: sleep interrupted
2019-11-05 11:28:41,287 [f7e9932d-fd96-469a-9353-68e47138e5ff@group-21C72E9484D5-LeaderElection230] INFO  impl.LeaderElection (LeaderElection.java:logAndReturn(56)) - f7e9932d-fd96-469a-9353-68e47138e5ff@group-21C72E9484D5-LeaderElection230: Election REJECTED; received 2 response(s) [f7e9932d-fd96-469a-9353-68e47138e5ff<-1eca16cc-5184-4e43-8e55-175d1516eae4#0:FAIL-t135, f7e9932d-fd96-469a-9353-68e47138e5ff<-74a8fb36-eab9-4c53-b7cf-c565055de05a#0:FAIL-t135] and 0 exception(s); f7e9932d-fd96-469a-9353-68e47138e5ff@group-21C72E9484D5:t135, leader=null, voted=f7e9932d-fd96-469a-9353-68e47138e5ff, raftlog=f7e9932d-fd96-469a-9353-68e47138e5ff@group-21C72E9484D5-SegmentedRaftLog:OPENED:c-1,f-1,i0, conf=-1: [f7e9932d-fd96-469a-9353-68e47138e5ff:192.168.157.252:45025, 1eca16cc-5184-4e43-8e55-175d1516eae4:192.168.157.252:41127, 74a8fb36-eab9-4c53-b7cf-c565055de05a:192.168.157.252:42370], old=null
2019-11-05 11:28:41,287 [f7e9932d-fd96-469a-9353-68e47138e5ff@group-21C72E9484D5-LeaderElection230] INFO  impl.RaftServerImpl (RaftServerImpl.java:setRole(184)) - f7e9932d-fd96-469a-9353-68e47138e5ff@group-21C72E9484D5: changes role from CANDIDATE to FOLLOWER at term 135 for DISCOVERED_A_NEW_TERM
2019-11-05 11:28:41,288 [f7e9932d-fd96-469a-9353-68e47138e5ff@group-21C72E9484D5-LeaderElection230] INFO  impl.RoleInfo (RoleInfo.java:shutdownLeaderElection(134)) - f7e9932d-fd96-469a-9353-68e47138e5ff: shutdown LeaderElection
2019-11-05 11:28:41,288 [f7e9932d-fd96-469a-9353-68e47138e5ff@group-21C72E9484D5-LeaderElection230] INFO  impl.RoleInfo (RoleInfo.java:updateAndGet(143)) - f7e9932d-fd96-469a-9353-68e47138e5ff: start FollowerState
2019-11-05 11:28:41,300 [Thread-2132] INFO  impl.FollowerState (FollowerState.java:run(108)) - 687f579d-1680-4dd5-8b24-01f078298cef@group-E95DC8E8582E-FollowerState: change to CANDIDATE, lastRpcTime:212ms, electionTimeout:200ms
2019-11-05 11:28:41,300 [Thread-2132] INFO  impl.RoleInfo (RoleInfo.java:shutdownFollowerState(121)) - 687f579d-1680-4dd5-8b24-01f078298cef: shutdown FollowerState
2019-11-05 11:28:41,300 [Thread-2132] INFO  impl.RaftServerImpl (RaftServerImpl.java:setRole(184)) - 687f579d-1680-4dd5-8b24-01f078298cef@group-E95DC8E8582E: changes role from  FOLLOWER to CANDIDATE at term 150 for changeToCandidate
2019-11-05 11:28:41,301 [Thread-2132] INFO  impl.RoleInfo (RoleInfo.java:updateAndGet(143)) - 687f579d-1680-4dd5-8b24-01f078298cef: start LeaderElection
2019-11-05 11:28:41,370 [687f579d-1680-4dd5-8b24-01f078298cef@group-E95DC8E8582E-LeaderElection231] INFO  impl.LeaderElection (LeaderElection.java:askForVotes(178)) - 687f579d-1680-4dd5-8b24-01f078298cef@group-E95DC8E8582E-LeaderElection231: begin an election at term 151 for -1: [90ecfa43-dab6-49d9-b30c-40ef62bfdf2a:192.168.157.252:34192, 687f579d-1680-4dd5-8b24-01f078298cef:192.168.157.252:37962, b8bf4e9b-064a-4520-981c-d6c40c833497:192.168.157.252:43407], old=null
2019-11-05 11:28:41,373 [grpc-default-executor-11] INFO  impl.RaftServerImpl (RaftServerImpl.java:setRole(184)) - 90ecfa43-dab6-49d9-b30c-40ef62bfdf2a@group-E95DC8E8582E: changes role from  FOLLOWER to FOLLOWER at term 151 for recognizeCandidate:687f579d-1680-4dd5-8b24-01f078298cef
2019-11-05 11:28:41,373 [grpc-default-executor-11] INFO  impl.RoleInfo (RoleInfo.java:shutdownFollowerState(121)) - 90ecfa43-dab6-49d9-b30c-40ef62bfdf2a: shutdown FollowerState
2019-11-05 11:28:41,374 [grpc-default-executor-11] INFO  impl.RoleInfo (RoleInfo.java:updateAndGet(143)) - 90ecfa43-dab6-49d9-b30c-40ef62bfdf2a: start FollowerState
2019-11-05 11:28:41,377 [grpc-default-executor-9] INFO  impl.RaftServerImpl (RaftServerImpl.java:setRole(184)) - b8bf4e9b-064a-4520-981c-d6c40c833497@group-E95DC8E8582E: changes role from  FOLLOWER to FOLLOWER at term 151 for recognizeCandidate:687f579d-1680-4dd5-8b24-01f078298cef
2019-11-05 11:28:41,377 [grpc-default-executor-9] INFO  impl.RoleInfo (RoleInfo.java:shutdownFollowerState(121)) - b8bf4e9b-064a-4520-981c-d6c40c833497: shutdown FollowerState
2019-11-05 11:28:41,377 [grpc-default-executor-9] INFO  impl.RoleInfo (RoleInfo.java:updateAndGet(143)) - b8bf4e9b-064a-4520-981c-d6c40c833497: start FollowerState
2019-11-05 11:28:41,377 [Thread-2131] INFO  impl.FollowerState (FollowerState.java:run(117)) - b8bf4e9b-064a-4520-981c-d6c40c833497@group-E95DC8E8582E-FollowerState was interrupted: java.lang.InterruptedException: sleep interrupted
2019-11-05 11:28:41,395 [Thread-2130] INFO  impl.FollowerState (FollowerState.java:run(117)) - 90ecfa43-dab6-49d9-b30c-40ef62bfdf2a@group-E95DC8E8582E-FollowerState was interrupted: java.lang.InterruptedException: sleep interrupted
2019-11-05 11:28:41,401 [687f579d-1680-4dd5-8b24-01f078298cef@group-E95DC8E8582E-LeaderElection231] INFO  impl.LeaderElection (LeaderElection.java:logAndReturn(56)) - 687f579d-1680-4dd5-8b24-01f078298cef@group-E95DC8E8582E-LeaderElection231: Election REJECTED; received 2 response(s) [687f579d-1680-4dd5-8b24-01f078298cef<-90ecfa43-dab6-49d9-b30c-40ef62bfdf2a#0:FAIL-t151, 687f579d-1680-4dd5-8b24-01f078298cef<-b8bf4e9b-064a-4520-981c-d6c40c833497#0:FAIL-t151] and 0 exception(s); 687f579d-1680-4dd5-8b24-01f078298cef@group-E95DC8E8582E:t151, leader=null, voted=687f579d-1680-4dd5-8b24-01f078298cef, raftlog=687f579d-1680-4dd5-8b24-01f078298cef@group-E95DC8E8582E-SegmentedRaftLog:OPENED:c-1,f-1,i0, conf=-1: [90ecfa43-dab6-49d9-b30c-40ef62bfdf2a:192.168.157.252:34192, 687f579d-1680-4dd5-8b24-01f078298cef:192.168.157.252:37962, b8bf4e9b-064a-4520-981c-d6c40c833497:192.168.157.252:43407], old=null
2019-11-05 11:28:41,402 [687f579d-1680-4dd5-8b24-01f078298cef@group-E95DC8E8582E-LeaderElection231] INFO  impl.RaftServerImpl (RaftServerImpl.java:setRole(184)) - 687f579d-1680-4dd5-8b24-01f078298cef@group-E95DC8E8582E: changes role from CANDIDATE to FOLLOWER at term 151 for DISCOVERED_A_NEW_TERM
2019-11-05 11:28:41,402 [687f579d-1680-4dd5-8b24-01f078298cef@group-E95DC8E8582E-LeaderElection231] INFO  impl.RoleInfo (RoleInfo.java:shutdownLeaderElection(134)) - 687f579d-1680-4dd5-8b24-01f078298cef: shutdown LeaderElection
2019-11-05 11:28:41,402 [687f579d-1680-4dd5-8b24-01f078298cef@group-E95DC8E8582E-LeaderElection231] INFO  impl.RoleInfo (RoleInfo.java:updateAndGet(143)) - 687f579d-1680-4dd5-8b24-01f078298cef: start FollowerState
2019-11-05 11:28:41,483 [Thread-2144] INFO  impl.FollowerState (FollowerState.java:run(108)) - 687f579d-1680-4dd5-8b24-01f078298cef@group-E95DC8E8582E-FollowerState: change to CANDIDATE, lastRpcTime:81ms, electionTimeout:81ms
2019-11-05 11:28:41,484 [Thread-2144] INFO  impl.RoleInfo (RoleInfo.java:shutdownFollowerState(121)) - 687f579d-1680-4dd5-8b24-01f078298cef: shutdown FollowerState
2019-11-05 11:28:41,484 [Thread-2144] INFO  impl.RaftServerImpl (RaftServerImpl.java:setRole(184)) - 687f579d-1680-4dd5-8b24-01f078298cef@group-E95DC8E8582E: changes role from  FOLLOWER to CANDIDATE at term 151 for changeToCandidate
2019-11-05 11:28:41,484 [Thread-2144] INFO  impl.RoleInfo (RoleInfo.java:updateAndGet(143)) - 687f579d-1680-4dd5-8b24-01f078298cef: start LeaderElection
2019-11-05 11:28:41,489 [Thread-2138] INFO  impl.FollowerState (FollowerState.java:run(108)) - f7e9932d-fd96-469a-9353-68e47138e5ff@group-21C72E9484D5-FollowerState: change to CANDIDATE, lastRpcTime:201ms, electionTimeout:192ms
2019-11-05 11:28:41,489 [Thread-2138] INFO  impl.RoleInfo (RoleInfo.java:shutdownFollowerState(121)) - f7e9932d-fd96-469a-9353-68e47138e5ff: shutdown FollowerState
2019-11-05 11:28:41,490 [Thread-2138] INFO  impl.RaftServerImpl (RaftServerImpl.java:setRole(184)) - f7e9932d-fd96-469a-9353-68e47138e5ff@group-21C72E9484D5: changes role from  FOLLOWER to CANDIDATE at term 135 for changeToCandidate
2019-11-05 11:28:41,490 [Thread-2138] INFO  impl.RoleInfo (RoleInfo.java:updateAndGet(143)) - f7e9932d-fd96-469a-9353-68e47138e5ff: start LeaderElection
2019-11-05 11:28:41,499 [687f579d-1680-4dd5-8b24-01f078298cef@group-E95DC8E8582E-LeaderElection232] INFO  impl.LeaderElection (LeaderElection.java:askForVotes(178)) - 687f579d-1680-4dd5-8b24-01f078298cef@group-E95DC8E8582E-LeaderElection232: begin an election at term 152 for -1: [90ecfa43-dab6-49d9-b30c-40ef62bfdf2a:192.168.157.252:34192, 687f579d-1680-4dd5-8b24-01f078298cef:192.168.157.252:37962, b8bf4e9b-064a-4520-981c-d6c40c833497:192.168.157.252:43407], old=null
2019-11-05 11:28:41,499 [f7e9932d-fd96-469a-9353-68e47138e5ff@group-21C72E9484D5-LeaderElection233] INFO  impl.LeaderElection (LeaderElection.java:askForVotes(178)) - f7e9932d-fd96-469a-9353-68e47138e5ff@group-21C72E9484D5-LeaderElection233: begin an election at term 136 for -1: [f7e9932d-fd96-469a-9353-68e47138e5ff:192.168.157.252:45025, 1eca16cc-5184-4e43-8e55-175d1516eae4:192.168.157.252:41127, 74a8fb36-eab9-4c53-b7cf-c565055de05a:192.168.157.252:42370], old=null
2019-11-05 11:28:41,543 [grpc-default-executor-9] INFO  impl.RaftServerImpl (RaftServerImpl.java:setRole(184)) - 90ecfa43-dab6-49d9-b30c-40ef62bfdf2a@group-E95DC8E8582E: changes role from  FOLLOWER to FOLLOWER at term 152 for recognizeCandidate:687f579d-1680-4dd5-8b24-01f078298cef
2019-11-05 11:28:41,544 [grpc-default-executor-11] INFO  impl.RaftServerImpl (RaftServerImpl.java:setRole(184)) - 1eca16cc-5184-4e43-8e55-175d1516eae4@group-21C72E9484D5: changes role from  FOLLOWER to FOLLOWER at term 136 for recognizeCandidate:f7e9932d-fd96-469a-9353-68e47138e5ff
2019-11-05 11:28:41,544 [grpc-default-executor-11] INFO  impl.RoleInfo (RoleInfo.java:shutdownFollowerState(121)) - 1eca16cc-5184-4e43-8e55-175d1516eae4: shutdown FollowerState
2019-11-05 11:28:41,544 [grpc-default-executor-11] INFO  impl.RoleInfo (RoleInfo.java:updateAndGet(143)) - 1eca16cc-5184-4e43-8e55-175d1516eae4: start FollowerState
2019-11-05 11:28:41,544 [Thread-2136] INFO  impl.FollowerState (FollowerState.java:run(117)) - 1eca16cc-5184-4e43-8e55-175d1516eae4@group-21C72E9484D5-FollowerState was interrupted: java.lang.InterruptedException: sleep interrupted
2019-11-05 11:28:41,544 [grpc-default-executor-9] INFO  impl.RoleInfo (RoleInfo.java:shutdownFollowerState(121)) - 90ecfa43-dab6-49d9-b30c-40ef62bfdf2a: shutdown FollowerState
2019-11-05 11:28:41,545 [grpc-default-executor-9] INFO  impl.RoleInfo (RoleInfo.java:updateAndGet(143)) - 90ecfa43-dab6-49d9-b30c-40ef62bfdf2a: start FollowerState
2019-11-05 11:28:41,545 [Thread-2142] INFO  impl.FollowerState (FollowerState.java:run(117)) - 90ecfa43-dab6-49d9-b30c-40ef62bfdf2a@group-E95DC8E8582E-FollowerState was interrupted: java.lang.InterruptedException: sleep interrupted
2019-11-05 11:28:41,545 [grpc-default-executor-5] INFO  impl.RaftServerImpl (RaftServerImpl.java:setRole(184)) - 74a8fb36-eab9-4c53-b7cf-c565055de05a@group-21C72E9484D5: changes role from  FOLLOWER to FOLLOWER at term 136 for recognizeCandidate:f7e9932d-fd96-469a-9353-68e47138e5ff
2019-11-05 11:28:41,546 [grpc-default-executor-5] INFO  impl.RoleInfo (RoleInfo.java:shutdownFollowerState(121)) - 74a8fb36-eab9-4c53-b7cf-c565055de05a: shutdown FollowerState
2019-11-05 11:28:41,546 [grpc-default-executor-5] INFO  impl.RoleInfo (RoleInfo.java:updateAndGet(143)) - 74a8fb36-eab9-4c53-b7cf-c565055de05a: start FollowerState
2019-11-05 11:28:41,546 [Thread-2137] INFO  impl.FollowerState (FollowerState.java:run(117)) - 74a8fb36-eab9-4c53-b7cf-c565055de05a@group-21C72E9484D5-FollowerState was interrupted: java.lang.InterruptedException: sleep interrupted
2019-11-05 11:28:41,546 [grpc-default-executor-4] INFO  impl.RaftServerImpl (RaftServerImpl.java:setRole(184)) - b8bf4e9b-064a-4520-981c-d6c40c833497@group-E95DC8E8582E: changes role from  FOLLOWER to FOLLOWER at term 152 for recognizeCandidate:687f579d-1680-4dd5-8b24-01f078298cef
2019-11-05 11:28:41,546 [grpc-default-executor-4] INFO  impl.RoleInfo (RoleInfo.java:shutdownFollowerState(121)) - b8bf4e9b-064a-4520-981c-d6c40c833497: shutdown FollowerState
2019-11-05 11:28:41,547 [grpc-default-executor-4] INFO  impl.RoleInfo (RoleInfo.java:updateAndGet(143)) - b8bf4e9b-064a-4520-981c-d6c40c833497: start FollowerState
2019-11-05 11:28:41,547 [Thread-2143] INFO  impl.FollowerState (FollowerState.java:run(117)) - b8bf4e9b-064a-4520-981c-d6c40c833497@group-E95DC8E8582E-FollowerState was interrupted: java.lang.InterruptedException: sleep interrupted
2019-11-05 11:28:41,560 [f7e9932d-fd96-469a-9353-68e47138e5ff@group-21C72E9484D5-LeaderElection233] INFO  impl.LeaderElection (LeaderElection.java:logAndReturn(56)) - f7e9932d-fd96-469a-9353-68e47138e5ff@group-21C72E9484D5-LeaderElection233: Election REJECTED; received 2 response(s) [f7e9932d-fd96-469a-9353-68e47138e5ff<-1eca16cc-5184-4e43-8e55-175d1516eae4#0:FAIL-t136, f7e9932d-fd96-469a-9353-68e47138e5ff<-74a8fb36-eab9-4c53-b7cf-c565055de05a#0:FAIL-t136] and 0 exception(s); f7e9932d-fd96-469a-9353-68e47138e5ff@group-21C72E9484D5:t136, leader=null, voted=f7e9932d-fd96-469a-9353-68e47138e5ff, raftlog=f7e9932d-fd96-469a-9353-68e47138e5ff@group-21C72E9484D5-SegmentedRaftLog:OPENED:c-1,f-1,i0, conf=-1: [f7e9932d-fd96-469a-9353-68e47138e5ff:192.168.157.252:45025, 1eca16cc-5184-4e43-8e55-175d1516eae4:192.168.157.252:41127, 74a8fb36-eab9-4c53-b7cf-c565055de05a:192.168.157.252:42370], old=null
2019-11-05 11:28:41,560 [687f579d-1680-4dd5-8b24-01f078298cef@group-E95DC8E8582E-LeaderElection232] INFO  impl.LeaderElection (LeaderElection.java:logAndReturn(56)) - 687f579d-1680-4dd5-8b24-01f078298cef@group-E95DC8E8582E-LeaderElection232: Election REJECTED; received 2 response(s) [687f579d-1680-4dd5-8b24-01f078298cef<-90ecfa43-dab6-49d9-b30c-40ef62bfdf2a#0:FAIL-t152, 687f579d-1680-4dd5-8b24-01f078298cef<-b8bf4e9b-064a-4520-981c-d6c40c833497#0:FAIL-t152] and 0 exception(s); 687f579d-1680-4dd5-8b24-01f078298cef@group-E95DC8E8582E:t152, leader=null, voted=687f579d-1680-4dd5-8b24-01f078298cef, raftlog=687f579d-1680-4dd5-8b24-01f078298cef@group-E95DC8E8582E-SegmentedRaftLog:OPENED:c-1,f-1,i0, conf=-1: [90ecfa43-dab6-49d9-b30c-40ef62bfdf2a:192.168.157.252:34192, 687f579d-1680-4dd5-8b24-01f078298cef:192.168.157.252:37962, b8bf4e9b-064a-4520-981c-d6c40c833497:192.168.157.252:43407], old=null
2019-11-05 11:28:41,561 [687f579d-1680-4dd5-8b24-01f078298cef@group-E95DC8E8582E-LeaderElection232] INFO  impl.RaftServerImpl (RaftServerImpl.java:setRole(184)) - 687f579d-1680-4dd5-8b24-01f078298cef@group-E95DC8E8582E: changes role from CANDIDATE to FOLLOWER at term 152 for DISCOVERED_A_NEW_TERM
2019-11-05 11:28:41,562 [687f579d-1680-4dd5-8b24-01f078298cef@group-E95DC8E8582E-LeaderElection232] INFO  impl.RoleInfo (RoleInfo.java:shutdownLeaderElection(134)) - 687f579d-1680-4dd5-8b24-01f078298cef: shutdown LeaderElection
2019-11-05 11:28:41,562 [687f579d-1680-4dd5-8b24-01f078298cef@group-E95DC8E8582E-LeaderElection232] INFO  impl.RoleInfo (RoleInfo.java:updateAndGet(143)) - 687f579d-1680-4dd5-8b24-01f078298cef: start FollowerState
2019-11-05 11:28:41,561 [f7e9932d-fd96-469a-9353-68e47138e5ff@group-21C72E9484D5-LeaderElection233] INFO  impl.RaftServerImpl (RaftServerImpl.java:setRole(184)) - f7e9932d-fd96-469a-9353-68e47138e5ff@group-21C72E9484D5: changes role from CANDIDATE to FOLLOWER at term 136 for DISCOVERED_A_NEW_TERM
2019-11-05 11:28:41,562 [f7e9932d-fd96-469a-9353-68e47138e5ff@group-21C72E9484D5-LeaderElection233] INFO  impl.RoleInfo (RoleInfo.java:shutdownLeaderElection(134)) - f7e9932d-fd96-469a-9353-68e47138e5ff: shutdown LeaderElection
2019-11-05 11:28:41,563 [f7e9932d-fd96-469a-9353-68e47138e5ff@group-21C72E9484D5-LeaderElection233] INFO  impl.RoleInfo (RoleInfo.java:updateAndGet(143)) - f7e9932d-fd96-469a-9353-68e47138e5ff: start FollowerState
2019-11-05 11:28:41,660 [Thread-2155] INFO  impl.FollowerState (FollowerState.java:run(108)) - 687f579d-1680-4dd5-8b24-01f078298cef@group-E95DC8E8582E-FollowerState: change to CANDIDATE, lastRpcTime:98ms, electionTimeout:98ms
2019-11-05 11:28:41,661 [Thread-2155] INFO  impl.RoleInfo (RoleInfo.java:shutdownFollowerState(121)) - 687f579d-1680-4dd5-8b24-01f078298cef: shutdown FollowerState
2019-11-05 11:28:41,661 [Thread-2155] INFO  impl.RaftServerImpl (RaftServerImpl.java:setRole(184)) - 687f579d-1680-4dd5-8b24-01f078298cef@group-E95DC8E8582E: changes role from  FOLLOWER to CANDIDATE at term 152 for changeToCandidate
2019-11-05 11:28:41,661 [Thread-2155] INFO  impl.RoleInfo (RoleInfo.java:updateAndGet(143)) - 687f579d-1680-4dd5-8b24-01f078298cef: start LeaderElection
2019-11-05 11:28:41,675 [687f579d-1680-4dd5-8b24-01f078298cef@group-E95DC8E8582E-LeaderElection234] INFO  impl.LeaderElection (LeaderElection.java:askForVotes(178)) - 687f579d-1680-4dd5-8b24-01f078298cef@group-E95DC8E8582E-LeaderElection234: begin an election at term 153 for -1: [90ecfa43-dab6-49d9-b30c-40ef62bfdf2a:192.168.157.252:34192, 687f579d-1680-4dd5-8b24-01f078298cef:192.168.157.252:37962, b8bf4e9b-064a-4520-981c-d6c40c833497:192.168.157.252:43407], old=null
2019-11-05 11:28:41,678 [grpc-default-executor-11] INFO  impl.RaftServerImpl (RaftServerImpl.java:setRole(184)) - 90ecfa43-dab6-49d9-b30c-40ef62bfdf2a@group-E95DC8E8582E: changes role from  FOLLOWER to FOLLOWER at term 153 for recognizeCandidate:687f579d-1680-4dd5-8b24-01f078298cef
2019-11-05 11:28:41,678 [grpc-default-executor-11] INFO  impl.RoleInfo (RoleInfo.java:shutdownFollowerState(121)) - 90ecfa43-dab6-49d9-b30c-40ef62bfdf2a: shutdown FollowerState
2019-11-05 11:28:41,678 [grpc-default-executor-11] INFO  impl.RoleInfo (RoleInfo.java:updateAndGet(143)) - 90ecfa43-dab6-49d9-b30c-40ef62bfdf2a: start FollowerState
2019-11-05 11:28:41,679 [Thread-2152] INFO  impl.FollowerState (FollowerState.java:run(117)) - 90ecfa43-dab6-49d9-b30c-40ef62bfdf2a@group-E95DC8E8582E-FollowerState was interrupted: java.lang.InterruptedException: sleep interrupted
2019-11-05 11:28:41,679 [grpc-default-executor-4] INFO  impl.RaftServerImpl (RaftServerImpl.java:setRole(184)) - b8bf4e9b-064a-4520-981c-d6c40c833497@group-E95DC8E8582E: changes role from  FOLLOWER to FOLLOWER at term 153 for recognizeCandidate:687f579d-1680-4dd5-8b24-01f078298cef
2019-11-05 11:28:41,679 [grpc-default-executor-4] INFO  impl.RoleInfo (RoleInfo.java:shutdownFollowerState(121)) - b8bf4e9b-064a-4520-981c-d6c40c833497: shutdown FollowerState
2019-11-05 11:28:41,680 [grpc-default-executor-4] INFO  impl.RoleInfo (RoleInfo.java:updateAndGet(143)) - b8bf4e9b-064a-4520-981c-d6c40c833497: start FollowerState
2019-11-05 11:28:41,680 [Thread-2154] INFO  impl.FollowerState (FollowerState.java:run(117)) - b8bf4e9b-064a-4520-981c-d6c40c833497@group-E95DC8E8582E-FollowerState was interrupted: java.lang.InterruptedException: sleep interrupted
2019-11-05 11:28:41,697 [687f579d-1680-4dd5-8b24-01f078298cef@group-E95DC8E8582E-LeaderElection234] INFO  impl.LeaderElection (LeaderElection.java:logAndReturn(56)) - 687f579d-1680-4dd5-8b24-01f078298cef@group-E95DC8E8582E-LeaderElection234: Election REJECTED; received 2 response(s) [687f579d-1680-4dd5-8b24-01f078298cef<-90ecfa43-dab6-49d9-b30c-40ef62bfdf2a#0:FAIL-t153, 687f579d-1680-4dd5-8b24-01f078298cef<-b8bf4e9b-064a-4520-981c-d6c40c833497#0:FAIL-t153] and 0 exception(s); 687f579d-1680-4dd5-8b24-01f078298cef@group-E95DC8E8582E:t153, leader=null, voted=687f579d-1680-4dd5-8b24-01f078298cef, raftlog=687f579d-1680-4dd5-8b24-01f078298cef@group-E95DC8E8582E-SegmentedRaftLog:OPENED:c-1,f-1,i0, conf=-1: [90ecfa43-dab6-49d9-b30c-40ef62bfdf2a:192.168.157.252:34192, 687f579d-1680-4dd5-8b24-01f078298cef:192.168.157.252:37962, b8bf4e9b-064a-4520-981c-d6c40c833497:192.168.157.252:43407], old=null
2019-11-05 11:28:41,697 [687f579d-1680-4dd5-8b24-01f078298cef@group-E95DC8E8582E-LeaderElection234] INFO  impl.RaftServerImpl (RaftServerImpl.java:setRole(184)) - 687f579d-1680-4dd5-8b24-01f078298cef@group-E95DC8E8582E: changes role from CANDIDATE to FOLLOWER at term 153 for DISCOVERED_A_NEW_TERM
2019-11-05 11:28:41,698 [687f579d-1680-4dd5-8b24-01f078298cef@group-E95DC8E8582E-LeaderElection234] INFO  impl.RoleInfo (RoleInfo.java:shutdownLeaderElection(134)) - 687f579d-1680-4dd5-8b24-01f078298cef: shutdown LeaderElection
2019-11-05 11:28:41,698 [687f579d-1680-4dd5-8b24-01f078298cef@group-E95DC8E8582E-LeaderElection234] INFO  impl.RoleInfo (RoleInfo.java:updateAndGet(143)) - 687f579d-1680-4dd5-8b24-01f078298cef: start FollowerState
2019-11-05 11:28:41,716 [Thread-2084] INFO  impl.FollowerState (FollowerState.java:run(108)) - d8b77924-76ff-4932-a9fa-7ec761e4cf6b@group-0CA4D070D5C4-FollowerState: change to CANDIDATE, lastRpcTime:1214ms, electionTimeout:1200ms
2019-11-05 11:28:41,716 [Thread-2084] INFO  impl.RoleInfo (RoleInfo.java:shutdownFollowerState(121)) - d8b77924-76ff-4932-a9fa-7ec761e4cf6b: shutdown FollowerState
2019-11-05 11:28:41,716 [Thread-2084] INFO  impl.RaftServerImpl (RaftServerImpl.java:setRole(184)) - d8b77924-76ff-4932-a9fa-7ec761e4cf6b@group-0CA4D070D5C4: changes role from  FOLLOWER to CANDIDATE at term 5 for changeToCandidate
2019-11-05 11:28:41,717 [Thread-2084] INFO  impl.RoleInfo (RoleInfo.java:updateAndGet(143)) - d8b77924-76ff-4932-a9fa-7ec761e4cf6b: start LeaderElection
2019-11-05 11:28:41,756 [Thread-2156] INFO  impl.FollowerState (FollowerState.java:run(108)) - f7e9932d-fd96-469a-9353-68e47138e5ff@group-21C72E9484D5-FollowerState: change to CANDIDATE, lastRpcTime:193ms, electionTimeout:192ms
2019-11-05 11:28:41,757 [Thread-2156] INFO  impl.RoleInfo (RoleInfo.java:shutdownFollowerState(121)) - f7e9932d-fd96-469a-9353-68e47138e5ff: shutdown FollowerState
2019-11-05 11:28:41,757 [Thread-2156] INFO  impl.RaftServerImpl (RaftServerImpl.java:setRole(184)) - f7e9932d-fd96-469a-9353-68e47138e5ff@group-21C72E9484D5: changes role from  FOLLOWER to CANDIDATE at term 136 for changeToCandidate
2019-11-05 11:28:41,757 [Thread-2156] INFO  impl.RoleInfo (RoleInfo.java:updateAndGet(143)) - f7e9932d-fd96-469a-9353-68e47138e5ff: start LeaderElection
2019-11-05 11:28:41,774 [f7e9932d-fd96-469a-9353-68e47138e5ff@group-21C72E9484D5-LeaderElection236] INFO  impl.LeaderElection (LeaderElection.java:askForVotes(178)) - f7e9932d-fd96-469a-9353-68e47138e5ff@group-21C72E9484D5-LeaderElection236: begin an election at term 137 for -1: [f7e9932d-fd96-469a-9353-68e47138e5ff:192.168.157.252:45025, 1eca16cc-5184-4e43-8e55-175d1516eae4:192.168.157.252:41127, 74a8fb36-eab9-4c53-b7cf-c565055de05a:192.168.157.252:42370], old=null
2019-11-05 11:28:41,774 [d8b77924-76ff-4932-a9fa-7ec761e4cf6b@group-0CA4D070D5C4-LeaderElection235] INFO  impl.LeaderElection (LeaderElection.java:askForVotes(178)) - d8b77924-76ff-4932-a9fa-7ec761e4cf6b@group-0CA4D070D5C4-LeaderElection235: begin an election at term 6 for 0: [93bc9e78-ae56-4fee-a007-4b156d649157:192.168.157.252:38000, d8b77924-76ff-4932-a9fa-7ec761e4cf6b:192.168.157.252:40377, bd42c95e-cd41-4cbd-85b3-b330cc3c4f94:192.168.157.252:33158], old=null
2019-11-05 11:28:41,776 [grpc-default-executor-4] INFO  impl.RaftServerImpl (RaftServerImpl.java:setRole(184)) - 1eca16cc-5184-4e43-8e55-175d1516eae4@group-21C72E9484D5: changes role from  FOLLOWER to FOLLOWER at term 137 for recognizeCandidate:f7e9932d-fd96-469a-9353-68e47138e5ff
2019-11-05 11:28:41,776 [grpc-default-executor-4] INFO  impl.RoleInfo (RoleInfo.java:shutdownFollowerState(121)) - 1eca16cc-5184-4e43-8e55-175d1516eae4: shutdown FollowerState
2019-11-05 11:28:41,777 [grpc-default-executor-11] INFO  impl.RaftServerImpl (RaftServerImpl.java:setRole(184)) - 74a8fb36-eab9-4c53-b7cf-c565055de05a@group-21C72E9484D5: changes role from  FOLLOWER to FOLLOWER at term 137 for recognizeCandidate:f7e9932d-fd96-469a-9353-68e47138e5ff
2019-11-05 11:28:41,777 [grpc-default-executor-11] INFO  impl.RoleInfo (RoleInfo.java:shutdownFollowerState(121)) - 74a8fb36-eab9-4c53-b7cf-c565055de05a: shutdown FollowerState
2019-11-05 11:28:41,788 [grpc-default-executor-11] INFO  impl.RoleInfo (RoleInfo.java:updateAndGet(143)) - 74a8fb36-eab9-4c53-b7cf-c565055de05a: start FollowerState
2019-11-05 11:28:41,789 [Thread-2153] INFO  impl.FollowerState (FollowerState.java:run(117)) - 74a8fb36-eab9-4c53-b7cf-c565055de05a@group-21C72E9484D5-FollowerState was interrupted: java.lang.InterruptedException: sleep interrupted
2019-11-05 11:28:41,789 [grpc-default-executor-4] INFO  impl.RoleInfo (RoleInfo.java:updateAndGet(143)) - 1eca16cc-5184-4e43-8e55-175d1516eae4: start FollowerState
2019-11-05 11:28:41,790 [Thread-2151] INFO  impl.FollowerState (FollowerState.java:run(117)) - 1eca16cc-5184-4e43-8e55-175d1516eae4@group-21C72E9484D5-FollowerState was interrupted: java.lang.InterruptedException: sleep interrupted
2019-11-05 11:28:41,791 [d8b77924-76ff-4932-a9fa-7ec761e4cf6b@group-0CA4D070D5C4-LeaderElection235] INFO  impl.LeaderElection (LogUtils.java:infoOrTrace(149)) - d8b77924-76ff-4932-a9fa-7ec761e4cf6b@group-0CA4D070D5C4-LeaderElection235 got exception when requesting votes: {}
java.util.concurrent.ExecutionException: org.apache.ratis.thirdparty.io.grpc.StatusRuntimeException: UNAVAILABLE: io exception
	at java.util.concurrent.FutureTask.report(FutureTask.java:122)
	at java.util.concurrent.FutureTask.get(FutureTask.java:192)
	at org.apache.ratis.server.impl.LeaderElection.waitForResults(LeaderElection.java:259)
	at org.apache.ratis.server.impl.LeaderElection.askForVotes(LeaderElection.java:197)
	at org.apache.ratis.server.impl.LeaderElection.run(LeaderElection.java:133)
	at java.lang.Thread.run(Thread.java:748)
Caused by: org.apache.ratis.thirdparty.io.grpc.StatusRuntimeException: UNAVAILABLE: io exception
	at org.apache.ratis.thirdparty.io.grpc.stub.ClientCalls.toStatusRuntimeException(ClientCalls.java:233)
	at org.apache.ratis.thirdparty.io.grpc.stub.ClientCalls.getUnchecked(ClientCalls.java:214)
	at org.apache.ratis.thirdparty.io.grpc.stub.ClientCalls.blockingUnaryCall(ClientCalls.java:139)
	at org.apache.ratis.proto.grpc.RaftServerProtocolServiceGrpc$RaftServerProtocolServiceBlockingStub.requestVote(RaftServerProtocolServiceGrpc.java:265)
	at org.apache.ratis.grpc.server.GrpcServerProtocolClient.requestVote(GrpcServerProtocolClient.java:99)
	at org.apache.ratis.grpc.server.GrpcService.requestVote(GrpcService.java:204)
	at org.apache.ratis.server.impl.LeaderElection.lambda$submitRequests$1(LeaderElection.java:234)
	at java.util.concurrent.FutureTask.run(FutureTask.java:266)
	at java.util.concurrent.Executors$RunnableAdapter.call(Executors.java:511)
	at java.util.concurrent.FutureTask.run(FutureTask.java:266)
	at java.util.concurrent.ThreadPoolExecutor.runWorker(ThreadPoolExecutor.java:1149)
	at java.util.concurrent.ThreadPoolExecutor$Worker.run(ThreadPoolExecutor.java:624)
	... 1 more
Caused by: org.apache.ratis.thirdparty.io.netty.channel.AbstractChannel$AnnotatedConnectException: Connection refused: /192.168.157.252:33158
	at sun.nio.ch.SocketChannelImpl.checkConnect(Native Method)
	at sun.nio.ch.SocketChannelImpl.finishConnect(SocketChannelImpl.java:717)
	at org.apache.ratis.thirdparty.io.netty.channel.socket.nio.NioSocketChannel.doFinishConnect(NioSocketChannel.java:327)
	at org.apache.ratis.thirdparty.io.netty.channel.nio.AbstractNioChannel$AbstractNioUnsafe.finishConnect(AbstractNioChannel.java:340)
	at org.apache.ratis.thirdparty.io.netty.channel.nio.NioEventLoop.processSelectedKey(NioEventLoop.java:632)
	at org.apache.ratis.thirdparty.io.netty.channel.nio.NioEventLoop.processSelectedKeysOptimized(NioEventLoop.java:579)
	at org.apache.ratis.thirdparty.io.netty.channel.nio.NioEventLoop.processSelectedKeys(NioEventLoop.java:496)
	at org.apache.ratis.thirdparty.io.netty.channel.nio.NioEventLoop.run(NioEventLoop.java:458)
	at org.apache.ratis.thirdparty.io.netty.util.concurrent.SingleThreadEventExecutor$5.run(SingleThreadEventExecutor.java:897)
	at org.apache.ratis.thirdparty.io.netty.util.concurrent.FastThreadLocalRunnable.run(FastThreadLocalRunnable.java:30)
	... 1 more
Caused by: java.net.ConnectException: Connection refused
	... 11 more
2019-11-05 11:28:41,815 [d8b77924-76ff-4932-a9fa-7ec761e4cf6b@group-0CA4D070D5C4-LeaderElection235] INFO  impl.LeaderElection (LogUtils.java:infoOrTrace(149)) - d8b77924-76ff-4932-a9fa-7ec761e4cf6b@group-0CA4D070D5C4-LeaderElection235 got exception when requesting votes: {}
java.util.concurrent.ExecutionException: org.apache.ratis.thirdparty.io.grpc.StatusRuntimeException: UNAVAILABLE: io exception
	at java.util.concurrent.FutureTask.report(FutureTask.java:122)
	at java.util.concurrent.FutureTask.get(FutureTask.java:192)
	at org.apache.ratis.server.impl.LeaderElection.waitForResults(LeaderElection.java:259)
	at org.apache.ratis.server.impl.LeaderElection.askForVotes(LeaderElection.java:197)
	at org.apache.ratis.server.impl.LeaderElection.run(LeaderElection.java:133)
	at java.lang.Thread.run(Thread.java:748)
Caused by: org.apache.ratis.thirdparty.io.grpc.StatusRuntimeException: UNAVAILABLE: io exception
	at org.apache.ratis.thirdparty.io.grpc.stub.ClientCalls.toStatusRuntimeException(ClientCalls.java:233)
	at org.apache.ratis.thirdparty.io.grpc.stub.ClientCalls.getUnchecked(ClientCalls.java:214)
	at org.apache.ratis.thirdparty.io.grpc.stub.ClientCalls.blockingUnaryCall(ClientCalls.java:139)
	at org.apache.ratis.proto.grpc.RaftServerProtocolServiceGrpc$RaftServerProtocolServiceBlockingStub.requestVote(RaftServerProtocolServiceGrpc.java:265)
	at org.apache.ratis.grpc.server.GrpcServerProtocolClient.requestVote(GrpcServerProtocolClient.java:99)
	at org.apache.ratis.grpc.server.GrpcService.requestVote(GrpcService.java:204)
	at org.apache.ratis.server.impl.LeaderElection.lambda$submitRequests$1(LeaderElection.java:234)
	at java.util.concurrent.FutureTask.run(FutureTask.java:266)
	at java.util.concurrent.Executors$RunnableAdapter.call(Executors.java:511)
	at java.util.concurrent.FutureTask.run(FutureTask.java:266)
	at java.util.concurrent.ThreadPoolExecutor.runWorker(ThreadPoolExecutor.java:1149)
	at java.util.concurrent.ThreadPoolExecutor$Worker.run(ThreadPoolExecutor.java:624)
	... 1 more
Caused by: org.apache.ratis.thirdparty.io.netty.channel.AbstractChannel$AnnotatedConnectException: Connection refused: /192.168.157.252:38000
	at sun.nio.ch.SocketChannelImpl.checkConnect(Native Method)
	at sun.nio.ch.SocketChannelImpl.finishConnect(SocketChannelImpl.java:717)
	at org.apache.ratis.thirdparty.io.netty.channel.socket.nio.NioSocketChannel.doFinishConnect(NioSocketChannel.java:327)
	at org.apache.ratis.thirdparty.io.netty.channel.nio.AbstractNioChannel$AbstractNioUnsafe.finishConnect(AbstractNioChannel.java:340)
	at org.apache.ratis.thirdparty.io.netty.channel.nio.NioEventLoop.processSelectedKey(NioEventLoop.java:632)
	at org.apache.ratis.thirdparty.io.netty.channel.nio.NioEventLoop.processSelectedKeysOptimized(NioEventLoop.java:579)
	at org.apache.ratis.thirdparty.io.netty.channel.nio.NioEventLoop.processSelectedKeys(NioEventLoop.java:496)
	at org.apache.ratis.thirdparty.io.netty.channel.nio.NioEventLoop.run(NioEventLoop.java:458)
	at org.apache.ratis.thirdparty.io.netty.util.concurrent.SingleThreadEventExecutor$5.run(SingleThreadEventExecutor.java:897)
	at org.apache.ratis.thirdparty.io.netty.util.concurrent.FastThreadLocalRunnable.run(FastThreadLocalRunnable.java:30)
	... 1 more
Caused by: java.net.ConnectException: Connection refused
	... 11 more
2019-11-05 11:28:41,836 [d8b77924-76ff-4932-a9fa-7ec761e4cf6b@group-0CA4D070D5C4-LeaderElection235] INFO  impl.LeaderElection (LeaderElection.java:logAndReturn(56)) - d8b77924-76ff-4932-a9fa-7ec761e4cf6b@group-0CA4D070D5C4-LeaderElection235: Election REJECTED; received 0 response(s) [] and 2 exception(s); d8b77924-76ff-4932-a9fa-7ec761e4cf6b@group-0CA4D070D5C4:t6, leader=null, voted=d8b77924-76ff-4932-a9fa-7ec761e4cf6b, raftlog=d8b77924-76ff-4932-a9fa-7ec761e4cf6b@group-0CA4D070D5C4-SegmentedRaftLog:OPENED:c20,f20,i20, conf=0: [93bc9e78-ae56-4fee-a007-4b156d649157:192.168.157.252:38000, d8b77924-76ff-4932-a9fa-7ec761e4cf6b:192.168.157.252:40377, bd42c95e-cd41-4cbd-85b3-b330cc3c4f94:192.168.157.252:33158], old=null
2019-11-05 11:28:41,836 [d8b77924-76ff-4932-a9fa-7ec761e4cf6b@group-0CA4D070D5C4-LeaderElection235] INFO  impl.LeaderElection (LogUtils.java:infoOrTrace(149)) -   Exception 0: {}
java.util.concurrent.ExecutionException: org.apache.ratis.thirdparty.io.grpc.StatusRuntimeException: UNAVAILABLE: io exception
	at java.util.concurrent.FutureTask.report(FutureTask.java:122)
	at java.util.concurrent.FutureTask.get(FutureTask.java:192)
	at org.apache.ratis.server.impl.LeaderElection.waitForResults(LeaderElection.java:259)
	at org.apache.ratis.server.impl.LeaderElection.askForVotes(LeaderElection.java:197)
	at org.apache.ratis.server.impl.LeaderElection.run(LeaderElection.java:133)
	at java.lang.Thread.run(Thread.java:748)
Caused by: org.apache.ratis.thirdparty.io.grpc.StatusRuntimeException: UNAVAILABLE: io exception
	at org.apache.ratis.thirdparty.io.grpc.stub.ClientCalls.toStatusRuntimeException(ClientCalls.java:233)
	at org.apache.ratis.thirdparty.io.grpc.stub.ClientCalls.getUnchecked(ClientCalls.java:214)
	at org.apache.ratis.thirdparty.io.grpc.stub.ClientCalls.blockingUnaryCall(ClientCalls.java:139)
	at org.apache.ratis.proto.grpc.RaftServerProtocolServiceGrpc$RaftServerProtocolServiceBlockingStub.requestVote(RaftServerProtocolServiceGrpc.java:265)
	at org.apache.ratis.grpc.server.GrpcServerProtocolClient.requestVote(GrpcServerProtocolClient.java:99)
	at org.apache.ratis.grpc.server.GrpcService.requestVote(GrpcService.java:204)
	at org.apache.ratis.server.impl.LeaderElection.lambda$submitRequests$1(LeaderElection.java:234)
	at java.util.concurrent.FutureTask.run(FutureTask.java:266)
	at java.util.concurrent.Executors$RunnableAdapter.call(Executors.java:511)
	at java.util.concurrent.FutureTask.run(FutureTask.java:266)
	at java.util.concurrent.ThreadPoolExecutor.runWorker(ThreadPoolExecutor.java:1149)
	at java.util.concurrent.ThreadPoolExecutor$Worker.run(ThreadPoolExecutor.java:624)
	... 1 more
Caused by: org.apache.ratis.thirdparty.io.netty.channel.AbstractChannel$AnnotatedConnectException: Connection refused: /192.168.157.252:33158
	at sun.nio.ch.SocketChannelImpl.checkConnect(Native Method)
	at sun.nio.ch.SocketChannelImpl.finishConnect(SocketChannelImpl.java:717)
	at org.apache.ratis.thirdparty.io.netty.channel.socket.nio.NioSocketChannel.doFinishConnect(NioSocketChannel.java:327)
	at org.apache.ratis.thirdparty.io.netty.channel.nio.AbstractNioChannel$AbstractNioUnsafe.finishConnect(AbstractNioChannel.java:340)
	at org.apache.ratis.thirdparty.io.netty.channel.nio.NioEventLoop.processSelectedKey(NioEventLoop.java:632)
	at org.apache.ratis.thirdparty.io.netty.channel.nio.NioEventLoop.processSelectedKeysOptimized(NioEventLoop.java:579)
	at org.apache.ratis.thirdparty.io.netty.channel.nio.NioEventLoop.processSelectedKeys(NioEventLoop.java:496)
	at org.apache.ratis.thirdparty.io.netty.channel.nio.NioEventLoop.run(NioEventLoop.java:458)
	at org.apache.ratis.thirdparty.io.netty.util.concurrent.SingleThreadEventExecutor$5.run(SingleThreadEventExecutor.java:897)
	at org.apache.ratis.thirdparty.io.netty.util.concurrent.FastThreadLocalRunnable.run(FastThreadLocalRunnable.java:30)
	... 1 more
Caused by: java.net.ConnectException: Connection refused
	... 11 more
2019-11-05 11:28:41,837 [d8b77924-76ff-4932-a9fa-7ec761e4cf6b@group-0CA4D070D5C4-LeaderElection235] INFO  impl.LeaderElection (LogUtils.java:infoOrTrace(149)) -   Exception 1: {}
java.util.concurrent.ExecutionException: org.apache.ratis.thirdparty.io.grpc.StatusRuntimeException: UNAVAILABLE: io exception
	at java.util.concurrent.FutureTask.report(FutureTask.java:122)
	at java.util.concurrent.FutureTask.get(FutureTask.java:192)
	at org.apache.ratis.server.impl.LeaderElection.waitForResults(LeaderElection.java:259)
	at org.apache.ratis.server.impl.LeaderElection.askForVotes(LeaderElection.java:197)
	at org.apache.ratis.server.impl.LeaderElection.run(LeaderElection.java:133)
	at java.lang.Thread.run(Thread.java:748)
Caused by: org.apache.ratis.thirdparty.io.grpc.StatusRuntimeException: UNAVAILABLE: io exception
	at org.apache.ratis.thirdparty.io.grpc.stub.ClientCalls.toStatusRuntimeException(ClientCalls.java:233)
	at org.apache.ratis.thirdparty.io.grpc.stub.ClientCalls.getUnchecked(ClientCalls.java:214)
	at org.apache.ratis.thirdparty.io.grpc.stub.ClientCalls.blockingUnaryCall(ClientCalls.java:139)
	at org.apache.ratis.proto.grpc.RaftServerProtocolServiceGrpc$RaftServerProtocolServiceBlockingStub.requestVote(RaftServerProtocolServiceGrpc.java:265)
	at org.apache.ratis.grpc.server.GrpcServerProtocolClient.requestVote(GrpcServerProtocolClient.java:99)
	at org.apache.ratis.grpc.server.GrpcService.requestVote(GrpcService.java:204)
	at org.apache.ratis.server.impl.LeaderElection.lambda$submitRequests$1(LeaderElection.java:234)
	at java.util.concurrent.FutureTask.run(FutureTask.java:266)
	at java.util.concurrent.Executors$RunnableAdapter.call(Executors.java:511)
	at java.util.concurrent.FutureTask.run(FutureTask.java:266)
	at java.util.concurrent.ThreadPoolExecutor.runWorker(ThreadPoolExecutor.java:1149)
	at java.util.concurrent.ThreadPoolExecutor$Worker.run(ThreadPoolExecutor.java:624)
	... 1 more
Caused by: org.apache.ratis.thirdparty.io.netty.channel.AbstractChannel$AnnotatedConnectException: Connection refused: /192.168.157.252:38000
	at sun.nio.ch.SocketChannelImpl.checkConnect(Native Method)
	at sun.nio.ch.SocketChannelImpl.finishConnect(SocketChannelImpl.java:717)
	at org.apache.ratis.thirdparty.io.netty.channel.socket.nio.NioSocketChannel.doFinishConnect(NioSocketChannel.java:327)
	at org.apache.ratis.thirdparty.io.netty.channel.nio.AbstractNioChannel$AbstractNioUnsafe.finishConnect(AbstractNioChannel.java:340)
	at org.apache.ratis.thirdparty.io.netty.channel.nio.NioEventLoop.processSelectedKey(NioEventLoop.java:632)
	at org.apache.ratis.thirdparty.io.netty.channel.nio.NioEventLoop.processSelectedKeysOptimized(NioEventLoop.java:579)
	at org.apache.ratis.thirdparty.io.netty.channel.nio.NioEventLoop.processSelectedKeys(NioEventLoop.java:496)
	at org.apache.ratis.thirdparty.io.netty.channel.nio.NioEventLoop.run(NioEventLoop.java:458)
	at org.apache.ratis.thirdparty.io.netty.util.concurrent.SingleThreadEventExecutor$5.run(SingleThreadEventExecutor.java:897)
	at org.apache.ratis.thirdparty.io.netty.util.concurrent.FastThreadLocalRunnable.run(FastThreadLocalRunnable.java:30)
	... 1 more
Caused by: java.net.ConnectException: Connection refused
	... 11 more
2019-11-05 11:28:41,837 [d8b77924-76ff-4932-a9fa-7ec761e4cf6b@group-0CA4D070D5C4-LeaderElection235] INFO  impl.RaftServerImpl (RaftServerImpl.java:setRole(184)) - d8b77924-76ff-4932-a9fa-7ec761e4cf6b@group-0CA4D070D5C4: changes role from CANDIDATE to FOLLOWER at term 6 for DISCOVERED_A_NEW_TERM
2019-11-05 11:28:41,840 [d8b77924-76ff-4932-a9fa-7ec761e4cf6b@group-0CA4D070D5C4-LeaderElection235] INFO  impl.RoleInfo (RoleInfo.java:shutdownLeaderElection(134)) - d8b77924-76ff-4932-a9fa-7ec761e4cf6b: shutdown LeaderElection
2019-11-05 11:28:41,840 [f7e9932d-fd96-469a-9353-68e47138e5ff@group-21C72E9484D5-LeaderElection236] INFO  impl.LeaderElection (LeaderElection.java:logAndReturn(56)) - f7e9932d-fd96-469a-9353-68e47138e5ff@group-21C72E9484D5-LeaderElection236: Election REJECTED; received 2 response(s) [f7e9932d-fd96-469a-9353-68e47138e5ff<-1eca16cc-5184-4e43-8e55-175d1516eae4#0:FAIL-t137, f7e9932d-fd96-469a-9353-68e47138e5ff<-74a8fb36-eab9-4c53-b7cf-c565055de05a#0:FAIL-t137] and 0 exception(s); f7e9932d-fd96-469a-9353-68e47138e5ff@group-21C72E9484D5:t137, leader=null, voted=f7e9932d-fd96-469a-9353-68e47138e5ff, raftlog=f7e9932d-fd96-469a-9353-68e47138e5ff@group-21C72E9484D5-SegmentedRaftLog:OPENED:c-1,f-1,i0, conf=-1: [f7e9932d-fd96-469a-9353-68e47138e5ff:192.168.157.252:45025, 1eca16cc-5184-4e43-8e55-175d1516eae4:192.168.157.252:41127, 74a8fb36-eab9-4c53-b7cf-c565055de05a:192.168.157.252:42370], old=null
2019-11-05 11:28:41,841 [d8b77924-76ff-4932-a9fa-7ec761e4cf6b@group-0CA4D070D5C4-LeaderElection235] INFO  impl.RoleInfo (RoleInfo.java:updateAndGet(143)) - d8b77924-76ff-4932-a9fa-7ec761e4cf6b: start FollowerState
2019-11-05 11:28:41,841 [f7e9932d-fd96-469a-9353-68e47138e5ff@group-21C72E9484D5-LeaderElection236] INFO  impl.RaftServerImpl (RaftServerImpl.java:setRole(184)) - f7e9932d-fd96-469a-9353-68e47138e5ff@group-21C72E9484D5: changes role from CANDIDATE to FOLLOWER at term 137 for DISCOVERED_A_NEW_TERM
2019-11-05 11:28:41,841 [f7e9932d-fd96-469a-9353-68e47138e5ff@group-21C72E9484D5-LeaderElection236] INFO  impl.RoleInfo (RoleInfo.java:shutdownLeaderElection(134)) - f7e9932d-fd96-469a-9353-68e47138e5ff: shutdown LeaderElection
2019-11-05 11:28:41,855 [f7e9932d-fd96-469a-9353-68e47138e5ff@group-21C72E9484D5-LeaderElection236] INFO  impl.RoleInfo (RoleInfo.java:updateAndGet(143)) - f7e9932d-fd96-469a-9353-68e47138e5ff: start FollowerState
2019-11-05 11:28:41,876 [Thread-2162] INFO  impl.FollowerState (FollowerState.java:run(108)) - 687f579d-1680-4dd5-8b24-01f078298cef@group-E95DC8E8582E-FollowerState: change to CANDIDATE, lastRpcTime:177ms, electionTimeout:177ms
2019-11-05 11:28:41,876 [Thread-2162] INFO  impl.RoleInfo (RoleInfo.java:shutdownFollowerState(121)) - 687f579d-1680-4dd5-8b24-01f078298cef: shutdown FollowerState
2019-11-05 11:28:41,876 [Thread-2162] INFO  impl.RaftServerImpl (RaftServerImpl.java:setRole(184)) - 687f579d-1680-4dd5-8b24-01f078298cef@group-E95DC8E8582E: changes role from  FOLLOWER to CANDIDATE at term 153 for changeToCandidate
2019-11-05 11:28:41,876 [Thread-2162] INFO  impl.RoleInfo (RoleInfo.java:updateAndGet(143)) - 687f579d-1680-4dd5-8b24-01f078298cef: start LeaderElection
2019-11-05 11:28:41,913 [Thread-2172] INFO  impl.FollowerState (FollowerState.java:run(108)) - f7e9932d-fd96-469a-9353-68e47138e5ff@group-21C72E9484D5-FollowerState: change to CANDIDATE, lastRpcTime:58ms, electionTimeout:54ms
2019-11-05 11:28:41,913 [Thread-2172] INFO  impl.RoleInfo (RoleInfo.java:shutdownFollowerState(121)) - f7e9932d-fd96-469a-9353-68e47138e5ff: shutdown FollowerState
2019-11-05 11:28:41,913 [Thread-2172] INFO  impl.RaftServerImpl (RaftServerImpl.java:setRole(184)) - f7e9932d-fd96-469a-9353-68e47138e5ff@group-21C72E9484D5: changes role from  FOLLOWER to CANDIDATE at term 137 for changeToCandidate
2019-11-05 11:28:41,914 [Thread-2172] INFO  impl.RoleInfo (RoleInfo.java:updateAndGet(143)) - f7e9932d-fd96-469a-9353-68e47138e5ff: start LeaderElection
2019-11-05 11:28:41,916 [687f579d-1680-4dd5-8b24-01f078298cef@group-E95DC8E8582E-LeaderElection237] INFO  impl.LeaderElection (LeaderElection.java:askForVotes(178)) - 687f579d-1680-4dd5-8b24-01f078298cef@group-E95DC8E8582E-LeaderElection237: begin an election at term 154 for -1: [90ecfa43-dab6-49d9-b30c-40ef62bfdf2a:192.168.157.252:34192, 687f579d-1680-4dd5-8b24-01f078298cef:192.168.157.252:37962, b8bf4e9b-064a-4520-981c-d6c40c833497:192.168.157.252:43407], old=null
2019-11-05 11:28:41,919 [grpc-default-executor-4] INFO  impl.RaftServerImpl (RaftServerImpl.java:setRole(184)) - 90ecfa43-dab6-49d9-b30c-40ef62bfdf2a@group-E95DC8E8582E: changes role from  FOLLOWER to FOLLOWER at term 154 for recognizeCandidate:687f579d-1680-4dd5-8b24-01f078298cef
2019-11-05 11:28:41,919 [grpc-default-executor-4] INFO  impl.RoleInfo (RoleInfo.java:shutdownFollowerState(121)) - 90ecfa43-dab6-49d9-b30c-40ef62bfdf2a: shutdown FollowerState
2019-11-05 11:28:41,920 [grpc-default-executor-4] INFO  impl.RoleInfo (RoleInfo.java:updateAndGet(143)) - 90ecfa43-dab6-49d9-b30c-40ef62bfdf2a: start FollowerState
2019-11-05 11:28:41,921 [grpc-default-executor-11] INFO  impl.RaftServerImpl (RaftServerImpl.java:setRole(184)) - b8bf4e9b-064a-4520-981c-d6c40c833497@group-E95DC8E8582E: changes role from  FOLLOWER to FOLLOWER at term 154 for recognizeCandidate:687f579d-1680-4dd5-8b24-01f078298cef
2019-11-05 11:28:41,921 [grpc-default-executor-11] INFO  impl.RoleInfo (RoleInfo.java:shutdownFollowerState(121)) - b8bf4e9b-064a-4520-981c-d6c40c833497: shutdown FollowerState
2019-11-05 11:28:41,921 [Thread-2160] INFO  impl.FollowerState (FollowerState.java:run(117)) - 90ecfa43-dab6-49d9-b30c-40ef62bfdf2a@group-E95DC8E8582E-FollowerState was interrupted: java.lang.InterruptedException: sleep interrupted
2019-11-05 11:28:41,931 [grpc-default-executor-11] INFO  impl.RoleInfo (RoleInfo.java:updateAndGet(143)) - b8bf4e9b-064a-4520-981c-d6c40c833497: start FollowerState
2019-11-05 11:28:41,931 [Thread-2161] INFO  impl.FollowerState (FollowerState.java:run(117)) - b8bf4e9b-064a-4520-981c-d6c40c833497@group-E95DC8E8582E-FollowerState was interrupted: java.lang.InterruptedException: sleep interrupted
2019-11-05 11:28:41,934 [f7e9932d-fd96-469a-9353-68e47138e5ff@group-21C72E9484D5-LeaderElection238] INFO  impl.LeaderElection (LeaderElection.java:askForVotes(178)) - f7e9932d-fd96-469a-9353-68e47138e5ff@group-21C72E9484D5-LeaderElection238: begin an election at term 138 for -1: [f7e9932d-fd96-469a-9353-68e47138e5ff:192.168.157.252:45025, 1eca16cc-5184-4e43-8e55-175d1516eae4:192.168.157.252:41127, 74a8fb36-eab9-4c53-b7cf-c565055de05a:192.168.157.252:42370], old=null
2019-11-05 11:28:41,938 [grpc-default-executor-9] INFO  impl.RaftServerImpl (RaftServerImpl.java:setRole(184)) - 1eca16cc-5184-4e43-8e55-175d1516eae4@group-21C72E9484D5: changes role from  FOLLOWER to FOLLOWER at term 138 for recognizeCandidate:f7e9932d-fd96-469a-9353-68e47138e5ff
2019-11-05 11:28:41,938 [grpc-default-executor-9] INFO  impl.RoleInfo (RoleInfo.java:shutdownFollowerState(121)) - 1eca16cc-5184-4e43-8e55-175d1516eae4: shutdown FollowerState
2019-11-05 11:28:41,938 [grpc-default-executor-9] INFO  impl.RoleInfo (RoleInfo.java:updateAndGet(143)) - 1eca16cc-5184-4e43-8e55-175d1516eae4: start FollowerState
2019-11-05 11:28:41,939 [grpc-default-executor-5] INFO  impl.RaftServerImpl (RaftServerImpl.java:setRole(184)) - 74a8fb36-eab9-4c53-b7cf-c565055de05a@group-21C72E9484D5: changes role from  FOLLOWER to FOLLOWER at term 138 for recognizeCandidate:f7e9932d-fd96-469a-9353-68e47138e5ff
2019-11-05 11:28:41,939 [grpc-default-executor-5] INFO  impl.RoleInfo (RoleInfo.java:shutdownFollowerState(121)) - 74a8fb36-eab9-4c53-b7cf-c565055de05a: shutdown FollowerState
2019-11-05 11:28:41,939 [Thread-2169] INFO  impl.FollowerState (FollowerState.java:run(117)) - 1eca16cc-5184-4e43-8e55-175d1516eae4@group-21C72E9484D5-FollowerState was interrupted: java.lang.InterruptedException: sleep interrupted
2019-11-05 11:28:41,948 [grpc-default-executor-5] INFO  impl.RoleInfo (RoleInfo.java:updateAndGet(143)) - 74a8fb36-eab9-4c53-b7cf-c565055de05a: start FollowerState
2019-11-05 11:28:41,948 [Thread-2168] INFO  impl.FollowerState (FollowerState.java:run(117)) - 74a8fb36-eab9-4c53-b7cf-c565055de05a@group-21C72E9484D5-FollowerState was interrupted: java.lang.InterruptedException: sleep interrupted
2019-11-05 11:28:41,960 [687f579d-1680-4dd5-8b24-01f078298cef@group-E95DC8E8582E-LeaderElection237] INFO  impl.LeaderElection (LeaderElection.java:logAndReturn(56)) - 687f579d-1680-4dd5-8b24-01f078298cef@group-E95DC8E8582E-LeaderElection237: Election REJECTED; received 2 response(s) [687f579d-1680-4dd5-8b24-01f078298cef<-90ecfa43-dab6-49d9-b30c-40ef62bfdf2a#0:FAIL-t154, 687f579d-1680-4dd5-8b24-01f078298cef<-b8bf4e9b-064a-4520-981c-d6c40c833497#0:FAIL-t154] and 0 exception(s); 687f579d-1680-4dd5-8b24-01f078298cef@group-E95DC8E8582E:t154, leader=null, voted=687f579d-1680-4dd5-8b24-01f078298cef, raftlog=687f579d-1680-4dd5-8b24-01f078298cef@group-E95DC8E8582E-SegmentedRaftLog:OPENED:c-1,f-1,i0, conf=-1: [90ecfa43-dab6-49d9-b30c-40ef62bfdf2a:192.168.157.252:34192, 687f579d-1680-4dd5-8b24-01f078298cef:192.168.157.252:37962, b8bf4e9b-064a-4520-981c-d6c40c833497:192.168.157.252:43407], old=null
2019-11-05 11:28:41,961 [687f579d-1680-4dd5-8b24-01f078298cef@group-E95DC8E8582E-LeaderElection237] INFO  impl.RaftServerImpl (RaftServerImpl.java:setRole(184)) - 687f579d-1680-4dd5-8b24-01f078298cef@group-E95DC8E8582E: changes role from CANDIDATE to FOLLOWER at term 154 for DISCOVERED_A_NEW_TERM
2019-11-05 11:28:41,961 [687f579d-1680-4dd5-8b24-01f078298cef@group-E95DC8E8582E-LeaderElection237] INFO  impl.RoleInfo (RoleInfo.java:shutdownLeaderElection(134)) - 687f579d-1680-4dd5-8b24-01f078298cef: shutdown LeaderElection
2019-11-05 11:28:41,961 [687f579d-1680-4dd5-8b24-01f078298cef@group-E95DC8E8582E-LeaderElection237] INFO  impl.RoleInfo (RoleInfo.java:updateAndGet(143)) - 687f579d-1680-4dd5-8b24-01f078298cef: start FollowerState
2019-11-05 11:28:41,993 [f7e9932d-fd96-469a-9353-68e47138e5ff@group-21C72E9484D5-LeaderElection238] INFO  impl.LeaderElection (LeaderElection.java:logAndReturn(56)) - f7e9932d-fd96-469a-9353-68e47138e5ff@group-21C72E9484D5-LeaderElection238: Election REJECTED; received 2 response(s) [f7e9932d-fd96-469a-9353-68e47138e5ff<-1eca16cc-5184-4e43-8e55-175d1516eae4#0:FAIL-t138, f7e9932d-fd96-469a-9353-68e47138e5ff<-74a8fb36-eab9-4c53-b7cf-c565055de05a#0:FAIL-t138] and 0 exception(s); f7e9932d-fd96-469a-9353-68e47138e5ff@group-21C72E9484D5:t138, leader=null, voted=f7e9932d-fd96-469a-9353-68e47138e5ff, raftlog=f7e9932d-fd96-469a-9353-68e47138e5ff@group-21C72E9484D5-SegmentedRaftLog:OPENED:c-1,f-1,i0, conf=-1: [f7e9932d-fd96-469a-9353-68e47138e5ff:192.168.157.252:45025, 1eca16cc-5184-4e43-8e55-175d1516eae4:192.168.157.252:41127, 74a8fb36-eab9-4c53-b7cf-c565055de05a:192.168.157.252:42370], old=null
2019-11-05 11:28:41,994 [f7e9932d-fd96-469a-9353-68e47138e5ff@group-21C72E9484D5-LeaderElection238] INFO  impl.RaftServerImpl (RaftServerImpl.java:setRole(184)) - f7e9932d-fd96-469a-9353-68e47138e5ff@group-21C72E9484D5: changes role from CANDIDATE to FOLLOWER at term 138 for DISCOVERED_A_NEW_TERM
2019-11-05 11:28:41,994 [f7e9932d-fd96-469a-9353-68e47138e5ff@group-21C72E9484D5-LeaderElection238] INFO  impl.RoleInfo (RoleInfo.java:shutdownLeaderElection(134)) - f7e9932d-fd96-469a-9353-68e47138e5ff: shutdown LeaderElection
2019-11-05 11:28:41,994 [f7e9932d-fd96-469a-9353-68e47138e5ff@group-21C72E9484D5-LeaderElection238] INFO  impl.RoleInfo (RoleInfo.java:updateAndGet(143)) - f7e9932d-fd96-469a-9353-68e47138e5ff: start FollowerState
2019-11-05 11:28:42,096 [Thread-2183] INFO  impl.FollowerState (FollowerState.java:run(108)) - 687f579d-1680-4dd5-8b24-01f078298cef@group-E95DC8E8582E-FollowerState: change to CANDIDATE, lastRpcTime:134ms, electionTimeout:130ms
2019-11-05 11:28:42,096 [Thread-2183] INFO  impl.RoleInfo (RoleInfo.java:shutdownFollowerState(121)) - 687f579d-1680-4dd5-8b24-01f078298cef: shutdown FollowerState
2019-11-05 11:28:42,096 [Thread-2183] INFO  impl.RaftServerImpl (RaftServerImpl.java:setRole(184)) - 687f579d-1680-4dd5-8b24-01f078298cef@group-E95DC8E8582E: changes role from  FOLLOWER to CANDIDATE at term 154 for changeToCandidate
2019-11-05 11:28:42,097 [Thread-2183] INFO  impl.RoleInfo (RoleInfo.java:updateAndGet(143)) - 687f579d-1680-4dd5-8b24-01f078298cef: start LeaderElection
2019-11-05 11:28:42,113 [687f579d-1680-4dd5-8b24-01f078298cef@group-E95DC8E8582E-LeaderElection239] INFO  impl.LeaderElection (LeaderElection.java:askForVotes(178)) - 687f579d-1680-4dd5-8b24-01f078298cef@group-E95DC8E8582E-LeaderElection239: begin an election at term 155 for -1: [90ecfa43-dab6-49d9-b30c-40ef62bfdf2a:192.168.157.252:34192, 687f579d-1680-4dd5-8b24-01f078298cef:192.168.157.252:37962, b8bf4e9b-064a-4520-981c-d6c40c833497:192.168.157.252:43407], old=null
2019-11-05 11:28:42,115 [grpc-default-executor-5] INFO  impl.RaftServerImpl (RaftServerImpl.java:setRole(184)) - b8bf4e9b-064a-4520-981c-d6c40c833497@group-E95DC8E8582E: changes role from  FOLLOWER to FOLLOWER at term 155 for recognizeCandidate:687f579d-1680-4dd5-8b24-01f078298cef
2019-11-05 11:28:42,115 [grpc-default-executor-9] INFO  impl.RaftServerImpl (RaftServerImpl.java:setRole(184)) - 90ecfa43-dab6-49d9-b30c-40ef62bfdf2a@group-E95DC8E8582E: changes role from  FOLLOWER to FOLLOWER at term 155 for recognizeCandidate:687f579d-1680-4dd5-8b24-01f078298cef
2019-11-05 11:28:42,115 [grpc-default-executor-5] INFO  impl.RoleInfo (RoleInfo.java:shutdownFollowerState(121)) - b8bf4e9b-064a-4520-981c-d6c40c833497: shutdown FollowerState
2019-11-05 11:28:42,115 [grpc-default-executor-9] INFO  impl.RoleInfo (RoleInfo.java:shutdownFollowerState(121)) - 90ecfa43-dab6-49d9-b30c-40ef62bfdf2a: shutdown FollowerState
2019-11-05 11:28:42,116 [grpc-default-executor-5] INFO  impl.RoleInfo (RoleInfo.java:updateAndGet(143)) - b8bf4e9b-064a-4520-981c-d6c40c833497: start FollowerState
2019-11-05 11:28:42,116 [grpc-default-executor-9] INFO  impl.RoleInfo (RoleInfo.java:updateAndGet(143)) - 90ecfa43-dab6-49d9-b30c-40ef62bfdf2a: start FollowerState
2019-11-05 11:28:42,116 [Thread-2178] INFO  impl.FollowerState (FollowerState.java:run(117)) - b8bf4e9b-064a-4520-981c-d6c40c833497@group-E95DC8E8582E-FollowerState was interrupted: java.lang.InterruptedException: sleep interrupted
2019-11-05 11:28:42,116 [Thread-2177] INFO  impl.FollowerState (FollowerState.java:run(117)) - 90ecfa43-dab6-49d9-b30c-40ef62bfdf2a@group-E95DC8E8582E-FollowerState was interrupted: java.lang.InterruptedException: sleep interrupted
2019-11-05 11:28:42,127 [687f579d-1680-4dd5-8b24-01f078298cef@group-E95DC8E8582E-LeaderElection239] INFO  impl.LeaderElection (LeaderElection.java:logAndReturn(56)) - 687f579d-1680-4dd5-8b24-01f078298cef@group-E95DC8E8582E-LeaderElection239: Election TIMEOUT; received 0 response(s) [] and 0 exception(s); 687f579d-1680-4dd5-8b24-01f078298cef@group-E95DC8E8582E:t155, leader=null, voted=687f579d-1680-4dd5-8b24-01f078298cef, raftlog=687f579d-1680-4dd5-8b24-01f078298cef@group-E95DC8E8582E-SegmentedRaftLog:OPENED:c-1,f-1,i0, conf=-1: [90ecfa43-dab6-49d9-b30c-40ef62bfdf2a:192.168.157.252:34192, 687f579d-1680-4dd5-8b24-01f078298cef:192.168.157.252:37962, b8bf4e9b-064a-4520-981c-d6c40c833497:192.168.157.252:43407], old=null
2019-11-05 11:28:42,142 [Thread-2184] INFO  impl.FollowerState (FollowerState.java:run(108)) - f7e9932d-fd96-469a-9353-68e47138e5ff@group-21C72E9484D5-FollowerState: change to CANDIDATE, lastRpcTime:148ms, electionTimeout:141ms
2019-11-05 11:28:42,143 [687f579d-1680-4dd5-8b24-01f078298cef@group-E95DC8E8582E-LeaderElection239] INFO  impl.LeaderElection (LeaderElection.java:askForVotes(178)) - 687f579d-1680-4dd5-8b24-01f078298cef@group-E95DC8E8582E-LeaderElection239: begin an election at term 156 for -1: [90ecfa43-dab6-49d9-b30c-40ef62bfdf2a:192.168.157.252:34192, 687f579d-1680-4dd5-8b24-01f078298cef:192.168.157.252:37962, b8bf4e9b-064a-4520-981c-d6c40c833497:192.168.157.252:43407], old=null
2019-11-05 11:28:42,143 [Thread-2184] INFO  impl.RoleInfo (RoleInfo.java:shutdownFollowerState(121)) - f7e9932d-fd96-469a-9353-68e47138e5ff: shutdown FollowerState
2019-11-05 11:28:42,143 [Thread-2184] INFO  impl.RaftServerImpl (RaftServerImpl.java:setRole(184)) - f7e9932d-fd96-469a-9353-68e47138e5ff@group-21C72E9484D5: changes role from  FOLLOWER to CANDIDATE at term 138 for changeToCandidate
2019-11-05 11:28:42,143 [Thread-2184] INFO  impl.RoleInfo (RoleInfo.java:updateAndGet(143)) - f7e9932d-fd96-469a-9353-68e47138e5ff: start LeaderElection
2019-11-05 11:28:42,145 [grpc-default-executor-5] INFO  impl.RaftServerImpl (RaftServerImpl.java:setRole(184)) - 90ecfa43-dab6-49d9-b30c-40ef62bfdf2a@group-E95DC8E8582E: changes role from  FOLLOWER to FOLLOWER at term 156 for recognizeCandidate:687f579d-1680-4dd5-8b24-01f078298cef
2019-11-05 11:28:42,146 [grpc-default-executor-5] INFO  impl.RoleInfo (RoleInfo.java:shutdownFollowerState(121)) - 90ecfa43-dab6-49d9-b30c-40ef62bfdf2a: shutdown FollowerState
2019-11-05 11:28:42,146 [grpc-default-executor-5] INFO  impl.RoleInfo (RoleInfo.java:updateAndGet(143)) - 90ecfa43-dab6-49d9-b30c-40ef62bfdf2a: start FollowerState
2019-11-05 11:28:42,146 [Thread-2189] INFO  impl.FollowerState (FollowerState.java:run(117)) - 90ecfa43-dab6-49d9-b30c-40ef62bfdf2a@group-E95DC8E8582E-FollowerState was interrupted: java.lang.InterruptedException: sleep interrupted
2019-11-05 11:28:42,147 [grpc-default-executor-9] INFO  impl.RaftServerImpl (RaftServerImpl.java:setRole(184)) - b8bf4e9b-064a-4520-981c-d6c40c833497@group-E95DC8E8582E: changes role from  FOLLOWER to FOLLOWER at term 156 for recognizeCandidate:687f579d-1680-4dd5-8b24-01f078298cef
2019-11-05 11:28:42,147 [grpc-default-executor-9] INFO  impl.RoleInfo (RoleInfo.java:shutdownFollowerState(121)) - b8bf4e9b-064a-4520-981c-d6c40c833497: shutdown FollowerState
2019-11-05 11:28:42,147 [grpc-default-executor-9] INFO  impl.RoleInfo (RoleInfo.java:updateAndGet(143)) - b8bf4e9b-064a-4520-981c-d6c40c833497: start FollowerState
2019-11-05 11:28:42,147 [Thread-2188] INFO  impl.FollowerState (FollowerState.java:run(117)) - b8bf4e9b-064a-4520-981c-d6c40c833497@group-E95DC8E8582E-FollowerState was interrupted: java.lang.InterruptedException: sleep interrupted
2019-11-05 11:28:42,158 [687f579d-1680-4dd5-8b24-01f078298cef@group-E95DC8E8582E-LeaderElection239] INFO  impl.LeaderElection (LeaderElection.java:logAndReturn(56)) - 687f579d-1680-4dd5-8b24-01f078298cef@group-E95DC8E8582E-LeaderElection239: Election REJECTED; received 2 response(s) [687f579d-1680-4dd5-8b24-01f078298cef<-90ecfa43-dab6-49d9-b30c-40ef62bfdf2a#0:FAIL-t156, 687f579d-1680-4dd5-8b24-01f078298cef<-b8bf4e9b-064a-4520-981c-d6c40c833497#0:FAIL-t156] and 0 exception(s); 687f579d-1680-4dd5-8b24-01f078298cef@group-E95DC8E8582E:t156, leader=null, voted=687f579d-1680-4dd5-8b24-01f078298cef, raftlog=687f579d-1680-4dd5-8b24-01f078298cef@group-E95DC8E8582E-SegmentedRaftLog:OPENED:c-1,f-1,i0, conf=-1: [90ecfa43-dab6-49d9-b30c-40ef62bfdf2a:192.168.157.252:34192, 687f579d-1680-4dd5-8b24-01f078298cef:192.168.157.252:37962, b8bf4e9b-064a-4520-981c-d6c40c833497:192.168.157.252:43407], old=null
2019-11-05 11:28:42,158 [687f579d-1680-4dd5-8b24-01f078298cef@group-E95DC8E8582E-LeaderElection239] INFO  impl.RaftServerImpl (RaftServerImpl.java:setRole(184)) - 687f579d-1680-4dd5-8b24-01f078298cef@group-E95DC8E8582E: changes role from CANDIDATE to FOLLOWER at term 156 for DISCOVERED_A_NEW_TERM
2019-11-05 11:28:42,158 [687f579d-1680-4dd5-8b24-01f078298cef@group-E95DC8E8582E-LeaderElection239] INFO  impl.RoleInfo (RoleInfo.java:shutdownLeaderElection(134)) - 687f579d-1680-4dd5-8b24-01f078298cef: shutdown LeaderElection
2019-11-05 11:28:42,158 [687f579d-1680-4dd5-8b24-01f078298cef@group-E95DC8E8582E-LeaderElection239] INFO  impl.RoleInfo (RoleInfo.java:updateAndGet(143)) - 687f579d-1680-4dd5-8b24-01f078298cef: start FollowerState
2019-11-05 11:28:42,164 [f7e9932d-fd96-469a-9353-68e47138e5ff@group-21C72E9484D5-LeaderElection240] INFO  impl.LeaderElection (LeaderElection.java:askForVotes(178)) - f7e9932d-fd96-469a-9353-68e47138e5ff@group-21C72E9484D5-LeaderElection240: begin an election at term 139 for -1: [f7e9932d-fd96-469a-9353-68e47138e5ff:192.168.157.252:45025, 1eca16cc-5184-4e43-8e55-175d1516eae4:192.168.157.252:41127, 74a8fb36-eab9-4c53-b7cf-c565055de05a:192.168.157.252:42370], old=null
2019-11-05 11:28:42,166 [grpc-default-executor-5] INFO  impl.RaftServerImpl (RaftServerImpl.java:setRole(184)) - 1eca16cc-5184-4e43-8e55-175d1516eae4@group-21C72E9484D5: changes role from  FOLLOWER to FOLLOWER at term 139 for recognizeCandidate:f7e9932d-fd96-469a-9353-68e47138e5ff
2019-11-05 11:28:42,167 [grpc-default-executor-5] INFO  impl.RoleInfo (RoleInfo.java:shutdownFollowerState(121)) - 1eca16cc-5184-4e43-8e55-175d1516eae4: shutdown FollowerState
2019-11-05 11:28:42,167 [grpc-default-executor-5] INFO  impl.RoleInfo (RoleInfo.java:updateAndGet(143)) - 1eca16cc-5184-4e43-8e55-175d1516eae4: start FollowerState
2019-11-05 11:28:42,167 [Thread-2181] INFO  impl.FollowerState (FollowerState.java:run(117)) - 1eca16cc-5184-4e43-8e55-175d1516eae4@group-21C72E9484D5-FollowerState was interrupted: java.lang.InterruptedException: sleep interrupted
2019-11-05 11:28:42,168 [grpc-default-executor-9] INFO  impl.RaftServerImpl (RaftServerImpl.java:setRole(184)) - 74a8fb36-eab9-4c53-b7cf-c565055de05a@group-21C72E9484D5: changes role from  FOLLOWER to FOLLOWER at term 139 for recognizeCandidate:f7e9932d-fd96-469a-9353-68e47138e5ff
2019-11-05 11:28:42,168 [grpc-default-executor-9] INFO  impl.RoleInfo (RoleInfo.java:shutdownFollowerState(121)) - 74a8fb36-eab9-4c53-b7cf-c565055de05a: shutdown FollowerState
2019-11-05 11:28:42,168 [grpc-default-executor-9] INFO  impl.RoleInfo (RoleInfo.java:updateAndGet(143)) - 74a8fb36-eab9-4c53-b7cf-c565055de05a: start FollowerState
2019-11-05 11:28:42,168 [Thread-2182] INFO  impl.FollowerState (FollowerState.java:run(117)) - 74a8fb36-eab9-4c53-b7cf-c565055de05a@group-21C72E9484D5-FollowerState was interrupted: java.lang.InterruptedException: sleep interrupted
2019-11-05 11:28:42,209 [f7e9932d-fd96-469a-9353-68e47138e5ff@group-21C72E9484D5-LeaderElection240] INFO  impl.LeaderElection (LeaderElection.java:logAndReturn(56)) - f7e9932d-fd96-469a-9353-68e47138e5ff@group-21C72E9484D5-LeaderElection240: Election REJECTED; received 2 response(s) [f7e9932d-fd96-469a-9353-68e47138e5ff<-1eca16cc-5184-4e43-8e55-175d1516eae4#0:FAIL-t139, f7e9932d-fd96-469a-9353-68e47138e5ff<-74a8fb36-eab9-4c53-b7cf-c565055de05a#0:FAIL-t139] and 0 exception(s); f7e9932d-fd96-469a-9353-68e47138e5ff@group-21C72E9484D5:t139, leader=null, voted=f7e9932d-fd96-469a-9353-68e47138e5ff, raftlog=f7e9932d-fd96-469a-9353-68e47138e5ff@group-21C72E9484D5-SegmentedRaftLog:OPENED:c-1,f-1,i0, conf=-1: [f7e9932d-fd96-469a-9353-68e47138e5ff:192.168.157.252:45025, 1eca16cc-5184-4e43-8e55-175d1516eae4:192.168.157.252:41127, 74a8fb36-eab9-4c53-b7cf-c565055de05a:192.168.157.252:42370], old=null
2019-11-05 11:28:42,210 [f7e9932d-fd96-469a-9353-68e47138e5ff@group-21C72E9484D5-LeaderElection240] INFO  impl.RaftServerImpl (RaftServerImpl.java:setRole(184)) - f7e9932d-fd96-469a-9353-68e47138e5ff@group-21C72E9484D5: changes role from CANDIDATE to FOLLOWER at term 139 for DISCOVERED_A_NEW_TERM
2019-11-05 11:28:42,210 [f7e9932d-fd96-469a-9353-68e47138e5ff@group-21C72E9484D5-LeaderElection240] INFO  impl.RoleInfo (RoleInfo.java:shutdownLeaderElection(134)) - f7e9932d-fd96-469a-9353-68e47138e5ff: shutdown LeaderElection
2019-11-05 11:28:42,210 [f7e9932d-fd96-469a-9353-68e47138e5ff@group-21C72E9484D5-LeaderElection240] INFO  impl.RoleInfo (RoleInfo.java:updateAndGet(143)) - f7e9932d-fd96-469a-9353-68e47138e5ff: start FollowerState
2019-11-05 11:28:42,221 [Thread-2200] INFO  impl.FollowerState (FollowerState.java:run(108)) - f7e9932d-fd96-469a-9353-68e47138e5ff@group-21C72E9484D5-FollowerState: change to CANDIDATE, lastRpcTime:10ms, electionTimeout:10ms
2019-11-05 11:28:42,221 [Thread-2200] INFO  impl.RoleInfo (RoleInfo.java:shutdownFollowerState(121)) - f7e9932d-fd96-469a-9353-68e47138e5ff: shutdown FollowerState
2019-11-05 11:28:42,221 [Thread-2200] INFO  impl.RaftServerImpl (RaftServerImpl.java:setRole(184)) - f7e9932d-fd96-469a-9353-68e47138e5ff@group-21C72E9484D5: changes role from  FOLLOWER to CANDIDATE at term 139 for changeToCandidate
2019-11-05 11:28:42,221 [Thread-2200] INFO  impl.RoleInfo (RoleInfo.java:updateAndGet(143)) - f7e9932d-fd96-469a-9353-68e47138e5ff: start LeaderElection
2019-11-05 11:28:42,249 [f7e9932d-fd96-469a-9353-68e47138e5ff@group-21C72E9484D5-LeaderElection241] INFO  impl.LeaderElection (LeaderElection.java:askForVotes(178)) - f7e9932d-fd96-469a-9353-68e47138e5ff@group-21C72E9484D5-LeaderElection241: begin an election at term 140 for -1: [f7e9932d-fd96-469a-9353-68e47138e5ff:192.168.157.252:45025, 1eca16cc-5184-4e43-8e55-175d1516eae4:192.168.157.252:41127, 74a8fb36-eab9-4c53-b7cf-c565055de05a:192.168.157.252:42370], old=null
2019-11-05 11:28:42,253 [grpc-default-executor-5] INFO  impl.RaftServerImpl (RaftServerImpl.java:setRole(184)) - 74a8fb36-eab9-4c53-b7cf-c565055de05a@group-21C72E9484D5: changes role from  FOLLOWER to FOLLOWER at term 140 for recognizeCandidate:f7e9932d-fd96-469a-9353-68e47138e5ff
2019-11-05 11:28:42,253 [grpc-default-executor-5] INFO  impl.RoleInfo (RoleInfo.java:shutdownFollowerState(121)) - 74a8fb36-eab9-4c53-b7cf-c565055de05a: shutdown FollowerState
2019-11-05 11:28:42,253 [grpc-default-executor-5] INFO  impl.RoleInfo (RoleInfo.java:updateAndGet(143)) - 74a8fb36-eab9-4c53-b7cf-c565055de05a: start FollowerState
2019-11-05 11:28:42,255 [grpc-default-executor-9] INFO  impl.RaftServerImpl (RaftServerImpl.java:setRole(184)) - 1eca16cc-5184-4e43-8e55-175d1516eae4@group-21C72E9484D5: changes role from  FOLLOWER to FOLLOWER at term 140 for recognizeCandidate:f7e9932d-fd96-469a-9353-68e47138e5ff
2019-11-05 11:28:42,255 [grpc-default-executor-9] INFO  impl.RoleInfo (RoleInfo.java:shutdownFollowerState(121)) - 1eca16cc-5184-4e43-8e55-175d1516eae4: shutdown FollowerState
2019-11-05 11:28:42,255 [grpc-default-executor-9] INFO  impl.RoleInfo (RoleInfo.java:updateAndGet(143)) - 1eca16cc-5184-4e43-8e55-175d1516eae4: start FollowerState
2019-11-05 11:28:42,255 [Thread-2198] INFO  impl.FollowerState (FollowerState.java:run(117)) - 1eca16cc-5184-4e43-8e55-175d1516eae4@group-21C72E9484D5-FollowerState was interrupted: java.lang.InterruptedException: sleep interrupted
2019-11-05 11:28:42,256 [Thread-2199] INFO  impl.FollowerState (FollowerState.java:run(117)) - 74a8fb36-eab9-4c53-b7cf-c565055de05a@group-21C72E9484D5-FollowerState was interrupted: java.lang.InterruptedException: sleep interrupted
2019-11-05 11:28:42,269 [f7e9932d-fd96-469a-9353-68e47138e5ff@group-21C72E9484D5-LeaderElection241] INFO  impl.LeaderElection (LeaderElection.java:logAndReturn(56)) - f7e9932d-fd96-469a-9353-68e47138e5ff@group-21C72E9484D5-LeaderElection241: Election REJECTED; received 2 response(s) [f7e9932d-fd96-469a-9353-68e47138e5ff<-1eca16cc-5184-4e43-8e55-175d1516eae4#0:FAIL-t140, f7e9932d-fd96-469a-9353-68e47138e5ff<-74a8fb36-eab9-4c53-b7cf-c565055de05a#0:FAIL-t140] and 0 exception(s); f7e9932d-fd96-469a-9353-68e47138e5ff@group-21C72E9484D5:t140, leader=null, voted=f7e9932d-fd96-469a-9353-68e47138e5ff, raftlog=f7e9932d-fd96-469a-9353-68e47138e5ff@group-21C72E9484D5-SegmentedRaftLog:OPENED:c-1,f-1,i0, conf=-1: [f7e9932d-fd96-469a-9353-68e47138e5ff:192.168.157.252:45025, 1eca16cc-5184-4e43-8e55-175d1516eae4:192.168.157.252:41127, 74a8fb36-eab9-4c53-b7cf-c565055de05a:192.168.157.252:42370], old=null
2019-11-05 11:28:42,269 [f7e9932d-fd96-469a-9353-68e47138e5ff@group-21C72E9484D5-LeaderElection241] INFO  impl.RaftServerImpl (RaftServerImpl.java:setRole(184)) - f7e9932d-fd96-469a-9353-68e47138e5ff@group-21C72E9484D5: changes role from CANDIDATE to FOLLOWER at term 140 for DISCOVERED_A_NEW_TERM
2019-11-05 11:28:42,269 [f7e9932d-fd96-469a-9353-68e47138e5ff@group-21C72E9484D5-LeaderElection241] INFO  impl.RoleInfo (RoleInfo.java:shutdownLeaderElection(134)) - f7e9932d-fd96-469a-9353-68e47138e5ff: shutdown LeaderElection
2019-11-05 11:28:42,269 [f7e9932d-fd96-469a-9353-68e47138e5ff@group-21C72E9484D5-LeaderElection241] INFO  impl.RoleInfo (RoleInfo.java:updateAndGet(143)) - f7e9932d-fd96-469a-9353-68e47138e5ff: start FollowerState
2019-11-05 11:28:42,282 [Thread-2195] INFO  impl.FollowerState (FollowerState.java:run(108)) - 687f579d-1680-4dd5-8b24-01f078298cef@group-E95DC8E8582E-FollowerState: change to CANDIDATE, lastRpcTime:123ms, electionTimeout:123ms
2019-11-05 11:28:42,282 [Thread-2195] INFO  impl.RoleInfo (RoleInfo.java:shutdownFollowerState(121)) - 687f579d-1680-4dd5-8b24-01f078298cef: shutdown FollowerState
2019-11-05 11:28:42,282 [Thread-2195] INFO  impl.RaftServerImpl (RaftServerImpl.java:setRole(184)) - 687f579d-1680-4dd5-8b24-01f078298cef@group-E95DC8E8582E: changes role from  FOLLOWER to CANDIDATE at term 156 for changeToCandidate
2019-11-05 11:28:42,282 [Thread-2195] INFO  impl.RoleInfo (RoleInfo.java:updateAndGet(143)) - 687f579d-1680-4dd5-8b24-01f078298cef: start LeaderElection
2019-11-05 11:28:42,296 [687f579d-1680-4dd5-8b24-01f078298cef@group-E95DC8E8582E-LeaderElection242] INFO  impl.LeaderElection (LeaderElection.java:askForVotes(178)) - 687f579d-1680-4dd5-8b24-01f078298cef@group-E95DC8E8582E-LeaderElection242: begin an election at term 157 for -1: [90ecfa43-dab6-49d9-b30c-40ef62bfdf2a:192.168.157.252:34192, 687f579d-1680-4dd5-8b24-01f078298cef:192.168.157.252:37962, b8bf4e9b-064a-4520-981c-d6c40c833497:192.168.157.252:43407], old=null
2019-11-05 11:28:42,298 [grpc-default-executor-9] INFO  impl.RaftServerImpl (RaftServerImpl.java:setRole(184)) - b8bf4e9b-064a-4520-981c-d6c40c833497@group-E95DC8E8582E: changes role from  FOLLOWER to FOLLOWER at term 157 for recognizeCandidate:687f579d-1680-4dd5-8b24-01f078298cef
2019-11-05 11:28:42,298 [grpc-default-executor-5] INFO  impl.RaftServerImpl (RaftServerImpl.java:setRole(184)) - 90ecfa43-dab6-49d9-b30c-40ef62bfdf2a@group-E95DC8E8582E: changes role from  FOLLOWER to FOLLOWER at term 157 for recognizeCandidate:687f579d-1680-4dd5-8b24-01f078298cef
2019-11-05 11:28:42,298 [grpc-default-executor-9] INFO  impl.RoleInfo (RoleInfo.java:shutdownFollowerState(121)) - b8bf4e9b-064a-4520-981c-d6c40c833497: shutdown FollowerState
2019-11-05 11:28:42,298 [grpc-default-executor-5] INFO  impl.RoleInfo (RoleInfo.java:shutdownFollowerState(121)) - 90ecfa43-dab6-49d9-b30c-40ef62bfdf2a: shutdown FollowerState
2019-11-05 11:28:42,298 [Thread-2194] INFO  impl.FollowerState (FollowerState.java:run(117)) - b8bf4e9b-064a-4520-981c-d6c40c833497@group-E95DC8E8582E-FollowerState was interrupted: java.lang.InterruptedException: sleep interrupted
2019-11-05 11:28:42,298 [grpc-default-executor-9] INFO  impl.RoleInfo (RoleInfo.java:updateAndGet(143)) - b8bf4e9b-064a-4520-981c-d6c40c833497: start FollowerState
2019-11-05 11:28:42,298 [Thread-2193] INFO  impl.FollowerState (FollowerState.java:run(117)) - 90ecfa43-dab6-49d9-b30c-40ef62bfdf2a@group-E95DC8E8582E-FollowerState was interrupted: java.lang.InterruptedException: sleep interrupted
2019-11-05 11:28:42,298 [grpc-default-executor-5] INFO  impl.RoleInfo (RoleInfo.java:updateAndGet(143)) - 90ecfa43-dab6-49d9-b30c-40ef62bfdf2a: start FollowerState
2019-11-05 11:28:42,301 [Thread-2206] INFO  impl.FollowerState (FollowerState.java:run(108)) - f7e9932d-fd96-469a-9353-68e47138e5ff@group-21C72E9484D5-FollowerState: change to CANDIDATE, lastRpcTime:32ms, electionTimeout:32ms
2019-11-05 11:28:42,302 [Thread-2206] INFO  impl.RoleInfo (RoleInfo.java:shutdownFollowerState(121)) - f7e9932d-fd96-469a-9353-68e47138e5ff: shutdown FollowerState
2019-11-05 11:28:42,302 [Thread-2206] INFO  impl.RaftServerImpl (RaftServerImpl.java:setRole(184)) - f7e9932d-fd96-469a-9353-68e47138e5ff@group-21C72E9484D5: changes role from  FOLLOWER to CANDIDATE at term 140 for changeToCandidate
2019-11-05 11:28:42,302 [Thread-2206] INFO  impl.RoleInfo (RoleInfo.java:updateAndGet(143)) - f7e9932d-fd96-469a-9353-68e47138e5ff: start LeaderElection
2019-11-05 11:28:42,321 [f7e9932d-fd96-469a-9353-68e47138e5ff@group-21C72E9484D5-LeaderElection243] INFO  impl.LeaderElection (LeaderElection.java:askForVotes(178)) - f7e9932d-fd96-469a-9353-68e47138e5ff@group-21C72E9484D5-LeaderElection243: begin an election at term 141 for -1: [f7e9932d-fd96-469a-9353-68e47138e5ff:192.168.157.252:45025, 1eca16cc-5184-4e43-8e55-175d1516eae4:192.168.157.252:41127, 74a8fb36-eab9-4c53-b7cf-c565055de05a:192.168.157.252:42370], old=null
2019-11-05 11:28:42,322 [687f579d-1680-4dd5-8b24-01f078298cef@group-E95DC8E8582E-LeaderElection242] INFO  impl.LeaderElection (LeaderElection.java:logAndReturn(56)) - 687f579d-1680-4dd5-8b24-01f078298cef@group-E95DC8E8582E-LeaderElection242: Election REJECTED; received 2 response(s) [687f579d-1680-4dd5-8b24-01f078298cef<-90ecfa43-dab6-49d9-b30c-40ef62bfdf2a#0:FAIL-t157, 687f579d-1680-4dd5-8b24-01f078298cef<-b8bf4e9b-064a-4520-981c-d6c40c833497#0:FAIL-t157] and 0 exception(s); 687f579d-1680-4dd5-8b24-01f078298cef@group-E95DC8E8582E:t157, leader=null, voted=687f579d-1680-4dd5-8b24-01f078298cef, raftlog=687f579d-1680-4dd5-8b24-01f078298cef@group-E95DC8E8582E-SegmentedRaftLog:OPENED:c-1,f-1,i0, conf=-1: [90ecfa43-dab6-49d9-b30c-40ef62bfdf2a:192.168.157.252:34192, 687f579d-1680-4dd5-8b24-01f078298cef:192.168.157.252:37962, b8bf4e9b-064a-4520-981c-d6c40c833497:192.168.157.252:43407], old=null
2019-11-05 11:28:42,323 [grpc-default-executor-5] INFO  impl.RaftServerImpl (RaftServerImpl.java:setRole(184)) - 74a8fb36-eab9-4c53-b7cf-c565055de05a@group-21C72E9484D5: changes role from  FOLLOWER to FOLLOWER at term 141 for recognizeCandidate:f7e9932d-fd96-469a-9353-68e47138e5ff
2019-11-05 11:28:42,323 [grpc-default-executor-9] INFO  impl.RaftServerImpl (RaftServerImpl.java:setRole(184)) - 1eca16cc-5184-4e43-8e55-175d1516eae4@group-21C72E9484D5: changes role from  FOLLOWER to FOLLOWER at term 141 for recognizeCandidate:f7e9932d-fd96-469a-9353-68e47138e5ff
2019-11-05 11:28:42,324 [grpc-default-executor-9] INFO  impl.RoleInfo (RoleInfo.java:shutdownFollowerState(121)) - 1eca16cc-5184-4e43-8e55-175d1516eae4: shutdown FollowerState
2019-11-05 11:28:42,324 [grpc-default-executor-5] INFO  impl.RoleInfo (RoleInfo.java:shutdownFollowerState(121)) - 74a8fb36-eab9-4c53-b7cf-c565055de05a: shutdown FollowerState
2019-11-05 11:28:42,324 [Thread-2205] INFO  impl.FollowerState (FollowerState.java:run(117)) - 1eca16cc-5184-4e43-8e55-175d1516eae4@group-21C72E9484D5-FollowerState was interrupted: java.lang.InterruptedException: sleep interrupted
2019-11-05 11:28:42,324 [Thread-2204] INFO  impl.FollowerState (FollowerState.java:run(117)) - 74a8fb36-eab9-4c53-b7cf-c565055de05a@group-21C72E9484D5-FollowerState was interrupted: java.lang.InterruptedException: sleep interrupted
2019-11-05 11:28:42,323 [687f579d-1680-4dd5-8b24-01f078298cef@group-E95DC8E8582E-LeaderElection242] INFO  impl.RaftServerImpl (RaftServerImpl.java:setRole(184)) - 687f579d-1680-4dd5-8b24-01f078298cef@group-E95DC8E8582E: changes role from CANDIDATE to FOLLOWER at term 157 for DISCOVERED_A_NEW_TERM
2019-11-05 11:28:42,324 [grpc-default-executor-5] INFO  impl.RoleInfo (RoleInfo.java:updateAndGet(143)) - 74a8fb36-eab9-4c53-b7cf-c565055de05a: start FollowerState
2019-11-05 11:28:42,324 [grpc-default-executor-9] INFO  impl.RoleInfo (RoleInfo.java:updateAndGet(143)) - 1eca16cc-5184-4e43-8e55-175d1516eae4: start FollowerState
2019-11-05 11:28:42,325 [687f579d-1680-4dd5-8b24-01f078298cef@group-E95DC8E8582E-LeaderElection242] INFO  impl.RoleInfo (RoleInfo.java:shutdownLeaderElection(134)) - 687f579d-1680-4dd5-8b24-01f078298cef: shutdown LeaderElection
2019-11-05 11:28:42,325 [687f579d-1680-4dd5-8b24-01f078298cef@group-E95DC8E8582E-LeaderElection242] INFO  impl.RoleInfo (RoleInfo.java:updateAndGet(143)) - 687f579d-1680-4dd5-8b24-01f078298cef: start FollowerState
2019-11-05 11:28:42,328 [Thread-2217] INFO  impl.FollowerState (FollowerState.java:run(108)) - 687f579d-1680-4dd5-8b24-01f078298cef@group-E95DC8E8582E-FollowerState: change to CANDIDATE, lastRpcTime:2ms, electionTimeout:2ms
2019-11-05 11:28:42,328 [Thread-2217] INFO  impl.RoleInfo (RoleInfo.java:shutdownFollowerState(121)) - 687f579d-1680-4dd5-8b24-01f078298cef: shutdown FollowerState
2019-11-05 11:28:42,328 [Thread-2217] INFO  impl.RaftServerImpl (RaftServerImpl.java:setRole(184)) - 687f579d-1680-4dd5-8b24-01f078298cef@group-E95DC8E8582E: changes role from  FOLLOWER to CANDIDATE at term 157 for changeToCandidate
2019-11-05 11:28:42,328 [Thread-2217] INFO  impl.RoleInfo (RoleInfo.java:updateAndGet(143)) - 687f579d-1680-4dd5-8b24-01f078298cef: start LeaderElection
2019-11-05 11:28:42,354 [687f579d-1680-4dd5-8b24-01f078298cef@group-E95DC8E8582E-LeaderElection244] INFO  impl.LeaderElection (LeaderElection.java:askForVotes(178)) - 687f579d-1680-4dd5-8b24-01f078298cef@group-E95DC8E8582E-LeaderElection244: begin an election at term 158 for -1: [90ecfa43-dab6-49d9-b30c-40ef62bfdf2a:192.168.157.252:34192, 687f579d-1680-4dd5-8b24-01f078298cef:192.168.157.252:37962, b8bf4e9b-064a-4520-981c-d6c40c833497:192.168.157.252:43407], old=null
2019-11-05 11:28:42,354 [f7e9932d-fd96-469a-9353-68e47138e5ff@group-21C72E9484D5-LeaderElection243] INFO  impl.LeaderElection (LeaderElection.java:logAndReturn(56)) - f7e9932d-fd96-469a-9353-68e47138e5ff@group-21C72E9484D5-LeaderElection243: Election REJECTED; received 2 response(s) [f7e9932d-fd96-469a-9353-68e47138e5ff<-1eca16cc-5184-4e43-8e55-175d1516eae4#0:FAIL-t141, f7e9932d-fd96-469a-9353-68e47138e5ff<-74a8fb36-eab9-4c53-b7cf-c565055de05a#0:FAIL-t141] and 0 exception(s); f7e9932d-fd96-469a-9353-68e47138e5ff@group-21C72E9484D5:t141, leader=null, voted=f7e9932d-fd96-469a-9353-68e47138e5ff, raftlog=f7e9932d-fd96-469a-9353-68e47138e5ff@group-21C72E9484D5-SegmentedRaftLog:OPENED:c-1,f-1,i0, conf=-1: [f7e9932d-fd96-469a-9353-68e47138e5ff:192.168.157.252:45025, 1eca16cc-5184-4e43-8e55-175d1516eae4:192.168.157.252:41127, 74a8fb36-eab9-4c53-b7cf-c565055de05a:192.168.157.252:42370], old=null
2019-11-05 11:28:42,355 [f7e9932d-fd96-469a-9353-68e47138e5ff@group-21C72E9484D5-LeaderElection243] INFO  impl.RaftServerImpl (RaftServerImpl.java:setRole(184)) - f7e9932d-fd96-469a-9353-68e47138e5ff@group-21C72E9484D5: changes role from CANDIDATE to FOLLOWER at term 141 for DISCOVERED_A_NEW_TERM
2019-11-05 11:28:42,355 [f7e9932d-fd96-469a-9353-68e47138e5ff@group-21C72E9484D5-LeaderElection243] INFO  impl.RoleInfo (RoleInfo.java:shutdownLeaderElection(134)) - f7e9932d-fd96-469a-9353-68e47138e5ff: shutdown LeaderElection
2019-11-05 11:28:42,355 [f7e9932d-fd96-469a-9353-68e47138e5ff@group-21C72E9484D5-LeaderElection243] INFO  impl.RoleInfo (RoleInfo.java:updateAndGet(143)) - f7e9932d-fd96-469a-9353-68e47138e5ff: start FollowerState
2019-11-05 11:28:42,355 [grpc-default-executor-9] INFO  impl.RaftServerImpl (RaftServerImpl.java:setRole(184)) - 90ecfa43-dab6-49d9-b30c-40ef62bfdf2a@group-E95DC8E8582E: changes role from  FOLLOWER to FOLLOWER at term 158 for recognizeCandidate:687f579d-1680-4dd5-8b24-01f078298cef
2019-11-05 11:28:42,355 [grpc-default-executor-9] INFO  impl.RoleInfo (RoleInfo.java:shutdownFollowerState(121)) - 90ecfa43-dab6-49d9-b30c-40ef62bfdf2a: shutdown FollowerState
2019-11-05 11:28:42,355 [grpc-default-executor-9] INFO  impl.RoleInfo (RoleInfo.java:updateAndGet(143)) - 90ecfa43-dab6-49d9-b30c-40ef62bfdf2a: start FollowerState
2019-11-05 11:28:42,355 [Thread-2211] INFO  impl.FollowerState (FollowerState.java:run(117)) - 90ecfa43-dab6-49d9-b30c-40ef62bfdf2a@group-E95DC8E8582E-FollowerState was interrupted: java.lang.InterruptedException: sleep interrupted
2019-11-05 11:28:42,355 [grpc-default-executor-5] INFO  impl.RaftServerImpl (RaftServerImpl.java:setRole(184)) - b8bf4e9b-064a-4520-981c-d6c40c833497@group-E95DC8E8582E: changes role from  FOLLOWER to FOLLOWER at term 158 for recognizeCandidate:687f579d-1680-4dd5-8b24-01f078298cef
2019-11-05 11:28:42,356 [grpc-default-executor-5] INFO  impl.RoleInfo (RoleInfo.java:shutdownFollowerState(121)) - b8bf4e9b-064a-4520-981c-d6c40c833497: shutdown FollowerState
2019-11-05 11:28:42,356 [grpc-default-executor-5] INFO  impl.RoleInfo (RoleInfo.java:updateAndGet(143)) - b8bf4e9b-064a-4520-981c-d6c40c833497: start FollowerState
2019-11-05 11:28:42,356 [Thread-2210] INFO  impl.FollowerState (FollowerState.java:run(117)) - b8bf4e9b-064a-4520-981c-d6c40c833497@group-E95DC8E8582E-FollowerState was interrupted: java.lang.InterruptedException: sleep interrupted
2019-11-05 11:28:42,363 [687f579d-1680-4dd5-8b24-01f078298cef@group-E95DC8E8582E-LeaderElection244] INFO  impl.LeaderElection (LeaderElection.java:logAndReturn(56)) - 687f579d-1680-4dd5-8b24-01f078298cef@group-E95DC8E8582E-LeaderElection244: Election TIMEOUT; received 0 response(s) [] and 0 exception(s); 687f579d-1680-4dd5-8b24-01f078298cef@group-E95DC8E8582E:t158, leader=null, voted=687f579d-1680-4dd5-8b24-01f078298cef, raftlog=687f579d-1680-4dd5-8b24-01f078298cef@group-E95DC8E8582E-SegmentedRaftLog:OPENED:c-1,f-1,i0, conf=-1: [90ecfa43-dab6-49d9-b30c-40ef62bfdf2a:192.168.157.252:34192, 687f579d-1680-4dd5-8b24-01f078298cef:192.168.157.252:37962, b8bf4e9b-064a-4520-981c-d6c40c833497:192.168.157.252:43407], old=null
2019-11-05 11:28:42,378 [687f579d-1680-4dd5-8b24-01f078298cef@group-E95DC8E8582E-LeaderElection244] INFO  impl.LeaderElection (LeaderElection.java:askForVotes(178)) - 687f579d-1680-4dd5-8b24-01f078298cef@group-E95DC8E8582E-LeaderElection244: begin an election at term 159 for -1: [90ecfa43-dab6-49d9-b30c-40ef62bfdf2a:192.168.157.252:34192, 687f579d-1680-4dd5-8b24-01f078298cef:192.168.157.252:37962, b8bf4e9b-064a-4520-981c-d6c40c833497:192.168.157.252:43407], old=null
2019-11-05 11:28:42,380 [grpc-default-executor-5] INFO  impl.RaftServerImpl (RaftServerImpl.java:setRole(184)) - 90ecfa43-dab6-49d9-b30c-40ef62bfdf2a@group-E95DC8E8582E: changes role from  FOLLOWER to FOLLOWER at term 159 for recognizeCandidate:687f579d-1680-4dd5-8b24-01f078298cef
2019-11-05 11:28:42,381 [grpc-default-executor-5] INFO  impl.RoleInfo (RoleInfo.java:shutdownFollowerState(121)) - 90ecfa43-dab6-49d9-b30c-40ef62bfdf2a: shutdown FollowerState
2019-11-05 11:28:42,381 [grpc-default-executor-5] INFO  impl.RoleInfo (RoleInfo.java:updateAndGet(143)) - 90ecfa43-dab6-49d9-b30c-40ef62bfdf2a: start FollowerState
2019-11-05 11:28:42,381 [Thread-2222] INFO  impl.FollowerState (FollowerState.java:run(117)) - 90ecfa43-dab6-49d9-b30c-40ef62bfdf2a@group-E95DC8E8582E-FollowerState was interrupted: java.lang.InterruptedException: sleep interrupted
2019-11-05 11:28:42,381 [grpc-default-executor-9] INFO  impl.RaftServerImpl (RaftServerImpl.java:setRole(184)) - b8bf4e9b-064a-4520-981c-d6c40c833497@group-E95DC8E8582E: changes role from  FOLLOWER to FOLLOWER at term 159 for recognizeCandidate:687f579d-1680-4dd5-8b24-01f078298cef
2019-11-05 11:28:42,381 [grpc-default-executor-9] INFO  impl.RoleInfo (RoleInfo.java:shutdownFollowerState(121)) - b8bf4e9b-064a-4520-981c-d6c40c833497: shutdown FollowerState
2019-11-05 11:28:42,382 [grpc-default-executor-9] INFO  impl.RoleInfo (RoleInfo.java:updateAndGet(143)) - b8bf4e9b-064a-4520-981c-d6c40c833497: start FollowerState
2019-11-05 11:28:42,382 [Thread-2223] INFO  impl.FollowerState (FollowerState.java:run(117)) - b8bf4e9b-064a-4520-981c-d6c40c833497@group-E95DC8E8582E-FollowerState was interrupted: java.lang.InterruptedException: sleep interrupted
2019-11-05 11:28:42,391 [687f579d-1680-4dd5-8b24-01f078298cef@group-E95DC8E8582E-LeaderElection244] INFO  impl.LeaderElection (LeaderElection.java:logAndReturn(56)) - 687f579d-1680-4dd5-8b24-01f078298cef@group-E95DC8E8582E-LeaderElection244: Election REJECTED; received 2 response(s) [687f579d-1680-4dd5-8b24-01f078298cef<-90ecfa43-dab6-49d9-b30c-40ef62bfdf2a#0:FAIL-t159, 687f579d-1680-4dd5-8b24-01f078298cef<-b8bf4e9b-064a-4520-981c-d6c40c833497#0:FAIL-t159] and 0 exception(s); 687f579d-1680-4dd5-8b24-01f078298cef@group-E95DC8E8582E:t159, leader=null, voted=687f579d-1680-4dd5-8b24-01f078298cef, raftlog=687f579d-1680-4dd5-8b24-01f078298cef@group-E95DC8E8582E-SegmentedRaftLog:OPENED:c-1,f-1,i0, conf=-1: [90ecfa43-dab6-49d9-b30c-40ef62bfdf2a:192.168.157.252:34192, 687f579d-1680-4dd5-8b24-01f078298cef:192.168.157.252:37962, b8bf4e9b-064a-4520-981c-d6c40c833497:192.168.157.252:43407], old=null
2019-11-05 11:28:42,391 [687f579d-1680-4dd5-8b24-01f078298cef@group-E95DC8E8582E-LeaderElection244] INFO  impl.RaftServerImpl (RaftServerImpl.java:setRole(184)) - 687f579d-1680-4dd5-8b24-01f078298cef@group-E95DC8E8582E: changes role from CANDIDATE to FOLLOWER at term 159 for DISCOVERED_A_NEW_TERM
2019-11-05 11:28:42,392 [687f579d-1680-4dd5-8b24-01f078298cef@group-E95DC8E8582E-LeaderElection244] INFO  impl.RoleInfo (RoleInfo.java:shutdownLeaderElection(134)) - 687f579d-1680-4dd5-8b24-01f078298cef: shutdown LeaderElection
2019-11-05 11:28:42,392 [687f579d-1680-4dd5-8b24-01f078298cef@group-E95DC8E8582E-LeaderElection244] INFO  impl.RoleInfo (RoleInfo.java:updateAndGet(143)) - 687f579d-1680-4dd5-8b24-01f078298cef: start FollowerState
2019-11-05 11:28:42,510 [Thread-2221] INFO  impl.FollowerState (FollowerState.java:run(108)) - f7e9932d-fd96-469a-9353-68e47138e5ff@group-21C72E9484D5-FollowerState: change to CANDIDATE, lastRpcTime:155ms, electionTimeout:155ms
2019-11-05 11:28:42,511 [Thread-2221] INFO  impl.RoleInfo (RoleInfo.java:shutdownFollowerState(121)) - f7e9932d-fd96-469a-9353-68e47138e5ff: shutdown FollowerState
2019-11-05 11:28:42,511 [Thread-2221] INFO  impl.RaftServerImpl (RaftServerImpl.java:setRole(184)) - f7e9932d-fd96-469a-9353-68e47138e5ff@group-21C72E9484D5: changes role from  FOLLOWER to CANDIDATE at term 141 for changeToCandidate
2019-11-05 11:28:42,511 [Thread-2221] INFO  impl.RoleInfo (RoleInfo.java:updateAndGet(143)) - f7e9932d-fd96-469a-9353-68e47138e5ff: start LeaderElection
2019-11-05 11:28:42,535 [Thread-2228] INFO  impl.FollowerState (FollowerState.java:run(108)) - 687f579d-1680-4dd5-8b24-01f078298cef@group-E95DC8E8582E-FollowerState: change to CANDIDATE, lastRpcTime:143ms, electionTimeout:143ms
2019-11-05 11:28:42,535 [Thread-2228] INFO  impl.RoleInfo (RoleInfo.java:shutdownFollowerState(121)) - 687f579d-1680-4dd5-8b24-01f078298cef: shutdown FollowerState
2019-11-05 11:28:42,535 [Thread-2228] INFO  impl.RaftServerImpl (RaftServerImpl.java:setRole(184)) - 687f579d-1680-4dd5-8b24-01f078298cef@group-E95DC8E8582E: changes role from  FOLLOWER to CANDIDATE at term 159 for changeToCandidate
2019-11-05 11:28:42,536 [Thread-2228] INFO  impl.RoleInfo (RoleInfo.java:updateAndGet(143)) - 687f579d-1680-4dd5-8b24-01f078298cef: start LeaderElection
2019-11-05 11:28:42,548 [f7e9932d-fd96-469a-9353-68e47138e5ff@group-21C72E9484D5-LeaderElection245] INFO  impl.LeaderElection (LeaderElection.java:askForVotes(178)) - f7e9932d-fd96-469a-9353-68e47138e5ff@group-21C72E9484D5-LeaderElection245: begin an election at term 142 for -1: [f7e9932d-fd96-469a-9353-68e47138e5ff:192.168.157.252:45025, 1eca16cc-5184-4e43-8e55-175d1516eae4:192.168.157.252:41127, 74a8fb36-eab9-4c53-b7cf-c565055de05a:192.168.157.252:42370], old=null
2019-11-05 11:28:42,551 [grpc-default-executor-5] INFO  impl.RaftServerImpl (RaftServerImpl.java:setRole(184)) - 74a8fb36-eab9-4c53-b7cf-c565055de05a@group-21C72E9484D5: changes role from  FOLLOWER to FOLLOWER at term 142 for recognizeCandidate:f7e9932d-fd96-469a-9353-68e47138e5ff
2019-11-05 11:28:42,552 [grpc-default-executor-5] INFO  impl.RoleInfo (RoleInfo.java:shutdownFollowerState(121)) - 74a8fb36-eab9-4c53-b7cf-c565055de05a: shutdown FollowerState
2019-11-05 11:28:42,552 [grpc-default-executor-5] INFO  impl.RoleInfo (RoleInfo.java:updateAndGet(143)) - 74a8fb36-eab9-4c53-b7cf-c565055de05a: start FollowerState
2019-11-05 11:28:42,552 [Thread-2216] INFO  impl.FollowerState (FollowerState.java:run(117)) - 74a8fb36-eab9-4c53-b7cf-c565055de05a@group-21C72E9484D5-FollowerState was interrupted: java.lang.InterruptedException: sleep interrupted
2019-11-05 11:28:42,554 [grpc-default-executor-9] INFO  impl.RaftServerImpl (RaftServerImpl.java:setRole(184)) - 1eca16cc-5184-4e43-8e55-175d1516eae4@group-21C72E9484D5: changes role from  FOLLOWER to FOLLOWER at term 142 for recognizeCandidate:f7e9932d-fd96-469a-9353-68e47138e5ff
2019-11-05 11:28:42,555 [grpc-default-executor-9] INFO  impl.RoleInfo (RoleInfo.java:shutdownFollowerState(121)) - 1eca16cc-5184-4e43-8e55-175d1516eae4: shutdown FollowerState
2019-11-05 11:28:42,555 [grpc-default-executor-9] INFO  impl.RoleInfo (RoleInfo.java:updateAndGet(143)) - 1eca16cc-5184-4e43-8e55-175d1516eae4: start FollowerState
2019-11-05 11:28:42,555 [Thread-2215] INFO  impl.FollowerState (FollowerState.java:run(117)) - 1eca16cc-5184-4e43-8e55-175d1516eae4@group-21C72E9484D5-FollowerState was interrupted: java.lang.InterruptedException: sleep interrupted
2019-11-05 11:28:42,561 [687f579d-1680-4dd5-8b24-01f078298cef@group-E95DC8E8582E-LeaderElection246] INFO  impl.LeaderElection (LeaderElection.java:askForVotes(178)) - 687f579d-1680-4dd5-8b24-01f078298cef@group-E95DC8E8582E-LeaderElection246: begin an election at term 160 for -1: [90ecfa43-dab6-49d9-b30c-40ef62bfdf2a:192.168.157.252:34192, 687f579d-1680-4dd5-8b24-01f078298cef:192.168.157.252:37962, b8bf4e9b-064a-4520-981c-d6c40c833497:192.168.157.252:43407], old=null
2019-11-05 11:28:42,563 [grpc-default-executor-4] INFO  impl.RaftServerImpl (RaftServerImpl.java:setRole(184)) - 90ecfa43-dab6-49d9-b30c-40ef62bfdf2a@group-E95DC8E8582E: changes role from  FOLLOWER to FOLLOWER at term 160 for recognizeCandidate:687f579d-1680-4dd5-8b24-01f078298cef
2019-11-05 11:28:42,564 [grpc-default-executor-4] INFO  impl.RoleInfo (RoleInfo.java:shutdownFollowerState(121)) - 90ecfa43-dab6-49d9-b30c-40ef62bfdf2a: shutdown FollowerState
2019-11-05 11:28:42,564 [grpc-default-executor-4] INFO  impl.RoleInfo (RoleInfo.java:updateAndGet(143)) - 90ecfa43-dab6-49d9-b30c-40ef62bfdf2a: start FollowerState
2019-11-05 11:28:42,566 [grpc-default-executor-9] INFO  impl.RaftServerImpl (RaftServerImpl.java:setRole(184)) - b8bf4e9b-064a-4520-981c-d6c40c833497@group-E95DC8E8582E: changes role from  FOLLOWER to FOLLOWER at term 160 for recognizeCandidate:687f579d-1680-4dd5-8b24-01f078298cef
2019-11-05 11:28:42,567 [grpc-default-executor-9] INFO  impl.RoleInfo (RoleInfo.java:shutdownFollowerState(121)) - b8bf4e9b-064a-4520-981c-d6c40c833497: shutdown FollowerState
2019-11-05 11:28:42,567 [grpc-default-executor-9] INFO  impl.RoleInfo (RoleInfo.java:updateAndGet(143)) - b8bf4e9b-064a-4520-981c-d6c40c833497: start FollowerState
2019-11-05 11:28:42,568 [Thread-2227] INFO  impl.FollowerState (FollowerState.java:run(117)) - b8bf4e9b-064a-4520-981c-d6c40c833497@group-E95DC8E8582E-FollowerState was interrupted: java.lang.InterruptedException: sleep interrupted
2019-11-05 11:28:42,568 [Thread-2226] INFO  impl.FollowerState (FollowerState.java:run(117)) - 90ecfa43-dab6-49d9-b30c-40ef62bfdf2a@group-E95DC8E8582E-FollowerState was interrupted: java.lang.InterruptedException: sleep interrupted
2019-11-05 11:28:42,568 [f7e9932d-fd96-469a-9353-68e47138e5ff@group-21C72E9484D5-LeaderElection245] INFO  impl.LeaderElection (LeaderElection.java:logAndReturn(56)) - f7e9932d-fd96-469a-9353-68e47138e5ff@group-21C72E9484D5-LeaderElection245: Election REJECTED; received 2 response(s) [f7e9932d-fd96-469a-9353-68e47138e5ff<-1eca16cc-5184-4e43-8e55-175d1516eae4#0:FAIL-t142, f7e9932d-fd96-469a-9353-68e47138e5ff<-74a8fb36-eab9-4c53-b7cf-c565055de05a#0:FAIL-t142] and 0 exception(s); f7e9932d-fd96-469a-9353-68e47138e5ff@group-21C72E9484D5:t142, leader=null, voted=f7e9932d-fd96-469a-9353-68e47138e5ff, raftlog=f7e9932d-fd96-469a-9353-68e47138e5ff@group-21C72E9484D5-SegmentedRaftLog:OPENED:c-1,f-1,i0, conf=-1: [f7e9932d-fd96-469a-9353-68e47138e5ff:192.168.157.252:45025, 1eca16cc-5184-4e43-8e55-175d1516eae4:192.168.157.252:41127, 74a8fb36-eab9-4c53-b7cf-c565055de05a:192.168.157.252:42370], old=null
2019-11-05 11:28:42,569 [f7e9932d-fd96-469a-9353-68e47138e5ff@group-21C72E9484D5-LeaderElection245] INFO  impl.RaftServerImpl (RaftServerImpl.java:setRole(184)) - f7e9932d-fd96-469a-9353-68e47138e5ff@group-21C72E9484D5: changes role from CANDIDATE to FOLLOWER at term 142 for DISCOVERED_A_NEW_TERM
2019-11-05 11:28:42,569 [f7e9932d-fd96-469a-9353-68e47138e5ff@group-21C72E9484D5-LeaderElection245] INFO  impl.RoleInfo (RoleInfo.java:shutdownLeaderElection(134)) - f7e9932d-fd96-469a-9353-68e47138e5ff: shutdown LeaderElection
2019-11-05 11:28:42,569 [f7e9932d-fd96-469a-9353-68e47138e5ff@group-21C72E9484D5-LeaderElection245] INFO  impl.RoleInfo (RoleInfo.java:updateAndGet(143)) - f7e9932d-fd96-469a-9353-68e47138e5ff: start FollowerState
2019-11-05 11:28:42,579 [687f579d-1680-4dd5-8b24-01f078298cef@group-E95DC8E8582E-LeaderElection246] INFO  impl.LeaderElection (LeaderElection.java:logAndReturn(56)) - 687f579d-1680-4dd5-8b24-01f078298cef@group-E95DC8E8582E-LeaderElection246: Election REJECTED; received 2 response(s) [687f579d-1680-4dd5-8b24-01f078298cef<-90ecfa43-dab6-49d9-b30c-40ef62bfdf2a#0:FAIL-t160, 687f579d-1680-4dd5-8b24-01f078298cef<-b8bf4e9b-064a-4520-981c-d6c40c833497#0:FAIL-t160] and 0 exception(s); 687f579d-1680-4dd5-8b24-01f078298cef@group-E95DC8E8582E:t160, leader=null, voted=687f579d-1680-4dd5-8b24-01f078298cef, raftlog=687f579d-1680-4dd5-8b24-01f078298cef@group-E95DC8E8582E-SegmentedRaftLog:OPENED:c-1,f-1,i0, conf=-1: [90ecfa43-dab6-49d9-b30c-40ef62bfdf2a:192.168.157.252:34192, 687f579d-1680-4dd5-8b24-01f078298cef:192.168.157.252:37962, b8bf4e9b-064a-4520-981c-d6c40c833497:192.168.157.252:43407], old=null
2019-11-05 11:28:42,579 [687f579d-1680-4dd5-8b24-01f078298cef@group-E95DC8E8582E-LeaderElection246] INFO  impl.RaftServerImpl (RaftServerImpl.java:setRole(184)) - 687f579d-1680-4dd5-8b24-01f078298cef@group-E95DC8E8582E: changes role from CANDIDATE to FOLLOWER at term 160 for DISCOVERED_A_NEW_TERM
2019-11-05 11:28:42,579 [687f579d-1680-4dd5-8b24-01f078298cef@group-E95DC8E8582E-LeaderElection246] INFO  impl.RoleInfo (RoleInfo.java:shutdownLeaderElection(134)) - 687f579d-1680-4dd5-8b24-01f078298cef: shutdown LeaderElection
2019-11-05 11:28:42,579 [687f579d-1680-4dd5-8b24-01f078298cef@group-E95DC8E8582E-LeaderElection246] INFO  impl.RoleInfo (RoleInfo.java:updateAndGet(143)) - 687f579d-1680-4dd5-8b24-01f078298cef: start FollowerState
2019-11-05 11:28:42,604 [main] INFO  ozoneimpl.OzoneContainer (OzoneContainer.java:stop(227)) - Attempting to stop container services.
2019-11-05 11:28:42,605 [main] INFO  impl.RaftServerProxy (RaftServerProxy.java:lambda$close$4(314)) - f7e9932d-fd96-469a-9353-68e47138e5ff: close
2019-11-05 11:28:42,606 [main] INFO  impl.RaftServerImpl (RaftServerImpl.java:lambda$shutdown$3(261)) - f7e9932d-fd96-469a-9353-68e47138e5ff@group-D1FB65F9E576: shutdown
2019-11-05 11:28:42,606 [main] INFO  util.JmxRegister (JmxRegister.java:unregister(73)) - Successfully un-registered JMX Bean with object name Ratis:service=RaftServer,group=group-D1FB65F9E576,id=f7e9932d-fd96-469a-9353-68e47138e5ff
2019-11-05 11:28:42,606 [main] INFO  impl.RoleInfo (RoleInfo.java:shutdownLeaderState(104)) - f7e9932d-fd96-469a-9353-68e47138e5ff: shutdown LeaderState
2019-11-05 11:28:42,607 [main] INFO  impl.PendingRequests (PendingRequests.java:sendNotLeaderResponses(202)) - f7e9932d-fd96-469a-9353-68e47138e5ff@group-D1FB65F9E576-PendingRequests: sendNotLeaderResponses
2019-11-05 11:28:42,607 [main] INFO  impl.StateMachineUpdater (StateMachineUpdater.java:stopAndJoin(136)) - f7e9932d-fd96-469a-9353-68e47138e5ff@group-D1FB65F9E576-StateMachineUpdater: set stopIndex = 0
2019-11-05 11:28:42,608 [main] INFO  impl.RaftServerImpl (ServerState.java:close(388)) - f7e9932d-fd96-469a-9353-68e47138e5ff@group-D1FB65F9E576: closes. applyIndex: 0
2019-11-05 11:28:42,608 [f7e9932d-fd96-469a-9353-68e47138e5ff@group-D1FB65F9E576-SegmentedRaftLogWorker] INFO  segmented.SegmentedRaftLogWorker (SegmentedRaftLogWorker.java:run(316)) - f7e9932d-fd96-469a-9353-68e47138e5ff@group-D1FB65F9E576-SegmentedRaftLogWorker was interrupted, exiting. There are 0 tasks remaining in the queue.
2019-11-05 11:28:42,611 [main] INFO  segmented.SegmentedRaftLogWorker (SegmentedRaftLogWorker.java:close(224)) - f7e9932d-fd96-469a-9353-68e47138e5ff@group-D1FB65F9E576-SegmentedRaftLogWorker close()
2019-11-05 11:28:42,615 [main] INFO  impl.RaftServerImpl (RaftServerImpl.java:lambda$shutdown$3(261)) - f7e9932d-fd96-469a-9353-68e47138e5ff@group-21C72E9484D5: shutdown
2019-11-05 11:28:42,615 [main] INFO  util.JmxRegister (JmxRegister.java:unregister(73)) - Successfully un-registered JMX Bean with object name Ratis:service=RaftServer,group=group-21C72E9484D5,id=f7e9932d-fd96-469a-9353-68e47138e5ff
2019-11-05 11:28:42,616 [main] INFO  impl.RoleInfo (RoleInfo.java:shutdownFollowerState(121)) - f7e9932d-fd96-469a-9353-68e47138e5ff: shutdown FollowerState
2019-11-05 11:28:42,616 [main] INFO  impl.StateMachineUpdater (StateMachineUpdater.java:stopAndJoin(136)) - f7e9932d-fd96-469a-9353-68e47138e5ff@group-21C72E9484D5-StateMachineUpdater: set stopIndex = -1
2019-11-05 11:28:42,616 [Thread-2239] INFO  impl.FollowerState (FollowerState.java:run(117)) - f7e9932d-fd96-469a-9353-68e47138e5ff@group-21C72E9484D5-FollowerState was interrupted: java.lang.InterruptedException: sleep interrupted
2019-11-05 11:28:42,618 [main] INFO  impl.RaftServerImpl (ServerState.java:close(388)) - f7e9932d-fd96-469a-9353-68e47138e5ff@group-21C72E9484D5: closes. applyIndex: -1
2019-11-05 11:28:42,619 [f7e9932d-fd96-469a-9353-68e47138e5ff@group-21C72E9484D5-SegmentedRaftLogWorker] INFO  segmented.SegmentedRaftLogWorker (SegmentedRaftLogWorker.java:run(316)) - f7e9932d-fd96-469a-9353-68e47138e5ff@group-21C72E9484D5-SegmentedRaftLogWorker was interrupted, exiting. There are 0 tasks remaining in the queue.
2019-11-05 11:28:42,619 [main] INFO  segmented.SegmentedRaftLogWorker (SegmentedRaftLogWorker.java:close(224)) - f7e9932d-fd96-469a-9353-68e47138e5ff@group-21C72E9484D5-SegmentedRaftLogWorker close()
2019-11-05 11:28:42,623 [main] INFO  server.GrpcService (GrpcService.java:closeImpl(164)) - f7e9932d-fd96-469a-9353-68e47138e5ff: shutdown server with port 45025 now
2019-11-05 11:28:42,628 [main] INFO  server.GrpcService (GrpcService.java:closeImpl(172)) - f7e9932d-fd96-469a-9353-68e47138e5ff: shutdown server with port 45025 successfully
2019-11-05 11:28:42,643 [refreshUsed-/workdir/hadoop-ozone/integration-test/target/test-dir/MiniOzoneClusterImpl-6b0fc4fe-9997-4a80-bab7-b3d82b6e3879/datanode-6/data/containers] WARN  fs.CachingGetSpaceUsed (CachingGetSpaceUsed.java:run(183)) - Thread Interrupted waiting to refresh disk information: sleep interrupted
2019-11-05 11:28:42,662 [Thread-2240] INFO  impl.FollowerState (FollowerState.java:run(108)) - 687f579d-1680-4dd5-8b24-01f078298cef@group-E95DC8E8582E-FollowerState: change to CANDIDATE, lastRpcTime:82ms, electionTimeout:82ms
2019-11-05 11:28:42,662 [Thread-2240] INFO  impl.RoleInfo (RoleInfo.java:shutdownFollowerState(121)) - 687f579d-1680-4dd5-8b24-01f078298cef: shutdown FollowerState
2019-11-05 11:28:42,662 [Thread-2240] INFO  impl.RaftServerImpl (RaftServerImpl.java:setRole(184)) - 687f579d-1680-4dd5-8b24-01f078298cef@group-E95DC8E8582E: changes role from  FOLLOWER to CANDIDATE at term 160 for changeToCandidate
2019-11-05 11:28:42,663 [Thread-2240] INFO  impl.RoleInfo (RoleInfo.java:updateAndGet(143)) - 687f579d-1680-4dd5-8b24-01f078298cef: start LeaderElection
2019-11-05 11:28:42,665 [main] INFO  utils.BackgroundService (BackgroundService.java:shutdown(151)) - Shutting down service BlockDeletingService
2019-11-05 11:28:42,668 [687f579d-1680-4dd5-8b24-01f078298cef@group-E95DC8E8582E-LeaderElection247] INFO  impl.LeaderElection (LeaderElection.java:askForVotes(178)) - 687f579d-1680-4dd5-8b24-01f078298cef@group-E95DC8E8582E-LeaderElection247: begin an election at term 161 for -1: [90ecfa43-dab6-49d9-b30c-40ef62bfdf2a:192.168.157.252:34192, 687f579d-1680-4dd5-8b24-01f078298cef:192.168.157.252:37962, b8bf4e9b-064a-4520-981c-d6c40c833497:192.168.157.252:43407], old=null
2019-11-05 11:28:42,671 [grpc-default-executor-9] INFO  impl.RaftServerImpl (RaftServerImpl.java:setRole(184)) - 90ecfa43-dab6-49d9-b30c-40ef62bfdf2a@group-E95DC8E8582E: changes role from  FOLLOWER to FOLLOWER at term 161 for recognizeCandidate:687f579d-1680-4dd5-8b24-01f078298cef
2019-11-05 11:28:42,671 [grpc-default-executor-9] INFO  impl.RoleInfo (RoleInfo.java:shutdownFollowerState(121)) - 90ecfa43-dab6-49d9-b30c-40ef62bfdf2a: shutdown FollowerState
2019-11-05 11:28:42,671 [grpc-default-executor-9] INFO  impl.RoleInfo (RoleInfo.java:updateAndGet(143)) - 90ecfa43-dab6-49d9-b30c-40ef62bfdf2a: start FollowerState
2019-11-05 11:28:42,671 [Thread-2237] INFO  impl.FollowerState (FollowerState.java:run(117)) - 90ecfa43-dab6-49d9-b30c-40ef62bfdf2a@group-E95DC8E8582E-FollowerState was interrupted: java.lang.InterruptedException: sleep interrupted
2019-11-05 11:28:42,677 [ForkJoinPool.commonPool-worker-0] INFO  ozoneimpl.OzoneContainer (OzoneContainer.java:stop(227)) - Attempting to stop container services.
2019-11-05 11:28:42,677 [ForkJoinPool.commonPool-worker-0] INFO  impl.RaftServerProxy (RaftServerProxy.java:lambda$close$4(314)) - 74a8fb36-eab9-4c53-b7cf-c565055de05a: close
2019-11-05 11:28:42,677 [grpc-default-executor-4] INFO  impl.RaftServerImpl (RaftServerImpl.java:setRole(184)) - b8bf4e9b-064a-4520-981c-d6c40c833497@group-E95DC8E8582E: changes role from  FOLLOWER to FOLLOWER at term 161 for recognizeCandidate:687f579d-1680-4dd5-8b24-01f078298cef
2019-11-05 11:28:42,677 [grpc-default-executor-4] INFO  impl.RoleInfo (RoleInfo.java:shutdownFollowerState(121)) - b8bf4e9b-064a-4520-981c-d6c40c833497: shutdown FollowerState
2019-11-05 11:28:42,678 [grpc-default-executor-4] INFO  impl.RoleInfo (RoleInfo.java:updateAndGet(143)) - b8bf4e9b-064a-4520-981c-d6c40c833497: start FollowerState
2019-11-05 11:28:42,677 [ForkJoinPool.commonPool-worker-0] INFO  impl.RaftServerImpl (RaftServerImpl.java:lambda$shutdown$3(261)) - 74a8fb36-eab9-4c53-b7cf-c565055de05a@group-FBCB6F3A361F: shutdown
2019-11-05 11:28:42,678 [Thread-2238] INFO  impl.FollowerState (FollowerState.java:run(117)) - b8bf4e9b-064a-4520-981c-d6c40c833497@group-E95DC8E8582E-FollowerState was interrupted: java.lang.InterruptedException: sleep interrupted
2019-11-05 11:28:42,678 [ForkJoinPool.commonPool-worker-0] INFO  util.JmxRegister (JmxRegister.java:unregister(73)) - Successfully un-registered JMX Bean with object name Ratis:service=RaftServer,group=group-FBCB6F3A361F,id=74a8fb36-eab9-4c53-b7cf-c565055de05a
2019-11-05 11:28:42,678 [ForkJoinPool.commonPool-worker-0] INFO  impl.RoleInfo (RoleInfo.java:shutdownLeaderState(104)) - 74a8fb36-eab9-4c53-b7cf-c565055de05a: shutdown LeaderState
2019-11-05 11:28:42,679 [ForkJoinPool.commonPool-worker-0] INFO  impl.PendingRequests (PendingRequests.java:sendNotLeaderResponses(202)) - 74a8fb36-eab9-4c53-b7cf-c565055de05a@group-FBCB6F3A361F-PendingRequests: sendNotLeaderResponses
2019-11-05 11:28:42,679 [ForkJoinPool.commonPool-worker-0] INFO  impl.StateMachineUpdater (StateMachineUpdater.java:stopAndJoin(136)) - 74a8fb36-eab9-4c53-b7cf-c565055de05a@group-FBCB6F3A361F-StateMachineUpdater: set stopIndex = 0
2019-11-05 11:28:42,680 [ForkJoinPool.commonPool-worker-0] INFO  impl.RaftServerImpl (ServerState.java:close(388)) - 74a8fb36-eab9-4c53-b7cf-c565055de05a@group-FBCB6F3A361F: closes. applyIndex: 0
2019-11-05 11:28:42,683 [74a8fb36-eab9-4c53-b7cf-c565055de05a@group-FBCB6F3A361F-SegmentedRaftLogWorker] INFO  segmented.SegmentedRaftLogWorker (SegmentedRaftLogWorker.java:run(316)) - 74a8fb36-eab9-4c53-b7cf-c565055de05a@group-FBCB6F3A361F-SegmentedRaftLogWorker was interrupted, exiting. There are 0 tasks remaining in the queue.
2019-11-05 11:28:42,706 [687f579d-1680-4dd5-8b24-01f078298cef@group-E95DC8E8582E-LeaderElection247] INFO  impl.LeaderElection (LeaderElection.java:logAndReturn(56)) - 687f579d-1680-4dd5-8b24-01f078298cef@group-E95DC8E8582E-LeaderElection247: Election REJECTED; received 2 response(s) [687f579d-1680-4dd5-8b24-01f078298cef<-90ecfa43-dab6-49d9-b30c-40ef62bfdf2a#0:FAIL-t161, 687f579d-1680-4dd5-8b24-01f078298cef<-b8bf4e9b-064a-4520-981c-d6c40c833497#0:FAIL-t161] and 0 exception(s); 687f579d-1680-4dd5-8b24-01f078298cef@group-E95DC8E8582E:t161, leader=null, voted=687f579d-1680-4dd5-8b24-01f078298cef, raftlog=687f579d-1680-4dd5-8b24-01f078298cef@group-E95DC8E8582E-SegmentedRaftLog:OPENED:c-1,f-1,i0, conf=-1: [90ecfa43-dab6-49d9-b30c-40ef62bfdf2a:192.168.157.252:34192, 687f579d-1680-4dd5-8b24-01f078298cef:192.168.157.252:37962, b8bf4e9b-064a-4520-981c-d6c40c833497:192.168.157.252:43407], old=null
2019-11-05 11:28:42,709 [ForkJoinPool.commonPool-worker-0] INFO  segmented.SegmentedRaftLogWorker (SegmentedRaftLogWorker.java:close(224)) - 74a8fb36-eab9-4c53-b7cf-c565055de05a@group-FBCB6F3A361F-SegmentedRaftLogWorker close()
2019-11-05 11:28:42,732 [687f579d-1680-4dd5-8b24-01f078298cef@group-E95DC8E8582E-LeaderElection247] INFO  impl.RaftServerImpl (RaftServerImpl.java:setRole(184)) - 687f579d-1680-4dd5-8b24-01f078298cef@group-E95DC8E8582E: changes role from CANDIDATE to FOLLOWER at term 161 for DISCOVERED_A_NEW_TERM
2019-11-05 11:28:42,732 [687f579d-1680-4dd5-8b24-01f078298cef@group-E95DC8E8582E-LeaderElection247] INFO  impl.RoleInfo (RoleInfo.java:shutdownLeaderElection(134)) - 687f579d-1680-4dd5-8b24-01f078298cef: shutdown LeaderElection
2019-11-05 11:28:42,732 [687f579d-1680-4dd5-8b24-01f078298cef@group-E95DC8E8582E-LeaderElection247] INFO  impl.RoleInfo (RoleInfo.java:updateAndGet(143)) - 687f579d-1680-4dd5-8b24-01f078298cef: start FollowerState
2019-11-05 11:28:42,736 [ForkJoinPool.commonPool-worker-0] INFO  impl.RaftServerImpl (RaftServerImpl.java:lambda$shutdown$3(261)) - 74a8fb36-eab9-4c53-b7cf-c565055de05a@group-21C72E9484D5: shutdown
2019-11-05 11:28:42,736 [ForkJoinPool.commonPool-worker-0] INFO  util.JmxRegister (JmxRegister.java:unregister(73)) - Successfully un-registered JMX Bean with object name Ratis:service=RaftServer,group=group-21C72E9484D5,id=74a8fb36-eab9-4c53-b7cf-c565055de05a
2019-11-05 11:28:42,736 [ForkJoinPool.commonPool-worker-0] INFO  impl.RoleInfo (RoleInfo.java:shutdownFollowerState(121)) - 74a8fb36-eab9-4c53-b7cf-c565055de05a: shutdown FollowerState
2019-11-05 11:28:42,736 [ForkJoinPool.commonPool-worker-0] INFO  impl.StateMachineUpdater (StateMachineUpdater.java:stopAndJoin(136)) - 74a8fb36-eab9-4c53-b7cf-c565055de05a@group-21C72E9484D5-StateMachineUpdater: set stopIndex = -1
2019-11-05 11:28:42,737 [Thread-2233] INFO  impl.FollowerState (FollowerState.java:run(117)) - 74a8fb36-eab9-4c53-b7cf-c565055de05a@group-21C72E9484D5-FollowerState was interrupted: java.lang.InterruptedException: sleep interrupted
2019-11-05 11:28:42,737 [ForkJoinPool.commonPool-worker-0] INFO  impl.RaftServerImpl (ServerState.java:close(388)) - 74a8fb36-eab9-4c53-b7cf-c565055de05a@group-21C72E9484D5: closes. applyIndex: -1
2019-11-05 11:28:42,737 [74a8fb36-eab9-4c53-b7cf-c565055de05a@group-21C72E9484D5-SegmentedRaftLogWorker] INFO  segmented.SegmentedRaftLogWorker (SegmentedRaftLogWorker.java:run(316)) - 74a8fb36-eab9-4c53-b7cf-c565055de05a@group-21C72E9484D5-SegmentedRaftLogWorker was interrupted, exiting. There are 0 tasks remaining in the queue.
2019-11-05 11:28:42,741 [main] INFO  statemachine.DatanodeStateMachine (DatanodeStateMachine.java:stopDaemon(395)) - Ozone container server stopped.
2019-11-05 11:28:42,742 [ForkJoinPool.commonPool-worker-0] INFO  segmented.SegmentedRaftLogWorker (SegmentedRaftLogWorker.java:close(224)) - 74a8fb36-eab9-4c53-b7cf-c565055de05a@group-21C72E9484D5-SegmentedRaftLogWorker close()
2019-11-05 11:28:42,749 [ForkJoinPool.commonPool-worker-0] INFO  server.GrpcService (GrpcService.java:closeImpl(164)) - 74a8fb36-eab9-4c53-b7cf-c565055de05a: shutdown server with port 42370 now
2019-11-05 11:28:42,751 [main] INFO  handler.ContextHandler (ContextHandler.java:doStop(910)) - Stopped o.e.j.w.WebAppContext@53cf9c99{/,null,UNAVAILABLE}{/hddsDatanode}
2019-11-05 11:28:42,751 [ForkJoinPool.commonPool-worker-0] INFO  server.GrpcService (GrpcService.java:closeImpl(172)) - 74a8fb36-eab9-4c53-b7cf-c565055de05a: shutdown server with port 42370 successfully
2019-11-05 11:28:42,752 [main] INFO  server.AbstractConnector (AbstractConnector.java:doStop(318)) - Stopped ServerConnector@7b306b9f{HTTP/1.1,[http/1.1]}{0.0.0.0:0}
2019-11-05 11:28:42,754 [main] INFO  handler.ContextHandler (ContextHandler.java:doStop(910)) - Stopped o.e.j.s.ServletContextHandler@1457fde{/static,jar:file:/home/user/.m2/repository/org/apache/hadoop/hadoop-hdds-container-service/0.5.0-SNAPSHOT/hadoop-hdds-container-service-0.5.0-SNAPSHOT.jar!/webapps/static,UNAVAILABLE}
2019-11-05 11:28:42,754 [refreshUsed-/workdir/hadoop-ozone/integration-test/target/test-dir/MiniOzoneClusterImpl-6b0fc4fe-9997-4a80-bab7-b3d82b6e3879/datanode-3/data/containers] WARN  fs.CachingGetSpaceUsed (CachingGetSpaceUsed.java:run(183)) - Thread Interrupted waiting to refresh disk information: sleep interrupted
2019-11-05 11:28:42,755 [main] INFO  handler.ContextHandler (ContextHandler.java:doStop(910)) - Stopped o.e.j.s.ServletContextHandler@50fb33a{/logs,file:///workdir/hadoop-ozone/integration-test/target/log,UNAVAILABLE}
2019-11-05 11:28:42,773 [ForkJoinPool.commonPool-worker-0] INFO  utils.BackgroundService (BackgroundService.java:shutdown(151)) - Shutting down service BlockDeletingService
2019-11-05 11:28:42,794 [ForkJoinPool.commonPool-worker-0] INFO  statemachine.DatanodeStateMachine (DatanodeStateMachine.java:stopDaemon(395)) - Ozone container server stopped.
2019-11-05 11:28:42,807 [ForkJoinPool.commonPool-worker-0] INFO  handler.ContextHandler (ContextHandler.java:doStop(910)) - Stopped o.e.j.w.WebAppContext@a92be4f{/,null,UNAVAILABLE}{/hddsDatanode}
2019-11-05 11:28:42,808 [ForkJoinPool.commonPool-worker-0] INFO  server.AbstractConnector (AbstractConnector.java:doStop(318)) - Stopped ServerConnector@53e800f9{HTTP/1.1,[http/1.1]}{0.0.0.0:0}
2019-11-05 11:28:42,813 [ForkJoinPool.commonPool-worker-0] INFO  handler.ContextHandler (ContextHandler.java:doStop(910)) - Stopped o.e.j.s.ServletContextHandler@a9f023e{/static,jar:file:/home/user/.m2/repository/org/apache/hadoop/hadoop-hdds-container-service/0.5.0-SNAPSHOT/hadoop-hdds-container-service-0.5.0-SNAPSHOT.jar!/webapps/static,UNAVAILABLE}
2019-11-05 11:28:42,816 [ForkJoinPool.commonPool-worker-0] INFO  handler.ContextHandler (ContextHandler.java:doStop(910)) - Stopped o.e.j.s.ServletContextHandler@2f1d0bbc{/logs,file:///workdir/hadoop-ozone/integration-test/target/log,UNAVAILABLE}
2019-11-05 11:28:42,861 [Datanode State Machine Thread - 0] INFO  statemachine.DatanodeStateMachine (DatanodeStateMachine.java:lambda$startDaemon$0(350)) - Ozone container server started.
2019-11-05 11:28:42,862 [Thread-2246] INFO  impl.FollowerState (FollowerState.java:run(108)) - 687f579d-1680-4dd5-8b24-01f078298cef@group-E95DC8E8582E-FollowerState: change to CANDIDATE, lastRpcTime:129ms, electionTimeout:126ms
2019-11-05 11:28:42,862 [Thread-2246] INFO  impl.RoleInfo (RoleInfo.java:shutdownFollowerState(121)) - 687f579d-1680-4dd5-8b24-01f078298cef: shutdown FollowerState
2019-11-05 11:28:42,862 [Thread-2246] INFO  impl.RaftServerImpl (RaftServerImpl.java:setRole(184)) - 687f579d-1680-4dd5-8b24-01f078298cef@group-E95DC8E8582E: changes role from  FOLLOWER to CANDIDATE at term 161 for changeToCandidate
2019-11-05 11:28:42,862 [Thread-2246] INFO  impl.RoleInfo (RoleInfo.java:updateAndGet(143)) - 687f579d-1680-4dd5-8b24-01f078298cef: start LeaderElection
2019-11-05 11:28:42,878 [687f579d-1680-4dd5-8b24-01f078298cef@group-E95DC8E8582E-LeaderElection248] INFO  impl.LeaderElection (LeaderElection.java:askForVotes(178)) - 687f579d-1680-4dd5-8b24-01f078298cef@group-E95DC8E8582E-LeaderElection248: begin an election at term 162 for -1: [90ecfa43-dab6-49d9-b30c-40ef62bfdf2a:192.168.157.252:34192, 687f579d-1680-4dd5-8b24-01f078298cef:192.168.157.252:37962, b8bf4e9b-064a-4520-981c-d6c40c833497:192.168.157.252:43407], old=null
2019-11-05 11:28:42,881 [grpc-default-executor-9] INFO  impl.RaftServerImpl (RaftServerImpl.java:setRole(184)) - b8bf4e9b-064a-4520-981c-d6c40c833497@group-E95DC8E8582E: changes role from  FOLLOWER to FOLLOWER at term 162 for recognizeCandidate:687f579d-1680-4dd5-8b24-01f078298cef
2019-11-05 11:28:42,881 [grpc-default-executor-9] INFO  impl.RoleInfo (RoleInfo.java:shutdownFollowerState(121)) - b8bf4e9b-064a-4520-981c-d6c40c833497: shutdown FollowerState
2019-11-05 11:28:42,881 [grpc-default-executor-9] INFO  impl.RoleInfo (RoleInfo.java:updateAndGet(143)) - b8bf4e9b-064a-4520-981c-d6c40c833497: start FollowerState
2019-11-05 11:28:42,882 [Thread-2245] INFO  impl.FollowerState (FollowerState.java:run(117)) - b8bf4e9b-064a-4520-981c-d6c40c833497@group-E95DC8E8582E-FollowerState was interrupted: java.lang.InterruptedException: sleep interrupted
2019-11-05 11:28:42,884 [grpc-default-executor-4] INFO  impl.RaftServerImpl (RaftServerImpl.java:setRole(184)) - 90ecfa43-dab6-49d9-b30c-40ef62bfdf2a@group-E95DC8E8582E: changes role from  FOLLOWER to FOLLOWER at term 162 for recognizeCandidate:687f579d-1680-4dd5-8b24-01f078298cef
2019-11-05 11:28:42,884 [grpc-default-executor-4] INFO  impl.RoleInfo (RoleInfo.java:shutdownFollowerState(121)) - 90ecfa43-dab6-49d9-b30c-40ef62bfdf2a: shutdown FollowerState
2019-11-05 11:28:42,885 [grpc-default-executor-4] INFO  impl.RoleInfo (RoleInfo.java:updateAndGet(143)) - 90ecfa43-dab6-49d9-b30c-40ef62bfdf2a: start FollowerState
2019-11-05 11:28:42,885 [Thread-2244] INFO  impl.FollowerState (FollowerState.java:run(117)) - 90ecfa43-dab6-49d9-b30c-40ef62bfdf2a@group-E95DC8E8582E-FollowerState was interrupted: java.lang.InterruptedException: sleep interrupted
2019-11-05 11:28:42,890 [Thread-2171] INFO  impl.FollowerState (FollowerState.java:run(108)) - d8b77924-76ff-4932-a9fa-7ec761e4cf6b@group-0CA4D070D5C4-FollowerState: change to CANDIDATE, lastRpcTime:1048ms, electionTimeout:1048ms
2019-11-05 11:28:42,890 [Thread-2171] INFO  impl.RoleInfo (RoleInfo.java:shutdownFollowerState(121)) - d8b77924-76ff-4932-a9fa-7ec761e4cf6b: shutdown FollowerState
2019-11-05 11:28:42,890 [Thread-2171] INFO  impl.RaftServerImpl (RaftServerImpl.java:setRole(184)) - d8b77924-76ff-4932-a9fa-7ec761e4cf6b@group-0CA4D070D5C4: changes role from  FOLLOWER to CANDIDATE at term 6 for changeToCandidate
2019-11-05 11:28:42,890 [Thread-2171] INFO  impl.RoleInfo (RoleInfo.java:updateAndGet(143)) - d8b77924-76ff-4932-a9fa-7ec761e4cf6b: start LeaderElection
2019-11-05 11:28:42,895 [d8b77924-76ff-4932-a9fa-7ec761e4cf6b@group-0CA4D070D5C4-LeaderElection249] INFO  impl.LeaderElection (LeaderElection.java:askForVotes(178)) - d8b77924-76ff-4932-a9fa-7ec761e4cf6b@group-0CA4D070D5C4-LeaderElection249: begin an election at term 7 for 0: [93bc9e78-ae56-4fee-a007-4b156d649157:192.168.157.252:38000, d8b77924-76ff-4932-a9fa-7ec761e4cf6b:192.168.157.252:40377, bd42c95e-cd41-4cbd-85b3-b330cc3c4f94:192.168.157.252:33158], old=null
2019-11-05 11:28:42,904 [687f579d-1680-4dd5-8b24-01f078298cef@group-E95DC8E8582E-LeaderElection248] INFO  impl.LeaderElection (LeaderElection.java:logAndReturn(56)) - 687f579d-1680-4dd5-8b24-01f078298cef@group-E95DC8E8582E-LeaderElection248: Election TIMEOUT; received 1 response(s) [687f579d-1680-4dd5-8b24-01f078298cef<-90ecfa43-dab6-49d9-b30c-40ef62bfdf2a#0:FAIL-t162] and 0 exception(s); 687f579d-1680-4dd5-8b24-01f078298cef@group-E95DC8E8582E:t162, leader=null, voted=687f579d-1680-4dd5-8b24-01f078298cef, raftlog=687f579d-1680-4dd5-8b24-01f078298cef@group-E95DC8E8582E-SegmentedRaftLog:OPENED:c-1,f-1,i0, conf=-1: [90ecfa43-dab6-49d9-b30c-40ef62bfdf2a:192.168.157.252:34192, 687f579d-1680-4dd5-8b24-01f078298cef:192.168.157.252:37962, b8bf4e9b-064a-4520-981c-d6c40c833497:192.168.157.252:43407], old=null
2019-11-05 11:28:42,916 [d8b77924-76ff-4932-a9fa-7ec761e4cf6b@group-0CA4D070D5C4-LeaderElection249] INFO  impl.LeaderElection (LogUtils.java:infoOrTrace(149)) - d8b77924-76ff-4932-a9fa-7ec761e4cf6b@group-0CA4D070D5C4-LeaderElection249 got exception when requesting votes: {}
java.util.concurrent.ExecutionException: org.apache.ratis.thirdparty.io.grpc.StatusRuntimeException: UNAVAILABLE: io exception
	at java.util.concurrent.FutureTask.report(FutureTask.java:122)
	at java.util.concurrent.FutureTask.get(FutureTask.java:192)
	at org.apache.ratis.server.impl.LeaderElection.waitForResults(LeaderElection.java:259)
	at org.apache.ratis.server.impl.LeaderElection.askForVotes(LeaderElection.java:197)
	at org.apache.ratis.server.impl.LeaderElection.run(LeaderElection.java:133)
	at java.lang.Thread.run(Thread.java:748)
Caused by: org.apache.ratis.thirdparty.io.grpc.StatusRuntimeException: UNAVAILABLE: io exception
	at org.apache.ratis.thirdparty.io.grpc.stub.ClientCalls.toStatusRuntimeException(ClientCalls.java:233)
	at org.apache.ratis.thirdparty.io.grpc.stub.ClientCalls.getUnchecked(ClientCalls.java:214)
	at org.apache.ratis.thirdparty.io.grpc.stub.ClientCalls.blockingUnaryCall(ClientCalls.java:139)
	at org.apache.ratis.proto.grpc.RaftServerProtocolServiceGrpc$RaftServerProtocolServiceBlockingStub.requestVote(RaftServerProtocolServiceGrpc.java:265)
	at org.apache.ratis.grpc.server.GrpcServerProtocolClient.requestVote(GrpcServerProtocolClient.java:99)
	at org.apache.ratis.grpc.server.GrpcService.requestVote(GrpcService.java:204)
	at org.apache.ratis.server.impl.LeaderElection.lambda$submitRequests$1(LeaderElection.java:234)
	at java.util.concurrent.FutureTask.run(FutureTask.java:266)
	at java.util.concurrent.Executors$RunnableAdapter.call(Executors.java:511)
	at java.util.concurrent.FutureTask.run(FutureTask.java:266)
	at java.util.concurrent.ThreadPoolExecutor.runWorker(ThreadPoolExecutor.java:1149)
	at java.util.concurrent.ThreadPoolExecutor$Worker.run(ThreadPoolExecutor.java:624)
	... 1 more
Caused by: org.apache.ratis.thirdparty.io.netty.channel.AbstractChannel$AnnotatedConnectException: Connection refused: /192.168.157.252:38000
	at sun.nio.ch.SocketChannelImpl.checkConnect(Native Method)
	at sun.nio.ch.SocketChannelImpl.finishConnect(SocketChannelImpl.java:717)
	at org.apache.ratis.thirdparty.io.netty.channel.socket.nio.NioSocketChannel.doFinishConnect(NioSocketChannel.java:327)
	at org.apache.ratis.thirdparty.io.netty.channel.nio.AbstractNioChannel$AbstractNioUnsafe.finishConnect(AbstractNioChannel.java:340)
	at org.apache.ratis.thirdparty.io.netty.channel.nio.NioEventLoop.processSelectedKey(NioEventLoop.java:632)
	at org.apache.ratis.thirdparty.io.netty.channel.nio.NioEventLoop.processSelectedKeysOptimized(NioEventLoop.java:579)
	at org.apache.ratis.thirdparty.io.netty.channel.nio.NioEventLoop.processSelectedKeys(NioEventLoop.java:496)
	at org.apache.ratis.thirdparty.io.netty.channel.nio.NioEventLoop.run(NioEventLoop.java:458)
	at org.apache.ratis.thirdparty.io.netty.util.concurrent.SingleThreadEventExecutor$5.run(SingleThreadEventExecutor.java:897)
	at org.apache.ratis.thirdparty.io.netty.util.concurrent.FastThreadLocalRunnable.run(FastThreadLocalRunnable.java:30)
	... 1 more
Caused by: java.net.ConnectException: Connection refused
	... 11 more
2019-11-05 11:28:42,929 [687f579d-1680-4dd5-8b24-01f078298cef@group-E95DC8E8582E-LeaderElection248] INFO  impl.LeaderElection (LeaderElection.java:askForVotes(178)) - 687f579d-1680-4dd5-8b24-01f078298cef@group-E95DC8E8582E-LeaderElection248: begin an election at term 163 for -1: [90ecfa43-dab6-49d9-b30c-40ef62bfdf2a:192.168.157.252:34192, 687f579d-1680-4dd5-8b24-01f078298cef:192.168.157.252:37962, b8bf4e9b-064a-4520-981c-d6c40c833497:192.168.157.252:43407], old=null
2019-11-05 11:28:42,929 [d8b77924-76ff-4932-a9fa-7ec761e4cf6b@group-0CA4D070D5C4-LeaderElection249] INFO  impl.LeaderElection (LogUtils.java:infoOrTrace(149)) - d8b77924-76ff-4932-a9fa-7ec761e4cf6b@group-0CA4D070D5C4-LeaderElection249 got exception when requesting votes: {}
java.util.concurrent.ExecutionException: org.apache.ratis.thirdparty.io.grpc.StatusRuntimeException: UNAVAILABLE: io exception
	at java.util.concurrent.FutureTask.report(FutureTask.java:122)
	at java.util.concurrent.FutureTask.get(FutureTask.java:192)
	at org.apache.ratis.server.impl.LeaderElection.waitForResults(LeaderElection.java:259)
	at org.apache.ratis.server.impl.LeaderElection.askForVotes(LeaderElection.java:197)
	at org.apache.ratis.server.impl.LeaderElection.run(LeaderElection.java:133)
	at java.lang.Thread.run(Thread.java:748)
Caused by: org.apache.ratis.thirdparty.io.grpc.StatusRuntimeException: UNAVAILABLE: io exception
	at org.apache.ratis.thirdparty.io.grpc.stub.ClientCalls.toStatusRuntimeException(ClientCalls.java:233)
	at org.apache.ratis.thirdparty.io.grpc.stub.ClientCalls.getUnchecked(ClientCalls.java:214)
	at org.apache.ratis.thirdparty.io.grpc.stub.ClientCalls.blockingUnaryCall(ClientCalls.java:139)
	at org.apache.ratis.proto.grpc.RaftServerProtocolServiceGrpc$RaftServerProtocolServiceBlockingStub.requestVote(RaftServerProtocolServiceGrpc.java:265)
	at org.apache.ratis.grpc.server.GrpcServerProtocolClient.requestVote(GrpcServerProtocolClient.java:99)
	at org.apache.ratis.grpc.server.GrpcService.requestVote(GrpcService.java:204)
	at org.apache.ratis.server.impl.LeaderElection.lambda$submitRequests$1(LeaderElection.java:234)
	at java.util.concurrent.FutureTask.run(FutureTask.java:266)
	at java.util.concurrent.Executors$RunnableAdapter.call(Executors.java:511)
	at java.util.concurrent.FutureTask.run(FutureTask.java:266)
	at java.util.concurrent.ThreadPoolExecutor.runWorker(ThreadPoolExecutor.java:1149)
	at java.util.concurrent.ThreadPoolExecutor$Worker.run(ThreadPoolExecutor.java:624)
	... 1 more
Caused by: org.apache.ratis.thirdparty.io.netty.channel.AbstractChannel$AnnotatedConnectException: Connection refused: /192.168.157.252:33158
	at sun.nio.ch.SocketChannelImpl.checkConnect(Native Method)
	at sun.nio.ch.SocketChannelImpl.finishConnect(SocketChannelImpl.java:717)
	at org.apache.ratis.thirdparty.io.netty.channel.socket.nio.NioSocketChannel.doFinishConnect(NioSocketChannel.java:327)
	at org.apache.ratis.thirdparty.io.netty.channel.nio.AbstractNioChannel$AbstractNioUnsafe.finishConnect(AbstractNioChannel.java:340)
	at org.apache.ratis.thirdparty.io.netty.channel.nio.NioEventLoop.processSelectedKey(NioEventLoop.java:632)
	at org.apache.ratis.thirdparty.io.netty.channel.nio.NioEventLoop.processSelectedKeysOptimized(NioEventLoop.java:579)
	at org.apache.ratis.thirdparty.io.netty.channel.nio.NioEventLoop.processSelectedKeys(NioEventLoop.java:496)
	at org.apache.ratis.thirdparty.io.netty.channel.nio.NioEventLoop.run(NioEventLoop.java:458)
	at org.apache.ratis.thirdparty.io.netty.util.concurrent.SingleThreadEventExecutor$5.run(SingleThreadEventExecutor.java:897)
	at org.apache.ratis.thirdparty.io.netty.util.concurrent.FastThreadLocalRunnable.run(FastThreadLocalRunnable.java:30)
	... 1 more
Caused by: java.net.ConnectException: Connection refused
	... 11 more
2019-11-05 11:28:42,932 [d8b77924-76ff-4932-a9fa-7ec761e4cf6b@group-0CA4D070D5C4-LeaderElection249] INFO  impl.LeaderElection (LeaderElection.java:logAndReturn(56)) - d8b77924-76ff-4932-a9fa-7ec761e4cf6b@group-0CA4D070D5C4-LeaderElection249: Election REJECTED; received 0 response(s) [] and 2 exception(s); d8b77924-76ff-4932-a9fa-7ec761e4cf6b@group-0CA4D070D5C4:t7, leader=null, voted=d8b77924-76ff-4932-a9fa-7ec761e4cf6b, raftlog=d8b77924-76ff-4932-a9fa-7ec761e4cf6b@group-0CA4D070D5C4-SegmentedRaftLog:OPENED:c20,f20,i20, conf=0: [93bc9e78-ae56-4fee-a007-4b156d649157:192.168.157.252:38000, d8b77924-76ff-4932-a9fa-7ec761e4cf6b:192.168.157.252:40377, bd42c95e-cd41-4cbd-85b3-b330cc3c4f94:192.168.157.252:33158], old=null
2019-11-05 11:28:42,932 [d8b77924-76ff-4932-a9fa-7ec761e4cf6b@group-0CA4D070D5C4-LeaderElection249] INFO  impl.LeaderElection (LogUtils.java:infoOrTrace(149)) -   Exception 0: {}
java.util.concurrent.ExecutionException: org.apache.ratis.thirdparty.io.grpc.StatusRuntimeException: UNAVAILABLE: io exception
	at java.util.concurrent.FutureTask.report(FutureTask.java:122)
	at java.util.concurrent.FutureTask.get(FutureTask.java:192)
	at org.apache.ratis.server.impl.LeaderElection.waitForResults(LeaderElection.java:259)
	at org.apache.ratis.server.impl.LeaderElection.askForVotes(LeaderElection.java:197)
	at org.apache.ratis.server.impl.LeaderElection.run(LeaderElection.java:133)
	at java.lang.Thread.run(Thread.java:748)
Caused by: org.apache.ratis.thirdparty.io.grpc.StatusRuntimeException: UNAVAILABLE: io exception
	at org.apache.ratis.thirdparty.io.grpc.stub.ClientCalls.toStatusRuntimeException(ClientCalls.java:233)
	at org.apache.ratis.thirdparty.io.grpc.stub.ClientCalls.getUnchecked(ClientCalls.java:214)
	at org.apache.ratis.thirdparty.io.grpc.stub.ClientCalls.blockingUnaryCall(ClientCalls.java:139)
	at org.apache.ratis.proto.grpc.RaftServerProtocolServiceGrpc$RaftServerProtocolServiceBlockingStub.requestVote(RaftServerProtocolServiceGrpc.java:265)
	at org.apache.ratis.grpc.server.GrpcServerProtocolClient.requestVote(GrpcServerProtocolClient.java:99)
	at org.apache.ratis.grpc.server.GrpcService.requestVote(GrpcService.java:204)
	at org.apache.ratis.server.impl.LeaderElection.lambda$submitRequests$1(LeaderElection.java:234)
	at java.util.concurrent.FutureTask.run(FutureTask.java:266)
	at java.util.concurrent.Executors$RunnableAdapter.call(Executors.java:511)
	at java.util.concurrent.FutureTask.run(FutureTask.java:266)
	at java.util.concurrent.ThreadPoolExecutor.runWorker(ThreadPoolExecutor.java:1149)
	at java.util.concurrent.ThreadPoolExecutor$Worker.run(ThreadPoolExecutor.java:624)
	... 1 more
Caused by: org.apache.ratis.thirdparty.io.netty.channel.AbstractChannel$AnnotatedConnectException: Connection refused: /192.168.157.252:38000
	at sun.nio.ch.SocketChannelImpl.checkConnect(Native Method)
	at sun.nio.ch.SocketChannelImpl.finishConnect(SocketChannelImpl.java:717)
	at org.apache.ratis.thirdparty.io.netty.channel.socket.nio.NioSocketChannel.doFinishConnect(NioSocketChannel.java:327)
	at org.apache.ratis.thirdparty.io.netty.channel.nio.AbstractNioChannel$AbstractNioUnsafe.finishConnect(AbstractNioChannel.java:340)
	at org.apache.ratis.thirdparty.io.netty.channel.nio.NioEventLoop.processSelectedKey(NioEventLoop.java:632)
	at org.apache.ratis.thirdparty.io.netty.channel.nio.NioEventLoop.processSelectedKeysOptimized(NioEventLoop.java:579)
	at org.apache.ratis.thirdparty.io.netty.channel.nio.NioEventLoop.processSelectedKeys(NioEventLoop.java:496)
	at org.apache.ratis.thirdparty.io.netty.channel.nio.NioEventLoop.run(NioEventLoop.java:458)
	at org.apache.ratis.thirdparty.io.netty.util.concurrent.SingleThreadEventExecutor$5.run(SingleThreadEventExecutor.java:897)
	at org.apache.ratis.thirdparty.io.netty.util.concurrent.FastThreadLocalRunnable.run(FastThreadLocalRunnable.java:30)
	... 1 more
Caused by: java.net.ConnectException: Connection refused
	... 11 more
2019-11-05 11:28:42,932 [d8b77924-76ff-4932-a9fa-7ec761e4cf6b@group-0CA4D070D5C4-LeaderElection249] INFO  impl.LeaderElection (LogUtils.java:infoOrTrace(149)) -   Exception 1: {}
java.util.concurrent.ExecutionException: org.apache.ratis.thirdparty.io.grpc.StatusRuntimeException: UNAVAILABLE: io exception
	at java.util.concurrent.FutureTask.report(FutureTask.java:122)
	at java.util.concurrent.FutureTask.get(FutureTask.java:192)
	at org.apache.ratis.server.impl.LeaderElection.waitForResults(LeaderElection.java:259)
	at org.apache.ratis.server.impl.LeaderElection.askForVotes(LeaderElection.java:197)
	at org.apache.ratis.server.impl.LeaderElection.run(LeaderElection.java:133)
	at java.lang.Thread.run(Thread.java:748)
Caused by: org.apache.ratis.thirdparty.io.grpc.StatusRuntimeException: UNAVAILABLE: io exception
	at org.apache.ratis.thirdparty.io.grpc.stub.ClientCalls.toStatusRuntimeException(ClientCalls.java:233)
	at org.apache.ratis.thirdparty.io.grpc.stub.ClientCalls.getUnchecked(ClientCalls.java:214)
	at org.apache.ratis.thirdparty.io.grpc.stub.ClientCalls.blockingUnaryCall(ClientCalls.java:139)
	at org.apache.ratis.proto.grpc.RaftServerProtocolServiceGrpc$RaftServerProtocolServiceBlockingStub.requestVote(RaftServerProtocolServiceGrpc.java:265)
	at org.apache.ratis.grpc.server.GrpcServerProtocolClient.requestVote(GrpcServerProtocolClient.java:99)
	at org.apache.ratis.grpc.server.GrpcService.requestVote(GrpcService.java:204)
	at org.apache.ratis.server.impl.LeaderElection.lambda$submitRequests$1(LeaderElection.java:234)
	at java.util.concurrent.FutureTask.run(FutureTask.java:266)
	at java.util.concurrent.Executors$RunnableAdapter.call(Executors.java:511)
	at java.util.concurrent.FutureTask.run(FutureTask.java:266)
	at java.util.concurrent.ThreadPoolExecutor.runWorker(ThreadPoolExecutor.java:1149)
	at java.util.concurrent.ThreadPoolExecutor$Worker.run(ThreadPoolExecutor.java:624)
	... 1 more
Caused by: org.apache.ratis.thirdparty.io.netty.channel.AbstractChannel$AnnotatedConnectException: Connection refused: /192.168.157.252:33158
	at sun.nio.ch.SocketChannelImpl.checkConnect(Native Method)
	at sun.nio.ch.SocketChannelImpl.finishConnect(SocketChannelImpl.java:717)
	at org.apache.ratis.thirdparty.io.netty.channel.socket.nio.NioSocketChannel.doFinishConnect(NioSocketChannel.java:327)
	at org.apache.ratis.thirdparty.io.netty.channel.nio.AbstractNioChannel$AbstractNioUnsafe.finishConnect(AbstractNioChannel.java:340)
	at org.apache.ratis.thirdparty.io.netty.channel.nio.NioEventLoop.processSelectedKey(NioEventLoop.java:632)
	at org.apache.ratis.thirdparty.io.netty.channel.nio.NioEventLoop.processSelectedKeysOptimized(NioEventLoop.java:579)
	at org.apache.ratis.thirdparty.io.netty.channel.nio.NioEventLoop.processSelectedKeys(NioEventLoop.java:496)
	at org.apache.ratis.thirdparty.io.netty.channel.nio.NioEventLoop.run(NioEventLoop.java:458)
	at org.apache.ratis.thirdparty.io.netty.util.concurrent.SingleThreadEventExecutor$5.run(SingleThreadEventExecutor.java:897)
	at org.apache.ratis.thirdparty.io.netty.util.concurrent.FastThreadLocalRunnable.run(FastThreadLocalRunnable.java:30)
	... 1 more
Caused by: java.net.ConnectException: Connection refused
	... 11 more
2019-11-05 11:28:42,933 [d8b77924-76ff-4932-a9fa-7ec761e4cf6b@group-0CA4D070D5C4-LeaderElection249] INFO  impl.RaftServerImpl (RaftServerImpl.java:setRole(184)) - d8b77924-76ff-4932-a9fa-7ec761e4cf6b@group-0CA4D070D5C4: changes role from CANDIDATE to FOLLOWER at term 7 for DISCOVERED_A_NEW_TERM
2019-11-05 11:28:42,933 [d8b77924-76ff-4932-a9fa-7ec761e4cf6b@group-0CA4D070D5C4-LeaderElection249] INFO  impl.RoleInfo (RoleInfo.java:shutdownLeaderElection(134)) - d8b77924-76ff-4932-a9fa-7ec761e4cf6b: shutdown LeaderElection
2019-11-05 11:28:42,933 [d8b77924-76ff-4932-a9fa-7ec761e4cf6b@group-0CA4D070D5C4-LeaderElection249] INFO  impl.RoleInfo (RoleInfo.java:updateAndGet(143)) - d8b77924-76ff-4932-a9fa-7ec761e4cf6b: start FollowerState
2019-11-05 11:28:42,933 [grpc-default-executor-9] INFO  impl.RaftServerImpl (RaftServerImpl.java:setRole(184)) - b8bf4e9b-064a-4520-981c-d6c40c833497@group-E95DC8E8582E: changes role from  FOLLOWER to FOLLOWER at term 163 for recognizeCandidate:687f579d-1680-4dd5-8b24-01f078298cef
2019-11-05 11:28:42,933 [grpc-default-executor-9] INFO  impl.RoleInfo (RoleInfo.java:shutdownFollowerState(121)) - b8bf4e9b-064a-4520-981c-d6c40c833497: shutdown FollowerState
2019-11-05 11:28:42,933 [grpc-default-executor-4] INFO  impl.RaftServerImpl (RaftServerImpl.java:setRole(184)) - 90ecfa43-dab6-49d9-b30c-40ef62bfdf2a@group-E95DC8E8582E: changes role from  FOLLOWER to FOLLOWER at term 163 for recognizeCandidate:687f579d-1680-4dd5-8b24-01f078298cef
2019-11-05 11:28:42,933 [Thread-2250] INFO  impl.FollowerState (FollowerState.java:run(117)) - b8bf4e9b-064a-4520-981c-d6c40c833497@group-E95DC8E8582E-FollowerState was interrupted: java.lang.InterruptedException: sleep interrupted
2019-11-05 11:28:42,933 [grpc-default-executor-9] INFO  impl.RoleInfo (RoleInfo.java:updateAndGet(143)) - b8bf4e9b-064a-4520-981c-d6c40c833497: start FollowerState
2019-11-05 11:28:42,933 [grpc-default-executor-4] INFO  impl.RoleInfo (RoleInfo.java:shutdownFollowerState(121)) - 90ecfa43-dab6-49d9-b30c-40ef62bfdf2a: shutdown FollowerState
2019-11-05 11:28:42,934 [Thread-2251] INFO  impl.FollowerState (FollowerState.java:run(117)) - 90ecfa43-dab6-49d9-b30c-40ef62bfdf2a@group-E95DC8E8582E-FollowerState was interrupted: java.lang.InterruptedException: sleep interrupted
2019-11-05 11:28:42,934 [grpc-default-executor-4] INFO  impl.RoleInfo (RoleInfo.java:updateAndGet(143)) - 90ecfa43-dab6-49d9-b30c-40ef62bfdf2a: start FollowerState
2019-11-05 11:28:42,950 [687f579d-1680-4dd5-8b24-01f078298cef@group-E95DC8E8582E-LeaderElection248] INFO  impl.LeaderElection (LeaderElection.java:logAndReturn(56)) - 687f579d-1680-4dd5-8b24-01f078298cef@group-E95DC8E8582E-LeaderElection248: Election REJECTED; received 2 response(s) [687f579d-1680-4dd5-8b24-01f078298cef<-90ecfa43-dab6-49d9-b30c-40ef62bfdf2a#0:FAIL-t163, 687f579d-1680-4dd5-8b24-01f078298cef<-b8bf4e9b-064a-4520-981c-d6c40c833497#0:FAIL-t163] and 0 exception(s); 687f579d-1680-4dd5-8b24-01f078298cef@group-E95DC8E8582E:t163, leader=null, voted=687f579d-1680-4dd5-8b24-01f078298cef, raftlog=687f579d-1680-4dd5-8b24-01f078298cef@group-E95DC8E8582E-SegmentedRaftLog:OPENED:c-1,f-1,i0, conf=-1: [90ecfa43-dab6-49d9-b30c-40ef62bfdf2a:192.168.157.252:34192, 687f579d-1680-4dd5-8b24-01f078298cef:192.168.157.252:37962, b8bf4e9b-064a-4520-981c-d6c40c833497:192.168.157.252:43407], old=null
2019-11-05 11:28:42,951 [687f579d-1680-4dd5-8b24-01f078298cef@group-E95DC8E8582E-LeaderElection248] INFO  impl.RaftServerImpl (RaftServerImpl.java:setRole(184)) - 687f579d-1680-4dd5-8b24-01f078298cef@group-E95DC8E8582E: changes role from CANDIDATE to FOLLOWER at term 163 for DISCOVERED_A_NEW_TERM
2019-11-05 11:28:42,951 [687f579d-1680-4dd5-8b24-01f078298cef@group-E95DC8E8582E-LeaderElection248] INFO  impl.RoleInfo (RoleInfo.java:shutdownLeaderElection(134)) - 687f579d-1680-4dd5-8b24-01f078298cef: shutdown LeaderElection
2019-11-05 11:28:42,951 [687f579d-1680-4dd5-8b24-01f078298cef@group-E95DC8E8582E-LeaderElection248] INFO  impl.RoleInfo (RoleInfo.java:updateAndGet(143)) - 687f579d-1680-4dd5-8b24-01f078298cef: start FollowerState
2019-11-05 11:28:42,989 [Thread-2260] INFO  impl.FollowerState (FollowerState.java:run(108)) - 687f579d-1680-4dd5-8b24-01f078298cef@group-E95DC8E8582E-FollowerState: change to CANDIDATE, lastRpcTime:38ms, electionTimeout:38ms
2019-11-05 11:28:42,990 [Thread-2260] INFO  impl.RoleInfo (RoleInfo.java:shutdownFollowerState(121)) - 687f579d-1680-4dd5-8b24-01f078298cef: shutdown FollowerState
2019-11-05 11:28:42,990 [Thread-2260] INFO  impl.RaftServerImpl (RaftServerImpl.java:setRole(184)) - 687f579d-1680-4dd5-8b24-01f078298cef@group-E95DC8E8582E: changes role from  FOLLOWER to CANDIDATE at term 163 for changeToCandidate
2019-11-05 11:28:42,990 [Thread-2260] INFO  impl.RoleInfo (RoleInfo.java:updateAndGet(143)) - 687f579d-1680-4dd5-8b24-01f078298cef: start LeaderElection
2019-11-05 11:28:43,004 [687f579d-1680-4dd5-8b24-01f078298cef@group-E95DC8E8582E-LeaderElection250] INFO  impl.LeaderElection (LeaderElection.java:askForVotes(178)) - 687f579d-1680-4dd5-8b24-01f078298cef@group-E95DC8E8582E-LeaderElection250: begin an election at term 164 for -1: [90ecfa43-dab6-49d9-b30c-40ef62bfdf2a:192.168.157.252:34192, 687f579d-1680-4dd5-8b24-01f078298cef:192.168.157.252:37962, b8bf4e9b-064a-4520-981c-d6c40c833497:192.168.157.252:43407], old=null
2019-11-05 11:28:43,007 [grpc-default-executor-4] INFO  impl.RaftServerImpl (RaftServerImpl.java:setRole(184)) - 90ecfa43-dab6-49d9-b30c-40ef62bfdf2a@group-E95DC8E8582E: changes role from  FOLLOWER to FOLLOWER at term 164 for recognizeCandidate:687f579d-1680-4dd5-8b24-01f078298cef
2019-11-05 11:28:43,007 [grpc-default-executor-9] INFO  impl.RaftServerImpl (RaftServerImpl.java:setRole(184)) - b8bf4e9b-064a-4520-981c-d6c40c833497@group-E95DC8E8582E: changes role from  FOLLOWER to FOLLOWER at term 164 for recognizeCandidate:687f579d-1680-4dd5-8b24-01f078298cef
2019-11-05 11:28:43,008 [grpc-default-executor-9] INFO  impl.RoleInfo (RoleInfo.java:shutdownFollowerState(121)) - b8bf4e9b-064a-4520-981c-d6c40c833497: shutdown FollowerState
2019-11-05 11:28:43,008 [grpc-default-executor-4] INFO  impl.RoleInfo (RoleInfo.java:shutdownFollowerState(121)) - 90ecfa43-dab6-49d9-b30c-40ef62bfdf2a: shutdown FollowerState
2019-11-05 11:28:43,008 [grpc-default-executor-9] INFO  impl.RoleInfo (RoleInfo.java:updateAndGet(143)) - b8bf4e9b-064a-4520-981c-d6c40c833497: start FollowerState
2019-11-05 11:28:43,008 [Thread-2259] INFO  impl.FollowerState (FollowerState.java:run(117)) - 90ecfa43-dab6-49d9-b30c-40ef62bfdf2a@group-E95DC8E8582E-FollowerState was interrupted: java.lang.InterruptedException: sleep interrupted
2019-11-05 11:28:43,008 [grpc-default-executor-4] INFO  impl.RoleInfo (RoleInfo.java:updateAndGet(143)) - 90ecfa43-dab6-49d9-b30c-40ef62bfdf2a: start FollowerState
2019-11-05 11:28:43,009 [Thread-2258] INFO  impl.FollowerState (FollowerState.java:run(117)) - b8bf4e9b-064a-4520-981c-d6c40c833497@group-E95DC8E8582E-FollowerState was interrupted: java.lang.InterruptedException: sleep interrupted
2019-11-05 11:28:43,022 [687f579d-1680-4dd5-8b24-01f078298cef@group-E95DC8E8582E-LeaderElection250] INFO  impl.LeaderElection (LeaderElection.java:logAndReturn(56)) - 687f579d-1680-4dd5-8b24-01f078298cef@group-E95DC8E8582E-LeaderElection250: Election REJECTED; received 2 response(s) [687f579d-1680-4dd5-8b24-01f078298cef<-90ecfa43-dab6-49d9-b30c-40ef62bfdf2a#0:FAIL-t164, 687f579d-1680-4dd5-8b24-01f078298cef<-b8bf4e9b-064a-4520-981c-d6c40c833497#0:FAIL-t164] and 0 exception(s); 687f579d-1680-4dd5-8b24-01f078298cef@group-E95DC8E8582E:t164, leader=null, voted=687f579d-1680-4dd5-8b24-01f078298cef, raftlog=687f579d-1680-4dd5-8b24-01f078298cef@group-E95DC8E8582E-SegmentedRaftLog:OPENED:c-1,f-1,i0, conf=-1: [90ecfa43-dab6-49d9-b30c-40ef62bfdf2a:192.168.157.252:34192, 687f579d-1680-4dd5-8b24-01f078298cef:192.168.157.252:37962, b8bf4e9b-064a-4520-981c-d6c40c833497:192.168.157.252:43407], old=null
2019-11-05 11:28:43,022 [687f579d-1680-4dd5-8b24-01f078298cef@group-E95DC8E8582E-LeaderElection250] INFO  impl.RaftServerImpl (RaftServerImpl.java:setRole(184)) - 687f579d-1680-4dd5-8b24-01f078298cef@group-E95DC8E8582E: changes role from CANDIDATE to FOLLOWER at term 164 for DISCOVERED_A_NEW_TERM
2019-11-05 11:28:43,022 [687f579d-1680-4dd5-8b24-01f078298cef@group-E95DC8E8582E-LeaderElection250] INFO  impl.RoleInfo (RoleInfo.java:shutdownLeaderElection(134)) - 687f579d-1680-4dd5-8b24-01f078298cef: shutdown LeaderElection
2019-11-05 11:28:43,023 [687f579d-1680-4dd5-8b24-01f078298cef@group-E95DC8E8582E-LeaderElection250] INFO  impl.RoleInfo (RoleInfo.java:updateAndGet(143)) - 687f579d-1680-4dd5-8b24-01f078298cef: start FollowerState
2019-11-05 11:28:43,054 [Thread-2266] INFO  impl.FollowerState (FollowerState.java:run(108)) - 687f579d-1680-4dd5-8b24-01f078298cef@group-E95DC8E8582E-FollowerState: change to CANDIDATE, lastRpcTime:31ms, electionTimeout:31ms
2019-11-05 11:28:43,054 [Thread-2266] INFO  impl.RoleInfo (RoleInfo.java:shutdownFollowerState(121)) - 687f579d-1680-4dd5-8b24-01f078298cef: shutdown FollowerState
2019-11-05 11:28:43,054 [Thread-2266] INFO  impl.RaftServerImpl (RaftServerImpl.java:setRole(184)) - 687f579d-1680-4dd5-8b24-01f078298cef@group-E95DC8E8582E: changes role from  FOLLOWER to CANDIDATE at term 164 for changeToCandidate
2019-11-05 11:28:43,055 [Thread-2266] INFO  impl.RoleInfo (RoleInfo.java:updateAndGet(143)) - 687f579d-1680-4dd5-8b24-01f078298cef: start LeaderElection
2019-11-05 11:28:43,072 [687f579d-1680-4dd5-8b24-01f078298cef@group-E95DC8E8582E-LeaderElection251] INFO  impl.LeaderElection (LeaderElection.java:askForVotes(178)) - 687f579d-1680-4dd5-8b24-01f078298cef@group-E95DC8E8582E-LeaderElection251: begin an election at term 165 for -1: [90ecfa43-dab6-49d9-b30c-40ef62bfdf2a:192.168.157.252:34192, 687f579d-1680-4dd5-8b24-01f078298cef:192.168.157.252:37962, b8bf4e9b-064a-4520-981c-d6c40c833497:192.168.157.252:43407], old=null
2019-11-05 11:28:43,073 [grpc-default-executor-4] INFO  impl.RaftServerImpl (RaftServerImpl.java:setRole(184)) - b8bf4e9b-064a-4520-981c-d6c40c833497@group-E95DC8E8582E: changes role from  FOLLOWER to FOLLOWER at term 165 for recognizeCandidate:687f579d-1680-4dd5-8b24-01f078298cef
2019-11-05 11:28:43,073 [grpc-default-executor-9] INFO  impl.RaftServerImpl (RaftServerImpl.java:setRole(184)) - 90ecfa43-dab6-49d9-b30c-40ef62bfdf2a@group-E95DC8E8582E: changes role from  FOLLOWER to FOLLOWER at term 165 for recognizeCandidate:687f579d-1680-4dd5-8b24-01f078298cef
2019-11-05 11:28:43,073 [grpc-default-executor-4] INFO  impl.RoleInfo (RoleInfo.java:shutdownFollowerState(121)) - b8bf4e9b-064a-4520-981c-d6c40c833497: shutdown FollowerState
2019-11-05 11:28:43,074 [grpc-default-executor-9] INFO  impl.RoleInfo (RoleInfo.java:shutdownFollowerState(121)) - 90ecfa43-dab6-49d9-b30c-40ef62bfdf2a: shutdown FollowerState
2019-11-05 11:28:43,074 [grpc-default-executor-4] INFO  impl.RoleInfo (RoleInfo.java:updateAndGet(143)) - b8bf4e9b-064a-4520-981c-d6c40c833497: start FollowerState
2019-11-05 11:28:43,074 [Thread-2265] INFO  impl.FollowerState (FollowerState.java:run(117)) - 90ecfa43-dab6-49d9-b30c-40ef62bfdf2a@group-E95DC8E8582E-FollowerState was interrupted: java.lang.InterruptedException: sleep interrupted
2019-11-05 11:28:43,074 [Thread-2264] INFO  impl.FollowerState (FollowerState.java:run(117)) - b8bf4e9b-064a-4520-981c-d6c40c833497@group-E95DC8E8582E-FollowerState was interrupted: java.lang.InterruptedException: sleep interrupted
2019-11-05 11:28:43,074 [grpc-default-executor-9] INFO  impl.RoleInfo (RoleInfo.java:updateAndGet(143)) - 90ecfa43-dab6-49d9-b30c-40ef62bfdf2a: start FollowerState
2019-11-05 11:28:43,117 [687f579d-1680-4dd5-8b24-01f078298cef@group-E95DC8E8582E-LeaderElection251] INFO  impl.LeaderElection (LeaderElection.java:logAndReturn(56)) - 687f579d-1680-4dd5-8b24-01f078298cef@group-E95DC8E8582E-LeaderElection251: Election REJECTED; received 2 response(s) [687f579d-1680-4dd5-8b24-01f078298cef<-90ecfa43-dab6-49d9-b30c-40ef62bfdf2a#0:FAIL-t165, 687f579d-1680-4dd5-8b24-01f078298cef<-b8bf4e9b-064a-4520-981c-d6c40c833497#0:FAIL-t165] and 0 exception(s); 687f579d-1680-4dd5-8b24-01f078298cef@group-E95DC8E8582E:t165, leader=null, voted=687f579d-1680-4dd5-8b24-01f078298cef, raftlog=687f579d-1680-4dd5-8b24-01f078298cef@group-E95DC8E8582E-SegmentedRaftLog:OPENED:c-1,f-1,i0, conf=-1: [90ecfa43-dab6-49d9-b30c-40ef62bfdf2a:192.168.157.252:34192, 687f579d-1680-4dd5-8b24-01f078298cef:192.168.157.252:37962, b8bf4e9b-064a-4520-981c-d6c40c833497:192.168.157.252:43407], old=null
2019-11-05 11:28:43,120 [687f579d-1680-4dd5-8b24-01f078298cef@group-E95DC8E8582E-LeaderElection251] INFO  impl.RaftServerImpl (RaftServerImpl.java:setRole(184)) - 687f579d-1680-4dd5-8b24-01f078298cef@group-E95DC8E8582E: changes role from CANDIDATE to FOLLOWER at term 165 for DISCOVERED_A_NEW_TERM
2019-11-05 11:28:43,120 [687f579d-1680-4dd5-8b24-01f078298cef@group-E95DC8E8582E-LeaderElection251] INFO  impl.RoleInfo (RoleInfo.java:shutdownLeaderElection(134)) - 687f579d-1680-4dd5-8b24-01f078298cef: shutdown LeaderElection
2019-11-05 11:28:43,120 [687f579d-1680-4dd5-8b24-01f078298cef@group-E95DC8E8582E-LeaderElection251] INFO  impl.RoleInfo (RoleInfo.java:updateAndGet(143)) - 687f579d-1680-4dd5-8b24-01f078298cef: start FollowerState
2019-11-05 11:28:43,136 [Thread-2272] INFO  impl.FollowerState (FollowerState.java:run(108)) - 687f579d-1680-4dd5-8b24-01f078298cef@group-E95DC8E8582E-FollowerState: change to CANDIDATE, lastRpcTime:16ms, electionTimeout:16ms
2019-11-05 11:28:43,136 [Datanode State Machine Thread - 0] INFO  statemachine.DatanodeStateMachine (DatanodeStateMachine.java:lambda$startDaemon$0(350)) - Ozone container server started.
2019-11-05 11:28:43,137 [Thread-2272] INFO  impl.RoleInfo (RoleInfo.java:shutdownFollowerState(121)) - 687f579d-1680-4dd5-8b24-01f078298cef: shutdown FollowerState
2019-11-05 11:28:43,137 [Thread-2272] INFO  impl.RaftServerImpl (RaftServerImpl.java:setRole(184)) - 687f579d-1680-4dd5-8b24-01f078298cef@group-E95DC8E8582E: changes role from  FOLLOWER to CANDIDATE at term 165 for changeToCandidate
2019-11-05 11:28:43,137 [Thread-2272] INFO  impl.RoleInfo (RoleInfo.java:updateAndGet(143)) - 687f579d-1680-4dd5-8b24-01f078298cef: start LeaderElection
2019-11-05 11:28:43,161 [687f579d-1680-4dd5-8b24-01f078298cef@group-E95DC8E8582E-LeaderElection252] INFO  impl.LeaderElection (LeaderElection.java:askForVotes(178)) - 687f579d-1680-4dd5-8b24-01f078298cef@group-E95DC8E8582E-LeaderElection252: begin an election at term 166 for -1: [90ecfa43-dab6-49d9-b30c-40ef62bfdf2a:192.168.157.252:34192, 687f579d-1680-4dd5-8b24-01f078298cef:192.168.157.252:37962, b8bf4e9b-064a-4520-981c-d6c40c833497:192.168.157.252:43407], old=null
2019-11-05 11:28:43,163 [grpc-default-executor-4] INFO  impl.RaftServerImpl (RaftServerImpl.java:setRole(184)) - b8bf4e9b-064a-4520-981c-d6c40c833497@group-E95DC8E8582E: changes role from  FOLLOWER to FOLLOWER at term 166 for recognizeCandidate:687f579d-1680-4dd5-8b24-01f078298cef
2019-11-05 11:28:43,163 [grpc-default-executor-4] INFO  impl.RoleInfo (RoleInfo.java:shutdownFollowerState(121)) - b8bf4e9b-064a-4520-981c-d6c40c833497: shutdown FollowerState
2019-11-05 11:28:43,163 [grpc-default-executor-9] INFO  impl.RaftServerImpl (RaftServerImpl.java:setRole(184)) - 90ecfa43-dab6-49d9-b30c-40ef62bfdf2a@group-E95DC8E8582E: changes role from  FOLLOWER to FOLLOWER at term 166 for recognizeCandidate:687f579d-1680-4dd5-8b24-01f078298cef
2019-11-05 11:28:43,163 [Thread-2270] INFO  impl.FollowerState (FollowerState.java:run(117)) - b8bf4e9b-064a-4520-981c-d6c40c833497@group-E95DC8E8582E-FollowerState was interrupted: java.lang.InterruptedException: sleep interrupted
2019-11-05 11:28:43,163 [grpc-default-executor-4] INFO  impl.RoleInfo (RoleInfo.java:updateAndGet(143)) - b8bf4e9b-064a-4520-981c-d6c40c833497: start FollowerState
2019-11-05 11:28:43,163 [grpc-default-executor-9] INFO  impl.RoleInfo (RoleInfo.java:shutdownFollowerState(121)) - 90ecfa43-dab6-49d9-b30c-40ef62bfdf2a: shutdown FollowerState
2019-11-05 11:28:43,164 [grpc-default-executor-9] INFO  impl.RoleInfo (RoleInfo.java:updateAndGet(143)) - 90ecfa43-dab6-49d9-b30c-40ef62bfdf2a: start FollowerState
2019-11-05 11:28:43,164 [Thread-2271] INFO  impl.FollowerState (FollowerState.java:run(117)) - 90ecfa43-dab6-49d9-b30c-40ef62bfdf2a@group-E95DC8E8582E-FollowerState was interrupted: java.lang.InterruptedException: sleep interrupted
2019-11-05 11:28:43,179 [687f579d-1680-4dd5-8b24-01f078298cef@group-E95DC8E8582E-LeaderElection252] INFO  impl.LeaderElection (LeaderElection.java:logAndReturn(56)) - 687f579d-1680-4dd5-8b24-01f078298cef@group-E95DC8E8582E-LeaderElection252: Election REJECTED; received 2 response(s) [687f579d-1680-4dd5-8b24-01f078298cef<-90ecfa43-dab6-49d9-b30c-40ef62bfdf2a#0:FAIL-t166, 687f579d-1680-4dd5-8b24-01f078298cef<-b8bf4e9b-064a-4520-981c-d6c40c833497#0:FAIL-t166] and 0 exception(s); 687f579d-1680-4dd5-8b24-01f078298cef@group-E95DC8E8582E:t166, leader=null, voted=687f579d-1680-4dd5-8b24-01f078298cef, raftlog=687f579d-1680-4dd5-8b24-01f078298cef@group-E95DC8E8582E-SegmentedRaftLog:OPENED:c-1,f-1,i0, conf=-1: [90ecfa43-dab6-49d9-b30c-40ef62bfdf2a:192.168.157.252:34192, 687f579d-1680-4dd5-8b24-01f078298cef:192.168.157.252:37962, b8bf4e9b-064a-4520-981c-d6c40c833497:192.168.157.252:43407], old=null
2019-11-05 11:28:43,179 [687f579d-1680-4dd5-8b24-01f078298cef@group-E95DC8E8582E-LeaderElection252] INFO  impl.RaftServerImpl (RaftServerImpl.java:setRole(184)) - 687f579d-1680-4dd5-8b24-01f078298cef@group-E95DC8E8582E: changes role from CANDIDATE to FOLLOWER at term 166 for DISCOVERED_A_NEW_TERM
2019-11-05 11:28:43,179 [687f579d-1680-4dd5-8b24-01f078298cef@group-E95DC8E8582E-LeaderElection252] INFO  impl.RoleInfo (RoleInfo.java:shutdownLeaderElection(134)) - 687f579d-1680-4dd5-8b24-01f078298cef: shutdown LeaderElection
2019-11-05 11:28:43,179 [687f579d-1680-4dd5-8b24-01f078298cef@group-E95DC8E8582E-LeaderElection252] INFO  impl.RoleInfo (RoleInfo.java:updateAndGet(143)) - 687f579d-1680-4dd5-8b24-01f078298cef: start FollowerState
2019-11-05 11:28:43,244 [Thread-2278] INFO  impl.FollowerState (FollowerState.java:run(108)) - 687f579d-1680-4dd5-8b24-01f078298cef@group-E95DC8E8582E-FollowerState: change to CANDIDATE, lastRpcTime:64ms, electionTimeout:64ms
2019-11-05 11:28:43,244 [Thread-2278] INFO  impl.RoleInfo (RoleInfo.java:shutdownFollowerState(121)) - 687f579d-1680-4dd5-8b24-01f078298cef: shutdown FollowerState
2019-11-05 11:28:43,244 [Thread-2278] INFO  impl.RaftServerImpl (RaftServerImpl.java:setRole(184)) - 687f579d-1680-4dd5-8b24-01f078298cef@group-E95DC8E8582E: changes role from  FOLLOWER to CANDIDATE at term 166 for changeToCandidate
2019-11-05 11:28:43,245 [Thread-2278] INFO  impl.RoleInfo (RoleInfo.java:updateAndGet(143)) - 687f579d-1680-4dd5-8b24-01f078298cef: start LeaderElection
2019-11-05 11:28:43,255 [687f579d-1680-4dd5-8b24-01f078298cef@group-E95DC8E8582E-LeaderElection253] INFO  impl.LeaderElection (LeaderElection.java:askForVotes(178)) - 687f579d-1680-4dd5-8b24-01f078298cef@group-E95DC8E8582E-LeaderElection253: begin an election at term 167 for -1: [90ecfa43-dab6-49d9-b30c-40ef62bfdf2a:192.168.157.252:34192, 687f579d-1680-4dd5-8b24-01f078298cef:192.168.157.252:37962, b8bf4e9b-064a-4520-981c-d6c40c833497:192.168.157.252:43407], old=null
2019-11-05 11:28:43,258 [grpc-default-executor-4] INFO  impl.RaftServerImpl (RaftServerImpl.java:setRole(184)) - 90ecfa43-dab6-49d9-b30c-40ef62bfdf2a@group-E95DC8E8582E: changes role from  FOLLOWER to FOLLOWER at term 167 for recognizeCandidate:687f579d-1680-4dd5-8b24-01f078298cef
2019-11-05 11:28:43,258 [grpc-default-executor-9] INFO  impl.RaftServerImpl (RaftServerImpl.java:setRole(184)) - b8bf4e9b-064a-4520-981c-d6c40c833497@group-E95DC8E8582E: changes role from  FOLLOWER to FOLLOWER at term 167 for recognizeCandidate:687f579d-1680-4dd5-8b24-01f078298cef
2019-11-05 11:28:43,258 [grpc-default-executor-9] INFO  impl.RoleInfo (RoleInfo.java:shutdownFollowerState(121)) - b8bf4e9b-064a-4520-981c-d6c40c833497: shutdown FollowerState
2019-11-05 11:28:43,258 [grpc-default-executor-4] INFO  impl.RoleInfo (RoleInfo.java:shutdownFollowerState(121)) - 90ecfa43-dab6-49d9-b30c-40ef62bfdf2a: shutdown FollowerState
2019-11-05 11:28:43,258 [grpc-default-executor-9] INFO  impl.RoleInfo (RoleInfo.java:updateAndGet(143)) - b8bf4e9b-064a-4520-981c-d6c40c833497: start FollowerState
2019-11-05 11:28:43,258 [grpc-default-executor-4] INFO  impl.RoleInfo (RoleInfo.java:updateAndGet(143)) - 90ecfa43-dab6-49d9-b30c-40ef62bfdf2a: start FollowerState
2019-11-05 11:28:43,259 [Thread-2276] INFO  impl.FollowerState (FollowerState.java:run(117)) - b8bf4e9b-064a-4520-981c-d6c40c833497@group-E95DC8E8582E-FollowerState was interrupted: java.lang.InterruptedException: sleep interrupted
2019-11-05 11:28:43,259 [Thread-2277] INFO  impl.FollowerState (FollowerState.java:run(117)) - 90ecfa43-dab6-49d9-b30c-40ef62bfdf2a@group-E95DC8E8582E-FollowerState was interrupted: java.lang.InterruptedException: sleep interrupted
2019-11-05 11:28:43,290 [687f579d-1680-4dd5-8b24-01f078298cef@group-E95DC8E8582E-LeaderElection253] INFO  impl.LeaderElection (LeaderElection.java:logAndReturn(56)) - 687f579d-1680-4dd5-8b24-01f078298cef@group-E95DC8E8582E-LeaderElection253: Election REJECTED; received 2 response(s) [687f579d-1680-4dd5-8b24-01f078298cef<-90ecfa43-dab6-49d9-b30c-40ef62bfdf2a#0:FAIL-t167, 687f579d-1680-4dd5-8b24-01f078298cef<-b8bf4e9b-064a-4520-981c-d6c40c833497#0:FAIL-t167] and 0 exception(s); 687f579d-1680-4dd5-8b24-01f078298cef@group-E95DC8E8582E:t167, leader=null, voted=687f579d-1680-4dd5-8b24-01f078298cef, raftlog=687f579d-1680-4dd5-8b24-01f078298cef@group-E95DC8E8582E-SegmentedRaftLog:OPENED:c-1,f-1,i0, conf=-1: [90ecfa43-dab6-49d9-b30c-40ef62bfdf2a:192.168.157.252:34192, 687f579d-1680-4dd5-8b24-01f078298cef:192.168.157.252:37962, b8bf4e9b-064a-4520-981c-d6c40c833497:192.168.157.252:43407], old=null
2019-11-05 11:28:43,291 [687f579d-1680-4dd5-8b24-01f078298cef@group-E95DC8E8582E-LeaderElection253] INFO  impl.RaftServerImpl (RaftServerImpl.java:setRole(184)) - 687f579d-1680-4dd5-8b24-01f078298cef@group-E95DC8E8582E: changes role from CANDIDATE to FOLLOWER at term 167 for DISCOVERED_A_NEW_TERM
2019-11-05 11:28:43,291 [687f579d-1680-4dd5-8b24-01f078298cef@group-E95DC8E8582E-LeaderElection253] INFO  impl.RoleInfo (RoleInfo.java:shutdownLeaderElection(134)) - 687f579d-1680-4dd5-8b24-01f078298cef: shutdown LeaderElection
2019-11-05 11:28:43,291 [687f579d-1680-4dd5-8b24-01f078298cef@group-E95DC8E8582E-LeaderElection253] INFO  impl.RoleInfo (RoleInfo.java:updateAndGet(143)) - 687f579d-1680-4dd5-8b24-01f078298cef: start FollowerState
2019-11-05 11:28:43,392 [Thread-2284] INFO  impl.FollowerState (FollowerState.java:run(108)) - 687f579d-1680-4dd5-8b24-01f078298cef@group-E95DC8E8582E-FollowerState: change to CANDIDATE, lastRpcTime:101ms, electionTimeout:101ms
2019-11-05 11:28:43,393 [Thread-2284] INFO  impl.RoleInfo (RoleInfo.java:shutdownFollowerState(121)) - 687f579d-1680-4dd5-8b24-01f078298cef: shutdown FollowerState
2019-11-05 11:28:43,393 [Thread-2284] INFO  impl.RaftServerImpl (RaftServerImpl.java:setRole(184)) - 687f579d-1680-4dd5-8b24-01f078298cef@group-E95DC8E8582E: changes role from  FOLLOWER to CANDIDATE at term 167 for changeToCandidate
2019-11-05 11:28:43,393 [Thread-2284] INFO  impl.RoleInfo (RoleInfo.java:updateAndGet(143)) - 687f579d-1680-4dd5-8b24-01f078298cef: start LeaderElection
2019-11-05 11:28:43,446 [687f579d-1680-4dd5-8b24-01f078298cef@group-E95DC8E8582E-LeaderElection254] INFO  impl.LeaderElection (LeaderElection.java:askForVotes(178)) - 687f579d-1680-4dd5-8b24-01f078298cef@group-E95DC8E8582E-LeaderElection254: begin an election at term 168 for -1: [90ecfa43-dab6-49d9-b30c-40ef62bfdf2a:192.168.157.252:34192, 687f579d-1680-4dd5-8b24-01f078298cef:192.168.157.252:37962, b8bf4e9b-064a-4520-981c-d6c40c833497:192.168.157.252:43407], old=null
2019-11-05 11:28:43,448 [grpc-default-executor-4] INFO  impl.RaftServerImpl (RaftServerImpl.java:setRole(184)) - b8bf4e9b-064a-4520-981c-d6c40c833497@group-E95DC8E8582E: changes role from  FOLLOWER to FOLLOWER at term 168 for recognizeCandidate:687f579d-1680-4dd5-8b24-01f078298cef
2019-11-05 11:28:43,448 [grpc-default-executor-4] INFO  impl.RoleInfo (RoleInfo.java:shutdownFollowerState(121)) - b8bf4e9b-064a-4520-981c-d6c40c833497: shutdown FollowerState
2019-11-05 11:28:43,449 [grpc-default-executor-4] INFO  impl.RoleInfo (RoleInfo.java:updateAndGet(143)) - b8bf4e9b-064a-4520-981c-d6c40c833497: start FollowerState
2019-11-05 11:28:43,449 [Thread-2282] INFO  impl.FollowerState (FollowerState.java:run(117)) - b8bf4e9b-064a-4520-981c-d6c40c833497@group-E95DC8E8582E-FollowerState was interrupted: java.lang.InterruptedException: sleep interrupted
2019-11-05 11:28:43,449 [grpc-default-executor-9] INFO  impl.RaftServerImpl (RaftServerImpl.java:setRole(184)) - 90ecfa43-dab6-49d9-b30c-40ef62bfdf2a@group-E95DC8E8582E: changes role from  FOLLOWER to FOLLOWER at term 168 for recognizeCandidate:687f579d-1680-4dd5-8b24-01f078298cef
2019-11-05 11:28:43,450 [grpc-default-executor-9] INFO  impl.RoleInfo (RoleInfo.java:shutdownFollowerState(121)) - 90ecfa43-dab6-49d9-b30c-40ef62bfdf2a: shutdown FollowerState
2019-11-05 11:28:43,450 [grpc-default-executor-9] INFO  impl.RoleInfo (RoleInfo.java:updateAndGet(143)) - 90ecfa43-dab6-49d9-b30c-40ef62bfdf2a: start FollowerState
2019-11-05 11:28:43,451 [Thread-2283] INFO  impl.FollowerState (FollowerState.java:run(117)) - 90ecfa43-dab6-49d9-b30c-40ef62bfdf2a@group-E95DC8E8582E-FollowerState was interrupted: java.lang.InterruptedException: sleep interrupted
2019-11-05 11:28:43,465 [687f579d-1680-4dd5-8b24-01f078298cef@group-E95DC8E8582E-LeaderElection254] INFO  impl.LeaderElection (LeaderElection.java:logAndReturn(56)) - 687f579d-1680-4dd5-8b24-01f078298cef@group-E95DC8E8582E-LeaderElection254: Election REJECTED; received 2 response(s) [687f579d-1680-4dd5-8b24-01f078298cef<-90ecfa43-dab6-49d9-b30c-40ef62bfdf2a#0:FAIL-t168, 687f579d-1680-4dd5-8b24-01f078298cef<-b8bf4e9b-064a-4520-981c-d6c40c833497#0:FAIL-t168] and 0 exception(s); 687f579d-1680-4dd5-8b24-01f078298cef@group-E95DC8E8582E:t168, leader=null, voted=687f579d-1680-4dd5-8b24-01f078298cef, raftlog=687f579d-1680-4dd5-8b24-01f078298cef@group-E95DC8E8582E-SegmentedRaftLog:OPENED:c-1,f-1,i0, conf=-1: [90ecfa43-dab6-49d9-b30c-40ef62bfdf2a:192.168.157.252:34192, 687f579d-1680-4dd5-8b24-01f078298cef:192.168.157.252:37962, b8bf4e9b-064a-4520-981c-d6c40c833497:192.168.157.252:43407], old=null
2019-11-05 11:28:43,465 [687f579d-1680-4dd5-8b24-01f078298cef@group-E95DC8E8582E-LeaderElection254] INFO  impl.RaftServerImpl (RaftServerImpl.java:setRole(184)) - 687f579d-1680-4dd5-8b24-01f078298cef@group-E95DC8E8582E: changes role from CANDIDATE to FOLLOWER at term 168 for DISCOVERED_A_NEW_TERM
2019-11-05 11:28:43,465 [687f579d-1680-4dd5-8b24-01f078298cef@group-E95DC8E8582E-LeaderElection254] INFO  impl.RoleInfo (RoleInfo.java:shutdownLeaderElection(134)) - 687f579d-1680-4dd5-8b24-01f078298cef: shutdown LeaderElection
2019-11-05 11:28:43,465 [687f579d-1680-4dd5-8b24-01f078298cef@group-E95DC8E8582E-LeaderElection254] INFO  impl.RoleInfo (RoleInfo.java:updateAndGet(143)) - 687f579d-1680-4dd5-8b24-01f078298cef: start FollowerState
2019-11-05 11:28:43,559 [Thread-2290] INFO  impl.FollowerState (FollowerState.java:run(108)) - 687f579d-1680-4dd5-8b24-01f078298cef@group-E95DC8E8582E-FollowerState: change to CANDIDATE, lastRpcTime:93ms, electionTimeout:93ms
2019-11-05 11:28:43,559 [Thread-2290] INFO  impl.RoleInfo (RoleInfo.java:shutdownFollowerState(121)) - 687f579d-1680-4dd5-8b24-01f078298cef: shutdown FollowerState
2019-11-05 11:28:43,559 [Thread-2290] INFO  impl.RaftServerImpl (RaftServerImpl.java:setRole(184)) - 687f579d-1680-4dd5-8b24-01f078298cef@group-E95DC8E8582E: changes role from  FOLLOWER to CANDIDATE at term 168 for changeToCandidate
2019-11-05 11:28:43,560 [Thread-2290] INFO  impl.RoleInfo (RoleInfo.java:updateAndGet(143)) - 687f579d-1680-4dd5-8b24-01f078298cef: start LeaderElection
2019-11-05 11:28:43,573 [687f579d-1680-4dd5-8b24-01f078298cef@group-E95DC8E8582E-LeaderElection255] INFO  impl.LeaderElection (LeaderElection.java:askForVotes(178)) - 687f579d-1680-4dd5-8b24-01f078298cef@group-E95DC8E8582E-LeaderElection255: begin an election at term 169 for -1: [90ecfa43-dab6-49d9-b30c-40ef62bfdf2a:192.168.157.252:34192, 687f579d-1680-4dd5-8b24-01f078298cef:192.168.157.252:37962, b8bf4e9b-064a-4520-981c-d6c40c833497:192.168.157.252:43407], old=null
2019-11-05 11:28:43,577 [grpc-default-executor-9] INFO  impl.RaftServerImpl (RaftServerImpl.java:setRole(184)) - 90ecfa43-dab6-49d9-b30c-40ef62bfdf2a@group-E95DC8E8582E: changes role from  FOLLOWER to FOLLOWER at term 169 for recognizeCandidate:687f579d-1680-4dd5-8b24-01f078298cef
2019-11-05 11:28:43,577 [grpc-default-executor-9] INFO  impl.RoleInfo (RoleInfo.java:shutdownFollowerState(121)) - 90ecfa43-dab6-49d9-b30c-40ef62bfdf2a: shutdown FollowerState
2019-11-05 11:28:43,578 [grpc-default-executor-9] INFO  impl.RoleInfo (RoleInfo.java:updateAndGet(143)) - 90ecfa43-dab6-49d9-b30c-40ef62bfdf2a: start FollowerState
2019-11-05 11:28:43,578 [Thread-2289] INFO  impl.FollowerState (FollowerState.java:run(117)) - 90ecfa43-dab6-49d9-b30c-40ef62bfdf2a@group-E95DC8E8582E-FollowerState was interrupted: java.lang.InterruptedException: sleep interrupted
2019-11-05 11:28:43,590 [grpc-default-executor-4] INFO  impl.RaftServerImpl (RaftServerImpl.java:setRole(184)) - b8bf4e9b-064a-4520-981c-d6c40c833497@group-E95DC8E8582E: changes role from  FOLLOWER to FOLLOWER at term 169 for recognizeCandidate:687f579d-1680-4dd5-8b24-01f078298cef
2019-11-05 11:28:43,590 [grpc-default-executor-4] INFO  impl.RoleInfo (RoleInfo.java:shutdownFollowerState(121)) - b8bf4e9b-064a-4520-981c-d6c40c833497: shutdown FollowerState
2019-11-05 11:28:43,590 [grpc-default-executor-4] INFO  impl.RoleInfo (RoleInfo.java:updateAndGet(143)) - b8bf4e9b-064a-4520-981c-d6c40c833497: start FollowerState
2019-11-05 11:28:43,590 [Thread-2288] INFO  impl.FollowerState (FollowerState.java:run(117)) - b8bf4e9b-064a-4520-981c-d6c40c833497@group-E95DC8E8582E-FollowerState was interrupted: java.lang.InterruptedException: sleep interrupted
2019-11-05 11:28:43,642 [687f579d-1680-4dd5-8b24-01f078298cef@group-E95DC8E8582E-LeaderElection255] INFO  impl.LeaderElection (LeaderElection.java:logAndReturn(56)) - 687f579d-1680-4dd5-8b24-01f078298cef@group-E95DC8E8582E-LeaderElection255: Election REJECTED; received 2 response(s) [687f579d-1680-4dd5-8b24-01f078298cef<-90ecfa43-dab6-49d9-b30c-40ef62bfdf2a#0:FAIL-t169, 687f579d-1680-4dd5-8b24-01f078298cef<-b8bf4e9b-064a-4520-981c-d6c40c833497#0:FAIL-t169] and 0 exception(s); 687f579d-1680-4dd5-8b24-01f078298cef@group-E95DC8E8582E:t169, leader=null, voted=687f579d-1680-4dd5-8b24-01f078298cef, raftlog=687f579d-1680-4dd5-8b24-01f078298cef@group-E95DC8E8582E-SegmentedRaftLog:OPENED:c-1,f-1,i0, conf=-1: [90ecfa43-dab6-49d9-b30c-40ef62bfdf2a:192.168.157.252:34192, 687f579d-1680-4dd5-8b24-01f078298cef:192.168.157.252:37962, b8bf4e9b-064a-4520-981c-d6c40c833497:192.168.157.252:43407], old=null
2019-11-05 11:28:43,643 [687f579d-1680-4dd5-8b24-01f078298cef@group-E95DC8E8582E-LeaderElection255] INFO  impl.RaftServerImpl (RaftServerImpl.java:setRole(184)) - 687f579d-1680-4dd5-8b24-01f078298cef@group-E95DC8E8582E: changes role from CANDIDATE to FOLLOWER at term 169 for DISCOVERED_A_NEW_TERM
2019-11-05 11:28:43,643 [687f579d-1680-4dd5-8b24-01f078298cef@group-E95DC8E8582E-LeaderElection255] INFO  impl.RoleInfo (RoleInfo.java:shutdownLeaderElection(134)) - 687f579d-1680-4dd5-8b24-01f078298cef: shutdown LeaderElection
2019-11-05 11:28:43,643 [687f579d-1680-4dd5-8b24-01f078298cef@group-E95DC8E8582E-LeaderElection255] INFO  impl.RoleInfo (RoleInfo.java:updateAndGet(143)) - 687f579d-1680-4dd5-8b24-01f078298cef: start FollowerState
2019-11-05 11:28:43,748 [Thread-2234] INFO  impl.FollowerState (FollowerState.java:run(108)) - 1eca16cc-5184-4e43-8e55-175d1516eae4@group-21C72E9484D5-FollowerState: change to CANDIDATE, lastRpcTime:1193ms, electionTimeout:1193ms
2019-11-05 11:28:43,748 [Thread-2234] INFO  impl.RoleInfo (RoleInfo.java:shutdownFollowerState(121)) - 1eca16cc-5184-4e43-8e55-175d1516eae4: shutdown FollowerState
2019-11-05 11:28:43,748 [Thread-2234] INFO  impl.RaftServerImpl (RaftServerImpl.java:setRole(184)) - 1eca16cc-5184-4e43-8e55-175d1516eae4@group-21C72E9484D5: changes role from  FOLLOWER to CANDIDATE at term 142 for changeToCandidate
2019-11-05 11:28:43,749 [Thread-2234] INFO  impl.RoleInfo (RoleInfo.java:updateAndGet(143)) - 1eca16cc-5184-4e43-8e55-175d1516eae4: start LeaderElection
2019-11-05 11:28:43,761 [1eca16cc-5184-4e43-8e55-175d1516eae4@group-21C72E9484D5-LeaderElection256] INFO  impl.LeaderElection (LeaderElection.java:askForVotes(178)) - 1eca16cc-5184-4e43-8e55-175d1516eae4@group-21C72E9484D5-LeaderElection256: begin an election at term 143 for 0: [f7e9932d-fd96-469a-9353-68e47138e5ff:192.168.157.252:45025, 1eca16cc-5184-4e43-8e55-175d1516eae4:192.168.157.252:41127, 74a8fb36-eab9-4c53-b7cf-c565055de05a:192.168.157.252:42370], old=null
2019-11-05 11:28:43,765 [1eca16cc-5184-4e43-8e55-175d1516eae4@group-21C72E9484D5-LeaderElection256] INFO  impl.LeaderElection (LogUtils.java:infoOrTrace(149)) - 1eca16cc-5184-4e43-8e55-175d1516eae4@group-21C72E9484D5-LeaderElection256 got exception when requesting votes: {}
java.util.concurrent.ExecutionException: org.apache.ratis.thirdparty.io.grpc.StatusRuntimeException: UNAVAILABLE: io exception
	at java.util.concurrent.FutureTask.report(FutureTask.java:122)
	at java.util.concurrent.FutureTask.get(FutureTask.java:192)
	at org.apache.ratis.server.impl.LeaderElection.waitForResults(LeaderElection.java:259)
	at org.apache.ratis.server.impl.LeaderElection.askForVotes(LeaderElection.java:197)
	at org.apache.ratis.server.impl.LeaderElection.run(LeaderElection.java:133)
	at java.lang.Thread.run(Thread.java:748)
Caused by: org.apache.ratis.thirdparty.io.grpc.StatusRuntimeException: UNAVAILABLE: io exception
	at org.apache.ratis.thirdparty.io.grpc.stub.ClientCalls.toStatusRuntimeException(ClientCalls.java:233)
	at org.apache.ratis.thirdparty.io.grpc.stub.ClientCalls.getUnchecked(ClientCalls.java:214)
	at org.apache.ratis.thirdparty.io.grpc.stub.ClientCalls.blockingUnaryCall(ClientCalls.java:139)
	at org.apache.ratis.proto.grpc.RaftServerProtocolServiceGrpc$RaftServerProtocolServiceBlockingStub.requestVote(RaftServerProtocolServiceGrpc.java:265)
	at org.apache.ratis.grpc.server.GrpcServerProtocolClient.requestVote(GrpcServerProtocolClient.java:99)
	at org.apache.ratis.grpc.server.GrpcService.requestVote(GrpcService.java:204)
	at org.apache.ratis.server.impl.LeaderElection.lambda$submitRequests$1(LeaderElection.java:234)
	at java.util.concurrent.FutureTask.run(FutureTask.java:266)
	at java.util.concurrent.Executors$RunnableAdapter.call(Executors.java:511)
	at java.util.concurrent.FutureTask.run(FutureTask.java:266)
	at java.util.concurrent.ThreadPoolExecutor.runWorker(ThreadPoolExecutor.java:1149)
	at java.util.concurrent.ThreadPoolExecutor$Worker.run(ThreadPoolExecutor.java:624)
	... 1 more
Caused by: org.apache.ratis.thirdparty.io.netty.channel.AbstractChannel$AnnotatedConnectException: Connection refused: /192.168.157.252:45025
	at sun.nio.ch.SocketChannelImpl.checkConnect(Native Method)
	at sun.nio.ch.SocketChannelImpl.finishConnect(SocketChannelImpl.java:717)
	at org.apache.ratis.thirdparty.io.netty.channel.socket.nio.NioSocketChannel.doFinishConnect(NioSocketChannel.java:327)
	at org.apache.ratis.thirdparty.io.netty.channel.nio.AbstractNioChannel$AbstractNioUnsafe.finishConnect(AbstractNioChannel.java:340)
	at org.apache.ratis.thirdparty.io.netty.channel.nio.NioEventLoop.processSelectedKey(NioEventLoop.java:632)
	at org.apache.ratis.thirdparty.io.netty.channel.nio.NioEventLoop.processSelectedKeysOptimized(NioEventLoop.java:579)
	at org.apache.ratis.thirdparty.io.netty.channel.nio.NioEventLoop.processSelectedKeys(NioEventLoop.java:496)
	at org.apache.ratis.thirdparty.io.netty.channel.nio.NioEventLoop.run(NioEventLoop.java:458)
	at org.apache.ratis.thirdparty.io.netty.util.concurrent.SingleThreadEventExecutor$5.run(SingleThreadEventExecutor.java:897)
	at org.apache.ratis.thirdparty.io.netty.util.concurrent.FastThreadLocalRunnable.run(FastThreadLocalRunnable.java:30)
	... 1 more
Caused by: java.net.ConnectException: Connection refused
	... 11 more
2019-11-05 11:28:43,771 [1eca16cc-5184-4e43-8e55-175d1516eae4@group-21C72E9484D5-LeaderElection256] INFO  impl.LeaderElection (LogUtils.java:infoOrTrace(149)) - 1eca16cc-5184-4e43-8e55-175d1516eae4@group-21C72E9484D5-LeaderElection256 got exception when requesting votes: {}
java.util.concurrent.ExecutionException: org.apache.ratis.thirdparty.io.grpc.StatusRuntimeException: UNAVAILABLE: io exception
	at java.util.concurrent.FutureTask.report(FutureTask.java:122)
	at java.util.concurrent.FutureTask.get(FutureTask.java:192)
	at org.apache.ratis.server.impl.LeaderElection.waitForResults(LeaderElection.java:259)
	at org.apache.ratis.server.impl.LeaderElection.askForVotes(LeaderElection.java:197)
	at org.apache.ratis.server.impl.LeaderElection.run(LeaderElection.java:133)
	at java.lang.Thread.run(Thread.java:748)
Caused by: org.apache.ratis.thirdparty.io.grpc.StatusRuntimeException: UNAVAILABLE: io exception
	at org.apache.ratis.thirdparty.io.grpc.stub.ClientCalls.toStatusRuntimeException(ClientCalls.java:233)
	at org.apache.ratis.thirdparty.io.grpc.stub.ClientCalls.getUnchecked(ClientCalls.java:214)
	at org.apache.ratis.thirdparty.io.grpc.stub.ClientCalls.blockingUnaryCall(ClientCalls.java:139)
	at org.apache.ratis.proto.grpc.RaftServerProtocolServiceGrpc$RaftServerProtocolServiceBlockingStub.requestVote(RaftServerProtocolServiceGrpc.java:265)
	at org.apache.ratis.grpc.server.GrpcServerProtocolClient.requestVote(GrpcServerProtocolClient.java:99)
	at org.apache.ratis.grpc.server.GrpcService.requestVote(GrpcService.java:204)
	at org.apache.ratis.server.impl.LeaderElection.lambda$submitRequests$1(LeaderElection.java:234)
	at java.util.concurrent.FutureTask.run(FutureTask.java:266)
	at java.util.concurrent.Executors$RunnableAdapter.call(Executors.java:511)
	at java.util.concurrent.FutureTask.run(FutureTask.java:266)
	at java.util.concurrent.ThreadPoolExecutor.runWorker(ThreadPoolExecutor.java:1149)
	at java.util.concurrent.ThreadPoolExecutor$Worker.run(ThreadPoolExecutor.java:624)
	... 1 more
Caused by: org.apache.ratis.thirdparty.io.netty.channel.AbstractChannel$AnnotatedConnectException: Connection refused: /192.168.157.252:42370
	at sun.nio.ch.SocketChannelImpl.checkConnect(Native Method)
	at sun.nio.ch.SocketChannelImpl.finishConnect(SocketChannelImpl.java:717)
	at org.apache.ratis.thirdparty.io.netty.channel.socket.nio.NioSocketChannel.doFinishConnect(NioSocketChannel.java:327)
	at org.apache.ratis.thirdparty.io.netty.channel.nio.AbstractNioChannel$AbstractNioUnsafe.finishConnect(AbstractNioChannel.java:340)
	at org.apache.ratis.thirdparty.io.netty.channel.nio.NioEventLoop.processSelectedKey(NioEventLoop.java:632)
	at org.apache.ratis.thirdparty.io.netty.channel.nio.NioEventLoop.processSelectedKeysOptimized(NioEventLoop.java:579)
	at org.apache.ratis.thirdparty.io.netty.channel.nio.NioEventLoop.processSelectedKeys(NioEventLoop.java:496)
	at org.apache.ratis.thirdparty.io.netty.channel.nio.NioEventLoop.run(NioEventLoop.java:458)
	at org.apache.ratis.thirdparty.io.netty.util.concurrent.SingleThreadEventExecutor$5.run(SingleThreadEventExecutor.java:897)
	at org.apache.ratis.thirdparty.io.netty.util.concurrent.FastThreadLocalRunnable.run(FastThreadLocalRunnable.java:30)
	... 1 more
Caused by: java.net.ConnectException: Connection refused
	... 11 more
2019-11-05 11:28:43,793 [1eca16cc-5184-4e43-8e55-175d1516eae4@group-21C72E9484D5-LeaderElection256] INFO  impl.LeaderElection (LeaderElection.java:logAndReturn(56)) - 1eca16cc-5184-4e43-8e55-175d1516eae4@group-21C72E9484D5-LeaderElection256: Election REJECTED; received 0 response(s) [] and 2 exception(s); 1eca16cc-5184-4e43-8e55-175d1516eae4@group-21C72E9484D5:t143, leader=null, voted=1eca16cc-5184-4e43-8e55-175d1516eae4, raftlog=1eca16cc-5184-4e43-8e55-175d1516eae4@group-21C72E9484D5-SegmentedRaftLog:OPENED:c-1,f0,i0, conf=0: [f7e9932d-fd96-469a-9353-68e47138e5ff:192.168.157.252:45025, 1eca16cc-5184-4e43-8e55-175d1516eae4:192.168.157.252:41127, 74a8fb36-eab9-4c53-b7cf-c565055de05a:192.168.157.252:42370], old=null
2019-11-05 11:28:43,793 [1eca16cc-5184-4e43-8e55-175d1516eae4@group-21C72E9484D5-LeaderElection256] INFO  impl.LeaderElection (LogUtils.java:infoOrTrace(149)) -   Exception 0: {}
java.util.concurrent.ExecutionException: org.apache.ratis.thirdparty.io.grpc.StatusRuntimeException: UNAVAILABLE: io exception
	at java.util.concurrent.FutureTask.report(FutureTask.java:122)
	at java.util.concurrent.FutureTask.get(FutureTask.java:192)
	at org.apache.ratis.server.impl.LeaderElection.waitForResults(LeaderElection.java:259)
	at org.apache.ratis.server.impl.LeaderElection.askForVotes(LeaderElection.java:197)
	at org.apache.ratis.server.impl.LeaderElection.run(LeaderElection.java:133)
	at java.lang.Thread.run(Thread.java:748)
Caused by: org.apache.ratis.thirdparty.io.grpc.StatusRuntimeException: UNAVAILABLE: io exception
	at org.apache.ratis.thirdparty.io.grpc.stub.ClientCalls.toStatusRuntimeException(ClientCalls.java:233)
	at org.apache.ratis.thirdparty.io.grpc.stub.ClientCalls.getUnchecked(ClientCalls.java:214)
	at org.apache.ratis.thirdparty.io.grpc.stub.ClientCalls.blockingUnaryCall(ClientCalls.java:139)
	at org.apache.ratis.proto.grpc.RaftServerProtocolServiceGrpc$RaftServerProtocolServiceBlockingStub.requestVote(RaftServerProtocolServiceGrpc.java:265)
	at org.apache.ratis.grpc.server.GrpcServerProtocolClient.requestVote(GrpcServerProtocolClient.java:99)
	at org.apache.ratis.grpc.server.GrpcService.requestVote(GrpcService.java:204)
	at org.apache.ratis.server.impl.LeaderElection.lambda$submitRequests$1(LeaderElection.java:234)
	at java.util.concurrent.FutureTask.run(FutureTask.java:266)
	at java.util.concurrent.Executors$RunnableAdapter.call(Executors.java:511)
	at java.util.concurrent.FutureTask.run(FutureTask.java:266)
	at java.util.concurrent.ThreadPoolExecutor.runWorker(ThreadPoolExecutor.java:1149)
	at java.util.concurrent.ThreadPoolExecutor$Worker.run(ThreadPoolExecutor.java:624)
	... 1 more
Caused by: org.apache.ratis.thirdparty.io.netty.channel.AbstractChannel$AnnotatedConnectException: Connection refused: /192.168.157.252:45025
	at sun.nio.ch.SocketChannelImpl.checkConnect(Native Method)
	at sun.nio.ch.SocketChannelImpl.finishConnect(SocketChannelImpl.java:717)
	at org.apache.ratis.thirdparty.io.netty.channel.socket.nio.NioSocketChannel.doFinishConnect(NioSocketChannel.java:327)
	at org.apache.ratis.thirdparty.io.netty.channel.nio.AbstractNioChannel$AbstractNioUnsafe.finishConnect(AbstractNioChannel.java:340)
	at org.apache.ratis.thirdparty.io.netty.channel.nio.NioEventLoop.processSelectedKey(NioEventLoop.java:632)
	at org.apache.ratis.thirdparty.io.netty.channel.nio.NioEventLoop.processSelectedKeysOptimized(NioEventLoop.java:579)
	at org.apache.ratis.thirdparty.io.netty.channel.nio.NioEventLoop.processSelectedKeys(NioEventLoop.java:496)
	at org.apache.ratis.thirdparty.io.netty.channel.nio.NioEventLoop.run(NioEventLoop.java:458)
	at org.apache.ratis.thirdparty.io.netty.util.concurrent.SingleThreadEventExecutor$5.run(SingleThreadEventExecutor.java:897)
	at org.apache.ratis.thirdparty.io.netty.util.concurrent.FastThreadLocalRunnable.run(FastThreadLocalRunnable.java:30)
	... 1 more
Caused by: java.net.ConnectException: Connection refused
	... 11 more
2019-11-05 11:28:43,794 [1eca16cc-5184-4e43-8e55-175d1516eae4@group-21C72E9484D5-LeaderElection256] INFO  impl.LeaderElection (LogUtils.java:infoOrTrace(149)) -   Exception 1: {}
java.util.concurrent.ExecutionException: org.apache.ratis.thirdparty.io.grpc.StatusRuntimeException: UNAVAILABLE: io exception
	at java.util.concurrent.FutureTask.report(FutureTask.java:122)
	at java.util.concurrent.FutureTask.get(FutureTask.java:192)
	at org.apache.ratis.server.impl.LeaderElection.waitForResults(LeaderElection.java:259)
	at org.apache.ratis.server.impl.LeaderElection.askForVotes(LeaderElection.java:197)
	at org.apache.ratis.server.impl.LeaderElection.run(LeaderElection.java:133)
	at java.lang.Thread.run(Thread.java:748)
Caused by: org.apache.ratis.thirdparty.io.grpc.StatusRuntimeException: UNAVAILABLE: io exception
	at org.apache.ratis.thirdparty.io.grpc.stub.ClientCalls.toStatusRuntimeException(ClientCalls.java:233)
	at org.apache.ratis.thirdparty.io.grpc.stub.ClientCalls.getUnchecked(ClientCalls.java:214)
	at org.apache.ratis.thirdparty.io.grpc.stub.ClientCalls.blockingUnaryCall(ClientCalls.java:139)
	at org.apache.ratis.proto.grpc.RaftServerProtocolServiceGrpc$RaftServerProtocolServiceBlockingStub.requestVote(RaftServerProtocolServiceGrpc.java:265)
	at org.apache.ratis.grpc.server.GrpcServerProtocolClient.requestVote(GrpcServerProtocolClient.java:99)
	at org.apache.ratis.grpc.server.GrpcService.requestVote(GrpcService.java:204)
	at org.apache.ratis.server.impl.LeaderElection.lambda$submitRequests$1(LeaderElection.java:234)
	at java.util.concurrent.FutureTask.run(FutureTask.java:266)
	at java.util.concurrent.Executors$RunnableAdapter.call(Executors.java:511)
	at java.util.concurrent.FutureTask.run(FutureTask.java:266)
	at java.util.concurrent.ThreadPoolExecutor.runWorker(ThreadPoolExecutor.java:1149)
	at java.util.concurrent.ThreadPoolExecutor$Worker.run(ThreadPoolExecutor.java:624)
	... 1 more
Caused by: org.apache.ratis.thirdparty.io.netty.channel.AbstractChannel$AnnotatedConnectException: Connection refused: /192.168.157.252:42370
	at sun.nio.ch.SocketChannelImpl.checkConnect(Native Method)
	at sun.nio.ch.SocketChannelImpl.finishConnect(SocketChannelImpl.java:717)
	at org.apache.ratis.thirdparty.io.netty.channel.socket.nio.NioSocketChannel.doFinishConnect(NioSocketChannel.java:327)
	at org.apache.ratis.thirdparty.io.netty.channel.nio.AbstractNioChannel$AbstractNioUnsafe.finishConnect(AbstractNioChannel.java:340)
	at org.apache.ratis.thirdparty.io.netty.channel.nio.NioEventLoop.processSelectedKey(NioEventLoop.java:632)
	at org.apache.ratis.thirdparty.io.netty.channel.nio.NioEventLoop.processSelectedKeysOptimized(NioEventLoop.java:579)
	at org.apache.ratis.thirdparty.io.netty.channel.nio.NioEventLoop.processSelectedKeys(NioEventLoop.java:496)
	at org.apache.ratis.thirdparty.io.netty.channel.nio.NioEventLoop.run(NioEventLoop.java:458)
	at org.apache.ratis.thirdparty.io.netty.util.concurrent.SingleThreadEventExecutor$5.run(SingleThreadEventExecutor.java:897)
	at org.apache.ratis.thirdparty.io.netty.util.concurrent.FastThreadLocalRunnable.run(FastThreadLocalRunnable.java:30)
	... 1 more
Caused by: java.net.ConnectException: Connection refused
	... 11 more
2019-11-05 11:28:43,794 [1eca16cc-5184-4e43-8e55-175d1516eae4@group-21C72E9484D5-LeaderElection256] INFO  impl.RaftServerImpl (RaftServerImpl.java:setRole(184)) - 1eca16cc-5184-4e43-8e55-175d1516eae4@group-21C72E9484D5: changes role from CANDIDATE to FOLLOWER at term 143 for DISCOVERED_A_NEW_TERM
2019-11-05 11:28:43,794 [1eca16cc-5184-4e43-8e55-175d1516eae4@group-21C72E9484D5-LeaderElection256] INFO  impl.RoleInfo (RoleInfo.java:shutdownLeaderElection(134)) - 1eca16cc-5184-4e43-8e55-175d1516eae4: shutdown LeaderElection
2019-11-05 11:28:43,787 [Thread-2296] INFO  impl.FollowerState (FollowerState.java:run(108)) - 687f579d-1680-4dd5-8b24-01f078298cef@group-E95DC8E8582E-FollowerState: change to CANDIDATE, lastRpcTime:144ms, electionTimeout:137ms
2019-11-05 11:28:43,795 [Thread-2296] INFO  impl.RoleInfo (RoleInfo.java:shutdownFollowerState(121)) - 687f579d-1680-4dd5-8b24-01f078298cef: shutdown FollowerState
2019-11-05 11:28:43,795 [Thread-2296] INFO  impl.RaftServerImpl (RaftServerImpl.java:setRole(184)) - 687f579d-1680-4dd5-8b24-01f078298cef@group-E95DC8E8582E: changes role from  FOLLOWER to CANDIDATE at term 169 for changeToCandidate
2019-11-05 11:28:43,795 [1eca16cc-5184-4e43-8e55-175d1516eae4@group-21C72E9484D5-LeaderElection256] INFO  impl.RoleInfo (RoleInfo.java:updateAndGet(143)) - 1eca16cc-5184-4e43-8e55-175d1516eae4: start FollowerState
2019-11-05 11:28:43,796 [Thread-2296] INFO  impl.RoleInfo (RoleInfo.java:updateAndGet(143)) - 687f579d-1680-4dd5-8b24-01f078298cef: start LeaderElection
2019-11-05 11:28:43,822 [687f579d-1680-4dd5-8b24-01f078298cef@group-E95DC8E8582E-LeaderElection257] INFO  impl.LeaderElection (LeaderElection.java:askForVotes(178)) - 687f579d-1680-4dd5-8b24-01f078298cef@group-E95DC8E8582E-LeaderElection257: begin an election at term 170 for -1: [90ecfa43-dab6-49d9-b30c-40ef62bfdf2a:192.168.157.252:34192, 687f579d-1680-4dd5-8b24-01f078298cef:192.168.157.252:37962, b8bf4e9b-064a-4520-981c-d6c40c833497:192.168.157.252:43407], old=null
2019-11-05 11:28:43,886 [grpc-default-executor-9] INFO  impl.RaftServerImpl (RaftServerImpl.java:setRole(184)) - 90ecfa43-dab6-49d9-b30c-40ef62bfdf2a@group-E95DC8E8582E: changes role from  FOLLOWER to FOLLOWER at term 170 for recognizeCandidate:687f579d-1680-4dd5-8b24-01f078298cef
2019-11-05 11:28:43,886 [grpc-default-executor-4] INFO  impl.RaftServerImpl (RaftServerImpl.java:setRole(184)) - b8bf4e9b-064a-4520-981c-d6c40c833497@group-E95DC8E8582E: changes role from  FOLLOWER to FOLLOWER at term 170 for recognizeCandidate:687f579d-1680-4dd5-8b24-01f078298cef
2019-11-05 11:28:43,886 [grpc-default-executor-9] INFO  impl.RoleInfo (RoleInfo.java:shutdownFollowerState(121)) - 90ecfa43-dab6-49d9-b30c-40ef62bfdf2a: shutdown FollowerState
2019-11-05 11:28:43,886 [grpc-default-executor-4] INFO  impl.RoleInfo (RoleInfo.java:shutdownFollowerState(121)) - b8bf4e9b-064a-4520-981c-d6c40c833497: shutdown FollowerState
2019-11-05 11:28:43,886 [Thread-2294] INFO  impl.FollowerState (FollowerState.java:run(117)) - 90ecfa43-dab6-49d9-b30c-40ef62bfdf2a@group-E95DC8E8582E-FollowerState was interrupted: java.lang.InterruptedException: sleep interrupted
2019-11-05 11:28:43,886 [grpc-default-executor-4] INFO  impl.RoleInfo (RoleInfo.java:updateAndGet(143)) - b8bf4e9b-064a-4520-981c-d6c40c833497: start FollowerState
2019-11-05 11:28:43,886 [grpc-default-executor-9] INFO  impl.RoleInfo (RoleInfo.java:updateAndGet(143)) - 90ecfa43-dab6-49d9-b30c-40ef62bfdf2a: start FollowerState
2019-11-05 11:28:43,886 [Thread-2295] INFO  impl.FollowerState (FollowerState.java:run(117)) - b8bf4e9b-064a-4520-981c-d6c40c833497@group-E95DC8E8582E-FollowerState was interrupted: java.lang.InterruptedException: sleep interrupted
2019-11-05 11:28:43,926 [687f579d-1680-4dd5-8b24-01f078298cef@group-E95DC8E8582E-LeaderElection257] INFO  impl.LeaderElection (LeaderElection.java:logAndReturn(56)) - 687f579d-1680-4dd5-8b24-01f078298cef@group-E95DC8E8582E-LeaderElection257: Election REJECTED; received 2 response(s) [687f579d-1680-4dd5-8b24-01f078298cef<-90ecfa43-dab6-49d9-b30c-40ef62bfdf2a#0:FAIL-t170, 687f579d-1680-4dd5-8b24-01f078298cef<-b8bf4e9b-064a-4520-981c-d6c40c833497#0:FAIL-t170] and 0 exception(s); 687f579d-1680-4dd5-8b24-01f078298cef@group-E95DC8E8582E:t170, leader=null, voted=687f579d-1680-4dd5-8b24-01f078298cef, raftlog=687f579d-1680-4dd5-8b24-01f078298cef@group-E95DC8E8582E-SegmentedRaftLog:OPENED:c-1,f-1,i0, conf=-1: [90ecfa43-dab6-49d9-b30c-40ef62bfdf2a:192.168.157.252:34192, 687f579d-1680-4dd5-8b24-01f078298cef:192.168.157.252:37962, b8bf4e9b-064a-4520-981c-d6c40c833497:192.168.157.252:43407], old=null
2019-11-05 11:28:43,927 [687f579d-1680-4dd5-8b24-01f078298cef@group-E95DC8E8582E-LeaderElection257] INFO  impl.RaftServerImpl (RaftServerImpl.java:setRole(184)) - 687f579d-1680-4dd5-8b24-01f078298cef@group-E95DC8E8582E: changes role from CANDIDATE to FOLLOWER at term 170 for DISCOVERED_A_NEW_TERM
2019-11-05 11:28:43,927 [687f579d-1680-4dd5-8b24-01f078298cef@group-E95DC8E8582E-LeaderElection257] INFO  impl.RoleInfo (RoleInfo.java:shutdownLeaderElection(134)) - 687f579d-1680-4dd5-8b24-01f078298cef: shutdown LeaderElection
2019-11-05 11:28:43,927 [687f579d-1680-4dd5-8b24-01f078298cef@group-E95DC8E8582E-LeaderElection257] INFO  impl.RoleInfo (RoleInfo.java:updateAndGet(143)) - 687f579d-1680-4dd5-8b24-01f078298cef: start FollowerState
2019-11-05 11:28:44,102 [Thread-2257] INFO  impl.FollowerState (FollowerState.java:run(108)) - d8b77924-76ff-4932-a9fa-7ec761e4cf6b@group-0CA4D070D5C4-FollowerState: change to CANDIDATE, lastRpcTime:1169ms, electionTimeout:1169ms
2019-11-05 11:28:44,103 [Thread-2257] INFO  impl.RoleInfo (RoleInfo.java:shutdownFollowerState(121)) - d8b77924-76ff-4932-a9fa-7ec761e4cf6b: shutdown FollowerState
2019-11-05 11:28:44,103 [Thread-2257] INFO  impl.RaftServerImpl (RaftServerImpl.java:setRole(184)) - d8b77924-76ff-4932-a9fa-7ec761e4cf6b@group-0CA4D070D5C4: changes role from  FOLLOWER to CANDIDATE at term 7 for changeToCandidate
2019-11-05 11:28:44,103 [Thread-2257] INFO  impl.RoleInfo (RoleInfo.java:updateAndGet(143)) - d8b77924-76ff-4932-a9fa-7ec761e4cf6b: start LeaderElection
2019-11-05 11:28:44,110 [Thread-2306] INFO  impl.FollowerState (FollowerState.java:run(108)) - 687f579d-1680-4dd5-8b24-01f078298cef@group-E95DC8E8582E-FollowerState: change to CANDIDATE, lastRpcTime:182ms, electionTimeout:182ms
2019-11-05 11:28:44,110 [Thread-2306] INFO  impl.RoleInfo (RoleInfo.java:shutdownFollowerState(121)) - 687f579d-1680-4dd5-8b24-01f078298cef: shutdown FollowerState
2019-11-05 11:28:44,110 [Thread-2306] INFO  impl.RaftServerImpl (RaftServerImpl.java:setRole(184)) - 687f579d-1680-4dd5-8b24-01f078298cef@group-E95DC8E8582E: changes role from  FOLLOWER to CANDIDATE at term 170 for changeToCandidate
2019-11-05 11:28:44,110 [Thread-2306] INFO  impl.RoleInfo (RoleInfo.java:updateAndGet(143)) - 687f579d-1680-4dd5-8b24-01f078298cef: start LeaderElection
2019-11-05 11:28:44,116 [d8b77924-76ff-4932-a9fa-7ec761e4cf6b@group-0CA4D070D5C4-LeaderElection258] INFO  impl.LeaderElection (LeaderElection.java:askForVotes(178)) - d8b77924-76ff-4932-a9fa-7ec761e4cf6b@group-0CA4D070D5C4-LeaderElection258: begin an election at term 8 for 0: [93bc9e78-ae56-4fee-a007-4b156d649157:192.168.157.252:38000, d8b77924-76ff-4932-a9fa-7ec761e4cf6b:192.168.157.252:40377, bd42c95e-cd41-4cbd-85b3-b330cc3c4f94:192.168.157.252:33158], old=null
2019-11-05 11:28:44,117 [687f579d-1680-4dd5-8b24-01f078298cef@group-E95DC8E8582E-LeaderElection259] INFO  impl.LeaderElection (LeaderElection.java:askForVotes(178)) - 687f579d-1680-4dd5-8b24-01f078298cef@group-E95DC8E8582E-LeaderElection259: begin an election at term 171 for -1: [90ecfa43-dab6-49d9-b30c-40ef62bfdf2a:192.168.157.252:34192, 687f579d-1680-4dd5-8b24-01f078298cef:192.168.157.252:37962, b8bf4e9b-064a-4520-981c-d6c40c833497:192.168.157.252:43407], old=null
2019-11-05 11:28:44,122 [d8b77924-76ff-4932-a9fa-7ec761e4cf6b@group-0CA4D070D5C4-LeaderElection258] INFO  impl.LeaderElection (LogUtils.java:infoOrTrace(149)) - d8b77924-76ff-4932-a9fa-7ec761e4cf6b@group-0CA4D070D5C4-LeaderElection258 got exception when requesting votes: {}
java.util.concurrent.ExecutionException: org.apache.ratis.thirdparty.io.grpc.StatusRuntimeException: UNAVAILABLE: io exception
	at java.util.concurrent.FutureTask.report(FutureTask.java:122)
	at java.util.concurrent.FutureTask.get(FutureTask.java:192)
	at org.apache.ratis.server.impl.LeaderElection.waitForResults(LeaderElection.java:259)
	at org.apache.ratis.server.impl.LeaderElection.askForVotes(LeaderElection.java:197)
	at org.apache.ratis.server.impl.LeaderElection.run(LeaderElection.java:133)
	at java.lang.Thread.run(Thread.java:748)
Caused by: org.apache.ratis.thirdparty.io.grpc.StatusRuntimeException: UNAVAILABLE: io exception
	at org.apache.ratis.thirdparty.io.grpc.stub.ClientCalls.toStatusRuntimeException(ClientCalls.java:233)
	at org.apache.ratis.thirdparty.io.grpc.stub.ClientCalls.getUnchecked(ClientCalls.java:214)
	at org.apache.ratis.thirdparty.io.grpc.stub.ClientCalls.blockingUnaryCall(ClientCalls.java:139)
	at org.apache.ratis.proto.grpc.RaftServerProtocolServiceGrpc$RaftServerProtocolServiceBlockingStub.requestVote(RaftServerProtocolServiceGrpc.java:265)
	at org.apache.ratis.grpc.server.GrpcServerProtocolClient.requestVote(GrpcServerProtocolClient.java:99)
	at org.apache.ratis.grpc.server.GrpcService.requestVote(GrpcService.java:204)
	at org.apache.ratis.server.impl.LeaderElection.lambda$submitRequests$1(LeaderElection.java:234)
	at java.util.concurrent.FutureTask.run(FutureTask.java:266)
	at java.util.concurrent.Executors$RunnableAdapter.call(Executors.java:511)
	at java.util.concurrent.FutureTask.run(FutureTask.java:266)
	at java.util.concurrent.ThreadPoolExecutor.runWorker(ThreadPoolExecutor.java:1149)
	at java.util.concurrent.ThreadPoolExecutor$Worker.run(ThreadPoolExecutor.java:624)
	... 1 more
Caused by: org.apache.ratis.thirdparty.io.netty.channel.AbstractChannel$AnnotatedConnectException: Connection refused: /192.168.157.252:33158
	at sun.nio.ch.SocketChannelImpl.checkConnect(Native Method)
	at sun.nio.ch.SocketChannelImpl.finishConnect(SocketChannelImpl.java:717)
	at org.apache.ratis.thirdparty.io.netty.channel.socket.nio.NioSocketChannel.doFinishConnect(NioSocketChannel.java:327)
	at org.apache.ratis.thirdparty.io.netty.channel.nio.AbstractNioChannel$AbstractNioUnsafe.finishConnect(AbstractNioChannel.java:340)
	at org.apache.ratis.thirdparty.io.netty.channel.nio.NioEventLoop.processSelectedKey(NioEventLoop.java:632)
	at org.apache.ratis.thirdparty.io.netty.channel.nio.NioEventLoop.processSelectedKeysOptimized(NioEventLoop.java:579)
	at org.apache.ratis.thirdparty.io.netty.channel.nio.NioEventLoop.processSelectedKeys(NioEventLoop.java:496)
	at org.apache.ratis.thirdparty.io.netty.channel.nio.NioEventLoop.run(NioEventLoop.java:458)
	at org.apache.ratis.thirdparty.io.netty.util.concurrent.SingleThreadEventExecutor$5.run(SingleThreadEventExecutor.java:897)
	at org.apache.ratis.thirdparty.io.netty.util.concurrent.FastThreadLocalRunnable.run(FastThreadLocalRunnable.java:30)
	... 1 more
Caused by: java.net.ConnectException: Connection refused
	... 11 more
2019-11-05 11:28:44,147 [d8b77924-76ff-4932-a9fa-7ec761e4cf6b@group-0CA4D070D5C4-LeaderElection258] INFO  impl.LeaderElection (LogUtils.java:infoOrTrace(149)) - d8b77924-76ff-4932-a9fa-7ec761e4cf6b@group-0CA4D070D5C4-LeaderElection258 got exception when requesting votes: {}
java.util.concurrent.ExecutionException: org.apache.ratis.thirdparty.io.grpc.StatusRuntimeException: UNAVAILABLE: io exception
	at java.util.concurrent.FutureTask.report(FutureTask.java:122)
	at java.util.concurrent.FutureTask.get(FutureTask.java:192)
	at org.apache.ratis.server.impl.LeaderElection.waitForResults(LeaderElection.java:259)
	at org.apache.ratis.server.impl.LeaderElection.askForVotes(LeaderElection.java:197)
	at org.apache.ratis.server.impl.LeaderElection.run(LeaderElection.java:133)
	at java.lang.Thread.run(Thread.java:748)
Caused by: org.apache.ratis.thirdparty.io.grpc.StatusRuntimeException: UNAVAILABLE: io exception
	at org.apache.ratis.thirdparty.io.grpc.stub.ClientCalls.toStatusRuntimeException(ClientCalls.java:233)
	at org.apache.ratis.thirdparty.io.grpc.stub.ClientCalls.getUnchecked(ClientCalls.java:214)
	at org.apache.ratis.thirdparty.io.grpc.stub.ClientCalls.blockingUnaryCall(ClientCalls.java:139)
	at org.apache.ratis.proto.grpc.RaftServerProtocolServiceGrpc$RaftServerProtocolServiceBlockingStub.requestVote(RaftServerProtocolServiceGrpc.java:265)
	at org.apache.ratis.grpc.server.GrpcServerProtocolClient.requestVote(GrpcServerProtocolClient.java:99)
	at org.apache.ratis.grpc.server.GrpcService.requestVote(GrpcService.java:204)
	at org.apache.ratis.server.impl.LeaderElection.lambda$submitRequests$1(LeaderElection.java:234)
	at java.util.concurrent.FutureTask.run(FutureTask.java:266)
	at java.util.concurrent.Executors$RunnableAdapter.call(Executors.java:511)
	at java.util.concurrent.FutureTask.run(FutureTask.java:266)
	at java.util.concurrent.ThreadPoolExecutor.runWorker(ThreadPoolExecutor.java:1149)
	at java.util.concurrent.ThreadPoolExecutor$Worker.run(ThreadPoolExecutor.java:624)
	... 1 more
Caused by: org.apache.ratis.thirdparty.io.netty.channel.AbstractChannel$AnnotatedConnectException: Connection refused: /192.168.157.252:38000
	at sun.nio.ch.SocketChannelImpl.checkConnect(Native Method)
	at sun.nio.ch.SocketChannelImpl.finishConnect(SocketChannelImpl.java:717)
	at org.apache.ratis.thirdparty.io.netty.channel.socket.nio.NioSocketChannel.doFinishConnect(NioSocketChannel.java:327)
	at org.apache.ratis.thirdparty.io.netty.channel.nio.AbstractNioChannel$AbstractNioUnsafe.finishConnect(AbstractNioChannel.java:340)
	at org.apache.ratis.thirdparty.io.netty.channel.nio.NioEventLoop.processSelectedKey(NioEventLoop.java:632)
	at org.apache.ratis.thirdparty.io.netty.channel.nio.NioEventLoop.processSelectedKeysOptimized(NioEventLoop.java:579)
	at org.apache.ratis.thirdparty.io.netty.channel.nio.NioEventLoop.processSelectedKeys(NioEventLoop.java:496)
	at org.apache.ratis.thirdparty.io.netty.channel.nio.NioEventLoop.run(NioEventLoop.java:458)
	at org.apache.ratis.thirdparty.io.netty.util.concurrent.SingleThreadEventExecutor$5.run(SingleThreadEventExecutor.java:897)
	at org.apache.ratis.thirdparty.io.netty.util.concurrent.FastThreadLocalRunnable.run(FastThreadLocalRunnable.java:30)
	... 1 more
Caused by: java.net.ConnectException: Connection refused
	... 11 more
2019-11-05 11:28:44,157 [grpc-default-executor-9] INFO  impl.RaftServerImpl (RaftServerImpl.java:setRole(184)) - b8bf4e9b-064a-4520-981c-d6c40c833497@group-E95DC8E8582E: changes role from  FOLLOWER to FOLLOWER at term 171 for recognizeCandidate:687f579d-1680-4dd5-8b24-01f078298cef
2019-11-05 11:28:44,174 [grpc-default-executor-9] INFO  impl.RoleInfo (RoleInfo.java:shutdownFollowerState(121)) - b8bf4e9b-064a-4520-981c-d6c40c833497: shutdown FollowerState
2019-11-05 11:28:44,174 [grpc-default-executor-9] INFO  impl.RoleInfo (RoleInfo.java:updateAndGet(143)) - b8bf4e9b-064a-4520-981c-d6c40c833497: start FollowerState
2019-11-05 11:28:44,148 [grpc-default-executor-4] INFO  impl.RaftServerImpl (RaftServerImpl.java:setRole(184)) - 90ecfa43-dab6-49d9-b30c-40ef62bfdf2a@group-E95DC8E8582E: changes role from  FOLLOWER to FOLLOWER at term 171 for recognizeCandidate:687f579d-1680-4dd5-8b24-01f078298cef
2019-11-05 11:28:44,175 [grpc-default-executor-4] INFO  impl.RoleInfo (RoleInfo.java:shutdownFollowerState(121)) - 90ecfa43-dab6-49d9-b30c-40ef62bfdf2a: shutdown FollowerState
2019-11-05 11:28:44,176 [Thread-2305] INFO  impl.FollowerState (FollowerState.java:run(117)) - b8bf4e9b-064a-4520-981c-d6c40c833497@group-E95DC8E8582E-FollowerState was interrupted: java.lang.InterruptedException: sleep interrupted
2019-11-05 11:28:44,175 [d8b77924-76ff-4932-a9fa-7ec761e4cf6b@group-0CA4D070D5C4-LeaderElection258] INFO  impl.LeaderElection (LeaderElection.java:logAndReturn(56)) - d8b77924-76ff-4932-a9fa-7ec761e4cf6b@group-0CA4D070D5C4-LeaderElection258: Election REJECTED; received 0 response(s) [] and 2 exception(s); d8b77924-76ff-4932-a9fa-7ec761e4cf6b@group-0CA4D070D5C4:t8, leader=null, voted=d8b77924-76ff-4932-a9fa-7ec761e4cf6b, raftlog=d8b77924-76ff-4932-a9fa-7ec761e4cf6b@group-0CA4D070D5C4-SegmentedRaftLog:OPENED:c20,f20,i20, conf=0: [93bc9e78-ae56-4fee-a007-4b156d649157:192.168.157.252:38000, d8b77924-76ff-4932-a9fa-7ec761e4cf6b:192.168.157.252:40377, bd42c95e-cd41-4cbd-85b3-b330cc3c4f94:192.168.157.252:33158], old=null
2019-11-05 11:28:44,176 [d8b77924-76ff-4932-a9fa-7ec761e4cf6b@group-0CA4D070D5C4-LeaderElection258] INFO  impl.LeaderElection (LogUtils.java:infoOrTrace(149)) -   Exception 0: {}
java.util.concurrent.ExecutionException: org.apache.ratis.thirdparty.io.grpc.StatusRuntimeException: UNAVAILABLE: io exception
	at java.util.concurrent.FutureTask.report(FutureTask.java:122)
	at java.util.concurrent.FutureTask.get(FutureTask.java:192)
	at org.apache.ratis.server.impl.LeaderElection.waitForResults(LeaderElection.java:259)
	at org.apache.ratis.server.impl.LeaderElection.askForVotes(LeaderElection.java:197)
	at org.apache.ratis.server.impl.LeaderElection.run(LeaderElection.java:133)
	at java.lang.Thread.run(Thread.java:748)
Caused by: org.apache.ratis.thirdparty.io.grpc.StatusRuntimeException: UNAVAILABLE: io exception
	at org.apache.ratis.thirdparty.io.grpc.stub.ClientCalls.toStatusRuntimeException(ClientCalls.java:233)
	at org.apache.ratis.thirdparty.io.grpc.stub.ClientCalls.getUnchecked(ClientCalls.java:214)
	at org.apache.ratis.thirdparty.io.grpc.stub.ClientCalls.blockingUnaryCall(ClientCalls.java:139)
	at org.apache.ratis.proto.grpc.RaftServerProtocolServiceGrpc$RaftServerProtocolServiceBlockingStub.requestVote(RaftServerProtocolServiceGrpc.java:265)
	at org.apache.ratis.grpc.server.GrpcServerProtocolClient.requestVote(GrpcServerProtocolClient.java:99)
	at org.apache.ratis.grpc.server.GrpcService.requestVote(GrpcService.java:204)
	at org.apache.ratis.server.impl.LeaderElection.lambda$submitRequests$1(LeaderElection.java:234)
	at java.util.concurrent.FutureTask.run(FutureTask.java:266)
	at java.util.concurrent.Executors$RunnableAdapter.call(Executors.java:511)
	at java.util.concurrent.FutureTask.run(FutureTask.java:266)
	at java.util.concurrent.ThreadPoolExecutor.runWorker(ThreadPoolExecutor.java:1149)
	at java.util.concurrent.ThreadPoolExecutor$Worker.run(ThreadPoolExecutor.java:624)
	... 1 more
Caused by: org.apache.ratis.thirdparty.io.netty.channel.AbstractChannel$AnnotatedConnectException: Connection refused: /192.168.157.252:33158
	at sun.nio.ch.SocketChannelImpl.checkConnect(Native Method)
	at sun.nio.ch.SocketChannelImpl.finishConnect(SocketChannelImpl.java:717)
	at org.apache.ratis.thirdparty.io.netty.channel.socket.nio.NioSocketChannel.doFinishConnect(NioSocketChannel.java:327)
	at org.apache.ratis.thirdparty.io.netty.channel.nio.AbstractNioChannel$AbstractNioUnsafe.finishConnect(AbstractNioChannel.java:340)
	at org.apache.ratis.thirdparty.io.netty.channel.nio.NioEventLoop.processSelectedKey(NioEventLoop.java:632)
	at org.apache.ratis.thirdparty.io.netty.channel.nio.NioEventLoop.processSelectedKeysOptimized(NioEventLoop.java:579)
	at org.apache.ratis.thirdparty.io.netty.channel.nio.NioEventLoop.processSelectedKeys(NioEventLoop.java:496)
	at org.apache.ratis.thirdparty.io.netty.channel.nio.NioEventLoop.run(NioEventLoop.java:458)
	at org.apache.ratis.thirdparty.io.netty.util.concurrent.SingleThreadEventExecutor$5.run(SingleThreadEventExecutor.java:897)
	at org.apache.ratis.thirdparty.io.netty.util.concurrent.FastThreadLocalRunnable.run(FastThreadLocalRunnable.java:30)
	... 1 more
Caused by: java.net.ConnectException: Connection refused
	... 11 more
2019-11-05 11:28:44,177 [d8b77924-76ff-4932-a9fa-7ec761e4cf6b@group-0CA4D070D5C4-LeaderElection258] INFO  impl.LeaderElection (LogUtils.java:infoOrTrace(149)) -   Exception 1: {}
java.util.concurrent.ExecutionException: org.apache.ratis.thirdparty.io.grpc.StatusRuntimeException: UNAVAILABLE: io exception
	at java.util.concurrent.FutureTask.report(FutureTask.java:122)
	at java.util.concurrent.FutureTask.get(FutureTask.java:192)
	at org.apache.ratis.server.impl.LeaderElection.waitForResults(LeaderElection.java:259)
	at org.apache.ratis.server.impl.LeaderElection.askForVotes(LeaderElection.java:197)
	at org.apache.ratis.server.impl.LeaderElection.run(LeaderElection.java:133)
	at java.lang.Thread.run(Thread.java:748)
Caused by: org.apache.ratis.thirdparty.io.grpc.StatusRuntimeException: UNAVAILABLE: io exception
	at org.apache.ratis.thirdparty.io.grpc.stub.ClientCalls.toStatusRuntimeException(ClientCalls.java:233)
	at org.apache.ratis.thirdparty.io.grpc.stub.ClientCalls.getUnchecked(ClientCalls.java:214)
	at org.apache.ratis.thirdparty.io.grpc.stub.ClientCalls.blockingUnaryCall(ClientCalls.java:139)
	at org.apache.ratis.proto.grpc.RaftServerProtocolServiceGrpc$RaftServerProtocolServiceBlockingStub.requestVote(RaftServerProtocolServiceGrpc.java:265)
	at org.apache.ratis.grpc.server.GrpcServerProtocolClient.requestVote(GrpcServerProtocolClient.java:99)
	at org.apache.ratis.grpc.server.GrpcService.requestVote(GrpcService.java:204)
	at org.apache.ratis.server.impl.LeaderElection.lambda$submitRequests$1(LeaderElection.java:234)
	at java.util.concurrent.FutureTask.run(FutureTask.java:266)
	at java.util.concurrent.Executors$RunnableAdapter.call(Executors.java:511)
	at java.util.concurrent.FutureTask.run(FutureTask.java:266)
	at java.util.concurrent.ThreadPoolExecutor.runWorker(ThreadPoolExecutor.java:1149)
	at java.util.concurrent.ThreadPoolExecutor$Worker.run(ThreadPoolExecutor.java:624)
	... 1 more
Caused by: org.apache.ratis.thirdparty.io.netty.channel.AbstractChannel$AnnotatedConnectException: Connection refused: /192.168.157.252:38000
	at sun.nio.ch.SocketChannelImpl.checkConnect(Native Method)
	at sun.nio.ch.SocketChannelImpl.finishConnect(SocketChannelImpl.java:717)
	at org.apache.ratis.thirdparty.io.netty.channel.socket.nio.NioSocketChannel.doFinishConnect(NioSocketChannel.java:327)
	at org.apache.ratis.thirdparty.io.netty.channel.nio.AbstractNioChannel$AbstractNioUnsafe.finishConnect(AbstractNioChannel.java:340)
	at org.apache.ratis.thirdparty.io.netty.channel.nio.NioEventLoop.processSelectedKey(NioEventLoop.java:632)
	at org.apache.ratis.thirdparty.io.netty.channel.nio.NioEventLoop.processSelectedKeysOptimized(NioEventLoop.java:579)
	at org.apache.ratis.thirdparty.io.netty.channel.nio.NioEventLoop.processSelectedKeys(NioEventLoop.java:496)
	at org.apache.ratis.thirdparty.io.netty.channel.nio.NioEventLoop.run(NioEventLoop.java:458)
	at org.apache.ratis.thirdparty.io.netty.util.concurrent.SingleThreadEventExecutor$5.run(SingleThreadEventExecutor.java:897)
	at org.apache.ratis.thirdparty.io.netty.util.concurrent.FastThreadLocalRunnable.run(FastThreadLocalRunnable.java:30)
	... 1 more
Caused by: java.net.ConnectException: Connection refused
	... 11 more
2019-11-05 11:28:44,177 [d8b77924-76ff-4932-a9fa-7ec761e4cf6b@group-0CA4D070D5C4-LeaderElection258] INFO  impl.RaftServerImpl (RaftServerImpl.java:setRole(184)) - d8b77924-76ff-4932-a9fa-7ec761e4cf6b@group-0CA4D070D5C4: changes role from CANDIDATE to FOLLOWER at term 8 for DISCOVERED_A_NEW_TERM
2019-11-05 11:28:44,177 [d8b77924-76ff-4932-a9fa-7ec761e4cf6b@group-0CA4D070D5C4-LeaderElection258] INFO  impl.RoleInfo (RoleInfo.java:shutdownLeaderElection(134)) - d8b77924-76ff-4932-a9fa-7ec761e4cf6b: shutdown LeaderElection
2019-11-05 11:28:44,178 [d8b77924-76ff-4932-a9fa-7ec761e4cf6b@group-0CA4D070D5C4-LeaderElection258] INFO  impl.RoleInfo (RoleInfo.java:updateAndGet(143)) - d8b77924-76ff-4932-a9fa-7ec761e4cf6b: start FollowerState
2019-11-05 11:28:44,192 [grpc-default-executor-4] INFO  impl.RoleInfo (RoleInfo.java:updateAndGet(143)) - 90ecfa43-dab6-49d9-b30c-40ef62bfdf2a: start FollowerState
2019-11-05 11:28:44,195 [Thread-2304] INFO  impl.FollowerState (FollowerState.java:run(117)) - 90ecfa43-dab6-49d9-b30c-40ef62bfdf2a@group-E95DC8E8582E-FollowerState was interrupted: java.lang.InterruptedException: sleep interrupted
2019-11-05 11:28:44,227 [687f579d-1680-4dd5-8b24-01f078298cef@group-E95DC8E8582E-LeaderElection259] INFO  impl.LeaderElection (LeaderElection.java:logAndReturn(56)) - 687f579d-1680-4dd5-8b24-01f078298cef@group-E95DC8E8582E-LeaderElection259: Election REJECTED; received 2 response(s) [687f579d-1680-4dd5-8b24-01f078298cef<-90ecfa43-dab6-49d9-b30c-40ef62bfdf2a#0:FAIL-t171, 687f579d-1680-4dd5-8b24-01f078298cef<-b8bf4e9b-064a-4520-981c-d6c40c833497#0:FAIL-t171] and 0 exception(s); 687f579d-1680-4dd5-8b24-01f078298cef@group-E95DC8E8582E:t171, leader=null, voted=687f579d-1680-4dd5-8b24-01f078298cef, raftlog=687f579d-1680-4dd5-8b24-01f078298cef@group-E95DC8E8582E-SegmentedRaftLog:OPENED:c-1,f-1,i0, conf=-1: [90ecfa43-dab6-49d9-b30c-40ef62bfdf2a:192.168.157.252:34192, 687f579d-1680-4dd5-8b24-01f078298cef:192.168.157.252:37962, b8bf4e9b-064a-4520-981c-d6c40c833497:192.168.157.252:43407], old=null
2019-11-05 11:28:44,227 [687f579d-1680-4dd5-8b24-01f078298cef@group-E95DC8E8582E-LeaderElection259] INFO  impl.RaftServerImpl (RaftServerImpl.java:setRole(184)) - 687f579d-1680-4dd5-8b24-01f078298cef@group-E95DC8E8582E: changes role from CANDIDATE to FOLLOWER at term 171 for DISCOVERED_A_NEW_TERM
2019-11-05 11:28:44,227 [687f579d-1680-4dd5-8b24-01f078298cef@group-E95DC8E8582E-LeaderElection259] INFO  impl.RoleInfo (RoleInfo.java:shutdownLeaderElection(134)) - 687f579d-1680-4dd5-8b24-01f078298cef: shutdown LeaderElection
2019-11-05 11:28:44,227 [687f579d-1680-4dd5-8b24-01f078298cef@group-E95DC8E8582E-LeaderElection259] INFO  impl.RoleInfo (RoleInfo.java:updateAndGet(143)) - 687f579d-1680-4dd5-8b24-01f078298cef: start FollowerState
2019-11-05 11:28:44,291 [Thread-2316] INFO  impl.FollowerState (FollowerState.java:run(108)) - 687f579d-1680-4dd5-8b24-01f078298cef@group-E95DC8E8582E-FollowerState: change to CANDIDATE, lastRpcTime:63ms, electionTimeout:57ms
2019-11-05 11:28:44,292 [Thread-2316] INFO  impl.RoleInfo (RoleInfo.java:shutdownFollowerState(121)) - 687f579d-1680-4dd5-8b24-01f078298cef: shutdown FollowerState
2019-11-05 11:28:44,292 [Thread-2316] INFO  impl.RaftServerImpl (RaftServerImpl.java:setRole(184)) - 687f579d-1680-4dd5-8b24-01f078298cef@group-E95DC8E8582E: changes role from  FOLLOWER to CANDIDATE at term 171 for changeToCandidate
2019-11-05 11:28:44,292 [Thread-2316] INFO  impl.RoleInfo (RoleInfo.java:updateAndGet(143)) - 687f579d-1680-4dd5-8b24-01f078298cef: start LeaderElection
2019-11-05 11:28:44,316 [687f579d-1680-4dd5-8b24-01f078298cef@group-E95DC8E8582E-LeaderElection260] INFO  impl.LeaderElection (LeaderElection.java:askForVotes(178)) - 687f579d-1680-4dd5-8b24-01f078298cef@group-E95DC8E8582E-LeaderElection260: begin an election at term 172 for -1: [90ecfa43-dab6-49d9-b30c-40ef62bfdf2a:192.168.157.252:34192, 687f579d-1680-4dd5-8b24-01f078298cef:192.168.157.252:37962, b8bf4e9b-064a-4520-981c-d6c40c833497:192.168.157.252:43407], old=null
2019-11-05 11:28:44,318 [grpc-default-executor-4] INFO  impl.RaftServerImpl (RaftServerImpl.java:setRole(184)) - 90ecfa43-dab6-49d9-b30c-40ef62bfdf2a@group-E95DC8E8582E: changes role from  FOLLOWER to FOLLOWER at term 172 for recognizeCandidate:687f579d-1680-4dd5-8b24-01f078298cef
2019-11-05 11:28:44,318 [grpc-default-executor-4] INFO  impl.RoleInfo (RoleInfo.java:shutdownFollowerState(121)) - 90ecfa43-dab6-49d9-b30c-40ef62bfdf2a: shutdown FollowerState
2019-11-05 11:28:44,318 [grpc-default-executor-4] INFO  impl.RoleInfo (RoleInfo.java:updateAndGet(143)) - 90ecfa43-dab6-49d9-b30c-40ef62bfdf2a: start FollowerState
2019-11-05 11:28:44,318 [Thread-2315] INFO  impl.FollowerState (FollowerState.java:run(117)) - 90ecfa43-dab6-49d9-b30c-40ef62bfdf2a@group-E95DC8E8582E-FollowerState was interrupted: java.lang.InterruptedException: sleep interrupted
2019-11-05 11:28:44,320 [grpc-default-executor-9] INFO  impl.RaftServerImpl (RaftServerImpl.java:setRole(184)) - b8bf4e9b-064a-4520-981c-d6c40c833497@group-E95DC8E8582E: changes role from  FOLLOWER to FOLLOWER at term 172 for recognizeCandidate:687f579d-1680-4dd5-8b24-01f078298cef
2019-11-05 11:28:44,320 [grpc-default-executor-9] INFO  impl.RoleInfo (RoleInfo.java:shutdownFollowerState(121)) - b8bf4e9b-064a-4520-981c-d6c40c833497: shutdown FollowerState
2019-11-05 11:28:44,320 [grpc-default-executor-9] INFO  impl.RoleInfo (RoleInfo.java:updateAndGet(143)) - b8bf4e9b-064a-4520-981c-d6c40c833497: start FollowerState
2019-11-05 11:28:44,320 [Thread-2313] INFO  impl.FollowerState (FollowerState.java:run(117)) - b8bf4e9b-064a-4520-981c-d6c40c833497@group-E95DC8E8582E-FollowerState was interrupted: java.lang.InterruptedException: sleep interrupted
2019-11-05 11:28:44,384 [687f579d-1680-4dd5-8b24-01f078298cef@group-E95DC8E8582E-LeaderElection260] INFO  impl.LeaderElection (LeaderElection.java:logAndReturn(56)) - 687f579d-1680-4dd5-8b24-01f078298cef@group-E95DC8E8582E-LeaderElection260: Election TIMEOUT; received 0 response(s) [] and 0 exception(s); 687f579d-1680-4dd5-8b24-01f078298cef@group-E95DC8E8582E:t172, leader=null, voted=687f579d-1680-4dd5-8b24-01f078298cef, raftlog=687f579d-1680-4dd5-8b24-01f078298cef@group-E95DC8E8582E-SegmentedRaftLog:OPENED:c-1,f-1,i0, conf=-1: [90ecfa43-dab6-49d9-b30c-40ef62bfdf2a:192.168.157.252:34192, 687f579d-1680-4dd5-8b24-01f078298cef:192.168.157.252:37962, b8bf4e9b-064a-4520-981c-d6c40c833497:192.168.157.252:43407], old=null
2019-11-05 11:28:44,404 [687f579d-1680-4dd5-8b24-01f078298cef@group-E95DC8E8582E-LeaderElection260] INFO  impl.LeaderElection (LeaderElection.java:askForVotes(178)) - 687f579d-1680-4dd5-8b24-01f078298cef@group-E95DC8E8582E-LeaderElection260: begin an election at term 173 for -1: [90ecfa43-dab6-49d9-b30c-40ef62bfdf2a:192.168.157.252:34192, 687f579d-1680-4dd5-8b24-01f078298cef:192.168.157.252:37962, b8bf4e9b-064a-4520-981c-d6c40c833497:192.168.157.252:43407], old=null
2019-11-05 11:28:44,406 [grpc-default-executor-9] INFO  impl.RaftServerImpl (RaftServerImpl.java:setRole(184)) - 90ecfa43-dab6-49d9-b30c-40ef62bfdf2a@group-E95DC8E8582E: changes role from  FOLLOWER to FOLLOWER at term 173 for recognizeCandidate:687f579d-1680-4dd5-8b24-01f078298cef
2019-11-05 11:28:44,406 [grpc-default-executor-9] INFO  impl.RoleInfo (RoleInfo.java:shutdownFollowerState(121)) - 90ecfa43-dab6-49d9-b30c-40ef62bfdf2a: shutdown FollowerState
2019-11-05 11:28:44,407 [grpc-default-executor-9] INFO  impl.RoleInfo (RoleInfo.java:updateAndGet(143)) - 90ecfa43-dab6-49d9-b30c-40ef62bfdf2a: start FollowerState
2019-11-05 11:28:44,407 [Thread-2320] INFO  impl.FollowerState (FollowerState.java:run(117)) - 90ecfa43-dab6-49d9-b30c-40ef62bfdf2a@group-E95DC8E8582E-FollowerState was interrupted: java.lang.InterruptedException: sleep interrupted
2019-11-05 11:28:44,425 [grpc-default-executor-4] INFO  impl.RaftServerImpl (RaftServerImpl.java:setRole(184)) - b8bf4e9b-064a-4520-981c-d6c40c833497@group-E95DC8E8582E: changes role from  FOLLOWER to FOLLOWER at term 173 for recognizeCandidate:687f579d-1680-4dd5-8b24-01f078298cef
2019-11-05 11:28:44,425 [grpc-default-executor-4] INFO  impl.RoleInfo (RoleInfo.java:shutdownFollowerState(121)) - b8bf4e9b-064a-4520-981c-d6c40c833497: shutdown FollowerState
2019-11-05 11:28:44,425 [grpc-default-executor-4] INFO  impl.RoleInfo (RoleInfo.java:updateAndGet(143)) - b8bf4e9b-064a-4520-981c-d6c40c833497: start FollowerState
2019-11-05 11:28:44,428 [Thread-2321] INFO  impl.FollowerState (FollowerState.java:run(117)) - b8bf4e9b-064a-4520-981c-d6c40c833497@group-E95DC8E8582E-FollowerState was interrupted: java.lang.InterruptedException: sleep interrupted
2019-11-05 11:28:44,467 [687f579d-1680-4dd5-8b24-01f078298cef@group-E95DC8E8582E-LeaderElection260] INFO  impl.LeaderElection (LeaderElection.java:logAndReturn(56)) - 687f579d-1680-4dd5-8b24-01f078298cef@group-E95DC8E8582E-LeaderElection260: Election REJECTED; received 2 response(s) [687f579d-1680-4dd5-8b24-01f078298cef<-90ecfa43-dab6-49d9-b30c-40ef62bfdf2a#0:FAIL-t173, 687f579d-1680-4dd5-8b24-01f078298cef<-b8bf4e9b-064a-4520-981c-d6c40c833497#0:FAIL-t173] and 0 exception(s); 687f579d-1680-4dd5-8b24-01f078298cef@group-E95DC8E8582E:t173, leader=null, voted=687f579d-1680-4dd5-8b24-01f078298cef, raftlog=687f579d-1680-4dd5-8b24-01f078298cef@group-E95DC8E8582E-SegmentedRaftLog:OPENED:c-1,f-1,i0, conf=-1: [90ecfa43-dab6-49d9-b30c-40ef62bfdf2a:192.168.157.252:34192, 687f579d-1680-4dd5-8b24-01f078298cef:192.168.157.252:37962, b8bf4e9b-064a-4520-981c-d6c40c833497:192.168.157.252:43407], old=null
2019-11-05 11:28:44,467 [687f579d-1680-4dd5-8b24-01f078298cef@group-E95DC8E8582E-LeaderElection260] INFO  impl.RaftServerImpl (RaftServerImpl.java:setRole(184)) - 687f579d-1680-4dd5-8b24-01f078298cef@group-E95DC8E8582E: changes role from CANDIDATE to FOLLOWER at term 173 for DISCOVERED_A_NEW_TERM
2019-11-05 11:28:44,467 [687f579d-1680-4dd5-8b24-01f078298cef@group-E95DC8E8582E-LeaderElection260] INFO  impl.RoleInfo (RoleInfo.java:shutdownLeaderElection(134)) - 687f579d-1680-4dd5-8b24-01f078298cef: shutdown LeaderElection
2019-11-05 11:28:44,467 [687f579d-1680-4dd5-8b24-01f078298cef@group-E95DC8E8582E-LeaderElection260] INFO  impl.RoleInfo (RoleInfo.java:updateAndGet(143)) - 687f579d-1680-4dd5-8b24-01f078298cef: start FollowerState
2019-11-05 11:28:44,623 [Thread-2326] INFO  impl.FollowerState (FollowerState.java:run(108)) - 687f579d-1680-4dd5-8b24-01f078298cef@group-E95DC8E8582E-FollowerState: change to CANDIDATE, lastRpcTime:155ms, electionTimeout:155ms
2019-11-05 11:28:44,623 [Thread-2326] INFO  impl.RoleInfo (RoleInfo.java:shutdownFollowerState(121)) - 687f579d-1680-4dd5-8b24-01f078298cef: shutdown FollowerState
2019-11-05 11:28:44,623 [Thread-2326] INFO  impl.RaftServerImpl (RaftServerImpl.java:setRole(184)) - 687f579d-1680-4dd5-8b24-01f078298cef@group-E95DC8E8582E: changes role from  FOLLOWER to CANDIDATE at term 173 for changeToCandidate
2019-11-05 11:28:44,623 [Thread-2326] INFO  impl.RoleInfo (RoleInfo.java:updateAndGet(143)) - 687f579d-1680-4dd5-8b24-01f078298cef: start LeaderElection
2019-11-05 11:28:44,656 [687f579d-1680-4dd5-8b24-01f078298cef@group-E95DC8E8582E-LeaderElection261] INFO  impl.LeaderElection (LeaderElection.java:askForVotes(178)) - 687f579d-1680-4dd5-8b24-01f078298cef@group-E95DC8E8582E-LeaderElection261: begin an election at term 174 for -1: [90ecfa43-dab6-49d9-b30c-40ef62bfdf2a:192.168.157.252:34192, 687f579d-1680-4dd5-8b24-01f078298cef:192.168.157.252:37962, b8bf4e9b-064a-4520-981c-d6c40c833497:192.168.157.252:43407], old=null
2019-11-05 11:28:44,669 [grpc-default-executor-4] INFO  impl.RaftServerImpl (RaftServerImpl.java:setRole(184)) - 90ecfa43-dab6-49d9-b30c-40ef62bfdf2a@group-E95DC8E8582E: changes role from  FOLLOWER to FOLLOWER at term 174 for recognizeCandidate:687f579d-1680-4dd5-8b24-01f078298cef
2019-11-05 11:28:44,669 [grpc-default-executor-4] INFO  impl.RoleInfo (RoleInfo.java:shutdownFollowerState(121)) - 90ecfa43-dab6-49d9-b30c-40ef62bfdf2a: shutdown FollowerState
2019-11-05 11:28:44,670 [grpc-default-executor-4] INFO  impl.RoleInfo (RoleInfo.java:updateAndGet(143)) - 90ecfa43-dab6-49d9-b30c-40ef62bfdf2a: start FollowerState
2019-11-05 11:28:44,670 [Thread-2324] INFO  impl.FollowerState (FollowerState.java:run(117)) - 90ecfa43-dab6-49d9-b30c-40ef62bfdf2a@group-E95DC8E8582E-FollowerState was interrupted: java.lang.InterruptedException: sleep interrupted
2019-11-05 11:28:44,685 [grpc-default-executor-9] INFO  impl.RaftServerImpl (RaftServerImpl.java:setRole(184)) - b8bf4e9b-064a-4520-981c-d6c40c833497@group-E95DC8E8582E: changes role from  FOLLOWER to FOLLOWER at term 174 for recognizeCandidate:687f579d-1680-4dd5-8b24-01f078298cef
2019-11-05 11:28:44,685 [grpc-default-executor-9] INFO  impl.RoleInfo (RoleInfo.java:shutdownFollowerState(121)) - b8bf4e9b-064a-4520-981c-d6c40c833497: shutdown FollowerState
2019-11-05 11:28:44,685 [grpc-default-executor-9] INFO  impl.RoleInfo (RoleInfo.java:updateAndGet(143)) - b8bf4e9b-064a-4520-981c-d6c40c833497: start FollowerState
2019-11-05 11:28:44,685 [Thread-2325] INFO  impl.FollowerState (FollowerState.java:run(117)) - b8bf4e9b-064a-4520-981c-d6c40c833497@group-E95DC8E8582E-FollowerState was interrupted: java.lang.InterruptedException: sleep interrupted
2019-11-05 11:28:44,698 [687f579d-1680-4dd5-8b24-01f078298cef@group-E95DC8E8582E-LeaderElection261] INFO  impl.LeaderElection (LeaderElection.java:logAndReturn(56)) - 687f579d-1680-4dd5-8b24-01f078298cef@group-E95DC8E8582E-LeaderElection261: Election REJECTED; received 2 response(s) [687f579d-1680-4dd5-8b24-01f078298cef<-90ecfa43-dab6-49d9-b30c-40ef62bfdf2a#0:FAIL-t174, 687f579d-1680-4dd5-8b24-01f078298cef<-b8bf4e9b-064a-4520-981c-d6c40c833497#0:FAIL-t174] and 0 exception(s); 687f579d-1680-4dd5-8b24-01f078298cef@group-E95DC8E8582E:t174, leader=null, voted=687f579d-1680-4dd5-8b24-01f078298cef, raftlog=687f579d-1680-4dd5-8b24-01f078298cef@group-E95DC8E8582E-SegmentedRaftLog:OPENED:c-1,f-1,i0, conf=-1: [90ecfa43-dab6-49d9-b30c-40ef62bfdf2a:192.168.157.252:34192, 687f579d-1680-4dd5-8b24-01f078298cef:192.168.157.252:37962, b8bf4e9b-064a-4520-981c-d6c40c833497:192.168.157.252:43407], old=null
2019-11-05 11:28:44,698 [687f579d-1680-4dd5-8b24-01f078298cef@group-E95DC8E8582E-LeaderElection261] INFO  impl.RaftServerImpl (RaftServerImpl.java:setRole(184)) - 687f579d-1680-4dd5-8b24-01f078298cef@group-E95DC8E8582E: changes role from CANDIDATE to FOLLOWER at term 174 for DISCOVERED_A_NEW_TERM
2019-11-05 11:28:44,698 [687f579d-1680-4dd5-8b24-01f078298cef@group-E95DC8E8582E-LeaderElection261] INFO  impl.RoleInfo (RoleInfo.java:shutdownLeaderElection(134)) - 687f579d-1680-4dd5-8b24-01f078298cef: shutdown LeaderElection
2019-11-05 11:28:44,699 [687f579d-1680-4dd5-8b24-01f078298cef@group-E95DC8E8582E-LeaderElection261] INFO  impl.RoleInfo (RoleInfo.java:updateAndGet(143)) - 687f579d-1680-4dd5-8b24-01f078298cef: start FollowerState
2019-11-05 11:28:44,861 [Thread-2332] INFO  impl.FollowerState (FollowerState.java:run(108)) - 687f579d-1680-4dd5-8b24-01f078298cef@group-E95DC8E8582E-FollowerState: change to CANDIDATE, lastRpcTime:162ms, electionTimeout:144ms
2019-11-05 11:28:44,861 [Thread-2332] INFO  impl.RoleInfo (RoleInfo.java:shutdownFollowerState(121)) - 687f579d-1680-4dd5-8b24-01f078298cef: shutdown FollowerState
2019-11-05 11:28:44,861 [Thread-2332] INFO  impl.RaftServerImpl (RaftServerImpl.java:setRole(184)) - 687f579d-1680-4dd5-8b24-01f078298cef@group-E95DC8E8582E: changes role from  FOLLOWER to CANDIDATE at term 174 for changeToCandidate
2019-11-05 11:28:44,862 [Thread-2332] INFO  impl.RoleInfo (RoleInfo.java:updateAndGet(143)) - 687f579d-1680-4dd5-8b24-01f078298cef: start LeaderElection
2019-11-05 11:28:44,876 [687f579d-1680-4dd5-8b24-01f078298cef@group-E95DC8E8582E-LeaderElection262] INFO  impl.LeaderElection (LeaderElection.java:askForVotes(178)) - 687f579d-1680-4dd5-8b24-01f078298cef@group-E95DC8E8582E-LeaderElection262: begin an election at term 175 for -1: [90ecfa43-dab6-49d9-b30c-40ef62bfdf2a:192.168.157.252:34192, 687f579d-1680-4dd5-8b24-01f078298cef:192.168.157.252:37962, b8bf4e9b-064a-4520-981c-d6c40c833497:192.168.157.252:43407], old=null
2019-11-05 11:28:44,879 [grpc-default-executor-4] INFO  impl.RaftServerImpl (RaftServerImpl.java:setRole(184)) - 90ecfa43-dab6-49d9-b30c-40ef62bfdf2a@group-E95DC8E8582E: changes role from  FOLLOWER to FOLLOWER at term 175 for recognizeCandidate:687f579d-1680-4dd5-8b24-01f078298cef
2019-11-05 11:28:44,880 [grpc-default-executor-4] INFO  impl.RoleInfo (RoleInfo.java:shutdownFollowerState(121)) - 90ecfa43-dab6-49d9-b30c-40ef62bfdf2a: shutdown FollowerState
2019-11-05 11:28:44,880 [grpc-default-executor-4] INFO  impl.RoleInfo (RoleInfo.java:updateAndGet(143)) - 90ecfa43-dab6-49d9-b30c-40ef62bfdf2a: start FollowerState
2019-11-05 11:28:44,880 [grpc-default-executor-9] INFO  impl.RaftServerImpl (RaftServerImpl.java:setRole(184)) - b8bf4e9b-064a-4520-981c-d6c40c833497@group-E95DC8E8582E: changes role from  FOLLOWER to FOLLOWER at term 175 for recognizeCandidate:687f579d-1680-4dd5-8b24-01f078298cef
2019-11-05 11:28:44,880 [grpc-default-executor-9] INFO  impl.RoleInfo (RoleInfo.java:shutdownFollowerState(121)) - b8bf4e9b-064a-4520-981c-d6c40c833497: shutdown FollowerState
2019-11-05 11:28:44,881 [grpc-default-executor-9] INFO  impl.RoleInfo (RoleInfo.java:updateAndGet(143)) - b8bf4e9b-064a-4520-981c-d6c40c833497: start FollowerState
2019-11-05 11:28:44,881 [Thread-2331] INFO  impl.FollowerState (FollowerState.java:run(117)) - b8bf4e9b-064a-4520-981c-d6c40c833497@group-E95DC8E8582E-FollowerState was interrupted: java.lang.InterruptedException: sleep interrupted
2019-11-05 11:28:44,881 [Thread-2330] INFO  impl.FollowerState (FollowerState.java:run(117)) - 90ecfa43-dab6-49d9-b30c-40ef62bfdf2a@group-E95DC8E8582E-FollowerState was interrupted: java.lang.InterruptedException: sleep interrupted
2019-11-05 11:28:44,896 [687f579d-1680-4dd5-8b24-01f078298cef@group-E95DC8E8582E-LeaderElection262] INFO  impl.LeaderElection (LeaderElection.java:logAndReturn(56)) - 687f579d-1680-4dd5-8b24-01f078298cef@group-E95DC8E8582E-LeaderElection262: Election REJECTED; received 2 response(s) [687f579d-1680-4dd5-8b24-01f078298cef<-90ecfa43-dab6-49d9-b30c-40ef62bfdf2a#0:FAIL-t175, 687f579d-1680-4dd5-8b24-01f078298cef<-b8bf4e9b-064a-4520-981c-d6c40c833497#0:FAIL-t175] and 0 exception(s); 687f579d-1680-4dd5-8b24-01f078298cef@group-E95DC8E8582E:t175, leader=null, voted=687f579d-1680-4dd5-8b24-01f078298cef, raftlog=687f579d-1680-4dd5-8b24-01f078298cef@group-E95DC8E8582E-SegmentedRaftLog:OPENED:c-1,f-1,i0, conf=-1: [90ecfa43-dab6-49d9-b30c-40ef62bfdf2a:192.168.157.252:34192, 687f579d-1680-4dd5-8b24-01f078298cef:192.168.157.252:37962, b8bf4e9b-064a-4520-981c-d6c40c833497:192.168.157.252:43407], old=null
2019-11-05 11:28:44,897 [687f579d-1680-4dd5-8b24-01f078298cef@group-E95DC8E8582E-LeaderElection262] INFO  impl.RaftServerImpl (RaftServerImpl.java:setRole(184)) - 687f579d-1680-4dd5-8b24-01f078298cef@group-E95DC8E8582E: changes role from CANDIDATE to FOLLOWER at term 175 for DISCOVERED_A_NEW_TERM
2019-11-05 11:28:44,897 [687f579d-1680-4dd5-8b24-01f078298cef@group-E95DC8E8582E-LeaderElection262] INFO  impl.RoleInfo (RoleInfo.java:shutdownLeaderElection(134)) - 687f579d-1680-4dd5-8b24-01f078298cef: shutdown LeaderElection
2019-11-05 11:28:44,897 [687f579d-1680-4dd5-8b24-01f078298cef@group-E95DC8E8582E-LeaderElection262] INFO  impl.RoleInfo (RoleInfo.java:updateAndGet(143)) - 687f579d-1680-4dd5-8b24-01f078298cef: start FollowerState
2019-11-05 11:28:44,939 [Thread-2300] INFO  impl.FollowerState (FollowerState.java:run(108)) - 1eca16cc-5184-4e43-8e55-175d1516eae4@group-21C72E9484D5-FollowerState: change to CANDIDATE, lastRpcTime:1143ms, electionTimeout:1143ms
2019-11-05 11:28:44,939 [Thread-2300] INFO  impl.RoleInfo (RoleInfo.java:shutdownFollowerState(121)) - 1eca16cc-5184-4e43-8e55-175d1516eae4: shutdown FollowerState
2019-11-05 11:28:44,939 [Thread-2300] INFO  impl.RaftServerImpl (RaftServerImpl.java:setRole(184)) - 1eca16cc-5184-4e43-8e55-175d1516eae4@group-21C72E9484D5: changes role from  FOLLOWER to CANDIDATE at term 143 for changeToCandidate
2019-11-05 11:28:44,939 [Thread-2300] INFO  impl.RoleInfo (RoleInfo.java:updateAndGet(143)) - 1eca16cc-5184-4e43-8e55-175d1516eae4: start LeaderElection
2019-11-05 11:28:44,952 [1eca16cc-5184-4e43-8e55-175d1516eae4@group-21C72E9484D5-LeaderElection263] INFO  impl.LeaderElection (LeaderElection.java:askForVotes(178)) - 1eca16cc-5184-4e43-8e55-175d1516eae4@group-21C72E9484D5-LeaderElection263: begin an election at term 144 for 0: [f7e9932d-fd96-469a-9353-68e47138e5ff:192.168.157.252:45025, 1eca16cc-5184-4e43-8e55-175d1516eae4:192.168.157.252:41127, 74a8fb36-eab9-4c53-b7cf-c565055de05a:192.168.157.252:42370], old=null
2019-11-05 11:28:44,954 [1eca16cc-5184-4e43-8e55-175d1516eae4@group-21C72E9484D5-LeaderElection263] INFO  impl.LeaderElection (LogUtils.java:infoOrTrace(149)) - 1eca16cc-5184-4e43-8e55-175d1516eae4@group-21C72E9484D5-LeaderElection263 got exception when requesting votes: {}
java.util.concurrent.ExecutionException: org.apache.ratis.thirdparty.io.grpc.StatusRuntimeException: UNAVAILABLE: io exception
	at java.util.concurrent.FutureTask.report(FutureTask.java:122)
	at java.util.concurrent.FutureTask.get(FutureTask.java:192)
	at org.apache.ratis.server.impl.LeaderElection.waitForResults(LeaderElection.java:259)
	at org.apache.ratis.server.impl.LeaderElection.askForVotes(LeaderElection.java:197)
	at org.apache.ratis.server.impl.LeaderElection.run(LeaderElection.java:133)
	at java.lang.Thread.run(Thread.java:748)
Caused by: org.apache.ratis.thirdparty.io.grpc.StatusRuntimeException: UNAVAILABLE: io exception
	at org.apache.ratis.thirdparty.io.grpc.stub.ClientCalls.toStatusRuntimeException(ClientCalls.java:233)
	at org.apache.ratis.thirdparty.io.grpc.stub.ClientCalls.getUnchecked(ClientCalls.java:214)
	at org.apache.ratis.thirdparty.io.grpc.stub.ClientCalls.blockingUnaryCall(ClientCalls.java:139)
	at org.apache.ratis.proto.grpc.RaftServerProtocolServiceGrpc$RaftServerProtocolServiceBlockingStub.requestVote(RaftServerProtocolServiceGrpc.java:265)
	at org.apache.ratis.grpc.server.GrpcServerProtocolClient.requestVote(GrpcServerProtocolClient.java:99)
	at org.apache.ratis.grpc.server.GrpcService.requestVote(GrpcService.java:204)
	at org.apache.ratis.server.impl.LeaderElection.lambda$submitRequests$1(LeaderElection.java:234)
	at java.util.concurrent.FutureTask.run(FutureTask.java:266)
	at java.util.concurrent.Executors$RunnableAdapter.call(Executors.java:511)
	at java.util.concurrent.FutureTask.run(FutureTask.java:266)
	at java.util.concurrent.ThreadPoolExecutor.runWorker(ThreadPoolExecutor.java:1149)
	at java.util.concurrent.ThreadPoolExecutor$Worker.run(ThreadPoolExecutor.java:624)
	... 1 more
Caused by: org.apache.ratis.thirdparty.io.netty.channel.AbstractChannel$AnnotatedConnectException: Connection refused: /192.168.157.252:42370
	at sun.nio.ch.SocketChannelImpl.checkConnect(Native Method)
	at sun.nio.ch.SocketChannelImpl.finishConnect(SocketChannelImpl.java:717)
	at org.apache.ratis.thirdparty.io.netty.channel.socket.nio.NioSocketChannel.doFinishConnect(NioSocketChannel.java:327)
	at org.apache.ratis.thirdparty.io.netty.channel.nio.AbstractNioChannel$AbstractNioUnsafe.finishConnect(AbstractNioChannel.java:340)
	at org.apache.ratis.thirdparty.io.netty.channel.nio.NioEventLoop.processSelectedKey(NioEventLoop.java:632)
	at org.apache.ratis.thirdparty.io.netty.channel.nio.NioEventLoop.processSelectedKeysOptimized(NioEventLoop.java:579)
	at org.apache.ratis.thirdparty.io.netty.channel.nio.NioEventLoop.processSelectedKeys(NioEventLoop.java:496)
	at org.apache.ratis.thirdparty.io.netty.channel.nio.NioEventLoop.run(NioEventLoop.java:458)
	at org.apache.ratis.thirdparty.io.netty.util.concurrent.SingleThreadEventExecutor$5.run(SingleThreadEventExecutor.java:897)
	at org.apache.ratis.thirdparty.io.netty.util.concurrent.FastThreadLocalRunnable.run(FastThreadLocalRunnable.java:30)
	... 1 more
Caused by: java.net.ConnectException: Connection refused
	... 11 more
2019-11-05 11:28:44,956 [1eca16cc-5184-4e43-8e55-175d1516eae4@group-21C72E9484D5-LeaderElection263] INFO  impl.LeaderElection (LogUtils.java:infoOrTrace(149)) - 1eca16cc-5184-4e43-8e55-175d1516eae4@group-21C72E9484D5-LeaderElection263 got exception when requesting votes: {}
java.util.concurrent.ExecutionException: org.apache.ratis.thirdparty.io.grpc.StatusRuntimeException: UNAVAILABLE: io exception
	at java.util.concurrent.FutureTask.report(FutureTask.java:122)
	at java.util.concurrent.FutureTask.get(FutureTask.java:192)
	at org.apache.ratis.server.impl.LeaderElection.waitForResults(LeaderElection.java:259)
	at org.apache.ratis.server.impl.LeaderElection.askForVotes(LeaderElection.java:197)
	at org.apache.ratis.server.impl.LeaderElection.run(LeaderElection.java:133)
	at java.lang.Thread.run(Thread.java:748)
Caused by: org.apache.ratis.thirdparty.io.grpc.StatusRuntimeException: UNAVAILABLE: io exception
	at org.apache.ratis.thirdparty.io.grpc.stub.ClientCalls.toStatusRuntimeException(ClientCalls.java:233)
	at org.apache.ratis.thirdparty.io.grpc.stub.ClientCalls.getUnchecked(ClientCalls.java:214)
	at org.apache.ratis.thirdparty.io.grpc.stub.ClientCalls.blockingUnaryCall(ClientCalls.java:139)
	at org.apache.ratis.proto.grpc.RaftServerProtocolServiceGrpc$RaftServerProtocolServiceBlockingStub.requestVote(RaftServerProtocolServiceGrpc.java:265)
	at org.apache.ratis.grpc.server.GrpcServerProtocolClient.requestVote(GrpcServerProtocolClient.java:99)
	at org.apache.ratis.grpc.server.GrpcService.requestVote(GrpcService.java:204)
	at org.apache.ratis.server.impl.LeaderElection.lambda$submitRequests$1(LeaderElection.java:234)
	at java.util.concurrent.FutureTask.run(FutureTask.java:266)
	at java.util.concurrent.Executors$RunnableAdapter.call(Executors.java:511)
	at java.util.concurrent.FutureTask.run(FutureTask.java:266)
	at java.util.concurrent.ThreadPoolExecutor.runWorker(ThreadPoolExecutor.java:1149)
	at java.util.concurrent.ThreadPoolExecutor$Worker.run(ThreadPoolExecutor.java:624)
	... 1 more
Caused by: org.apache.ratis.thirdparty.io.netty.channel.AbstractChannel$AnnotatedConnectException: Connection refused: /192.168.157.252:45025
	at sun.nio.ch.SocketChannelImpl.checkConnect(Native Method)
	at sun.nio.ch.SocketChannelImpl.finishConnect(SocketChannelImpl.java:717)
	at org.apache.ratis.thirdparty.io.netty.channel.socket.nio.NioSocketChannel.doFinishConnect(NioSocketChannel.java:327)
	at org.apache.ratis.thirdparty.io.netty.channel.nio.AbstractNioChannel$AbstractNioUnsafe.finishConnect(AbstractNioChannel.java:340)
	at org.apache.ratis.thirdparty.io.netty.channel.nio.NioEventLoop.processSelectedKey(NioEventLoop.java:632)
	at org.apache.ratis.thirdparty.io.netty.channel.nio.NioEventLoop.processSelectedKeysOptimized(NioEventLoop.java:579)
	at org.apache.ratis.thirdparty.io.netty.channel.nio.NioEventLoop.processSelectedKeys(NioEventLoop.java:496)
	at org.apache.ratis.thirdparty.io.netty.channel.nio.NioEventLoop.run(NioEventLoop.java:458)
	at org.apache.ratis.thirdparty.io.netty.util.concurrent.SingleThreadEventExecutor$5.run(SingleThreadEventExecutor.java:897)
	at org.apache.ratis.thirdparty.io.netty.util.concurrent.FastThreadLocalRunnable.run(FastThreadLocalRunnable.java:30)
	... 1 more
Caused by: java.net.ConnectException: Connection refused
	... 11 more
2019-11-05 11:28:44,960 [Thread-2338] INFO  impl.FollowerState (FollowerState.java:run(108)) - 687f579d-1680-4dd5-8b24-01f078298cef@group-E95DC8E8582E-FollowerState: change to CANDIDATE, lastRpcTime:62ms, electionTimeout:61ms
2019-11-05 11:28:44,961 [1eca16cc-5184-4e43-8e55-175d1516eae4@group-21C72E9484D5-LeaderElection263] INFO  impl.LeaderElection (LeaderElection.java:logAndReturn(56)) - 1eca16cc-5184-4e43-8e55-175d1516eae4@group-21C72E9484D5-LeaderElection263: Election REJECTED; received 0 response(s) [] and 2 exception(s); 1eca16cc-5184-4e43-8e55-175d1516eae4@group-21C72E9484D5:t144, leader=null, voted=1eca16cc-5184-4e43-8e55-175d1516eae4, raftlog=1eca16cc-5184-4e43-8e55-175d1516eae4@group-21C72E9484D5-SegmentedRaftLog:OPENED:c-1,f0,i0, conf=0: [f7e9932d-fd96-469a-9353-68e47138e5ff:192.168.157.252:45025, 1eca16cc-5184-4e43-8e55-175d1516eae4:192.168.157.252:41127, 74a8fb36-eab9-4c53-b7cf-c565055de05a:192.168.157.252:42370], old=null
2019-11-05 11:28:44,961 [1eca16cc-5184-4e43-8e55-175d1516eae4@group-21C72E9484D5-LeaderElection263] INFO  impl.LeaderElection (LogUtils.java:infoOrTrace(149)) -   Exception 0: {}
java.util.concurrent.ExecutionException: org.apache.ratis.thirdparty.io.grpc.StatusRuntimeException: UNAVAILABLE: io exception
	at java.util.concurrent.FutureTask.report(FutureTask.java:122)
	at java.util.concurrent.FutureTask.get(FutureTask.java:192)
	at org.apache.ratis.server.impl.LeaderElection.waitForResults(LeaderElection.java:259)
	at org.apache.ratis.server.impl.LeaderElection.askForVotes(LeaderElection.java:197)
	at org.apache.ratis.server.impl.LeaderElection.run(LeaderElection.java:133)
	at java.lang.Thread.run(Thread.java:748)
Caused by: org.apache.ratis.thirdparty.io.grpc.StatusRuntimeException: UNAVAILABLE: io exception
	at org.apache.ratis.thirdparty.io.grpc.stub.ClientCalls.toStatusRuntimeException(ClientCalls.java:233)
	at org.apache.ratis.thirdparty.io.grpc.stub.ClientCalls.getUnchecked(ClientCalls.java:214)
	at org.apache.ratis.thirdparty.io.grpc.stub.ClientCalls.blockingUnaryCall(ClientCalls.java:139)
	at org.apache.ratis.proto.grpc.RaftServerProtocolServiceGrpc$RaftServerProtocolServiceBlockingStub.requestVote(RaftServerProtocolServiceGrpc.java:265)
	at org.apache.ratis.grpc.server.GrpcServerProtocolClient.requestVote(GrpcServerProtocolClient.java:99)
	at org.apache.ratis.grpc.server.GrpcService.requestVote(GrpcService.java:204)
	at org.apache.ratis.server.impl.LeaderElection.lambda$submitRequests$1(LeaderElection.java:234)
	at java.util.concurrent.FutureTask.run(FutureTask.java:266)
	at java.util.concurrent.Executors$RunnableAdapter.call(Executors.java:511)
	at java.util.concurrent.FutureTask.run(FutureTask.java:266)
	at java.util.concurrent.ThreadPoolExecutor.runWorker(ThreadPoolExecutor.java:1149)
	at java.util.concurrent.ThreadPoolExecutor$Worker.run(ThreadPoolExecutor.java:624)
	... 1 more
Caused by: org.apache.ratis.thirdparty.io.netty.channel.AbstractChannel$AnnotatedConnectException: Connection refused: /192.168.157.252:42370
	at sun.nio.ch.SocketChannelImpl.checkConnect(Native Method)
	at sun.nio.ch.SocketChannelImpl.finishConnect(SocketChannelImpl.java:717)
	at org.apache.ratis.thirdparty.io.netty.channel.socket.nio.NioSocketChannel.doFinishConnect(NioSocketChannel.java:327)
	at org.apache.ratis.thirdparty.io.netty.channel.nio.AbstractNioChannel$AbstractNioUnsafe.finishConnect(AbstractNioChannel.java:340)
	at org.apache.ratis.thirdparty.io.netty.channel.nio.NioEventLoop.processSelectedKey(NioEventLoop.java:632)
	at org.apache.ratis.thirdparty.io.netty.channel.nio.NioEventLoop.processSelectedKeysOptimized(NioEventLoop.java:579)
	at org.apache.ratis.thirdparty.io.netty.channel.nio.NioEventLoop.processSelectedKeys(NioEventLoop.java:496)
	at org.apache.ratis.thirdparty.io.netty.channel.nio.NioEventLoop.run(NioEventLoop.java:458)
	at org.apache.ratis.thirdparty.io.netty.util.concurrent.SingleThreadEventExecutor$5.run(SingleThreadEventExecutor.java:897)
	at org.apache.ratis.thirdparty.io.netty.util.concurrent.FastThreadLocalRunnable.run(FastThreadLocalRunnable.java:30)
	... 1 more
Caused by: java.net.ConnectException: Connection refused
	... 11 more
2019-11-05 11:28:44,962 [1eca16cc-5184-4e43-8e55-175d1516eae4@group-21C72E9484D5-LeaderElection263] INFO  impl.LeaderElection (LogUtils.java:infoOrTrace(149)) -   Exception 1: {}
java.util.concurrent.ExecutionException: org.apache.ratis.thirdparty.io.grpc.StatusRuntimeException: UNAVAILABLE: io exception
	at java.util.concurrent.FutureTask.report(FutureTask.java:122)
	at java.util.concurrent.FutureTask.get(FutureTask.java:192)
	at org.apache.ratis.server.impl.LeaderElection.waitForResults(LeaderElection.java:259)
	at org.apache.ratis.server.impl.LeaderElection.askForVotes(LeaderElection.java:197)
	at org.apache.ratis.server.impl.LeaderElection.run(LeaderElection.java:133)
	at java.lang.Thread.run(Thread.java:748)
Caused by: org.apache.ratis.thirdparty.io.grpc.StatusRuntimeException: UNAVAILABLE: io exception
	at org.apache.ratis.thirdparty.io.grpc.stub.ClientCalls.toStatusRuntimeException(ClientCalls.java:233)
	at org.apache.ratis.thirdparty.io.grpc.stub.ClientCalls.getUnchecked(ClientCalls.java:214)
	at org.apache.ratis.thirdparty.io.grpc.stub.ClientCalls.blockingUnaryCall(ClientCalls.java:139)
	at org.apache.ratis.proto.grpc.RaftServerProtocolServiceGrpc$RaftServerProtocolServiceBlockingStub.requestVote(RaftServerProtocolServiceGrpc.java:265)
	at org.apache.ratis.grpc.server.GrpcServerProtocolClient.requestVote(GrpcServerProtocolClient.java:99)
	at org.apache.ratis.grpc.server.GrpcService.requestVote(GrpcService.java:204)
	at org.apache.ratis.server.impl.LeaderElection.lambda$submitRequests$1(LeaderElection.java:234)
	at java.util.concurrent.FutureTask.run(FutureTask.java:266)
	at java.util.concurrent.Executors$RunnableAdapter.call(Executors.java:511)
	at java.util.concurrent.FutureTask.run(FutureTask.java:266)
	at java.util.concurrent.ThreadPoolExecutor.runWorker(ThreadPoolExecutor.java:1149)
	at java.util.concurrent.ThreadPoolExecutor$Worker.run(ThreadPoolExecutor.java:624)
	... 1 more
Caused by: org.apache.ratis.thirdparty.io.netty.channel.AbstractChannel$AnnotatedConnectException: Connection refused: /192.168.157.252:45025
	at sun.nio.ch.SocketChannelImpl.checkConnect(Native Method)
	at sun.nio.ch.SocketChannelImpl.finishConnect(SocketChannelImpl.java:717)
	at org.apache.ratis.thirdparty.io.netty.channel.socket.nio.NioSocketChannel.doFinishConnect(NioSocketChannel.java:327)
	at org.apache.ratis.thirdparty.io.netty.channel.nio.AbstractNioChannel$AbstractNioUnsafe.finishConnect(AbstractNioChannel.java:340)
	at org.apache.ratis.thirdparty.io.netty.channel.nio.NioEventLoop.processSelectedKey(NioEventLoop.java:632)
	at org.apache.ratis.thirdparty.io.netty.channel.nio.NioEventLoop.processSelectedKeysOptimized(NioEventLoop.java:579)
	at org.apache.ratis.thirdparty.io.netty.channel.nio.NioEventLoop.processSelectedKeys(NioEventLoop.java:496)
	at org.apache.ratis.thirdparty.io.netty.channel.nio.NioEventLoop.run(NioEventLoop.java:458)
	at org.apache.ratis.thirdparty.io.netty.util.concurrent.SingleThreadEventExecutor$5.run(SingleThreadEventExecutor.java:897)
	at org.apache.ratis.thirdparty.io.netty.util.concurrent.FastThreadLocalRunnable.run(FastThreadLocalRunnable.java:30)
	... 1 more
Caused by: java.net.ConnectException: Connection refused
	... 11 more
2019-11-05 11:28:44,962 [1eca16cc-5184-4e43-8e55-175d1516eae4@group-21C72E9484D5-LeaderElection263] INFO  impl.RaftServerImpl (RaftServerImpl.java:setRole(184)) - 1eca16cc-5184-4e43-8e55-175d1516eae4@group-21C72E9484D5: changes role from CANDIDATE to FOLLOWER at term 144 for DISCOVERED_A_NEW_TERM
2019-11-05 11:28:44,962 [1eca16cc-5184-4e43-8e55-175d1516eae4@group-21C72E9484D5-LeaderElection263] INFO  impl.RoleInfo (RoleInfo.java:shutdownLeaderElection(134)) - 1eca16cc-5184-4e43-8e55-175d1516eae4: shutdown LeaderElection
2019-11-05 11:28:44,962 [1eca16cc-5184-4e43-8e55-175d1516eae4@group-21C72E9484D5-LeaderElection263] INFO  impl.RoleInfo (RoleInfo.java:updateAndGet(143)) - 1eca16cc-5184-4e43-8e55-175d1516eae4: start FollowerState
2019-11-05 11:28:44,961 [Thread-2338] INFO  impl.RoleInfo (RoleInfo.java:shutdownFollowerState(121)) - 687f579d-1680-4dd5-8b24-01f078298cef: shutdown FollowerState
2019-11-05 11:28:44,963 [Thread-2338] INFO  impl.RaftServerImpl (RaftServerImpl.java:setRole(184)) - 687f579d-1680-4dd5-8b24-01f078298cef@group-E95DC8E8582E: changes role from  FOLLOWER to CANDIDATE at term 175 for changeToCandidate
2019-11-05 11:28:44,963 [Thread-2338] INFO  impl.RoleInfo (RoleInfo.java:updateAndGet(143)) - 687f579d-1680-4dd5-8b24-01f078298cef: start LeaderElection
2019-11-05 11:28:44,980 [687f579d-1680-4dd5-8b24-01f078298cef@group-E95DC8E8582E-LeaderElection264] INFO  impl.LeaderElection (LeaderElection.java:askForVotes(178)) - 687f579d-1680-4dd5-8b24-01f078298cef@group-E95DC8E8582E-LeaderElection264: begin an election at term 176 for -1: [90ecfa43-dab6-49d9-b30c-40ef62bfdf2a:192.168.157.252:34192, 687f579d-1680-4dd5-8b24-01f078298cef:192.168.157.252:37962, b8bf4e9b-064a-4520-981c-d6c40c833497:192.168.157.252:43407], old=null
2019-11-05 11:28:44,983 [grpc-default-executor-9] INFO  impl.RaftServerImpl (RaftServerImpl.java:setRole(184)) - b8bf4e9b-064a-4520-981c-d6c40c833497@group-E95DC8E8582E: changes role from  FOLLOWER to FOLLOWER at term 176 for recognizeCandidate:687f579d-1680-4dd5-8b24-01f078298cef
2019-11-05 11:28:44,983 [grpc-default-executor-9] INFO  impl.RoleInfo (RoleInfo.java:shutdownFollowerState(121)) - b8bf4e9b-064a-4520-981c-d6c40c833497: shutdown FollowerState
2019-11-05 11:28:44,984 [grpc-default-executor-9] INFO  impl.RoleInfo (RoleInfo.java:updateAndGet(143)) - b8bf4e9b-064a-4520-981c-d6c40c833497: start FollowerState
2019-11-05 11:28:44,984 [Thread-2337] INFO  impl.FollowerState (FollowerState.java:run(117)) - b8bf4e9b-064a-4520-981c-d6c40c833497@group-E95DC8E8582E-FollowerState was interrupted: java.lang.InterruptedException: sleep interrupted
2019-11-05 11:28:44,984 [grpc-default-executor-4] INFO  impl.RaftServerImpl (RaftServerImpl.java:setRole(184)) - 90ecfa43-dab6-49d9-b30c-40ef62bfdf2a@group-E95DC8E8582E: changes role from  FOLLOWER to FOLLOWER at term 176 for recognizeCandidate:687f579d-1680-4dd5-8b24-01f078298cef
2019-11-05 11:28:44,984 [grpc-default-executor-4] INFO  impl.RoleInfo (RoleInfo.java:shutdownFollowerState(121)) - 90ecfa43-dab6-49d9-b30c-40ef62bfdf2a: shutdown FollowerState
2019-11-05 11:28:44,984 [grpc-default-executor-4] INFO  impl.RoleInfo (RoleInfo.java:updateAndGet(143)) - 90ecfa43-dab6-49d9-b30c-40ef62bfdf2a: start FollowerState
2019-11-05 11:28:44,985 [Thread-2336] INFO  impl.FollowerState (FollowerState.java:run(117)) - 90ecfa43-dab6-49d9-b30c-40ef62bfdf2a@group-E95DC8E8582E-FollowerState was interrupted: java.lang.InterruptedException: sleep interrupted
2019-11-05 11:28:44,999 [687f579d-1680-4dd5-8b24-01f078298cef@group-E95DC8E8582E-LeaderElection264] INFO  impl.LeaderElection (LeaderElection.java:logAndReturn(56)) - 687f579d-1680-4dd5-8b24-01f078298cef@group-E95DC8E8582E-LeaderElection264: Election TIMEOUT; received 0 response(s) [] and 0 exception(s); 687f579d-1680-4dd5-8b24-01f078298cef@group-E95DC8E8582E:t176, leader=null, voted=687f579d-1680-4dd5-8b24-01f078298cef, raftlog=687f579d-1680-4dd5-8b24-01f078298cef@group-E95DC8E8582E-SegmentedRaftLog:OPENED:c-1,f-1,i0, conf=-1: [90ecfa43-dab6-49d9-b30c-40ef62bfdf2a:192.168.157.252:34192, 687f579d-1680-4dd5-8b24-01f078298cef:192.168.157.252:37962, b8bf4e9b-064a-4520-981c-d6c40c833497:192.168.157.252:43407], old=null
2019-11-05 11:28:45,023 [687f579d-1680-4dd5-8b24-01f078298cef@group-E95DC8E8582E-LeaderElection264] INFO  impl.LeaderElection (LeaderElection.java:askForVotes(178)) - 687f579d-1680-4dd5-8b24-01f078298cef@group-E95DC8E8582E-LeaderElection264: begin an election at term 177 for -1: [90ecfa43-dab6-49d9-b30c-40ef62bfdf2a:192.168.157.252:34192, 687f579d-1680-4dd5-8b24-01f078298cef:192.168.157.252:37962, b8bf4e9b-064a-4520-981c-d6c40c833497:192.168.157.252:43407], old=null
2019-11-05 11:28:45,026 [grpc-default-executor-9] INFO  impl.RaftServerImpl (RaftServerImpl.java:setRole(184)) - b8bf4e9b-064a-4520-981c-d6c40c833497@group-E95DC8E8582E: changes role from  FOLLOWER to FOLLOWER at term 177 for recognizeCandidate:687f579d-1680-4dd5-8b24-01f078298cef
2019-11-05 11:28:45,026 [grpc-default-executor-9] INFO  impl.RoleInfo (RoleInfo.java:shutdownFollowerState(121)) - b8bf4e9b-064a-4520-981c-d6c40c833497: shutdown FollowerState
2019-11-05 11:28:45,027 [grpc-default-executor-9] INFO  impl.RoleInfo (RoleInfo.java:updateAndGet(143)) - b8bf4e9b-064a-4520-981c-d6c40c833497: start FollowerState
2019-11-05 11:28:45,027 [Thread-2346] INFO  impl.FollowerState (FollowerState.java:run(117)) - b8bf4e9b-064a-4520-981c-d6c40c833497@group-E95DC8E8582E-FollowerState was interrupted: java.lang.InterruptedException: sleep interrupted
2019-11-05 11:28:45,028 [grpc-default-executor-4] INFO  impl.RaftServerImpl (RaftServerImpl.java:setRole(184)) - 90ecfa43-dab6-49d9-b30c-40ef62bfdf2a@group-E95DC8E8582E: changes role from  FOLLOWER to FOLLOWER at term 177 for recognizeCandidate:687f579d-1680-4dd5-8b24-01f078298cef
2019-11-05 11:28:45,028 [grpc-default-executor-4] INFO  impl.RoleInfo (RoleInfo.java:shutdownFollowerState(121)) - 90ecfa43-dab6-49d9-b30c-40ef62bfdf2a: shutdown FollowerState
2019-11-05 11:28:45,028 [grpc-default-executor-4] INFO  impl.RoleInfo (RoleInfo.java:updateAndGet(143)) - 90ecfa43-dab6-49d9-b30c-40ef62bfdf2a: start FollowerState
2019-11-05 11:28:45,028 [Thread-2347] INFO  impl.FollowerState (FollowerState.java:run(117)) - 90ecfa43-dab6-49d9-b30c-40ef62bfdf2a@group-E95DC8E8582E-FollowerState was interrupted: java.lang.InterruptedException: sleep interrupted
2019-11-05 11:28:45,040 [687f579d-1680-4dd5-8b24-01f078298cef@group-E95DC8E8582E-LeaderElection264] INFO  impl.LeaderElection (LeaderElection.java:logAndReturn(56)) - 687f579d-1680-4dd5-8b24-01f078298cef@group-E95DC8E8582E-LeaderElection264: Election REJECTED; received 2 response(s) [687f579d-1680-4dd5-8b24-01f078298cef<-90ecfa43-dab6-49d9-b30c-40ef62bfdf2a#0:FAIL-t177, 687f579d-1680-4dd5-8b24-01f078298cef<-b8bf4e9b-064a-4520-981c-d6c40c833497#0:FAIL-t177] and 0 exception(s); 687f579d-1680-4dd5-8b24-01f078298cef@group-E95DC8E8582E:t177, leader=null, voted=687f579d-1680-4dd5-8b24-01f078298cef, raftlog=687f579d-1680-4dd5-8b24-01f078298cef@group-E95DC8E8582E-SegmentedRaftLog:OPENED:c-1,f-1,i0, conf=-1: [90ecfa43-dab6-49d9-b30c-40ef62bfdf2a:192.168.157.252:34192, 687f579d-1680-4dd5-8b24-01f078298cef:192.168.157.252:37962, b8bf4e9b-064a-4520-981c-d6c40c833497:192.168.157.252:43407], old=null
2019-11-05 11:28:45,040 [687f579d-1680-4dd5-8b24-01f078298cef@group-E95DC8E8582E-LeaderElection264] INFO  impl.RaftServerImpl (RaftServerImpl.java:setRole(184)) - 687f579d-1680-4dd5-8b24-01f078298cef@group-E95DC8E8582E: changes role from CANDIDATE to FOLLOWER at term 177 for DISCOVERED_A_NEW_TERM
2019-11-05 11:28:45,040 [687f579d-1680-4dd5-8b24-01f078298cef@group-E95DC8E8582E-LeaderElection264] INFO  impl.RoleInfo (RoleInfo.java:shutdownLeaderElection(134)) - 687f579d-1680-4dd5-8b24-01f078298cef: shutdown LeaderElection
2019-11-05 11:28:45,041 [687f579d-1680-4dd5-8b24-01f078298cef@group-E95DC8E8582E-LeaderElection264] INFO  impl.RoleInfo (RoleInfo.java:updateAndGet(143)) - 687f579d-1680-4dd5-8b24-01f078298cef: start FollowerState
2019-11-05 11:28:45,131 [Thread-2352] INFO  impl.FollowerState (FollowerState.java:run(108)) - 687f579d-1680-4dd5-8b24-01f078298cef@group-E95DC8E8582E-FollowerState: change to CANDIDATE, lastRpcTime:90ms, electionTimeout:90ms
2019-11-05 11:28:45,131 [Thread-2352] INFO  impl.RoleInfo (RoleInfo.java:shutdownFollowerState(121)) - 687f579d-1680-4dd5-8b24-01f078298cef: shutdown FollowerState
2019-11-05 11:28:45,131 [Thread-2352] INFO  impl.RaftServerImpl (RaftServerImpl.java:setRole(184)) - 687f579d-1680-4dd5-8b24-01f078298cef@group-E95DC8E8582E: changes role from  FOLLOWER to CANDIDATE at term 177 for changeToCandidate
2019-11-05 11:28:45,132 [Thread-2352] INFO  impl.RoleInfo (RoleInfo.java:updateAndGet(143)) - 687f579d-1680-4dd5-8b24-01f078298cef: start LeaderElection
2019-11-05 11:28:45,138 [687f579d-1680-4dd5-8b24-01f078298cef@group-E95DC8E8582E-LeaderElection265] INFO  impl.LeaderElection (LeaderElection.java:askForVotes(178)) - 687f579d-1680-4dd5-8b24-01f078298cef@group-E95DC8E8582E-LeaderElection265: begin an election at term 178 for -1: [90ecfa43-dab6-49d9-b30c-40ef62bfdf2a:192.168.157.252:34192, 687f579d-1680-4dd5-8b24-01f078298cef:192.168.157.252:37962, b8bf4e9b-064a-4520-981c-d6c40c833497:192.168.157.252:43407], old=null
2019-11-05 11:28:45,141 [grpc-default-executor-9] INFO  impl.RaftServerImpl (RaftServerImpl.java:setRole(184)) - 90ecfa43-dab6-49d9-b30c-40ef62bfdf2a@group-E95DC8E8582E: changes role from  FOLLOWER to FOLLOWER at term 178 for recognizeCandidate:687f579d-1680-4dd5-8b24-01f078298cef
2019-11-05 11:28:45,142 [grpc-default-executor-9] INFO  impl.RoleInfo (RoleInfo.java:shutdownFollowerState(121)) - 90ecfa43-dab6-49d9-b30c-40ef62bfdf2a: shutdown FollowerState
2019-11-05 11:28:45,142 [grpc-default-executor-9] INFO  impl.RoleInfo (RoleInfo.java:updateAndGet(143)) - 90ecfa43-dab6-49d9-b30c-40ef62bfdf2a: start FollowerState
2019-11-05 11:28:45,143 [Thread-2351] INFO  impl.FollowerState (FollowerState.java:run(117)) - 90ecfa43-dab6-49d9-b30c-40ef62bfdf2a@group-E95DC8E8582E-FollowerState was interrupted: java.lang.InterruptedException: sleep interrupted
2019-11-05 11:28:45,144 [grpc-default-executor-4] INFO  impl.RaftServerImpl (RaftServerImpl.java:setRole(184)) - b8bf4e9b-064a-4520-981c-d6c40c833497@group-E95DC8E8582E: changes role from  FOLLOWER to FOLLOWER at term 178 for recognizeCandidate:687f579d-1680-4dd5-8b24-01f078298cef
2019-11-05 11:28:45,144 [grpc-default-executor-4] INFO  impl.RoleInfo (RoleInfo.java:shutdownFollowerState(121)) - b8bf4e9b-064a-4520-981c-d6c40c833497: shutdown FollowerState
2019-11-05 11:28:45,144 [grpc-default-executor-4] INFO  impl.RoleInfo (RoleInfo.java:updateAndGet(143)) - b8bf4e9b-064a-4520-981c-d6c40c833497: start FollowerState
2019-11-05 11:28:45,144 [Thread-2350] INFO  impl.FollowerState (FollowerState.java:run(117)) - b8bf4e9b-064a-4520-981c-d6c40c833497@group-E95DC8E8582E-FollowerState was interrupted: java.lang.InterruptedException: sleep interrupted
2019-11-05 11:28:45,165 [687f579d-1680-4dd5-8b24-01f078298cef@group-E95DC8E8582E-LeaderElection265] INFO  impl.LeaderElection (LeaderElection.java:logAndReturn(56)) - 687f579d-1680-4dd5-8b24-01f078298cef@group-E95DC8E8582E-LeaderElection265: Election REJECTED; received 2 response(s) [687f579d-1680-4dd5-8b24-01f078298cef<-90ecfa43-dab6-49d9-b30c-40ef62bfdf2a#0:FAIL-t178, 687f579d-1680-4dd5-8b24-01f078298cef<-b8bf4e9b-064a-4520-981c-d6c40c833497#0:FAIL-t178] and 0 exception(s); 687f579d-1680-4dd5-8b24-01f078298cef@group-E95DC8E8582E:t178, leader=null, voted=687f579d-1680-4dd5-8b24-01f078298cef, raftlog=687f579d-1680-4dd5-8b24-01f078298cef@group-E95DC8E8582E-SegmentedRaftLog:OPENED:c-1,f-1,i0, conf=-1: [90ecfa43-dab6-49d9-b30c-40ef62bfdf2a:192.168.157.252:34192, 687f579d-1680-4dd5-8b24-01f078298cef:192.168.157.252:37962, b8bf4e9b-064a-4520-981c-d6c40c833497:192.168.157.252:43407], old=null
2019-11-05 11:28:45,165 [687f579d-1680-4dd5-8b24-01f078298cef@group-E95DC8E8582E-LeaderElection265] INFO  impl.RaftServerImpl (RaftServerImpl.java:setRole(184)) - 687f579d-1680-4dd5-8b24-01f078298cef@group-E95DC8E8582E: changes role from CANDIDATE to FOLLOWER at term 178 for DISCOVERED_A_NEW_TERM
2019-11-05 11:28:45,166 [687f579d-1680-4dd5-8b24-01f078298cef@group-E95DC8E8582E-LeaderElection265] INFO  impl.RoleInfo (RoleInfo.java:shutdownLeaderElection(134)) - 687f579d-1680-4dd5-8b24-01f078298cef: shutdown LeaderElection
2019-11-05 11:28:45,166 [687f579d-1680-4dd5-8b24-01f078298cef@group-E95DC8E8582E-LeaderElection265] INFO  impl.RoleInfo (RoleInfo.java:updateAndGet(143)) - 687f579d-1680-4dd5-8b24-01f078298cef: start FollowerState
2019-11-05 11:28:45,228 [Thread-2358] INFO  impl.FollowerState (FollowerState.java:run(108)) - 687f579d-1680-4dd5-8b24-01f078298cef@group-E95DC8E8582E-FollowerState: change to CANDIDATE, lastRpcTime:62ms, electionTimeout:62ms
2019-11-05 11:28:45,229 [Thread-2358] INFO  impl.RoleInfo (RoleInfo.java:shutdownFollowerState(121)) - 687f579d-1680-4dd5-8b24-01f078298cef: shutdown FollowerState
2019-11-05 11:28:45,229 [Thread-2358] INFO  impl.RaftServerImpl (RaftServerImpl.java:setRole(184)) - 687f579d-1680-4dd5-8b24-01f078298cef@group-E95DC8E8582E: changes role from  FOLLOWER to CANDIDATE at term 178 for changeToCandidate
2019-11-05 11:28:45,229 [Thread-2358] INFO  impl.RoleInfo (RoleInfo.java:updateAndGet(143)) - 687f579d-1680-4dd5-8b24-01f078298cef: start LeaderElection
2019-11-05 11:28:45,235 [687f579d-1680-4dd5-8b24-01f078298cef@group-E95DC8E8582E-LeaderElection266] INFO  impl.LeaderElection (LeaderElection.java:askForVotes(178)) - 687f579d-1680-4dd5-8b24-01f078298cef@group-E95DC8E8582E-LeaderElection266: begin an election at term 179 for -1: [90ecfa43-dab6-49d9-b30c-40ef62bfdf2a:192.168.157.252:34192, 687f579d-1680-4dd5-8b24-01f078298cef:192.168.157.252:37962, b8bf4e9b-064a-4520-981c-d6c40c833497:192.168.157.252:43407], old=null
2019-11-05 11:28:45,242 [grpc-default-executor-4] INFO  impl.RaftServerImpl (RaftServerImpl.java:setRole(184)) - b8bf4e9b-064a-4520-981c-d6c40c833497@group-E95DC8E8582E: changes role from  FOLLOWER to FOLLOWER at term 179 for recognizeCandidate:687f579d-1680-4dd5-8b24-01f078298cef
2019-11-05 11:28:45,243 [grpc-default-executor-4] INFO  impl.RoleInfo (RoleInfo.java:shutdownFollowerState(121)) - b8bf4e9b-064a-4520-981c-d6c40c833497: shutdown FollowerState
2019-11-05 11:28:45,243 [grpc-default-executor-4] INFO  impl.RoleInfo (RoleInfo.java:updateAndGet(143)) - b8bf4e9b-064a-4520-981c-d6c40c833497: start FollowerState
2019-11-05 11:28:45,243 [grpc-default-executor-9] INFO  impl.RaftServerImpl (RaftServerImpl.java:setRole(184)) - 90ecfa43-dab6-49d9-b30c-40ef62bfdf2a@group-E95DC8E8582E: changes role from  FOLLOWER to FOLLOWER at term 179 for recognizeCandidate:687f579d-1680-4dd5-8b24-01f078298cef
2019-11-05 11:28:45,243 [grpc-default-executor-9] INFO  impl.RoleInfo (RoleInfo.java:shutdownFollowerState(121)) - 90ecfa43-dab6-49d9-b30c-40ef62bfdf2a: shutdown FollowerState
2019-11-05 11:28:45,244 [grpc-default-executor-9] INFO  impl.RoleInfo (RoleInfo.java:updateAndGet(143)) - 90ecfa43-dab6-49d9-b30c-40ef62bfdf2a: start FollowerState
2019-11-05 11:28:45,244 [Thread-2356] INFO  impl.FollowerState (FollowerState.java:run(117)) - 90ecfa43-dab6-49d9-b30c-40ef62bfdf2a@group-E95DC8E8582E-FollowerState was interrupted: java.lang.InterruptedException: sleep interrupted
2019-11-05 11:28:45,246 [Thread-2357] INFO  impl.FollowerState (FollowerState.java:run(117)) - b8bf4e9b-064a-4520-981c-d6c40c833497@group-E95DC8E8582E-FollowerState was interrupted: java.lang.InterruptedException: sleep interrupted
2019-11-05 11:28:45,257 [687f579d-1680-4dd5-8b24-01f078298cef@group-E95DC8E8582E-LeaderElection266] INFO  impl.LeaderElection (LeaderElection.java:logAndReturn(56)) - 687f579d-1680-4dd5-8b24-01f078298cef@group-E95DC8E8582E-LeaderElection266: Election REJECTED; received 2 response(s) [687f579d-1680-4dd5-8b24-01f078298cef<-90ecfa43-dab6-49d9-b30c-40ef62bfdf2a#0:FAIL-t179, 687f579d-1680-4dd5-8b24-01f078298cef<-b8bf4e9b-064a-4520-981c-d6c40c833497#0:FAIL-t179] and 0 exception(s); 687f579d-1680-4dd5-8b24-01f078298cef@group-E95DC8E8582E:t179, leader=null, voted=687f579d-1680-4dd5-8b24-01f078298cef, raftlog=687f579d-1680-4dd5-8b24-01f078298cef@group-E95DC8E8582E-SegmentedRaftLog:OPENED:c-1,f-1,i0, conf=-1: [90ecfa43-dab6-49d9-b30c-40ef62bfdf2a:192.168.157.252:34192, 687f579d-1680-4dd5-8b24-01f078298cef:192.168.157.252:37962, b8bf4e9b-064a-4520-981c-d6c40c833497:192.168.157.252:43407], old=null
2019-11-05 11:28:45,257 [687f579d-1680-4dd5-8b24-01f078298cef@group-E95DC8E8582E-LeaderElection266] INFO  impl.RaftServerImpl (RaftServerImpl.java:setRole(184)) - 687f579d-1680-4dd5-8b24-01f078298cef@group-E95DC8E8582E: changes role from CANDIDATE to FOLLOWER at term 179 for DISCOVERED_A_NEW_TERM
2019-11-05 11:28:45,257 [687f579d-1680-4dd5-8b24-01f078298cef@group-E95DC8E8582E-LeaderElection266] INFO  impl.RoleInfo (RoleInfo.java:shutdownLeaderElection(134)) - 687f579d-1680-4dd5-8b24-01f078298cef: shutdown LeaderElection
2019-11-05 11:28:45,257 [687f579d-1680-4dd5-8b24-01f078298cef@group-E95DC8E8582E-LeaderElection266] INFO  impl.RoleInfo (RoleInfo.java:updateAndGet(143)) - 687f579d-1680-4dd5-8b24-01f078298cef: start FollowerState
2019-11-05 11:28:45,363 [Thread-2314] INFO  impl.FollowerState (FollowerState.java:run(108)) - d8b77924-76ff-4932-a9fa-7ec761e4cf6b@group-0CA4D070D5C4-FollowerState: change to CANDIDATE, lastRpcTime:1185ms, electionTimeout:1171ms
2019-11-05 11:28:45,364 [Thread-2314] INFO  impl.RoleInfo (RoleInfo.java:shutdownFollowerState(121)) - d8b77924-76ff-4932-a9fa-7ec761e4cf6b: shutdown FollowerState
2019-11-05 11:28:45,364 [Thread-2314] INFO  impl.RaftServerImpl (RaftServerImpl.java:setRole(184)) - d8b77924-76ff-4932-a9fa-7ec761e4cf6b@group-0CA4D070D5C4: changes role from  FOLLOWER to CANDIDATE at term 8 for changeToCandidate
2019-11-05 11:28:45,364 [Thread-2314] INFO  impl.RoleInfo (RoleInfo.java:updateAndGet(143)) - d8b77924-76ff-4932-a9fa-7ec761e4cf6b: start LeaderElection
2019-11-05 11:28:45,381 [d8b77924-76ff-4932-a9fa-7ec761e4cf6b@group-0CA4D070D5C4-LeaderElection267] INFO  impl.LeaderElection (LeaderElection.java:askForVotes(178)) - d8b77924-76ff-4932-a9fa-7ec761e4cf6b@group-0CA4D070D5C4-LeaderElection267: begin an election at term 9 for 0: [93bc9e78-ae56-4fee-a007-4b156d649157:192.168.157.252:38000, d8b77924-76ff-4932-a9fa-7ec761e4cf6b:192.168.157.252:40377, bd42c95e-cd41-4cbd-85b3-b330cc3c4f94:192.168.157.252:33158], old=null
2019-11-05 11:28:45,382 [d8b77924-76ff-4932-a9fa-7ec761e4cf6b@group-0CA4D070D5C4-LeaderElection267] INFO  impl.LeaderElection (LogUtils.java:infoOrTrace(149)) - d8b77924-76ff-4932-a9fa-7ec761e4cf6b@group-0CA4D070D5C4-LeaderElection267 got exception when requesting votes: {}
java.util.concurrent.ExecutionException: org.apache.ratis.thirdparty.io.grpc.StatusRuntimeException: UNAVAILABLE: io exception
	at java.util.concurrent.FutureTask.report(FutureTask.java:122)
	at java.util.concurrent.FutureTask.get(FutureTask.java:192)
	at org.apache.ratis.server.impl.LeaderElection.waitForResults(LeaderElection.java:259)
	at org.apache.ratis.server.impl.LeaderElection.askForVotes(LeaderElection.java:197)
	at org.apache.ratis.server.impl.LeaderElection.run(LeaderElection.java:133)
	at java.lang.Thread.run(Thread.java:748)
Caused by: org.apache.ratis.thirdparty.io.grpc.StatusRuntimeException: UNAVAILABLE: io exception
	at org.apache.ratis.thirdparty.io.grpc.stub.ClientCalls.toStatusRuntimeException(ClientCalls.java:233)
	at org.apache.ratis.thirdparty.io.grpc.stub.ClientCalls.getUnchecked(ClientCalls.java:214)
	at org.apache.ratis.thirdparty.io.grpc.stub.ClientCalls.blockingUnaryCall(ClientCalls.java:139)
	at org.apache.ratis.proto.grpc.RaftServerProtocolServiceGrpc$RaftServerProtocolServiceBlockingStub.requestVote(RaftServerProtocolServiceGrpc.java:265)
	at org.apache.ratis.grpc.server.GrpcServerProtocolClient.requestVote(GrpcServerProtocolClient.java:99)
	at org.apache.ratis.grpc.server.GrpcService.requestVote(GrpcService.java:204)
	at org.apache.ratis.server.impl.LeaderElection.lambda$submitRequests$1(LeaderElection.java:234)
	at java.util.concurrent.FutureTask.run(FutureTask.java:266)
	at java.util.concurrent.Executors$RunnableAdapter.call(Executors.java:511)
	at java.util.concurrent.FutureTask.run(FutureTask.java:266)
	at java.util.concurrent.ThreadPoolExecutor.runWorker(ThreadPoolExecutor.java:1149)
	at java.util.concurrent.ThreadPoolExecutor$Worker.run(ThreadPoolExecutor.java:624)
	... 1 more
Caused by: org.apache.ratis.thirdparty.io.netty.channel.AbstractChannel$AnnotatedConnectException: Connection refused: /192.168.157.252:38000
	at sun.nio.ch.SocketChannelImpl.checkConnect(Native Method)
	at sun.nio.ch.SocketChannelImpl.finishConnect(SocketChannelImpl.java:717)
	at org.apache.ratis.thirdparty.io.netty.channel.socket.nio.NioSocketChannel.doFinishConnect(NioSocketChannel.java:327)
	at org.apache.ratis.thirdparty.io.netty.channel.nio.AbstractNioChannel$AbstractNioUnsafe.finishConnect(AbstractNioChannel.java:340)
	at org.apache.ratis.thirdparty.io.netty.channel.nio.NioEventLoop.processSelectedKey(NioEventLoop.java:632)
	at org.apache.ratis.thirdparty.io.netty.channel.nio.NioEventLoop.processSelectedKeysOptimized(NioEventLoop.java:579)
	at org.apache.ratis.thirdparty.io.netty.channel.nio.NioEventLoop.processSelectedKeys(NioEventLoop.java:496)
	at org.apache.ratis.thirdparty.io.netty.channel.nio.NioEventLoop.run(NioEventLoop.java:458)
	at org.apache.ratis.thirdparty.io.netty.util.concurrent.SingleThreadEventExecutor$5.run(SingleThreadEventExecutor.java:897)
	at org.apache.ratis.thirdparty.io.netty.util.concurrent.FastThreadLocalRunnable.run(FastThreadLocalRunnable.java:30)
	... 1 more
Caused by: java.net.ConnectException: Connection refused
	... 11 more
2019-11-05 11:28:45,386 [d8b77924-76ff-4932-a9fa-7ec761e4cf6b@group-0CA4D070D5C4-LeaderElection267] INFO  impl.LeaderElection (LogUtils.java:infoOrTrace(149)) - d8b77924-76ff-4932-a9fa-7ec761e4cf6b@group-0CA4D070D5C4-LeaderElection267 got exception when requesting votes: {}
java.util.concurrent.ExecutionException: org.apache.ratis.thirdparty.io.grpc.StatusRuntimeException: UNAVAILABLE: io exception
	at java.util.concurrent.FutureTask.report(FutureTask.java:122)
	at java.util.concurrent.FutureTask.get(FutureTask.java:192)
	at org.apache.ratis.server.impl.LeaderElection.waitForResults(LeaderElection.java:259)
	at org.apache.ratis.server.impl.LeaderElection.askForVotes(LeaderElection.java:197)
	at org.apache.ratis.server.impl.LeaderElection.run(LeaderElection.java:133)
	at java.lang.Thread.run(Thread.java:748)
Caused by: org.apache.ratis.thirdparty.io.grpc.StatusRuntimeException: UNAVAILABLE: io exception
	at org.apache.ratis.thirdparty.io.grpc.stub.ClientCalls.toStatusRuntimeException(ClientCalls.java:233)
	at org.apache.ratis.thirdparty.io.grpc.stub.ClientCalls.getUnchecked(ClientCalls.java:214)
	at org.apache.ratis.thirdparty.io.grpc.stub.ClientCalls.blockingUnaryCall(ClientCalls.java:139)
	at org.apache.ratis.proto.grpc.RaftServerProtocolServiceGrpc$RaftServerProtocolServiceBlockingStub.requestVote(RaftServerProtocolServiceGrpc.java:265)
	at org.apache.ratis.grpc.server.GrpcServerProtocolClient.requestVote(GrpcServerProtocolClient.java:99)
	at org.apache.ratis.grpc.server.GrpcService.requestVote(GrpcService.java:204)
	at org.apache.ratis.server.impl.LeaderElection.lambda$submitRequests$1(LeaderElection.java:234)
	at java.util.concurrent.FutureTask.run(FutureTask.java:266)
	at java.util.concurrent.Executors$RunnableAdapter.call(Executors.java:511)
	at java.util.concurrent.FutureTask.run(FutureTask.java:266)
	at java.util.concurrent.ThreadPoolExecutor.runWorker(ThreadPoolExecutor.java:1149)
	at java.util.concurrent.ThreadPoolExecutor$Worker.run(ThreadPoolExecutor.java:624)
	... 1 more
Caused by: org.apache.ratis.thirdparty.io.netty.channel.AbstractChannel$AnnotatedConnectException: Connection refused: /192.168.157.252:33158
	at sun.nio.ch.SocketChannelImpl.checkConnect(Native Method)
	at sun.nio.ch.SocketChannelImpl.finishConnect(SocketChannelImpl.java:717)
	at org.apache.ratis.thirdparty.io.netty.channel.socket.nio.NioSocketChannel.doFinishConnect(NioSocketChannel.java:327)
	at org.apache.ratis.thirdparty.io.netty.channel.nio.AbstractNioChannel$AbstractNioUnsafe.finishConnect(AbstractNioChannel.java:340)
	at org.apache.ratis.thirdparty.io.netty.channel.nio.NioEventLoop.processSelectedKey(NioEventLoop.java:632)
	at org.apache.ratis.thirdparty.io.netty.channel.nio.NioEventLoop.processSelectedKeysOptimized(NioEventLoop.java:579)
	at org.apache.ratis.thirdparty.io.netty.channel.nio.NioEventLoop.processSelectedKeys(NioEventLoop.java:496)
	at org.apache.ratis.thirdparty.io.netty.channel.nio.NioEventLoop.run(NioEventLoop.java:458)
	at org.apache.ratis.thirdparty.io.netty.util.concurrent.SingleThreadEventExecutor$5.run(SingleThreadEventExecutor.java:897)
	at org.apache.ratis.thirdparty.io.netty.util.concurrent.FastThreadLocalRunnable.run(FastThreadLocalRunnable.java:30)
	... 1 more
Caused by: java.net.ConnectException: Connection refused
	... 11 more
2019-11-05 11:28:45,390 [d8b77924-76ff-4932-a9fa-7ec761e4cf6b@group-0CA4D070D5C4-LeaderElection267] INFO  impl.LeaderElection (LeaderElection.java:logAndReturn(56)) - d8b77924-76ff-4932-a9fa-7ec761e4cf6b@group-0CA4D070D5C4-LeaderElection267: Election REJECTED; received 0 response(s) [] and 2 exception(s); d8b77924-76ff-4932-a9fa-7ec761e4cf6b@group-0CA4D070D5C4:t9, leader=null, voted=d8b77924-76ff-4932-a9fa-7ec761e4cf6b, raftlog=d8b77924-76ff-4932-a9fa-7ec761e4cf6b@group-0CA4D070D5C4-SegmentedRaftLog:OPENED:c20,f20,i20, conf=0: [93bc9e78-ae56-4fee-a007-4b156d649157:192.168.157.252:38000, d8b77924-76ff-4932-a9fa-7ec761e4cf6b:192.168.157.252:40377, bd42c95e-cd41-4cbd-85b3-b330cc3c4f94:192.168.157.252:33158], old=null
2019-11-05 11:28:45,390 [d8b77924-76ff-4932-a9fa-7ec761e4cf6b@group-0CA4D070D5C4-LeaderElection267] INFO  impl.LeaderElection (LogUtils.java:infoOrTrace(149)) -   Exception 0: {}
java.util.concurrent.ExecutionException: org.apache.ratis.thirdparty.io.grpc.StatusRuntimeException: UNAVAILABLE: io exception
	at java.util.concurrent.FutureTask.report(FutureTask.java:122)
	at java.util.concurrent.FutureTask.get(FutureTask.java:192)
	at org.apache.ratis.server.impl.LeaderElection.waitForResults(LeaderElection.java:259)
	at org.apache.ratis.server.impl.LeaderElection.askForVotes(LeaderElection.java:197)
	at org.apache.ratis.server.impl.LeaderElection.run(LeaderElection.java:133)
	at java.lang.Thread.run(Thread.java:748)
Caused by: org.apache.ratis.thirdparty.io.grpc.StatusRuntimeException: UNAVAILABLE: io exception
	at org.apache.ratis.thirdparty.io.grpc.stub.ClientCalls.toStatusRuntimeException(ClientCalls.java:233)
	at org.apache.ratis.thirdparty.io.grpc.stub.ClientCalls.getUnchecked(ClientCalls.java:214)
	at org.apache.ratis.thirdparty.io.grpc.stub.ClientCalls.blockingUnaryCall(ClientCalls.java:139)
	at org.apache.ratis.proto.grpc.RaftServerProtocolServiceGrpc$RaftServerProtocolServiceBlockingStub.requestVote(RaftServerProtocolServiceGrpc.java:265)
	at org.apache.ratis.grpc.server.GrpcServerProtocolClient.requestVote(GrpcServerProtocolClient.java:99)
	at org.apache.ratis.grpc.server.GrpcService.requestVote(GrpcService.java:204)
	at org.apache.ratis.server.impl.LeaderElection.lambda$submitRequests$1(LeaderElection.java:234)
	at java.util.concurrent.FutureTask.run(FutureTask.java:266)
	at java.util.concurrent.Executors$RunnableAdapter.call(Executors.java:511)
	at java.util.concurrent.FutureTask.run(FutureTask.java:266)
	at java.util.concurrent.ThreadPoolExecutor.runWorker(ThreadPoolExecutor.java:1149)
	at java.util.concurrent.ThreadPoolExecutor$Worker.run(ThreadPoolExecutor.java:624)
	... 1 more
Caused by: org.apache.ratis.thirdparty.io.netty.channel.AbstractChannel$AnnotatedConnectException: Connection refused: /192.168.157.252:38000
	at sun.nio.ch.SocketChannelImpl.checkConnect(Native Method)
	at sun.nio.ch.SocketChannelImpl.finishConnect(SocketChannelImpl.java:717)
	at org.apache.ratis.thirdparty.io.netty.channel.socket.nio.NioSocketChannel.doFinishConnect(NioSocketChannel.java:327)
	at org.apache.ratis.thirdparty.io.netty.channel.nio.AbstractNioChannel$AbstractNioUnsafe.finishConnect(AbstractNioChannel.java:340)
	at org.apache.ratis.thirdparty.io.netty.channel.nio.NioEventLoop.processSelectedKey(NioEventLoop.java:632)
	at org.apache.ratis.thirdparty.io.netty.channel.nio.NioEventLoop.processSelectedKeysOptimized(NioEventLoop.java:579)
	at org.apache.ratis.thirdparty.io.netty.channel.nio.NioEventLoop.processSelectedKeys(NioEventLoop.java:496)
	at org.apache.ratis.thirdparty.io.netty.channel.nio.NioEventLoop.run(NioEventLoop.java:458)
	at org.apache.ratis.thirdparty.io.netty.util.concurrent.SingleThreadEventExecutor$5.run(SingleThreadEventExecutor.java:897)
	at org.apache.ratis.thirdparty.io.netty.util.concurrent.FastThreadLocalRunnable.run(FastThreadLocalRunnable.java:30)
	... 1 more
Caused by: java.net.ConnectException: Connection refused
	... 11 more
2019-11-05 11:28:45,391 [d8b77924-76ff-4932-a9fa-7ec761e4cf6b@group-0CA4D070D5C4-LeaderElection267] INFO  impl.LeaderElection (LogUtils.java:infoOrTrace(149)) -   Exception 1: {}
java.util.concurrent.ExecutionException: org.apache.ratis.thirdparty.io.grpc.StatusRuntimeException: UNAVAILABLE: io exception
	at java.util.concurrent.FutureTask.report(FutureTask.java:122)
	at java.util.concurrent.FutureTask.get(FutureTask.java:192)
	at org.apache.ratis.server.impl.LeaderElection.waitForResults(LeaderElection.java:259)
	at org.apache.ratis.server.impl.LeaderElection.askForVotes(LeaderElection.java:197)
	at org.apache.ratis.server.impl.LeaderElection.run(LeaderElection.java:133)
	at java.lang.Thread.run(Thread.java:748)
Caused by: org.apache.ratis.thirdparty.io.grpc.StatusRuntimeException: UNAVAILABLE: io exception
	at org.apache.ratis.thirdparty.io.grpc.stub.ClientCalls.toStatusRuntimeException(ClientCalls.java:233)
	at org.apache.ratis.thirdparty.io.grpc.stub.ClientCalls.getUnchecked(ClientCalls.java:214)
	at org.apache.ratis.thirdparty.io.grpc.stub.ClientCalls.blockingUnaryCall(ClientCalls.java:139)
	at org.apache.ratis.proto.grpc.RaftServerProtocolServiceGrpc$RaftServerProtocolServiceBlockingStub.requestVote(RaftServerProtocolServiceGrpc.java:265)
	at org.apache.ratis.grpc.server.GrpcServerProtocolClient.requestVote(GrpcServerProtocolClient.java:99)
	at org.apache.ratis.grpc.server.GrpcService.requestVote(GrpcService.java:204)
	at org.apache.ratis.server.impl.LeaderElection.lambda$submitRequests$1(LeaderElection.java:234)
	at java.util.concurrent.FutureTask.run(FutureTask.java:266)
	at java.util.concurrent.Executors$RunnableAdapter.call(Executors.java:511)
	at java.util.concurrent.FutureTask.run(FutureTask.java:266)
	at java.util.concurrent.ThreadPoolExecutor.runWorker(ThreadPoolExecutor.java:1149)
	at java.util.concurrent.ThreadPoolExecutor$Worker.run(ThreadPoolExecutor.java:624)
	... 1 more
Caused by: org.apache.ratis.thirdparty.io.netty.channel.AbstractChannel$AnnotatedConnectException: Connection refused: /192.168.157.252:33158
	at sun.nio.ch.SocketChannelImpl.checkConnect(Native Method)
	at sun.nio.ch.SocketChannelImpl.finishConnect(SocketChannelImpl.java:717)
	at org.apache.ratis.thirdparty.io.netty.channel.socket.nio.NioSocketChannel.doFinishConnect(NioSocketChannel.java:327)
	at org.apache.ratis.thirdparty.io.netty.channel.nio.AbstractNioChannel$AbstractNioUnsafe.finishConnect(AbstractNioChannel.java:340)
	at org.apache.ratis.thirdparty.io.netty.channel.nio.NioEventLoop.processSelectedKey(NioEventLoop.java:632)
	at org.apache.ratis.thirdparty.io.netty.channel.nio.NioEventLoop.processSelectedKeysOptimized(NioEventLoop.java:579)
	at org.apache.ratis.thirdparty.io.netty.channel.nio.NioEventLoop.processSelectedKeys(NioEventLoop.java:496)
	at org.apache.ratis.thirdparty.io.netty.channel.nio.NioEventLoop.run(NioEventLoop.java:458)
	at org.apache.ratis.thirdparty.io.netty.util.concurrent.SingleThreadEventExecutor$5.run(SingleThreadEventExecutor.java:897)
	at org.apache.ratis.thirdparty.io.netty.util.concurrent.FastThreadLocalRunnable.run(FastThreadLocalRunnable.java:30)
	... 1 more
Caused by: java.net.ConnectException: Connection refused
	... 11 more
2019-11-05 11:28:45,391 [d8b77924-76ff-4932-a9fa-7ec761e4cf6b@group-0CA4D070D5C4-LeaderElection267] INFO  impl.RaftServerImpl (RaftServerImpl.java:setRole(184)) - d8b77924-76ff-4932-a9fa-7ec761e4cf6b@group-0CA4D070D5C4: changes role from CANDIDATE to FOLLOWER at term 9 for DISCOVERED_A_NEW_TERM
2019-11-05 11:28:45,391 [d8b77924-76ff-4932-a9fa-7ec761e4cf6b@group-0CA4D070D5C4-LeaderElection267] INFO  impl.RoleInfo (RoleInfo.java:shutdownLeaderElection(134)) - d8b77924-76ff-4932-a9fa-7ec761e4cf6b: shutdown LeaderElection
2019-11-05 11:28:45,391 [d8b77924-76ff-4932-a9fa-7ec761e4cf6b@group-0CA4D070D5C4-LeaderElection267] INFO  impl.RoleInfo (RoleInfo.java:updateAndGet(143)) - d8b77924-76ff-4932-a9fa-7ec761e4cf6b: start FollowerState
2019-11-05 11:28:45,428 [Thread-2364] INFO  impl.FollowerState (FollowerState.java:run(108)) - 687f579d-1680-4dd5-8b24-01f078298cef@group-E95DC8E8582E-FollowerState: change to CANDIDATE, lastRpcTime:170ms, electionTimeout:170ms
2019-11-05 11:28:45,429 [Thread-2364] INFO  impl.RoleInfo (RoleInfo.java:shutdownFollowerState(121)) - 687f579d-1680-4dd5-8b24-01f078298cef: shutdown FollowerState
2019-11-05 11:28:45,429 [Thread-2364] INFO  impl.RaftServerImpl (RaftServerImpl.java:setRole(184)) - 687f579d-1680-4dd5-8b24-01f078298cef@group-E95DC8E8582E: changes role from  FOLLOWER to CANDIDATE at term 179 for changeToCandidate
2019-11-05 11:28:45,429 [Thread-2364] INFO  impl.RoleInfo (RoleInfo.java:updateAndGet(143)) - 687f579d-1680-4dd5-8b24-01f078298cef: start LeaderElection
2019-11-05 11:28:45,434 [687f579d-1680-4dd5-8b24-01f078298cef@group-E95DC8E8582E-LeaderElection268] INFO  impl.LeaderElection (LeaderElection.java:askForVotes(178)) - 687f579d-1680-4dd5-8b24-01f078298cef@group-E95DC8E8582E-LeaderElection268: begin an election at term 180 for -1: [90ecfa43-dab6-49d9-b30c-40ef62bfdf2a:192.168.157.252:34192, 687f579d-1680-4dd5-8b24-01f078298cef:192.168.157.252:37962, b8bf4e9b-064a-4520-981c-d6c40c833497:192.168.157.252:43407], old=null
2019-11-05 11:28:45,436 [687f579d-1680-4dd5-8b24-01f078298cef@group-E95DC8E8582E-LeaderElection268] INFO  impl.LeaderElection (LeaderElection.java:logAndReturn(56)) - 687f579d-1680-4dd5-8b24-01f078298cef@group-E95DC8E8582E-LeaderElection268: Election TIMEOUT; received 0 response(s) [] and 0 exception(s); 687f579d-1680-4dd5-8b24-01f078298cef@group-E95DC8E8582E:t180, leader=null, voted=687f579d-1680-4dd5-8b24-01f078298cef, raftlog=687f579d-1680-4dd5-8b24-01f078298cef@group-E95DC8E8582E-SegmentedRaftLog:OPENED:c-1,f-1,i0, conf=-1: [90ecfa43-dab6-49d9-b30c-40ef62bfdf2a:192.168.157.252:34192, 687f579d-1680-4dd5-8b24-01f078298cef:192.168.157.252:37962, b8bf4e9b-064a-4520-981c-d6c40c833497:192.168.157.252:43407], old=null
2019-11-05 11:28:45,437 [grpc-default-executor-9] INFO  impl.RaftServerImpl (RaftServerImpl.java:setRole(184)) - 90ecfa43-dab6-49d9-b30c-40ef62bfdf2a@group-E95DC8E8582E: changes role from  FOLLOWER to FOLLOWER at term 180 for recognizeCandidate:687f579d-1680-4dd5-8b24-01f078298cef
2019-11-05 11:28:45,437 [grpc-default-executor-9] INFO  impl.RoleInfo (RoleInfo.java:shutdownFollowerState(121)) - 90ecfa43-dab6-49d9-b30c-40ef62bfdf2a: shutdown FollowerState
2019-11-05 11:28:45,437 [grpc-default-executor-9] INFO  impl.RoleInfo (RoleInfo.java:updateAndGet(143)) - 90ecfa43-dab6-49d9-b30c-40ef62bfdf2a: start FollowerState
2019-11-05 11:28:45,438 [grpc-default-executor-4] INFO  impl.RaftServerImpl (RaftServerImpl.java:setRole(184)) - b8bf4e9b-064a-4520-981c-d6c40c833497@group-E95DC8E8582E: changes role from  FOLLOWER to FOLLOWER at term 180 for recognizeCandidate:687f579d-1680-4dd5-8b24-01f078298cef
2019-11-05 11:28:45,438 [grpc-default-executor-4] INFO  impl.RoleInfo (RoleInfo.java:shutdownFollowerState(121)) - b8bf4e9b-064a-4520-981c-d6c40c833497: shutdown FollowerState
2019-11-05 11:28:45,438 [grpc-default-executor-4] INFO  impl.RoleInfo (RoleInfo.java:updateAndGet(143)) - b8bf4e9b-064a-4520-981c-d6c40c833497: start FollowerState
2019-11-05 11:28:45,438 [Thread-2362] INFO  impl.FollowerState (FollowerState.java:run(117)) - b8bf4e9b-064a-4520-981c-d6c40c833497@group-E95DC8E8582E-FollowerState was interrupted: java.lang.InterruptedException: sleep interrupted
2019-11-05 11:28:45,438 [Thread-2363] INFO  impl.FollowerState (FollowerState.java:run(117)) - 90ecfa43-dab6-49d9-b30c-40ef62bfdf2a@group-E95DC8E8582E-FollowerState was interrupted: java.lang.InterruptedException: sleep interrupted
2019-11-05 11:28:45,467 [687f579d-1680-4dd5-8b24-01f078298cef@group-E95DC8E8582E-LeaderElection268] INFO  impl.LeaderElection (LeaderElection.java:askForVotes(178)) - 687f579d-1680-4dd5-8b24-01f078298cef@group-E95DC8E8582E-LeaderElection268: begin an election at term 181 for -1: [90ecfa43-dab6-49d9-b30c-40ef62bfdf2a:192.168.157.252:34192, 687f579d-1680-4dd5-8b24-01f078298cef:192.168.157.252:37962, b8bf4e9b-064a-4520-981c-d6c40c833497:192.168.157.252:43407], old=null
2019-11-05 11:28:45,470 [grpc-default-executor-4] INFO  impl.RaftServerImpl (RaftServerImpl.java:setRole(184)) - b8bf4e9b-064a-4520-981c-d6c40c833497@group-E95DC8E8582E: changes role from  FOLLOWER to FOLLOWER at term 181 for recognizeCandidate:687f579d-1680-4dd5-8b24-01f078298cef
2019-11-05 11:28:45,470 [grpc-default-executor-4] INFO  impl.RoleInfo (RoleInfo.java:shutdownFollowerState(121)) - b8bf4e9b-064a-4520-981c-d6c40c833497: shutdown FollowerState
2019-11-05 11:28:45,470 [grpc-default-executor-4] INFO  impl.RoleInfo (RoleInfo.java:updateAndGet(143)) - b8bf4e9b-064a-4520-981c-d6c40c833497: start FollowerState
2019-11-05 11:28:45,471 [grpc-default-executor-9] INFO  impl.RaftServerImpl (RaftServerImpl.java:setRole(184)) - 90ecfa43-dab6-49d9-b30c-40ef62bfdf2a@group-E95DC8E8582E: changes role from  FOLLOWER to FOLLOWER at term 181 for recognizeCandidate:687f579d-1680-4dd5-8b24-01f078298cef
2019-11-05 11:28:45,471 [grpc-default-executor-9] INFO  impl.RoleInfo (RoleInfo.java:shutdownFollowerState(121)) - 90ecfa43-dab6-49d9-b30c-40ef62bfdf2a: shutdown FollowerState
2019-11-05 11:28:45,472 [grpc-default-executor-9] INFO  impl.RoleInfo (RoleInfo.java:updateAndGet(143)) - 90ecfa43-dab6-49d9-b30c-40ef62bfdf2a: start FollowerState
2019-11-05 11:28:45,472 [Thread-2372] INFO  impl.FollowerState (FollowerState.java:run(117)) - 90ecfa43-dab6-49d9-b30c-40ef62bfdf2a@group-E95DC8E8582E-FollowerState was interrupted: java.lang.InterruptedException: sleep interrupted
2019-11-05 11:28:45,472 [Thread-2373] INFO  impl.FollowerState (FollowerState.java:run(117)) - b8bf4e9b-064a-4520-981c-d6c40c833497@group-E95DC8E8582E-FollowerState was interrupted: java.lang.InterruptedException: sleep interrupted
2019-11-05 11:28:45,483 [687f579d-1680-4dd5-8b24-01f078298cef@group-E95DC8E8582E-LeaderElection268] INFO  impl.LeaderElection (LeaderElection.java:logAndReturn(56)) - 687f579d-1680-4dd5-8b24-01f078298cef@group-E95DC8E8582E-LeaderElection268: Election REJECTED; received 2 response(s) [687f579d-1680-4dd5-8b24-01f078298cef<-90ecfa43-dab6-49d9-b30c-40ef62bfdf2a#0:FAIL-t181, 687f579d-1680-4dd5-8b24-01f078298cef<-b8bf4e9b-064a-4520-981c-d6c40c833497#0:FAIL-t181] and 0 exception(s); 687f579d-1680-4dd5-8b24-01f078298cef@group-E95DC8E8582E:t181, leader=null, voted=687f579d-1680-4dd5-8b24-01f078298cef, raftlog=687f579d-1680-4dd5-8b24-01f078298cef@group-E95DC8E8582E-SegmentedRaftLog:OPENED:c-1,f-1,i0, conf=-1: [90ecfa43-dab6-49d9-b30c-40ef62bfdf2a:192.168.157.252:34192, 687f579d-1680-4dd5-8b24-01f078298cef:192.168.157.252:37962, b8bf4e9b-064a-4520-981c-d6c40c833497:192.168.157.252:43407], old=null
2019-11-05 11:28:45,483 [687f579d-1680-4dd5-8b24-01f078298cef@group-E95DC8E8582E-LeaderElection268] INFO  impl.RaftServerImpl (RaftServerImpl.java:setRole(184)) - 687f579d-1680-4dd5-8b24-01f078298cef@group-E95DC8E8582E: changes role from CANDIDATE to FOLLOWER at term 181 for DISCOVERED_A_NEW_TERM
2019-11-05 11:28:45,483 [687f579d-1680-4dd5-8b24-01f078298cef@group-E95DC8E8582E-LeaderElection268] INFO  impl.RoleInfo (RoleInfo.java:shutdownLeaderElection(134)) - 687f579d-1680-4dd5-8b24-01f078298cef: shutdown LeaderElection
2019-11-05 11:28:45,484 [687f579d-1680-4dd5-8b24-01f078298cef@group-E95DC8E8582E-LeaderElection268] INFO  impl.RoleInfo (RoleInfo.java:updateAndGet(143)) - 687f579d-1680-4dd5-8b24-01f078298cef: start FollowerState
2019-11-05 11:28:45,568 [Thread-2378] INFO  impl.FollowerState (FollowerState.java:run(108)) - 687f579d-1680-4dd5-8b24-01f078298cef@group-E95DC8E8582E-FollowerState: change to CANDIDATE, lastRpcTime:84ms, electionTimeout:84ms
2019-11-05 11:28:45,568 [Thread-2378] INFO  impl.RoleInfo (RoleInfo.java:shutdownFollowerState(121)) - 687f579d-1680-4dd5-8b24-01f078298cef: shutdown FollowerState
2019-11-05 11:28:45,569 [Thread-2378] INFO  impl.RaftServerImpl (RaftServerImpl.java:setRole(184)) - 687f579d-1680-4dd5-8b24-01f078298cef@group-E95DC8E8582E: changes role from  FOLLOWER to CANDIDATE at term 181 for changeToCandidate
2019-11-05 11:28:45,569 [Thread-2378] INFO  impl.RoleInfo (RoleInfo.java:updateAndGet(143)) - 687f579d-1680-4dd5-8b24-01f078298cef: start LeaderElection
2019-11-05 11:28:45,583 [687f579d-1680-4dd5-8b24-01f078298cef@group-E95DC8E8582E-LeaderElection269] INFO  impl.LeaderElection (LeaderElection.java:askForVotes(178)) - 687f579d-1680-4dd5-8b24-01f078298cef@group-E95DC8E8582E-LeaderElection269: begin an election at term 182 for -1: [90ecfa43-dab6-49d9-b30c-40ef62bfdf2a:192.168.157.252:34192, 687f579d-1680-4dd5-8b24-01f078298cef:192.168.157.252:37962, b8bf4e9b-064a-4520-981c-d6c40c833497:192.168.157.252:43407], old=null
2019-11-05 11:28:45,607 [grpc-default-executor-9] INFO  impl.RaftServerImpl (RaftServerImpl.java:setRole(184)) - 90ecfa43-dab6-49d9-b30c-40ef62bfdf2a@group-E95DC8E8582E: changes role from  FOLLOWER to FOLLOWER at term 182 for recognizeCandidate:687f579d-1680-4dd5-8b24-01f078298cef
2019-11-05 11:28:45,607 [grpc-default-executor-9] INFO  impl.RoleInfo (RoleInfo.java:shutdownFollowerState(121)) - 90ecfa43-dab6-49d9-b30c-40ef62bfdf2a: shutdown FollowerState
2019-11-05 11:28:45,627 [grpc-default-executor-9] INFO  impl.RoleInfo (RoleInfo.java:updateAndGet(143)) - 90ecfa43-dab6-49d9-b30c-40ef62bfdf2a: start FollowerState
2019-11-05 11:28:45,627 [Thread-2377] INFO  impl.FollowerState (FollowerState.java:run(117)) - 90ecfa43-dab6-49d9-b30c-40ef62bfdf2a@group-E95DC8E8582E-FollowerState was interrupted: java.lang.InterruptedException: sleep interrupted
2019-11-05 11:28:45,639 [grpc-default-executor-4] INFO  impl.RaftServerImpl (RaftServerImpl.java:setRole(184)) - b8bf4e9b-064a-4520-981c-d6c40c833497@group-E95DC8E8582E: changes role from  FOLLOWER to FOLLOWER at term 182 for recognizeCandidate:687f579d-1680-4dd5-8b24-01f078298cef
2019-11-05 11:28:45,639 [grpc-default-executor-4] INFO  impl.RoleInfo (RoleInfo.java:shutdownFollowerState(121)) - b8bf4e9b-064a-4520-981c-d6c40c833497: shutdown FollowerState
2019-11-05 11:28:45,639 [grpc-default-executor-4] INFO  impl.RoleInfo (RoleInfo.java:updateAndGet(143)) - b8bf4e9b-064a-4520-981c-d6c40c833497: start FollowerState
2019-11-05 11:28:45,640 [Thread-2376] INFO  impl.FollowerState (FollowerState.java:run(117)) - b8bf4e9b-064a-4520-981c-d6c40c833497@group-E95DC8E8582E-FollowerState was interrupted: java.lang.InterruptedException: sleep interrupted
2019-11-05 11:28:45,659 [687f579d-1680-4dd5-8b24-01f078298cef@group-E95DC8E8582E-LeaderElection269] INFO  impl.LeaderElection (LeaderElection.java:logAndReturn(56)) - 687f579d-1680-4dd5-8b24-01f078298cef@group-E95DC8E8582E-LeaderElection269: Election REJECTED; received 2 response(s) [687f579d-1680-4dd5-8b24-01f078298cef<-90ecfa43-dab6-49d9-b30c-40ef62bfdf2a#0:FAIL-t182, 687f579d-1680-4dd5-8b24-01f078298cef<-b8bf4e9b-064a-4520-981c-d6c40c833497#0:FAIL-t182] and 0 exception(s); 687f579d-1680-4dd5-8b24-01f078298cef@group-E95DC8E8582E:t182, leader=null, voted=687f579d-1680-4dd5-8b24-01f078298cef, raftlog=687f579d-1680-4dd5-8b24-01f078298cef@group-E95DC8E8582E-SegmentedRaftLog:OPENED:c-1,f-1,i0, conf=-1: [90ecfa43-dab6-49d9-b30c-40ef62bfdf2a:192.168.157.252:34192, 687f579d-1680-4dd5-8b24-01f078298cef:192.168.157.252:37962, b8bf4e9b-064a-4520-981c-d6c40c833497:192.168.157.252:43407], old=null
2019-11-05 11:28:45,660 [687f579d-1680-4dd5-8b24-01f078298cef@group-E95DC8E8582E-LeaderElection269] INFO  impl.RaftServerImpl (RaftServerImpl.java:setRole(184)) - 687f579d-1680-4dd5-8b24-01f078298cef@group-E95DC8E8582E: changes role from CANDIDATE to FOLLOWER at term 182 for DISCOVERED_A_NEW_TERM
2019-11-05 11:28:45,660 [687f579d-1680-4dd5-8b24-01f078298cef@group-E95DC8E8582E-LeaderElection269] INFO  impl.RoleInfo (RoleInfo.java:shutdownLeaderElection(134)) - 687f579d-1680-4dd5-8b24-01f078298cef: shutdown LeaderElection
2019-11-05 11:28:45,660 [687f579d-1680-4dd5-8b24-01f078298cef@group-E95DC8E8582E-LeaderElection269] INFO  impl.RoleInfo (RoleInfo.java:updateAndGet(143)) - 687f579d-1680-4dd5-8b24-01f078298cef: start FollowerState
2019-11-05 11:28:45,761 [Thread-2384] INFO  impl.FollowerState (FollowerState.java:run(108)) - 687f579d-1680-4dd5-8b24-01f078298cef@group-E95DC8E8582E-FollowerState: change to CANDIDATE, lastRpcTime:101ms, electionTimeout:87ms
2019-11-05 11:28:45,761 [Thread-2384] INFO  impl.RoleInfo (RoleInfo.java:shutdownFollowerState(121)) - 687f579d-1680-4dd5-8b24-01f078298cef: shutdown FollowerState
2019-11-05 11:28:45,762 [Thread-2384] INFO  impl.RaftServerImpl (RaftServerImpl.java:setRole(184)) - 687f579d-1680-4dd5-8b24-01f078298cef@group-E95DC8E8582E: changes role from  FOLLOWER to CANDIDATE at term 182 for changeToCandidate
2019-11-05 11:28:45,762 [Thread-2384] INFO  impl.RoleInfo (RoleInfo.java:updateAndGet(143)) - 687f579d-1680-4dd5-8b24-01f078298cef: start LeaderElection
2019-11-05 11:28:45,782 [687f579d-1680-4dd5-8b24-01f078298cef@group-E95DC8E8582E-LeaderElection270] INFO  impl.LeaderElection (LeaderElection.java:askForVotes(178)) - 687f579d-1680-4dd5-8b24-01f078298cef@group-E95DC8E8582E-LeaderElection270: begin an election at term 183 for -1: [90ecfa43-dab6-49d9-b30c-40ef62bfdf2a:192.168.157.252:34192, 687f579d-1680-4dd5-8b24-01f078298cef:192.168.157.252:37962, b8bf4e9b-064a-4520-981c-d6c40c833497:192.168.157.252:43407], old=null
2019-11-05 11:28:45,790 [grpc-default-executor-9] INFO  impl.RaftServerImpl (RaftServerImpl.java:setRole(184)) - 90ecfa43-dab6-49d9-b30c-40ef62bfdf2a@group-E95DC8E8582E: changes role from  FOLLOWER to FOLLOWER at term 183 for recognizeCandidate:687f579d-1680-4dd5-8b24-01f078298cef
2019-11-05 11:28:45,790 [grpc-default-executor-9] INFO  impl.RoleInfo (RoleInfo.java:shutdownFollowerState(121)) - 90ecfa43-dab6-49d9-b30c-40ef62bfdf2a: shutdown FollowerState
2019-11-05 11:28:45,793 [grpc-default-executor-9] INFO  impl.RoleInfo (RoleInfo.java:updateAndGet(143)) - 90ecfa43-dab6-49d9-b30c-40ef62bfdf2a: start FollowerState
2019-11-05 11:28:45,794 [Thread-2382] INFO  impl.FollowerState (FollowerState.java:run(117)) - 90ecfa43-dab6-49d9-b30c-40ef62bfdf2a@group-E95DC8E8582E-FollowerState was interrupted: java.lang.InterruptedException: sleep interrupted
2019-11-05 11:28:45,825 [grpc-default-executor-9] INFO  impl.RaftServerImpl (RaftServerImpl.java:setRole(184)) - b8bf4e9b-064a-4520-981c-d6c40c833497@group-E95DC8E8582E: changes role from  FOLLOWER to FOLLOWER at term 183 for recognizeCandidate:687f579d-1680-4dd5-8b24-01f078298cef
2019-11-05 11:28:45,825 [grpc-default-executor-9] INFO  impl.RoleInfo (RoleInfo.java:shutdownFollowerState(121)) - b8bf4e9b-064a-4520-981c-d6c40c833497: shutdown FollowerState
2019-11-05 11:28:45,825 [Thread-2383] INFO  impl.FollowerState (FollowerState.java:run(117)) - b8bf4e9b-064a-4520-981c-d6c40c833497@group-E95DC8E8582E-FollowerState was interrupted: java.lang.InterruptedException: sleep interrupted
2019-11-05 11:28:45,826 [grpc-default-executor-9] INFO  impl.RoleInfo (RoleInfo.java:updateAndGet(143)) - b8bf4e9b-064a-4520-981c-d6c40c833497: start FollowerState
2019-11-05 11:28:45,848 [687f579d-1680-4dd5-8b24-01f078298cef@group-E95DC8E8582E-LeaderElection270] INFO  impl.LeaderElection (LeaderElection.java:logAndReturn(56)) - 687f579d-1680-4dd5-8b24-01f078298cef@group-E95DC8E8582E-LeaderElection270: Election TIMEOUT; received 1 response(s) [687f579d-1680-4dd5-8b24-01f078298cef<-90ecfa43-dab6-49d9-b30c-40ef62bfdf2a#0:FAIL-t183] and 0 exception(s); 687f579d-1680-4dd5-8b24-01f078298cef@group-E95DC8E8582E:t183, leader=null, voted=687f579d-1680-4dd5-8b24-01f078298cef, raftlog=687f579d-1680-4dd5-8b24-01f078298cef@group-E95DC8E8582E-SegmentedRaftLog:OPENED:c-1,f-1,i0, conf=-1: [90ecfa43-dab6-49d9-b30c-40ef62bfdf2a:192.168.157.252:34192, 687f579d-1680-4dd5-8b24-01f078298cef:192.168.157.252:37962, b8bf4e9b-064a-4520-981c-d6c40c833497:192.168.157.252:43407], old=null
2019-11-05 11:28:45,868 [687f579d-1680-4dd5-8b24-01f078298cef@group-E95DC8E8582E-LeaderElection270] INFO  impl.LeaderElection (LeaderElection.java:askForVotes(178)) - 687f579d-1680-4dd5-8b24-01f078298cef@group-E95DC8E8582E-LeaderElection270: begin an election at term 184 for -1: [90ecfa43-dab6-49d9-b30c-40ef62bfdf2a:192.168.157.252:34192, 687f579d-1680-4dd5-8b24-01f078298cef:192.168.157.252:37962, b8bf4e9b-064a-4520-981c-d6c40c833497:192.168.157.252:43407], old=null
2019-11-05 11:28:45,891 [grpc-default-executor-9] INFO  impl.RaftServerImpl (RaftServerImpl.java:setRole(184)) - 90ecfa43-dab6-49d9-b30c-40ef62bfdf2a@group-E95DC8E8582E: changes role from  FOLLOWER to FOLLOWER at term 184 for recognizeCandidate:687f579d-1680-4dd5-8b24-01f078298cef
2019-11-05 11:28:45,891 [grpc-default-executor-9] INFO  impl.RoleInfo (RoleInfo.java:shutdownFollowerState(121)) - 90ecfa43-dab6-49d9-b30c-40ef62bfdf2a: shutdown FollowerState
2019-11-05 11:28:45,892 [grpc-default-executor-9] INFO  impl.RoleInfo (RoleInfo.java:updateAndGet(143)) - 90ecfa43-dab6-49d9-b30c-40ef62bfdf2a: start FollowerState
2019-11-05 11:28:45,894 [grpc-default-executor-4] INFO  impl.RaftServerImpl (RaftServerImpl.java:setRole(184)) - b8bf4e9b-064a-4520-981c-d6c40c833497@group-E95DC8E8582E: changes role from  FOLLOWER to FOLLOWER at term 184 for recognizeCandidate:687f579d-1680-4dd5-8b24-01f078298cef
2019-11-05 11:28:45,895 [grpc-default-executor-4] INFO  impl.RoleInfo (RoleInfo.java:shutdownFollowerState(121)) - b8bf4e9b-064a-4520-981c-d6c40c833497: shutdown FollowerState
2019-11-05 11:28:45,895 [Thread-2388] INFO  impl.FollowerState (FollowerState.java:run(117)) - 90ecfa43-dab6-49d9-b30c-40ef62bfdf2a@group-E95DC8E8582E-FollowerState was interrupted: java.lang.InterruptedException: sleep interrupted
2019-11-05 11:28:45,918 [grpc-default-executor-4] INFO  impl.RoleInfo (RoleInfo.java:updateAndGet(143)) - b8bf4e9b-064a-4520-981c-d6c40c833497: start FollowerState
2019-11-05 11:28:45,918 [Thread-2389] INFO  impl.FollowerState (FollowerState.java:run(117)) - b8bf4e9b-064a-4520-981c-d6c40c833497@group-E95DC8E8582E-FollowerState was interrupted: java.lang.InterruptedException: sleep interrupted
2019-11-05 11:28:45,932 [687f579d-1680-4dd5-8b24-01f078298cef@group-E95DC8E8582E-LeaderElection270] INFO  impl.LeaderElection (LeaderElection.java:logAndReturn(56)) - 687f579d-1680-4dd5-8b24-01f078298cef@group-E95DC8E8582E-LeaderElection270: Election REJECTED; received 2 response(s) [687f579d-1680-4dd5-8b24-01f078298cef<-90ecfa43-dab6-49d9-b30c-40ef62bfdf2a#0:FAIL-t184, 687f579d-1680-4dd5-8b24-01f078298cef<-b8bf4e9b-064a-4520-981c-d6c40c833497#0:FAIL-t184] and 0 exception(s); 687f579d-1680-4dd5-8b24-01f078298cef@group-E95DC8E8582E:t184, leader=null, voted=687f579d-1680-4dd5-8b24-01f078298cef, raftlog=687f579d-1680-4dd5-8b24-01f078298cef@group-E95DC8E8582E-SegmentedRaftLog:OPENED:c-1,f-1,i0, conf=-1: [90ecfa43-dab6-49d9-b30c-40ef62bfdf2a:192.168.157.252:34192, 687f579d-1680-4dd5-8b24-01f078298cef:192.168.157.252:37962, b8bf4e9b-064a-4520-981c-d6c40c833497:192.168.157.252:43407], old=null
2019-11-05 11:28:45,932 [687f579d-1680-4dd5-8b24-01f078298cef@group-E95DC8E8582E-LeaderElection270] INFO  impl.RaftServerImpl (RaftServerImpl.java:setRole(184)) - 687f579d-1680-4dd5-8b24-01f078298cef@group-E95DC8E8582E: changes role from CANDIDATE to FOLLOWER at term 184 for DISCOVERED_A_NEW_TERM
2019-11-05 11:28:45,933 [687f579d-1680-4dd5-8b24-01f078298cef@group-E95DC8E8582E-LeaderElection270] INFO  impl.RoleInfo (RoleInfo.java:shutdownLeaderElection(134)) - 687f579d-1680-4dd5-8b24-01f078298cef: shutdown LeaderElection
2019-11-05 11:28:45,933 [687f579d-1680-4dd5-8b24-01f078298cef@group-E95DC8E8582E-LeaderElection270] INFO  impl.RoleInfo (RoleInfo.java:updateAndGet(143)) - 687f579d-1680-4dd5-8b24-01f078298cef: start FollowerState
2019-11-05 11:28:46,007 [Thread-2394] INFO  impl.FollowerState (FollowerState.java:run(108)) - 687f579d-1680-4dd5-8b24-01f078298cef@group-E95DC8E8582E-FollowerState: change to CANDIDATE, lastRpcTime:74ms, electionTimeout:65ms
2019-11-05 11:28:46,007 [Thread-2394] INFO  impl.RoleInfo (RoleInfo.java:shutdownFollowerState(121)) - 687f579d-1680-4dd5-8b24-01f078298cef: shutdown FollowerState
2019-11-05 11:28:46,007 [Thread-2394] INFO  impl.RaftServerImpl (RaftServerImpl.java:setRole(184)) - 687f579d-1680-4dd5-8b24-01f078298cef@group-E95DC8E8582E: changes role from  FOLLOWER to CANDIDATE at term 184 for changeToCandidate
2019-11-05 11:28:46,007 [Thread-2394] INFO  impl.RoleInfo (RoleInfo.java:updateAndGet(143)) - 687f579d-1680-4dd5-8b24-01f078298cef: start LeaderElection
2019-11-05 11:28:46,035 [687f579d-1680-4dd5-8b24-01f078298cef@group-E95DC8E8582E-LeaderElection271] INFO  impl.LeaderElection (LeaderElection.java:askForVotes(178)) - 687f579d-1680-4dd5-8b24-01f078298cef@group-E95DC8E8582E-LeaderElection271: begin an election at term 185 for -1: [90ecfa43-dab6-49d9-b30c-40ef62bfdf2a:192.168.157.252:34192, 687f579d-1680-4dd5-8b24-01f078298cef:192.168.157.252:37962, b8bf4e9b-064a-4520-981c-d6c40c833497:192.168.157.252:43407], old=null
2019-11-05 11:28:46,053 [grpc-default-executor-4] INFO  impl.RaftServerImpl (RaftServerImpl.java:setRole(184)) - b8bf4e9b-064a-4520-981c-d6c40c833497@group-E95DC8E8582E: changes role from  FOLLOWER to FOLLOWER at term 185 for recognizeCandidate:687f579d-1680-4dd5-8b24-01f078298cef
2019-11-05 11:28:46,053 [grpc-default-executor-9] INFO  impl.RaftServerImpl (RaftServerImpl.java:setRole(184)) - 90ecfa43-dab6-49d9-b30c-40ef62bfdf2a@group-E95DC8E8582E: changes role from  FOLLOWER to FOLLOWER at term 185 for recognizeCandidate:687f579d-1680-4dd5-8b24-01f078298cef
2019-11-05 11:28:46,053 [grpc-default-executor-9] INFO  impl.RoleInfo (RoleInfo.java:shutdownFollowerState(121)) - 90ecfa43-dab6-49d9-b30c-40ef62bfdf2a: shutdown FollowerState
2019-11-05 11:28:46,053 [grpc-default-executor-9] INFO  impl.RoleInfo (RoleInfo.java:updateAndGet(143)) - 90ecfa43-dab6-49d9-b30c-40ef62bfdf2a: start FollowerState
2019-11-05 11:28:46,053 [grpc-default-executor-4] INFO  impl.RoleInfo (RoleInfo.java:shutdownFollowerState(121)) - b8bf4e9b-064a-4520-981c-d6c40c833497: shutdown FollowerState
2019-11-05 11:28:46,053 [Thread-2392] INFO  impl.FollowerState (FollowerState.java:run(117)) - 90ecfa43-dab6-49d9-b30c-40ef62bfdf2a@group-E95DC8E8582E-FollowerState was interrupted: java.lang.InterruptedException: sleep interrupted
2019-11-05 11:28:46,056 [grpc-default-executor-4] INFO  impl.RoleInfo (RoleInfo.java:updateAndGet(143)) - b8bf4e9b-064a-4520-981c-d6c40c833497: start FollowerState
2019-11-05 11:28:46,057 [Thread-2393] INFO  impl.FollowerState (FollowerState.java:run(117)) - b8bf4e9b-064a-4520-981c-d6c40c833497@group-E95DC8E8582E-FollowerState was interrupted: java.lang.InterruptedException: sleep interrupted
2019-11-05 11:28:46,062 [Thread-2342] INFO  impl.FollowerState (FollowerState.java:run(108)) - 1eca16cc-5184-4e43-8e55-175d1516eae4@group-21C72E9484D5-FollowerState: change to CANDIDATE, lastRpcTime:1099ms, electionTimeout:1092ms
2019-11-05 11:28:46,062 [Thread-2342] INFO  impl.RoleInfo (RoleInfo.java:shutdownFollowerState(121)) - 1eca16cc-5184-4e43-8e55-175d1516eae4: shutdown FollowerState
2019-11-05 11:28:46,062 [Thread-2342] INFO  impl.RaftServerImpl (RaftServerImpl.java:setRole(184)) - 1eca16cc-5184-4e43-8e55-175d1516eae4@group-21C72E9484D5: changes role from  FOLLOWER to CANDIDATE at term 144 for changeToCandidate
2019-11-05 11:28:46,063 [Thread-2342] INFO  impl.RoleInfo (RoleInfo.java:updateAndGet(143)) - 1eca16cc-5184-4e43-8e55-175d1516eae4: start LeaderElection
2019-11-05 11:28:46,080 [687f579d-1680-4dd5-8b24-01f078298cef@group-E95DC8E8582E-LeaderElection271] INFO  impl.LeaderElection (LeaderElection.java:logAndReturn(56)) - 687f579d-1680-4dd5-8b24-01f078298cef@group-E95DC8E8582E-LeaderElection271: Election REJECTED; received 2 response(s) [687f579d-1680-4dd5-8b24-01f078298cef<-90ecfa43-dab6-49d9-b30c-40ef62bfdf2a#0:FAIL-t185, 687f579d-1680-4dd5-8b24-01f078298cef<-b8bf4e9b-064a-4520-981c-d6c40c833497#0:FAIL-t185] and 0 exception(s); 687f579d-1680-4dd5-8b24-01f078298cef@group-E95DC8E8582E:t185, leader=null, voted=687f579d-1680-4dd5-8b24-01f078298cef, raftlog=687f579d-1680-4dd5-8b24-01f078298cef@group-E95DC8E8582E-SegmentedRaftLog:OPENED:c-1,f-1,i0, conf=-1: [90ecfa43-dab6-49d9-b30c-40ef62bfdf2a:192.168.157.252:34192, 687f579d-1680-4dd5-8b24-01f078298cef:192.168.157.252:37962, b8bf4e9b-064a-4520-981c-d6c40c833497:192.168.157.252:43407], old=null
2019-11-05 11:28:46,081 [687f579d-1680-4dd5-8b24-01f078298cef@group-E95DC8E8582E-LeaderElection271] INFO  impl.RaftServerImpl (RaftServerImpl.java:setRole(184)) - 687f579d-1680-4dd5-8b24-01f078298cef@group-E95DC8E8582E: changes role from CANDIDATE to FOLLOWER at term 185 for DISCOVERED_A_NEW_TERM
2019-11-05 11:28:46,081 [687f579d-1680-4dd5-8b24-01f078298cef@group-E95DC8E8582E-LeaderElection271] INFO  impl.RoleInfo (RoleInfo.java:shutdownLeaderElection(134)) - 687f579d-1680-4dd5-8b24-01f078298cef: shutdown LeaderElection
2019-11-05 11:28:46,081 [687f579d-1680-4dd5-8b24-01f078298cef@group-E95DC8E8582E-LeaderElection271] INFO  impl.RoleInfo (RoleInfo.java:updateAndGet(143)) - 687f579d-1680-4dd5-8b24-01f078298cef: start FollowerState
2019-11-05 11:28:46,081 [1eca16cc-5184-4e43-8e55-175d1516eae4@group-21C72E9484D5-LeaderElection272] INFO  impl.LeaderElection (LeaderElection.java:askForVotes(178)) - 1eca16cc-5184-4e43-8e55-175d1516eae4@group-21C72E9484D5-LeaderElection272: begin an election at term 145 for 0: [f7e9932d-fd96-469a-9353-68e47138e5ff:192.168.157.252:45025, 1eca16cc-5184-4e43-8e55-175d1516eae4:192.168.157.252:41127, 74a8fb36-eab9-4c53-b7cf-c565055de05a:192.168.157.252:42370], old=null
2019-11-05 11:28:46,129 [Thread-2401] INFO  impl.FollowerState (FollowerState.java:run(108)) - 687f579d-1680-4dd5-8b24-01f078298cef@group-E95DC8E8582E-FollowerState: change to CANDIDATE, lastRpcTime:48ms, electionTimeout:14ms
2019-11-05 11:28:46,129 [Thread-2401] INFO  impl.RoleInfo (RoleInfo.java:shutdownFollowerState(121)) - 687f579d-1680-4dd5-8b24-01f078298cef: shutdown FollowerState
2019-11-05 11:28:46,129 [Thread-2401] INFO  impl.RaftServerImpl (RaftServerImpl.java:setRole(184)) - 687f579d-1680-4dd5-8b24-01f078298cef@group-E95DC8E8582E: changes role from  FOLLOWER to CANDIDATE at term 185 for changeToCandidate
2019-11-05 11:28:46,145 [Thread-2401] INFO  impl.RoleInfo (RoleInfo.java:updateAndGet(143)) - 687f579d-1680-4dd5-8b24-01f078298cef: start LeaderElection
2019-11-05 11:28:46,168 [1eca16cc-5184-4e43-8e55-175d1516eae4@group-21C72E9484D5-LeaderElection272] INFO  impl.LeaderElection (LogUtils.java:infoOrTrace(149)) - 1eca16cc-5184-4e43-8e55-175d1516eae4@group-21C72E9484D5-LeaderElection272 got exception when requesting votes: {}
java.util.concurrent.ExecutionException: org.apache.ratis.thirdparty.io.grpc.StatusRuntimeException: UNAVAILABLE: io exception
	at java.util.concurrent.FutureTask.report(FutureTask.java:122)
	at java.util.concurrent.FutureTask.get(FutureTask.java:192)
	at org.apache.ratis.server.impl.LeaderElection.waitForResults(LeaderElection.java:259)
	at org.apache.ratis.server.impl.LeaderElection.askForVotes(LeaderElection.java:197)
	at org.apache.ratis.server.impl.LeaderElection.run(LeaderElection.java:133)
	at java.lang.Thread.run(Thread.java:748)
Caused by: org.apache.ratis.thirdparty.io.grpc.StatusRuntimeException: UNAVAILABLE: io exception
	at org.apache.ratis.thirdparty.io.grpc.stub.ClientCalls.toStatusRuntimeException(ClientCalls.java:233)
	at org.apache.ratis.thirdparty.io.grpc.stub.ClientCalls.getUnchecked(ClientCalls.java:214)
	at org.apache.ratis.thirdparty.io.grpc.stub.ClientCalls.blockingUnaryCall(ClientCalls.java:139)
	at org.apache.ratis.proto.grpc.RaftServerProtocolServiceGrpc$RaftServerProtocolServiceBlockingStub.requestVote(RaftServerProtocolServiceGrpc.java:265)
	at org.apache.ratis.grpc.server.GrpcServerProtocolClient.requestVote(GrpcServerProtocolClient.java:99)
	at org.apache.ratis.grpc.server.GrpcService.requestVote(GrpcService.java:204)
	at org.apache.ratis.server.impl.LeaderElection.lambda$submitRequests$1(LeaderElection.java:234)
	at java.util.concurrent.FutureTask.run(FutureTask.java:266)
	at java.util.concurrent.Executors$RunnableAdapter.call(Executors.java:511)
	at java.util.concurrent.FutureTask.run(FutureTask.java:266)
	at java.util.concurrent.ThreadPoolExecutor.runWorker(ThreadPoolExecutor.java:1149)
	at java.util.concurrent.ThreadPoolExecutor$Worker.run(ThreadPoolExecutor.java:624)
	... 1 more
Caused by: org.apache.ratis.thirdparty.io.netty.channel.AbstractChannel$AnnotatedConnectException: Connection refused: /192.168.157.252:45025
	at sun.nio.ch.SocketChannelImpl.checkConnect(Native Method)
	at sun.nio.ch.SocketChannelImpl.finishConnect(SocketChannelImpl.java:717)
	at org.apache.ratis.thirdparty.io.netty.channel.socket.nio.NioSocketChannel.doFinishConnect(NioSocketChannel.java:327)
	at org.apache.ratis.thirdparty.io.netty.channel.nio.AbstractNioChannel$AbstractNioUnsafe.finishConnect(AbstractNioChannel.java:340)
	at org.apache.ratis.thirdparty.io.netty.channel.nio.NioEventLoop.processSelectedKey(NioEventLoop.java:632)
	at org.apache.ratis.thirdparty.io.netty.channel.nio.NioEventLoop.processSelectedKeysOptimized(NioEventLoop.java:579)
	at org.apache.ratis.thirdparty.io.netty.channel.nio.NioEventLoop.processSelectedKeys(NioEventLoop.java:496)
	at org.apache.ratis.thirdparty.io.netty.channel.nio.NioEventLoop.run(NioEventLoop.java:458)
	at org.apache.ratis.thirdparty.io.netty.util.concurrent.SingleThreadEventExecutor$5.run(SingleThreadEventExecutor.java:897)
	at org.apache.ratis.thirdparty.io.netty.util.concurrent.FastThreadLocalRunnable.run(FastThreadLocalRunnable.java:30)
	... 1 more
Caused by: java.net.ConnectException: Connection refused
	... 11 more
2019-11-05 11:28:46,199 [1eca16cc-5184-4e43-8e55-175d1516eae4@group-21C72E9484D5-LeaderElection272] INFO  impl.LeaderElection (LogUtils.java:infoOrTrace(149)) - 1eca16cc-5184-4e43-8e55-175d1516eae4@group-21C72E9484D5-LeaderElection272 got exception when requesting votes: {}
java.util.concurrent.ExecutionException: org.apache.ratis.thirdparty.io.grpc.StatusRuntimeException: UNAVAILABLE: io exception
	at java.util.concurrent.FutureTask.report(FutureTask.java:122)
	at java.util.concurrent.FutureTask.get(FutureTask.java:192)
	at org.apache.ratis.server.impl.LeaderElection.waitForResults(LeaderElection.java:259)
	at org.apache.ratis.server.impl.LeaderElection.askForVotes(LeaderElection.java:197)
	at org.apache.ratis.server.impl.LeaderElection.run(LeaderElection.java:133)
	at java.lang.Thread.run(Thread.java:748)
Caused by: org.apache.ratis.thirdparty.io.grpc.StatusRuntimeException: UNAVAILABLE: io exception
	at org.apache.ratis.thirdparty.io.grpc.stub.ClientCalls.toStatusRuntimeException(ClientCalls.java:233)
	at org.apache.ratis.thirdparty.io.grpc.stub.ClientCalls.getUnchecked(ClientCalls.java:214)
	at org.apache.ratis.thirdparty.io.grpc.stub.ClientCalls.blockingUnaryCall(ClientCalls.java:139)
	at org.apache.ratis.proto.grpc.RaftServerProtocolServiceGrpc$RaftServerProtocolServiceBlockingStub.requestVote(RaftServerProtocolServiceGrpc.java:265)
	at org.apache.ratis.grpc.server.GrpcServerProtocolClient.requestVote(GrpcServerProtocolClient.java:99)
	at org.apache.ratis.grpc.server.GrpcService.requestVote(GrpcService.java:204)
	at org.apache.ratis.server.impl.LeaderElection.lambda$submitRequests$1(LeaderElection.java:234)
	at java.util.concurrent.FutureTask.run(FutureTask.java:266)
	at java.util.concurrent.Executors$RunnableAdapter.call(Executors.java:511)
	at java.util.concurrent.FutureTask.run(FutureTask.java:266)
	at java.util.concurrent.ThreadPoolExecutor.runWorker(ThreadPoolExecutor.java:1149)
	at java.util.concurrent.ThreadPoolExecutor$Worker.run(ThreadPoolExecutor.java:624)
	... 1 more
Caused by: org.apache.ratis.thirdparty.io.netty.channel.AbstractChannel$AnnotatedConnectException: Connection refused: /192.168.157.252:42370
	at sun.nio.ch.SocketChannelImpl.checkConnect(Native Method)
	at sun.nio.ch.SocketChannelImpl.finishConnect(SocketChannelImpl.java:717)
	at org.apache.ratis.thirdparty.io.netty.channel.socket.nio.NioSocketChannel.doFinishConnect(NioSocketChannel.java:327)
	at org.apache.ratis.thirdparty.io.netty.channel.nio.AbstractNioChannel$AbstractNioUnsafe.finishConnect(AbstractNioChannel.java:340)
	at org.apache.ratis.thirdparty.io.netty.channel.nio.NioEventLoop.processSelectedKey(NioEventLoop.java:632)
	at org.apache.ratis.thirdparty.io.netty.channel.nio.NioEventLoop.processSelectedKeysOptimized(NioEventLoop.java:579)
	at org.apache.ratis.thirdparty.io.netty.channel.nio.NioEventLoop.processSelectedKeys(NioEventLoop.java:496)
	at org.apache.ratis.thirdparty.io.netty.channel.nio.NioEventLoop.run(NioEventLoop.java:458)
	at org.apache.ratis.thirdparty.io.netty.util.concurrent.SingleThreadEventExecutor$5.run(SingleThreadEventExecutor.java:897)
	at org.apache.ratis.thirdparty.io.netty.util.concurrent.FastThreadLocalRunnable.run(FastThreadLocalRunnable.java:30)
	... 1 more
Caused by: java.net.ConnectException: Connection refused
	... 11 more
2019-11-05 11:28:46,203 [1eca16cc-5184-4e43-8e55-175d1516eae4@group-21C72E9484D5-LeaderElection272] INFO  impl.LeaderElection (LeaderElection.java:logAndReturn(56)) - 1eca16cc-5184-4e43-8e55-175d1516eae4@group-21C72E9484D5-LeaderElection272: Election REJECTED; received 0 response(s) [] and 2 exception(s); 1eca16cc-5184-4e43-8e55-175d1516eae4@group-21C72E9484D5:t145, leader=null, voted=1eca16cc-5184-4e43-8e55-175d1516eae4, raftlog=1eca16cc-5184-4e43-8e55-175d1516eae4@group-21C72E9484D5-SegmentedRaftLog:OPENED:c-1,f0,i0, conf=0: [f7e9932d-fd96-469a-9353-68e47138e5ff:192.168.157.252:45025, 1eca16cc-5184-4e43-8e55-175d1516eae4:192.168.157.252:41127, 74a8fb36-eab9-4c53-b7cf-c565055de05a:192.168.157.252:42370], old=null
2019-11-05 11:28:46,203 [1eca16cc-5184-4e43-8e55-175d1516eae4@group-21C72E9484D5-LeaderElection272] INFO  impl.LeaderElection (LogUtils.java:infoOrTrace(149)) -   Exception 0: {}
java.util.concurrent.ExecutionException: org.apache.ratis.thirdparty.io.grpc.StatusRuntimeException: UNAVAILABLE: io exception
	at java.util.concurrent.FutureTask.report(FutureTask.java:122)
	at java.util.concurrent.FutureTask.get(FutureTask.java:192)
	at org.apache.ratis.server.impl.LeaderElection.waitForResults(LeaderElection.java:259)
	at org.apache.ratis.server.impl.LeaderElection.askForVotes(LeaderElection.java:197)
	at org.apache.ratis.server.impl.LeaderElection.run(LeaderElection.java:133)
	at java.lang.Thread.run(Thread.java:748)
Caused by: org.apache.ratis.thirdparty.io.grpc.StatusRuntimeException: UNAVAILABLE: io exception
	at org.apache.ratis.thirdparty.io.grpc.stub.ClientCalls.toStatusRuntimeException(ClientCalls.java:233)
	at org.apache.ratis.thirdparty.io.grpc.stub.ClientCalls.getUnchecked(ClientCalls.java:214)
	at org.apache.ratis.thirdparty.io.grpc.stub.ClientCalls.blockingUnaryCall(ClientCalls.java:139)
	at org.apache.ratis.proto.grpc.RaftServerProtocolServiceGrpc$RaftServerProtocolServiceBlockingStub.requestVote(RaftServerProtocolServiceGrpc.java:265)
	at org.apache.ratis.grpc.server.GrpcServerProtocolClient.requestVote(GrpcServerProtocolClient.java:99)
	at org.apache.ratis.grpc.server.GrpcService.requestVote(GrpcService.java:204)
	at org.apache.ratis.server.impl.LeaderElection.lambda$submitRequests$1(LeaderElection.java:234)
	at java.util.concurrent.FutureTask.run(FutureTask.java:266)
	at java.util.concurrent.Executors$RunnableAdapter.call(Executors.java:511)
	at java.util.concurrent.FutureTask.run(FutureTask.java:266)
	at java.util.concurrent.ThreadPoolExecutor.runWorker(ThreadPoolExecutor.java:1149)
	at java.util.concurrent.ThreadPoolExecutor$Worker.run(ThreadPoolExecutor.java:624)
	... 1 more
Caused by: org.apache.ratis.thirdparty.io.netty.channel.AbstractChannel$AnnotatedConnectException: Connection refused: /192.168.157.252:45025
	at sun.nio.ch.SocketChannelImpl.checkConnect(Native Method)
	at sun.nio.ch.SocketChannelImpl.finishConnect(SocketChannelImpl.java:717)
	at org.apache.ratis.thirdparty.io.netty.channel.socket.nio.NioSocketChannel.doFinishConnect(NioSocketChannel.java:327)
	at org.apache.ratis.thirdparty.io.netty.channel.nio.AbstractNioChannel$AbstractNioUnsafe.finishConnect(AbstractNioChannel.java:340)
	at org.apache.ratis.thirdparty.io.netty.channel.nio.NioEventLoop.processSelectedKey(NioEventLoop.java:632)
	at org.apache.ratis.thirdparty.io.netty.channel.nio.NioEventLoop.processSelectedKeysOptimized(NioEventLoop.java:579)
	at org.apache.ratis.thirdparty.io.netty.channel.nio.NioEventLoop.processSelectedKeys(NioEventLoop.java:496)
	at org.apache.ratis.thirdparty.io.netty.channel.nio.NioEventLoop.run(NioEventLoop.java:458)
	at org.apache.ratis.thirdparty.io.netty.util.concurrent.SingleThreadEventExecutor$5.run(SingleThreadEventExecutor.java:897)
	at org.apache.ratis.thirdparty.io.netty.util.concurrent.FastThreadLocalRunnable.run(FastThreadLocalRunnable.java:30)
	... 1 more
Caused by: java.net.ConnectException: Connection refused
	... 11 more
2019-11-05 11:28:46,203 [1eca16cc-5184-4e43-8e55-175d1516eae4@group-21C72E9484D5-LeaderElection272] INFO  impl.LeaderElection (LogUtils.java:infoOrTrace(149)) -   Exception 1: {}
java.util.concurrent.ExecutionException: org.apache.ratis.thirdparty.io.grpc.StatusRuntimeException: UNAVAILABLE: io exception
	at java.util.concurrent.FutureTask.report(FutureTask.java:122)
	at java.util.concurrent.FutureTask.get(FutureTask.java:192)
	at org.apache.ratis.server.impl.LeaderElection.waitForResults(LeaderElection.java:259)
	at org.apache.ratis.server.impl.LeaderElection.askForVotes(LeaderElection.java:197)
	at org.apache.ratis.server.impl.LeaderElection.run(LeaderElection.java:133)
	at java.lang.Thread.run(Thread.java:748)
Caused by: org.apache.ratis.thirdparty.io.grpc.StatusRuntimeException: UNAVAILABLE: io exception
	at org.apache.ratis.thirdparty.io.grpc.stub.ClientCalls.toStatusRuntimeException(ClientCalls.java:233)
	at org.apache.ratis.thirdparty.io.grpc.stub.ClientCalls.getUnchecked(ClientCalls.java:214)
	at org.apache.ratis.thirdparty.io.grpc.stub.ClientCalls.blockingUnaryCall(ClientCalls.java:139)
	at org.apache.ratis.proto.grpc.RaftServerProtocolServiceGrpc$RaftServerProtocolServiceBlockingStub.requestVote(RaftServerProtocolServiceGrpc.java:265)
	at org.apache.ratis.grpc.server.GrpcServerProtocolClient.requestVote(GrpcServerProtocolClient.java:99)
	at org.apache.ratis.grpc.server.GrpcService.requestVote(GrpcService.java:204)
	at org.apache.ratis.server.impl.LeaderElection.lambda$submitRequests$1(LeaderElection.java:234)
	at java.util.concurrent.FutureTask.run(FutureTask.java:266)
	at java.util.concurrent.Executors$RunnableAdapter.call(Executors.java:511)
	at java.util.concurrent.FutureTask.run(FutureTask.java:266)
	at java.util.concurrent.ThreadPoolExecutor.runWorker(ThreadPoolExecutor.java:1149)
	at java.util.concurrent.ThreadPoolExecutor$Worker.run(ThreadPoolExecutor.java:624)
	... 1 more
Caused by: org.apache.ratis.thirdparty.io.netty.channel.AbstractChannel$AnnotatedConnectException: Connection refused: /192.168.157.252:42370
	at sun.nio.ch.SocketChannelImpl.checkConnect(Native Method)
	at sun.nio.ch.SocketChannelImpl.finishConnect(SocketChannelImpl.java:717)
	at org.apache.ratis.thirdparty.io.netty.channel.socket.nio.NioSocketChannel.doFinishConnect(NioSocketChannel.java:327)
	at org.apache.ratis.thirdparty.io.netty.channel.nio.AbstractNioChannel$AbstractNioUnsafe.finishConnect(AbstractNioChannel.java:340)
	at org.apache.ratis.thirdparty.io.netty.channel.nio.NioEventLoop.processSelectedKey(NioEventLoop.java:632)
	at org.apache.ratis.thirdparty.io.netty.channel.nio.NioEventLoop.processSelectedKeysOptimized(NioEventLoop.java:579)
	at org.apache.ratis.thirdparty.io.netty.channel.nio.NioEventLoop.processSelectedKeys(NioEventLoop.java:496)
	at org.apache.ratis.thirdparty.io.netty.channel.nio.NioEventLoop.run(NioEventLoop.java:458)
	at org.apache.ratis.thirdparty.io.netty.util.concurrent.SingleThreadEventExecutor$5.run(SingleThreadEventExecutor.java:897)
	at org.apache.ratis.thirdparty.io.netty.util.concurrent.FastThreadLocalRunnable.run(FastThreadLocalRunnable.java:30)
	... 1 more
Caused by: java.net.ConnectException: Connection refused
	... 11 more
2019-11-05 11:28:46,205 [1eca16cc-5184-4e43-8e55-175d1516eae4@group-21C72E9484D5-LeaderElection272] INFO  impl.RaftServerImpl (RaftServerImpl.java:setRole(184)) - 1eca16cc-5184-4e43-8e55-175d1516eae4@group-21C72E9484D5: changes role from CANDIDATE to FOLLOWER at term 145 for DISCOVERED_A_NEW_TERM
2019-11-05 11:28:46,205 [1eca16cc-5184-4e43-8e55-175d1516eae4@group-21C72E9484D5-LeaderElection272] INFO  impl.RoleInfo (RoleInfo.java:shutdownLeaderElection(134)) - 1eca16cc-5184-4e43-8e55-175d1516eae4: shutdown LeaderElection
2019-11-05 11:28:46,205 [1eca16cc-5184-4e43-8e55-175d1516eae4@group-21C72E9484D5-LeaderElection272] INFO  impl.RoleInfo (RoleInfo.java:updateAndGet(143)) - 1eca16cc-5184-4e43-8e55-175d1516eae4: start FollowerState
2019-11-05 11:28:46,212 [687f579d-1680-4dd5-8b24-01f078298cef@group-E95DC8E8582E-LeaderElection273] INFO  impl.LeaderElection (LeaderElection.java:askForVotes(178)) - 687f579d-1680-4dd5-8b24-01f078298cef@group-E95DC8E8582E-LeaderElection273: begin an election at term 186 for -1: [90ecfa43-dab6-49d9-b30c-40ef62bfdf2a:192.168.157.252:34192, 687f579d-1680-4dd5-8b24-01f078298cef:192.168.157.252:37962, b8bf4e9b-064a-4520-981c-d6c40c833497:192.168.157.252:43407], old=null
2019-11-05 11:28:46,215 [grpc-default-executor-4] INFO  impl.RaftServerImpl (RaftServerImpl.java:setRole(184)) - 90ecfa43-dab6-49d9-b30c-40ef62bfdf2a@group-E95DC8E8582E: changes role from  FOLLOWER to FOLLOWER at term 186 for recognizeCandidate:687f579d-1680-4dd5-8b24-01f078298cef
2019-11-05 11:28:46,215 [grpc-default-executor-4] INFO  impl.RoleInfo (RoleInfo.java:shutdownFollowerState(121)) - 90ecfa43-dab6-49d9-b30c-40ef62bfdf2a: shutdown FollowerState
2019-11-05 11:28:46,215 [grpc-default-executor-9] INFO  impl.RaftServerImpl (RaftServerImpl.java:setRole(184)) - b8bf4e9b-064a-4520-981c-d6c40c833497@group-E95DC8E8582E: changes role from  FOLLOWER to FOLLOWER at term 186 for recognizeCandidate:687f579d-1680-4dd5-8b24-01f078298cef
2019-11-05 11:28:46,215 [grpc-default-executor-4] INFO  impl.RoleInfo (RoleInfo.java:updateAndGet(143)) - 90ecfa43-dab6-49d9-b30c-40ef62bfdf2a: start FollowerState
2019-11-05 11:28:46,216 [Thread-2398] INFO  impl.FollowerState (FollowerState.java:run(117)) - 90ecfa43-dab6-49d9-b30c-40ef62bfdf2a@group-E95DC8E8582E-FollowerState was interrupted: java.lang.InterruptedException: sleep interrupted
2019-11-05 11:28:46,216 [grpc-default-executor-9] INFO  impl.RoleInfo (RoleInfo.java:shutdownFollowerState(121)) - b8bf4e9b-064a-4520-981c-d6c40c833497: shutdown FollowerState
2019-11-05 11:28:46,216 [grpc-default-executor-9] INFO  impl.RoleInfo (RoleInfo.java:updateAndGet(143)) - b8bf4e9b-064a-4520-981c-d6c40c833497: start FollowerState
2019-11-05 11:28:46,216 [Thread-2399] INFO  impl.FollowerState (FollowerState.java:run(117)) - b8bf4e9b-064a-4520-981c-d6c40c833497@group-E95DC8E8582E-FollowerState was interrupted: java.lang.InterruptedException: sleep interrupted
2019-11-05 11:28:46,230 [687f579d-1680-4dd5-8b24-01f078298cef@group-E95DC8E8582E-LeaderElection273] INFO  impl.LeaderElection (LeaderElection.java:logAndReturn(56)) - 687f579d-1680-4dd5-8b24-01f078298cef@group-E95DC8E8582E-LeaderElection273: Election REJECTED; received 2 response(s) [687f579d-1680-4dd5-8b24-01f078298cef<-90ecfa43-dab6-49d9-b30c-40ef62bfdf2a#0:FAIL-t186, 687f579d-1680-4dd5-8b24-01f078298cef<-b8bf4e9b-064a-4520-981c-d6c40c833497#0:FAIL-t186] and 0 exception(s); 687f579d-1680-4dd5-8b24-01f078298cef@group-E95DC8E8582E:t186, leader=null, voted=687f579d-1680-4dd5-8b24-01f078298cef, raftlog=687f579d-1680-4dd5-8b24-01f078298cef@group-E95DC8E8582E-SegmentedRaftLog:OPENED:c-1,f-1,i0, conf=-1: [90ecfa43-dab6-49d9-b30c-40ef62bfdf2a:192.168.157.252:34192, 687f579d-1680-4dd5-8b24-01f078298cef:192.168.157.252:37962, b8bf4e9b-064a-4520-981c-d6c40c833497:192.168.157.252:43407], old=null
2019-11-05 11:28:46,230 [687f579d-1680-4dd5-8b24-01f078298cef@group-E95DC8E8582E-LeaderElection273] INFO  impl.RaftServerImpl (RaftServerImpl.java:setRole(184)) - 687f579d-1680-4dd5-8b24-01f078298cef@group-E95DC8E8582E: changes role from CANDIDATE to FOLLOWER at term 186 for DISCOVERED_A_NEW_TERM
2019-11-05 11:28:46,230 [687f579d-1680-4dd5-8b24-01f078298cef@group-E95DC8E8582E-LeaderElection273] INFO  impl.RoleInfo (RoleInfo.java:shutdownLeaderElection(134)) - 687f579d-1680-4dd5-8b24-01f078298cef: shutdown LeaderElection
2019-11-05 11:28:46,231 [687f579d-1680-4dd5-8b24-01f078298cef@group-E95DC8E8582E-LeaderElection273] INFO  impl.RoleInfo (RoleInfo.java:updateAndGet(143)) - 687f579d-1680-4dd5-8b24-01f078298cef: start FollowerState
2019-11-05 11:28:46,346 [Thread-2410] INFO  impl.FollowerState (FollowerState.java:run(108)) - 687f579d-1680-4dd5-8b24-01f078298cef@group-E95DC8E8582E-FollowerState: change to CANDIDATE, lastRpcTime:115ms, electionTimeout:115ms
2019-11-05 11:28:46,346 [Thread-2410] INFO  impl.RoleInfo (RoleInfo.java:shutdownFollowerState(121)) - 687f579d-1680-4dd5-8b24-01f078298cef: shutdown FollowerState
2019-11-05 11:28:46,346 [Thread-2410] INFO  impl.RaftServerImpl (RaftServerImpl.java:setRole(184)) - 687f579d-1680-4dd5-8b24-01f078298cef@group-E95DC8E8582E: changes role from  FOLLOWER to CANDIDATE at term 186 for changeToCandidate
2019-11-05 11:28:46,346 [Thread-2410] INFO  impl.RoleInfo (RoleInfo.java:updateAndGet(143)) - 687f579d-1680-4dd5-8b24-01f078298cef: start LeaderElection
2019-11-05 11:28:46,360 [687f579d-1680-4dd5-8b24-01f078298cef@group-E95DC8E8582E-LeaderElection274] INFO  impl.LeaderElection (LeaderElection.java:askForVotes(178)) - 687f579d-1680-4dd5-8b24-01f078298cef@group-E95DC8E8582E-LeaderElection274: begin an election at term 187 for -1: [90ecfa43-dab6-49d9-b30c-40ef62bfdf2a:192.168.157.252:34192, 687f579d-1680-4dd5-8b24-01f078298cef:192.168.157.252:37962, b8bf4e9b-064a-4520-981c-d6c40c833497:192.168.157.252:43407], old=null
2019-11-05 11:28:46,362 [grpc-default-executor-4] INFO  impl.RaftServerImpl (RaftServerImpl.java:setRole(184)) - b8bf4e9b-064a-4520-981c-d6c40c833497@group-E95DC8E8582E: changes role from  FOLLOWER to FOLLOWER at term 187 for recognizeCandidate:687f579d-1680-4dd5-8b24-01f078298cef
2019-11-05 11:28:46,362 [grpc-default-executor-4] INFO  impl.RoleInfo (RoleInfo.java:shutdownFollowerState(121)) - b8bf4e9b-064a-4520-981c-d6c40c833497: shutdown FollowerState
2019-11-05 11:28:46,362 [grpc-default-executor-4] INFO  impl.RoleInfo (RoleInfo.java:updateAndGet(143)) - b8bf4e9b-064a-4520-981c-d6c40c833497: start FollowerState
2019-11-05 11:28:46,362 [Thread-2409] INFO  impl.FollowerState (FollowerState.java:run(117)) - b8bf4e9b-064a-4520-981c-d6c40c833497@group-E95DC8E8582E-FollowerState was interrupted: java.lang.InterruptedException: sleep interrupted
2019-11-05 11:28:46,362 [grpc-default-executor-9] INFO  impl.RaftServerImpl (RaftServerImpl.java:setRole(184)) - 90ecfa43-dab6-49d9-b30c-40ef62bfdf2a@group-E95DC8E8582E: changes role from  FOLLOWER to FOLLOWER at term 187 for recognizeCandidate:687f579d-1680-4dd5-8b24-01f078298cef
2019-11-05 11:28:46,362 [grpc-default-executor-9] INFO  impl.RoleInfo (RoleInfo.java:shutdownFollowerState(121)) - 90ecfa43-dab6-49d9-b30c-40ef62bfdf2a: shutdown FollowerState
2019-11-05 11:28:46,362 [grpc-default-executor-9] INFO  impl.RoleInfo (RoleInfo.java:updateAndGet(143)) - 90ecfa43-dab6-49d9-b30c-40ef62bfdf2a: start FollowerState
2019-11-05 11:28:46,363 [Thread-2408] INFO  impl.FollowerState (FollowerState.java:run(117)) - 90ecfa43-dab6-49d9-b30c-40ef62bfdf2a@group-E95DC8E8582E-FollowerState was interrupted: java.lang.InterruptedException: sleep interrupted
2019-11-05 11:28:46,378 [687f579d-1680-4dd5-8b24-01f078298cef@group-E95DC8E8582E-LeaderElection274] INFO  impl.LeaderElection (LeaderElection.java:logAndReturn(56)) - 687f579d-1680-4dd5-8b24-01f078298cef@group-E95DC8E8582E-LeaderElection274: Election REJECTED; received 2 response(s) [687f579d-1680-4dd5-8b24-01f078298cef<-90ecfa43-dab6-49d9-b30c-40ef62bfdf2a#0:FAIL-t187, 687f579d-1680-4dd5-8b24-01f078298cef<-b8bf4e9b-064a-4520-981c-d6c40c833497#0:FAIL-t187] and 0 exception(s); 687f579d-1680-4dd5-8b24-01f078298cef@group-E95DC8E8582E:t187, leader=null, voted=687f579d-1680-4dd5-8b24-01f078298cef, raftlog=687f579d-1680-4dd5-8b24-01f078298cef@group-E95DC8E8582E-SegmentedRaftLog:OPENED:c-1,f-1,i0, conf=-1: [90ecfa43-dab6-49d9-b30c-40ef62bfdf2a:192.168.157.252:34192, 687f579d-1680-4dd5-8b24-01f078298cef:192.168.157.252:37962, b8bf4e9b-064a-4520-981c-d6c40c833497:192.168.157.252:43407], old=null
2019-11-05 11:28:46,378 [687f579d-1680-4dd5-8b24-01f078298cef@group-E95DC8E8582E-LeaderElection274] INFO  impl.RaftServerImpl (RaftServerImpl.java:setRole(184)) - 687f579d-1680-4dd5-8b24-01f078298cef@group-E95DC8E8582E: changes role from CANDIDATE to FOLLOWER at term 187 for DISCOVERED_A_NEW_TERM
2019-11-05 11:28:46,378 [687f579d-1680-4dd5-8b24-01f078298cef@group-E95DC8E8582E-LeaderElection274] INFO  impl.RoleInfo (RoleInfo.java:shutdownLeaderElection(134)) - 687f579d-1680-4dd5-8b24-01f078298cef: shutdown LeaderElection
2019-11-05 11:28:46,378 [687f579d-1680-4dd5-8b24-01f078298cef@group-E95DC8E8582E-LeaderElection274] INFO  impl.RoleInfo (RoleInfo.java:updateAndGet(143)) - 687f579d-1680-4dd5-8b24-01f078298cef: start FollowerState
2019-11-05 11:28:46,441 [Thread-2368] INFO  impl.FollowerState (FollowerState.java:run(108)) - d8b77924-76ff-4932-a9fa-7ec761e4cf6b@group-0CA4D070D5C4-FollowerState: change to CANDIDATE, lastRpcTime:1049ms, electionTimeout:1049ms
2019-11-05 11:28:46,441 [Thread-2368] INFO  impl.RoleInfo (RoleInfo.java:shutdownFollowerState(121)) - d8b77924-76ff-4932-a9fa-7ec761e4cf6b: shutdown FollowerState
2019-11-05 11:28:46,441 [Thread-2368] INFO  impl.RaftServerImpl (RaftServerImpl.java:setRole(184)) - d8b77924-76ff-4932-a9fa-7ec761e4cf6b@group-0CA4D070D5C4: changes role from  FOLLOWER to CANDIDATE at term 9 for changeToCandidate
2019-11-05 11:28:46,441 [Thread-2368] INFO  impl.RoleInfo (RoleInfo.java:updateAndGet(143)) - d8b77924-76ff-4932-a9fa-7ec761e4cf6b: start LeaderElection
2019-11-05 11:28:46,456 [d8b77924-76ff-4932-a9fa-7ec761e4cf6b@group-0CA4D070D5C4-LeaderElection275] INFO  impl.LeaderElection (LeaderElection.java:askForVotes(178)) - d8b77924-76ff-4932-a9fa-7ec761e4cf6b@group-0CA4D070D5C4-LeaderElection275: begin an election at term 10 for 0: [93bc9e78-ae56-4fee-a007-4b156d649157:192.168.157.252:38000, d8b77924-76ff-4932-a9fa-7ec761e4cf6b:192.168.157.252:40377, bd42c95e-cd41-4cbd-85b3-b330cc3c4f94:192.168.157.252:33158], old=null
2019-11-05 11:28:46,469 [Thread-2416] INFO  impl.FollowerState (FollowerState.java:run(108)) - 687f579d-1680-4dd5-8b24-01f078298cef@group-E95DC8E8582E-FollowerState: change to CANDIDATE, lastRpcTime:90ms, electionTimeout:90ms
2019-11-05 11:28:46,469 [Thread-2416] INFO  impl.RoleInfo (RoleInfo.java:shutdownFollowerState(121)) - 687f579d-1680-4dd5-8b24-01f078298cef: shutdown FollowerState
2019-11-05 11:28:46,469 [Thread-2416] INFO  impl.RaftServerImpl (RaftServerImpl.java:setRole(184)) - 687f579d-1680-4dd5-8b24-01f078298cef@group-E95DC8E8582E: changes role from  FOLLOWER to CANDIDATE at term 187 for changeToCandidate
2019-11-05 11:28:46,473 [d8b77924-76ff-4932-a9fa-7ec761e4cf6b@group-0CA4D070D5C4-LeaderElection275] INFO  impl.LeaderElection (LogUtils.java:infoOrTrace(149)) - d8b77924-76ff-4932-a9fa-7ec761e4cf6b@group-0CA4D070D5C4-LeaderElection275 got exception when requesting votes: {}
java.util.concurrent.ExecutionException: org.apache.ratis.thirdparty.io.grpc.StatusRuntimeException: UNAVAILABLE: io exception
	at java.util.concurrent.FutureTask.report(FutureTask.java:122)
	at java.util.concurrent.FutureTask.get(FutureTask.java:192)
	at org.apache.ratis.server.impl.LeaderElection.waitForResults(LeaderElection.java:259)
	at org.apache.ratis.server.impl.LeaderElection.askForVotes(LeaderElection.java:197)
	at org.apache.ratis.server.impl.LeaderElection.run(LeaderElection.java:133)
	at java.lang.Thread.run(Thread.java:748)
Caused by: org.apache.ratis.thirdparty.io.grpc.StatusRuntimeException: UNAVAILABLE: io exception
	at org.apache.ratis.thirdparty.io.grpc.stub.ClientCalls.toStatusRuntimeException(ClientCalls.java:233)
	at org.apache.ratis.thirdparty.io.grpc.stub.ClientCalls.getUnchecked(ClientCalls.java:214)
	at org.apache.ratis.thirdparty.io.grpc.stub.ClientCalls.blockingUnaryCall(ClientCalls.java:139)
	at org.apache.ratis.proto.grpc.RaftServerProtocolServiceGrpc$RaftServerProtocolServiceBlockingStub.requestVote(RaftServerProtocolServiceGrpc.java:265)
	at org.apache.ratis.grpc.server.GrpcServerProtocolClient.requestVote(GrpcServerProtocolClient.java:99)
	at org.apache.ratis.grpc.server.GrpcService.requestVote(GrpcService.java:204)
	at org.apache.ratis.server.impl.LeaderElection.lambda$submitRequests$1(LeaderElection.java:234)
	at java.util.concurrent.FutureTask.run(FutureTask.java:266)
	at java.util.concurrent.Executors$RunnableAdapter.call(Executors.java:511)
	at java.util.concurrent.FutureTask.run(FutureTask.java:266)
	at java.util.concurrent.ThreadPoolExecutor.runWorker(ThreadPoolExecutor.java:1149)
	at java.util.concurrent.ThreadPoolExecutor$Worker.run(ThreadPoolExecutor.java:624)
	... 1 more
Caused by: org.apache.ratis.thirdparty.io.netty.channel.AbstractChannel$AnnotatedConnectException: Connection refused: /192.168.157.252:38000
	at sun.nio.ch.SocketChannelImpl.checkConnect(Native Method)
	at sun.nio.ch.SocketChannelImpl.finishConnect(SocketChannelImpl.java:717)
	at org.apache.ratis.thirdparty.io.netty.channel.socket.nio.NioSocketChannel.doFinishConnect(NioSocketChannel.java:327)
	at org.apache.ratis.thirdparty.io.netty.channel.nio.AbstractNioChannel$AbstractNioUnsafe.finishConnect(AbstractNioChannel.java:340)
	at org.apache.ratis.thirdparty.io.netty.channel.nio.NioEventLoop.processSelectedKey(NioEventLoop.java:632)
	at org.apache.ratis.thirdparty.io.netty.channel.nio.NioEventLoop.processSelectedKeysOptimized(NioEventLoop.java:579)
	at org.apache.ratis.thirdparty.io.netty.channel.nio.NioEventLoop.processSelectedKeys(NioEventLoop.java:496)
	at org.apache.ratis.thirdparty.io.netty.channel.nio.NioEventLoop.run(NioEventLoop.java:458)
	at org.apache.ratis.thirdparty.io.netty.util.concurrent.SingleThreadEventExecutor$5.run(SingleThreadEventExecutor.java:897)
	at org.apache.ratis.thirdparty.io.netty.util.concurrent.FastThreadLocalRunnable.run(FastThreadLocalRunnable.java:30)
	... 1 more
Caused by: java.net.ConnectException: Connection refused
	... 11 more
2019-11-05 11:28:46,524 [d8b77924-76ff-4932-a9fa-7ec761e4cf6b@group-0CA4D070D5C4-LeaderElection275] INFO  impl.LeaderElection (LogUtils.java:infoOrTrace(149)) - d8b77924-76ff-4932-a9fa-7ec761e4cf6b@group-0CA4D070D5C4-LeaderElection275 got exception when requesting votes: {}
java.util.concurrent.ExecutionException: org.apache.ratis.thirdparty.io.grpc.StatusRuntimeException: UNAVAILABLE: io exception
	at java.util.concurrent.FutureTask.report(FutureTask.java:122)
	at java.util.concurrent.FutureTask.get(FutureTask.java:192)
	at org.apache.ratis.server.impl.LeaderElection.waitForResults(LeaderElection.java:259)
	at org.apache.ratis.server.impl.LeaderElection.askForVotes(LeaderElection.java:197)
	at org.apache.ratis.server.impl.LeaderElection.run(LeaderElection.java:133)
	at java.lang.Thread.run(Thread.java:748)
Caused by: org.apache.ratis.thirdparty.io.grpc.StatusRuntimeException: UNAVAILABLE: io exception
	at org.apache.ratis.thirdparty.io.grpc.stub.ClientCalls.toStatusRuntimeException(ClientCalls.java:233)
	at org.apache.ratis.thirdparty.io.grpc.stub.ClientCalls.getUnchecked(ClientCalls.java:214)
	at org.apache.ratis.thirdparty.io.grpc.stub.ClientCalls.blockingUnaryCall(ClientCalls.java:139)
	at org.apache.ratis.proto.grpc.RaftServerProtocolServiceGrpc$RaftServerProtocolServiceBlockingStub.requestVote(RaftServerProtocolServiceGrpc.java:265)
	at org.apache.ratis.grpc.server.GrpcServerProtocolClient.requestVote(GrpcServerProtocolClient.java:99)
	at org.apache.ratis.grpc.server.GrpcService.requestVote(GrpcService.java:204)
	at org.apache.ratis.server.impl.LeaderElection.lambda$submitRequests$1(LeaderElection.java:234)
	at java.util.concurrent.FutureTask.run(FutureTask.java:266)
	at java.util.concurrent.Executors$RunnableAdapter.call(Executors.java:511)
	at java.util.concurrent.FutureTask.run(FutureTask.java:266)
	at java.util.concurrent.ThreadPoolExecutor.runWorker(ThreadPoolExecutor.java:1149)
	at java.util.concurrent.ThreadPoolExecutor$Worker.run(ThreadPoolExecutor.java:624)
	... 1 more
Caused by: org.apache.ratis.thirdparty.io.netty.channel.AbstractChannel$AnnotatedConnectException: Connection refused: /192.168.157.252:33158
	at sun.nio.ch.SocketChannelImpl.checkConnect(Native Method)
	at sun.nio.ch.SocketChannelImpl.finishConnect(SocketChannelImpl.java:717)
	at org.apache.ratis.thirdparty.io.netty.channel.socket.nio.NioSocketChannel.doFinishConnect(NioSocketChannel.java:327)
	at org.apache.ratis.thirdparty.io.netty.channel.nio.AbstractNioChannel$AbstractNioUnsafe.finishConnect(AbstractNioChannel.java:340)
	at org.apache.ratis.thirdparty.io.netty.channel.nio.NioEventLoop.processSelectedKey(NioEventLoop.java:632)
	at org.apache.ratis.thirdparty.io.netty.channel.nio.NioEventLoop.processSelectedKeysOptimized(NioEventLoop.java:579)
	at org.apache.ratis.thirdparty.io.netty.channel.nio.NioEventLoop.processSelectedKeys(NioEventLoop.java:496)
	at org.apache.ratis.thirdparty.io.netty.channel.nio.NioEventLoop.run(NioEventLoop.java:458)
	at org.apache.ratis.thirdparty.io.netty.util.concurrent.SingleThreadEventExecutor$5.run(SingleThreadEventExecutor.java:897)
	at org.apache.ratis.thirdparty.io.netty.util.concurrent.FastThreadLocalRunnable.run(FastThreadLocalRunnable.java:30)
	... 1 more
Caused by: java.net.ConnectException: Connection refused
	... 11 more
2019-11-05 11:28:46,567 [d8b77924-76ff-4932-a9fa-7ec761e4cf6b@group-0CA4D070D5C4-LeaderElection275] INFO  impl.LeaderElection (LeaderElection.java:logAndReturn(56)) - d8b77924-76ff-4932-a9fa-7ec761e4cf6b@group-0CA4D070D5C4-LeaderElection275: Election REJECTED; received 0 response(s) [] and 2 exception(s); d8b77924-76ff-4932-a9fa-7ec761e4cf6b@group-0CA4D070D5C4:t10, leader=null, voted=d8b77924-76ff-4932-a9fa-7ec761e4cf6b, raftlog=d8b77924-76ff-4932-a9fa-7ec761e4cf6b@group-0CA4D070D5C4-SegmentedRaftLog:OPENED:c20,f20,i20, conf=0: [93bc9e78-ae56-4fee-a007-4b156d649157:192.168.157.252:38000, d8b77924-76ff-4932-a9fa-7ec761e4cf6b:192.168.157.252:40377, bd42c95e-cd41-4cbd-85b3-b330cc3c4f94:192.168.157.252:33158], old=null
2019-11-05 11:28:46,567 [d8b77924-76ff-4932-a9fa-7ec761e4cf6b@group-0CA4D070D5C4-LeaderElection275] INFO  impl.LeaderElection (LogUtils.java:infoOrTrace(149)) -   Exception 0: {}
java.util.concurrent.ExecutionException: org.apache.ratis.thirdparty.io.grpc.StatusRuntimeException: UNAVAILABLE: io exception
	at java.util.concurrent.FutureTask.report(FutureTask.java:122)
	at java.util.concurrent.FutureTask.get(FutureTask.java:192)
	at org.apache.ratis.server.impl.LeaderElection.waitForResults(LeaderElection.java:259)
	at org.apache.ratis.server.impl.LeaderElection.askForVotes(LeaderElection.java:197)
	at org.apache.ratis.server.impl.LeaderElection.run(LeaderElection.java:133)
	at java.lang.Thread.run(Thread.java:748)
Caused by: org.apache.ratis.thirdparty.io.grpc.StatusRuntimeException: UNAVAILABLE: io exception
	at org.apache.ratis.thirdparty.io.grpc.stub.ClientCalls.toStatusRuntimeException(ClientCalls.java:233)
	at org.apache.ratis.thirdparty.io.grpc.stub.ClientCalls.getUnchecked(ClientCalls.java:214)
	at org.apache.ratis.thirdparty.io.grpc.stub.ClientCalls.blockingUnaryCall(ClientCalls.java:139)
	at org.apache.ratis.proto.grpc.RaftServerProtocolServiceGrpc$RaftServerProtocolServiceBlockingStub.requestVote(RaftServerProtocolServiceGrpc.java:265)
	at org.apache.ratis.grpc.server.GrpcServerProtocolClient.requestVote(GrpcServerProtocolClient.java:99)
	at org.apache.ratis.grpc.server.GrpcService.requestVote(GrpcService.java:204)
	at org.apache.ratis.server.impl.LeaderElection.lambda$submitRequests$1(LeaderElection.java:234)
	at java.util.concurrent.FutureTask.run(FutureTask.java:266)
	at java.util.concurrent.Executors$RunnableAdapter.call(Executors.java:511)
	at java.util.concurrent.FutureTask.run(FutureTask.java:266)
	at java.util.concurrent.ThreadPoolExecutor.runWorker(ThreadPoolExecutor.java:1149)
	at java.util.concurrent.ThreadPoolExecutor$Worker.run(ThreadPoolExecutor.java:624)
	... 1 more
Caused by: org.apache.ratis.thirdparty.io.netty.channel.AbstractChannel$AnnotatedConnectException: Connection refused: /192.168.157.252:38000
	at sun.nio.ch.SocketChannelImpl.checkConnect(Native Method)
	at sun.nio.ch.SocketChannelImpl.finishConnect(SocketChannelImpl.java:717)
	at org.apache.ratis.thirdparty.io.netty.channel.socket.nio.NioSocketChannel.doFinishConnect(NioSocketChannel.java:327)
	at org.apache.ratis.thirdparty.io.netty.channel.nio.AbstractNioChannel$AbstractNioUnsafe.finishConnect(AbstractNioChannel.java:340)
	at org.apache.ratis.thirdparty.io.netty.channel.nio.NioEventLoop.processSelectedKey(NioEventLoop.java:632)
	at org.apache.ratis.thirdparty.io.netty.channel.nio.NioEventLoop.processSelectedKeysOptimized(NioEventLoop.java:579)
	at org.apache.ratis.thirdparty.io.netty.channel.nio.NioEventLoop.processSelectedKeys(NioEventLoop.java:496)
	at org.apache.ratis.thirdparty.io.netty.channel.nio.NioEventLoop.run(NioEventLoop.java:458)
	at org.apache.ratis.thirdparty.io.netty.util.concurrent.SingleThreadEventExecutor$5.run(SingleThreadEventExecutor.java:897)
	at org.apache.ratis.thirdparty.io.netty.util.concurrent.FastThreadLocalRunnable.run(FastThreadLocalRunnable.java:30)
	... 1 more
Caused by: java.net.ConnectException: Connection refused
	... 11 more
2019-11-05 11:28:46,568 [d8b77924-76ff-4932-a9fa-7ec761e4cf6b@group-0CA4D070D5C4-LeaderElection275] INFO  impl.LeaderElection (LogUtils.java:infoOrTrace(149)) -   Exception 1: {}
java.util.concurrent.ExecutionException: org.apache.ratis.thirdparty.io.grpc.StatusRuntimeException: UNAVAILABLE: io exception
	at java.util.concurrent.FutureTask.report(FutureTask.java:122)
	at java.util.concurrent.FutureTask.get(FutureTask.java:192)
	at org.apache.ratis.server.impl.LeaderElection.waitForResults(LeaderElection.java:259)
	at org.apache.ratis.server.impl.LeaderElection.askForVotes(LeaderElection.java:197)
	at org.apache.ratis.server.impl.LeaderElection.run(LeaderElection.java:133)
	at java.lang.Thread.run(Thread.java:748)
Caused by: org.apache.ratis.thirdparty.io.grpc.StatusRuntimeException: UNAVAILABLE: io exception
	at org.apache.ratis.thirdparty.io.grpc.stub.ClientCalls.toStatusRuntimeException(ClientCalls.java:233)
	at org.apache.ratis.thirdparty.io.grpc.stub.ClientCalls.getUnchecked(ClientCalls.java:214)
	at org.apache.ratis.thirdparty.io.grpc.stub.ClientCalls.blockingUnaryCall(ClientCalls.java:139)
	at org.apache.ratis.proto.grpc.RaftServerProtocolServiceGrpc$RaftServerProtocolServiceBlockingStub.requestVote(RaftServerProtocolServiceGrpc.java:265)
	at org.apache.ratis.grpc.server.GrpcServerProtocolClient.requestVote(GrpcServerProtocolClient.java:99)
	at org.apache.ratis.grpc.server.GrpcService.requestVote(GrpcService.java:204)
	at org.apache.ratis.server.impl.LeaderElection.lambda$submitRequests$1(LeaderElection.java:234)
	at java.util.concurrent.FutureTask.run(FutureTask.java:266)
	at java.util.concurrent.Executors$RunnableAdapter.call(Executors.java:511)
	at java.util.concurrent.FutureTask.run(FutureTask.java:266)
	at java.util.concurrent.ThreadPoolExecutor.runWorker(ThreadPoolExecutor.java:1149)
	at java.util.concurrent.ThreadPoolExecutor$Worker.run(ThreadPoolExecutor.java:624)
	... 1 more
Caused by: org.apache.ratis.thirdparty.io.netty.channel.AbstractChannel$AnnotatedConnectException: Connection refused: /192.168.157.252:33158
	at sun.nio.ch.SocketChannelImpl.checkConnect(Native Method)
	at sun.nio.ch.SocketChannelImpl.finishConnect(SocketChannelImpl.java:717)
	at org.apache.ratis.thirdparty.io.netty.channel.socket.nio.NioSocketChannel.doFinishConnect(NioSocketChannel.java:327)
	at org.apache.ratis.thirdparty.io.netty.channel.nio.AbstractNioChannel$AbstractNioUnsafe.finishConnect(AbstractNioChannel.java:340)
	at org.apache.ratis.thirdparty.io.netty.channel.nio.NioEventLoop.processSelectedKey(NioEventLoop.java:632)
	at org.apache.ratis.thirdparty.io.netty.channel.nio.NioEventLoop.processSelectedKeysOptimized(NioEventLoop.java:579)
	at org.apache.ratis.thirdparty.io.netty.channel.nio.NioEventLoop.processSelectedKeys(NioEventLoop.java:496)
	at org.apache.ratis.thirdparty.io.netty.channel.nio.NioEventLoop.run(NioEventLoop.java:458)
	at org.apache.ratis.thirdparty.io.netty.util.concurrent.SingleThreadEventExecutor$5.run(SingleThreadEventExecutor.java:897)
	at org.apache.ratis.thirdparty.io.netty.util.concurrent.FastThreadLocalRunnable.run(FastThreadLocalRunnable.java:30)
	... 1 more
Caused by: java.net.ConnectException: Connection refused
	... 11 more
2019-11-05 11:28:46,568 [d8b77924-76ff-4932-a9fa-7ec761e4cf6b@group-0CA4D070D5C4-LeaderElection275] INFO  impl.RaftServerImpl (RaftServerImpl.java:setRole(184)) - d8b77924-76ff-4932-a9fa-7ec761e4cf6b@group-0CA4D070D5C4: changes role from CANDIDATE to FOLLOWER at term 10 for DISCOVERED_A_NEW_TERM
2019-11-05 11:28:46,569 [d8b77924-76ff-4932-a9fa-7ec761e4cf6b@group-0CA4D070D5C4-LeaderElection275] INFO  impl.RoleInfo (RoleInfo.java:shutdownLeaderElection(134)) - d8b77924-76ff-4932-a9fa-7ec761e4cf6b: shutdown LeaderElection
2019-11-05 11:28:46,569 [d8b77924-76ff-4932-a9fa-7ec761e4cf6b@group-0CA4D070D5C4-LeaderElection275] INFO  impl.RoleInfo (RoleInfo.java:updateAndGet(143)) - d8b77924-76ff-4932-a9fa-7ec761e4cf6b: start FollowerState
2019-11-05 11:28:46,524 [Thread-2416] INFO  impl.RoleInfo (RoleInfo.java:updateAndGet(143)) - 687f579d-1680-4dd5-8b24-01f078298cef: start LeaderElection
2019-11-05 11:28:46,612 [687f579d-1680-4dd5-8b24-01f078298cef@group-E95DC8E8582E-LeaderElection276] INFO  impl.LeaderElection (LeaderElection.java:askForVotes(178)) - 687f579d-1680-4dd5-8b24-01f078298cef@group-E95DC8E8582E-LeaderElection276: begin an election at term 188 for -1: [90ecfa43-dab6-49d9-b30c-40ef62bfdf2a:192.168.157.252:34192, 687f579d-1680-4dd5-8b24-01f078298cef:192.168.157.252:37962, b8bf4e9b-064a-4520-981c-d6c40c833497:192.168.157.252:43407], old=null
2019-11-05 11:28:46,626 [grpc-default-executor-9] INFO  impl.RaftServerImpl (RaftServerImpl.java:setRole(184)) - 90ecfa43-dab6-49d9-b30c-40ef62bfdf2a@group-E95DC8E8582E: changes role from  FOLLOWER to FOLLOWER at term 188 for recognizeCandidate:687f579d-1680-4dd5-8b24-01f078298cef
2019-11-05 11:28:46,626 [grpc-default-executor-9] INFO  impl.RoleInfo (RoleInfo.java:shutdownFollowerState(121)) - 90ecfa43-dab6-49d9-b30c-40ef62bfdf2a: shutdown FollowerState
2019-11-05 11:28:46,626 [grpc-default-executor-9] INFO  impl.RoleInfo (RoleInfo.java:updateAndGet(143)) - 90ecfa43-dab6-49d9-b30c-40ef62bfdf2a: start FollowerState
2019-11-05 11:28:46,629 [grpc-default-executor-4] INFO  impl.RaftServerImpl (RaftServerImpl.java:setRole(184)) - b8bf4e9b-064a-4520-981c-d6c40c833497@group-E95DC8E8582E: changes role from  FOLLOWER to FOLLOWER at term 188 for recognizeCandidate:687f579d-1680-4dd5-8b24-01f078298cef
2019-11-05 11:28:46,629 [grpc-default-executor-4] INFO  impl.RoleInfo (RoleInfo.java:shutdownFollowerState(121)) - b8bf4e9b-064a-4520-981c-d6c40c833497: shutdown FollowerState
2019-11-05 11:28:46,629 [grpc-default-executor-4] INFO  impl.RoleInfo (RoleInfo.java:updateAndGet(143)) - b8bf4e9b-064a-4520-981c-d6c40c833497: start FollowerState
2019-11-05 11:28:46,626 [Thread-2415] INFO  impl.FollowerState (FollowerState.java:run(117)) - 90ecfa43-dab6-49d9-b30c-40ef62bfdf2a@group-E95DC8E8582E-FollowerState was interrupted: java.lang.InterruptedException: sleep interrupted
2019-11-05 11:28:46,630 [Thread-2414] INFO  impl.FollowerState (FollowerState.java:run(117)) - b8bf4e9b-064a-4520-981c-d6c40c833497@group-E95DC8E8582E-FollowerState was interrupted: java.lang.InterruptedException: sleep interrupted
2019-11-05 11:28:46,657 [687f579d-1680-4dd5-8b24-01f078298cef@group-E95DC8E8582E-LeaderElection276] INFO  impl.LeaderElection (LeaderElection.java:logAndReturn(56)) - 687f579d-1680-4dd5-8b24-01f078298cef@group-E95DC8E8582E-LeaderElection276: Election REJECTED; received 2 response(s) [687f579d-1680-4dd5-8b24-01f078298cef<-90ecfa43-dab6-49d9-b30c-40ef62bfdf2a#0:FAIL-t188, 687f579d-1680-4dd5-8b24-01f078298cef<-b8bf4e9b-064a-4520-981c-d6c40c833497#0:FAIL-t188] and 0 exception(s); 687f579d-1680-4dd5-8b24-01f078298cef@group-E95DC8E8582E:t188, leader=null, voted=687f579d-1680-4dd5-8b24-01f078298cef, raftlog=687f579d-1680-4dd5-8b24-01f078298cef@group-E95DC8E8582E-SegmentedRaftLog:OPENED:c-1,f-1,i0, conf=-1: [90ecfa43-dab6-49d9-b30c-40ef62bfdf2a:192.168.157.252:34192, 687f579d-1680-4dd5-8b24-01f078298cef:192.168.157.252:37962, b8bf4e9b-064a-4520-981c-d6c40c833497:192.168.157.252:43407], old=null
2019-11-05 11:28:46,661 [687f579d-1680-4dd5-8b24-01f078298cef@group-E95DC8E8582E-LeaderElection276] INFO  impl.RaftServerImpl (RaftServerImpl.java:setRole(184)) - 687f579d-1680-4dd5-8b24-01f078298cef@group-E95DC8E8582E: changes role from CANDIDATE to FOLLOWER at term 188 for DISCOVERED_A_NEW_TERM
2019-11-05 11:28:46,661 [687f579d-1680-4dd5-8b24-01f078298cef@group-E95DC8E8582E-LeaderElection276] INFO  impl.RoleInfo (RoleInfo.java:shutdownLeaderElection(134)) - 687f579d-1680-4dd5-8b24-01f078298cef: shutdown LeaderElection
2019-11-05 11:28:46,662 [687f579d-1680-4dd5-8b24-01f078298cef@group-E95DC8E8582E-LeaderElection276] INFO  impl.RoleInfo (RoleInfo.java:updateAndGet(143)) - 687f579d-1680-4dd5-8b24-01f078298cef: start FollowerState
2019-11-05 11:28:46,760 [Thread-2426] INFO  impl.FollowerState (FollowerState.java:run(108)) - 687f579d-1680-4dd5-8b24-01f078298cef@group-E95DC8E8582E-FollowerState: change to CANDIDATE, lastRpcTime:98ms, electionTimeout:80ms
2019-11-05 11:28:46,760 [Thread-2426] INFO  impl.RoleInfo (RoleInfo.java:shutdownFollowerState(121)) - 687f579d-1680-4dd5-8b24-01f078298cef: shutdown FollowerState
2019-11-05 11:28:46,760 [Thread-2426] INFO  impl.RaftServerImpl (RaftServerImpl.java:setRole(184)) - 687f579d-1680-4dd5-8b24-01f078298cef@group-E95DC8E8582E: changes role from  FOLLOWER to CANDIDATE at term 188 for changeToCandidate
2019-11-05 11:28:46,761 [Thread-2426] INFO  impl.RoleInfo (RoleInfo.java:updateAndGet(143)) - 687f579d-1680-4dd5-8b24-01f078298cef: start LeaderElection
2019-11-05 11:28:46,837 [687f579d-1680-4dd5-8b24-01f078298cef@group-E95DC8E8582E-LeaderElection277] INFO  impl.LeaderElection (LeaderElection.java:askForVotes(178)) - 687f579d-1680-4dd5-8b24-01f078298cef@group-E95DC8E8582E-LeaderElection277: begin an election at term 189 for -1: [90ecfa43-dab6-49d9-b30c-40ef62bfdf2a:192.168.157.252:34192, 687f579d-1680-4dd5-8b24-01f078298cef:192.168.157.252:37962, b8bf4e9b-064a-4520-981c-d6c40c833497:192.168.157.252:43407], old=null
2019-11-05 11:28:46,842 [grpc-default-executor-9] INFO  impl.RaftServerImpl (RaftServerImpl.java:setRole(184)) - 90ecfa43-dab6-49d9-b30c-40ef62bfdf2a@group-E95DC8E8582E: changes role from  FOLLOWER to FOLLOWER at term 189 for recognizeCandidate:687f579d-1680-4dd5-8b24-01f078298cef
2019-11-05 11:28:46,842 [grpc-default-executor-9] INFO  impl.RoleInfo (RoleInfo.java:shutdownFollowerState(121)) - 90ecfa43-dab6-49d9-b30c-40ef62bfdf2a: shutdown FollowerState
2019-11-05 11:28:46,842 [grpc-default-executor-9] INFO  impl.RoleInfo (RoleInfo.java:updateAndGet(143)) - 90ecfa43-dab6-49d9-b30c-40ef62bfdf2a: start FollowerState
2019-11-05 11:28:46,843 [Thread-2424] INFO  impl.FollowerState (FollowerState.java:run(117)) - 90ecfa43-dab6-49d9-b30c-40ef62bfdf2a@group-E95DC8E8582E-FollowerState was interrupted: java.lang.InterruptedException: sleep interrupted
2019-11-05 11:28:46,844 [grpc-default-executor-4] INFO  impl.RaftServerImpl (RaftServerImpl.java:setRole(184)) - b8bf4e9b-064a-4520-981c-d6c40c833497@group-E95DC8E8582E: changes role from  FOLLOWER to FOLLOWER at term 189 for recognizeCandidate:687f579d-1680-4dd5-8b24-01f078298cef
2019-11-05 11:28:46,844 [grpc-default-executor-4] INFO  impl.RoleInfo (RoleInfo.java:shutdownFollowerState(121)) - b8bf4e9b-064a-4520-981c-d6c40c833497: shutdown FollowerState
2019-11-05 11:28:46,844 [grpc-default-executor-4] INFO  impl.RoleInfo (RoleInfo.java:updateAndGet(143)) - b8bf4e9b-064a-4520-981c-d6c40c833497: start FollowerState
2019-11-05 11:28:46,844 [Thread-2425] INFO  impl.FollowerState (FollowerState.java:run(117)) - b8bf4e9b-064a-4520-981c-d6c40c833497@group-E95DC8E8582E-FollowerState was interrupted: java.lang.InterruptedException: sleep interrupted
2019-11-05 11:28:46,865 [687f579d-1680-4dd5-8b24-01f078298cef@group-E95DC8E8582E-LeaderElection277] INFO  impl.LeaderElection (LeaderElection.java:logAndReturn(56)) - 687f579d-1680-4dd5-8b24-01f078298cef@group-E95DC8E8582E-LeaderElection277: Election REJECTED; received 2 response(s) [687f579d-1680-4dd5-8b24-01f078298cef<-90ecfa43-dab6-49d9-b30c-40ef62bfdf2a#0:FAIL-t189, 687f579d-1680-4dd5-8b24-01f078298cef<-b8bf4e9b-064a-4520-981c-d6c40c833497#0:FAIL-t189] and 0 exception(s); 687f579d-1680-4dd5-8b24-01f078298cef@group-E95DC8E8582E:t189, leader=null, voted=687f579d-1680-4dd5-8b24-01f078298cef, raftlog=687f579d-1680-4dd5-8b24-01f078298cef@group-E95DC8E8582E-SegmentedRaftLog:OPENED:c-1,f-1,i0, conf=-1: [90ecfa43-dab6-49d9-b30c-40ef62bfdf2a:192.168.157.252:34192, 687f579d-1680-4dd5-8b24-01f078298cef:192.168.157.252:37962, b8bf4e9b-064a-4520-981c-d6c40c833497:192.168.157.252:43407], old=null
2019-11-05 11:28:46,865 [687f579d-1680-4dd5-8b24-01f078298cef@group-E95DC8E8582E-LeaderElection277] INFO  impl.RaftServerImpl (RaftServerImpl.java:setRole(184)) - 687f579d-1680-4dd5-8b24-01f078298cef@group-E95DC8E8582E: changes role from CANDIDATE to FOLLOWER at term 189 for DISCOVERED_A_NEW_TERM
2019-11-05 11:28:46,866 [687f579d-1680-4dd5-8b24-01f078298cef@group-E95DC8E8582E-LeaderElection277] INFO  impl.RoleInfo (RoleInfo.java:shutdownLeaderElection(134)) - 687f579d-1680-4dd5-8b24-01f078298cef: shutdown LeaderElection
2019-11-05 11:28:46,866 [687f579d-1680-4dd5-8b24-01f078298cef@group-E95DC8E8582E-LeaderElection277] INFO  impl.RoleInfo (RoleInfo.java:updateAndGet(143)) - 687f579d-1680-4dd5-8b24-01f078298cef: start FollowerState
2019-11-05 11:28:47,066 [Thread-2432] INFO  impl.FollowerState (FollowerState.java:run(108)) - 687f579d-1680-4dd5-8b24-01f078298cef@group-E95DC8E8582E-FollowerState: change to CANDIDATE, lastRpcTime:200ms, electionTimeout:200ms
2019-11-05 11:28:47,067 [Thread-2432] INFO  impl.RoleInfo (RoleInfo.java:shutdownFollowerState(121)) - 687f579d-1680-4dd5-8b24-01f078298cef: shutdown FollowerState
2019-11-05 11:28:47,067 [Thread-2432] INFO  impl.RaftServerImpl (RaftServerImpl.java:setRole(184)) - 687f579d-1680-4dd5-8b24-01f078298cef@group-E95DC8E8582E: changes role from  FOLLOWER to CANDIDATE at term 189 for changeToCandidate
2019-11-05 11:28:47,067 [Thread-2432] INFO  impl.RoleInfo (RoleInfo.java:updateAndGet(143)) - 687f579d-1680-4dd5-8b24-01f078298cef: start LeaderElection
2019-11-05 11:28:47,092 [687f579d-1680-4dd5-8b24-01f078298cef@group-E95DC8E8582E-LeaderElection278] INFO  impl.LeaderElection (LeaderElection.java:askForVotes(178)) - 687f579d-1680-4dd5-8b24-01f078298cef@group-E95DC8E8582E-LeaderElection278: begin an election at term 190 for -1: [90ecfa43-dab6-49d9-b30c-40ef62bfdf2a:192.168.157.252:34192, 687f579d-1680-4dd5-8b24-01f078298cef:192.168.157.252:37962, b8bf4e9b-064a-4520-981c-d6c40c833497:192.168.157.252:43407], old=null
2019-11-05 11:28:47,095 [grpc-default-executor-4] INFO  impl.RaftServerImpl (RaftServerImpl.java:setRole(184)) - b8bf4e9b-064a-4520-981c-d6c40c833497@group-E95DC8E8582E: changes role from  FOLLOWER to FOLLOWER at term 190 for recognizeCandidate:687f579d-1680-4dd5-8b24-01f078298cef
2019-11-05 11:28:47,095 [grpc-default-executor-4] INFO  impl.RoleInfo (RoleInfo.java:shutdownFollowerState(121)) - b8bf4e9b-064a-4520-981c-d6c40c833497: shutdown FollowerState
2019-11-05 11:28:47,096 [grpc-default-executor-4] INFO  impl.RoleInfo (RoleInfo.java:updateAndGet(143)) - b8bf4e9b-064a-4520-981c-d6c40c833497: start FollowerState
2019-11-05 11:28:47,096 [grpc-default-executor-9] INFO  impl.RaftServerImpl (RaftServerImpl.java:setRole(184)) - 90ecfa43-dab6-49d9-b30c-40ef62bfdf2a@group-E95DC8E8582E: changes role from  FOLLOWER to FOLLOWER at term 190 for recognizeCandidate:687f579d-1680-4dd5-8b24-01f078298cef
2019-11-05 11:28:47,096 [grpc-default-executor-9] INFO  impl.RoleInfo (RoleInfo.java:shutdownFollowerState(121)) - 90ecfa43-dab6-49d9-b30c-40ef62bfdf2a: shutdown FollowerState
2019-11-05 11:28:47,097 [grpc-default-executor-9] INFO  impl.RoleInfo (RoleInfo.java:updateAndGet(143)) - 90ecfa43-dab6-49d9-b30c-40ef62bfdf2a: start FollowerState
2019-11-05 11:28:47,097 [Thread-2431] INFO  impl.FollowerState (FollowerState.java:run(117)) - b8bf4e9b-064a-4520-981c-d6c40c833497@group-E95DC8E8582E-FollowerState was interrupted: java.lang.InterruptedException: sleep interrupted
2019-11-05 11:28:47,097 [Thread-2430] INFO  impl.FollowerState (FollowerState.java:run(117)) - 90ecfa43-dab6-49d9-b30c-40ef62bfdf2a@group-E95DC8E8582E-FollowerState was interrupted: java.lang.InterruptedException: sleep interrupted
2019-11-05 11:28:47,111 [687f579d-1680-4dd5-8b24-01f078298cef@group-E95DC8E8582E-LeaderElection278] INFO  impl.LeaderElection (LeaderElection.java:logAndReturn(56)) - 687f579d-1680-4dd5-8b24-01f078298cef@group-E95DC8E8582E-LeaderElection278: Election REJECTED; received 2 response(s) [687f579d-1680-4dd5-8b24-01f078298cef<-90ecfa43-dab6-49d9-b30c-40ef62bfdf2a#0:FAIL-t190, 687f579d-1680-4dd5-8b24-01f078298cef<-b8bf4e9b-064a-4520-981c-d6c40c833497#0:FAIL-t190] and 0 exception(s); 687f579d-1680-4dd5-8b24-01f078298cef@group-E95DC8E8582E:t190, leader=null, voted=687f579d-1680-4dd5-8b24-01f078298cef, raftlog=687f579d-1680-4dd5-8b24-01f078298cef@group-E95DC8E8582E-SegmentedRaftLog:OPENED:c-1,f-1,i0, conf=-1: [90ecfa43-dab6-49d9-b30c-40ef62bfdf2a:192.168.157.252:34192, 687f579d-1680-4dd5-8b24-01f078298cef:192.168.157.252:37962, b8bf4e9b-064a-4520-981c-d6c40c833497:192.168.157.252:43407], old=null
2019-11-05 11:28:47,112 [687f579d-1680-4dd5-8b24-01f078298cef@group-E95DC8E8582E-LeaderElection278] INFO  impl.RaftServerImpl (RaftServerImpl.java:setRole(184)) - 687f579d-1680-4dd5-8b24-01f078298cef@group-E95DC8E8582E: changes role from CANDIDATE to FOLLOWER at term 190 for DISCOVERED_A_NEW_TERM
2019-11-05 11:28:47,112 [687f579d-1680-4dd5-8b24-01f078298cef@group-E95DC8E8582E-LeaderElection278] INFO  impl.RoleInfo (RoleInfo.java:shutdownLeaderElection(134)) - 687f579d-1680-4dd5-8b24-01f078298cef: shutdown LeaderElection
2019-11-05 11:28:47,112 [687f579d-1680-4dd5-8b24-01f078298cef@group-E95DC8E8582E-LeaderElection278] INFO  impl.RoleInfo (RoleInfo.java:updateAndGet(143)) - 687f579d-1680-4dd5-8b24-01f078298cef: start FollowerState
2019-11-05 11:28:47,294 [Thread-2438] INFO  impl.FollowerState (FollowerState.java:run(108)) - 687f579d-1680-4dd5-8b24-01f078298cef@group-E95DC8E8582E-FollowerState: change to CANDIDATE, lastRpcTime:181ms, electionTimeout:181ms
2019-11-05 11:28:47,294 [Thread-2438] INFO  impl.RoleInfo (RoleInfo.java:shutdownFollowerState(121)) - 687f579d-1680-4dd5-8b24-01f078298cef: shutdown FollowerState
2019-11-05 11:28:47,295 [Thread-2438] INFO  impl.RaftServerImpl (RaftServerImpl.java:setRole(184)) - 687f579d-1680-4dd5-8b24-01f078298cef@group-E95DC8E8582E: changes role from  FOLLOWER to CANDIDATE at term 190 for changeToCandidate
2019-11-05 11:28:47,295 [Thread-2438] INFO  impl.RoleInfo (RoleInfo.java:updateAndGet(143)) - 687f579d-1680-4dd5-8b24-01f078298cef: start LeaderElection
2019-11-05 11:28:47,304 [687f579d-1680-4dd5-8b24-01f078298cef@group-E95DC8E8582E-LeaderElection279] INFO  impl.LeaderElection (LeaderElection.java:askForVotes(178)) - 687f579d-1680-4dd5-8b24-01f078298cef@group-E95DC8E8582E-LeaderElection279: begin an election at term 191 for -1: [90ecfa43-dab6-49d9-b30c-40ef62bfdf2a:192.168.157.252:34192, 687f579d-1680-4dd5-8b24-01f078298cef:192.168.157.252:37962, b8bf4e9b-064a-4520-981c-d6c40c833497:192.168.157.252:43407], old=null
2019-11-05 11:28:47,307 [grpc-default-executor-4] INFO  impl.RaftServerImpl (RaftServerImpl.java:setRole(184)) - b8bf4e9b-064a-4520-981c-d6c40c833497@group-E95DC8E8582E: changes role from  FOLLOWER to FOLLOWER at term 191 for recognizeCandidate:687f579d-1680-4dd5-8b24-01f078298cef
2019-11-05 11:28:47,307 [grpc-default-executor-4] INFO  impl.RoleInfo (RoleInfo.java:shutdownFollowerState(121)) - b8bf4e9b-064a-4520-981c-d6c40c833497: shutdown FollowerState
2019-11-05 11:28:47,307 [grpc-default-executor-9] INFO  impl.RaftServerImpl (RaftServerImpl.java:setRole(184)) - 90ecfa43-dab6-49d9-b30c-40ef62bfdf2a@group-E95DC8E8582E: changes role from  FOLLOWER to FOLLOWER at term 191 for recognizeCandidate:687f579d-1680-4dd5-8b24-01f078298cef
2019-11-05 11:28:47,307 [grpc-default-executor-4] INFO  impl.RoleInfo (RoleInfo.java:updateAndGet(143)) - b8bf4e9b-064a-4520-981c-d6c40c833497: start FollowerState
2019-11-05 11:28:47,307 [grpc-default-executor-9] INFO  impl.RoleInfo (RoleInfo.java:shutdownFollowerState(121)) - 90ecfa43-dab6-49d9-b30c-40ef62bfdf2a: shutdown FollowerState
2019-11-05 11:28:47,308 [Thread-2436] INFO  impl.FollowerState (FollowerState.java:run(117)) - b8bf4e9b-064a-4520-981c-d6c40c833497@group-E95DC8E8582E-FollowerState was interrupted: java.lang.InterruptedException: sleep interrupted
2019-11-05 11:28:47,311 [grpc-default-executor-9] INFO  impl.RoleInfo (RoleInfo.java:updateAndGet(143)) - 90ecfa43-dab6-49d9-b30c-40ef62bfdf2a: start FollowerState
2019-11-05 11:28:47,311 [Thread-2437] INFO  impl.FollowerState (FollowerState.java:run(117)) - 90ecfa43-dab6-49d9-b30c-40ef62bfdf2a@group-E95DC8E8582E-FollowerState was interrupted: java.lang.InterruptedException: sleep interrupted
2019-11-05 11:28:47,323 [687f579d-1680-4dd5-8b24-01f078298cef@group-E95DC8E8582E-LeaderElection279] INFO  impl.LeaderElection (LeaderElection.java:logAndReturn(56)) - 687f579d-1680-4dd5-8b24-01f078298cef@group-E95DC8E8582E-LeaderElection279: Election TIMEOUT; received 0 response(s) [] and 0 exception(s); 687f579d-1680-4dd5-8b24-01f078298cef@group-E95DC8E8582E:t191, leader=null, voted=687f579d-1680-4dd5-8b24-01f078298cef, raftlog=687f579d-1680-4dd5-8b24-01f078298cef@group-E95DC8E8582E-SegmentedRaftLog:OPENED:c-1,f-1,i0, conf=-1: [90ecfa43-dab6-49d9-b30c-40ef62bfdf2a:192.168.157.252:34192, 687f579d-1680-4dd5-8b24-01f078298cef:192.168.157.252:37962, b8bf4e9b-064a-4520-981c-d6c40c833497:192.168.157.252:43407], old=null
2019-11-05 11:28:47,328 [687f579d-1680-4dd5-8b24-01f078298cef@group-E95DC8E8582E-LeaderElection279] INFO  impl.LeaderElection (LeaderElection.java:askForVotes(178)) - 687f579d-1680-4dd5-8b24-01f078298cef@group-E95DC8E8582E-LeaderElection279: begin an election at term 192 for -1: [90ecfa43-dab6-49d9-b30c-40ef62bfdf2a:192.168.157.252:34192, 687f579d-1680-4dd5-8b24-01f078298cef:192.168.157.252:37962, b8bf4e9b-064a-4520-981c-d6c40c833497:192.168.157.252:43407], old=null
2019-11-05 11:28:47,333 [grpc-default-executor-4] INFO  impl.RaftServerImpl (RaftServerImpl.java:setRole(184)) - 90ecfa43-dab6-49d9-b30c-40ef62bfdf2a@group-E95DC8E8582E: changes role from  FOLLOWER to FOLLOWER at term 192 for recognizeCandidate:687f579d-1680-4dd5-8b24-01f078298cef
2019-11-05 11:28:47,334 [grpc-default-executor-4] INFO  impl.RoleInfo (RoleInfo.java:shutdownFollowerState(121)) - 90ecfa43-dab6-49d9-b30c-40ef62bfdf2a: shutdown FollowerState
2019-11-05 11:28:47,334 [grpc-default-executor-4] INFO  impl.RoleInfo (RoleInfo.java:updateAndGet(143)) - 90ecfa43-dab6-49d9-b30c-40ef62bfdf2a: start FollowerState
2019-11-05 11:28:47,334 [Thread-2443] INFO  impl.FollowerState (FollowerState.java:run(117)) - 90ecfa43-dab6-49d9-b30c-40ef62bfdf2a@group-E95DC8E8582E-FollowerState was interrupted: java.lang.InterruptedException: sleep interrupted
2019-11-05 11:28:47,335 [grpc-default-executor-9] INFO  impl.RaftServerImpl (RaftServerImpl.java:setRole(184)) - b8bf4e9b-064a-4520-981c-d6c40c833497@group-E95DC8E8582E: changes role from  FOLLOWER to FOLLOWER at term 192 for recognizeCandidate:687f579d-1680-4dd5-8b24-01f078298cef
2019-11-05 11:28:47,335 [grpc-default-executor-9] INFO  impl.RoleInfo (RoleInfo.java:shutdownFollowerState(121)) - b8bf4e9b-064a-4520-981c-d6c40c833497: shutdown FollowerState
2019-11-05 11:28:47,336 [grpc-default-executor-9] INFO  impl.RoleInfo (RoleInfo.java:updateAndGet(143)) - b8bf4e9b-064a-4520-981c-d6c40c833497: start FollowerState
2019-11-05 11:28:47,336 [Thread-2442] INFO  impl.FollowerState (FollowerState.java:run(117)) - b8bf4e9b-064a-4520-981c-d6c40c833497@group-E95DC8E8582E-FollowerState was interrupted: java.lang.InterruptedException: sleep interrupted
2019-11-05 11:28:47,346 [687f579d-1680-4dd5-8b24-01f078298cef@group-E95DC8E8582E-LeaderElection279] INFO  impl.LeaderElection (LeaderElection.java:logAndReturn(56)) - 687f579d-1680-4dd5-8b24-01f078298cef@group-E95DC8E8582E-LeaderElection279: Election TIMEOUT; received 0 response(s) [] and 0 exception(s); 687f579d-1680-4dd5-8b24-01f078298cef@group-E95DC8E8582E:t192, leader=null, voted=687f579d-1680-4dd5-8b24-01f078298cef, raftlog=687f579d-1680-4dd5-8b24-01f078298cef@group-E95DC8E8582E-SegmentedRaftLog:OPENED:c-1,f-1,i0, conf=-1: [90ecfa43-dab6-49d9-b30c-40ef62bfdf2a:192.168.157.252:34192, 687f579d-1680-4dd5-8b24-01f078298cef:192.168.157.252:37962, b8bf4e9b-064a-4520-981c-d6c40c833497:192.168.157.252:43407], old=null
2019-11-05 11:28:47,348 [Thread-2405] INFO  impl.FollowerState (FollowerState.java:run(108)) - 1eca16cc-5184-4e43-8e55-175d1516eae4@group-21C72E9484D5-FollowerState: change to CANDIDATE, lastRpcTime:1143ms, electionTimeout:1143ms
2019-11-05 11:28:47,349 [Thread-2405] INFO  impl.RoleInfo (RoleInfo.java:shutdownFollowerState(121)) - 1eca16cc-5184-4e43-8e55-175d1516eae4: shutdown FollowerState
2019-11-05 11:28:47,349 [Thread-2405] INFO  impl.RaftServerImpl (RaftServerImpl.java:setRole(184)) - 1eca16cc-5184-4e43-8e55-175d1516eae4@group-21C72E9484D5: changes role from  FOLLOWER to CANDIDATE at term 145 for changeToCandidate
2019-11-05 11:28:47,349 [Thread-2405] INFO  impl.RoleInfo (RoleInfo.java:updateAndGet(143)) - 1eca16cc-5184-4e43-8e55-175d1516eae4: start LeaderElection
2019-11-05 11:28:47,372 [687f579d-1680-4dd5-8b24-01f078298cef@group-E95DC8E8582E-LeaderElection279] INFO  impl.LeaderElection (LeaderElection.java:askForVotes(178)) - 687f579d-1680-4dd5-8b24-01f078298cef@group-E95DC8E8582E-LeaderElection279: begin an election at term 193 for -1: [90ecfa43-dab6-49d9-b30c-40ef62bfdf2a:192.168.157.252:34192, 687f579d-1680-4dd5-8b24-01f078298cef:192.168.157.252:37962, b8bf4e9b-064a-4520-981c-d6c40c833497:192.168.157.252:43407], old=null
2019-11-05 11:28:47,373 [1eca16cc-5184-4e43-8e55-175d1516eae4@group-21C72E9484D5-LeaderElection280] INFO  impl.LeaderElection (LeaderElection.java:askForVotes(178)) - 1eca16cc-5184-4e43-8e55-175d1516eae4@group-21C72E9484D5-LeaderElection280: begin an election at term 146 for 0: [f7e9932d-fd96-469a-9353-68e47138e5ff:192.168.157.252:45025, 1eca16cc-5184-4e43-8e55-175d1516eae4:192.168.157.252:41127, 74a8fb36-eab9-4c53-b7cf-c565055de05a:192.168.157.252:42370], old=null
2019-11-05 11:28:47,374 [grpc-default-executor-9] INFO  impl.RaftServerImpl (RaftServerImpl.java:setRole(184)) - b8bf4e9b-064a-4520-981c-d6c40c833497@group-E95DC8E8582E: changes role from  FOLLOWER to FOLLOWER at term 193 for recognizeCandidate:687f579d-1680-4dd5-8b24-01f078298cef
2019-11-05 11:28:47,374 [grpc-default-executor-9] INFO  impl.RoleInfo (RoleInfo.java:shutdownFollowerState(121)) - b8bf4e9b-064a-4520-981c-d6c40c833497: shutdown FollowerState
2019-11-05 11:28:47,374 [grpc-default-executor-9] INFO  impl.RoleInfo (RoleInfo.java:updateAndGet(143)) - b8bf4e9b-064a-4520-981c-d6c40c833497: start FollowerState
2019-11-05 11:28:47,375 [Thread-2447] INFO  impl.FollowerState (FollowerState.java:run(117)) - b8bf4e9b-064a-4520-981c-d6c40c833497@group-E95DC8E8582E-FollowerState was interrupted: java.lang.InterruptedException: sleep interrupted
2019-11-05 11:28:47,375 [grpc-default-executor-4] INFO  impl.RaftServerImpl (RaftServerImpl.java:setRole(184)) - 90ecfa43-dab6-49d9-b30c-40ef62bfdf2a@group-E95DC8E8582E: changes role from  FOLLOWER to FOLLOWER at term 193 for recognizeCandidate:687f579d-1680-4dd5-8b24-01f078298cef
2019-11-05 11:28:47,375 [grpc-default-executor-4] INFO  impl.RoleInfo (RoleInfo.java:shutdownFollowerState(121)) - 90ecfa43-dab6-49d9-b30c-40ef62bfdf2a: shutdown FollowerState
2019-11-05 11:28:47,376 [grpc-default-executor-4] INFO  impl.RoleInfo (RoleInfo.java:updateAndGet(143)) - 90ecfa43-dab6-49d9-b30c-40ef62bfdf2a: start FollowerState
2019-11-05 11:28:47,376 [1eca16cc-5184-4e43-8e55-175d1516eae4@group-21C72E9484D5-LeaderElection280] INFO  impl.LeaderElection (LogUtils.java:infoOrTrace(149)) - 1eca16cc-5184-4e43-8e55-175d1516eae4@group-21C72E9484D5-LeaderElection280 got exception when requesting votes: {}
java.util.concurrent.ExecutionException: org.apache.ratis.thirdparty.io.grpc.StatusRuntimeException: UNAVAILABLE: io exception
	at java.util.concurrent.FutureTask.report(FutureTask.java:122)
	at java.util.concurrent.FutureTask.get(FutureTask.java:192)
	at org.apache.ratis.server.impl.LeaderElection.waitForResults(LeaderElection.java:259)
	at org.apache.ratis.server.impl.LeaderElection.askForVotes(LeaderElection.java:197)
	at org.apache.ratis.server.impl.LeaderElection.run(LeaderElection.java:133)
	at java.lang.Thread.run(Thread.java:748)
Caused by: org.apache.ratis.thirdparty.io.grpc.StatusRuntimeException: UNAVAILABLE: io exception
	at org.apache.ratis.thirdparty.io.grpc.stub.ClientCalls.toStatusRuntimeException(ClientCalls.java:233)
	at org.apache.ratis.thirdparty.io.grpc.stub.ClientCalls.getUnchecked(ClientCalls.java:214)
	at org.apache.ratis.thirdparty.io.grpc.stub.ClientCalls.blockingUnaryCall(ClientCalls.java:139)
	at org.apache.ratis.proto.grpc.RaftServerProtocolServiceGrpc$RaftServerProtocolServiceBlockingStub.requestVote(RaftServerProtocolServiceGrpc.java:265)
	at org.apache.ratis.grpc.server.GrpcServerProtocolClient.requestVote(GrpcServerProtocolClient.java:99)
	at org.apache.ratis.grpc.server.GrpcService.requestVote(GrpcService.java:204)
	at org.apache.ratis.server.impl.LeaderElection.lambda$submitRequests$1(LeaderElection.java:234)
	at java.util.concurrent.FutureTask.run(FutureTask.java:266)
	at java.util.concurrent.Executors$RunnableAdapter.call(Executors.java:511)
	at java.util.concurrent.FutureTask.run(FutureTask.java:266)
	at java.util.concurrent.ThreadPoolExecutor.runWorker(ThreadPoolExecutor.java:1149)
	at java.util.concurrent.ThreadPoolExecutor$Worker.run(ThreadPoolExecutor.java:624)
	... 1 more
Caused by: org.apache.ratis.thirdparty.io.netty.channel.AbstractChannel$AnnotatedConnectException: Connection refused: /192.168.157.252:45025
	at sun.nio.ch.SocketChannelImpl.checkConnect(Native Method)
	at sun.nio.ch.SocketChannelImpl.finishConnect(SocketChannelImpl.java:717)
	at org.apache.ratis.thirdparty.io.netty.channel.socket.nio.NioSocketChannel.doFinishConnect(NioSocketChannel.java:327)
	at org.apache.ratis.thirdparty.io.netty.channel.nio.AbstractNioChannel$AbstractNioUnsafe.finishConnect(AbstractNioChannel.java:340)
	at org.apache.ratis.thirdparty.io.netty.channel.nio.NioEventLoop.processSelectedKey(NioEventLoop.java:632)
	at org.apache.ratis.thirdparty.io.netty.channel.nio.NioEventLoop.processSelectedKeysOptimized(NioEventLoop.java:579)
	at org.apache.ratis.thirdparty.io.netty.channel.nio.NioEventLoop.processSelectedKeys(NioEventLoop.java:496)
	at org.apache.ratis.thirdparty.io.netty.channel.nio.NioEventLoop.run(NioEventLoop.java:458)
	at org.apache.ratis.thirdparty.io.netty.util.concurrent.SingleThreadEventExecutor$5.run(SingleThreadEventExecutor.java:897)
	at org.apache.ratis.thirdparty.io.netty.util.concurrent.FastThreadLocalRunnable.run(FastThreadLocalRunnable.java:30)
	... 1 more
Caused by: java.net.ConnectException: Connection refused
	... 11 more
2019-11-05 11:28:47,379 [1eca16cc-5184-4e43-8e55-175d1516eae4@group-21C72E9484D5-LeaderElection280] INFO  impl.LeaderElection (LogUtils.java:infoOrTrace(149)) - 1eca16cc-5184-4e43-8e55-175d1516eae4@group-21C72E9484D5-LeaderElection280 got exception when requesting votes: {}
java.util.concurrent.ExecutionException: org.apache.ratis.thirdparty.io.grpc.StatusRuntimeException: UNAVAILABLE: io exception
	at java.util.concurrent.FutureTask.report(FutureTask.java:122)
	at java.util.concurrent.FutureTask.get(FutureTask.java:192)
	at org.apache.ratis.server.impl.LeaderElection.waitForResults(LeaderElection.java:259)
	at org.apache.ratis.server.impl.LeaderElection.askForVotes(LeaderElection.java:197)
	at org.apache.ratis.server.impl.LeaderElection.run(LeaderElection.java:133)
	at java.lang.Thread.run(Thread.java:748)
Caused by: org.apache.ratis.thirdparty.io.grpc.StatusRuntimeException: UNAVAILABLE: io exception
	at org.apache.ratis.thirdparty.io.grpc.stub.ClientCalls.toStatusRuntimeException(ClientCalls.java:233)
	at org.apache.ratis.thirdparty.io.grpc.stub.ClientCalls.getUnchecked(ClientCalls.java:214)
	at org.apache.ratis.thirdparty.io.grpc.stub.ClientCalls.blockingUnaryCall(ClientCalls.java:139)
	at org.apache.ratis.proto.grpc.RaftServerProtocolServiceGrpc$RaftServerProtocolServiceBlockingStub.requestVote(RaftServerProtocolServiceGrpc.java:265)
	at org.apache.ratis.grpc.server.GrpcServerProtocolClient.requestVote(GrpcServerProtocolClient.java:99)
	at org.apache.ratis.grpc.server.GrpcService.requestVote(GrpcService.java:204)
	at org.apache.ratis.server.impl.LeaderElection.lambda$submitRequests$1(LeaderElection.java:234)
	at java.util.concurrent.FutureTask.run(FutureTask.java:266)
	at java.util.concurrent.Executors$RunnableAdapter.call(Executors.java:511)
	at java.util.concurrent.FutureTask.run(FutureTask.java:266)
	at java.util.concurrent.ThreadPoolExecutor.runWorker(ThreadPoolExecutor.java:1149)
	at java.util.concurrent.ThreadPoolExecutor$Worker.run(ThreadPoolExecutor.java:624)
	... 1 more
Caused by: org.apache.ratis.thirdparty.io.netty.channel.AbstractChannel$AnnotatedConnectException: Connection refused: /192.168.157.252:42370
	at sun.nio.ch.SocketChannelImpl.checkConnect(Native Method)
	at sun.nio.ch.SocketChannelImpl.finishConnect(SocketChannelImpl.java:717)
	at org.apache.ratis.thirdparty.io.netty.channel.socket.nio.NioSocketChannel.doFinishConnect(NioSocketChannel.java:327)
	at org.apache.ratis.thirdparty.io.netty.channel.nio.AbstractNioChannel$AbstractNioUnsafe.finishConnect(AbstractNioChannel.java:340)
	at org.apache.ratis.thirdparty.io.netty.channel.nio.NioEventLoop.processSelectedKey(NioEventLoop.java:632)
	at org.apache.ratis.thirdparty.io.netty.channel.nio.NioEventLoop.processSelectedKeysOptimized(NioEventLoop.java:579)
	at org.apache.ratis.thirdparty.io.netty.channel.nio.NioEventLoop.processSelectedKeys(NioEventLoop.java:496)
	at org.apache.ratis.thirdparty.io.netty.channel.nio.NioEventLoop.run(NioEventLoop.java:458)
	at org.apache.ratis.thirdparty.io.netty.util.concurrent.SingleThreadEventExecutor$5.run(SingleThreadEventExecutor.java:897)
	at org.apache.ratis.thirdparty.io.netty.util.concurrent.FastThreadLocalRunnable.run(FastThreadLocalRunnable.java:30)
	... 1 more
Caused by: java.net.ConnectException: Connection refused
	... 11 more
2019-11-05 11:28:47,376 [Thread-2446] INFO  impl.FollowerState (FollowerState.java:run(117)) - 90ecfa43-dab6-49d9-b30c-40ef62bfdf2a@group-E95DC8E8582E-FollowerState was interrupted: java.lang.InterruptedException: sleep interrupted
2019-11-05 11:28:47,382 [1eca16cc-5184-4e43-8e55-175d1516eae4@group-21C72E9484D5-LeaderElection280] INFO  impl.LeaderElection (LeaderElection.java:logAndReturn(56)) - 1eca16cc-5184-4e43-8e55-175d1516eae4@group-21C72E9484D5-LeaderElection280: Election REJECTED; received 0 response(s) [] and 2 exception(s); 1eca16cc-5184-4e43-8e55-175d1516eae4@group-21C72E9484D5:t146, leader=null, voted=1eca16cc-5184-4e43-8e55-175d1516eae4, raftlog=1eca16cc-5184-4e43-8e55-175d1516eae4@group-21C72E9484D5-SegmentedRaftLog:OPENED:c-1,f0,i0, conf=0: [f7e9932d-fd96-469a-9353-68e47138e5ff:192.168.157.252:45025, 1eca16cc-5184-4e43-8e55-175d1516eae4:192.168.157.252:41127, 74a8fb36-eab9-4c53-b7cf-c565055de05a:192.168.157.252:42370], old=null
2019-11-05 11:28:47,383 [1eca16cc-5184-4e43-8e55-175d1516eae4@group-21C72E9484D5-LeaderElection280] INFO  impl.LeaderElection (LogUtils.java:infoOrTrace(149)) -   Exception 0: {}
java.util.concurrent.ExecutionException: org.apache.ratis.thirdparty.io.grpc.StatusRuntimeException: UNAVAILABLE: io exception
	at java.util.concurrent.FutureTask.report(FutureTask.java:122)
	at java.util.concurrent.FutureTask.get(FutureTask.java:192)
	at org.apache.ratis.server.impl.LeaderElection.waitForResults(LeaderElection.java:259)
	at org.apache.ratis.server.impl.LeaderElection.askForVotes(LeaderElection.java:197)
	at org.apache.ratis.server.impl.LeaderElection.run(LeaderElection.java:133)
	at java.lang.Thread.run(Thread.java:748)
Caused by: org.apache.ratis.thirdparty.io.grpc.StatusRuntimeException: UNAVAILABLE: io exception
	at org.apache.ratis.thirdparty.io.grpc.stub.ClientCalls.toStatusRuntimeException(ClientCalls.java:233)
	at org.apache.ratis.thirdparty.io.grpc.stub.ClientCalls.getUnchecked(ClientCalls.java:214)
	at org.apache.ratis.thirdparty.io.grpc.stub.ClientCalls.blockingUnaryCall(ClientCalls.java:139)
	at org.apache.ratis.proto.grpc.RaftServerProtocolServiceGrpc$RaftServerProtocolServiceBlockingStub.requestVote(RaftServerProtocolServiceGrpc.java:265)
	at org.apache.ratis.grpc.server.GrpcServerProtocolClient.requestVote(GrpcServerProtocolClient.java:99)
	at org.apache.ratis.grpc.server.GrpcService.requestVote(GrpcService.java:204)
	at org.apache.ratis.server.impl.LeaderElection.lambda$submitRequests$1(LeaderElection.java:234)
	at java.util.concurrent.FutureTask.run(FutureTask.java:266)
	at java.util.concurrent.Executors$RunnableAdapter.call(Executors.java:511)
	at java.util.concurrent.FutureTask.run(FutureTask.java:266)
	at java.util.concurrent.ThreadPoolExecutor.runWorker(ThreadPoolExecutor.java:1149)
	at java.util.concurrent.ThreadPoolExecutor$Worker.run(ThreadPoolExecutor.java:624)
	... 1 more
Caused by: org.apache.ratis.thirdparty.io.netty.channel.AbstractChannel$AnnotatedConnectException: Connection refused: /192.168.157.252:45025
	at sun.nio.ch.SocketChannelImpl.checkConnect(Native Method)
	at sun.nio.ch.SocketChannelImpl.finishConnect(SocketChannelImpl.java:717)
	at org.apache.ratis.thirdparty.io.netty.channel.socket.nio.NioSocketChannel.doFinishConnect(NioSocketChannel.java:327)
	at org.apache.ratis.thirdparty.io.netty.channel.nio.AbstractNioChannel$AbstractNioUnsafe.finishConnect(AbstractNioChannel.java:340)
	at org.apache.ratis.thirdparty.io.netty.channel.nio.NioEventLoop.processSelectedKey(NioEventLoop.java:632)
	at org.apache.ratis.thirdparty.io.netty.channel.nio.NioEventLoop.processSelectedKeysOptimized(NioEventLoop.java:579)
	at org.apache.ratis.thirdparty.io.netty.channel.nio.NioEventLoop.processSelectedKeys(NioEventLoop.java:496)
	at org.apache.ratis.thirdparty.io.netty.channel.nio.NioEventLoop.run(NioEventLoop.java:458)
	at org.apache.ratis.thirdparty.io.netty.util.concurrent.SingleThreadEventExecutor$5.run(SingleThreadEventExecutor.java:897)
	at org.apache.ratis.thirdparty.io.netty.util.concurrent.FastThreadLocalRunnable.run(FastThreadLocalRunnable.java:30)
	... 1 more
Caused by: java.net.ConnectException: Connection refused
	... 11 more
2019-11-05 11:28:47,383 [1eca16cc-5184-4e43-8e55-175d1516eae4@group-21C72E9484D5-LeaderElection280] INFO  impl.LeaderElection (LogUtils.java:infoOrTrace(149)) -   Exception 1: {}
java.util.concurrent.ExecutionException: org.apache.ratis.thirdparty.io.grpc.StatusRuntimeException: UNAVAILABLE: io exception
	at java.util.concurrent.FutureTask.report(FutureTask.java:122)
	at java.util.concurrent.FutureTask.get(FutureTask.java:192)
	at org.apache.ratis.server.impl.LeaderElection.waitForResults(LeaderElection.java:259)
	at org.apache.ratis.server.impl.LeaderElection.askForVotes(LeaderElection.java:197)
	at org.apache.ratis.server.impl.LeaderElection.run(LeaderElection.java:133)
	at java.lang.Thread.run(Thread.java:748)
Caused by: org.apache.ratis.thirdparty.io.grpc.StatusRuntimeException: UNAVAILABLE: io exception
	at org.apache.ratis.thirdparty.io.grpc.stub.ClientCalls.toStatusRuntimeException(ClientCalls.java:233)
	at org.apache.ratis.thirdparty.io.grpc.stub.ClientCalls.getUnchecked(ClientCalls.java:214)
	at org.apache.ratis.thirdparty.io.grpc.stub.ClientCalls.blockingUnaryCall(ClientCalls.java:139)
	at org.apache.ratis.proto.grpc.RaftServerProtocolServiceGrpc$RaftServerProtocolServiceBlockingStub.requestVote(RaftServerProtocolServiceGrpc.java:265)
	at org.apache.ratis.grpc.server.GrpcServerProtocolClient.requestVote(GrpcServerProtocolClient.java:99)
	at org.apache.ratis.grpc.server.GrpcService.requestVote(GrpcService.java:204)
	at org.apache.ratis.server.impl.LeaderElection.lambda$submitRequests$1(LeaderElection.java:234)
	at java.util.concurrent.FutureTask.run(FutureTask.java:266)
	at java.util.concurrent.Executors$RunnableAdapter.call(Executors.java:511)
	at java.util.concurrent.FutureTask.run(FutureTask.java:266)
	at java.util.concurrent.ThreadPoolExecutor.runWorker(ThreadPoolExecutor.java:1149)
	at java.util.concurrent.ThreadPoolExecutor$Worker.run(ThreadPoolExecutor.java:624)
	... 1 more
Caused by: org.apache.ratis.thirdparty.io.netty.channel.AbstractChannel$AnnotatedConnectException: Connection refused: /192.168.157.252:42370
	at sun.nio.ch.SocketChannelImpl.checkConnect(Native Method)
	at sun.nio.ch.SocketChannelImpl.finishConnect(SocketChannelImpl.java:717)
	at org.apache.ratis.thirdparty.io.netty.channel.socket.nio.NioSocketChannel.doFinishConnect(NioSocketChannel.java:327)
	at org.apache.ratis.thirdparty.io.netty.channel.nio.AbstractNioChannel$AbstractNioUnsafe.finishConnect(AbstractNioChannel.java:340)
	at org.apache.ratis.thirdparty.io.netty.channel.nio.NioEventLoop.processSelectedKey(NioEventLoop.java:632)
	at org.apache.ratis.thirdparty.io.netty.channel.nio.NioEventLoop.processSelectedKeysOptimized(NioEventLoop.java:579)
	at org.apache.ratis.thirdparty.io.netty.channel.nio.NioEventLoop.processSelectedKeys(NioEventLoop.java:496)
	at org.apache.ratis.thirdparty.io.netty.channel.nio.NioEventLoop.run(NioEventLoop.java:458)
	at org.apache.ratis.thirdparty.io.netty.util.concurrent.SingleThreadEventExecutor$5.run(SingleThreadEventExecutor.java:897)
	at org.apache.ratis.thirdparty.io.netty.util.concurrent.FastThreadLocalRunnable.run(FastThreadLocalRunnable.java:30)
	... 1 more
Caused by: java.net.ConnectException: Connection refused
	... 11 more
2019-11-05 11:28:47,383 [1eca16cc-5184-4e43-8e55-175d1516eae4@group-21C72E9484D5-LeaderElection280] INFO  impl.RaftServerImpl (RaftServerImpl.java:setRole(184)) - 1eca16cc-5184-4e43-8e55-175d1516eae4@group-21C72E9484D5: changes role from CANDIDATE to FOLLOWER at term 146 for DISCOVERED_A_NEW_TERM
2019-11-05 11:28:47,384 [1eca16cc-5184-4e43-8e55-175d1516eae4@group-21C72E9484D5-LeaderElection280] INFO  impl.RoleInfo (RoleInfo.java:shutdownLeaderElection(134)) - 1eca16cc-5184-4e43-8e55-175d1516eae4: shutdown LeaderElection
2019-11-05 11:28:47,384 [1eca16cc-5184-4e43-8e55-175d1516eae4@group-21C72E9484D5-LeaderElection280] INFO  impl.RoleInfo (RoleInfo.java:updateAndGet(143)) - 1eca16cc-5184-4e43-8e55-175d1516eae4: start FollowerState
2019-11-05 11:28:47,387 [687f579d-1680-4dd5-8b24-01f078298cef@group-E95DC8E8582E-LeaderElection279] INFO  impl.LeaderElection (LeaderElection.java:logAndReturn(56)) - 687f579d-1680-4dd5-8b24-01f078298cef@group-E95DC8E8582E-LeaderElection279: Election REJECTED; received 2 response(s) [687f579d-1680-4dd5-8b24-01f078298cef<-90ecfa43-dab6-49d9-b30c-40ef62bfdf2a#0:FAIL-t193, 687f579d-1680-4dd5-8b24-01f078298cef<-b8bf4e9b-064a-4520-981c-d6c40c833497#0:FAIL-t193] and 0 exception(s); 687f579d-1680-4dd5-8b24-01f078298cef@group-E95DC8E8582E:t193, leader=null, voted=687f579d-1680-4dd5-8b24-01f078298cef, raftlog=687f579d-1680-4dd5-8b24-01f078298cef@group-E95DC8E8582E-SegmentedRaftLog:OPENED:c-1,f-1,i0, conf=-1: [90ecfa43-dab6-49d9-b30c-40ef62bfdf2a:192.168.157.252:34192, 687f579d-1680-4dd5-8b24-01f078298cef:192.168.157.252:37962, b8bf4e9b-064a-4520-981c-d6c40c833497:192.168.157.252:43407], old=null
2019-11-05 11:28:47,388 [687f579d-1680-4dd5-8b24-01f078298cef@group-E95DC8E8582E-LeaderElection279] INFO  impl.RaftServerImpl (RaftServerImpl.java:setRole(184)) - 687f579d-1680-4dd5-8b24-01f078298cef@group-E95DC8E8582E: changes role from CANDIDATE to FOLLOWER at term 193 for DISCOVERED_A_NEW_TERM
2019-11-05 11:28:47,388 [687f579d-1680-4dd5-8b24-01f078298cef@group-E95DC8E8582E-LeaderElection279] INFO  impl.RoleInfo (RoleInfo.java:shutdownLeaderElection(134)) - 687f579d-1680-4dd5-8b24-01f078298cef: shutdown LeaderElection
2019-11-05 11:28:47,388 [687f579d-1680-4dd5-8b24-01f078298cef@group-E95DC8E8582E-LeaderElection279] INFO  impl.RoleInfo (RoleInfo.java:updateAndGet(143)) - 687f579d-1680-4dd5-8b24-01f078298cef: start FollowerState
2019-11-05 11:28:47,405 [Thread-2456] INFO  impl.FollowerState (FollowerState.java:run(108)) - 687f579d-1680-4dd5-8b24-01f078298cef@group-E95DC8E8582E-FollowerState: change to CANDIDATE, lastRpcTime:17ms, electionTimeout:17ms
2019-11-05 11:28:47,406 [Thread-2456] INFO  impl.RoleInfo (RoleInfo.java:shutdownFollowerState(121)) - 687f579d-1680-4dd5-8b24-01f078298cef: shutdown FollowerState
2019-11-05 11:28:47,406 [Thread-2456] INFO  impl.RaftServerImpl (RaftServerImpl.java:setRole(184)) - 687f579d-1680-4dd5-8b24-01f078298cef@group-E95DC8E8582E: changes role from  FOLLOWER to CANDIDATE at term 193 for changeToCandidate
2019-11-05 11:28:47,406 [Thread-2456] INFO  impl.RoleInfo (RoleInfo.java:updateAndGet(143)) - 687f579d-1680-4dd5-8b24-01f078298cef: start LeaderElection
2019-11-05 11:28:47,416 [687f579d-1680-4dd5-8b24-01f078298cef@group-E95DC8E8582E-LeaderElection281] INFO  impl.LeaderElection (LeaderElection.java:askForVotes(178)) - 687f579d-1680-4dd5-8b24-01f078298cef@group-E95DC8E8582E-LeaderElection281: begin an election at term 194 for -1: [90ecfa43-dab6-49d9-b30c-40ef62bfdf2a:192.168.157.252:34192, 687f579d-1680-4dd5-8b24-01f078298cef:192.168.157.252:37962, b8bf4e9b-064a-4520-981c-d6c40c833497:192.168.157.252:43407], old=null
2019-11-05 11:28:47,418 [grpc-default-executor-9] INFO  impl.RaftServerImpl (RaftServerImpl.java:setRole(184)) - 90ecfa43-dab6-49d9-b30c-40ef62bfdf2a@group-E95DC8E8582E: changes role from  FOLLOWER to FOLLOWER at term 194 for recognizeCandidate:687f579d-1680-4dd5-8b24-01f078298cef
2019-11-05 11:28:47,418 [grpc-default-executor-9] INFO  impl.RoleInfo (RoleInfo.java:shutdownFollowerState(121)) - 90ecfa43-dab6-49d9-b30c-40ef62bfdf2a: shutdown FollowerState
2019-11-05 11:28:47,418 [grpc-default-executor-9] INFO  impl.RoleInfo (RoleInfo.java:updateAndGet(143)) - 90ecfa43-dab6-49d9-b30c-40ef62bfdf2a: start FollowerState
2019-11-05 11:28:47,418 [Thread-2454] INFO  impl.FollowerState (FollowerState.java:run(117)) - 90ecfa43-dab6-49d9-b30c-40ef62bfdf2a@group-E95DC8E8582E-FollowerState was interrupted: java.lang.InterruptedException: sleep interrupted
2019-11-05 11:28:47,419 [grpc-default-executor-4] INFO  impl.RaftServerImpl (RaftServerImpl.java:setRole(184)) - b8bf4e9b-064a-4520-981c-d6c40c833497@group-E95DC8E8582E: changes role from  FOLLOWER to FOLLOWER at term 194 for recognizeCandidate:687f579d-1680-4dd5-8b24-01f078298cef
2019-11-05 11:28:47,419 [grpc-default-executor-4] INFO  impl.RoleInfo (RoleInfo.java:shutdownFollowerState(121)) - b8bf4e9b-064a-4520-981c-d6c40c833497: shutdown FollowerState
2019-11-05 11:28:47,419 [Thread-2452] INFO  impl.FollowerState (FollowerState.java:run(117)) - b8bf4e9b-064a-4520-981c-d6c40c833497@group-E95DC8E8582E-FollowerState was interrupted: java.lang.InterruptedException: sleep interrupted
2019-11-05 11:28:47,419 [grpc-default-executor-4] INFO  impl.RoleInfo (RoleInfo.java:updateAndGet(143)) - b8bf4e9b-064a-4520-981c-d6c40c833497: start FollowerState
2019-11-05 11:28:47,427 [687f579d-1680-4dd5-8b24-01f078298cef@group-E95DC8E8582E-LeaderElection281] INFO  impl.LeaderElection (LeaderElection.java:logAndReturn(56)) - 687f579d-1680-4dd5-8b24-01f078298cef@group-E95DC8E8582E-LeaderElection281: Election REJECTED; received 2 response(s) [687f579d-1680-4dd5-8b24-01f078298cef<-90ecfa43-dab6-49d9-b30c-40ef62bfdf2a#0:FAIL-t194, 687f579d-1680-4dd5-8b24-01f078298cef<-b8bf4e9b-064a-4520-981c-d6c40c833497#0:FAIL-t194] and 0 exception(s); 687f579d-1680-4dd5-8b24-01f078298cef@group-E95DC8E8582E:t194, leader=null, voted=687f579d-1680-4dd5-8b24-01f078298cef, raftlog=687f579d-1680-4dd5-8b24-01f078298cef@group-E95DC8E8582E-SegmentedRaftLog:OPENED:c-1,f-1,i0, conf=-1: [90ecfa43-dab6-49d9-b30c-40ef62bfdf2a:192.168.157.252:34192, 687f579d-1680-4dd5-8b24-01f078298cef:192.168.157.252:37962, b8bf4e9b-064a-4520-981c-d6c40c833497:192.168.157.252:43407], old=null
2019-11-05 11:28:47,427 [687f579d-1680-4dd5-8b24-01f078298cef@group-E95DC8E8582E-LeaderElection281] INFO  impl.RaftServerImpl (RaftServerImpl.java:setRole(184)) - 687f579d-1680-4dd5-8b24-01f078298cef@group-E95DC8E8582E: changes role from CANDIDATE to FOLLOWER at term 194 for DISCOVERED_A_NEW_TERM
2019-11-05 11:28:47,427 [687f579d-1680-4dd5-8b24-01f078298cef@group-E95DC8E8582E-LeaderElection281] INFO  impl.RoleInfo (RoleInfo.java:shutdownLeaderElection(134)) - 687f579d-1680-4dd5-8b24-01f078298cef: shutdown LeaderElection
2019-11-05 11:28:47,428 [687f579d-1680-4dd5-8b24-01f078298cef@group-E95DC8E8582E-LeaderElection281] INFO  impl.RoleInfo (RoleInfo.java:updateAndGet(143)) - 687f579d-1680-4dd5-8b24-01f078298cef: start FollowerState
2019-11-05 11:28:47,581 [Thread-2462] INFO  impl.FollowerState (FollowerState.java:run(108)) - 687f579d-1680-4dd5-8b24-01f078298cef@group-E95DC8E8582E-FollowerState: change to CANDIDATE, lastRpcTime:153ms, electionTimeout:153ms
2019-11-05 11:28:47,581 [Thread-2462] INFO  impl.RoleInfo (RoleInfo.java:shutdownFollowerState(121)) - 687f579d-1680-4dd5-8b24-01f078298cef: shutdown FollowerState
2019-11-05 11:28:47,581 [Thread-2462] INFO  impl.RaftServerImpl (RaftServerImpl.java:setRole(184)) - 687f579d-1680-4dd5-8b24-01f078298cef@group-E95DC8E8582E: changes role from  FOLLOWER to CANDIDATE at term 194 for changeToCandidate
2019-11-05 11:28:47,582 [Thread-2462] INFO  impl.RoleInfo (RoleInfo.java:updateAndGet(143)) - 687f579d-1680-4dd5-8b24-01f078298cef: start LeaderElection
2019-11-05 11:28:47,604 [687f579d-1680-4dd5-8b24-01f078298cef@group-E95DC8E8582E-LeaderElection282] INFO  impl.LeaderElection (LeaderElection.java:askForVotes(178)) - 687f579d-1680-4dd5-8b24-01f078298cef@group-E95DC8E8582E-LeaderElection282: begin an election at term 195 for -1: [90ecfa43-dab6-49d9-b30c-40ef62bfdf2a:192.168.157.252:34192, 687f579d-1680-4dd5-8b24-01f078298cef:192.168.157.252:37962, b8bf4e9b-064a-4520-981c-d6c40c833497:192.168.157.252:43407], old=null
2019-11-05 11:28:47,605 [Thread-2421] INFO  impl.FollowerState (FollowerState.java:run(108)) - d8b77924-76ff-4932-a9fa-7ec761e4cf6b@group-0CA4D070D5C4-FollowerState: change to CANDIDATE, lastRpcTime:1036ms, electionTimeout:1036ms
2019-11-05 11:28:47,605 [Thread-2421] INFO  impl.RoleInfo (RoleInfo.java:shutdownFollowerState(121)) - d8b77924-76ff-4932-a9fa-7ec761e4cf6b: shutdown FollowerState
2019-11-05 11:28:47,606 [Thread-2421] INFO  impl.RaftServerImpl (RaftServerImpl.java:setRole(184)) - d8b77924-76ff-4932-a9fa-7ec761e4cf6b@group-0CA4D070D5C4: changes role from  FOLLOWER to CANDIDATE at term 10 for changeToCandidate
2019-11-05 11:28:47,606 [Thread-2421] INFO  impl.RoleInfo (RoleInfo.java:updateAndGet(143)) - d8b77924-76ff-4932-a9fa-7ec761e4cf6b: start LeaderElection
2019-11-05 11:28:47,612 [grpc-default-executor-4] INFO  impl.RaftServerImpl (RaftServerImpl.java:setRole(184)) - 90ecfa43-dab6-49d9-b30c-40ef62bfdf2a@group-E95DC8E8582E: changes role from  FOLLOWER to FOLLOWER at term 195 for recognizeCandidate:687f579d-1680-4dd5-8b24-01f078298cef
2019-11-05 11:28:47,612 [grpc-default-executor-4] INFO  impl.RoleInfo (RoleInfo.java:shutdownFollowerState(121)) - 90ecfa43-dab6-49d9-b30c-40ef62bfdf2a: shutdown FollowerState
2019-11-05 11:28:47,612 [Thread-2460] INFO  impl.FollowerState (FollowerState.java:run(117)) - 90ecfa43-dab6-49d9-b30c-40ef62bfdf2a@group-E95DC8E8582E-FollowerState was interrupted: java.lang.InterruptedException: sleep interrupted
2019-11-05 11:28:47,613 [grpc-default-executor-4] INFO  impl.RoleInfo (RoleInfo.java:updateAndGet(143)) - 90ecfa43-dab6-49d9-b30c-40ef62bfdf2a: start FollowerState
2019-11-05 11:28:47,614 [687f579d-1680-4dd5-8b24-01f078298cef@group-E95DC8E8582E-LeaderElection282] INFO  impl.LeaderElection (LeaderElection.java:logAndReturn(56)) - 687f579d-1680-4dd5-8b24-01f078298cef@group-E95DC8E8582E-LeaderElection282: Election TIMEOUT; received 0 response(s) [] and 0 exception(s); 687f579d-1680-4dd5-8b24-01f078298cef@group-E95DC8E8582E:t195, leader=null, voted=687f579d-1680-4dd5-8b24-01f078298cef, raftlog=687f579d-1680-4dd5-8b24-01f078298cef@group-E95DC8E8582E-SegmentedRaftLog:OPENED:c-1,f-1,i0, conf=-1: [90ecfa43-dab6-49d9-b30c-40ef62bfdf2a:192.168.157.252:34192, 687f579d-1680-4dd5-8b24-01f078298cef:192.168.157.252:37962, b8bf4e9b-064a-4520-981c-d6c40c833497:192.168.157.252:43407], old=null
2019-11-05 11:28:47,614 [grpc-default-executor-9] INFO  impl.RaftServerImpl (RaftServerImpl.java:setRole(184)) - b8bf4e9b-064a-4520-981c-d6c40c833497@group-E95DC8E8582E: changes role from  FOLLOWER to FOLLOWER at term 195 for recognizeCandidate:687f579d-1680-4dd5-8b24-01f078298cef
2019-11-05 11:28:47,614 [grpc-default-executor-9] INFO  impl.RoleInfo (RoleInfo.java:shutdownFollowerState(121)) - b8bf4e9b-064a-4520-981c-d6c40c833497: shutdown FollowerState
2019-11-05 11:28:47,614 [grpc-default-executor-9] INFO  impl.RoleInfo (RoleInfo.java:updateAndGet(143)) - b8bf4e9b-064a-4520-981c-d6c40c833497: start FollowerState
2019-11-05 11:28:47,614 [Thread-2461] INFO  impl.FollowerState (FollowerState.java:run(117)) - b8bf4e9b-064a-4520-981c-d6c40c833497@group-E95DC8E8582E-FollowerState was interrupted: java.lang.InterruptedException: sleep interrupted
2019-11-05 11:28:47,631 [d8b77924-76ff-4932-a9fa-7ec761e4cf6b@group-0CA4D070D5C4-LeaderElection283] INFO  impl.LeaderElection (LeaderElection.java:askForVotes(178)) - d8b77924-76ff-4932-a9fa-7ec761e4cf6b@group-0CA4D070D5C4-LeaderElection283: begin an election at term 11 for 0: [93bc9e78-ae56-4fee-a007-4b156d649157:192.168.157.252:38000, d8b77924-76ff-4932-a9fa-7ec761e4cf6b:192.168.157.252:40377, bd42c95e-cd41-4cbd-85b3-b330cc3c4f94:192.168.157.252:33158], old=null
2019-11-05 11:28:47,634 [d8b77924-76ff-4932-a9fa-7ec761e4cf6b@group-0CA4D070D5C4-LeaderElection283] INFO  impl.LeaderElection (LogUtils.java:infoOrTrace(149)) - d8b77924-76ff-4932-a9fa-7ec761e4cf6b@group-0CA4D070D5C4-LeaderElection283 got exception when requesting votes: {}
java.util.concurrent.ExecutionException: org.apache.ratis.thirdparty.io.grpc.StatusRuntimeException: UNAVAILABLE: io exception
	at java.util.concurrent.FutureTask.report(FutureTask.java:122)
	at java.util.concurrent.FutureTask.get(FutureTask.java:192)
	at org.apache.ratis.server.impl.LeaderElection.waitForResults(LeaderElection.java:259)
	at org.apache.ratis.server.impl.LeaderElection.askForVotes(LeaderElection.java:197)
	at org.apache.ratis.server.impl.LeaderElection.run(LeaderElection.java:133)
	at java.lang.Thread.run(Thread.java:748)
Caused by: org.apache.ratis.thirdparty.io.grpc.StatusRuntimeException: UNAVAILABLE: io exception
	at org.apache.ratis.thirdparty.io.grpc.stub.ClientCalls.toStatusRuntimeException(ClientCalls.java:233)
	at org.apache.ratis.thirdparty.io.grpc.stub.ClientCalls.getUnchecked(ClientCalls.java:214)
	at org.apache.ratis.thirdparty.io.grpc.stub.ClientCalls.blockingUnaryCall(ClientCalls.java:139)
	at org.apache.ratis.proto.grpc.RaftServerProtocolServiceGrpc$RaftServerProtocolServiceBlockingStub.requestVote(RaftServerProtocolServiceGrpc.java:265)
	at org.apache.ratis.grpc.server.GrpcServerProtocolClient.requestVote(GrpcServerProtocolClient.java:99)
	at org.apache.ratis.grpc.server.GrpcService.requestVote(GrpcService.java:204)
	at org.apache.ratis.server.impl.LeaderElection.lambda$submitRequests$1(LeaderElection.java:234)
	at java.util.concurrent.FutureTask.run(FutureTask.java:266)
	at java.util.concurrent.Executors$RunnableAdapter.call(Executors.java:511)
	at java.util.concurrent.FutureTask.run(FutureTask.java:266)
	at java.util.concurrent.ThreadPoolExecutor.runWorker(ThreadPoolExecutor.java:1149)
	at java.util.concurrent.ThreadPoolExecutor$Worker.run(ThreadPoolExecutor.java:624)
	... 1 more
Caused by: org.apache.ratis.thirdparty.io.netty.channel.AbstractChannel$AnnotatedConnectException: Connection refused: /192.168.157.252:38000
	at sun.nio.ch.SocketChannelImpl.checkConnect(Native Method)
	at sun.nio.ch.SocketChannelImpl.finishConnect(SocketChannelImpl.java:717)
	at org.apache.ratis.thirdparty.io.netty.channel.socket.nio.NioSocketChannel.doFinishConnect(NioSocketChannel.java:327)
	at org.apache.ratis.thirdparty.io.netty.channel.nio.AbstractNioChannel$AbstractNioUnsafe.finishConnect(AbstractNioChannel.java:340)
	at org.apache.ratis.thirdparty.io.netty.channel.nio.NioEventLoop.processSelectedKey(NioEventLoop.java:632)
	at org.apache.ratis.thirdparty.io.netty.channel.nio.NioEventLoop.processSelectedKeysOptimized(NioEventLoop.java:579)
	at org.apache.ratis.thirdparty.io.netty.channel.nio.NioEventLoop.processSelectedKeys(NioEventLoop.java:496)
	at org.apache.ratis.thirdparty.io.netty.channel.nio.NioEventLoop.run(NioEventLoop.java:458)
	at org.apache.ratis.thirdparty.io.netty.util.concurrent.SingleThreadEventExecutor$5.run(SingleThreadEventExecutor.java:897)
	at org.apache.ratis.thirdparty.io.netty.util.concurrent.FastThreadLocalRunnable.run(FastThreadLocalRunnable.java:30)
	... 1 more
Caused by: java.net.ConnectException: Connection refused
	... 11 more
2019-11-05 11:28:47,637 [d8b77924-76ff-4932-a9fa-7ec761e4cf6b@group-0CA4D070D5C4-LeaderElection283] INFO  impl.LeaderElection (LogUtils.java:infoOrTrace(149)) - d8b77924-76ff-4932-a9fa-7ec761e4cf6b@group-0CA4D070D5C4-LeaderElection283 got exception when requesting votes: {}
java.util.concurrent.ExecutionException: org.apache.ratis.thirdparty.io.grpc.StatusRuntimeException: UNAVAILABLE: io exception
	at java.util.concurrent.FutureTask.report(FutureTask.java:122)
	at java.util.concurrent.FutureTask.get(FutureTask.java:192)
	at org.apache.ratis.server.impl.LeaderElection.waitForResults(LeaderElection.java:259)
	at org.apache.ratis.server.impl.LeaderElection.askForVotes(LeaderElection.java:197)
	at org.apache.ratis.server.impl.LeaderElection.run(LeaderElection.java:133)
	at java.lang.Thread.run(Thread.java:748)
Caused by: org.apache.ratis.thirdparty.io.grpc.StatusRuntimeException: UNAVAILABLE: io exception
	at org.apache.ratis.thirdparty.io.grpc.stub.ClientCalls.toStatusRuntimeException(ClientCalls.java:233)
	at org.apache.ratis.thirdparty.io.grpc.stub.ClientCalls.getUnchecked(ClientCalls.java:214)
	at org.apache.ratis.thirdparty.io.grpc.stub.ClientCalls.blockingUnaryCall(ClientCalls.java:139)
	at org.apache.ratis.proto.grpc.RaftServerProtocolServiceGrpc$RaftServerProtocolServiceBlockingStub.requestVote(RaftServerProtocolServiceGrpc.java:265)
	at org.apache.ratis.grpc.server.GrpcServerProtocolClient.requestVote(GrpcServerProtocolClient.java:99)
	at org.apache.ratis.grpc.server.GrpcService.requestVote(GrpcService.java:204)
	at org.apache.ratis.server.impl.LeaderElection.lambda$submitRequests$1(LeaderElection.java:234)
	at java.util.concurrent.FutureTask.run(FutureTask.java:266)
	at java.util.concurrent.Executors$RunnableAdapter.call(Executors.java:511)
	at java.util.concurrent.FutureTask.run(FutureTask.java:266)
	at java.util.concurrent.ThreadPoolExecutor.runWorker(ThreadPoolExecutor.java:1149)
	at java.util.concurrent.ThreadPoolExecutor$Worker.run(ThreadPoolExecutor.java:624)
	... 1 more
Caused by: org.apache.ratis.thirdparty.io.netty.channel.AbstractChannel$AnnotatedConnectException: Connection refused: /192.168.157.252:33158
	at sun.nio.ch.SocketChannelImpl.checkConnect(Native Method)
	at sun.nio.ch.SocketChannelImpl.finishConnect(SocketChannelImpl.java:717)
	at org.apache.ratis.thirdparty.io.netty.channel.socket.nio.NioSocketChannel.doFinishConnect(NioSocketChannel.java:327)
	at org.apache.ratis.thirdparty.io.netty.channel.nio.AbstractNioChannel$AbstractNioUnsafe.finishConnect(AbstractNioChannel.java:340)
	at org.apache.ratis.thirdparty.io.netty.channel.nio.NioEventLoop.processSelectedKey(NioEventLoop.java:632)
	at org.apache.ratis.thirdparty.io.netty.channel.nio.NioEventLoop.processSelectedKeysOptimized(NioEventLoop.java:579)
	at org.apache.ratis.thirdparty.io.netty.channel.nio.NioEventLoop.processSelectedKeys(NioEventLoop.java:496)
	at org.apache.ratis.thirdparty.io.netty.channel.nio.NioEventLoop.run(NioEventLoop.java:458)
	at org.apache.ratis.thirdparty.io.netty.util.concurrent.SingleThreadEventExecutor$5.run(SingleThreadEventExecutor.java:897)
	at org.apache.ratis.thirdparty.io.netty.util.concurrent.FastThreadLocalRunnable.run(FastThreadLocalRunnable.java:30)
	... 1 more
Caused by: java.net.ConnectException: Connection refused
	... 11 more
2019-11-05 11:28:47,638 [687f579d-1680-4dd5-8b24-01f078298cef@group-E95DC8E8582E-LeaderElection282] INFO  impl.LeaderElection (LeaderElection.java:askForVotes(178)) - 687f579d-1680-4dd5-8b24-01f078298cef@group-E95DC8E8582E-LeaderElection282: begin an election at term 196 for -1: [90ecfa43-dab6-49d9-b30c-40ef62bfdf2a:192.168.157.252:34192, 687f579d-1680-4dd5-8b24-01f078298cef:192.168.157.252:37962, b8bf4e9b-064a-4520-981c-d6c40c833497:192.168.157.252:43407], old=null
2019-11-05 11:28:47,638 [d8b77924-76ff-4932-a9fa-7ec761e4cf6b@group-0CA4D070D5C4-LeaderElection283] INFO  impl.LeaderElection (LeaderElection.java:logAndReturn(56)) - d8b77924-76ff-4932-a9fa-7ec761e4cf6b@group-0CA4D070D5C4-LeaderElection283: Election REJECTED; received 0 response(s) [] and 2 exception(s); d8b77924-76ff-4932-a9fa-7ec761e4cf6b@group-0CA4D070D5C4:t11, leader=null, voted=d8b77924-76ff-4932-a9fa-7ec761e4cf6b, raftlog=d8b77924-76ff-4932-a9fa-7ec761e4cf6b@group-0CA4D070D5C4-SegmentedRaftLog:OPENED:c20,f20,i20, conf=0: [93bc9e78-ae56-4fee-a007-4b156d649157:192.168.157.252:38000, d8b77924-76ff-4932-a9fa-7ec761e4cf6b:192.168.157.252:40377, bd42c95e-cd41-4cbd-85b3-b330cc3c4f94:192.168.157.252:33158], old=null
2019-11-05 11:28:47,644 [d8b77924-76ff-4932-a9fa-7ec761e4cf6b@group-0CA4D070D5C4-LeaderElection283] INFO  impl.LeaderElection (LogUtils.java:infoOrTrace(149)) -   Exception 0: {}
java.util.concurrent.ExecutionException: org.apache.ratis.thirdparty.io.grpc.StatusRuntimeException: UNAVAILABLE: io exception
	at java.util.concurrent.FutureTask.report(FutureTask.java:122)
	at java.util.concurrent.FutureTask.get(FutureTask.java:192)
	at org.apache.ratis.server.impl.LeaderElection.waitForResults(LeaderElection.java:259)
	at org.apache.ratis.server.impl.LeaderElection.askForVotes(LeaderElection.java:197)
	at org.apache.ratis.server.impl.LeaderElection.run(LeaderElection.java:133)
	at java.lang.Thread.run(Thread.java:748)
Caused by: org.apache.ratis.thirdparty.io.grpc.StatusRuntimeException: UNAVAILABLE: io exception
	at org.apache.ratis.thirdparty.io.grpc.stub.ClientCalls.toStatusRuntimeException(ClientCalls.java:233)
	at org.apache.ratis.thirdparty.io.grpc.stub.ClientCalls.getUnchecked(ClientCalls.java:214)
	at org.apache.ratis.thirdparty.io.grpc.stub.ClientCalls.blockingUnaryCall(ClientCalls.java:139)
	at org.apache.ratis.proto.grpc.RaftServerProtocolServiceGrpc$RaftServerProtocolServiceBlockingStub.requestVote(RaftServerProtocolServiceGrpc.java:265)
	at org.apache.ratis.grpc.server.GrpcServerProtocolClient.requestVote(GrpcServerProtocolClient.java:99)
	at org.apache.ratis.grpc.server.GrpcService.requestVote(GrpcService.java:204)
	at org.apache.ratis.server.impl.LeaderElection.lambda$submitRequests$1(LeaderElection.java:234)
	at java.util.concurrent.FutureTask.run(FutureTask.java:266)
	at java.util.concurrent.Executors$RunnableAdapter.call(Executors.java:511)
	at java.util.concurrent.FutureTask.run(FutureTask.java:266)
	at java.util.concurrent.ThreadPoolExecutor.runWorker(ThreadPoolExecutor.java:1149)
	at java.util.concurrent.ThreadPoolExecutor$Worker.run(ThreadPoolExecutor.java:624)
	... 1 more
Caused by: org.apache.ratis.thirdparty.io.netty.channel.AbstractChannel$AnnotatedConnectException: Connection refused: /192.168.157.252:38000
	at sun.nio.ch.SocketChannelImpl.checkConnect(Native Method)
	at sun.nio.ch.SocketChannelImpl.finishConnect(SocketChannelImpl.java:717)
	at org.apache.ratis.thirdparty.io.netty.channel.socket.nio.NioSocketChannel.doFinishConnect(NioSocketChannel.java:327)
	at org.apache.ratis.thirdparty.io.netty.channel.nio.AbstractNioChannel$AbstractNioUnsafe.finishConnect(AbstractNioChannel.java:340)
	at org.apache.ratis.thirdparty.io.netty.channel.nio.NioEventLoop.processSelectedKey(NioEventLoop.java:632)
	at org.apache.ratis.thirdparty.io.netty.channel.nio.NioEventLoop.processSelectedKeysOptimized(NioEventLoop.java:579)
	at org.apache.ratis.thirdparty.io.netty.channel.nio.NioEventLoop.processSelectedKeys(NioEventLoop.java:496)
	at org.apache.ratis.thirdparty.io.netty.channel.nio.NioEventLoop.run(NioEventLoop.java:458)
	at org.apache.ratis.thirdparty.io.netty.util.concurrent.SingleThreadEventExecutor$5.run(SingleThreadEventExecutor.java:897)
	at org.apache.ratis.thirdparty.io.netty.util.concurrent.FastThreadLocalRunnable.run(FastThreadLocalRunnable.java:30)
	... 1 more
Caused by: java.net.ConnectException: Connection refused
	... 11 more
2019-11-05 11:28:47,645 [d8b77924-76ff-4932-a9fa-7ec761e4cf6b@group-0CA4D070D5C4-LeaderElection283] INFO  impl.LeaderElection (LogUtils.java:infoOrTrace(149)) -   Exception 1: {}
java.util.concurrent.ExecutionException: org.apache.ratis.thirdparty.io.grpc.StatusRuntimeException: UNAVAILABLE: io exception
	at java.util.concurrent.FutureTask.report(FutureTask.java:122)
	at java.util.concurrent.FutureTask.get(FutureTask.java:192)
	at org.apache.ratis.server.impl.LeaderElection.waitForResults(LeaderElection.java:259)
	at org.apache.ratis.server.impl.LeaderElection.askForVotes(LeaderElection.java:197)
	at org.apache.ratis.server.impl.LeaderElection.run(LeaderElection.java:133)
	at java.lang.Thread.run(Thread.java:748)
Caused by: org.apache.ratis.thirdparty.io.grpc.StatusRuntimeException: UNAVAILABLE: io exception
	at org.apache.ratis.thirdparty.io.grpc.stub.ClientCalls.toStatusRuntimeException(ClientCalls.java:233)
	at org.apache.ratis.thirdparty.io.grpc.stub.ClientCalls.getUnchecked(ClientCalls.java:214)
	at org.apache.ratis.thirdparty.io.grpc.stub.ClientCalls.blockingUnaryCall(ClientCalls.java:139)
	at org.apache.ratis.proto.grpc.RaftServerProtocolServiceGrpc$RaftServerProtocolServiceBlockingStub.requestVote(RaftServerProtocolServiceGrpc.java:265)
	at org.apache.ratis.grpc.server.GrpcServerProtocolClient.requestVote(GrpcServerProtocolClient.java:99)
	at org.apache.ratis.grpc.server.GrpcService.requestVote(GrpcService.java:204)
	at org.apache.ratis.server.impl.LeaderElection.lambda$submitRequests$1(LeaderElection.java:234)
	at java.util.concurrent.FutureTask.run(FutureTask.java:266)
	at java.util.concurrent.Executors$RunnableAdapter.call(Executors.java:511)
	at java.util.concurrent.FutureTask.run(FutureTask.java:266)
	at java.util.concurrent.ThreadPoolExecutor.runWorker(ThreadPoolExecutor.java:1149)
	at java.util.concurrent.ThreadPoolExecutor$Worker.run(ThreadPoolExecutor.java:624)
	... 1 more
Caused by: org.apache.ratis.thirdparty.io.netty.channel.AbstractChannel$AnnotatedConnectException: Connection refused: /192.168.157.252:33158
	at sun.nio.ch.SocketChannelImpl.checkConnect(Native Method)
	at sun.nio.ch.SocketChannelImpl.finishConnect(SocketChannelImpl.java:717)
	at org.apache.ratis.thirdparty.io.netty.channel.socket.nio.NioSocketChannel.doFinishConnect(NioSocketChannel.java:327)
	at org.apache.ratis.thirdparty.io.netty.channel.nio.AbstractNioChannel$AbstractNioUnsafe.finishConnect(AbstractNioChannel.java:340)
	at org.apache.ratis.thirdparty.io.netty.channel.nio.NioEventLoop.processSelectedKey(NioEventLoop.java:632)
	at org.apache.ratis.thirdparty.io.netty.channel.nio.NioEventLoop.processSelectedKeysOptimized(NioEventLoop.java:579)
	at org.apache.ratis.thirdparty.io.netty.channel.nio.NioEventLoop.processSelectedKeys(NioEventLoop.java:496)
	at org.apache.ratis.thirdparty.io.netty.channel.nio.NioEventLoop.run(NioEventLoop.java:458)
	at org.apache.ratis.thirdparty.io.netty.util.concurrent.SingleThreadEventExecutor$5.run(SingleThreadEventExecutor.java:897)
	at org.apache.ratis.thirdparty.io.netty.util.concurrent.FastThreadLocalRunnable.run(FastThreadLocalRunnable.java:30)
	... 1 more
Caused by: java.net.ConnectException: Connection refused
	... 11 more
2019-11-05 11:28:47,646 [d8b77924-76ff-4932-a9fa-7ec761e4cf6b@group-0CA4D070D5C4-LeaderElection283] INFO  impl.RaftServerImpl (RaftServerImpl.java:setRole(184)) - d8b77924-76ff-4932-a9fa-7ec761e4cf6b@group-0CA4D070D5C4: changes role from CANDIDATE to FOLLOWER at term 11 for DISCOVERED_A_NEW_TERM
2019-11-05 11:28:47,646 [d8b77924-76ff-4932-a9fa-7ec761e4cf6b@group-0CA4D070D5C4-LeaderElection283] INFO  impl.RoleInfo (RoleInfo.java:shutdownLeaderElection(134)) - d8b77924-76ff-4932-a9fa-7ec761e4cf6b: shutdown LeaderElection
2019-11-05 11:28:47,646 [d8b77924-76ff-4932-a9fa-7ec761e4cf6b@group-0CA4D070D5C4-LeaderElection283] INFO  impl.RoleInfo (RoleInfo.java:updateAndGet(143)) - d8b77924-76ff-4932-a9fa-7ec761e4cf6b: start FollowerState
2019-11-05 11:28:47,647 [grpc-default-executor-4] INFO  impl.RaftServerImpl (RaftServerImpl.java:setRole(184)) - 90ecfa43-dab6-49d9-b30c-40ef62bfdf2a@group-E95DC8E8582E: changes role from  FOLLOWER to FOLLOWER at term 196 for recognizeCandidate:687f579d-1680-4dd5-8b24-01f078298cef
2019-11-05 11:28:47,648 [grpc-default-executor-4] INFO  impl.RoleInfo (RoleInfo.java:shutdownFollowerState(121)) - 90ecfa43-dab6-49d9-b30c-40ef62bfdf2a: shutdown FollowerState
2019-11-05 11:28:47,648 [grpc-default-executor-4] INFO  impl.RoleInfo (RoleInfo.java:updateAndGet(143)) - 90ecfa43-dab6-49d9-b30c-40ef62bfdf2a: start FollowerState
2019-11-05 11:28:47,648 [Thread-2467] INFO  impl.FollowerState (FollowerState.java:run(117)) - 90ecfa43-dab6-49d9-b30c-40ef62bfdf2a@group-E95DC8E8582E-FollowerState was interrupted: java.lang.InterruptedException: sleep interrupted
2019-11-05 11:28:47,649 [grpc-default-executor-9] INFO  impl.RaftServerImpl (RaftServerImpl.java:setRole(184)) - b8bf4e9b-064a-4520-981c-d6c40c833497@group-E95DC8E8582E: changes role from  FOLLOWER to FOLLOWER at term 196 for recognizeCandidate:687f579d-1680-4dd5-8b24-01f078298cef
2019-11-05 11:28:47,649 [grpc-default-executor-9] INFO  impl.RoleInfo (RoleInfo.java:shutdownFollowerState(121)) - b8bf4e9b-064a-4520-981c-d6c40c833497: shutdown FollowerState
2019-11-05 11:28:47,650 [grpc-default-executor-9] INFO  impl.RoleInfo (RoleInfo.java:updateAndGet(143)) - b8bf4e9b-064a-4520-981c-d6c40c833497: start FollowerState
2019-11-05 11:28:47,650 [Thread-2468] INFO  impl.FollowerState (FollowerState.java:run(117)) - b8bf4e9b-064a-4520-981c-d6c40c833497@group-E95DC8E8582E-FollowerState was interrupted: java.lang.InterruptedException: sleep interrupted
2019-11-05 11:28:47,666 [687f579d-1680-4dd5-8b24-01f078298cef@group-E95DC8E8582E-LeaderElection282] INFO  impl.LeaderElection (LeaderElection.java:logAndReturn(56)) - 687f579d-1680-4dd5-8b24-01f078298cef@group-E95DC8E8582E-LeaderElection282: Election REJECTED; received 2 response(s) [687f579d-1680-4dd5-8b24-01f078298cef<-90ecfa43-dab6-49d9-b30c-40ef62bfdf2a#0:FAIL-t196, 687f579d-1680-4dd5-8b24-01f078298cef<-b8bf4e9b-064a-4520-981c-d6c40c833497#0:FAIL-t196] and 0 exception(s); 687f579d-1680-4dd5-8b24-01f078298cef@group-E95DC8E8582E:t196, leader=null, voted=687f579d-1680-4dd5-8b24-01f078298cef, raftlog=687f579d-1680-4dd5-8b24-01f078298cef@group-E95DC8E8582E-SegmentedRaftLog:OPENED:c-1,f-1,i0, conf=-1: [90ecfa43-dab6-49d9-b30c-40ef62bfdf2a:192.168.157.252:34192, 687f579d-1680-4dd5-8b24-01f078298cef:192.168.157.252:37962, b8bf4e9b-064a-4520-981c-d6c40c833497:192.168.157.252:43407], old=null
2019-11-05 11:28:47,666 [687f579d-1680-4dd5-8b24-01f078298cef@group-E95DC8E8582E-LeaderElection282] INFO  impl.RaftServerImpl (RaftServerImpl.java:setRole(184)) - 687f579d-1680-4dd5-8b24-01f078298cef@group-E95DC8E8582E: changes role from CANDIDATE to FOLLOWER at term 196 for DISCOVERED_A_NEW_TERM
2019-11-05 11:28:47,666 [687f579d-1680-4dd5-8b24-01f078298cef@group-E95DC8E8582E-LeaderElection282] INFO  impl.RoleInfo (RoleInfo.java:shutdownLeaderElection(134)) - 687f579d-1680-4dd5-8b24-01f078298cef: shutdown LeaderElection
2019-11-05 11:28:47,666 [687f579d-1680-4dd5-8b24-01f078298cef@group-E95DC8E8582E-LeaderElection282] INFO  impl.RoleInfo (RoleInfo.java:updateAndGet(143)) - 687f579d-1680-4dd5-8b24-01f078298cef: start FollowerState
2019-11-05 11:28:47,736 [Thread-2476] INFO  impl.FollowerState (FollowerState.java:run(108)) - 687f579d-1680-4dd5-8b24-01f078298cef@group-E95DC8E8582E-FollowerState: change to CANDIDATE, lastRpcTime:69ms, electionTimeout:69ms
2019-11-05 11:28:47,736 [Thread-2476] INFO  impl.RoleInfo (RoleInfo.java:shutdownFollowerState(121)) - 687f579d-1680-4dd5-8b24-01f078298cef: shutdown FollowerState
2019-11-05 11:28:47,736 [Thread-2476] INFO  impl.RaftServerImpl (RaftServerImpl.java:setRole(184)) - 687f579d-1680-4dd5-8b24-01f078298cef@group-E95DC8E8582E: changes role from  FOLLOWER to CANDIDATE at term 196 for changeToCandidate
2019-11-05 11:28:47,745 [Thread-2476] INFO  impl.RoleInfo (RoleInfo.java:updateAndGet(143)) - 687f579d-1680-4dd5-8b24-01f078298cef: start LeaderElection
2019-11-05 11:28:47,756 [687f579d-1680-4dd5-8b24-01f078298cef@group-E95DC8E8582E-LeaderElection284] INFO  impl.LeaderElection (LeaderElection.java:askForVotes(178)) - 687f579d-1680-4dd5-8b24-01f078298cef@group-E95DC8E8582E-LeaderElection284: begin an election at term 197 for -1: [90ecfa43-dab6-49d9-b30c-40ef62bfdf2a:192.168.157.252:34192, 687f579d-1680-4dd5-8b24-01f078298cef:192.168.157.252:37962, b8bf4e9b-064a-4520-981c-d6c40c833497:192.168.157.252:43407], old=null
2019-11-05 11:28:47,758 [grpc-default-executor-4] INFO  impl.RaftServerImpl (RaftServerImpl.java:setRole(184)) - 90ecfa43-dab6-49d9-b30c-40ef62bfdf2a@group-E95DC8E8582E: changes role from  FOLLOWER to FOLLOWER at term 197 for recognizeCandidate:687f579d-1680-4dd5-8b24-01f078298cef
2019-11-05 11:28:47,758 [grpc-default-executor-4] INFO  impl.RoleInfo (RoleInfo.java:shutdownFollowerState(121)) - 90ecfa43-dab6-49d9-b30c-40ef62bfdf2a: shutdown FollowerState
2019-11-05 11:28:47,758 [grpc-default-executor-4] INFO  impl.RoleInfo (RoleInfo.java:updateAndGet(143)) - 90ecfa43-dab6-49d9-b30c-40ef62bfdf2a: start FollowerState
2019-11-05 11:28:47,759 [grpc-default-executor-9] INFO  impl.RaftServerImpl (RaftServerImpl.java:setRole(184)) - b8bf4e9b-064a-4520-981c-d6c40c833497@group-E95DC8E8582E: changes role from  FOLLOWER to FOLLOWER at term 197 for recognizeCandidate:687f579d-1680-4dd5-8b24-01f078298cef
2019-11-05 11:28:47,759 [grpc-default-executor-9] INFO  impl.RoleInfo (RoleInfo.java:shutdownFollowerState(121)) - b8bf4e9b-064a-4520-981c-d6c40c833497: shutdown FollowerState
2019-11-05 11:28:47,759 [grpc-default-executor-9] INFO  impl.RoleInfo (RoleInfo.java:updateAndGet(143)) - b8bf4e9b-064a-4520-981c-d6c40c833497: start FollowerState
2019-11-05 11:28:47,760 [Thread-2475] INFO  impl.FollowerState (FollowerState.java:run(117)) - b8bf4e9b-064a-4520-981c-d6c40c833497@group-E95DC8E8582E-FollowerState was interrupted: java.lang.InterruptedException: sleep interrupted
2019-11-05 11:28:47,765 [Thread-2474] INFO  impl.FollowerState (FollowerState.java:run(117)) - 90ecfa43-dab6-49d9-b30c-40ef62bfdf2a@group-E95DC8E8582E-FollowerState was interrupted: java.lang.InterruptedException: sleep interrupted
2019-11-05 11:28:47,783 [main] INFO  ozoneimpl.OzoneContainer (OzoneContainer.java:stop(227)) - Attempting to stop container services.
2019-11-05 11:28:47,785 [main] INFO  impl.RaftServerProxy (RaftServerProxy.java:lambda$close$4(314)) - 687f579d-1680-4dd5-8b24-01f078298cef: close
2019-11-05 11:28:47,785 [main] INFO  impl.RaftServerImpl (RaftServerImpl.java:lambda$shutdown$3(261)) - 687f579d-1680-4dd5-8b24-01f078298cef@group-B08536B55BF1: shutdown
2019-11-05 11:28:47,787 [main] INFO  util.JmxRegister (JmxRegister.java:unregister(73)) - Successfully un-registered JMX Bean with object name Ratis:service=RaftServer,group=group-B08536B55BF1,id=687f579d-1680-4dd5-8b24-01f078298cef
2019-11-05 11:28:47,788 [main] INFO  impl.RoleInfo (RoleInfo.java:shutdownLeaderState(104)) - 687f579d-1680-4dd5-8b24-01f078298cef: shutdown LeaderState
2019-11-05 11:28:47,788 [main] INFO  impl.PendingRequests (PendingRequests.java:sendNotLeaderResponses(202)) - 687f579d-1680-4dd5-8b24-01f078298cef@group-B08536B55BF1-PendingRequests: sendNotLeaderResponses
2019-11-05 11:28:47,789 [main] INFO  impl.StateMachineUpdater (StateMachineUpdater.java:stopAndJoin(136)) - 687f579d-1680-4dd5-8b24-01f078298cef@group-B08536B55BF1-StateMachineUpdater: set stopIndex = 0
2019-11-05 11:28:47,789 [main] INFO  impl.RaftServerImpl (ServerState.java:close(388)) - 687f579d-1680-4dd5-8b24-01f078298cef@group-B08536B55BF1: closes. applyIndex: 0
2019-11-05 11:28:47,790 [687f579d-1680-4dd5-8b24-01f078298cef@group-B08536B55BF1-SegmentedRaftLogWorker] INFO  segmented.SegmentedRaftLogWorker (SegmentedRaftLogWorker.java:run(316)) - 687f579d-1680-4dd5-8b24-01f078298cef@group-B08536B55BF1-SegmentedRaftLogWorker was interrupted, exiting. There are 0 tasks remaining in the queue.
2019-11-05 11:28:47,800 [main] INFO  segmented.SegmentedRaftLogWorker (SegmentedRaftLogWorker.java:close(224)) - 687f579d-1680-4dd5-8b24-01f078298cef@group-B08536B55BF1-SegmentedRaftLogWorker close()
2019-11-05 11:28:47,804 [main] INFO  impl.RaftServerImpl (RaftServerImpl.java:lambda$shutdown$3(261)) - 687f579d-1680-4dd5-8b24-01f078298cef@group-E95DC8E8582E: shutdown
2019-11-05 11:28:47,804 [main] INFO  util.JmxRegister (JmxRegister.java:unregister(73)) - Successfully un-registered JMX Bean with object name Ratis:service=RaftServer,group=group-E95DC8E8582E,id=687f579d-1680-4dd5-8b24-01f078298cef
2019-11-05 11:28:47,804 [main] INFO  impl.RoleInfo (RoleInfo.java:shutdownLeaderElection(134)) - 687f579d-1680-4dd5-8b24-01f078298cef: shutdown LeaderElection
2019-11-05 11:28:47,805 [main] INFO  impl.StateMachineUpdater (StateMachineUpdater.java:stopAndJoin(136)) - 687f579d-1680-4dd5-8b24-01f078298cef@group-E95DC8E8582E-StateMachineUpdater: set stopIndex = -1
2019-11-05 11:28:47,805 [687f579d-1680-4dd5-8b24-01f078298cef@group-E95DC8E8582E-LeaderElection284] INFO  impl.LeaderElection (LeaderElection.java:logAndReturn(56)) - 687f579d-1680-4dd5-8b24-01f078298cef@group-E95DC8E8582E-LeaderElection284: Election REJECTED; received 2 response(s) [687f579d-1680-4dd5-8b24-01f078298cef<-90ecfa43-dab6-49d9-b30c-40ef62bfdf2a#0:FAIL-t197, 687f579d-1680-4dd5-8b24-01f078298cef<-b8bf4e9b-064a-4520-981c-d6c40c833497#0:FAIL-t197] and 0 exception(s); 687f579d-1680-4dd5-8b24-01f078298cef@group-E95DC8E8582E:t197, leader=null, voted=687f579d-1680-4dd5-8b24-01f078298cef, raftlog=687f579d-1680-4dd5-8b24-01f078298cef@group-E95DC8E8582E-SegmentedRaftLog:OPENED:c-1,f-1,i0, conf=-1: [90ecfa43-dab6-49d9-b30c-40ef62bfdf2a:192.168.157.252:34192, 687f579d-1680-4dd5-8b24-01f078298cef:192.168.157.252:37962, b8bf4e9b-064a-4520-981c-d6c40c833497:192.168.157.252:43407], old=null
2019-11-05 11:28:47,805 [main] INFO  impl.RaftServerImpl (ServerState.java:close(388)) - 687f579d-1680-4dd5-8b24-01f078298cef@group-E95DC8E8582E: closes. applyIndex: -1
2019-11-05 11:28:47,815 [687f579d-1680-4dd5-8b24-01f078298cef@group-E95DC8E8582E-SegmentedRaftLogWorker] INFO  segmented.SegmentedRaftLogWorker (SegmentedRaftLogWorker.java:run(316)) - 687f579d-1680-4dd5-8b24-01f078298cef@group-E95DC8E8582E-SegmentedRaftLogWorker was interrupted, exiting. There are 0 tasks remaining in the queue.
2019-11-05 11:28:47,815 [main] INFO  segmented.SegmentedRaftLogWorker (SegmentedRaftLogWorker.java:close(224)) - 687f579d-1680-4dd5-8b24-01f078298cef@group-E95DC8E8582E-SegmentedRaftLogWorker close()
2019-11-05 11:28:47,819 [ForkJoinPool.commonPool-worker-0] INFO  ozoneimpl.OzoneContainer (OzoneContainer.java:stop(227)) - Attempting to stop container services.
2019-11-05 11:28:47,819 [ForkJoinPool.commonPool-worker-0] INFO  impl.RaftServerProxy (RaftServerProxy.java:lambda$close$4(314)) - 1eca16cc-5184-4e43-8e55-175d1516eae4: close
2019-11-05 11:28:47,819 [main] INFO  server.GrpcService (GrpcService.java:closeImpl(164)) - 687f579d-1680-4dd5-8b24-01f078298cef: shutdown server with port 37962 now
2019-11-05 11:28:47,819 [ForkJoinPool.commonPool-worker-0] INFO  impl.RaftServerImpl (RaftServerImpl.java:lambda$shutdown$3(261)) - 1eca16cc-5184-4e43-8e55-175d1516eae4@group-563893D7657A: shutdown
2019-11-05 11:28:47,820 [ForkJoinPool.commonPool-worker-0] INFO  util.JmxRegister (JmxRegister.java:unregister(73)) - Successfully un-registered JMX Bean with object name Ratis:service=RaftServer,group=group-563893D7657A,id=1eca16cc-5184-4e43-8e55-175d1516eae4
2019-11-05 11:28:47,820 [ForkJoinPool.commonPool-worker-0] INFO  impl.RoleInfo (RoleInfo.java:shutdownLeaderState(104)) - 1eca16cc-5184-4e43-8e55-175d1516eae4: shutdown LeaderState
2019-11-05 11:28:47,820 [ForkJoinPool.commonPool-worker-0] INFO  impl.PendingRequests (PendingRequests.java:sendNotLeaderResponses(202)) - 1eca16cc-5184-4e43-8e55-175d1516eae4@group-563893D7657A-PendingRequests: sendNotLeaderResponses
2019-11-05 11:28:47,820 [ForkJoinPool.commonPool-worker-0] INFO  impl.StateMachineUpdater (StateMachineUpdater.java:stopAndJoin(136)) - 1eca16cc-5184-4e43-8e55-175d1516eae4@group-563893D7657A-StateMachineUpdater: set stopIndex = 0
2019-11-05 11:28:47,821 [ForkJoinPool.commonPool-worker-0] INFO  impl.RaftServerImpl (ServerState.java:close(388)) - 1eca16cc-5184-4e43-8e55-175d1516eae4@group-563893D7657A: closes. applyIndex: 0
2019-11-05 11:28:47,822 [main] INFO  server.GrpcService (GrpcService.java:closeImpl(172)) - 687f579d-1680-4dd5-8b24-01f078298cef: shutdown server with port 37962 successfully
2019-11-05 11:28:47,822 [1eca16cc-5184-4e43-8e55-175d1516eae4@group-563893D7657A-SegmentedRaftLogWorker] INFO  segmented.SegmentedRaftLogWorker (SegmentedRaftLogWorker.java:run(316)) - 1eca16cc-5184-4e43-8e55-175d1516eae4@group-563893D7657A-SegmentedRaftLogWorker was interrupted, exiting. There are 0 tasks remaining in the queue.
2019-11-05 11:28:47,827 [ForkJoinPool.commonPool-worker-0] INFO  segmented.SegmentedRaftLogWorker (SegmentedRaftLogWorker.java:close(224)) - 1eca16cc-5184-4e43-8e55-175d1516eae4@group-563893D7657A-SegmentedRaftLogWorker close()
2019-11-05 11:28:47,838 [ForkJoinPool.commonPool-worker-0] INFO  impl.RaftServerImpl (RaftServerImpl.java:lambda$shutdown$3(261)) - 1eca16cc-5184-4e43-8e55-175d1516eae4@group-21C72E9484D5: shutdown
2019-11-05 11:28:47,838 [ForkJoinPool.commonPool-worker-0] INFO  util.JmxRegister (JmxRegister.java:unregister(73)) - Successfully un-registered JMX Bean with object name Ratis:service=RaftServer,group=group-21C72E9484D5,id=1eca16cc-5184-4e43-8e55-175d1516eae4
2019-11-05 11:28:47,839 [ForkJoinPool.commonPool-worker-0] INFO  impl.RoleInfo (RoleInfo.java:shutdownFollowerState(121)) - 1eca16cc-5184-4e43-8e55-175d1516eae4: shutdown FollowerState
2019-11-05 11:28:47,839 [ForkJoinPool.commonPool-worker-0] INFO  impl.StateMachineUpdater (StateMachineUpdater.java:stopAndJoin(136)) - 1eca16cc-5184-4e43-8e55-175d1516eae4@group-21C72E9484D5-StateMachineUpdater: set stopIndex = -1
2019-11-05 11:28:47,839 [Thread-2455] INFO  impl.FollowerState (FollowerState.java:run(117)) - 1eca16cc-5184-4e43-8e55-175d1516eae4@group-21C72E9484D5-FollowerState was interrupted: java.lang.InterruptedException: sleep interrupted
2019-11-05 11:28:47,840 [refreshUsed-/workdir/hadoop-ozone/integration-test/target/test-dir/MiniOzoneClusterImpl-6b0fc4fe-9997-4a80-bab7-b3d82b6e3879/datanode-8/data/containers] WARN  fs.CachingGetSpaceUsed (CachingGetSpaceUsed.java:run(183)) - Thread Interrupted waiting to refresh disk information: sleep interrupted
2019-11-05 11:28:47,840 [ForkJoinPool.commonPool-worker-0] INFO  impl.RaftServerImpl (ServerState.java:close(388)) - 1eca16cc-5184-4e43-8e55-175d1516eae4@group-21C72E9484D5: closes. applyIndex: -1
2019-11-05 11:28:47,841 [1eca16cc-5184-4e43-8e55-175d1516eae4@group-21C72E9484D5-SegmentedRaftLogWorker] INFO  segmented.SegmentedRaftLogWorker (SegmentedRaftLogWorker.java:run(316)) - 1eca16cc-5184-4e43-8e55-175d1516eae4@group-21C72E9484D5-SegmentedRaftLogWorker was interrupted, exiting. There are 0 tasks remaining in the queue.
2019-11-05 11:28:47,842 [ForkJoinPool.commonPool-worker-0] INFO  segmented.SegmentedRaftLogWorker (SegmentedRaftLogWorker.java:close(224)) - 1eca16cc-5184-4e43-8e55-175d1516eae4@group-21C72E9484D5-SegmentedRaftLogWorker close()
2019-11-05 11:28:47,847 [ForkJoinPool.commonPool-worker-0] INFO  server.GrpcService (GrpcService.java:closeImpl(164)) - 1eca16cc-5184-4e43-8e55-175d1516eae4: shutdown server with port 41127 now
2019-11-05 11:28:47,850 [ForkJoinPool.commonPool-worker-0] INFO  server.GrpcService (GrpcService.java:closeImpl(172)) - 1eca16cc-5184-4e43-8e55-175d1516eae4: shutdown server with port 41127 successfully
2019-11-05 11:28:47,854 [refreshUsed-/workdir/hadoop-ozone/integration-test/target/test-dir/MiniOzoneClusterImpl-6b0fc4fe-9997-4a80-bab7-b3d82b6e3879/datanode-4/data/containers] WARN  fs.CachingGetSpaceUsed (CachingGetSpaceUsed.java:run(183)) - Thread Interrupted waiting to refresh disk information: sleep interrupted
2019-11-05 11:28:47,879 [main] INFO  utils.BackgroundService (BackgroundService.java:shutdown(151)) - Shutting down service BlockDeletingService
2019-11-05 11:28:47,890 [ForkJoinPool.commonPool-worker-0] INFO  utils.BackgroundService (BackgroundService.java:shutdown(151)) - Shutting down service BlockDeletingService
2019-11-05 11:28:47,893 [main] INFO  statemachine.DatanodeStateMachine (DatanodeStateMachine.java:stopDaemon(395)) - Ozone container server stopped.
2019-11-05 11:28:47,911 [main] INFO  handler.ContextHandler (ContextHandler.java:doStop(910)) - Stopped o.e.j.w.WebAppContext@625dfff3{/,null,UNAVAILABLE}{/hddsDatanode}
2019-11-05 11:28:47,915 [ForkJoinPool.commonPool-worker-0] INFO  statemachine.DatanodeStateMachine (DatanodeStateMachine.java:stopDaemon(395)) - Ozone container server stopped.
2019-11-05 11:28:47,917 [main] INFO  server.AbstractConnector (AbstractConnector.java:doStop(318)) - Stopped ServerConnector@26350ea2{HTTP/1.1,[http/1.1]}{0.0.0.0:0}
2019-11-05 11:28:47,918 [main] INFO  handler.ContextHandler (ContextHandler.java:doStop(910)) - Stopped o.e.j.s.ServletContextHandler@7c8c70d6{/static,jar:file:/home/user/.m2/repository/org/apache/hadoop/hadoop-hdds-container-service/0.5.0-SNAPSHOT/hadoop-hdds-container-service-0.5.0-SNAPSHOT.jar!/webapps/static,UNAVAILABLE}
2019-11-05 11:28:47,919 [main] INFO  handler.ContextHandler (ContextHandler.java:doStop(910)) - Stopped o.e.j.s.ServletContextHandler@34780cd9{/logs,file:///workdir/hadoop-ozone/integration-test/target/log,UNAVAILABLE}
2019-11-05 11:28:47,921 [ForkJoinPool.commonPool-worker-0] INFO  handler.ContextHandler (ContextHandler.java:doStop(910)) - Stopped o.e.j.w.WebAppContext@4a163575{/,null,UNAVAILABLE}{/hddsDatanode}
2019-11-05 11:28:47,922 [ForkJoinPool.commonPool-worker-0] INFO  server.AbstractConnector (AbstractConnector.java:doStop(318)) - Stopped ServerConnector@7e642b88{HTTP/1.1,[http/1.1]}{0.0.0.0:0}
2019-11-05 11:28:47,924 [ForkJoinPool.commonPool-worker-0] INFO  handler.ContextHandler (ContextHandler.java:doStop(910)) - Stopped o.e.j.s.ServletContextHandler@4d21c56e{/static,jar:file:/home/user/.m2/repository/org/apache/hadoop/hadoop-hdds-container-service/0.5.0-SNAPSHOT/hadoop-hdds-container-service-0.5.0-SNAPSHOT.jar!/webapps/static,UNAVAILABLE}
2019-11-05 11:28:47,925 [ForkJoinPool.commonPool-worker-0] INFO  handler.ContextHandler (ContextHandler.java:doStop(910)) - Stopped o.e.j.s.ServletContextHandler@5624657a{/logs,file:///workdir/hadoop-ozone/integration-test/target/log,UNAVAILABLE}
2019-11-05 11:28:47,980 [Datanode State Machine Thread - 0] INFO  statemachine.DatanodeStateMachine (DatanodeStateMachine.java:lambda$startDaemon$0(350)) - Ozone container server started.
2019-11-05 11:28:48,711 [Datanode State Machine Thread - 0] INFO  statemachine.DatanodeStateMachine (DatanodeStateMachine.java:lambda$startDaemon$0(350)) - Ozone container server started.
2019-11-05 11:28:48,847 [Thread-2473] INFO  impl.FollowerState (FollowerState.java:run(108)) - d8b77924-76ff-4932-a9fa-7ec761e4cf6b@group-0CA4D070D5C4-FollowerState: change to CANDIDATE, lastRpcTime:1200ms, electionTimeout:1200ms
2019-11-05 11:28:48,847 [Thread-2473] INFO  impl.RoleInfo (RoleInfo.java:shutdownFollowerState(121)) - d8b77924-76ff-4932-a9fa-7ec761e4cf6b: shutdown FollowerState
2019-11-05 11:28:48,847 [Thread-2473] INFO  impl.RaftServerImpl (RaftServerImpl.java:setRole(184)) - d8b77924-76ff-4932-a9fa-7ec761e4cf6b@group-0CA4D070D5C4: changes role from  FOLLOWER to CANDIDATE at term 11 for changeToCandidate
2019-11-05 11:28:48,847 [Thread-2473] INFO  impl.RoleInfo (RoleInfo.java:updateAndGet(143)) - d8b77924-76ff-4932-a9fa-7ec761e4cf6b: start LeaderElection
2019-11-05 11:28:48,863 [d8b77924-76ff-4932-a9fa-7ec761e4cf6b@group-0CA4D070D5C4-LeaderElection285] INFO  impl.LeaderElection (LeaderElection.java:askForVotes(178)) - d8b77924-76ff-4932-a9fa-7ec761e4cf6b@group-0CA4D070D5C4-LeaderElection285: begin an election at term 12 for 0: [93bc9e78-ae56-4fee-a007-4b156d649157:192.168.157.252:38000, d8b77924-76ff-4932-a9fa-7ec761e4cf6b:192.168.157.252:40377, bd42c95e-cd41-4cbd-85b3-b330cc3c4f94:192.168.157.252:33158], old=null
2019-11-05 11:28:48,864 [d8b77924-76ff-4932-a9fa-7ec761e4cf6b@group-0CA4D070D5C4-LeaderElection285] INFO  impl.LeaderElection (LogUtils.java:infoOrTrace(149)) - d8b77924-76ff-4932-a9fa-7ec761e4cf6b@group-0CA4D070D5C4-LeaderElection285 got exception when requesting votes: {}
java.util.concurrent.ExecutionException: org.apache.ratis.thirdparty.io.grpc.StatusRuntimeException: UNAVAILABLE: io exception
	at java.util.concurrent.FutureTask.report(FutureTask.java:122)
	at java.util.concurrent.FutureTask.get(FutureTask.java:192)
	at org.apache.ratis.server.impl.LeaderElection.waitForResults(LeaderElection.java:259)
	at org.apache.ratis.server.impl.LeaderElection.askForVotes(LeaderElection.java:197)
	at org.apache.ratis.server.impl.LeaderElection.run(LeaderElection.java:133)
	at java.lang.Thread.run(Thread.java:748)
Caused by: org.apache.ratis.thirdparty.io.grpc.StatusRuntimeException: UNAVAILABLE: io exception
	at org.apache.ratis.thirdparty.io.grpc.stub.ClientCalls.toStatusRuntimeException(ClientCalls.java:233)
	at org.apache.ratis.thirdparty.io.grpc.stub.ClientCalls.getUnchecked(ClientCalls.java:214)
	at org.apache.ratis.thirdparty.io.grpc.stub.ClientCalls.blockingUnaryCall(ClientCalls.java:139)
	at org.apache.ratis.proto.grpc.RaftServerProtocolServiceGrpc$RaftServerProtocolServiceBlockingStub.requestVote(RaftServerProtocolServiceGrpc.java:265)
	at org.apache.ratis.grpc.server.GrpcServerProtocolClient.requestVote(GrpcServerProtocolClient.java:99)
	at org.apache.ratis.grpc.server.GrpcService.requestVote(GrpcService.java:204)
	at org.apache.ratis.server.impl.LeaderElection.lambda$submitRequests$1(LeaderElection.java:234)
	at java.util.concurrent.FutureTask.run(FutureTask.java:266)
	at java.util.concurrent.Executors$RunnableAdapter.call(Executors.java:511)
	at java.util.concurrent.FutureTask.run(FutureTask.java:266)
	at java.util.concurrent.ThreadPoolExecutor.runWorker(ThreadPoolExecutor.java:1149)
	at java.util.concurrent.ThreadPoolExecutor$Worker.run(ThreadPoolExecutor.java:624)
	... 1 more
Caused by: org.apache.ratis.thirdparty.io.netty.channel.AbstractChannel$AnnotatedConnectException: Connection refused: /192.168.157.252:38000
	at sun.nio.ch.SocketChannelImpl.checkConnect(Native Method)
	at sun.nio.ch.SocketChannelImpl.finishConnect(SocketChannelImpl.java:717)
	at org.apache.ratis.thirdparty.io.netty.channel.socket.nio.NioSocketChannel.doFinishConnect(NioSocketChannel.java:327)
	at org.apache.ratis.thirdparty.io.netty.channel.nio.AbstractNioChannel$AbstractNioUnsafe.finishConnect(AbstractNioChannel.java:340)
	at org.apache.ratis.thirdparty.io.netty.channel.nio.NioEventLoop.processSelectedKey(NioEventLoop.java:632)
	at org.apache.ratis.thirdparty.io.netty.channel.nio.NioEventLoop.processSelectedKeysOptimized(NioEventLoop.java:579)
	at org.apache.ratis.thirdparty.io.netty.channel.nio.NioEventLoop.processSelectedKeys(NioEventLoop.java:496)
	at org.apache.ratis.thirdparty.io.netty.channel.nio.NioEventLoop.run(NioEventLoop.java:458)
	at org.apache.ratis.thirdparty.io.netty.util.concurrent.SingleThreadEventExecutor$5.run(SingleThreadEventExecutor.java:897)
	at org.apache.ratis.thirdparty.io.netty.util.concurrent.FastThreadLocalRunnable.run(FastThreadLocalRunnable.java:30)
	... 1 more
Caused by: java.net.ConnectException: Connection refused
	... 11 more
2019-11-05 11:28:48,869 [d8b77924-76ff-4932-a9fa-7ec761e4cf6b@group-0CA4D070D5C4-LeaderElection285] INFO  impl.LeaderElection (LogUtils.java:infoOrTrace(149)) - d8b77924-76ff-4932-a9fa-7ec761e4cf6b@group-0CA4D070D5C4-LeaderElection285 got exception when requesting votes: {}
java.util.concurrent.ExecutionException: org.apache.ratis.thirdparty.io.grpc.StatusRuntimeException: UNAVAILABLE: io exception
	at java.util.concurrent.FutureTask.report(FutureTask.java:122)
	at java.util.concurrent.FutureTask.get(FutureTask.java:192)
	at org.apache.ratis.server.impl.LeaderElection.waitForResults(LeaderElection.java:259)
	at org.apache.ratis.server.impl.LeaderElection.askForVotes(LeaderElection.java:197)
	at org.apache.ratis.server.impl.LeaderElection.run(LeaderElection.java:133)
	at java.lang.Thread.run(Thread.java:748)
Caused by: org.apache.ratis.thirdparty.io.grpc.StatusRuntimeException: UNAVAILABLE: io exception
	at org.apache.ratis.thirdparty.io.grpc.stub.ClientCalls.toStatusRuntimeException(ClientCalls.java:233)
	at org.apache.ratis.thirdparty.io.grpc.stub.ClientCalls.getUnchecked(ClientCalls.java:214)
	at org.apache.ratis.thirdparty.io.grpc.stub.ClientCalls.blockingUnaryCall(ClientCalls.java:139)
	at org.apache.ratis.proto.grpc.RaftServerProtocolServiceGrpc$RaftServerProtocolServiceBlockingStub.requestVote(RaftServerProtocolServiceGrpc.java:265)
	at org.apache.ratis.grpc.server.GrpcServerProtocolClient.requestVote(GrpcServerProtocolClient.java:99)
	at org.apache.ratis.grpc.server.GrpcService.requestVote(GrpcService.java:204)
	at org.apache.ratis.server.impl.LeaderElection.lambda$submitRequests$1(LeaderElection.java:234)
	at java.util.concurrent.FutureTask.run(FutureTask.java:266)
	at java.util.concurrent.Executors$RunnableAdapter.call(Executors.java:511)
	at java.util.concurrent.FutureTask.run(FutureTask.java:266)
	at java.util.concurrent.ThreadPoolExecutor.runWorker(ThreadPoolExecutor.java:1149)
	at java.util.concurrent.ThreadPoolExecutor$Worker.run(ThreadPoolExecutor.java:624)
	... 1 more
Caused by: org.apache.ratis.thirdparty.io.netty.channel.AbstractChannel$AnnotatedConnectException: Connection refused: /192.168.157.252:33158
	at sun.nio.ch.SocketChannelImpl.checkConnect(Native Method)
	at sun.nio.ch.SocketChannelImpl.finishConnect(SocketChannelImpl.java:717)
	at org.apache.ratis.thirdparty.io.netty.channel.socket.nio.NioSocketChannel.doFinishConnect(NioSocketChannel.java:327)
	at org.apache.ratis.thirdparty.io.netty.channel.nio.AbstractNioChannel$AbstractNioUnsafe.finishConnect(AbstractNioChannel.java:340)
	at org.apache.ratis.thirdparty.io.netty.channel.nio.NioEventLoop.processSelectedKey(NioEventLoop.java:632)
	at org.apache.ratis.thirdparty.io.netty.channel.nio.NioEventLoop.processSelectedKeysOptimized(NioEventLoop.java:579)
	at org.apache.ratis.thirdparty.io.netty.channel.nio.NioEventLoop.processSelectedKeys(NioEventLoop.java:496)
	at org.apache.ratis.thirdparty.io.netty.channel.nio.NioEventLoop.run(NioEventLoop.java:458)
	at org.apache.ratis.thirdparty.io.netty.util.concurrent.SingleThreadEventExecutor$5.run(SingleThreadEventExecutor.java:897)
	at org.apache.ratis.thirdparty.io.netty.util.concurrent.FastThreadLocalRunnable.run(FastThreadLocalRunnable.java:30)
	... 1 more
Caused by: java.net.ConnectException: Connection refused
	... 11 more
2019-11-05 11:28:48,871 [d8b77924-76ff-4932-a9fa-7ec761e4cf6b@group-0CA4D070D5C4-LeaderElection285] INFO  impl.LeaderElection (LeaderElection.java:logAndReturn(56)) - d8b77924-76ff-4932-a9fa-7ec761e4cf6b@group-0CA4D070D5C4-LeaderElection285: Election REJECTED; received 0 response(s) [] and 2 exception(s); d8b77924-76ff-4932-a9fa-7ec761e4cf6b@group-0CA4D070D5C4:t12, leader=null, voted=d8b77924-76ff-4932-a9fa-7ec761e4cf6b, raftlog=d8b77924-76ff-4932-a9fa-7ec761e4cf6b@group-0CA4D070D5C4-SegmentedRaftLog:OPENED:c20,f20,i20, conf=0: [93bc9e78-ae56-4fee-a007-4b156d649157:192.168.157.252:38000, d8b77924-76ff-4932-a9fa-7ec761e4cf6b:192.168.157.252:40377, bd42c95e-cd41-4cbd-85b3-b330cc3c4f94:192.168.157.252:33158], old=null
2019-11-05 11:28:48,871 [Thread-2481] INFO  impl.FollowerState (FollowerState.java:run(108)) - b8bf4e9b-064a-4520-981c-d6c40c833497@group-E95DC8E8582E-FollowerState: change to CANDIDATE, lastRpcTime:1111ms, electionTimeout:1111ms
2019-11-05 11:28:48,871 [d8b77924-76ff-4932-a9fa-7ec761e4cf6b@group-0CA4D070D5C4-LeaderElection285] INFO  impl.LeaderElection (LogUtils.java:infoOrTrace(149)) -   Exception 0: {}
java.util.concurrent.ExecutionException: org.apache.ratis.thirdparty.io.grpc.StatusRuntimeException: UNAVAILABLE: io exception
	at java.util.concurrent.FutureTask.report(FutureTask.java:122)
	at java.util.concurrent.FutureTask.get(FutureTask.java:192)
	at org.apache.ratis.server.impl.LeaderElection.waitForResults(LeaderElection.java:259)
	at org.apache.ratis.server.impl.LeaderElection.askForVotes(LeaderElection.java:197)
	at org.apache.ratis.server.impl.LeaderElection.run(LeaderElection.java:133)
	at java.lang.Thread.run(Thread.java:748)
Caused by: org.apache.ratis.thirdparty.io.grpc.StatusRuntimeException: UNAVAILABLE: io exception
	at org.apache.ratis.thirdparty.io.grpc.stub.ClientCalls.toStatusRuntimeException(ClientCalls.java:233)
	at org.apache.ratis.thirdparty.io.grpc.stub.ClientCalls.getUnchecked(ClientCalls.java:214)
	at org.apache.ratis.thirdparty.io.grpc.stub.ClientCalls.blockingUnaryCall(ClientCalls.java:139)
	at org.apache.ratis.proto.grpc.RaftServerProtocolServiceGrpc$RaftServerProtocolServiceBlockingStub.requestVote(RaftServerProtocolServiceGrpc.java:265)
	at org.apache.ratis.grpc.server.GrpcServerProtocolClient.requestVote(GrpcServerProtocolClient.java:99)
	at org.apache.ratis.grpc.server.GrpcService.requestVote(GrpcService.java:204)
	at org.apache.ratis.server.impl.LeaderElection.lambda$submitRequests$1(LeaderElection.java:234)
	at java.util.concurrent.FutureTask.run(FutureTask.java:266)
	at java.util.concurrent.Executors$RunnableAdapter.call(Executors.java:511)
	at java.util.concurrent.FutureTask.run(FutureTask.java:266)
	at java.util.concurrent.ThreadPoolExecutor.runWorker(ThreadPoolExecutor.java:1149)
	at java.util.concurrent.ThreadPoolExecutor$Worker.run(ThreadPoolExecutor.java:624)
	... 1 more
Caused by: org.apache.ratis.thirdparty.io.netty.channel.AbstractChannel$AnnotatedConnectException: Connection refused: /192.168.157.252:38000
	at sun.nio.ch.SocketChannelImpl.checkConnect(Native Method)
	at sun.nio.ch.SocketChannelImpl.finishConnect(SocketChannelImpl.java:717)
	at org.apache.ratis.thirdparty.io.netty.channel.socket.nio.NioSocketChannel.doFinishConnect(NioSocketChannel.java:327)
	at org.apache.ratis.thirdparty.io.netty.channel.nio.AbstractNioChannel$AbstractNioUnsafe.finishConnect(AbstractNioChannel.java:340)
	at org.apache.ratis.thirdparty.io.netty.channel.nio.NioEventLoop.processSelectedKey(NioEventLoop.java:632)
	at org.apache.ratis.thirdparty.io.netty.channel.nio.NioEventLoop.processSelectedKeysOptimized(NioEventLoop.java:579)
	at org.apache.ratis.thirdparty.io.netty.channel.nio.NioEventLoop.processSelectedKeys(NioEventLoop.java:496)
	at org.apache.ratis.thirdparty.io.netty.channel.nio.NioEventLoop.run(NioEventLoop.java:458)
	at org.apache.ratis.thirdparty.io.netty.util.concurrent.SingleThreadEventExecutor$5.run(SingleThreadEventExecutor.java:897)
	at org.apache.ratis.thirdparty.io.netty.util.concurrent.FastThreadLocalRunnable.run(FastThreadLocalRunnable.java:30)
	... 1 more
Caused by: java.net.ConnectException: Connection refused
	... 11 more
2019-11-05 11:28:48,871 [Thread-2481] INFO  impl.RoleInfo (RoleInfo.java:shutdownFollowerState(121)) - b8bf4e9b-064a-4520-981c-d6c40c833497: shutdown FollowerState
2019-11-05 11:28:48,872 [d8b77924-76ff-4932-a9fa-7ec761e4cf6b@group-0CA4D070D5C4-LeaderElection285] INFO  impl.LeaderElection (LogUtils.java:infoOrTrace(149)) -   Exception 1: {}
java.util.concurrent.ExecutionException: org.apache.ratis.thirdparty.io.grpc.StatusRuntimeException: UNAVAILABLE: io exception
	at java.util.concurrent.FutureTask.report(FutureTask.java:122)
	at java.util.concurrent.FutureTask.get(FutureTask.java:192)
	at org.apache.ratis.server.impl.LeaderElection.waitForResults(LeaderElection.java:259)
	at org.apache.ratis.server.impl.LeaderElection.askForVotes(LeaderElection.java:197)
	at org.apache.ratis.server.impl.LeaderElection.run(LeaderElection.java:133)
	at java.lang.Thread.run(Thread.java:748)
Caused by: org.apache.ratis.thirdparty.io.grpc.StatusRuntimeException: UNAVAILABLE: io exception
	at org.apache.ratis.thirdparty.io.grpc.stub.ClientCalls.toStatusRuntimeException(ClientCalls.java:233)
	at org.apache.ratis.thirdparty.io.grpc.stub.ClientCalls.getUnchecked(ClientCalls.java:214)
	at org.apache.ratis.thirdparty.io.grpc.stub.ClientCalls.blockingUnaryCall(ClientCalls.java:139)
	at org.apache.ratis.proto.grpc.RaftServerProtocolServiceGrpc$RaftServerProtocolServiceBlockingStub.requestVote(RaftServerProtocolServiceGrpc.java:265)
	at org.apache.ratis.grpc.server.GrpcServerProtocolClient.requestVote(GrpcServerProtocolClient.java:99)
	at org.apache.ratis.grpc.server.GrpcService.requestVote(GrpcService.java:204)
	at org.apache.ratis.server.impl.LeaderElection.lambda$submitRequests$1(LeaderElection.java:234)
	at java.util.concurrent.FutureTask.run(FutureTask.java:266)
	at java.util.concurrent.Executors$RunnableAdapter.call(Executors.java:511)
	at java.util.concurrent.FutureTask.run(FutureTask.java:266)
	at java.util.concurrent.ThreadPoolExecutor.runWorker(ThreadPoolExecutor.java:1149)
	at java.util.concurrent.ThreadPoolExecutor$Worker.run(ThreadPoolExecutor.java:624)
	... 1 more
Caused by: org.apache.ratis.thirdparty.io.netty.channel.AbstractChannel$AnnotatedConnectException: Connection refused: /192.168.157.252:33158
	at sun.nio.ch.SocketChannelImpl.checkConnect(Native Method)
	at sun.nio.ch.SocketChannelImpl.finishConnect(SocketChannelImpl.java:717)
	at org.apache.ratis.thirdparty.io.netty.channel.socket.nio.NioSocketChannel.doFinishConnect(NioSocketChannel.java:327)
	at org.apache.ratis.thirdparty.io.netty.channel.nio.AbstractNioChannel$AbstractNioUnsafe.finishConnect(AbstractNioChannel.java:340)
	at org.apache.ratis.thirdparty.io.netty.channel.nio.NioEventLoop.processSelectedKey(NioEventLoop.java:632)
	at org.apache.ratis.thirdparty.io.netty.channel.nio.NioEventLoop.processSelectedKeysOptimized(NioEventLoop.java:579)
	at org.apache.ratis.thirdparty.io.netty.channel.nio.NioEventLoop.processSelectedKeys(NioEventLoop.java:496)
	at org.apache.ratis.thirdparty.io.netty.channel.nio.NioEventLoop.run(NioEventLoop.java:458)
	at org.apache.ratis.thirdparty.io.netty.util.concurrent.SingleThreadEventExecutor$5.run(SingleThreadEventExecutor.java:897)
	at org.apache.ratis.thirdparty.io.netty.util.concurrent.FastThreadLocalRunnable.run(FastThreadLocalRunnable.java:30)
	... 1 more
Caused by: java.net.ConnectException: Connection refused
	... 11 more
2019-11-05 11:28:48,872 [Thread-2481] INFO  impl.RaftServerImpl (RaftServerImpl.java:setRole(184)) - b8bf4e9b-064a-4520-981c-d6c40c833497@group-E95DC8E8582E: changes role from  FOLLOWER to CANDIDATE at term 197 for changeToCandidate
2019-11-05 11:28:48,872 [d8b77924-76ff-4932-a9fa-7ec761e4cf6b@group-0CA4D070D5C4-LeaderElection285] INFO  impl.RaftServerImpl (RaftServerImpl.java:setRole(184)) - d8b77924-76ff-4932-a9fa-7ec761e4cf6b@group-0CA4D070D5C4: changes role from CANDIDATE to FOLLOWER at term 12 for DISCOVERED_A_NEW_TERM
2019-11-05 11:28:48,873 [d8b77924-76ff-4932-a9fa-7ec761e4cf6b@group-0CA4D070D5C4-LeaderElection285] INFO  impl.RoleInfo (RoleInfo.java:shutdownLeaderElection(134)) - d8b77924-76ff-4932-a9fa-7ec761e4cf6b: shutdown LeaderElection
2019-11-05 11:28:48,873 [Thread-2481] INFO  impl.RoleInfo (RoleInfo.java:updateAndGet(143)) - b8bf4e9b-064a-4520-981c-d6c40c833497: start LeaderElection
2019-11-05 11:28:48,873 [d8b77924-76ff-4932-a9fa-7ec761e4cf6b@group-0CA4D070D5C4-LeaderElection285] INFO  impl.RoleInfo (RoleInfo.java:updateAndGet(143)) - d8b77924-76ff-4932-a9fa-7ec761e4cf6b: start FollowerState
2019-11-05 11:28:48,886 [b8bf4e9b-064a-4520-981c-d6c40c833497@group-E95DC8E8582E-LeaderElection286] INFO  impl.LeaderElection (LeaderElection.java:askForVotes(178)) - b8bf4e9b-064a-4520-981c-d6c40c833497@group-E95DC8E8582E-LeaderElection286: begin an election at term 198 for 0: [90ecfa43-dab6-49d9-b30c-40ef62bfdf2a:192.168.157.252:34192, 687f579d-1680-4dd5-8b24-01f078298cef:192.168.157.252:37962, b8bf4e9b-064a-4520-981c-d6c40c833497:192.168.157.252:43407], old=null
2019-11-05 11:28:48,889 [Thread-2480] INFO  impl.FollowerState (FollowerState.java:run(108)) - 90ecfa43-dab6-49d9-b30c-40ef62bfdf2a@group-E95DC8E8582E-FollowerState: change to CANDIDATE, lastRpcTime:1130ms, electionTimeout:1130ms
2019-11-05 11:28:48,889 [Thread-2480] INFO  impl.RoleInfo (RoleInfo.java:shutdownFollowerState(121)) - 90ecfa43-dab6-49d9-b30c-40ef62bfdf2a: shutdown FollowerState
2019-11-05 11:28:48,889 [Thread-2480] INFO  impl.RaftServerImpl (RaftServerImpl.java:setRole(184)) - 90ecfa43-dab6-49d9-b30c-40ef62bfdf2a@group-E95DC8E8582E: changes role from  FOLLOWER to CANDIDATE at term 197 for changeToCandidate
2019-11-05 11:28:48,889 [Thread-2480] INFO  impl.RoleInfo (RoleInfo.java:updateAndGet(143)) - 90ecfa43-dab6-49d9-b30c-40ef62bfdf2a: start LeaderElection
2019-11-05 11:28:48,905 [b8bf4e9b-064a-4520-981c-d6c40c833497@group-E95DC8E8582E-LeaderElection286] INFO  impl.LeaderElection (LogUtils.java:infoOrTrace(149)) - b8bf4e9b-064a-4520-981c-d6c40c833497@group-E95DC8E8582E-LeaderElection286 got exception when requesting votes: {}
java.util.concurrent.ExecutionException: org.apache.ratis.thirdparty.io.grpc.StatusRuntimeException: UNAVAILABLE: io exception
	at java.util.concurrent.FutureTask.report(FutureTask.java:122)
	at java.util.concurrent.FutureTask.get(FutureTask.java:192)
	at org.apache.ratis.server.impl.LeaderElection.waitForResults(LeaderElection.java:259)
	at org.apache.ratis.server.impl.LeaderElection.askForVotes(LeaderElection.java:197)
	at org.apache.ratis.server.impl.LeaderElection.run(LeaderElection.java:133)
	at java.lang.Thread.run(Thread.java:748)
Caused by: org.apache.ratis.thirdparty.io.grpc.StatusRuntimeException: UNAVAILABLE: io exception
	at org.apache.ratis.thirdparty.io.grpc.stub.ClientCalls.toStatusRuntimeException(ClientCalls.java:233)
	at org.apache.ratis.thirdparty.io.grpc.stub.ClientCalls.getUnchecked(ClientCalls.java:214)
	at org.apache.ratis.thirdparty.io.grpc.stub.ClientCalls.blockingUnaryCall(ClientCalls.java:139)
	at org.apache.ratis.proto.grpc.RaftServerProtocolServiceGrpc$RaftServerProtocolServiceBlockingStub.requestVote(RaftServerProtocolServiceGrpc.java:265)
	at org.apache.ratis.grpc.server.GrpcServerProtocolClient.requestVote(GrpcServerProtocolClient.java:99)
	at org.apache.ratis.grpc.server.GrpcService.requestVote(GrpcService.java:204)
	at org.apache.ratis.server.impl.LeaderElection.lambda$submitRequests$1(LeaderElection.java:234)
	at java.util.concurrent.FutureTask.run(FutureTask.java:266)
	at java.util.concurrent.Executors$RunnableAdapter.call(Executors.java:511)
	at java.util.concurrent.FutureTask.run(FutureTask.java:266)
	at java.util.concurrent.ThreadPoolExecutor.runWorker(ThreadPoolExecutor.java:1149)
	at java.util.concurrent.ThreadPoolExecutor$Worker.run(ThreadPoolExecutor.java:624)
	... 1 more
Caused by: org.apache.ratis.thirdparty.io.netty.channel.AbstractChannel$AnnotatedConnectException: Connection refused: /192.168.157.252:37962
	at sun.nio.ch.SocketChannelImpl.checkConnect(Native Method)
	at sun.nio.ch.SocketChannelImpl.finishConnect(SocketChannelImpl.java:717)
	at org.apache.ratis.thirdparty.io.netty.channel.socket.nio.NioSocketChannel.doFinishConnect(NioSocketChannel.java:327)
	at org.apache.ratis.thirdparty.io.netty.channel.nio.AbstractNioChannel$AbstractNioUnsafe.finishConnect(AbstractNioChannel.java:340)
	at org.apache.ratis.thirdparty.io.netty.channel.nio.NioEventLoop.processSelectedKey(NioEventLoop.java:632)
	at org.apache.ratis.thirdparty.io.netty.channel.nio.NioEventLoop.processSelectedKeysOptimized(NioEventLoop.java:579)
	at org.apache.ratis.thirdparty.io.netty.channel.nio.NioEventLoop.processSelectedKeys(NioEventLoop.java:496)
	at org.apache.ratis.thirdparty.io.netty.channel.nio.NioEventLoop.run(NioEventLoop.java:458)
	at org.apache.ratis.thirdparty.io.netty.util.concurrent.SingleThreadEventExecutor$5.run(SingleThreadEventExecutor.java:897)
	at org.apache.ratis.thirdparty.io.netty.util.concurrent.FastThreadLocalRunnable.run(FastThreadLocalRunnable.java:30)
	... 1 more
Caused by: java.net.ConnectException: Connection refused
	... 11 more
2019-11-05 11:28:48,909 [90ecfa43-dab6-49d9-b30c-40ef62bfdf2a@group-E95DC8E8582E-LeaderElection287] INFO  impl.LeaderElection (LeaderElection.java:askForVotes(178)) - 90ecfa43-dab6-49d9-b30c-40ef62bfdf2a@group-E95DC8E8582E-LeaderElection287: begin an election at term 198 for 0: [90ecfa43-dab6-49d9-b30c-40ef62bfdf2a:192.168.157.252:34192, 687f579d-1680-4dd5-8b24-01f078298cef:192.168.157.252:37962, b8bf4e9b-064a-4520-981c-d6c40c833497:192.168.157.252:43407], old=null
2019-11-05 11:28:48,910 [b8bf4e9b-064a-4520-981c-d6c40c833497@group-E95DC8E8582E-LeaderElection286] INFO  impl.LeaderElection (LeaderElection.java:logAndReturn(56)) - b8bf4e9b-064a-4520-981c-d6c40c833497@group-E95DC8E8582E-LeaderElection286: Election REJECTED; received 1 response(s) [b8bf4e9b-064a-4520-981c-d6c40c833497<-90ecfa43-dab6-49d9-b30c-40ef62bfdf2a#0:FAIL-t198] and 1 exception(s); b8bf4e9b-064a-4520-981c-d6c40c833497@group-E95DC8E8582E:t198, leader=null, voted=b8bf4e9b-064a-4520-981c-d6c40c833497, raftlog=b8bf4e9b-064a-4520-981c-d6c40c833497@group-E95DC8E8582E-SegmentedRaftLog:OPENED:c-1,f0,i0, conf=0: [90ecfa43-dab6-49d9-b30c-40ef62bfdf2a:192.168.157.252:34192, 687f579d-1680-4dd5-8b24-01f078298cef:192.168.157.252:37962, b8bf4e9b-064a-4520-981c-d6c40c833497:192.168.157.252:43407], old=null
2019-11-05 11:28:48,910 [b8bf4e9b-064a-4520-981c-d6c40c833497@group-E95DC8E8582E-LeaderElection286] INFO  impl.LeaderElection (LogUtils.java:infoOrTrace(149)) -   Exception 0: {}
java.util.concurrent.ExecutionException: org.apache.ratis.thirdparty.io.grpc.StatusRuntimeException: UNAVAILABLE: io exception
	at java.util.concurrent.FutureTask.report(FutureTask.java:122)
	at java.util.concurrent.FutureTask.get(FutureTask.java:192)
	at org.apache.ratis.server.impl.LeaderElection.waitForResults(LeaderElection.java:259)
	at org.apache.ratis.server.impl.LeaderElection.askForVotes(LeaderElection.java:197)
	at org.apache.ratis.server.impl.LeaderElection.run(LeaderElection.java:133)
	at java.lang.Thread.run(Thread.java:748)
Caused by: org.apache.ratis.thirdparty.io.grpc.StatusRuntimeException: UNAVAILABLE: io exception
	at org.apache.ratis.thirdparty.io.grpc.stub.ClientCalls.toStatusRuntimeException(ClientCalls.java:233)
	at org.apache.ratis.thirdparty.io.grpc.stub.ClientCalls.getUnchecked(ClientCalls.java:214)
	at org.apache.ratis.thirdparty.io.grpc.stub.ClientCalls.blockingUnaryCall(ClientCalls.java:139)
	at org.apache.ratis.proto.grpc.RaftServerProtocolServiceGrpc$RaftServerProtocolServiceBlockingStub.requestVote(RaftServerProtocolServiceGrpc.java:265)
	at org.apache.ratis.grpc.server.GrpcServerProtocolClient.requestVote(GrpcServerProtocolClient.java:99)
	at org.apache.ratis.grpc.server.GrpcService.requestVote(GrpcService.java:204)
	at org.apache.ratis.server.impl.LeaderElection.lambda$submitRequests$1(LeaderElection.java:234)
	at java.util.concurrent.FutureTask.run(FutureTask.java:266)
	at java.util.concurrent.Executors$RunnableAdapter.call(Executors.java:511)
	at java.util.concurrent.FutureTask.run(FutureTask.java:266)
	at java.util.concurrent.ThreadPoolExecutor.runWorker(ThreadPoolExecutor.java:1149)
	at java.util.concurrent.ThreadPoolExecutor$Worker.run(ThreadPoolExecutor.java:624)
	... 1 more
Caused by: org.apache.ratis.thirdparty.io.netty.channel.AbstractChannel$AnnotatedConnectException: Connection refused: /192.168.157.252:37962
	at sun.nio.ch.SocketChannelImpl.checkConnect(Native Method)
	at sun.nio.ch.SocketChannelImpl.finishConnect(SocketChannelImpl.java:717)
	at org.apache.ratis.thirdparty.io.netty.channel.socket.nio.NioSocketChannel.doFinishConnect(NioSocketChannel.java:327)
	at org.apache.ratis.thirdparty.io.netty.channel.nio.AbstractNioChannel$AbstractNioUnsafe.finishConnect(AbstractNioChannel.java:340)
	at org.apache.ratis.thirdparty.io.netty.channel.nio.NioEventLoop.processSelectedKey(NioEventLoop.java:632)
	at org.apache.ratis.thirdparty.io.netty.channel.nio.NioEventLoop.processSelectedKeysOptimized(NioEventLoop.java:579)
	at org.apache.ratis.thirdparty.io.netty.channel.nio.NioEventLoop.processSelectedKeys(NioEventLoop.java:496)
	at org.apache.ratis.thirdparty.io.netty.channel.nio.NioEventLoop.run(NioEventLoop.java:458)
	at org.apache.ratis.thirdparty.io.netty.util.concurrent.SingleThreadEventExecutor$5.run(SingleThreadEventExecutor.java:897)
	at org.apache.ratis.thirdparty.io.netty.util.concurrent.FastThreadLocalRunnable.run(FastThreadLocalRunnable.java:30)
	... 1 more
Caused by: java.net.ConnectException: Connection refused
	... 11 more
2019-11-05 11:28:48,960 [b8bf4e9b-064a-4520-981c-d6c40c833497@group-E95DC8E8582E-LeaderElection286] INFO  impl.RaftServerImpl (RaftServerImpl.java:setRole(184)) - b8bf4e9b-064a-4520-981c-d6c40c833497@group-E95DC8E8582E: changes role from CANDIDATE to FOLLOWER at term 198 for DISCOVERED_A_NEW_TERM
2019-11-05 11:28:48,960 [b8bf4e9b-064a-4520-981c-d6c40c833497@group-E95DC8E8582E-LeaderElection286] INFO  impl.RoleInfo (RoleInfo.java:shutdownLeaderElection(134)) - b8bf4e9b-064a-4520-981c-d6c40c833497: shutdown LeaderElection
2019-11-05 11:28:48,960 [b8bf4e9b-064a-4520-981c-d6c40c833497@group-E95DC8E8582E-LeaderElection286] INFO  impl.RoleInfo (RoleInfo.java:updateAndGet(143)) - b8bf4e9b-064a-4520-981c-d6c40c833497: start FollowerState
2019-11-05 11:28:48,975 [90ecfa43-dab6-49d9-b30c-40ef62bfdf2a@group-E95DC8E8582E-LeaderElection287] INFO  impl.LeaderElection (LogUtils.java:infoOrTrace(149)) - 90ecfa43-dab6-49d9-b30c-40ef62bfdf2a@group-E95DC8E8582E-LeaderElection287 got exception when requesting votes: {}
java.util.concurrent.ExecutionException: org.apache.ratis.thirdparty.io.grpc.StatusRuntimeException: UNAVAILABLE: io exception
	at java.util.concurrent.FutureTask.report(FutureTask.java:122)
	at java.util.concurrent.FutureTask.get(FutureTask.java:192)
	at org.apache.ratis.server.impl.LeaderElection.waitForResults(LeaderElection.java:259)
	at org.apache.ratis.server.impl.LeaderElection.askForVotes(LeaderElection.java:197)
	at org.apache.ratis.server.impl.LeaderElection.run(LeaderElection.java:133)
	at java.lang.Thread.run(Thread.java:748)
Caused by: org.apache.ratis.thirdparty.io.grpc.StatusRuntimeException: UNAVAILABLE: io exception
	at org.apache.ratis.thirdparty.io.grpc.stub.ClientCalls.toStatusRuntimeException(ClientCalls.java:233)
	at org.apache.ratis.thirdparty.io.grpc.stub.ClientCalls.getUnchecked(ClientCalls.java:214)
	at org.apache.ratis.thirdparty.io.grpc.stub.ClientCalls.blockingUnaryCall(ClientCalls.java:139)
	at org.apache.ratis.proto.grpc.RaftServerProtocolServiceGrpc$RaftServerProtocolServiceBlockingStub.requestVote(RaftServerProtocolServiceGrpc.java:265)
	at org.apache.ratis.grpc.server.GrpcServerProtocolClient.requestVote(GrpcServerProtocolClient.java:99)
	at org.apache.ratis.grpc.server.GrpcService.requestVote(GrpcService.java:204)
	at org.apache.ratis.server.impl.LeaderElection.lambda$submitRequests$1(LeaderElection.java:234)
	at java.util.concurrent.FutureTask.run(FutureTask.java:266)
	at java.util.concurrent.Executors$RunnableAdapter.call(Executors.java:511)
	at java.util.concurrent.FutureTask.run(FutureTask.java:266)
	at java.util.concurrent.ThreadPoolExecutor.runWorker(ThreadPoolExecutor.java:1149)
	at java.util.concurrent.ThreadPoolExecutor$Worker.run(ThreadPoolExecutor.java:624)
	... 1 more
Caused by: org.apache.ratis.thirdparty.io.netty.channel.AbstractChannel$AnnotatedConnectException: Connection refused: /192.168.157.252:37962
	at sun.nio.ch.SocketChannelImpl.checkConnect(Native Method)
	at sun.nio.ch.SocketChannelImpl.finishConnect(SocketChannelImpl.java:717)
	at org.apache.ratis.thirdparty.io.netty.channel.socket.nio.NioSocketChannel.doFinishConnect(NioSocketChannel.java:327)
	at org.apache.ratis.thirdparty.io.netty.channel.nio.AbstractNioChannel$AbstractNioUnsafe.finishConnect(AbstractNioChannel.java:340)
	at org.apache.ratis.thirdparty.io.netty.channel.nio.NioEventLoop.processSelectedKey(NioEventLoop.java:632)
	at org.apache.ratis.thirdparty.io.netty.channel.nio.NioEventLoop.processSelectedKeysOptimized(NioEventLoop.java:579)
	at org.apache.ratis.thirdparty.io.netty.channel.nio.NioEventLoop.processSelectedKeys(NioEventLoop.java:496)
	at org.apache.ratis.thirdparty.io.netty.channel.nio.NioEventLoop.run(NioEventLoop.java:458)
	at org.apache.ratis.thirdparty.io.netty.util.concurrent.SingleThreadEventExecutor$5.run(SingleThreadEventExecutor.java:897)
	at org.apache.ratis.thirdparty.io.netty.util.concurrent.FastThreadLocalRunnable.run(FastThreadLocalRunnable.java:30)
	... 1 more
Caused by: java.net.ConnectException: Connection refused
	... 11 more
2019-11-05 11:28:48,980 [90ecfa43-dab6-49d9-b30c-40ef62bfdf2a@group-E95DC8E8582E-LeaderElection287] INFO  impl.LeaderElection (LeaderElection.java:logAndReturn(56)) - 90ecfa43-dab6-49d9-b30c-40ef62bfdf2a@group-E95DC8E8582E-LeaderElection287: Election REJECTED; received 1 response(s) [90ecfa43-dab6-49d9-b30c-40ef62bfdf2a<-b8bf4e9b-064a-4520-981c-d6c40c833497#0:FAIL-t198] and 1 exception(s); 90ecfa43-dab6-49d9-b30c-40ef62bfdf2a@group-E95DC8E8582E:t198, leader=null, voted=90ecfa43-dab6-49d9-b30c-40ef62bfdf2a, raftlog=90ecfa43-dab6-49d9-b30c-40ef62bfdf2a@group-E95DC8E8582E-SegmentedRaftLog:OPENED:c-1,f0,i0, conf=0: [90ecfa43-dab6-49d9-b30c-40ef62bfdf2a:192.168.157.252:34192, 687f579d-1680-4dd5-8b24-01f078298cef:192.168.157.252:37962, b8bf4e9b-064a-4520-981c-d6c40c833497:192.168.157.252:43407], old=null
2019-11-05 11:28:48,980 [90ecfa43-dab6-49d9-b30c-40ef62bfdf2a@group-E95DC8E8582E-LeaderElection287] INFO  impl.LeaderElection (LogUtils.java:infoOrTrace(149)) -   Exception 0: {}
java.util.concurrent.ExecutionException: org.apache.ratis.thirdparty.io.grpc.StatusRuntimeException: UNAVAILABLE: io exception
	at java.util.concurrent.FutureTask.report(FutureTask.java:122)
	at java.util.concurrent.FutureTask.get(FutureTask.java:192)
	at org.apache.ratis.server.impl.LeaderElection.waitForResults(LeaderElection.java:259)
	at org.apache.ratis.server.impl.LeaderElection.askForVotes(LeaderElection.java:197)
	at org.apache.ratis.server.impl.LeaderElection.run(LeaderElection.java:133)
	at java.lang.Thread.run(Thread.java:748)
Caused by: org.apache.ratis.thirdparty.io.grpc.StatusRuntimeException: UNAVAILABLE: io exception
	at org.apache.ratis.thirdparty.io.grpc.stub.ClientCalls.toStatusRuntimeException(ClientCalls.java:233)
	at org.apache.ratis.thirdparty.io.grpc.stub.ClientCalls.getUnchecked(ClientCalls.java:214)
	at org.apache.ratis.thirdparty.io.grpc.stub.ClientCalls.blockingUnaryCall(ClientCalls.java:139)
	at org.apache.ratis.proto.grpc.RaftServerProtocolServiceGrpc$RaftServerProtocolServiceBlockingStub.requestVote(RaftServerProtocolServiceGrpc.java:265)
	at org.apache.ratis.grpc.server.GrpcServerProtocolClient.requestVote(GrpcServerProtocolClient.java:99)
	at org.apache.ratis.grpc.server.GrpcService.requestVote(GrpcService.java:204)
	at org.apache.ratis.server.impl.LeaderElection.lambda$submitRequests$1(LeaderElection.java:234)
	at java.util.concurrent.FutureTask.run(FutureTask.java:266)
	at java.util.concurrent.Executors$RunnableAdapter.call(Executors.java:511)
	at java.util.concurrent.FutureTask.run(FutureTask.java:266)
	at java.util.concurrent.ThreadPoolExecutor.runWorker(ThreadPoolExecutor.java:1149)
	at java.util.concurrent.ThreadPoolExecutor$Worker.run(ThreadPoolExecutor.java:624)
	... 1 more
Caused by: org.apache.ratis.thirdparty.io.netty.channel.AbstractChannel$AnnotatedConnectException: Connection refused: /192.168.157.252:37962
	at sun.nio.ch.SocketChannelImpl.checkConnect(Native Method)
	at sun.nio.ch.SocketChannelImpl.finishConnect(SocketChannelImpl.java:717)
	at org.apache.ratis.thirdparty.io.netty.channel.socket.nio.NioSocketChannel.doFinishConnect(NioSocketChannel.java:327)
	at org.apache.ratis.thirdparty.io.netty.channel.nio.AbstractNioChannel$AbstractNioUnsafe.finishConnect(AbstractNioChannel.java:340)
	at org.apache.ratis.thirdparty.io.netty.channel.nio.NioEventLoop.processSelectedKey(NioEventLoop.java:632)
	at org.apache.ratis.thirdparty.io.netty.channel.nio.NioEventLoop.processSelectedKeysOptimized(NioEventLoop.java:579)
	at org.apache.ratis.thirdparty.io.netty.channel.nio.NioEventLoop.processSelectedKeys(NioEventLoop.java:496)
	at org.apache.ratis.thirdparty.io.netty.channel.nio.NioEventLoop.run(NioEventLoop.java:458)
	at org.apache.ratis.thirdparty.io.netty.util.concurrent.SingleThreadEventExecutor$5.run(SingleThreadEventExecutor.java:897)
	at org.apache.ratis.thirdparty.io.netty.util.concurrent.FastThreadLocalRunnable.run(FastThreadLocalRunnable.java:30)
	... 1 more
Caused by: java.net.ConnectException: Connection refused
	... 11 more
2019-11-05 11:28:48,981 [90ecfa43-dab6-49d9-b30c-40ef62bfdf2a@group-E95DC8E8582E-LeaderElection287] INFO  impl.RaftServerImpl (RaftServerImpl.java:setRole(184)) - 90ecfa43-dab6-49d9-b30c-40ef62bfdf2a@group-E95DC8E8582E: changes role from CANDIDATE to FOLLOWER at term 198 for DISCOVERED_A_NEW_TERM
2019-11-05 11:28:48,981 [90ecfa43-dab6-49d9-b30c-40ef62bfdf2a@group-E95DC8E8582E-LeaderElection287] INFO  impl.RoleInfo (RoleInfo.java:shutdownLeaderElection(134)) - 90ecfa43-dab6-49d9-b30c-40ef62bfdf2a: shutdown LeaderElection
2019-11-05 11:28:48,981 [90ecfa43-dab6-49d9-b30c-40ef62bfdf2a@group-E95DC8E8582E-LeaderElection287] INFO  impl.RoleInfo (RoleInfo.java:updateAndGet(143)) - 90ecfa43-dab6-49d9-b30c-40ef62bfdf2a: start FollowerState
2019-11-05 11:28:50,059 [Thread-2486] INFO  impl.FollowerState (FollowerState.java:run(108)) - d8b77924-76ff-4932-a9fa-7ec761e4cf6b@group-0CA4D070D5C4-FollowerState: change to CANDIDATE, lastRpcTime:1186ms, electionTimeout:1174ms
2019-11-05 11:28:50,059 [Thread-2486] INFO  impl.RoleInfo (RoleInfo.java:shutdownFollowerState(121)) - d8b77924-76ff-4932-a9fa-7ec761e4cf6b: shutdown FollowerState
2019-11-05 11:28:50,059 [Thread-2486] INFO  impl.RaftServerImpl (RaftServerImpl.java:setRole(184)) - d8b77924-76ff-4932-a9fa-7ec761e4cf6b@group-0CA4D070D5C4: changes role from  FOLLOWER to CANDIDATE at term 12 for changeToCandidate
2019-11-05 11:28:50,060 [Thread-2486] INFO  impl.RoleInfo (RoleInfo.java:updateAndGet(143)) - d8b77924-76ff-4932-a9fa-7ec761e4cf6b: start LeaderElection
2019-11-05 11:28:50,074 [d8b77924-76ff-4932-a9fa-7ec761e4cf6b@group-0CA4D070D5C4-LeaderElection288] INFO  impl.LeaderElection (LeaderElection.java:askForVotes(178)) - d8b77924-76ff-4932-a9fa-7ec761e4cf6b@group-0CA4D070D5C4-LeaderElection288: begin an election at term 13 for 0: [93bc9e78-ae56-4fee-a007-4b156d649157:192.168.157.252:38000, d8b77924-76ff-4932-a9fa-7ec761e4cf6b:192.168.157.252:40377, bd42c95e-cd41-4cbd-85b3-b330cc3c4f94:192.168.157.252:33158], old=null
2019-11-05 11:28:50,075 [d8b77924-76ff-4932-a9fa-7ec761e4cf6b@group-0CA4D070D5C4-LeaderElection288] INFO  impl.LeaderElection (LogUtils.java:infoOrTrace(149)) - d8b77924-76ff-4932-a9fa-7ec761e4cf6b@group-0CA4D070D5C4-LeaderElection288 got exception when requesting votes: {}
java.util.concurrent.ExecutionException: org.apache.ratis.thirdparty.io.grpc.StatusRuntimeException: UNAVAILABLE: io exception
	at java.util.concurrent.FutureTask.report(FutureTask.java:122)
	at java.util.concurrent.FutureTask.get(FutureTask.java:192)
	at org.apache.ratis.server.impl.LeaderElection.waitForResults(LeaderElection.java:259)
	at org.apache.ratis.server.impl.LeaderElection.askForVotes(LeaderElection.java:197)
	at org.apache.ratis.server.impl.LeaderElection.run(LeaderElection.java:133)
	at java.lang.Thread.run(Thread.java:748)
Caused by: org.apache.ratis.thirdparty.io.grpc.StatusRuntimeException: UNAVAILABLE: io exception
	at org.apache.ratis.thirdparty.io.grpc.stub.ClientCalls.toStatusRuntimeException(ClientCalls.java:233)
	at org.apache.ratis.thirdparty.io.grpc.stub.ClientCalls.getUnchecked(ClientCalls.java:214)
	at org.apache.ratis.thirdparty.io.grpc.stub.ClientCalls.blockingUnaryCall(ClientCalls.java:139)
	at org.apache.ratis.proto.grpc.RaftServerProtocolServiceGrpc$RaftServerProtocolServiceBlockingStub.requestVote(RaftServerProtocolServiceGrpc.java:265)
	at org.apache.ratis.grpc.server.GrpcServerProtocolClient.requestVote(GrpcServerProtocolClient.java:99)
	at org.apache.ratis.grpc.server.GrpcService.requestVote(GrpcService.java:204)
	at org.apache.ratis.server.impl.LeaderElection.lambda$submitRequests$1(LeaderElection.java:234)
	at java.util.concurrent.FutureTask.run(FutureTask.java:266)
	at java.util.concurrent.Executors$RunnableAdapter.call(Executors.java:511)
	at java.util.concurrent.FutureTask.run(FutureTask.java:266)
	at java.util.concurrent.ThreadPoolExecutor.runWorker(ThreadPoolExecutor.java:1149)
	at java.util.concurrent.ThreadPoolExecutor$Worker.run(ThreadPoolExecutor.java:624)
	... 1 more
Caused by: org.apache.ratis.thirdparty.io.netty.channel.AbstractChannel$AnnotatedConnectException: Connection refused: /192.168.157.252:33158
	at sun.nio.ch.SocketChannelImpl.checkConnect(Native Method)
	at sun.nio.ch.SocketChannelImpl.finishConnect(SocketChannelImpl.java:717)
	at org.apache.ratis.thirdparty.io.netty.channel.socket.nio.NioSocketChannel.doFinishConnect(NioSocketChannel.java:327)
	at org.apache.ratis.thirdparty.io.netty.channel.nio.AbstractNioChannel$AbstractNioUnsafe.finishConnect(AbstractNioChannel.java:340)
	at org.apache.ratis.thirdparty.io.netty.channel.nio.NioEventLoop.processSelectedKey(NioEventLoop.java:632)
	at org.apache.ratis.thirdparty.io.netty.channel.nio.NioEventLoop.processSelectedKeysOptimized(NioEventLoop.java:579)
	at org.apache.ratis.thirdparty.io.netty.channel.nio.NioEventLoop.processSelectedKeys(NioEventLoop.java:496)
	at org.apache.ratis.thirdparty.io.netty.channel.nio.NioEventLoop.run(NioEventLoop.java:458)
	at org.apache.ratis.thirdparty.io.netty.util.concurrent.SingleThreadEventExecutor$5.run(SingleThreadEventExecutor.java:897)
	at org.apache.ratis.thirdparty.io.netty.util.concurrent.FastThreadLocalRunnable.run(FastThreadLocalRunnable.java:30)
	... 1 more
Caused by: java.net.ConnectException: Connection refused
	... 11 more
2019-11-05 11:28:50,077 [d8b77924-76ff-4932-a9fa-7ec761e4cf6b@group-0CA4D070D5C4-LeaderElection288] INFO  impl.LeaderElection (LogUtils.java:infoOrTrace(149)) - d8b77924-76ff-4932-a9fa-7ec761e4cf6b@group-0CA4D070D5C4-LeaderElection288 got exception when requesting votes: {}
java.util.concurrent.ExecutionException: org.apache.ratis.thirdparty.io.grpc.StatusRuntimeException: UNAVAILABLE: io exception
	at java.util.concurrent.FutureTask.report(FutureTask.java:122)
	at java.util.concurrent.FutureTask.get(FutureTask.java:192)
	at org.apache.ratis.server.impl.LeaderElection.waitForResults(LeaderElection.java:259)
	at org.apache.ratis.server.impl.LeaderElection.askForVotes(LeaderElection.java:197)
	at org.apache.ratis.server.impl.LeaderElection.run(LeaderElection.java:133)
	at java.lang.Thread.run(Thread.java:748)
Caused by: org.apache.ratis.thirdparty.io.grpc.StatusRuntimeException: UNAVAILABLE: io exception
	at org.apache.ratis.thirdparty.io.grpc.stub.ClientCalls.toStatusRuntimeException(ClientCalls.java:233)
	at org.apache.ratis.thirdparty.io.grpc.stub.ClientCalls.getUnchecked(ClientCalls.java:214)
	at org.apache.ratis.thirdparty.io.grpc.stub.ClientCalls.blockingUnaryCall(ClientCalls.java:139)
	at org.apache.ratis.proto.grpc.RaftServerProtocolServiceGrpc$RaftServerProtocolServiceBlockingStub.requestVote(RaftServerProtocolServiceGrpc.java:265)
	at org.apache.ratis.grpc.server.GrpcServerProtocolClient.requestVote(GrpcServerProtocolClient.java:99)
	at org.apache.ratis.grpc.server.GrpcService.requestVote(GrpcService.java:204)
	at org.apache.ratis.server.impl.LeaderElection.lambda$submitRequests$1(LeaderElection.java:234)
	at java.util.concurrent.FutureTask.run(FutureTask.java:266)
	at java.util.concurrent.Executors$RunnableAdapter.call(Executors.java:511)
	at java.util.concurrent.FutureTask.run(FutureTask.java:266)
	at java.util.concurrent.ThreadPoolExecutor.runWorker(ThreadPoolExecutor.java:1149)
	at java.util.concurrent.ThreadPoolExecutor$Worker.run(ThreadPoolExecutor.java:624)
	... 1 more
Caused by: org.apache.ratis.thirdparty.io.netty.channel.AbstractChannel$AnnotatedConnectException: Connection refused: /192.168.157.252:38000
	at sun.nio.ch.SocketChannelImpl.checkConnect(Native Method)
	at sun.nio.ch.SocketChannelImpl.finishConnect(SocketChannelImpl.java:717)
	at org.apache.ratis.thirdparty.io.netty.channel.socket.nio.NioSocketChannel.doFinishConnect(NioSocketChannel.java:327)
	at org.apache.ratis.thirdparty.io.netty.channel.nio.AbstractNioChannel$AbstractNioUnsafe.finishConnect(AbstractNioChannel.java:340)
	at org.apache.ratis.thirdparty.io.netty.channel.nio.NioEventLoop.processSelectedKey(NioEventLoop.java:632)
	at org.apache.ratis.thirdparty.io.netty.channel.nio.NioEventLoop.processSelectedKeysOptimized(NioEventLoop.java:579)
	at org.apache.ratis.thirdparty.io.netty.channel.nio.NioEventLoop.processSelectedKeys(NioEventLoop.java:496)
	at org.apache.ratis.thirdparty.io.netty.channel.nio.NioEventLoop.run(NioEventLoop.java:458)
	at org.apache.ratis.thirdparty.io.netty.util.concurrent.SingleThreadEventExecutor$5.run(SingleThreadEventExecutor.java:897)
	at org.apache.ratis.thirdparty.io.netty.util.concurrent.FastThreadLocalRunnable.run(FastThreadLocalRunnable.java:30)
	... 1 more
Caused by: java.net.ConnectException: Connection refused
	... 11 more
2019-11-05 11:28:50,079 [d8b77924-76ff-4932-a9fa-7ec761e4cf6b@group-0CA4D070D5C4-LeaderElection288] INFO  impl.LeaderElection (LeaderElection.java:logAndReturn(56)) - d8b77924-76ff-4932-a9fa-7ec761e4cf6b@group-0CA4D070D5C4-LeaderElection288: Election REJECTED; received 0 response(s) [] and 2 exception(s); d8b77924-76ff-4932-a9fa-7ec761e4cf6b@group-0CA4D070D5C4:t13, leader=null, voted=d8b77924-76ff-4932-a9fa-7ec761e4cf6b, raftlog=d8b77924-76ff-4932-a9fa-7ec761e4cf6b@group-0CA4D070D5C4-SegmentedRaftLog:OPENED:c20,f20,i20, conf=0: [93bc9e78-ae56-4fee-a007-4b156d649157:192.168.157.252:38000, d8b77924-76ff-4932-a9fa-7ec761e4cf6b:192.168.157.252:40377, bd42c95e-cd41-4cbd-85b3-b330cc3c4f94:192.168.157.252:33158], old=null
2019-11-05 11:28:50,080 [d8b77924-76ff-4932-a9fa-7ec761e4cf6b@group-0CA4D070D5C4-LeaderElection288] INFO  impl.LeaderElection (LogUtils.java:infoOrTrace(149)) -   Exception 0: {}
java.util.concurrent.ExecutionException: org.apache.ratis.thirdparty.io.grpc.StatusRuntimeException: UNAVAILABLE: io exception
	at java.util.concurrent.FutureTask.report(FutureTask.java:122)
	at java.util.concurrent.FutureTask.get(FutureTask.java:192)
	at org.apache.ratis.server.impl.LeaderElection.waitForResults(LeaderElection.java:259)
	at org.apache.ratis.server.impl.LeaderElection.askForVotes(LeaderElection.java:197)
	at org.apache.ratis.server.impl.LeaderElection.run(LeaderElection.java:133)
	at java.lang.Thread.run(Thread.java:748)
Caused by: org.apache.ratis.thirdparty.io.grpc.StatusRuntimeException: UNAVAILABLE: io exception
	at org.apache.ratis.thirdparty.io.grpc.stub.ClientCalls.toStatusRuntimeException(ClientCalls.java:233)
	at org.apache.ratis.thirdparty.io.grpc.stub.ClientCalls.getUnchecked(ClientCalls.java:214)
	at org.apache.ratis.thirdparty.io.grpc.stub.ClientCalls.blockingUnaryCall(ClientCalls.java:139)
	at org.apache.ratis.proto.grpc.RaftServerProtocolServiceGrpc$RaftServerProtocolServiceBlockingStub.requestVote(RaftServerProtocolServiceGrpc.java:265)
	at org.apache.ratis.grpc.server.GrpcServerProtocolClient.requestVote(GrpcServerProtocolClient.java:99)
	at org.apache.ratis.grpc.server.GrpcService.requestVote(GrpcService.java:204)
	at org.apache.ratis.server.impl.LeaderElection.lambda$submitRequests$1(LeaderElection.java:234)
	at java.util.concurrent.FutureTask.run(FutureTask.java:266)
	at java.util.concurrent.Executors$RunnableAdapter.call(Executors.java:511)
	at java.util.concurrent.FutureTask.run(FutureTask.java:266)
	at java.util.concurrent.ThreadPoolExecutor.runWorker(ThreadPoolExecutor.java:1149)
	at java.util.concurrent.ThreadPoolExecutor$Worker.run(ThreadPoolExecutor.java:624)
	... 1 more
Caused by: org.apache.ratis.thirdparty.io.netty.channel.AbstractChannel$AnnotatedConnectException: Connection refused: /192.168.157.252:33158
	at sun.nio.ch.SocketChannelImpl.checkConnect(Native Method)
	at sun.nio.ch.SocketChannelImpl.finishConnect(SocketChannelImpl.java:717)
	at org.apache.ratis.thirdparty.io.netty.channel.socket.nio.NioSocketChannel.doFinishConnect(NioSocketChannel.java:327)
	at org.apache.ratis.thirdparty.io.netty.channel.nio.AbstractNioChannel$AbstractNioUnsafe.finishConnect(AbstractNioChannel.java:340)
	at org.apache.ratis.thirdparty.io.netty.channel.nio.NioEventLoop.processSelectedKey(NioEventLoop.java:632)
	at org.apache.ratis.thirdparty.io.netty.channel.nio.NioEventLoop.processSelectedKeysOptimized(NioEventLoop.java:579)
	at org.apache.ratis.thirdparty.io.netty.channel.nio.NioEventLoop.processSelectedKeys(NioEventLoop.java:496)
	at org.apache.ratis.thirdparty.io.netty.channel.nio.NioEventLoop.run(NioEventLoop.java:458)
	at org.apache.ratis.thirdparty.io.netty.util.concurrent.SingleThreadEventExecutor$5.run(SingleThreadEventExecutor.java:897)
	at org.apache.ratis.thirdparty.io.netty.util.concurrent.FastThreadLocalRunnable.run(FastThreadLocalRunnable.java:30)
	... 1 more
Caused by: java.net.ConnectException: Connection refused
	... 11 more
2019-11-05 11:28:50,080 [d8b77924-76ff-4932-a9fa-7ec761e4cf6b@group-0CA4D070D5C4-LeaderElection288] INFO  impl.LeaderElection (LogUtils.java:infoOrTrace(149)) -   Exception 1: {}
java.util.concurrent.ExecutionException: org.apache.ratis.thirdparty.io.grpc.StatusRuntimeException: UNAVAILABLE: io exception
	at java.util.concurrent.FutureTask.report(FutureTask.java:122)
	at java.util.concurrent.FutureTask.get(FutureTask.java:192)
	at org.apache.ratis.server.impl.LeaderElection.waitForResults(LeaderElection.java:259)
	at org.apache.ratis.server.impl.LeaderElection.askForVotes(LeaderElection.java:197)
	at org.apache.ratis.server.impl.LeaderElection.run(LeaderElection.java:133)
	at java.lang.Thread.run(Thread.java:748)
Caused by: org.apache.ratis.thirdparty.io.grpc.StatusRuntimeException: UNAVAILABLE: io exception
	at org.apache.ratis.thirdparty.io.grpc.stub.ClientCalls.toStatusRuntimeException(ClientCalls.java:233)
	at org.apache.ratis.thirdparty.io.grpc.stub.ClientCalls.getUnchecked(ClientCalls.java:214)
	at org.apache.ratis.thirdparty.io.grpc.stub.ClientCalls.blockingUnaryCall(ClientCalls.java:139)
	at org.apache.ratis.proto.grpc.RaftServerProtocolServiceGrpc$RaftServerProtocolServiceBlockingStub.requestVote(RaftServerProtocolServiceGrpc.java:265)
	at org.apache.ratis.grpc.server.GrpcServerProtocolClient.requestVote(GrpcServerProtocolClient.java:99)
	at org.apache.ratis.grpc.server.GrpcService.requestVote(GrpcService.java:204)
	at org.apache.ratis.server.impl.LeaderElection.lambda$submitRequests$1(LeaderElection.java:234)
	at java.util.concurrent.FutureTask.run(FutureTask.java:266)
	at java.util.concurrent.Executors$RunnableAdapter.call(Executors.java:511)
	at java.util.concurrent.FutureTask.run(FutureTask.java:266)
	at java.util.concurrent.ThreadPoolExecutor.runWorker(ThreadPoolExecutor.java:1149)
	at java.util.concurrent.ThreadPoolExecutor$Worker.run(ThreadPoolExecutor.java:624)
	... 1 more
Caused by: org.apache.ratis.thirdparty.io.netty.channel.AbstractChannel$AnnotatedConnectException: Connection refused: /192.168.157.252:38000
	at sun.nio.ch.SocketChannelImpl.checkConnect(Native Method)
	at sun.nio.ch.SocketChannelImpl.finishConnect(SocketChannelImpl.java:717)
	at org.apache.ratis.thirdparty.io.netty.channel.socket.nio.NioSocketChannel.doFinishConnect(NioSocketChannel.java:327)
	at org.apache.ratis.thirdparty.io.netty.channel.nio.AbstractNioChannel$AbstractNioUnsafe.finishConnect(AbstractNioChannel.java:340)
	at org.apache.ratis.thirdparty.io.netty.channel.nio.NioEventLoop.processSelectedKey(NioEventLoop.java:632)
	at org.apache.ratis.thirdparty.io.netty.channel.nio.NioEventLoop.processSelectedKeysOptimized(NioEventLoop.java:579)
	at org.apache.ratis.thirdparty.io.netty.channel.nio.NioEventLoop.processSelectedKeys(NioEventLoop.java:496)
	at org.apache.ratis.thirdparty.io.netty.channel.nio.NioEventLoop.run(NioEventLoop.java:458)
	at org.apache.ratis.thirdparty.io.netty.util.concurrent.SingleThreadEventExecutor$5.run(SingleThreadEventExecutor.java:897)
	at org.apache.ratis.thirdparty.io.netty.util.concurrent.FastThreadLocalRunnable.run(FastThreadLocalRunnable.java:30)
	... 1 more
Caused by: java.net.ConnectException: Connection refused
	... 11 more
2019-11-05 11:28:50,080 [d8b77924-76ff-4932-a9fa-7ec761e4cf6b@group-0CA4D070D5C4-LeaderElection288] INFO  impl.RaftServerImpl (RaftServerImpl.java:setRole(184)) - d8b77924-76ff-4932-a9fa-7ec761e4cf6b@group-0CA4D070D5C4: changes role from CANDIDATE to FOLLOWER at term 13 for DISCOVERED_A_NEW_TERM
2019-11-05 11:28:50,081 [d8b77924-76ff-4932-a9fa-7ec761e4cf6b@group-0CA4D070D5C4-LeaderElection288] INFO  impl.RoleInfo (RoleInfo.java:shutdownLeaderElection(134)) - d8b77924-76ff-4932-a9fa-7ec761e4cf6b: shutdown LeaderElection
2019-11-05 11:28:50,081 [d8b77924-76ff-4932-a9fa-7ec761e4cf6b@group-0CA4D070D5C4-LeaderElection288] INFO  impl.RoleInfo (RoleInfo.java:updateAndGet(143)) - d8b77924-76ff-4932-a9fa-7ec761e4cf6b: start FollowerState
2019-11-05 11:28:50,136 [Thread-2493] INFO  impl.FollowerState (FollowerState.java:run(108)) - 90ecfa43-dab6-49d9-b30c-40ef62bfdf2a@group-E95DC8E8582E-FollowerState: change to CANDIDATE, lastRpcTime:1154ms, electionTimeout:1149ms
2019-11-05 11:28:50,136 [Thread-2493] INFO  impl.RoleInfo (RoleInfo.java:shutdownFollowerState(121)) - 90ecfa43-dab6-49d9-b30c-40ef62bfdf2a: shutdown FollowerState
2019-11-05 11:28:50,136 [Thread-2493] INFO  impl.RaftServerImpl (RaftServerImpl.java:setRole(184)) - 90ecfa43-dab6-49d9-b30c-40ef62bfdf2a@group-E95DC8E8582E: changes role from  FOLLOWER to CANDIDATE at term 198 for changeToCandidate
2019-11-05 11:28:50,136 [Thread-2493] INFO  impl.RoleInfo (RoleInfo.java:updateAndGet(143)) - 90ecfa43-dab6-49d9-b30c-40ef62bfdf2a: start LeaderElection
2019-11-05 11:28:50,138 [Thread-2492] INFO  impl.FollowerState (FollowerState.java:run(108)) - b8bf4e9b-064a-4520-981c-d6c40c833497@group-E95DC8E8582E-FollowerState: change to CANDIDATE, lastRpcTime:1177ms, electionTimeout:1164ms
2019-11-05 11:28:50,138 [Thread-2492] INFO  impl.RoleInfo (RoleInfo.java:shutdownFollowerState(121)) - b8bf4e9b-064a-4520-981c-d6c40c833497: shutdown FollowerState
2019-11-05 11:28:50,138 [Thread-2492] INFO  impl.RaftServerImpl (RaftServerImpl.java:setRole(184)) - b8bf4e9b-064a-4520-981c-d6c40c833497@group-E95DC8E8582E: changes role from  FOLLOWER to CANDIDATE at term 198 for changeToCandidate
2019-11-05 11:28:50,139 [Thread-2492] INFO  impl.RoleInfo (RoleInfo.java:updateAndGet(143)) - b8bf4e9b-064a-4520-981c-d6c40c833497: start LeaderElection
2019-11-05 11:28:50,151 [90ecfa43-dab6-49d9-b30c-40ef62bfdf2a@group-E95DC8E8582E-LeaderElection289] INFO  impl.LeaderElection (LeaderElection.java:askForVotes(178)) - 90ecfa43-dab6-49d9-b30c-40ef62bfdf2a@group-E95DC8E8582E-LeaderElection289: begin an election at term 199 for 0: [90ecfa43-dab6-49d9-b30c-40ef62bfdf2a:192.168.157.252:34192, 687f579d-1680-4dd5-8b24-01f078298cef:192.168.157.252:37962, b8bf4e9b-064a-4520-981c-d6c40c833497:192.168.157.252:43407], old=null
2019-11-05 11:28:50,151 [b8bf4e9b-064a-4520-981c-d6c40c833497@group-E95DC8E8582E-LeaderElection290] INFO  impl.LeaderElection (LeaderElection.java:askForVotes(178)) - b8bf4e9b-064a-4520-981c-d6c40c833497@group-E95DC8E8582E-LeaderElection290: begin an election at term 199 for 0: [90ecfa43-dab6-49d9-b30c-40ef62bfdf2a:192.168.157.252:34192, 687f579d-1680-4dd5-8b24-01f078298cef:192.168.157.252:37962, b8bf4e9b-064a-4520-981c-d6c40c833497:192.168.157.252:43407], old=null
2019-11-05 11:28:50,154 [90ecfa43-dab6-49d9-b30c-40ef62bfdf2a@group-E95DC8E8582E-LeaderElection289] INFO  impl.LeaderElection (LogUtils.java:infoOrTrace(149)) - 90ecfa43-dab6-49d9-b30c-40ef62bfdf2a@group-E95DC8E8582E-LeaderElection289 got exception when requesting votes: {}
java.util.concurrent.ExecutionException: org.apache.ratis.thirdparty.io.grpc.StatusRuntimeException: UNAVAILABLE: io exception
	at java.util.concurrent.FutureTask.report(FutureTask.java:122)
	at java.util.concurrent.FutureTask.get(FutureTask.java:192)
	at org.apache.ratis.server.impl.LeaderElection.waitForResults(LeaderElection.java:259)
	at org.apache.ratis.server.impl.LeaderElection.askForVotes(LeaderElection.java:197)
	at org.apache.ratis.server.impl.LeaderElection.run(LeaderElection.java:133)
	at java.lang.Thread.run(Thread.java:748)
Caused by: org.apache.ratis.thirdparty.io.grpc.StatusRuntimeException: UNAVAILABLE: io exception
	at org.apache.ratis.thirdparty.io.grpc.stub.ClientCalls.toStatusRuntimeException(ClientCalls.java:233)
	at org.apache.ratis.thirdparty.io.grpc.stub.ClientCalls.getUnchecked(ClientCalls.java:214)
	at org.apache.ratis.thirdparty.io.grpc.stub.ClientCalls.blockingUnaryCall(ClientCalls.java:139)
	at org.apache.ratis.proto.grpc.RaftServerProtocolServiceGrpc$RaftServerProtocolServiceBlockingStub.requestVote(RaftServerProtocolServiceGrpc.java:265)
	at org.apache.ratis.grpc.server.GrpcServerProtocolClient.requestVote(GrpcServerProtocolClient.java:99)
	at org.apache.ratis.grpc.server.GrpcService.requestVote(GrpcService.java:204)
	at org.apache.ratis.server.impl.LeaderElection.lambda$submitRequests$1(LeaderElection.java:234)
	at java.util.concurrent.FutureTask.run(FutureTask.java:266)
	at java.util.concurrent.Executors$RunnableAdapter.call(Executors.java:511)
	at java.util.concurrent.FutureTask.run(FutureTask.java:266)
	at java.util.concurrent.ThreadPoolExecutor.runWorker(ThreadPoolExecutor.java:1149)
	at java.util.concurrent.ThreadPoolExecutor$Worker.run(ThreadPoolExecutor.java:624)
	... 1 more
Caused by: org.apache.ratis.thirdparty.io.netty.channel.AbstractChannel$AnnotatedConnectException: Connection refused: /192.168.157.252:37962
	at sun.nio.ch.SocketChannelImpl.checkConnect(Native Method)
	at sun.nio.ch.SocketChannelImpl.finishConnect(SocketChannelImpl.java:717)
	at org.apache.ratis.thirdparty.io.netty.channel.socket.nio.NioSocketChannel.doFinishConnect(NioSocketChannel.java:327)
	at org.apache.ratis.thirdparty.io.netty.channel.nio.AbstractNioChannel$AbstractNioUnsafe.finishConnect(AbstractNioChannel.java:340)
	at org.apache.ratis.thirdparty.io.netty.channel.nio.NioEventLoop.processSelectedKey(NioEventLoop.java:632)
	at org.apache.ratis.thirdparty.io.netty.channel.nio.NioEventLoop.processSelectedKeysOptimized(NioEventLoop.java:579)
	at org.apache.ratis.thirdparty.io.netty.channel.nio.NioEventLoop.processSelectedKeys(NioEventLoop.java:496)
	at org.apache.ratis.thirdparty.io.netty.channel.nio.NioEventLoop.run(NioEventLoop.java:458)
	at org.apache.ratis.thirdparty.io.netty.util.concurrent.SingleThreadEventExecutor$5.run(SingleThreadEventExecutor.java:897)
	at org.apache.ratis.thirdparty.io.netty.util.concurrent.FastThreadLocalRunnable.run(FastThreadLocalRunnable.java:30)
	... 1 more
Caused by: java.net.ConnectException: Connection refused
	... 11 more
2019-11-05 11:28:50,161 [b8bf4e9b-064a-4520-981c-d6c40c833497@group-E95DC8E8582E-LeaderElection290] INFO  impl.LeaderElection (LogUtils.java:infoOrTrace(149)) - b8bf4e9b-064a-4520-981c-d6c40c833497@group-E95DC8E8582E-LeaderElection290 got exception when requesting votes: {}
java.util.concurrent.ExecutionException: org.apache.ratis.thirdparty.io.grpc.StatusRuntimeException: UNAVAILABLE: io exception
	at java.util.concurrent.FutureTask.report(FutureTask.java:122)
	at java.util.concurrent.FutureTask.get(FutureTask.java:192)
	at org.apache.ratis.server.impl.LeaderElection.waitForResults(LeaderElection.java:259)
	at org.apache.ratis.server.impl.LeaderElection.askForVotes(LeaderElection.java:197)
	at org.apache.ratis.server.impl.LeaderElection.run(LeaderElection.java:133)
	at java.lang.Thread.run(Thread.java:748)
Caused by: org.apache.ratis.thirdparty.io.grpc.StatusRuntimeException: UNAVAILABLE: io exception
	at org.apache.ratis.thirdparty.io.grpc.stub.ClientCalls.toStatusRuntimeException(ClientCalls.java:233)
	at org.apache.ratis.thirdparty.io.grpc.stub.ClientCalls.getUnchecked(ClientCalls.java:214)
	at org.apache.ratis.thirdparty.io.grpc.stub.ClientCalls.blockingUnaryCall(ClientCalls.java:139)
	at org.apache.ratis.proto.grpc.RaftServerProtocolServiceGrpc$RaftServerProtocolServiceBlockingStub.requestVote(RaftServerProtocolServiceGrpc.java:265)
	at org.apache.ratis.grpc.server.GrpcServerProtocolClient.requestVote(GrpcServerProtocolClient.java:99)
	at org.apache.ratis.grpc.server.GrpcService.requestVote(GrpcService.java:204)
	at org.apache.ratis.server.impl.LeaderElection.lambda$submitRequests$1(LeaderElection.java:234)
	at java.util.concurrent.FutureTask.run(FutureTask.java:266)
	at java.util.concurrent.Executors$RunnableAdapter.call(Executors.java:511)
	at java.util.concurrent.FutureTask.run(FutureTask.java:266)
	at java.util.concurrent.ThreadPoolExecutor.runWorker(ThreadPoolExecutor.java:1149)
	at java.util.concurrent.ThreadPoolExecutor$Worker.run(ThreadPoolExecutor.java:624)
	... 1 more
Caused by: org.apache.ratis.thirdparty.io.netty.channel.AbstractChannel$AnnotatedConnectException: Connection refused: /192.168.157.252:37962
	at sun.nio.ch.SocketChannelImpl.checkConnect(Native Method)
	at sun.nio.ch.SocketChannelImpl.finishConnect(SocketChannelImpl.java:717)
	at org.apache.ratis.thirdparty.io.netty.channel.socket.nio.NioSocketChannel.doFinishConnect(NioSocketChannel.java:327)
	at org.apache.ratis.thirdparty.io.netty.channel.nio.AbstractNioChannel$AbstractNioUnsafe.finishConnect(AbstractNioChannel.java:340)
	at org.apache.ratis.thirdparty.io.netty.channel.nio.NioEventLoop.processSelectedKey(NioEventLoop.java:632)
	at org.apache.ratis.thirdparty.io.netty.channel.nio.NioEventLoop.processSelectedKeysOptimized(NioEventLoop.java:579)
	at org.apache.ratis.thirdparty.io.netty.channel.nio.NioEventLoop.processSelectedKeys(NioEventLoop.java:496)
	at org.apache.ratis.thirdparty.io.netty.channel.nio.NioEventLoop.run(NioEventLoop.java:458)
	at org.apache.ratis.thirdparty.io.netty.util.concurrent.SingleThreadEventExecutor$5.run(SingleThreadEventExecutor.java:897)
	at org.apache.ratis.thirdparty.io.netty.util.concurrent.FastThreadLocalRunnable.run(FastThreadLocalRunnable.java:30)
	... 1 more
Caused by: java.net.ConnectException: Connection refused
	... 11 more
2019-11-05 11:28:50,167 [90ecfa43-dab6-49d9-b30c-40ef62bfdf2a@group-E95DC8E8582E-LeaderElection289] INFO  impl.LeaderElection (LeaderElection.java:logAndReturn(56)) - 90ecfa43-dab6-49d9-b30c-40ef62bfdf2a@group-E95DC8E8582E-LeaderElection289: Election REJECTED; received 1 response(s) [90ecfa43-dab6-49d9-b30c-40ef62bfdf2a<-b8bf4e9b-064a-4520-981c-d6c40c833497#0:FAIL-t199] and 1 exception(s); 90ecfa43-dab6-49d9-b30c-40ef62bfdf2a@group-E95DC8E8582E:t199, leader=null, voted=90ecfa43-dab6-49d9-b30c-40ef62bfdf2a, raftlog=90ecfa43-dab6-49d9-b30c-40ef62bfdf2a@group-E95DC8E8582E-SegmentedRaftLog:OPENED:c-1,f0,i0, conf=0: [90ecfa43-dab6-49d9-b30c-40ef62bfdf2a:192.168.157.252:34192, 687f579d-1680-4dd5-8b24-01f078298cef:192.168.157.252:37962, b8bf4e9b-064a-4520-981c-d6c40c833497:192.168.157.252:43407], old=null
2019-11-05 11:28:50,167 [90ecfa43-dab6-49d9-b30c-40ef62bfdf2a@group-E95DC8E8582E-LeaderElection289] INFO  impl.LeaderElection (LogUtils.java:infoOrTrace(149)) -   Exception 0: {}
java.util.concurrent.ExecutionException: org.apache.ratis.thirdparty.io.grpc.StatusRuntimeException: UNAVAILABLE: io exception
	at java.util.concurrent.FutureTask.report(FutureTask.java:122)
	at java.util.concurrent.FutureTask.get(FutureTask.java:192)
	at org.apache.ratis.server.impl.LeaderElection.waitForResults(LeaderElection.java:259)
	at org.apache.ratis.server.impl.LeaderElection.askForVotes(LeaderElection.java:197)
	at org.apache.ratis.server.impl.LeaderElection.run(LeaderElection.java:133)
	at java.lang.Thread.run(Thread.java:748)
Caused by: org.apache.ratis.thirdparty.io.grpc.StatusRuntimeException: UNAVAILABLE: io exception
	at org.apache.ratis.thirdparty.io.grpc.stub.ClientCalls.toStatusRuntimeException(ClientCalls.java:233)
	at org.apache.ratis.thirdparty.io.grpc.stub.ClientCalls.getUnchecked(ClientCalls.java:214)
	at org.apache.ratis.thirdparty.io.grpc.stub.ClientCalls.blockingUnaryCall(ClientCalls.java:139)
	at org.apache.ratis.proto.grpc.RaftServerProtocolServiceGrpc$RaftServerProtocolServiceBlockingStub.requestVote(RaftServerProtocolServiceGrpc.java:265)
	at org.apache.ratis.grpc.server.GrpcServerProtocolClient.requestVote(GrpcServerProtocolClient.java:99)
	at org.apache.ratis.grpc.server.GrpcService.requestVote(GrpcService.java:204)
	at org.apache.ratis.server.impl.LeaderElection.lambda$submitRequests$1(LeaderElection.java:234)
	at java.util.concurrent.FutureTask.run(FutureTask.java:266)
	at java.util.concurrent.Executors$RunnableAdapter.call(Executors.java:511)
	at java.util.concurrent.FutureTask.run(FutureTask.java:266)
	at java.util.concurrent.ThreadPoolExecutor.runWorker(ThreadPoolExecutor.java:1149)
	at java.util.concurrent.ThreadPoolExecutor$Worker.run(ThreadPoolExecutor.java:624)
	... 1 more
Caused by: org.apache.ratis.thirdparty.io.netty.channel.AbstractChannel$AnnotatedConnectException: Connection refused: /192.168.157.252:37962
	at sun.nio.ch.SocketChannelImpl.checkConnect(Native Method)
	at sun.nio.ch.SocketChannelImpl.finishConnect(SocketChannelImpl.java:717)
	at org.apache.ratis.thirdparty.io.netty.channel.socket.nio.NioSocketChannel.doFinishConnect(NioSocketChannel.java:327)
	at org.apache.ratis.thirdparty.io.netty.channel.nio.AbstractNioChannel$AbstractNioUnsafe.finishConnect(AbstractNioChannel.java:340)
	at org.apache.ratis.thirdparty.io.netty.channel.nio.NioEventLoop.processSelectedKey(NioEventLoop.java:632)
	at org.apache.ratis.thirdparty.io.netty.channel.nio.NioEventLoop.processSelectedKeysOptimized(NioEventLoop.java:579)
	at org.apache.ratis.thirdparty.io.netty.channel.nio.NioEventLoop.processSelectedKeys(NioEventLoop.java:496)
	at org.apache.ratis.thirdparty.io.netty.channel.nio.NioEventLoop.run(NioEventLoop.java:458)
	at org.apache.ratis.thirdparty.io.netty.util.concurrent.SingleThreadEventExecutor$5.run(SingleThreadEventExecutor.java:897)
	at org.apache.ratis.thirdparty.io.netty.util.concurrent.FastThreadLocalRunnable.run(FastThreadLocalRunnable.java:30)
	... 1 more
Caused by: java.net.ConnectException: Connection refused
	... 11 more
2019-11-05 11:28:50,168 [90ecfa43-dab6-49d9-b30c-40ef62bfdf2a@group-E95DC8E8582E-LeaderElection289] INFO  impl.RaftServerImpl (RaftServerImpl.java:setRole(184)) - 90ecfa43-dab6-49d9-b30c-40ef62bfdf2a@group-E95DC8E8582E: changes role from CANDIDATE to FOLLOWER at term 199 for DISCOVERED_A_NEW_TERM
2019-11-05 11:28:50,168 [90ecfa43-dab6-49d9-b30c-40ef62bfdf2a@group-E95DC8E8582E-LeaderElection289] INFO  impl.RoleInfo (RoleInfo.java:shutdownLeaderElection(134)) - 90ecfa43-dab6-49d9-b30c-40ef62bfdf2a: shutdown LeaderElection
2019-11-05 11:28:50,168 [90ecfa43-dab6-49d9-b30c-40ef62bfdf2a@group-E95DC8E8582E-LeaderElection289] INFO  impl.RoleInfo (RoleInfo.java:updateAndGet(143)) - 90ecfa43-dab6-49d9-b30c-40ef62bfdf2a: start FollowerState
2019-11-05 11:28:50,169 [b8bf4e9b-064a-4520-981c-d6c40c833497@group-E95DC8E8582E-LeaderElection290] INFO  impl.LeaderElection (LeaderElection.java:logAndReturn(56)) - b8bf4e9b-064a-4520-981c-d6c40c833497@group-E95DC8E8582E-LeaderElection290: Election REJECTED; received 1 response(s) [b8bf4e9b-064a-4520-981c-d6c40c833497<-90ecfa43-dab6-49d9-b30c-40ef62bfdf2a#0:FAIL-t199] and 1 exception(s); b8bf4e9b-064a-4520-981c-d6c40c833497@group-E95DC8E8582E:t199, leader=null, voted=b8bf4e9b-064a-4520-981c-d6c40c833497, raftlog=b8bf4e9b-064a-4520-981c-d6c40c833497@group-E95DC8E8582E-SegmentedRaftLog:OPENED:c-1,f0,i0, conf=0: [90ecfa43-dab6-49d9-b30c-40ef62bfdf2a:192.168.157.252:34192, 687f579d-1680-4dd5-8b24-01f078298cef:192.168.157.252:37962, b8bf4e9b-064a-4520-981c-d6c40c833497:192.168.157.252:43407], old=null
2019-11-05 11:28:50,169 [b8bf4e9b-064a-4520-981c-d6c40c833497@group-E95DC8E8582E-LeaderElection290] INFO  impl.LeaderElection (LogUtils.java:infoOrTrace(149)) -   Exception 0: {}
java.util.concurrent.ExecutionException: org.apache.ratis.thirdparty.io.grpc.StatusRuntimeException: UNAVAILABLE: io exception
	at java.util.concurrent.FutureTask.report(FutureTask.java:122)
	at java.util.concurrent.FutureTask.get(FutureTask.java:192)
	at org.apache.ratis.server.impl.LeaderElection.waitForResults(LeaderElection.java:259)
	at org.apache.ratis.server.impl.LeaderElection.askForVotes(LeaderElection.java:197)
	at org.apache.ratis.server.impl.LeaderElection.run(LeaderElection.java:133)
	at java.lang.Thread.run(Thread.java:748)
Caused by: org.apache.ratis.thirdparty.io.grpc.StatusRuntimeException: UNAVAILABLE: io exception
	at org.apache.ratis.thirdparty.io.grpc.stub.ClientCalls.toStatusRuntimeException(ClientCalls.java:233)
	at org.apache.ratis.thirdparty.io.grpc.stub.ClientCalls.getUnchecked(ClientCalls.java:214)
	at org.apache.ratis.thirdparty.io.grpc.stub.ClientCalls.blockingUnaryCall(ClientCalls.java:139)
	at org.apache.ratis.proto.grpc.RaftServerProtocolServiceGrpc$RaftServerProtocolServiceBlockingStub.requestVote(RaftServerProtocolServiceGrpc.java:265)
	at org.apache.ratis.grpc.server.GrpcServerProtocolClient.requestVote(GrpcServerProtocolClient.java:99)
	at org.apache.ratis.grpc.server.GrpcService.requestVote(GrpcService.java:204)
	at org.apache.ratis.server.impl.LeaderElection.lambda$submitRequests$1(LeaderElection.java:234)
	at java.util.concurrent.FutureTask.run(FutureTask.java:266)
	at java.util.concurrent.Executors$RunnableAdapter.call(Executors.java:511)
	at java.util.concurrent.FutureTask.run(FutureTask.java:266)
	at java.util.concurrent.ThreadPoolExecutor.runWorker(ThreadPoolExecutor.java:1149)
	at java.util.concurrent.ThreadPoolExecutor$Worker.run(ThreadPoolExecutor.java:624)
	... 1 more
Caused by: org.apache.ratis.thirdparty.io.netty.channel.AbstractChannel$AnnotatedConnectException: Connection refused: /192.168.157.252:37962
	at sun.nio.ch.SocketChannelImpl.checkConnect(Native Method)
	at sun.nio.ch.SocketChannelImpl.finishConnect(SocketChannelImpl.java:717)
	at org.apache.ratis.thirdparty.io.netty.channel.socket.nio.NioSocketChannel.doFinishConnect(NioSocketChannel.java:327)
	at org.apache.ratis.thirdparty.io.netty.channel.nio.AbstractNioChannel$AbstractNioUnsafe.finishConnect(AbstractNioChannel.java:340)
	at org.apache.ratis.thirdparty.io.netty.channel.nio.NioEventLoop.processSelectedKey(NioEventLoop.java:632)
	at org.apache.ratis.thirdparty.io.netty.channel.nio.NioEventLoop.processSelectedKeysOptimized(NioEventLoop.java:579)
	at org.apache.ratis.thirdparty.io.netty.channel.nio.NioEventLoop.processSelectedKeys(NioEventLoop.java:496)
	at org.apache.ratis.thirdparty.io.netty.channel.nio.NioEventLoop.run(NioEventLoop.java:458)
	at org.apache.ratis.thirdparty.io.netty.util.concurrent.SingleThreadEventExecutor$5.run(SingleThreadEventExecutor.java:897)
	at org.apache.ratis.thirdparty.io.netty.util.concurrent.FastThreadLocalRunnable.run(FastThreadLocalRunnable.java:30)
	... 1 more
Caused by: java.net.ConnectException: Connection refused
	... 11 more
2019-11-05 11:28:50,170 [b8bf4e9b-064a-4520-981c-d6c40c833497@group-E95DC8E8582E-LeaderElection290] INFO  impl.RaftServerImpl (RaftServerImpl.java:setRole(184)) - b8bf4e9b-064a-4520-981c-d6c40c833497@group-E95DC8E8582E: changes role from CANDIDATE to FOLLOWER at term 199 for DISCOVERED_A_NEW_TERM
2019-11-05 11:28:50,170 [b8bf4e9b-064a-4520-981c-d6c40c833497@group-E95DC8E8582E-LeaderElection290] INFO  impl.RoleInfo (RoleInfo.java:shutdownLeaderElection(134)) - b8bf4e9b-064a-4520-981c-d6c40c833497: shutdown LeaderElection
2019-11-05 11:28:50,170 [b8bf4e9b-064a-4520-981c-d6c40c833497@group-E95DC8E8582E-LeaderElection290] INFO  impl.RoleInfo (RoleInfo.java:updateAndGet(143)) - b8bf4e9b-064a-4520-981c-d6c40c833497: start FollowerState
2019-11-05 11:28:51,254 [Thread-2497] INFO  impl.FollowerState (FollowerState.java:run(108)) - d8b77924-76ff-4932-a9fa-7ec761e4cf6b@group-0CA4D070D5C4-FollowerState: change to CANDIDATE, lastRpcTime:1173ms, electionTimeout:1173ms
2019-11-05 11:28:51,255 [Thread-2497] INFO  impl.RoleInfo (RoleInfo.java:shutdownFollowerState(121)) - d8b77924-76ff-4932-a9fa-7ec761e4cf6b: shutdown FollowerState
2019-11-05 11:28:51,255 [Thread-2497] INFO  impl.RaftServerImpl (RaftServerImpl.java:setRole(184)) - d8b77924-76ff-4932-a9fa-7ec761e4cf6b@group-0CA4D070D5C4: changes role from  FOLLOWER to CANDIDATE at term 13 for changeToCandidate
2019-11-05 11:28:51,255 [Thread-2497] INFO  impl.RoleInfo (RoleInfo.java:updateAndGet(143)) - d8b77924-76ff-4932-a9fa-7ec761e4cf6b: start LeaderElection
2019-11-05 11:28:51,269 [d8b77924-76ff-4932-a9fa-7ec761e4cf6b@group-0CA4D070D5C4-LeaderElection291] INFO  impl.LeaderElection (LeaderElection.java:askForVotes(178)) - d8b77924-76ff-4932-a9fa-7ec761e4cf6b@group-0CA4D070D5C4-LeaderElection291: begin an election at term 14 for 0: [93bc9e78-ae56-4fee-a007-4b156d649157:192.168.157.252:38000, d8b77924-76ff-4932-a9fa-7ec761e4cf6b:192.168.157.252:40377, bd42c95e-cd41-4cbd-85b3-b330cc3c4f94:192.168.157.252:33158], old=null
2019-11-05 11:28:51,271 [d8b77924-76ff-4932-a9fa-7ec761e4cf6b@group-0CA4D070D5C4-LeaderElection291] INFO  impl.LeaderElection (LogUtils.java:infoOrTrace(149)) - d8b77924-76ff-4932-a9fa-7ec761e4cf6b@group-0CA4D070D5C4-LeaderElection291 got exception when requesting votes: {}
java.util.concurrent.ExecutionException: org.apache.ratis.thirdparty.io.grpc.StatusRuntimeException: UNAVAILABLE: io exception
	at java.util.concurrent.FutureTask.report(FutureTask.java:122)
	at java.util.concurrent.FutureTask.get(FutureTask.java:192)
	at org.apache.ratis.server.impl.LeaderElection.waitForResults(LeaderElection.java:259)
	at org.apache.ratis.server.impl.LeaderElection.askForVotes(LeaderElection.java:197)
	at org.apache.ratis.server.impl.LeaderElection.run(LeaderElection.java:133)
	at java.lang.Thread.run(Thread.java:748)
Caused by: org.apache.ratis.thirdparty.io.grpc.StatusRuntimeException: UNAVAILABLE: io exception
	at org.apache.ratis.thirdparty.io.grpc.stub.ClientCalls.toStatusRuntimeException(ClientCalls.java:233)
	at org.apache.ratis.thirdparty.io.grpc.stub.ClientCalls.getUnchecked(ClientCalls.java:214)
	at org.apache.ratis.thirdparty.io.grpc.stub.ClientCalls.blockingUnaryCall(ClientCalls.java:139)
	at org.apache.ratis.proto.grpc.RaftServerProtocolServiceGrpc$RaftServerProtocolServiceBlockingStub.requestVote(RaftServerProtocolServiceGrpc.java:265)
	at org.apache.ratis.grpc.server.GrpcServerProtocolClient.requestVote(GrpcServerProtocolClient.java:99)
	at org.apache.ratis.grpc.server.GrpcService.requestVote(GrpcService.java:204)
	at org.apache.ratis.server.impl.LeaderElection.lambda$submitRequests$1(LeaderElection.java:234)
	at java.util.concurrent.FutureTask.run(FutureTask.java:266)
	at java.util.concurrent.Executors$RunnableAdapter.call(Executors.java:511)
	at java.util.concurrent.FutureTask.run(FutureTask.java:266)
	at java.util.concurrent.ThreadPoolExecutor.runWorker(ThreadPoolExecutor.java:1149)
	at java.util.concurrent.ThreadPoolExecutor$Worker.run(ThreadPoolExecutor.java:624)
	... 1 more
Caused by: org.apache.ratis.thirdparty.io.netty.channel.AbstractChannel$AnnotatedConnectException: Connection refused: /192.168.157.252:38000
	at sun.nio.ch.SocketChannelImpl.checkConnect(Native Method)
	at sun.nio.ch.SocketChannelImpl.finishConnect(SocketChannelImpl.java:717)
	at org.apache.ratis.thirdparty.io.netty.channel.socket.nio.NioSocketChannel.doFinishConnect(NioSocketChannel.java:327)
	at org.apache.ratis.thirdparty.io.netty.channel.nio.AbstractNioChannel$AbstractNioUnsafe.finishConnect(AbstractNioChannel.java:340)
	at org.apache.ratis.thirdparty.io.netty.channel.nio.NioEventLoop.processSelectedKey(NioEventLoop.java:632)
	at org.apache.ratis.thirdparty.io.netty.channel.nio.NioEventLoop.processSelectedKeysOptimized(NioEventLoop.java:579)
	at org.apache.ratis.thirdparty.io.netty.channel.nio.NioEventLoop.processSelectedKeys(NioEventLoop.java:496)
	at org.apache.ratis.thirdparty.io.netty.channel.nio.NioEventLoop.run(NioEventLoop.java:458)
	at org.apache.ratis.thirdparty.io.netty.util.concurrent.SingleThreadEventExecutor$5.run(SingleThreadEventExecutor.java:897)
	at org.apache.ratis.thirdparty.io.netty.util.concurrent.FastThreadLocalRunnable.run(FastThreadLocalRunnable.java:30)
	... 1 more
Caused by: java.net.ConnectException: Connection refused
	... 11 more
2019-11-05 11:28:51,282 [d8b77924-76ff-4932-a9fa-7ec761e4cf6b@group-0CA4D070D5C4-LeaderElection291] INFO  impl.LeaderElection (LogUtils.java:infoOrTrace(149)) - d8b77924-76ff-4932-a9fa-7ec761e4cf6b@group-0CA4D070D5C4-LeaderElection291 got exception when requesting votes: {}
java.util.concurrent.ExecutionException: org.apache.ratis.thirdparty.io.grpc.StatusRuntimeException: UNAVAILABLE: io exception
	at java.util.concurrent.FutureTask.report(FutureTask.java:122)
	at java.util.concurrent.FutureTask.get(FutureTask.java:192)
	at org.apache.ratis.server.impl.LeaderElection.waitForResults(LeaderElection.java:259)
	at org.apache.ratis.server.impl.LeaderElection.askForVotes(LeaderElection.java:197)
	at org.apache.ratis.server.impl.LeaderElection.run(LeaderElection.java:133)
	at java.lang.Thread.run(Thread.java:748)
Caused by: org.apache.ratis.thirdparty.io.grpc.StatusRuntimeException: UNAVAILABLE: io exception
	at org.apache.ratis.thirdparty.io.grpc.stub.ClientCalls.toStatusRuntimeException(ClientCalls.java:233)
	at org.apache.ratis.thirdparty.io.grpc.stub.ClientCalls.getUnchecked(ClientCalls.java:214)
	at org.apache.ratis.thirdparty.io.grpc.stub.ClientCalls.blockingUnaryCall(ClientCalls.java:139)
	at org.apache.ratis.proto.grpc.RaftServerProtocolServiceGrpc$RaftServerProtocolServiceBlockingStub.requestVote(RaftServerProtocolServiceGrpc.java:265)
	at org.apache.ratis.grpc.server.GrpcServerProtocolClient.requestVote(GrpcServerProtocolClient.java:99)
	at org.apache.ratis.grpc.server.GrpcService.requestVote(GrpcService.java:204)
	at org.apache.ratis.server.impl.LeaderElection.lambda$submitRequests$1(LeaderElection.java:234)
	at java.util.concurrent.FutureTask.run(FutureTask.java:266)
	at java.util.concurrent.Executors$RunnableAdapter.call(Executors.java:511)
	at java.util.concurrent.FutureTask.run(FutureTask.java:266)
	at java.util.concurrent.ThreadPoolExecutor.runWorker(ThreadPoolExecutor.java:1149)
	at java.util.concurrent.ThreadPoolExecutor$Worker.run(ThreadPoolExecutor.java:624)
	... 1 more
Caused by: org.apache.ratis.thirdparty.io.netty.channel.AbstractChannel$AnnotatedConnectException: Connection refused: /192.168.157.252:33158
	at sun.nio.ch.SocketChannelImpl.checkConnect(Native Method)
	at sun.nio.ch.SocketChannelImpl.finishConnect(SocketChannelImpl.java:717)
	at org.apache.ratis.thirdparty.io.netty.channel.socket.nio.NioSocketChannel.doFinishConnect(NioSocketChannel.java:327)
	at org.apache.ratis.thirdparty.io.netty.channel.nio.AbstractNioChannel$AbstractNioUnsafe.finishConnect(AbstractNioChannel.java:340)
	at org.apache.ratis.thirdparty.io.netty.channel.nio.NioEventLoop.processSelectedKey(NioEventLoop.java:632)
	at org.apache.ratis.thirdparty.io.netty.channel.nio.NioEventLoop.processSelectedKeysOptimized(NioEventLoop.java:579)
	at org.apache.ratis.thirdparty.io.netty.channel.nio.NioEventLoop.processSelectedKeys(NioEventLoop.java:496)
	at org.apache.ratis.thirdparty.io.netty.channel.nio.NioEventLoop.run(NioEventLoop.java:458)
	at org.apache.ratis.thirdparty.io.netty.util.concurrent.SingleThreadEventExecutor$5.run(SingleThreadEventExecutor.java:897)
	at org.apache.ratis.thirdparty.io.netty.util.concurrent.FastThreadLocalRunnable.run(FastThreadLocalRunnable.java:30)
	... 1 more
Caused by: java.net.ConnectException: Connection refused
	... 11 more
2019-11-05 11:28:51,282 [Thread-2505] INFO  impl.FollowerState (FollowerState.java:run(108)) - b8bf4e9b-064a-4520-981c-d6c40c833497@group-E95DC8E8582E-FollowerState: change to CANDIDATE, lastRpcTime:1111ms, electionTimeout:1102ms
2019-11-05 11:28:51,284 [Thread-2505] INFO  impl.RoleInfo (RoleInfo.java:shutdownFollowerState(121)) - b8bf4e9b-064a-4520-981c-d6c40c833497: shutdown FollowerState
2019-11-05 11:28:51,284 [d8b77924-76ff-4932-a9fa-7ec761e4cf6b@group-0CA4D070D5C4-LeaderElection291] INFO  impl.LeaderElection (LeaderElection.java:logAndReturn(56)) - d8b77924-76ff-4932-a9fa-7ec761e4cf6b@group-0CA4D070D5C4-LeaderElection291: Election REJECTED; received 0 response(s) [] and 2 exception(s); d8b77924-76ff-4932-a9fa-7ec761e4cf6b@group-0CA4D070D5C4:t14, leader=null, voted=d8b77924-76ff-4932-a9fa-7ec761e4cf6b, raftlog=d8b77924-76ff-4932-a9fa-7ec761e4cf6b@group-0CA4D070D5C4-SegmentedRaftLog:OPENED:c20,f20,i20, conf=0: [93bc9e78-ae56-4fee-a007-4b156d649157:192.168.157.252:38000, d8b77924-76ff-4932-a9fa-7ec761e4cf6b:192.168.157.252:40377, bd42c95e-cd41-4cbd-85b3-b330cc3c4f94:192.168.157.252:33158], old=null
2019-11-05 11:28:51,284 [d8b77924-76ff-4932-a9fa-7ec761e4cf6b@group-0CA4D070D5C4-LeaderElection291] INFO  impl.LeaderElection (LogUtils.java:infoOrTrace(149)) -   Exception 0: {}
java.util.concurrent.ExecutionException: org.apache.ratis.thirdparty.io.grpc.StatusRuntimeException: UNAVAILABLE: io exception
	at java.util.concurrent.FutureTask.report(FutureTask.java:122)
	at java.util.concurrent.FutureTask.get(FutureTask.java:192)
	at org.apache.ratis.server.impl.LeaderElection.waitForResults(LeaderElection.java:259)
	at org.apache.ratis.server.impl.LeaderElection.askForVotes(LeaderElection.java:197)
	at org.apache.ratis.server.impl.LeaderElection.run(LeaderElection.java:133)
	at java.lang.Thread.run(Thread.java:748)
Caused by: org.apache.ratis.thirdparty.io.grpc.StatusRuntimeException: UNAVAILABLE: io exception
	at org.apache.ratis.thirdparty.io.grpc.stub.ClientCalls.toStatusRuntimeException(ClientCalls.java:233)
	at org.apache.ratis.thirdparty.io.grpc.stub.ClientCalls.getUnchecked(ClientCalls.java:214)
	at org.apache.ratis.thirdparty.io.grpc.stub.ClientCalls.blockingUnaryCall(ClientCalls.java:139)
	at org.apache.ratis.proto.grpc.RaftServerProtocolServiceGrpc$RaftServerProtocolServiceBlockingStub.requestVote(RaftServerProtocolServiceGrpc.java:265)
	at org.apache.ratis.grpc.server.GrpcServerProtocolClient.requestVote(GrpcServerProtocolClient.java:99)
	at org.apache.ratis.grpc.server.GrpcService.requestVote(GrpcService.java:204)
	at org.apache.ratis.server.impl.LeaderElection.lambda$submitRequests$1(LeaderElection.java:234)
	at java.util.concurrent.FutureTask.run(FutureTask.java:266)
	at java.util.concurrent.Executors$RunnableAdapter.call(Executors.java:511)
	at java.util.concurrent.FutureTask.run(FutureTask.java:266)
	at java.util.concurrent.ThreadPoolExecutor.runWorker(ThreadPoolExecutor.java:1149)
	at java.util.concurrent.ThreadPoolExecutor$Worker.run(ThreadPoolExecutor.java:624)
	... 1 more
Caused by: org.apache.ratis.thirdparty.io.netty.channel.AbstractChannel$AnnotatedConnectException: Connection refused: /192.168.157.252:38000
	at sun.nio.ch.SocketChannelImpl.checkConnect(Native Method)
	at sun.nio.ch.SocketChannelImpl.finishConnect(SocketChannelImpl.java:717)
	at org.apache.ratis.thirdparty.io.netty.channel.socket.nio.NioSocketChannel.doFinishConnect(NioSocketChannel.java:327)
	at org.apache.ratis.thirdparty.io.netty.channel.nio.AbstractNioChannel$AbstractNioUnsafe.finishConnect(AbstractNioChannel.java:340)
	at org.apache.ratis.thirdparty.io.netty.channel.nio.NioEventLoop.processSelectedKey(NioEventLoop.java:632)
	at org.apache.ratis.thirdparty.io.netty.channel.nio.NioEventLoop.processSelectedKeysOptimized(NioEventLoop.java:579)
	at org.apache.ratis.thirdparty.io.netty.channel.nio.NioEventLoop.processSelectedKeys(NioEventLoop.java:496)
	at org.apache.ratis.thirdparty.io.netty.channel.nio.NioEventLoop.run(NioEventLoop.java:458)
	at org.apache.ratis.thirdparty.io.netty.util.concurrent.SingleThreadEventExecutor$5.run(SingleThreadEventExecutor.java:897)
	at org.apache.ratis.thirdparty.io.netty.util.concurrent.FastThreadLocalRunnable.run(FastThreadLocalRunnable.java:30)
	... 1 more
Caused by: java.net.ConnectException: Connection refused
	... 11 more
2019-11-05 11:28:51,284 [Thread-2505] INFO  impl.RaftServerImpl (RaftServerImpl.java:setRole(184)) - b8bf4e9b-064a-4520-981c-d6c40c833497@group-E95DC8E8582E: changes role from  FOLLOWER to CANDIDATE at term 199 for changeToCandidate
2019-11-05 11:28:51,284 [Thread-2505] INFO  impl.RoleInfo (RoleInfo.java:updateAndGet(143)) - b8bf4e9b-064a-4520-981c-d6c40c833497: start LeaderElection
2019-11-05 11:28:51,284 [d8b77924-76ff-4932-a9fa-7ec761e4cf6b@group-0CA4D070D5C4-LeaderElection291] INFO  impl.LeaderElection (LogUtils.java:infoOrTrace(149)) -   Exception 1: {}
java.util.concurrent.ExecutionException: org.apache.ratis.thirdparty.io.grpc.StatusRuntimeException: UNAVAILABLE: io exception
	at java.util.concurrent.FutureTask.report(FutureTask.java:122)
	at java.util.concurrent.FutureTask.get(FutureTask.java:192)
	at org.apache.ratis.server.impl.LeaderElection.waitForResults(LeaderElection.java:259)
	at org.apache.ratis.server.impl.LeaderElection.askForVotes(LeaderElection.java:197)
	at org.apache.ratis.server.impl.LeaderElection.run(LeaderElection.java:133)
	at java.lang.Thread.run(Thread.java:748)
Caused by: org.apache.ratis.thirdparty.io.grpc.StatusRuntimeException: UNAVAILABLE: io exception
	at org.apache.ratis.thirdparty.io.grpc.stub.ClientCalls.toStatusRuntimeException(ClientCalls.java:233)
	at org.apache.ratis.thirdparty.io.grpc.stub.ClientCalls.getUnchecked(ClientCalls.java:214)
	at org.apache.ratis.thirdparty.io.grpc.stub.ClientCalls.blockingUnaryCall(ClientCalls.java:139)
	at org.apache.ratis.proto.grpc.RaftServerProtocolServiceGrpc$RaftServerProtocolServiceBlockingStub.requestVote(RaftServerProtocolServiceGrpc.java:265)
	at org.apache.ratis.grpc.server.GrpcServerProtocolClient.requestVote(GrpcServerProtocolClient.java:99)
	at org.apache.ratis.grpc.server.GrpcService.requestVote(GrpcService.java:204)
	at org.apache.ratis.server.impl.LeaderElection.lambda$submitRequests$1(LeaderElection.java:234)
	at java.util.concurrent.FutureTask.run(FutureTask.java:266)
	at java.util.concurrent.Executors$RunnableAdapter.call(Executors.java:511)
	at java.util.concurrent.FutureTask.run(FutureTask.java:266)
	at java.util.concurrent.ThreadPoolExecutor.runWorker(ThreadPoolExecutor.java:1149)
	at java.util.concurrent.ThreadPoolExecutor$Worker.run(ThreadPoolExecutor.java:624)
	... 1 more
Caused by: org.apache.ratis.thirdparty.io.netty.channel.AbstractChannel$AnnotatedConnectException: Connection refused: /192.168.157.252:33158
	at sun.nio.ch.SocketChannelImpl.checkConnect(Native Method)
	at sun.nio.ch.SocketChannelImpl.finishConnect(SocketChannelImpl.java:717)
	at org.apache.ratis.thirdparty.io.netty.channel.socket.nio.NioSocketChannel.doFinishConnect(NioSocketChannel.java:327)
	at org.apache.ratis.thirdparty.io.netty.channel.nio.AbstractNioChannel$AbstractNioUnsafe.finishConnect(AbstractNioChannel.java:340)
	at org.apache.ratis.thirdparty.io.netty.channel.nio.NioEventLoop.processSelectedKey(NioEventLoop.java:632)
	at org.apache.ratis.thirdparty.io.netty.channel.nio.NioEventLoop.processSelectedKeysOptimized(NioEventLoop.java:579)
	at org.apache.ratis.thirdparty.io.netty.channel.nio.NioEventLoop.processSelectedKeys(NioEventLoop.java:496)
	at org.apache.ratis.thirdparty.io.netty.channel.nio.NioEventLoop.run(NioEventLoop.java:458)
	at org.apache.ratis.thirdparty.io.netty.util.concurrent.SingleThreadEventExecutor$5.run(SingleThreadEventExecutor.java:897)
	at org.apache.ratis.thirdparty.io.netty.util.concurrent.FastThreadLocalRunnable.run(FastThreadLocalRunnable.java:30)
	... 1 more
Caused by: java.net.ConnectException: Connection refused
	... 11 more
2019-11-05 11:28:51,285 [d8b77924-76ff-4932-a9fa-7ec761e4cf6b@group-0CA4D070D5C4-LeaderElection291] INFO  impl.RaftServerImpl (RaftServerImpl.java:setRole(184)) - d8b77924-76ff-4932-a9fa-7ec761e4cf6b@group-0CA4D070D5C4: changes role from CANDIDATE to FOLLOWER at term 14 for DISCOVERED_A_NEW_TERM
2019-11-05 11:28:51,285 [d8b77924-76ff-4932-a9fa-7ec761e4cf6b@group-0CA4D070D5C4-LeaderElection291] INFO  impl.RoleInfo (RoleInfo.java:shutdownLeaderElection(134)) - d8b77924-76ff-4932-a9fa-7ec761e4cf6b: shutdown LeaderElection
2019-11-05 11:28:51,285 [d8b77924-76ff-4932-a9fa-7ec761e4cf6b@group-0CA4D070D5C4-LeaderElection291] INFO  impl.RoleInfo (RoleInfo.java:updateAndGet(143)) - d8b77924-76ff-4932-a9fa-7ec761e4cf6b: start FollowerState
2019-11-05 11:28:51,340 [Thread-2504] INFO  impl.FollowerState (FollowerState.java:run(108)) - 90ecfa43-dab6-49d9-b30c-40ef62bfdf2a@group-E95DC8E8582E-FollowerState: change to CANDIDATE, lastRpcTime:1171ms, electionTimeout:1171ms
2019-11-05 11:28:51,340 [Thread-2504] INFO  impl.RoleInfo (RoleInfo.java:shutdownFollowerState(121)) - 90ecfa43-dab6-49d9-b30c-40ef62bfdf2a: shutdown FollowerState
2019-11-05 11:28:51,340 [Thread-2504] INFO  impl.RaftServerImpl (RaftServerImpl.java:setRole(184)) - 90ecfa43-dab6-49d9-b30c-40ef62bfdf2a@group-E95DC8E8582E: changes role from  FOLLOWER to CANDIDATE at term 199 for changeToCandidate
2019-11-05 11:28:51,341 [Thread-2504] INFO  impl.RoleInfo (RoleInfo.java:updateAndGet(143)) - 90ecfa43-dab6-49d9-b30c-40ef62bfdf2a: start LeaderElection
2019-11-05 11:28:51,365 [b8bf4e9b-064a-4520-981c-d6c40c833497@group-E95DC8E8582E-LeaderElection292] INFO  impl.LeaderElection (LeaderElection.java:askForVotes(178)) - b8bf4e9b-064a-4520-981c-d6c40c833497@group-E95DC8E8582E-LeaderElection292: begin an election at term 200 for 0: [90ecfa43-dab6-49d9-b30c-40ef62bfdf2a:192.168.157.252:34192, 687f579d-1680-4dd5-8b24-01f078298cef:192.168.157.252:37962, b8bf4e9b-064a-4520-981c-d6c40c833497:192.168.157.252:43407], old=null
2019-11-05 11:28:51,365 [90ecfa43-dab6-49d9-b30c-40ef62bfdf2a@group-E95DC8E8582E-LeaderElection293] INFO  impl.LeaderElection (LeaderElection.java:askForVotes(178)) - 90ecfa43-dab6-49d9-b30c-40ef62bfdf2a@group-E95DC8E8582E-LeaderElection293: begin an election at term 200 for 0: [90ecfa43-dab6-49d9-b30c-40ef62bfdf2a:192.168.157.252:34192, 687f579d-1680-4dd5-8b24-01f078298cef:192.168.157.252:37962, b8bf4e9b-064a-4520-981c-d6c40c833497:192.168.157.252:43407], old=null
2019-11-05 11:28:51,366 [b8bf4e9b-064a-4520-981c-d6c40c833497@group-E95DC8E8582E-LeaderElection292] INFO  impl.LeaderElection (LogUtils.java:infoOrTrace(149)) - b8bf4e9b-064a-4520-981c-d6c40c833497@group-E95DC8E8582E-LeaderElection292 got exception when requesting votes: {}
java.util.concurrent.ExecutionException: org.apache.ratis.thirdparty.io.grpc.StatusRuntimeException: UNAVAILABLE: io exception
	at java.util.concurrent.FutureTask.report(FutureTask.java:122)
	at java.util.concurrent.FutureTask.get(FutureTask.java:192)
	at org.apache.ratis.server.impl.LeaderElection.waitForResults(LeaderElection.java:259)
	at org.apache.ratis.server.impl.LeaderElection.askForVotes(LeaderElection.java:197)
	at org.apache.ratis.server.impl.LeaderElection.run(LeaderElection.java:133)
	at java.lang.Thread.run(Thread.java:748)
Caused by: org.apache.ratis.thirdparty.io.grpc.StatusRuntimeException: UNAVAILABLE: io exception
	at org.apache.ratis.thirdparty.io.grpc.stub.ClientCalls.toStatusRuntimeException(ClientCalls.java:233)
	at org.apache.ratis.thirdparty.io.grpc.stub.ClientCalls.getUnchecked(ClientCalls.java:214)
	at org.apache.ratis.thirdparty.io.grpc.stub.ClientCalls.blockingUnaryCall(ClientCalls.java:139)
	at org.apache.ratis.proto.grpc.RaftServerProtocolServiceGrpc$RaftServerProtocolServiceBlockingStub.requestVote(RaftServerProtocolServiceGrpc.java:265)
	at org.apache.ratis.grpc.server.GrpcServerProtocolClient.requestVote(GrpcServerProtocolClient.java:99)
	at org.apache.ratis.grpc.server.GrpcService.requestVote(GrpcService.java:204)
	at org.apache.ratis.server.impl.LeaderElection.lambda$submitRequests$1(LeaderElection.java:234)
	at java.util.concurrent.FutureTask.run(FutureTask.java:266)
	at java.util.concurrent.Executors$RunnableAdapter.call(Executors.java:511)
	at java.util.concurrent.FutureTask.run(FutureTask.java:266)
	at java.util.concurrent.ThreadPoolExecutor.runWorker(ThreadPoolExecutor.java:1149)
	at java.util.concurrent.ThreadPoolExecutor$Worker.run(ThreadPoolExecutor.java:624)
	... 1 more
Caused by: org.apache.ratis.thirdparty.io.netty.channel.AbstractChannel$AnnotatedConnectException: Connection refused: /192.168.157.252:37962
	at sun.nio.ch.SocketChannelImpl.checkConnect(Native Method)
	at sun.nio.ch.SocketChannelImpl.finishConnect(SocketChannelImpl.java:717)
	at org.apache.ratis.thirdparty.io.netty.channel.socket.nio.NioSocketChannel.doFinishConnect(NioSocketChannel.java:327)
	at org.apache.ratis.thirdparty.io.netty.channel.nio.AbstractNioChannel$AbstractNioUnsafe.finishConnect(AbstractNioChannel.java:340)
	at org.apache.ratis.thirdparty.io.netty.channel.nio.NioEventLoop.processSelectedKey(NioEventLoop.java:632)
	at org.apache.ratis.thirdparty.io.netty.channel.nio.NioEventLoop.processSelectedKeysOptimized(NioEventLoop.java:579)
	at org.apache.ratis.thirdparty.io.netty.channel.nio.NioEventLoop.processSelectedKeys(NioEventLoop.java:496)
	at org.apache.ratis.thirdparty.io.netty.channel.nio.NioEventLoop.run(NioEventLoop.java:458)
	at org.apache.ratis.thirdparty.io.netty.util.concurrent.SingleThreadEventExecutor$5.run(SingleThreadEventExecutor.java:897)
	at org.apache.ratis.thirdparty.io.netty.util.concurrent.FastThreadLocalRunnable.run(FastThreadLocalRunnable.java:30)
	... 1 more
Caused by: java.net.ConnectException: Connection refused
	... 11 more
2019-11-05 11:28:51,369 [90ecfa43-dab6-49d9-b30c-40ef62bfdf2a@group-E95DC8E8582E-LeaderElection293] INFO  impl.LeaderElection (LogUtils.java:infoOrTrace(149)) - 90ecfa43-dab6-49d9-b30c-40ef62bfdf2a@group-E95DC8E8582E-LeaderElection293 got exception when requesting votes: {}
java.util.concurrent.ExecutionException: org.apache.ratis.thirdparty.io.grpc.StatusRuntimeException: UNAVAILABLE: io exception
	at java.util.concurrent.FutureTask.report(FutureTask.java:122)
	at java.util.concurrent.FutureTask.get(FutureTask.java:192)
	at org.apache.ratis.server.impl.LeaderElection.waitForResults(LeaderElection.java:259)
	at org.apache.ratis.server.impl.LeaderElection.askForVotes(LeaderElection.java:197)
	at org.apache.ratis.server.impl.LeaderElection.run(LeaderElection.java:133)
	at java.lang.Thread.run(Thread.java:748)
Caused by: org.apache.ratis.thirdparty.io.grpc.StatusRuntimeException: UNAVAILABLE: io exception
	at org.apache.ratis.thirdparty.io.grpc.stub.ClientCalls.toStatusRuntimeException(ClientCalls.java:233)
	at org.apache.ratis.thirdparty.io.grpc.stub.ClientCalls.getUnchecked(ClientCalls.java:214)
	at org.apache.ratis.thirdparty.io.grpc.stub.ClientCalls.blockingUnaryCall(ClientCalls.java:139)
	at org.apache.ratis.proto.grpc.RaftServerProtocolServiceGrpc$RaftServerProtocolServiceBlockingStub.requestVote(RaftServerProtocolServiceGrpc.java:265)
	at org.apache.ratis.grpc.server.GrpcServerProtocolClient.requestVote(GrpcServerProtocolClient.java:99)
	at org.apache.ratis.grpc.server.GrpcService.requestVote(GrpcService.java:204)
	at org.apache.ratis.server.impl.LeaderElection.lambda$submitRequests$1(LeaderElection.java:234)
	at java.util.concurrent.FutureTask.run(FutureTask.java:266)
	at java.util.concurrent.Executors$RunnableAdapter.call(Executors.java:511)
	at java.util.concurrent.FutureTask.run(FutureTask.java:266)
	at java.util.concurrent.ThreadPoolExecutor.runWorker(ThreadPoolExecutor.java:1149)
	at java.util.concurrent.ThreadPoolExecutor$Worker.run(ThreadPoolExecutor.java:624)
	... 1 more
Caused by: org.apache.ratis.thirdparty.io.netty.channel.AbstractChannel$AnnotatedConnectException: Connection refused: /192.168.157.252:37962
	at sun.nio.ch.SocketChannelImpl.checkConnect(Native Method)
	at sun.nio.ch.SocketChannelImpl.finishConnect(SocketChannelImpl.java:717)
	at org.apache.ratis.thirdparty.io.netty.channel.socket.nio.NioSocketChannel.doFinishConnect(NioSocketChannel.java:327)
	at org.apache.ratis.thirdparty.io.netty.channel.nio.AbstractNioChannel$AbstractNioUnsafe.finishConnect(AbstractNioChannel.java:340)
	at org.apache.ratis.thirdparty.io.netty.channel.nio.NioEventLoop.processSelectedKey(NioEventLoop.java:632)
	at org.apache.ratis.thirdparty.io.netty.channel.nio.NioEventLoop.processSelectedKeysOptimized(NioEventLoop.java:579)
	at org.apache.ratis.thirdparty.io.netty.channel.nio.NioEventLoop.processSelectedKeys(NioEventLoop.java:496)
	at org.apache.ratis.thirdparty.io.netty.channel.nio.NioEventLoop.run(NioEventLoop.java:458)
	at org.apache.ratis.thirdparty.io.netty.util.concurrent.SingleThreadEventExecutor$5.run(SingleThreadEventExecutor.java:897)
	at org.apache.ratis.thirdparty.io.netty.util.concurrent.FastThreadLocalRunnable.run(FastThreadLocalRunnable.java:30)
	... 1 more
Caused by: java.net.ConnectException: Connection refused
	... 11 more
2019-11-05 11:28:51,371 [b8bf4e9b-064a-4520-981c-d6c40c833497@group-E95DC8E8582E-LeaderElection292] INFO  impl.LeaderElection (LeaderElection.java:logAndReturn(56)) - b8bf4e9b-064a-4520-981c-d6c40c833497@group-E95DC8E8582E-LeaderElection292: Election REJECTED; received 1 response(s) [b8bf4e9b-064a-4520-981c-d6c40c833497<-90ecfa43-dab6-49d9-b30c-40ef62bfdf2a#0:FAIL-t200] and 1 exception(s); b8bf4e9b-064a-4520-981c-d6c40c833497@group-E95DC8E8582E:t200, leader=null, voted=b8bf4e9b-064a-4520-981c-d6c40c833497, raftlog=b8bf4e9b-064a-4520-981c-d6c40c833497@group-E95DC8E8582E-SegmentedRaftLog:OPENED:c-1,f0,i0, conf=0: [90ecfa43-dab6-49d9-b30c-40ef62bfdf2a:192.168.157.252:34192, 687f579d-1680-4dd5-8b24-01f078298cef:192.168.157.252:37962, b8bf4e9b-064a-4520-981c-d6c40c833497:192.168.157.252:43407], old=null
2019-11-05 11:28:51,374 [b8bf4e9b-064a-4520-981c-d6c40c833497@group-E95DC8E8582E-LeaderElection292] INFO  impl.LeaderElection (LogUtils.java:infoOrTrace(149)) -   Exception 0: {}
java.util.concurrent.ExecutionException: org.apache.ratis.thirdparty.io.grpc.StatusRuntimeException: UNAVAILABLE: io exception
	at java.util.concurrent.FutureTask.report(FutureTask.java:122)
	at java.util.concurrent.FutureTask.get(FutureTask.java:192)
	at org.apache.ratis.server.impl.LeaderElection.waitForResults(LeaderElection.java:259)
	at org.apache.ratis.server.impl.LeaderElection.askForVotes(LeaderElection.java:197)
	at org.apache.ratis.server.impl.LeaderElection.run(LeaderElection.java:133)
	at java.lang.Thread.run(Thread.java:748)
Caused by: org.apache.ratis.thirdparty.io.grpc.StatusRuntimeException: UNAVAILABLE: io exception
	at org.apache.ratis.thirdparty.io.grpc.stub.ClientCalls.toStatusRuntimeException(ClientCalls.java:233)
	at org.apache.ratis.thirdparty.io.grpc.stub.ClientCalls.getUnchecked(ClientCalls.java:214)
	at org.apache.ratis.thirdparty.io.grpc.stub.ClientCalls.blockingUnaryCall(ClientCalls.java:139)
	at org.apache.ratis.proto.grpc.RaftServerProtocolServiceGrpc$RaftServerProtocolServiceBlockingStub.requestVote(RaftServerProtocolServiceGrpc.java:265)
	at org.apache.ratis.grpc.server.GrpcServerProtocolClient.requestVote(GrpcServerProtocolClient.java:99)
	at org.apache.ratis.grpc.server.GrpcService.requestVote(GrpcService.java:204)
	at org.apache.ratis.server.impl.LeaderElection.lambda$submitRequests$1(LeaderElection.java:234)
	at java.util.concurrent.FutureTask.run(FutureTask.java:266)
	at java.util.concurrent.Executors$RunnableAdapter.call(Executors.java:511)
	at java.util.concurrent.FutureTask.run(FutureTask.java:266)
	at java.util.concurrent.ThreadPoolExecutor.runWorker(ThreadPoolExecutor.java:1149)
	at java.util.concurrent.ThreadPoolExecutor$Worker.run(ThreadPoolExecutor.java:624)
	... 1 more
Caused by: org.apache.ratis.thirdparty.io.netty.channel.AbstractChannel$AnnotatedConnectException: Connection refused: /192.168.157.252:37962
	at sun.nio.ch.SocketChannelImpl.checkConnect(Native Method)
	at sun.nio.ch.SocketChannelImpl.finishConnect(SocketChannelImpl.java:717)
	at org.apache.ratis.thirdparty.io.netty.channel.socket.nio.NioSocketChannel.doFinishConnect(NioSocketChannel.java:327)
	at org.apache.ratis.thirdparty.io.netty.channel.nio.AbstractNioChannel$AbstractNioUnsafe.finishConnect(AbstractNioChannel.java:340)
	at org.apache.ratis.thirdparty.io.netty.channel.nio.NioEventLoop.processSelectedKey(NioEventLoop.java:632)
	at org.apache.ratis.thirdparty.io.netty.channel.nio.NioEventLoop.processSelectedKeysOptimized(NioEventLoop.java:579)
	at org.apache.ratis.thirdparty.io.netty.channel.nio.NioEventLoop.processSelectedKeys(NioEventLoop.java:496)
	at org.apache.ratis.thirdparty.io.netty.channel.nio.NioEventLoop.run(NioEventLoop.java:458)
	at org.apache.ratis.thirdparty.io.netty.util.concurrent.SingleThreadEventExecutor$5.run(SingleThreadEventExecutor.java:897)
	at org.apache.ratis.thirdparty.io.netty.util.concurrent.FastThreadLocalRunnable.run(FastThreadLocalRunnable.java:30)
	... 1 more
Caused by: java.net.ConnectException: Connection refused
	... 11 more
2019-11-05 11:28:51,374 [b8bf4e9b-064a-4520-981c-d6c40c833497@group-E95DC8E8582E-LeaderElection292] INFO  impl.RaftServerImpl (RaftServerImpl.java:setRole(184)) - b8bf4e9b-064a-4520-981c-d6c40c833497@group-E95DC8E8582E: changes role from CANDIDATE to FOLLOWER at term 200 for DISCOVERED_A_NEW_TERM
2019-11-05 11:28:51,375 [b8bf4e9b-064a-4520-981c-d6c40c833497@group-E95DC8E8582E-LeaderElection292] INFO  impl.RoleInfo (RoleInfo.java:shutdownLeaderElection(134)) - b8bf4e9b-064a-4520-981c-d6c40c833497: shutdown LeaderElection
2019-11-05 11:28:51,375 [b8bf4e9b-064a-4520-981c-d6c40c833497@group-E95DC8E8582E-LeaderElection292] INFO  impl.RoleInfo (RoleInfo.java:updateAndGet(143)) - b8bf4e9b-064a-4520-981c-d6c40c833497: start FollowerState
2019-11-05 11:28:51,379 [90ecfa43-dab6-49d9-b30c-40ef62bfdf2a@group-E95DC8E8582E-LeaderElection293] INFO  impl.LeaderElection (LeaderElection.java:logAndReturn(56)) - 90ecfa43-dab6-49d9-b30c-40ef62bfdf2a@group-E95DC8E8582E-LeaderElection293: Election REJECTED; received 1 response(s) [90ecfa43-dab6-49d9-b30c-40ef62bfdf2a<-b8bf4e9b-064a-4520-981c-d6c40c833497#0:FAIL-t200] and 1 exception(s); 90ecfa43-dab6-49d9-b30c-40ef62bfdf2a@group-E95DC8E8582E:t200, leader=null, voted=90ecfa43-dab6-49d9-b30c-40ef62bfdf2a, raftlog=90ecfa43-dab6-49d9-b30c-40ef62bfdf2a@group-E95DC8E8582E-SegmentedRaftLog:OPENED:c-1,f0,i0, conf=0: [90ecfa43-dab6-49d9-b30c-40ef62bfdf2a:192.168.157.252:34192, 687f579d-1680-4dd5-8b24-01f078298cef:192.168.157.252:37962, b8bf4e9b-064a-4520-981c-d6c40c833497:192.168.157.252:43407], old=null
2019-11-05 11:28:51,379 [90ecfa43-dab6-49d9-b30c-40ef62bfdf2a@group-E95DC8E8582E-LeaderElection293] INFO  impl.LeaderElection (LogUtils.java:infoOrTrace(149)) -   Exception 0: {}
java.util.concurrent.ExecutionException: org.apache.ratis.thirdparty.io.grpc.StatusRuntimeException: UNAVAILABLE: io exception
	at java.util.concurrent.FutureTask.report(FutureTask.java:122)
	at java.util.concurrent.FutureTask.get(FutureTask.java:192)
	at org.apache.ratis.server.impl.LeaderElection.waitForResults(LeaderElection.java:259)
	at org.apache.ratis.server.impl.LeaderElection.askForVotes(LeaderElection.java:197)
	at org.apache.ratis.server.impl.LeaderElection.run(LeaderElection.java:133)
	at java.lang.Thread.run(Thread.java:748)
Caused by: org.apache.ratis.thirdparty.io.grpc.StatusRuntimeException: UNAVAILABLE: io exception
	at org.apache.ratis.thirdparty.io.grpc.stub.ClientCalls.toStatusRuntimeException(ClientCalls.java:233)
	at org.apache.ratis.thirdparty.io.grpc.stub.ClientCalls.getUnchecked(ClientCalls.java:214)
	at org.apache.ratis.thirdparty.io.grpc.stub.ClientCalls.blockingUnaryCall(ClientCalls.java:139)
	at org.apache.ratis.proto.grpc.RaftServerProtocolServiceGrpc$RaftServerProtocolServiceBlockingStub.requestVote(RaftServerProtocolServiceGrpc.java:265)
	at org.apache.ratis.grpc.server.GrpcServerProtocolClient.requestVote(GrpcServerProtocolClient.java:99)
	at org.apache.ratis.grpc.server.GrpcService.requestVote(GrpcService.java:204)
	at org.apache.ratis.server.impl.LeaderElection.lambda$submitRequests$1(LeaderElection.java:234)
	at java.util.concurrent.FutureTask.run(FutureTask.java:266)
	at java.util.concurrent.Executors$RunnableAdapter.call(Executors.java:511)
	at java.util.concurrent.FutureTask.run(FutureTask.java:266)
	at java.util.concurrent.ThreadPoolExecutor.runWorker(ThreadPoolExecutor.java:1149)
	at java.util.concurrent.ThreadPoolExecutor$Worker.run(ThreadPoolExecutor.java:624)
	... 1 more
Caused by: org.apache.ratis.thirdparty.io.netty.channel.AbstractChannel$AnnotatedConnectException: Connection refused: /192.168.157.252:37962
	at sun.nio.ch.SocketChannelImpl.checkConnect(Native Method)
	at sun.nio.ch.SocketChannelImpl.finishConnect(SocketChannelImpl.java:717)
	at org.apache.ratis.thirdparty.io.netty.channel.socket.nio.NioSocketChannel.doFinishConnect(NioSocketChannel.java:327)
	at org.apache.ratis.thirdparty.io.netty.channel.nio.AbstractNioChannel$AbstractNioUnsafe.finishConnect(AbstractNioChannel.java:340)
	at org.apache.ratis.thirdparty.io.netty.channel.nio.NioEventLoop.processSelectedKey(NioEventLoop.java:632)
	at org.apache.ratis.thirdparty.io.netty.channel.nio.NioEventLoop.processSelectedKeysOptimized(NioEventLoop.java:579)
	at org.apache.ratis.thirdparty.io.netty.channel.nio.NioEventLoop.processSelectedKeys(NioEventLoop.java:496)
	at org.apache.ratis.thirdparty.io.netty.channel.nio.NioEventLoop.run(NioEventLoop.java:458)
	at org.apache.ratis.thirdparty.io.netty.util.concurrent.SingleThreadEventExecutor$5.run(SingleThreadEventExecutor.java:897)
	at org.apache.ratis.thirdparty.io.netty.util.concurrent.FastThreadLocalRunnable.run(FastThreadLocalRunnable.java:30)
	... 1 more
Caused by: java.net.ConnectException: Connection refused
	... 11 more
2019-11-05 11:28:51,379 [90ecfa43-dab6-49d9-b30c-40ef62bfdf2a@group-E95DC8E8582E-LeaderElection293] INFO  impl.RaftServerImpl (RaftServerImpl.java:setRole(184)) - 90ecfa43-dab6-49d9-b30c-40ef62bfdf2a@group-E95DC8E8582E: changes role from CANDIDATE to FOLLOWER at term 200 for DISCOVERED_A_NEW_TERM
2019-11-05 11:28:51,379 [90ecfa43-dab6-49d9-b30c-40ef62bfdf2a@group-E95DC8E8582E-LeaderElection293] INFO  impl.RoleInfo (RoleInfo.java:shutdownLeaderElection(134)) - 90ecfa43-dab6-49d9-b30c-40ef62bfdf2a: shutdown LeaderElection
2019-11-05 11:28:51,380 [90ecfa43-dab6-49d9-b30c-40ef62bfdf2a@group-E95DC8E8582E-LeaderElection293] INFO  impl.RoleInfo (RoleInfo.java:updateAndGet(143)) - 90ecfa43-dab6-49d9-b30c-40ef62bfdf2a: start FollowerState
2019-11-05 11:28:52,329 [Thread-2510] INFO  impl.FollowerState (FollowerState.java:run(108)) - d8b77924-76ff-4932-a9fa-7ec761e4cf6b@group-0CA4D070D5C4-FollowerState: change to CANDIDATE, lastRpcTime:1043ms, electionTimeout:1042ms
2019-11-05 11:28:52,330 [Thread-2510] INFO  impl.RoleInfo (RoleInfo.java:shutdownFollowerState(121)) - d8b77924-76ff-4932-a9fa-7ec761e4cf6b: shutdown FollowerState
2019-11-05 11:28:52,331 [Thread-2510] INFO  impl.RaftServerImpl (RaftServerImpl.java:setRole(184)) - d8b77924-76ff-4932-a9fa-7ec761e4cf6b@group-0CA4D070D5C4: changes role from  FOLLOWER to CANDIDATE at term 14 for changeToCandidate
2019-11-05 11:28:52,331 [Thread-2510] INFO  impl.RoleInfo (RoleInfo.java:updateAndGet(143)) - d8b77924-76ff-4932-a9fa-7ec761e4cf6b: start LeaderElection
2019-11-05 11:28:52,347 [d8b77924-76ff-4932-a9fa-7ec761e4cf6b@group-0CA4D070D5C4-LeaderElection294] INFO  impl.LeaderElection (LeaderElection.java:askForVotes(178)) - d8b77924-76ff-4932-a9fa-7ec761e4cf6b@group-0CA4D070D5C4-LeaderElection294: begin an election at term 15 for 0: [93bc9e78-ae56-4fee-a007-4b156d649157:192.168.157.252:38000, d8b77924-76ff-4932-a9fa-7ec761e4cf6b:192.168.157.252:40377, bd42c95e-cd41-4cbd-85b3-b330cc3c4f94:192.168.157.252:33158], old=null
2019-11-05 11:28:52,350 [d8b77924-76ff-4932-a9fa-7ec761e4cf6b@group-0CA4D070D5C4-LeaderElection294] INFO  impl.LeaderElection (LogUtils.java:infoOrTrace(149)) - d8b77924-76ff-4932-a9fa-7ec761e4cf6b@group-0CA4D070D5C4-LeaderElection294 got exception when requesting votes: {}
java.util.concurrent.ExecutionException: org.apache.ratis.thirdparty.io.grpc.StatusRuntimeException: UNAVAILABLE: io exception
	at java.util.concurrent.FutureTask.report(FutureTask.java:122)
	at java.util.concurrent.FutureTask.get(FutureTask.java:192)
	at org.apache.ratis.server.impl.LeaderElection.waitForResults(LeaderElection.java:259)
	at org.apache.ratis.server.impl.LeaderElection.askForVotes(LeaderElection.java:197)
	at org.apache.ratis.server.impl.LeaderElection.run(LeaderElection.java:133)
	at java.lang.Thread.run(Thread.java:748)
Caused by: org.apache.ratis.thirdparty.io.grpc.StatusRuntimeException: UNAVAILABLE: io exception
	at org.apache.ratis.thirdparty.io.grpc.stub.ClientCalls.toStatusRuntimeException(ClientCalls.java:233)
	at org.apache.ratis.thirdparty.io.grpc.stub.ClientCalls.getUnchecked(ClientCalls.java:214)
	at org.apache.ratis.thirdparty.io.grpc.stub.ClientCalls.blockingUnaryCall(ClientCalls.java:139)
	at org.apache.ratis.proto.grpc.RaftServerProtocolServiceGrpc$RaftServerProtocolServiceBlockingStub.requestVote(RaftServerProtocolServiceGrpc.java:265)
	at org.apache.ratis.grpc.server.GrpcServerProtocolClient.requestVote(GrpcServerProtocolClient.java:99)
	at org.apache.ratis.grpc.server.GrpcService.requestVote(GrpcService.java:204)
	at org.apache.ratis.server.impl.LeaderElection.lambda$submitRequests$1(LeaderElection.java:234)
	at java.util.concurrent.FutureTask.run(FutureTask.java:266)
	at java.util.concurrent.Executors$RunnableAdapter.call(Executors.java:511)
	at java.util.concurrent.FutureTask.run(FutureTask.java:266)
	at java.util.concurrent.ThreadPoolExecutor.runWorker(ThreadPoolExecutor.java:1149)
	at java.util.concurrent.ThreadPoolExecutor$Worker.run(ThreadPoolExecutor.java:624)
	... 1 more
Caused by: org.apache.ratis.thirdparty.io.netty.channel.AbstractChannel$AnnotatedConnectException: Connection refused: /192.168.157.252:38000
	at sun.nio.ch.SocketChannelImpl.checkConnect(Native Method)
	at sun.nio.ch.SocketChannelImpl.finishConnect(SocketChannelImpl.java:717)
	at org.apache.ratis.thirdparty.io.netty.channel.socket.nio.NioSocketChannel.doFinishConnect(NioSocketChannel.java:327)
	at org.apache.ratis.thirdparty.io.netty.channel.nio.AbstractNioChannel$AbstractNioUnsafe.finishConnect(AbstractNioChannel.java:340)
	at org.apache.ratis.thirdparty.io.netty.channel.nio.NioEventLoop.processSelectedKey(NioEventLoop.java:632)
	at org.apache.ratis.thirdparty.io.netty.channel.nio.NioEventLoop.processSelectedKeysOptimized(NioEventLoop.java:579)
	at org.apache.ratis.thirdparty.io.netty.channel.nio.NioEventLoop.processSelectedKeys(NioEventLoop.java:496)
	at org.apache.ratis.thirdparty.io.netty.channel.nio.NioEventLoop.run(NioEventLoop.java:458)
	at org.apache.ratis.thirdparty.io.netty.util.concurrent.SingleThreadEventExecutor$5.run(SingleThreadEventExecutor.java:897)
	at org.apache.ratis.thirdparty.io.netty.util.concurrent.FastThreadLocalRunnable.run(FastThreadLocalRunnable.java:30)
	... 1 more
Caused by: java.net.ConnectException: Connection refused
	... 11 more
2019-11-05 11:28:52,377 [d8b77924-76ff-4932-a9fa-7ec761e4cf6b@group-0CA4D070D5C4-LeaderElection294] INFO  impl.LeaderElection (LogUtils.java:infoOrTrace(149)) - d8b77924-76ff-4932-a9fa-7ec761e4cf6b@group-0CA4D070D5C4-LeaderElection294 got exception when requesting votes: {}
java.util.concurrent.ExecutionException: org.apache.ratis.thirdparty.io.grpc.StatusRuntimeException: UNAVAILABLE: io exception
	at java.util.concurrent.FutureTask.report(FutureTask.java:122)
	at java.util.concurrent.FutureTask.get(FutureTask.java:192)
	at org.apache.ratis.server.impl.LeaderElection.waitForResults(LeaderElection.java:259)
	at org.apache.ratis.server.impl.LeaderElection.askForVotes(LeaderElection.java:197)
	at org.apache.ratis.server.impl.LeaderElection.run(LeaderElection.java:133)
	at java.lang.Thread.run(Thread.java:748)
Caused by: org.apache.ratis.thirdparty.io.grpc.StatusRuntimeException: UNAVAILABLE: io exception
	at org.apache.ratis.thirdparty.io.grpc.stub.ClientCalls.toStatusRuntimeException(ClientCalls.java:233)
	at org.apache.ratis.thirdparty.io.grpc.stub.ClientCalls.getUnchecked(ClientCalls.java:214)
	at org.apache.ratis.thirdparty.io.grpc.stub.ClientCalls.blockingUnaryCall(ClientCalls.java:139)
	at org.apache.ratis.proto.grpc.RaftServerProtocolServiceGrpc$RaftServerProtocolServiceBlockingStub.requestVote(RaftServerProtocolServiceGrpc.java:265)
	at org.apache.ratis.grpc.server.GrpcServerProtocolClient.requestVote(GrpcServerProtocolClient.java:99)
	at org.apache.ratis.grpc.server.GrpcService.requestVote(GrpcService.java:204)
	at org.apache.ratis.server.impl.LeaderElection.lambda$submitRequests$1(LeaderElection.java:234)
	at java.util.concurrent.FutureTask.run(FutureTask.java:266)
	at java.util.concurrent.Executors$RunnableAdapter.call(Executors.java:511)
	at java.util.concurrent.FutureTask.run(FutureTask.java:266)
	at java.util.concurrent.ThreadPoolExecutor.runWorker(ThreadPoolExecutor.java:1149)
	at java.util.concurrent.ThreadPoolExecutor$Worker.run(ThreadPoolExecutor.java:624)
	... 1 more
Caused by: org.apache.ratis.thirdparty.io.netty.channel.AbstractChannel$AnnotatedConnectException: Connection refused: /192.168.157.252:33158
	at sun.nio.ch.SocketChannelImpl.checkConnect(Native Method)
	at sun.nio.ch.SocketChannelImpl.finishConnect(SocketChannelImpl.java:717)
	at org.apache.ratis.thirdparty.io.netty.channel.socket.nio.NioSocketChannel.doFinishConnect(NioSocketChannel.java:327)
	at org.apache.ratis.thirdparty.io.netty.channel.nio.AbstractNioChannel$AbstractNioUnsafe.finishConnect(AbstractNioChannel.java:340)
	at org.apache.ratis.thirdparty.io.netty.channel.nio.NioEventLoop.processSelectedKey(NioEventLoop.java:632)
	at org.apache.ratis.thirdparty.io.netty.channel.nio.NioEventLoop.processSelectedKeysOptimized(NioEventLoop.java:579)
	at org.apache.ratis.thirdparty.io.netty.channel.nio.NioEventLoop.processSelectedKeys(NioEventLoop.java:496)
	at org.apache.ratis.thirdparty.io.netty.channel.nio.NioEventLoop.run(NioEventLoop.java:458)
	at org.apache.ratis.thirdparty.io.netty.util.concurrent.SingleThreadEventExecutor$5.run(SingleThreadEventExecutor.java:897)
	at org.apache.ratis.thirdparty.io.netty.util.concurrent.FastThreadLocalRunnable.run(FastThreadLocalRunnable.java:30)
	... 1 more
Caused by: java.net.ConnectException: Connection refused
	... 11 more
2019-11-05 11:28:52,392 [d8b77924-76ff-4932-a9fa-7ec761e4cf6b@group-0CA4D070D5C4-LeaderElection294] INFO  impl.LeaderElection (LeaderElection.java:logAndReturn(56)) - d8b77924-76ff-4932-a9fa-7ec761e4cf6b@group-0CA4D070D5C4-LeaderElection294: Election REJECTED; received 0 response(s) [] and 2 exception(s); d8b77924-76ff-4932-a9fa-7ec761e4cf6b@group-0CA4D070D5C4:t15, leader=null, voted=d8b77924-76ff-4932-a9fa-7ec761e4cf6b, raftlog=d8b77924-76ff-4932-a9fa-7ec761e4cf6b@group-0CA4D070D5C4-SegmentedRaftLog:OPENED:c20,f20,i20, conf=0: [93bc9e78-ae56-4fee-a007-4b156d649157:192.168.157.252:38000, d8b77924-76ff-4932-a9fa-7ec761e4cf6b:192.168.157.252:40377, bd42c95e-cd41-4cbd-85b3-b330cc3c4f94:192.168.157.252:33158], old=null
2019-11-05 11:28:52,392 [d8b77924-76ff-4932-a9fa-7ec761e4cf6b@group-0CA4D070D5C4-LeaderElection294] INFO  impl.LeaderElection (LogUtils.java:infoOrTrace(149)) -   Exception 0: {}
java.util.concurrent.ExecutionException: org.apache.ratis.thirdparty.io.grpc.StatusRuntimeException: UNAVAILABLE: io exception
	at java.util.concurrent.FutureTask.report(FutureTask.java:122)
	at java.util.concurrent.FutureTask.get(FutureTask.java:192)
	at org.apache.ratis.server.impl.LeaderElection.waitForResults(LeaderElection.java:259)
	at org.apache.ratis.server.impl.LeaderElection.askForVotes(LeaderElection.java:197)
	at org.apache.ratis.server.impl.LeaderElection.run(LeaderElection.java:133)
	at java.lang.Thread.run(Thread.java:748)
Caused by: org.apache.ratis.thirdparty.io.grpc.StatusRuntimeException: UNAVAILABLE: io exception
	at org.apache.ratis.thirdparty.io.grpc.stub.ClientCalls.toStatusRuntimeException(ClientCalls.java:233)
	at org.apache.ratis.thirdparty.io.grpc.stub.ClientCalls.getUnchecked(ClientCalls.java:214)
	at org.apache.ratis.thirdparty.io.grpc.stub.ClientCalls.blockingUnaryCall(ClientCalls.java:139)
	at org.apache.ratis.proto.grpc.RaftServerProtocolServiceGrpc$RaftServerProtocolServiceBlockingStub.requestVote(RaftServerProtocolServiceGrpc.java:265)
	at org.apache.ratis.grpc.server.GrpcServerProtocolClient.requestVote(GrpcServerProtocolClient.java:99)
	at org.apache.ratis.grpc.server.GrpcService.requestVote(GrpcService.java:204)
	at org.apache.ratis.server.impl.LeaderElection.lambda$submitRequests$1(LeaderElection.java:234)
	at java.util.concurrent.FutureTask.run(FutureTask.java:266)
	at java.util.concurrent.Executors$RunnableAdapter.call(Executors.java:511)
	at java.util.concurrent.FutureTask.run(FutureTask.java:266)
	at java.util.concurrent.ThreadPoolExecutor.runWorker(ThreadPoolExecutor.java:1149)
	at java.util.concurrent.ThreadPoolExecutor$Worker.run(ThreadPoolExecutor.java:624)
	... 1 more
Caused by: org.apache.ratis.thirdparty.io.netty.channel.AbstractChannel$AnnotatedConnectException: Connection refused: /192.168.157.252:38000
	at sun.nio.ch.SocketChannelImpl.checkConnect(Native Method)
	at sun.nio.ch.SocketChannelImpl.finishConnect(SocketChannelImpl.java:717)
	at org.apache.ratis.thirdparty.io.netty.channel.socket.nio.NioSocketChannel.doFinishConnect(NioSocketChannel.java:327)
	at org.apache.ratis.thirdparty.io.netty.channel.nio.AbstractNioChannel$AbstractNioUnsafe.finishConnect(AbstractNioChannel.java:340)
	at org.apache.ratis.thirdparty.io.netty.channel.nio.NioEventLoop.processSelectedKey(NioEventLoop.java:632)
	at org.apache.ratis.thirdparty.io.netty.channel.nio.NioEventLoop.processSelectedKeysOptimized(NioEventLoop.java:579)
	at org.apache.ratis.thirdparty.io.netty.channel.nio.NioEventLoop.processSelectedKeys(NioEventLoop.java:496)
	at org.apache.ratis.thirdparty.io.netty.channel.nio.NioEventLoop.run(NioEventLoop.java:458)
	at org.apache.ratis.thirdparty.io.netty.util.concurrent.SingleThreadEventExecutor$5.run(SingleThreadEventExecutor.java:897)
	at org.apache.ratis.thirdparty.io.netty.util.concurrent.FastThreadLocalRunnable.run(FastThreadLocalRunnable.java:30)
	... 1 more
Caused by: java.net.ConnectException: Connection refused
	... 11 more
2019-11-05 11:28:52,392 [d8b77924-76ff-4932-a9fa-7ec761e4cf6b@group-0CA4D070D5C4-LeaderElection294] INFO  impl.LeaderElection (LogUtils.java:infoOrTrace(149)) -   Exception 1: {}
java.util.concurrent.ExecutionException: org.apache.ratis.thirdparty.io.grpc.StatusRuntimeException: UNAVAILABLE: io exception
	at java.util.concurrent.FutureTask.report(FutureTask.java:122)
	at java.util.concurrent.FutureTask.get(FutureTask.java:192)
	at org.apache.ratis.server.impl.LeaderElection.waitForResults(LeaderElection.java:259)
	at org.apache.ratis.server.impl.LeaderElection.askForVotes(LeaderElection.java:197)
	at org.apache.ratis.server.impl.LeaderElection.run(LeaderElection.java:133)
	at java.lang.Thread.run(Thread.java:748)
Caused by: org.apache.ratis.thirdparty.io.grpc.StatusRuntimeException: UNAVAILABLE: io exception
	at org.apache.ratis.thirdparty.io.grpc.stub.ClientCalls.toStatusRuntimeException(ClientCalls.java:233)
	at org.apache.ratis.thirdparty.io.grpc.stub.ClientCalls.getUnchecked(ClientCalls.java:214)
	at org.apache.ratis.thirdparty.io.grpc.stub.ClientCalls.blockingUnaryCall(ClientCalls.java:139)
	at org.apache.ratis.proto.grpc.RaftServerProtocolServiceGrpc$RaftServerProtocolServiceBlockingStub.requestVote(RaftServerProtocolServiceGrpc.java:265)
	at org.apache.ratis.grpc.server.GrpcServerProtocolClient.requestVote(GrpcServerProtocolClient.java:99)
	at org.apache.ratis.grpc.server.GrpcService.requestVote(GrpcService.java:204)
	at org.apache.ratis.server.impl.LeaderElection.lambda$submitRequests$1(LeaderElection.java:234)
	at java.util.concurrent.FutureTask.run(FutureTask.java:266)
	at java.util.concurrent.Executors$RunnableAdapter.call(Executors.java:511)
	at java.util.concurrent.FutureTask.run(FutureTask.java:266)
	at java.util.concurrent.ThreadPoolExecutor.runWorker(ThreadPoolExecutor.java:1149)
	at java.util.concurrent.ThreadPoolExecutor$Worker.run(ThreadPoolExecutor.java:624)
	... 1 more
Caused by: org.apache.ratis.thirdparty.io.netty.channel.AbstractChannel$AnnotatedConnectException: Connection refused: /192.168.157.252:33158
	at sun.nio.ch.SocketChannelImpl.checkConnect(Native Method)
	at sun.nio.ch.SocketChannelImpl.finishConnect(SocketChannelImpl.java:717)
	at org.apache.ratis.thirdparty.io.netty.channel.socket.nio.NioSocketChannel.doFinishConnect(NioSocketChannel.java:327)
	at org.apache.ratis.thirdparty.io.netty.channel.nio.AbstractNioChannel$AbstractNioUnsafe.finishConnect(AbstractNioChannel.java:340)
	at org.apache.ratis.thirdparty.io.netty.channel.nio.NioEventLoop.processSelectedKey(NioEventLoop.java:632)
	at org.apache.ratis.thirdparty.io.netty.channel.nio.NioEventLoop.processSelectedKeysOptimized(NioEventLoop.java:579)
	at org.apache.ratis.thirdparty.io.netty.channel.nio.NioEventLoop.processSelectedKeys(NioEventLoop.java:496)
	at org.apache.ratis.thirdparty.io.netty.channel.nio.NioEventLoop.run(NioEventLoop.java:458)
	at org.apache.ratis.thirdparty.io.netty.util.concurrent.SingleThreadEventExecutor$5.run(SingleThreadEventExecutor.java:897)
	at org.apache.ratis.thirdparty.io.netty.util.concurrent.FastThreadLocalRunnable.run(FastThreadLocalRunnable.java:30)
	... 1 more
Caused by: java.net.ConnectException: Connection refused
	... 11 more
2019-11-05 11:28:52,393 [d8b77924-76ff-4932-a9fa-7ec761e4cf6b@group-0CA4D070D5C4-LeaderElection294] INFO  impl.RaftServerImpl (RaftServerImpl.java:setRole(184)) - d8b77924-76ff-4932-a9fa-7ec761e4cf6b@group-0CA4D070D5C4: changes role from CANDIDATE to FOLLOWER at term 15 for DISCOVERED_A_NEW_TERM
2019-11-05 11:28:52,393 [d8b77924-76ff-4932-a9fa-7ec761e4cf6b@group-0CA4D070D5C4-LeaderElection294] INFO  impl.RoleInfo (RoleInfo.java:shutdownLeaderElection(134)) - d8b77924-76ff-4932-a9fa-7ec761e4cf6b: shutdown LeaderElection
2019-11-05 11:28:52,393 [d8b77924-76ff-4932-a9fa-7ec761e4cf6b@group-0CA4D070D5C4-LeaderElection294] INFO  impl.RoleInfo (RoleInfo.java:updateAndGet(143)) - d8b77924-76ff-4932-a9fa-7ec761e4cf6b: start FollowerState
2019-11-05 11:28:52,431 [Thread-2517] INFO  impl.FollowerState (FollowerState.java:run(108)) - 90ecfa43-dab6-49d9-b30c-40ef62bfdf2a@group-E95DC8E8582E-FollowerState: change to CANDIDATE, lastRpcTime:1051ms, electionTimeout:1040ms
2019-11-05 11:28:52,431 [Thread-2517] INFO  impl.RoleInfo (RoleInfo.java:shutdownFollowerState(121)) - 90ecfa43-dab6-49d9-b30c-40ef62bfdf2a: shutdown FollowerState
2019-11-05 11:28:52,431 [Thread-2517] INFO  impl.RaftServerImpl (RaftServerImpl.java:setRole(184)) - 90ecfa43-dab6-49d9-b30c-40ef62bfdf2a@group-E95DC8E8582E: changes role from  FOLLOWER to CANDIDATE at term 200 for changeToCandidate
2019-11-05 11:28:52,432 [Thread-2517] INFO  impl.RoleInfo (RoleInfo.java:updateAndGet(143)) - 90ecfa43-dab6-49d9-b30c-40ef62bfdf2a: start LeaderElection
2019-11-05 11:28:52,445 [90ecfa43-dab6-49d9-b30c-40ef62bfdf2a@group-E95DC8E8582E-LeaderElection295] INFO  impl.LeaderElection (LeaderElection.java:askForVotes(178)) - 90ecfa43-dab6-49d9-b30c-40ef62bfdf2a@group-E95DC8E8582E-LeaderElection295: begin an election at term 201 for 0: [90ecfa43-dab6-49d9-b30c-40ef62bfdf2a:192.168.157.252:34192, 687f579d-1680-4dd5-8b24-01f078298cef:192.168.157.252:37962, b8bf4e9b-064a-4520-981c-d6c40c833497:192.168.157.252:43407], old=null
2019-11-05 11:28:52,450 [90ecfa43-dab6-49d9-b30c-40ef62bfdf2a@group-E95DC8E8582E-LeaderElection295] INFO  impl.LeaderElection (LogUtils.java:infoOrTrace(149)) - 90ecfa43-dab6-49d9-b30c-40ef62bfdf2a@group-E95DC8E8582E-LeaderElection295 got exception when requesting votes: {}
java.util.concurrent.ExecutionException: org.apache.ratis.thirdparty.io.grpc.StatusRuntimeException: UNAVAILABLE: io exception
	at java.util.concurrent.FutureTask.report(FutureTask.java:122)
	at java.util.concurrent.FutureTask.get(FutureTask.java:192)
	at org.apache.ratis.server.impl.LeaderElection.waitForResults(LeaderElection.java:259)
	at org.apache.ratis.server.impl.LeaderElection.askForVotes(LeaderElection.java:197)
	at org.apache.ratis.server.impl.LeaderElection.run(LeaderElection.java:133)
	at java.lang.Thread.run(Thread.java:748)
Caused by: org.apache.ratis.thirdparty.io.grpc.StatusRuntimeException: UNAVAILABLE: io exception
	at org.apache.ratis.thirdparty.io.grpc.stub.ClientCalls.toStatusRuntimeException(ClientCalls.java:233)
	at org.apache.ratis.thirdparty.io.grpc.stub.ClientCalls.getUnchecked(ClientCalls.java:214)
	at org.apache.ratis.thirdparty.io.grpc.stub.ClientCalls.blockingUnaryCall(ClientCalls.java:139)
	at org.apache.ratis.proto.grpc.RaftServerProtocolServiceGrpc$RaftServerProtocolServiceBlockingStub.requestVote(RaftServerProtocolServiceGrpc.java:265)
	at org.apache.ratis.grpc.server.GrpcServerProtocolClient.requestVote(GrpcServerProtocolClient.java:99)
	at org.apache.ratis.grpc.server.GrpcService.requestVote(GrpcService.java:204)
	at org.apache.ratis.server.impl.LeaderElection.lambda$submitRequests$1(LeaderElection.java:234)
	at java.util.concurrent.FutureTask.run(FutureTask.java:266)
	at java.util.concurrent.Executors$RunnableAdapter.call(Executors.java:511)
	at java.util.concurrent.FutureTask.run(FutureTask.java:266)
	at java.util.concurrent.ThreadPoolExecutor.runWorker(ThreadPoolExecutor.java:1149)
	at java.util.concurrent.ThreadPoolExecutor$Worker.run(ThreadPoolExecutor.java:624)
	... 1 more
Caused by: org.apache.ratis.thirdparty.io.netty.channel.AbstractChannel$AnnotatedConnectException: Connection refused: /192.168.157.252:37962
	at sun.nio.ch.SocketChannelImpl.checkConnect(Native Method)
	at sun.nio.ch.SocketChannelImpl.finishConnect(SocketChannelImpl.java:717)
	at org.apache.ratis.thirdparty.io.netty.channel.socket.nio.NioSocketChannel.doFinishConnect(NioSocketChannel.java:327)
	at org.apache.ratis.thirdparty.io.netty.channel.nio.AbstractNioChannel$AbstractNioUnsafe.finishConnect(AbstractNioChannel.java:340)
	at org.apache.ratis.thirdparty.io.netty.channel.nio.NioEventLoop.processSelectedKey(NioEventLoop.java:632)
	at org.apache.ratis.thirdparty.io.netty.channel.nio.NioEventLoop.processSelectedKeysOptimized(NioEventLoop.java:579)
	at org.apache.ratis.thirdparty.io.netty.channel.nio.NioEventLoop.processSelectedKeys(NioEventLoop.java:496)
	at org.apache.ratis.thirdparty.io.netty.channel.nio.NioEventLoop.run(NioEventLoop.java:458)
	at org.apache.ratis.thirdparty.io.netty.util.concurrent.SingleThreadEventExecutor$5.run(SingleThreadEventExecutor.java:897)
	at org.apache.ratis.thirdparty.io.netty.util.concurrent.FastThreadLocalRunnable.run(FastThreadLocalRunnable.java:30)
	... 1 more
Caused by: java.net.ConnectException: Connection refused
	... 11 more
2019-11-05 11:28:52,469 [grpc-default-executor-4] INFO  impl.RaftServerImpl (RaftServerImpl.java:setRole(184)) - b8bf4e9b-064a-4520-981c-d6c40c833497@group-E95DC8E8582E: changes role from  FOLLOWER to FOLLOWER at term 201 for recognizeCandidate:90ecfa43-dab6-49d9-b30c-40ef62bfdf2a
2019-11-05 11:28:52,469 [grpc-default-executor-4] INFO  impl.RoleInfo (RoleInfo.java:shutdownFollowerState(121)) - b8bf4e9b-064a-4520-981c-d6c40c833497: shutdown FollowerState
2019-11-05 11:28:52,469 [grpc-default-executor-4] INFO  impl.RoleInfo (RoleInfo.java:updateAndGet(143)) - b8bf4e9b-064a-4520-981c-d6c40c833497: start FollowerState
2019-11-05 11:28:52,469 [Thread-2516] INFO  impl.FollowerState (FollowerState.java:run(117)) - b8bf4e9b-064a-4520-981c-d6c40c833497@group-E95DC8E8582E-FollowerState was interrupted: java.lang.InterruptedException: sleep interrupted
2019-11-05 11:28:52,499 [90ecfa43-dab6-49d9-b30c-40ef62bfdf2a@group-E95DC8E8582E-LeaderElection295] INFO  impl.LeaderElection (LeaderElection.java:logAndReturn(56)) - 90ecfa43-dab6-49d9-b30c-40ef62bfdf2a@group-E95DC8E8582E-LeaderElection295: Election REJECTED; received 1 response(s) [90ecfa43-dab6-49d9-b30c-40ef62bfdf2a<-b8bf4e9b-064a-4520-981c-d6c40c833497#0:FAIL-t201] and 1 exception(s); 90ecfa43-dab6-49d9-b30c-40ef62bfdf2a@group-E95DC8E8582E:t201, leader=null, voted=90ecfa43-dab6-49d9-b30c-40ef62bfdf2a, raftlog=90ecfa43-dab6-49d9-b30c-40ef62bfdf2a@group-E95DC8E8582E-SegmentedRaftLog:OPENED:c-1,f0,i0, conf=0: [90ecfa43-dab6-49d9-b30c-40ef62bfdf2a:192.168.157.252:34192, 687f579d-1680-4dd5-8b24-01f078298cef:192.168.157.252:37962, b8bf4e9b-064a-4520-981c-d6c40c833497:192.168.157.252:43407], old=null
2019-11-05 11:28:52,500 [90ecfa43-dab6-49d9-b30c-40ef62bfdf2a@group-E95DC8E8582E-LeaderElection295] INFO  impl.LeaderElection (LogUtils.java:infoOrTrace(149)) -   Exception 0: {}
java.util.concurrent.ExecutionException: org.apache.ratis.thirdparty.io.grpc.StatusRuntimeException: UNAVAILABLE: io exception
	at java.util.concurrent.FutureTask.report(FutureTask.java:122)
	at java.util.concurrent.FutureTask.get(FutureTask.java:192)
	at org.apache.ratis.server.impl.LeaderElection.waitForResults(LeaderElection.java:259)
	at org.apache.ratis.server.impl.LeaderElection.askForVotes(LeaderElection.java:197)
	at org.apache.ratis.server.impl.LeaderElection.run(LeaderElection.java:133)
	at java.lang.Thread.run(Thread.java:748)
Caused by: org.apache.ratis.thirdparty.io.grpc.StatusRuntimeException: UNAVAILABLE: io exception
	at org.apache.ratis.thirdparty.io.grpc.stub.ClientCalls.toStatusRuntimeException(ClientCalls.java:233)
	at org.apache.ratis.thirdparty.io.grpc.stub.ClientCalls.getUnchecked(ClientCalls.java:214)
	at org.apache.ratis.thirdparty.io.grpc.stub.ClientCalls.blockingUnaryCall(ClientCalls.java:139)
	at org.apache.ratis.proto.grpc.RaftServerProtocolServiceGrpc$RaftServerProtocolServiceBlockingStub.requestVote(RaftServerProtocolServiceGrpc.java:265)
	at org.apache.ratis.grpc.server.GrpcServerProtocolClient.requestVote(GrpcServerProtocolClient.java:99)
	at org.apache.ratis.grpc.server.GrpcService.requestVote(GrpcService.java:204)
	at org.apache.ratis.server.impl.LeaderElection.lambda$submitRequests$1(LeaderElection.java:234)
	at java.util.concurrent.FutureTask.run(FutureTask.java:266)
	at java.util.concurrent.Executors$RunnableAdapter.call(Executors.java:511)
	at java.util.concurrent.FutureTask.run(FutureTask.java:266)
	at java.util.concurrent.ThreadPoolExecutor.runWorker(ThreadPoolExecutor.java:1149)
	at java.util.concurrent.ThreadPoolExecutor$Worker.run(ThreadPoolExecutor.java:624)
	... 1 more
Caused by: org.apache.ratis.thirdparty.io.netty.channel.AbstractChannel$AnnotatedConnectException: Connection refused: /192.168.157.252:37962
	at sun.nio.ch.SocketChannelImpl.checkConnect(Native Method)
	at sun.nio.ch.SocketChannelImpl.finishConnect(SocketChannelImpl.java:717)
	at org.apache.ratis.thirdparty.io.netty.channel.socket.nio.NioSocketChannel.doFinishConnect(NioSocketChannel.java:327)
	at org.apache.ratis.thirdparty.io.netty.channel.nio.AbstractNioChannel$AbstractNioUnsafe.finishConnect(AbstractNioChannel.java:340)
	at org.apache.ratis.thirdparty.io.netty.channel.nio.NioEventLoop.processSelectedKey(NioEventLoop.java:632)
	at org.apache.ratis.thirdparty.io.netty.channel.nio.NioEventLoop.processSelectedKeysOptimized(NioEventLoop.java:579)
	at org.apache.ratis.thirdparty.io.netty.channel.nio.NioEventLoop.processSelectedKeys(NioEventLoop.java:496)
	at org.apache.ratis.thirdparty.io.netty.channel.nio.NioEventLoop.run(NioEventLoop.java:458)
	at org.apache.ratis.thirdparty.io.netty.util.concurrent.SingleThreadEventExecutor$5.run(SingleThreadEventExecutor.java:897)
	at org.apache.ratis.thirdparty.io.netty.util.concurrent.FastThreadLocalRunnable.run(FastThreadLocalRunnable.java:30)
	... 1 more
Caused by: java.net.ConnectException: Connection refused
	... 11 more
2019-11-05 11:28:52,500 [90ecfa43-dab6-49d9-b30c-40ef62bfdf2a@group-E95DC8E8582E-LeaderElection295] INFO  impl.RaftServerImpl (RaftServerImpl.java:setRole(184)) - 90ecfa43-dab6-49d9-b30c-40ef62bfdf2a@group-E95DC8E8582E: changes role from CANDIDATE to FOLLOWER at term 201 for DISCOVERED_A_NEW_TERM
2019-11-05 11:28:52,501 [90ecfa43-dab6-49d9-b30c-40ef62bfdf2a@group-E95DC8E8582E-LeaderElection295] INFO  impl.RoleInfo (RoleInfo.java:shutdownLeaderElection(134)) - 90ecfa43-dab6-49d9-b30c-40ef62bfdf2a: shutdown LeaderElection
2019-11-05 11:28:52,501 [90ecfa43-dab6-49d9-b30c-40ef62bfdf2a@group-E95DC8E8582E-LeaderElection295] INFO  impl.RoleInfo (RoleInfo.java:updateAndGet(143)) - 90ecfa43-dab6-49d9-b30c-40ef62bfdf2a: start FollowerState
2019-11-05 11:28:52,923 [main] INFO  ozoneimpl.OzoneContainer (OzoneContainer.java:stop(227)) - Attempting to stop container services.
2019-11-05 11:28:52,924 [main] INFO  impl.RaftServerProxy (RaftServerProxy.java:lambda$close$4(314)) - 4a9a93c6-1a9a-4546-aacb-e3e0a6fb1ade: close
2019-11-05 11:28:52,925 [main] INFO  impl.RaftServerImpl (RaftServerImpl.java:lambda$shutdown$3(261)) - 4a9a93c6-1a9a-4546-aacb-e3e0a6fb1ade@group-ECC7C49FC473: shutdown
2019-11-05 11:28:52,925 [main] INFO  util.JmxRegister (JmxRegister.java:unregister(73)) - Successfully un-registered JMX Bean with object name Ratis:service=RaftServer,group=group-ECC7C49FC473,id=4a9a93c6-1a9a-4546-aacb-e3e0a6fb1ade
2019-11-05 11:28:52,926 [main] INFO  impl.RoleInfo (RoleInfo.java:shutdownLeaderState(104)) - 4a9a93c6-1a9a-4546-aacb-e3e0a6fb1ade: shutdown LeaderState
2019-11-05 11:28:52,926 [main] INFO  impl.PendingRequests (PendingRequests.java:sendNotLeaderResponses(202)) - 4a9a93c6-1a9a-4546-aacb-e3e0a6fb1ade@group-ECC7C49FC473-PendingRequests: sendNotLeaderResponses
2019-11-05 11:28:52,928 [main] INFO  impl.StateMachineUpdater (StateMachineUpdater.java:stopAndJoin(136)) - 4a9a93c6-1a9a-4546-aacb-e3e0a6fb1ade@group-ECC7C49FC473-StateMachineUpdater: set stopIndex = 0
2019-11-05 11:28:52,929 [main] INFO  impl.RaftServerImpl (ServerState.java:close(388)) - 4a9a93c6-1a9a-4546-aacb-e3e0a6fb1ade@group-ECC7C49FC473: closes. applyIndex: 0
2019-11-05 11:28:52,929 [4a9a93c6-1a9a-4546-aacb-e3e0a6fb1ade@group-ECC7C49FC473-SegmentedRaftLogWorker] INFO  segmented.SegmentedRaftLogWorker (SegmentedRaftLogWorker.java:run(316)) - 4a9a93c6-1a9a-4546-aacb-e3e0a6fb1ade@group-ECC7C49FC473-SegmentedRaftLogWorker was interrupted, exiting. There are 0 tasks remaining in the queue.
2019-11-05 11:28:52,930 [main] INFO  segmented.SegmentedRaftLogWorker (SegmentedRaftLogWorker.java:close(224)) - 4a9a93c6-1a9a-4546-aacb-e3e0a6fb1ade@group-ECC7C49FC473-SegmentedRaftLogWorker close()
2019-11-05 11:28:52,933 [ForkJoinPool.commonPool-worker-0] INFO  ozoneimpl.OzoneContainer (OzoneContainer.java:stop(227)) - Attempting to stop container services.
2019-11-05 11:28:52,937 [ForkJoinPool.commonPool-worker-0] INFO  impl.RaftServerProxy (RaftServerProxy.java:lambda$close$4(314)) - d8b77924-76ff-4932-a9fa-7ec761e4cf6b: close
2019-11-05 11:28:52,937 [ForkJoinPool.commonPool-worker-0] INFO  impl.RaftServerImpl (RaftServerImpl.java:lambda$shutdown$3(261)) - d8b77924-76ff-4932-a9fa-7ec761e4cf6b@group-0CA4D070D5C4: shutdown
2019-11-05 11:28:52,938 [ForkJoinPool.commonPool-worker-0] INFO  util.JmxRegister (JmxRegister.java:unregister(73)) - Successfully un-registered JMX Bean with object name Ratis:service=RaftServer,group=group-0CA4D070D5C4,id=d8b77924-76ff-4932-a9fa-7ec761e4cf6b
2019-11-05 11:28:52,938 [ForkJoinPool.commonPool-worker-0] INFO  impl.RoleInfo (RoleInfo.java:shutdownFollowerState(121)) - d8b77924-76ff-4932-a9fa-7ec761e4cf6b: shutdown FollowerState
2019-11-05 11:28:52,938 [ForkJoinPool.commonPool-worker-0] INFO  impl.StateMachineUpdater (StateMachineUpdater.java:stopAndJoin(136)) - d8b77924-76ff-4932-a9fa-7ec761e4cf6b@group-0CA4D070D5C4-StateMachineUpdater: set stopIndex = 20
2019-11-05 11:28:52,939 [d8b77924-76ff-4932-a9fa-7ec761e4cf6b@group-0CA4D070D5C4-StateMachineUpdater] INFO  ratis.ContainerStateMachine (ContainerStateMachine.java:takeSnapshot(294)) - group-0CA4D070D5C4: Taking a snapshot at:(t:3, i:18) file /workdir/hadoop-ozone/integration-test/target/test-dir/MiniOzoneClusterImpl-6b0fc4fe-9997-4a80-bab7-b3d82b6e3879/datanode-0/data/ratis/30d63c90-c360-440d-8ef2-0ca4d070d5c4/sm/snapshot.3_18
2019-11-05 11:28:52,939 [main] INFO  server.GrpcService (GrpcService.java:closeImpl(164)) - 4a9a93c6-1a9a-4546-aacb-e3e0a6fb1ade: shutdown server with port 35311 now
2019-11-05 11:28:52,938 [Thread-2521] INFO  impl.FollowerState (FollowerState.java:run(117)) - d8b77924-76ff-4932-a9fa-7ec761e4cf6b@group-0CA4D070D5C4-FollowerState was interrupted: java.lang.InterruptedException: sleep interrupted
2019-11-05 11:28:52,942 [main] INFO  server.GrpcService (GrpcService.java:closeImpl(172)) - 4a9a93c6-1a9a-4546-aacb-e3e0a6fb1ade: shutdown server with port 35311 successfully
2019-11-05 11:28:52,949 [refreshUsed-/workdir/hadoop-ozone/integration-test/target/test-dir/MiniOzoneClusterImpl-6b0fc4fe-9997-4a80-bab7-b3d82b6e3879/datanode-9/data/containers] WARN  fs.CachingGetSpaceUsed (CachingGetSpaceUsed.java:run(183)) - Thread Interrupted waiting to refresh disk information: sleep interrupted
2019-11-05 11:28:52,953 [d8b77924-76ff-4932-a9fa-7ec761e4cf6b@group-0CA4D070D5C4-StateMachineUpdater] INFO  ratis.ContainerStateMachine (ContainerStateMachine.java:takeSnapshot(305)) - group-0CA4D070D5C4: Finished taking a snapshot at:(t:3, i:18) file:/workdir/hadoop-ozone/integration-test/target/test-dir/MiniOzoneClusterImpl-6b0fc4fe-9997-4a80-bab7-b3d82b6e3879/datanode-0/data/ratis/30d63c90-c360-440d-8ef2-0ca4d070d5c4/sm/snapshot.3_18 time:14
2019-11-05 11:28:52,954 [d8b77924-76ff-4932-a9fa-7ec761e4cf6b@group-0CA4D070D5C4-StateMachineUpdater] INFO  impl.StateMachineUpdater (StateMachineUpdater.java:takeSnapshot(269)) - d8b77924-76ff-4932-a9fa-7ec761e4cf6b@group-0CA4D070D5C4-StateMachineUpdater: Took a snapshot at index 18
2019-11-05 11:28:52,955 [d8b77924-76ff-4932-a9fa-7ec761e4cf6b@group-0CA4D070D5C4-StateMachineUpdater] INFO  impl.StateMachineUpdater (StateMachineUpdater.java:lambda$new$0(84)) - d8b77924-76ff-4932-a9fa-7ec761e4cf6b@group-0CA4D070D5C4-StateMachineUpdater: snapshotIndex: updateIncreasingly -1 -> 18
2019-11-05 11:28:52,955 [d8b77924-76ff-4932-a9fa-7ec761e4cf6b@group-0CA4D070D5C4-StateMachineUpdater] INFO  ratis.ContainerStateMachine (ContainerStateMachine.java:takeSnapshot(294)) - group-0CA4D070D5C4: Taking a snapshot at:(t:3, i:18) file /workdir/hadoop-ozone/integration-test/target/test-dir/MiniOzoneClusterImpl-6b0fc4fe-9997-4a80-bab7-b3d82b6e3879/datanode-0/data/ratis/30d63c90-c360-440d-8ef2-0ca4d070d5c4/sm/snapshot.3_18
2019-11-05 11:28:52,973 [d8b77924-76ff-4932-a9fa-7ec761e4cf6b@group-0CA4D070D5C4-StateMachineUpdater] INFO  ratis.ContainerStateMachine (ContainerStateMachine.java:takeSnapshot(305)) - group-0CA4D070D5C4: Finished taking a snapshot at:(t:3, i:18) file:/workdir/hadoop-ozone/integration-test/target/test-dir/MiniOzoneClusterImpl-6b0fc4fe-9997-4a80-bab7-b3d82b6e3879/datanode-0/data/ratis/30d63c90-c360-440d-8ef2-0ca4d070d5c4/sm/snapshot.3_18 time:17
2019-11-05 11:28:52,973 [d8b77924-76ff-4932-a9fa-7ec761e4cf6b@group-0CA4D070D5C4-StateMachineUpdater] INFO  impl.StateMachineUpdater (StateMachineUpdater.java:takeSnapshot(269)) - d8b77924-76ff-4932-a9fa-7ec761e4cf6b@group-0CA4D070D5C4-StateMachineUpdater: Took a snapshot at index 18
2019-11-05 11:28:52,973 [d8b77924-76ff-4932-a9fa-7ec761e4cf6b@group-0CA4D070D5C4-StateMachineUpdater] INFO  impl.StateMachineUpdater (StateMachineUpdater.java:lambda$new$0(84)) - d8b77924-76ff-4932-a9fa-7ec761e4cf6b@group-0CA4D070D5C4-StateMachineUpdater: snapshotIndex: updateIncreasingly 18 -> 18
2019-11-05 11:28:52,976 [ForkJoinPool.commonPool-worker-0] INFO  impl.RaftServerImpl (ServerState.java:close(388)) - d8b77924-76ff-4932-a9fa-7ec761e4cf6b@group-0CA4D070D5C4: closes. applyIndex: 20
2019-11-05 11:28:52,976 [d8b77924-76ff-4932-a9fa-7ec761e4cf6b@group-0CA4D070D5C4-SegmentedRaftLogWorker] INFO  segmented.SegmentedRaftLogWorker (SegmentedRaftLogWorker.java:run(316)) - d8b77924-76ff-4932-a9fa-7ec761e4cf6b@group-0CA4D070D5C4-SegmentedRaftLogWorker was interrupted, exiting. There are 0 tasks remaining in the queue.
2019-11-05 11:28:52,977 [ForkJoinPool.commonPool-worker-0] INFO  segmented.SegmentedRaftLogWorker (SegmentedRaftLogWorker.java:close(224)) - d8b77924-76ff-4932-a9fa-7ec761e4cf6b@group-0CA4D070D5C4-SegmentedRaftLogWorker close()
2019-11-05 11:28:52,979 [ForkJoinPool.commonPool-worker-0] INFO  impl.RaftServerImpl (RaftServerImpl.java:lambda$shutdown$3(261)) - d8b77924-76ff-4932-a9fa-7ec761e4cf6b@group-E28C5974BD30: shutdown
2019-11-05 11:28:52,979 [ForkJoinPool.commonPool-worker-0] INFO  util.JmxRegister (JmxRegister.java:unregister(73)) - Successfully un-registered JMX Bean with object name Ratis:service=RaftServer,group=group-E28C5974BD30,id=d8b77924-76ff-4932-a9fa-7ec761e4cf6b
2019-11-05 11:28:52,980 [ForkJoinPool.commonPool-worker-0] INFO  impl.RoleInfo (RoleInfo.java:shutdownLeaderState(104)) - d8b77924-76ff-4932-a9fa-7ec761e4cf6b: shutdown LeaderState
2019-11-05 11:28:52,980 [ForkJoinPool.commonPool-worker-0] INFO  impl.PendingRequests (PendingRequests.java:sendNotLeaderResponses(202)) - d8b77924-76ff-4932-a9fa-7ec761e4cf6b@group-E28C5974BD30-PendingRequests: sendNotLeaderResponses
2019-11-05 11:28:52,980 [ForkJoinPool.commonPool-worker-0] INFO  impl.StateMachineUpdater (StateMachineUpdater.java:stopAndJoin(136)) - d8b77924-76ff-4932-a9fa-7ec761e4cf6b@group-E28C5974BD30-StateMachineUpdater: set stopIndex = 0
2019-11-05 11:28:52,981 [ForkJoinPool.commonPool-worker-0] INFO  impl.RaftServerImpl (ServerState.java:close(388)) - d8b77924-76ff-4932-a9fa-7ec761e4cf6b@group-E28C5974BD30: closes. applyIndex: 0
2019-11-05 11:28:52,981 [d8b77924-76ff-4932-a9fa-7ec761e4cf6b@group-E28C5974BD30-SegmentedRaftLogWorker] INFO  segmented.SegmentedRaftLogWorker (SegmentedRaftLogWorker.java:run(316)) - d8b77924-76ff-4932-a9fa-7ec761e4cf6b@group-E28C5974BD30-SegmentedRaftLogWorker was interrupted, exiting. There are 0 tasks remaining in the queue.
2019-11-05 11:28:52,981 [ForkJoinPool.commonPool-worker-0] INFO  segmented.SegmentedRaftLogWorker (SegmentedRaftLogWorker.java:close(224)) - d8b77924-76ff-4932-a9fa-7ec761e4cf6b@group-E28C5974BD30-SegmentedRaftLogWorker close()
2019-11-05 11:28:52,987 [ForkJoinPool.commonPool-worker-0] INFO  server.GrpcService (GrpcService.java:closeImpl(164)) - d8b77924-76ff-4932-a9fa-7ec761e4cf6b: shutdown server with port 40377 now
2019-11-05 11:28:52,988 [ForkJoinPool.commonPool-worker-0] INFO  server.GrpcService (GrpcService.java:closeImpl(172)) - d8b77924-76ff-4932-a9fa-7ec761e4cf6b: shutdown server with port 40377 successfully
2019-11-05 11:28:52,995 [refreshUsed-/workdir/hadoop-ozone/integration-test/target/test-dir/MiniOzoneClusterImpl-6b0fc4fe-9997-4a80-bab7-b3d82b6e3879/datanode-0/data/containers] WARN  fs.CachingGetSpaceUsed (CachingGetSpaceUsed.java:run(183)) - Thread Interrupted waiting to refresh disk information: sleep interrupted
2019-11-05 11:28:52,998 [main] INFO  utils.BackgroundService (BackgroundService.java:shutdown(151)) - Shutting down service BlockDeletingService
2019-11-05 11:28:53,033 [main] INFO  statemachine.DatanodeStateMachine (DatanodeStateMachine.java:stopDaemon(395)) - Ozone container server stopped.
2019-11-05 11:28:53,036 [main] INFO  handler.ContextHandler (ContextHandler.java:doStop(910)) - Stopped o.e.j.w.WebAppContext@3650d4fc{/,null,UNAVAILABLE}{/hddsDatanode}
2019-11-05 11:28:53,057 [main] INFO  server.AbstractConnector (AbstractConnector.java:doStop(318)) - Stopped ServerConnector@aaa0f76{HTTP/1.1,[http/1.1]}{0.0.0.0:0}
2019-11-05 11:28:53,059 [main] INFO  handler.ContextHandler (ContextHandler.java:doStop(910)) - Stopped o.e.j.s.ServletContextHandler@1645f294{/static,jar:file:/home/user/.m2/repository/org/apache/hadoop/hadoop-hdds-container-service/0.5.0-SNAPSHOT/hadoop-hdds-container-service-0.5.0-SNAPSHOT.jar!/webapps/static,UNAVAILABLE}
2019-11-05 11:28:53,060 [main] INFO  handler.ContextHandler (ContextHandler.java:doStop(910)) - Stopped o.e.j.s.ServletContextHandler@2eeb0f9b{/logs,file:///workdir/hadoop-ozone/integration-test/target/log,UNAVAILABLE}
2019-11-05 11:28:53,067 [ForkJoinPool.commonPool-worker-0] INFO  utils.BackgroundService (BackgroundService.java:shutdown(151)) - Shutting down service BlockDeletingService
2019-11-05 11:28:53,085 [ForkJoinPool.commonPool-worker-0] INFO  statemachine.DatanodeStateMachine (DatanodeStateMachine.java:stopDaemon(395)) - Ozone container server stopped.
2019-11-05 11:28:53,087 [ForkJoinPool.commonPool-worker-0] INFO  handler.ContextHandler (ContextHandler.java:doStop(910)) - Stopped o.e.j.w.WebAppContext@7e7f0216{/,null,UNAVAILABLE}{/hddsDatanode}
2019-11-05 11:28:53,088 [ForkJoinPool.commonPool-worker-0] INFO  server.AbstractConnector (AbstractConnector.java:doStop(318)) - Stopped ServerConnector@4339baec{HTTP/1.1,[http/1.1]}{0.0.0.0:0}
2019-11-05 11:28:53,089 [ForkJoinPool.commonPool-worker-0] INFO  handler.ContextHandler (ContextHandler.java:doStop(910)) - Stopped o.e.j.s.ServletContextHandler@1bc0d349{/static,jar:file:/home/user/.m2/repository/org/apache/hadoop/hadoop-hdds-container-service/0.5.0-SNAPSHOT/hadoop-hdds-container-service-0.5.0-SNAPSHOT.jar!/webapps/static,UNAVAILABLE}
2019-11-05 11:28:53,090 [ForkJoinPool.commonPool-worker-0] INFO  handler.ContextHandler (ContextHandler.java:doStop(910)) - Stopped o.e.j.s.ServletContextHandler@7899de11{/logs,file:///workdir/hadoop-ozone/integration-test/target/log,UNAVAILABLE}
2019-11-05 11:28:53,507 [Thread-2525] INFO  impl.FollowerState (FollowerState.java:run(108)) - b8bf4e9b-064a-4520-981c-d6c40c833497@group-E95DC8E8582E-FollowerState: change to CANDIDATE, lastRpcTime:1037ms, electionTimeout:1037ms
2019-11-05 11:28:53,507 [Thread-2525] INFO  impl.RoleInfo (RoleInfo.java:shutdownFollowerState(121)) - b8bf4e9b-064a-4520-981c-d6c40c833497: shutdown FollowerState
2019-11-05 11:28:53,507 [Thread-2525] INFO  impl.RaftServerImpl (RaftServerImpl.java:setRole(184)) - b8bf4e9b-064a-4520-981c-d6c40c833497@group-E95DC8E8582E: changes role from  FOLLOWER to CANDIDATE at term 201 for changeToCandidate
2019-11-05 11:28:53,507 [Thread-2525] INFO  impl.RoleInfo (RoleInfo.java:updateAndGet(143)) - b8bf4e9b-064a-4520-981c-d6c40c833497: start LeaderElection
2019-11-05 11:28:53,513 [b8bf4e9b-064a-4520-981c-d6c40c833497@group-E95DC8E8582E-LeaderElection296] INFO  impl.LeaderElection (LeaderElection.java:askForVotes(178)) - b8bf4e9b-064a-4520-981c-d6c40c833497@group-E95DC8E8582E-LeaderElection296: begin an election at term 202 for 0: [90ecfa43-dab6-49d9-b30c-40ef62bfdf2a:192.168.157.252:34192, 687f579d-1680-4dd5-8b24-01f078298cef:192.168.157.252:37962, b8bf4e9b-064a-4520-981c-d6c40c833497:192.168.157.252:43407], old=null
2019-11-05 11:28:53,515 [b8bf4e9b-064a-4520-981c-d6c40c833497@group-E95DC8E8582E-LeaderElection296] INFO  impl.LeaderElection (LogUtils.java:infoOrTrace(149)) - b8bf4e9b-064a-4520-981c-d6c40c833497@group-E95DC8E8582E-LeaderElection296 got exception when requesting votes: {}
java.util.concurrent.ExecutionException: org.apache.ratis.thirdparty.io.grpc.StatusRuntimeException: UNAVAILABLE: io exception
	at java.util.concurrent.FutureTask.report(FutureTask.java:122)
	at java.util.concurrent.FutureTask.get(FutureTask.java:192)
	at org.apache.ratis.server.impl.LeaderElection.waitForResults(LeaderElection.java:259)
	at org.apache.ratis.server.impl.LeaderElection.askForVotes(LeaderElection.java:197)
	at org.apache.ratis.server.impl.LeaderElection.run(LeaderElection.java:133)
	at java.lang.Thread.run(Thread.java:748)
Caused by: org.apache.ratis.thirdparty.io.grpc.StatusRuntimeException: UNAVAILABLE: io exception
	at org.apache.ratis.thirdparty.io.grpc.stub.ClientCalls.toStatusRuntimeException(ClientCalls.java:233)
	at org.apache.ratis.thirdparty.io.grpc.stub.ClientCalls.getUnchecked(ClientCalls.java:214)
	at org.apache.ratis.thirdparty.io.grpc.stub.ClientCalls.blockingUnaryCall(ClientCalls.java:139)
	at org.apache.ratis.proto.grpc.RaftServerProtocolServiceGrpc$RaftServerProtocolServiceBlockingStub.requestVote(RaftServerProtocolServiceGrpc.java:265)
	at org.apache.ratis.grpc.server.GrpcServerProtocolClient.requestVote(GrpcServerProtocolClient.java:99)
	at org.apache.ratis.grpc.server.GrpcService.requestVote(GrpcService.java:204)
	at org.apache.ratis.server.impl.LeaderElection.lambda$submitRequests$1(LeaderElection.java:234)
	at java.util.concurrent.FutureTask.run(FutureTask.java:266)
	at java.util.concurrent.Executors$RunnableAdapter.call(Executors.java:511)
	at java.util.concurrent.FutureTask.run(FutureTask.java:266)
	at java.util.concurrent.ThreadPoolExecutor.runWorker(ThreadPoolExecutor.java:1149)
	at java.util.concurrent.ThreadPoolExecutor$Worker.run(ThreadPoolExecutor.java:624)
	... 1 more
Caused by: org.apache.ratis.thirdparty.io.netty.channel.AbstractChannel$AnnotatedConnectException: Connection refused: /192.168.157.252:37962
	at sun.nio.ch.SocketChannelImpl.checkConnect(Native Method)
	at sun.nio.ch.SocketChannelImpl.finishConnect(SocketChannelImpl.java:717)
	at org.apache.ratis.thirdparty.io.netty.channel.socket.nio.NioSocketChannel.doFinishConnect(NioSocketChannel.java:327)
	at org.apache.ratis.thirdparty.io.netty.channel.nio.AbstractNioChannel$AbstractNioUnsafe.finishConnect(AbstractNioChannel.java:340)
	at org.apache.ratis.thirdparty.io.netty.channel.nio.NioEventLoop.processSelectedKey(NioEventLoop.java:632)
	at org.apache.ratis.thirdparty.io.netty.channel.nio.NioEventLoop.processSelectedKeysOptimized(NioEventLoop.java:579)
	at org.apache.ratis.thirdparty.io.netty.channel.nio.NioEventLoop.processSelectedKeys(NioEventLoop.java:496)
	at org.apache.ratis.thirdparty.io.netty.channel.nio.NioEventLoop.run(NioEventLoop.java:458)
	at org.apache.ratis.thirdparty.io.netty.util.concurrent.SingleThreadEventExecutor$5.run(SingleThreadEventExecutor.java:897)
	at org.apache.ratis.thirdparty.io.netty.util.concurrent.FastThreadLocalRunnable.run(FastThreadLocalRunnable.java:30)
	... 1 more
Caused by: java.net.ConnectException: Connection refused
	... 11 more
2019-11-05 11:28:53,521 [grpc-default-executor-4] INFO  impl.RaftServerImpl (RaftServerImpl.java:setRole(184)) - 90ecfa43-dab6-49d9-b30c-40ef62bfdf2a@group-E95DC8E8582E: changes role from  FOLLOWER to FOLLOWER at term 202 for recognizeCandidate:b8bf4e9b-064a-4520-981c-d6c40c833497
2019-11-05 11:28:53,533 [grpc-default-executor-4] INFO  impl.RoleInfo (RoleInfo.java:shutdownFollowerState(121)) - 90ecfa43-dab6-49d9-b30c-40ef62bfdf2a: shutdown FollowerState
2019-11-05 11:28:53,534 [grpc-default-executor-4] INFO  impl.RoleInfo (RoleInfo.java:updateAndGet(143)) - 90ecfa43-dab6-49d9-b30c-40ef62bfdf2a: start FollowerState
2019-11-05 11:28:53,534 [Thread-2526] INFO  impl.FollowerState (FollowerState.java:run(117)) - 90ecfa43-dab6-49d9-b30c-40ef62bfdf2a@group-E95DC8E8582E-FollowerState was interrupted: java.lang.InterruptedException: sleep interrupted
2019-11-05 11:28:53,541 [b8bf4e9b-064a-4520-981c-d6c40c833497@group-E95DC8E8582E-LeaderElection296] INFO  impl.LeaderElection (LeaderElection.java:logAndReturn(56)) - b8bf4e9b-064a-4520-981c-d6c40c833497@group-E95DC8E8582E-LeaderElection296: Election PASSED; received 1 response(s) [b8bf4e9b-064a-4520-981c-d6c40c833497<-90ecfa43-dab6-49d9-b30c-40ef62bfdf2a#0:OK-t202] and 1 exception(s); b8bf4e9b-064a-4520-981c-d6c40c833497@group-E95DC8E8582E:t202, leader=null, voted=b8bf4e9b-064a-4520-981c-d6c40c833497, raftlog=b8bf4e9b-064a-4520-981c-d6c40c833497@group-E95DC8E8582E-SegmentedRaftLog:OPENED:c-1,f0,i0, conf=0: [90ecfa43-dab6-49d9-b30c-40ef62bfdf2a:192.168.157.252:34192, 687f579d-1680-4dd5-8b24-01f078298cef:192.168.157.252:37962, b8bf4e9b-064a-4520-981c-d6c40c833497:192.168.157.252:43407], old=null
2019-11-05 11:28:53,541 [b8bf4e9b-064a-4520-981c-d6c40c833497@group-E95DC8E8582E-LeaderElection296] INFO  impl.LeaderElection (LogUtils.java:infoOrTrace(149)) -   Exception 0: {}
java.util.concurrent.ExecutionException: org.apache.ratis.thirdparty.io.grpc.StatusRuntimeException: UNAVAILABLE: io exception
	at java.util.concurrent.FutureTask.report(FutureTask.java:122)
	at java.util.concurrent.FutureTask.get(FutureTask.java:192)
	at org.apache.ratis.server.impl.LeaderElection.waitForResults(LeaderElection.java:259)
	at org.apache.ratis.server.impl.LeaderElection.askForVotes(LeaderElection.java:197)
	at org.apache.ratis.server.impl.LeaderElection.run(LeaderElection.java:133)
	at java.lang.Thread.run(Thread.java:748)
Caused by: org.apache.ratis.thirdparty.io.grpc.StatusRuntimeException: UNAVAILABLE: io exception
	at org.apache.ratis.thirdparty.io.grpc.stub.ClientCalls.toStatusRuntimeException(ClientCalls.java:233)
	at org.apache.ratis.thirdparty.io.grpc.stub.ClientCalls.getUnchecked(ClientCalls.java:214)
	at org.apache.ratis.thirdparty.io.grpc.stub.ClientCalls.blockingUnaryCall(ClientCalls.java:139)
	at org.apache.ratis.proto.grpc.RaftServerProtocolServiceGrpc$RaftServerProtocolServiceBlockingStub.requestVote(RaftServerProtocolServiceGrpc.java:265)
	at org.apache.ratis.grpc.server.GrpcServerProtocolClient.requestVote(GrpcServerProtocolClient.java:99)
	at org.apache.ratis.grpc.server.GrpcService.requestVote(GrpcService.java:204)
	at org.apache.ratis.server.impl.LeaderElection.lambda$submitRequests$1(LeaderElection.java:234)
	at java.util.concurrent.FutureTask.run(FutureTask.java:266)
	at java.util.concurrent.Executors$RunnableAdapter.call(Executors.java:511)
	at java.util.concurrent.FutureTask.run(FutureTask.java:266)
	at java.util.concurrent.ThreadPoolExecutor.runWorker(ThreadPoolExecutor.java:1149)
	at java.util.concurrent.ThreadPoolExecutor$Worker.run(ThreadPoolExecutor.java:624)
	... 1 more
Caused by: org.apache.ratis.thirdparty.io.netty.channel.AbstractChannel$AnnotatedConnectException: Connection refused: /192.168.157.252:37962
	at sun.nio.ch.SocketChannelImpl.checkConnect(Native Method)
	at sun.nio.ch.SocketChannelImpl.finishConnect(SocketChannelImpl.java:717)
	at org.apache.ratis.thirdparty.io.netty.channel.socket.nio.NioSocketChannel.doFinishConnect(NioSocketChannel.java:327)
	at org.apache.ratis.thirdparty.io.netty.channel.nio.AbstractNioChannel$AbstractNioUnsafe.finishConnect(AbstractNioChannel.java:340)
	at org.apache.ratis.thirdparty.io.netty.channel.nio.NioEventLoop.processSelectedKey(NioEventLoop.java:632)
	at org.apache.ratis.thirdparty.io.netty.channel.nio.NioEventLoop.processSelectedKeysOptimized(NioEventLoop.java:579)
	at org.apache.ratis.thirdparty.io.netty.channel.nio.NioEventLoop.processSelectedKeys(NioEventLoop.java:496)
	at org.apache.ratis.thirdparty.io.netty.channel.nio.NioEventLoop.run(NioEventLoop.java:458)
	at org.apache.ratis.thirdparty.io.netty.util.concurrent.SingleThreadEventExecutor$5.run(SingleThreadEventExecutor.java:897)
	at org.apache.ratis.thirdparty.io.netty.util.concurrent.FastThreadLocalRunnable.run(FastThreadLocalRunnable.java:30)
	... 1 more
Caused by: java.net.ConnectException: Connection refused
	... 11 more
2019-11-05 11:28:53,541 [b8bf4e9b-064a-4520-981c-d6c40c833497@group-E95DC8E8582E-LeaderElection296] INFO  impl.RoleInfo (RoleInfo.java:shutdownLeaderElection(134)) - b8bf4e9b-064a-4520-981c-d6c40c833497: shutdown LeaderElection
2019-11-05 11:28:53,541 [b8bf4e9b-064a-4520-981c-d6c40c833497@group-E95DC8E8582E-LeaderElection296] INFO  impl.RaftServerImpl (RaftServerImpl.java:setRole(184)) - b8bf4e9b-064a-4520-981c-d6c40c833497@group-E95DC8E8582E: changes role from CANDIDATE to LEADER at term 202 for changeToLeader
2019-11-05 11:28:53,542 [b8bf4e9b-064a-4520-981c-d6c40c833497@group-E95DC8E8582E-LeaderElection296] INFO  impl.RaftServerImpl (ServerState.java:setLeader(256)) - b8bf4e9b-064a-4520-981c-d6c40c833497@group-E95DC8E8582E: change Leader from null to b8bf4e9b-064a-4520-981c-d6c40c833497 at term 202 for becomeLeader, leader elected after 32421ms
2019-11-05 11:28:53,542 [b8bf4e9b-064a-4520-981c-d6c40c833497@group-E95DC8E8582E-LeaderElection296] INFO  server.RaftServerConfigKeys (ConfUtils.java:logGet(43)) - raft.server.staging.catchup.gap = 1000 (default)
2019-11-05 11:28:53,542 [b8bf4e9b-064a-4520-981c-d6c40c833497@group-E95DC8E8582E-LeaderElection296] INFO  server.RaftServerConfigKeys (ConfUtils.java:logGet(43)) - raft.server.rpc.sleep.time = 25ms (default)
2019-11-05 11:28:53,542 [b8bf4e9b-064a-4520-981c-d6c40c833497@group-E95DC8E8582E-LeaderElection296] INFO  server.RaftServerConfigKeys (ConfUtils.java:logGet(43)) - raft.server.write.element-limit = 4096 (default)
2019-11-05 11:28:53,542 [b8bf4e9b-064a-4520-981c-d6c40c833497@group-E95DC8E8582E-LeaderElection296] INFO  server.RaftServerConfigKeys (ConfUtils.java:logGet(43)) - raft.server.watch.timeout = 10s (default)
2019-11-05 11:28:53,542 [b8bf4e9b-064a-4520-981c-d6c40c833497@group-E95DC8E8582E-LeaderElection296] INFO  server.RaftServerConfigKeys (ConfUtils.java:logGet(43)) - raft.server.watch.timeout.denomination = 1s (default)
2019-11-05 11:28:53,542 [b8bf4e9b-064a-4520-981c-d6c40c833497@group-E95DC8E8582E-LeaderElection296] INFO  server.RaftServerConfigKeys (ConfUtils.java:logGet(43)) - raft.server.watch.element-limit = 65536 (default)
2019-11-05 11:28:53,545 [b8bf4e9b-064a-4520-981c-d6c40c833497@group-E95DC8E8582E-LeaderElection296] INFO  server.RaftServerConfigKeys (ConfUtils.java:logGet(43)) - raft.server.log.appender.snapshot.chunk.size.max = 16MB (=16777216) (default)
2019-11-05 11:28:53,545 [b8bf4e9b-064a-4520-981c-d6c40c833497@group-E95DC8E8582E-LeaderElection296] INFO  server.RaftServerConfigKeys (ConfUtils.java:logGet(43)) - raft.server.log.appender.buffer.byte-limit = 33554432 (custom)
2019-11-05 11:28:53,545 [b8bf4e9b-064a-4520-981c-d6c40c833497@group-E95DC8E8582E-LeaderElection296] INFO  server.RaftServerConfigKeys (ConfUtils.java:logGet(43)) - raft.server.log.appender.buffer.element-limit = 1 (custom)
2019-11-05 11:28:53,546 [b8bf4e9b-064a-4520-981c-d6c40c833497@group-E95DC8E8582E-LeaderElection296] INFO  grpc.GrpcConfigKeys$Server (ConfUtils.java:logGet(43)) - raft.grpc.server.leader.outstanding.appends.max = 128 (default)
2019-11-05 11:28:53,546 [b8bf4e9b-064a-4520-981c-d6c40c833497@group-E95DC8E8582E-LeaderElection296] INFO  server.RaftServerConfigKeys (ConfUtils.java:logGet(43)) - raft.server.rpc.request.timeout = 3000ms (default)
2019-11-05 11:28:53,546 [b8bf4e9b-064a-4520-981c-d6c40c833497@group-E95DC8E8582E-LeaderElection296] INFO  server.RaftServerConfigKeys (ConfUtils.java:logGet(43)) - raft.server.log.appender.install.snapshot.enabled = false (custom)
2019-11-05 11:28:53,552 [b8bf4e9b-064a-4520-981c-d6c40c833497@group-E95DC8E8582E-LeaderElection296] INFO  server.RaftServerConfigKeys (ConfUtils.java:logGet(43)) - raft.server.log.appender.snapshot.chunk.size.max = 16MB (=16777216) (default)
2019-11-05 11:28:53,552 [b8bf4e9b-064a-4520-981c-d6c40c833497@group-E95DC8E8582E-LeaderElection296] INFO  server.RaftServerConfigKeys (ConfUtils.java:logGet(43)) - raft.server.log.appender.buffer.byte-limit = 33554432 (custom)
2019-11-05 11:28:53,552 [b8bf4e9b-064a-4520-981c-d6c40c833497@group-E95DC8E8582E-LeaderElection296] INFO  server.RaftServerConfigKeys (ConfUtils.java:logGet(43)) - raft.server.log.appender.buffer.element-limit = 1 (custom)
2019-11-05 11:28:53,552 [b8bf4e9b-064a-4520-981c-d6c40c833497@group-E95DC8E8582E-LeaderElection296] INFO  grpc.GrpcConfigKeys$Server (ConfUtils.java:logGet(43)) - raft.grpc.server.leader.outstanding.appends.max = 128 (default)
2019-11-05 11:28:53,552 [b8bf4e9b-064a-4520-981c-d6c40c833497@group-E95DC8E8582E-LeaderElection296] INFO  server.RaftServerConfigKeys (ConfUtils.java:logGet(43)) - raft.server.rpc.request.timeout = 3000ms (default)
2019-11-05 11:28:53,553 [b8bf4e9b-064a-4520-981c-d6c40c833497@group-E95DC8E8582E-LeaderElection296] INFO  server.RaftServerConfigKeys (ConfUtils.java:logGet(43)) - raft.server.log.appender.install.snapshot.enabled = false (custom)
2019-11-05 11:28:53,555 [b8bf4e9b-064a-4520-981c-d6c40c833497@group-E95DC8E8582E-LeaderElection296] INFO  impl.RoleInfo (RoleInfo.java:updateAndGet(143)) - b8bf4e9b-064a-4520-981c-d6c40c833497: start LeaderState
2019-11-05 11:28:53,555 [b8bf4e9b-064a-4520-981c-d6c40c833497@group-E95DC8E8582E-LeaderElection296] INFO  segmented.SegmentedRaftLogWorker (SegmentedRaftLogWorker.java:rollLogSegment(390)) - b8bf4e9b-064a-4520-981c-d6c40c833497@group-E95DC8E8582E-SegmentedRaftLogWorker: Rolling segment log-0_0 to index:0
2019-11-05 11:28:53,557 [b8bf4e9b-064a-4520-981c-d6c40c833497@group-E95DC8E8582E-LeaderElection296] INFO  impl.RaftServerImpl (ServerState.java:setRaftConf(357)) - b8bf4e9b-064a-4520-981c-d6c40c833497@group-E95DC8E8582E: set configuration 1: [90ecfa43-dab6-49d9-b30c-40ef62bfdf2a:192.168.157.252:34192, 687f579d-1680-4dd5-8b24-01f078298cef:192.168.157.252:37962, b8bf4e9b-064a-4520-981c-d6c40c833497:192.168.157.252:43407], old=null at 1
2019-11-05 11:28:53,558 [b8bf4e9b-064a-4520-981c-d6c40c833497@group-E95DC8E8582E-SegmentedRaftLogWorker] INFO  segmented.SegmentedRaftLogWorker (SegmentedRaftLogWorker.java:execute(533)) - b8bf4e9b-064a-4520-981c-d6c40c833497@group-E95DC8E8582E-SegmentedRaftLogWorker: Rolled log segment from /workdir/hadoop-ozone/integration-test/target/test-dir/MiniOzoneClusterImpl-6b0fc4fe-9997-4a80-bab7-b3d82b6e3879/datanode-1/data/ratis/39b8c3ef-63ee-4bf5-b68f-e95dc8e8582e/current/log_inprogress_0 to /workdir/hadoop-ozone/integration-test/target/test-dir/MiniOzoneClusterImpl-6b0fc4fe-9997-4a80-bab7-b3d82b6e3879/datanode-1/data/ratis/39b8c3ef-63ee-4bf5-b68f-e95dc8e8582e/current/log_0-0
2019-11-05 11:28:53,558 [grpc-default-executor-4] WARN  server.GrpcLogAppender (LogUtils.java:warn(134)) - b8bf4e9b-064a-4520-981c-d6c40c833497@group-E95DC8E8582E->687f579d-1680-4dd5-8b24-01f078298cef-AppendLogResponseHandler: Failed appendEntries: org.apache.ratis.thirdparty.io.grpc.StatusRuntimeException: UNAVAILABLE: io exception
2019-11-05 11:28:53,559 [grpc-default-executor-9] INFO  impl.RaftServerImpl (ServerState.java:setLeader(256)) - 90ecfa43-dab6-49d9-b30c-40ef62bfdf2a@group-E95DC8E8582E: change Leader from null to b8bf4e9b-064a-4520-981c-d6c40c833497 at term 202 for appendEntries, leader elected after 33787ms
2019-11-05 11:28:53,559 [grpc-default-executor-9] INFO  impl.RaftServerImpl (RaftServerImpl.java:checkInconsistentAppendEntries(1023)) - 90ecfa43-dab6-49d9-b30c-40ef62bfdf2a@group-E95DC8E8582E: Failed appendEntries as previous log entry ((t:11, i:0)) is not found
2019-11-05 11:28:53,560 [grpc-default-executor-9] INFO  impl.RaftServerImpl (RaftServerImpl.java:checkInconsistentAppendEntries(996)) - 90ecfa43-dab6-49d9-b30c-40ef62bfdf2a@group-E95DC8E8582E: inconsistency entries. Reply:b8bf4e9b-064a-4520-981c-d6c40c833497<-90ecfa43-dab6-49d9-b30c-40ef62bfdf2a#0:FAIL,INCONSISTENCY,nextIndex:0,term:202,followerCommit:-1
2019-11-05 11:28:53,561 [grpc-default-executor-9] INFO  impl.FollowerInfo (FollowerInfo.java:lambda$new$0(51)) - b8bf4e9b-064a-4520-981c-d6c40c833497@group-E95DC8E8582E->90ecfa43-dab6-49d9-b30c-40ef62bfdf2a: nextIndex: updateUnconditionally 1 -> 0
2019-11-05 11:28:53,582 [Datanode State Machine Thread - 0] INFO  statemachine.DatanodeStateMachine (DatanodeStateMachine.java:lambda$startDaemon$0(350)) - Ozone container server started.
2019-11-05 11:28:53,584 [grpc-default-executor-9] INFO  impl.RaftServerImpl (ServerState.java:setRaftConf(357)) - 90ecfa43-dab6-49d9-b30c-40ef62bfdf2a@group-E95DC8E8582E: set configuration 0: [90ecfa43-dab6-49d9-b30c-40ef62bfdf2a:192.168.157.252:34192, 687f579d-1680-4dd5-8b24-01f078298cef:192.168.157.252:37962, b8bf4e9b-064a-4520-981c-d6c40c833497:192.168.157.252:43407], old=null at 0
2019-11-05 11:28:53,588 [grpc-default-executor-9] INFO  segmented.SegmentedRaftLogWorker (SegmentedRaftLogWorker.java:truncate(401)) - 90ecfa43-dab6-49d9-b30c-40ef62bfdf2a@group-E95DC8E8582E-SegmentedRaftLogWorker: Truncating segments toTruncate: null
  toDelete: [(0, 0) isOpen? true, length=0, newEndIndex=-1], start index 0
2019-11-05 11:28:53,589 [grpc-default-executor-9] INFO  segmented.SegmentedRaftLogWorker (SegmentedRaftLogWorker.java:startLogSegment(385)) - 90ecfa43-dab6-49d9-b30c-40ef62bfdf2a@group-E95DC8E8582E-SegmentedRaftLogWorker: Starting segment from index:0
2019-11-05 11:28:53,589 [grpc-default-executor-9] INFO  impl.RaftServerImpl (ServerState.java:setRaftConf(357)) - 90ecfa43-dab6-49d9-b30c-40ef62bfdf2a@group-E95DC8E8582E: set configuration 1: [90ecfa43-dab6-49d9-b30c-40ef62bfdf2a:192.168.157.252:34192, 687f579d-1680-4dd5-8b24-01f078298cef:192.168.157.252:37962, b8bf4e9b-064a-4520-981c-d6c40c833497:192.168.157.252:43407], old=null at 1
2019-11-05 11:28:53,590 [grpc-default-executor-9] INFO  segmented.SegmentedRaftLogWorker (SegmentedRaftLogWorker.java:rollLogSegment(390)) - 90ecfa43-dab6-49d9-b30c-40ef62bfdf2a@group-E95DC8E8582E-SegmentedRaftLogWorker: Rolling segment log-0_0 to index:0
2019-11-05 11:28:53,590 [90ecfa43-dab6-49d9-b30c-40ef62bfdf2a@group-E95DC8E8582E-SegmentedRaftLogWorker] INFO  segmented.SegmentedRaftLogWorker (SegmentedRaftLogWorker.java:execute(640)) - 90ecfa43-dab6-49d9-b30c-40ef62bfdf2a@group-E95DC8E8582E-SegmentedRaftLogWorker: Deleted log file /workdir/hadoop-ozone/integration-test/target/test-dir/MiniOzoneClusterImpl-6b0fc4fe-9997-4a80-bab7-b3d82b6e3879/datanode-7/data/ratis/39b8c3ef-63ee-4bf5-b68f-e95dc8e8582e/current/log_inprogress_0
2019-11-05 11:28:53,590 [90ecfa43-dab6-49d9-b30c-40ef62bfdf2a@group-E95DC8E8582E-SegmentedRaftLogWorker] INFO  segmented.SegmentedRaftLogWorker (SegmentedRaftLogWorker.java:lambda$new$0(128)) - 90ecfa43-dab6-49d9-b30c-40ef62bfdf2a@group-E95DC8E8582E-SegmentedRaftLogWorker: flushIndex: setUnconditionally 0 -> -1
2019-11-05 11:28:53,596 [b8bf4e9b-064a-4520-981c-d6c40c833497@group-E95DC8E8582E-SegmentedRaftLogWorker] INFO  segmented.SegmentedRaftLogWorker (SegmentedRaftLogWorker.java:execute(576)) - b8bf4e9b-064a-4520-981c-d6c40c833497@group-E95DC8E8582E-SegmentedRaftLogWorker: created new log segment /workdir/hadoop-ozone/integration-test/target/test-dir/MiniOzoneClusterImpl-6b0fc4fe-9997-4a80-bab7-b3d82b6e3879/datanode-1/data/ratis/39b8c3ef-63ee-4bf5-b68f-e95dc8e8582e/current/log_inprogress_1
2019-11-05 11:28:53,620 [90ecfa43-dab6-49d9-b30c-40ef62bfdf2a@group-E95DC8E8582E-SegmentedRaftLogWorker] INFO  segmented.SegmentedRaftLogWorker (SegmentedRaftLogWorker.java:execute(576)) - 90ecfa43-dab6-49d9-b30c-40ef62bfdf2a@group-E95DC8E8582E-SegmentedRaftLogWorker: created new log segment /workdir/hadoop-ozone/integration-test/target/test-dir/MiniOzoneClusterImpl-6b0fc4fe-9997-4a80-bab7-b3d82b6e3879/datanode-7/data/ratis/39b8c3ef-63ee-4bf5-b68f-e95dc8e8582e/current/log_inprogress_0
2019-11-05 11:28:53,625 [90ecfa43-dab6-49d9-b30c-40ef62bfdf2a@group-E95DC8E8582E-SegmentedRaftLogWorker] INFO  segmented.SegmentedRaftLogWorker (SegmentedRaftLogWorker.java:execute(533)) - 90ecfa43-dab6-49d9-b30c-40ef62bfdf2a@group-E95DC8E8582E-SegmentedRaftLogWorker: Rolled log segment from /workdir/hadoop-ozone/integration-test/target/test-dir/MiniOzoneClusterImpl-6b0fc4fe-9997-4a80-bab7-b3d82b6e3879/datanode-7/data/ratis/39b8c3ef-63ee-4bf5-b68f-e95dc8e8582e/current/log_inprogress_0 to /workdir/hadoop-ozone/integration-test/target/test-dir/MiniOzoneClusterImpl-6b0fc4fe-9997-4a80-bab7-b3d82b6e3879/datanode-7/data/ratis/39b8c3ef-63ee-4bf5-b68f-e95dc8e8582e/current/log_0-0
2019-11-05 11:28:53,657 [90ecfa43-dab6-49d9-b30c-40ef62bfdf2a@group-E95DC8E8582E-SegmentedRaftLogWorker] INFO  segmented.SegmentedRaftLogWorker (SegmentedRaftLogWorker.java:execute(576)) - 90ecfa43-dab6-49d9-b30c-40ef62bfdf2a@group-E95DC8E8582E-SegmentedRaftLogWorker: created new log segment /workdir/hadoop-ozone/integration-test/target/test-dir/MiniOzoneClusterImpl-6b0fc4fe-9997-4a80-bab7-b3d82b6e3879/datanode-7/data/ratis/39b8c3ef-63ee-4bf5-b68f-e95dc8e8582e/current/log_inprogress_1
2019-11-05 11:28:53,856 [Datanode State Machine Thread - 0] INFO  statemachine.DatanodeStateMachine (DatanodeStateMachine.java:lambda$startDaemon$0(350)) - Ozone container server started.
2019-11-05 11:28:56,558 [java.util.concurrent.ThreadPoolExecutor$Worker@69f6ef3d[State = -1, empty queue]] WARN  server.GrpcLogAppender (GrpcLogAppender.java:timeoutAppendRequest(209)) - b8bf4e9b-064a-4520-981c-d6c40c833497@group-E95DC8E8582E->687f579d-1680-4dd5-8b24-01f078298cef-GrpcLogAppender: appendEntries Timeout, request=b8bf4e9b-064a-4520-981c-d6c40c833497->687f579d-1680-4dd5-8b24-01f078298cef#0-t202, previous=(t:11, i:0), leaderCommit=-1, initializing? false, entries: <empty>
2019-11-05 11:28:58,063 [main] INFO  ozoneimpl.OzoneContainer (OzoneContainer.java:stop(227)) - Attempting to stop container services.
2019-11-05 11:28:58,064 [main] INFO  impl.RaftServerProxy (RaftServerProxy.java:lambda$close$4(314)) - 90ecfa43-dab6-49d9-b30c-40ef62bfdf2a: close
2019-11-05 11:28:58,064 [main] INFO  impl.RaftServerImpl (RaftServerImpl.java:lambda$shutdown$3(261)) - 90ecfa43-dab6-49d9-b30c-40ef62bfdf2a@group-E95DC8E8582E: shutdown
2019-11-05 11:28:58,065 [main] INFO  util.JmxRegister (JmxRegister.java:unregister(73)) - Successfully un-registered JMX Bean with object name Ratis:service=RaftServer,group=group-E95DC8E8582E,id=90ecfa43-dab6-49d9-b30c-40ef62bfdf2a
2019-11-05 11:28:58,065 [main] INFO  impl.RoleInfo (RoleInfo.java:shutdownFollowerState(121)) - 90ecfa43-dab6-49d9-b30c-40ef62bfdf2a: shutdown FollowerState
2019-11-05 11:28:58,065 [main] INFO  impl.StateMachineUpdater (StateMachineUpdater.java:stopAndJoin(136)) - 90ecfa43-dab6-49d9-b30c-40ef62bfdf2a@group-E95DC8E8582E-StateMachineUpdater: set stopIndex = 2
2019-11-05 11:28:58,065 [Thread-2530] INFO  impl.FollowerState (FollowerState.java:run(117)) - 90ecfa43-dab6-49d9-b30c-40ef62bfdf2a@group-E95DC8E8582E-FollowerState was interrupted: java.lang.InterruptedException: sleep interrupted
2019-11-05 11:28:58,066 [main] INFO  impl.RaftServerImpl (ServerState.java:close(388)) - 90ecfa43-dab6-49d9-b30c-40ef62bfdf2a@group-E95DC8E8582E: closes. applyIndex: 2
2019-11-05 11:28:58,067 [90ecfa43-dab6-49d9-b30c-40ef62bfdf2a@group-E95DC8E8582E-SegmentedRaftLogWorker] INFO  segmented.SegmentedRaftLogWorker (SegmentedRaftLogWorker.java:run(316)) - 90ecfa43-dab6-49d9-b30c-40ef62bfdf2a@group-E95DC8E8582E-SegmentedRaftLogWorker was interrupted, exiting. There are 0 tasks remaining in the queue.
2019-11-05 11:28:58,069 [main] INFO  segmented.SegmentedRaftLogWorker (SegmentedRaftLogWorker.java:close(224)) - 90ecfa43-dab6-49d9-b30c-40ef62bfdf2a@group-E95DC8E8582E-SegmentedRaftLogWorker close()
2019-11-05 11:28:58,072 [main] INFO  impl.RaftServerImpl (RaftServerImpl.java:lambda$shutdown$3(261)) - 90ecfa43-dab6-49d9-b30c-40ef62bfdf2a@group-9FB01F4EDB21: shutdown
2019-11-05 11:28:58,073 [main] INFO  util.JmxRegister (JmxRegister.java:unregister(73)) - Successfully un-registered JMX Bean with object name Ratis:service=RaftServer,group=group-9FB01F4EDB21,id=90ecfa43-dab6-49d9-b30c-40ef62bfdf2a
2019-11-05 11:28:58,073 [main] INFO  impl.RoleInfo (RoleInfo.java:shutdownLeaderState(104)) - 90ecfa43-dab6-49d9-b30c-40ef62bfdf2a: shutdown LeaderState
2019-11-05 11:28:58,073 [main] INFO  impl.PendingRequests (PendingRequests.java:sendNotLeaderResponses(202)) - 90ecfa43-dab6-49d9-b30c-40ef62bfdf2a@group-9FB01F4EDB21-PendingRequests: sendNotLeaderResponses
2019-11-05 11:28:58,074 [main] INFO  impl.StateMachineUpdater (StateMachineUpdater.java:stopAndJoin(136)) - 90ecfa43-dab6-49d9-b30c-40ef62bfdf2a@group-9FB01F4EDB21-StateMachineUpdater: set stopIndex = 0
2019-11-05 11:28:58,074 [main] INFO  impl.RaftServerImpl (ServerState.java:close(388)) - 90ecfa43-dab6-49d9-b30c-40ef62bfdf2a@group-9FB01F4EDB21: closes. applyIndex: 0
2019-11-05 11:28:58,075 [90ecfa43-dab6-49d9-b30c-40ef62bfdf2a@group-9FB01F4EDB21-SegmentedRaftLogWorker] INFO  segmented.SegmentedRaftLogWorker (SegmentedRaftLogWorker.java:run(316)) - 90ecfa43-dab6-49d9-b30c-40ef62bfdf2a@group-9FB01F4EDB21-SegmentedRaftLogWorker was interrupted, exiting. There are 0 tasks remaining in the queue.
2019-11-05 11:28:58,075 [main] INFO  segmented.SegmentedRaftLogWorker (SegmentedRaftLogWorker.java:close(224)) - 90ecfa43-dab6-49d9-b30c-40ef62bfdf2a@group-9FB01F4EDB21-SegmentedRaftLogWorker close()
2019-11-05 11:28:58,077 [main] INFO  server.GrpcService (GrpcService.java:closeImpl(164)) - 90ecfa43-dab6-49d9-b30c-40ef62bfdf2a: shutdown server with port 34192 now
2019-11-05 11:28:58,079 [grpc-default-executor-5] WARN  server.GrpcLogAppender (LogUtils.java:warn(134)) - b8bf4e9b-064a-4520-981c-d6c40c833497@group-E95DC8E8582E->90ecfa43-dab6-49d9-b30c-40ef62bfdf2a-AppendLogResponseHandler: Failed appendEntries: org.apache.ratis.thirdparty.io.grpc.StatusRuntimeException: CANCELLED: HTTP/2 error code: CANCEL
Received Rst Stream
2019-11-05 11:28:58,087 [grpc-default-executor-4] WARN  server.GrpcServerProtocolService (LogUtils.java:warn(134)) - 90ecfa43-dab6-49d9-b30c-40ef62bfdf2a: installSnapshot onError, lastRequest: b8bf4e9b-064a-4520-981c-d6c40c833497->90ecfa43-dab6-49d9-b30c-40ef62bfdf2a#11-t202, previous=(t:202, i:2), leaderCommit=2, initializing? false, entries: <empty>: org.apache.ratis.thirdparty.io.grpc.StatusRuntimeException: CANCELLED: cancelled before receiving half close
2019-11-05 11:28:58,088 [main] INFO  server.GrpcService (GrpcService.java:closeImpl(172)) - 90ecfa43-dab6-49d9-b30c-40ef62bfdf2a: shutdown server with port 34192 successfully
2019-11-05 11:28:58,092 [ForkJoinPool.commonPool-worker-0] INFO  ozoneimpl.OzoneContainer (OzoneContainer.java:stop(227)) - Attempting to stop container services.
2019-11-05 11:28:58,093 [ForkJoinPool.commonPool-worker-0] INFO  impl.RaftServerProxy (RaftServerProxy.java:lambda$close$4(314)) - b8bf4e9b-064a-4520-981c-d6c40c833497: close
2019-11-05 11:28:58,093 [ForkJoinPool.commonPool-worker-0] INFO  impl.RaftServerImpl (RaftServerImpl.java:lambda$shutdown$3(261)) - b8bf4e9b-064a-4520-981c-d6c40c833497@group-2F15D24374F3: shutdown
2019-11-05 11:28:58,094 [ForkJoinPool.commonPool-worker-0] INFO  util.JmxRegister (JmxRegister.java:unregister(73)) - Successfully un-registered JMX Bean with object name Ratis:service=RaftServer,group=group-2F15D24374F3,id=b8bf4e9b-064a-4520-981c-d6c40c833497
2019-11-05 11:28:58,094 [refreshUsed-/workdir/hadoop-ozone/integration-test/target/test-dir/MiniOzoneClusterImpl-6b0fc4fe-9997-4a80-bab7-b3d82b6e3879/datanode-7/data/containers] WARN  fs.CachingGetSpaceUsed (CachingGetSpaceUsed.java:run(183)) - Thread Interrupted waiting to refresh disk information: sleep interrupted
2019-11-05 11:28:58,094 [ForkJoinPool.commonPool-worker-0] INFO  impl.RoleInfo (RoleInfo.java:shutdownLeaderState(104)) - b8bf4e9b-064a-4520-981c-d6c40c833497: shutdown LeaderState
2019-11-05 11:28:58,095 [ForkJoinPool.commonPool-worker-0] INFO  impl.PendingRequests (PendingRequests.java:sendNotLeaderResponses(202)) - b8bf4e9b-064a-4520-981c-d6c40c833497@group-2F15D24374F3-PendingRequests: sendNotLeaderResponses
2019-11-05 11:28:58,095 [ForkJoinPool.commonPool-worker-0] INFO  impl.StateMachineUpdater (StateMachineUpdater.java:stopAndJoin(136)) - b8bf4e9b-064a-4520-981c-d6c40c833497@group-2F15D24374F3-StateMachineUpdater: set stopIndex = 0
2019-11-05 11:28:58,096 [ForkJoinPool.commonPool-worker-0] INFO  impl.RaftServerImpl (ServerState.java:close(388)) - b8bf4e9b-064a-4520-981c-d6c40c833497@group-2F15D24374F3: closes. applyIndex: 0
2019-11-05 11:28:58,097 [b8bf4e9b-064a-4520-981c-d6c40c833497@group-2F15D24374F3-SegmentedRaftLogWorker] INFO  segmented.SegmentedRaftLogWorker (SegmentedRaftLogWorker.java:run(316)) - b8bf4e9b-064a-4520-981c-d6c40c833497@group-2F15D24374F3-SegmentedRaftLogWorker was interrupted, exiting. There are 0 tasks remaining in the queue.
2019-11-05 11:28:58,097 [ForkJoinPool.commonPool-worker-0] INFO  segmented.SegmentedRaftLogWorker (SegmentedRaftLogWorker.java:close(224)) - b8bf4e9b-064a-4520-981c-d6c40c833497@group-2F15D24374F3-SegmentedRaftLogWorker close()
2019-11-05 11:28:58,099 [ForkJoinPool.commonPool-worker-0] INFO  impl.RaftServerImpl (RaftServerImpl.java:lambda$shutdown$3(261)) - b8bf4e9b-064a-4520-981c-d6c40c833497@group-E95DC8E8582E: shutdown
2019-11-05 11:28:58,100 [ForkJoinPool.commonPool-worker-0] INFO  util.JmxRegister (JmxRegister.java:unregister(73)) - Successfully un-registered JMX Bean with object name Ratis:service=RaftServer,group=group-E95DC8E8582E,id=b8bf4e9b-064a-4520-981c-d6c40c833497
2019-11-05 11:28:58,100 [ForkJoinPool.commonPool-worker-0] INFO  impl.RoleInfo (RoleInfo.java:shutdownLeaderState(104)) - b8bf4e9b-064a-4520-981c-d6c40c833497: shutdown LeaderState
2019-11-05 11:28:58,102 [org.apache.ratis.server.impl.LogAppender$AppenderDaemon$$Lambda$468/2048678591@659f6488] WARN  server.GrpcLogAppender (GrpcLogAppender.java:mayWait(149)) - b8bf4e9b-064a-4520-981c-d6c40c833497@group-E95DC8E8582E->90ecfa43-dab6-49d9-b30c-40ef62bfdf2a-GrpcLogAppender: Wait interrupted by java.lang.InterruptedException
2019-11-05 11:28:58,102 [ForkJoinPool.commonPool-worker-0] INFO  impl.PendingRequests (PendingRequests.java:sendNotLeaderResponses(202)) - b8bf4e9b-064a-4520-981c-d6c40c833497@group-E95DC8E8582E-PendingRequests: sendNotLeaderResponses
2019-11-05 11:28:58,103 [org.apache.ratis.server.impl.LogAppender$AppenderDaemon$$Lambda$468/2048678591@1d1b5eb1] WARN  server.GrpcLogAppender (GrpcLogAppender.java:mayWait(149)) - b8bf4e9b-064a-4520-981c-d6c40c833497@group-E95DC8E8582E->687f579d-1680-4dd5-8b24-01f078298cef-GrpcLogAppender: Wait interrupted by java.lang.InterruptedException
2019-11-05 11:28:58,104 [ForkJoinPool.commonPool-worker-0] INFO  impl.StateMachineUpdater (StateMachineUpdater.java:stopAndJoin(136)) - b8bf4e9b-064a-4520-981c-d6c40c833497@group-E95DC8E8582E-StateMachineUpdater: set stopIndex = 2
2019-11-05 11:28:58,104 [ForkJoinPool.commonPool-worker-0] INFO  impl.RaftServerImpl (ServerState.java:close(388)) - b8bf4e9b-064a-4520-981c-d6c40c833497@group-E95DC8E8582E: closes. applyIndex: 2
2019-11-05 11:28:58,105 [b8bf4e9b-064a-4520-981c-d6c40c833497@group-E95DC8E8582E-SegmentedRaftLogWorker] INFO  segmented.SegmentedRaftLogWorker (SegmentedRaftLogWorker.java:run(316)) - b8bf4e9b-064a-4520-981c-d6c40c833497@group-E95DC8E8582E-SegmentedRaftLogWorker was interrupted, exiting. There are 0 tasks remaining in the queue.
2019-11-05 11:28:58,106 [ForkJoinPool.commonPool-worker-0] INFO  segmented.SegmentedRaftLogWorker (SegmentedRaftLogWorker.java:close(224)) - b8bf4e9b-064a-4520-981c-d6c40c833497@group-E95DC8E8582E-SegmentedRaftLogWorker close()
2019-11-05 11:28:58,106 [ForkJoinPool.commonPool-worker-0] INFO  server.GrpcService (GrpcService.java:closeImpl(164)) - b8bf4e9b-064a-4520-981c-d6c40c833497: shutdown server with port 43407 now
2019-11-05 11:28:58,108 [ForkJoinPool.commonPool-worker-0] INFO  server.GrpcService (GrpcService.java:closeImpl(172)) - b8bf4e9b-064a-4520-981c-d6c40c833497: shutdown server with port 43407 successfully
2019-11-05 11:28:58,112 [refreshUsed-/workdir/hadoop-ozone/integration-test/target/test-dir/MiniOzoneClusterImpl-6b0fc4fe-9997-4a80-bab7-b3d82b6e3879/datanode-1/data/containers] WARN  fs.CachingGetSpaceUsed (CachingGetSpaceUsed.java:run(183)) - Thread Interrupted waiting to refresh disk information: sleep interrupted
2019-11-05 11:28:58,119 [main] INFO  utils.BackgroundService (BackgroundService.java:shutdown(151)) - Shutting down service BlockDeletingService
2019-11-05 11:28:58,121 [main] INFO  statemachine.DatanodeStateMachine (DatanodeStateMachine.java:stopDaemon(395)) - Ozone container server stopped.
2019-11-05 11:28:58,122 [main] INFO  handler.ContextHandler (ContextHandler.java:doStop(910)) - Stopped o.e.j.w.WebAppContext@3a26ec8d{/,null,UNAVAILABLE}{/hddsDatanode}
2019-11-05 11:28:58,123 [main] INFO  server.AbstractConnector (AbstractConnector.java:doStop(318)) - Stopped ServerConnector@17143b3b{HTTP/1.1,[http/1.1]}{0.0.0.0:0}
2019-11-05 11:28:58,123 [main] INFO  handler.ContextHandler (ContextHandler.java:doStop(910)) - Stopped o.e.j.s.ServletContextHandler@7e53339{/static,jar:file:/home/user/.m2/repository/org/apache/hadoop/hadoop-hdds-container-service/0.5.0-SNAPSHOT/hadoop-hdds-container-service-0.5.0-SNAPSHOT.jar!/webapps/static,UNAVAILABLE}
2019-11-05 11:28:58,124 [main] INFO  handler.ContextHandler (ContextHandler.java:doStop(910)) - Stopped o.e.j.s.ServletContextHandler@6cf0a747{/logs,file:///workdir/hadoop-ozone/integration-test/target/log,UNAVAILABLE}
2019-11-05 11:28:58,125 [ForkJoinPool.commonPool-worker-0] INFO  utils.BackgroundService (BackgroundService.java:shutdown(151)) - Shutting down service BlockDeletingService
2019-11-05 11:28:58,127 [ForkJoinPool.commonPool-worker-0] INFO  statemachine.DatanodeStateMachine (DatanodeStateMachine.java:stopDaemon(395)) - Ozone container server stopped.
2019-11-05 11:28:58,128 [ForkJoinPool.commonPool-worker-0] INFO  handler.ContextHandler (ContextHandler.java:doStop(910)) - Stopped o.e.j.w.WebAppContext@4ac86d6a{/,null,UNAVAILABLE}{/hddsDatanode}
2019-11-05 11:28:58,129 [ForkJoinPool.commonPool-worker-0] INFO  server.AbstractConnector (AbstractConnector.java:doStop(318)) - Stopped ServerConnector@1c315fcc{HTTP/1.1,[http/1.1]}{0.0.0.0:0}
2019-11-05 11:28:58,130 [ForkJoinPool.commonPool-worker-0] INFO  handler.ContextHandler (ContextHandler.java:doStop(910)) - Stopped o.e.j.s.ServletContextHandler@277bf091{/static,jar:file:/home/user/.m2/repository/org/apache/hadoop/hadoop-hdds-container-service/0.5.0-SNAPSHOT/hadoop-hdds-container-service-0.5.0-SNAPSHOT.jar!/webapps/static,UNAVAILABLE}
2019-11-05 11:28:58,130 [ForkJoinPool.commonPool-worker-0] INFO  handler.ContextHandler (ContextHandler.java:doStop(910)) - Stopped o.e.j.s.ServletContextHandler@6eb17ec8{/logs,file:///workdir/hadoop-ozone/integration-test/target/log,UNAVAILABLE}
2019-11-05 11:28:58,131 [main] INFO  ozone.MiniOzoneClusterImpl (MiniOzoneClusterImpl.java:stopSCM(392)) - Stopping the StorageContainerManager
2019-11-05 11:28:58,131 [main] INFO  server.StorageContainerManager (StorageContainerManager.java:stop(810)) - Stopping Replication Manager Service.
2019-11-05 11:28:58,131 [main] INFO  container.ReplicationManager (ReplicationManager.java:stop(203)) - Stopping Replication Monitor Thread.
2019-11-05 11:28:58,131 [main] INFO  server.StorageContainerManager (StorageContainerManager.java:stop(817)) - Stopping Lease Manager of the command watchers
2019-11-05 11:28:58,131 [main] INFO  server.StorageContainerManager (StorageContainerManager.java:stop(824)) - Stopping datanode service RPC server
2019-11-05 11:28:58,132 [main] INFO  server.SCMDatanodeProtocolServer (SCMDatanodeProtocolServer.java:stop(346)) - Stopping the RPC server for DataNodes
2019-11-05 11:28:58,132 [main] INFO  ipc.Server (Server.java:stop(3082)) - Stopping server on 41301
2019-11-05 11:28:58,132 [IPC Server listener on 41301] INFO  ipc.Server (Server.java:run(1185)) - Stopping IPC Server listener on 41301
2019-11-05 11:28:58,133 [IPC Server Responder] INFO  ipc.Server (Server.java:run(1319)) - Stopping IPC Server Responder
2019-11-05 11:28:58,213 [SCM Heartbeat Processing Thread - 0] WARN  node.NodeStateManager (NodeStateManager.java:scheduleNextHealthCheck(646)) - Current Thread is interrupted, shutting down HB processing thread for Node Manager.
2019-11-05 11:28:58,214 [main] INFO  server.StorageContainerManager (StorageContainerManager.java:stop(832)) - Stopping block service RPC server
2019-11-05 11:28:58,214 [main] INFO  server.SCMBlockProtocolServer (SCMBlockProtocolServer.java:stop(155)) - Stopping the RPC server for Block Protocol
2019-11-05 11:28:58,214 [main] INFO  ipc.Server (Server.java:stop(3082)) - Stopping server on 45746
2019-11-05 11:28:58,215 [IPC Server listener on 45746] INFO  ipc.Server (Server.java:run(1185)) - Stopping IPC Server listener on 45746
2019-11-05 11:28:58,215 [main] INFO  server.StorageContainerManager (StorageContainerManager.java:stop(839)) - Stopping the StorageContainerLocationProtocol RPC server
2019-11-05 11:28:58,216 [main] INFO  server.SCMClientProtocolServer (SCMClientProtocolServer.java:stop(168)) - Stopping the RPC server for Client Protocol
2019-11-05 11:28:58,216 [main] INFO  ipc.Server (Server.java:stop(3082)) - Stopping server on 41522
2019-11-05 11:28:58,216 [IPC Server Responder] INFO  ipc.Server (Server.java:run(1319)) - Stopping IPC Server Responder
2019-11-05 11:28:58,217 [IPC Server listener on 41522] INFO  ipc.Server (Server.java:run(1185)) - Stopping IPC Server listener on 41522
2019-11-05 11:28:58,217 [main] INFO  server.StorageContainerManager (StorageContainerManager.java:stop(846)) - Stopping Storage Container Manager HTTP server.
2019-11-05 11:28:58,218 [IPC Server Responder] INFO  ipc.Server (Server.java:run(1319)) - Stopping IPC Server Responder
2019-11-05 11:28:58,219 [main] INFO  handler.ContextHandler (ContextHandler.java:doStop(910)) - Stopped o.e.j.w.WebAppContext@410954b{/,null,UNAVAILABLE}{/scm}
2019-11-05 11:28:58,220 [main] INFO  server.AbstractConnector (AbstractConnector.java:doStop(318)) - Stopped ServerConnector@5f7f2382{HTTP/1.1,[http/1.1]}{0.0.0.0:0}
2019-11-05 11:28:58,220 [main] INFO  handler.ContextHandler (ContextHandler.java:doStop(910)) - Stopped o.e.j.s.ServletContextHandler@340da44c{/static,file:///workdir/hadoop-ozone/integration-test/target/test-classes/webapps/static,UNAVAILABLE}
2019-11-05 11:28:58,220 [main] INFO  handler.ContextHandler (ContextHandler.java:doStop(910)) - Stopped o.e.j.s.ServletContextHandler@180da663{/logs,file:///workdir/hadoop-ozone/integration-test/target/log,UNAVAILABLE}
2019-11-05 11:28:58,221 [main] INFO  server.StorageContainerManager (StorageContainerManager.java:stop(857)) - Stopping Block Manager Service.
2019-11-05 11:28:58,221 [main] INFO  utils.BackgroundService (BackgroundService.java:shutdown(151)) - Shutting down service SCMBlockDeletingService
2019-11-05 11:28:58,222 [main] INFO  utils.BackgroundService (BackgroundService.java:shutdown(151)) - Shutting down service SCMBlockDeletingService
2019-11-05 11:28:58,223 [main] INFO  server.StorageContainerManager (StorageContainerManager.java:stop(879)) - Stopping SCM Event Queue.
2019-11-05 11:28:58,229 [main] INFO  impl.MetricsSystemImpl (MetricsSystemImpl.java:stop(210)) - Stopping XceiverClientMetrics metrics system...
2019-11-05 11:28:58,238 [prometheus] INFO  impl.MetricsSinkAdapter (MetricsSinkAdapter.java:publishMetricsFromQueue(141)) - prometheus thread interrupted.
2019-11-05 11:28:58,238 [main] INFO  impl.MetricsSystemImpl (MetricsSystemImpl.java:stop(216)) - XceiverClientMetrics metrics system stopped.
]]></system-out>
    <system-err><![CDATA[ERROR StatusLogger No Log4j 2 configuration file found. Using default configuration (logging only errors to the console), or user programmatically provided configurations. Set system property 'log4j2.debug' to show Log4j 2 internal initialization logging. See https://logging.apache.org/log4j/2.x/manual/configuration.html for instructions on how to configure Log4j 2
Nov 05, 2019 11:28:53 AM org.apache.ratis.thirdparty.io.grpc.internal.SerializingExecutor run
SEVERE: Exception while executing runnable org.apache.ratis.thirdparty.io.grpc.internal.ClientCallImpl$ClientStreamListenerImpl$1StreamClosed@980094b
java.lang.NullPointerException
	at org.apache.ratis.grpc.server.GrpcLogAppender$AppendLogResponseHandler.onError(GrpcLogAppender.java:303)
	at org.apache.ratis.thirdparty.io.grpc.stub.ClientCalls$StreamObserverToCallListenerAdapter.onClose(ClientCalls.java:434)
	at org.apache.ratis.thirdparty.io.grpc.PartialForwardingClientCallListener.onClose(PartialForwardingClientCallListener.java:39)
	at org.apache.ratis.thirdparty.io.grpc.ForwardingClientCallListener.onClose(ForwardingClientCallListener.java:23)
	at org.apache.ratis.thirdparty.io.grpc.ForwardingClientCallListener$SimpleForwardingClientCallListener.onClose(ForwardingClientCallListener.java:40)
	at org.apache.ratis.thirdparty.io.grpc.internal.CensusStatsModule$StatsClientInterceptor$1$1.onClose(CensusStatsModule.java:678)
	at org.apache.ratis.thirdparty.io.grpc.PartialForwardingClientCallListener.onClose(PartialForwardingClientCallListener.java:39)
	at org.apache.ratis.thirdparty.io.grpc.ForwardingClientCallListener.onClose(ForwardingClientCallListener.java:23)
	at org.apache.ratis.thirdparty.io.grpc.ForwardingClientCallListener$SimpleForwardingClientCallListener.onClose(ForwardingClientCallListener.java:40)
	at org.apache.ratis.thirdparty.io.grpc.internal.CensusTracingModule$TracingClientInterceptor$1$1.onClose(CensusTracingModule.java:397)
	at org.apache.ratis.thirdparty.io.grpc.internal.ClientCallImpl.closeObserver(ClientCallImpl.java:459)
	at org.apache.ratis.thirdparty.io.grpc.internal.ClientCallImpl.access$300(ClientCallImpl.java:63)
	at org.apache.ratis.thirdparty.io.grpc.internal.ClientCallImpl$ClientStreamListenerImpl.close(ClientCallImpl.java:546)
	at org.apache.ratis.thirdparty.io.grpc.internal.ClientCallImpl$ClientStreamListenerImpl.access$600(ClientCallImpl.java:467)
	at org.apache.ratis.thirdparty.io.grpc.internal.ClientCallImpl$ClientStreamListenerImpl$1StreamClosed.runInContext(ClientCallImpl.java:584)
	at org.apache.ratis.thirdparty.io.grpc.internal.ContextRunnable.run(ContextRunnable.java:37)
	at org.apache.ratis.thirdparty.io.grpc.internal.SerializingExecutor.run(SerializingExecutor.java:123)
	at java.util.concurrent.ThreadPoolExecutor.runWorker(ThreadPoolExecutor.java:1149)
	at java.util.concurrent.ThreadPoolExecutor$Worker.run(ThreadPoolExecutor.java:624)
	at java.lang.Thread.run(Thread.java:748)

Nov 05, 2019 11:28:58 AM org.apache.ratis.thirdparty.io.grpc.internal.SerializingExecutor run
SEVERE: Exception while executing runnable org.apache.ratis.thirdparty.io.grpc.internal.ClientCallImpl$ClientStreamListenerImpl$1StreamClosed@4ef4d61f
java.lang.NullPointerException
	at org.apache.ratis.grpc.server.GrpcLogAppender$AppendLogResponseHandler.onError(GrpcLogAppender.java:303)
	at org.apache.ratis.thirdparty.io.grpc.stub.ClientCalls$StreamObserverToCallListenerAdapter.onClose(ClientCalls.java:434)
	at org.apache.ratis.thirdparty.io.grpc.PartialForwardingClientCallListener.onClose(PartialForwardingClientCallListener.java:39)
	at org.apache.ratis.thirdparty.io.grpc.ForwardingClientCallListener.onClose(ForwardingClientCallListener.java:23)
	at org.apache.ratis.thirdparty.io.grpc.ForwardingClientCallListener$SimpleForwardingClientCallListener.onClose(ForwardingClientCallListener.java:40)
	at org.apache.ratis.thirdparty.io.grpc.internal.CensusStatsModule$StatsClientInterceptor$1$1.onClose(CensusStatsModule.java:678)
	at org.apache.ratis.thirdparty.io.grpc.PartialForwardingClientCallListener.onClose(PartialForwardingClientCallListener.java:39)
	at org.apache.ratis.thirdparty.io.grpc.ForwardingClientCallListener.onClose(ForwardingClientCallListener.java:23)
	at org.apache.ratis.thirdparty.io.grpc.ForwardingClientCallListener$SimpleForwardingClientCallListener.onClose(ForwardingClientCallListener.java:40)
	at org.apache.ratis.thirdparty.io.grpc.internal.CensusTracingModule$TracingClientInterceptor$1$1.onClose(CensusTracingModule.java:397)
	at org.apache.ratis.thirdparty.io.grpc.internal.ClientCallImpl.closeObserver(ClientCallImpl.java:459)
	at org.apache.ratis.thirdparty.io.grpc.internal.ClientCallImpl.access$300(ClientCallImpl.java:63)
	at org.apache.ratis.thirdparty.io.grpc.internal.ClientCallImpl$ClientStreamListenerImpl.close(ClientCallImpl.java:546)
	at org.apache.ratis.thirdparty.io.grpc.internal.ClientCallImpl$ClientStreamListenerImpl.access$600(ClientCallImpl.java:467)
	at org.apache.ratis.thirdparty.io.grpc.internal.ClientCallImpl$ClientStreamListenerImpl$1StreamClosed.runInContext(ClientCallImpl.java:584)
	at org.apache.ratis.thirdparty.io.grpc.internal.ContextRunnable.run(ContextRunnable.java:37)
	at org.apache.ratis.thirdparty.io.grpc.internal.SerializingExecutor.run(SerializingExecutor.java:123)
	at java.util.concurrent.ThreadPoolExecutor.runWorker(ThreadPoolExecutor.java:1149)
	at java.util.concurrent.ThreadPoolExecutor$Worker.run(ThreadPoolExecutor.java:624)
	at java.lang.Thread.run(Thread.java:748)

Nov 05, 2019 11:28:58 AM org.apache.ratis.thirdparty.io.grpc.internal.SerializingExecutor run
SEVERE: Exception while executing runnable org.apache.ratis.thirdparty.io.grpc.internal.ServerImpl$JumpToApplicationThreadServerStreamListener$1Closed@4452bbaf
org.apache.ratis.thirdparty.io.grpc.StatusRuntimeException: CANCELLED: call already cancelled
	at org.apache.ratis.thirdparty.io.grpc.Status.asRuntimeException(Status.java:517)
	at org.apache.ratis.thirdparty.io.grpc.stub.ServerCalls$ServerCallStreamObserverImpl.onCompleted(ServerCalls.java:356)
	at org.apache.ratis.grpc.server.GrpcServerProtocolService$ServerRequestStreamObserver.onError(GrpcServerProtocolService.java:121)
	at org.apache.ratis.thirdparty.io.grpc.stub.ServerCalls$StreamingServerCallHandler$StreamingServerCallListener.onCancel(ServerCalls.java:269)
	at org.apache.ratis.thirdparty.io.grpc.internal.ServerCallImpl$ServerStreamListenerImpl.closed(ServerCallImpl.java:293)
	at org.apache.ratis.thirdparty.io.grpc.internal.ServerImpl$JumpToApplicationThreadServerStreamListener$1Closed.runInContext(ServerImpl.java:741)
	at org.apache.ratis.thirdparty.io.grpc.internal.ContextRunnable.run(ContextRunnable.java:37)
	at org.apache.ratis.thirdparty.io.grpc.internal.SerializingExecutor.run(SerializingExecutor.java:123)
	at java.util.concurrent.ThreadPoolExecutor.runWorker(ThreadPoolExecutor.java:1149)
	at java.util.concurrent.ThreadPoolExecutor$Worker.run(ThreadPoolExecutor.java:624)
	at java.lang.Thread.run(Thread.java:748)

]]></system-err>
  </testcase>
  <testcase name="testMultiBlockWritesWithDnFailures" classname="org.apache.hadoop.ozone.client.rpc.TestMultiBlockWritesWithDnFailures" time="43.182"/>
</testsuite>