<?xml version="1.0" encoding="UTF-8"?>
<testsuite xmlns:xsi="http://www.w3.org/2001/XMLSchema-instance" xsi:noNamespaceSchemaLocation="https://maven.apache.org/surefire/maven-surefire-plugin/xsd/surefire-test-report.xsd" name="org.apache.hadoop.ozone.client.rpc.TestDeleteWithSlowFollower" time="136.578" tests="1" errors="0" skipped="0" failures="1">
  <properties>
    <property name="awt.toolkit" value="sun.awt.X11.XToolkit"/>
    <property name="file.encoding.pkg" value="sun.io"/>
    <property name="java.specification.version" value="1.8"/>
    <property name="sun.cpu.isalist" value=""/>
    <property name="sun.jnu.encoding" value="ANSI_X3.4-1968"/>
    <property name="java.class.path" value="/workdir/hadoop-ozone/integration-test/target/test-classes:/workdir/hadoop-ozone/integration-test/target/classes:/home/user/.m2/repository/org/apache/hadoop/hadoop-ozone-common/0.5.0-SNAPSHOT/hadoop-ozone-common-0.5.0-SNAPSHOT.jar:/home/user/.m2/repository/org/apache/commons/commons-compress/1.4.1/commons-compress-1.4.1.jar:/home/user/.m2/repository/org/tukaani/xz/1.0/xz-1.0.jar:/home/user/.m2/repository/org/apache/hadoop/hadoop-common/3.2.0/hadoop-common-3.2.0.jar:/home/user/.m2/repository/org/apache/hadoop/hadoop-hdfs/3.2.0/hadoop-hdfs-3.2.0.jar:/home/user/.m2/repository/org/apache/hadoop/hadoop-hdfs-client/3.2.0/hadoop-hdfs-client-3.2.0.jar:/home/user/.m2/repository/com/fasterxml/jackson/core/jackson-annotations/2.9.9/jackson-annotations-2.9.9.jar:/home/user/.m2/repository/org/apache/hadoop/hadoop-hdds-common/0.5.0-SNAPSHOT/hadoop-hdds-common-0.5.0-SNAPSHOT.jar:/home/user/.m2/repository/javax/annotation/javax.annotation-api/1.2/javax.annotation-api-1.2.jar:/home/user/.m2/repository/org/apache/ratis/ratis-server/0.5.0-3f446aa-SNAPSHOT/ratis-server-0.5.0-3f446aa-SNAPSHOT.jar:/home/user/.m2/repository/org/apache/ratis/ratis-thirdparty-misc/0.2.0/ratis-thirdparty-misc-0.2.0.jar:/home/user/.m2/repository/org/apache/ratis/ratis-proto/0.5.0-3f446aa-SNAPSHOT/ratis-proto-0.5.0-3f446aa-SNAPSHOT.jar:/home/user/.m2/repository/org/apache/ratis/ratis-common/0.5.0-3f446aa-SNAPSHOT/ratis-common-0.5.0-3f446aa-SNAPSHOT.jar:/home/user/.m2/repository/org/apache/ratis/ratis-client/0.5.0-3f446aa-SNAPSHOT/ratis-client-0.5.0-3f446aa-SNAPSHOT.jar:/home/user/.m2/repository/org/apache/ratis/ratis-metrics/0.5.0-3f446aa-SNAPSHOT/ratis-metrics-0.5.0-3f446aa-SNAPSHOT.jar:/home/user/.m2/repository/com/github/joshelser/dropwizard-metrics-hadoop-metrics2-reporter/0.1.2/dropwizard-metrics-hadoop-metrics2-reporter-0.1.2.jar:/home/user/.m2/repository/io/dropwizard/metrics/metrics-jvm/3.2.5/metrics-jvm-3.2.5.jar:/home/user/.m2/repository/io/dropwizard/metrics/metrics-ganglia/3.2.5/metrics-ganglia-3.2.5.jar:/home/user/.m2/repository/info/ganglia/gmetric4j/gmetric4j/1.0.7/gmetric4j-1.0.7.jar:/home/user/.m2/repository/org/apache/ratis/ratis-netty/0.5.0-3f446aa-SNAPSHOT/ratis-netty-0.5.0-3f446aa-SNAPSHOT.jar:/home/user/.m2/repository/org/apache/ratis/ratis-grpc/0.5.0-3f446aa-SNAPSHOT/ratis-grpc-0.5.0-3f446aa-SNAPSHOT.jar:/home/user/.m2/repository/org/rocksdb/rocksdbjni/6.0.1/rocksdbjni-6.0.1.jar:/home/user/.m2/repository/org/apache/logging/log4j/log4j-api/2.11.0/log4j-api-2.11.0.jar:/home/user/.m2/repository/org/apache/logging/log4j/log4j-core/2.11.0/log4j-core-2.11.0.jar:/home/user/.m2/repository/com/lmax/disruptor/3.4.2/disruptor-3.4.2.jar:/home/user/.m2/repository/org/apache/commons/commons-pool2/2.6.0/commons-pool2-2.6.0.jar:/home/user/.m2/repository/org/bouncycastle/bcpkix-jdk15on/1.60/bcpkix-jdk15on-1.60.jar:/home/user/.m2/repository/commons-validator/commons-validator/1.6/commons-validator-1.6.jar:/home/user/.m2/repository/commons-digester/commons-digester/1.8.1/commons-digester-1.8.1.jar:/home/user/.m2/repository/io/jaegertracing/jaeger-client/0.34.0/jaeger-client-0.34.0.jar:/home/user/.m2/repository/io/jaegertracing/jaeger-thrift/0.34.0/jaeger-thrift-0.34.0.jar:/home/user/.m2/repository/org/apache/thrift/libthrift/0.12.0/libthrift-0.12.0.jar:/home/user/.m2/repository/com/squareup/okhttp3/okhttp/3.9.0/okhttp-3.9.0.jar:/home/user/.m2/repository/com/squareup/okio/okio/1.13.0/okio-1.13.0.jar:/home/user/.m2/repository/io/jaegertracing/jaeger-core/0.34.0/jaeger-core-0.34.0.jar:/home/user/.m2/repository/io/jaegertracing/jaeger-tracerresolver/0.34.0/jaeger-tracerresolver-0.34.0.jar:/home/user/.m2/repository/io/opentracing/contrib/opentracing-tracerresolver/0.1.5/opentracing-tracerresolver-0.1.5.jar:/home/user/.m2/repository/io/opentracing/opentracing-util/0.31.0/opentracing-util-0.31.0.jar:/home/user/.m2/repository/io/opentracing/opentracing-api/0.31.0/opentracing-api-0.31.0.jar:/home/user/.m2/repository/io/opentracing/opentracing-noop/0.31.0/opentracing-noop-0.31.0.jar:/home/user/.m2/repository/org/apache/hadoop/hadoop-hdds-server-framework/0.5.0-SNAPSHOT/hadoop-hdds-server-framework-0.5.0-SNAPSHOT.jar:/home/user/.m2/repository/org/apache/hadoop/hadoop-hdds-container-service/0.5.0-SNAPSHOT/hadoop-hdds-container-service-0.5.0-SNAPSHOT.jar:/home/user/.m2/repository/org/apache/hadoop/hadoop-hdds-client/0.5.0-SNAPSHOT/hadoop-hdds-client-0.5.0-SNAPSHOT.jar:/home/user/.m2/repository/org/apache/hadoop/hadoop-hdds-tools/0.5.0-SNAPSHOT/hadoop-hdds-tools-0.5.0-SNAPSHOT.jar:/home/user/.m2/repository/org/apache/hadoop/hadoop-hdds-server-scm/0.5.0-SNAPSHOT/hadoop-hdds-server-scm-0.5.0-SNAPSHOT.jar:/home/user/.m2/repository/org/apache/hadoop/hadoop-hdds-docs/0.5.0-SNAPSHOT/hadoop-hdds-docs-0.5.0-SNAPSHOT.jar:/home/user/.m2/repository/io/dropwizard/metrics/metrics-core/3.2.4/metrics-core-3.2.4.jar:/home/user/.m2/repository/org/hamcrest/hamcrest-all/1.3/hamcrest-all-1.3.jar:/home/user/.m2/repository/org/bouncycastle/bcprov-jdk15on/1.60/bcprov-jdk15on-1.60.jar:/home/user/.m2/repository/info/picocli/picocli/3.9.6/picocli-3.9.6.jar:/home/user/.m2/repository/com/google/protobuf/protobuf-java/2.5.0/protobuf-java-2.5.0.jar:/home/user/.m2/repository/com/google/guava/guava/11.0.2/guava-11.0.2.jar:/home/user/.m2/repository/org/apache/hadoop/hadoop-ozone-ozone-manager/0.5.0-SNAPSHOT/hadoop-ozone-ozone-manager-0.5.0-SNAPSHOT.jar:/home/user/.m2/repository/org/apache/hadoop/hadoop-minikdc/3.2.0/hadoop-minikdc-3.2.0.jar:/home/user/.m2/repository/commons-io/commons-io/2.5/commons-io-2.5.jar:/home/user/.m2/repository/org/apache/kerby/kerb-simplekdc/1.0.1/kerb-simplekdc-1.0.1.jar:/home/user/.m2/repository/org/apache/kerby/kerb-client/1.0.1/kerb-client-1.0.1.jar:/home/user/.m2/repository/org/apache/kerby/kerby-config/1.0.1/kerby-config-1.0.1.jar:/home/user/.m2/repository/org/apache/kerby/kerb-core/1.0.1/kerb-core-1.0.1.jar:/home/user/.m2/repository/org/apache/kerby/kerby-pkix/1.0.1/kerby-pkix-1.0.1.jar:/home/user/.m2/repository/org/apache/kerby/kerby-asn1/1.0.1/kerby-asn1-1.0.1.jar:/home/user/.m2/repository/org/apache/kerby/kerby-util/1.0.1/kerby-util-1.0.1.jar:/home/user/.m2/repository/org/apache/kerby/kerb-common/1.0.1/kerb-common-1.0.1.jar:/home/user/.m2/repository/org/apache/kerby/kerb-crypto/1.0.1/kerb-crypto-1.0.1.jar:/home/user/.m2/repository/org/apache/kerby/kerb-util/1.0.1/kerb-util-1.0.1.jar:/home/user/.m2/repository/org/apache/kerby/token-provider/1.0.1/token-provider-1.0.1.jar:/home/user/.m2/repository/org/apache/kerby/kerb-admin/1.0.1/kerb-admin-1.0.1.jar:/home/user/.m2/repository/org/apache/kerby/kerb-server/1.0.1/kerb-server-1.0.1.jar:/home/user/.m2/repository/org/apache/kerby/kerb-identity/1.0.1/kerb-identity-1.0.1.jar:/home/user/.m2/repository/org/apache/kerby/kerby-xdr/1.0.1/kerby-xdr-1.0.1.jar:/home/user/.m2/repository/org/slf4j/slf4j-log4j12/1.7.25/slf4j-log4j12-1.7.25.jar:/home/user/.m2/repository/org/apache/hadoop/hadoop-ozone-s3gateway/0.5.0-SNAPSHOT/hadoop-ozone-s3gateway-0.5.0-SNAPSHOT.jar:/home/user/.m2/repository/org/jboss/weld/servlet/weld-servlet/2.4.7.Final/weld-servlet-2.4.7.Final.jar:/home/user/.m2/repository/org/glassfish/jersey/containers/jersey-container-servlet-core/2.27/jersey-container-servlet-core-2.27.jar:/home/user/.m2/repository/org/glassfish/hk2/external/javax.inject/2.5.0-b42/javax.inject-2.5.0-b42.jar:/home/user/.m2/repository/org/glassfish/jersey/core/jersey-common/2.27/jersey-common-2.27.jar:/home/user/.m2/repository/org/glassfish/hk2/osgi-resource-locator/1.0.1/osgi-resource-locator-1.0.1.jar:/home/user/.m2/repository/javax/ws/rs/javax.ws.rs-api/2.1/javax.ws.rs-api-2.1.jar:/home/user/.m2/repository/org/glassfish/jersey/ext/cdi/jersey-cdi1x/2.27/jersey-cdi1x-2.27.jar:/home/user/.m2/repository/org/glassfish/jersey/inject/jersey-hk2/2.27/jersey-hk2-2.27.jar:/home/user/.m2/repository/org/glassfish/hk2/hk2-locator/2.5.0-b42/hk2-locator-2.5.0-b42.jar:/home/user/.m2/repository/org/javassist/javassist/3.22.0-CR2/javassist-3.22.0-CR2.jar:/home/user/.m2/repository/org/glassfish/hk2/hk2-api/2.5.0/hk2-api-2.5.0.jar:/home/user/.m2/repository/org/glassfish/hk2/external/jakarta.inject/2.5.0/jakarta.inject-2.5.0.jar:/home/user/.m2/repository/org/glassfish/hk2/hk2-utils/2.5.0/hk2-utils-2.5.0.jar:/home/user/.m2/repository/jakarta/annotation/jakarta.annotation-api/1.3.4/jakarta.annotation-api-1.3.4.jar:/home/user/.m2/repository/org/glassfish/hk2/external/aopalliance-repackaged/2.5.0/aopalliance-repackaged-2.5.0.jar:/home/user/.m2/repository/com/fasterxml/jackson/dataformat/jackson-dataformat-xml/2.9.0/jackson-dataformat-xml-2.9.0.jar:/home/user/.m2/repository/com/fasterxml/jackson/core/jackson-core/2.9.9/jackson-core-2.9.9.jar:/home/user/.m2/repository/com/fasterxml/jackson/module/jackson-module-jaxb-annotations/2.9.9/jackson-module-jaxb-annotations-2.9.9.jar:/home/user/.m2/repository/javax/enterprise/cdi-api/1.2/cdi-api-1.2.jar:/home/user/.m2/repository/javax/el/javax.el-api/3.0.0/javax.el-api-3.0.0.jar:/home/user/.m2/repository/javax/interceptor/javax.interceptor-api/1.2/javax.interceptor-api-1.2.jar:/home/user/.m2/repository/javax/inject/javax.inject/1/javax.inject-1.jar:/home/user/.m2/repository/com/sun/xml/bind/jaxb-impl/2.3.0.1/jaxb-impl-2.3.0.1.jar:/home/user/.m2/repository/com/sun/xml/bind/jaxb-core/2.3.0.1/jaxb-core-2.3.0.1.jar:/home/user/.m2/repository/javax/xml/bind/jaxb-api/2.3.0/jaxb-api-2.3.0.jar:/home/user/.m2/repository/javax/activation/activation/1.1.1/activation-1.1.1.jar:/home/user/.m2/repository/org/apache/hadoop/hadoop-ozone-csi/0.5.0-SNAPSHOT/hadoop-ozone-csi-0.5.0-SNAPSHOT.jar:/home/user/.m2/repository/com/google/protobuf/protobuf-java-util/3.5.1/protobuf-java-util-3.5.1.jar:/home/user/.m2/repository/org/apache/hadoop/hadoop-hdds-config/0.5.0-SNAPSHOT/hadoop-hdds-config-0.5.0-SNAPSHOT.jar:/home/user/.m2/repository/io/grpc/grpc-netty/1.17.1/grpc-netty-1.17.1.jar:/home/user/.m2/repository/io/grpc/grpc-core/1.17.1/grpc-core-1.17.1.jar:/home/user/.m2/repository/io/grpc/grpc-context/1.17.1/grpc-context-1.17.1.jar:/home/user/.m2/repository/com/google/errorprone/error_prone_annotations/2.2.0/error_prone_annotations-2.2.0.jar:/home/user/.m2/repository/org/codehaus/mojo/animal-sniffer-annotations/1.17/animal-sniffer-annotations-1.17.jar:/home/user/.m2/repository/io/opencensus/opencensus-api/0.17.0/opencensus-api-0.17.0.jar:/home/user/.m2/repository/io/opencensus/opencensus-contrib-grpc-metrics/0.17.0/opencensus-contrib-grpc-metrics-0.17.0.jar:/home/user/.m2/repository/io/netty/netty-codec-http2/4.1.30.Final/netty-codec-http2-4.1.30.Final.jar:/home/user/.m2/repository/io/netty/netty-codec-http/4.1.30.Final/netty-codec-http-4.1.30.Final.jar:/home/user/.m2/repository/io/netty/netty-codec/4.1.30.Final/netty-codec-4.1.30.Final.jar:/home/user/.m2/repository/io/netty/netty-handler/4.1.30.Final/netty-handler-4.1.30.Final.jar:/home/user/.m2/repository/io/netty/netty-handler-proxy/4.1.30.Final/netty-handler-proxy-4.1.30.Final.jar:/home/user/.m2/repository/io/netty/netty-codec-socks/4.1.30.Final/netty-codec-socks-4.1.30.Final.jar:/home/user/.m2/repository/io/netty/netty-transport-native-epoll/4.1.30.Final/netty-transport-native-epoll-4.1.30.Final.jar:/home/user/.m2/repository/io/netty/netty-common/4.1.30.Final/netty-common-4.1.30.Final.jar:/home/user/.m2/repository/io/netty/netty-buffer/4.1.30.Final/netty-buffer-4.1.30.Final.jar:/home/user/.m2/repository/io/netty/netty-transport/4.1.30.Final/netty-transport-4.1.30.Final.jar:/home/user/.m2/repository/io/netty/netty-resolver/4.1.30.Final/netty-resolver-4.1.30.Final.jar:/home/user/.m2/repository/io/netty/netty-transport-native-unix-common/4.1.30.Final/netty-transport-native-unix-common-4.1.30.Final.jar:/home/user/.m2/repository/io/grpc/grpc-protobuf/1.17.1/grpc-protobuf-1.17.1.jar:/home/user/.m2/repository/com/google/api/grpc/proto-google-common-protos/1.0.0/proto-google-common-protos-1.0.0.jar:/home/user/.m2/repository/io/grpc/grpc-protobuf-lite/1.17.1/grpc-protobuf-lite-1.17.1.jar:/home/user/.m2/repository/io/grpc/grpc-stub/1.17.1/grpc-stub-1.17.1.jar:/home/user/.m2/repository/org/apache/hadoop/hadoop-ozone-recon/0.5.0-SNAPSHOT/hadoop-ozone-recon-0.5.0-SNAPSHOT.jar:/home/user/.m2/repository/org/apache/hadoop/hadoop-ozone-reconcodegen/0.5.0-SNAPSHOT/hadoop-ozone-reconcodegen-0.5.0-SNAPSHOT.jar:/home/user/.m2/repository/com/google/inject/extensions/guice-multibindings/4.0/guice-multibindings-4.0.jar:/home/user/.m2/repository/com/google/inject/guice/4.0/guice-4.0.jar:/home/user/.m2/repository/aopalliance/aopalliance/1.0/aopalliance-1.0.jar:/home/user/.m2/repository/com/google/inject/extensions/guice-servlet/4.0/guice-servlet-4.0.jar:/home/user/.m2/repository/org/glassfish/jersey/containers/jersey-container-servlet/2.27/jersey-container-servlet-2.27.jar:/home/user/.m2/repository/org/glassfish/hk2/guice-bridge/2.5.0/guice-bridge-2.5.0.jar:/home/user/.m2/repository/org/glassfish/jersey/core/jersey-server/2.27/jersey-server-2.27.jar:/home/user/.m2/repository/org/glassfish/jersey/core/jersey-client/2.27/jersey-client-2.27.jar:/home/user/.m2/repository/org/glassfish/jersey/media/jersey-media-jaxb/2.27/jersey-media-jaxb-2.27.jar:/home/user/.m2/repository/javax/validation/validation-api/1.1.0.Final/validation-api-1.1.0.Final.jar:/home/user/.m2/repository/org/glassfish/jersey/media/jersey-media-json-jackson/2.27/jersey-media-json-jackson-2.27.jar:/home/user/.m2/repository/org/glassfish/jersey/ext/jersey-entity-filtering/2.27/jersey-entity-filtering-2.27.jar:/home/user/.m2/repository/com/google/inject/extensions/guice-assistedinject/4.0/guice-assistedinject-4.0.jar:/home/user/.m2/repository/org/jooq/jooq/3.11.10/jooq-3.11.10.jar:/home/user/.m2/repository/org/jooq/jooq-meta/3.11.10/jooq-meta-3.11.10.jar:/home/user/.m2/repository/org/jooq/jooq-codegen/3.11.10/jooq-codegen-3.11.10.jar:/home/user/.m2/repository/com/jolbox/bonecp/0.8.0.RELEASE/bonecp-0.8.0.RELEASE.jar:/home/user/.m2/repository/org/xerial/sqlite-jdbc/3.25.2/sqlite-jdbc-3.25.2.jar:/home/user/.m2/repository/org/springframework/spring-jdbc/5.1.3.RELEASE/spring-jdbc-5.1.3.RELEASE.jar:/home/user/.m2/repository/org/springframework/spring-beans/5.1.3.RELEASE/spring-beans-5.1.3.RELEASE.jar:/home/user/.m2/repository/org/springframework/spring-core/5.1.3.RELEASE/spring-core-5.1.3.RELEASE.jar:/home/user/.m2/repository/org/springframework/spring-jcl/5.1.3.RELEASE/spring-jcl-5.1.3.RELEASE.jar:/home/user/.m2/repository/org/springframework/spring-tx/5.1.3.RELEASE/spring-tx-5.1.3.RELEASE.jar:/home/user/.m2/repository/org/apache/hadoop/hadoop-ozone-client/0.5.0-SNAPSHOT/hadoop-ozone-client-0.5.0-SNAPSHOT.jar:/home/user/.m2/repository/commons-lang/commons-lang/2.6/commons-lang-2.6.jar:/home/user/.m2/repository/org/apache/hadoop/hadoop-ozone-ozone-manager/0.5.0-SNAPSHOT/hadoop-ozone-ozone-manager-0.5.0-SNAPSHOT-tests.jar:/home/user/.m2/repository/junit/junit/4.11/junit-4.11.jar:/home/user/.m2/repository/org/hamcrest/hamcrest-core/1.3/hamcrest-core-1.3.jar:/home/user/.m2/repository/org/openjdk/jmh/jmh-core/1.19/jmh-core-1.19.jar:/home/user/.m2/repository/net/sf/jopt-simple/jopt-simple/4.6/jopt-simple-4.6.jar:/home/user/.m2/repository/org/apache/commons/commons-math3/3.1.1/commons-math3-3.1.1.jar:/home/user/.m2/repository/org/openjdk/jmh/jmh-generator-annprocess/1.19/jmh-generator-annprocess-1.19.jar:/home/user/.m2/repository/org/mockito/mockito-all/1.8.5/mockito-all-1.8.5.jar:/home/user/.m2/repository/org/apache/hadoop/hadoop-kms/3.2.0/hadoop-kms-3.2.0.jar:/home/user/.m2/repository/org/apache/hadoop/hadoop-auth/3.2.0/hadoop-auth-3.2.0.jar:/home/user/.m2/repository/com/nimbusds/nimbus-jose-jwt/4.41.1/nimbus-jose-jwt-4.41.1.jar:/home/user/.m2/repository/com/github/stephenc/jcip/jcip-annotations/1.0-1/jcip-annotations-1.0-1.jar:/home/user/.m2/repository/net/minidev/json-smart/2.3/json-smart-2.3.jar:/home/user/.m2/repository/net/minidev/accessors-smart/1.2/accessors-smart-1.2.jar:/home/user/.m2/repository/org/ow2/asm/asm/5.0.4/asm-5.0.4.jar:/home/user/.m2/repository/org/apache/curator/curator-framework/2.12.0/curator-framework-2.12.0.jar:/home/user/.m2/repository/com/sun/jersey/jersey-core/1.19/jersey-core-1.19.jar:/home/user/.m2/repository/javax/ws/rs/jsr311-api/1.1.1/jsr311-api-1.1.1.jar:/home/user/.m2/repository/com/sun/jersey/jersey-server/1.19/jersey-server-1.19.jar:/home/user/.m2/repository/javax/servlet/javax.servlet-api/3.1.0/javax.servlet-api-3.1.0.jar:/home/user/.m2/repository/org/eclipse/jetty/jetty-server/9.3.25.v20180904/jetty-server-9.3.25.v20180904.jar:/home/user/.m2/repository/org/eclipse/jetty/jetty-http/9.3.25.v20180904/jetty-http-9.3.25.v20180904.jar:/home/user/.m2/repository/org/eclipse/jetty/jetty-io/9.3.25.v20180904/jetty-io-9.3.25.v20180904.jar:/home/user/.m2/repository/org/eclipse/jetty/jetty-webapp/9.3.25.v20180904/jetty-webapp-9.3.25.v20180904.jar:/home/user/.m2/repository/org/eclipse/jetty/jetty-xml/9.3.25.v20180904/jetty-xml-9.3.25.v20180904.jar:/home/user/.m2/repository/log4j/log4j/1.2.17/log4j-1.2.17.jar:/home/user/.m2/repository/org/slf4j/slf4j-api/1.7.25/slf4j-api-1.7.25.jar:/home/user/.m2/repository/org/slf4j/jul-to-slf4j/1.7.25/jul-to-slf4j-1.7.25.jar:/home/user/.m2/repository/org/eclipse/jetty/jetty-util/9.3.25.v20180904/jetty-util-9.3.25.v20180904.jar:/home/user/.m2/repository/com/fasterxml/jackson/core/jackson-databind/2.9.9/jackson-databind-2.9.9.jar:/home/user/.m2/repository/org/apache/hadoop/hadoop-kms/3.2.0/hadoop-kms-3.2.0-tests.jar:/home/user/.m2/repository/org/apache/hadoop/hadoop-hdds-server-scm/0.5.0-SNAPSHOT/hadoop-hdds-server-scm-0.5.0-SNAPSHOT-tests.jar:/home/user/.m2/repository/org/apache/hadoop/hadoop-hdds-container-service/0.5.0-SNAPSHOT/hadoop-hdds-container-service-0.5.0-SNAPSHOT-tests.jar:/home/user/.m2/repository/org/yaml/snakeyaml/1.16/snakeyaml-1.16.jar:/home/user/.m2/repository/org/apache/hadoop/hadoop-common/3.2.0/hadoop-common-3.2.0-tests.jar:/home/user/.m2/repository/org/apache/hadoop/hadoop-annotations/3.2.0/hadoop-annotations-3.2.0.jar:/usr/lib/jvm/java-1.8.0-openjdk-1.8.0.222.b10-1.el7_7.x86_64/jre/../lib/tools.jar:/home/user/.m2/repository/commons-cli/commons-cli/1.2/commons-cli-1.2.jar:/home/user/.m2/repository/org/apache/httpcomponents/httpclient/4.5.2/httpclient-4.5.2.jar:/home/user/.m2/repository/org/apache/httpcomponents/httpcore/4.4.4/httpcore-4.4.4.jar:/home/user/.m2/repository/commons-codec/commons-codec/1.11/commons-codec-1.11.jar:/home/user/.m2/repository/commons-net/commons-net/3.6/commons-net-3.6.jar:/home/user/.m2/repository/commons-collections/commons-collections/3.2.2/commons-collections-3.2.2.jar:/home/user/.m2/repository/org/eclipse/jetty/jetty-servlet/9.3.25.v20180904/jetty-servlet-9.3.25.v20180904.jar:/home/user/.m2/repository/org/eclipse/jetty/jetty-security/9.3.25.v20180904/jetty-security-9.3.25.v20180904.jar:/home/user/.m2/repository/javax/servlet/jsp/jsp-api/2.1/jsp-api-2.1.jar:/home/user/.m2/repository/com/sun/jersey/jersey-servlet/1.19/jersey-servlet-1.19.jar:/home/user/.m2/repository/com/sun/jersey/jersey-json/1.19/jersey-json-1.19.jar:/home/user/.m2/repository/org/codehaus/jettison/jettison/1.1/jettison-1.1.jar:/home/user/.m2/repository/org/codehaus/jackson/jackson-core-asl/1.9.13/jackson-core-asl-1.9.13.jar:/home/user/.m2/repository/org/codehaus/jackson/jackson-mapper-asl/1.9.13/jackson-mapper-asl-1.9.13.jar:/home/user/.m2/repository/org/codehaus/jackson/jackson-jaxrs/1.9.13/jackson-jaxrs-1.9.13.jar:/home/user/.m2/repository/org/codehaus/jackson/jackson-xc/1.9.13/jackson-xc-1.9.13.jar:/home/user/.m2/repository/commons-logging/commons-logging/1.1.3/commons-logging-1.1.3.jar:/home/user/.m2/repository/commons-beanutils/commons-beanutils/1.9.4/commons-beanutils-1.9.4.jar:/home/user/.m2/repository/org/apache/commons/commons-configuration2/2.1.1/commons-configuration2-2.1.1.jar:/home/user/.m2/repository/org/apache/commons/commons-lang3/3.7/commons-lang3-3.7.jar:/home/user/.m2/repository/org/apache/commons/commons-text/1.4/commons-text-1.4.jar:/home/user/.m2/repository/org/apache/avro/avro/1.7.7/avro-1.7.7.jar:/home/user/.m2/repository/com/thoughtworks/paranamer/paranamer/2.3/paranamer-2.3.jar:/home/user/.m2/repository/org/xerial/snappy/snappy-java/1.0.5/snappy-java-1.0.5.jar:/home/user/.m2/repository/com/google/re2j/re2j/1.1/re2j-1.1.jar:/home/user/.m2/repository/com/google/code/gson/gson/2.2.4/gson-2.2.4.jar:/home/user/.m2/repository/com/jcraft/jsch/0.1.54/jsch-0.1.54.jar:/home/user/.m2/repository/org/apache/curator/curator-client/2.12.0/curator-client-2.12.0.jar:/home/user/.m2/repository/org/apache/curator/curator-recipes/2.12.0/curator-recipes-2.12.0.jar:/home/user/.m2/repository/com/google/code/findbugs/jsr305/3.0.0/jsr305-3.0.0.jar:/home/user/.m2/repository/org/apache/htrace/htrace-core4/4.1.0-incubating/htrace-core4-4.1.0-incubating.jar:/home/user/.m2/repository/org/apache/zookeeper/zookeeper/3.4.13/zookeeper-3.4.13.jar:/home/user/.m2/repository/jline/jline/0.9.94/jline-0.9.94.jar:/home/user/.m2/repository/org/apache/yetus/audience-annotations/0.5.0/audience-annotations-0.5.0.jar:/home/user/.m2/repository/org/codehaus/woodstox/stax2-api/3.1.4/stax2-api-3.1.4.jar:/home/user/.m2/repository/com/fasterxml/woodstox/woodstox-core/5.0.3/woodstox-core-5.0.3.jar:/home/user/.m2/repository/dnsjava/dnsjava/2.1.7/dnsjava-2.1.7.jar:/home/user/.m2/repository/org/apache/hadoop/hadoop-hdfs/3.2.0/hadoop-hdfs-3.2.0-tests.jar:/home/user/.m2/repository/org/eclipse/jetty/jetty-util-ajax/9.3.25.v20180904/jetty-util-ajax-9.3.25.v20180904.jar:/home/user/.m2/repository/commons-daemon/commons-daemon/1.0.13/commons-daemon-1.0.13.jar:/home/user/.m2/repository/io/netty/netty/3.10.5.Final/netty-3.10.5.Final.jar:/home/user/.m2/repository/io/netty/netty-all/4.0.52.Final/netty-all-4.0.52.Final.jar:/home/user/.m2/repository/org/fusesource/leveldbjni/leveldbjni-all/1.8/leveldbjni-all-1.8.jar:"/>
    <property name="java.vm.vendor" value="Oracle Corporation"/>
    <property name="sun.arch.data.model" value="64"/>
    <property name="test.build.dir" value="/workdir/hadoop-ozone/integration-test/target/test-dir"/>
    <property name="test.cache.data" value=""/>
    <property name="java.vendor.url" value="http://java.oracle.com/"/>
    <property name="user.timezone" value=""/>
    <property name="java.vm.specification.version" value="1.8"/>
    <property name="os.name" value="Linux"/>
    <property name="test.build.data" value="/workdir/hadoop-ozone/integration-test/target/test-dir"/>
    <property name="user.country" value="US"/>
    <property name="sun.java.launcher" value="SUN_STANDARD"/>
    <property name="sun.boot.library.path" value="/usr/lib/jvm/java-1.8.0-openjdk-1.8.0.222.b10-1.el7_7.x86_64/jre/lib/amd64"/>
    <property name="sun.java.command" value="/workdir/hadoop-ozone/integration-test/target/surefire/surefirebooter3201977634939681217.jar /workdir/hadoop-ozone/integration-test/target/surefire 2019-11-05T10-34-15_228-jvmRun1 surefire4234359650559575716tmp surefire_305648197463744305917tmp"/>
    <property name="surefire.test.class.path" value="/workdir/hadoop-ozone/integration-test/target/test-classes:/workdir/hadoop-ozone/integration-test/target/classes:/home/user/.m2/repository/org/apache/hadoop/hadoop-ozone-common/0.5.0-SNAPSHOT/hadoop-ozone-common-0.5.0-SNAPSHOT.jar:/home/user/.m2/repository/org/apache/commons/commons-compress/1.4.1/commons-compress-1.4.1.jar:/home/user/.m2/repository/org/tukaani/xz/1.0/xz-1.0.jar:/home/user/.m2/repository/org/apache/hadoop/hadoop-common/3.2.0/hadoop-common-3.2.0.jar:/home/user/.m2/repository/org/apache/hadoop/hadoop-hdfs/3.2.0/hadoop-hdfs-3.2.0.jar:/home/user/.m2/repository/org/apache/hadoop/hadoop-hdfs-client/3.2.0/hadoop-hdfs-client-3.2.0.jar:/home/user/.m2/repository/com/fasterxml/jackson/core/jackson-annotations/2.9.9/jackson-annotations-2.9.9.jar:/home/user/.m2/repository/org/apache/hadoop/hadoop-hdds-common/0.5.0-SNAPSHOT/hadoop-hdds-common-0.5.0-SNAPSHOT.jar:/home/user/.m2/repository/javax/annotation/javax.annotation-api/1.2/javax.annotation-api-1.2.jar:/home/user/.m2/repository/org/apache/ratis/ratis-server/0.5.0-3f446aa-SNAPSHOT/ratis-server-0.5.0-3f446aa-SNAPSHOT.jar:/home/user/.m2/repository/org/apache/ratis/ratis-thirdparty-misc/0.2.0/ratis-thirdparty-misc-0.2.0.jar:/home/user/.m2/repository/org/apache/ratis/ratis-proto/0.5.0-3f446aa-SNAPSHOT/ratis-proto-0.5.0-3f446aa-SNAPSHOT.jar:/home/user/.m2/repository/org/apache/ratis/ratis-common/0.5.0-3f446aa-SNAPSHOT/ratis-common-0.5.0-3f446aa-SNAPSHOT.jar:/home/user/.m2/repository/org/apache/ratis/ratis-client/0.5.0-3f446aa-SNAPSHOT/ratis-client-0.5.0-3f446aa-SNAPSHOT.jar:/home/user/.m2/repository/org/apache/ratis/ratis-metrics/0.5.0-3f446aa-SNAPSHOT/ratis-metrics-0.5.0-3f446aa-SNAPSHOT.jar:/home/user/.m2/repository/com/github/joshelser/dropwizard-metrics-hadoop-metrics2-reporter/0.1.2/dropwizard-metrics-hadoop-metrics2-reporter-0.1.2.jar:/home/user/.m2/repository/io/dropwizard/metrics/metrics-jvm/3.2.5/metrics-jvm-3.2.5.jar:/home/user/.m2/repository/io/dropwizard/metrics/metrics-ganglia/3.2.5/metrics-ganglia-3.2.5.jar:/home/user/.m2/repository/info/ganglia/gmetric4j/gmetric4j/1.0.7/gmetric4j-1.0.7.jar:/home/user/.m2/repository/org/apache/ratis/ratis-netty/0.5.0-3f446aa-SNAPSHOT/ratis-netty-0.5.0-3f446aa-SNAPSHOT.jar:/home/user/.m2/repository/org/apache/ratis/ratis-grpc/0.5.0-3f446aa-SNAPSHOT/ratis-grpc-0.5.0-3f446aa-SNAPSHOT.jar:/home/user/.m2/repository/org/rocksdb/rocksdbjni/6.0.1/rocksdbjni-6.0.1.jar:/home/user/.m2/repository/org/apache/logging/log4j/log4j-api/2.11.0/log4j-api-2.11.0.jar:/home/user/.m2/repository/org/apache/logging/log4j/log4j-core/2.11.0/log4j-core-2.11.0.jar:/home/user/.m2/repository/com/lmax/disruptor/3.4.2/disruptor-3.4.2.jar:/home/user/.m2/repository/org/apache/commons/commons-pool2/2.6.0/commons-pool2-2.6.0.jar:/home/user/.m2/repository/org/bouncycastle/bcpkix-jdk15on/1.60/bcpkix-jdk15on-1.60.jar:/home/user/.m2/repository/commons-validator/commons-validator/1.6/commons-validator-1.6.jar:/home/user/.m2/repository/commons-digester/commons-digester/1.8.1/commons-digester-1.8.1.jar:/home/user/.m2/repository/io/jaegertracing/jaeger-client/0.34.0/jaeger-client-0.34.0.jar:/home/user/.m2/repository/io/jaegertracing/jaeger-thrift/0.34.0/jaeger-thrift-0.34.0.jar:/home/user/.m2/repository/org/apache/thrift/libthrift/0.12.0/libthrift-0.12.0.jar:/home/user/.m2/repository/com/squareup/okhttp3/okhttp/3.9.0/okhttp-3.9.0.jar:/home/user/.m2/repository/com/squareup/okio/okio/1.13.0/okio-1.13.0.jar:/home/user/.m2/repository/io/jaegertracing/jaeger-core/0.34.0/jaeger-core-0.34.0.jar:/home/user/.m2/repository/io/jaegertracing/jaeger-tracerresolver/0.34.0/jaeger-tracerresolver-0.34.0.jar:/home/user/.m2/repository/io/opentracing/contrib/opentracing-tracerresolver/0.1.5/opentracing-tracerresolver-0.1.5.jar:/home/user/.m2/repository/io/opentracing/opentracing-util/0.31.0/opentracing-util-0.31.0.jar:/home/user/.m2/repository/io/opentracing/opentracing-api/0.31.0/opentracing-api-0.31.0.jar:/home/user/.m2/repository/io/opentracing/opentracing-noop/0.31.0/opentracing-noop-0.31.0.jar:/home/user/.m2/repository/org/apache/hadoop/hadoop-hdds-server-framework/0.5.0-SNAPSHOT/hadoop-hdds-server-framework-0.5.0-SNAPSHOT.jar:/home/user/.m2/repository/org/apache/hadoop/hadoop-hdds-container-service/0.5.0-SNAPSHOT/hadoop-hdds-container-service-0.5.0-SNAPSHOT.jar:/home/user/.m2/repository/org/apache/hadoop/hadoop-hdds-client/0.5.0-SNAPSHOT/hadoop-hdds-client-0.5.0-SNAPSHOT.jar:/home/user/.m2/repository/org/apache/hadoop/hadoop-hdds-tools/0.5.0-SNAPSHOT/hadoop-hdds-tools-0.5.0-SNAPSHOT.jar:/home/user/.m2/repository/org/apache/hadoop/hadoop-hdds-server-scm/0.5.0-SNAPSHOT/hadoop-hdds-server-scm-0.5.0-SNAPSHOT.jar:/home/user/.m2/repository/org/apache/hadoop/hadoop-hdds-docs/0.5.0-SNAPSHOT/hadoop-hdds-docs-0.5.0-SNAPSHOT.jar:/home/user/.m2/repository/io/dropwizard/metrics/metrics-core/3.2.4/metrics-core-3.2.4.jar:/home/user/.m2/repository/org/hamcrest/hamcrest-all/1.3/hamcrest-all-1.3.jar:/home/user/.m2/repository/org/bouncycastle/bcprov-jdk15on/1.60/bcprov-jdk15on-1.60.jar:/home/user/.m2/repository/info/picocli/picocli/3.9.6/picocli-3.9.6.jar:/home/user/.m2/repository/com/google/protobuf/protobuf-java/2.5.0/protobuf-java-2.5.0.jar:/home/user/.m2/repository/com/google/guava/guava/11.0.2/guava-11.0.2.jar:/home/user/.m2/repository/org/apache/hadoop/hadoop-ozone-ozone-manager/0.5.0-SNAPSHOT/hadoop-ozone-ozone-manager-0.5.0-SNAPSHOT.jar:/home/user/.m2/repository/org/apache/hadoop/hadoop-minikdc/3.2.0/hadoop-minikdc-3.2.0.jar:/home/user/.m2/repository/commons-io/commons-io/2.5/commons-io-2.5.jar:/home/user/.m2/repository/org/apache/kerby/kerb-simplekdc/1.0.1/kerb-simplekdc-1.0.1.jar:/home/user/.m2/repository/org/apache/kerby/kerb-client/1.0.1/kerb-client-1.0.1.jar:/home/user/.m2/repository/org/apache/kerby/kerby-config/1.0.1/kerby-config-1.0.1.jar:/home/user/.m2/repository/org/apache/kerby/kerb-core/1.0.1/kerb-core-1.0.1.jar:/home/user/.m2/repository/org/apache/kerby/kerby-pkix/1.0.1/kerby-pkix-1.0.1.jar:/home/user/.m2/repository/org/apache/kerby/kerby-asn1/1.0.1/kerby-asn1-1.0.1.jar:/home/user/.m2/repository/org/apache/kerby/kerby-util/1.0.1/kerby-util-1.0.1.jar:/home/user/.m2/repository/org/apache/kerby/kerb-common/1.0.1/kerb-common-1.0.1.jar:/home/user/.m2/repository/org/apache/kerby/kerb-crypto/1.0.1/kerb-crypto-1.0.1.jar:/home/user/.m2/repository/org/apache/kerby/kerb-util/1.0.1/kerb-util-1.0.1.jar:/home/user/.m2/repository/org/apache/kerby/token-provider/1.0.1/token-provider-1.0.1.jar:/home/user/.m2/repository/org/apache/kerby/kerb-admin/1.0.1/kerb-admin-1.0.1.jar:/home/user/.m2/repository/org/apache/kerby/kerb-server/1.0.1/kerb-server-1.0.1.jar:/home/user/.m2/repository/org/apache/kerby/kerb-identity/1.0.1/kerb-identity-1.0.1.jar:/home/user/.m2/repository/org/apache/kerby/kerby-xdr/1.0.1/kerby-xdr-1.0.1.jar:/home/user/.m2/repository/org/slf4j/slf4j-log4j12/1.7.25/slf4j-log4j12-1.7.25.jar:/home/user/.m2/repository/org/apache/hadoop/hadoop-ozone-s3gateway/0.5.0-SNAPSHOT/hadoop-ozone-s3gateway-0.5.0-SNAPSHOT.jar:/home/user/.m2/repository/org/jboss/weld/servlet/weld-servlet/2.4.7.Final/weld-servlet-2.4.7.Final.jar:/home/user/.m2/repository/org/glassfish/jersey/containers/jersey-container-servlet-core/2.27/jersey-container-servlet-core-2.27.jar:/home/user/.m2/repository/org/glassfish/hk2/external/javax.inject/2.5.0-b42/javax.inject-2.5.0-b42.jar:/home/user/.m2/repository/org/glassfish/jersey/core/jersey-common/2.27/jersey-common-2.27.jar:/home/user/.m2/repository/org/glassfish/hk2/osgi-resource-locator/1.0.1/osgi-resource-locator-1.0.1.jar:/home/user/.m2/repository/javax/ws/rs/javax.ws.rs-api/2.1/javax.ws.rs-api-2.1.jar:/home/user/.m2/repository/org/glassfish/jersey/ext/cdi/jersey-cdi1x/2.27/jersey-cdi1x-2.27.jar:/home/user/.m2/repository/org/glassfish/jersey/inject/jersey-hk2/2.27/jersey-hk2-2.27.jar:/home/user/.m2/repository/org/glassfish/hk2/hk2-locator/2.5.0-b42/hk2-locator-2.5.0-b42.jar:/home/user/.m2/repository/org/javassist/javassist/3.22.0-CR2/javassist-3.22.0-CR2.jar:/home/user/.m2/repository/org/glassfish/hk2/hk2-api/2.5.0/hk2-api-2.5.0.jar:/home/user/.m2/repository/org/glassfish/hk2/external/jakarta.inject/2.5.0/jakarta.inject-2.5.0.jar:/home/user/.m2/repository/org/glassfish/hk2/hk2-utils/2.5.0/hk2-utils-2.5.0.jar:/home/user/.m2/repository/jakarta/annotation/jakarta.annotation-api/1.3.4/jakarta.annotation-api-1.3.4.jar:/home/user/.m2/repository/org/glassfish/hk2/external/aopalliance-repackaged/2.5.0/aopalliance-repackaged-2.5.0.jar:/home/user/.m2/repository/com/fasterxml/jackson/dataformat/jackson-dataformat-xml/2.9.0/jackson-dataformat-xml-2.9.0.jar:/home/user/.m2/repository/com/fasterxml/jackson/core/jackson-core/2.9.9/jackson-core-2.9.9.jar:/home/user/.m2/repository/com/fasterxml/jackson/module/jackson-module-jaxb-annotations/2.9.9/jackson-module-jaxb-annotations-2.9.9.jar:/home/user/.m2/repository/javax/enterprise/cdi-api/1.2/cdi-api-1.2.jar:/home/user/.m2/repository/javax/el/javax.el-api/3.0.0/javax.el-api-3.0.0.jar:/home/user/.m2/repository/javax/interceptor/javax.interceptor-api/1.2/javax.interceptor-api-1.2.jar:/home/user/.m2/repository/javax/inject/javax.inject/1/javax.inject-1.jar:/home/user/.m2/repository/com/sun/xml/bind/jaxb-impl/2.3.0.1/jaxb-impl-2.3.0.1.jar:/home/user/.m2/repository/com/sun/xml/bind/jaxb-core/2.3.0.1/jaxb-core-2.3.0.1.jar:/home/user/.m2/repository/javax/xml/bind/jaxb-api/2.3.0/jaxb-api-2.3.0.jar:/home/user/.m2/repository/javax/activation/activation/1.1.1/activation-1.1.1.jar:/home/user/.m2/repository/org/apache/hadoop/hadoop-ozone-csi/0.5.0-SNAPSHOT/hadoop-ozone-csi-0.5.0-SNAPSHOT.jar:/home/user/.m2/repository/com/google/protobuf/protobuf-java-util/3.5.1/protobuf-java-util-3.5.1.jar:/home/user/.m2/repository/org/apache/hadoop/hadoop-hdds-config/0.5.0-SNAPSHOT/hadoop-hdds-config-0.5.0-SNAPSHOT.jar:/home/user/.m2/repository/io/grpc/grpc-netty/1.17.1/grpc-netty-1.17.1.jar:/home/user/.m2/repository/io/grpc/grpc-core/1.17.1/grpc-core-1.17.1.jar:/home/user/.m2/repository/io/grpc/grpc-context/1.17.1/grpc-context-1.17.1.jar:/home/user/.m2/repository/com/google/errorprone/error_prone_annotations/2.2.0/error_prone_annotations-2.2.0.jar:/home/user/.m2/repository/org/codehaus/mojo/animal-sniffer-annotations/1.17/animal-sniffer-annotations-1.17.jar:/home/user/.m2/repository/io/opencensus/opencensus-api/0.17.0/opencensus-api-0.17.0.jar:/home/user/.m2/repository/io/opencensus/opencensus-contrib-grpc-metrics/0.17.0/opencensus-contrib-grpc-metrics-0.17.0.jar:/home/user/.m2/repository/io/netty/netty-codec-http2/4.1.30.Final/netty-codec-http2-4.1.30.Final.jar:/home/user/.m2/repository/io/netty/netty-codec-http/4.1.30.Final/netty-codec-http-4.1.30.Final.jar:/home/user/.m2/repository/io/netty/netty-codec/4.1.30.Final/netty-codec-4.1.30.Final.jar:/home/user/.m2/repository/io/netty/netty-handler/4.1.30.Final/netty-handler-4.1.30.Final.jar:/home/user/.m2/repository/io/netty/netty-handler-proxy/4.1.30.Final/netty-handler-proxy-4.1.30.Final.jar:/home/user/.m2/repository/io/netty/netty-codec-socks/4.1.30.Final/netty-codec-socks-4.1.30.Final.jar:/home/user/.m2/repository/io/netty/netty-transport-native-epoll/4.1.30.Final/netty-transport-native-epoll-4.1.30.Final.jar:/home/user/.m2/repository/io/netty/netty-common/4.1.30.Final/netty-common-4.1.30.Final.jar:/home/user/.m2/repository/io/netty/netty-buffer/4.1.30.Final/netty-buffer-4.1.30.Final.jar:/home/user/.m2/repository/io/netty/netty-transport/4.1.30.Final/netty-transport-4.1.30.Final.jar:/home/user/.m2/repository/io/netty/netty-resolver/4.1.30.Final/netty-resolver-4.1.30.Final.jar:/home/user/.m2/repository/io/netty/netty-transport-native-unix-common/4.1.30.Final/netty-transport-native-unix-common-4.1.30.Final.jar:/home/user/.m2/repository/io/grpc/grpc-protobuf/1.17.1/grpc-protobuf-1.17.1.jar:/home/user/.m2/repository/com/google/api/grpc/proto-google-common-protos/1.0.0/proto-google-common-protos-1.0.0.jar:/home/user/.m2/repository/io/grpc/grpc-protobuf-lite/1.17.1/grpc-protobuf-lite-1.17.1.jar:/home/user/.m2/repository/io/grpc/grpc-stub/1.17.1/grpc-stub-1.17.1.jar:/home/user/.m2/repository/org/apache/hadoop/hadoop-ozone-recon/0.5.0-SNAPSHOT/hadoop-ozone-recon-0.5.0-SNAPSHOT.jar:/home/user/.m2/repository/org/apache/hadoop/hadoop-ozone-reconcodegen/0.5.0-SNAPSHOT/hadoop-ozone-reconcodegen-0.5.0-SNAPSHOT.jar:/home/user/.m2/repository/com/google/inject/extensions/guice-multibindings/4.0/guice-multibindings-4.0.jar:/home/user/.m2/repository/com/google/inject/guice/4.0/guice-4.0.jar:/home/user/.m2/repository/aopalliance/aopalliance/1.0/aopalliance-1.0.jar:/home/user/.m2/repository/com/google/inject/extensions/guice-servlet/4.0/guice-servlet-4.0.jar:/home/user/.m2/repository/org/glassfish/jersey/containers/jersey-container-servlet/2.27/jersey-container-servlet-2.27.jar:/home/user/.m2/repository/org/glassfish/hk2/guice-bridge/2.5.0/guice-bridge-2.5.0.jar:/home/user/.m2/repository/org/glassfish/jersey/core/jersey-server/2.27/jersey-server-2.27.jar:/home/user/.m2/repository/org/glassfish/jersey/core/jersey-client/2.27/jersey-client-2.27.jar:/home/user/.m2/repository/org/glassfish/jersey/media/jersey-media-jaxb/2.27/jersey-media-jaxb-2.27.jar:/home/user/.m2/repository/javax/validation/validation-api/1.1.0.Final/validation-api-1.1.0.Final.jar:/home/user/.m2/repository/org/glassfish/jersey/media/jersey-media-json-jackson/2.27/jersey-media-json-jackson-2.27.jar:/home/user/.m2/repository/org/glassfish/jersey/ext/jersey-entity-filtering/2.27/jersey-entity-filtering-2.27.jar:/home/user/.m2/repository/com/google/inject/extensions/guice-assistedinject/4.0/guice-assistedinject-4.0.jar:/home/user/.m2/repository/org/jooq/jooq/3.11.10/jooq-3.11.10.jar:/home/user/.m2/repository/org/jooq/jooq-meta/3.11.10/jooq-meta-3.11.10.jar:/home/user/.m2/repository/org/jooq/jooq-codegen/3.11.10/jooq-codegen-3.11.10.jar:/home/user/.m2/repository/com/jolbox/bonecp/0.8.0.RELEASE/bonecp-0.8.0.RELEASE.jar:/home/user/.m2/repository/org/xerial/sqlite-jdbc/3.25.2/sqlite-jdbc-3.25.2.jar:/home/user/.m2/repository/org/springframework/spring-jdbc/5.1.3.RELEASE/spring-jdbc-5.1.3.RELEASE.jar:/home/user/.m2/repository/org/springframework/spring-beans/5.1.3.RELEASE/spring-beans-5.1.3.RELEASE.jar:/home/user/.m2/repository/org/springframework/spring-core/5.1.3.RELEASE/spring-core-5.1.3.RELEASE.jar:/home/user/.m2/repository/org/springframework/spring-jcl/5.1.3.RELEASE/spring-jcl-5.1.3.RELEASE.jar:/home/user/.m2/repository/org/springframework/spring-tx/5.1.3.RELEASE/spring-tx-5.1.3.RELEASE.jar:/home/user/.m2/repository/org/apache/hadoop/hadoop-ozone-client/0.5.0-SNAPSHOT/hadoop-ozone-client-0.5.0-SNAPSHOT.jar:/home/user/.m2/repository/commons-lang/commons-lang/2.6/commons-lang-2.6.jar:/home/user/.m2/repository/org/apache/hadoop/hadoop-ozone-ozone-manager/0.5.0-SNAPSHOT/hadoop-ozone-ozone-manager-0.5.0-SNAPSHOT-tests.jar:/home/user/.m2/repository/junit/junit/4.11/junit-4.11.jar:/home/user/.m2/repository/org/hamcrest/hamcrest-core/1.3/hamcrest-core-1.3.jar:/home/user/.m2/repository/org/openjdk/jmh/jmh-core/1.19/jmh-core-1.19.jar:/home/user/.m2/repository/net/sf/jopt-simple/jopt-simple/4.6/jopt-simple-4.6.jar:/home/user/.m2/repository/org/apache/commons/commons-math3/3.1.1/commons-math3-3.1.1.jar:/home/user/.m2/repository/org/openjdk/jmh/jmh-generator-annprocess/1.19/jmh-generator-annprocess-1.19.jar:/home/user/.m2/repository/org/mockito/mockito-all/1.8.5/mockito-all-1.8.5.jar:/home/user/.m2/repository/org/apache/hadoop/hadoop-kms/3.2.0/hadoop-kms-3.2.0.jar:/home/user/.m2/repository/org/apache/hadoop/hadoop-auth/3.2.0/hadoop-auth-3.2.0.jar:/home/user/.m2/repository/com/nimbusds/nimbus-jose-jwt/4.41.1/nimbus-jose-jwt-4.41.1.jar:/home/user/.m2/repository/com/github/stephenc/jcip/jcip-annotations/1.0-1/jcip-annotations-1.0-1.jar:/home/user/.m2/repository/net/minidev/json-smart/2.3/json-smart-2.3.jar:/home/user/.m2/repository/net/minidev/accessors-smart/1.2/accessors-smart-1.2.jar:/home/user/.m2/repository/org/ow2/asm/asm/5.0.4/asm-5.0.4.jar:/home/user/.m2/repository/org/apache/curator/curator-framework/2.12.0/curator-framework-2.12.0.jar:/home/user/.m2/repository/com/sun/jersey/jersey-core/1.19/jersey-core-1.19.jar:/home/user/.m2/repository/javax/ws/rs/jsr311-api/1.1.1/jsr311-api-1.1.1.jar:/home/user/.m2/repository/com/sun/jersey/jersey-server/1.19/jersey-server-1.19.jar:/home/user/.m2/repository/javax/servlet/javax.servlet-api/3.1.0/javax.servlet-api-3.1.0.jar:/home/user/.m2/repository/org/eclipse/jetty/jetty-server/9.3.25.v20180904/jetty-server-9.3.25.v20180904.jar:/home/user/.m2/repository/org/eclipse/jetty/jetty-http/9.3.25.v20180904/jetty-http-9.3.25.v20180904.jar:/home/user/.m2/repository/org/eclipse/jetty/jetty-io/9.3.25.v20180904/jetty-io-9.3.25.v20180904.jar:/home/user/.m2/repository/org/eclipse/jetty/jetty-webapp/9.3.25.v20180904/jetty-webapp-9.3.25.v20180904.jar:/home/user/.m2/repository/org/eclipse/jetty/jetty-xml/9.3.25.v20180904/jetty-xml-9.3.25.v20180904.jar:/home/user/.m2/repository/log4j/log4j/1.2.17/log4j-1.2.17.jar:/home/user/.m2/repository/org/slf4j/slf4j-api/1.7.25/slf4j-api-1.7.25.jar:/home/user/.m2/repository/org/slf4j/jul-to-slf4j/1.7.25/jul-to-slf4j-1.7.25.jar:/home/user/.m2/repository/org/eclipse/jetty/jetty-util/9.3.25.v20180904/jetty-util-9.3.25.v20180904.jar:/home/user/.m2/repository/com/fasterxml/jackson/core/jackson-databind/2.9.9/jackson-databind-2.9.9.jar:/home/user/.m2/repository/org/apache/hadoop/hadoop-kms/3.2.0/hadoop-kms-3.2.0-tests.jar:/home/user/.m2/repository/org/apache/hadoop/hadoop-hdds-server-scm/0.5.0-SNAPSHOT/hadoop-hdds-server-scm-0.5.0-SNAPSHOT-tests.jar:/home/user/.m2/repository/org/apache/hadoop/hadoop-hdds-container-service/0.5.0-SNAPSHOT/hadoop-hdds-container-service-0.5.0-SNAPSHOT-tests.jar:/home/user/.m2/repository/org/yaml/snakeyaml/1.16/snakeyaml-1.16.jar:/home/user/.m2/repository/org/apache/hadoop/hadoop-common/3.2.0/hadoop-common-3.2.0-tests.jar:/home/user/.m2/repository/org/apache/hadoop/hadoop-annotations/3.2.0/hadoop-annotations-3.2.0.jar:/usr/lib/jvm/java-1.8.0-openjdk-1.8.0.222.b10-1.el7_7.x86_64/jre/../lib/tools.jar:/home/user/.m2/repository/commons-cli/commons-cli/1.2/commons-cli-1.2.jar:/home/user/.m2/repository/org/apache/httpcomponents/httpclient/4.5.2/httpclient-4.5.2.jar:/home/user/.m2/repository/org/apache/httpcomponents/httpcore/4.4.4/httpcore-4.4.4.jar:/home/user/.m2/repository/commons-codec/commons-codec/1.11/commons-codec-1.11.jar:/home/user/.m2/repository/commons-net/commons-net/3.6/commons-net-3.6.jar:/home/user/.m2/repository/commons-collections/commons-collections/3.2.2/commons-collections-3.2.2.jar:/home/user/.m2/repository/org/eclipse/jetty/jetty-servlet/9.3.25.v20180904/jetty-servlet-9.3.25.v20180904.jar:/home/user/.m2/repository/org/eclipse/jetty/jetty-security/9.3.25.v20180904/jetty-security-9.3.25.v20180904.jar:/home/user/.m2/repository/javax/servlet/jsp/jsp-api/2.1/jsp-api-2.1.jar:/home/user/.m2/repository/com/sun/jersey/jersey-servlet/1.19/jersey-servlet-1.19.jar:/home/user/.m2/repository/com/sun/jersey/jersey-json/1.19/jersey-json-1.19.jar:/home/user/.m2/repository/org/codehaus/jettison/jettison/1.1/jettison-1.1.jar:/home/user/.m2/repository/org/codehaus/jackson/jackson-core-asl/1.9.13/jackson-core-asl-1.9.13.jar:/home/user/.m2/repository/org/codehaus/jackson/jackson-mapper-asl/1.9.13/jackson-mapper-asl-1.9.13.jar:/home/user/.m2/repository/org/codehaus/jackson/jackson-jaxrs/1.9.13/jackson-jaxrs-1.9.13.jar:/home/user/.m2/repository/org/codehaus/jackson/jackson-xc/1.9.13/jackson-xc-1.9.13.jar:/home/user/.m2/repository/commons-logging/commons-logging/1.1.3/commons-logging-1.1.3.jar:/home/user/.m2/repository/commons-beanutils/commons-beanutils/1.9.4/commons-beanutils-1.9.4.jar:/home/user/.m2/repository/org/apache/commons/commons-configuration2/2.1.1/commons-configuration2-2.1.1.jar:/home/user/.m2/repository/org/apache/commons/commons-lang3/3.7/commons-lang3-3.7.jar:/home/user/.m2/repository/org/apache/commons/commons-text/1.4/commons-text-1.4.jar:/home/user/.m2/repository/org/apache/avro/avro/1.7.7/avro-1.7.7.jar:/home/user/.m2/repository/com/thoughtworks/paranamer/paranamer/2.3/paranamer-2.3.jar:/home/user/.m2/repository/org/xerial/snappy/snappy-java/1.0.5/snappy-java-1.0.5.jar:/home/user/.m2/repository/com/google/re2j/re2j/1.1/re2j-1.1.jar:/home/user/.m2/repository/com/google/code/gson/gson/2.2.4/gson-2.2.4.jar:/home/user/.m2/repository/com/jcraft/jsch/0.1.54/jsch-0.1.54.jar:/home/user/.m2/repository/org/apache/curator/curator-client/2.12.0/curator-client-2.12.0.jar:/home/user/.m2/repository/org/apache/curator/curator-recipes/2.12.0/curator-recipes-2.12.0.jar:/home/user/.m2/repository/com/google/code/findbugs/jsr305/3.0.0/jsr305-3.0.0.jar:/home/user/.m2/repository/org/apache/htrace/htrace-core4/4.1.0-incubating/htrace-core4-4.1.0-incubating.jar:/home/user/.m2/repository/org/apache/zookeeper/zookeeper/3.4.13/zookeeper-3.4.13.jar:/home/user/.m2/repository/jline/jline/0.9.94/jline-0.9.94.jar:/home/user/.m2/repository/org/apache/yetus/audience-annotations/0.5.0/audience-annotations-0.5.0.jar:/home/user/.m2/repository/org/codehaus/woodstox/stax2-api/3.1.4/stax2-api-3.1.4.jar:/home/user/.m2/repository/com/fasterxml/woodstox/woodstox-core/5.0.3/woodstox-core-5.0.3.jar:/home/user/.m2/repository/dnsjava/dnsjava/2.1.7/dnsjava-2.1.7.jar:/home/user/.m2/repository/org/apache/hadoop/hadoop-hdfs/3.2.0/hadoop-hdfs-3.2.0-tests.jar:/home/user/.m2/repository/org/eclipse/jetty/jetty-util-ajax/9.3.25.v20180904/jetty-util-ajax-9.3.25.v20180904.jar:/home/user/.m2/repository/commons-daemon/commons-daemon/1.0.13/commons-daemon-1.0.13.jar:/home/user/.m2/repository/io/netty/netty/3.10.5.Final/netty-3.10.5.Final.jar:/home/user/.m2/repository/io/netty/netty-all/4.0.52.Final/netty-all-4.0.52.Final.jar:/home/user/.m2/repository/org/fusesource/leveldbjni/leveldbjni-all/1.8/leveldbjni-all-1.8.jar:"/>
    <property name="sun.cpu.endian" value="little"/>
    <property name="user.home" value="/home/user"/>
    <property name="user.language" value="en"/>
    <property name="java.specification.vendor" value="Oracle Corporation"/>
    <property name="java.home" value="/usr/lib/jvm/java-1.8.0-openjdk-1.8.0.222.b10-1.el7_7.x86_64/jre"/>
    <property name="surefire.excludesFile" value="/tools/ozone-bad-unit-tests"/>
    <property name="java.security.krb5.conf" value="/workdir/hadoop-ozone/integration-test/target/test-classes/krb5.conf"/>
    <property name="basedir" value="/workdir/hadoop-ozone/integration-test"/>
    <property name="file.separator" value="/"/>
    <property name="line.separator" value="&#10;"/>
    <property name="java.vm.specification.vendor" value="Oracle Corporation"/>
    <property name="java.specification.name" value="Java Platform API Specification"/>
    <property name="java.awt.graphicsenv" value="sun.awt.X11GraphicsEnvironment"/>
    <property name="surefire.real.class.path" value="/workdir/hadoop-ozone/integration-test/target/surefire/surefirebooter3201977634939681217.jar"/>
    <property name="hadoop.log.dir" value="/workdir/hadoop-ozone/integration-test/target/log"/>
    <property name="sun.boot.class.path" value="/usr/lib/jvm/java-1.8.0-openjdk-1.8.0.222.b10-1.el7_7.x86_64/jre/lib/resources.jar:/usr/lib/jvm/java-1.8.0-openjdk-1.8.0.222.b10-1.el7_7.x86_64/jre/lib/rt.jar:/usr/lib/jvm/java-1.8.0-openjdk-1.8.0.222.b10-1.el7_7.x86_64/jre/lib/sunrsasign.jar:/usr/lib/jvm/java-1.8.0-openjdk-1.8.0.222.b10-1.el7_7.x86_64/jre/lib/jsse.jar:/usr/lib/jvm/java-1.8.0-openjdk-1.8.0.222.b10-1.el7_7.x86_64/jre/lib/jce.jar:/usr/lib/jvm/java-1.8.0-openjdk-1.8.0.222.b10-1.el7_7.x86_64/jre/lib/charsets.jar:/usr/lib/jvm/java-1.8.0-openjdk-1.8.0.222.b10-1.el7_7.x86_64/jre/lib/jfr.jar:/usr/lib/jvm/java-1.8.0-openjdk-1.8.0.222.b10-1.el7_7.x86_64/jre/classes"/>
    <property name="sun.management.compiler" value="HotSpot 64-Bit Tiered Compilers"/>
    <property name="java.runtime.version" value="1.8.0_222-b10"/>
    <property name="java.net.preferIPv4Stack" value="true"/>
    <property name="user.name" value="jenkins1000"/>
    <property name="path.separator" value=":"/>
    <property name="java.security.egd" value="file:///dev/urandom"/>
    <property name="os.version" value="3.10.0-957.12.2.el7.x86_64"/>
    <property name="java.endorsed.dirs" value="/usr/lib/jvm/java-1.8.0-openjdk-1.8.0.222.b10-1.el7_7.x86_64/jre/lib/endorsed"/>
    <property name="java.runtime.name" value="OpenJDK Runtime Environment"/>
    <property name="file.encoding" value="ANSI_X3.4-1968"/>
    <property name="java.vm.name" value="OpenJDK 64-Bit Server VM"/>
    <property name="test.build.webapps" value=""/>
    <property name="localRepository" value="/home/user/.m2/repository"/>
    <property name="java.vendor.url.bug" value="http://bugreport.sun.com/bugreport/"/>
    <property name="java.io.tmpdir" value="/tmp"/>
    <property name="require.test.libhadoop" value=""/>
    <property name="java.version" value="1.8.0_222"/>
    <property name="user.dir" value="/workdir/hadoop-ozone/integration-test"/>
    <property name="os.arch" value="amd64"/>
    <property name="java.vm.specification.name" value="Java Virtual Machine Specification"/>
    <property name="test.build.classes" value="/workdir/hadoop-ozone/integration-test/target/test-classes"/>
    <property name="java.awt.printerjob" value="sun.print.PSPrinterJob"/>
    <property name="sun.os.patch.level" value="unknown"/>
    <property name="hadoop.tmp.dir" value="/workdir/hadoop-ozone/integration-test/target/tmp"/>
    <property name="java.library.path" value="/usr/lib:/workdir/hadoop-ozone/integration-test/target/native/target/usr/local/lib:/workdir/hadoop-ozone/integration-test/../../hadoop-common-project/hadoop-common/target/native/target/usr/local/lib:/usr/java/packages/lib/amd64:/usr/lib64:/lib64:/lib:/usr/lib"/>
    <property name="java.vm.info" value="mixed mode"/>
    <property name="java.vendor" value="Oracle Corporation"/>
    <property name="java.vm.version" value="25.222-b10"/>
    <property name="java.ext.dirs" value="/usr/lib/jvm/java-1.8.0-openjdk-1.8.0.222.b10-1.el7_7.x86_64/jre/lib/ext:/usr/java/packages/lib/ext"/>
    <property name="sun.io.unicode.encoding" value="UnicodeLittle"/>
    <property name="java.class.version" value="52.0"/>
  </properties>
  <testcase name="testDeleteKeyWithSlowFollower" classname="org.apache.hadoop.ozone.client.rpc.TestDeleteWithSlowFollower" time="112.323">
    <failure type="java.lang.AssertionError">java.lang.AssertionError
	at org.junit.Assert.fail(Assert.java:86)
	at org.junit.Assert.assertTrue(Assert.java:41)
	at org.junit.Assert.assertTrue(Assert.java:52)
	at org.apache.hadoop.ozone.client.rpc.TestDeleteWithSlowFollower.testDeleteKeyWithSlowFollower(TestDeleteWithSlowFollower.java:265)
	at sun.reflect.NativeMethodAccessorImpl.invoke0(Native Method)
	at sun.reflect.NativeMethodAccessorImpl.invoke(NativeMethodAccessorImpl.java:62)
	at sun.reflect.DelegatingMethodAccessorImpl.invoke(DelegatingMethodAccessorImpl.java:43)
	at java.lang.reflect.Method.invoke(Method.java:498)
	at org.junit.runners.model.FrameworkMethod$1.runReflectiveCall(FrameworkMethod.java:47)
	at org.junit.internal.runners.model.ReflectiveCallable.run(ReflectiveCallable.java:12)
	at org.junit.runners.model.FrameworkMethod.invokeExplosively(FrameworkMethod.java:44)
	at org.junit.internal.runners.statements.InvokeMethod.evaluate(InvokeMethod.java:17)
	at org.junit.runners.ParentRunner.runLeaf(ParentRunner.java:271)
	at org.junit.runners.BlockJUnit4ClassRunner.runChild(BlockJUnit4ClassRunner.java:70)
	at org.junit.runners.BlockJUnit4ClassRunner.runChild(BlockJUnit4ClassRunner.java:50)
	at org.junit.runners.ParentRunner$3.run(ParentRunner.java:238)
	at org.junit.runners.ParentRunner$1.schedule(ParentRunner.java:63)
	at org.junit.runners.ParentRunner.runChildren(ParentRunner.java:236)
	at org.junit.runners.ParentRunner.access$000(ParentRunner.java:53)
	at org.junit.runners.ParentRunner$2.evaluate(ParentRunner.java:229)
	at org.junit.internal.runners.statements.RunBefores.evaluate(RunBefores.java:26)
	at org.junit.internal.runners.statements.RunAfters.evaluate(RunAfters.java:27)
	at org.junit.runners.ParentRunner.run(ParentRunner.java:309)
	at org.apache.maven.surefire.junit4.JUnit4Provider.execute(JUnit4Provider.java:365)
	at org.apache.maven.surefire.junit4.JUnit4Provider.executeWithRerun(JUnit4Provider.java:273)
	at org.apache.maven.surefire.junit4.JUnit4Provider.executeTestSet(JUnit4Provider.java:238)
	at org.apache.maven.surefire.junit4.JUnit4Provider.invoke(JUnit4Provider.java:159)
	at org.apache.maven.surefire.booter.ForkedBooter.invokeProviderInSameClassLoader(ForkedBooter.java:384)
	at org.apache.maven.surefire.booter.ForkedBooter.runSuitesInProcess(ForkedBooter.java:345)
	at org.apache.maven.surefire.booter.ForkedBooter.execute(ForkedBooter.java:126)
	at org.apache.maven.surefire.booter.ForkedBooter.main(ForkedBooter.java:418)
</failure>
    <system-out><![CDATA[2019-11-05 11:07:43,438 [main] WARN  server.ServerUtils (ServerUtils.java:getScmDbDir(145)) - ozone.scm.db.dirs is not configured. We recommend adding this setting. Falling back to ozone.metadata.dirs instead.
2019-11-05 11:07:43,643 [main] WARN  server.ServerUtils (ServerUtils.java:getScmDbDir(145)) - ozone.scm.db.dirs is not configured. We recommend adding this setting. Falling back to ozone.metadata.dirs instead.
2019-11-05 11:07:43,648 [main] WARN  server.ServerUtils (ServerUtils.java:getScmDbDir(145)) - ozone.scm.db.dirs is not configured. We recommend adding this setting. Falling back to ozone.metadata.dirs instead.
2019-11-05 11:07:43,688 [main] INFO  util.log (Log.java:initialized(192)) - Logging initialized @1302ms
2019-11-05 11:07:43,821 [main] INFO  db.DBStoreBuilder (DBStoreBuilder.java:addTable(117)) - using custom profile for table: deletedBlocks
2019-11-05 11:07:43,822 [main] INFO  db.DBStoreBuilder (DBStoreBuilder.java:processTables(168)) - Using default column profile:DBProfile.DISK for Table:deletedBlocks
2019-11-05 11:07:43,823 [main] INFO  db.DBStoreBuilder (DBStoreBuilder.java:addTable(117)) - using custom profile for table: validCerts
2019-11-05 11:07:43,824 [main] INFO  db.DBStoreBuilder (DBStoreBuilder.java:processTables(168)) - Using default column profile:DBProfile.DISK for Table:validCerts
2019-11-05 11:07:43,825 [main] INFO  db.DBStoreBuilder (DBStoreBuilder.java:addTable(117)) - using custom profile for table: revokedCerts
2019-11-05 11:07:43,825 [main] INFO  db.DBStoreBuilder (DBStoreBuilder.java:processTables(168)) - Using default column profile:DBProfile.DISK for Table:revokedCerts
2019-11-05 11:07:43,838 [main] INFO  db.DBStoreBuilder (DBStoreBuilder.java:addTable(117)) - using custom profile for table: default
2019-11-05 11:07:43,839 [main] INFO  db.DBStoreBuilder (DBStoreBuilder.java:processTables(174)) - Using default column profile:DBProfile.DISK for Table:default
2019-11-05 11:07:43,840 [main] INFO  db.DBStoreBuilder (DBStoreBuilder.java:getDbProfile(205)) - Using default options. DBProfile.DISK
2019-11-05 11:07:44,112 [main] INFO  net.NodeSchemaLoader (NodeSchemaLoader.java:loadSchemaFromFile(125)) - Loading file from sun.misc.CompoundEnumeration@74235045
2019-11-05 11:07:44,115 [main] INFO  net.NodeSchemaLoader (NodeSchemaLoader.java:loadSchema(171)) - Loading network topology layer schema file
2019-11-05 11:07:44,199 [main] WARN  server.ServerUtils (ServerUtils.java:sanitizeUserArgs(70)) - ozone.scm.stale.node.interval value = 1000000 is larger than max = 100000 based on the key value of ozone.scm.heartbeat.thread.interval, reset to the max value 100000.
2019-11-05 11:07:44,201 [main] WARN  server.ServerUtils (ServerUtils.java:sanitizeUserArgs(70)) - ozone.scm.stale.node.interval value = 1000000 is larger than max = 100000 based on the key value of ozone.scm.heartbeat.thread.interval, reset to the max value 100000.
2019-11-05 11:07:44,244 [main] INFO  node.SCMNodeManager (SCMNodeManager.java:<init>(116)) - Entering startup safe mode.
2019-11-05 11:07:44,395 [main] INFO  algorithms.ContainerPlacementPolicyFactory (ContainerPlacementPolicyFactory.java:getPolicy(57)) - Create container placement policy of type org.apache.hadoop.hdds.scm.container.placement.algorithms.SCMContainerPlacementRandom
2019-11-05 11:07:44,410 [main] WARN  server.ServerUtils (ServerUtils.java:getScmDbDir(145)) - ozone.scm.db.dirs is not configured. We recommend adding this setting. Falling back to ozone.metadata.dirs instead.
2019-11-05 11:07:44,507 [main] INFO  pipeline.SCMPipelineManager (SCMPipelineManager.java:initializePipelineState(132)) - No pipeline exists in current db
2019-11-05 11:07:44,511 [main] WARN  server.ServerUtils (ServerUtils.java:getScmDbDir(145)) - ozone.scm.db.dirs is not configured. We recommend adding this setting. Falling back to ozone.metadata.dirs instead.
2019-11-05 11:07:44,662 [main] WARN  events.EventQueue (EventQueue.java:fireEvent(183)) - No event handler registered for event TypedEvent{payloadType=SafeModeStatus, name='SafeModeStatus'}
2019-11-05 11:07:45,113 [main] INFO  ipc.CallQueueManager (CallQueueManager.java:<init>(84)) - Using callQueue: class java.util.concurrent.LinkedBlockingQueue, queueCapacity: 2000, scheduler: class org.apache.hadoop.ipc.DefaultRpcScheduler, ipcBackoff: false.
2019-11-05 11:07:45,230 [Socket Reader #1 for port 37223] INFO  ipc.Server (Server.java:run(1074)) - Starting Socket Reader #1 for port 37223
2019-11-05 11:07:45,267 [main] INFO  ipc.CallQueueManager (CallQueueManager.java:<init>(84)) - Using callQueue: class java.util.concurrent.LinkedBlockingQueue, queueCapacity: 2000, scheduler: class org.apache.hadoop.ipc.DefaultRpcScheduler, ipcBackoff: false.
2019-11-05 11:07:45,268 [Socket Reader #1 for port 45957] INFO  ipc.Server (Server.java:run(1074)) - Starting Socket Reader #1 for port 45957
2019-11-05 11:07:45,282 [main] INFO  ipc.CallQueueManager (CallQueueManager.java:<init>(84)) - Using callQueue: class java.util.concurrent.LinkedBlockingQueue, queueCapacity: 2000, scheduler: class org.apache.hadoop.ipc.DefaultRpcScheduler, ipcBackoff: false.
2019-11-05 11:07:45,283 [Socket Reader #1 for port 42225] INFO  ipc.Server (Server.java:run(1074)) - Starting Socket Reader #1 for port 42225
2019-11-05 11:07:45,317 [main] INFO  hdfs.DFSUtil (DFSUtil.java:httpServerTemplateForNNAndJN(1641)) - Starting Web-server for scm at: http://0.0.0.0:0
2019-11-05 11:07:45,539 [main] INFO  server.AuthenticationFilter (AuthenticationFilter.java:constructSecretProvider(240)) - Unable to initialize FileSignerSecretProvider, falling back to use random secrets.
2019-11-05 11:07:45,550 [main] WARN  http.HttpRequestLog (HttpRequestLog.java:getRequestLog(97)) - Jetty request log can only be enabled using Log4j
2019-11-05 11:07:45,561 [main] INFO  http.HttpServer2 (HttpServer2.java:addGlobalFilter(975)) - Added global filter 'safety' (class=org.apache.hadoop.http.HttpServer2$QuotingInputFilter)
2019-11-05 11:07:45,566 [main] INFO  http.HttpServer2 (HttpServer2.java:addFilter(948)) - Added filter static_user_filter (class=org.apache.hadoop.http.lib.StaticUserWebFilter$StaticUserFilter) to context scm
2019-11-05 11:07:45,566 [main] INFO  http.HttpServer2 (HttpServer2.java:addFilter(958)) - Added filter static_user_filter (class=org.apache.hadoop.http.lib.StaticUserWebFilter$StaticUserFilter) to context static
2019-11-05 11:07:45,566 [main] INFO  http.HttpServer2 (HttpServer2.java:addFilter(958)) - Added filter static_user_filter (class=org.apache.hadoop.http.lib.StaticUserWebFilter$StaticUserFilter) to context logs
2019-11-05 11:07:45,619 [main] INFO  server.StorageContainerManager (StorageContainerManager.java:start(772)) - StorageContainerLocationProtocol RPC server is listening at /0.0.0.0:42225
2019-11-05 11:07:45,696 [main] WARN  impl.MetricsConfig (MetricsConfig.java:loadFirst(134)) - Cannot locate configuration: tried hadoop-metrics2-storagecontainermanager.properties,hadoop-metrics2.properties
2019-11-05 11:07:45,717 [main] INFO  impl.MetricsSystemImpl (MetricsSystemImpl.java:startTimer(374)) - Scheduled Metric snapshot period at 10 second(s).
2019-11-05 11:07:45,717 [main] INFO  impl.MetricsSystemImpl (MetricsSystemImpl.java:start(191)) - StorageContainerManager metrics system started
2019-11-05 11:07:46,129 [main] INFO  server.SCMClientProtocolServer (SCMClientProtocolServer.java:start(159)) - RPC server for Client  is listening at /0.0.0.0:42225
2019-11-05 11:07:46,153 [IPC Server listener on 42225] INFO  ipc.Server (Server.java:run(1153)) - IPC Server listener on 42225: starting
2019-11-05 11:07:46,157 [IPC Server Responder] INFO  ipc.Server (Server.java:run(1314)) - IPC Server Responder: starting
2019-11-05 11:07:46,195 [main] INFO  server.StorageContainerManager (StorageContainerManager.java:start(782)) - ScmBlockLocationProtocol RPC server is listening at /0.0.0.0:45957
2019-11-05 11:07:46,215 [main] INFO  server.SCMBlockProtocolServer (SCMBlockProtocolServer.java:start(146)) - RPC server for Block Protocol is listening at /0.0.0.0:45957
2019-11-05 11:07:46,239 [IPC Server Responder] INFO  ipc.Server (Server.java:run(1314)) - IPC Server Responder: starting
2019-11-05 11:07:46,239 [IPC Server listener on 45957] INFO  ipc.Server (Server.java:run(1153)) - IPC Server listener on 45957: starting
2019-11-05 11:07:46,277 [main] INFO  server.StorageContainerManager (StorageContainerManager.java:start(786)) - ScmDatanodeProtocl RPC server is listening at /0.0.0.0:37223
2019-11-05 11:07:46,278 [main] INFO  server.SCMDatanodeProtocolServer (SCMDatanodeProtocolServer.java:start(169)) - RPC server for DataNodes is listening at /0.0.0.0:37223
2019-11-05 11:07:46,285 [IPC Server listener on 37223] INFO  ipc.Server (Server.java:run(1153)) - IPC Server listener on 37223: starting
2019-11-05 11:07:46,285 [IPC Server Responder] INFO  ipc.Server (Server.java:run(1314)) - IPC Server Responder: starting
2019-11-05 11:07:46,289 [main] INFO  http.HttpServer2 (HttpServer2.java:bindListener(1191)) - Jetty bound to port 41535
2019-11-05 11:07:46,291 [main] INFO  server.Server (Server.java:doStart(351)) - jetty-9.3.25.v20180904, build timestamp: 2018-09-04T21:11:46Z, git hash: 3ce520221d0240229c862b122d2b06c12a625732
2019-11-05 11:07:46,336 [main] INFO  handler.ContextHandler (ContextHandler.java:doStart(781)) - Started o.e.j.s.ServletContextHandler@65fe9e33{/logs,file:///workdir/hadoop-ozone/integration-test/target/log,AVAILABLE}
2019-11-05 11:07:46,337 [main] INFO  handler.ContextHandler (ContextHandler.java:doStart(781)) - Started o.e.j.s.ServletContextHandler@42f8285e{/static,file:///workdir/hadoop-ozone/integration-test/target/test-classes/webapps/static,AVAILABLE}
2019-11-05 11:07:46,385 [main] INFO  handler.ContextHandler (ContextHandler.java:doStart(781)) - Started o.e.j.w.WebAppContext@3d6300e8{/,file:///workdir/hadoop-ozone/integration-test/target/test-classes/webapps/scm/,AVAILABLE}{/scm}
2019-11-05 11:07:46,394 [main] INFO  server.AbstractConnector (AbstractConnector.java:doStart(278)) - Started ServerConnector@3af4e0bf{HTTP/1.1,[http/1.1]}{0.0.0.0:41535}
2019-11-05 11:07:46,395 [main] INFO  server.Server (Server.java:doStart(419)) - Started @4008ms
2019-11-05 11:07:46,398 [main] INFO  impl.MetricsSinkAdapter (MetricsSinkAdapter.java:start(204)) - Sink prometheus started
2019-11-05 11:07:46,398 [main] INFO  impl.MetricsSystemImpl (MetricsSystemImpl.java:registerSink(301)) - Registered sink prometheus
2019-11-05 11:07:46,400 [main] INFO  server.BaseHttpServer (BaseHttpServer.java:updateConnectorAddress(215)) - HTTP server of SCM is listening at http://0.0.0.0:41535
2019-11-05 11:07:46,405 [org.apache.hadoop.util.JvmPauseMonitor$Monitor@1a2e2935] INFO  util.JvmPauseMonitor (JvmPauseMonitor.java:run(188)) - Starting JVM pause monitor
2019-11-05 11:07:46,408 [main] WARN  server.ServerUtils (ServerUtils.java:getDBPath(222)) - ozone.om.db.dirs is not configured. We recommend adding this setting. Falling back to ozone.metadata.dirs instead.
2019-11-05 11:07:46,559 [main] INFO  ha.OMHANodeDetails (OMHANodeDetails.java:loadOMHAConfig(190)) - Configuration either no ozone.om.address set. Falling back to the default OM address /127.0.0.1:0
2019-11-05 11:07:46,560 [main] INFO  ha.OMHANodeDetails (OMHANodeDetails.java:getOMNodeDetails(220)) - OM Service ID is not set. Setting it to the default ID: omServiceIdDefault
2019-11-05 11:07:46,562 [main] WARN  server.ServerUtils (ServerUtils.java:getDBPath(222)) - ozone.om.db.dirs is not configured. We recommend adding this setting. Falling back to ozone.metadata.dirs instead.
2019-11-05 11:07:46,563 [main] WARN  server.ServerUtils (ServerUtils.java:getDBPath(222)) - ozone.om.db.dirs is not configured. We recommend adding this setting. Falling back to ozone.metadata.dirs instead.
2019-11-05 11:07:47,371 [main] WARN  server.ServerUtils (ServerUtils.java:getDBPath(222)) - ozone.om.db.dirs is not configured. We recommend adding this setting. Falling back to ozone.metadata.dirs instead.
2019-11-05 11:07:47,379 [main] INFO  db.DBStoreBuilder (DBStoreBuilder.java:addTable(117)) - using custom profile for table: userTable
2019-11-05 11:07:47,379 [main] INFO  db.DBStoreBuilder (DBStoreBuilder.java:processTables(168)) - Using default column profile:DBProfile.DISK for Table:userTable
2019-11-05 11:07:47,379 [main] INFO  db.DBStoreBuilder (DBStoreBuilder.java:addTable(117)) - using custom profile for table: volumeTable
2019-11-05 11:07:47,379 [main] INFO  db.DBStoreBuilder (DBStoreBuilder.java:processTables(168)) - Using default column profile:DBProfile.DISK for Table:volumeTable
2019-11-05 11:07:47,380 [main] INFO  db.DBStoreBuilder (DBStoreBuilder.java:addTable(117)) - using custom profile for table: bucketTable
2019-11-05 11:07:47,380 [main] INFO  db.DBStoreBuilder (DBStoreBuilder.java:processTables(168)) - Using default column profile:DBProfile.DISK for Table:bucketTable
2019-11-05 11:07:47,380 [main] INFO  db.DBStoreBuilder (DBStoreBuilder.java:addTable(117)) - using custom profile for table: keyTable
2019-11-05 11:07:47,380 [main] INFO  db.DBStoreBuilder (DBStoreBuilder.java:processTables(168)) - Using default column profile:DBProfile.DISK for Table:keyTable
2019-11-05 11:07:47,380 [main] INFO  db.DBStoreBuilder (DBStoreBuilder.java:addTable(117)) - using custom profile for table: deletedTable
2019-11-05 11:07:47,381 [main] INFO  db.DBStoreBuilder (DBStoreBuilder.java:processTables(168)) - Using default column profile:DBProfile.DISK for Table:deletedTable
2019-11-05 11:07:47,381 [main] INFO  db.DBStoreBuilder (DBStoreBuilder.java:addTable(117)) - using custom profile for table: openKeyTable
2019-11-05 11:07:47,381 [main] INFO  db.DBStoreBuilder (DBStoreBuilder.java:processTables(168)) - Using default column profile:DBProfile.DISK for Table:openKeyTable
2019-11-05 11:07:47,381 [main] INFO  db.DBStoreBuilder (DBStoreBuilder.java:addTable(117)) - using custom profile for table: s3Table
2019-11-05 11:07:47,381 [main] INFO  db.DBStoreBuilder (DBStoreBuilder.java:processTables(168)) - Using default column profile:DBProfile.DISK for Table:s3Table
2019-11-05 11:07:47,382 [main] INFO  db.DBStoreBuilder (DBStoreBuilder.java:addTable(117)) - using custom profile for table: multipartInfoTable
2019-11-05 11:07:47,382 [main] INFO  db.DBStoreBuilder (DBStoreBuilder.java:processTables(168)) - Using default column profile:DBProfile.DISK for Table:multipartInfoTable
2019-11-05 11:07:47,382 [main] INFO  db.DBStoreBuilder (DBStoreBuilder.java:addTable(117)) - using custom profile for table: dTokenTable
2019-11-05 11:07:47,382 [main] INFO  db.DBStoreBuilder (DBStoreBuilder.java:processTables(168)) - Using default column profile:DBProfile.DISK for Table:dTokenTable
2019-11-05 11:07:47,383 [main] INFO  db.DBStoreBuilder (DBStoreBuilder.java:addTable(117)) - using custom profile for table: s3SecretTable
2019-11-05 11:07:47,383 [main] INFO  db.DBStoreBuilder (DBStoreBuilder.java:processTables(168)) - Using default column profile:DBProfile.DISK for Table:s3SecretTable
2019-11-05 11:07:47,383 [main] INFO  db.DBStoreBuilder (DBStoreBuilder.java:addTable(117)) - using custom profile for table: prefixTable
2019-11-05 11:07:47,383 [main] INFO  db.DBStoreBuilder (DBStoreBuilder.java:processTables(168)) - Using default column profile:DBProfile.DISK for Table:prefixTable
2019-11-05 11:07:47,384 [main] INFO  db.DBStoreBuilder (DBStoreBuilder.java:addTable(117)) - using custom profile for table: default
2019-11-05 11:07:47,384 [main] INFO  db.DBStoreBuilder (DBStoreBuilder.java:processTables(174)) - Using default column profile:DBProfile.DISK for Table:default
2019-11-05 11:07:47,384 [main] INFO  db.DBStoreBuilder (DBStoreBuilder.java:getDbProfile(205)) - Using default options. DBProfile.DISK
2019-11-05 11:07:47,915 [main] INFO  ipc.CallQueueManager (CallQueueManager.java:<init>(84)) - Using callQueue: class java.util.concurrent.LinkedBlockingQueue, queueCapacity: 2000, scheduler: class org.apache.hadoop.ipc.DefaultRpcScheduler, ipcBackoff: false.
2019-11-05 11:07:47,939 [Socket Reader #1 for port 45437] INFO  ipc.Server (Server.java:run(1074)) - Starting Socket Reader #1 for port 45437
2019-11-05 11:07:47,963 [main] INFO  om.OzoneManager (OzoneManager.java:start(1074)) - OzoneManager RPC server is listening at localhost/127.0.0.1:45437
2019-11-05 11:07:47,963 [main] INFO  impl.MetricsSystemImpl (MetricsSystemImpl.java:init(158)) - OzoneManager metrics system started (again)
2019-11-05 11:07:47,980 [IPC Server Responder] INFO  ipc.Server (Server.java:run(1314)) - IPC Server Responder: starting
2019-11-05 11:07:47,984 [IPC Server listener on 45437] INFO  ipc.Server (Server.java:run(1153)) - IPC Server listener on 45437: starting
2019-11-05 11:07:47,998 [main] INFO  hdfs.DFSUtil (DFSUtil.java:httpServerTemplateForNNAndJN(1641)) - Starting Web-server for ozoneManager at: http://0.0.0.0:0
2019-11-05 11:07:48,001 [main] INFO  server.AuthenticationFilter (AuthenticationFilter.java:constructSecretProvider(240)) - Unable to initialize FileSignerSecretProvider, falling back to use random secrets.
2019-11-05 11:07:48,001 [main] WARN  http.HttpRequestLog (HttpRequestLog.java:getRequestLog(97)) - Jetty request log can only be enabled using Log4j
2019-11-05 11:07:48,004 [main] INFO  http.HttpServer2 (HttpServer2.java:addGlobalFilter(975)) - Added global filter 'safety' (class=org.apache.hadoop.http.HttpServer2$QuotingInputFilter)
2019-11-05 11:07:48,005 [main] INFO  http.HttpServer2 (HttpServer2.java:addFilter(948)) - Added filter static_user_filter (class=org.apache.hadoop.http.lib.StaticUserWebFilter$StaticUserFilter) to context ozoneManager
2019-11-05 11:07:48,005 [main] INFO  http.HttpServer2 (HttpServer2.java:addFilter(958)) - Added filter static_user_filter (class=org.apache.hadoop.http.lib.StaticUserWebFilter$StaticUserFilter) to context logs
2019-11-05 11:07:48,005 [main] INFO  http.HttpServer2 (HttpServer2.java:addFilter(958)) - Added filter static_user_filter (class=org.apache.hadoop.http.lib.StaticUserWebFilter$StaticUserFilter) to context static
2019-11-05 11:07:48,008 [main] INFO  http.HttpServer2 (HttpServer2.java:bindListener(1191)) - Jetty bound to port 39989
2019-11-05 11:07:48,009 [main] INFO  server.Server (Server.java:doStart(351)) - jetty-9.3.25.v20180904, build timestamp: 2018-09-04T21:11:46Z, git hash: 3ce520221d0240229c862b122d2b06c12a625732
2019-11-05 11:07:48,011 [main] INFO  handler.ContextHandler (ContextHandler.java:doStart(781)) - Started o.e.j.s.ServletContextHandler@57b9e423{/logs,file:///workdir/hadoop-ozone/integration-test/target/log,AVAILABLE}
2019-11-05 11:07:48,011 [main] INFO  handler.ContextHandler (ContextHandler.java:doStart(781)) - Started o.e.j.s.ServletContextHandler@368d5c00{/static,file:///workdir/hadoop-ozone/integration-test/target/test-classes/webapps/static,AVAILABLE}
2019-11-05 11:07:48,016 [main] INFO  handler.ContextHandler (ContextHandler.java:doStart(781)) - Started o.e.j.w.WebAppContext@7068f7ca{/,file:///workdir/hadoop-ozone/integration-test/target/test-classes/webapps/ozoneManager/,AVAILABLE}{/ozoneManager}
2019-11-05 11:07:48,017 [main] INFO  server.AbstractConnector (AbstractConnector.java:doStart(278)) - Started ServerConnector@38548b19{HTTP/1.1,[http/1.1]}{0.0.0.0:39989}
2019-11-05 11:07:48,017 [main] INFO  server.Server (Server.java:doStart(419)) - Started @5631ms
2019-11-05 11:07:48,018 [main] WARN  impl.MetricsSystemImpl (MetricsSystemImpl.java:register(276)) - Sink prometheus already exists!
2019-11-05 11:07:48,019 [main] INFO  server.BaseHttpServer (BaseHttpServer.java:updateConnectorAddress(215)) - HTTP server of OZONEMANAGER is listening at http://0.0.0.0:39989
2019-11-05 11:07:48,444 [main] INFO  impl.MetricsSystemImpl (MetricsSystemImpl.java:init(158)) - HddsDatanode metrics system started (again)
2019-11-05 11:07:48,563 [main] INFO  ozone.HddsDatanodeService (HddsDatanodeService.java:start(184)) - HddsDatanodeService host:pr-hdds-1643-qwrct-1900426900 ip:192.168.157.252
2019-11-05 11:07:48,743 [main] INFO  volume.HddsVolume (HddsVolume.java:<init>(176)) - Creating Volume: /workdir/hadoop-ozone/integration-test/target/test-dir/MiniOzoneClusterImpl-15323bb8-fab1-4b87-97a4-cbcc55a81608/datanode-0/data/containers/hdds of  storage type : DISK and capacity : 1482555576320
2019-11-05 11:07:48,746 [main] INFO  volume.VolumeSet (VolumeSet.java:initializeVolumeSet(170)) - Added Volume : /workdir/hadoop-ozone/integration-test/target/test-dir/MiniOzoneClusterImpl-15323bb8-fab1-4b87-97a4-cbcc55a81608/datanode-0/data/containers/hdds to VolumeSet
2019-11-05 11:07:48,749 [main] INFO  volume.ThrottledAsyncChecker (ThrottledAsyncChecker.java:schedule(141)) - Scheduling a check for /workdir/hadoop-ozone/integration-test/target/test-dir/MiniOzoneClusterImpl-15323bb8-fab1-4b87-97a4-cbcc55a81608/datanode-0/data/containers/hdds
2019-11-05 11:07:48,802 [main] INFO  volume.HddsVolumeChecker (HddsVolumeChecker.java:checkAllVolumes(204)) - Scheduled health check for volume /workdir/hadoop-ozone/integration-test/target/test-dir/MiniOzoneClusterImpl-15323bb8-fab1-4b87-97a4-cbcc55a81608/datanode-0/data/containers/hdds
2019-11-05 11:07:48,996 [main] INFO  impl.RaftServerProxy (ConfUtils.java:logGet(43)) - raft.rpc.type = GRPC (default)
2019-11-05 11:07:49,084 [main] INFO  grpc.GrpcFactory (GrpcFactory.java:checkPooledByteBufAllocatorUseCacheForAllThreads(45)) - PERFORMANCE WARNING: useCacheForAllThreads is true that may cause Netty to create a lot garbage objects and, as a result, trigger GC.
	It is recommended to disable useCacheForAllThreads by setting -Dorg.apache.ratis.thirdparty.io.netty.allocator.useCacheForAllThreads=false in command line.
2019-11-05 11:07:49,091 [main] INFO  grpc.GrpcConfigKeys$Server (ConfUtils.java:logGet(43)) - raft.grpc.server.port = 0 (default)
2019-11-05 11:07:49,093 [main] INFO  server.GrpcService (ConfUtils.java:logGet(43)) - raft.grpc.message.size.max = 33570816 (custom)
2019-11-05 11:07:49,095 [main] INFO  server.RaftServerConfigKeys (ConfUtils.java:logGet(43)) - raft.server.log.appender.buffer.byte-limit = 33554432 (custom)
2019-11-05 11:07:49,096 [main] INFO  server.GrpcService (ConfUtils.java:logGet(43)) - raft.grpc.flow.control.window = 1MB (=1048576) (default)
2019-11-05 11:07:49,097 [main] INFO  server.RaftServerConfigKeys (ConfUtils.java:logGet(43)) - raft.server.rpc.request.timeout = 3000ms (default)
2019-11-05 11:07:49,304 [main] INFO  server.RaftServerConfigKeys (ConfUtils.java:logGet(43)) - raft.server.storage.dir = [/workdir/hadoop-ozone/integration-test/target/test-dir/MiniOzoneClusterImpl-15323bb8-fab1-4b87-97a4-cbcc55a81608/datanode-0/data/ratis] (custom)
2019-11-05 11:07:49,365 [main] INFO  hdfs.DFSUtil (DFSUtil.java:httpServerTemplateForNNAndJN(1641)) - Starting Web-server for hddsDatanode at: http://0.0.0.0:0
2019-11-05 11:07:49,367 [main] INFO  server.AuthenticationFilter (AuthenticationFilter.java:constructSecretProvider(240)) - Unable to initialize FileSignerSecretProvider, falling back to use random secrets.
2019-11-05 11:07:49,368 [main] WARN  http.HttpRequestLog (HttpRequestLog.java:getRequestLog(97)) - Jetty request log can only be enabled using Log4j
2019-11-05 11:07:49,370 [main] INFO  http.HttpServer2 (HttpServer2.java:addGlobalFilter(975)) - Added global filter 'safety' (class=org.apache.hadoop.http.HttpServer2$QuotingInputFilter)
2019-11-05 11:07:49,371 [main] INFO  http.HttpServer2 (HttpServer2.java:addFilter(948)) - Added filter static_user_filter (class=org.apache.hadoop.http.lib.StaticUserWebFilter$StaticUserFilter) to context hddsDatanode
2019-11-05 11:07:49,371 [main] INFO  http.HttpServer2 (HttpServer2.java:addFilter(958)) - Added filter static_user_filter (class=org.apache.hadoop.http.lib.StaticUserWebFilter$StaticUserFilter) to context logs
2019-11-05 11:07:49,371 [main] INFO  http.HttpServer2 (HttpServer2.java:addFilter(958)) - Added filter static_user_filter (class=org.apache.hadoop.http.lib.StaticUserWebFilter$StaticUserFilter) to context static
2019-11-05 11:07:49,372 [main] INFO  http.HttpServer2 (HttpServer2.java:bindListener(1191)) - Jetty bound to port 35299
2019-11-05 11:07:49,372 [main] INFO  server.Server (Server.java:doStart(351)) - jetty-9.3.25.v20180904, build timestamp: 2018-09-04T21:11:46Z, git hash: 3ce520221d0240229c862b122d2b06c12a625732
2019-11-05 11:07:49,375 [main] INFO  handler.ContextHandler (ContextHandler.java:doStart(781)) - Started o.e.j.s.ServletContextHandler@dc79225{/logs,file:///workdir/hadoop-ozone/integration-test/target/log,AVAILABLE}
2019-11-05 11:07:49,375 [main] INFO  handler.ContextHandler (ContextHandler.java:doStart(781)) - Started o.e.j.s.ServletContextHandler@46185a1b{/static,jar:file:/home/user/.m2/repository/org/apache/hadoop/hadoop-hdds-container-service/0.5.0-SNAPSHOT/hadoop-hdds-container-service-0.5.0-SNAPSHOT.jar!/webapps/static,AVAILABLE}
2019-11-05 11:07:49,465 [main] INFO  handler.ContextHandler (ContextHandler.java:doStart(781)) - Started o.e.j.w.WebAppContext@2e8a1ab4{/,file:///tmp/jetty-0.0.0.0-35299-hddsDatanode-_-any-990607760626276266.dir/webapp/,AVAILABLE}{/hddsDatanode}
2019-11-05 11:07:49,467 [main] INFO  server.AbstractConnector (AbstractConnector.java:doStart(278)) - Started ServerConnector@59f93db8{HTTP/1.1,[http/1.1]}{0.0.0.0:35299}
2019-11-05 11:07:49,468 [main] INFO  server.Server (Server.java:doStart(419)) - Started @7081ms
2019-11-05 11:07:49,468 [main] WARN  impl.MetricsSystemImpl (MetricsSystemImpl.java:register(276)) - Sink prometheus already exists!
2019-11-05 11:07:49,469 [main] INFO  server.BaseHttpServer (BaseHttpServer.java:updateConnectorAddress(215)) - HTTP server of HDDSDATANODE is listening at http://0.0.0.0:35299
2019-11-05 11:07:49,470 [main] INFO  impl.MetricsSystemImpl (MetricsSystemImpl.java:init(158)) - HddsDatanode metrics system started (again)
2019-11-05 11:07:49,473 [main] INFO  ozone.HddsDatanodeService (HddsDatanodeService.java:start(184)) - HddsDatanodeService host:pr-hdds-1643-qwrct-1900426900 ip:192.168.157.252
2019-11-05 11:07:49,476 [org.apache.hadoop.util.JvmPauseMonitor$Monitor@4f736c98] INFO  util.JvmPauseMonitor (JvmPauseMonitor.java:run(188)) - Starting JVM pause monitor
2019-11-05 11:07:49,480 [main] INFO  volume.HddsVolume (HddsVolume.java:<init>(176)) - Creating Volume: /workdir/hadoop-ozone/integration-test/target/test-dir/MiniOzoneClusterImpl-15323bb8-fab1-4b87-97a4-cbcc55a81608/datanode-1/data/containers/hdds of  storage type : DISK and capacity : 1482555576320
2019-11-05 11:07:49,481 [main] INFO  volume.VolumeSet (VolumeSet.java:initializeVolumeSet(170)) - Added Volume : /workdir/hadoop-ozone/integration-test/target/test-dir/MiniOzoneClusterImpl-15323bb8-fab1-4b87-97a4-cbcc55a81608/datanode-1/data/containers/hdds to VolumeSet
2019-11-05 11:07:49,481 [main] INFO  volume.ThrottledAsyncChecker (ThrottledAsyncChecker.java:schedule(141)) - Scheduling a check for /workdir/hadoop-ozone/integration-test/target/test-dir/MiniOzoneClusterImpl-15323bb8-fab1-4b87-97a4-cbcc55a81608/datanode-1/data/containers/hdds
2019-11-05 11:07:49,482 [main] INFO  volume.HddsVolumeChecker (HddsVolumeChecker.java:checkAllVolumes(204)) - Scheduled health check for volume /workdir/hadoop-ozone/integration-test/target/test-dir/MiniOzoneClusterImpl-15323bb8-fab1-4b87-97a4-cbcc55a81608/datanode-1/data/containers/hdds
2019-11-05 11:07:49,498 [main] INFO  impl.RaftServerProxy (ConfUtils.java:logGet(43)) - raft.rpc.type = GRPC (default)
2019-11-05 11:07:49,498 [main] INFO  grpc.GrpcFactory (GrpcFactory.java:checkPooledByteBufAllocatorUseCacheForAllThreads(45)) - PERFORMANCE WARNING: useCacheForAllThreads is true that may cause Netty to create a lot garbage objects and, as a result, trigger GC.
	It is recommended to disable useCacheForAllThreads by setting -Dorg.apache.ratis.thirdparty.io.netty.allocator.useCacheForAllThreads=false in command line.
2019-11-05 11:07:49,499 [main] INFO  grpc.GrpcConfigKeys$Server (ConfUtils.java:logGet(43)) - raft.grpc.server.port = 0 (default)
2019-11-05 11:07:49,499 [main] INFO  server.GrpcService (ConfUtils.java:logGet(43)) - raft.grpc.message.size.max = 33570816 (custom)
2019-11-05 11:07:49,499 [main] INFO  server.RaftServerConfigKeys (ConfUtils.java:logGet(43)) - raft.server.log.appender.buffer.byte-limit = 33554432 (custom)
2019-11-05 11:07:49,500 [main] INFO  server.GrpcService (ConfUtils.java:logGet(43)) - raft.grpc.flow.control.window = 1MB (=1048576) (default)
2019-11-05 11:07:49,500 [main] INFO  server.RaftServerConfigKeys (ConfUtils.java:logGet(43)) - raft.server.rpc.request.timeout = 3000ms (default)
2019-11-05 11:07:49,501 [main] INFO  server.RaftServerConfigKeys (ConfUtils.java:logGet(43)) - raft.server.storage.dir = [/workdir/hadoop-ozone/integration-test/target/test-dir/MiniOzoneClusterImpl-15323bb8-fab1-4b87-97a4-cbcc55a81608/datanode-1/data/ratis] (custom)
2019-11-05 11:07:49,504 [main] INFO  hdfs.DFSUtil (DFSUtil.java:httpServerTemplateForNNAndJN(1641)) - Starting Web-server for hddsDatanode at: http://0.0.0.0:0
2019-11-05 11:07:49,506 [main] INFO  server.AuthenticationFilter (AuthenticationFilter.java:constructSecretProvider(240)) - Unable to initialize FileSignerSecretProvider, falling back to use random secrets.
2019-11-05 11:07:49,506 [main] WARN  http.HttpRequestLog (HttpRequestLog.java:getRequestLog(97)) - Jetty request log can only be enabled using Log4j
2019-11-05 11:07:49,508 [main] INFO  http.HttpServer2 (HttpServer2.java:addGlobalFilter(975)) - Added global filter 'safety' (class=org.apache.hadoop.http.HttpServer2$QuotingInputFilter)
2019-11-05 11:07:49,508 [main] INFO  http.HttpServer2 (HttpServer2.java:addFilter(948)) - Added filter static_user_filter (class=org.apache.hadoop.http.lib.StaticUserWebFilter$StaticUserFilter) to context hddsDatanode
2019-11-05 11:07:49,508 [main] INFO  http.HttpServer2 (HttpServer2.java:addFilter(958)) - Added filter static_user_filter (class=org.apache.hadoop.http.lib.StaticUserWebFilter$StaticUserFilter) to context logs
2019-11-05 11:07:49,509 [main] INFO  http.HttpServer2 (HttpServer2.java:addFilter(958)) - Added filter static_user_filter (class=org.apache.hadoop.http.lib.StaticUserWebFilter$StaticUserFilter) to context static
2019-11-05 11:07:49,510 [main] INFO  http.HttpServer2 (HttpServer2.java:bindListener(1191)) - Jetty bound to port 38063
2019-11-05 11:07:49,510 [main] INFO  server.Server (Server.java:doStart(351)) - jetty-9.3.25.v20180904, build timestamp: 2018-09-04T21:11:46Z, git hash: 3ce520221d0240229c862b122d2b06c12a625732
2019-11-05 11:07:49,514 [main] INFO  handler.ContextHandler (ContextHandler.java:doStart(781)) - Started o.e.j.s.ServletContextHandler@5b9396d3{/logs,file:///workdir/hadoop-ozone/integration-test/target/log,AVAILABLE}
2019-11-05 11:07:49,514 [main] INFO  handler.ContextHandler (ContextHandler.java:doStart(781)) - Started o.e.j.s.ServletContextHandler@6a472566{/static,jar:file:/home/user/.m2/repository/org/apache/hadoop/hadoop-hdds-container-service/0.5.0-SNAPSHOT/hadoop-hdds-container-service-0.5.0-SNAPSHOT.jar!/webapps/static,AVAILABLE}
2019-11-05 11:07:49,598 [Datanode State Machine Thread - 0] INFO  datanode.InitDatanodeState (InitDatanodeState.java:persistContainerDatanodeDetails(140)) - DatanodeDetails is persisted to /workdir/hadoop-ozone/integration-test/target/test-dir/MiniOzoneClusterImpl-15323bb8-fab1-4b87-97a4-cbcc55a81608/datanode-0/meta/datanode.id
2019-11-05 11:07:49,685 [main] INFO  handler.ContextHandler (ContextHandler.java:doStart(781)) - Started o.e.j.w.WebAppContext@146dcfe6{/,file:///tmp/jetty-0.0.0.0-38063-hddsDatanode-_-any-8377467295960132987.dir/webapp/,AVAILABLE}{/hddsDatanode}
2019-11-05 11:07:49,687 [main] INFO  server.AbstractConnector (AbstractConnector.java:doStart(278)) - Started ServerConnector@22587507{HTTP/1.1,[http/1.1]}{0.0.0.0:38063}
2019-11-05 11:07:49,688 [main] INFO  server.Server (Server.java:doStart(419)) - Started @7301ms
2019-11-05 11:07:49,688 [main] WARN  impl.MetricsSystemImpl (MetricsSystemImpl.java:register(276)) - Sink prometheus already exists!
2019-11-05 11:07:49,689 [main] INFO  server.BaseHttpServer (BaseHttpServer.java:updateConnectorAddress(215)) - HTTP server of HDDSDATANODE is listening at http://0.0.0.0:38063
2019-11-05 11:07:49,690 [main] INFO  impl.MetricsSystemImpl (MetricsSystemImpl.java:init(158)) - HddsDatanode metrics system started (again)
2019-11-05 11:07:49,692 [org.apache.hadoop.util.JvmPauseMonitor$Monitor@5293d375] INFO  util.JvmPauseMonitor (JvmPauseMonitor.java:run(188)) - Starting JVM pause monitor
2019-11-05 11:07:49,693 [main] INFO  ozone.HddsDatanodeService (HddsDatanodeService.java:start(184)) - HddsDatanodeService host:pr-hdds-1643-qwrct-1900426900 ip:192.168.157.252
2019-11-05 11:07:49,696 [Datanode State Machine Thread - 0] INFO  datanode.InitDatanodeState (InitDatanodeState.java:persistContainerDatanodeDetails(140)) - DatanodeDetails is persisted to /workdir/hadoop-ozone/integration-test/target/test-dir/MiniOzoneClusterImpl-15323bb8-fab1-4b87-97a4-cbcc55a81608/datanode-1/meta/datanode.id
2019-11-05 11:07:49,703 [main] INFO  volume.HddsVolume (HddsVolume.java:<init>(176)) - Creating Volume: /workdir/hadoop-ozone/integration-test/target/test-dir/MiniOzoneClusterImpl-15323bb8-fab1-4b87-97a4-cbcc55a81608/datanode-2/data/containers/hdds of  storage type : DISK and capacity : 1482555576320
2019-11-05 11:07:49,704 [main] INFO  volume.VolumeSet (VolumeSet.java:initializeVolumeSet(170)) - Added Volume : /workdir/hadoop-ozone/integration-test/target/test-dir/MiniOzoneClusterImpl-15323bb8-fab1-4b87-97a4-cbcc55a81608/datanode-2/data/containers/hdds to VolumeSet
2019-11-05 11:07:49,704 [main] INFO  volume.ThrottledAsyncChecker (ThrottledAsyncChecker.java:schedule(141)) - Scheduling a check for /workdir/hadoop-ozone/integration-test/target/test-dir/MiniOzoneClusterImpl-15323bb8-fab1-4b87-97a4-cbcc55a81608/datanode-2/data/containers/hdds
2019-11-05 11:07:49,705 [main] INFO  volume.HddsVolumeChecker (HddsVolumeChecker.java:checkAllVolumes(204)) - Scheduled health check for volume /workdir/hadoop-ozone/integration-test/target/test-dir/MiniOzoneClusterImpl-15323bb8-fab1-4b87-97a4-cbcc55a81608/datanode-2/data/containers/hdds
2019-11-05 11:07:49,722 [main] INFO  impl.RaftServerProxy (ConfUtils.java:logGet(43)) - raft.rpc.type = GRPC (default)
2019-11-05 11:07:49,722 [main] INFO  grpc.GrpcFactory (GrpcFactory.java:checkPooledByteBufAllocatorUseCacheForAllThreads(45)) - PERFORMANCE WARNING: useCacheForAllThreads is true that may cause Netty to create a lot garbage objects and, as a result, trigger GC.
	It is recommended to disable useCacheForAllThreads by setting -Dorg.apache.ratis.thirdparty.io.netty.allocator.useCacheForAllThreads=false in command line.
2019-11-05 11:07:49,723 [main] INFO  grpc.GrpcConfigKeys$Server (ConfUtils.java:logGet(43)) - raft.grpc.server.port = 0 (default)
2019-11-05 11:07:49,723 [main] INFO  server.GrpcService (ConfUtils.java:logGet(43)) - raft.grpc.message.size.max = 33570816 (custom)
2019-11-05 11:07:49,723 [main] INFO  server.RaftServerConfigKeys (ConfUtils.java:logGet(43)) - raft.server.log.appender.buffer.byte-limit = 33554432 (custom)
2019-11-05 11:07:49,724 [main] INFO  server.GrpcService (ConfUtils.java:logGet(43)) - raft.grpc.flow.control.window = 1MB (=1048576) (default)
2019-11-05 11:07:49,724 [main] INFO  server.RaftServerConfigKeys (ConfUtils.java:logGet(43)) - raft.server.rpc.request.timeout = 3000ms (default)
2019-11-05 11:07:49,725 [main] INFO  server.RaftServerConfigKeys (ConfUtils.java:logGet(43)) - raft.server.storage.dir = [/workdir/hadoop-ozone/integration-test/target/test-dir/MiniOzoneClusterImpl-15323bb8-fab1-4b87-97a4-cbcc55a81608/datanode-2/data/ratis] (custom)
2019-11-05 11:07:49,728 [main] INFO  hdfs.DFSUtil (DFSUtil.java:httpServerTemplateForNNAndJN(1641)) - Starting Web-server for hddsDatanode at: http://0.0.0.0:0
2019-11-05 11:07:49,730 [main] INFO  server.AuthenticationFilter (AuthenticationFilter.java:constructSecretProvider(240)) - Unable to initialize FileSignerSecretProvider, falling back to use random secrets.
2019-11-05 11:07:49,731 [main] WARN  http.HttpRequestLog (HttpRequestLog.java:getRequestLog(97)) - Jetty request log can only be enabled using Log4j
2019-11-05 11:07:49,733 [main] INFO  http.HttpServer2 (HttpServer2.java:addGlobalFilter(975)) - Added global filter 'safety' (class=org.apache.hadoop.http.HttpServer2$QuotingInputFilter)
2019-11-05 11:07:49,734 [main] INFO  http.HttpServer2 (HttpServer2.java:addFilter(948)) - Added filter static_user_filter (class=org.apache.hadoop.http.lib.StaticUserWebFilter$StaticUserFilter) to context hddsDatanode
2019-11-05 11:07:49,734 [main] INFO  http.HttpServer2 (HttpServer2.java:addFilter(958)) - Added filter static_user_filter (class=org.apache.hadoop.http.lib.StaticUserWebFilter$StaticUserFilter) to context logs
2019-11-05 11:07:49,734 [main] INFO  http.HttpServer2 (HttpServer2.java:addFilter(958)) - Added filter static_user_filter (class=org.apache.hadoop.http.lib.StaticUserWebFilter$StaticUserFilter) to context static
2019-11-05 11:07:49,735 [main] INFO  http.HttpServer2 (HttpServer2.java:bindListener(1191)) - Jetty bound to port 37335
2019-11-05 11:07:49,736 [main] INFO  server.Server (Server.java:doStart(351)) - jetty-9.3.25.v20180904, build timestamp: 2018-09-04T21:11:46Z, git hash: 3ce520221d0240229c862b122d2b06c12a625732
2019-11-05 11:07:49,738 [main] INFO  handler.ContextHandler (ContextHandler.java:doStart(781)) - Started o.e.j.s.ServletContextHandler@1effd53c{/logs,file:///workdir/hadoop-ozone/integration-test/target/log,AVAILABLE}
2019-11-05 11:07:49,739 [main] INFO  handler.ContextHandler (ContextHandler.java:doStart(781)) - Started o.e.j.s.ServletContextHandler@6920614{/static,jar:file:/home/user/.m2/repository/org/apache/hadoop/hadoop-hdds-container-service/0.5.0-SNAPSHOT/hadoop-hdds-container-service-0.5.0-SNAPSHOT.jar!/webapps/static,AVAILABLE}
2019-11-05 11:07:49,977 [main] INFO  handler.ContextHandler (ContextHandler.java:doStart(781)) - Started o.e.j.w.WebAppContext@255eaa6b{/,file:///tmp/jetty-0.0.0.0-37335-hddsDatanode-_-any-3350429647816588683.dir/webapp/,AVAILABLE}{/hddsDatanode}
2019-11-05 11:07:49,979 [main] INFO  server.AbstractConnector (AbstractConnector.java:doStart(278)) - Started ServerConnector@476fe690{HTTP/1.1,[http/1.1]}{0.0.0.0:37335}
2019-11-05 11:07:49,979 [main] INFO  server.Server (Server.java:doStart(419)) - Started @7593ms
2019-11-05 11:07:49,980 [main] WARN  impl.MetricsSystemImpl (MetricsSystemImpl.java:register(276)) - Sink prometheus already exists!
2019-11-05 11:07:49,981 [main] INFO  server.BaseHttpServer (BaseHttpServer.java:updateConnectorAddress(215)) - HTTP server of HDDSDATANODE is listening at http://0.0.0.0:37335
2019-11-05 11:07:49,984 [org.apache.hadoop.util.JvmPauseMonitor$Monitor@4a4ad8b5] INFO  util.JvmPauseMonitor (JvmPauseMonitor.java:run(188)) - Starting JVM pause monitor
2019-11-05 11:07:49,986 [main] INFO  ozone.MiniOzoneClusterImpl (MiniOzoneClusterImpl.java:lambda$waitForClusterToBeReady$0(147)) - Waiting for cluster to be ready. Got 0 of 3 DN Heartbeats.
2019-11-05 11:07:49,987 [Datanode State Machine Thread - 0] INFO  datanode.InitDatanodeState (InitDatanodeState.java:persistContainerDatanodeDetails(140)) - DatanodeDetails is persisted to /workdir/hadoop-ozone/integration-test/target/test-dir/MiniOzoneClusterImpl-15323bb8-fab1-4b87-97a4-cbcc55a81608/datanode-2/meta/datanode.id
2019-11-05 11:07:50,986 [main] INFO  ozone.MiniOzoneClusterImpl (MiniOzoneClusterImpl.java:lambda$waitForClusterToBeReady$0(147)) - Waiting for cluster to be ready. Got 0 of 3 DN Heartbeats.
2019-11-05 11:07:51,550 [Datanode State Machine Thread - 0] INFO  ozoneimpl.OzoneContainer (OzoneContainer.java:start(213)) - Attempting to start container services.
2019-11-05 11:07:51,559 [Datanode State Machine Thread - 0] INFO  ozoneimpl.OzoneContainer (OzoneContainer.java:startContainerScrub(177)) - Background container scanner has been disabled.
2019-11-05 11:07:51,559 [Datanode State Machine Thread - 0] INFO  ratis.XceiverServerRatis (XceiverServerRatis.java:start(418)) - Starting XceiverServerRatis 217b40b1-6496-41ee-9e5f-1bb61aa45139 at port 0
2019-11-05 11:07:51,587 [Datanode State Machine Thread - 0] INFO  impl.RaftServerProxy (RaftServerProxy.java:lambda$start$3(299)) - 217b40b1-6496-41ee-9e5f-1bb61aa45139: start RPC server
2019-11-05 11:07:51,727 [Datanode State Machine Thread - 0] INFO  ozoneimpl.OzoneContainer (OzoneContainer.java:start(213)) - Attempting to start container services.
2019-11-05 11:07:51,740 [Datanode State Machine Thread - 0] INFO  ozoneimpl.OzoneContainer (OzoneContainer.java:startContainerScrub(177)) - Background container scanner has been disabled.
2019-11-05 11:07:51,744 [Datanode State Machine Thread - 0] INFO  ratis.XceiverServerRatis (XceiverServerRatis.java:start(418)) - Starting XceiverServerRatis 69837c10-b6a5-4691-9f82-b2bf7c109e66 at port 0
2019-11-05 11:07:51,829 [Datanode State Machine Thread - 0] INFO  server.GrpcService (GrpcService.java:startImpl(158)) - 217b40b1-6496-41ee-9e5f-1bb61aa45139: GrpcService started, listening on 0.0.0.0/0.0.0.0:40951
2019-11-05 11:07:51,830 [Datanode State Machine Thread - 0] INFO  ratis.XceiverServerRatis (XceiverServerRatis.java:start(428)) - XceiverServerRatis 217b40b1-6496-41ee-9e5f-1bb61aa45139 is started using port 40951
2019-11-05 11:07:51,847 [Datanode State Machine Thread - 0] INFO  server.XceiverServerGrpc (XceiverServerGrpc.java:start(149)) - XceiverServerGrpc 217b40b1-6496-41ee-9e5f-1bb61aa45139 is started using port 34467
2019-11-05 11:07:51,849 [Datanode State Machine Thread - 0] INFO  impl.RaftServerProxy (RaftServerProxy.java:lambda$start$3(299)) - 69837c10-b6a5-4691-9f82-b2bf7c109e66: start RPC server
2019-11-05 11:07:51,853 [Datanode State Machine Thread - 0] INFO  server.GrpcService (GrpcService.java:startImpl(158)) - 69837c10-b6a5-4691-9f82-b2bf7c109e66: GrpcService started, listening on 0.0.0.0/0.0.0.0:40716
2019-11-05 11:07:51,853 [Datanode State Machine Thread - 0] INFO  ratis.XceiverServerRatis (XceiverServerRatis.java:start(428)) - XceiverServerRatis 69837c10-b6a5-4691-9f82-b2bf7c109e66 is started using port 40716
2019-11-05 11:07:51,856 [Datanode State Machine Thread - 0] INFO  server.XceiverServerGrpc (XceiverServerGrpc.java:start(149)) - XceiverServerGrpc 69837c10-b6a5-4691-9f82-b2bf7c109e66 is started using port 45624
2019-11-05 11:07:51,987 [main] INFO  ozone.MiniOzoneClusterImpl (MiniOzoneClusterImpl.java:lambda$waitForClusterToBeReady$0(147)) - Waiting for cluster to be ready. Got 0 of 3 DN Heartbeats.
2019-11-05 11:07:52,004 [Datanode State Machine Thread - 0] INFO  ozoneimpl.OzoneContainer (OzoneContainer.java:start(213)) - Attempting to start container services.
2019-11-05 11:07:52,006 [Datanode State Machine Thread - 0] INFO  ozoneimpl.OzoneContainer (OzoneContainer.java:startContainerScrub(177)) - Background container scanner has been disabled.
2019-11-05 11:07:52,006 [Datanode State Machine Thread - 0] INFO  ratis.XceiverServerRatis (XceiverServerRatis.java:start(418)) - Starting XceiverServerRatis b4fa652e-9609-43ae-a5da-dbaebd8b3d71 at port 0
2019-11-05 11:07:52,053 [Datanode State Machine Thread - 0] INFO  impl.RaftServerProxy (RaftServerProxy.java:lambda$start$3(299)) - b4fa652e-9609-43ae-a5da-dbaebd8b3d71: start RPC server
2019-11-05 11:07:52,062 [Datanode State Machine Thread - 0] INFO  server.GrpcService (GrpcService.java:startImpl(158)) - b4fa652e-9609-43ae-a5da-dbaebd8b3d71: GrpcService started, listening on 0.0.0.0/0.0.0.0:36685
2019-11-05 11:07:52,062 [Datanode State Machine Thread - 0] INFO  ratis.XceiverServerRatis (XceiverServerRatis.java:start(428)) - XceiverServerRatis b4fa652e-9609-43ae-a5da-dbaebd8b3d71 is started using port 36685
2019-11-05 11:07:52,065 [Datanode State Machine Thread - 0] INFO  server.XceiverServerGrpc (XceiverServerGrpc.java:start(149)) - XceiverServerGrpc b4fa652e-9609-43ae-a5da-dbaebd8b3d71 is started using port 40902
2019-11-05 11:07:52,988 [main] INFO  ozone.MiniOzoneClusterImpl (MiniOzoneClusterImpl.java:lambda$waitForClusterToBeReady$0(147)) - Waiting for cluster to be ready. Got 0 of 3 DN Heartbeats.
2019-11-05 11:07:53,502 [IPC Server handler 1 on 37223] INFO  net.NetworkTopology (NetworkTopologyImpl.java:add(111)) - Added a new node: /default-rack/217b40b1-6496-41ee-9e5f-1bb61aa45139
2019-11-05 11:07:53,504 [IPC Server handler 1 on 37223] INFO  node.SCMNodeManager (SCMNodeManager.java:register(268)) - Registered Data node : 217b40b1-6496-41ee-9e5f-1bb61aa45139{ip: 192.168.157.252, host: pr-hdds-1643-qwrct-1900426900, networkLocation: /default-rack, certSerialId: null}
2019-11-05 11:07:53,512 [EventQueue-NodeRegistrationContainerReportForDataNodeSafeModeRule] INFO  safemode.SCMSafeModeManager (DataNodeSafeModeRule.java:process(71)) - SCM in safe mode. 1 DataNodes registered, 1 required.
2019-11-05 11:07:53,516 [EventQueue-NodeRegistrationContainerReportForContainerSafeModeRule] INFO  safemode.SCMSafeModeManager (SCMSafeModeManager.java:validateSafeModeExitRules(177)) - ScmSafeModeManager, all rules are successfully validated
2019-11-05 11:07:53,516 [EventQueue-NodeRegistrationContainerReportForContainerSafeModeRule] INFO  safemode.SCMSafeModeManager (SCMSafeModeManager.java:exitSafeMode(193)) - SCM exiting safe mode.
2019-11-05 11:07:53,698 [IPC Server handler 5 on 37223] INFO  net.NetworkTopology (NetworkTopologyImpl.java:add(111)) - Added a new node: /default-rack/69837c10-b6a5-4691-9f82-b2bf7c109e66
2019-11-05 11:07:53,698 [IPC Server handler 5 on 37223] INFO  node.SCMNodeManager (SCMNodeManager.java:register(268)) - Registered Data node : 69837c10-b6a5-4691-9f82-b2bf7c109e66{ip: 192.168.157.252, host: pr-hdds-1643-qwrct-1900426900, networkLocation: /default-rack, certSerialId: null}
2019-11-05 11:07:53,989 [main] INFO  ozone.MiniOzoneClusterImpl (MiniOzoneClusterImpl.java:lambda$waitForClusterToBeReady$0(147)) - Waiting for cluster to be ready. Got 2 of 3 DN Heartbeats.
2019-11-05 11:07:53,994 [IPC Server handler 4 on 37223] INFO  net.NetworkTopology (NetworkTopologyImpl.java:add(111)) - Added a new node: /default-rack/b4fa652e-9609-43ae-a5da-dbaebd8b3d71
2019-11-05 11:07:53,994 [IPC Server handler 4 on 37223] INFO  node.SCMNodeManager (SCMNodeManager.java:register(268)) - Registered Data node : b4fa652e-9609-43ae-a5da-dbaebd8b3d71{ip: 192.168.157.252, host: pr-hdds-1643-qwrct-1900426900, networkLocation: /default-rack, certSerialId: null}
2019-11-05 11:07:54,247 [grpc-default-executor-0] INFO  impl.RaftServerProxy (RaftServerProxy.java:addNew(89)) - 217b40b1-6496-41ee-9e5f-1bb61aa45139: addNew group-4E2B3EAA41A2:[217b40b1-6496-41ee-9e5f-1bb61aa45139:192.168.157.252:40951] returns group-4E2B3EAA41A2:java.util.concurrent.CompletableFuture@29ada6f2[Not completed]
2019-11-05 11:07:54,265 [pool-27-thread-1] INFO  impl.RaftServerImpl (RaftServerImpl.java:<init>(104)) - 217b40b1-6496-41ee-9e5f-1bb61aa45139: new RaftServerImpl for group-4E2B3EAA41A2:[217b40b1-6496-41ee-9e5f-1bb61aa45139:192.168.157.252:40951] with ContainerStateMachine:uninitialized
2019-11-05 11:07:54,269 [pool-27-thread-1] INFO  server.RaftServerConfigKeys (ConfUtils.java:logGet(43)) - raft.server.rpc.timeout.min = 5s (custom)
2019-11-05 11:07:54,272 [pool-27-thread-1] INFO  server.RaftServerConfigKeys (ConfUtils.java:logGet(43)) - raft.server.rpc.timeout.max = 5200ms (custom)
2019-11-05 11:07:54,272 [pool-27-thread-1] INFO  server.RaftServerConfigKeys (ConfUtils.java:logGet(43)) - raft.server.rpcslowness.timeout = 1000s (custom)
2019-11-05 11:07:54,273 [pool-27-thread-1] INFO  server.RaftServerConfigKeys (ConfUtils.java:logGet(43)) - raft.server.sleep.deviation.threshold = 300 (default)
2019-11-05 11:07:54,274 [pool-27-thread-1] INFO  server.RaftServerConfigKeys (ConfUtils.java:logGet(43)) - raft.server.log.appender.install.snapshot.enabled = false (custom)
2019-11-05 11:07:54,284 [pool-27-thread-1] INFO  impl.RaftServerImpl (ServerState.java:<init>(103)) - 217b40b1-6496-41ee-9e5f-1bb61aa45139@group-4E2B3EAA41A2: ConfigurationManager, init=-1: [217b40b1-6496-41ee-9e5f-1bb61aa45139:192.168.157.252:40951], old=null, confs=<EMPTY_MAP>
2019-11-05 11:07:54,284 [pool-27-thread-1] INFO  server.RaftServerConfigKeys (ConfUtils.java:logGet(43)) - raft.server.storage.dir = [/workdir/hadoop-ozone/integration-test/target/test-dir/MiniOzoneClusterImpl-15323bb8-fab1-4b87-97a4-cbcc55a81608/datanode-0/data/ratis] (custom)
2019-11-05 11:07:54,295 [pool-27-thread-1] INFO  server.RaftServerConfigKeys (ConfUtils.java:logGet(43)) - raft.server.log.corruption.policy = EXCEPTION (default)
2019-11-05 11:07:54,311 [pool-27-thread-1] INFO  storage.RaftStorageDirectory (RaftStorageDirectory.java:analyzeStorage(246)) - The storage directory /workdir/hadoop-ozone/integration-test/target/test-dir/MiniOzoneClusterImpl-15323bb8-fab1-4b87-97a4-cbcc55a81608/datanode-0/data/ratis/80c204d9-9921-4f05-953f-4e2b3eaa41a2 does not exist. Creating ...
2019-11-05 11:07:54,324 [pool-27-thread-1] INFO  storage.RaftStorageDirectory (RaftStorageDirectory.java:tryLock(328)) - Lock on /workdir/hadoop-ozone/integration-test/target/test-dir/MiniOzoneClusterImpl-15323bb8-fab1-4b87-97a4-cbcc55a81608/datanode-0/data/ratis/80c204d9-9921-4f05-953f-4e2b3eaa41a2/in_use.lock acquired by nodename 17229@pr-hdds-1643-qwrct-1900426900
2019-11-05 11:07:54,358 [pool-27-thread-1] INFO  storage.RaftStorage (RaftStorage.java:format(84)) - Storage directory /workdir/hadoop-ozone/integration-test/target/test-dir/MiniOzoneClusterImpl-15323bb8-fab1-4b87-97a4-cbcc55a81608/datanode-0/data/ratis/80c204d9-9921-4f05-953f-4e2b3eaa41a2 has been successfully formatted.
2019-11-05 11:07:54,361 [pool-27-thread-1] INFO  ratis.ContainerStateMachine (ContainerStateMachine.java:loadSnapshot(231)) - group-4E2B3EAA41A2: The snapshot info is null. Setting the last applied indexto:(t:0, i:~)
2019-11-05 11:07:54,362 [pool-27-thread-1] INFO  server.RaftServerConfigKeys (ConfUtils.java:logGet(43)) - raft.server.notification.no-leader.timeout = 1000s (custom)
2019-11-05 11:07:54,364 [pool-27-thread-1] INFO  server.RaftServerConfigKeys (ConfUtils.java:logGet(43)) - raft.server.log.use.memory = false (default)
2019-11-05 11:07:54,371 [pool-27-thread-1] INFO  server.RaftServerConfigKeys (ConfUtils.java:logGet(43)) - raft.server.log.purge.gap = 1000000 (custom)
2019-11-05 11:07:54,371 [pool-27-thread-1] INFO  server.RaftServerConfigKeys (ConfUtils.java:logGet(43)) - raft.server.log.appender.buffer.byte-limit = 33554432 (custom)
2019-11-05 11:07:54,374 [pool-27-thread-1] INFO  server.RaftServerConfigKeys (ConfUtils.java:logGet(43)) - raft.server.log.segment.size.max = 1048576 (custom)
2019-11-05 11:07:54,376 [pool-27-thread-1] INFO  impl.MetricsSystemImpl (MetricsSystemImpl.java:init(158)) - ratis metrics system started (again)
2019-11-05 11:07:54,381 [pool-27-thread-1] INFO  metrics.MetricRegistries (MetricRegistriesLoader.java:load(64)) - Loaded MetricRegistries class org.apache.ratis.metrics.impl.MetricRegistriesImpl
2019-11-05 11:07:54,434 [pool-27-thread-1] INFO  server.RaftServerConfigKeys (ConfUtils.java:logGet(43)) - raft.server.log.segment.cache.num.max = 2 (custom)
2019-11-05 11:07:54,439 [pool-27-thread-1] INFO  segmented.SegmentedRaftLogWorker (SegmentedRaftLogWorker.java:<init>(173)) - new 217b40b1-6496-41ee-9e5f-1bb61aa45139@group-4E2B3EAA41A2-SegmentedRaftLogWorker for RaftStorage:Storage Directory /workdir/hadoop-ozone/integration-test/target/test-dir/MiniOzoneClusterImpl-15323bb8-fab1-4b87-97a4-cbcc55a81608/datanode-0/data/ratis/80c204d9-9921-4f05-953f-4e2b3eaa41a2
2019-11-05 11:07:54,440 [pool-27-thread-1] INFO  server.RaftServerConfigKeys (ConfUtils.java:logGet(43)) - raft.server.log.queue.byte-limit = 2147483647 (custom)
2019-11-05 11:07:54,440 [pool-27-thread-1] INFO  server.RaftServerConfigKeys (ConfUtils.java:logGet(43)) - raft.server.log.queue.element-limit = 1024 (custom)
2019-11-05 11:07:54,441 [pool-27-thread-1] INFO  server.RaftServerConfigKeys (ConfUtils.java:logGet(43)) - raft.server.log.segment.size.max = 1048576 (custom)
2019-11-05 11:07:54,442 [pool-27-thread-1] INFO  server.RaftServerConfigKeys (ConfUtils.java:logGet(43)) - raft.server.log.preallocated.size = 16384 (custom)
2019-11-05 11:07:54,443 [pool-27-thread-1] INFO  server.RaftServerConfigKeys (ConfUtils.java:logGet(43)) - raft.server.log.write.buffer.size = 33554432 (custom)
2019-11-05 11:07:54,443 [pool-27-thread-1] INFO  server.RaftServerConfigKeys (ConfUtils.java:logGet(43)) - raft.server.log.force.sync.num = 128 (default)
2019-11-05 11:07:54,444 [pool-27-thread-1] INFO  server.RaftServerConfigKeys (ConfUtils.java:logGet(43)) - raft.server.log.statemachine.data.sync = true (default)
2019-11-05 11:07:54,444 [pool-27-thread-1] INFO  server.RaftServerConfigKeys (ConfUtils.java:logGet(43)) - raft.server.log.statemachine.data.sync.timeout = 10s (default)
2019-11-05 11:07:54,445 [pool-27-thread-1] INFO  server.RaftServerConfigKeys (ConfUtils.java:logGet(43)) - raft.server.log.statemachine.data.sync.timeout.retry = -1 (default)
2019-11-05 11:07:54,456 [pool-27-thread-1] INFO  server.RaftServerConfigKeys (ConfUtils.java:logGet(43)) - raft.server.log.statemachine.data.caching.enabled = true (custom)
2019-11-05 11:07:54,461 [pool-27-thread-1] INFO  segmented.SegmentedRaftLogWorker (SegmentedRaftLogWorker.java:lambda$new$0(128)) - 217b40b1-6496-41ee-9e5f-1bb61aa45139@group-4E2B3EAA41A2-SegmentedRaftLogWorker: flushIndex: setUnconditionally 0 -> -1
2019-11-05 11:07:54,465 [pool-27-thread-1] INFO  server.RaftServerConfigKeys (ConfUtils.java:logGet(43)) - raft.server.snapshot.auto.trigger.enabled = true (custom)
2019-11-05 11:07:54,466 [pool-27-thread-1] INFO  server.RaftServerConfigKeys (ConfUtils.java:logGet(43)) - raft.server.snapshot.auto.trigger.threshold = 10000 (custom)
2019-11-05 11:07:54,467 [pool-27-thread-1] INFO  server.RaftServerConfigKeys (ConfUtils.java:logGet(43)) - raft.server.snapshot.retention.file.num = 5 (custom)
2019-11-05 11:07:54,468 [pool-27-thread-1] INFO  server.RaftServerConfigKeys (ConfUtils.java:logGet(43)) - raft.server.retrycache.expirytime = 600000ms (custom)
2019-11-05 11:07:54,508 [pool-27-thread-1] INFO  impl.RaftServerImpl (RaftServerImpl.java:start(195)) - 217b40b1-6496-41ee-9e5f-1bb61aa45139@group-4E2B3EAA41A2: start as a follower, conf=-1: [217b40b1-6496-41ee-9e5f-1bb61aa45139:192.168.157.252:40951], old=null
2019-11-05 11:07:54,510 [pool-27-thread-1] INFO  impl.RaftServerImpl (RaftServerImpl.java:setRole(184)) - 217b40b1-6496-41ee-9e5f-1bb61aa45139@group-4E2B3EAA41A2: changes role from      null to FOLLOWER at term 0 for startAsFollower
2019-11-05 11:07:54,512 [pool-27-thread-1] INFO  impl.RoleInfo (RoleInfo.java:updateAndGet(143)) - 217b40b1-6496-41ee-9e5f-1bb61aa45139: start FollowerState
2019-11-05 11:07:54,515 [pool-27-thread-1] INFO  util.JmxRegister (JmxRegister.java:tryRegister(44)) - Successfully registered JMX Bean with object name Ratis:service=RaftServer,group=group-4E2B3EAA41A2,id=217b40b1-6496-41ee-9e5f-1bb61aa45139
2019-11-05 11:07:54,646 [RatisPipelineUtilsThread] INFO  pipeline.PipelineStateManager (PipelineStateManager.java:addPipeline(56)) - Created pipeline Pipeline[ Id: 80c204d9-9921-4f05-953f-4e2b3eaa41a2, Nodes: 217b40b1-6496-41ee-9e5f-1bb61aa45139{ip: 192.168.157.252, host: pr-hdds-1643-qwrct-1900426900, networkLocation: /default-rack, certSerialId: null}, Type:RATIS, Factor:ONE, State:OPEN]
2019-11-05 11:07:54,694 [grpc-default-executor-0] INFO  impl.RaftServerProxy (RaftServerProxy.java:addNew(89)) - 69837c10-b6a5-4691-9f82-b2bf7c109e66: addNew group-41A355D7E3B8:[69837c10-b6a5-4691-9f82-b2bf7c109e66:192.168.157.252:40716] returns group-41A355D7E3B8:java.util.concurrent.CompletableFuture@70a88c35[Not completed]
2019-11-05 11:07:54,725 [pool-37-thread-1] INFO  impl.RaftServerImpl (RaftServerImpl.java:<init>(104)) - 69837c10-b6a5-4691-9f82-b2bf7c109e66: new RaftServerImpl for group-41A355D7E3B8:[69837c10-b6a5-4691-9f82-b2bf7c109e66:192.168.157.252:40716] with ContainerStateMachine:uninitialized
2019-11-05 11:07:54,728 [pool-37-thread-1] INFO  server.RaftServerConfigKeys (ConfUtils.java:logGet(43)) - raft.server.rpc.timeout.min = 5s (custom)
2019-11-05 11:07:54,728 [pool-37-thread-1] INFO  server.RaftServerConfigKeys (ConfUtils.java:logGet(43)) - raft.server.rpc.timeout.max = 5200ms (custom)
2019-11-05 11:07:54,728 [pool-37-thread-1] INFO  server.RaftServerConfigKeys (ConfUtils.java:logGet(43)) - raft.server.rpcslowness.timeout = 1000s (custom)
2019-11-05 11:07:54,728 [pool-37-thread-1] INFO  server.RaftServerConfigKeys (ConfUtils.java:logGet(43)) - raft.server.sleep.deviation.threshold = 300 (default)
2019-11-05 11:07:54,728 [pool-37-thread-1] INFO  server.RaftServerConfigKeys (ConfUtils.java:logGet(43)) - raft.server.log.appender.install.snapshot.enabled = false (custom)
2019-11-05 11:07:54,729 [pool-37-thread-1] INFO  impl.RaftServerImpl (ServerState.java:<init>(103)) - 69837c10-b6a5-4691-9f82-b2bf7c109e66@group-41A355D7E3B8: ConfigurationManager, init=-1: [69837c10-b6a5-4691-9f82-b2bf7c109e66:192.168.157.252:40716], old=null, confs=<EMPTY_MAP>
2019-11-05 11:07:54,729 [pool-37-thread-1] INFO  server.RaftServerConfigKeys (ConfUtils.java:logGet(43)) - raft.server.storage.dir = [/workdir/hadoop-ozone/integration-test/target/test-dir/MiniOzoneClusterImpl-15323bb8-fab1-4b87-97a4-cbcc55a81608/datanode-1/data/ratis] (custom)
2019-11-05 11:07:54,729 [pool-37-thread-1] INFO  server.RaftServerConfigKeys (ConfUtils.java:logGet(43)) - raft.server.log.corruption.policy = EXCEPTION (default)
2019-11-05 11:07:54,730 [pool-37-thread-1] INFO  storage.RaftStorageDirectory (RaftStorageDirectory.java:analyzeStorage(246)) - The storage directory /workdir/hadoop-ozone/integration-test/target/test-dir/MiniOzoneClusterImpl-15323bb8-fab1-4b87-97a4-cbcc55a81608/datanode-1/data/ratis/9cf0fd4e-9ab8-4fbc-8511-41a355d7e3b8 does not exist. Creating ...
2019-11-05 11:07:54,743 [Thread-186] INFO  impl.FollowerState (FollowerState.java:run(108)) - 217b40b1-6496-41ee-9e5f-1bb61aa45139@group-4E2B3EAA41A2-FollowerState: change to CANDIDATE, lastRpcTime:231ms, electionTimeout:194ms
2019-11-05 11:07:54,745 [pool-37-thread-1] INFO  storage.RaftStorageDirectory (RaftStorageDirectory.java:tryLock(328)) - Lock on /workdir/hadoop-ozone/integration-test/target/test-dir/MiniOzoneClusterImpl-15323bb8-fab1-4b87-97a4-cbcc55a81608/datanode-1/data/ratis/9cf0fd4e-9ab8-4fbc-8511-41a355d7e3b8/in_use.lock acquired by nodename 17229@pr-hdds-1643-qwrct-1900426900
2019-11-05 11:07:54,748 [Thread-186] INFO  impl.RoleInfo (RoleInfo.java:shutdownFollowerState(121)) - 217b40b1-6496-41ee-9e5f-1bb61aa45139: shutdown FollowerState
2019-11-05 11:07:54,749 [Thread-186] INFO  impl.RaftServerImpl (RaftServerImpl.java:setRole(184)) - 217b40b1-6496-41ee-9e5f-1bb61aa45139@group-4E2B3EAA41A2: changes role from  FOLLOWER to CANDIDATE at term 0 for changeToCandidate
2019-11-05 11:07:54,754 [Thread-186] INFO  impl.RoleInfo (RoleInfo.java:updateAndGet(143)) - 217b40b1-6496-41ee-9e5f-1bb61aa45139: start LeaderElection
2019-11-05 11:07:54,759 [pool-37-thread-1] INFO  storage.RaftStorage (RaftStorage.java:format(84)) - Storage directory /workdir/hadoop-ozone/integration-test/target/test-dir/MiniOzoneClusterImpl-15323bb8-fab1-4b87-97a4-cbcc55a81608/datanode-1/data/ratis/9cf0fd4e-9ab8-4fbc-8511-41a355d7e3b8 has been successfully formatted.
2019-11-05 11:07:54,778 [pool-37-thread-1] INFO  ratis.ContainerStateMachine (ContainerStateMachine.java:loadSnapshot(231)) - group-41A355D7E3B8: The snapshot info is null. Setting the last applied indexto:(t:0, i:~)
2019-11-05 11:07:54,779 [pool-37-thread-1] INFO  server.RaftServerConfigKeys (ConfUtils.java:logGet(43)) - raft.server.notification.no-leader.timeout = 1000s (custom)
2019-11-05 11:07:54,779 [pool-37-thread-1] INFO  server.RaftServerConfigKeys (ConfUtils.java:logGet(43)) - raft.server.log.use.memory = false (default)
2019-11-05 11:07:54,780 [pool-37-thread-1] INFO  server.RaftServerConfigKeys (ConfUtils.java:logGet(43)) - raft.server.log.purge.gap = 1000000 (custom)
2019-11-05 11:07:54,780 [pool-37-thread-1] INFO  server.RaftServerConfigKeys (ConfUtils.java:logGet(43)) - raft.server.log.appender.buffer.byte-limit = 33554432 (custom)
2019-11-05 11:07:54,780 [pool-37-thread-1] INFO  server.RaftServerConfigKeys (ConfUtils.java:logGet(43)) - raft.server.log.segment.size.max = 1048576 (custom)
2019-11-05 11:07:54,786 [pool-37-thread-1] INFO  server.RaftServerConfigKeys (ConfUtils.java:logGet(43)) - raft.server.log.segment.cache.num.max = 2 (custom)
2019-11-05 11:07:54,786 [pool-37-thread-1] INFO  segmented.SegmentedRaftLogWorker (SegmentedRaftLogWorker.java:<init>(173)) - new 69837c10-b6a5-4691-9f82-b2bf7c109e66@group-41A355D7E3B8-SegmentedRaftLogWorker for RaftStorage:Storage Directory /workdir/hadoop-ozone/integration-test/target/test-dir/MiniOzoneClusterImpl-15323bb8-fab1-4b87-97a4-cbcc55a81608/datanode-1/data/ratis/9cf0fd4e-9ab8-4fbc-8511-41a355d7e3b8
2019-11-05 11:07:54,788 [pool-37-thread-1] INFO  server.RaftServerConfigKeys (ConfUtils.java:logGet(43)) - raft.server.log.queue.byte-limit = 2147483647 (custom)
2019-11-05 11:07:54,788 [pool-37-thread-1] INFO  server.RaftServerConfigKeys (ConfUtils.java:logGet(43)) - raft.server.log.queue.element-limit = 1024 (custom)
2019-11-05 11:07:54,789 [pool-37-thread-1] INFO  server.RaftServerConfigKeys (ConfUtils.java:logGet(43)) - raft.server.log.segment.size.max = 1048576 (custom)
2019-11-05 11:07:54,789 [pool-37-thread-1] INFO  server.RaftServerConfigKeys (ConfUtils.java:logGet(43)) - raft.server.log.preallocated.size = 16384 (custom)
2019-11-05 11:07:54,789 [pool-37-thread-1] INFO  server.RaftServerConfigKeys (ConfUtils.java:logGet(43)) - raft.server.log.write.buffer.size = 33554432 (custom)
2019-11-05 11:07:54,789 [pool-37-thread-1] INFO  server.RaftServerConfigKeys (ConfUtils.java:logGet(43)) - raft.server.log.force.sync.num = 128 (default)
2019-11-05 11:07:54,790 [pool-37-thread-1] INFO  server.RaftServerConfigKeys (ConfUtils.java:logGet(43)) - raft.server.log.statemachine.data.sync = true (default)
2019-11-05 11:07:54,790 [pool-37-thread-1] INFO  server.RaftServerConfigKeys (ConfUtils.java:logGet(43)) - raft.server.log.statemachine.data.sync.timeout = 10s (default)
2019-11-05 11:07:54,790 [pool-37-thread-1] INFO  server.RaftServerConfigKeys (ConfUtils.java:logGet(43)) - raft.server.log.statemachine.data.sync.timeout.retry = -1 (default)
2019-11-05 11:07:54,790 [217b40b1-6496-41ee-9e5f-1bb61aa45139@group-4E2B3EAA41A2-LeaderElection1] INFO  impl.LeaderElection (LeaderElection.java:askForVotes(178)) - 217b40b1-6496-41ee-9e5f-1bb61aa45139@group-4E2B3EAA41A2-LeaderElection1: begin an election at term 1 for -1: [217b40b1-6496-41ee-9e5f-1bb61aa45139:192.168.157.252:40951], old=null
2019-11-05 11:07:54,793 [217b40b1-6496-41ee-9e5f-1bb61aa45139@group-4E2B3EAA41A2-LeaderElection1] INFO  impl.RoleInfo (RoleInfo.java:shutdownLeaderElection(134)) - 217b40b1-6496-41ee-9e5f-1bb61aa45139: shutdown LeaderElection
2019-11-05 11:07:54,793 [217b40b1-6496-41ee-9e5f-1bb61aa45139@group-4E2B3EAA41A2-LeaderElection1] INFO  impl.RaftServerImpl (RaftServerImpl.java:setRole(184)) - 217b40b1-6496-41ee-9e5f-1bb61aa45139@group-4E2B3EAA41A2: changes role from CANDIDATE to LEADER at term 1 for changeToLeader
2019-11-05 11:07:54,794 [217b40b1-6496-41ee-9e5f-1bb61aa45139@group-4E2B3EAA41A2-LeaderElection1] INFO  impl.RaftServerImpl (ServerState.java:setLeader(256)) - 217b40b1-6496-41ee-9e5f-1bb61aa45139@group-4E2B3EAA41A2: change Leader from null to 217b40b1-6496-41ee-9e5f-1bb61aa45139 at term 1 for becomeLeader, leader elected after 432ms
2019-11-05 11:07:54,798 [pool-37-thread-1] INFO  server.RaftServerConfigKeys (ConfUtils.java:logGet(43)) - raft.server.log.statemachine.data.caching.enabled = true (custom)
2019-11-05 11:07:54,801 [pool-37-thread-1] INFO  segmented.SegmentedRaftLogWorker (SegmentedRaftLogWorker.java:lambda$new$0(128)) - 69837c10-b6a5-4691-9f82-b2bf7c109e66@group-41A355D7E3B8-SegmentedRaftLogWorker: flushIndex: setUnconditionally 0 -> -1
2019-11-05 11:07:54,803 [pool-37-thread-1] INFO  server.RaftServerConfigKeys (ConfUtils.java:logGet(43)) - raft.server.snapshot.auto.trigger.enabled = true (custom)
2019-11-05 11:07:54,803 [pool-37-thread-1] INFO  server.RaftServerConfigKeys (ConfUtils.java:logGet(43)) - raft.server.snapshot.auto.trigger.threshold = 10000 (custom)
2019-11-05 11:07:54,803 [pool-37-thread-1] INFO  server.RaftServerConfigKeys (ConfUtils.java:logGet(43)) - raft.server.snapshot.retention.file.num = 5 (custom)
2019-11-05 11:07:54,805 [pool-37-thread-1] INFO  server.RaftServerConfigKeys (ConfUtils.java:logGet(43)) - raft.server.retrycache.expirytime = 600000ms (custom)
2019-11-05 11:07:54,808 [217b40b1-6496-41ee-9e5f-1bb61aa45139@group-4E2B3EAA41A2-LeaderElection1] INFO  server.RaftServerConfigKeys (ConfUtils.java:logGet(43)) - raft.server.staging.catchup.gap = 1000 (default)
2019-11-05 11:07:54,808 [217b40b1-6496-41ee-9e5f-1bb61aa45139@group-4E2B3EAA41A2-LeaderElection1] INFO  server.RaftServerConfigKeys (ConfUtils.java:logGet(43)) - raft.server.rpc.sleep.time = 25ms (default)
2019-11-05 11:07:54,824 [217b40b1-6496-41ee-9e5f-1bb61aa45139@group-4E2B3EAA41A2-LeaderElection1] INFO  server.RaftServerConfigKeys (ConfUtils.java:logGet(43)) - raft.server.write.element-limit = 4096 (default)
2019-11-05 11:07:54,837 [217b40b1-6496-41ee-9e5f-1bb61aa45139@group-4E2B3EAA41A2-LeaderElection1] INFO  server.RaftServerConfigKeys (ConfUtils.java:logGet(43)) - raft.server.watch.timeout = 10s (default)
2019-11-05 11:07:54,837 [217b40b1-6496-41ee-9e5f-1bb61aa45139@group-4E2B3EAA41A2-LeaderElection1] INFO  server.RaftServerConfigKeys (ConfUtils.java:logGet(43)) - raft.server.watch.timeout.denomination = 1s (default)
2019-11-05 11:07:54,837 [pool-37-thread-1] INFO  impl.RaftServerImpl (RaftServerImpl.java:start(195)) - 69837c10-b6a5-4691-9f82-b2bf7c109e66@group-41A355D7E3B8: start as a follower, conf=-1: [69837c10-b6a5-4691-9f82-b2bf7c109e66:192.168.157.252:40716], old=null
2019-11-05 11:07:54,839 [pool-37-thread-1] INFO  impl.RaftServerImpl (RaftServerImpl.java:setRole(184)) - 69837c10-b6a5-4691-9f82-b2bf7c109e66@group-41A355D7E3B8: changes role from      null to FOLLOWER at term 0 for startAsFollower
2019-11-05 11:07:54,840 [pool-37-thread-1] INFO  impl.RoleInfo (RoleInfo.java:updateAndGet(143)) - 69837c10-b6a5-4691-9f82-b2bf7c109e66: start FollowerState
2019-11-05 11:07:54,841 [pool-37-thread-1] INFO  util.JmxRegister (JmxRegister.java:tryRegister(44)) - Successfully registered JMX Bean with object name Ratis:service=RaftServer,group=group-41A355D7E3B8,id=69837c10-b6a5-4691-9f82-b2bf7c109e66
2019-11-05 11:07:54,846 [217b40b1-6496-41ee-9e5f-1bb61aa45139@group-4E2B3EAA41A2-LeaderElection1] INFO  server.RaftServerConfigKeys (ConfUtils.java:logGet(43)) - raft.server.watch.element-limit = 65536 (default)
2019-11-05 11:07:54,904 [RatisPipelineUtilsThread] INFO  pipeline.PipelineStateManager (PipelineStateManager.java:addPipeline(56)) - Created pipeline Pipeline[ Id: 9cf0fd4e-9ab8-4fbc-8511-41a355d7e3b8, Nodes: 69837c10-b6a5-4691-9f82-b2bf7c109e66{ip: 192.168.157.252, host: pr-hdds-1643-qwrct-1900426900, networkLocation: /default-rack, certSerialId: null}, Type:RATIS, Factor:ONE, State:OPEN]
2019-11-05 11:07:54,938 [Thread-191] INFO  impl.FollowerState (FollowerState.java:run(108)) - 69837c10-b6a5-4691-9f82-b2bf7c109e66@group-41A355D7E3B8-FollowerState: change to CANDIDATE, lastRpcTime:98ms, electionTimeout:81ms
2019-11-05 11:07:54,948 [Thread-191] INFO  impl.RoleInfo (RoleInfo.java:shutdownFollowerState(121)) - 69837c10-b6a5-4691-9f82-b2bf7c109e66: shutdown FollowerState
2019-11-05 11:07:54,949 [Thread-191] INFO  impl.RaftServerImpl (RaftServerImpl.java:setRole(184)) - 69837c10-b6a5-4691-9f82-b2bf7c109e66@group-41A355D7E3B8: changes role from  FOLLOWER to CANDIDATE at term 0 for changeToCandidate
2019-11-05 11:07:54,949 [Thread-191] INFO  impl.RoleInfo (RoleInfo.java:updateAndGet(143)) - 69837c10-b6a5-4691-9f82-b2bf7c109e66: start LeaderElection
2019-11-05 11:07:54,960 [grpc-default-executor-0] INFO  impl.RaftServerProxy (RaftServerProxy.java:addNew(89)) - b4fa652e-9609-43ae-a5da-dbaebd8b3d71: addNew group-E99F3F14AA9C:[b4fa652e-9609-43ae-a5da-dbaebd8b3d71:192.168.157.252:36685] returns group-E99F3F14AA9C:java.util.concurrent.CompletableFuture@3821a7d5[Not completed]
2019-11-05 11:07:54,973 [69837c10-b6a5-4691-9f82-b2bf7c109e66@group-41A355D7E3B8-LeaderElection2] INFO  impl.LeaderElection (LeaderElection.java:askForVotes(178)) - 69837c10-b6a5-4691-9f82-b2bf7c109e66@group-41A355D7E3B8-LeaderElection2: begin an election at term 1 for -1: [69837c10-b6a5-4691-9f82-b2bf7c109e66:192.168.157.252:40716], old=null
2019-11-05 11:07:54,977 [69837c10-b6a5-4691-9f82-b2bf7c109e66@group-41A355D7E3B8-LeaderElection2] INFO  impl.RoleInfo (RoleInfo.java:shutdownLeaderElection(134)) - 69837c10-b6a5-4691-9f82-b2bf7c109e66: shutdown LeaderElection
2019-11-05 11:07:54,977 [69837c10-b6a5-4691-9f82-b2bf7c109e66@group-41A355D7E3B8-LeaderElection2] INFO  impl.RaftServerImpl (RaftServerImpl.java:setRole(184)) - 69837c10-b6a5-4691-9f82-b2bf7c109e66@group-41A355D7E3B8: changes role from CANDIDATE to LEADER at term 1 for changeToLeader
2019-11-05 11:07:54,977 [69837c10-b6a5-4691-9f82-b2bf7c109e66@group-41A355D7E3B8-LeaderElection2] INFO  impl.RaftServerImpl (ServerState.java:setLeader(256)) - 69837c10-b6a5-4691-9f82-b2bf7c109e66@group-41A355D7E3B8: change Leader from null to 69837c10-b6a5-4691-9f82-b2bf7c109e66 at term 1 for becomeLeader, leader elected after 197ms
2019-11-05 11:07:54,977 [69837c10-b6a5-4691-9f82-b2bf7c109e66@group-41A355D7E3B8-LeaderElection2] INFO  server.RaftServerConfigKeys (ConfUtils.java:logGet(43)) - raft.server.staging.catchup.gap = 1000 (default)
2019-11-05 11:07:54,977 [69837c10-b6a5-4691-9f82-b2bf7c109e66@group-41A355D7E3B8-LeaderElection2] INFO  server.RaftServerConfigKeys (ConfUtils.java:logGet(43)) - raft.server.rpc.sleep.time = 25ms (default)
2019-11-05 11:07:54,978 [69837c10-b6a5-4691-9f82-b2bf7c109e66@group-41A355D7E3B8-LeaderElection2] INFO  server.RaftServerConfigKeys (ConfUtils.java:logGet(43)) - raft.server.write.element-limit = 4096 (default)
2019-11-05 11:07:54,980 [69837c10-b6a5-4691-9f82-b2bf7c109e66@group-41A355D7E3B8-LeaderElection2] INFO  server.RaftServerConfigKeys (ConfUtils.java:logGet(43)) - raft.server.watch.timeout = 10s (default)
2019-11-05 11:07:54,980 [69837c10-b6a5-4691-9f82-b2bf7c109e66@group-41A355D7E3B8-LeaderElection2] INFO  server.RaftServerConfigKeys (ConfUtils.java:logGet(43)) - raft.server.watch.timeout.denomination = 1s (default)
2019-11-05 11:07:54,980 [69837c10-b6a5-4691-9f82-b2bf7c109e66@group-41A355D7E3B8-LeaderElection2] INFO  server.RaftServerConfigKeys (ConfUtils.java:logGet(43)) - raft.server.watch.element-limit = 65536 (default)
2019-11-05 11:07:54,990 [main] INFO  ozone.MiniOzoneClusterImpl (MiniOzoneClusterImpl.java:lambda$waitForClusterToBeReady$0(147)) - Cluster is ready. Got 3 of 3 DN Heartbeats.
2019-11-05 11:07:55,022 [pool-47-thread-1] INFO  impl.RaftServerImpl (RaftServerImpl.java:<init>(104)) - b4fa652e-9609-43ae-a5da-dbaebd8b3d71: new RaftServerImpl for group-E99F3F14AA9C:[b4fa652e-9609-43ae-a5da-dbaebd8b3d71:192.168.157.252:36685] with ContainerStateMachine:uninitialized
2019-11-05 11:07:55,040 [69837c10-b6a5-4691-9f82-b2bf7c109e66@group-41A355D7E3B8-LeaderElection2] INFO  impl.RoleInfo (RoleInfo.java:updateAndGet(143)) - 69837c10-b6a5-4691-9f82-b2bf7c109e66: start LeaderState
2019-11-05 11:07:55,085 [pool-47-thread-1] INFO  server.RaftServerConfigKeys (ConfUtils.java:logGet(43)) - raft.server.rpc.timeout.min = 5s (custom)
2019-11-05 11:07:55,085 [pool-47-thread-1] INFO  server.RaftServerConfigKeys (ConfUtils.java:logGet(43)) - raft.server.rpc.timeout.max = 5200ms (custom)
2019-11-05 11:07:55,085 [pool-47-thread-1] INFO  server.RaftServerConfigKeys (ConfUtils.java:logGet(43)) - raft.server.rpcslowness.timeout = 1000s (custom)
2019-11-05 11:07:55,085 [pool-47-thread-1] INFO  server.RaftServerConfigKeys (ConfUtils.java:logGet(43)) - raft.server.sleep.deviation.threshold = 300 (default)
2019-11-05 11:07:55,086 [pool-47-thread-1] INFO  server.RaftServerConfigKeys (ConfUtils.java:logGet(43)) - raft.server.log.appender.install.snapshot.enabled = false (custom)
2019-11-05 11:07:55,086 [pool-47-thread-1] INFO  impl.RaftServerImpl (ServerState.java:<init>(103)) - b4fa652e-9609-43ae-a5da-dbaebd8b3d71@group-E99F3F14AA9C: ConfigurationManager, init=-1: [b4fa652e-9609-43ae-a5da-dbaebd8b3d71:192.168.157.252:36685], old=null, confs=<EMPTY_MAP>
2019-11-05 11:07:55,086 [pool-47-thread-1] INFO  server.RaftServerConfigKeys (ConfUtils.java:logGet(43)) - raft.server.storage.dir = [/workdir/hadoop-ozone/integration-test/target/test-dir/MiniOzoneClusterImpl-15323bb8-fab1-4b87-97a4-cbcc55a81608/datanode-2/data/ratis] (custom)
2019-11-05 11:07:55,086 [pool-47-thread-1] INFO  server.RaftServerConfigKeys (ConfUtils.java:logGet(43)) - raft.server.log.corruption.policy = EXCEPTION (default)
2019-11-05 11:07:55,087 [pool-47-thread-1] INFO  storage.RaftStorageDirectory (RaftStorageDirectory.java:analyzeStorage(246)) - The storage directory /workdir/hadoop-ozone/integration-test/target/test-dir/MiniOzoneClusterImpl-15323bb8-fab1-4b87-97a4-cbcc55a81608/datanode-2/data/ratis/f63e583d-d6c2-4f95-88c7-e99f3f14aa9c does not exist. Creating ...
2019-11-05 11:07:55,088 [217b40b1-6496-41ee-9e5f-1bb61aa45139@group-4E2B3EAA41A2-LeaderElection1] INFO  impl.RoleInfo (RoleInfo.java:updateAndGet(143)) - 217b40b1-6496-41ee-9e5f-1bb61aa45139: start LeaderState
2019-11-05 11:07:55,095 [69837c10-b6a5-4691-9f82-b2bf7c109e66@group-41A355D7E3B8-LeaderElection2] INFO  segmented.SegmentedRaftLogWorker (SegmentedRaftLogWorker.java:startLogSegment(385)) - 69837c10-b6a5-4691-9f82-b2bf7c109e66@group-41A355D7E3B8-SegmentedRaftLogWorker: Starting segment from index:0
2019-11-05 11:07:55,095 [217b40b1-6496-41ee-9e5f-1bb61aa45139@group-4E2B3EAA41A2-LeaderElection1] INFO  segmented.SegmentedRaftLogWorker (SegmentedRaftLogWorker.java:startLogSegment(385)) - 217b40b1-6496-41ee-9e5f-1bb61aa45139@group-4E2B3EAA41A2-SegmentedRaftLogWorker: Starting segment from index:0
2019-11-05 11:07:55,108 [217b40b1-6496-41ee-9e5f-1bb61aa45139@group-4E2B3EAA41A2-LeaderElection1] INFO  impl.RaftServerImpl (ServerState.java:setRaftConf(357)) - 217b40b1-6496-41ee-9e5f-1bb61aa45139@group-4E2B3EAA41A2: set configuration 0: [217b40b1-6496-41ee-9e5f-1bb61aa45139:192.168.157.252:40951], old=null at 0
2019-11-05 11:07:55,112 [pool-47-thread-1] INFO  storage.RaftStorageDirectory (RaftStorageDirectory.java:tryLock(328)) - Lock on /workdir/hadoop-ozone/integration-test/target/test-dir/MiniOzoneClusterImpl-15323bb8-fab1-4b87-97a4-cbcc55a81608/datanode-2/data/ratis/f63e583d-d6c2-4f95-88c7-e99f3f14aa9c/in_use.lock acquired by nodename 17229@pr-hdds-1643-qwrct-1900426900
2019-11-05 11:07:55,120 [69837c10-b6a5-4691-9f82-b2bf7c109e66@group-41A355D7E3B8-LeaderElection2] INFO  impl.RaftServerImpl (ServerState.java:setRaftConf(357)) - 69837c10-b6a5-4691-9f82-b2bf7c109e66@group-41A355D7E3B8: set configuration 0: [69837c10-b6a5-4691-9f82-b2bf7c109e66:192.168.157.252:40716], old=null at 0
2019-11-05 11:07:55,127 [pool-47-thread-1] INFO  storage.RaftStorage (RaftStorage.java:format(84)) - Storage directory /workdir/hadoop-ozone/integration-test/target/test-dir/MiniOzoneClusterImpl-15323bb8-fab1-4b87-97a4-cbcc55a81608/datanode-2/data/ratis/f63e583d-d6c2-4f95-88c7-e99f3f14aa9c has been successfully formatted.
2019-11-05 11:07:55,127 [pool-47-thread-1] INFO  ratis.ContainerStateMachine (ContainerStateMachine.java:loadSnapshot(231)) - group-E99F3F14AA9C: The snapshot info is null. Setting the last applied indexto:(t:0, i:~)
2019-11-05 11:07:55,128 [pool-47-thread-1] INFO  server.RaftServerConfigKeys (ConfUtils.java:logGet(43)) - raft.server.notification.no-leader.timeout = 1000s (custom)
2019-11-05 11:07:55,128 [pool-47-thread-1] INFO  server.RaftServerConfigKeys (ConfUtils.java:logGet(43)) - raft.server.log.use.memory = false (default)
2019-11-05 11:07:55,128 [pool-47-thread-1] INFO  server.RaftServerConfigKeys (ConfUtils.java:logGet(43)) - raft.server.log.purge.gap = 1000000 (custom)
2019-11-05 11:07:55,128 [pool-47-thread-1] INFO  server.RaftServerConfigKeys (ConfUtils.java:logGet(43)) - raft.server.log.appender.buffer.byte-limit = 33554432 (custom)
2019-11-05 11:07:55,128 [pool-47-thread-1] INFO  server.RaftServerConfigKeys (ConfUtils.java:logGet(43)) - raft.server.log.segment.size.max = 1048576 (custom)
2019-11-05 11:07:55,132 [pool-47-thread-1] INFO  server.RaftServerConfigKeys (ConfUtils.java:logGet(43)) - raft.server.log.segment.cache.num.max = 2 (custom)
2019-11-05 11:07:55,133 [pool-47-thread-1] INFO  segmented.SegmentedRaftLogWorker (SegmentedRaftLogWorker.java:<init>(173)) - new b4fa652e-9609-43ae-a5da-dbaebd8b3d71@group-E99F3F14AA9C-SegmentedRaftLogWorker for RaftStorage:Storage Directory /workdir/hadoop-ozone/integration-test/target/test-dir/MiniOzoneClusterImpl-15323bb8-fab1-4b87-97a4-cbcc55a81608/datanode-2/data/ratis/f63e583d-d6c2-4f95-88c7-e99f3f14aa9c
2019-11-05 11:07:55,133 [pool-47-thread-1] INFO  server.RaftServerConfigKeys (ConfUtils.java:logGet(43)) - raft.server.log.queue.byte-limit = 2147483647 (custom)
2019-11-05 11:07:55,133 [pool-47-thread-1] INFO  server.RaftServerConfigKeys (ConfUtils.java:logGet(43)) - raft.server.log.queue.element-limit = 1024 (custom)
2019-11-05 11:07:55,134 [pool-47-thread-1] INFO  server.RaftServerConfigKeys (ConfUtils.java:logGet(43)) - raft.server.log.segment.size.max = 1048576 (custom)
2019-11-05 11:07:55,134 [pool-47-thread-1] INFO  server.RaftServerConfigKeys (ConfUtils.java:logGet(43)) - raft.server.log.preallocated.size = 16384 (custom)
2019-11-05 11:07:55,134 [pool-47-thread-1] INFO  server.RaftServerConfigKeys (ConfUtils.java:logGet(43)) - raft.server.log.write.buffer.size = 33554432 (custom)
2019-11-05 11:07:55,134 [pool-47-thread-1] INFO  server.RaftServerConfigKeys (ConfUtils.java:logGet(43)) - raft.server.log.force.sync.num = 128 (default)
2019-11-05 11:07:55,134 [pool-47-thread-1] INFO  server.RaftServerConfigKeys (ConfUtils.java:logGet(43)) - raft.server.log.statemachine.data.sync = true (default)
2019-11-05 11:07:55,135 [pool-47-thread-1] INFO  server.RaftServerConfigKeys (ConfUtils.java:logGet(43)) - raft.server.log.statemachine.data.sync.timeout = 10s (default)
2019-11-05 11:07:55,135 [pool-47-thread-1] INFO  server.RaftServerConfigKeys (ConfUtils.java:logGet(43)) - raft.server.log.statemachine.data.sync.timeout.retry = -1 (default)
2019-11-05 11:07:55,136 [pool-47-thread-1] INFO  server.RaftServerConfigKeys (ConfUtils.java:logGet(43)) - raft.server.log.statemachine.data.caching.enabled = true (custom)
2019-11-05 11:07:55,136 [pool-47-thread-1] INFO  segmented.SegmentedRaftLogWorker (SegmentedRaftLogWorker.java:lambda$new$0(128)) - b4fa652e-9609-43ae-a5da-dbaebd8b3d71@group-E99F3F14AA9C-SegmentedRaftLogWorker: flushIndex: setUnconditionally 0 -> -1
2019-11-05 11:07:55,137 [pool-47-thread-1] INFO  server.RaftServerConfigKeys (ConfUtils.java:logGet(43)) - raft.server.snapshot.auto.trigger.enabled = true (custom)
2019-11-05 11:07:55,137 [pool-47-thread-1] INFO  server.RaftServerConfigKeys (ConfUtils.java:logGet(43)) - raft.server.snapshot.auto.trigger.threshold = 10000 (custom)
2019-11-05 11:07:55,137 [pool-47-thread-1] INFO  server.RaftServerConfigKeys (ConfUtils.java:logGet(43)) - raft.server.snapshot.retention.file.num = 5 (custom)
2019-11-05 11:07:55,138 [pool-47-thread-1] INFO  server.RaftServerConfigKeys (ConfUtils.java:logGet(43)) - raft.server.retrycache.expirytime = 600000ms (custom)
2019-11-05 11:07:55,144 [pool-47-thread-1] INFO  impl.RaftServerImpl (RaftServerImpl.java:start(195)) - b4fa652e-9609-43ae-a5da-dbaebd8b3d71@group-E99F3F14AA9C: start as a follower, conf=-1: [b4fa652e-9609-43ae-a5da-dbaebd8b3d71:192.168.157.252:36685], old=null
2019-11-05 11:07:55,145 [pool-47-thread-1] INFO  impl.RaftServerImpl (RaftServerImpl.java:setRole(184)) - b4fa652e-9609-43ae-a5da-dbaebd8b3d71@group-E99F3F14AA9C: changes role from      null to FOLLOWER at term 0 for startAsFollower
2019-11-05 11:07:55,145 [pool-47-thread-1] INFO  impl.RoleInfo (RoleInfo.java:updateAndGet(143)) - b4fa652e-9609-43ae-a5da-dbaebd8b3d71: start FollowerState
2019-11-05 11:07:55,145 [pool-47-thread-1] INFO  util.JmxRegister (JmxRegister.java:tryRegister(44)) - Successfully registered JMX Bean with object name Ratis:service=RaftServer,group=group-E99F3F14AA9C,id=b4fa652e-9609-43ae-a5da-dbaebd8b3d71
2019-11-05 11:07:55,160 [RatisPipelineUtilsThread] INFO  pipeline.PipelineStateManager (PipelineStateManager.java:addPipeline(56)) - Created pipeline Pipeline[ Id: f63e583d-d6c2-4f95-88c7-e99f3f14aa9c, Nodes: b4fa652e-9609-43ae-a5da-dbaebd8b3d71{ip: 192.168.157.252, host: pr-hdds-1643-qwrct-1900426900, networkLocation: /default-rack, certSerialId: null}, Type:RATIS, Factor:ONE, State:OPEN]
2019-11-05 11:07:55,244 [Thread-199] INFO  impl.FollowerState (FollowerState.java:run(108)) - b4fa652e-9609-43ae-a5da-dbaebd8b3d71@group-E99F3F14AA9C-FollowerState: change to CANDIDATE, lastRpcTime:99ms, electionTimeout:94ms
2019-11-05 11:07:55,245 [Thread-199] INFO  impl.RoleInfo (RoleInfo.java:shutdownFollowerState(121)) - b4fa652e-9609-43ae-a5da-dbaebd8b3d71: shutdown FollowerState
2019-11-05 11:07:55,245 [Thread-199] INFO  impl.RaftServerImpl (RaftServerImpl.java:setRole(184)) - b4fa652e-9609-43ae-a5da-dbaebd8b3d71@group-E99F3F14AA9C: changes role from  FOLLOWER to CANDIDATE at term 0 for changeToCandidate
2019-11-05 11:07:55,245 [Thread-199] INFO  impl.RoleInfo (RoleInfo.java:updateAndGet(143)) - b4fa652e-9609-43ae-a5da-dbaebd8b3d71: start LeaderElection
2019-11-05 11:07:55,278 [b4fa652e-9609-43ae-a5da-dbaebd8b3d71@group-E99F3F14AA9C-LeaderElection3] INFO  impl.LeaderElection (LeaderElection.java:askForVotes(178)) - b4fa652e-9609-43ae-a5da-dbaebd8b3d71@group-E99F3F14AA9C-LeaderElection3: begin an election at term 1 for -1: [b4fa652e-9609-43ae-a5da-dbaebd8b3d71:192.168.157.252:36685], old=null
2019-11-05 11:07:55,278 [b4fa652e-9609-43ae-a5da-dbaebd8b3d71@group-E99F3F14AA9C-LeaderElection3] INFO  impl.RoleInfo (RoleInfo.java:shutdownLeaderElection(134)) - b4fa652e-9609-43ae-a5da-dbaebd8b3d71: shutdown LeaderElection
2019-11-05 11:07:55,278 [b4fa652e-9609-43ae-a5da-dbaebd8b3d71@group-E99F3F14AA9C-LeaderElection3] INFO  impl.RaftServerImpl (RaftServerImpl.java:setRole(184)) - b4fa652e-9609-43ae-a5da-dbaebd8b3d71@group-E99F3F14AA9C: changes role from CANDIDATE to LEADER at term 1 for changeToLeader
2019-11-05 11:07:55,280 [b4fa652e-9609-43ae-a5da-dbaebd8b3d71@group-E99F3F14AA9C-LeaderElection3] INFO  impl.RaftServerImpl (ServerState.java:setLeader(256)) - b4fa652e-9609-43ae-a5da-dbaebd8b3d71@group-E99F3F14AA9C: change Leader from null to b4fa652e-9609-43ae-a5da-dbaebd8b3d71 at term 1 for becomeLeader, leader elected after 152ms
2019-11-05 11:07:55,280 [b4fa652e-9609-43ae-a5da-dbaebd8b3d71@group-E99F3F14AA9C-LeaderElection3] INFO  server.RaftServerConfigKeys (ConfUtils.java:logGet(43)) - raft.server.staging.catchup.gap = 1000 (default)
2019-11-05 11:07:55,280 [b4fa652e-9609-43ae-a5da-dbaebd8b3d71@group-E99F3F14AA9C-LeaderElection3] INFO  server.RaftServerConfigKeys (ConfUtils.java:logGet(43)) - raft.server.rpc.sleep.time = 25ms (default)
2019-11-05 11:07:55,284 [grpc-default-executor-1] INFO  impl.RaftServerProxy (RaftServerProxy.java:addNew(89)) - 69837c10-b6a5-4691-9f82-b2bf7c109e66: addNew group-FD4A39CE61DA:[217b40b1-6496-41ee-9e5f-1bb61aa45139:192.168.157.252:40951, 69837c10-b6a5-4691-9f82-b2bf7c109e66:192.168.157.252:40716, b4fa652e-9609-43ae-a5da-dbaebd8b3d71:192.168.157.252:36685] returns group-FD4A39CE61DA:java.util.concurrent.CompletableFuture@284072ed[Not completed]
2019-11-05 11:07:55,286 [pool-37-thread-1] INFO  impl.RaftServerImpl (RaftServerImpl.java:<init>(104)) - 69837c10-b6a5-4691-9f82-b2bf7c109e66: new RaftServerImpl for group-FD4A39CE61DA:[217b40b1-6496-41ee-9e5f-1bb61aa45139:192.168.157.252:40951, 69837c10-b6a5-4691-9f82-b2bf7c109e66:192.168.157.252:40716, b4fa652e-9609-43ae-a5da-dbaebd8b3d71:192.168.157.252:36685] with ContainerStateMachine:uninitialized
2019-11-05 11:07:55,286 [pool-37-thread-1] INFO  server.RaftServerConfigKeys (ConfUtils.java:logGet(43)) - raft.server.rpc.timeout.min = 5s (custom)
2019-11-05 11:07:55,286 [pool-37-thread-1] INFO  server.RaftServerConfigKeys (ConfUtils.java:logGet(43)) - raft.server.rpc.timeout.max = 5200ms (custom)
2019-11-05 11:07:55,286 [pool-37-thread-1] INFO  server.RaftServerConfigKeys (ConfUtils.java:logGet(43)) - raft.server.rpcslowness.timeout = 1000s (custom)
2019-11-05 11:07:55,287 [pool-37-thread-1] INFO  server.RaftServerConfigKeys (ConfUtils.java:logGet(43)) - raft.server.sleep.deviation.threshold = 300 (default)
2019-11-05 11:07:55,287 [pool-37-thread-1] INFO  server.RaftServerConfigKeys (ConfUtils.java:logGet(43)) - raft.server.log.appender.install.snapshot.enabled = false (custom)
2019-11-05 11:07:55,287 [pool-37-thread-1] INFO  impl.RaftServerImpl (ServerState.java:<init>(103)) - 69837c10-b6a5-4691-9f82-b2bf7c109e66@group-FD4A39CE61DA: ConfigurationManager, init=-1: [217b40b1-6496-41ee-9e5f-1bb61aa45139:192.168.157.252:40951, 69837c10-b6a5-4691-9f82-b2bf7c109e66:192.168.157.252:40716, b4fa652e-9609-43ae-a5da-dbaebd8b3d71:192.168.157.252:36685], old=null, confs=<EMPTY_MAP>
2019-11-05 11:07:55,287 [pool-37-thread-1] INFO  server.RaftServerConfigKeys (ConfUtils.java:logGet(43)) - raft.server.storage.dir = [/workdir/hadoop-ozone/integration-test/target/test-dir/MiniOzoneClusterImpl-15323bb8-fab1-4b87-97a4-cbcc55a81608/datanode-1/data/ratis] (custom)
2019-11-05 11:07:55,288 [pool-37-thread-1] INFO  server.RaftServerConfigKeys (ConfUtils.java:logGet(43)) - raft.server.log.corruption.policy = EXCEPTION (default)
2019-11-05 11:07:55,288 [pool-37-thread-1] INFO  storage.RaftStorageDirectory (RaftStorageDirectory.java:analyzeStorage(246)) - The storage directory /workdir/hadoop-ozone/integration-test/target/test-dir/MiniOzoneClusterImpl-15323bb8-fab1-4b87-97a4-cbcc55a81608/datanode-1/data/ratis/a8186365-22ae-4f7f-97bd-fd4a39ce61da does not exist. Creating ...
2019-11-05 11:07:55,299 [b4fa652e-9609-43ae-a5da-dbaebd8b3d71@group-E99F3F14AA9C-LeaderElection3] INFO  server.RaftServerConfigKeys (ConfUtils.java:logGet(43)) - raft.server.write.element-limit = 4096 (default)
2019-11-05 11:07:55,300 [b4fa652e-9609-43ae-a5da-dbaebd8b3d71@group-E99F3F14AA9C-LeaderElection3] INFO  server.RaftServerConfigKeys (ConfUtils.java:logGet(43)) - raft.server.watch.timeout = 10s (default)
2019-11-05 11:07:55,300 [b4fa652e-9609-43ae-a5da-dbaebd8b3d71@group-E99F3F14AA9C-LeaderElection3] INFO  server.RaftServerConfigKeys (ConfUtils.java:logGet(43)) - raft.server.watch.timeout.denomination = 1s (default)
2019-11-05 11:07:55,300 [b4fa652e-9609-43ae-a5da-dbaebd8b3d71@group-E99F3F14AA9C-LeaderElection3] INFO  server.RaftServerConfigKeys (ConfUtils.java:logGet(43)) - raft.server.watch.element-limit = 65536 (default)
2019-11-05 11:07:55,304 [b4fa652e-9609-43ae-a5da-dbaebd8b3d71@group-E99F3F14AA9C-LeaderElection3] INFO  impl.RoleInfo (RoleInfo.java:updateAndGet(143)) - b4fa652e-9609-43ae-a5da-dbaebd8b3d71: start LeaderState
2019-11-05 11:07:55,306 [pool-37-thread-1] INFO  storage.RaftStorageDirectory (RaftStorageDirectory.java:tryLock(328)) - Lock on /workdir/hadoop-ozone/integration-test/target/test-dir/MiniOzoneClusterImpl-15323bb8-fab1-4b87-97a4-cbcc55a81608/datanode-1/data/ratis/a8186365-22ae-4f7f-97bd-fd4a39ce61da/in_use.lock acquired by nodename 17229@pr-hdds-1643-qwrct-1900426900
2019-11-05 11:07:55,308 [pool-27-thread-1] INFO  impl.RaftServerImpl (RaftServerImpl.java:<init>(104)) - 217b40b1-6496-41ee-9e5f-1bb61aa45139: new RaftServerImpl for group-FD4A39CE61DA:[217b40b1-6496-41ee-9e5f-1bb61aa45139:192.168.157.252:40951, 69837c10-b6a5-4691-9f82-b2bf7c109e66:192.168.157.252:40716, b4fa652e-9609-43ae-a5da-dbaebd8b3d71:192.168.157.252:36685] with ContainerStateMachine:uninitialized
2019-11-05 11:07:55,309 [pool-27-thread-1] INFO  server.RaftServerConfigKeys (ConfUtils.java:logGet(43)) - raft.server.rpc.timeout.min = 5s (custom)
2019-11-05 11:07:55,309 [pool-27-thread-1] INFO  server.RaftServerConfigKeys (ConfUtils.java:logGet(43)) - raft.server.rpc.timeout.max = 5200ms (custom)
2019-11-05 11:07:55,309 [pool-27-thread-1] INFO  server.RaftServerConfigKeys (ConfUtils.java:logGet(43)) - raft.server.rpcslowness.timeout = 1000s (custom)
2019-11-05 11:07:55,309 [pool-27-thread-1] INFO  server.RaftServerConfigKeys (ConfUtils.java:logGet(43)) - raft.server.sleep.deviation.threshold = 300 (default)
2019-11-05 11:07:55,309 [pool-27-thread-1] INFO  server.RaftServerConfigKeys (ConfUtils.java:logGet(43)) - raft.server.log.appender.install.snapshot.enabled = false (custom)
2019-11-05 11:07:55,306 [grpc-default-executor-1] INFO  impl.RaftServerProxy (RaftServerProxy.java:addNew(89)) - 217b40b1-6496-41ee-9e5f-1bb61aa45139: addNew group-FD4A39CE61DA:[217b40b1-6496-41ee-9e5f-1bb61aa45139:192.168.157.252:40951, 69837c10-b6a5-4691-9f82-b2bf7c109e66:192.168.157.252:40716, b4fa652e-9609-43ae-a5da-dbaebd8b3d71:192.168.157.252:36685] returns group-FD4A39CE61DA:java.util.concurrent.CompletableFuture@697d78d6[Not completed]
2019-11-05 11:07:55,309 [pool-27-thread-1] INFO  impl.RaftServerImpl (ServerState.java:<init>(103)) - 217b40b1-6496-41ee-9e5f-1bb61aa45139@group-FD4A39CE61DA: ConfigurationManager, init=-1: [217b40b1-6496-41ee-9e5f-1bb61aa45139:192.168.157.252:40951, 69837c10-b6a5-4691-9f82-b2bf7c109e66:192.168.157.252:40716, b4fa652e-9609-43ae-a5da-dbaebd8b3d71:192.168.157.252:36685], old=null, confs=<EMPTY_MAP>
2019-11-05 11:07:55,310 [pool-27-thread-1] INFO  server.RaftServerConfigKeys (ConfUtils.java:logGet(43)) - raft.server.storage.dir = [/workdir/hadoop-ozone/integration-test/target/test-dir/MiniOzoneClusterImpl-15323bb8-fab1-4b87-97a4-cbcc55a81608/datanode-0/data/ratis] (custom)
2019-11-05 11:07:55,311 [b4fa652e-9609-43ae-a5da-dbaebd8b3d71@group-E99F3F14AA9C-LeaderElection3] INFO  segmented.SegmentedRaftLogWorker (SegmentedRaftLogWorker.java:startLogSegment(385)) - b4fa652e-9609-43ae-a5da-dbaebd8b3d71@group-E99F3F14AA9C-SegmentedRaftLogWorker: Starting segment from index:0
2019-11-05 11:07:55,312 [pool-37-thread-1] INFO  storage.RaftStorage (RaftStorage.java:format(84)) - Storage directory /workdir/hadoop-ozone/integration-test/target/test-dir/MiniOzoneClusterImpl-15323bb8-fab1-4b87-97a4-cbcc55a81608/datanode-1/data/ratis/a8186365-22ae-4f7f-97bd-fd4a39ce61da has been successfully formatted.
2019-11-05 11:07:55,312 [pool-37-thread-1] INFO  ratis.ContainerStateMachine (ContainerStateMachine.java:loadSnapshot(231)) - group-FD4A39CE61DA: The snapshot info is null. Setting the last applied indexto:(t:0, i:~)
2019-11-05 11:07:55,312 [b4fa652e-9609-43ae-a5da-dbaebd8b3d71@group-E99F3F14AA9C-LeaderElection3] INFO  impl.RaftServerImpl (ServerState.java:setRaftConf(357)) - b4fa652e-9609-43ae-a5da-dbaebd8b3d71@group-E99F3F14AA9C: set configuration 0: [b4fa652e-9609-43ae-a5da-dbaebd8b3d71:192.168.157.252:36685], old=null at 0
2019-11-05 11:07:55,313 [pool-37-thread-1] INFO  server.RaftServerConfigKeys (ConfUtils.java:logGet(43)) - raft.server.notification.no-leader.timeout = 1000s (custom)
2019-11-05 11:07:55,316 [pool-27-thread-1] INFO  server.RaftServerConfigKeys (ConfUtils.java:logGet(43)) - raft.server.log.corruption.policy = EXCEPTION (default)
2019-11-05 11:07:55,316 [pool-37-thread-1] INFO  server.RaftServerConfigKeys (ConfUtils.java:logGet(43)) - raft.server.log.use.memory = false (default)
2019-11-05 11:07:55,316 [pool-27-thread-1] INFO  storage.RaftStorageDirectory (RaftStorageDirectory.java:analyzeStorage(246)) - The storage directory /workdir/hadoop-ozone/integration-test/target/test-dir/MiniOzoneClusterImpl-15323bb8-fab1-4b87-97a4-cbcc55a81608/datanode-0/data/ratis/a8186365-22ae-4f7f-97bd-fd4a39ce61da does not exist. Creating ...
2019-11-05 11:07:55,317 [pool-37-thread-1] INFO  server.RaftServerConfigKeys (ConfUtils.java:logGet(43)) - raft.server.log.purge.gap = 1000000 (custom)
2019-11-05 11:07:55,317 [grpc-default-executor-1] INFO  impl.RaftServerProxy (RaftServerProxy.java:addNew(89)) - b4fa652e-9609-43ae-a5da-dbaebd8b3d71: addNew group-FD4A39CE61DA:[217b40b1-6496-41ee-9e5f-1bb61aa45139:192.168.157.252:40951, 69837c10-b6a5-4691-9f82-b2bf7c109e66:192.168.157.252:40716, b4fa652e-9609-43ae-a5da-dbaebd8b3d71:192.168.157.252:36685] returns group-FD4A39CE61DA:java.util.concurrent.CompletableFuture@73a2c044[Not completed]
2019-11-05 11:07:55,317 [pool-37-thread-1] INFO  server.RaftServerConfigKeys (ConfUtils.java:logGet(43)) - raft.server.log.appender.buffer.byte-limit = 33554432 (custom)
2019-11-05 11:07:55,317 [pool-37-thread-1] INFO  server.RaftServerConfigKeys (ConfUtils.java:logGet(43)) - raft.server.log.segment.size.max = 1048576 (custom)
2019-11-05 11:07:55,318 [pool-37-thread-1] INFO  server.RaftServerConfigKeys (ConfUtils.java:logGet(43)) - raft.server.log.segment.cache.num.max = 2 (custom)
2019-11-05 11:07:55,318 [pool-37-thread-1] INFO  segmented.SegmentedRaftLogWorker (SegmentedRaftLogWorker.java:<init>(173)) - new 69837c10-b6a5-4691-9f82-b2bf7c109e66@group-FD4A39CE61DA-SegmentedRaftLogWorker for RaftStorage:Storage Directory /workdir/hadoop-ozone/integration-test/target/test-dir/MiniOzoneClusterImpl-15323bb8-fab1-4b87-97a4-cbcc55a81608/datanode-1/data/ratis/a8186365-22ae-4f7f-97bd-fd4a39ce61da
2019-11-05 11:07:55,318 [pool-37-thread-1] INFO  server.RaftServerConfigKeys (ConfUtils.java:logGet(43)) - raft.server.log.queue.byte-limit = 2147483647 (custom)
2019-11-05 11:07:55,318 [pool-37-thread-1] INFO  server.RaftServerConfigKeys (ConfUtils.java:logGet(43)) - raft.server.log.queue.element-limit = 1024 (custom)
2019-11-05 11:07:55,318 [pool-37-thread-1] INFO  server.RaftServerConfigKeys (ConfUtils.java:logGet(43)) - raft.server.log.segment.size.max = 1048576 (custom)
2019-11-05 11:07:55,318 [pool-37-thread-1] INFO  server.RaftServerConfigKeys (ConfUtils.java:logGet(43)) - raft.server.log.preallocated.size = 16384 (custom)
2019-11-05 11:07:55,318 [pool-37-thread-1] INFO  server.RaftServerConfigKeys (ConfUtils.java:logGet(43)) - raft.server.log.write.buffer.size = 33554432 (custom)
2019-11-05 11:07:55,319 [pool-37-thread-1] INFO  server.RaftServerConfigKeys (ConfUtils.java:logGet(43)) - raft.server.log.force.sync.num = 128 (default)
2019-11-05 11:07:55,319 [pool-37-thread-1] INFO  server.RaftServerConfigKeys (ConfUtils.java:logGet(43)) - raft.server.log.statemachine.data.sync = true (default)
2019-11-05 11:07:55,319 [pool-37-thread-1] INFO  server.RaftServerConfigKeys (ConfUtils.java:logGet(43)) - raft.server.log.statemachine.data.sync.timeout = 10s (default)
2019-11-05 11:07:55,319 [pool-47-thread-1] INFO  impl.RaftServerImpl (RaftServerImpl.java:<init>(104)) - b4fa652e-9609-43ae-a5da-dbaebd8b3d71: new RaftServerImpl for group-FD4A39CE61DA:[217b40b1-6496-41ee-9e5f-1bb61aa45139:192.168.157.252:40951, 69837c10-b6a5-4691-9f82-b2bf7c109e66:192.168.157.252:40716, b4fa652e-9609-43ae-a5da-dbaebd8b3d71:192.168.157.252:36685] with ContainerStateMachine:uninitialized
2019-11-05 11:07:55,319 [pool-37-thread-1] INFO  server.RaftServerConfigKeys (ConfUtils.java:logGet(43)) - raft.server.log.statemachine.data.sync.timeout.retry = -1 (default)
2019-11-05 11:07:55,319 [pool-47-thread-1] INFO  server.RaftServerConfigKeys (ConfUtils.java:logGet(43)) - raft.server.rpc.timeout.min = 5s (custom)
2019-11-05 11:07:55,320 [pool-47-thread-1] INFO  server.RaftServerConfigKeys (ConfUtils.java:logGet(43)) - raft.server.rpc.timeout.max = 5200ms (custom)
2019-11-05 11:07:55,320 [pool-37-thread-1] INFO  server.RaftServerConfigKeys (ConfUtils.java:logGet(43)) - raft.server.log.statemachine.data.caching.enabled = true (custom)
2019-11-05 11:07:55,320 [pool-47-thread-1] INFO  server.RaftServerConfigKeys (ConfUtils.java:logGet(43)) - raft.server.rpcslowness.timeout = 1000s (custom)
2019-11-05 11:07:55,320 [pool-47-thread-1] INFO  server.RaftServerConfigKeys (ConfUtils.java:logGet(43)) - raft.server.sleep.deviation.threshold = 300 (default)
2019-11-05 11:07:55,320 [pool-47-thread-1] INFO  server.RaftServerConfigKeys (ConfUtils.java:logGet(43)) - raft.server.log.appender.install.snapshot.enabled = false (custom)
2019-11-05 11:07:55,320 [pool-47-thread-1] INFO  impl.RaftServerImpl (ServerState.java:<init>(103)) - b4fa652e-9609-43ae-a5da-dbaebd8b3d71@group-FD4A39CE61DA: ConfigurationManager, init=-1: [217b40b1-6496-41ee-9e5f-1bb61aa45139:192.168.157.252:40951, 69837c10-b6a5-4691-9f82-b2bf7c109e66:192.168.157.252:40716, b4fa652e-9609-43ae-a5da-dbaebd8b3d71:192.168.157.252:36685], old=null, confs=<EMPTY_MAP>
2019-11-05 11:07:55,321 [pool-47-thread-1] INFO  server.RaftServerConfigKeys (ConfUtils.java:logGet(43)) - raft.server.storage.dir = [/workdir/hadoop-ozone/integration-test/target/test-dir/MiniOzoneClusterImpl-15323bb8-fab1-4b87-97a4-cbcc55a81608/datanode-2/data/ratis] (custom)
2019-11-05 11:07:55,321 [pool-47-thread-1] INFO  server.RaftServerConfigKeys (ConfUtils.java:logGet(43)) - raft.server.log.corruption.policy = EXCEPTION (default)
2019-11-05 11:07:55,321 [pool-47-thread-1] INFO  storage.RaftStorageDirectory (RaftStorageDirectory.java:analyzeStorage(246)) - The storage directory /workdir/hadoop-ozone/integration-test/target/test-dir/MiniOzoneClusterImpl-15323bb8-fab1-4b87-97a4-cbcc55a81608/datanode-2/data/ratis/a8186365-22ae-4f7f-97bd-fd4a39ce61da does not exist. Creating ...
2019-11-05 11:07:55,322 [pool-37-thread-1] INFO  segmented.SegmentedRaftLogWorker (SegmentedRaftLogWorker.java:lambda$new$0(128)) - 69837c10-b6a5-4691-9f82-b2bf7c109e66@group-FD4A39CE61DA-SegmentedRaftLogWorker: flushIndex: setUnconditionally 0 -> -1
2019-11-05 11:07:55,322 [pool-37-thread-1] INFO  server.RaftServerConfigKeys (ConfUtils.java:logGet(43)) - raft.server.snapshot.auto.trigger.enabled = true (custom)
2019-11-05 11:07:55,323 [pool-37-thread-1] INFO  server.RaftServerConfigKeys (ConfUtils.java:logGet(43)) - raft.server.snapshot.auto.trigger.threshold = 10000 (custom)
2019-11-05 11:07:55,323 [pool-37-thread-1] INFO  server.RaftServerConfigKeys (ConfUtils.java:logGet(43)) - raft.server.snapshot.retention.file.num = 5 (custom)
2019-11-05 11:07:55,323 [pool-27-thread-1] INFO  storage.RaftStorageDirectory (RaftStorageDirectory.java:tryLock(328)) - Lock on /workdir/hadoop-ozone/integration-test/target/test-dir/MiniOzoneClusterImpl-15323bb8-fab1-4b87-97a4-cbcc55a81608/datanode-0/data/ratis/a8186365-22ae-4f7f-97bd-fd4a39ce61da/in_use.lock acquired by nodename 17229@pr-hdds-1643-qwrct-1900426900
2019-11-05 11:07:55,323 [pool-37-thread-1] INFO  server.RaftServerConfigKeys (ConfUtils.java:logGet(43)) - raft.server.retrycache.expirytime = 600000ms (custom)
2019-11-05 11:07:55,325 [pool-37-thread-1] INFO  impl.RaftServerImpl (RaftServerImpl.java:start(195)) - 69837c10-b6a5-4691-9f82-b2bf7c109e66@group-FD4A39CE61DA: start as a follower, conf=-1: [217b40b1-6496-41ee-9e5f-1bb61aa45139:192.168.157.252:40951, 69837c10-b6a5-4691-9f82-b2bf7c109e66:192.168.157.252:40716, b4fa652e-9609-43ae-a5da-dbaebd8b3d71:192.168.157.252:36685], old=null
2019-11-05 11:07:55,325 [pool-47-thread-1] INFO  storage.RaftStorageDirectory (RaftStorageDirectory.java:tryLock(328)) - Lock on /workdir/hadoop-ozone/integration-test/target/test-dir/MiniOzoneClusterImpl-15323bb8-fab1-4b87-97a4-cbcc55a81608/datanode-2/data/ratis/a8186365-22ae-4f7f-97bd-fd4a39ce61da/in_use.lock acquired by nodename 17229@pr-hdds-1643-qwrct-1900426900
2019-11-05 11:07:55,326 [pool-37-thread-1] INFO  impl.RaftServerImpl (RaftServerImpl.java:setRole(184)) - 69837c10-b6a5-4691-9f82-b2bf7c109e66@group-FD4A39CE61DA: changes role from      null to FOLLOWER at term 0 for startAsFollower
2019-11-05 11:07:55,326 [pool-37-thread-1] INFO  impl.RoleInfo (RoleInfo.java:updateAndGet(143)) - 69837c10-b6a5-4691-9f82-b2bf7c109e66: start FollowerState
2019-11-05 11:07:55,326 [pool-37-thread-1] INFO  util.JmxRegister (JmxRegister.java:tryRegister(44)) - Successfully registered JMX Bean with object name Ratis:service=RaftServer,group=group-FD4A39CE61DA,id=69837c10-b6a5-4691-9f82-b2bf7c109e66
2019-11-05 11:07:55,329 [pool-27-thread-1] INFO  storage.RaftStorage (RaftStorage.java:format(84)) - Storage directory /workdir/hadoop-ozone/integration-test/target/test-dir/MiniOzoneClusterImpl-15323bb8-fab1-4b87-97a4-cbcc55a81608/datanode-0/data/ratis/a8186365-22ae-4f7f-97bd-fd4a39ce61da has been successfully formatted.
2019-11-05 11:07:55,330 [pool-27-thread-1] INFO  ratis.ContainerStateMachine (ContainerStateMachine.java:loadSnapshot(231)) - group-FD4A39CE61DA: The snapshot info is null. Setting the last applied indexto:(t:0, i:~)
2019-11-05 11:07:55,330 [pool-27-thread-1] INFO  server.RaftServerConfigKeys (ConfUtils.java:logGet(43)) - raft.server.notification.no-leader.timeout = 1000s (custom)
2019-11-05 11:07:55,330 [pool-27-thread-1] INFO  server.RaftServerConfigKeys (ConfUtils.java:logGet(43)) - raft.server.log.use.memory = false (default)
2019-11-05 11:07:55,330 [pool-27-thread-1] INFO  server.RaftServerConfigKeys (ConfUtils.java:logGet(43)) - raft.server.log.purge.gap = 1000000 (custom)
2019-11-05 11:07:55,330 [pool-27-thread-1] INFO  server.RaftServerConfigKeys (ConfUtils.java:logGet(43)) - raft.server.log.appender.buffer.byte-limit = 33554432 (custom)
2019-11-05 11:07:55,331 [pool-27-thread-1] INFO  server.RaftServerConfigKeys (ConfUtils.java:logGet(43)) - raft.server.log.segment.size.max = 1048576 (custom)
2019-11-05 11:07:55,331 [pool-27-thread-1] INFO  server.RaftServerConfigKeys (ConfUtils.java:logGet(43)) - raft.server.log.segment.cache.num.max = 2 (custom)
2019-11-05 11:07:55,331 [pool-27-thread-1] INFO  segmented.SegmentedRaftLogWorker (SegmentedRaftLogWorker.java:<init>(173)) - new 217b40b1-6496-41ee-9e5f-1bb61aa45139@group-FD4A39CE61DA-SegmentedRaftLogWorker for RaftStorage:Storage Directory /workdir/hadoop-ozone/integration-test/target/test-dir/MiniOzoneClusterImpl-15323bb8-fab1-4b87-97a4-cbcc55a81608/datanode-0/data/ratis/a8186365-22ae-4f7f-97bd-fd4a39ce61da
2019-11-05 11:07:55,331 [pool-27-thread-1] INFO  server.RaftServerConfigKeys (ConfUtils.java:logGet(43)) - raft.server.log.queue.byte-limit = 2147483647 (custom)
2019-11-05 11:07:55,331 [pool-27-thread-1] INFO  server.RaftServerConfigKeys (ConfUtils.java:logGet(43)) - raft.server.log.queue.element-limit = 1024 (custom)
2019-11-05 11:07:55,331 [pool-27-thread-1] INFO  server.RaftServerConfigKeys (ConfUtils.java:logGet(43)) - raft.server.log.segment.size.max = 1048576 (custom)
2019-11-05 11:07:55,332 [pool-27-thread-1] INFO  server.RaftServerConfigKeys (ConfUtils.java:logGet(43)) - raft.server.log.preallocated.size = 16384 (custom)
2019-11-05 11:07:55,332 [pool-27-thread-1] INFO  server.RaftServerConfigKeys (ConfUtils.java:logGet(43)) - raft.server.log.write.buffer.size = 33554432 (custom)
2019-11-05 11:07:55,332 [pool-27-thread-1] INFO  server.RaftServerConfigKeys (ConfUtils.java:logGet(43)) - raft.server.log.force.sync.num = 128 (default)
2019-11-05 11:07:55,332 [pool-27-thread-1] INFO  server.RaftServerConfigKeys (ConfUtils.java:logGet(43)) - raft.server.log.statemachine.data.sync = true (default)
2019-11-05 11:07:55,332 [pool-27-thread-1] INFO  server.RaftServerConfigKeys (ConfUtils.java:logGet(43)) - raft.server.log.statemachine.data.sync.timeout = 10s (default)
2019-11-05 11:07:55,332 [pool-27-thread-1] INFO  server.RaftServerConfigKeys (ConfUtils.java:logGet(43)) - raft.server.log.statemachine.data.sync.timeout.retry = -1 (default)
2019-11-05 11:07:55,333 [pool-27-thread-1] INFO  server.RaftServerConfigKeys (ConfUtils.java:logGet(43)) - raft.server.log.statemachine.data.caching.enabled = true (custom)
2019-11-05 11:07:55,333 [pool-27-thread-1] INFO  segmented.SegmentedRaftLogWorker (SegmentedRaftLogWorker.java:lambda$new$0(128)) - 217b40b1-6496-41ee-9e5f-1bb61aa45139@group-FD4A39CE61DA-SegmentedRaftLogWorker: flushIndex: setUnconditionally 0 -> -1
2019-11-05 11:07:55,334 [pool-27-thread-1] INFO  server.RaftServerConfigKeys (ConfUtils.java:logGet(43)) - raft.server.snapshot.auto.trigger.enabled = true (custom)
2019-11-05 11:07:55,335 [pool-47-thread-1] INFO  storage.RaftStorage (RaftStorage.java:format(84)) - Storage directory /workdir/hadoop-ozone/integration-test/target/test-dir/MiniOzoneClusterImpl-15323bb8-fab1-4b87-97a4-cbcc55a81608/datanode-2/data/ratis/a8186365-22ae-4f7f-97bd-fd4a39ce61da has been successfully formatted.
2019-11-05 11:07:55,335 [pool-27-thread-1] INFO  server.RaftServerConfigKeys (ConfUtils.java:logGet(43)) - raft.server.snapshot.auto.trigger.threshold = 10000 (custom)
2019-11-05 11:07:55,336 [pool-47-thread-1] INFO  ratis.ContainerStateMachine (ContainerStateMachine.java:loadSnapshot(231)) - group-FD4A39CE61DA: The snapshot info is null. Setting the last applied indexto:(t:0, i:~)
2019-11-05 11:07:55,336 [pool-27-thread-1] INFO  server.RaftServerConfigKeys (ConfUtils.java:logGet(43)) - raft.server.snapshot.retention.file.num = 5 (custom)
2019-11-05 11:07:55,337 [pool-47-thread-1] INFO  server.RaftServerConfigKeys (ConfUtils.java:logGet(43)) - raft.server.notification.no-leader.timeout = 1000s (custom)
2019-11-05 11:07:55,337 [pool-47-thread-1] INFO  server.RaftServerConfigKeys (ConfUtils.java:logGet(43)) - raft.server.log.use.memory = false (default)
2019-11-05 11:07:55,337 [pool-27-thread-1] INFO  server.RaftServerConfigKeys (ConfUtils.java:logGet(43)) - raft.server.retrycache.expirytime = 600000ms (custom)
2019-11-05 11:07:55,338 [pool-47-thread-1] INFO  server.RaftServerConfigKeys (ConfUtils.java:logGet(43)) - raft.server.log.purge.gap = 1000000 (custom)
2019-11-05 11:07:55,338 [pool-47-thread-1] INFO  server.RaftServerConfigKeys (ConfUtils.java:logGet(43)) - raft.server.log.appender.buffer.byte-limit = 33554432 (custom)
2019-11-05 11:07:55,339 [pool-47-thread-1] INFO  server.RaftServerConfigKeys (ConfUtils.java:logGet(43)) - raft.server.log.segment.size.max = 1048576 (custom)
2019-11-05 11:07:55,339 [pool-47-thread-1] INFO  server.RaftServerConfigKeys (ConfUtils.java:logGet(43)) - raft.server.log.segment.cache.num.max = 2 (custom)
2019-11-05 11:07:55,339 [pool-47-thread-1] INFO  segmented.SegmentedRaftLogWorker (SegmentedRaftLogWorker.java:<init>(173)) - new b4fa652e-9609-43ae-a5da-dbaebd8b3d71@group-FD4A39CE61DA-SegmentedRaftLogWorker for RaftStorage:Storage Directory /workdir/hadoop-ozone/integration-test/target/test-dir/MiniOzoneClusterImpl-15323bb8-fab1-4b87-97a4-cbcc55a81608/datanode-2/data/ratis/a8186365-22ae-4f7f-97bd-fd4a39ce61da
2019-11-05 11:07:55,339 [pool-47-thread-1] INFO  server.RaftServerConfigKeys (ConfUtils.java:logGet(43)) - raft.server.log.queue.byte-limit = 2147483647 (custom)
2019-11-05 11:07:55,340 [pool-47-thread-1] INFO  server.RaftServerConfigKeys (ConfUtils.java:logGet(43)) - raft.server.log.queue.element-limit = 1024 (custom)
2019-11-05 11:07:55,340 [pool-47-thread-1] INFO  server.RaftServerConfigKeys (ConfUtils.java:logGet(43)) - raft.server.log.segment.size.max = 1048576 (custom)
2019-11-05 11:07:55,340 [pool-47-thread-1] INFO  server.RaftServerConfigKeys (ConfUtils.java:logGet(43)) - raft.server.log.preallocated.size = 16384 (custom)
2019-11-05 11:07:55,340 [pool-47-thread-1] INFO  server.RaftServerConfigKeys (ConfUtils.java:logGet(43)) - raft.server.log.write.buffer.size = 33554432 (custom)
2019-11-05 11:07:55,341 [pool-47-thread-1] INFO  server.RaftServerConfigKeys (ConfUtils.java:logGet(43)) - raft.server.log.force.sync.num = 128 (default)
2019-11-05 11:07:55,341 [pool-47-thread-1] INFO  server.RaftServerConfigKeys (ConfUtils.java:logGet(43)) - raft.server.log.statemachine.data.sync = true (default)
2019-11-05 11:07:55,342 [pool-47-thread-1] INFO  server.RaftServerConfigKeys (ConfUtils.java:logGet(43)) - raft.server.log.statemachine.data.sync.timeout = 10s (default)
2019-11-05 11:07:55,342 [pool-27-thread-1] INFO  impl.RaftServerImpl (RaftServerImpl.java:start(195)) - 217b40b1-6496-41ee-9e5f-1bb61aa45139@group-FD4A39CE61DA: start as a follower, conf=-1: [217b40b1-6496-41ee-9e5f-1bb61aa45139:192.168.157.252:40951, 69837c10-b6a5-4691-9f82-b2bf7c109e66:192.168.157.252:40716, b4fa652e-9609-43ae-a5da-dbaebd8b3d71:192.168.157.252:36685], old=null
2019-11-05 11:07:55,342 [pool-47-thread-1] INFO  server.RaftServerConfigKeys (ConfUtils.java:logGet(43)) - raft.server.log.statemachine.data.sync.timeout.retry = -1 (default)
2019-11-05 11:07:55,342 [pool-27-thread-1] INFO  impl.RaftServerImpl (RaftServerImpl.java:setRole(184)) - 217b40b1-6496-41ee-9e5f-1bb61aa45139@group-FD4A39CE61DA: changes role from      null to FOLLOWER at term 0 for startAsFollower
2019-11-05 11:07:55,342 [pool-47-thread-1] INFO  server.RaftServerConfigKeys (ConfUtils.java:logGet(43)) - raft.server.log.statemachine.data.caching.enabled = true (custom)
2019-11-05 11:07:55,343 [pool-27-thread-1] INFO  impl.RoleInfo (RoleInfo.java:updateAndGet(143)) - 217b40b1-6496-41ee-9e5f-1bb61aa45139: start FollowerState
2019-11-05 11:07:55,343 [pool-47-thread-1] INFO  segmented.SegmentedRaftLogWorker (SegmentedRaftLogWorker.java:lambda$new$0(128)) - b4fa652e-9609-43ae-a5da-dbaebd8b3d71@group-FD4A39CE61DA-SegmentedRaftLogWorker: flushIndex: setUnconditionally 0 -> -1
2019-11-05 11:07:55,343 [pool-27-thread-1] INFO  util.JmxRegister (JmxRegister.java:tryRegister(44)) - Successfully registered JMX Bean with object name Ratis:service=RaftServer,group=group-FD4A39CE61DA,id=217b40b1-6496-41ee-9e5f-1bb61aa45139
2019-11-05 11:07:55,343 [pool-47-thread-1] INFO  server.RaftServerConfigKeys (ConfUtils.java:logGet(43)) - raft.server.snapshot.auto.trigger.enabled = true (custom)
2019-11-05 11:07:55,343 [pool-47-thread-1] INFO  server.RaftServerConfigKeys (ConfUtils.java:logGet(43)) - raft.server.snapshot.auto.trigger.threshold = 10000 (custom)
2019-11-05 11:07:55,343 [pool-47-thread-1] INFO  server.RaftServerConfigKeys (ConfUtils.java:logGet(43)) - raft.server.snapshot.retention.file.num = 5 (custom)
2019-11-05 11:07:55,344 [pool-47-thread-1] INFO  server.RaftServerConfigKeys (ConfUtils.java:logGet(43)) - raft.server.retrycache.expirytime = 600000ms (custom)
2019-11-05 11:07:55,347 [pool-47-thread-1] INFO  impl.RaftServerImpl (RaftServerImpl.java:start(195)) - b4fa652e-9609-43ae-a5da-dbaebd8b3d71@group-FD4A39CE61DA: start as a follower, conf=-1: [217b40b1-6496-41ee-9e5f-1bb61aa45139:192.168.157.252:40951, 69837c10-b6a5-4691-9f82-b2bf7c109e66:192.168.157.252:40716, b4fa652e-9609-43ae-a5da-dbaebd8b3d71:192.168.157.252:36685], old=null
2019-11-05 11:07:55,347 [pool-47-thread-1] INFO  impl.RaftServerImpl (RaftServerImpl.java:setRole(184)) - b4fa652e-9609-43ae-a5da-dbaebd8b3d71@group-FD4A39CE61DA: changes role from      null to FOLLOWER at term 0 for startAsFollower
2019-11-05 11:07:55,347 [pool-47-thread-1] INFO  impl.RoleInfo (RoleInfo.java:updateAndGet(143)) - b4fa652e-9609-43ae-a5da-dbaebd8b3d71: start FollowerState
2019-11-05 11:07:55,348 [pool-47-thread-1] INFO  util.JmxRegister (JmxRegister.java:tryRegister(44)) - Successfully registered JMX Bean with object name Ratis:service=RaftServer,group=group-FD4A39CE61DA,id=b4fa652e-9609-43ae-a5da-dbaebd8b3d71
2019-11-05 11:07:55,396 [RatisPipelineUtilsThread] INFO  pipeline.PipelineStateManager (PipelineStateManager.java:addPipeline(56)) - Created pipeline Pipeline[ Id: a8186365-22ae-4f7f-97bd-fd4a39ce61da, Nodes: 217b40b1-6496-41ee-9e5f-1bb61aa45139{ip: 192.168.157.252, host: pr-hdds-1643-qwrct-1900426900, networkLocation: /default-rack, certSerialId: null}69837c10-b6a5-4691-9f82-b2bf7c109e66{ip: 192.168.157.252, host: pr-hdds-1643-qwrct-1900426900, networkLocation: /default-rack, certSerialId: null}b4fa652e-9609-43ae-a5da-dbaebd8b3d71{ip: 192.168.157.252, host: pr-hdds-1643-qwrct-1900426900, networkLocation: /default-rack, certSerialId: null}, Type:RATIS, Factor:THREE, State:OPEN]
2019-11-05 11:07:55,398 [69837c10-b6a5-4691-9f82-b2bf7c109e66@group-41A355D7E3B8-SegmentedRaftLogWorker] INFO  segmented.SegmentedRaftLogWorker (SegmentedRaftLogWorker.java:execute(576)) - 69837c10-b6a5-4691-9f82-b2bf7c109e66@group-41A355D7E3B8-SegmentedRaftLogWorker: created new log segment /workdir/hadoop-ozone/integration-test/target/test-dir/MiniOzoneClusterImpl-15323bb8-fab1-4b87-97a4-cbcc55a81608/datanode-1/data/ratis/9cf0fd4e-9ab8-4fbc-8511-41a355d7e3b8/current/log_inprogress_0
2019-11-05 11:07:55,398 [b4fa652e-9609-43ae-a5da-dbaebd8b3d71@group-E99F3F14AA9C-SegmentedRaftLogWorker] INFO  segmented.SegmentedRaftLogWorker (SegmentedRaftLogWorker.java:execute(576)) - b4fa652e-9609-43ae-a5da-dbaebd8b3d71@group-E99F3F14AA9C-SegmentedRaftLogWorker: created new log segment /workdir/hadoop-ozone/integration-test/target/test-dir/MiniOzoneClusterImpl-15323bb8-fab1-4b87-97a4-cbcc55a81608/datanode-2/data/ratis/f63e583d-d6c2-4f95-88c7-e99f3f14aa9c/current/log_inprogress_0
2019-11-05 11:07:55,398 [217b40b1-6496-41ee-9e5f-1bb61aa45139@group-4E2B3EAA41A2-SegmentedRaftLogWorker] INFO  segmented.SegmentedRaftLogWorker (SegmentedRaftLogWorker.java:execute(576)) - 217b40b1-6496-41ee-9e5f-1bb61aa45139@group-4E2B3EAA41A2-SegmentedRaftLogWorker: created new log segment /workdir/hadoop-ozone/integration-test/target/test-dir/MiniOzoneClusterImpl-15323bb8-fab1-4b87-97a4-cbcc55a81608/datanode-0/data/ratis/80c204d9-9921-4f05-953f-4e2b3eaa41a2/current/log_inprogress_0
2019-11-05 11:07:55,405 [Thread-207] INFO  impl.FollowerState (FollowerState.java:run(108)) - 217b40b1-6496-41ee-9e5f-1bb61aa45139@group-FD4A39CE61DA-FollowerState: change to CANDIDATE, lastRpcTime:62ms, electionTimeout:62ms
2019-11-05 11:07:55,405 [Thread-207] INFO  impl.RoleInfo (RoleInfo.java:shutdownFollowerState(121)) - 217b40b1-6496-41ee-9e5f-1bb61aa45139: shutdown FollowerState
2019-11-05 11:07:55,406 [Thread-207] INFO  impl.RaftServerImpl (RaftServerImpl.java:setRole(184)) - 217b40b1-6496-41ee-9e5f-1bb61aa45139@group-FD4A39CE61DA: changes role from  FOLLOWER to CANDIDATE at term 0 for changeToCandidate
2019-11-05 11:07:55,406 [Thread-207] INFO  impl.RoleInfo (RoleInfo.java:updateAndGet(143)) - 217b40b1-6496-41ee-9e5f-1bb61aa45139: start LeaderElection
2019-11-05 11:07:55,419 [217b40b1-6496-41ee-9e5f-1bb61aa45139@group-FD4A39CE61DA-LeaderElection4] INFO  impl.LeaderElection (LeaderElection.java:askForVotes(178)) - 217b40b1-6496-41ee-9e5f-1bb61aa45139@group-FD4A39CE61DA-LeaderElection4: begin an election at term 1 for -1: [217b40b1-6496-41ee-9e5f-1bb61aa45139:192.168.157.252:40951, 69837c10-b6a5-4691-9f82-b2bf7c109e66:192.168.157.252:40716, b4fa652e-9609-43ae-a5da-dbaebd8b3d71:192.168.157.252:36685], old=null
2019-11-05 11:07:55,448 [Thread-210] INFO  impl.FollowerState (FollowerState.java:run(108)) - b4fa652e-9609-43ae-a5da-dbaebd8b3d71@group-FD4A39CE61DA-FollowerState: change to CANDIDATE, lastRpcTime:101ms, electionTimeout:100ms
2019-11-05 11:07:55,449 [Thread-210] INFO  impl.RoleInfo (RoleInfo.java:shutdownFollowerState(121)) - b4fa652e-9609-43ae-a5da-dbaebd8b3d71: shutdown FollowerState
2019-11-05 11:07:55,449 [Thread-210] INFO  impl.RaftServerImpl (RaftServerImpl.java:setRole(184)) - b4fa652e-9609-43ae-a5da-dbaebd8b3d71@group-FD4A39CE61DA: changes role from  FOLLOWER to CANDIDATE at term 0 for changeToCandidate
2019-11-05 11:07:55,449 [Thread-210] INFO  impl.RoleInfo (RoleInfo.java:updateAndGet(143)) - b4fa652e-9609-43ae-a5da-dbaebd8b3d71: start LeaderElection
2019-11-05 11:07:55,457 [grpc-default-executor-2] INFO  impl.RaftServerImpl (RaftServerImpl.java:setRole(184)) - 69837c10-b6a5-4691-9f82-b2bf7c109e66@group-FD4A39CE61DA: changes role from  FOLLOWER to FOLLOWER at term 1 for recognizeCandidate:217b40b1-6496-41ee-9e5f-1bb61aa45139
2019-11-05 11:07:55,457 [grpc-default-executor-2] INFO  impl.RoleInfo (RoleInfo.java:shutdownFollowerState(121)) - 69837c10-b6a5-4691-9f82-b2bf7c109e66: shutdown FollowerState
2019-11-05 11:07:55,458 [Thread-204] INFO  impl.FollowerState (FollowerState.java:run(117)) - 69837c10-b6a5-4691-9f82-b2bf7c109e66@group-FD4A39CE61DA-FollowerState was interrupted: java.lang.InterruptedException: sleep interrupted
2019-11-05 11:07:55,458 [grpc-default-executor-2] INFO  impl.RoleInfo (RoleInfo.java:updateAndGet(143)) - 69837c10-b6a5-4691-9f82-b2bf7c109e66: start FollowerState
2019-11-05 11:07:55,480 [b4fa652e-9609-43ae-a5da-dbaebd8b3d71@group-FD4A39CE61DA-LeaderElection5] INFO  impl.LeaderElection (LeaderElection.java:askForVotes(178)) - b4fa652e-9609-43ae-a5da-dbaebd8b3d71@group-FD4A39CE61DA-LeaderElection5: begin an election at term 1 for -1: [217b40b1-6496-41ee-9e5f-1bb61aa45139:192.168.157.252:40951, 69837c10-b6a5-4691-9f82-b2bf7c109e66:192.168.157.252:40716, b4fa652e-9609-43ae-a5da-dbaebd8b3d71:192.168.157.252:36685], old=null
2019-11-05 11:07:55,506 [217b40b1-6496-41ee-9e5f-1bb61aa45139@group-FD4A39CE61DA-LeaderElection4] INFO  impl.LeaderElection (LeaderElection.java:logAndReturn(56)) - 217b40b1-6496-41ee-9e5f-1bb61aa45139@group-FD4A39CE61DA-LeaderElection4: Election PASSED; received 2 response(s) [217b40b1-6496-41ee-9e5f-1bb61aa45139<-69837c10-b6a5-4691-9f82-b2bf7c109e66#0:OK-t1, 217b40b1-6496-41ee-9e5f-1bb61aa45139<-b4fa652e-9609-43ae-a5da-dbaebd8b3d71#0:FAIL-t1] and 0 exception(s); 217b40b1-6496-41ee-9e5f-1bb61aa45139@group-FD4A39CE61DA:t1, leader=null, voted=217b40b1-6496-41ee-9e5f-1bb61aa45139, raftlog=217b40b1-6496-41ee-9e5f-1bb61aa45139@group-FD4A39CE61DA-SegmentedRaftLog:OPENED:c-1,f-1,i0, conf=-1: [217b40b1-6496-41ee-9e5f-1bb61aa45139:192.168.157.252:40951, 69837c10-b6a5-4691-9f82-b2bf7c109e66:192.168.157.252:40716, b4fa652e-9609-43ae-a5da-dbaebd8b3d71:192.168.157.252:36685], old=null
2019-11-05 11:07:55,506 [217b40b1-6496-41ee-9e5f-1bb61aa45139@group-FD4A39CE61DA-LeaderElection4] INFO  impl.RoleInfo (RoleInfo.java:shutdownLeaderElection(134)) - 217b40b1-6496-41ee-9e5f-1bb61aa45139: shutdown LeaderElection
2019-11-05 11:07:55,506 [217b40b1-6496-41ee-9e5f-1bb61aa45139@group-FD4A39CE61DA-LeaderElection4] INFO  impl.RaftServerImpl (RaftServerImpl.java:setRole(184)) - 217b40b1-6496-41ee-9e5f-1bb61aa45139@group-FD4A39CE61DA: changes role from CANDIDATE to LEADER at term 1 for changeToLeader
2019-11-05 11:07:55,510 [217b40b1-6496-41ee-9e5f-1bb61aa45139@group-FD4A39CE61DA-LeaderElection4] INFO  impl.RaftServerImpl (ServerState.java:setLeader(256)) - 217b40b1-6496-41ee-9e5f-1bb61aa45139@group-FD4A39CE61DA: change Leader from null to 217b40b1-6496-41ee-9e5f-1bb61aa45139 at term 1 for becomeLeader, leader elected after 178ms
2019-11-05 11:07:55,511 [217b40b1-6496-41ee-9e5f-1bb61aa45139@group-FD4A39CE61DA-LeaderElection4] INFO  server.RaftServerConfigKeys (ConfUtils.java:logGet(43)) - raft.server.staging.catchup.gap = 1000 (default)
2019-11-05 11:07:55,511 [217b40b1-6496-41ee-9e5f-1bb61aa45139@group-FD4A39CE61DA-LeaderElection4] INFO  server.RaftServerConfigKeys (ConfUtils.java:logGet(43)) - raft.server.rpc.sleep.time = 25ms (default)
2019-11-05 11:07:55,511 [217b40b1-6496-41ee-9e5f-1bb61aa45139@group-FD4A39CE61DA-LeaderElection4] INFO  server.RaftServerConfigKeys (ConfUtils.java:logGet(43)) - raft.server.write.element-limit = 4096 (default)
2019-11-05 11:07:55,511 [217b40b1-6496-41ee-9e5f-1bb61aa45139@group-FD4A39CE61DA-LeaderElection4] INFO  server.RaftServerConfigKeys (ConfUtils.java:logGet(43)) - raft.server.watch.timeout = 10s (default)
2019-11-05 11:07:55,511 [217b40b1-6496-41ee-9e5f-1bb61aa45139@group-FD4A39CE61DA-LeaderElection4] INFO  server.RaftServerConfigKeys (ConfUtils.java:logGet(43)) - raft.server.watch.timeout.denomination = 1s (default)
2019-11-05 11:07:55,511 [217b40b1-6496-41ee-9e5f-1bb61aa45139@group-FD4A39CE61DA-LeaderElection4] INFO  server.RaftServerConfigKeys (ConfUtils.java:logGet(43)) - raft.server.watch.element-limit = 65536 (default)
2019-11-05 11:07:55,517 [217b40b1-6496-41ee-9e5f-1bb61aa45139@group-FD4A39CE61DA-LeaderElection4] INFO  server.RaftServerConfigKeys (ConfUtils.java:logGet(43)) - raft.server.log.appender.snapshot.chunk.size.max = 16MB (=16777216) (default)
2019-11-05 11:07:55,518 [217b40b1-6496-41ee-9e5f-1bb61aa45139@group-FD4A39CE61DA-LeaderElection4] INFO  server.RaftServerConfigKeys (ConfUtils.java:logGet(43)) - raft.server.log.appender.buffer.byte-limit = 33554432 (custom)
2019-11-05 11:07:55,520 [217b40b1-6496-41ee-9e5f-1bb61aa45139@group-FD4A39CE61DA-LeaderElection4] INFO  server.RaftServerConfigKeys (ConfUtils.java:logGet(43)) - raft.server.log.appender.buffer.element-limit = 1 (custom)
2019-11-05 11:07:55,526 [217b40b1-6496-41ee-9e5f-1bb61aa45139@group-FD4A39CE61DA-LeaderElection4] INFO  grpc.GrpcConfigKeys$Server (ConfUtils.java:logGet(43)) - raft.grpc.server.leader.outstanding.appends.max = 128 (default)
2019-11-05 11:07:55,527 [217b40b1-6496-41ee-9e5f-1bb61aa45139@group-FD4A39CE61DA-LeaderElection4] INFO  server.RaftServerConfigKeys (ConfUtils.java:logGet(43)) - raft.server.rpc.request.timeout = 3000ms (default)
2019-11-05 11:07:55,527 [217b40b1-6496-41ee-9e5f-1bb61aa45139@group-FD4A39CE61DA-LeaderElection4] INFO  server.RaftServerConfigKeys (ConfUtils.java:logGet(43)) - raft.server.log.appender.install.snapshot.enabled = false (custom)
2019-11-05 11:07:55,533 [217b40b1-6496-41ee-9e5f-1bb61aa45139@group-FD4A39CE61DA-LeaderElection4] INFO  server.RaftServerConfigKeys (ConfUtils.java:logGet(43)) - raft.server.log.appender.snapshot.chunk.size.max = 16MB (=16777216) (default)
2019-11-05 11:07:55,533 [217b40b1-6496-41ee-9e5f-1bb61aa45139@group-FD4A39CE61DA-LeaderElection4] INFO  server.RaftServerConfigKeys (ConfUtils.java:logGet(43)) - raft.server.log.appender.buffer.byte-limit = 33554432 (custom)
2019-11-05 11:07:55,533 [217b40b1-6496-41ee-9e5f-1bb61aa45139@group-FD4A39CE61DA-LeaderElection4] INFO  server.RaftServerConfigKeys (ConfUtils.java:logGet(43)) - raft.server.log.appender.buffer.element-limit = 1 (custom)
2019-11-05 11:07:55,533 [217b40b1-6496-41ee-9e5f-1bb61aa45139@group-FD4A39CE61DA-LeaderElection4] INFO  grpc.GrpcConfigKeys$Server (ConfUtils.java:logGet(43)) - raft.grpc.server.leader.outstanding.appends.max = 128 (default)
2019-11-05 11:07:55,534 [217b40b1-6496-41ee-9e5f-1bb61aa45139@group-FD4A39CE61DA-LeaderElection4] INFO  server.RaftServerConfigKeys (ConfUtils.java:logGet(43)) - raft.server.rpc.request.timeout = 3000ms (default)
2019-11-05 11:07:55,534 [217b40b1-6496-41ee-9e5f-1bb61aa45139@group-FD4A39CE61DA-LeaderElection4] INFO  server.RaftServerConfigKeys (ConfUtils.java:logGet(43)) - raft.server.log.appender.install.snapshot.enabled = false (custom)
2019-11-05 11:07:55,540 [217b40b1-6496-41ee-9e5f-1bb61aa45139@group-FD4A39CE61DA-LeaderElection4] INFO  impl.RoleInfo (RoleInfo.java:updateAndGet(143)) - 217b40b1-6496-41ee-9e5f-1bb61aa45139: start LeaderState
2019-11-05 11:07:55,540 [217b40b1-6496-41ee-9e5f-1bb61aa45139@group-FD4A39CE61DA-LeaderElection4] INFO  segmented.SegmentedRaftLogWorker (SegmentedRaftLogWorker.java:startLogSegment(385)) - 217b40b1-6496-41ee-9e5f-1bb61aa45139@group-FD4A39CE61DA-SegmentedRaftLogWorker: Starting segment from index:0
2019-11-05 11:07:55,541 [217b40b1-6496-41ee-9e5f-1bb61aa45139@group-FD4A39CE61DA-LeaderElection4] INFO  impl.RaftServerImpl (ServerState.java:setRaftConf(357)) - 217b40b1-6496-41ee-9e5f-1bb61aa45139@group-FD4A39CE61DA: set configuration 0: [217b40b1-6496-41ee-9e5f-1bb61aa45139:192.168.157.252:40951, 69837c10-b6a5-4691-9f82-b2bf7c109e66:192.168.157.252:40716, b4fa652e-9609-43ae-a5da-dbaebd8b3d71:192.168.157.252:36685], old=null at 0
2019-11-05 11:07:55,568 [grpc-default-executor-1] INFO  impl.RaftServerImpl (RaftServerImpl.java:requestVote(776)) - 217b40b1-6496-41ee-9e5f-1bb61aa45139@group-FD4A39CE61DA-   LEADER: Withhold vote from candidate b4fa652e-9609-43ae-a5da-dbaebd8b3d71 with term 1. State: leader=217b40b1-6496-41ee-9e5f-1bb61aa45139, term=1, lastRpcElapsed=null
2019-11-05 11:07:55,573 [b4fa652e-9609-43ae-a5da-dbaebd8b3d71@group-FD4A39CE61DA-LeaderElection5] INFO  impl.LeaderElection (LeaderElection.java:logAndReturn(56)) - b4fa652e-9609-43ae-a5da-dbaebd8b3d71@group-FD4A39CE61DA-LeaderElection5: Election REJECTED; received 2 response(s) [b4fa652e-9609-43ae-a5da-dbaebd8b3d71<-217b40b1-6496-41ee-9e5f-1bb61aa45139#0:FAIL-t1, b4fa652e-9609-43ae-a5da-dbaebd8b3d71<-69837c10-b6a5-4691-9f82-b2bf7c109e66#0:FAIL-t1] and 0 exception(s); b4fa652e-9609-43ae-a5da-dbaebd8b3d71@group-FD4A39CE61DA:t1, leader=null, voted=b4fa652e-9609-43ae-a5da-dbaebd8b3d71, raftlog=b4fa652e-9609-43ae-a5da-dbaebd8b3d71@group-FD4A39CE61DA-SegmentedRaftLog:OPENED:c-1,f-1,i0, conf=-1: [217b40b1-6496-41ee-9e5f-1bb61aa45139:192.168.157.252:40951, 69837c10-b6a5-4691-9f82-b2bf7c109e66:192.168.157.252:40716, b4fa652e-9609-43ae-a5da-dbaebd8b3d71:192.168.157.252:36685], old=null
2019-11-05 11:07:55,573 [b4fa652e-9609-43ae-a5da-dbaebd8b3d71@group-FD4A39CE61DA-LeaderElection5] INFO  impl.RaftServerImpl (RaftServerImpl.java:setRole(184)) - b4fa652e-9609-43ae-a5da-dbaebd8b3d71@group-FD4A39CE61DA: changes role from CANDIDATE to FOLLOWER at term 1 for DISCOVERED_A_NEW_TERM
2019-11-05 11:07:55,573 [217b40b1-6496-41ee-9e5f-1bb61aa45139@group-FD4A39CE61DA-SegmentedRaftLogWorker] INFO  segmented.SegmentedRaftLogWorker (SegmentedRaftLogWorker.java:execute(576)) - 217b40b1-6496-41ee-9e5f-1bb61aa45139@group-FD4A39CE61DA-SegmentedRaftLogWorker: created new log segment /workdir/hadoop-ozone/integration-test/target/test-dir/MiniOzoneClusterImpl-15323bb8-fab1-4b87-97a4-cbcc55a81608/datanode-0/data/ratis/a8186365-22ae-4f7f-97bd-fd4a39ce61da/current/log_inprogress_0
2019-11-05 11:07:55,575 [b4fa652e-9609-43ae-a5da-dbaebd8b3d71@group-FD4A39CE61DA-LeaderElection5] INFO  impl.RoleInfo (RoleInfo.java:shutdownLeaderElection(134)) - b4fa652e-9609-43ae-a5da-dbaebd8b3d71: shutdown LeaderElection
2019-11-05 11:07:55,575 [b4fa652e-9609-43ae-a5da-dbaebd8b3d71@group-FD4A39CE61DA-LeaderElection5] INFO  impl.RoleInfo (RoleInfo.java:updateAndGet(143)) - b4fa652e-9609-43ae-a5da-dbaebd8b3d71: start FollowerState
2019-11-05 11:07:55,591 [grpc-default-executor-0] INFO  impl.RaftServerImpl (ServerState.java:setLeader(256)) - 69837c10-b6a5-4691-9f82-b2bf7c109e66@group-FD4A39CE61DA: change Leader from null to 217b40b1-6496-41ee-9e5f-1bb61aa45139 at term 1 for appendEntries, leader elected after 278ms
2019-11-05 11:07:55,593 [grpc-default-executor-1] INFO  impl.RaftServerImpl (ServerState.java:setLeader(256)) - b4fa652e-9609-43ae-a5da-dbaebd8b3d71@group-FD4A39CE61DA: change Leader from null to 217b40b1-6496-41ee-9e5f-1bb61aa45139 at term 1 for appendEntries, leader elected after 256ms
2019-11-05 11:07:55,616 [grpc-default-executor-0] INFO  impl.RaftServerImpl (ServerState.java:setRaftConf(357)) - 69837c10-b6a5-4691-9f82-b2bf7c109e66@group-FD4A39CE61DA: set configuration 0: [217b40b1-6496-41ee-9e5f-1bb61aa45139:192.168.157.252:40951, 69837c10-b6a5-4691-9f82-b2bf7c109e66:192.168.157.252:40716, b4fa652e-9609-43ae-a5da-dbaebd8b3d71:192.168.157.252:36685], old=null at 0
2019-11-05 11:07:55,616 [grpc-default-executor-1] INFO  impl.RaftServerImpl (ServerState.java:setRaftConf(357)) - b4fa652e-9609-43ae-a5da-dbaebd8b3d71@group-FD4A39CE61DA: set configuration 0: [217b40b1-6496-41ee-9e5f-1bb61aa45139:192.168.157.252:40951, 69837c10-b6a5-4691-9f82-b2bf7c109e66:192.168.157.252:40716, b4fa652e-9609-43ae-a5da-dbaebd8b3d71:192.168.157.252:36685], old=null at 0
2019-11-05 11:07:55,616 [grpc-default-executor-0] INFO  segmented.SegmentedRaftLogWorker (SegmentedRaftLogWorker.java:startLogSegment(385)) - 69837c10-b6a5-4691-9f82-b2bf7c109e66@group-FD4A39CE61DA-SegmentedRaftLogWorker: Starting segment from index:0
2019-11-05 11:07:55,617 [grpc-default-executor-1] INFO  segmented.SegmentedRaftLogWorker (SegmentedRaftLogWorker.java:startLogSegment(385)) - b4fa652e-9609-43ae-a5da-dbaebd8b3d71@group-FD4A39CE61DA-SegmentedRaftLogWorker: Starting segment from index:0
2019-11-05 11:07:55,653 [b4fa652e-9609-43ae-a5da-dbaebd8b3d71@group-FD4A39CE61DA-SegmentedRaftLogWorker] INFO  segmented.SegmentedRaftLogWorker (SegmentedRaftLogWorker.java:execute(576)) - b4fa652e-9609-43ae-a5da-dbaebd8b3d71@group-FD4A39CE61DA-SegmentedRaftLogWorker: created new log segment /workdir/hadoop-ozone/integration-test/target/test-dir/MiniOzoneClusterImpl-15323bb8-fab1-4b87-97a4-cbcc55a81608/datanode-2/data/ratis/a8186365-22ae-4f7f-97bd-fd4a39ce61da/current/log_inprogress_0
2019-11-05 11:07:55,653 [69837c10-b6a5-4691-9f82-b2bf7c109e66@group-FD4A39CE61DA-SegmentedRaftLogWorker] INFO  segmented.SegmentedRaftLogWorker (SegmentedRaftLogWorker.java:execute(576)) - 69837c10-b6a5-4691-9f82-b2bf7c109e66@group-FD4A39CE61DA-SegmentedRaftLogWorker: created new log segment /workdir/hadoop-ozone/integration-test/target/test-dir/MiniOzoneClusterImpl-15323bb8-fab1-4b87-97a4-cbcc55a81608/datanode-1/data/ratis/a8186365-22ae-4f7f-97bd-fd4a39ce61da/current/log_inprogress_0
2019-11-05 11:07:56,188 [main] INFO  rpc.RpcClient (RpcClient.java:createVolume(272)) - Creating Volume: testcontainerstatemachinefailures, with jenkins1000 as owner.
2019-11-05 11:07:56,295 [IPC Server handler 18 on 45437] INFO  volume.OMVolumeCreateRequest (OMVolumeCreateRequest.java:validateAndUpdateCache(193)) - created volume:testcontainerstatemachinefailures for user:jenkins1000
2019-11-05 11:07:56,399 [main] INFO  rpc.RpcClient (RpcClient.java:createBucket(411)) - Creating Bucket: testcontainerstatemachinefailures/testcontainerstatemachinefailures, with Versioning false and Storage Type set to DISK and Encryption set to false 
2019-11-05 11:07:56,572 [Thread-181] INFO  container.ReplicationManager (ReplicationManager.java:start(162)) - Starting Replication Monitor Thread.
2019-11-05 11:07:56,574 [ReplicationMonitor] INFO  container.ReplicationManager (ReplicationManager.java:run(225)) - Replication Monitor Thread took 1 milliseconds for processing 0 containers.
2019-11-05 11:07:56,687 [IPC Server handler 0 on 45957] INFO  server.SCMBlockProtocolServer (SCMBlockProtocolServer.java:allocateBlock(179)) - Allocating 1 blocks of size 4194304, with ExcludeList {datanodes = [], containerIds = [], pipelineIds = []}
2019-11-05 11:07:56,772 [main] INFO  impl.MetricsSystemImpl (MetricsSystemImpl.java:init(158)) - XceiverClientMetrics metrics system started (again)
2019-11-05 11:07:57,288 [Datanode State Machine Thread - 0] INFO  statemachine.DatanodeStateMachine (DatanodeStateMachine.java:lambda$startDaemon$0(350)) - Ozone container server started.
2019-11-05 11:08:02,291 [main] INFO  ozoneimpl.OzoneContainer (OzoneContainer.java:stop(227)) - Attempting to stop container services.
2019-11-05 11:08:02,298 [main] INFO  impl.RaftServerProxy (RaftServerProxy.java:lambda$close$4(314)) - b4fa652e-9609-43ae-a5da-dbaebd8b3d71: close
2019-11-05 11:08:02,305 [main] INFO  impl.RaftServerImpl (RaftServerImpl.java:lambda$shutdown$3(261)) - b4fa652e-9609-43ae-a5da-dbaebd8b3d71@group-E99F3F14AA9C: shutdown
2019-11-05 11:08:02,305 [main] INFO  util.JmxRegister (JmxRegister.java:unregister(73)) - Successfully un-registered JMX Bean with object name Ratis:service=RaftServer,group=group-E99F3F14AA9C,id=b4fa652e-9609-43ae-a5da-dbaebd8b3d71
2019-11-05 11:08:02,306 [main] INFO  impl.RoleInfo (RoleInfo.java:shutdownLeaderState(104)) - b4fa652e-9609-43ae-a5da-dbaebd8b3d71: shutdown LeaderState
2019-11-05 11:08:02,307 [main] INFO  impl.PendingRequests (PendingRequests.java:sendNotLeaderResponses(202)) - b4fa652e-9609-43ae-a5da-dbaebd8b3d71@group-E99F3F14AA9C-PendingRequests: sendNotLeaderResponses
2019-11-05 11:08:02,323 [main] INFO  impl.StateMachineUpdater (StateMachineUpdater.java:stopAndJoin(136)) - b4fa652e-9609-43ae-a5da-dbaebd8b3d71@group-E99F3F14AA9C-StateMachineUpdater: set stopIndex = 0
2019-11-05 11:08:02,323 [ForkJoinPool.commonPool-worker-0] INFO  impl.RaftServerImpl (RaftServerImpl.java:lambda$shutdown$3(261)) - b4fa652e-9609-43ae-a5da-dbaebd8b3d71@group-FD4A39CE61DA: shutdown
2019-11-05 11:08:02,324 [ForkJoinPool.commonPool-worker-0] INFO  util.JmxRegister (JmxRegister.java:unregister(73)) - Successfully un-registered JMX Bean with object name Ratis:service=RaftServer,group=group-FD4A39CE61DA,id=b4fa652e-9609-43ae-a5da-dbaebd8b3d71
2019-11-05 11:08:02,324 [ForkJoinPool.commonPool-worker-0] INFO  impl.RoleInfo (RoleInfo.java:shutdownFollowerState(121)) - b4fa652e-9609-43ae-a5da-dbaebd8b3d71: shutdown FollowerState
2019-11-05 11:08:02,325 [b4fa652e-9609-43ae-a5da-dbaebd8b3d71@group-FD4A39CE61DA-StateMachineUpdater] INFO  ratis.ContainerStateMachine (ContainerStateMachine.java:takeSnapshot(294)) - group-FD4A39CE61DA: Taking a snapshot at:(t:1, i:3) file /workdir/hadoop-ozone/integration-test/target/test-dir/MiniOzoneClusterImpl-15323bb8-fab1-4b87-97a4-cbcc55a81608/datanode-2/data/ratis/a8186365-22ae-4f7f-97bd-fd4a39ce61da/sm/snapshot.1_3
2019-11-05 11:08:02,329 [Thread-223] INFO  impl.FollowerState (FollowerState.java:run(117)) - b4fa652e-9609-43ae-a5da-dbaebd8b3d71@group-FD4A39CE61DA-FollowerState was interrupted: java.lang.InterruptedException: sleep interrupted
2019-11-05 11:08:02,331 [main] INFO  impl.RaftServerImpl (ServerState.java:close(388)) - b4fa652e-9609-43ae-a5da-dbaebd8b3d71@group-E99F3F14AA9C: closes. applyIndex: 0
2019-11-05 11:08:02,336 [b4fa652e-9609-43ae-a5da-dbaebd8b3d71@group-E99F3F14AA9C-SegmentedRaftLogWorker] INFO  segmented.SegmentedRaftLogWorker (SegmentedRaftLogWorker.java:run(316)) - b4fa652e-9609-43ae-a5da-dbaebd8b3d71@group-E99F3F14AA9C-SegmentedRaftLogWorker was interrupted, exiting. There are 0 tasks remaining in the queue.
2019-11-05 11:08:02,324 [ForkJoinPool.commonPool-worker-0] INFO  impl.StateMachineUpdater (StateMachineUpdater.java:stopAndJoin(136)) - b4fa652e-9609-43ae-a5da-dbaebd8b3d71@group-FD4A39CE61DA-StateMachineUpdater: set stopIndex = 4
2019-11-05 11:08:02,476 [main] INFO  segmented.SegmentedRaftLogWorker (SegmentedRaftLogWorker.java:close(224)) - b4fa652e-9609-43ae-a5da-dbaebd8b3d71@group-E99F3F14AA9C-SegmentedRaftLogWorker close()
2019-11-05 11:08:02,688 [b4fa652e-9609-43ae-a5da-dbaebd8b3d71@group-FD4A39CE61DA-StateMachineUpdater] INFO  ratis.ContainerStateMachine (ContainerStateMachine.java:takeSnapshot(305)) - group-FD4A39CE61DA: Finished taking a snapshot at:(t:1, i:3) file:/workdir/hadoop-ozone/integration-test/target/test-dir/MiniOzoneClusterImpl-15323bb8-fab1-4b87-97a4-cbcc55a81608/datanode-2/data/ratis/a8186365-22ae-4f7f-97bd-fd4a39ce61da/sm/snapshot.1_3 time:362
2019-11-05 11:08:02,690 [b4fa652e-9609-43ae-a5da-dbaebd8b3d71@group-FD4A39CE61DA-StateMachineUpdater] INFO  impl.StateMachineUpdater (StateMachineUpdater.java:takeSnapshot(269)) - b4fa652e-9609-43ae-a5da-dbaebd8b3d71@group-FD4A39CE61DA-StateMachineUpdater: Took a snapshot at index 3
2019-11-05 11:08:02,690 [b4fa652e-9609-43ae-a5da-dbaebd8b3d71@group-FD4A39CE61DA-StateMachineUpdater] INFO  impl.StateMachineUpdater (StateMachineUpdater.java:lambda$new$0(84)) - b4fa652e-9609-43ae-a5da-dbaebd8b3d71@group-FD4A39CE61DA-StateMachineUpdater: snapshotIndex: updateIncreasingly -1 -> 3
2019-11-05 11:08:02,699 [b4fa652e-9609-43ae-a5da-dbaebd8b3d71@group-FD4A39CE61DA-StateMachineUpdater] INFO  ratis.ContainerStateMachine (ContainerStateMachine.java:takeSnapshot(294)) - group-FD4A39CE61DA: Taking a snapshot at:(t:1, i:3) file /workdir/hadoop-ozone/integration-test/target/test-dir/MiniOzoneClusterImpl-15323bb8-fab1-4b87-97a4-cbcc55a81608/datanode-2/data/ratis/a8186365-22ae-4f7f-97bd-fd4a39ce61da/sm/snapshot.1_3
2019-11-05 11:08:02,708 [b4fa652e-9609-43ae-a5da-dbaebd8b3d71@group-FD4A39CE61DA-StateMachineUpdater] INFO  ratis.ContainerStateMachine (ContainerStateMachine.java:takeSnapshot(305)) - group-FD4A39CE61DA: Finished taking a snapshot at:(t:1, i:3) file:/workdir/hadoop-ozone/integration-test/target/test-dir/MiniOzoneClusterImpl-15323bb8-fab1-4b87-97a4-cbcc55a81608/datanode-2/data/ratis/a8186365-22ae-4f7f-97bd-fd4a39ce61da/sm/snapshot.1_3 time:10
2019-11-05 11:08:02,709 [b4fa652e-9609-43ae-a5da-dbaebd8b3d71@group-FD4A39CE61DA-StateMachineUpdater] INFO  impl.StateMachineUpdater (StateMachineUpdater.java:takeSnapshot(269)) - b4fa652e-9609-43ae-a5da-dbaebd8b3d71@group-FD4A39CE61DA-StateMachineUpdater: Took a snapshot at index 3
2019-11-05 11:08:02,709 [b4fa652e-9609-43ae-a5da-dbaebd8b3d71@group-FD4A39CE61DA-StateMachineUpdater] INFO  impl.StateMachineUpdater (StateMachineUpdater.java:lambda$new$0(84)) - b4fa652e-9609-43ae-a5da-dbaebd8b3d71@group-FD4A39CE61DA-StateMachineUpdater: snapshotIndex: updateIncreasingly 3 -> 3
2019-11-05 11:08:02,710 [ForkJoinPool.commonPool-worker-0] INFO  impl.RaftServerImpl (ServerState.java:close(388)) - b4fa652e-9609-43ae-a5da-dbaebd8b3d71@group-FD4A39CE61DA: closes. applyIndex: 4
2019-11-05 11:08:02,710 [b4fa652e-9609-43ae-a5da-dbaebd8b3d71@group-FD4A39CE61DA-SegmentedRaftLogWorker] INFO  segmented.SegmentedRaftLogWorker (SegmentedRaftLogWorker.java:run(316)) - b4fa652e-9609-43ae-a5da-dbaebd8b3d71@group-FD4A39CE61DA-SegmentedRaftLogWorker was interrupted, exiting. There are 0 tasks remaining in the queue.
2019-11-05 11:08:02,712 [ForkJoinPool.commonPool-worker-0] INFO  segmented.SegmentedRaftLogWorker (SegmentedRaftLogWorker.java:close(224)) - b4fa652e-9609-43ae-a5da-dbaebd8b3d71@group-FD4A39CE61DA-SegmentedRaftLogWorker close()
2019-11-05 11:08:02,721 [main] INFO  server.GrpcService (GrpcService.java:closeImpl(164)) - b4fa652e-9609-43ae-a5da-dbaebd8b3d71: shutdown server with port 36685 now
2019-11-05 11:08:02,760 [grpc-default-executor-1] WARN  server.GrpcServerProtocolService (LogUtils.java:warn(134)) - b4fa652e-9609-43ae-a5da-dbaebd8b3d71: installSnapshot onError, lastRequest: 217b40b1-6496-41ee-9e5f-1bb61aa45139->b4fa652e-9609-43ae-a5da-dbaebd8b3d71#7-t1, previous=(t:1, i:4), leaderCommit=4, initializing? false, entries: <empty>: org.apache.ratis.thirdparty.io.grpc.StatusRuntimeException: CANCELLED: cancelled before receiving half close
2019-11-05 11:08:02,811 [grpc-default-executor-3] WARN  server.GrpcLogAppender (LogUtils.java:warn(134)) - 217b40b1-6496-41ee-9e5f-1bb61aa45139@group-FD4A39CE61DA->b4fa652e-9609-43ae-a5da-dbaebd8b3d71-AppendLogResponseHandler: Failed appendEntries: org.apache.ratis.thirdparty.io.grpc.StatusRuntimeException: CANCELLED: HTTP/2 error code: CANCEL
Received Rst Stream
2019-11-05 11:08:02,813 [main] INFO  server.GrpcService (GrpcService.java:closeImpl(172)) - b4fa652e-9609-43ae-a5da-dbaebd8b3d71: shutdown server with port 36685 successfully
2019-11-05 11:08:02,824 [refreshUsed-/workdir/hadoop-ozone/integration-test/target/test-dir/MiniOzoneClusterImpl-15323bb8-fab1-4b87-97a4-cbcc55a81608/datanode-2/data/containers] WARN  fs.CachingGetSpaceUsed (CachingGetSpaceUsed.java:run(183)) - Thread Interrupted waiting to refresh disk information: sleep interrupted
2019-11-05 11:08:02,853 [main] INFO  utils.BackgroundService (BackgroundService.java:shutdown(151)) - Shutting down service BlockDeletingService
2019-11-05 11:08:02,869 [main] INFO  statemachine.DatanodeStateMachine (DatanodeStateMachine.java:stopDaemon(395)) - Ozone container server stopped.
2019-11-05 11:08:02,879 [main] INFO  handler.ContextHandler (ContextHandler.java:doStop(910)) - Stopped o.e.j.w.WebAppContext@255eaa6b{/,null,UNAVAILABLE}{/hddsDatanode}
2019-11-05 11:08:02,886 [main] INFO  server.AbstractConnector (AbstractConnector.java:doStop(318)) - Stopped ServerConnector@476fe690{HTTP/1.1,[http/1.1]}{0.0.0.0:0}
2019-11-05 11:08:02,888 [main] INFO  handler.ContextHandler (ContextHandler.java:doStop(910)) - Stopped o.e.j.s.ServletContextHandler@6920614{/static,jar:file:/home/user/.m2/repository/org/apache/hadoop/hadoop-hdds-container-service/0.5.0-SNAPSHOT/hadoop-hdds-container-service-0.5.0-SNAPSHOT.jar!/webapps/static,UNAVAILABLE}
2019-11-05 11:08:02,888 [main] INFO  handler.ContextHandler (ContextHandler.java:doStop(910)) - Stopped o.e.j.s.ServletContextHandler@1effd53c{/logs,file:///workdir/hadoop-ozone/integration-test/target/log,UNAVAILABLE}
2019-11-05 11:08:05,913 [java.util.concurrent.ThreadPoolExecutor$Worker@5b207bf4[State = -1, empty queue]] WARN  server.GrpcLogAppender (GrpcLogAppender.java:timeoutAppendRequest(209)) - 217b40b1-6496-41ee-9e5f-1bb61aa45139@group-FD4A39CE61DA->b4fa652e-9609-43ae-a5da-dbaebd8b3d71-GrpcLogAppender: appendEntries Timeout, request=217b40b1-6496-41ee-9e5f-1bb61aa45139->b4fa652e-9609-43ae-a5da-dbaebd8b3d71#8-t1, previous=(t:1, i:4), leaderCommit=4, initializing? false, entries: size=1, first=(t:1, i:5), STATEMACHINELOGENTRY, client-37A56D8DDB63, cid=8
2019-11-05 11:08:05,936 [java.util.concurrent.ThreadPoolExecutor$Worker@5b207bf4[State = -1, empty queue]] WARN  server.GrpcLogAppender (GrpcLogAppender.java:timeoutAppendRequest(209)) - 217b40b1-6496-41ee-9e5f-1bb61aa45139@group-FD4A39CE61DA->b4fa652e-9609-43ae-a5da-dbaebd8b3d71-GrpcLogAppender: appendEntries Timeout, request=217b40b1-6496-41ee-9e5f-1bb61aa45139->b4fa652e-9609-43ae-a5da-dbaebd8b3d71#9-t1, previous=(t:1, i:5), leaderCommit=4, initializing? false, entries: size=1, first=(t:1, i:6), STATEMACHINELOGENTRY, client-37A56D8DDB63, cid=9
2019-11-05 11:08:05,954 [java.util.concurrent.ThreadPoolExecutor$Worker@5b207bf4[State = -1, empty queue]] WARN  server.GrpcLogAppender (GrpcLogAppender.java:timeoutAppendRequest(209)) - 217b40b1-6496-41ee-9e5f-1bb61aa45139@group-FD4A39CE61DA->b4fa652e-9609-43ae-a5da-dbaebd8b3d71-GrpcLogAppender: appendEntries Timeout, request=217b40b1-6496-41ee-9e5f-1bb61aa45139->b4fa652e-9609-43ae-a5da-dbaebd8b3d71#10-t1, previous=(t:1, i:6), leaderCommit=5, initializing? false, entries: size=1, first=(t:1, i:7), METADATAENTRY(c5)
2019-11-05 11:08:05,960 [java.util.concurrent.ThreadPoolExecutor$Worker@5b207bf4[State = -1, empty queue]] WARN  server.GrpcLogAppender (GrpcLogAppender.java:timeoutAppendRequest(209)) - 217b40b1-6496-41ee-9e5f-1bb61aa45139@group-FD4A39CE61DA->b4fa652e-9609-43ae-a5da-dbaebd8b3d71-GrpcLogAppender: appendEntries Timeout, request=217b40b1-6496-41ee-9e5f-1bb61aa45139->b4fa652e-9609-43ae-a5da-dbaebd8b3d71#11-t1, previous=(t:1, i:7), leaderCommit=6, initializing? false, entries: size=1, first=(t:1, i:8), METADATAENTRY(c6)
2019-11-05 11:08:08,462 [java.util.concurrent.ThreadPoolExecutor$Worker@5b207bf4[State = -1, empty queue]] WARN  server.GrpcLogAppender (GrpcLogAppender.java:timeoutAppendRequest(209)) - 217b40b1-6496-41ee-9e5f-1bb61aa45139@group-FD4A39CE61DA->b4fa652e-9609-43ae-a5da-dbaebd8b3d71-GrpcLogAppender: appendEntries Timeout, request=217b40b1-6496-41ee-9e5f-1bb61aa45139->b4fa652e-9609-43ae-a5da-dbaebd8b3d71#12-t1, previous=(t:1, i:8), leaderCommit=8, initializing? false, entries: <empty>
2019-11-05 11:08:10,968 [java.util.concurrent.ThreadPoolExecutor$Worker@5b207bf4[State = -1, empty queue]] WARN  server.GrpcLogAppender (GrpcLogAppender.java:timeoutAppendRequest(209)) - 217b40b1-6496-41ee-9e5f-1bb61aa45139@group-FD4A39CE61DA->b4fa652e-9609-43ae-a5da-dbaebd8b3d71-GrpcLogAppender: appendEntries Timeout, request=217b40b1-6496-41ee-9e5f-1bb61aa45139->b4fa652e-9609-43ae-a5da-dbaebd8b3d71#13-t1, previous=(t:1, i:8), leaderCommit=8, initializing? false, entries: <empty>
2019-11-05 11:08:12,047 [Thread-280] INFO  client.GrpcClientProtocolService (GrpcClientProtocolService.java:lambda$processClientRequest$0(278)) - Failed RaftClientRequest:client-37A56D8DDB63->69837c10-b6a5-4691-9f82-b2bf7c109e66@group-FD4A39CE61DA, cid=10, seq=0, Watch-ALL_COMMITTED(6), Message:<EMPTY>, reply=RaftClientReply:client-37A56D8DDB63->69837c10-b6a5-4691-9f82-b2bf7c109e66@group-FD4A39CE61DA, cid=10, FAILED org.apache.ratis.protocol.NotLeaderException: Server 69837c10-b6a5-4691-9f82-b2bf7c109e66@group-FD4A39CE61DA is not the leader 217b40b1-6496-41ee-9e5f-1bb61aa45139:192.168.157.252:40951, logIndex=0, commits[69837c10-b6a5-4691-9f82-b2bf7c109e66:c8, 217b40b1-6496-41ee-9e5f-1bb61aa45139:c8, b4fa652e-9609-43ae-a5da-dbaebd8b3d71:c4]
2019-11-05 11:08:13,469 [java.util.concurrent.ThreadPoolExecutor$Worker@5b207bf4[State = -1, empty queue]] WARN  server.GrpcLogAppender (GrpcLogAppender.java:timeoutAppendRequest(209)) - 217b40b1-6496-41ee-9e5f-1bb61aa45139@group-FD4A39CE61DA->b4fa652e-9609-43ae-a5da-dbaebd8b3d71-GrpcLogAppender: appendEntries Timeout, request=217b40b1-6496-41ee-9e5f-1bb61aa45139->b4fa652e-9609-43ae-a5da-dbaebd8b3d71#14-t1, previous=(t:1, i:8), leaderCommit=8, initializing? false, entries: <empty>
2019-11-05 11:08:13,587 [Thread-284] INFO  client.GrpcClientProtocolService (GrpcClientProtocolService.java:lambda$processClientRequest$0(278)) - Failed RaftClientRequest:client-37A56D8DDB63->217b40b1-6496-41ee-9e5f-1bb61aa45139@group-FD4A39CE61DA, cid=10, seq=0, Watch-ALL_COMMITTED(6), Message:<EMPTY>, reply=RaftClientReply:client-37A56D8DDB63->217b40b1-6496-41ee-9e5f-1bb61aa45139@group-FD4A39CE61DA, cid=10, FAILED org.apache.ratis.protocol.NotReplicatedException: Request with call Id 10 and log index 6 is not yet replicated to ALL_COMMITTED, logIndex=6, commits[217b40b1-6496-41ee-9e5f-1bb61aa45139:c8, 69837c10-b6a5-4691-9f82-b2bf7c109e66:c8, b4fa652e-9609-43ae-a5da-dbaebd8b3d71:c4]
2019-11-05 11:08:15,970 [java.util.concurrent.ThreadPoolExecutor$Worker@5b207bf4[State = -1, empty queue]] WARN  server.GrpcLogAppender (GrpcLogAppender.java:timeoutAppendRequest(209)) - 217b40b1-6496-41ee-9e5f-1bb61aa45139@group-FD4A39CE61DA->b4fa652e-9609-43ae-a5da-dbaebd8b3d71-GrpcLogAppender: appendEntries Timeout, request=217b40b1-6496-41ee-9e5f-1bb61aa45139->b4fa652e-9609-43ae-a5da-dbaebd8b3d71#15-t1, previous=(t:1, i:8), leaderCommit=8, initializing? false, entries: <empty>
2019-11-05 11:08:18,488 [java.util.concurrent.ThreadPoolExecutor$Worker@5b207bf4[State = -1, empty queue]] WARN  server.GrpcLogAppender (GrpcLogAppender.java:timeoutAppendRequest(209)) - 217b40b1-6496-41ee-9e5f-1bb61aa45139@group-FD4A39CE61DA->b4fa652e-9609-43ae-a5da-dbaebd8b3d71-GrpcLogAppender: appendEntries Timeout, request=217b40b1-6496-41ee-9e5f-1bb61aa45139->b4fa652e-9609-43ae-a5da-dbaebd8b3d71#16-t1, previous=(t:1, i:8), leaderCommit=8, initializing? false, entries: <empty>
2019-11-05 11:08:20,974 [java.util.concurrent.ThreadPoolExecutor$Worker@5b207bf4[State = -1, empty queue]] WARN  server.GrpcLogAppender (GrpcLogAppender.java:timeoutAppendRequest(209)) - 217b40b1-6496-41ee-9e5f-1bb61aa45139@group-FD4A39CE61DA->b4fa652e-9609-43ae-a5da-dbaebd8b3d71-GrpcLogAppender: appendEntries Timeout, request=217b40b1-6496-41ee-9e5f-1bb61aa45139->b4fa652e-9609-43ae-a5da-dbaebd8b3d71#17-t1, previous=(t:1, i:8), leaderCommit=8, initializing? false, entries: <empty>
2019-11-05 11:08:21,165 [Thread-290] INFO  client.GrpcClientProtocolService (GrpcClientProtocolService.java:lambda$processClientRequest$0(278)) - Failed RaftClientRequest:client-37A56D8DDB63->69837c10-b6a5-4691-9f82-b2bf7c109e66@group-FD4A39CE61DA, cid=10, seq=0, Watch-ALL_COMMITTED(6), Message:<EMPTY>, reply=RaftClientReply:client-37A56D8DDB63->69837c10-b6a5-4691-9f82-b2bf7c109e66@group-FD4A39CE61DA, cid=10, FAILED org.apache.ratis.protocol.NotLeaderException: Server 69837c10-b6a5-4691-9f82-b2bf7c109e66@group-FD4A39CE61DA is not the leader 217b40b1-6496-41ee-9e5f-1bb61aa45139:192.168.157.252:40951, logIndex=0, commits[69837c10-b6a5-4691-9f82-b2bf7c109e66:c8, 217b40b1-6496-41ee-9e5f-1bb61aa45139:c8, b4fa652e-9609-43ae-a5da-dbaebd8b3d71:c4]
2019-11-05 11:08:22,585 [Thread-293] INFO  client.GrpcClientProtocolService (GrpcClientProtocolService.java:lambda$processClientRequest$0(278)) - Failed RaftClientRequest:client-37A56D8DDB63->217b40b1-6496-41ee-9e5f-1bb61aa45139@group-FD4A39CE61DA, cid=10, seq=0, Watch-ALL_COMMITTED(6), Message:<EMPTY>, reply=RaftClientReply:client-37A56D8DDB63->217b40b1-6496-41ee-9e5f-1bb61aa45139@group-FD4A39CE61DA, cid=10, FAILED org.apache.ratis.protocol.NotReplicatedException: Request with call Id 10 and log index 6 is not yet replicated to ALL_COMMITTED, logIndex=6, commits[217b40b1-6496-41ee-9e5f-1bb61aa45139:c8, 69837c10-b6a5-4691-9f82-b2bf7c109e66:c8, b4fa652e-9609-43ae-a5da-dbaebd8b3d71:c4]
2019-11-05 11:08:23,476 [java.util.concurrent.ThreadPoolExecutor$Worker@5b207bf4[State = -1, empty queue]] WARN  server.GrpcLogAppender (GrpcLogAppender.java:timeoutAppendRequest(209)) - 217b40b1-6496-41ee-9e5f-1bb61aa45139@group-FD4A39CE61DA->b4fa652e-9609-43ae-a5da-dbaebd8b3d71-GrpcLogAppender: appendEntries Timeout, request=217b40b1-6496-41ee-9e5f-1bb61aa45139->b4fa652e-9609-43ae-a5da-dbaebd8b3d71#18-t1, previous=(t:1, i:8), leaderCommit=8, initializing? false, entries: <empty>
2019-11-05 11:08:25,977 [java.util.concurrent.ThreadPoolExecutor$Worker@5b207bf4[State = -1, empty queue]] WARN  server.GrpcLogAppender (GrpcLogAppender.java:timeoutAppendRequest(209)) - 217b40b1-6496-41ee-9e5f-1bb61aa45139@group-FD4A39CE61DA->b4fa652e-9609-43ae-a5da-dbaebd8b3d71-GrpcLogAppender: appendEntries Timeout, request=217b40b1-6496-41ee-9e5f-1bb61aa45139->b4fa652e-9609-43ae-a5da-dbaebd8b3d71#19-t1, previous=(t:1, i:8), leaderCommit=8, initializing? false, entries: <empty>
2019-11-05 11:08:28,479 [java.util.concurrent.ThreadPoolExecutor$Worker@5b207bf4[State = -1, empty queue]] WARN  server.GrpcLogAppender (GrpcLogAppender.java:timeoutAppendRequest(209)) - 217b40b1-6496-41ee-9e5f-1bb61aa45139@group-FD4A39CE61DA->b4fa652e-9609-43ae-a5da-dbaebd8b3d71-GrpcLogAppender: appendEntries Timeout, request=217b40b1-6496-41ee-9e5f-1bb61aa45139->b4fa652e-9609-43ae-a5da-dbaebd8b3d71#20-t1, previous=(t:1, i:8), leaderCommit=8, initializing? false, entries: <empty>
2019-11-05 11:08:30,980 [java.util.concurrent.ThreadPoolExecutor$Worker@5b207bf4[State = -1, empty queue]] WARN  server.GrpcLogAppender (GrpcLogAppender.java:timeoutAppendRequest(209)) - 217b40b1-6496-41ee-9e5f-1bb61aa45139@group-FD4A39CE61DA->b4fa652e-9609-43ae-a5da-dbaebd8b3d71-GrpcLogAppender: appendEntries Timeout, request=217b40b1-6496-41ee-9e5f-1bb61aa45139->b4fa652e-9609-43ae-a5da-dbaebd8b3d71#21-t1, previous=(t:1, i:8), leaderCommit=8, initializing? false, entries: <empty>
2019-11-05 11:08:31,584 [Thread-302] INFO  client.GrpcClientProtocolService (GrpcClientProtocolService.java:lambda$processClientRequest$0(278)) - Failed RaftClientRequest:client-37A56D8DDB63->217b40b1-6496-41ee-9e5f-1bb61aa45139@group-FD4A39CE61DA, cid=10, seq=0, Watch-ALL_COMMITTED(6), Message:<EMPTY>, reply=RaftClientReply:client-37A56D8DDB63->217b40b1-6496-41ee-9e5f-1bb61aa45139@group-FD4A39CE61DA, cid=10, FAILED org.apache.ratis.protocol.NotReplicatedException: Request with call Id 10 and log index 6 is not yet replicated to ALL_COMMITTED, logIndex=6, commits[217b40b1-6496-41ee-9e5f-1bb61aa45139:c8, 69837c10-b6a5-4691-9f82-b2bf7c109e66:c8, b4fa652e-9609-43ae-a5da-dbaebd8b3d71:c4]
2019-11-05 11:08:32,991 [main] WARN  scm.XceiverClientRatis (XceiverClientRatis.java:watchForCommit(277)) - 3 way commit failed on pipeline Pipeline[ Id: a8186365-22ae-4f7f-97bd-fd4a39ce61da, Nodes: 217b40b1-6496-41ee-9e5f-1bb61aa45139{ip: 192.168.157.252, host: pr-hdds-1643-qwrct-1900426900, networkLocation: /default-rack, certSerialId: null}69837c10-b6a5-4691-9f82-b2bf7c109e66{ip: 192.168.157.252, host: pr-hdds-1643-qwrct-1900426900, networkLocation: /default-rack, certSerialId: null}b4fa652e-9609-43ae-a5da-dbaebd8b3d71{ip: 192.168.157.252, host: pr-hdds-1643-qwrct-1900426900, networkLocation: /default-rack, certSerialId: null}, Type:RATIS, Factor:THREE, State:OPEN]
java.util.concurrent.TimeoutException
	at java.util.concurrent.CompletableFuture.timedGet(CompletableFuture.java:1771)
	at java.util.concurrent.CompletableFuture.get(CompletableFuture.java:1915)
	at org.apache.hadoop.hdds.scm.XceiverClientRatis.watchForCommit(XceiverClientRatis.java:274)
	at org.apache.hadoop.hdds.scm.storage.CommitWatcher.watchForCommit(CommitWatcher.java:198)
	at org.apache.hadoop.hdds.scm.storage.CommitWatcher.watchOnLastIndex(CommitWatcher.java:161)
	at org.apache.hadoop.hdds.scm.storage.BlockOutputStream.watchForCommit(BlockOutputStream.java:346)
	at org.apache.hadoop.hdds.scm.storage.BlockOutputStream.handleFlush(BlockOutputStream.java:482)
	at org.apache.hadoop.hdds.scm.storage.BlockOutputStream.close(BlockOutputStream.java:496)
	at org.apache.hadoop.ozone.client.io.BlockOutputStreamEntry.close(BlockOutputStreamEntry.java:143)
	at org.apache.hadoop.ozone.client.io.KeyOutputStream.handleFlushOrClose(KeyOutputStream.java:435)
	at org.apache.hadoop.ozone.client.io.KeyOutputStream.close(KeyOutputStream.java:473)
	at org.apache.hadoop.ozone.client.io.OzoneOutputStream.close(OzoneOutputStream.java:60)
	at org.apache.hadoop.ozone.client.rpc.TestDeleteWithSlowFollower.testDeleteKeyWithSlowFollower(TestDeleteWithSlowFollower.java:193)
	at sun.reflect.NativeMethodAccessorImpl.invoke0(Native Method)
	at sun.reflect.NativeMethodAccessorImpl.invoke(NativeMethodAccessorImpl.java:62)
	at sun.reflect.DelegatingMethodAccessorImpl.invoke(DelegatingMethodAccessorImpl.java:43)
	at java.lang.reflect.Method.invoke(Method.java:498)
	at org.junit.runners.model.FrameworkMethod$1.runReflectiveCall(FrameworkMethod.java:47)
	at org.junit.internal.runners.model.ReflectiveCallable.run(ReflectiveCallable.java:12)
	at org.junit.runners.model.FrameworkMethod.invokeExplosively(FrameworkMethod.java:44)
	at org.junit.internal.runners.statements.InvokeMethod.evaluate(InvokeMethod.java:17)
	at org.junit.runners.ParentRunner.runLeaf(ParentRunner.java:271)
	at org.junit.runners.BlockJUnit4ClassRunner.runChild(BlockJUnit4ClassRunner.java:70)
	at org.junit.runners.BlockJUnit4ClassRunner.runChild(BlockJUnit4ClassRunner.java:50)
	at org.junit.runners.ParentRunner$3.run(ParentRunner.java:238)
	at org.junit.runners.ParentRunner$1.schedule(ParentRunner.java:63)
	at org.junit.runners.ParentRunner.runChildren(ParentRunner.java:236)
	at org.junit.runners.ParentRunner.access$000(ParentRunner.java:53)
	at org.junit.runners.ParentRunner$2.evaluate(ParentRunner.java:229)
	at org.junit.internal.runners.statements.RunBefores.evaluate(RunBefores.java:26)
	at org.junit.internal.runners.statements.RunAfters.evaluate(RunAfters.java:27)
	at org.junit.runners.ParentRunner.run(ParentRunner.java:309)
	at org.apache.maven.surefire.junit4.JUnit4Provider.execute(JUnit4Provider.java:365)
	at org.apache.maven.surefire.junit4.JUnit4Provider.executeWithRerun(JUnit4Provider.java:273)
	at org.apache.maven.surefire.junit4.JUnit4Provider.executeTestSet(JUnit4Provider.java:238)
	at org.apache.maven.surefire.junit4.JUnit4Provider.invoke(JUnit4Provider.java:159)
	at org.apache.maven.surefire.booter.ForkedBooter.invokeProviderInSameClassLoader(ForkedBooter.java:384)
	at org.apache.maven.surefire.booter.ForkedBooter.runSuitesInProcess(ForkedBooter.java:345)
	at org.apache.maven.surefire.booter.ForkedBooter.execute(ForkedBooter.java:126)
	at org.apache.maven.surefire.booter.ForkedBooter.main(ForkedBooter.java:418)
2019-11-05 11:08:33,123 [main] INFO  scm.XceiverClientRatis (XceiverClientRatis.java:lambda$watchForCommit$5(295)) - Could not commit index 6 on pipeline Pipeline[ Id: a8186365-22ae-4f7f-97bd-fd4a39ce61da, Nodes: 217b40b1-6496-41ee-9e5f-1bb61aa45139{ip: 192.168.157.252, host: pr-hdds-1643-qwrct-1900426900, networkLocation: /default-rack, certSerialId: null}69837c10-b6a5-4691-9f82-b2bf7c109e66{ip: 192.168.157.252, host: pr-hdds-1643-qwrct-1900426900, networkLocation: /default-rack, certSerialId: null}b4fa652e-9609-43ae-a5da-dbaebd8b3d71{ip: 192.168.157.252, host: pr-hdds-1643-qwrct-1900426900, networkLocation: /default-rack, certSerialId: null}, Type:RATIS, Factor:THREE, State:OPEN] to all the nodes. Server b4fa652e-9609-43ae-a5da-dbaebd8b3d71 has failed. Committed by majority.
2019-11-05 11:08:33,124 [main] WARN  storage.BlockOutputStream (BlockOutputStream.java:watchForCommit(352)) - Failed to commit BlockId conID: 1 locID: 103084987298414592 bcsId: 6 on Pipeline[ Id: a8186365-22ae-4f7f-97bd-fd4a39ce61da, Nodes: 217b40b1-6496-41ee-9e5f-1bb61aa45139{ip: 192.168.157.252, host: pr-hdds-1643-qwrct-1900426900, networkLocation: /default-rack, certSerialId: null}69837c10-b6a5-4691-9f82-b2bf7c109e66{ip: 192.168.157.252, host: pr-hdds-1643-qwrct-1900426900, networkLocation: /default-rack, certSerialId: null}b4fa652e-9609-43ae-a5da-dbaebd8b3d71{ip: 192.168.157.252, host: pr-hdds-1643-qwrct-1900426900, networkLocation: /default-rack, certSerialId: null}, Type:RATIS, Factor:THREE, State:OPEN]. Failed nodes: [b4fa652e-9609-43ae-a5da-dbaebd8b3d71{ip: null, host: null, networkLocation: /default-rack, certSerialId: null}]
2019-11-05 11:08:33,277 [EventQueue-IncrementalContainerReportForIncrementalContainerReportHandler] WARN  container.IncrementalContainerReportHandler (AbstractContainerReportHandler.java:updateContainerState(145)) - Container #1 is in OPEN state, but the datanode 217b40b1-6496-41ee-9e5f-1bb61aa45139{ip: 192.168.157.252, host: pr-hdds-1643-qwrct-1900426900, networkLocation: /default-rack, certSerialId: null} reports an CLOSING replica.
2019-11-05 11:08:33,285 [RatisApplyTransactionExecutor 1] INFO  interfaces.Container (KeyValueContainer.java:flushAndSyncDB(386)) - Container 1 is synced with bcsId 6.
2019-11-05 11:08:33,290 [RatisApplyTransactionExecutor 1] INFO  interfaces.Container (KeyValueContainer.java:flushAndSyncDB(386)) - Container 1 is synced with bcsId 6.
2019-11-05 11:08:33,335 [RatisApplyTransactionExecutor 1] INFO  interfaces.Container (KeyValueContainer.java:close(335)) - Container 1 is closed with bcsId 6.
2019-11-05 11:08:33,337 [EventQueue-IncrementalContainerReportForIncrementalContainerReportHandler] WARN  container.IncrementalContainerReportHandler (AbstractContainerReportHandler.java:updateContainerState(145)) - Container #1 is in OPEN state, but the datanode 69837c10-b6a5-4691-9f82-b2bf7c109e66{ip: 192.168.157.252, host: pr-hdds-1643-qwrct-1900426900, networkLocation: /default-rack, certSerialId: null} reports an CLOSING replica.
2019-11-05 11:08:33,338 [EventQueue-IncrementalContainerReportForIncrementalContainerReportHandler] WARN  container.IncrementalContainerReportHandler (AbstractContainerReportHandler.java:updateContainerState(145)) - Container #1 is in OPEN state, but the datanode 217b40b1-6496-41ee-9e5f-1bb61aa45139{ip: 192.168.157.252, host: pr-hdds-1643-qwrct-1900426900, networkLocation: /default-rack, certSerialId: null} reports an CLOSED replica.
2019-11-05 11:08:33,348 [RatisApplyTransactionExecutor 1] INFO  interfaces.Container (KeyValueContainer.java:flushAndSyncDB(386)) - Container 1 is synced with bcsId 6.
2019-11-05 11:08:33,365 [RatisApplyTransactionExecutor 1] INFO  interfaces.Container (KeyValueContainer.java:flushAndSyncDB(386)) - Container 1 is synced with bcsId 6.
2019-11-05 11:08:33,403 [RatisApplyTransactionExecutor 1] INFO  interfaces.Container (KeyValueContainer.java:close(335)) - Container 1 is closed with bcsId 6.
2019-11-05 11:08:33,405 [EventQueue-IncrementalContainerReportForIncrementalContainerReportHandler] WARN  container.IncrementalContainerReportHandler (AbstractContainerReportHandler.java:updateContainerState(145)) - Container #1 is in OPEN state, but the datanode 69837c10-b6a5-4691-9f82-b2bf7c109e66{ip: 192.168.157.252, host: pr-hdds-1643-qwrct-1900426900, networkLocation: /default-rack, certSerialId: null} reports an CLOSED replica.
2019-11-05 11:08:33,481 [java.util.concurrent.ThreadPoolExecutor$Worker@5b207bf4[State = -1, empty queue]] WARN  server.GrpcLogAppender (GrpcLogAppender.java:timeoutAppendRequest(209)) - 217b40b1-6496-41ee-9e5f-1bb61aa45139@group-FD4A39CE61DA->b4fa652e-9609-43ae-a5da-dbaebd8b3d71-GrpcLogAppender: appendEntries Timeout, request=217b40b1-6496-41ee-9e5f-1bb61aa45139->b4fa652e-9609-43ae-a5da-dbaebd8b3d71#22-t1, previous=(t:1, i:8), leaderCommit=8, initializing? false, entries: <empty>
2019-11-05 11:08:33,505 [EventQueue-ContainerReportForContainerReportHandler] WARN  container.ContainerReportHandler (AbstractContainerReportHandler.java:updateContainerState(145)) - Container #1 is in OPEN state, but the datanode 69837c10-b6a5-4691-9f82-b2bf7c109e66{ip: 192.168.157.252, host: pr-hdds-1643-qwrct-1900426900, networkLocation: /default-rack, certSerialId: null} reports an CLOSED replica.
2019-11-05 11:08:33,540 [EventQueue-ContainerReportForContainerReportHandler] WARN  container.ContainerReportHandler (AbstractContainerReportHandler.java:updateContainerState(145)) - Container #1 is in OPEN state, but the datanode 217b40b1-6496-41ee-9e5f-1bb61aa45139{ip: 192.168.157.252, host: pr-hdds-1643-qwrct-1900426900, networkLocation: /default-rack, certSerialId: null} reports an CLOSED replica.
2019-11-05 11:08:33,705 [EventQueue-ContainerReportForContainerReportHandler] WARN  container.ContainerReportHandler (AbstractContainerReportHandler.java:updateContainerState(145)) - Container #1 is in OPEN state, but the datanode 69837c10-b6a5-4691-9f82-b2bf7c109e66{ip: 192.168.157.252, host: pr-hdds-1643-qwrct-1900426900, networkLocation: /default-rack, certSerialId: null} reports an CLOSED replica.
2019-11-05 11:08:33,740 [EventQueue-ContainerReportForContainerReportHandler] WARN  container.ContainerReportHandler (AbstractContainerReportHandler.java:updateContainerState(145)) - Container #1 is in OPEN state, but the datanode 217b40b1-6496-41ee-9e5f-1bb61aa45139{ip: 192.168.157.252, host: pr-hdds-1643-qwrct-1900426900, networkLocation: /default-rack, certSerialId: null} reports an CLOSED replica.
2019-11-05 11:08:33,948 [EventQueue-ContainerReportForContainerReportHandler] WARN  container.ContainerReportHandler (AbstractContainerReportHandler.java:updateContainerState(145)) - Container #1 is in OPEN state, but the datanode 217b40b1-6496-41ee-9e5f-1bb61aa45139{ip: 192.168.157.252, host: pr-hdds-1643-qwrct-1900426900, networkLocation: /default-rack, certSerialId: null} reports an CLOSED replica.
2019-11-05 11:08:34,130 [EventQueue-ContainerReportForContainerReportHandler] WARN  container.ContainerReportHandler (AbstractContainerReportHandler.java:updateContainerState(145)) - Container #1 is in OPEN state, but the datanode 69837c10-b6a5-4691-9f82-b2bf7c109e66{ip: 192.168.157.252, host: pr-hdds-1643-qwrct-1900426900, networkLocation: /default-rack, certSerialId: null} reports an CLOSED replica.
2019-11-05 11:08:34,138 [BlockDeletingService#2] WARN  background.BlockDeletingService (BlockDeletingService.java:isDeletionAllowed(187)) - Close Container log Index 6 is not replicated across allthe servers in the pipeline a8186365-22ae-4f7f-97bd-fd4a39ce61da as the min replicated index is 4. Deletion is not allowed in this container yet.
2019-11-05 11:08:34,138 [BlockDeletingService#2] WARN  background.BlockDeletingService (BlockDeletingService.java:isDeletionAllowed(187)) - Close Container log Index 6 is not replicated across allthe servers in the pipeline a8186365-22ae-4f7f-97bd-fd4a39ce61da as the min replicated index is 4. Deletion is not allowed in this container yet.
2019-11-05 11:08:34,188 [IPC Server handler 1 on 45957] INFO  server.SCMBlockProtocolServer (SCMBlockProtocolServer.java:deleteKeyBlocks(214)) - SCM is informed by OM to delete 1 blocks
2019-11-05 11:08:34,189 [IPC Server handler 1 on 45957] INFO  block.BlockManagerImpl (BlockManagerImpl.java:deleteBlocks(285)) - Deleting blocks conID: 1 locID: 103084987298414592 bcsId: 0
2019-11-05 11:08:34,315 [EventQueue-ContainerReportForContainerReportHandler] WARN  container.ContainerReportHandler (AbstractContainerReportHandler.java:updateContainerState(145)) - Container #1 is in OPEN state, but the datanode 69837c10-b6a5-4691-9f82-b2bf7c109e66{ip: 192.168.157.252, host: pr-hdds-1643-qwrct-1900426900, networkLocation: /default-rack, certSerialId: null} reports an CLOSED replica.
2019-11-05 11:08:34,351 [EventQueue-ContainerReportForContainerReportHandler] WARN  container.ContainerReportHandler (AbstractContainerReportHandler.java:updateContainerState(145)) - Container #1 is in OPEN state, but the datanode 217b40b1-6496-41ee-9e5f-1bb61aa45139{ip: 192.168.157.252, host: pr-hdds-1643-qwrct-1900426900, networkLocation: /default-rack, certSerialId: null} reports an CLOSED replica.
2019-11-05 11:08:34,655 [EventQueue-ContainerReportForContainerReportHandler] WARN  container.ContainerReportHandler (AbstractContainerReportHandler.java:updateContainerState(145)) - Container #1 is in OPEN state, but the datanode 217b40b1-6496-41ee-9e5f-1bb61aa45139{ip: 192.168.157.252, host: pr-hdds-1643-qwrct-1900426900, networkLocation: /default-rack, certSerialId: null} reports an CLOSED replica.
2019-11-05 11:08:34,716 [EventQueue-ContainerReportForContainerReportHandler] WARN  container.ContainerReportHandler (AbstractContainerReportHandler.java:updateContainerState(145)) - Container #1 is in OPEN state, but the datanode 69837c10-b6a5-4691-9f82-b2bf7c109e66{ip: 192.168.157.252, host: pr-hdds-1643-qwrct-1900426900, networkLocation: /default-rack, certSerialId: null} reports an CLOSED replica.
2019-11-05 11:08:34,917 [EventQueue-ContainerReportForContainerReportHandler] WARN  container.ContainerReportHandler (AbstractContainerReportHandler.java:updateContainerState(145)) - Container #1 is in OPEN state, but the datanode 69837c10-b6a5-4691-9f82-b2bf7c109e66{ip: 192.168.157.252, host: pr-hdds-1643-qwrct-1900426900, networkLocation: /default-rack, certSerialId: null} reports an CLOSED replica.
2019-11-05 11:08:35,062 [EventQueue-ContainerReportForContainerReportHandler] WARN  container.ContainerReportHandler (AbstractContainerReportHandler.java:updateContainerState(145)) - Container #1 is in OPEN state, but the datanode 217b40b1-6496-41ee-9e5f-1bb61aa45139{ip: 192.168.157.252, host: pr-hdds-1643-qwrct-1900426900, networkLocation: /default-rack, certSerialId: null} reports an CLOSED replica.
2019-11-05 11:08:35,143 [BlockDeletingService#2] WARN  background.BlockDeletingService (BlockDeletingService.java:isDeletionAllowed(187)) - Close Container log Index 6 is not replicated across allthe servers in the pipeline a8186365-22ae-4f7f-97bd-fd4a39ce61da as the min replicated index is 4. Deletion is not allowed in this container yet.
2019-11-05 11:08:35,150 [BlockDeletingService#2] WARN  background.BlockDeletingService (BlockDeletingService.java:isDeletionAllowed(187)) - Close Container log Index 6 is not replicated across allthe servers in the pipeline a8186365-22ae-4f7f-97bd-fd4a39ce61da as the min replicated index is 4. Deletion is not allowed in this container yet.
2019-11-05 11:08:35,216 [EventQueue-ContainerReportForContainerReportHandler] WARN  container.ContainerReportHandler (AbstractContainerReportHandler.java:updateContainerState(145)) - Container #1 is in OPEN state, but the datanode 69837c10-b6a5-4691-9f82-b2bf7c109e66{ip: 192.168.157.252, host: pr-hdds-1643-qwrct-1900426900, networkLocation: /default-rack, certSerialId: null} reports an CLOSED replica.
2019-11-05 11:08:35,363 [EventQueue-ContainerReportForContainerReportHandler] WARN  container.ContainerReportHandler (AbstractContainerReportHandler.java:updateContainerState(145)) - Container #1 is in OPEN state, but the datanode 217b40b1-6496-41ee-9e5f-1bb61aa45139{ip: 192.168.157.252, host: pr-hdds-1643-qwrct-1900426900, networkLocation: /default-rack, certSerialId: null} reports an CLOSED replica.
2019-11-05 11:08:35,562 [EventQueue-ContainerReportForContainerReportHandler] WARN  container.ContainerReportHandler (AbstractContainerReportHandler.java:updateContainerState(145)) - Container #1 is in OPEN state, but the datanode 217b40b1-6496-41ee-9e5f-1bb61aa45139{ip: 192.168.157.252, host: pr-hdds-1643-qwrct-1900426900, networkLocation: /default-rack, certSerialId: null} reports an CLOSED replica.
2019-11-05 11:08:35,617 [EventQueue-ContainerReportForContainerReportHandler] WARN  container.ContainerReportHandler (AbstractContainerReportHandler.java:updateContainerState(145)) - Container #1 is in OPEN state, but the datanode 69837c10-b6a5-4691-9f82-b2bf7c109e66{ip: 192.168.157.252, host: pr-hdds-1643-qwrct-1900426900, networkLocation: /default-rack, certSerialId: null} reports an CLOSED replica.
2019-11-05 11:08:35,765 [EventQueue-ContainerReportForContainerReportHandler] WARN  container.ContainerReportHandler (AbstractContainerReportHandler.java:updateContainerState(145)) - Container #1 is in OPEN state, but the datanode 217b40b1-6496-41ee-9e5f-1bb61aa45139{ip: 192.168.157.252, host: pr-hdds-1643-qwrct-1900426900, networkLocation: /default-rack, certSerialId: null} reports an CLOSED replica.
2019-11-05 11:08:35,920 [EventQueue-ContainerReportForContainerReportHandler] WARN  container.ContainerReportHandler (AbstractContainerReportHandler.java:updateContainerState(145)) - Container #1 is in OPEN state, but the datanode 69837c10-b6a5-4691-9f82-b2bf7c109e66{ip: 192.168.157.252, host: pr-hdds-1643-qwrct-1900426900, networkLocation: /default-rack, certSerialId: null} reports an CLOSED replica.
2019-11-05 11:08:35,982 [java.util.concurrent.ThreadPoolExecutor$Worker@5b207bf4[State = -1, empty queue]] WARN  server.GrpcLogAppender (GrpcLogAppender.java:timeoutAppendRequest(209)) - 217b40b1-6496-41ee-9e5f-1bb61aa45139@group-FD4A39CE61DA->b4fa652e-9609-43ae-a5da-dbaebd8b3d71-GrpcLogAppender: appendEntries Timeout, request=217b40b1-6496-41ee-9e5f-1bb61aa45139->b4fa652e-9609-43ae-a5da-dbaebd8b3d71#23-t1, previous=(t:1, i:8), leaderCommit=8, initializing? false, entries: <empty>
2019-11-05 11:08:36,144 [BlockDeletingService#2] WARN  background.BlockDeletingService (BlockDeletingService.java:isDeletionAllowed(187)) - Close Container log Index 6 is not replicated across allthe servers in the pipeline a8186365-22ae-4f7f-97bd-fd4a39ce61da as the min replicated index is 4. Deletion is not allowed in this container yet.
2019-11-05 11:08:36,152 [BlockDeletingService#2] WARN  background.BlockDeletingService (BlockDeletingService.java:isDeletionAllowed(187)) - Close Container log Index 6 is not replicated across allthe servers in the pipeline a8186365-22ae-4f7f-97bd-fd4a39ce61da as the min replicated index is 4. Deletion is not allowed in this container yet.
2019-11-05 11:08:36,186 [EventQueue-ContainerReportForContainerReportHandler] WARN  container.ContainerReportHandler (AbstractContainerReportHandler.java:updateContainerState(145)) - Container #1 is in OPEN state, but the datanode 217b40b1-6496-41ee-9e5f-1bb61aa45139{ip: 192.168.157.252, host: pr-hdds-1643-qwrct-1900426900, networkLocation: /default-rack, certSerialId: null} reports an CLOSED replica.
2019-11-05 11:08:36,221 [EventQueue-ContainerReportForContainerReportHandler] WARN  container.ContainerReportHandler (AbstractContainerReportHandler.java:updateContainerState(145)) - Container #1 is in OPEN state, but the datanode 69837c10-b6a5-4691-9f82-b2bf7c109e66{ip: 192.168.157.252, host: pr-hdds-1643-qwrct-1900426900, networkLocation: /default-rack, certSerialId: null} reports an CLOSED replica.
2019-11-05 11:08:36,239 [java.util.concurrent.ThreadPoolExecutor$Worker@5b207bf4[State = -1, empty queue]] WARN  server.GrpcLogAppender (GrpcLogAppender.java:timeoutAppendRequest(209)) - 217b40b1-6496-41ee-9e5f-1bb61aa45139@group-FD4A39CE61DA->b4fa652e-9609-43ae-a5da-dbaebd8b3d71-GrpcLogAppender: appendEntries Timeout, request=217b40b1-6496-41ee-9e5f-1bb61aa45139->b4fa652e-9609-43ae-a5da-dbaebd8b3d71#24-t1, previous=(t:1, i:8), leaderCommit=8, initializing? false, entries: size=1, first=(t:1, i:9), STATEMACHINELOGENTRY, client-CC3379FA4569, cid=12
2019-11-05 11:08:36,260 [java.util.concurrent.ThreadPoolExecutor$Worker@5b207bf4[State = -1, empty queue]] WARN  server.GrpcLogAppender (GrpcLogAppender.java:timeoutAppendRequest(209)) - 217b40b1-6496-41ee-9e5f-1bb61aa45139@group-FD4A39CE61DA->b4fa652e-9609-43ae-a5da-dbaebd8b3d71-GrpcLogAppender: appendEntries Timeout, request=217b40b1-6496-41ee-9e5f-1bb61aa45139->b4fa652e-9609-43ae-a5da-dbaebd8b3d71#25-t1, previous=(t:1, i:9), leaderCommit=9, initializing? false, entries: size=1, first=(t:1, i:10), METADATAENTRY(c9)
2019-11-05 11:08:36,499 [EventQueue-ContainerReportForContainerReportHandler] WARN  container.ContainerReportHandler (AbstractContainerReportHandler.java:updateContainerState(145)) - Container #1 is in OPEN state, but the datanode 217b40b1-6496-41ee-9e5f-1bb61aa45139{ip: 192.168.157.252, host: pr-hdds-1643-qwrct-1900426900, networkLocation: /default-rack, certSerialId: null} reports an CLOSED replica.
2019-11-05 11:08:36,521 [EventQueue-ContainerReportForContainerReportHandler] WARN  container.ContainerReportHandler (AbstractContainerReportHandler.java:updateContainerState(145)) - Container #1 is in OPEN state, but the datanode 69837c10-b6a5-4691-9f82-b2bf7c109e66{ip: 192.168.157.252, host: pr-hdds-1643-qwrct-1900426900, networkLocation: /default-rack, certSerialId: null} reports an CLOSED replica.
2019-11-05 11:08:36,821 [EventQueue-ContainerReportForContainerReportHandler] WARN  container.ContainerReportHandler (AbstractContainerReportHandler.java:updateContainerState(145)) - Container #1 is in OPEN state, but the datanode 69837c10-b6a5-4691-9f82-b2bf7c109e66{ip: 192.168.157.252, host: pr-hdds-1643-qwrct-1900426900, networkLocation: /default-rack, certSerialId: null} reports an CLOSED replica.
2019-11-05 11:08:36,899 [EventQueue-ContainerReportForContainerReportHandler] WARN  container.ContainerReportHandler (AbstractContainerReportHandler.java:updateContainerState(145)) - Container #1 is in OPEN state, but the datanode 217b40b1-6496-41ee-9e5f-1bb61aa45139{ip: 192.168.157.252, host: pr-hdds-1643-qwrct-1900426900, networkLocation: /default-rack, certSerialId: null} reports an CLOSED replica.
2019-11-05 11:08:37,022 [EventQueue-ContainerReportForContainerReportHandler] WARN  container.ContainerReportHandler (AbstractContainerReportHandler.java:updateContainerState(145)) - Container #1 is in OPEN state, but the datanode 69837c10-b6a5-4691-9f82-b2bf7c109e66{ip: 192.168.157.252, host: pr-hdds-1643-qwrct-1900426900, networkLocation: /default-rack, certSerialId: null} reports an CLOSED replica.
2019-11-05 11:08:37,147 [BlockDeletingService#2] WARN  background.BlockDeletingService (BlockDeletingService.java:isDeletionAllowed(187)) - Close Container log Index 6 is not replicated across allthe servers in the pipeline a8186365-22ae-4f7f-97bd-fd4a39ce61da as the min replicated index is 4. Deletion is not allowed in this container yet.
2019-11-05 11:08:37,168 [BlockDeletingService#2] WARN  background.BlockDeletingService (BlockDeletingService.java:isDeletionAllowed(187)) - Close Container log Index 6 is not replicated across allthe servers in the pipeline a8186365-22ae-4f7f-97bd-fd4a39ce61da as the min replicated index is 4. Deletion is not allowed in this container yet.
2019-11-05 11:08:37,202 [EventQueue-ContainerReportForContainerReportHandler] WARN  container.ContainerReportHandler (AbstractContainerReportHandler.java:updateContainerState(145)) - Container #1 is in OPEN state, but the datanode 217b40b1-6496-41ee-9e5f-1bb61aa45139{ip: 192.168.157.252, host: pr-hdds-1643-qwrct-1900426900, networkLocation: /default-rack, certSerialId: null} reports an CLOSED replica.
2019-11-05 11:08:37,233 [EventQueue-ContainerReportForContainerReportHandler] WARN  container.ContainerReportHandler (AbstractContainerReportHandler.java:updateContainerState(145)) - Container #1 is in OPEN state, but the datanode 69837c10-b6a5-4691-9f82-b2bf7c109e66{ip: 192.168.157.252, host: pr-hdds-1643-qwrct-1900426900, networkLocation: /default-rack, certSerialId: null} reports an CLOSED replica.
2019-11-05 11:08:37,430 [EventQueue-ContainerReportForContainerReportHandler] WARN  container.ContainerReportHandler (AbstractContainerReportHandler.java:updateContainerState(145)) - Container #1 is in OPEN state, but the datanode 69837c10-b6a5-4691-9f82-b2bf7c109e66{ip: 192.168.157.252, host: pr-hdds-1643-qwrct-1900426900, networkLocation: /default-rack, certSerialId: null} reports an CLOSED replica.
2019-11-05 11:08:37,502 [EventQueue-ContainerReportForContainerReportHandler] WARN  container.ContainerReportHandler (AbstractContainerReportHandler.java:updateContainerState(145)) - Container #1 is in OPEN state, but the datanode 217b40b1-6496-41ee-9e5f-1bb61aa45139{ip: 192.168.157.252, host: pr-hdds-1643-qwrct-1900426900, networkLocation: /default-rack, certSerialId: null} reports an CLOSED replica.
2019-11-05 11:08:37,701 [EventQueue-ContainerReportForContainerReportHandler] WARN  container.ContainerReportHandler (AbstractContainerReportHandler.java:updateContainerState(145)) - Container #1 is in OPEN state, but the datanode 217b40b1-6496-41ee-9e5f-1bb61aa45139{ip: 192.168.157.252, host: pr-hdds-1643-qwrct-1900426900, networkLocation: /default-rack, certSerialId: null} reports an CLOSED replica.
2019-11-05 11:08:37,730 [EventQueue-ContainerReportForContainerReportHandler] WARN  container.ContainerReportHandler (AbstractContainerReportHandler.java:updateContainerState(145)) - Container #1 is in OPEN state, but the datanode 69837c10-b6a5-4691-9f82-b2bf7c109e66{ip: 192.168.157.252, host: pr-hdds-1643-qwrct-1900426900, networkLocation: /default-rack, certSerialId: null} reports an CLOSED replica.
2019-11-05 11:08:38,103 [EventQueue-ContainerReportForContainerReportHandler] WARN  container.ContainerReportHandler (AbstractContainerReportHandler.java:updateContainerState(145)) - Container #1 is in OPEN state, but the datanode 217b40b1-6496-41ee-9e5f-1bb61aa45139{ip: 192.168.157.252, host: pr-hdds-1643-qwrct-1900426900, networkLocation: /default-rack, certSerialId: null} reports an CLOSED replica.
2019-11-05 11:08:38,131 [EventQueue-ContainerReportForContainerReportHandler] WARN  container.ContainerReportHandler (AbstractContainerReportHandler.java:updateContainerState(145)) - Container #1 is in OPEN state, but the datanode 69837c10-b6a5-4691-9f82-b2bf7c109e66{ip: 192.168.157.252, host: pr-hdds-1643-qwrct-1900426900, networkLocation: /default-rack, certSerialId: null} reports an CLOSED replica.
2019-11-05 11:08:38,153 [BlockDeletingService#2] WARN  background.BlockDeletingService (BlockDeletingService.java:isDeletionAllowed(187)) - Close Container log Index 6 is not replicated across allthe servers in the pipeline a8186365-22ae-4f7f-97bd-fd4a39ce61da as the min replicated index is 4. Deletion is not allowed in this container yet.
2019-11-05 11:08:38,194 [BlockDeletingService#2] WARN  background.BlockDeletingService (BlockDeletingService.java:isDeletionAllowed(187)) - Close Container log Index 6 is not replicated across allthe servers in the pipeline a8186365-22ae-4f7f-97bd-fd4a39ce61da as the min replicated index is 4. Deletion is not allowed in this container yet.
2019-11-05 11:08:38,423 [EventQueue-ContainerReportForContainerReportHandler] WARN  container.ContainerReportHandler (AbstractContainerReportHandler.java:updateContainerState(145)) - Container #1 is in OPEN state, but the datanode 217b40b1-6496-41ee-9e5f-1bb61aa45139{ip: 192.168.157.252, host: pr-hdds-1643-qwrct-1900426900, networkLocation: /default-rack, certSerialId: null} reports an CLOSED replica.
2019-11-05 11:08:38,536 [EventQueue-ContainerReportForContainerReportHandler] WARN  container.ContainerReportHandler (AbstractContainerReportHandler.java:updateContainerState(145)) - Container #1 is in OPEN state, but the datanode 69837c10-b6a5-4691-9f82-b2bf7c109e66{ip: 192.168.157.252, host: pr-hdds-1643-qwrct-1900426900, networkLocation: /default-rack, certSerialId: null} reports an CLOSED replica.
2019-11-05 11:08:38,709 [EventQueue-ContainerReportForContainerReportHandler] WARN  container.ContainerReportHandler (AbstractContainerReportHandler.java:updateContainerState(145)) - Container #1 is in OPEN state, but the datanode 217b40b1-6496-41ee-9e5f-1bb61aa45139{ip: 192.168.157.252, host: pr-hdds-1643-qwrct-1900426900, networkLocation: /default-rack, certSerialId: null} reports an CLOSED replica.
2019-11-05 11:08:38,733 [EventQueue-ContainerReportForContainerReportHandler] WARN  container.ContainerReportHandler (AbstractContainerReportHandler.java:updateContainerState(145)) - Container #1 is in OPEN state, but the datanode 69837c10-b6a5-4691-9f82-b2bf7c109e66{ip: 192.168.157.252, host: pr-hdds-1643-qwrct-1900426900, networkLocation: /default-rack, certSerialId: null} reports an CLOSED replica.
2019-11-05 11:08:38,759 [java.util.concurrent.ThreadPoolExecutor$Worker@5b207bf4[State = -1, empty queue]] WARN  server.GrpcLogAppender (GrpcLogAppender.java:timeoutAppendRequest(209)) - 217b40b1-6496-41ee-9e5f-1bb61aa45139@group-FD4A39CE61DA->b4fa652e-9609-43ae-a5da-dbaebd8b3d71-GrpcLogAppender: appendEntries Timeout, request=217b40b1-6496-41ee-9e5f-1bb61aa45139->b4fa652e-9609-43ae-a5da-dbaebd8b3d71#26-t1, previous=(t:1, i:10), leaderCommit=10, initializing? false, entries: <empty>
2019-11-05 11:08:39,008 [EventQueue-ContainerReportForContainerReportHandler] WARN  container.ContainerReportHandler (AbstractContainerReportHandler.java:updateContainerState(145)) - Container #1 is in OPEN state, but the datanode 217b40b1-6496-41ee-9e5f-1bb61aa45139{ip: 192.168.157.252, host: pr-hdds-1643-qwrct-1900426900, networkLocation: /default-rack, certSerialId: null} reports an CLOSED replica.
2019-11-05 11:08:39,033 [EventQueue-ContainerReportForContainerReportHandler] WARN  container.ContainerReportHandler (AbstractContainerReportHandler.java:updateContainerState(145)) - Container #1 is in OPEN state, but the datanode 69837c10-b6a5-4691-9f82-b2bf7c109e66{ip: 192.168.157.252, host: pr-hdds-1643-qwrct-1900426900, networkLocation: /default-rack, certSerialId: null} reports an CLOSED replica.
2019-11-05 11:08:39,180 [BlockDeletingService#2] WARN  background.BlockDeletingService (BlockDeletingService.java:isDeletionAllowed(187)) - Close Container log Index 6 is not replicated across allthe servers in the pipeline a8186365-22ae-4f7f-97bd-fd4a39ce61da as the min replicated index is 4. Deletion is not allowed in this container yet.
2019-11-05 11:08:39,197 [BlockDeletingService#2] WARN  background.BlockDeletingService (BlockDeletingService.java:isDeletionAllowed(187)) - Close Container log Index 6 is not replicated across allthe servers in the pipeline a8186365-22ae-4f7f-97bd-fd4a39ce61da as the min replicated index is 4. Deletion is not allowed in this container yet.
2019-11-05 11:08:39,336 [EventQueue-ContainerReportForContainerReportHandler] WARN  container.ContainerReportHandler (AbstractContainerReportHandler.java:updateContainerState(145)) - Container #1 is in OPEN state, but the datanode 69837c10-b6a5-4691-9f82-b2bf7c109e66{ip: 192.168.157.252, host: pr-hdds-1643-qwrct-1900426900, networkLocation: /default-rack, certSerialId: null} reports an CLOSED replica.
2019-11-05 11:08:39,410 [EventQueue-ContainerReportForContainerReportHandler] WARN  container.ContainerReportHandler (AbstractContainerReportHandler.java:updateContainerState(145)) - Container #1 is in OPEN state, but the datanode 217b40b1-6496-41ee-9e5f-1bb61aa45139{ip: 192.168.157.252, host: pr-hdds-1643-qwrct-1900426900, networkLocation: /default-rack, certSerialId: null} reports an CLOSED replica.
2019-11-05 11:08:39,536 [EventQueue-ContainerReportForContainerReportHandler] WARN  container.ContainerReportHandler (AbstractContainerReportHandler.java:updateContainerState(145)) - Container #1 is in OPEN state, but the datanode 69837c10-b6a5-4691-9f82-b2bf7c109e66{ip: 192.168.157.252, host: pr-hdds-1643-qwrct-1900426900, networkLocation: /default-rack, certSerialId: null} reports an CLOSED replica.
2019-11-05 11:08:39,609 [EventQueue-ContainerReportForContainerReportHandler] WARN  container.ContainerReportHandler (AbstractContainerReportHandler.java:updateContainerState(145)) - Container #1 is in OPEN state, but the datanode 217b40b1-6496-41ee-9e5f-1bb61aa45139{ip: 192.168.157.252, host: pr-hdds-1643-qwrct-1900426900, networkLocation: /default-rack, certSerialId: null} reports an CLOSED replica.
2019-11-05 11:08:39,813 [EventQueue-ContainerReportForContainerReportHandler] WARN  container.ContainerReportHandler (AbstractContainerReportHandler.java:updateContainerState(145)) - Container #1 is in OPEN state, but the datanode 217b40b1-6496-41ee-9e5f-1bb61aa45139{ip: 192.168.157.252, host: pr-hdds-1643-qwrct-1900426900, networkLocation: /default-rack, certSerialId: null} reports an CLOSED replica.
2019-11-05 11:08:39,836 [EventQueue-ContainerReportForContainerReportHandler] WARN  container.ContainerReportHandler (AbstractContainerReportHandler.java:updateContainerState(145)) - Container #1 is in OPEN state, but the datanode 69837c10-b6a5-4691-9f82-b2bf7c109e66{ip: 192.168.157.252, host: pr-hdds-1643-qwrct-1900426900, networkLocation: /default-rack, certSerialId: null} reports an CLOSED replica.
2019-11-05 11:08:40,013 [EventQueue-ContainerReportForContainerReportHandler] WARN  container.ContainerReportHandler (AbstractContainerReportHandler.java:updateContainerState(145)) - Container #1 is in OPEN state, but the datanode 217b40b1-6496-41ee-9e5f-1bb61aa45139{ip: 192.168.157.252, host: pr-hdds-1643-qwrct-1900426900, networkLocation: /default-rack, certSerialId: null} reports an CLOSED replica.
2019-11-05 11:08:40,182 [BlockDeletingService#2] WARN  background.BlockDeletingService (BlockDeletingService.java:isDeletionAllowed(187)) - Close Container log Index 6 is not replicated across allthe servers in the pipeline a8186365-22ae-4f7f-97bd-fd4a39ce61da as the min replicated index is 4. Deletion is not allowed in this container yet.
2019-11-05 11:08:40,198 [BlockDeletingService#2] WARN  background.BlockDeletingService (BlockDeletingService.java:isDeletionAllowed(187)) - Close Container log Index 6 is not replicated across allthe servers in the pipeline a8186365-22ae-4f7f-97bd-fd4a39ce61da as the min replicated index is 4. Deletion is not allowed in this container yet.
2019-11-05 11:08:40,238 [EventQueue-ContainerReportForContainerReportHandler] WARN  container.ContainerReportHandler (AbstractContainerReportHandler.java:updateContainerState(145)) - Container #1 is in OPEN state, but the datanode 69837c10-b6a5-4691-9f82-b2bf7c109e66{ip: 192.168.157.252, host: pr-hdds-1643-qwrct-1900426900, networkLocation: /default-rack, certSerialId: null} reports an CLOSED replica.
2019-11-05 11:08:40,413 [EventQueue-ContainerReportForContainerReportHandler] WARN  container.ContainerReportHandler (AbstractContainerReportHandler.java:updateContainerState(145)) - Container #1 is in OPEN state, but the datanode 217b40b1-6496-41ee-9e5f-1bb61aa45139{ip: 192.168.157.252, host: pr-hdds-1643-qwrct-1900426900, networkLocation: /default-rack, certSerialId: null} reports an CLOSED replica.
2019-11-05 11:08:40,429 [Thread-330] INFO  client.GrpcClientProtocolService (GrpcClientProtocolService.java:lambda$processClientRequest$0(278)) - Failed RaftClientRequest:client-37A56D8DDB63->69837c10-b6a5-4691-9f82-b2bf7c109e66@group-FD4A39CE61DA, cid=10, seq=0, Watch-ALL_COMMITTED(6), Message:<EMPTY>, reply=RaftClientReply:client-37A56D8DDB63->69837c10-b6a5-4691-9f82-b2bf7c109e66@group-FD4A39CE61DA, cid=10, FAILED org.apache.ratis.protocol.NotLeaderException: Server 69837c10-b6a5-4691-9f82-b2bf7c109e66@group-FD4A39CE61DA is not the leader 217b40b1-6496-41ee-9e5f-1bb61aa45139:192.168.157.252:40951, logIndex=0, commits[69837c10-b6a5-4691-9f82-b2bf7c109e66:c10, 217b40b1-6496-41ee-9e5f-1bb61aa45139:c10, b4fa652e-9609-43ae-a5da-dbaebd8b3d71:c4]
2019-11-05 11:08:40,549 [EventQueue-ContainerReportForContainerReportHandler] WARN  container.ContainerReportHandler (AbstractContainerReportHandler.java:updateContainerState(145)) - Container #1 is in OPEN state, but the datanode 69837c10-b6a5-4691-9f82-b2bf7c109e66{ip: 192.168.157.252, host: pr-hdds-1643-qwrct-1900426900, networkLocation: /default-rack, certSerialId: null} reports an CLOSED replica.
2019-11-05 11:08:40,616 [EventQueue-ContainerReportForContainerReportHandler] WARN  container.ContainerReportHandler (AbstractContainerReportHandler.java:updateContainerState(145)) - Container #1 is in OPEN state, but the datanode 217b40b1-6496-41ee-9e5f-1bb61aa45139{ip: 192.168.157.252, host: pr-hdds-1643-qwrct-1900426900, networkLocation: /default-rack, certSerialId: null} reports an CLOSED replica.
2019-11-05 11:08:40,849 [EventQueue-ContainerReportForContainerReportHandler] WARN  container.ContainerReportHandler (AbstractContainerReportHandler.java:updateContainerState(145)) - Container #1 is in OPEN state, but the datanode 69837c10-b6a5-4691-9f82-b2bf7c109e66{ip: 192.168.157.252, host: pr-hdds-1643-qwrct-1900426900, networkLocation: /default-rack, certSerialId: null} reports an CLOSED replica.
2019-11-05 11:08:41,016 [EventQueue-ContainerReportForContainerReportHandler] WARN  container.ContainerReportHandler (AbstractContainerReportHandler.java:updateContainerState(145)) - Container #1 is in OPEN state, but the datanode 217b40b1-6496-41ee-9e5f-1bb61aa45139{ip: 192.168.157.252, host: pr-hdds-1643-qwrct-1900426900, networkLocation: /default-rack, certSerialId: null} reports an CLOSED replica.
2019-11-05 11:08:41,183 [BlockDeletingService#2] WARN  background.BlockDeletingService (BlockDeletingService.java:isDeletionAllowed(187)) - Close Container log Index 6 is not replicated across allthe servers in the pipeline a8186365-22ae-4f7f-97bd-fd4a39ce61da as the min replicated index is 4. Deletion is not allowed in this container yet.
2019-11-05 11:08:41,199 [BlockDeletingService#2] WARN  background.BlockDeletingService (BlockDeletingService.java:isDeletionAllowed(187)) - Close Container log Index 6 is not replicated across allthe servers in the pipeline a8186365-22ae-4f7f-97bd-fd4a39ce61da as the min replicated index is 4. Deletion is not allowed in this container yet.
2019-11-05 11:08:41,250 [EventQueue-ContainerReportForContainerReportHandler] WARN  container.ContainerReportHandler (AbstractContainerReportHandler.java:updateContainerState(145)) - Container #1 is in OPEN state, but the datanode 69837c10-b6a5-4691-9f82-b2bf7c109e66{ip: 192.168.157.252, host: pr-hdds-1643-qwrct-1900426900, networkLocation: /default-rack, certSerialId: null} reports an CLOSED replica.
2019-11-05 11:08:41,264 [java.util.concurrent.ThreadPoolExecutor$Worker@5b207bf4[State = -1, empty queue]] WARN  server.GrpcLogAppender (GrpcLogAppender.java:timeoutAppendRequest(209)) - 217b40b1-6496-41ee-9e5f-1bb61aa45139@group-FD4A39CE61DA->b4fa652e-9609-43ae-a5da-dbaebd8b3d71-GrpcLogAppender: appendEntries Timeout, request=217b40b1-6496-41ee-9e5f-1bb61aa45139->b4fa652e-9609-43ae-a5da-dbaebd8b3d71#27-t1, previous=(t:1, i:10), leaderCommit=10, initializing? false, entries: <empty>
2019-11-05 11:08:41,315 [EventQueue-ContainerReportForContainerReportHandler] WARN  container.ContainerReportHandler (AbstractContainerReportHandler.java:updateContainerState(145)) - Container #1 is in OPEN state, but the datanode 217b40b1-6496-41ee-9e5f-1bb61aa45139{ip: 192.168.157.252, host: pr-hdds-1643-qwrct-1900426900, networkLocation: /default-rack, certSerialId: null} reports an CLOSED replica.
2019-11-05 11:08:41,605 [Thread-336] INFO  client.GrpcClientProtocolService (GrpcClientProtocolService.java:lambda$processClientRequest$0(278)) - Failed RaftClientRequest:client-37A56D8DDB63->217b40b1-6496-41ee-9e5f-1bb61aa45139@group-FD4A39CE61DA, cid=10, seq=0, Watch-ALL_COMMITTED(6), Message:<EMPTY>, reply=RaftClientReply:client-37A56D8DDB63->217b40b1-6496-41ee-9e5f-1bb61aa45139@group-FD4A39CE61DA, cid=10, FAILED org.apache.ratis.protocol.NotReplicatedException: Request with call Id 10 and log index 6 is not yet replicated to ALL_COMMITTED, logIndex=6, commits[217b40b1-6496-41ee-9e5f-1bb61aa45139:c10, 69837c10-b6a5-4691-9f82-b2bf7c109e66:c10, b4fa652e-9609-43ae-a5da-dbaebd8b3d71:c4]
2019-11-05 11:08:41,656 [EventQueue-ContainerReportForContainerReportHandler] WARN  container.ContainerReportHandler (AbstractContainerReportHandler.java:updateContainerState(145)) - Container #1 is in OPEN state, but the datanode 69837c10-b6a5-4691-9f82-b2bf7c109e66{ip: 192.168.157.252, host: pr-hdds-1643-qwrct-1900426900, networkLocation: /default-rack, certSerialId: null} reports an CLOSED replica.
2019-11-05 11:08:41,715 [EventQueue-ContainerReportForContainerReportHandler] WARN  container.ContainerReportHandler (AbstractContainerReportHandler.java:updateContainerState(145)) - Container #1 is in OPEN state, but the datanode 217b40b1-6496-41ee-9e5f-1bb61aa45139{ip: 192.168.157.252, host: pr-hdds-1643-qwrct-1900426900, networkLocation: /default-rack, certSerialId: null} reports an CLOSED replica.
2019-11-05 11:08:41,960 [EventQueue-ContainerReportForContainerReportHandler] WARN  container.ContainerReportHandler (AbstractContainerReportHandler.java:updateContainerState(145)) - Container #1 is in OPEN state, but the datanode 69837c10-b6a5-4691-9f82-b2bf7c109e66{ip: 192.168.157.252, host: pr-hdds-1643-qwrct-1900426900, networkLocation: /default-rack, certSerialId: null} reports an CLOSED replica.
2019-11-05 11:08:42,118 [EventQueue-ContainerReportForContainerReportHandler] WARN  container.ContainerReportHandler (AbstractContainerReportHandler.java:updateContainerState(145)) - Container #1 is in OPEN state, but the datanode 217b40b1-6496-41ee-9e5f-1bb61aa45139{ip: 192.168.157.252, host: pr-hdds-1643-qwrct-1900426900, networkLocation: /default-rack, certSerialId: null} reports an CLOSED replica.
2019-11-05 11:08:42,207 [BlockDeletingService#2] WARN  background.BlockDeletingService (BlockDeletingService.java:isDeletionAllowed(187)) - Close Container log Index 6 is not replicated across allthe servers in the pipeline a8186365-22ae-4f7f-97bd-fd4a39ce61da as the min replicated index is 4. Deletion is not allowed in this container yet.
2019-11-05 11:08:42,223 [BlockDeletingService#2] WARN  background.BlockDeletingService (BlockDeletingService.java:isDeletionAllowed(187)) - Close Container log Index 6 is not replicated across allthe servers in the pipeline a8186365-22ae-4f7f-97bd-fd4a39ce61da as the min replicated index is 4. Deletion is not allowed in this container yet.
2019-11-05 11:08:42,259 [EventQueue-ContainerReportForContainerReportHandler] WARN  container.ContainerReportHandler (AbstractContainerReportHandler.java:updateContainerState(145)) - Container #1 is in OPEN state, but the datanode 69837c10-b6a5-4691-9f82-b2bf7c109e66{ip: 192.168.157.252, host: pr-hdds-1643-qwrct-1900426900, networkLocation: /default-rack, certSerialId: null} reports an CLOSED replica.
2019-11-05 11:08:42,343 [EventQueue-ContainerReportForContainerReportHandler] WARN  container.ContainerReportHandler (AbstractContainerReportHandler.java:updateContainerState(145)) - Container #1 is in OPEN state, but the datanode 217b40b1-6496-41ee-9e5f-1bb61aa45139{ip: 192.168.157.252, host: pr-hdds-1643-qwrct-1900426900, networkLocation: /default-rack, certSerialId: null} reports an CLOSED replica.
2019-11-05 11:08:42,560 [EventQueue-ContainerReportForContainerReportHandler] WARN  container.ContainerReportHandler (AbstractContainerReportHandler.java:updateContainerState(145)) - Container #1 is in OPEN state, but the datanode 69837c10-b6a5-4691-9f82-b2bf7c109e66{ip: 192.168.157.252, host: pr-hdds-1643-qwrct-1900426900, networkLocation: /default-rack, certSerialId: null} reports an CLOSED replica.
2019-11-05 11:08:42,637 [EventQueue-ContainerReportForContainerReportHandler] WARN  container.ContainerReportHandler (AbstractContainerReportHandler.java:updateContainerState(145)) - Container #1 is in OPEN state, but the datanode 217b40b1-6496-41ee-9e5f-1bb61aa45139{ip: 192.168.157.252, host: pr-hdds-1643-qwrct-1900426900, networkLocation: /default-rack, certSerialId: null} reports an CLOSED replica.
2019-11-05 11:08:42,860 [EventQueue-ContainerReportForContainerReportHandler] WARN  container.ContainerReportHandler (AbstractContainerReportHandler.java:updateContainerState(145)) - Container #1 is in OPEN state, but the datanode 69837c10-b6a5-4691-9f82-b2bf7c109e66{ip: 192.168.157.252, host: pr-hdds-1643-qwrct-1900426900, networkLocation: /default-rack, certSerialId: null} reports an CLOSED replica.
2019-11-05 11:08:43,037 [EventQueue-ContainerReportForContainerReportHandler] WARN  container.ContainerReportHandler (AbstractContainerReportHandler.java:updateContainerState(145)) - Container #1 is in OPEN state, but the datanode 217b40b1-6496-41ee-9e5f-1bb61aa45139{ip: 192.168.157.252, host: pr-hdds-1643-qwrct-1900426900, networkLocation: /default-rack, certSerialId: null} reports an CLOSED replica.
2019-11-05 11:08:43,166 [EventQueue-ContainerReportForContainerReportHandler] WARN  container.ContainerReportHandler (AbstractContainerReportHandler.java:updateContainerState(145)) - Container #1 is in OPEN state, but the datanode 69837c10-b6a5-4691-9f82-b2bf7c109e66{ip: 192.168.157.252, host: pr-hdds-1643-qwrct-1900426900, networkLocation: /default-rack, certSerialId: null} reports an CLOSED replica.
2019-11-05 11:08:43,224 [BlockDeletingService#2] WARN  background.BlockDeletingService (BlockDeletingService.java:isDeletionAllowed(187)) - Close Container log Index 6 is not replicated across allthe servers in the pipeline a8186365-22ae-4f7f-97bd-fd4a39ce61da as the min replicated index is 4. Deletion is not allowed in this container yet.
2019-11-05 11:08:43,243 [BlockDeletingService#2] WARN  background.BlockDeletingService (BlockDeletingService.java:isDeletionAllowed(187)) - Close Container log Index 6 is not replicated across allthe servers in the pipeline a8186365-22ae-4f7f-97bd-fd4a39ce61da as the min replicated index is 4. Deletion is not allowed in this container yet.
2019-11-05 11:08:43,245 [EventQueue-ContainerReportForContainerReportHandler] WARN  container.ContainerReportHandler (AbstractContainerReportHandler.java:updateContainerState(145)) - Container #1 is in OPEN state, but the datanode 217b40b1-6496-41ee-9e5f-1bb61aa45139{ip: 192.168.157.252, host: pr-hdds-1643-qwrct-1900426900, networkLocation: /default-rack, certSerialId: null} reports an CLOSED replica.
2019-11-05 11:08:43,609 [EventQueue-ContainerReportForContainerReportHandler] WARN  container.ContainerReportHandler (AbstractContainerReportHandler.java:updateContainerState(145)) - Container #1 is in OPEN state, but the datanode 69837c10-b6a5-4691-9f82-b2bf7c109e66{ip: 192.168.157.252, host: pr-hdds-1643-qwrct-1900426900, networkLocation: /default-rack, certSerialId: null} reports an CLOSED replica.
2019-11-05 11:08:43,609 [EventQueue-ContainerReportForContainerReportHandler] WARN  container.ContainerReportHandler (AbstractContainerReportHandler.java:updateContainerState(145)) - Container #1 is in OPEN state, but the datanode 217b40b1-6496-41ee-9e5f-1bb61aa45139{ip: 192.168.157.252, host: pr-hdds-1643-qwrct-1900426900, networkLocation: /default-rack, certSerialId: null} reports an CLOSED replica.
2019-11-05 11:08:43,698 [EventQueue-ContainerReportForContainerReportHandler] WARN  container.ContainerReportHandler (AbstractContainerReportHandler.java:updateContainerState(145)) - Container #1 is in OPEN state, but the datanode 217b40b1-6496-41ee-9e5f-1bb61aa45139{ip: 192.168.157.252, host: pr-hdds-1643-qwrct-1900426900, networkLocation: /default-rack, certSerialId: null} reports an CLOSED replica.
2019-11-05 11:08:43,765 [java.util.concurrent.ThreadPoolExecutor$Worker@5b207bf4[State = -1, empty queue]] WARN  server.GrpcLogAppender (GrpcLogAppender.java:timeoutAppendRequest(209)) - 217b40b1-6496-41ee-9e5f-1bb61aa45139@group-FD4A39CE61DA->b4fa652e-9609-43ae-a5da-dbaebd8b3d71-GrpcLogAppender: appendEntries Timeout, request=217b40b1-6496-41ee-9e5f-1bb61aa45139->b4fa652e-9609-43ae-a5da-dbaebd8b3d71#28-t1, previous=(t:1, i:10), leaderCommit=10, initializing? false, entries: <empty>
2019-11-05 11:08:43,873 [EventQueue-ContainerReportForContainerReportHandler] WARN  container.ContainerReportHandler (AbstractContainerReportHandler.java:updateContainerState(145)) - Container #1 is in OPEN state, but the datanode 69837c10-b6a5-4691-9f82-b2bf7c109e66{ip: 192.168.157.252, host: pr-hdds-1643-qwrct-1900426900, networkLocation: /default-rack, certSerialId: null} reports an CLOSED replica.
2019-11-05 11:08:44,013 [EventQueue-ContainerReportForContainerReportHandler] WARN  container.ContainerReportHandler (AbstractContainerReportHandler.java:updateContainerState(145)) - Container #1 is in OPEN state, but the datanode 217b40b1-6496-41ee-9e5f-1bb61aa45139{ip: 192.168.157.252, host: pr-hdds-1643-qwrct-1900426900, networkLocation: /default-rack, certSerialId: null} reports an CLOSED replica.
2019-11-05 11:08:44,174 [EventQueue-ContainerReportForContainerReportHandler] WARN  container.ContainerReportHandler (AbstractContainerReportHandler.java:updateContainerState(145)) - Container #1 is in OPEN state, but the datanode 69837c10-b6a5-4691-9f82-b2bf7c109e66{ip: 192.168.157.252, host: pr-hdds-1643-qwrct-1900426900, networkLocation: /default-rack, certSerialId: null} reports an CLOSED replica.
2019-11-05 11:08:44,272 [BlockDeletingService#2] WARN  background.BlockDeletingService (BlockDeletingService.java:isDeletionAllowed(187)) - Close Container log Index 6 is not replicated across allthe servers in the pipeline a8186365-22ae-4f7f-97bd-fd4a39ce61da as the min replicated index is 4. Deletion is not allowed in this container yet.
2019-11-05 11:08:44,272 [BlockDeletingService#2] WARN  background.BlockDeletingService (BlockDeletingService.java:isDeletionAllowed(187)) - Close Container log Index 6 is not replicated across allthe servers in the pipeline a8186365-22ae-4f7f-97bd-fd4a39ce61da as the min replicated index is 4. Deletion is not allowed in this container yet.
2019-11-05 11:08:44,395 [EventQueue-ContainerReportForContainerReportHandler] WARN  container.ContainerReportHandler (AbstractContainerReportHandler.java:updateContainerState(145)) - Container #1 is in OPEN state, but the datanode 69837c10-b6a5-4691-9f82-b2bf7c109e66{ip: 192.168.157.252, host: pr-hdds-1643-qwrct-1900426900, networkLocation: /default-rack, certSerialId: null} reports an CLOSED replica.
2019-11-05 11:08:44,425 [EventQueue-ContainerReportForContainerReportHandler] WARN  container.ContainerReportHandler (AbstractContainerReportHandler.java:updateContainerState(145)) - Container #1 is in OPEN state, but the datanode 217b40b1-6496-41ee-9e5f-1bb61aa45139{ip: 192.168.157.252, host: pr-hdds-1643-qwrct-1900426900, networkLocation: /default-rack, certSerialId: null} reports an CLOSED replica.
2019-11-05 11:08:44,617 [EventQueue-ContainerReportForContainerReportHandler] WARN  container.ContainerReportHandler (AbstractContainerReportHandler.java:updateContainerState(145)) - Container #1 is in OPEN state, but the datanode 217b40b1-6496-41ee-9e5f-1bb61aa45139{ip: 192.168.157.252, host: pr-hdds-1643-qwrct-1900426900, networkLocation: /default-rack, certSerialId: null} reports an CLOSED replica.
2019-11-05 11:08:44,703 [EventQueue-ContainerReportForContainerReportHandler] WARN  container.ContainerReportHandler (AbstractContainerReportHandler.java:updateContainerState(145)) - Container #1 is in OPEN state, but the datanode 69837c10-b6a5-4691-9f82-b2bf7c109e66{ip: 192.168.157.252, host: pr-hdds-1643-qwrct-1900426900, networkLocation: /default-rack, certSerialId: null} reports an CLOSED replica.
2019-11-05 11:08:45,003 [EventQueue-ContainerReportForContainerReportHandler] WARN  container.ContainerReportHandler (AbstractContainerReportHandler.java:updateContainerState(145)) - Container #1 is in OPEN state, but the datanode 69837c10-b6a5-4691-9f82-b2bf7c109e66{ip: 192.168.157.252, host: pr-hdds-1643-qwrct-1900426900, networkLocation: /default-rack, certSerialId: null} reports an CLOSED replica.
2019-11-05 11:08:45,016 [EventQueue-ContainerReportForContainerReportHandler] WARN  container.ContainerReportHandler (AbstractContainerReportHandler.java:updateContainerState(145)) - Container #1 is in OPEN state, but the datanode 217b40b1-6496-41ee-9e5f-1bb61aa45139{ip: 192.168.157.252, host: pr-hdds-1643-qwrct-1900426900, networkLocation: /default-rack, certSerialId: null} reports an CLOSED replica.
2019-11-05 11:08:45,216 [EventQueue-ContainerReportForContainerReportHandler] WARN  container.ContainerReportHandler (AbstractContainerReportHandler.java:updateContainerState(145)) - Container #1 is in OPEN state, but the datanode 217b40b1-6496-41ee-9e5f-1bb61aa45139{ip: 192.168.157.252, host: pr-hdds-1643-qwrct-1900426900, networkLocation: /default-rack, certSerialId: null} reports an CLOSED replica.
2019-11-05 11:08:45,274 [BlockDeletingService#2] WARN  background.BlockDeletingService (BlockDeletingService.java:isDeletionAllowed(187)) - Close Container log Index 6 is not replicated across allthe servers in the pipeline a8186365-22ae-4f7f-97bd-fd4a39ce61da as the min replicated index is 4. Deletion is not allowed in this container yet.
2019-11-05 11:08:45,274 [BlockDeletingService#2] WARN  background.BlockDeletingService (BlockDeletingService.java:isDeletionAllowed(187)) - Close Container log Index 6 is not replicated across allthe servers in the pipeline a8186365-22ae-4f7f-97bd-fd4a39ce61da as the min replicated index is 4. Deletion is not allowed in this container yet.
2019-11-05 11:08:45,414 [EventQueue-ContainerReportForContainerReportHandler] WARN  container.ContainerReportHandler (AbstractContainerReportHandler.java:updateContainerState(145)) - Container #1 is in OPEN state, but the datanode 69837c10-b6a5-4691-9f82-b2bf7c109e66{ip: 192.168.157.252, host: pr-hdds-1643-qwrct-1900426900, networkLocation: /default-rack, certSerialId: null} reports an CLOSED replica.
2019-11-05 11:08:45,636 [EventQueue-ContainerReportForContainerReportHandler] WARN  container.ContainerReportHandler (AbstractContainerReportHandler.java:updateContainerState(145)) - Container #1 is in OPEN state, but the datanode 217b40b1-6496-41ee-9e5f-1bb61aa45139{ip: 192.168.157.252, host: pr-hdds-1643-qwrct-1900426900, networkLocation: /default-rack, certSerialId: null} reports an CLOSED replica.
2019-11-05 11:08:45,764 [EventQueue-ContainerReportForContainerReportHandler] WARN  container.ContainerReportHandler (AbstractContainerReportHandler.java:updateContainerState(145)) - Container #1 is in OPEN state, but the datanode 69837c10-b6a5-4691-9f82-b2bf7c109e66{ip: 192.168.157.252, host: pr-hdds-1643-qwrct-1900426900, networkLocation: /default-rack, certSerialId: null} reports an CLOSED replica.
2019-11-05 11:08:45,978 [EventQueue-ContainerReportForContainerReportHandler] WARN  container.ContainerReportHandler (AbstractContainerReportHandler.java:updateContainerState(145)) - Container #1 is in OPEN state, but the datanode 217b40b1-6496-41ee-9e5f-1bb61aa45139{ip: 192.168.157.252, host: pr-hdds-1643-qwrct-1900426900, networkLocation: /default-rack, certSerialId: null} reports an CLOSED replica.
2019-11-05 11:08:46,132 [EventQueue-ContainerReportForContainerReportHandler] WARN  container.ContainerReportHandler (AbstractContainerReportHandler.java:updateContainerState(145)) - Container #1 is in OPEN state, but the datanode 69837c10-b6a5-4691-9f82-b2bf7c109e66{ip: 192.168.157.252, host: pr-hdds-1643-qwrct-1900426900, networkLocation: /default-rack, certSerialId: null} reports an CLOSED replica.
2019-11-05 11:08:46,169 [EventQueue-ContainerReportForContainerReportHandler] WARN  container.ContainerReportHandler (AbstractContainerReportHandler.java:updateContainerState(145)) - Container #1 is in OPEN state, but the datanode 217b40b1-6496-41ee-9e5f-1bb61aa45139{ip: 192.168.157.252, host: pr-hdds-1643-qwrct-1900426900, networkLocation: /default-rack, certSerialId: null} reports an CLOSED replica.
2019-11-05 11:08:46,274 [java.util.concurrent.ThreadPoolExecutor$Worker@5b207bf4[State = -1, empty queue]] WARN  server.GrpcLogAppender (GrpcLogAppender.java:timeoutAppendRequest(209)) - 217b40b1-6496-41ee-9e5f-1bb61aa45139@group-FD4A39CE61DA->b4fa652e-9609-43ae-a5da-dbaebd8b3d71-GrpcLogAppender: appendEntries Timeout, request=217b40b1-6496-41ee-9e5f-1bb61aa45139->b4fa652e-9609-43ae-a5da-dbaebd8b3d71#29-t1, previous=(t:1, i:10), leaderCommit=10, initializing? false, entries: <empty>
2019-11-05 11:08:46,275 [BlockDeletingService#2] WARN  background.BlockDeletingService (BlockDeletingService.java:isDeletionAllowed(187)) - Close Container log Index 6 is not replicated across allthe servers in the pipeline a8186365-22ae-4f7f-97bd-fd4a39ce61da as the min replicated index is 4. Deletion is not allowed in this container yet.
2019-11-05 11:08:46,275 [BlockDeletingService#2] WARN  background.BlockDeletingService (BlockDeletingService.java:isDeletionAllowed(187)) - Close Container log Index 6 is not replicated across allthe servers in the pipeline a8186365-22ae-4f7f-97bd-fd4a39ce61da as the min replicated index is 4. Deletion is not allowed in this container yet.
2019-11-05 11:08:46,318 [EventQueue-ContainerReportForContainerReportHandler] WARN  container.ContainerReportHandler (AbstractContainerReportHandler.java:updateContainerState(145)) - Container #1 is in OPEN state, but the datanode 69837c10-b6a5-4691-9f82-b2bf7c109e66{ip: 192.168.157.252, host: pr-hdds-1643-qwrct-1900426900, networkLocation: /default-rack, certSerialId: null} reports an CLOSED replica.
2019-11-05 11:08:46,459 [EventQueue-ContainerReportForContainerReportHandler] WARN  container.ContainerReportHandler (AbstractContainerReportHandler.java:updateContainerState(145)) - Container #1 is in OPEN state, but the datanode 217b40b1-6496-41ee-9e5f-1bb61aa45139{ip: 192.168.157.252, host: pr-hdds-1643-qwrct-1900426900, networkLocation: /default-rack, certSerialId: null} reports an CLOSED replica.
2019-11-05 11:08:46,516 [EventQueue-ContainerReportForContainerReportHandler] WARN  container.ContainerReportHandler (AbstractContainerReportHandler.java:updateContainerState(145)) - Container #1 is in OPEN state, but the datanode 69837c10-b6a5-4691-9f82-b2bf7c109e66{ip: 192.168.157.252, host: pr-hdds-1643-qwrct-1900426900, networkLocation: /default-rack, certSerialId: null} reports an CLOSED replica.
2019-11-05 11:08:46,767 [EventQueue-ContainerReportForContainerReportHandler] WARN  container.ContainerReportHandler (AbstractContainerReportHandler.java:updateContainerState(145)) - Container #1 is in OPEN state, but the datanode 217b40b1-6496-41ee-9e5f-1bb61aa45139{ip: 192.168.157.252, host: pr-hdds-1643-qwrct-1900426900, networkLocation: /default-rack, certSerialId: null} reports an CLOSED replica.
2019-11-05 11:08:46,827 [EventQueue-ContainerReportForContainerReportHandler] WARN  container.ContainerReportHandler (AbstractContainerReportHandler.java:updateContainerState(145)) - Container #1 is in OPEN state, but the datanode 69837c10-b6a5-4691-9f82-b2bf7c109e66{ip: 192.168.157.252, host: pr-hdds-1643-qwrct-1900426900, networkLocation: /default-rack, certSerialId: null} reports an CLOSED replica.
2019-11-05 11:08:47,128 [EventQueue-ContainerReportForContainerReportHandler] WARN  container.ContainerReportHandler (AbstractContainerReportHandler.java:updateContainerState(145)) - Container #1 is in OPEN state, but the datanode 69837c10-b6a5-4691-9f82-b2bf7c109e66{ip: 192.168.157.252, host: pr-hdds-1643-qwrct-1900426900, networkLocation: /default-rack, certSerialId: null} reports an CLOSED replica.
2019-11-05 11:08:47,164 [EventQueue-ContainerReportForContainerReportHandler] WARN  container.ContainerReportHandler (AbstractContainerReportHandler.java:updateContainerState(145)) - Container #1 is in OPEN state, but the datanode 217b40b1-6496-41ee-9e5f-1bb61aa45139{ip: 192.168.157.252, host: pr-hdds-1643-qwrct-1900426900, networkLocation: /default-rack, certSerialId: null} reports an CLOSED replica.
2019-11-05 11:08:47,277 [BlockDeletingService#2] WARN  background.BlockDeletingService (BlockDeletingService.java:isDeletionAllowed(187)) - Close Container log Index 6 is not replicated across allthe servers in the pipeline a8186365-22ae-4f7f-97bd-fd4a39ce61da as the min replicated index is 4. Deletion is not allowed in this container yet.
2019-11-05 11:08:47,278 [BlockDeletingService#2] WARN  background.BlockDeletingService (BlockDeletingService.java:isDeletionAllowed(187)) - Close Container log Index 6 is not replicated across allthe servers in the pipeline a8186365-22ae-4f7f-97bd-fd4a39ce61da as the min replicated index is 4. Deletion is not allowed in this container yet.
2019-11-05 11:08:47,429 [EventQueue-ContainerReportForContainerReportHandler] WARN  container.ContainerReportHandler (AbstractContainerReportHandler.java:updateContainerState(145)) - Container #1 is in OPEN state, but the datanode 69837c10-b6a5-4691-9f82-b2bf7c109e66{ip: 192.168.157.252, host: pr-hdds-1643-qwrct-1900426900, networkLocation: /default-rack, certSerialId: null} reports an CLOSED replica.
2019-11-05 11:08:47,464 [EventQueue-ContainerReportForContainerReportHandler] WARN  container.ContainerReportHandler (AbstractContainerReportHandler.java:updateContainerState(145)) - Container #1 is in OPEN state, but the datanode 217b40b1-6496-41ee-9e5f-1bb61aa45139{ip: 192.168.157.252, host: pr-hdds-1643-qwrct-1900426900, networkLocation: /default-rack, certSerialId: null} reports an CLOSED replica.
2019-11-05 11:08:47,630 [EventQueue-ContainerReportForContainerReportHandler] WARN  container.ContainerReportHandler (AbstractContainerReportHandler.java:updateContainerState(145)) - Container #1 is in OPEN state, but the datanode 69837c10-b6a5-4691-9f82-b2bf7c109e66{ip: 192.168.157.252, host: pr-hdds-1643-qwrct-1900426900, networkLocation: /default-rack, certSerialId: null} reports an CLOSED replica.
2019-11-05 11:08:47,763 [EventQueue-ContainerReportForContainerReportHandler] WARN  container.ContainerReportHandler (AbstractContainerReportHandler.java:updateContainerState(145)) - Container #1 is in OPEN state, but the datanode 217b40b1-6496-41ee-9e5f-1bb61aa45139{ip: 192.168.157.252, host: pr-hdds-1643-qwrct-1900426900, networkLocation: /default-rack, certSerialId: null} reports an CLOSED replica.
2019-11-05 11:08:48,031 [EventQueue-ContainerReportForContainerReportHandler] WARN  container.ContainerReportHandler (AbstractContainerReportHandler.java:updateContainerState(145)) - Container #1 is in OPEN state, but the datanode 69837c10-b6a5-4691-9f82-b2bf7c109e66{ip: 192.168.157.252, host: pr-hdds-1643-qwrct-1900426900, networkLocation: /default-rack, certSerialId: null} reports an CLOSED replica.
2019-11-05 11:08:48,164 [EventQueue-ContainerReportForContainerReportHandler] WARN  container.ContainerReportHandler (AbstractContainerReportHandler.java:updateContainerState(145)) - Container #1 is in OPEN state, but the datanode 217b40b1-6496-41ee-9e5f-1bb61aa45139{ip: 192.168.157.252, host: pr-hdds-1643-qwrct-1900426900, networkLocation: /default-rack, certSerialId: null} reports an CLOSED replica.
2019-11-05 11:08:48,279 [BlockDeletingService#2] WARN  background.BlockDeletingService (BlockDeletingService.java:isDeletionAllowed(187)) - Close Container log Index 6 is not replicated across allthe servers in the pipeline a8186365-22ae-4f7f-97bd-fd4a39ce61da as the min replicated index is 4. Deletion is not allowed in this container yet.
2019-11-05 11:08:48,292 [BlockDeletingService#2] WARN  background.BlockDeletingService (BlockDeletingService.java:isDeletionAllowed(187)) - Close Container log Index 6 is not replicated across allthe servers in the pipeline a8186365-22ae-4f7f-97bd-fd4a39ce61da as the min replicated index is 4. Deletion is not allowed in this container yet.
2019-11-05 11:08:48,344 [EventQueue-ContainerReportForContainerReportHandler] WARN  container.ContainerReportHandler (AbstractContainerReportHandler.java:updateContainerState(145)) - Container #1 is in OPEN state, but the datanode 69837c10-b6a5-4691-9f82-b2bf7c109e66{ip: 192.168.157.252, host: pr-hdds-1643-qwrct-1900426900, networkLocation: /default-rack, certSerialId: null} reports an CLOSED replica.
2019-11-05 11:08:48,464 [EventQueue-ContainerReportForContainerReportHandler] WARN  container.ContainerReportHandler (AbstractContainerReportHandler.java:updateContainerState(145)) - Container #1 is in OPEN state, but the datanode 217b40b1-6496-41ee-9e5f-1bb61aa45139{ip: 192.168.157.252, host: pr-hdds-1643-qwrct-1900426900, networkLocation: /default-rack, certSerialId: null} reports an CLOSED replica.
2019-11-05 11:08:48,644 [EventQueue-ContainerReportForContainerReportHandler] WARN  container.ContainerReportHandler (AbstractContainerReportHandler.java:updateContainerState(145)) - Container #1 is in OPEN state, but the datanode 69837c10-b6a5-4691-9f82-b2bf7c109e66{ip: 192.168.157.252, host: pr-hdds-1643-qwrct-1900426900, networkLocation: /default-rack, certSerialId: null} reports an CLOSED replica.
2019-11-05 11:08:48,664 [EventQueue-ContainerReportForContainerReportHandler] WARN  container.ContainerReportHandler (AbstractContainerReportHandler.java:updateContainerState(145)) - Container #1 is in OPEN state, but the datanode 217b40b1-6496-41ee-9e5f-1bb61aa45139{ip: 192.168.157.252, host: pr-hdds-1643-qwrct-1900426900, networkLocation: /default-rack, certSerialId: null} reports an CLOSED replica.
2019-11-05 11:08:48,786 [java.util.concurrent.ThreadPoolExecutor$Worker@5b207bf4[State = -1, empty queue]] WARN  server.GrpcLogAppender (GrpcLogAppender.java:timeoutAppendRequest(209)) - 217b40b1-6496-41ee-9e5f-1bb61aa45139@group-FD4A39CE61DA->b4fa652e-9609-43ae-a5da-dbaebd8b3d71-GrpcLogAppender: appendEntries Timeout, request=217b40b1-6496-41ee-9e5f-1bb61aa45139->b4fa652e-9609-43ae-a5da-dbaebd8b3d71#30-t1, previous=(t:1, i:10), leaderCommit=10, initializing? false, entries: <empty>
2019-11-05 11:08:48,845 [EventQueue-ContainerReportForContainerReportHandler] WARN  container.ContainerReportHandler (AbstractContainerReportHandler.java:updateContainerState(145)) - Container #1 is in OPEN state, but the datanode 69837c10-b6a5-4691-9f82-b2bf7c109e66{ip: 192.168.157.252, host: pr-hdds-1643-qwrct-1900426900, networkLocation: /default-rack, certSerialId: null} reports an CLOSED replica.
2019-11-05 11:08:48,863 [EventQueue-ContainerReportForContainerReportHandler] WARN  container.ContainerReportHandler (AbstractContainerReportHandler.java:updateContainerState(145)) - Container #1 is in OPEN state, but the datanode 217b40b1-6496-41ee-9e5f-1bb61aa45139{ip: 192.168.157.252, host: pr-hdds-1643-qwrct-1900426900, networkLocation: /default-rack, certSerialId: null} reports an CLOSED replica.
2019-11-05 11:08:49,145 [EventQueue-ContainerReportForContainerReportHandler] WARN  container.ContainerReportHandler (AbstractContainerReportHandler.java:updateContainerState(145)) - Container #1 is in OPEN state, but the datanode 69837c10-b6a5-4691-9f82-b2bf7c109e66{ip: 192.168.157.252, host: pr-hdds-1643-qwrct-1900426900, networkLocation: /default-rack, certSerialId: null} reports an CLOSED replica.
2019-11-05 11:08:49,264 [EventQueue-ContainerReportForContainerReportHandler] WARN  container.ContainerReportHandler (AbstractContainerReportHandler.java:updateContainerState(145)) - Container #1 is in OPEN state, but the datanode 217b40b1-6496-41ee-9e5f-1bb61aa45139{ip: 192.168.157.252, host: pr-hdds-1643-qwrct-1900426900, networkLocation: /default-rack, certSerialId: null} reports an CLOSED replica.
2019-11-05 11:08:49,280 [BlockDeletingService#2] WARN  background.BlockDeletingService (BlockDeletingService.java:isDeletionAllowed(187)) - Close Container log Index 6 is not replicated across allthe servers in the pipeline a8186365-22ae-4f7f-97bd-fd4a39ce61da as the min replicated index is 4. Deletion is not allowed in this container yet.
2019-11-05 11:08:49,293 [BlockDeletingService#2] WARN  background.BlockDeletingService (BlockDeletingService.java:isDeletionAllowed(187)) - Close Container log Index 6 is not replicated across allthe servers in the pipeline a8186365-22ae-4f7f-97bd-fd4a39ce61da as the min replicated index is 4. Deletion is not allowed in this container yet.
2019-11-05 11:08:49,346 [EventQueue-ContainerReportForContainerReportHandler] WARN  container.ContainerReportHandler (AbstractContainerReportHandler.java:updateContainerState(145)) - Container #1 is in OPEN state, but the datanode 69837c10-b6a5-4691-9f82-b2bf7c109e66{ip: 192.168.157.252, host: pr-hdds-1643-qwrct-1900426900, networkLocation: /default-rack, certSerialId: null} reports an CLOSED replica.
2019-11-05 11:08:49,581 [EventQueue-ContainerReportForContainerReportHandler] WARN  container.ContainerReportHandler (AbstractContainerReportHandler.java:updateContainerState(145)) - Container #1 is in OPEN state, but the datanode 217b40b1-6496-41ee-9e5f-1bb61aa45139{ip: 192.168.157.252, host: pr-hdds-1643-qwrct-1900426900, networkLocation: /default-rack, certSerialId: null} reports an CLOSED replica.
2019-11-05 11:08:49,635 [Thread-359] INFO  client.GrpcClientProtocolService (GrpcClientProtocolService.java:lambda$processClientRequest$0(278)) - Failed RaftClientRequest:client-37A56D8DDB63->69837c10-b6a5-4691-9f82-b2bf7c109e66@group-FD4A39CE61DA, cid=10, seq=0, Watch-ALL_COMMITTED(6), Message:<EMPTY>, reply=RaftClientReply:client-37A56D8DDB63->69837c10-b6a5-4691-9f82-b2bf7c109e66@group-FD4A39CE61DA, cid=10, FAILED org.apache.ratis.protocol.NotLeaderException: Server 69837c10-b6a5-4691-9f82-b2bf7c109e66@group-FD4A39CE61DA is not the leader 217b40b1-6496-41ee-9e5f-1bb61aa45139:192.168.157.252:40951, logIndex=0, commits[69837c10-b6a5-4691-9f82-b2bf7c109e66:c10, 217b40b1-6496-41ee-9e5f-1bb61aa45139:c10, b4fa652e-9609-43ae-a5da-dbaebd8b3d71:c4]
2019-11-05 11:08:49,695 [EventQueue-ContainerReportForContainerReportHandler] WARN  container.ContainerReportHandler (AbstractContainerReportHandler.java:updateContainerState(145)) - Container #1 is in OPEN state, but the datanode 69837c10-b6a5-4691-9f82-b2bf7c109e66{ip: 192.168.157.252, host: pr-hdds-1643-qwrct-1900426900, networkLocation: /default-rack, certSerialId: null} reports an CLOSED replica.
2019-11-05 11:08:49,892 [EventQueue-ContainerReportForContainerReportHandler] WARN  container.ContainerReportHandler (AbstractContainerReportHandler.java:updateContainerState(145)) - Container #1 is in OPEN state, but the datanode 217b40b1-6496-41ee-9e5f-1bb61aa45139{ip: 192.168.157.252, host: pr-hdds-1643-qwrct-1900426900, networkLocation: /default-rack, certSerialId: null} reports an CLOSED replica.
2019-11-05 11:08:49,995 [EventQueue-ContainerReportForContainerReportHandler] WARN  container.ContainerReportHandler (AbstractContainerReportHandler.java:updateContainerState(145)) - Container #1 is in OPEN state, but the datanode 69837c10-b6a5-4691-9f82-b2bf7c109e66{ip: 192.168.157.252, host: pr-hdds-1643-qwrct-1900426900, networkLocation: /default-rack, certSerialId: null} reports an CLOSED replica.
2019-11-05 11:08:50,282 [BlockDeletingService#2] WARN  background.BlockDeletingService (BlockDeletingService.java:isDeletionAllowed(187)) - Close Container log Index 6 is not replicated across allthe servers in the pipeline a8186365-22ae-4f7f-97bd-fd4a39ce61da as the min replicated index is 4. Deletion is not allowed in this container yet.
2019-11-05 11:08:50,362 [BlockDeletingService#2] WARN  background.BlockDeletingService (BlockDeletingService.java:isDeletionAllowed(187)) - Close Container log Index 6 is not replicated across allthe servers in the pipeline a8186365-22ae-4f7f-97bd-fd4a39ce61da as the min replicated index is 4. Deletion is not allowed in this container yet.
2019-11-05 11:08:50,363 [EventQueue-ContainerReportForContainerReportHandler] WARN  container.ContainerReportHandler (AbstractContainerReportHandler.java:updateContainerState(145)) - Container #1 is in OPEN state, but the datanode 217b40b1-6496-41ee-9e5f-1bb61aa45139{ip: 192.168.157.252, host: pr-hdds-1643-qwrct-1900426900, networkLocation: /default-rack, certSerialId: null} reports an CLOSED replica.
2019-11-05 11:08:50,364 [EventQueue-ContainerReportForContainerReportHandler] WARN  container.ContainerReportHandler (AbstractContainerReportHandler.java:updateContainerState(145)) - Container #1 is in OPEN state, but the datanode 69837c10-b6a5-4691-9f82-b2bf7c109e66{ip: 192.168.157.252, host: pr-hdds-1643-qwrct-1900426900, networkLocation: /default-rack, certSerialId: null} reports an CLOSED replica.
2019-11-05 11:08:50,603 [Thread-364] INFO  client.GrpcClientProtocolService (GrpcClientProtocolService.java:lambda$processClientRequest$0(278)) - Failed RaftClientRequest:client-37A56D8DDB63->217b40b1-6496-41ee-9e5f-1bb61aa45139@group-FD4A39CE61DA, cid=10, seq=0, Watch-ALL_COMMITTED(6), Message:<EMPTY>, reply=RaftClientReply:client-37A56D8DDB63->217b40b1-6496-41ee-9e5f-1bb61aa45139@group-FD4A39CE61DA, cid=10, FAILED org.apache.ratis.protocol.NotReplicatedException: Request with call Id 10 and log index 6 is not yet replicated to ALL_COMMITTED, logIndex=6, commits[217b40b1-6496-41ee-9e5f-1bb61aa45139:c10, 69837c10-b6a5-4691-9f82-b2bf7c109e66:c10, b4fa652e-9609-43ae-a5da-dbaebd8b3d71:c4]
2019-11-05 11:08:50,657 [EventQueue-ContainerReportForContainerReportHandler] WARN  container.ContainerReportHandler (AbstractContainerReportHandler.java:updateContainerState(145)) - Container #1 is in OPEN state, but the datanode 69837c10-b6a5-4691-9f82-b2bf7c109e66{ip: 192.168.157.252, host: pr-hdds-1643-qwrct-1900426900, networkLocation: /default-rack, certSerialId: null} reports an CLOSED replica.
2019-11-05 11:08:50,659 [EventQueue-ContainerReportForContainerReportHandler] WARN  container.ContainerReportHandler (AbstractContainerReportHandler.java:updateContainerState(145)) - Container #1 is in OPEN state, but the datanode 217b40b1-6496-41ee-9e5f-1bb61aa45139{ip: 192.168.157.252, host: pr-hdds-1643-qwrct-1900426900, networkLocation: /default-rack, certSerialId: null} reports an CLOSED replica.
2019-11-05 11:08:50,958 [EventQueue-ContainerReportForContainerReportHandler] WARN  container.ContainerReportHandler (AbstractContainerReportHandler.java:updateContainerState(145)) - Container #1 is in OPEN state, but the datanode 69837c10-b6a5-4691-9f82-b2bf7c109e66{ip: 192.168.157.252, host: pr-hdds-1643-qwrct-1900426900, networkLocation: /default-rack, certSerialId: null} reports an CLOSED replica.
2019-11-05 11:08:51,058 [EventQueue-ContainerReportForContainerReportHandler] WARN  container.ContainerReportHandler (AbstractContainerReportHandler.java:updateContainerState(145)) - Container #1 is in OPEN state, but the datanode 217b40b1-6496-41ee-9e5f-1bb61aa45139{ip: 192.168.157.252, host: pr-hdds-1643-qwrct-1900426900, networkLocation: /default-rack, certSerialId: null} reports an CLOSED replica.
2019-11-05 11:08:51,258 [EventQueue-ContainerReportForContainerReportHandler] WARN  container.ContainerReportHandler (AbstractContainerReportHandler.java:updateContainerState(145)) - Container #1 is in OPEN state, but the datanode 69837c10-b6a5-4691-9f82-b2bf7c109e66{ip: 192.168.157.252, host: pr-hdds-1643-qwrct-1900426900, networkLocation: /default-rack, certSerialId: null} reports an CLOSED replica.
2019-11-05 11:08:51,287 [java.util.concurrent.ThreadPoolExecutor$Worker@5b207bf4[State = -1, empty queue]] WARN  server.GrpcLogAppender (GrpcLogAppender.java:timeoutAppendRequest(209)) - 217b40b1-6496-41ee-9e5f-1bb61aa45139@group-FD4A39CE61DA->b4fa652e-9609-43ae-a5da-dbaebd8b3d71-GrpcLogAppender: appendEntries Timeout, request=217b40b1-6496-41ee-9e5f-1bb61aa45139->b4fa652e-9609-43ae-a5da-dbaebd8b3d71#31-t1, previous=(t:1, i:10), leaderCommit=10, initializing? false, entries: <empty>
2019-11-05 11:08:51,324 [BlockDeletingService#2] WARN  background.BlockDeletingService (BlockDeletingService.java:isDeletionAllowed(187)) - Close Container log Index 6 is not replicated across allthe servers in the pipeline a8186365-22ae-4f7f-97bd-fd4a39ce61da as the min replicated index is 4. Deletion is not allowed in this container yet.
2019-11-05 11:08:51,368 [BlockDeletingService#2] WARN  background.BlockDeletingService (BlockDeletingService.java:isDeletionAllowed(187)) - Close Container log Index 6 is not replicated across allthe servers in the pipeline a8186365-22ae-4f7f-97bd-fd4a39ce61da as the min replicated index is 4. Deletion is not allowed in this container yet.
2019-11-05 11:08:51,460 [EventQueue-ContainerReportForContainerReportHandler] WARN  container.ContainerReportHandler (AbstractContainerReportHandler.java:updateContainerState(145)) - Container #1 is in OPEN state, but the datanode 217b40b1-6496-41ee-9e5f-1bb61aa45139{ip: 192.168.157.252, host: pr-hdds-1643-qwrct-1900426900, networkLocation: /default-rack, certSerialId: null} reports an CLOSED replica.
2019-11-05 11:08:51,660 [EventQueue-ContainerReportForContainerReportHandler] WARN  container.ContainerReportHandler (AbstractContainerReportHandler.java:updateContainerState(145)) - Container #1 is in OPEN state, but the datanode 217b40b1-6496-41ee-9e5f-1bb61aa45139{ip: 192.168.157.252, host: pr-hdds-1643-qwrct-1900426900, networkLocation: /default-rack, certSerialId: null} reports an CLOSED replica.
2019-11-05 11:08:51,668 [EventQueue-ContainerReportForContainerReportHandler] WARN  container.ContainerReportHandler (AbstractContainerReportHandler.java:updateContainerState(145)) - Container #1 is in OPEN state, but the datanode 69837c10-b6a5-4691-9f82-b2bf7c109e66{ip: 192.168.157.252, host: pr-hdds-1643-qwrct-1900426900, networkLocation: /default-rack, certSerialId: null} reports an CLOSED replica.
2019-11-05 11:08:51,962 [EventQueue-ContainerReportForContainerReportHandler] WARN  container.ContainerReportHandler (AbstractContainerReportHandler.java:updateContainerState(145)) - Container #1 is in OPEN state, but the datanode 217b40b1-6496-41ee-9e5f-1bb61aa45139{ip: 192.168.157.252, host: pr-hdds-1643-qwrct-1900426900, networkLocation: /default-rack, certSerialId: null} reports an CLOSED replica.
2019-11-05 11:08:51,969 [EventQueue-ContainerReportForContainerReportHandler] WARN  container.ContainerReportHandler (AbstractContainerReportHandler.java:updateContainerState(145)) - Container #1 is in OPEN state, but the datanode 69837c10-b6a5-4691-9f82-b2bf7c109e66{ip: 192.168.157.252, host: pr-hdds-1643-qwrct-1900426900, networkLocation: /default-rack, certSerialId: null} reports an CLOSED replica.
2019-11-05 11:08:52,261 [EventQueue-ContainerReportForContainerReportHandler] WARN  container.ContainerReportHandler (AbstractContainerReportHandler.java:updateContainerState(145)) - Container #1 is in OPEN state, but the datanode 217b40b1-6496-41ee-9e5f-1bb61aa45139{ip: 192.168.157.252, host: pr-hdds-1643-qwrct-1900426900, networkLocation: /default-rack, certSerialId: null} reports an CLOSED replica.
2019-11-05 11:08:52,286 [EventQueue-ContainerReportForContainerReportHandler] WARN  container.ContainerReportHandler (AbstractContainerReportHandler.java:updateContainerState(145)) - Container #1 is in OPEN state, but the datanode 69837c10-b6a5-4691-9f82-b2bf7c109e66{ip: 192.168.157.252, host: pr-hdds-1643-qwrct-1900426900, networkLocation: /default-rack, certSerialId: null} reports an CLOSED replica.
2019-11-05 11:08:52,326 [BlockDeletingService#2] WARN  background.BlockDeletingService (BlockDeletingService.java:isDeletionAllowed(187)) - Close Container log Index 6 is not replicated across allthe servers in the pipeline a8186365-22ae-4f7f-97bd-fd4a39ce61da as the min replicated index is 4. Deletion is not allowed in this container yet.
2019-11-05 11:08:52,377 [BlockDeletingService#2] WARN  background.BlockDeletingService (BlockDeletingService.java:isDeletionAllowed(187)) - Close Container log Index 6 is not replicated across allthe servers in the pipeline a8186365-22ae-4f7f-97bd-fd4a39ce61da as the min replicated index is 4. Deletion is not allowed in this container yet.
2019-11-05 11:08:52,461 [EventQueue-ContainerReportForContainerReportHandler] WARN  container.ContainerReportHandler (AbstractContainerReportHandler.java:updateContainerState(145)) - Container #1 is in OPEN state, but the datanode 217b40b1-6496-41ee-9e5f-1bb61aa45139{ip: 192.168.157.252, host: pr-hdds-1643-qwrct-1900426900, networkLocation: /default-rack, certSerialId: null} reports an CLOSED replica.
2019-11-05 11:08:52,493 [EventQueue-ContainerReportForContainerReportHandler] WARN  container.ContainerReportHandler (AbstractContainerReportHandler.java:updateContainerState(145)) - Container #1 is in OPEN state, but the datanode 69837c10-b6a5-4691-9f82-b2bf7c109e66{ip: 192.168.157.252, host: pr-hdds-1643-qwrct-1900426900, networkLocation: /default-rack, certSerialId: null} reports an CLOSED replica.
2019-11-05 11:08:52,872 [EventQueue-ContainerReportForContainerReportHandler] WARN  container.ContainerReportHandler (AbstractContainerReportHandler.java:updateContainerState(145)) - Container #1 is in OPEN state, but the datanode 217b40b1-6496-41ee-9e5f-1bb61aa45139{ip: 192.168.157.252, host: pr-hdds-1643-qwrct-1900426900, networkLocation: /default-rack, certSerialId: null} reports an CLOSED replica.
2019-11-05 11:08:52,892 [EventQueue-ContainerReportForContainerReportHandler] WARN  container.ContainerReportHandler (AbstractContainerReportHandler.java:updateContainerState(145)) - Container #1 is in OPEN state, but the datanode 69837c10-b6a5-4691-9f82-b2bf7c109e66{ip: 192.168.157.252, host: pr-hdds-1643-qwrct-1900426900, networkLocation: /default-rack, certSerialId: null} reports an CLOSED replica.
2019-11-05 11:08:53,166 [EventQueue-ContainerReportForContainerReportHandler] WARN  container.ContainerReportHandler (AbstractContainerReportHandler.java:updateContainerState(145)) - Container #1 is in OPEN state, but the datanode 217b40b1-6496-41ee-9e5f-1bb61aa45139{ip: 192.168.157.252, host: pr-hdds-1643-qwrct-1900426900, networkLocation: /default-rack, certSerialId: null} reports an CLOSED replica.
2019-11-05 11:08:53,202 [EventQueue-ContainerReportForContainerReportHandler] WARN  container.ContainerReportHandler (AbstractContainerReportHandler.java:updateContainerState(145)) - Container #1 is in OPEN state, but the datanode 69837c10-b6a5-4691-9f82-b2bf7c109e66{ip: 192.168.157.252, host: pr-hdds-1643-qwrct-1900426900, networkLocation: /default-rack, certSerialId: null} reports an CLOSED replica.
2019-11-05 11:08:53,328 [BlockDeletingService#2] WARN  background.BlockDeletingService (BlockDeletingService.java:isDeletionAllowed(187)) - Close Container log Index 6 is not replicated across allthe servers in the pipeline a8186365-22ae-4f7f-97bd-fd4a39ce61da as the min replicated index is 4. Deletion is not allowed in this container yet.
2019-11-05 11:08:53,380 [BlockDeletingService#2] WARN  background.BlockDeletingService (BlockDeletingService.java:isDeletionAllowed(187)) - Close Container log Index 6 is not replicated across allthe servers in the pipeline a8186365-22ae-4f7f-97bd-fd4a39ce61da as the min replicated index is 4. Deletion is not allowed in this container yet.
2019-11-05 11:08:53,467 [EventQueue-ContainerReportForContainerReportHandler] WARN  container.ContainerReportHandler (AbstractContainerReportHandler.java:updateContainerState(145)) - Container #1 is in OPEN state, but the datanode 217b40b1-6496-41ee-9e5f-1bb61aa45139{ip: 192.168.157.252, host: pr-hdds-1643-qwrct-1900426900, networkLocation: /default-rack, certSerialId: null} reports an CLOSED replica.
2019-11-05 11:08:53,494 [EventQueue-ContainerReportForContainerReportHandler] WARN  container.ContainerReportHandler (AbstractContainerReportHandler.java:updateContainerState(145)) - Container #1 is in OPEN state, but the datanode 69837c10-b6a5-4691-9f82-b2bf7c109e66{ip: 192.168.157.252, host: pr-hdds-1643-qwrct-1900426900, networkLocation: /default-rack, certSerialId: null} reports an CLOSED replica.
2019-11-05 11:08:53,782 [EventQueue-ContainerReportForContainerReportHandler] WARN  container.ContainerReportHandler (AbstractContainerReportHandler.java:updateContainerState(145)) - Container #1 is in OPEN state, but the datanode 217b40b1-6496-41ee-9e5f-1bb61aa45139{ip: 192.168.157.252, host: pr-hdds-1643-qwrct-1900426900, networkLocation: /default-rack, certSerialId: null} reports an CLOSED replica.
2019-11-05 11:08:53,788 [java.util.concurrent.ThreadPoolExecutor$Worker@5b207bf4[State = -1, empty queue]] WARN  server.GrpcLogAppender (GrpcLogAppender.java:timeoutAppendRequest(209)) - 217b40b1-6496-41ee-9e5f-1bb61aa45139@group-FD4A39CE61DA->b4fa652e-9609-43ae-a5da-dbaebd8b3d71-GrpcLogAppender: appendEntries Timeout, request=217b40b1-6496-41ee-9e5f-1bb61aa45139->b4fa652e-9609-43ae-a5da-dbaebd8b3d71#32-t1, previous=(t:1, i:10), leaderCommit=10, initializing? false, entries: <empty>
2019-11-05 11:08:53,896 [EventQueue-ContainerReportForContainerReportHandler] WARN  container.ContainerReportHandler (AbstractContainerReportHandler.java:updateContainerState(145)) - Container #1 is in OPEN state, but the datanode 69837c10-b6a5-4691-9f82-b2bf7c109e66{ip: 192.168.157.252, host: pr-hdds-1643-qwrct-1900426900, networkLocation: /default-rack, certSerialId: null} reports an CLOSED replica.
2019-11-05 11:08:54,071 [EventQueue-ContainerReportForContainerReportHandler] WARN  container.ContainerReportHandler (AbstractContainerReportHandler.java:updateContainerState(145)) - Container #1 is in OPEN state, but the datanode 217b40b1-6496-41ee-9e5f-1bb61aa45139{ip: 192.168.157.252, host: pr-hdds-1643-qwrct-1900426900, networkLocation: /default-rack, certSerialId: null} reports an CLOSED replica.
2019-11-05 11:08:54,197 [EventQueue-ContainerReportForContainerReportHandler] WARN  container.ContainerReportHandler (AbstractContainerReportHandler.java:updateContainerState(145)) - Container #1 is in OPEN state, but the datanode 69837c10-b6a5-4691-9f82-b2bf7c109e66{ip: 192.168.157.252, host: pr-hdds-1643-qwrct-1900426900, networkLocation: /default-rack, certSerialId: null} reports an CLOSED replica.
2019-11-05 11:08:54,271 [EventQueue-ContainerReportForContainerReportHandler] WARN  container.ContainerReportHandler (AbstractContainerReportHandler.java:updateContainerState(145)) - Container #1 is in OPEN state, but the datanode 217b40b1-6496-41ee-9e5f-1bb61aa45139{ip: 192.168.157.252, host: pr-hdds-1643-qwrct-1900426900, networkLocation: /default-rack, certSerialId: null} reports an CLOSED replica.
2019-11-05 11:08:54,330 [BlockDeletingService#2] WARN  background.BlockDeletingService (BlockDeletingService.java:isDeletionAllowed(187)) - Close Container log Index 6 is not replicated across allthe servers in the pipeline a8186365-22ae-4f7f-97bd-fd4a39ce61da as the min replicated index is 4. Deletion is not allowed in this container yet.
2019-11-05 11:08:54,382 [BlockDeletingService#2] WARN  background.BlockDeletingService (BlockDeletingService.java:isDeletionAllowed(187)) - Close Container log Index 6 is not replicated across allthe servers in the pipeline a8186365-22ae-4f7f-97bd-fd4a39ce61da as the min replicated index is 4. Deletion is not allowed in this container yet.
2019-11-05 11:08:54,398 [EventQueue-ContainerReportForContainerReportHandler] WARN  container.ContainerReportHandler (AbstractContainerReportHandler.java:updateContainerState(145)) - Container #1 is in OPEN state, but the datanode 69837c10-b6a5-4691-9f82-b2bf7c109e66{ip: 192.168.157.252, host: pr-hdds-1643-qwrct-1900426900, networkLocation: /default-rack, certSerialId: null} reports an CLOSED replica.
2019-11-05 11:08:54,471 [EventQueue-ContainerReportForContainerReportHandler] WARN  container.ContainerReportHandler (AbstractContainerReportHandler.java:updateContainerState(145)) - Container #1 is in OPEN state, but the datanode 217b40b1-6496-41ee-9e5f-1bb61aa45139{ip: 192.168.157.252, host: pr-hdds-1643-qwrct-1900426900, networkLocation: /default-rack, certSerialId: null} reports an CLOSED replica.
2019-11-05 11:08:54,698 [EventQueue-ContainerReportForContainerReportHandler] WARN  container.ContainerReportHandler (AbstractContainerReportHandler.java:updateContainerState(145)) - Container #1 is in OPEN state, but the datanode 69837c10-b6a5-4691-9f82-b2bf7c109e66{ip: 192.168.157.252, host: pr-hdds-1643-qwrct-1900426900, networkLocation: /default-rack, certSerialId: null} reports an CLOSED replica.
2019-11-05 11:08:54,871 [EventQueue-ContainerReportForContainerReportHandler] WARN  container.ContainerReportHandler (AbstractContainerReportHandler.java:updateContainerState(145)) - Container #1 is in OPEN state, but the datanode 217b40b1-6496-41ee-9e5f-1bb61aa45139{ip: 192.168.157.252, host: pr-hdds-1643-qwrct-1900426900, networkLocation: /default-rack, certSerialId: null} reports an CLOSED replica.
2019-11-05 11:08:55,082 [EventQueue-ContainerReportForContainerReportHandler] WARN  container.ContainerReportHandler (AbstractContainerReportHandler.java:updateContainerState(145)) - Container #1 is in OPEN state, but the datanode 217b40b1-6496-41ee-9e5f-1bb61aa45139{ip: 192.168.157.252, host: pr-hdds-1643-qwrct-1900426900, networkLocation: /default-rack, certSerialId: null} reports an CLOSED replica.
2019-11-05 11:08:55,099 [EventQueue-ContainerReportForContainerReportHandler] WARN  container.ContainerReportHandler (AbstractContainerReportHandler.java:updateContainerState(145)) - Container #1 is in OPEN state, but the datanode 69837c10-b6a5-4691-9f82-b2bf7c109e66{ip: 192.168.157.252, host: pr-hdds-1643-qwrct-1900426900, networkLocation: /default-rack, certSerialId: null} reports an CLOSED replica.
2019-11-05 11:08:55,299 [EventQueue-ContainerReportForContainerReportHandler] WARN  container.ContainerReportHandler (AbstractContainerReportHandler.java:updateContainerState(145)) - Container #1 is in OPEN state, but the datanode 69837c10-b6a5-4691-9f82-b2bf7c109e66{ip: 192.168.157.252, host: pr-hdds-1643-qwrct-1900426900, networkLocation: /default-rack, certSerialId: null} reports an CLOSED replica.
2019-11-05 11:08:55,334 [BlockDeletingService#2] WARN  background.BlockDeletingService (BlockDeletingService.java:isDeletionAllowed(187)) - Close Container log Index 6 is not replicated across allthe servers in the pipeline a8186365-22ae-4f7f-97bd-fd4a39ce61da as the min replicated index is 4. Deletion is not allowed in this container yet.
2019-11-05 11:08:55,384 [BlockDeletingService#2] WARN  background.BlockDeletingService (BlockDeletingService.java:isDeletionAllowed(187)) - Close Container log Index 6 is not replicated across allthe servers in the pipeline a8186365-22ae-4f7f-97bd-fd4a39ce61da as the min replicated index is 4. Deletion is not allowed in this container yet.
2019-11-05 11:08:55,514 [EventQueue-ContainerReportForContainerReportHandler] WARN  container.ContainerReportHandler (AbstractContainerReportHandler.java:updateContainerState(145)) - Container #1 is in OPEN state, but the datanode 217b40b1-6496-41ee-9e5f-1bb61aa45139{ip: 192.168.157.252, host: pr-hdds-1643-qwrct-1900426900, networkLocation: /default-rack, certSerialId: null} reports an CLOSED replica.
2019-11-05 11:08:55,514 [EventQueue-ContainerReportForContainerReportHandler] WARN  container.ContainerReportHandler (AbstractContainerReportHandler.java:updateContainerState(145)) - Container #1 is in OPEN state, but the datanode 69837c10-b6a5-4691-9f82-b2bf7c109e66{ip: 192.168.157.252, host: pr-hdds-1643-qwrct-1900426900, networkLocation: /default-rack, certSerialId: null} reports an CLOSED replica.
2019-11-05 11:08:55,799 [EventQueue-ContainerReportForContainerReportHandler] WARN  container.ContainerReportHandler (AbstractContainerReportHandler.java:updateContainerState(145)) - Container #1 is in OPEN state, but the datanode 217b40b1-6496-41ee-9e5f-1bb61aa45139{ip: 192.168.157.252, host: pr-hdds-1643-qwrct-1900426900, networkLocation: /default-rack, certSerialId: null} reports an CLOSED replica.
2019-11-05 11:08:55,831 [EventQueue-ContainerReportForContainerReportHandler] WARN  container.ContainerReportHandler (AbstractContainerReportHandler.java:updateContainerState(145)) - Container #1 is in OPEN state, but the datanode 69837c10-b6a5-4691-9f82-b2bf7c109e66{ip: 192.168.157.252, host: pr-hdds-1643-qwrct-1900426900, networkLocation: /default-rack, certSerialId: null} reports an CLOSED replica.
2019-11-05 11:08:56,008 [EventQueue-ContainerReportForContainerReportHandler] WARN  container.ContainerReportHandler (AbstractContainerReportHandler.java:updateContainerState(145)) - Container #1 is in OPEN state, but the datanode 69837c10-b6a5-4691-9f82-b2bf7c109e66{ip: 192.168.157.252, host: pr-hdds-1643-qwrct-1900426900, networkLocation: /default-rack, certSerialId: null} reports an CLOSED replica.
2019-11-05 11:08:56,105 [EventQueue-ContainerReportForContainerReportHandler] WARN  container.ContainerReportHandler (AbstractContainerReportHandler.java:updateContainerState(145)) - Container #1 is in OPEN state, but the datanode 217b40b1-6496-41ee-9e5f-1bb61aa45139{ip: 192.168.157.252, host: pr-hdds-1643-qwrct-1900426900, networkLocation: /default-rack, certSerialId: null} reports an CLOSED replica.
2019-11-05 11:08:56,299 [java.util.concurrent.ThreadPoolExecutor$Worker@5b207bf4[State = -1, empty queue]] WARN  server.GrpcLogAppender (GrpcLogAppender.java:timeoutAppendRequest(209)) - 217b40b1-6496-41ee-9e5f-1bb61aa45139@group-FD4A39CE61DA->b4fa652e-9609-43ae-a5da-dbaebd8b3d71-GrpcLogAppender: appendEntries Timeout, request=217b40b1-6496-41ee-9e5f-1bb61aa45139->b4fa652e-9609-43ae-a5da-dbaebd8b3d71#33-t1, previous=(t:1, i:10), leaderCommit=10, initializing? false, entries: <empty>
2019-11-05 11:08:56,335 [BlockDeletingService#2] WARN  background.BlockDeletingService (BlockDeletingService.java:isDeletionAllowed(187)) - Close Container log Index 6 is not replicated across allthe servers in the pipeline a8186365-22ae-4f7f-97bd-fd4a39ce61da as the min replicated index is 4. Deletion is not allowed in this container yet.
2019-11-05 11:08:56,386 [BlockDeletingService#2] WARN  background.BlockDeletingService (BlockDeletingService.java:isDeletionAllowed(187)) - Close Container log Index 6 is not replicated across allthe servers in the pipeline a8186365-22ae-4f7f-97bd-fd4a39ce61da as the min replicated index is 4. Deletion is not allowed in this container yet.
2019-11-05 11:08:56,432 [EventQueue-ContainerReportForContainerReportHandler] WARN  container.ContainerReportHandler (AbstractContainerReportHandler.java:updateContainerState(145)) - Container #1 is in OPEN state, but the datanode 69837c10-b6a5-4691-9f82-b2bf7c109e66{ip: 192.168.157.252, host: pr-hdds-1643-qwrct-1900426900, networkLocation: /default-rack, certSerialId: null} reports an CLOSED replica.
2019-11-05 11:08:56,454 [EventQueue-ContainerReportForContainerReportHandler] WARN  container.ContainerReportHandler (AbstractContainerReportHandler.java:updateContainerState(145)) - Container #1 is in OPEN state, but the datanode 217b40b1-6496-41ee-9e5f-1bb61aa45139{ip: 192.168.157.252, host: pr-hdds-1643-qwrct-1900426900, networkLocation: /default-rack, certSerialId: null} reports an CLOSED replica.
2019-11-05 11:08:56,625 [EventQueue-ContainerReportForContainerReportHandler] WARN  container.ContainerReportHandler (AbstractContainerReportHandler.java:updateContainerState(145)) - Container #1 is in OPEN state, but the datanode 217b40b1-6496-41ee-9e5f-1bb61aa45139{ip: 192.168.157.252, host: pr-hdds-1643-qwrct-1900426900, networkLocation: /default-rack, certSerialId: null} reports an CLOSED replica.
2019-11-05 11:08:56,724 [EventQueue-ContainerReportForContainerReportHandler] WARN  container.ContainerReportHandler (AbstractContainerReportHandler.java:updateContainerState(145)) - Container #1 is in OPEN state, but the datanode 69837c10-b6a5-4691-9f82-b2bf7c109e66{ip: 192.168.157.252, host: pr-hdds-1643-qwrct-1900426900, networkLocation: /default-rack, certSerialId: null} reports an CLOSED replica.
2019-11-05 11:08:56,925 [EventQueue-ContainerReportForContainerReportHandler] WARN  container.ContainerReportHandler (AbstractContainerReportHandler.java:updateContainerState(145)) - Container #1 is in OPEN state, but the datanode 217b40b1-6496-41ee-9e5f-1bb61aa45139{ip: 192.168.157.252, host: pr-hdds-1643-qwrct-1900426900, networkLocation: /default-rack, certSerialId: null} reports an CLOSED replica.
2019-11-05 11:08:57,123 [EventQueue-ContainerReportForContainerReportHandler] WARN  container.ContainerReportHandler (AbstractContainerReportHandler.java:updateContainerState(145)) - Container #1 is in OPEN state, but the datanode 69837c10-b6a5-4691-9f82-b2bf7c109e66{ip: 192.168.157.252, host: pr-hdds-1643-qwrct-1900426900, networkLocation: /default-rack, certSerialId: null} reports an CLOSED replica.
2019-11-05 11:08:57,227 [EventQueue-ContainerReportForContainerReportHandler] WARN  container.ContainerReportHandler (AbstractContainerReportHandler.java:updateContainerState(145)) - Container #1 is in OPEN state, but the datanode 217b40b1-6496-41ee-9e5f-1bb61aa45139{ip: 192.168.157.252, host: pr-hdds-1643-qwrct-1900426900, networkLocation: /default-rack, certSerialId: null} reports an CLOSED replica.
2019-11-05 11:08:57,337 [BlockDeletingService#2] WARN  background.BlockDeletingService (BlockDeletingService.java:isDeletionAllowed(187)) - Close Container log Index 6 is not replicated across allthe servers in the pipeline a8186365-22ae-4f7f-97bd-fd4a39ce61da as the min replicated index is 4. Deletion is not allowed in this container yet.
2019-11-05 11:08:57,387 [BlockDeletingService#2] WARN  background.BlockDeletingService (BlockDeletingService.java:isDeletionAllowed(187)) - Close Container log Index 6 is not replicated across allthe servers in the pipeline a8186365-22ae-4f7f-97bd-fd4a39ce61da as the min replicated index is 4. Deletion is not allowed in this container yet.
2019-11-05 11:08:57,424 [EventQueue-ContainerReportForContainerReportHandler] WARN  container.ContainerReportHandler (AbstractContainerReportHandler.java:updateContainerState(145)) - Container #1 is in OPEN state, but the datanode 69837c10-b6a5-4691-9f82-b2bf7c109e66{ip: 192.168.157.252, host: pr-hdds-1643-qwrct-1900426900, networkLocation: /default-rack, certSerialId: null} reports an CLOSED replica.
2019-11-05 11:08:57,527 [EventQueue-ContainerReportForContainerReportHandler] WARN  container.ContainerReportHandler (AbstractContainerReportHandler.java:updateContainerState(145)) - Container #1 is in OPEN state, but the datanode 217b40b1-6496-41ee-9e5f-1bb61aa45139{ip: 192.168.157.252, host: pr-hdds-1643-qwrct-1900426900, networkLocation: /default-rack, certSerialId: null} reports an CLOSED replica.
2019-11-05 11:08:57,726 [EventQueue-ContainerReportForContainerReportHandler] WARN  container.ContainerReportHandler (AbstractContainerReportHandler.java:updateContainerState(145)) - Container #1 is in OPEN state, but the datanode 69837c10-b6a5-4691-9f82-b2bf7c109e66{ip: 192.168.157.252, host: pr-hdds-1643-qwrct-1900426900, networkLocation: /default-rack, certSerialId: null} reports an CLOSED replica.
2019-11-05 11:08:57,832 [EventQueue-ContainerReportForContainerReportHandler] WARN  container.ContainerReportHandler (AbstractContainerReportHandler.java:updateContainerState(145)) - Container #1 is in OPEN state, but the datanode 217b40b1-6496-41ee-9e5f-1bb61aa45139{ip: 192.168.157.252, host: pr-hdds-1643-qwrct-1900426900, networkLocation: /default-rack, certSerialId: null} reports an CLOSED replica.
2019-11-05 11:08:58,029 [EventQueue-ContainerReportForContainerReportHandler] WARN  container.ContainerReportHandler (AbstractContainerReportHandler.java:updateContainerState(145)) - Container #1 is in OPEN state, but the datanode 217b40b1-6496-41ee-9e5f-1bb61aa45139{ip: 192.168.157.252, host: pr-hdds-1643-qwrct-1900426900, networkLocation: /default-rack, certSerialId: null} reports an CLOSED replica.
2019-11-05 11:08:58,127 [EventQueue-ContainerReportForContainerReportHandler] WARN  container.ContainerReportHandler (AbstractContainerReportHandler.java:updateContainerState(145)) - Container #1 is in OPEN state, but the datanode 69837c10-b6a5-4691-9f82-b2bf7c109e66{ip: 192.168.157.252, host: pr-hdds-1643-qwrct-1900426900, networkLocation: /default-rack, certSerialId: null} reports an CLOSED replica.
2019-11-05 11:08:58,324 [EventQueue-ContainerReportForContainerReportHandler] WARN  container.ContainerReportHandler (AbstractContainerReportHandler.java:updateContainerState(145)) - Container #1 is in OPEN state, but the datanode 69837c10-b6a5-4691-9f82-b2bf7c109e66{ip: 192.168.157.252, host: pr-hdds-1643-qwrct-1900426900, networkLocation: /default-rack, certSerialId: null} reports an CLOSED replica.
2019-11-05 11:08:58,339 [BlockDeletingService#2] WARN  background.BlockDeletingService (BlockDeletingService.java:isDeletionAllowed(187)) - Close Container log Index 6 is not replicated across allthe servers in the pipeline a8186365-22ae-4f7f-97bd-fd4a39ce61da as the min replicated index is 4. Deletion is not allowed in this container yet.
2019-11-05 11:08:58,389 [BlockDeletingService#2] WARN  background.BlockDeletingService (BlockDeletingService.java:isDeletionAllowed(187)) - Close Container log Index 6 is not replicated across allthe servers in the pipeline a8186365-22ae-4f7f-97bd-fd4a39ce61da as the min replicated index is 4. Deletion is not allowed in this container yet.
2019-11-05 11:08:58,430 [EventQueue-ContainerReportForContainerReportHandler] WARN  container.ContainerReportHandler (AbstractContainerReportHandler.java:updateContainerState(145)) - Container #1 is in OPEN state, but the datanode 217b40b1-6496-41ee-9e5f-1bb61aa45139{ip: 192.168.157.252, host: pr-hdds-1643-qwrct-1900426900, networkLocation: /default-rack, certSerialId: null} reports an CLOSED replica.
2019-11-05 11:08:58,630 [EventQueue-ContainerReportForContainerReportHandler] WARN  container.ContainerReportHandler (AbstractContainerReportHandler.java:updateContainerState(145)) - Container #1 is in OPEN state, but the datanode 217b40b1-6496-41ee-9e5f-1bb61aa45139{ip: 192.168.157.252, host: pr-hdds-1643-qwrct-1900426900, networkLocation: /default-rack, certSerialId: null} reports an CLOSED replica.
2019-11-05 11:08:58,725 [EventQueue-ContainerReportForContainerReportHandler] WARN  container.ContainerReportHandler (AbstractContainerReportHandler.java:updateContainerState(145)) - Container #1 is in OPEN state, but the datanode 69837c10-b6a5-4691-9f82-b2bf7c109e66{ip: 192.168.157.252, host: pr-hdds-1643-qwrct-1900426900, networkLocation: /default-rack, certSerialId: null} reports an CLOSED replica.
2019-11-05 11:08:58,802 [java.util.concurrent.ThreadPoolExecutor$Worker@5b207bf4[State = -1, empty queue]] WARN  server.GrpcLogAppender (GrpcLogAppender.java:timeoutAppendRequest(209)) - 217b40b1-6496-41ee-9e5f-1bb61aa45139@group-FD4A39CE61DA->b4fa652e-9609-43ae-a5da-dbaebd8b3d71-GrpcLogAppender: appendEntries Timeout, request=217b40b1-6496-41ee-9e5f-1bb61aa45139->b4fa652e-9609-43ae-a5da-dbaebd8b3d71#34-t1, previous=(t:1, i:10), leaderCommit=10, initializing? false, entries: <empty>
2019-11-05 11:08:58,856 [Thread-387] INFO  client.GrpcClientProtocolService (GrpcClientProtocolService.java:lambda$processClientRequest$0(278)) - Failed RaftClientRequest:client-37A56D8DDB63->69837c10-b6a5-4691-9f82-b2bf7c109e66@group-FD4A39CE61DA, cid=10, seq=0, Watch-ALL_COMMITTED(6), Message:<EMPTY>, reply=RaftClientReply:client-37A56D8DDB63->69837c10-b6a5-4691-9f82-b2bf7c109e66@group-FD4A39CE61DA, cid=10, FAILED org.apache.ratis.protocol.NotLeaderException: Server 69837c10-b6a5-4691-9f82-b2bf7c109e66@group-FD4A39CE61DA is not the leader 217b40b1-6496-41ee-9e5f-1bb61aa45139:192.168.157.252:40951, logIndex=0, commits[69837c10-b6a5-4691-9f82-b2bf7c109e66:c10, 217b40b1-6496-41ee-9e5f-1bb61aa45139:c10, b4fa652e-9609-43ae-a5da-dbaebd8b3d71:c4]
2019-11-05 11:08:58,952 [EventQueue-ContainerReportForContainerReportHandler] WARN  container.ContainerReportHandler (AbstractContainerReportHandler.java:updateContainerState(145)) - Container #1 is in OPEN state, but the datanode 217b40b1-6496-41ee-9e5f-1bb61aa45139{ip: 192.168.157.252, host: pr-hdds-1643-qwrct-1900426900, networkLocation: /default-rack, certSerialId: null} reports an CLOSED replica.
2019-11-05 11:08:59,033 [EventQueue-ContainerReportForContainerReportHandler] WARN  container.ContainerReportHandler (AbstractContainerReportHandler.java:updateContainerState(145)) - Container #1 is in OPEN state, but the datanode 69837c10-b6a5-4691-9f82-b2bf7c109e66{ip: 192.168.157.252, host: pr-hdds-1643-qwrct-1900426900, networkLocation: /default-rack, certSerialId: null} reports an CLOSED replica.
2019-11-05 11:08:59,232 [EventQueue-ContainerReportForContainerReportHandler] WARN  container.ContainerReportHandler (AbstractContainerReportHandler.java:updateContainerState(145)) - Container #1 is in OPEN state, but the datanode 217b40b1-6496-41ee-9e5f-1bb61aa45139{ip: 192.168.157.252, host: pr-hdds-1643-qwrct-1900426900, networkLocation: /default-rack, certSerialId: null} reports an CLOSED replica.
2019-11-05 11:08:59,349 [BlockDeletingService#2] WARN  background.BlockDeletingService (BlockDeletingService.java:isDeletionAllowed(187)) - Close Container log Index 6 is not replicated across allthe servers in the pipeline a8186365-22ae-4f7f-97bd-fd4a39ce61da as the min replicated index is 4. Deletion is not allowed in this container yet.
2019-11-05 11:08:59,392 [BlockDeletingService#2] WARN  background.BlockDeletingService (BlockDeletingService.java:isDeletionAllowed(187)) - Close Container log Index 6 is not replicated across allthe servers in the pipeline a8186365-22ae-4f7f-97bd-fd4a39ce61da as the min replicated index is 4. Deletion is not allowed in this container yet.
2019-11-05 11:08:59,434 [EventQueue-ContainerReportForContainerReportHandler] WARN  container.ContainerReportHandler (AbstractContainerReportHandler.java:updateContainerState(145)) - Container #1 is in OPEN state, but the datanode 69837c10-b6a5-4691-9f82-b2bf7c109e66{ip: 192.168.157.252, host: pr-hdds-1643-qwrct-1900426900, networkLocation: /default-rack, certSerialId: null} reports an CLOSED replica.
2019-11-05 11:08:59,435 [EventQueue-ContainerReportForContainerReportHandler] WARN  container.ContainerReportHandler (AbstractContainerReportHandler.java:updateContainerState(145)) - Container #1 is in OPEN state, but the datanode 217b40b1-6496-41ee-9e5f-1bb61aa45139{ip: 192.168.157.252, host: pr-hdds-1643-qwrct-1900426900, networkLocation: /default-rack, certSerialId: null} reports an CLOSED replica.
2019-11-05 11:08:59,739 [EventQueue-ContainerReportForContainerReportHandler] WARN  container.ContainerReportHandler (AbstractContainerReportHandler.java:updateContainerState(145)) - Container #1 is in OPEN state, but the datanode 217b40b1-6496-41ee-9e5f-1bb61aa45139{ip: 192.168.157.252, host: pr-hdds-1643-qwrct-1900426900, networkLocation: /default-rack, certSerialId: null} reports an CLOSED replica.
2019-11-05 11:08:59,740 [EventQueue-ContainerReportForContainerReportHandler] WARN  container.ContainerReportHandler (AbstractContainerReportHandler.java:updateContainerState(145)) - Container #1 is in OPEN state, but the datanode 69837c10-b6a5-4691-9f82-b2bf7c109e66{ip: 192.168.157.252, host: pr-hdds-1643-qwrct-1900426900, networkLocation: /default-rack, certSerialId: null} reports an CLOSED replica.
2019-11-05 11:08:59,940 [EventQueue-ContainerReportForContainerReportHandler] WARN  container.ContainerReportHandler (AbstractContainerReportHandler.java:updateContainerState(145)) - Container #1 is in OPEN state, but the datanode 69837c10-b6a5-4691-9f82-b2bf7c109e66{ip: 192.168.157.252, host: pr-hdds-1643-qwrct-1900426900, networkLocation: /default-rack, certSerialId: null} reports an CLOSED replica.
2019-11-05 11:09:00,036 [EventQueue-ContainerReportForContainerReportHandler] WARN  container.ContainerReportHandler (AbstractContainerReportHandler.java:updateContainerState(145)) - Container #1 is in OPEN state, but the datanode 217b40b1-6496-41ee-9e5f-1bb61aa45139{ip: 192.168.157.252, host: pr-hdds-1643-qwrct-1900426900, networkLocation: /default-rack, certSerialId: null} reports an CLOSED replica.
2019-11-05 11:09:00,240 [EventQueue-ContainerReportForContainerReportHandler] WARN  container.ContainerReportHandler (AbstractContainerReportHandler.java:updateContainerState(145)) - Container #1 is in OPEN state, but the datanode 69837c10-b6a5-4691-9f82-b2bf7c109e66{ip: 192.168.157.252, host: pr-hdds-1643-qwrct-1900426900, networkLocation: /default-rack, certSerialId: null} reports an CLOSED replica.
2019-11-05 11:09:00,357 [BlockDeletingService#2] WARN  background.BlockDeletingService (BlockDeletingService.java:isDeletionAllowed(187)) - Close Container log Index 6 is not replicated across allthe servers in the pipeline a8186365-22ae-4f7f-97bd-fd4a39ce61da as the min replicated index is 4. Deletion is not allowed in this container yet.
2019-11-05 11:09:00,394 [BlockDeletingService#2] WARN  background.BlockDeletingService (BlockDeletingService.java:isDeletionAllowed(187)) - Close Container log Index 6 is not replicated across allthe servers in the pipeline a8186365-22ae-4f7f-97bd-fd4a39ce61da as the min replicated index is 4. Deletion is not allowed in this container yet.
2019-11-05 11:09:00,436 [EventQueue-ContainerReportForContainerReportHandler] WARN  container.ContainerReportHandler (AbstractContainerReportHandler.java:updateContainerState(145)) - Container #1 is in OPEN state, but the datanode 217b40b1-6496-41ee-9e5f-1bb61aa45139{ip: 192.168.157.252, host: pr-hdds-1643-qwrct-1900426900, networkLocation: /default-rack, certSerialId: null} reports an CLOSED replica.
2019-11-05 11:09:00,544 [EventQueue-ContainerReportForContainerReportHandler] WARN  container.ContainerReportHandler (AbstractContainerReportHandler.java:updateContainerState(145)) - Container #1 is in OPEN state, but the datanode 69837c10-b6a5-4691-9f82-b2bf7c109e66{ip: 192.168.157.252, host: pr-hdds-1643-qwrct-1900426900, networkLocation: /default-rack, certSerialId: null} reports an CLOSED replica.
2019-11-05 11:09:00,584 [Thread-394] INFO  client.GrpcClientProtocolService (GrpcClientProtocolService.java:lambda$processClientRequest$0(278)) - Failed RaftClientRequest:client-37A56D8DDB63->217b40b1-6496-41ee-9e5f-1bb61aa45139@group-FD4A39CE61DA, cid=10, seq=0, Watch-ALL_COMMITTED(6), Message:<EMPTY>, reply=RaftClientReply:client-37A56D8DDB63->217b40b1-6496-41ee-9e5f-1bb61aa45139@group-FD4A39CE61DA, cid=10, FAILED org.apache.ratis.protocol.NotReplicatedException: Request with call Id 10 and log index 6 is not yet replicated to ALL_COMMITTED, logIndex=6, commits[217b40b1-6496-41ee-9e5f-1bb61aa45139:c10, 69837c10-b6a5-4691-9f82-b2bf7c109e66:c10, b4fa652e-9609-43ae-a5da-dbaebd8b3d71:c4]
2019-11-05 11:09:00,636 [EventQueue-ContainerReportForContainerReportHandler] WARN  container.ContainerReportHandler (AbstractContainerReportHandler.java:updateContainerState(145)) - Container #1 is in OPEN state, but the datanode 217b40b1-6496-41ee-9e5f-1bb61aa45139{ip: 192.168.157.252, host: pr-hdds-1643-qwrct-1900426900, networkLocation: /default-rack, certSerialId: null} reports an CLOSED replica.
2019-11-05 11:09:00,740 [EventQueue-ContainerReportForContainerReportHandler] WARN  container.ContainerReportHandler (AbstractContainerReportHandler.java:updateContainerState(145)) - Container #1 is in OPEN state, but the datanode 69837c10-b6a5-4691-9f82-b2bf7c109e66{ip: 192.168.157.252, host: pr-hdds-1643-qwrct-1900426900, networkLocation: /default-rack, certSerialId: null} reports an CLOSED replica.
2019-11-05 11:09:01,039 [EventQueue-ContainerReportForContainerReportHandler] WARN  container.ContainerReportHandler (AbstractContainerReportHandler.java:updateContainerState(145)) - Container #1 is in OPEN state, but the datanode 217b40b1-6496-41ee-9e5f-1bb61aa45139{ip: 192.168.157.252, host: pr-hdds-1643-qwrct-1900426900, networkLocation: /default-rack, certSerialId: null} reports an CLOSED replica.
2019-11-05 11:09:01,087 [EventQueue-ContainerReportForContainerReportHandler] WARN  container.ContainerReportHandler (AbstractContainerReportHandler.java:updateContainerState(145)) - Container #1 is in OPEN state, but the datanode 69837c10-b6a5-4691-9f82-b2bf7c109e66{ip: 192.168.157.252, host: pr-hdds-1643-qwrct-1900426900, networkLocation: /default-rack, certSerialId: null} reports an CLOSED replica.
2019-11-05 11:09:01,303 [java.util.concurrent.ThreadPoolExecutor$Worker@5b207bf4[State = -1, empty queue]] WARN  server.GrpcLogAppender (GrpcLogAppender.java:timeoutAppendRequest(209)) - 217b40b1-6496-41ee-9e5f-1bb61aa45139@group-FD4A39CE61DA->b4fa652e-9609-43ae-a5da-dbaebd8b3d71-GrpcLogAppender: appendEntries Timeout, request=217b40b1-6496-41ee-9e5f-1bb61aa45139->b4fa652e-9609-43ae-a5da-dbaebd8b3d71#35-t1, previous=(t:1, i:10), leaderCommit=10, initializing? false, entries: <empty>
2019-11-05 11:09:01,358 [BlockDeletingService#2] WARN  background.BlockDeletingService (BlockDeletingService.java:isDeletionAllowed(187)) - Close Container log Index 6 is not replicated across allthe servers in the pipeline a8186365-22ae-4f7f-97bd-fd4a39ce61da as the min replicated index is 4. Deletion is not allowed in this container yet.
2019-11-05 11:09:01,362 [EventQueue-ContainerReportForContainerReportHandler] WARN  container.ContainerReportHandler (AbstractContainerReportHandler.java:updateContainerState(145)) - Container #1 is in OPEN state, but the datanode 69837c10-b6a5-4691-9f82-b2bf7c109e66{ip: 192.168.157.252, host: pr-hdds-1643-qwrct-1900426900, networkLocation: /default-rack, certSerialId: null} reports an CLOSED replica.
2019-11-05 11:09:01,396 [BlockDeletingService#2] WARN  background.BlockDeletingService (BlockDeletingService.java:isDeletionAllowed(187)) - Close Container log Index 6 is not replicated across allthe servers in the pipeline a8186365-22ae-4f7f-97bd-fd4a39ce61da as the min replicated index is 4. Deletion is not allowed in this container yet.
2019-11-05 11:09:01,440 [EventQueue-ContainerReportForContainerReportHandler] WARN  container.ContainerReportHandler (AbstractContainerReportHandler.java:updateContainerState(145)) - Container #1 is in OPEN state, but the datanode 217b40b1-6496-41ee-9e5f-1bb61aa45139{ip: 192.168.157.252, host: pr-hdds-1643-qwrct-1900426900, networkLocation: /default-rack, certSerialId: null} reports an CLOSED replica.
2019-11-05 11:09:01,661 [EventQueue-ContainerReportForContainerReportHandler] WARN  container.ContainerReportHandler (AbstractContainerReportHandler.java:updateContainerState(145)) - Container #1 is in OPEN state, but the datanode 69837c10-b6a5-4691-9f82-b2bf7c109e66{ip: 192.168.157.252, host: pr-hdds-1643-qwrct-1900426900, networkLocation: /default-rack, certSerialId: null} reports an CLOSED replica.
2019-11-05 11:09:01,739 [EventQueue-ContainerReportForContainerReportHandler] WARN  container.ContainerReportHandler (AbstractContainerReportHandler.java:updateContainerState(145)) - Container #1 is in OPEN state, but the datanode 217b40b1-6496-41ee-9e5f-1bb61aa45139{ip: 192.168.157.252, host: pr-hdds-1643-qwrct-1900426900, networkLocation: /default-rack, certSerialId: null} reports an CLOSED replica.
2019-11-05 11:09:01,961 [EventQueue-ContainerReportForContainerReportHandler] WARN  container.ContainerReportHandler (AbstractContainerReportHandler.java:updateContainerState(145)) - Container #1 is in OPEN state, but the datanode 69837c10-b6a5-4691-9f82-b2bf7c109e66{ip: 192.168.157.252, host: pr-hdds-1643-qwrct-1900426900, networkLocation: /default-rack, certSerialId: null} reports an CLOSED replica.
2019-11-05 11:09:02,057 [EventQueue-ContainerReportForContainerReportHandler] WARN  container.ContainerReportHandler (AbstractContainerReportHandler.java:updateContainerState(145)) - Container #1 is in OPEN state, but the datanode 217b40b1-6496-41ee-9e5f-1bb61aa45139{ip: 192.168.157.252, host: pr-hdds-1643-qwrct-1900426900, networkLocation: /default-rack, certSerialId: null} reports an CLOSED replica.
2019-11-05 11:09:02,260 [EventQueue-ContainerReportForContainerReportHandler] WARN  container.ContainerReportHandler (AbstractContainerReportHandler.java:updateContainerState(145)) - Container #1 is in OPEN state, but the datanode 69837c10-b6a5-4691-9f82-b2bf7c109e66{ip: 192.168.157.252, host: pr-hdds-1643-qwrct-1900426900, networkLocation: /default-rack, certSerialId: null} reports an CLOSED replica.
2019-11-05 11:09:02,361 [BlockDeletingService#2] WARN  background.BlockDeletingService (BlockDeletingService.java:isDeletionAllowed(187)) - Close Container log Index 6 is not replicated across allthe servers in the pipeline a8186365-22ae-4f7f-97bd-fd4a39ce61da as the min replicated index is 4. Deletion is not allowed in this container yet.
2019-11-05 11:09:02,362 [EventQueue-ContainerReportForContainerReportHandler] WARN  container.ContainerReportHandler (AbstractContainerReportHandler.java:updateContainerState(145)) - Container #1 is in OPEN state, but the datanode 217b40b1-6496-41ee-9e5f-1bb61aa45139{ip: 192.168.157.252, host: pr-hdds-1643-qwrct-1900426900, networkLocation: /default-rack, certSerialId: null} reports an CLOSED replica.
2019-11-05 11:09:02,397 [BlockDeletingService#2] WARN  background.BlockDeletingService (BlockDeletingService.java:isDeletionAllowed(187)) - Close Container log Index 6 is not replicated across allthe servers in the pipeline a8186365-22ae-4f7f-97bd-fd4a39ce61da as the min replicated index is 4. Deletion is not allowed in this container yet.
2019-11-05 11:09:02,557 [EventQueue-ContainerReportForContainerReportHandler] WARN  container.ContainerReportHandler (AbstractContainerReportHandler.java:updateContainerState(145)) - Container #1 is in OPEN state, but the datanode 217b40b1-6496-41ee-9e5f-1bb61aa45139{ip: 192.168.157.252, host: pr-hdds-1643-qwrct-1900426900, networkLocation: /default-rack, certSerialId: null} reports an CLOSED replica.
2019-11-05 11:09:02,664 [EventQueue-ContainerReportForContainerReportHandler] WARN  container.ContainerReportHandler (AbstractContainerReportHandler.java:updateContainerState(145)) - Container #1 is in OPEN state, but the datanode 69837c10-b6a5-4691-9f82-b2bf7c109e66{ip: 192.168.157.252, host: pr-hdds-1643-qwrct-1900426900, networkLocation: /default-rack, certSerialId: null} reports an CLOSED replica.
2019-11-05 11:09:02,863 [EventQueue-ContainerReportForContainerReportHandler] WARN  container.ContainerReportHandler (AbstractContainerReportHandler.java:updateContainerState(145)) - Container #1 is in OPEN state, but the datanode 69837c10-b6a5-4691-9f82-b2bf7c109e66{ip: 192.168.157.252, host: pr-hdds-1643-qwrct-1900426900, networkLocation: /default-rack, certSerialId: null} reports an CLOSED replica.
2019-11-05 11:09:02,994 [EventQueue-ContainerReportForContainerReportHandler] WARN  container.ContainerReportHandler (AbstractContainerReportHandler.java:updateContainerState(145)) - Container #1 is in OPEN state, but the datanode 217b40b1-6496-41ee-9e5f-1bb61aa45139{ip: 192.168.157.252, host: pr-hdds-1643-qwrct-1900426900, networkLocation: /default-rack, certSerialId: null} reports an CLOSED replica.
2019-11-05 11:09:03,177 [EventQueue-ContainerReportForContainerReportHandler] WARN  container.ContainerReportHandler (AbstractContainerReportHandler.java:updateContainerState(145)) - Container #1 is in OPEN state, but the datanode 69837c10-b6a5-4691-9f82-b2bf7c109e66{ip: 192.168.157.252, host: pr-hdds-1643-qwrct-1900426900, networkLocation: /default-rack, certSerialId: null} reports an CLOSED replica.
2019-11-05 11:09:03,363 [BlockDeletingService#2] WARN  background.BlockDeletingService (BlockDeletingService.java:isDeletionAllowed(187)) - Close Container log Index 6 is not replicated across allthe servers in the pipeline a8186365-22ae-4f7f-97bd-fd4a39ce61da as the min replicated index is 4. Deletion is not allowed in this container yet.
2019-11-05 11:09:03,368 [EventQueue-ContainerReportForContainerReportHandler] WARN  container.ContainerReportHandler (AbstractContainerReportHandler.java:updateContainerState(145)) - Container #1 is in OPEN state, but the datanode 217b40b1-6496-41ee-9e5f-1bb61aa45139{ip: 192.168.157.252, host: pr-hdds-1643-qwrct-1900426900, networkLocation: /default-rack, certSerialId: null} reports an CLOSED replica.
2019-11-05 11:09:03,399 [BlockDeletingService#2] WARN  background.BlockDeletingService (BlockDeletingService.java:isDeletionAllowed(187)) - Close Container log Index 6 is not replicated across allthe servers in the pipeline a8186365-22ae-4f7f-97bd-fd4a39ce61da as the min replicated index is 4. Deletion is not allowed in this container yet.
2019-11-05 11:09:03,558 [EventQueue-ContainerReportForContainerReportHandler] WARN  container.ContainerReportHandler (AbstractContainerReportHandler.java:updateContainerState(145)) - Container #1 is in OPEN state, but the datanode 217b40b1-6496-41ee-9e5f-1bb61aa45139{ip: 192.168.157.252, host: pr-hdds-1643-qwrct-1900426900, networkLocation: /default-rack, certSerialId: null} reports an CLOSED replica.
2019-11-05 11:09:03,578 [EventQueue-ContainerReportForContainerReportHandler] WARN  container.ContainerReportHandler (AbstractContainerReportHandler.java:updateContainerState(145)) - Container #1 is in OPEN state, but the datanode 69837c10-b6a5-4691-9f82-b2bf7c109e66{ip: 192.168.157.252, host: pr-hdds-1643-qwrct-1900426900, networkLocation: /default-rack, certSerialId: null} reports an CLOSED replica.
2019-11-05 11:09:03,804 [java.util.concurrent.ThreadPoolExecutor$Worker@5b207bf4[State = -1, empty queue]] WARN  server.GrpcLogAppender (GrpcLogAppender.java:timeoutAppendRequest(209)) - 217b40b1-6496-41ee-9e5f-1bb61aa45139@group-FD4A39CE61DA->b4fa652e-9609-43ae-a5da-dbaebd8b3d71-GrpcLogAppender: appendEntries Timeout, request=217b40b1-6496-41ee-9e5f-1bb61aa45139->b4fa652e-9609-43ae-a5da-dbaebd8b3d71#36-t1, previous=(t:1, i:10), leaderCommit=10, initializing? false, entries: <empty>
2019-11-05 11:09:03,858 [EventQueue-ContainerReportForContainerReportHandler] WARN  container.ContainerReportHandler (AbstractContainerReportHandler.java:updateContainerState(145)) - Container #1 is in OPEN state, but the datanode 217b40b1-6496-41ee-9e5f-1bb61aa45139{ip: 192.168.157.252, host: pr-hdds-1643-qwrct-1900426900, networkLocation: /default-rack, certSerialId: null} reports an CLOSED replica.
2019-11-05 11:09:03,980 [EventQueue-ContainerReportForContainerReportHandler] WARN  container.ContainerReportHandler (AbstractContainerReportHandler.java:updateContainerState(145)) - Container #1 is in OPEN state, but the datanode 69837c10-b6a5-4691-9f82-b2bf7c109e66{ip: 192.168.157.252, host: pr-hdds-1643-qwrct-1900426900, networkLocation: /default-rack, certSerialId: null} reports an CLOSED replica.
2019-11-05 11:09:04,159 [EventQueue-ContainerReportForContainerReportHandler] WARN  container.ContainerReportHandler (AbstractContainerReportHandler.java:updateContainerState(145)) - Container #1 is in OPEN state, but the datanode 217b40b1-6496-41ee-9e5f-1bb61aa45139{ip: 192.168.157.252, host: pr-hdds-1643-qwrct-1900426900, networkLocation: /default-rack, certSerialId: null} reports an CLOSED replica.
2019-11-05 11:09:04,279 [EventQueue-ContainerReportForContainerReportHandler] WARN  container.ContainerReportHandler (AbstractContainerReportHandler.java:updateContainerState(145)) - Container #1 is in OPEN state, but the datanode 69837c10-b6a5-4691-9f82-b2bf7c109e66{ip: 192.168.157.252, host: pr-hdds-1643-qwrct-1900426900, networkLocation: /default-rack, certSerialId: null} reports an CLOSED replica.
2019-11-05 11:09:04,364 [BlockDeletingService#2] WARN  background.BlockDeletingService (BlockDeletingService.java:isDeletionAllowed(187)) - Close Container log Index 6 is not replicated across allthe servers in the pipeline a8186365-22ae-4f7f-97bd-fd4a39ce61da as the min replicated index is 4. Deletion is not allowed in this container yet.
2019-11-05 11:09:04,400 [BlockDeletingService#9] WARN  background.BlockDeletingService (BlockDeletingService.java:isDeletionAllowed(187)) - Close Container log Index 6 is not replicated across allthe servers in the pipeline a8186365-22ae-4f7f-97bd-fd4a39ce61da as the min replicated index is 4. Deletion is not allowed in this container yet.
2019-11-05 11:09:04,467 [EventQueue-ContainerReportForContainerReportHandler] WARN  container.ContainerReportHandler (AbstractContainerReportHandler.java:updateContainerState(145)) - Container #1 is in OPEN state, but the datanode 217b40b1-6496-41ee-9e5f-1bb61aa45139{ip: 192.168.157.252, host: pr-hdds-1643-qwrct-1900426900, networkLocation: /default-rack, certSerialId: null} reports an CLOSED replica.
2019-11-05 11:09:04,479 [EventQueue-ContainerReportForContainerReportHandler] WARN  container.ContainerReportHandler (AbstractContainerReportHandler.java:updateContainerState(145)) - Container #1 is in OPEN state, but the datanode 69837c10-b6a5-4691-9f82-b2bf7c109e66{ip: 192.168.157.252, host: pr-hdds-1643-qwrct-1900426900, networkLocation: /default-rack, certSerialId: null} reports an CLOSED replica.
2019-11-05 11:09:04,662 [EventQueue-ContainerReportForContainerReportHandler] WARN  container.ContainerReportHandler (AbstractContainerReportHandler.java:updateContainerState(145)) - Container #1 is in OPEN state, but the datanode 217b40b1-6496-41ee-9e5f-1bb61aa45139{ip: 192.168.157.252, host: pr-hdds-1643-qwrct-1900426900, networkLocation: /default-rack, certSerialId: null} reports an CLOSED replica.
2019-11-05 11:09:04,780 [EventQueue-ContainerReportForContainerReportHandler] WARN  container.ContainerReportHandler (AbstractContainerReportHandler.java:updateContainerState(145)) - Container #1 is in OPEN state, but the datanode 69837c10-b6a5-4691-9f82-b2bf7c109e66{ip: 192.168.157.252, host: pr-hdds-1643-qwrct-1900426900, networkLocation: /default-rack, certSerialId: null} reports an CLOSED replica.
2019-11-05 11:09:04,963 [EventQueue-ContainerReportForContainerReportHandler] WARN  container.ContainerReportHandler (AbstractContainerReportHandler.java:updateContainerState(145)) - Container #1 is in OPEN state, but the datanode 217b40b1-6496-41ee-9e5f-1bb61aa45139{ip: 192.168.157.252, host: pr-hdds-1643-qwrct-1900426900, networkLocation: /default-rack, certSerialId: null} reports an CLOSED replica.
2019-11-05 11:09:05,083 [EventQueue-ContainerReportForContainerReportHandler] WARN  container.ContainerReportHandler (AbstractContainerReportHandler.java:updateContainerState(145)) - Container #1 is in OPEN state, but the datanode 69837c10-b6a5-4691-9f82-b2bf7c109e66{ip: 192.168.157.252, host: pr-hdds-1643-qwrct-1900426900, networkLocation: /default-rack, certSerialId: null} reports an CLOSED replica.
2019-11-05 11:09:05,162 [EventQueue-ContainerReportForContainerReportHandler] WARN  container.ContainerReportHandler (AbstractContainerReportHandler.java:updateContainerState(145)) - Container #1 is in OPEN state, but the datanode 217b40b1-6496-41ee-9e5f-1bb61aa45139{ip: 192.168.157.252, host: pr-hdds-1643-qwrct-1900426900, networkLocation: /default-rack, certSerialId: null} reports an CLOSED replica.
2019-11-05 11:09:05,366 [BlockDeletingService#2] WARN  background.BlockDeletingService (BlockDeletingService.java:isDeletionAllowed(187)) - Close Container log Index 6 is not replicated across allthe servers in the pipeline a8186365-22ae-4f7f-97bd-fd4a39ce61da as the min replicated index is 4. Deletion is not allowed in this container yet.
2019-11-05 11:09:05,402 [BlockDeletingService#9] WARN  background.BlockDeletingService (BlockDeletingService.java:isDeletionAllowed(187)) - Close Container log Index 6 is not replicated across allthe servers in the pipeline a8186365-22ae-4f7f-97bd-fd4a39ce61da as the min replicated index is 4. Deletion is not allowed in this container yet.
2019-11-05 11:09:05,407 [EventQueue-ContainerReportForContainerReportHandler] WARN  container.ContainerReportHandler (AbstractContainerReportHandler.java:updateContainerState(145)) - Container #1 is in OPEN state, but the datanode 69837c10-b6a5-4691-9f82-b2bf7c109e66{ip: 192.168.157.252, host: pr-hdds-1643-qwrct-1900426900, networkLocation: /default-rack, certSerialId: null} reports an CLOSED replica.
2019-11-05 11:09:05,473 [EventQueue-ContainerReportForContainerReportHandler] WARN  container.ContainerReportHandler (AbstractContainerReportHandler.java:updateContainerState(145)) - Container #1 is in OPEN state, but the datanode 217b40b1-6496-41ee-9e5f-1bb61aa45139{ip: 192.168.157.252, host: pr-hdds-1643-qwrct-1900426900, networkLocation: /default-rack, certSerialId: null} reports an CLOSED replica.
2019-11-05 11:09:05,619 [EventQueue-ContainerReportForContainerReportHandler] WARN  container.ContainerReportHandler (AbstractContainerReportHandler.java:updateContainerState(145)) - Container #1 is in OPEN state, but the datanode 69837c10-b6a5-4691-9f82-b2bf7c109e66{ip: 192.168.157.252, host: pr-hdds-1643-qwrct-1900426900, networkLocation: /default-rack, certSerialId: null} reports an CLOSED replica.
2019-11-05 11:09:05,791 [EventQueue-ContainerReportForContainerReportHandler] WARN  container.ContainerReportHandler (AbstractContainerReportHandler.java:updateContainerState(145)) - Container #1 is in OPEN state, but the datanode 217b40b1-6496-41ee-9e5f-1bb61aa45139{ip: 192.168.157.252, host: pr-hdds-1643-qwrct-1900426900, networkLocation: /default-rack, certSerialId: null} reports an CLOSED replica.
2019-11-05 11:09:06,036 [EventQueue-ContainerReportForContainerReportHandler] WARN  container.ContainerReportHandler (AbstractContainerReportHandler.java:updateContainerState(145)) - Container #1 is in OPEN state, but the datanode 69837c10-b6a5-4691-9f82-b2bf7c109e66{ip: 192.168.157.252, host: pr-hdds-1643-qwrct-1900426900, networkLocation: /default-rack, certSerialId: null} reports an CLOSED replica.
2019-11-05 11:09:06,195 [EventQueue-ContainerReportForContainerReportHandler] WARN  container.ContainerReportHandler (AbstractContainerReportHandler.java:updateContainerState(145)) - Container #1 is in OPEN state, but the datanode 217b40b1-6496-41ee-9e5f-1bb61aa45139{ip: 192.168.157.252, host: pr-hdds-1643-qwrct-1900426900, networkLocation: /default-rack, certSerialId: null} reports an CLOSED replica.
2019-11-05 11:09:06,304 [java.util.concurrent.ThreadPoolExecutor$Worker@5b207bf4[State = -1, empty queue]] WARN  server.GrpcLogAppender (GrpcLogAppender.java:timeoutAppendRequest(209)) - 217b40b1-6496-41ee-9e5f-1bb61aa45139@group-FD4A39CE61DA->b4fa652e-9609-43ae-a5da-dbaebd8b3d71-GrpcLogAppender: appendEntries Timeout, request=217b40b1-6496-41ee-9e5f-1bb61aa45139->b4fa652e-9609-43ae-a5da-dbaebd8b3d71#37-t1, previous=(t:1, i:10), leaderCommit=10, initializing? false, entries: <empty>
2019-11-05 11:09:06,334 [EventQueue-ContainerReportForContainerReportHandler] WARN  container.ContainerReportHandler (AbstractContainerReportHandler.java:updateContainerState(145)) - Container #1 is in OPEN state, but the datanode 69837c10-b6a5-4691-9f82-b2bf7c109e66{ip: 192.168.157.252, host: pr-hdds-1643-qwrct-1900426900, networkLocation: /default-rack, certSerialId: null} reports an CLOSED replica.
2019-11-05 11:09:06,368 [BlockDeletingService#2] WARN  background.BlockDeletingService (BlockDeletingService.java:isDeletionAllowed(187)) - Close Container log Index 6 is not replicated across allthe servers in the pipeline a8186365-22ae-4f7f-97bd-fd4a39ce61da as the min replicated index is 4. Deletion is not allowed in this container yet.
2019-11-05 11:09:06,403 [BlockDeletingService#9] WARN  background.BlockDeletingService (BlockDeletingService.java:isDeletionAllowed(187)) - Close Container log Index 6 is not replicated across allthe servers in the pipeline a8186365-22ae-4f7f-97bd-fd4a39ce61da as the min replicated index is 4. Deletion is not allowed in this container yet.
2019-11-05 11:09:06,495 [EventQueue-ContainerReportForContainerReportHandler] WARN  container.ContainerReportHandler (AbstractContainerReportHandler.java:updateContainerState(145)) - Container #1 is in OPEN state, but the datanode 217b40b1-6496-41ee-9e5f-1bb61aa45139{ip: 192.168.157.252, host: pr-hdds-1643-qwrct-1900426900, networkLocation: /default-rack, certSerialId: null} reports an CLOSED replica.
2019-11-05 11:09:06,633 [EventQueue-ContainerReportForContainerReportHandler] WARN  container.ContainerReportHandler (AbstractContainerReportHandler.java:updateContainerState(145)) - Container #1 is in OPEN state, but the datanode 69837c10-b6a5-4691-9f82-b2bf7c109e66{ip: 192.168.157.252, host: pr-hdds-1643-qwrct-1900426900, networkLocation: /default-rack, certSerialId: null} reports an CLOSED replica.
2019-11-05 11:09:06,696 [EventQueue-ContainerReportForContainerReportHandler] WARN  container.ContainerReportHandler (AbstractContainerReportHandler.java:updateContainerState(145)) - Container #1 is in OPEN state, but the datanode 217b40b1-6496-41ee-9e5f-1bb61aa45139{ip: 192.168.157.252, host: pr-hdds-1643-qwrct-1900426900, networkLocation: /default-rack, certSerialId: null} reports an CLOSED replica.
2019-11-05 11:09:06,935 [EventQueue-ContainerReportForContainerReportHandler] WARN  container.ContainerReportHandler (AbstractContainerReportHandler.java:updateContainerState(145)) - Container #1 is in OPEN state, but the datanode 69837c10-b6a5-4691-9f82-b2bf7c109e66{ip: 192.168.157.252, host: pr-hdds-1643-qwrct-1900426900, networkLocation: /default-rack, certSerialId: null} reports an CLOSED replica.
2019-11-05 11:09:06,997 [EventQueue-ContainerReportForContainerReportHandler] WARN  container.ContainerReportHandler (AbstractContainerReportHandler.java:updateContainerState(145)) - Container #1 is in OPEN state, but the datanode 217b40b1-6496-41ee-9e5f-1bb61aa45139{ip: 192.168.157.252, host: pr-hdds-1643-qwrct-1900426900, networkLocation: /default-rack, certSerialId: null} reports an CLOSED replica.
2019-11-05 11:09:07,136 [EventQueue-ContainerReportForContainerReportHandler] WARN  container.ContainerReportHandler (AbstractContainerReportHandler.java:updateContainerState(145)) - Container #1 is in OPEN state, but the datanode 69837c10-b6a5-4691-9f82-b2bf7c109e66{ip: 192.168.157.252, host: pr-hdds-1643-qwrct-1900426900, networkLocation: /default-rack, certSerialId: null} reports an CLOSED replica.
2019-11-05 11:09:07,197 [EventQueue-ContainerReportForContainerReportHandler] WARN  container.ContainerReportHandler (AbstractContainerReportHandler.java:updateContainerState(145)) - Container #1 is in OPEN state, but the datanode 217b40b1-6496-41ee-9e5f-1bb61aa45139{ip: 192.168.157.252, host: pr-hdds-1643-qwrct-1900426900, networkLocation: /default-rack, certSerialId: null} reports an CLOSED replica.
2019-11-05 11:09:07,336 [EventQueue-ContainerReportForContainerReportHandler] WARN  container.ContainerReportHandler (AbstractContainerReportHandler.java:updateContainerState(145)) - Container #1 is in OPEN state, but the datanode 69837c10-b6a5-4691-9f82-b2bf7c109e66{ip: 192.168.157.252, host: pr-hdds-1643-qwrct-1900426900, networkLocation: /default-rack, certSerialId: null} reports an CLOSED replica.
2019-11-05 11:09:07,369 [BlockDeletingService#2] WARN  background.BlockDeletingService (BlockDeletingService.java:isDeletionAllowed(187)) - Close Container log Index 6 is not replicated across allthe servers in the pipeline a8186365-22ae-4f7f-97bd-fd4a39ce61da as the min replicated index is 4. Deletion is not allowed in this container yet.
2019-11-05 11:09:07,406 [BlockDeletingService#9] WARN  background.BlockDeletingService (BlockDeletingService.java:isDeletionAllowed(187)) - Close Container log Index 6 is not replicated across allthe servers in the pipeline a8186365-22ae-4f7f-97bd-fd4a39ce61da as the min replicated index is 4. Deletion is not allowed in this container yet.
2019-11-05 11:09:07,499 [EventQueue-ContainerReportForContainerReportHandler] WARN  container.ContainerReportHandler (AbstractContainerReportHandler.java:updateContainerState(145)) - Container #1 is in OPEN state, but the datanode 217b40b1-6496-41ee-9e5f-1bb61aa45139{ip: 192.168.157.252, host: pr-hdds-1643-qwrct-1900426900, networkLocation: /default-rack, certSerialId: null} reports an CLOSED replica.
2019-11-05 11:09:07,636 [EventQueue-ContainerReportForContainerReportHandler] WARN  container.ContainerReportHandler (AbstractContainerReportHandler.java:updateContainerState(145)) - Container #1 is in OPEN state, but the datanode 69837c10-b6a5-4691-9f82-b2bf7c109e66{ip: 192.168.157.252, host: pr-hdds-1643-qwrct-1900426900, networkLocation: /default-rack, certSerialId: null} reports an CLOSED replica.
2019-11-05 11:09:07,799 [EventQueue-ContainerReportForContainerReportHandler] WARN  container.ContainerReportHandler (AbstractContainerReportHandler.java:updateContainerState(145)) - Container #1 is in OPEN state, but the datanode 217b40b1-6496-41ee-9e5f-1bb61aa45139{ip: 192.168.157.252, host: pr-hdds-1643-qwrct-1900426900, networkLocation: /default-rack, certSerialId: null} reports an CLOSED replica.
2019-11-05 11:09:07,936 [EventQueue-ContainerReportForContainerReportHandler] WARN  container.ContainerReportHandler (AbstractContainerReportHandler.java:updateContainerState(145)) - Container #1 is in OPEN state, but the datanode 69837c10-b6a5-4691-9f82-b2bf7c109e66{ip: 192.168.157.252, host: pr-hdds-1643-qwrct-1900426900, networkLocation: /default-rack, certSerialId: null} reports an CLOSED replica.
2019-11-05 11:09:07,963 [Thread-414] INFO  client.GrpcClientProtocolService (GrpcClientProtocolService.java:lambda$processClientRequest$0(278)) - Failed RaftClientRequest:client-37A56D8DDB63->69837c10-b6a5-4691-9f82-b2bf7c109e66@group-FD4A39CE61DA, cid=10, seq=0, Watch-ALL_COMMITTED(6), Message:<EMPTY>, reply=RaftClientReply:client-37A56D8DDB63->69837c10-b6a5-4691-9f82-b2bf7c109e66@group-FD4A39CE61DA, cid=10, FAILED org.apache.ratis.protocol.NotLeaderException: Server 69837c10-b6a5-4691-9f82-b2bf7c109e66@group-FD4A39CE61DA is not the leader 217b40b1-6496-41ee-9e5f-1bb61aa45139:192.168.157.252:40951, logIndex=0, commits[69837c10-b6a5-4691-9f82-b2bf7c109e66:c10, 217b40b1-6496-41ee-9e5f-1bb61aa45139:c10, b4fa652e-9609-43ae-a5da-dbaebd8b3d71:c4]
2019-11-05 11:09:08,115 [EventQueue-ContainerReportForContainerReportHandler] WARN  container.ContainerReportHandler (AbstractContainerReportHandler.java:updateContainerState(145)) - Container #1 is in OPEN state, but the datanode 217b40b1-6496-41ee-9e5f-1bb61aa45139{ip: 192.168.157.252, host: pr-hdds-1643-qwrct-1900426900, networkLocation: /default-rack, certSerialId: null} reports an CLOSED replica.
2019-11-05 11:09:08,240 [EventQueue-ContainerReportForContainerReportHandler] WARN  container.ContainerReportHandler (AbstractContainerReportHandler.java:updateContainerState(145)) - Container #1 is in OPEN state, but the datanode 69837c10-b6a5-4691-9f82-b2bf7c109e66{ip: 192.168.157.252, host: pr-hdds-1643-qwrct-1900426900, networkLocation: /default-rack, certSerialId: null} reports an CLOSED replica.
2019-11-05 11:09:08,318 [EventQueue-ContainerReportForContainerReportHandler] WARN  container.ContainerReportHandler (AbstractContainerReportHandler.java:updateContainerState(145)) - Container #1 is in OPEN state, but the datanode 217b40b1-6496-41ee-9e5f-1bb61aa45139{ip: 192.168.157.252, host: pr-hdds-1643-qwrct-1900426900, networkLocation: /default-rack, certSerialId: null} reports an CLOSED replica.
2019-11-05 11:09:08,371 [BlockDeletingService#2] WARN  background.BlockDeletingService (BlockDeletingService.java:isDeletionAllowed(187)) - Close Container log Index 6 is not replicated across allthe servers in the pipeline a8186365-22ae-4f7f-97bd-fd4a39ce61da as the min replicated index is 4. Deletion is not allowed in this container yet.
2019-11-05 11:09:08,409 [BlockDeletingService#9] WARN  background.BlockDeletingService (BlockDeletingService.java:isDeletionAllowed(187)) - Close Container log Index 6 is not replicated across allthe servers in the pipeline a8186365-22ae-4f7f-97bd-fd4a39ce61da as the min replicated index is 4. Deletion is not allowed in this container yet.
2019-11-05 11:09:08,564 [EventQueue-ContainerReportForContainerReportHandler] WARN  container.ContainerReportHandler (AbstractContainerReportHandler.java:updateContainerState(145)) - Container #1 is in OPEN state, but the datanode 69837c10-b6a5-4691-9f82-b2bf7c109e66{ip: 192.168.157.252, host: pr-hdds-1643-qwrct-1900426900, networkLocation: /default-rack, certSerialId: null} reports an CLOSED replica.
2019-11-05 11:09:08,719 [EventQueue-ContainerReportForContainerReportHandler] WARN  container.ContainerReportHandler (AbstractContainerReportHandler.java:updateContainerState(145)) - Container #1 is in OPEN state, but the datanode 217b40b1-6496-41ee-9e5f-1bb61aa45139{ip: 192.168.157.252, host: pr-hdds-1643-qwrct-1900426900, networkLocation: /default-rack, certSerialId: null} reports an CLOSED replica.
2019-11-05 11:09:08,755 [EventQueue-ContainerReportForContainerReportHandler] WARN  container.ContainerReportHandler (AbstractContainerReportHandler.java:updateContainerState(145)) - Container #1 is in OPEN state, but the datanode 69837c10-b6a5-4691-9f82-b2bf7c109e66{ip: 192.168.157.252, host: pr-hdds-1643-qwrct-1900426900, networkLocation: /default-rack, certSerialId: null} reports an CLOSED replica.
2019-11-05 11:09:08,805 [java.util.concurrent.ThreadPoolExecutor$Worker@5b207bf4[State = -1, empty queue]] WARN  server.GrpcLogAppender (GrpcLogAppender.java:timeoutAppendRequest(209)) - 217b40b1-6496-41ee-9e5f-1bb61aa45139@group-FD4A39CE61DA->b4fa652e-9609-43ae-a5da-dbaebd8b3d71-GrpcLogAppender: appendEntries Timeout, request=217b40b1-6496-41ee-9e5f-1bb61aa45139->b4fa652e-9609-43ae-a5da-dbaebd8b3d71#38-t1, previous=(t:1, i:10), leaderCommit=10, initializing? false, entries: <empty>
2019-11-05 11:09:08,924 [EventQueue-ContainerReportForContainerReportHandler] WARN  container.ContainerReportHandler (AbstractContainerReportHandler.java:updateContainerState(145)) - Container #1 is in OPEN state, but the datanode 217b40b1-6496-41ee-9e5f-1bb61aa45139{ip: 192.168.157.252, host: pr-hdds-1643-qwrct-1900426900, networkLocation: /default-rack, certSerialId: null} reports an CLOSED replica.
2019-11-05 11:09:09,057 [EventQueue-ContainerReportForContainerReportHandler] WARN  container.ContainerReportHandler (AbstractContainerReportHandler.java:updateContainerState(145)) - Container #1 is in OPEN state, but the datanode 69837c10-b6a5-4691-9f82-b2bf7c109e66{ip: 192.168.157.252, host: pr-hdds-1643-qwrct-1900426900, networkLocation: /default-rack, certSerialId: null} reports an CLOSED replica.
2019-11-05 11:09:09,118 [EventQueue-ContainerReportForContainerReportHandler] WARN  container.ContainerReportHandler (AbstractContainerReportHandler.java:updateContainerState(145)) - Container #1 is in OPEN state, but the datanode 217b40b1-6496-41ee-9e5f-1bb61aa45139{ip: 192.168.157.252, host: pr-hdds-1643-qwrct-1900426900, networkLocation: /default-rack, certSerialId: null} reports an CLOSED replica.
2019-11-05 11:09:09,356 [EventQueue-ContainerReportForContainerReportHandler] WARN  container.ContainerReportHandler (AbstractContainerReportHandler.java:updateContainerState(145)) - Container #1 is in OPEN state, but the datanode 69837c10-b6a5-4691-9f82-b2bf7c109e66{ip: 192.168.157.252, host: pr-hdds-1643-qwrct-1900426900, networkLocation: /default-rack, certSerialId: null} reports an CLOSED replica.
2019-11-05 11:09:09,377 [BlockDeletingService#2] WARN  background.BlockDeletingService (BlockDeletingService.java:isDeletionAllowed(187)) - Close Container log Index 6 is not replicated across allthe servers in the pipeline a8186365-22ae-4f7f-97bd-fd4a39ce61da as the min replicated index is 4. Deletion is not allowed in this container yet.
2019-11-05 11:09:09,412 [BlockDeletingService#9] WARN  background.BlockDeletingService (BlockDeletingService.java:isDeletionAllowed(187)) - Close Container log Index 6 is not replicated across allthe servers in the pipeline a8186365-22ae-4f7f-97bd-fd4a39ce61da as the min replicated index is 4. Deletion is not allowed in this container yet.
2019-11-05 11:09:09,519 [EventQueue-ContainerReportForContainerReportHandler] WARN  container.ContainerReportHandler (AbstractContainerReportHandler.java:updateContainerState(145)) - Container #1 is in OPEN state, but the datanode 217b40b1-6496-41ee-9e5f-1bb61aa45139{ip: 192.168.157.252, host: pr-hdds-1643-qwrct-1900426900, networkLocation: /default-rack, certSerialId: null} reports an CLOSED replica.
2019-11-05 11:09:09,584 [Thread-422] INFO  client.GrpcClientProtocolService (GrpcClientProtocolService.java:lambda$processClientRequest$0(278)) - Failed RaftClientRequest:client-37A56D8DDB63->217b40b1-6496-41ee-9e5f-1bb61aa45139@group-FD4A39CE61DA, cid=10, seq=0, Watch-ALL_COMMITTED(6), Message:<EMPTY>, reply=RaftClientReply:client-37A56D8DDB63->217b40b1-6496-41ee-9e5f-1bb61aa45139@group-FD4A39CE61DA, cid=10, FAILED org.apache.ratis.protocol.NotReplicatedException: Request with call Id 10 and log index 6 is not yet replicated to ALL_COMMITTED, logIndex=6, commits[217b40b1-6496-41ee-9e5f-1bb61aa45139:c10, 69837c10-b6a5-4691-9f82-b2bf7c109e66:c10, b4fa652e-9609-43ae-a5da-dbaebd8b3d71:c4]
2019-11-05 11:09:09,661 [EventQueue-ContainerReportForContainerReportHandler] WARN  container.ContainerReportHandler (AbstractContainerReportHandler.java:updateContainerState(145)) - Container #1 is in OPEN state, but the datanode 69837c10-b6a5-4691-9f82-b2bf7c109e66{ip: 192.168.157.252, host: pr-hdds-1643-qwrct-1900426900, networkLocation: /default-rack, certSerialId: null} reports an CLOSED replica.
2019-11-05 11:09:09,754 [EventQueue-ContainerReportForContainerReportHandler] WARN  container.ContainerReportHandler (AbstractContainerReportHandler.java:updateContainerState(145)) - Container #1 is in OPEN state, but the datanode 217b40b1-6496-41ee-9e5f-1bb61aa45139{ip: 192.168.157.252, host: pr-hdds-1643-qwrct-1900426900, networkLocation: /default-rack, certSerialId: null} reports an CLOSED replica.
2019-11-05 11:09:09,935 [EventQueue-ContainerReportForContainerReportHandler] WARN  container.ContainerReportHandler (AbstractContainerReportHandler.java:updateContainerState(145)) - Container #1 is in OPEN state, but the datanode 217b40b1-6496-41ee-9e5f-1bb61aa45139{ip: 192.168.157.252, host: pr-hdds-1643-qwrct-1900426900, networkLocation: /default-rack, certSerialId: null} reports an CLOSED replica.
2019-11-05 11:09:10,056 [EventQueue-ContainerReportForContainerReportHandler] WARN  container.ContainerReportHandler (AbstractContainerReportHandler.java:updateContainerState(145)) - Container #1 is in OPEN state, but the datanode 69837c10-b6a5-4691-9f82-b2bf7c109e66{ip: 192.168.157.252, host: pr-hdds-1643-qwrct-1900426900, networkLocation: /default-rack, certSerialId: null} reports an CLOSED replica.
2019-11-05 11:09:10,235 [EventQueue-ContainerReportForContainerReportHandler] WARN  container.ContainerReportHandler (AbstractContainerReportHandler.java:updateContainerState(145)) - Container #1 is in OPEN state, but the datanode 217b40b1-6496-41ee-9e5f-1bb61aa45139{ip: 192.168.157.252, host: pr-hdds-1643-qwrct-1900426900, networkLocation: /default-rack, certSerialId: null} reports an CLOSED replica.
2019-11-05 11:09:10,256 [EventQueue-ContainerReportForContainerReportHandler] WARN  container.ContainerReportHandler (AbstractContainerReportHandler.java:updateContainerState(145)) - Container #1 is in OPEN state, but the datanode 69837c10-b6a5-4691-9f82-b2bf7c109e66{ip: 192.168.157.252, host: pr-hdds-1643-qwrct-1900426900, networkLocation: /default-rack, certSerialId: null} reports an CLOSED replica.
2019-11-05 11:09:10,432 [BlockDeletingService#2] WARN  background.BlockDeletingService (BlockDeletingService.java:isDeletionAllowed(187)) - Close Container log Index 6 is not replicated across allthe servers in the pipeline a8186365-22ae-4f7f-97bd-fd4a39ce61da as the min replicated index is 4. Deletion is not allowed in this container yet.
2019-11-05 11:09:10,458 [EventQueue-ContainerReportForContainerReportHandler] WARN  container.ContainerReportHandler (AbstractContainerReportHandler.java:updateContainerState(145)) - Container #1 is in OPEN state, but the datanode 69837c10-b6a5-4691-9f82-b2bf7c109e66{ip: 192.168.157.252, host: pr-hdds-1643-qwrct-1900426900, networkLocation: /default-rack, certSerialId: null} reports an CLOSED replica.
2019-11-05 11:09:10,462 [BlockDeletingService#9] WARN  background.BlockDeletingService (BlockDeletingService.java:isDeletionAllowed(187)) - Close Container log Index 6 is not replicated across allthe servers in the pipeline a8186365-22ae-4f7f-97bd-fd4a39ce61da as the min replicated index is 4. Deletion is not allowed in this container yet.
2019-11-05 11:09:10,561 [EventQueue-ContainerReportForContainerReportHandler] WARN  container.ContainerReportHandler (AbstractContainerReportHandler.java:updateContainerState(145)) - Container #1 is in OPEN state, but the datanode 217b40b1-6496-41ee-9e5f-1bb61aa45139{ip: 192.168.157.252, host: pr-hdds-1643-qwrct-1900426900, networkLocation: /default-rack, certSerialId: null} reports an CLOSED replica.
2019-11-05 11:09:10,657 [EventQueue-ContainerReportForContainerReportHandler] WARN  container.ContainerReportHandler (AbstractContainerReportHandler.java:updateContainerState(145)) - Container #1 is in OPEN state, but the datanode 69837c10-b6a5-4691-9f82-b2bf7c109e66{ip: 192.168.157.252, host: pr-hdds-1643-qwrct-1900426900, networkLocation: /default-rack, certSerialId: null} reports an CLOSED replica.
2019-11-05 11:09:10,862 [EventQueue-ContainerReportForContainerReportHandler] WARN  container.ContainerReportHandler (AbstractContainerReportHandler.java:updateContainerState(145)) - Container #1 is in OPEN state, but the datanode 217b40b1-6496-41ee-9e5f-1bb61aa45139{ip: 192.168.157.252, host: pr-hdds-1643-qwrct-1900426900, networkLocation: /default-rack, certSerialId: null} reports an CLOSED replica.
2019-11-05 11:09:10,958 [EventQueue-ContainerReportForContainerReportHandler] WARN  container.ContainerReportHandler (AbstractContainerReportHandler.java:updateContainerState(145)) - Container #1 is in OPEN state, but the datanode 69837c10-b6a5-4691-9f82-b2bf7c109e66{ip: 192.168.157.252, host: pr-hdds-1643-qwrct-1900426900, networkLocation: /default-rack, certSerialId: null} reports an CLOSED replica.
2019-11-05 11:09:11,166 [EventQueue-ContainerReportForContainerReportHandler] WARN  container.ContainerReportHandler (AbstractContainerReportHandler.java:updateContainerState(145)) - Container #1 is in OPEN state, but the datanode 217b40b1-6496-41ee-9e5f-1bb61aa45139{ip: 192.168.157.252, host: pr-hdds-1643-qwrct-1900426900, networkLocation: /default-rack, certSerialId: null} reports an CLOSED replica.
2019-11-05 11:09:11,259 [EventQueue-ContainerReportForContainerReportHandler] WARN  container.ContainerReportHandler (AbstractContainerReportHandler.java:updateContainerState(145)) - Container #1 is in OPEN state, but the datanode 69837c10-b6a5-4691-9f82-b2bf7c109e66{ip: 192.168.157.252, host: pr-hdds-1643-qwrct-1900426900, networkLocation: /default-rack, certSerialId: null} reports an CLOSED replica.
2019-11-05 11:09:11,317 [java.util.concurrent.ThreadPoolExecutor$Worker@5b207bf4[State = -1, empty queue]] WARN  server.GrpcLogAppender (GrpcLogAppender.java:timeoutAppendRequest(209)) - 217b40b1-6496-41ee-9e5f-1bb61aa45139@group-FD4A39CE61DA->b4fa652e-9609-43ae-a5da-dbaebd8b3d71-GrpcLogAppender: appendEntries Timeout, request=217b40b1-6496-41ee-9e5f-1bb61aa45139->b4fa652e-9609-43ae-a5da-dbaebd8b3d71#39-t1, previous=(t:1, i:10), leaderCommit=10, initializing? false, entries: <empty>
2019-11-05 11:09:11,454 [BlockDeletingService#2] WARN  background.BlockDeletingService (BlockDeletingService.java:isDeletionAllowed(187)) - Close Container log Index 6 is not replicated across allthe servers in the pipeline a8186365-22ae-4f7f-97bd-fd4a39ce61da as the min replicated index is 4. Deletion is not allowed in this container yet.
2019-11-05 11:09:11,466 [EventQueue-ContainerReportForContainerReportHandler] WARN  container.ContainerReportHandler (AbstractContainerReportHandler.java:updateContainerState(145)) - Container #1 is in OPEN state, but the datanode 217b40b1-6496-41ee-9e5f-1bb61aa45139{ip: 192.168.157.252, host: pr-hdds-1643-qwrct-1900426900, networkLocation: /default-rack, certSerialId: null} reports an CLOSED replica.
2019-11-05 11:09:11,485 [BlockDeletingService#9] WARN  background.BlockDeletingService (BlockDeletingService.java:isDeletionAllowed(187)) - Close Container log Index 6 is not replicated across allthe servers in the pipeline a8186365-22ae-4f7f-97bd-fd4a39ce61da as the min replicated index is 4. Deletion is not allowed in this container yet.
2019-11-05 11:09:11,560 [EventQueue-ContainerReportForContainerReportHandler] WARN  container.ContainerReportHandler (AbstractContainerReportHandler.java:updateContainerState(145)) - Container #1 is in OPEN state, but the datanode 69837c10-b6a5-4691-9f82-b2bf7c109e66{ip: 192.168.157.252, host: pr-hdds-1643-qwrct-1900426900, networkLocation: /default-rack, certSerialId: null} reports an CLOSED replica.
2019-11-05 11:09:11,767 [EventQueue-ContainerReportForContainerReportHandler] WARN  container.ContainerReportHandler (AbstractContainerReportHandler.java:updateContainerState(145)) - Container #1 is in OPEN state, but the datanode 217b40b1-6496-41ee-9e5f-1bb61aa45139{ip: 192.168.157.252, host: pr-hdds-1643-qwrct-1900426900, networkLocation: /default-rack, certSerialId: null} reports an CLOSED replica.
2019-11-05 11:09:11,960 [EventQueue-ContainerReportForContainerReportHandler] WARN  container.ContainerReportHandler (AbstractContainerReportHandler.java:updateContainerState(145)) - Container #1 is in OPEN state, but the datanode 69837c10-b6a5-4691-9f82-b2bf7c109e66{ip: 192.168.157.252, host: pr-hdds-1643-qwrct-1900426900, networkLocation: /default-rack, certSerialId: null} reports an CLOSED replica.
2019-11-05 11:09:12,076 [EventQueue-ContainerReportForContainerReportHandler] WARN  container.ContainerReportHandler (AbstractContainerReportHandler.java:updateContainerState(145)) - Container #1 is in OPEN state, but the datanode 217b40b1-6496-41ee-9e5f-1bb61aa45139{ip: 192.168.157.252, host: pr-hdds-1643-qwrct-1900426900, networkLocation: /default-rack, certSerialId: null} reports an CLOSED replica.
2019-11-05 11:09:12,261 [EventQueue-ContainerReportForContainerReportHandler] WARN  container.ContainerReportHandler (AbstractContainerReportHandler.java:updateContainerState(145)) - Container #1 is in OPEN state, but the datanode 69837c10-b6a5-4691-9f82-b2bf7c109e66{ip: 192.168.157.252, host: pr-hdds-1643-qwrct-1900426900, networkLocation: /default-rack, certSerialId: null} reports an CLOSED replica.
2019-11-05 11:09:12,373 [EventQueue-ContainerReportForContainerReportHandler] WARN  container.ContainerReportHandler (AbstractContainerReportHandler.java:updateContainerState(145)) - Container #1 is in OPEN state, but the datanode 217b40b1-6496-41ee-9e5f-1bb61aa45139{ip: 192.168.157.252, host: pr-hdds-1643-qwrct-1900426900, networkLocation: /default-rack, certSerialId: null} reports an CLOSED replica.
2019-11-05 11:09:12,455 [BlockDeletingService#2] WARN  background.BlockDeletingService (BlockDeletingService.java:isDeletionAllowed(187)) - Close Container log Index 6 is not replicated across allthe servers in the pipeline a8186365-22ae-4f7f-97bd-fd4a39ce61da as the min replicated index is 4. Deletion is not allowed in this container yet.
2019-11-05 11:09:12,488 [BlockDeletingService#9] WARN  background.BlockDeletingService (BlockDeletingService.java:isDeletionAllowed(187)) - Close Container log Index 6 is not replicated across allthe servers in the pipeline a8186365-22ae-4f7f-97bd-fd4a39ce61da as the min replicated index is 4. Deletion is not allowed in this container yet.
2019-11-05 11:09:12,563 [EventQueue-ContainerReportForContainerReportHandler] WARN  container.ContainerReportHandler (AbstractContainerReportHandler.java:updateContainerState(145)) - Container #1 is in OPEN state, but the datanode 69837c10-b6a5-4691-9f82-b2bf7c109e66{ip: 192.168.157.252, host: pr-hdds-1643-qwrct-1900426900, networkLocation: /default-rack, certSerialId: null} reports an CLOSED replica.
2019-11-05 11:09:12,675 [EventQueue-ContainerReportForContainerReportHandler] WARN  container.ContainerReportHandler (AbstractContainerReportHandler.java:updateContainerState(145)) - Container #1 is in OPEN state, but the datanode 217b40b1-6496-41ee-9e5f-1bb61aa45139{ip: 192.168.157.252, host: pr-hdds-1643-qwrct-1900426900, networkLocation: /default-rack, certSerialId: null} reports an CLOSED replica.
2019-11-05 11:09:12,865 [EventQueue-ContainerReportForContainerReportHandler] WARN  container.ContainerReportHandler (AbstractContainerReportHandler.java:updateContainerState(145)) - Container #1 is in OPEN state, but the datanode 69837c10-b6a5-4691-9f82-b2bf7c109e66{ip: 192.168.157.252, host: pr-hdds-1643-qwrct-1900426900, networkLocation: /default-rack, certSerialId: null} reports an CLOSED replica.
2019-11-05 11:09:13,075 [EventQueue-ContainerReportForContainerReportHandler] WARN  container.ContainerReportHandler (AbstractContainerReportHandler.java:updateContainerState(145)) - Container #1 is in OPEN state, but the datanode 217b40b1-6496-41ee-9e5f-1bb61aa45139{ip: 192.168.157.252, host: pr-hdds-1643-qwrct-1900426900, networkLocation: /default-rack, certSerialId: null} reports an CLOSED replica.
2019-11-05 11:09:13,266 [EventQueue-ContainerReportForContainerReportHandler] WARN  container.ContainerReportHandler (AbstractContainerReportHandler.java:updateContainerState(145)) - Container #1 is in OPEN state, but the datanode 69837c10-b6a5-4691-9f82-b2bf7c109e66{ip: 192.168.157.252, host: pr-hdds-1643-qwrct-1900426900, networkLocation: /default-rack, certSerialId: null} reports an CLOSED replica.
2019-11-05 11:09:13,274 [EventQueue-ContainerReportForContainerReportHandler] WARN  container.ContainerReportHandler (AbstractContainerReportHandler.java:updateContainerState(145)) - Container #1 is in OPEN state, but the datanode 217b40b1-6496-41ee-9e5f-1bb61aa45139{ip: 192.168.157.252, host: pr-hdds-1643-qwrct-1900426900, networkLocation: /default-rack, certSerialId: null} reports an CLOSED replica.
2019-11-05 11:09:13,458 [BlockDeletingService#2] WARN  background.BlockDeletingService (BlockDeletingService.java:isDeletionAllowed(187)) - Close Container log Index 6 is not replicated across allthe servers in the pipeline a8186365-22ae-4f7f-97bd-fd4a39ce61da as the min replicated index is 4. Deletion is not allowed in this container yet.
2019-11-05 11:09:13,466 [EventQueue-ContainerReportForContainerReportHandler] WARN  container.ContainerReportHandler (AbstractContainerReportHandler.java:updateContainerState(145)) - Container #1 is in OPEN state, but the datanode 69837c10-b6a5-4691-9f82-b2bf7c109e66{ip: 192.168.157.252, host: pr-hdds-1643-qwrct-1900426900, networkLocation: /default-rack, certSerialId: null} reports an CLOSED replica.
2019-11-05 11:09:13,489 [BlockDeletingService#9] WARN  background.BlockDeletingService (BlockDeletingService.java:isDeletionAllowed(187)) - Close Container log Index 6 is not replicated across allthe servers in the pipeline a8186365-22ae-4f7f-97bd-fd4a39ce61da as the min replicated index is 4. Deletion is not allowed in this container yet.
2019-11-05 11:09:13,575 [EventQueue-ContainerReportForContainerReportHandler] WARN  container.ContainerReportHandler (AbstractContainerReportHandler.java:updateContainerState(145)) - Container #1 is in OPEN state, but the datanode 217b40b1-6496-41ee-9e5f-1bb61aa45139{ip: 192.168.157.252, host: pr-hdds-1643-qwrct-1900426900, networkLocation: /default-rack, certSerialId: null} reports an CLOSED replica.
2019-11-05 11:09:13,667 [EventQueue-ContainerReportForContainerReportHandler] WARN  container.ContainerReportHandler (AbstractContainerReportHandler.java:updateContainerState(145)) - Container #1 is in OPEN state, but the datanode 69837c10-b6a5-4691-9f82-b2bf7c109e66{ip: 192.168.157.252, host: pr-hdds-1643-qwrct-1900426900, networkLocation: /default-rack, certSerialId: null} reports an CLOSED replica.
2019-11-05 11:09:13,818 [java.util.concurrent.ThreadPoolExecutor$Worker@5b207bf4[State = -1, empty queue]] WARN  server.GrpcLogAppender (GrpcLogAppender.java:timeoutAppendRequest(209)) - 217b40b1-6496-41ee-9e5f-1bb61aa45139@group-FD4A39CE61DA->b4fa652e-9609-43ae-a5da-dbaebd8b3d71-GrpcLogAppender: appendEntries Timeout, request=217b40b1-6496-41ee-9e5f-1bb61aa45139->b4fa652e-9609-43ae-a5da-dbaebd8b3d71#40-t1, previous=(t:1, i:10), leaderCommit=10, initializing? false, entries: <empty>
2019-11-05 11:09:13,876 [EventQueue-ContainerReportForContainerReportHandler] WARN  container.ContainerReportHandler (AbstractContainerReportHandler.java:updateContainerState(145)) - Container #1 is in OPEN state, but the datanode 217b40b1-6496-41ee-9e5f-1bb61aa45139{ip: 192.168.157.252, host: pr-hdds-1643-qwrct-1900426900, networkLocation: /default-rack, certSerialId: null} reports an CLOSED replica.
2019-11-05 11:09:13,968 [EventQueue-ContainerReportForContainerReportHandler] WARN  container.ContainerReportHandler (AbstractContainerReportHandler.java:updateContainerState(145)) - Container #1 is in OPEN state, but the datanode 69837c10-b6a5-4691-9f82-b2bf7c109e66{ip: 192.168.157.252, host: pr-hdds-1643-qwrct-1900426900, networkLocation: /default-rack, certSerialId: null} reports an CLOSED replica.
2019-11-05 11:09:14,176 [EventQueue-ContainerReportForContainerReportHandler] WARN  container.ContainerReportHandler (AbstractContainerReportHandler.java:updateContainerState(145)) - Container #1 is in OPEN state, but the datanode 217b40b1-6496-41ee-9e5f-1bb61aa45139{ip: 192.168.157.252, host: pr-hdds-1643-qwrct-1900426900, networkLocation: /default-rack, certSerialId: null} reports an CLOSED replica.
2019-11-05 11:09:14,367 [EventQueue-ContainerReportForContainerReportHandler] WARN  container.ContainerReportHandler (AbstractContainerReportHandler.java:updateContainerState(145)) - Container #1 is in OPEN state, but the datanode 69837c10-b6a5-4691-9f82-b2bf7c109e66{ip: 192.168.157.252, host: pr-hdds-1643-qwrct-1900426900, networkLocation: /default-rack, certSerialId: null} reports an CLOSED replica.
2019-11-05 11:09:14,377 [EventQueue-ContainerReportForContainerReportHandler] WARN  container.ContainerReportHandler (AbstractContainerReportHandler.java:updateContainerState(145)) - Container #1 is in OPEN state, but the datanode 217b40b1-6496-41ee-9e5f-1bb61aa45139{ip: 192.168.157.252, host: pr-hdds-1643-qwrct-1900426900, networkLocation: /default-rack, certSerialId: null} reports an CLOSED replica.
2019-11-05 11:09:14,469 [BlockDeletingService#2] WARN  background.BlockDeletingService (BlockDeletingService.java:isDeletionAllowed(187)) - Close Container log Index 6 is not replicated across allthe servers in the pipeline a8186365-22ae-4f7f-97bd-fd4a39ce61da as the min replicated index is 4. Deletion is not allowed in this container yet.
2019-11-05 11:09:14,515 [BlockDeletingService#9] WARN  background.BlockDeletingService (BlockDeletingService.java:isDeletionAllowed(187)) - Close Container log Index 6 is not replicated across allthe servers in the pipeline a8186365-22ae-4f7f-97bd-fd4a39ce61da as the min replicated index is 4. Deletion is not allowed in this container yet.
2019-11-05 11:09:14,679 [EventQueue-ContainerReportForContainerReportHandler] WARN  container.ContainerReportHandler (AbstractContainerReportHandler.java:updateContainerState(145)) - Container #1 is in OPEN state, but the datanode 217b40b1-6496-41ee-9e5f-1bb61aa45139{ip: 192.168.157.252, host: pr-hdds-1643-qwrct-1900426900, networkLocation: /default-rack, certSerialId: null} reports an CLOSED replica.
2019-11-05 11:09:14,680 [EventQueue-ContainerReportForContainerReportHandler] WARN  container.ContainerReportHandler (AbstractContainerReportHandler.java:updateContainerState(145)) - Container #1 is in OPEN state, but the datanode 69837c10-b6a5-4691-9f82-b2bf7c109e66{ip: 192.168.157.252, host: pr-hdds-1643-qwrct-1900426900, networkLocation: /default-rack, certSerialId: null} reports an CLOSED replica.
2019-11-05 11:09:14,881 [EventQueue-ContainerReportForContainerReportHandler] WARN  container.ContainerReportHandler (AbstractContainerReportHandler.java:updateContainerState(145)) - Container #1 is in OPEN state, but the datanode 69837c10-b6a5-4691-9f82-b2bf7c109e66{ip: 192.168.157.252, host: pr-hdds-1643-qwrct-1900426900, networkLocation: /default-rack, certSerialId: null} reports an CLOSED replica.
2019-11-05 11:09:14,982 [EventQueue-ContainerReportForContainerReportHandler] WARN  container.ContainerReportHandler (AbstractContainerReportHandler.java:updateContainerState(145)) - Container #1 is in OPEN state, but the datanode 217b40b1-6496-41ee-9e5f-1bb61aa45139{ip: 192.168.157.252, host: pr-hdds-1643-qwrct-1900426900, networkLocation: /default-rack, certSerialId: null} reports an CLOSED replica.
2019-11-05 11:09:15,155 [EventQueue-ContainerReportForContainerReportHandler] WARN  container.ContainerReportHandler (AbstractContainerReportHandler.java:updateContainerState(145)) - Container #1 is in OPEN state, but the datanode 69837c10-b6a5-4691-9f82-b2bf7c109e66{ip: 192.168.157.252, host: pr-hdds-1643-qwrct-1900426900, networkLocation: /default-rack, certSerialId: null} reports an CLOSED replica.
2019-11-05 11:09:15,286 [EventQueue-ContainerReportForContainerReportHandler] WARN  container.ContainerReportHandler (AbstractContainerReportHandler.java:updateContainerState(145)) - Container #1 is in OPEN state, but the datanode 217b40b1-6496-41ee-9e5f-1bb61aa45139{ip: 192.168.157.252, host: pr-hdds-1643-qwrct-1900426900, networkLocation: /default-rack, certSerialId: null} reports an CLOSED replica.
2019-11-05 11:09:15,374 [EventQueue-ContainerReportForContainerReportHandler] WARN  container.ContainerReportHandler (AbstractContainerReportHandler.java:updateContainerState(145)) - Container #1 is in OPEN state, but the datanode 69837c10-b6a5-4691-9f82-b2bf7c109e66{ip: 192.168.157.252, host: pr-hdds-1643-qwrct-1900426900, networkLocation: /default-rack, certSerialId: null} reports an CLOSED replica.
2019-11-05 11:09:15,471 [BlockDeletingService#2] WARN  background.BlockDeletingService (BlockDeletingService.java:isDeletionAllowed(187)) - Close Container log Index 6 is not replicated across allthe servers in the pipeline a8186365-22ae-4f7f-97bd-fd4a39ce61da as the min replicated index is 4. Deletion is not allowed in this container yet.
2019-11-05 11:09:15,517 [BlockDeletingService#9] WARN  background.BlockDeletingService (BlockDeletingService.java:isDeletionAllowed(187)) - Close Container log Index 6 is not replicated across allthe servers in the pipeline a8186365-22ae-4f7f-97bd-fd4a39ce61da as the min replicated index is 4. Deletion is not allowed in this container yet.
2019-11-05 11:09:15,576 [EventQueue-ContainerReportForContainerReportHandler] WARN  container.ContainerReportHandler (AbstractContainerReportHandler.java:updateContainerState(145)) - Container #1 is in OPEN state, but the datanode 69837c10-b6a5-4691-9f82-b2bf7c109e66{ip: 192.168.157.252, host: pr-hdds-1643-qwrct-1900426900, networkLocation: /default-rack, certSerialId: null} reports an CLOSED replica.
2019-11-05 11:09:15,587 [EventQueue-ContainerReportForContainerReportHandler] WARN  container.ContainerReportHandler (AbstractContainerReportHandler.java:updateContainerState(145)) - Container #1 is in OPEN state, but the datanode 217b40b1-6496-41ee-9e5f-1bb61aa45139{ip: 192.168.157.252, host: pr-hdds-1643-qwrct-1900426900, networkLocation: /default-rack, certSerialId: null} reports an CLOSED replica.
2019-11-05 11:09:15,888 [EventQueue-ContainerReportForContainerReportHandler] WARN  container.ContainerReportHandler (AbstractContainerReportHandler.java:updateContainerState(145)) - Container #1 is in OPEN state, but the datanode 217b40b1-6496-41ee-9e5f-1bb61aa45139{ip: 192.168.157.252, host: pr-hdds-1643-qwrct-1900426900, networkLocation: /default-rack, certSerialId: null} reports an CLOSED replica.
2019-11-05 11:09:15,982 [EventQueue-ContainerReportForContainerReportHandler] WARN  container.ContainerReportHandler (AbstractContainerReportHandler.java:updateContainerState(145)) - Container #1 is in OPEN state, but the datanode 69837c10-b6a5-4691-9f82-b2bf7c109e66{ip: 192.168.157.252, host: pr-hdds-1643-qwrct-1900426900, networkLocation: /default-rack, certSerialId: null} reports an CLOSED replica.
2019-11-05 11:09:16,089 [EventQueue-ContainerReportForContainerReportHandler] WARN  container.ContainerReportHandler (AbstractContainerReportHandler.java:updateContainerState(145)) - Container #1 is in OPEN state, but the datanode 217b40b1-6496-41ee-9e5f-1bb61aa45139{ip: 192.168.157.252, host: pr-hdds-1643-qwrct-1900426900, networkLocation: /default-rack, certSerialId: null} reports an CLOSED replica.
2019-11-05 11:09:16,186 [EventQueue-ContainerReportForContainerReportHandler] WARN  container.ContainerReportHandler (AbstractContainerReportHandler.java:updateContainerState(145)) - Container #1 is in OPEN state, but the datanode 69837c10-b6a5-4691-9f82-b2bf7c109e66{ip: 192.168.157.252, host: pr-hdds-1643-qwrct-1900426900, networkLocation: /default-rack, certSerialId: null} reports an CLOSED replica.
2019-11-05 11:09:16,319 [java.util.concurrent.ThreadPoolExecutor$Worker@5b207bf4[State = -1, empty queue]] WARN  server.GrpcLogAppender (GrpcLogAppender.java:timeoutAppendRequest(209)) - 217b40b1-6496-41ee-9e5f-1bb61aa45139@group-FD4A39CE61DA->b4fa652e-9609-43ae-a5da-dbaebd8b3d71-GrpcLogAppender: appendEntries Timeout, request=217b40b1-6496-41ee-9e5f-1bb61aa45139->b4fa652e-9609-43ae-a5da-dbaebd8b3d71#41-t1, previous=(t:1, i:10), leaderCommit=10, initializing? false, entries: <empty>
2019-11-05 11:09:16,473 [BlockDeletingService#2] WARN  background.BlockDeletingService (BlockDeletingService.java:isDeletionAllowed(187)) - Close Container log Index 6 is not replicated across allthe servers in the pipeline a8186365-22ae-4f7f-97bd-fd4a39ce61da as the min replicated index is 4. Deletion is not allowed in this container yet.
2019-11-05 11:09:16,486 [EventQueue-ContainerReportForContainerReportHandler] WARN  container.ContainerReportHandler (AbstractContainerReportHandler.java:updateContainerState(145)) - Container #1 is in OPEN state, but the datanode 69837c10-b6a5-4691-9f82-b2bf7c109e66{ip: 192.168.157.252, host: pr-hdds-1643-qwrct-1900426900, networkLocation: /default-rack, certSerialId: null} reports an CLOSED replica.
2019-11-05 11:09:16,491 [EventQueue-ContainerReportForContainerReportHandler] WARN  container.ContainerReportHandler (AbstractContainerReportHandler.java:updateContainerState(145)) - Container #1 is in OPEN state, but the datanode 217b40b1-6496-41ee-9e5f-1bb61aa45139{ip: 192.168.157.252, host: pr-hdds-1643-qwrct-1900426900, networkLocation: /default-rack, certSerialId: null} reports an CLOSED replica.
2019-11-05 11:09:16,518 [BlockDeletingService#9] WARN  background.BlockDeletingService (BlockDeletingService.java:isDeletionAllowed(187)) - Close Container log Index 6 is not replicated across allthe servers in the pipeline a8186365-22ae-4f7f-97bd-fd4a39ce61da as the min replicated index is 4. Deletion is not allowed in this container yet.
2019-11-05 11:09:16,786 [EventQueue-ContainerReportForContainerReportHandler] WARN  container.ContainerReportHandler (AbstractContainerReportHandler.java:updateContainerState(145)) - Container #1 is in OPEN state, but the datanode 69837c10-b6a5-4691-9f82-b2bf7c109e66{ip: 192.168.157.252, host: pr-hdds-1643-qwrct-1900426900, networkLocation: /default-rack, certSerialId: null} reports an CLOSED replica.
2019-11-05 11:09:16,791 [EventQueue-ContainerReportForContainerReportHandler] WARN  container.ContainerReportHandler (AbstractContainerReportHandler.java:updateContainerState(145)) - Container #1 is in OPEN state, but the datanode 217b40b1-6496-41ee-9e5f-1bb61aa45139{ip: 192.168.157.252, host: pr-hdds-1643-qwrct-1900426900, networkLocation: /default-rack, certSerialId: null} reports an CLOSED replica.
2019-11-05 11:09:17,086 [EventQueue-ContainerReportForContainerReportHandler] WARN  container.ContainerReportHandler (AbstractContainerReportHandler.java:updateContainerState(145)) - Container #1 is in OPEN state, but the datanode 69837c10-b6a5-4691-9f82-b2bf7c109e66{ip: 192.168.157.252, host: pr-hdds-1643-qwrct-1900426900, networkLocation: /default-rack, certSerialId: null} reports an CLOSED replica.
2019-11-05 11:09:17,092 [EventQueue-ContainerReportForContainerReportHandler] WARN  container.ContainerReportHandler (AbstractContainerReportHandler.java:updateContainerState(145)) - Container #1 is in OPEN state, but the datanode 217b40b1-6496-41ee-9e5f-1bb61aa45139{ip: 192.168.157.252, host: pr-hdds-1643-qwrct-1900426900, networkLocation: /default-rack, certSerialId: null} reports an CLOSED replica.
2019-11-05 11:09:17,190 [Thread-442] INFO  client.GrpcClientProtocolService (GrpcClientProtocolService.java:lambda$processClientRequest$0(278)) - Failed RaftClientRequest:client-37A56D8DDB63->69837c10-b6a5-4691-9f82-b2bf7c109e66@group-FD4A39CE61DA, cid=10, seq=0, Watch-ALL_COMMITTED(6), Message:<EMPTY>, reply=RaftClientReply:client-37A56D8DDB63->69837c10-b6a5-4691-9f82-b2bf7c109e66@group-FD4A39CE61DA, cid=10, FAILED org.apache.ratis.protocol.NotLeaderException: Server 69837c10-b6a5-4691-9f82-b2bf7c109e66@group-FD4A39CE61DA is not the leader 217b40b1-6496-41ee-9e5f-1bb61aa45139:192.168.157.252:40951, logIndex=0, commits[69837c10-b6a5-4691-9f82-b2bf7c109e66:c10, 217b40b1-6496-41ee-9e5f-1bb61aa45139:c10, b4fa652e-9609-43ae-a5da-dbaebd8b3d71:c4]
2019-11-05 11:09:17,303 [EventQueue-ContainerReportForContainerReportHandler] WARN  container.ContainerReportHandler (AbstractContainerReportHandler.java:updateContainerState(145)) - Container #1 is in OPEN state, but the datanode 69837c10-b6a5-4691-9f82-b2bf7c109e66{ip: 192.168.157.252, host: pr-hdds-1643-qwrct-1900426900, networkLocation: /default-rack, certSerialId: null} reports an CLOSED replica.
2019-11-05 11:09:17,378 [EventQueue-ContainerReportForContainerReportHandler] WARN  container.ContainerReportHandler (AbstractContainerReportHandler.java:updateContainerState(145)) - Container #1 is in OPEN state, but the datanode 217b40b1-6496-41ee-9e5f-1bb61aa45139{ip: 192.168.157.252, host: pr-hdds-1643-qwrct-1900426900, networkLocation: /default-rack, certSerialId: null} reports an CLOSED replica.
2019-11-05 11:09:17,478 [BlockDeletingService#2] WARN  background.BlockDeletingService (BlockDeletingService.java:isDeletionAllowed(187)) - Close Container log Index 6 is not replicated across allthe servers in the pipeline a8186365-22ae-4f7f-97bd-fd4a39ce61da as the min replicated index is 4. Deletion is not allowed in this container yet.
2019-11-05 11:09:17,525 [BlockDeletingService#9] WARN  background.BlockDeletingService (BlockDeletingService.java:isDeletionAllowed(187)) - Close Container log Index 6 is not replicated across allthe servers in the pipeline a8186365-22ae-4f7f-97bd-fd4a39ce61da as the min replicated index is 4. Deletion is not allowed in this container yet.
2019-11-05 11:09:17,618 [EventQueue-ContainerReportForContainerReportHandler] WARN  container.ContainerReportHandler (AbstractContainerReportHandler.java:updateContainerState(145)) - Container #1 is in OPEN state, but the datanode 69837c10-b6a5-4691-9f82-b2bf7c109e66{ip: 192.168.157.252, host: pr-hdds-1643-qwrct-1900426900, networkLocation: /default-rack, certSerialId: null} reports an CLOSED replica.
2019-11-05 11:09:17,792 [EventQueue-ContainerReportForContainerReportHandler] WARN  container.ContainerReportHandler (AbstractContainerReportHandler.java:updateContainerState(145)) - Container #1 is in OPEN state, but the datanode 217b40b1-6496-41ee-9e5f-1bb61aa45139{ip: 192.168.157.252, host: pr-hdds-1643-qwrct-1900426900, networkLocation: /default-rack, certSerialId: null} reports an CLOSED replica.
2019-11-05 11:09:18,001 [EventQueue-ContainerReportForContainerReportHandler] WARN  container.ContainerReportHandler (AbstractContainerReportHandler.java:updateContainerState(145)) - Container #1 is in OPEN state, but the datanode 69837c10-b6a5-4691-9f82-b2bf7c109e66{ip: 192.168.157.252, host: pr-hdds-1643-qwrct-1900426900, networkLocation: /default-rack, certSerialId: null} reports an CLOSED replica.
2019-11-05 11:09:18,193 [EventQueue-ContainerReportForContainerReportHandler] WARN  container.ContainerReportHandler (AbstractContainerReportHandler.java:updateContainerState(145)) - Container #1 is in OPEN state, but the datanode 217b40b1-6496-41ee-9e5f-1bb61aa45139{ip: 192.168.157.252, host: pr-hdds-1643-qwrct-1900426900, networkLocation: /default-rack, certSerialId: null} reports an CLOSED replica.
2019-11-05 11:09:18,301 [EventQueue-ContainerReportForContainerReportHandler] WARN  container.ContainerReportHandler (AbstractContainerReportHandler.java:updateContainerState(145)) - Container #1 is in OPEN state, but the datanode 69837c10-b6a5-4691-9f82-b2bf7c109e66{ip: 192.168.157.252, host: pr-hdds-1643-qwrct-1900426900, networkLocation: /default-rack, certSerialId: null} reports an CLOSED replica.
2019-11-05 11:09:18,394 [EventQueue-ContainerReportForContainerReportHandler] WARN  container.ContainerReportHandler (AbstractContainerReportHandler.java:updateContainerState(145)) - Container #1 is in OPEN state, but the datanode 217b40b1-6496-41ee-9e5f-1bb61aa45139{ip: 192.168.157.252, host: pr-hdds-1643-qwrct-1900426900, networkLocation: /default-rack, certSerialId: null} reports an CLOSED replica.
2019-11-05 11:09:18,500 [BlockDeletingService#2] WARN  background.BlockDeletingService (BlockDeletingService.java:isDeletionAllowed(187)) - Close Container log Index 6 is not replicated across allthe servers in the pipeline a8186365-22ae-4f7f-97bd-fd4a39ce61da as the min replicated index is 4. Deletion is not allowed in this container yet.
2019-11-05 11:09:18,501 [EventQueue-ContainerReportForContainerReportHandler] WARN  container.ContainerReportHandler (AbstractContainerReportHandler.java:updateContainerState(145)) - Container #1 is in OPEN state, but the datanode 69837c10-b6a5-4691-9f82-b2bf7c109e66{ip: 192.168.157.252, host: pr-hdds-1643-qwrct-1900426900, networkLocation: /default-rack, certSerialId: null} reports an CLOSED replica.
2019-11-05 11:09:18,527 [BlockDeletingService#9] WARN  background.BlockDeletingService (BlockDeletingService.java:isDeletionAllowed(187)) - Close Container log Index 6 is not replicated across allthe servers in the pipeline a8186365-22ae-4f7f-97bd-fd4a39ce61da as the min replicated index is 4. Deletion is not allowed in this container yet.
2019-11-05 11:09:18,584 [Thread-450] INFO  client.GrpcClientProtocolService (GrpcClientProtocolService.java:lambda$processClientRequest$0(278)) - Failed RaftClientRequest:client-37A56D8DDB63->217b40b1-6496-41ee-9e5f-1bb61aa45139@group-FD4A39CE61DA, cid=10, seq=0, Watch-ALL_COMMITTED(6), Message:<EMPTY>, reply=RaftClientReply:client-37A56D8DDB63->217b40b1-6496-41ee-9e5f-1bb61aa45139@group-FD4A39CE61DA, cid=10, FAILED org.apache.ratis.protocol.NotReplicatedException: Request with call Id 10 and log index 6 is not yet replicated to ALL_COMMITTED, logIndex=6, commits[217b40b1-6496-41ee-9e5f-1bb61aa45139:c10, 69837c10-b6a5-4691-9f82-b2bf7c109e66:c10, b4fa652e-9609-43ae-a5da-dbaebd8b3d71:c4]
2019-11-05 11:09:18,796 [EventQueue-ContainerReportForContainerReportHandler] WARN  container.ContainerReportHandler (AbstractContainerReportHandler.java:updateContainerState(145)) - Container #1 is in OPEN state, but the datanode 217b40b1-6496-41ee-9e5f-1bb61aa45139{ip: 192.168.157.252, host: pr-hdds-1643-qwrct-1900426900, networkLocation: /default-rack, certSerialId: null} reports an CLOSED replica.
2019-11-05 11:09:18,802 [EventQueue-ContainerReportForContainerReportHandler] WARN  container.ContainerReportHandler (AbstractContainerReportHandler.java:updateContainerState(145)) - Container #1 is in OPEN state, but the datanode 69837c10-b6a5-4691-9f82-b2bf7c109e66{ip: 192.168.157.252, host: pr-hdds-1643-qwrct-1900426900, networkLocation: /default-rack, certSerialId: null} reports an CLOSED replica.
2019-11-05 11:09:18,825 [java.util.concurrent.ThreadPoolExecutor$Worker@5b207bf4[State = -1, empty queue]] WARN  server.GrpcLogAppender (GrpcLogAppender.java:timeoutAppendRequest(209)) - 217b40b1-6496-41ee-9e5f-1bb61aa45139@group-FD4A39CE61DA->b4fa652e-9609-43ae-a5da-dbaebd8b3d71-GrpcLogAppender: appendEntries Timeout, request=217b40b1-6496-41ee-9e5f-1bb61aa45139->b4fa652e-9609-43ae-a5da-dbaebd8b3d71#42-t1, previous=(t:1, i:10), leaderCommit=10, initializing? false, entries: <empty>
2019-11-05 11:09:18,999 [EventQueue-ContainerReportForContainerReportHandler] WARN  container.ContainerReportHandler (AbstractContainerReportHandler.java:updateContainerState(145)) - Container #1 is in OPEN state, but the datanode 217b40b1-6496-41ee-9e5f-1bb61aa45139{ip: 192.168.157.252, host: pr-hdds-1643-qwrct-1900426900, networkLocation: /default-rack, certSerialId: null} reports an CLOSED replica.
2019-11-05 11:09:19,005 [EventQueue-ContainerReportForContainerReportHandler] WARN  container.ContainerReportHandler (AbstractContainerReportHandler.java:updateContainerState(145)) - Container #1 is in OPEN state, but the datanode 69837c10-b6a5-4691-9f82-b2bf7c109e66{ip: 192.168.157.252, host: pr-hdds-1643-qwrct-1900426900, networkLocation: /default-rack, certSerialId: null} reports an CLOSED replica.
2019-11-05 11:09:19,471 [EventQueue-ContainerReportForContainerReportHandler] WARN  container.ContainerReportHandler (AbstractContainerReportHandler.java:updateContainerState(145)) - Container #1 is in OPEN state, but the datanode 217b40b1-6496-41ee-9e5f-1bb61aa45139{ip: 192.168.157.252, host: pr-hdds-1643-qwrct-1900426900, networkLocation: /default-rack, certSerialId: null} reports an CLOSED replica.
2019-11-05 11:09:19,494 [EventQueue-ContainerReportForContainerReportHandler] WARN  container.ContainerReportHandler (AbstractContainerReportHandler.java:updateContainerState(145)) - Container #1 is in OPEN state, but the datanode 69837c10-b6a5-4691-9f82-b2bf7c109e66{ip: 192.168.157.252, host: pr-hdds-1643-qwrct-1900426900, networkLocation: /default-rack, certSerialId: null} reports an CLOSED replica.
2019-11-05 11:09:19,504 [BlockDeletingService#2] WARN  background.BlockDeletingService (BlockDeletingService.java:isDeletionAllowed(187)) - Close Container log Index 6 is not replicated across allthe servers in the pipeline a8186365-22ae-4f7f-97bd-fd4a39ce61da as the min replicated index is 4. Deletion is not allowed in this container yet.
2019-11-05 11:09:19,547 [BlockDeletingService#9] WARN  background.BlockDeletingService (BlockDeletingService.java:isDeletionAllowed(187)) - Close Container log Index 6 is not replicated across allthe servers in the pipeline a8186365-22ae-4f7f-97bd-fd4a39ce61da as the min replicated index is 4. Deletion is not allowed in this container yet.
2019-11-05 11:09:19,674 [EventQueue-ContainerReportForContainerReportHandler] WARN  container.ContainerReportHandler (AbstractContainerReportHandler.java:updateContainerState(145)) - Container #1 is in OPEN state, but the datanode 217b40b1-6496-41ee-9e5f-1bb61aa45139{ip: 192.168.157.252, host: pr-hdds-1643-qwrct-1900426900, networkLocation: /default-rack, certSerialId: null} reports an CLOSED replica.
2019-11-05 11:09:19,726 [EventQueue-ContainerReportForContainerReportHandler] WARN  container.ContainerReportHandler (AbstractContainerReportHandler.java:updateContainerState(145)) - Container #1 is in OPEN state, but the datanode 69837c10-b6a5-4691-9f82-b2bf7c109e66{ip: 192.168.157.252, host: pr-hdds-1643-qwrct-1900426900, networkLocation: /default-rack, certSerialId: null} reports an CLOSED replica.
2019-11-05 11:09:20,022 [EventQueue-ContainerReportForContainerReportHandler] WARN  container.ContainerReportHandler (AbstractContainerReportHandler.java:updateContainerState(145)) - Container #1 is in OPEN state, but the datanode 69837c10-b6a5-4691-9f82-b2bf7c109e66{ip: 192.168.157.252, host: pr-hdds-1643-qwrct-1900426900, networkLocation: /default-rack, certSerialId: null} reports an CLOSED replica.
2019-11-05 11:09:20,077 [EventQueue-ContainerReportForContainerReportHandler] WARN  container.ContainerReportHandler (AbstractContainerReportHandler.java:updateContainerState(145)) - Container #1 is in OPEN state, but the datanode 217b40b1-6496-41ee-9e5f-1bb61aa45139{ip: 192.168.157.252, host: pr-hdds-1643-qwrct-1900426900, networkLocation: /default-rack, certSerialId: null} reports an CLOSED replica.
2019-11-05 11:09:20,423 [EventQueue-ContainerReportForContainerReportHandler] WARN  container.ContainerReportHandler (AbstractContainerReportHandler.java:updateContainerState(145)) - Container #1 is in OPEN state, but the datanode 69837c10-b6a5-4691-9f82-b2bf7c109e66{ip: 192.168.157.252, host: pr-hdds-1643-qwrct-1900426900, networkLocation: /default-rack, certSerialId: null} reports an CLOSED replica.
2019-11-05 11:09:20,477 [EventQueue-ContainerReportForContainerReportHandler] WARN  container.ContainerReportHandler (AbstractContainerReportHandler.java:updateContainerState(145)) - Container #1 is in OPEN state, but the datanode 217b40b1-6496-41ee-9e5f-1bb61aa45139{ip: 192.168.157.252, host: pr-hdds-1643-qwrct-1900426900, networkLocation: /default-rack, certSerialId: null} reports an CLOSED replica.
2019-11-05 11:09:20,505 [BlockDeletingService#2] WARN  background.BlockDeletingService (BlockDeletingService.java:isDeletionAllowed(187)) - Close Container log Index 6 is not replicated across allthe servers in the pipeline a8186365-22ae-4f7f-97bd-fd4a39ce61da as the min replicated index is 4. Deletion is not allowed in this container yet.
2019-11-05 11:09:20,557 [BlockDeletingService#9] WARN  background.BlockDeletingService (BlockDeletingService.java:isDeletionAllowed(187)) - Close Container log Index 6 is not replicated across allthe servers in the pipeline a8186365-22ae-4f7f-97bd-fd4a39ce61da as the min replicated index is 4. Deletion is not allowed in this container yet.
2019-11-05 11:09:20,724 [EventQueue-ContainerReportForContainerReportHandler] WARN  container.ContainerReportHandler (AbstractContainerReportHandler.java:updateContainerState(145)) - Container #1 is in OPEN state, but the datanode 69837c10-b6a5-4691-9f82-b2bf7c109e66{ip: 192.168.157.252, host: pr-hdds-1643-qwrct-1900426900, networkLocation: /default-rack, certSerialId: null} reports an CLOSED replica.
2019-11-05 11:09:20,777 [EventQueue-ContainerReportForContainerReportHandler] WARN  container.ContainerReportHandler (AbstractContainerReportHandler.java:updateContainerState(145)) - Container #1 is in OPEN state, but the datanode 217b40b1-6496-41ee-9e5f-1bb61aa45139{ip: 192.168.157.252, host: pr-hdds-1643-qwrct-1900426900, networkLocation: /default-rack, certSerialId: null} reports an CLOSED replica.
2019-11-05 11:09:21,023 [EventQueue-ContainerReportForContainerReportHandler] WARN  container.ContainerReportHandler (AbstractContainerReportHandler.java:updateContainerState(145)) - Container #1 is in OPEN state, but the datanode 69837c10-b6a5-4691-9f82-b2bf7c109e66{ip: 192.168.157.252, host: pr-hdds-1643-qwrct-1900426900, networkLocation: /default-rack, certSerialId: null} reports an CLOSED replica.
2019-11-05 11:09:21,077 [EventQueue-ContainerReportForContainerReportHandler] WARN  container.ContainerReportHandler (AbstractContainerReportHandler.java:updateContainerState(145)) - Container #1 is in OPEN state, but the datanode 217b40b1-6496-41ee-9e5f-1bb61aa45139{ip: 192.168.157.252, host: pr-hdds-1643-qwrct-1900426900, networkLocation: /default-rack, certSerialId: null} reports an CLOSED replica.
2019-11-05 11:09:21,326 [java.util.concurrent.ThreadPoolExecutor$Worker@5b207bf4[State = -1, empty queue]] WARN  server.GrpcLogAppender (GrpcLogAppender.java:timeoutAppendRequest(209)) - 217b40b1-6496-41ee-9e5f-1bb61aa45139@group-FD4A39CE61DA->b4fa652e-9609-43ae-a5da-dbaebd8b3d71-GrpcLogAppender: appendEntries Timeout, request=217b40b1-6496-41ee-9e5f-1bb61aa45139->b4fa652e-9609-43ae-a5da-dbaebd8b3d71#43-t1, previous=(t:1, i:10), leaderCommit=10, initializing? false, entries: <empty>
2019-11-05 11:09:21,378 [EventQueue-ContainerReportForContainerReportHandler] WARN  container.ContainerReportHandler (AbstractContainerReportHandler.java:updateContainerState(145)) - Container #1 is in OPEN state, but the datanode 217b40b1-6496-41ee-9e5f-1bb61aa45139{ip: 192.168.157.252, host: pr-hdds-1643-qwrct-1900426900, networkLocation: /default-rack, certSerialId: null} reports an CLOSED replica.
2019-11-05 11:09:21,433 [EventQueue-ContainerReportForContainerReportHandler] WARN  container.ContainerReportHandler (AbstractContainerReportHandler.java:updateContainerState(145)) - Container #1 is in OPEN state, but the datanode 69837c10-b6a5-4691-9f82-b2bf7c109e66{ip: 192.168.157.252, host: pr-hdds-1643-qwrct-1900426900, networkLocation: /default-rack, certSerialId: null} reports an CLOSED replica.
2019-11-05 11:09:21,507 [BlockDeletingService#2] WARN  background.BlockDeletingService (BlockDeletingService.java:isDeletionAllowed(187)) - Close Container log Index 6 is not replicated across allthe servers in the pipeline a8186365-22ae-4f7f-97bd-fd4a39ce61da as the min replicated index is 4. Deletion is not allowed in this container yet.
2019-11-05 11:09:21,558 [BlockDeletingService#9] WARN  background.BlockDeletingService (BlockDeletingService.java:isDeletionAllowed(187)) - Close Container log Index 6 is not replicated across allthe servers in the pipeline a8186365-22ae-4f7f-97bd-fd4a39ce61da as the min replicated index is 4. Deletion is not allowed in this container yet.
2019-11-05 11:09:21,678 [EventQueue-ContainerReportForContainerReportHandler] WARN  container.ContainerReportHandler (AbstractContainerReportHandler.java:updateContainerState(145)) - Container #1 is in OPEN state, but the datanode 217b40b1-6496-41ee-9e5f-1bb61aa45139{ip: 192.168.157.252, host: pr-hdds-1643-qwrct-1900426900, networkLocation: /default-rack, certSerialId: null} reports an CLOSED replica.
2019-11-05 11:09:21,839 [EventQueue-ContainerReportForContainerReportHandler] WARN  container.ContainerReportHandler (AbstractContainerReportHandler.java:updateContainerState(145)) - Container #1 is in OPEN state, but the datanode 69837c10-b6a5-4691-9f82-b2bf7c109e66{ip: 192.168.157.252, host: pr-hdds-1643-qwrct-1900426900, networkLocation: /default-rack, certSerialId: null} reports an CLOSED replica.
2019-11-05 11:09:22,089 [EventQueue-ContainerReportForContainerReportHandler] WARN  container.ContainerReportHandler (AbstractContainerReportHandler.java:updateContainerState(145)) - Container #1 is in OPEN state, but the datanode 217b40b1-6496-41ee-9e5f-1bb61aa45139{ip: 192.168.157.252, host: pr-hdds-1643-qwrct-1900426900, networkLocation: /default-rack, certSerialId: null} reports an CLOSED replica.
2019-11-05 11:09:22,249 [EventQueue-ContainerReportForContainerReportHandler] WARN  container.ContainerReportHandler (AbstractContainerReportHandler.java:updateContainerState(145)) - Container #1 is in OPEN state, but the datanode 69837c10-b6a5-4691-9f82-b2bf7c109e66{ip: 192.168.157.252, host: pr-hdds-1643-qwrct-1900426900, networkLocation: /default-rack, certSerialId: null} reports an CLOSED replica.
2019-11-05 11:09:22,450 [EventQueue-ContainerReportForContainerReportHandler] WARN  container.ContainerReportHandler (AbstractContainerReportHandler.java:updateContainerState(145)) - Container #1 is in OPEN state, but the datanode 69837c10-b6a5-4691-9f82-b2bf7c109e66{ip: 192.168.157.252, host: pr-hdds-1643-qwrct-1900426900, networkLocation: /default-rack, certSerialId: null} reports an CLOSED replica.
2019-11-05 11:09:22,483 [EventQueue-ContainerReportForContainerReportHandler] WARN  container.ContainerReportHandler (AbstractContainerReportHandler.java:updateContainerState(145)) - Container #1 is in OPEN state, but the datanode 217b40b1-6496-41ee-9e5f-1bb61aa45139{ip: 192.168.157.252, host: pr-hdds-1643-qwrct-1900426900, networkLocation: /default-rack, certSerialId: null} reports an CLOSED replica.
2019-11-05 11:09:22,508 [BlockDeletingService#2] WARN  background.BlockDeletingService (BlockDeletingService.java:isDeletionAllowed(187)) - Close Container log Index 6 is not replicated across allthe servers in the pipeline a8186365-22ae-4f7f-97bd-fd4a39ce61da as the min replicated index is 4. Deletion is not allowed in this container yet.
2019-11-05 11:09:22,559 [BlockDeletingService#9] WARN  background.BlockDeletingService (BlockDeletingService.java:isDeletionAllowed(187)) - Close Container log Index 6 is not replicated across allthe servers in the pipeline a8186365-22ae-4f7f-97bd-fd4a39ce61da as the min replicated index is 4. Deletion is not allowed in this container yet.
2019-11-05 11:09:22,684 [EventQueue-ContainerReportForContainerReportHandler] WARN  container.ContainerReportHandler (AbstractContainerReportHandler.java:updateContainerState(145)) - Container #1 is in OPEN state, but the datanode 217b40b1-6496-41ee-9e5f-1bb61aa45139{ip: 192.168.157.252, host: pr-hdds-1643-qwrct-1900426900, networkLocation: /default-rack, certSerialId: null} reports an CLOSED replica.
2019-11-05 11:09:22,750 [EventQueue-ContainerReportForContainerReportHandler] WARN  container.ContainerReportHandler (AbstractContainerReportHandler.java:updateContainerState(145)) - Container #1 is in OPEN state, but the datanode 69837c10-b6a5-4691-9f82-b2bf7c109e66{ip: 192.168.157.252, host: pr-hdds-1643-qwrct-1900426900, networkLocation: /default-rack, certSerialId: null} reports an CLOSED replica.
2019-11-05 11:09:22,885 [EventQueue-ContainerReportForContainerReportHandler] WARN  container.ContainerReportHandler (AbstractContainerReportHandler.java:updateContainerState(145)) - Container #1 is in OPEN state, but the datanode 217b40b1-6496-41ee-9e5f-1bb61aa45139{ip: 192.168.157.252, host: pr-hdds-1643-qwrct-1900426900, networkLocation: /default-rack, certSerialId: null} reports an CLOSED replica.
2019-11-05 11:09:23,051 [EventQueue-ContainerReportForContainerReportHandler] WARN  container.ContainerReportHandler (AbstractContainerReportHandler.java:updateContainerState(145)) - Container #1 is in OPEN state, but the datanode 69837c10-b6a5-4691-9f82-b2bf7c109e66{ip: 192.168.157.252, host: pr-hdds-1643-qwrct-1900426900, networkLocation: /default-rack, certSerialId: null} reports an CLOSED replica.
2019-11-05 11:09:23,286 [EventQueue-ContainerReportForContainerReportHandler] WARN  container.ContainerReportHandler (AbstractContainerReportHandler.java:updateContainerState(145)) - Container #1 is in OPEN state, but the datanode 217b40b1-6496-41ee-9e5f-1bb61aa45139{ip: 192.168.157.252, host: pr-hdds-1643-qwrct-1900426900, networkLocation: /default-rack, certSerialId: null} reports an CLOSED replica.
2019-11-05 11:09:23,355 [EventQueue-ContainerReportForContainerReportHandler] WARN  container.ContainerReportHandler (AbstractContainerReportHandler.java:updateContainerState(145)) - Container #1 is in OPEN state, but the datanode 69837c10-b6a5-4691-9f82-b2bf7c109e66{ip: 192.168.157.252, host: pr-hdds-1643-qwrct-1900426900, networkLocation: /default-rack, certSerialId: null} reports an CLOSED replica.
2019-11-05 11:09:23,488 [EventQueue-ContainerReportForContainerReportHandler] WARN  container.ContainerReportHandler (AbstractContainerReportHandler.java:updateContainerState(145)) - Container #1 is in OPEN state, but the datanode 217b40b1-6496-41ee-9e5f-1bb61aa45139{ip: 192.168.157.252, host: pr-hdds-1643-qwrct-1900426900, networkLocation: /default-rack, certSerialId: null} reports an CLOSED replica.
2019-11-05 11:09:23,509 [BlockDeletingService#2] WARN  background.BlockDeletingService (BlockDeletingService.java:isDeletionAllowed(187)) - Close Container log Index 6 is not replicated across allthe servers in the pipeline a8186365-22ae-4f7f-97bd-fd4a39ce61da as the min replicated index is 4. Deletion is not allowed in this container yet.
2019-11-05 11:09:23,561 [BlockDeletingService#9] WARN  background.BlockDeletingService (BlockDeletingService.java:isDeletionAllowed(187)) - Close Container log Index 6 is not replicated across allthe servers in the pipeline a8186365-22ae-4f7f-97bd-fd4a39ce61da as the min replicated index is 4. Deletion is not allowed in this container yet.
2019-11-05 11:09:23,782 [EventQueue-ContainerReportForContainerReportHandler] WARN  container.ContainerReportHandler (AbstractContainerReportHandler.java:updateContainerState(145)) - Container #1 is in OPEN state, but the datanode 69837c10-b6a5-4691-9f82-b2bf7c109e66{ip: 192.168.157.252, host: pr-hdds-1643-qwrct-1900426900, networkLocation: /default-rack, certSerialId: null} reports an CLOSED replica.
2019-11-05 11:09:23,827 [java.util.concurrent.ThreadPoolExecutor$Worker@5b207bf4[State = -1, empty queue]] WARN  server.GrpcLogAppender (GrpcLogAppender.java:timeoutAppendRequest(209)) - 217b40b1-6496-41ee-9e5f-1bb61aa45139@group-FD4A39CE61DA->b4fa652e-9609-43ae-a5da-dbaebd8b3d71-GrpcLogAppender: appendEntries Timeout, request=217b40b1-6496-41ee-9e5f-1bb61aa45139->b4fa652e-9609-43ae-a5da-dbaebd8b3d71#44-t1, previous=(t:1, i:10), leaderCommit=10, initializing? false, entries: <empty>
2019-11-05 11:09:23,888 [EventQueue-ContainerReportForContainerReportHandler] WARN  container.ContainerReportHandler (AbstractContainerReportHandler.java:updateContainerState(145)) - Container #1 is in OPEN state, but the datanode 217b40b1-6496-41ee-9e5f-1bb61aa45139{ip: 192.168.157.252, host: pr-hdds-1643-qwrct-1900426900, networkLocation: /default-rack, certSerialId: null} reports an CLOSED replica.
2019-11-05 11:09:23,960 [EventQueue-ContainerReportForContainerReportHandler] WARN  container.ContainerReportHandler (AbstractContainerReportHandler.java:updateContainerState(145)) - Container #1 is in OPEN state, but the datanode 69837c10-b6a5-4691-9f82-b2bf7c109e66{ip: 192.168.157.252, host: pr-hdds-1643-qwrct-1900426900, networkLocation: /default-rack, certSerialId: null} reports an CLOSED replica.
2019-11-05 11:09:24,187 [EventQueue-ContainerReportForContainerReportHandler] WARN  container.ContainerReportHandler (AbstractContainerReportHandler.java:updateContainerState(145)) - Container #1 is in OPEN state, but the datanode 217b40b1-6496-41ee-9e5f-1bb61aa45139{ip: 192.168.157.252, host: pr-hdds-1643-qwrct-1900426900, networkLocation: /default-rack, certSerialId: null} reports an CLOSED replica.
2019-11-05 11:09:24,264 [EventQueue-ContainerReportForContainerReportHandler] WARN  container.ContainerReportHandler (AbstractContainerReportHandler.java:updateContainerState(145)) - Container #1 is in OPEN state, but the datanode 69837c10-b6a5-4691-9f82-b2bf7c109e66{ip: 192.168.157.252, host: pr-hdds-1643-qwrct-1900426900, networkLocation: /default-rack, certSerialId: null} reports an CLOSED replica.
2019-11-05 11:09:24,489 [EventQueue-ContainerReportForContainerReportHandler] WARN  container.ContainerReportHandler (AbstractContainerReportHandler.java:updateContainerState(145)) - Container #1 is in OPEN state, but the datanode 217b40b1-6496-41ee-9e5f-1bb61aa45139{ip: 192.168.157.252, host: pr-hdds-1643-qwrct-1900426900, networkLocation: /default-rack, certSerialId: null} reports an CLOSED replica.
2019-11-05 11:09:24,511 [BlockDeletingService#2] WARN  background.BlockDeletingService (BlockDeletingService.java:isDeletionAllowed(187)) - Close Container log Index 6 is not replicated across allthe servers in the pipeline a8186365-22ae-4f7f-97bd-fd4a39ce61da as the min replicated index is 4. Deletion is not allowed in this container yet.
2019-11-05 11:09:24,562 [BlockDeletingService#9] WARN  background.BlockDeletingService (BlockDeletingService.java:isDeletionAllowed(187)) - Close Container log Index 6 is not replicated across allthe servers in the pipeline a8186365-22ae-4f7f-97bd-fd4a39ce61da as the min replicated index is 4. Deletion is not allowed in this container yet.
2019-11-05 11:09:24,666 [EventQueue-ContainerReportForContainerReportHandler] WARN  container.ContainerReportHandler (AbstractContainerReportHandler.java:updateContainerState(145)) - Container #1 is in OPEN state, but the datanode 69837c10-b6a5-4691-9f82-b2bf7c109e66{ip: 192.168.157.252, host: pr-hdds-1643-qwrct-1900426900, networkLocation: /default-rack, certSerialId: null} reports an CLOSED replica.
2019-11-05 11:09:24,692 [EventQueue-ContainerReportForContainerReportHandler] WARN  container.ContainerReportHandler (AbstractContainerReportHandler.java:updateContainerState(145)) - Container #1 is in OPEN state, but the datanode 217b40b1-6496-41ee-9e5f-1bb61aa45139{ip: 192.168.157.252, host: pr-hdds-1643-qwrct-1900426900, networkLocation: /default-rack, certSerialId: null} reports an CLOSED replica.
2019-11-05 11:09:24,990 [EventQueue-ContainerReportForContainerReportHandler] WARN  container.ContainerReportHandler (AbstractContainerReportHandler.java:updateContainerState(145)) - Container #1 is in OPEN state, but the datanode 217b40b1-6496-41ee-9e5f-1bb61aa45139{ip: 192.168.157.252, host: pr-hdds-1643-qwrct-1900426900, networkLocation: /default-rack, certSerialId: null} reports an CLOSED replica.
2019-11-05 11:09:25,066 [EventQueue-ContainerReportForContainerReportHandler] WARN  container.ContainerReportHandler (AbstractContainerReportHandler.java:updateContainerState(145)) - Container #1 is in OPEN state, but the datanode 69837c10-b6a5-4691-9f82-b2bf7c109e66{ip: 192.168.157.252, host: pr-hdds-1643-qwrct-1900426900, networkLocation: /default-rack, certSerialId: null} reports an CLOSED replica.
2019-11-05 11:09:25,267 [EventQueue-ContainerReportForContainerReportHandler] WARN  container.ContainerReportHandler (AbstractContainerReportHandler.java:updateContainerState(145)) - Container #1 is in OPEN state, but the datanode 69837c10-b6a5-4691-9f82-b2bf7c109e66{ip: 192.168.157.252, host: pr-hdds-1643-qwrct-1900426900, networkLocation: /default-rack, certSerialId: null} reports an CLOSED replica.
2019-11-05 11:09:25,390 [EventQueue-ContainerReportForContainerReportHandler] WARN  container.ContainerReportHandler (AbstractContainerReportHandler.java:updateContainerState(145)) - Container #1 is in OPEN state, but the datanode 217b40b1-6496-41ee-9e5f-1bb61aa45139{ip: 192.168.157.252, host: pr-hdds-1643-qwrct-1900426900, networkLocation: /default-rack, certSerialId: null} reports an CLOSED replica.
2019-11-05 11:09:25,523 [BlockDeletingService#2] WARN  background.BlockDeletingService (BlockDeletingService.java:isDeletionAllowed(187)) - Close Container log Index 6 is not replicated across allthe servers in the pipeline a8186365-22ae-4f7f-97bd-fd4a39ce61da as the min replicated index is 4. Deletion is not allowed in this container yet.
2019-11-05 11:09:25,564 [BlockDeletingService#9] WARN  background.BlockDeletingService (BlockDeletingService.java:isDeletionAllowed(187)) - Close Container log Index 6 is not replicated across allthe servers in the pipeline a8186365-22ae-4f7f-97bd-fd4a39ce61da as the min replicated index is 4. Deletion is not allowed in this container yet.
2019-11-05 11:09:25,570 [EventQueue-ContainerReportForContainerReportHandler] WARN  container.ContainerReportHandler (AbstractContainerReportHandler.java:updateContainerState(145)) - Container #1 is in OPEN state, but the datanode 69837c10-b6a5-4691-9f82-b2bf7c109e66{ip: 192.168.157.252, host: pr-hdds-1643-qwrct-1900426900, networkLocation: /default-rack, certSerialId: null} reports an CLOSED replica.
2019-11-05 11:09:25,692 [EventQueue-ContainerReportForContainerReportHandler] WARN  container.ContainerReportHandler (AbstractContainerReportHandler.java:updateContainerState(145)) - Container #1 is in OPEN state, but the datanode 217b40b1-6496-41ee-9e5f-1bb61aa45139{ip: 192.168.157.252, host: pr-hdds-1643-qwrct-1900426900, networkLocation: /default-rack, certSerialId: null} reports an CLOSED replica.
2019-11-05 11:09:25,870 [EventQueue-ContainerReportForContainerReportHandler] WARN  container.ContainerReportHandler (AbstractContainerReportHandler.java:updateContainerState(145)) - Container #1 is in OPEN state, but the datanode 69837c10-b6a5-4691-9f82-b2bf7c109e66{ip: 192.168.157.252, host: pr-hdds-1643-qwrct-1900426900, networkLocation: /default-rack, certSerialId: null} reports an CLOSED replica.
2019-11-05 11:09:25,991 [EventQueue-ContainerReportForContainerReportHandler] WARN  container.ContainerReportHandler (AbstractContainerReportHandler.java:updateContainerState(145)) - Container #1 is in OPEN state, but the datanode 217b40b1-6496-41ee-9e5f-1bb61aa45139{ip: 192.168.157.252, host: pr-hdds-1643-qwrct-1900426900, networkLocation: /default-rack, certSerialId: null} reports an CLOSED replica.
2019-11-05 11:09:26,171 [EventQueue-ContainerReportForContainerReportHandler] WARN  container.ContainerReportHandler (AbstractContainerReportHandler.java:updateContainerState(145)) - Container #1 is in OPEN state, but the datanode 69837c10-b6a5-4691-9f82-b2bf7c109e66{ip: 192.168.157.252, host: pr-hdds-1643-qwrct-1900426900, networkLocation: /default-rack, certSerialId: null} reports an CLOSED replica.
2019-11-05 11:09:26,301 [EventQueue-ContainerReportForContainerReportHandler] WARN  container.ContainerReportHandler (AbstractContainerReportHandler.java:updateContainerState(145)) - Container #1 is in OPEN state, but the datanode 217b40b1-6496-41ee-9e5f-1bb61aa45139{ip: 192.168.157.252, host: pr-hdds-1643-qwrct-1900426900, networkLocation: /default-rack, certSerialId: null} reports an CLOSED replica.
2019-11-05 11:09:26,329 [java.util.concurrent.ThreadPoolExecutor$Worker@5b207bf4[State = -1, empty queue]] WARN  server.GrpcLogAppender (GrpcLogAppender.java:timeoutAppendRequest(209)) - 217b40b1-6496-41ee-9e5f-1bb61aa45139@group-FD4A39CE61DA->b4fa652e-9609-43ae-a5da-dbaebd8b3d71-GrpcLogAppender: appendEntries Timeout, request=217b40b1-6496-41ee-9e5f-1bb61aa45139->b4fa652e-9609-43ae-a5da-dbaebd8b3d71#45-t1, previous=(t:1, i:10), leaderCommit=10, initializing? false, entries: <empty>
2019-11-05 11:09:26,421 [Thread-470] INFO  client.GrpcClientProtocolService (GrpcClientProtocolService.java:lambda$processClientRequest$0(278)) - Failed RaftClientRequest:client-37A56D8DDB63->69837c10-b6a5-4691-9f82-b2bf7c109e66@group-FD4A39CE61DA, cid=10, seq=0, Watch-ALL_COMMITTED(6), Message:<EMPTY>, reply=RaftClientReply:client-37A56D8DDB63->69837c10-b6a5-4691-9f82-b2bf7c109e66@group-FD4A39CE61DA, cid=10, FAILED org.apache.ratis.protocol.NotLeaderException: Server 69837c10-b6a5-4691-9f82-b2bf7c109e66@group-FD4A39CE61DA is not the leader 217b40b1-6496-41ee-9e5f-1bb61aa45139:192.168.157.252:40951, logIndex=0, commits[69837c10-b6a5-4691-9f82-b2bf7c109e66:c10, 217b40b1-6496-41ee-9e5f-1bb61aa45139:c10, b4fa652e-9609-43ae-a5da-dbaebd8b3d71:c4]
2019-11-05 11:09:26,475 [EventQueue-ContainerReportForContainerReportHandler] WARN  container.ContainerReportHandler (AbstractContainerReportHandler.java:updateContainerState(145)) - Container #1 is in OPEN state, but the datanode 69837c10-b6a5-4691-9f82-b2bf7c109e66{ip: 192.168.157.252, host: pr-hdds-1643-qwrct-1900426900, networkLocation: /default-rack, certSerialId: null} reports an CLOSED replica.
2019-11-05 11:09:26,521 [EventQueue-ContainerReportForContainerReportHandler] WARN  container.ContainerReportHandler (AbstractContainerReportHandler.java:updateContainerState(145)) - Container #1 is in OPEN state, but the datanode 217b40b1-6496-41ee-9e5f-1bb61aa45139{ip: 192.168.157.252, host: pr-hdds-1643-qwrct-1900426900, networkLocation: /default-rack, certSerialId: null} reports an CLOSED replica.
2019-11-05 11:09:26,550 [BlockDeletingService#2] WARN  background.BlockDeletingService (BlockDeletingService.java:isDeletionAllowed(187)) - Close Container log Index 6 is not replicated across allthe servers in the pipeline a8186365-22ae-4f7f-97bd-fd4a39ce61da as the min replicated index is 4. Deletion is not allowed in this container yet.
2019-11-05 11:09:26,643 [BlockDeletingService#9] WARN  background.BlockDeletingService (BlockDeletingService.java:isDeletionAllowed(187)) - Close Container log Index 6 is not replicated across allthe servers in the pipeline a8186365-22ae-4f7f-97bd-fd4a39ce61da as the min replicated index is 4. Deletion is not allowed in this container yet.
2019-11-05 11:09:26,690 [EventQueue-ContainerReportForContainerReportHandler] WARN  container.ContainerReportHandler (AbstractContainerReportHandler.java:updateContainerState(145)) - Container #1 is in OPEN state, but the datanode 69837c10-b6a5-4691-9f82-b2bf7c109e66{ip: 192.168.157.252, host: pr-hdds-1643-qwrct-1900426900, networkLocation: /default-rack, certSerialId: null} reports an CLOSED replica.
2019-11-05 11:09:26,942 [EventQueue-ContainerReportForContainerReportHandler] WARN  container.ContainerReportHandler (AbstractContainerReportHandler.java:updateContainerState(145)) - Container #1 is in OPEN state, but the datanode 217b40b1-6496-41ee-9e5f-1bb61aa45139{ip: 192.168.157.252, host: pr-hdds-1643-qwrct-1900426900, networkLocation: /default-rack, certSerialId: null} reports an CLOSED replica.
2019-11-05 11:09:26,991 [EventQueue-ContainerReportForContainerReportHandler] WARN  container.ContainerReportHandler (AbstractContainerReportHandler.java:updateContainerState(145)) - Container #1 is in OPEN state, but the datanode 69837c10-b6a5-4691-9f82-b2bf7c109e66{ip: 192.168.157.252, host: pr-hdds-1643-qwrct-1900426900, networkLocation: /default-rack, certSerialId: null} reports an CLOSED replica.
2019-11-05 11:09:27,142 [EventQueue-ContainerReportForContainerReportHandler] WARN  container.ContainerReportHandler (AbstractContainerReportHandler.java:updateContainerState(145)) - Container #1 is in OPEN state, but the datanode 217b40b1-6496-41ee-9e5f-1bb61aa45139{ip: 192.168.157.252, host: pr-hdds-1643-qwrct-1900426900, networkLocation: /default-rack, certSerialId: null} reports an CLOSED replica.
2019-11-05 11:09:27,191 [EventQueue-ContainerReportForContainerReportHandler] WARN  container.ContainerReportHandler (AbstractContainerReportHandler.java:updateContainerState(145)) - Container #1 is in OPEN state, but the datanode 69837c10-b6a5-4691-9f82-b2bf7c109e66{ip: 192.168.157.252, host: pr-hdds-1643-qwrct-1900426900, networkLocation: /default-rack, certSerialId: null} reports an CLOSED replica.
2019-11-05 11:09:27,392 [EventQueue-ContainerReportForContainerReportHandler] WARN  container.ContainerReportHandler (AbstractContainerReportHandler.java:updateContainerState(145)) - Container #1 is in OPEN state, but the datanode 69837c10-b6a5-4691-9f82-b2bf7c109e66{ip: 192.168.157.252, host: pr-hdds-1643-qwrct-1900426900, networkLocation: /default-rack, certSerialId: null} reports an CLOSED replica.
2019-11-05 11:09:27,443 [EventQueue-ContainerReportForContainerReportHandler] WARN  container.ContainerReportHandler (AbstractContainerReportHandler.java:updateContainerState(145)) - Container #1 is in OPEN state, but the datanode 217b40b1-6496-41ee-9e5f-1bb61aa45139{ip: 192.168.157.252, host: pr-hdds-1643-qwrct-1900426900, networkLocation: /default-rack, certSerialId: null} reports an CLOSED replica.
2019-11-05 11:09:27,584 [Thread-475] INFO  client.GrpcClientProtocolService (GrpcClientProtocolService.java:lambda$processClientRequest$0(278)) - Failed RaftClientRequest:client-37A56D8DDB63->217b40b1-6496-41ee-9e5f-1bb61aa45139@group-FD4A39CE61DA, cid=10, seq=0, Watch-ALL_COMMITTED(6), Message:<EMPTY>, reply=RaftClientReply:client-37A56D8DDB63->217b40b1-6496-41ee-9e5f-1bb61aa45139@group-FD4A39CE61DA, cid=10, FAILED org.apache.ratis.protocol.NotReplicatedException: Request with call Id 10 and log index 6 is not yet replicated to ALL_COMMITTED, logIndex=6, commits[217b40b1-6496-41ee-9e5f-1bb61aa45139:c10, 69837c10-b6a5-4691-9f82-b2bf7c109e66:c10, b4fa652e-9609-43ae-a5da-dbaebd8b3d71:c4]
2019-11-05 11:09:27,620 [BlockDeletingService#2] WARN  background.BlockDeletingService (BlockDeletingService.java:isDeletionAllowed(187)) - Close Container log Index 6 is not replicated across allthe servers in the pipeline a8186365-22ae-4f7f-97bd-fd4a39ce61da as the min replicated index is 4. Deletion is not allowed in this container yet.
2019-11-05 11:09:27,645 [BlockDeletingService#9] WARN  background.BlockDeletingService (BlockDeletingService.java:isDeletionAllowed(187)) - Close Container log Index 6 is not replicated across allthe servers in the pipeline a8186365-22ae-4f7f-97bd-fd4a39ce61da as the min replicated index is 4. Deletion is not allowed in this container yet.
2019-11-05 11:09:27,702 [EventQueue-ContainerReportForContainerReportHandler] WARN  container.ContainerReportHandler (AbstractContainerReportHandler.java:updateContainerState(145)) - Container #1 is in OPEN state, but the datanode 69837c10-b6a5-4691-9f82-b2bf7c109e66{ip: 192.168.157.252, host: pr-hdds-1643-qwrct-1900426900, networkLocation: /default-rack, certSerialId: null} reports an CLOSED replica.
2019-11-05 11:09:27,743 [EventQueue-ContainerReportForContainerReportHandler] WARN  container.ContainerReportHandler (AbstractContainerReportHandler.java:updateContainerState(145)) - Container #1 is in OPEN state, but the datanode 217b40b1-6496-41ee-9e5f-1bb61aa45139{ip: 192.168.157.252, host: pr-hdds-1643-qwrct-1900426900, networkLocation: /default-rack, certSerialId: null} reports an CLOSED replica.
2019-11-05 11:09:28,010 [EventQueue-ContainerReportForContainerReportHandler] WARN  container.ContainerReportHandler (AbstractContainerReportHandler.java:updateContainerState(145)) - Container #1 is in OPEN state, but the datanode 69837c10-b6a5-4691-9f82-b2bf7c109e66{ip: 192.168.157.252, host: pr-hdds-1643-qwrct-1900426900, networkLocation: /default-rack, certSerialId: null} reports an CLOSED replica.
2019-11-05 11:09:28,042 [EventQueue-ContainerReportForContainerReportHandler] WARN  container.ContainerReportHandler (AbstractContainerReportHandler.java:updateContainerState(145)) - Container #1 is in OPEN state, but the datanode 217b40b1-6496-41ee-9e5f-1bb61aa45139{ip: 192.168.157.252, host: pr-hdds-1643-qwrct-1900426900, networkLocation: /default-rack, certSerialId: null} reports an CLOSED replica.
2019-11-05 11:09:28,304 [EventQueue-ContainerReportForContainerReportHandler] WARN  container.ContainerReportHandler (AbstractContainerReportHandler.java:updateContainerState(145)) - Container #1 is in OPEN state, but the datanode 69837c10-b6a5-4691-9f82-b2bf7c109e66{ip: 192.168.157.252, host: pr-hdds-1643-qwrct-1900426900, networkLocation: /default-rack, certSerialId: null} reports an CLOSED replica.
2019-11-05 11:09:28,444 [EventQueue-ContainerReportForContainerReportHandler] WARN  container.ContainerReportHandler (AbstractContainerReportHandler.java:updateContainerState(145)) - Container #1 is in OPEN state, but the datanode 217b40b1-6496-41ee-9e5f-1bb61aa45139{ip: 192.168.157.252, host: pr-hdds-1643-qwrct-1900426900, networkLocation: /default-rack, certSerialId: null} reports an CLOSED replica.
2019-11-05 11:09:28,604 [EventQueue-ContainerReportForContainerReportHandler] WARN  container.ContainerReportHandler (AbstractContainerReportHandler.java:updateContainerState(145)) - Container #1 is in OPEN state, but the datanode 69837c10-b6a5-4691-9f82-b2bf7c109e66{ip: 192.168.157.252, host: pr-hdds-1643-qwrct-1900426900, networkLocation: /default-rack, certSerialId: null} reports an CLOSED replica.
2019-11-05 11:09:28,626 [BlockDeletingService#2] WARN  background.BlockDeletingService (BlockDeletingService.java:isDeletionAllowed(187)) - Close Container log Index 6 is not replicated across allthe servers in the pipeline a8186365-22ae-4f7f-97bd-fd4a39ce61da as the min replicated index is 4. Deletion is not allowed in this container yet.
2019-11-05 11:09:28,662 [BlockDeletingService#9] WARN  background.BlockDeletingService (BlockDeletingService.java:isDeletionAllowed(187)) - Close Container log Index 6 is not replicated across allthe servers in the pipeline a8186365-22ae-4f7f-97bd-fd4a39ce61da as the min replicated index is 4. Deletion is not allowed in this container yet.
2019-11-05 11:09:28,685 [EventQueue-ContainerReportForContainerReportHandler] WARN  container.ContainerReportHandler (AbstractContainerReportHandler.java:updateContainerState(145)) - Container #1 is in OPEN state, but the datanode 217b40b1-6496-41ee-9e5f-1bb61aa45139{ip: 192.168.157.252, host: pr-hdds-1643-qwrct-1900426900, networkLocation: /default-rack, certSerialId: null} reports an CLOSED replica.
2019-11-05 11:09:28,853 [java.util.concurrent.ThreadPoolExecutor$Worker@5b207bf4[State = -1, empty queue]] WARN  server.GrpcLogAppender (GrpcLogAppender.java:timeoutAppendRequest(209)) - 217b40b1-6496-41ee-9e5f-1bb61aa45139@group-FD4A39CE61DA->b4fa652e-9609-43ae-a5da-dbaebd8b3d71-GrpcLogAppender: appendEntries Timeout, request=217b40b1-6496-41ee-9e5f-1bb61aa45139->b4fa652e-9609-43ae-a5da-dbaebd8b3d71#46-t1, previous=(t:1, i:10), leaderCommit=10, initializing? false, entries: <empty>
2019-11-05 11:09:28,909 [EventQueue-ContainerReportForContainerReportHandler] WARN  container.ContainerReportHandler (AbstractContainerReportHandler.java:updateContainerState(145)) - Container #1 is in OPEN state, but the datanode 69837c10-b6a5-4691-9f82-b2bf7c109e66{ip: 192.168.157.252, host: pr-hdds-1643-qwrct-1900426900, networkLocation: /default-rack, certSerialId: null} reports an CLOSED replica.
2019-11-05 11:09:28,980 [EventQueue-ContainerReportForContainerReportHandler] WARN  container.ContainerReportHandler (AbstractContainerReportHandler.java:updateContainerState(145)) - Container #1 is in OPEN state, but the datanode 217b40b1-6496-41ee-9e5f-1bb61aa45139{ip: 192.168.157.252, host: pr-hdds-1643-qwrct-1900426900, networkLocation: /default-rack, certSerialId: null} reports an CLOSED replica.
2019-11-05 11:09:29,120 [EventQueue-ContainerReportForContainerReportHandler] WARN  container.ContainerReportHandler (AbstractContainerReportHandler.java:updateContainerState(145)) - Container #1 is in OPEN state, but the datanode 69837c10-b6a5-4691-9f82-b2bf7c109e66{ip: 192.168.157.252, host: pr-hdds-1643-qwrct-1900426900, networkLocation: /default-rack, certSerialId: null} reports an CLOSED replica.
2019-11-05 11:09:29,288 [EventQueue-ContainerReportForContainerReportHandler] WARN  container.ContainerReportHandler (AbstractContainerReportHandler.java:updateContainerState(145)) - Container #1 is in OPEN state, but the datanode 217b40b1-6496-41ee-9e5f-1bb61aa45139{ip: 192.168.157.252, host: pr-hdds-1643-qwrct-1900426900, networkLocation: /default-rack, certSerialId: null} reports an CLOSED replica.
2019-11-05 11:09:29,410 [EventQueue-ContainerReportForContainerReportHandler] WARN  container.ContainerReportHandler (AbstractContainerReportHandler.java:updateContainerState(145)) - Container #1 is in OPEN state, but the datanode 69837c10-b6a5-4691-9f82-b2bf7c109e66{ip: 192.168.157.252, host: pr-hdds-1643-qwrct-1900426900, networkLocation: /default-rack, certSerialId: null} reports an CLOSED replica.
2019-11-05 11:09:29,611 [EventQueue-ContainerReportForContainerReportHandler] WARN  container.ContainerReportHandler (AbstractContainerReportHandler.java:updateContainerState(145)) - Container #1 is in OPEN state, but the datanode 69837c10-b6a5-4691-9f82-b2bf7c109e66{ip: 192.168.157.252, host: pr-hdds-1643-qwrct-1900426900, networkLocation: /default-rack, certSerialId: null} reports an CLOSED replica.
2019-11-05 11:09:29,627 [BlockDeletingService#2] WARN  background.BlockDeletingService (BlockDeletingService.java:isDeletionAllowed(187)) - Close Container log Index 6 is not replicated across allthe servers in the pipeline a8186365-22ae-4f7f-97bd-fd4a39ce61da as the min replicated index is 4. Deletion is not allowed in this container yet.
2019-11-05 11:09:29,663 [BlockDeletingService#9] WARN  background.BlockDeletingService (BlockDeletingService.java:isDeletionAllowed(187)) - Close Container log Index 6 is not replicated across allthe servers in the pipeline a8186365-22ae-4f7f-97bd-fd4a39ce61da as the min replicated index is 4. Deletion is not allowed in this container yet.
2019-11-05 11:09:29,681 [EventQueue-ContainerReportForContainerReportHandler] WARN  container.ContainerReportHandler (AbstractContainerReportHandler.java:updateContainerState(145)) - Container #1 is in OPEN state, but the datanode 217b40b1-6496-41ee-9e5f-1bb61aa45139{ip: 192.168.157.252, host: pr-hdds-1643-qwrct-1900426900, networkLocation: /default-rack, certSerialId: null} reports an CLOSED replica.
2019-11-05 11:09:29,917 [EventQueue-ContainerReportForContainerReportHandler] WARN  container.ContainerReportHandler (AbstractContainerReportHandler.java:updateContainerState(145)) - Container #1 is in OPEN state, but the datanode 69837c10-b6a5-4691-9f82-b2bf7c109e66{ip: 192.168.157.252, host: pr-hdds-1643-qwrct-1900426900, networkLocation: /default-rack, certSerialId: null} reports an CLOSED replica.
2019-11-05 11:09:29,990 [EventQueue-ContainerReportForContainerReportHandler] WARN  container.ContainerReportHandler (AbstractContainerReportHandler.java:updateContainerState(145)) - Container #1 is in OPEN state, but the datanode 217b40b1-6496-41ee-9e5f-1bb61aa45139{ip: 192.168.157.252, host: pr-hdds-1643-qwrct-1900426900, networkLocation: /default-rack, certSerialId: null} reports an CLOSED replica.
2019-11-05 11:09:30,217 [EventQueue-ContainerReportForContainerReportHandler] WARN  container.ContainerReportHandler (AbstractContainerReportHandler.java:updateContainerState(145)) - Container #1 is in OPEN state, but the datanode 69837c10-b6a5-4691-9f82-b2bf7c109e66{ip: 192.168.157.252, host: pr-hdds-1643-qwrct-1900426900, networkLocation: /default-rack, certSerialId: null} reports an CLOSED replica.
2019-11-05 11:09:30,291 [EventQueue-ContainerReportForContainerReportHandler] WARN  container.ContainerReportHandler (AbstractContainerReportHandler.java:updateContainerState(145)) - Container #1 is in OPEN state, but the datanode 217b40b1-6496-41ee-9e5f-1bb61aa45139{ip: 192.168.157.252, host: pr-hdds-1643-qwrct-1900426900, networkLocation: /default-rack, certSerialId: null} reports an CLOSED replica.
2019-11-05 11:09:30,417 [EventQueue-ContainerReportForContainerReportHandler] WARN  container.ContainerReportHandler (AbstractContainerReportHandler.java:updateContainerState(145)) - Container #1 is in OPEN state, but the datanode 69837c10-b6a5-4691-9f82-b2bf7c109e66{ip: 192.168.157.252, host: pr-hdds-1643-qwrct-1900426900, networkLocation: /default-rack, certSerialId: null} reports an CLOSED replica.
2019-11-05 11:09:30,630 [BlockDeletingService#2] WARN  background.BlockDeletingService (BlockDeletingService.java:isDeletionAllowed(187)) - Close Container log Index 6 is not replicated across allthe servers in the pipeline a8186365-22ae-4f7f-97bd-fd4a39ce61da as the min replicated index is 4. Deletion is not allowed in this container yet.
2019-11-05 11:09:30,664 [BlockDeletingService#9] WARN  background.BlockDeletingService (BlockDeletingService.java:isDeletionAllowed(187)) - Close Container log Index 6 is not replicated across allthe servers in the pipeline a8186365-22ae-4f7f-97bd-fd4a39ce61da as the min replicated index is 4. Deletion is not allowed in this container yet.
2019-11-05 11:09:30,691 [EventQueue-ContainerReportForContainerReportHandler] WARN  container.ContainerReportHandler (AbstractContainerReportHandler.java:updateContainerState(145)) - Container #1 is in OPEN state, but the datanode 217b40b1-6496-41ee-9e5f-1bb61aa45139{ip: 192.168.157.252, host: pr-hdds-1643-qwrct-1900426900, networkLocation: /default-rack, certSerialId: null} reports an CLOSED replica.
2019-11-05 11:09:30,818 [EventQueue-ContainerReportForContainerReportHandler] WARN  container.ContainerReportHandler (AbstractContainerReportHandler.java:updateContainerState(145)) - Container #1 is in OPEN state, but the datanode 69837c10-b6a5-4691-9f82-b2bf7c109e66{ip: 192.168.157.252, host: pr-hdds-1643-qwrct-1900426900, networkLocation: /default-rack, certSerialId: null} reports an CLOSED replica.
2019-11-05 11:09:30,992 [EventQueue-ContainerReportForContainerReportHandler] WARN  container.ContainerReportHandler (AbstractContainerReportHandler.java:updateContainerState(145)) - Container #1 is in OPEN state, but the datanode 217b40b1-6496-41ee-9e5f-1bb61aa45139{ip: 192.168.157.252, host: pr-hdds-1643-qwrct-1900426900, networkLocation: /default-rack, certSerialId: null} reports an CLOSED replica.
2019-11-05 11:09:31,118 [EventQueue-ContainerReportForContainerReportHandler] WARN  container.ContainerReportHandler (AbstractContainerReportHandler.java:updateContainerState(145)) - Container #1 is in OPEN state, but the datanode 69837c10-b6a5-4691-9f82-b2bf7c109e66{ip: 192.168.157.252, host: pr-hdds-1643-qwrct-1900426900, networkLocation: /default-rack, certSerialId: null} reports an CLOSED replica.
2019-11-05 11:09:31,317 [EventQueue-ContainerReportForContainerReportHandler] WARN  container.ContainerReportHandler (AbstractContainerReportHandler.java:updateContainerState(145)) - Container #1 is in OPEN state, but the datanode 69837c10-b6a5-4691-9f82-b2bf7c109e66{ip: 192.168.157.252, host: pr-hdds-1643-qwrct-1900426900, networkLocation: /default-rack, certSerialId: null} reports an CLOSED replica.
2019-11-05 11:09:31,340 [java.util.concurrent.ThreadPoolExecutor$Worker@5b207bf4[State = -1, empty queue]] WARN  server.GrpcLogAppender (GrpcLogAppender.java:timeoutAppendRequest(209)) - 217b40b1-6496-41ee-9e5f-1bb61aa45139@group-FD4A39CE61DA->b4fa652e-9609-43ae-a5da-dbaebd8b3d71-GrpcLogAppender: appendEntries Timeout, request=217b40b1-6496-41ee-9e5f-1bb61aa45139->b4fa652e-9609-43ae-a5da-dbaebd8b3d71#47-t1, previous=(t:1, i:10), leaderCommit=10, initializing? false, entries: <empty>
2019-11-05 11:09:31,392 [EventQueue-ContainerReportForContainerReportHandler] WARN  container.ContainerReportHandler (AbstractContainerReportHandler.java:updateContainerState(145)) - Container #1 is in OPEN state, but the datanode 217b40b1-6496-41ee-9e5f-1bb61aa45139{ip: 192.168.157.252, host: pr-hdds-1643-qwrct-1900426900, networkLocation: /default-rack, certSerialId: null} reports an CLOSED replica.
2019-11-05 11:09:31,626 [EventQueue-ContainerReportForContainerReportHandler] WARN  container.ContainerReportHandler (AbstractContainerReportHandler.java:updateContainerState(145)) - Container #1 is in OPEN state, but the datanode 69837c10-b6a5-4691-9f82-b2bf7c109e66{ip: 192.168.157.252, host: pr-hdds-1643-qwrct-1900426900, networkLocation: /default-rack, certSerialId: null} reports an CLOSED replica.
2019-11-05 11:09:31,645 [BlockDeletingService#2] WARN  background.BlockDeletingService (BlockDeletingService.java:isDeletionAllowed(187)) - Close Container log Index 6 is not replicated across allthe servers in the pipeline a8186365-22ae-4f7f-97bd-fd4a39ce61da as the min replicated index is 4. Deletion is not allowed in this container yet.
2019-11-05 11:09:31,666 [BlockDeletingService#9] WARN  background.BlockDeletingService (BlockDeletingService.java:isDeletionAllowed(187)) - Close Container log Index 6 is not replicated across allthe servers in the pipeline a8186365-22ae-4f7f-97bd-fd4a39ce61da as the min replicated index is 4. Deletion is not allowed in this container yet.
2019-11-05 11:09:31,693 [EventQueue-ContainerReportForContainerReportHandler] WARN  container.ContainerReportHandler (AbstractContainerReportHandler.java:updateContainerState(145)) - Container #1 is in OPEN state, but the datanode 217b40b1-6496-41ee-9e5f-1bb61aa45139{ip: 192.168.157.252, host: pr-hdds-1643-qwrct-1900426900, networkLocation: /default-rack, certSerialId: null} reports an CLOSED replica.
2019-11-05 11:09:31,921 [EventQueue-ContainerReportForContainerReportHandler] WARN  container.ContainerReportHandler (AbstractContainerReportHandler.java:updateContainerState(145)) - Container #1 is in OPEN state, but the datanode 69837c10-b6a5-4691-9f82-b2bf7c109e66{ip: 192.168.157.252, host: pr-hdds-1643-qwrct-1900426900, networkLocation: /default-rack, certSerialId: null} reports an CLOSED replica.
2019-11-05 11:09:32,094 [EventQueue-ContainerReportForContainerReportHandler] WARN  container.ContainerReportHandler (AbstractContainerReportHandler.java:updateContainerState(145)) - Container #1 is in OPEN state, but the datanode 217b40b1-6496-41ee-9e5f-1bb61aa45139{ip: 192.168.157.252, host: pr-hdds-1643-qwrct-1900426900, networkLocation: /default-rack, certSerialId: null} reports an CLOSED replica.
2019-11-05 11:09:32,221 [EventQueue-ContainerReportForContainerReportHandler] WARN  container.ContainerReportHandler (AbstractContainerReportHandler.java:updateContainerState(145)) - Container #1 is in OPEN state, but the datanode 69837c10-b6a5-4691-9f82-b2bf7c109e66{ip: 192.168.157.252, host: pr-hdds-1643-qwrct-1900426900, networkLocation: /default-rack, certSerialId: null} reports an CLOSED replica.
2019-11-05 11:09:32,395 [EventQueue-ContainerReportForContainerReportHandler] WARN  container.ContainerReportHandler (AbstractContainerReportHandler.java:updateContainerState(145)) - Container #1 is in OPEN state, but the datanode 217b40b1-6496-41ee-9e5f-1bb61aa45139{ip: 192.168.157.252, host: pr-hdds-1643-qwrct-1900426900, networkLocation: /default-rack, certSerialId: null} reports an CLOSED replica.
2019-11-05 11:09:32,524 [EventQueue-ContainerReportForContainerReportHandler] WARN  container.ContainerReportHandler (AbstractContainerReportHandler.java:updateContainerState(145)) - Container #1 is in OPEN state, but the datanode 69837c10-b6a5-4691-9f82-b2bf7c109e66{ip: 192.168.157.252, host: pr-hdds-1643-qwrct-1900426900, networkLocation: /default-rack, certSerialId: null} reports an CLOSED replica.
2019-11-05 11:09:32,646 [BlockDeletingService#2] WARN  background.BlockDeletingService (BlockDeletingService.java:isDeletionAllowed(187)) - Close Container log Index 6 is not replicated across allthe servers in the pipeline a8186365-22ae-4f7f-97bd-fd4a39ce61da as the min replicated index is 4. Deletion is not allowed in this container yet.
2019-11-05 11:09:32,667 [BlockDeletingService#9] WARN  background.BlockDeletingService (BlockDeletingService.java:isDeletionAllowed(187)) - Close Container log Index 6 is not replicated across allthe servers in the pipeline a8186365-22ae-4f7f-97bd-fd4a39ce61da as the min replicated index is 4. Deletion is not allowed in this container yet.
2019-11-05 11:09:32,694 [EventQueue-ContainerReportForContainerReportHandler] WARN  container.ContainerReportHandler (AbstractContainerReportHandler.java:updateContainerState(145)) - Container #1 is in OPEN state, but the datanode 217b40b1-6496-41ee-9e5f-1bb61aa45139{ip: 192.168.157.252, host: pr-hdds-1643-qwrct-1900426900, networkLocation: /default-rack, certSerialId: null} reports an CLOSED replica.
2019-11-05 11:09:32,925 [EventQueue-ContainerReportForContainerReportHandler] WARN  container.ContainerReportHandler (AbstractContainerReportHandler.java:updateContainerState(145)) - Container #1 is in OPEN state, but the datanode 69837c10-b6a5-4691-9f82-b2bf7c109e66{ip: 192.168.157.252, host: pr-hdds-1643-qwrct-1900426900, networkLocation: /default-rack, certSerialId: null} reports an CLOSED replica.
2019-11-05 11:09:33,009 [EventQueue-ContainerReportForContainerReportHandler] WARN  container.ContainerReportHandler (AbstractContainerReportHandler.java:updateContainerState(145)) - Container #1 is in OPEN state, but the datanode 217b40b1-6496-41ee-9e5f-1bb61aa45139{ip: 192.168.157.252, host: pr-hdds-1643-qwrct-1900426900, networkLocation: /default-rack, certSerialId: null} reports an CLOSED replica.
2019-11-05 11:09:33,225 [EventQueue-ContainerReportForContainerReportHandler] WARN  container.ContainerReportHandler (AbstractContainerReportHandler.java:updateContainerState(145)) - Container #1 is in OPEN state, but the datanode 69837c10-b6a5-4691-9f82-b2bf7c109e66{ip: 192.168.157.252, host: pr-hdds-1643-qwrct-1900426900, networkLocation: /default-rack, certSerialId: null} reports an CLOSED replica.
2019-11-05 11:09:33,306 [EventQueue-ContainerReportForContainerReportHandler] WARN  container.ContainerReportHandler (AbstractContainerReportHandler.java:updateContainerState(145)) - Container #1 is in OPEN state, but the datanode 217b40b1-6496-41ee-9e5f-1bb61aa45139{ip: 192.168.157.252, host: pr-hdds-1643-qwrct-1900426900, networkLocation: /default-rack, certSerialId: null} reports an CLOSED replica.
2019-11-05 11:09:33,606 [EventQueue-ContainerReportForContainerReportHandler] WARN  container.ContainerReportHandler (AbstractContainerReportHandler.java:updateContainerState(145)) - Container #1 is in OPEN state, but the datanode 217b40b1-6496-41ee-9e5f-1bb61aa45139{ip: 192.168.157.252, host: pr-hdds-1643-qwrct-1900426900, networkLocation: /default-rack, certSerialId: null} reports an CLOSED replica.
2019-11-05 11:09:33,626 [EventQueue-ContainerReportForContainerReportHandler] WARN  container.ContainerReportHandler (AbstractContainerReportHandler.java:updateContainerState(145)) - Container #1 is in OPEN state, but the datanode 69837c10-b6a5-4691-9f82-b2bf7c109e66{ip: 192.168.157.252, host: pr-hdds-1643-qwrct-1900426900, networkLocation: /default-rack, certSerialId: null} reports an CLOSED replica.
2019-11-05 11:09:33,648 [BlockDeletingService#2] WARN  background.BlockDeletingService (BlockDeletingService.java:isDeletionAllowed(187)) - Close Container log Index 6 is not replicated across allthe servers in the pipeline a8186365-22ae-4f7f-97bd-fd4a39ce61da as the min replicated index is 4. Deletion is not allowed in this container yet.
2019-11-05 11:09:33,669 [BlockDeletingService#9] WARN  background.BlockDeletingService (BlockDeletingService.java:isDeletionAllowed(187)) - Close Container log Index 6 is not replicated across allthe servers in the pipeline a8186365-22ae-4f7f-97bd-fd4a39ce61da as the min replicated index is 4. Deletion is not allowed in this container yet.
2019-11-05 11:09:33,815 [EventQueue-ContainerReportForContainerReportHandler] WARN  container.ContainerReportHandler (AbstractContainerReportHandler.java:updateContainerState(145)) - Container #1 is in OPEN state, but the datanode 217b40b1-6496-41ee-9e5f-1bb61aa45139{ip: 192.168.157.252, host: pr-hdds-1643-qwrct-1900426900, networkLocation: /default-rack, certSerialId: null} reports an CLOSED replica.
2019-11-05 11:09:33,862 [java.util.concurrent.ThreadPoolExecutor$Worker@5b207bf4[State = -1, empty queue]] WARN  server.GrpcLogAppender (GrpcLogAppender.java:timeoutAppendRequest(209)) - 217b40b1-6496-41ee-9e5f-1bb61aa45139@group-FD4A39CE61DA->b4fa652e-9609-43ae-a5da-dbaebd8b3d71-GrpcLogAppender: appendEntries Timeout, request=217b40b1-6496-41ee-9e5f-1bb61aa45139->b4fa652e-9609-43ae-a5da-dbaebd8b3d71#48-t1, previous=(t:1, i:10), leaderCommit=10, initializing? false, entries: <empty>
2019-11-05 11:09:33,931 [EventQueue-ContainerReportForContainerReportHandler] WARN  container.ContainerReportHandler (AbstractContainerReportHandler.java:updateContainerState(145)) - Container #1 is in OPEN state, but the datanode 69837c10-b6a5-4691-9f82-b2bf7c109e66{ip: 192.168.157.252, host: pr-hdds-1643-qwrct-1900426900, networkLocation: /default-rack, certSerialId: null} reports an CLOSED replica.
2019-11-05 11:09:34,010 [EventQueue-ContainerReportForContainerReportHandler] WARN  container.ContainerReportHandler (AbstractContainerReportHandler.java:updateContainerState(145)) - Container #1 is in OPEN state, but the datanode 217b40b1-6496-41ee-9e5f-1bb61aa45139{ip: 192.168.157.252, host: pr-hdds-1643-qwrct-1900426900, networkLocation: /default-rack, certSerialId: null} reports an CLOSED replica.
2019-11-05 11:09:34,310 [EventQueue-ContainerReportForContainerReportHandler] WARN  container.ContainerReportHandler (AbstractContainerReportHandler.java:updateContainerState(145)) - Container #1 is in OPEN state, but the datanode 217b40b1-6496-41ee-9e5f-1bb61aa45139{ip: 192.168.157.252, host: pr-hdds-1643-qwrct-1900426900, networkLocation: /default-rack, certSerialId: null} reports an CLOSED replica.
2019-11-05 11:09:34,330 [EventQueue-ContainerReportForContainerReportHandler] WARN  container.ContainerReportHandler (AbstractContainerReportHandler.java:updateContainerState(145)) - Container #1 is in OPEN state, but the datanode 69837c10-b6a5-4691-9f82-b2bf7c109e66{ip: 192.168.157.252, host: pr-hdds-1643-qwrct-1900426900, networkLocation: /default-rack, certSerialId: null} reports an CLOSED replica.
2019-11-05 11:09:34,531 [EventQueue-ContainerReportForContainerReportHandler] WARN  container.ContainerReportHandler (AbstractContainerReportHandler.java:updateContainerState(145)) - Container #1 is in OPEN state, but the datanode 69837c10-b6a5-4691-9f82-b2bf7c109e66{ip: 192.168.157.252, host: pr-hdds-1643-qwrct-1900426900, networkLocation: /default-rack, certSerialId: null} reports an CLOSED replica.
2019-11-05 11:09:34,609 [EventQueue-ContainerReportForContainerReportHandler] WARN  container.ContainerReportHandler (AbstractContainerReportHandler.java:updateContainerState(145)) - Container #1 is in OPEN state, but the datanode 217b40b1-6496-41ee-9e5f-1bb61aa45139{ip: 192.168.157.252, host: pr-hdds-1643-qwrct-1900426900, networkLocation: /default-rack, certSerialId: null} reports an CLOSED replica.
2019-11-05 11:09:34,649 [BlockDeletingService#2] WARN  background.BlockDeletingService (BlockDeletingService.java:isDeletionAllowed(187)) - Close Container log Index 6 is not replicated across allthe servers in the pipeline a8186365-22ae-4f7f-97bd-fd4a39ce61da as the min replicated index is 4. Deletion is not allowed in this container yet.
2019-11-05 11:09:34,670 [BlockDeletingService#9] WARN  background.BlockDeletingService (BlockDeletingService.java:isDeletionAllowed(187)) - Close Container log Index 6 is not replicated across allthe servers in the pipeline a8186365-22ae-4f7f-97bd-fd4a39ce61da as the min replicated index is 4. Deletion is not allowed in this container yet.
2019-11-05 11:09:34,731 [EventQueue-ContainerReportForContainerReportHandler] WARN  container.ContainerReportHandler (AbstractContainerReportHandler.java:updateContainerState(145)) - Container #1 is in OPEN state, but the datanode 69837c10-b6a5-4691-9f82-b2bf7c109e66{ip: 192.168.157.252, host: pr-hdds-1643-qwrct-1900426900, networkLocation: /default-rack, certSerialId: null} reports an CLOSED replica.
2019-11-05 11:09:34,919 [EventQueue-ContainerReportForContainerReportHandler] WARN  container.ContainerReportHandler (AbstractContainerReportHandler.java:updateContainerState(145)) - Container #1 is in OPEN state, but the datanode 217b40b1-6496-41ee-9e5f-1bb61aa45139{ip: 192.168.157.252, host: pr-hdds-1643-qwrct-1900426900, networkLocation: /default-rack, certSerialId: null} reports an CLOSED replica.
2019-11-05 11:09:35,032 [EventQueue-ContainerReportForContainerReportHandler] WARN  container.ContainerReportHandler (AbstractContainerReportHandler.java:updateContainerState(145)) - Container #1 is in OPEN state, but the datanode 69837c10-b6a5-4691-9f82-b2bf7c109e66{ip: 192.168.157.252, host: pr-hdds-1643-qwrct-1900426900, networkLocation: /default-rack, certSerialId: null} reports an CLOSED replica.
2019-11-05 11:09:35,214 [EventQueue-ContainerReportForContainerReportHandler] WARN  container.ContainerReportHandler (AbstractContainerReportHandler.java:updateContainerState(145)) - Container #1 is in OPEN state, but the datanode 217b40b1-6496-41ee-9e5f-1bb61aa45139{ip: 192.168.157.252, host: pr-hdds-1643-qwrct-1900426900, networkLocation: /default-rack, certSerialId: null} reports an CLOSED replica.
2019-11-05 11:09:35,432 [EventQueue-ContainerReportForContainerReportHandler] WARN  container.ContainerReportHandler (AbstractContainerReportHandler.java:updateContainerState(145)) - Container #1 is in OPEN state, but the datanode 69837c10-b6a5-4691-9f82-b2bf7c109e66{ip: 192.168.157.252, host: pr-hdds-1643-qwrct-1900426900, networkLocation: /default-rack, certSerialId: null} reports an CLOSED replica.
2019-11-05 11:09:35,651 [BlockDeletingService#2] WARN  background.BlockDeletingService (BlockDeletingService.java:isDeletionAllowed(187)) - Close Container log Index 6 is not replicated across allthe servers in the pipeline a8186365-22ae-4f7f-97bd-fd4a39ce61da as the min replicated index is 4. Deletion is not allowed in this container yet.
2019-11-05 11:09:35,653 [EventQueue-ContainerReportForContainerReportHandler] WARN  container.ContainerReportHandler (AbstractContainerReportHandler.java:updateContainerState(145)) - Container #1 is in OPEN state, but the datanode 217b40b1-6496-41ee-9e5f-1bb61aa45139{ip: 192.168.157.252, host: pr-hdds-1643-qwrct-1900426900, networkLocation: /default-rack, certSerialId: null} reports an CLOSED replica.
2019-11-05 11:09:35,673 [BlockDeletingService#9] WARN  background.BlockDeletingService (BlockDeletingService.java:isDeletionAllowed(187)) - Close Container log Index 6 is not replicated across allthe servers in the pipeline a8186365-22ae-4f7f-97bd-fd4a39ce61da as the min replicated index is 4. Deletion is not allowed in this container yet.
2019-11-05 11:09:35,756 [EventQueue-ContainerReportForContainerReportHandler] WARN  container.ContainerReportHandler (AbstractContainerReportHandler.java:updateContainerState(145)) - Container #1 is in OPEN state, but the datanode 69837c10-b6a5-4691-9f82-b2bf7c109e66{ip: 192.168.157.252, host: pr-hdds-1643-qwrct-1900426900, networkLocation: /default-rack, certSerialId: null} reports an CLOSED replica.
2019-11-05 11:09:35,828 [EventQueue-ContainerReportForContainerReportHandler] WARN  container.ContainerReportHandler (AbstractContainerReportHandler.java:updateContainerState(145)) - Container #1 is in OPEN state, but the datanode 217b40b1-6496-41ee-9e5f-1bb61aa45139{ip: 192.168.157.252, host: pr-hdds-1643-qwrct-1900426900, networkLocation: /default-rack, certSerialId: null} reports an CLOSED replica.
2019-11-05 11:09:36,056 [EventQueue-ContainerReportForContainerReportHandler] WARN  container.ContainerReportHandler (AbstractContainerReportHandler.java:updateContainerState(145)) - Container #1 is in OPEN state, but the datanode 69837c10-b6a5-4691-9f82-b2bf7c109e66{ip: 192.168.157.252, host: pr-hdds-1643-qwrct-1900426900, networkLocation: /default-rack, certSerialId: null} reports an CLOSED replica.
2019-11-05 11:09:36,128 [EventQueue-ContainerReportForContainerReportHandler] WARN  container.ContainerReportHandler (AbstractContainerReportHandler.java:updateContainerState(145)) - Container #1 is in OPEN state, but the datanode 217b40b1-6496-41ee-9e5f-1bb61aa45139{ip: 192.168.157.252, host: pr-hdds-1643-qwrct-1900426900, networkLocation: /default-rack, certSerialId: null} reports an CLOSED replica.
2019-11-05 11:09:36,346 [java.util.concurrent.ThreadPoolExecutor$Worker@5b207bf4[State = -1, empty queue]] WARN  server.GrpcLogAppender (GrpcLogAppender.java:timeoutAppendRequest(209)) - 217b40b1-6496-41ee-9e5f-1bb61aa45139@group-FD4A39CE61DA->b4fa652e-9609-43ae-a5da-dbaebd8b3d71-GrpcLogAppender: appendEntries Timeout, request=217b40b1-6496-41ee-9e5f-1bb61aa45139->b4fa652e-9609-43ae-a5da-dbaebd8b3d71#49-t1, previous=(t:1, i:10), leaderCommit=10, initializing? false, entries: <empty>
2019-11-05 11:09:36,356 [EventQueue-ContainerReportForContainerReportHandler] WARN  container.ContainerReportHandler (AbstractContainerReportHandler.java:updateContainerState(145)) - Container #1 is in OPEN state, but the datanode 69837c10-b6a5-4691-9f82-b2bf7c109e66{ip: 192.168.157.252, host: pr-hdds-1643-qwrct-1900426900, networkLocation: /default-rack, certSerialId: null} reports an CLOSED replica.
2019-11-05 11:09:36,429 [EventQueue-ContainerReportForContainerReportHandler] WARN  container.ContainerReportHandler (AbstractContainerReportHandler.java:updateContainerState(145)) - Container #1 is in OPEN state, but the datanode 217b40b1-6496-41ee-9e5f-1bb61aa45139{ip: 192.168.157.252, host: pr-hdds-1643-qwrct-1900426900, networkLocation: /default-rack, certSerialId: null} reports an CLOSED replica.
2019-11-05 11:09:36,652 [BlockDeletingService#2] WARN  background.BlockDeletingService (BlockDeletingService.java:isDeletionAllowed(187)) - Close Container log Index 6 is not replicated across allthe servers in the pipeline a8186365-22ae-4f7f-97bd-fd4a39ce61da as the min replicated index is 4. Deletion is not allowed in this container yet.
2019-11-05 11:09:36,674 [BlockDeletingService#9] WARN  background.BlockDeletingService (BlockDeletingService.java:isDeletionAllowed(187)) - Close Container log Index 6 is not replicated across allthe servers in the pipeline a8186365-22ae-4f7f-97bd-fd4a39ce61da as the min replicated index is 4. Deletion is not allowed in this container yet.
2019-11-05 11:09:36,757 [EventQueue-ContainerReportForContainerReportHandler] WARN  container.ContainerReportHandler (AbstractContainerReportHandler.java:updateContainerState(145)) - Container #1 is in OPEN state, but the datanode 69837c10-b6a5-4691-9f82-b2bf7c109e66{ip: 192.168.157.252, host: pr-hdds-1643-qwrct-1900426900, networkLocation: /default-rack, certSerialId: null} reports an CLOSED replica.
2019-11-05 11:09:36,830 [EventQueue-ContainerReportForContainerReportHandler] WARN  container.ContainerReportHandler (AbstractContainerReportHandler.java:updateContainerState(145)) - Container #1 is in OPEN state, but the datanode 217b40b1-6496-41ee-9e5f-1bb61aa45139{ip: 192.168.157.252, host: pr-hdds-1643-qwrct-1900426900, networkLocation: /default-rack, certSerialId: null} reports an CLOSED replica.
2019-11-05 11:09:37,030 [EventQueue-ContainerReportForContainerReportHandler] WARN  container.ContainerReportHandler (AbstractContainerReportHandler.java:updateContainerState(145)) - Container #1 is in OPEN state, but the datanode 217b40b1-6496-41ee-9e5f-1bb61aa45139{ip: 192.168.157.252, host: pr-hdds-1643-qwrct-1900426900, networkLocation: /default-rack, certSerialId: null} reports an CLOSED replica.
2019-11-05 11:09:37,058 [EventQueue-ContainerReportForContainerReportHandler] WARN  container.ContainerReportHandler (AbstractContainerReportHandler.java:updateContainerState(145)) - Container #1 is in OPEN state, but the datanode 69837c10-b6a5-4691-9f82-b2bf7c109e66{ip: 192.168.157.252, host: pr-hdds-1643-qwrct-1900426900, networkLocation: /default-rack, certSerialId: null} reports an CLOSED replica.
2019-11-05 11:09:37,259 [EventQueue-ContainerReportForContainerReportHandler] WARN  container.ContainerReportHandler (AbstractContainerReportHandler.java:updateContainerState(145)) - Container #1 is in OPEN state, but the datanode 69837c10-b6a5-4691-9f82-b2bf7c109e66{ip: 192.168.157.252, host: pr-hdds-1643-qwrct-1900426900, networkLocation: /default-rack, certSerialId: null} reports an CLOSED replica.
2019-11-05 11:09:37,271 [EventQueue-StaleNodeForStaleNodeHandler] INFO  node.StaleNodeHandler (StaleNodeHandler.java:onMessage(58)) - Datanode b4fa652e-9609-43ae-a5da-dbaebd8b3d71{ip: 192.168.157.252, host: pr-hdds-1643-qwrct-1900426900, networkLocation: /default-rack, certSerialId: null} moved to stale state. Finalizing its pipelines [PipelineID=f63e583d-d6c2-4f95-88c7-e99f3f14aa9c, PipelineID=a8186365-22ae-4f7f-97bd-fd4a39ce61da]
2019-11-05 11:09:37,271 [EventQueue-StaleNodeForStaleNodeHandler] INFO  pipeline.SCMPipelineManager (SCMPipelineManager.java:finalizeAndDestroyPipeline(315)) - destroying pipeline:Pipeline[ Id: f63e583d-d6c2-4f95-88c7-e99f3f14aa9c, Nodes: b4fa652e-9609-43ae-a5da-dbaebd8b3d71{ip: 192.168.157.252, host: pr-hdds-1643-qwrct-1900426900, networkLocation: /default-rack, certSerialId: null}, Type:RATIS, Factor:ONE, State:OPEN]
2019-11-05 11:09:37,272 [EventQueue-StaleNodeForStaleNodeHandler] INFO  pipeline.PipelineStateManager (PipelineStateManager.java:finalizePipeline(123)) - Pipeline Pipeline[ Id: f63e583d-d6c2-4f95-88c7-e99f3f14aa9c, Nodes: b4fa652e-9609-43ae-a5da-dbaebd8b3d71{ip: 192.168.157.252, host: pr-hdds-1643-qwrct-1900426900, networkLocation: /default-rack, certSerialId: null}, Type:RATIS, Factor:ONE, State:CLOSED] moved to CLOSED state
2019-11-05 11:09:37,273 [EventQueue-StaleNodeForStaleNodeHandler] INFO  pipeline.SCMPipelineManager (SCMPipelineManager.java:finalizeAndDestroyPipeline(315)) - destroying pipeline:Pipeline[ Id: a8186365-22ae-4f7f-97bd-fd4a39ce61da, Nodes: 217b40b1-6496-41ee-9e5f-1bb61aa45139{ip: 192.168.157.252, host: pr-hdds-1643-qwrct-1900426900, networkLocation: /default-rack, certSerialId: null}69837c10-b6a5-4691-9f82-b2bf7c109e66{ip: 192.168.157.252, host: pr-hdds-1643-qwrct-1900426900, networkLocation: /default-rack, certSerialId: null}b4fa652e-9609-43ae-a5da-dbaebd8b3d71{ip: 192.168.157.252, host: pr-hdds-1643-qwrct-1900426900, networkLocation: /default-rack, certSerialId: null}, Type:RATIS, Factor:THREE, State:OPEN]
2019-11-05 11:09:37,273 [EventQueue-StaleNodeForStaleNodeHandler] INFO  pipeline.PipelineStateManager (PipelineStateManager.java:finalizePipeline(123)) - Pipeline Pipeline[ Id: a8186365-22ae-4f7f-97bd-fd4a39ce61da, Nodes: 217b40b1-6496-41ee-9e5f-1bb61aa45139{ip: 192.168.157.252, host: pr-hdds-1643-qwrct-1900426900, networkLocation: /default-rack, certSerialId: null}69837c10-b6a5-4691-9f82-b2bf7c109e66{ip: 192.168.157.252, host: pr-hdds-1643-qwrct-1900426900, networkLocation: /default-rack, certSerialId: null}b4fa652e-9609-43ae-a5da-dbaebd8b3d71{ip: 192.168.157.252, host: pr-hdds-1643-qwrct-1900426900, networkLocation: /default-rack, certSerialId: null}, Type:RATIS, Factor:THREE, State:CLOSED] moved to CLOSED state
2019-11-05 11:09:37,274 [EventQueue-CloseContainerForCloseContainerEventHandler] INFO  container.CloseContainerEventHandler (CloseContainerEventHandler.java:onMessage(61)) - Close container Event triggered for container : #1
2019-11-05 11:09:37,331 [EventQueue-ContainerReportForContainerReportHandler] INFO  container.ContainerReportHandler (AbstractContainerReportHandler.java:updateContainerState(178)) - Moving container #1 to CLOSED state, datanode 217b40b1-6496-41ee-9e5f-1bb61aa45139{ip: 192.168.157.252, host: pr-hdds-1643-qwrct-1900426900, networkLocation: /default-rack, certSerialId: null} reported CLOSED replica.
2019-11-05 11:09:37,568 [SCMBlockDeletingService#0] INFO  block.SCMBlockDeletingService (SCMBlockDeletingService.java:call(184)) - Totally added 3 delete blocks command for 3 datanodes, task elapsed time: 10ms
2019-11-05 11:09:37,593 [Thread-509] INFO  client.GrpcClientProtocolService (GrpcClientProtocolService.java:lambda$processClientRequest$0(278)) - Failed RaftClientRequest:client-37A56D8DDB63->217b40b1-6496-41ee-9e5f-1bb61aa45139@group-FD4A39CE61DA, cid=10, seq=0, Watch-ALL_COMMITTED(6), Message:<EMPTY>, reply=RaftClientReply:client-37A56D8DDB63->217b40b1-6496-41ee-9e5f-1bb61aa45139@group-FD4A39CE61DA, cid=10, FAILED org.apache.ratis.protocol.NotReplicatedException: Request with call Id 10 and log index 6 is not yet replicated to ALL_COMMITTED, logIndex=6, commits[217b40b1-6496-41ee-9e5f-1bb61aa45139:c10, 69837c10-b6a5-4691-9f82-b2bf7c109e66:c10, b4fa652e-9609-43ae-a5da-dbaebd8b3d71:c4]
2019-11-05 11:09:37,655 [EventQueue-PendingDeleteStatusForPendingDeleteHandler] INFO  block.SCMBlockDeletingService (SCMBlockDeletingService.java:handlePendingDeletes(115)) - Block deletion txnID mismatch in datanode 217b40b1-6496-41ee-9e5f-1bb61aa45139 for containerID 1. Datanode delete txnID: 0, SCM txnID: 1
2019-11-05 11:09:37,675 [BlockDeletingService#2] WARN  background.BlockDeletingService (BlockDeletingService.java:isDeletionAllowed(187)) - Close Container log Index 6 is not replicated across allthe servers in the pipeline a8186365-22ae-4f7f-97bd-fd4a39ce61da as the min replicated index is 4. Deletion is not allowed in this container yet.
2019-11-05 11:09:37,685 [BlockDeletingService#9] WARN  background.BlockDeletingService (BlockDeletingService.java:isDeletionAllowed(187)) - Close Container log Index 6 is not replicated across allthe servers in the pipeline a8186365-22ae-4f7f-97bd-fd4a39ce61da as the min replicated index is 4. Deletion is not allowed in this container yet.
2019-11-05 11:09:37,695 [EventQueue-PendingDeleteStatusForPendingDeleteHandler] INFO  block.SCMBlockDeletingService (SCMBlockDeletingService.java:handlePendingDeletes(115)) - Block deletion txnID mismatch in datanode 69837c10-b6a5-4691-9f82-b2bf7c109e66 for containerID 1. Datanode delete txnID: 0, SCM txnID: 1
2019-11-05 11:09:37,859 [Command processor thread] INFO  commandhandler.DeleteBlocksCommandHandler (DeleteBlocksCommandHandler.java:handle(106)) - Start to delete container blocks, TXIDs=[1(0)], numOfContainers=1, numOfBlocks=1
2019-11-05 11:09:38,040 [EventQueue-PendingDeleteStatusForPendingDeleteHandler] INFO  block.SCMBlockDeletingService (SCMBlockDeletingService.java:handlePendingDeletes(115)) - Block deletion txnID mismatch in datanode 217b40b1-6496-41ee-9e5f-1bb61aa45139 for containerID 1. Datanode delete txnID: 0, SCM txnID: 1
2019-11-05 11:09:38,136 [Command processor thread] INFO  commandhandler.DeleteBlocksCommandHandler (DeleteBlocksCommandHandler.java:handle(106)) - Start to delete container blocks, TXIDs=[1(0)], numOfContainers=1, numOfBlocks=1
2019-11-05 11:09:38,567 [main] INFO  impl.MetricsSystemImpl (MetricsSystemImpl.java:init(158)) - HddsDatanode metrics system started (again)
2019-11-05 11:09:38,571 [SCMBlockDeletingService#0] INFO  block.SCMBlockDeletingService (SCMBlockDeletingService.java:call(184)) - Totally added 1 delete blocks command for 1 datanodes, task elapsed time: 2ms
2019-11-05 11:09:38,575 [pool-7-thread-1] INFO  commands.RetriableDatanodeEventWatcher (RetriableDatanodeEventWatcher.java:onTimeout(47)) - RetriableDatanodeCommand type=deleteBlocksCommand with id=1572952177565 timed out. Retrying.
2019-11-05 11:09:38,616 [main] INFO  ozone.HddsDatanodeService (HddsDatanodeService.java:start(184)) - HddsDatanodeService host:pr-hdds-1643-qwrct-1900426900 ip:192.168.157.252
2019-11-05 11:09:38,620 [main] INFO  volume.VolumeUsage (VolumeUsage.java:loadScmUsed(144)) - Cached ScmUsed found for /workdir/hadoop-ozone/integration-test/target/test-dir/MiniOzoneClusterImpl-15323bb8-fab1-4b87-97a4-cbcc55a81608/datanode-2/data/containers : 4096 
2019-11-05 11:09:38,621 [main] INFO  volume.HddsVolume (HddsVolume.java:<init>(176)) - Creating Volume: /workdir/hadoop-ozone/integration-test/target/test-dir/MiniOzoneClusterImpl-15323bb8-fab1-4b87-97a4-cbcc55a81608/datanode-2/data/containers/hdds of  storage type : DISK and capacity : 1482555576320
2019-11-05 11:09:38,622 [main] INFO  volume.VolumeSet (VolumeSet.java:initializeVolumeSet(170)) - Added Volume : /workdir/hadoop-ozone/integration-test/target/test-dir/MiniOzoneClusterImpl-15323bb8-fab1-4b87-97a4-cbcc55a81608/datanode-2/data/containers/hdds to VolumeSet
2019-11-05 11:09:38,622 [main] INFO  volume.ThrottledAsyncChecker (ThrottledAsyncChecker.java:schedule(141)) - Scheduling a check for /workdir/hadoop-ozone/integration-test/target/test-dir/MiniOzoneClusterImpl-15323bb8-fab1-4b87-97a4-cbcc55a81608/datanode-2/data/containers/hdds
2019-11-05 11:09:38,622 [main] INFO  volume.HddsVolumeChecker (HddsVolumeChecker.java:checkAllVolumes(204)) - Scheduled health check for volume /workdir/hadoop-ozone/integration-test/target/test-dir/MiniOzoneClusterImpl-15323bb8-fab1-4b87-97a4-cbcc55a81608/datanode-2/data/containers/hdds
2019-11-05 11:09:38,672 [main] INFO  impl.RaftServerProxy (ConfUtils.java:logGet(43)) - raft.rpc.type = GRPC (default)
2019-11-05 11:09:38,672 [main] INFO  grpc.GrpcFactory (GrpcFactory.java:checkPooledByteBufAllocatorUseCacheForAllThreads(45)) - PERFORMANCE WARNING: useCacheForAllThreads is true that may cause Netty to create a lot garbage objects and, as a result, trigger GC.
	It is recommended to disable useCacheForAllThreads by setting -Dorg.apache.ratis.thirdparty.io.netty.allocator.useCacheForAllThreads=false in command line.
2019-11-05 11:09:38,673 [main] INFO  grpc.GrpcConfigKeys$Server (ConfUtils.java:logGet(43)) - raft.grpc.server.port = 36685 (custom)
2019-11-05 11:09:38,673 [main] INFO  server.GrpcService (ConfUtils.java:logGet(43)) - raft.grpc.message.size.max = 33570816 (custom)
2019-11-05 11:09:38,673 [main] INFO  server.RaftServerConfigKeys (ConfUtils.java:logGet(43)) - raft.server.log.appender.buffer.byte-limit = 33554432 (custom)
2019-11-05 11:09:38,674 [main] INFO  server.GrpcService (ConfUtils.java:logGet(43)) - raft.grpc.flow.control.window = 1MB (=1048576) (default)
2019-11-05 11:09:38,674 [main] INFO  server.RaftServerConfigKeys (ConfUtils.java:logGet(43)) - raft.server.rpc.request.timeout = 3000ms (default)
2019-11-05 11:09:38,675 [main] INFO  server.RaftServerConfigKeys (ConfUtils.java:logGet(43)) - raft.server.storage.dir = [/workdir/hadoop-ozone/integration-test/target/test-dir/MiniOzoneClusterImpl-15323bb8-fab1-4b87-97a4-cbcc55a81608/datanode-2/data/ratis] (custom)
2019-11-05 11:09:38,675 [main] INFO  impl.RaftServerProxy (RaftServerProxy.java:lambda$null$0(191)) - b4fa652e-9609-43ae-a5da-dbaebd8b3d71: found a subdirectory /workdir/hadoop-ozone/integration-test/target/test-dir/MiniOzoneClusterImpl-15323bb8-fab1-4b87-97a4-cbcc55a81608/datanode-2/data/ratis/f63e583d-d6c2-4f95-88c7-e99f3f14aa9c
2019-11-05 11:09:38,676 [main] INFO  impl.RaftServerProxy (RaftServerProxy.java:addNew(89)) - b4fa652e-9609-43ae-a5da-dbaebd8b3d71: addNew group-E99F3F14AA9C:[] returns group-E99F3F14AA9C:java.util.concurrent.CompletableFuture@4f327096[Not completed]
2019-11-05 11:09:38,677 [main] INFO  impl.RaftServerProxy (RaftServerProxy.java:lambda$null$0(191)) - b4fa652e-9609-43ae-a5da-dbaebd8b3d71: found a subdirectory /workdir/hadoop-ozone/integration-test/target/test-dir/MiniOzoneClusterImpl-15323bb8-fab1-4b87-97a4-cbcc55a81608/datanode-2/data/ratis/a8186365-22ae-4f7f-97bd-fd4a39ce61da
2019-11-05 11:09:38,677 [main] INFO  impl.RaftServerProxy (RaftServerProxy.java:addNew(89)) - b4fa652e-9609-43ae-a5da-dbaebd8b3d71: addNew group-FD4A39CE61DA:[] returns group-FD4A39CE61DA:java.util.concurrent.CompletableFuture@1d61a348[Not completed]
2019-11-05 11:09:38,679 [main] INFO  hdfs.DFSUtil (DFSUtil.java:httpServerTemplateForNNAndJN(1641)) - Starting Web-server for hddsDatanode at: http://0.0.0.0:37335
2019-11-05 11:09:38,685 [main] INFO  server.AuthenticationFilter (AuthenticationFilter.java:constructSecretProvider(240)) - Unable to initialize FileSignerSecretProvider, falling back to use random secrets.
2019-11-05 11:09:38,686 [main] WARN  http.HttpRequestLog (HttpRequestLog.java:getRequestLog(97)) - Jetty request log can only be enabled using Log4j
2019-11-05 11:09:38,689 [main] INFO  http.HttpServer2 (HttpServer2.java:addGlobalFilter(975)) - Added global filter 'safety' (class=org.apache.hadoop.http.HttpServer2$QuotingInputFilter)
2019-11-05 11:09:38,692 [main] INFO  http.HttpServer2 (HttpServer2.java:addFilter(948)) - Added filter static_user_filter (class=org.apache.hadoop.http.lib.StaticUserWebFilter$StaticUserFilter) to context hddsDatanode
2019-11-05 11:09:38,692 [main] INFO  http.HttpServer2 (HttpServer2.java:addFilter(958)) - Added filter static_user_filter (class=org.apache.hadoop.http.lib.StaticUserWebFilter$StaticUserFilter) to context logs
2019-11-05 11:09:38,693 [main] INFO  http.HttpServer2 (HttpServer2.java:addFilter(958)) - Added filter static_user_filter (class=org.apache.hadoop.http.lib.StaticUserWebFilter$StaticUserFilter) to context static
2019-11-05 11:09:38,695 [BlockDeletingService#9] WARN  background.BlockDeletingService (BlockDeletingService.java:isDeletionAllowed(187)) - Close Container log Index 6 is not replicated across allthe servers in the pipeline a8186365-22ae-4f7f-97bd-fd4a39ce61da as the min replicated index is 4. Deletion is not allowed in this container yet.
2019-11-05 11:09:38,695 [main] INFO  http.HttpServer2 (HttpServer2.java:bindListener(1191)) - Jetty bound to port 37335
2019-11-05 11:09:38,696 [main] INFO  server.Server (Server.java:doStart(351)) - jetty-9.3.25.v20180904, build timestamp: 2018-09-04T21:11:46Z, git hash: 3ce520221d0240229c862b122d2b06c12a625732
2019-11-05 11:09:38,705 [pool-59-thread-1] INFO  impl.RaftServerImpl (RaftServerImpl.java:<init>(104)) - b4fa652e-9609-43ae-a5da-dbaebd8b3d71: new RaftServerImpl for group-E99F3F14AA9C:[] with ContainerStateMachine:uninitialized
2019-11-05 11:09:38,713 [main] INFO  handler.ContextHandler (ContextHandler.java:doStart(781)) - Started o.e.j.s.ServletContextHandler@8cc8cdb{/logs,file:///workdir/hadoop-ozone/integration-test/target/log,AVAILABLE}
2019-11-05 11:09:38,714 [main] INFO  handler.ContextHandler (ContextHandler.java:doStart(781)) - Started o.e.j.s.ServletContextHandler@44fff386{/static,jar:file:/home/user/.m2/repository/org/apache/hadoop/hadoop-hdds-container-service/0.5.0-SNAPSHOT/hadoop-hdds-container-service-0.5.0-SNAPSHOT.jar!/webapps/static,AVAILABLE}
2019-11-05 11:09:38,726 [BlockDeletingService#2] WARN  background.BlockDeletingService (BlockDeletingService.java:isDeletionAllowed(187)) - Close Container log Index 6 is not replicated across allthe servers in the pipeline a8186365-22ae-4f7f-97bd-fd4a39ce61da as the min replicated index is 4. Deletion is not allowed in this container yet.
2019-11-05 11:09:38,726 [pool-59-thread-1] INFO  server.RaftServerConfigKeys (ConfUtils.java:logGet(43)) - raft.server.rpc.timeout.min = 5s (custom)
2019-11-05 11:09:38,727 [pool-59-thread-1] INFO  server.RaftServerConfigKeys (ConfUtils.java:logGet(43)) - raft.server.rpc.timeout.max = 5200ms (custom)
2019-11-05 11:09:38,727 [pool-59-thread-1] INFO  server.RaftServerConfigKeys (ConfUtils.java:logGet(43)) - raft.server.rpcslowness.timeout = 1000s (custom)
2019-11-05 11:09:38,727 [pool-59-thread-1] INFO  server.RaftServerConfigKeys (ConfUtils.java:logGet(43)) - raft.server.sleep.deviation.threshold = 300 (default)
2019-11-05 11:09:38,727 [pool-59-thread-1] INFO  server.RaftServerConfigKeys (ConfUtils.java:logGet(43)) - raft.server.log.appender.install.snapshot.enabled = false (custom)
2019-11-05 11:09:38,727 [pool-59-thread-1] INFO  impl.RaftServerImpl (ServerState.java:<init>(103)) - b4fa652e-9609-43ae-a5da-dbaebd8b3d71@group-E99F3F14AA9C: ConfigurationManager, init=-1: [], old=null, confs=<EMPTY_MAP>
2019-11-05 11:09:38,727 [pool-59-thread-1] INFO  server.RaftServerConfigKeys (ConfUtils.java:logGet(43)) - raft.server.storage.dir = [/workdir/hadoop-ozone/integration-test/target/test-dir/MiniOzoneClusterImpl-15323bb8-fab1-4b87-97a4-cbcc55a81608/datanode-2/data/ratis] (custom)
2019-11-05 11:09:38,728 [pool-59-thread-1] INFO  server.RaftServerConfigKeys (ConfUtils.java:logGet(43)) - raft.server.log.corruption.policy = EXCEPTION (default)
2019-11-05 11:09:38,735 [pool-59-thread-1] INFO  storage.RaftStorageDirectory (RaftStorageDirectory.java:tryLock(328)) - Lock on /workdir/hadoop-ozone/integration-test/target/test-dir/MiniOzoneClusterImpl-15323bb8-fab1-4b87-97a4-cbcc55a81608/datanode-2/data/ratis/f63e583d-d6c2-4f95-88c7-e99f3f14aa9c/in_use.lock acquired by nodename 17229@pr-hdds-1643-qwrct-1900426900
2019-11-05 11:09:38,737 [pool-59-thread-1] INFO  ratis.ContainerStateMachine (ContainerStateMachine.java:loadSnapshot(231)) - group-E99F3F14AA9C: The snapshot info is null. Setting the last applied indexto:(t:0, i:~)
2019-11-05 11:09:38,737 [pool-59-thread-1] INFO  server.RaftServerConfigKeys (ConfUtils.java:logGet(43)) - raft.server.notification.no-leader.timeout = 1000s (custom)
2019-11-05 11:09:38,737 [pool-59-thread-1] INFO  server.RaftServerConfigKeys (ConfUtils.java:logGet(43)) - raft.server.log.use.memory = false (default)
2019-11-05 11:09:38,738 [pool-59-thread-1] INFO  server.RaftServerConfigKeys (ConfUtils.java:logGet(43)) - raft.server.log.purge.gap = 1000000 (custom)
2019-11-05 11:09:38,738 [pool-59-thread-1] INFO  server.RaftServerConfigKeys (ConfUtils.java:logGet(43)) - raft.server.log.appender.buffer.byte-limit = 33554432 (custom)
2019-11-05 11:09:38,738 [pool-59-thread-1] INFO  server.RaftServerConfigKeys (ConfUtils.java:logGet(43)) - raft.server.log.segment.size.max = 1048576 (custom)
2019-11-05 11:09:38,738 [pool-59-thread-1] INFO  server.RaftServerConfigKeys (ConfUtils.java:logGet(43)) - raft.server.log.segment.cache.num.max = 2 (custom)
2019-11-05 11:09:38,739 [pool-59-thread-1] INFO  segmented.SegmentedRaftLogWorker (SegmentedRaftLogWorker.java:<init>(173)) - new b4fa652e-9609-43ae-a5da-dbaebd8b3d71@group-E99F3F14AA9C-SegmentedRaftLogWorker for RaftStorage:Storage Directory /workdir/hadoop-ozone/integration-test/target/test-dir/MiniOzoneClusterImpl-15323bb8-fab1-4b87-97a4-cbcc55a81608/datanode-2/data/ratis/f63e583d-d6c2-4f95-88c7-e99f3f14aa9c
2019-11-05 11:09:38,739 [pool-59-thread-1] INFO  server.RaftServerConfigKeys (ConfUtils.java:logGet(43)) - raft.server.log.queue.byte-limit = 2147483647 (custom)
2019-11-05 11:09:38,739 [pool-59-thread-1] INFO  server.RaftServerConfigKeys (ConfUtils.java:logGet(43)) - raft.server.log.queue.element-limit = 1024 (custom)
2019-11-05 11:09:38,739 [pool-59-thread-1] INFO  server.RaftServerConfigKeys (ConfUtils.java:logGet(43)) - raft.server.log.segment.size.max = 1048576 (custom)
2019-11-05 11:09:38,739 [pool-59-thread-1] INFO  server.RaftServerConfigKeys (ConfUtils.java:logGet(43)) - raft.server.log.preallocated.size = 16384 (custom)
2019-11-05 11:09:38,739 [pool-59-thread-1] INFO  server.RaftServerConfigKeys (ConfUtils.java:logGet(43)) - raft.server.log.write.buffer.size = 33554432 (custom)
2019-11-05 11:09:38,740 [pool-59-thread-1] INFO  server.RaftServerConfigKeys (ConfUtils.java:logGet(43)) - raft.server.log.force.sync.num = 128 (default)
2019-11-05 11:09:38,740 [pool-59-thread-1] INFO  server.RaftServerConfigKeys (ConfUtils.java:logGet(43)) - raft.server.log.statemachine.data.sync = true (default)
2019-11-05 11:09:38,740 [pool-59-thread-1] INFO  server.RaftServerConfigKeys (ConfUtils.java:logGet(43)) - raft.server.log.statemachine.data.sync.timeout = 10s (default)
2019-11-05 11:09:38,740 [pool-59-thread-1] INFO  server.RaftServerConfigKeys (ConfUtils.java:logGet(43)) - raft.server.log.statemachine.data.sync.timeout.retry = -1 (default)
2019-11-05 11:09:38,740 [pool-59-thread-1] INFO  server.RaftServerConfigKeys (ConfUtils.java:logGet(43)) - raft.server.log.statemachine.data.caching.enabled = true (custom)
2019-11-05 11:09:38,761 [pool-59-thread-1] INFO  impl.RaftServerImpl (ServerState.java:setRaftConf(357)) - b4fa652e-9609-43ae-a5da-dbaebd8b3d71@group-E99F3F14AA9C: set configuration 0: [b4fa652e-9609-43ae-a5da-dbaebd8b3d71:192.168.157.252:36685], old=null at 0
2019-11-05 11:09:38,768 [pool-59-thread-1] INFO  segmented.LogSegment (LogSegment.java:loadSegment(140)) - Successfully read 1 entries from segment file /workdir/hadoop-ozone/integration-test/target/test-dir/MiniOzoneClusterImpl-15323bb8-fab1-4b87-97a4-cbcc55a81608/datanode-2/data/ratis/f63e583d-d6c2-4f95-88c7-e99f3f14aa9c/current/log_inprogress_0
2019-11-05 11:09:38,768 [pool-59-thread-1] INFO  segmented.SegmentedRaftLogWorker (SegmentedRaftLogWorker.java:lambda$new$0(128)) - b4fa652e-9609-43ae-a5da-dbaebd8b3d71@group-E99F3F14AA9C-SegmentedRaftLogWorker: flushIndex: setUnconditionally 0 -> 0
2019-11-05 11:09:38,779 [main] INFO  handler.ContextHandler (ContextHandler.java:doStart(781)) - Started o.e.j.w.WebAppContext@5f96f6a2{/,file:///tmp/jetty-0.0.0.0-37335-hddsDatanode-_-any-817594626439295535.dir/webapp/,AVAILABLE}{/hddsDatanode}
2019-11-05 11:09:38,802 [pool-59-thread-1] INFO  server.RaftServerConfigKeys (ConfUtils.java:logGet(43)) - raft.server.snapshot.auto.trigger.enabled = true (custom)
2019-11-05 11:09:38,802 [pool-59-thread-1] INFO  server.RaftServerConfigKeys (ConfUtils.java:logGet(43)) - raft.server.snapshot.auto.trigger.threshold = 10000 (custom)
2019-11-05 11:09:38,802 [pool-59-thread-1] INFO  server.RaftServerConfigKeys (ConfUtils.java:logGet(43)) - raft.server.snapshot.retention.file.num = 5 (custom)
2019-11-05 11:09:38,803 [pool-59-thread-1] INFO  server.RaftServerConfigKeys (ConfUtils.java:logGet(43)) - raft.server.retrycache.expirytime = 600000ms (custom)
2019-11-05 11:09:38,803 [main] INFO  server.AbstractConnector (AbstractConnector.java:doStart(278)) - Started ServerConnector@48df4071{HTTP/1.1,[http/1.1]}{0.0.0.0:37335}
2019-11-05 11:09:38,804 [main] INFO  server.Server (Server.java:doStart(419)) - Started @116417ms
2019-11-05 11:09:38,805 [pool-59-thread-1] INFO  impl.RaftServerImpl (RaftServerImpl.java:<init>(104)) - b4fa652e-9609-43ae-a5da-dbaebd8b3d71: new RaftServerImpl for group-FD4A39CE61DA:[] with ContainerStateMachine:uninitialized
2019-11-05 11:09:38,805 [pool-59-thread-1] INFO  server.RaftServerConfigKeys (ConfUtils.java:logGet(43)) - raft.server.rpc.timeout.min = 5s (custom)
2019-11-05 11:09:38,805 [pool-59-thread-1] INFO  server.RaftServerConfigKeys (ConfUtils.java:logGet(43)) - raft.server.rpc.timeout.max = 5200ms (custom)
2019-11-05 11:09:38,805 [pool-59-thread-1] INFO  server.RaftServerConfigKeys (ConfUtils.java:logGet(43)) - raft.server.rpcslowness.timeout = 1000s (custom)
2019-11-05 11:09:38,805 [pool-59-thread-1] INFO  server.RaftServerConfigKeys (ConfUtils.java:logGet(43)) - raft.server.sleep.deviation.threshold = 300 (default)
2019-11-05 11:09:38,805 [pool-59-thread-1] INFO  server.RaftServerConfigKeys (ConfUtils.java:logGet(43)) - raft.server.log.appender.install.snapshot.enabled = false (custom)
2019-11-05 11:09:38,805 [pool-59-thread-1] INFO  impl.RaftServerImpl (ServerState.java:<init>(103)) - b4fa652e-9609-43ae-a5da-dbaebd8b3d71@group-FD4A39CE61DA: ConfigurationManager, init=-1: [], old=null, confs=<EMPTY_MAP>
2019-11-05 11:09:38,805 [pool-59-thread-1] INFO  server.RaftServerConfigKeys (ConfUtils.java:logGet(43)) - raft.server.storage.dir = [/workdir/hadoop-ozone/integration-test/target/test-dir/MiniOzoneClusterImpl-15323bb8-fab1-4b87-97a4-cbcc55a81608/datanode-2/data/ratis] (custom)
2019-11-05 11:09:38,806 [pool-59-thread-1] INFO  server.RaftServerConfigKeys (ConfUtils.java:logGet(43)) - raft.server.log.corruption.policy = EXCEPTION (default)
2019-11-05 11:09:38,806 [main] WARN  impl.MetricsSystemImpl (MetricsSystemImpl.java:register(276)) - Sink prometheus already exists!
2019-11-05 11:09:38,808 [main] INFO  server.BaseHttpServer (BaseHttpServer.java:updateConnectorAddress(215)) - HTTP server of HDDSDATANODE is listening at http://0.0.0.0:37335
2019-11-05 11:09:38,811 [org.apache.hadoop.util.JvmPauseMonitor$Monitor@6ff2f0e7] INFO  util.JvmPauseMonitor (JvmPauseMonitor.java:run(188)) - Starting JVM pause monitor
2019-11-05 11:09:38,830 [pool-59-thread-1] INFO  storage.RaftStorageDirectory (RaftStorageDirectory.java:tryLock(328)) - Lock on /workdir/hadoop-ozone/integration-test/target/test-dir/MiniOzoneClusterImpl-15323bb8-fab1-4b87-97a4-cbcc55a81608/datanode-2/data/ratis/a8186365-22ae-4f7f-97bd-fd4a39ce61da/in_use.lock acquired by nodename 17229@pr-hdds-1643-qwrct-1900426900
2019-11-05 11:09:38,833 [pool-59-thread-1] INFO  ratis.ContainerStateMachine (ContainerStateMachine.java:loadSnapshot(240)) - group-FD4A39CE61DA: Setting the last applied index to (t:1, i:3)
2019-11-05 11:09:38,840 [pool-59-thread-1] INFO  impl.RaftServerImpl (ServerState.java:setRaftConf(357)) - b4fa652e-9609-43ae-a5da-dbaebd8b3d71@group-FD4A39CE61DA: set configuration 0: [217b40b1-6496-41ee-9e5f-1bb61aa45139:192.168.157.252:40951, 69837c10-b6a5-4691-9f82-b2bf7c109e66:192.168.157.252:40716, b4fa652e-9609-43ae-a5da-dbaebd8b3d71:192.168.157.252:36685], old=null at 0
2019-11-05 11:09:38,840 [pool-59-thread-1] INFO  server.RaftServerConfigKeys (ConfUtils.java:logGet(43)) - raft.server.notification.no-leader.timeout = 1000s (custom)
2019-11-05 11:09:38,840 [pool-59-thread-1] INFO  server.RaftServerConfigKeys (ConfUtils.java:logGet(43)) - raft.server.log.use.memory = false (default)
2019-11-05 11:09:38,841 [pool-59-thread-1] INFO  server.RaftServerConfigKeys (ConfUtils.java:logGet(43)) - raft.server.log.purge.gap = 1000000 (custom)
2019-11-05 11:09:38,841 [pool-59-thread-1] INFO  server.RaftServerConfigKeys (ConfUtils.java:logGet(43)) - raft.server.log.appender.buffer.byte-limit = 33554432 (custom)
2019-11-05 11:09:38,841 [pool-59-thread-1] INFO  server.RaftServerConfigKeys (ConfUtils.java:logGet(43)) - raft.server.log.segment.size.max = 1048576 (custom)
2019-11-05 11:09:38,841 [pool-59-thread-1] INFO  server.RaftServerConfigKeys (ConfUtils.java:logGet(43)) - raft.server.log.segment.cache.num.max = 2 (custom)
2019-11-05 11:09:38,841 [pool-59-thread-1] INFO  segmented.SegmentedRaftLogWorker (SegmentedRaftLogWorker.java:<init>(173)) - new b4fa652e-9609-43ae-a5da-dbaebd8b3d71@group-FD4A39CE61DA-SegmentedRaftLogWorker for RaftStorage:Storage Directory /workdir/hadoop-ozone/integration-test/target/test-dir/MiniOzoneClusterImpl-15323bb8-fab1-4b87-97a4-cbcc55a81608/datanode-2/data/ratis/a8186365-22ae-4f7f-97bd-fd4a39ce61da
2019-11-05 11:09:38,841 [pool-59-thread-1] INFO  server.RaftServerConfigKeys (ConfUtils.java:logGet(43)) - raft.server.log.queue.byte-limit = 2147483647 (custom)
2019-11-05 11:09:38,842 [pool-59-thread-1] INFO  server.RaftServerConfigKeys (ConfUtils.java:logGet(43)) - raft.server.log.queue.element-limit = 1024 (custom)
2019-11-05 11:09:38,842 [pool-59-thread-1] INFO  server.RaftServerConfigKeys (ConfUtils.java:logGet(43)) - raft.server.log.segment.size.max = 1048576 (custom)
2019-11-05 11:09:38,842 [pool-59-thread-1] INFO  server.RaftServerConfigKeys (ConfUtils.java:logGet(43)) - raft.server.log.preallocated.size = 16384 (custom)
2019-11-05 11:09:38,842 [pool-59-thread-1] INFO  server.RaftServerConfigKeys (ConfUtils.java:logGet(43)) - raft.server.log.write.buffer.size = 33554432 (custom)
2019-11-05 11:09:38,842 [pool-59-thread-1] INFO  server.RaftServerConfigKeys (ConfUtils.java:logGet(43)) - raft.server.log.force.sync.num = 128 (default)
2019-11-05 11:09:38,842 [pool-59-thread-1] INFO  server.RaftServerConfigKeys (ConfUtils.java:logGet(43)) - raft.server.log.statemachine.data.sync = true (default)
2019-11-05 11:09:38,843 [pool-59-thread-1] INFO  server.RaftServerConfigKeys (ConfUtils.java:logGet(43)) - raft.server.log.statemachine.data.sync.timeout = 10s (default)
2019-11-05 11:09:38,843 [pool-59-thread-1] INFO  server.RaftServerConfigKeys (ConfUtils.java:logGet(43)) - raft.server.log.statemachine.data.sync.timeout.retry = -1 (default)
2019-11-05 11:09:38,843 [pool-59-thread-1] INFO  server.RaftServerConfigKeys (ConfUtils.java:logGet(43)) - raft.server.log.statemachine.data.caching.enabled = true (custom)
2019-11-05 11:09:38,844 [pool-59-thread-1] INFO  impl.RaftServerImpl (ServerState.java:setRaftConf(357)) - b4fa652e-9609-43ae-a5da-dbaebd8b3d71@group-FD4A39CE61DA: set configuration 0: [217b40b1-6496-41ee-9e5f-1bb61aa45139:192.168.157.252:40951, 69837c10-b6a5-4691-9f82-b2bf7c109e66:192.168.157.252:40716, b4fa652e-9609-43ae-a5da-dbaebd8b3d71:192.168.157.252:36685], old=null at 0
2019-11-05 11:09:38,845 [pool-59-thread-1] INFO  segmented.LogSegment (LogSegment.java:loadSegment(140)) - Successfully read 5 entries from segment file /workdir/hadoop-ozone/integration-test/target/test-dir/MiniOzoneClusterImpl-15323bb8-fab1-4b87-97a4-cbcc55a81608/datanode-2/data/ratis/a8186365-22ae-4f7f-97bd-fd4a39ce61da/current/log_inprogress_0
2019-11-05 11:09:38,845 [pool-59-thread-1] INFO  segmented.SegmentedRaftLogWorker (SegmentedRaftLogWorker.java:lambda$new$0(128)) - b4fa652e-9609-43ae-a5da-dbaebd8b3d71@group-FD4A39CE61DA-SegmentedRaftLogWorker: flushIndex: setUnconditionally 0 -> 4
2019-11-05 11:09:38,847 [java.util.concurrent.ThreadPoolExecutor$Worker@5b207bf4[State = -1, empty queue]] WARN  server.GrpcLogAppender (GrpcLogAppender.java:timeoutAppendRequest(209)) - 217b40b1-6496-41ee-9e5f-1bb61aa45139@group-FD4A39CE61DA->b4fa652e-9609-43ae-a5da-dbaebd8b3d71-GrpcLogAppender: appendEntries Timeout, request=217b40b1-6496-41ee-9e5f-1bb61aa45139->b4fa652e-9609-43ae-a5da-dbaebd8b3d71#50-t1, previous=(t:1, i:10), leaderCommit=10, initializing? false, entries: <empty>
2019-11-05 11:09:38,875 [pool-59-thread-1] INFO  raftlog.RaftLog (RaftLog.java:lambda$new$0(61)) - b4fa652e-9609-43ae-a5da-dbaebd8b3d71@group-FD4A39CE61DA-SegmentedRaftLog: commitIndex: updateToMax old=3, new=3, updated? false
2019-11-05 11:09:38,875 [pool-59-thread-1] INFO  server.RaftServerConfigKeys (ConfUtils.java:logGet(43)) - raft.server.snapshot.auto.trigger.enabled = true (custom)
2019-11-05 11:09:38,876 [pool-59-thread-1] INFO  server.RaftServerConfigKeys (ConfUtils.java:logGet(43)) - raft.server.snapshot.auto.trigger.threshold = 10000 (custom)
2019-11-05 11:09:38,876 [pool-59-thread-1] INFO  server.RaftServerConfigKeys (ConfUtils.java:logGet(43)) - raft.server.snapshot.retention.file.num = 5 (custom)
2019-11-05 11:09:38,876 [pool-59-thread-1] INFO  server.RaftServerConfigKeys (ConfUtils.java:logGet(43)) - raft.server.retrycache.expirytime = 600000ms (custom)
2019-11-05 11:09:39,572 [pool-7-thread-1] INFO  commands.RetriableDatanodeEventWatcher (RetriableDatanodeEventWatcher.java:onTimeout(47)) - RetriableDatanodeCommand type=deleteBlocksCommand with id=1572952177566 timed out. Retrying.
2019-11-05 11:09:39,572 [SCMBlockDeletingService#0] INFO  block.SCMBlockDeletingService (SCMBlockDeletingService.java:call(184)) - Totally added 1 delete blocks command for 1 datanodes, task elapsed time: 1ms
2019-11-05 11:09:39,576 [pool-7-thread-1] INFO  commands.RetriableDatanodeEventWatcher (RetriableDatanodeEventWatcher.java:onTimeout(47)) - RetriableDatanodeCommand type=deleteBlocksCommand with id=1572952177565 timed out. Retrying.
2019-11-05 11:09:39,715 [BlockDeletingService#9] WARN  background.BlockDeletingService (BlockDeletingService.java:isDeletionAllowed(187)) - Close Container log Index 6 is not replicated across allthe servers in the pipeline a8186365-22ae-4f7f-97bd-fd4a39ce61da as the min replicated index is 4. Deletion is not allowed in this container yet.
2019-11-05 11:09:39,731 [BlockDeletingService#2] WARN  background.BlockDeletingService (BlockDeletingService.java:isDeletionAllowed(187)) - Close Container log Index 6 is not replicated across allthe servers in the pipeline a8186365-22ae-4f7f-97bd-fd4a39ce61da as the min replicated index is 4. Deletion is not allowed in this container yet.
2019-11-05 11:09:40,573 [pool-7-thread-1] INFO  commands.RetriableDatanodeEventWatcher (RetriableDatanodeEventWatcher.java:onTimeout(47)) - RetriableDatanodeCommand type=deleteBlocksCommand with id=1572952177567 timed out. Retrying.
2019-11-05 11:09:40,574 [SCMBlockDeletingService#0] INFO  block.SCMBlockDeletingService (SCMBlockDeletingService.java:call(184)) - Totally added 1 delete blocks command for 1 datanodes, task elapsed time: 2ms
2019-11-05 11:09:40,574 [pool-7-thread-2] INFO  commands.RetriableDatanodeEventWatcher (RetriableDatanodeEventWatcher.java:onTimeout(47)) - RetriableDatanodeCommand type=deleteBlocksCommand with id=1572952177566 timed out. Retrying.
2019-11-05 11:09:40,577 [pool-7-thread-2] INFO  commands.RetriableDatanodeEventWatcher (RetriableDatanodeEventWatcher.java:onTimeout(47)) - RetriableDatanodeCommand type=deleteBlocksCommand with id=1572952177565 timed out. Retrying.
2019-11-05 11:09:40,717 [BlockDeletingService#9] WARN  background.BlockDeletingService (BlockDeletingService.java:isDeletionAllowed(187)) - Close Container log Index 6 is not replicated across allthe servers in the pipeline a8186365-22ae-4f7f-97bd-fd4a39ce61da as the min replicated index is 4. Deletion is not allowed in this container yet.
2019-11-05 11:09:40,733 [BlockDeletingService#2] WARN  background.BlockDeletingService (BlockDeletingService.java:isDeletionAllowed(187)) - Close Container log Index 6 is not replicated across allthe servers in the pipeline a8186365-22ae-4f7f-97bd-fd4a39ce61da as the min replicated index is 4. Deletion is not allowed in this container yet.
2019-11-05 11:09:40,813 [Datanode State Machine Thread - 0] INFO  ozoneimpl.OzoneContainer (OzoneContainer.java:start(213)) - Attempting to start container services.
2019-11-05 11:09:40,813 [Datanode State Machine Thread - 0] INFO  ozoneimpl.OzoneContainer (OzoneContainer.java:startContainerScrub(177)) - Background container scanner has been disabled.
2019-11-05 11:09:40,813 [Datanode State Machine Thread - 0] INFO  ratis.XceiverServerRatis (XceiverServerRatis.java:start(418)) - Starting XceiverServerRatis b4fa652e-9609-43ae-a5da-dbaebd8b3d71 at port 36685
2019-11-05 11:09:40,839 [Datanode State Machine Thread - 0] INFO  impl.RaftServerImpl (RaftServerImpl.java:start(195)) - b4fa652e-9609-43ae-a5da-dbaebd8b3d71@group-FD4A39CE61DA: start as a follower, conf=0: [217b40b1-6496-41ee-9e5f-1bb61aa45139:192.168.157.252:40951, 69837c10-b6a5-4691-9f82-b2bf7c109e66:192.168.157.252:40716, b4fa652e-9609-43ae-a5da-dbaebd8b3d71:192.168.157.252:36685], old=null
2019-11-05 11:09:40,839 [Datanode State Machine Thread - 0] INFO  impl.RaftServerImpl (RaftServerImpl.java:setRole(184)) - b4fa652e-9609-43ae-a5da-dbaebd8b3d71@group-FD4A39CE61DA: changes role from      null to FOLLOWER at term 1 for startAsFollower
2019-11-05 11:09:40,839 [Datanode State Machine Thread - 0] INFO  impl.RoleInfo (RoleInfo.java:updateAndGet(143)) - b4fa652e-9609-43ae-a5da-dbaebd8b3d71: start FollowerState
2019-11-05 11:09:40,847 [Datanode State Machine Thread - 0] INFO  util.JmxRegister (JmxRegister.java:tryRegister(44)) - Successfully registered JMX Bean with object name Ratis:service=RaftServer,group=group-FD4A39CE61DA,id=b4fa652e-9609-43ae-a5da-dbaebd8b3d71
2019-11-05 11:09:40,855 [ForkJoinPool.commonPool-worker-0] INFO  impl.RaftServerImpl (RaftServerImpl.java:start(195)) - b4fa652e-9609-43ae-a5da-dbaebd8b3d71@group-E99F3F14AA9C: start as a follower, conf=0: [b4fa652e-9609-43ae-a5da-dbaebd8b3d71:192.168.157.252:36685], old=null
2019-11-05 11:09:40,856 [ForkJoinPool.commonPool-worker-0] INFO  impl.RaftServerImpl (RaftServerImpl.java:setRole(184)) - b4fa652e-9609-43ae-a5da-dbaebd8b3d71@group-E99F3F14AA9C: changes role from      null to FOLLOWER at term 1 for startAsFollower
2019-11-05 11:09:40,856 [ForkJoinPool.commonPool-worker-0] INFO  impl.RoleInfo (RoleInfo.java:updateAndGet(143)) - b4fa652e-9609-43ae-a5da-dbaebd8b3d71: start FollowerState
2019-11-05 11:09:40,856 [ForkJoinPool.commonPool-worker-0] INFO  util.JmxRegister (JmxRegister.java:tryRegister(44)) - Successfully registered JMX Bean with object name Ratis:service=RaftServer,group=group-E99F3F14AA9C,id=b4fa652e-9609-43ae-a5da-dbaebd8b3d71
2019-11-05 11:09:40,864 [Datanode State Machine Thread - 0] INFO  impl.RaftServerProxy (RaftServerProxy.java:lambda$start$3(299)) - b4fa652e-9609-43ae-a5da-dbaebd8b3d71: start RPC server
2019-11-05 11:09:40,904 [Datanode State Machine Thread - 0] INFO  server.GrpcService (GrpcService.java:startImpl(158)) - b4fa652e-9609-43ae-a5da-dbaebd8b3d71: GrpcService started, listening on 0.0.0.0/0.0.0.0:36685
2019-11-05 11:09:40,929 [Thread-538] INFO  impl.FollowerState (FollowerState.java:run(108)) - b4fa652e-9609-43ae-a5da-dbaebd8b3d71@group-FD4A39CE61DA-FollowerState: change to CANDIDATE, lastRpcTime:89ms, electionTimeout:80ms
2019-11-05 11:09:40,929 [Thread-538] INFO  impl.RoleInfo (RoleInfo.java:shutdownFollowerState(121)) - b4fa652e-9609-43ae-a5da-dbaebd8b3d71: shutdown FollowerState
2019-11-05 11:09:40,930 [Thread-538] INFO  impl.RaftServerImpl (RaftServerImpl.java:setRole(184)) - b4fa652e-9609-43ae-a5da-dbaebd8b3d71@group-FD4A39CE61DA: changes role from  FOLLOWER to CANDIDATE at term 1 for changeToCandidate
2019-11-05 11:09:40,930 [Thread-538] INFO  impl.RoleInfo (RoleInfo.java:updateAndGet(143)) - b4fa652e-9609-43ae-a5da-dbaebd8b3d71: start LeaderElection
2019-11-05 11:09:40,954 [b4fa652e-9609-43ae-a5da-dbaebd8b3d71@group-FD4A39CE61DA-LeaderElection6] INFO  impl.LeaderElection (LeaderElection.java:askForVotes(178)) - b4fa652e-9609-43ae-a5da-dbaebd8b3d71@group-FD4A39CE61DA-LeaderElection6: begin an election at term 2 for 0: [217b40b1-6496-41ee-9e5f-1bb61aa45139:192.168.157.252:40951, 69837c10-b6a5-4691-9f82-b2bf7c109e66:192.168.157.252:40716, b4fa652e-9609-43ae-a5da-dbaebd8b3d71:192.168.157.252:36685], old=null
2019-11-05 11:09:41,032 [Thread-539] INFO  impl.FollowerState (FollowerState.java:run(108)) - b4fa652e-9609-43ae-a5da-dbaebd8b3d71@group-E99F3F14AA9C-FollowerState: change to CANDIDATE, lastRpcTime:176ms, electionTimeout:136ms
2019-11-05 11:09:41,033 [Thread-539] INFO  impl.RoleInfo (RoleInfo.java:shutdownFollowerState(121)) - b4fa652e-9609-43ae-a5da-dbaebd8b3d71: shutdown FollowerState
2019-11-05 11:09:41,033 [Thread-539] INFO  impl.RaftServerImpl (RaftServerImpl.java:setRole(184)) - b4fa652e-9609-43ae-a5da-dbaebd8b3d71@group-E99F3F14AA9C: changes role from  FOLLOWER to CANDIDATE at term 1 for changeToCandidate
2019-11-05 11:09:41,033 [Thread-539] INFO  impl.RoleInfo (RoleInfo.java:updateAndGet(143)) - b4fa652e-9609-43ae-a5da-dbaebd8b3d71: start LeaderElection
2019-11-05 11:09:41,033 [b4fa652e-9609-43ae-a5da-dbaebd8b3d71@group-FD4A39CE61DA-LeaderElection6] INFO  impl.LeaderElection (LeaderElection.java:logAndReturn(56)) - b4fa652e-9609-43ae-a5da-dbaebd8b3d71@group-FD4A39CE61DA-LeaderElection6: Election TIMEOUT; received 0 response(s) [] and 0 exception(s); b4fa652e-9609-43ae-a5da-dbaebd8b3d71@group-FD4A39CE61DA:t2, leader=null, voted=b4fa652e-9609-43ae-a5da-dbaebd8b3d71, raftlog=b4fa652e-9609-43ae-a5da-dbaebd8b3d71@group-FD4A39CE61DA-SegmentedRaftLog:OPENED:c3,f4,i4, conf=0: [217b40b1-6496-41ee-9e5f-1bb61aa45139:192.168.157.252:40951, 69837c10-b6a5-4691-9f82-b2bf7c109e66:192.168.157.252:40716, b4fa652e-9609-43ae-a5da-dbaebd8b3d71:192.168.157.252:36685], old=null
2019-11-05 11:09:41,087 [grpc-default-executor-1] INFO  impl.RaftServerImpl (ServerState.java:setLeader(256)) - 217b40b1-6496-41ee-9e5f-1bb61aa45139@group-FD4A39CE61DA: change Leader from 217b40b1-6496-41ee-9e5f-1bb61aa45139 to null at term 2 for updateCurrentTerm
2019-11-05 11:09:41,088 [grpc-default-executor-1] INFO  impl.RaftServerImpl (RaftServerImpl.java:setRole(184)) - 217b40b1-6496-41ee-9e5f-1bb61aa45139@group-FD4A39CE61DA: changes role from    LEADER to FOLLOWER at term 2 for recognizeCandidate:b4fa652e-9609-43ae-a5da-dbaebd8b3d71
2019-11-05 11:09:41,088 [b4fa652e-9609-43ae-a5da-dbaebd8b3d71@group-FD4A39CE61DA-LeaderElection6] INFO  impl.LeaderElection (LeaderElection.java:askForVotes(178)) - b4fa652e-9609-43ae-a5da-dbaebd8b3d71@group-FD4A39CE61DA-LeaderElection6: begin an election at term 3 for 0: [217b40b1-6496-41ee-9e5f-1bb61aa45139:192.168.157.252:40951, 69837c10-b6a5-4691-9f82-b2bf7c109e66:192.168.157.252:40716, b4fa652e-9609-43ae-a5da-dbaebd8b3d71:192.168.157.252:36685], old=null
2019-11-05 11:09:41,090 [b4fa652e-9609-43ae-a5da-dbaebd8b3d71@group-E99F3F14AA9C-LeaderElection7] INFO  impl.LeaderElection (LeaderElection.java:askForVotes(178)) - b4fa652e-9609-43ae-a5da-dbaebd8b3d71@group-E99F3F14AA9C-LeaderElection7: begin an election at term 2 for 0: [b4fa652e-9609-43ae-a5da-dbaebd8b3d71:192.168.157.252:36685], old=null
2019-11-05 11:09:41,088 [grpc-default-executor-1] INFO  impl.RoleInfo (RoleInfo.java:shutdownLeaderState(104)) - 217b40b1-6496-41ee-9e5f-1bb61aa45139: shutdown LeaderState
2019-11-05 11:09:41,090 [b4fa652e-9609-43ae-a5da-dbaebd8b3d71@group-E99F3F14AA9C-LeaderElection7] INFO  impl.RoleInfo (RoleInfo.java:shutdownLeaderElection(134)) - b4fa652e-9609-43ae-a5da-dbaebd8b3d71: shutdown LeaderElection
2019-11-05 11:09:41,092 [grpc-default-executor-1] INFO  impl.PendingRequests (PendingRequests.java:sendNotLeaderResponses(202)) - 217b40b1-6496-41ee-9e5f-1bb61aa45139@group-FD4A39CE61DA-PendingRequests: sendNotLeaderResponses
2019-11-05 11:09:41,097 [org.apache.ratis.server.impl.LogAppender$AppenderDaemon$$Lambda$426/817358743@5e0b4acc] WARN  server.GrpcLogAppender (GrpcLogAppender.java:mayWait(149)) - 217b40b1-6496-41ee-9e5f-1bb61aa45139@group-FD4A39CE61DA->69837c10-b6a5-4691-9f82-b2bf7c109e66-GrpcLogAppender: Wait interrupted by java.lang.InterruptedException
2019-11-05 11:09:41,092 [b4fa652e-9609-43ae-a5da-dbaebd8b3d71@group-E99F3F14AA9C-LeaderElection7] INFO  impl.RaftServerImpl (RaftServerImpl.java:setRole(184)) - b4fa652e-9609-43ae-a5da-dbaebd8b3d71@group-E99F3F14AA9C: changes role from CANDIDATE to LEADER at term 2 for changeToLeader
2019-11-05 11:09:41,108 [b4fa652e-9609-43ae-a5da-dbaebd8b3d71@group-E99F3F14AA9C-LeaderElection7] INFO  impl.RaftServerImpl (ServerState.java:setLeader(256)) - b4fa652e-9609-43ae-a5da-dbaebd8b3d71@group-E99F3F14AA9C: change Leader from null to b4fa652e-9609-43ae-a5da-dbaebd8b3d71 at term 2 for becomeLeader, leader elected after 2370ms
2019-11-05 11:09:41,113 [grpc-default-executor-5] INFO  server.GrpcServerProtocolService (GrpcServerProtocolService.java:onCompleted(113)) - 69837c10-b6a5-4691-9f82-b2bf7c109e66: Completed APPEND_ENTRIES, lastRequest: 217b40b1-6496-41ee-9e5f-1bb61aa45139->69837c10-b6a5-4691-9f82-b2bf7c109e66#51-t1, previous=(t:1, i:10), leaderCommit=10, initializing? false, entries: <empty>
2019-11-05 11:09:41,092 [org.apache.ratis.server.impl.LogAppender$AppenderDaemon$$Lambda$426/817358743@e0dbe83] WARN  server.GrpcLogAppender (GrpcLogAppender.java:mayWait(149)) - 217b40b1-6496-41ee-9e5f-1bb61aa45139@group-FD4A39CE61DA->b4fa652e-9609-43ae-a5da-dbaebd8b3d71-GrpcLogAppender: Wait interrupted by java.lang.InterruptedException
2019-11-05 11:09:41,116 [b4fa652e-9609-43ae-a5da-dbaebd8b3d71@group-E99F3F14AA9C-LeaderElection7] INFO  server.RaftServerConfigKeys (ConfUtils.java:logGet(43)) - raft.server.staging.catchup.gap = 1000 (default)
2019-11-05 11:09:41,116 [grpc-default-executor-4] INFO  impl.RaftServerImpl (ServerState.java:setLeader(256)) - 69837c10-b6a5-4691-9f82-b2bf7c109e66@group-FD4A39CE61DA: change Leader from 217b40b1-6496-41ee-9e5f-1bb61aa45139 to null at term 2 for updateCurrentTerm
2019-11-05 11:09:41,116 [b4fa652e-9609-43ae-a5da-dbaebd8b3d71@group-E99F3F14AA9C-LeaderElection7] INFO  server.RaftServerConfigKeys (ConfUtils.java:logGet(43)) - raft.server.rpc.sleep.time = 25ms (default)
2019-11-05 11:09:41,117 [grpc-default-executor-4] INFO  impl.RaftServerImpl (RaftServerImpl.java:setRole(184)) - 69837c10-b6a5-4691-9f82-b2bf7c109e66@group-FD4A39CE61DA: changes role from  FOLLOWER to FOLLOWER at term 2 for recognizeCandidate:b4fa652e-9609-43ae-a5da-dbaebd8b3d71
2019-11-05 11:09:41,119 [b4fa652e-9609-43ae-a5da-dbaebd8b3d71@group-E99F3F14AA9C-LeaderElection7] INFO  server.RaftServerConfigKeys (ConfUtils.java:logGet(43)) - raft.server.write.element-limit = 4096 (default)
2019-11-05 11:09:41,119 [grpc-default-executor-4] INFO  impl.RoleInfo (RoleInfo.java:shutdownFollowerState(121)) - 69837c10-b6a5-4691-9f82-b2bf7c109e66: shutdown FollowerState
2019-11-05 11:09:41,119 [b4fa652e-9609-43ae-a5da-dbaebd8b3d71@group-E99F3F14AA9C-LeaderElection7] INFO  server.RaftServerConfigKeys (ConfUtils.java:logGet(43)) - raft.server.watch.timeout = 10s (default)
2019-11-05 11:09:41,121 [Thread-217] INFO  impl.FollowerState (FollowerState.java:run(117)) - 69837c10-b6a5-4691-9f82-b2bf7c109e66@group-FD4A39CE61DA-FollowerState was interrupted: java.lang.InterruptedException: sleep interrupted
2019-11-05 11:09:41,121 [grpc-default-executor-1] INFO  impl.RoleInfo (RoleInfo.java:updateAndGet(143)) - 217b40b1-6496-41ee-9e5f-1bb61aa45139: start FollowerState
2019-11-05 11:09:41,121 [grpc-default-executor-4] INFO  impl.RoleInfo (RoleInfo.java:updateAndGet(143)) - 69837c10-b6a5-4691-9f82-b2bf7c109e66: start FollowerState
2019-11-05 11:09:41,121 [b4fa652e-9609-43ae-a5da-dbaebd8b3d71@group-E99F3F14AA9C-LeaderElection7] INFO  server.RaftServerConfigKeys (ConfUtils.java:logGet(43)) - raft.server.watch.timeout.denomination = 1s (default)
2019-11-05 11:09:41,122 [b4fa652e-9609-43ae-a5da-dbaebd8b3d71@group-E99F3F14AA9C-LeaderElection7] INFO  server.RaftServerConfigKeys (ConfUtils.java:logGet(43)) - raft.server.watch.element-limit = 65536 (default)
2019-11-05 11:09:41,122 [grpc-default-executor-5] INFO  server.GrpcLogAppender (GrpcLogAppender.java:onCompleted(308)) - 217b40b1-6496-41ee-9e5f-1bb61aa45139@group-FD4A39CE61DA->69837c10-b6a5-4691-9f82-b2bf7c109e66-AppendLogResponseHandler: follower responses appendEntries COMPLETED
2019-11-05 11:09:41,122 [Thread-549] INFO  client.GrpcClientProtocolService (GrpcClientProtocolService.java:lambda$processClientRequest$0(278)) - Failed RaftClientRequest:client-37A56D8DDB63->217b40b1-6496-41ee-9e5f-1bb61aa45139@group-FD4A39CE61DA, cid=10, seq=0, Watch-ALL_COMMITTED(6), Message:<EMPTY>, reply=RaftClientReply:client-37A56D8DDB63->217b40b1-6496-41ee-9e5f-1bb61aa45139@group-FD4A39CE61DA, cid=10, FAILED org.apache.ratis.protocol.NotLeaderException: Server 217b40b1-6496-41ee-9e5f-1bb61aa45139@group-FD4A39CE61DA is not the leader, logIndex=0, commits[217b40b1-6496-41ee-9e5f-1bb61aa45139:c10, 69837c10-b6a5-4691-9f82-b2bf7c109e66:c10, b4fa652e-9609-43ae-a5da-dbaebd8b3d71:c4]
2019-11-05 11:09:41,123 [b4fa652e-9609-43ae-a5da-dbaebd8b3d71@group-E99F3F14AA9C-LeaderElection7] INFO  impl.RoleInfo (RoleInfo.java:updateAndGet(143)) - b4fa652e-9609-43ae-a5da-dbaebd8b3d71: start LeaderState
2019-11-05 11:09:41,123 [b4fa652e-9609-43ae-a5da-dbaebd8b3d71@group-E99F3F14AA9C-LeaderElection7] INFO  segmented.SegmentedRaftLogWorker (SegmentedRaftLogWorker.java:rollLogSegment(390)) - b4fa652e-9609-43ae-a5da-dbaebd8b3d71@group-E99F3F14AA9C-SegmentedRaftLogWorker: Rolling segment log-0_0 to index:0
2019-11-05 11:09:41,124 [grpc-default-executor-5] INFO  impl.FollowerInfo (FollowerInfo.java:lambda$new$0(51)) - 217b40b1-6496-41ee-9e5f-1bb61aa45139@group-FD4A39CE61DA->69837c10-b6a5-4691-9f82-b2bf7c109e66: nextIndex: updateUnconditionally 11 -> 10
2019-11-05 11:09:41,126 [b4fa652e-9609-43ae-a5da-dbaebd8b3d71@group-E99F3F14AA9C-LeaderElection7] INFO  impl.RaftServerImpl (ServerState.java:setRaftConf(357)) - b4fa652e-9609-43ae-a5da-dbaebd8b3d71@group-E99F3F14AA9C: set configuration 1: [b4fa652e-9609-43ae-a5da-dbaebd8b3d71:192.168.157.252:36685], old=null at 1
2019-11-05 11:09:41,154 [grpc-default-executor-3] INFO  impl.RaftServerImpl (RaftServerImpl.java:setRole(184)) - 69837c10-b6a5-4691-9f82-b2bf7c109e66@group-FD4A39CE61DA: changes role from  FOLLOWER to FOLLOWER at term 3 for recognizeCandidate:b4fa652e-9609-43ae-a5da-dbaebd8b3d71
2019-11-05 11:09:41,154 [grpc-default-executor-3] INFO  impl.RoleInfo (RoleInfo.java:shutdownFollowerState(121)) - 69837c10-b6a5-4691-9f82-b2bf7c109e66: shutdown FollowerState
2019-11-05 11:09:41,154 [Thread-551] INFO  impl.FollowerState (FollowerState.java:run(117)) - 69837c10-b6a5-4691-9f82-b2bf7c109e66@group-FD4A39CE61DA-FollowerState was interrupted: java.lang.InterruptedException: sleep interrupted
2019-11-05 11:09:41,154 [grpc-default-executor-3] INFO  impl.RoleInfo (RoleInfo.java:updateAndGet(143)) - 69837c10-b6a5-4691-9f82-b2bf7c109e66: start FollowerState
2019-11-05 11:09:41,158 [b4fa652e-9609-43ae-a5da-dbaebd8b3d71@group-E99F3F14AA9C-SegmentedRaftLogWorker] INFO  segmented.SegmentedRaftLogWorker (SegmentedRaftLogWorker.java:execute(533)) - b4fa652e-9609-43ae-a5da-dbaebd8b3d71@group-E99F3F14AA9C-SegmentedRaftLogWorker: Rolled log segment from /workdir/hadoop-ozone/integration-test/target/test-dir/MiniOzoneClusterImpl-15323bb8-fab1-4b87-97a4-cbcc55a81608/datanode-2/data/ratis/f63e583d-d6c2-4f95-88c7-e99f3f14aa9c/current/log_inprogress_0 to /workdir/hadoop-ozone/integration-test/target/test-dir/MiniOzoneClusterImpl-15323bb8-fab1-4b87-97a4-cbcc55a81608/datanode-2/data/ratis/f63e583d-d6c2-4f95-88c7-e99f3f14aa9c/current/log_0-0
2019-11-05 11:09:41,165 [grpc-default-executor-6] INFO  impl.RaftServerImpl (RaftServerImpl.java:setRole(184)) - 217b40b1-6496-41ee-9e5f-1bb61aa45139@group-FD4A39CE61DA: changes role from  FOLLOWER to FOLLOWER at term 3 for recognizeCandidate:b4fa652e-9609-43ae-a5da-dbaebd8b3d71
2019-11-05 11:09:41,166 [grpc-default-executor-6] INFO  impl.RoleInfo (RoleInfo.java:shutdownFollowerState(121)) - 217b40b1-6496-41ee-9e5f-1bb61aa45139: shutdown FollowerState
2019-11-05 11:09:41,166 [grpc-default-executor-6] INFO  impl.RoleInfo (RoleInfo.java:updateAndGet(143)) - 217b40b1-6496-41ee-9e5f-1bb61aa45139: start FollowerState
2019-11-05 11:09:41,166 [Thread-550] INFO  impl.FollowerState (FollowerState.java:run(117)) - 217b40b1-6496-41ee-9e5f-1bb61aa45139@group-FD4A39CE61DA-FollowerState was interrupted: java.lang.InterruptedException: sleep interrupted
2019-11-05 11:09:41,187 [b4fa652e-9609-43ae-a5da-dbaebd8b3d71@group-FD4A39CE61DA-LeaderElection6] INFO  impl.LeaderElection (LeaderElection.java:logAndReturn(56)) - b4fa652e-9609-43ae-a5da-dbaebd8b3d71@group-FD4A39CE61DA-LeaderElection6: Election TIMEOUT; received 0 response(s) [] and 0 exception(s); b4fa652e-9609-43ae-a5da-dbaebd8b3d71@group-FD4A39CE61DA:t3, leader=null, voted=b4fa652e-9609-43ae-a5da-dbaebd8b3d71, raftlog=b4fa652e-9609-43ae-a5da-dbaebd8b3d71@group-FD4A39CE61DA-SegmentedRaftLog:OPENED:c3,f4,i4, conf=0: [217b40b1-6496-41ee-9e5f-1bb61aa45139:192.168.157.252:40951, 69837c10-b6a5-4691-9f82-b2bf7c109e66:192.168.157.252:40716, b4fa652e-9609-43ae-a5da-dbaebd8b3d71:192.168.157.252:36685], old=null
2019-11-05 11:09:41,198 [b4fa652e-9609-43ae-a5da-dbaebd8b3d71@group-E99F3F14AA9C-SegmentedRaftLogWorker] INFO  segmented.SegmentedRaftLogWorker (SegmentedRaftLogWorker.java:execute(576)) - b4fa652e-9609-43ae-a5da-dbaebd8b3d71@group-E99F3F14AA9C-SegmentedRaftLogWorker: created new log segment /workdir/hadoop-ozone/integration-test/target/test-dir/MiniOzoneClusterImpl-15323bb8-fab1-4b87-97a4-cbcc55a81608/datanode-2/data/ratis/f63e583d-d6c2-4f95-88c7-e99f3f14aa9c/current/log_inprogress_1
2019-11-05 11:09:41,198 [b4fa652e-9609-43ae-a5da-dbaebd8b3d71@group-FD4A39CE61DA-LeaderElection6] INFO  impl.LeaderElection (LeaderElection.java:askForVotes(178)) - b4fa652e-9609-43ae-a5da-dbaebd8b3d71@group-FD4A39CE61DA-LeaderElection6: begin an election at term 4 for 0: [217b40b1-6496-41ee-9e5f-1bb61aa45139:192.168.157.252:40951, 69837c10-b6a5-4691-9f82-b2bf7c109e66:192.168.157.252:40716, b4fa652e-9609-43ae-a5da-dbaebd8b3d71:192.168.157.252:36685], old=null
2019-11-05 11:09:41,203 [grpc-default-executor-6] INFO  impl.RaftServerImpl (RaftServerImpl.java:setRole(184)) - 217b40b1-6496-41ee-9e5f-1bb61aa45139@group-FD4A39CE61DA: changes role from  FOLLOWER to FOLLOWER at term 4 for recognizeCandidate:b4fa652e-9609-43ae-a5da-dbaebd8b3d71
2019-11-05 11:09:41,204 [grpc-default-executor-3] INFO  impl.RaftServerImpl (RaftServerImpl.java:setRole(184)) - 69837c10-b6a5-4691-9f82-b2bf7c109e66@group-FD4A39CE61DA: changes role from  FOLLOWER to FOLLOWER at term 4 for recognizeCandidate:b4fa652e-9609-43ae-a5da-dbaebd8b3d71
2019-11-05 11:09:41,204 [grpc-default-executor-6] INFO  impl.RoleInfo (RoleInfo.java:shutdownFollowerState(121)) - 217b40b1-6496-41ee-9e5f-1bb61aa45139: shutdown FollowerState
2019-11-05 11:09:41,204 [grpc-default-executor-3] INFO  impl.RoleInfo (RoleInfo.java:shutdownFollowerState(121)) - 69837c10-b6a5-4691-9f82-b2bf7c109e66: shutdown FollowerState
2019-11-05 11:09:41,204 [Thread-553] INFO  impl.FollowerState (FollowerState.java:run(117)) - 217b40b1-6496-41ee-9e5f-1bb61aa45139@group-FD4A39CE61DA-FollowerState was interrupted: java.lang.InterruptedException: sleep interrupted
2019-11-05 11:09:41,204 [grpc-default-executor-6] INFO  impl.RoleInfo (RoleInfo.java:updateAndGet(143)) - 217b40b1-6496-41ee-9e5f-1bb61aa45139: start FollowerState
2019-11-05 11:09:41,204 [grpc-default-executor-3] INFO  impl.RoleInfo (RoleInfo.java:updateAndGet(143)) - 69837c10-b6a5-4691-9f82-b2bf7c109e66: start FollowerState
2019-11-05 11:09:41,204 [Thread-552] INFO  impl.FollowerState (FollowerState.java:run(117)) - 69837c10-b6a5-4691-9f82-b2bf7c109e66@group-FD4A39CE61DA-FollowerState was interrupted: java.lang.InterruptedException: sleep interrupted
2019-11-05 11:09:41,222 [b4fa652e-9609-43ae-a5da-dbaebd8b3d71@group-FD4A39CE61DA-LeaderElection6] INFO  impl.LeaderElection (LeaderElection.java:logAndReturn(56)) - b4fa652e-9609-43ae-a5da-dbaebd8b3d71@group-FD4A39CE61DA-LeaderElection6: Election REJECTED; received 2 response(s) [b4fa652e-9609-43ae-a5da-dbaebd8b3d71<-217b40b1-6496-41ee-9e5f-1bb61aa45139#0:FAIL-t4, b4fa652e-9609-43ae-a5da-dbaebd8b3d71<-69837c10-b6a5-4691-9f82-b2bf7c109e66#0:FAIL-t4] and 0 exception(s); b4fa652e-9609-43ae-a5da-dbaebd8b3d71@group-FD4A39CE61DA:t4, leader=null, voted=b4fa652e-9609-43ae-a5da-dbaebd8b3d71, raftlog=b4fa652e-9609-43ae-a5da-dbaebd8b3d71@group-FD4A39CE61DA-SegmentedRaftLog:OPENED:c3,f4,i4, conf=0: [217b40b1-6496-41ee-9e5f-1bb61aa45139:192.168.157.252:40951, 69837c10-b6a5-4691-9f82-b2bf7c109e66:192.168.157.252:40716, b4fa652e-9609-43ae-a5da-dbaebd8b3d71:192.168.157.252:36685], old=null
2019-11-05 11:09:41,222 [b4fa652e-9609-43ae-a5da-dbaebd8b3d71@group-FD4A39CE61DA-LeaderElection6] INFO  impl.RaftServerImpl (RaftServerImpl.java:setRole(184)) - b4fa652e-9609-43ae-a5da-dbaebd8b3d71@group-FD4A39CE61DA: changes role from CANDIDATE to FOLLOWER at term 4 for DISCOVERED_A_NEW_TERM
2019-11-05 11:09:41,224 [b4fa652e-9609-43ae-a5da-dbaebd8b3d71@group-FD4A39CE61DA-LeaderElection6] INFO  impl.RoleInfo (RoleInfo.java:shutdownLeaderElection(134)) - b4fa652e-9609-43ae-a5da-dbaebd8b3d71: shutdown LeaderElection
2019-11-05 11:09:41,224 [b4fa652e-9609-43ae-a5da-dbaebd8b3d71@group-FD4A39CE61DA-LeaderElection6] INFO  impl.RoleInfo (RoleInfo.java:updateAndGet(143)) - b4fa652e-9609-43ae-a5da-dbaebd8b3d71: start FollowerState
2019-11-05 11:09:41,297 [Thread-558] INFO  impl.FollowerState (FollowerState.java:run(108)) - b4fa652e-9609-43ae-a5da-dbaebd8b3d71@group-FD4A39CE61DA-FollowerState: change to CANDIDATE, lastRpcTime:72ms, electionTimeout:72ms
2019-11-05 11:09:41,299 [Thread-558] INFO  impl.RoleInfo (RoleInfo.java:shutdownFollowerState(121)) - b4fa652e-9609-43ae-a5da-dbaebd8b3d71: shutdown FollowerState
2019-11-05 11:09:41,299 [Thread-558] INFO  impl.RaftServerImpl (RaftServerImpl.java:setRole(184)) - b4fa652e-9609-43ae-a5da-dbaebd8b3d71@group-FD4A39CE61DA: changes role from  FOLLOWER to CANDIDATE at term 4 for changeToCandidate
2019-11-05 11:09:41,299 [Thread-558] INFO  impl.RoleInfo (RoleInfo.java:updateAndGet(143)) - b4fa652e-9609-43ae-a5da-dbaebd8b3d71: start LeaderElection
2019-11-05 11:09:41,315 [b4fa652e-9609-43ae-a5da-dbaebd8b3d71@group-FD4A39CE61DA-LeaderElection8] INFO  impl.LeaderElection (LeaderElection.java:askForVotes(178)) - b4fa652e-9609-43ae-a5da-dbaebd8b3d71@group-FD4A39CE61DA-LeaderElection8: begin an election at term 5 for 0: [217b40b1-6496-41ee-9e5f-1bb61aa45139:192.168.157.252:40951, 69837c10-b6a5-4691-9f82-b2bf7c109e66:192.168.157.252:40716, b4fa652e-9609-43ae-a5da-dbaebd8b3d71:192.168.157.252:36685], old=null
2019-11-05 11:09:41,320 [grpc-default-executor-3] INFO  impl.RaftServerImpl (RaftServerImpl.java:setRole(184)) - 69837c10-b6a5-4691-9f82-b2bf7c109e66@group-FD4A39CE61DA: changes role from  FOLLOWER to FOLLOWER at term 5 for recognizeCandidate:b4fa652e-9609-43ae-a5da-dbaebd8b3d71
2019-11-05 11:09:41,320 [grpc-default-executor-3] INFO  impl.RoleInfo (RoleInfo.java:shutdownFollowerState(121)) - 69837c10-b6a5-4691-9f82-b2bf7c109e66: shutdown FollowerState
2019-11-05 11:09:41,321 [grpc-default-executor-3] INFO  impl.RoleInfo (RoleInfo.java:updateAndGet(143)) - 69837c10-b6a5-4691-9f82-b2bf7c109e66: start FollowerState
2019-11-05 11:09:41,321 [Thread-557] INFO  impl.FollowerState (FollowerState.java:run(117)) - 69837c10-b6a5-4691-9f82-b2bf7c109e66@group-FD4A39CE61DA-FollowerState was interrupted: java.lang.InterruptedException: sleep interrupted
2019-11-05 11:09:41,321 [grpc-default-executor-6] INFO  impl.RaftServerImpl (RaftServerImpl.java:setRole(184)) - 217b40b1-6496-41ee-9e5f-1bb61aa45139@group-FD4A39CE61DA: changes role from  FOLLOWER to FOLLOWER at term 5 for recognizeCandidate:b4fa652e-9609-43ae-a5da-dbaebd8b3d71
2019-11-05 11:09:41,324 [grpc-default-executor-6] INFO  impl.RoleInfo (RoleInfo.java:shutdownFollowerState(121)) - 217b40b1-6496-41ee-9e5f-1bb61aa45139: shutdown FollowerState
2019-11-05 11:09:41,324 [grpc-default-executor-6] INFO  impl.RoleInfo (RoleInfo.java:updateAndGet(143)) - 217b40b1-6496-41ee-9e5f-1bb61aa45139: start FollowerState
2019-11-05 11:09:41,324 [Thread-556] INFO  impl.FollowerState (FollowerState.java:run(117)) - 217b40b1-6496-41ee-9e5f-1bb61aa45139@group-FD4A39CE61DA-FollowerState was interrupted: java.lang.InterruptedException: sleep interrupted
2019-11-05 11:09:41,346 [b4fa652e-9609-43ae-a5da-dbaebd8b3d71@group-FD4A39CE61DA-LeaderElection8] INFO  impl.LeaderElection (LeaderElection.java:logAndReturn(56)) - b4fa652e-9609-43ae-a5da-dbaebd8b3d71@group-FD4A39CE61DA-LeaderElection8: Election REJECTED; received 2 response(s) [b4fa652e-9609-43ae-a5da-dbaebd8b3d71<-217b40b1-6496-41ee-9e5f-1bb61aa45139#0:FAIL-t5, b4fa652e-9609-43ae-a5da-dbaebd8b3d71<-69837c10-b6a5-4691-9f82-b2bf7c109e66#0:FAIL-t5] and 0 exception(s); b4fa652e-9609-43ae-a5da-dbaebd8b3d71@group-FD4A39CE61DA:t5, leader=null, voted=b4fa652e-9609-43ae-a5da-dbaebd8b3d71, raftlog=b4fa652e-9609-43ae-a5da-dbaebd8b3d71@group-FD4A39CE61DA-SegmentedRaftLog:OPENED:c3,f4,i4, conf=0: [217b40b1-6496-41ee-9e5f-1bb61aa45139:192.168.157.252:40951, 69837c10-b6a5-4691-9f82-b2bf7c109e66:192.168.157.252:40716, b4fa652e-9609-43ae-a5da-dbaebd8b3d71:192.168.157.252:36685], old=null
2019-11-05 11:09:41,346 [b4fa652e-9609-43ae-a5da-dbaebd8b3d71@group-FD4A39CE61DA-LeaderElection8] INFO  impl.RaftServerImpl (RaftServerImpl.java:setRole(184)) - b4fa652e-9609-43ae-a5da-dbaebd8b3d71@group-FD4A39CE61DA: changes role from CANDIDATE to FOLLOWER at term 5 for DISCOVERED_A_NEW_TERM
2019-11-05 11:09:41,350 [java.util.concurrent.ThreadPoolExecutor$Worker@5b207bf4[State = -1, empty queue]] WARN  server.GrpcLogAppender (GrpcLogAppender.java:timeoutAppendRequest(209)) - 217b40b1-6496-41ee-9e5f-1bb61aa45139@group-FD4A39CE61DA->b4fa652e-9609-43ae-a5da-dbaebd8b3d71-GrpcLogAppender: appendEntries Timeout, request=217b40b1-6496-41ee-9e5f-1bb61aa45139->b4fa652e-9609-43ae-a5da-dbaebd8b3d71#51-t1, previous=(t:1, i:10), leaderCommit=10, initializing? false, entries: <empty>
2019-11-05 11:09:41,351 [b4fa652e-9609-43ae-a5da-dbaebd8b3d71@group-FD4A39CE61DA-LeaderElection8] INFO  impl.RoleInfo (RoleInfo.java:shutdownLeaderElection(134)) - b4fa652e-9609-43ae-a5da-dbaebd8b3d71: shutdown LeaderElection
2019-11-05 11:09:41,353 [b4fa652e-9609-43ae-a5da-dbaebd8b3d71@group-FD4A39CE61DA-LeaderElection8] INFO  impl.RoleInfo (RoleInfo.java:updateAndGet(143)) - b4fa652e-9609-43ae-a5da-dbaebd8b3d71: start FollowerState
2019-11-05 11:09:41,468 [Thread-564] INFO  impl.FollowerState (FollowerState.java:run(108)) - b4fa652e-9609-43ae-a5da-dbaebd8b3d71@group-FD4A39CE61DA-FollowerState: change to CANDIDATE, lastRpcTime:115ms, electionTimeout:115ms
2019-11-05 11:09:41,468 [Thread-564] INFO  impl.RoleInfo (RoleInfo.java:shutdownFollowerState(121)) - b4fa652e-9609-43ae-a5da-dbaebd8b3d71: shutdown FollowerState
2019-11-05 11:09:41,469 [Thread-564] INFO  impl.RaftServerImpl (RaftServerImpl.java:setRole(184)) - b4fa652e-9609-43ae-a5da-dbaebd8b3d71@group-FD4A39CE61DA: changes role from  FOLLOWER to CANDIDATE at term 5 for changeToCandidate
2019-11-05 11:09:41,469 [Thread-564] INFO  impl.RoleInfo (RoleInfo.java:updateAndGet(143)) - b4fa652e-9609-43ae-a5da-dbaebd8b3d71: start LeaderElection
2019-11-05 11:09:41,484 [b4fa652e-9609-43ae-a5da-dbaebd8b3d71@group-FD4A39CE61DA-LeaderElection9] INFO  impl.LeaderElection (LeaderElection.java:askForVotes(178)) - b4fa652e-9609-43ae-a5da-dbaebd8b3d71@group-FD4A39CE61DA-LeaderElection9: begin an election at term 6 for 0: [217b40b1-6496-41ee-9e5f-1bb61aa45139:192.168.157.252:40951, 69837c10-b6a5-4691-9f82-b2bf7c109e66:192.168.157.252:40716, b4fa652e-9609-43ae-a5da-dbaebd8b3d71:192.168.157.252:36685], old=null
2019-11-05 11:09:41,489 [grpc-default-executor-3] INFO  impl.RaftServerImpl (RaftServerImpl.java:setRole(184)) - 217b40b1-6496-41ee-9e5f-1bb61aa45139@group-FD4A39CE61DA: changes role from  FOLLOWER to FOLLOWER at term 6 for recognizeCandidate:b4fa652e-9609-43ae-a5da-dbaebd8b3d71
2019-11-05 11:09:41,489 [grpc-default-executor-6] INFO  impl.RaftServerImpl (RaftServerImpl.java:setRole(184)) - 69837c10-b6a5-4691-9f82-b2bf7c109e66@group-FD4A39CE61DA: changes role from  FOLLOWER to FOLLOWER at term 6 for recognizeCandidate:b4fa652e-9609-43ae-a5da-dbaebd8b3d71
2019-11-05 11:09:41,490 [grpc-default-executor-3] INFO  impl.RoleInfo (RoleInfo.java:shutdownFollowerState(121)) - 217b40b1-6496-41ee-9e5f-1bb61aa45139: shutdown FollowerState
2019-11-05 11:09:41,490 [grpc-default-executor-6] INFO  impl.RoleInfo (RoleInfo.java:shutdownFollowerState(121)) - 69837c10-b6a5-4691-9f82-b2bf7c109e66: shutdown FollowerState
2019-11-05 11:09:41,490 [grpc-default-executor-3] INFO  impl.RoleInfo (RoleInfo.java:updateAndGet(143)) - 217b40b1-6496-41ee-9e5f-1bb61aa45139: start FollowerState
2019-11-05 11:09:41,490 [Thread-563] INFO  impl.FollowerState (FollowerState.java:run(117)) - 217b40b1-6496-41ee-9e5f-1bb61aa45139@group-FD4A39CE61DA-FollowerState was interrupted: java.lang.InterruptedException: sleep interrupted
2019-11-05 11:09:41,490 [grpc-default-executor-6] INFO  impl.RoleInfo (RoleInfo.java:updateAndGet(143)) - 69837c10-b6a5-4691-9f82-b2bf7c109e66: start FollowerState
2019-11-05 11:09:41,491 [Thread-562] INFO  impl.FollowerState (FollowerState.java:run(117)) - 69837c10-b6a5-4691-9f82-b2bf7c109e66@group-FD4A39CE61DA-FollowerState was interrupted: java.lang.InterruptedException: sleep interrupted
2019-11-05 11:09:41,522 [b4fa652e-9609-43ae-a5da-dbaebd8b3d71@group-FD4A39CE61DA-LeaderElection9] INFO  impl.LeaderElection (LeaderElection.java:logAndReturn(56)) - b4fa652e-9609-43ae-a5da-dbaebd8b3d71@group-FD4A39CE61DA-LeaderElection9: Election REJECTED; received 2 response(s) [b4fa652e-9609-43ae-a5da-dbaebd8b3d71<-217b40b1-6496-41ee-9e5f-1bb61aa45139#0:FAIL-t6, b4fa652e-9609-43ae-a5da-dbaebd8b3d71<-69837c10-b6a5-4691-9f82-b2bf7c109e66#0:FAIL-t6] and 0 exception(s); b4fa652e-9609-43ae-a5da-dbaebd8b3d71@group-FD4A39CE61DA:t6, leader=null, voted=b4fa652e-9609-43ae-a5da-dbaebd8b3d71, raftlog=b4fa652e-9609-43ae-a5da-dbaebd8b3d71@group-FD4A39CE61DA-SegmentedRaftLog:OPENED:c3,f4,i4, conf=0: [217b40b1-6496-41ee-9e5f-1bb61aa45139:192.168.157.252:40951, 69837c10-b6a5-4691-9f82-b2bf7c109e66:192.168.157.252:40716, b4fa652e-9609-43ae-a5da-dbaebd8b3d71:192.168.157.252:36685], old=null
2019-11-05 11:09:41,522 [b4fa652e-9609-43ae-a5da-dbaebd8b3d71@group-FD4A39CE61DA-LeaderElection9] INFO  impl.RaftServerImpl (RaftServerImpl.java:setRole(184)) - b4fa652e-9609-43ae-a5da-dbaebd8b3d71@group-FD4A39CE61DA: changes role from CANDIDATE to FOLLOWER at term 6 for DISCOVERED_A_NEW_TERM
2019-11-05 11:09:41,523 [b4fa652e-9609-43ae-a5da-dbaebd8b3d71@group-FD4A39CE61DA-LeaderElection9] INFO  impl.RoleInfo (RoleInfo.java:shutdownLeaderElection(134)) - b4fa652e-9609-43ae-a5da-dbaebd8b3d71: shutdown LeaderElection
2019-11-05 11:09:41,524 [b4fa652e-9609-43ae-a5da-dbaebd8b3d71@group-FD4A39CE61DA-LeaderElection9] INFO  impl.RoleInfo (RoleInfo.java:updateAndGet(143)) - b4fa652e-9609-43ae-a5da-dbaebd8b3d71: start FollowerState
2019-11-05 11:09:41,574 [pool-7-thread-2] INFO  commands.RetriableDatanodeEventWatcher (RetriableDatanodeEventWatcher.java:onTimeout(47)) - RetriableDatanodeCommand type=deleteBlocksCommand with id=1572952177567 timed out. Retrying.
2019-11-05 11:09:41,575 [pool-7-thread-1] INFO  commands.RetriableDatanodeEventWatcher (RetriableDatanodeEventWatcher.java:onTimeout(47)) - RetriableDatanodeCommand type=deleteBlocksCommand with id=1572952177568 timed out. Retrying.
2019-11-05 11:09:41,576 [pool-7-thread-3] INFO  commands.RetriableDatanodeEventWatcher (RetriableDatanodeEventWatcher.java:onTimeout(47)) - RetriableDatanodeCommand type=deleteBlocksCommand with id=1572952177566 timed out. Retrying.
2019-11-05 11:09:41,576 [SCMBlockDeletingService#0] INFO  block.SCMBlockDeletingService (SCMBlockDeletingService.java:call(184)) - Totally added 1 delete blocks command for 1 datanodes, task elapsed time: 1ms
2019-11-05 11:09:41,578 [pool-7-thread-3] INFO  commands.RetriableDatanodeEventWatcher (RetriableDatanodeEventWatcher.java:onTimeout(47)) - RetriableDatanodeCommand type=deleteBlocksCommand with id=1572952177565 timed out. Retrying.
2019-11-05 11:09:41,666 [Thread-570] INFO  impl.FollowerState (FollowerState.java:run(108)) - b4fa652e-9609-43ae-a5da-dbaebd8b3d71@group-FD4A39CE61DA-FollowerState: change to CANDIDATE, lastRpcTime:142ms, electionTimeout:141ms
2019-11-05 11:09:41,666 [Thread-570] INFO  impl.RoleInfo (RoleInfo.java:shutdownFollowerState(121)) - b4fa652e-9609-43ae-a5da-dbaebd8b3d71: shutdown FollowerState
2019-11-05 11:09:41,667 [Thread-570] INFO  impl.RaftServerImpl (RaftServerImpl.java:setRole(184)) - b4fa652e-9609-43ae-a5da-dbaebd8b3d71@group-FD4A39CE61DA: changes role from  FOLLOWER to CANDIDATE at term 6 for changeToCandidate
2019-11-05 11:09:41,667 [Thread-570] INFO  impl.RoleInfo (RoleInfo.java:updateAndGet(143)) - b4fa652e-9609-43ae-a5da-dbaebd8b3d71: start LeaderElection
2019-11-05 11:09:41,699 [b4fa652e-9609-43ae-a5da-dbaebd8b3d71@group-FD4A39CE61DA-LeaderElection10] INFO  impl.LeaderElection (LeaderElection.java:askForVotes(178)) - b4fa652e-9609-43ae-a5da-dbaebd8b3d71@group-FD4A39CE61DA-LeaderElection10: begin an election at term 7 for 0: [217b40b1-6496-41ee-9e5f-1bb61aa45139:192.168.157.252:40951, 69837c10-b6a5-4691-9f82-b2bf7c109e66:192.168.157.252:40716, b4fa652e-9609-43ae-a5da-dbaebd8b3d71:192.168.157.252:36685], old=null
2019-11-05 11:09:41,704 [grpc-default-executor-6] INFO  impl.RaftServerImpl (RaftServerImpl.java:setRole(184)) - 217b40b1-6496-41ee-9e5f-1bb61aa45139@group-FD4A39CE61DA: changes role from  FOLLOWER to FOLLOWER at term 7 for recognizeCandidate:b4fa652e-9609-43ae-a5da-dbaebd8b3d71
2019-11-05 11:09:41,704 [grpc-default-executor-6] INFO  impl.RoleInfo (RoleInfo.java:shutdownFollowerState(121)) - 217b40b1-6496-41ee-9e5f-1bb61aa45139: shutdown FollowerState
2019-11-05 11:09:41,705 [Thread-568] INFO  impl.FollowerState (FollowerState.java:run(117)) - 217b40b1-6496-41ee-9e5f-1bb61aa45139@group-FD4A39CE61DA-FollowerState was interrupted: java.lang.InterruptedException: sleep interrupted
2019-11-05 11:09:41,705 [grpc-default-executor-6] INFO  impl.RoleInfo (RoleInfo.java:updateAndGet(143)) - 217b40b1-6496-41ee-9e5f-1bb61aa45139: start FollowerState
2019-11-05 11:09:41,718 [BlockDeletingService#9] WARN  background.BlockDeletingService (BlockDeletingService.java:isDeletionAllowed(187)) - Close Container log Index 6 is not replicated across allthe servers in the pipeline a8186365-22ae-4f7f-97bd-fd4a39ce61da as the min replicated index is 4. Deletion is not allowed in this container yet.
2019-11-05 11:09:41,721 [grpc-default-executor-3] INFO  impl.RaftServerImpl (RaftServerImpl.java:setRole(184)) - 69837c10-b6a5-4691-9f82-b2bf7c109e66@group-FD4A39CE61DA: changes role from  FOLLOWER to FOLLOWER at term 7 for recognizeCandidate:b4fa652e-9609-43ae-a5da-dbaebd8b3d71
2019-11-05 11:09:41,721 [grpc-default-executor-3] INFO  impl.RoleInfo (RoleInfo.java:shutdownFollowerState(121)) - 69837c10-b6a5-4691-9f82-b2bf7c109e66: shutdown FollowerState
2019-11-05 11:09:41,722 [grpc-default-executor-3] INFO  impl.RoleInfo (RoleInfo.java:updateAndGet(143)) - 69837c10-b6a5-4691-9f82-b2bf7c109e66: start FollowerState
2019-11-05 11:09:41,722 [Thread-569] INFO  impl.FollowerState (FollowerState.java:run(117)) - 69837c10-b6a5-4691-9f82-b2bf7c109e66@group-FD4A39CE61DA-FollowerState was interrupted: java.lang.InterruptedException: sleep interrupted
2019-11-05 11:09:41,734 [BlockDeletingService#2] WARN  background.BlockDeletingService (BlockDeletingService.java:isDeletionAllowed(187)) - Close Container log Index 6 is not replicated across allthe servers in the pipeline a8186365-22ae-4f7f-97bd-fd4a39ce61da as the min replicated index is 4. Deletion is not allowed in this container yet.
2019-11-05 11:09:41,739 [b4fa652e-9609-43ae-a5da-dbaebd8b3d71@group-FD4A39CE61DA-LeaderElection10] INFO  impl.LeaderElection (LeaderElection.java:logAndReturn(56)) - b4fa652e-9609-43ae-a5da-dbaebd8b3d71@group-FD4A39CE61DA-LeaderElection10: Election REJECTED; received 2 response(s) [b4fa652e-9609-43ae-a5da-dbaebd8b3d71<-217b40b1-6496-41ee-9e5f-1bb61aa45139#0:FAIL-t7, b4fa652e-9609-43ae-a5da-dbaebd8b3d71<-69837c10-b6a5-4691-9f82-b2bf7c109e66#0:FAIL-t7] and 0 exception(s); b4fa652e-9609-43ae-a5da-dbaebd8b3d71@group-FD4A39CE61DA:t7, leader=null, voted=b4fa652e-9609-43ae-a5da-dbaebd8b3d71, raftlog=b4fa652e-9609-43ae-a5da-dbaebd8b3d71@group-FD4A39CE61DA-SegmentedRaftLog:OPENED:c3,f4,i4, conf=0: [217b40b1-6496-41ee-9e5f-1bb61aa45139:192.168.157.252:40951, 69837c10-b6a5-4691-9f82-b2bf7c109e66:192.168.157.252:40716, b4fa652e-9609-43ae-a5da-dbaebd8b3d71:192.168.157.252:36685], old=null
2019-11-05 11:09:41,741 [b4fa652e-9609-43ae-a5da-dbaebd8b3d71@group-FD4A39CE61DA-LeaderElection10] INFO  impl.RaftServerImpl (RaftServerImpl.java:setRole(184)) - b4fa652e-9609-43ae-a5da-dbaebd8b3d71@group-FD4A39CE61DA: changes role from CANDIDATE to FOLLOWER at term 7 for DISCOVERED_A_NEW_TERM
2019-11-05 11:09:41,741 [b4fa652e-9609-43ae-a5da-dbaebd8b3d71@group-FD4A39CE61DA-LeaderElection10] INFO  impl.RoleInfo (RoleInfo.java:shutdownLeaderElection(134)) - b4fa652e-9609-43ae-a5da-dbaebd8b3d71: shutdown LeaderElection
2019-11-05 11:09:41,742 [b4fa652e-9609-43ae-a5da-dbaebd8b3d71@group-FD4A39CE61DA-LeaderElection10] INFO  impl.RoleInfo (RoleInfo.java:updateAndGet(143)) - b4fa652e-9609-43ae-a5da-dbaebd8b3d71: start FollowerState
2019-11-05 11:09:41,831 [Thread-578] INFO  impl.FollowerState (FollowerState.java:run(108)) - b4fa652e-9609-43ae-a5da-dbaebd8b3d71@group-FD4A39CE61DA-FollowerState: change to CANDIDATE, lastRpcTime:89ms, electionTimeout:86ms
2019-11-05 11:09:41,833 [Thread-578] INFO  impl.RoleInfo (RoleInfo.java:shutdownFollowerState(121)) - b4fa652e-9609-43ae-a5da-dbaebd8b3d71: shutdown FollowerState
2019-11-05 11:09:41,833 [Thread-578] INFO  impl.RaftServerImpl (RaftServerImpl.java:setRole(184)) - b4fa652e-9609-43ae-a5da-dbaebd8b3d71@group-FD4A39CE61DA: changes role from  FOLLOWER to CANDIDATE at term 7 for changeToCandidate
2019-11-05 11:09:41,834 [Thread-578] INFO  impl.RoleInfo (RoleInfo.java:updateAndGet(143)) - b4fa652e-9609-43ae-a5da-dbaebd8b3d71: start LeaderElection
2019-11-05 11:09:41,845 [b4fa652e-9609-43ae-a5da-dbaebd8b3d71@group-FD4A39CE61DA-LeaderElection11] INFO  impl.LeaderElection (LeaderElection.java:askForVotes(178)) - b4fa652e-9609-43ae-a5da-dbaebd8b3d71@group-FD4A39CE61DA-LeaderElection11: begin an election at term 8 for 0: [217b40b1-6496-41ee-9e5f-1bb61aa45139:192.168.157.252:40951, 69837c10-b6a5-4691-9f82-b2bf7c109e66:192.168.157.252:40716, b4fa652e-9609-43ae-a5da-dbaebd8b3d71:192.168.157.252:36685], old=null
2019-11-05 11:09:41,852 [grpc-default-executor-6] INFO  impl.RaftServerImpl (RaftServerImpl.java:setRole(184)) - 217b40b1-6496-41ee-9e5f-1bb61aa45139@group-FD4A39CE61DA: changes role from  FOLLOWER to FOLLOWER at term 8 for recognizeCandidate:b4fa652e-9609-43ae-a5da-dbaebd8b3d71
2019-11-05 11:09:41,852 [grpc-default-executor-6] INFO  impl.RoleInfo (RoleInfo.java:shutdownFollowerState(121)) - 217b40b1-6496-41ee-9e5f-1bb61aa45139: shutdown FollowerState
2019-11-05 11:09:41,852 [grpc-default-executor-6] INFO  impl.RoleInfo (RoleInfo.java:updateAndGet(143)) - 217b40b1-6496-41ee-9e5f-1bb61aa45139: start FollowerState
2019-11-05 11:09:41,852 [Thread-574] INFO  impl.FollowerState (FollowerState.java:run(117)) - 217b40b1-6496-41ee-9e5f-1bb61aa45139@group-FD4A39CE61DA-FollowerState was interrupted: java.lang.InterruptedException: sleep interrupted
2019-11-05 11:09:41,860 [b4fa652e-9609-43ae-a5da-dbaebd8b3d71@group-FD4A39CE61DA-LeaderElection11] INFO  impl.LeaderElection (LeaderElection.java:logAndReturn(56)) - b4fa652e-9609-43ae-a5da-dbaebd8b3d71@group-FD4A39CE61DA-LeaderElection11: Election TIMEOUT; received 0 response(s) [] and 0 exception(s); b4fa652e-9609-43ae-a5da-dbaebd8b3d71@group-FD4A39CE61DA:t8, leader=null, voted=b4fa652e-9609-43ae-a5da-dbaebd8b3d71, raftlog=b4fa652e-9609-43ae-a5da-dbaebd8b3d71@group-FD4A39CE61DA-SegmentedRaftLog:OPENED:c3,f4,i4, conf=0: [217b40b1-6496-41ee-9e5f-1bb61aa45139:192.168.157.252:40951, 69837c10-b6a5-4691-9f82-b2bf7c109e66:192.168.157.252:40716, b4fa652e-9609-43ae-a5da-dbaebd8b3d71:192.168.157.252:36685], old=null
2019-11-05 11:09:41,862 [grpc-default-executor-3] INFO  impl.RaftServerImpl (RaftServerImpl.java:setRole(184)) - 69837c10-b6a5-4691-9f82-b2bf7c109e66@group-FD4A39CE61DA: changes role from  FOLLOWER to FOLLOWER at term 8 for recognizeCandidate:b4fa652e-9609-43ae-a5da-dbaebd8b3d71
2019-11-05 11:09:41,862 [grpc-default-executor-3] INFO  impl.RoleInfo (RoleInfo.java:shutdownFollowerState(121)) - 69837c10-b6a5-4691-9f82-b2bf7c109e66: shutdown FollowerState
2019-11-05 11:09:41,862 [grpc-default-executor-3] INFO  impl.RoleInfo (RoleInfo.java:updateAndGet(143)) - 69837c10-b6a5-4691-9f82-b2bf7c109e66: start FollowerState
2019-11-05 11:09:41,862 [Thread-576] INFO  impl.FollowerState (FollowerState.java:run(117)) - 69837c10-b6a5-4691-9f82-b2bf7c109e66@group-FD4A39CE61DA-FollowerState was interrupted: java.lang.InterruptedException: sleep interrupted
2019-11-05 11:09:41,870 [b4fa652e-9609-43ae-a5da-dbaebd8b3d71@group-FD4A39CE61DA-LeaderElection11] INFO  impl.LeaderElection (LeaderElection.java:askForVotes(178)) - b4fa652e-9609-43ae-a5da-dbaebd8b3d71@group-FD4A39CE61DA-LeaderElection11: begin an election at term 9 for 0: [217b40b1-6496-41ee-9e5f-1bb61aa45139:192.168.157.252:40951, 69837c10-b6a5-4691-9f82-b2bf7c109e66:192.168.157.252:40716, b4fa652e-9609-43ae-a5da-dbaebd8b3d71:192.168.157.252:36685], old=null
2019-11-05 11:09:41,881 [grpc-default-executor-8] INFO  impl.RaftServerImpl (RaftServerImpl.java:setRole(184)) - 217b40b1-6496-41ee-9e5f-1bb61aa45139@group-FD4A39CE61DA: changes role from  FOLLOWER to FOLLOWER at term 9 for recognizeCandidate:b4fa652e-9609-43ae-a5da-dbaebd8b3d71
2019-11-05 11:09:41,881 [grpc-default-executor-8] INFO  impl.RoleInfo (RoleInfo.java:shutdownFollowerState(121)) - 217b40b1-6496-41ee-9e5f-1bb61aa45139: shutdown FollowerState
2019-11-05 11:09:41,882 [grpc-default-executor-8] INFO  impl.RoleInfo (RoleInfo.java:updateAndGet(143)) - 217b40b1-6496-41ee-9e5f-1bb61aa45139: start FollowerState
2019-11-05 11:09:41,882 [Thread-582] INFO  impl.FollowerState (FollowerState.java:run(117)) - 217b40b1-6496-41ee-9e5f-1bb61aa45139@group-FD4A39CE61DA-FollowerState was interrupted: java.lang.InterruptedException: sleep interrupted
2019-11-05 11:09:41,887 [grpc-default-executor-6] INFO  impl.RaftServerImpl (RaftServerImpl.java:setRole(184)) - 69837c10-b6a5-4691-9f82-b2bf7c109e66@group-FD4A39CE61DA: changes role from  FOLLOWER to FOLLOWER at term 9 for recognizeCandidate:b4fa652e-9609-43ae-a5da-dbaebd8b3d71
2019-11-05 11:09:41,887 [grpc-default-executor-6] INFO  impl.RoleInfo (RoleInfo.java:shutdownFollowerState(121)) - 69837c10-b6a5-4691-9f82-b2bf7c109e66: shutdown FollowerState
2019-11-05 11:09:41,887 [grpc-default-executor-6] INFO  impl.RoleInfo (RoleInfo.java:updateAndGet(143)) - 69837c10-b6a5-4691-9f82-b2bf7c109e66: start FollowerState
2019-11-05 11:09:41,891 [Thread-583] INFO  impl.FollowerState (FollowerState.java:run(117)) - 69837c10-b6a5-4691-9f82-b2bf7c109e66@group-FD4A39CE61DA-FollowerState was interrupted: java.lang.InterruptedException: sleep interrupted
2019-11-05 11:09:41,904 [b4fa652e-9609-43ae-a5da-dbaebd8b3d71@group-FD4A39CE61DA-LeaderElection11] INFO  impl.LeaderElection (LeaderElection.java:logAndReturn(56)) - b4fa652e-9609-43ae-a5da-dbaebd8b3d71@group-FD4A39CE61DA-LeaderElection11: Election REJECTED; received 2 response(s) [b4fa652e-9609-43ae-a5da-dbaebd8b3d71<-217b40b1-6496-41ee-9e5f-1bb61aa45139#0:FAIL-t9, b4fa652e-9609-43ae-a5da-dbaebd8b3d71<-69837c10-b6a5-4691-9f82-b2bf7c109e66#0:FAIL-t9] and 0 exception(s); b4fa652e-9609-43ae-a5da-dbaebd8b3d71@group-FD4A39CE61DA:t9, leader=null, voted=b4fa652e-9609-43ae-a5da-dbaebd8b3d71, raftlog=b4fa652e-9609-43ae-a5da-dbaebd8b3d71@group-FD4A39CE61DA-SegmentedRaftLog:OPENED:c3,f4,i4, conf=0: [217b40b1-6496-41ee-9e5f-1bb61aa45139:192.168.157.252:40951, 69837c10-b6a5-4691-9f82-b2bf7c109e66:192.168.157.252:40716, b4fa652e-9609-43ae-a5da-dbaebd8b3d71:192.168.157.252:36685], old=null
2019-11-05 11:09:41,904 [b4fa652e-9609-43ae-a5da-dbaebd8b3d71@group-FD4A39CE61DA-LeaderElection11] INFO  impl.RaftServerImpl (RaftServerImpl.java:setRole(184)) - b4fa652e-9609-43ae-a5da-dbaebd8b3d71@group-FD4A39CE61DA: changes role from CANDIDATE to FOLLOWER at term 9 for DISCOVERED_A_NEW_TERM
2019-11-05 11:09:41,904 [b4fa652e-9609-43ae-a5da-dbaebd8b3d71@group-FD4A39CE61DA-LeaderElection11] INFO  impl.RoleInfo (RoleInfo.java:shutdownLeaderElection(134)) - b4fa652e-9609-43ae-a5da-dbaebd8b3d71: shutdown LeaderElection
2019-11-05 11:09:41,905 [b4fa652e-9609-43ae-a5da-dbaebd8b3d71@group-FD4A39CE61DA-LeaderElection11] INFO  impl.RoleInfo (RoleInfo.java:updateAndGet(143)) - b4fa652e-9609-43ae-a5da-dbaebd8b3d71: start FollowerState
2019-11-05 11:09:42,036 [Thread-588] INFO  impl.FollowerState (FollowerState.java:run(108)) - b4fa652e-9609-43ae-a5da-dbaebd8b3d71@group-FD4A39CE61DA-FollowerState: change to CANDIDATE, lastRpcTime:131ms, electionTimeout:129ms
2019-11-05 11:09:42,052 [Thread-588] INFO  impl.RoleInfo (RoleInfo.java:shutdownFollowerState(121)) - b4fa652e-9609-43ae-a5da-dbaebd8b3d71: shutdown FollowerState
2019-11-05 11:09:42,053 [Thread-588] INFO  impl.RaftServerImpl (RaftServerImpl.java:setRole(184)) - b4fa652e-9609-43ae-a5da-dbaebd8b3d71@group-FD4A39CE61DA: changes role from  FOLLOWER to CANDIDATE at term 9 for changeToCandidate
2019-11-05 11:09:42,053 [Thread-588] INFO  impl.RoleInfo (RoleInfo.java:updateAndGet(143)) - b4fa652e-9609-43ae-a5da-dbaebd8b3d71: start LeaderElection
2019-11-05 11:09:42,068 [b4fa652e-9609-43ae-a5da-dbaebd8b3d71@group-FD4A39CE61DA-LeaderElection12] INFO  impl.LeaderElection (LeaderElection.java:askForVotes(178)) - b4fa652e-9609-43ae-a5da-dbaebd8b3d71@group-FD4A39CE61DA-LeaderElection12: begin an election at term 10 for 0: [217b40b1-6496-41ee-9e5f-1bb61aa45139:192.168.157.252:40951, 69837c10-b6a5-4691-9f82-b2bf7c109e66:192.168.157.252:40716, b4fa652e-9609-43ae-a5da-dbaebd8b3d71:192.168.157.252:36685], old=null
2019-11-05 11:09:42,076 [grpc-default-executor-8] INFO  impl.RaftServerImpl (RaftServerImpl.java:setRole(184)) - 217b40b1-6496-41ee-9e5f-1bb61aa45139@group-FD4A39CE61DA: changes role from  FOLLOWER to FOLLOWER at term 10 for recognizeCandidate:b4fa652e-9609-43ae-a5da-dbaebd8b3d71
2019-11-05 11:09:42,076 [grpc-default-executor-6] INFO  impl.RaftServerImpl (RaftServerImpl.java:setRole(184)) - 69837c10-b6a5-4691-9f82-b2bf7c109e66@group-FD4A39CE61DA: changes role from  FOLLOWER to FOLLOWER at term 10 for recognizeCandidate:b4fa652e-9609-43ae-a5da-dbaebd8b3d71
2019-11-05 11:09:42,076 [grpc-default-executor-6] INFO  impl.RoleInfo (RoleInfo.java:shutdownFollowerState(121)) - 69837c10-b6a5-4691-9f82-b2bf7c109e66: shutdown FollowerState
2019-11-05 11:09:42,076 [grpc-default-executor-8] INFO  impl.RoleInfo (RoleInfo.java:shutdownFollowerState(121)) - 217b40b1-6496-41ee-9e5f-1bb61aa45139: shutdown FollowerState
2019-11-05 11:09:42,077 [grpc-default-executor-8] INFO  impl.RoleInfo (RoleInfo.java:updateAndGet(143)) - 217b40b1-6496-41ee-9e5f-1bb61aa45139: start FollowerState
2019-11-05 11:09:42,077 [Thread-586] INFO  impl.FollowerState (FollowerState.java:run(117)) - 217b40b1-6496-41ee-9e5f-1bb61aa45139@group-FD4A39CE61DA-FollowerState was interrupted: java.lang.InterruptedException: sleep interrupted
2019-11-05 11:09:42,079 [Thread-587] INFO  impl.FollowerState (FollowerState.java:run(117)) - 69837c10-b6a5-4691-9f82-b2bf7c109e66@group-FD4A39CE61DA-FollowerState was interrupted: java.lang.InterruptedException: sleep interrupted
2019-11-05 11:09:42,079 [grpc-default-executor-6] INFO  impl.RoleInfo (RoleInfo.java:updateAndGet(143)) - 69837c10-b6a5-4691-9f82-b2bf7c109e66: start FollowerState
2019-11-05 11:09:42,096 [b4fa652e-9609-43ae-a5da-dbaebd8b3d71@group-FD4A39CE61DA-LeaderElection12] INFO  impl.LeaderElection (LeaderElection.java:logAndReturn(56)) - b4fa652e-9609-43ae-a5da-dbaebd8b3d71@group-FD4A39CE61DA-LeaderElection12: Election REJECTED; received 2 response(s) [b4fa652e-9609-43ae-a5da-dbaebd8b3d71<-217b40b1-6496-41ee-9e5f-1bb61aa45139#0:FAIL-t10, b4fa652e-9609-43ae-a5da-dbaebd8b3d71<-69837c10-b6a5-4691-9f82-b2bf7c109e66#0:FAIL-t10] and 0 exception(s); b4fa652e-9609-43ae-a5da-dbaebd8b3d71@group-FD4A39CE61DA:t10, leader=null, voted=b4fa652e-9609-43ae-a5da-dbaebd8b3d71, raftlog=b4fa652e-9609-43ae-a5da-dbaebd8b3d71@group-FD4A39CE61DA-SegmentedRaftLog:OPENED:c3,f4,i4, conf=0: [217b40b1-6496-41ee-9e5f-1bb61aa45139:192.168.157.252:40951, 69837c10-b6a5-4691-9f82-b2bf7c109e66:192.168.157.252:40716, b4fa652e-9609-43ae-a5da-dbaebd8b3d71:192.168.157.252:36685], old=null
2019-11-05 11:09:42,096 [b4fa652e-9609-43ae-a5da-dbaebd8b3d71@group-FD4A39CE61DA-LeaderElection12] INFO  impl.RaftServerImpl (RaftServerImpl.java:setRole(184)) - b4fa652e-9609-43ae-a5da-dbaebd8b3d71@group-FD4A39CE61DA: changes role from CANDIDATE to FOLLOWER at term 10 for DISCOVERED_A_NEW_TERM
2019-11-05 11:09:42,100 [b4fa652e-9609-43ae-a5da-dbaebd8b3d71@group-FD4A39CE61DA-LeaderElection12] INFO  impl.RoleInfo (RoleInfo.java:shutdownLeaderElection(134)) - b4fa652e-9609-43ae-a5da-dbaebd8b3d71: shutdown LeaderElection
2019-11-05 11:09:42,101 [b4fa652e-9609-43ae-a5da-dbaebd8b3d71@group-FD4A39CE61DA-LeaderElection12] INFO  impl.RoleInfo (RoleInfo.java:updateAndGet(143)) - b4fa652e-9609-43ae-a5da-dbaebd8b3d71: start FollowerState
2019-11-05 11:09:42,206 [Thread-597] INFO  client.GrpcClientProtocolService (GrpcClientProtocolService.java:lambda$processClientRequest$0(278)) - Failed RaftClientRequest:client-37A56D8DDB63->b4fa652e-9609-43ae-a5da-dbaebd8b3d71@group-FD4A39CE61DA, cid=10, seq=0, Watch-ALL_COMMITTED(6), Message:<EMPTY>, reply=RaftClientReply:client-37A56D8DDB63->b4fa652e-9609-43ae-a5da-dbaebd8b3d71@group-FD4A39CE61DA, cid=10, FAILED org.apache.ratis.protocol.NotLeaderException: Server b4fa652e-9609-43ae-a5da-dbaebd8b3d71@group-FD4A39CE61DA is not the leader, logIndex=0, commits[b4fa652e-9609-43ae-a5da-dbaebd8b3d71:c3]
2019-11-05 11:09:42,218 [Thread-595] INFO  impl.FollowerState (FollowerState.java:run(108)) - b4fa652e-9609-43ae-a5da-dbaebd8b3d71@group-FD4A39CE61DA-FollowerState: change to CANDIDATE, lastRpcTime:117ms, electionTimeout:115ms
2019-11-05 11:09:42,218 [Thread-595] INFO  impl.RoleInfo (RoleInfo.java:shutdownFollowerState(121)) - b4fa652e-9609-43ae-a5da-dbaebd8b3d71: shutdown FollowerState
2019-11-05 11:09:42,219 [Thread-595] INFO  impl.RaftServerImpl (RaftServerImpl.java:setRole(184)) - b4fa652e-9609-43ae-a5da-dbaebd8b3d71@group-FD4A39CE61DA: changes role from  FOLLOWER to CANDIDATE at term 10 for changeToCandidate
2019-11-05 11:09:42,219 [Thread-595] INFO  impl.RoleInfo (RoleInfo.java:updateAndGet(143)) - b4fa652e-9609-43ae-a5da-dbaebd8b3d71: start LeaderElection
2019-11-05 11:09:42,306 [b4fa652e-9609-43ae-a5da-dbaebd8b3d71@group-FD4A39CE61DA-LeaderElection13] INFO  impl.LeaderElection (LeaderElection.java:askForVotes(178)) - b4fa652e-9609-43ae-a5da-dbaebd8b3d71@group-FD4A39CE61DA-LeaderElection13: begin an election at term 11 for 0: [217b40b1-6496-41ee-9e5f-1bb61aa45139:192.168.157.252:40951, 69837c10-b6a5-4691-9f82-b2bf7c109e66:192.168.157.252:40716, b4fa652e-9609-43ae-a5da-dbaebd8b3d71:192.168.157.252:36685], old=null
2019-11-05 11:09:42,534 [grpc-default-executor-8] INFO  impl.RaftServerImpl (RaftServerImpl.java:setRole(184)) - 217b40b1-6496-41ee-9e5f-1bb61aa45139@group-FD4A39CE61DA: changes role from  FOLLOWER to FOLLOWER at term 11 for recognizeCandidate:b4fa652e-9609-43ae-a5da-dbaebd8b3d71
2019-11-05 11:09:42,534 [grpc-default-executor-8] INFO  impl.RoleInfo (RoleInfo.java:shutdownFollowerState(121)) - 217b40b1-6496-41ee-9e5f-1bb61aa45139: shutdown FollowerState
2019-11-05 11:09:42,534 [grpc-default-executor-8] INFO  impl.RoleInfo (RoleInfo.java:updateAndGet(143)) - 217b40b1-6496-41ee-9e5f-1bb61aa45139: start FollowerState
2019-11-05 11:09:42,534 [Thread-593] INFO  impl.FollowerState (FollowerState.java:run(117)) - 217b40b1-6496-41ee-9e5f-1bb61aa45139@group-FD4A39CE61DA-FollowerState was interrupted: java.lang.InterruptedException: sleep interrupted
2019-11-05 11:09:42,534 [grpc-default-executor-6] INFO  impl.RaftServerImpl (RaftServerImpl.java:setRole(184)) - 69837c10-b6a5-4691-9f82-b2bf7c109e66@group-FD4A39CE61DA: changes role from  FOLLOWER to FOLLOWER at term 11 for recognizeCandidate:b4fa652e-9609-43ae-a5da-dbaebd8b3d71
2019-11-05 11:09:42,535 [grpc-default-executor-6] INFO  impl.RoleInfo (RoleInfo.java:shutdownFollowerState(121)) - 69837c10-b6a5-4691-9f82-b2bf7c109e66: shutdown FollowerState
2019-11-05 11:09:42,541 [b4fa652e-9609-43ae-a5da-dbaebd8b3d71@group-FD4A39CE61DA-LeaderElection13] INFO  impl.LeaderElection (LeaderElection.java:logAndReturn(56)) - b4fa652e-9609-43ae-a5da-dbaebd8b3d71@group-FD4A39CE61DA-LeaderElection13: Election TIMEOUT; received 0 response(s) [] and 0 exception(s); b4fa652e-9609-43ae-a5da-dbaebd8b3d71@group-FD4A39CE61DA:t11, leader=null, voted=b4fa652e-9609-43ae-a5da-dbaebd8b3d71, raftlog=b4fa652e-9609-43ae-a5da-dbaebd8b3d71@group-FD4A39CE61DA-SegmentedRaftLog:OPENED:c3,f4,i4, conf=0: [217b40b1-6496-41ee-9e5f-1bb61aa45139:192.168.157.252:40951, 69837c10-b6a5-4691-9f82-b2bf7c109e66:192.168.157.252:40716, b4fa652e-9609-43ae-a5da-dbaebd8b3d71:192.168.157.252:36685], old=null
2019-11-05 11:09:42,541 [grpc-default-executor-6] INFO  impl.RoleInfo (RoleInfo.java:updateAndGet(143)) - 69837c10-b6a5-4691-9f82-b2bf7c109e66: start FollowerState
2019-11-05 11:09:42,541 [Thread-594] INFO  impl.FollowerState (FollowerState.java:run(117)) - 69837c10-b6a5-4691-9f82-b2bf7c109e66@group-FD4A39CE61DA-FollowerState was interrupted: java.lang.InterruptedException: sleep interrupted
2019-11-05 11:09:42,575 [b4fa652e-9609-43ae-a5da-dbaebd8b3d71@group-FD4A39CE61DA-LeaderElection13] INFO  impl.LeaderElection (LeaderElection.java:askForVotes(178)) - b4fa652e-9609-43ae-a5da-dbaebd8b3d71@group-FD4A39CE61DA-LeaderElection13: begin an election at term 12 for 0: [217b40b1-6496-41ee-9e5f-1bb61aa45139:192.168.157.252:40951, 69837c10-b6a5-4691-9f82-b2bf7c109e66:192.168.157.252:40716, b4fa652e-9609-43ae-a5da-dbaebd8b3d71:192.168.157.252:36685], old=null
2019-11-05 11:09:42,577 [pool-7-thread-1] INFO  commands.RetriableDatanodeEventWatcher (RetriableDatanodeEventWatcher.java:onTimeout(47)) - RetriableDatanodeCommand type=deleteBlocksCommand with id=1572952177566 timed out. Retrying.
2019-11-05 11:09:42,578 [pool-7-thread-3] INFO  commands.RetriableDatanodeEventWatcher (RetriableDatanodeEventWatcher.java:onTimeout(47)) - RetriableDatanodeCommand type=deleteBlocksCommand with id=1572952177567 timed out. Retrying.
2019-11-05 11:09:42,578 [pool-7-thread-2] INFO  commands.RetriableDatanodeEventWatcher (RetriableDatanodeEventWatcher.java:onTimeout(47)) - RetriableDatanodeCommand type=deleteBlocksCommand with id=1572952177569 timed out. Retrying.
2019-11-05 11:09:42,578 [pool-7-thread-4] INFO  commands.RetriableDatanodeEventWatcher (RetriableDatanodeEventWatcher.java:onTimeout(47)) - RetriableDatanodeCommand type=deleteBlocksCommand with id=1572952177568 timed out. Retrying.
2019-11-05 11:09:42,579 [pool-7-thread-2] INFO  commands.RetriableDatanodeEventWatcher (RetriableDatanodeEventWatcher.java:onTimeout(47)) - RetriableDatanodeCommand type=deleteBlocksCommand with id=1572952177565 timed out. Retrying.
2019-11-05 11:09:42,583 [grpc-default-executor-8] INFO  impl.RaftServerImpl (RaftServerImpl.java:setRole(184)) - 217b40b1-6496-41ee-9e5f-1bb61aa45139@group-FD4A39CE61DA: changes role from  FOLLOWER to FOLLOWER at term 12 for recognizeCandidate:b4fa652e-9609-43ae-a5da-dbaebd8b3d71
2019-11-05 11:09:42,583 [grpc-default-executor-8] INFO  impl.RoleInfo (RoleInfo.java:shutdownFollowerState(121)) - 217b40b1-6496-41ee-9e5f-1bb61aa45139: shutdown FollowerState
2019-11-05 11:09:42,584 [grpc-default-executor-8] INFO  impl.RoleInfo (RoleInfo.java:updateAndGet(143)) - 217b40b1-6496-41ee-9e5f-1bb61aa45139: start FollowerState
2019-11-05 11:09:42,584 [Thread-602] INFO  impl.FollowerState (FollowerState.java:run(117)) - 217b40b1-6496-41ee-9e5f-1bb61aa45139@group-FD4A39CE61DA-FollowerState was interrupted: java.lang.InterruptedException: sleep interrupted
2019-11-05 11:09:42,584 [grpc-default-executor-6] INFO  impl.RaftServerImpl (RaftServerImpl.java:setRole(184)) - 69837c10-b6a5-4691-9f82-b2bf7c109e66@group-FD4A39CE61DA: changes role from  FOLLOWER to FOLLOWER at term 12 for recognizeCandidate:b4fa652e-9609-43ae-a5da-dbaebd8b3d71
2019-11-05 11:09:42,584 [grpc-default-executor-6] INFO  impl.RoleInfo (RoleInfo.java:shutdownFollowerState(121)) - 69837c10-b6a5-4691-9f82-b2bf7c109e66: shutdown FollowerState
2019-11-05 11:09:42,583 [SCMBlockDeletingService#0] INFO  block.SCMBlockDeletingService (SCMBlockDeletingService.java:call(184)) - Totally added 1 delete blocks command for 1 datanodes, task elapsed time: 1ms
2019-11-05 11:09:42,585 [Thread-603] INFO  impl.FollowerState (FollowerState.java:run(117)) - 69837c10-b6a5-4691-9f82-b2bf7c109e66@group-FD4A39CE61DA-FollowerState was interrupted: java.lang.InterruptedException: sleep interrupted
2019-11-05 11:09:42,585 [grpc-default-executor-6] INFO  impl.RoleInfo (RoleInfo.java:updateAndGet(143)) - 69837c10-b6a5-4691-9f82-b2bf7c109e66: start FollowerState
2019-11-05 11:09:42,635 [b4fa652e-9609-43ae-a5da-dbaebd8b3d71@group-FD4A39CE61DA-LeaderElection13] INFO  impl.LeaderElection (LeaderElection.java:logAndReturn(56)) - b4fa652e-9609-43ae-a5da-dbaebd8b3d71@group-FD4A39CE61DA-LeaderElection13: Election REJECTED; received 2 response(s) [b4fa652e-9609-43ae-a5da-dbaebd8b3d71<-217b40b1-6496-41ee-9e5f-1bb61aa45139#0:FAIL-t12, b4fa652e-9609-43ae-a5da-dbaebd8b3d71<-69837c10-b6a5-4691-9f82-b2bf7c109e66#0:FAIL-t12] and 0 exception(s); b4fa652e-9609-43ae-a5da-dbaebd8b3d71@group-FD4A39CE61DA:t12, leader=null, voted=b4fa652e-9609-43ae-a5da-dbaebd8b3d71, raftlog=b4fa652e-9609-43ae-a5da-dbaebd8b3d71@group-FD4A39CE61DA-SegmentedRaftLog:OPENED:c3,f4,i4, conf=0: [217b40b1-6496-41ee-9e5f-1bb61aa45139:192.168.157.252:40951, 69837c10-b6a5-4691-9f82-b2bf7c109e66:192.168.157.252:40716, b4fa652e-9609-43ae-a5da-dbaebd8b3d71:192.168.157.252:36685], old=null
2019-11-05 11:09:42,635 [b4fa652e-9609-43ae-a5da-dbaebd8b3d71@group-FD4A39CE61DA-LeaderElection13] INFO  impl.RaftServerImpl (RaftServerImpl.java:setRole(184)) - b4fa652e-9609-43ae-a5da-dbaebd8b3d71@group-FD4A39CE61DA: changes role from CANDIDATE to FOLLOWER at term 12 for DISCOVERED_A_NEW_TERM
2019-11-05 11:09:42,635 [b4fa652e-9609-43ae-a5da-dbaebd8b3d71@group-FD4A39CE61DA-LeaderElection13] INFO  impl.RoleInfo (RoleInfo.java:shutdownLeaderElection(134)) - b4fa652e-9609-43ae-a5da-dbaebd8b3d71: shutdown LeaderElection
2019-11-05 11:09:42,635 [b4fa652e-9609-43ae-a5da-dbaebd8b3d71@group-FD4A39CE61DA-LeaderElection13] INFO  impl.RoleInfo (RoleInfo.java:updateAndGet(143)) - b4fa652e-9609-43ae-a5da-dbaebd8b3d71: start FollowerState
2019-11-05 11:09:42,722 [BlockDeletingService#9] WARN  background.BlockDeletingService (BlockDeletingService.java:isDeletionAllowed(187)) - Close Container log Index 6 is not replicated across allthe servers in the pipeline a8186365-22ae-4f7f-97bd-fd4a39ce61da as the min replicated index is 4. Deletion is not allowed in this container yet.
2019-11-05 11:09:42,735 [BlockDeletingService#2] WARN  background.BlockDeletingService (BlockDeletingService.java:isDeletionAllowed(187)) - Close Container log Index 6 is not replicated across allthe servers in the pipeline a8186365-22ae-4f7f-97bd-fd4a39ce61da as the min replicated index is 4. Deletion is not allowed in this container yet.
2019-11-05 11:09:42,811 [Thread-608] INFO  impl.FollowerState (FollowerState.java:run(108)) - b4fa652e-9609-43ae-a5da-dbaebd8b3d71@group-FD4A39CE61DA-FollowerState: change to CANDIDATE, lastRpcTime:175ms, electionTimeout:175ms
2019-11-05 11:09:42,811 [Thread-608] INFO  impl.RoleInfo (RoleInfo.java:shutdownFollowerState(121)) - b4fa652e-9609-43ae-a5da-dbaebd8b3d71: shutdown FollowerState
2019-11-05 11:09:42,812 [Thread-608] INFO  impl.RaftServerImpl (RaftServerImpl.java:setRole(184)) - b4fa652e-9609-43ae-a5da-dbaebd8b3d71@group-FD4A39CE61DA: changes role from  FOLLOWER to CANDIDATE at term 12 for changeToCandidate
2019-11-05 11:09:42,812 [Thread-608] INFO  impl.RoleInfo (RoleInfo.java:updateAndGet(143)) - b4fa652e-9609-43ae-a5da-dbaebd8b3d71: start LeaderElection
2019-11-05 11:09:42,814 [EventQueue-PendingDeleteStatusForPendingDeleteHandler] INFO  block.SCMBlockDeletingService (SCMBlockDeletingService.java:handlePendingDeletes(115)) - Block deletion txnID mismatch in datanode b4fa652e-9609-43ae-a5da-dbaebd8b3d71 for containerID 1. Datanode delete txnID: 0, SCM txnID: 1
2019-11-05 11:09:42,828 [b4fa652e-9609-43ae-a5da-dbaebd8b3d71@group-FD4A39CE61DA-LeaderElection14] INFO  impl.LeaderElection (LeaderElection.java:askForVotes(178)) - b4fa652e-9609-43ae-a5da-dbaebd8b3d71@group-FD4A39CE61DA-LeaderElection14: begin an election at term 13 for 0: [217b40b1-6496-41ee-9e5f-1bb61aa45139:192.168.157.252:40951, 69837c10-b6a5-4691-9f82-b2bf7c109e66:192.168.157.252:40716, b4fa652e-9609-43ae-a5da-dbaebd8b3d71:192.168.157.252:36685], old=null
2019-11-05 11:09:42,831 [grpc-default-executor-8] INFO  impl.RaftServerImpl (RaftServerImpl.java:setRole(184)) - 69837c10-b6a5-4691-9f82-b2bf7c109e66@group-FD4A39CE61DA: changes role from  FOLLOWER to FOLLOWER at term 13 for recognizeCandidate:b4fa652e-9609-43ae-a5da-dbaebd8b3d71
2019-11-05 11:09:42,832 [grpc-default-executor-8] INFO  impl.RoleInfo (RoleInfo.java:shutdownFollowerState(121)) - 69837c10-b6a5-4691-9f82-b2bf7c109e66: shutdown FollowerState
2019-11-05 11:09:42,832 [grpc-default-executor-8] INFO  impl.RoleInfo (RoleInfo.java:updateAndGet(143)) - 69837c10-b6a5-4691-9f82-b2bf7c109e66: start FollowerState
2019-11-05 11:09:42,833 [Thread-607] INFO  impl.FollowerState (FollowerState.java:run(117)) - 69837c10-b6a5-4691-9f82-b2bf7c109e66@group-FD4A39CE61DA-FollowerState was interrupted: java.lang.InterruptedException: sleep interrupted
2019-11-05 11:09:42,840 [grpc-default-executor-6] INFO  impl.RaftServerImpl (RaftServerImpl.java:setRole(184)) - 217b40b1-6496-41ee-9e5f-1bb61aa45139@group-FD4A39CE61DA: changes role from  FOLLOWER to FOLLOWER at term 13 for recognizeCandidate:b4fa652e-9609-43ae-a5da-dbaebd8b3d71
2019-11-05 11:09:42,841 [grpc-default-executor-6] INFO  impl.RoleInfo (RoleInfo.java:shutdownFollowerState(121)) - 217b40b1-6496-41ee-9e5f-1bb61aa45139: shutdown FollowerState
2019-11-05 11:09:42,841 [grpc-default-executor-6] INFO  impl.RoleInfo (RoleInfo.java:updateAndGet(143)) - 217b40b1-6496-41ee-9e5f-1bb61aa45139: start FollowerState
2019-11-05 11:09:42,841 [Thread-606] INFO  impl.FollowerState (FollowerState.java:run(117)) - 217b40b1-6496-41ee-9e5f-1bb61aa45139@group-FD4A39CE61DA-FollowerState was interrupted: java.lang.InterruptedException: sleep interrupted
2019-11-05 11:09:42,850 [b4fa652e-9609-43ae-a5da-dbaebd8b3d71@group-FD4A39CE61DA-LeaderElection14] INFO  impl.LeaderElection (LeaderElection.java:logAndReturn(56)) - b4fa652e-9609-43ae-a5da-dbaebd8b3d71@group-FD4A39CE61DA-LeaderElection14: Election REJECTED; received 2 response(s) [b4fa652e-9609-43ae-a5da-dbaebd8b3d71<-217b40b1-6496-41ee-9e5f-1bb61aa45139#0:FAIL-t13, b4fa652e-9609-43ae-a5da-dbaebd8b3d71<-69837c10-b6a5-4691-9f82-b2bf7c109e66#0:FAIL-t13] and 0 exception(s); b4fa652e-9609-43ae-a5da-dbaebd8b3d71@group-FD4A39CE61DA:t13, leader=null, voted=b4fa652e-9609-43ae-a5da-dbaebd8b3d71, raftlog=b4fa652e-9609-43ae-a5da-dbaebd8b3d71@group-FD4A39CE61DA-SegmentedRaftLog:OPENED:c3,f4,i4, conf=0: [217b40b1-6496-41ee-9e5f-1bb61aa45139:192.168.157.252:40951, 69837c10-b6a5-4691-9f82-b2bf7c109e66:192.168.157.252:40716, b4fa652e-9609-43ae-a5da-dbaebd8b3d71:192.168.157.252:36685], old=null
2019-11-05 11:09:42,851 [b4fa652e-9609-43ae-a5da-dbaebd8b3d71@group-FD4A39CE61DA-LeaderElection14] INFO  impl.RaftServerImpl (RaftServerImpl.java:setRole(184)) - b4fa652e-9609-43ae-a5da-dbaebd8b3d71@group-FD4A39CE61DA: changes role from CANDIDATE to FOLLOWER at term 13 for DISCOVERED_A_NEW_TERM
2019-11-05 11:09:42,851 [b4fa652e-9609-43ae-a5da-dbaebd8b3d71@group-FD4A39CE61DA-LeaderElection14] INFO  impl.RoleInfo (RoleInfo.java:shutdownLeaderElection(134)) - b4fa652e-9609-43ae-a5da-dbaebd8b3d71: shutdown LeaderElection
2019-11-05 11:09:42,851 [b4fa652e-9609-43ae-a5da-dbaebd8b3d71@group-FD4A39CE61DA-LeaderElection14] INFO  impl.RoleInfo (RoleInfo.java:updateAndGet(143)) - b4fa652e-9609-43ae-a5da-dbaebd8b3d71: start FollowerState
2019-11-05 11:09:42,914 [Thread-616] INFO  impl.FollowerState (FollowerState.java:run(108)) - b4fa652e-9609-43ae-a5da-dbaebd8b3d71@group-FD4A39CE61DA-FollowerState: change to CANDIDATE, lastRpcTime:63ms, electionTimeout:60ms
2019-11-05 11:09:42,923 [Thread-616] INFO  impl.RoleInfo (RoleInfo.java:shutdownFollowerState(121)) - b4fa652e-9609-43ae-a5da-dbaebd8b3d71: shutdown FollowerState
2019-11-05 11:09:42,924 [Thread-616] INFO  impl.RaftServerImpl (RaftServerImpl.java:setRole(184)) - b4fa652e-9609-43ae-a5da-dbaebd8b3d71@group-FD4A39CE61DA: changes role from  FOLLOWER to CANDIDATE at term 13 for changeToCandidate
2019-11-05 11:09:42,924 [Thread-616] INFO  impl.RoleInfo (RoleInfo.java:updateAndGet(143)) - b4fa652e-9609-43ae-a5da-dbaebd8b3d71: start LeaderElection
2019-11-05 11:09:42,957 [b4fa652e-9609-43ae-a5da-dbaebd8b3d71@group-FD4A39CE61DA-LeaderElection15] INFO  impl.LeaderElection (LeaderElection.java:askForVotes(178)) - b4fa652e-9609-43ae-a5da-dbaebd8b3d71@group-FD4A39CE61DA-LeaderElection15: begin an election at term 14 for 0: [217b40b1-6496-41ee-9e5f-1bb61aa45139:192.168.157.252:40951, 69837c10-b6a5-4691-9f82-b2bf7c109e66:192.168.157.252:40716, b4fa652e-9609-43ae-a5da-dbaebd8b3d71:192.168.157.252:36685], old=null
2019-11-05 11:09:42,960 [grpc-default-executor-6] INFO  impl.RaftServerImpl (RaftServerImpl.java:setRole(184)) - 69837c10-b6a5-4691-9f82-b2bf7c109e66@group-FD4A39CE61DA: changes role from  FOLLOWER to FOLLOWER at term 14 for recognizeCandidate:b4fa652e-9609-43ae-a5da-dbaebd8b3d71
2019-11-05 11:09:42,960 [grpc-default-executor-6] INFO  impl.RoleInfo (RoleInfo.java:shutdownFollowerState(121)) - 69837c10-b6a5-4691-9f82-b2bf7c109e66: shutdown FollowerState
2019-11-05 11:09:42,961 [grpc-default-executor-6] INFO  impl.RoleInfo (RoleInfo.java:updateAndGet(143)) - 69837c10-b6a5-4691-9f82-b2bf7c109e66: start FollowerState
2019-11-05 11:09:42,961 [Thread-614] INFO  impl.FollowerState (FollowerState.java:run(117)) - 69837c10-b6a5-4691-9f82-b2bf7c109e66@group-FD4A39CE61DA-FollowerState was interrupted: java.lang.InterruptedException: sleep interrupted
2019-11-05 11:09:42,977 [grpc-default-executor-8] INFO  impl.RaftServerImpl (RaftServerImpl.java:setRole(184)) - 217b40b1-6496-41ee-9e5f-1bb61aa45139@group-FD4A39CE61DA: changes role from  FOLLOWER to FOLLOWER at term 14 for recognizeCandidate:b4fa652e-9609-43ae-a5da-dbaebd8b3d71
2019-11-05 11:09:42,978 [grpc-default-executor-8] INFO  impl.RoleInfo (RoleInfo.java:shutdownFollowerState(121)) - 217b40b1-6496-41ee-9e5f-1bb61aa45139: shutdown FollowerState
2019-11-05 11:09:42,978 [grpc-default-executor-8] INFO  impl.RoleInfo (RoleInfo.java:updateAndGet(143)) - 217b40b1-6496-41ee-9e5f-1bb61aa45139: start FollowerState
2019-11-05 11:09:42,978 [Thread-615] INFO  impl.FollowerState (FollowerState.java:run(117)) - 217b40b1-6496-41ee-9e5f-1bb61aa45139@group-FD4A39CE61DA-FollowerState was interrupted: java.lang.InterruptedException: sleep interrupted
2019-11-05 11:09:43,015 [b4fa652e-9609-43ae-a5da-dbaebd8b3d71@group-FD4A39CE61DA-LeaderElection15] INFO  impl.LeaderElection (LeaderElection.java:logAndReturn(56)) - b4fa652e-9609-43ae-a5da-dbaebd8b3d71@group-FD4A39CE61DA-LeaderElection15: Election REJECTED; received 2 response(s) [b4fa652e-9609-43ae-a5da-dbaebd8b3d71<-217b40b1-6496-41ee-9e5f-1bb61aa45139#0:FAIL-t14, b4fa652e-9609-43ae-a5da-dbaebd8b3d71<-69837c10-b6a5-4691-9f82-b2bf7c109e66#0:FAIL-t14] and 0 exception(s); b4fa652e-9609-43ae-a5da-dbaebd8b3d71@group-FD4A39CE61DA:t14, leader=null, voted=b4fa652e-9609-43ae-a5da-dbaebd8b3d71, raftlog=b4fa652e-9609-43ae-a5da-dbaebd8b3d71@group-FD4A39CE61DA-SegmentedRaftLog:OPENED:c3,f4,i4, conf=0: [217b40b1-6496-41ee-9e5f-1bb61aa45139:192.168.157.252:40951, 69837c10-b6a5-4691-9f82-b2bf7c109e66:192.168.157.252:40716, b4fa652e-9609-43ae-a5da-dbaebd8b3d71:192.168.157.252:36685], old=null
2019-11-05 11:09:43,016 [b4fa652e-9609-43ae-a5da-dbaebd8b3d71@group-FD4A39CE61DA-LeaderElection15] INFO  impl.RaftServerImpl (RaftServerImpl.java:setRole(184)) - b4fa652e-9609-43ae-a5da-dbaebd8b3d71@group-FD4A39CE61DA: changes role from CANDIDATE to FOLLOWER at term 14 for DISCOVERED_A_NEW_TERM
2019-11-05 11:09:43,016 [b4fa652e-9609-43ae-a5da-dbaebd8b3d71@group-FD4A39CE61DA-LeaderElection15] INFO  impl.RoleInfo (RoleInfo.java:shutdownLeaderElection(134)) - b4fa652e-9609-43ae-a5da-dbaebd8b3d71: shutdown LeaderElection
2019-11-05 11:09:43,016 [b4fa652e-9609-43ae-a5da-dbaebd8b3d71@group-FD4A39CE61DA-LeaderElection15] INFO  impl.RoleInfo (RoleInfo.java:updateAndGet(143)) - b4fa652e-9609-43ae-a5da-dbaebd8b3d71: start FollowerState
2019-11-05 11:09:43,084 [Thread-623] INFO  impl.FollowerState (FollowerState.java:run(108)) - b4fa652e-9609-43ae-a5da-dbaebd8b3d71@group-FD4A39CE61DA-FollowerState: change to CANDIDATE, lastRpcTime:68ms, electionTimeout:68ms
2019-11-05 11:09:43,098 [Thread-623] INFO  impl.RoleInfo (RoleInfo.java:shutdownFollowerState(121)) - b4fa652e-9609-43ae-a5da-dbaebd8b3d71: shutdown FollowerState
2019-11-05 11:09:43,098 [Thread-623] INFO  impl.RaftServerImpl (RaftServerImpl.java:setRole(184)) - b4fa652e-9609-43ae-a5da-dbaebd8b3d71@group-FD4A39CE61DA: changes role from  FOLLOWER to CANDIDATE at term 14 for changeToCandidate
2019-11-05 11:09:43,098 [Thread-623] INFO  impl.RoleInfo (RoleInfo.java:updateAndGet(143)) - b4fa652e-9609-43ae-a5da-dbaebd8b3d71: start LeaderElection
2019-11-05 11:09:43,114 [b4fa652e-9609-43ae-a5da-dbaebd8b3d71@group-FD4A39CE61DA-LeaderElection16] INFO  impl.LeaderElection (LeaderElection.java:askForVotes(178)) - b4fa652e-9609-43ae-a5da-dbaebd8b3d71@group-FD4A39CE61DA-LeaderElection16: begin an election at term 15 for 0: [217b40b1-6496-41ee-9e5f-1bb61aa45139:192.168.157.252:40951, 69837c10-b6a5-4691-9f82-b2bf7c109e66:192.168.157.252:40716, b4fa652e-9609-43ae-a5da-dbaebd8b3d71:192.168.157.252:36685], old=null
2019-11-05 11:09:43,120 [grpc-default-executor-6] INFO  impl.RaftServerImpl (RaftServerImpl.java:setRole(184)) - 69837c10-b6a5-4691-9f82-b2bf7c109e66@group-FD4A39CE61DA: changes role from  FOLLOWER to FOLLOWER at term 15 for recognizeCandidate:b4fa652e-9609-43ae-a5da-dbaebd8b3d71
2019-11-05 11:09:43,120 [grpc-default-executor-6] INFO  impl.RoleInfo (RoleInfo.java:shutdownFollowerState(121)) - 69837c10-b6a5-4691-9f82-b2bf7c109e66: shutdown FollowerState
2019-11-05 11:09:43,121 [grpc-default-executor-6] INFO  impl.RoleInfo (RoleInfo.java:updateAndGet(143)) - 69837c10-b6a5-4691-9f82-b2bf7c109e66: start FollowerState
2019-11-05 11:09:43,121 [Thread-621] INFO  impl.FollowerState (FollowerState.java:run(117)) - 69837c10-b6a5-4691-9f82-b2bf7c109e66@group-FD4A39CE61DA-FollowerState was interrupted: java.lang.InterruptedException: sleep interrupted
2019-11-05 11:09:43,123 [grpc-default-executor-8] INFO  impl.RaftServerImpl (RaftServerImpl.java:setRole(184)) - 217b40b1-6496-41ee-9e5f-1bb61aa45139@group-FD4A39CE61DA: changes role from  FOLLOWER to FOLLOWER at term 15 for recognizeCandidate:b4fa652e-9609-43ae-a5da-dbaebd8b3d71
2019-11-05 11:09:43,123 [grpc-default-executor-8] INFO  impl.RoleInfo (RoleInfo.java:shutdownFollowerState(121)) - 217b40b1-6496-41ee-9e5f-1bb61aa45139: shutdown FollowerState
2019-11-05 11:09:43,124 [grpc-default-executor-8] INFO  impl.RoleInfo (RoleInfo.java:updateAndGet(143)) - 217b40b1-6496-41ee-9e5f-1bb61aa45139: start FollowerState
2019-11-05 11:09:43,124 [Thread-622] INFO  impl.FollowerState (FollowerState.java:run(117)) - 217b40b1-6496-41ee-9e5f-1bb61aa45139@group-FD4A39CE61DA-FollowerState was interrupted: java.lang.InterruptedException: sleep interrupted
2019-11-05 11:09:43,138 [b4fa652e-9609-43ae-a5da-dbaebd8b3d71@group-FD4A39CE61DA-LeaderElection16] INFO  impl.LeaderElection (LeaderElection.java:logAndReturn(56)) - b4fa652e-9609-43ae-a5da-dbaebd8b3d71@group-FD4A39CE61DA-LeaderElection16: Election REJECTED; received 2 response(s) [b4fa652e-9609-43ae-a5da-dbaebd8b3d71<-217b40b1-6496-41ee-9e5f-1bb61aa45139#0:FAIL-t15, b4fa652e-9609-43ae-a5da-dbaebd8b3d71<-69837c10-b6a5-4691-9f82-b2bf7c109e66#0:FAIL-t15] and 0 exception(s); b4fa652e-9609-43ae-a5da-dbaebd8b3d71@group-FD4A39CE61DA:t15, leader=null, voted=b4fa652e-9609-43ae-a5da-dbaebd8b3d71, raftlog=b4fa652e-9609-43ae-a5da-dbaebd8b3d71@group-FD4A39CE61DA-SegmentedRaftLog:OPENED:c3,f4,i4, conf=0: [217b40b1-6496-41ee-9e5f-1bb61aa45139:192.168.157.252:40951, 69837c10-b6a5-4691-9f82-b2bf7c109e66:192.168.157.252:40716, b4fa652e-9609-43ae-a5da-dbaebd8b3d71:192.168.157.252:36685], old=null
2019-11-05 11:09:43,138 [b4fa652e-9609-43ae-a5da-dbaebd8b3d71@group-FD4A39CE61DA-LeaderElection16] INFO  impl.RaftServerImpl (RaftServerImpl.java:setRole(184)) - b4fa652e-9609-43ae-a5da-dbaebd8b3d71@group-FD4A39CE61DA: changes role from CANDIDATE to FOLLOWER at term 15 for DISCOVERED_A_NEW_TERM
2019-11-05 11:09:43,138 [b4fa652e-9609-43ae-a5da-dbaebd8b3d71@group-FD4A39CE61DA-LeaderElection16] INFO  impl.RoleInfo (RoleInfo.java:shutdownLeaderElection(134)) - b4fa652e-9609-43ae-a5da-dbaebd8b3d71: shutdown LeaderElection
2019-11-05 11:09:43,138 [b4fa652e-9609-43ae-a5da-dbaebd8b3d71@group-FD4A39CE61DA-LeaderElection16] INFO  impl.RoleInfo (RoleInfo.java:updateAndGet(143)) - b4fa652e-9609-43ae-a5da-dbaebd8b3d71: start FollowerState
2019-11-05 11:09:43,236 [Thread-629] INFO  impl.FollowerState (FollowerState.java:run(108)) - b4fa652e-9609-43ae-a5da-dbaebd8b3d71@group-FD4A39CE61DA-FollowerState: change to CANDIDATE, lastRpcTime:97ms, electionTimeout:97ms
2019-11-05 11:09:43,244 [Thread-629] INFO  impl.RoleInfo (RoleInfo.java:shutdownFollowerState(121)) - b4fa652e-9609-43ae-a5da-dbaebd8b3d71: shutdown FollowerState
2019-11-05 11:09:43,244 [Thread-629] INFO  impl.RaftServerImpl (RaftServerImpl.java:setRole(184)) - b4fa652e-9609-43ae-a5da-dbaebd8b3d71@group-FD4A39CE61DA: changes role from  FOLLOWER to CANDIDATE at term 15 for changeToCandidate
2019-11-05 11:09:43,245 [Thread-629] INFO  impl.RoleInfo (RoleInfo.java:updateAndGet(143)) - b4fa652e-9609-43ae-a5da-dbaebd8b3d71: start LeaderElection
2019-11-05 11:09:43,260 [b4fa652e-9609-43ae-a5da-dbaebd8b3d71@group-FD4A39CE61DA-LeaderElection17] INFO  impl.LeaderElection (LeaderElection.java:askForVotes(178)) - b4fa652e-9609-43ae-a5da-dbaebd8b3d71@group-FD4A39CE61DA-LeaderElection17: begin an election at term 16 for 0: [217b40b1-6496-41ee-9e5f-1bb61aa45139:192.168.157.252:40951, 69837c10-b6a5-4691-9f82-b2bf7c109e66:192.168.157.252:40716, b4fa652e-9609-43ae-a5da-dbaebd8b3d71:192.168.157.252:36685], old=null
2019-11-05 11:09:43,266 [grpc-default-executor-8] INFO  impl.RaftServerImpl (RaftServerImpl.java:setRole(184)) - 69837c10-b6a5-4691-9f82-b2bf7c109e66@group-FD4A39CE61DA: changes role from  FOLLOWER to FOLLOWER at term 16 for recognizeCandidate:b4fa652e-9609-43ae-a5da-dbaebd8b3d71
2019-11-05 11:09:43,266 [grpc-default-executor-8] INFO  impl.RoleInfo (RoleInfo.java:shutdownFollowerState(121)) - 69837c10-b6a5-4691-9f82-b2bf7c109e66: shutdown FollowerState
2019-11-05 11:09:43,266 [grpc-default-executor-8] INFO  impl.RoleInfo (RoleInfo.java:updateAndGet(143)) - 69837c10-b6a5-4691-9f82-b2bf7c109e66: start FollowerState
2019-11-05 11:09:43,266 [Thread-627] INFO  impl.FollowerState (FollowerState.java:run(117)) - 69837c10-b6a5-4691-9f82-b2bf7c109e66@group-FD4A39CE61DA-FollowerState was interrupted: java.lang.InterruptedException: sleep interrupted
2019-11-05 11:09:43,270 [grpc-default-executor-6] INFO  impl.RaftServerImpl (RaftServerImpl.java:setRole(184)) - 217b40b1-6496-41ee-9e5f-1bb61aa45139@group-FD4A39CE61DA: changes role from  FOLLOWER to FOLLOWER at term 16 for recognizeCandidate:b4fa652e-9609-43ae-a5da-dbaebd8b3d71
2019-11-05 11:09:43,270 [grpc-default-executor-6] INFO  impl.RoleInfo (RoleInfo.java:shutdownFollowerState(121)) - 217b40b1-6496-41ee-9e5f-1bb61aa45139: shutdown FollowerState
2019-11-05 11:09:43,271 [grpc-default-executor-6] INFO  impl.RoleInfo (RoleInfo.java:updateAndGet(143)) - 217b40b1-6496-41ee-9e5f-1bb61aa45139: start FollowerState
2019-11-05 11:09:43,271 [Thread-628] INFO  impl.FollowerState (FollowerState.java:run(117)) - 217b40b1-6496-41ee-9e5f-1bb61aa45139@group-FD4A39CE61DA-FollowerState was interrupted: java.lang.InterruptedException: sleep interrupted
2019-11-05 11:09:43,329 [b4fa652e-9609-43ae-a5da-dbaebd8b3d71@group-FD4A39CE61DA-LeaderElection17] INFO  impl.LeaderElection (LeaderElection.java:logAndReturn(56)) - b4fa652e-9609-43ae-a5da-dbaebd8b3d71@group-FD4A39CE61DA-LeaderElection17: Election REJECTED; received 2 response(s) [b4fa652e-9609-43ae-a5da-dbaebd8b3d71<-217b40b1-6496-41ee-9e5f-1bb61aa45139#0:FAIL-t16, b4fa652e-9609-43ae-a5da-dbaebd8b3d71<-69837c10-b6a5-4691-9f82-b2bf7c109e66#0:FAIL-t16] and 0 exception(s); b4fa652e-9609-43ae-a5da-dbaebd8b3d71@group-FD4A39CE61DA:t16, leader=null, voted=b4fa652e-9609-43ae-a5da-dbaebd8b3d71, raftlog=b4fa652e-9609-43ae-a5da-dbaebd8b3d71@group-FD4A39CE61DA-SegmentedRaftLog:OPENED:c3,f4,i4, conf=0: [217b40b1-6496-41ee-9e5f-1bb61aa45139:192.168.157.252:40951, 69837c10-b6a5-4691-9f82-b2bf7c109e66:192.168.157.252:40716, b4fa652e-9609-43ae-a5da-dbaebd8b3d71:192.168.157.252:36685], old=null
2019-11-05 11:09:43,330 [b4fa652e-9609-43ae-a5da-dbaebd8b3d71@group-FD4A39CE61DA-LeaderElection17] INFO  impl.RaftServerImpl (RaftServerImpl.java:setRole(184)) - b4fa652e-9609-43ae-a5da-dbaebd8b3d71@group-FD4A39CE61DA: changes role from CANDIDATE to FOLLOWER at term 16 for DISCOVERED_A_NEW_TERM
2019-11-05 11:09:43,330 [b4fa652e-9609-43ae-a5da-dbaebd8b3d71@group-FD4A39CE61DA-LeaderElection17] INFO  impl.RoleInfo (RoleInfo.java:shutdownLeaderElection(134)) - b4fa652e-9609-43ae-a5da-dbaebd8b3d71: shutdown LeaderElection
2019-11-05 11:09:43,331 [b4fa652e-9609-43ae-a5da-dbaebd8b3d71@group-FD4A39CE61DA-LeaderElection17] INFO  impl.RoleInfo (RoleInfo.java:updateAndGet(143)) - b4fa652e-9609-43ae-a5da-dbaebd8b3d71: start FollowerState
2019-11-05 11:09:43,452 [Thread-635] INFO  impl.FollowerState (FollowerState.java:run(108)) - b4fa652e-9609-43ae-a5da-dbaebd8b3d71@group-FD4A39CE61DA-FollowerState: change to CANDIDATE, lastRpcTime:121ms, electionTimeout:121ms
2019-11-05 11:09:43,454 [Thread-635] INFO  impl.RoleInfo (RoleInfo.java:shutdownFollowerState(121)) - b4fa652e-9609-43ae-a5da-dbaebd8b3d71: shutdown FollowerState
2019-11-05 11:09:43,454 [Thread-635] INFO  impl.RaftServerImpl (RaftServerImpl.java:setRole(184)) - b4fa652e-9609-43ae-a5da-dbaebd8b3d71@group-FD4A39CE61DA: changes role from  FOLLOWER to CANDIDATE at term 16 for changeToCandidate
2019-11-05 11:09:43,454 [Thread-635] INFO  impl.RoleInfo (RoleInfo.java:updateAndGet(143)) - b4fa652e-9609-43ae-a5da-dbaebd8b3d71: start LeaderElection
2019-11-05 11:09:43,469 [b4fa652e-9609-43ae-a5da-dbaebd8b3d71@group-FD4A39CE61DA-LeaderElection18] INFO  impl.LeaderElection (LeaderElection.java:askForVotes(178)) - b4fa652e-9609-43ae-a5da-dbaebd8b3d71@group-FD4A39CE61DA-LeaderElection18: begin an election at term 17 for 0: [217b40b1-6496-41ee-9e5f-1bb61aa45139:192.168.157.252:40951, 69837c10-b6a5-4691-9f82-b2bf7c109e66:192.168.157.252:40716, b4fa652e-9609-43ae-a5da-dbaebd8b3d71:192.168.157.252:36685], old=null
2019-11-05 11:09:43,472 [grpc-default-executor-6] INFO  impl.RaftServerImpl (RaftServerImpl.java:setRole(184)) - 69837c10-b6a5-4691-9f82-b2bf7c109e66@group-FD4A39CE61DA: changes role from  FOLLOWER to FOLLOWER at term 17 for recognizeCandidate:b4fa652e-9609-43ae-a5da-dbaebd8b3d71
2019-11-05 11:09:43,472 [grpc-default-executor-8] INFO  impl.RaftServerImpl (RaftServerImpl.java:setRole(184)) - 217b40b1-6496-41ee-9e5f-1bb61aa45139@group-FD4A39CE61DA: changes role from  FOLLOWER to FOLLOWER at term 17 for recognizeCandidate:b4fa652e-9609-43ae-a5da-dbaebd8b3d71
2019-11-05 11:09:43,473 [grpc-default-executor-6] INFO  impl.RoleInfo (RoleInfo.java:shutdownFollowerState(121)) - 69837c10-b6a5-4691-9f82-b2bf7c109e66: shutdown FollowerState
2019-11-05 11:09:43,473 [grpc-default-executor-8] INFO  impl.RoleInfo (RoleInfo.java:shutdownFollowerState(121)) - 217b40b1-6496-41ee-9e5f-1bb61aa45139: shutdown FollowerState
2019-11-05 11:09:43,473 [grpc-default-executor-6] INFO  impl.RoleInfo (RoleInfo.java:updateAndGet(143)) - 69837c10-b6a5-4691-9f82-b2bf7c109e66: start FollowerState
2019-11-05 11:09:43,473 [grpc-default-executor-8] INFO  impl.RoleInfo (RoleInfo.java:updateAndGet(143)) - 217b40b1-6496-41ee-9e5f-1bb61aa45139: start FollowerState
2019-11-05 11:09:43,473 [Thread-634] INFO  impl.FollowerState (FollowerState.java:run(117)) - 217b40b1-6496-41ee-9e5f-1bb61aa45139@group-FD4A39CE61DA-FollowerState was interrupted: java.lang.InterruptedException: sleep interrupted
2019-11-05 11:09:43,473 [Thread-633] INFO  impl.FollowerState (FollowerState.java:run(117)) - 69837c10-b6a5-4691-9f82-b2bf7c109e66@group-FD4A39CE61DA-FollowerState was interrupted: java.lang.InterruptedException: sleep interrupted
2019-11-05 11:09:43,490 [b4fa652e-9609-43ae-a5da-dbaebd8b3d71@group-FD4A39CE61DA-LeaderElection18] INFO  impl.LeaderElection (LeaderElection.java:logAndReturn(56)) - b4fa652e-9609-43ae-a5da-dbaebd8b3d71@group-FD4A39CE61DA-LeaderElection18: Election REJECTED; received 2 response(s) [b4fa652e-9609-43ae-a5da-dbaebd8b3d71<-217b40b1-6496-41ee-9e5f-1bb61aa45139#0:FAIL-t17, b4fa652e-9609-43ae-a5da-dbaebd8b3d71<-69837c10-b6a5-4691-9f82-b2bf7c109e66#0:FAIL-t17] and 0 exception(s); b4fa652e-9609-43ae-a5da-dbaebd8b3d71@group-FD4A39CE61DA:t17, leader=null, voted=b4fa652e-9609-43ae-a5da-dbaebd8b3d71, raftlog=b4fa652e-9609-43ae-a5da-dbaebd8b3d71@group-FD4A39CE61DA-SegmentedRaftLog:OPENED:c3,f4,i4, conf=0: [217b40b1-6496-41ee-9e5f-1bb61aa45139:192.168.157.252:40951, 69837c10-b6a5-4691-9f82-b2bf7c109e66:192.168.157.252:40716, b4fa652e-9609-43ae-a5da-dbaebd8b3d71:192.168.157.252:36685], old=null
2019-11-05 11:09:43,490 [b4fa652e-9609-43ae-a5da-dbaebd8b3d71@group-FD4A39CE61DA-LeaderElection18] INFO  impl.RaftServerImpl (RaftServerImpl.java:setRole(184)) - b4fa652e-9609-43ae-a5da-dbaebd8b3d71@group-FD4A39CE61DA: changes role from CANDIDATE to FOLLOWER at term 17 for DISCOVERED_A_NEW_TERM
2019-11-05 11:09:43,490 [b4fa652e-9609-43ae-a5da-dbaebd8b3d71@group-FD4A39CE61DA-LeaderElection18] INFO  impl.RoleInfo (RoleInfo.java:shutdownLeaderElection(134)) - b4fa652e-9609-43ae-a5da-dbaebd8b3d71: shutdown LeaderElection
2019-11-05 11:09:43,491 [b4fa652e-9609-43ae-a5da-dbaebd8b3d71@group-FD4A39CE61DA-LeaderElection18] INFO  impl.RoleInfo (RoleInfo.java:updateAndGet(143)) - b4fa652e-9609-43ae-a5da-dbaebd8b3d71: start FollowerState
2019-11-05 11:09:43,540 [Thread-641] INFO  impl.FollowerState (FollowerState.java:run(108)) - b4fa652e-9609-43ae-a5da-dbaebd8b3d71@group-FD4A39CE61DA-FollowerState: change to CANDIDATE, lastRpcTime:49ms, electionTimeout:49ms
2019-11-05 11:09:43,541 [Thread-641] INFO  impl.RoleInfo (RoleInfo.java:shutdownFollowerState(121)) - b4fa652e-9609-43ae-a5da-dbaebd8b3d71: shutdown FollowerState
2019-11-05 11:09:43,541 [Thread-641] INFO  impl.RaftServerImpl (RaftServerImpl.java:setRole(184)) - b4fa652e-9609-43ae-a5da-dbaebd8b3d71@group-FD4A39CE61DA: changes role from  FOLLOWER to CANDIDATE at term 17 for changeToCandidate
2019-11-05 11:09:43,542 [Thread-641] INFO  impl.RoleInfo (RoleInfo.java:updateAndGet(143)) - b4fa652e-9609-43ae-a5da-dbaebd8b3d71: start LeaderElection
2019-11-05 11:09:43,550 [Thread-644] INFO  client.GrpcClientProtocolService (GrpcClientProtocolService.java:lambda$processClientRequest$0(278)) - Failed RaftClientRequest:client-37A56D8DDB63->69837c10-b6a5-4691-9f82-b2bf7c109e66@group-FD4A39CE61DA, cid=10, seq=0, Watch-ALL_COMMITTED(6), Message:<EMPTY>, reply=RaftClientReply:client-37A56D8DDB63->69837c10-b6a5-4691-9f82-b2bf7c109e66@group-FD4A39CE61DA, cid=10, FAILED org.apache.ratis.protocol.NotLeaderException: Server 69837c10-b6a5-4691-9f82-b2bf7c109e66@group-FD4A39CE61DA is not the leader, logIndex=0, commits[69837c10-b6a5-4691-9f82-b2bf7c109e66:c10, 217b40b1-6496-41ee-9e5f-1bb61aa45139:c10, b4fa652e-9609-43ae-a5da-dbaebd8b3d71:c4]
2019-11-05 11:09:43,556 [b4fa652e-9609-43ae-a5da-dbaebd8b3d71@group-FD4A39CE61DA-LeaderElection19] INFO  impl.LeaderElection (LeaderElection.java:askForVotes(178)) - b4fa652e-9609-43ae-a5da-dbaebd8b3d71@group-FD4A39CE61DA-LeaderElection19: begin an election at term 18 for 0: [217b40b1-6496-41ee-9e5f-1bb61aa45139:192.168.157.252:40951, 69837c10-b6a5-4691-9f82-b2bf7c109e66:192.168.157.252:40716, b4fa652e-9609-43ae-a5da-dbaebd8b3d71:192.168.157.252:36685], old=null
2019-11-05 11:09:43,558 [grpc-default-executor-8] INFO  impl.RaftServerImpl (RaftServerImpl.java:setRole(184)) - 217b40b1-6496-41ee-9e5f-1bb61aa45139@group-FD4A39CE61DA: changes role from  FOLLOWER to FOLLOWER at term 18 for recognizeCandidate:b4fa652e-9609-43ae-a5da-dbaebd8b3d71
2019-11-05 11:09:43,559 [grpc-default-executor-6] INFO  impl.RaftServerImpl (RaftServerImpl.java:setRole(184)) - 69837c10-b6a5-4691-9f82-b2bf7c109e66@group-FD4A39CE61DA: changes role from  FOLLOWER to FOLLOWER at term 18 for recognizeCandidate:b4fa652e-9609-43ae-a5da-dbaebd8b3d71
2019-11-05 11:09:43,559 [grpc-default-executor-8] INFO  impl.RoleInfo (RoleInfo.java:shutdownFollowerState(121)) - 217b40b1-6496-41ee-9e5f-1bb61aa45139: shutdown FollowerState
2019-11-05 11:09:43,559 [grpc-default-executor-6] INFO  impl.RoleInfo (RoleInfo.java:shutdownFollowerState(121)) - 69837c10-b6a5-4691-9f82-b2bf7c109e66: shutdown FollowerState
2019-11-05 11:09:43,559 [Thread-640] INFO  impl.FollowerState (FollowerState.java:run(117)) - 217b40b1-6496-41ee-9e5f-1bb61aa45139@group-FD4A39CE61DA-FollowerState was interrupted: java.lang.InterruptedException: sleep interrupted
2019-11-05 11:09:43,559 [grpc-default-executor-6] INFO  impl.RoleInfo (RoleInfo.java:updateAndGet(143)) - 69837c10-b6a5-4691-9f82-b2bf7c109e66: start FollowerState
2019-11-05 11:09:43,559 [grpc-default-executor-8] INFO  impl.RoleInfo (RoleInfo.java:updateAndGet(143)) - 217b40b1-6496-41ee-9e5f-1bb61aa45139: start FollowerState
2019-11-05 11:09:43,559 [Thread-639] INFO  impl.FollowerState (FollowerState.java:run(117)) - 69837c10-b6a5-4691-9f82-b2bf7c109e66@group-FD4A39CE61DA-FollowerState was interrupted: java.lang.InterruptedException: sleep interrupted
2019-11-05 11:09:43,575 [b4fa652e-9609-43ae-a5da-dbaebd8b3d71@group-FD4A39CE61DA-LeaderElection19] INFO  impl.LeaderElection (LeaderElection.java:logAndReturn(56)) - b4fa652e-9609-43ae-a5da-dbaebd8b3d71@group-FD4A39CE61DA-LeaderElection19: Election REJECTED; received 2 response(s) [b4fa652e-9609-43ae-a5da-dbaebd8b3d71<-217b40b1-6496-41ee-9e5f-1bb61aa45139#0:FAIL-t18, b4fa652e-9609-43ae-a5da-dbaebd8b3d71<-69837c10-b6a5-4691-9f82-b2bf7c109e66#0:FAIL-t18] and 0 exception(s); b4fa652e-9609-43ae-a5da-dbaebd8b3d71@group-FD4A39CE61DA:t18, leader=null, voted=b4fa652e-9609-43ae-a5da-dbaebd8b3d71, raftlog=b4fa652e-9609-43ae-a5da-dbaebd8b3d71@group-FD4A39CE61DA-SegmentedRaftLog:OPENED:c3,f4,i4, conf=0: [217b40b1-6496-41ee-9e5f-1bb61aa45139:192.168.157.252:40951, 69837c10-b6a5-4691-9f82-b2bf7c109e66:192.168.157.252:40716, b4fa652e-9609-43ae-a5da-dbaebd8b3d71:192.168.157.252:36685], old=null
2019-11-05 11:09:43,575 [b4fa652e-9609-43ae-a5da-dbaebd8b3d71@group-FD4A39CE61DA-LeaderElection19] INFO  impl.RaftServerImpl (RaftServerImpl.java:setRole(184)) - b4fa652e-9609-43ae-a5da-dbaebd8b3d71@group-FD4A39CE61DA: changes role from CANDIDATE to FOLLOWER at term 18 for DISCOVERED_A_NEW_TERM
2019-11-05 11:09:43,575 [b4fa652e-9609-43ae-a5da-dbaebd8b3d71@group-FD4A39CE61DA-LeaderElection19] INFO  impl.RoleInfo (RoleInfo.java:shutdownLeaderElection(134)) - b4fa652e-9609-43ae-a5da-dbaebd8b3d71: shutdown LeaderElection
2019-11-05 11:09:43,575 [b4fa652e-9609-43ae-a5da-dbaebd8b3d71@group-FD4A39CE61DA-LeaderElection19] INFO  impl.RoleInfo (RoleInfo.java:updateAndGet(143)) - b4fa652e-9609-43ae-a5da-dbaebd8b3d71: start FollowerState
2019-11-05 11:09:43,578 [pool-7-thread-4] INFO  commands.RetriableDatanodeEventWatcher (RetriableDatanodeEventWatcher.java:onTimeout(47)) - RetriableDatanodeCommand type=deleteBlocksCommand with id=1572952177567 timed out. Retrying.
2019-11-05 11:09:43,579 [pool-7-thread-1] INFO  commands.RetriableDatanodeEventWatcher (RetriableDatanodeEventWatcher.java:onTimeout(47)) - RetriableDatanodeCommand type=deleteBlocksCommand with id=1572952177568 timed out. Retrying.
2019-11-05 11:09:43,579 [pool-7-thread-3] INFO  commands.RetriableDatanodeEventWatcher (RetriableDatanodeEventWatcher.java:onTimeout(47)) - RetriableDatanodeCommand type=deleteBlocksCommand with id=1572952177569 timed out. Retrying.
2019-11-05 11:09:43,580 [pool-7-thread-2] INFO  commands.RetriableDatanodeEventWatcher (RetriableDatanodeEventWatcher.java:onTimeout(47)) - RetriableDatanodeCommand type=deleteBlocksCommand with id=1572952177566 timed out. Retrying.
2019-11-05 11:09:43,580 [pool-7-thread-4] INFO  commands.RetriableDatanodeEventWatcher (RetriableDatanodeEventWatcher.java:onTimeout(47)) - RetriableDatanodeCommand type=deleteBlocksCommand with id=1572952177565 timed out. Retrying.
2019-11-05 11:09:43,583 [pool-7-thread-4] INFO  commands.RetriableDatanodeEventWatcher (RetriableDatanodeEventWatcher.java:onTimeout(47)) - RetriableDatanodeCommand type=deleteBlocksCommand with id=1572952177570 timed out. Retrying.
2019-11-05 11:09:43,585 [SCMBlockDeletingService#0] INFO  block.SCMBlockDeletingService (SCMBlockDeletingService.java:call(184)) - Totally added 1 delete blocks command for 1 datanodes, task elapsed time: 1ms
2019-11-05 11:09:43,598 [Thread-650] INFO  impl.FollowerState (FollowerState.java:run(108)) - b4fa652e-9609-43ae-a5da-dbaebd8b3d71@group-FD4A39CE61DA-FollowerState: change to CANDIDATE, lastRpcTime:22ms, electionTimeout:22ms
2019-11-05 11:09:43,598 [Thread-650] INFO  impl.RoleInfo (RoleInfo.java:shutdownFollowerState(121)) - b4fa652e-9609-43ae-a5da-dbaebd8b3d71: shutdown FollowerState
2019-11-05 11:09:43,598 [Thread-650] INFO  impl.RaftServerImpl (RaftServerImpl.java:setRole(184)) - b4fa652e-9609-43ae-a5da-dbaebd8b3d71@group-FD4A39CE61DA: changes role from  FOLLOWER to CANDIDATE at term 18 for changeToCandidate
2019-11-05 11:09:43,598 [Thread-650] INFO  impl.RoleInfo (RoleInfo.java:updateAndGet(143)) - b4fa652e-9609-43ae-a5da-dbaebd8b3d71: start LeaderElection
2019-11-05 11:09:43,603 [b4fa652e-9609-43ae-a5da-dbaebd8b3d71@group-FD4A39CE61DA-LeaderElection20] INFO  impl.LeaderElection (LeaderElection.java:askForVotes(178)) - b4fa652e-9609-43ae-a5da-dbaebd8b3d71@group-FD4A39CE61DA-LeaderElection20: begin an election at term 19 for 0: [217b40b1-6496-41ee-9e5f-1bb61aa45139:192.168.157.252:40951, 69837c10-b6a5-4691-9f82-b2bf7c109e66:192.168.157.252:40716, b4fa652e-9609-43ae-a5da-dbaebd8b3d71:192.168.157.252:36685], old=null
2019-11-05 11:09:43,606 [grpc-default-executor-6] INFO  impl.RaftServerImpl (RaftServerImpl.java:setRole(184)) - 217b40b1-6496-41ee-9e5f-1bb61aa45139@group-FD4A39CE61DA: changes role from  FOLLOWER to FOLLOWER at term 19 for recognizeCandidate:b4fa652e-9609-43ae-a5da-dbaebd8b3d71
2019-11-05 11:09:43,606 [grpc-default-executor-6] INFO  impl.RoleInfo (RoleInfo.java:shutdownFollowerState(121)) - 217b40b1-6496-41ee-9e5f-1bb61aa45139: shutdown FollowerState
2019-11-05 11:09:43,606 [grpc-default-executor-8] INFO  impl.RaftServerImpl (RaftServerImpl.java:setRole(184)) - 69837c10-b6a5-4691-9f82-b2bf7c109e66@group-FD4A39CE61DA: changes role from  FOLLOWER to FOLLOWER at term 19 for recognizeCandidate:b4fa652e-9609-43ae-a5da-dbaebd8b3d71
2019-11-05 11:09:43,606 [grpc-default-executor-6] INFO  impl.RoleInfo (RoleInfo.java:updateAndGet(143)) - 217b40b1-6496-41ee-9e5f-1bb61aa45139: start FollowerState
2019-11-05 11:09:43,606 [Thread-648] INFO  impl.FollowerState (FollowerState.java:run(117)) - 217b40b1-6496-41ee-9e5f-1bb61aa45139@group-FD4A39CE61DA-FollowerState was interrupted: java.lang.InterruptedException: sleep interrupted
2019-11-05 11:09:43,606 [grpc-default-executor-8] INFO  impl.RoleInfo (RoleInfo.java:shutdownFollowerState(121)) - 69837c10-b6a5-4691-9f82-b2bf7c109e66: shutdown FollowerState
2019-11-05 11:09:43,607 [grpc-default-executor-8] INFO  impl.RoleInfo (RoleInfo.java:updateAndGet(143)) - 69837c10-b6a5-4691-9f82-b2bf7c109e66: start FollowerState
2019-11-05 11:09:43,607 [Thread-649] INFO  impl.FollowerState (FollowerState.java:run(117)) - 69837c10-b6a5-4691-9f82-b2bf7c109e66@group-FD4A39CE61DA-FollowerState was interrupted: java.lang.InterruptedException: sleep interrupted
2019-11-05 11:09:43,627 [b4fa652e-9609-43ae-a5da-dbaebd8b3d71@group-FD4A39CE61DA-LeaderElection20] INFO  impl.LeaderElection (LeaderElection.java:logAndReturn(56)) - b4fa652e-9609-43ae-a5da-dbaebd8b3d71@group-FD4A39CE61DA-LeaderElection20: Election REJECTED; received 2 response(s) [b4fa652e-9609-43ae-a5da-dbaebd8b3d71<-217b40b1-6496-41ee-9e5f-1bb61aa45139#0:FAIL-t19, b4fa652e-9609-43ae-a5da-dbaebd8b3d71<-69837c10-b6a5-4691-9f82-b2bf7c109e66#0:FAIL-t19] and 0 exception(s); b4fa652e-9609-43ae-a5da-dbaebd8b3d71@group-FD4A39CE61DA:t19, leader=null, voted=b4fa652e-9609-43ae-a5da-dbaebd8b3d71, raftlog=b4fa652e-9609-43ae-a5da-dbaebd8b3d71@group-FD4A39CE61DA-SegmentedRaftLog:OPENED:c3,f4,i4, conf=0: [217b40b1-6496-41ee-9e5f-1bb61aa45139:192.168.157.252:40951, 69837c10-b6a5-4691-9f82-b2bf7c109e66:192.168.157.252:40716, b4fa652e-9609-43ae-a5da-dbaebd8b3d71:192.168.157.252:36685], old=null
2019-11-05 11:09:43,627 [b4fa652e-9609-43ae-a5da-dbaebd8b3d71@group-FD4A39CE61DA-LeaderElection20] INFO  impl.RaftServerImpl (RaftServerImpl.java:setRole(184)) - b4fa652e-9609-43ae-a5da-dbaebd8b3d71@group-FD4A39CE61DA: changes role from CANDIDATE to FOLLOWER at term 19 for DISCOVERED_A_NEW_TERM
2019-11-05 11:09:43,627 [b4fa652e-9609-43ae-a5da-dbaebd8b3d71@group-FD4A39CE61DA-LeaderElection20] INFO  impl.RoleInfo (RoleInfo.java:shutdownLeaderElection(134)) - b4fa652e-9609-43ae-a5da-dbaebd8b3d71: shutdown LeaderElection
2019-11-05 11:09:43,627 [b4fa652e-9609-43ae-a5da-dbaebd8b3d71@group-FD4A39CE61DA-LeaderElection20] INFO  impl.RoleInfo (RoleInfo.java:updateAndGet(143)) - b4fa652e-9609-43ae-a5da-dbaebd8b3d71: start FollowerState
2019-11-05 11:09:43,685 [Thread-656] INFO  impl.FollowerState (FollowerState.java:run(108)) - b4fa652e-9609-43ae-a5da-dbaebd8b3d71@group-FD4A39CE61DA-FollowerState: change to CANDIDATE, lastRpcTime:57ms, electionTimeout:57ms
2019-11-05 11:09:43,686 [Thread-656] INFO  impl.RoleInfo (RoleInfo.java:shutdownFollowerState(121)) - b4fa652e-9609-43ae-a5da-dbaebd8b3d71: shutdown FollowerState
2019-11-05 11:09:43,686 [Thread-656] INFO  impl.RaftServerImpl (RaftServerImpl.java:setRole(184)) - b4fa652e-9609-43ae-a5da-dbaebd8b3d71@group-FD4A39CE61DA: changes role from  FOLLOWER to CANDIDATE at term 19 for changeToCandidate
2019-11-05 11:09:43,686 [Thread-656] INFO  impl.RoleInfo (RoleInfo.java:updateAndGet(143)) - b4fa652e-9609-43ae-a5da-dbaebd8b3d71: start LeaderElection
2019-11-05 11:09:43,700 [b4fa652e-9609-43ae-a5da-dbaebd8b3d71@group-FD4A39CE61DA-LeaderElection21] INFO  impl.LeaderElection (LeaderElection.java:askForVotes(178)) - b4fa652e-9609-43ae-a5da-dbaebd8b3d71@group-FD4A39CE61DA-LeaderElection21: begin an election at term 20 for 0: [217b40b1-6496-41ee-9e5f-1bb61aa45139:192.168.157.252:40951, 69837c10-b6a5-4691-9f82-b2bf7c109e66:192.168.157.252:40716, b4fa652e-9609-43ae-a5da-dbaebd8b3d71:192.168.157.252:36685], old=null
2019-11-05 11:09:43,703 [grpc-default-executor-6] INFO  impl.RaftServerImpl (RaftServerImpl.java:setRole(184)) - 217b40b1-6496-41ee-9e5f-1bb61aa45139@group-FD4A39CE61DA: changes role from  FOLLOWER to FOLLOWER at term 20 for recognizeCandidate:b4fa652e-9609-43ae-a5da-dbaebd8b3d71
2019-11-05 11:09:43,703 [grpc-default-executor-6] INFO  impl.RoleInfo (RoleInfo.java:shutdownFollowerState(121)) - 217b40b1-6496-41ee-9e5f-1bb61aa45139: shutdown FollowerState
2019-11-05 11:09:43,703 [Thread-654] INFO  impl.FollowerState (FollowerState.java:run(117)) - 217b40b1-6496-41ee-9e5f-1bb61aa45139@group-FD4A39CE61DA-FollowerState was interrupted: java.lang.InterruptedException: sleep interrupted
2019-11-05 11:09:43,703 [grpc-default-executor-6] INFO  impl.RoleInfo (RoleInfo.java:updateAndGet(143)) - 217b40b1-6496-41ee-9e5f-1bb61aa45139: start FollowerState
2019-11-05 11:09:43,704 [grpc-default-executor-8] INFO  impl.RaftServerImpl (RaftServerImpl.java:setRole(184)) - 69837c10-b6a5-4691-9f82-b2bf7c109e66@group-FD4A39CE61DA: changes role from  FOLLOWER to FOLLOWER at term 20 for recognizeCandidate:b4fa652e-9609-43ae-a5da-dbaebd8b3d71
2019-11-05 11:09:43,704 [grpc-default-executor-8] INFO  impl.RoleInfo (RoleInfo.java:shutdownFollowerState(121)) - 69837c10-b6a5-4691-9f82-b2bf7c109e66: shutdown FollowerState
2019-11-05 11:09:43,705 [grpc-default-executor-8] INFO  impl.RoleInfo (RoleInfo.java:updateAndGet(143)) - 69837c10-b6a5-4691-9f82-b2bf7c109e66: start FollowerState
2019-11-05 11:09:43,705 [Thread-655] INFO  impl.FollowerState (FollowerState.java:run(117)) - 69837c10-b6a5-4691-9f82-b2bf7c109e66@group-FD4A39CE61DA-FollowerState was interrupted: java.lang.InterruptedException: sleep interrupted
2019-11-05 11:09:43,720 [b4fa652e-9609-43ae-a5da-dbaebd8b3d71@group-FD4A39CE61DA-LeaderElection21] INFO  impl.LeaderElection (LeaderElection.java:logAndReturn(56)) - b4fa652e-9609-43ae-a5da-dbaebd8b3d71@group-FD4A39CE61DA-LeaderElection21: Election REJECTED; received 2 response(s) [b4fa652e-9609-43ae-a5da-dbaebd8b3d71<-217b40b1-6496-41ee-9e5f-1bb61aa45139#0:FAIL-t20, b4fa652e-9609-43ae-a5da-dbaebd8b3d71<-69837c10-b6a5-4691-9f82-b2bf7c109e66#0:FAIL-t20] and 0 exception(s); b4fa652e-9609-43ae-a5da-dbaebd8b3d71@group-FD4A39CE61DA:t20, leader=null, voted=b4fa652e-9609-43ae-a5da-dbaebd8b3d71, raftlog=b4fa652e-9609-43ae-a5da-dbaebd8b3d71@group-FD4A39CE61DA-SegmentedRaftLog:OPENED:c3,f4,i4, conf=0: [217b40b1-6496-41ee-9e5f-1bb61aa45139:192.168.157.252:40951, 69837c10-b6a5-4691-9f82-b2bf7c109e66:192.168.157.252:40716, b4fa652e-9609-43ae-a5da-dbaebd8b3d71:192.168.157.252:36685], old=null
2019-11-05 11:09:43,720 [b4fa652e-9609-43ae-a5da-dbaebd8b3d71@group-FD4A39CE61DA-LeaderElection21] INFO  impl.RaftServerImpl (RaftServerImpl.java:setRole(184)) - b4fa652e-9609-43ae-a5da-dbaebd8b3d71@group-FD4A39CE61DA: changes role from CANDIDATE to FOLLOWER at term 20 for DISCOVERED_A_NEW_TERM
2019-11-05 11:09:43,723 [b4fa652e-9609-43ae-a5da-dbaebd8b3d71@group-FD4A39CE61DA-LeaderElection21] INFO  impl.RoleInfo (RoleInfo.java:shutdownLeaderElection(134)) - b4fa652e-9609-43ae-a5da-dbaebd8b3d71: shutdown LeaderElection
2019-11-05 11:09:43,723 [b4fa652e-9609-43ae-a5da-dbaebd8b3d71@group-FD4A39CE61DA-LeaderElection21] INFO  impl.RoleInfo (RoleInfo.java:updateAndGet(143)) - b4fa652e-9609-43ae-a5da-dbaebd8b3d71: start FollowerState
2019-11-05 11:09:43,725 [BlockDeletingService#9] WARN  background.BlockDeletingService (BlockDeletingService.java:isDeletionAllowed(187)) - Close Container log Index 6 is not replicated across allthe servers in the pipeline a8186365-22ae-4f7f-97bd-fd4a39ce61da as the min replicated index is 4. Deletion is not allowed in this container yet.
2019-11-05 11:09:43,726 [Thread-662] INFO  impl.FollowerState (FollowerState.java:run(108)) - b4fa652e-9609-43ae-a5da-dbaebd8b3d71@group-FD4A39CE61DA-FollowerState: change to CANDIDATE, lastRpcTime:3ms, electionTimeout:2ms
2019-11-05 11:09:43,726 [Thread-662] INFO  impl.RoleInfo (RoleInfo.java:shutdownFollowerState(121)) - b4fa652e-9609-43ae-a5da-dbaebd8b3d71: shutdown FollowerState
2019-11-05 11:09:43,727 [Thread-662] INFO  impl.RaftServerImpl (RaftServerImpl.java:setRole(184)) - b4fa652e-9609-43ae-a5da-dbaebd8b3d71@group-FD4A39CE61DA: changes role from  FOLLOWER to CANDIDATE at term 20 for changeToCandidate
2019-11-05 11:09:43,727 [Thread-662] INFO  impl.RoleInfo (RoleInfo.java:updateAndGet(143)) - b4fa652e-9609-43ae-a5da-dbaebd8b3d71: start LeaderElection
2019-11-05 11:09:43,737 [BlockDeletingService#2] WARN  background.BlockDeletingService (BlockDeletingService.java:isDeletionAllowed(187)) - Close Container log Index 6 is not replicated across allthe servers in the pipeline a8186365-22ae-4f7f-97bd-fd4a39ce61da as the min replicated index is 4. Deletion is not allowed in this container yet.
2019-11-05 11:09:43,741 [b4fa652e-9609-43ae-a5da-dbaebd8b3d71@group-FD4A39CE61DA-LeaderElection22] INFO  impl.LeaderElection (LeaderElection.java:askForVotes(178)) - b4fa652e-9609-43ae-a5da-dbaebd8b3d71@group-FD4A39CE61DA-LeaderElection22: begin an election at term 21 for 0: [217b40b1-6496-41ee-9e5f-1bb61aa45139:192.168.157.252:40951, 69837c10-b6a5-4691-9f82-b2bf7c109e66:192.168.157.252:40716, b4fa652e-9609-43ae-a5da-dbaebd8b3d71:192.168.157.252:36685], old=null
2019-11-05 11:09:43,744 [grpc-default-executor-8] INFO  impl.RaftServerImpl (RaftServerImpl.java:setRole(184)) - 217b40b1-6496-41ee-9e5f-1bb61aa45139@group-FD4A39CE61DA: changes role from  FOLLOWER to FOLLOWER at term 21 for recognizeCandidate:b4fa652e-9609-43ae-a5da-dbaebd8b3d71
2019-11-05 11:09:43,744 [grpc-default-executor-8] INFO  impl.RoleInfo (RoleInfo.java:shutdownFollowerState(121)) - 217b40b1-6496-41ee-9e5f-1bb61aa45139: shutdown FollowerState
2019-11-05 11:09:43,744 [grpc-default-executor-8] INFO  impl.RoleInfo (RoleInfo.java:updateAndGet(143)) - 217b40b1-6496-41ee-9e5f-1bb61aa45139: start FollowerState
2019-11-05 11:09:43,745 [Thread-660] INFO  impl.FollowerState (FollowerState.java:run(117)) - 217b40b1-6496-41ee-9e5f-1bb61aa45139@group-FD4A39CE61DA-FollowerState was interrupted: java.lang.InterruptedException: sleep interrupted
2019-11-05 11:09:43,768 [grpc-default-executor-6] INFO  impl.RaftServerImpl (RaftServerImpl.java:setRole(184)) - 69837c10-b6a5-4691-9f82-b2bf7c109e66@group-FD4A39CE61DA: changes role from  FOLLOWER to FOLLOWER at term 21 for recognizeCandidate:b4fa652e-9609-43ae-a5da-dbaebd8b3d71
2019-11-05 11:09:43,768 [grpc-default-executor-6] INFO  impl.RoleInfo (RoleInfo.java:shutdownFollowerState(121)) - 69837c10-b6a5-4691-9f82-b2bf7c109e66: shutdown FollowerState
2019-11-05 11:09:43,768 [Thread-661] INFO  impl.FollowerState (FollowerState.java:run(117)) - 69837c10-b6a5-4691-9f82-b2bf7c109e66@group-FD4A39CE61DA-FollowerState was interrupted: java.lang.InterruptedException: sleep interrupted
2019-11-05 11:09:43,768 [grpc-default-executor-6] INFO  impl.RoleInfo (RoleInfo.java:updateAndGet(143)) - 69837c10-b6a5-4691-9f82-b2bf7c109e66: start FollowerState
2019-11-05 11:09:43,801 [b4fa652e-9609-43ae-a5da-dbaebd8b3d71@group-FD4A39CE61DA-LeaderElection22] INFO  impl.LeaderElection (LeaderElection.java:logAndReturn(56)) - b4fa652e-9609-43ae-a5da-dbaebd8b3d71@group-FD4A39CE61DA-LeaderElection22: Election REJECTED; received 2 response(s) [b4fa652e-9609-43ae-a5da-dbaebd8b3d71<-217b40b1-6496-41ee-9e5f-1bb61aa45139#0:FAIL-t21, b4fa652e-9609-43ae-a5da-dbaebd8b3d71<-69837c10-b6a5-4691-9f82-b2bf7c109e66#0:FAIL-t21] and 0 exception(s); b4fa652e-9609-43ae-a5da-dbaebd8b3d71@group-FD4A39CE61DA:t21, leader=null, voted=b4fa652e-9609-43ae-a5da-dbaebd8b3d71, raftlog=b4fa652e-9609-43ae-a5da-dbaebd8b3d71@group-FD4A39CE61DA-SegmentedRaftLog:OPENED:c3,f4,i4, conf=0: [217b40b1-6496-41ee-9e5f-1bb61aa45139:192.168.157.252:40951, 69837c10-b6a5-4691-9f82-b2bf7c109e66:192.168.157.252:40716, b4fa652e-9609-43ae-a5da-dbaebd8b3d71:192.168.157.252:36685], old=null
2019-11-05 11:09:43,802 [b4fa652e-9609-43ae-a5da-dbaebd8b3d71@group-FD4A39CE61DA-LeaderElection22] INFO  impl.RaftServerImpl (RaftServerImpl.java:setRole(184)) - b4fa652e-9609-43ae-a5da-dbaebd8b3d71@group-FD4A39CE61DA: changes role from CANDIDATE to FOLLOWER at term 21 for DISCOVERED_A_NEW_TERM
2019-11-05 11:09:43,802 [b4fa652e-9609-43ae-a5da-dbaebd8b3d71@group-FD4A39CE61DA-LeaderElection22] INFO  impl.RoleInfo (RoleInfo.java:shutdownLeaderElection(134)) - b4fa652e-9609-43ae-a5da-dbaebd8b3d71: shutdown LeaderElection
2019-11-05 11:09:43,802 [b4fa652e-9609-43ae-a5da-dbaebd8b3d71@group-FD4A39CE61DA-LeaderElection22] INFO  impl.RoleInfo (RoleInfo.java:updateAndGet(143)) - b4fa652e-9609-43ae-a5da-dbaebd8b3d71: start FollowerState
2019-11-05 11:09:43,825 [Thread-670] INFO  impl.FollowerState (FollowerState.java:run(108)) - b4fa652e-9609-43ae-a5da-dbaebd8b3d71@group-FD4A39CE61DA-FollowerState: change to CANDIDATE, lastRpcTime:22ms, electionTimeout:22ms
2019-11-05 11:09:43,831 [Thread-670] INFO  impl.RoleInfo (RoleInfo.java:shutdownFollowerState(121)) - b4fa652e-9609-43ae-a5da-dbaebd8b3d71: shutdown FollowerState
2019-11-05 11:09:43,831 [Thread-670] INFO  impl.RaftServerImpl (RaftServerImpl.java:setRole(184)) - b4fa652e-9609-43ae-a5da-dbaebd8b3d71@group-FD4A39CE61DA: changes role from  FOLLOWER to CANDIDATE at term 21 for changeToCandidate
2019-11-05 11:09:43,832 [Thread-670] INFO  impl.RoleInfo (RoleInfo.java:updateAndGet(143)) - b4fa652e-9609-43ae-a5da-dbaebd8b3d71: start LeaderElection
2019-11-05 11:09:43,844 [b4fa652e-9609-43ae-a5da-dbaebd8b3d71@group-FD4A39CE61DA-LeaderElection23] INFO  impl.LeaderElection (LeaderElection.java:askForVotes(178)) - b4fa652e-9609-43ae-a5da-dbaebd8b3d71@group-FD4A39CE61DA-LeaderElection23: begin an election at term 22 for 0: [217b40b1-6496-41ee-9e5f-1bb61aa45139:192.168.157.252:40951, 69837c10-b6a5-4691-9f82-b2bf7c109e66:192.168.157.252:40716, b4fa652e-9609-43ae-a5da-dbaebd8b3d71:192.168.157.252:36685], old=null
2019-11-05 11:09:43,847 [grpc-default-executor-6] INFO  impl.RaftServerImpl (RaftServerImpl.java:setRole(184)) - 69837c10-b6a5-4691-9f82-b2bf7c109e66@group-FD4A39CE61DA: changes role from  FOLLOWER to FOLLOWER at term 22 for recognizeCandidate:b4fa652e-9609-43ae-a5da-dbaebd8b3d71
2019-11-05 11:09:43,847 [grpc-default-executor-6] INFO  impl.RoleInfo (RoleInfo.java:shutdownFollowerState(121)) - 69837c10-b6a5-4691-9f82-b2bf7c109e66: shutdown FollowerState
2019-11-05 11:09:43,848 [Thread-669] INFO  impl.FollowerState (FollowerState.java:run(117)) - 69837c10-b6a5-4691-9f82-b2bf7c109e66@group-FD4A39CE61DA-FollowerState was interrupted: java.lang.InterruptedException: sleep interrupted
2019-11-05 11:09:43,848 [grpc-default-executor-6] INFO  impl.RoleInfo (RoleInfo.java:updateAndGet(143)) - 69837c10-b6a5-4691-9f82-b2bf7c109e66: start FollowerState
2019-11-05 11:09:43,852 [grpc-default-executor-8] INFO  impl.RaftServerImpl (RaftServerImpl.java:setRole(184)) - 217b40b1-6496-41ee-9e5f-1bb61aa45139@group-FD4A39CE61DA: changes role from  FOLLOWER to FOLLOWER at term 22 for recognizeCandidate:b4fa652e-9609-43ae-a5da-dbaebd8b3d71
2019-11-05 11:09:43,852 [grpc-default-executor-8] INFO  impl.RoleInfo (RoleInfo.java:shutdownFollowerState(121)) - 217b40b1-6496-41ee-9e5f-1bb61aa45139: shutdown FollowerState
2019-11-05 11:09:43,852 [grpc-default-executor-8] INFO  impl.RoleInfo (RoleInfo.java:updateAndGet(143)) - 217b40b1-6496-41ee-9e5f-1bb61aa45139: start FollowerState
2019-11-05 11:09:43,853 [Thread-668] INFO  impl.FollowerState (FollowerState.java:run(117)) - 217b40b1-6496-41ee-9e5f-1bb61aa45139@group-FD4A39CE61DA-FollowerState was interrupted: java.lang.InterruptedException: sleep interrupted
2019-11-05 11:09:43,854 [java.util.concurrent.ThreadPoolExecutor$Worker@5b207bf4[State = -1, empty queue]] WARN  server.GrpcLogAppender (GrpcLogAppender.java:timeoutAppendRequest(209)) - 217b40b1-6496-41ee-9e5f-1bb61aa45139@group-FD4A39CE61DA->b4fa652e-9609-43ae-a5da-dbaebd8b3d71-GrpcLogAppender: appendEntries Timeout, request=217b40b1-6496-41ee-9e5f-1bb61aa45139->b4fa652e-9609-43ae-a5da-dbaebd8b3d71#52-t1, previous=(t:1, i:10), leaderCommit=10, initializing? false, entries: <empty>
2019-11-05 11:09:43,866 [b4fa652e-9609-43ae-a5da-dbaebd8b3d71@group-FD4A39CE61DA-LeaderElection23] INFO  impl.LeaderElection (LeaderElection.java:logAndReturn(56)) - b4fa652e-9609-43ae-a5da-dbaebd8b3d71@group-FD4A39CE61DA-LeaderElection23: Election REJECTED; received 2 response(s) [b4fa652e-9609-43ae-a5da-dbaebd8b3d71<-217b40b1-6496-41ee-9e5f-1bb61aa45139#0:FAIL-t22, b4fa652e-9609-43ae-a5da-dbaebd8b3d71<-69837c10-b6a5-4691-9f82-b2bf7c109e66#0:FAIL-t22] and 0 exception(s); b4fa652e-9609-43ae-a5da-dbaebd8b3d71@group-FD4A39CE61DA:t22, leader=null, voted=b4fa652e-9609-43ae-a5da-dbaebd8b3d71, raftlog=b4fa652e-9609-43ae-a5da-dbaebd8b3d71@group-FD4A39CE61DA-SegmentedRaftLog:OPENED:c3,f4,i4, conf=0: [217b40b1-6496-41ee-9e5f-1bb61aa45139:192.168.157.252:40951, 69837c10-b6a5-4691-9f82-b2bf7c109e66:192.168.157.252:40716, b4fa652e-9609-43ae-a5da-dbaebd8b3d71:192.168.157.252:36685], old=null
2019-11-05 11:09:43,866 [b4fa652e-9609-43ae-a5da-dbaebd8b3d71@group-FD4A39CE61DA-LeaderElection23] INFO  impl.RaftServerImpl (RaftServerImpl.java:setRole(184)) - b4fa652e-9609-43ae-a5da-dbaebd8b3d71@group-FD4A39CE61DA: changes role from CANDIDATE to FOLLOWER at term 22 for DISCOVERED_A_NEW_TERM
2019-11-05 11:09:43,867 [b4fa652e-9609-43ae-a5da-dbaebd8b3d71@group-FD4A39CE61DA-LeaderElection23] INFO  impl.RoleInfo (RoleInfo.java:shutdownLeaderElection(134)) - b4fa652e-9609-43ae-a5da-dbaebd8b3d71: shutdown LeaderElection
2019-11-05 11:09:43,867 [b4fa652e-9609-43ae-a5da-dbaebd8b3d71@group-FD4A39CE61DA-LeaderElection23] INFO  impl.RoleInfo (RoleInfo.java:updateAndGet(143)) - b4fa652e-9609-43ae-a5da-dbaebd8b3d71: start FollowerState
2019-11-05 11:09:43,985 [Thread-676] INFO  impl.FollowerState (FollowerState.java:run(108)) - b4fa652e-9609-43ae-a5da-dbaebd8b3d71@group-FD4A39CE61DA-FollowerState: change to CANDIDATE, lastRpcTime:118ms, electionTimeout:118ms
2019-11-05 11:09:43,987 [Thread-676] INFO  impl.RoleInfo (RoleInfo.java:shutdownFollowerState(121)) - b4fa652e-9609-43ae-a5da-dbaebd8b3d71: shutdown FollowerState
2019-11-05 11:09:43,987 [Thread-676] INFO  impl.RaftServerImpl (RaftServerImpl.java:setRole(184)) - b4fa652e-9609-43ae-a5da-dbaebd8b3d71@group-FD4A39CE61DA: changes role from  FOLLOWER to CANDIDATE at term 22 for changeToCandidate
2019-11-05 11:09:43,987 [Thread-676] INFO  impl.RoleInfo (RoleInfo.java:updateAndGet(143)) - b4fa652e-9609-43ae-a5da-dbaebd8b3d71: start LeaderElection
2019-11-05 11:09:44,002 [b4fa652e-9609-43ae-a5da-dbaebd8b3d71@group-FD4A39CE61DA-LeaderElection24] INFO  impl.LeaderElection (LeaderElection.java:askForVotes(178)) - b4fa652e-9609-43ae-a5da-dbaebd8b3d71@group-FD4A39CE61DA-LeaderElection24: begin an election at term 23 for 0: [217b40b1-6496-41ee-9e5f-1bb61aa45139:192.168.157.252:40951, 69837c10-b6a5-4691-9f82-b2bf7c109e66:192.168.157.252:40716, b4fa652e-9609-43ae-a5da-dbaebd8b3d71:192.168.157.252:36685], old=null
2019-11-05 11:09:44,007 [grpc-default-executor-6] INFO  impl.RaftServerImpl (RaftServerImpl.java:setRole(184)) - 217b40b1-6496-41ee-9e5f-1bb61aa45139@group-FD4A39CE61DA: changes role from  FOLLOWER to FOLLOWER at term 23 for recognizeCandidate:b4fa652e-9609-43ae-a5da-dbaebd8b3d71
2019-11-05 11:09:44,008 [grpc-default-executor-6] INFO  impl.RoleInfo (RoleInfo.java:shutdownFollowerState(121)) - 217b40b1-6496-41ee-9e5f-1bb61aa45139: shutdown FollowerState
2019-11-05 11:09:44,008 [Thread-675] INFO  impl.FollowerState (FollowerState.java:run(117)) - 217b40b1-6496-41ee-9e5f-1bb61aa45139@group-FD4A39CE61DA-FollowerState was interrupted: java.lang.InterruptedException: sleep interrupted
2019-11-05 11:09:44,008 [grpc-default-executor-6] INFO  impl.RoleInfo (RoleInfo.java:updateAndGet(143)) - 217b40b1-6496-41ee-9e5f-1bb61aa45139: start FollowerState
2019-11-05 11:09:44,052 [grpc-default-executor-8] INFO  impl.RaftServerImpl (RaftServerImpl.java:setRole(184)) - 69837c10-b6a5-4691-9f82-b2bf7c109e66@group-FD4A39CE61DA: changes role from  FOLLOWER to FOLLOWER at term 23 for recognizeCandidate:b4fa652e-9609-43ae-a5da-dbaebd8b3d71
2019-11-05 11:09:44,052 [grpc-default-executor-8] INFO  impl.RoleInfo (RoleInfo.java:shutdownFollowerState(121)) - 69837c10-b6a5-4691-9f82-b2bf7c109e66: shutdown FollowerState
2019-11-05 11:09:44,052 [grpc-default-executor-8] INFO  impl.RoleInfo (RoleInfo.java:updateAndGet(143)) - 69837c10-b6a5-4691-9f82-b2bf7c109e66: start FollowerState
2019-11-05 11:09:44,053 [b4fa652e-9609-43ae-a5da-dbaebd8b3d71@group-FD4A39CE61DA-LeaderElection24] INFO  impl.LeaderElection (LeaderElection.java:logAndReturn(56)) - b4fa652e-9609-43ae-a5da-dbaebd8b3d71@group-FD4A39CE61DA-LeaderElection24: Election TIMEOUT; received 0 response(s) [] and 0 exception(s); b4fa652e-9609-43ae-a5da-dbaebd8b3d71@group-FD4A39CE61DA:t23, leader=null, voted=b4fa652e-9609-43ae-a5da-dbaebd8b3d71, raftlog=b4fa652e-9609-43ae-a5da-dbaebd8b3d71@group-FD4A39CE61DA-SegmentedRaftLog:OPENED:c3,f4,i4, conf=0: [217b40b1-6496-41ee-9e5f-1bb61aa45139:192.168.157.252:40951, 69837c10-b6a5-4691-9f82-b2bf7c109e66:192.168.157.252:40716, b4fa652e-9609-43ae-a5da-dbaebd8b3d71:192.168.157.252:36685], old=null
2019-11-05 11:09:44,056 [Thread-674] INFO  impl.FollowerState (FollowerState.java:run(117)) - 69837c10-b6a5-4691-9f82-b2bf7c109e66@group-FD4A39CE61DA-FollowerState was interrupted: java.lang.InterruptedException: sleep interrupted
2019-11-05 11:09:44,078 [b4fa652e-9609-43ae-a5da-dbaebd8b3d71@group-FD4A39CE61DA-LeaderElection24] INFO  impl.LeaderElection (LeaderElection.java:askForVotes(178)) - b4fa652e-9609-43ae-a5da-dbaebd8b3d71@group-FD4A39CE61DA-LeaderElection24: begin an election at term 24 for 0: [217b40b1-6496-41ee-9e5f-1bb61aa45139:192.168.157.252:40951, 69837c10-b6a5-4691-9f82-b2bf7c109e66:192.168.157.252:40716, b4fa652e-9609-43ae-a5da-dbaebd8b3d71:192.168.157.252:36685], old=null
2019-11-05 11:09:44,090 [grpc-default-executor-8] INFO  impl.RaftServerImpl (RaftServerImpl.java:setRole(184)) - 217b40b1-6496-41ee-9e5f-1bb61aa45139@group-FD4A39CE61DA: changes role from  FOLLOWER to FOLLOWER at term 24 for recognizeCandidate:b4fa652e-9609-43ae-a5da-dbaebd8b3d71
2019-11-05 11:09:44,090 [grpc-default-executor-8] INFO  impl.RoleInfo (RoleInfo.java:shutdownFollowerState(121)) - 217b40b1-6496-41ee-9e5f-1bb61aa45139: shutdown FollowerState
2019-11-05 11:09:44,090 [grpc-default-executor-8] INFO  impl.RoleInfo (RoleInfo.java:updateAndGet(143)) - 217b40b1-6496-41ee-9e5f-1bb61aa45139: start FollowerState
2019-11-05 11:09:44,091 [Thread-681] INFO  impl.FollowerState (FollowerState.java:run(117)) - 217b40b1-6496-41ee-9e5f-1bb61aa45139@group-FD4A39CE61DA-FollowerState was interrupted: java.lang.InterruptedException: sleep interrupted
2019-11-05 11:09:44,090 [grpc-default-executor-6] INFO  impl.RaftServerImpl (RaftServerImpl.java:setRole(184)) - 69837c10-b6a5-4691-9f82-b2bf7c109e66@group-FD4A39CE61DA: changes role from  FOLLOWER to FOLLOWER at term 24 for recognizeCandidate:b4fa652e-9609-43ae-a5da-dbaebd8b3d71
2019-11-05 11:09:44,092 [grpc-default-executor-6] INFO  impl.RoleInfo (RoleInfo.java:shutdownFollowerState(121)) - 69837c10-b6a5-4691-9f82-b2bf7c109e66: shutdown FollowerState
2019-11-05 11:09:44,092 [grpc-default-executor-6] INFO  impl.RoleInfo (RoleInfo.java:updateAndGet(143)) - 69837c10-b6a5-4691-9f82-b2bf7c109e66: start FollowerState
2019-11-05 11:09:44,093 [Thread-682] INFO  impl.FollowerState (FollowerState.java:run(117)) - 69837c10-b6a5-4691-9f82-b2bf7c109e66@group-FD4A39CE61DA-FollowerState was interrupted: java.lang.InterruptedException: sleep interrupted
2019-11-05 11:09:44,168 [b4fa652e-9609-43ae-a5da-dbaebd8b3d71@group-FD4A39CE61DA-LeaderElection24] INFO  impl.LeaderElection (LeaderElection.java:logAndReturn(56)) - b4fa652e-9609-43ae-a5da-dbaebd8b3d71@group-FD4A39CE61DA-LeaderElection24: Election REJECTED; received 2 response(s) [b4fa652e-9609-43ae-a5da-dbaebd8b3d71<-217b40b1-6496-41ee-9e5f-1bb61aa45139#0:FAIL-t24, b4fa652e-9609-43ae-a5da-dbaebd8b3d71<-69837c10-b6a5-4691-9f82-b2bf7c109e66#0:FAIL-t24] and 0 exception(s); b4fa652e-9609-43ae-a5da-dbaebd8b3d71@group-FD4A39CE61DA:t24, leader=null, voted=b4fa652e-9609-43ae-a5da-dbaebd8b3d71, raftlog=b4fa652e-9609-43ae-a5da-dbaebd8b3d71@group-FD4A39CE61DA-SegmentedRaftLog:OPENED:c3,f4,i4, conf=0: [217b40b1-6496-41ee-9e5f-1bb61aa45139:192.168.157.252:40951, 69837c10-b6a5-4691-9f82-b2bf7c109e66:192.168.157.252:40716, b4fa652e-9609-43ae-a5da-dbaebd8b3d71:192.168.157.252:36685], old=null
2019-11-05 11:09:44,168 [b4fa652e-9609-43ae-a5da-dbaebd8b3d71@group-FD4A39CE61DA-LeaderElection24] INFO  impl.RaftServerImpl (RaftServerImpl.java:setRole(184)) - b4fa652e-9609-43ae-a5da-dbaebd8b3d71@group-FD4A39CE61DA: changes role from CANDIDATE to FOLLOWER at term 24 for DISCOVERED_A_NEW_TERM
2019-11-05 11:09:44,168 [b4fa652e-9609-43ae-a5da-dbaebd8b3d71@group-FD4A39CE61DA-LeaderElection24] INFO  impl.RoleInfo (RoleInfo.java:shutdownLeaderElection(134)) - b4fa652e-9609-43ae-a5da-dbaebd8b3d71: shutdown LeaderElection
2019-11-05 11:09:44,168 [b4fa652e-9609-43ae-a5da-dbaebd8b3d71@group-FD4A39CE61DA-LeaderElection24] INFO  impl.RoleInfo (RoleInfo.java:updateAndGet(143)) - b4fa652e-9609-43ae-a5da-dbaebd8b3d71: start FollowerState
2019-11-05 11:09:44,332 [Thread-687] INFO  impl.FollowerState (FollowerState.java:run(108)) - b4fa652e-9609-43ae-a5da-dbaebd8b3d71@group-FD4A39CE61DA-FollowerState: change to CANDIDATE, lastRpcTime:163ms, electionTimeout:163ms
2019-11-05 11:09:44,333 [Thread-687] INFO  impl.RoleInfo (RoleInfo.java:shutdownFollowerState(121)) - b4fa652e-9609-43ae-a5da-dbaebd8b3d71: shutdown FollowerState
2019-11-05 11:09:44,333 [Thread-687] INFO  impl.RaftServerImpl (RaftServerImpl.java:setRole(184)) - b4fa652e-9609-43ae-a5da-dbaebd8b3d71@group-FD4A39CE61DA: changes role from  FOLLOWER to CANDIDATE at term 24 for changeToCandidate
2019-11-05 11:09:44,334 [Thread-687] INFO  impl.RoleInfo (RoleInfo.java:updateAndGet(143)) - b4fa652e-9609-43ae-a5da-dbaebd8b3d71: start LeaderElection
2019-11-05 11:09:44,368 [b4fa652e-9609-43ae-a5da-dbaebd8b3d71@group-FD4A39CE61DA-LeaderElection25] INFO  impl.LeaderElection (LeaderElection.java:askForVotes(178)) - b4fa652e-9609-43ae-a5da-dbaebd8b3d71@group-FD4A39CE61DA-LeaderElection25: begin an election at term 25 for 0: [217b40b1-6496-41ee-9e5f-1bb61aa45139:192.168.157.252:40951, 69837c10-b6a5-4691-9f82-b2bf7c109e66:192.168.157.252:40716, b4fa652e-9609-43ae-a5da-dbaebd8b3d71:192.168.157.252:36685], old=null
2019-11-05 11:09:44,483 [grpc-default-executor-8] INFO  impl.RaftServerImpl (RaftServerImpl.java:setRole(184)) - 217b40b1-6496-41ee-9e5f-1bb61aa45139@group-FD4A39CE61DA: changes role from  FOLLOWER to FOLLOWER at term 25 for recognizeCandidate:b4fa652e-9609-43ae-a5da-dbaebd8b3d71
2019-11-05 11:09:44,483 [grpc-default-executor-8] INFO  impl.RoleInfo (RoleInfo.java:shutdownFollowerState(121)) - 217b40b1-6496-41ee-9e5f-1bb61aa45139: shutdown FollowerState
2019-11-05 11:09:44,483 [grpc-default-executor-8] INFO  impl.RoleInfo (RoleInfo.java:updateAndGet(143)) - 217b40b1-6496-41ee-9e5f-1bb61aa45139: start FollowerState
2019-11-05 11:09:44,483 [Thread-685] INFO  impl.FollowerState (FollowerState.java:run(117)) - 217b40b1-6496-41ee-9e5f-1bb61aa45139@group-FD4A39CE61DA-FollowerState was interrupted: java.lang.InterruptedException: sleep interrupted
2019-11-05 11:09:44,485 [b4fa652e-9609-43ae-a5da-dbaebd8b3d71@group-FD4A39CE61DA-LeaderElection25] INFO  impl.LeaderElection (LeaderElection.java:logAndReturn(56)) - b4fa652e-9609-43ae-a5da-dbaebd8b3d71@group-FD4A39CE61DA-LeaderElection25: Election TIMEOUT; received 0 response(s) [] and 0 exception(s); b4fa652e-9609-43ae-a5da-dbaebd8b3d71@group-FD4A39CE61DA:t25, leader=null, voted=b4fa652e-9609-43ae-a5da-dbaebd8b3d71, raftlog=b4fa652e-9609-43ae-a5da-dbaebd8b3d71@group-FD4A39CE61DA-SegmentedRaftLog:OPENED:c3,f4,i4, conf=0: [217b40b1-6496-41ee-9e5f-1bb61aa45139:192.168.157.252:40951, 69837c10-b6a5-4691-9f82-b2bf7c109e66:192.168.157.252:40716, b4fa652e-9609-43ae-a5da-dbaebd8b3d71:192.168.157.252:36685], old=null
2019-11-05 11:09:44,486 [grpc-default-executor-6] INFO  impl.RaftServerImpl (RaftServerImpl.java:setRole(184)) - 69837c10-b6a5-4691-9f82-b2bf7c109e66@group-FD4A39CE61DA: changes role from  FOLLOWER to FOLLOWER at term 25 for recognizeCandidate:b4fa652e-9609-43ae-a5da-dbaebd8b3d71
2019-11-05 11:09:44,487 [grpc-default-executor-6] INFO  impl.RoleInfo (RoleInfo.java:shutdownFollowerState(121)) - 69837c10-b6a5-4691-9f82-b2bf7c109e66: shutdown FollowerState
2019-11-05 11:09:44,487 [Thread-686] INFO  impl.FollowerState (FollowerState.java:run(117)) - 69837c10-b6a5-4691-9f82-b2bf7c109e66@group-FD4A39CE61DA-FollowerState was interrupted: java.lang.InterruptedException: sleep interrupted
2019-11-05 11:09:44,535 [b4fa652e-9609-43ae-a5da-dbaebd8b3d71@group-FD4A39CE61DA-LeaderElection25] INFO  impl.LeaderElection (LeaderElection.java:askForVotes(178)) - b4fa652e-9609-43ae-a5da-dbaebd8b3d71@group-FD4A39CE61DA-LeaderElection25: begin an election at term 26 for 0: [217b40b1-6496-41ee-9e5f-1bb61aa45139:192.168.157.252:40951, 69837c10-b6a5-4691-9f82-b2bf7c109e66:192.168.157.252:40716, b4fa652e-9609-43ae-a5da-dbaebd8b3d71:192.168.157.252:36685], old=null
2019-11-05 11:09:44,487 [grpc-default-executor-6] INFO  impl.RoleInfo (RoleInfo.java:updateAndGet(143)) - 69837c10-b6a5-4691-9f82-b2bf7c109e66: start FollowerState
2019-11-05 11:09:44,572 [grpc-default-executor-4] INFO  impl.RaftServerImpl (RaftServerImpl.java:setRole(184)) - 217b40b1-6496-41ee-9e5f-1bb61aa45139@group-FD4A39CE61DA: changes role from  FOLLOWER to FOLLOWER at term 26 for recognizeCandidate:b4fa652e-9609-43ae-a5da-dbaebd8b3d71
2019-11-05 11:09:44,573 [grpc-default-executor-4] INFO  impl.RoleInfo (RoleInfo.java:shutdownFollowerState(121)) - 217b40b1-6496-41ee-9e5f-1bb61aa45139: shutdown FollowerState
2019-11-05 11:09:44,573 [grpc-default-executor-4] INFO  impl.RoleInfo (RoleInfo.java:updateAndGet(143)) - 217b40b1-6496-41ee-9e5f-1bb61aa45139: start FollowerState
2019-11-05 11:09:44,573 [Thread-691] INFO  impl.FollowerState (FollowerState.java:run(117)) - 217b40b1-6496-41ee-9e5f-1bb61aa45139@group-FD4A39CE61DA-FollowerState was interrupted: java.lang.InterruptedException: sleep interrupted
2019-11-05 11:09:44,579 [pool-7-thread-1] INFO  commands.RetriableDatanodeEventWatcher (RetriableDatanodeEventWatcher.java:onTimeout(47)) - RetriableDatanodeCommand type=deleteBlocksCommand with id=1572952177568 timed out. Retrying.
2019-11-05 11:09:44,580 [grpc-default-executor-3] INFO  impl.RaftServerImpl (RaftServerImpl.java:setRole(184)) - 69837c10-b6a5-4691-9f82-b2bf7c109e66@group-FD4A39CE61DA: changes role from  FOLLOWER to FOLLOWER at term 26 for recognizeCandidate:b4fa652e-9609-43ae-a5da-dbaebd8b3d71
2019-11-05 11:09:44,580 [grpc-default-executor-3] INFO  impl.RoleInfo (RoleInfo.java:shutdownFollowerState(121)) - 69837c10-b6a5-4691-9f82-b2bf7c109e66: shutdown FollowerState
2019-11-05 11:09:44,586 [SCMBlockDeletingService#0] INFO  block.SCMBlockDeletingService (SCMBlockDeletingService.java:call(184)) - Totally added 1 delete blocks command for 1 datanodes, task elapsed time: 1ms
2019-11-05 11:09:44,595 [grpc-default-executor-3] INFO  impl.RoleInfo (RoleInfo.java:updateAndGet(143)) - 69837c10-b6a5-4691-9f82-b2bf7c109e66: start FollowerState
2019-11-05 11:09:44,596 [Thread-692] INFO  impl.FollowerState (FollowerState.java:run(117)) - 69837c10-b6a5-4691-9f82-b2bf7c109e66@group-FD4A39CE61DA-FollowerState was interrupted: java.lang.InterruptedException: sleep interrupted
2019-11-05 11:09:44,596 [pool-7-thread-1] INFO  commands.RetriableDatanodeEventWatcher (RetriableDatanodeEventWatcher.java:onTimeout(47)) - RetriableDatanodeCommand type=deleteBlocksCommand with id=1572952177565 timed out. Retrying.
2019-11-05 11:09:44,597 [pool-7-thread-6] INFO  commands.RetriableDatanodeEventWatcher (RetriableDatanodeEventWatcher.java:onTimeout(47)) - RetriableDatanodeCommand type=deleteBlocksCommand with id=1572952177570 timed out. Retrying.
2019-11-05 11:09:44,597 [pool-7-thread-3] INFO  commands.RetriableDatanodeEventWatcher (RetriableDatanodeEventWatcher.java:onTimeout(47)) - RetriableDatanodeCommand type=deleteBlocksCommand with id=1572952177569 timed out. Retrying.
2019-11-05 11:09:44,597 [pool-7-thread-4] INFO  commands.RetriableDatanodeEventWatcher (RetriableDatanodeEventWatcher.java:onTimeout(47)) - RetriableDatanodeCommand type=deleteBlocksCommand with id=1572952177567 timed out. Retrying.
2019-11-05 11:09:44,597 [pool-7-thread-2] INFO  commands.RetriableDatanodeEventWatcher (RetriableDatanodeEventWatcher.java:onTimeout(47)) - RetriableDatanodeCommand type=deleteBlocksCommand with id=1572952177566 timed out. Retrying.
2019-11-05 11:09:44,605 [pool-7-thread-5] INFO  commands.RetriableDatanodeEventWatcher (RetriableDatanodeEventWatcher.java:onTimeout(47)) - RetriableDatanodeCommand type=deleteBlocksCommand with id=1572952177571 timed out. Retrying.
2019-11-05 11:09:44,639 [b4fa652e-9609-43ae-a5da-dbaebd8b3d71@group-FD4A39CE61DA-LeaderElection25] INFO  impl.LeaderElection (LeaderElection.java:logAndReturn(56)) - b4fa652e-9609-43ae-a5da-dbaebd8b3d71@group-FD4A39CE61DA-LeaderElection25: Election REJECTED; received 2 response(s) [b4fa652e-9609-43ae-a5da-dbaebd8b3d71<-217b40b1-6496-41ee-9e5f-1bb61aa45139#0:FAIL-t26, b4fa652e-9609-43ae-a5da-dbaebd8b3d71<-69837c10-b6a5-4691-9f82-b2bf7c109e66#0:FAIL-t26] and 0 exception(s); b4fa652e-9609-43ae-a5da-dbaebd8b3d71@group-FD4A39CE61DA:t26, leader=null, voted=b4fa652e-9609-43ae-a5da-dbaebd8b3d71, raftlog=b4fa652e-9609-43ae-a5da-dbaebd8b3d71@group-FD4A39CE61DA-SegmentedRaftLog:OPENED:c3,f4,i4, conf=0: [217b40b1-6496-41ee-9e5f-1bb61aa45139:192.168.157.252:40951, 69837c10-b6a5-4691-9f82-b2bf7c109e66:192.168.157.252:40716, b4fa652e-9609-43ae-a5da-dbaebd8b3d71:192.168.157.252:36685], old=null
2019-11-05 11:09:44,641 [b4fa652e-9609-43ae-a5da-dbaebd8b3d71@group-FD4A39CE61DA-LeaderElection25] INFO  impl.RaftServerImpl (RaftServerImpl.java:setRole(184)) - b4fa652e-9609-43ae-a5da-dbaebd8b3d71@group-FD4A39CE61DA: changes role from CANDIDATE to FOLLOWER at term 26 for DISCOVERED_A_NEW_TERM
2019-11-05 11:09:44,641 [b4fa652e-9609-43ae-a5da-dbaebd8b3d71@group-FD4A39CE61DA-LeaderElection25] INFO  impl.RoleInfo (RoleInfo.java:shutdownLeaderElection(134)) - b4fa652e-9609-43ae-a5da-dbaebd8b3d71: shutdown LeaderElection
2019-11-05 11:09:44,641 [b4fa652e-9609-43ae-a5da-dbaebd8b3d71@group-FD4A39CE61DA-LeaderElection25] INFO  impl.RoleInfo (RoleInfo.java:updateAndGet(143)) - b4fa652e-9609-43ae-a5da-dbaebd8b3d71: start FollowerState
2019-11-05 11:09:44,645 [Thread-699] INFO  client.GrpcClientProtocolService (GrpcClientProtocolService.java:lambda$processClientRequest$0(278)) - Failed RaftClientRequest:client-37A56D8DDB63->b4fa652e-9609-43ae-a5da-dbaebd8b3d71@group-FD4A39CE61DA, cid=10, seq=0, Watch-ALL_COMMITTED(6), Message:<EMPTY>, reply=RaftClientReply:client-37A56D8DDB63->b4fa652e-9609-43ae-a5da-dbaebd8b3d71@group-FD4A39CE61DA, cid=10, FAILED org.apache.ratis.protocol.NotLeaderException: Server b4fa652e-9609-43ae-a5da-dbaebd8b3d71@group-FD4A39CE61DA is not the leader, logIndex=0, commits[b4fa652e-9609-43ae-a5da-dbaebd8b3d71:c3]
2019-11-05 11:09:44,727 [BlockDeletingService#9] WARN  background.BlockDeletingService (BlockDeletingService.java:isDeletionAllowed(187)) - Close Container log Index 6 is not replicated across allthe servers in the pipeline a8186365-22ae-4f7f-97bd-fd4a39ce61da as the min replicated index is 4. Deletion is not allowed in this container yet.
2019-11-05 11:09:44,738 [BlockDeletingService#2] WARN  background.BlockDeletingService (BlockDeletingService.java:isDeletionAllowed(187)) - Close Container log Index 6 is not replicated across allthe servers in the pipeline a8186365-22ae-4f7f-97bd-fd4a39ce61da as the min replicated index is 4. Deletion is not allowed in this container yet.
2019-11-05 11:09:44,776 [Thread-698] INFO  impl.FollowerState (FollowerState.java:run(108)) - b4fa652e-9609-43ae-a5da-dbaebd8b3d71@group-FD4A39CE61DA-FollowerState: change to CANDIDATE, lastRpcTime:134ms, electionTimeout:134ms
2019-11-05 11:09:44,776 [Thread-698] INFO  impl.RoleInfo (RoleInfo.java:shutdownFollowerState(121)) - b4fa652e-9609-43ae-a5da-dbaebd8b3d71: shutdown FollowerState
2019-11-05 11:09:44,776 [Thread-698] INFO  impl.RaftServerImpl (RaftServerImpl.java:setRole(184)) - b4fa652e-9609-43ae-a5da-dbaebd8b3d71@group-FD4A39CE61DA: changes role from  FOLLOWER to CANDIDATE at term 26 for changeToCandidate
2019-11-05 11:09:44,776 [Thread-698] INFO  impl.RoleInfo (RoleInfo.java:updateAndGet(143)) - b4fa652e-9609-43ae-a5da-dbaebd8b3d71: start LeaderElection
2019-11-05 11:09:44,791 [b4fa652e-9609-43ae-a5da-dbaebd8b3d71@group-FD4A39CE61DA-LeaderElection26] INFO  impl.LeaderElection (LeaderElection.java:askForVotes(178)) - b4fa652e-9609-43ae-a5da-dbaebd8b3d71@group-FD4A39CE61DA-LeaderElection26: begin an election at term 27 for 0: [217b40b1-6496-41ee-9e5f-1bb61aa45139:192.168.157.252:40951, 69837c10-b6a5-4691-9f82-b2bf7c109e66:192.168.157.252:40716, b4fa652e-9609-43ae-a5da-dbaebd8b3d71:192.168.157.252:36685], old=null
2019-11-05 11:09:44,796 [grpc-default-executor-3] INFO  impl.RaftServerImpl (RaftServerImpl.java:setRole(184)) - 217b40b1-6496-41ee-9e5f-1bb61aa45139@group-FD4A39CE61DA: changes role from  FOLLOWER to FOLLOWER at term 27 for recognizeCandidate:b4fa652e-9609-43ae-a5da-dbaebd8b3d71
2019-11-05 11:09:44,796 [grpc-default-executor-4] INFO  impl.RaftServerImpl (RaftServerImpl.java:setRole(184)) - 69837c10-b6a5-4691-9f82-b2bf7c109e66@group-FD4A39CE61DA: changes role from  FOLLOWER to FOLLOWER at term 27 for recognizeCandidate:b4fa652e-9609-43ae-a5da-dbaebd8b3d71
2019-11-05 11:09:44,796 [grpc-default-executor-4] INFO  impl.RoleInfo (RoleInfo.java:shutdownFollowerState(121)) - 69837c10-b6a5-4691-9f82-b2bf7c109e66: shutdown FollowerState
2019-11-05 11:09:44,796 [grpc-default-executor-3] INFO  impl.RoleInfo (RoleInfo.java:shutdownFollowerState(121)) - 217b40b1-6496-41ee-9e5f-1bb61aa45139: shutdown FollowerState
2019-11-05 11:09:44,796 [grpc-default-executor-4] INFO  impl.RoleInfo (RoleInfo.java:updateAndGet(143)) - 69837c10-b6a5-4691-9f82-b2bf7c109e66: start FollowerState
2019-11-05 11:09:44,797 [Thread-696] INFO  impl.FollowerState (FollowerState.java:run(117)) - 217b40b1-6496-41ee-9e5f-1bb61aa45139@group-FD4A39CE61DA-FollowerState was interrupted: java.lang.InterruptedException: sleep interrupted
2019-11-05 11:09:44,796 [grpc-default-executor-3] INFO  impl.RoleInfo (RoleInfo.java:updateAndGet(143)) - 217b40b1-6496-41ee-9e5f-1bb61aa45139: start FollowerState
2019-11-05 11:09:44,797 [Thread-697] INFO  impl.FollowerState (FollowerState.java:run(117)) - 69837c10-b6a5-4691-9f82-b2bf7c109e66@group-FD4A39CE61DA-FollowerState was interrupted: java.lang.InterruptedException: sleep interrupted
2019-11-05 11:09:44,814 [b4fa652e-9609-43ae-a5da-dbaebd8b3d71@group-FD4A39CE61DA-LeaderElection26] INFO  impl.LeaderElection (LeaderElection.java:logAndReturn(56)) - b4fa652e-9609-43ae-a5da-dbaebd8b3d71@group-FD4A39CE61DA-LeaderElection26: Election REJECTED; received 2 response(s) [b4fa652e-9609-43ae-a5da-dbaebd8b3d71<-217b40b1-6496-41ee-9e5f-1bb61aa45139#0:FAIL-t27, b4fa652e-9609-43ae-a5da-dbaebd8b3d71<-69837c10-b6a5-4691-9f82-b2bf7c109e66#0:FAIL-t27] and 0 exception(s); b4fa652e-9609-43ae-a5da-dbaebd8b3d71@group-FD4A39CE61DA:t27, leader=null, voted=b4fa652e-9609-43ae-a5da-dbaebd8b3d71, raftlog=b4fa652e-9609-43ae-a5da-dbaebd8b3d71@group-FD4A39CE61DA-SegmentedRaftLog:OPENED:c3,f4,i4, conf=0: [217b40b1-6496-41ee-9e5f-1bb61aa45139:192.168.157.252:40951, 69837c10-b6a5-4691-9f82-b2bf7c109e66:192.168.157.252:40716, b4fa652e-9609-43ae-a5da-dbaebd8b3d71:192.168.157.252:36685], old=null
2019-11-05 11:09:44,814 [b4fa652e-9609-43ae-a5da-dbaebd8b3d71@group-FD4A39CE61DA-LeaderElection26] INFO  impl.RaftServerImpl (RaftServerImpl.java:setRole(184)) - b4fa652e-9609-43ae-a5da-dbaebd8b3d71@group-FD4A39CE61DA: changes role from CANDIDATE to FOLLOWER at term 27 for DISCOVERED_A_NEW_TERM
2019-11-05 11:09:44,814 [b4fa652e-9609-43ae-a5da-dbaebd8b3d71@group-FD4A39CE61DA-LeaderElection26] INFO  impl.RoleInfo (RoleInfo.java:shutdownLeaderElection(134)) - b4fa652e-9609-43ae-a5da-dbaebd8b3d71: shutdown LeaderElection
2019-11-05 11:09:44,814 [b4fa652e-9609-43ae-a5da-dbaebd8b3d71@group-FD4A39CE61DA-LeaderElection26] INFO  impl.RoleInfo (RoleInfo.java:updateAndGet(143)) - b4fa652e-9609-43ae-a5da-dbaebd8b3d71: start FollowerState
2019-11-05 11:09:44,815 [EventQueue-PendingDeleteStatusForPendingDeleteHandler] INFO  block.SCMBlockDeletingService (SCMBlockDeletingService.java:handlePendingDeletes(115)) - Block deletion txnID mismatch in datanode b4fa652e-9609-43ae-a5da-dbaebd8b3d71 for containerID 1. Datanode delete txnID: 0, SCM txnID: 1
2019-11-05 11:09:44,901 [grpc-default-executor-3] INFO  impl.RaftServerProxy (RaftServerProxy.java:addNew(89)) - b4fa652e-9609-43ae-a5da-dbaebd8b3d71: addNew group-61F46787267E:[b4fa652e-9609-43ae-a5da-dbaebd8b3d71:192.168.157.252:36685] returns group-61F46787267E:java.util.concurrent.CompletableFuture@1a391779[Not completed]
2019-11-05 11:09:44,907 [pool-59-thread-1] INFO  impl.RaftServerImpl (RaftServerImpl.java:<init>(104)) - b4fa652e-9609-43ae-a5da-dbaebd8b3d71: new RaftServerImpl for group-61F46787267E:[b4fa652e-9609-43ae-a5da-dbaebd8b3d71:192.168.157.252:36685] with ContainerStateMachine:uninitialized
2019-11-05 11:09:44,908 [pool-59-thread-1] INFO  server.RaftServerConfigKeys (ConfUtils.java:logGet(43)) - raft.server.rpc.timeout.min = 5s (custom)
2019-11-05 11:09:44,908 [pool-59-thread-1] INFO  server.RaftServerConfigKeys (ConfUtils.java:logGet(43)) - raft.server.rpc.timeout.max = 5200ms (custom)
2019-11-05 11:09:44,908 [pool-59-thread-1] INFO  server.RaftServerConfigKeys (ConfUtils.java:logGet(43)) - raft.server.rpcslowness.timeout = 1000s (custom)
2019-11-05 11:09:44,908 [pool-59-thread-1] INFO  server.RaftServerConfigKeys (ConfUtils.java:logGet(43)) - raft.server.sleep.deviation.threshold = 300 (default)
2019-11-05 11:09:44,908 [pool-59-thread-1] INFO  server.RaftServerConfigKeys (ConfUtils.java:logGet(43)) - raft.server.log.appender.install.snapshot.enabled = false (custom)
2019-11-05 11:09:44,908 [pool-59-thread-1] INFO  impl.RaftServerImpl (ServerState.java:<init>(103)) - b4fa652e-9609-43ae-a5da-dbaebd8b3d71@group-61F46787267E: ConfigurationManager, init=-1: [b4fa652e-9609-43ae-a5da-dbaebd8b3d71:192.168.157.252:36685], old=null, confs=<EMPTY_MAP>
2019-11-05 11:09:44,909 [pool-59-thread-1] INFO  server.RaftServerConfigKeys (ConfUtils.java:logGet(43)) - raft.server.storage.dir = [/workdir/hadoop-ozone/integration-test/target/test-dir/MiniOzoneClusterImpl-15323bb8-fab1-4b87-97a4-cbcc55a81608/datanode-2/data/ratis] (custom)
2019-11-05 11:09:44,909 [pool-59-thread-1] INFO  server.RaftServerConfigKeys (ConfUtils.java:logGet(43)) - raft.server.log.corruption.policy = EXCEPTION (default)
2019-11-05 11:09:44,909 [pool-59-thread-1] INFO  storage.RaftStorageDirectory (RaftStorageDirectory.java:analyzeStorage(246)) - The storage directory /workdir/hadoop-ozone/integration-test/target/test-dir/MiniOzoneClusterImpl-15323bb8-fab1-4b87-97a4-cbcc55a81608/datanode-2/data/ratis/781db2a0-a5d1-48ea-9872-61f46787267e does not exist. Creating ...
2019-11-05 11:09:44,913 [EventQueue-PendingDeleteStatusForPendingDeleteHandler] INFO  block.SCMBlockDeletingService (SCMBlockDeletingService.java:handlePendingDeletes(115)) - Block deletion txnID mismatch in datanode b4fa652e-9609-43ae-a5da-dbaebd8b3d71 for containerID 1. Datanode delete txnID: 0, SCM txnID: 1
2019-11-05 11:09:44,938 [pool-59-thread-1] INFO  storage.RaftStorageDirectory (RaftStorageDirectory.java:tryLock(328)) - Lock on /workdir/hadoop-ozone/integration-test/target/test-dir/MiniOzoneClusterImpl-15323bb8-fab1-4b87-97a4-cbcc55a81608/datanode-2/data/ratis/781db2a0-a5d1-48ea-9872-61f46787267e/in_use.lock acquired by nodename 17229@pr-hdds-1643-qwrct-1900426900
2019-11-05 11:09:44,953 [pool-59-thread-1] INFO  storage.RaftStorage (RaftStorage.java:format(84)) - Storage directory /workdir/hadoop-ozone/integration-test/target/test-dir/MiniOzoneClusterImpl-15323bb8-fab1-4b87-97a4-cbcc55a81608/datanode-2/data/ratis/781db2a0-a5d1-48ea-9872-61f46787267e has been successfully formatted.
2019-11-05 11:09:44,954 [pool-59-thread-1] INFO  ratis.ContainerStateMachine (ContainerStateMachine.java:loadSnapshot(231)) - group-61F46787267E: The snapshot info is null. Setting the last applied indexto:(t:0, i:~)
2019-11-05 11:09:44,954 [pool-59-thread-1] INFO  server.RaftServerConfigKeys (ConfUtils.java:logGet(43)) - raft.server.notification.no-leader.timeout = 1000s (custom)
2019-11-05 11:09:44,954 [pool-59-thread-1] INFO  server.RaftServerConfigKeys (ConfUtils.java:logGet(43)) - raft.server.log.use.memory = false (default)
2019-11-05 11:09:44,954 [pool-59-thread-1] INFO  server.RaftServerConfigKeys (ConfUtils.java:logGet(43)) - raft.server.log.purge.gap = 1000000 (custom)
2019-11-05 11:09:44,954 [pool-59-thread-1] INFO  server.RaftServerConfigKeys (ConfUtils.java:logGet(43)) - raft.server.log.appender.buffer.byte-limit = 33554432 (custom)
2019-11-05 11:09:44,954 [pool-59-thread-1] INFO  server.RaftServerConfigKeys (ConfUtils.java:logGet(43)) - raft.server.log.segment.size.max = 1048576 (custom)
2019-11-05 11:09:44,955 [pool-59-thread-1] INFO  server.RaftServerConfigKeys (ConfUtils.java:logGet(43)) - raft.server.log.segment.cache.num.max = 2 (custom)
2019-11-05 11:09:44,955 [pool-59-thread-1] INFO  segmented.SegmentedRaftLogWorker (SegmentedRaftLogWorker.java:<init>(173)) - new b4fa652e-9609-43ae-a5da-dbaebd8b3d71@group-61F46787267E-SegmentedRaftLogWorker for RaftStorage:Storage Directory /workdir/hadoop-ozone/integration-test/target/test-dir/MiniOzoneClusterImpl-15323bb8-fab1-4b87-97a4-cbcc55a81608/datanode-2/data/ratis/781db2a0-a5d1-48ea-9872-61f46787267e
2019-11-05 11:09:44,955 [pool-59-thread-1] INFO  server.RaftServerConfigKeys (ConfUtils.java:logGet(43)) - raft.server.log.queue.byte-limit = 2147483647 (custom)
2019-11-05 11:09:44,955 [pool-59-thread-1] INFO  server.RaftServerConfigKeys (ConfUtils.java:logGet(43)) - raft.server.log.queue.element-limit = 1024 (custom)
2019-11-05 11:09:44,955 [pool-59-thread-1] INFO  server.RaftServerConfigKeys (ConfUtils.java:logGet(43)) - raft.server.log.segment.size.max = 1048576 (custom)
2019-11-05 11:09:44,955 [pool-59-thread-1] INFO  server.RaftServerConfigKeys (ConfUtils.java:logGet(43)) - raft.server.log.preallocated.size = 16384 (custom)
2019-11-05 11:09:44,955 [pool-59-thread-1] INFO  server.RaftServerConfigKeys (ConfUtils.java:logGet(43)) - raft.server.log.write.buffer.size = 33554432 (custom)
2019-11-05 11:09:44,955 [pool-59-thread-1] INFO  server.RaftServerConfigKeys (ConfUtils.java:logGet(43)) - raft.server.log.force.sync.num = 128 (default)
2019-11-05 11:09:44,956 [pool-59-thread-1] INFO  server.RaftServerConfigKeys (ConfUtils.java:logGet(43)) - raft.server.log.statemachine.data.sync = true (default)
2019-11-05 11:09:44,956 [pool-59-thread-1] INFO  server.RaftServerConfigKeys (ConfUtils.java:logGet(43)) - raft.server.log.statemachine.data.sync.timeout = 10s (default)
2019-11-05 11:09:44,956 [pool-59-thread-1] INFO  server.RaftServerConfigKeys (ConfUtils.java:logGet(43)) - raft.server.log.statemachine.data.sync.timeout.retry = -1 (default)
2019-11-05 11:09:44,956 [pool-59-thread-1] INFO  server.RaftServerConfigKeys (ConfUtils.java:logGet(43)) - raft.server.log.statemachine.data.caching.enabled = true (custom)
2019-11-05 11:09:44,957 [pool-59-thread-1] INFO  segmented.SegmentedRaftLogWorker (SegmentedRaftLogWorker.java:lambda$new$0(128)) - b4fa652e-9609-43ae-a5da-dbaebd8b3d71@group-61F46787267E-SegmentedRaftLogWorker: flushIndex: setUnconditionally 0 -> -1
2019-11-05 11:09:44,957 [pool-59-thread-1] INFO  server.RaftServerConfigKeys (ConfUtils.java:logGet(43)) - raft.server.snapshot.auto.trigger.enabled = true (custom)
2019-11-05 11:09:44,957 [pool-59-thread-1] INFO  server.RaftServerConfigKeys (ConfUtils.java:logGet(43)) - raft.server.snapshot.auto.trigger.threshold = 10000 (custom)
2019-11-05 11:09:44,957 [pool-59-thread-1] INFO  server.RaftServerConfigKeys (ConfUtils.java:logGet(43)) - raft.server.snapshot.retention.file.num = 5 (custom)
2019-11-05 11:09:44,961 [pool-59-thread-1] INFO  server.RaftServerConfigKeys (ConfUtils.java:logGet(43)) - raft.server.retrycache.expirytime = 600000ms (custom)
2019-11-05 11:09:44,963 [pool-59-thread-1] INFO  impl.RaftServerImpl (RaftServerImpl.java:start(195)) - b4fa652e-9609-43ae-a5da-dbaebd8b3d71@group-61F46787267E: start as a follower, conf=-1: [b4fa652e-9609-43ae-a5da-dbaebd8b3d71:192.168.157.252:36685], old=null
2019-11-05 11:09:44,963 [pool-59-thread-1] INFO  impl.RaftServerImpl (RaftServerImpl.java:setRole(184)) - b4fa652e-9609-43ae-a5da-dbaebd8b3d71@group-61F46787267E: changes role from      null to FOLLOWER at term 0 for startAsFollower
2019-11-05 11:09:44,964 [pool-59-thread-1] INFO  impl.RoleInfo (RoleInfo.java:updateAndGet(143)) - b4fa652e-9609-43ae-a5da-dbaebd8b3d71: start FollowerState
2019-11-05 11:09:44,964 [pool-59-thread-1] INFO  util.JmxRegister (JmxRegister.java:tryRegister(44)) - Successfully registered JMX Bean with object name Ratis:service=RaftServer,group=group-61F46787267E,id=b4fa652e-9609-43ae-a5da-dbaebd8b3d71
2019-11-05 11:09:44,970 [RatisPipelineUtilsThread] INFO  pipeline.PipelineStateManager (PipelineStateManager.java:addPipeline(56)) - Created pipeline Pipeline[ Id: 781db2a0-a5d1-48ea-9872-61f46787267e, Nodes: b4fa652e-9609-43ae-a5da-dbaebd8b3d71{ip: 192.168.157.252, host: pr-hdds-1643-qwrct-1900426900, networkLocation: /default-rack, certSerialId: null}, Type:RATIS, Factor:ONE, State:OPEN]
2019-11-05 11:09:44,988 [grpc-default-executor-8] INFO  impl.RaftServerProxy (RaftServerProxy.java:addNew(89)) - b4fa652e-9609-43ae-a5da-dbaebd8b3d71: addNew group-CB61FA14698E:[217b40b1-6496-41ee-9e5f-1bb61aa45139:192.168.157.252:40951, 69837c10-b6a5-4691-9f82-b2bf7c109e66:192.168.157.252:40716, b4fa652e-9609-43ae-a5da-dbaebd8b3d71:192.168.157.252:36685] returns group-CB61FA14698E:java.util.concurrent.CompletableFuture@5c0fbc37[Not completed]
2019-11-05 11:09:44,988 [grpc-default-executor-3] INFO  impl.RaftServerProxy (RaftServerProxy.java:addNew(89)) - 217b40b1-6496-41ee-9e5f-1bb61aa45139: addNew group-CB61FA14698E:[217b40b1-6496-41ee-9e5f-1bb61aa45139:192.168.157.252:40951, 69837c10-b6a5-4691-9f82-b2bf7c109e66:192.168.157.252:40716, b4fa652e-9609-43ae-a5da-dbaebd8b3d71:192.168.157.252:36685] returns group-CB61FA14698E:java.util.concurrent.CompletableFuture@4610543[Not completed]
2019-11-05 11:09:44,988 [grpc-default-executor-4] INFO  impl.RaftServerProxy (RaftServerProxy.java:addNew(89)) - 69837c10-b6a5-4691-9f82-b2bf7c109e66: addNew group-CB61FA14698E:[217b40b1-6496-41ee-9e5f-1bb61aa45139:192.168.157.252:40951, 69837c10-b6a5-4691-9f82-b2bf7c109e66:192.168.157.252:40716, b4fa652e-9609-43ae-a5da-dbaebd8b3d71:192.168.157.252:36685] returns group-CB61FA14698E:java.util.concurrent.CompletableFuture@6d4c4cb9[Not completed]
2019-11-05 11:09:44,990 [pool-59-thread-1] INFO  impl.RaftServerImpl (RaftServerImpl.java:<init>(104)) - b4fa652e-9609-43ae-a5da-dbaebd8b3d71: new RaftServerImpl for group-CB61FA14698E:[217b40b1-6496-41ee-9e5f-1bb61aa45139:192.168.157.252:40951, 69837c10-b6a5-4691-9f82-b2bf7c109e66:192.168.157.252:40716, b4fa652e-9609-43ae-a5da-dbaebd8b3d71:192.168.157.252:36685] with ContainerStateMachine:uninitialized
2019-11-05 11:09:44,990 [pool-59-thread-1] INFO  server.RaftServerConfigKeys (ConfUtils.java:logGet(43)) - raft.server.rpc.timeout.min = 5s (custom)
2019-11-05 11:09:44,990 [pool-59-thread-1] INFO  server.RaftServerConfigKeys (ConfUtils.java:logGet(43)) - raft.server.rpc.timeout.max = 5200ms (custom)
2019-11-05 11:09:44,990 [pool-59-thread-1] INFO  server.RaftServerConfigKeys (ConfUtils.java:logGet(43)) - raft.server.rpcslowness.timeout = 1000s (custom)
2019-11-05 11:09:44,990 [pool-59-thread-1] INFO  server.RaftServerConfigKeys (ConfUtils.java:logGet(43)) - raft.server.sleep.deviation.threshold = 300 (default)
2019-11-05 11:09:44,990 [pool-59-thread-1] INFO  server.RaftServerConfigKeys (ConfUtils.java:logGet(43)) - raft.server.log.appender.install.snapshot.enabled = false (custom)
2019-11-05 11:09:44,990 [pool-59-thread-1] INFO  impl.RaftServerImpl (ServerState.java:<init>(103)) - b4fa652e-9609-43ae-a5da-dbaebd8b3d71@group-CB61FA14698E: ConfigurationManager, init=-1: [217b40b1-6496-41ee-9e5f-1bb61aa45139:192.168.157.252:40951, 69837c10-b6a5-4691-9f82-b2bf7c109e66:192.168.157.252:40716, b4fa652e-9609-43ae-a5da-dbaebd8b3d71:192.168.157.252:36685], old=null, confs=<EMPTY_MAP>
2019-11-05 11:09:44,990 [pool-27-thread-1] INFO  impl.RaftServerImpl (RaftServerImpl.java:<init>(104)) - 217b40b1-6496-41ee-9e5f-1bb61aa45139: new RaftServerImpl for group-CB61FA14698E:[217b40b1-6496-41ee-9e5f-1bb61aa45139:192.168.157.252:40951, 69837c10-b6a5-4691-9f82-b2bf7c109e66:192.168.157.252:40716, b4fa652e-9609-43ae-a5da-dbaebd8b3d71:192.168.157.252:36685] with ContainerStateMachine:uninitialized
2019-11-05 11:09:44,990 [pool-59-thread-1] INFO  server.RaftServerConfigKeys (ConfUtils.java:logGet(43)) - raft.server.storage.dir = [/workdir/hadoop-ozone/integration-test/target/test-dir/MiniOzoneClusterImpl-15323bb8-fab1-4b87-97a4-cbcc55a81608/datanode-2/data/ratis] (custom)
2019-11-05 11:09:44,990 [pool-27-thread-1] INFO  server.RaftServerConfigKeys (ConfUtils.java:logGet(43)) - raft.server.rpc.timeout.min = 5s (custom)
2019-11-05 11:09:44,990 [pool-27-thread-1] INFO  server.RaftServerConfigKeys (ConfUtils.java:logGet(43)) - raft.server.rpc.timeout.max = 5200ms (custom)
2019-11-05 11:09:44,991 [pool-27-thread-1] INFO  server.RaftServerConfigKeys (ConfUtils.java:logGet(43)) - raft.server.rpcslowness.timeout = 1000s (custom)
2019-11-05 11:09:44,991 [pool-59-thread-1] INFO  server.RaftServerConfigKeys (ConfUtils.java:logGet(43)) - raft.server.log.corruption.policy = EXCEPTION (default)
2019-11-05 11:09:44,991 [pool-37-thread-1] INFO  impl.RaftServerImpl (RaftServerImpl.java:<init>(104)) - 69837c10-b6a5-4691-9f82-b2bf7c109e66: new RaftServerImpl for group-CB61FA14698E:[217b40b1-6496-41ee-9e5f-1bb61aa45139:192.168.157.252:40951, 69837c10-b6a5-4691-9f82-b2bf7c109e66:192.168.157.252:40716, b4fa652e-9609-43ae-a5da-dbaebd8b3d71:192.168.157.252:36685] with ContainerStateMachine:uninitialized
2019-11-05 11:09:44,991 [pool-27-thread-1] INFO  server.RaftServerConfigKeys (ConfUtils.java:logGet(43)) - raft.server.sleep.deviation.threshold = 300 (default)
2019-11-05 11:09:44,991 [pool-37-thread-1] INFO  server.RaftServerConfigKeys (ConfUtils.java:logGet(43)) - raft.server.rpc.timeout.min = 5s (custom)
2019-11-05 11:09:44,991 [pool-59-thread-1] INFO  storage.RaftStorageDirectory (RaftStorageDirectory.java:analyzeStorage(246)) - The storage directory /workdir/hadoop-ozone/integration-test/target/test-dir/MiniOzoneClusterImpl-15323bb8-fab1-4b87-97a4-cbcc55a81608/datanode-2/data/ratis/fa0b3e65-e401-49af-bfb7-cb61fa14698e does not exist. Creating ...
2019-11-05 11:09:44,991 [pool-37-thread-1] INFO  server.RaftServerConfigKeys (ConfUtils.java:logGet(43)) - raft.server.rpc.timeout.max = 5200ms (custom)
2019-11-05 11:09:44,991 [pool-27-thread-1] INFO  server.RaftServerConfigKeys (ConfUtils.java:logGet(43)) - raft.server.log.appender.install.snapshot.enabled = false (custom)
2019-11-05 11:09:44,991 [pool-37-thread-1] INFO  server.RaftServerConfigKeys (ConfUtils.java:logGet(43)) - raft.server.rpcslowness.timeout = 1000s (custom)
2019-11-05 11:09:44,991 [pool-27-thread-1] INFO  impl.RaftServerImpl (ServerState.java:<init>(103)) - 217b40b1-6496-41ee-9e5f-1bb61aa45139@group-CB61FA14698E: ConfigurationManager, init=-1: [217b40b1-6496-41ee-9e5f-1bb61aa45139:192.168.157.252:40951, 69837c10-b6a5-4691-9f82-b2bf7c109e66:192.168.157.252:40716, b4fa652e-9609-43ae-a5da-dbaebd8b3d71:192.168.157.252:36685], old=null, confs=<EMPTY_MAP>
2019-11-05 11:09:44,991 [pool-37-thread-1] INFO  server.RaftServerConfigKeys (ConfUtils.java:logGet(43)) - raft.server.sleep.deviation.threshold = 300 (default)
2019-11-05 11:09:44,991 [pool-27-thread-1] INFO  server.RaftServerConfigKeys (ConfUtils.java:logGet(43)) - raft.server.storage.dir = [/workdir/hadoop-ozone/integration-test/target/test-dir/MiniOzoneClusterImpl-15323bb8-fab1-4b87-97a4-cbcc55a81608/datanode-0/data/ratis] (custom)
2019-11-05 11:09:44,991 [pool-37-thread-1] INFO  server.RaftServerConfigKeys (ConfUtils.java:logGet(43)) - raft.server.log.appender.install.snapshot.enabled = false (custom)
2019-11-05 11:09:44,991 [pool-37-thread-1] INFO  impl.RaftServerImpl (ServerState.java:<init>(103)) - 69837c10-b6a5-4691-9f82-b2bf7c109e66@group-CB61FA14698E: ConfigurationManager, init=-1: [217b40b1-6496-41ee-9e5f-1bb61aa45139:192.168.157.252:40951, 69837c10-b6a5-4691-9f82-b2bf7c109e66:192.168.157.252:40716, b4fa652e-9609-43ae-a5da-dbaebd8b3d71:192.168.157.252:36685], old=null, confs=<EMPTY_MAP>
2019-11-05 11:09:44,991 [pool-27-thread-1] INFO  server.RaftServerConfigKeys (ConfUtils.java:logGet(43)) - raft.server.log.corruption.policy = EXCEPTION (default)
2019-11-05 11:09:44,992 [pool-37-thread-1] INFO  server.RaftServerConfigKeys (ConfUtils.java:logGet(43)) - raft.server.storage.dir = [/workdir/hadoop-ozone/integration-test/target/test-dir/MiniOzoneClusterImpl-15323bb8-fab1-4b87-97a4-cbcc55a81608/datanode-1/data/ratis] (custom)
2019-11-05 11:09:44,992 [pool-27-thread-1] INFO  storage.RaftStorageDirectory (RaftStorageDirectory.java:analyzeStorage(246)) - The storage directory /workdir/hadoop-ozone/integration-test/target/test-dir/MiniOzoneClusterImpl-15323bb8-fab1-4b87-97a4-cbcc55a81608/datanode-0/data/ratis/fa0b3e65-e401-49af-bfb7-cb61fa14698e does not exist. Creating ...
2019-11-05 11:09:44,992 [pool-37-thread-1] INFO  server.RaftServerConfigKeys (ConfUtils.java:logGet(43)) - raft.server.log.corruption.policy = EXCEPTION (default)
2019-11-05 11:09:44,992 [pool-37-thread-1] INFO  storage.RaftStorageDirectory (RaftStorageDirectory.java:analyzeStorage(246)) - The storage directory /workdir/hadoop-ozone/integration-test/target/test-dir/MiniOzoneClusterImpl-15323bb8-fab1-4b87-97a4-cbcc55a81608/datanode-1/data/ratis/fa0b3e65-e401-49af-bfb7-cb61fa14698e does not exist. Creating ...
2019-11-05 11:09:45,006 [pool-59-thread-1] INFO  storage.RaftStorageDirectory (RaftStorageDirectory.java:tryLock(328)) - Lock on /workdir/hadoop-ozone/integration-test/target/test-dir/MiniOzoneClusterImpl-15323bb8-fab1-4b87-97a4-cbcc55a81608/datanode-2/data/ratis/fa0b3e65-e401-49af-bfb7-cb61fa14698e/in_use.lock acquired by nodename 17229@pr-hdds-1643-qwrct-1900426900
2019-11-05 11:09:45,006 [pool-27-thread-1] INFO  storage.RaftStorageDirectory (RaftStorageDirectory.java:tryLock(328)) - Lock on /workdir/hadoop-ozone/integration-test/target/test-dir/MiniOzoneClusterImpl-15323bb8-fab1-4b87-97a4-cbcc55a81608/datanode-0/data/ratis/fa0b3e65-e401-49af-bfb7-cb61fa14698e/in_use.lock acquired by nodename 17229@pr-hdds-1643-qwrct-1900426900
2019-11-05 11:09:45,006 [pool-37-thread-1] INFO  storage.RaftStorageDirectory (RaftStorageDirectory.java:tryLock(328)) - Lock on /workdir/hadoop-ozone/integration-test/target/test-dir/MiniOzoneClusterImpl-15323bb8-fab1-4b87-97a4-cbcc55a81608/datanode-1/data/ratis/fa0b3e65-e401-49af-bfb7-cb61fa14698e/in_use.lock acquired by nodename 17229@pr-hdds-1643-qwrct-1900426900
2019-11-05 11:09:45,012 [Thread-708] INFO  impl.FollowerState (FollowerState.java:run(108)) - b4fa652e-9609-43ae-a5da-dbaebd8b3d71@group-FD4A39CE61DA-FollowerState: change to CANDIDATE, lastRpcTime:198ms, electionTimeout:196ms
2019-11-05 11:09:45,013 [Thread-708] INFO  impl.RoleInfo (RoleInfo.java:shutdownFollowerState(121)) - b4fa652e-9609-43ae-a5da-dbaebd8b3d71: shutdown FollowerState
2019-11-05 11:09:45,013 [Thread-708] INFO  impl.RaftServerImpl (RaftServerImpl.java:setRole(184)) - b4fa652e-9609-43ae-a5da-dbaebd8b3d71@group-FD4A39CE61DA: changes role from  FOLLOWER to CANDIDATE at term 27 for changeToCandidate
2019-11-05 11:09:45,013 [Thread-708] INFO  impl.RoleInfo (RoleInfo.java:updateAndGet(143)) - b4fa652e-9609-43ae-a5da-dbaebd8b3d71: start LeaderElection
2019-11-05 11:09:45,044 [pool-27-thread-1] INFO  storage.RaftStorage (RaftStorage.java:format(84)) - Storage directory /workdir/hadoop-ozone/integration-test/target/test-dir/MiniOzoneClusterImpl-15323bb8-fab1-4b87-97a4-cbcc55a81608/datanode-0/data/ratis/fa0b3e65-e401-49af-bfb7-cb61fa14698e has been successfully formatted.
2019-11-05 11:09:45,045 [b4fa652e-9609-43ae-a5da-dbaebd8b3d71@group-FD4A39CE61DA-LeaderElection27] INFO  impl.LeaderElection (LeaderElection.java:askForVotes(178)) - b4fa652e-9609-43ae-a5da-dbaebd8b3d71@group-FD4A39CE61DA-LeaderElection27: begin an election at term 28 for 0: [217b40b1-6496-41ee-9e5f-1bb61aa45139:192.168.157.252:40951, 69837c10-b6a5-4691-9f82-b2bf7c109e66:192.168.157.252:40716, b4fa652e-9609-43ae-a5da-dbaebd8b3d71:192.168.157.252:36685], old=null
2019-11-05 11:09:45,044 [pool-37-thread-1] INFO  storage.RaftStorage (RaftStorage.java:format(84)) - Storage directory /workdir/hadoop-ozone/integration-test/target/test-dir/MiniOzoneClusterImpl-15323bb8-fab1-4b87-97a4-cbcc55a81608/datanode-1/data/ratis/fa0b3e65-e401-49af-bfb7-cb61fa14698e has been successfully formatted.
2019-11-05 11:09:45,045 [pool-27-thread-1] INFO  ratis.ContainerStateMachine (ContainerStateMachine.java:loadSnapshot(231)) - group-CB61FA14698E: The snapshot info is null. Setting the last applied indexto:(t:0, i:~)
2019-11-05 11:09:45,045 [pool-37-thread-1] INFO  ratis.ContainerStateMachine (ContainerStateMachine.java:loadSnapshot(231)) - group-CB61FA14698E: The snapshot info is null. Setting the last applied indexto:(t:0, i:~)
2019-11-05 11:09:45,044 [pool-59-thread-1] INFO  storage.RaftStorage (RaftStorage.java:format(84)) - Storage directory /workdir/hadoop-ozone/integration-test/target/test-dir/MiniOzoneClusterImpl-15323bb8-fab1-4b87-97a4-cbcc55a81608/datanode-2/data/ratis/fa0b3e65-e401-49af-bfb7-cb61fa14698e has been successfully formatted.
2019-11-05 11:09:45,045 [pool-37-thread-1] INFO  server.RaftServerConfigKeys (ConfUtils.java:logGet(43)) - raft.server.notification.no-leader.timeout = 1000s (custom)
2019-11-05 11:09:45,045 [pool-27-thread-1] INFO  server.RaftServerConfigKeys (ConfUtils.java:logGet(43)) - raft.server.notification.no-leader.timeout = 1000s (custom)
2019-11-05 11:09:45,046 [pool-27-thread-1] INFO  server.RaftServerConfigKeys (ConfUtils.java:logGet(43)) - raft.server.log.use.memory = false (default)
2019-11-05 11:09:45,046 [pool-27-thread-1] INFO  server.RaftServerConfigKeys (ConfUtils.java:logGet(43)) - raft.server.log.purge.gap = 1000000 (custom)
2019-11-05 11:09:45,046 [pool-27-thread-1] INFO  server.RaftServerConfigKeys (ConfUtils.java:logGet(43)) - raft.server.log.appender.buffer.byte-limit = 33554432 (custom)
2019-11-05 11:09:45,046 [pool-27-thread-1] INFO  server.RaftServerConfigKeys (ConfUtils.java:logGet(43)) - raft.server.log.segment.size.max = 1048576 (custom)
2019-11-05 11:09:45,046 [pool-27-thread-1] INFO  server.RaftServerConfigKeys (ConfUtils.java:logGet(43)) - raft.server.log.segment.cache.num.max = 2 (custom)
2019-11-05 11:09:45,045 [pool-37-thread-1] INFO  server.RaftServerConfigKeys (ConfUtils.java:logGet(43)) - raft.server.log.use.memory = false (default)
2019-11-05 11:09:45,045 [pool-59-thread-1] INFO  ratis.ContainerStateMachine (ContainerStateMachine.java:loadSnapshot(231)) - group-CB61FA14698E: The snapshot info is null. Setting the last applied indexto:(t:0, i:~)
2019-11-05 11:09:45,046 [pool-37-thread-1] INFO  server.RaftServerConfigKeys (ConfUtils.java:logGet(43)) - raft.server.log.purge.gap = 1000000 (custom)
2019-11-05 11:09:45,046 [pool-27-thread-1] INFO  segmented.SegmentedRaftLogWorker (SegmentedRaftLogWorker.java:<init>(173)) - new 217b40b1-6496-41ee-9e5f-1bb61aa45139@group-CB61FA14698E-SegmentedRaftLogWorker for RaftStorage:Storage Directory /workdir/hadoop-ozone/integration-test/target/test-dir/MiniOzoneClusterImpl-15323bb8-fab1-4b87-97a4-cbcc55a81608/datanode-0/data/ratis/fa0b3e65-e401-49af-bfb7-cb61fa14698e
2019-11-05 11:09:45,047 [pool-27-thread-1] INFO  server.RaftServerConfigKeys (ConfUtils.java:logGet(43)) - raft.server.log.queue.byte-limit = 2147483647 (custom)
2019-11-05 11:09:45,047 [pool-27-thread-1] INFO  server.RaftServerConfigKeys (ConfUtils.java:logGet(43)) - raft.server.log.queue.element-limit = 1024 (custom)
2019-11-05 11:09:45,047 [pool-27-thread-1] INFO  server.RaftServerConfigKeys (ConfUtils.java:logGet(43)) - raft.server.log.segment.size.max = 1048576 (custom)
2019-11-05 11:09:45,047 [pool-27-thread-1] INFO  server.RaftServerConfigKeys (ConfUtils.java:logGet(43)) - raft.server.log.preallocated.size = 16384 (custom)
2019-11-05 11:09:45,047 [pool-37-thread-1] INFO  server.RaftServerConfigKeys (ConfUtils.java:logGet(43)) - raft.server.log.appender.buffer.byte-limit = 33554432 (custom)
2019-11-05 11:09:45,047 [pool-59-thread-1] INFO  server.RaftServerConfigKeys (ConfUtils.java:logGet(43)) - raft.server.notification.no-leader.timeout = 1000s (custom)
2019-11-05 11:09:45,047 [pool-37-thread-1] INFO  server.RaftServerConfigKeys (ConfUtils.java:logGet(43)) - raft.server.log.segment.size.max = 1048576 (custom)
2019-11-05 11:09:45,047 [grpc-default-executor-3] INFO  impl.RaftServerImpl (RaftServerImpl.java:setRole(184)) - 69837c10-b6a5-4691-9f82-b2bf7c109e66@group-FD4A39CE61DA: changes role from  FOLLOWER to FOLLOWER at term 28 for recognizeCandidate:b4fa652e-9609-43ae-a5da-dbaebd8b3d71
2019-11-05 11:09:45,048 [grpc-default-executor-3] INFO  impl.RoleInfo (RoleInfo.java:shutdownFollowerState(121)) - 69837c10-b6a5-4691-9f82-b2bf7c109e66: shutdown FollowerState
2019-11-05 11:09:45,047 [grpc-default-executor-4] INFO  impl.RaftServerImpl (RaftServerImpl.java:setRole(184)) - 217b40b1-6496-41ee-9e5f-1bb61aa45139@group-FD4A39CE61DA: changes role from  FOLLOWER to FOLLOWER at term 28 for recognizeCandidate:b4fa652e-9609-43ae-a5da-dbaebd8b3d71
2019-11-05 11:09:45,047 [pool-27-thread-1] INFO  server.RaftServerConfigKeys (ConfUtils.java:logGet(43)) - raft.server.log.write.buffer.size = 33554432 (custom)
2019-11-05 11:09:45,048 [grpc-default-executor-4] INFO  impl.RoleInfo (RoleInfo.java:shutdownFollowerState(121)) - 217b40b1-6496-41ee-9e5f-1bb61aa45139: shutdown FollowerState
2019-11-05 11:09:45,048 [Thread-706] INFO  impl.FollowerState (FollowerState.java:run(117)) - 69837c10-b6a5-4691-9f82-b2bf7c109e66@group-FD4A39CE61DA-FollowerState was interrupted: java.lang.InterruptedException: sleep interrupted
2019-11-05 11:09:45,048 [grpc-default-executor-4] INFO  impl.RoleInfo (RoleInfo.java:updateAndGet(143)) - 217b40b1-6496-41ee-9e5f-1bb61aa45139: start FollowerState
2019-11-05 11:09:45,048 [grpc-default-executor-3] INFO  impl.RoleInfo (RoleInfo.java:updateAndGet(143)) - 69837c10-b6a5-4691-9f82-b2bf7c109e66: start FollowerState
2019-11-05 11:09:45,048 [pool-37-thread-1] INFO  server.RaftServerConfigKeys (ConfUtils.java:logGet(43)) - raft.server.log.segment.cache.num.max = 2 (custom)
2019-11-05 11:09:45,048 [pool-59-thread-1] INFO  server.RaftServerConfigKeys (ConfUtils.java:logGet(43)) - raft.server.log.use.memory = false (default)
2019-11-05 11:09:45,049 [pool-37-thread-1] INFO  segmented.SegmentedRaftLogWorker (SegmentedRaftLogWorker.java:<init>(173)) - new 69837c10-b6a5-4691-9f82-b2bf7c109e66@group-CB61FA14698E-SegmentedRaftLogWorker for RaftStorage:Storage Directory /workdir/hadoop-ozone/integration-test/target/test-dir/MiniOzoneClusterImpl-15323bb8-fab1-4b87-97a4-cbcc55a81608/datanode-1/data/ratis/fa0b3e65-e401-49af-bfb7-cb61fa14698e
2019-11-05 11:09:45,048 [Thread-707] INFO  impl.FollowerState (FollowerState.java:run(117)) - 217b40b1-6496-41ee-9e5f-1bb61aa45139@group-FD4A39CE61DA-FollowerState was interrupted: java.lang.InterruptedException: sleep interrupted
2019-11-05 11:09:45,048 [pool-27-thread-1] INFO  server.RaftServerConfigKeys (ConfUtils.java:logGet(43)) - raft.server.log.force.sync.num = 128 (default)
2019-11-05 11:09:45,049 [pool-37-thread-1] INFO  server.RaftServerConfigKeys (ConfUtils.java:logGet(43)) - raft.server.log.queue.byte-limit = 2147483647 (custom)
2019-11-05 11:09:45,049 [pool-59-thread-1] INFO  server.RaftServerConfigKeys (ConfUtils.java:logGet(43)) - raft.server.log.purge.gap = 1000000 (custom)
2019-11-05 11:09:45,049 [pool-37-thread-1] INFO  server.RaftServerConfigKeys (ConfUtils.java:logGet(43)) - raft.server.log.queue.element-limit = 1024 (custom)
2019-11-05 11:09:45,049 [pool-27-thread-1] INFO  server.RaftServerConfigKeys (ConfUtils.java:logGet(43)) - raft.server.log.statemachine.data.sync = true (default)
2019-11-05 11:09:45,050 [pool-37-thread-1] INFO  server.RaftServerConfigKeys (ConfUtils.java:logGet(43)) - raft.server.log.segment.size.max = 1048576 (custom)
2019-11-05 11:09:45,050 [pool-59-thread-1] INFO  server.RaftServerConfigKeys (ConfUtils.java:logGet(43)) - raft.server.log.appender.buffer.byte-limit = 33554432 (custom)
2019-11-05 11:09:45,050 [pool-37-thread-1] INFO  server.RaftServerConfigKeys (ConfUtils.java:logGet(43)) - raft.server.log.preallocated.size = 16384 (custom)
2019-11-05 11:09:45,050 [pool-27-thread-1] INFO  server.RaftServerConfigKeys (ConfUtils.java:logGet(43)) - raft.server.log.statemachine.data.sync.timeout = 10s (default)
2019-11-05 11:09:45,050 [pool-37-thread-1] INFO  server.RaftServerConfigKeys (ConfUtils.java:logGet(43)) - raft.server.log.write.buffer.size = 33554432 (custom)
2019-11-05 11:09:45,050 [pool-59-thread-1] INFO  server.RaftServerConfigKeys (ConfUtils.java:logGet(43)) - raft.server.log.segment.size.max = 1048576 (custom)
2019-11-05 11:09:45,050 [pool-37-thread-1] INFO  server.RaftServerConfigKeys (ConfUtils.java:logGet(43)) - raft.server.log.force.sync.num = 128 (default)
2019-11-05 11:09:45,050 [pool-27-thread-1] INFO  server.RaftServerConfigKeys (ConfUtils.java:logGet(43)) - raft.server.log.statemachine.data.sync.timeout.retry = -1 (default)
2019-11-05 11:09:45,050 [pool-37-thread-1] INFO  server.RaftServerConfigKeys (ConfUtils.java:logGet(43)) - raft.server.log.statemachine.data.sync = true (default)
2019-11-05 11:09:45,050 [pool-59-thread-1] INFO  server.RaftServerConfigKeys (ConfUtils.java:logGet(43)) - raft.server.log.segment.cache.num.max = 2 (custom)
2019-11-05 11:09:45,051 [pool-37-thread-1] INFO  server.RaftServerConfigKeys (ConfUtils.java:logGet(43)) - raft.server.log.statemachine.data.sync.timeout = 10s (default)
2019-11-05 11:09:45,051 [pool-27-thread-1] INFO  server.RaftServerConfigKeys (ConfUtils.java:logGet(43)) - raft.server.log.statemachine.data.caching.enabled = true (custom)
2019-11-05 11:09:45,051 [pool-37-thread-1] INFO  server.RaftServerConfigKeys (ConfUtils.java:logGet(43)) - raft.server.log.statemachine.data.sync.timeout.retry = -1 (default)
2019-11-05 11:09:45,051 [pool-59-thread-1] INFO  segmented.SegmentedRaftLogWorker (SegmentedRaftLogWorker.java:<init>(173)) - new b4fa652e-9609-43ae-a5da-dbaebd8b3d71@group-CB61FA14698E-SegmentedRaftLogWorker for RaftStorage:Storage Directory /workdir/hadoop-ozone/integration-test/target/test-dir/MiniOzoneClusterImpl-15323bb8-fab1-4b87-97a4-cbcc55a81608/datanode-2/data/ratis/fa0b3e65-e401-49af-bfb7-cb61fa14698e
2019-11-05 11:09:45,051 [pool-37-thread-1] INFO  server.RaftServerConfigKeys (ConfUtils.java:logGet(43)) - raft.server.log.statemachine.data.caching.enabled = true (custom)
2019-11-05 11:09:45,051 [pool-27-thread-1] INFO  segmented.SegmentedRaftLogWorker (SegmentedRaftLogWorker.java:lambda$new$0(128)) - 217b40b1-6496-41ee-9e5f-1bb61aa45139@group-CB61FA14698E-SegmentedRaftLogWorker: flushIndex: setUnconditionally 0 -> -1
2019-11-05 11:09:45,051 [pool-59-thread-1] INFO  server.RaftServerConfigKeys (ConfUtils.java:logGet(43)) - raft.server.log.queue.byte-limit = 2147483647 (custom)
2019-11-05 11:09:45,051 [pool-37-thread-1] INFO  segmented.SegmentedRaftLogWorker (SegmentedRaftLogWorker.java:lambda$new$0(128)) - 69837c10-b6a5-4691-9f82-b2bf7c109e66@group-CB61FA14698E-SegmentedRaftLogWorker: flushIndex: setUnconditionally 0 -> -1
2019-11-05 11:09:45,051 [pool-27-thread-1] INFO  server.RaftServerConfigKeys (ConfUtils.java:logGet(43)) - raft.server.snapshot.auto.trigger.enabled = true (custom)
2019-11-05 11:09:45,051 [pool-59-thread-1] INFO  server.RaftServerConfigKeys (ConfUtils.java:logGet(43)) - raft.server.log.queue.element-limit = 1024 (custom)
2019-11-05 11:09:45,052 [pool-27-thread-1] INFO  server.RaftServerConfigKeys (ConfUtils.java:logGet(43)) - raft.server.snapshot.auto.trigger.threshold = 10000 (custom)
2019-11-05 11:09:45,052 [pool-37-thread-1] INFO  server.RaftServerConfigKeys (ConfUtils.java:logGet(43)) - raft.server.snapshot.auto.trigger.enabled = true (custom)
2019-11-05 11:09:45,052 [pool-27-thread-1] INFO  server.RaftServerConfigKeys (ConfUtils.java:logGet(43)) - raft.server.snapshot.retention.file.num = 5 (custom)
2019-11-05 11:09:45,052 [pool-59-thread-1] INFO  server.RaftServerConfigKeys (ConfUtils.java:logGet(43)) - raft.server.log.segment.size.max = 1048576 (custom)
2019-11-05 11:09:45,052 [pool-37-thread-1] INFO  server.RaftServerConfigKeys (ConfUtils.java:logGet(43)) - raft.server.snapshot.auto.trigger.threshold = 10000 (custom)
2019-11-05 11:09:45,052 [pool-27-thread-1] INFO  server.RaftServerConfigKeys (ConfUtils.java:logGet(43)) - raft.server.retrycache.expirytime = 600000ms (custom)
2019-11-05 11:09:45,052 [pool-59-thread-1] INFO  server.RaftServerConfigKeys (ConfUtils.java:logGet(43)) - raft.server.log.preallocated.size = 16384 (custom)
2019-11-05 11:09:45,052 [pool-37-thread-1] INFO  server.RaftServerConfigKeys (ConfUtils.java:logGet(43)) - raft.server.snapshot.retention.file.num = 5 (custom)
2019-11-05 11:09:45,052 [pool-59-thread-1] INFO  server.RaftServerConfigKeys (ConfUtils.java:logGet(43)) - raft.server.log.write.buffer.size = 33554432 (custom)
2019-11-05 11:09:45,053 [pool-37-thread-1] INFO  server.RaftServerConfigKeys (ConfUtils.java:logGet(43)) - raft.server.retrycache.expirytime = 600000ms (custom)
2019-11-05 11:09:45,053 [pool-59-thread-1] INFO  server.RaftServerConfigKeys (ConfUtils.java:logGet(43)) - raft.server.log.force.sync.num = 128 (default)
2019-11-05 11:09:45,053 [pool-59-thread-1] INFO  server.RaftServerConfigKeys (ConfUtils.java:logGet(43)) - raft.server.log.statemachine.data.sync = true (default)
2019-11-05 11:09:45,053 [pool-59-thread-1] INFO  server.RaftServerConfigKeys (ConfUtils.java:logGet(43)) - raft.server.log.statemachine.data.sync.timeout = 10s (default)
2019-11-05 11:09:45,053 [pool-59-thread-1] INFO  server.RaftServerConfigKeys (ConfUtils.java:logGet(43)) - raft.server.log.statemachine.data.sync.timeout.retry = -1 (default)
2019-11-05 11:09:45,053 [pool-59-thread-1] INFO  server.RaftServerConfigKeys (ConfUtils.java:logGet(43)) - raft.server.log.statemachine.data.caching.enabled = true (custom)
2019-11-05 11:09:45,053 [pool-59-thread-1] INFO  segmented.SegmentedRaftLogWorker (SegmentedRaftLogWorker.java:lambda$new$0(128)) - b4fa652e-9609-43ae-a5da-dbaebd8b3d71@group-CB61FA14698E-SegmentedRaftLogWorker: flushIndex: setUnconditionally 0 -> -1
2019-11-05 11:09:45,054 [pool-59-thread-1] INFO  server.RaftServerConfigKeys (ConfUtils.java:logGet(43)) - raft.server.snapshot.auto.trigger.enabled = true (custom)
2019-11-05 11:09:45,054 [pool-59-thread-1] INFO  server.RaftServerConfigKeys (ConfUtils.java:logGet(43)) - raft.server.snapshot.auto.trigger.threshold = 10000 (custom)
2019-11-05 11:09:45,054 [pool-59-thread-1] INFO  server.RaftServerConfigKeys (ConfUtils.java:logGet(43)) - raft.server.snapshot.retention.file.num = 5 (custom)
2019-11-05 11:09:45,054 [pool-59-thread-1] INFO  server.RaftServerConfigKeys (ConfUtils.java:logGet(43)) - raft.server.retrycache.expirytime = 600000ms (custom)
2019-11-05 11:09:45,057 [pool-27-thread-1] INFO  impl.RaftServerImpl (RaftServerImpl.java:start(195)) - 217b40b1-6496-41ee-9e5f-1bb61aa45139@group-CB61FA14698E: start as a follower, conf=-1: [217b40b1-6496-41ee-9e5f-1bb61aa45139:192.168.157.252:40951, 69837c10-b6a5-4691-9f82-b2bf7c109e66:192.168.157.252:40716, b4fa652e-9609-43ae-a5da-dbaebd8b3d71:192.168.157.252:36685], old=null
2019-11-05 11:09:45,057 [pool-27-thread-1] INFO  impl.RaftServerImpl (RaftServerImpl.java:setRole(184)) - 217b40b1-6496-41ee-9e5f-1bb61aa45139@group-CB61FA14698E: changes role from      null to FOLLOWER at term 0 for startAsFollower
2019-11-05 11:09:45,058 [pool-37-thread-1] INFO  impl.RaftServerImpl (RaftServerImpl.java:start(195)) - 69837c10-b6a5-4691-9f82-b2bf7c109e66@group-CB61FA14698E: start as a follower, conf=-1: [217b40b1-6496-41ee-9e5f-1bb61aa45139:192.168.157.252:40951, 69837c10-b6a5-4691-9f82-b2bf7c109e66:192.168.157.252:40716, b4fa652e-9609-43ae-a5da-dbaebd8b3d71:192.168.157.252:36685], old=null
2019-11-05 11:09:45,058 [pool-27-thread-1] INFO  impl.RoleInfo (RoleInfo.java:updateAndGet(143)) - 217b40b1-6496-41ee-9e5f-1bb61aa45139: start FollowerState
2019-11-05 11:09:45,058 [pool-59-thread-1] INFO  impl.RaftServerImpl (RaftServerImpl.java:start(195)) - b4fa652e-9609-43ae-a5da-dbaebd8b3d71@group-CB61FA14698E: start as a follower, conf=-1: [217b40b1-6496-41ee-9e5f-1bb61aa45139:192.168.157.252:40951, 69837c10-b6a5-4691-9f82-b2bf7c109e66:192.168.157.252:40716, b4fa652e-9609-43ae-a5da-dbaebd8b3d71:192.168.157.252:36685], old=null
2019-11-05 11:09:45,058 [pool-37-thread-1] INFO  impl.RaftServerImpl (RaftServerImpl.java:setRole(184)) - 69837c10-b6a5-4691-9f82-b2bf7c109e66@group-CB61FA14698E: changes role from      null to FOLLOWER at term 0 for startAsFollower
2019-11-05 11:09:45,058 [pool-59-thread-1] INFO  impl.RaftServerImpl (RaftServerImpl.java:setRole(184)) - b4fa652e-9609-43ae-a5da-dbaebd8b3d71@group-CB61FA14698E: changes role from      null to FOLLOWER at term 0 for startAsFollower
2019-11-05 11:09:45,058 [pool-37-thread-1] INFO  impl.RoleInfo (RoleInfo.java:updateAndGet(143)) - 69837c10-b6a5-4691-9f82-b2bf7c109e66: start FollowerState
2019-11-05 11:09:45,058 [pool-27-thread-1] INFO  util.JmxRegister (JmxRegister.java:tryRegister(44)) - Successfully registered JMX Bean with object name Ratis:service=RaftServer,group=group-CB61FA14698E,id=217b40b1-6496-41ee-9e5f-1bb61aa45139
2019-11-05 11:09:45,058 [pool-59-thread-1] INFO  impl.RoleInfo (RoleInfo.java:updateAndGet(143)) - b4fa652e-9609-43ae-a5da-dbaebd8b3d71: start FollowerState
2019-11-05 11:09:45,058 [pool-37-thread-1] INFO  util.JmxRegister (JmxRegister.java:tryRegister(44)) - Successfully registered JMX Bean with object name Ratis:service=RaftServer,group=group-CB61FA14698E,id=69837c10-b6a5-4691-9f82-b2bf7c109e66
2019-11-05 11:09:45,058 [pool-59-thread-1] INFO  util.JmxRegister (JmxRegister.java:tryRegister(44)) - Successfully registered JMX Bean with object name Ratis:service=RaftServer,group=group-CB61FA14698E,id=b4fa652e-9609-43ae-a5da-dbaebd8b3d71
2019-11-05 11:09:45,063 [b4fa652e-9609-43ae-a5da-dbaebd8b3d71@group-FD4A39CE61DA-LeaderElection27] INFO  impl.LeaderElection (LeaderElection.java:logAndReturn(56)) - b4fa652e-9609-43ae-a5da-dbaebd8b3d71@group-FD4A39CE61DA-LeaderElection27: Election REJECTED; received 2 response(s) [b4fa652e-9609-43ae-a5da-dbaebd8b3d71<-217b40b1-6496-41ee-9e5f-1bb61aa45139#0:FAIL-t28, b4fa652e-9609-43ae-a5da-dbaebd8b3d71<-69837c10-b6a5-4691-9f82-b2bf7c109e66#0:FAIL-t28] and 0 exception(s); b4fa652e-9609-43ae-a5da-dbaebd8b3d71@group-FD4A39CE61DA:t28, leader=null, voted=b4fa652e-9609-43ae-a5da-dbaebd8b3d71, raftlog=b4fa652e-9609-43ae-a5da-dbaebd8b3d71@group-FD4A39CE61DA-SegmentedRaftLog:OPENED:c3,f4,i4, conf=0: [217b40b1-6496-41ee-9e5f-1bb61aa45139:192.168.157.252:40951, 69837c10-b6a5-4691-9f82-b2bf7c109e66:192.168.157.252:40716, b4fa652e-9609-43ae-a5da-dbaebd8b3d71:192.168.157.252:36685], old=null
2019-11-05 11:09:45,063 [b4fa652e-9609-43ae-a5da-dbaebd8b3d71@group-FD4A39CE61DA-LeaderElection27] INFO  impl.RaftServerImpl (RaftServerImpl.java:setRole(184)) - b4fa652e-9609-43ae-a5da-dbaebd8b3d71@group-FD4A39CE61DA: changes role from CANDIDATE to FOLLOWER at term 28 for DISCOVERED_A_NEW_TERM
2019-11-05 11:09:45,063 [b4fa652e-9609-43ae-a5da-dbaebd8b3d71@group-FD4A39CE61DA-LeaderElection27] INFO  impl.RoleInfo (RoleInfo.java:shutdownLeaderElection(134)) - b4fa652e-9609-43ae-a5da-dbaebd8b3d71: shutdown LeaderElection
2019-11-05 11:09:45,063 [b4fa652e-9609-43ae-a5da-dbaebd8b3d71@group-FD4A39CE61DA-LeaderElection27] INFO  impl.RoleInfo (RoleInfo.java:updateAndGet(143)) - b4fa652e-9609-43ae-a5da-dbaebd8b3d71: start FollowerState
2019-11-05 11:09:45,070 [RatisPipelineUtilsThread] INFO  pipeline.PipelineStateManager (PipelineStateManager.java:addPipeline(56)) - Created pipeline Pipeline[ Id: fa0b3e65-e401-49af-bfb7-cb61fa14698e, Nodes: 217b40b1-6496-41ee-9e5f-1bb61aa45139{ip: 192.168.157.252, host: pr-hdds-1643-qwrct-1900426900, networkLocation: /default-rack, certSerialId: null}69837c10-b6a5-4691-9f82-b2bf7c109e66{ip: 192.168.157.252, host: pr-hdds-1643-qwrct-1900426900, networkLocation: /default-rack, certSerialId: null}b4fa652e-9609-43ae-a5da-dbaebd8b3d71{ip: 192.168.157.252, host: pr-hdds-1643-qwrct-1900426900, networkLocation: /default-rack, certSerialId: null}, Type:RATIS, Factor:THREE, State:OPEN]
2019-11-05 11:09:45,074 [Thread-724] INFO  impl.FollowerState (FollowerState.java:run(108)) - b4fa652e-9609-43ae-a5da-dbaebd8b3d71@group-CB61FA14698E-FollowerState: change to CANDIDATE, lastRpcTime:15ms, electionTimeout:15ms
2019-11-05 11:09:45,074 [Thread-724] INFO  impl.RoleInfo (RoleInfo.java:shutdownFollowerState(121)) - b4fa652e-9609-43ae-a5da-dbaebd8b3d71: shutdown FollowerState
2019-11-05 11:09:45,074 [Thread-724] INFO  impl.RaftServerImpl (RaftServerImpl.java:setRole(184)) - b4fa652e-9609-43ae-a5da-dbaebd8b3d71@group-CB61FA14698E: changes role from  FOLLOWER to CANDIDATE at term 0 for changeToCandidate
2019-11-05 11:09:45,074 [Thread-724] INFO  impl.RoleInfo (RoleInfo.java:updateAndGet(143)) - b4fa652e-9609-43ae-a5da-dbaebd8b3d71: start LeaderElection
2019-11-05 11:09:45,087 [b4fa652e-9609-43ae-a5da-dbaebd8b3d71@group-CB61FA14698E-LeaderElection28] INFO  impl.LeaderElection (LeaderElection.java:askForVotes(178)) - b4fa652e-9609-43ae-a5da-dbaebd8b3d71@group-CB61FA14698E-LeaderElection28: begin an election at term 1 for -1: [217b40b1-6496-41ee-9e5f-1bb61aa45139:192.168.157.252:40951, 69837c10-b6a5-4691-9f82-b2bf7c109e66:192.168.157.252:40716, b4fa652e-9609-43ae-a5da-dbaebd8b3d71:192.168.157.252:36685], old=null
2019-11-05 11:09:45,092 [grpc-default-executor-3] INFO  impl.RaftServerImpl (RaftServerImpl.java:setRole(184)) - 69837c10-b6a5-4691-9f82-b2bf7c109e66@group-CB61FA14698E: changes role from  FOLLOWER to FOLLOWER at term 1 for recognizeCandidate:b4fa652e-9609-43ae-a5da-dbaebd8b3d71
2019-11-05 11:09:45,093 [grpc-default-executor-4] INFO  impl.RaftServerImpl (RaftServerImpl.java:setRole(184)) - 217b40b1-6496-41ee-9e5f-1bb61aa45139@group-CB61FA14698E: changes role from  FOLLOWER to FOLLOWER at term 1 for recognizeCandidate:b4fa652e-9609-43ae-a5da-dbaebd8b3d71
2019-11-05 11:09:45,093 [grpc-default-executor-3] INFO  impl.RoleInfo (RoleInfo.java:shutdownFollowerState(121)) - 69837c10-b6a5-4691-9f82-b2bf7c109e66: shutdown FollowerState
2019-11-05 11:09:45,093 [grpc-default-executor-4] INFO  impl.RoleInfo (RoleInfo.java:shutdownFollowerState(121)) - 217b40b1-6496-41ee-9e5f-1bb61aa45139: shutdown FollowerState
2019-11-05 11:09:45,093 [grpc-default-executor-3] INFO  impl.RoleInfo (RoleInfo.java:updateAndGet(143)) - 69837c10-b6a5-4691-9f82-b2bf7c109e66: start FollowerState
2019-11-05 11:09:45,093 [grpc-default-executor-4] INFO  impl.RoleInfo (RoleInfo.java:updateAndGet(143)) - 217b40b1-6496-41ee-9e5f-1bb61aa45139: start FollowerState
2019-11-05 11:09:45,093 [Thread-722] INFO  impl.FollowerState (FollowerState.java:run(117)) - 217b40b1-6496-41ee-9e5f-1bb61aa45139@group-CB61FA14698E-FollowerState was interrupted: java.lang.InterruptedException: sleep interrupted
2019-11-05 11:09:45,093 [Thread-723] INFO  impl.FollowerState (FollowerState.java:run(117)) - 69837c10-b6a5-4691-9f82-b2bf7c109e66@group-CB61FA14698E-FollowerState was interrupted: java.lang.InterruptedException: sleep interrupted
2019-11-05 11:09:45,104 [b4fa652e-9609-43ae-a5da-dbaebd8b3d71@group-CB61FA14698E-LeaderElection28] INFO  impl.LeaderElection (LeaderElection.java:logAndReturn(56)) - b4fa652e-9609-43ae-a5da-dbaebd8b3d71@group-CB61FA14698E-LeaderElection28: Election PASSED; received 1 response(s) [b4fa652e-9609-43ae-a5da-dbaebd8b3d71<-217b40b1-6496-41ee-9e5f-1bb61aa45139#0:OK-t1] and 0 exception(s); b4fa652e-9609-43ae-a5da-dbaebd8b3d71@group-CB61FA14698E:t1, leader=null, voted=b4fa652e-9609-43ae-a5da-dbaebd8b3d71, raftlog=b4fa652e-9609-43ae-a5da-dbaebd8b3d71@group-CB61FA14698E-SegmentedRaftLog:OPENED:c-1,f-1,i0, conf=-1: [217b40b1-6496-41ee-9e5f-1bb61aa45139:192.168.157.252:40951, 69837c10-b6a5-4691-9f82-b2bf7c109e66:192.168.157.252:40716, b4fa652e-9609-43ae-a5da-dbaebd8b3d71:192.168.157.252:36685], old=null
2019-11-05 11:09:45,104 [b4fa652e-9609-43ae-a5da-dbaebd8b3d71@group-CB61FA14698E-LeaderElection28] INFO  impl.RoleInfo (RoleInfo.java:shutdownLeaderElection(134)) - b4fa652e-9609-43ae-a5da-dbaebd8b3d71: shutdown LeaderElection
2019-11-05 11:09:45,104 [b4fa652e-9609-43ae-a5da-dbaebd8b3d71@group-CB61FA14698E-LeaderElection28] INFO  impl.RaftServerImpl (RaftServerImpl.java:setRole(184)) - b4fa652e-9609-43ae-a5da-dbaebd8b3d71@group-CB61FA14698E: changes role from CANDIDATE to LEADER at term 1 for changeToLeader
2019-11-05 11:09:45,104 [b4fa652e-9609-43ae-a5da-dbaebd8b3d71@group-CB61FA14698E-LeaderElection28] INFO  impl.RaftServerImpl (ServerState.java:setLeader(256)) - b4fa652e-9609-43ae-a5da-dbaebd8b3d71@group-CB61FA14698E: change Leader from null to b4fa652e-9609-43ae-a5da-dbaebd8b3d71 at term 1 for becomeLeader, leader elected after 57ms
2019-11-05 11:09:45,104 [b4fa652e-9609-43ae-a5da-dbaebd8b3d71@group-CB61FA14698E-LeaderElection28] INFO  server.RaftServerConfigKeys (ConfUtils.java:logGet(43)) - raft.server.staging.catchup.gap = 1000 (default)
2019-11-05 11:09:45,104 [b4fa652e-9609-43ae-a5da-dbaebd8b3d71@group-CB61FA14698E-LeaderElection28] INFO  server.RaftServerConfigKeys (ConfUtils.java:logGet(43)) - raft.server.rpc.sleep.time = 25ms (default)
2019-11-05 11:09:45,105 [b4fa652e-9609-43ae-a5da-dbaebd8b3d71@group-CB61FA14698E-LeaderElection28] INFO  server.RaftServerConfigKeys (ConfUtils.java:logGet(43)) - raft.server.write.element-limit = 4096 (default)
2019-11-05 11:09:45,105 [b4fa652e-9609-43ae-a5da-dbaebd8b3d71@group-CB61FA14698E-LeaderElection28] INFO  server.RaftServerConfigKeys (ConfUtils.java:logGet(43)) - raft.server.watch.timeout = 10s (default)
2019-11-05 11:09:45,105 [b4fa652e-9609-43ae-a5da-dbaebd8b3d71@group-CB61FA14698E-LeaderElection28] INFO  server.RaftServerConfigKeys (ConfUtils.java:logGet(43)) - raft.server.watch.timeout.denomination = 1s (default)
2019-11-05 11:09:45,105 [b4fa652e-9609-43ae-a5da-dbaebd8b3d71@group-CB61FA14698E-LeaderElection28] INFO  server.RaftServerConfigKeys (ConfUtils.java:logGet(43)) - raft.server.watch.element-limit = 65536 (default)
2019-11-05 11:09:45,108 [b4fa652e-9609-43ae-a5da-dbaebd8b3d71@group-CB61FA14698E-LeaderElection28] INFO  server.RaftServerConfigKeys (ConfUtils.java:logGet(43)) - raft.server.log.appender.snapshot.chunk.size.max = 16MB (=16777216) (default)
2019-11-05 11:09:45,108 [b4fa652e-9609-43ae-a5da-dbaebd8b3d71@group-CB61FA14698E-LeaderElection28] INFO  server.RaftServerConfigKeys (ConfUtils.java:logGet(43)) - raft.server.log.appender.buffer.byte-limit = 33554432 (custom)
2019-11-05 11:09:45,108 [b4fa652e-9609-43ae-a5da-dbaebd8b3d71@group-CB61FA14698E-LeaderElection28] INFO  server.RaftServerConfigKeys (ConfUtils.java:logGet(43)) - raft.server.log.appender.buffer.element-limit = 1 (custom)
2019-11-05 11:09:45,109 [b4fa652e-9609-43ae-a5da-dbaebd8b3d71@group-CB61FA14698E-LeaderElection28] INFO  grpc.GrpcConfigKeys$Server (ConfUtils.java:logGet(43)) - raft.grpc.server.leader.outstanding.appends.max = 128 (default)
2019-11-05 11:09:45,109 [b4fa652e-9609-43ae-a5da-dbaebd8b3d71@group-CB61FA14698E-LeaderElection28] INFO  server.RaftServerConfigKeys (ConfUtils.java:logGet(43)) - raft.server.rpc.request.timeout = 3000ms (default)
2019-11-05 11:09:45,109 [b4fa652e-9609-43ae-a5da-dbaebd8b3d71@group-CB61FA14698E-LeaderElection28] INFO  server.RaftServerConfigKeys (ConfUtils.java:logGet(43)) - raft.server.log.appender.install.snapshot.enabled = false (custom)
2019-11-05 11:09:45,112 [b4fa652e-9609-43ae-a5da-dbaebd8b3d71@group-CB61FA14698E-LeaderElection28] INFO  server.RaftServerConfigKeys (ConfUtils.java:logGet(43)) - raft.server.log.appender.snapshot.chunk.size.max = 16MB (=16777216) (default)
2019-11-05 11:09:45,112 [b4fa652e-9609-43ae-a5da-dbaebd8b3d71@group-CB61FA14698E-LeaderElection28] INFO  server.RaftServerConfigKeys (ConfUtils.java:logGet(43)) - raft.server.log.appender.buffer.byte-limit = 33554432 (custom)
2019-11-05 11:09:45,112 [b4fa652e-9609-43ae-a5da-dbaebd8b3d71@group-CB61FA14698E-LeaderElection28] INFO  server.RaftServerConfigKeys (ConfUtils.java:logGet(43)) - raft.server.log.appender.buffer.element-limit = 1 (custom)
2019-11-05 11:09:45,113 [b4fa652e-9609-43ae-a5da-dbaebd8b3d71@group-CB61FA14698E-LeaderElection28] INFO  grpc.GrpcConfigKeys$Server (ConfUtils.java:logGet(43)) - raft.grpc.server.leader.outstanding.appends.max = 128 (default)
2019-11-05 11:09:45,113 [b4fa652e-9609-43ae-a5da-dbaebd8b3d71@group-CB61FA14698E-LeaderElection28] INFO  server.RaftServerConfigKeys (ConfUtils.java:logGet(43)) - raft.server.rpc.request.timeout = 3000ms (default)
2019-11-05 11:09:45,113 [b4fa652e-9609-43ae-a5da-dbaebd8b3d71@group-CB61FA14698E-LeaderElection28] INFO  server.RaftServerConfigKeys (ConfUtils.java:logGet(43)) - raft.server.log.appender.install.snapshot.enabled = false (custom)
2019-11-05 11:09:45,116 [b4fa652e-9609-43ae-a5da-dbaebd8b3d71@group-CB61FA14698E-LeaderElection28] INFO  impl.RoleInfo (RoleInfo.java:updateAndGet(143)) - b4fa652e-9609-43ae-a5da-dbaebd8b3d71: start LeaderState
2019-11-05 11:09:45,117 [b4fa652e-9609-43ae-a5da-dbaebd8b3d71@group-CB61FA14698E-LeaderElection28] INFO  segmented.SegmentedRaftLogWorker (SegmentedRaftLogWorker.java:startLogSegment(385)) - b4fa652e-9609-43ae-a5da-dbaebd8b3d71@group-CB61FA14698E-SegmentedRaftLogWorker: Starting segment from index:0
2019-11-05 11:09:45,118 [EventQueue-PendingDeleteStatusForPendingDeleteHandler] INFO  block.SCMBlockDeletingService (SCMBlockDeletingService.java:handlePendingDeletes(115)) - Block deletion txnID mismatch in datanode b4fa652e-9609-43ae-a5da-dbaebd8b3d71 for containerID 1. Datanode delete txnID: 0, SCM txnID: 1
2019-11-05 11:09:45,144 [b4fa652e-9609-43ae-a5da-dbaebd8b3d71@group-CB61FA14698E-LeaderElection28] INFO  impl.RaftServerImpl (ServerState.java:setRaftConf(357)) - b4fa652e-9609-43ae-a5da-dbaebd8b3d71@group-CB61FA14698E: set configuration 0: [217b40b1-6496-41ee-9e5f-1bb61aa45139:192.168.157.252:40951, 69837c10-b6a5-4691-9f82-b2bf7c109e66:192.168.157.252:40716, b4fa652e-9609-43ae-a5da-dbaebd8b3d71:192.168.157.252:36685], old=null at 0
2019-11-05 11:09:45,146 [grpc-default-executor-3] INFO  impl.RaftServerImpl (ServerState.java:setLeader(256)) - 69837c10-b6a5-4691-9f82-b2bf7c109e66@group-CB61FA14698E: change Leader from null to b4fa652e-9609-43ae-a5da-dbaebd8b3d71 at term 1 for appendEntries, leader elected after 100ms
2019-11-05 11:09:45,148 [grpc-default-executor-3] INFO  impl.RaftServerImpl (ServerState.java:setLeader(256)) - 217b40b1-6496-41ee-9e5f-1bb61aa45139@group-CB61FA14698E: change Leader from null to b4fa652e-9609-43ae-a5da-dbaebd8b3d71 at term 1 for appendEntries, leader elected after 102ms
2019-11-05 11:09:45,149 [Thread-712] INFO  impl.FollowerState (FollowerState.java:run(108)) - b4fa652e-9609-43ae-a5da-dbaebd8b3d71@group-61F46787267E-FollowerState: change to CANDIDATE, lastRpcTime:185ms, electionTimeout:182ms
2019-11-05 11:09:45,149 [Thread-712] INFO  impl.RoleInfo (RoleInfo.java:shutdownFollowerState(121)) - b4fa652e-9609-43ae-a5da-dbaebd8b3d71: shutdown FollowerState
2019-11-05 11:09:45,149 [Thread-712] INFO  impl.RaftServerImpl (RaftServerImpl.java:setRole(184)) - b4fa652e-9609-43ae-a5da-dbaebd8b3d71@group-61F46787267E: changes role from  FOLLOWER to CANDIDATE at term 0 for changeToCandidate
2019-11-05 11:09:45,150 [Thread-712] INFO  impl.RoleInfo (RoleInfo.java:updateAndGet(143)) - b4fa652e-9609-43ae-a5da-dbaebd8b3d71: start LeaderElection
2019-11-05 11:09:45,152 [grpc-default-executor-3] INFO  impl.RaftServerImpl (ServerState.java:setRaftConf(357)) - 217b40b1-6496-41ee-9e5f-1bb61aa45139@group-CB61FA14698E: set configuration 0: [217b40b1-6496-41ee-9e5f-1bb61aa45139:192.168.157.252:40951, 69837c10-b6a5-4691-9f82-b2bf7c109e66:192.168.157.252:40716, b4fa652e-9609-43ae-a5da-dbaebd8b3d71:192.168.157.252:36685], old=null at 0
2019-11-05 11:09:45,153 [grpc-default-executor-3] INFO  segmented.SegmentedRaftLogWorker (SegmentedRaftLogWorker.java:startLogSegment(385)) - 217b40b1-6496-41ee-9e5f-1bb61aa45139@group-CB61FA14698E-SegmentedRaftLogWorker: Starting segment from index:0
2019-11-05 11:09:45,153 [grpc-default-executor-4] INFO  impl.RaftServerImpl (ServerState.java:setRaftConf(357)) - 69837c10-b6a5-4691-9f82-b2bf7c109e66@group-CB61FA14698E: set configuration 0: [217b40b1-6496-41ee-9e5f-1bb61aa45139:192.168.157.252:40951, 69837c10-b6a5-4691-9f82-b2bf7c109e66:192.168.157.252:40716, b4fa652e-9609-43ae-a5da-dbaebd8b3d71:192.168.157.252:36685], old=null at 0
2019-11-05 11:09:45,153 [grpc-default-executor-4] INFO  segmented.SegmentedRaftLogWorker (SegmentedRaftLogWorker.java:startLogSegment(385)) - 69837c10-b6a5-4691-9f82-b2bf7c109e66@group-CB61FA14698E-SegmentedRaftLogWorker: Starting segment from index:0
2019-11-05 11:09:45,164 [b4fa652e-9609-43ae-a5da-dbaebd8b3d71@group-61F46787267E-LeaderElection29] INFO  impl.LeaderElection (LeaderElection.java:askForVotes(178)) - b4fa652e-9609-43ae-a5da-dbaebd8b3d71@group-61F46787267E-LeaderElection29: begin an election at term 1 for -1: [b4fa652e-9609-43ae-a5da-dbaebd8b3d71:192.168.157.252:36685], old=null
2019-11-05 11:09:45,165 [b4fa652e-9609-43ae-a5da-dbaebd8b3d71@group-61F46787267E-LeaderElection29] INFO  impl.RoleInfo (RoleInfo.java:shutdownLeaderElection(134)) - b4fa652e-9609-43ae-a5da-dbaebd8b3d71: shutdown LeaderElection
2019-11-05 11:09:45,165 [b4fa652e-9609-43ae-a5da-dbaebd8b3d71@group-61F46787267E-LeaderElection29] INFO  impl.RaftServerImpl (RaftServerImpl.java:setRole(184)) - b4fa652e-9609-43ae-a5da-dbaebd8b3d71@group-61F46787267E: changes role from CANDIDATE to LEADER at term 1 for changeToLeader
2019-11-05 11:09:45,165 [b4fa652e-9609-43ae-a5da-dbaebd8b3d71@group-61F46787267E-LeaderElection29] INFO  impl.RaftServerImpl (ServerState.java:setLeader(256)) - b4fa652e-9609-43ae-a5da-dbaebd8b3d71@group-61F46787267E: change Leader from null to b4fa652e-9609-43ae-a5da-dbaebd8b3d71 at term 1 for becomeLeader, leader elected after 211ms
2019-11-05 11:09:45,165 [b4fa652e-9609-43ae-a5da-dbaebd8b3d71@group-61F46787267E-LeaderElection29] INFO  server.RaftServerConfigKeys (ConfUtils.java:logGet(43)) - raft.server.staging.catchup.gap = 1000 (default)
2019-11-05 11:09:45,165 [b4fa652e-9609-43ae-a5da-dbaebd8b3d71@group-61F46787267E-LeaderElection29] INFO  server.RaftServerConfigKeys (ConfUtils.java:logGet(43)) - raft.server.rpc.sleep.time = 25ms (default)
2019-11-05 11:09:45,165 [b4fa652e-9609-43ae-a5da-dbaebd8b3d71@group-61F46787267E-LeaderElection29] INFO  server.RaftServerConfigKeys (ConfUtils.java:logGet(43)) - raft.server.write.element-limit = 4096 (default)
2019-11-05 11:09:45,166 [b4fa652e-9609-43ae-a5da-dbaebd8b3d71@group-61F46787267E-LeaderElection29] INFO  server.RaftServerConfigKeys (ConfUtils.java:logGet(43)) - raft.server.watch.timeout = 10s (default)
2019-11-05 11:09:45,166 [b4fa652e-9609-43ae-a5da-dbaebd8b3d71@group-61F46787267E-LeaderElection29] INFO  server.RaftServerConfigKeys (ConfUtils.java:logGet(43)) - raft.server.watch.timeout.denomination = 1s (default)
2019-11-05 11:09:45,166 [b4fa652e-9609-43ae-a5da-dbaebd8b3d71@group-61F46787267E-LeaderElection29] INFO  server.RaftServerConfigKeys (ConfUtils.java:logGet(43)) - raft.server.watch.element-limit = 65536 (default)
2019-11-05 11:09:45,167 [b4fa652e-9609-43ae-a5da-dbaebd8b3d71@group-CB61FA14698E-SegmentedRaftLogWorker] INFO  segmented.SegmentedRaftLogWorker (SegmentedRaftLogWorker.java:execute(576)) - b4fa652e-9609-43ae-a5da-dbaebd8b3d71@group-CB61FA14698E-SegmentedRaftLogWorker: created new log segment /workdir/hadoop-ozone/integration-test/target/test-dir/MiniOzoneClusterImpl-15323bb8-fab1-4b87-97a4-cbcc55a81608/datanode-2/data/ratis/fa0b3e65-e401-49af-bfb7-cb61fa14698e/current/log_inprogress_0
2019-11-05 11:09:45,168 [b4fa652e-9609-43ae-a5da-dbaebd8b3d71@group-61F46787267E-LeaderElection29] INFO  impl.RoleInfo (RoleInfo.java:updateAndGet(143)) - b4fa652e-9609-43ae-a5da-dbaebd8b3d71: start LeaderState
2019-11-05 11:09:45,168 [b4fa652e-9609-43ae-a5da-dbaebd8b3d71@group-61F46787267E-LeaderElection29] INFO  segmented.SegmentedRaftLogWorker (SegmentedRaftLogWorker.java:startLogSegment(385)) - b4fa652e-9609-43ae-a5da-dbaebd8b3d71@group-61F46787267E-SegmentedRaftLogWorker: Starting segment from index:0
2019-11-05 11:09:45,174 [b4fa652e-9609-43ae-a5da-dbaebd8b3d71@group-61F46787267E-LeaderElection29] INFO  impl.RaftServerImpl (ServerState.java:setRaftConf(357)) - b4fa652e-9609-43ae-a5da-dbaebd8b3d71@group-61F46787267E: set configuration 0: [b4fa652e-9609-43ae-a5da-dbaebd8b3d71:192.168.157.252:36685], old=null at 0
2019-11-05 11:09:45,185 [217b40b1-6496-41ee-9e5f-1bb61aa45139@group-CB61FA14698E-SegmentedRaftLogWorker] INFO  segmented.SegmentedRaftLogWorker (SegmentedRaftLogWorker.java:execute(576)) - 217b40b1-6496-41ee-9e5f-1bb61aa45139@group-CB61FA14698E-SegmentedRaftLogWorker: created new log segment /workdir/hadoop-ozone/integration-test/target/test-dir/MiniOzoneClusterImpl-15323bb8-fab1-4b87-97a4-cbcc55a81608/datanode-0/data/ratis/fa0b3e65-e401-49af-bfb7-cb61fa14698e/current/log_inprogress_0
2019-11-05 11:09:45,190 [69837c10-b6a5-4691-9f82-b2bf7c109e66@group-CB61FA14698E-SegmentedRaftLogWorker] INFO  segmented.SegmentedRaftLogWorker (SegmentedRaftLogWorker.java:execute(576)) - 69837c10-b6a5-4691-9f82-b2bf7c109e66@group-CB61FA14698E-SegmentedRaftLogWorker: created new log segment /workdir/hadoop-ozone/integration-test/target/test-dir/MiniOzoneClusterImpl-15323bb8-fab1-4b87-97a4-cbcc55a81608/datanode-1/data/ratis/fa0b3e65-e401-49af-bfb7-cb61fa14698e/current/log_inprogress_0
2019-11-05 11:09:45,212 [b4fa652e-9609-43ae-a5da-dbaebd8b3d71@group-61F46787267E-SegmentedRaftLogWorker] INFO  segmented.SegmentedRaftLogWorker (SegmentedRaftLogWorker.java:execute(576)) - b4fa652e-9609-43ae-a5da-dbaebd8b3d71@group-61F46787267E-SegmentedRaftLogWorker: created new log segment /workdir/hadoop-ozone/integration-test/target/test-dir/MiniOzoneClusterImpl-15323bb8-fab1-4b87-97a4-cbcc55a81608/datanode-2/data/ratis/781db2a0-a5d1-48ea-9872-61f46787267e/current/log_inprogress_0
2019-11-05 11:09:45,243 [Thread-725] INFO  impl.FollowerState (FollowerState.java:run(108)) - b4fa652e-9609-43ae-a5da-dbaebd8b3d71@group-FD4A39CE61DA-FollowerState: change to CANDIDATE, lastRpcTime:180ms, electionTimeout:180ms
2019-11-05 11:09:45,244 [Thread-725] INFO  impl.RoleInfo (RoleInfo.java:shutdownFollowerState(121)) - b4fa652e-9609-43ae-a5da-dbaebd8b3d71: shutdown FollowerState
2019-11-05 11:09:45,244 [Thread-725] INFO  impl.RaftServerImpl (RaftServerImpl.java:setRole(184)) - b4fa652e-9609-43ae-a5da-dbaebd8b3d71@group-FD4A39CE61DA: changes role from  FOLLOWER to CANDIDATE at term 28 for changeToCandidate
2019-11-05 11:09:45,244 [Thread-725] INFO  impl.RoleInfo (RoleInfo.java:updateAndGet(143)) - b4fa652e-9609-43ae-a5da-dbaebd8b3d71: start LeaderElection
2019-11-05 11:09:45,261 [b4fa652e-9609-43ae-a5da-dbaebd8b3d71@group-FD4A39CE61DA-LeaderElection30] INFO  impl.LeaderElection (LeaderElection.java:askForVotes(178)) - b4fa652e-9609-43ae-a5da-dbaebd8b3d71@group-FD4A39CE61DA-LeaderElection30: begin an election at term 29 for 0: [217b40b1-6496-41ee-9e5f-1bb61aa45139:192.168.157.252:40951, 69837c10-b6a5-4691-9f82-b2bf7c109e66:192.168.157.252:40716, b4fa652e-9609-43ae-a5da-dbaebd8b3d71:192.168.157.252:36685], old=null
2019-11-05 11:09:45,264 [grpc-default-executor-3] INFO  impl.RaftServerImpl (RaftServerImpl.java:setRole(184)) - 69837c10-b6a5-4691-9f82-b2bf7c109e66@group-FD4A39CE61DA: changes role from  FOLLOWER to FOLLOWER at term 29 for recognizeCandidate:b4fa652e-9609-43ae-a5da-dbaebd8b3d71
2019-11-05 11:09:45,264 [grpc-default-executor-4] INFO  impl.RaftServerImpl (RaftServerImpl.java:setRole(184)) - 217b40b1-6496-41ee-9e5f-1bb61aa45139@group-FD4A39CE61DA: changes role from  FOLLOWER to FOLLOWER at term 29 for recognizeCandidate:b4fa652e-9609-43ae-a5da-dbaebd8b3d71
2019-11-05 11:09:45,264 [grpc-default-executor-3] INFO  impl.RoleInfo (RoleInfo.java:shutdownFollowerState(121)) - 69837c10-b6a5-4691-9f82-b2bf7c109e66: shutdown FollowerState
2019-11-05 11:09:45,264 [grpc-default-executor-4] INFO  impl.RoleInfo (RoleInfo.java:shutdownFollowerState(121)) - 217b40b1-6496-41ee-9e5f-1bb61aa45139: shutdown FollowerState
2019-11-05 11:09:45,264 [grpc-default-executor-3] INFO  impl.RoleInfo (RoleInfo.java:updateAndGet(143)) - 69837c10-b6a5-4691-9f82-b2bf7c109e66: start FollowerState
2019-11-05 11:09:45,264 [Thread-718] INFO  impl.FollowerState (FollowerState.java:run(117)) - 217b40b1-6496-41ee-9e5f-1bb61aa45139@group-FD4A39CE61DA-FollowerState was interrupted: java.lang.InterruptedException: sleep interrupted
2019-11-05 11:09:45,264 [grpc-default-executor-4] INFO  impl.RoleInfo (RoleInfo.java:updateAndGet(143)) - 217b40b1-6496-41ee-9e5f-1bb61aa45139: start FollowerState
2019-11-05 11:09:45,265 [Thread-717] INFO  impl.FollowerState (FollowerState.java:run(117)) - 69837c10-b6a5-4691-9f82-b2bf7c109e66@group-FD4A39CE61DA-FollowerState was interrupted: java.lang.InterruptedException: sleep interrupted
2019-11-05 11:09:45,277 [b4fa652e-9609-43ae-a5da-dbaebd8b3d71@group-FD4A39CE61DA-LeaderElection30] INFO  impl.LeaderElection (LeaderElection.java:logAndReturn(56)) - b4fa652e-9609-43ae-a5da-dbaebd8b3d71@group-FD4A39CE61DA-LeaderElection30: Election REJECTED; received 2 response(s) [b4fa652e-9609-43ae-a5da-dbaebd8b3d71<-217b40b1-6496-41ee-9e5f-1bb61aa45139#0:FAIL-t29, b4fa652e-9609-43ae-a5da-dbaebd8b3d71<-69837c10-b6a5-4691-9f82-b2bf7c109e66#0:FAIL-t29] and 0 exception(s); b4fa652e-9609-43ae-a5da-dbaebd8b3d71@group-FD4A39CE61DA:t29, leader=null, voted=b4fa652e-9609-43ae-a5da-dbaebd8b3d71, raftlog=b4fa652e-9609-43ae-a5da-dbaebd8b3d71@group-FD4A39CE61DA-SegmentedRaftLog:OPENED:c3,f4,i4, conf=0: [217b40b1-6496-41ee-9e5f-1bb61aa45139:192.168.157.252:40951, 69837c10-b6a5-4691-9f82-b2bf7c109e66:192.168.157.252:40716, b4fa652e-9609-43ae-a5da-dbaebd8b3d71:192.168.157.252:36685], old=null
2019-11-05 11:09:45,278 [b4fa652e-9609-43ae-a5da-dbaebd8b3d71@group-FD4A39CE61DA-LeaderElection30] INFO  impl.RaftServerImpl (RaftServerImpl.java:setRole(184)) - b4fa652e-9609-43ae-a5da-dbaebd8b3d71@group-FD4A39CE61DA: changes role from CANDIDATE to FOLLOWER at term 29 for DISCOVERED_A_NEW_TERM
2019-11-05 11:09:45,278 [b4fa652e-9609-43ae-a5da-dbaebd8b3d71@group-FD4A39CE61DA-LeaderElection30] INFO  impl.RoleInfo (RoleInfo.java:shutdownLeaderElection(134)) - b4fa652e-9609-43ae-a5da-dbaebd8b3d71: shutdown LeaderElection
2019-11-05 11:09:45,278 [b4fa652e-9609-43ae-a5da-dbaebd8b3d71@group-FD4A39CE61DA-LeaderElection30] INFO  impl.RoleInfo (RoleInfo.java:updateAndGet(143)) - b4fa652e-9609-43ae-a5da-dbaebd8b3d71: start FollowerState
2019-11-05 11:09:45,375 [Thread-750] INFO  impl.FollowerState (FollowerState.java:run(108)) - b4fa652e-9609-43ae-a5da-dbaebd8b3d71@group-FD4A39CE61DA-FollowerState: change to CANDIDATE, lastRpcTime:96ms, electionTimeout:94ms
2019-11-05 11:09:45,379 [Thread-750] INFO  impl.RoleInfo (RoleInfo.java:shutdownFollowerState(121)) - b4fa652e-9609-43ae-a5da-dbaebd8b3d71: shutdown FollowerState
2019-11-05 11:09:45,379 [Thread-750] INFO  impl.RaftServerImpl (RaftServerImpl.java:setRole(184)) - b4fa652e-9609-43ae-a5da-dbaebd8b3d71@group-FD4A39CE61DA: changes role from  FOLLOWER to CANDIDATE at term 29 for changeToCandidate
2019-11-05 11:09:45,379 [Thread-750] INFO  impl.RoleInfo (RoleInfo.java:updateAndGet(143)) - b4fa652e-9609-43ae-a5da-dbaebd8b3d71: start LeaderElection
2019-11-05 11:09:45,395 [b4fa652e-9609-43ae-a5da-dbaebd8b3d71@group-FD4A39CE61DA-LeaderElection31] INFO  impl.LeaderElection (LeaderElection.java:askForVotes(178)) - b4fa652e-9609-43ae-a5da-dbaebd8b3d71@group-FD4A39CE61DA-LeaderElection31: begin an election at term 30 for 0: [217b40b1-6496-41ee-9e5f-1bb61aa45139:192.168.157.252:40951, 69837c10-b6a5-4691-9f82-b2bf7c109e66:192.168.157.252:40716, b4fa652e-9609-43ae-a5da-dbaebd8b3d71:192.168.157.252:36685], old=null
2019-11-05 11:09:45,399 [grpc-default-executor-4] INFO  impl.RaftServerImpl (RaftServerImpl.java:setRole(184)) - 217b40b1-6496-41ee-9e5f-1bb61aa45139@group-FD4A39CE61DA: changes role from  FOLLOWER to FOLLOWER at term 30 for recognizeCandidate:b4fa652e-9609-43ae-a5da-dbaebd8b3d71
2019-11-05 11:09:45,399 [grpc-default-executor-4] INFO  impl.RoleInfo (RoleInfo.java:shutdownFollowerState(121)) - 217b40b1-6496-41ee-9e5f-1bb61aa45139: shutdown FollowerState
2019-11-05 11:09:45,400 [grpc-default-executor-4] INFO  impl.RoleInfo (RoleInfo.java:updateAndGet(143)) - 217b40b1-6496-41ee-9e5f-1bb61aa45139: start FollowerState
2019-11-05 11:09:45,401 [Thread-749] INFO  impl.FollowerState (FollowerState.java:run(117)) - 217b40b1-6496-41ee-9e5f-1bb61aa45139@group-FD4A39CE61DA-FollowerState was interrupted: java.lang.InterruptedException: sleep interrupted
2019-11-05 11:09:45,405 [grpc-default-executor-3] INFO  impl.RaftServerImpl (RaftServerImpl.java:setRole(184)) - 69837c10-b6a5-4691-9f82-b2bf7c109e66@group-FD4A39CE61DA: changes role from  FOLLOWER to FOLLOWER at term 30 for recognizeCandidate:b4fa652e-9609-43ae-a5da-dbaebd8b3d71
2019-11-05 11:09:45,406 [grpc-default-executor-3] INFO  impl.RoleInfo (RoleInfo.java:shutdownFollowerState(121)) - 69837c10-b6a5-4691-9f82-b2bf7c109e66: shutdown FollowerState
2019-11-05 11:09:45,406 [Thread-748] INFO  impl.FollowerState (FollowerState.java:run(117)) - 69837c10-b6a5-4691-9f82-b2bf7c109e66@group-FD4A39CE61DA-FollowerState was interrupted: java.lang.InterruptedException: sleep interrupted
2019-11-05 11:09:45,406 [grpc-default-executor-3] INFO  impl.RoleInfo (RoleInfo.java:updateAndGet(143)) - 69837c10-b6a5-4691-9f82-b2bf7c109e66: start FollowerState
2019-11-05 11:09:45,428 [b4fa652e-9609-43ae-a5da-dbaebd8b3d71@group-FD4A39CE61DA-LeaderElection31] INFO  impl.LeaderElection (LeaderElection.java:logAndReturn(56)) - b4fa652e-9609-43ae-a5da-dbaebd8b3d71@group-FD4A39CE61DA-LeaderElection31: Election REJECTED; received 2 response(s) [b4fa652e-9609-43ae-a5da-dbaebd8b3d71<-217b40b1-6496-41ee-9e5f-1bb61aa45139#0:FAIL-t30, b4fa652e-9609-43ae-a5da-dbaebd8b3d71<-69837c10-b6a5-4691-9f82-b2bf7c109e66#0:FAIL-t30] and 0 exception(s); b4fa652e-9609-43ae-a5da-dbaebd8b3d71@group-FD4A39CE61DA:t30, leader=null, voted=b4fa652e-9609-43ae-a5da-dbaebd8b3d71, raftlog=b4fa652e-9609-43ae-a5da-dbaebd8b3d71@group-FD4A39CE61DA-SegmentedRaftLog:OPENED:c3,f4,i4, conf=0: [217b40b1-6496-41ee-9e5f-1bb61aa45139:192.168.157.252:40951, 69837c10-b6a5-4691-9f82-b2bf7c109e66:192.168.157.252:40716, b4fa652e-9609-43ae-a5da-dbaebd8b3d71:192.168.157.252:36685], old=null
2019-11-05 11:09:45,428 [b4fa652e-9609-43ae-a5da-dbaebd8b3d71@group-FD4A39CE61DA-LeaderElection31] INFO  impl.RaftServerImpl (RaftServerImpl.java:setRole(184)) - b4fa652e-9609-43ae-a5da-dbaebd8b3d71@group-FD4A39CE61DA: changes role from CANDIDATE to FOLLOWER at term 30 for DISCOVERED_A_NEW_TERM
2019-11-05 11:09:45,429 [b4fa652e-9609-43ae-a5da-dbaebd8b3d71@group-FD4A39CE61DA-LeaderElection31] INFO  impl.RoleInfo (RoleInfo.java:shutdownLeaderElection(134)) - b4fa652e-9609-43ae-a5da-dbaebd8b3d71: shutdown LeaderElection
2019-11-05 11:09:45,429 [b4fa652e-9609-43ae-a5da-dbaebd8b3d71@group-FD4A39CE61DA-LeaderElection31] INFO  impl.RoleInfo (RoleInfo.java:updateAndGet(143)) - b4fa652e-9609-43ae-a5da-dbaebd8b3d71: start FollowerState
2019-11-05 11:09:45,476 [Thread-756] INFO  impl.FollowerState (FollowerState.java:run(108)) - b4fa652e-9609-43ae-a5da-dbaebd8b3d71@group-FD4A39CE61DA-FollowerState: change to CANDIDATE, lastRpcTime:47ms, electionTimeout:47ms
2019-11-05 11:09:45,491 [Thread-756] INFO  impl.RoleInfo (RoleInfo.java:shutdownFollowerState(121)) - b4fa652e-9609-43ae-a5da-dbaebd8b3d71: shutdown FollowerState
2019-11-05 11:09:45,491 [Thread-756] INFO  impl.RaftServerImpl (RaftServerImpl.java:setRole(184)) - b4fa652e-9609-43ae-a5da-dbaebd8b3d71@group-FD4A39CE61DA: changes role from  FOLLOWER to CANDIDATE at term 30 for changeToCandidate
2019-11-05 11:09:45,492 [Thread-756] INFO  impl.RoleInfo (RoleInfo.java:updateAndGet(143)) - b4fa652e-9609-43ae-a5da-dbaebd8b3d71: start LeaderElection
2019-11-05 11:09:45,510 [b4fa652e-9609-43ae-a5da-dbaebd8b3d71@group-FD4A39CE61DA-LeaderElection32] INFO  impl.LeaderElection (LeaderElection.java:askForVotes(178)) - b4fa652e-9609-43ae-a5da-dbaebd8b3d71@group-FD4A39CE61DA-LeaderElection32: begin an election at term 31 for 0: [217b40b1-6496-41ee-9e5f-1bb61aa45139:192.168.157.252:40951, 69837c10-b6a5-4691-9f82-b2bf7c109e66:192.168.157.252:40716, b4fa652e-9609-43ae-a5da-dbaebd8b3d71:192.168.157.252:36685], old=null
2019-11-05 11:09:45,514 [grpc-default-executor-3] INFO  impl.RaftServerImpl (RaftServerImpl.java:setRole(184)) - 217b40b1-6496-41ee-9e5f-1bb61aa45139@group-FD4A39CE61DA: changes role from  FOLLOWER to FOLLOWER at term 31 for recognizeCandidate:b4fa652e-9609-43ae-a5da-dbaebd8b3d71
2019-11-05 11:09:45,514 [grpc-default-executor-3] INFO  impl.RoleInfo (RoleInfo.java:shutdownFollowerState(121)) - 217b40b1-6496-41ee-9e5f-1bb61aa45139: shutdown FollowerState
2019-11-05 11:09:45,514 [Thread-754] INFO  impl.FollowerState (FollowerState.java:run(117)) - 217b40b1-6496-41ee-9e5f-1bb61aa45139@group-FD4A39CE61DA-FollowerState was interrupted: java.lang.InterruptedException: sleep interrupted
2019-11-05 11:09:45,515 [grpc-default-executor-3] INFO  impl.RoleInfo (RoleInfo.java:updateAndGet(143)) - 217b40b1-6496-41ee-9e5f-1bb61aa45139: start FollowerState
2019-11-05 11:09:45,518 [grpc-default-executor-4] INFO  impl.RaftServerImpl (RaftServerImpl.java:setRole(184)) - 69837c10-b6a5-4691-9f82-b2bf7c109e66@group-FD4A39CE61DA: changes role from  FOLLOWER to FOLLOWER at term 31 for recognizeCandidate:b4fa652e-9609-43ae-a5da-dbaebd8b3d71
2019-11-05 11:09:45,518 [grpc-default-executor-4] INFO  impl.RoleInfo (RoleInfo.java:shutdownFollowerState(121)) - 69837c10-b6a5-4691-9f82-b2bf7c109e66: shutdown FollowerState
2019-11-05 11:09:45,518 [grpc-default-executor-4] INFO  impl.RoleInfo (RoleInfo.java:updateAndGet(143)) - 69837c10-b6a5-4691-9f82-b2bf7c109e66: start FollowerState
2019-11-05 11:09:45,518 [Thread-755] INFO  impl.FollowerState (FollowerState.java:run(117)) - 69837c10-b6a5-4691-9f82-b2bf7c109e66@group-FD4A39CE61DA-FollowerState was interrupted: java.lang.InterruptedException: sleep interrupted
2019-11-05 11:09:45,543 [b4fa652e-9609-43ae-a5da-dbaebd8b3d71@group-FD4A39CE61DA-LeaderElection32] INFO  impl.LeaderElection (LeaderElection.java:logAndReturn(56)) - b4fa652e-9609-43ae-a5da-dbaebd8b3d71@group-FD4A39CE61DA-LeaderElection32: Election REJECTED; received 2 response(s) [b4fa652e-9609-43ae-a5da-dbaebd8b3d71<-217b40b1-6496-41ee-9e5f-1bb61aa45139#0:FAIL-t31, b4fa652e-9609-43ae-a5da-dbaebd8b3d71<-69837c10-b6a5-4691-9f82-b2bf7c109e66#0:FAIL-t31] and 0 exception(s); b4fa652e-9609-43ae-a5da-dbaebd8b3d71@group-FD4A39CE61DA:t31, leader=null, voted=b4fa652e-9609-43ae-a5da-dbaebd8b3d71, raftlog=b4fa652e-9609-43ae-a5da-dbaebd8b3d71@group-FD4A39CE61DA-SegmentedRaftLog:OPENED:c3,f4,i4, conf=0: [217b40b1-6496-41ee-9e5f-1bb61aa45139:192.168.157.252:40951, 69837c10-b6a5-4691-9f82-b2bf7c109e66:192.168.157.252:40716, b4fa652e-9609-43ae-a5da-dbaebd8b3d71:192.168.157.252:36685], old=null
2019-11-05 11:09:45,543 [b4fa652e-9609-43ae-a5da-dbaebd8b3d71@group-FD4A39CE61DA-LeaderElection32] INFO  impl.RaftServerImpl (RaftServerImpl.java:setRole(184)) - b4fa652e-9609-43ae-a5da-dbaebd8b3d71@group-FD4A39CE61DA: changes role from CANDIDATE to FOLLOWER at term 31 for DISCOVERED_A_NEW_TERM
2019-11-05 11:09:45,543 [b4fa652e-9609-43ae-a5da-dbaebd8b3d71@group-FD4A39CE61DA-LeaderElection32] INFO  impl.RoleInfo (RoleInfo.java:shutdownLeaderElection(134)) - b4fa652e-9609-43ae-a5da-dbaebd8b3d71: shutdown LeaderElection
2019-11-05 11:09:45,543 [b4fa652e-9609-43ae-a5da-dbaebd8b3d71@group-FD4A39CE61DA-LeaderElection32] INFO  impl.RoleInfo (RoleInfo.java:updateAndGet(143)) - b4fa652e-9609-43ae-a5da-dbaebd8b3d71: start FollowerState
2019-11-05 11:09:45,548 [EventQueue-PendingDeleteStatusForPendingDeleteHandler] INFO  block.SCMBlockDeletingService (SCMBlockDeletingService.java:handlePendingDeletes(115)) - Block deletion txnID mismatch in datanode b4fa652e-9609-43ae-a5da-dbaebd8b3d71 for containerID 1. Datanode delete txnID: 0, SCM txnID: 1
2019-11-05 11:09:45,581 [pool-7-thread-5] INFO  commands.RetriableDatanodeEventWatcher (RetriableDatanodeEventWatcher.java:onTimeout(47)) - RetriableDatanodeCommand type=deleteBlocksCommand with id=1572952177568 timed out. Retrying.
2019-11-05 11:09:45,587 [SCMBlockDeletingService#0] INFO  block.SCMBlockDeletingService (SCMBlockDeletingService.java:call(184)) - Totally added 1 delete blocks command for 1 datanodes, task elapsed time: 1ms
2019-11-05 11:09:45,596 [pool-7-thread-5] INFO  commands.RetriableDatanodeEventWatcher (RetriableDatanodeEventWatcher.java:onTimeout(47)) - RetriableDatanodeCommand type=deleteBlocksCommand with id=1572952177565 timed out. Retrying.
2019-11-05 11:09:45,597 [pool-7-thread-3] INFO  commands.RetriableDatanodeEventWatcher (RetriableDatanodeEventWatcher.java:onTimeout(47)) - RetriableDatanodeCommand type=deleteBlocksCommand with id=1572952177572 timed out. Retrying.
2019-11-05 11:09:45,607 [Thread-762] INFO  impl.FollowerState (FollowerState.java:run(108)) - b4fa652e-9609-43ae-a5da-dbaebd8b3d71@group-FD4A39CE61DA-FollowerState: change to CANDIDATE, lastRpcTime:63ms, electionTimeout:62ms
2019-11-05 11:09:45,607 [pool-7-thread-3] INFO  commands.RetriableDatanodeEventWatcher (RetriableDatanodeEventWatcher.java:onTimeout(47)) - RetriableDatanodeCommand type=deleteBlocksCommand with id=1572952177567 timed out. Retrying.
2019-11-05 11:09:45,607 [Thread-762] INFO  impl.RoleInfo (RoleInfo.java:shutdownFollowerState(121)) - b4fa652e-9609-43ae-a5da-dbaebd8b3d71: shutdown FollowerState
2019-11-05 11:09:45,607 [pool-7-thread-6] INFO  commands.RetriableDatanodeEventWatcher (RetriableDatanodeEventWatcher.java:onTimeout(47)) - RetriableDatanodeCommand type=deleteBlocksCommand with id=1572952177569 timed out. Retrying.
2019-11-05 11:09:45,607 [Thread-762] INFO  impl.RaftServerImpl (RaftServerImpl.java:setRole(184)) - b4fa652e-9609-43ae-a5da-dbaebd8b3d71@group-FD4A39CE61DA: changes role from  FOLLOWER to CANDIDATE at term 31 for changeToCandidate
2019-11-05 11:09:45,607 [pool-7-thread-5] INFO  commands.RetriableDatanodeEventWatcher (RetriableDatanodeEventWatcher.java:onTimeout(47)) - RetriableDatanodeCommand type=deleteBlocksCommand with id=1572952177566 timed out. Retrying.
2019-11-05 11:09:45,607 [Thread-762] INFO  impl.RoleInfo (RoleInfo.java:updateAndGet(143)) - b4fa652e-9609-43ae-a5da-dbaebd8b3d71: start LeaderElection
2019-11-05 11:09:45,608 [pool-7-thread-4] INFO  commands.RetriableDatanodeEventWatcher (RetriableDatanodeEventWatcher.java:onTimeout(47)) - RetriableDatanodeCommand type=deleteBlocksCommand with id=1572952177570 timed out. Retrying.
2019-11-05 11:09:45,608 [pool-7-thread-2] INFO  commands.RetriableDatanodeEventWatcher (RetriableDatanodeEventWatcher.java:onTimeout(47)) - RetriableDatanodeCommand type=deleteBlocksCommand with id=1572952177571 timed out. Retrying.
2019-11-05 11:09:45,622 [b4fa652e-9609-43ae-a5da-dbaebd8b3d71@group-FD4A39CE61DA-LeaderElection33] INFO  impl.LeaderElection (LeaderElection.java:askForVotes(178)) - b4fa652e-9609-43ae-a5da-dbaebd8b3d71@group-FD4A39CE61DA-LeaderElection33: begin an election at term 32 for 0: [217b40b1-6496-41ee-9e5f-1bb61aa45139:192.168.157.252:40951, 69837c10-b6a5-4691-9f82-b2bf7c109e66:192.168.157.252:40716, b4fa652e-9609-43ae-a5da-dbaebd8b3d71:192.168.157.252:36685], old=null
2019-11-05 11:09:45,625 [grpc-default-executor-3] INFO  impl.RaftServerImpl (RaftServerImpl.java:setRole(184)) - 69837c10-b6a5-4691-9f82-b2bf7c109e66@group-FD4A39CE61DA: changes role from  FOLLOWER to FOLLOWER at term 32 for recognizeCandidate:b4fa652e-9609-43ae-a5da-dbaebd8b3d71
2019-11-05 11:09:45,625 [grpc-default-executor-4] INFO  impl.RaftServerImpl (RaftServerImpl.java:setRole(184)) - 217b40b1-6496-41ee-9e5f-1bb61aa45139@group-FD4A39CE61DA: changes role from  FOLLOWER to FOLLOWER at term 32 for recognizeCandidate:b4fa652e-9609-43ae-a5da-dbaebd8b3d71
2019-11-05 11:09:45,625 [grpc-default-executor-3] INFO  impl.RoleInfo (RoleInfo.java:shutdownFollowerState(121)) - 69837c10-b6a5-4691-9f82-b2bf7c109e66: shutdown FollowerState
2019-11-05 11:09:45,625 [grpc-default-executor-4] INFO  impl.RoleInfo (RoleInfo.java:shutdownFollowerState(121)) - 217b40b1-6496-41ee-9e5f-1bb61aa45139: shutdown FollowerState
2019-11-05 11:09:45,625 [grpc-default-executor-3] INFO  impl.RoleInfo (RoleInfo.java:updateAndGet(143)) - 69837c10-b6a5-4691-9f82-b2bf7c109e66: start FollowerState
2019-11-05 11:09:45,625 [Thread-760] INFO  impl.FollowerState (FollowerState.java:run(117)) - 217b40b1-6496-41ee-9e5f-1bb61aa45139@group-FD4A39CE61DA-FollowerState was interrupted: java.lang.InterruptedException: sleep interrupted
2019-11-05 11:09:45,625 [grpc-default-executor-4] INFO  impl.RoleInfo (RoleInfo.java:updateAndGet(143)) - 217b40b1-6496-41ee-9e5f-1bb61aa45139: start FollowerState
2019-11-05 11:09:45,626 [Thread-761] INFO  impl.FollowerState (FollowerState.java:run(117)) - 69837c10-b6a5-4691-9f82-b2bf7c109e66@group-FD4A39CE61DA-FollowerState was interrupted: java.lang.InterruptedException: sleep interrupted
2019-11-05 11:09:45,643 [b4fa652e-9609-43ae-a5da-dbaebd8b3d71@group-FD4A39CE61DA-LeaderElection33] INFO  impl.LeaderElection (LeaderElection.java:logAndReturn(56)) - b4fa652e-9609-43ae-a5da-dbaebd8b3d71@group-FD4A39CE61DA-LeaderElection33: Election REJECTED; received 2 response(s) [b4fa652e-9609-43ae-a5da-dbaebd8b3d71<-217b40b1-6496-41ee-9e5f-1bb61aa45139#0:FAIL-t32, b4fa652e-9609-43ae-a5da-dbaebd8b3d71<-69837c10-b6a5-4691-9f82-b2bf7c109e66#0:FAIL-t32] and 0 exception(s); b4fa652e-9609-43ae-a5da-dbaebd8b3d71@group-FD4A39CE61DA:t32, leader=null, voted=b4fa652e-9609-43ae-a5da-dbaebd8b3d71, raftlog=b4fa652e-9609-43ae-a5da-dbaebd8b3d71@group-FD4A39CE61DA-SegmentedRaftLog:OPENED:c3,f4,i4, conf=0: [217b40b1-6496-41ee-9e5f-1bb61aa45139:192.168.157.252:40951, 69837c10-b6a5-4691-9f82-b2bf7c109e66:192.168.157.252:40716, b4fa652e-9609-43ae-a5da-dbaebd8b3d71:192.168.157.252:36685], old=null
2019-11-05 11:09:45,643 [b4fa652e-9609-43ae-a5da-dbaebd8b3d71@group-FD4A39CE61DA-LeaderElection33] INFO  impl.RaftServerImpl (RaftServerImpl.java:setRole(184)) - b4fa652e-9609-43ae-a5da-dbaebd8b3d71@group-FD4A39CE61DA: changes role from CANDIDATE to FOLLOWER at term 32 for DISCOVERED_A_NEW_TERM
2019-11-05 11:09:45,643 [b4fa652e-9609-43ae-a5da-dbaebd8b3d71@group-FD4A39CE61DA-LeaderElection33] INFO  impl.RoleInfo (RoleInfo.java:shutdownLeaderElection(134)) - b4fa652e-9609-43ae-a5da-dbaebd8b3d71: shutdown LeaderElection
2019-11-05 11:09:45,644 [b4fa652e-9609-43ae-a5da-dbaebd8b3d71@group-FD4A39CE61DA-LeaderElection33] INFO  impl.RoleInfo (RoleInfo.java:updateAndGet(143)) - b4fa652e-9609-43ae-a5da-dbaebd8b3d71: start FollowerState
2019-11-05 11:09:45,827 [Thread-768] INFO  impl.FollowerState (FollowerState.java:run(108)) - b4fa652e-9609-43ae-a5da-dbaebd8b3d71@group-FD4A39CE61DA-FollowerState: change to CANDIDATE, lastRpcTime:183ms, electionTimeout:182ms
2019-11-05 11:09:45,827 [Thread-768] INFO  impl.RoleInfo (RoleInfo.java:shutdownFollowerState(121)) - b4fa652e-9609-43ae-a5da-dbaebd8b3d71: shutdown FollowerState
2019-11-05 11:09:45,827 [Thread-768] INFO  impl.RaftServerImpl (RaftServerImpl.java:setRole(184)) - b4fa652e-9609-43ae-a5da-dbaebd8b3d71@group-FD4A39CE61DA: changes role from  FOLLOWER to CANDIDATE at term 32 for changeToCandidate
2019-11-05 11:09:45,878 [Thread-772] INFO  client.GrpcClientProtocolService (GrpcClientProtocolService.java:lambda$processClientRequest$0(278)) - Failed RaftClientRequest:client-37A56D8DDB63->69837c10-b6a5-4691-9f82-b2bf7c109e66@group-FD4A39CE61DA, cid=10, seq=0, Watch-ALL_COMMITTED(6), Message:<EMPTY>, reply=RaftClientReply:client-37A56D8DDB63->69837c10-b6a5-4691-9f82-b2bf7c109e66@group-FD4A39CE61DA, cid=10, FAILED org.apache.ratis.protocol.NotLeaderException: Server 69837c10-b6a5-4691-9f82-b2bf7c109e66@group-FD4A39CE61DA is not the leader, logIndex=0, commits[69837c10-b6a5-4691-9f82-b2bf7c109e66:c10, 217b40b1-6496-41ee-9e5f-1bb61aa45139:c10, b4fa652e-9609-43ae-a5da-dbaebd8b3d71:c4]
2019-11-05 11:09:45,883 [Thread-768] INFO  impl.RoleInfo (RoleInfo.java:updateAndGet(143)) - b4fa652e-9609-43ae-a5da-dbaebd8b3d71: start LeaderElection
2019-11-05 11:09:45,883 [BlockDeletingService#2] WARN  background.BlockDeletingService (BlockDeletingService.java:isDeletionAllowed(187)) - Close Container log Index 6 is not replicated across allthe servers in the pipeline a8186365-22ae-4f7f-97bd-fd4a39ce61da as the min replicated index is 4. Deletion is not allowed in this container yet.
2019-11-05 11:09:45,886 [BlockDeletingService#9] WARN  background.BlockDeletingService (BlockDeletingService.java:isDeletionAllowed(187)) - Close Container log Index 6 is not replicated across allthe servers in the pipeline a8186365-22ae-4f7f-97bd-fd4a39ce61da as the min replicated index is 4. Deletion is not allowed in this container yet.
2019-11-05 11:09:45,898 [b4fa652e-9609-43ae-a5da-dbaebd8b3d71@group-FD4A39CE61DA-LeaderElection34] INFO  impl.LeaderElection (LeaderElection.java:askForVotes(178)) - b4fa652e-9609-43ae-a5da-dbaebd8b3d71@group-FD4A39CE61DA-LeaderElection34: begin an election at term 33 for 0: [217b40b1-6496-41ee-9e5f-1bb61aa45139:192.168.157.252:40951, 69837c10-b6a5-4691-9f82-b2bf7c109e66:192.168.157.252:40716, b4fa652e-9609-43ae-a5da-dbaebd8b3d71:192.168.157.252:36685], old=null
2019-11-05 11:09:46,028 [Command processor thread] INFO  commandhandler.DeleteBlocksCommandHandler (DeleteBlocksCommandHandler.java:handle(106)) - Start to delete container blocks, TXIDs=[1(0)], numOfContainers=1, numOfBlocks=1
2019-11-05 11:09:46,029 [Command processor thread] INFO  commandhandler.DeleteBlocksCommandHandler (DeleteBlocksCommandHandler.java:handle(106)) - Start to delete container blocks, TXIDs=[1(2)], numOfContainers=1, numOfBlocks=1
2019-11-05 11:09:46,029 [Command processor thread] INFO  commandhandler.DeleteBlocksCommandHandler (DeleteBlocksCommandHandler.java:handle(106)) - Start to delete container blocks, TXIDs=[1(0)], numOfContainers=1, numOfBlocks=1
2019-11-05 11:09:46,029 [Command processor thread] INFO  commandhandler.DeleteBlocksCommandHandler (DeleteBlocksCommandHandler.java:handle(106)) - Start to delete container blocks, TXIDs=[1(2)], numOfContainers=1, numOfBlocks=1
2019-11-05 11:09:46,030 [Command processor thread] INFO  commandhandler.DeleteBlocksCommandHandler (DeleteBlocksCommandHandler.java:handle(106)) - Start to delete container blocks, TXIDs=[1(2)], numOfContainers=1, numOfBlocks=1
2019-11-05 11:09:46,030 [Command processor thread] INFO  commandhandler.DeleteBlocksCommandHandler (DeleteBlocksCommandHandler.java:handle(106)) - Start to delete container blocks, TXIDs=[1(0)], numOfContainers=1, numOfBlocks=1
2019-11-05 11:09:46,030 [Command processor thread] INFO  commandhandler.DeleteBlocksCommandHandler (DeleteBlocksCommandHandler.java:handle(106)) - Start to delete container blocks, TXIDs=[1(2)], numOfContainers=1, numOfBlocks=1
2019-11-05 11:09:46,030 [Command processor thread] INFO  commandhandler.DeleteBlocksCommandHandler (DeleteBlocksCommandHandler.java:handle(106)) - Start to delete container blocks, TXIDs=[1(2)], numOfContainers=1, numOfBlocks=1
2019-11-05 11:09:46,030 [Command processor thread] INFO  commandhandler.DeleteBlocksCommandHandler (DeleteBlocksCommandHandler.java:handle(106)) - Start to delete container blocks, TXIDs=[1(2)], numOfContainers=1, numOfBlocks=1
2019-11-05 11:09:46,031 [Command processor thread] INFO  commandhandler.DeleteBlocksCommandHandler (DeleteBlocksCommandHandler.java:handle(106)) - Start to delete container blocks, TXIDs=[1(0)], numOfContainers=1, numOfBlocks=1
2019-11-05 11:09:46,031 [Command processor thread] INFO  commandhandler.DeleteBlocksCommandHandler (DeleteBlocksCommandHandler.java:handle(106)) - Start to delete container blocks, TXIDs=[1(2)], numOfContainers=1, numOfBlocks=1
2019-11-05 11:09:46,031 [Command processor thread] INFO  commandhandler.DeleteBlocksCommandHandler (DeleteBlocksCommandHandler.java:handle(106)) - Start to delete container blocks, TXIDs=[1(2)], numOfContainers=1, numOfBlocks=1
2019-11-05 11:09:46,031 [Command processor thread] INFO  commandhandler.DeleteBlocksCommandHandler (DeleteBlocksCommandHandler.java:handle(106)) - Start to delete container blocks, TXIDs=[1(2)], numOfContainers=1, numOfBlocks=1
2019-11-05 11:09:46,032 [Command processor thread] INFO  commandhandler.DeleteBlocksCommandHandler (DeleteBlocksCommandHandler.java:handle(106)) - Start to delete container blocks, TXIDs=[1(2)], numOfContainers=1, numOfBlocks=1
2019-11-05 11:09:46,032 [Command processor thread] INFO  commandhandler.DeleteBlocksCommandHandler (DeleteBlocksCommandHandler.java:handle(106)) - Start to delete container blocks, TXIDs=[1(0)], numOfContainers=1, numOfBlocks=1
2019-11-05 11:09:46,032 [EventQueue-PendingDeleteStatusForPendingDeleteHandler] INFO  block.SCMBlockDeletingService (SCMBlockDeletingService.java:handlePendingDeletes(115)) - Block deletion txnID mismatch in datanode b4fa652e-9609-43ae-a5da-dbaebd8b3d71 for containerID 1. Datanode delete txnID: 0, SCM txnID: 1
2019-11-05 11:09:46,032 [Command processor thread] INFO  commandhandler.DeleteBlocksCommandHandler (DeleteBlocksCommandHandler.java:handle(106)) - Start to delete container blocks, TXIDs=[1(2)], numOfContainers=1, numOfBlocks=1
2019-11-05 11:09:46,033 [Command processor thread] INFO  commandhandler.DeleteBlocksCommandHandler (DeleteBlocksCommandHandler.java:handle(106)) - Start to delete container blocks, TXIDs=[1(2)], numOfContainers=1, numOfBlocks=1
2019-11-05 11:09:46,033 [Command processor thread] INFO  commandhandler.DeleteBlocksCommandHandler (DeleteBlocksCommandHandler.java:handle(106)) - Start to delete container blocks, TXIDs=[1(2)], numOfContainers=1, numOfBlocks=1
2019-11-05 11:09:46,033 [Command processor thread] INFO  commandhandler.DeleteBlocksCommandHandler (DeleteBlocksCommandHandler.java:handle(106)) - Start to delete container blocks, TXIDs=[1(2)], numOfContainers=1, numOfBlocks=1
2019-11-05 11:09:46,034 [Command processor thread] INFO  commandhandler.DeleteBlocksCommandHandler (DeleteBlocksCommandHandler.java:handle(106)) - Start to delete container blocks, TXIDs=[1(0)], numOfContainers=1, numOfBlocks=1
2019-11-05 11:09:46,034 [Command processor thread] INFO  commandhandler.DeleteBlocksCommandHandler (DeleteBlocksCommandHandler.java:handle(106)) - Start to delete container blocks, TXIDs=[1(2)], numOfContainers=1, numOfBlocks=1
2019-11-05 11:09:46,034 [Command processor thread] INFO  commandhandler.DeleteBlocksCommandHandler (DeleteBlocksCommandHandler.java:handle(106)) - Start to delete container blocks, TXIDs=[1(2)], numOfContainers=1, numOfBlocks=1
2019-11-05 11:09:46,034 [grpc-default-executor-4] INFO  impl.RaftServerImpl (RaftServerImpl.java:setRole(184)) - 217b40b1-6496-41ee-9e5f-1bb61aa45139@group-FD4A39CE61DA: changes role from  FOLLOWER to FOLLOWER at term 33 for recognizeCandidate:b4fa652e-9609-43ae-a5da-dbaebd8b3d71
2019-11-05 11:09:46,034 [grpc-default-executor-4] INFO  impl.RoleInfo (RoleInfo.java:shutdownFollowerState(121)) - 217b40b1-6496-41ee-9e5f-1bb61aa45139: shutdown FollowerState
2019-11-05 11:09:46,035 [Command processor thread] INFO  commandhandler.DeleteBlocksCommandHandler (DeleteBlocksCommandHandler.java:handle(106)) - Start to delete container blocks, TXIDs=[1(2)], numOfContainers=1, numOfBlocks=1
2019-11-05 11:09:46,035 [Command processor thread] INFO  commandhandler.DeleteBlocksCommandHandler (DeleteBlocksCommandHandler.java:handle(106)) - Start to delete container blocks, TXIDs=[1(2)], numOfContainers=1, numOfBlocks=1
2019-11-05 11:09:46,035 [Command processor thread] INFO  commandhandler.DeleteBlocksCommandHandler (DeleteBlocksCommandHandler.java:handle(106)) - Start to delete container blocks, TXIDs=[1(2)], numOfContainers=1, numOfBlocks=1
2019-11-05 11:09:46,035 [Command processor thread] INFO  commandhandler.DeleteBlocksCommandHandler (DeleteBlocksCommandHandler.java:handle(106)) - Start to delete container blocks, TXIDs=[1(0)], numOfContainers=1, numOfBlocks=1
2019-11-05 11:09:46,035 [Command processor thread] INFO  commandhandler.DeleteBlocksCommandHandler (DeleteBlocksCommandHandler.java:handle(106)) - Start to delete container blocks, TXIDs=[1(2)], numOfContainers=1, numOfBlocks=1
2019-11-05 11:09:46,036 [Command processor thread] INFO  commandhandler.DeleteBlocksCommandHandler (DeleteBlocksCommandHandler.java:handle(106)) - Start to delete container blocks, TXIDs=[1(2)], numOfContainers=1, numOfBlocks=1
2019-11-05 11:09:46,036 [Command processor thread] INFO  commandhandler.DeleteBlocksCommandHandler (DeleteBlocksCommandHandler.java:handle(106)) - Start to delete container blocks, TXIDs=[1(2)], numOfContainers=1, numOfBlocks=1
2019-11-05 11:09:46,036 [Command processor thread] INFO  commandhandler.DeleteBlocksCommandHandler (DeleteBlocksCommandHandler.java:handle(106)) - Start to delete container blocks, TXIDs=[1(2)], numOfContainers=1, numOfBlocks=1
2019-11-05 11:09:46,036 [Command processor thread] INFO  commandhandler.DeleteBlocksCommandHandler (DeleteBlocksCommandHandler.java:handle(106)) - Start to delete container blocks, TXIDs=[1(0)], numOfContainers=1, numOfBlocks=1
2019-11-05 11:09:46,037 [Command processor thread] INFO  commandhandler.DeleteBlocksCommandHandler (DeleteBlocksCommandHandler.java:handle(106)) - Start to delete container blocks, TXIDs=[1(2)], numOfContainers=1, numOfBlocks=1
2019-11-05 11:09:46,037 [Command processor thread] INFO  commandhandler.DeleteBlocksCommandHandler (DeleteBlocksCommandHandler.java:handle(106)) - Start to delete container blocks, TXIDs=[1(2)], numOfContainers=1, numOfBlocks=1
2019-11-05 11:09:46,037 [Command processor thread] INFO  commandhandler.DeleteBlocksCommandHandler (DeleteBlocksCommandHandler.java:handle(106)) - Start to delete container blocks, TXIDs=[1(2)], numOfContainers=1, numOfBlocks=1
2019-11-05 11:09:46,037 [Command processor thread] INFO  commandhandler.DeleteBlocksCommandHandler (DeleteBlocksCommandHandler.java:handle(106)) - Start to delete container blocks, TXIDs=[1(2)], numOfContainers=1, numOfBlocks=1
2019-11-05 11:09:46,037 [Command processor thread] INFO  commandhandler.DeleteBlocksCommandHandler (DeleteBlocksCommandHandler.java:handle(106)) - Start to delete container blocks, TXIDs=[1(2)], numOfContainers=1, numOfBlocks=1
2019-11-05 11:09:46,038 [Command processor thread] INFO  commandhandler.DeleteBlocksCommandHandler (DeleteBlocksCommandHandler.java:handle(106)) - Start to delete container blocks, TXIDs=[1(2)], numOfContainers=1, numOfBlocks=1
2019-11-05 11:09:46,038 [Command processor thread] INFO  commandhandler.DeleteBlocksCommandHandler (DeleteBlocksCommandHandler.java:handle(106)) - Start to delete container blocks, TXIDs=[1(38)], numOfContainers=1, numOfBlocks=1
2019-11-05 11:09:46,038 [Command processor thread] INFO  commandhandler.DeleteBlocksCommandHandler (DeleteBlocksCommandHandler.java:handle(106)) - Start to delete container blocks, TXIDs=[1(0)], numOfContainers=1, numOfBlocks=1
2019-11-05 11:09:46,038 [Command processor thread] INFO  commandhandler.DeleteBlocksCommandHandler (DeleteBlocksCommandHandler.java:handle(106)) - Start to delete container blocks, TXIDs=[1(2)], numOfContainers=1, numOfBlocks=1
2019-11-05 11:09:46,039 [Command processor thread] INFO  commandhandler.DeleteBlocksCommandHandler (DeleteBlocksCommandHandler.java:handle(106)) - Start to delete container blocks, TXIDs=[1(2)], numOfContainers=1, numOfBlocks=1
2019-11-05 11:09:46,165 [b4fa652e-9609-43ae-a5da-dbaebd8b3d71@group-FD4A39CE61DA-LeaderElection34] INFO  impl.LeaderElection (LeaderElection.java:logAndReturn(56)) - b4fa652e-9609-43ae-a5da-dbaebd8b3d71@group-FD4A39CE61DA-LeaderElection34: Election TIMEOUT; received 0 response(s) [] and 0 exception(s); b4fa652e-9609-43ae-a5da-dbaebd8b3d71@group-FD4A39CE61DA:t33, leader=null, voted=b4fa652e-9609-43ae-a5da-dbaebd8b3d71, raftlog=b4fa652e-9609-43ae-a5da-dbaebd8b3d71@group-FD4A39CE61DA-SegmentedRaftLog:OPENED:c3,f4,i4, conf=0: [217b40b1-6496-41ee-9e5f-1bb61aa45139:192.168.157.252:40951, 69837c10-b6a5-4691-9f82-b2bf7c109e66:192.168.157.252:40716, b4fa652e-9609-43ae-a5da-dbaebd8b3d71:192.168.157.252:36685], old=null
2019-11-05 11:09:46,165 [Command processor thread] INFO  commandhandler.DeleteBlocksCommandHandler (DeleteBlocksCommandHandler.java:handle(106)) - Start to delete container blocks, TXIDs=[1(2)], numOfContainers=1, numOfBlocks=1
2019-11-05 11:09:46,165 [Command processor thread] INFO  commandhandler.DeleteBlocksCommandHandler (DeleteBlocksCommandHandler.java:handle(106)) - Start to delete container blocks, TXIDs=[1(2)], numOfContainers=1, numOfBlocks=1
2019-11-05 11:09:46,166 [Command processor thread] INFO  commandhandler.DeleteBlocksCommandHandler (DeleteBlocksCommandHandler.java:handle(106)) - Start to delete container blocks, TXIDs=[1(2)], numOfContainers=1, numOfBlocks=1
2019-11-05 11:09:46,166 [Command processor thread] INFO  commandhandler.DeleteBlocksCommandHandler (DeleteBlocksCommandHandler.java:handle(106)) - Start to delete container blocks, TXIDs=[1(2)], numOfContainers=1, numOfBlocks=1
2019-11-05 11:09:46,168 [EventQueue-DeleteBlockStatusForDeletedBlockLogImpl] WARN  block.DeletedBlockLogImpl (DeletedBlockLogImpl.java:commitTransactions(205)) - Transaction txId=1 commit by dnId=b4fa652e-9609-43ae-a5da-dbaebd8b3d71 for containerID=#1 failed. Corresponding entry not found.
2019-11-05 11:09:46,168 [EventQueue-DeleteBlockStatusForDeletedBlockLogImpl] WARN  block.DeletedBlockLogImpl (DeletedBlockLogImpl.java:commitTransactions(205)) - Transaction txId=1 commit by dnId=b4fa652e-9609-43ae-a5da-dbaebd8b3d71 for containerID=#1 failed. Corresponding entry not found.
2019-11-05 11:09:46,168 [EventQueue-DeleteBlockStatusForDeletedBlockLogImpl] WARN  block.DeletedBlockLogImpl (DeletedBlockLogImpl.java:commitTransactions(205)) - Transaction txId=1 commit by dnId=b4fa652e-9609-43ae-a5da-dbaebd8b3d71 for containerID=#1 failed. Corresponding entry not found.
2019-11-05 11:09:46,168 [EventQueue-DeleteBlockStatusForDeletedBlockLogImpl] WARN  block.DeletedBlockLogImpl (DeletedBlockLogImpl.java:commitTransactions(205)) - Transaction txId=1 commit by dnId=b4fa652e-9609-43ae-a5da-dbaebd8b3d71 for containerID=#1 failed. Corresponding entry not found.
2019-11-05 11:09:46,168 [EventQueue-DeleteBlockStatusForDeletedBlockLogImpl] WARN  block.DeletedBlockLogImpl (DeletedBlockLogImpl.java:commitTransactions(205)) - Transaction txId=1 commit by dnId=b4fa652e-9609-43ae-a5da-dbaebd8b3d71 for containerID=#1 failed. Corresponding entry not found.
2019-11-05 11:09:46,168 [EventQueue-DeleteBlockStatusForDeletedBlockLogImpl] WARN  block.DeletedBlockLogImpl (DeletedBlockLogImpl.java:commitTransactions(205)) - Transaction txId=1 commit by dnId=b4fa652e-9609-43ae-a5da-dbaebd8b3d71 for containerID=#1 failed. Corresponding entry not found.
2019-11-05 11:09:46,168 [EventQueue-DeleteBlockStatusForDeletedBlockLogImpl] WARN  block.DeletedBlockLogImpl (DeletedBlockLogImpl.java:commitTransactions(205)) - Transaction txId=1 commit by dnId=b4fa652e-9609-43ae-a5da-dbaebd8b3d71 for containerID=#1 failed. Corresponding entry not found.
2019-11-05 11:09:46,168 [EventQueue-DeleteBlockStatusForDeletedBlockLogImpl] WARN  block.DeletedBlockLogImpl (DeletedBlockLogImpl.java:commitTransactions(205)) - Transaction txId=1 commit by dnId=b4fa652e-9609-43ae-a5da-dbaebd8b3d71 for containerID=#1 failed. Corresponding entry not found.
2019-11-05 11:09:46,169 [Thread-767] INFO  impl.FollowerState (FollowerState.java:run(117)) - 217b40b1-6496-41ee-9e5f-1bb61aa45139@group-FD4A39CE61DA-FollowerState was interrupted: java.lang.InterruptedException: sleep interrupted
2019-11-05 11:09:46,169 [grpc-default-executor-4] INFO  impl.RoleInfo (RoleInfo.java:updateAndGet(143)) - 217b40b1-6496-41ee-9e5f-1bb61aa45139: start FollowerState
2019-11-05 11:09:46,173 [grpc-default-executor-3] INFO  impl.RaftServerImpl (RaftServerImpl.java:setRole(184)) - 69837c10-b6a5-4691-9f82-b2bf7c109e66@group-FD4A39CE61DA: changes role from  FOLLOWER to FOLLOWER at term 33 for recognizeCandidate:b4fa652e-9609-43ae-a5da-dbaebd8b3d71
2019-11-05 11:09:46,174 [grpc-default-executor-3] INFO  impl.RoleInfo (RoleInfo.java:shutdownFollowerState(121)) - 69837c10-b6a5-4691-9f82-b2bf7c109e66: shutdown FollowerState
2019-11-05 11:09:46,174 [grpc-default-executor-3] INFO  impl.RoleInfo (RoleInfo.java:updateAndGet(143)) - 69837c10-b6a5-4691-9f82-b2bf7c109e66: start FollowerState
2019-11-05 11:09:46,175 [Thread-766] INFO  impl.FollowerState (FollowerState.java:run(117)) - 69837c10-b6a5-4691-9f82-b2bf7c109e66@group-FD4A39CE61DA-FollowerState was interrupted: java.lang.InterruptedException: sleep interrupted
2019-11-05 11:09:46,184 [b4fa652e-9609-43ae-a5da-dbaebd8b3d71@group-FD4A39CE61DA-LeaderElection34] INFO  impl.LeaderElection (LeaderElection.java:askForVotes(178)) - b4fa652e-9609-43ae-a5da-dbaebd8b3d71@group-FD4A39CE61DA-LeaderElection34: begin an election at term 34 for 0: [217b40b1-6496-41ee-9e5f-1bb61aa45139:192.168.157.252:40951, 69837c10-b6a5-4691-9f82-b2bf7c109e66:192.168.157.252:40716, b4fa652e-9609-43ae-a5da-dbaebd8b3d71:192.168.157.252:36685], old=null
2019-11-05 11:09:46,203 [grpc-default-executor-4] INFO  impl.RaftServerImpl (RaftServerImpl.java:setRole(184)) - 217b40b1-6496-41ee-9e5f-1bb61aa45139@group-FD4A39CE61DA: changes role from  FOLLOWER to FOLLOWER at term 34 for recognizeCandidate:b4fa652e-9609-43ae-a5da-dbaebd8b3d71
2019-11-05 11:09:46,203 [grpc-default-executor-4] INFO  impl.RoleInfo (RoleInfo.java:shutdownFollowerState(121)) - 217b40b1-6496-41ee-9e5f-1bb61aa45139: shutdown FollowerState
2019-11-05 11:09:46,203 [grpc-default-executor-4] INFO  impl.RoleInfo (RoleInfo.java:updateAndGet(143)) - 217b40b1-6496-41ee-9e5f-1bb61aa45139: start FollowerState
2019-11-05 11:09:46,204 [Thread-778] INFO  impl.FollowerState (FollowerState.java:run(117)) - 217b40b1-6496-41ee-9e5f-1bb61aa45139@group-FD4A39CE61DA-FollowerState was interrupted: java.lang.InterruptedException: sleep interrupted
2019-11-05 11:09:46,206 [grpc-default-executor-3] INFO  impl.RaftServerImpl (RaftServerImpl.java:setRole(184)) - 69837c10-b6a5-4691-9f82-b2bf7c109e66@group-FD4A39CE61DA: changes role from  FOLLOWER to FOLLOWER at term 34 for recognizeCandidate:b4fa652e-9609-43ae-a5da-dbaebd8b3d71
2019-11-05 11:09:46,206 [grpc-default-executor-3] INFO  impl.RoleInfo (RoleInfo.java:shutdownFollowerState(121)) - 69837c10-b6a5-4691-9f82-b2bf7c109e66: shutdown FollowerState
2019-11-05 11:09:46,207 [grpc-default-executor-3] INFO  impl.RoleInfo (RoleInfo.java:updateAndGet(143)) - 69837c10-b6a5-4691-9f82-b2bf7c109e66: start FollowerState
2019-11-05 11:09:46,245 [Thread-779] INFO  impl.FollowerState (FollowerState.java:run(117)) - 69837c10-b6a5-4691-9f82-b2bf7c109e66@group-FD4A39CE61DA-FollowerState was interrupted: java.lang.InterruptedException: sleep interrupted
2019-11-05 11:09:46,281 [b4fa652e-9609-43ae-a5da-dbaebd8b3d71@group-FD4A39CE61DA-LeaderElection34] INFO  impl.LeaderElection (LeaderElection.java:logAndReturn(56)) - b4fa652e-9609-43ae-a5da-dbaebd8b3d71@group-FD4A39CE61DA-LeaderElection34: Election REJECTED; received 2 response(s) [b4fa652e-9609-43ae-a5da-dbaebd8b3d71<-217b40b1-6496-41ee-9e5f-1bb61aa45139#0:FAIL-t34, b4fa652e-9609-43ae-a5da-dbaebd8b3d71<-69837c10-b6a5-4691-9f82-b2bf7c109e66#0:FAIL-t34] and 0 exception(s); b4fa652e-9609-43ae-a5da-dbaebd8b3d71@group-FD4A39CE61DA:t34, leader=null, voted=b4fa652e-9609-43ae-a5da-dbaebd8b3d71, raftlog=b4fa652e-9609-43ae-a5da-dbaebd8b3d71@group-FD4A39CE61DA-SegmentedRaftLog:OPENED:c3,f4,i4, conf=0: [217b40b1-6496-41ee-9e5f-1bb61aa45139:192.168.157.252:40951, 69837c10-b6a5-4691-9f82-b2bf7c109e66:192.168.157.252:40716, b4fa652e-9609-43ae-a5da-dbaebd8b3d71:192.168.157.252:36685], old=null
2019-11-05 11:09:46,281 [b4fa652e-9609-43ae-a5da-dbaebd8b3d71@group-FD4A39CE61DA-LeaderElection34] INFO  impl.RaftServerImpl (RaftServerImpl.java:setRole(184)) - b4fa652e-9609-43ae-a5da-dbaebd8b3d71@group-FD4A39CE61DA: changes role from CANDIDATE to FOLLOWER at term 34 for DISCOVERED_A_NEW_TERM
2019-11-05 11:09:46,281 [b4fa652e-9609-43ae-a5da-dbaebd8b3d71@group-FD4A39CE61DA-LeaderElection34] INFO  impl.RoleInfo (RoleInfo.java:shutdownLeaderElection(134)) - b4fa652e-9609-43ae-a5da-dbaebd8b3d71: shutdown LeaderElection
2019-11-05 11:09:46,281 [b4fa652e-9609-43ae-a5da-dbaebd8b3d71@group-FD4A39CE61DA-LeaderElection34] INFO  impl.RoleInfo (RoleInfo.java:updateAndGet(143)) - b4fa652e-9609-43ae-a5da-dbaebd8b3d71: start FollowerState
2019-11-05 11:09:46,373 [Thread-784] INFO  impl.FollowerState (FollowerState.java:run(108)) - b4fa652e-9609-43ae-a5da-dbaebd8b3d71@group-FD4A39CE61DA-FollowerState: change to CANDIDATE, lastRpcTime:92ms, electionTimeout:66ms
2019-11-05 11:09:46,374 [Thread-784] INFO  impl.RoleInfo (RoleInfo.java:shutdownFollowerState(121)) - b4fa652e-9609-43ae-a5da-dbaebd8b3d71: shutdown FollowerState
2019-11-05 11:09:46,374 [Thread-784] INFO  impl.RaftServerImpl (RaftServerImpl.java:setRole(184)) - b4fa652e-9609-43ae-a5da-dbaebd8b3d71@group-FD4A39CE61DA: changes role from  FOLLOWER to CANDIDATE at term 34 for changeToCandidate
2019-11-05 11:09:46,374 [Thread-784] INFO  impl.RoleInfo (RoleInfo.java:updateAndGet(143)) - b4fa652e-9609-43ae-a5da-dbaebd8b3d71: start LeaderElection
2019-11-05 11:09:46,392 [b4fa652e-9609-43ae-a5da-dbaebd8b3d71@group-FD4A39CE61DA-LeaderElection35] INFO  impl.LeaderElection (LeaderElection.java:askForVotes(178)) - b4fa652e-9609-43ae-a5da-dbaebd8b3d71@group-FD4A39CE61DA-LeaderElection35: begin an election at term 35 for 0: [217b40b1-6496-41ee-9e5f-1bb61aa45139:192.168.157.252:40951, 69837c10-b6a5-4691-9f82-b2bf7c109e66:192.168.157.252:40716, b4fa652e-9609-43ae-a5da-dbaebd8b3d71:192.168.157.252:36685], old=null
2019-11-05 11:09:46,400 [grpc-default-executor-3] INFO  impl.RaftServerImpl (RaftServerImpl.java:setRole(184)) - 69837c10-b6a5-4691-9f82-b2bf7c109e66@group-FD4A39CE61DA: changes role from  FOLLOWER to FOLLOWER at term 35 for recognizeCandidate:b4fa652e-9609-43ae-a5da-dbaebd8b3d71
2019-11-05 11:09:46,400 [grpc-default-executor-3] INFO  impl.RoleInfo (RoleInfo.java:shutdownFollowerState(121)) - 69837c10-b6a5-4691-9f82-b2bf7c109e66: shutdown FollowerState
2019-11-05 11:09:46,400 [grpc-default-executor-3] INFO  impl.RoleInfo (RoleInfo.java:updateAndGet(143)) - 69837c10-b6a5-4691-9f82-b2bf7c109e66: start FollowerState
2019-11-05 11:09:46,405 [Thread-783] INFO  impl.FollowerState (FollowerState.java:run(117)) - 69837c10-b6a5-4691-9f82-b2bf7c109e66@group-FD4A39CE61DA-FollowerState was interrupted: java.lang.InterruptedException: sleep interrupted
2019-11-05 11:09:46,421 [grpc-default-executor-4] INFO  impl.RaftServerImpl (RaftServerImpl.java:setRole(184)) - 217b40b1-6496-41ee-9e5f-1bb61aa45139@group-FD4A39CE61DA: changes role from  FOLLOWER to FOLLOWER at term 35 for recognizeCandidate:b4fa652e-9609-43ae-a5da-dbaebd8b3d71
2019-11-05 11:09:46,421 [grpc-default-executor-4] INFO  impl.RoleInfo (RoleInfo.java:shutdownFollowerState(121)) - 217b40b1-6496-41ee-9e5f-1bb61aa45139: shutdown FollowerState
2019-11-05 11:09:46,421 [grpc-default-executor-4] INFO  impl.RoleInfo (RoleInfo.java:updateAndGet(143)) - 217b40b1-6496-41ee-9e5f-1bb61aa45139: start FollowerState
2019-11-05 11:09:46,422 [Thread-782] INFO  impl.FollowerState (FollowerState.java:run(117)) - 217b40b1-6496-41ee-9e5f-1bb61aa45139@group-FD4A39CE61DA-FollowerState was interrupted: java.lang.InterruptedException: sleep interrupted
2019-11-05 11:09:46,444 [b4fa652e-9609-43ae-a5da-dbaebd8b3d71@group-FD4A39CE61DA-LeaderElection35] INFO  impl.LeaderElection (LeaderElection.java:logAndReturn(56)) - b4fa652e-9609-43ae-a5da-dbaebd8b3d71@group-FD4A39CE61DA-LeaderElection35: Election REJECTED; received 2 response(s) [b4fa652e-9609-43ae-a5da-dbaebd8b3d71<-217b40b1-6496-41ee-9e5f-1bb61aa45139#0:FAIL-t35, b4fa652e-9609-43ae-a5da-dbaebd8b3d71<-69837c10-b6a5-4691-9f82-b2bf7c109e66#0:FAIL-t35] and 0 exception(s); b4fa652e-9609-43ae-a5da-dbaebd8b3d71@group-FD4A39CE61DA:t35, leader=null, voted=b4fa652e-9609-43ae-a5da-dbaebd8b3d71, raftlog=b4fa652e-9609-43ae-a5da-dbaebd8b3d71@group-FD4A39CE61DA-SegmentedRaftLog:OPENED:c3,f4,i4, conf=0: [217b40b1-6496-41ee-9e5f-1bb61aa45139:192.168.157.252:40951, 69837c10-b6a5-4691-9f82-b2bf7c109e66:192.168.157.252:40716, b4fa652e-9609-43ae-a5da-dbaebd8b3d71:192.168.157.252:36685], old=null
2019-11-05 11:09:46,444 [b4fa652e-9609-43ae-a5da-dbaebd8b3d71@group-FD4A39CE61DA-LeaderElection35] INFO  impl.RaftServerImpl (RaftServerImpl.java:setRole(184)) - b4fa652e-9609-43ae-a5da-dbaebd8b3d71@group-FD4A39CE61DA: changes role from CANDIDATE to FOLLOWER at term 35 for DISCOVERED_A_NEW_TERM
2019-11-05 11:09:46,445 [b4fa652e-9609-43ae-a5da-dbaebd8b3d71@group-FD4A39CE61DA-LeaderElection35] INFO  impl.RoleInfo (RoleInfo.java:shutdownLeaderElection(134)) - b4fa652e-9609-43ae-a5da-dbaebd8b3d71: shutdown LeaderElection
2019-11-05 11:09:46,445 [b4fa652e-9609-43ae-a5da-dbaebd8b3d71@group-FD4A39CE61DA-LeaderElection35] INFO  impl.RoleInfo (RoleInfo.java:updateAndGet(143)) - b4fa652e-9609-43ae-a5da-dbaebd8b3d71: start FollowerState
2019-11-05 11:09:46,614 [Thread-790] INFO  impl.FollowerState (FollowerState.java:run(108)) - b4fa652e-9609-43ae-a5da-dbaebd8b3d71@group-FD4A39CE61DA-FollowerState: change to CANDIDATE, lastRpcTime:169ms, electionTimeout:167ms
2019-11-05 11:09:46,615 [Thread-790] INFO  impl.RoleInfo (RoleInfo.java:shutdownFollowerState(121)) - b4fa652e-9609-43ae-a5da-dbaebd8b3d71: shutdown FollowerState
2019-11-05 11:09:46,615 [Thread-790] INFO  impl.RaftServerImpl (RaftServerImpl.java:setRole(184)) - b4fa652e-9609-43ae-a5da-dbaebd8b3d71@group-FD4A39CE61DA: changes role from  FOLLOWER to CANDIDATE at term 35 for changeToCandidate
2019-11-05 11:09:46,615 [Thread-790] INFO  impl.RoleInfo (RoleInfo.java:updateAndGet(143)) - b4fa652e-9609-43ae-a5da-dbaebd8b3d71: start LeaderElection
2019-11-05 11:09:46,634 [b4fa652e-9609-43ae-a5da-dbaebd8b3d71@group-FD4A39CE61DA-LeaderElection36] INFO  impl.LeaderElection (LeaderElection.java:askForVotes(178)) - b4fa652e-9609-43ae-a5da-dbaebd8b3d71@group-FD4A39CE61DA-LeaderElection36: begin an election at term 36 for 0: [217b40b1-6496-41ee-9e5f-1bb61aa45139:192.168.157.252:40951, 69837c10-b6a5-4691-9f82-b2bf7c109e66:192.168.157.252:40716, b4fa652e-9609-43ae-a5da-dbaebd8b3d71:192.168.157.252:36685], old=null
2019-11-05 11:09:46,638 [grpc-default-executor-4] INFO  impl.RaftServerImpl (RaftServerImpl.java:setRole(184)) - 217b40b1-6496-41ee-9e5f-1bb61aa45139@group-FD4A39CE61DA: changes role from  FOLLOWER to FOLLOWER at term 36 for recognizeCandidate:b4fa652e-9609-43ae-a5da-dbaebd8b3d71
2019-11-05 11:09:46,639 [grpc-default-executor-4] INFO  impl.RoleInfo (RoleInfo.java:shutdownFollowerState(121)) - 217b40b1-6496-41ee-9e5f-1bb61aa45139: shutdown FollowerState
2019-11-05 11:09:46,639 [Thread-789] INFO  impl.FollowerState (FollowerState.java:run(117)) - 217b40b1-6496-41ee-9e5f-1bb61aa45139@group-FD4A39CE61DA-FollowerState was interrupted: java.lang.InterruptedException: sleep interrupted
2019-11-05 11:09:46,639 [grpc-default-executor-4] INFO  impl.RoleInfo (RoleInfo.java:updateAndGet(143)) - 217b40b1-6496-41ee-9e5f-1bb61aa45139: start FollowerState
2019-11-05 11:09:46,643 [grpc-default-executor-3] INFO  impl.RaftServerImpl (RaftServerImpl.java:setRole(184)) - 69837c10-b6a5-4691-9f82-b2bf7c109e66@group-FD4A39CE61DA: changes role from  FOLLOWER to FOLLOWER at term 36 for recognizeCandidate:b4fa652e-9609-43ae-a5da-dbaebd8b3d71
2019-11-05 11:09:46,643 [grpc-default-executor-3] INFO  impl.RoleInfo (RoleInfo.java:shutdownFollowerState(121)) - 69837c10-b6a5-4691-9f82-b2bf7c109e66: shutdown FollowerState
2019-11-05 11:09:46,643 [grpc-default-executor-3] INFO  impl.RoleInfo (RoleInfo.java:updateAndGet(143)) - 69837c10-b6a5-4691-9f82-b2bf7c109e66: start FollowerState
2019-11-05 11:09:46,643 [Thread-788] INFO  impl.FollowerState (FollowerState.java:run(117)) - 69837c10-b6a5-4691-9f82-b2bf7c109e66@group-FD4A39CE61DA-FollowerState was interrupted: java.lang.InterruptedException: sleep interrupted
2019-11-05 11:09:46,657 [b4fa652e-9609-43ae-a5da-dbaebd8b3d71@group-FD4A39CE61DA-LeaderElection36] INFO  impl.LeaderElection (LeaderElection.java:logAndReturn(56)) - b4fa652e-9609-43ae-a5da-dbaebd8b3d71@group-FD4A39CE61DA-LeaderElection36: Election REJECTED; received 2 response(s) [b4fa652e-9609-43ae-a5da-dbaebd8b3d71<-217b40b1-6496-41ee-9e5f-1bb61aa45139#0:FAIL-t36, b4fa652e-9609-43ae-a5da-dbaebd8b3d71<-69837c10-b6a5-4691-9f82-b2bf7c109e66#0:FAIL-t36] and 0 exception(s); b4fa652e-9609-43ae-a5da-dbaebd8b3d71@group-FD4A39CE61DA:t36, leader=null, voted=b4fa652e-9609-43ae-a5da-dbaebd8b3d71, raftlog=b4fa652e-9609-43ae-a5da-dbaebd8b3d71@group-FD4A39CE61DA-SegmentedRaftLog:OPENED:c3,f4,i4, conf=0: [217b40b1-6496-41ee-9e5f-1bb61aa45139:192.168.157.252:40951, 69837c10-b6a5-4691-9f82-b2bf7c109e66:192.168.157.252:40716, b4fa652e-9609-43ae-a5da-dbaebd8b3d71:192.168.157.252:36685], old=null
2019-11-05 11:09:46,657 [b4fa652e-9609-43ae-a5da-dbaebd8b3d71@group-FD4A39CE61DA-LeaderElection36] INFO  impl.RaftServerImpl (RaftServerImpl.java:setRole(184)) - b4fa652e-9609-43ae-a5da-dbaebd8b3d71@group-FD4A39CE61DA: changes role from CANDIDATE to FOLLOWER at term 36 for DISCOVERED_A_NEW_TERM
2019-11-05 11:09:46,657 [b4fa652e-9609-43ae-a5da-dbaebd8b3d71@group-FD4A39CE61DA-LeaderElection36] INFO  impl.RoleInfo (RoleInfo.java:shutdownLeaderElection(134)) - b4fa652e-9609-43ae-a5da-dbaebd8b3d71: shutdown LeaderElection
2019-11-05 11:09:46,657 [b4fa652e-9609-43ae-a5da-dbaebd8b3d71@group-FD4A39CE61DA-LeaderElection36] INFO  impl.RoleInfo (RoleInfo.java:updateAndGet(143)) - b4fa652e-9609-43ae-a5da-dbaebd8b3d71: start FollowerState
2019-11-05 11:09:46,770 [Thread-796] INFO  impl.FollowerState (FollowerState.java:run(108)) - b4fa652e-9609-43ae-a5da-dbaebd8b3d71@group-FD4A39CE61DA-FollowerState: change to CANDIDATE, lastRpcTime:112ms, electionTimeout:112ms
2019-11-05 11:09:46,770 [Thread-796] INFO  impl.RoleInfo (RoleInfo.java:shutdownFollowerState(121)) - b4fa652e-9609-43ae-a5da-dbaebd8b3d71: shutdown FollowerState
2019-11-05 11:09:46,770 [Thread-796] INFO  impl.RaftServerImpl (RaftServerImpl.java:setRole(184)) - b4fa652e-9609-43ae-a5da-dbaebd8b3d71@group-FD4A39CE61DA: changes role from  FOLLOWER to CANDIDATE at term 36 for changeToCandidate
2019-11-05 11:09:46,771 [Thread-796] INFO  impl.RoleInfo (RoleInfo.java:updateAndGet(143)) - b4fa652e-9609-43ae-a5da-dbaebd8b3d71: start LeaderElection
2019-11-05 11:09:46,785 [b4fa652e-9609-43ae-a5da-dbaebd8b3d71@group-FD4A39CE61DA-LeaderElection37] INFO  impl.LeaderElection (LeaderElection.java:askForVotes(178)) - b4fa652e-9609-43ae-a5da-dbaebd8b3d71@group-FD4A39CE61DA-LeaderElection37: begin an election at term 37 for 0: [217b40b1-6496-41ee-9e5f-1bb61aa45139:192.168.157.252:40951, 69837c10-b6a5-4691-9f82-b2bf7c109e66:192.168.157.252:40716, b4fa652e-9609-43ae-a5da-dbaebd8b3d71:192.168.157.252:36685], old=null
2019-11-05 11:09:46,788 [grpc-default-executor-4] INFO  impl.RaftServerImpl (RaftServerImpl.java:setRole(184)) - 69837c10-b6a5-4691-9f82-b2bf7c109e66@group-FD4A39CE61DA: changes role from  FOLLOWER to FOLLOWER at term 37 for recognizeCandidate:b4fa652e-9609-43ae-a5da-dbaebd8b3d71
2019-11-05 11:09:46,788 [grpc-default-executor-3] INFO  impl.RaftServerImpl (RaftServerImpl.java:setRole(184)) - 217b40b1-6496-41ee-9e5f-1bb61aa45139@group-FD4A39CE61DA: changes role from  FOLLOWER to FOLLOWER at term 37 for recognizeCandidate:b4fa652e-9609-43ae-a5da-dbaebd8b3d71
2019-11-05 11:09:46,788 [grpc-default-executor-4] INFO  impl.RoleInfo (RoleInfo.java:shutdownFollowerState(121)) - 69837c10-b6a5-4691-9f82-b2bf7c109e66: shutdown FollowerState
2019-11-05 11:09:46,788 [grpc-default-executor-3] INFO  impl.RoleInfo (RoleInfo.java:shutdownFollowerState(121)) - 217b40b1-6496-41ee-9e5f-1bb61aa45139: shutdown FollowerState
2019-11-05 11:09:46,789 [Thread-795] INFO  impl.FollowerState (FollowerState.java:run(117)) - 69837c10-b6a5-4691-9f82-b2bf7c109e66@group-FD4A39CE61DA-FollowerState was interrupted: java.lang.InterruptedException: sleep interrupted
2019-11-05 11:09:46,789 [Thread-794] INFO  impl.FollowerState (FollowerState.java:run(117)) - 217b40b1-6496-41ee-9e5f-1bb61aa45139@group-FD4A39CE61DA-FollowerState was interrupted: java.lang.InterruptedException: sleep interrupted
2019-11-05 11:09:46,789 [grpc-default-executor-4] INFO  impl.RoleInfo (RoleInfo.java:updateAndGet(143)) - 69837c10-b6a5-4691-9f82-b2bf7c109e66: start FollowerState
2019-11-05 11:09:46,789 [grpc-default-executor-3] INFO  impl.RoleInfo (RoleInfo.java:updateAndGet(143)) - 217b40b1-6496-41ee-9e5f-1bb61aa45139: start FollowerState
2019-11-05 11:09:46,809 [b4fa652e-9609-43ae-a5da-dbaebd8b3d71@group-FD4A39CE61DA-LeaderElection37] INFO  impl.LeaderElection (LeaderElection.java:logAndReturn(56)) - b4fa652e-9609-43ae-a5da-dbaebd8b3d71@group-FD4A39CE61DA-LeaderElection37: Election REJECTED; received 2 response(s) [b4fa652e-9609-43ae-a5da-dbaebd8b3d71<-217b40b1-6496-41ee-9e5f-1bb61aa45139#0:FAIL-t37, b4fa652e-9609-43ae-a5da-dbaebd8b3d71<-69837c10-b6a5-4691-9f82-b2bf7c109e66#0:FAIL-t37] and 0 exception(s); b4fa652e-9609-43ae-a5da-dbaebd8b3d71@group-FD4A39CE61DA:t37, leader=null, voted=b4fa652e-9609-43ae-a5da-dbaebd8b3d71, raftlog=b4fa652e-9609-43ae-a5da-dbaebd8b3d71@group-FD4A39CE61DA-SegmentedRaftLog:OPENED:c3,f4,i4, conf=0: [217b40b1-6496-41ee-9e5f-1bb61aa45139:192.168.157.252:40951, 69837c10-b6a5-4691-9f82-b2bf7c109e66:192.168.157.252:40716, b4fa652e-9609-43ae-a5da-dbaebd8b3d71:192.168.157.252:36685], old=null
2019-11-05 11:09:46,809 [b4fa652e-9609-43ae-a5da-dbaebd8b3d71@group-FD4A39CE61DA-LeaderElection37] INFO  impl.RaftServerImpl (RaftServerImpl.java:setRole(184)) - b4fa652e-9609-43ae-a5da-dbaebd8b3d71@group-FD4A39CE61DA: changes role from CANDIDATE to FOLLOWER at term 37 for DISCOVERED_A_NEW_TERM
2019-11-05 11:09:46,809 [b4fa652e-9609-43ae-a5da-dbaebd8b3d71@group-FD4A39CE61DA-LeaderElection37] INFO  impl.RoleInfo (RoleInfo.java:shutdownLeaderElection(134)) - b4fa652e-9609-43ae-a5da-dbaebd8b3d71: shutdown LeaderElection
2019-11-05 11:09:46,809 [b4fa652e-9609-43ae-a5da-dbaebd8b3d71@group-FD4A39CE61DA-LeaderElection37] INFO  impl.RoleInfo (RoleInfo.java:updateAndGet(143)) - b4fa652e-9609-43ae-a5da-dbaebd8b3d71: start FollowerState
2019-11-05 11:09:46,875 [Thread-802] INFO  impl.FollowerState (FollowerState.java:run(108)) - b4fa652e-9609-43ae-a5da-dbaebd8b3d71@group-FD4A39CE61DA-FollowerState: change to CANDIDATE, lastRpcTime:65ms, electionTimeout:65ms
2019-11-05 11:09:46,875 [Thread-802] INFO  impl.RoleInfo (RoleInfo.java:shutdownFollowerState(121)) - b4fa652e-9609-43ae-a5da-dbaebd8b3d71: shutdown FollowerState
2019-11-05 11:09:46,875 [Thread-802] INFO  impl.RaftServerImpl (RaftServerImpl.java:setRole(184)) - b4fa652e-9609-43ae-a5da-dbaebd8b3d71@group-FD4A39CE61DA: changes role from  FOLLOWER to CANDIDATE at term 37 for changeToCandidate
2019-11-05 11:09:46,875 [Thread-802] INFO  impl.RoleInfo (RoleInfo.java:updateAndGet(143)) - b4fa652e-9609-43ae-a5da-dbaebd8b3d71: start LeaderElection
2019-11-05 11:09:46,885 [BlockDeletingService#2] WARN  background.BlockDeletingService (BlockDeletingService.java:isDeletionAllowed(187)) - Close Container log Index 6 is not replicated across allthe servers in the pipeline a8186365-22ae-4f7f-97bd-fd4a39ce61da as the min replicated index is 4. Deletion is not allowed in this container yet.
2019-11-05 11:09:46,887 [BlockDeletingService#9] WARN  background.BlockDeletingService (BlockDeletingService.java:isDeletionAllowed(187)) - Close Container log Index 6 is not replicated across allthe servers in the pipeline a8186365-22ae-4f7f-97bd-fd4a39ce61da as the min replicated index is 4. Deletion is not allowed in this container yet.
2019-11-05 11:09:46,907 [b4fa652e-9609-43ae-a5da-dbaebd8b3d71@group-FD4A39CE61DA-LeaderElection38] INFO  impl.LeaderElection (LeaderElection.java:askForVotes(178)) - b4fa652e-9609-43ae-a5da-dbaebd8b3d71@group-FD4A39CE61DA-LeaderElection38: begin an election at term 38 for 0: [217b40b1-6496-41ee-9e5f-1bb61aa45139:192.168.157.252:40951, 69837c10-b6a5-4691-9f82-b2bf7c109e66:192.168.157.252:40716, b4fa652e-9609-43ae-a5da-dbaebd8b3d71:192.168.157.252:36685], old=null
2019-11-05 11:09:46,911 [grpc-default-executor-4] INFO  impl.RaftServerImpl (RaftServerImpl.java:setRole(184)) - 217b40b1-6496-41ee-9e5f-1bb61aa45139@group-FD4A39CE61DA: changes role from  FOLLOWER to FOLLOWER at term 38 for recognizeCandidate:b4fa652e-9609-43ae-a5da-dbaebd8b3d71
2019-11-05 11:09:46,911 [grpc-default-executor-4] INFO  impl.RoleInfo (RoleInfo.java:shutdownFollowerState(121)) - 217b40b1-6496-41ee-9e5f-1bb61aa45139: shutdown FollowerState
2019-11-05 11:09:46,911 [grpc-default-executor-4] INFO  impl.RoleInfo (RoleInfo.java:updateAndGet(143)) - 217b40b1-6496-41ee-9e5f-1bb61aa45139: start FollowerState
2019-11-05 11:09:46,912 [Thread-801] INFO  impl.FollowerState (FollowerState.java:run(117)) - 217b40b1-6496-41ee-9e5f-1bb61aa45139@group-FD4A39CE61DA-FollowerState was interrupted: java.lang.InterruptedException: sleep interrupted
2019-11-05 11:09:46,913 [grpc-default-executor-3] INFO  impl.RaftServerImpl (RaftServerImpl.java:setRole(184)) - 69837c10-b6a5-4691-9f82-b2bf7c109e66@group-FD4A39CE61DA: changes role from  FOLLOWER to FOLLOWER at term 38 for recognizeCandidate:b4fa652e-9609-43ae-a5da-dbaebd8b3d71
2019-11-05 11:09:46,913 [grpc-default-executor-3] INFO  impl.RoleInfo (RoleInfo.java:shutdownFollowerState(121)) - 69837c10-b6a5-4691-9f82-b2bf7c109e66: shutdown FollowerState
2019-11-05 11:09:46,913 [grpc-default-executor-3] INFO  impl.RoleInfo (RoleInfo.java:updateAndGet(143)) - 69837c10-b6a5-4691-9f82-b2bf7c109e66: start FollowerState
2019-11-05 11:09:46,914 [Thread-800] INFO  impl.FollowerState (FollowerState.java:run(117)) - 69837c10-b6a5-4691-9f82-b2bf7c109e66@group-FD4A39CE61DA-FollowerState was interrupted: java.lang.InterruptedException: sleep interrupted
2019-11-05 11:09:46,931 [b4fa652e-9609-43ae-a5da-dbaebd8b3d71@group-FD4A39CE61DA-LeaderElection38] INFO  impl.LeaderElection (LeaderElection.java:logAndReturn(56)) - b4fa652e-9609-43ae-a5da-dbaebd8b3d71@group-FD4A39CE61DA-LeaderElection38: Election REJECTED; received 2 response(s) [b4fa652e-9609-43ae-a5da-dbaebd8b3d71<-217b40b1-6496-41ee-9e5f-1bb61aa45139#0:FAIL-t38, b4fa652e-9609-43ae-a5da-dbaebd8b3d71<-69837c10-b6a5-4691-9f82-b2bf7c109e66#0:FAIL-t38] and 0 exception(s); b4fa652e-9609-43ae-a5da-dbaebd8b3d71@group-FD4A39CE61DA:t38, leader=null, voted=b4fa652e-9609-43ae-a5da-dbaebd8b3d71, raftlog=b4fa652e-9609-43ae-a5da-dbaebd8b3d71@group-FD4A39CE61DA-SegmentedRaftLog:OPENED:c3,f4,i4, conf=0: [217b40b1-6496-41ee-9e5f-1bb61aa45139:192.168.157.252:40951, 69837c10-b6a5-4691-9f82-b2bf7c109e66:192.168.157.252:40716, b4fa652e-9609-43ae-a5da-dbaebd8b3d71:192.168.157.252:36685], old=null
2019-11-05 11:09:46,932 [b4fa652e-9609-43ae-a5da-dbaebd8b3d71@group-FD4A39CE61DA-LeaderElection38] INFO  impl.RaftServerImpl (RaftServerImpl.java:setRole(184)) - b4fa652e-9609-43ae-a5da-dbaebd8b3d71@group-FD4A39CE61DA: changes role from CANDIDATE to FOLLOWER at term 38 for DISCOVERED_A_NEW_TERM
2019-11-05 11:09:46,932 [b4fa652e-9609-43ae-a5da-dbaebd8b3d71@group-FD4A39CE61DA-LeaderElection38] INFO  impl.RoleInfo (RoleInfo.java:shutdownLeaderElection(134)) - b4fa652e-9609-43ae-a5da-dbaebd8b3d71: shutdown LeaderElection
2019-11-05 11:09:46,932 [b4fa652e-9609-43ae-a5da-dbaebd8b3d71@group-FD4A39CE61DA-LeaderElection38] INFO  impl.RoleInfo (RoleInfo.java:updateAndGet(143)) - b4fa652e-9609-43ae-a5da-dbaebd8b3d71: start FollowerState
2019-11-05 11:09:46,947 [Thread-810] INFO  impl.FollowerState (FollowerState.java:run(108)) - b4fa652e-9609-43ae-a5da-dbaebd8b3d71@group-FD4A39CE61DA-FollowerState: change to CANDIDATE, lastRpcTime:15ms, electionTimeout:15ms
2019-11-05 11:09:46,948 [Thread-810] INFO  impl.RoleInfo (RoleInfo.java:shutdownFollowerState(121)) - b4fa652e-9609-43ae-a5da-dbaebd8b3d71: shutdown FollowerState
2019-11-05 11:09:46,948 [Thread-810] INFO  impl.RaftServerImpl (RaftServerImpl.java:setRole(184)) - b4fa652e-9609-43ae-a5da-dbaebd8b3d71@group-FD4A39CE61DA: changes role from  FOLLOWER to CANDIDATE at term 38 for changeToCandidate
2019-11-05 11:09:46,948 [Thread-810] INFO  impl.RoleInfo (RoleInfo.java:updateAndGet(143)) - b4fa652e-9609-43ae-a5da-dbaebd8b3d71: start LeaderElection
2019-11-05 11:09:46,963 [b4fa652e-9609-43ae-a5da-dbaebd8b3d71@group-FD4A39CE61DA-LeaderElection39] INFO  impl.LeaderElection (LeaderElection.java:askForVotes(178)) - b4fa652e-9609-43ae-a5da-dbaebd8b3d71@group-FD4A39CE61DA-LeaderElection39: begin an election at term 39 for 0: [217b40b1-6496-41ee-9e5f-1bb61aa45139:192.168.157.252:40951, 69837c10-b6a5-4691-9f82-b2bf7c109e66:192.168.157.252:40716, b4fa652e-9609-43ae-a5da-dbaebd8b3d71:192.168.157.252:36685], old=null
2019-11-05 11:09:46,966 [grpc-default-executor-4] INFO  impl.RaftServerImpl (RaftServerImpl.java:setRole(184)) - 69837c10-b6a5-4691-9f82-b2bf7c109e66@group-FD4A39CE61DA: changes role from  FOLLOWER to FOLLOWER at term 39 for recognizeCandidate:b4fa652e-9609-43ae-a5da-dbaebd8b3d71
2019-11-05 11:09:46,966 [grpc-default-executor-3] INFO  impl.RaftServerImpl (RaftServerImpl.java:setRole(184)) - 217b40b1-6496-41ee-9e5f-1bb61aa45139@group-FD4A39CE61DA: changes role from  FOLLOWER to FOLLOWER at term 39 for recognizeCandidate:b4fa652e-9609-43ae-a5da-dbaebd8b3d71
2019-11-05 11:09:46,966 [grpc-default-executor-4] INFO  impl.RoleInfo (RoleInfo.java:shutdownFollowerState(121)) - 69837c10-b6a5-4691-9f82-b2bf7c109e66: shutdown FollowerState
2019-11-05 11:09:46,966 [grpc-default-executor-3] INFO  impl.RoleInfo (RoleInfo.java:shutdownFollowerState(121)) - 217b40b1-6496-41ee-9e5f-1bb61aa45139: shutdown FollowerState
2019-11-05 11:09:46,966 [grpc-default-executor-4] INFO  impl.RoleInfo (RoleInfo.java:updateAndGet(143)) - 69837c10-b6a5-4691-9f82-b2bf7c109e66: start FollowerState
2019-11-05 11:09:46,967 [Thread-808] INFO  impl.FollowerState (FollowerState.java:run(117)) - 217b40b1-6496-41ee-9e5f-1bb61aa45139@group-FD4A39CE61DA-FollowerState was interrupted: java.lang.InterruptedException: sleep interrupted
2019-11-05 11:09:46,966 [grpc-default-executor-3] INFO  impl.RoleInfo (RoleInfo.java:updateAndGet(143)) - 217b40b1-6496-41ee-9e5f-1bb61aa45139: start FollowerState
2019-11-05 11:09:46,967 [Thread-809] INFO  impl.FollowerState (FollowerState.java:run(117)) - 69837c10-b6a5-4691-9f82-b2bf7c109e66@group-FD4A39CE61DA-FollowerState was interrupted: java.lang.InterruptedException: sleep interrupted
2019-11-05 11:09:46,997 [b4fa652e-9609-43ae-a5da-dbaebd8b3d71@group-FD4A39CE61DA-LeaderElection39] INFO  impl.LeaderElection (LeaderElection.java:logAndReturn(56)) - b4fa652e-9609-43ae-a5da-dbaebd8b3d71@group-FD4A39CE61DA-LeaderElection39: Election REJECTED; received 2 response(s) [b4fa652e-9609-43ae-a5da-dbaebd8b3d71<-217b40b1-6496-41ee-9e5f-1bb61aa45139#0:FAIL-t39, b4fa652e-9609-43ae-a5da-dbaebd8b3d71<-69837c10-b6a5-4691-9f82-b2bf7c109e66#0:FAIL-t39] and 0 exception(s); b4fa652e-9609-43ae-a5da-dbaebd8b3d71@group-FD4A39CE61DA:t39, leader=null, voted=b4fa652e-9609-43ae-a5da-dbaebd8b3d71, raftlog=b4fa652e-9609-43ae-a5da-dbaebd8b3d71@group-FD4A39CE61DA-SegmentedRaftLog:OPENED:c3,f4,i4, conf=0: [217b40b1-6496-41ee-9e5f-1bb61aa45139:192.168.157.252:40951, 69837c10-b6a5-4691-9f82-b2bf7c109e66:192.168.157.252:40716, b4fa652e-9609-43ae-a5da-dbaebd8b3d71:192.168.157.252:36685], old=null
2019-11-05 11:09:46,997 [b4fa652e-9609-43ae-a5da-dbaebd8b3d71@group-FD4A39CE61DA-LeaderElection39] INFO  impl.RaftServerImpl (RaftServerImpl.java:setRole(184)) - b4fa652e-9609-43ae-a5da-dbaebd8b3d71@group-FD4A39CE61DA: changes role from CANDIDATE to FOLLOWER at term 39 for DISCOVERED_A_NEW_TERM
2019-11-05 11:09:46,997 [b4fa652e-9609-43ae-a5da-dbaebd8b3d71@group-FD4A39CE61DA-LeaderElection39] INFO  impl.RoleInfo (RoleInfo.java:shutdownLeaderElection(134)) - b4fa652e-9609-43ae-a5da-dbaebd8b3d71: shutdown LeaderElection
2019-11-05 11:09:46,998 [b4fa652e-9609-43ae-a5da-dbaebd8b3d71@group-FD4A39CE61DA-LeaderElection39] INFO  impl.RoleInfo (RoleInfo.java:updateAndGet(143)) - b4fa652e-9609-43ae-a5da-dbaebd8b3d71: start FollowerState
2019-11-05 11:09:47,154 [Thread-816] INFO  impl.FollowerState (FollowerState.java:run(108)) - b4fa652e-9609-43ae-a5da-dbaebd8b3d71@group-FD4A39CE61DA-FollowerState: change to CANDIDATE, lastRpcTime:156ms, electionTimeout:155ms
2019-11-05 11:09:47,154 [Thread-816] INFO  impl.RoleInfo (RoleInfo.java:shutdownFollowerState(121)) - b4fa652e-9609-43ae-a5da-dbaebd8b3d71: shutdown FollowerState
2019-11-05 11:09:47,154 [Thread-816] INFO  impl.RaftServerImpl (RaftServerImpl.java:setRole(184)) - b4fa652e-9609-43ae-a5da-dbaebd8b3d71@group-FD4A39CE61DA: changes role from  FOLLOWER to CANDIDATE at term 39 for changeToCandidate
2019-11-05 11:09:47,154 [Thread-816] INFO  impl.RoleInfo (RoleInfo.java:updateAndGet(143)) - b4fa652e-9609-43ae-a5da-dbaebd8b3d71: start LeaderElection
2019-11-05 11:09:47,166 [b4fa652e-9609-43ae-a5da-dbaebd8b3d71@group-FD4A39CE61DA-LeaderElection40] INFO  impl.LeaderElection (LeaderElection.java:askForVotes(178)) - b4fa652e-9609-43ae-a5da-dbaebd8b3d71@group-FD4A39CE61DA-LeaderElection40: begin an election at term 40 for 0: [217b40b1-6496-41ee-9e5f-1bb61aa45139:192.168.157.252:40951, 69837c10-b6a5-4691-9f82-b2bf7c109e66:192.168.157.252:40716, b4fa652e-9609-43ae-a5da-dbaebd8b3d71:192.168.157.252:36685], old=null
2019-11-05 11:09:47,170 [grpc-default-executor-3] INFO  impl.RaftServerImpl (RaftServerImpl.java:setRole(184)) - 217b40b1-6496-41ee-9e5f-1bb61aa45139@group-FD4A39CE61DA: changes role from  FOLLOWER to FOLLOWER at term 40 for recognizeCandidate:b4fa652e-9609-43ae-a5da-dbaebd8b3d71
2019-11-05 11:09:47,170 [grpc-default-executor-3] INFO  impl.RoleInfo (RoleInfo.java:shutdownFollowerState(121)) - 217b40b1-6496-41ee-9e5f-1bb61aa45139: shutdown FollowerState
2019-11-05 11:09:47,171 [grpc-default-executor-3] INFO  impl.RoleInfo (RoleInfo.java:updateAndGet(143)) - 217b40b1-6496-41ee-9e5f-1bb61aa45139: start FollowerState
2019-11-05 11:09:47,171 [Thread-815] INFO  impl.FollowerState (FollowerState.java:run(117)) - 217b40b1-6496-41ee-9e5f-1bb61aa45139@group-FD4A39CE61DA-FollowerState was interrupted: java.lang.InterruptedException: sleep interrupted
2019-11-05 11:09:47,189 [grpc-default-executor-4] INFO  impl.RaftServerImpl (RaftServerImpl.java:setRole(184)) - 69837c10-b6a5-4691-9f82-b2bf7c109e66@group-FD4A39CE61DA: changes role from  FOLLOWER to FOLLOWER at term 40 for recognizeCandidate:b4fa652e-9609-43ae-a5da-dbaebd8b3d71
2019-11-05 11:09:47,189 [grpc-default-executor-4] INFO  impl.RoleInfo (RoleInfo.java:shutdownFollowerState(121)) - 69837c10-b6a5-4691-9f82-b2bf7c109e66: shutdown FollowerState
2019-11-05 11:09:47,190 [grpc-default-executor-4] INFO  impl.RoleInfo (RoleInfo.java:updateAndGet(143)) - 69837c10-b6a5-4691-9f82-b2bf7c109e66: start FollowerState
2019-11-05 11:09:47,190 [Thread-814] INFO  impl.FollowerState (FollowerState.java:run(117)) - 69837c10-b6a5-4691-9f82-b2bf7c109e66@group-FD4A39CE61DA-FollowerState was interrupted: java.lang.InterruptedException: sleep interrupted
2019-11-05 11:09:47,191 [Thread-824] INFO  client.GrpcClientProtocolService (GrpcClientProtocolService.java:lambda$processClientRequest$0(278)) - Failed RaftClientRequest:client-37A56D8DDB63->217b40b1-6496-41ee-9e5f-1bb61aa45139@group-FD4A39CE61DA, cid=10, seq=0, Watch-ALL_COMMITTED(6), Message:<EMPTY>, reply=RaftClientReply:client-37A56D8DDB63->217b40b1-6496-41ee-9e5f-1bb61aa45139@group-FD4A39CE61DA, cid=10, FAILED org.apache.ratis.protocol.NotLeaderException: Server 217b40b1-6496-41ee-9e5f-1bb61aa45139@group-FD4A39CE61DA is not the leader, logIndex=0, commits[217b40b1-6496-41ee-9e5f-1bb61aa45139:c10, 69837c10-b6a5-4691-9f82-b2bf7c109e66:c10, b4fa652e-9609-43ae-a5da-dbaebd8b3d71:c4]
2019-11-05 11:09:47,201 [b4fa652e-9609-43ae-a5da-dbaebd8b3d71@group-FD4A39CE61DA-LeaderElection40] INFO  impl.LeaderElection (LeaderElection.java:logAndReturn(56)) - b4fa652e-9609-43ae-a5da-dbaebd8b3d71@group-FD4A39CE61DA-LeaderElection40: Election REJECTED; received 2 response(s) [b4fa652e-9609-43ae-a5da-dbaebd8b3d71<-217b40b1-6496-41ee-9e5f-1bb61aa45139#0:FAIL-t40, b4fa652e-9609-43ae-a5da-dbaebd8b3d71<-69837c10-b6a5-4691-9f82-b2bf7c109e66#0:FAIL-t40] and 0 exception(s); b4fa652e-9609-43ae-a5da-dbaebd8b3d71@group-FD4A39CE61DA:t40, leader=null, voted=b4fa652e-9609-43ae-a5da-dbaebd8b3d71, raftlog=b4fa652e-9609-43ae-a5da-dbaebd8b3d71@group-FD4A39CE61DA-SegmentedRaftLog:OPENED:c3,f4,i4, conf=0: [217b40b1-6496-41ee-9e5f-1bb61aa45139:192.168.157.252:40951, 69837c10-b6a5-4691-9f82-b2bf7c109e66:192.168.157.252:40716, b4fa652e-9609-43ae-a5da-dbaebd8b3d71:192.168.157.252:36685], old=null
2019-11-05 11:09:47,201 [b4fa652e-9609-43ae-a5da-dbaebd8b3d71@group-FD4A39CE61DA-LeaderElection40] INFO  impl.RaftServerImpl (RaftServerImpl.java:setRole(184)) - b4fa652e-9609-43ae-a5da-dbaebd8b3d71@group-FD4A39CE61DA: changes role from CANDIDATE to FOLLOWER at term 40 for DISCOVERED_A_NEW_TERM
2019-11-05 11:09:47,201 [b4fa652e-9609-43ae-a5da-dbaebd8b3d71@group-FD4A39CE61DA-LeaderElection40] INFO  impl.RoleInfo (RoleInfo.java:shutdownLeaderElection(134)) - b4fa652e-9609-43ae-a5da-dbaebd8b3d71: shutdown LeaderElection
2019-11-05 11:09:47,202 [b4fa652e-9609-43ae-a5da-dbaebd8b3d71@group-FD4A39CE61DA-LeaderElection40] INFO  impl.RoleInfo (RoleInfo.java:updateAndGet(143)) - b4fa652e-9609-43ae-a5da-dbaebd8b3d71: start FollowerState
2019-11-05 11:09:47,403 [Thread-826] INFO  impl.FollowerState (FollowerState.java:run(108)) - b4fa652e-9609-43ae-a5da-dbaebd8b3d71@group-FD4A39CE61DA-FollowerState: change to CANDIDATE, lastRpcTime:201ms, electionTimeout:200ms
2019-11-05 11:09:47,403 [Thread-826] INFO  impl.RoleInfo (RoleInfo.java:shutdownFollowerState(121)) - b4fa652e-9609-43ae-a5da-dbaebd8b3d71: shutdown FollowerState
2019-11-05 11:09:47,403 [Thread-826] INFO  impl.RaftServerImpl (RaftServerImpl.java:setRole(184)) - b4fa652e-9609-43ae-a5da-dbaebd8b3d71@group-FD4A39CE61DA: changes role from  FOLLOWER to CANDIDATE at term 40 for changeToCandidate
2019-11-05 11:09:47,403 [Thread-826] INFO  impl.RoleInfo (RoleInfo.java:updateAndGet(143)) - b4fa652e-9609-43ae-a5da-dbaebd8b3d71: start LeaderElection
2019-11-05 11:09:47,411 [b4fa652e-9609-43ae-a5da-dbaebd8b3d71@group-FD4A39CE61DA-LeaderElection41] INFO  impl.LeaderElection (LeaderElection.java:askForVotes(178)) - b4fa652e-9609-43ae-a5da-dbaebd8b3d71@group-FD4A39CE61DA-LeaderElection41: begin an election at term 41 for 0: [217b40b1-6496-41ee-9e5f-1bb61aa45139:192.168.157.252:40951, 69837c10-b6a5-4691-9f82-b2bf7c109e66:192.168.157.252:40716, b4fa652e-9609-43ae-a5da-dbaebd8b3d71:192.168.157.252:36685], old=null
2019-11-05 11:09:47,414 [grpc-default-executor-3] INFO  impl.RaftServerImpl (RaftServerImpl.java:setRole(184)) - 217b40b1-6496-41ee-9e5f-1bb61aa45139@group-FD4A39CE61DA: changes role from  FOLLOWER to FOLLOWER at term 41 for recognizeCandidate:b4fa652e-9609-43ae-a5da-dbaebd8b3d71
2019-11-05 11:09:47,414 [grpc-default-executor-3] INFO  impl.RoleInfo (RoleInfo.java:shutdownFollowerState(121)) - 217b40b1-6496-41ee-9e5f-1bb61aa45139: shutdown FollowerState
2019-11-05 11:09:47,414 [grpc-default-executor-3] INFO  impl.RoleInfo (RoleInfo.java:updateAndGet(143)) - 217b40b1-6496-41ee-9e5f-1bb61aa45139: start FollowerState
2019-11-05 11:09:47,414 [Thread-821] INFO  impl.FollowerState (FollowerState.java:run(117)) - 217b40b1-6496-41ee-9e5f-1bb61aa45139@group-FD4A39CE61DA-FollowerState was interrupted: java.lang.InterruptedException: sleep interrupted
2019-11-05 11:09:47,415 [grpc-default-executor-4] INFO  impl.RaftServerImpl (RaftServerImpl.java:setRole(184)) - 69837c10-b6a5-4691-9f82-b2bf7c109e66@group-FD4A39CE61DA: changes role from  FOLLOWER to FOLLOWER at term 41 for recognizeCandidate:b4fa652e-9609-43ae-a5da-dbaebd8b3d71
2019-11-05 11:09:47,415 [grpc-default-executor-4] INFO  impl.RoleInfo (RoleInfo.java:shutdownFollowerState(121)) - 69837c10-b6a5-4691-9f82-b2bf7c109e66: shutdown FollowerState
2019-11-05 11:09:47,415 [grpc-default-executor-4] INFO  impl.RoleInfo (RoleInfo.java:updateAndGet(143)) - 69837c10-b6a5-4691-9f82-b2bf7c109e66: start FollowerState
2019-11-05 11:09:47,416 [Thread-823] INFO  impl.FollowerState (FollowerState.java:run(117)) - 69837c10-b6a5-4691-9f82-b2bf7c109e66@group-FD4A39CE61DA-FollowerState was interrupted: java.lang.InterruptedException: sleep interrupted
2019-11-05 11:09:47,457 [b4fa652e-9609-43ae-a5da-dbaebd8b3d71@group-FD4A39CE61DA-LeaderElection41] INFO  impl.LeaderElection (LeaderElection.java:logAndReturn(56)) - b4fa652e-9609-43ae-a5da-dbaebd8b3d71@group-FD4A39CE61DA-LeaderElection41: Election REJECTED; received 2 response(s) [b4fa652e-9609-43ae-a5da-dbaebd8b3d71<-217b40b1-6496-41ee-9e5f-1bb61aa45139#0:FAIL-t41, b4fa652e-9609-43ae-a5da-dbaebd8b3d71<-69837c10-b6a5-4691-9f82-b2bf7c109e66#0:FAIL-t41] and 0 exception(s); b4fa652e-9609-43ae-a5da-dbaebd8b3d71@group-FD4A39CE61DA:t41, leader=null, voted=b4fa652e-9609-43ae-a5da-dbaebd8b3d71, raftlog=b4fa652e-9609-43ae-a5da-dbaebd8b3d71@group-FD4A39CE61DA-SegmentedRaftLog:OPENED:c3,f4,i4, conf=0: [217b40b1-6496-41ee-9e5f-1bb61aa45139:192.168.157.252:40951, 69837c10-b6a5-4691-9f82-b2bf7c109e66:192.168.157.252:40716, b4fa652e-9609-43ae-a5da-dbaebd8b3d71:192.168.157.252:36685], old=null
2019-11-05 11:09:47,457 [b4fa652e-9609-43ae-a5da-dbaebd8b3d71@group-FD4A39CE61DA-LeaderElection41] INFO  impl.RaftServerImpl (RaftServerImpl.java:setRole(184)) - b4fa652e-9609-43ae-a5da-dbaebd8b3d71@group-FD4A39CE61DA: changes role from CANDIDATE to FOLLOWER at term 41 for DISCOVERED_A_NEW_TERM
2019-11-05 11:09:47,457 [b4fa652e-9609-43ae-a5da-dbaebd8b3d71@group-FD4A39CE61DA-LeaderElection41] INFO  impl.RoleInfo (RoleInfo.java:shutdownLeaderElection(134)) - b4fa652e-9609-43ae-a5da-dbaebd8b3d71: shutdown LeaderElection
2019-11-05 11:09:47,457 [b4fa652e-9609-43ae-a5da-dbaebd8b3d71@group-FD4A39CE61DA-LeaderElection41] INFO  impl.RoleInfo (RoleInfo.java:updateAndGet(143)) - b4fa652e-9609-43ae-a5da-dbaebd8b3d71: start FollowerState
2019-11-05 11:09:47,517 [Thread-832] INFO  impl.FollowerState (FollowerState.java:run(108)) - b4fa652e-9609-43ae-a5da-dbaebd8b3d71@group-FD4A39CE61DA-FollowerState: change to CANDIDATE, lastRpcTime:59ms, electionTimeout:59ms
2019-11-05 11:09:47,517 [Thread-832] INFO  impl.RoleInfo (RoleInfo.java:shutdownFollowerState(121)) - b4fa652e-9609-43ae-a5da-dbaebd8b3d71: shutdown FollowerState
2019-11-05 11:09:47,517 [Thread-832] INFO  impl.RaftServerImpl (RaftServerImpl.java:setRole(184)) - b4fa652e-9609-43ae-a5da-dbaebd8b3d71@group-FD4A39CE61DA: changes role from  FOLLOWER to CANDIDATE at term 41 for changeToCandidate
2019-11-05 11:09:47,517 [Thread-832] INFO  impl.RoleInfo (RoleInfo.java:updateAndGet(143)) - b4fa652e-9609-43ae-a5da-dbaebd8b3d71: start LeaderElection
2019-11-05 11:09:47,523 [b4fa652e-9609-43ae-a5da-dbaebd8b3d71@group-FD4A39CE61DA-LeaderElection42] INFO  impl.LeaderElection (LeaderElection.java:askForVotes(178)) - b4fa652e-9609-43ae-a5da-dbaebd8b3d71@group-FD4A39CE61DA-LeaderElection42: begin an election at term 42 for 0: [217b40b1-6496-41ee-9e5f-1bb61aa45139:192.168.157.252:40951, 69837c10-b6a5-4691-9f82-b2bf7c109e66:192.168.157.252:40716, b4fa652e-9609-43ae-a5da-dbaebd8b3d71:192.168.157.252:36685], old=null
2019-11-05 11:09:47,526 [grpc-default-executor-3] INFO  impl.RaftServerImpl (RaftServerImpl.java:setRole(184)) - 217b40b1-6496-41ee-9e5f-1bb61aa45139@group-FD4A39CE61DA: changes role from  FOLLOWER to FOLLOWER at term 42 for recognizeCandidate:b4fa652e-9609-43ae-a5da-dbaebd8b3d71
2019-11-05 11:09:47,526 [grpc-default-executor-3] INFO  impl.RoleInfo (RoleInfo.java:shutdownFollowerState(121)) - 217b40b1-6496-41ee-9e5f-1bb61aa45139: shutdown FollowerState
2019-11-05 11:09:47,526 [grpc-default-executor-3] INFO  impl.RoleInfo (RoleInfo.java:updateAndGet(143)) - 217b40b1-6496-41ee-9e5f-1bb61aa45139: start FollowerState
2019-11-05 11:09:47,527 [Thread-830] INFO  impl.FollowerState (FollowerState.java:run(117)) - 217b40b1-6496-41ee-9e5f-1bb61aa45139@group-FD4A39CE61DA-FollowerState was interrupted: java.lang.InterruptedException: sleep interrupted
2019-11-05 11:09:47,529 [grpc-default-executor-4] INFO  impl.RaftServerImpl (RaftServerImpl.java:setRole(184)) - 69837c10-b6a5-4691-9f82-b2bf7c109e66@group-FD4A39CE61DA: changes role from  FOLLOWER to FOLLOWER at term 42 for recognizeCandidate:b4fa652e-9609-43ae-a5da-dbaebd8b3d71
2019-11-05 11:09:47,529 [grpc-default-executor-4] INFO  impl.RoleInfo (RoleInfo.java:shutdownFollowerState(121)) - 69837c10-b6a5-4691-9f82-b2bf7c109e66: shutdown FollowerState
2019-11-05 11:09:47,529 [grpc-default-executor-4] INFO  impl.RoleInfo (RoleInfo.java:updateAndGet(143)) - 69837c10-b6a5-4691-9f82-b2bf7c109e66: start FollowerState
2019-11-05 11:09:47,531 [Thread-831] INFO  impl.FollowerState (FollowerState.java:run(117)) - 69837c10-b6a5-4691-9f82-b2bf7c109e66@group-FD4A39CE61DA-FollowerState was interrupted: java.lang.InterruptedException: sleep interrupted
2019-11-05 11:09:47,552 [b4fa652e-9609-43ae-a5da-dbaebd8b3d71@group-FD4A39CE61DA-LeaderElection42] INFO  impl.LeaderElection (LeaderElection.java:logAndReturn(56)) - b4fa652e-9609-43ae-a5da-dbaebd8b3d71@group-FD4A39CE61DA-LeaderElection42: Election TIMEOUT; received 0 response(s) [] and 0 exception(s); b4fa652e-9609-43ae-a5da-dbaebd8b3d71@group-FD4A39CE61DA:t42, leader=null, voted=b4fa652e-9609-43ae-a5da-dbaebd8b3d71, raftlog=b4fa652e-9609-43ae-a5da-dbaebd8b3d71@group-FD4A39CE61DA-SegmentedRaftLog:OPENED:c3,f4,i4, conf=0: [217b40b1-6496-41ee-9e5f-1bb61aa45139:192.168.157.252:40951, 69837c10-b6a5-4691-9f82-b2bf7c109e66:192.168.157.252:40716, b4fa652e-9609-43ae-a5da-dbaebd8b3d71:192.168.157.252:36685], old=null
2019-11-05 11:09:47,565 [b4fa652e-9609-43ae-a5da-dbaebd8b3d71@group-FD4A39CE61DA-LeaderElection42] INFO  impl.LeaderElection (LeaderElection.java:askForVotes(178)) - b4fa652e-9609-43ae-a5da-dbaebd8b3d71@group-FD4A39CE61DA-LeaderElection42: begin an election at term 43 for 0: [217b40b1-6496-41ee-9e5f-1bb61aa45139:192.168.157.252:40951, 69837c10-b6a5-4691-9f82-b2bf7c109e66:192.168.157.252:40716, b4fa652e-9609-43ae-a5da-dbaebd8b3d71:192.168.157.252:36685], old=null
2019-11-05 11:09:47,579 [grpc-default-executor-4] INFO  impl.RaftServerImpl (RaftServerImpl.java:setRole(184)) - 217b40b1-6496-41ee-9e5f-1bb61aa45139@group-FD4A39CE61DA: changes role from  FOLLOWER to FOLLOWER at term 43 for recognizeCandidate:b4fa652e-9609-43ae-a5da-dbaebd8b3d71
2019-11-05 11:09:47,579 [grpc-default-executor-4] INFO  impl.RoleInfo (RoleInfo.java:shutdownFollowerState(121)) - 217b40b1-6496-41ee-9e5f-1bb61aa45139: shutdown FollowerState
2019-11-05 11:09:47,580 [grpc-default-executor-4] INFO  impl.RoleInfo (RoleInfo.java:updateAndGet(143)) - 217b40b1-6496-41ee-9e5f-1bb61aa45139: start FollowerState
2019-11-05 11:09:47,580 [Thread-836] INFO  impl.FollowerState (FollowerState.java:run(117)) - 217b40b1-6496-41ee-9e5f-1bb61aa45139@group-FD4A39CE61DA-FollowerState was interrupted: java.lang.InterruptedException: sleep interrupted
2019-11-05 11:09:47,580 [grpc-default-executor-3] INFO  impl.RaftServerImpl (RaftServerImpl.java:setRole(184)) - 69837c10-b6a5-4691-9f82-b2bf7c109e66@group-FD4A39CE61DA: changes role from  FOLLOWER to FOLLOWER at term 43 for recognizeCandidate:b4fa652e-9609-43ae-a5da-dbaebd8b3d71
2019-11-05 11:09:47,581 [grpc-default-executor-3] INFO  impl.RoleInfo (RoleInfo.java:shutdownFollowerState(121)) - 69837c10-b6a5-4691-9f82-b2bf7c109e66: shutdown FollowerState
2019-11-05 11:09:47,581 [grpc-default-executor-3] INFO  impl.RoleInfo (RoleInfo.java:updateAndGet(143)) - 69837c10-b6a5-4691-9f82-b2bf7c109e66: start FollowerState
2019-11-05 11:09:47,582 [Thread-837] INFO  impl.FollowerState (FollowerState.java:run(117)) - 69837c10-b6a5-4691-9f82-b2bf7c109e66@group-FD4A39CE61DA-FollowerState was interrupted: java.lang.InterruptedException: sleep interrupted
2019-11-05 11:09:47,618 [b4fa652e-9609-43ae-a5da-dbaebd8b3d71@group-FD4A39CE61DA-LeaderElection42] INFO  impl.LeaderElection (LeaderElection.java:logAndReturn(56)) - b4fa652e-9609-43ae-a5da-dbaebd8b3d71@group-FD4A39CE61DA-LeaderElection42: Election REJECTED; received 2 response(s) [b4fa652e-9609-43ae-a5da-dbaebd8b3d71<-217b40b1-6496-41ee-9e5f-1bb61aa45139#0:FAIL-t43, b4fa652e-9609-43ae-a5da-dbaebd8b3d71<-69837c10-b6a5-4691-9f82-b2bf7c109e66#0:FAIL-t43] and 0 exception(s); b4fa652e-9609-43ae-a5da-dbaebd8b3d71@group-FD4A39CE61DA:t43, leader=null, voted=b4fa652e-9609-43ae-a5da-dbaebd8b3d71, raftlog=b4fa652e-9609-43ae-a5da-dbaebd8b3d71@group-FD4A39CE61DA-SegmentedRaftLog:OPENED:c3,f4,i4, conf=0: [217b40b1-6496-41ee-9e5f-1bb61aa45139:192.168.157.252:40951, 69837c10-b6a5-4691-9f82-b2bf7c109e66:192.168.157.252:40716, b4fa652e-9609-43ae-a5da-dbaebd8b3d71:192.168.157.252:36685], old=null
2019-11-05 11:09:47,619 [b4fa652e-9609-43ae-a5da-dbaebd8b3d71@group-FD4A39CE61DA-LeaderElection42] INFO  impl.RaftServerImpl (RaftServerImpl.java:setRole(184)) - b4fa652e-9609-43ae-a5da-dbaebd8b3d71@group-FD4A39CE61DA: changes role from CANDIDATE to FOLLOWER at term 43 for DISCOVERED_A_NEW_TERM
2019-11-05 11:09:47,619 [b4fa652e-9609-43ae-a5da-dbaebd8b3d71@group-FD4A39CE61DA-LeaderElection42] INFO  impl.RoleInfo (RoleInfo.java:shutdownLeaderElection(134)) - b4fa652e-9609-43ae-a5da-dbaebd8b3d71: shutdown LeaderElection
2019-11-05 11:09:47,619 [b4fa652e-9609-43ae-a5da-dbaebd8b3d71@group-FD4A39CE61DA-LeaderElection42] INFO  impl.RoleInfo (RoleInfo.java:updateAndGet(143)) - b4fa652e-9609-43ae-a5da-dbaebd8b3d71: start FollowerState
2019-11-05 11:09:47,811 [Thread-842] INFO  impl.FollowerState (FollowerState.java:run(108)) - b4fa652e-9609-43ae-a5da-dbaebd8b3d71@group-FD4A39CE61DA-FollowerState: change to CANDIDATE, lastRpcTime:191ms, electionTimeout:191ms
2019-11-05 11:09:47,811 [Thread-842] INFO  impl.RoleInfo (RoleInfo.java:shutdownFollowerState(121)) - b4fa652e-9609-43ae-a5da-dbaebd8b3d71: shutdown FollowerState
2019-11-05 11:09:47,811 [Thread-842] INFO  impl.RaftServerImpl (RaftServerImpl.java:setRole(184)) - b4fa652e-9609-43ae-a5da-dbaebd8b3d71@group-FD4A39CE61DA: changes role from  FOLLOWER to CANDIDATE at term 43 for changeToCandidate
2019-11-05 11:09:47,811 [Thread-842] INFO  impl.RoleInfo (RoleInfo.java:updateAndGet(143)) - b4fa652e-9609-43ae-a5da-dbaebd8b3d71: start LeaderElection
2019-11-05 11:09:47,825 [b4fa652e-9609-43ae-a5da-dbaebd8b3d71@group-FD4A39CE61DA-LeaderElection43] INFO  impl.LeaderElection (LeaderElection.java:askForVotes(178)) - b4fa652e-9609-43ae-a5da-dbaebd8b3d71@group-FD4A39CE61DA-LeaderElection43: begin an election at term 44 for 0: [217b40b1-6496-41ee-9e5f-1bb61aa45139:192.168.157.252:40951, 69837c10-b6a5-4691-9f82-b2bf7c109e66:192.168.157.252:40716, b4fa652e-9609-43ae-a5da-dbaebd8b3d71:192.168.157.252:36685], old=null
2019-11-05 11:09:47,827 [grpc-default-executor-4] INFO  impl.RaftServerImpl (RaftServerImpl.java:setRole(184)) - 217b40b1-6496-41ee-9e5f-1bb61aa45139@group-FD4A39CE61DA: changes role from  FOLLOWER to FOLLOWER at term 44 for recognizeCandidate:b4fa652e-9609-43ae-a5da-dbaebd8b3d71
2019-11-05 11:09:47,828 [grpc-default-executor-4] INFO  impl.RoleInfo (RoleInfo.java:shutdownFollowerState(121)) - 217b40b1-6496-41ee-9e5f-1bb61aa45139: shutdown FollowerState
2019-11-05 11:09:47,828 [grpc-default-executor-4] INFO  impl.RoleInfo (RoleInfo.java:updateAndGet(143)) - 217b40b1-6496-41ee-9e5f-1bb61aa45139: start FollowerState
2019-11-05 11:09:47,828 [Thread-840] INFO  impl.FollowerState (FollowerState.java:run(117)) - 217b40b1-6496-41ee-9e5f-1bb61aa45139@group-FD4A39CE61DA-FollowerState was interrupted: java.lang.InterruptedException: sleep interrupted
2019-11-05 11:09:47,828 [grpc-default-executor-3] INFO  impl.RaftServerImpl (RaftServerImpl.java:setRole(184)) - 69837c10-b6a5-4691-9f82-b2bf7c109e66@group-FD4A39CE61DA: changes role from  FOLLOWER to FOLLOWER at term 44 for recognizeCandidate:b4fa652e-9609-43ae-a5da-dbaebd8b3d71
2019-11-05 11:09:47,828 [grpc-default-executor-3] INFO  impl.RoleInfo (RoleInfo.java:shutdownFollowerState(121)) - 69837c10-b6a5-4691-9f82-b2bf7c109e66: shutdown FollowerState
2019-11-05 11:09:47,829 [grpc-default-executor-3] INFO  impl.RoleInfo (RoleInfo.java:updateAndGet(143)) - 69837c10-b6a5-4691-9f82-b2bf7c109e66: start FollowerState
2019-11-05 11:09:47,829 [Thread-841] INFO  impl.FollowerState (FollowerState.java:run(117)) - 69837c10-b6a5-4691-9f82-b2bf7c109e66@group-FD4A39CE61DA-FollowerState was interrupted: java.lang.InterruptedException: sleep interrupted
2019-11-05 11:09:47,848 [b4fa652e-9609-43ae-a5da-dbaebd8b3d71@group-FD4A39CE61DA-LeaderElection43] INFO  impl.LeaderElection (LeaderElection.java:logAndReturn(56)) - b4fa652e-9609-43ae-a5da-dbaebd8b3d71@group-FD4A39CE61DA-LeaderElection43: Election REJECTED; received 2 response(s) [b4fa652e-9609-43ae-a5da-dbaebd8b3d71<-217b40b1-6496-41ee-9e5f-1bb61aa45139#0:FAIL-t44, b4fa652e-9609-43ae-a5da-dbaebd8b3d71<-69837c10-b6a5-4691-9f82-b2bf7c109e66#0:FAIL-t44] and 0 exception(s); b4fa652e-9609-43ae-a5da-dbaebd8b3d71@group-FD4A39CE61DA:t44, leader=null, voted=b4fa652e-9609-43ae-a5da-dbaebd8b3d71, raftlog=b4fa652e-9609-43ae-a5da-dbaebd8b3d71@group-FD4A39CE61DA-SegmentedRaftLog:OPENED:c3,f4,i4, conf=0: [217b40b1-6496-41ee-9e5f-1bb61aa45139:192.168.157.252:40951, 69837c10-b6a5-4691-9f82-b2bf7c109e66:192.168.157.252:40716, b4fa652e-9609-43ae-a5da-dbaebd8b3d71:192.168.157.252:36685], old=null
2019-11-05 11:09:47,849 [b4fa652e-9609-43ae-a5da-dbaebd8b3d71@group-FD4A39CE61DA-LeaderElection43] INFO  impl.RaftServerImpl (RaftServerImpl.java:setRole(184)) - b4fa652e-9609-43ae-a5da-dbaebd8b3d71@group-FD4A39CE61DA: changes role from CANDIDATE to FOLLOWER at term 44 for DISCOVERED_A_NEW_TERM
2019-11-05 11:09:47,849 [b4fa652e-9609-43ae-a5da-dbaebd8b3d71@group-FD4A39CE61DA-LeaderElection43] INFO  impl.RoleInfo (RoleInfo.java:shutdownLeaderElection(134)) - b4fa652e-9609-43ae-a5da-dbaebd8b3d71: shutdown LeaderElection
2019-11-05 11:09:47,849 [b4fa652e-9609-43ae-a5da-dbaebd8b3d71@group-FD4A39CE61DA-LeaderElection43] INFO  impl.RoleInfo (RoleInfo.java:updateAndGet(143)) - b4fa652e-9609-43ae-a5da-dbaebd8b3d71: start FollowerState
2019-11-05 11:09:47,886 [BlockDeletingService#2] WARN  background.BlockDeletingService (BlockDeletingService.java:isDeletionAllowed(187)) - Close Container log Index 6 is not replicated across allthe servers in the pipeline a8186365-22ae-4f7f-97bd-fd4a39ce61da as the min replicated index is 4. Deletion is not allowed in this container yet.
2019-11-05 11:09:47,889 [BlockDeletingService#9] WARN  background.BlockDeletingService (BlockDeletingService.java:isDeletionAllowed(187)) - Close Container log Index 6 is not replicated across allthe servers in the pipeline a8186365-22ae-4f7f-97bd-fd4a39ce61da as the min replicated index is 4. Deletion is not allowed in this container yet.
2019-11-05 11:09:48,004 [Thread-850] INFO  impl.FollowerState (FollowerState.java:run(108)) - b4fa652e-9609-43ae-a5da-dbaebd8b3d71@group-FD4A39CE61DA-FollowerState: change to CANDIDATE, lastRpcTime:155ms, electionTimeout:155ms
2019-11-05 11:09:48,005 [Thread-850] INFO  impl.RoleInfo (RoleInfo.java:shutdownFollowerState(121)) - b4fa652e-9609-43ae-a5da-dbaebd8b3d71: shutdown FollowerState
2019-11-05 11:09:48,005 [Thread-850] INFO  impl.RaftServerImpl (RaftServerImpl.java:setRole(184)) - b4fa652e-9609-43ae-a5da-dbaebd8b3d71@group-FD4A39CE61DA: changes role from  FOLLOWER to CANDIDATE at term 44 for changeToCandidate
2019-11-05 11:09:48,005 [Thread-850] INFO  impl.RoleInfo (RoleInfo.java:updateAndGet(143)) - b4fa652e-9609-43ae-a5da-dbaebd8b3d71: start LeaderElection
2019-11-05 11:09:48,022 [b4fa652e-9609-43ae-a5da-dbaebd8b3d71@group-FD4A39CE61DA-LeaderElection44] INFO  impl.LeaderElection (LeaderElection.java:askForVotes(178)) - b4fa652e-9609-43ae-a5da-dbaebd8b3d71@group-FD4A39CE61DA-LeaderElection44: begin an election at term 45 for 0: [217b40b1-6496-41ee-9e5f-1bb61aa45139:192.168.157.252:40951, 69837c10-b6a5-4691-9f82-b2bf7c109e66:192.168.157.252:40716, b4fa652e-9609-43ae-a5da-dbaebd8b3d71:192.168.157.252:36685], old=null
2019-11-05 11:09:48,044 [grpc-default-executor-3] INFO  impl.RaftServerImpl (RaftServerImpl.java:setRole(184)) - 217b40b1-6496-41ee-9e5f-1bb61aa45139@group-FD4A39CE61DA: changes role from  FOLLOWER to FOLLOWER at term 45 for recognizeCandidate:b4fa652e-9609-43ae-a5da-dbaebd8b3d71
2019-11-05 11:09:48,044 [grpc-default-executor-3] INFO  impl.RoleInfo (RoleInfo.java:shutdownFollowerState(121)) - 217b40b1-6496-41ee-9e5f-1bb61aa45139: shutdown FollowerState
2019-11-05 11:09:48,044 [grpc-default-executor-3] INFO  impl.RoleInfo (RoleInfo.java:updateAndGet(143)) - 217b40b1-6496-41ee-9e5f-1bb61aa45139: start FollowerState
2019-11-05 11:09:48,045 [Thread-848] INFO  impl.FollowerState (FollowerState.java:run(117)) - 217b40b1-6496-41ee-9e5f-1bb61aa45139@group-FD4A39CE61DA-FollowerState was interrupted: java.lang.InterruptedException: sleep interrupted
2019-11-05 11:09:48,046 [grpc-default-executor-4] INFO  impl.RaftServerImpl (RaftServerImpl.java:setRole(184)) - 69837c10-b6a5-4691-9f82-b2bf7c109e66@group-FD4A39CE61DA: changes role from  FOLLOWER to FOLLOWER at term 45 for recognizeCandidate:b4fa652e-9609-43ae-a5da-dbaebd8b3d71
2019-11-05 11:09:48,046 [grpc-default-executor-4] INFO  impl.RoleInfo (RoleInfo.java:shutdownFollowerState(121)) - 69837c10-b6a5-4691-9f82-b2bf7c109e66: shutdown FollowerState
2019-11-05 11:09:48,059 [grpc-default-executor-4] INFO  impl.RoleInfo (RoleInfo.java:updateAndGet(143)) - 69837c10-b6a5-4691-9f82-b2bf7c109e66: start FollowerState
2019-11-05 11:09:48,059 [Thread-849] INFO  impl.FollowerState (FollowerState.java:run(117)) - 69837c10-b6a5-4691-9f82-b2bf7c109e66@group-FD4A39CE61DA-FollowerState was interrupted: java.lang.InterruptedException: sleep interrupted
2019-11-05 11:09:48,070 [b4fa652e-9609-43ae-a5da-dbaebd8b3d71@group-FD4A39CE61DA-LeaderElection44] INFO  impl.LeaderElection (LeaderElection.java:logAndReturn(56)) - b4fa652e-9609-43ae-a5da-dbaebd8b3d71@group-FD4A39CE61DA-LeaderElection44: Election TIMEOUT; received 0 response(s) [] and 0 exception(s); b4fa652e-9609-43ae-a5da-dbaebd8b3d71@group-FD4A39CE61DA:t45, leader=null, voted=b4fa652e-9609-43ae-a5da-dbaebd8b3d71, raftlog=b4fa652e-9609-43ae-a5da-dbaebd8b3d71@group-FD4A39CE61DA-SegmentedRaftLog:OPENED:c3,f4,i4, conf=0: [217b40b1-6496-41ee-9e5f-1bb61aa45139:192.168.157.252:40951, 69837c10-b6a5-4691-9f82-b2bf7c109e66:192.168.157.252:40716, b4fa652e-9609-43ae-a5da-dbaebd8b3d71:192.168.157.252:36685], old=null
2019-11-05 11:09:48,094 [b4fa652e-9609-43ae-a5da-dbaebd8b3d71@group-FD4A39CE61DA-LeaderElection44] INFO  impl.LeaderElection (LeaderElection.java:askForVotes(178)) - b4fa652e-9609-43ae-a5da-dbaebd8b3d71@group-FD4A39CE61DA-LeaderElection44: begin an election at term 46 for 0: [217b40b1-6496-41ee-9e5f-1bb61aa45139:192.168.157.252:40951, 69837c10-b6a5-4691-9f82-b2bf7c109e66:192.168.157.252:40716, b4fa652e-9609-43ae-a5da-dbaebd8b3d71:192.168.157.252:36685], old=null
2019-11-05 11:09:48,121 [grpc-default-executor-3] INFO  impl.RaftServerImpl (RaftServerImpl.java:setRole(184)) - 69837c10-b6a5-4691-9f82-b2bf7c109e66@group-FD4A39CE61DA: changes role from  FOLLOWER to FOLLOWER at term 46 for recognizeCandidate:b4fa652e-9609-43ae-a5da-dbaebd8b3d71
2019-11-05 11:09:48,121 [grpc-default-executor-4] INFO  impl.RaftServerImpl (RaftServerImpl.java:setRole(184)) - 217b40b1-6496-41ee-9e5f-1bb61aa45139@group-FD4A39CE61DA: changes role from  FOLLOWER to FOLLOWER at term 46 for recognizeCandidate:b4fa652e-9609-43ae-a5da-dbaebd8b3d71
2019-11-05 11:09:48,121 [grpc-default-executor-3] INFO  impl.RoleInfo (RoleInfo.java:shutdownFollowerState(121)) - 69837c10-b6a5-4691-9f82-b2bf7c109e66: shutdown FollowerState
2019-11-05 11:09:48,121 [grpc-default-executor-4] INFO  impl.RoleInfo (RoleInfo.java:shutdownFollowerState(121)) - 217b40b1-6496-41ee-9e5f-1bb61aa45139: shutdown FollowerState
2019-11-05 11:09:48,121 [grpc-default-executor-3] INFO  impl.RoleInfo (RoleInfo.java:updateAndGet(143)) - 69837c10-b6a5-4691-9f82-b2bf7c109e66: start FollowerState
2019-11-05 11:09:48,121 [Thread-857] INFO  impl.FollowerState (FollowerState.java:run(117)) - 217b40b1-6496-41ee-9e5f-1bb61aa45139@group-FD4A39CE61DA-FollowerState was interrupted: java.lang.InterruptedException: sleep interrupted
2019-11-05 11:09:48,121 [grpc-default-executor-4] INFO  impl.RoleInfo (RoleInfo.java:updateAndGet(143)) - 217b40b1-6496-41ee-9e5f-1bb61aa45139: start FollowerState
2019-11-05 11:09:48,121 [Thread-858] INFO  impl.FollowerState (FollowerState.java:run(117)) - 69837c10-b6a5-4691-9f82-b2bf7c109e66@group-FD4A39CE61DA-FollowerState was interrupted: java.lang.InterruptedException: sleep interrupted
2019-11-05 11:09:48,139 [b4fa652e-9609-43ae-a5da-dbaebd8b3d71@group-FD4A39CE61DA-LeaderElection44] INFO  impl.LeaderElection (LeaderElection.java:logAndReturn(56)) - b4fa652e-9609-43ae-a5da-dbaebd8b3d71@group-FD4A39CE61DA-LeaderElection44: Election TIMEOUT; received 0 response(s) [] and 0 exception(s); b4fa652e-9609-43ae-a5da-dbaebd8b3d71@group-FD4A39CE61DA:t46, leader=null, voted=b4fa652e-9609-43ae-a5da-dbaebd8b3d71, raftlog=b4fa652e-9609-43ae-a5da-dbaebd8b3d71@group-FD4A39CE61DA-SegmentedRaftLog:OPENED:c3,f4,i4, conf=0: [217b40b1-6496-41ee-9e5f-1bb61aa45139:192.168.157.252:40951, 69837c10-b6a5-4691-9f82-b2bf7c109e66:192.168.157.252:40716, b4fa652e-9609-43ae-a5da-dbaebd8b3d71:192.168.157.252:36685], old=null
2019-11-05 11:09:48,162 [b4fa652e-9609-43ae-a5da-dbaebd8b3d71@group-FD4A39CE61DA-LeaderElection44] INFO  impl.LeaderElection (LeaderElection.java:askForVotes(178)) - b4fa652e-9609-43ae-a5da-dbaebd8b3d71@group-FD4A39CE61DA-LeaderElection44: begin an election at term 47 for 0: [217b40b1-6496-41ee-9e5f-1bb61aa45139:192.168.157.252:40951, 69837c10-b6a5-4691-9f82-b2bf7c109e66:192.168.157.252:40716, b4fa652e-9609-43ae-a5da-dbaebd8b3d71:192.168.157.252:36685], old=null
2019-11-05 11:09:48,169 [grpc-default-executor-3] INFO  impl.RaftServerImpl (RaftServerImpl.java:setRole(184)) - 217b40b1-6496-41ee-9e5f-1bb61aa45139@group-FD4A39CE61DA: changes role from  FOLLOWER to FOLLOWER at term 47 for recognizeCandidate:b4fa652e-9609-43ae-a5da-dbaebd8b3d71
2019-11-05 11:09:48,169 [grpc-default-executor-3] INFO  impl.RoleInfo (RoleInfo.java:shutdownFollowerState(121)) - 217b40b1-6496-41ee-9e5f-1bb61aa45139: shutdown FollowerState
2019-11-05 11:09:48,169 [grpc-default-executor-3] INFO  impl.RoleInfo (RoleInfo.java:updateAndGet(143)) - 217b40b1-6496-41ee-9e5f-1bb61aa45139: start FollowerState
2019-11-05 11:09:48,170 [grpc-default-executor-4] INFO  impl.RaftServerImpl (RaftServerImpl.java:setRole(184)) - 69837c10-b6a5-4691-9f82-b2bf7c109e66@group-FD4A39CE61DA: changes role from  FOLLOWER to FOLLOWER at term 47 for recognizeCandidate:b4fa652e-9609-43ae-a5da-dbaebd8b3d71
2019-11-05 11:09:48,170 [grpc-default-executor-4] INFO  impl.RoleInfo (RoleInfo.java:shutdownFollowerState(121)) - 69837c10-b6a5-4691-9f82-b2bf7c109e66: shutdown FollowerState
2019-11-05 11:09:48,170 [grpc-default-executor-4] INFO  impl.RoleInfo (RoleInfo.java:updateAndGet(143)) - 69837c10-b6a5-4691-9f82-b2bf7c109e66: start FollowerState
2019-11-05 11:09:48,170 [Thread-862] INFO  impl.FollowerState (FollowerState.java:run(117)) - 217b40b1-6496-41ee-9e5f-1bb61aa45139@group-FD4A39CE61DA-FollowerState was interrupted: java.lang.InterruptedException: sleep interrupted
2019-11-05 11:09:48,171 [Thread-861] INFO  impl.FollowerState (FollowerState.java:run(117)) - 69837c10-b6a5-4691-9f82-b2bf7c109e66@group-FD4A39CE61DA-FollowerState was interrupted: java.lang.InterruptedException: sleep interrupted
2019-11-05 11:09:48,201 [b4fa652e-9609-43ae-a5da-dbaebd8b3d71@group-FD4A39CE61DA-LeaderElection44] INFO  impl.LeaderElection (LeaderElection.java:logAndReturn(56)) - b4fa652e-9609-43ae-a5da-dbaebd8b3d71@group-FD4A39CE61DA-LeaderElection44: Election REJECTED; received 2 response(s) [b4fa652e-9609-43ae-a5da-dbaebd8b3d71<-217b40b1-6496-41ee-9e5f-1bb61aa45139#0:FAIL-t47, b4fa652e-9609-43ae-a5da-dbaebd8b3d71<-69837c10-b6a5-4691-9f82-b2bf7c109e66#0:FAIL-t47] and 0 exception(s); b4fa652e-9609-43ae-a5da-dbaebd8b3d71@group-FD4A39CE61DA:t47, leader=null, voted=b4fa652e-9609-43ae-a5da-dbaebd8b3d71, raftlog=b4fa652e-9609-43ae-a5da-dbaebd8b3d71@group-FD4A39CE61DA-SegmentedRaftLog:OPENED:c3,f4,i4, conf=0: [217b40b1-6496-41ee-9e5f-1bb61aa45139:192.168.157.252:40951, 69837c10-b6a5-4691-9f82-b2bf7c109e66:192.168.157.252:40716, b4fa652e-9609-43ae-a5da-dbaebd8b3d71:192.168.157.252:36685], old=null
2019-11-05 11:09:48,202 [b4fa652e-9609-43ae-a5da-dbaebd8b3d71@group-FD4A39CE61DA-LeaderElection44] INFO  impl.RaftServerImpl (RaftServerImpl.java:setRole(184)) - b4fa652e-9609-43ae-a5da-dbaebd8b3d71@group-FD4A39CE61DA: changes role from CANDIDATE to FOLLOWER at term 47 for DISCOVERED_A_NEW_TERM
2019-11-05 11:09:48,202 [b4fa652e-9609-43ae-a5da-dbaebd8b3d71@group-FD4A39CE61DA-LeaderElection44] INFO  impl.RoleInfo (RoleInfo.java:shutdownLeaderElection(134)) - b4fa652e-9609-43ae-a5da-dbaebd8b3d71: shutdown LeaderElection
2019-11-05 11:09:48,202 [b4fa652e-9609-43ae-a5da-dbaebd8b3d71@group-FD4A39CE61DA-LeaderElection44] INFO  impl.RoleInfo (RoleInfo.java:updateAndGet(143)) - b4fa652e-9609-43ae-a5da-dbaebd8b3d71: start FollowerState
2019-11-05 11:09:48,240 [Thread-869] INFO  client.GrpcClientProtocolService (GrpcClientProtocolService.java:lambda$processClientRequest$0(278)) - Failed RaftClientRequest:client-37A56D8DDB63->69837c10-b6a5-4691-9f82-b2bf7c109e66@group-FD4A39CE61DA, cid=10, seq=0, Watch-ALL_COMMITTED(6), Message:<EMPTY>, reply=RaftClientReply:client-37A56D8DDB63->69837c10-b6a5-4691-9f82-b2bf7c109e66@group-FD4A39CE61DA, cid=10, FAILED org.apache.ratis.protocol.NotLeaderException: Server 69837c10-b6a5-4691-9f82-b2bf7c109e66@group-FD4A39CE61DA is not the leader, logIndex=0, commits[69837c10-b6a5-4691-9f82-b2bf7c109e66:c10, 217b40b1-6496-41ee-9e5f-1bb61aa45139:c10, b4fa652e-9609-43ae-a5da-dbaebd8b3d71:c4]
2019-11-05 11:09:48,270 [Thread-867] INFO  impl.FollowerState (FollowerState.java:run(108)) - b4fa652e-9609-43ae-a5da-dbaebd8b3d71@group-FD4A39CE61DA-FollowerState: change to CANDIDATE, lastRpcTime:68ms, electionTimeout:68ms
2019-11-05 11:09:48,271 [Thread-867] INFO  impl.RoleInfo (RoleInfo.java:shutdownFollowerState(121)) - b4fa652e-9609-43ae-a5da-dbaebd8b3d71: shutdown FollowerState
2019-11-05 11:09:48,271 [Thread-867] INFO  impl.RaftServerImpl (RaftServerImpl.java:setRole(184)) - b4fa652e-9609-43ae-a5da-dbaebd8b3d71@group-FD4A39CE61DA: changes role from  FOLLOWER to CANDIDATE at term 47 for changeToCandidate
2019-11-05 11:09:48,271 [Thread-867] INFO  impl.RoleInfo (RoleInfo.java:updateAndGet(143)) - b4fa652e-9609-43ae-a5da-dbaebd8b3d71: start LeaderElection
2019-11-05 11:09:48,321 [b4fa652e-9609-43ae-a5da-dbaebd8b3d71@group-FD4A39CE61DA-LeaderElection45] INFO  impl.LeaderElection (LeaderElection.java:askForVotes(178)) - b4fa652e-9609-43ae-a5da-dbaebd8b3d71@group-FD4A39CE61DA-LeaderElection45: begin an election at term 48 for 0: [217b40b1-6496-41ee-9e5f-1bb61aa45139:192.168.157.252:40951, 69837c10-b6a5-4691-9f82-b2bf7c109e66:192.168.157.252:40716, b4fa652e-9609-43ae-a5da-dbaebd8b3d71:192.168.157.252:36685], old=null
2019-11-05 11:09:48,322 [b4fa652e-9609-43ae-a5da-dbaebd8b3d71@group-FD4A39CE61DA-LeaderElection45] INFO  impl.LeaderElection (LeaderElection.java:logAndReturn(56)) - b4fa652e-9609-43ae-a5da-dbaebd8b3d71@group-FD4A39CE61DA-LeaderElection45: Election TIMEOUT; received 0 response(s) [] and 0 exception(s); b4fa652e-9609-43ae-a5da-dbaebd8b3d71@group-FD4A39CE61DA:t48, leader=null, voted=b4fa652e-9609-43ae-a5da-dbaebd8b3d71, raftlog=b4fa652e-9609-43ae-a5da-dbaebd8b3d71@group-FD4A39CE61DA-SegmentedRaftLog:OPENED:c3,f4,i4, conf=0: [217b40b1-6496-41ee-9e5f-1bb61aa45139:192.168.157.252:40951, 69837c10-b6a5-4691-9f82-b2bf7c109e66:192.168.157.252:40716, b4fa652e-9609-43ae-a5da-dbaebd8b3d71:192.168.157.252:36685], old=null
2019-11-05 11:09:48,324 [grpc-default-executor-4] INFO  impl.RaftServerImpl (RaftServerImpl.java:setRole(184)) - 69837c10-b6a5-4691-9f82-b2bf7c109e66@group-FD4A39CE61DA: changes role from  FOLLOWER to FOLLOWER at term 48 for recognizeCandidate:b4fa652e-9609-43ae-a5da-dbaebd8b3d71
2019-11-05 11:09:48,324 [grpc-default-executor-4] INFO  impl.RoleInfo (RoleInfo.java:shutdownFollowerState(121)) - 69837c10-b6a5-4691-9f82-b2bf7c109e66: shutdown FollowerState
2019-11-05 11:09:48,324 [grpc-default-executor-4] INFO  impl.RoleInfo (RoleInfo.java:updateAndGet(143)) - 69837c10-b6a5-4691-9f82-b2bf7c109e66: start FollowerState
2019-11-05 11:09:48,324 [Thread-866] INFO  impl.FollowerState (FollowerState.java:run(117)) - 69837c10-b6a5-4691-9f82-b2bf7c109e66@group-FD4A39CE61DA-FollowerState was interrupted: java.lang.InterruptedException: sleep interrupted
2019-11-05 11:09:48,324 [grpc-default-executor-3] INFO  impl.RaftServerImpl (RaftServerImpl.java:setRole(184)) - 217b40b1-6496-41ee-9e5f-1bb61aa45139@group-FD4A39CE61DA: changes role from  FOLLOWER to FOLLOWER at term 48 for recognizeCandidate:b4fa652e-9609-43ae-a5da-dbaebd8b3d71
2019-11-05 11:09:48,325 [grpc-default-executor-3] INFO  impl.RoleInfo (RoleInfo.java:shutdownFollowerState(121)) - 217b40b1-6496-41ee-9e5f-1bb61aa45139: shutdown FollowerState
2019-11-05 11:09:48,325 [grpc-default-executor-3] INFO  impl.RoleInfo (RoleInfo.java:updateAndGet(143)) - 217b40b1-6496-41ee-9e5f-1bb61aa45139: start FollowerState
2019-11-05 11:09:48,325 [Thread-865] INFO  impl.FollowerState (FollowerState.java:run(117)) - 217b40b1-6496-41ee-9e5f-1bb61aa45139@group-FD4A39CE61DA-FollowerState was interrupted: java.lang.InterruptedException: sleep interrupted
2019-11-05 11:09:48,337 [b4fa652e-9609-43ae-a5da-dbaebd8b3d71@group-FD4A39CE61DA-LeaderElection45] INFO  impl.LeaderElection (LeaderElection.java:askForVotes(178)) - b4fa652e-9609-43ae-a5da-dbaebd8b3d71@group-FD4A39CE61DA-LeaderElection45: begin an election at term 49 for 0: [217b40b1-6496-41ee-9e5f-1bb61aa45139:192.168.157.252:40951, 69837c10-b6a5-4691-9f82-b2bf7c109e66:192.168.157.252:40716, b4fa652e-9609-43ae-a5da-dbaebd8b3d71:192.168.157.252:36685], old=null
2019-11-05 11:09:48,341 [grpc-default-executor-6] INFO  impl.RaftServerImpl (RaftServerImpl.java:setRole(184)) - 69837c10-b6a5-4691-9f82-b2bf7c109e66@group-FD4A39CE61DA: changes role from  FOLLOWER to FOLLOWER at term 49 for recognizeCandidate:b4fa652e-9609-43ae-a5da-dbaebd8b3d71
2019-11-05 11:09:48,341 [grpc-default-executor-8] INFO  impl.RaftServerImpl (RaftServerImpl.java:setRole(184)) - 217b40b1-6496-41ee-9e5f-1bb61aa45139@group-FD4A39CE61DA: changes role from  FOLLOWER to FOLLOWER at term 49 for recognizeCandidate:b4fa652e-9609-43ae-a5da-dbaebd8b3d71
2019-11-05 11:09:48,342 [grpc-default-executor-8] INFO  impl.RoleInfo (RoleInfo.java:shutdownFollowerState(121)) - 217b40b1-6496-41ee-9e5f-1bb61aa45139: shutdown FollowerState
2019-11-05 11:09:48,342 [grpc-default-executor-8] INFO  impl.RoleInfo (RoleInfo.java:updateAndGet(143)) - 217b40b1-6496-41ee-9e5f-1bb61aa45139: start FollowerState
2019-11-05 11:09:48,342 [grpc-default-executor-6] INFO  impl.RoleInfo (RoleInfo.java:shutdownFollowerState(121)) - 69837c10-b6a5-4691-9f82-b2bf7c109e66: shutdown FollowerState
2019-11-05 11:09:48,342 [Thread-875] INFO  impl.FollowerState (FollowerState.java:run(117)) - 217b40b1-6496-41ee-9e5f-1bb61aa45139@group-FD4A39CE61DA-FollowerState was interrupted: java.lang.InterruptedException: sleep interrupted
2019-11-05 11:09:48,343 [grpc-default-executor-6] INFO  impl.RoleInfo (RoleInfo.java:updateAndGet(143)) - 69837c10-b6a5-4691-9f82-b2bf7c109e66: start FollowerState
2019-11-05 11:09:48,343 [Thread-874] INFO  impl.FollowerState (FollowerState.java:run(117)) - 69837c10-b6a5-4691-9f82-b2bf7c109e66@group-FD4A39CE61DA-FollowerState was interrupted: java.lang.InterruptedException: sleep interrupted
2019-11-05 11:09:48,365 [b4fa652e-9609-43ae-a5da-dbaebd8b3d71@group-FD4A39CE61DA-LeaderElection45] INFO  impl.LeaderElection (LeaderElection.java:logAndReturn(56)) - b4fa652e-9609-43ae-a5da-dbaebd8b3d71@group-FD4A39CE61DA-LeaderElection45: Election REJECTED; received 2 response(s) [b4fa652e-9609-43ae-a5da-dbaebd8b3d71<-217b40b1-6496-41ee-9e5f-1bb61aa45139#0:FAIL-t49, b4fa652e-9609-43ae-a5da-dbaebd8b3d71<-69837c10-b6a5-4691-9f82-b2bf7c109e66#0:FAIL-t49] and 0 exception(s); b4fa652e-9609-43ae-a5da-dbaebd8b3d71@group-FD4A39CE61DA:t49, leader=null, voted=b4fa652e-9609-43ae-a5da-dbaebd8b3d71, raftlog=b4fa652e-9609-43ae-a5da-dbaebd8b3d71@group-FD4A39CE61DA-SegmentedRaftLog:OPENED:c3,f4,i4, conf=0: [217b40b1-6496-41ee-9e5f-1bb61aa45139:192.168.157.252:40951, 69837c10-b6a5-4691-9f82-b2bf7c109e66:192.168.157.252:40716, b4fa652e-9609-43ae-a5da-dbaebd8b3d71:192.168.157.252:36685], old=null
2019-11-05 11:09:48,366 [b4fa652e-9609-43ae-a5da-dbaebd8b3d71@group-FD4A39CE61DA-LeaderElection45] INFO  impl.RaftServerImpl (RaftServerImpl.java:setRole(184)) - b4fa652e-9609-43ae-a5da-dbaebd8b3d71@group-FD4A39CE61DA: changes role from CANDIDATE to FOLLOWER at term 49 for DISCOVERED_A_NEW_TERM
2019-11-05 11:09:48,366 [b4fa652e-9609-43ae-a5da-dbaebd8b3d71@group-FD4A39CE61DA-LeaderElection45] INFO  impl.RoleInfo (RoleInfo.java:shutdownLeaderElection(134)) - b4fa652e-9609-43ae-a5da-dbaebd8b3d71: shutdown LeaderElection
2019-11-05 11:09:48,366 [b4fa652e-9609-43ae-a5da-dbaebd8b3d71@group-FD4A39CE61DA-LeaderElection45] INFO  impl.RoleInfo (RoleInfo.java:updateAndGet(143)) - b4fa652e-9609-43ae-a5da-dbaebd8b3d71: start FollowerState
2019-11-05 11:09:48,477 [Thread-880] INFO  impl.FollowerState (FollowerState.java:run(108)) - b4fa652e-9609-43ae-a5da-dbaebd8b3d71@group-FD4A39CE61DA-FollowerState: change to CANDIDATE, lastRpcTime:110ms, electionTimeout:110ms
2019-11-05 11:09:48,477 [Thread-880] INFO  impl.RoleInfo (RoleInfo.java:shutdownFollowerState(121)) - b4fa652e-9609-43ae-a5da-dbaebd8b3d71: shutdown FollowerState
2019-11-05 11:09:48,477 [Thread-880] INFO  impl.RaftServerImpl (RaftServerImpl.java:setRole(184)) - b4fa652e-9609-43ae-a5da-dbaebd8b3d71@group-FD4A39CE61DA: changes role from  FOLLOWER to CANDIDATE at term 49 for changeToCandidate
2019-11-05 11:09:48,478 [Thread-880] INFO  impl.RoleInfo (RoleInfo.java:updateAndGet(143)) - b4fa652e-9609-43ae-a5da-dbaebd8b3d71: start LeaderElection
2019-11-05 11:09:48,483 [b4fa652e-9609-43ae-a5da-dbaebd8b3d71@group-FD4A39CE61DA-LeaderElection46] INFO  impl.LeaderElection (LeaderElection.java:askForVotes(178)) - b4fa652e-9609-43ae-a5da-dbaebd8b3d71@group-FD4A39CE61DA-LeaderElection46: begin an election at term 50 for 0: [217b40b1-6496-41ee-9e5f-1bb61aa45139:192.168.157.252:40951, 69837c10-b6a5-4691-9f82-b2bf7c109e66:192.168.157.252:40716, b4fa652e-9609-43ae-a5da-dbaebd8b3d71:192.168.157.252:36685], old=null
2019-11-05 11:09:48,487 [grpc-default-executor-6] INFO  impl.RaftServerImpl (RaftServerImpl.java:setRole(184)) - 69837c10-b6a5-4691-9f82-b2bf7c109e66@group-FD4A39CE61DA: changes role from  FOLLOWER to FOLLOWER at term 50 for recognizeCandidate:b4fa652e-9609-43ae-a5da-dbaebd8b3d71
2019-11-05 11:09:48,488 [grpc-default-executor-6] INFO  impl.RoleInfo (RoleInfo.java:shutdownFollowerState(121)) - 69837c10-b6a5-4691-9f82-b2bf7c109e66: shutdown FollowerState
2019-11-05 11:09:48,488 [grpc-default-executor-6] INFO  impl.RoleInfo (RoleInfo.java:updateAndGet(143)) - 69837c10-b6a5-4691-9f82-b2bf7c109e66: start FollowerState
2019-11-05 11:09:48,488 [Thread-879] INFO  impl.FollowerState (FollowerState.java:run(117)) - 69837c10-b6a5-4691-9f82-b2bf7c109e66@group-FD4A39CE61DA-FollowerState was interrupted: java.lang.InterruptedException: sleep interrupted
2019-11-05 11:09:48,492 [grpc-default-executor-8] INFO  impl.RaftServerImpl (RaftServerImpl.java:setRole(184)) - 217b40b1-6496-41ee-9e5f-1bb61aa45139@group-FD4A39CE61DA: changes role from  FOLLOWER to FOLLOWER at term 50 for recognizeCandidate:b4fa652e-9609-43ae-a5da-dbaebd8b3d71
2019-11-05 11:09:48,492 [grpc-default-executor-8] INFO  impl.RoleInfo (RoleInfo.java:shutdownFollowerState(121)) - 217b40b1-6496-41ee-9e5f-1bb61aa45139: shutdown FollowerState
2019-11-05 11:09:48,492 [grpc-default-executor-8] INFO  impl.RoleInfo (RoleInfo.java:updateAndGet(143)) - 217b40b1-6496-41ee-9e5f-1bb61aa45139: start FollowerState
2019-11-05 11:09:48,492 [Thread-878] INFO  impl.FollowerState (FollowerState.java:run(117)) - 217b40b1-6496-41ee-9e5f-1bb61aa45139@group-FD4A39CE61DA-FollowerState was interrupted: java.lang.InterruptedException: sleep interrupted
2019-11-05 11:09:48,510 [b4fa652e-9609-43ae-a5da-dbaebd8b3d71@group-FD4A39CE61DA-LeaderElection46] INFO  impl.LeaderElection (LeaderElection.java:logAndReturn(56)) - b4fa652e-9609-43ae-a5da-dbaebd8b3d71@group-FD4A39CE61DA-LeaderElection46: Election REJECTED; received 2 response(s) [b4fa652e-9609-43ae-a5da-dbaebd8b3d71<-217b40b1-6496-41ee-9e5f-1bb61aa45139#0:FAIL-t50, b4fa652e-9609-43ae-a5da-dbaebd8b3d71<-69837c10-b6a5-4691-9f82-b2bf7c109e66#0:FAIL-t50] and 0 exception(s); b4fa652e-9609-43ae-a5da-dbaebd8b3d71@group-FD4A39CE61DA:t50, leader=null, voted=b4fa652e-9609-43ae-a5da-dbaebd8b3d71, raftlog=b4fa652e-9609-43ae-a5da-dbaebd8b3d71@group-FD4A39CE61DA-SegmentedRaftLog:OPENED:c3,f4,i4, conf=0: [217b40b1-6496-41ee-9e5f-1bb61aa45139:192.168.157.252:40951, 69837c10-b6a5-4691-9f82-b2bf7c109e66:192.168.157.252:40716, b4fa652e-9609-43ae-a5da-dbaebd8b3d71:192.168.157.252:36685], old=null
2019-11-05 11:09:48,511 [b4fa652e-9609-43ae-a5da-dbaebd8b3d71@group-FD4A39CE61DA-LeaderElection46] INFO  impl.RaftServerImpl (RaftServerImpl.java:setRole(184)) - b4fa652e-9609-43ae-a5da-dbaebd8b3d71@group-FD4A39CE61DA: changes role from CANDIDATE to FOLLOWER at term 50 for DISCOVERED_A_NEW_TERM
2019-11-05 11:09:48,511 [b4fa652e-9609-43ae-a5da-dbaebd8b3d71@group-FD4A39CE61DA-LeaderElection46] INFO  impl.RoleInfo (RoleInfo.java:shutdownLeaderElection(134)) - b4fa652e-9609-43ae-a5da-dbaebd8b3d71: shutdown LeaderElection
2019-11-05 11:09:48,511 [b4fa652e-9609-43ae-a5da-dbaebd8b3d71@group-FD4A39CE61DA-LeaderElection46] INFO  impl.RoleInfo (RoleInfo.java:updateAndGet(143)) - b4fa652e-9609-43ae-a5da-dbaebd8b3d71: start FollowerState
2019-11-05 11:09:48,669 [Thread-886] INFO  impl.FollowerState (FollowerState.java:run(108)) - b4fa652e-9609-43ae-a5da-dbaebd8b3d71@group-FD4A39CE61DA-FollowerState: change to CANDIDATE, lastRpcTime:157ms, electionTimeout:157ms
2019-11-05 11:09:48,669 [Thread-886] INFO  impl.RoleInfo (RoleInfo.java:shutdownFollowerState(121)) - b4fa652e-9609-43ae-a5da-dbaebd8b3d71: shutdown FollowerState
2019-11-05 11:09:48,669 [Thread-886] INFO  impl.RaftServerImpl (RaftServerImpl.java:setRole(184)) - b4fa652e-9609-43ae-a5da-dbaebd8b3d71@group-FD4A39CE61DA: changes role from  FOLLOWER to CANDIDATE at term 50 for changeToCandidate
2019-11-05 11:09:48,669 [Thread-886] INFO  impl.RoleInfo (RoleInfo.java:updateAndGet(143)) - b4fa652e-9609-43ae-a5da-dbaebd8b3d71: start LeaderElection
2019-11-05 11:09:48,679 [b4fa652e-9609-43ae-a5da-dbaebd8b3d71@group-FD4A39CE61DA-LeaderElection47] INFO  impl.LeaderElection (LeaderElection.java:askForVotes(178)) - b4fa652e-9609-43ae-a5da-dbaebd8b3d71@group-FD4A39CE61DA-LeaderElection47: begin an election at term 51 for 0: [217b40b1-6496-41ee-9e5f-1bb61aa45139:192.168.157.252:40951, 69837c10-b6a5-4691-9f82-b2bf7c109e66:192.168.157.252:40716, b4fa652e-9609-43ae-a5da-dbaebd8b3d71:192.168.157.252:36685], old=null
2019-11-05 11:09:48,683 [grpc-default-executor-8] INFO  impl.RaftServerImpl (RaftServerImpl.java:setRole(184)) - 217b40b1-6496-41ee-9e5f-1bb61aa45139@group-FD4A39CE61DA: changes role from  FOLLOWER to FOLLOWER at term 51 for recognizeCandidate:b4fa652e-9609-43ae-a5da-dbaebd8b3d71
2019-11-05 11:09:48,684 [grpc-default-executor-8] INFO  impl.RoleInfo (RoleInfo.java:shutdownFollowerState(121)) - 217b40b1-6496-41ee-9e5f-1bb61aa45139: shutdown FollowerState
2019-11-05 11:09:48,684 [grpc-default-executor-8] INFO  impl.RoleInfo (RoleInfo.java:updateAndGet(143)) - 217b40b1-6496-41ee-9e5f-1bb61aa45139: start FollowerState
2019-11-05 11:09:48,684 [Thread-885] INFO  impl.FollowerState (FollowerState.java:run(117)) - 217b40b1-6496-41ee-9e5f-1bb61aa45139@group-FD4A39CE61DA-FollowerState was interrupted: java.lang.InterruptedException: sleep interrupted
2019-11-05 11:09:48,687 [grpc-default-executor-6] INFO  impl.RaftServerImpl (RaftServerImpl.java:setRole(184)) - 69837c10-b6a5-4691-9f82-b2bf7c109e66@group-FD4A39CE61DA: changes role from  FOLLOWER to FOLLOWER at term 51 for recognizeCandidate:b4fa652e-9609-43ae-a5da-dbaebd8b3d71
2019-11-05 11:09:48,688 [grpc-default-executor-6] INFO  impl.RoleInfo (RoleInfo.java:shutdownFollowerState(121)) - 69837c10-b6a5-4691-9f82-b2bf7c109e66: shutdown FollowerState
2019-11-05 11:09:48,688 [grpc-default-executor-6] INFO  impl.RoleInfo (RoleInfo.java:updateAndGet(143)) - 69837c10-b6a5-4691-9f82-b2bf7c109e66: start FollowerState
2019-11-05 11:09:48,688 [Thread-884] INFO  impl.FollowerState (FollowerState.java:run(117)) - 69837c10-b6a5-4691-9f82-b2bf7c109e66@group-FD4A39CE61DA-FollowerState was interrupted: java.lang.InterruptedException: sleep interrupted
2019-11-05 11:09:48,707 [b4fa652e-9609-43ae-a5da-dbaebd8b3d71@group-FD4A39CE61DA-LeaderElection47] INFO  impl.LeaderElection (LeaderElection.java:logAndReturn(56)) - b4fa652e-9609-43ae-a5da-dbaebd8b3d71@group-FD4A39CE61DA-LeaderElection47: Election REJECTED; received 2 response(s) [b4fa652e-9609-43ae-a5da-dbaebd8b3d71<-217b40b1-6496-41ee-9e5f-1bb61aa45139#0:FAIL-t51, b4fa652e-9609-43ae-a5da-dbaebd8b3d71<-69837c10-b6a5-4691-9f82-b2bf7c109e66#0:FAIL-t51] and 0 exception(s); b4fa652e-9609-43ae-a5da-dbaebd8b3d71@group-FD4A39CE61DA:t51, leader=null, voted=b4fa652e-9609-43ae-a5da-dbaebd8b3d71, raftlog=b4fa652e-9609-43ae-a5da-dbaebd8b3d71@group-FD4A39CE61DA-SegmentedRaftLog:OPENED:c3,f4,i4, conf=0: [217b40b1-6496-41ee-9e5f-1bb61aa45139:192.168.157.252:40951, 69837c10-b6a5-4691-9f82-b2bf7c109e66:192.168.157.252:40716, b4fa652e-9609-43ae-a5da-dbaebd8b3d71:192.168.157.252:36685], old=null
2019-11-05 11:09:48,707 [b4fa652e-9609-43ae-a5da-dbaebd8b3d71@group-FD4A39CE61DA-LeaderElection47] INFO  impl.RaftServerImpl (RaftServerImpl.java:setRole(184)) - b4fa652e-9609-43ae-a5da-dbaebd8b3d71@group-FD4A39CE61DA: changes role from CANDIDATE to FOLLOWER at term 51 for DISCOVERED_A_NEW_TERM
2019-11-05 11:09:48,707 [b4fa652e-9609-43ae-a5da-dbaebd8b3d71@group-FD4A39CE61DA-LeaderElection47] INFO  impl.RoleInfo (RoleInfo.java:shutdownLeaderElection(134)) - b4fa652e-9609-43ae-a5da-dbaebd8b3d71: shutdown LeaderElection
2019-11-05 11:09:48,707 [b4fa652e-9609-43ae-a5da-dbaebd8b3d71@group-FD4A39CE61DA-LeaderElection47] INFO  impl.RoleInfo (RoleInfo.java:updateAndGet(143)) - b4fa652e-9609-43ae-a5da-dbaebd8b3d71: start FollowerState
2019-11-05 11:09:48,719 [Thread-892] INFO  impl.FollowerState (FollowerState.java:run(108)) - b4fa652e-9609-43ae-a5da-dbaebd8b3d71@group-FD4A39CE61DA-FollowerState: change to CANDIDATE, lastRpcTime:11ms, electionTimeout:11ms
2019-11-05 11:09:48,719 [Thread-892] INFO  impl.RoleInfo (RoleInfo.java:shutdownFollowerState(121)) - b4fa652e-9609-43ae-a5da-dbaebd8b3d71: shutdown FollowerState
2019-11-05 11:09:48,719 [Thread-892] INFO  impl.RaftServerImpl (RaftServerImpl.java:setRole(184)) - b4fa652e-9609-43ae-a5da-dbaebd8b3d71@group-FD4A39CE61DA: changes role from  FOLLOWER to CANDIDATE at term 51 for changeToCandidate
2019-11-05 11:09:48,719 [Thread-892] INFO  impl.RoleInfo (RoleInfo.java:updateAndGet(143)) - b4fa652e-9609-43ae-a5da-dbaebd8b3d71: start LeaderElection
2019-11-05 11:09:48,739 [b4fa652e-9609-43ae-a5da-dbaebd8b3d71@group-FD4A39CE61DA-LeaderElection48] INFO  impl.LeaderElection (LeaderElection.java:askForVotes(178)) - b4fa652e-9609-43ae-a5da-dbaebd8b3d71@group-FD4A39CE61DA-LeaderElection48: begin an election at term 52 for 0: [217b40b1-6496-41ee-9e5f-1bb61aa45139:192.168.157.252:40951, 69837c10-b6a5-4691-9f82-b2bf7c109e66:192.168.157.252:40716, b4fa652e-9609-43ae-a5da-dbaebd8b3d71:192.168.157.252:36685], old=null
2019-11-05 11:09:48,742 [grpc-default-executor-8] INFO  impl.RaftServerImpl (RaftServerImpl.java:setRole(184)) - 69837c10-b6a5-4691-9f82-b2bf7c109e66@group-FD4A39CE61DA: changes role from  FOLLOWER to FOLLOWER at term 52 for recognizeCandidate:b4fa652e-9609-43ae-a5da-dbaebd8b3d71
2019-11-05 11:09:48,743 [grpc-default-executor-8] INFO  impl.RoleInfo (RoleInfo.java:shutdownFollowerState(121)) - 69837c10-b6a5-4691-9f82-b2bf7c109e66: shutdown FollowerState
2019-11-05 11:09:48,743 [grpc-default-executor-8] INFO  impl.RoleInfo (RoleInfo.java:updateAndGet(143)) - 69837c10-b6a5-4691-9f82-b2bf7c109e66: start FollowerState
2019-11-05 11:09:48,743 [Thread-891] INFO  impl.FollowerState (FollowerState.java:run(117)) - 69837c10-b6a5-4691-9f82-b2bf7c109e66@group-FD4A39CE61DA-FollowerState was interrupted: java.lang.InterruptedException: sleep interrupted
2019-11-05 11:09:48,744 [grpc-default-executor-6] INFO  impl.RaftServerImpl (RaftServerImpl.java:setRole(184)) - 217b40b1-6496-41ee-9e5f-1bb61aa45139@group-FD4A39CE61DA: changes role from  FOLLOWER to FOLLOWER at term 52 for recognizeCandidate:b4fa652e-9609-43ae-a5da-dbaebd8b3d71
2019-11-05 11:09:48,744 [grpc-default-executor-6] INFO  impl.RoleInfo (RoleInfo.java:shutdownFollowerState(121)) - 217b40b1-6496-41ee-9e5f-1bb61aa45139: shutdown FollowerState
2019-11-05 11:09:48,745 [Thread-890] INFO  impl.FollowerState (FollowerState.java:run(117)) - 217b40b1-6496-41ee-9e5f-1bb61aa45139@group-FD4A39CE61DA-FollowerState was interrupted: java.lang.InterruptedException: sleep interrupted
2019-11-05 11:09:48,745 [grpc-default-executor-6] INFO  impl.RoleInfo (RoleInfo.java:updateAndGet(143)) - 217b40b1-6496-41ee-9e5f-1bb61aa45139: start FollowerState
2019-11-05 11:09:48,762 [b4fa652e-9609-43ae-a5da-dbaebd8b3d71@group-FD4A39CE61DA-LeaderElection48] INFO  impl.LeaderElection (LeaderElection.java:logAndReturn(56)) - b4fa652e-9609-43ae-a5da-dbaebd8b3d71@group-FD4A39CE61DA-LeaderElection48: Election REJECTED; received 2 response(s) [b4fa652e-9609-43ae-a5da-dbaebd8b3d71<-217b40b1-6496-41ee-9e5f-1bb61aa45139#0:FAIL-t52, b4fa652e-9609-43ae-a5da-dbaebd8b3d71<-69837c10-b6a5-4691-9f82-b2bf7c109e66#0:FAIL-t52] and 0 exception(s); b4fa652e-9609-43ae-a5da-dbaebd8b3d71@group-FD4A39CE61DA:t52, leader=null, voted=b4fa652e-9609-43ae-a5da-dbaebd8b3d71, raftlog=b4fa652e-9609-43ae-a5da-dbaebd8b3d71@group-FD4A39CE61DA-SegmentedRaftLog:OPENED:c3,f4,i4, conf=0: [217b40b1-6496-41ee-9e5f-1bb61aa45139:192.168.157.252:40951, 69837c10-b6a5-4691-9f82-b2bf7c109e66:192.168.157.252:40716, b4fa652e-9609-43ae-a5da-dbaebd8b3d71:192.168.157.252:36685], old=null
2019-11-05 11:09:48,762 [b4fa652e-9609-43ae-a5da-dbaebd8b3d71@group-FD4A39CE61DA-LeaderElection48] INFO  impl.RaftServerImpl (RaftServerImpl.java:setRole(184)) - b4fa652e-9609-43ae-a5da-dbaebd8b3d71@group-FD4A39CE61DA: changes role from CANDIDATE to FOLLOWER at term 52 for DISCOVERED_A_NEW_TERM
2019-11-05 11:09:48,762 [b4fa652e-9609-43ae-a5da-dbaebd8b3d71@group-FD4A39CE61DA-LeaderElection48] INFO  impl.RoleInfo (RoleInfo.java:shutdownLeaderElection(134)) - b4fa652e-9609-43ae-a5da-dbaebd8b3d71: shutdown LeaderElection
2019-11-05 11:09:48,762 [b4fa652e-9609-43ae-a5da-dbaebd8b3d71@group-FD4A39CE61DA-LeaderElection48] INFO  impl.RoleInfo (RoleInfo.java:updateAndGet(143)) - b4fa652e-9609-43ae-a5da-dbaebd8b3d71: start FollowerState
]]></system-out>
    <system-err><![CDATA[ERROR StatusLogger No Log4j 2 configuration file found. Using default configuration (logging only errors to the console), or user programmatically provided configurations. Set system property 'log4j2.debug' to show Log4j 2 internal initialization logging. See https://logging.apache.org/log4j/2.x/manual/configuration.html for instructions on how to configure Log4j 2
Nov 05, 2019 11:08:02 AM org.apache.ratis.thirdparty.io.grpc.internal.SerializingExecutor run
SEVERE: Exception while executing runnable org.apache.ratis.thirdparty.io.grpc.internal.ClientCallImpl$ClientStreamListenerImpl$1StreamClosed@202460d5
java.lang.NullPointerException
	at org.apache.ratis.grpc.server.GrpcLogAppender$AppendLogResponseHandler.onError(GrpcLogAppender.java:303)
	at org.apache.ratis.thirdparty.io.grpc.stub.ClientCalls$StreamObserverToCallListenerAdapter.onClose(ClientCalls.java:434)
	at org.apache.ratis.thirdparty.io.grpc.PartialForwardingClientCallListener.onClose(PartialForwardingClientCallListener.java:39)
	at org.apache.ratis.thirdparty.io.grpc.ForwardingClientCallListener.onClose(ForwardingClientCallListener.java:23)
	at org.apache.ratis.thirdparty.io.grpc.ForwardingClientCallListener$SimpleForwardingClientCallListener.onClose(ForwardingClientCallListener.java:40)
	at org.apache.ratis.thirdparty.io.grpc.internal.CensusStatsModule$StatsClientInterceptor$1$1.onClose(CensusStatsModule.java:678)
	at org.apache.ratis.thirdparty.io.grpc.PartialForwardingClientCallListener.onClose(PartialForwardingClientCallListener.java:39)
	at org.apache.ratis.thirdparty.io.grpc.ForwardingClientCallListener.onClose(ForwardingClientCallListener.java:23)
	at org.apache.ratis.thirdparty.io.grpc.ForwardingClientCallListener$SimpleForwardingClientCallListener.onClose(ForwardingClientCallListener.java:40)
	at org.apache.ratis.thirdparty.io.grpc.internal.CensusTracingModule$TracingClientInterceptor$1$1.onClose(CensusTracingModule.java:397)
	at org.apache.ratis.thirdparty.io.grpc.internal.ClientCallImpl.closeObserver(ClientCallImpl.java:459)
	at org.apache.ratis.thirdparty.io.grpc.internal.ClientCallImpl.access$300(ClientCallImpl.java:63)
	at org.apache.ratis.thirdparty.io.grpc.internal.ClientCallImpl$ClientStreamListenerImpl.close(ClientCallImpl.java:546)
	at org.apache.ratis.thirdparty.io.grpc.internal.ClientCallImpl$ClientStreamListenerImpl.access$600(ClientCallImpl.java:467)
	at org.apache.ratis.thirdparty.io.grpc.internal.ClientCallImpl$ClientStreamListenerImpl$1StreamClosed.runInContext(ClientCallImpl.java:584)
	at org.apache.ratis.thirdparty.io.grpc.internal.ContextRunnable.run(ContextRunnable.java:37)
	at org.apache.ratis.thirdparty.io.grpc.internal.SerializingExecutor.run(SerializingExecutor.java:123)
	at java.util.concurrent.ThreadPoolExecutor.runWorker(ThreadPoolExecutor.java:1149)
	at java.util.concurrent.ThreadPoolExecutor$Worker.run(ThreadPoolExecutor.java:624)
	at java.lang.Thread.run(Thread.java:748)

Nov 05, 2019 11:08:02 AM org.apache.ratis.thirdparty.io.grpc.internal.SerializingExecutor run
SEVERE: Exception while executing runnable org.apache.ratis.thirdparty.io.grpc.internal.ServerImpl$JumpToApplicationThreadServerStreamListener$1Closed@7f44546
org.apache.ratis.thirdparty.io.grpc.StatusRuntimeException: CANCELLED: call already cancelled
	at org.apache.ratis.thirdparty.io.grpc.Status.asRuntimeException(Status.java:517)
	at org.apache.ratis.thirdparty.io.grpc.stub.ServerCalls$ServerCallStreamObserverImpl.onCompleted(ServerCalls.java:356)
	at org.apache.ratis.grpc.server.GrpcServerProtocolService$ServerRequestStreamObserver.onError(GrpcServerProtocolService.java:121)
	at org.apache.ratis.thirdparty.io.grpc.stub.ServerCalls$StreamingServerCallHandler$StreamingServerCallListener.onCancel(ServerCalls.java:269)
	at org.apache.ratis.thirdparty.io.grpc.internal.ServerCallImpl$ServerStreamListenerImpl.closed(ServerCallImpl.java:293)
	at org.apache.ratis.thirdparty.io.grpc.internal.ServerImpl$JumpToApplicationThreadServerStreamListener$1Closed.runInContext(ServerImpl.java:741)
	at org.apache.ratis.thirdparty.io.grpc.internal.ContextRunnable.run(ContextRunnable.java:37)
	at org.apache.ratis.thirdparty.io.grpc.internal.SerializingExecutor.run(SerializingExecutor.java:123)
	at java.util.concurrent.ThreadPoolExecutor.runWorker(ThreadPoolExecutor.java:1149)
	at java.util.concurrent.ThreadPoolExecutor$Worker.run(ThreadPoolExecutor.java:624)
	at java.lang.Thread.run(Thread.java:748)

]]></system-err>
  </testcase>
</testsuite>