<?xml version="1.0" encoding="UTF-8"?>
<testsuite xmlns:xsi="http://www.w3.org/2001/XMLSchema-instance" xsi:noNamespaceSchemaLocation="https://maven.apache.org/surefire/maven-surefire-plugin/xsd/surefire-test-report.xsd" name="org.apache.hadoop.ozone.freon.TestFreonWithPipelineDestroy" time="53.196" tests="1" errors="1" skipped="0" failures="0">
  <properties>
    <property name="awt.toolkit" value="sun.awt.X11.XToolkit"/>
    <property name="file.encoding.pkg" value="sun.io"/>
    <property name="java.specification.version" value="1.8"/>
    <property name="sun.cpu.isalist" value=""/>
    <property name="sun.jnu.encoding" value="ANSI_X3.4-1968"/>
    <property name="java.class.path" value="/workdir/hadoop-ozone/tools/target/test-classes:/workdir/hadoop-ozone/tools/target/classes:/home/user/.m2/repository/org/apache/hadoop/hadoop-ozone-ozone-manager/0.5.0-SNAPSHOT/hadoop-ozone-ozone-manager-0.5.0-SNAPSHOT.jar:/home/user/.m2/repository/org/apache/hadoop/hadoop-hdds-docs/0.5.0-SNAPSHOT/hadoop-hdds-docs-0.5.0-SNAPSHOT.jar:/home/user/.m2/repository/org/bouncycastle/bcprov-jdk15on/1.60/bcprov-jdk15on-1.60.jar:/home/user/.m2/repository/org/apache/hadoop/hadoop-ozone-common/0.5.0-SNAPSHOT/hadoop-ozone-common-0.5.0-SNAPSHOT.jar:/home/user/.m2/repository/org/apache/commons/commons-compress/1.4.1/commons-compress-1.4.1.jar:/home/user/.m2/repository/org/tukaani/xz/1.0/xz-1.0.jar:/home/user/.m2/repository/org/apache/hadoop/hadoop-hdfs-client/3.2.0/hadoop-hdfs-client-3.2.0.jar:/home/user/.m2/repository/com/fasterxml/jackson/core/jackson-annotations/2.9.9/jackson-annotations-2.9.9.jar:/home/user/.m2/repository/org/apache/hadoop/hadoop-hdds-common/0.5.0-SNAPSHOT/hadoop-hdds-common-0.5.0-SNAPSHOT.jar:/home/user/.m2/repository/org/apache/hadoop/hadoop-hdds-config/0.5.0-SNAPSHOT/hadoop-hdds-config-0.5.0-SNAPSHOT.jar:/home/user/.m2/repository/javax/annotation/javax.annotation-api/1.2/javax.annotation-api-1.2.jar:/home/user/.m2/repository/org/apache/ratis/ratis-server/0.5.0-d6d58d0-SNAPSHOT/ratis-server-0.5.0-d6d58d0-SNAPSHOT.jar:/home/user/.m2/repository/org/apache/ratis/ratis-thirdparty-misc/0.2.0/ratis-thirdparty-misc-0.2.0.jar:/home/user/.m2/repository/org/apache/ratis/ratis-proto/0.5.0-d6d58d0-SNAPSHOT/ratis-proto-0.5.0-d6d58d0-SNAPSHOT.jar:/home/user/.m2/repository/org/apache/ratis/ratis-common/0.5.0-d6d58d0-SNAPSHOT/ratis-common-0.5.0-d6d58d0-SNAPSHOT.jar:/home/user/.m2/repository/org/apache/ratis/ratis-client/0.5.0-d6d58d0-SNAPSHOT/ratis-client-0.5.0-d6d58d0-SNAPSHOT.jar:/home/user/.m2/repository/org/apache/ratis/ratis-metrics/0.5.0-d6d58d0-SNAPSHOT/ratis-metrics-0.5.0-d6d58d0-SNAPSHOT.jar:/home/user/.m2/repository/org/apache/ratis/ratis-netty/0.5.0-d6d58d0-SNAPSHOT/ratis-netty-0.5.0-d6d58d0-SNAPSHOT.jar:/home/user/.m2/repository/org/apache/ratis/ratis-grpc/0.5.0-d6d58d0-SNAPSHOT/ratis-grpc-0.5.0-d6d58d0-SNAPSHOT.jar:/home/user/.m2/repository/org/rocksdb/rocksdbjni/6.0.1/rocksdbjni-6.0.1.jar:/home/user/.m2/repository/org/apache/logging/log4j/log4j-api/2.11.0/log4j-api-2.11.0.jar:/home/user/.m2/repository/org/apache/logging/log4j/log4j-core/2.11.0/log4j-core-2.11.0.jar:/home/user/.m2/repository/com/lmax/disruptor/3.4.2/disruptor-3.4.2.jar:/home/user/.m2/repository/org/apache/commons/commons-pool2/2.6.0/commons-pool2-2.6.0.jar:/home/user/.m2/repository/org/bouncycastle/bcpkix-jdk15on/1.60/bcpkix-jdk15on-1.60.jar:/home/user/.m2/repository/commons-validator/commons-validator/1.6/commons-validator-1.6.jar:/home/user/.m2/repository/commons-digester/commons-digester/1.8.1/commons-digester-1.8.1.jar:/home/user/.m2/repository/io/jaegertracing/jaeger-client/0.34.0/jaeger-client-0.34.0.jar:/home/user/.m2/repository/io/jaegertracing/jaeger-thrift/0.34.0/jaeger-thrift-0.34.0.jar:/home/user/.m2/repository/org/apache/thrift/libthrift/0.12.0/libthrift-0.12.0.jar:/home/user/.m2/repository/com/squareup/okhttp3/okhttp/3.9.0/okhttp-3.9.0.jar:/home/user/.m2/repository/com/squareup/okio/okio/1.13.0/okio-1.13.0.jar:/home/user/.m2/repository/io/jaegertracing/jaeger-core/0.34.0/jaeger-core-0.34.0.jar:/home/user/.m2/repository/io/jaegertracing/jaeger-tracerresolver/0.34.0/jaeger-tracerresolver-0.34.0.jar:/home/user/.m2/repository/io/opentracing/contrib/opentracing-tracerresolver/0.1.5/opentracing-tracerresolver-0.1.5.jar:/home/user/.m2/repository/io/opentracing/opentracing-util/0.31.0/opentracing-util-0.31.0.jar:/home/user/.m2/repository/io/opentracing/opentracing-api/0.31.0/opentracing-api-0.31.0.jar:/home/user/.m2/repository/io/opentracing/opentracing-noop/0.31.0/opentracing-noop-0.31.0.jar:/home/user/.m2/repository/org/yaml/snakeyaml/1.16/snakeyaml-1.16.jar:/home/user/.m2/repository/org/apache/hadoop/hadoop-hdds-container-service/0.5.0-SNAPSHOT/hadoop-hdds-container-service-0.5.0-SNAPSHOT.jar:/home/user/.m2/repository/org/apache/hadoop/hadoop-hdds-client/0.5.0-SNAPSHOT/hadoop-hdds-client-0.5.0-SNAPSHOT.jar:/home/user/.m2/repository/org/apache/hadoop/hadoop-hdds-tools/0.5.0-SNAPSHOT/hadoop-hdds-tools-0.5.0-SNAPSHOT.jar:/home/user/.m2/repository/org/xerial/sqlite-jdbc/3.25.2/sqlite-jdbc-3.25.2.jar:/home/user/.m2/repository/org/apache/hadoop/hadoop-hdds-server-scm/0.5.0-SNAPSHOT/hadoop-hdds-server-scm-0.5.0-SNAPSHOT.jar:/home/user/.m2/repository/org/hamcrest/hamcrest-all/1.3/hamcrest-all-1.3.jar:/home/user/.m2/repository/info/picocli/picocli/3.9.6/picocli-3.9.6.jar:/home/user/.m2/repository/com/google/protobuf/protobuf-java/2.5.0/protobuf-java-2.5.0.jar:/home/user/.m2/repository/com/google/guava/guava/11.0.2/guava-11.0.2.jar:/home/user/.m2/repository/org/apache/hadoop/hadoop-ozone-client/0.5.0-SNAPSHOT/hadoop-ozone-client-0.5.0-SNAPSHOT.jar:/workdir/hadoop-ozone/ozonefs/target/classes:/home/user/.m2/repository/org/apache/httpcomponents/httpclient/4.5.2/httpclient-4.5.2.jar:/home/user/.m2/repository/org/apache/httpcomponents/httpcore/4.4.4/httpcore-4.4.4.jar:/home/user/.m2/repository/org/apache/hadoop/hadoop-hdds-server-framework/0.5.0-SNAPSHOT/hadoop-hdds-server-framework-0.5.0-SNAPSHOT.jar:/home/user/.m2/repository/org/apache/hadoop/hadoop-common/3.2.0/hadoop-common-3.2.0.jar:/home/user/.m2/repository/org/apache/hadoop/hadoop-annotations/3.2.0/hadoop-annotations-3.2.0.jar:/usr/lib/jvm/java-1.8.0-openjdk-1.8.0.222.b10-1.el7_7.x86_64/jre/../lib/tools.jar:/home/user/.m2/repository/commons-cli/commons-cli/1.2/commons-cli-1.2.jar:/home/user/.m2/repository/org/apache/commons/commons-math3/3.1.1/commons-math3-3.1.1.jar:/home/user/.m2/repository/commons-codec/commons-codec/1.11/commons-codec-1.11.jar:/home/user/.m2/repository/commons-io/commons-io/2.5/commons-io-2.5.jar:/home/user/.m2/repository/commons-net/commons-net/3.6/commons-net-3.6.jar:/home/user/.m2/repository/commons-collections/commons-collections/3.2.2/commons-collections-3.2.2.jar:/home/user/.m2/repository/javax/servlet/javax.servlet-api/3.1.0/javax.servlet-api-3.1.0.jar:/home/user/.m2/repository/org/eclipse/jetty/jetty-server/9.3.25.v20180904/jetty-server-9.3.25.v20180904.jar:/home/user/.m2/repository/org/eclipse/jetty/jetty-http/9.3.25.v20180904/jetty-http-9.3.25.v20180904.jar:/home/user/.m2/repository/org/eclipse/jetty/jetty-io/9.3.25.v20180904/jetty-io-9.3.25.v20180904.jar:/home/user/.m2/repository/org/eclipse/jetty/jetty-util/9.3.25.v20180904/jetty-util-9.3.25.v20180904.jar:/home/user/.m2/repository/org/eclipse/jetty/jetty-servlet/9.3.25.v20180904/jetty-servlet-9.3.25.v20180904.jar:/home/user/.m2/repository/org/eclipse/jetty/jetty-security/9.3.25.v20180904/jetty-security-9.3.25.v20180904.jar:/home/user/.m2/repository/org/eclipse/jetty/jetty-webapp/9.3.25.v20180904/jetty-webapp-9.3.25.v20180904.jar:/home/user/.m2/repository/org/eclipse/jetty/jetty-xml/9.3.25.v20180904/jetty-xml-9.3.25.v20180904.jar:/home/user/.m2/repository/javax/servlet/jsp/jsp-api/2.1/jsp-api-2.1.jar:/home/user/.m2/repository/com/sun/jersey/jersey-core/1.19/jersey-core-1.19.jar:/home/user/.m2/repository/javax/ws/rs/jsr311-api/1.1.1/jsr311-api-1.1.1.jar:/home/user/.m2/repository/com/sun/jersey/jersey-servlet/1.19/jersey-servlet-1.19.jar:/home/user/.m2/repository/com/sun/jersey/jersey-json/1.19/jersey-json-1.19.jar:/home/user/.m2/repository/org/codehaus/jettison/jettison/1.1/jettison-1.1.jar:/home/user/.m2/repository/com/sun/xml/bind/jaxb-impl/2.3.0.1/jaxb-impl-2.3.0.1.jar:/home/user/.m2/repository/org/codehaus/jackson/jackson-core-asl/1.9.13/jackson-core-asl-1.9.13.jar:/home/user/.m2/repository/org/codehaus/jackson/jackson-mapper-asl/1.9.13/jackson-mapper-asl-1.9.13.jar:/home/user/.m2/repository/org/codehaus/jackson/jackson-jaxrs/1.9.13/jackson-jaxrs-1.9.13.jar:/home/user/.m2/repository/org/codehaus/jackson/jackson-xc/1.9.13/jackson-xc-1.9.13.jar:/home/user/.m2/repository/com/sun/jersey/jersey-server/1.19/jersey-server-1.19.jar:/home/user/.m2/repository/commons-logging/commons-logging/1.1.3/commons-logging-1.1.3.jar:/home/user/.m2/repository/log4j/log4j/1.2.17/log4j-1.2.17.jar:/home/user/.m2/repository/commons-beanutils/commons-beanutils/1.9.4/commons-beanutils-1.9.4.jar:/home/user/.m2/repository/org/apache/commons/commons-configuration2/2.1.1/commons-configuration2-2.1.1.jar:/home/user/.m2/repository/org/apache/commons/commons-lang3/3.7/commons-lang3-3.7.jar:/home/user/.m2/repository/org/apache/commons/commons-text/1.4/commons-text-1.4.jar:/home/user/.m2/repository/org/slf4j/slf4j-api/1.7.25/slf4j-api-1.7.25.jar:/home/user/.m2/repository/org/slf4j/slf4j-log4j12/1.7.25/slf4j-log4j12-1.7.25.jar:/home/user/.m2/repository/org/apache/avro/avro/1.7.7/avro-1.7.7.jar:/home/user/.m2/repository/com/thoughtworks/paranamer/paranamer/2.3/paranamer-2.3.jar:/home/user/.m2/repository/org/xerial/snappy/snappy-java/1.0.5/snappy-java-1.0.5.jar:/home/user/.m2/repository/com/google/re2j/re2j/1.1/re2j-1.1.jar:/home/user/.m2/repository/com/google/code/gson/gson/2.2.4/gson-2.2.4.jar:/home/user/.m2/repository/org/apache/hadoop/hadoop-auth/3.2.0/hadoop-auth-3.2.0.jar:/home/user/.m2/repository/com/nimbusds/nimbus-jose-jwt/4.41.1/nimbus-jose-jwt-4.41.1.jar:/home/user/.m2/repository/com/github/stephenc/jcip/jcip-annotations/1.0-1/jcip-annotations-1.0-1.jar:/home/user/.m2/repository/net/minidev/json-smart/2.3/json-smart-2.3.jar:/home/user/.m2/repository/net/minidev/accessors-smart/1.2/accessors-smart-1.2.jar:/home/user/.m2/repository/org/apache/curator/curator-framework/2.12.0/curator-framework-2.12.0.jar:/home/user/.m2/repository/com/jcraft/jsch/0.1.54/jsch-0.1.54.jar:/home/user/.m2/repository/org/apache/curator/curator-client/2.12.0/curator-client-2.12.0.jar:/home/user/.m2/repository/org/apache/curator/curator-recipes/2.12.0/curator-recipes-2.12.0.jar:/home/user/.m2/repository/com/google/code/findbugs/jsr305/3.0.0/jsr305-3.0.0.jar:/home/user/.m2/repository/org/apache/htrace/htrace-core4/4.1.0-incubating/htrace-core4-4.1.0-incubating.jar:/home/user/.m2/repository/org/apache/zookeeper/zookeeper/3.4.13/zookeeper-3.4.13.jar:/home/user/.m2/repository/jline/jline/0.9.94/jline-0.9.94.jar:/home/user/.m2/repository/org/apache/yetus/audience-annotations/0.5.0/audience-annotations-0.5.0.jar:/home/user/.m2/repository/org/apache/kerby/kerb-simplekdc/1.0.1/kerb-simplekdc-1.0.1.jar:/home/user/.m2/repository/org/apache/kerby/kerb-client/1.0.1/kerb-client-1.0.1.jar:/home/user/.m2/repository/org/apache/kerby/kerby-config/1.0.1/kerby-config-1.0.1.jar:/home/user/.m2/repository/org/apache/kerby/kerb-core/1.0.1/kerb-core-1.0.1.jar:/home/user/.m2/repository/org/apache/kerby/kerby-pkix/1.0.1/kerby-pkix-1.0.1.jar:/home/user/.m2/repository/org/apache/kerby/kerby-asn1/1.0.1/kerby-asn1-1.0.1.jar:/home/user/.m2/repository/org/apache/kerby/kerby-util/1.0.1/kerby-util-1.0.1.jar:/home/user/.m2/repository/org/apache/kerby/kerb-common/1.0.1/kerb-common-1.0.1.jar:/home/user/.m2/repository/org/apache/kerby/kerb-crypto/1.0.1/kerb-crypto-1.0.1.jar:/home/user/.m2/repository/org/apache/kerby/kerb-util/1.0.1/kerb-util-1.0.1.jar:/home/user/.m2/repository/org/apache/kerby/token-provider/1.0.1/token-provider-1.0.1.jar:/home/user/.m2/repository/org/apache/kerby/kerb-admin/1.0.1/kerb-admin-1.0.1.jar:/home/user/.m2/repository/org/apache/kerby/kerb-server/1.0.1/kerb-server-1.0.1.jar:/home/user/.m2/repository/org/apache/kerby/kerb-identity/1.0.1/kerb-identity-1.0.1.jar:/home/user/.m2/repository/org/apache/kerby/kerby-xdr/1.0.1/kerby-xdr-1.0.1.jar:/home/user/.m2/repository/com/fasterxml/jackson/core/jackson-databind/2.9.9/jackson-databind-2.9.9.jar:/home/user/.m2/repository/com/fasterxml/jackson/core/jackson-core/2.9.9/jackson-core-2.9.9.jar:/home/user/.m2/repository/org/codehaus/woodstox/stax2-api/3.1.4/stax2-api-3.1.4.jar:/home/user/.m2/repository/com/fasterxml/woodstox/woodstox-core/5.0.3/woodstox-core-5.0.3.jar:/home/user/.m2/repository/dnsjava/dnsjava/2.1.7/dnsjava-2.1.7.jar:/home/user/.m2/repository/org/apache/hadoop/hadoop-hdfs/3.2.0/hadoop-hdfs-3.2.0.jar:/home/user/.m2/repository/org/eclipse/jetty/jetty-util-ajax/9.3.25.v20180904/jetty-util-ajax-9.3.25.v20180904.jar:/home/user/.m2/repository/commons-daemon/commons-daemon/1.0.13/commons-daemon-1.0.13.jar:/home/user/.m2/repository/io/netty/netty/3.10.5.Final/netty-3.10.5.Final.jar:/home/user/.m2/repository/io/netty/netty-all/4.0.52.Final/netty-all-4.0.52.Final.jar:/home/user/.m2/repository/org/fusesource/leveldbjni/leveldbjni-all/1.8/leveldbjni-all-1.8.jar:/home/user/.m2/repository/com/sun/xml/bind/jaxb-core/2.3.0.1/jaxb-core-2.3.0.1.jar:/home/user/.m2/repository/javax/xml/bind/jaxb-api/2.3.0/jaxb-api-2.3.0.jar:/home/user/.m2/repository/javax/activation/activation/1.1.1/activation-1.1.1.jar:/home/user/.m2/repository/org/openjdk/jmh/jmh-core/1.19/jmh-core-1.19.jar:/home/user/.m2/repository/net/sf/jopt-simple/jopt-simple/4.6/jopt-simple-4.6.jar:/home/user/.m2/repository/org/openjdk/jmh/jmh-generator-annprocess/1.19/jmh-generator-annprocess-1.19.jar:/home/user/.m2/repository/io/dropwizard/metrics/metrics-core/3.2.4/metrics-core-3.2.4.jar:/home/user/.m2/repository/com/amazonaws/aws-java-sdk-s3/1.11.615/aws-java-sdk-s3-1.11.615.jar:/home/user/.m2/repository/com/amazonaws/aws-java-sdk-kms/1.11.615/aws-java-sdk-kms-1.11.615.jar:/home/user/.m2/repository/com/amazonaws/aws-java-sdk-core/1.11.615/aws-java-sdk-core-1.11.615.jar:/home/user/.m2/repository/software/amazon/ion/ion-java/1.0.2/ion-java-1.0.2.jar:/home/user/.m2/repository/com/fasterxml/jackson/dataformat/jackson-dataformat-cbor/2.9.9/jackson-dataformat-cbor-2.9.9.jar:/home/user/.m2/repository/joda-time/joda-time/2.9.9/joda-time-2.9.9.jar:/home/user/.m2/repository/com/amazonaws/jmespath-java/1.11.615/jmespath-java-1.11.615.jar:/home/user/.m2/repository/com/github/spotbugs/spotbugs/3.1.12/spotbugs-3.1.12.jar:/home/user/.m2/repository/org/ow2/asm/asm/5.0.4/asm-5.0.4.jar:/home/user/.m2/repository/org/ow2/asm/asm-analysis/7.0/asm-analysis-7.0.jar:/home/user/.m2/repository/org/ow2/asm/asm-commons/7.0/asm-commons-7.0.jar:/home/user/.m2/repository/org/ow2/asm/asm-tree/7.0/asm-tree-7.0.jar:/home/user/.m2/repository/org/ow2/asm/asm-util/7.0/asm-util-7.0.jar:/home/user/.m2/repository/org/apache/bcel/bcel/6.3/bcel-6.3.jar:/home/user/.m2/repository/net/jcip/jcip-annotations/1.0/jcip-annotations-1.0.jar:/home/user/.m2/repository/org/dom4j/dom4j/2.1.1/dom4j-2.1.1.jar:/home/user/.m2/repository/jaxen/jaxen/1.1.6/jaxen-1.1.6.jar:/home/user/.m2/repository/commons-lang/commons-lang/2.6/commons-lang-2.6.jar:/home/user/.m2/repository/com/github/spotbugs/spotbugs-annotations/3.1.12/spotbugs-annotations-3.1.12.jar:/home/user/.m2/repository/junit/junit/4.11/junit-4.11.jar:/home/user/.m2/repository/org/hamcrest/hamcrest-core/1.3/hamcrest-core-1.3.jar:/home/user/.m2/repository/org/apache/hadoop/hadoop-common/3.2.0/hadoop-common-3.2.0-tests.jar:/workdir/hadoop-ozone/integration-test/target/test-classes:/home/user/.m2/repository/org/apache/hadoop/hadoop-ozone-s3gateway/0.5.0-SNAPSHOT/hadoop-ozone-s3gateway-0.5.0-SNAPSHOT.jar:/home/user/.m2/repository/org/jboss/weld/servlet/weld-servlet/2.4.7.Final/weld-servlet-2.4.7.Final.jar:/home/user/.m2/repository/org/glassfish/jersey/containers/jersey-container-servlet-core/2.27/jersey-container-servlet-core-2.27.jar:/home/user/.m2/repository/org/glassfish/hk2/external/javax.inject/2.5.0-b42/javax.inject-2.5.0-b42.jar:/home/user/.m2/repository/org/glassfish/jersey/core/jersey-common/2.27/jersey-common-2.27.jar:/home/user/.m2/repository/org/glassfish/hk2/osgi-resource-locator/1.0.1/osgi-resource-locator-1.0.1.jar:/home/user/.m2/repository/javax/ws/rs/javax.ws.rs-api/2.1/javax.ws.rs-api-2.1.jar:/home/user/.m2/repository/org/glassfish/jersey/ext/cdi/jersey-cdi1x/2.27/jersey-cdi1x-2.27.jar:/home/user/.m2/repository/org/glassfish/jersey/inject/jersey-hk2/2.27/jersey-hk2-2.27.jar:/home/user/.m2/repository/org/glassfish/hk2/hk2-locator/2.5.0-b42/hk2-locator-2.5.0-b42.jar:/home/user/.m2/repository/org/javassist/javassist/3.22.0-CR2/javassist-3.22.0-CR2.jar:/home/user/.m2/repository/org/glassfish/hk2/hk2-api/2.5.0/hk2-api-2.5.0.jar:/home/user/.m2/repository/org/glassfish/hk2/external/jakarta.inject/2.5.0/jakarta.inject-2.5.0.jar:/home/user/.m2/repository/org/glassfish/hk2/hk2-utils/2.5.0/hk2-utils-2.5.0.jar:/home/user/.m2/repository/jakarta/annotation/jakarta.annotation-api/1.3.4/jakarta.annotation-api-1.3.4.jar:/home/user/.m2/repository/org/glassfish/hk2/external/aopalliance-repackaged/2.5.0/aopalliance-repackaged-2.5.0.jar:/home/user/.m2/repository/com/fasterxml/jackson/dataformat/jackson-dataformat-xml/2.9.0/jackson-dataformat-xml-2.9.0.jar:/home/user/.m2/repository/com/fasterxml/jackson/module/jackson-module-jaxb-annotations/2.9.9/jackson-module-jaxb-annotations-2.9.9.jar:/home/user/.m2/repository/javax/enterprise/cdi-api/1.2/cdi-api-1.2.jar:/home/user/.m2/repository/javax/el/javax.el-api/3.0.0/javax.el-api-3.0.0.jar:/home/user/.m2/repository/javax/interceptor/javax.interceptor-api/1.2/javax.interceptor-api-1.2.jar:/home/user/.m2/repository/javax/inject/javax.inject/1/javax.inject-1.jar:/home/user/.m2/repository/org/apache/hadoop/hadoop-ozone-csi/0.5.0-SNAPSHOT/hadoop-ozone-csi-0.5.0-SNAPSHOT.jar:/home/user/.m2/repository/com/google/protobuf/protobuf-java-util/3.5.1/protobuf-java-util-3.5.1.jar:/home/user/.m2/repository/io/grpc/grpc-netty/1.17.1/grpc-netty-1.17.1.jar:/home/user/.m2/repository/io/grpc/grpc-core/1.17.1/grpc-core-1.17.1.jar:/home/user/.m2/repository/io/grpc/grpc-context/1.17.1/grpc-context-1.17.1.jar:/home/user/.m2/repository/com/google/errorprone/error_prone_annotations/2.2.0/error_prone_annotations-2.2.0.jar:/home/user/.m2/repository/org/codehaus/mojo/animal-sniffer-annotations/1.17/animal-sniffer-annotations-1.17.jar:/home/user/.m2/repository/io/opencensus/opencensus-api/0.17.0/opencensus-api-0.17.0.jar:/home/user/.m2/repository/io/opencensus/opencensus-contrib-grpc-metrics/0.17.0/opencensus-contrib-grpc-metrics-0.17.0.jar:/home/user/.m2/repository/io/netty/netty-codec-http2/4.1.30.Final/netty-codec-http2-4.1.30.Final.jar:/home/user/.m2/repository/io/netty/netty-codec-http/4.1.30.Final/netty-codec-http-4.1.30.Final.jar:/home/user/.m2/repository/io/netty/netty-codec/4.1.30.Final/netty-codec-4.1.30.Final.jar:/home/user/.m2/repository/io/netty/netty-handler/4.1.30.Final/netty-handler-4.1.30.Final.jar:/home/user/.m2/repository/io/netty/netty-handler-proxy/4.1.30.Final/netty-handler-proxy-4.1.30.Final.jar:/home/user/.m2/repository/io/netty/netty-codec-socks/4.1.30.Final/netty-codec-socks-4.1.30.Final.jar:/home/user/.m2/repository/io/netty/netty-transport-native-epoll/4.1.30.Final/netty-transport-native-epoll-4.1.30.Final.jar:/home/user/.m2/repository/io/netty/netty-common/4.1.30.Final/netty-common-4.1.30.Final.jar:/home/user/.m2/repository/io/netty/netty-buffer/4.1.30.Final/netty-buffer-4.1.30.Final.jar:/home/user/.m2/repository/io/netty/netty-transport/4.1.30.Final/netty-transport-4.1.30.Final.jar:/home/user/.m2/repository/io/netty/netty-resolver/4.1.30.Final/netty-resolver-4.1.30.Final.jar:/home/user/.m2/repository/io/netty/netty-transport-native-unix-common/4.1.30.Final/netty-transport-native-unix-common-4.1.30.Final.jar:/home/user/.m2/repository/io/grpc/grpc-protobuf/1.17.1/grpc-protobuf-1.17.1.jar:/home/user/.m2/repository/com/google/api/grpc/proto-google-common-protos/1.0.0/proto-google-common-protos-1.0.0.jar:/home/user/.m2/repository/io/grpc/grpc-protobuf-lite/1.17.1/grpc-protobuf-lite-1.17.1.jar:/home/user/.m2/repository/io/grpc/grpc-stub/1.17.1/grpc-stub-1.17.1.jar:/home/user/.m2/repository/org/apache/hadoop/hadoop-ozone-recon/0.5.0-SNAPSHOT/hadoop-ozone-recon-0.5.0-SNAPSHOT.jar:/home/user/.m2/repository/org/apache/hadoop/hadoop-ozone-reconcodegen/0.5.0-SNAPSHOT/hadoop-ozone-reconcodegen-0.5.0-SNAPSHOT.jar:/home/user/.m2/repository/com/google/inject/extensions/guice-multibindings/4.0/guice-multibindings-4.0.jar:/home/user/.m2/repository/com/google/inject/guice/4.0/guice-4.0.jar:/home/user/.m2/repository/aopalliance/aopalliance/1.0/aopalliance-1.0.jar:/home/user/.m2/repository/com/google/inject/extensions/guice-servlet/4.0/guice-servlet-4.0.jar:/home/user/.m2/repository/org/glassfish/jersey/containers/jersey-container-servlet/2.27/jersey-container-servlet-2.27.jar:/home/user/.m2/repository/org/glassfish/hk2/guice-bridge/2.5.0/guice-bridge-2.5.0.jar:/home/user/.m2/repository/org/glassfish/jersey/core/jersey-server/2.27/jersey-server-2.27.jar:/home/user/.m2/repository/org/glassfish/jersey/core/jersey-client/2.27/jersey-client-2.27.jar:/home/user/.m2/repository/org/glassfish/jersey/media/jersey-media-jaxb/2.27/jersey-media-jaxb-2.27.jar:/home/user/.m2/repository/javax/validation/validation-api/1.1.0.Final/validation-api-1.1.0.Final.jar:/home/user/.m2/repository/org/glassfish/jersey/media/jersey-media-json-jackson/2.27/jersey-media-json-jackson-2.27.jar:/home/user/.m2/repository/org/glassfish/jersey/ext/jersey-entity-filtering/2.27/jersey-entity-filtering-2.27.jar:/home/user/.m2/repository/com/google/inject/extensions/guice-assistedinject/4.0/guice-assistedinject-4.0.jar:/home/user/.m2/repository/org/jooq/jooq/3.11.10/jooq-3.11.10.jar:/home/user/.m2/repository/org/jooq/jooq-meta/3.11.10/jooq-meta-3.11.10.jar:/home/user/.m2/repository/org/jooq/jooq-codegen/3.11.10/jooq-codegen-3.11.10.jar:/home/user/.m2/repository/com/jolbox/bonecp/0.8.0.RELEASE/bonecp-0.8.0.RELEASE.jar:/home/user/.m2/repository/org/springframework/spring-jdbc/5.1.3.RELEASE/spring-jdbc-5.1.3.RELEASE.jar:/home/user/.m2/repository/org/springframework/spring-beans/5.1.3.RELEASE/spring-beans-5.1.3.RELEASE.jar:/home/user/.m2/repository/org/springframework/spring-core/5.1.3.RELEASE/spring-core-5.1.3.RELEASE.jar:/home/user/.m2/repository/org/springframework/spring-jcl/5.1.3.RELEASE/spring-jcl-5.1.3.RELEASE.jar:/home/user/.m2/repository/org/springframework/spring-tx/5.1.3.RELEASE/spring-tx-5.1.3.RELEASE.jar:/home/user/.m2/repository/org/mockito/mockito-core/2.15.0/mockito-core-2.15.0.jar:/home/user/.m2/repository/net/bytebuddy/byte-buddy/1.7.9/byte-buddy-1.7.9.jar:/home/user/.m2/repository/net/bytebuddy/byte-buddy-agent/1.7.9/byte-buddy-agent-1.7.9.jar:/home/user/.m2/repository/org/objenesis/objenesis/1.0/objenesis-1.0.jar:"/>
    <property name="java.vm.vendor" value="Oracle Corporation"/>
    <property name="sun.arch.data.model" value="64"/>
    <property name="test.build.dir" value="/workdir/hadoop-ozone/tools/target/test-dir"/>
    <property name="test.cache.data" value=""/>
    <property name="java.vendor.url" value="http://java.oracle.com/"/>
    <property name="user.timezone" value=""/>
    <property name="java.vm.specification.version" value="1.8"/>
    <property name="os.name" value="Linux"/>
    <property name="test.build.data" value="/workdir/hadoop-ozone/tools/target/test-dir"/>
    <property name="user.country" value="US"/>
    <property name="sun.java.launcher" value="SUN_STANDARD"/>
    <property name="sun.boot.library.path" value="/usr/lib/jvm/java-1.8.0-openjdk-1.8.0.222.b10-1.el7_7.x86_64/jre/lib/amd64"/>
    <property name="sun.java.command" value="/workdir/hadoop-ozone/tools/target/surefire/surefirebooter8182146361508246689.jar /workdir/hadoop-ozone/tools/target/surefire 2019-11-17T02-09-02_747-jvmRun1 surefire1449915056230548242tmp surefire_981918482855165326694tmp"/>
    <property name="surefire.test.class.path" value="/workdir/hadoop-ozone/tools/target/test-classes:/workdir/hadoop-ozone/tools/target/classes:/home/user/.m2/repository/org/apache/hadoop/hadoop-ozone-ozone-manager/0.5.0-SNAPSHOT/hadoop-ozone-ozone-manager-0.5.0-SNAPSHOT.jar:/home/user/.m2/repository/org/apache/hadoop/hadoop-hdds-docs/0.5.0-SNAPSHOT/hadoop-hdds-docs-0.5.0-SNAPSHOT.jar:/home/user/.m2/repository/org/bouncycastle/bcprov-jdk15on/1.60/bcprov-jdk15on-1.60.jar:/home/user/.m2/repository/org/apache/hadoop/hadoop-ozone-common/0.5.0-SNAPSHOT/hadoop-ozone-common-0.5.0-SNAPSHOT.jar:/home/user/.m2/repository/org/apache/commons/commons-compress/1.4.1/commons-compress-1.4.1.jar:/home/user/.m2/repository/org/tukaani/xz/1.0/xz-1.0.jar:/home/user/.m2/repository/org/apache/hadoop/hadoop-hdfs-client/3.2.0/hadoop-hdfs-client-3.2.0.jar:/home/user/.m2/repository/com/fasterxml/jackson/core/jackson-annotations/2.9.9/jackson-annotations-2.9.9.jar:/home/user/.m2/repository/org/apache/hadoop/hadoop-hdds-common/0.5.0-SNAPSHOT/hadoop-hdds-common-0.5.0-SNAPSHOT.jar:/home/user/.m2/repository/org/apache/hadoop/hadoop-hdds-config/0.5.0-SNAPSHOT/hadoop-hdds-config-0.5.0-SNAPSHOT.jar:/home/user/.m2/repository/javax/annotation/javax.annotation-api/1.2/javax.annotation-api-1.2.jar:/home/user/.m2/repository/org/apache/ratis/ratis-server/0.5.0-d6d58d0-SNAPSHOT/ratis-server-0.5.0-d6d58d0-SNAPSHOT.jar:/home/user/.m2/repository/org/apache/ratis/ratis-thirdparty-misc/0.2.0/ratis-thirdparty-misc-0.2.0.jar:/home/user/.m2/repository/org/apache/ratis/ratis-proto/0.5.0-d6d58d0-SNAPSHOT/ratis-proto-0.5.0-d6d58d0-SNAPSHOT.jar:/home/user/.m2/repository/org/apache/ratis/ratis-common/0.5.0-d6d58d0-SNAPSHOT/ratis-common-0.5.0-d6d58d0-SNAPSHOT.jar:/home/user/.m2/repository/org/apache/ratis/ratis-client/0.5.0-d6d58d0-SNAPSHOT/ratis-client-0.5.0-d6d58d0-SNAPSHOT.jar:/home/user/.m2/repository/org/apache/ratis/ratis-metrics/0.5.0-d6d58d0-SNAPSHOT/ratis-metrics-0.5.0-d6d58d0-SNAPSHOT.jar:/home/user/.m2/repository/org/apache/ratis/ratis-netty/0.5.0-d6d58d0-SNAPSHOT/ratis-netty-0.5.0-d6d58d0-SNAPSHOT.jar:/home/user/.m2/repository/org/apache/ratis/ratis-grpc/0.5.0-d6d58d0-SNAPSHOT/ratis-grpc-0.5.0-d6d58d0-SNAPSHOT.jar:/home/user/.m2/repository/org/rocksdb/rocksdbjni/6.0.1/rocksdbjni-6.0.1.jar:/home/user/.m2/repository/org/apache/logging/log4j/log4j-api/2.11.0/log4j-api-2.11.0.jar:/home/user/.m2/repository/org/apache/logging/log4j/log4j-core/2.11.0/log4j-core-2.11.0.jar:/home/user/.m2/repository/com/lmax/disruptor/3.4.2/disruptor-3.4.2.jar:/home/user/.m2/repository/org/apache/commons/commons-pool2/2.6.0/commons-pool2-2.6.0.jar:/home/user/.m2/repository/org/bouncycastle/bcpkix-jdk15on/1.60/bcpkix-jdk15on-1.60.jar:/home/user/.m2/repository/commons-validator/commons-validator/1.6/commons-validator-1.6.jar:/home/user/.m2/repository/commons-digester/commons-digester/1.8.1/commons-digester-1.8.1.jar:/home/user/.m2/repository/io/jaegertracing/jaeger-client/0.34.0/jaeger-client-0.34.0.jar:/home/user/.m2/repository/io/jaegertracing/jaeger-thrift/0.34.0/jaeger-thrift-0.34.0.jar:/home/user/.m2/repository/org/apache/thrift/libthrift/0.12.0/libthrift-0.12.0.jar:/home/user/.m2/repository/com/squareup/okhttp3/okhttp/3.9.0/okhttp-3.9.0.jar:/home/user/.m2/repository/com/squareup/okio/okio/1.13.0/okio-1.13.0.jar:/home/user/.m2/repository/io/jaegertracing/jaeger-core/0.34.0/jaeger-core-0.34.0.jar:/home/user/.m2/repository/io/jaegertracing/jaeger-tracerresolver/0.34.0/jaeger-tracerresolver-0.34.0.jar:/home/user/.m2/repository/io/opentracing/contrib/opentracing-tracerresolver/0.1.5/opentracing-tracerresolver-0.1.5.jar:/home/user/.m2/repository/io/opentracing/opentracing-util/0.31.0/opentracing-util-0.31.0.jar:/home/user/.m2/repository/io/opentracing/opentracing-api/0.31.0/opentracing-api-0.31.0.jar:/home/user/.m2/repository/io/opentracing/opentracing-noop/0.31.0/opentracing-noop-0.31.0.jar:/home/user/.m2/repository/org/yaml/snakeyaml/1.16/snakeyaml-1.16.jar:/home/user/.m2/repository/org/apache/hadoop/hadoop-hdds-container-service/0.5.0-SNAPSHOT/hadoop-hdds-container-service-0.5.0-SNAPSHOT.jar:/home/user/.m2/repository/org/apache/hadoop/hadoop-hdds-client/0.5.0-SNAPSHOT/hadoop-hdds-client-0.5.0-SNAPSHOT.jar:/home/user/.m2/repository/org/apache/hadoop/hadoop-hdds-tools/0.5.0-SNAPSHOT/hadoop-hdds-tools-0.5.0-SNAPSHOT.jar:/home/user/.m2/repository/org/xerial/sqlite-jdbc/3.25.2/sqlite-jdbc-3.25.2.jar:/home/user/.m2/repository/org/apache/hadoop/hadoop-hdds-server-scm/0.5.0-SNAPSHOT/hadoop-hdds-server-scm-0.5.0-SNAPSHOT.jar:/home/user/.m2/repository/org/hamcrest/hamcrest-all/1.3/hamcrest-all-1.3.jar:/home/user/.m2/repository/info/picocli/picocli/3.9.6/picocli-3.9.6.jar:/home/user/.m2/repository/com/google/protobuf/protobuf-java/2.5.0/protobuf-java-2.5.0.jar:/home/user/.m2/repository/com/google/guava/guava/11.0.2/guava-11.0.2.jar:/home/user/.m2/repository/org/apache/hadoop/hadoop-ozone-client/0.5.0-SNAPSHOT/hadoop-ozone-client-0.5.0-SNAPSHOT.jar:/workdir/hadoop-ozone/ozonefs/target/classes:/home/user/.m2/repository/org/apache/httpcomponents/httpclient/4.5.2/httpclient-4.5.2.jar:/home/user/.m2/repository/org/apache/httpcomponents/httpcore/4.4.4/httpcore-4.4.4.jar:/home/user/.m2/repository/org/apache/hadoop/hadoop-hdds-server-framework/0.5.0-SNAPSHOT/hadoop-hdds-server-framework-0.5.0-SNAPSHOT.jar:/home/user/.m2/repository/org/apache/hadoop/hadoop-common/3.2.0/hadoop-common-3.2.0.jar:/home/user/.m2/repository/org/apache/hadoop/hadoop-annotations/3.2.0/hadoop-annotations-3.2.0.jar:/usr/lib/jvm/java-1.8.0-openjdk-1.8.0.222.b10-1.el7_7.x86_64/jre/../lib/tools.jar:/home/user/.m2/repository/commons-cli/commons-cli/1.2/commons-cli-1.2.jar:/home/user/.m2/repository/org/apache/commons/commons-math3/3.1.1/commons-math3-3.1.1.jar:/home/user/.m2/repository/commons-codec/commons-codec/1.11/commons-codec-1.11.jar:/home/user/.m2/repository/commons-io/commons-io/2.5/commons-io-2.5.jar:/home/user/.m2/repository/commons-net/commons-net/3.6/commons-net-3.6.jar:/home/user/.m2/repository/commons-collections/commons-collections/3.2.2/commons-collections-3.2.2.jar:/home/user/.m2/repository/javax/servlet/javax.servlet-api/3.1.0/javax.servlet-api-3.1.0.jar:/home/user/.m2/repository/org/eclipse/jetty/jetty-server/9.3.25.v20180904/jetty-server-9.3.25.v20180904.jar:/home/user/.m2/repository/org/eclipse/jetty/jetty-http/9.3.25.v20180904/jetty-http-9.3.25.v20180904.jar:/home/user/.m2/repository/org/eclipse/jetty/jetty-io/9.3.25.v20180904/jetty-io-9.3.25.v20180904.jar:/home/user/.m2/repository/org/eclipse/jetty/jetty-util/9.3.25.v20180904/jetty-util-9.3.25.v20180904.jar:/home/user/.m2/repository/org/eclipse/jetty/jetty-servlet/9.3.25.v20180904/jetty-servlet-9.3.25.v20180904.jar:/home/user/.m2/repository/org/eclipse/jetty/jetty-security/9.3.25.v20180904/jetty-security-9.3.25.v20180904.jar:/home/user/.m2/repository/org/eclipse/jetty/jetty-webapp/9.3.25.v20180904/jetty-webapp-9.3.25.v20180904.jar:/home/user/.m2/repository/org/eclipse/jetty/jetty-xml/9.3.25.v20180904/jetty-xml-9.3.25.v20180904.jar:/home/user/.m2/repository/javax/servlet/jsp/jsp-api/2.1/jsp-api-2.1.jar:/home/user/.m2/repository/com/sun/jersey/jersey-core/1.19/jersey-core-1.19.jar:/home/user/.m2/repository/javax/ws/rs/jsr311-api/1.1.1/jsr311-api-1.1.1.jar:/home/user/.m2/repository/com/sun/jersey/jersey-servlet/1.19/jersey-servlet-1.19.jar:/home/user/.m2/repository/com/sun/jersey/jersey-json/1.19/jersey-json-1.19.jar:/home/user/.m2/repository/org/codehaus/jettison/jettison/1.1/jettison-1.1.jar:/home/user/.m2/repository/com/sun/xml/bind/jaxb-impl/2.3.0.1/jaxb-impl-2.3.0.1.jar:/home/user/.m2/repository/org/codehaus/jackson/jackson-core-asl/1.9.13/jackson-core-asl-1.9.13.jar:/home/user/.m2/repository/org/codehaus/jackson/jackson-mapper-asl/1.9.13/jackson-mapper-asl-1.9.13.jar:/home/user/.m2/repository/org/codehaus/jackson/jackson-jaxrs/1.9.13/jackson-jaxrs-1.9.13.jar:/home/user/.m2/repository/org/codehaus/jackson/jackson-xc/1.9.13/jackson-xc-1.9.13.jar:/home/user/.m2/repository/com/sun/jersey/jersey-server/1.19/jersey-server-1.19.jar:/home/user/.m2/repository/commons-logging/commons-logging/1.1.3/commons-logging-1.1.3.jar:/home/user/.m2/repository/log4j/log4j/1.2.17/log4j-1.2.17.jar:/home/user/.m2/repository/commons-beanutils/commons-beanutils/1.9.4/commons-beanutils-1.9.4.jar:/home/user/.m2/repository/org/apache/commons/commons-configuration2/2.1.1/commons-configuration2-2.1.1.jar:/home/user/.m2/repository/org/apache/commons/commons-lang3/3.7/commons-lang3-3.7.jar:/home/user/.m2/repository/org/apache/commons/commons-text/1.4/commons-text-1.4.jar:/home/user/.m2/repository/org/slf4j/slf4j-api/1.7.25/slf4j-api-1.7.25.jar:/home/user/.m2/repository/org/slf4j/slf4j-log4j12/1.7.25/slf4j-log4j12-1.7.25.jar:/home/user/.m2/repository/org/apache/avro/avro/1.7.7/avro-1.7.7.jar:/home/user/.m2/repository/com/thoughtworks/paranamer/paranamer/2.3/paranamer-2.3.jar:/home/user/.m2/repository/org/xerial/snappy/snappy-java/1.0.5/snappy-java-1.0.5.jar:/home/user/.m2/repository/com/google/re2j/re2j/1.1/re2j-1.1.jar:/home/user/.m2/repository/com/google/code/gson/gson/2.2.4/gson-2.2.4.jar:/home/user/.m2/repository/org/apache/hadoop/hadoop-auth/3.2.0/hadoop-auth-3.2.0.jar:/home/user/.m2/repository/com/nimbusds/nimbus-jose-jwt/4.41.1/nimbus-jose-jwt-4.41.1.jar:/home/user/.m2/repository/com/github/stephenc/jcip/jcip-annotations/1.0-1/jcip-annotations-1.0-1.jar:/home/user/.m2/repository/net/minidev/json-smart/2.3/json-smart-2.3.jar:/home/user/.m2/repository/net/minidev/accessors-smart/1.2/accessors-smart-1.2.jar:/home/user/.m2/repository/org/apache/curator/curator-framework/2.12.0/curator-framework-2.12.0.jar:/home/user/.m2/repository/com/jcraft/jsch/0.1.54/jsch-0.1.54.jar:/home/user/.m2/repository/org/apache/curator/curator-client/2.12.0/curator-client-2.12.0.jar:/home/user/.m2/repository/org/apache/curator/curator-recipes/2.12.0/curator-recipes-2.12.0.jar:/home/user/.m2/repository/com/google/code/findbugs/jsr305/3.0.0/jsr305-3.0.0.jar:/home/user/.m2/repository/org/apache/htrace/htrace-core4/4.1.0-incubating/htrace-core4-4.1.0-incubating.jar:/home/user/.m2/repository/org/apache/zookeeper/zookeeper/3.4.13/zookeeper-3.4.13.jar:/home/user/.m2/repository/jline/jline/0.9.94/jline-0.9.94.jar:/home/user/.m2/repository/org/apache/yetus/audience-annotations/0.5.0/audience-annotations-0.5.0.jar:/home/user/.m2/repository/org/apache/kerby/kerb-simplekdc/1.0.1/kerb-simplekdc-1.0.1.jar:/home/user/.m2/repository/org/apache/kerby/kerb-client/1.0.1/kerb-client-1.0.1.jar:/home/user/.m2/repository/org/apache/kerby/kerby-config/1.0.1/kerby-config-1.0.1.jar:/home/user/.m2/repository/org/apache/kerby/kerb-core/1.0.1/kerb-core-1.0.1.jar:/home/user/.m2/repository/org/apache/kerby/kerby-pkix/1.0.1/kerby-pkix-1.0.1.jar:/home/user/.m2/repository/org/apache/kerby/kerby-asn1/1.0.1/kerby-asn1-1.0.1.jar:/home/user/.m2/repository/org/apache/kerby/kerby-util/1.0.1/kerby-util-1.0.1.jar:/home/user/.m2/repository/org/apache/kerby/kerb-common/1.0.1/kerb-common-1.0.1.jar:/home/user/.m2/repository/org/apache/kerby/kerb-crypto/1.0.1/kerb-crypto-1.0.1.jar:/home/user/.m2/repository/org/apache/kerby/kerb-util/1.0.1/kerb-util-1.0.1.jar:/home/user/.m2/repository/org/apache/kerby/token-provider/1.0.1/token-provider-1.0.1.jar:/home/user/.m2/repository/org/apache/kerby/kerb-admin/1.0.1/kerb-admin-1.0.1.jar:/home/user/.m2/repository/org/apache/kerby/kerb-server/1.0.1/kerb-server-1.0.1.jar:/home/user/.m2/repository/org/apache/kerby/kerb-identity/1.0.1/kerb-identity-1.0.1.jar:/home/user/.m2/repository/org/apache/kerby/kerby-xdr/1.0.1/kerby-xdr-1.0.1.jar:/home/user/.m2/repository/com/fasterxml/jackson/core/jackson-databind/2.9.9/jackson-databind-2.9.9.jar:/home/user/.m2/repository/com/fasterxml/jackson/core/jackson-core/2.9.9/jackson-core-2.9.9.jar:/home/user/.m2/repository/org/codehaus/woodstox/stax2-api/3.1.4/stax2-api-3.1.4.jar:/home/user/.m2/repository/com/fasterxml/woodstox/woodstox-core/5.0.3/woodstox-core-5.0.3.jar:/home/user/.m2/repository/dnsjava/dnsjava/2.1.7/dnsjava-2.1.7.jar:/home/user/.m2/repository/org/apache/hadoop/hadoop-hdfs/3.2.0/hadoop-hdfs-3.2.0.jar:/home/user/.m2/repository/org/eclipse/jetty/jetty-util-ajax/9.3.25.v20180904/jetty-util-ajax-9.3.25.v20180904.jar:/home/user/.m2/repository/commons-daemon/commons-daemon/1.0.13/commons-daemon-1.0.13.jar:/home/user/.m2/repository/io/netty/netty/3.10.5.Final/netty-3.10.5.Final.jar:/home/user/.m2/repository/io/netty/netty-all/4.0.52.Final/netty-all-4.0.52.Final.jar:/home/user/.m2/repository/org/fusesource/leveldbjni/leveldbjni-all/1.8/leveldbjni-all-1.8.jar:/home/user/.m2/repository/com/sun/xml/bind/jaxb-core/2.3.0.1/jaxb-core-2.3.0.1.jar:/home/user/.m2/repository/javax/xml/bind/jaxb-api/2.3.0/jaxb-api-2.3.0.jar:/home/user/.m2/repository/javax/activation/activation/1.1.1/activation-1.1.1.jar:/home/user/.m2/repository/org/openjdk/jmh/jmh-core/1.19/jmh-core-1.19.jar:/home/user/.m2/repository/net/sf/jopt-simple/jopt-simple/4.6/jopt-simple-4.6.jar:/home/user/.m2/repository/org/openjdk/jmh/jmh-generator-annprocess/1.19/jmh-generator-annprocess-1.19.jar:/home/user/.m2/repository/io/dropwizard/metrics/metrics-core/3.2.4/metrics-core-3.2.4.jar:/home/user/.m2/repository/com/amazonaws/aws-java-sdk-s3/1.11.615/aws-java-sdk-s3-1.11.615.jar:/home/user/.m2/repository/com/amazonaws/aws-java-sdk-kms/1.11.615/aws-java-sdk-kms-1.11.615.jar:/home/user/.m2/repository/com/amazonaws/aws-java-sdk-core/1.11.615/aws-java-sdk-core-1.11.615.jar:/home/user/.m2/repository/software/amazon/ion/ion-java/1.0.2/ion-java-1.0.2.jar:/home/user/.m2/repository/com/fasterxml/jackson/dataformat/jackson-dataformat-cbor/2.9.9/jackson-dataformat-cbor-2.9.9.jar:/home/user/.m2/repository/joda-time/joda-time/2.9.9/joda-time-2.9.9.jar:/home/user/.m2/repository/com/amazonaws/jmespath-java/1.11.615/jmespath-java-1.11.615.jar:/home/user/.m2/repository/com/github/spotbugs/spotbugs/3.1.12/spotbugs-3.1.12.jar:/home/user/.m2/repository/org/ow2/asm/asm/5.0.4/asm-5.0.4.jar:/home/user/.m2/repository/org/ow2/asm/asm-analysis/7.0/asm-analysis-7.0.jar:/home/user/.m2/repository/org/ow2/asm/asm-commons/7.0/asm-commons-7.0.jar:/home/user/.m2/repository/org/ow2/asm/asm-tree/7.0/asm-tree-7.0.jar:/home/user/.m2/repository/org/ow2/asm/asm-util/7.0/asm-util-7.0.jar:/home/user/.m2/repository/org/apache/bcel/bcel/6.3/bcel-6.3.jar:/home/user/.m2/repository/net/jcip/jcip-annotations/1.0/jcip-annotations-1.0.jar:/home/user/.m2/repository/org/dom4j/dom4j/2.1.1/dom4j-2.1.1.jar:/home/user/.m2/repository/jaxen/jaxen/1.1.6/jaxen-1.1.6.jar:/home/user/.m2/repository/commons-lang/commons-lang/2.6/commons-lang-2.6.jar:/home/user/.m2/repository/com/github/spotbugs/spotbugs-annotations/3.1.12/spotbugs-annotations-3.1.12.jar:/home/user/.m2/repository/junit/junit/4.11/junit-4.11.jar:/home/user/.m2/repository/org/hamcrest/hamcrest-core/1.3/hamcrest-core-1.3.jar:/home/user/.m2/repository/org/apache/hadoop/hadoop-common/3.2.0/hadoop-common-3.2.0-tests.jar:/workdir/hadoop-ozone/integration-test/target/test-classes:/home/user/.m2/repository/org/apache/hadoop/hadoop-ozone-s3gateway/0.5.0-SNAPSHOT/hadoop-ozone-s3gateway-0.5.0-SNAPSHOT.jar:/home/user/.m2/repository/org/jboss/weld/servlet/weld-servlet/2.4.7.Final/weld-servlet-2.4.7.Final.jar:/home/user/.m2/repository/org/glassfish/jersey/containers/jersey-container-servlet-core/2.27/jersey-container-servlet-core-2.27.jar:/home/user/.m2/repository/org/glassfish/hk2/external/javax.inject/2.5.0-b42/javax.inject-2.5.0-b42.jar:/home/user/.m2/repository/org/glassfish/jersey/core/jersey-common/2.27/jersey-common-2.27.jar:/home/user/.m2/repository/org/glassfish/hk2/osgi-resource-locator/1.0.1/osgi-resource-locator-1.0.1.jar:/home/user/.m2/repository/javax/ws/rs/javax.ws.rs-api/2.1/javax.ws.rs-api-2.1.jar:/home/user/.m2/repository/org/glassfish/jersey/ext/cdi/jersey-cdi1x/2.27/jersey-cdi1x-2.27.jar:/home/user/.m2/repository/org/glassfish/jersey/inject/jersey-hk2/2.27/jersey-hk2-2.27.jar:/home/user/.m2/repository/org/glassfish/hk2/hk2-locator/2.5.0-b42/hk2-locator-2.5.0-b42.jar:/home/user/.m2/repository/org/javassist/javassist/3.22.0-CR2/javassist-3.22.0-CR2.jar:/home/user/.m2/repository/org/glassfish/hk2/hk2-api/2.5.0/hk2-api-2.5.0.jar:/home/user/.m2/repository/org/glassfish/hk2/external/jakarta.inject/2.5.0/jakarta.inject-2.5.0.jar:/home/user/.m2/repository/org/glassfish/hk2/hk2-utils/2.5.0/hk2-utils-2.5.0.jar:/home/user/.m2/repository/jakarta/annotation/jakarta.annotation-api/1.3.4/jakarta.annotation-api-1.3.4.jar:/home/user/.m2/repository/org/glassfish/hk2/external/aopalliance-repackaged/2.5.0/aopalliance-repackaged-2.5.0.jar:/home/user/.m2/repository/com/fasterxml/jackson/dataformat/jackson-dataformat-xml/2.9.0/jackson-dataformat-xml-2.9.0.jar:/home/user/.m2/repository/com/fasterxml/jackson/module/jackson-module-jaxb-annotations/2.9.9/jackson-module-jaxb-annotations-2.9.9.jar:/home/user/.m2/repository/javax/enterprise/cdi-api/1.2/cdi-api-1.2.jar:/home/user/.m2/repository/javax/el/javax.el-api/3.0.0/javax.el-api-3.0.0.jar:/home/user/.m2/repository/javax/interceptor/javax.interceptor-api/1.2/javax.interceptor-api-1.2.jar:/home/user/.m2/repository/javax/inject/javax.inject/1/javax.inject-1.jar:/home/user/.m2/repository/org/apache/hadoop/hadoop-ozone-csi/0.5.0-SNAPSHOT/hadoop-ozone-csi-0.5.0-SNAPSHOT.jar:/home/user/.m2/repository/com/google/protobuf/protobuf-java-util/3.5.1/protobuf-java-util-3.5.1.jar:/home/user/.m2/repository/io/grpc/grpc-netty/1.17.1/grpc-netty-1.17.1.jar:/home/user/.m2/repository/io/grpc/grpc-core/1.17.1/grpc-core-1.17.1.jar:/home/user/.m2/repository/io/grpc/grpc-context/1.17.1/grpc-context-1.17.1.jar:/home/user/.m2/repository/com/google/errorprone/error_prone_annotations/2.2.0/error_prone_annotations-2.2.0.jar:/home/user/.m2/repository/org/codehaus/mojo/animal-sniffer-annotations/1.17/animal-sniffer-annotations-1.17.jar:/home/user/.m2/repository/io/opencensus/opencensus-api/0.17.0/opencensus-api-0.17.0.jar:/home/user/.m2/repository/io/opencensus/opencensus-contrib-grpc-metrics/0.17.0/opencensus-contrib-grpc-metrics-0.17.0.jar:/home/user/.m2/repository/io/netty/netty-codec-http2/4.1.30.Final/netty-codec-http2-4.1.30.Final.jar:/home/user/.m2/repository/io/netty/netty-codec-http/4.1.30.Final/netty-codec-http-4.1.30.Final.jar:/home/user/.m2/repository/io/netty/netty-codec/4.1.30.Final/netty-codec-4.1.30.Final.jar:/home/user/.m2/repository/io/netty/netty-handler/4.1.30.Final/netty-handler-4.1.30.Final.jar:/home/user/.m2/repository/io/netty/netty-handler-proxy/4.1.30.Final/netty-handler-proxy-4.1.30.Final.jar:/home/user/.m2/repository/io/netty/netty-codec-socks/4.1.30.Final/netty-codec-socks-4.1.30.Final.jar:/home/user/.m2/repository/io/netty/netty-transport-native-epoll/4.1.30.Final/netty-transport-native-epoll-4.1.30.Final.jar:/home/user/.m2/repository/io/netty/netty-common/4.1.30.Final/netty-common-4.1.30.Final.jar:/home/user/.m2/repository/io/netty/netty-buffer/4.1.30.Final/netty-buffer-4.1.30.Final.jar:/home/user/.m2/repository/io/netty/netty-transport/4.1.30.Final/netty-transport-4.1.30.Final.jar:/home/user/.m2/repository/io/netty/netty-resolver/4.1.30.Final/netty-resolver-4.1.30.Final.jar:/home/user/.m2/repository/io/netty/netty-transport-native-unix-common/4.1.30.Final/netty-transport-native-unix-common-4.1.30.Final.jar:/home/user/.m2/repository/io/grpc/grpc-protobuf/1.17.1/grpc-protobuf-1.17.1.jar:/home/user/.m2/repository/com/google/api/grpc/proto-google-common-protos/1.0.0/proto-google-common-protos-1.0.0.jar:/home/user/.m2/repository/io/grpc/grpc-protobuf-lite/1.17.1/grpc-protobuf-lite-1.17.1.jar:/home/user/.m2/repository/io/grpc/grpc-stub/1.17.1/grpc-stub-1.17.1.jar:/home/user/.m2/repository/org/apache/hadoop/hadoop-ozone-recon/0.5.0-SNAPSHOT/hadoop-ozone-recon-0.5.0-SNAPSHOT.jar:/home/user/.m2/repository/org/apache/hadoop/hadoop-ozone-reconcodegen/0.5.0-SNAPSHOT/hadoop-ozone-reconcodegen-0.5.0-SNAPSHOT.jar:/home/user/.m2/repository/com/google/inject/extensions/guice-multibindings/4.0/guice-multibindings-4.0.jar:/home/user/.m2/repository/com/google/inject/guice/4.0/guice-4.0.jar:/home/user/.m2/repository/aopalliance/aopalliance/1.0/aopalliance-1.0.jar:/home/user/.m2/repository/com/google/inject/extensions/guice-servlet/4.0/guice-servlet-4.0.jar:/home/user/.m2/repository/org/glassfish/jersey/containers/jersey-container-servlet/2.27/jersey-container-servlet-2.27.jar:/home/user/.m2/repository/org/glassfish/hk2/guice-bridge/2.5.0/guice-bridge-2.5.0.jar:/home/user/.m2/repository/org/glassfish/jersey/core/jersey-server/2.27/jersey-server-2.27.jar:/home/user/.m2/repository/org/glassfish/jersey/core/jersey-client/2.27/jersey-client-2.27.jar:/home/user/.m2/repository/org/glassfish/jersey/media/jersey-media-jaxb/2.27/jersey-media-jaxb-2.27.jar:/home/user/.m2/repository/javax/validation/validation-api/1.1.0.Final/validation-api-1.1.0.Final.jar:/home/user/.m2/repository/org/glassfish/jersey/media/jersey-media-json-jackson/2.27/jersey-media-json-jackson-2.27.jar:/home/user/.m2/repository/org/glassfish/jersey/ext/jersey-entity-filtering/2.27/jersey-entity-filtering-2.27.jar:/home/user/.m2/repository/com/google/inject/extensions/guice-assistedinject/4.0/guice-assistedinject-4.0.jar:/home/user/.m2/repository/org/jooq/jooq/3.11.10/jooq-3.11.10.jar:/home/user/.m2/repository/org/jooq/jooq-meta/3.11.10/jooq-meta-3.11.10.jar:/home/user/.m2/repository/org/jooq/jooq-codegen/3.11.10/jooq-codegen-3.11.10.jar:/home/user/.m2/repository/com/jolbox/bonecp/0.8.0.RELEASE/bonecp-0.8.0.RELEASE.jar:/home/user/.m2/repository/org/springframework/spring-jdbc/5.1.3.RELEASE/spring-jdbc-5.1.3.RELEASE.jar:/home/user/.m2/repository/org/springframework/spring-beans/5.1.3.RELEASE/spring-beans-5.1.3.RELEASE.jar:/home/user/.m2/repository/org/springframework/spring-core/5.1.3.RELEASE/spring-core-5.1.3.RELEASE.jar:/home/user/.m2/repository/org/springframework/spring-jcl/5.1.3.RELEASE/spring-jcl-5.1.3.RELEASE.jar:/home/user/.m2/repository/org/springframework/spring-tx/5.1.3.RELEASE/spring-tx-5.1.3.RELEASE.jar:/home/user/.m2/repository/org/mockito/mockito-core/2.15.0/mockito-core-2.15.0.jar:/home/user/.m2/repository/net/bytebuddy/byte-buddy/1.7.9/byte-buddy-1.7.9.jar:/home/user/.m2/repository/net/bytebuddy/byte-buddy-agent/1.7.9/byte-buddy-agent-1.7.9.jar:/home/user/.m2/repository/org/objenesis/objenesis/1.0/objenesis-1.0.jar:"/>
    <property name="sun.cpu.endian" value="little"/>
    <property name="user.home" value="/home/user"/>
    <property name="user.language" value="en"/>
    <property name="java.specification.vendor" value="Oracle Corporation"/>
    <property name="java.home" value="/usr/lib/jvm/java-1.8.0-openjdk-1.8.0.222.b10-1.el7_7.x86_64/jre"/>
    <property name="surefire.excludesFile" value="/tools/ozone-bad-unit-tests"/>
    <property name="java.security.krb5.conf" value="/workdir/hadoop-ozone/tools/target/test-classes/krb5.conf"/>
    <property name="basedir" value="/workdir/hadoop-ozone/tools"/>
    <property name="file.separator" value="/"/>
    <property name="line.separator" value="&#10;"/>
    <property name="java.vm.specification.vendor" value="Oracle Corporation"/>
    <property name="java.specification.name" value="Java Platform API Specification"/>
    <property name="java.awt.graphicsenv" value="sun.awt.X11GraphicsEnvironment"/>
    <property name="surefire.real.class.path" value="/workdir/hadoop-ozone/tools/target/surefire/surefirebooter8182146361508246689.jar"/>
    <property name="hadoop.log.dir" value="/workdir/hadoop-ozone/tools/target/log"/>
    <property name="sun.boot.class.path" value="/usr/lib/jvm/java-1.8.0-openjdk-1.8.0.222.b10-1.el7_7.x86_64/jre/lib/resources.jar:/usr/lib/jvm/java-1.8.0-openjdk-1.8.0.222.b10-1.el7_7.x86_64/jre/lib/rt.jar:/usr/lib/jvm/java-1.8.0-openjdk-1.8.0.222.b10-1.el7_7.x86_64/jre/lib/sunrsasign.jar:/usr/lib/jvm/java-1.8.0-openjdk-1.8.0.222.b10-1.el7_7.x86_64/jre/lib/jsse.jar:/usr/lib/jvm/java-1.8.0-openjdk-1.8.0.222.b10-1.el7_7.x86_64/jre/lib/jce.jar:/usr/lib/jvm/java-1.8.0-openjdk-1.8.0.222.b10-1.el7_7.x86_64/jre/lib/charsets.jar:/usr/lib/jvm/java-1.8.0-openjdk-1.8.0.222.b10-1.el7_7.x86_64/jre/lib/jfr.jar:/usr/lib/jvm/java-1.8.0-openjdk-1.8.0.222.b10-1.el7_7.x86_64/jre/classes"/>
    <property name="sun.management.compiler" value="HotSpot 64-Bit Tiered Compilers"/>
    <property name="java.runtime.version" value="1.8.0_222-b10"/>
    <property name="java.net.preferIPv4Stack" value="true"/>
    <property name="user.name" value="jenkins1000"/>
    <property name="path.separator" value=":"/>
    <property name="java.security.egd" value="file:///dev/urandom"/>
    <property name="os.version" value="3.10.0-957.12.2.el7.x86_64"/>
    <property name="java.endorsed.dirs" value="/usr/lib/jvm/java-1.8.0-openjdk-1.8.0.222.b10-1.el7_7.x86_64/jre/lib/endorsed"/>
    <property name="java.runtime.name" value="OpenJDK Runtime Environment"/>
    <property name="file.encoding" value="ANSI_X3.4-1968"/>
    <property name="java.vm.name" value="OpenJDK 64-Bit Server VM"/>
    <property name="test.build.webapps" value=""/>
    <property name="localRepository" value="/home/user/.m2/repository"/>
    <property name="java.vendor.url.bug" value="http://bugreport.sun.com/bugreport/"/>
    <property name="java.io.tmpdir" value="/tmp"/>
    <property name="require.test.libhadoop" value=""/>
    <property name="java.version" value="1.8.0_222"/>
    <property name="user.dir" value="/workdir/hadoop-ozone/tools"/>
    <property name="os.arch" value="amd64"/>
    <property name="java.vm.specification.name" value="Java Virtual Machine Specification"/>
    <property name="test.build.classes" value="/workdir/hadoop-ozone/tools/target/test-classes"/>
    <property name="java.awt.printerjob" value="sun.print.PSPrinterJob"/>
    <property name="sun.os.patch.level" value="unknown"/>
    <property name="hadoop.tmp.dir" value="/workdir/hadoop-ozone/tools/target/tmp"/>
    <property name="java.library.path" value="/usr/lib:/workdir/hadoop-ozone/tools/target/native/target/usr/local/lib:/workdir/hadoop-ozone/tools/../../hadoop-common-project/hadoop-common/target/native/target/usr/local/lib:/usr/java/packages/lib/amd64:/usr/lib64:/lib64:/lib:/usr/lib"/>
    <property name="java.vm.info" value="mixed mode"/>
    <property name="java.vendor" value="Oracle Corporation"/>
    <property name="java.vm.version" value="25.222-b10"/>
    <property name="java.ext.dirs" value="/usr/lib/jvm/java-1.8.0-openjdk-1.8.0.222.b10-1.el7_7.x86_64/jre/lib/ext:/usr/java/packages/lib/ext"/>
    <property name="sun.io.unicode.encoding" value="UnicodeLittle"/>
    <property name="java.class.version" value="52.0"/>
  </properties>
  <testcase name="testRestart" classname="org.apache.hadoop.ozone.freon.TestFreonWithPipelineDestroy" time="19.098">
    <error message="INTERNAL_ERROR org.apache.hadoop.ozone.om.exceptions.OMException: Allocated 0 blocks. Requested 5 blocks" type="java.lang.RuntimeException">java.lang.RuntimeException: INTERNAL_ERROR org.apache.hadoop.ozone.om.exceptions.OMException: Allocated 0 blocks. Requested 5 blocks
	at org.apache.hadoop.ozone.freon.RandomKeyGenerator.call(RandomKeyGenerator.java:341)
	at org.apache.hadoop.ozone.freon.TestFreonWithPipelineDestroy.startFreon(TestFreonWithPipelineDestroy.java:87)
	at org.apache.hadoop.ozone.freon.TestFreonWithPipelineDestroy.testRestart(TestFreonWithPipelineDestroy.java:74)
	at sun.reflect.NativeMethodAccessorImpl.invoke0(Native Method)
	at sun.reflect.NativeMethodAccessorImpl.invoke(NativeMethodAccessorImpl.java:62)
	at sun.reflect.DelegatingMethodAccessorImpl.invoke(DelegatingMethodAccessorImpl.java:43)
	at java.lang.reflect.Method.invoke(Method.java:498)
	at org.junit.runners.model.FrameworkMethod$1.runReflectiveCall(FrameworkMethod.java:47)
	at org.junit.internal.runners.model.ReflectiveCallable.run(ReflectiveCallable.java:12)
	at org.junit.runners.model.FrameworkMethod.invokeExplosively(FrameworkMethod.java:44)
	at org.junit.internal.runners.statements.InvokeMethod.evaluate(InvokeMethod.java:17)
	at org.junit.runners.ParentRunner.runLeaf(ParentRunner.java:271)
	at org.junit.runners.BlockJUnit4ClassRunner.runChild(BlockJUnit4ClassRunner.java:70)
	at org.junit.runners.BlockJUnit4ClassRunner.runChild(BlockJUnit4ClassRunner.java:50)
	at org.junit.runners.ParentRunner$3.run(ParentRunner.java:238)
	at org.junit.runners.ParentRunner$1.schedule(ParentRunner.java:63)
	at org.junit.runners.ParentRunner.runChildren(ParentRunner.java:236)
	at org.junit.runners.ParentRunner.access$000(ParentRunner.java:53)
	at org.junit.runners.ParentRunner$2.evaluate(ParentRunner.java:229)
	at org.junit.internal.runners.statements.RunBefores.evaluate(RunBefores.java:26)
	at org.junit.internal.runners.statements.RunAfters.evaluate(RunAfters.java:27)
	at org.junit.runners.ParentRunner.run(ParentRunner.java:309)
	at org.apache.maven.surefire.junit4.JUnit4Provider.execute(JUnit4Provider.java:365)
	at org.apache.maven.surefire.junit4.JUnit4Provider.executeWithRerun(JUnit4Provider.java:273)
	at org.apache.maven.surefire.junit4.JUnit4Provider.executeTestSet(JUnit4Provider.java:238)
	at org.apache.maven.surefire.junit4.JUnit4Provider.invoke(JUnit4Provider.java:159)
	at org.apache.maven.surefire.booter.ForkedBooter.invokeProviderInSameClassLoader(ForkedBooter.java:384)
	at org.apache.maven.surefire.booter.ForkedBooter.runSuitesInProcess(ForkedBooter.java:345)
	at org.apache.maven.surefire.booter.ForkedBooter.execute(ForkedBooter.java:126)
	at org.apache.maven.surefire.booter.ForkedBooter.main(ForkedBooter.java:418)
Caused by: INTERNAL_ERROR org.apache.hadoop.ozone.om.exceptions.OMException: Allocated 0 blocks. Requested 5 blocks
	at org.apache.hadoop.ozone.om.protocolPB.OzoneManagerProtocolClientSideTranslatorPB.handleError(OzoneManagerProtocolClientSideTranslatorPB.java:761)
	at org.apache.hadoop.ozone.om.protocolPB.OzoneManagerProtocolClientSideTranslatorPB.openKey(OzoneManagerProtocolClientSideTranslatorPB.java:752)
	at sun.reflect.NativeMethodAccessorImpl.invoke0(Native Method)
	at sun.reflect.NativeMethodAccessorImpl.invoke(NativeMethodAccessorImpl.java:62)
	at sun.reflect.DelegatingMethodAccessorImpl.invoke(DelegatingMethodAccessorImpl.java:43)
	at java.lang.reflect.Method.invoke(Method.java:498)
	at org.apache.hadoop.hdds.tracing.TraceAllMethod.invoke(TraceAllMethod.java:66)
	at com.sun.proxy.$Proxy37.openKey(Unknown Source)
	at org.apache.hadoop.ozone.client.rpc.RpcClient.createKey(RpcClient.java:633)
	at org.apache.hadoop.ozone.client.OzoneBucket.createKey(OzoneBucket.java:325)
	at org.apache.hadoop.ozone.freon.RandomKeyGenerator.createKey(RandomKeyGenerator.java:697)
	at org.apache.hadoop.ozone.freon.RandomKeyGenerator.access$1100(RandomKeyGenerator.java:88)
	at org.apache.hadoop.ozone.freon.RandomKeyGenerator$ObjectCreator.run(RandomKeyGenerator.java:615)
	at java.util.concurrent.Executors$RunnableAdapter.call(Executors.java:511)
	at java.util.concurrent.FutureTask.run(FutureTask.java:266)
	at java.util.concurrent.ThreadPoolExecutor.runWorker(ThreadPoolExecutor.java:1149)
	at java.util.concurrent.ThreadPoolExecutor$Worker.run(ThreadPoolExecutor.java:624)
	at java.lang.Thread.run(Thread.java:748)
</error>
    <system-out><![CDATA[2019-11-17 03:52:12,311 [main] WARN  server.ServerUtils (ServerUtils.java:getScmDbDir(145)) - ozone.scm.db.dirs is not configured. We recommend adding this setting. Falling back to ozone.metadata.dirs instead.
2019-11-17 03:52:12,446 [main] WARN  server.ServerUtils (ServerUtils.java:getScmDbDir(145)) - ozone.scm.db.dirs is not configured. We recommend adding this setting. Falling back to ozone.metadata.dirs instead.
2019-11-17 03:52:12,449 [main] WARN  server.ServerUtils (ServerUtils.java:getScmDbDir(145)) - ozone.scm.db.dirs is not configured. We recommend adding this setting. Falling back to ozone.metadata.dirs instead.
2019-11-17 03:52:12,478 [main] INFO  util.log (Log.java:initialized(192)) - Logging initialized @896ms
2019-11-17 03:52:12,575 [main] INFO  db.DBStoreBuilder (DBStoreBuilder.java:addTable(127)) - using custom profile for table: deletedBlocks
2019-11-17 03:52:12,575 [main] INFO  db.DBStoreBuilder (DBStoreBuilder.java:processTables(183)) - Using default column profile:DBProfile.DISK for Table:deletedBlocks
2019-11-17 03:52:12,576 [main] INFO  db.DBStoreBuilder (DBStoreBuilder.java:addTable(127)) - using custom profile for table: validCerts
2019-11-17 03:52:12,576 [main] INFO  db.DBStoreBuilder (DBStoreBuilder.java:processTables(183)) - Using default column profile:DBProfile.DISK for Table:validCerts
2019-11-17 03:52:12,576 [main] INFO  db.DBStoreBuilder (DBStoreBuilder.java:addTable(127)) - using custom profile for table: revokedCerts
2019-11-17 03:52:12,577 [main] INFO  db.DBStoreBuilder (DBStoreBuilder.java:processTables(183)) - Using default column profile:DBProfile.DISK for Table:revokedCerts
2019-11-17 03:52:12,588 [main] INFO  db.DBStoreBuilder (DBStoreBuilder.java:addTable(127)) - using custom profile for table: default
2019-11-17 03:52:12,588 [main] INFO  db.DBStoreBuilder (DBStoreBuilder.java:processTables(189)) - Using default column profile:DBProfile.DISK for Table:default
2019-11-17 03:52:12,589 [main] INFO  db.DBStoreBuilder (DBStoreBuilder.java:getDbProfile(220)) - Using default options. DBProfile.DISK
2019-11-17 03:52:12,931 [main] INFO  net.NodeSchemaLoader (NodeSchemaLoader.java:loadSchemaFromFile(125)) - Loading file from sun.misc.CompoundEnumeration@5e0e82ae
2019-11-17 03:52:12,933 [main] INFO  net.NodeSchemaLoader (NodeSchemaLoader.java:loadSchema(171)) - Loading network topology layer schema file
2019-11-17 03:52:12,994 [main] INFO  node.SCMNodeManager (SCMNodeManager.java:<init>(116)) - Entering startup safe mode.
2019-11-17 03:52:13,055 [main] INFO  algorithms.ContainerPlacementPolicyFactory (ContainerPlacementPolicyFactory.java:getPolicy(57)) - Create container placement policy of type org.apache.hadoop.hdds.scm.container.placement.algorithms.SCMContainerPlacementRandom
2019-11-17 03:52:13,068 [main] WARN  server.ServerUtils (ServerUtils.java:getScmDbDir(145)) - ozone.scm.db.dirs is not configured. We recommend adding this setting. Falling back to ozone.metadata.dirs instead.
2019-11-17 03:52:13,159 [main] INFO  pipeline.SCMPipelineManager (SCMPipelineManager.java:initializePipelineState(136)) - No pipeline exists in current db
2019-11-17 03:52:13,162 [main] WARN  server.ServerUtils (ServerUtils.java:getScmDbDir(145)) - ozone.scm.db.dirs is not configured. We recommend adding this setting. Falling back to ozone.metadata.dirs instead.
2019-11-17 03:52:13,301 [main] INFO  safemode.HealthyPipelineSafeModeRule (HealthyPipelineSafeModeRule.java:<init>(92)) -  Total pipeline count is 0, healthy pipeline threshold count is 1
2019-11-17 03:52:13,307 [main] INFO  safemode.OneReplicaPipelineSafeModeRule (OneReplicaPipelineSafeModeRule.java:<init>(79)) - Total pipeline count is 0, pipeline's with at least one datanode reported threshold count is 0
2019-11-17 03:52:13,307 [main] WARN  events.EventQueue (EventQueue.java:fireEvent(183)) - No event handler registered for event TypedEvent{payloadType=SafeModeStatus, name='SafeModeStatus'}
2019-11-17 03:52:13,674 [main] INFO  ipc.CallQueueManager (CallQueueManager.java:<init>(84)) - Using callQueue: class java.util.concurrent.LinkedBlockingQueue, queueCapacity: 2000, scheduler: class org.apache.hadoop.ipc.DefaultRpcScheduler, ipcBackoff: false.
2019-11-17 03:52:13,809 [Socket Reader #1 for port 44962] INFO  ipc.Server (Server.java:run(1074)) - Starting Socket Reader #1 for port 44962
2019-11-17 03:52:13,855 [main] INFO  ipc.CallQueueManager (CallQueueManager.java:<init>(84)) - Using callQueue: class java.util.concurrent.LinkedBlockingQueue, queueCapacity: 2000, scheduler: class org.apache.hadoop.ipc.DefaultRpcScheduler, ipcBackoff: false.
2019-11-17 03:52:13,856 [Socket Reader #1 for port 45454] INFO  ipc.Server (Server.java:run(1074)) - Starting Socket Reader #1 for port 45454
2019-11-17 03:52:13,867 [main] INFO  ipc.CallQueueManager (CallQueueManager.java:<init>(84)) - Using callQueue: class java.util.concurrent.LinkedBlockingQueue, queueCapacity: 2000, scheduler: class org.apache.hadoop.ipc.DefaultRpcScheduler, ipcBackoff: false.
2019-11-17 03:52:13,868 [Socket Reader #1 for port 37549] INFO  ipc.Server (Server.java:run(1074)) - Starting Socket Reader #1 for port 37549
2019-11-17 03:52:13,901 [main] INFO  hdfs.DFSUtil (DFSUtil.java:httpServerTemplateForNNAndJN(1641)) - Starting Web-server for scm at: http://0.0.0.0:0
2019-11-17 03:52:14,047 [main] INFO  server.AuthenticationFilter (AuthenticationFilter.java:constructSecretProvider(240)) - Unable to initialize FileSignerSecretProvider, falling back to use random secrets.
2019-11-17 03:52:14,063 [main] WARN  http.HttpRequestLog (HttpRequestLog.java:getRequestLog(97)) - Jetty request log can only be enabled using Log4j
2019-11-17 03:52:14,071 [main] INFO  http.HttpServer2 (HttpServer2.java:addGlobalFilter(975)) - Added global filter 'safety' (class=org.apache.hadoop.http.HttpServer2$QuotingInputFilter)
2019-11-17 03:52:14,074 [main] INFO  http.HttpServer2 (HttpServer2.java:addFilter(948)) - Added filter static_user_filter (class=org.apache.hadoop.http.lib.StaticUserWebFilter$StaticUserFilter) to context scm
2019-11-17 03:52:14,075 [main] INFO  http.HttpServer2 (HttpServer2.java:addFilter(958)) - Added filter static_user_filter (class=org.apache.hadoop.http.lib.StaticUserWebFilter$StaticUserFilter) to context static
2019-11-17 03:52:14,075 [main] INFO  http.HttpServer2 (HttpServer2.java:addFilter(958)) - Added filter static_user_filter (class=org.apache.hadoop.http.lib.StaticUserWebFilter$StaticUserFilter) to context logs
2019-11-17 03:52:14,101 [main] INFO  server.StorageContainerManager (StorageContainerManager.java:start(765)) - StorageContainerLocationProtocol RPC server is listening at /0.0.0.0:37549
2019-11-17 03:52:14,158 [main] WARN  impl.MetricsConfig (MetricsConfig.java:loadFirst(134)) - Cannot locate configuration: tried hadoop-metrics2-storagecontainermanager.properties,hadoop-metrics2.properties
2019-11-17 03:52:14,172 [main] INFO  impl.MetricsSystemImpl (MetricsSystemImpl.java:startTimer(374)) - Scheduled Metric snapshot period at 10 second(s).
2019-11-17 03:52:14,172 [main] INFO  impl.MetricsSystemImpl (MetricsSystemImpl.java:start(191)) - StorageContainerManager metrics system started
2019-11-17 03:52:14,390 [main] INFO  server.SCMClientProtocolServer (SCMClientProtocolServer.java:start(160)) - RPC server for Client  is listening at /0.0.0.0:37549
2019-11-17 03:52:14,390 [IPC Server Responder] INFO  ipc.Server (Server.java:run(1314)) - IPC Server Responder: starting
2019-11-17 03:52:14,390 [IPC Server listener on 37549] INFO  ipc.Server (Server.java:run(1153)) - IPC Server listener on 37549: starting
2019-11-17 03:52:14,393 [main] INFO  server.StorageContainerManager (StorageContainerManager.java:start(775)) - ScmBlockLocationProtocol RPC server is listening at /0.0.0.0:45454
2019-11-17 03:52:14,394 [main] INFO  server.SCMBlockProtocolServer (SCMBlockProtocolServer.java:start(146)) - RPC server for Block Protocol is listening at /0.0.0.0:45454
2019-11-17 03:52:14,394 [IPC Server Responder] INFO  ipc.Server (Server.java:run(1314)) - IPC Server Responder: starting
2019-11-17 03:52:14,394 [IPC Server listener on 45454] INFO  ipc.Server (Server.java:run(1153)) - IPC Server listener on 45454: starting
2019-11-17 03:52:14,397 [main] INFO  server.StorageContainerManager (StorageContainerManager.java:start(779)) - ScmDatanodeProtocl RPC server is listening at /0.0.0.0:44962
2019-11-17 03:52:14,397 [main] INFO  server.SCMDatanodeProtocolServer (SCMDatanodeProtocolServer.java:start(177)) - RPC server for DataNodes is listening at /0.0.0.0:44962
2019-11-17 03:52:14,398 [IPC Server Responder] INFO  ipc.Server (Server.java:run(1314)) - IPC Server Responder: starting
2019-11-17 03:52:14,398 [IPC Server listener on 44962] INFO  ipc.Server (Server.java:run(1153)) - IPC Server listener on 44962: starting
2019-11-17 03:52:14,401 [main] INFO  http.HttpServer2 (HttpServer2.java:bindListener(1191)) - Jetty bound to port 43409
2019-11-17 03:52:14,403 [main] INFO  server.Server (Server.java:doStart(351)) - jetty-9.3.25.v20180904, build timestamp: 2018-09-04T21:11:46Z, git hash: 3ce520221d0240229c862b122d2b06c12a625732
2019-11-17 03:52:14,435 [main] INFO  handler.ContextHandler (ContextHandler.java:doStart(781)) - Started o.e.j.s.ServletContextHandler@4218500f{/logs,file:///workdir/hadoop-ozone/tools/target/log,AVAILABLE}
2019-11-17 03:52:14,435 [main] INFO  handler.ContextHandler (ContextHandler.java:doStart(781)) - Started o.e.j.s.ServletContextHandler@c2db68f{/static,jar:file:/home/user/.m2/repository/org/apache/hadoop/hadoop-hdds-server-scm/0.5.0-SNAPSHOT/hadoop-hdds-server-scm-0.5.0-SNAPSHOT.jar!/webapps/static,AVAILABLE}
2019-11-17 03:52:14,504 [main] INFO  handler.ContextHandler (ContextHandler.java:doStart(781)) - Started o.e.j.w.WebAppContext@37cd92d6{/,file:///tmp/jetty-0.0.0.0-43409-scm-_-any-5214452689316184903.dir/webapp/,AVAILABLE}{/scm}
2019-11-17 03:52:14,509 [main] INFO  server.AbstractConnector (AbstractConnector.java:doStart(278)) - Started ServerConnector@7e0aadd0{HTTP/1.1,[http/1.1]}{0.0.0.0:43409}
2019-11-17 03:52:14,509 [main] INFO  server.Server (Server.java:doStart(419)) - Started @2927ms
2019-11-17 03:52:14,512 [main] INFO  impl.MetricsSinkAdapter (MetricsSinkAdapter.java:start(204)) - Sink prometheus started
2019-11-17 03:52:14,512 [main] INFO  impl.MetricsSystemImpl (MetricsSystemImpl.java:registerSink(301)) - Registered sink prometheus
2019-11-17 03:52:14,515 [main] INFO  server.BaseHttpServer (BaseHttpServer.java:updateConnectorAddress(215)) - HTTP server of SCM is listening at http://0.0.0.0:43409
2019-11-17 03:52:14,524 [org.apache.hadoop.util.JvmPauseMonitor$Monitor@2f66e802] INFO  util.JvmPauseMonitor (JvmPauseMonitor.java:run(188)) - Starting JVM pause monitor
2019-11-17 03:52:14,529 [main] WARN  server.ServerUtils (ServerUtils.java:getDBPath(222)) - ozone.om.db.dirs is not configured. We recommend adding this setting. Falling back to ozone.metadata.dirs instead.
2019-11-17 03:52:14,654 [main] INFO  ha.OMHANodeDetails (OMHANodeDetails.java:loadOMHAConfig(190)) - Configuration either no ozone.om.address set. Falling back to the default OM address /127.0.0.1:0
2019-11-17 03:52:14,654 [main] INFO  ha.OMHANodeDetails (OMHANodeDetails.java:getOMNodeDetails(220)) - OM Service ID is not set. Setting it to the default ID: omServiceIdDefault
2019-11-17 03:52:14,656 [main] WARN  server.ServerUtils (ServerUtils.java:getDBPath(222)) - ozone.om.db.dirs is not configured. We recommend adding this setting. Falling back to ozone.metadata.dirs instead.
2019-11-17 03:52:14,656 [main] WARN  server.ServerUtils (ServerUtils.java:getDBPath(222)) - ozone.om.db.dirs is not configured. We recommend adding this setting. Falling back to ozone.metadata.dirs instead.
2019-11-17 03:52:15,266 [main] WARN  server.ServerUtils (ServerUtils.java:getDBPath(222)) - ozone.om.db.dirs is not configured. We recommend adding this setting. Falling back to ozone.metadata.dirs instead.
2019-11-17 03:52:15,273 [main] INFO  db.DBStoreBuilder (DBStoreBuilder.java:addTable(127)) - using custom profile for table: userTable
2019-11-17 03:52:15,273 [main] INFO  db.DBStoreBuilder (DBStoreBuilder.java:processTables(183)) - Using default column profile:DBProfile.DISK for Table:userTable
2019-11-17 03:52:15,273 [main] INFO  db.DBStoreBuilder (DBStoreBuilder.java:addTable(127)) - using custom profile for table: volumeTable
2019-11-17 03:52:15,273 [main] INFO  db.DBStoreBuilder (DBStoreBuilder.java:processTables(183)) - Using default column profile:DBProfile.DISK for Table:volumeTable
2019-11-17 03:52:15,273 [main] INFO  db.DBStoreBuilder (DBStoreBuilder.java:addTable(127)) - using custom profile for table: bucketTable
2019-11-17 03:52:15,274 [main] INFO  db.DBStoreBuilder (DBStoreBuilder.java:processTables(183)) - Using default column profile:DBProfile.DISK for Table:bucketTable
2019-11-17 03:52:15,274 [main] INFO  db.DBStoreBuilder (DBStoreBuilder.java:addTable(127)) - using custom profile for table: keyTable
2019-11-17 03:52:15,274 [main] INFO  db.DBStoreBuilder (DBStoreBuilder.java:processTables(183)) - Using default column profile:DBProfile.DISK for Table:keyTable
2019-11-17 03:52:15,275 [main] INFO  db.DBStoreBuilder (DBStoreBuilder.java:addTable(127)) - using custom profile for table: deletedTable
2019-11-17 03:52:15,275 [main] INFO  db.DBStoreBuilder (DBStoreBuilder.java:processTables(183)) - Using default column profile:DBProfile.DISK for Table:deletedTable
2019-11-17 03:52:15,275 [main] INFO  db.DBStoreBuilder (DBStoreBuilder.java:addTable(127)) - using custom profile for table: openKeyTable
2019-11-17 03:52:15,275 [main] INFO  db.DBStoreBuilder (DBStoreBuilder.java:processTables(183)) - Using default column profile:DBProfile.DISK for Table:openKeyTable
2019-11-17 03:52:15,275 [main] INFO  db.DBStoreBuilder (DBStoreBuilder.java:addTable(127)) - using custom profile for table: s3Table
2019-11-17 03:52:15,276 [main] INFO  db.DBStoreBuilder (DBStoreBuilder.java:processTables(183)) - Using default column profile:DBProfile.DISK for Table:s3Table
2019-11-17 03:52:15,276 [main] INFO  db.DBStoreBuilder (DBStoreBuilder.java:addTable(127)) - using custom profile for table: multipartInfoTable
2019-11-17 03:52:15,276 [main] INFO  db.DBStoreBuilder (DBStoreBuilder.java:processTables(183)) - Using default column profile:DBProfile.DISK for Table:multipartInfoTable
2019-11-17 03:52:15,276 [main] INFO  db.DBStoreBuilder (DBStoreBuilder.java:addTable(127)) - using custom profile for table: dTokenTable
2019-11-17 03:52:15,276 [main] INFO  db.DBStoreBuilder (DBStoreBuilder.java:processTables(183)) - Using default column profile:DBProfile.DISK for Table:dTokenTable
2019-11-17 03:52:15,277 [main] INFO  db.DBStoreBuilder (DBStoreBuilder.java:addTable(127)) - using custom profile for table: s3SecretTable
2019-11-17 03:52:15,277 [main] INFO  db.DBStoreBuilder (DBStoreBuilder.java:processTables(183)) - Using default column profile:DBProfile.DISK for Table:s3SecretTable
2019-11-17 03:52:15,277 [main] INFO  db.DBStoreBuilder (DBStoreBuilder.java:addTable(127)) - using custom profile for table: prefixTable
2019-11-17 03:52:15,277 [main] INFO  db.DBStoreBuilder (DBStoreBuilder.java:processTables(183)) - Using default column profile:DBProfile.DISK for Table:prefixTable
2019-11-17 03:52:15,277 [main] INFO  db.DBStoreBuilder (DBStoreBuilder.java:addTable(127)) - using custom profile for table: default
2019-11-17 03:52:15,278 [main] INFO  db.DBStoreBuilder (DBStoreBuilder.java:processTables(189)) - Using default column profile:DBProfile.DISK for Table:default
2019-11-17 03:52:15,278 [main] INFO  db.DBStoreBuilder (DBStoreBuilder.java:getDbProfile(220)) - Using default options. DBProfile.DISK
2019-11-17 03:52:15,901 [main] INFO  ipc.CallQueueManager (CallQueueManager.java:<init>(84)) - Using callQueue: class java.util.concurrent.LinkedBlockingQueue, queueCapacity: 2000, scheduler: class org.apache.hadoop.ipc.DefaultRpcScheduler, ipcBackoff: false.
2019-11-17 03:52:15,902 [Socket Reader #1 for port 34325] INFO  ipc.Server (Server.java:run(1074)) - Starting Socket Reader #1 for port 34325
2019-11-17 03:52:15,929 [main] INFO  om.OzoneManager (OzoneManager.java:start(1077)) - OzoneManager RPC server is listening at localhost/127.0.0.1:34325
2019-11-17 03:52:15,929 [main] INFO  impl.MetricsSystemImpl (MetricsSystemImpl.java:init(158)) - OzoneManager metrics system started (again)
2019-11-17 03:52:15,937 [IPC Server Responder] INFO  ipc.Server (Server.java:run(1314)) - IPC Server Responder: starting
2019-11-17 03:52:15,937 [IPC Server listener on 34325] INFO  ipc.Server (Server.java:run(1153)) - IPC Server listener on 34325: starting
2019-11-17 03:52:15,944 [main] INFO  hdfs.DFSUtil (DFSUtil.java:httpServerTemplateForNNAndJN(1641)) - Starting Web-server for ozoneManager at: http://0.0.0.0:0
2019-11-17 03:52:15,946 [main] INFO  server.AuthenticationFilter (AuthenticationFilter.java:constructSecretProvider(240)) - Unable to initialize FileSignerSecretProvider, falling back to use random secrets.
2019-11-17 03:52:15,947 [main] WARN  http.HttpRequestLog (HttpRequestLog.java:getRequestLog(97)) - Jetty request log can only be enabled using Log4j
2019-11-17 03:52:15,950 [main] INFO  http.HttpServer2 (HttpServer2.java:addGlobalFilter(975)) - Added global filter 'safety' (class=org.apache.hadoop.http.HttpServer2$QuotingInputFilter)
2019-11-17 03:52:15,951 [main] INFO  http.HttpServer2 (HttpServer2.java:addFilter(948)) - Added filter static_user_filter (class=org.apache.hadoop.http.lib.StaticUserWebFilter$StaticUserFilter) to context ozoneManager
2019-11-17 03:52:15,951 [main] INFO  http.HttpServer2 (HttpServer2.java:addFilter(958)) - Added filter static_user_filter (class=org.apache.hadoop.http.lib.StaticUserWebFilter$StaticUserFilter) to context static
2019-11-17 03:52:15,952 [main] INFO  http.HttpServer2 (HttpServer2.java:addFilter(958)) - Added filter static_user_filter (class=org.apache.hadoop.http.lib.StaticUserWebFilter$StaticUserFilter) to context logs
2019-11-17 03:52:15,954 [main] INFO  http.HttpServer2 (HttpServer2.java:bindListener(1191)) - Jetty bound to port 33232
2019-11-17 03:52:15,955 [main] INFO  server.Server (Server.java:doStart(351)) - jetty-9.3.25.v20180904, build timestamp: 2018-09-04T21:11:46Z, git hash: 3ce520221d0240229c862b122d2b06c12a625732
2019-11-17 03:52:15,957 [main] INFO  handler.ContextHandler (ContextHandler.java:doStart(781)) - Started o.e.j.s.ServletContextHandler@7e46d648{/logs,file:///workdir/hadoop-ozone/tools/target/log,AVAILABLE}
2019-11-17 03:52:15,958 [main] INFO  handler.ContextHandler (ContextHandler.java:doStart(781)) - Started o.e.j.s.ServletContextHandler@2b0b4d53{/static,jar:file:/home/user/.m2/repository/org/apache/hadoop/hadoop-ozone-ozone-manager/0.5.0-SNAPSHOT/hadoop-ozone-ozone-manager-0.5.0-SNAPSHOT.jar!/webapps/static,AVAILABLE}
2019-11-17 03:52:16,022 [main] INFO  handler.ContextHandler (ContextHandler.java:doStart(781)) - Started o.e.j.w.WebAppContext@4bee18dc{/,file:///tmp/jetty-0.0.0.0-33232-ozoneManager-_-any-8476462987813899547.dir/webapp/,AVAILABLE}{/ozoneManager}
2019-11-17 03:52:16,023 [main] INFO  server.AbstractConnector (AbstractConnector.java:doStart(278)) - Started ServerConnector@44f3fe83{HTTP/1.1,[http/1.1]}{0.0.0.0:33232}
2019-11-17 03:52:16,023 [main] INFO  server.Server (Server.java:doStart(419)) - Started @4441ms
2019-11-17 03:52:16,023 [main] WARN  impl.MetricsSystemImpl (MetricsSystemImpl.java:register(276)) - Sink prometheus already exists!
2019-11-17 03:52:16,025 [main] INFO  server.BaseHttpServer (BaseHttpServer.java:updateConnectorAddress(215)) - HTTP server of OZONEMANAGER is listening at http://0.0.0.0:33232
2019-11-17 03:52:16,327 [main] INFO  impl.MetricsSystemImpl (MetricsSystemImpl.java:init(158)) - HddsDatanode metrics system started (again)
2019-11-17 03:52:16,372 [main] INFO  ozone.HddsDatanodeService (HddsDatanodeService.java:start(186)) - HddsDatanodeService host:pr-hdds-2386-9cmxp-1319188337 ip:192.168.157.238
2019-11-17 03:52:16,406 [main] INFO  volume.HddsVolume (HddsVolume.java:<init>(176)) - Creating Volume: /workdir/hadoop-ozone/tools/target/test-dir/MiniOzoneClusterImpl-9d0b20f4-8c7b-4f48-80eb-a32d4257ffa6/datanode-0/data/containers/hdds of  storage type : DISK and capacity : 1482555576320
2019-11-17 03:52:16,408 [main] INFO  volume.VolumeSet (VolumeSet.java:initializeVolumeSet(170)) - Added Volume : /workdir/hadoop-ozone/tools/target/test-dir/MiniOzoneClusterImpl-9d0b20f4-8c7b-4f48-80eb-a32d4257ffa6/datanode-0/data/containers/hdds to VolumeSet
2019-11-17 03:52:16,410 [main] INFO  volume.ThrottledAsyncChecker (ThrottledAsyncChecker.java:schedule(141)) - Scheduling a check for /workdir/hadoop-ozone/tools/target/test-dir/MiniOzoneClusterImpl-9d0b20f4-8c7b-4f48-80eb-a32d4257ffa6/datanode-0/data/containers/hdds
2019-11-17 03:52:16,426 [main] INFO  volume.HddsVolumeChecker (HddsVolumeChecker.java:checkAllVolumes(204)) - Scheduled health check for volume /workdir/hadoop-ozone/tools/target/test-dir/MiniOzoneClusterImpl-9d0b20f4-8c7b-4f48-80eb-a32d4257ffa6/datanode-0/data/containers/hdds
2019-11-17 03:52:16,527 [main] INFO  impl.RaftServerProxy (ConfUtils.java:logGet(43)) - raft.rpc.type = GRPC (default)
2019-11-17 03:52:16,590 [main] INFO  grpc.GrpcFactory (GrpcFactory.java:checkPooledByteBufAllocatorUseCacheForAllThreads(45)) - PERFORMANCE WARNING: useCacheForAllThreads is true that may cause Netty to create a lot garbage objects and, as a result, trigger GC.
	It is recommended to disable useCacheForAllThreads by setting -Dorg.apache.ratis.thirdparty.io.netty.allocator.useCacheForAllThreads=false in command line.
2019-11-17 03:52:16,595 [main] INFO  grpc.GrpcConfigKeys$Server (ConfUtils.java:logGet(43)) - raft.grpc.server.port = 0 (default)
2019-11-17 03:52:16,596 [main] INFO  server.GrpcService (ConfUtils.java:logGet(43)) - raft.grpc.message.size.max = 33570816 (custom)
2019-11-17 03:52:16,598 [main] INFO  server.RaftServerConfigKeys (ConfUtils.java:logGet(43)) - raft.server.log.appender.buffer.byte-limit = 33554432 (custom)
2019-11-17 03:52:16,599 [main] INFO  server.GrpcService (ConfUtils.java:logGet(43)) - raft.grpc.flow.control.window = 1MB (=1048576) (default)
2019-11-17 03:52:16,599 [main] INFO  server.RaftServerConfigKeys (ConfUtils.java:logGet(43)) - raft.server.rpc.request.timeout = 3000ms (default)
2019-11-17 03:52:16,749 [main] INFO  server.RaftServerConfigKeys (ConfUtils.java:logGet(43)) - raft.server.storage.dir = [/workdir/hadoop-ozone/tools/target/test-dir/MiniOzoneClusterImpl-9d0b20f4-8c7b-4f48-80eb-a32d4257ffa6/datanode-0/data/ratis] (custom)
2019-11-17 03:52:16,800 [main] INFO  hdfs.DFSUtil (DFSUtil.java:httpServerTemplateForNNAndJN(1641)) - Starting Web-server for hddsDatanode at: http://0.0.0.0:0
2019-11-17 03:52:16,802 [main] INFO  server.AuthenticationFilter (AuthenticationFilter.java:constructSecretProvider(240)) - Unable to initialize FileSignerSecretProvider, falling back to use random secrets.
2019-11-17 03:52:16,803 [main] WARN  http.HttpRequestLog (HttpRequestLog.java:getRequestLog(97)) - Jetty request log can only be enabled using Log4j
2019-11-17 03:52:16,806 [main] INFO  http.HttpServer2 (HttpServer2.java:addGlobalFilter(975)) - Added global filter 'safety' (class=org.apache.hadoop.http.HttpServer2$QuotingInputFilter)
2019-11-17 03:52:16,808 [main] INFO  http.HttpServer2 (HttpServer2.java:addFilter(948)) - Added filter static_user_filter (class=org.apache.hadoop.http.lib.StaticUserWebFilter$StaticUserFilter) to context hddsDatanode
2019-11-17 03:52:16,808 [main] INFO  http.HttpServer2 (HttpServer2.java:addFilter(958)) - Added filter static_user_filter (class=org.apache.hadoop.http.lib.StaticUserWebFilter$StaticUserFilter) to context logs
2019-11-17 03:52:16,809 [main] INFO  http.HttpServer2 (HttpServer2.java:addFilter(958)) - Added filter static_user_filter (class=org.apache.hadoop.http.lib.StaticUserWebFilter$StaticUserFilter) to context static
2019-11-17 03:52:16,811 [main] INFO  http.HttpServer2 (HttpServer2.java:bindListener(1191)) - Jetty bound to port 44836
2019-11-17 03:52:16,811 [main] INFO  server.Server (Server.java:doStart(351)) - jetty-9.3.25.v20180904, build timestamp: 2018-09-04T21:11:46Z, git hash: 3ce520221d0240229c862b122d2b06c12a625732
2019-11-17 03:52:16,816 [main] INFO  handler.ContextHandler (ContextHandler.java:doStart(781)) - Started o.e.j.s.ServletContextHandler@f951a7f{/logs,file:///workdir/hadoop-ozone/tools/target/log,AVAILABLE}
2019-11-17 03:52:16,817 [main] INFO  handler.ContextHandler (ContextHandler.java:doStart(781)) - Started o.e.j.s.ServletContextHandler@4c777e7b{/static,jar:file:/home/user/.m2/repository/org/apache/hadoop/hadoop-hdds-container-service/0.5.0-SNAPSHOT/hadoop-hdds-container-service-0.5.0-SNAPSHOT.jar!/webapps/static,AVAILABLE}
2019-11-17 03:52:16,863 [main] INFO  handler.ContextHandler (ContextHandler.java:doStart(781)) - Started o.e.j.w.WebAppContext@b606cb6{/,file:///tmp/jetty-0.0.0.0-44836-hddsDatanode-_-any-3189351819045204954.dir/webapp/,AVAILABLE}{/hddsDatanode}
2019-11-17 03:52:16,864 [main] INFO  server.AbstractConnector (AbstractConnector.java:doStart(278)) - Started ServerConnector@2a3194c6{HTTP/1.1,[http/1.1]}{0.0.0.0:44836}
2019-11-17 03:52:16,865 [main] INFO  server.Server (Server.java:doStart(419)) - Started @5283ms
2019-11-17 03:52:16,865 [main] WARN  impl.MetricsSystemImpl (MetricsSystemImpl.java:register(276)) - Sink prometheus already exists!
2019-11-17 03:52:16,867 [main] INFO  server.BaseHttpServer (BaseHttpServer.java:updateConnectorAddress(215)) - HTTP server of HDDSDATANODE is listening at http://0.0.0.0:44836
2019-11-17 03:52:16,868 [main] INFO  impl.MetricsSystemImpl (MetricsSystemImpl.java:init(158)) - HddsDatanode metrics system started (again)
2019-11-17 03:52:16,873 [main] INFO  ozone.HddsDatanodeService (HddsDatanodeService.java:start(186)) - HddsDatanodeService host:pr-hdds-2386-9cmxp-1319188337 ip:192.168.157.238
2019-11-17 03:52:16,876 [org.apache.hadoop.util.JvmPauseMonitor$Monitor@2057e6d5] INFO  util.JvmPauseMonitor (JvmPauseMonitor.java:run(188)) - Starting JVM pause monitor
2019-11-17 03:52:16,883 [main] INFO  volume.HddsVolume (HddsVolume.java:<init>(176)) - Creating Volume: /workdir/hadoop-ozone/tools/target/test-dir/MiniOzoneClusterImpl-9d0b20f4-8c7b-4f48-80eb-a32d4257ffa6/datanode-1/data/containers/hdds of  storage type : DISK and capacity : 1482555576320
2019-11-17 03:52:16,884 [main] INFO  volume.VolumeSet (VolumeSet.java:initializeVolumeSet(170)) - Added Volume : /workdir/hadoop-ozone/tools/target/test-dir/MiniOzoneClusterImpl-9d0b20f4-8c7b-4f48-80eb-a32d4257ffa6/datanode-1/data/containers/hdds to VolumeSet
2019-11-17 03:52:16,884 [main] INFO  volume.ThrottledAsyncChecker (ThrottledAsyncChecker.java:schedule(141)) - Scheduling a check for /workdir/hadoop-ozone/tools/target/test-dir/MiniOzoneClusterImpl-9d0b20f4-8c7b-4f48-80eb-a32d4257ffa6/datanode-1/data/containers/hdds
2019-11-17 03:52:16,885 [main] INFO  volume.HddsVolumeChecker (HddsVolumeChecker.java:checkAllVolumes(204)) - Scheduled health check for volume /workdir/hadoop-ozone/tools/target/test-dir/MiniOzoneClusterImpl-9d0b20f4-8c7b-4f48-80eb-a32d4257ffa6/datanode-1/data/containers/hdds
2019-11-17 03:52:16,909 [main] INFO  impl.RaftServerProxy (ConfUtils.java:logGet(43)) - raft.rpc.type = GRPC (default)
2019-11-17 03:52:16,909 [main] INFO  grpc.GrpcFactory (GrpcFactory.java:checkPooledByteBufAllocatorUseCacheForAllThreads(45)) - PERFORMANCE WARNING: useCacheForAllThreads is true that may cause Netty to create a lot garbage objects and, as a result, trigger GC.
	It is recommended to disable useCacheForAllThreads by setting -Dorg.apache.ratis.thirdparty.io.netty.allocator.useCacheForAllThreads=false in command line.
2019-11-17 03:52:16,910 [main] INFO  grpc.GrpcConfigKeys$Server (ConfUtils.java:logGet(43)) - raft.grpc.server.port = 0 (default)
2019-11-17 03:52:16,910 [main] INFO  server.GrpcService (ConfUtils.java:logGet(43)) - raft.grpc.message.size.max = 33570816 (custom)
2019-11-17 03:52:16,910 [main] INFO  server.RaftServerConfigKeys (ConfUtils.java:logGet(43)) - raft.server.log.appender.buffer.byte-limit = 33554432 (custom)
2019-11-17 03:52:16,911 [main] INFO  server.GrpcService (ConfUtils.java:logGet(43)) - raft.grpc.flow.control.window = 1MB (=1048576) (default)
2019-11-17 03:52:16,911 [main] INFO  server.RaftServerConfigKeys (ConfUtils.java:logGet(43)) - raft.server.rpc.request.timeout = 3000ms (default)
2019-11-17 03:52:16,912 [main] INFO  server.RaftServerConfigKeys (ConfUtils.java:logGet(43)) - raft.server.storage.dir = [/workdir/hadoop-ozone/tools/target/test-dir/MiniOzoneClusterImpl-9d0b20f4-8c7b-4f48-80eb-a32d4257ffa6/datanode-1/data/ratis] (custom)
2019-11-17 03:52:16,915 [main] INFO  hdfs.DFSUtil (DFSUtil.java:httpServerTemplateForNNAndJN(1641)) - Starting Web-server for hddsDatanode at: http://0.0.0.0:0
2019-11-17 03:52:16,917 [main] INFO  server.AuthenticationFilter (AuthenticationFilter.java:constructSecretProvider(240)) - Unable to initialize FileSignerSecretProvider, falling back to use random secrets.
2019-11-17 03:52:16,918 [main] WARN  http.HttpRequestLog (HttpRequestLog.java:getRequestLog(97)) - Jetty request log can only be enabled using Log4j
2019-11-17 03:52:16,921 [main] INFO  http.HttpServer2 (HttpServer2.java:addGlobalFilter(975)) - Added global filter 'safety' (class=org.apache.hadoop.http.HttpServer2$QuotingInputFilter)
2019-11-17 03:52:16,923 [main] INFO  http.HttpServer2 (HttpServer2.java:addFilter(948)) - Added filter static_user_filter (class=org.apache.hadoop.http.lib.StaticUserWebFilter$StaticUserFilter) to context hddsDatanode
2019-11-17 03:52:16,923 [main] INFO  http.HttpServer2 (HttpServer2.java:addFilter(958)) - Added filter static_user_filter (class=org.apache.hadoop.http.lib.StaticUserWebFilter$StaticUserFilter) to context logs
2019-11-17 03:52:16,923 [main] INFO  http.HttpServer2 (HttpServer2.java:addFilter(958)) - Added filter static_user_filter (class=org.apache.hadoop.http.lib.StaticUserWebFilter$StaticUserFilter) to context static
2019-11-17 03:52:16,924 [main] INFO  http.HttpServer2 (HttpServer2.java:bindListener(1191)) - Jetty bound to port 43123
2019-11-17 03:52:16,925 [main] INFO  server.Server (Server.java:doStart(351)) - jetty-9.3.25.v20180904, build timestamp: 2018-09-04T21:11:46Z, git hash: 3ce520221d0240229c862b122d2b06c12a625732
2019-11-17 03:52:16,929 [main] INFO  handler.ContextHandler (ContextHandler.java:doStart(781)) - Started o.e.j.s.ServletContextHandler@48528634{/logs,file:///workdir/hadoop-ozone/tools/target/log,AVAILABLE}
2019-11-17 03:52:16,930 [main] INFO  handler.ContextHandler (ContextHandler.java:doStart(781)) - Started o.e.j.s.ServletContextHandler@4047d2d9{/static,jar:file:/home/user/.m2/repository/org/apache/hadoop/hadoop-hdds-container-service/0.5.0-SNAPSHOT/hadoop-hdds-container-service-0.5.0-SNAPSHOT.jar!/webapps/static,AVAILABLE}
2019-11-17 03:52:16,974 [main] INFO  handler.ContextHandler (ContextHandler.java:doStart(781)) - Started o.e.j.w.WebAppContext@2127e66e{/,file:///tmp/jetty-0.0.0.0-43123-hddsDatanode-_-any-8915211565045598814.dir/webapp/,AVAILABLE}{/hddsDatanode}
2019-11-17 03:52:16,975 [main] INFO  server.AbstractConnector (AbstractConnector.java:doStart(278)) - Started ServerConnector@1229a2b7{HTTP/1.1,[http/1.1]}{0.0.0.0:43123}
2019-11-17 03:52:16,976 [main] INFO  server.Server (Server.java:doStart(419)) - Started @5394ms
2019-11-17 03:52:16,976 [main] WARN  impl.MetricsSystemImpl (MetricsSystemImpl.java:register(276)) - Sink prometheus already exists!
2019-11-17 03:52:16,978 [main] INFO  server.BaseHttpServer (BaseHttpServer.java:updateConnectorAddress(215)) - HTTP server of HDDSDATANODE is listening at http://0.0.0.0:43123
2019-11-17 03:52:16,979 [main] INFO  impl.MetricsSystemImpl (MetricsSystemImpl.java:init(158)) - HddsDatanode metrics system started (again)
2019-11-17 03:52:16,982 [org.apache.hadoop.util.JvmPauseMonitor$Monitor@1805c304] INFO  util.JvmPauseMonitor (JvmPauseMonitor.java:run(188)) - Starting JVM pause monitor
2019-11-17 03:52:16,982 [main] INFO  ozone.HddsDatanodeService (HddsDatanodeService.java:start(186)) - HddsDatanodeService host:pr-hdds-2386-9cmxp-1319188337 ip:192.168.157.238
2019-11-17 03:52:16,988 [Datanode State Machine Thread - 0] INFO  datanode.InitDatanodeState (InitDatanodeState.java:persistContainerDatanodeDetails(140)) - DatanodeDetails is persisted to /workdir/hadoop-ozone/tools/target/test-dir/MiniOzoneClusterImpl-9d0b20f4-8c7b-4f48-80eb-a32d4257ffa6/datanode-0/meta/datanode.id
2019-11-17 03:52:16,994 [main] INFO  volume.HddsVolume (HddsVolume.java:<init>(176)) - Creating Volume: /workdir/hadoop-ozone/tools/target/test-dir/MiniOzoneClusterImpl-9d0b20f4-8c7b-4f48-80eb-a32d4257ffa6/datanode-2/data/containers/hdds of  storage type : DISK and capacity : 1482555576320
2019-11-17 03:52:16,994 [main] INFO  volume.VolumeSet (VolumeSet.java:initializeVolumeSet(170)) - Added Volume : /workdir/hadoop-ozone/tools/target/test-dir/MiniOzoneClusterImpl-9d0b20f4-8c7b-4f48-80eb-a32d4257ffa6/datanode-2/data/containers/hdds to VolumeSet
2019-11-17 03:52:16,994 [main] INFO  volume.ThrottledAsyncChecker (ThrottledAsyncChecker.java:schedule(141)) - Scheduling a check for /workdir/hadoop-ozone/tools/target/test-dir/MiniOzoneClusterImpl-9d0b20f4-8c7b-4f48-80eb-a32d4257ffa6/datanode-2/data/containers/hdds
2019-11-17 03:52:16,995 [Datanode State Machine Thread - 0] INFO  datanode.InitDatanodeState (InitDatanodeState.java:persistContainerDatanodeDetails(140)) - DatanodeDetails is persisted to /workdir/hadoop-ozone/tools/target/test-dir/MiniOzoneClusterImpl-9d0b20f4-8c7b-4f48-80eb-a32d4257ffa6/datanode-1/meta/datanode.id
2019-11-17 03:52:16,995 [main] INFO  volume.HddsVolumeChecker (HddsVolumeChecker.java:checkAllVolumes(204)) - Scheduled health check for volume /workdir/hadoop-ozone/tools/target/test-dir/MiniOzoneClusterImpl-9d0b20f4-8c7b-4f48-80eb-a32d4257ffa6/datanode-2/data/containers/hdds
2019-11-17 03:52:17,014 [main] INFO  impl.RaftServerProxy (ConfUtils.java:logGet(43)) - raft.rpc.type = GRPC (default)
2019-11-17 03:52:17,015 [main] INFO  grpc.GrpcFactory (GrpcFactory.java:checkPooledByteBufAllocatorUseCacheForAllThreads(45)) - PERFORMANCE WARNING: useCacheForAllThreads is true that may cause Netty to create a lot garbage objects and, as a result, trigger GC.
	It is recommended to disable useCacheForAllThreads by setting -Dorg.apache.ratis.thirdparty.io.netty.allocator.useCacheForAllThreads=false in command line.
2019-11-17 03:52:17,015 [main] INFO  grpc.GrpcConfigKeys$Server (ConfUtils.java:logGet(43)) - raft.grpc.server.port = 0 (default)
2019-11-17 03:52:17,015 [main] INFO  server.GrpcService (ConfUtils.java:logGet(43)) - raft.grpc.message.size.max = 33570816 (custom)
2019-11-17 03:52:17,016 [main] INFO  server.RaftServerConfigKeys (ConfUtils.java:logGet(43)) - raft.server.log.appender.buffer.byte-limit = 33554432 (custom)
2019-11-17 03:52:17,016 [main] INFO  server.GrpcService (ConfUtils.java:logGet(43)) - raft.grpc.flow.control.window = 1MB (=1048576) (default)
2019-11-17 03:52:17,016 [main] INFO  server.RaftServerConfigKeys (ConfUtils.java:logGet(43)) - raft.server.rpc.request.timeout = 3000ms (default)
2019-11-17 03:52:17,017 [main] INFO  server.RaftServerConfigKeys (ConfUtils.java:logGet(43)) - raft.server.storage.dir = [/workdir/hadoop-ozone/tools/target/test-dir/MiniOzoneClusterImpl-9d0b20f4-8c7b-4f48-80eb-a32d4257ffa6/datanode-2/data/ratis] (custom)
2019-11-17 03:52:17,019 [main] INFO  hdfs.DFSUtil (DFSUtil.java:httpServerTemplateForNNAndJN(1641)) - Starting Web-server for hddsDatanode at: http://0.0.0.0:0
2019-11-17 03:52:17,021 [main] INFO  server.AuthenticationFilter (AuthenticationFilter.java:constructSecretProvider(240)) - Unable to initialize FileSignerSecretProvider, falling back to use random secrets.
2019-11-17 03:52:17,022 [main] WARN  http.HttpRequestLog (HttpRequestLog.java:getRequestLog(97)) - Jetty request log can only be enabled using Log4j
2019-11-17 03:52:17,025 [main] INFO  http.HttpServer2 (HttpServer2.java:addGlobalFilter(975)) - Added global filter 'safety' (class=org.apache.hadoop.http.HttpServer2$QuotingInputFilter)
2019-11-17 03:52:17,026 [main] INFO  http.HttpServer2 (HttpServer2.java:addFilter(948)) - Added filter static_user_filter (class=org.apache.hadoop.http.lib.StaticUserWebFilter$StaticUserFilter) to context hddsDatanode
2019-11-17 03:52:17,027 [main] INFO  http.HttpServer2 (HttpServer2.java:addFilter(958)) - Added filter static_user_filter (class=org.apache.hadoop.http.lib.StaticUserWebFilter$StaticUserFilter) to context logs
2019-11-17 03:52:17,027 [main] INFO  http.HttpServer2 (HttpServer2.java:addFilter(958)) - Added filter static_user_filter (class=org.apache.hadoop.http.lib.StaticUserWebFilter$StaticUserFilter) to context static
2019-11-17 03:52:17,030 [main] INFO  http.HttpServer2 (HttpServer2.java:bindListener(1191)) - Jetty bound to port 46204
2019-11-17 03:52:17,030 [main] INFO  server.Server (Server.java:doStart(351)) - jetty-9.3.25.v20180904, build timestamp: 2018-09-04T21:11:46Z, git hash: 3ce520221d0240229c862b122d2b06c12a625732
2019-11-17 03:52:17,033 [main] INFO  handler.ContextHandler (ContextHandler.java:doStart(781)) - Started o.e.j.s.ServletContextHandler@421056e5{/logs,file:///workdir/hadoop-ozone/tools/target/log,AVAILABLE}
2019-11-17 03:52:17,034 [main] INFO  handler.ContextHandler (ContextHandler.java:doStart(781)) - Started o.e.j.s.ServletContextHandler@60bbacfc{/static,jar:file:/home/user/.m2/repository/org/apache/hadoop/hadoop-hdds-container-service/0.5.0-SNAPSHOT/hadoop-hdds-container-service-0.5.0-SNAPSHOT.jar!/webapps/static,AVAILABLE}
2019-11-17 03:52:17,085 [main] INFO  handler.ContextHandler (ContextHandler.java:doStart(781)) - Started o.e.j.w.WebAppContext@5f7989fa{/,file:///tmp/jetty-0.0.0.0-46204-hddsDatanode-_-any-8516476372140516948.dir/webapp/,AVAILABLE}{/hddsDatanode}
2019-11-17 03:52:17,086 [main] INFO  server.AbstractConnector (AbstractConnector.java:doStart(278)) - Started ServerConnector@5bc28f40{HTTP/1.1,[http/1.1]}{0.0.0.0:46204}
2019-11-17 03:52:17,087 [main] INFO  server.Server (Server.java:doStart(419)) - Started @5505ms
2019-11-17 03:52:17,088 [main] WARN  impl.MetricsSystemImpl (MetricsSystemImpl.java:register(276)) - Sink prometheus already exists!
2019-11-17 03:52:17,089 [main] INFO  server.BaseHttpServer (BaseHttpServer.java:updateConnectorAddress(215)) - HTTP server of HDDSDATANODE is listening at http://0.0.0.0:46204
2019-11-17 03:52:17,091 [main] INFO  ozone.MiniOzoneClusterImpl (MiniOzoneClusterImpl.java:lambda$waitForClusterToBeReady$0(150)) - Waiting for nodes to be ready. Got 0 of 3 DN Heartbeats.
2019-11-17 03:52:17,091 [main] INFO  ozone.MiniOzoneClusterImpl (MiniOzoneClusterImpl.java:lambda$waitForClusterToBeReady$0(153)) - Waiting for cluster to exit safe mode
2019-11-17 03:52:17,092 [org.apache.hadoop.util.JvmPauseMonitor$Monitor@35f55402] INFO  util.JvmPauseMonitor (JvmPauseMonitor.java:run(188)) - Starting JVM pause monitor
2019-11-17 03:52:17,095 [Datanode State Machine Thread - 0] INFO  datanode.InitDatanodeState (InitDatanodeState.java:persistContainerDatanodeDetails(140)) - DatanodeDetails is persisted to /workdir/hadoop-ozone/tools/target/test-dir/MiniOzoneClusterImpl-9d0b20f4-8c7b-4f48-80eb-a32d4257ffa6/datanode-2/meta/datanode.id
2019-11-17 03:52:18,091 [main] INFO  ozone.MiniOzoneClusterImpl (MiniOzoneClusterImpl.java:lambda$waitForClusterToBeReady$0(150)) - Waiting for nodes to be ready. Got 0 of 3 DN Heartbeats.
2019-11-17 03:52:18,092 [main] INFO  ozone.MiniOzoneClusterImpl (MiniOzoneClusterImpl.java:lambda$waitForClusterToBeReady$0(153)) - Waiting for cluster to exit safe mode
2019-11-17 03:52:18,978 [Datanode State Machine Thread - 0] INFO  ozoneimpl.OzoneContainer (OzoneContainer.java:start(230)) - Attempting to start container services.
2019-11-17 03:52:18,982 [Datanode State Machine Thread - 0] INFO  ozoneimpl.OzoneContainer (OzoneContainer.java:startContainerScrub(194)) - Background container scanner has been disabled.
2019-11-17 03:52:18,982 [Datanode State Machine Thread - 0] INFO  ratis.XceiverServerRatis (XceiverServerRatis.java:start(422)) - Starting XceiverServerRatis 184f8745-87b2-4e99-a45f-65699ea3d23a at port 0
2019-11-17 03:52:19,010 [Datanode State Machine Thread - 0] INFO  ozoneimpl.OzoneContainer (OzoneContainer.java:start(230)) - Attempting to start container services.
2019-11-17 03:52:19,017 [Datanode State Machine Thread - 0] INFO  ozoneimpl.OzoneContainer (OzoneContainer.java:startContainerScrub(194)) - Background container scanner has been disabled.
2019-11-17 03:52:19,020 [Datanode State Machine Thread - 0] INFO  ratis.XceiverServerRatis (XceiverServerRatis.java:start(422)) - Starting XceiverServerRatis 32e42665-1ab0-48a3-a2c9-2acd34f32d8a at port 0
2019-11-17 03:52:19,021 [Datanode State Machine Thread - 0] INFO  impl.RaftServerProxy (RaftServerProxy.java:lambda$start$3(299)) - 184f8745-87b2-4e99-a45f-65699ea3d23a: start RPC server
2019-11-17 03:52:19,034 [Datanode State Machine Thread - 0] INFO  impl.RaftServerProxy (RaftServerProxy.java:lambda$start$3(299)) - 32e42665-1ab0-48a3-a2c9-2acd34f32d8a: start RPC server
2019-11-17 03:52:19,092 [main] INFO  ozone.MiniOzoneClusterImpl (MiniOzoneClusterImpl.java:lambda$waitForClusterToBeReady$0(150)) - Waiting for nodes to be ready. Got 0 of 3 DN Heartbeats.
2019-11-17 03:52:19,092 [main] INFO  ozone.MiniOzoneClusterImpl (MiniOzoneClusterImpl.java:lambda$waitForClusterToBeReady$0(153)) - Waiting for cluster to exit safe mode
2019-11-17 03:52:19,119 [Datanode State Machine Thread - 0] INFO  ozoneimpl.OzoneContainer (OzoneContainer.java:start(230)) - Attempting to start container services.
2019-11-17 03:52:19,121 [Datanode State Machine Thread - 0] INFO  ozoneimpl.OzoneContainer (OzoneContainer.java:startContainerScrub(194)) - Background container scanner has been disabled.
2019-11-17 03:52:19,121 [Datanode State Machine Thread - 0] INFO  ratis.XceiverServerRatis (XceiverServerRatis.java:start(422)) - Starting XceiverServerRatis ba5892b9-6c59-461c-9c66-42a016b87fd7 at port 0
2019-11-17 03:52:19,131 [Datanode State Machine Thread - 0] INFO  impl.RaftServerProxy (RaftServerProxy.java:lambda$start$3(299)) - ba5892b9-6c59-461c-9c66-42a016b87fd7: start RPC server
2019-11-17 03:52:19,169 [Datanode State Machine Thread - 0] INFO  server.GrpcService (GrpcService.java:startImpl(158)) - ba5892b9-6c59-461c-9c66-42a016b87fd7: GrpcService started, listening on 0.0.0.0/0.0.0.0:36872
2019-11-17 03:52:19,169 [Datanode State Machine Thread - 0] INFO  server.GrpcService (GrpcService.java:startImpl(158)) - 32e42665-1ab0-48a3-a2c9-2acd34f32d8a: GrpcService started, listening on 0.0.0.0/0.0.0.0:42433
2019-11-17 03:52:19,169 [Datanode State Machine Thread - 0] INFO  server.GrpcService (GrpcService.java:startImpl(158)) - 184f8745-87b2-4e99-a45f-65699ea3d23a: GrpcService started, listening on 0.0.0.0/0.0.0.0:46820
2019-11-17 03:52:19,170 [Datanode State Machine Thread - 0] INFO  ratis.XceiverServerRatis (XceiverServerRatis.java:start(432)) - XceiverServerRatis 32e42665-1ab0-48a3-a2c9-2acd34f32d8a is started using port 42433
2019-11-17 03:52:19,170 [Datanode State Machine Thread - 0] INFO  ratis.XceiverServerRatis (XceiverServerRatis.java:start(432)) - XceiverServerRatis ba5892b9-6c59-461c-9c66-42a016b87fd7 is started using port 36872
2019-11-17 03:52:19,170 [Datanode State Machine Thread - 0] INFO  ratis.XceiverServerRatis (XceiverServerRatis.java:start(432)) - XceiverServerRatis 184f8745-87b2-4e99-a45f-65699ea3d23a is started using port 46820
2019-11-17 03:52:19,175 [Datanode State Machine Thread - 0] INFO  server.XceiverServerGrpc (XceiverServerGrpc.java:start(145)) - XceiverServerGrpc 184f8745-87b2-4e99-a45f-65699ea3d23a is started using port 37487
2019-11-17 03:52:19,176 [Datanode State Machine Thread - 0] INFO  server.XceiverServerGrpc (XceiverServerGrpc.java:start(145)) - XceiverServerGrpc 32e42665-1ab0-48a3-a2c9-2acd34f32d8a is started using port 35782
2019-11-17 03:52:19,175 [Datanode State Machine Thread - 0] INFO  server.XceiverServerGrpc (XceiverServerGrpc.java:start(145)) - XceiverServerGrpc ba5892b9-6c59-461c-9c66-42a016b87fd7 is started using port 36387
2019-11-17 03:52:20,093 [main] INFO  ozone.MiniOzoneClusterImpl (MiniOzoneClusterImpl.java:lambda$waitForClusterToBeReady$0(150)) - Waiting for nodes to be ready. Got 0 of 3 DN Heartbeats.
2019-11-17 03:52:20,093 [main] INFO  ozone.MiniOzoneClusterImpl (MiniOzoneClusterImpl.java:lambda$waitForClusterToBeReady$0(153)) - Waiting for cluster to exit safe mode
2019-11-17 03:52:20,915 [IPC Server handler 0 on 44962] INFO  net.NetworkTopology (NetworkTopologyImpl.java:add(111)) - Added a new node: /default-rack/184f8745-87b2-4e99-a45f-65699ea3d23a
2019-11-17 03:52:20,915 [IPC Server handler 0 on 44962] INFO  node.SCMNodeManager (SCMNodeManager.java:register(267)) - Registered Data node : 184f8745-87b2-4e99-a45f-65699ea3d23a{ip: 192.168.157.238, host: pr-hdds-2386-9cmxp-1319188337, networkLocation: /default-rack, certSerialId: null}
2019-11-17 03:52:20,918 [EventQueue-NodeRegistrationContainerReportForContainerSafeModeRule] INFO  safemode.SCMSafeModeManager (SCMSafeModeManager.java:validateSafeModeExitRules(176)) - ContainerSafeModeRule rule is successfully validated
2019-11-17 03:52:20,919 [EventQueue-NodeRegistrationContainerReportForDataNodeSafeModeRule] INFO  safemode.SCMSafeModeManager (DataNodeSafeModeRule.java:process(71)) - SCM in safe mode. 1 DataNodes registered, 1 required.
2019-11-17 03:52:20,919 [EventQueue-NodeRegistrationContainerReportForDataNodeSafeModeRule] INFO  safemode.SCMSafeModeManager (SCMSafeModeManager.java:validateSafeModeExitRules(176)) - DataNodeSafeModeRule rule is successfully validated
2019-11-17 03:52:20,922 [RatisPipelineUtilsThread] INFO  pipeline.RatisPipelineProvider (RatisPipelineProvider.java:lambda$create$4(163)) - Send pipeline:PipelineID=06069045-26dd-4566-b9cf-8204b35e3510 create command to datanode 184f8745-87b2-4e99-a45f-65699ea3d23a
2019-11-17 03:52:20,934 [RatisPipelineUtilsThread] INFO  pipeline.PipelineStateManager (PipelineStateManager.java:addPipeline(55)) - Created pipeline Pipeline[ Id: 06069045-26dd-4566-b9cf-8204b35e3510, Nodes: 184f8745-87b2-4e99-a45f-65699ea3d23a{ip: 192.168.157.238, host: pr-hdds-2386-9cmxp-1319188337, networkLocation: /default-rack, certSerialId: null}, Type:RATIS, Factor:ONE, State:ALLOCATED]
2019-11-17 03:52:20,986 [IPC Server handler 1 on 44962] INFO  net.NetworkTopology (NetworkTopologyImpl.java:add(111)) - Added a new node: /default-rack/32e42665-1ab0-48a3-a2c9-2acd34f32d8a
2019-11-17 03:52:20,986 [IPC Server handler 1 on 44962] INFO  node.SCMNodeManager (SCMNodeManager.java:register(267)) - Registered Data node : 32e42665-1ab0-48a3-a2c9-2acd34f32d8a{ip: 192.168.157.238, host: pr-hdds-2386-9cmxp-1319188337, networkLocation: /default-rack, certSerialId: null}
2019-11-17 03:52:20,986 [EventQueue-NodeRegistrationContainerReportForContainerSafeModeRule] INFO  safemode.SCMSafeModeManager (SCMSafeModeManager.java:validateSafeModeExitRules(176)) - ContainerSafeModeRule rule is successfully validated
2019-11-17 03:52:20,987 [EventQueue-NodeRegistrationContainerReportForDataNodeSafeModeRule] INFO  safemode.SCMSafeModeManager (SCMSafeModeManager.java:validateSafeModeExitRules(176)) - DataNodeSafeModeRule rule is successfully validated
2019-11-17 03:52:20,987 [RatisPipelineUtilsThread] INFO  pipeline.RatisPipelineProvider (RatisPipelineProvider.java:lambda$create$4(163)) - Send pipeline:PipelineID=550ba880-02ae-468c-acfe-0b2d0a700424 create command to datanode 32e42665-1ab0-48a3-a2c9-2acd34f32d8a
2019-11-17 03:52:20,988 [RatisPipelineUtilsThread] INFO  pipeline.PipelineStateManager (PipelineStateManager.java:addPipeline(55)) - Created pipeline Pipeline[ Id: 550ba880-02ae-468c-acfe-0b2d0a700424, Nodes: 32e42665-1ab0-48a3-a2c9-2acd34f32d8a{ip: 192.168.157.238, host: pr-hdds-2386-9cmxp-1319188337, networkLocation: /default-rack, certSerialId: null}, Type:RATIS, Factor:ONE, State:ALLOCATED]
2019-11-17 03:52:21,094 [main] INFO  ozone.MiniOzoneClusterImpl (MiniOzoneClusterImpl.java:lambda$waitForClusterToBeReady$0(150)) - Waiting for nodes to be ready. Got 2 of 3 DN Heartbeats.
2019-11-17 03:52:21,096 [main] INFO  ozone.MiniOzoneClusterImpl (MiniOzoneClusterImpl.java:lambda$waitForClusterToBeReady$0(153)) - Waiting for cluster to exit safe mode
2019-11-17 03:52:21,098 [IPC Server handler 3 on 44962] INFO  net.NetworkTopology (NetworkTopologyImpl.java:add(111)) - Added a new node: /default-rack/ba5892b9-6c59-461c-9c66-42a016b87fd7
2019-11-17 03:52:21,098 [IPC Server handler 3 on 44962] INFO  node.SCMNodeManager (SCMNodeManager.java:register(267)) - Registered Data node : ba5892b9-6c59-461c-9c66-42a016b87fd7{ip: 192.168.157.238, host: pr-hdds-2386-9cmxp-1319188337, networkLocation: /default-rack, certSerialId: null}
2019-11-17 03:52:21,099 [RatisPipelineUtilsThread] INFO  pipeline.RatisPipelineProvider (RatisPipelineProvider.java:lambda$create$4(163)) - Send pipeline:PipelineID=c3999109-6f34-4d20-9f6a-04223176bda2 create command to datanode ba5892b9-6c59-461c-9c66-42a016b87fd7
2019-11-17 03:52:21,099 [EventQueue-NodeRegistrationContainerReportForContainerSafeModeRule] INFO  safemode.SCMSafeModeManager (SCMSafeModeManager.java:validateSafeModeExitRules(176)) - ContainerSafeModeRule rule is successfully validated
2019-11-17 03:52:21,099 [EventQueue-NodeRegistrationContainerReportForDataNodeSafeModeRule] INFO  safemode.SCMSafeModeManager (SCMSafeModeManager.java:validateSafeModeExitRules(176)) - DataNodeSafeModeRule rule is successfully validated
2019-11-17 03:52:21,100 [RatisPipelineUtilsThread] INFO  pipeline.PipelineStateManager (PipelineStateManager.java:addPipeline(55)) - Created pipeline Pipeline[ Id: c3999109-6f34-4d20-9f6a-04223176bda2, Nodes: ba5892b9-6c59-461c-9c66-42a016b87fd7{ip: 192.168.157.238, host: pr-hdds-2386-9cmxp-1319188337, networkLocation: /default-rack, certSerialId: null}, Type:RATIS, Factor:ONE, State:ALLOCATED]
2019-11-17 03:52:21,102 [RatisPipelineUtilsThread] INFO  pipeline.RatisPipelineProvider (RatisPipelineProvider.java:lambda$create$4(163)) - Send pipeline:PipelineID=0dd615ad-4b28-4130-b0e9-e3a6a8179de3 create command to datanode ba5892b9-6c59-461c-9c66-42a016b87fd7
2019-11-17 03:52:21,102 [RatisPipelineUtilsThread] INFO  pipeline.RatisPipelineProvider (RatisPipelineProvider.java:lambda$create$4(163)) - Send pipeline:PipelineID=0dd615ad-4b28-4130-b0e9-e3a6a8179de3 create command to datanode 184f8745-87b2-4e99-a45f-65699ea3d23a
2019-11-17 03:52:21,102 [RatisPipelineUtilsThread] INFO  pipeline.RatisPipelineProvider (RatisPipelineProvider.java:lambda$create$4(163)) - Send pipeline:PipelineID=0dd615ad-4b28-4130-b0e9-e3a6a8179de3 create command to datanode 32e42665-1ab0-48a3-a2c9-2acd34f32d8a
2019-11-17 03:52:21,103 [RatisPipelineUtilsThread] INFO  pipeline.PipelineStateManager (PipelineStateManager.java:addPipeline(55)) - Created pipeline Pipeline[ Id: 0dd615ad-4b28-4130-b0e9-e3a6a8179de3, Nodes: ba5892b9-6c59-461c-9c66-42a016b87fd7{ip: 192.168.157.238, host: pr-hdds-2386-9cmxp-1319188337, networkLocation: /default-rack, certSerialId: null}184f8745-87b2-4e99-a45f-65699ea3d23a{ip: 192.168.157.238, host: pr-hdds-2386-9cmxp-1319188337, networkLocation: /default-rack, certSerialId: null}32e42665-1ab0-48a3-a2c9-2acd34f32d8a{ip: 192.168.157.238, host: pr-hdds-2386-9cmxp-1319188337, networkLocation: /default-rack, certSerialId: null}, Type:RATIS, Factor:THREE, State:ALLOCATED]
2019-11-17 03:52:22,096 [main] INFO  ozone.MiniOzoneClusterImpl (MiniOzoneClusterImpl.java:lambda$waitForClusterToBeReady$0(150)) - Nodes are ready. Got 3 of 3 DN Heartbeats.
2019-11-17 03:52:22,097 [main] INFO  ozone.MiniOzoneClusterImpl (MiniOzoneClusterImpl.java:lambda$waitForClusterToBeReady$0(153)) - Waiting for cluster to exit safe mode
2019-11-17 03:52:23,097 [main] INFO  ozone.MiniOzoneClusterImpl (MiniOzoneClusterImpl.java:lambda$waitForClusterToBeReady$0(150)) - Nodes are ready. Got 3 of 3 DN Heartbeats.
2019-11-17 03:52:23,098 [main] INFO  ozone.MiniOzoneClusterImpl (MiniOzoneClusterImpl.java:lambda$waitForClusterToBeReady$0(153)) - Waiting for cluster to exit safe mode
2019-11-17 03:52:23,900 [Command processor thread] INFO  impl.RaftServerProxy (RaftServerProxy.java:addNew(89)) - 184f8745-87b2-4e99-a45f-65699ea3d23a: addNew group-8204B35E3510:[184f8745-87b2-4e99-a45f-65699ea3d23a:192.168.157.238:46820] returns group-8204B35E3510:java.util.concurrent.CompletableFuture@68c7b7c7[Not completed]
2019-11-17 03:52:23,920 [pool-27-thread-1] INFO  impl.RaftServerImpl (RaftServerImpl.java:<init>(98)) - 184f8745-87b2-4e99-a45f-65699ea3d23a: new RaftServerImpl for group-8204B35E3510:[184f8745-87b2-4e99-a45f-65699ea3d23a:192.168.157.238:46820] with ContainerStateMachine:uninitialized
2019-11-17 03:52:23,923 [pool-27-thread-1] INFO  server.RaftServerConfigKeys (ConfUtils.java:logGet(43)) - raft.server.rpc.timeout.min = 5s (custom)
2019-11-17 03:52:23,924 [pool-27-thread-1] INFO  server.RaftServerConfigKeys (ConfUtils.java:logGet(43)) - raft.server.rpc.timeout.max = 5200ms (custom)
2019-11-17 03:52:23,924 [pool-27-thread-1] INFO  server.RaftServerConfigKeys (ConfUtils.java:logGet(43)) - raft.server.rpcslowness.timeout = 120s (custom)
2019-11-17 03:52:23,925 [pool-27-thread-1] INFO  server.RaftServerConfigKeys (ConfUtils.java:logGet(43)) - raft.server.sleep.deviation.threshold = 300 (default)
2019-11-17 03:52:23,926 [pool-27-thread-1] INFO  server.RaftServerConfigKeys (ConfUtils.java:logGet(43)) - raft.server.log.appender.install.snapshot.enabled = false (custom)
2019-11-17 03:52:23,934 [pool-27-thread-1] INFO  impl.RaftServerImpl (ServerState.java:<init>(103)) - 184f8745-87b2-4e99-a45f-65699ea3d23a@group-8204B35E3510: ConfigurationManager, init=-1: [184f8745-87b2-4e99-a45f-65699ea3d23a:192.168.157.238:46820], old=null, confs=<EMPTY_MAP>
2019-11-17 03:52:23,934 [pool-27-thread-1] INFO  server.RaftServerConfigKeys (ConfUtils.java:logGet(43)) - raft.server.storage.dir = [/workdir/hadoop-ozone/tools/target/test-dir/MiniOzoneClusterImpl-9d0b20f4-8c7b-4f48-80eb-a32d4257ffa6/datanode-0/data/ratis] (custom)
2019-11-17 03:52:23,941 [pool-27-thread-1] INFO  server.RaftServerConfigKeys (ConfUtils.java:logGet(43)) - raft.server.log.corruption.policy = EXCEPTION (default)
2019-11-17 03:52:23,943 [pool-27-thread-1] INFO  storage.RaftStorageDirectory (RaftStorageDirectory.java:analyzeStorage(246)) - The storage directory /workdir/hadoop-ozone/tools/target/test-dir/MiniOzoneClusterImpl-9d0b20f4-8c7b-4f48-80eb-a32d4257ffa6/datanode-0/data/ratis/06069045-26dd-4566-b9cf-8204b35e3510 does not exist. Creating ...
2019-11-17 03:52:23,980 [pool-27-thread-1] INFO  storage.RaftStorageDirectory (RaftStorageDirectory.java:tryLock(328)) - Lock on /workdir/hadoop-ozone/tools/target/test-dir/MiniOzoneClusterImpl-9d0b20f4-8c7b-4f48-80eb-a32d4257ffa6/datanode-0/data/ratis/06069045-26dd-4566-b9cf-8204b35e3510/in_use.lock acquired by nodename 31276@pr-hdds-2386-9cmxp-1319188337
2019-11-17 03:52:23,984 [Command processor thread] INFO  impl.RaftServerProxy (RaftServerProxy.java:addNew(89)) - 32e42665-1ab0-48a3-a2c9-2acd34f32d8a: addNew group-0B2D0A700424:[32e42665-1ab0-48a3-a2c9-2acd34f32d8a:192.168.157.238:42433] returns group-0B2D0A700424:java.util.concurrent.CompletableFuture@1e9a8907[Not completed]
2019-11-17 03:52:24,004 [pool-37-thread-1] INFO  impl.RaftServerImpl (RaftServerImpl.java:<init>(98)) - 32e42665-1ab0-48a3-a2c9-2acd34f32d8a: new RaftServerImpl for group-0B2D0A700424:[32e42665-1ab0-48a3-a2c9-2acd34f32d8a:192.168.157.238:42433] with ContainerStateMachine:uninitialized
2019-11-17 03:52:24,005 [pool-27-thread-1] INFO  storage.RaftStorage (RaftStorage.java:format(84)) - Storage directory /workdir/hadoop-ozone/tools/target/test-dir/MiniOzoneClusterImpl-9d0b20f4-8c7b-4f48-80eb-a32d4257ffa6/datanode-0/data/ratis/06069045-26dd-4566-b9cf-8204b35e3510 has been successfully formatted.
2019-11-17 03:52:24,005 [pool-37-thread-1] INFO  server.RaftServerConfigKeys (ConfUtils.java:logGet(43)) - raft.server.rpc.timeout.min = 5s (custom)
2019-11-17 03:52:24,006 [pool-37-thread-1] INFO  server.RaftServerConfigKeys (ConfUtils.java:logGet(43)) - raft.server.rpc.timeout.max = 5200ms (custom)
2019-11-17 03:52:24,006 [pool-37-thread-1] INFO  server.RaftServerConfigKeys (ConfUtils.java:logGet(43)) - raft.server.rpcslowness.timeout = 120s (custom)
2019-11-17 03:52:24,006 [pool-37-thread-1] INFO  server.RaftServerConfigKeys (ConfUtils.java:logGet(43)) - raft.server.sleep.deviation.threshold = 300 (default)
2019-11-17 03:52:24,006 [pool-37-thread-1] INFO  server.RaftServerConfigKeys (ConfUtils.java:logGet(43)) - raft.server.log.appender.install.snapshot.enabled = false (custom)
2019-11-17 03:52:24,006 [pool-37-thread-1] INFO  impl.RaftServerImpl (ServerState.java:<init>(103)) - 32e42665-1ab0-48a3-a2c9-2acd34f32d8a@group-0B2D0A700424: ConfigurationManager, init=-1: [32e42665-1ab0-48a3-a2c9-2acd34f32d8a:192.168.157.238:42433], old=null, confs=<EMPTY_MAP>
2019-11-17 03:52:24,007 [pool-37-thread-1] INFO  server.RaftServerConfigKeys (ConfUtils.java:logGet(43)) - raft.server.storage.dir = [/workdir/hadoop-ozone/tools/target/test-dir/MiniOzoneClusterImpl-9d0b20f4-8c7b-4f48-80eb-a32d4257ffa6/datanode-1/data/ratis] (custom)
2019-11-17 03:52:24,007 [pool-37-thread-1] INFO  server.RaftServerConfigKeys (ConfUtils.java:logGet(43)) - raft.server.log.corruption.policy = EXCEPTION (default)
2019-11-17 03:52:24,007 [pool-37-thread-1] INFO  storage.RaftStorageDirectory (RaftStorageDirectory.java:analyzeStorage(246)) - The storage directory /workdir/hadoop-ozone/tools/target/test-dir/MiniOzoneClusterImpl-9d0b20f4-8c7b-4f48-80eb-a32d4257ffa6/datanode-1/data/ratis/550ba880-02ae-468c-acfe-0b2d0a700424 does not exist. Creating ...
2019-11-17 03:52:24,008 [pool-27-thread-1] INFO  ratis.ContainerStateMachine (ContainerStateMachine.java:loadSnapshot(223)) - group-8204B35E3510: The snapshot info is null. Setting the last applied indexto:(t:0, i:~)
2019-11-17 03:52:24,008 [pool-27-thread-1] INFO  server.RaftServerConfigKeys (ConfUtils.java:logGet(43)) - raft.server.notification.no-leader.timeout = 120s (custom)
2019-11-17 03:52:24,010 [pool-27-thread-1] INFO  server.RaftServerConfigKeys (ConfUtils.java:logGet(43)) - raft.server.log.use.memory = false (default)
2019-11-17 03:52:24,016 [pool-27-thread-1] INFO  server.RaftServerConfigKeys (ConfUtils.java:logGet(43)) - raft.server.log.purge.gap = 1000000 (custom)
2019-11-17 03:52:24,016 [pool-27-thread-1] INFO  server.RaftServerConfigKeys (ConfUtils.java:logGet(43)) - raft.server.log.appender.buffer.byte-limit = 33554432 (custom)
2019-11-17 03:52:24,018 [pool-27-thread-1] INFO  server.RaftServerConfigKeys (ConfUtils.java:logGet(43)) - raft.server.log.segment.size.max = 1048576 (custom)
2019-11-17 03:52:24,023 [pool-27-thread-1] INFO  metrics.MetricRegistries (MetricRegistriesLoader.java:load(64)) - Loaded MetricRegistries class org.apache.ratis.metrics.impl.MetricRegistriesImpl
2019-11-17 03:52:24,026 [pool-27-thread-1] WARN  impl.MetricRegistriesImpl (MetricRegistriesImpl.java:lambda$create$1(61)) - First MetricRegistry has been created without registering reporters. You may need to call MetricRegistries.global().addReportRegistration(...) before.
2019-11-17 03:52:24,031 [pool-37-thread-1] INFO  storage.RaftStorageDirectory (RaftStorageDirectory.java:tryLock(328)) - Lock on /workdir/hadoop-ozone/tools/target/test-dir/MiniOzoneClusterImpl-9d0b20f4-8c7b-4f48-80eb-a32d4257ffa6/datanode-1/data/ratis/550ba880-02ae-468c-acfe-0b2d0a700424/in_use.lock acquired by nodename 31276@pr-hdds-2386-9cmxp-1319188337
2019-11-17 03:52:24,031 [pool-27-thread-1] INFO  server.RaftServerConfigKeys (ConfUtils.java:logGet(43)) - raft.server.log.segment.cache.num.max = 2 (custom)
2019-11-17 03:52:24,036 [pool-27-thread-1] INFO  segmented.SegmentedRaftLogWorker (SegmentedRaftLogWorker.java:<init>(173)) - new 184f8745-87b2-4e99-a45f-65699ea3d23a@group-8204B35E3510-SegmentedRaftLogWorker for RaftStorage:Storage Directory /workdir/hadoop-ozone/tools/target/test-dir/MiniOzoneClusterImpl-9d0b20f4-8c7b-4f48-80eb-a32d4257ffa6/datanode-0/data/ratis/06069045-26dd-4566-b9cf-8204b35e3510
2019-11-17 03:52:24,037 [pool-27-thread-1] INFO  server.RaftServerConfigKeys (ConfUtils.java:logGet(43)) - raft.server.log.queue.byte-limit = 2147483647 (custom)
2019-11-17 03:52:24,037 [pool-27-thread-1] INFO  server.RaftServerConfigKeys (ConfUtils.java:logGet(43)) - raft.server.log.queue.element-limit = 1024 (custom)
2019-11-17 03:52:24,038 [pool-27-thread-1] INFO  server.RaftServerConfigKeys (ConfUtils.java:logGet(43)) - raft.server.log.segment.size.max = 1048576 (custom)
2019-11-17 03:52:24,039 [pool-27-thread-1] INFO  server.RaftServerConfigKeys (ConfUtils.java:logGet(43)) - raft.server.log.preallocated.size = 16384 (custom)
2019-11-17 03:52:24,039 [pool-27-thread-1] INFO  server.RaftServerConfigKeys (ConfUtils.java:logGet(43)) - raft.server.log.write.buffer.size = 33554432 (custom)
2019-11-17 03:52:24,040 [pool-27-thread-1] INFO  server.RaftServerConfigKeys (ConfUtils.java:logGet(43)) - raft.server.log.force.sync.num = 128 (default)
2019-11-17 03:52:24,041 [pool-27-thread-1] INFO  server.RaftServerConfigKeys (ConfUtils.java:logGet(43)) - raft.server.log.statemachine.data.sync = true (default)
2019-11-17 03:52:24,041 [pool-27-thread-1] INFO  server.RaftServerConfigKeys (ConfUtils.java:logGet(43)) - raft.server.log.statemachine.data.sync.timeout = 10s (default)
2019-11-17 03:52:24,041 [pool-27-thread-1] INFO  server.RaftServerConfigKeys (ConfUtils.java:logGet(43)) - raft.server.log.statemachine.data.sync.timeout.retry = -1 (default)
2019-11-17 03:52:24,053 [pool-27-thread-1] INFO  server.RaftServerConfigKeys (ConfUtils.java:logGet(43)) - raft.server.log.statemachine.data.caching.enabled = true (custom)
2019-11-17 03:52:24,054 [pool-37-thread-1] INFO  storage.RaftStorage (RaftStorage.java:format(84)) - Storage directory /workdir/hadoop-ozone/tools/target/test-dir/MiniOzoneClusterImpl-9d0b20f4-8c7b-4f48-80eb-a32d4257ffa6/datanode-1/data/ratis/550ba880-02ae-468c-acfe-0b2d0a700424 has been successfully formatted.
2019-11-17 03:52:24,055 [pool-37-thread-1] INFO  ratis.ContainerStateMachine (ContainerStateMachine.java:loadSnapshot(223)) - group-0B2D0A700424: The snapshot info is null. Setting the last applied indexto:(t:0, i:~)
2019-11-17 03:52:24,055 [pool-37-thread-1] INFO  server.RaftServerConfigKeys (ConfUtils.java:logGet(43)) - raft.server.notification.no-leader.timeout = 120s (custom)
2019-11-17 03:52:24,055 [pool-37-thread-1] INFO  server.RaftServerConfigKeys (ConfUtils.java:logGet(43)) - raft.server.log.use.memory = false (default)
2019-11-17 03:52:24,056 [pool-37-thread-1] INFO  server.RaftServerConfigKeys (ConfUtils.java:logGet(43)) - raft.server.log.purge.gap = 1000000 (custom)
2019-11-17 03:52:24,056 [pool-37-thread-1] INFO  server.RaftServerConfigKeys (ConfUtils.java:logGet(43)) - raft.server.log.appender.buffer.byte-limit = 33554432 (custom)
2019-11-17 03:52:24,056 [pool-37-thread-1] INFO  server.RaftServerConfigKeys (ConfUtils.java:logGet(43)) - raft.server.log.segment.size.max = 1048576 (custom)
2019-11-17 03:52:24,056 [pool-37-thread-1] WARN  impl.MetricRegistriesImpl (MetricRegistriesImpl.java:lambda$create$1(61)) - First MetricRegistry has been created without registering reporters. You may need to call MetricRegistries.global().addReportRegistration(...) before.
2019-11-17 03:52:24,057 [pool-37-thread-1] INFO  server.RaftServerConfigKeys (ConfUtils.java:logGet(43)) - raft.server.log.segment.cache.num.max = 2 (custom)
2019-11-17 03:52:24,057 [pool-37-thread-1] INFO  segmented.SegmentedRaftLogWorker (SegmentedRaftLogWorker.java:<init>(173)) - new 32e42665-1ab0-48a3-a2c9-2acd34f32d8a@group-0B2D0A700424-SegmentedRaftLogWorker for RaftStorage:Storage Directory /workdir/hadoop-ozone/tools/target/test-dir/MiniOzoneClusterImpl-9d0b20f4-8c7b-4f48-80eb-a32d4257ffa6/datanode-1/data/ratis/550ba880-02ae-468c-acfe-0b2d0a700424
2019-11-17 03:52:24,058 [pool-37-thread-1] INFO  server.RaftServerConfigKeys (ConfUtils.java:logGet(43)) - raft.server.log.queue.byte-limit = 2147483647 (custom)
2019-11-17 03:52:24,058 [pool-37-thread-1] INFO  server.RaftServerConfigKeys (ConfUtils.java:logGet(43)) - raft.server.log.queue.element-limit = 1024 (custom)
2019-11-17 03:52:24,058 [pool-37-thread-1] INFO  server.RaftServerConfigKeys (ConfUtils.java:logGet(43)) - raft.server.log.segment.size.max = 1048576 (custom)
2019-11-17 03:52:24,058 [pool-37-thread-1] INFO  server.RaftServerConfigKeys (ConfUtils.java:logGet(43)) - raft.server.log.preallocated.size = 16384 (custom)
2019-11-17 03:52:24,058 [pool-37-thread-1] INFO  server.RaftServerConfigKeys (ConfUtils.java:logGet(43)) - raft.server.log.write.buffer.size = 33554432 (custom)
2019-11-17 03:52:24,058 [pool-37-thread-1] INFO  server.RaftServerConfigKeys (ConfUtils.java:logGet(43)) - raft.server.log.force.sync.num = 128 (default)
2019-11-17 03:52:24,059 [pool-37-thread-1] INFO  server.RaftServerConfigKeys (ConfUtils.java:logGet(43)) - raft.server.log.statemachine.data.sync = true (default)
2019-11-17 03:52:24,059 [pool-37-thread-1] INFO  server.RaftServerConfigKeys (ConfUtils.java:logGet(43)) - raft.server.log.statemachine.data.sync.timeout = 10s (default)
2019-11-17 03:52:24,059 [pool-37-thread-1] INFO  server.RaftServerConfigKeys (ConfUtils.java:logGet(43)) - raft.server.log.statemachine.data.sync.timeout.retry = -1 (default)
2019-11-17 03:52:24,059 [pool-37-thread-1] INFO  server.RaftServerConfigKeys (ConfUtils.java:logGet(43)) - raft.server.log.statemachine.data.caching.enabled = true (custom)
2019-11-17 03:52:24,060 [pool-27-thread-1] INFO  segmented.SegmentedRaftLogWorker (SegmentedRaftLogWorker.java:lambda$new$0(128)) - 184f8745-87b2-4e99-a45f-65699ea3d23a@group-8204B35E3510-SegmentedRaftLogWorker: flushIndex: setUnconditionally 0 -> -1
2019-11-17 03:52:24,060 [pool-37-thread-1] INFO  segmented.SegmentedRaftLogWorker (SegmentedRaftLogWorker.java:lambda$new$0(128)) - 32e42665-1ab0-48a3-a2c9-2acd34f32d8a@group-0B2D0A700424-SegmentedRaftLogWorker: flushIndex: setUnconditionally 0 -> -1
2019-11-17 03:52:24,064 [pool-27-thread-1] INFO  server.RaftServerConfigKeys (ConfUtils.java:logGet(43)) - raft.server.snapshot.auto.trigger.enabled = true (custom)
2019-11-17 03:52:24,064 [pool-37-thread-1] INFO  server.RaftServerConfigKeys (ConfUtils.java:logGet(43)) - raft.server.snapshot.auto.trigger.enabled = true (custom)
2019-11-17 03:52:24,066 [pool-27-thread-1] INFO  server.RaftServerConfigKeys (ConfUtils.java:logGet(43)) - raft.server.snapshot.auto.trigger.threshold = 10000 (custom)
2019-11-17 03:52:24,066 [pool-37-thread-1] INFO  server.RaftServerConfigKeys (ConfUtils.java:logGet(43)) - raft.server.snapshot.auto.trigger.threshold = 10000 (custom)
2019-11-17 03:52:24,066 [pool-27-thread-1] INFO  server.RaftServerConfigKeys (ConfUtils.java:logGet(43)) - raft.server.snapshot.retention.file.num = 5 (custom)
2019-11-17 03:52:24,066 [pool-37-thread-1] INFO  server.RaftServerConfigKeys (ConfUtils.java:logGet(43)) - raft.server.snapshot.retention.file.num = 5 (custom)
2019-11-17 03:52:24,067 [pool-27-thread-1] INFO  server.RaftServerConfigKeys (ConfUtils.java:logGet(43)) - raft.server.retrycache.expirytime = 600000ms (custom)
2019-11-17 03:52:24,067 [pool-37-thread-1] INFO  server.RaftServerConfigKeys (ConfUtils.java:logGet(43)) - raft.server.retrycache.expirytime = 600000ms (custom)
2019-11-17 03:52:24,085 [pool-37-thread-1] WARN  impl.MetricRegistriesImpl (MetricRegistriesImpl.java:lambda$create$1(61)) - First MetricRegistry has been created without registering reporters. You may need to call MetricRegistries.global().addReportRegistration(...) before.
2019-11-17 03:52:24,085 [pool-27-thread-1] WARN  impl.MetricRegistriesImpl (MetricRegistriesImpl.java:lambda$create$1(61)) - First MetricRegistry has been created without registering reporters. You may need to call MetricRegistries.global().addReportRegistration(...) before.
2019-11-17 03:52:24,086 [pool-27-thread-1] WARN  impl.MetricRegistriesImpl (MetricRegistriesImpl.java:lambda$create$1(61)) - First MetricRegistry has been created without registering reporters. You may need to call MetricRegistries.global().addReportRegistration(...) before.
2019-11-17 03:52:24,087 [pool-37-thread-1] WARN  impl.MetricRegistriesImpl (MetricRegistriesImpl.java:lambda$create$1(61)) - First MetricRegistry has been created without registering reporters. You may need to call MetricRegistries.global().addReportRegistration(...) before.
2019-11-17 03:52:24,088 [pool-27-thread-1] INFO  impl.RaftServerImpl (RaftServerImpl.java:start(184)) - 184f8745-87b2-4e99-a45f-65699ea3d23a@group-8204B35E3510: start as a follower, conf=-1: [184f8745-87b2-4e99-a45f-65699ea3d23a:192.168.157.238:46820], old=null
2019-11-17 03:52:24,088 [pool-37-thread-1] INFO  impl.RaftServerImpl (RaftServerImpl.java:start(184)) - 32e42665-1ab0-48a3-a2c9-2acd34f32d8a@group-0B2D0A700424: start as a follower, conf=-1: [32e42665-1ab0-48a3-a2c9-2acd34f32d8a:192.168.157.238:42433], old=null
2019-11-17 03:52:24,089 [pool-37-thread-1] INFO  impl.RaftServerImpl (RaftServerImpl.java:setRole(173)) - 32e42665-1ab0-48a3-a2c9-2acd34f32d8a@group-0B2D0A700424: changes role from      null to FOLLOWER at term 0 for startAsFollower
2019-11-17 03:52:24,089 [pool-27-thread-1] INFO  impl.RaftServerImpl (RaftServerImpl.java:setRole(173)) - 184f8745-87b2-4e99-a45f-65699ea3d23a@group-8204B35E3510: changes role from      null to FOLLOWER at term 0 for startAsFollower
2019-11-17 03:52:24,091 [pool-37-thread-1] INFO  impl.RoleInfo (RoleInfo.java:updateAndGet(143)) - 32e42665-1ab0-48a3-a2c9-2acd34f32d8a: start FollowerState
2019-11-17 03:52:24,091 [pool-27-thread-1] INFO  impl.RoleInfo (RoleInfo.java:updateAndGet(143)) - 184f8745-87b2-4e99-a45f-65699ea3d23a: start FollowerState
2019-11-17 03:52:24,093 [pool-27-thread-1] INFO  util.JmxRegister (JmxRegister.java:tryRegister(44)) - Successfully registered JMX Bean with object name Ratis:service=RaftServer,group=group-8204B35E3510,id=184f8745-87b2-4e99-a45f-65699ea3d23a
2019-11-17 03:52:24,093 [pool-37-thread-1] INFO  util.JmxRegister (JmxRegister.java:tryRegister(44)) - Successfully registered JMX Bean with object name Ratis:service=RaftServer,group=group-0B2D0A700424,id=32e42665-1ab0-48a3-a2c9-2acd34f32d8a
2019-11-17 03:52:24,095 [Command processor thread] INFO  impl.RaftServerProxy (RaftServerProxy.java:addNew(89)) - ba5892b9-6c59-461c-9c66-42a016b87fd7: addNew group-04223176BDA2:[ba5892b9-6c59-461c-9c66-42a016b87fd7:192.168.157.238:36872] returns group-04223176BDA2:java.util.concurrent.CompletableFuture@2eb2fcc3[Not completed]
2019-11-17 03:52:24,097 [pool-27-thread-1] WARN  impl.MetricRegistriesImpl (MetricRegistriesImpl.java:lambda$create$1(61)) - First MetricRegistry has been created without registering reporters. You may need to call MetricRegistries.global().addReportRegistration(...) before.
2019-11-17 03:52:24,097 [pool-37-thread-1] WARN  impl.MetricRegistriesImpl (MetricRegistriesImpl.java:lambda$create$1(61)) - First MetricRegistry has been created without registering reporters. You may need to call MetricRegistries.global().addReportRegistration(...) before.
2019-11-17 03:52:24,104 [main] INFO  ozone.MiniOzoneClusterImpl (MiniOzoneClusterImpl.java:lambda$waitForClusterToBeReady$0(150)) - Nodes are ready. Got 3 of 3 DN Heartbeats.
2019-11-17 03:52:24,113 [main] INFO  ozone.MiniOzoneClusterImpl (MiniOzoneClusterImpl.java:lambda$waitForClusterToBeReady$0(153)) - Waiting for cluster to exit safe mode
2019-11-17 03:52:24,114 [pool-47-thread-1] INFO  impl.RaftServerImpl (RaftServerImpl.java:<init>(98)) - ba5892b9-6c59-461c-9c66-42a016b87fd7: new RaftServerImpl for group-04223176BDA2:[ba5892b9-6c59-461c-9c66-42a016b87fd7:192.168.157.238:36872] with ContainerStateMachine:uninitialized
2019-11-17 03:52:24,115 [pool-47-thread-1] INFO  server.RaftServerConfigKeys (ConfUtils.java:logGet(43)) - raft.server.rpc.timeout.min = 5s (custom)
2019-11-17 03:52:24,115 [pool-47-thread-1] INFO  server.RaftServerConfigKeys (ConfUtils.java:logGet(43)) - raft.server.rpc.timeout.max = 5200ms (custom)
2019-11-17 03:52:24,116 [pool-47-thread-1] INFO  server.RaftServerConfigKeys (ConfUtils.java:logGet(43)) - raft.server.rpcslowness.timeout = 120s (custom)
2019-11-17 03:52:24,116 [pool-47-thread-1] INFO  server.RaftServerConfigKeys (ConfUtils.java:logGet(43)) - raft.server.sleep.deviation.threshold = 300 (default)
2019-11-17 03:52:24,116 [pool-47-thread-1] INFO  server.RaftServerConfigKeys (ConfUtils.java:logGet(43)) - raft.server.log.appender.install.snapshot.enabled = false (custom)
2019-11-17 03:52:24,116 [pool-47-thread-1] INFO  impl.RaftServerImpl (ServerState.java:<init>(103)) - ba5892b9-6c59-461c-9c66-42a016b87fd7@group-04223176BDA2: ConfigurationManager, init=-1: [ba5892b9-6c59-461c-9c66-42a016b87fd7:192.168.157.238:36872], old=null, confs=<EMPTY_MAP>
2019-11-17 03:52:24,116 [pool-47-thread-1] INFO  server.RaftServerConfigKeys (ConfUtils.java:logGet(43)) - raft.server.storage.dir = [/workdir/hadoop-ozone/tools/target/test-dir/MiniOzoneClusterImpl-9d0b20f4-8c7b-4f48-80eb-a32d4257ffa6/datanode-2/data/ratis] (custom)
2019-11-17 03:52:24,117 [pool-47-thread-1] INFO  server.RaftServerConfigKeys (ConfUtils.java:logGet(43)) - raft.server.log.corruption.policy = EXCEPTION (default)
2019-11-17 03:52:24,118 [pool-47-thread-1] INFO  storage.RaftStorageDirectory (RaftStorageDirectory.java:analyzeStorage(246)) - The storage directory /workdir/hadoop-ozone/tools/target/test-dir/MiniOzoneClusterImpl-9d0b20f4-8c7b-4f48-80eb-a32d4257ffa6/datanode-2/data/ratis/c3999109-6f34-4d20-9f6a-04223176bda2 does not exist. Creating ...
2019-11-17 03:52:24,127 [Command processor thread] INFO  commandhandler.CreatePipelineCommandHandler (CreatePipelineCommandHandler.java:handle(86)) - Create Pipeline RATIS ONE #id: "06069045-26dd-4566-b9cf-8204b35e3510"
 command succeed on datanode 184f8745-87b2-4e99-a45f-65699ea3d23a.
2019-11-17 03:52:24,127 [Command processor thread] INFO  commandhandler.CreatePipelineCommandHandler (CreatePipelineCommandHandler.java:handle(86)) - Create Pipeline RATIS ONE #id: "550ba880-02ae-468c-acfe-0b2d0a700424"
 command succeed on datanode 32e42665-1ab0-48a3-a2c9-2acd34f32d8a.
2019-11-17 03:52:24,131 [pool-47-thread-1] INFO  storage.RaftStorageDirectory (RaftStorageDirectory.java:tryLock(328)) - Lock on /workdir/hadoop-ozone/tools/target/test-dir/MiniOzoneClusterImpl-9d0b20f4-8c7b-4f48-80eb-a32d4257ffa6/datanode-2/data/ratis/c3999109-6f34-4d20-9f6a-04223176bda2/in_use.lock acquired by nodename 31276@pr-hdds-2386-9cmxp-1319188337
2019-11-17 03:52:24,133 [Command processor thread] INFO  impl.RaftServerProxy (RaftServerProxy.java:addNew(89)) - 184f8745-87b2-4e99-a45f-65699ea3d23a: addNew group-E3A6A8179DE3:[184f8745-87b2-4e99-a45f-65699ea3d23a:192.168.157.238:46820, 32e42665-1ab0-48a3-a2c9-2acd34f32d8a:192.168.157.238:42433, ba5892b9-6c59-461c-9c66-42a016b87fd7:192.168.157.238:36872] returns group-E3A6A8179DE3:java.util.concurrent.CompletableFuture@1d07e35a[Not completed]
2019-11-17 03:52:24,133 [Command processor thread] INFO  impl.RaftServerProxy (RaftServerProxy.java:addNew(89)) - 32e42665-1ab0-48a3-a2c9-2acd34f32d8a: addNew group-E3A6A8179DE3:[184f8745-87b2-4e99-a45f-65699ea3d23a:192.168.157.238:46820, 32e42665-1ab0-48a3-a2c9-2acd34f32d8a:192.168.157.238:42433, ba5892b9-6c59-461c-9c66-42a016b87fd7:192.168.157.238:36872] returns group-E3A6A8179DE3:java.util.concurrent.CompletableFuture@1aa50e0c[Not completed]
2019-11-17 03:52:24,135 [pool-27-thread-1] INFO  impl.RaftServerImpl (RaftServerImpl.java:<init>(98)) - 184f8745-87b2-4e99-a45f-65699ea3d23a: new RaftServerImpl for group-E3A6A8179DE3:[184f8745-87b2-4e99-a45f-65699ea3d23a:192.168.157.238:46820, 32e42665-1ab0-48a3-a2c9-2acd34f32d8a:192.168.157.238:42433, ba5892b9-6c59-461c-9c66-42a016b87fd7:192.168.157.238:36872] with ContainerStateMachine:uninitialized
2019-11-17 03:52:24,135 [pool-27-thread-1] INFO  server.RaftServerConfigKeys (ConfUtils.java:logGet(43)) - raft.server.rpc.timeout.min = 5s (custom)
2019-11-17 03:52:24,135 [pool-27-thread-1] INFO  server.RaftServerConfigKeys (ConfUtils.java:logGet(43)) - raft.server.rpc.timeout.max = 5200ms (custom)
2019-11-17 03:52:24,135 [pool-27-thread-1] INFO  server.RaftServerConfigKeys (ConfUtils.java:logGet(43)) - raft.server.rpcslowness.timeout = 120s (custom)
2019-11-17 03:52:24,136 [pool-27-thread-1] INFO  server.RaftServerConfigKeys (ConfUtils.java:logGet(43)) - raft.server.sleep.deviation.threshold = 300 (default)
2019-11-17 03:52:24,136 [pool-27-thread-1] INFO  server.RaftServerConfigKeys (ConfUtils.java:logGet(43)) - raft.server.log.appender.install.snapshot.enabled = false (custom)
2019-11-17 03:52:24,136 [pool-37-thread-1] INFO  impl.RaftServerImpl (RaftServerImpl.java:<init>(98)) - 32e42665-1ab0-48a3-a2c9-2acd34f32d8a: new RaftServerImpl for group-E3A6A8179DE3:[184f8745-87b2-4e99-a45f-65699ea3d23a:192.168.157.238:46820, 32e42665-1ab0-48a3-a2c9-2acd34f32d8a:192.168.157.238:42433, ba5892b9-6c59-461c-9c66-42a016b87fd7:192.168.157.238:36872] with ContainerStateMachine:uninitialized
2019-11-17 03:52:24,136 [pool-27-thread-1] INFO  impl.RaftServerImpl (ServerState.java:<init>(103)) - 184f8745-87b2-4e99-a45f-65699ea3d23a@group-E3A6A8179DE3: ConfigurationManager, init=-1: [184f8745-87b2-4e99-a45f-65699ea3d23a:192.168.157.238:46820, 32e42665-1ab0-48a3-a2c9-2acd34f32d8a:192.168.157.238:42433, ba5892b9-6c59-461c-9c66-42a016b87fd7:192.168.157.238:36872], old=null, confs=<EMPTY_MAP>
2019-11-17 03:52:24,136 [pool-47-thread-1] INFO  storage.RaftStorage (RaftStorage.java:format(84)) - Storage directory /workdir/hadoop-ozone/tools/target/test-dir/MiniOzoneClusterImpl-9d0b20f4-8c7b-4f48-80eb-a32d4257ffa6/datanode-2/data/ratis/c3999109-6f34-4d20-9f6a-04223176bda2 has been successfully formatted.
2019-11-17 03:52:24,136 [pool-37-thread-1] INFO  server.RaftServerConfigKeys (ConfUtils.java:logGet(43)) - raft.server.rpc.timeout.min = 5s (custom)
2019-11-17 03:52:24,136 [pool-27-thread-1] INFO  server.RaftServerConfigKeys (ConfUtils.java:logGet(43)) - raft.server.storage.dir = [/workdir/hadoop-ozone/tools/target/test-dir/MiniOzoneClusterImpl-9d0b20f4-8c7b-4f48-80eb-a32d4257ffa6/datanode-0/data/ratis] (custom)
2019-11-17 03:52:24,136 [pool-37-thread-1] INFO  server.RaftServerConfigKeys (ConfUtils.java:logGet(43)) - raft.server.rpc.timeout.max = 5200ms (custom)
2019-11-17 03:52:24,136 [pool-47-thread-1] INFO  ratis.ContainerStateMachine (ContainerStateMachine.java:loadSnapshot(223)) - group-04223176BDA2: The snapshot info is null. Setting the last applied indexto:(t:0, i:~)
2019-11-17 03:52:24,137 [pool-27-thread-1] INFO  server.RaftServerConfigKeys (ConfUtils.java:logGet(43)) - raft.server.log.corruption.policy = EXCEPTION (default)
2019-11-17 03:52:24,137 [pool-47-thread-1] INFO  server.RaftServerConfigKeys (ConfUtils.java:logGet(43)) - raft.server.notification.no-leader.timeout = 120s (custom)
2019-11-17 03:52:24,136 [pool-37-thread-1] INFO  server.RaftServerConfigKeys (ConfUtils.java:logGet(43)) - raft.server.rpcslowness.timeout = 120s (custom)
2019-11-17 03:52:24,137 [pool-47-thread-1] INFO  server.RaftServerConfigKeys (ConfUtils.java:logGet(43)) - raft.server.log.use.memory = false (default)
2019-11-17 03:52:24,137 [pool-27-thread-1] INFO  storage.RaftStorageDirectory (RaftStorageDirectory.java:analyzeStorage(246)) - The storage directory /workdir/hadoop-ozone/tools/target/test-dir/MiniOzoneClusterImpl-9d0b20f4-8c7b-4f48-80eb-a32d4257ffa6/datanode-0/data/ratis/0dd615ad-4b28-4130-b0e9-e3a6a8179de3 does not exist. Creating ...
2019-11-17 03:52:24,137 [pool-47-thread-1] INFO  server.RaftServerConfigKeys (ConfUtils.java:logGet(43)) - raft.server.log.purge.gap = 1000000 (custom)
2019-11-17 03:52:24,137 [pool-37-thread-1] INFO  server.RaftServerConfigKeys (ConfUtils.java:logGet(43)) - raft.server.sleep.deviation.threshold = 300 (default)
2019-11-17 03:52:24,137 [pool-47-thread-1] INFO  server.RaftServerConfigKeys (ConfUtils.java:logGet(43)) - raft.server.log.appender.buffer.byte-limit = 33554432 (custom)
2019-11-17 03:52:24,137 [pool-37-thread-1] INFO  server.RaftServerConfigKeys (ConfUtils.java:logGet(43)) - raft.server.log.appender.install.snapshot.enabled = false (custom)
2019-11-17 03:52:24,138 [pool-47-thread-1] INFO  server.RaftServerConfigKeys (ConfUtils.java:logGet(43)) - raft.server.log.segment.size.max = 1048576 (custom)
2019-11-17 03:52:24,138 [pool-37-thread-1] INFO  impl.RaftServerImpl (ServerState.java:<init>(103)) - 32e42665-1ab0-48a3-a2c9-2acd34f32d8a@group-E3A6A8179DE3: ConfigurationManager, init=-1: [184f8745-87b2-4e99-a45f-65699ea3d23a:192.168.157.238:46820, 32e42665-1ab0-48a3-a2c9-2acd34f32d8a:192.168.157.238:42433, ba5892b9-6c59-461c-9c66-42a016b87fd7:192.168.157.238:36872], old=null, confs=<EMPTY_MAP>
2019-11-17 03:52:24,138 [pool-47-thread-1] WARN  impl.MetricRegistriesImpl (MetricRegistriesImpl.java:lambda$create$1(61)) - First MetricRegistry has been created without registering reporters. You may need to call MetricRegistries.global().addReportRegistration(...) before.
2019-11-17 03:52:24,138 [pool-37-thread-1] INFO  server.RaftServerConfigKeys (ConfUtils.java:logGet(43)) - raft.server.storage.dir = [/workdir/hadoop-ozone/tools/target/test-dir/MiniOzoneClusterImpl-9d0b20f4-8c7b-4f48-80eb-a32d4257ffa6/datanode-1/data/ratis] (custom)
2019-11-17 03:52:24,138 [pool-47-thread-1] INFO  server.RaftServerConfigKeys (ConfUtils.java:logGet(43)) - raft.server.log.segment.cache.num.max = 2 (custom)
2019-11-17 03:52:24,138 [pool-37-thread-1] INFO  server.RaftServerConfigKeys (ConfUtils.java:logGet(43)) - raft.server.log.corruption.policy = EXCEPTION (default)
2019-11-17 03:52:24,138 [pool-47-thread-1] INFO  segmented.SegmentedRaftLogWorker (SegmentedRaftLogWorker.java:<init>(173)) - new ba5892b9-6c59-461c-9c66-42a016b87fd7@group-04223176BDA2-SegmentedRaftLogWorker for RaftStorage:Storage Directory /workdir/hadoop-ozone/tools/target/test-dir/MiniOzoneClusterImpl-9d0b20f4-8c7b-4f48-80eb-a32d4257ffa6/datanode-2/data/ratis/c3999109-6f34-4d20-9f6a-04223176bda2
2019-11-17 03:52:24,139 [pool-37-thread-1] INFO  storage.RaftStorageDirectory (RaftStorageDirectory.java:analyzeStorage(246)) - The storage directory /workdir/hadoop-ozone/tools/target/test-dir/MiniOzoneClusterImpl-9d0b20f4-8c7b-4f48-80eb-a32d4257ffa6/datanode-1/data/ratis/0dd615ad-4b28-4130-b0e9-e3a6a8179de3 does not exist. Creating ...
2019-11-17 03:52:24,139 [pool-47-thread-1] INFO  server.RaftServerConfigKeys (ConfUtils.java:logGet(43)) - raft.server.log.queue.byte-limit = 2147483647 (custom)
2019-11-17 03:52:24,139 [pool-47-thread-1] INFO  server.RaftServerConfigKeys (ConfUtils.java:logGet(43)) - raft.server.log.queue.element-limit = 1024 (custom)
2019-11-17 03:52:24,139 [pool-47-thread-1] INFO  server.RaftServerConfigKeys (ConfUtils.java:logGet(43)) - raft.server.log.segment.size.max = 1048576 (custom)
2019-11-17 03:52:24,139 [pool-47-thread-1] INFO  server.RaftServerConfigKeys (ConfUtils.java:logGet(43)) - raft.server.log.preallocated.size = 16384 (custom)
2019-11-17 03:52:24,139 [pool-47-thread-1] INFO  server.RaftServerConfigKeys (ConfUtils.java:logGet(43)) - raft.server.log.write.buffer.size = 33554432 (custom)
2019-11-17 03:52:24,140 [pool-47-thread-1] INFO  server.RaftServerConfigKeys (ConfUtils.java:logGet(43)) - raft.server.log.force.sync.num = 128 (default)
2019-11-17 03:52:24,140 [pool-47-thread-1] INFO  server.RaftServerConfigKeys (ConfUtils.java:logGet(43)) - raft.server.log.statemachine.data.sync = true (default)
2019-11-17 03:52:24,140 [pool-47-thread-1] INFO  server.RaftServerConfigKeys (ConfUtils.java:logGet(43)) - raft.server.log.statemachine.data.sync.timeout = 10s (default)
2019-11-17 03:52:24,140 [pool-47-thread-1] INFO  server.RaftServerConfigKeys (ConfUtils.java:logGet(43)) - raft.server.log.statemachine.data.sync.timeout.retry = -1 (default)
2019-11-17 03:52:24,141 [pool-47-thread-1] INFO  server.RaftServerConfigKeys (ConfUtils.java:logGet(43)) - raft.server.log.statemachine.data.caching.enabled = true (custom)
2019-11-17 03:52:24,141 [pool-47-thread-1] INFO  segmented.SegmentedRaftLogWorker (SegmentedRaftLogWorker.java:lambda$new$0(128)) - ba5892b9-6c59-461c-9c66-42a016b87fd7@group-04223176BDA2-SegmentedRaftLogWorker: flushIndex: setUnconditionally 0 -> -1
2019-11-17 03:52:24,141 [pool-47-thread-1] INFO  server.RaftServerConfigKeys (ConfUtils.java:logGet(43)) - raft.server.snapshot.auto.trigger.enabled = true (custom)
2019-11-17 03:52:24,142 [pool-47-thread-1] INFO  server.RaftServerConfigKeys (ConfUtils.java:logGet(43)) - raft.server.snapshot.auto.trigger.threshold = 10000 (custom)
2019-11-17 03:52:24,142 [pool-47-thread-1] INFO  server.RaftServerConfigKeys (ConfUtils.java:logGet(43)) - raft.server.snapshot.retention.file.num = 5 (custom)
2019-11-17 03:52:24,142 [pool-47-thread-1] INFO  server.RaftServerConfigKeys (ConfUtils.java:logGet(43)) - raft.server.retrycache.expirytime = 600000ms (custom)
2019-11-17 03:52:24,142 [pool-47-thread-1] WARN  impl.MetricRegistriesImpl (MetricRegistriesImpl.java:lambda$create$1(61)) - First MetricRegistry has been created without registering reporters. You may need to call MetricRegistries.global().addReportRegistration(...) before.
2019-11-17 03:52:24,142 [pool-47-thread-1] WARN  impl.MetricRegistriesImpl (MetricRegistriesImpl.java:lambda$create$1(61)) - First MetricRegistry has been created without registering reporters. You may need to call MetricRegistries.global().addReportRegistration(...) before.
2019-11-17 03:52:24,143 [pool-47-thread-1] INFO  impl.RaftServerImpl (RaftServerImpl.java:start(184)) - ba5892b9-6c59-461c-9c66-42a016b87fd7@group-04223176BDA2: start as a follower, conf=-1: [ba5892b9-6c59-461c-9c66-42a016b87fd7:192.168.157.238:36872], old=null
2019-11-17 03:52:24,143 [pool-47-thread-1] INFO  impl.RaftServerImpl (RaftServerImpl.java:setRole(173)) - ba5892b9-6c59-461c-9c66-42a016b87fd7@group-04223176BDA2: changes role from      null to FOLLOWER at term 0 for startAsFollower
2019-11-17 03:52:24,143 [pool-47-thread-1] INFO  impl.RoleInfo (RoleInfo.java:updateAndGet(143)) - ba5892b9-6c59-461c-9c66-42a016b87fd7: start FollowerState
2019-11-17 03:52:24,144 [pool-47-thread-1] INFO  util.JmxRegister (JmxRegister.java:tryRegister(44)) - Successfully registered JMX Bean with object name Ratis:service=RaftServer,group=group-04223176BDA2,id=ba5892b9-6c59-461c-9c66-42a016b87fd7
2019-11-17 03:52:24,144 [pool-47-thread-1] WARN  impl.MetricRegistriesImpl (MetricRegistriesImpl.java:lambda$create$1(61)) - First MetricRegistry has been created without registering reporters. You may need to call MetricRegistries.global().addReportRegistration(...) before.
2019-11-17 03:52:24,147 [Command processor thread] INFO  commandhandler.CreatePipelineCommandHandler (CreatePipelineCommandHandler.java:handle(86)) - Create Pipeline RATIS ONE #id: "c3999109-6f34-4d20-9f6a-04223176bda2"
 command succeed on datanode ba5892b9-6c59-461c-9c66-42a016b87fd7.
2019-11-17 03:52:24,149 [Command processor thread] INFO  impl.RaftServerProxy (RaftServerProxy.java:addNew(89)) - ba5892b9-6c59-461c-9c66-42a016b87fd7: addNew group-E3A6A8179DE3:[184f8745-87b2-4e99-a45f-65699ea3d23a:192.168.157.238:46820, 32e42665-1ab0-48a3-a2c9-2acd34f32d8a:192.168.157.238:42433, ba5892b9-6c59-461c-9c66-42a016b87fd7:192.168.157.238:36872] returns group-E3A6A8179DE3:java.util.concurrent.CompletableFuture@2a8d7dcd[Not completed]
2019-11-17 03:52:24,151 [pool-37-thread-1] INFO  storage.RaftStorageDirectory (RaftStorageDirectory.java:tryLock(328)) - Lock on /workdir/hadoop-ozone/tools/target/test-dir/MiniOzoneClusterImpl-9d0b20f4-8c7b-4f48-80eb-a32d4257ffa6/datanode-1/data/ratis/0dd615ad-4b28-4130-b0e9-e3a6a8179de3/in_use.lock acquired by nodename 31276@pr-hdds-2386-9cmxp-1319188337
2019-11-17 03:52:24,151 [pool-47-thread-1] INFO  impl.RaftServerImpl (RaftServerImpl.java:<init>(98)) - ba5892b9-6c59-461c-9c66-42a016b87fd7: new RaftServerImpl for group-E3A6A8179DE3:[184f8745-87b2-4e99-a45f-65699ea3d23a:192.168.157.238:46820, 32e42665-1ab0-48a3-a2c9-2acd34f32d8a:192.168.157.238:42433, ba5892b9-6c59-461c-9c66-42a016b87fd7:192.168.157.238:36872] with ContainerStateMachine:uninitialized
2019-11-17 03:52:24,151 [pool-27-thread-1] INFO  storage.RaftStorageDirectory (RaftStorageDirectory.java:tryLock(328)) - Lock on /workdir/hadoop-ozone/tools/target/test-dir/MiniOzoneClusterImpl-9d0b20f4-8c7b-4f48-80eb-a32d4257ffa6/datanode-0/data/ratis/0dd615ad-4b28-4130-b0e9-e3a6a8179de3/in_use.lock acquired by nodename 31276@pr-hdds-2386-9cmxp-1319188337
2019-11-17 03:52:24,154 [pool-47-thread-1] INFO  server.RaftServerConfigKeys (ConfUtils.java:logGet(43)) - raft.server.rpc.timeout.min = 5s (custom)
2019-11-17 03:52:24,154 [pool-47-thread-1] INFO  server.RaftServerConfigKeys (ConfUtils.java:logGet(43)) - raft.server.rpc.timeout.max = 5200ms (custom)
2019-11-17 03:52:24,154 [pool-47-thread-1] INFO  server.RaftServerConfigKeys (ConfUtils.java:logGet(43)) - raft.server.rpcslowness.timeout = 120s (custom)
2019-11-17 03:52:24,154 [pool-47-thread-1] INFO  server.RaftServerConfigKeys (ConfUtils.java:logGet(43)) - raft.server.sleep.deviation.threshold = 300 (default)
2019-11-17 03:52:24,154 [pool-47-thread-1] INFO  server.RaftServerConfigKeys (ConfUtils.java:logGet(43)) - raft.server.log.appender.install.snapshot.enabled = false (custom)
2019-11-17 03:52:24,154 [EventQueue-PipelineReportForPipelineReportHandler] INFO  pipeline.PipelineReportHandler (PipelineReportHandler.java:processPipelineReport(113)) - Pipeline ONE PipelineID=06069045-26dd-4566-b9cf-8204b35e3510 reported by 184f8745-87b2-4e99-a45f-65699ea3d23a{ip: 192.168.157.238, host: pr-hdds-2386-9cmxp-1319188337, networkLocation: /default-rack, certSerialId: null}
2019-11-17 03:52:24,155 [pool-47-thread-1] INFO  impl.RaftServerImpl (ServerState.java:<init>(103)) - ba5892b9-6c59-461c-9c66-42a016b87fd7@group-E3A6A8179DE3: ConfigurationManager, init=-1: [184f8745-87b2-4e99-a45f-65699ea3d23a:192.168.157.238:46820, 32e42665-1ab0-48a3-a2c9-2acd34f32d8a:192.168.157.238:42433, ba5892b9-6c59-461c-9c66-42a016b87fd7:192.168.157.238:36872], old=null, confs=<EMPTY_MAP>
2019-11-17 03:52:24,155 [EventQueue-PipelineReportForPipelineReportHandler] INFO  pipeline.PipelineStateManager (PipelineStateManager.java:openPipeline(132)) - Pipeline Pipeline[ Id: 06069045-26dd-4566-b9cf-8204b35e3510, Nodes: 184f8745-87b2-4e99-a45f-65699ea3d23a{ip: 192.168.157.238, host: pr-hdds-2386-9cmxp-1319188337, networkLocation: /default-rack, certSerialId: null}, Type:RATIS, Factor:ONE, State:ALLOCATED] moved to OPEN state
2019-11-17 03:52:24,155 [pool-47-thread-1] INFO  server.RaftServerConfigKeys (ConfUtils.java:logGet(43)) - raft.server.storage.dir = [/workdir/hadoop-ozone/tools/target/test-dir/MiniOzoneClusterImpl-9d0b20f4-8c7b-4f48-80eb-a32d4257ffa6/datanode-2/data/ratis] (custom)
2019-11-17 03:52:24,155 [pool-47-thread-1] INFO  server.RaftServerConfigKeys (ConfUtils.java:logGet(43)) - raft.server.log.corruption.policy = EXCEPTION (default)
2019-11-17 03:52:24,156 [pool-47-thread-1] INFO  storage.RaftStorageDirectory (RaftStorageDirectory.java:analyzeStorage(246)) - The storage directory /workdir/hadoop-ozone/tools/target/test-dir/MiniOzoneClusterImpl-9d0b20f4-8c7b-4f48-80eb-a32d4257ffa6/datanode-2/data/ratis/0dd615ad-4b28-4130-b0e9-e3a6a8179de3 does not exist. Creating ...
2019-11-17 03:52:24,157 [EventQueue-OpenPipelineForOneReplicaPipelineSafeModeRule] INFO  safemode.SCMSafeModeManager (SCMSafeModeManager.java:validateSafeModeExitRules(176)) - AtleastOneDatanodeReportedRule rule is successfully validated
2019-11-17 03:52:24,157 [EventQueue-PipelineReportForPipelineReportHandler] INFO  pipeline.PipelineReportHandler (PipelineReportHandler.java:processPipelineReport(113)) - Pipeline ONE PipelineID=550ba880-02ae-468c-acfe-0b2d0a700424 reported by 32e42665-1ab0-48a3-a2c9-2acd34f32d8a{ip: 192.168.157.238, host: pr-hdds-2386-9cmxp-1319188337, networkLocation: /default-rack, certSerialId: null}
2019-11-17 03:52:24,157 [EventQueue-OpenPipelineForHealthyPipelineSafeModeRule] INFO  safemode.SCMSafeModeManager (HealthyPipelineSafeModeRule.java:process(132)) - SCM in safe mode. Healthy pipelines reported count is 0, required healthy pipeline reported count is 1
2019-11-17 03:52:24,158 [EventQueue-PipelineReportForPipelineReportHandler] INFO  pipeline.PipelineStateManager (PipelineStateManager.java:openPipeline(132)) - Pipeline Pipeline[ Id: 550ba880-02ae-468c-acfe-0b2d0a700424, Nodes: 32e42665-1ab0-48a3-a2c9-2acd34f32d8a{ip: 192.168.157.238, host: pr-hdds-2386-9cmxp-1319188337, networkLocation: /default-rack, certSerialId: null}, Type:RATIS, Factor:ONE, State:ALLOCATED] moved to OPEN state
2019-11-17 03:52:24,158 [EventQueue-OpenPipelineForOneReplicaPipelineSafeModeRule] INFO  safemode.SCMSafeModeManager (SCMSafeModeManager.java:validateSafeModeExitRules(176)) - AtleastOneDatanodeReportedRule rule is successfully validated
2019-11-17 03:52:24,158 [EventQueue-PipelineReportForPipelineReportHandler] INFO  pipeline.PipelineReportHandler (PipelineReportHandler.java:processPipelineReport(113)) - Pipeline ONE PipelineID=c3999109-6f34-4d20-9f6a-04223176bda2 reported by ba5892b9-6c59-461c-9c66-42a016b87fd7{ip: 192.168.157.238, host: pr-hdds-2386-9cmxp-1319188337, networkLocation: /default-rack, certSerialId: null}
2019-11-17 03:52:24,158 [EventQueue-OpenPipelineForHealthyPipelineSafeModeRule] INFO  safemode.SCMSafeModeManager (HealthyPipelineSafeModeRule.java:process(132)) - SCM in safe mode. Healthy pipelines reported count is 0, required healthy pipeline reported count is 1
2019-11-17 03:52:24,158 [EventQueue-PipelineReportForPipelineReportHandler] INFO  pipeline.PipelineStateManager (PipelineStateManager.java:openPipeline(132)) - Pipeline Pipeline[ Id: c3999109-6f34-4d20-9f6a-04223176bda2, Nodes: ba5892b9-6c59-461c-9c66-42a016b87fd7{ip: 192.168.157.238, host: pr-hdds-2386-9cmxp-1319188337, networkLocation: /default-rack, certSerialId: null}, Type:RATIS, Factor:ONE, State:ALLOCATED] moved to OPEN state
2019-11-17 03:52:24,159 [EventQueue-OpenPipelineForOneReplicaPipelineSafeModeRule] INFO  safemode.SCMSafeModeManager (SCMSafeModeManager.java:validateSafeModeExitRules(176)) - AtleastOneDatanodeReportedRule rule is successfully validated
2019-11-17 03:52:24,159 [EventQueue-OpenPipelineForHealthyPipelineSafeModeRule] INFO  safemode.SCMSafeModeManager (HealthyPipelineSafeModeRule.java:process(132)) - SCM in safe mode. Healthy pipelines reported count is 0, required healthy pipeline reported count is 1
2019-11-17 03:52:24,166 [pool-47-thread-1] INFO  storage.RaftStorageDirectory (RaftStorageDirectory.java:tryLock(328)) - Lock on /workdir/hadoop-ozone/tools/target/test-dir/MiniOzoneClusterImpl-9d0b20f4-8c7b-4f48-80eb-a32d4257ffa6/datanode-2/data/ratis/0dd615ad-4b28-4130-b0e9-e3a6a8179de3/in_use.lock acquired by nodename 31276@pr-hdds-2386-9cmxp-1319188337
2019-11-17 03:52:24,166 [pool-37-thread-1] INFO  storage.RaftStorage (RaftStorage.java:format(84)) - Storage directory /workdir/hadoop-ozone/tools/target/test-dir/MiniOzoneClusterImpl-9d0b20f4-8c7b-4f48-80eb-a32d4257ffa6/datanode-1/data/ratis/0dd615ad-4b28-4130-b0e9-e3a6a8179de3 has been successfully formatted.
2019-11-17 03:52:24,166 [pool-27-thread-1] INFO  storage.RaftStorage (RaftStorage.java:format(84)) - Storage directory /workdir/hadoop-ozone/tools/target/test-dir/MiniOzoneClusterImpl-9d0b20f4-8c7b-4f48-80eb-a32d4257ffa6/datanode-0/data/ratis/0dd615ad-4b28-4130-b0e9-e3a6a8179de3 has been successfully formatted.
2019-11-17 03:52:24,167 [pool-37-thread-1] INFO  ratis.ContainerStateMachine (ContainerStateMachine.java:loadSnapshot(223)) - group-E3A6A8179DE3: The snapshot info is null. Setting the last applied indexto:(t:0, i:~)
2019-11-17 03:52:24,167 [pool-27-thread-1] INFO  ratis.ContainerStateMachine (ContainerStateMachine.java:loadSnapshot(223)) - group-E3A6A8179DE3: The snapshot info is null. Setting the last applied indexto:(t:0, i:~)
2019-11-17 03:52:24,167 [pool-37-thread-1] INFO  server.RaftServerConfigKeys (ConfUtils.java:logGet(43)) - raft.server.notification.no-leader.timeout = 120s (custom)
2019-11-17 03:52:24,167 [pool-27-thread-1] INFO  server.RaftServerConfigKeys (ConfUtils.java:logGet(43)) - raft.server.notification.no-leader.timeout = 120s (custom)
2019-11-17 03:52:24,167 [pool-37-thread-1] INFO  server.RaftServerConfigKeys (ConfUtils.java:logGet(43)) - raft.server.log.use.memory = false (default)
2019-11-17 03:52:24,167 [pool-27-thread-1] INFO  server.RaftServerConfigKeys (ConfUtils.java:logGet(43)) - raft.server.log.use.memory = false (default)
2019-11-17 03:52:24,168 [pool-37-thread-1] INFO  server.RaftServerConfigKeys (ConfUtils.java:logGet(43)) - raft.server.log.purge.gap = 1000000 (custom)
2019-11-17 03:52:24,168 [pool-27-thread-1] INFO  server.RaftServerConfigKeys (ConfUtils.java:logGet(43)) - raft.server.log.purge.gap = 1000000 (custom)
2019-11-17 03:52:24,168 [pool-37-thread-1] INFO  server.RaftServerConfigKeys (ConfUtils.java:logGet(43)) - raft.server.log.appender.buffer.byte-limit = 33554432 (custom)
2019-11-17 03:52:24,168 [pool-27-thread-1] INFO  server.RaftServerConfigKeys (ConfUtils.java:logGet(43)) - raft.server.log.appender.buffer.byte-limit = 33554432 (custom)
2019-11-17 03:52:24,168 [pool-37-thread-1] INFO  server.RaftServerConfigKeys (ConfUtils.java:logGet(43)) - raft.server.log.segment.size.max = 1048576 (custom)
2019-11-17 03:52:24,168 [pool-27-thread-1] INFO  server.RaftServerConfigKeys (ConfUtils.java:logGet(43)) - raft.server.log.segment.size.max = 1048576 (custom)
2019-11-17 03:52:24,168 [pool-37-thread-1] INFO  server.RaftServerConfigKeys (ConfUtils.java:logGet(43)) - raft.server.log.segment.cache.num.max = 2 (custom)
2019-11-17 03:52:24,169 [pool-27-thread-1] INFO  server.RaftServerConfigKeys (ConfUtils.java:logGet(43)) - raft.server.log.segment.cache.num.max = 2 (custom)
2019-11-17 03:52:24,169 [pool-37-thread-1] INFO  segmented.SegmentedRaftLogWorker (SegmentedRaftLogWorker.java:<init>(173)) - new 32e42665-1ab0-48a3-a2c9-2acd34f32d8a@group-E3A6A8179DE3-SegmentedRaftLogWorker for RaftStorage:Storage Directory /workdir/hadoop-ozone/tools/target/test-dir/MiniOzoneClusterImpl-9d0b20f4-8c7b-4f48-80eb-a32d4257ffa6/datanode-1/data/ratis/0dd615ad-4b28-4130-b0e9-e3a6a8179de3
2019-11-17 03:52:24,169 [pool-27-thread-1] INFO  segmented.SegmentedRaftLogWorker (SegmentedRaftLogWorker.java:<init>(173)) - new 184f8745-87b2-4e99-a45f-65699ea3d23a@group-E3A6A8179DE3-SegmentedRaftLogWorker for RaftStorage:Storage Directory /workdir/hadoop-ozone/tools/target/test-dir/MiniOzoneClusterImpl-9d0b20f4-8c7b-4f48-80eb-a32d4257ffa6/datanode-0/data/ratis/0dd615ad-4b28-4130-b0e9-e3a6a8179de3
2019-11-17 03:52:24,169 [pool-37-thread-1] INFO  server.RaftServerConfigKeys (ConfUtils.java:logGet(43)) - raft.server.log.queue.byte-limit = 2147483647 (custom)
2019-11-17 03:52:24,169 [pool-27-thread-1] INFO  server.RaftServerConfigKeys (ConfUtils.java:logGet(43)) - raft.server.log.queue.byte-limit = 2147483647 (custom)
2019-11-17 03:52:24,169 [pool-37-thread-1] INFO  server.RaftServerConfigKeys (ConfUtils.java:logGet(43)) - raft.server.log.queue.element-limit = 1024 (custom)
2019-11-17 03:52:24,169 [pool-27-thread-1] INFO  server.RaftServerConfigKeys (ConfUtils.java:logGet(43)) - raft.server.log.queue.element-limit = 1024 (custom)
2019-11-17 03:52:24,170 [pool-37-thread-1] INFO  server.RaftServerConfigKeys (ConfUtils.java:logGet(43)) - raft.server.log.segment.size.max = 1048576 (custom)
2019-11-17 03:52:24,170 [pool-27-thread-1] INFO  server.RaftServerConfigKeys (ConfUtils.java:logGet(43)) - raft.server.log.segment.size.max = 1048576 (custom)
2019-11-17 03:52:24,170 [pool-37-thread-1] INFO  server.RaftServerConfigKeys (ConfUtils.java:logGet(43)) - raft.server.log.preallocated.size = 16384 (custom)
2019-11-17 03:52:24,170 [pool-27-thread-1] INFO  server.RaftServerConfigKeys (ConfUtils.java:logGet(43)) - raft.server.log.preallocated.size = 16384 (custom)
2019-11-17 03:52:24,170 [pool-37-thread-1] INFO  server.RaftServerConfigKeys (ConfUtils.java:logGet(43)) - raft.server.log.write.buffer.size = 33554432 (custom)
2019-11-17 03:52:24,170 [pool-27-thread-1] INFO  server.RaftServerConfigKeys (ConfUtils.java:logGet(43)) - raft.server.log.write.buffer.size = 33554432 (custom)
2019-11-17 03:52:24,170 [pool-37-thread-1] INFO  server.RaftServerConfigKeys (ConfUtils.java:logGet(43)) - raft.server.log.force.sync.num = 128 (default)
2019-11-17 03:52:24,170 [pool-47-thread-1] INFO  storage.RaftStorage (RaftStorage.java:format(84)) - Storage directory /workdir/hadoop-ozone/tools/target/test-dir/MiniOzoneClusterImpl-9d0b20f4-8c7b-4f48-80eb-a32d4257ffa6/datanode-2/data/ratis/0dd615ad-4b28-4130-b0e9-e3a6a8179de3 has been successfully formatted.
2019-11-17 03:52:24,171 [pool-37-thread-1] INFO  server.RaftServerConfigKeys (ConfUtils.java:logGet(43)) - raft.server.log.statemachine.data.sync = true (default)
2019-11-17 03:52:24,171 [pool-27-thread-1] INFO  server.RaftServerConfigKeys (ConfUtils.java:logGet(43)) - raft.server.log.force.sync.num = 128 (default)
2019-11-17 03:52:24,171 [pool-47-thread-1] INFO  ratis.ContainerStateMachine (ContainerStateMachine.java:loadSnapshot(223)) - group-E3A6A8179DE3: The snapshot info is null. Setting the last applied indexto:(t:0, i:~)
2019-11-17 03:52:24,171 [pool-37-thread-1] INFO  server.RaftServerConfigKeys (ConfUtils.java:logGet(43)) - raft.server.log.statemachine.data.sync.timeout = 10s (default)
2019-11-17 03:52:24,171 [pool-47-thread-1] INFO  server.RaftServerConfigKeys (ConfUtils.java:logGet(43)) - raft.server.notification.no-leader.timeout = 120s (custom)
2019-11-17 03:52:24,171 [pool-27-thread-1] INFO  server.RaftServerConfigKeys (ConfUtils.java:logGet(43)) - raft.server.log.statemachine.data.sync = true (default)
2019-11-17 03:52:24,172 [pool-47-thread-1] INFO  server.RaftServerConfigKeys (ConfUtils.java:logGet(43)) - raft.server.log.use.memory = false (default)
2019-11-17 03:52:24,171 [pool-37-thread-1] INFO  server.RaftServerConfigKeys (ConfUtils.java:logGet(43)) - raft.server.log.statemachine.data.sync.timeout.retry = -1 (default)
2019-11-17 03:52:24,172 [pool-47-thread-1] INFO  server.RaftServerConfigKeys (ConfUtils.java:logGet(43)) - raft.server.log.purge.gap = 1000000 (custom)
2019-11-17 03:52:24,172 [pool-27-thread-1] INFO  server.RaftServerConfigKeys (ConfUtils.java:logGet(43)) - raft.server.log.statemachine.data.sync.timeout = 10s (default)
2019-11-17 03:52:24,172 [pool-47-thread-1] INFO  server.RaftServerConfigKeys (ConfUtils.java:logGet(43)) - raft.server.log.appender.buffer.byte-limit = 33554432 (custom)
2019-11-17 03:52:24,172 [pool-37-thread-1] INFO  server.RaftServerConfigKeys (ConfUtils.java:logGet(43)) - raft.server.log.statemachine.data.caching.enabled = true (custom)
2019-11-17 03:52:24,172 [pool-47-thread-1] INFO  server.RaftServerConfigKeys (ConfUtils.java:logGet(43)) - raft.server.log.segment.size.max = 1048576 (custom)
2019-11-17 03:52:24,172 [pool-27-thread-1] INFO  server.RaftServerConfigKeys (ConfUtils.java:logGet(43)) - raft.server.log.statemachine.data.sync.timeout.retry = -1 (default)
2019-11-17 03:52:24,173 [pool-37-thread-1] INFO  segmented.SegmentedRaftLogWorker (SegmentedRaftLogWorker.java:lambda$new$0(128)) - 32e42665-1ab0-48a3-a2c9-2acd34f32d8a@group-E3A6A8179DE3-SegmentedRaftLogWorker: flushIndex: setUnconditionally 0 -> -1
2019-11-17 03:52:24,173 [pool-47-thread-1] INFO  server.RaftServerConfigKeys (ConfUtils.java:logGet(43)) - raft.server.log.segment.cache.num.max = 2 (custom)
2019-11-17 03:52:24,173 [pool-27-thread-1] INFO  server.RaftServerConfigKeys (ConfUtils.java:logGet(43)) - raft.server.log.statemachine.data.caching.enabled = true (custom)
2019-11-17 03:52:24,173 [pool-37-thread-1] INFO  server.RaftServerConfigKeys (ConfUtils.java:logGet(43)) - raft.server.snapshot.auto.trigger.enabled = true (custom)
2019-11-17 03:52:24,173 [pool-47-thread-1] INFO  segmented.SegmentedRaftLogWorker (SegmentedRaftLogWorker.java:<init>(173)) - new ba5892b9-6c59-461c-9c66-42a016b87fd7@group-E3A6A8179DE3-SegmentedRaftLogWorker for RaftStorage:Storage Directory /workdir/hadoop-ozone/tools/target/test-dir/MiniOzoneClusterImpl-9d0b20f4-8c7b-4f48-80eb-a32d4257ffa6/datanode-2/data/ratis/0dd615ad-4b28-4130-b0e9-e3a6a8179de3
2019-11-17 03:52:24,174 [pool-37-thread-1] INFO  server.RaftServerConfigKeys (ConfUtils.java:logGet(43)) - raft.server.snapshot.auto.trigger.threshold = 10000 (custom)
2019-11-17 03:52:24,174 [pool-47-thread-1] INFO  server.RaftServerConfigKeys (ConfUtils.java:logGet(43)) - raft.server.log.queue.byte-limit = 2147483647 (custom)
2019-11-17 03:52:24,174 [pool-27-thread-1] INFO  segmented.SegmentedRaftLogWorker (SegmentedRaftLogWorker.java:lambda$new$0(128)) - 184f8745-87b2-4e99-a45f-65699ea3d23a@group-E3A6A8179DE3-SegmentedRaftLogWorker: flushIndex: setUnconditionally 0 -> -1
2019-11-17 03:52:24,174 [pool-47-thread-1] INFO  server.RaftServerConfigKeys (ConfUtils.java:logGet(43)) - raft.server.log.queue.element-limit = 1024 (custom)
2019-11-17 03:52:24,174 [pool-37-thread-1] INFO  server.RaftServerConfigKeys (ConfUtils.java:logGet(43)) - raft.server.snapshot.retention.file.num = 5 (custom)
2019-11-17 03:52:24,174 [pool-27-thread-1] INFO  server.RaftServerConfigKeys (ConfUtils.java:logGet(43)) - raft.server.snapshot.auto.trigger.enabled = true (custom)
2019-11-17 03:52:24,174 [pool-47-thread-1] INFO  server.RaftServerConfigKeys (ConfUtils.java:logGet(43)) - raft.server.log.segment.size.max = 1048576 (custom)
2019-11-17 03:52:24,175 [pool-27-thread-1] INFO  server.RaftServerConfigKeys (ConfUtils.java:logGet(43)) - raft.server.snapshot.auto.trigger.threshold = 10000 (custom)
2019-11-17 03:52:24,175 [pool-37-thread-1] INFO  server.RaftServerConfigKeys (ConfUtils.java:logGet(43)) - raft.server.retrycache.expirytime = 600000ms (custom)
2019-11-17 03:52:24,175 [pool-27-thread-1] INFO  server.RaftServerConfigKeys (ConfUtils.java:logGet(43)) - raft.server.snapshot.retention.file.num = 5 (custom)
2019-11-17 03:52:24,175 [pool-47-thread-1] INFO  server.RaftServerConfigKeys (ConfUtils.java:logGet(43)) - raft.server.log.preallocated.size = 16384 (custom)
2019-11-17 03:52:24,176 [pool-27-thread-1] INFO  server.RaftServerConfigKeys (ConfUtils.java:logGet(43)) - raft.server.retrycache.expirytime = 600000ms (custom)
2019-11-17 03:52:24,175 [pool-37-thread-1] WARN  impl.MetricRegistriesImpl (MetricRegistriesImpl.java:lambda$create$1(61)) - First MetricRegistry has been created without registering reporters. You may need to call MetricRegistries.global().addReportRegistration(...) before.
2019-11-17 03:52:24,176 [pool-27-thread-1] WARN  impl.MetricRegistriesImpl (MetricRegistriesImpl.java:lambda$create$1(61)) - First MetricRegistry has been created without registering reporters. You may need to call MetricRegistries.global().addReportRegistration(...) before.
2019-11-17 03:52:24,176 [pool-47-thread-1] INFO  server.RaftServerConfigKeys (ConfUtils.java:logGet(43)) - raft.server.log.write.buffer.size = 33554432 (custom)
2019-11-17 03:52:24,176 [pool-27-thread-1] WARN  impl.MetricRegistriesImpl (MetricRegistriesImpl.java:lambda$create$1(61)) - First MetricRegistry has been created without registering reporters. You may need to call MetricRegistries.global().addReportRegistration(...) before.
2019-11-17 03:52:24,176 [pool-37-thread-1] WARN  impl.MetricRegistriesImpl (MetricRegistriesImpl.java:lambda$create$1(61)) - First MetricRegistry has been created without registering reporters. You may need to call MetricRegistries.global().addReportRegistration(...) before.
2019-11-17 03:52:24,177 [pool-27-thread-1] INFO  impl.RaftServerImpl (RaftServerImpl.java:start(184)) - 184f8745-87b2-4e99-a45f-65699ea3d23a@group-E3A6A8179DE3: start as a follower, conf=-1: [184f8745-87b2-4e99-a45f-65699ea3d23a:192.168.157.238:46820, 32e42665-1ab0-48a3-a2c9-2acd34f32d8a:192.168.157.238:42433, ba5892b9-6c59-461c-9c66-42a016b87fd7:192.168.157.238:36872], old=null
2019-11-17 03:52:24,176 [pool-47-thread-1] INFO  server.RaftServerConfigKeys (ConfUtils.java:logGet(43)) - raft.server.log.force.sync.num = 128 (default)
2019-11-17 03:52:24,177 [pool-27-thread-1] INFO  impl.RaftServerImpl (RaftServerImpl.java:setRole(173)) - 184f8745-87b2-4e99-a45f-65699ea3d23a@group-E3A6A8179DE3: changes role from      null to FOLLOWER at term 0 for startAsFollower
2019-11-17 03:52:24,177 [pool-37-thread-1] INFO  impl.RaftServerImpl (RaftServerImpl.java:start(184)) - 32e42665-1ab0-48a3-a2c9-2acd34f32d8a@group-E3A6A8179DE3: start as a follower, conf=-1: [184f8745-87b2-4e99-a45f-65699ea3d23a:192.168.157.238:46820, 32e42665-1ab0-48a3-a2c9-2acd34f32d8a:192.168.157.238:42433, ba5892b9-6c59-461c-9c66-42a016b87fd7:192.168.157.238:36872], old=null
2019-11-17 03:52:24,177 [pool-27-thread-1] INFO  impl.RoleInfo (RoleInfo.java:updateAndGet(143)) - 184f8745-87b2-4e99-a45f-65699ea3d23a: start FollowerState
2019-11-17 03:52:24,177 [pool-47-thread-1] INFO  server.RaftServerConfigKeys (ConfUtils.java:logGet(43)) - raft.server.log.statemachine.data.sync = true (default)
2019-11-17 03:52:24,177 [pool-37-thread-1] INFO  impl.RaftServerImpl (RaftServerImpl.java:setRole(173)) - 32e42665-1ab0-48a3-a2c9-2acd34f32d8a@group-E3A6A8179DE3: changes role from      null to FOLLOWER at term 0 for startAsFollower
2019-11-17 03:52:24,177 [pool-47-thread-1] INFO  server.RaftServerConfigKeys (ConfUtils.java:logGet(43)) - raft.server.log.statemachine.data.sync.timeout = 10s (default)
2019-11-17 03:52:24,178 [pool-27-thread-1] INFO  util.JmxRegister (JmxRegister.java:tryRegister(44)) - Successfully registered JMX Bean with object name Ratis:service=RaftServer,group=group-E3A6A8179DE3,id=184f8745-87b2-4e99-a45f-65699ea3d23a
2019-11-17 03:52:24,178 [pool-37-thread-1] INFO  impl.RoleInfo (RoleInfo.java:updateAndGet(143)) - 32e42665-1ab0-48a3-a2c9-2acd34f32d8a: start FollowerState
2019-11-17 03:52:24,179 [pool-27-thread-1] WARN  impl.MetricRegistriesImpl (MetricRegistriesImpl.java:lambda$create$1(61)) - First MetricRegistry has been created without registering reporters. You may need to call MetricRegistries.global().addReportRegistration(...) before.
2019-11-17 03:52:24,178 [pool-47-thread-1] INFO  server.RaftServerConfigKeys (ConfUtils.java:logGet(43)) - raft.server.log.statemachine.data.sync.timeout.retry = -1 (default)
2019-11-17 03:52:24,183 [pool-37-thread-1] INFO  util.JmxRegister (JmxRegister.java:tryRegister(44)) - Successfully registered JMX Bean with object name Ratis:service=RaftServer,group=group-E3A6A8179DE3,id=32e42665-1ab0-48a3-a2c9-2acd34f32d8a
2019-11-17 03:52:24,183 [pool-47-thread-1] INFO  server.RaftServerConfigKeys (ConfUtils.java:logGet(43)) - raft.server.log.statemachine.data.caching.enabled = true (custom)
2019-11-17 03:52:24,183 [pool-37-thread-1] WARN  impl.MetricRegistriesImpl (MetricRegistriesImpl.java:lambda$create$1(61)) - First MetricRegistry has been created without registering reporters. You may need to call MetricRegistries.global().addReportRegistration(...) before.
2019-11-17 03:52:24,184 [pool-47-thread-1] INFO  segmented.SegmentedRaftLogWorker (SegmentedRaftLogWorker.java:lambda$new$0(128)) - ba5892b9-6c59-461c-9c66-42a016b87fd7@group-E3A6A8179DE3-SegmentedRaftLogWorker: flushIndex: setUnconditionally 0 -> -1
2019-11-17 03:52:24,184 [Command processor thread] INFO  commandhandler.CreatePipelineCommandHandler (CreatePipelineCommandHandler.java:handle(86)) - Create Pipeline RATIS THREE #id: "0dd615ad-4b28-4130-b0e9-e3a6a8179de3"
 command succeed on datanode 184f8745-87b2-4e99-a45f-65699ea3d23a.
2019-11-17 03:52:24,184 [pool-47-thread-1] INFO  server.RaftServerConfigKeys (ConfUtils.java:logGet(43)) - raft.server.snapshot.auto.trigger.enabled = true (custom)
2019-11-17 03:52:24,184 [Command processor thread] INFO  commandhandler.CreatePipelineCommandHandler (CreatePipelineCommandHandler.java:handle(86)) - Create Pipeline RATIS THREE #id: "0dd615ad-4b28-4130-b0e9-e3a6a8179de3"
 command succeed on datanode 32e42665-1ab0-48a3-a2c9-2acd34f32d8a.
2019-11-17 03:52:24,184 [pool-47-thread-1] INFO  server.RaftServerConfigKeys (ConfUtils.java:logGet(43)) - raft.server.snapshot.auto.trigger.threshold = 10000 (custom)
2019-11-17 03:52:24,185 [pool-47-thread-1] INFO  server.RaftServerConfigKeys (ConfUtils.java:logGet(43)) - raft.server.snapshot.retention.file.num = 5 (custom)
2019-11-17 03:52:24,186 [pool-47-thread-1] INFO  server.RaftServerConfigKeys (ConfUtils.java:logGet(43)) - raft.server.retrycache.expirytime = 600000ms (custom)
2019-11-17 03:52:24,186 [pool-47-thread-1] WARN  impl.MetricRegistriesImpl (MetricRegistriesImpl.java:lambda$create$1(61)) - First MetricRegistry has been created without registering reporters. You may need to call MetricRegistries.global().addReportRegistration(...) before.
2019-11-17 03:52:24,186 [pool-47-thread-1] WARN  impl.MetricRegistriesImpl (MetricRegistriesImpl.java:lambda$create$1(61)) - First MetricRegistry has been created without registering reporters. You may need to call MetricRegistries.global().addReportRegistration(...) before.
2019-11-17 03:52:24,186 [pool-47-thread-1] INFO  impl.RaftServerImpl (RaftServerImpl.java:start(184)) - ba5892b9-6c59-461c-9c66-42a016b87fd7@group-E3A6A8179DE3: start as a follower, conf=-1: [184f8745-87b2-4e99-a45f-65699ea3d23a:192.168.157.238:46820, 32e42665-1ab0-48a3-a2c9-2acd34f32d8a:192.168.157.238:42433, ba5892b9-6c59-461c-9c66-42a016b87fd7:192.168.157.238:36872], old=null
2019-11-17 03:52:24,186 [pool-47-thread-1] INFO  impl.RaftServerImpl (RaftServerImpl.java:setRole(173)) - ba5892b9-6c59-461c-9c66-42a016b87fd7@group-E3A6A8179DE3: changes role from      null to FOLLOWER at term 0 for startAsFollower
2019-11-17 03:52:24,190 [pool-47-thread-1] INFO  impl.RoleInfo (RoleInfo.java:updateAndGet(143)) - ba5892b9-6c59-461c-9c66-42a016b87fd7: start FollowerState
2019-11-17 03:52:24,190 [pool-47-thread-1] INFO  util.JmxRegister (JmxRegister.java:tryRegister(44)) - Successfully registered JMX Bean with object name Ratis:service=RaftServer,group=group-E3A6A8179DE3,id=ba5892b9-6c59-461c-9c66-42a016b87fd7
2019-11-17 03:52:24,194 [pool-47-thread-1] WARN  impl.MetricRegistriesImpl (MetricRegistriesImpl.java:lambda$create$1(61)) - First MetricRegistry has been created without registering reporters. You may need to call MetricRegistries.global().addReportRegistration(...) before.
2019-11-17 03:52:24,195 [EventQueue-PipelineReportForPipelineReportHandler] INFO  pipeline.PipelineReportHandler (PipelineReportHandler.java:processPipelineReport(113)) - Pipeline THREE PipelineID=0dd615ad-4b28-4130-b0e9-e3a6a8179de3 reported by 184f8745-87b2-4e99-a45f-65699ea3d23a{ip: 192.168.157.238, host: pr-hdds-2386-9cmxp-1319188337, networkLocation: /default-rack, certSerialId: null}
2019-11-17 03:52:24,198 [EventQueue-PipelineReportForPipelineReportHandler] INFO  pipeline.PipelineReportHandler (PipelineReportHandler.java:processPipelineReport(113)) - Pipeline THREE PipelineID=0dd615ad-4b28-4130-b0e9-e3a6a8179de3 reported by 32e42665-1ab0-48a3-a2c9-2acd34f32d8a{ip: 192.168.157.238, host: pr-hdds-2386-9cmxp-1319188337, networkLocation: /default-rack, certSerialId: null}
2019-11-17 03:52:24,198 [Command processor thread] INFO  commandhandler.CreatePipelineCommandHandler (CreatePipelineCommandHandler.java:handle(86)) - Create Pipeline RATIS THREE #id: "0dd615ad-4b28-4130-b0e9-e3a6a8179de3"
 command succeed on datanode ba5892b9-6c59-461c-9c66-42a016b87fd7.
2019-11-17 03:52:24,238 [EventQueue-PipelineReportForPipelineReportHandler] INFO  pipeline.PipelineReportHandler (PipelineReportHandler.java:processPipelineReport(113)) - Pipeline THREE PipelineID=0dd615ad-4b28-4130-b0e9-e3a6a8179de3 reported by ba5892b9-6c59-461c-9c66-42a016b87fd7{ip: 192.168.157.238, host: pr-hdds-2386-9cmxp-1319188337, networkLocation: /default-rack, certSerialId: null}
2019-11-17 03:52:25,114 [main] INFO  ozone.MiniOzoneClusterImpl (MiniOzoneClusterImpl.java:lambda$waitForClusterToBeReady$0(150)) - Nodes are ready. Got 3 of 3 DN Heartbeats.
2019-11-17 03:52:25,114 [main] INFO  ozone.MiniOzoneClusterImpl (MiniOzoneClusterImpl.java:lambda$waitForClusterToBeReady$0(153)) - Waiting for cluster to exit safe mode
2019-11-17 03:52:26,115 [main] INFO  ozone.MiniOzoneClusterImpl (MiniOzoneClusterImpl.java:lambda$waitForClusterToBeReady$0(150)) - Nodes are ready. Got 3 of 3 DN Heartbeats.
2019-11-17 03:52:26,115 [main] INFO  ozone.MiniOzoneClusterImpl (MiniOzoneClusterImpl.java:lambda$waitForClusterToBeReady$0(153)) - Waiting for cluster to exit safe mode
2019-11-17 03:52:27,116 [main] INFO  ozone.MiniOzoneClusterImpl (MiniOzoneClusterImpl.java:lambda$waitForClusterToBeReady$0(150)) - Nodes are ready. Got 3 of 3 DN Heartbeats.
2019-11-17 03:52:27,116 [main] INFO  ozone.MiniOzoneClusterImpl (MiniOzoneClusterImpl.java:lambda$waitForClusterToBeReady$0(153)) - Waiting for cluster to exit safe mode
2019-11-17 03:52:28,117 [main] INFO  ozone.MiniOzoneClusterImpl (MiniOzoneClusterImpl.java:lambda$waitForClusterToBeReady$0(150)) - Nodes are ready. Got 3 of 3 DN Heartbeats.
2019-11-17 03:52:28,117 [main] INFO  ozone.MiniOzoneClusterImpl (MiniOzoneClusterImpl.java:lambda$waitForClusterToBeReady$0(153)) - Waiting for cluster to exit safe mode
2019-11-17 03:52:29,117 [main] INFO  ozone.MiniOzoneClusterImpl (MiniOzoneClusterImpl.java:lambda$waitForClusterToBeReady$0(150)) - Nodes are ready. Got 3 of 3 DN Heartbeats.
2019-11-17 03:52:29,118 [main] INFO  ozone.MiniOzoneClusterImpl (MiniOzoneClusterImpl.java:lambda$waitForClusterToBeReady$0(153)) - Waiting for cluster to exit safe mode
2019-11-17 03:52:29,135 [Thread-181] INFO  impl.FollowerState (FollowerState.java:run(111)) - 32e42665-1ab0-48a3-a2c9-2acd34f32d8a@group-0B2D0A700424-FollowerState: change to CANDIDATE, lastRpcTime:5044ms, electionTimeout:5043ms
2019-11-17 03:52:29,138 [Thread-181] INFO  impl.RoleInfo (RoleInfo.java:shutdownFollowerState(121)) - 32e42665-1ab0-48a3-a2c9-2acd34f32d8a: shutdown FollowerState
2019-11-17 03:52:29,138 [Thread-181] INFO  impl.RaftServerImpl (RaftServerImpl.java:setRole(173)) - 32e42665-1ab0-48a3-a2c9-2acd34f32d8a@group-0B2D0A700424: changes role from  FOLLOWER to CANDIDATE at term 0 for changeToCandidate
2019-11-17 03:52:29,143 [Thread-181] INFO  impl.RoleInfo (RoleInfo.java:updateAndGet(143)) - 32e42665-1ab0-48a3-a2c9-2acd34f32d8a: start LeaderElection
2019-11-17 03:52:29,158 [Thread-183] INFO  impl.FollowerState (FollowerState.java:run(111)) - ba5892b9-6c59-461c-9c66-42a016b87fd7@group-04223176BDA2-FollowerState: change to CANDIDATE, lastRpcTime:5014ms, electionTimeout:5014ms
2019-11-17 03:52:29,159 [Thread-183] INFO  impl.RoleInfo (RoleInfo.java:shutdownFollowerState(121)) - ba5892b9-6c59-461c-9c66-42a016b87fd7: shutdown FollowerState
2019-11-17 03:52:29,159 [Thread-183] INFO  impl.RaftServerImpl (RaftServerImpl.java:setRole(173)) - ba5892b9-6c59-461c-9c66-42a016b87fd7@group-04223176BDA2: changes role from  FOLLOWER to CANDIDATE at term 0 for changeToCandidate
2019-11-17 03:52:29,159 [Thread-183] INFO  impl.RoleInfo (RoleInfo.java:updateAndGet(143)) - ba5892b9-6c59-461c-9c66-42a016b87fd7: start LeaderElection
2019-11-17 03:52:29,170 [32e42665-1ab0-48a3-a2c9-2acd34f32d8a@group-0B2D0A700424-LeaderElection1] INFO  impl.LeaderElection (LeaderElection.java:askForVotes(178)) - 32e42665-1ab0-48a3-a2c9-2acd34f32d8a@group-0B2D0A700424-LeaderElection1: begin an election at term 1 for -1: [32e42665-1ab0-48a3-a2c9-2acd34f32d8a:192.168.157.238:42433], old=null
2019-11-17 03:52:29,171 [Thread-180] INFO  impl.FollowerState (FollowerState.java:run(111)) - 184f8745-87b2-4e99-a45f-65699ea3d23a@group-8204B35E3510-FollowerState: change to CANDIDATE, lastRpcTime:5080ms, electionTimeout:5079ms
2019-11-17 03:52:29,171 [Thread-180] INFO  impl.RoleInfo (RoleInfo.java:shutdownFollowerState(121)) - 184f8745-87b2-4e99-a45f-65699ea3d23a: shutdown FollowerState
2019-11-17 03:52:29,171 [Thread-180] INFO  impl.RaftServerImpl (RaftServerImpl.java:setRole(173)) - 184f8745-87b2-4e99-a45f-65699ea3d23a@group-8204B35E3510: changes role from  FOLLOWER to CANDIDATE at term 0 for changeToCandidate
2019-11-17 03:52:29,171 [Thread-180] INFO  impl.RoleInfo (RoleInfo.java:updateAndGet(143)) - 184f8745-87b2-4e99-a45f-65699ea3d23a: start LeaderElection
2019-11-17 03:52:29,172 [32e42665-1ab0-48a3-a2c9-2acd34f32d8a@group-0B2D0A700424-LeaderElection1] INFO  impl.RoleInfo (RoleInfo.java:shutdownLeaderElection(134)) - 32e42665-1ab0-48a3-a2c9-2acd34f32d8a: shutdown LeaderElection
2019-11-17 03:52:29,175 [32e42665-1ab0-48a3-a2c9-2acd34f32d8a@group-0B2D0A700424-LeaderElection1] INFO  impl.RaftServerImpl (RaftServerImpl.java:setRole(173)) - 32e42665-1ab0-48a3-a2c9-2acd34f32d8a@group-0B2D0A700424: changes role from CANDIDATE to LEADER at term 1 for changeToLeader
2019-11-17 03:52:29,175 [32e42665-1ab0-48a3-a2c9-2acd34f32d8a@group-0B2D0A700424-LeaderElection1] INFO  ratis.XceiverServerRatis (XceiverServerRatis.java:handleLeaderChangedNotification(733)) - Leader change notification received for group: group-0B2D0A700424 with new leaderId: 32e42665-1ab0-48a3-a2c9-2acd34f32d8a
2019-11-17 03:52:29,175 [32e42665-1ab0-48a3-a2c9-2acd34f32d8a@group-0B2D0A700424-LeaderElection1] INFO  impl.RaftServerImpl (ServerState.java:setLeader(255)) - 32e42665-1ab0-48a3-a2c9-2acd34f32d8a@group-0B2D0A700424: change Leader from null to 32e42665-1ab0-48a3-a2c9-2acd34f32d8a at term 1 for becomeLeader, leader elected after 5119ms
2019-11-17 03:52:29,180 [EventQueue-PipelineReportForPipelineReportHandler] INFO  pipeline.PipelineReportHandler (PipelineReportHandler.java:processPipelineReport(113)) - Pipeline THREE PipelineID=0dd615ad-4b28-4130-b0e9-e3a6a8179de3 reported by 32e42665-1ab0-48a3-a2c9-2acd34f32d8a{ip: 192.168.157.238, host: pr-hdds-2386-9cmxp-1319188337, networkLocation: /default-rack, certSerialId: null}
2019-11-17 03:52:29,183 [32e42665-1ab0-48a3-a2c9-2acd34f32d8a@group-0B2D0A700424-LeaderElection1] INFO  server.RaftServerConfigKeys (ConfUtils.java:logGet(43)) - raft.server.staging.catchup.gap = 1000 (default)
2019-11-17 03:52:29,183 [32e42665-1ab0-48a3-a2c9-2acd34f32d8a@group-0B2D0A700424-LeaderElection1] INFO  server.RaftServerConfigKeys (ConfUtils.java:logGet(43)) - raft.server.rpc.sleep.time = 25ms (default)
2019-11-17 03:52:29,189 [32e42665-1ab0-48a3-a2c9-2acd34f32d8a@group-0B2D0A700424-LeaderElection1] INFO  server.RaftServerConfigKeys (ConfUtils.java:logGet(43)) - raft.server.write.element-limit = 4096 (default)
2019-11-17 03:52:29,192 [184f8745-87b2-4e99-a45f-65699ea3d23a@group-8204B35E3510-LeaderElection3] INFO  impl.LeaderElection (LeaderElection.java:askForVotes(178)) - 184f8745-87b2-4e99-a45f-65699ea3d23a@group-8204B35E3510-LeaderElection3: begin an election at term 1 for -1: [184f8745-87b2-4e99-a45f-65699ea3d23a:192.168.157.238:46820], old=null
2019-11-17 03:52:29,192 [ba5892b9-6c59-461c-9c66-42a016b87fd7@group-04223176BDA2-LeaderElection2] INFO  impl.LeaderElection (LeaderElection.java:askForVotes(178)) - ba5892b9-6c59-461c-9c66-42a016b87fd7@group-04223176BDA2-LeaderElection2: begin an election at term 1 for -1: [ba5892b9-6c59-461c-9c66-42a016b87fd7:192.168.157.238:36872], old=null
2019-11-17 03:52:29,196 [184f8745-87b2-4e99-a45f-65699ea3d23a@group-8204B35E3510-LeaderElection3] INFO  impl.RoleInfo (RoleInfo.java:shutdownLeaderElection(134)) - 184f8745-87b2-4e99-a45f-65699ea3d23a: shutdown LeaderElection
2019-11-17 03:52:29,196 [ba5892b9-6c59-461c-9c66-42a016b87fd7@group-04223176BDA2-LeaderElection2] INFO  impl.RoleInfo (RoleInfo.java:shutdownLeaderElection(134)) - ba5892b9-6c59-461c-9c66-42a016b87fd7: shutdown LeaderElection
2019-11-17 03:52:29,196 [184f8745-87b2-4e99-a45f-65699ea3d23a@group-8204B35E3510-LeaderElection3] INFO  impl.RaftServerImpl (RaftServerImpl.java:setRole(173)) - 184f8745-87b2-4e99-a45f-65699ea3d23a@group-8204B35E3510: changes role from CANDIDATE to LEADER at term 1 for changeToLeader
2019-11-17 03:52:29,196 [ba5892b9-6c59-461c-9c66-42a016b87fd7@group-04223176BDA2-LeaderElection2] INFO  impl.RaftServerImpl (RaftServerImpl.java:setRole(173)) - ba5892b9-6c59-461c-9c66-42a016b87fd7@group-04223176BDA2: changes role from CANDIDATE to LEADER at term 1 for changeToLeader
2019-11-17 03:52:29,197 [184f8745-87b2-4e99-a45f-65699ea3d23a@group-8204B35E3510-LeaderElection3] INFO  ratis.XceiverServerRatis (XceiverServerRatis.java:handleLeaderChangedNotification(733)) - Leader change notification received for group: group-8204B35E3510 with new leaderId: 184f8745-87b2-4e99-a45f-65699ea3d23a
2019-11-17 03:52:29,197 [ba5892b9-6c59-461c-9c66-42a016b87fd7@group-04223176BDA2-LeaderElection2] INFO  ratis.XceiverServerRatis (XceiverServerRatis.java:handleLeaderChangedNotification(733)) - Leader change notification received for group: group-04223176BDA2 with new leaderId: ba5892b9-6c59-461c-9c66-42a016b87fd7
2019-11-17 03:52:29,197 [184f8745-87b2-4e99-a45f-65699ea3d23a@group-8204B35E3510-LeaderElection3] INFO  impl.RaftServerImpl (ServerState.java:setLeader(255)) - 184f8745-87b2-4e99-a45f-65699ea3d23a@group-8204B35E3510: change Leader from null to 184f8745-87b2-4e99-a45f-65699ea3d23a at term 1 for becomeLeader, leader elected after 5188ms
2019-11-17 03:52:29,197 [184f8745-87b2-4e99-a45f-65699ea3d23a@group-8204B35E3510-LeaderElection3] INFO  server.RaftServerConfigKeys (ConfUtils.java:logGet(43)) - raft.server.staging.catchup.gap = 1000 (default)
2019-11-17 03:52:29,197 [ba5892b9-6c59-461c-9c66-42a016b87fd7@group-04223176BDA2-LeaderElection2] INFO  impl.RaftServerImpl (ServerState.java:setLeader(255)) - ba5892b9-6c59-461c-9c66-42a016b87fd7@group-04223176BDA2: change Leader from null to ba5892b9-6c59-461c-9c66-42a016b87fd7 at term 1 for becomeLeader, leader elected after 5060ms
2019-11-17 03:52:29,197 [184f8745-87b2-4e99-a45f-65699ea3d23a@group-8204B35E3510-LeaderElection3] INFO  server.RaftServerConfigKeys (ConfUtils.java:logGet(43)) - raft.server.rpc.sleep.time = 25ms (default)
2019-11-17 03:52:29,197 [ba5892b9-6c59-461c-9c66-42a016b87fd7@group-04223176BDA2-LeaderElection2] INFO  server.RaftServerConfigKeys (ConfUtils.java:logGet(43)) - raft.server.staging.catchup.gap = 1000 (default)
2019-11-17 03:52:29,199 [ba5892b9-6c59-461c-9c66-42a016b87fd7@group-04223176BDA2-LeaderElection2] INFO  server.RaftServerConfigKeys (ConfUtils.java:logGet(43)) - raft.server.rpc.sleep.time = 25ms (default)
2019-11-17 03:52:29,199 [184f8745-87b2-4e99-a45f-65699ea3d23a@group-8204B35E3510-LeaderElection3] INFO  server.RaftServerConfigKeys (ConfUtils.java:logGet(43)) - raft.server.write.element-limit = 4096 (default)
2019-11-17 03:52:29,199 [Thread-188] INFO  impl.FollowerState (FollowerState.java:run(111)) - 184f8745-87b2-4e99-a45f-65699ea3d23a@group-E3A6A8179DE3-FollowerState: change to CANDIDATE, lastRpcTime:5021ms, electionTimeout:5021ms
2019-11-17 03:52:29,200 [ba5892b9-6c59-461c-9c66-42a016b87fd7@group-04223176BDA2-LeaderElection2] INFO  server.RaftServerConfigKeys (ConfUtils.java:logGet(43)) - raft.server.write.element-limit = 4096 (default)
2019-11-17 03:52:29,201 [Thread-188] INFO  impl.RoleInfo (RoleInfo.java:shutdownFollowerState(121)) - 184f8745-87b2-4e99-a45f-65699ea3d23a: shutdown FollowerState
2019-11-17 03:52:29,201 [Thread-188] INFO  impl.RaftServerImpl (RaftServerImpl.java:setRole(173)) - 184f8745-87b2-4e99-a45f-65699ea3d23a@group-E3A6A8179DE3: changes role from  FOLLOWER to CANDIDATE at term 0 for changeToCandidate
2019-11-17 03:52:29,201 [EventQueue-PipelineReportForPipelineReportHandler] INFO  pipeline.PipelineReportHandler (PipelineReportHandler.java:processPipelineReport(113)) - Pipeline THREE PipelineID=0dd615ad-4b28-4130-b0e9-e3a6a8179de3 reported by 184f8745-87b2-4e99-a45f-65699ea3d23a{ip: 192.168.157.238, host: pr-hdds-2386-9cmxp-1319188337, networkLocation: /default-rack, certSerialId: null}
2019-11-17 03:52:29,201 [Thread-188] INFO  impl.RoleInfo (RoleInfo.java:updateAndGet(143)) - 184f8745-87b2-4e99-a45f-65699ea3d23a: start LeaderElection
2019-11-17 03:52:29,202 [EventQueue-PipelineReportForPipelineReportHandler] INFO  pipeline.PipelineReportHandler (PipelineReportHandler.java:processPipelineReport(113)) - Pipeline THREE PipelineID=0dd615ad-4b28-4130-b0e9-e3a6a8179de3 reported by ba5892b9-6c59-461c-9c66-42a016b87fd7{ip: 192.168.157.238, host: pr-hdds-2386-9cmxp-1319188337, networkLocation: /default-rack, certSerialId: null}
2019-11-17 03:52:29,202 [184f8745-87b2-4e99-a45f-65699ea3d23a@group-8204B35E3510-LeaderElection3] INFO  server.RaftServerConfigKeys (ConfUtils.java:logGet(43)) - raft.server.watch.timeout = 10s (default)
2019-11-17 03:52:29,203 [32e42665-1ab0-48a3-a2c9-2acd34f32d8a@group-0B2D0A700424-LeaderElection1] INFO  server.RaftServerConfigKeys (ConfUtils.java:logGet(43)) - raft.server.watch.timeout = 10s (default)
2019-11-17 03:52:29,203 [ba5892b9-6c59-461c-9c66-42a016b87fd7@group-04223176BDA2-LeaderElection2] INFO  server.RaftServerConfigKeys (ConfUtils.java:logGet(43)) - raft.server.watch.timeout = 10s (default)
2019-11-17 03:52:29,204 [32e42665-1ab0-48a3-a2c9-2acd34f32d8a@group-0B2D0A700424-LeaderElection1] INFO  server.RaftServerConfigKeys (ConfUtils.java:logGet(43)) - raft.server.watch.timeout.denomination = 1s (default)
2019-11-17 03:52:29,204 [184f8745-87b2-4e99-a45f-65699ea3d23a@group-8204B35E3510-LeaderElection3] INFO  server.RaftServerConfigKeys (ConfUtils.java:logGet(43)) - raft.server.watch.timeout.denomination = 1s (default)
2019-11-17 03:52:29,204 [ba5892b9-6c59-461c-9c66-42a016b87fd7@group-04223176BDA2-LeaderElection2] INFO  server.RaftServerConfigKeys (ConfUtils.java:logGet(43)) - raft.server.watch.timeout.denomination = 1s (default)
2019-11-17 03:52:29,205 [32e42665-1ab0-48a3-a2c9-2acd34f32d8a@group-0B2D0A700424-LeaderElection1] INFO  server.RaftServerConfigKeys (ConfUtils.java:logGet(43)) - raft.server.watch.element-limit = 65536 (default)
2019-11-17 03:52:29,205 [184f8745-87b2-4e99-a45f-65699ea3d23a@group-8204B35E3510-LeaderElection3] INFO  server.RaftServerConfigKeys (ConfUtils.java:logGet(43)) - raft.server.watch.element-limit = 65536 (default)
2019-11-17 03:52:29,206 [ba5892b9-6c59-461c-9c66-42a016b87fd7@group-04223176BDA2-LeaderElection2] INFO  server.RaftServerConfigKeys (ConfUtils.java:logGet(43)) - raft.server.watch.element-limit = 65536 (default)
2019-11-17 03:52:29,217 [184f8745-87b2-4e99-a45f-65699ea3d23a@group-8204B35E3510-LeaderElection3] INFO  impl.RoleInfo (RoleInfo.java:updateAndGet(143)) - 184f8745-87b2-4e99-a45f-65699ea3d23a: start LeaderState
2019-11-17 03:52:29,217 [32e42665-1ab0-48a3-a2c9-2acd34f32d8a@group-0B2D0A700424-LeaderElection1] INFO  impl.RoleInfo (RoleInfo.java:updateAndGet(143)) - 32e42665-1ab0-48a3-a2c9-2acd34f32d8a: start LeaderState
2019-11-17 03:52:29,217 [ba5892b9-6c59-461c-9c66-42a016b87fd7@group-04223176BDA2-LeaderElection2] INFO  impl.RoleInfo (RoleInfo.java:updateAndGet(143)) - ba5892b9-6c59-461c-9c66-42a016b87fd7: start LeaderState
2019-11-17 03:52:29,227 [184f8745-87b2-4e99-a45f-65699ea3d23a@group-E3A6A8179DE3-LeaderElection4] INFO  impl.LeaderElection (LeaderElection.java:askForVotes(178)) - 184f8745-87b2-4e99-a45f-65699ea3d23a@group-E3A6A8179DE3-LeaderElection4: begin an election at term 1 for -1: [184f8745-87b2-4e99-a45f-65699ea3d23a:192.168.157.238:46820, 32e42665-1ab0-48a3-a2c9-2acd34f32d8a:192.168.157.238:42433, ba5892b9-6c59-461c-9c66-42a016b87fd7:192.168.157.238:36872], old=null
2019-11-17 03:52:29,248 [ba5892b9-6c59-461c-9c66-42a016b87fd7@group-04223176BDA2-LeaderElection2] INFO  segmented.SegmentedRaftLogWorker (SegmentedRaftLogWorker.java:startLogSegment(385)) - ba5892b9-6c59-461c-9c66-42a016b87fd7@group-04223176BDA2-SegmentedRaftLogWorker: Starting segment from index:0
2019-11-17 03:52:29,248 [32e42665-1ab0-48a3-a2c9-2acd34f32d8a@group-0B2D0A700424-LeaderElection1] INFO  segmented.SegmentedRaftLogWorker (SegmentedRaftLogWorker.java:startLogSegment(385)) - 32e42665-1ab0-48a3-a2c9-2acd34f32d8a@group-0B2D0A700424-SegmentedRaftLogWorker: Starting segment from index:0
2019-11-17 03:52:29,249 [184f8745-87b2-4e99-a45f-65699ea3d23a@group-8204B35E3510-LeaderElection3] INFO  segmented.SegmentedRaftLogWorker (SegmentedRaftLogWorker.java:startLogSegment(385)) - 184f8745-87b2-4e99-a45f-65699ea3d23a@group-8204B35E3510-SegmentedRaftLogWorker: Starting segment from index:0
2019-11-17 03:52:29,279 [184f8745-87b2-4e99-a45f-65699ea3d23a@group-8204B35E3510-LeaderElection3] INFO  impl.RaftServerImpl (ServerState.java:setRaftConf(356)) - 184f8745-87b2-4e99-a45f-65699ea3d23a@group-8204B35E3510: set configuration 0: [184f8745-87b2-4e99-a45f-65699ea3d23a:192.168.157.238:46820], old=null at 0
2019-11-17 03:52:29,279 [ba5892b9-6c59-461c-9c66-42a016b87fd7@group-04223176BDA2-LeaderElection2] INFO  impl.RaftServerImpl (ServerState.java:setRaftConf(356)) - ba5892b9-6c59-461c-9c66-42a016b87fd7@group-04223176BDA2: set configuration 0: [ba5892b9-6c59-461c-9c66-42a016b87fd7:192.168.157.238:36872], old=null at 0
2019-11-17 03:52:29,279 [32e42665-1ab0-48a3-a2c9-2acd34f32d8a@group-0B2D0A700424-LeaderElection1] INFO  impl.RaftServerImpl (ServerState.java:setRaftConf(356)) - 32e42665-1ab0-48a3-a2c9-2acd34f32d8a@group-0B2D0A700424: set configuration 0: [32e42665-1ab0-48a3-a2c9-2acd34f32d8a:192.168.157.238:42433], old=null at 0
2019-11-17 03:52:29,286 [Thread-191] INFO  impl.FollowerState (FollowerState.java:run(111)) - ba5892b9-6c59-461c-9c66-42a016b87fd7@group-E3A6A8179DE3-FollowerState: change to CANDIDATE, lastRpcTime:5097ms, electionTimeout:5096ms
2019-11-17 03:52:29,286 [Thread-191] INFO  impl.RoleInfo (RoleInfo.java:shutdownFollowerState(121)) - ba5892b9-6c59-461c-9c66-42a016b87fd7: shutdown FollowerState
2019-11-17 03:52:29,287 [Thread-191] INFO  impl.RaftServerImpl (RaftServerImpl.java:setRole(173)) - ba5892b9-6c59-461c-9c66-42a016b87fd7@group-E3A6A8179DE3: changes role from  FOLLOWER to CANDIDATE at term 0 for changeToCandidate
2019-11-17 03:52:29,287 [Thread-191] INFO  impl.RoleInfo (RoleInfo.java:updateAndGet(143)) - ba5892b9-6c59-461c-9c66-42a016b87fd7: start LeaderElection
2019-11-17 03:52:29,312 [ba5892b9-6c59-461c-9c66-42a016b87fd7@group-E3A6A8179DE3-LeaderElection5] INFO  impl.LeaderElection (LeaderElection.java:askForVotes(178)) - ba5892b9-6c59-461c-9c66-42a016b87fd7@group-E3A6A8179DE3-LeaderElection5: begin an election at term 1 for -1: [184f8745-87b2-4e99-a45f-65699ea3d23a:192.168.157.238:46820, 32e42665-1ab0-48a3-a2c9-2acd34f32d8a:192.168.157.238:42433, ba5892b9-6c59-461c-9c66-42a016b87fd7:192.168.157.238:36872], old=null
2019-11-17 03:52:29,318 [Thread-189] INFO  impl.FollowerState (FollowerState.java:run(111)) - 32e42665-1ab0-48a3-a2c9-2acd34f32d8a@group-E3A6A8179DE3-FollowerState: change to CANDIDATE, lastRpcTime:5140ms, electionTimeout:5135ms
2019-11-17 03:52:29,318 [Thread-189] INFO  impl.RoleInfo (RoleInfo.java:shutdownFollowerState(121)) - 32e42665-1ab0-48a3-a2c9-2acd34f32d8a: shutdown FollowerState
2019-11-17 03:52:29,319 [Thread-189] INFO  impl.RaftServerImpl (RaftServerImpl.java:setRole(173)) - 32e42665-1ab0-48a3-a2c9-2acd34f32d8a@group-E3A6A8179DE3: changes role from  FOLLOWER to CANDIDATE at term 0 for changeToCandidate
2019-11-17 03:52:29,319 [Thread-189] INFO  impl.RoleInfo (RoleInfo.java:updateAndGet(143)) - 32e42665-1ab0-48a3-a2c9-2acd34f32d8a: start LeaderElection
2019-11-17 03:52:29,344 [32e42665-1ab0-48a3-a2c9-2acd34f32d8a@group-E3A6A8179DE3-LeaderElection6] INFO  impl.LeaderElection (LeaderElection.java:askForVotes(178)) - 32e42665-1ab0-48a3-a2c9-2acd34f32d8a@group-E3A6A8179DE3-LeaderElection6: begin an election at term 1 for -1: [184f8745-87b2-4e99-a45f-65699ea3d23a:192.168.157.238:46820, 32e42665-1ab0-48a3-a2c9-2acd34f32d8a:192.168.157.238:42433, ba5892b9-6c59-461c-9c66-42a016b87fd7:192.168.157.238:36872], old=null
2019-11-17 03:52:29,462 [ba5892b9-6c59-461c-9c66-42a016b87fd7@group-04223176BDA2-SegmentedRaftLogWorker] INFO  segmented.SegmentedRaftLogWorker (SegmentedRaftLogWorker.java:execute(576)) - ba5892b9-6c59-461c-9c66-42a016b87fd7@group-04223176BDA2-SegmentedRaftLogWorker: created new log segment /workdir/hadoop-ozone/tools/target/test-dir/MiniOzoneClusterImpl-9d0b20f4-8c7b-4f48-80eb-a32d4257ffa6/datanode-2/data/ratis/c3999109-6f34-4d20-9f6a-04223176bda2/current/log_inprogress_0
2019-11-17 03:52:29,462 [184f8745-87b2-4e99-a45f-65699ea3d23a@group-8204B35E3510-SegmentedRaftLogWorker] INFO  segmented.SegmentedRaftLogWorker (SegmentedRaftLogWorker.java:execute(576)) - 184f8745-87b2-4e99-a45f-65699ea3d23a@group-8204B35E3510-SegmentedRaftLogWorker: created new log segment /workdir/hadoop-ozone/tools/target/test-dir/MiniOzoneClusterImpl-9d0b20f4-8c7b-4f48-80eb-a32d4257ffa6/datanode-0/data/ratis/06069045-26dd-4566-b9cf-8204b35e3510/current/log_inprogress_0
2019-11-17 03:52:29,462 [32e42665-1ab0-48a3-a2c9-2acd34f32d8a@group-0B2D0A700424-SegmentedRaftLogWorker] INFO  segmented.SegmentedRaftLogWorker (SegmentedRaftLogWorker.java:execute(576)) - 32e42665-1ab0-48a3-a2c9-2acd34f32d8a@group-0B2D0A700424-SegmentedRaftLogWorker: created new log segment /workdir/hadoop-ozone/tools/target/test-dir/MiniOzoneClusterImpl-9d0b20f4-8c7b-4f48-80eb-a32d4257ffa6/datanode-1/data/ratis/550ba880-02ae-468c-acfe-0b2d0a700424/current/log_inprogress_0
2019-11-17 03:52:29,685 [ba5892b9-6c59-461c-9c66-42a016b87fd7@group-E3A6A8179DE3-LeaderElection5] INFO  impl.LeaderElection (LeaderElection.java:logAndReturn(56)) - ba5892b9-6c59-461c-9c66-42a016b87fd7@group-E3A6A8179DE3-LeaderElection5: Election REJECTED; received 2 response(s) [ba5892b9-6c59-461c-9c66-42a016b87fd7<-184f8745-87b2-4e99-a45f-65699ea3d23a#0:FAIL-t1, ba5892b9-6c59-461c-9c66-42a016b87fd7<-32e42665-1ab0-48a3-a2c9-2acd34f32d8a#0:FAIL-t1] and 0 exception(s); ba5892b9-6c59-461c-9c66-42a016b87fd7@group-E3A6A8179DE3:t1, leader=null, voted=ba5892b9-6c59-461c-9c66-42a016b87fd7, raftlog=ba5892b9-6c59-461c-9c66-42a016b87fd7@group-E3A6A8179DE3-SegmentedRaftLog:OPENED:c-1,f-1,i0, conf=-1: [184f8745-87b2-4e99-a45f-65699ea3d23a:192.168.157.238:46820, 32e42665-1ab0-48a3-a2c9-2acd34f32d8a:192.168.157.238:42433, ba5892b9-6c59-461c-9c66-42a016b87fd7:192.168.157.238:36872], old=null
2019-11-17 03:52:29,685 [32e42665-1ab0-48a3-a2c9-2acd34f32d8a@group-E3A6A8179DE3-LeaderElection6] INFO  impl.LeaderElection (LeaderElection.java:logAndReturn(56)) - 32e42665-1ab0-48a3-a2c9-2acd34f32d8a@group-E3A6A8179DE3-LeaderElection6: Election REJECTED; received 2 response(s) [32e42665-1ab0-48a3-a2c9-2acd34f32d8a<-184f8745-87b2-4e99-a45f-65699ea3d23a#0:FAIL-t1, 32e42665-1ab0-48a3-a2c9-2acd34f32d8a<-ba5892b9-6c59-461c-9c66-42a016b87fd7#0:FAIL-t1] and 0 exception(s); 32e42665-1ab0-48a3-a2c9-2acd34f32d8a@group-E3A6A8179DE3:t1, leader=null, voted=32e42665-1ab0-48a3-a2c9-2acd34f32d8a, raftlog=32e42665-1ab0-48a3-a2c9-2acd34f32d8a@group-E3A6A8179DE3-SegmentedRaftLog:OPENED:c-1,f-1,i0, conf=-1: [184f8745-87b2-4e99-a45f-65699ea3d23a:192.168.157.238:46820, 32e42665-1ab0-48a3-a2c9-2acd34f32d8a:192.168.157.238:42433, ba5892b9-6c59-461c-9c66-42a016b87fd7:192.168.157.238:36872], old=null
2019-11-17 03:52:29,685 [184f8745-87b2-4e99-a45f-65699ea3d23a@group-E3A6A8179DE3-LeaderElection4] INFO  impl.LeaderElection (LeaderElection.java:logAndReturn(56)) - 184f8745-87b2-4e99-a45f-65699ea3d23a@group-E3A6A8179DE3-LeaderElection4: Election REJECTED; received 2 response(s) [184f8745-87b2-4e99-a45f-65699ea3d23a<-32e42665-1ab0-48a3-a2c9-2acd34f32d8a#0:FAIL-t1, 184f8745-87b2-4e99-a45f-65699ea3d23a<-ba5892b9-6c59-461c-9c66-42a016b87fd7#0:FAIL-t1] and 0 exception(s); 184f8745-87b2-4e99-a45f-65699ea3d23a@group-E3A6A8179DE3:t1, leader=null, voted=184f8745-87b2-4e99-a45f-65699ea3d23a, raftlog=184f8745-87b2-4e99-a45f-65699ea3d23a@group-E3A6A8179DE3-SegmentedRaftLog:OPENED:c-1,f-1,i0, conf=-1: [184f8745-87b2-4e99-a45f-65699ea3d23a:192.168.157.238:46820, 32e42665-1ab0-48a3-a2c9-2acd34f32d8a:192.168.157.238:42433, ba5892b9-6c59-461c-9c66-42a016b87fd7:192.168.157.238:36872], old=null
2019-11-17 03:52:29,688 [ba5892b9-6c59-461c-9c66-42a016b87fd7@group-E3A6A8179DE3-LeaderElection5] INFO  impl.RaftServerImpl (RaftServerImpl.java:setRole(173)) - ba5892b9-6c59-461c-9c66-42a016b87fd7@group-E3A6A8179DE3: changes role from CANDIDATE to FOLLOWER at term 1 for DISCOVERED_A_NEW_TERM
2019-11-17 03:52:29,689 [32e42665-1ab0-48a3-a2c9-2acd34f32d8a@group-E3A6A8179DE3-LeaderElection6] INFO  impl.RaftServerImpl (RaftServerImpl.java:setRole(173)) - 32e42665-1ab0-48a3-a2c9-2acd34f32d8a@group-E3A6A8179DE3: changes role from CANDIDATE to FOLLOWER at term 1 for DISCOVERED_A_NEW_TERM
2019-11-17 03:52:29,690 [ba5892b9-6c59-461c-9c66-42a016b87fd7@group-E3A6A8179DE3-LeaderElection5] INFO  impl.RoleInfo (RoleInfo.java:shutdownLeaderElection(134)) - ba5892b9-6c59-461c-9c66-42a016b87fd7: shutdown LeaderElection
2019-11-17 03:52:29,690 [184f8745-87b2-4e99-a45f-65699ea3d23a@group-E3A6A8179DE3-LeaderElection4] INFO  impl.RaftServerImpl (RaftServerImpl.java:setRole(173)) - 184f8745-87b2-4e99-a45f-65699ea3d23a@group-E3A6A8179DE3: changes role from CANDIDATE to FOLLOWER at term 1 for DISCOVERED_A_NEW_TERM
2019-11-17 03:52:29,692 [ba5892b9-6c59-461c-9c66-42a016b87fd7@group-E3A6A8179DE3-LeaderElection5] INFO  impl.RoleInfo (RoleInfo.java:updateAndGet(143)) - ba5892b9-6c59-461c-9c66-42a016b87fd7: start FollowerState
2019-11-17 03:52:29,691 [32e42665-1ab0-48a3-a2c9-2acd34f32d8a@group-E3A6A8179DE3-LeaderElection6] INFO  impl.RoleInfo (RoleInfo.java:shutdownLeaderElection(134)) - 32e42665-1ab0-48a3-a2c9-2acd34f32d8a: shutdown LeaderElection
2019-11-17 03:52:29,692 [184f8745-87b2-4e99-a45f-65699ea3d23a@group-E3A6A8179DE3-LeaderElection4] INFO  impl.RoleInfo (RoleInfo.java:shutdownLeaderElection(134)) - 184f8745-87b2-4e99-a45f-65699ea3d23a: shutdown LeaderElection
2019-11-17 03:52:29,693 [32e42665-1ab0-48a3-a2c9-2acd34f32d8a@group-E3A6A8179DE3-LeaderElection6] INFO  impl.RoleInfo (RoleInfo.java:updateAndGet(143)) - 32e42665-1ab0-48a3-a2c9-2acd34f32d8a: start FollowerState
2019-11-17 03:52:29,693 [184f8745-87b2-4e99-a45f-65699ea3d23a@group-E3A6A8179DE3-LeaderElection4] INFO  impl.RoleInfo (RoleInfo.java:updateAndGet(143)) - 184f8745-87b2-4e99-a45f-65699ea3d23a: start FollowerState
2019-11-17 03:52:30,118 [main] INFO  ozone.MiniOzoneClusterImpl (MiniOzoneClusterImpl.java:lambda$waitForClusterToBeReady$0(150)) - Nodes are ready. Got 3 of 3 DN Heartbeats.
2019-11-17 03:52:30,119 [main] INFO  ozone.MiniOzoneClusterImpl (MiniOzoneClusterImpl.java:lambda$waitForClusterToBeReady$0(153)) - Waiting for cluster to exit safe mode
2019-11-17 03:52:31,119 [main] INFO  ozone.MiniOzoneClusterImpl (MiniOzoneClusterImpl.java:lambda$waitForClusterToBeReady$0(150)) - Nodes are ready. Got 3 of 3 DN Heartbeats.
2019-11-17 03:52:31,120 [main] INFO  ozone.MiniOzoneClusterImpl (MiniOzoneClusterImpl.java:lambda$waitForClusterToBeReady$0(153)) - Waiting for cluster to exit safe mode
2019-11-17 03:52:32,120 [main] INFO  ozone.MiniOzoneClusterImpl (MiniOzoneClusterImpl.java:lambda$waitForClusterToBeReady$0(150)) - Nodes are ready. Got 3 of 3 DN Heartbeats.
2019-11-17 03:52:32,121 [main] INFO  ozone.MiniOzoneClusterImpl (MiniOzoneClusterImpl.java:lambda$waitForClusterToBeReady$0(153)) - Waiting for cluster to exit safe mode
2019-11-17 03:52:33,121 [main] INFO  ozone.MiniOzoneClusterImpl (MiniOzoneClusterImpl.java:lambda$waitForClusterToBeReady$0(150)) - Nodes are ready. Got 3 of 3 DN Heartbeats.
2019-11-17 03:52:33,121 [main] INFO  ozone.MiniOzoneClusterImpl (MiniOzoneClusterImpl.java:lambda$waitForClusterToBeReady$0(153)) - Waiting for cluster to exit safe mode
2019-11-17 03:52:34,122 [main] INFO  ozone.MiniOzoneClusterImpl (MiniOzoneClusterImpl.java:lambda$waitForClusterToBeReady$0(150)) - Nodes are ready. Got 3 of 3 DN Heartbeats.
2019-11-17 03:52:34,122 [main] INFO  ozone.MiniOzoneClusterImpl (MiniOzoneClusterImpl.java:lambda$waitForClusterToBeReady$0(153)) - Waiting for cluster to exit safe mode
2019-11-17 03:52:34,711 [Thread-209] INFO  impl.FollowerState (FollowerState.java:run(111)) - 184f8745-87b2-4e99-a45f-65699ea3d23a@group-E3A6A8179DE3-FollowerState: change to CANDIDATE, lastRpcTime:5017ms, electionTimeout:5016ms
2019-11-17 03:52:34,711 [Thread-209] INFO  impl.RoleInfo (RoleInfo.java:shutdownFollowerState(121)) - 184f8745-87b2-4e99-a45f-65699ea3d23a: shutdown FollowerState
2019-11-17 03:52:34,711 [Thread-209] INFO  impl.RaftServerImpl (RaftServerImpl.java:setRole(173)) - 184f8745-87b2-4e99-a45f-65699ea3d23a@group-E3A6A8179DE3: changes role from  FOLLOWER to CANDIDATE at term 1 for changeToCandidate
2019-11-17 03:52:34,712 [Thread-209] INFO  impl.RoleInfo (RoleInfo.java:updateAndGet(143)) - 184f8745-87b2-4e99-a45f-65699ea3d23a: start LeaderElection
2019-11-17 03:52:34,749 [Thread-208] INFO  impl.FollowerState (FollowerState.java:run(111)) - 32e42665-1ab0-48a3-a2c9-2acd34f32d8a@group-E3A6A8179DE3-FollowerState: change to CANDIDATE, lastRpcTime:5056ms, electionTimeout:5056ms
2019-11-17 03:52:34,749 [Thread-208] INFO  impl.RoleInfo (RoleInfo.java:shutdownFollowerState(121)) - 32e42665-1ab0-48a3-a2c9-2acd34f32d8a: shutdown FollowerState
2019-11-17 03:52:34,749 [Thread-208] INFO  impl.RaftServerImpl (RaftServerImpl.java:setRole(173)) - 32e42665-1ab0-48a3-a2c9-2acd34f32d8a@group-E3A6A8179DE3: changes role from  FOLLOWER to CANDIDATE at term 1 for changeToCandidate
2019-11-17 03:52:34,750 [Thread-208] INFO  impl.RoleInfo (RoleInfo.java:updateAndGet(143)) - 32e42665-1ab0-48a3-a2c9-2acd34f32d8a: start LeaderElection
2019-11-17 03:52:34,768 [184f8745-87b2-4e99-a45f-65699ea3d23a@group-E3A6A8179DE3-LeaderElection7] INFO  impl.LeaderElection (LeaderElection.java:askForVotes(178)) - 184f8745-87b2-4e99-a45f-65699ea3d23a@group-E3A6A8179DE3-LeaderElection7: begin an election at term 2 for -1: [184f8745-87b2-4e99-a45f-65699ea3d23a:192.168.157.238:46820, 32e42665-1ab0-48a3-a2c9-2acd34f32d8a:192.168.157.238:42433, ba5892b9-6c59-461c-9c66-42a016b87fd7:192.168.157.238:36872], old=null
2019-11-17 03:52:34,777 [32e42665-1ab0-48a3-a2c9-2acd34f32d8a@group-E3A6A8179DE3-LeaderElection8] INFO  impl.LeaderElection (LeaderElection.java:askForVotes(178)) - 32e42665-1ab0-48a3-a2c9-2acd34f32d8a@group-E3A6A8179DE3-LeaderElection8: begin an election at term 2 for -1: [184f8745-87b2-4e99-a45f-65699ea3d23a:192.168.157.238:46820, 32e42665-1ab0-48a3-a2c9-2acd34f32d8a:192.168.157.238:42433, ba5892b9-6c59-461c-9c66-42a016b87fd7:192.168.157.238:36872], old=null
2019-11-17 03:52:34,777 [grpc-default-executor-4] INFO  impl.RaftServerImpl (RaftServerImpl.java:setRole(173)) - ba5892b9-6c59-461c-9c66-42a016b87fd7@group-E3A6A8179DE3: changes role from  FOLLOWER to FOLLOWER at term 2 for recognizeCandidate:184f8745-87b2-4e99-a45f-65699ea3d23a
2019-11-17 03:52:34,777 [grpc-default-executor-4] INFO  impl.RoleInfo (RoleInfo.java:shutdownFollowerState(121)) - ba5892b9-6c59-461c-9c66-42a016b87fd7: shutdown FollowerState
2019-11-17 03:52:34,778 [Thread-207] INFO  impl.FollowerState (FollowerState.java:run(120)) - ba5892b9-6c59-461c-9c66-42a016b87fd7@group-E3A6A8179DE3-FollowerState was interrupted: java.lang.InterruptedException: sleep interrupted
2019-11-17 03:52:34,778 [grpc-default-executor-4] INFO  impl.RoleInfo (RoleInfo.java:updateAndGet(143)) - ba5892b9-6c59-461c-9c66-42a016b87fd7: start FollowerState
2019-11-17 03:52:34,828 [32e42665-1ab0-48a3-a2c9-2acd34f32d8a@group-E3A6A8179DE3-LeaderElection8] INFO  impl.LeaderElection (LeaderElection.java:logAndReturn(56)) - 32e42665-1ab0-48a3-a2c9-2acd34f32d8a@group-E3A6A8179DE3-LeaderElection8: Election REJECTED; received 2 response(s) [32e42665-1ab0-48a3-a2c9-2acd34f32d8a<-184f8745-87b2-4e99-a45f-65699ea3d23a#0:FAIL-t2, 32e42665-1ab0-48a3-a2c9-2acd34f32d8a<-ba5892b9-6c59-461c-9c66-42a016b87fd7#0:FAIL-t2] and 0 exception(s); 32e42665-1ab0-48a3-a2c9-2acd34f32d8a@group-E3A6A8179DE3:t2, leader=null, voted=32e42665-1ab0-48a3-a2c9-2acd34f32d8a, raftlog=32e42665-1ab0-48a3-a2c9-2acd34f32d8a@group-E3A6A8179DE3-SegmentedRaftLog:OPENED:c-1,f-1,i0, conf=-1: [184f8745-87b2-4e99-a45f-65699ea3d23a:192.168.157.238:46820, 32e42665-1ab0-48a3-a2c9-2acd34f32d8a:192.168.157.238:42433, ba5892b9-6c59-461c-9c66-42a016b87fd7:192.168.157.238:36872], old=null
2019-11-17 03:52:34,829 [32e42665-1ab0-48a3-a2c9-2acd34f32d8a@group-E3A6A8179DE3-LeaderElection8] INFO  impl.RaftServerImpl (RaftServerImpl.java:setRole(173)) - 32e42665-1ab0-48a3-a2c9-2acd34f32d8a@group-E3A6A8179DE3: changes role from CANDIDATE to FOLLOWER at term 2 for DISCOVERED_A_NEW_TERM
2019-11-17 03:52:34,830 [32e42665-1ab0-48a3-a2c9-2acd34f32d8a@group-E3A6A8179DE3-LeaderElection8] INFO  impl.RoleInfo (RoleInfo.java:shutdownLeaderElection(134)) - 32e42665-1ab0-48a3-a2c9-2acd34f32d8a: shutdown LeaderElection
2019-11-17 03:52:34,830 [32e42665-1ab0-48a3-a2c9-2acd34f32d8a@group-E3A6A8179DE3-LeaderElection8] INFO  impl.RoleInfo (RoleInfo.java:updateAndGet(143)) - 32e42665-1ab0-48a3-a2c9-2acd34f32d8a: start FollowerState
2019-11-17 03:52:34,834 [184f8745-87b2-4e99-a45f-65699ea3d23a@group-E3A6A8179DE3-LeaderElection7] INFO  impl.LeaderElection (LeaderElection.java:logAndReturn(56)) - 184f8745-87b2-4e99-a45f-65699ea3d23a@group-E3A6A8179DE3-LeaderElection7: Election PASSED; received 2 response(s) [184f8745-87b2-4e99-a45f-65699ea3d23a<-32e42665-1ab0-48a3-a2c9-2acd34f32d8a#0:FAIL-t2, 184f8745-87b2-4e99-a45f-65699ea3d23a<-ba5892b9-6c59-461c-9c66-42a016b87fd7#0:OK-t2] and 0 exception(s); 184f8745-87b2-4e99-a45f-65699ea3d23a@group-E3A6A8179DE3:t2, leader=null, voted=184f8745-87b2-4e99-a45f-65699ea3d23a, raftlog=184f8745-87b2-4e99-a45f-65699ea3d23a@group-E3A6A8179DE3-SegmentedRaftLog:OPENED:c-1,f-1,i0, conf=-1: [184f8745-87b2-4e99-a45f-65699ea3d23a:192.168.157.238:46820, 32e42665-1ab0-48a3-a2c9-2acd34f32d8a:192.168.157.238:42433, ba5892b9-6c59-461c-9c66-42a016b87fd7:192.168.157.238:36872], old=null
2019-11-17 03:52:34,835 [184f8745-87b2-4e99-a45f-65699ea3d23a@group-E3A6A8179DE3-LeaderElection7] INFO  impl.RoleInfo (RoleInfo.java:shutdownLeaderElection(134)) - 184f8745-87b2-4e99-a45f-65699ea3d23a: shutdown LeaderElection
2019-11-17 03:52:34,836 [184f8745-87b2-4e99-a45f-65699ea3d23a@group-E3A6A8179DE3-LeaderElection7] INFO  impl.RaftServerImpl (RaftServerImpl.java:setRole(173)) - 184f8745-87b2-4e99-a45f-65699ea3d23a@group-E3A6A8179DE3: changes role from CANDIDATE to LEADER at term 2 for changeToLeader
2019-11-17 03:52:34,836 [184f8745-87b2-4e99-a45f-65699ea3d23a@group-E3A6A8179DE3-LeaderElection7] INFO  ratis.XceiverServerRatis (XceiverServerRatis.java:handleLeaderChangedNotification(733)) - Leader change notification received for group: group-E3A6A8179DE3 with new leaderId: 184f8745-87b2-4e99-a45f-65699ea3d23a
2019-11-17 03:52:34,836 [184f8745-87b2-4e99-a45f-65699ea3d23a@group-E3A6A8179DE3-LeaderElection7] INFO  impl.RaftServerImpl (ServerState.java:setLeader(255)) - 184f8745-87b2-4e99-a45f-65699ea3d23a@group-E3A6A8179DE3: change Leader from null to 184f8745-87b2-4e99-a45f-65699ea3d23a at term 2 for becomeLeader, leader elected after 10668ms
2019-11-17 03:52:34,836 [184f8745-87b2-4e99-a45f-65699ea3d23a@group-E3A6A8179DE3-LeaderElection7] INFO  server.RaftServerConfigKeys (ConfUtils.java:logGet(43)) - raft.server.staging.catchup.gap = 1000 (default)
2019-11-17 03:52:34,836 [184f8745-87b2-4e99-a45f-65699ea3d23a@group-E3A6A8179DE3-LeaderElection7] INFO  server.RaftServerConfigKeys (ConfUtils.java:logGet(43)) - raft.server.rpc.sleep.time = 25ms (default)
2019-11-17 03:52:34,837 [184f8745-87b2-4e99-a45f-65699ea3d23a@group-E3A6A8179DE3-LeaderElection7] INFO  server.RaftServerConfigKeys (ConfUtils.java:logGet(43)) - raft.server.write.element-limit = 4096 (default)
2019-11-17 03:52:34,837 [184f8745-87b2-4e99-a45f-65699ea3d23a@group-E3A6A8179DE3-LeaderElection7] INFO  server.RaftServerConfigKeys (ConfUtils.java:logGet(43)) - raft.server.watch.timeout = 10s (default)
2019-11-17 03:52:34,837 [184f8745-87b2-4e99-a45f-65699ea3d23a@group-E3A6A8179DE3-LeaderElection7] INFO  server.RaftServerConfigKeys (ConfUtils.java:logGet(43)) - raft.server.watch.timeout.denomination = 1s (default)
2019-11-17 03:52:34,837 [184f8745-87b2-4e99-a45f-65699ea3d23a@group-E3A6A8179DE3-LeaderElection7] INFO  server.RaftServerConfigKeys (ConfUtils.java:logGet(43)) - raft.server.watch.element-limit = 65536 (default)
2019-11-17 03:52:34,838 [EventQueue-PipelineReportForPipelineReportHandler] INFO  pipeline.PipelineReportHandler (PipelineReportHandler.java:processPipelineReport(113)) - Pipeline THREE PipelineID=0dd615ad-4b28-4130-b0e9-e3a6a8179de3 reported by 184f8745-87b2-4e99-a45f-65699ea3d23a{ip: 192.168.157.238, host: pr-hdds-2386-9cmxp-1319188337, networkLocation: /default-rack, certSerialId: null}
2019-11-17 03:52:34,839 [EventQueue-PipelineReportForPipelineReportHandler] INFO  pipeline.PipelineStateManager (PipelineStateManager.java:openPipeline(132)) - Pipeline Pipeline[ Id: 0dd615ad-4b28-4130-b0e9-e3a6a8179de3, Nodes: ba5892b9-6c59-461c-9c66-42a016b87fd7{ip: 192.168.157.238, host: pr-hdds-2386-9cmxp-1319188337, networkLocation: /default-rack, certSerialId: null}184f8745-87b2-4e99-a45f-65699ea3d23a{ip: 192.168.157.238, host: pr-hdds-2386-9cmxp-1319188337, networkLocation: /default-rack, certSerialId: null}32e42665-1ab0-48a3-a2c9-2acd34f32d8a{ip: 192.168.157.238, host: pr-hdds-2386-9cmxp-1319188337, networkLocation: /default-rack, certSerialId: null}, Type:RATIS, Factor:THREE, State:ALLOCATED] moved to OPEN state
2019-11-17 03:52:34,840 [EventQueue-OpenPipelineForOneReplicaPipelineSafeModeRule] INFO  safemode.SCMSafeModeManager (SCMSafeModeManager.java:validateSafeModeExitRules(176)) - AtleastOneDatanodeReportedRule rule is successfully validated
2019-11-17 03:52:34,840 [EventQueue-OpenPipelineForHealthyPipelineSafeModeRule] INFO  safemode.SCMSafeModeManager (HealthyPipelineSafeModeRule.java:process(132)) - SCM in safe mode. Healthy pipelines reported count is 1, required healthy pipeline reported count is 1
2019-11-17 03:52:34,840 [EventQueue-OpenPipelineForHealthyPipelineSafeModeRule] INFO  safemode.SCMSafeModeManager (SCMSafeModeManager.java:validateSafeModeExitRules(176)) - HealthyPipelineSafeModeRule rule is successfully validated
2019-11-17 03:52:34,841 [EventQueue-OpenPipelineForHealthyPipelineSafeModeRule] INFO  safemode.SCMSafeModeManager (SCMSafeModeManager.java:validateSafeModeExitRules(185)) - ScmSafeModeManager, all rules are successfully validated
2019-11-17 03:52:34,841 [EventQueue-OpenPipelineForHealthyPipelineSafeModeRule] INFO  safemode.SCMSafeModeManager (SCMSafeModeManager.java:exitSafeMode(201)) - SCM exiting safe mode.
2019-11-17 03:52:34,843 [184f8745-87b2-4e99-a45f-65699ea3d23a@group-E3A6A8179DE3-LeaderElection7] INFO  server.RaftServerConfigKeys (ConfUtils.java:logGet(43)) - raft.server.log.appender.snapshot.chunk.size.max = 16MB (=16777216) (default)
2019-11-17 03:52:34,844 [184f8745-87b2-4e99-a45f-65699ea3d23a@group-E3A6A8179DE3-LeaderElection7] INFO  server.RaftServerConfigKeys (ConfUtils.java:logGet(43)) - raft.server.log.appender.buffer.byte-limit = 33554432 (custom)
2019-11-17 03:52:34,844 [184f8745-87b2-4e99-a45f-65699ea3d23a@group-E3A6A8179DE3-LeaderElection7] INFO  server.RaftServerConfigKeys (ConfUtils.java:logGet(43)) - raft.server.log.appender.buffer.element-limit = 1 (custom)
2019-11-17 03:52:34,849 [184f8745-87b2-4e99-a45f-65699ea3d23a@group-E3A6A8179DE3-LeaderElection7] INFO  grpc.GrpcConfigKeys$Server (ConfUtils.java:logGet(43)) - raft.grpc.server.leader.outstanding.appends.max = 128 (default)
2019-11-17 03:52:34,849 [184f8745-87b2-4e99-a45f-65699ea3d23a@group-E3A6A8179DE3-LeaderElection7] INFO  server.RaftServerConfigKeys (ConfUtils.java:logGet(43)) - raft.server.rpc.request.timeout = 3000ms (default)
2019-11-17 03:52:34,849 [184f8745-87b2-4e99-a45f-65699ea3d23a@group-E3A6A8179DE3-LeaderElection7] INFO  server.RaftServerConfigKeys (ConfUtils.java:logGet(43)) - raft.server.log.appender.install.snapshot.enabled = false (custom)
2019-11-17 03:52:34,851 [184f8745-87b2-4e99-a45f-65699ea3d23a@group-E3A6A8179DE3-LeaderElection7] WARN  impl.MetricRegistriesImpl (MetricRegistriesImpl.java:lambda$create$1(61)) - First MetricRegistry has been created without registering reporters. You may need to call MetricRegistries.global().addReportRegistration(...) before.
2019-11-17 03:52:34,852 [184f8745-87b2-4e99-a45f-65699ea3d23a@group-E3A6A8179DE3-LeaderElection7] INFO  server.RaftServerConfigKeys (ConfUtils.java:logGet(43)) - raft.server.log.appender.snapshot.chunk.size.max = 16MB (=16777216) (default)
2019-11-17 03:52:34,853 [184f8745-87b2-4e99-a45f-65699ea3d23a@group-E3A6A8179DE3-LeaderElection7] INFO  server.RaftServerConfigKeys (ConfUtils.java:logGet(43)) - raft.server.log.appender.buffer.byte-limit = 33554432 (custom)
2019-11-17 03:52:34,853 [184f8745-87b2-4e99-a45f-65699ea3d23a@group-E3A6A8179DE3-LeaderElection7] INFO  server.RaftServerConfigKeys (ConfUtils.java:logGet(43)) - raft.server.log.appender.buffer.element-limit = 1 (custom)
2019-11-17 03:52:34,853 [184f8745-87b2-4e99-a45f-65699ea3d23a@group-E3A6A8179DE3-LeaderElection7] INFO  grpc.GrpcConfigKeys$Server (ConfUtils.java:logGet(43)) - raft.grpc.server.leader.outstanding.appends.max = 128 (default)
2019-11-17 03:52:34,853 [184f8745-87b2-4e99-a45f-65699ea3d23a@group-E3A6A8179DE3-LeaderElection7] INFO  server.RaftServerConfigKeys (ConfUtils.java:logGet(43)) - raft.server.rpc.request.timeout = 3000ms (default)
2019-11-17 03:52:34,854 [184f8745-87b2-4e99-a45f-65699ea3d23a@group-E3A6A8179DE3-LeaderElection7] INFO  server.RaftServerConfigKeys (ConfUtils.java:logGet(43)) - raft.server.log.appender.install.snapshot.enabled = false (custom)
2019-11-17 03:52:34,857 [184f8745-87b2-4e99-a45f-65699ea3d23a@group-E3A6A8179DE3-LeaderElection7] INFO  impl.RoleInfo (RoleInfo.java:updateAndGet(143)) - 184f8745-87b2-4e99-a45f-65699ea3d23a: start LeaderState
2019-11-17 03:52:34,858 [184f8745-87b2-4e99-a45f-65699ea3d23a@group-E3A6A8179DE3-LeaderElection7] INFO  segmented.SegmentedRaftLogWorker (SegmentedRaftLogWorker.java:startLogSegment(385)) - 184f8745-87b2-4e99-a45f-65699ea3d23a@group-E3A6A8179DE3-SegmentedRaftLogWorker: Starting segment from index:0
2019-11-17 03:52:34,859 [184f8745-87b2-4e99-a45f-65699ea3d23a@group-E3A6A8179DE3-LeaderElection7] INFO  impl.RaftServerImpl (ServerState.java:setRaftConf(356)) - 184f8745-87b2-4e99-a45f-65699ea3d23a@group-E3A6A8179DE3: set configuration 0: [184f8745-87b2-4e99-a45f-65699ea3d23a:192.168.157.238:46820, 32e42665-1ab0-48a3-a2c9-2acd34f32d8a:192.168.157.238:42433, ba5892b9-6c59-461c-9c66-42a016b87fd7:192.168.157.238:36872], old=null at 0
2019-11-17 03:52:34,917 [grpc-default-executor-5] INFO  ratis.XceiverServerRatis (XceiverServerRatis.java:handleLeaderChangedNotification(733)) - Leader change notification received for group: group-E3A6A8179DE3 with new leaderId: 184f8745-87b2-4e99-a45f-65699ea3d23a
2019-11-17 03:52:34,917 [grpc-default-executor-4] INFO  ratis.XceiverServerRatis (XceiverServerRatis.java:handleLeaderChangedNotification(733)) - Leader change notification received for group: group-E3A6A8179DE3 with new leaderId: 184f8745-87b2-4e99-a45f-65699ea3d23a
2019-11-17 03:52:34,918 [grpc-default-executor-5] INFO  impl.RaftServerImpl (ServerState.java:setLeader(255)) - 32e42665-1ab0-48a3-a2c9-2acd34f32d8a@group-E3A6A8179DE3: change Leader from null to 184f8745-87b2-4e99-a45f-65699ea3d23a at term 2 for appendEntries, leader elected after 10750ms
2019-11-17 03:52:34,918 [grpc-default-executor-4] INFO  impl.RaftServerImpl (ServerState.java:setLeader(255)) - ba5892b9-6c59-461c-9c66-42a016b87fd7@group-E3A6A8179DE3: change Leader from null to 184f8745-87b2-4e99-a45f-65699ea3d23a at term 2 for appendEntries, leader elected after 10746ms
2019-11-17 03:52:34,949 [grpc-default-executor-4] INFO  impl.RaftServerImpl (ServerState.java:setRaftConf(356)) - 32e42665-1ab0-48a3-a2c9-2acd34f32d8a@group-E3A6A8179DE3: set configuration 0: [184f8745-87b2-4e99-a45f-65699ea3d23a:192.168.157.238:46820, 32e42665-1ab0-48a3-a2c9-2acd34f32d8a:192.168.157.238:42433, ba5892b9-6c59-461c-9c66-42a016b87fd7:192.168.157.238:36872], old=null at 0
2019-11-17 03:52:34,949 [grpc-default-executor-5] INFO  impl.RaftServerImpl (ServerState.java:setRaftConf(356)) - ba5892b9-6c59-461c-9c66-42a016b87fd7@group-E3A6A8179DE3: set configuration 0: [184f8745-87b2-4e99-a45f-65699ea3d23a:192.168.157.238:46820, 32e42665-1ab0-48a3-a2c9-2acd34f32d8a:192.168.157.238:42433, ba5892b9-6c59-461c-9c66-42a016b87fd7:192.168.157.238:36872], old=null at 0
2019-11-17 03:52:34,949 [grpc-default-executor-4] INFO  segmented.SegmentedRaftLogWorker (SegmentedRaftLogWorker.java:startLogSegment(385)) - 32e42665-1ab0-48a3-a2c9-2acd34f32d8a@group-E3A6A8179DE3-SegmentedRaftLogWorker: Starting segment from index:0
2019-11-17 03:52:34,949 [grpc-default-executor-5] INFO  segmented.SegmentedRaftLogWorker (SegmentedRaftLogWorker.java:startLogSegment(385)) - ba5892b9-6c59-461c-9c66-42a016b87fd7@group-E3A6A8179DE3-SegmentedRaftLogWorker: Starting segment from index:0
2019-11-17 03:52:34,952 [184f8745-87b2-4e99-a45f-65699ea3d23a@group-E3A6A8179DE3-SegmentedRaftLogWorker] INFO  segmented.SegmentedRaftLogWorker (SegmentedRaftLogWorker.java:execute(576)) - 184f8745-87b2-4e99-a45f-65699ea3d23a@group-E3A6A8179DE3-SegmentedRaftLogWorker: created new log segment /workdir/hadoop-ozone/tools/target/test-dir/MiniOzoneClusterImpl-9d0b20f4-8c7b-4f48-80eb-a32d4257ffa6/datanode-0/data/ratis/0dd615ad-4b28-4130-b0e9-e3a6a8179de3/current/log_inprogress_0
2019-11-17 03:52:35,011 [ba5892b9-6c59-461c-9c66-42a016b87fd7@group-E3A6A8179DE3-SegmentedRaftLogWorker] INFO  segmented.SegmentedRaftLogWorker (SegmentedRaftLogWorker.java:execute(576)) - ba5892b9-6c59-461c-9c66-42a016b87fd7@group-E3A6A8179DE3-SegmentedRaftLogWorker: created new log segment /workdir/hadoop-ozone/tools/target/test-dir/MiniOzoneClusterImpl-9d0b20f4-8c7b-4f48-80eb-a32d4257ffa6/datanode-2/data/ratis/0dd615ad-4b28-4130-b0e9-e3a6a8179de3/current/log_inprogress_0
2019-11-17 03:52:35,011 [32e42665-1ab0-48a3-a2c9-2acd34f32d8a@group-E3A6A8179DE3-SegmentedRaftLogWorker] INFO  segmented.SegmentedRaftLogWorker (SegmentedRaftLogWorker.java:execute(576)) - 32e42665-1ab0-48a3-a2c9-2acd34f32d8a@group-E3A6A8179DE3-SegmentedRaftLogWorker: created new log segment /workdir/hadoop-ozone/tools/target/test-dir/MiniOzoneClusterImpl-9d0b20f4-8c7b-4f48-80eb-a32d4257ffa6/datanode-1/data/ratis/0dd615ad-4b28-4130-b0e9-e3a6a8179de3/current/log_inprogress_0
2019-11-17 03:52:35,123 [main] INFO  ozone.MiniOzoneClusterImpl (MiniOzoneClusterImpl.java:lambda$waitForClusterToBeReady$0(150)) - Nodes are ready. Got 3 of 3 DN Heartbeats.
2019-11-17 03:52:35,123 [main] INFO  ozone.MiniOzoneClusterImpl (MiniOzoneClusterImpl.java:lambda$waitForClusterToBeReady$0(153)) - Cluster exits safe mode
2019-11-17 03:52:36,042 [main] INFO  freon.RandomKeyGenerator (RandomKeyGenerator.java:call(283)) - Number of Threads: 10
2019-11-17 03:52:36,043 [main] INFO  freon.RandomKeyGenerator (RandomKeyGenerator.java:call(288)) - Number of Volumes: 1.
2019-11-17 03:52:36,043 [main] INFO  freon.RandomKeyGenerator (RandomKeyGenerator.java:call(289)) - Number of Buckets per Volume: 1.
2019-11-17 03:52:36,043 [main] INFO  freon.RandomKeyGenerator (RandomKeyGenerator.java:call(290)) - Number of Keys per Bucket: 1.
2019-11-17 03:52:36,043 [main] INFO  freon.RandomKeyGenerator (RandomKeyGenerator.java:call(291)) - Key size: 20971520 bytes
2019-11-17 03:52:36,043 [main] INFO  freon.RandomKeyGenerator (RandomKeyGenerator.java:call(292)) - Buffer size: 4096 bytes
2019-11-17 03:52:36,043 [main] INFO  freon.RandomKeyGenerator (RandomKeyGenerator.java:call(293)) - validateWrites : true
2019-11-17 03:52:36,048 [main] INFO  freon.RandomKeyGenerator (RandomKeyGenerator.java:call(307)) - Data validation is enabled.
2019-11-17 03:52:36,049 [main] INFO  freon.RandomKeyGenerator (RandomKeyGenerator.java:call(313)) - Starting progress bar Thread.

 0.00% |?                                                                                                    |  0/1 Time: 0:00:002019-11-17 03:52:36,076 [pool-53-thread-1] INFO  rpc.RpcClient (RpcClient.java:createVolume(292)) - Creating Volume: vol-0-84172, with jenkins1000 as owner.
2019-11-17 03:52:36,132 [IPC Server handler 0 on 34325] INFO  volume.OMVolumeCreateRequest (OMVolumeCreateRequest.java:validateAndUpdateCache(193)) - created volume:vol-0-84172 for user:jenkins1000
2019-11-17 03:52:36,189 [pool-53-thread-2] INFO  rpc.RpcClient (RpcClient.java:createBucket(431)) - Creating Bucket: vol-0-84172/bucket-0-77524, with Versioning false and Storage Type set to DISK and Encryption set to false 
2019-11-17 03:52:36,381 [pool-53-thread-3] INFO  impl.MetricsSystemImpl (MetricsSystemImpl.java:init(158)) - XceiverClientMetrics metrics system started (again)
 0.00% |?                                                                                                    |  0/1 Time: 0:00:012019-11-17 03:52:37,846 [Thread-220] INFO  container.ReplicationManager (ReplicationManager.java:start(162)) - Starting Replication Monitor Thread.
2019-11-17 03:52:37,849 [ReplicationMonitor] INFO  container.ReplicationManager (ReplicationManager.java:run(225)) - Replication Monitor Thread took 1 milliseconds for processing 3 containers.
 0.00% |?                                                                                                    |  0/1 Time: 0:00:02 100.00% |?????????????????????????????????????????????????????????????????????????????????????????????????????|  1/1 Time: 0:00:03
2019-11-17 03:52:44,053 [main] INFO  pipeline.SCMPipelineManager (SCMPipelineManager.java:finalizeAndDestroyPipeline(333)) - destroying pipeline:Pipeline[ Id: 0dd615ad-4b28-4130-b0e9-e3a6a8179de3, Nodes: ba5892b9-6c59-461c-9c66-42a016b87fd7{ip: 192.168.157.238, host: pr-hdds-2386-9cmxp-1319188337, networkLocation: /default-rack, certSerialId: null}184f8745-87b2-4e99-a45f-65699ea3d23a{ip: 192.168.157.238, host: pr-hdds-2386-9cmxp-1319188337, networkLocation: /default-rack, certSerialId: null}32e42665-1ab0-48a3-a2c9-2acd34f32d8a{ip: 192.168.157.238, host: pr-hdds-2386-9cmxp-1319188337, networkLocation: /default-rack, certSerialId: null}, Type:RATIS, Factor:THREE, State:OPEN]
2019-11-17 03:52:44,054 [main] INFO  pipeline.PipelineStateManager (PipelineStateManager.java:finalizePipeline(121)) - Pipeline Pipeline[ Id: 0dd615ad-4b28-4130-b0e9-e3a6a8179de3, Nodes: ba5892b9-6c59-461c-9c66-42a016b87fd7{ip: 192.168.157.238, host: pr-hdds-2386-9cmxp-1319188337, networkLocation: /default-rack, certSerialId: null}184f8745-87b2-4e99-a45f-65699ea3d23a{ip: 192.168.157.238, host: pr-hdds-2386-9cmxp-1319188337, networkLocation: /default-rack, certSerialId: null}32e42665-1ab0-48a3-a2c9-2acd34f32d8a{ip: 192.168.157.238, host: pr-hdds-2386-9cmxp-1319188337, networkLocation: /default-rack, certSerialId: null}, Type:RATIS, Factor:THREE, State:CLOSED] moved to CLOSED state
2019-11-17 03:52:44,055 [EventQueue-CloseContainerForCloseContainerEventHandler] INFO  container.CloseContainerEventHandler (CloseContainerEventHandler.java:onMessage(61)) - Close container Event triggered for container : #1
2019-11-17 03:52:44,057 [main] INFO  pipeline.RatisPipelineProvider (RatisPipelineProvider.java:lambda$close$5(207)) - Send pipeline:PipelineID=0dd615ad-4b28-4130-b0e9-e3a6a8179de3 close command to datanode ba5892b9-6c59-461c-9c66-42a016b87fd7
2019-11-17 03:52:44,058 [main] INFO  pipeline.RatisPipelineProvider (RatisPipelineProvider.java:lambda$close$5(207)) - Send pipeline:PipelineID=0dd615ad-4b28-4130-b0e9-e3a6a8179de3 close command to datanode 184f8745-87b2-4e99-a45f-65699ea3d23a
2019-11-17 03:52:44,059 [main] INFO  pipeline.RatisPipelineProvider (RatisPipelineProvider.java:lambda$close$5(207)) - Send pipeline:PipelineID=0dd615ad-4b28-4130-b0e9-e3a6a8179de3 close command to datanode 32e42665-1ab0-48a3-a2c9-2acd34f32d8a
2019-11-17 03:52:44,059 [main] INFO  pipeline.PipelineStateManager (PipelineStateManager.java:removePipeline(106)) - Pipeline Pipeline[ Id: 0dd615ad-4b28-4130-b0e9-e3a6a8179de3, Nodes: ba5892b9-6c59-461c-9c66-42a016b87fd7{ip: 192.168.157.238, host: pr-hdds-2386-9cmxp-1319188337, networkLocation: /default-rack, certSerialId: null}184f8745-87b2-4e99-a45f-65699ea3d23a{ip: 192.168.157.238, host: pr-hdds-2386-9cmxp-1319188337, networkLocation: /default-rack, certSerialId: null}32e42665-1ab0-48a3-a2c9-2acd34f32d8a{ip: 192.168.157.238, host: pr-hdds-2386-9cmxp-1319188337, networkLocation: /default-rack, certSerialId: null}, Type:RATIS, Factor:THREE, State:CLOSED] removed from db
2019-11-17 03:52:44,059 [EventQueue-CloseContainerForCloseContainerEventHandler] INFO  container.CloseContainerEventHandler (CloseContainerEventHandler.java:onMessage(61)) - Close container Event triggered for container : #2
2019-11-17 03:52:44,062 [EventQueue-CloseContainerForCloseContainerEventHandler] ERROR container.CloseContainerEventHandler (CloseContainerEventHandler.java:onMessage(89)) - Failed to close the container #2.
org.apache.hadoop.hdds.scm.pipeline.PipelineNotFoundException: PipelineID=0dd615ad-4b28-4130-b0e9-e3a6a8179de3 not found
	at org.apache.hadoop.hdds.scm.pipeline.PipelineStateMap.removeContainerFromPipeline(PipelineStateMap.java:351)
	at org.apache.hadoop.hdds.scm.pipeline.PipelineStateManager.removeContainerFromPipeline(PipelineStateManager.java:112)
	at org.apache.hadoop.hdds.scm.pipeline.SCMPipelineManager.removeContainerFromPipeline(SCMPipelineManager.java:286)
	at org.apache.hadoop.hdds.scm.container.SCMContainerManager.updateContainerState(SCMContainerManager.java:331)
	at org.apache.hadoop.hdds.scm.container.CloseContainerEventHandler.onMessage(CloseContainerEventHandler.java:66)
	at org.apache.hadoop.hdds.scm.container.CloseContainerEventHandler.onMessage(CloseContainerEventHandler.java:45)
	at org.apache.hadoop.hdds.server.events.SingleThreadExecutor.lambda$onMessage$1(SingleThreadExecutor.java:85)
	at java.util.concurrent.ThreadPoolExecutor.runWorker(ThreadPoolExecutor.java:1149)
	at java.util.concurrent.ThreadPoolExecutor$Worker.run(ThreadPoolExecutor.java:624)
	at java.lang.Thread.run(Thread.java:748)
2019-11-17 03:52:44,064 [EventQueue-CloseContainerForCloseContainerEventHandler] INFO  container.CloseContainerEventHandler (CloseContainerEventHandler.java:onMessage(61)) - Close container Event triggered for container : #3
2019-11-17 03:52:44,062 [RatisPipelineUtilsThread] INFO  pipeline.RatisPipelineProvider (RatisPipelineProvider.java:lambda$create$4(163)) - Send pipeline:PipelineID=47fa4a84-e323-4e9c-b6c1-faa83ce31278 create command to datanode ba5892b9-6c59-461c-9c66-42a016b87fd7
2019-11-17 03:52:44,065 [RatisPipelineUtilsThread] INFO  pipeline.RatisPipelineProvider (RatisPipelineProvider.java:lambda$create$4(163)) - Send pipeline:PipelineID=47fa4a84-e323-4e9c-b6c1-faa83ce31278 create command to datanode 184f8745-87b2-4e99-a45f-65699ea3d23a
2019-11-17 03:52:44,065 [RatisPipelineUtilsThread] INFO  pipeline.RatisPipelineProvider (RatisPipelineProvider.java:lambda$create$4(163)) - Send pipeline:PipelineID=47fa4a84-e323-4e9c-b6c1-faa83ce31278 create command to datanode 32e42665-1ab0-48a3-a2c9-2acd34f32d8a
2019-11-17 03:52:44,066 [RatisPipelineUtilsThread] INFO  pipeline.PipelineStateManager (PipelineStateManager.java:addPipeline(55)) - Created pipeline Pipeline[ Id: 47fa4a84-e323-4e9c-b6c1-faa83ce31278, Nodes: ba5892b9-6c59-461c-9c66-42a016b87fd7{ip: 192.168.157.238, host: pr-hdds-2386-9cmxp-1319188337, networkLocation: /default-rack, certSerialId: null}184f8745-87b2-4e99-a45f-65699ea3d23a{ip: 192.168.157.238, host: pr-hdds-2386-9cmxp-1319188337, networkLocation: /default-rack, certSerialId: null}32e42665-1ab0-48a3-a2c9-2acd34f32d8a{ip: 192.168.157.238, host: pr-hdds-2386-9cmxp-1319188337, networkLocation: /default-rack, certSerialId: null}, Type:RATIS, Factor:THREE, State:ALLOCATED]
2019-11-17 03:52:44,067 [EventQueue-CloseContainerForCloseContainerEventHandler] ERROR container.CloseContainerEventHandler (CloseContainerEventHandler.java:onMessage(89)) - Failed to close the container #3.
org.apache.hadoop.hdds.scm.pipeline.PipelineNotFoundException: PipelineID=0dd615ad-4b28-4130-b0e9-e3a6a8179de3 not found
	at org.apache.hadoop.hdds.scm.pipeline.PipelineStateMap.removeContainerFromPipeline(PipelineStateMap.java:351)
	at org.apache.hadoop.hdds.scm.pipeline.PipelineStateManager.removeContainerFromPipeline(PipelineStateManager.java:112)
	at org.apache.hadoop.hdds.scm.pipeline.SCMPipelineManager.removeContainerFromPipeline(SCMPipelineManager.java:286)
	at org.apache.hadoop.hdds.scm.container.SCMContainerManager.updateContainerState(SCMContainerManager.java:331)
	at org.apache.hadoop.hdds.scm.container.CloseContainerEventHandler.onMessage(CloseContainerEventHandler.java:66)
	at org.apache.hadoop.hdds.scm.container.CloseContainerEventHandler.onMessage(CloseContainerEventHandler.java:45)
	at org.apache.hadoop.hdds.server.events.SingleThreadExecutor.lambda$onMessage$1(SingleThreadExecutor.java:85)
	at java.util.concurrent.ThreadPoolExecutor.runWorker(ThreadPoolExecutor.java:1149)
	at java.util.concurrent.ThreadPoolExecutor$Worker.run(ThreadPoolExecutor.java:624)
	at java.lang.Thread.run(Thread.java:748)
2019-11-17 03:52:44,171 [main] INFO  freon.RandomKeyGenerator (RandomKeyGenerator.java:call(283)) - Number of Threads: 10
2019-11-17 03:52:44,173 [main] INFO  freon.RandomKeyGenerator (RandomKeyGenerator.java:call(288)) - Number of Volumes: 1.
2019-11-17 03:52:44,173 [main] INFO  freon.RandomKeyGenerator (RandomKeyGenerator.java:call(289)) - Number of Buckets per Volume: 1.
2019-11-17 03:52:44,173 [main] INFO  freon.RandomKeyGenerator (RandomKeyGenerator.java:call(290)) - Number of Keys per Bucket: 1.
2019-11-17 03:52:44,173 [main] INFO  freon.RandomKeyGenerator (RandomKeyGenerator.java:call(291)) - Key size: 20971520 bytes
2019-11-17 03:52:44,173 [main] INFO  freon.RandomKeyGenerator (RandomKeyGenerator.java:call(292)) - Buffer size: 4096 bytes
2019-11-17 03:52:44,173 [main] INFO  freon.RandomKeyGenerator (RandomKeyGenerator.java:call(293)) - validateWrites : true
2019-11-17 03:52:44,175 [main] INFO  freon.RandomKeyGenerator (RandomKeyGenerator.java:call(307)) - Data validation is enabled.
2019-11-17 03:52:44,175 [main] INFO  freon.RandomKeyGenerator (RandomKeyGenerator.java:call(313)) - Starting progress bar Thread.

 0.00% |?                                                                                                    |  0/1 Time: 0:00:002019-11-17 03:52:44,176 [pool-59-thread-1] INFO  rpc.RpcClient (RpcClient.java:createVolume(292)) - Creating Volume: vol-0-45737, with jenkins1000 as owner.
2019-11-17 03:52:44,189 [IPC Server handler 2 on 34325] INFO  volume.OMVolumeCreateRequest (OMVolumeCreateRequest.java:validateAndUpdateCache(193)) - created volume:vol-0-45737 for user:jenkins1000
2019-11-17 03:52:44,219 [pool-59-thread-4] INFO  rpc.RpcClient (RpcClient.java:createBucket(431)) - Creating Bucket: vol-0-45737/bucket-0-31473, with Versioning false and Storage Type set to DISK and Encryption set to false 
2019-11-17 03:52:44,253 [IPC Server handler 2 on 45454] WARN  block.BlockManagerImpl (BlockManagerImpl.java:allocateBlock(203)) - Pipeline creation failed for type:RATIS factor:THREE. Retrying get pipelines call once.
org.apache.hadoop.hdds.scm.pipeline.InsufficientDatanodesException: Cannot create pipeline of factor 3 using 0 nodes.
	at org.apache.hadoop.hdds.scm.pipeline.RatisPipelineProvider.create(RatisPipelineProvider.java:144)
	at org.apache.hadoop.hdds.scm.pipeline.PipelineFactory.create(PipelineFactory.java:60)
	at org.apache.hadoop.hdds.scm.pipeline.SCMPipelineManager.createPipeline(SCMPipelineManager.java:159)
	at org.apache.hadoop.hdds.scm.block.BlockManagerImpl.allocateBlock(BlockManagerImpl.java:199)
	at org.apache.hadoop.hdds.scm.server.SCMBlockProtocolServer.allocateBlock(SCMBlockProtocolServer.java:187)
	at org.apache.hadoop.hdds.scm.protocol.ScmBlockLocationProtocolServerSideTranslatorPB.allocateScmBlock(ScmBlockLocationProtocolServerSideTranslatorPB.java:159)
	at org.apache.hadoop.hdds.scm.protocol.ScmBlockLocationProtocolServerSideTranslatorPB.processMessage(ScmBlockLocationProtocolServerSideTranslatorPB.java:117)
	at org.apache.hadoop.hdds.server.OzoneProtocolMessageDispatcher.processRequest(OzoneProtocolMessageDispatcher.java:72)
	at org.apache.hadoop.hdds.scm.protocol.ScmBlockLocationProtocolServerSideTranslatorPB.send(ScmBlockLocationProtocolServerSideTranslatorPB.java:98)
	at org.apache.hadoop.hdds.protocol.proto.ScmBlockLocationProtocolProtos$ScmBlockLocationProtocolService$2.callBlockingMethod(ScmBlockLocationProtocolProtos.java:13157)
	at org.apache.hadoop.ipc.ProtobufRpcEngine$Server$ProtoBufRpcInvoker.call(ProtobufRpcEngine.java:524)
	at org.apache.hadoop.ipc.RPC$Server.call(RPC.java:1025)
	at org.apache.hadoop.ipc.Server$RpcCall.run(Server.java:876)
	at org.apache.hadoop.ipc.Server$RpcCall.run(Server.java:822)
	at java.security.AccessController.doPrivileged(Native Method)
	at javax.security.auth.Subject.doAs(Subject.java:422)
	at org.apache.hadoop.security.UserGroupInformation.doAs(UserGroupInformation.java:1730)
	at org.apache.hadoop.ipc.Server$Handler.run(Server.java:2682)
2019-11-17 03:52:44,254 [IPC Server handler 2 on 45454] INFO  block.BlockManagerImpl (BlockManagerImpl.java:allocateBlock(215)) - Could not find available pipeline of type:RATIS and factor:THREE even after retrying
2019-11-17 03:52:44,254 [IPC Server handler 2 on 45454] ERROR block.BlockManagerImpl (BlockManagerImpl.java:allocateBlock(239)) - Unable to allocate a block for the size: 4194304, type: RATIS, factor: THREE
2019-11-17 03:52:44,255 [IPC Server handler 2 on 45454] WARN  block.BlockManagerImpl (BlockManagerImpl.java:allocateBlock(203)) - Pipeline creation failed for type:RATIS factor:THREE. Retrying get pipelines call once.
org.apache.hadoop.hdds.scm.pipeline.InsufficientDatanodesException: Cannot create pipeline of factor 3 using 0 nodes.
	at org.apache.hadoop.hdds.scm.pipeline.RatisPipelineProvider.create(RatisPipelineProvider.java:144)
	at org.apache.hadoop.hdds.scm.pipeline.PipelineFactory.create(PipelineFactory.java:60)
	at org.apache.hadoop.hdds.scm.pipeline.SCMPipelineManager.createPipeline(SCMPipelineManager.java:159)
	at org.apache.hadoop.hdds.scm.block.BlockManagerImpl.allocateBlock(BlockManagerImpl.java:199)
	at org.apache.hadoop.hdds.scm.server.SCMBlockProtocolServer.allocateBlock(SCMBlockProtocolServer.java:187)
	at org.apache.hadoop.hdds.scm.protocol.ScmBlockLocationProtocolServerSideTranslatorPB.allocateScmBlock(ScmBlockLocationProtocolServerSideTranslatorPB.java:159)
	at org.apache.hadoop.hdds.scm.protocol.ScmBlockLocationProtocolServerSideTranslatorPB.processMessage(ScmBlockLocationProtocolServerSideTranslatorPB.java:117)
	at org.apache.hadoop.hdds.server.OzoneProtocolMessageDispatcher.processRequest(OzoneProtocolMessageDispatcher.java:72)
	at org.apache.hadoop.hdds.scm.protocol.ScmBlockLocationProtocolServerSideTranslatorPB.send(ScmBlockLocationProtocolServerSideTranslatorPB.java:98)
	at org.apache.hadoop.hdds.protocol.proto.ScmBlockLocationProtocolProtos$ScmBlockLocationProtocolService$2.callBlockingMethod(ScmBlockLocationProtocolProtos.java:13157)
	at org.apache.hadoop.ipc.ProtobufRpcEngine$Server$ProtoBufRpcInvoker.call(ProtobufRpcEngine.java:524)
	at org.apache.hadoop.ipc.RPC$Server.call(RPC.java:1025)
	at org.apache.hadoop.ipc.Server$RpcCall.run(Server.java:876)
	at org.apache.hadoop.ipc.Server$RpcCall.run(Server.java:822)
	at java.security.AccessController.doPrivileged(Native Method)
	at javax.security.auth.Subject.doAs(Subject.java:422)
	at org.apache.hadoop.security.UserGroupInformation.doAs(UserGroupInformation.java:1730)
	at org.apache.hadoop.ipc.Server$Handler.run(Server.java:2682)
2019-11-17 03:52:44,255 [IPC Server handler 2 on 45454] INFO  block.BlockManagerImpl (BlockManagerImpl.java:allocateBlock(215)) - Could not find available pipeline of type:RATIS and factor:THREE even after retrying
2019-11-17 03:52:44,255 [IPC Server handler 2 on 45454] ERROR block.BlockManagerImpl (BlockManagerImpl.java:allocateBlock(239)) - Unable to allocate a block for the size: 4194304, type: RATIS, factor: THREE
2019-11-17 03:52:44,257 [IPC Server handler 2 on 45454] WARN  block.BlockManagerImpl (BlockManagerImpl.java:allocateBlock(203)) - Pipeline creation failed for type:RATIS factor:THREE. Retrying get pipelines call once.
org.apache.hadoop.hdds.scm.pipeline.InsufficientDatanodesException: Cannot create pipeline of factor 3 using 0 nodes.
	at org.apache.hadoop.hdds.scm.pipeline.RatisPipelineProvider.create(RatisPipelineProvider.java:144)
	at org.apache.hadoop.hdds.scm.pipeline.PipelineFactory.create(PipelineFactory.java:60)
	at org.apache.hadoop.hdds.scm.pipeline.SCMPipelineManager.createPipeline(SCMPipelineManager.java:159)
	at org.apache.hadoop.hdds.scm.block.BlockManagerImpl.allocateBlock(BlockManagerImpl.java:199)
	at org.apache.hadoop.hdds.scm.server.SCMBlockProtocolServer.allocateBlock(SCMBlockProtocolServer.java:187)
	at org.apache.hadoop.hdds.scm.protocol.ScmBlockLocationProtocolServerSideTranslatorPB.allocateScmBlock(ScmBlockLocationProtocolServerSideTranslatorPB.java:159)
	at org.apache.hadoop.hdds.scm.protocol.ScmBlockLocationProtocolServerSideTranslatorPB.processMessage(ScmBlockLocationProtocolServerSideTranslatorPB.java:117)
	at org.apache.hadoop.hdds.server.OzoneProtocolMessageDispatcher.processRequest(OzoneProtocolMessageDispatcher.java:72)
	at org.apache.hadoop.hdds.scm.protocol.ScmBlockLocationProtocolServerSideTranslatorPB.send(ScmBlockLocationProtocolServerSideTranslatorPB.java:98)
	at org.apache.hadoop.hdds.protocol.proto.ScmBlockLocationProtocolProtos$ScmBlockLocationProtocolService$2.callBlockingMethod(ScmBlockLocationProtocolProtos.java:13157)
	at org.apache.hadoop.ipc.ProtobufRpcEngine$Server$ProtoBufRpcInvoker.call(ProtobufRpcEngine.java:524)
	at org.apache.hadoop.ipc.RPC$Server.call(RPC.java:1025)
	at org.apache.hadoop.ipc.Server$RpcCall.run(Server.java:876)
	at org.apache.hadoop.ipc.Server$RpcCall.run(Server.java:822)
	at java.security.AccessController.doPrivileged(Native Method)
	at javax.security.auth.Subject.doAs(Subject.java:422)
	at org.apache.hadoop.security.UserGroupInformation.doAs(UserGroupInformation.java:1730)
	at org.apache.hadoop.ipc.Server$Handler.run(Server.java:2682)
2019-11-17 03:52:44,257 [IPC Server handler 2 on 45454] INFO  block.BlockManagerImpl (BlockManagerImpl.java:allocateBlock(215)) - Could not find available pipeline of type:RATIS and factor:THREE even after retrying
2019-11-17 03:52:44,257 [IPC Server handler 2 on 45454] ERROR block.BlockManagerImpl (BlockManagerImpl.java:allocateBlock(239)) - Unable to allocate a block for the size: 4194304, type: RATIS, factor: THREE
2019-11-17 03:52:44,259 [IPC Server handler 2 on 45454] WARN  block.BlockManagerImpl (BlockManagerImpl.java:allocateBlock(203)) - Pipeline creation failed for type:RATIS factor:THREE. Retrying get pipelines call once.
org.apache.hadoop.hdds.scm.pipeline.InsufficientDatanodesException: Cannot create pipeline of factor 3 using 0 nodes.
	at org.apache.hadoop.hdds.scm.pipeline.RatisPipelineProvider.create(RatisPipelineProvider.java:144)
	at org.apache.hadoop.hdds.scm.pipeline.PipelineFactory.create(PipelineFactory.java:60)
	at org.apache.hadoop.hdds.scm.pipeline.SCMPipelineManager.createPipeline(SCMPipelineManager.java:159)
	at org.apache.hadoop.hdds.scm.block.BlockManagerImpl.allocateBlock(BlockManagerImpl.java:199)
	at org.apache.hadoop.hdds.scm.server.SCMBlockProtocolServer.allocateBlock(SCMBlockProtocolServer.java:187)
	at org.apache.hadoop.hdds.scm.protocol.ScmBlockLocationProtocolServerSideTranslatorPB.allocateScmBlock(ScmBlockLocationProtocolServerSideTranslatorPB.java:159)
	at org.apache.hadoop.hdds.scm.protocol.ScmBlockLocationProtocolServerSideTranslatorPB.processMessage(ScmBlockLocationProtocolServerSideTranslatorPB.java:117)
	at org.apache.hadoop.hdds.server.OzoneProtocolMessageDispatcher.processRequest(OzoneProtocolMessageDispatcher.java:72)
	at org.apache.hadoop.hdds.scm.protocol.ScmBlockLocationProtocolServerSideTranslatorPB.send(ScmBlockLocationProtocolServerSideTranslatorPB.java:98)
	at org.apache.hadoop.hdds.protocol.proto.ScmBlockLocationProtocolProtos$ScmBlockLocationProtocolService$2.callBlockingMethod(ScmBlockLocationProtocolProtos.java:13157)
	at org.apache.hadoop.ipc.ProtobufRpcEngine$Server$ProtoBufRpcInvoker.call(ProtobufRpcEngine.java:524)
	at org.apache.hadoop.ipc.RPC$Server.call(RPC.java:1025)
	at org.apache.hadoop.ipc.Server$RpcCall.run(Server.java:876)
	at org.apache.hadoop.ipc.Server$RpcCall.run(Server.java:822)
	at java.security.AccessController.doPrivileged(Native Method)
	at javax.security.auth.Subject.doAs(Subject.java:422)
	at org.apache.hadoop.security.UserGroupInformation.doAs(UserGroupInformation.java:1730)
	at org.apache.hadoop.ipc.Server$Handler.run(Server.java:2682)
2019-11-17 03:52:44,259 [IPC Server handler 2 on 45454] INFO  block.BlockManagerImpl (BlockManagerImpl.java:allocateBlock(215)) - Could not find available pipeline of type:RATIS and factor:THREE even after retrying
2019-11-17 03:52:44,259 [IPC Server handler 2 on 45454] ERROR block.BlockManagerImpl (BlockManagerImpl.java:allocateBlock(239)) - Unable to allocate a block for the size: 4194304, type: RATIS, factor: THREE
2019-11-17 03:52:44,260 [IPC Server handler 2 on 45454] WARN  block.BlockManagerImpl (BlockManagerImpl.java:allocateBlock(203)) - Pipeline creation failed for type:RATIS factor:THREE. Retrying get pipelines call once.
org.apache.hadoop.hdds.scm.pipeline.InsufficientDatanodesException: Cannot create pipeline of factor 3 using 0 nodes.
	at org.apache.hadoop.hdds.scm.pipeline.RatisPipelineProvider.create(RatisPipelineProvider.java:144)
	at org.apache.hadoop.hdds.scm.pipeline.PipelineFactory.create(PipelineFactory.java:60)
	at org.apache.hadoop.hdds.scm.pipeline.SCMPipelineManager.createPipeline(SCMPipelineManager.java:159)
	at org.apache.hadoop.hdds.scm.block.BlockManagerImpl.allocateBlock(BlockManagerImpl.java:199)
	at org.apache.hadoop.hdds.scm.server.SCMBlockProtocolServer.allocateBlock(SCMBlockProtocolServer.java:187)
	at org.apache.hadoop.hdds.scm.protocol.ScmBlockLocationProtocolServerSideTranslatorPB.allocateScmBlock(ScmBlockLocationProtocolServerSideTranslatorPB.java:159)
	at org.apache.hadoop.hdds.scm.protocol.ScmBlockLocationProtocolServerSideTranslatorPB.processMessage(ScmBlockLocationProtocolServerSideTranslatorPB.java:117)
	at org.apache.hadoop.hdds.server.OzoneProtocolMessageDispatcher.processRequest(OzoneProtocolMessageDispatcher.java:72)
	at org.apache.hadoop.hdds.scm.protocol.ScmBlockLocationProtocolServerSideTranslatorPB.send(ScmBlockLocationProtocolServerSideTranslatorPB.java:98)
	at org.apache.hadoop.hdds.protocol.proto.ScmBlockLocationProtocolProtos$ScmBlockLocationProtocolService$2.callBlockingMethod(ScmBlockLocationProtocolProtos.java:13157)
	at org.apache.hadoop.ipc.ProtobufRpcEngine$Server$ProtoBufRpcInvoker.call(ProtobufRpcEngine.java:524)
	at org.apache.hadoop.ipc.RPC$Server.call(RPC.java:1025)
	at org.apache.hadoop.ipc.Server$RpcCall.run(Server.java:876)
	at org.apache.hadoop.ipc.Server$RpcCall.run(Server.java:822)
	at java.security.AccessController.doPrivileged(Native Method)
	at javax.security.auth.Subject.doAs(Subject.java:422)
	at org.apache.hadoop.security.UserGroupInformation.doAs(UserGroupInformation.java:1730)
	at org.apache.hadoop.ipc.Server$Handler.run(Server.java:2682)
2019-11-17 03:52:44,261 [IPC Server handler 2 on 45454] INFO  block.BlockManagerImpl (BlockManagerImpl.java:allocateBlock(215)) - Could not find available pipeline of type:RATIS and factor:THREE even after retrying
2019-11-17 03:52:44,261 [IPC Server handler 2 on 45454] ERROR block.BlockManagerImpl (BlockManagerImpl.java:allocateBlock(239)) - Unable to allocate a block for the size: 4194304, type: RATIS, factor: THREE
2019-11-17 03:52:44,266 [pool-59-thread-2] ERROR freon.RandomKeyGenerator (RandomKeyGenerator.java:createKey(735)) - Exception while adding key: key-0-84704 in bucket: bucket-0-31473 of volume: vol-0-45737.
INTERNAL_ERROR org.apache.hadoop.ozone.om.exceptions.OMException: Allocated 0 blocks. Requested 5 blocks
	at org.apache.hadoop.ozone.om.protocolPB.OzoneManagerProtocolClientSideTranslatorPB.handleError(OzoneManagerProtocolClientSideTranslatorPB.java:761)
	at org.apache.hadoop.ozone.om.protocolPB.OzoneManagerProtocolClientSideTranslatorPB.openKey(OzoneManagerProtocolClientSideTranslatorPB.java:752)
	at sun.reflect.NativeMethodAccessorImpl.invoke0(Native Method)
	at sun.reflect.NativeMethodAccessorImpl.invoke(NativeMethodAccessorImpl.java:62)
	at sun.reflect.DelegatingMethodAccessorImpl.invoke(DelegatingMethodAccessorImpl.java:43)
	at java.lang.reflect.Method.invoke(Method.java:498)
	at org.apache.hadoop.hdds.tracing.TraceAllMethod.invoke(TraceAllMethod.java:66)
	at com.sun.proxy.$Proxy37.openKey(Unknown Source)
	at org.apache.hadoop.ozone.client.rpc.RpcClient.createKey(RpcClient.java:633)
	at org.apache.hadoop.ozone.client.OzoneBucket.createKey(OzoneBucket.java:325)
	at org.apache.hadoop.ozone.freon.RandomKeyGenerator.createKey(RandomKeyGenerator.java:697)
	at org.apache.hadoop.ozone.freon.RandomKeyGenerator.access$1100(RandomKeyGenerator.java:88)
	at org.apache.hadoop.ozone.freon.RandomKeyGenerator$ObjectCreator.run(RandomKeyGenerator.java:615)
	at java.util.concurrent.Executors$RunnableAdapter.call(Executors.java:511)
	at java.util.concurrent.FutureTask.run(FutureTask.java:266)
	at java.util.concurrent.ThreadPoolExecutor.runWorker(ThreadPoolExecutor.java:1149)
	at java.util.concurrent.ThreadPoolExecutor$Worker.run(ThreadPoolExecutor.java:624)
	at java.lang.Thread.run(Thread.java:748)
 0.00% |?                                                                                                    |  0/1 Time: 0:00:012019-11-17 03:52:45,906 [Command processor thread] INFO  impl.RaftServerProxy (RaftServerProxy.java:remove(95)) - 32e42665-1ab0-48a3-a2c9-2acd34f32d8a: remove  FOLLOWER 32e42665-1ab0-48a3-a2c9-2acd34f32d8a@group-E3A6A8179DE3:t2, leader=184f8745-87b2-4e99-a45f-65699ea3d23a, voted=32e42665-1ab0-48a3-a2c9-2acd34f32d8a, raftlog=32e42665-1ab0-48a3-a2c9-2acd34f32d8a@group-E3A6A8179DE3-SegmentedRaftLog:OPENED:c77,f77,i77, conf=0: [184f8745-87b2-4e99-a45f-65699ea3d23a:192.168.157.238:46820, 32e42665-1ab0-48a3-a2c9-2acd34f32d8a:192.168.157.238:42433, ba5892b9-6c59-461c-9c66-42a016b87fd7:192.168.157.238:36872], old=null RUNNING
2019-11-17 03:52:45,906 [Command processor thread] INFO  impl.RaftServerProxy (RaftServerProxy.java:remove(95)) - 184f8745-87b2-4e99-a45f-65699ea3d23a: remove    LEADER 184f8745-87b2-4e99-a45f-65699ea3d23a@group-E3A6A8179DE3:t2, leader=184f8745-87b2-4e99-a45f-65699ea3d23a, voted=184f8745-87b2-4e99-a45f-65699ea3d23a, raftlog=184f8745-87b2-4e99-a45f-65699ea3d23a@group-E3A6A8179DE3-SegmentedRaftLog:OPENED:c77,f77,i77, conf=0: [184f8745-87b2-4e99-a45f-65699ea3d23a:192.168.157.238:46820, 32e42665-1ab0-48a3-a2c9-2acd34f32d8a:192.168.157.238:42433, ba5892b9-6c59-461c-9c66-42a016b87fd7:192.168.157.238:36872], old=null RUNNING
2019-11-17 03:52:45,909 [Command processor thread] INFO  impl.RaftServerImpl (RaftServerImpl.java:lambda$shutdown$3(250)) - 184f8745-87b2-4e99-a45f-65699ea3d23a@group-E3A6A8179DE3: shutdown
2019-11-17 03:52:45,909 [Command processor thread] INFO  impl.RaftServerImpl (RaftServerImpl.java:lambda$shutdown$3(250)) - 32e42665-1ab0-48a3-a2c9-2acd34f32d8a@group-E3A6A8179DE3: shutdown
2019-11-17 03:52:45,911 [Command processor thread] INFO  util.JmxRegister (JmxRegister.java:unregister(73)) - Successfully un-registered JMX Bean with object name Ratis:service=RaftServer,group=group-E3A6A8179DE3,id=184f8745-87b2-4e99-a45f-65699ea3d23a
2019-11-17 03:52:45,911 [Command processor thread] INFO  impl.RaftServerProxy (RaftServerProxy.java:remove(95)) - ba5892b9-6c59-461c-9c66-42a016b87fd7: remove  FOLLOWER ba5892b9-6c59-461c-9c66-42a016b87fd7@group-E3A6A8179DE3:t2, leader=184f8745-87b2-4e99-a45f-65699ea3d23a, voted=184f8745-87b2-4e99-a45f-65699ea3d23a, raftlog=ba5892b9-6c59-461c-9c66-42a016b87fd7@group-E3A6A8179DE3-SegmentedRaftLog:OPENED:c77,f77,i77, conf=0: [184f8745-87b2-4e99-a45f-65699ea3d23a:192.168.157.238:46820, 32e42665-1ab0-48a3-a2c9-2acd34f32d8a:192.168.157.238:42433, ba5892b9-6c59-461c-9c66-42a016b87fd7:192.168.157.238:36872], old=null RUNNING
2019-11-17 03:52:45,911 [Command processor thread] INFO  util.JmxRegister (JmxRegister.java:unregister(73)) - Successfully un-registered JMX Bean with object name Ratis:service=RaftServer,group=group-E3A6A8179DE3,id=32e42665-1ab0-48a3-a2c9-2acd34f32d8a
2019-11-17 03:52:45,912 [Command processor thread] INFO  impl.RaftServerImpl (RaftServerImpl.java:lambda$shutdown$3(250)) - ba5892b9-6c59-461c-9c66-42a016b87fd7@group-E3A6A8179DE3: shutdown
2019-11-17 03:52:45,912 [Command processor thread] INFO  impl.RoleInfo (RoleInfo.java:shutdownLeaderState(104)) - 184f8745-87b2-4e99-a45f-65699ea3d23a: shutdown LeaderState
2019-11-17 03:52:45,913 [Command processor thread] INFO  util.JmxRegister (JmxRegister.java:unregister(73)) - Successfully un-registered JMX Bean with object name Ratis:service=RaftServer,group=group-E3A6A8179DE3,id=ba5892b9-6c59-461c-9c66-42a016b87fd7
2019-11-17 03:52:45,914 [Command processor thread] INFO  impl.RoleInfo (RoleInfo.java:shutdownFollowerState(121)) - ba5892b9-6c59-461c-9c66-42a016b87fd7: shutdown FollowerState
2019-11-17 03:52:45,912 [Command processor thread] INFO  impl.RoleInfo (RoleInfo.java:shutdownFollowerState(121)) - 32e42665-1ab0-48a3-a2c9-2acd34f32d8a: shutdown FollowerState
2019-11-17 03:52:45,914 [Thread-216] INFO  impl.FollowerState (FollowerState.java:run(120)) - ba5892b9-6c59-461c-9c66-42a016b87fd7@group-E3A6A8179DE3-FollowerState was interrupted: java.lang.InterruptedException: sleep interrupted
2019-11-17 03:52:45,914 [Command processor thread] INFO  impl.StateMachineUpdater (StateMachineUpdater.java:stopAndJoin(136)) - ba5892b9-6c59-461c-9c66-42a016b87fd7@group-E3A6A8179DE3-StateMachineUpdater: set stopIndex = 77
2019-11-17 03:52:45,919 [32e42665-1ab0-48a3-a2c9-2acd34f32d8a@group-E3A6A8179DE3-StateMachineUpdater] INFO  ratis.ContainerStateMachine (ContainerStateMachine.java:takeSnapshot(285)) - group-E3A6A8179DE3: Taking a snapshot at:(t:2, i:75) file /workdir/hadoop-ozone/tools/target/test-dir/MiniOzoneClusterImpl-9d0b20f4-8c7b-4f48-80eb-a32d4257ffa6/datanode-1/data/ratis/0dd615ad-4b28-4130-b0e9-e3a6a8179de3/sm/snapshot.2_75
2019-11-17 03:52:45,916 [Command processor thread] INFO  impl.StateMachineUpdater (StateMachineUpdater.java:stopAndJoin(136)) - 32e42665-1ab0-48a3-a2c9-2acd34f32d8a@group-E3A6A8179DE3-StateMachineUpdater: set stopIndex = 77
2019-11-17 03:52:45,917 [Thread-217] INFO  impl.FollowerState (FollowerState.java:run(120)) - 32e42665-1ab0-48a3-a2c9-2acd34f32d8a@group-E3A6A8179DE3-FollowerState was interrupted: java.lang.InterruptedException: sleep interrupted
2019-11-17 03:52:45,919 [Command processor thread] INFO  impl.PendingRequests (PendingRequests.java:sendNotLeaderResponses(206)) - 184f8745-87b2-4e99-a45f-65699ea3d23a@group-E3A6A8179DE3-PendingRequests: sendNotLeaderResponses
2019-11-17 03:52:45,919 [ba5892b9-6c59-461c-9c66-42a016b87fd7@group-E3A6A8179DE3-StateMachineUpdater] INFO  ratis.ContainerStateMachine (ContainerStateMachine.java:takeSnapshot(285)) - group-E3A6A8179DE3: Taking a snapshot at:(t:2, i:75) file /workdir/hadoop-ozone/tools/target/test-dir/MiniOzoneClusterImpl-9d0b20f4-8c7b-4f48-80eb-a32d4257ffa6/datanode-2/data/ratis/0dd615ad-4b28-4130-b0e9-e3a6a8179de3/sm/snapshot.2_75
2019-11-17 03:52:45,918 [org.apache.ratis.server.impl.LogAppender$AppenderDaemon$$Lambda$523/2099180984@35461c97] WARN  server.GrpcLogAppender (GrpcLogAppender.java:mayWait(151)) - 184f8745-87b2-4e99-a45f-65699ea3d23a@group-E3A6A8179DE3->32e42665-1ab0-48a3-a2c9-2acd34f32d8a-GrpcLogAppender: Wait interrupted by java.lang.InterruptedException
2019-11-17 03:52:45,916 [org.apache.ratis.server.impl.LogAppender$AppenderDaemon$$Lambda$523/2099180984@119f5246] WARN  server.GrpcLogAppender (GrpcLogAppender.java:mayWait(151)) - 184f8745-87b2-4e99-a45f-65699ea3d23a@group-E3A6A8179DE3->ba5892b9-6c59-461c-9c66-42a016b87fd7-GrpcLogAppender: Wait interrupted by java.lang.InterruptedException
2019-11-17 03:52:45,928 [Command processor thread] INFO  impl.StateMachineUpdater (StateMachineUpdater.java:stopAndJoin(136)) - 184f8745-87b2-4e99-a45f-65699ea3d23a@group-E3A6A8179DE3-StateMachineUpdater: set stopIndex = 77
2019-11-17 03:52:45,928 [184f8745-87b2-4e99-a45f-65699ea3d23a@group-E3A6A8179DE3-StateMachineUpdater] INFO  ratis.ContainerStateMachine (ContainerStateMachine.java:takeSnapshot(285)) - group-E3A6A8179DE3: Taking a snapshot at:(t:2, i:75) file /workdir/hadoop-ozone/tools/target/test-dir/MiniOzoneClusterImpl-9d0b20f4-8c7b-4f48-80eb-a32d4257ffa6/datanode-0/data/ratis/0dd615ad-4b28-4130-b0e9-e3a6a8179de3/sm/snapshot.2_75
2019-11-17 03:52:45,928 [grpc-default-executor-2] INFO  server.GrpcServerProtocolService (GrpcServerProtocolService.java:onCompleted(113)) - ba5892b9-6c59-461c-9c66-42a016b87fd7: Completed APPEND_ENTRIES, lastRequest: 184f8745-87b2-4e99-a45f-65699ea3d23a->ba5892b9-6c59-461c-9c66-42a016b87fd7#80-t2, previous=(t:2, i:77), leaderCommit=77, initializing? false, entries: <empty>
2019-11-17 03:52:45,928 [grpc-default-executor-4] INFO  server.GrpcServerProtocolService (GrpcServerProtocolService.java:onCompleted(113)) - 32e42665-1ab0-48a3-a2c9-2acd34f32d8a: Completed APPEND_ENTRIES, lastRequest: 184f8745-87b2-4e99-a45f-65699ea3d23a->32e42665-1ab0-48a3-a2c9-2acd34f32d8a#80-t2, previous=(t:2, i:77), leaderCommit=77, initializing? false, entries: <empty>
2019-11-17 03:52:45,930 [grpc-default-executor-4] INFO  server.GrpcLogAppender (GrpcLogAppender.java:onCompleted(308)) - 184f8745-87b2-4e99-a45f-65699ea3d23a@group-E3A6A8179DE3->ba5892b9-6c59-461c-9c66-42a016b87fd7-AppendLogResponseHandler: follower responses appendEntries COMPLETED
2019-11-17 03:52:45,930 [grpc-default-executor-2] INFO  server.GrpcLogAppender (GrpcLogAppender.java:onCompleted(308)) - 184f8745-87b2-4e99-a45f-65699ea3d23a@group-E3A6A8179DE3->32e42665-1ab0-48a3-a2c9-2acd34f32d8a-AppendLogResponseHandler: follower responses appendEntries COMPLETED
2019-11-17 03:52:45,937 [grpc-default-executor-4] INFO  impl.FollowerInfo (FollowerInfo.java:lambda$new$0(51)) - 184f8745-87b2-4e99-a45f-65699ea3d23a@group-E3A6A8179DE3->ba5892b9-6c59-461c-9c66-42a016b87fd7: nextIndex: updateUnconditionally 78 -> 77
2019-11-17 03:52:45,937 [grpc-default-executor-2] INFO  impl.FollowerInfo (FollowerInfo.java:lambda$new$0(51)) - 184f8745-87b2-4e99-a45f-65699ea3d23a@group-E3A6A8179DE3->32e42665-1ab0-48a3-a2c9-2acd34f32d8a: nextIndex: updateUnconditionally 78 -> 77
2019-11-17 03:52:45,974 [ba5892b9-6c59-461c-9c66-42a016b87fd7@group-E3A6A8179DE3-StateMachineUpdater] INFO  ratis.ContainerStateMachine (ContainerStateMachine.java:takeSnapshot(296)) - group-E3A6A8179DE3: Finished taking a snapshot at:(t:2, i:75) file:/workdir/hadoop-ozone/tools/target/test-dir/MiniOzoneClusterImpl-9d0b20f4-8c7b-4f48-80eb-a32d4257ffa6/datanode-2/data/ratis/0dd615ad-4b28-4130-b0e9-e3a6a8179de3/sm/snapshot.2_75 time:59
2019-11-17 03:52:45,974 [32e42665-1ab0-48a3-a2c9-2acd34f32d8a@group-E3A6A8179DE3-StateMachineUpdater] INFO  ratis.ContainerStateMachine (ContainerStateMachine.java:takeSnapshot(296)) - group-E3A6A8179DE3: Finished taking a snapshot at:(t:2, i:75) file:/workdir/hadoop-ozone/tools/target/test-dir/MiniOzoneClusterImpl-9d0b20f4-8c7b-4f48-80eb-a32d4257ffa6/datanode-1/data/ratis/0dd615ad-4b28-4130-b0e9-e3a6a8179de3/sm/snapshot.2_75 time:56
2019-11-17 03:52:45,974 [184f8745-87b2-4e99-a45f-65699ea3d23a@group-E3A6A8179DE3-StateMachineUpdater] INFO  ratis.ContainerStateMachine (ContainerStateMachine.java:takeSnapshot(296)) - group-E3A6A8179DE3: Finished taking a snapshot at:(t:2, i:75) file:/workdir/hadoop-ozone/tools/target/test-dir/MiniOzoneClusterImpl-9d0b20f4-8c7b-4f48-80eb-a32d4257ffa6/datanode-0/data/ratis/0dd615ad-4b28-4130-b0e9-e3a6a8179de3/sm/snapshot.2_75 time:46
2019-11-17 03:52:45,977 [184f8745-87b2-4e99-a45f-65699ea3d23a@group-E3A6A8179DE3-StateMachineUpdater] INFO  impl.StateMachineUpdater (StateMachineUpdater.java:takeSnapshot(269)) - 184f8745-87b2-4e99-a45f-65699ea3d23a@group-E3A6A8179DE3-StateMachineUpdater: Took a snapshot at index 75
2019-11-17 03:52:45,977 [32e42665-1ab0-48a3-a2c9-2acd34f32d8a@group-E3A6A8179DE3-StateMachineUpdater] INFO  impl.StateMachineUpdater (StateMachineUpdater.java:takeSnapshot(269)) - 32e42665-1ab0-48a3-a2c9-2acd34f32d8a@group-E3A6A8179DE3-StateMachineUpdater: Took a snapshot at index 75
2019-11-17 03:52:45,977 [ba5892b9-6c59-461c-9c66-42a016b87fd7@group-E3A6A8179DE3-StateMachineUpdater] INFO  impl.StateMachineUpdater (StateMachineUpdater.java:takeSnapshot(269)) - ba5892b9-6c59-461c-9c66-42a016b87fd7@group-E3A6A8179DE3-StateMachineUpdater: Took a snapshot at index 75
2019-11-17 03:52:45,977 [32e42665-1ab0-48a3-a2c9-2acd34f32d8a@group-E3A6A8179DE3-StateMachineUpdater] INFO  impl.StateMachineUpdater (StateMachineUpdater.java:lambda$new$0(84)) - 32e42665-1ab0-48a3-a2c9-2acd34f32d8a@group-E3A6A8179DE3-StateMachineUpdater: snapshotIndex: updateIncreasingly -1 -> 75
2019-11-17 03:52:45,977 [184f8745-87b2-4e99-a45f-65699ea3d23a@group-E3A6A8179DE3-StateMachineUpdater] INFO  impl.StateMachineUpdater (StateMachineUpdater.java:lambda$new$0(84)) - 184f8745-87b2-4e99-a45f-65699ea3d23a@group-E3A6A8179DE3-StateMachineUpdater: snapshotIndex: updateIncreasingly -1 -> 75
2019-11-17 03:52:45,977 [ba5892b9-6c59-461c-9c66-42a016b87fd7@group-E3A6A8179DE3-StateMachineUpdater] INFO  impl.StateMachineUpdater (StateMachineUpdater.java:lambda$new$0(84)) - ba5892b9-6c59-461c-9c66-42a016b87fd7@group-E3A6A8179DE3-StateMachineUpdater: snapshotIndex: updateIncreasingly -1 -> 75
2019-11-17 03:52:45,984 [ba5892b9-6c59-461c-9c66-42a016b87fd7@group-E3A6A8179DE3-StateMachineUpdater] INFO  ratis.ContainerStateMachine (ContainerStateMachine.java:takeSnapshot(285)) - group-E3A6A8179DE3: Taking a snapshot at:(t:2, i:75) file /workdir/hadoop-ozone/tools/target/test-dir/MiniOzoneClusterImpl-9d0b20f4-8c7b-4f48-80eb-a32d4257ffa6/datanode-2/data/ratis/0dd615ad-4b28-4130-b0e9-e3a6a8179de3/sm/snapshot.2_75
2019-11-17 03:52:45,984 [32e42665-1ab0-48a3-a2c9-2acd34f32d8a@group-E3A6A8179DE3-StateMachineUpdater] INFO  ratis.ContainerStateMachine (ContainerStateMachine.java:takeSnapshot(285)) - group-E3A6A8179DE3: Taking a snapshot at:(t:2, i:75) file /workdir/hadoop-ozone/tools/target/test-dir/MiniOzoneClusterImpl-9d0b20f4-8c7b-4f48-80eb-a32d4257ffa6/datanode-1/data/ratis/0dd615ad-4b28-4130-b0e9-e3a6a8179de3/sm/snapshot.2_75
2019-11-17 03:52:45,984 [184f8745-87b2-4e99-a45f-65699ea3d23a@group-E3A6A8179DE3-StateMachineUpdater] INFO  ratis.ContainerStateMachine (ContainerStateMachine.java:takeSnapshot(285)) - group-E3A6A8179DE3: Taking a snapshot at:(t:2, i:75) file /workdir/hadoop-ozone/tools/target/test-dir/MiniOzoneClusterImpl-9d0b20f4-8c7b-4f48-80eb-a32d4257ffa6/datanode-0/data/ratis/0dd615ad-4b28-4130-b0e9-e3a6a8179de3/sm/snapshot.2_75
2019-11-17 03:52:46,005 [ba5892b9-6c59-461c-9c66-42a016b87fd7@group-E3A6A8179DE3-StateMachineUpdater] INFO  ratis.ContainerStateMachine (ContainerStateMachine.java:takeSnapshot(296)) - group-E3A6A8179DE3: Finished taking a snapshot at:(t:2, i:75) file:/workdir/hadoop-ozone/tools/target/test-dir/MiniOzoneClusterImpl-9d0b20f4-8c7b-4f48-80eb-a32d4257ffa6/datanode-2/data/ratis/0dd615ad-4b28-4130-b0e9-e3a6a8179de3/sm/snapshot.2_75 time:22
2019-11-17 03:52:46,005 [184f8745-87b2-4e99-a45f-65699ea3d23a@group-E3A6A8179DE3-StateMachineUpdater] INFO  ratis.ContainerStateMachine (ContainerStateMachine.java:takeSnapshot(296)) - group-E3A6A8179DE3: Finished taking a snapshot at:(t:2, i:75) file:/workdir/hadoop-ozone/tools/target/test-dir/MiniOzoneClusterImpl-9d0b20f4-8c7b-4f48-80eb-a32d4257ffa6/datanode-0/data/ratis/0dd615ad-4b28-4130-b0e9-e3a6a8179de3/sm/snapshot.2_75 time:22
2019-11-17 03:52:46,006 [ba5892b9-6c59-461c-9c66-42a016b87fd7@group-E3A6A8179DE3-StateMachineUpdater] INFO  impl.StateMachineUpdater (StateMachineUpdater.java:takeSnapshot(269)) - ba5892b9-6c59-461c-9c66-42a016b87fd7@group-E3A6A8179DE3-StateMachineUpdater: Took a snapshot at index 75
2019-11-17 03:52:46,005 [32e42665-1ab0-48a3-a2c9-2acd34f32d8a@group-E3A6A8179DE3-StateMachineUpdater] INFO  ratis.ContainerStateMachine (ContainerStateMachine.java:takeSnapshot(296)) - group-E3A6A8179DE3: Finished taking a snapshot at:(t:2, i:75) file:/workdir/hadoop-ozone/tools/target/test-dir/MiniOzoneClusterImpl-9d0b20f4-8c7b-4f48-80eb-a32d4257ffa6/datanode-1/data/ratis/0dd615ad-4b28-4130-b0e9-e3a6a8179de3/sm/snapshot.2_75 time:22
2019-11-17 03:52:46,006 [ba5892b9-6c59-461c-9c66-42a016b87fd7@group-E3A6A8179DE3-StateMachineUpdater] INFO  impl.StateMachineUpdater (StateMachineUpdater.java:lambda$new$0(84)) - ba5892b9-6c59-461c-9c66-42a016b87fd7@group-E3A6A8179DE3-StateMachineUpdater: snapshotIndex: updateIncreasingly 75 -> 75
2019-11-17 03:52:46,006 [184f8745-87b2-4e99-a45f-65699ea3d23a@group-E3A6A8179DE3-StateMachineUpdater] INFO  impl.StateMachineUpdater (StateMachineUpdater.java:takeSnapshot(269)) - 184f8745-87b2-4e99-a45f-65699ea3d23a@group-E3A6A8179DE3-StateMachineUpdater: Took a snapshot at index 75
2019-11-17 03:52:46,006 [32e42665-1ab0-48a3-a2c9-2acd34f32d8a@group-E3A6A8179DE3-StateMachineUpdater] INFO  impl.StateMachineUpdater (StateMachineUpdater.java:takeSnapshot(269)) - 32e42665-1ab0-48a3-a2c9-2acd34f32d8a@group-E3A6A8179DE3-StateMachineUpdater: Took a snapshot at index 75
2019-11-17 03:52:46,006 [184f8745-87b2-4e99-a45f-65699ea3d23a@group-E3A6A8179DE3-StateMachineUpdater] INFO  impl.StateMachineUpdater (StateMachineUpdater.java:lambda$new$0(84)) - 184f8745-87b2-4e99-a45f-65699ea3d23a@group-E3A6A8179DE3-StateMachineUpdater: snapshotIndex: updateIncreasingly 75 -> 75
2019-11-17 03:52:46,007 [Command processor thread] INFO  impl.RaftServerImpl (ServerState.java:close(387)) - ba5892b9-6c59-461c-9c66-42a016b87fd7@group-E3A6A8179DE3: closes. applyIndex: 77
2019-11-17 03:52:46,006 [32e42665-1ab0-48a3-a2c9-2acd34f32d8a@group-E3A6A8179DE3-StateMachineUpdater] INFO  impl.StateMachineUpdater (StateMachineUpdater.java:lambda$new$0(84)) - 32e42665-1ab0-48a3-a2c9-2acd34f32d8a@group-E3A6A8179DE3-StateMachineUpdater: snapshotIndex: updateIncreasingly 75 -> 75
2019-11-17 03:52:46,007 [Command processor thread] INFO  impl.RaftServerImpl (ServerState.java:close(387)) - 184f8745-87b2-4e99-a45f-65699ea3d23a@group-E3A6A8179DE3: closes. applyIndex: 77
2019-11-17 03:52:46,008 [Command processor thread] INFO  impl.RaftServerImpl (ServerState.java:close(387)) - 32e42665-1ab0-48a3-a2c9-2acd34f32d8a@group-E3A6A8179DE3: closes. applyIndex: 77
2019-11-17 03:52:46,010 [ba5892b9-6c59-461c-9c66-42a016b87fd7@group-E3A6A8179DE3-SegmentedRaftLogWorker] INFO  segmented.SegmentedRaftLogWorker (SegmentedRaftLogWorker.java:run(316)) - ba5892b9-6c59-461c-9c66-42a016b87fd7@group-E3A6A8179DE3-SegmentedRaftLogWorker was interrupted, exiting. There are 0 tasks remaining in the queue.
2019-11-17 03:52:46,010 [184f8745-87b2-4e99-a45f-65699ea3d23a@group-E3A6A8179DE3-SegmentedRaftLogWorker] INFO  segmented.SegmentedRaftLogWorker (SegmentedRaftLogWorker.java:run(316)) - 184f8745-87b2-4e99-a45f-65699ea3d23a@group-E3A6A8179DE3-SegmentedRaftLogWorker was interrupted, exiting. There are 0 tasks remaining in the queue.
2019-11-17 03:52:46,010 [32e42665-1ab0-48a3-a2c9-2acd34f32d8a@group-E3A6A8179DE3-SegmentedRaftLogWorker] INFO  segmented.SegmentedRaftLogWorker (SegmentedRaftLogWorker.java:run(316)) - 32e42665-1ab0-48a3-a2c9-2acd34f32d8a@group-E3A6A8179DE3-SegmentedRaftLogWorker was interrupted, exiting. There are 0 tasks remaining in the queue.
2019-11-17 03:52:46,013 [Command processor thread] INFO  segmented.SegmentedRaftLogWorker (SegmentedRaftLogWorker.java:close(224)) - 184f8745-87b2-4e99-a45f-65699ea3d23a@group-E3A6A8179DE3-SegmentedRaftLogWorker close()
2019-11-17 03:52:46,013 [Command processor thread] INFO  segmented.SegmentedRaftLogWorker (SegmentedRaftLogWorker.java:close(224)) - ba5892b9-6c59-461c-9c66-42a016b87fd7@group-E3A6A8179DE3-SegmentedRaftLogWorker close()
2019-11-17 03:52:46,013 [Command processor thread] INFO  segmented.SegmentedRaftLogWorker (SegmentedRaftLogWorker.java:close(224)) - 32e42665-1ab0-48a3-a2c9-2acd34f32d8a@group-E3A6A8179DE3-SegmentedRaftLogWorker close()
2019-11-17 03:52:46,077 [Command processor thread] INFO  interfaces.Container (KeyValueContainer.java:flushAndSyncDB(400)) - Container 1 is synced with bcsId 59.
2019-11-17 03:52:46,077 [Command processor thread] INFO  interfaces.Container (KeyValueContainer.java:flushAndSyncDB(400)) - Container 1 is synced with bcsId 59.
2019-11-17 03:52:46,078 [Command processor thread] INFO  interfaces.Container (KeyValueContainer.java:flushAndSyncDB(400)) - Container 1 is synced with bcsId 59.
2019-11-17 03:52:46,077 [Command processor thread] INFO  interfaces.Container (KeyValueContainer.java:flushAndSyncDB(400)) - Container 1 is synced with bcsId 59.
2019-11-17 03:52:46,078 [Command processor thread] INFO  interfaces.Container (KeyValueContainer.java:flushAndSyncDB(400)) - Container 1 is synced with bcsId 59.
2019-11-17 03:52:46,078 [Command processor thread] INFO  interfaces.Container (KeyValueContainer.java:flushAndSyncDB(400)) - Container 1 is synced with bcsId 59.
2019-11-17 03:52:46,104 [EventQueue-IncrementalContainerReportForIncrementalContainerReportHandler] INFO  container.IncrementalContainerReportHandler (AbstractContainerReportHandler.java:updateContainerState(171)) - Moving container #1 to QUASI_CLOSED state, datanode 184f8745-87b2-4e99-a45f-65699ea3d23a{ip: 192.168.157.238, host: pr-hdds-2386-9cmxp-1319188337, networkLocation: /default-rack, certSerialId: null} reported QUASI_CLOSED replica.
2019-11-17 03:52:46,146 [Command processor thread] INFO  interfaces.Container (KeyValueContainer.java:flushAndSyncDB(400)) - Container 2 is synced with bcsId 75.
2019-11-17 03:52:46,146 [Command processor thread] INFO  interfaces.Container (KeyValueContainer.java:flushAndSyncDB(400)) - Container 2 is synced with bcsId 75.
 0.00% |?                                                                                                    |  0/1 Time: 0:00:022019-11-17 03:52:46,207 [Command processor thread] INFO  interfaces.Container (KeyValueContainer.java:flushAndSyncDB(400)) - Container 2 is synced with bcsId 75.
2019-11-17 03:52:46,207 [Command processor thread] INFO  interfaces.Container (KeyValueContainer.java:flushAndSyncDB(400)) - Container 2 is synced with bcsId 75.
2019-11-17 03:52:46,207 [Command processor thread] INFO  interfaces.Container (KeyValueContainer.java:flushAndSyncDB(400)) - Container 2 is synced with bcsId 75.
2019-11-17 03:52:46,208 [Command processor thread] INFO  interfaces.Container (KeyValueContainer.java:flushAndSyncDB(400)) - Container 2 is synced with bcsId 75.
2019-11-17 03:52:46,233 [EventQueue-IncrementalContainerReportForIncrementalContainerReportHandler] INFO  container.IncrementalContainerReportHandler (AbstractContainerReportHandler.java:updateContainerState(171)) - Moving container #2 to QUASI_CLOSED state, datanode 32e42665-1ab0-48a3-a2c9-2acd34f32d8a{ip: 192.168.157.238, host: pr-hdds-2386-9cmxp-1319188337, networkLocation: /default-rack, certSerialId: null} reported QUASI_CLOSED replica.
2019-11-17 03:52:46,259 [Command processor thread] INFO  interfaces.Container (KeyValueContainer.java:flushAndSyncDB(400)) - Container 3 is synced with bcsId 41.
2019-11-17 03:52:46,259 [Command processor thread] INFO  interfaces.Container (KeyValueContainer.java:flushAndSyncDB(400)) - Container 3 is synced with bcsId 41.
2019-11-17 03:52:46,272 [Command processor thread] INFO  interfaces.Container (KeyValueContainer.java:flushAndSyncDB(400)) - Container 3 is synced with bcsId 41.
2019-11-17 03:52:46,272 [Command processor thread] INFO  interfaces.Container (KeyValueContainer.java:flushAndSyncDB(400)) - Container 3 is synced with bcsId 41.
2019-11-17 03:52:46,272 [Command processor thread] INFO  interfaces.Container (KeyValueContainer.java:flushAndSyncDB(400)) - Container 3 is synced with bcsId 41.
2019-11-17 03:52:46,272 [Command processor thread] INFO  interfaces.Container (KeyValueContainer.java:flushAndSyncDB(400)) - Container 3 is synced with bcsId 41.
2019-11-17 03:52:46,296 [Command processor thread] INFO  commandhandler.ClosePipelineCommandHandler (ClosePipelineCommandHandler.java:handle(78)) - Close Pipeline #id: "0dd615ad-4b28-4130-b0e9-e3a6a8179de3"
 command on datanode #184f8745-87b2-4e99-a45f-65699ea3d23a.
2019-11-17 03:52:46,296 [Command processor thread] INFO  commandhandler.ClosePipelineCommandHandler (ClosePipelineCommandHandler.java:handle(78)) - Close Pipeline #id: "0dd615ad-4b28-4130-b0e9-e3a6a8179de3"
 command on datanode #32e42665-1ab0-48a3-a2c9-2acd34f32d8a.
2019-11-17 03:52:46,296 [Command processor thread] INFO  commandhandler.ClosePipelineCommandHandler (ClosePipelineCommandHandler.java:handle(78)) - Close Pipeline #id: "0dd615ad-4b28-4130-b0e9-e3a6a8179de3"
 command on datanode #ba5892b9-6c59-461c-9c66-42a016b87fd7.
2019-11-17 03:52:46,298 [EventQueue-IncrementalContainerReportForIncrementalContainerReportHandler] INFO  container.IncrementalContainerReportHandler (AbstractContainerReportHandler.java:updateContainerState(171)) - Moving container #3 to QUASI_CLOSED state, datanode ba5892b9-6c59-461c-9c66-42a016b87fd7{ip: 192.168.157.238, host: pr-hdds-2386-9cmxp-1319188337, networkLocation: /default-rack, certSerialId: null} reported QUASI_CLOSED replica.
2019-11-17 03:52:46,302 [Command processor thread] INFO  impl.RaftServerProxy (RaftServerProxy.java:addNew(89)) - ba5892b9-6c59-461c-9c66-42a016b87fd7: addNew group-FAA83CE31278:[184f8745-87b2-4e99-a45f-65699ea3d23a:192.168.157.238:46820, 32e42665-1ab0-48a3-a2c9-2acd34f32d8a:192.168.157.238:42433, ba5892b9-6c59-461c-9c66-42a016b87fd7:192.168.157.238:36872] returns group-FAA83CE31278:java.util.concurrent.CompletableFuture@719408f1[Not completed]
2019-11-17 03:52:46,302 [Command processor thread] INFO  impl.RaftServerProxy (RaftServerProxy.java:addNew(89)) - 184f8745-87b2-4e99-a45f-65699ea3d23a: addNew group-FAA83CE31278:[184f8745-87b2-4e99-a45f-65699ea3d23a:192.168.157.238:46820, 32e42665-1ab0-48a3-a2c9-2acd34f32d8a:192.168.157.238:42433, ba5892b9-6c59-461c-9c66-42a016b87fd7:192.168.157.238:36872] returns group-FAA83CE31278:java.util.concurrent.CompletableFuture@5beb03fe[Not completed]
2019-11-17 03:52:46,302 [Command processor thread] INFO  impl.RaftServerProxy (RaftServerProxy.java:addNew(89)) - 32e42665-1ab0-48a3-a2c9-2acd34f32d8a: addNew group-FAA83CE31278:[184f8745-87b2-4e99-a45f-65699ea3d23a:192.168.157.238:46820, 32e42665-1ab0-48a3-a2c9-2acd34f32d8a:192.168.157.238:42433, ba5892b9-6c59-461c-9c66-42a016b87fd7:192.168.157.238:36872] returns group-FAA83CE31278:java.util.concurrent.CompletableFuture@4ab3a204[Not completed]
2019-11-17 03:52:46,305 [pool-47-thread-1] INFO  impl.RaftServerImpl (RaftServerImpl.java:<init>(98)) - ba5892b9-6c59-461c-9c66-42a016b87fd7: new RaftServerImpl for group-FAA83CE31278:[184f8745-87b2-4e99-a45f-65699ea3d23a:192.168.157.238:46820, 32e42665-1ab0-48a3-a2c9-2acd34f32d8a:192.168.157.238:42433, ba5892b9-6c59-461c-9c66-42a016b87fd7:192.168.157.238:36872] with ContainerStateMachine:uninitialized
2019-11-17 03:52:46,306 [pool-47-thread-1] INFO  server.RaftServerConfigKeys (ConfUtils.java:logGet(43)) - raft.server.rpc.timeout.min = 5s (custom)
2019-11-17 03:52:46,306 [pool-47-thread-1] INFO  server.RaftServerConfigKeys (ConfUtils.java:logGet(43)) - raft.server.rpc.timeout.max = 5200ms (custom)
2019-11-17 03:52:46,306 [pool-47-thread-1] INFO  server.RaftServerConfigKeys (ConfUtils.java:logGet(43)) - raft.server.rpcslowness.timeout = 120s (custom)
2019-11-17 03:52:46,306 [pool-47-thread-1] INFO  server.RaftServerConfigKeys (ConfUtils.java:logGet(43)) - raft.server.sleep.deviation.threshold = 300 (default)
2019-11-17 03:52:46,307 [pool-47-thread-1] INFO  server.RaftServerConfigKeys (ConfUtils.java:logGet(43)) - raft.server.log.appender.install.snapshot.enabled = false (custom)
2019-11-17 03:52:46,307 [pool-47-thread-1] INFO  impl.RaftServerImpl (ServerState.java:<init>(103)) - ba5892b9-6c59-461c-9c66-42a016b87fd7@group-FAA83CE31278: ConfigurationManager, init=-1: [184f8745-87b2-4e99-a45f-65699ea3d23a:192.168.157.238:46820, 32e42665-1ab0-48a3-a2c9-2acd34f32d8a:192.168.157.238:42433, ba5892b9-6c59-461c-9c66-42a016b87fd7:192.168.157.238:36872], old=null, confs=<EMPTY_MAP>
2019-11-17 03:52:46,307 [pool-27-thread-1] INFO  impl.RaftServerImpl (RaftServerImpl.java:<init>(98)) - 184f8745-87b2-4e99-a45f-65699ea3d23a: new RaftServerImpl for group-FAA83CE31278:[184f8745-87b2-4e99-a45f-65699ea3d23a:192.168.157.238:46820, 32e42665-1ab0-48a3-a2c9-2acd34f32d8a:192.168.157.238:42433, ba5892b9-6c59-461c-9c66-42a016b87fd7:192.168.157.238:36872] with ContainerStateMachine:uninitialized
2019-11-17 03:52:46,307 [pool-47-thread-1] INFO  server.RaftServerConfigKeys (ConfUtils.java:logGet(43)) - raft.server.storage.dir = [/workdir/hadoop-ozone/tools/target/test-dir/MiniOzoneClusterImpl-9d0b20f4-8c7b-4f48-80eb-a32d4257ffa6/datanode-2/data/ratis] (custom)
2019-11-17 03:52:46,307 [pool-27-thread-1] INFO  server.RaftServerConfigKeys (ConfUtils.java:logGet(43)) - raft.server.rpc.timeout.min = 5s (custom)
2019-11-17 03:52:46,308 [pool-27-thread-1] INFO  server.RaftServerConfigKeys (ConfUtils.java:logGet(43)) - raft.server.rpc.timeout.max = 5200ms (custom)
2019-11-17 03:52:46,308 [pool-27-thread-1] INFO  server.RaftServerConfigKeys (ConfUtils.java:logGet(43)) - raft.server.rpcslowness.timeout = 120s (custom)
2019-11-17 03:52:46,308 [pool-47-thread-1] INFO  server.RaftServerConfigKeys (ConfUtils.java:logGet(43)) - raft.server.log.corruption.policy = EXCEPTION (default)
2019-11-17 03:52:46,308 [pool-27-thread-1] INFO  server.RaftServerConfigKeys (ConfUtils.java:logGet(43)) - raft.server.sleep.deviation.threshold = 300 (default)
2019-11-17 03:52:46,308 [pool-37-thread-1] INFO  impl.RaftServerImpl (RaftServerImpl.java:<init>(98)) - 32e42665-1ab0-48a3-a2c9-2acd34f32d8a: new RaftServerImpl for group-FAA83CE31278:[184f8745-87b2-4e99-a45f-65699ea3d23a:192.168.157.238:46820, 32e42665-1ab0-48a3-a2c9-2acd34f32d8a:192.168.157.238:42433, ba5892b9-6c59-461c-9c66-42a016b87fd7:192.168.157.238:36872] with ContainerStateMachine:uninitialized
2019-11-17 03:52:46,308 [pool-47-thread-1] INFO  storage.RaftStorageDirectory (RaftStorageDirectory.java:analyzeStorage(246)) - The storage directory /workdir/hadoop-ozone/tools/target/test-dir/MiniOzoneClusterImpl-9d0b20f4-8c7b-4f48-80eb-a32d4257ffa6/datanode-2/data/ratis/47fa4a84-e323-4e9c-b6c1-faa83ce31278 does not exist. Creating ...
2019-11-17 03:52:46,308 [pool-27-thread-1] INFO  server.RaftServerConfigKeys (ConfUtils.java:logGet(43)) - raft.server.log.appender.install.snapshot.enabled = false (custom)
2019-11-17 03:52:46,308 [pool-37-thread-1] INFO  server.RaftServerConfigKeys (ConfUtils.java:logGet(43)) - raft.server.rpc.timeout.min = 5s (custom)
2019-11-17 03:52:46,309 [pool-27-thread-1] INFO  impl.RaftServerImpl (ServerState.java:<init>(103)) - 184f8745-87b2-4e99-a45f-65699ea3d23a@group-FAA83CE31278: ConfigurationManager, init=-1: [184f8745-87b2-4e99-a45f-65699ea3d23a:192.168.157.238:46820, 32e42665-1ab0-48a3-a2c9-2acd34f32d8a:192.168.157.238:42433, ba5892b9-6c59-461c-9c66-42a016b87fd7:192.168.157.238:36872], old=null, confs=<EMPTY_MAP>
2019-11-17 03:52:46,309 [pool-37-thread-1] INFO  server.RaftServerConfigKeys (ConfUtils.java:logGet(43)) - raft.server.rpc.timeout.max = 5200ms (custom)
2019-11-17 03:52:46,309 [pool-27-thread-1] INFO  server.RaftServerConfigKeys (ConfUtils.java:logGet(43)) - raft.server.storage.dir = [/workdir/hadoop-ozone/tools/target/test-dir/MiniOzoneClusterImpl-9d0b20f4-8c7b-4f48-80eb-a32d4257ffa6/datanode-0/data/ratis] (custom)
2019-11-17 03:52:46,309 [pool-37-thread-1] INFO  server.RaftServerConfigKeys (ConfUtils.java:logGet(43)) - raft.server.rpcslowness.timeout = 120s (custom)
2019-11-17 03:52:46,309 [pool-37-thread-1] INFO  server.RaftServerConfigKeys (ConfUtils.java:logGet(43)) - raft.server.sleep.deviation.threshold = 300 (default)
2019-11-17 03:52:46,309 [pool-27-thread-1] INFO  server.RaftServerConfigKeys (ConfUtils.java:logGet(43)) - raft.server.log.corruption.policy = EXCEPTION (default)
2019-11-17 03:52:46,309 [pool-37-thread-1] INFO  server.RaftServerConfigKeys (ConfUtils.java:logGet(43)) - raft.server.log.appender.install.snapshot.enabled = false (custom)
2019-11-17 03:52:46,310 [pool-27-thread-1] INFO  storage.RaftStorageDirectory (RaftStorageDirectory.java:analyzeStorage(246)) - The storage directory /workdir/hadoop-ozone/tools/target/test-dir/MiniOzoneClusterImpl-9d0b20f4-8c7b-4f48-80eb-a32d4257ffa6/datanode-0/data/ratis/47fa4a84-e323-4e9c-b6c1-faa83ce31278 does not exist. Creating ...
2019-11-17 03:52:46,310 [pool-37-thread-1] INFO  impl.RaftServerImpl (ServerState.java:<init>(103)) - 32e42665-1ab0-48a3-a2c9-2acd34f32d8a@group-FAA83CE31278: ConfigurationManager, init=-1: [184f8745-87b2-4e99-a45f-65699ea3d23a:192.168.157.238:46820, 32e42665-1ab0-48a3-a2c9-2acd34f32d8a:192.168.157.238:42433, ba5892b9-6c59-461c-9c66-42a016b87fd7:192.168.157.238:36872], old=null, confs=<EMPTY_MAP>
2019-11-17 03:52:46,310 [pool-37-thread-1] INFO  server.RaftServerConfigKeys (ConfUtils.java:logGet(43)) - raft.server.storage.dir = [/workdir/hadoop-ozone/tools/target/test-dir/MiniOzoneClusterImpl-9d0b20f4-8c7b-4f48-80eb-a32d4257ffa6/datanode-1/data/ratis] (custom)
2019-11-17 03:52:46,319 [pool-37-thread-1] INFO  server.RaftServerConfigKeys (ConfUtils.java:logGet(43)) - raft.server.log.corruption.policy = EXCEPTION (default)
2019-11-17 03:52:46,319 [pool-37-thread-1] INFO  storage.RaftStorageDirectory (RaftStorageDirectory.java:analyzeStorage(246)) - The storage directory /workdir/hadoop-ozone/tools/target/test-dir/MiniOzoneClusterImpl-9d0b20f4-8c7b-4f48-80eb-a32d4257ffa6/datanode-1/data/ratis/47fa4a84-e323-4e9c-b6c1-faa83ce31278 does not exist. Creating ...
2019-11-17 03:52:46,335 [pool-27-thread-1] INFO  storage.RaftStorageDirectory (RaftStorageDirectory.java:tryLock(328)) - Lock on /workdir/hadoop-ozone/tools/target/test-dir/MiniOzoneClusterImpl-9d0b20f4-8c7b-4f48-80eb-a32d4257ffa6/datanode-0/data/ratis/47fa4a84-e323-4e9c-b6c1-faa83ce31278/in_use.lock acquired by nodename 31276@pr-hdds-2386-9cmxp-1319188337
2019-11-17 03:52:46,335 [pool-37-thread-1] INFO  storage.RaftStorageDirectory (RaftStorageDirectory.java:tryLock(328)) - Lock on /workdir/hadoop-ozone/tools/target/test-dir/MiniOzoneClusterImpl-9d0b20f4-8c7b-4f48-80eb-a32d4257ffa6/datanode-1/data/ratis/47fa4a84-e323-4e9c-b6c1-faa83ce31278/in_use.lock acquired by nodename 31276@pr-hdds-2386-9cmxp-1319188337
2019-11-17 03:52:46,335 [pool-47-thread-1] INFO  storage.RaftStorageDirectory (RaftStorageDirectory.java:tryLock(328)) - Lock on /workdir/hadoop-ozone/tools/target/test-dir/MiniOzoneClusterImpl-9d0b20f4-8c7b-4f48-80eb-a32d4257ffa6/datanode-2/data/ratis/47fa4a84-e323-4e9c-b6c1-faa83ce31278/in_use.lock acquired by nodename 31276@pr-hdds-2386-9cmxp-1319188337
2019-11-17 03:52:46,359 [pool-37-thread-1] INFO  storage.RaftStorage (RaftStorage.java:format(84)) - Storage directory /workdir/hadoop-ozone/tools/target/test-dir/MiniOzoneClusterImpl-9d0b20f4-8c7b-4f48-80eb-a32d4257ffa6/datanode-1/data/ratis/47fa4a84-e323-4e9c-b6c1-faa83ce31278 has been successfully formatted.
2019-11-17 03:52:46,359 [pool-27-thread-1] INFO  storage.RaftStorage (RaftStorage.java:format(84)) - Storage directory /workdir/hadoop-ozone/tools/target/test-dir/MiniOzoneClusterImpl-9d0b20f4-8c7b-4f48-80eb-a32d4257ffa6/datanode-0/data/ratis/47fa4a84-e323-4e9c-b6c1-faa83ce31278 has been successfully formatted.
2019-11-17 03:52:46,359 [pool-47-thread-1] INFO  storage.RaftStorage (RaftStorage.java:format(84)) - Storage directory /workdir/hadoop-ozone/tools/target/test-dir/MiniOzoneClusterImpl-9d0b20f4-8c7b-4f48-80eb-a32d4257ffa6/datanode-2/data/ratis/47fa4a84-e323-4e9c-b6c1-faa83ce31278 has been successfully formatted.
2019-11-17 03:52:46,359 [pool-27-thread-1] INFO  ratis.ContainerStateMachine (ContainerStateMachine.java:loadSnapshot(223)) - group-FAA83CE31278: The snapshot info is null. Setting the last applied indexto:(t:0, i:~)
2019-11-17 03:52:46,359 [pool-37-thread-1] INFO  ratis.ContainerStateMachine (ContainerStateMachine.java:loadSnapshot(223)) - group-FAA83CE31278: The snapshot info is null. Setting the last applied indexto:(t:0, i:~)
2019-11-17 03:52:46,360 [pool-27-thread-1] INFO  server.RaftServerConfigKeys (ConfUtils.java:logGet(43)) - raft.server.notification.no-leader.timeout = 120s (custom)
2019-11-17 03:52:46,360 [pool-47-thread-1] INFO  ratis.ContainerStateMachine (ContainerStateMachine.java:loadSnapshot(223)) - group-FAA83CE31278: The snapshot info is null. Setting the last applied indexto:(t:0, i:~)
2019-11-17 03:52:46,360 [pool-27-thread-1] INFO  server.RaftServerConfigKeys (ConfUtils.java:logGet(43)) - raft.server.log.use.memory = false (default)
2019-11-17 03:52:46,360 [pool-37-thread-1] INFO  server.RaftServerConfigKeys (ConfUtils.java:logGet(43)) - raft.server.notification.no-leader.timeout = 120s (custom)
2019-11-17 03:52:46,360 [pool-27-thread-1] INFO  server.RaftServerConfigKeys (ConfUtils.java:logGet(43)) - raft.server.log.purge.gap = 1000000 (custom)
2019-11-17 03:52:46,360 [pool-47-thread-1] INFO  server.RaftServerConfigKeys (ConfUtils.java:logGet(43)) - raft.server.notification.no-leader.timeout = 120s (custom)
2019-11-17 03:52:46,360 [pool-27-thread-1] INFO  server.RaftServerConfigKeys (ConfUtils.java:logGet(43)) - raft.server.log.appender.buffer.byte-limit = 33554432 (custom)
2019-11-17 03:52:46,360 [pool-37-thread-1] INFO  server.RaftServerConfigKeys (ConfUtils.java:logGet(43)) - raft.server.log.use.memory = false (default)
2019-11-17 03:52:46,361 [pool-27-thread-1] INFO  server.RaftServerConfigKeys (ConfUtils.java:logGet(43)) - raft.server.log.segment.size.max = 1048576 (custom)
2019-11-17 03:52:46,361 [pool-47-thread-1] INFO  server.RaftServerConfigKeys (ConfUtils.java:logGet(43)) - raft.server.log.use.memory = false (default)
2019-11-17 03:52:46,361 [pool-27-thread-1] INFO  server.RaftServerConfigKeys (ConfUtils.java:logGet(43)) - raft.server.log.segment.cache.num.max = 2 (custom)
2019-11-17 03:52:46,361 [pool-37-thread-1] INFO  server.RaftServerConfigKeys (ConfUtils.java:logGet(43)) - raft.server.log.purge.gap = 1000000 (custom)
2019-11-17 03:52:46,361 [pool-27-thread-1] INFO  segmented.SegmentedRaftLogWorker (SegmentedRaftLogWorker.java:<init>(173)) - new 184f8745-87b2-4e99-a45f-65699ea3d23a@group-FAA83CE31278-SegmentedRaftLogWorker for RaftStorage:Storage Directory /workdir/hadoop-ozone/tools/target/test-dir/MiniOzoneClusterImpl-9d0b20f4-8c7b-4f48-80eb-a32d4257ffa6/datanode-0/data/ratis/47fa4a84-e323-4e9c-b6c1-faa83ce31278
2019-11-17 03:52:46,361 [pool-47-thread-1] INFO  server.RaftServerConfigKeys (ConfUtils.java:logGet(43)) - raft.server.log.purge.gap = 1000000 (custom)
2019-11-17 03:52:46,362 [pool-27-thread-1] INFO  server.RaftServerConfigKeys (ConfUtils.java:logGet(43)) - raft.server.log.queue.byte-limit = 2147483647 (custom)
2019-11-17 03:52:46,361 [pool-37-thread-1] INFO  server.RaftServerConfigKeys (ConfUtils.java:logGet(43)) - raft.server.log.appender.buffer.byte-limit = 33554432 (custom)
2019-11-17 03:52:46,362 [pool-27-thread-1] INFO  server.RaftServerConfigKeys (ConfUtils.java:logGet(43)) - raft.server.log.queue.element-limit = 1024 (custom)
2019-11-17 03:52:46,362 [pool-47-thread-1] INFO  server.RaftServerConfigKeys (ConfUtils.java:logGet(43)) - raft.server.log.appender.buffer.byte-limit = 33554432 (custom)
2019-11-17 03:52:46,362 [pool-27-thread-1] INFO  server.RaftServerConfigKeys (ConfUtils.java:logGet(43)) - raft.server.log.segment.size.max = 1048576 (custom)
2019-11-17 03:52:46,362 [pool-37-thread-1] INFO  server.RaftServerConfigKeys (ConfUtils.java:logGet(43)) - raft.server.log.segment.size.max = 1048576 (custom)
2019-11-17 03:52:46,362 [pool-27-thread-1] INFO  server.RaftServerConfigKeys (ConfUtils.java:logGet(43)) - raft.server.log.preallocated.size = 16384 (custom)
2019-11-17 03:52:46,362 [pool-47-thread-1] INFO  server.RaftServerConfigKeys (ConfUtils.java:logGet(43)) - raft.server.log.segment.size.max = 1048576 (custom)
2019-11-17 03:52:46,363 [pool-27-thread-1] INFO  server.RaftServerConfigKeys (ConfUtils.java:logGet(43)) - raft.server.log.write.buffer.size = 33554432 (custom)
2019-11-17 03:52:46,363 [pool-37-thread-1] INFO  server.RaftServerConfigKeys (ConfUtils.java:logGet(43)) - raft.server.log.segment.cache.num.max = 2 (custom)
2019-11-17 03:52:46,363 [pool-27-thread-1] INFO  server.RaftServerConfigKeys (ConfUtils.java:logGet(43)) - raft.server.log.force.sync.num = 128 (default)
2019-11-17 03:52:46,363 [pool-47-thread-1] INFO  server.RaftServerConfigKeys (ConfUtils.java:logGet(43)) - raft.server.log.segment.cache.num.max = 2 (custom)
2019-11-17 03:52:46,363 [pool-27-thread-1] INFO  server.RaftServerConfigKeys (ConfUtils.java:logGet(43)) - raft.server.log.statemachine.data.sync = true (default)
2019-11-17 03:52:46,363 [pool-37-thread-1] INFO  segmented.SegmentedRaftLogWorker (SegmentedRaftLogWorker.java:<init>(173)) - new 32e42665-1ab0-48a3-a2c9-2acd34f32d8a@group-FAA83CE31278-SegmentedRaftLogWorker for RaftStorage:Storage Directory /workdir/hadoop-ozone/tools/target/test-dir/MiniOzoneClusterImpl-9d0b20f4-8c7b-4f48-80eb-a32d4257ffa6/datanode-1/data/ratis/47fa4a84-e323-4e9c-b6c1-faa83ce31278
2019-11-17 03:52:46,364 [pool-27-thread-1] INFO  server.RaftServerConfigKeys (ConfUtils.java:logGet(43)) - raft.server.log.statemachine.data.sync.timeout = 10s (default)
2019-11-17 03:52:46,363 [pool-47-thread-1] INFO  segmented.SegmentedRaftLogWorker (SegmentedRaftLogWorker.java:<init>(173)) - new ba5892b9-6c59-461c-9c66-42a016b87fd7@group-FAA83CE31278-SegmentedRaftLogWorker for RaftStorage:Storage Directory /workdir/hadoop-ozone/tools/target/test-dir/MiniOzoneClusterImpl-9d0b20f4-8c7b-4f48-80eb-a32d4257ffa6/datanode-2/data/ratis/47fa4a84-e323-4e9c-b6c1-faa83ce31278
2019-11-17 03:52:46,364 [pool-27-thread-1] INFO  server.RaftServerConfigKeys (ConfUtils.java:logGet(43)) - raft.server.log.statemachine.data.sync.timeout.retry = -1 (default)
2019-11-17 03:52:46,364 [pool-37-thread-1] INFO  server.RaftServerConfigKeys (ConfUtils.java:logGet(43)) - raft.server.log.queue.byte-limit = 2147483647 (custom)
2019-11-17 03:52:46,364 [pool-47-thread-1] INFO  server.RaftServerConfigKeys (ConfUtils.java:logGet(43)) - raft.server.log.queue.byte-limit = 2147483647 (custom)
2019-11-17 03:52:46,364 [pool-37-thread-1] INFO  server.RaftServerConfigKeys (ConfUtils.java:logGet(43)) - raft.server.log.queue.element-limit = 1024 (custom)
2019-11-17 03:52:46,364 [pool-27-thread-1] INFO  server.RaftServerConfigKeys (ConfUtils.java:logGet(43)) - raft.server.log.statemachine.data.caching.enabled = true (custom)
2019-11-17 03:52:46,365 [pool-37-thread-1] INFO  server.RaftServerConfigKeys (ConfUtils.java:logGet(43)) - raft.server.log.segment.size.max = 1048576 (custom)
2019-11-17 03:52:46,364 [pool-47-thread-1] INFO  server.RaftServerConfigKeys (ConfUtils.java:logGet(43)) - raft.server.log.queue.element-limit = 1024 (custom)
2019-11-17 03:52:46,365 [pool-37-thread-1] INFO  server.RaftServerConfigKeys (ConfUtils.java:logGet(43)) - raft.server.log.preallocated.size = 16384 (custom)
2019-11-17 03:52:46,365 [pool-27-thread-1] INFO  segmented.SegmentedRaftLogWorker (SegmentedRaftLogWorker.java:lambda$new$0(128)) - 184f8745-87b2-4e99-a45f-65699ea3d23a@group-FAA83CE31278-SegmentedRaftLogWorker: flushIndex: setUnconditionally 0 -> -1
2019-11-17 03:52:46,365 [pool-47-thread-1] INFO  server.RaftServerConfigKeys (ConfUtils.java:logGet(43)) - raft.server.log.segment.size.max = 1048576 (custom)
2019-11-17 03:52:46,365 [pool-37-thread-1] INFO  server.RaftServerConfigKeys (ConfUtils.java:logGet(43)) - raft.server.log.write.buffer.size = 33554432 (custom)
2019-11-17 03:52:46,365 [pool-27-thread-1] INFO  server.RaftServerConfigKeys (ConfUtils.java:logGet(43)) - raft.server.snapshot.auto.trigger.enabled = true (custom)
2019-11-17 03:52:46,365 [pool-47-thread-1] INFO  server.RaftServerConfigKeys (ConfUtils.java:logGet(43)) - raft.server.log.preallocated.size = 16384 (custom)
2019-11-17 03:52:46,366 [pool-27-thread-1] INFO  server.RaftServerConfigKeys (ConfUtils.java:logGet(43)) - raft.server.snapshot.auto.trigger.threshold = 10000 (custom)
2019-11-17 03:52:46,366 [pool-27-thread-1] INFO  server.RaftServerConfigKeys (ConfUtils.java:logGet(43)) - raft.server.snapshot.retention.file.num = 5 (custom)
2019-11-17 03:52:46,366 [pool-37-thread-1] INFO  server.RaftServerConfigKeys (ConfUtils.java:logGet(43)) - raft.server.log.force.sync.num = 128 (default)
2019-11-17 03:52:46,366 [pool-27-thread-1] INFO  server.RaftServerConfigKeys (ConfUtils.java:logGet(43)) - raft.server.retrycache.expirytime = 600000ms (custom)
2019-11-17 03:52:46,366 [pool-47-thread-1] INFO  server.RaftServerConfigKeys (ConfUtils.java:logGet(43)) - raft.server.log.write.buffer.size = 33554432 (custom)
2019-11-17 03:52:46,366 [pool-37-thread-1] INFO  server.RaftServerConfigKeys (ConfUtils.java:logGet(43)) - raft.server.log.statemachine.data.sync = true (default)
2019-11-17 03:52:46,367 [pool-27-thread-1] WARN  impl.MetricRegistriesImpl (MetricRegistriesImpl.java:lambda$create$1(61)) - First MetricRegistry has been created without registering reporters. You may need to call MetricRegistries.global().addReportRegistration(...) before.
2019-11-17 03:52:46,367 [pool-47-thread-1] INFO  server.RaftServerConfigKeys (ConfUtils.java:logGet(43)) - raft.server.log.force.sync.num = 128 (default)
2019-11-17 03:52:46,367 [pool-27-thread-1] WARN  impl.MetricRegistriesImpl (MetricRegistriesImpl.java:lambda$create$1(61)) - First MetricRegistry has been created without registering reporters. You may need to call MetricRegistries.global().addReportRegistration(...) before.
2019-11-17 03:52:46,367 [pool-37-thread-1] INFO  server.RaftServerConfigKeys (ConfUtils.java:logGet(43)) - raft.server.log.statemachine.data.sync.timeout = 10s (default)
2019-11-17 03:52:46,367 [pool-47-thread-1] INFO  server.RaftServerConfigKeys (ConfUtils.java:logGet(43)) - raft.server.log.statemachine.data.sync = true (default)
2019-11-17 03:52:46,368 [pool-37-thread-1] INFO  server.RaftServerConfigKeys (ConfUtils.java:logGet(43)) - raft.server.log.statemachine.data.sync.timeout.retry = -1 (default)
2019-11-17 03:52:46,367 [pool-27-thread-1] INFO  impl.RaftServerImpl (RaftServerImpl.java:start(184)) - 184f8745-87b2-4e99-a45f-65699ea3d23a@group-FAA83CE31278: start as a follower, conf=-1: [184f8745-87b2-4e99-a45f-65699ea3d23a:192.168.157.238:46820, 32e42665-1ab0-48a3-a2c9-2acd34f32d8a:192.168.157.238:42433, ba5892b9-6c59-461c-9c66-42a016b87fd7:192.168.157.238:36872], old=null
2019-11-17 03:52:46,368 [pool-47-thread-1] INFO  server.RaftServerConfigKeys (ConfUtils.java:logGet(43)) - raft.server.log.statemachine.data.sync.timeout = 10s (default)
2019-11-17 03:52:46,368 [pool-27-thread-1] INFO  impl.RaftServerImpl (RaftServerImpl.java:setRole(173)) - 184f8745-87b2-4e99-a45f-65699ea3d23a@group-FAA83CE31278: changes role from      null to FOLLOWER at term 0 for startAsFollower
2019-11-17 03:52:46,368 [pool-37-thread-1] INFO  server.RaftServerConfigKeys (ConfUtils.java:logGet(43)) - raft.server.log.statemachine.data.caching.enabled = true (custom)
2019-11-17 03:52:46,368 [pool-27-thread-1] INFO  impl.RoleInfo (RoleInfo.java:updateAndGet(143)) - 184f8745-87b2-4e99-a45f-65699ea3d23a: start FollowerState
2019-11-17 03:52:46,368 [pool-47-thread-1] INFO  server.RaftServerConfigKeys (ConfUtils.java:logGet(43)) - raft.server.log.statemachine.data.sync.timeout.retry = -1 (default)
2019-11-17 03:52:46,369 [pool-37-thread-1] INFO  segmented.SegmentedRaftLogWorker (SegmentedRaftLogWorker.java:lambda$new$0(128)) - 32e42665-1ab0-48a3-a2c9-2acd34f32d8a@group-FAA83CE31278-SegmentedRaftLogWorker: flushIndex: setUnconditionally 0 -> -1
2019-11-17 03:52:46,369 [pool-47-thread-1] INFO  server.RaftServerConfigKeys (ConfUtils.java:logGet(43)) - raft.server.log.statemachine.data.caching.enabled = true (custom)
2019-11-17 03:52:46,369 [pool-37-thread-1] INFO  server.RaftServerConfigKeys (ConfUtils.java:logGet(43)) - raft.server.snapshot.auto.trigger.enabled = true (custom)
2019-11-17 03:52:46,369 [pool-27-thread-1] INFO  util.JmxRegister (JmxRegister.java:tryRegister(44)) - Successfully registered JMX Bean with object name Ratis:service=RaftServer,group=group-FAA83CE31278,id=184f8745-87b2-4e99-a45f-65699ea3d23a
2019-11-17 03:52:46,369 [pool-37-thread-1] INFO  server.RaftServerConfigKeys (ConfUtils.java:logGet(43)) - raft.server.snapshot.auto.trigger.threshold = 10000 (custom)
2019-11-17 03:52:46,369 [pool-47-thread-1] INFO  segmented.SegmentedRaftLogWorker (SegmentedRaftLogWorker.java:lambda$new$0(128)) - ba5892b9-6c59-461c-9c66-42a016b87fd7@group-FAA83CE31278-SegmentedRaftLogWorker: flushIndex: setUnconditionally 0 -> -1
2019-11-17 03:52:46,370 [pool-37-thread-1] INFO  server.RaftServerConfigKeys (ConfUtils.java:logGet(43)) - raft.server.snapshot.retention.file.num = 5 (custom)
2019-11-17 03:52:46,369 [pool-27-thread-1] WARN  impl.MetricRegistriesImpl (MetricRegistriesImpl.java:lambda$create$1(61)) - First MetricRegistry has been created without registering reporters. You may need to call MetricRegistries.global().addReportRegistration(...) before.
2019-11-17 03:52:46,370 [pool-37-thread-1] INFO  server.RaftServerConfigKeys (ConfUtils.java:logGet(43)) - raft.server.retrycache.expirytime = 600000ms (custom)
2019-11-17 03:52:46,370 [pool-47-thread-1] INFO  server.RaftServerConfigKeys (ConfUtils.java:logGet(43)) - raft.server.snapshot.auto.trigger.enabled = true (custom)
2019-11-17 03:52:46,370 [pool-37-thread-1] WARN  impl.MetricRegistriesImpl (MetricRegistriesImpl.java:lambda$create$1(61)) - First MetricRegistry has been created without registering reporters. You may need to call MetricRegistries.global().addReportRegistration(...) before.
2019-11-17 03:52:46,370 [pool-47-thread-1] INFO  server.RaftServerConfigKeys (ConfUtils.java:logGet(43)) - raft.server.snapshot.auto.trigger.threshold = 10000 (custom)
2019-11-17 03:52:46,371 [Command processor thread] INFO  commandhandler.CreatePipelineCommandHandler (CreatePipelineCommandHandler.java:handle(86)) - Create Pipeline RATIS THREE #id: "47fa4a84-e323-4e9c-b6c1-faa83ce31278"
 command succeed on datanode 184f8745-87b2-4e99-a45f-65699ea3d23a.
2019-11-17 03:52:46,370 [pool-37-thread-1] WARN  impl.MetricRegistriesImpl (MetricRegistriesImpl.java:lambda$create$1(61)) - First MetricRegistry has been created without registering reporters. You may need to call MetricRegistries.global().addReportRegistration(...) before.
2019-11-17 03:52:46,371 [pool-47-thread-1] INFO  server.RaftServerConfigKeys (ConfUtils.java:logGet(43)) - raft.server.snapshot.retention.file.num = 5 (custom)
2019-11-17 03:52:46,371 [pool-37-thread-1] INFO  impl.RaftServerImpl (RaftServerImpl.java:start(184)) - 32e42665-1ab0-48a3-a2c9-2acd34f32d8a@group-FAA83CE31278: start as a follower, conf=-1: [184f8745-87b2-4e99-a45f-65699ea3d23a:192.168.157.238:46820, 32e42665-1ab0-48a3-a2c9-2acd34f32d8a:192.168.157.238:42433, ba5892b9-6c59-461c-9c66-42a016b87fd7:192.168.157.238:36872], old=null
2019-11-17 03:52:46,371 [pool-47-thread-1] INFO  server.RaftServerConfigKeys (ConfUtils.java:logGet(43)) - raft.server.retrycache.expirytime = 600000ms (custom)
2019-11-17 03:52:46,371 [pool-37-thread-1] INFO  impl.RaftServerImpl (RaftServerImpl.java:setRole(173)) - 32e42665-1ab0-48a3-a2c9-2acd34f32d8a@group-FAA83CE31278: changes role from      null to FOLLOWER at term 0 for startAsFollower
2019-11-17 03:52:46,371 [pool-47-thread-1] WARN  impl.MetricRegistriesImpl (MetricRegistriesImpl.java:lambda$create$1(61)) - First MetricRegistry has been created without registering reporters. You may need to call MetricRegistries.global().addReportRegistration(...) before.
2019-11-17 03:52:46,371 [pool-37-thread-1] INFO  impl.RoleInfo (RoleInfo.java:updateAndGet(143)) - 32e42665-1ab0-48a3-a2c9-2acd34f32d8a: start FollowerState
2019-11-17 03:52:46,372 [pool-47-thread-1] WARN  impl.MetricRegistriesImpl (MetricRegistriesImpl.java:lambda$create$1(61)) - First MetricRegistry has been created without registering reporters. You may need to call MetricRegistries.global().addReportRegistration(...) before.
2019-11-17 03:52:46,372 [pool-47-thread-1] INFO  impl.RaftServerImpl (RaftServerImpl.java:start(184)) - ba5892b9-6c59-461c-9c66-42a016b87fd7@group-FAA83CE31278: start as a follower, conf=-1: [184f8745-87b2-4e99-a45f-65699ea3d23a:192.168.157.238:46820, 32e42665-1ab0-48a3-a2c9-2acd34f32d8a:192.168.157.238:42433, ba5892b9-6c59-461c-9c66-42a016b87fd7:192.168.157.238:36872], old=null
2019-11-17 03:52:46,372 [pool-47-thread-1] INFO  impl.RaftServerImpl (RaftServerImpl.java:setRole(173)) - ba5892b9-6c59-461c-9c66-42a016b87fd7@group-FAA83CE31278: changes role from      null to FOLLOWER at term 0 for startAsFollower
2019-11-17 03:52:46,372 [pool-37-thread-1] INFO  util.JmxRegister (JmxRegister.java:tryRegister(44)) - Successfully registered JMX Bean with object name Ratis:service=RaftServer,group=group-FAA83CE31278,id=32e42665-1ab0-48a3-a2c9-2acd34f32d8a
2019-11-17 03:52:46,372 [EventQueue-PipelineReportForPipelineReportHandler] INFO  pipeline.PipelineReportHandler (PipelineReportHandler.java:processPipelineReport(113)) - Pipeline THREE PipelineID=47fa4a84-e323-4e9c-b6c1-faa83ce31278 reported by 184f8745-87b2-4e99-a45f-65699ea3d23a{ip: 192.168.157.238, host: pr-hdds-2386-9cmxp-1319188337, networkLocation: /default-rack, certSerialId: null}
2019-11-17 03:52:46,372 [pool-37-thread-1] WARN  impl.MetricRegistriesImpl (MetricRegistriesImpl.java:lambda$create$1(61)) - First MetricRegistry has been created without registering reporters. You may need to call MetricRegistries.global().addReportRegistration(...) before.
2019-11-17 03:52:46,372 [pool-47-thread-1] INFO  impl.RoleInfo (RoleInfo.java:updateAndGet(143)) - ba5892b9-6c59-461c-9c66-42a016b87fd7: start FollowerState
2019-11-17 03:52:46,373 [Command processor thread] INFO  commandhandler.CreatePipelineCommandHandler (CreatePipelineCommandHandler.java:handle(86)) - Create Pipeline RATIS THREE #id: "47fa4a84-e323-4e9c-b6c1-faa83ce31278"
 command succeed on datanode 32e42665-1ab0-48a3-a2c9-2acd34f32d8a.
2019-11-17 03:52:46,373 [pool-47-thread-1] INFO  util.JmxRegister (JmxRegister.java:tryRegister(44)) - Successfully registered JMX Bean with object name Ratis:service=RaftServer,group=group-FAA83CE31278,id=ba5892b9-6c59-461c-9c66-42a016b87fd7
2019-11-17 03:52:46,373 [pool-47-thread-1] WARN  impl.MetricRegistriesImpl (MetricRegistriesImpl.java:lambda$create$1(61)) - First MetricRegistry has been created without registering reporters. You may need to call MetricRegistries.global().addReportRegistration(...) before.
2019-11-17 03:52:46,374 [Command processor thread] INFO  commandhandler.CreatePipelineCommandHandler (CreatePipelineCommandHandler.java:handle(86)) - Create Pipeline RATIS THREE #id: "47fa4a84-e323-4e9c-b6c1-faa83ce31278"
 command succeed on datanode ba5892b9-6c59-461c-9c66-42a016b87fd7.
2019-11-17 03:52:46,375 [EventQueue-PipelineReportForPipelineReportHandler] INFO  pipeline.PipelineReportHandler (PipelineReportHandler.java:processPipelineReport(113)) - Pipeline THREE PipelineID=47fa4a84-e323-4e9c-b6c1-faa83ce31278 reported by 32e42665-1ab0-48a3-a2c9-2acd34f32d8a{ip: 192.168.157.238, host: pr-hdds-2386-9cmxp-1319188337, networkLocation: /default-rack, certSerialId: null}
2019-11-17 03:52:46,375 [EventQueue-PipelineReportForPipelineReportHandler] INFO  pipeline.PipelineReportHandler (PipelineReportHandler.java:processPipelineReport(113)) - Pipeline THREE PipelineID=47fa4a84-e323-4e9c-b6c1-faa83ce31278 reported by ba5892b9-6c59-461c-9c66-42a016b87fd7{ip: 192.168.157.238, host: pr-hdds-2386-9cmxp-1319188337, networkLocation: /default-rack, certSerialId: null}
 0.00% |?                                                                                                    |  0/1 Time: 0:00:03 0.00% |?                                                                                                    |  0/1 Time: 0:00:04 100.00% |?????????????????????????????????????????????????????????????????????????????????????????????????????|  1/1 Time: 0:00:05
2019-11-17 03:52:51,480 [Thread-476] INFO  impl.FollowerState (FollowerState.java:run(111)) - ba5892b9-6c59-461c-9c66-42a016b87fd7@group-FAA83CE31278-FollowerState: change to CANDIDATE, lastRpcTime:5107ms, electionTimeout:5107ms
2019-11-17 03:52:51,481 [Thread-476] INFO  impl.RoleInfo (RoleInfo.java:shutdownFollowerState(121)) - ba5892b9-6c59-461c-9c66-42a016b87fd7: shutdown FollowerState
2019-11-17 03:52:51,481 [Thread-476] INFO  impl.RaftServerImpl (RaftServerImpl.java:setRole(173)) - ba5892b9-6c59-461c-9c66-42a016b87fd7@group-FAA83CE31278: changes role from  FOLLOWER to CANDIDATE at term 0 for changeToCandidate
2019-11-17 03:52:51,481 [Thread-476] INFO  impl.RoleInfo (RoleInfo.java:updateAndGet(143)) - ba5892b9-6c59-461c-9c66-42a016b87fd7: start LeaderElection
2019-11-17 03:52:51,507 [ba5892b9-6c59-461c-9c66-42a016b87fd7@group-FAA83CE31278-LeaderElection9] INFO  impl.LeaderElection (LeaderElection.java:askForVotes(178)) - ba5892b9-6c59-461c-9c66-42a016b87fd7@group-FAA83CE31278-LeaderElection9: begin an election at term 1 for -1: [184f8745-87b2-4e99-a45f-65699ea3d23a:192.168.157.238:46820, 32e42665-1ab0-48a3-a2c9-2acd34f32d8a:192.168.157.238:42433, ba5892b9-6c59-461c-9c66-42a016b87fd7:192.168.157.238:36872], old=null
2019-11-17 03:52:51,514 [grpc-default-executor-2] INFO  impl.RaftServerImpl (RaftServerImpl.java:setRole(173)) - 184f8745-87b2-4e99-a45f-65699ea3d23a@group-FAA83CE31278: changes role from  FOLLOWER to FOLLOWER at term 1 for recognizeCandidate:ba5892b9-6c59-461c-9c66-42a016b87fd7
2019-11-17 03:52:51,515 [grpc-default-executor-4] INFO  impl.RaftServerImpl (RaftServerImpl.java:setRole(173)) - 32e42665-1ab0-48a3-a2c9-2acd34f32d8a@group-FAA83CE31278: changes role from  FOLLOWER to FOLLOWER at term 1 for recognizeCandidate:ba5892b9-6c59-461c-9c66-42a016b87fd7
2019-11-17 03:52:51,515 [grpc-default-executor-2] INFO  impl.RoleInfo (RoleInfo.java:shutdownFollowerState(121)) - 184f8745-87b2-4e99-a45f-65699ea3d23a: shutdown FollowerState
2019-11-17 03:52:51,515 [grpc-default-executor-4] INFO  impl.RoleInfo (RoleInfo.java:shutdownFollowerState(121)) - 32e42665-1ab0-48a3-a2c9-2acd34f32d8a: shutdown FollowerState
2019-11-17 03:52:51,515 [grpc-default-executor-2] INFO  impl.RoleInfo (RoleInfo.java:updateAndGet(143)) - 184f8745-87b2-4e99-a45f-65699ea3d23a: start FollowerState
2019-11-17 03:52:51,516 [Thread-475] INFO  impl.FollowerState (FollowerState.java:run(120)) - 32e42665-1ab0-48a3-a2c9-2acd34f32d8a@group-FAA83CE31278-FollowerState was interrupted: java.lang.InterruptedException: sleep interrupted
2019-11-17 03:52:51,515 [Thread-472] INFO  impl.FollowerState (FollowerState.java:run(120)) - 184f8745-87b2-4e99-a45f-65699ea3d23a@group-FAA83CE31278-FollowerState was interrupted: java.lang.InterruptedException: sleep interrupted
2019-11-17 03:52:51,515 [grpc-default-executor-4] INFO  impl.RoleInfo (RoleInfo.java:updateAndGet(143)) - 32e42665-1ab0-48a3-a2c9-2acd34f32d8a: start FollowerState
2019-11-17 03:52:51,552 [ba5892b9-6c59-461c-9c66-42a016b87fd7@group-FAA83CE31278-LeaderElection9] INFO  impl.LeaderElection (LeaderElection.java:logAndReturn(56)) - ba5892b9-6c59-461c-9c66-42a016b87fd7@group-FAA83CE31278-LeaderElection9: Election PASSED; received 1 response(s) [ba5892b9-6c59-461c-9c66-42a016b87fd7<-184f8745-87b2-4e99-a45f-65699ea3d23a#0:OK-t1] and 0 exception(s); ba5892b9-6c59-461c-9c66-42a016b87fd7@group-FAA83CE31278:t1, leader=null, voted=ba5892b9-6c59-461c-9c66-42a016b87fd7, raftlog=ba5892b9-6c59-461c-9c66-42a016b87fd7@group-FAA83CE31278-SegmentedRaftLog:OPENED:c-1,f-1,i0, conf=-1: [184f8745-87b2-4e99-a45f-65699ea3d23a:192.168.157.238:46820, 32e42665-1ab0-48a3-a2c9-2acd34f32d8a:192.168.157.238:42433, ba5892b9-6c59-461c-9c66-42a016b87fd7:192.168.157.238:36872], old=null
2019-11-17 03:52:51,553 [ba5892b9-6c59-461c-9c66-42a016b87fd7@group-FAA83CE31278-LeaderElection9] INFO  impl.RoleInfo (RoleInfo.java:shutdownLeaderElection(134)) - ba5892b9-6c59-461c-9c66-42a016b87fd7: shutdown LeaderElection
2019-11-17 03:52:51,554 [ba5892b9-6c59-461c-9c66-42a016b87fd7@group-FAA83CE31278-LeaderElection9] INFO  impl.RaftServerImpl (RaftServerImpl.java:setRole(173)) - ba5892b9-6c59-461c-9c66-42a016b87fd7@group-FAA83CE31278: changes role from CANDIDATE to LEADER at term 1 for changeToLeader
2019-11-17 03:52:51,554 [ba5892b9-6c59-461c-9c66-42a016b87fd7@group-FAA83CE31278-LeaderElection9] INFO  ratis.XceiverServerRatis (XceiverServerRatis.java:handleLeaderChangedNotification(733)) - Leader change notification received for group: group-FAA83CE31278 with new leaderId: ba5892b9-6c59-461c-9c66-42a016b87fd7
2019-11-17 03:52:51,554 [ba5892b9-6c59-461c-9c66-42a016b87fd7@group-FAA83CE31278-LeaderElection9] INFO  impl.RaftServerImpl (ServerState.java:setLeader(255)) - ba5892b9-6c59-461c-9c66-42a016b87fd7@group-FAA83CE31278: change Leader from null to ba5892b9-6c59-461c-9c66-42a016b87fd7 at term 1 for becomeLeader, leader elected after 5193ms
2019-11-17 03:52:51,554 [ba5892b9-6c59-461c-9c66-42a016b87fd7@group-FAA83CE31278-LeaderElection9] INFO  server.RaftServerConfigKeys (ConfUtils.java:logGet(43)) - raft.server.staging.catchup.gap = 1000 (default)
2019-11-17 03:52:51,555 [ba5892b9-6c59-461c-9c66-42a016b87fd7@group-FAA83CE31278-LeaderElection9] INFO  server.RaftServerConfigKeys (ConfUtils.java:logGet(43)) - raft.server.rpc.sleep.time = 25ms (default)
2019-11-17 03:52:51,555 [ba5892b9-6c59-461c-9c66-42a016b87fd7@group-FAA83CE31278-LeaderElection9] INFO  server.RaftServerConfigKeys (ConfUtils.java:logGet(43)) - raft.server.write.element-limit = 4096 (default)
2019-11-17 03:52:51,555 [ba5892b9-6c59-461c-9c66-42a016b87fd7@group-FAA83CE31278-LeaderElection9] INFO  server.RaftServerConfigKeys (ConfUtils.java:logGet(43)) - raft.server.watch.timeout = 10s (default)
2019-11-17 03:52:51,555 [ba5892b9-6c59-461c-9c66-42a016b87fd7@group-FAA83CE31278-LeaderElection9] INFO  server.RaftServerConfigKeys (ConfUtils.java:logGet(43)) - raft.server.watch.timeout.denomination = 1s (default)
2019-11-17 03:52:51,556 [EventQueue-PipelineReportForPipelineReportHandler] INFO  pipeline.PipelineReportHandler (PipelineReportHandler.java:processPipelineReport(113)) - Pipeline THREE PipelineID=47fa4a84-e323-4e9c-b6c1-faa83ce31278 reported by ba5892b9-6c59-461c-9c66-42a016b87fd7{ip: 192.168.157.238, host: pr-hdds-2386-9cmxp-1319188337, networkLocation: /default-rack, certSerialId: null}
2019-11-17 03:52:51,557 [ba5892b9-6c59-461c-9c66-42a016b87fd7@group-FAA83CE31278-LeaderElection9] INFO  server.RaftServerConfigKeys (ConfUtils.java:logGet(43)) - raft.server.watch.element-limit = 65536 (default)
2019-11-17 03:52:51,557 [EventQueue-PipelineReportForPipelineReportHandler] INFO  pipeline.PipelineStateManager (PipelineStateManager.java:openPipeline(132)) - Pipeline Pipeline[ Id: 47fa4a84-e323-4e9c-b6c1-faa83ce31278, Nodes: ba5892b9-6c59-461c-9c66-42a016b87fd7{ip: 192.168.157.238, host: pr-hdds-2386-9cmxp-1319188337, networkLocation: /default-rack, certSerialId: null}184f8745-87b2-4e99-a45f-65699ea3d23a{ip: 192.168.157.238, host: pr-hdds-2386-9cmxp-1319188337, networkLocation: /default-rack, certSerialId: null}32e42665-1ab0-48a3-a2c9-2acd34f32d8a{ip: 192.168.157.238, host: pr-hdds-2386-9cmxp-1319188337, networkLocation: /default-rack, certSerialId: null}, Type:RATIS, Factor:THREE, State:ALLOCATED] moved to OPEN state
2019-11-17 03:52:51,557 [ba5892b9-6c59-461c-9c66-42a016b87fd7@group-FAA83CE31278-LeaderElection9] INFO  server.RaftServerConfigKeys (ConfUtils.java:logGet(43)) - raft.server.log.appender.snapshot.chunk.size.max = 16MB (=16777216) (default)
2019-11-17 03:52:51,558 [ba5892b9-6c59-461c-9c66-42a016b87fd7@group-FAA83CE31278-LeaderElection9] INFO  server.RaftServerConfigKeys (ConfUtils.java:logGet(43)) - raft.server.log.appender.buffer.byte-limit = 33554432 (custom)
2019-11-17 03:52:51,558 [ba5892b9-6c59-461c-9c66-42a016b87fd7@group-FAA83CE31278-LeaderElection9] INFO  server.RaftServerConfigKeys (ConfUtils.java:logGet(43)) - raft.server.log.appender.buffer.element-limit = 1 (custom)
2019-11-17 03:52:51,558 [ba5892b9-6c59-461c-9c66-42a016b87fd7@group-FAA83CE31278-LeaderElection9] INFO  grpc.GrpcConfigKeys$Server (ConfUtils.java:logGet(43)) - raft.grpc.server.leader.outstanding.appends.max = 128 (default)
2019-11-17 03:52:51,559 [ba5892b9-6c59-461c-9c66-42a016b87fd7@group-FAA83CE31278-LeaderElection9] INFO  server.RaftServerConfigKeys (ConfUtils.java:logGet(43)) - raft.server.rpc.request.timeout = 3000ms (default)
2019-11-17 03:52:51,559 [ba5892b9-6c59-461c-9c66-42a016b87fd7@group-FAA83CE31278-LeaderElection9] INFO  server.RaftServerConfigKeys (ConfUtils.java:logGet(43)) - raft.server.log.appender.install.snapshot.enabled = false (custom)
2019-11-17 03:52:51,559 [ba5892b9-6c59-461c-9c66-42a016b87fd7@group-FAA83CE31278-LeaderElection9] WARN  impl.MetricRegistriesImpl (MetricRegistriesImpl.java:lambda$create$1(61)) - First MetricRegistry has been created without registering reporters. You may need to call MetricRegistries.global().addReportRegistration(...) before.
2019-11-17 03:52:51,560 [ba5892b9-6c59-461c-9c66-42a016b87fd7@group-FAA83CE31278-LeaderElection9] INFO  server.RaftServerConfigKeys (ConfUtils.java:logGet(43)) - raft.server.log.appender.snapshot.chunk.size.max = 16MB (=16777216) (default)
2019-11-17 03:52:51,560 [ba5892b9-6c59-461c-9c66-42a016b87fd7@group-FAA83CE31278-LeaderElection9] INFO  server.RaftServerConfigKeys (ConfUtils.java:logGet(43)) - raft.server.log.appender.buffer.byte-limit = 33554432 (custom)
2019-11-17 03:52:51,560 [ba5892b9-6c59-461c-9c66-42a016b87fd7@group-FAA83CE31278-LeaderElection9] INFO  server.RaftServerConfigKeys (ConfUtils.java:logGet(43)) - raft.server.log.appender.buffer.element-limit = 1 (custom)
2019-11-17 03:52:51,560 [ba5892b9-6c59-461c-9c66-42a016b87fd7@group-FAA83CE31278-LeaderElection9] INFO  grpc.GrpcConfigKeys$Server (ConfUtils.java:logGet(43)) - raft.grpc.server.leader.outstanding.appends.max = 128 (default)
2019-11-17 03:52:51,560 [ba5892b9-6c59-461c-9c66-42a016b87fd7@group-FAA83CE31278-LeaderElection9] INFO  server.RaftServerConfigKeys (ConfUtils.java:logGet(43)) - raft.server.rpc.request.timeout = 3000ms (default)
2019-11-17 03:52:51,561 [ba5892b9-6c59-461c-9c66-42a016b87fd7@group-FAA83CE31278-LeaderElection9] INFO  server.RaftServerConfigKeys (ConfUtils.java:logGet(43)) - raft.server.log.appender.install.snapshot.enabled = false (custom)
2019-11-17 03:52:51,561 [ba5892b9-6c59-461c-9c66-42a016b87fd7@group-FAA83CE31278-LeaderElection9] INFO  impl.RoleInfo (RoleInfo.java:updateAndGet(143)) - ba5892b9-6c59-461c-9c66-42a016b87fd7: start LeaderState
2019-11-17 03:52:51,562 [ba5892b9-6c59-461c-9c66-42a016b87fd7@group-FAA83CE31278-LeaderElection9] INFO  segmented.SegmentedRaftLogWorker (SegmentedRaftLogWorker.java:startLogSegment(385)) - ba5892b9-6c59-461c-9c66-42a016b87fd7@group-FAA83CE31278-SegmentedRaftLogWorker: Starting segment from index:0
2019-11-17 03:52:51,563 [ba5892b9-6c59-461c-9c66-42a016b87fd7@group-FAA83CE31278-LeaderElection9] INFO  impl.RaftServerImpl (ServerState.java:setRaftConf(356)) - ba5892b9-6c59-461c-9c66-42a016b87fd7@group-FAA83CE31278: set configuration 0: [184f8745-87b2-4e99-a45f-65699ea3d23a:192.168.157.238:46820, 32e42665-1ab0-48a3-a2c9-2acd34f32d8a:192.168.157.238:42433, ba5892b9-6c59-461c-9c66-42a016b87fd7:192.168.157.238:36872], old=null at 0
2019-11-17 03:52:51,600 [grpc-default-executor-4] INFO  ratis.XceiverServerRatis (XceiverServerRatis.java:handleLeaderChangedNotification(733)) - Leader change notification received for group: group-FAA83CE31278 with new leaderId: ba5892b9-6c59-461c-9c66-42a016b87fd7
2019-11-17 03:52:51,600 [grpc-default-executor-2] INFO  ratis.XceiverServerRatis (XceiverServerRatis.java:handleLeaderChangedNotification(733)) - Leader change notification received for group: group-FAA83CE31278 with new leaderId: ba5892b9-6c59-461c-9c66-42a016b87fd7
2019-11-17 03:52:51,601 [grpc-default-executor-4] INFO  impl.RaftServerImpl (ServerState.java:setLeader(255)) - 32e42665-1ab0-48a3-a2c9-2acd34f32d8a@group-FAA83CE31278: change Leader from null to ba5892b9-6c59-461c-9c66-42a016b87fd7 at term 1 for appendEntries, leader elected after 5240ms
2019-11-17 03:52:51,601 [grpc-default-executor-2] INFO  impl.RaftServerImpl (ServerState.java:setLeader(255)) - 184f8745-87b2-4e99-a45f-65699ea3d23a@group-FAA83CE31278: change Leader from null to ba5892b9-6c59-461c-9c66-42a016b87fd7 at term 1 for appendEntries, leader elected after 5240ms
2019-11-17 03:52:51,606 [grpc-default-executor-2] INFO  impl.RaftServerImpl (ServerState.java:setRaftConf(356)) - 32e42665-1ab0-48a3-a2c9-2acd34f32d8a@group-FAA83CE31278: set configuration 0: [184f8745-87b2-4e99-a45f-65699ea3d23a:192.168.157.238:46820, 32e42665-1ab0-48a3-a2c9-2acd34f32d8a:192.168.157.238:42433, ba5892b9-6c59-461c-9c66-42a016b87fd7:192.168.157.238:36872], old=null at 0
2019-11-17 03:52:51,606 [grpc-default-executor-4] INFO  impl.RaftServerImpl (ServerState.java:setRaftConf(356)) - 184f8745-87b2-4e99-a45f-65699ea3d23a@group-FAA83CE31278: set configuration 0: [184f8745-87b2-4e99-a45f-65699ea3d23a:192.168.157.238:46820, 32e42665-1ab0-48a3-a2c9-2acd34f32d8a:192.168.157.238:42433, ba5892b9-6c59-461c-9c66-42a016b87fd7:192.168.157.238:36872], old=null at 0
2019-11-17 03:52:51,606 [grpc-default-executor-2] INFO  segmented.SegmentedRaftLogWorker (SegmentedRaftLogWorker.java:startLogSegment(385)) - 32e42665-1ab0-48a3-a2c9-2acd34f32d8a@group-FAA83CE31278-SegmentedRaftLogWorker: Starting segment from index:0
2019-11-17 03:52:51,606 [grpc-default-executor-4] INFO  segmented.SegmentedRaftLogWorker (SegmentedRaftLogWorker.java:startLogSegment(385)) - 184f8745-87b2-4e99-a45f-65699ea3d23a@group-FAA83CE31278-SegmentedRaftLogWorker: Starting segment from index:0
2019-11-17 03:52:51,647 [ba5892b9-6c59-461c-9c66-42a016b87fd7@group-FAA83CE31278-SegmentedRaftLogWorker] INFO  segmented.SegmentedRaftLogWorker (SegmentedRaftLogWorker.java:execute(576)) - ba5892b9-6c59-461c-9c66-42a016b87fd7@group-FAA83CE31278-SegmentedRaftLogWorker: created new log segment /workdir/hadoop-ozone/tools/target/test-dir/MiniOzoneClusterImpl-9d0b20f4-8c7b-4f48-80eb-a32d4257ffa6/datanode-2/data/ratis/47fa4a84-e323-4e9c-b6c1-faa83ce31278/current/log_inprogress_0
2019-11-17 03:52:51,669 [32e42665-1ab0-48a3-a2c9-2acd34f32d8a@group-FAA83CE31278-SegmentedRaftLogWorker] INFO  segmented.SegmentedRaftLogWorker (SegmentedRaftLogWorker.java:execute(576)) - 32e42665-1ab0-48a3-a2c9-2acd34f32d8a@group-FAA83CE31278-SegmentedRaftLogWorker: created new log segment /workdir/hadoop-ozone/tools/target/test-dir/MiniOzoneClusterImpl-9d0b20f4-8c7b-4f48-80eb-a32d4257ffa6/datanode-1/data/ratis/47fa4a84-e323-4e9c-b6c1-faa83ce31278/current/log_inprogress_0
2019-11-17 03:52:51,669 [184f8745-87b2-4e99-a45f-65699ea3d23a@group-FAA83CE31278-SegmentedRaftLogWorker] INFO  segmented.SegmentedRaftLogWorker (SegmentedRaftLogWorker.java:execute(576)) - 184f8745-87b2-4e99-a45f-65699ea3d23a@group-FAA83CE31278-SegmentedRaftLogWorker: created new log segment /workdir/hadoop-ozone/tools/target/test-dir/MiniOzoneClusterImpl-9d0b20f4-8c7b-4f48-80eb-a32d4257ffa6/datanode-0/data/ratis/47fa4a84-e323-4e9c-b6c1-faa83ce31278/current/log_inprogress_0
]]></system-out>
    <system-err><![CDATA[ERROR StatusLogger No Log4j 2 configuration file found. Using default configuration (logging only errors to the console), or user programmatically provided configurations. Set system property 'log4j2.debug' to show Log4j 2 internal initialization logging. See https://logging.apache.org/log4j/2.x/manual/configuration.html for instructions on how to configure Log4j 2
]]></system-err>
  </testcase>
</testsuite>