<?xml version="1.0" encoding="UTF-8"?>
<testsuite xmlns:xsi="http://www.w3.org/2001/XMLSchema-instance" xsi:noNamespaceSchemaLocation="https://maven.apache.org/surefire/maven-surefire-plugin/xsd/surefire-test-report.xsd" name="org.apache.hadoop.ozone.client.rpc.TestDeleteWithSlowFollower" time="143.801" tests="1" errors="0" skipped="0" failures="1">
  <properties>
    <property name="awt.toolkit" value="sun.awt.X11.XToolkit"/>
    <property name="file.encoding.pkg" value="sun.io"/>
    <property name="java.specification.version" value="1.8"/>
    <property name="sun.cpu.isalist" value=""/>
    <property name="sun.jnu.encoding" value="ANSI_X3.4-1968"/>
    <property name="java.class.path" value="/workdir/hadoop-ozone/integration-test/target/test-classes:/workdir/hadoop-ozone/integration-test/target/classes:/home/user/.m2/repository/org/apache/hadoop/hadoop-ozone-common/0.5.0-SNAPSHOT/hadoop-ozone-common-0.5.0-SNAPSHOT.jar:/home/user/.m2/repository/org/apache/commons/commons-compress/1.4.1/commons-compress-1.4.1.jar:/home/user/.m2/repository/org/tukaani/xz/1.0/xz-1.0.jar:/home/user/.m2/repository/org/apache/hadoop/hadoop-common/3.2.0/hadoop-common-3.2.0.jar:/home/user/.m2/repository/org/apache/hadoop/hadoop-hdfs/3.2.0/hadoop-hdfs-3.2.0.jar:/home/user/.m2/repository/org/apache/hadoop/hadoop-hdfs-client/3.2.0/hadoop-hdfs-client-3.2.0.jar:/home/user/.m2/repository/com/fasterxml/jackson/core/jackson-annotations/2.9.9/jackson-annotations-2.9.9.jar:/home/user/.m2/repository/org/apache/hadoop/hadoop-hdds-common/0.5.0-SNAPSHOT/hadoop-hdds-common-0.5.0-SNAPSHOT.jar:/home/user/.m2/repository/javax/annotation/javax.annotation-api/1.2/javax.annotation-api-1.2.jar:/home/user/.m2/repository/org/apache/ratis/ratis-server/0.5.0-ced7dbf-SNAPSHOT/ratis-server-0.5.0-ced7dbf-SNAPSHOT.jar:/home/user/.m2/repository/org/apache/ratis/ratis-thirdparty-misc/0.2.0/ratis-thirdparty-misc-0.2.0.jar:/home/user/.m2/repository/org/apache/ratis/ratis-proto/0.5.0-ced7dbf-SNAPSHOT/ratis-proto-0.5.0-ced7dbf-SNAPSHOT.jar:/home/user/.m2/repository/org/apache/ratis/ratis-common/0.5.0-ced7dbf-SNAPSHOT/ratis-common-0.5.0-ced7dbf-SNAPSHOT.jar:/home/user/.m2/repository/org/apache/ratis/ratis-client/0.5.0-ced7dbf-SNAPSHOT/ratis-client-0.5.0-ced7dbf-SNAPSHOT.jar:/home/user/.m2/repository/org/apache/ratis/ratis-metrics/0.5.0-ced7dbf-SNAPSHOT/ratis-metrics-0.5.0-ced7dbf-SNAPSHOT.jar:/home/user/.m2/repository/org/apache/ratis/ratis-netty/0.5.0-ced7dbf-SNAPSHOT/ratis-netty-0.5.0-ced7dbf-SNAPSHOT.jar:/home/user/.m2/repository/org/apache/ratis/ratis-grpc/0.5.0-ced7dbf-SNAPSHOT/ratis-grpc-0.5.0-ced7dbf-SNAPSHOT.jar:/home/user/.m2/repository/org/rocksdb/rocksdbjni/6.0.1/rocksdbjni-6.0.1.jar:/home/user/.m2/repository/org/apache/logging/log4j/log4j-api/2.11.0/log4j-api-2.11.0.jar:/home/user/.m2/repository/org/apache/logging/log4j/log4j-core/2.11.0/log4j-core-2.11.0.jar:/home/user/.m2/repository/com/lmax/disruptor/3.4.2/disruptor-3.4.2.jar:/home/user/.m2/repository/org/apache/commons/commons-pool2/2.6.0/commons-pool2-2.6.0.jar:/home/user/.m2/repository/org/bouncycastle/bcpkix-jdk15on/1.60/bcpkix-jdk15on-1.60.jar:/home/user/.m2/repository/commons-validator/commons-validator/1.6/commons-validator-1.6.jar:/home/user/.m2/repository/commons-digester/commons-digester/1.8.1/commons-digester-1.8.1.jar:/home/user/.m2/repository/io/jaegertracing/jaeger-client/0.34.0/jaeger-client-0.34.0.jar:/home/user/.m2/repository/io/jaegertracing/jaeger-thrift/0.34.0/jaeger-thrift-0.34.0.jar:/home/user/.m2/repository/org/apache/thrift/libthrift/0.12.0/libthrift-0.12.0.jar:/home/user/.m2/repository/com/squareup/okhttp3/okhttp/3.9.0/okhttp-3.9.0.jar:/home/user/.m2/repository/com/squareup/okio/okio/1.13.0/okio-1.13.0.jar:/home/user/.m2/repository/io/jaegertracing/jaeger-core/0.34.0/jaeger-core-0.34.0.jar:/home/user/.m2/repository/io/jaegertracing/jaeger-tracerresolver/0.34.0/jaeger-tracerresolver-0.34.0.jar:/home/user/.m2/repository/io/opentracing/contrib/opentracing-tracerresolver/0.1.5/opentracing-tracerresolver-0.1.5.jar:/home/user/.m2/repository/io/opentracing/opentracing-util/0.31.0/opentracing-util-0.31.0.jar:/home/user/.m2/repository/io/opentracing/opentracing-api/0.31.0/opentracing-api-0.31.0.jar:/home/user/.m2/repository/io/opentracing/opentracing-noop/0.31.0/opentracing-noop-0.31.0.jar:/home/user/.m2/repository/org/apache/hadoop/hadoop-hdds-server-framework/0.5.0-SNAPSHOT/hadoop-hdds-server-framework-0.5.0-SNAPSHOT.jar:/home/user/.m2/repository/org/apache/hadoop/hadoop-hdds-container-service/0.5.0-SNAPSHOT/hadoop-hdds-container-service-0.5.0-SNAPSHOT.jar:/home/user/.m2/repository/org/apache/hadoop/hadoop-hdds-client/0.5.0-SNAPSHOT/hadoop-hdds-client-0.5.0-SNAPSHOT.jar:/home/user/.m2/repository/org/apache/hadoop/hadoop-hdds-tools/0.5.0-SNAPSHOT/hadoop-hdds-tools-0.5.0-SNAPSHOT.jar:/home/user/.m2/repository/org/apache/hadoop/hadoop-hdds-server-scm/0.5.0-SNAPSHOT/hadoop-hdds-server-scm-0.5.0-SNAPSHOT.jar:/home/user/.m2/repository/org/apache/hadoop/hadoop-hdds-docs/0.5.0-SNAPSHOT/hadoop-hdds-docs-0.5.0-SNAPSHOT.jar:/home/user/.m2/repository/io/dropwizard/metrics/metrics-core/3.2.4/metrics-core-3.2.4.jar:/home/user/.m2/repository/org/hamcrest/hamcrest-all/1.3/hamcrest-all-1.3.jar:/home/user/.m2/repository/org/bouncycastle/bcprov-jdk15on/1.60/bcprov-jdk15on-1.60.jar:/home/user/.m2/repository/info/picocli/picocli/3.9.6/picocli-3.9.6.jar:/home/user/.m2/repository/com/google/protobuf/protobuf-java/2.5.0/protobuf-java-2.5.0.jar:/home/user/.m2/repository/com/google/guava/guava/11.0.2/guava-11.0.2.jar:/home/user/.m2/repository/org/apache/hadoop/hadoop-ozone-ozone-manager/0.5.0-SNAPSHOT/hadoop-ozone-ozone-manager-0.5.0-SNAPSHOT.jar:/home/user/.m2/repository/org/apache/hadoop/hadoop-minikdc/3.2.0/hadoop-minikdc-3.2.0.jar:/home/user/.m2/repository/commons-io/commons-io/2.5/commons-io-2.5.jar:/home/user/.m2/repository/org/apache/kerby/kerb-simplekdc/1.0.1/kerb-simplekdc-1.0.1.jar:/home/user/.m2/repository/org/apache/kerby/kerb-client/1.0.1/kerb-client-1.0.1.jar:/home/user/.m2/repository/org/apache/kerby/kerby-config/1.0.1/kerby-config-1.0.1.jar:/home/user/.m2/repository/org/apache/kerby/kerb-core/1.0.1/kerb-core-1.0.1.jar:/home/user/.m2/repository/org/apache/kerby/kerby-pkix/1.0.1/kerby-pkix-1.0.1.jar:/home/user/.m2/repository/org/apache/kerby/kerby-asn1/1.0.1/kerby-asn1-1.0.1.jar:/home/user/.m2/repository/org/apache/kerby/kerby-util/1.0.1/kerby-util-1.0.1.jar:/home/user/.m2/repository/org/apache/kerby/kerb-common/1.0.1/kerb-common-1.0.1.jar:/home/user/.m2/repository/org/apache/kerby/kerb-crypto/1.0.1/kerb-crypto-1.0.1.jar:/home/user/.m2/repository/org/apache/kerby/kerb-util/1.0.1/kerb-util-1.0.1.jar:/home/user/.m2/repository/org/apache/kerby/token-provider/1.0.1/token-provider-1.0.1.jar:/home/user/.m2/repository/org/apache/kerby/kerb-admin/1.0.1/kerb-admin-1.0.1.jar:/home/user/.m2/repository/org/apache/kerby/kerb-server/1.0.1/kerb-server-1.0.1.jar:/home/user/.m2/repository/org/apache/kerby/kerb-identity/1.0.1/kerb-identity-1.0.1.jar:/home/user/.m2/repository/org/apache/kerby/kerby-xdr/1.0.1/kerby-xdr-1.0.1.jar:/home/user/.m2/repository/org/slf4j/slf4j-log4j12/1.7.25/slf4j-log4j12-1.7.25.jar:/home/user/.m2/repository/org/apache/hadoop/hadoop-ozone-s3gateway/0.5.0-SNAPSHOT/hadoop-ozone-s3gateway-0.5.0-SNAPSHOT.jar:/home/user/.m2/repository/org/jboss/weld/servlet/weld-servlet/2.4.7.Final/weld-servlet-2.4.7.Final.jar:/home/user/.m2/repository/org/glassfish/jersey/containers/jersey-container-servlet-core/2.27/jersey-container-servlet-core-2.27.jar:/home/user/.m2/repository/org/glassfish/hk2/external/javax.inject/2.5.0-b42/javax.inject-2.5.0-b42.jar:/home/user/.m2/repository/org/glassfish/jersey/core/jersey-common/2.27/jersey-common-2.27.jar:/home/user/.m2/repository/org/glassfish/hk2/osgi-resource-locator/1.0.1/osgi-resource-locator-1.0.1.jar:/home/user/.m2/repository/javax/ws/rs/javax.ws.rs-api/2.1/javax.ws.rs-api-2.1.jar:/home/user/.m2/repository/org/glassfish/jersey/ext/cdi/jersey-cdi1x/2.27/jersey-cdi1x-2.27.jar:/home/user/.m2/repository/org/glassfish/jersey/inject/jersey-hk2/2.27/jersey-hk2-2.27.jar:/home/user/.m2/repository/org/glassfish/hk2/hk2-locator/2.5.0-b42/hk2-locator-2.5.0-b42.jar:/home/user/.m2/repository/org/javassist/javassist/3.22.0-CR2/javassist-3.22.0-CR2.jar:/home/user/.m2/repository/org/glassfish/hk2/hk2-api/2.5.0/hk2-api-2.5.0.jar:/home/user/.m2/repository/org/glassfish/hk2/external/jakarta.inject/2.5.0/jakarta.inject-2.5.0.jar:/home/user/.m2/repository/org/glassfish/hk2/hk2-utils/2.5.0/hk2-utils-2.5.0.jar:/home/user/.m2/repository/jakarta/annotation/jakarta.annotation-api/1.3.4/jakarta.annotation-api-1.3.4.jar:/home/user/.m2/repository/org/glassfish/hk2/external/aopalliance-repackaged/2.5.0/aopalliance-repackaged-2.5.0.jar:/home/user/.m2/repository/com/fasterxml/jackson/dataformat/jackson-dataformat-xml/2.9.0/jackson-dataformat-xml-2.9.0.jar:/home/user/.m2/repository/com/fasterxml/jackson/core/jackson-core/2.9.9/jackson-core-2.9.9.jar:/home/user/.m2/repository/com/fasterxml/jackson/module/jackson-module-jaxb-annotations/2.9.9/jackson-module-jaxb-annotations-2.9.9.jar:/home/user/.m2/repository/javax/enterprise/cdi-api/1.2/cdi-api-1.2.jar:/home/user/.m2/repository/javax/el/javax.el-api/3.0.0/javax.el-api-3.0.0.jar:/home/user/.m2/repository/javax/interceptor/javax.interceptor-api/1.2/javax.interceptor-api-1.2.jar:/home/user/.m2/repository/javax/inject/javax.inject/1/javax.inject-1.jar:/home/user/.m2/repository/com/sun/xml/bind/jaxb-impl/2.3.0.1/jaxb-impl-2.3.0.1.jar:/home/user/.m2/repository/com/sun/xml/bind/jaxb-core/2.3.0.1/jaxb-core-2.3.0.1.jar:/home/user/.m2/repository/javax/xml/bind/jaxb-api/2.3.0/jaxb-api-2.3.0.jar:/home/user/.m2/repository/javax/activation/activation/1.1.1/activation-1.1.1.jar:/home/user/.m2/repository/org/apache/hadoop/hadoop-ozone-csi/0.5.0-SNAPSHOT/hadoop-ozone-csi-0.5.0-SNAPSHOT.jar:/home/user/.m2/repository/com/google/protobuf/protobuf-java-util/3.5.1/protobuf-java-util-3.5.1.jar:/home/user/.m2/repository/org/apache/hadoop/hadoop-hdds-config/0.5.0-SNAPSHOT/hadoop-hdds-config-0.5.0-SNAPSHOT.jar:/home/user/.m2/repository/io/grpc/grpc-netty/1.17.1/grpc-netty-1.17.1.jar:/home/user/.m2/repository/io/grpc/grpc-core/1.17.1/grpc-core-1.17.1.jar:/home/user/.m2/repository/io/grpc/grpc-context/1.17.1/grpc-context-1.17.1.jar:/home/user/.m2/repository/com/google/errorprone/error_prone_annotations/2.2.0/error_prone_annotations-2.2.0.jar:/home/user/.m2/repository/org/codehaus/mojo/animal-sniffer-annotations/1.17/animal-sniffer-annotations-1.17.jar:/home/user/.m2/repository/io/opencensus/opencensus-api/0.17.0/opencensus-api-0.17.0.jar:/home/user/.m2/repository/io/opencensus/opencensus-contrib-grpc-metrics/0.17.0/opencensus-contrib-grpc-metrics-0.17.0.jar:/home/user/.m2/repository/io/netty/netty-codec-http2/4.1.30.Final/netty-codec-http2-4.1.30.Final.jar:/home/user/.m2/repository/io/netty/netty-codec-http/4.1.30.Final/netty-codec-http-4.1.30.Final.jar:/home/user/.m2/repository/io/netty/netty-codec/4.1.30.Final/netty-codec-4.1.30.Final.jar:/home/user/.m2/repository/io/netty/netty-handler/4.1.30.Final/netty-handler-4.1.30.Final.jar:/home/user/.m2/repository/io/netty/netty-handler-proxy/4.1.30.Final/netty-handler-proxy-4.1.30.Final.jar:/home/user/.m2/repository/io/netty/netty-codec-socks/4.1.30.Final/netty-codec-socks-4.1.30.Final.jar:/home/user/.m2/repository/io/netty/netty-transport-native-epoll/4.1.30.Final/netty-transport-native-epoll-4.1.30.Final.jar:/home/user/.m2/repository/io/netty/netty-common/4.1.30.Final/netty-common-4.1.30.Final.jar:/home/user/.m2/repository/io/netty/netty-buffer/4.1.30.Final/netty-buffer-4.1.30.Final.jar:/home/user/.m2/repository/io/netty/netty-transport/4.1.30.Final/netty-transport-4.1.30.Final.jar:/home/user/.m2/repository/io/netty/netty-resolver/4.1.30.Final/netty-resolver-4.1.30.Final.jar:/home/user/.m2/repository/io/netty/netty-transport-native-unix-common/4.1.30.Final/netty-transport-native-unix-common-4.1.30.Final.jar:/home/user/.m2/repository/io/grpc/grpc-protobuf/1.17.1/grpc-protobuf-1.17.1.jar:/home/user/.m2/repository/com/google/api/grpc/proto-google-common-protos/1.0.0/proto-google-common-protos-1.0.0.jar:/home/user/.m2/repository/io/grpc/grpc-protobuf-lite/1.17.1/grpc-protobuf-lite-1.17.1.jar:/home/user/.m2/repository/io/grpc/grpc-stub/1.17.1/grpc-stub-1.17.1.jar:/home/user/.m2/repository/org/apache/hadoop/hadoop-ozone-recon/0.5.0-SNAPSHOT/hadoop-ozone-recon-0.5.0-SNAPSHOT.jar:/home/user/.m2/repository/org/apache/hadoop/hadoop-ozone-reconcodegen/0.5.0-SNAPSHOT/hadoop-ozone-reconcodegen-0.5.0-SNAPSHOT.jar:/home/user/.m2/repository/com/google/inject/extensions/guice-multibindings/4.0/guice-multibindings-4.0.jar:/home/user/.m2/repository/com/google/inject/guice/4.0/guice-4.0.jar:/home/user/.m2/repository/aopalliance/aopalliance/1.0/aopalliance-1.0.jar:/home/user/.m2/repository/com/google/inject/extensions/guice-servlet/4.0/guice-servlet-4.0.jar:/home/user/.m2/repository/org/glassfish/jersey/containers/jersey-container-servlet/2.27/jersey-container-servlet-2.27.jar:/home/user/.m2/repository/org/glassfish/hk2/guice-bridge/2.5.0/guice-bridge-2.5.0.jar:/home/user/.m2/repository/org/glassfish/jersey/core/jersey-server/2.27/jersey-server-2.27.jar:/home/user/.m2/repository/org/glassfish/jersey/core/jersey-client/2.27/jersey-client-2.27.jar:/home/user/.m2/repository/org/glassfish/jersey/media/jersey-media-jaxb/2.27/jersey-media-jaxb-2.27.jar:/home/user/.m2/repository/javax/validation/validation-api/1.1.0.Final/validation-api-1.1.0.Final.jar:/home/user/.m2/repository/org/glassfish/jersey/media/jersey-media-json-jackson/2.27/jersey-media-json-jackson-2.27.jar:/home/user/.m2/repository/org/glassfish/jersey/ext/jersey-entity-filtering/2.27/jersey-entity-filtering-2.27.jar:/home/user/.m2/repository/com/google/inject/extensions/guice-assistedinject/4.0/guice-assistedinject-4.0.jar:/home/user/.m2/repository/org/jooq/jooq/3.11.10/jooq-3.11.10.jar:/home/user/.m2/repository/org/jooq/jooq-meta/3.11.10/jooq-meta-3.11.10.jar:/home/user/.m2/repository/org/jooq/jooq-codegen/3.11.10/jooq-codegen-3.11.10.jar:/home/user/.m2/repository/com/jolbox/bonecp/0.8.0.RELEASE/bonecp-0.8.0.RELEASE.jar:/home/user/.m2/repository/org/xerial/sqlite-jdbc/3.25.2/sqlite-jdbc-3.25.2.jar:/home/user/.m2/repository/org/springframework/spring-jdbc/5.1.3.RELEASE/spring-jdbc-5.1.3.RELEASE.jar:/home/user/.m2/repository/org/springframework/spring-beans/5.1.3.RELEASE/spring-beans-5.1.3.RELEASE.jar:/home/user/.m2/repository/org/springframework/spring-core/5.1.3.RELEASE/spring-core-5.1.3.RELEASE.jar:/home/user/.m2/repository/org/springframework/spring-jcl/5.1.3.RELEASE/spring-jcl-5.1.3.RELEASE.jar:/home/user/.m2/repository/org/springframework/spring-tx/5.1.3.RELEASE/spring-tx-5.1.3.RELEASE.jar:/home/user/.m2/repository/org/apache/hadoop/hadoop-ozone-client/0.5.0-SNAPSHOT/hadoop-ozone-client-0.5.0-SNAPSHOT.jar:/home/user/.m2/repository/commons-lang/commons-lang/2.6/commons-lang-2.6.jar:/home/user/.m2/repository/org/apache/hadoop/hadoop-ozone-ozone-manager/0.5.0-SNAPSHOT/hadoop-ozone-ozone-manager-0.5.0-SNAPSHOT-tests.jar:/home/user/.m2/repository/junit/junit/4.11/junit-4.11.jar:/home/user/.m2/repository/org/hamcrest/hamcrest-core/1.3/hamcrest-core-1.3.jar:/home/user/.m2/repository/org/openjdk/jmh/jmh-core/1.19/jmh-core-1.19.jar:/home/user/.m2/repository/net/sf/jopt-simple/jopt-simple/4.6/jopt-simple-4.6.jar:/home/user/.m2/repository/org/apache/commons/commons-math3/3.1.1/commons-math3-3.1.1.jar:/home/user/.m2/repository/org/openjdk/jmh/jmh-generator-annprocess/1.19/jmh-generator-annprocess-1.19.jar:/home/user/.m2/repository/org/mockito/mockito-all/1.8.5/mockito-all-1.8.5.jar:/home/user/.m2/repository/org/apache/hadoop/hadoop-kms/3.2.0/hadoop-kms-3.2.0.jar:/home/user/.m2/repository/org/apache/hadoop/hadoop-auth/3.2.0/hadoop-auth-3.2.0.jar:/home/user/.m2/repository/com/nimbusds/nimbus-jose-jwt/4.41.1/nimbus-jose-jwt-4.41.1.jar:/home/user/.m2/repository/com/github/stephenc/jcip/jcip-annotations/1.0-1/jcip-annotations-1.0-1.jar:/home/user/.m2/repository/net/minidev/json-smart/2.3/json-smart-2.3.jar:/home/user/.m2/repository/net/minidev/accessors-smart/1.2/accessors-smart-1.2.jar:/home/user/.m2/repository/org/ow2/asm/asm/5.0.4/asm-5.0.4.jar:/home/user/.m2/repository/org/apache/curator/curator-framework/2.12.0/curator-framework-2.12.0.jar:/home/user/.m2/repository/com/sun/jersey/jersey-core/1.19/jersey-core-1.19.jar:/home/user/.m2/repository/javax/ws/rs/jsr311-api/1.1.1/jsr311-api-1.1.1.jar:/home/user/.m2/repository/com/sun/jersey/jersey-server/1.19/jersey-server-1.19.jar:/home/user/.m2/repository/javax/servlet/javax.servlet-api/3.1.0/javax.servlet-api-3.1.0.jar:/home/user/.m2/repository/org/eclipse/jetty/jetty-server/9.3.25.v20180904/jetty-server-9.3.25.v20180904.jar:/home/user/.m2/repository/org/eclipse/jetty/jetty-http/9.3.25.v20180904/jetty-http-9.3.25.v20180904.jar:/home/user/.m2/repository/org/eclipse/jetty/jetty-io/9.3.25.v20180904/jetty-io-9.3.25.v20180904.jar:/home/user/.m2/repository/org/eclipse/jetty/jetty-webapp/9.3.25.v20180904/jetty-webapp-9.3.25.v20180904.jar:/home/user/.m2/repository/org/eclipse/jetty/jetty-xml/9.3.25.v20180904/jetty-xml-9.3.25.v20180904.jar:/home/user/.m2/repository/log4j/log4j/1.2.17/log4j-1.2.17.jar:/home/user/.m2/repository/org/slf4j/slf4j-api/1.7.25/slf4j-api-1.7.25.jar:/home/user/.m2/repository/org/slf4j/jul-to-slf4j/1.7.25/jul-to-slf4j-1.7.25.jar:/home/user/.m2/repository/org/eclipse/jetty/jetty-util/9.3.25.v20180904/jetty-util-9.3.25.v20180904.jar:/home/user/.m2/repository/com/fasterxml/jackson/core/jackson-databind/2.9.9/jackson-databind-2.9.9.jar:/home/user/.m2/repository/org/apache/hadoop/hadoop-kms/3.2.0/hadoop-kms-3.2.0-tests.jar:/home/user/.m2/repository/org/apache/hadoop/hadoop-hdds-server-scm/0.5.0-SNAPSHOT/hadoop-hdds-server-scm-0.5.0-SNAPSHOT-tests.jar:/home/user/.m2/repository/org/apache/hadoop/hadoop-hdds-container-service/0.5.0-SNAPSHOT/hadoop-hdds-container-service-0.5.0-SNAPSHOT-tests.jar:/home/user/.m2/repository/org/yaml/snakeyaml/1.16/snakeyaml-1.16.jar:/home/user/.m2/repository/org/apache/hadoop/hadoop-common/3.2.0/hadoop-common-3.2.0-tests.jar:/home/user/.m2/repository/org/apache/hadoop/hadoop-annotations/3.2.0/hadoop-annotations-3.2.0.jar:/usr/lib/jvm/java-1.8.0-openjdk-1.8.0.222.b10-1.el7_7.x86_64/jre/../lib/tools.jar:/home/user/.m2/repository/commons-cli/commons-cli/1.2/commons-cli-1.2.jar:/home/user/.m2/repository/org/apache/httpcomponents/httpclient/4.5.2/httpclient-4.5.2.jar:/home/user/.m2/repository/org/apache/httpcomponents/httpcore/4.4.4/httpcore-4.4.4.jar:/home/user/.m2/repository/commons-codec/commons-codec/1.11/commons-codec-1.11.jar:/home/user/.m2/repository/commons-net/commons-net/3.6/commons-net-3.6.jar:/home/user/.m2/repository/commons-collections/commons-collections/3.2.2/commons-collections-3.2.2.jar:/home/user/.m2/repository/org/eclipse/jetty/jetty-servlet/9.3.25.v20180904/jetty-servlet-9.3.25.v20180904.jar:/home/user/.m2/repository/org/eclipse/jetty/jetty-security/9.3.25.v20180904/jetty-security-9.3.25.v20180904.jar:/home/user/.m2/repository/javax/servlet/jsp/jsp-api/2.1/jsp-api-2.1.jar:/home/user/.m2/repository/com/sun/jersey/jersey-servlet/1.19/jersey-servlet-1.19.jar:/home/user/.m2/repository/com/sun/jersey/jersey-json/1.19/jersey-json-1.19.jar:/home/user/.m2/repository/org/codehaus/jettison/jettison/1.1/jettison-1.1.jar:/home/user/.m2/repository/org/codehaus/jackson/jackson-core-asl/1.9.13/jackson-core-asl-1.9.13.jar:/home/user/.m2/repository/org/codehaus/jackson/jackson-mapper-asl/1.9.13/jackson-mapper-asl-1.9.13.jar:/home/user/.m2/repository/org/codehaus/jackson/jackson-jaxrs/1.9.13/jackson-jaxrs-1.9.13.jar:/home/user/.m2/repository/org/codehaus/jackson/jackson-xc/1.9.13/jackson-xc-1.9.13.jar:/home/user/.m2/repository/commons-logging/commons-logging/1.1.3/commons-logging-1.1.3.jar:/home/user/.m2/repository/commons-beanutils/commons-beanutils/1.9.4/commons-beanutils-1.9.4.jar:/home/user/.m2/repository/org/apache/commons/commons-configuration2/2.1.1/commons-configuration2-2.1.1.jar:/home/user/.m2/repository/org/apache/commons/commons-lang3/3.7/commons-lang3-3.7.jar:/home/user/.m2/repository/org/apache/commons/commons-text/1.4/commons-text-1.4.jar:/home/user/.m2/repository/org/apache/avro/avro/1.7.7/avro-1.7.7.jar:/home/user/.m2/repository/com/thoughtworks/paranamer/paranamer/2.3/paranamer-2.3.jar:/home/user/.m2/repository/org/xerial/snappy/snappy-java/1.0.5/snappy-java-1.0.5.jar:/home/user/.m2/repository/com/google/re2j/re2j/1.1/re2j-1.1.jar:/home/user/.m2/repository/com/google/code/gson/gson/2.2.4/gson-2.2.4.jar:/home/user/.m2/repository/com/jcraft/jsch/0.1.54/jsch-0.1.54.jar:/home/user/.m2/repository/org/apache/curator/curator-client/2.12.0/curator-client-2.12.0.jar:/home/user/.m2/repository/org/apache/curator/curator-recipes/2.12.0/curator-recipes-2.12.0.jar:/home/user/.m2/repository/com/google/code/findbugs/jsr305/3.0.0/jsr305-3.0.0.jar:/home/user/.m2/repository/org/apache/htrace/htrace-core4/4.1.0-incubating/htrace-core4-4.1.0-incubating.jar:/home/user/.m2/repository/org/apache/zookeeper/zookeeper/3.4.13/zookeeper-3.4.13.jar:/home/user/.m2/repository/jline/jline/0.9.94/jline-0.9.94.jar:/home/user/.m2/repository/org/apache/yetus/audience-annotations/0.5.0/audience-annotations-0.5.0.jar:/home/user/.m2/repository/org/codehaus/woodstox/stax2-api/3.1.4/stax2-api-3.1.4.jar:/home/user/.m2/repository/com/fasterxml/woodstox/woodstox-core/5.0.3/woodstox-core-5.0.3.jar:/home/user/.m2/repository/dnsjava/dnsjava/2.1.7/dnsjava-2.1.7.jar:/home/user/.m2/repository/org/apache/hadoop/hadoop-hdfs/3.2.0/hadoop-hdfs-3.2.0-tests.jar:/home/user/.m2/repository/org/eclipse/jetty/jetty-util-ajax/9.3.25.v20180904/jetty-util-ajax-9.3.25.v20180904.jar:/home/user/.m2/repository/commons-daemon/commons-daemon/1.0.13/commons-daemon-1.0.13.jar:/home/user/.m2/repository/io/netty/netty/3.10.5.Final/netty-3.10.5.Final.jar:/home/user/.m2/repository/io/netty/netty-all/4.0.52.Final/netty-all-4.0.52.Final.jar:/home/user/.m2/repository/org/fusesource/leveldbjni/leveldbjni-all/1.8/leveldbjni-all-1.8.jar:"/>
    <property name="java.vm.vendor" value="Oracle Corporation"/>
    <property name="sun.arch.data.model" value="64"/>
    <property name="test.build.dir" value="/workdir/hadoop-ozone/integration-test/target/test-dir"/>
    <property name="test.cache.data" value=""/>
    <property name="java.vendor.url" value="http://java.oracle.com/"/>
    <property name="user.timezone" value=""/>
    <property name="java.vm.specification.version" value="1.8"/>
    <property name="os.name" value="Linux"/>
    <property name="test.build.data" value="/workdir/hadoop-ozone/integration-test/target/test-dir"/>
    <property name="user.country" value="US"/>
    <property name="sun.java.launcher" value="SUN_STANDARD"/>
    <property name="sun.boot.library.path" value="/usr/lib/jvm/java-1.8.0-openjdk-1.8.0.222.b10-1.el7_7.x86_64/jre/lib/amd64"/>
    <property name="sun.java.command" value="/workdir/hadoop-ozone/integration-test/target/surefire/surefirebooter1149846568041296668.jar /workdir/hadoop-ozone/integration-test/target/surefire 2019-10-24T12-49-12_878-jvmRun1 surefire7905930567497019797tmp surefire_424437150371138810760tmp"/>
    <property name="surefire.test.class.path" value="/workdir/hadoop-ozone/integration-test/target/test-classes:/workdir/hadoop-ozone/integration-test/target/classes:/home/user/.m2/repository/org/apache/hadoop/hadoop-ozone-common/0.5.0-SNAPSHOT/hadoop-ozone-common-0.5.0-SNAPSHOT.jar:/home/user/.m2/repository/org/apache/commons/commons-compress/1.4.1/commons-compress-1.4.1.jar:/home/user/.m2/repository/org/tukaani/xz/1.0/xz-1.0.jar:/home/user/.m2/repository/org/apache/hadoop/hadoop-common/3.2.0/hadoop-common-3.2.0.jar:/home/user/.m2/repository/org/apache/hadoop/hadoop-hdfs/3.2.0/hadoop-hdfs-3.2.0.jar:/home/user/.m2/repository/org/apache/hadoop/hadoop-hdfs-client/3.2.0/hadoop-hdfs-client-3.2.0.jar:/home/user/.m2/repository/com/fasterxml/jackson/core/jackson-annotations/2.9.9/jackson-annotations-2.9.9.jar:/home/user/.m2/repository/org/apache/hadoop/hadoop-hdds-common/0.5.0-SNAPSHOT/hadoop-hdds-common-0.5.0-SNAPSHOT.jar:/home/user/.m2/repository/javax/annotation/javax.annotation-api/1.2/javax.annotation-api-1.2.jar:/home/user/.m2/repository/org/apache/ratis/ratis-server/0.5.0-ced7dbf-SNAPSHOT/ratis-server-0.5.0-ced7dbf-SNAPSHOT.jar:/home/user/.m2/repository/org/apache/ratis/ratis-thirdparty-misc/0.2.0/ratis-thirdparty-misc-0.2.0.jar:/home/user/.m2/repository/org/apache/ratis/ratis-proto/0.5.0-ced7dbf-SNAPSHOT/ratis-proto-0.5.0-ced7dbf-SNAPSHOT.jar:/home/user/.m2/repository/org/apache/ratis/ratis-common/0.5.0-ced7dbf-SNAPSHOT/ratis-common-0.5.0-ced7dbf-SNAPSHOT.jar:/home/user/.m2/repository/org/apache/ratis/ratis-client/0.5.0-ced7dbf-SNAPSHOT/ratis-client-0.5.0-ced7dbf-SNAPSHOT.jar:/home/user/.m2/repository/org/apache/ratis/ratis-metrics/0.5.0-ced7dbf-SNAPSHOT/ratis-metrics-0.5.0-ced7dbf-SNAPSHOT.jar:/home/user/.m2/repository/org/apache/ratis/ratis-netty/0.5.0-ced7dbf-SNAPSHOT/ratis-netty-0.5.0-ced7dbf-SNAPSHOT.jar:/home/user/.m2/repository/org/apache/ratis/ratis-grpc/0.5.0-ced7dbf-SNAPSHOT/ratis-grpc-0.5.0-ced7dbf-SNAPSHOT.jar:/home/user/.m2/repository/org/rocksdb/rocksdbjni/6.0.1/rocksdbjni-6.0.1.jar:/home/user/.m2/repository/org/apache/logging/log4j/log4j-api/2.11.0/log4j-api-2.11.0.jar:/home/user/.m2/repository/org/apache/logging/log4j/log4j-core/2.11.0/log4j-core-2.11.0.jar:/home/user/.m2/repository/com/lmax/disruptor/3.4.2/disruptor-3.4.2.jar:/home/user/.m2/repository/org/apache/commons/commons-pool2/2.6.0/commons-pool2-2.6.0.jar:/home/user/.m2/repository/org/bouncycastle/bcpkix-jdk15on/1.60/bcpkix-jdk15on-1.60.jar:/home/user/.m2/repository/commons-validator/commons-validator/1.6/commons-validator-1.6.jar:/home/user/.m2/repository/commons-digester/commons-digester/1.8.1/commons-digester-1.8.1.jar:/home/user/.m2/repository/io/jaegertracing/jaeger-client/0.34.0/jaeger-client-0.34.0.jar:/home/user/.m2/repository/io/jaegertracing/jaeger-thrift/0.34.0/jaeger-thrift-0.34.0.jar:/home/user/.m2/repository/org/apache/thrift/libthrift/0.12.0/libthrift-0.12.0.jar:/home/user/.m2/repository/com/squareup/okhttp3/okhttp/3.9.0/okhttp-3.9.0.jar:/home/user/.m2/repository/com/squareup/okio/okio/1.13.0/okio-1.13.0.jar:/home/user/.m2/repository/io/jaegertracing/jaeger-core/0.34.0/jaeger-core-0.34.0.jar:/home/user/.m2/repository/io/jaegertracing/jaeger-tracerresolver/0.34.0/jaeger-tracerresolver-0.34.0.jar:/home/user/.m2/repository/io/opentracing/contrib/opentracing-tracerresolver/0.1.5/opentracing-tracerresolver-0.1.5.jar:/home/user/.m2/repository/io/opentracing/opentracing-util/0.31.0/opentracing-util-0.31.0.jar:/home/user/.m2/repository/io/opentracing/opentracing-api/0.31.0/opentracing-api-0.31.0.jar:/home/user/.m2/repository/io/opentracing/opentracing-noop/0.31.0/opentracing-noop-0.31.0.jar:/home/user/.m2/repository/org/apache/hadoop/hadoop-hdds-server-framework/0.5.0-SNAPSHOT/hadoop-hdds-server-framework-0.5.0-SNAPSHOT.jar:/home/user/.m2/repository/org/apache/hadoop/hadoop-hdds-container-service/0.5.0-SNAPSHOT/hadoop-hdds-container-service-0.5.0-SNAPSHOT.jar:/home/user/.m2/repository/org/apache/hadoop/hadoop-hdds-client/0.5.0-SNAPSHOT/hadoop-hdds-client-0.5.0-SNAPSHOT.jar:/home/user/.m2/repository/org/apache/hadoop/hadoop-hdds-tools/0.5.0-SNAPSHOT/hadoop-hdds-tools-0.5.0-SNAPSHOT.jar:/home/user/.m2/repository/org/apache/hadoop/hadoop-hdds-server-scm/0.5.0-SNAPSHOT/hadoop-hdds-server-scm-0.5.0-SNAPSHOT.jar:/home/user/.m2/repository/org/apache/hadoop/hadoop-hdds-docs/0.5.0-SNAPSHOT/hadoop-hdds-docs-0.5.0-SNAPSHOT.jar:/home/user/.m2/repository/io/dropwizard/metrics/metrics-core/3.2.4/metrics-core-3.2.4.jar:/home/user/.m2/repository/org/hamcrest/hamcrest-all/1.3/hamcrest-all-1.3.jar:/home/user/.m2/repository/org/bouncycastle/bcprov-jdk15on/1.60/bcprov-jdk15on-1.60.jar:/home/user/.m2/repository/info/picocli/picocli/3.9.6/picocli-3.9.6.jar:/home/user/.m2/repository/com/google/protobuf/protobuf-java/2.5.0/protobuf-java-2.5.0.jar:/home/user/.m2/repository/com/google/guava/guava/11.0.2/guava-11.0.2.jar:/home/user/.m2/repository/org/apache/hadoop/hadoop-ozone-ozone-manager/0.5.0-SNAPSHOT/hadoop-ozone-ozone-manager-0.5.0-SNAPSHOT.jar:/home/user/.m2/repository/org/apache/hadoop/hadoop-minikdc/3.2.0/hadoop-minikdc-3.2.0.jar:/home/user/.m2/repository/commons-io/commons-io/2.5/commons-io-2.5.jar:/home/user/.m2/repository/org/apache/kerby/kerb-simplekdc/1.0.1/kerb-simplekdc-1.0.1.jar:/home/user/.m2/repository/org/apache/kerby/kerb-client/1.0.1/kerb-client-1.0.1.jar:/home/user/.m2/repository/org/apache/kerby/kerby-config/1.0.1/kerby-config-1.0.1.jar:/home/user/.m2/repository/org/apache/kerby/kerb-core/1.0.1/kerb-core-1.0.1.jar:/home/user/.m2/repository/org/apache/kerby/kerby-pkix/1.0.1/kerby-pkix-1.0.1.jar:/home/user/.m2/repository/org/apache/kerby/kerby-asn1/1.0.1/kerby-asn1-1.0.1.jar:/home/user/.m2/repository/org/apache/kerby/kerby-util/1.0.1/kerby-util-1.0.1.jar:/home/user/.m2/repository/org/apache/kerby/kerb-common/1.0.1/kerb-common-1.0.1.jar:/home/user/.m2/repository/org/apache/kerby/kerb-crypto/1.0.1/kerb-crypto-1.0.1.jar:/home/user/.m2/repository/org/apache/kerby/kerb-util/1.0.1/kerb-util-1.0.1.jar:/home/user/.m2/repository/org/apache/kerby/token-provider/1.0.1/token-provider-1.0.1.jar:/home/user/.m2/repository/org/apache/kerby/kerb-admin/1.0.1/kerb-admin-1.0.1.jar:/home/user/.m2/repository/org/apache/kerby/kerb-server/1.0.1/kerb-server-1.0.1.jar:/home/user/.m2/repository/org/apache/kerby/kerb-identity/1.0.1/kerb-identity-1.0.1.jar:/home/user/.m2/repository/org/apache/kerby/kerby-xdr/1.0.1/kerby-xdr-1.0.1.jar:/home/user/.m2/repository/org/slf4j/slf4j-log4j12/1.7.25/slf4j-log4j12-1.7.25.jar:/home/user/.m2/repository/org/apache/hadoop/hadoop-ozone-s3gateway/0.5.0-SNAPSHOT/hadoop-ozone-s3gateway-0.5.0-SNAPSHOT.jar:/home/user/.m2/repository/org/jboss/weld/servlet/weld-servlet/2.4.7.Final/weld-servlet-2.4.7.Final.jar:/home/user/.m2/repository/org/glassfish/jersey/containers/jersey-container-servlet-core/2.27/jersey-container-servlet-core-2.27.jar:/home/user/.m2/repository/org/glassfish/hk2/external/javax.inject/2.5.0-b42/javax.inject-2.5.0-b42.jar:/home/user/.m2/repository/org/glassfish/jersey/core/jersey-common/2.27/jersey-common-2.27.jar:/home/user/.m2/repository/org/glassfish/hk2/osgi-resource-locator/1.0.1/osgi-resource-locator-1.0.1.jar:/home/user/.m2/repository/javax/ws/rs/javax.ws.rs-api/2.1/javax.ws.rs-api-2.1.jar:/home/user/.m2/repository/org/glassfish/jersey/ext/cdi/jersey-cdi1x/2.27/jersey-cdi1x-2.27.jar:/home/user/.m2/repository/org/glassfish/jersey/inject/jersey-hk2/2.27/jersey-hk2-2.27.jar:/home/user/.m2/repository/org/glassfish/hk2/hk2-locator/2.5.0-b42/hk2-locator-2.5.0-b42.jar:/home/user/.m2/repository/org/javassist/javassist/3.22.0-CR2/javassist-3.22.0-CR2.jar:/home/user/.m2/repository/org/glassfish/hk2/hk2-api/2.5.0/hk2-api-2.5.0.jar:/home/user/.m2/repository/org/glassfish/hk2/external/jakarta.inject/2.5.0/jakarta.inject-2.5.0.jar:/home/user/.m2/repository/org/glassfish/hk2/hk2-utils/2.5.0/hk2-utils-2.5.0.jar:/home/user/.m2/repository/jakarta/annotation/jakarta.annotation-api/1.3.4/jakarta.annotation-api-1.3.4.jar:/home/user/.m2/repository/org/glassfish/hk2/external/aopalliance-repackaged/2.5.0/aopalliance-repackaged-2.5.0.jar:/home/user/.m2/repository/com/fasterxml/jackson/dataformat/jackson-dataformat-xml/2.9.0/jackson-dataformat-xml-2.9.0.jar:/home/user/.m2/repository/com/fasterxml/jackson/core/jackson-core/2.9.9/jackson-core-2.9.9.jar:/home/user/.m2/repository/com/fasterxml/jackson/module/jackson-module-jaxb-annotations/2.9.9/jackson-module-jaxb-annotations-2.9.9.jar:/home/user/.m2/repository/javax/enterprise/cdi-api/1.2/cdi-api-1.2.jar:/home/user/.m2/repository/javax/el/javax.el-api/3.0.0/javax.el-api-3.0.0.jar:/home/user/.m2/repository/javax/interceptor/javax.interceptor-api/1.2/javax.interceptor-api-1.2.jar:/home/user/.m2/repository/javax/inject/javax.inject/1/javax.inject-1.jar:/home/user/.m2/repository/com/sun/xml/bind/jaxb-impl/2.3.0.1/jaxb-impl-2.3.0.1.jar:/home/user/.m2/repository/com/sun/xml/bind/jaxb-core/2.3.0.1/jaxb-core-2.3.0.1.jar:/home/user/.m2/repository/javax/xml/bind/jaxb-api/2.3.0/jaxb-api-2.3.0.jar:/home/user/.m2/repository/javax/activation/activation/1.1.1/activation-1.1.1.jar:/home/user/.m2/repository/org/apache/hadoop/hadoop-ozone-csi/0.5.0-SNAPSHOT/hadoop-ozone-csi-0.5.0-SNAPSHOT.jar:/home/user/.m2/repository/com/google/protobuf/protobuf-java-util/3.5.1/protobuf-java-util-3.5.1.jar:/home/user/.m2/repository/org/apache/hadoop/hadoop-hdds-config/0.5.0-SNAPSHOT/hadoop-hdds-config-0.5.0-SNAPSHOT.jar:/home/user/.m2/repository/io/grpc/grpc-netty/1.17.1/grpc-netty-1.17.1.jar:/home/user/.m2/repository/io/grpc/grpc-core/1.17.1/grpc-core-1.17.1.jar:/home/user/.m2/repository/io/grpc/grpc-context/1.17.1/grpc-context-1.17.1.jar:/home/user/.m2/repository/com/google/errorprone/error_prone_annotations/2.2.0/error_prone_annotations-2.2.0.jar:/home/user/.m2/repository/org/codehaus/mojo/animal-sniffer-annotations/1.17/animal-sniffer-annotations-1.17.jar:/home/user/.m2/repository/io/opencensus/opencensus-api/0.17.0/opencensus-api-0.17.0.jar:/home/user/.m2/repository/io/opencensus/opencensus-contrib-grpc-metrics/0.17.0/opencensus-contrib-grpc-metrics-0.17.0.jar:/home/user/.m2/repository/io/netty/netty-codec-http2/4.1.30.Final/netty-codec-http2-4.1.30.Final.jar:/home/user/.m2/repository/io/netty/netty-codec-http/4.1.30.Final/netty-codec-http-4.1.30.Final.jar:/home/user/.m2/repository/io/netty/netty-codec/4.1.30.Final/netty-codec-4.1.30.Final.jar:/home/user/.m2/repository/io/netty/netty-handler/4.1.30.Final/netty-handler-4.1.30.Final.jar:/home/user/.m2/repository/io/netty/netty-handler-proxy/4.1.30.Final/netty-handler-proxy-4.1.30.Final.jar:/home/user/.m2/repository/io/netty/netty-codec-socks/4.1.30.Final/netty-codec-socks-4.1.30.Final.jar:/home/user/.m2/repository/io/netty/netty-transport-native-epoll/4.1.30.Final/netty-transport-native-epoll-4.1.30.Final.jar:/home/user/.m2/repository/io/netty/netty-common/4.1.30.Final/netty-common-4.1.30.Final.jar:/home/user/.m2/repository/io/netty/netty-buffer/4.1.30.Final/netty-buffer-4.1.30.Final.jar:/home/user/.m2/repository/io/netty/netty-transport/4.1.30.Final/netty-transport-4.1.30.Final.jar:/home/user/.m2/repository/io/netty/netty-resolver/4.1.30.Final/netty-resolver-4.1.30.Final.jar:/home/user/.m2/repository/io/netty/netty-transport-native-unix-common/4.1.30.Final/netty-transport-native-unix-common-4.1.30.Final.jar:/home/user/.m2/repository/io/grpc/grpc-protobuf/1.17.1/grpc-protobuf-1.17.1.jar:/home/user/.m2/repository/com/google/api/grpc/proto-google-common-protos/1.0.0/proto-google-common-protos-1.0.0.jar:/home/user/.m2/repository/io/grpc/grpc-protobuf-lite/1.17.1/grpc-protobuf-lite-1.17.1.jar:/home/user/.m2/repository/io/grpc/grpc-stub/1.17.1/grpc-stub-1.17.1.jar:/home/user/.m2/repository/org/apache/hadoop/hadoop-ozone-recon/0.5.0-SNAPSHOT/hadoop-ozone-recon-0.5.0-SNAPSHOT.jar:/home/user/.m2/repository/org/apache/hadoop/hadoop-ozone-reconcodegen/0.5.0-SNAPSHOT/hadoop-ozone-reconcodegen-0.5.0-SNAPSHOT.jar:/home/user/.m2/repository/com/google/inject/extensions/guice-multibindings/4.0/guice-multibindings-4.0.jar:/home/user/.m2/repository/com/google/inject/guice/4.0/guice-4.0.jar:/home/user/.m2/repository/aopalliance/aopalliance/1.0/aopalliance-1.0.jar:/home/user/.m2/repository/com/google/inject/extensions/guice-servlet/4.0/guice-servlet-4.0.jar:/home/user/.m2/repository/org/glassfish/jersey/containers/jersey-container-servlet/2.27/jersey-container-servlet-2.27.jar:/home/user/.m2/repository/org/glassfish/hk2/guice-bridge/2.5.0/guice-bridge-2.5.0.jar:/home/user/.m2/repository/org/glassfish/jersey/core/jersey-server/2.27/jersey-server-2.27.jar:/home/user/.m2/repository/org/glassfish/jersey/core/jersey-client/2.27/jersey-client-2.27.jar:/home/user/.m2/repository/org/glassfish/jersey/media/jersey-media-jaxb/2.27/jersey-media-jaxb-2.27.jar:/home/user/.m2/repository/javax/validation/validation-api/1.1.0.Final/validation-api-1.1.0.Final.jar:/home/user/.m2/repository/org/glassfish/jersey/media/jersey-media-json-jackson/2.27/jersey-media-json-jackson-2.27.jar:/home/user/.m2/repository/org/glassfish/jersey/ext/jersey-entity-filtering/2.27/jersey-entity-filtering-2.27.jar:/home/user/.m2/repository/com/google/inject/extensions/guice-assistedinject/4.0/guice-assistedinject-4.0.jar:/home/user/.m2/repository/org/jooq/jooq/3.11.10/jooq-3.11.10.jar:/home/user/.m2/repository/org/jooq/jooq-meta/3.11.10/jooq-meta-3.11.10.jar:/home/user/.m2/repository/org/jooq/jooq-codegen/3.11.10/jooq-codegen-3.11.10.jar:/home/user/.m2/repository/com/jolbox/bonecp/0.8.0.RELEASE/bonecp-0.8.0.RELEASE.jar:/home/user/.m2/repository/org/xerial/sqlite-jdbc/3.25.2/sqlite-jdbc-3.25.2.jar:/home/user/.m2/repository/org/springframework/spring-jdbc/5.1.3.RELEASE/spring-jdbc-5.1.3.RELEASE.jar:/home/user/.m2/repository/org/springframework/spring-beans/5.1.3.RELEASE/spring-beans-5.1.3.RELEASE.jar:/home/user/.m2/repository/org/springframework/spring-core/5.1.3.RELEASE/spring-core-5.1.3.RELEASE.jar:/home/user/.m2/repository/org/springframework/spring-jcl/5.1.3.RELEASE/spring-jcl-5.1.3.RELEASE.jar:/home/user/.m2/repository/org/springframework/spring-tx/5.1.3.RELEASE/spring-tx-5.1.3.RELEASE.jar:/home/user/.m2/repository/org/apache/hadoop/hadoop-ozone-client/0.5.0-SNAPSHOT/hadoop-ozone-client-0.5.0-SNAPSHOT.jar:/home/user/.m2/repository/commons-lang/commons-lang/2.6/commons-lang-2.6.jar:/home/user/.m2/repository/org/apache/hadoop/hadoop-ozone-ozone-manager/0.5.0-SNAPSHOT/hadoop-ozone-ozone-manager-0.5.0-SNAPSHOT-tests.jar:/home/user/.m2/repository/junit/junit/4.11/junit-4.11.jar:/home/user/.m2/repository/org/hamcrest/hamcrest-core/1.3/hamcrest-core-1.3.jar:/home/user/.m2/repository/org/openjdk/jmh/jmh-core/1.19/jmh-core-1.19.jar:/home/user/.m2/repository/net/sf/jopt-simple/jopt-simple/4.6/jopt-simple-4.6.jar:/home/user/.m2/repository/org/apache/commons/commons-math3/3.1.1/commons-math3-3.1.1.jar:/home/user/.m2/repository/org/openjdk/jmh/jmh-generator-annprocess/1.19/jmh-generator-annprocess-1.19.jar:/home/user/.m2/repository/org/mockito/mockito-all/1.8.5/mockito-all-1.8.5.jar:/home/user/.m2/repository/org/apache/hadoop/hadoop-kms/3.2.0/hadoop-kms-3.2.0.jar:/home/user/.m2/repository/org/apache/hadoop/hadoop-auth/3.2.0/hadoop-auth-3.2.0.jar:/home/user/.m2/repository/com/nimbusds/nimbus-jose-jwt/4.41.1/nimbus-jose-jwt-4.41.1.jar:/home/user/.m2/repository/com/github/stephenc/jcip/jcip-annotations/1.0-1/jcip-annotations-1.0-1.jar:/home/user/.m2/repository/net/minidev/json-smart/2.3/json-smart-2.3.jar:/home/user/.m2/repository/net/minidev/accessors-smart/1.2/accessors-smart-1.2.jar:/home/user/.m2/repository/org/ow2/asm/asm/5.0.4/asm-5.0.4.jar:/home/user/.m2/repository/org/apache/curator/curator-framework/2.12.0/curator-framework-2.12.0.jar:/home/user/.m2/repository/com/sun/jersey/jersey-core/1.19/jersey-core-1.19.jar:/home/user/.m2/repository/javax/ws/rs/jsr311-api/1.1.1/jsr311-api-1.1.1.jar:/home/user/.m2/repository/com/sun/jersey/jersey-server/1.19/jersey-server-1.19.jar:/home/user/.m2/repository/javax/servlet/javax.servlet-api/3.1.0/javax.servlet-api-3.1.0.jar:/home/user/.m2/repository/org/eclipse/jetty/jetty-server/9.3.25.v20180904/jetty-server-9.3.25.v20180904.jar:/home/user/.m2/repository/org/eclipse/jetty/jetty-http/9.3.25.v20180904/jetty-http-9.3.25.v20180904.jar:/home/user/.m2/repository/org/eclipse/jetty/jetty-io/9.3.25.v20180904/jetty-io-9.3.25.v20180904.jar:/home/user/.m2/repository/org/eclipse/jetty/jetty-webapp/9.3.25.v20180904/jetty-webapp-9.3.25.v20180904.jar:/home/user/.m2/repository/org/eclipse/jetty/jetty-xml/9.3.25.v20180904/jetty-xml-9.3.25.v20180904.jar:/home/user/.m2/repository/log4j/log4j/1.2.17/log4j-1.2.17.jar:/home/user/.m2/repository/org/slf4j/slf4j-api/1.7.25/slf4j-api-1.7.25.jar:/home/user/.m2/repository/org/slf4j/jul-to-slf4j/1.7.25/jul-to-slf4j-1.7.25.jar:/home/user/.m2/repository/org/eclipse/jetty/jetty-util/9.3.25.v20180904/jetty-util-9.3.25.v20180904.jar:/home/user/.m2/repository/com/fasterxml/jackson/core/jackson-databind/2.9.9/jackson-databind-2.9.9.jar:/home/user/.m2/repository/org/apache/hadoop/hadoop-kms/3.2.0/hadoop-kms-3.2.0-tests.jar:/home/user/.m2/repository/org/apache/hadoop/hadoop-hdds-server-scm/0.5.0-SNAPSHOT/hadoop-hdds-server-scm-0.5.0-SNAPSHOT-tests.jar:/home/user/.m2/repository/org/apache/hadoop/hadoop-hdds-container-service/0.5.0-SNAPSHOT/hadoop-hdds-container-service-0.5.0-SNAPSHOT-tests.jar:/home/user/.m2/repository/org/yaml/snakeyaml/1.16/snakeyaml-1.16.jar:/home/user/.m2/repository/org/apache/hadoop/hadoop-common/3.2.0/hadoop-common-3.2.0-tests.jar:/home/user/.m2/repository/org/apache/hadoop/hadoop-annotations/3.2.0/hadoop-annotations-3.2.0.jar:/usr/lib/jvm/java-1.8.0-openjdk-1.8.0.222.b10-1.el7_7.x86_64/jre/../lib/tools.jar:/home/user/.m2/repository/commons-cli/commons-cli/1.2/commons-cli-1.2.jar:/home/user/.m2/repository/org/apache/httpcomponents/httpclient/4.5.2/httpclient-4.5.2.jar:/home/user/.m2/repository/org/apache/httpcomponents/httpcore/4.4.4/httpcore-4.4.4.jar:/home/user/.m2/repository/commons-codec/commons-codec/1.11/commons-codec-1.11.jar:/home/user/.m2/repository/commons-net/commons-net/3.6/commons-net-3.6.jar:/home/user/.m2/repository/commons-collections/commons-collections/3.2.2/commons-collections-3.2.2.jar:/home/user/.m2/repository/org/eclipse/jetty/jetty-servlet/9.3.25.v20180904/jetty-servlet-9.3.25.v20180904.jar:/home/user/.m2/repository/org/eclipse/jetty/jetty-security/9.3.25.v20180904/jetty-security-9.3.25.v20180904.jar:/home/user/.m2/repository/javax/servlet/jsp/jsp-api/2.1/jsp-api-2.1.jar:/home/user/.m2/repository/com/sun/jersey/jersey-servlet/1.19/jersey-servlet-1.19.jar:/home/user/.m2/repository/com/sun/jersey/jersey-json/1.19/jersey-json-1.19.jar:/home/user/.m2/repository/org/codehaus/jettison/jettison/1.1/jettison-1.1.jar:/home/user/.m2/repository/org/codehaus/jackson/jackson-core-asl/1.9.13/jackson-core-asl-1.9.13.jar:/home/user/.m2/repository/org/codehaus/jackson/jackson-mapper-asl/1.9.13/jackson-mapper-asl-1.9.13.jar:/home/user/.m2/repository/org/codehaus/jackson/jackson-jaxrs/1.9.13/jackson-jaxrs-1.9.13.jar:/home/user/.m2/repository/org/codehaus/jackson/jackson-xc/1.9.13/jackson-xc-1.9.13.jar:/home/user/.m2/repository/commons-logging/commons-logging/1.1.3/commons-logging-1.1.3.jar:/home/user/.m2/repository/commons-beanutils/commons-beanutils/1.9.4/commons-beanutils-1.9.4.jar:/home/user/.m2/repository/org/apache/commons/commons-configuration2/2.1.1/commons-configuration2-2.1.1.jar:/home/user/.m2/repository/org/apache/commons/commons-lang3/3.7/commons-lang3-3.7.jar:/home/user/.m2/repository/org/apache/commons/commons-text/1.4/commons-text-1.4.jar:/home/user/.m2/repository/org/apache/avro/avro/1.7.7/avro-1.7.7.jar:/home/user/.m2/repository/com/thoughtworks/paranamer/paranamer/2.3/paranamer-2.3.jar:/home/user/.m2/repository/org/xerial/snappy/snappy-java/1.0.5/snappy-java-1.0.5.jar:/home/user/.m2/repository/com/google/re2j/re2j/1.1/re2j-1.1.jar:/home/user/.m2/repository/com/google/code/gson/gson/2.2.4/gson-2.2.4.jar:/home/user/.m2/repository/com/jcraft/jsch/0.1.54/jsch-0.1.54.jar:/home/user/.m2/repository/org/apache/curator/curator-client/2.12.0/curator-client-2.12.0.jar:/home/user/.m2/repository/org/apache/curator/curator-recipes/2.12.0/curator-recipes-2.12.0.jar:/home/user/.m2/repository/com/google/code/findbugs/jsr305/3.0.0/jsr305-3.0.0.jar:/home/user/.m2/repository/org/apache/htrace/htrace-core4/4.1.0-incubating/htrace-core4-4.1.0-incubating.jar:/home/user/.m2/repository/org/apache/zookeeper/zookeeper/3.4.13/zookeeper-3.4.13.jar:/home/user/.m2/repository/jline/jline/0.9.94/jline-0.9.94.jar:/home/user/.m2/repository/org/apache/yetus/audience-annotations/0.5.0/audience-annotations-0.5.0.jar:/home/user/.m2/repository/org/codehaus/woodstox/stax2-api/3.1.4/stax2-api-3.1.4.jar:/home/user/.m2/repository/com/fasterxml/woodstox/woodstox-core/5.0.3/woodstox-core-5.0.3.jar:/home/user/.m2/repository/dnsjava/dnsjava/2.1.7/dnsjava-2.1.7.jar:/home/user/.m2/repository/org/apache/hadoop/hadoop-hdfs/3.2.0/hadoop-hdfs-3.2.0-tests.jar:/home/user/.m2/repository/org/eclipse/jetty/jetty-util-ajax/9.3.25.v20180904/jetty-util-ajax-9.3.25.v20180904.jar:/home/user/.m2/repository/commons-daemon/commons-daemon/1.0.13/commons-daemon-1.0.13.jar:/home/user/.m2/repository/io/netty/netty/3.10.5.Final/netty-3.10.5.Final.jar:/home/user/.m2/repository/io/netty/netty-all/4.0.52.Final/netty-all-4.0.52.Final.jar:/home/user/.m2/repository/org/fusesource/leveldbjni/leveldbjni-all/1.8/leveldbjni-all-1.8.jar:"/>
    <property name="sun.cpu.endian" value="little"/>
    <property name="user.home" value="/home/user"/>
    <property name="user.language" value="en"/>
    <property name="java.specification.vendor" value="Oracle Corporation"/>
    <property name="java.home" value="/usr/lib/jvm/java-1.8.0-openjdk-1.8.0.222.b10-1.el7_7.x86_64/jre"/>
    <property name="surefire.excludesFile" value="/tools/ozone-bad-unit-tests"/>
    <property name="java.security.krb5.conf" value="/workdir/hadoop-ozone/integration-test/target/test-classes/krb5.conf"/>
    <property name="basedir" value="/workdir/hadoop-ozone/integration-test"/>
    <property name="file.separator" value="/"/>
    <property name="line.separator" value="&#10;"/>
    <property name="java.vm.specification.vendor" value="Oracle Corporation"/>
    <property name="java.specification.name" value="Java Platform API Specification"/>
    <property name="java.awt.graphicsenv" value="sun.awt.X11GraphicsEnvironment"/>
    <property name="surefire.real.class.path" value="/workdir/hadoop-ozone/integration-test/target/surefire/surefirebooter1149846568041296668.jar"/>
    <property name="hadoop.log.dir" value="/workdir/hadoop-ozone/integration-test/target/log"/>
    <property name="sun.boot.class.path" value="/usr/lib/jvm/java-1.8.0-openjdk-1.8.0.222.b10-1.el7_7.x86_64/jre/lib/resources.jar:/usr/lib/jvm/java-1.8.0-openjdk-1.8.0.222.b10-1.el7_7.x86_64/jre/lib/rt.jar:/usr/lib/jvm/java-1.8.0-openjdk-1.8.0.222.b10-1.el7_7.x86_64/jre/lib/sunrsasign.jar:/usr/lib/jvm/java-1.8.0-openjdk-1.8.0.222.b10-1.el7_7.x86_64/jre/lib/jsse.jar:/usr/lib/jvm/java-1.8.0-openjdk-1.8.0.222.b10-1.el7_7.x86_64/jre/lib/jce.jar:/usr/lib/jvm/java-1.8.0-openjdk-1.8.0.222.b10-1.el7_7.x86_64/jre/lib/charsets.jar:/usr/lib/jvm/java-1.8.0-openjdk-1.8.0.222.b10-1.el7_7.x86_64/jre/lib/jfr.jar:/usr/lib/jvm/java-1.8.0-openjdk-1.8.0.222.b10-1.el7_7.x86_64/jre/classes"/>
    <property name="sun.management.compiler" value="HotSpot 64-Bit Tiered Compilers"/>
    <property name="java.runtime.version" value="1.8.0_222-b10"/>
    <property name="java.net.preferIPv4Stack" value="true"/>
    <property name="user.name" value="jenkins1000"/>
    <property name="path.separator" value=":"/>
    <property name="java.security.egd" value="file:///dev/urandom"/>
    <property name="os.version" value="3.10.0-957.12.2.el7.x86_64"/>
    <property name="java.endorsed.dirs" value="/usr/lib/jvm/java-1.8.0-openjdk-1.8.0.222.b10-1.el7_7.x86_64/jre/lib/endorsed"/>
    <property name="java.runtime.name" value="OpenJDK Runtime Environment"/>
    <property name="file.encoding" value="ANSI_X3.4-1968"/>
    <property name="java.vm.name" value="OpenJDK 64-Bit Server VM"/>
    <property name="test.build.webapps" value=""/>
    <property name="localRepository" value="/home/user/.m2/repository"/>
    <property name="java.vendor.url.bug" value="http://bugreport.sun.com/bugreport/"/>
    <property name="java.io.tmpdir" value="/tmp"/>
    <property name="require.test.libhadoop" value=""/>
    <property name="java.version" value="1.8.0_222"/>
    <property name="user.dir" value="/workdir/hadoop-ozone/integration-test"/>
    <property name="os.arch" value="amd64"/>
    <property name="java.vm.specification.name" value="Java Virtual Machine Specification"/>
    <property name="test.build.classes" value="/workdir/hadoop-ozone/integration-test/target/test-classes"/>
    <property name="java.awt.printerjob" value="sun.print.PSPrinterJob"/>
    <property name="sun.os.patch.level" value="unknown"/>
    <property name="hadoop.tmp.dir" value="/workdir/hadoop-ozone/integration-test/target/tmp"/>
    <property name="java.library.path" value="/usr/lib:/workdir/hadoop-ozone/integration-test/target/native/target/usr/local/lib:/workdir/hadoop-ozone/integration-test/../../hadoop-common-project/hadoop-common/target/native/target/usr/local/lib:/usr/java/packages/lib/amd64:/usr/lib64:/lib64:/lib:/usr/lib"/>
    <property name="java.vm.info" value="mixed mode"/>
    <property name="java.vendor" value="Oracle Corporation"/>
    <property name="java.vm.version" value="25.222-b10"/>
    <property name="java.ext.dirs" value="/usr/lib/jvm/java-1.8.0-openjdk-1.8.0.222.b10-1.el7_7.x86_64/jre/lib/ext:/usr/java/packages/lib/ext"/>
    <property name="sun.io.unicode.encoding" value="UnicodeLittle"/>
    <property name="java.class.version" value="52.0"/>
  </properties>
  <testcase name="testDeleteKeyWithSlowFollower" classname="org.apache.hadoop.ozone.client.rpc.TestDeleteWithSlowFollower" time="122.447">
    <failure type="java.lang.AssertionError">java.lang.AssertionError
	at org.junit.Assert.fail(Assert.java:86)
	at org.junit.Assert.assertTrue(Assert.java:41)
	at org.junit.Assert.assertTrue(Assert.java:52)
	at org.apache.hadoop.ozone.client.rpc.TestDeleteWithSlowFollower.testDeleteKeyWithSlowFollower(TestDeleteWithSlowFollower.java:265)
	at sun.reflect.NativeMethodAccessorImpl.invoke0(Native Method)
	at sun.reflect.NativeMethodAccessorImpl.invoke(NativeMethodAccessorImpl.java:62)
	at sun.reflect.DelegatingMethodAccessorImpl.invoke(DelegatingMethodAccessorImpl.java:43)
	at java.lang.reflect.Method.invoke(Method.java:498)
	at org.junit.runners.model.FrameworkMethod$1.runReflectiveCall(FrameworkMethod.java:47)
	at org.junit.internal.runners.model.ReflectiveCallable.run(ReflectiveCallable.java:12)
	at org.junit.runners.model.FrameworkMethod.invokeExplosively(FrameworkMethod.java:44)
	at org.junit.internal.runners.statements.InvokeMethod.evaluate(InvokeMethod.java:17)
	at org.junit.runners.ParentRunner.runLeaf(ParentRunner.java:271)
	at org.junit.runners.BlockJUnit4ClassRunner.runChild(BlockJUnit4ClassRunner.java:70)
	at org.junit.runners.BlockJUnit4ClassRunner.runChild(BlockJUnit4ClassRunner.java:50)
	at org.junit.runners.ParentRunner$3.run(ParentRunner.java:238)
	at org.junit.runners.ParentRunner$1.schedule(ParentRunner.java:63)
	at org.junit.runners.ParentRunner.runChildren(ParentRunner.java:236)
	at org.junit.runners.ParentRunner.access$000(ParentRunner.java:53)
	at org.junit.runners.ParentRunner$2.evaluate(ParentRunner.java:229)
	at org.junit.internal.runners.statements.RunBefores.evaluate(RunBefores.java:26)
	at org.junit.internal.runners.statements.RunAfters.evaluate(RunAfters.java:27)
	at org.junit.runners.ParentRunner.run(ParentRunner.java:309)
	at org.apache.maven.surefire.junit4.JUnit4Provider.execute(JUnit4Provider.java:365)
	at org.apache.maven.surefire.junit4.JUnit4Provider.executeWithRerun(JUnit4Provider.java:273)
	at org.apache.maven.surefire.junit4.JUnit4Provider.executeTestSet(JUnit4Provider.java:238)
	at org.apache.maven.surefire.junit4.JUnit4Provider.invoke(JUnit4Provider.java:159)
	at org.apache.maven.surefire.booter.ForkedBooter.invokeProviderInSameClassLoader(ForkedBooter.java:384)
	at org.apache.maven.surefire.booter.ForkedBooter.runSuitesInProcess(ForkedBooter.java:345)
	at org.apache.maven.surefire.booter.ForkedBooter.execute(ForkedBooter.java:126)
	at org.apache.maven.surefire.booter.ForkedBooter.main(ForkedBooter.java:418)
</failure>
    <system-out><![CDATA[2019-10-24 13:25:25,758 [main] WARN  server.ServerUtils (ServerUtils.java:getScmDbDir(145)) - ozone.scm.db.dirs is not configured. We recommend adding this setting. Falling back to ozone.metadata.dirs instead.
2019-10-24 13:25:25,862 [main] WARN  server.ServerUtils (ServerUtils.java:getScmDbDir(145)) - ozone.scm.db.dirs is not configured. We recommend adding this setting. Falling back to ozone.metadata.dirs instead.
2019-10-24 13:25:25,865 [main] WARN  server.ServerUtils (ServerUtils.java:getScmDbDir(145)) - ozone.scm.db.dirs is not configured. We recommend adding this setting. Falling back to ozone.metadata.dirs instead.
2019-10-24 13:25:25,891 [main] INFO  util.log (Log.java:initialized(192)) - Logging initialized @871ms
2019-10-24 13:25:25,987 [main] INFO  db.DBStoreBuilder (DBStoreBuilder.java:addTable(127)) - using custom profile for table: deletedBlocks
2019-10-24 13:25:25,987 [main] INFO  db.DBStoreBuilder (DBStoreBuilder.java:processTables(183)) - Using default column profile:DBProfile.DISK for Table:deletedBlocks
2019-10-24 13:25:25,987 [main] INFO  db.DBStoreBuilder (DBStoreBuilder.java:addTable(127)) - using custom profile for table: validCerts
2019-10-24 13:25:25,988 [main] INFO  db.DBStoreBuilder (DBStoreBuilder.java:processTables(183)) - Using default column profile:DBProfile.DISK for Table:validCerts
2019-10-24 13:25:25,988 [main] INFO  db.DBStoreBuilder (DBStoreBuilder.java:addTable(127)) - using custom profile for table: revokedCerts
2019-10-24 13:25:25,988 [main] INFO  db.DBStoreBuilder (DBStoreBuilder.java:processTables(183)) - Using default column profile:DBProfile.DISK for Table:revokedCerts
2019-10-24 13:25:25,999 [main] INFO  db.DBStoreBuilder (DBStoreBuilder.java:addTable(127)) - using custom profile for table: default
2019-10-24 13:25:26,000 [main] INFO  db.DBStoreBuilder (DBStoreBuilder.java:processTables(189)) - Using default column profile:DBProfile.DISK for Table:default
2019-10-24 13:25:26,001 [main] INFO  db.DBStoreBuilder (DBStoreBuilder.java:getDbProfile(220)) - Using default options. DBProfile.DISK
2019-10-24 13:25:26,317 [main] INFO  net.NodeSchemaLoader (NodeSchemaLoader.java:loadSchemaFromFile(125)) - Loading file from sun.misc.CompoundEnumeration@78691363
2019-10-24 13:25:26,320 [main] INFO  net.NodeSchemaLoader (NodeSchemaLoader.java:loadSchema(171)) - Loading network topology layer schema file
2019-10-24 13:25:26,400 [main] WARN  server.ServerUtils (ServerUtils.java:sanitizeUserArgs(70)) - ozone.scm.stale.node.interval value = 1000000 is larger than max = 100000 based on the key value of ozone.scm.heartbeat.thread.interval, reset to the max value 100000.
2019-10-24 13:25:26,402 [main] WARN  server.ServerUtils (ServerUtils.java:sanitizeUserArgs(70)) - ozone.scm.stale.node.interval value = 1000000 is larger than max = 100000 based on the key value of ozone.scm.heartbeat.thread.interval, reset to the max value 100000.
2019-10-24 13:25:26,406 [main] INFO  node.SCMNodeManager (SCMNodeManager.java:<init>(116)) - Entering startup safe mode.
2019-10-24 13:25:26,475 [main] INFO  algorithms.ContainerPlacementPolicyFactory (ContainerPlacementPolicyFactory.java:getPolicy(57)) - Create container placement policy of type org.apache.hadoop.hdds.scm.container.placement.algorithms.SCMContainerPlacementRandom
2019-10-24 13:25:26,488 [main] WARN  server.ServerUtils (ServerUtils.java:getScmDbDir(145)) - ozone.scm.db.dirs is not configured. We recommend adding this setting. Falling back to ozone.metadata.dirs instead.
2019-10-24 13:25:26,610 [main] INFO  pipeline.SCMPipelineManager (SCMPipelineManager.java:initializePipelineState(132)) - No pipeline exists in current db
2019-10-24 13:25:26,613 [main] WARN  server.ServerUtils (ServerUtils.java:getScmDbDir(145)) - ozone.scm.db.dirs is not configured. We recommend adding this setting. Falling back to ozone.metadata.dirs instead.
2019-10-24 13:25:26,768 [main] WARN  events.EventQueue (EventQueue.java:fireEvent(183)) - No event handler registered for event TypedEvent{payloadType=SafeModeStatus, name='SafeModeStatus'}
2019-10-24 13:25:27,124 [main] INFO  ipc.CallQueueManager (CallQueueManager.java:<init>(84)) - Using callQueue: class java.util.concurrent.LinkedBlockingQueue, queueCapacity: 2000, scheduler: class org.apache.hadoop.ipc.DefaultRpcScheduler, ipcBackoff: false.
2019-10-24 13:25:27,246 [Socket Reader #1 for port 46294] INFO  ipc.Server (Server.java:run(1074)) - Starting Socket Reader #1 for port 46294
2019-10-24 13:25:27,286 [main] INFO  ipc.CallQueueManager (CallQueueManager.java:<init>(84)) - Using callQueue: class java.util.concurrent.LinkedBlockingQueue, queueCapacity: 2000, scheduler: class org.apache.hadoop.ipc.DefaultRpcScheduler, ipcBackoff: false.
2019-10-24 13:25:27,288 [Socket Reader #1 for port 40173] INFO  ipc.Server (Server.java:run(1074)) - Starting Socket Reader #1 for port 40173
2019-10-24 13:25:27,298 [main] INFO  ipc.CallQueueManager (CallQueueManager.java:<init>(84)) - Using callQueue: class java.util.concurrent.LinkedBlockingQueue, queueCapacity: 2000, scheduler: class org.apache.hadoop.ipc.DefaultRpcScheduler, ipcBackoff: false.
2019-10-24 13:25:27,299 [Socket Reader #1 for port 35695] INFO  ipc.Server (Server.java:run(1074)) - Starting Socket Reader #1 for port 35695
2019-10-24 13:25:27,327 [main] INFO  hdfs.DFSUtil (DFSUtil.java:httpServerTemplateForNNAndJN(1641)) - Starting Web-server for scm at: http://0.0.0.0:0
2019-10-24 13:25:27,490 [main] INFO  server.AuthenticationFilter (AuthenticationFilter.java:constructSecretProvider(240)) - Unable to initialize FileSignerSecretProvider, falling back to use random secrets.
2019-10-24 13:25:27,499 [main] WARN  http.HttpRequestLog (HttpRequestLog.java:getRequestLog(97)) - Jetty request log can only be enabled using Log4j
2019-10-24 13:25:27,506 [main] INFO  http.HttpServer2 (HttpServer2.java:addGlobalFilter(975)) - Added global filter 'safety' (class=org.apache.hadoop.http.HttpServer2$QuotingInputFilter)
2019-10-24 13:25:27,509 [main] INFO  http.HttpServer2 (HttpServer2.java:addFilter(948)) - Added filter static_user_filter (class=org.apache.hadoop.http.lib.StaticUserWebFilter$StaticUserFilter) to context scm
2019-10-24 13:25:27,509 [main] INFO  http.HttpServer2 (HttpServer2.java:addFilter(958)) - Added filter static_user_filter (class=org.apache.hadoop.http.lib.StaticUserWebFilter$StaticUserFilter) to context static
2019-10-24 13:25:27,509 [main] INFO  http.HttpServer2 (HttpServer2.java:addFilter(958)) - Added filter static_user_filter (class=org.apache.hadoop.http.lib.StaticUserWebFilter$StaticUserFilter) to context logs
2019-10-24 13:25:27,544 [main] INFO  server.StorageContainerManager (StorageContainerManager.java:start(772)) - StorageContainerLocationProtocol RPC server is listening at /0.0.0.0:35695
2019-10-24 13:25:27,617 [main] WARN  impl.MetricsConfig (MetricsConfig.java:loadFirst(134)) - Cannot locate configuration: tried hadoop-metrics2-storagecontainermanager.properties,hadoop-metrics2.properties
2019-10-24 13:25:27,631 [main] INFO  impl.MetricsSystemImpl (MetricsSystemImpl.java:startTimer(374)) - Scheduled Metric snapshot period at 10 second(s).
2019-10-24 13:25:27,632 [main] INFO  impl.MetricsSystemImpl (MetricsSystemImpl.java:start(191)) - StorageContainerManager metrics system started
2019-10-24 13:25:27,847 [main] INFO  server.SCMClientProtocolServer (SCMClientProtocolServer.java:start(159)) - RPC server for Client  is listening at /0.0.0.0:35695
2019-10-24 13:25:27,848 [IPC Server Responder] INFO  ipc.Server (Server.java:run(1314)) - IPC Server Responder: starting
2019-10-24 13:25:27,848 [IPC Server listener on 35695] INFO  ipc.Server (Server.java:run(1153)) - IPC Server listener on 35695: starting
2019-10-24 13:25:27,851 [main] INFO  server.StorageContainerManager (StorageContainerManager.java:start(782)) - ScmBlockLocationProtocol RPC server is listening at /0.0.0.0:40173
2019-10-24 13:25:27,851 [main] INFO  server.SCMBlockProtocolServer (SCMBlockProtocolServer.java:start(146)) - RPC server for Block Protocol is listening at /0.0.0.0:40173
2019-10-24 13:25:27,852 [IPC Server Responder] INFO  ipc.Server (Server.java:run(1314)) - IPC Server Responder: starting
2019-10-24 13:25:27,852 [IPC Server listener on 40173] INFO  ipc.Server (Server.java:run(1153)) - IPC Server listener on 40173: starting
2019-10-24 13:25:27,854 [main] INFO  server.StorageContainerManager (StorageContainerManager.java:start(786)) - ScmDatanodeProtocl RPC server is listening at /0.0.0.0:46294
2019-10-24 13:25:27,854 [main] INFO  server.SCMDatanodeProtocolServer (SCMDatanodeProtocolServer.java:start(169)) - RPC server for DataNodes is listening at /0.0.0.0:46294
2019-10-24 13:25:27,855 [IPC Server listener on 46294] INFO  ipc.Server (Server.java:run(1153)) - IPC Server listener on 46294: starting
2019-10-24 13:25:27,855 [IPC Server Responder] INFO  ipc.Server (Server.java:run(1314)) - IPC Server Responder: starting
2019-10-24 13:25:27,859 [main] INFO  http.HttpServer2 (HttpServer2.java:bindListener(1191)) - Jetty bound to port 43472
2019-10-24 13:25:27,861 [main] INFO  server.Server (Server.java:doStart(351)) - jetty-9.3.25.v20180904, build timestamp: 2018-09-04T21:11:46Z, git hash: 3ce520221d0240229c862b122d2b06c12a625732
2019-10-24 13:25:27,901 [main] INFO  handler.ContextHandler (ContextHandler.java:doStart(781)) - Started o.e.j.s.ServletContextHandler@2f48b3d2{/logs,file:///workdir/hadoop-ozone/integration-test/target/log,AVAILABLE}
2019-10-24 13:25:27,902 [main] INFO  handler.ContextHandler (ContextHandler.java:doStart(781)) - Started o.e.j.s.ServletContextHandler@753432a2{/static,file:///workdir/hadoop-ozone/integration-test/target/test-classes/webapps/static,AVAILABLE}
2019-10-24 13:25:27,945 [main] INFO  handler.ContextHandler (ContextHandler.java:doStart(781)) - Started o.e.j.w.WebAppContext@23a9ba52{/,file:///workdir/hadoop-ozone/integration-test/target/test-classes/webapps/scm/,AVAILABLE}{/scm}
2019-10-24 13:25:27,952 [main] INFO  server.AbstractConnector (AbstractConnector.java:doStart(278)) - Started ServerConnector@7927bd9f{HTTP/1.1,[http/1.1]}{0.0.0.0:43472}
2019-10-24 13:25:27,952 [main] INFO  server.Server (Server.java:doStart(419)) - Started @2933ms
2019-10-24 13:25:27,955 [main] INFO  impl.MetricsSinkAdapter (MetricsSinkAdapter.java:start(204)) - Sink prometheus started
2019-10-24 13:25:27,955 [main] INFO  impl.MetricsSystemImpl (MetricsSystemImpl.java:registerSink(301)) - Registered sink prometheus
2019-10-24 13:25:27,958 [main] INFO  server.BaseHttpServer (BaseHttpServer.java:updateConnectorAddress(215)) - HTTP server of SCM is listening at http://0.0.0.0:43472
2019-10-24 13:25:27,966 [org.apache.hadoop.util.JvmPauseMonitor$Monitor@3d3f761a] INFO  util.JvmPauseMonitor (JvmPauseMonitor.java:run(188)) - Starting JVM pause monitor
2019-10-24 13:25:27,970 [main] WARN  server.ServerUtils (ServerUtils.java:getDBPath(222)) - ozone.om.db.dirs is not configured. We recommend adding this setting. Falling back to ozone.metadata.dirs instead.
2019-10-24 13:25:28,085 [main] INFO  ha.OMHANodeDetails (OMHANodeDetails.java:loadOMHAConfig(190)) - Configuration either no ozone.om.address set. Falling back to the default OM address /127.0.0.1:0
2019-10-24 13:25:28,085 [main] INFO  ha.OMHANodeDetails (OMHANodeDetails.java:getOMNodeDetails(220)) - OM Service ID is not set. Setting it to the default ID: omServiceIdDefault
2019-10-24 13:25:28,087 [main] WARN  server.ServerUtils (ServerUtils.java:getDBPath(222)) - ozone.om.db.dirs is not configured. We recommend adding this setting. Falling back to ozone.metadata.dirs instead.
2019-10-24 13:25:28,087 [main] WARN  server.ServerUtils (ServerUtils.java:getDBPath(222)) - ozone.om.db.dirs is not configured. We recommend adding this setting. Falling back to ozone.metadata.dirs instead.
2019-10-24 13:25:28,708 [main] WARN  server.ServerUtils (ServerUtils.java:getDBPath(222)) - ozone.om.db.dirs is not configured. We recommend adding this setting. Falling back to ozone.metadata.dirs instead.
2019-10-24 13:25:28,716 [main] INFO  db.DBStoreBuilder (DBStoreBuilder.java:addTable(127)) - using custom profile for table: userTable
2019-10-24 13:25:28,716 [main] INFO  db.DBStoreBuilder (DBStoreBuilder.java:processTables(183)) - Using default column profile:DBProfile.DISK for Table:userTable
2019-10-24 13:25:28,716 [main] INFO  db.DBStoreBuilder (DBStoreBuilder.java:addTable(127)) - using custom profile for table: volumeTable
2019-10-24 13:25:28,717 [main] INFO  db.DBStoreBuilder (DBStoreBuilder.java:processTables(183)) - Using default column profile:DBProfile.DISK for Table:volumeTable
2019-10-24 13:25:28,717 [main] INFO  db.DBStoreBuilder (DBStoreBuilder.java:addTable(127)) - using custom profile for table: bucketTable
2019-10-24 13:25:28,717 [main] INFO  db.DBStoreBuilder (DBStoreBuilder.java:processTables(183)) - Using default column profile:DBProfile.DISK for Table:bucketTable
2019-10-24 13:25:28,717 [main] INFO  db.DBStoreBuilder (DBStoreBuilder.java:addTable(127)) - using custom profile for table: keyTable
2019-10-24 13:25:28,718 [main] INFO  db.DBStoreBuilder (DBStoreBuilder.java:processTables(183)) - Using default column profile:DBProfile.DISK for Table:keyTable
2019-10-24 13:25:28,718 [main] INFO  db.DBStoreBuilder (DBStoreBuilder.java:addTable(127)) - using custom profile for table: deletedTable
2019-10-24 13:25:28,718 [main] INFO  db.DBStoreBuilder (DBStoreBuilder.java:processTables(183)) - Using default column profile:DBProfile.DISK for Table:deletedTable
2019-10-24 13:25:28,718 [main] INFO  db.DBStoreBuilder (DBStoreBuilder.java:addTable(127)) - using custom profile for table: openKeyTable
2019-10-24 13:25:28,718 [main] INFO  db.DBStoreBuilder (DBStoreBuilder.java:processTables(183)) - Using default column profile:DBProfile.DISK for Table:openKeyTable
2019-10-24 13:25:28,719 [main] INFO  db.DBStoreBuilder (DBStoreBuilder.java:addTable(127)) - using custom profile for table: s3Table
2019-10-24 13:25:28,719 [main] INFO  db.DBStoreBuilder (DBStoreBuilder.java:processTables(183)) - Using default column profile:DBProfile.DISK for Table:s3Table
2019-10-24 13:25:28,719 [main] INFO  db.DBStoreBuilder (DBStoreBuilder.java:addTable(127)) - using custom profile for table: multipartInfoTable
2019-10-24 13:25:28,719 [main] INFO  db.DBStoreBuilder (DBStoreBuilder.java:processTables(183)) - Using default column profile:DBProfile.DISK for Table:multipartInfoTable
2019-10-24 13:25:28,720 [main] INFO  db.DBStoreBuilder (DBStoreBuilder.java:addTable(127)) - using custom profile for table: dTokenTable
2019-10-24 13:25:28,720 [main] INFO  db.DBStoreBuilder (DBStoreBuilder.java:processTables(183)) - Using default column profile:DBProfile.DISK for Table:dTokenTable
2019-10-24 13:25:28,720 [main] INFO  db.DBStoreBuilder (DBStoreBuilder.java:addTable(127)) - using custom profile for table: s3SecretTable
2019-10-24 13:25:28,720 [main] INFO  db.DBStoreBuilder (DBStoreBuilder.java:processTables(183)) - Using default column profile:DBProfile.DISK for Table:s3SecretTable
2019-10-24 13:25:28,721 [main] INFO  db.DBStoreBuilder (DBStoreBuilder.java:addTable(127)) - using custom profile for table: prefixTable
2019-10-24 13:25:28,721 [main] INFO  db.DBStoreBuilder (DBStoreBuilder.java:processTables(183)) - Using default column profile:DBProfile.DISK for Table:prefixTable
2019-10-24 13:25:28,721 [main] INFO  db.DBStoreBuilder (DBStoreBuilder.java:addTable(127)) - using custom profile for table: default
2019-10-24 13:25:28,721 [main] INFO  db.DBStoreBuilder (DBStoreBuilder.java:processTables(189)) - Using default column profile:DBProfile.DISK for Table:default
2019-10-24 13:25:28,721 [main] INFO  db.DBStoreBuilder (DBStoreBuilder.java:getDbProfile(220)) - Using default options. DBProfile.DISK
2019-10-24 13:25:29,279 [main] INFO  ipc.CallQueueManager (CallQueueManager.java:<init>(84)) - Using callQueue: class java.util.concurrent.LinkedBlockingQueue, queueCapacity: 2000, scheduler: class org.apache.hadoop.ipc.DefaultRpcScheduler, ipcBackoff: false.
2019-10-24 13:25:29,280 [Socket Reader #1 for port 45220] INFO  ipc.Server (Server.java:run(1074)) - Starting Socket Reader #1 for port 45220
2019-10-24 13:25:29,300 [main] INFO  om.OzoneManager (OzoneManager.java:start(1074)) - OzoneManager RPC server is listening at localhost/127.0.0.1:45220
2019-10-24 13:25:29,301 [main] INFO  impl.MetricsSystemImpl (MetricsSystemImpl.java:init(158)) - OzoneManager metrics system started (again)
2019-10-24 13:25:29,309 [IPC Server Responder] INFO  ipc.Server (Server.java:run(1314)) - IPC Server Responder: starting
2019-10-24 13:25:29,309 [IPC Server listener on 45220] INFO  ipc.Server (Server.java:run(1153)) - IPC Server listener on 45220: starting
2019-10-24 13:25:29,315 [main] INFO  hdfs.DFSUtil (DFSUtil.java:httpServerTemplateForNNAndJN(1641)) - Starting Web-server for ozoneManager at: http://0.0.0.0:0
2019-10-24 13:25:29,318 [main] INFO  server.AuthenticationFilter (AuthenticationFilter.java:constructSecretProvider(240)) - Unable to initialize FileSignerSecretProvider, falling back to use random secrets.
2019-10-24 13:25:29,319 [main] WARN  http.HttpRequestLog (HttpRequestLog.java:getRequestLog(97)) - Jetty request log can only be enabled using Log4j
2019-10-24 13:25:29,322 [main] INFO  http.HttpServer2 (HttpServer2.java:addGlobalFilter(975)) - Added global filter 'safety' (class=org.apache.hadoop.http.HttpServer2$QuotingInputFilter)
2019-10-24 13:25:29,324 [main] INFO  http.HttpServer2 (HttpServer2.java:addFilter(948)) - Added filter static_user_filter (class=org.apache.hadoop.http.lib.StaticUserWebFilter$StaticUserFilter) to context ozoneManager
2019-10-24 13:25:29,324 [main] INFO  http.HttpServer2 (HttpServer2.java:addFilter(958)) - Added filter static_user_filter (class=org.apache.hadoop.http.lib.StaticUserWebFilter$StaticUserFilter) to context logs
2019-10-24 13:25:29,324 [main] INFO  http.HttpServer2 (HttpServer2.java:addFilter(958)) - Added filter static_user_filter (class=org.apache.hadoop.http.lib.StaticUserWebFilter$StaticUserFilter) to context static
2019-10-24 13:25:29,328 [main] INFO  http.HttpServer2 (HttpServer2.java:bindListener(1191)) - Jetty bound to port 44811
2019-10-24 13:25:29,328 [main] INFO  server.Server (Server.java:doStart(351)) - jetty-9.3.25.v20180904, build timestamp: 2018-09-04T21:11:46Z, git hash: 3ce520221d0240229c862b122d2b06c12a625732
2019-10-24 13:25:29,331 [main] INFO  handler.ContextHandler (ContextHandler.java:doStart(781)) - Started o.e.j.s.ServletContextHandler@40ab8a8{/logs,file:///workdir/hadoop-ozone/integration-test/target/log,AVAILABLE}
2019-10-24 13:25:29,332 [main] INFO  handler.ContextHandler (ContextHandler.java:doStart(781)) - Started o.e.j.s.ServletContextHandler@65cc8228{/static,file:///workdir/hadoop-ozone/integration-test/target/test-classes/webapps/static,AVAILABLE}
2019-10-24 13:25:29,340 [main] INFO  handler.ContextHandler (ContextHandler.java:doStart(781)) - Started o.e.j.w.WebAppContext@5d235104{/,file:///workdir/hadoop-ozone/integration-test/target/test-classes/webapps/ozoneManager/,AVAILABLE}{/ozoneManager}
2019-10-24 13:25:29,341 [main] INFO  server.AbstractConnector (AbstractConnector.java:doStart(278)) - Started ServerConnector@4e8e8621{HTTP/1.1,[http/1.1]}{0.0.0.0:44811}
2019-10-24 13:25:29,341 [main] INFO  server.Server (Server.java:doStart(419)) - Started @4322ms
2019-10-24 13:25:29,342 [main] WARN  impl.MetricsSystemImpl (MetricsSystemImpl.java:register(276)) - Sink prometheus already exists!
2019-10-24 13:25:29,343 [main] INFO  server.BaseHttpServer (BaseHttpServer.java:updateConnectorAddress(215)) - HTTP server of OZONEMANAGER is listening at http://0.0.0.0:44811
2019-10-24 13:25:29,666 [main] INFO  impl.MetricsSystemImpl (MetricsSystemImpl.java:init(158)) - HddsDatanode metrics system started (again)
2019-10-24 13:25:29,733 [main] INFO  ozone.HddsDatanodeService (HddsDatanodeService.java:start(184)) - HddsDatanodeService host:pr-hdds-2347-fq45t-3280797939 ip:192.168.34.46
2019-10-24 13:25:29,771 [main] INFO  volume.HddsVolume (HddsVolume.java:<init>(176)) - Creating Volume: /workdir/hadoop-ozone/integration-test/target/test-dir/MiniOzoneClusterImpl-31b5e583-27d6-476b-b511-7b0983ad9e8c/datanode-0/data/containers/hdds of  storage type : DISK and capacity : 1482555576320
2019-10-24 13:25:29,773 [main] INFO  volume.VolumeSet (VolumeSet.java:initializeVolumeSet(170)) - Added Volume : /workdir/hadoop-ozone/integration-test/target/test-dir/MiniOzoneClusterImpl-31b5e583-27d6-476b-b511-7b0983ad9e8c/datanode-0/data/containers/hdds to VolumeSet
2019-10-24 13:25:29,776 [main] INFO  volume.ThrottledAsyncChecker (ThrottledAsyncChecker.java:schedule(141)) - Scheduling a check for /workdir/hadoop-ozone/integration-test/target/test-dir/MiniOzoneClusterImpl-31b5e583-27d6-476b-b511-7b0983ad9e8c/datanode-0/data/containers/hdds
2019-10-24 13:25:29,795 [main] INFO  volume.HddsVolumeChecker (HddsVolumeChecker.java:checkAllVolumes(204)) - Scheduled health check for volume /workdir/hadoop-ozone/integration-test/target/test-dir/MiniOzoneClusterImpl-31b5e583-27d6-476b-b511-7b0983ad9e8c/datanode-0/data/containers/hdds
2019-10-24 13:25:29,908 [main] INFO  impl.RaftServerProxy (ConfUtils.java:logGet(43)) - raft.rpc.type = GRPC (default)
2019-10-24 13:25:29,975 [main] INFO  grpc.GrpcFactory (GrpcFactory.java:checkPooledByteBufAllocatorUseCacheForAllThreads(45)) - PERFORMANCE WARNING: useCacheForAllThreads is true that may cause Netty to create a lot garbage objects and, as a result, trigger GC.
	It is recommended to disable useCacheForAllThreads by setting -Dorg.apache.ratis.thirdparty.io.netty.allocator.useCacheForAllThreads=false in command line.
2019-10-24 13:25:29,981 [main] INFO  grpc.GrpcConfigKeys$Server (ConfUtils.java:logGet(43)) - raft.grpc.server.port = 0 (default)
2019-10-24 13:25:29,981 [main] INFO  server.GrpcService (ConfUtils.java:logGet(43)) - raft.grpc.message.size.max = 33570816 (custom)
2019-10-24 13:25:29,983 [main] INFO  server.RaftServerConfigKeys (ConfUtils.java:logGet(43)) - raft.server.log.appender.buffer.byte-limit = 33554432 (custom)
2019-10-24 13:25:29,984 [main] INFO  server.GrpcService (ConfUtils.java:logGet(43)) - raft.grpc.flow.control.window = 1MB (=1048576) (default)
2019-10-24 13:25:29,985 [main] INFO  server.RaftServerConfigKeys (ConfUtils.java:logGet(43)) - raft.server.rpc.request.timeout = 3000ms (default)
2019-10-24 13:25:30,145 [main] INFO  server.RaftServerConfigKeys (ConfUtils.java:logGet(43)) - raft.server.storage.dir = [/workdir/hadoop-ozone/integration-test/target/test-dir/MiniOzoneClusterImpl-31b5e583-27d6-476b-b511-7b0983ad9e8c/datanode-0/data/ratis] (custom)
2019-10-24 13:25:30,195 [main] INFO  hdfs.DFSUtil (DFSUtil.java:httpServerTemplateForNNAndJN(1641)) - Starting Web-server for hddsDatanode at: http://0.0.0.0:0
2019-10-24 13:25:30,199 [main] INFO  server.AuthenticationFilter (AuthenticationFilter.java:constructSecretProvider(240)) - Unable to initialize FileSignerSecretProvider, falling back to use random secrets.
2019-10-24 13:25:30,199 [main] WARN  http.HttpRequestLog (HttpRequestLog.java:getRequestLog(97)) - Jetty request log can only be enabled using Log4j
2019-10-24 13:25:30,202 [main] INFO  http.HttpServer2 (HttpServer2.java:addGlobalFilter(975)) - Added global filter 'safety' (class=org.apache.hadoop.http.HttpServer2$QuotingInputFilter)
2019-10-24 13:25:30,203 [main] INFO  http.HttpServer2 (HttpServer2.java:addFilter(948)) - Added filter static_user_filter (class=org.apache.hadoop.http.lib.StaticUserWebFilter$StaticUserFilter) to context hddsDatanode
2019-10-24 13:25:30,204 [main] INFO  http.HttpServer2 (HttpServer2.java:addFilter(958)) - Added filter static_user_filter (class=org.apache.hadoop.http.lib.StaticUserWebFilter$StaticUserFilter) to context logs
2019-10-24 13:25:30,204 [main] INFO  http.HttpServer2 (HttpServer2.java:addFilter(958)) - Added filter static_user_filter (class=org.apache.hadoop.http.lib.StaticUserWebFilter$StaticUserFilter) to context static
2019-10-24 13:25:30,206 [main] INFO  http.HttpServer2 (HttpServer2.java:bindListener(1191)) - Jetty bound to port 33204
2019-10-24 13:25:30,206 [main] INFO  server.Server (Server.java:doStart(351)) - jetty-9.3.25.v20180904, build timestamp: 2018-09-04T21:11:46Z, git hash: 3ce520221d0240229c862b122d2b06c12a625732
2019-10-24 13:25:30,209 [main] INFO  handler.ContextHandler (ContextHandler.java:doStart(781)) - Started o.e.j.s.ServletContextHandler@6c008c24{/logs,file:///workdir/hadoop-ozone/integration-test/target/log,AVAILABLE}
2019-10-24 13:25:30,210 [main] INFO  handler.ContextHandler (ContextHandler.java:doStart(781)) - Started o.e.j.s.ServletContextHandler@21079a12{/static,jar:file:/home/user/.m2/repository/org/apache/hadoop/hadoop-hdds-container-service/0.5.0-SNAPSHOT/hadoop-hdds-container-service-0.5.0-SNAPSHOT.jar!/webapps/static,AVAILABLE}
2019-10-24 13:25:30,261 [main] INFO  handler.ContextHandler (ContextHandler.java:doStart(781)) - Started o.e.j.w.WebAppContext@673919a7{/,file:///tmp/jetty-0.0.0.0-33204-hddsDatanode-_-any-6243796977669114678.dir/webapp/,AVAILABLE}{/hddsDatanode}
2019-10-24 13:25:30,263 [main] INFO  server.AbstractConnector (AbstractConnector.java:doStart(278)) - Started ServerConnector@25d93198{HTTP/1.1,[http/1.1]}{0.0.0.0:33204}
2019-10-24 13:25:30,263 [main] INFO  server.Server (Server.java:doStart(419)) - Started @5244ms
2019-10-24 13:25:30,263 [main] WARN  impl.MetricsSystemImpl (MetricsSystemImpl.java:register(276)) - Sink prometheus already exists!
2019-10-24 13:25:30,265 [main] INFO  server.BaseHttpServer (BaseHttpServer.java:updateConnectorAddress(215)) - HTTP server of HDDSDATANODE is listening at http://0.0.0.0:33204
2019-10-24 13:25:30,266 [main] INFO  impl.MetricsSystemImpl (MetricsSystemImpl.java:init(158)) - HddsDatanode metrics system started (again)
2019-10-24 13:25:30,269 [main] INFO  ozone.HddsDatanodeService (HddsDatanodeService.java:start(184)) - HddsDatanodeService host:pr-hdds-2347-fq45t-3280797939 ip:192.168.34.46
2019-10-24 13:25:30,272 [org.apache.hadoop.util.JvmPauseMonitor$Monitor@6e191894] INFO  util.JvmPauseMonitor (JvmPauseMonitor.java:run(188)) - Starting JVM pause monitor
2019-10-24 13:25:30,279 [main] INFO  volume.HddsVolume (HddsVolume.java:<init>(176)) - Creating Volume: /workdir/hadoop-ozone/integration-test/target/test-dir/MiniOzoneClusterImpl-31b5e583-27d6-476b-b511-7b0983ad9e8c/datanode-1/data/containers/hdds of  storage type : DISK and capacity : 1482555576320
2019-10-24 13:25:30,279 [main] INFO  volume.VolumeSet (VolumeSet.java:initializeVolumeSet(170)) - Added Volume : /workdir/hadoop-ozone/integration-test/target/test-dir/MiniOzoneClusterImpl-31b5e583-27d6-476b-b511-7b0983ad9e8c/datanode-1/data/containers/hdds to VolumeSet
2019-10-24 13:25:30,279 [main] INFO  volume.ThrottledAsyncChecker (ThrottledAsyncChecker.java:schedule(141)) - Scheduling a check for /workdir/hadoop-ozone/integration-test/target/test-dir/MiniOzoneClusterImpl-31b5e583-27d6-476b-b511-7b0983ad9e8c/datanode-1/data/containers/hdds
2019-10-24 13:25:30,280 [main] INFO  volume.HddsVolumeChecker (HddsVolumeChecker.java:checkAllVolumes(204)) - Scheduled health check for volume /workdir/hadoop-ozone/integration-test/target/test-dir/MiniOzoneClusterImpl-31b5e583-27d6-476b-b511-7b0983ad9e8c/datanode-1/data/containers/hdds
2019-10-24 13:25:30,295 [main] INFO  impl.RaftServerProxy (ConfUtils.java:logGet(43)) - raft.rpc.type = GRPC (default)
2019-10-24 13:25:30,295 [main] INFO  grpc.GrpcFactory (GrpcFactory.java:checkPooledByteBufAllocatorUseCacheForAllThreads(45)) - PERFORMANCE WARNING: useCacheForAllThreads is true that may cause Netty to create a lot garbage objects and, as a result, trigger GC.
	It is recommended to disable useCacheForAllThreads by setting -Dorg.apache.ratis.thirdparty.io.netty.allocator.useCacheForAllThreads=false in command line.
2019-10-24 13:25:30,295 [main] INFO  grpc.GrpcConfigKeys$Server (ConfUtils.java:logGet(43)) - raft.grpc.server.port = 0 (default)
2019-10-24 13:25:30,295 [main] INFO  server.GrpcService (ConfUtils.java:logGet(43)) - raft.grpc.message.size.max = 33570816 (custom)
2019-10-24 13:25:30,296 [main] INFO  server.RaftServerConfigKeys (ConfUtils.java:logGet(43)) - raft.server.log.appender.buffer.byte-limit = 33554432 (custom)
2019-10-24 13:25:30,296 [main] INFO  server.GrpcService (ConfUtils.java:logGet(43)) - raft.grpc.flow.control.window = 1MB (=1048576) (default)
2019-10-24 13:25:30,296 [main] INFO  server.RaftServerConfigKeys (ConfUtils.java:logGet(43)) - raft.server.rpc.request.timeout = 3000ms (default)
2019-10-24 13:25:30,296 [main] INFO  server.RaftServerConfigKeys (ConfUtils.java:logGet(43)) - raft.server.storage.dir = [/workdir/hadoop-ozone/integration-test/target/test-dir/MiniOzoneClusterImpl-31b5e583-27d6-476b-b511-7b0983ad9e8c/datanode-1/data/ratis] (custom)
2019-10-24 13:25:30,298 [main] INFO  hdfs.DFSUtil (DFSUtil.java:httpServerTemplateForNNAndJN(1641)) - Starting Web-server for hddsDatanode at: http://0.0.0.0:0
2019-10-24 13:25:30,300 [main] INFO  server.AuthenticationFilter (AuthenticationFilter.java:constructSecretProvider(240)) - Unable to initialize FileSignerSecretProvider, falling back to use random secrets.
2019-10-24 13:25:30,300 [main] WARN  http.HttpRequestLog (HttpRequestLog.java:getRequestLog(97)) - Jetty request log can only be enabled using Log4j
2019-10-24 13:25:30,302 [main] INFO  http.HttpServer2 (HttpServer2.java:addGlobalFilter(975)) - Added global filter 'safety' (class=org.apache.hadoop.http.HttpServer2$QuotingInputFilter)
2019-10-24 13:25:30,302 [main] INFO  http.HttpServer2 (HttpServer2.java:addFilter(948)) - Added filter static_user_filter (class=org.apache.hadoop.http.lib.StaticUserWebFilter$StaticUserFilter) to context hddsDatanode
2019-10-24 13:25:30,303 [main] INFO  http.HttpServer2 (HttpServer2.java:addFilter(958)) - Added filter static_user_filter (class=org.apache.hadoop.http.lib.StaticUserWebFilter$StaticUserFilter) to context logs
2019-10-24 13:25:30,303 [main] INFO  http.HttpServer2 (HttpServer2.java:addFilter(958)) - Added filter static_user_filter (class=org.apache.hadoop.http.lib.StaticUserWebFilter$StaticUserFilter) to context static
2019-10-24 13:25:30,304 [main] INFO  http.HttpServer2 (HttpServer2.java:bindListener(1191)) - Jetty bound to port 42361
2019-10-24 13:25:30,304 [main] INFO  server.Server (Server.java:doStart(351)) - jetty-9.3.25.v20180904, build timestamp: 2018-09-04T21:11:46Z, git hash: 3ce520221d0240229c862b122d2b06c12a625732
2019-10-24 13:25:30,308 [main] INFO  handler.ContextHandler (ContextHandler.java:doStart(781)) - Started o.e.j.s.ServletContextHandler@30364216{/logs,file:///workdir/hadoop-ozone/integration-test/target/log,AVAILABLE}
2019-10-24 13:25:30,309 [main] INFO  handler.ContextHandler (ContextHandler.java:doStart(781)) - Started o.e.j.s.ServletContextHandler@1e8ab90f{/static,jar:file:/home/user/.m2/repository/org/apache/hadoop/hadoop-hdds-container-service/0.5.0-SNAPSHOT/hadoop-hdds-container-service-0.5.0-SNAPSHOT.jar!/webapps/static,AVAILABLE}
2019-10-24 13:25:30,341 [main] INFO  handler.ContextHandler (ContextHandler.java:doStart(781)) - Started o.e.j.w.WebAppContext@60325987{/,file:///tmp/jetty-0.0.0.0-42361-hddsDatanode-_-any-2392626735155782872.dir/webapp/,AVAILABLE}{/hddsDatanode}
2019-10-24 13:25:30,342 [main] INFO  server.AbstractConnector (AbstractConnector.java:doStart(278)) - Started ServerConnector@2f37f1f9{HTTP/1.1,[http/1.1]}{0.0.0.0:42361}
2019-10-24 13:25:30,342 [main] INFO  server.Server (Server.java:doStart(419)) - Started @5323ms
2019-10-24 13:25:30,342 [main] WARN  impl.MetricsSystemImpl (MetricsSystemImpl.java:register(276)) - Sink prometheus already exists!
2019-10-24 13:25:30,344 [main] INFO  server.BaseHttpServer (BaseHttpServer.java:updateConnectorAddress(215)) - HTTP server of HDDSDATANODE is listening at http://0.0.0.0:42361
2019-10-24 13:25:30,345 [main] INFO  impl.MetricsSystemImpl (MetricsSystemImpl.java:init(158)) - HddsDatanode metrics system started (again)
2019-10-24 13:25:30,348 [main] INFO  ozone.HddsDatanodeService (HddsDatanodeService.java:start(184)) - HddsDatanodeService host:pr-hdds-2347-fq45t-3280797939 ip:192.168.34.46
2019-10-24 13:25:30,348 [org.apache.hadoop.util.JvmPauseMonitor$Monitor@42f1eecd] INFO  util.JvmPauseMonitor (JvmPauseMonitor.java:run(188)) - Starting JVM pause monitor
2019-10-24 13:25:30,357 [main] INFO  volume.HddsVolume (HddsVolume.java:<init>(176)) - Creating Volume: /workdir/hadoop-ozone/integration-test/target/test-dir/MiniOzoneClusterImpl-31b5e583-27d6-476b-b511-7b0983ad9e8c/datanode-2/data/containers/hdds of  storage type : DISK and capacity : 1482555576320
2019-10-24 13:25:30,357 [main] INFO  volume.VolumeSet (VolumeSet.java:initializeVolumeSet(170)) - Added Volume : /workdir/hadoop-ozone/integration-test/target/test-dir/MiniOzoneClusterImpl-31b5e583-27d6-476b-b511-7b0983ad9e8c/datanode-2/data/containers/hdds to VolumeSet
2019-10-24 13:25:30,358 [main] INFO  volume.ThrottledAsyncChecker (ThrottledAsyncChecker.java:schedule(141)) - Scheduling a check for /workdir/hadoop-ozone/integration-test/target/test-dir/MiniOzoneClusterImpl-31b5e583-27d6-476b-b511-7b0983ad9e8c/datanode-2/data/containers/hdds
2019-10-24 13:25:30,358 [main] INFO  volume.HddsVolumeChecker (HddsVolumeChecker.java:checkAllVolumes(204)) - Scheduled health check for volume /workdir/hadoop-ozone/integration-test/target/test-dir/MiniOzoneClusterImpl-31b5e583-27d6-476b-b511-7b0983ad9e8c/datanode-2/data/containers/hdds
2019-10-24 13:25:30,374 [main] INFO  impl.RaftServerProxy (ConfUtils.java:logGet(43)) - raft.rpc.type = GRPC (default)
2019-10-24 13:25:30,374 [main] INFO  grpc.GrpcFactory (GrpcFactory.java:checkPooledByteBufAllocatorUseCacheForAllThreads(45)) - PERFORMANCE WARNING: useCacheForAllThreads is true that may cause Netty to create a lot garbage objects and, as a result, trigger GC.
	It is recommended to disable useCacheForAllThreads by setting -Dorg.apache.ratis.thirdparty.io.netty.allocator.useCacheForAllThreads=false in command line.
2019-10-24 13:25:30,374 [main] INFO  grpc.GrpcConfigKeys$Server (ConfUtils.java:logGet(43)) - raft.grpc.server.port = 0 (default)
2019-10-24 13:25:30,374 [main] INFO  server.GrpcService (ConfUtils.java:logGet(43)) - raft.grpc.message.size.max = 33570816 (custom)
2019-10-24 13:25:30,375 [main] INFO  server.RaftServerConfigKeys (ConfUtils.java:logGet(43)) - raft.server.log.appender.buffer.byte-limit = 33554432 (custom)
2019-10-24 13:25:30,375 [main] INFO  server.GrpcService (ConfUtils.java:logGet(43)) - raft.grpc.flow.control.window = 1MB (=1048576) (default)
2019-10-24 13:25:30,375 [main] INFO  server.RaftServerConfigKeys (ConfUtils.java:logGet(43)) - raft.server.rpc.request.timeout = 3000ms (default)
2019-10-24 13:25:30,376 [main] INFO  server.RaftServerConfigKeys (ConfUtils.java:logGet(43)) - raft.server.storage.dir = [/workdir/hadoop-ozone/integration-test/target/test-dir/MiniOzoneClusterImpl-31b5e583-27d6-476b-b511-7b0983ad9e8c/datanode-2/data/ratis] (custom)
2019-10-24 13:25:30,378 [main] INFO  hdfs.DFSUtil (DFSUtil.java:httpServerTemplateForNNAndJN(1641)) - Starting Web-server for hddsDatanode at: http://0.0.0.0:0
2019-10-24 13:25:30,380 [main] INFO  server.AuthenticationFilter (AuthenticationFilter.java:constructSecretProvider(240)) - Unable to initialize FileSignerSecretProvider, falling back to use random secrets.
2019-10-24 13:25:30,380 [main] WARN  http.HttpRequestLog (HttpRequestLog.java:getRequestLog(97)) - Jetty request log can only be enabled using Log4j
2019-10-24 13:25:30,382 [main] INFO  http.HttpServer2 (HttpServer2.java:addGlobalFilter(975)) - Added global filter 'safety' (class=org.apache.hadoop.http.HttpServer2$QuotingInputFilter)
2019-10-24 13:25:30,383 [main] INFO  http.HttpServer2 (HttpServer2.java:addFilter(948)) - Added filter static_user_filter (class=org.apache.hadoop.http.lib.StaticUserWebFilter$StaticUserFilter) to context hddsDatanode
2019-10-24 13:25:30,383 [main] INFO  http.HttpServer2 (HttpServer2.java:addFilter(958)) - Added filter static_user_filter (class=org.apache.hadoop.http.lib.StaticUserWebFilter$StaticUserFilter) to context static
2019-10-24 13:25:30,383 [main] INFO  http.HttpServer2 (HttpServer2.java:addFilter(958)) - Added filter static_user_filter (class=org.apache.hadoop.http.lib.StaticUserWebFilter$StaticUserFilter) to context logs
2019-10-24 13:25:30,384 [main] INFO  http.HttpServer2 (HttpServer2.java:bindListener(1191)) - Jetty bound to port 33055
2019-10-24 13:25:30,384 [main] INFO  server.Server (Server.java:doStart(351)) - jetty-9.3.25.v20180904, build timestamp: 2018-09-04T21:11:46Z, git hash: 3ce520221d0240229c862b122d2b06c12a625732
2019-10-24 13:25:30,386 [main] INFO  handler.ContextHandler (ContextHandler.java:doStart(781)) - Started o.e.j.s.ServletContextHandler@1229a2b7{/logs,file:///workdir/hadoop-ozone/integration-test/target/log,AVAILABLE}
2019-10-24 13:25:30,387 [main] INFO  handler.ContextHandler (ContextHandler.java:doStart(781)) - Started o.e.j.s.ServletContextHandler@51c959a4{/static,jar:file:/home/user/.m2/repository/org/apache/hadoop/hadoop-hdds-container-service/0.5.0-SNAPSHOT/hadoop-hdds-container-service-0.5.0-SNAPSHOT.jar!/webapps/static,AVAILABLE}
2019-10-24 13:25:30,412 [Datanode State Machine Thread - 0] INFO  datanode.InitDatanodeState (InitDatanodeState.java:persistContainerDatanodeDetails(140)) - DatanodeDetails is persisted to /workdir/hadoop-ozone/integration-test/target/test-dir/MiniOzoneClusterImpl-31b5e583-27d6-476b-b511-7b0983ad9e8c/datanode-0/meta/datanode.id
2019-10-24 13:25:30,418 [Datanode State Machine Thread - 0] INFO  datanode.InitDatanodeState (InitDatanodeState.java:persistContainerDatanodeDetails(140)) - DatanodeDetails is persisted to /workdir/hadoop-ozone/integration-test/target/test-dir/MiniOzoneClusterImpl-31b5e583-27d6-476b-b511-7b0983ad9e8c/datanode-1/meta/datanode.id
2019-10-24 13:25:30,429 [main] INFO  handler.ContextHandler (ContextHandler.java:doStart(781)) - Started o.e.j.w.WebAppContext@75ae4a1f{/,file:///tmp/jetty-0.0.0.0-33055-hddsDatanode-_-any-776626131008834089.dir/webapp/,AVAILABLE}{/hddsDatanode}
2019-10-24 13:25:30,431 [main] INFO  server.AbstractConnector (AbstractConnector.java:doStart(278)) - Started ServerConnector@70228253{HTTP/1.1,[http/1.1]}{0.0.0.0:33055}
2019-10-24 13:25:30,432 [main] INFO  server.Server (Server.java:doStart(419)) - Started @5412ms
2019-10-24 13:25:30,432 [main] WARN  impl.MetricsSystemImpl (MetricsSystemImpl.java:register(276)) - Sink prometheus already exists!
2019-10-24 13:25:30,433 [main] INFO  server.BaseHttpServer (BaseHttpServer.java:updateConnectorAddress(215)) - HTTP server of HDDSDATANODE is listening at http://0.0.0.0:33055
2019-10-24 13:25:30,437 [main] INFO  ozone.MiniOzoneClusterImpl (MiniOzoneClusterImpl.java:lambda$waitForClusterToBeReady$0(147)) - Waiting for cluster to be ready. Got 0 of 3 DN Heartbeats.
2019-10-24 13:25:30,438 [org.apache.hadoop.util.JvmPauseMonitor$Monitor@661d466e] INFO  util.JvmPauseMonitor (JvmPauseMonitor.java:run(188)) - Starting JVM pause monitor
2019-10-24 13:25:30,442 [Datanode State Machine Thread - 0] INFO  datanode.InitDatanodeState (InitDatanodeState.java:persistContainerDatanodeDetails(140)) - DatanodeDetails is persisted to /workdir/hadoop-ozone/integration-test/target/test-dir/MiniOzoneClusterImpl-31b5e583-27d6-476b-b511-7b0983ad9e8c/datanode-2/meta/datanode.id
2019-10-24 13:25:31,437 [main] INFO  ozone.MiniOzoneClusterImpl (MiniOzoneClusterImpl.java:lambda$waitForClusterToBeReady$0(147)) - Waiting for cluster to be ready. Got 0 of 3 DN Heartbeats.
2019-10-24 13:25:32,375 [Datanode State Machine Thread - 0] INFO  ozoneimpl.OzoneContainer (OzoneContainer.java:start(213)) - Attempting to start container services.
2019-10-24 13:25:32,375 [Datanode State Machine Thread - 0] INFO  ozoneimpl.OzoneContainer (OzoneContainer.java:start(213)) - Attempting to start container services.
2019-10-24 13:25:32,379 [Datanode State Machine Thread - 0] INFO  ozoneimpl.OzoneContainer (OzoneContainer.java:startContainerScrub(177)) - Background container scanner has been disabled.
2019-10-24 13:25:32,379 [Datanode State Machine Thread - 0] INFO  ozoneimpl.OzoneContainer (OzoneContainer.java:startContainerScrub(177)) - Background container scanner has been disabled.
2019-10-24 13:25:32,380 [Datanode State Machine Thread - 0] INFO  ratis.XceiverServerRatis (XceiverServerRatis.java:start(418)) - Starting XceiverServerRatis 6e90e31a-7849-4a98-b31c-06f2da08fbb3 at port 0
2019-10-24 13:25:32,380 [Datanode State Machine Thread - 0] INFO  ratis.XceiverServerRatis (XceiverServerRatis.java:start(418)) - Starting XceiverServerRatis 01d98fa9-b286-41ba-84b0-dae26651fa1e at port 0
2019-10-24 13:25:32,424 [Datanode State Machine Thread - 0] INFO  impl.RaftServerProxy (RaftServerProxy.java:lambda$start$3(299)) - 6e90e31a-7849-4a98-b31c-06f2da08fbb3: start RPC server
2019-10-24 13:25:32,423 [Datanode State Machine Thread - 0] INFO  impl.RaftServerProxy (RaftServerProxy.java:lambda$start$3(299)) - 01d98fa9-b286-41ba-84b0-dae26651fa1e: start RPC server
2019-10-24 13:25:32,438 [main] INFO  ozone.MiniOzoneClusterImpl (MiniOzoneClusterImpl.java:lambda$waitForClusterToBeReady$0(147)) - Waiting for cluster to be ready. Got 0 of 3 DN Heartbeats.
2019-10-24 13:25:32,455 [Datanode State Machine Thread - 0] INFO  ozoneimpl.OzoneContainer (OzoneContainer.java:start(213)) - Attempting to start container services.
2019-10-24 13:25:32,460 [Datanode State Machine Thread - 0] INFO  ozoneimpl.OzoneContainer (OzoneContainer.java:startContainerScrub(177)) - Background container scanner has been disabled.
2019-10-24 13:25:32,460 [Datanode State Machine Thread - 0] INFO  ratis.XceiverServerRatis (XceiverServerRatis.java:start(418)) - Starting XceiverServerRatis 40829da6-3885-407c-a088-456b651d4556 at port 0
2019-10-24 13:25:32,470 [Datanode State Machine Thread - 0] INFO  impl.RaftServerProxy (RaftServerProxy.java:lambda$start$3(299)) - 40829da6-3885-407c-a088-456b651d4556: start RPC server
2019-10-24 13:25:32,584 [Datanode State Machine Thread - 0] INFO  server.GrpcService (GrpcService.java:startImpl(158)) - 40829da6-3885-407c-a088-456b651d4556: GrpcService started, listening on 0.0.0.0/0.0.0.0:34308
2019-10-24 13:25:32,584 [Datanode State Machine Thread - 0] INFO  server.GrpcService (GrpcService.java:startImpl(158)) - 01d98fa9-b286-41ba-84b0-dae26651fa1e: GrpcService started, listening on 0.0.0.0/0.0.0.0:39012
2019-10-24 13:25:32,584 [Datanode State Machine Thread - 0] INFO  server.GrpcService (GrpcService.java:startImpl(158)) - 6e90e31a-7849-4a98-b31c-06f2da08fbb3: GrpcService started, listening on 0.0.0.0/0.0.0.0:35359
2019-10-24 13:25:32,585 [Datanode State Machine Thread - 0] INFO  ratis.XceiverServerRatis (XceiverServerRatis.java:start(428)) - XceiverServerRatis 01d98fa9-b286-41ba-84b0-dae26651fa1e is started using port 39012
2019-10-24 13:25:32,585 [Datanode State Machine Thread - 0] INFO  ratis.XceiverServerRatis (XceiverServerRatis.java:start(428)) - XceiverServerRatis 40829da6-3885-407c-a088-456b651d4556 is started using port 34308
2019-10-24 13:25:32,585 [Datanode State Machine Thread - 0] INFO  ratis.XceiverServerRatis (XceiverServerRatis.java:start(428)) - XceiverServerRatis 6e90e31a-7849-4a98-b31c-06f2da08fbb3 is started using port 35359
2019-10-24 13:25:32,590 [Datanode State Machine Thread - 0] INFO  server.XceiverServerGrpc (XceiverServerGrpc.java:start(149)) - XceiverServerGrpc 6e90e31a-7849-4a98-b31c-06f2da08fbb3 is started using port 44572
2019-10-24 13:25:32,590 [Datanode State Machine Thread - 0] INFO  server.XceiverServerGrpc (XceiverServerGrpc.java:start(149)) - XceiverServerGrpc 01d98fa9-b286-41ba-84b0-dae26651fa1e is started using port 43920
2019-10-24 13:25:32,590 [Datanode State Machine Thread - 0] INFO  server.XceiverServerGrpc (XceiverServerGrpc.java:start(149)) - XceiverServerGrpc 40829da6-3885-407c-a088-456b651d4556 is started using port 44677
2019-10-24 13:25:33,438 [main] INFO  ozone.MiniOzoneClusterImpl (MiniOzoneClusterImpl.java:lambda$waitForClusterToBeReady$0(147)) - Waiting for cluster to be ready. Got 0 of 3 DN Heartbeats.
2019-10-24 13:25:34,314 [IPC Server handler 0 on 46294] INFO  net.NetworkTopology (NetworkTopologyImpl.java:add(111)) - Added a new node: /default-rack/01d98fa9-b286-41ba-84b0-dae26651fa1e
2019-10-24 13:25:34,316 [IPC Server handler 0 on 46294] INFO  node.SCMNodeManager (SCMNodeManager.java:register(268)) - Registered Data node : 01d98fa9-b286-41ba-84b0-dae26651fa1e{ip: 192.168.34.46, host: pr-hdds-2347-fq45t-3280797939, networkLocation: /default-rack, certSerialId: null}
2019-10-24 13:25:34,319 [EventQueue-NodeRegistrationContainerReportForDataNodeSafeModeRule] INFO  safemode.SCMSafeModeManager (DataNodeSafeModeRule.java:process(71)) - SCM in safe mode. 1 DataNodes registered, 1 required.
2019-10-24 13:25:34,319 [EventQueue-NodeRegistrationContainerReportForDataNodeSafeModeRule] INFO  safemode.SCMSafeModeManager (SCMSafeModeManager.java:validateSafeModeExitRules(177)) - ScmSafeModeManager, all rules are successfully validated
2019-10-24 13:25:34,319 [EventQueue-NodeRegistrationContainerReportForDataNodeSafeModeRule] INFO  safemode.SCMSafeModeManager (SCMSafeModeManager.java:exitSafeMode(193)) - SCM exiting safe mode.
2019-10-24 13:25:34,350 [IPC Server handler 1 on 46294] INFO  net.NetworkTopology (NetworkTopologyImpl.java:add(111)) - Added a new node: /default-rack/6e90e31a-7849-4a98-b31c-06f2da08fbb3
2019-10-24 13:25:34,351 [IPC Server handler 1 on 46294] INFO  node.SCMNodeManager (SCMNodeManager.java:register(268)) - Registered Data node : 6e90e31a-7849-4a98-b31c-06f2da08fbb3{ip: 192.168.34.46, host: pr-hdds-2347-fq45t-3280797939, networkLocation: /default-rack, certSerialId: null}
2019-10-24 13:25:34,440 [main] INFO  ozone.MiniOzoneClusterImpl (MiniOzoneClusterImpl.java:lambda$waitForClusterToBeReady$0(147)) - Waiting for cluster to be ready. Got 2 of 3 DN Heartbeats.
2019-10-24 13:25:34,441 [IPC Server handler 2 on 46294] INFO  net.NetworkTopology (NetworkTopologyImpl.java:add(111)) - Added a new node: /default-rack/40829da6-3885-407c-a088-456b651d4556
2019-10-24 13:25:34,441 [IPC Server handler 2 on 46294] INFO  node.SCMNodeManager (SCMNodeManager.java:register(268)) - Registered Data node : 40829da6-3885-407c-a088-456b651d4556{ip: 192.168.34.46, host: pr-hdds-2347-fq45t-3280797939, networkLocation: /default-rack, certSerialId: null}
2019-10-24 13:25:34,813 [grpc-default-executor-0] INFO  impl.RaftServerProxy (RaftServerProxy.java:addNew(89)) - 01d98fa9-b286-41ba-84b0-dae26651fa1e: addNew group-9F4FE14F7A78:[01d98fa9-b286-41ba-84b0-dae26651fa1e:192.168.34.46:39012] returns group-9F4FE14F7A78:java.util.concurrent.CompletableFuture@76efbf7a[Not completed]
2019-10-24 13:25:34,822 [pool-27-thread-1] INFO  impl.RaftServerImpl (RaftServerImpl.java:<init>(98)) - 01d98fa9-b286-41ba-84b0-dae26651fa1e: new RaftServerImpl for group-9F4FE14F7A78:[01d98fa9-b286-41ba-84b0-dae26651fa1e:192.168.34.46:39012] with ContainerStateMachine:uninitialized
2019-10-24 13:25:34,824 [pool-27-thread-1] INFO  server.RaftServerConfigKeys (ConfUtils.java:logGet(43)) - raft.server.rpc.timeout.min = 5s (custom)
2019-10-24 13:25:34,825 [pool-27-thread-1] INFO  server.RaftServerConfigKeys (ConfUtils.java:logGet(43)) - raft.server.rpc.timeout.max = 5200ms (custom)
2019-10-24 13:25:34,825 [pool-27-thread-1] INFO  server.RaftServerConfigKeys (ConfUtils.java:logGet(43)) - raft.server.rpcslowness.timeout = 1000s (custom)
2019-10-24 13:25:34,826 [pool-27-thread-1] INFO  server.RaftServerConfigKeys (ConfUtils.java:logGet(43)) - raft.server.sleep.deviation.threshold = 300 (default)
2019-10-24 13:25:34,827 [pool-27-thread-1] INFO  server.RaftServerConfigKeys (ConfUtils.java:logGet(43)) - raft.server.log.appender.install.snapshot.enabled = false (custom)
2019-10-24 13:25:34,833 [pool-27-thread-1] INFO  impl.RaftServerImpl (ServerState.java:<init>(103)) - 01d98fa9-b286-41ba-84b0-dae26651fa1e@group-9F4FE14F7A78: ConfigurationManager, init=-1: [01d98fa9-b286-41ba-84b0-dae26651fa1e:192.168.34.46:39012], old=null, confs=<EMPTY_MAP>
2019-10-24 13:25:34,833 [pool-27-thread-1] INFO  server.RaftServerConfigKeys (ConfUtils.java:logGet(43)) - raft.server.storage.dir = [/workdir/hadoop-ozone/integration-test/target/test-dir/MiniOzoneClusterImpl-31b5e583-27d6-476b-b511-7b0983ad9e8c/datanode-0/data/ratis] (custom)
2019-10-24 13:25:34,838 [pool-27-thread-1] INFO  server.RaftServerConfigKeys (ConfUtils.java:logGet(43)) - raft.server.log.corruption.policy = EXCEPTION (default)
2019-10-24 13:25:34,840 [pool-27-thread-1] INFO  storage.RaftStorageDirectory (RaftStorageDirectory.java:analyzeStorage(246)) - The storage directory /workdir/hadoop-ozone/integration-test/target/test-dir/MiniOzoneClusterImpl-31b5e583-27d6-476b-b511-7b0983ad9e8c/datanode-0/data/ratis/60a79105-df05-49cb-b86c-9f4fe14f7a78 does not exist. Creating ...
2019-10-24 13:25:34,856 [pool-27-thread-1] INFO  storage.RaftStorageDirectory (RaftStorageDirectory.java:tryLock(328)) - Lock on /workdir/hadoop-ozone/integration-test/target/test-dir/MiniOzoneClusterImpl-31b5e583-27d6-476b-b511-7b0983ad9e8c/datanode-0/data/ratis/60a79105-df05-49cb-b86c-9f4fe14f7a78/in_use.lock acquired by nodename 17035@pr-hdds-2347-fq45t-3280797939
2019-10-24 13:25:34,875 [pool-27-thread-1] INFO  storage.RaftStorage (RaftStorage.java:format(84)) - Storage directory /workdir/hadoop-ozone/integration-test/target/test-dir/MiniOzoneClusterImpl-31b5e583-27d6-476b-b511-7b0983ad9e8c/datanode-0/data/ratis/60a79105-df05-49cb-b86c-9f4fe14f7a78 has been successfully formatted.
2019-10-24 13:25:34,876 [pool-27-thread-1] INFO  ratis.ContainerStateMachine (ContainerStateMachine.java:loadSnapshot(231)) - group-9F4FE14F7A78: The snapshot info is null. Setting the last applied indexto:(t:0, i:~)
2019-10-24 13:25:34,877 [pool-27-thread-1] INFO  server.RaftServerConfigKeys (ConfUtils.java:logGet(43)) - raft.server.notification.no-leader.timeout = 1000s (custom)
2019-10-24 13:25:34,878 [pool-27-thread-1] INFO  server.RaftServerConfigKeys (ConfUtils.java:logGet(43)) - raft.server.log.use.memory = false (default)
2019-10-24 13:25:34,883 [pool-27-thread-1] INFO  server.RaftServerConfigKeys (ConfUtils.java:logGet(43)) - raft.server.log.purge.gap = 1000000 (custom)
2019-10-24 13:25:34,884 [pool-27-thread-1] INFO  server.RaftServerConfigKeys (ConfUtils.java:logGet(43)) - raft.server.log.appender.buffer.byte-limit = 33554432 (custom)
2019-10-24 13:25:34,885 [pool-27-thread-1] INFO  server.RaftServerConfigKeys (ConfUtils.java:logGet(43)) - raft.server.log.segment.size.max = 1048576 (custom)
2019-10-24 13:25:34,890 [pool-27-thread-1] INFO  metrics.MetricRegistries (MetricRegistriesLoader.java:load(64)) - Loaded MetricRegistries class org.apache.ratis.metrics.impl.MetricRegistriesImpl
2019-10-24 13:25:34,894 [pool-27-thread-1] WARN  impl.MetricRegistriesImpl (MetricRegistriesImpl.java:lambda$create$1(61)) - First MetricRegistry has been created without registering reporters. You may need to call MetricRegistries.global().addReportRegistration(...) before.
2019-10-24 13:25:34,899 [pool-27-thread-1] INFO  server.RaftServerConfigKeys (ConfUtils.java:logGet(43)) - raft.server.log.segment.cache.num.max = 2 (custom)
2019-10-24 13:25:34,904 [pool-27-thread-1] INFO  segmented.SegmentedRaftLogWorker (SegmentedRaftLogWorker.java:<init>(173)) - new 01d98fa9-b286-41ba-84b0-dae26651fa1e@group-9F4FE14F7A78-SegmentedRaftLogWorker for RaftStorage:Storage Directory /workdir/hadoop-ozone/integration-test/target/test-dir/MiniOzoneClusterImpl-31b5e583-27d6-476b-b511-7b0983ad9e8c/datanode-0/data/ratis/60a79105-df05-49cb-b86c-9f4fe14f7a78
2019-10-24 13:25:34,904 [pool-27-thread-1] INFO  server.RaftServerConfigKeys (ConfUtils.java:logGet(43)) - raft.server.log.queue.byte-limit = 2147483647 (custom)
2019-10-24 13:25:34,905 [pool-27-thread-1] INFO  server.RaftServerConfigKeys (ConfUtils.java:logGet(43)) - raft.server.log.queue.element-limit = 1024 (custom)
2019-10-24 13:25:34,906 [pool-27-thread-1] INFO  server.RaftServerConfigKeys (ConfUtils.java:logGet(43)) - raft.server.log.segment.size.max = 1048576 (custom)
2019-10-24 13:25:34,906 [pool-27-thread-1] INFO  server.RaftServerConfigKeys (ConfUtils.java:logGet(43)) - raft.server.log.preallocated.size = 16384 (custom)
2019-10-24 13:25:34,907 [pool-27-thread-1] INFO  server.RaftServerConfigKeys (ConfUtils.java:logGet(43)) - raft.server.log.write.buffer.size = 33554432 (custom)
2019-10-24 13:25:34,907 [pool-27-thread-1] INFO  server.RaftServerConfigKeys (ConfUtils.java:logGet(43)) - raft.server.log.force.sync.num = 128 (default)
2019-10-24 13:25:34,908 [pool-27-thread-1] INFO  server.RaftServerConfigKeys (ConfUtils.java:logGet(43)) - raft.server.log.statemachine.data.sync = true (default)
2019-10-24 13:25:34,908 [pool-27-thread-1] INFO  server.RaftServerConfigKeys (ConfUtils.java:logGet(43)) - raft.server.log.statemachine.data.sync.timeout = 10s (default)
2019-10-24 13:25:34,909 [pool-27-thread-1] INFO  server.RaftServerConfigKeys (ConfUtils.java:logGet(43)) - raft.server.log.statemachine.data.sync.timeout.retry = -1 (default)
2019-10-24 13:25:34,917 [pool-27-thread-1] INFO  server.RaftServerConfigKeys (ConfUtils.java:logGet(43)) - raft.server.log.statemachine.data.caching.enabled = true (custom)
2019-10-24 13:25:34,921 [pool-27-thread-1] INFO  segmented.SegmentedRaftLogWorker (SegmentedRaftLogWorker.java:lambda$new$0(128)) - 01d98fa9-b286-41ba-84b0-dae26651fa1e@group-9F4FE14F7A78-SegmentedRaftLogWorker: flushIndex: setUnconditionally 0 -> -1
2019-10-24 13:25:34,925 [pool-27-thread-1] INFO  server.RaftServerConfigKeys (ConfUtils.java:logGet(43)) - raft.server.snapshot.auto.trigger.enabled = true (custom)
2019-10-24 13:25:34,926 [pool-27-thread-1] INFO  server.RaftServerConfigKeys (ConfUtils.java:logGet(43)) - raft.server.snapshot.auto.trigger.threshold = 10000 (custom)
2019-10-24 13:25:34,926 [pool-27-thread-1] INFO  server.RaftServerConfigKeys (ConfUtils.java:logGet(43)) - raft.server.snapshot.retention.file.num = 5 (custom)
2019-10-24 13:25:34,927 [pool-27-thread-1] INFO  server.RaftServerConfigKeys (ConfUtils.java:logGet(43)) - raft.server.retrycache.expirytime = 600000ms (custom)
2019-10-24 13:25:34,944 [pool-27-thread-1] WARN  impl.MetricRegistriesImpl (MetricRegistriesImpl.java:lambda$create$1(61)) - First MetricRegistry has been created without registering reporters. You may need to call MetricRegistries.global().addReportRegistration(...) before.
2019-10-24 13:25:34,945 [pool-27-thread-1] WARN  impl.MetricRegistriesImpl (MetricRegistriesImpl.java:lambda$create$1(61)) - First MetricRegistry has been created without registering reporters. You may need to call MetricRegistries.global().addReportRegistration(...) before.
2019-10-24 13:25:34,947 [pool-27-thread-1] INFO  impl.RaftServerImpl (RaftServerImpl.java:start(184)) - 01d98fa9-b286-41ba-84b0-dae26651fa1e@group-9F4FE14F7A78: start as a follower, conf=-1: [01d98fa9-b286-41ba-84b0-dae26651fa1e:192.168.34.46:39012], old=null
2019-10-24 13:25:34,948 [pool-27-thread-1] INFO  impl.RaftServerImpl (RaftServerImpl.java:setRole(173)) - 01d98fa9-b286-41ba-84b0-dae26651fa1e@group-9F4FE14F7A78: changes role from      null to FOLLOWER at term 0 for startAsFollower
2019-10-24 13:25:34,949 [pool-27-thread-1] INFO  impl.RoleInfo (RoleInfo.java:updateAndGet(143)) - 01d98fa9-b286-41ba-84b0-dae26651fa1e: start FollowerState
2019-10-24 13:25:34,951 [pool-27-thread-1] INFO  util.JmxRegister (JmxRegister.java:tryRegister(44)) - Successfully registered JMX Bean with object name Ratis:service=RaftServer,group=group-9F4FE14F7A78,id=01d98fa9-b286-41ba-84b0-dae26651fa1e
2019-10-24 13:25:34,952 [pool-27-thread-1] WARN  impl.MetricRegistriesImpl (MetricRegistriesImpl.java:lambda$create$1(61)) - First MetricRegistry has been created without registering reporters. You may need to call MetricRegistries.global().addReportRegistration(...) before.
2019-10-24 13:25:35,016 [RatisPipelineUtilsThread] INFO  pipeline.PipelineStateManager (PipelineStateManager.java:addPipeline(56)) - Created pipeline Pipeline[ Id: 60a79105-df05-49cb-b86c-9f4fe14f7a78, Nodes: 01d98fa9-b286-41ba-84b0-dae26651fa1e{ip: 192.168.34.46, host: pr-hdds-2347-fq45t-3280797939, networkLocation: /default-rack, certSerialId: null}, Type:RATIS, Factor:ONE, State:OPEN]
2019-10-24 13:25:35,035 [grpc-default-executor-0] INFO  impl.RaftServerProxy (RaftServerProxy.java:addNew(89)) - 40829da6-3885-407c-a088-456b651d4556: addNew group-A64783552A00:[40829da6-3885-407c-a088-456b651d4556:192.168.34.46:34308] returns group-A64783552A00:java.util.concurrent.CompletableFuture@5582b87b[Not completed]
2019-10-24 13:25:35,061 [pool-47-thread-1] INFO  impl.RaftServerImpl (RaftServerImpl.java:<init>(98)) - 40829da6-3885-407c-a088-456b651d4556: new RaftServerImpl for group-A64783552A00:[40829da6-3885-407c-a088-456b651d4556:192.168.34.46:34308] with ContainerStateMachine:uninitialized
2019-10-24 13:25:35,063 [pool-47-thread-1] INFO  server.RaftServerConfigKeys (ConfUtils.java:logGet(43)) - raft.server.rpc.timeout.min = 5s (custom)
2019-10-24 13:25:35,063 [pool-47-thread-1] INFO  server.RaftServerConfigKeys (ConfUtils.java:logGet(43)) - raft.server.rpc.timeout.max = 5200ms (custom)
2019-10-24 13:25:35,063 [pool-47-thread-1] INFO  server.RaftServerConfigKeys (ConfUtils.java:logGet(43)) - raft.server.rpcslowness.timeout = 1000s (custom)
2019-10-24 13:25:35,064 [pool-47-thread-1] INFO  server.RaftServerConfigKeys (ConfUtils.java:logGet(43)) - raft.server.sleep.deviation.threshold = 300 (default)
2019-10-24 13:25:35,064 [pool-47-thread-1] INFO  server.RaftServerConfigKeys (ConfUtils.java:logGet(43)) - raft.server.log.appender.install.snapshot.enabled = false (custom)
2019-10-24 13:25:35,064 [pool-47-thread-1] INFO  impl.RaftServerImpl (ServerState.java:<init>(103)) - 40829da6-3885-407c-a088-456b651d4556@group-A64783552A00: ConfigurationManager, init=-1: [40829da6-3885-407c-a088-456b651d4556:192.168.34.46:34308], old=null, confs=<EMPTY_MAP>
2019-10-24 13:25:35,064 [pool-47-thread-1] INFO  server.RaftServerConfigKeys (ConfUtils.java:logGet(43)) - raft.server.storage.dir = [/workdir/hadoop-ozone/integration-test/target/test-dir/MiniOzoneClusterImpl-31b5e583-27d6-476b-b511-7b0983ad9e8c/datanode-2/data/ratis] (custom)
2019-10-24 13:25:35,065 [pool-47-thread-1] INFO  server.RaftServerConfigKeys (ConfUtils.java:logGet(43)) - raft.server.log.corruption.policy = EXCEPTION (default)
2019-10-24 13:25:35,065 [pool-47-thread-1] INFO  storage.RaftStorageDirectory (RaftStorageDirectory.java:analyzeStorage(246)) - The storage directory /workdir/hadoop-ozone/integration-test/target/test-dir/MiniOzoneClusterImpl-31b5e583-27d6-476b-b511-7b0983ad9e8c/datanode-2/data/ratis/ec8b2a5c-0383-4ab8-92e4-a64783552a00 does not exist. Creating ...
2019-10-24 13:25:35,079 [pool-47-thread-1] INFO  storage.RaftStorageDirectory (RaftStorageDirectory.java:tryLock(328)) - Lock on /workdir/hadoop-ozone/integration-test/target/test-dir/MiniOzoneClusterImpl-31b5e583-27d6-476b-b511-7b0983ad9e8c/datanode-2/data/ratis/ec8b2a5c-0383-4ab8-92e4-a64783552a00/in_use.lock acquired by nodename 17035@pr-hdds-2347-fq45t-3280797939
2019-10-24 13:25:35,093 [pool-47-thread-1] INFO  storage.RaftStorage (RaftStorage.java:format(84)) - Storage directory /workdir/hadoop-ozone/integration-test/target/test-dir/MiniOzoneClusterImpl-31b5e583-27d6-476b-b511-7b0983ad9e8c/datanode-2/data/ratis/ec8b2a5c-0383-4ab8-92e4-a64783552a00 has been successfully formatted.
2019-10-24 13:25:35,094 [pool-47-thread-1] INFO  ratis.ContainerStateMachine (ContainerStateMachine.java:loadSnapshot(231)) - group-A64783552A00: The snapshot info is null. Setting the last applied indexto:(t:0, i:~)
2019-10-24 13:25:35,095 [pool-47-thread-1] INFO  server.RaftServerConfigKeys (ConfUtils.java:logGet(43)) - raft.server.notification.no-leader.timeout = 1000s (custom)
2019-10-24 13:25:35,095 [pool-47-thread-1] INFO  server.RaftServerConfigKeys (ConfUtils.java:logGet(43)) - raft.server.log.use.memory = false (default)
2019-10-24 13:25:35,095 [pool-47-thread-1] INFO  server.RaftServerConfigKeys (ConfUtils.java:logGet(43)) - raft.server.log.purge.gap = 1000000 (custom)
2019-10-24 13:25:35,096 [pool-47-thread-1] INFO  server.RaftServerConfigKeys (ConfUtils.java:logGet(43)) - raft.server.log.appender.buffer.byte-limit = 33554432 (custom)
2019-10-24 13:25:35,096 [pool-47-thread-1] INFO  server.RaftServerConfigKeys (ConfUtils.java:logGet(43)) - raft.server.log.segment.size.max = 1048576 (custom)
2019-10-24 13:25:35,096 [pool-47-thread-1] WARN  impl.MetricRegistriesImpl (MetricRegistriesImpl.java:lambda$create$1(61)) - First MetricRegistry has been created without registering reporters. You may need to call MetricRegistries.global().addReportRegistration(...) before.
2019-10-24 13:25:35,097 [pool-47-thread-1] INFO  server.RaftServerConfigKeys (ConfUtils.java:logGet(43)) - raft.server.log.segment.cache.num.max = 2 (custom)
2019-10-24 13:25:35,097 [pool-47-thread-1] INFO  segmented.SegmentedRaftLogWorker (SegmentedRaftLogWorker.java:<init>(173)) - new 40829da6-3885-407c-a088-456b651d4556@group-A64783552A00-SegmentedRaftLogWorker for RaftStorage:Storage Directory /workdir/hadoop-ozone/integration-test/target/test-dir/MiniOzoneClusterImpl-31b5e583-27d6-476b-b511-7b0983ad9e8c/datanode-2/data/ratis/ec8b2a5c-0383-4ab8-92e4-a64783552a00
2019-10-24 13:25:35,098 [pool-47-thread-1] INFO  server.RaftServerConfigKeys (ConfUtils.java:logGet(43)) - raft.server.log.queue.byte-limit = 2147483647 (custom)
2019-10-24 13:25:35,098 [pool-47-thread-1] INFO  server.RaftServerConfigKeys (ConfUtils.java:logGet(43)) - raft.server.log.queue.element-limit = 1024 (custom)
2019-10-24 13:25:35,098 [pool-47-thread-1] INFO  server.RaftServerConfigKeys (ConfUtils.java:logGet(43)) - raft.server.log.segment.size.max = 1048576 (custom)
2019-10-24 13:25:35,098 [pool-47-thread-1] INFO  server.RaftServerConfigKeys (ConfUtils.java:logGet(43)) - raft.server.log.preallocated.size = 16384 (custom)
2019-10-24 13:25:35,098 [pool-47-thread-1] INFO  server.RaftServerConfigKeys (ConfUtils.java:logGet(43)) - raft.server.log.write.buffer.size = 33554432 (custom)
2019-10-24 13:25:35,099 [pool-47-thread-1] INFO  server.RaftServerConfigKeys (ConfUtils.java:logGet(43)) - raft.server.log.force.sync.num = 128 (default)
2019-10-24 13:25:35,099 [pool-47-thread-1] INFO  server.RaftServerConfigKeys (ConfUtils.java:logGet(43)) - raft.server.log.statemachine.data.sync = true (default)
2019-10-24 13:25:35,099 [pool-47-thread-1] INFO  server.RaftServerConfigKeys (ConfUtils.java:logGet(43)) - raft.server.log.statemachine.data.sync.timeout = 10s (default)
2019-10-24 13:25:35,099 [pool-47-thread-1] INFO  server.RaftServerConfigKeys (ConfUtils.java:logGet(43)) - raft.server.log.statemachine.data.sync.timeout.retry = -1 (default)
2019-10-24 13:25:35,099 [pool-47-thread-1] INFO  server.RaftServerConfigKeys (ConfUtils.java:logGet(43)) - raft.server.log.statemachine.data.caching.enabled = true (custom)
2019-10-24 13:25:35,100 [pool-47-thread-1] INFO  segmented.SegmentedRaftLogWorker (SegmentedRaftLogWorker.java:lambda$new$0(128)) - 40829da6-3885-407c-a088-456b651d4556@group-A64783552A00-SegmentedRaftLogWorker: flushIndex: setUnconditionally 0 -> -1
2019-10-24 13:25:35,100 [pool-47-thread-1] INFO  server.RaftServerConfigKeys (ConfUtils.java:logGet(43)) - raft.server.snapshot.auto.trigger.enabled = true (custom)
2019-10-24 13:25:35,100 [pool-47-thread-1] INFO  server.RaftServerConfigKeys (ConfUtils.java:logGet(43)) - raft.server.snapshot.auto.trigger.threshold = 10000 (custom)
2019-10-24 13:25:35,100 [pool-47-thread-1] INFO  server.RaftServerConfigKeys (ConfUtils.java:logGet(43)) - raft.server.snapshot.retention.file.num = 5 (custom)
2019-10-24 13:25:35,101 [pool-47-thread-1] INFO  server.RaftServerConfigKeys (ConfUtils.java:logGet(43)) - raft.server.retrycache.expirytime = 600000ms (custom)
2019-10-24 13:25:35,101 [pool-47-thread-1] WARN  impl.MetricRegistriesImpl (MetricRegistriesImpl.java:lambda$create$1(61)) - First MetricRegistry has been created without registering reporters. You may need to call MetricRegistries.global().addReportRegistration(...) before.
2019-10-24 13:25:35,101 [pool-47-thread-1] WARN  impl.MetricRegistriesImpl (MetricRegistriesImpl.java:lambda$create$1(61)) - First MetricRegistry has been created without registering reporters. You may need to call MetricRegistries.global().addReportRegistration(...) before.
2019-10-24 13:25:35,101 [pool-47-thread-1] INFO  impl.RaftServerImpl (RaftServerImpl.java:start(184)) - 40829da6-3885-407c-a088-456b651d4556@group-A64783552A00: start as a follower, conf=-1: [40829da6-3885-407c-a088-456b651d4556:192.168.34.46:34308], old=null
2019-10-24 13:25:35,102 [pool-47-thread-1] INFO  impl.RaftServerImpl (RaftServerImpl.java:setRole(173)) - 40829da6-3885-407c-a088-456b651d4556@group-A64783552A00: changes role from      null to FOLLOWER at term 0 for startAsFollower
2019-10-24 13:25:35,102 [pool-47-thread-1] INFO  impl.RoleInfo (RoleInfo.java:updateAndGet(143)) - 40829da6-3885-407c-a088-456b651d4556: start FollowerState
2019-10-24 13:25:35,103 [pool-47-thread-1] INFO  util.JmxRegister (JmxRegister.java:tryRegister(44)) - Successfully registered JMX Bean with object name Ratis:service=RaftServer,group=group-A64783552A00,id=40829da6-3885-407c-a088-456b651d4556
2019-10-24 13:25:35,104 [pool-47-thread-1] WARN  impl.MetricRegistriesImpl (MetricRegistriesImpl.java:lambda$create$1(61)) - First MetricRegistry has been created without registering reporters. You may need to call MetricRegistries.global().addReportRegistration(...) before.
2019-10-24 13:25:35,124 [RatisPipelineUtilsThread] INFO  pipeline.PipelineStateManager (PipelineStateManager.java:addPipeline(56)) - Created pipeline Pipeline[ Id: ec8b2a5c-0383-4ab8-92e4-a64783552a00, Nodes: 40829da6-3885-407c-a088-456b651d4556{ip: 192.168.34.46, host: pr-hdds-2347-fq45t-3280797939, networkLocation: /default-rack, certSerialId: null}, Type:RATIS, Factor:ONE, State:OPEN]
2019-10-24 13:25:35,144 [grpc-default-executor-0] INFO  impl.RaftServerProxy (RaftServerProxy.java:addNew(89)) - 6e90e31a-7849-4a98-b31c-06f2da08fbb3: addNew group-BFD5C1DA76D3:[6e90e31a-7849-4a98-b31c-06f2da08fbb3:192.168.34.46:35359] returns group-BFD5C1DA76D3:java.util.concurrent.CompletableFuture@730bc50d[Not completed]
2019-10-24 13:25:35,159 [pool-37-thread-1] INFO  impl.RaftServerImpl (RaftServerImpl.java:<init>(98)) - 6e90e31a-7849-4a98-b31c-06f2da08fbb3: new RaftServerImpl for group-BFD5C1DA76D3:[6e90e31a-7849-4a98-b31c-06f2da08fbb3:192.168.34.46:35359] with ContainerStateMachine:uninitialized
2019-10-24 13:25:35,160 [pool-37-thread-1] INFO  server.RaftServerConfigKeys (ConfUtils.java:logGet(43)) - raft.server.rpc.timeout.min = 5s (custom)
2019-10-24 13:25:35,160 [pool-37-thread-1] INFO  server.RaftServerConfigKeys (ConfUtils.java:logGet(43)) - raft.server.rpc.timeout.max = 5200ms (custom)
2019-10-24 13:25:35,160 [pool-37-thread-1] INFO  server.RaftServerConfigKeys (ConfUtils.java:logGet(43)) - raft.server.rpcslowness.timeout = 1000s (custom)
2019-10-24 13:25:35,161 [pool-37-thread-1] INFO  server.RaftServerConfigKeys (ConfUtils.java:logGet(43)) - raft.server.sleep.deviation.threshold = 300 (default)
2019-10-24 13:25:35,161 [pool-37-thread-1] INFO  server.RaftServerConfigKeys (ConfUtils.java:logGet(43)) - raft.server.log.appender.install.snapshot.enabled = false (custom)
2019-10-24 13:25:35,161 [pool-37-thread-1] INFO  impl.RaftServerImpl (ServerState.java:<init>(103)) - 6e90e31a-7849-4a98-b31c-06f2da08fbb3@group-BFD5C1DA76D3: ConfigurationManager, init=-1: [6e90e31a-7849-4a98-b31c-06f2da08fbb3:192.168.34.46:35359], old=null, confs=<EMPTY_MAP>
2019-10-24 13:25:35,161 [pool-37-thread-1] INFO  server.RaftServerConfigKeys (ConfUtils.java:logGet(43)) - raft.server.storage.dir = [/workdir/hadoop-ozone/integration-test/target/test-dir/MiniOzoneClusterImpl-31b5e583-27d6-476b-b511-7b0983ad9e8c/datanode-1/data/ratis] (custom)
2019-10-24 13:25:35,161 [pool-37-thread-1] INFO  server.RaftServerConfigKeys (ConfUtils.java:logGet(43)) - raft.server.log.corruption.policy = EXCEPTION (default)
2019-10-24 13:25:35,162 [pool-37-thread-1] INFO  storage.RaftStorageDirectory (RaftStorageDirectory.java:analyzeStorage(246)) - The storage directory /workdir/hadoop-ozone/integration-test/target/test-dir/MiniOzoneClusterImpl-31b5e583-27d6-476b-b511-7b0983ad9e8c/datanode-1/data/ratis/811ace29-6efa-4aa4-99f3-bfd5c1da76d3 does not exist. Creating ...
2019-10-24 13:25:35,175 [pool-37-thread-1] INFO  storage.RaftStorageDirectory (RaftStorageDirectory.java:tryLock(328)) - Lock on /workdir/hadoop-ozone/integration-test/target/test-dir/MiniOzoneClusterImpl-31b5e583-27d6-476b-b511-7b0983ad9e8c/datanode-1/data/ratis/811ace29-6efa-4aa4-99f3-bfd5c1da76d3/in_use.lock acquired by nodename 17035@pr-hdds-2347-fq45t-3280797939
2019-10-24 13:25:35,188 [pool-37-thread-1] INFO  storage.RaftStorage (RaftStorage.java:format(84)) - Storage directory /workdir/hadoop-ozone/integration-test/target/test-dir/MiniOzoneClusterImpl-31b5e583-27d6-476b-b511-7b0983ad9e8c/datanode-1/data/ratis/811ace29-6efa-4aa4-99f3-bfd5c1da76d3 has been successfully formatted.
2019-10-24 13:25:35,188 [pool-37-thread-1] INFO  ratis.ContainerStateMachine (ContainerStateMachine.java:loadSnapshot(231)) - group-BFD5C1DA76D3: The snapshot info is null. Setting the last applied indexto:(t:0, i:~)
2019-10-24 13:25:35,188 [pool-37-thread-1] INFO  server.RaftServerConfigKeys (ConfUtils.java:logGet(43)) - raft.server.notification.no-leader.timeout = 1000s (custom)
2019-10-24 13:25:35,188 [pool-37-thread-1] INFO  server.RaftServerConfigKeys (ConfUtils.java:logGet(43)) - raft.server.log.use.memory = false (default)
2019-10-24 13:25:35,189 [pool-37-thread-1] INFO  server.RaftServerConfigKeys (ConfUtils.java:logGet(43)) - raft.server.log.purge.gap = 1000000 (custom)
2019-10-24 13:25:35,189 [pool-37-thread-1] INFO  server.RaftServerConfigKeys (ConfUtils.java:logGet(43)) - raft.server.log.appender.buffer.byte-limit = 33554432 (custom)
2019-10-24 13:25:35,189 [pool-37-thread-1] INFO  server.RaftServerConfigKeys (ConfUtils.java:logGet(43)) - raft.server.log.segment.size.max = 1048576 (custom)
2019-10-24 13:25:35,189 [pool-37-thread-1] WARN  impl.MetricRegistriesImpl (MetricRegistriesImpl.java:lambda$create$1(61)) - First MetricRegistry has been created without registering reporters. You may need to call MetricRegistries.global().addReportRegistration(...) before.
2019-10-24 13:25:35,189 [pool-37-thread-1] INFO  server.RaftServerConfigKeys (ConfUtils.java:logGet(43)) - raft.server.log.segment.cache.num.max = 2 (custom)
2019-10-24 13:25:35,190 [pool-37-thread-1] INFO  segmented.SegmentedRaftLogWorker (SegmentedRaftLogWorker.java:<init>(173)) - new 6e90e31a-7849-4a98-b31c-06f2da08fbb3@group-BFD5C1DA76D3-SegmentedRaftLogWorker for RaftStorage:Storage Directory /workdir/hadoop-ozone/integration-test/target/test-dir/MiniOzoneClusterImpl-31b5e583-27d6-476b-b511-7b0983ad9e8c/datanode-1/data/ratis/811ace29-6efa-4aa4-99f3-bfd5c1da76d3
2019-10-24 13:25:35,190 [pool-37-thread-1] INFO  server.RaftServerConfigKeys (ConfUtils.java:logGet(43)) - raft.server.log.queue.byte-limit = 2147483647 (custom)
2019-10-24 13:25:35,190 [pool-37-thread-1] INFO  server.RaftServerConfigKeys (ConfUtils.java:logGet(43)) - raft.server.log.queue.element-limit = 1024 (custom)
2019-10-24 13:25:35,190 [pool-37-thread-1] INFO  server.RaftServerConfigKeys (ConfUtils.java:logGet(43)) - raft.server.log.segment.size.max = 1048576 (custom)
2019-10-24 13:25:35,190 [pool-37-thread-1] INFO  server.RaftServerConfigKeys (ConfUtils.java:logGet(43)) - raft.server.log.preallocated.size = 16384 (custom)
2019-10-24 13:25:35,190 [pool-37-thread-1] INFO  server.RaftServerConfigKeys (ConfUtils.java:logGet(43)) - raft.server.log.write.buffer.size = 33554432 (custom)
2019-10-24 13:25:35,190 [pool-37-thread-1] INFO  server.RaftServerConfigKeys (ConfUtils.java:logGet(43)) - raft.server.log.force.sync.num = 128 (default)
2019-10-24 13:25:35,191 [pool-37-thread-1] INFO  server.RaftServerConfigKeys (ConfUtils.java:logGet(43)) - raft.server.log.statemachine.data.sync = true (default)
2019-10-24 13:25:35,191 [pool-37-thread-1] INFO  server.RaftServerConfigKeys (ConfUtils.java:logGet(43)) - raft.server.log.statemachine.data.sync.timeout = 10s (default)
2019-10-24 13:25:35,191 [pool-37-thread-1] INFO  server.RaftServerConfigKeys (ConfUtils.java:logGet(43)) - raft.server.log.statemachine.data.sync.timeout.retry = -1 (default)
2019-10-24 13:25:35,191 [pool-37-thread-1] INFO  server.RaftServerConfigKeys (ConfUtils.java:logGet(43)) - raft.server.log.statemachine.data.caching.enabled = true (custom)
2019-10-24 13:25:35,192 [pool-37-thread-1] INFO  segmented.SegmentedRaftLogWorker (SegmentedRaftLogWorker.java:lambda$new$0(128)) - 6e90e31a-7849-4a98-b31c-06f2da08fbb3@group-BFD5C1DA76D3-SegmentedRaftLogWorker: flushIndex: setUnconditionally 0 -> -1
2019-10-24 13:25:35,192 [pool-37-thread-1] INFO  server.RaftServerConfigKeys (ConfUtils.java:logGet(43)) - raft.server.snapshot.auto.trigger.enabled = true (custom)
2019-10-24 13:25:35,192 [pool-37-thread-1] INFO  server.RaftServerConfigKeys (ConfUtils.java:logGet(43)) - raft.server.snapshot.auto.trigger.threshold = 10000 (custom)
2019-10-24 13:25:35,192 [pool-37-thread-1] INFO  server.RaftServerConfigKeys (ConfUtils.java:logGet(43)) - raft.server.snapshot.retention.file.num = 5 (custom)
2019-10-24 13:25:35,193 [pool-37-thread-1] INFO  server.RaftServerConfigKeys (ConfUtils.java:logGet(43)) - raft.server.retrycache.expirytime = 600000ms (custom)
2019-10-24 13:25:35,193 [pool-37-thread-1] WARN  impl.MetricRegistriesImpl (MetricRegistriesImpl.java:lambda$create$1(61)) - First MetricRegistry has been created without registering reporters. You may need to call MetricRegistries.global().addReportRegistration(...) before.
2019-10-24 13:25:35,193 [pool-37-thread-1] WARN  impl.MetricRegistriesImpl (MetricRegistriesImpl.java:lambda$create$1(61)) - First MetricRegistry has been created without registering reporters. You may need to call MetricRegistries.global().addReportRegistration(...) before.
2019-10-24 13:25:35,193 [pool-37-thread-1] INFO  impl.RaftServerImpl (RaftServerImpl.java:start(184)) - 6e90e31a-7849-4a98-b31c-06f2da08fbb3@group-BFD5C1DA76D3: start as a follower, conf=-1: [6e90e31a-7849-4a98-b31c-06f2da08fbb3:192.168.34.46:35359], old=null
2019-10-24 13:25:35,193 [pool-37-thread-1] INFO  impl.RaftServerImpl (RaftServerImpl.java:setRole(173)) - 6e90e31a-7849-4a98-b31c-06f2da08fbb3@group-BFD5C1DA76D3: changes role from      null to FOLLOWER at term 0 for startAsFollower
2019-10-24 13:25:35,194 [pool-37-thread-1] INFO  impl.RoleInfo (RoleInfo.java:updateAndGet(143)) - 6e90e31a-7849-4a98-b31c-06f2da08fbb3: start FollowerState
2019-10-24 13:25:35,194 [pool-37-thread-1] INFO  util.JmxRegister (JmxRegister.java:tryRegister(44)) - Successfully registered JMX Bean with object name Ratis:service=RaftServer,group=group-BFD5C1DA76D3,id=6e90e31a-7849-4a98-b31c-06f2da08fbb3
2019-10-24 13:25:35,194 [pool-37-thread-1] WARN  impl.MetricRegistriesImpl (MetricRegistriesImpl.java:lambda$create$1(61)) - First MetricRegistry has been created without registering reporters. You may need to call MetricRegistries.global().addReportRegistration(...) before.
2019-10-24 13:25:35,204 [RatisPipelineUtilsThread] INFO  pipeline.PipelineStateManager (PipelineStateManager.java:addPipeline(56)) - Created pipeline Pipeline[ Id: 811ace29-6efa-4aa4-99f3-bfd5c1da76d3, Nodes: 6e90e31a-7849-4a98-b31c-06f2da08fbb3{ip: 192.168.34.46, host: pr-hdds-2347-fq45t-3280797939, networkLocation: /default-rack, certSerialId: null}, Type:RATIS, Factor:ONE, State:OPEN]
2019-10-24 13:25:35,236 [grpc-default-executor-2] INFO  impl.RaftServerProxy (RaftServerProxy.java:addNew(89)) - 01d98fa9-b286-41ba-84b0-dae26651fa1e: addNew group-7CFE476639A9:[6e90e31a-7849-4a98-b31c-06f2da08fbb3:192.168.34.46:35359, 40829da6-3885-407c-a088-456b651d4556:192.168.34.46:34308, 01d98fa9-b286-41ba-84b0-dae26651fa1e:192.168.34.46:39012] returns group-7CFE476639A9:java.util.concurrent.CompletableFuture@7b92d22[Not completed]
2019-10-24 13:25:35,236 [grpc-default-executor-1] INFO  impl.RaftServerProxy (RaftServerProxy.java:addNew(89)) - 6e90e31a-7849-4a98-b31c-06f2da08fbb3: addNew group-7CFE476639A9:[6e90e31a-7849-4a98-b31c-06f2da08fbb3:192.168.34.46:35359, 40829da6-3885-407c-a088-456b651d4556:192.168.34.46:34308, 01d98fa9-b286-41ba-84b0-dae26651fa1e:192.168.34.46:39012] returns group-7CFE476639A9:java.util.concurrent.CompletableFuture@361d9022[Not completed]
2019-10-24 13:25:35,240 [pool-27-thread-1] INFO  impl.RaftServerImpl (RaftServerImpl.java:<init>(98)) - 01d98fa9-b286-41ba-84b0-dae26651fa1e: new RaftServerImpl for group-7CFE476639A9:[6e90e31a-7849-4a98-b31c-06f2da08fbb3:192.168.34.46:35359, 40829da6-3885-407c-a088-456b651d4556:192.168.34.46:34308, 01d98fa9-b286-41ba-84b0-dae26651fa1e:192.168.34.46:39012] with ContainerStateMachine:uninitialized
2019-10-24 13:25:35,241 [pool-27-thread-1] INFO  server.RaftServerConfigKeys (ConfUtils.java:logGet(43)) - raft.server.rpc.timeout.min = 5s (custom)
2019-10-24 13:25:35,242 [pool-27-thread-1] INFO  server.RaftServerConfigKeys (ConfUtils.java:logGet(43)) - raft.server.rpc.timeout.max = 5200ms (custom)
2019-10-24 13:25:35,242 [pool-27-thread-1] INFO  server.RaftServerConfigKeys (ConfUtils.java:logGet(43)) - raft.server.rpcslowness.timeout = 1000s (custom)
2019-10-24 13:25:35,242 [pool-27-thread-1] INFO  server.RaftServerConfigKeys (ConfUtils.java:logGet(43)) - raft.server.sleep.deviation.threshold = 300 (default)
2019-10-24 13:25:35,242 [pool-27-thread-1] INFO  server.RaftServerConfigKeys (ConfUtils.java:logGet(43)) - raft.server.log.appender.install.snapshot.enabled = false (custom)
2019-10-24 13:25:35,242 [pool-27-thread-1] INFO  impl.RaftServerImpl (ServerState.java:<init>(103)) - 01d98fa9-b286-41ba-84b0-dae26651fa1e@group-7CFE476639A9: ConfigurationManager, init=-1: [6e90e31a-7849-4a98-b31c-06f2da08fbb3:192.168.34.46:35359, 40829da6-3885-407c-a088-456b651d4556:192.168.34.46:34308, 01d98fa9-b286-41ba-84b0-dae26651fa1e:192.168.34.46:39012], old=null, confs=<EMPTY_MAP>
2019-10-24 13:25:35,242 [pool-37-thread-1] INFO  impl.RaftServerImpl (RaftServerImpl.java:<init>(98)) - 6e90e31a-7849-4a98-b31c-06f2da08fbb3: new RaftServerImpl for group-7CFE476639A9:[6e90e31a-7849-4a98-b31c-06f2da08fbb3:192.168.34.46:35359, 40829da6-3885-407c-a088-456b651d4556:192.168.34.46:34308, 01d98fa9-b286-41ba-84b0-dae26651fa1e:192.168.34.46:39012] with ContainerStateMachine:uninitialized
2019-10-24 13:25:35,243 [grpc-default-executor-1] INFO  impl.RaftServerProxy (RaftServerProxy.java:addNew(89)) - 40829da6-3885-407c-a088-456b651d4556: addNew group-7CFE476639A9:[6e90e31a-7849-4a98-b31c-06f2da08fbb3:192.168.34.46:35359, 40829da6-3885-407c-a088-456b651d4556:192.168.34.46:34308, 01d98fa9-b286-41ba-84b0-dae26651fa1e:192.168.34.46:39012] returns group-7CFE476639A9:java.util.concurrent.CompletableFuture@74e2f877[Not completed]
2019-10-24 13:25:35,243 [pool-37-thread-1] INFO  server.RaftServerConfigKeys (ConfUtils.java:logGet(43)) - raft.server.rpc.timeout.min = 5s (custom)
2019-10-24 13:25:35,243 [pool-27-thread-1] INFO  server.RaftServerConfigKeys (ConfUtils.java:logGet(43)) - raft.server.storage.dir = [/workdir/hadoop-ozone/integration-test/target/test-dir/MiniOzoneClusterImpl-31b5e583-27d6-476b-b511-7b0983ad9e8c/datanode-0/data/ratis] (custom)
2019-10-24 13:25:35,243 [pool-37-thread-1] INFO  server.RaftServerConfigKeys (ConfUtils.java:logGet(43)) - raft.server.rpc.timeout.max = 5200ms (custom)
2019-10-24 13:25:35,244 [pool-37-thread-1] INFO  server.RaftServerConfigKeys (ConfUtils.java:logGet(43)) - raft.server.rpcslowness.timeout = 1000s (custom)
2019-10-24 13:25:35,244 [pool-27-thread-1] INFO  server.RaftServerConfigKeys (ConfUtils.java:logGet(43)) - raft.server.log.corruption.policy = EXCEPTION (default)
2019-10-24 13:25:35,244 [pool-37-thread-1] INFO  server.RaftServerConfigKeys (ConfUtils.java:logGet(43)) - raft.server.sleep.deviation.threshold = 300 (default)
2019-10-24 13:25:35,244 [pool-47-thread-1] INFO  impl.RaftServerImpl (RaftServerImpl.java:<init>(98)) - 40829da6-3885-407c-a088-456b651d4556: new RaftServerImpl for group-7CFE476639A9:[6e90e31a-7849-4a98-b31c-06f2da08fbb3:192.168.34.46:35359, 40829da6-3885-407c-a088-456b651d4556:192.168.34.46:34308, 01d98fa9-b286-41ba-84b0-dae26651fa1e:192.168.34.46:39012] with ContainerStateMachine:uninitialized
2019-10-24 13:25:35,244 [pool-27-thread-1] INFO  storage.RaftStorageDirectory (RaftStorageDirectory.java:analyzeStorage(246)) - The storage directory /workdir/hadoop-ozone/integration-test/target/test-dir/MiniOzoneClusterImpl-31b5e583-27d6-476b-b511-7b0983ad9e8c/datanode-0/data/ratis/400d0dd0-f848-4ed7-b117-7cfe476639a9 does not exist. Creating ...
2019-10-24 13:25:35,244 [pool-37-thread-1] INFO  server.RaftServerConfigKeys (ConfUtils.java:logGet(43)) - raft.server.log.appender.install.snapshot.enabled = false (custom)
2019-10-24 13:25:35,244 [pool-47-thread-1] INFO  server.RaftServerConfigKeys (ConfUtils.java:logGet(43)) - raft.server.rpc.timeout.min = 5s (custom)
2019-10-24 13:25:35,245 [pool-37-thread-1] INFO  impl.RaftServerImpl (ServerState.java:<init>(103)) - 6e90e31a-7849-4a98-b31c-06f2da08fbb3@group-7CFE476639A9: ConfigurationManager, init=-1: [6e90e31a-7849-4a98-b31c-06f2da08fbb3:192.168.34.46:35359, 40829da6-3885-407c-a088-456b651d4556:192.168.34.46:34308, 01d98fa9-b286-41ba-84b0-dae26651fa1e:192.168.34.46:39012], old=null, confs=<EMPTY_MAP>
2019-10-24 13:25:35,245 [pool-47-thread-1] INFO  server.RaftServerConfigKeys (ConfUtils.java:logGet(43)) - raft.server.rpc.timeout.max = 5200ms (custom)
2019-10-24 13:25:35,245 [pool-37-thread-1] INFO  server.RaftServerConfigKeys (ConfUtils.java:logGet(43)) - raft.server.storage.dir = [/workdir/hadoop-ozone/integration-test/target/test-dir/MiniOzoneClusterImpl-31b5e583-27d6-476b-b511-7b0983ad9e8c/datanode-1/data/ratis] (custom)
2019-10-24 13:25:35,245 [pool-47-thread-1] INFO  server.RaftServerConfigKeys (ConfUtils.java:logGet(43)) - raft.server.rpcslowness.timeout = 1000s (custom)
2019-10-24 13:25:35,245 [pool-47-thread-1] INFO  server.RaftServerConfigKeys (ConfUtils.java:logGet(43)) - raft.server.sleep.deviation.threshold = 300 (default)
2019-10-24 13:25:35,245 [pool-37-thread-1] INFO  server.RaftServerConfigKeys (ConfUtils.java:logGet(43)) - raft.server.log.corruption.policy = EXCEPTION (default)
2019-10-24 13:25:35,245 [pool-47-thread-1] INFO  server.RaftServerConfigKeys (ConfUtils.java:logGet(43)) - raft.server.log.appender.install.snapshot.enabled = false (custom)
2019-10-24 13:25:35,246 [pool-37-thread-1] INFO  storage.RaftStorageDirectory (RaftStorageDirectory.java:analyzeStorage(246)) - The storage directory /workdir/hadoop-ozone/integration-test/target/test-dir/MiniOzoneClusterImpl-31b5e583-27d6-476b-b511-7b0983ad9e8c/datanode-1/data/ratis/400d0dd0-f848-4ed7-b117-7cfe476639a9 does not exist. Creating ...
2019-10-24 13:25:35,246 [pool-47-thread-1] INFO  impl.RaftServerImpl (ServerState.java:<init>(103)) - 40829da6-3885-407c-a088-456b651d4556@group-7CFE476639A9: ConfigurationManager, init=-1: [6e90e31a-7849-4a98-b31c-06f2da08fbb3:192.168.34.46:35359, 40829da6-3885-407c-a088-456b651d4556:192.168.34.46:34308, 01d98fa9-b286-41ba-84b0-dae26651fa1e:192.168.34.46:39012], old=null, confs=<EMPTY_MAP>
2019-10-24 13:25:35,246 [pool-47-thread-1] INFO  server.RaftServerConfigKeys (ConfUtils.java:logGet(43)) - raft.server.storage.dir = [/workdir/hadoop-ozone/integration-test/target/test-dir/MiniOzoneClusterImpl-31b5e583-27d6-476b-b511-7b0983ad9e8c/datanode-2/data/ratis] (custom)
2019-10-24 13:25:35,246 [pool-47-thread-1] INFO  server.RaftServerConfigKeys (ConfUtils.java:logGet(43)) - raft.server.log.corruption.policy = EXCEPTION (default)
2019-10-24 13:25:35,246 [pool-47-thread-1] INFO  storage.RaftStorageDirectory (RaftStorageDirectory.java:analyzeStorage(246)) - The storage directory /workdir/hadoop-ozone/integration-test/target/test-dir/MiniOzoneClusterImpl-31b5e583-27d6-476b-b511-7b0983ad9e8c/datanode-2/data/ratis/400d0dd0-f848-4ed7-b117-7cfe476639a9 does not exist. Creating ...
2019-10-24 13:25:35,258 [pool-37-thread-1] INFO  storage.RaftStorageDirectory (RaftStorageDirectory.java:tryLock(328)) - Lock on /workdir/hadoop-ozone/integration-test/target/test-dir/MiniOzoneClusterImpl-31b5e583-27d6-476b-b511-7b0983ad9e8c/datanode-1/data/ratis/400d0dd0-f848-4ed7-b117-7cfe476639a9/in_use.lock acquired by nodename 17035@pr-hdds-2347-fq45t-3280797939
2019-10-24 13:25:35,258 [pool-27-thread-1] INFO  storage.RaftStorageDirectory (RaftStorageDirectory.java:tryLock(328)) - Lock on /workdir/hadoop-ozone/integration-test/target/test-dir/MiniOzoneClusterImpl-31b5e583-27d6-476b-b511-7b0983ad9e8c/datanode-0/data/ratis/400d0dd0-f848-4ed7-b117-7cfe476639a9/in_use.lock acquired by nodename 17035@pr-hdds-2347-fq45t-3280797939
2019-10-24 13:25:35,258 [pool-47-thread-1] INFO  storage.RaftStorageDirectory (RaftStorageDirectory.java:tryLock(328)) - Lock on /workdir/hadoop-ozone/integration-test/target/test-dir/MiniOzoneClusterImpl-31b5e583-27d6-476b-b511-7b0983ad9e8c/datanode-2/data/ratis/400d0dd0-f848-4ed7-b117-7cfe476639a9/in_use.lock acquired by nodename 17035@pr-hdds-2347-fq45t-3280797939
2019-10-24 13:25:35,272 [pool-47-thread-1] INFO  storage.RaftStorage (RaftStorage.java:format(84)) - Storage directory /workdir/hadoop-ozone/integration-test/target/test-dir/MiniOzoneClusterImpl-31b5e583-27d6-476b-b511-7b0983ad9e8c/datanode-2/data/ratis/400d0dd0-f848-4ed7-b117-7cfe476639a9 has been successfully formatted.
2019-10-24 13:25:35,272 [pool-37-thread-1] INFO  storage.RaftStorage (RaftStorage.java:format(84)) - Storage directory /workdir/hadoop-ozone/integration-test/target/test-dir/MiniOzoneClusterImpl-31b5e583-27d6-476b-b511-7b0983ad9e8c/datanode-1/data/ratis/400d0dd0-f848-4ed7-b117-7cfe476639a9 has been successfully formatted.
2019-10-24 13:25:35,272 [pool-47-thread-1] INFO  ratis.ContainerStateMachine (ContainerStateMachine.java:loadSnapshot(231)) - group-7CFE476639A9: The snapshot info is null. Setting the last applied indexto:(t:0, i:~)
2019-10-24 13:25:35,272 [pool-27-thread-1] INFO  storage.RaftStorage (RaftStorage.java:format(84)) - Storage directory /workdir/hadoop-ozone/integration-test/target/test-dir/MiniOzoneClusterImpl-31b5e583-27d6-476b-b511-7b0983ad9e8c/datanode-0/data/ratis/400d0dd0-f848-4ed7-b117-7cfe476639a9 has been successfully formatted.
2019-10-24 13:25:35,273 [pool-37-thread-1] INFO  ratis.ContainerStateMachine (ContainerStateMachine.java:loadSnapshot(231)) - group-7CFE476639A9: The snapshot info is null. Setting the last applied indexto:(t:0, i:~)
2019-10-24 13:25:35,273 [pool-47-thread-1] INFO  server.RaftServerConfigKeys (ConfUtils.java:logGet(43)) - raft.server.notification.no-leader.timeout = 1000s (custom)
2019-10-24 13:25:35,273 [pool-37-thread-1] INFO  server.RaftServerConfigKeys (ConfUtils.java:logGet(43)) - raft.server.notification.no-leader.timeout = 1000s (custom)
2019-10-24 13:25:35,273 [pool-27-thread-1] INFO  ratis.ContainerStateMachine (ContainerStateMachine.java:loadSnapshot(231)) - group-7CFE476639A9: The snapshot info is null. Setting the last applied indexto:(t:0, i:~)
2019-10-24 13:25:35,273 [pool-37-thread-1] INFO  server.RaftServerConfigKeys (ConfUtils.java:logGet(43)) - raft.server.log.use.memory = false (default)
2019-10-24 13:25:35,273 [pool-47-thread-1] INFO  server.RaftServerConfigKeys (ConfUtils.java:logGet(43)) - raft.server.log.use.memory = false (default)
2019-10-24 13:25:35,274 [pool-37-thread-1] INFO  server.RaftServerConfigKeys (ConfUtils.java:logGet(43)) - raft.server.log.purge.gap = 1000000 (custom)
2019-10-24 13:25:35,274 [pool-27-thread-1] INFO  server.RaftServerConfigKeys (ConfUtils.java:logGet(43)) - raft.server.notification.no-leader.timeout = 1000s (custom)
2019-10-24 13:25:35,274 [pool-37-thread-1] INFO  server.RaftServerConfigKeys (ConfUtils.java:logGet(43)) - raft.server.log.appender.buffer.byte-limit = 33554432 (custom)
2019-10-24 13:25:35,274 [pool-47-thread-1] INFO  server.RaftServerConfigKeys (ConfUtils.java:logGet(43)) - raft.server.log.purge.gap = 1000000 (custom)
2019-10-24 13:25:35,274 [pool-37-thread-1] INFO  server.RaftServerConfigKeys (ConfUtils.java:logGet(43)) - raft.server.log.segment.size.max = 1048576 (custom)
2019-10-24 13:25:35,274 [pool-27-thread-1] INFO  server.RaftServerConfigKeys (ConfUtils.java:logGet(43)) - raft.server.log.use.memory = false (default)
2019-10-24 13:25:35,275 [pool-37-thread-1] INFO  server.RaftServerConfigKeys (ConfUtils.java:logGet(43)) - raft.server.log.segment.cache.num.max = 2 (custom)
2019-10-24 13:25:35,275 [pool-47-thread-1] INFO  server.RaftServerConfigKeys (ConfUtils.java:logGet(43)) - raft.server.log.appender.buffer.byte-limit = 33554432 (custom)
2019-10-24 13:25:35,275 [pool-37-thread-1] INFO  segmented.SegmentedRaftLogWorker (SegmentedRaftLogWorker.java:<init>(173)) - new 6e90e31a-7849-4a98-b31c-06f2da08fbb3@group-7CFE476639A9-SegmentedRaftLogWorker for RaftStorage:Storage Directory /workdir/hadoop-ozone/integration-test/target/test-dir/MiniOzoneClusterImpl-31b5e583-27d6-476b-b511-7b0983ad9e8c/datanode-1/data/ratis/400d0dd0-f848-4ed7-b117-7cfe476639a9
2019-10-24 13:25:35,275 [pool-27-thread-1] INFO  server.RaftServerConfigKeys (ConfUtils.java:logGet(43)) - raft.server.log.purge.gap = 1000000 (custom)
2019-10-24 13:25:35,275 [pool-37-thread-1] INFO  server.RaftServerConfigKeys (ConfUtils.java:logGet(43)) - raft.server.log.queue.byte-limit = 2147483647 (custom)
2019-10-24 13:25:35,275 [pool-47-thread-1] INFO  server.RaftServerConfigKeys (ConfUtils.java:logGet(43)) - raft.server.log.segment.size.max = 1048576 (custom)
2019-10-24 13:25:35,276 [pool-37-thread-1] INFO  server.RaftServerConfigKeys (ConfUtils.java:logGet(43)) - raft.server.log.queue.element-limit = 1024 (custom)
2019-10-24 13:25:35,275 [pool-27-thread-1] INFO  server.RaftServerConfigKeys (ConfUtils.java:logGet(43)) - raft.server.log.appender.buffer.byte-limit = 33554432 (custom)
2019-10-24 13:25:35,276 [pool-37-thread-1] INFO  server.RaftServerConfigKeys (ConfUtils.java:logGet(43)) - raft.server.log.segment.size.max = 1048576 (custom)
2019-10-24 13:25:35,276 [pool-47-thread-1] INFO  server.RaftServerConfigKeys (ConfUtils.java:logGet(43)) - raft.server.log.segment.cache.num.max = 2 (custom)
2019-10-24 13:25:35,276 [pool-37-thread-1] INFO  server.RaftServerConfigKeys (ConfUtils.java:logGet(43)) - raft.server.log.preallocated.size = 16384 (custom)
2019-10-24 13:25:35,276 [pool-27-thread-1] INFO  server.RaftServerConfigKeys (ConfUtils.java:logGet(43)) - raft.server.log.segment.size.max = 1048576 (custom)
2019-10-24 13:25:35,277 [pool-37-thread-1] INFO  server.RaftServerConfigKeys (ConfUtils.java:logGet(43)) - raft.server.log.write.buffer.size = 33554432 (custom)
2019-10-24 13:25:35,276 [pool-47-thread-1] INFO  segmented.SegmentedRaftLogWorker (SegmentedRaftLogWorker.java:<init>(173)) - new 40829da6-3885-407c-a088-456b651d4556@group-7CFE476639A9-SegmentedRaftLogWorker for RaftStorage:Storage Directory /workdir/hadoop-ozone/integration-test/target/test-dir/MiniOzoneClusterImpl-31b5e583-27d6-476b-b511-7b0983ad9e8c/datanode-2/data/ratis/400d0dd0-f848-4ed7-b117-7cfe476639a9
2019-10-24 13:25:35,277 [pool-37-thread-1] INFO  server.RaftServerConfigKeys (ConfUtils.java:logGet(43)) - raft.server.log.force.sync.num = 128 (default)
2019-10-24 13:25:35,277 [pool-27-thread-1] INFO  server.RaftServerConfigKeys (ConfUtils.java:logGet(43)) - raft.server.log.segment.cache.num.max = 2 (custom)
2019-10-24 13:25:35,277 [pool-37-thread-1] INFO  server.RaftServerConfigKeys (ConfUtils.java:logGet(43)) - raft.server.log.statemachine.data.sync = true (default)
2019-10-24 13:25:35,277 [pool-47-thread-1] INFO  server.RaftServerConfigKeys (ConfUtils.java:logGet(43)) - raft.server.log.queue.byte-limit = 2147483647 (custom)
2019-10-24 13:25:35,278 [pool-37-thread-1] INFO  server.RaftServerConfigKeys (ConfUtils.java:logGet(43)) - raft.server.log.statemachine.data.sync.timeout = 10s (default)
2019-10-24 13:25:35,277 [pool-27-thread-1] INFO  segmented.SegmentedRaftLogWorker (SegmentedRaftLogWorker.java:<init>(173)) - new 01d98fa9-b286-41ba-84b0-dae26651fa1e@group-7CFE476639A9-SegmentedRaftLogWorker for RaftStorage:Storage Directory /workdir/hadoop-ozone/integration-test/target/test-dir/MiniOzoneClusterImpl-31b5e583-27d6-476b-b511-7b0983ad9e8c/datanode-0/data/ratis/400d0dd0-f848-4ed7-b117-7cfe476639a9
2019-10-24 13:25:35,278 [pool-37-thread-1] INFO  server.RaftServerConfigKeys (ConfUtils.java:logGet(43)) - raft.server.log.statemachine.data.sync.timeout.retry = -1 (default)
2019-10-24 13:25:35,278 [pool-47-thread-1] INFO  server.RaftServerConfigKeys (ConfUtils.java:logGet(43)) - raft.server.log.queue.element-limit = 1024 (custom)
2019-10-24 13:25:35,278 [pool-37-thread-1] INFO  server.RaftServerConfigKeys (ConfUtils.java:logGet(43)) - raft.server.log.statemachine.data.caching.enabled = true (custom)
2019-10-24 13:25:35,278 [pool-27-thread-1] INFO  server.RaftServerConfigKeys (ConfUtils.java:logGet(43)) - raft.server.log.queue.byte-limit = 2147483647 (custom)
2019-10-24 13:25:35,278 [pool-47-thread-1] INFO  server.RaftServerConfigKeys (ConfUtils.java:logGet(43)) - raft.server.log.segment.size.max = 1048576 (custom)
2019-10-24 13:25:35,279 [pool-37-thread-1] INFO  segmented.SegmentedRaftLogWorker (SegmentedRaftLogWorker.java:lambda$new$0(128)) - 6e90e31a-7849-4a98-b31c-06f2da08fbb3@group-7CFE476639A9-SegmentedRaftLogWorker: flushIndex: setUnconditionally 0 -> -1
2019-10-24 13:25:35,279 [pool-47-thread-1] INFO  server.RaftServerConfigKeys (ConfUtils.java:logGet(43)) - raft.server.log.preallocated.size = 16384 (custom)
2019-10-24 13:25:35,279 [pool-27-thread-1] INFO  server.RaftServerConfigKeys (ConfUtils.java:logGet(43)) - raft.server.log.queue.element-limit = 1024 (custom)
2019-10-24 13:25:35,279 [pool-47-thread-1] INFO  server.RaftServerConfigKeys (ConfUtils.java:logGet(43)) - raft.server.log.write.buffer.size = 33554432 (custom)
2019-10-24 13:25:35,279 [pool-27-thread-1] INFO  server.RaftServerConfigKeys (ConfUtils.java:logGet(43)) - raft.server.log.segment.size.max = 1048576 (custom)
2019-10-24 13:25:35,279 [pool-37-thread-1] INFO  server.RaftServerConfigKeys (ConfUtils.java:logGet(43)) - raft.server.snapshot.auto.trigger.enabled = true (custom)
2019-10-24 13:25:35,280 [pool-27-thread-1] INFO  server.RaftServerConfigKeys (ConfUtils.java:logGet(43)) - raft.server.log.preallocated.size = 16384 (custom)
2019-10-24 13:25:35,280 [pool-47-thread-1] INFO  server.RaftServerConfigKeys (ConfUtils.java:logGet(43)) - raft.server.log.force.sync.num = 128 (default)
2019-10-24 13:25:35,280 [pool-27-thread-1] INFO  server.RaftServerConfigKeys (ConfUtils.java:logGet(43)) - raft.server.log.write.buffer.size = 33554432 (custom)
2019-10-24 13:25:35,280 [pool-37-thread-1] INFO  server.RaftServerConfigKeys (ConfUtils.java:logGet(43)) - raft.server.snapshot.auto.trigger.threshold = 10000 (custom)
2019-10-24 13:25:35,280 [pool-27-thread-1] INFO  server.RaftServerConfigKeys (ConfUtils.java:logGet(43)) - raft.server.log.force.sync.num = 128 (default)
2019-10-24 13:25:35,280 [pool-47-thread-1] INFO  server.RaftServerConfigKeys (ConfUtils.java:logGet(43)) - raft.server.log.statemachine.data.sync = true (default)
2019-10-24 13:25:35,281 [pool-27-thread-1] INFO  server.RaftServerConfigKeys (ConfUtils.java:logGet(43)) - raft.server.log.statemachine.data.sync = true (default)
2019-10-24 13:25:35,281 [pool-37-thread-1] INFO  server.RaftServerConfigKeys (ConfUtils.java:logGet(43)) - raft.server.snapshot.retention.file.num = 5 (custom)
2019-10-24 13:25:35,281 [pool-27-thread-1] INFO  server.RaftServerConfigKeys (ConfUtils.java:logGet(43)) - raft.server.log.statemachine.data.sync.timeout = 10s (default)
2019-10-24 13:25:35,281 [pool-47-thread-1] INFO  server.RaftServerConfigKeys (ConfUtils.java:logGet(43)) - raft.server.log.statemachine.data.sync.timeout = 10s (default)
2019-10-24 13:25:35,281 [pool-27-thread-1] INFO  server.RaftServerConfigKeys (ConfUtils.java:logGet(43)) - raft.server.log.statemachine.data.sync.timeout.retry = -1 (default)
2019-10-24 13:25:35,281 [pool-37-thread-1] INFO  server.RaftServerConfigKeys (ConfUtils.java:logGet(43)) - raft.server.retrycache.expirytime = 600000ms (custom)
2019-10-24 13:25:35,282 [pool-47-thread-1] INFO  server.RaftServerConfigKeys (ConfUtils.java:logGet(43)) - raft.server.log.statemachine.data.sync.timeout.retry = -1 (default)
2019-10-24 13:25:35,282 [pool-37-thread-1] WARN  impl.MetricRegistriesImpl (MetricRegistriesImpl.java:lambda$create$1(61)) - First MetricRegistry has been created without registering reporters. You may need to call MetricRegistries.global().addReportRegistration(...) before.
2019-10-24 13:25:35,282 [pool-27-thread-1] INFO  server.RaftServerConfigKeys (ConfUtils.java:logGet(43)) - raft.server.log.statemachine.data.caching.enabled = true (custom)
2019-10-24 13:25:35,282 [pool-37-thread-1] WARN  impl.MetricRegistriesImpl (MetricRegistriesImpl.java:lambda$create$1(61)) - First MetricRegistry has been created without registering reporters. You may need to call MetricRegistries.global().addReportRegistration(...) before.
2019-10-24 13:25:35,282 [pool-47-thread-1] INFO  server.RaftServerConfigKeys (ConfUtils.java:logGet(43)) - raft.server.log.statemachine.data.caching.enabled = true (custom)
2019-10-24 13:25:35,283 [pool-37-thread-1] INFO  impl.RaftServerImpl (RaftServerImpl.java:start(184)) - 6e90e31a-7849-4a98-b31c-06f2da08fbb3@group-7CFE476639A9: start as a follower, conf=-1: [6e90e31a-7849-4a98-b31c-06f2da08fbb3:192.168.34.46:35359, 40829da6-3885-407c-a088-456b651d4556:192.168.34.46:34308, 01d98fa9-b286-41ba-84b0-dae26651fa1e:192.168.34.46:39012], old=null
2019-10-24 13:25:35,283 [pool-27-thread-1] INFO  segmented.SegmentedRaftLogWorker (SegmentedRaftLogWorker.java:lambda$new$0(128)) - 01d98fa9-b286-41ba-84b0-dae26651fa1e@group-7CFE476639A9-SegmentedRaftLogWorker: flushIndex: setUnconditionally 0 -> -1
2019-10-24 13:25:35,283 [pool-47-thread-1] INFO  segmented.SegmentedRaftLogWorker (SegmentedRaftLogWorker.java:lambda$new$0(128)) - 40829da6-3885-407c-a088-456b651d4556@group-7CFE476639A9-SegmentedRaftLogWorker: flushIndex: setUnconditionally 0 -> -1
2019-10-24 13:25:35,283 [pool-37-thread-1] INFO  impl.RaftServerImpl (RaftServerImpl.java:setRole(173)) - 6e90e31a-7849-4a98-b31c-06f2da08fbb3@group-7CFE476639A9: changes role from      null to FOLLOWER at term 0 for startAsFollower
2019-10-24 13:25:35,283 [pool-27-thread-1] INFO  server.RaftServerConfigKeys (ConfUtils.java:logGet(43)) - raft.server.snapshot.auto.trigger.enabled = true (custom)
2019-10-24 13:25:35,283 [pool-47-thread-1] INFO  server.RaftServerConfigKeys (ConfUtils.java:logGet(43)) - raft.server.snapshot.auto.trigger.enabled = true (custom)
2019-10-24 13:25:35,284 [pool-27-thread-1] INFO  server.RaftServerConfigKeys (ConfUtils.java:logGet(43)) - raft.server.snapshot.auto.trigger.threshold = 10000 (custom)
2019-10-24 13:25:35,284 [pool-37-thread-1] INFO  impl.RoleInfo (RoleInfo.java:updateAndGet(143)) - 6e90e31a-7849-4a98-b31c-06f2da08fbb3: start FollowerState
2019-10-24 13:25:35,284 [pool-27-thread-1] INFO  server.RaftServerConfigKeys (ConfUtils.java:logGet(43)) - raft.server.snapshot.retention.file.num = 5 (custom)
2019-10-24 13:25:35,284 [pool-47-thread-1] INFO  server.RaftServerConfigKeys (ConfUtils.java:logGet(43)) - raft.server.snapshot.auto.trigger.threshold = 10000 (custom)
2019-10-24 13:25:35,284 [pool-27-thread-1] INFO  server.RaftServerConfigKeys (ConfUtils.java:logGet(43)) - raft.server.retrycache.expirytime = 600000ms (custom)
2019-10-24 13:25:35,284 [pool-47-thread-1] INFO  server.RaftServerConfigKeys (ConfUtils.java:logGet(43)) - raft.server.snapshot.retention.file.num = 5 (custom)
2019-10-24 13:25:35,285 [pool-27-thread-1] WARN  impl.MetricRegistriesImpl (MetricRegistriesImpl.java:lambda$create$1(61)) - First MetricRegistry has been created without registering reporters. You may need to call MetricRegistries.global().addReportRegistration(...) before.
2019-10-24 13:25:35,284 [pool-37-thread-1] INFO  util.JmxRegister (JmxRegister.java:tryRegister(44)) - Successfully registered JMX Bean with object name Ratis:service=RaftServer,group=group-7CFE476639A9,id=6e90e31a-7849-4a98-b31c-06f2da08fbb3
2019-10-24 13:25:35,285 [pool-27-thread-1] WARN  impl.MetricRegistriesImpl (MetricRegistriesImpl.java:lambda$create$1(61)) - First MetricRegistry has been created without registering reporters. You may need to call MetricRegistries.global().addReportRegistration(...) before.
2019-10-24 13:25:35,285 [pool-47-thread-1] INFO  server.RaftServerConfigKeys (ConfUtils.java:logGet(43)) - raft.server.retrycache.expirytime = 600000ms (custom)
2019-10-24 13:25:35,285 [pool-37-thread-1] WARN  impl.MetricRegistriesImpl (MetricRegistriesImpl.java:lambda$create$1(61)) - First MetricRegistry has been created without registering reporters. You may need to call MetricRegistries.global().addReportRegistration(...) before.
2019-10-24 13:25:35,285 [pool-47-thread-1] WARN  impl.MetricRegistriesImpl (MetricRegistriesImpl.java:lambda$create$1(61)) - First MetricRegistry has been created without registering reporters. You may need to call MetricRegistries.global().addReportRegistration(...) before.
2019-10-24 13:25:35,285 [pool-27-thread-1] INFO  impl.RaftServerImpl (RaftServerImpl.java:start(184)) - 01d98fa9-b286-41ba-84b0-dae26651fa1e@group-7CFE476639A9: start as a follower, conf=-1: [6e90e31a-7849-4a98-b31c-06f2da08fbb3:192.168.34.46:35359, 40829da6-3885-407c-a088-456b651d4556:192.168.34.46:34308, 01d98fa9-b286-41ba-84b0-dae26651fa1e:192.168.34.46:39012], old=null
2019-10-24 13:25:35,286 [pool-47-thread-1] WARN  impl.MetricRegistriesImpl (MetricRegistriesImpl.java:lambda$create$1(61)) - First MetricRegistry has been created without registering reporters. You may need to call MetricRegistries.global().addReportRegistration(...) before.
2019-10-24 13:25:35,286 [pool-27-thread-1] INFO  impl.RaftServerImpl (RaftServerImpl.java:setRole(173)) - 01d98fa9-b286-41ba-84b0-dae26651fa1e@group-7CFE476639A9: changes role from      null to FOLLOWER at term 0 for startAsFollower
2019-10-24 13:25:35,286 [pool-47-thread-1] INFO  impl.RaftServerImpl (RaftServerImpl.java:start(184)) - 40829da6-3885-407c-a088-456b651d4556@group-7CFE476639A9: start as a follower, conf=-1: [6e90e31a-7849-4a98-b31c-06f2da08fbb3:192.168.34.46:35359, 40829da6-3885-407c-a088-456b651d4556:192.168.34.46:34308, 01d98fa9-b286-41ba-84b0-dae26651fa1e:192.168.34.46:39012], old=null
2019-10-24 13:25:35,286 [pool-27-thread-1] INFO  impl.RoleInfo (RoleInfo.java:updateAndGet(143)) - 01d98fa9-b286-41ba-84b0-dae26651fa1e: start FollowerState
2019-10-24 13:25:35,286 [pool-47-thread-1] INFO  impl.RaftServerImpl (RaftServerImpl.java:setRole(173)) - 40829da6-3885-407c-a088-456b651d4556@group-7CFE476639A9: changes role from      null to FOLLOWER at term 0 for startAsFollower
2019-10-24 13:25:35,286 [pool-47-thread-1] INFO  impl.RoleInfo (RoleInfo.java:updateAndGet(143)) - 40829da6-3885-407c-a088-456b651d4556: start FollowerState
2019-10-24 13:25:35,287 [pool-27-thread-1] INFO  util.JmxRegister (JmxRegister.java:tryRegister(44)) - Successfully registered JMX Bean with object name Ratis:service=RaftServer,group=group-7CFE476639A9,id=01d98fa9-b286-41ba-84b0-dae26651fa1e
2019-10-24 13:25:35,288 [pool-27-thread-1] WARN  impl.MetricRegistriesImpl (MetricRegistriesImpl.java:lambda$create$1(61)) - First MetricRegistry has been created without registering reporters. You may need to call MetricRegistries.global().addReportRegistration(...) before.
2019-10-24 13:25:35,288 [pool-47-thread-1] INFO  util.JmxRegister (JmxRegister.java:tryRegister(44)) - Successfully registered JMX Bean with object name Ratis:service=RaftServer,group=group-7CFE476639A9,id=40829da6-3885-407c-a088-456b651d4556
2019-10-24 13:25:35,289 [pool-47-thread-1] WARN  impl.MetricRegistriesImpl (MetricRegistriesImpl.java:lambda$create$1(61)) - First MetricRegistry has been created without registering reporters. You may need to call MetricRegistries.global().addReportRegistration(...) before.
2019-10-24 13:25:35,312 [RatisPipelineUtilsThread] INFO  pipeline.PipelineStateManager (PipelineStateManager.java:addPipeline(56)) - Created pipeline Pipeline[ Id: 400d0dd0-f848-4ed7-b117-7cfe476639a9, Nodes: 01d98fa9-b286-41ba-84b0-dae26651fa1e{ip: 192.168.34.46, host: pr-hdds-2347-fq45t-3280797939, networkLocation: /default-rack, certSerialId: null}40829da6-3885-407c-a088-456b651d4556{ip: 192.168.34.46, host: pr-hdds-2347-fq45t-3280797939, networkLocation: /default-rack, certSerialId: null}6e90e31a-7849-4a98-b31c-06f2da08fbb3{ip: 192.168.34.46, host: pr-hdds-2347-fq45t-3280797939, networkLocation: /default-rack, certSerialId: null}, Type:RATIS, Factor:THREE, State:OPEN]
2019-10-24 13:25:35,440 [main] INFO  ozone.MiniOzoneClusterImpl (MiniOzoneClusterImpl.java:lambda$waitForClusterToBeReady$0(147)) - Cluster is ready. Got 3 of 3 DN Heartbeats.
2019-10-24 13:25:35,973 [main] INFO  rpc.RpcClient (RpcClient.java:createVolume(272)) - Creating Volume: testcontainerstatemachinefailures, with jenkins1000 as owner.
2019-10-24 13:25:36,081 [IPC Server handler 1 on 45220] INFO  volume.OMVolumeCreateRequest (OMVolumeCreateRequest.java:validateAndUpdateCache(193)) - created volume:testcontainerstatemachinefailures for user:jenkins1000
2019-10-24 13:25:36,130 [main] INFO  rpc.RpcClient (RpcClient.java:createBucket(411)) - Creating Bucket: testcontainerstatemachinefailures/testcontainerstatemachinefailures, with Versioning false and Storage Type set to DISK and Encryption set to false 
2019-10-24 13:25:36,634 [main] INFO  impl.MetricsSystemImpl (MetricsSystemImpl.java:init(158)) - XceiverClientMetrics metrics system started (again)
2019-10-24 13:25:37,325 [Thread-181] INFO  container.ReplicationManager (ReplicationManager.java:start(162)) - Starting Replication Monitor Thread.
2019-10-24 13:25:37,330 [ReplicationMonitor] INFO  container.ReplicationManager (ReplicationManager.java:run(225)) - Replication Monitor Thread took 3 milliseconds for processing 1 containers.
2019-10-24 13:25:40,102 [Thread-186] INFO  impl.FollowerState (FollowerState.java:run(111)) - 01d98fa9-b286-41ba-84b0-dae26651fa1e@group-9F4FE14F7A78-FollowerState: change to CANDIDATE, lastRpcTime:5153ms, electionTimeout:5152ms
2019-10-24 13:25:40,103 [Thread-189] INFO  impl.FollowerState (FollowerState.java:run(111)) - 40829da6-3885-407c-a088-456b651d4556@group-A64783552A00-FollowerState: change to CANDIDATE, lastRpcTime:5001ms, electionTimeout:5000ms
2019-10-24 13:25:40,104 [Thread-186] INFO  impl.RoleInfo (RoleInfo.java:shutdownFollowerState(121)) - 01d98fa9-b286-41ba-84b0-dae26651fa1e: shutdown FollowerState
2019-10-24 13:25:40,104 [Thread-189] INFO  impl.RoleInfo (RoleInfo.java:shutdownFollowerState(121)) - 40829da6-3885-407c-a088-456b651d4556: shutdown FollowerState
2019-10-24 13:25:40,105 [Thread-186] INFO  impl.RaftServerImpl (RaftServerImpl.java:setRole(173)) - 01d98fa9-b286-41ba-84b0-dae26651fa1e@group-9F4FE14F7A78: changes role from  FOLLOWER to CANDIDATE at term 0 for changeToCandidate
2019-10-24 13:25:40,105 [Thread-189] INFO  impl.RaftServerImpl (RaftServerImpl.java:setRole(173)) - 40829da6-3885-407c-a088-456b651d4556@group-A64783552A00: changes role from  FOLLOWER to CANDIDATE at term 0 for changeToCandidate
2019-10-24 13:25:40,110 [Thread-186] INFO  impl.RoleInfo (RoleInfo.java:updateAndGet(143)) - 01d98fa9-b286-41ba-84b0-dae26651fa1e: start LeaderElection
2019-10-24 13:25:40,110 [Thread-189] INFO  impl.RoleInfo (RoleInfo.java:updateAndGet(143)) - 40829da6-3885-407c-a088-456b651d4556: start LeaderElection
2019-10-24 13:25:40,128 [40829da6-3885-407c-a088-456b651d4556@group-A64783552A00-LeaderElection1] INFO  impl.LeaderElection (LeaderElection.java:askForVotes(178)) - 40829da6-3885-407c-a088-456b651d4556@group-A64783552A00-LeaderElection1: begin an election at term 1 for -1: [40829da6-3885-407c-a088-456b651d4556:192.168.34.46:34308], old=null
2019-10-24 13:25:40,128 [01d98fa9-b286-41ba-84b0-dae26651fa1e@group-9F4FE14F7A78-LeaderElection2] INFO  impl.LeaderElection (LeaderElection.java:askForVotes(178)) - 01d98fa9-b286-41ba-84b0-dae26651fa1e@group-9F4FE14F7A78-LeaderElection2: begin an election at term 1 for -1: [01d98fa9-b286-41ba-84b0-dae26651fa1e:192.168.34.46:39012], old=null
2019-10-24 13:25:40,134 [01d98fa9-b286-41ba-84b0-dae26651fa1e@group-9F4FE14F7A78-LeaderElection2] INFO  impl.RoleInfo (RoleInfo.java:shutdownLeaderElection(134)) - 01d98fa9-b286-41ba-84b0-dae26651fa1e: shutdown LeaderElection
2019-10-24 13:25:40,134 [40829da6-3885-407c-a088-456b651d4556@group-A64783552A00-LeaderElection1] INFO  impl.RoleInfo (RoleInfo.java:shutdownLeaderElection(134)) - 40829da6-3885-407c-a088-456b651d4556: shutdown LeaderElection
2019-10-24 13:25:40,134 [01d98fa9-b286-41ba-84b0-dae26651fa1e@group-9F4FE14F7A78-LeaderElection2] INFO  impl.RaftServerImpl (RaftServerImpl.java:setRole(173)) - 01d98fa9-b286-41ba-84b0-dae26651fa1e@group-9F4FE14F7A78: changes role from CANDIDATE to LEADER at term 1 for changeToLeader
2019-10-24 13:25:40,134 [40829da6-3885-407c-a088-456b651d4556@group-A64783552A00-LeaderElection1] INFO  impl.RaftServerImpl (RaftServerImpl.java:setRole(173)) - 40829da6-3885-407c-a088-456b651d4556@group-A64783552A00: changes role from CANDIDATE to LEADER at term 1 for changeToLeader
2019-10-24 13:25:40,134 [01d98fa9-b286-41ba-84b0-dae26651fa1e@group-9F4FE14F7A78-LeaderElection2] INFO  impl.RaftServerImpl (ServerState.java:setLeader(255)) - 01d98fa9-b286-41ba-84b0-dae26651fa1e@group-9F4FE14F7A78: change Leader from null to 01d98fa9-b286-41ba-84b0-dae26651fa1e at term 1 for becomeLeader, leader elected after 5257ms
2019-10-24 13:25:40,134 [40829da6-3885-407c-a088-456b651d4556@group-A64783552A00-LeaderElection1] INFO  impl.RaftServerImpl (ServerState.java:setLeader(255)) - 40829da6-3885-407c-a088-456b651d4556@group-A64783552A00: change Leader from null to 40829da6-3885-407c-a088-456b651d4556 at term 1 for becomeLeader, leader elected after 5039ms
2019-10-24 13:25:40,140 [40829da6-3885-407c-a088-456b651d4556@group-A64783552A00-LeaderElection1] INFO  server.RaftServerConfigKeys (ConfUtils.java:logGet(43)) - raft.server.staging.catchup.gap = 1000 (default)
2019-10-24 13:25:40,140 [01d98fa9-b286-41ba-84b0-dae26651fa1e@group-9F4FE14F7A78-LeaderElection2] INFO  server.RaftServerConfigKeys (ConfUtils.java:logGet(43)) - raft.server.staging.catchup.gap = 1000 (default)
2019-10-24 13:25:40,140 [40829da6-3885-407c-a088-456b651d4556@group-A64783552A00-LeaderElection1] INFO  server.RaftServerConfigKeys (ConfUtils.java:logGet(43)) - raft.server.rpc.sleep.time = 25ms (default)
2019-10-24 13:25:40,141 [01d98fa9-b286-41ba-84b0-dae26651fa1e@group-9F4FE14F7A78-LeaderElection2] INFO  server.RaftServerConfigKeys (ConfUtils.java:logGet(43)) - raft.server.rpc.sleep.time = 25ms (default)
2019-10-24 13:25:40,145 [40829da6-3885-407c-a088-456b651d4556@group-A64783552A00-LeaderElection1] INFO  server.RaftServerConfigKeys (ConfUtils.java:logGet(43)) - raft.server.write.element-limit = 4096 (default)
2019-10-24 13:25:40,145 [01d98fa9-b286-41ba-84b0-dae26651fa1e@group-9F4FE14F7A78-LeaderElection2] INFO  server.RaftServerConfigKeys (ConfUtils.java:logGet(43)) - raft.server.write.element-limit = 4096 (default)
2019-10-24 13:25:40,150 [40829da6-3885-407c-a088-456b651d4556@group-A64783552A00-LeaderElection1] INFO  server.RaftServerConfigKeys (ConfUtils.java:logGet(43)) - raft.server.watch.timeout = 10s (default)
2019-10-24 13:25:40,151 [01d98fa9-b286-41ba-84b0-dae26651fa1e@group-9F4FE14F7A78-LeaderElection2] INFO  server.RaftServerConfigKeys (ConfUtils.java:logGet(43)) - raft.server.watch.timeout = 10s (default)
2019-10-24 13:25:40,151 [40829da6-3885-407c-a088-456b651d4556@group-A64783552A00-LeaderElection1] INFO  server.RaftServerConfigKeys (ConfUtils.java:logGet(43)) - raft.server.watch.timeout.denomination = 1s (default)
2019-10-24 13:25:40,151 [01d98fa9-b286-41ba-84b0-dae26651fa1e@group-9F4FE14F7A78-LeaderElection2] INFO  server.RaftServerConfigKeys (ConfUtils.java:logGet(43)) - raft.server.watch.timeout.denomination = 1s (default)
2019-10-24 13:25:40,152 [40829da6-3885-407c-a088-456b651d4556@group-A64783552A00-LeaderElection1] INFO  server.RaftServerConfigKeys (ConfUtils.java:logGet(43)) - raft.server.watch.element-limit = 65536 (default)
2019-10-24 13:25:40,152 [01d98fa9-b286-41ba-84b0-dae26651fa1e@group-9F4FE14F7A78-LeaderElection2] INFO  server.RaftServerConfigKeys (ConfUtils.java:logGet(43)) - raft.server.watch.element-limit = 65536 (default)
2019-10-24 13:25:40,162 [40829da6-3885-407c-a088-456b651d4556@group-A64783552A00-LeaderElection1] INFO  impl.RoleInfo (RoleInfo.java:updateAndGet(143)) - 40829da6-3885-407c-a088-456b651d4556: start LeaderState
2019-10-24 13:25:40,162 [01d98fa9-b286-41ba-84b0-dae26651fa1e@group-9F4FE14F7A78-LeaderElection2] INFO  impl.RoleInfo (RoleInfo.java:updateAndGet(143)) - 01d98fa9-b286-41ba-84b0-dae26651fa1e: start LeaderState
2019-10-24 13:25:40,180 [40829da6-3885-407c-a088-456b651d4556@group-A64783552A00-LeaderElection1] INFO  segmented.SegmentedRaftLogWorker (SegmentedRaftLogWorker.java:startLogSegment(385)) - 40829da6-3885-407c-a088-456b651d4556@group-A64783552A00-SegmentedRaftLogWorker: Starting segment from index:0
2019-10-24 13:25:40,180 [01d98fa9-b286-41ba-84b0-dae26651fa1e@group-9F4FE14F7A78-LeaderElection2] INFO  segmented.SegmentedRaftLogWorker (SegmentedRaftLogWorker.java:startLogSegment(385)) - 01d98fa9-b286-41ba-84b0-dae26651fa1e@group-9F4FE14F7A78-SegmentedRaftLogWorker: Starting segment from index:0
2019-10-24 13:25:40,190 [40829da6-3885-407c-a088-456b651d4556@group-A64783552A00-LeaderElection1] INFO  impl.RaftServerImpl (ServerState.java:setRaftConf(356)) - 40829da6-3885-407c-a088-456b651d4556@group-A64783552A00: set configuration 0: [40829da6-3885-407c-a088-456b651d4556:192.168.34.46:34308], old=null at 0
2019-10-24 13:25:40,190 [01d98fa9-b286-41ba-84b0-dae26651fa1e@group-9F4FE14F7A78-LeaderElection2] INFO  impl.RaftServerImpl (ServerState.java:setRaftConf(356)) - 01d98fa9-b286-41ba-84b0-dae26651fa1e@group-9F4FE14F7A78: set configuration 0: [01d98fa9-b286-41ba-84b0-dae26651fa1e:192.168.34.46:39012], old=null at 0
2019-10-24 13:25:40,307 [Thread-199] INFO  impl.FollowerState (FollowerState.java:run(111)) - 01d98fa9-b286-41ba-84b0-dae26651fa1e@group-7CFE476639A9-FollowerState: change to CANDIDATE, lastRpcTime:5020ms, electionTimeout:5020ms
2019-10-24 13:25:40,307 [Thread-199] INFO  impl.RoleInfo (RoleInfo.java:shutdownFollowerState(121)) - 01d98fa9-b286-41ba-84b0-dae26651fa1e: shutdown FollowerState
2019-10-24 13:25:40,307 [Thread-199] INFO  impl.RaftServerImpl (RaftServerImpl.java:setRole(173)) - 01d98fa9-b286-41ba-84b0-dae26651fa1e@group-7CFE476639A9: changes role from  FOLLOWER to CANDIDATE at term 0 for changeToCandidate
2019-10-24 13:25:40,307 [Thread-199] INFO  impl.RoleInfo (RoleInfo.java:updateAndGet(143)) - 01d98fa9-b286-41ba-84b0-dae26651fa1e: start LeaderElection
2019-10-24 13:25:40,323 [01d98fa9-b286-41ba-84b0-dae26651fa1e@group-7CFE476639A9-LeaderElection3] INFO  impl.LeaderElection (LeaderElection.java:askForVotes(178)) - 01d98fa9-b286-41ba-84b0-dae26651fa1e@group-7CFE476639A9-LeaderElection3: begin an election at term 1 for -1: [6e90e31a-7849-4a98-b31c-06f2da08fbb3:192.168.34.46:35359, 40829da6-3885-407c-a088-456b651d4556:192.168.34.46:34308, 01d98fa9-b286-41ba-84b0-dae26651fa1e:192.168.34.46:39012], old=null
2019-10-24 13:25:40,324 [Thread-200] INFO  impl.FollowerState (FollowerState.java:run(111)) - 40829da6-3885-407c-a088-456b651d4556@group-7CFE476639A9-FollowerState: change to CANDIDATE, lastRpcTime:5037ms, electionTimeout:5036ms
2019-10-24 13:25:40,324 [Thread-200] INFO  impl.RoleInfo (RoleInfo.java:shutdownFollowerState(121)) - 40829da6-3885-407c-a088-456b651d4556: shutdown FollowerState
2019-10-24 13:25:40,324 [Thread-200] INFO  impl.RaftServerImpl (RaftServerImpl.java:setRole(173)) - 40829da6-3885-407c-a088-456b651d4556@group-7CFE476639A9: changes role from  FOLLOWER to CANDIDATE at term 0 for changeToCandidate
2019-10-24 13:25:40,325 [Thread-195] INFO  impl.FollowerState (FollowerState.java:run(111)) - 6e90e31a-7849-4a98-b31c-06f2da08fbb3@group-7CFE476639A9-FollowerState: change to CANDIDATE, lastRpcTime:5041ms, electionTimeout:5040ms
2019-10-24 13:25:40,325 [Thread-200] INFO  impl.RoleInfo (RoleInfo.java:updateAndGet(143)) - 40829da6-3885-407c-a088-456b651d4556: start LeaderElection
2019-10-24 13:25:40,325 [Thread-195] INFO  impl.RoleInfo (RoleInfo.java:shutdownFollowerState(121)) - 6e90e31a-7849-4a98-b31c-06f2da08fbb3: shutdown FollowerState
2019-10-24 13:25:40,326 [Thread-195] INFO  impl.RaftServerImpl (RaftServerImpl.java:setRole(173)) - 6e90e31a-7849-4a98-b31c-06f2da08fbb3@group-7CFE476639A9: changes role from  FOLLOWER to CANDIDATE at term 0 for changeToCandidate
2019-10-24 13:25:40,327 [Thread-195] INFO  impl.RoleInfo (RoleInfo.java:updateAndGet(143)) - 6e90e31a-7849-4a98-b31c-06f2da08fbb3: start LeaderElection
2019-10-24 13:25:40,368 [Thread-192] INFO  impl.FollowerState (FollowerState.java:run(111)) - 6e90e31a-7849-4a98-b31c-06f2da08fbb3@group-BFD5C1DA76D3-FollowerState: change to CANDIDATE, lastRpcTime:5174ms, electionTimeout:5157ms
2019-10-24 13:25:40,368 [6e90e31a-7849-4a98-b31c-06f2da08fbb3@group-7CFE476639A9-LeaderElection5] INFO  impl.LeaderElection (LeaderElection.java:askForVotes(178)) - 6e90e31a-7849-4a98-b31c-06f2da08fbb3@group-7CFE476639A9-LeaderElection5: begin an election at term 1 for -1: [6e90e31a-7849-4a98-b31c-06f2da08fbb3:192.168.34.46:35359, 40829da6-3885-407c-a088-456b651d4556:192.168.34.46:34308, 01d98fa9-b286-41ba-84b0-dae26651fa1e:192.168.34.46:39012], old=null
2019-10-24 13:25:40,368 [40829da6-3885-407c-a088-456b651d4556@group-7CFE476639A9-LeaderElection4] INFO  impl.LeaderElection (LeaderElection.java:askForVotes(178)) - 40829da6-3885-407c-a088-456b651d4556@group-7CFE476639A9-LeaderElection4: begin an election at term 1 for -1: [6e90e31a-7849-4a98-b31c-06f2da08fbb3:192.168.34.46:35359, 40829da6-3885-407c-a088-456b651d4556:192.168.34.46:34308, 01d98fa9-b286-41ba-84b0-dae26651fa1e:192.168.34.46:39012], old=null
2019-10-24 13:25:40,368 [Thread-192] INFO  impl.RoleInfo (RoleInfo.java:shutdownFollowerState(121)) - 6e90e31a-7849-4a98-b31c-06f2da08fbb3: shutdown FollowerState
2019-10-24 13:25:40,369 [Thread-192] INFO  impl.RaftServerImpl (RaftServerImpl.java:setRole(173)) - 6e90e31a-7849-4a98-b31c-06f2da08fbb3@group-BFD5C1DA76D3: changes role from  FOLLOWER to CANDIDATE at term 0 for changeToCandidate
2019-10-24 13:25:40,370 [Thread-192] INFO  impl.RoleInfo (RoleInfo.java:updateAndGet(143)) - 6e90e31a-7849-4a98-b31c-06f2da08fbb3: start LeaderElection
2019-10-24 13:25:40,389 [01d98fa9-b286-41ba-84b0-dae26651fa1e@group-9F4FE14F7A78-SegmentedRaftLogWorker] INFO  segmented.SegmentedRaftLogWorker (SegmentedRaftLogWorker.java:execute(576)) - 01d98fa9-b286-41ba-84b0-dae26651fa1e@group-9F4FE14F7A78-SegmentedRaftLogWorker: created new log segment /workdir/hadoop-ozone/integration-test/target/test-dir/MiniOzoneClusterImpl-31b5e583-27d6-476b-b511-7b0983ad9e8c/datanode-0/data/ratis/60a79105-df05-49cb-b86c-9f4fe14f7a78/current/log_inprogress_0
2019-10-24 13:25:40,389 [6e90e31a-7849-4a98-b31c-06f2da08fbb3@group-BFD5C1DA76D3-LeaderElection6] INFO  impl.LeaderElection (LeaderElection.java:askForVotes(178)) - 6e90e31a-7849-4a98-b31c-06f2da08fbb3@group-BFD5C1DA76D3-LeaderElection6: begin an election at term 1 for -1: [6e90e31a-7849-4a98-b31c-06f2da08fbb3:192.168.34.46:35359], old=null
2019-10-24 13:25:40,389 [40829da6-3885-407c-a088-456b651d4556@group-A64783552A00-SegmentedRaftLogWorker] INFO  segmented.SegmentedRaftLogWorker (SegmentedRaftLogWorker.java:execute(576)) - 40829da6-3885-407c-a088-456b651d4556@group-A64783552A00-SegmentedRaftLogWorker: created new log segment /workdir/hadoop-ozone/integration-test/target/test-dir/MiniOzoneClusterImpl-31b5e583-27d6-476b-b511-7b0983ad9e8c/datanode-2/data/ratis/ec8b2a5c-0383-4ab8-92e4-a64783552a00/current/log_inprogress_0
2019-10-24 13:25:40,389 [6e90e31a-7849-4a98-b31c-06f2da08fbb3@group-BFD5C1DA76D3-LeaderElection6] INFO  impl.RoleInfo (RoleInfo.java:shutdownLeaderElection(134)) - 6e90e31a-7849-4a98-b31c-06f2da08fbb3: shutdown LeaderElection
2019-10-24 13:25:40,391 [6e90e31a-7849-4a98-b31c-06f2da08fbb3@group-BFD5C1DA76D3-LeaderElection6] INFO  impl.RaftServerImpl (RaftServerImpl.java:setRole(173)) - 6e90e31a-7849-4a98-b31c-06f2da08fbb3@group-BFD5C1DA76D3: changes role from CANDIDATE to LEADER at term 1 for changeToLeader
2019-10-24 13:25:40,391 [6e90e31a-7849-4a98-b31c-06f2da08fbb3@group-BFD5C1DA76D3-LeaderElection6] INFO  impl.RaftServerImpl (ServerState.java:setLeader(255)) - 6e90e31a-7849-4a98-b31c-06f2da08fbb3@group-BFD5C1DA76D3: change Leader from null to 6e90e31a-7849-4a98-b31c-06f2da08fbb3 at term 1 for becomeLeader, leader elected after 5202ms
2019-10-24 13:25:40,391 [6e90e31a-7849-4a98-b31c-06f2da08fbb3@group-BFD5C1DA76D3-LeaderElection6] INFO  server.RaftServerConfigKeys (ConfUtils.java:logGet(43)) - raft.server.staging.catchup.gap = 1000 (default)
2019-10-24 13:25:40,391 [6e90e31a-7849-4a98-b31c-06f2da08fbb3@group-BFD5C1DA76D3-LeaderElection6] INFO  server.RaftServerConfigKeys (ConfUtils.java:logGet(43)) - raft.server.rpc.sleep.time = 25ms (default)
2019-10-24 13:25:40,391 [6e90e31a-7849-4a98-b31c-06f2da08fbb3@group-BFD5C1DA76D3-LeaderElection6] INFO  server.RaftServerConfigKeys (ConfUtils.java:logGet(43)) - raft.server.write.element-limit = 4096 (default)
2019-10-24 13:25:40,394 [6e90e31a-7849-4a98-b31c-06f2da08fbb3@group-BFD5C1DA76D3-LeaderElection6] INFO  server.RaftServerConfigKeys (ConfUtils.java:logGet(43)) - raft.server.watch.timeout = 10s (default)
2019-10-24 13:25:40,394 [6e90e31a-7849-4a98-b31c-06f2da08fbb3@group-BFD5C1DA76D3-LeaderElection6] INFO  server.RaftServerConfigKeys (ConfUtils.java:logGet(43)) - raft.server.watch.timeout.denomination = 1s (default)
2019-10-24 13:25:40,395 [6e90e31a-7849-4a98-b31c-06f2da08fbb3@group-BFD5C1DA76D3-LeaderElection6] INFO  server.RaftServerConfigKeys (ConfUtils.java:logGet(43)) - raft.server.watch.element-limit = 65536 (default)
2019-10-24 13:25:40,396 [6e90e31a-7849-4a98-b31c-06f2da08fbb3@group-BFD5C1DA76D3-LeaderElection6] INFO  impl.RoleInfo (RoleInfo.java:updateAndGet(143)) - 6e90e31a-7849-4a98-b31c-06f2da08fbb3: start LeaderState
2019-10-24 13:25:40,396 [6e90e31a-7849-4a98-b31c-06f2da08fbb3@group-BFD5C1DA76D3-LeaderElection6] INFO  segmented.SegmentedRaftLogWorker (SegmentedRaftLogWorker.java:startLogSegment(385)) - 6e90e31a-7849-4a98-b31c-06f2da08fbb3@group-BFD5C1DA76D3-SegmentedRaftLogWorker: Starting segment from index:0
2019-10-24 13:25:40,396 [6e90e31a-7849-4a98-b31c-06f2da08fbb3@group-BFD5C1DA76D3-LeaderElection6] INFO  impl.RaftServerImpl (ServerState.java:setRaftConf(356)) - 6e90e31a-7849-4a98-b31c-06f2da08fbb3@group-BFD5C1DA76D3: set configuration 0: [6e90e31a-7849-4a98-b31c-06f2da08fbb3:192.168.34.46:35359], old=null at 0
2019-10-24 13:25:40,441 [6e90e31a-7849-4a98-b31c-06f2da08fbb3@group-BFD5C1DA76D3-SegmentedRaftLogWorker] INFO  segmented.SegmentedRaftLogWorker (SegmentedRaftLogWorker.java:execute(576)) - 6e90e31a-7849-4a98-b31c-06f2da08fbb3@group-BFD5C1DA76D3-SegmentedRaftLogWorker: created new log segment /workdir/hadoop-ozone/integration-test/target/test-dir/MiniOzoneClusterImpl-31b5e583-27d6-476b-b511-7b0983ad9e8c/datanode-1/data/ratis/811ace29-6efa-4aa4-99f3-bfd5c1da76d3/current/log_inprogress_0
2019-10-24 13:25:40,451 [6e90e31a-7849-4a98-b31c-06f2da08fbb3@group-7CFE476639A9-LeaderElection5] INFO  impl.LeaderElection (LeaderElection.java:logAndReturn(56)) - 6e90e31a-7849-4a98-b31c-06f2da08fbb3@group-7CFE476639A9-LeaderElection5: Election REJECTED; received 2 response(s) [6e90e31a-7849-4a98-b31c-06f2da08fbb3<-40829da6-3885-407c-a088-456b651d4556#0:FAIL-t1, 6e90e31a-7849-4a98-b31c-06f2da08fbb3<-01d98fa9-b286-41ba-84b0-dae26651fa1e#0:FAIL-t1] and 0 exception(s); 6e90e31a-7849-4a98-b31c-06f2da08fbb3@group-7CFE476639A9:t1, leader=null, voted=6e90e31a-7849-4a98-b31c-06f2da08fbb3, raftlog=6e90e31a-7849-4a98-b31c-06f2da08fbb3@group-7CFE476639A9-SegmentedRaftLog:OPENED:c-1,f-1,i0, conf=-1: [6e90e31a-7849-4a98-b31c-06f2da08fbb3:192.168.34.46:35359, 40829da6-3885-407c-a088-456b651d4556:192.168.34.46:34308, 01d98fa9-b286-41ba-84b0-dae26651fa1e:192.168.34.46:39012], old=null
2019-10-24 13:25:40,452 [01d98fa9-b286-41ba-84b0-dae26651fa1e@group-7CFE476639A9-LeaderElection3] INFO  impl.LeaderElection (LeaderElection.java:logAndReturn(56)) - 01d98fa9-b286-41ba-84b0-dae26651fa1e@group-7CFE476639A9-LeaderElection3: Election REJECTED; received 2 response(s) [01d98fa9-b286-41ba-84b0-dae26651fa1e<-6e90e31a-7849-4a98-b31c-06f2da08fbb3#0:FAIL-t1, 01d98fa9-b286-41ba-84b0-dae26651fa1e<-40829da6-3885-407c-a088-456b651d4556#0:FAIL-t1] and 0 exception(s); 01d98fa9-b286-41ba-84b0-dae26651fa1e@group-7CFE476639A9:t1, leader=null, voted=01d98fa9-b286-41ba-84b0-dae26651fa1e, raftlog=01d98fa9-b286-41ba-84b0-dae26651fa1e@group-7CFE476639A9-SegmentedRaftLog:OPENED:c-1,f-1,i0, conf=-1: [6e90e31a-7849-4a98-b31c-06f2da08fbb3:192.168.34.46:35359, 40829da6-3885-407c-a088-456b651d4556:192.168.34.46:34308, 01d98fa9-b286-41ba-84b0-dae26651fa1e:192.168.34.46:39012], old=null
2019-10-24 13:25:40,452 [40829da6-3885-407c-a088-456b651d4556@group-7CFE476639A9-LeaderElection4] INFO  impl.LeaderElection (LeaderElection.java:logAndReturn(56)) - 40829da6-3885-407c-a088-456b651d4556@group-7CFE476639A9-LeaderElection4: Election REJECTED; received 2 response(s) [40829da6-3885-407c-a088-456b651d4556<-6e90e31a-7849-4a98-b31c-06f2da08fbb3#0:FAIL-t1, 40829da6-3885-407c-a088-456b651d4556<-01d98fa9-b286-41ba-84b0-dae26651fa1e#0:FAIL-t1] and 0 exception(s); 40829da6-3885-407c-a088-456b651d4556@group-7CFE476639A9:t1, leader=null, voted=40829da6-3885-407c-a088-456b651d4556, raftlog=40829da6-3885-407c-a088-456b651d4556@group-7CFE476639A9-SegmentedRaftLog:OPENED:c-1,f-1,i0, conf=-1: [6e90e31a-7849-4a98-b31c-06f2da08fbb3:192.168.34.46:35359, 40829da6-3885-407c-a088-456b651d4556:192.168.34.46:34308, 01d98fa9-b286-41ba-84b0-dae26651fa1e:192.168.34.46:39012], old=null
2019-10-24 13:25:40,456 [6e90e31a-7849-4a98-b31c-06f2da08fbb3@group-7CFE476639A9-LeaderElection5] INFO  impl.RaftServerImpl (RaftServerImpl.java:setRole(173)) - 6e90e31a-7849-4a98-b31c-06f2da08fbb3@group-7CFE476639A9: changes role from CANDIDATE to FOLLOWER at term 1 for DISCOVERED_A_NEW_TERM
2019-10-24 13:25:40,458 [40829da6-3885-407c-a088-456b651d4556@group-7CFE476639A9-LeaderElection4] INFO  impl.RaftServerImpl (RaftServerImpl.java:setRole(173)) - 40829da6-3885-407c-a088-456b651d4556@group-7CFE476639A9: changes role from CANDIDATE to FOLLOWER at term 1 for DISCOVERED_A_NEW_TERM
2019-10-24 13:25:40,458 [01d98fa9-b286-41ba-84b0-dae26651fa1e@group-7CFE476639A9-LeaderElection3] INFO  impl.RaftServerImpl (RaftServerImpl.java:setRole(173)) - 01d98fa9-b286-41ba-84b0-dae26651fa1e@group-7CFE476639A9: changes role from CANDIDATE to FOLLOWER at term 1 for DISCOVERED_A_NEW_TERM
2019-10-24 13:25:40,459 [40829da6-3885-407c-a088-456b651d4556@group-7CFE476639A9-LeaderElection4] INFO  impl.RoleInfo (RoleInfo.java:shutdownLeaderElection(134)) - 40829da6-3885-407c-a088-456b651d4556: shutdown LeaderElection
2019-10-24 13:25:40,458 [6e90e31a-7849-4a98-b31c-06f2da08fbb3@group-7CFE476639A9-LeaderElection5] INFO  impl.RoleInfo (RoleInfo.java:shutdownLeaderElection(134)) - 6e90e31a-7849-4a98-b31c-06f2da08fbb3: shutdown LeaderElection
2019-10-24 13:25:40,459 [01d98fa9-b286-41ba-84b0-dae26651fa1e@group-7CFE476639A9-LeaderElection3] INFO  impl.RoleInfo (RoleInfo.java:shutdownLeaderElection(134)) - 01d98fa9-b286-41ba-84b0-dae26651fa1e: shutdown LeaderElection
2019-10-24 13:25:40,459 [40829da6-3885-407c-a088-456b651d4556@group-7CFE476639A9-LeaderElection4] INFO  impl.RoleInfo (RoleInfo.java:updateAndGet(143)) - 40829da6-3885-407c-a088-456b651d4556: start FollowerState
2019-10-24 13:25:40,460 [01d98fa9-b286-41ba-84b0-dae26651fa1e@group-7CFE476639A9-LeaderElection3] INFO  impl.RoleInfo (RoleInfo.java:updateAndGet(143)) - 01d98fa9-b286-41ba-84b0-dae26651fa1e: start FollowerState
2019-10-24 13:25:40,460 [6e90e31a-7849-4a98-b31c-06f2da08fbb3@group-7CFE476639A9-LeaderElection5] INFO  impl.RoleInfo (RoleInfo.java:updateAndGet(143)) - 6e90e31a-7849-4a98-b31c-06f2da08fbb3: start FollowerState
2019-10-24 13:25:45,503 [Thread-246] INFO  impl.FollowerState (FollowerState.java:run(111)) - 40829da6-3885-407c-a088-456b651d4556@group-7CFE476639A9-FollowerState: change to CANDIDATE, lastRpcTime:5043ms, electionTimeout:5043ms
2019-10-24 13:25:45,503 [Thread-246] INFO  impl.RoleInfo (RoleInfo.java:shutdownFollowerState(121)) - 40829da6-3885-407c-a088-456b651d4556: shutdown FollowerState
2019-10-24 13:25:45,504 [Thread-246] INFO  impl.RaftServerImpl (RaftServerImpl.java:setRole(173)) - 40829da6-3885-407c-a088-456b651d4556@group-7CFE476639A9: changes role from  FOLLOWER to CANDIDATE at term 1 for changeToCandidate
2019-10-24 13:25:45,504 [Thread-246] INFO  impl.RoleInfo (RoleInfo.java:updateAndGet(143)) - 40829da6-3885-407c-a088-456b651d4556: start LeaderElection
2019-10-24 13:25:45,519 [40829da6-3885-407c-a088-456b651d4556@group-7CFE476639A9-LeaderElection7] INFO  impl.LeaderElection (LeaderElection.java:askForVotes(178)) - 40829da6-3885-407c-a088-456b651d4556@group-7CFE476639A9-LeaderElection7: begin an election at term 2 for -1: [6e90e31a-7849-4a98-b31c-06f2da08fbb3:192.168.34.46:35359, 40829da6-3885-407c-a088-456b651d4556:192.168.34.46:34308, 01d98fa9-b286-41ba-84b0-dae26651fa1e:192.168.34.46:39012], old=null
2019-10-24 13:25:45,527 [grpc-default-executor-2] INFO  impl.RaftServerImpl (RaftServerImpl.java:setRole(173)) - 01d98fa9-b286-41ba-84b0-dae26651fa1e@group-7CFE476639A9: changes role from  FOLLOWER to FOLLOWER at term 2 for recognizeCandidate:40829da6-3885-407c-a088-456b651d4556
2019-10-24 13:25:45,527 [grpc-default-executor-2] INFO  impl.RoleInfo (RoleInfo.java:shutdownFollowerState(121)) - 01d98fa9-b286-41ba-84b0-dae26651fa1e: shutdown FollowerState
2019-10-24 13:25:45,527 [grpc-default-executor-0] INFO  impl.RaftServerImpl (RaftServerImpl.java:setRole(173)) - 6e90e31a-7849-4a98-b31c-06f2da08fbb3@group-7CFE476639A9: changes role from  FOLLOWER to FOLLOWER at term 2 for recognizeCandidate:40829da6-3885-407c-a088-456b651d4556
2019-10-24 13:25:45,527 [grpc-default-executor-2] INFO  impl.RoleInfo (RoleInfo.java:updateAndGet(143)) - 01d98fa9-b286-41ba-84b0-dae26651fa1e: start FollowerState
2019-10-24 13:25:45,527 [Thread-248] INFO  impl.FollowerState (FollowerState.java:run(120)) - 01d98fa9-b286-41ba-84b0-dae26651fa1e@group-7CFE476639A9-FollowerState was interrupted: java.lang.InterruptedException: sleep interrupted
2019-10-24 13:25:45,527 [grpc-default-executor-0] INFO  impl.RoleInfo (RoleInfo.java:shutdownFollowerState(121)) - 6e90e31a-7849-4a98-b31c-06f2da08fbb3: shutdown FollowerState
2019-10-24 13:25:45,528 [Thread-247] INFO  impl.FollowerState (FollowerState.java:run(120)) - 6e90e31a-7849-4a98-b31c-06f2da08fbb3@group-7CFE476639A9-FollowerState was interrupted: java.lang.InterruptedException: sleep interrupted
2019-10-24 13:25:45,528 [grpc-default-executor-0] INFO  impl.RoleInfo (RoleInfo.java:updateAndGet(143)) - 6e90e31a-7849-4a98-b31c-06f2da08fbb3: start FollowerState
2019-10-24 13:25:45,552 [40829da6-3885-407c-a088-456b651d4556@group-7CFE476639A9-LeaderElection7] INFO  impl.LeaderElection (LeaderElection.java:logAndReturn(56)) - 40829da6-3885-407c-a088-456b651d4556@group-7CFE476639A9-LeaderElection7: Election PASSED; received 1 response(s) [40829da6-3885-407c-a088-456b651d4556<-01d98fa9-b286-41ba-84b0-dae26651fa1e#0:OK-t2] and 0 exception(s); 40829da6-3885-407c-a088-456b651d4556@group-7CFE476639A9:t2, leader=null, voted=40829da6-3885-407c-a088-456b651d4556, raftlog=40829da6-3885-407c-a088-456b651d4556@group-7CFE476639A9-SegmentedRaftLog:OPENED:c-1,f-1,i0, conf=-1: [6e90e31a-7849-4a98-b31c-06f2da08fbb3:192.168.34.46:35359, 40829da6-3885-407c-a088-456b651d4556:192.168.34.46:34308, 01d98fa9-b286-41ba-84b0-dae26651fa1e:192.168.34.46:39012], old=null
2019-10-24 13:25:45,553 [40829da6-3885-407c-a088-456b651d4556@group-7CFE476639A9-LeaderElection7] INFO  impl.RoleInfo (RoleInfo.java:shutdownLeaderElection(134)) - 40829da6-3885-407c-a088-456b651d4556: shutdown LeaderElection
2019-10-24 13:25:45,554 [40829da6-3885-407c-a088-456b651d4556@group-7CFE476639A9-LeaderElection7] INFO  impl.RaftServerImpl (RaftServerImpl.java:setRole(173)) - 40829da6-3885-407c-a088-456b651d4556@group-7CFE476639A9: changes role from CANDIDATE to LEADER at term 2 for changeToLeader
2019-10-24 13:25:45,554 [40829da6-3885-407c-a088-456b651d4556@group-7CFE476639A9-LeaderElection7] INFO  impl.RaftServerImpl (ServerState.java:setLeader(255)) - 40829da6-3885-407c-a088-456b651d4556@group-7CFE476639A9: change Leader from null to 40829da6-3885-407c-a088-456b651d4556 at term 2 for becomeLeader, leader elected after 10281ms
2019-10-24 13:25:45,554 [40829da6-3885-407c-a088-456b651d4556@group-7CFE476639A9-LeaderElection7] INFO  server.RaftServerConfigKeys (ConfUtils.java:logGet(43)) - raft.server.staging.catchup.gap = 1000 (default)
2019-10-24 13:25:45,554 [40829da6-3885-407c-a088-456b651d4556@group-7CFE476639A9-LeaderElection7] INFO  server.RaftServerConfigKeys (ConfUtils.java:logGet(43)) - raft.server.rpc.sleep.time = 25ms (default)
2019-10-24 13:25:45,555 [40829da6-3885-407c-a088-456b651d4556@group-7CFE476639A9-LeaderElection7] INFO  server.RaftServerConfigKeys (ConfUtils.java:logGet(43)) - raft.server.write.element-limit = 4096 (default)
2019-10-24 13:25:45,555 [40829da6-3885-407c-a088-456b651d4556@group-7CFE476639A9-LeaderElection7] INFO  server.RaftServerConfigKeys (ConfUtils.java:logGet(43)) - raft.server.watch.timeout = 10s (default)
2019-10-24 13:25:45,555 [40829da6-3885-407c-a088-456b651d4556@group-7CFE476639A9-LeaderElection7] INFO  server.RaftServerConfigKeys (ConfUtils.java:logGet(43)) - raft.server.watch.timeout.denomination = 1s (default)
2019-10-24 13:25:45,555 [40829da6-3885-407c-a088-456b651d4556@group-7CFE476639A9-LeaderElection7] INFO  server.RaftServerConfigKeys (ConfUtils.java:logGet(43)) - raft.server.watch.element-limit = 65536 (default)
2019-10-24 13:25:45,559 [40829da6-3885-407c-a088-456b651d4556@group-7CFE476639A9-LeaderElection7] INFO  server.RaftServerConfigKeys (ConfUtils.java:logGet(43)) - raft.server.log.appender.snapshot.chunk.size.max = 16MB (=16777216) (default)
2019-10-24 13:25:45,559 [40829da6-3885-407c-a088-456b651d4556@group-7CFE476639A9-LeaderElection7] INFO  server.RaftServerConfigKeys (ConfUtils.java:logGet(43)) - raft.server.log.appender.buffer.byte-limit = 33554432 (custom)
2019-10-24 13:25:45,560 [40829da6-3885-407c-a088-456b651d4556@group-7CFE476639A9-LeaderElection7] INFO  server.RaftServerConfigKeys (ConfUtils.java:logGet(43)) - raft.server.log.appender.buffer.element-limit = 1 (custom)
2019-10-24 13:25:45,564 [40829da6-3885-407c-a088-456b651d4556@group-7CFE476639A9-LeaderElection7] INFO  grpc.GrpcConfigKeys$Server (ConfUtils.java:logGet(43)) - raft.grpc.server.leader.outstanding.appends.max = 128 (default)
2019-10-24 13:25:45,564 [40829da6-3885-407c-a088-456b651d4556@group-7CFE476639A9-LeaderElection7] INFO  server.RaftServerConfigKeys (ConfUtils.java:logGet(43)) - raft.server.rpc.request.timeout = 3000ms (default)
2019-10-24 13:25:45,564 [40829da6-3885-407c-a088-456b651d4556@group-7CFE476639A9-LeaderElection7] INFO  server.RaftServerConfigKeys (ConfUtils.java:logGet(43)) - raft.server.log.appender.install.snapshot.enabled = false (custom)
2019-10-24 13:25:45,566 [40829da6-3885-407c-a088-456b651d4556@group-7CFE476639A9-LeaderElection7] WARN  impl.MetricRegistriesImpl (MetricRegistriesImpl.java:lambda$create$1(61)) - First MetricRegistry has been created without registering reporters. You may need to call MetricRegistries.global().addReportRegistration(...) before.
2019-10-24 13:25:45,567 [40829da6-3885-407c-a088-456b651d4556@group-7CFE476639A9-LeaderElection7] INFO  server.RaftServerConfigKeys (ConfUtils.java:logGet(43)) - raft.server.log.appender.snapshot.chunk.size.max = 16MB (=16777216) (default)
2019-10-24 13:25:45,567 [40829da6-3885-407c-a088-456b651d4556@group-7CFE476639A9-LeaderElection7] INFO  server.RaftServerConfigKeys (ConfUtils.java:logGet(43)) - raft.server.log.appender.buffer.byte-limit = 33554432 (custom)
2019-10-24 13:25:45,567 [40829da6-3885-407c-a088-456b651d4556@group-7CFE476639A9-LeaderElection7] INFO  server.RaftServerConfigKeys (ConfUtils.java:logGet(43)) - raft.server.log.appender.buffer.element-limit = 1 (custom)
2019-10-24 13:25:45,567 [40829da6-3885-407c-a088-456b651d4556@group-7CFE476639A9-LeaderElection7] INFO  grpc.GrpcConfigKeys$Server (ConfUtils.java:logGet(43)) - raft.grpc.server.leader.outstanding.appends.max = 128 (default)
2019-10-24 13:25:45,568 [40829da6-3885-407c-a088-456b651d4556@group-7CFE476639A9-LeaderElection7] INFO  server.RaftServerConfigKeys (ConfUtils.java:logGet(43)) - raft.server.rpc.request.timeout = 3000ms (default)
2019-10-24 13:25:45,568 [40829da6-3885-407c-a088-456b651d4556@group-7CFE476639A9-LeaderElection7] INFO  server.RaftServerConfigKeys (ConfUtils.java:logGet(43)) - raft.server.log.appender.install.snapshot.enabled = false (custom)
2019-10-24 13:25:45,569 [40829da6-3885-407c-a088-456b651d4556@group-7CFE476639A9-LeaderElection7] INFO  impl.RoleInfo (RoleInfo.java:updateAndGet(143)) - 40829da6-3885-407c-a088-456b651d4556: start LeaderState
2019-10-24 13:25:45,569 [40829da6-3885-407c-a088-456b651d4556@group-7CFE476639A9-LeaderElection7] INFO  segmented.SegmentedRaftLogWorker (SegmentedRaftLogWorker.java:startLogSegment(385)) - 40829da6-3885-407c-a088-456b651d4556@group-7CFE476639A9-SegmentedRaftLogWorker: Starting segment from index:0
2019-10-24 13:25:45,570 [40829da6-3885-407c-a088-456b651d4556@group-7CFE476639A9-LeaderElection7] INFO  impl.RaftServerImpl (ServerState.java:setRaftConf(356)) - 40829da6-3885-407c-a088-456b651d4556@group-7CFE476639A9: set configuration 0: [6e90e31a-7849-4a98-b31c-06f2da08fbb3:192.168.34.46:35359, 40829da6-3885-407c-a088-456b651d4556:192.168.34.46:34308, 01d98fa9-b286-41ba-84b0-dae26651fa1e:192.168.34.46:39012], old=null at 0
2019-10-24 13:25:45,619 [40829da6-3885-407c-a088-456b651d4556@group-7CFE476639A9-SegmentedRaftLogWorker] INFO  segmented.SegmentedRaftLogWorker (SegmentedRaftLogWorker.java:execute(576)) - 40829da6-3885-407c-a088-456b651d4556@group-7CFE476639A9-SegmentedRaftLogWorker: created new log segment /workdir/hadoop-ozone/integration-test/target/test-dir/MiniOzoneClusterImpl-31b5e583-27d6-476b-b511-7b0983ad9e8c/datanode-2/data/ratis/400d0dd0-f848-4ed7-b117-7cfe476639a9/current/log_inprogress_0
2019-10-24 13:25:45,625 [grpc-default-executor-2] INFO  impl.RaftServerImpl (ServerState.java:setLeader(255)) - 6e90e31a-7849-4a98-b31c-06f2da08fbb3@group-7CFE476639A9: change Leader from null to 40829da6-3885-407c-a088-456b651d4556 at term 2 for appendEntries, leader elected after 10352ms
2019-10-24 13:25:45,625 [grpc-default-executor-0] INFO  impl.RaftServerImpl (ServerState.java:setLeader(255)) - 01d98fa9-b286-41ba-84b0-dae26651fa1e@group-7CFE476639A9: change Leader from null to 40829da6-3885-407c-a088-456b651d4556 at term 2 for appendEntries, leader elected after 10351ms
2019-10-24 13:25:45,651 [grpc-default-executor-2] INFO  impl.RaftServerImpl (ServerState.java:setRaftConf(356)) - 6e90e31a-7849-4a98-b31c-06f2da08fbb3@group-7CFE476639A9: set configuration 0: [6e90e31a-7849-4a98-b31c-06f2da08fbb3:192.168.34.46:35359, 40829da6-3885-407c-a088-456b651d4556:192.168.34.46:34308, 01d98fa9-b286-41ba-84b0-dae26651fa1e:192.168.34.46:39012], old=null at 0
2019-10-24 13:25:45,651 [grpc-default-executor-0] INFO  impl.RaftServerImpl (ServerState.java:setRaftConf(356)) - 01d98fa9-b286-41ba-84b0-dae26651fa1e@group-7CFE476639A9: set configuration 0: [6e90e31a-7849-4a98-b31c-06f2da08fbb3:192.168.34.46:35359, 40829da6-3885-407c-a088-456b651d4556:192.168.34.46:34308, 01d98fa9-b286-41ba-84b0-dae26651fa1e:192.168.34.46:39012], old=null at 0
2019-10-24 13:25:45,652 [grpc-default-executor-2] INFO  segmented.SegmentedRaftLogWorker (SegmentedRaftLogWorker.java:startLogSegment(385)) - 6e90e31a-7849-4a98-b31c-06f2da08fbb3@group-7CFE476639A9-SegmentedRaftLogWorker: Starting segment from index:0
2019-10-24 13:25:45,652 [grpc-default-executor-0] INFO  segmented.SegmentedRaftLogWorker (SegmentedRaftLogWorker.java:startLogSegment(385)) - 01d98fa9-b286-41ba-84b0-dae26651fa1e@group-7CFE476639A9-SegmentedRaftLogWorker: Starting segment from index:0
2019-10-24 13:25:45,693 [01d98fa9-b286-41ba-84b0-dae26651fa1e@group-7CFE476639A9-SegmentedRaftLogWorker] INFO  segmented.SegmentedRaftLogWorker (SegmentedRaftLogWorker.java:execute(576)) - 01d98fa9-b286-41ba-84b0-dae26651fa1e@group-7CFE476639A9-SegmentedRaftLogWorker: created new log segment /workdir/hadoop-ozone/integration-test/target/test-dir/MiniOzoneClusterImpl-31b5e583-27d6-476b-b511-7b0983ad9e8c/datanode-0/data/ratis/400d0dd0-f848-4ed7-b117-7cfe476639a9/current/log_inprogress_0
2019-10-24 13:25:45,693 [6e90e31a-7849-4a98-b31c-06f2da08fbb3@group-7CFE476639A9-SegmentedRaftLogWorker] INFO  segmented.SegmentedRaftLogWorker (SegmentedRaftLogWorker.java:execute(576)) - 6e90e31a-7849-4a98-b31c-06f2da08fbb3@group-7CFE476639A9-SegmentedRaftLogWorker: created new log segment /workdir/hadoop-ozone/integration-test/target/test-dir/MiniOzoneClusterImpl-31b5e583-27d6-476b-b511-7b0983ad9e8c/datanode-1/data/ratis/400d0dd0-f848-4ed7-b117-7cfe476639a9/current/log_inprogress_0
2019-10-24 13:25:46,486 [Datanode State Machine Thread - 0] INFO  statemachine.DatanodeStateMachine (DatanodeStateMachine.java:lambda$startDaemon$0(350)) - Ozone container server started.
2019-10-24 13:25:51,425 [main] INFO  ozoneimpl.OzoneContainer (OzoneContainer.java:stop(227)) - Attempting to stop container services.
2019-10-24 13:25:51,426 [main] INFO  impl.RaftServerProxy (RaftServerProxy.java:lambda$close$4(314)) - 6e90e31a-7849-4a98-b31c-06f2da08fbb3: close
2019-10-24 13:25:51,429 [main] INFO  impl.RaftServerImpl (RaftServerImpl.java:lambda$shutdown$3(250)) - 6e90e31a-7849-4a98-b31c-06f2da08fbb3@group-BFD5C1DA76D3: shutdown
2019-10-24 13:25:51,429 [main] INFO  util.JmxRegister (JmxRegister.java:unregister(73)) - Successfully un-registered JMX Bean with object name Ratis:service=RaftServer,group=group-BFD5C1DA76D3,id=6e90e31a-7849-4a98-b31c-06f2da08fbb3
2019-10-24 13:25:51,430 [main] INFO  impl.RoleInfo (RoleInfo.java:shutdownLeaderState(104)) - 6e90e31a-7849-4a98-b31c-06f2da08fbb3: shutdown LeaderState
2019-10-24 13:25:51,431 [main] INFO  impl.PendingRequests (PendingRequests.java:sendNotLeaderResponses(206)) - 6e90e31a-7849-4a98-b31c-06f2da08fbb3@group-BFD5C1DA76D3-PendingRequests: sendNotLeaderResponses
2019-10-24 13:25:51,433 [main] INFO  impl.StateMachineUpdater (StateMachineUpdater.java:stopAndJoin(136)) - 6e90e31a-7849-4a98-b31c-06f2da08fbb3@group-BFD5C1DA76D3-StateMachineUpdater: set stopIndex = 0
2019-10-24 13:25:51,434 [main] INFO  impl.RaftServerImpl (ServerState.java:close(387)) - 6e90e31a-7849-4a98-b31c-06f2da08fbb3@group-BFD5C1DA76D3: closes. applyIndex: 0
2019-10-24 13:25:51,436 [6e90e31a-7849-4a98-b31c-06f2da08fbb3@group-BFD5C1DA76D3-SegmentedRaftLogWorker] INFO  segmented.SegmentedRaftLogWorker (SegmentedRaftLogWorker.java:run(316)) - 6e90e31a-7849-4a98-b31c-06f2da08fbb3@group-BFD5C1DA76D3-SegmentedRaftLogWorker was interrupted, exiting. There are 0 tasks remaining in the queue.
2019-10-24 13:25:51,447 [main] INFO  segmented.SegmentedRaftLogWorker (SegmentedRaftLogWorker.java:close(224)) - 6e90e31a-7849-4a98-b31c-06f2da08fbb3@group-BFD5C1DA76D3-SegmentedRaftLogWorker close()
2019-10-24 13:25:51,449 [main] INFO  impl.RaftServerImpl (RaftServerImpl.java:lambda$shutdown$3(250)) - 6e90e31a-7849-4a98-b31c-06f2da08fbb3@group-7CFE476639A9: shutdown
2019-10-24 13:25:51,449 [main] INFO  util.JmxRegister (JmxRegister.java:unregister(73)) - Successfully un-registered JMX Bean with object name Ratis:service=RaftServer,group=group-7CFE476639A9,id=6e90e31a-7849-4a98-b31c-06f2da08fbb3
2019-10-24 13:25:51,449 [main] INFO  impl.RoleInfo (RoleInfo.java:shutdownFollowerState(121)) - 6e90e31a-7849-4a98-b31c-06f2da08fbb3: shutdown FollowerState
2019-10-24 13:25:51,450 [main] INFO  impl.StateMachineUpdater (StateMachineUpdater.java:stopAndJoin(136)) - 6e90e31a-7849-4a98-b31c-06f2da08fbb3@group-7CFE476639A9-StateMachineUpdater: set stopIndex = 4
2019-10-24 13:25:51,450 [Thread-266] INFO  impl.FollowerState (FollowerState.java:run(120)) - 6e90e31a-7849-4a98-b31c-06f2da08fbb3@group-7CFE476639A9-FollowerState was interrupted: java.lang.InterruptedException: sleep interrupted
2019-10-24 13:25:51,450 [6e90e31a-7849-4a98-b31c-06f2da08fbb3@group-7CFE476639A9-StateMachineUpdater] INFO  ratis.ContainerStateMachine (ContainerStateMachine.java:takeSnapshot(294)) - group-7CFE476639A9: Taking a snapshot at:(t:2, i:3) file /workdir/hadoop-ozone/integration-test/target/test-dir/MiniOzoneClusterImpl-31b5e583-27d6-476b-b511-7b0983ad9e8c/datanode-1/data/ratis/400d0dd0-f848-4ed7-b117-7cfe476639a9/sm/snapshot.2_3
2019-10-24 13:25:51,553 [6e90e31a-7849-4a98-b31c-06f2da08fbb3@group-7CFE476639A9-StateMachineUpdater] INFO  ratis.ContainerStateMachine (ContainerStateMachine.java:takeSnapshot(305)) - group-7CFE476639A9: Finished taking a snapshot at:(t:2, i:3) file:/workdir/hadoop-ozone/integration-test/target/test-dir/MiniOzoneClusterImpl-31b5e583-27d6-476b-b511-7b0983ad9e8c/datanode-1/data/ratis/400d0dd0-f848-4ed7-b117-7cfe476639a9/sm/snapshot.2_3 time:104
2019-10-24 13:25:51,555 [6e90e31a-7849-4a98-b31c-06f2da08fbb3@group-7CFE476639A9-StateMachineUpdater] INFO  impl.StateMachineUpdater (StateMachineUpdater.java:takeSnapshot(269)) - 6e90e31a-7849-4a98-b31c-06f2da08fbb3@group-7CFE476639A9-StateMachineUpdater: Took a snapshot at index 3
2019-10-24 13:25:51,556 [6e90e31a-7849-4a98-b31c-06f2da08fbb3@group-7CFE476639A9-StateMachineUpdater] INFO  impl.StateMachineUpdater (StateMachineUpdater.java:lambda$new$0(84)) - 6e90e31a-7849-4a98-b31c-06f2da08fbb3@group-7CFE476639A9-StateMachineUpdater: snapshotIndex: updateIncreasingly -1 -> 3
2019-10-24 13:25:51,560 [6e90e31a-7849-4a98-b31c-06f2da08fbb3@group-7CFE476639A9-StateMachineUpdater] INFO  ratis.ContainerStateMachine (ContainerStateMachine.java:takeSnapshot(294)) - group-7CFE476639A9: Taking a snapshot at:(t:2, i:3) file /workdir/hadoop-ozone/integration-test/target/test-dir/MiniOzoneClusterImpl-31b5e583-27d6-476b-b511-7b0983ad9e8c/datanode-1/data/ratis/400d0dd0-f848-4ed7-b117-7cfe476639a9/sm/snapshot.2_3
2019-10-24 13:25:51,572 [6e90e31a-7849-4a98-b31c-06f2da08fbb3@group-7CFE476639A9-StateMachineUpdater] INFO  ratis.ContainerStateMachine (ContainerStateMachine.java:takeSnapshot(305)) - group-7CFE476639A9: Finished taking a snapshot at:(t:2, i:3) file:/workdir/hadoop-ozone/integration-test/target/test-dir/MiniOzoneClusterImpl-31b5e583-27d6-476b-b511-7b0983ad9e8c/datanode-1/data/ratis/400d0dd0-f848-4ed7-b117-7cfe476639a9/sm/snapshot.2_3 time:12
2019-10-24 13:25:51,572 [6e90e31a-7849-4a98-b31c-06f2da08fbb3@group-7CFE476639A9-StateMachineUpdater] INFO  impl.StateMachineUpdater (StateMachineUpdater.java:takeSnapshot(269)) - 6e90e31a-7849-4a98-b31c-06f2da08fbb3@group-7CFE476639A9-StateMachineUpdater: Took a snapshot at index 3
2019-10-24 13:25:51,572 [6e90e31a-7849-4a98-b31c-06f2da08fbb3@group-7CFE476639A9-StateMachineUpdater] INFO  impl.StateMachineUpdater (StateMachineUpdater.java:lambda$new$0(84)) - 6e90e31a-7849-4a98-b31c-06f2da08fbb3@group-7CFE476639A9-StateMachineUpdater: snapshotIndex: updateIncreasingly 3 -> 3
2019-10-24 13:25:51,573 [main] INFO  impl.RaftServerImpl (ServerState.java:close(387)) - 6e90e31a-7849-4a98-b31c-06f2da08fbb3@group-7CFE476639A9: closes. applyIndex: 4
2019-10-24 13:25:51,574 [6e90e31a-7849-4a98-b31c-06f2da08fbb3@group-7CFE476639A9-SegmentedRaftLogWorker] INFO  segmented.SegmentedRaftLogWorker (SegmentedRaftLogWorker.java:run(316)) - 6e90e31a-7849-4a98-b31c-06f2da08fbb3@group-7CFE476639A9-SegmentedRaftLogWorker was interrupted, exiting. There are 0 tasks remaining in the queue.
2019-10-24 13:25:51,576 [main] INFO  segmented.SegmentedRaftLogWorker (SegmentedRaftLogWorker.java:close(224)) - 6e90e31a-7849-4a98-b31c-06f2da08fbb3@group-7CFE476639A9-SegmentedRaftLogWorker close()
2019-10-24 13:25:51,578 [main] INFO  server.GrpcService (GrpcService.java:closeImpl(164)) - 6e90e31a-7849-4a98-b31c-06f2da08fbb3: shutdown server with port 35359 now
2019-10-24 13:25:51,590 [main] INFO  server.GrpcService (GrpcService.java:closeImpl(172)) - 6e90e31a-7849-4a98-b31c-06f2da08fbb3: shutdown server with port 35359 successfully
2019-10-24 13:25:51,590 [grpc-default-executor-2] WARN  server.GrpcServerProtocolService (LogUtils.java:warn(134)) - 6e90e31a-7849-4a98-b31c-06f2da08fbb3: installSnapshot onError, lastRequest: 40829da6-3885-407c-a088-456b651d4556->6e90e31a-7849-4a98-b31c-06f2da08fbb3#7-t2, previous=(t:2, i:4), leaderCommit=4, initializing? false, entries: <empty>: org.apache.ratis.thirdparty.io.grpc.StatusRuntimeException: CANCELLED: cancelled before receiving half close
2019-10-24 13:25:51,599 [grpc-default-executor-0] WARN  server.GrpcLogAppender (LogUtils.java:warn(134)) - 40829da6-3885-407c-a088-456b651d4556@group-7CFE476639A9->6e90e31a-7849-4a98-b31c-06f2da08fbb3-AppendLogResponseHandler: Failed appendEntries: org.apache.ratis.thirdparty.io.grpc.StatusRuntimeException: CANCELLED: HTTP/2 error code: CANCEL
Received Rst Stream
2019-10-24 13:25:51,599 [refreshUsed-/workdir/hadoop-ozone/integration-test/target/test-dir/MiniOzoneClusterImpl-31b5e583-27d6-476b-b511-7b0983ad9e8c/datanode-1/data/containers] WARN  fs.CachingGetSpaceUsed (CachingGetSpaceUsed.java:run(183)) - Thread Interrupted waiting to refresh disk information: sleep interrupted
2019-10-24 13:25:51,625 [main] INFO  utils.BackgroundService (BackgroundService.java:shutdown(151)) - Shutting down service BlockDeletingService
2019-10-24 13:25:51,629 [main] INFO  statemachine.DatanodeStateMachine (DatanodeStateMachine.java:stopDaemon(395)) - Ozone container server stopped.
2019-10-24 13:25:51,634 [main] INFO  handler.ContextHandler (ContextHandler.java:doStop(910)) - Stopped o.e.j.w.WebAppContext@60325987{/,null,UNAVAILABLE}{/hddsDatanode}
2019-10-24 13:25:51,640 [main] INFO  server.AbstractConnector (AbstractConnector.java:doStop(318)) - Stopped ServerConnector@2f37f1f9{HTTP/1.1,[http/1.1]}{0.0.0.0:0}
2019-10-24 13:25:51,640 [main] INFO  handler.ContextHandler (ContextHandler.java:doStop(910)) - Stopped o.e.j.s.ServletContextHandler@1e8ab90f{/static,jar:file:/home/user/.m2/repository/org/apache/hadoop/hadoop-hdds-container-service/0.5.0-SNAPSHOT/hadoop-hdds-container-service-0.5.0-SNAPSHOT.jar!/webapps/static,UNAVAILABLE}
2019-10-24 13:25:51,640 [main] INFO  handler.ContextHandler (ContextHandler.java:doStop(910)) - Stopped o.e.j.s.ServletContextHandler@30364216{/logs,file:///workdir/hadoop-ozone/integration-test/target/log,UNAVAILABLE}
2019-10-24 13:25:54,650 [java.util.concurrent.ThreadPoolExecutor$Worker@7ba61e93[State = -1, empty queue]] WARN  server.GrpcLogAppender (GrpcLogAppender.java:timeoutAppendRequest(209)) - 40829da6-3885-407c-a088-456b651d4556@group-7CFE476639A9->6e90e31a-7849-4a98-b31c-06f2da08fbb3-GrpcLogAppender: appendEntries Timeout, request=40829da6-3885-407c-a088-456b651d4556->6e90e31a-7849-4a98-b31c-06f2da08fbb3#8-t2, previous=(t:2, i:4), leaderCommit=4, initializing? false, entries: size=1, first=(t:2, i:5), STATEMACHINELOGENTRY, client-180CB693DB15, cid=8
2019-10-24 13:25:54,652 [java.util.concurrent.ThreadPoolExecutor$Worker@7ba61e93[State = -1, empty queue]] WARN  server.GrpcLogAppender (GrpcLogAppender.java:timeoutAppendRequest(209)) - 40829da6-3885-407c-a088-456b651d4556@group-7CFE476639A9->6e90e31a-7849-4a98-b31c-06f2da08fbb3-GrpcLogAppender: appendEntries Timeout, request=40829da6-3885-407c-a088-456b651d4556->6e90e31a-7849-4a98-b31c-06f2da08fbb3#9-t2, previous=(t:2, i:5), leaderCommit=4, initializing? false, entries: size=1, first=(t:2, i:6), STATEMACHINELOGENTRY, client-180CB693DB15, cid=9
2019-10-24 13:25:54,665 [java.util.concurrent.ThreadPoolExecutor$Worker@7ba61e93[State = -1, empty queue]] WARN  server.GrpcLogAppender (GrpcLogAppender.java:timeoutAppendRequest(209)) - 40829da6-3885-407c-a088-456b651d4556@group-7CFE476639A9->6e90e31a-7849-4a98-b31c-06f2da08fbb3-GrpcLogAppender: appendEntries Timeout, request=40829da6-3885-407c-a088-456b651d4556->6e90e31a-7849-4a98-b31c-06f2da08fbb3#10-t2, previous=(t:2, i:6), leaderCommit=6, initializing? false, entries: size=1, first=(t:2, i:7), METADATAENTRY(c5)
2019-10-24 13:25:54,665 [java.util.concurrent.ThreadPoolExecutor$Worker@7ba61e93[State = -1, empty queue]] WARN  server.GrpcLogAppender (GrpcLogAppender.java:timeoutAppendRequest(209)) - 40829da6-3885-407c-a088-456b651d4556@group-7CFE476639A9->6e90e31a-7849-4a98-b31c-06f2da08fbb3-GrpcLogAppender: appendEntries Timeout, request=40829da6-3885-407c-a088-456b651d4556->6e90e31a-7849-4a98-b31c-06f2da08fbb3#11-t2, previous=(t:2, i:7), leaderCommit=6, initializing? false, entries: size=1, first=(t:2, i:8), METADATAENTRY(c6)
2019-10-24 13:25:57,166 [java.util.concurrent.ThreadPoolExecutor$Worker@7ba61e93[State = -1, empty queue]] WARN  server.GrpcLogAppender (GrpcLogAppender.java:timeoutAppendRequest(209)) - 40829da6-3885-407c-a088-456b651d4556@group-7CFE476639A9->6e90e31a-7849-4a98-b31c-06f2da08fbb3-GrpcLogAppender: appendEntries Timeout, request=40829da6-3885-407c-a088-456b651d4556->6e90e31a-7849-4a98-b31c-06f2da08fbb3#12-t2, previous=(t:2, i:8), leaderCommit=8, initializing? false, entries: <empty>
2019-10-24 13:25:59,668 [java.util.concurrent.ThreadPoolExecutor$Worker@7ba61e93[State = -1, empty queue]] WARN  server.GrpcLogAppender (GrpcLogAppender.java:timeoutAppendRequest(209)) - 40829da6-3885-407c-a088-456b651d4556@group-7CFE476639A9->6e90e31a-7849-4a98-b31c-06f2da08fbb3-GrpcLogAppender: appendEntries Timeout, request=40829da6-3885-407c-a088-456b651d4556->6e90e31a-7849-4a98-b31c-06f2da08fbb3#13-t2, previous=(t:2, i:8), leaderCommit=8, initializing? false, entries: <empty>
2019-10-24 13:26:01,759 [Thread-312] INFO  client.GrpcClientProtocolService (GrpcClientProtocolService.java:lambda$processClientRequest$0(279)) - Failed RaftClientRequest:client-180CB693DB15->40829da6-3885-407c-a088-456b651d4556@group-7CFE476639A9, cid=10, seq=0, Watch-ALL_COMMITTED(6), Message:<EMPTY>, reply=RaftClientReply:client-180CB693DB15->40829da6-3885-407c-a088-456b651d4556@group-7CFE476639A9, cid=10, FAILED org.apache.ratis.protocol.NotReplicatedException: Request with call Id 10 and log index 6 is not yet replicated to ALL_COMMITTED, logIndex=6, commits[40829da6-3885-407c-a088-456b651d4556:c8, 6e90e31a-7849-4a98-b31c-06f2da08fbb3:c4, 01d98fa9-b286-41ba-84b0-dae26651fa1e:c8]
2019-10-24 13:26:02,168 [java.util.concurrent.ThreadPoolExecutor$Worker@7ba61e93[State = -1, empty queue]] WARN  server.GrpcLogAppender (GrpcLogAppender.java:timeoutAppendRequest(209)) - 40829da6-3885-407c-a088-456b651d4556@group-7CFE476639A9->6e90e31a-7849-4a98-b31c-06f2da08fbb3-GrpcLogAppender: appendEntries Timeout, request=40829da6-3885-407c-a088-456b651d4556->6e90e31a-7849-4a98-b31c-06f2da08fbb3#14-t2, previous=(t:2, i:8), leaderCommit=8, initializing? false, entries: <empty>
2019-10-24 13:26:04,669 [java.util.concurrent.ThreadPoolExecutor$Worker@7ba61e93[State = -1, empty queue]] WARN  server.GrpcLogAppender (GrpcLogAppender.java:timeoutAppendRequest(209)) - 40829da6-3885-407c-a088-456b651d4556@group-7CFE476639A9->6e90e31a-7849-4a98-b31c-06f2da08fbb3-GrpcLogAppender: appendEntries Timeout, request=40829da6-3885-407c-a088-456b651d4556->6e90e31a-7849-4a98-b31c-06f2da08fbb3#15-t2, previous=(t:2, i:8), leaderCommit=8, initializing? false, entries: <empty>
2019-10-24 13:26:07,172 [java.util.concurrent.ThreadPoolExecutor$Worker@7ba61e93[State = -1, empty queue]] WARN  server.GrpcLogAppender (GrpcLogAppender.java:timeoutAppendRequest(209)) - 40829da6-3885-407c-a088-456b651d4556@group-7CFE476639A9->6e90e31a-7849-4a98-b31c-06f2da08fbb3-GrpcLogAppender: appendEntries Timeout, request=40829da6-3885-407c-a088-456b651d4556->6e90e31a-7849-4a98-b31c-06f2da08fbb3#16-t2, previous=(t:2, i:8), leaderCommit=8, initializing? false, entries: <empty>
2019-10-24 13:26:09,673 [java.util.concurrent.ThreadPoolExecutor$Worker@7ba61e93[State = -1, empty queue]] WARN  server.GrpcLogAppender (GrpcLogAppender.java:timeoutAppendRequest(209)) - 40829da6-3885-407c-a088-456b651d4556@group-7CFE476639A9->6e90e31a-7849-4a98-b31c-06f2da08fbb3-GrpcLogAppender: appendEntries Timeout, request=40829da6-3885-407c-a088-456b651d4556->6e90e31a-7849-4a98-b31c-06f2da08fbb3#17-t2, previous=(t:2, i:8), leaderCommit=8, initializing? false, entries: <empty>
2019-10-24 13:26:11,756 [Thread-321] INFO  client.GrpcClientProtocolService (GrpcClientProtocolService.java:lambda$processClientRequest$0(279)) - Failed RaftClientRequest:client-180CB693DB15->40829da6-3885-407c-a088-456b651d4556@group-7CFE476639A9, cid=10, seq=0, Watch-ALL_COMMITTED(6), Message:<EMPTY>, reply=RaftClientReply:client-180CB693DB15->40829da6-3885-407c-a088-456b651d4556@group-7CFE476639A9, cid=10, FAILED org.apache.ratis.protocol.NotReplicatedException: Request with call Id 10 and log index 6 is not yet replicated to ALL_COMMITTED, logIndex=6, commits[40829da6-3885-407c-a088-456b651d4556:c8, 6e90e31a-7849-4a98-b31c-06f2da08fbb3:c4, 01d98fa9-b286-41ba-84b0-dae26651fa1e:c8]
2019-10-24 13:26:12,177 [java.util.concurrent.ThreadPoolExecutor$Worker@7ba61e93[State = -1, empty queue]] WARN  server.GrpcLogAppender (GrpcLogAppender.java:timeoutAppendRequest(209)) - 40829da6-3885-407c-a088-456b651d4556@group-7CFE476639A9->6e90e31a-7849-4a98-b31c-06f2da08fbb3-GrpcLogAppender: appendEntries Timeout, request=40829da6-3885-407c-a088-456b651d4556->6e90e31a-7849-4a98-b31c-06f2da08fbb3#18-t2, previous=(t:2, i:8), leaderCommit=8, initializing? false, entries: <empty>
2019-10-24 13:26:14,680 [java.util.concurrent.ThreadPoolExecutor$Worker@7ba61e93[State = -1, empty queue]] WARN  server.GrpcLogAppender (GrpcLogAppender.java:timeoutAppendRequest(209)) - 40829da6-3885-407c-a088-456b651d4556@group-7CFE476639A9->6e90e31a-7849-4a98-b31c-06f2da08fbb3-GrpcLogAppender: appendEntries Timeout, request=40829da6-3885-407c-a088-456b651d4556->6e90e31a-7849-4a98-b31c-06f2da08fbb3#19-t2, previous=(t:2, i:8), leaderCommit=8, initializing? false, entries: <empty>
2019-10-24 13:26:17,181 [java.util.concurrent.ThreadPoolExecutor$Worker@7ba61e93[State = -1, empty queue]] WARN  server.GrpcLogAppender (GrpcLogAppender.java:timeoutAppendRequest(209)) - 40829da6-3885-407c-a088-456b651d4556@group-7CFE476639A9->6e90e31a-7849-4a98-b31c-06f2da08fbb3-GrpcLogAppender: appendEntries Timeout, request=40829da6-3885-407c-a088-456b651d4556->6e90e31a-7849-4a98-b31c-06f2da08fbb3#20-t2, previous=(t:2, i:8), leaderCommit=8, initializing? false, entries: <empty>
2019-10-24 13:26:19,683 [java.util.concurrent.ThreadPoolExecutor$Worker@7ba61e93[State = -1, empty queue]] WARN  server.GrpcLogAppender (GrpcLogAppender.java:timeoutAppendRequest(209)) - 40829da6-3885-407c-a088-456b651d4556@group-7CFE476639A9->6e90e31a-7849-4a98-b31c-06f2da08fbb3-GrpcLogAppender: appendEntries Timeout, request=40829da6-3885-407c-a088-456b651d4556->6e90e31a-7849-4a98-b31c-06f2da08fbb3#21-t2, previous=(t:2, i:8), leaderCommit=8, initializing? false, entries: <empty>
2019-10-24 13:26:20,753 [Thread-327] INFO  client.GrpcClientProtocolService (GrpcClientProtocolService.java:lambda$processClientRequest$0(279)) - Failed RaftClientRequest:client-180CB693DB15->01d98fa9-b286-41ba-84b0-dae26651fa1e@group-7CFE476639A9, cid=10, seq=0, Watch-ALL_COMMITTED(6), Message:<EMPTY>, reply=RaftClientReply:client-180CB693DB15->01d98fa9-b286-41ba-84b0-dae26651fa1e@group-7CFE476639A9, cid=10, FAILED org.apache.ratis.protocol.NotLeaderException: Server 01d98fa9-b286-41ba-84b0-dae26651fa1e@group-7CFE476639A9 is not the leader 40829da6-3885-407c-a088-456b651d4556:192.168.34.46:34308, logIndex=0, commits[01d98fa9-b286-41ba-84b0-dae26651fa1e:c8, 6e90e31a-7849-4a98-b31c-06f2da08fbb3:c4, 40829da6-3885-407c-a088-456b651d4556:c8]
2019-10-24 13:26:21,682 [main] WARN  scm.XceiverClientRatis (XceiverClientRatis.java:watchForCommit(277)) - 3 way commit failed on pipeline Pipeline[ Id: 400d0dd0-f848-4ed7-b117-7cfe476639a9, Nodes: 01d98fa9-b286-41ba-84b0-dae26651fa1e{ip: 192.168.34.46, host: pr-hdds-2347-fq45t-3280797939, networkLocation: /default-rack, certSerialId: null}40829da6-3885-407c-a088-456b651d4556{ip: 192.168.34.46, host: pr-hdds-2347-fq45t-3280797939, networkLocation: /default-rack, certSerialId: null}6e90e31a-7849-4a98-b31c-06f2da08fbb3{ip: 192.168.34.46, host: pr-hdds-2347-fq45t-3280797939, networkLocation: /default-rack, certSerialId: null}, Type:RATIS, Factor:THREE, State:OPEN]
java.util.concurrent.TimeoutException
	at java.util.concurrent.CompletableFuture.timedGet(CompletableFuture.java:1771)
	at java.util.concurrent.CompletableFuture.get(CompletableFuture.java:1915)
	at org.apache.hadoop.hdds.scm.XceiverClientRatis.watchForCommit(XceiverClientRatis.java:274)
	at org.apache.hadoop.hdds.scm.storage.CommitWatcher.watchForCommit(CommitWatcher.java:198)
	at org.apache.hadoop.hdds.scm.storage.CommitWatcher.watchOnLastIndex(CommitWatcher.java:161)
	at org.apache.hadoop.hdds.scm.storage.BlockOutputStream.watchForCommit(BlockOutputStream.java:346)
	at org.apache.hadoop.hdds.scm.storage.BlockOutputStream.handleFlush(BlockOutputStream.java:482)
	at org.apache.hadoop.hdds.scm.storage.BlockOutputStream.close(BlockOutputStream.java:496)
	at org.apache.hadoop.ozone.client.io.BlockOutputStreamEntry.close(BlockOutputStreamEntry.java:143)
	at org.apache.hadoop.ozone.client.io.KeyOutputStream.handleFlushOrClose(KeyOutputStream.java:435)
	at org.apache.hadoop.ozone.client.io.KeyOutputStream.close(KeyOutputStream.java:473)
	at org.apache.hadoop.ozone.client.io.OzoneOutputStream.close(OzoneOutputStream.java:60)
	at org.apache.hadoop.ozone.client.rpc.TestDeleteWithSlowFollower.testDeleteKeyWithSlowFollower(TestDeleteWithSlowFollower.java:193)
	at sun.reflect.NativeMethodAccessorImpl.invoke0(Native Method)
	at sun.reflect.NativeMethodAccessorImpl.invoke(NativeMethodAccessorImpl.java:62)
	at sun.reflect.DelegatingMethodAccessorImpl.invoke(DelegatingMethodAccessorImpl.java:43)
	at java.lang.reflect.Method.invoke(Method.java:498)
	at org.junit.runners.model.FrameworkMethod$1.runReflectiveCall(FrameworkMethod.java:47)
	at org.junit.internal.runners.model.ReflectiveCallable.run(ReflectiveCallable.java:12)
	at org.junit.runners.model.FrameworkMethod.invokeExplosively(FrameworkMethod.java:44)
	at org.junit.internal.runners.statements.InvokeMethod.evaluate(InvokeMethod.java:17)
	at org.junit.runners.ParentRunner.runLeaf(ParentRunner.java:271)
	at org.junit.runners.BlockJUnit4ClassRunner.runChild(BlockJUnit4ClassRunner.java:70)
	at org.junit.runners.BlockJUnit4ClassRunner.runChild(BlockJUnit4ClassRunner.java:50)
	at org.junit.runners.ParentRunner$3.run(ParentRunner.java:238)
	at org.junit.runners.ParentRunner$1.schedule(ParentRunner.java:63)
	at org.junit.runners.ParentRunner.runChildren(ParentRunner.java:236)
	at org.junit.runners.ParentRunner.access$000(ParentRunner.java:53)
	at org.junit.runners.ParentRunner$2.evaluate(ParentRunner.java:229)
	at org.junit.internal.runners.statements.RunBefores.evaluate(RunBefores.java:26)
	at org.junit.internal.runners.statements.RunAfters.evaluate(RunAfters.java:27)
	at org.junit.runners.ParentRunner.run(ParentRunner.java:309)
	at org.apache.maven.surefire.junit4.JUnit4Provider.execute(JUnit4Provider.java:365)
	at org.apache.maven.surefire.junit4.JUnit4Provider.executeWithRerun(JUnit4Provider.java:273)
	at org.apache.maven.surefire.junit4.JUnit4Provider.executeTestSet(JUnit4Provider.java:238)
	at org.apache.maven.surefire.junit4.JUnit4Provider.invoke(JUnit4Provider.java:159)
	at org.apache.maven.surefire.booter.ForkedBooter.invokeProviderInSameClassLoader(ForkedBooter.java:384)
	at org.apache.maven.surefire.booter.ForkedBooter.runSuitesInProcess(ForkedBooter.java:345)
	at org.apache.maven.surefire.booter.ForkedBooter.execute(ForkedBooter.java:126)
	at org.apache.maven.surefire.booter.ForkedBooter.main(ForkedBooter.java:418)
2019-10-24 13:26:21,701 [main] INFO  scm.XceiverClientRatis (XceiverClientRatis.java:lambda$watchForCommit$5(295)) - Could not commit index 6 on pipeline Pipeline[ Id: 400d0dd0-f848-4ed7-b117-7cfe476639a9, Nodes: 01d98fa9-b286-41ba-84b0-dae26651fa1e{ip: 192.168.34.46, host: pr-hdds-2347-fq45t-3280797939, networkLocation: /default-rack, certSerialId: null}40829da6-3885-407c-a088-456b651d4556{ip: 192.168.34.46, host: pr-hdds-2347-fq45t-3280797939, networkLocation: /default-rack, certSerialId: null}6e90e31a-7849-4a98-b31c-06f2da08fbb3{ip: 192.168.34.46, host: pr-hdds-2347-fq45t-3280797939, networkLocation: /default-rack, certSerialId: null}, Type:RATIS, Factor:THREE, State:OPEN] to all the nodes. Server 6e90e31a-7849-4a98-b31c-06f2da08fbb3 has failed. Committed by majority.
2019-10-24 13:26:21,702 [main] WARN  storage.BlockOutputStream (BlockOutputStream.java:watchForCommit(352)) - Failed to commit BlockId conID: 1 locID: 103017580890030080 bcsId: 6 on Pipeline[ Id: 400d0dd0-f848-4ed7-b117-7cfe476639a9, Nodes: 01d98fa9-b286-41ba-84b0-dae26651fa1e{ip: 192.168.34.46, host: pr-hdds-2347-fq45t-3280797939, networkLocation: /default-rack, certSerialId: null}40829da6-3885-407c-a088-456b651d4556{ip: 192.168.34.46, host: pr-hdds-2347-fq45t-3280797939, networkLocation: /default-rack, certSerialId: null}6e90e31a-7849-4a98-b31c-06f2da08fbb3{ip: 192.168.34.46, host: pr-hdds-2347-fq45t-3280797939, networkLocation: /default-rack, certSerialId: null}, Type:RATIS, Factor:THREE, State:OPEN]. Failed nodes: [6e90e31a-7849-4a98-b31c-06f2da08fbb3{ip: null, host: null, networkLocation: /default-rack, certSerialId: null}]
2019-10-24 13:26:21,756 [Thread-333] INFO  client.GrpcClientProtocolService (GrpcClientProtocolService.java:lambda$processClientRequest$0(279)) - Failed RaftClientRequest:client-180CB693DB15->40829da6-3885-407c-a088-456b651d4556@group-7CFE476639A9, cid=10, seq=0, Watch-ALL_COMMITTED(6), Message:<EMPTY>, reply=RaftClientReply:client-180CB693DB15->40829da6-3885-407c-a088-456b651d4556@group-7CFE476639A9, cid=10, FAILED org.apache.ratis.protocol.NotReplicatedException: Request with call Id 10 and log index 6 is not yet replicated to ALL_COMMITTED, logIndex=6, commits[40829da6-3885-407c-a088-456b651d4556:c8, 6e90e31a-7849-4a98-b31c-06f2da08fbb3:c4, 01d98fa9-b286-41ba-84b0-dae26651fa1e:c8]
2019-10-24 13:26:21,821 [EventQueue-IncrementalContainerReportForIncrementalContainerReportHandler] WARN  container.IncrementalContainerReportHandler (AbstractContainerReportHandler.java:updateContainerState(145)) - Container #1 is in OPEN state, but the datanode 40829da6-3885-407c-a088-456b651d4556{ip: 192.168.34.46, host: pr-hdds-2347-fq45t-3280797939, networkLocation: /default-rack, certSerialId: null} reports an CLOSING replica.
2019-10-24 13:26:21,831 [RatisApplyTransactionExecutor 1] INFO  interfaces.Container (KeyValueContainer.java:flushAndSyncDB(386)) - Container 1 is synced with bcsId 6.
2019-10-24 13:26:21,833 [RatisApplyTransactionExecutor 1] INFO  interfaces.Container (KeyValueContainer.java:flushAndSyncDB(386)) - Container 1 is synced with bcsId 6.
2019-10-24 13:26:21,835 [EventQueue-IncrementalContainerReportForIncrementalContainerReportHandler] WARN  container.IncrementalContainerReportHandler (AbstractContainerReportHandler.java:updateContainerState(145)) - Container #1 is in OPEN state, but the datanode 01d98fa9-b286-41ba-84b0-dae26651fa1e{ip: 192.168.34.46, host: pr-hdds-2347-fq45t-3280797939, networkLocation: /default-rack, certSerialId: null} reports an CLOSING replica.
2019-10-24 13:26:21,845 [RatisApplyTransactionExecutor 1] INFO  interfaces.Container (KeyValueContainer.java:flushAndSyncDB(386)) - Container 1 is synced with bcsId 6.
2019-10-24 13:26:21,846 [RatisApplyTransactionExecutor 1] INFO  interfaces.Container (KeyValueContainer.java:flushAndSyncDB(386)) - Container 1 is synced with bcsId 6.
2019-10-24 13:26:21,872 [RatisApplyTransactionExecutor 1] INFO  interfaces.Container (KeyValueContainer.java:close(335)) - Container 1 is closed with bcsId 6.
2019-10-24 13:26:21,872 [RatisApplyTransactionExecutor 1] INFO  interfaces.Container (KeyValueContainer.java:close(335)) - Container 1 is closed with bcsId 6.
2019-10-24 13:26:21,876 [EventQueue-IncrementalContainerReportForIncrementalContainerReportHandler] WARN  container.IncrementalContainerReportHandler (AbstractContainerReportHandler.java:updateContainerState(145)) - Container #1 is in OPEN state, but the datanode 01d98fa9-b286-41ba-84b0-dae26651fa1e{ip: 192.168.34.46, host: pr-hdds-2347-fq45t-3280797939, networkLocation: /default-rack, certSerialId: null} reports an CLOSED replica.
2019-10-24 13:26:21,877 [EventQueue-IncrementalContainerReportForIncrementalContainerReportHandler] WARN  container.IncrementalContainerReportHandler (AbstractContainerReportHandler.java:updateContainerState(145)) - Container #1 is in OPEN state, but the datanode 40829da6-3885-407c-a088-456b651d4556{ip: 192.168.34.46, host: pr-hdds-2347-fq45t-3280797939, networkLocation: /default-rack, certSerialId: null} reports an CLOSED replica.
2019-10-24 13:26:21,974 [EventQueue-ContainerReportForContainerReportHandler] WARN  container.ContainerReportHandler (AbstractContainerReportHandler.java:updateContainerState(145)) - Container #1 is in OPEN state, but the datanode 01d98fa9-b286-41ba-84b0-dae26651fa1e{ip: 192.168.34.46, host: pr-hdds-2347-fq45t-3280797939, networkLocation: /default-rack, certSerialId: null} reports an CLOSED replica.
2019-10-24 13:26:22,173 [EventQueue-ContainerReportForContainerReportHandler] WARN  container.ContainerReportHandler (AbstractContainerReportHandler.java:updateContainerState(145)) - Container #1 is in OPEN state, but the datanode 40829da6-3885-407c-a088-456b651d4556{ip: 192.168.34.46, host: pr-hdds-2347-fq45t-3280797939, networkLocation: /default-rack, certSerialId: null} reports an CLOSED replica.
2019-10-24 13:26:22,174 [EventQueue-ContainerReportForContainerReportHandler] WARN  container.ContainerReportHandler (AbstractContainerReportHandler.java:updateContainerState(145)) - Container #1 is in OPEN state, but the datanode 01d98fa9-b286-41ba-84b0-dae26651fa1e{ip: 192.168.34.46, host: pr-hdds-2347-fq45t-3280797939, networkLocation: /default-rack, certSerialId: null} reports an CLOSED replica.
2019-10-24 13:26:22,185 [java.util.concurrent.ThreadPoolExecutor$Worker@7ba61e93[State = -1, empty queue]] WARN  server.GrpcLogAppender (GrpcLogAppender.java:timeoutAppendRequest(209)) - 40829da6-3885-407c-a088-456b651d4556@group-7CFE476639A9->6e90e31a-7849-4a98-b31c-06f2da08fbb3-GrpcLogAppender: appendEntries Timeout, request=40829da6-3885-407c-a088-456b651d4556->6e90e31a-7849-4a98-b31c-06f2da08fbb3#22-t2, previous=(t:2, i:8), leaderCommit=8, initializing? false, entries: <empty>
2019-10-24 13:26:22,474 [EventQueue-ContainerReportForContainerReportHandler] WARN  container.ContainerReportHandler (AbstractContainerReportHandler.java:updateContainerState(145)) - Container #1 is in OPEN state, but the datanode 40829da6-3885-407c-a088-456b651d4556{ip: 192.168.34.46, host: pr-hdds-2347-fq45t-3280797939, networkLocation: /default-rack, certSerialId: null} reports an CLOSED replica.
2019-10-24 13:26:22,474 [EventQueue-ContainerReportForContainerReportHandler] WARN  container.ContainerReportHandler (AbstractContainerReportHandler.java:updateContainerState(145)) - Container #1 is in OPEN state, but the datanode 01d98fa9-b286-41ba-84b0-dae26651fa1e{ip: 192.168.34.46, host: pr-hdds-2347-fq45t-3280797939, networkLocation: /default-rack, certSerialId: null} reports an CLOSED replica.
2019-10-24 13:26:22,522 [IPC Server handler 1 on 40173] INFO  server.SCMBlockProtocolServer (SCMBlockProtocolServer.java:deleteKeyBlocks(217)) - SCM is informed by OM to delete 1 blocks
2019-10-24 13:26:22,523 [IPC Server handler 1 on 40173] INFO  block.BlockManagerImpl (BlockManagerImpl.java:deleteBlocks(285)) - Deleting blocks conID: 1 locID: 103017580890030080 bcsId: 0
2019-10-24 13:26:22,636 [BlockDeletingService#2] WARN  background.BlockDeletingService (BlockDeletingService.java:isDeletionAllowed(187)) - Close Container log Index 6 is not replicated across allthe servers in the pipeline 400d0dd0-f848-4ed7-b117-7cfe476639a9 as the min replicated index is 4. Deletion is not allowed in this container yet.
2019-10-24 13:26:22,639 [BlockDeletingService#2] WARN  background.BlockDeletingService (BlockDeletingService.java:isDeletionAllowed(187)) - Close Container log Index 6 is not replicated across allthe servers in the pipeline 400d0dd0-f848-4ed7-b117-7cfe476639a9 as the min replicated index is 4. Deletion is not allowed in this container yet.
2019-10-24 13:26:22,774 [EventQueue-ContainerReportForContainerReportHandler] WARN  container.ContainerReportHandler (AbstractContainerReportHandler.java:updateContainerState(145)) - Container #1 is in OPEN state, but the datanode 40829da6-3885-407c-a088-456b651d4556{ip: 192.168.34.46, host: pr-hdds-2347-fq45t-3280797939, networkLocation: /default-rack, certSerialId: null} reports an CLOSED replica.
2019-10-24 13:26:22,775 [EventQueue-ContainerReportForContainerReportHandler] WARN  container.ContainerReportHandler (AbstractContainerReportHandler.java:updateContainerState(145)) - Container #1 is in OPEN state, but the datanode 01d98fa9-b286-41ba-84b0-dae26651fa1e{ip: 192.168.34.46, host: pr-hdds-2347-fq45t-3280797939, networkLocation: /default-rack, certSerialId: null} reports an CLOSED replica.
2019-10-24 13:26:23,074 [EventQueue-ContainerReportForContainerReportHandler] WARN  container.ContainerReportHandler (AbstractContainerReportHandler.java:updateContainerState(145)) - Container #1 is in OPEN state, but the datanode 40829da6-3885-407c-a088-456b651d4556{ip: 192.168.34.46, host: pr-hdds-2347-fq45t-3280797939, networkLocation: /default-rack, certSerialId: null} reports an CLOSED replica.
2019-10-24 13:26:23,076 [EventQueue-ContainerReportForContainerReportHandler] WARN  container.ContainerReportHandler (AbstractContainerReportHandler.java:updateContainerState(145)) - Container #1 is in OPEN state, but the datanode 01d98fa9-b286-41ba-84b0-dae26651fa1e{ip: 192.168.34.46, host: pr-hdds-2347-fq45t-3280797939, networkLocation: /default-rack, certSerialId: null} reports an CLOSED replica.
2019-10-24 13:26:23,377 [EventQueue-ContainerReportForContainerReportHandler] WARN  container.ContainerReportHandler (AbstractContainerReportHandler.java:updateContainerState(145)) - Container #1 is in OPEN state, but the datanode 01d98fa9-b286-41ba-84b0-dae26651fa1e{ip: 192.168.34.46, host: pr-hdds-2347-fq45t-3280797939, networkLocation: /default-rack, certSerialId: null} reports an CLOSED replica.
2019-10-24 13:26:23,475 [EventQueue-ContainerReportForContainerReportHandler] WARN  container.ContainerReportHandler (AbstractContainerReportHandler.java:updateContainerState(145)) - Container #1 is in OPEN state, but the datanode 40829da6-3885-407c-a088-456b651d4556{ip: 192.168.34.46, host: pr-hdds-2347-fq45t-3280797939, networkLocation: /default-rack, certSerialId: null} reports an CLOSED replica.
2019-10-24 13:26:23,578 [EventQueue-ContainerReportForContainerReportHandler] WARN  container.ContainerReportHandler (AbstractContainerReportHandler.java:updateContainerState(145)) - Container #1 is in OPEN state, but the datanode 01d98fa9-b286-41ba-84b0-dae26651fa1e{ip: 192.168.34.46, host: pr-hdds-2347-fq45t-3280797939, networkLocation: /default-rack, certSerialId: null} reports an CLOSED replica.
2019-10-24 13:26:23,637 [BlockDeletingService#2] WARN  background.BlockDeletingService (BlockDeletingService.java:isDeletionAllowed(187)) - Close Container log Index 6 is not replicated across allthe servers in the pipeline 400d0dd0-f848-4ed7-b117-7cfe476639a9 as the min replicated index is 4. Deletion is not allowed in this container yet.
2019-10-24 13:26:23,642 [BlockDeletingService#2] WARN  background.BlockDeletingService (BlockDeletingService.java:isDeletionAllowed(187)) - Close Container log Index 6 is not replicated across allthe servers in the pipeline 400d0dd0-f848-4ed7-b117-7cfe476639a9 as the min replicated index is 4. Deletion is not allowed in this container yet.
2019-10-24 13:26:23,875 [EventQueue-ContainerReportForContainerReportHandler] WARN  container.ContainerReportHandler (AbstractContainerReportHandler.java:updateContainerState(145)) - Container #1 is in OPEN state, but the datanode 40829da6-3885-407c-a088-456b651d4556{ip: 192.168.34.46, host: pr-hdds-2347-fq45t-3280797939, networkLocation: /default-rack, certSerialId: null} reports an CLOSED replica.
2019-10-24 13:26:23,979 [EventQueue-ContainerReportForContainerReportHandler] WARN  container.ContainerReportHandler (AbstractContainerReportHandler.java:updateContainerState(145)) - Container #1 is in OPEN state, but the datanode 01d98fa9-b286-41ba-84b0-dae26651fa1e{ip: 192.168.34.46, host: pr-hdds-2347-fq45t-3280797939, networkLocation: /default-rack, certSerialId: null} reports an CLOSED replica.
2019-10-24 13:26:24,176 [EventQueue-ContainerReportForContainerReportHandler] WARN  container.ContainerReportHandler (AbstractContainerReportHandler.java:updateContainerState(145)) - Container #1 is in OPEN state, but the datanode 40829da6-3885-407c-a088-456b651d4556{ip: 192.168.34.46, host: pr-hdds-2347-fq45t-3280797939, networkLocation: /default-rack, certSerialId: null} reports an CLOSED replica.
2019-10-24 13:26:24,278 [EventQueue-ContainerReportForContainerReportHandler] WARN  container.ContainerReportHandler (AbstractContainerReportHandler.java:updateContainerState(145)) - Container #1 is in OPEN state, but the datanode 01d98fa9-b286-41ba-84b0-dae26651fa1e{ip: 192.168.34.46, host: pr-hdds-2347-fq45t-3280797939, networkLocation: /default-rack, certSerialId: null} reports an CLOSED replica.
2019-10-24 13:26:24,478 [EventQueue-ContainerReportForContainerReportHandler] WARN  container.ContainerReportHandler (AbstractContainerReportHandler.java:updateContainerState(145)) - Container #1 is in OPEN state, but the datanode 01d98fa9-b286-41ba-84b0-dae26651fa1e{ip: 192.168.34.46, host: pr-hdds-2347-fq45t-3280797939, networkLocation: /default-rack, certSerialId: null} reports an CLOSED replica.
2019-10-24 13:26:24,577 [EventQueue-ContainerReportForContainerReportHandler] WARN  container.ContainerReportHandler (AbstractContainerReportHandler.java:updateContainerState(145)) - Container #1 is in OPEN state, but the datanode 40829da6-3885-407c-a088-456b651d4556{ip: 192.168.34.46, host: pr-hdds-2347-fq45t-3280797939, networkLocation: /default-rack, certSerialId: null} reports an CLOSED replica.
2019-10-24 13:26:24,638 [BlockDeletingService#2] WARN  background.BlockDeletingService (BlockDeletingService.java:isDeletionAllowed(187)) - Close Container log Index 6 is not replicated across allthe servers in the pipeline 400d0dd0-f848-4ed7-b117-7cfe476639a9 as the min replicated index is 4. Deletion is not allowed in this container yet.
2019-10-24 13:26:24,643 [BlockDeletingService#2] WARN  background.BlockDeletingService (BlockDeletingService.java:isDeletionAllowed(187)) - Close Container log Index 6 is not replicated across allthe servers in the pipeline 400d0dd0-f848-4ed7-b117-7cfe476639a9 as the min replicated index is 4. Deletion is not allowed in this container yet.
2019-10-24 13:26:24,686 [java.util.concurrent.ThreadPoolExecutor$Worker@7ba61e93[State = -1, empty queue]] WARN  server.GrpcLogAppender (GrpcLogAppender.java:timeoutAppendRequest(209)) - 40829da6-3885-407c-a088-456b651d4556@group-7CFE476639A9->6e90e31a-7849-4a98-b31c-06f2da08fbb3-GrpcLogAppender: appendEntries Timeout, request=40829da6-3885-407c-a088-456b651d4556->6e90e31a-7849-4a98-b31c-06f2da08fbb3#23-t2, previous=(t:2, i:8), leaderCommit=8, initializing? false, entries: <empty>
2019-10-24 13:26:24,776 [EventQueue-ContainerReportForContainerReportHandler] WARN  container.ContainerReportHandler (AbstractContainerReportHandler.java:updateContainerState(145)) - Container #1 is in OPEN state, but the datanode 40829da6-3885-407c-a088-456b651d4556{ip: 192.168.34.46, host: pr-hdds-2347-fq45t-3280797939, networkLocation: /default-rack, certSerialId: null} reports an CLOSED replica.
2019-10-24 13:26:24,781 [EventQueue-ContainerReportForContainerReportHandler] WARN  container.ContainerReportHandler (AbstractContainerReportHandler.java:updateContainerState(145)) - Container #1 is in OPEN state, but the datanode 01d98fa9-b286-41ba-84b0-dae26651fa1e{ip: 192.168.34.46, host: pr-hdds-2347-fq45t-3280797939, networkLocation: /default-rack, certSerialId: null} reports an CLOSED replica.
2019-10-24 13:26:24,791 [java.util.concurrent.ThreadPoolExecutor$Worker@7ba61e93[State = -1, empty queue]] WARN  server.GrpcLogAppender (GrpcLogAppender.java:timeoutAppendRequest(209)) - 40829da6-3885-407c-a088-456b651d4556@group-7CFE476639A9->6e90e31a-7849-4a98-b31c-06f2da08fbb3-GrpcLogAppender: appendEntries Timeout, request=40829da6-3885-407c-a088-456b651d4556->6e90e31a-7849-4a98-b31c-06f2da08fbb3#24-t2, previous=(t:2, i:8), leaderCommit=8, initializing? false, entries: size=1, first=(t:2, i:9), STATEMACHINELOGENTRY, client-FAA11EABF95F, cid=12
2019-10-24 13:26:24,805 [java.util.concurrent.ThreadPoolExecutor$Worker@7ba61e93[State = -1, empty queue]] WARN  server.GrpcLogAppender (GrpcLogAppender.java:timeoutAppendRequest(209)) - 40829da6-3885-407c-a088-456b651d4556@group-7CFE476639A9->6e90e31a-7849-4a98-b31c-06f2da08fbb3-GrpcLogAppender: appendEntries Timeout, request=40829da6-3885-407c-a088-456b651d4556->6e90e31a-7849-4a98-b31c-06f2da08fbb3#25-t2, previous=(t:2, i:9), leaderCommit=9, initializing? false, entries: size=1, first=(t:2, i:10), METADATAENTRY(c9)
2019-10-24 13:26:25,077 [EventQueue-ContainerReportForContainerReportHandler] WARN  container.ContainerReportHandler (AbstractContainerReportHandler.java:updateContainerState(145)) - Container #1 is in OPEN state, but the datanode 40829da6-3885-407c-a088-456b651d4556{ip: 192.168.34.46, host: pr-hdds-2347-fq45t-3280797939, networkLocation: /default-rack, certSerialId: null} reports an CLOSED replica.
2019-10-24 13:26:25,083 [EventQueue-ContainerReportForContainerReportHandler] WARN  container.ContainerReportHandler (AbstractContainerReportHandler.java:updateContainerState(145)) - Container #1 is in OPEN state, but the datanode 01d98fa9-b286-41ba-84b0-dae26651fa1e{ip: 192.168.34.46, host: pr-hdds-2347-fq45t-3280797939, networkLocation: /default-rack, certSerialId: null} reports an CLOSED replica.
2019-10-24 13:26:25,277 [EventQueue-ContainerReportForContainerReportHandler] WARN  container.ContainerReportHandler (AbstractContainerReportHandler.java:updateContainerState(145)) - Container #1 is in OPEN state, but the datanode 40829da6-3885-407c-a088-456b651d4556{ip: 192.168.34.46, host: pr-hdds-2347-fq45t-3280797939, networkLocation: /default-rack, certSerialId: null} reports an CLOSED replica.
2019-10-24 13:26:25,482 [EventQueue-ContainerReportForContainerReportHandler] WARN  container.ContainerReportHandler (AbstractContainerReportHandler.java:updateContainerState(145)) - Container #1 is in OPEN state, but the datanode 01d98fa9-b286-41ba-84b0-dae26651fa1e{ip: 192.168.34.46, host: pr-hdds-2347-fq45t-3280797939, networkLocation: /default-rack, certSerialId: null} reports an CLOSED replica.
2019-10-24 13:26:25,641 [BlockDeletingService#2] WARN  background.BlockDeletingService (BlockDeletingService.java:isDeletionAllowed(187)) - Close Container log Index 6 is not replicated across allthe servers in the pipeline 400d0dd0-f848-4ed7-b117-7cfe476639a9 as the min replicated index is 4. Deletion is not allowed in this container yet.
2019-10-24 13:26:25,644 [BlockDeletingService#2] WARN  background.BlockDeletingService (BlockDeletingService.java:isDeletionAllowed(187)) - Close Container log Index 6 is not replicated across allthe servers in the pipeline 400d0dd0-f848-4ed7-b117-7cfe476639a9 as the min replicated index is 4. Deletion is not allowed in this container yet.
2019-10-24 13:26:25,677 [EventQueue-ContainerReportForContainerReportHandler] WARN  container.ContainerReportHandler (AbstractContainerReportHandler.java:updateContainerState(145)) - Container #1 is in OPEN state, but the datanode 40829da6-3885-407c-a088-456b651d4556{ip: 192.168.34.46, host: pr-hdds-2347-fq45t-3280797939, networkLocation: /default-rack, certSerialId: null} reports an CLOSED replica.
2019-10-24 13:26:25,682 [EventQueue-ContainerReportForContainerReportHandler] WARN  container.ContainerReportHandler (AbstractContainerReportHandler.java:updateContainerState(145)) - Container #1 is in OPEN state, but the datanode 01d98fa9-b286-41ba-84b0-dae26651fa1e{ip: 192.168.34.46, host: pr-hdds-2347-fq45t-3280797939, networkLocation: /default-rack, certSerialId: null} reports an CLOSED replica.
2019-10-24 13:26:25,983 [EventQueue-ContainerReportForContainerReportHandler] WARN  container.ContainerReportHandler (AbstractContainerReportHandler.java:updateContainerState(145)) - Container #1 is in OPEN state, but the datanode 01d98fa9-b286-41ba-84b0-dae26651fa1e{ip: 192.168.34.46, host: pr-hdds-2347-fq45t-3280797939, networkLocation: /default-rack, certSerialId: null} reports an CLOSED replica.
2019-10-24 13:26:26,077 [EventQueue-ContainerReportForContainerReportHandler] WARN  container.ContainerReportHandler (AbstractContainerReportHandler.java:updateContainerState(145)) - Container #1 is in OPEN state, but the datanode 40829da6-3885-407c-a088-456b651d4556{ip: 192.168.34.46, host: pr-hdds-2347-fq45t-3280797939, networkLocation: /default-rack, certSerialId: null} reports an CLOSED replica.
2019-10-24 13:26:26,278 [EventQueue-ContainerReportForContainerReportHandler] WARN  container.ContainerReportHandler (AbstractContainerReportHandler.java:updateContainerState(145)) - Container #1 is in OPEN state, but the datanode 40829da6-3885-407c-a088-456b651d4556{ip: 192.168.34.46, host: pr-hdds-2347-fq45t-3280797939, networkLocation: /default-rack, certSerialId: null} reports an CLOSED replica.
2019-10-24 13:26:26,282 [EventQueue-ContainerReportForContainerReportHandler] WARN  container.ContainerReportHandler (AbstractContainerReportHandler.java:updateContainerState(145)) - Container #1 is in OPEN state, but the datanode 01d98fa9-b286-41ba-84b0-dae26651fa1e{ip: 192.168.34.46, host: pr-hdds-2347-fq45t-3280797939, networkLocation: /default-rack, certSerialId: null} reports an CLOSED replica.
2019-10-24 13:26:26,579 [EventQueue-ContainerReportForContainerReportHandler] WARN  container.ContainerReportHandler (AbstractContainerReportHandler.java:updateContainerState(145)) - Container #1 is in OPEN state, but the datanode 40829da6-3885-407c-a088-456b651d4556{ip: 192.168.34.46, host: pr-hdds-2347-fq45t-3280797939, networkLocation: /default-rack, certSerialId: null} reports an CLOSED replica.
2019-10-24 13:26:26,582 [EventQueue-ContainerReportForContainerReportHandler] WARN  container.ContainerReportHandler (AbstractContainerReportHandler.java:updateContainerState(145)) - Container #1 is in OPEN state, but the datanode 01d98fa9-b286-41ba-84b0-dae26651fa1e{ip: 192.168.34.46, host: pr-hdds-2347-fq45t-3280797939, networkLocation: /default-rack, certSerialId: null} reports an CLOSED replica.
2019-10-24 13:26:26,646 [BlockDeletingService#2] WARN  background.BlockDeletingService (BlockDeletingService.java:isDeletionAllowed(187)) - Close Container log Index 6 is not replicated across allthe servers in the pipeline 400d0dd0-f848-4ed7-b117-7cfe476639a9 as the min replicated index is 4. Deletion is not allowed in this container yet.
2019-10-24 13:26:26,646 [BlockDeletingService#2] WARN  background.BlockDeletingService (BlockDeletingService.java:isDeletionAllowed(187)) - Close Container log Index 6 is not replicated across allthe servers in the pipeline 400d0dd0-f848-4ed7-b117-7cfe476639a9 as the min replicated index is 4. Deletion is not allowed in this container yet.
2019-10-24 13:26:26,882 [EventQueue-ContainerReportForContainerReportHandler] WARN  container.ContainerReportHandler (AbstractContainerReportHandler.java:updateContainerState(145)) - Container #1 is in OPEN state, but the datanode 01d98fa9-b286-41ba-84b0-dae26651fa1e{ip: 192.168.34.46, host: pr-hdds-2347-fq45t-3280797939, networkLocation: /default-rack, certSerialId: null} reports an CLOSED replica.
2019-10-24 13:26:26,979 [EventQueue-ContainerReportForContainerReportHandler] WARN  container.ContainerReportHandler (AbstractContainerReportHandler.java:updateContainerState(145)) - Container #1 is in OPEN state, but the datanode 40829da6-3885-407c-a088-456b651d4556{ip: 192.168.34.46, host: pr-hdds-2347-fq45t-3280797939, networkLocation: /default-rack, certSerialId: null} reports an CLOSED replica.
2019-10-24 13:26:27,082 [EventQueue-ContainerReportForContainerReportHandler] WARN  container.ContainerReportHandler (AbstractContainerReportHandler.java:updateContainerState(145)) - Container #1 is in OPEN state, but the datanode 01d98fa9-b286-41ba-84b0-dae26651fa1e{ip: 192.168.34.46, host: pr-hdds-2347-fq45t-3280797939, networkLocation: /default-rack, certSerialId: null} reports an CLOSED replica.
2019-10-24 13:26:27,180 [EventQueue-ContainerReportForContainerReportHandler] WARN  container.ContainerReportHandler (AbstractContainerReportHandler.java:updateContainerState(145)) - Container #1 is in OPEN state, but the datanode 40829da6-3885-407c-a088-456b651d4556{ip: 192.168.34.46, host: pr-hdds-2347-fq45t-3280797939, networkLocation: /default-rack, certSerialId: null} reports an CLOSED replica.
2019-10-24 13:26:27,283 [EventQueue-ContainerReportForContainerReportHandler] WARN  container.ContainerReportHandler (AbstractContainerReportHandler.java:updateContainerState(145)) - Container #1 is in OPEN state, but the datanode 01d98fa9-b286-41ba-84b0-dae26651fa1e{ip: 192.168.34.46, host: pr-hdds-2347-fq45t-3280797939, networkLocation: /default-rack, certSerialId: null} reports an CLOSED replica.
2019-10-24 13:26:27,306 [java.util.concurrent.ThreadPoolExecutor$Worker@7ba61e93[State = -1, empty queue]] WARN  server.GrpcLogAppender (GrpcLogAppender.java:timeoutAppendRequest(209)) - 40829da6-3885-407c-a088-456b651d4556@group-7CFE476639A9->6e90e31a-7849-4a98-b31c-06f2da08fbb3-GrpcLogAppender: appendEntries Timeout, request=40829da6-3885-407c-a088-456b651d4556->6e90e31a-7849-4a98-b31c-06f2da08fbb3#26-t2, previous=(t:2, i:10), leaderCommit=10, initializing? false, entries: <empty>
2019-10-24 13:26:27,481 [EventQueue-ContainerReportForContainerReportHandler] WARN  container.ContainerReportHandler (AbstractContainerReportHandler.java:updateContainerState(145)) - Container #1 is in OPEN state, but the datanode 40829da6-3885-407c-a088-456b651d4556{ip: 192.168.34.46, host: pr-hdds-2347-fq45t-3280797939, networkLocation: /default-rack, certSerialId: null} reports an CLOSED replica.
2019-10-24 13:26:27,582 [EventQueue-ContainerReportForContainerReportHandler] WARN  container.ContainerReportHandler (AbstractContainerReportHandler.java:updateContainerState(145)) - Container #1 is in OPEN state, but the datanode 01d98fa9-b286-41ba-84b0-dae26651fa1e{ip: 192.168.34.46, host: pr-hdds-2347-fq45t-3280797939, networkLocation: /default-rack, certSerialId: null} reports an CLOSED replica.
2019-10-24 13:26:27,651 [BlockDeletingService#2] WARN  background.BlockDeletingService (BlockDeletingService.java:isDeletionAllowed(187)) - Close Container log Index 6 is not replicated across allthe servers in the pipeline 400d0dd0-f848-4ed7-b117-7cfe476639a9 as the min replicated index is 4. Deletion is not allowed in this container yet.
2019-10-24 13:26:27,651 [BlockDeletingService#2] WARN  background.BlockDeletingService (BlockDeletingService.java:isDeletionAllowed(187)) - Close Container log Index 6 is not replicated across allthe servers in the pipeline 400d0dd0-f848-4ed7-b117-7cfe476639a9 as the min replicated index is 4. Deletion is not allowed in this container yet.
2019-10-24 13:26:27,781 [EventQueue-ContainerReportForContainerReportHandler] WARN  container.ContainerReportHandler (AbstractContainerReportHandler.java:updateContainerState(145)) - Container #1 is in OPEN state, but the datanode 40829da6-3885-407c-a088-456b651d4556{ip: 192.168.34.46, host: pr-hdds-2347-fq45t-3280797939, networkLocation: /default-rack, certSerialId: null} reports an CLOSED replica.
2019-10-24 13:26:27,884 [EventQueue-ContainerReportForContainerReportHandler] WARN  container.ContainerReportHandler (AbstractContainerReportHandler.java:updateContainerState(145)) - Container #1 is in OPEN state, but the datanode 01d98fa9-b286-41ba-84b0-dae26651fa1e{ip: 192.168.34.46, host: pr-hdds-2347-fq45t-3280797939, networkLocation: /default-rack, certSerialId: null} reports an CLOSED replica.
2019-10-24 13:26:27,981 [EventQueue-ContainerReportForContainerReportHandler] WARN  container.ContainerReportHandler (AbstractContainerReportHandler.java:updateContainerState(145)) - Container #1 is in OPEN state, but the datanode 40829da6-3885-407c-a088-456b651d4556{ip: 192.168.34.46, host: pr-hdds-2347-fq45t-3280797939, networkLocation: /default-rack, certSerialId: null} reports an CLOSED replica.
2019-10-24 13:26:28,185 [EventQueue-ContainerReportForContainerReportHandler] WARN  container.ContainerReportHandler (AbstractContainerReportHandler.java:updateContainerState(145)) - Container #1 is in OPEN state, but the datanode 01d98fa9-b286-41ba-84b0-dae26651fa1e{ip: 192.168.34.46, host: pr-hdds-2347-fq45t-3280797939, networkLocation: /default-rack, certSerialId: null} reports an CLOSED replica.
2019-10-24 13:26:28,281 [EventQueue-ContainerReportForContainerReportHandler] WARN  container.ContainerReportHandler (AbstractContainerReportHandler.java:updateContainerState(145)) - Container #1 is in OPEN state, but the datanode 40829da6-3885-407c-a088-456b651d4556{ip: 192.168.34.46, host: pr-hdds-2347-fq45t-3280797939, networkLocation: /default-rack, certSerialId: null} reports an CLOSED replica.
2019-10-24 13:26:28,581 [EventQueue-ContainerReportForContainerReportHandler] WARN  container.ContainerReportHandler (AbstractContainerReportHandler.java:updateContainerState(145)) - Container #1 is in OPEN state, but the datanode 40829da6-3885-407c-a088-456b651d4556{ip: 192.168.34.46, host: pr-hdds-2347-fq45t-3280797939, networkLocation: /default-rack, certSerialId: null} reports an CLOSED replica.
2019-10-24 13:26:28,584 [EventQueue-ContainerReportForContainerReportHandler] WARN  container.ContainerReportHandler (AbstractContainerReportHandler.java:updateContainerState(145)) - Container #1 is in OPEN state, but the datanode 01d98fa9-b286-41ba-84b0-dae26651fa1e{ip: 192.168.34.46, host: pr-hdds-2347-fq45t-3280797939, networkLocation: /default-rack, certSerialId: null} reports an CLOSED replica.
2019-10-24 13:26:28,652 [BlockDeletingService#2] WARN  background.BlockDeletingService (BlockDeletingService.java:isDeletionAllowed(187)) - Close Container log Index 6 is not replicated across allthe servers in the pipeline 400d0dd0-f848-4ed7-b117-7cfe476639a9 as the min replicated index is 4. Deletion is not allowed in this container yet.
2019-10-24 13:26:28,652 [BlockDeletingService#2] WARN  background.BlockDeletingService (BlockDeletingService.java:isDeletionAllowed(187)) - Close Container log Index 6 is not replicated across allthe servers in the pipeline 400d0dd0-f848-4ed7-b117-7cfe476639a9 as the min replicated index is 4. Deletion is not allowed in this container yet.
2019-10-24 13:26:28,785 [EventQueue-ContainerReportForContainerReportHandler] WARN  container.ContainerReportHandler (AbstractContainerReportHandler.java:updateContainerState(145)) - Container #1 is in OPEN state, but the datanode 01d98fa9-b286-41ba-84b0-dae26651fa1e{ip: 192.168.34.46, host: pr-hdds-2347-fq45t-3280797939, networkLocation: /default-rack, certSerialId: null} reports an CLOSED replica.
2019-10-24 13:26:28,881 [EventQueue-ContainerReportForContainerReportHandler] WARN  container.ContainerReportHandler (AbstractContainerReportHandler.java:updateContainerState(145)) - Container #1 is in OPEN state, but the datanode 40829da6-3885-407c-a088-456b651d4556{ip: 192.168.34.46, host: pr-hdds-2347-fq45t-3280797939, networkLocation: /default-rack, certSerialId: null} reports an CLOSED replica.
2019-10-24 13:26:29,180 [EventQueue-ContainerReportForContainerReportHandler] WARN  container.ContainerReportHandler (AbstractContainerReportHandler.java:updateContainerState(145)) - Container #1 is in OPEN state, but the datanode 40829da6-3885-407c-a088-456b651d4556{ip: 192.168.34.46, host: pr-hdds-2347-fq45t-3280797939, networkLocation: /default-rack, certSerialId: null} reports an CLOSED replica.
2019-10-24 13:26:29,184 [EventQueue-ContainerReportForContainerReportHandler] WARN  container.ContainerReportHandler (AbstractContainerReportHandler.java:updateContainerState(145)) - Container #1 is in OPEN state, but the datanode 01d98fa9-b286-41ba-84b0-dae26651fa1e{ip: 192.168.34.46, host: pr-hdds-2347-fq45t-3280797939, networkLocation: /default-rack, certSerialId: null} reports an CLOSED replica.
2019-10-24 13:26:29,485 [EventQueue-ContainerReportForContainerReportHandler] WARN  container.ContainerReportHandler (AbstractContainerReportHandler.java:updateContainerState(145)) - Container #1 is in OPEN state, but the datanode 01d98fa9-b286-41ba-84b0-dae26651fa1e{ip: 192.168.34.46, host: pr-hdds-2347-fq45t-3280797939, networkLocation: /default-rack, certSerialId: null} reports an CLOSED replica.
2019-10-24 13:26:29,580 [EventQueue-ContainerReportForContainerReportHandler] WARN  container.ContainerReportHandler (AbstractContainerReportHandler.java:updateContainerState(145)) - Container #1 is in OPEN state, but the datanode 40829da6-3885-407c-a088-456b651d4556{ip: 192.168.34.46, host: pr-hdds-2347-fq45t-3280797939, networkLocation: /default-rack, certSerialId: null} reports an CLOSED replica.
2019-10-24 13:26:29,654 [BlockDeletingService#2] WARN  background.BlockDeletingService (BlockDeletingService.java:isDeletionAllowed(187)) - Close Container log Index 6 is not replicated across allthe servers in the pipeline 400d0dd0-f848-4ed7-b117-7cfe476639a9 as the min replicated index is 4. Deletion is not allowed in this container yet.
2019-10-24 13:26:29,654 [BlockDeletingService#2] WARN  background.BlockDeletingService (BlockDeletingService.java:isDeletionAllowed(187)) - Close Container log Index 6 is not replicated across allthe servers in the pipeline 400d0dd0-f848-4ed7-b117-7cfe476639a9 as the min replicated index is 4. Deletion is not allowed in this container yet.
2019-10-24 13:26:29,808 [java.util.concurrent.ThreadPoolExecutor$Worker@7ba61e93[State = -1, empty queue]] WARN  server.GrpcLogAppender (GrpcLogAppender.java:timeoutAppendRequest(209)) - 40829da6-3885-407c-a088-456b651d4556@group-7CFE476639A9->6e90e31a-7849-4a98-b31c-06f2da08fbb3-GrpcLogAppender: appendEntries Timeout, request=40829da6-3885-407c-a088-456b651d4556->6e90e31a-7849-4a98-b31c-06f2da08fbb3#27-t2, previous=(t:2, i:10), leaderCommit=10, initializing? false, entries: <empty>
2019-10-24 13:26:29,881 [EventQueue-ContainerReportForContainerReportHandler] WARN  container.ContainerReportHandler (AbstractContainerReportHandler.java:updateContainerState(145)) - Container #1 is in OPEN state, but the datanode 40829da6-3885-407c-a088-456b651d4556{ip: 192.168.34.46, host: pr-hdds-2347-fq45t-3280797939, networkLocation: /default-rack, certSerialId: null} reports an CLOSED replica.
2019-10-24 13:26:29,884 [EventQueue-ContainerReportForContainerReportHandler] WARN  container.ContainerReportHandler (AbstractContainerReportHandler.java:updateContainerState(145)) - Container #1 is in OPEN state, but the datanode 01d98fa9-b286-41ba-84b0-dae26651fa1e{ip: 192.168.34.46, host: pr-hdds-2347-fq45t-3280797939, networkLocation: /default-rack, certSerialId: null} reports an CLOSED replica.
2019-10-24 13:26:30,182 [EventQueue-ContainerReportForContainerReportHandler] WARN  container.ContainerReportHandler (AbstractContainerReportHandler.java:updateContainerState(145)) - Container #1 is in OPEN state, but the datanode 40829da6-3885-407c-a088-456b651d4556{ip: 192.168.34.46, host: pr-hdds-2347-fq45t-3280797939, networkLocation: /default-rack, certSerialId: null} reports an CLOSED replica.
2019-10-24 13:26:30,287 [EventQueue-ContainerReportForContainerReportHandler] WARN  container.ContainerReportHandler (AbstractContainerReportHandler.java:updateContainerState(145)) - Container #1 is in OPEN state, but the datanode 01d98fa9-b286-41ba-84b0-dae26651fa1e{ip: 192.168.34.46, host: pr-hdds-2347-fq45t-3280797939, networkLocation: /default-rack, certSerialId: null} reports an CLOSED replica.
2019-10-24 13:26:30,483 [EventQueue-ContainerReportForContainerReportHandler] WARN  container.ContainerReportHandler (AbstractContainerReportHandler.java:updateContainerState(145)) - Container #1 is in OPEN state, but the datanode 40829da6-3885-407c-a088-456b651d4556{ip: 192.168.34.46, host: pr-hdds-2347-fq45t-3280797939, networkLocation: /default-rack, certSerialId: null} reports an CLOSED replica.
2019-10-24 13:26:30,585 [EventQueue-ContainerReportForContainerReportHandler] WARN  container.ContainerReportHandler (AbstractContainerReportHandler.java:updateContainerState(145)) - Container #1 is in OPEN state, but the datanode 01d98fa9-b286-41ba-84b0-dae26651fa1e{ip: 192.168.34.46, host: pr-hdds-2347-fq45t-3280797939, networkLocation: /default-rack, certSerialId: null} reports an CLOSED replica.
2019-10-24 13:26:30,656 [BlockDeletingService#2] WARN  background.BlockDeletingService (BlockDeletingService.java:isDeletionAllowed(187)) - Close Container log Index 6 is not replicated across allthe servers in the pipeline 400d0dd0-f848-4ed7-b117-7cfe476639a9 as the min replicated index is 4. Deletion is not allowed in this container yet.
2019-10-24 13:26:30,656 [BlockDeletingService#2] WARN  background.BlockDeletingService (BlockDeletingService.java:isDeletionAllowed(187)) - Close Container log Index 6 is not replicated across allthe servers in the pipeline 400d0dd0-f848-4ed7-b117-7cfe476639a9 as the min replicated index is 4. Deletion is not allowed in this container yet.
2019-10-24 13:26:30,783 [EventQueue-ContainerReportForContainerReportHandler] WARN  container.ContainerReportHandler (AbstractContainerReportHandler.java:updateContainerState(145)) - Container #1 is in OPEN state, but the datanode 40829da6-3885-407c-a088-456b651d4556{ip: 192.168.34.46, host: pr-hdds-2347-fq45t-3280797939, networkLocation: /default-rack, certSerialId: null} reports an CLOSED replica.
2019-10-24 13:26:30,886 [EventQueue-ContainerReportForContainerReportHandler] WARN  container.ContainerReportHandler (AbstractContainerReportHandler.java:updateContainerState(145)) - Container #1 is in OPEN state, but the datanode 01d98fa9-b286-41ba-84b0-dae26651fa1e{ip: 192.168.34.46, host: pr-hdds-2347-fq45t-3280797939, networkLocation: /default-rack, certSerialId: null} reports an CLOSED replica.
2019-10-24 13:26:31,088 [EventQueue-ContainerReportForContainerReportHandler] WARN  container.ContainerReportHandler (AbstractContainerReportHandler.java:updateContainerState(145)) - Container #1 is in OPEN state, but the datanode 01d98fa9-b286-41ba-84b0-dae26651fa1e{ip: 192.168.34.46, host: pr-hdds-2347-fq45t-3280797939, networkLocation: /default-rack, certSerialId: null} reports an CLOSED replica.
2019-10-24 13:26:31,184 [EventQueue-ContainerReportForContainerReportHandler] WARN  container.ContainerReportHandler (AbstractContainerReportHandler.java:updateContainerState(145)) - Container #1 is in OPEN state, but the datanode 40829da6-3885-407c-a088-456b651d4556{ip: 192.168.34.46, host: pr-hdds-2347-fq45t-3280797939, networkLocation: /default-rack, certSerialId: null} reports an CLOSED replica.
2019-10-24 13:26:31,288 [EventQueue-ContainerReportForContainerReportHandler] WARN  container.ContainerReportHandler (AbstractContainerReportHandler.java:updateContainerState(145)) - Container #1 is in OPEN state, but the datanode 01d98fa9-b286-41ba-84b0-dae26651fa1e{ip: 192.168.34.46, host: pr-hdds-2347-fq45t-3280797939, networkLocation: /default-rack, certSerialId: null} reports an CLOSED replica.
2019-10-24 13:26:31,486 [EventQueue-ContainerReportForContainerReportHandler] WARN  container.ContainerReportHandler (AbstractContainerReportHandler.java:updateContainerState(145)) - Container #1 is in OPEN state, but the datanode 40829da6-3885-407c-a088-456b651d4556{ip: 192.168.34.46, host: pr-hdds-2347-fq45t-3280797939, networkLocation: /default-rack, certSerialId: null} reports an CLOSED replica.
2019-10-24 13:26:31,657 [BlockDeletingService#2] WARN  background.BlockDeletingService (BlockDeletingService.java:isDeletionAllowed(187)) - Close Container log Index 6 is not replicated across allthe servers in the pipeline 400d0dd0-f848-4ed7-b117-7cfe476639a9 as the min replicated index is 4. Deletion is not allowed in this container yet.
2019-10-24 13:26:31,657 [BlockDeletingService#2] WARN  background.BlockDeletingService (BlockDeletingService.java:isDeletionAllowed(187)) - Close Container log Index 6 is not replicated across allthe servers in the pipeline 400d0dd0-f848-4ed7-b117-7cfe476639a9 as the min replicated index is 4. Deletion is not allowed in this container yet.
2019-10-24 13:26:31,688 [EventQueue-ContainerReportForContainerReportHandler] WARN  container.ContainerReportHandler (AbstractContainerReportHandler.java:updateContainerState(145)) - Container #1 is in OPEN state, but the datanode 01d98fa9-b286-41ba-84b0-dae26651fa1e{ip: 192.168.34.46, host: pr-hdds-2347-fq45t-3280797939, networkLocation: /default-rack, certSerialId: null} reports an CLOSED replica.
2019-10-24 13:26:31,755 [Thread-371] INFO  client.GrpcClientProtocolService (GrpcClientProtocolService.java:lambda$processClientRequest$0(279)) - Failed RaftClientRequest:client-180CB693DB15->40829da6-3885-407c-a088-456b651d4556@group-7CFE476639A9, cid=10, seq=0, Watch-ALL_COMMITTED(6), Message:<EMPTY>, reply=RaftClientReply:client-180CB693DB15->40829da6-3885-407c-a088-456b651d4556@group-7CFE476639A9, cid=10, FAILED org.apache.ratis.protocol.NotReplicatedException: Request with call Id 10 and log index 6 is not yet replicated to ALL_COMMITTED, logIndex=6, commits[40829da6-3885-407c-a088-456b651d4556:c10, 6e90e31a-7849-4a98-b31c-06f2da08fbb3:c4, 01d98fa9-b286-41ba-84b0-dae26651fa1e:c10]
2019-10-24 13:26:31,886 [EventQueue-ContainerReportForContainerReportHandler] WARN  container.ContainerReportHandler (AbstractContainerReportHandler.java:updateContainerState(145)) - Container #1 is in OPEN state, but the datanode 40829da6-3885-407c-a088-456b651d4556{ip: 192.168.34.46, host: pr-hdds-2347-fq45t-3280797939, networkLocation: /default-rack, certSerialId: null} reports an CLOSED replica.
2019-10-24 13:26:31,987 [EventQueue-ContainerReportForContainerReportHandler] WARN  container.ContainerReportHandler (AbstractContainerReportHandler.java:updateContainerState(145)) - Container #1 is in OPEN state, but the datanode 01d98fa9-b286-41ba-84b0-dae26651fa1e{ip: 192.168.34.46, host: pr-hdds-2347-fq45t-3280797939, networkLocation: /default-rack, certSerialId: null} reports an CLOSED replica.
2019-10-24 13:26:32,187 [EventQueue-ContainerReportForContainerReportHandler] WARN  container.ContainerReportHandler (AbstractContainerReportHandler.java:updateContainerState(145)) - Container #1 is in OPEN state, but the datanode 40829da6-3885-407c-a088-456b651d4556{ip: 192.168.34.46, host: pr-hdds-2347-fq45t-3280797939, networkLocation: /default-rack, certSerialId: null} reports an CLOSED replica.
2019-10-24 13:26:32,187 [EventQueue-ContainerReportForContainerReportHandler] WARN  container.ContainerReportHandler (AbstractContainerReportHandler.java:updateContainerState(145)) - Container #1 is in OPEN state, but the datanode 01d98fa9-b286-41ba-84b0-dae26651fa1e{ip: 192.168.34.46, host: pr-hdds-2347-fq45t-3280797939, networkLocation: /default-rack, certSerialId: null} reports an CLOSED replica.
2019-10-24 13:26:32,309 [java.util.concurrent.ThreadPoolExecutor$Worker@7ba61e93[State = -1, empty queue]] WARN  server.GrpcLogAppender (GrpcLogAppender.java:timeoutAppendRequest(209)) - 40829da6-3885-407c-a088-456b651d4556@group-7CFE476639A9->6e90e31a-7849-4a98-b31c-06f2da08fbb3-GrpcLogAppender: appendEntries Timeout, request=40829da6-3885-407c-a088-456b651d4556->6e90e31a-7849-4a98-b31c-06f2da08fbb3#28-t2, previous=(t:2, i:10), leaderCommit=10, initializing? false, entries: <empty>
2019-10-24 13:26:32,487 [EventQueue-ContainerReportForContainerReportHandler] WARN  container.ContainerReportHandler (AbstractContainerReportHandler.java:updateContainerState(145)) - Container #1 is in OPEN state, but the datanode 40829da6-3885-407c-a088-456b651d4556{ip: 192.168.34.46, host: pr-hdds-2347-fq45t-3280797939, networkLocation: /default-rack, certSerialId: null} reports an CLOSED replica.
2019-10-24 13:26:32,589 [EventQueue-ContainerReportForContainerReportHandler] WARN  container.ContainerReportHandler (AbstractContainerReportHandler.java:updateContainerState(145)) - Container #1 is in OPEN state, but the datanode 01d98fa9-b286-41ba-84b0-dae26651fa1e{ip: 192.168.34.46, host: pr-hdds-2347-fq45t-3280797939, networkLocation: /default-rack, certSerialId: null} reports an CLOSED replica.
2019-10-24 13:26:32,659 [BlockDeletingService#2] WARN  background.BlockDeletingService (BlockDeletingService.java:isDeletionAllowed(187)) - Close Container log Index 6 is not replicated across allthe servers in the pipeline 400d0dd0-f848-4ed7-b117-7cfe476639a9 as the min replicated index is 4. Deletion is not allowed in this container yet.
2019-10-24 13:26:32,659 [BlockDeletingService#2] WARN  background.BlockDeletingService (BlockDeletingService.java:isDeletionAllowed(187)) - Close Container log Index 6 is not replicated across allthe servers in the pipeline 400d0dd0-f848-4ed7-b117-7cfe476639a9 as the min replicated index is 4. Deletion is not allowed in this container yet.
2019-10-24 13:26:32,686 [EventQueue-ContainerReportForContainerReportHandler] WARN  container.ContainerReportHandler (AbstractContainerReportHandler.java:updateContainerState(145)) - Container #1 is in OPEN state, but the datanode 40829da6-3885-407c-a088-456b651d4556{ip: 192.168.34.46, host: pr-hdds-2347-fq45t-3280797939, networkLocation: /default-rack, certSerialId: null} reports an CLOSED replica.
2019-10-24 13:26:32,790 [EventQueue-ContainerReportForContainerReportHandler] WARN  container.ContainerReportHandler (AbstractContainerReportHandler.java:updateContainerState(145)) - Container #1 is in OPEN state, but the datanode 01d98fa9-b286-41ba-84b0-dae26651fa1e{ip: 192.168.34.46, host: pr-hdds-2347-fq45t-3280797939, networkLocation: /default-rack, certSerialId: null} reports an CLOSED replica.
2019-10-24 13:26:32,990 [EventQueue-ContainerReportForContainerReportHandler] WARN  container.ContainerReportHandler (AbstractContainerReportHandler.java:updateContainerState(145)) - Container #1 is in OPEN state, but the datanode 01d98fa9-b286-41ba-84b0-dae26651fa1e{ip: 192.168.34.46, host: pr-hdds-2347-fq45t-3280797939, networkLocation: /default-rack, certSerialId: null} reports an CLOSED replica.
2019-10-24 13:26:33,090 [EventQueue-ContainerReportForContainerReportHandler] WARN  container.ContainerReportHandler (AbstractContainerReportHandler.java:updateContainerState(145)) - Container #1 is in OPEN state, but the datanode 40829da6-3885-407c-a088-456b651d4556{ip: 192.168.34.46, host: pr-hdds-2347-fq45t-3280797939, networkLocation: /default-rack, certSerialId: null} reports an CLOSED replica.
2019-10-24 13:26:33,287 [EventQueue-ContainerReportForContainerReportHandler] WARN  container.ContainerReportHandler (AbstractContainerReportHandler.java:updateContainerState(145)) - Container #1 is in OPEN state, but the datanode 40829da6-3885-407c-a088-456b651d4556{ip: 192.168.34.46, host: pr-hdds-2347-fq45t-3280797939, networkLocation: /default-rack, certSerialId: null} reports an CLOSED replica.
2019-10-24 13:26:33,391 [EventQueue-ContainerReportForContainerReportHandler] WARN  container.ContainerReportHandler (AbstractContainerReportHandler.java:updateContainerState(145)) - Container #1 is in OPEN state, but the datanode 01d98fa9-b286-41ba-84b0-dae26651fa1e{ip: 192.168.34.46, host: pr-hdds-2347-fq45t-3280797939, networkLocation: /default-rack, certSerialId: null} reports an CLOSED replica.
2019-10-24 13:26:33,588 [EventQueue-ContainerReportForContainerReportHandler] WARN  container.ContainerReportHandler (AbstractContainerReportHandler.java:updateContainerState(145)) - Container #1 is in OPEN state, but the datanode 40829da6-3885-407c-a088-456b651d4556{ip: 192.168.34.46, host: pr-hdds-2347-fq45t-3280797939, networkLocation: /default-rack, certSerialId: null} reports an CLOSED replica.
2019-10-24 13:26:33,591 [EventQueue-ContainerReportForContainerReportHandler] WARN  container.ContainerReportHandler (AbstractContainerReportHandler.java:updateContainerState(145)) - Container #1 is in OPEN state, but the datanode 01d98fa9-b286-41ba-84b0-dae26651fa1e{ip: 192.168.34.46, host: pr-hdds-2347-fq45t-3280797939, networkLocation: /default-rack, certSerialId: null} reports an CLOSED replica.
2019-10-24 13:26:33,662 [BlockDeletingService#2] WARN  background.BlockDeletingService (BlockDeletingService.java:isDeletionAllowed(187)) - Close Container log Index 6 is not replicated across allthe servers in the pipeline 400d0dd0-f848-4ed7-b117-7cfe476639a9 as the min replicated index is 4. Deletion is not allowed in this container yet.
2019-10-24 13:26:33,662 [BlockDeletingService#2] WARN  background.BlockDeletingService (BlockDeletingService.java:isDeletionAllowed(187)) - Close Container log Index 6 is not replicated across allthe servers in the pipeline 400d0dd0-f848-4ed7-b117-7cfe476639a9 as the min replicated index is 4. Deletion is not allowed in this container yet.
2019-10-24 13:26:33,892 [EventQueue-ContainerReportForContainerReportHandler] WARN  container.ContainerReportHandler (AbstractContainerReportHandler.java:updateContainerState(145)) - Container #1 is in OPEN state, but the datanode 01d98fa9-b286-41ba-84b0-dae26651fa1e{ip: 192.168.34.46, host: pr-hdds-2347-fq45t-3280797939, networkLocation: /default-rack, certSerialId: null} reports an CLOSED replica.
2019-10-24 13:26:33,988 [EventQueue-ContainerReportForContainerReportHandler] WARN  container.ContainerReportHandler (AbstractContainerReportHandler.java:updateContainerState(145)) - Container #1 is in OPEN state, but the datanode 40829da6-3885-407c-a088-456b651d4556{ip: 192.168.34.46, host: pr-hdds-2347-fq45t-3280797939, networkLocation: /default-rack, certSerialId: null} reports an CLOSED replica.
2019-10-24 13:26:34,191 [EventQueue-ContainerReportForContainerReportHandler] WARN  container.ContainerReportHandler (AbstractContainerReportHandler.java:updateContainerState(145)) - Container #1 is in OPEN state, but the datanode 01d98fa9-b286-41ba-84b0-dae26651fa1e{ip: 192.168.34.46, host: pr-hdds-2347-fq45t-3280797939, networkLocation: /default-rack, certSerialId: null} reports an CLOSED replica.
2019-10-24 13:26:34,287 [EventQueue-ContainerReportForContainerReportHandler] WARN  container.ContainerReportHandler (AbstractContainerReportHandler.java:updateContainerState(145)) - Container #1 is in OPEN state, but the datanode 40829da6-3885-407c-a088-456b651d4556{ip: 192.168.34.46, host: pr-hdds-2347-fq45t-3280797939, networkLocation: /default-rack, certSerialId: null} reports an CLOSED replica.
2019-10-24 13:26:34,492 [EventQueue-ContainerReportForContainerReportHandler] WARN  container.ContainerReportHandler (AbstractContainerReportHandler.java:updateContainerState(145)) - Container #1 is in OPEN state, but the datanode 01d98fa9-b286-41ba-84b0-dae26651fa1e{ip: 192.168.34.46, host: pr-hdds-2347-fq45t-3280797939, networkLocation: /default-rack, certSerialId: null} reports an CLOSED replica.
2019-10-24 13:26:34,664 [BlockDeletingService#2] WARN  background.BlockDeletingService (BlockDeletingService.java:isDeletionAllowed(187)) - Close Container log Index 6 is not replicated across allthe servers in the pipeline 400d0dd0-f848-4ed7-b117-7cfe476639a9 as the min replicated index is 4. Deletion is not allowed in this container yet.
2019-10-24 13:26:34,664 [BlockDeletingService#2] WARN  background.BlockDeletingService (BlockDeletingService.java:isDeletionAllowed(187)) - Close Container log Index 6 is not replicated across allthe servers in the pipeline 400d0dd0-f848-4ed7-b117-7cfe476639a9 as the min replicated index is 4. Deletion is not allowed in this container yet.
2019-10-24 13:26:34,687 [EventQueue-ContainerReportForContainerReportHandler] WARN  container.ContainerReportHandler (AbstractContainerReportHandler.java:updateContainerState(145)) - Container #1 is in OPEN state, but the datanode 40829da6-3885-407c-a088-456b651d4556{ip: 192.168.34.46, host: pr-hdds-2347-fq45t-3280797939, networkLocation: /default-rack, certSerialId: null} reports an CLOSED replica.
2019-10-24 13:26:34,810 [java.util.concurrent.ThreadPoolExecutor$Worker@7ba61e93[State = -1, empty queue]] WARN  server.GrpcLogAppender (GrpcLogAppender.java:timeoutAppendRequest(209)) - 40829da6-3885-407c-a088-456b651d4556@group-7CFE476639A9->6e90e31a-7849-4a98-b31c-06f2da08fbb3-GrpcLogAppender: appendEntries Timeout, request=40829da6-3885-407c-a088-456b651d4556->6e90e31a-7849-4a98-b31c-06f2da08fbb3#29-t2, previous=(t:2, i:10), leaderCommit=10, initializing? false, entries: <empty>
2019-10-24 13:26:34,892 [EventQueue-ContainerReportForContainerReportHandler] WARN  container.ContainerReportHandler (AbstractContainerReportHandler.java:updateContainerState(145)) - Container #1 is in OPEN state, but the datanode 01d98fa9-b286-41ba-84b0-dae26651fa1e{ip: 192.168.34.46, host: pr-hdds-2347-fq45t-3280797939, networkLocation: /default-rack, certSerialId: null} reports an CLOSED replica.
2019-10-24 13:26:34,989 [EventQueue-ContainerReportForContainerReportHandler] WARN  container.ContainerReportHandler (AbstractContainerReportHandler.java:updateContainerState(145)) - Container #1 is in OPEN state, but the datanode 40829da6-3885-407c-a088-456b651d4556{ip: 192.168.34.46, host: pr-hdds-2347-fq45t-3280797939, networkLocation: /default-rack, certSerialId: null} reports an CLOSED replica.
2019-10-24 13:26:35,189 [EventQueue-ContainerReportForContainerReportHandler] WARN  container.ContainerReportHandler (AbstractContainerReportHandler.java:updateContainerState(145)) - Container #1 is in OPEN state, but the datanode 40829da6-3885-407c-a088-456b651d4556{ip: 192.168.34.46, host: pr-hdds-2347-fq45t-3280797939, networkLocation: /default-rack, certSerialId: null} reports an CLOSED replica.
2019-10-24 13:26:35,191 [EventQueue-ContainerReportForContainerReportHandler] WARN  container.ContainerReportHandler (AbstractContainerReportHandler.java:updateContainerState(145)) - Container #1 is in OPEN state, but the datanode 01d98fa9-b286-41ba-84b0-dae26651fa1e{ip: 192.168.34.46, host: pr-hdds-2347-fq45t-3280797939, networkLocation: /default-rack, certSerialId: null} reports an CLOSED replica.
2019-10-24 13:26:35,390 [EventQueue-ContainerReportForContainerReportHandler] WARN  container.ContainerReportHandler (AbstractContainerReportHandler.java:updateContainerState(145)) - Container #1 is in OPEN state, but the datanode 40829da6-3885-407c-a088-456b651d4556{ip: 192.168.34.46, host: pr-hdds-2347-fq45t-3280797939, networkLocation: /default-rack, certSerialId: null} reports an CLOSED replica.
2019-10-24 13:26:35,491 [EventQueue-ContainerReportForContainerReportHandler] WARN  container.ContainerReportHandler (AbstractContainerReportHandler.java:updateContainerState(145)) - Container #1 is in OPEN state, but the datanode 01d98fa9-b286-41ba-84b0-dae26651fa1e{ip: 192.168.34.46, host: pr-hdds-2347-fq45t-3280797939, networkLocation: /default-rack, certSerialId: null} reports an CLOSED replica.
2019-10-24 13:26:35,667 [BlockDeletingService#2] WARN  background.BlockDeletingService (BlockDeletingService.java:isDeletionAllowed(187)) - Close Container log Index 6 is not replicated across allthe servers in the pipeline 400d0dd0-f848-4ed7-b117-7cfe476639a9 as the min replicated index is 4. Deletion is not allowed in this container yet.
2019-10-24 13:26:35,667 [BlockDeletingService#2] WARN  background.BlockDeletingService (BlockDeletingService.java:isDeletionAllowed(187)) - Close Container log Index 6 is not replicated across allthe servers in the pipeline 400d0dd0-f848-4ed7-b117-7cfe476639a9 as the min replicated index is 4. Deletion is not allowed in this container yet.
2019-10-24 13:26:35,691 [EventQueue-ContainerReportForContainerReportHandler] WARN  container.ContainerReportHandler (AbstractContainerReportHandler.java:updateContainerState(145)) - Container #1 is in OPEN state, but the datanode 40829da6-3885-407c-a088-456b651d4556{ip: 192.168.34.46, host: pr-hdds-2347-fq45t-3280797939, networkLocation: /default-rack, certSerialId: null} reports an CLOSED replica.
2019-10-24 13:26:35,791 [EventQueue-ContainerReportForContainerReportHandler] WARN  container.ContainerReportHandler (AbstractContainerReportHandler.java:updateContainerState(145)) - Container #1 is in OPEN state, but the datanode 01d98fa9-b286-41ba-84b0-dae26651fa1e{ip: 192.168.34.46, host: pr-hdds-2347-fq45t-3280797939, networkLocation: /default-rack, certSerialId: null} reports an CLOSED replica.
2019-10-24 13:26:35,891 [EventQueue-ContainerReportForContainerReportHandler] WARN  container.ContainerReportHandler (AbstractContainerReportHandler.java:updateContainerState(145)) - Container #1 is in OPEN state, but the datanode 40829da6-3885-407c-a088-456b651d4556{ip: 192.168.34.46, host: pr-hdds-2347-fq45t-3280797939, networkLocation: /default-rack, certSerialId: null} reports an CLOSED replica.
2019-10-24 13:26:36,091 [EventQueue-ContainerReportForContainerReportHandler] WARN  container.ContainerReportHandler (AbstractContainerReportHandler.java:updateContainerState(145)) - Container #1 is in OPEN state, but the datanode 01d98fa9-b286-41ba-84b0-dae26651fa1e{ip: 192.168.34.46, host: pr-hdds-2347-fq45t-3280797939, networkLocation: /default-rack, certSerialId: null} reports an CLOSED replica.
2019-10-24 13:26:36,191 [EventQueue-ContainerReportForContainerReportHandler] WARN  container.ContainerReportHandler (AbstractContainerReportHandler.java:updateContainerState(145)) - Container #1 is in OPEN state, but the datanode 40829da6-3885-407c-a088-456b651d4556{ip: 192.168.34.46, host: pr-hdds-2347-fq45t-3280797939, networkLocation: /default-rack, certSerialId: null} reports an CLOSED replica.
2019-10-24 13:26:36,492 [EventQueue-ContainerReportForContainerReportHandler] WARN  container.ContainerReportHandler (AbstractContainerReportHandler.java:updateContainerState(145)) - Container #1 is in OPEN state, but the datanode 01d98fa9-b286-41ba-84b0-dae26651fa1e{ip: 192.168.34.46, host: pr-hdds-2347-fq45t-3280797939, networkLocation: /default-rack, certSerialId: null} reports an CLOSED replica.
2019-10-24 13:26:36,591 [EventQueue-ContainerReportForContainerReportHandler] WARN  container.ContainerReportHandler (AbstractContainerReportHandler.java:updateContainerState(145)) - Container #1 is in OPEN state, but the datanode 40829da6-3885-407c-a088-456b651d4556{ip: 192.168.34.46, host: pr-hdds-2347-fq45t-3280797939, networkLocation: /default-rack, certSerialId: null} reports an CLOSED replica.
2019-10-24 13:26:36,669 [BlockDeletingService#2] WARN  background.BlockDeletingService (BlockDeletingService.java:isDeletionAllowed(187)) - Close Container log Index 6 is not replicated across allthe servers in the pipeline 400d0dd0-f848-4ed7-b117-7cfe476639a9 as the min replicated index is 4. Deletion is not allowed in this container yet.
2019-10-24 13:26:36,669 [BlockDeletingService#2] WARN  background.BlockDeletingService (BlockDeletingService.java:isDeletionAllowed(187)) - Close Container log Index 6 is not replicated across allthe servers in the pipeline 400d0dd0-f848-4ed7-b117-7cfe476639a9 as the min replicated index is 4. Deletion is not allowed in this container yet.
2019-10-24 13:26:36,892 [EventQueue-ContainerReportForContainerReportHandler] WARN  container.ContainerReportHandler (AbstractContainerReportHandler.java:updateContainerState(145)) - Container #1 is in OPEN state, but the datanode 40829da6-3885-407c-a088-456b651d4556{ip: 192.168.34.46, host: pr-hdds-2347-fq45t-3280797939, networkLocation: /default-rack, certSerialId: null} reports an CLOSED replica.
2019-10-24 13:26:36,892 [EventQueue-ContainerReportForContainerReportHandler] WARN  container.ContainerReportHandler (AbstractContainerReportHandler.java:updateContainerState(145)) - Container #1 is in OPEN state, but the datanode 01d98fa9-b286-41ba-84b0-dae26651fa1e{ip: 192.168.34.46, host: pr-hdds-2347-fq45t-3280797939, networkLocation: /default-rack, certSerialId: null} reports an CLOSED replica.
2019-10-24 13:26:37,092 [EventQueue-ContainerReportForContainerReportHandler] WARN  container.ContainerReportHandler (AbstractContainerReportHandler.java:updateContainerState(145)) - Container #1 is in OPEN state, but the datanode 01d98fa9-b286-41ba-84b0-dae26651fa1e{ip: 192.168.34.46, host: pr-hdds-2347-fq45t-3280797939, networkLocation: /default-rack, certSerialId: null} reports an CLOSED replica.
2019-10-24 13:26:37,191 [EventQueue-ContainerReportForContainerReportHandler] WARN  container.ContainerReportHandler (AbstractContainerReportHandler.java:updateContainerState(145)) - Container #1 is in OPEN state, but the datanode 40829da6-3885-407c-a088-456b651d4556{ip: 192.168.34.46, host: pr-hdds-2347-fq45t-3280797939, networkLocation: /default-rack, certSerialId: null} reports an CLOSED replica.
2019-10-24 13:26:37,292 [EventQueue-ContainerReportForContainerReportHandler] WARN  container.ContainerReportHandler (AbstractContainerReportHandler.java:updateContainerState(145)) - Container #1 is in OPEN state, but the datanode 01d98fa9-b286-41ba-84b0-dae26651fa1e{ip: 192.168.34.46, host: pr-hdds-2347-fq45t-3280797939, networkLocation: /default-rack, certSerialId: null} reports an CLOSED replica.
2019-10-24 13:26:37,312 [java.util.concurrent.ThreadPoolExecutor$Worker@7ba61e93[State = -1, empty queue]] WARN  server.GrpcLogAppender (GrpcLogAppender.java:timeoutAppendRequest(209)) - 40829da6-3885-407c-a088-456b651d4556@group-7CFE476639A9->6e90e31a-7849-4a98-b31c-06f2da08fbb3-GrpcLogAppender: appendEntries Timeout, request=40829da6-3885-407c-a088-456b651d4556->6e90e31a-7849-4a98-b31c-06f2da08fbb3#30-t2, previous=(t:2, i:10), leaderCommit=10, initializing? false, entries: <empty>
2019-10-24 13:26:37,493 [EventQueue-ContainerReportForContainerReportHandler] WARN  container.ContainerReportHandler (AbstractContainerReportHandler.java:updateContainerState(145)) - Container #1 is in OPEN state, but the datanode 01d98fa9-b286-41ba-84b0-dae26651fa1e{ip: 192.168.34.46, host: pr-hdds-2347-fq45t-3280797939, networkLocation: /default-rack, certSerialId: null} reports an CLOSED replica.
2019-10-24 13:26:37,591 [EventQueue-ContainerReportForContainerReportHandler] WARN  container.ContainerReportHandler (AbstractContainerReportHandler.java:updateContainerState(145)) - Container #1 is in OPEN state, but the datanode 40829da6-3885-407c-a088-456b651d4556{ip: 192.168.34.46, host: pr-hdds-2347-fq45t-3280797939, networkLocation: /default-rack, certSerialId: null} reports an CLOSED replica.
2019-10-24 13:26:37,672 [BlockDeletingService#2] WARN  background.BlockDeletingService (BlockDeletingService.java:isDeletionAllowed(187)) - Close Container log Index 6 is not replicated across allthe servers in the pipeline 400d0dd0-f848-4ed7-b117-7cfe476639a9 as the min replicated index is 4. Deletion is not allowed in this container yet.
2019-10-24 13:26:37,672 [BlockDeletingService#2] WARN  background.BlockDeletingService (BlockDeletingService.java:isDeletionAllowed(187)) - Close Container log Index 6 is not replicated across allthe servers in the pipeline 400d0dd0-f848-4ed7-b117-7cfe476639a9 as the min replicated index is 4. Deletion is not allowed in this container yet.
2019-10-24 13:26:37,696 [EventQueue-ContainerReportForContainerReportHandler] WARN  container.ContainerReportHandler (AbstractContainerReportHandler.java:updateContainerState(145)) - Container #1 is in OPEN state, but the datanode 01d98fa9-b286-41ba-84b0-dae26651fa1e{ip: 192.168.34.46, host: pr-hdds-2347-fq45t-3280797939, networkLocation: /default-rack, certSerialId: null} reports an CLOSED replica.
2019-10-24 13:26:37,792 [EventQueue-ContainerReportForContainerReportHandler] WARN  container.ContainerReportHandler (AbstractContainerReportHandler.java:updateContainerState(145)) - Container #1 is in OPEN state, but the datanode 40829da6-3885-407c-a088-456b651d4556{ip: 192.168.34.46, host: pr-hdds-2347-fq45t-3280797939, networkLocation: /default-rack, certSerialId: null} reports an CLOSED replica.
2019-10-24 13:26:37,995 [EventQueue-ContainerReportForContainerReportHandler] WARN  container.ContainerReportHandler (AbstractContainerReportHandler.java:updateContainerState(145)) - Container #1 is in OPEN state, but the datanode 01d98fa9-b286-41ba-84b0-dae26651fa1e{ip: 192.168.34.46, host: pr-hdds-2347-fq45t-3280797939, networkLocation: /default-rack, certSerialId: null} reports an CLOSED replica.
2019-10-24 13:26:38,092 [EventQueue-ContainerReportForContainerReportHandler] WARN  container.ContainerReportHandler (AbstractContainerReportHandler.java:updateContainerState(145)) - Container #1 is in OPEN state, but the datanode 40829da6-3885-407c-a088-456b651d4556{ip: 192.168.34.46, host: pr-hdds-2347-fq45t-3280797939, networkLocation: /default-rack, certSerialId: null} reports an CLOSED replica.
2019-10-24 13:26:38,291 [EventQueue-ContainerReportForContainerReportHandler] WARN  container.ContainerReportHandler (AbstractContainerReportHandler.java:updateContainerState(145)) - Container #1 is in OPEN state, but the datanode 40829da6-3885-407c-a088-456b651d4556{ip: 192.168.34.46, host: pr-hdds-2347-fq45t-3280797939, networkLocation: /default-rack, certSerialId: null} reports an CLOSED replica.
2019-10-24 13:26:38,296 [EventQueue-ContainerReportForContainerReportHandler] WARN  container.ContainerReportHandler (AbstractContainerReportHandler.java:updateContainerState(145)) - Container #1 is in OPEN state, but the datanode 01d98fa9-b286-41ba-84b0-dae26651fa1e{ip: 192.168.34.46, host: pr-hdds-2347-fq45t-3280797939, networkLocation: /default-rack, certSerialId: null} reports an CLOSED replica.
2019-10-24 13:26:38,592 [EventQueue-ContainerReportForContainerReportHandler] WARN  container.ContainerReportHandler (AbstractContainerReportHandler.java:updateContainerState(145)) - Container #1 is in OPEN state, but the datanode 40829da6-3885-407c-a088-456b651d4556{ip: 192.168.34.46, host: pr-hdds-2347-fq45t-3280797939, networkLocation: /default-rack, certSerialId: null} reports an CLOSED replica.
2019-10-24 13:26:38,595 [EventQueue-ContainerReportForContainerReportHandler] WARN  container.ContainerReportHandler (AbstractContainerReportHandler.java:updateContainerState(145)) - Container #1 is in OPEN state, but the datanode 01d98fa9-b286-41ba-84b0-dae26651fa1e{ip: 192.168.34.46, host: pr-hdds-2347-fq45t-3280797939, networkLocation: /default-rack, certSerialId: null} reports an CLOSED replica.
2019-10-24 13:26:38,674 [BlockDeletingService#2] WARN  background.BlockDeletingService (BlockDeletingService.java:isDeletionAllowed(187)) - Close Container log Index 6 is not replicated across allthe servers in the pipeline 400d0dd0-f848-4ed7-b117-7cfe476639a9 as the min replicated index is 4. Deletion is not allowed in this container yet.
2019-10-24 13:26:38,674 [BlockDeletingService#2] WARN  background.BlockDeletingService (BlockDeletingService.java:isDeletionAllowed(187)) - Close Container log Index 6 is not replicated across allthe servers in the pipeline 400d0dd0-f848-4ed7-b117-7cfe476639a9 as the min replicated index is 4. Deletion is not allowed in this container yet.
2019-10-24 13:26:38,892 [EventQueue-ContainerReportForContainerReportHandler] WARN  container.ContainerReportHandler (AbstractContainerReportHandler.java:updateContainerState(145)) - Container #1 is in OPEN state, but the datanode 40829da6-3885-407c-a088-456b651d4556{ip: 192.168.34.46, host: pr-hdds-2347-fq45t-3280797939, networkLocation: /default-rack, certSerialId: null} reports an CLOSED replica.
2019-10-24 13:26:38,996 [EventQueue-ContainerReportForContainerReportHandler] WARN  container.ContainerReportHandler (AbstractContainerReportHandler.java:updateContainerState(145)) - Container #1 is in OPEN state, but the datanode 01d98fa9-b286-41ba-84b0-dae26651fa1e{ip: 192.168.34.46, host: pr-hdds-2347-fq45t-3280797939, networkLocation: /default-rack, certSerialId: null} reports an CLOSED replica.
2019-10-24 13:26:39,293 [EventQueue-ContainerReportForContainerReportHandler] WARN  container.ContainerReportHandler (AbstractContainerReportHandler.java:updateContainerState(145)) - Container #1 is in OPEN state, but the datanode 40829da6-3885-407c-a088-456b651d4556{ip: 192.168.34.46, host: pr-hdds-2347-fq45t-3280797939, networkLocation: /default-rack, certSerialId: null} reports an CLOSED replica.
2019-10-24 13:26:39,296 [EventQueue-ContainerReportForContainerReportHandler] WARN  container.ContainerReportHandler (AbstractContainerReportHandler.java:updateContainerState(145)) - Container #1 is in OPEN state, but the datanode 01d98fa9-b286-41ba-84b0-dae26651fa1e{ip: 192.168.34.46, host: pr-hdds-2347-fq45t-3280797939, networkLocation: /default-rack, certSerialId: null} reports an CLOSED replica.
2019-10-24 13:26:39,496 [EventQueue-ContainerReportForContainerReportHandler] WARN  container.ContainerReportHandler (AbstractContainerReportHandler.java:updateContainerState(145)) - Container #1 is in OPEN state, but the datanode 01d98fa9-b286-41ba-84b0-dae26651fa1e{ip: 192.168.34.46, host: pr-hdds-2347-fq45t-3280797939, networkLocation: /default-rack, certSerialId: null} reports an CLOSED replica.
2019-10-24 13:26:39,594 [EventQueue-ContainerReportForContainerReportHandler] WARN  container.ContainerReportHandler (AbstractContainerReportHandler.java:updateContainerState(145)) - Container #1 is in OPEN state, but the datanode 40829da6-3885-407c-a088-456b651d4556{ip: 192.168.34.46, host: pr-hdds-2347-fq45t-3280797939, networkLocation: /default-rack, certSerialId: null} reports an CLOSED replica.
2019-10-24 13:26:39,676 [BlockDeletingService#2] WARN  background.BlockDeletingService (BlockDeletingService.java:isDeletionAllowed(187)) - Close Container log Index 6 is not replicated across allthe servers in the pipeline 400d0dd0-f848-4ed7-b117-7cfe476639a9 as the min replicated index is 4. Deletion is not allowed in this container yet.
2019-10-24 13:26:39,676 [BlockDeletingService#2] WARN  background.BlockDeletingService (BlockDeletingService.java:isDeletionAllowed(187)) - Close Container log Index 6 is not replicated across allthe servers in the pipeline 400d0dd0-f848-4ed7-b117-7cfe476639a9 as the min replicated index is 4. Deletion is not allowed in this container yet.
2019-10-24 13:26:39,696 [EventQueue-ContainerReportForContainerReportHandler] WARN  container.ContainerReportHandler (AbstractContainerReportHandler.java:updateContainerState(145)) - Container #1 is in OPEN state, but the datanode 01d98fa9-b286-41ba-84b0-dae26651fa1e{ip: 192.168.34.46, host: pr-hdds-2347-fq45t-3280797939, networkLocation: /default-rack, certSerialId: null} reports an CLOSED replica.
2019-10-24 13:26:39,815 [java.util.concurrent.ThreadPoolExecutor$Worker@7ba61e93[State = -1, empty queue]] WARN  server.GrpcLogAppender (GrpcLogAppender.java:timeoutAppendRequest(209)) - 40829da6-3885-407c-a088-456b651d4556@group-7CFE476639A9->6e90e31a-7849-4a98-b31c-06f2da08fbb3-GrpcLogAppender: appendEntries Timeout, request=40829da6-3885-407c-a088-456b651d4556->6e90e31a-7849-4a98-b31c-06f2da08fbb3#31-t2, previous=(t:2, i:10), leaderCommit=10, initializing? false, entries: <empty>
2019-10-24 13:26:39,823 [Thread-394] INFO  client.GrpcClientProtocolService (GrpcClientProtocolService.java:lambda$processClientRequest$0(279)) - Failed RaftClientRequest:client-180CB693DB15->01d98fa9-b286-41ba-84b0-dae26651fa1e@group-7CFE476639A9, cid=10, seq=0, Watch-ALL_COMMITTED(6), Message:<EMPTY>, reply=RaftClientReply:client-180CB693DB15->01d98fa9-b286-41ba-84b0-dae26651fa1e@group-7CFE476639A9, cid=10, FAILED org.apache.ratis.protocol.NotLeaderException: Server 01d98fa9-b286-41ba-84b0-dae26651fa1e@group-7CFE476639A9 is not the leader 40829da6-3885-407c-a088-456b651d4556:192.168.34.46:34308, logIndex=0, commits[01d98fa9-b286-41ba-84b0-dae26651fa1e:c10, 6e90e31a-7849-4a98-b31c-06f2da08fbb3:c4, 40829da6-3885-407c-a088-456b651d4556:c10]
2019-10-24 13:26:39,995 [EventQueue-ContainerReportForContainerReportHandler] WARN  container.ContainerReportHandler (AbstractContainerReportHandler.java:updateContainerState(145)) - Container #1 is in OPEN state, but the datanode 40829da6-3885-407c-a088-456b651d4556{ip: 192.168.34.46, host: pr-hdds-2347-fq45t-3280797939, networkLocation: /default-rack, certSerialId: null} reports an CLOSED replica.
2019-10-24 13:26:40,097 [EventQueue-ContainerReportForContainerReportHandler] WARN  container.ContainerReportHandler (AbstractContainerReportHandler.java:updateContainerState(145)) - Container #1 is in OPEN state, but the datanode 01d98fa9-b286-41ba-84b0-dae26651fa1e{ip: 192.168.34.46, host: pr-hdds-2347-fq45t-3280797939, networkLocation: /default-rack, certSerialId: null} reports an CLOSED replica.
2019-10-24 13:26:40,294 [EventQueue-ContainerReportForContainerReportHandler] WARN  container.ContainerReportHandler (AbstractContainerReportHandler.java:updateContainerState(145)) - Container #1 is in OPEN state, but the datanode 40829da6-3885-407c-a088-456b651d4556{ip: 192.168.34.46, host: pr-hdds-2347-fq45t-3280797939, networkLocation: /default-rack, certSerialId: null} reports an CLOSED replica.
2019-10-24 13:26:40,400 [EventQueue-ContainerReportForContainerReportHandler] WARN  container.ContainerReportHandler (AbstractContainerReportHandler.java:updateContainerState(145)) - Container #1 is in OPEN state, but the datanode 01d98fa9-b286-41ba-84b0-dae26651fa1e{ip: 192.168.34.46, host: pr-hdds-2347-fq45t-3280797939, networkLocation: /default-rack, certSerialId: null} reports an CLOSED replica.
2019-10-24 13:26:40,495 [EventQueue-ContainerReportForContainerReportHandler] WARN  container.ContainerReportHandler (AbstractContainerReportHandler.java:updateContainerState(145)) - Container #1 is in OPEN state, but the datanode 40829da6-3885-407c-a088-456b651d4556{ip: 192.168.34.46, host: pr-hdds-2347-fq45t-3280797939, networkLocation: /default-rack, certSerialId: null} reports an CLOSED replica.
2019-10-24 13:26:40,600 [EventQueue-ContainerReportForContainerReportHandler] WARN  container.ContainerReportHandler (AbstractContainerReportHandler.java:updateContainerState(145)) - Container #1 is in OPEN state, but the datanode 01d98fa9-b286-41ba-84b0-dae26651fa1e{ip: 192.168.34.46, host: pr-hdds-2347-fq45t-3280797939, networkLocation: /default-rack, certSerialId: null} reports an CLOSED replica.
2019-10-24 13:26:40,679 [BlockDeletingService#2] WARN  background.BlockDeletingService (BlockDeletingService.java:isDeletionAllowed(187)) - Close Container log Index 6 is not replicated across allthe servers in the pipeline 400d0dd0-f848-4ed7-b117-7cfe476639a9 as the min replicated index is 4. Deletion is not allowed in this container yet.
2019-10-24 13:26:40,679 [BlockDeletingService#2] WARN  background.BlockDeletingService (BlockDeletingService.java:isDeletionAllowed(187)) - Close Container log Index 6 is not replicated across allthe servers in the pipeline 400d0dd0-f848-4ed7-b117-7cfe476639a9 as the min replicated index is 4. Deletion is not allowed in this container yet.
2019-10-24 13:26:40,895 [EventQueue-ContainerReportForContainerReportHandler] WARN  container.ContainerReportHandler (AbstractContainerReportHandler.java:updateContainerState(145)) - Container #1 is in OPEN state, but the datanode 40829da6-3885-407c-a088-456b651d4556{ip: 192.168.34.46, host: pr-hdds-2347-fq45t-3280797939, networkLocation: /default-rack, certSerialId: null} reports an CLOSED replica.
2019-10-24 13:26:40,900 [EventQueue-ContainerReportForContainerReportHandler] WARN  container.ContainerReportHandler (AbstractContainerReportHandler.java:updateContainerState(145)) - Container #1 is in OPEN state, but the datanode 01d98fa9-b286-41ba-84b0-dae26651fa1e{ip: 192.168.34.46, host: pr-hdds-2347-fq45t-3280797939, networkLocation: /default-rack, certSerialId: null} reports an CLOSED replica.
2019-10-24 13:26:41,200 [EventQueue-ContainerReportForContainerReportHandler] WARN  container.ContainerReportHandler (AbstractContainerReportHandler.java:updateContainerState(145)) - Container #1 is in OPEN state, but the datanode 01d98fa9-b286-41ba-84b0-dae26651fa1e{ip: 192.168.34.46, host: pr-hdds-2347-fq45t-3280797939, networkLocation: /default-rack, certSerialId: null} reports an CLOSED replica.
2019-10-24 13:26:41,297 [EventQueue-ContainerReportForContainerReportHandler] WARN  container.ContainerReportHandler (AbstractContainerReportHandler.java:updateContainerState(145)) - Container #1 is in OPEN state, but the datanode 40829da6-3885-407c-a088-456b651d4556{ip: 192.168.34.46, host: pr-hdds-2347-fq45t-3280797939, networkLocation: /default-rack, certSerialId: null} reports an CLOSED replica.
2019-10-24 13:26:41,400 [EventQueue-ContainerReportForContainerReportHandler] WARN  container.ContainerReportHandler (AbstractContainerReportHandler.java:updateContainerState(145)) - Container #1 is in OPEN state, but the datanode 01d98fa9-b286-41ba-84b0-dae26651fa1e{ip: 192.168.34.46, host: pr-hdds-2347-fq45t-3280797939, networkLocation: /default-rack, certSerialId: null} reports an CLOSED replica.
2019-10-24 13:26:41,597 [EventQueue-ContainerReportForContainerReportHandler] WARN  container.ContainerReportHandler (AbstractContainerReportHandler.java:updateContainerState(145)) - Container #1 is in OPEN state, but the datanode 40829da6-3885-407c-a088-456b651d4556{ip: 192.168.34.46, host: pr-hdds-2347-fq45t-3280797939, networkLocation: /default-rack, certSerialId: null} reports an CLOSED replica.
2019-10-24 13:26:41,599 [EventQueue-ContainerReportForContainerReportHandler] WARN  container.ContainerReportHandler (AbstractContainerReportHandler.java:updateContainerState(145)) - Container #1 is in OPEN state, but the datanode 01d98fa9-b286-41ba-84b0-dae26651fa1e{ip: 192.168.34.46, host: pr-hdds-2347-fq45t-3280797939, networkLocation: /default-rack, certSerialId: null} reports an CLOSED replica.
2019-10-24 13:26:41,684 [BlockDeletingService#2] WARN  background.BlockDeletingService (BlockDeletingService.java:isDeletionAllowed(187)) - Close Container log Index 6 is not replicated across allthe servers in the pipeline 400d0dd0-f848-4ed7-b117-7cfe476639a9 as the min replicated index is 4. Deletion is not allowed in this container yet.
2019-10-24 13:26:41,684 [BlockDeletingService#2] WARN  background.BlockDeletingService (BlockDeletingService.java:isDeletionAllowed(187)) - Close Container log Index 6 is not replicated across allthe servers in the pipeline 400d0dd0-f848-4ed7-b117-7cfe476639a9 as the min replicated index is 4. Deletion is not allowed in this container yet.
2019-10-24 13:26:41,756 [Thread-401] INFO  client.GrpcClientProtocolService (GrpcClientProtocolService.java:lambda$processClientRequest$0(279)) - Failed RaftClientRequest:client-180CB693DB15->40829da6-3885-407c-a088-456b651d4556@group-7CFE476639A9, cid=10, seq=0, Watch-ALL_COMMITTED(6), Message:<EMPTY>, reply=RaftClientReply:client-180CB693DB15->40829da6-3885-407c-a088-456b651d4556@group-7CFE476639A9, cid=10, FAILED org.apache.ratis.protocol.NotReplicatedException: Request with call Id 10 and log index 6 is not yet replicated to ALL_COMMITTED, logIndex=6, commits[40829da6-3885-407c-a088-456b651d4556:c10, 6e90e31a-7849-4a98-b31c-06f2da08fbb3:c4, 01d98fa9-b286-41ba-84b0-dae26651fa1e:c10]
2019-10-24 13:26:41,998 [EventQueue-ContainerReportForContainerReportHandler] WARN  container.ContainerReportHandler (AbstractContainerReportHandler.java:updateContainerState(145)) - Container #1 is in OPEN state, but the datanode 40829da6-3885-407c-a088-456b651d4556{ip: 192.168.34.46, host: pr-hdds-2347-fq45t-3280797939, networkLocation: /default-rack, certSerialId: null} reports an CLOSED replica.
2019-10-24 13:26:42,001 [EventQueue-ContainerReportForContainerReportHandler] WARN  container.ContainerReportHandler (AbstractContainerReportHandler.java:updateContainerState(145)) - Container #1 is in OPEN state, but the datanode 01d98fa9-b286-41ba-84b0-dae26651fa1e{ip: 192.168.34.46, host: pr-hdds-2347-fq45t-3280797939, networkLocation: /default-rack, certSerialId: null} reports an CLOSED replica.
2019-10-24 13:26:42,198 [EventQueue-ContainerReportForContainerReportHandler] WARN  container.ContainerReportHandler (AbstractContainerReportHandler.java:updateContainerState(145)) - Container #1 is in OPEN state, but the datanode 40829da6-3885-407c-a088-456b651d4556{ip: 192.168.34.46, host: pr-hdds-2347-fq45t-3280797939, networkLocation: /default-rack, certSerialId: null} reports an CLOSED replica.
2019-10-24 13:26:42,300 [EventQueue-ContainerReportForContainerReportHandler] WARN  container.ContainerReportHandler (AbstractContainerReportHandler.java:updateContainerState(145)) - Container #1 is in OPEN state, but the datanode 01d98fa9-b286-41ba-84b0-dae26651fa1e{ip: 192.168.34.46, host: pr-hdds-2347-fq45t-3280797939, networkLocation: /default-rack, certSerialId: null} reports an CLOSED replica.
2019-10-24 13:26:42,316 [java.util.concurrent.ThreadPoolExecutor$Worker@7ba61e93[State = -1, empty queue]] WARN  server.GrpcLogAppender (GrpcLogAppender.java:timeoutAppendRequest(209)) - 40829da6-3885-407c-a088-456b651d4556@group-7CFE476639A9->6e90e31a-7849-4a98-b31c-06f2da08fbb3-GrpcLogAppender: appendEntries Timeout, request=40829da6-3885-407c-a088-456b651d4556->6e90e31a-7849-4a98-b31c-06f2da08fbb3#32-t2, previous=(t:2, i:10), leaderCommit=10, initializing? false, entries: <empty>
2019-10-24 13:26:42,500 [EventQueue-ContainerReportForContainerReportHandler] WARN  container.ContainerReportHandler (AbstractContainerReportHandler.java:updateContainerState(145)) - Container #1 is in OPEN state, but the datanode 01d98fa9-b286-41ba-84b0-dae26651fa1e{ip: 192.168.34.46, host: pr-hdds-2347-fq45t-3280797939, networkLocation: /default-rack, certSerialId: null} reports an CLOSED replica.
2019-10-24 13:26:42,598 [EventQueue-ContainerReportForContainerReportHandler] WARN  container.ContainerReportHandler (AbstractContainerReportHandler.java:updateContainerState(145)) - Container #1 is in OPEN state, but the datanode 40829da6-3885-407c-a088-456b651d4556{ip: 192.168.34.46, host: pr-hdds-2347-fq45t-3280797939, networkLocation: /default-rack, certSerialId: null} reports an CLOSED replica.
2019-10-24 13:26:42,685 [BlockDeletingService#2] WARN  background.BlockDeletingService (BlockDeletingService.java:isDeletionAllowed(187)) - Close Container log Index 6 is not replicated across allthe servers in the pipeline 400d0dd0-f848-4ed7-b117-7cfe476639a9 as the min replicated index is 4. Deletion is not allowed in this container yet.
2019-10-24 13:26:42,685 [BlockDeletingService#2] WARN  background.BlockDeletingService (BlockDeletingService.java:isDeletionAllowed(187)) - Close Container log Index 6 is not replicated across allthe servers in the pipeline 400d0dd0-f848-4ed7-b117-7cfe476639a9 as the min replicated index is 4. Deletion is not allowed in this container yet.
2019-10-24 13:26:42,898 [EventQueue-ContainerReportForContainerReportHandler] WARN  container.ContainerReportHandler (AbstractContainerReportHandler.java:updateContainerState(145)) - Container #1 is in OPEN state, but the datanode 40829da6-3885-407c-a088-456b651d4556{ip: 192.168.34.46, host: pr-hdds-2347-fq45t-3280797939, networkLocation: /default-rack, certSerialId: null} reports an CLOSED replica.
2019-10-24 13:26:42,902 [EventQueue-ContainerReportForContainerReportHandler] WARN  container.ContainerReportHandler (AbstractContainerReportHandler.java:updateContainerState(145)) - Container #1 is in OPEN state, but the datanode 01d98fa9-b286-41ba-84b0-dae26651fa1e{ip: 192.168.34.46, host: pr-hdds-2347-fq45t-3280797939, networkLocation: /default-rack, certSerialId: null} reports an CLOSED replica.
2019-10-24 13:26:43,098 [EventQueue-ContainerReportForContainerReportHandler] WARN  container.ContainerReportHandler (AbstractContainerReportHandler.java:updateContainerState(145)) - Container #1 is in OPEN state, but the datanode 40829da6-3885-407c-a088-456b651d4556{ip: 192.168.34.46, host: pr-hdds-2347-fq45t-3280797939, networkLocation: /default-rack, certSerialId: null} reports an CLOSED replica.
2019-10-24 13:26:43,203 [EventQueue-ContainerReportForContainerReportHandler] WARN  container.ContainerReportHandler (AbstractContainerReportHandler.java:updateContainerState(145)) - Container #1 is in OPEN state, but the datanode 01d98fa9-b286-41ba-84b0-dae26651fa1e{ip: 192.168.34.46, host: pr-hdds-2347-fq45t-3280797939, networkLocation: /default-rack, certSerialId: null} reports an CLOSED replica.
2019-10-24 13:26:43,398 [EventQueue-ContainerReportForContainerReportHandler] WARN  container.ContainerReportHandler (AbstractContainerReportHandler.java:updateContainerState(145)) - Container #1 is in OPEN state, but the datanode 40829da6-3885-407c-a088-456b651d4556{ip: 192.168.34.46, host: pr-hdds-2347-fq45t-3280797939, networkLocation: /default-rack, certSerialId: null} reports an CLOSED replica.
2019-10-24 13:26:43,605 [EventQueue-ContainerReportForContainerReportHandler] WARN  container.ContainerReportHandler (AbstractContainerReportHandler.java:updateContainerState(145)) - Container #1 is in OPEN state, but the datanode 01d98fa9-b286-41ba-84b0-dae26651fa1e{ip: 192.168.34.46, host: pr-hdds-2347-fq45t-3280797939, networkLocation: /default-rack, certSerialId: null} reports an CLOSED replica.
2019-10-24 13:26:43,688 [BlockDeletingService#2] WARN  background.BlockDeletingService (BlockDeletingService.java:isDeletionAllowed(187)) - Close Container log Index 6 is not replicated across allthe servers in the pipeline 400d0dd0-f848-4ed7-b117-7cfe476639a9 as the min replicated index is 4. Deletion is not allowed in this container yet.
2019-10-24 13:26:43,688 [BlockDeletingService#2] WARN  background.BlockDeletingService (BlockDeletingService.java:isDeletionAllowed(187)) - Close Container log Index 6 is not replicated across allthe servers in the pipeline 400d0dd0-f848-4ed7-b117-7cfe476639a9 as the min replicated index is 4. Deletion is not allowed in this container yet.
2019-10-24 13:26:43,698 [EventQueue-ContainerReportForContainerReportHandler] WARN  container.ContainerReportHandler (AbstractContainerReportHandler.java:updateContainerState(145)) - Container #1 is in OPEN state, but the datanode 40829da6-3885-407c-a088-456b651d4556{ip: 192.168.34.46, host: pr-hdds-2347-fq45t-3280797939, networkLocation: /default-rack, certSerialId: null} reports an CLOSED replica.
2019-10-24 13:26:43,905 [EventQueue-ContainerReportForContainerReportHandler] WARN  container.ContainerReportHandler (AbstractContainerReportHandler.java:updateContainerState(145)) - Container #1 is in OPEN state, but the datanode 01d98fa9-b286-41ba-84b0-dae26651fa1e{ip: 192.168.34.46, host: pr-hdds-2347-fq45t-3280797939, networkLocation: /default-rack, certSerialId: null} reports an CLOSED replica.
2019-10-24 13:26:43,999 [EventQueue-ContainerReportForContainerReportHandler] WARN  container.ContainerReportHandler (AbstractContainerReportHandler.java:updateContainerState(145)) - Container #1 is in OPEN state, but the datanode 40829da6-3885-407c-a088-456b651d4556{ip: 192.168.34.46, host: pr-hdds-2347-fq45t-3280797939, networkLocation: /default-rack, certSerialId: null} reports an CLOSED replica.
2019-10-24 13:26:44,198 [EventQueue-ContainerReportForContainerReportHandler] WARN  container.ContainerReportHandler (AbstractContainerReportHandler.java:updateContainerState(145)) - Container #1 is in OPEN state, but the datanode 40829da6-3885-407c-a088-456b651d4556{ip: 192.168.34.46, host: pr-hdds-2347-fq45t-3280797939, networkLocation: /default-rack, certSerialId: null} reports an CLOSED replica.
2019-10-24 13:26:44,205 [EventQueue-ContainerReportForContainerReportHandler] WARN  container.ContainerReportHandler (AbstractContainerReportHandler.java:updateContainerState(145)) - Container #1 is in OPEN state, but the datanode 01d98fa9-b286-41ba-84b0-dae26651fa1e{ip: 192.168.34.46, host: pr-hdds-2347-fq45t-3280797939, networkLocation: /default-rack, certSerialId: null} reports an CLOSED replica.
2019-10-24 13:26:44,399 [EventQueue-ContainerReportForContainerReportHandler] WARN  container.ContainerReportHandler (AbstractContainerReportHandler.java:updateContainerState(145)) - Container #1 is in OPEN state, but the datanode 40829da6-3885-407c-a088-456b651d4556{ip: 192.168.34.46, host: pr-hdds-2347-fq45t-3280797939, networkLocation: /default-rack, certSerialId: null} reports an CLOSED replica.
2019-10-24 13:26:44,505 [EventQueue-ContainerReportForContainerReportHandler] WARN  container.ContainerReportHandler (AbstractContainerReportHandler.java:updateContainerState(145)) - Container #1 is in OPEN state, but the datanode 01d98fa9-b286-41ba-84b0-dae26651fa1e{ip: 192.168.34.46, host: pr-hdds-2347-fq45t-3280797939, networkLocation: /default-rack, certSerialId: null} reports an CLOSED replica.
2019-10-24 13:26:44,689 [BlockDeletingService#2] WARN  background.BlockDeletingService (BlockDeletingService.java:isDeletionAllowed(187)) - Close Container log Index 6 is not replicated across allthe servers in the pipeline 400d0dd0-f848-4ed7-b117-7cfe476639a9 as the min replicated index is 4. Deletion is not allowed in this container yet.
2019-10-24 13:26:44,689 [BlockDeletingService#2] WARN  background.BlockDeletingService (BlockDeletingService.java:isDeletionAllowed(187)) - Close Container log Index 6 is not replicated across allthe servers in the pipeline 400d0dd0-f848-4ed7-b117-7cfe476639a9 as the min replicated index is 4. Deletion is not allowed in this container yet.
2019-10-24 13:26:44,801 [EventQueue-ContainerReportForContainerReportHandler] WARN  container.ContainerReportHandler (AbstractContainerReportHandler.java:updateContainerState(145)) - Container #1 is in OPEN state, but the datanode 40829da6-3885-407c-a088-456b651d4556{ip: 192.168.34.46, host: pr-hdds-2347-fq45t-3280797939, networkLocation: /default-rack, certSerialId: null} reports an CLOSED replica.
2019-10-24 13:26:44,818 [java.util.concurrent.ThreadPoolExecutor$Worker@7ba61e93[State = -1, empty queue]] WARN  server.GrpcLogAppender (GrpcLogAppender.java:timeoutAppendRequest(209)) - 40829da6-3885-407c-a088-456b651d4556@group-7CFE476639A9->6e90e31a-7849-4a98-b31c-06f2da08fbb3-GrpcLogAppender: appendEntries Timeout, request=40829da6-3885-407c-a088-456b651d4556->6e90e31a-7849-4a98-b31c-06f2da08fbb3#33-t2, previous=(t:2, i:10), leaderCommit=10, initializing? false, entries: <empty>
2019-10-24 13:26:44,906 [EventQueue-ContainerReportForContainerReportHandler] WARN  container.ContainerReportHandler (AbstractContainerReportHandler.java:updateContainerState(145)) - Container #1 is in OPEN state, but the datanode 01d98fa9-b286-41ba-84b0-dae26651fa1e{ip: 192.168.34.46, host: pr-hdds-2347-fq45t-3280797939, networkLocation: /default-rack, certSerialId: null} reports an CLOSED replica.
2019-10-24 13:26:44,999 [EventQueue-ContainerReportForContainerReportHandler] WARN  container.ContainerReportHandler (AbstractContainerReportHandler.java:updateContainerState(145)) - Container #1 is in OPEN state, but the datanode 40829da6-3885-407c-a088-456b651d4556{ip: 192.168.34.46, host: pr-hdds-2347-fq45t-3280797939, networkLocation: /default-rack, certSerialId: null} reports an CLOSED replica.
2019-10-24 13:26:45,199 [EventQueue-ContainerReportForContainerReportHandler] WARN  container.ContainerReportHandler (AbstractContainerReportHandler.java:updateContainerState(145)) - Container #1 is in OPEN state, but the datanode 40829da6-3885-407c-a088-456b651d4556{ip: 192.168.34.46, host: pr-hdds-2347-fq45t-3280797939, networkLocation: /default-rack, certSerialId: null} reports an CLOSED replica.
2019-10-24 13:26:45,307 [EventQueue-ContainerReportForContainerReportHandler] WARN  container.ContainerReportHandler (AbstractContainerReportHandler.java:updateContainerState(145)) - Container #1 is in OPEN state, but the datanode 01d98fa9-b286-41ba-84b0-dae26651fa1e{ip: 192.168.34.46, host: pr-hdds-2347-fq45t-3280797939, networkLocation: /default-rack, certSerialId: null} reports an CLOSED replica.
2019-10-24 13:26:45,500 [EventQueue-ContainerReportForContainerReportHandler] WARN  container.ContainerReportHandler (AbstractContainerReportHandler.java:updateContainerState(145)) - Container #1 is in OPEN state, but the datanode 40829da6-3885-407c-a088-456b651d4556{ip: 192.168.34.46, host: pr-hdds-2347-fq45t-3280797939, networkLocation: /default-rack, certSerialId: null} reports an CLOSED replica.
2019-10-24 13:26:45,507 [EventQueue-ContainerReportForContainerReportHandler] WARN  container.ContainerReportHandler (AbstractContainerReportHandler.java:updateContainerState(145)) - Container #1 is in OPEN state, but the datanode 01d98fa9-b286-41ba-84b0-dae26651fa1e{ip: 192.168.34.46, host: pr-hdds-2347-fq45t-3280797939, networkLocation: /default-rack, certSerialId: null} reports an CLOSED replica.
2019-10-24 13:26:45,692 [BlockDeletingService#2] WARN  background.BlockDeletingService (BlockDeletingService.java:isDeletionAllowed(187)) - Close Container log Index 6 is not replicated across allthe servers in the pipeline 400d0dd0-f848-4ed7-b117-7cfe476639a9 as the min replicated index is 4. Deletion is not allowed in this container yet.
2019-10-24 13:26:45,692 [BlockDeletingService#2] WARN  background.BlockDeletingService (BlockDeletingService.java:isDeletionAllowed(187)) - Close Container log Index 6 is not replicated across allthe servers in the pipeline 400d0dd0-f848-4ed7-b117-7cfe476639a9 as the min replicated index is 4. Deletion is not allowed in this container yet.
2019-10-24 13:26:45,708 [EventQueue-ContainerReportForContainerReportHandler] WARN  container.ContainerReportHandler (AbstractContainerReportHandler.java:updateContainerState(145)) - Container #1 is in OPEN state, but the datanode 01d98fa9-b286-41ba-84b0-dae26651fa1e{ip: 192.168.34.46, host: pr-hdds-2347-fq45t-3280797939, networkLocation: /default-rack, certSerialId: null} reports an CLOSED replica.
2019-10-24 13:26:45,800 [EventQueue-ContainerReportForContainerReportHandler] WARN  container.ContainerReportHandler (AbstractContainerReportHandler.java:updateContainerState(145)) - Container #1 is in OPEN state, but the datanode 40829da6-3885-407c-a088-456b651d4556{ip: 192.168.34.46, host: pr-hdds-2347-fq45t-3280797939, networkLocation: /default-rack, certSerialId: null} reports an CLOSED replica.
2019-10-24 13:26:46,000 [EventQueue-ContainerReportForContainerReportHandler] WARN  container.ContainerReportHandler (AbstractContainerReportHandler.java:updateContainerState(145)) - Container #1 is in OPEN state, but the datanode 40829da6-3885-407c-a088-456b651d4556{ip: 192.168.34.46, host: pr-hdds-2347-fq45t-3280797939, networkLocation: /default-rack, certSerialId: null} reports an CLOSED replica.
2019-10-24 13:26:46,111 [EventQueue-ContainerReportForContainerReportHandler] WARN  container.ContainerReportHandler (AbstractContainerReportHandler.java:updateContainerState(145)) - Container #1 is in OPEN state, but the datanode 01d98fa9-b286-41ba-84b0-dae26651fa1e{ip: 192.168.34.46, host: pr-hdds-2347-fq45t-3280797939, networkLocation: /default-rack, certSerialId: null} reports an CLOSED replica.
2019-10-24 13:26:46,301 [EventQueue-ContainerReportForContainerReportHandler] WARN  container.ContainerReportHandler (AbstractContainerReportHandler.java:updateContainerState(145)) - Container #1 is in OPEN state, but the datanode 40829da6-3885-407c-a088-456b651d4556{ip: 192.168.34.46, host: pr-hdds-2347-fq45t-3280797939, networkLocation: /default-rack, certSerialId: null} reports an CLOSED replica.
2019-10-24 13:26:46,411 [EventQueue-ContainerReportForContainerReportHandler] WARN  container.ContainerReportHandler (AbstractContainerReportHandler.java:updateContainerState(145)) - Container #1 is in OPEN state, but the datanode 01d98fa9-b286-41ba-84b0-dae26651fa1e{ip: 192.168.34.46, host: pr-hdds-2347-fq45t-3280797939, networkLocation: /default-rack, certSerialId: null} reports an CLOSED replica.
2019-10-24 13:26:46,601 [EventQueue-ContainerReportForContainerReportHandler] WARN  container.ContainerReportHandler (AbstractContainerReportHandler.java:updateContainerState(145)) - Container #1 is in OPEN state, but the datanode 40829da6-3885-407c-a088-456b651d4556{ip: 192.168.34.46, host: pr-hdds-2347-fq45t-3280797939, networkLocation: /default-rack, certSerialId: null} reports an CLOSED replica.
2019-10-24 13:26:46,694 [BlockDeletingService#2] WARN  background.BlockDeletingService (BlockDeletingService.java:isDeletionAllowed(187)) - Close Container log Index 6 is not replicated across allthe servers in the pipeline 400d0dd0-f848-4ed7-b117-7cfe476639a9 as the min replicated index is 4. Deletion is not allowed in this container yet.
2019-10-24 13:26:46,694 [BlockDeletingService#2] WARN  background.BlockDeletingService (BlockDeletingService.java:isDeletionAllowed(187)) - Close Container log Index 6 is not replicated across allthe servers in the pipeline 400d0dd0-f848-4ed7-b117-7cfe476639a9 as the min replicated index is 4. Deletion is not allowed in this container yet.
2019-10-24 13:26:46,711 [EventQueue-ContainerReportForContainerReportHandler] WARN  container.ContainerReportHandler (AbstractContainerReportHandler.java:updateContainerState(145)) - Container #1 is in OPEN state, but the datanode 01d98fa9-b286-41ba-84b0-dae26651fa1e{ip: 192.168.34.46, host: pr-hdds-2347-fq45t-3280797939, networkLocation: /default-rack, certSerialId: null} reports an CLOSED replica.
2019-10-24 13:26:46,902 [EventQueue-ContainerReportForContainerReportHandler] WARN  container.ContainerReportHandler (AbstractContainerReportHandler.java:updateContainerState(145)) - Container #1 is in OPEN state, but the datanode 40829da6-3885-407c-a088-456b651d4556{ip: 192.168.34.46, host: pr-hdds-2347-fq45t-3280797939, networkLocation: /default-rack, certSerialId: null} reports an CLOSED replica.
2019-10-24 13:26:47,102 [EventQueue-ContainerReportForContainerReportHandler] WARN  container.ContainerReportHandler (AbstractContainerReportHandler.java:updateContainerState(145)) - Container #1 is in OPEN state, but the datanode 40829da6-3885-407c-a088-456b651d4556{ip: 192.168.34.46, host: pr-hdds-2347-fq45t-3280797939, networkLocation: /default-rack, certSerialId: null} reports an CLOSED replica.
2019-10-24 13:26:47,111 [EventQueue-ContainerReportForContainerReportHandler] WARN  container.ContainerReportHandler (AbstractContainerReportHandler.java:updateContainerState(145)) - Container #1 is in OPEN state, but the datanode 01d98fa9-b286-41ba-84b0-dae26651fa1e{ip: 192.168.34.46, host: pr-hdds-2347-fq45t-3280797939, networkLocation: /default-rack, certSerialId: null} reports an CLOSED replica.
2019-10-24 13:26:47,320 [java.util.concurrent.ThreadPoolExecutor$Worker@7ba61e93[State = -1, empty queue]] WARN  server.GrpcLogAppender (GrpcLogAppender.java:timeoutAppendRequest(209)) - 40829da6-3885-407c-a088-456b651d4556@group-7CFE476639A9->6e90e31a-7849-4a98-b31c-06f2da08fbb3-GrpcLogAppender: appendEntries Timeout, request=40829da6-3885-407c-a088-456b651d4556->6e90e31a-7849-4a98-b31c-06f2da08fbb3#34-t2, previous=(t:2, i:10), leaderCommit=10, initializing? false, entries: <empty>
2019-10-24 13:26:47,403 [EventQueue-ContainerReportForContainerReportHandler] WARN  container.ContainerReportHandler (AbstractContainerReportHandler.java:updateContainerState(145)) - Container #1 is in OPEN state, but the datanode 40829da6-3885-407c-a088-456b651d4556{ip: 192.168.34.46, host: pr-hdds-2347-fq45t-3280797939, networkLocation: /default-rack, certSerialId: null} reports an CLOSED replica.
2019-10-24 13:26:47,411 [EventQueue-ContainerReportForContainerReportHandler] WARN  container.ContainerReportHandler (AbstractContainerReportHandler.java:updateContainerState(145)) - Container #1 is in OPEN state, but the datanode 01d98fa9-b286-41ba-84b0-dae26651fa1e{ip: 192.168.34.46, host: pr-hdds-2347-fq45t-3280797939, networkLocation: /default-rack, certSerialId: null} reports an CLOSED replica.
2019-10-24 13:26:47,696 [BlockDeletingService#2] WARN  background.BlockDeletingService (BlockDeletingService.java:isDeletionAllowed(187)) - Close Container log Index 6 is not replicated across allthe servers in the pipeline 400d0dd0-f848-4ed7-b117-7cfe476639a9 as the min replicated index is 4. Deletion is not allowed in this container yet.
2019-10-24 13:26:47,696 [BlockDeletingService#2] WARN  background.BlockDeletingService (BlockDeletingService.java:isDeletionAllowed(187)) - Close Container log Index 6 is not replicated across allthe servers in the pipeline 400d0dd0-f848-4ed7-b117-7cfe476639a9 as the min replicated index is 4. Deletion is not allowed in this container yet.
2019-10-24 13:26:47,711 [EventQueue-ContainerReportForContainerReportHandler] WARN  container.ContainerReportHandler (AbstractContainerReportHandler.java:updateContainerState(145)) - Container #1 is in OPEN state, but the datanode 01d98fa9-b286-41ba-84b0-dae26651fa1e{ip: 192.168.34.46, host: pr-hdds-2347-fq45t-3280797939, networkLocation: /default-rack, certSerialId: null} reports an CLOSED replica.
2019-10-24 13:26:47,802 [EventQueue-ContainerReportForContainerReportHandler] WARN  container.ContainerReportHandler (AbstractContainerReportHandler.java:updateContainerState(145)) - Container #1 is in OPEN state, but the datanode 40829da6-3885-407c-a088-456b651d4556{ip: 192.168.34.46, host: pr-hdds-2347-fq45t-3280797939, networkLocation: /default-rack, certSerialId: null} reports an CLOSED replica.
2019-10-24 13:26:48,103 [EventQueue-ContainerReportForContainerReportHandler] WARN  container.ContainerReportHandler (AbstractContainerReportHandler.java:updateContainerState(145)) - Container #1 is in OPEN state, but the datanode 40829da6-3885-407c-a088-456b651d4556{ip: 192.168.34.46, host: pr-hdds-2347-fq45t-3280797939, networkLocation: /default-rack, certSerialId: null} reports an CLOSED replica.
2019-10-24 13:26:48,111 [EventQueue-ContainerReportForContainerReportHandler] WARN  container.ContainerReportHandler (AbstractContainerReportHandler.java:updateContainerState(145)) - Container #1 is in OPEN state, but the datanode 01d98fa9-b286-41ba-84b0-dae26651fa1e{ip: 192.168.34.46, host: pr-hdds-2347-fq45t-3280797939, networkLocation: /default-rack, certSerialId: null} reports an CLOSED replica.
2019-10-24 13:26:48,504 [EventQueue-ContainerReportForContainerReportHandler] WARN  container.ContainerReportHandler (AbstractContainerReportHandler.java:updateContainerState(145)) - Container #1 is in OPEN state, but the datanode 40829da6-3885-407c-a088-456b651d4556{ip: 192.168.34.46, host: pr-hdds-2347-fq45t-3280797939, networkLocation: /default-rack, certSerialId: null} reports an CLOSED replica.
2019-10-24 13:26:48,511 [EventQueue-ContainerReportForContainerReportHandler] WARN  container.ContainerReportHandler (AbstractContainerReportHandler.java:updateContainerState(145)) - Container #1 is in OPEN state, but the datanode 01d98fa9-b286-41ba-84b0-dae26651fa1e{ip: 192.168.34.46, host: pr-hdds-2347-fq45t-3280797939, networkLocation: /default-rack, certSerialId: null} reports an CLOSED replica.
2019-10-24 13:26:48,699 [BlockDeletingService#2] WARN  background.BlockDeletingService (BlockDeletingService.java:isDeletionAllowed(187)) - Close Container log Index 6 is not replicated across allthe servers in the pipeline 400d0dd0-f848-4ed7-b117-7cfe476639a9 as the min replicated index is 4. Deletion is not allowed in this container yet.
2019-10-24 13:26:48,699 [BlockDeletingService#2] WARN  background.BlockDeletingService (BlockDeletingService.java:isDeletionAllowed(187)) - Close Container log Index 6 is not replicated across allthe servers in the pipeline 400d0dd0-f848-4ed7-b117-7cfe476639a9 as the min replicated index is 4. Deletion is not allowed in this container yet.
2019-10-24 13:26:48,704 [EventQueue-ContainerReportForContainerReportHandler] WARN  container.ContainerReportHandler (AbstractContainerReportHandler.java:updateContainerState(145)) - Container #1 is in OPEN state, but the datanode 40829da6-3885-407c-a088-456b651d4556{ip: 192.168.34.46, host: pr-hdds-2347-fq45t-3280797939, networkLocation: /default-rack, certSerialId: null} reports an CLOSED replica.
2019-10-24 13:26:48,710 [EventQueue-ContainerReportForContainerReportHandler] WARN  container.ContainerReportHandler (AbstractContainerReportHandler.java:updateContainerState(145)) - Container #1 is in OPEN state, but the datanode 01d98fa9-b286-41ba-84b0-dae26651fa1e{ip: 192.168.34.46, host: pr-hdds-2347-fq45t-3280797939, networkLocation: /default-rack, certSerialId: null} reports an CLOSED replica.
2019-10-24 13:26:48,859 [Thread-421] INFO  client.GrpcClientProtocolService (GrpcClientProtocolService.java:lambda$processClientRequest$0(279)) - Failed RaftClientRequest:client-180CB693DB15->01d98fa9-b286-41ba-84b0-dae26651fa1e@group-7CFE476639A9, cid=10, seq=0, Watch-ALL_COMMITTED(6), Message:<EMPTY>, reply=RaftClientReply:client-180CB693DB15->01d98fa9-b286-41ba-84b0-dae26651fa1e@group-7CFE476639A9, cid=10, FAILED org.apache.ratis.protocol.NotLeaderException: Server 01d98fa9-b286-41ba-84b0-dae26651fa1e@group-7CFE476639A9 is not the leader 40829da6-3885-407c-a088-456b651d4556:192.168.34.46:34308, logIndex=0, commits[01d98fa9-b286-41ba-84b0-dae26651fa1e:c10, 6e90e31a-7849-4a98-b31c-06f2da08fbb3:c4, 40829da6-3885-407c-a088-456b651d4556:c10]
2019-10-24 13:26:48,910 [EventQueue-ContainerReportForContainerReportHandler] WARN  container.ContainerReportHandler (AbstractContainerReportHandler.java:updateContainerState(145)) - Container #1 is in OPEN state, but the datanode 01d98fa9-b286-41ba-84b0-dae26651fa1e{ip: 192.168.34.46, host: pr-hdds-2347-fq45t-3280797939, networkLocation: /default-rack, certSerialId: null} reports an CLOSED replica.
2019-10-24 13:26:49,005 [EventQueue-ContainerReportForContainerReportHandler] WARN  container.ContainerReportHandler (AbstractContainerReportHandler.java:updateContainerState(145)) - Container #1 is in OPEN state, but the datanode 40829da6-3885-407c-a088-456b651d4556{ip: 192.168.34.46, host: pr-hdds-2347-fq45t-3280797939, networkLocation: /default-rack, certSerialId: null} reports an CLOSED replica.
2019-10-24 13:26:49,305 [EventQueue-ContainerReportForContainerReportHandler] WARN  container.ContainerReportHandler (AbstractContainerReportHandler.java:updateContainerState(145)) - Container #1 is in OPEN state, but the datanode 40829da6-3885-407c-a088-456b651d4556{ip: 192.168.34.46, host: pr-hdds-2347-fq45t-3280797939, networkLocation: /default-rack, certSerialId: null} reports an CLOSED replica.
2019-10-24 13:26:49,312 [EventQueue-ContainerReportForContainerReportHandler] WARN  container.ContainerReportHandler (AbstractContainerReportHandler.java:updateContainerState(145)) - Container #1 is in OPEN state, but the datanode 01d98fa9-b286-41ba-84b0-dae26651fa1e{ip: 192.168.34.46, host: pr-hdds-2347-fq45t-3280797939, networkLocation: /default-rack, certSerialId: null} reports an CLOSED replica.
2019-10-24 13:26:49,506 [EventQueue-ContainerReportForContainerReportHandler] WARN  container.ContainerReportHandler (AbstractContainerReportHandler.java:updateContainerState(145)) - Container #1 is in OPEN state, but the datanode 40829da6-3885-407c-a088-456b651d4556{ip: 192.168.34.46, host: pr-hdds-2347-fq45t-3280797939, networkLocation: /default-rack, certSerialId: null} reports an CLOSED replica.
2019-10-24 13:26:49,513 [EventQueue-ContainerReportForContainerReportHandler] WARN  container.ContainerReportHandler (AbstractContainerReportHandler.java:updateContainerState(145)) - Container #1 is in OPEN state, but the datanode 01d98fa9-b286-41ba-84b0-dae26651fa1e{ip: 192.168.34.46, host: pr-hdds-2347-fq45t-3280797939, networkLocation: /default-rack, certSerialId: null} reports an CLOSED replica.
2019-10-24 13:26:49,700 [BlockDeletingService#2] WARN  background.BlockDeletingService (BlockDeletingService.java:isDeletionAllowed(187)) - Close Container log Index 6 is not replicated across allthe servers in the pipeline 400d0dd0-f848-4ed7-b117-7cfe476639a9 as the min replicated index is 4. Deletion is not allowed in this container yet.
2019-10-24 13:26:49,702 [BlockDeletingService#2] WARN  background.BlockDeletingService (BlockDeletingService.java:isDeletionAllowed(187)) - Close Container log Index 6 is not replicated across allthe servers in the pipeline 400d0dd0-f848-4ed7-b117-7cfe476639a9 as the min replicated index is 4. Deletion is not allowed in this container yet.
2019-10-24 13:26:49,808 [EventQueue-ContainerReportForContainerReportHandler] WARN  container.ContainerReportHandler (AbstractContainerReportHandler.java:updateContainerState(145)) - Container #1 is in OPEN state, but the datanode 40829da6-3885-407c-a088-456b651d4556{ip: 192.168.34.46, host: pr-hdds-2347-fq45t-3280797939, networkLocation: /default-rack, certSerialId: null} reports an CLOSED replica.
2019-10-24 13:26:49,821 [java.util.concurrent.ThreadPoolExecutor$Worker@7ba61e93[State = -1, empty queue]] WARN  server.GrpcLogAppender (GrpcLogAppender.java:timeoutAppendRequest(209)) - 40829da6-3885-407c-a088-456b651d4556@group-7CFE476639A9->6e90e31a-7849-4a98-b31c-06f2da08fbb3-GrpcLogAppender: appendEntries Timeout, request=40829da6-3885-407c-a088-456b651d4556->6e90e31a-7849-4a98-b31c-06f2da08fbb3#35-t2, previous=(t:2, i:10), leaderCommit=10, initializing? false, entries: <empty>
2019-10-24 13:26:49,915 [EventQueue-ContainerReportForContainerReportHandler] WARN  container.ContainerReportHandler (AbstractContainerReportHandler.java:updateContainerState(145)) - Container #1 is in OPEN state, but the datanode 01d98fa9-b286-41ba-84b0-dae26651fa1e{ip: 192.168.34.46, host: pr-hdds-2347-fq45t-3280797939, networkLocation: /default-rack, certSerialId: null} reports an CLOSED replica.
2019-10-24 13:26:50,107 [EventQueue-ContainerReportForContainerReportHandler] WARN  container.ContainerReportHandler (AbstractContainerReportHandler.java:updateContainerState(145)) - Container #1 is in OPEN state, but the datanode 40829da6-3885-407c-a088-456b651d4556{ip: 192.168.34.46, host: pr-hdds-2347-fq45t-3280797939, networkLocation: /default-rack, certSerialId: null} reports an CLOSED replica.
2019-10-24 13:26:50,113 [EventQueue-ContainerReportForContainerReportHandler] WARN  container.ContainerReportHandler (AbstractContainerReportHandler.java:updateContainerState(145)) - Container #1 is in OPEN state, but the datanode 01d98fa9-b286-41ba-84b0-dae26651fa1e{ip: 192.168.34.46, host: pr-hdds-2347-fq45t-3280797939, networkLocation: /default-rack, certSerialId: null} reports an CLOSED replica.
2019-10-24 13:26:50,307 [EventQueue-ContainerReportForContainerReportHandler] WARN  container.ContainerReportHandler (AbstractContainerReportHandler.java:updateContainerState(145)) - Container #1 is in OPEN state, but the datanode 40829da6-3885-407c-a088-456b651d4556{ip: 192.168.34.46, host: pr-hdds-2347-fq45t-3280797939, networkLocation: /default-rack, certSerialId: null} reports an CLOSED replica.
2019-10-24 13:26:50,513 [EventQueue-ContainerReportForContainerReportHandler] WARN  container.ContainerReportHandler (AbstractContainerReportHandler.java:updateContainerState(145)) - Container #1 is in OPEN state, but the datanode 01d98fa9-b286-41ba-84b0-dae26651fa1e{ip: 192.168.34.46, host: pr-hdds-2347-fq45t-3280797939, networkLocation: /default-rack, certSerialId: null} reports an CLOSED replica.
2019-10-24 13:26:50,609 [EventQueue-ContainerReportForContainerReportHandler] WARN  container.ContainerReportHandler (AbstractContainerReportHandler.java:updateContainerState(145)) - Container #1 is in OPEN state, but the datanode 40829da6-3885-407c-a088-456b651d4556{ip: 192.168.34.46, host: pr-hdds-2347-fq45t-3280797939, networkLocation: /default-rack, certSerialId: null} reports an CLOSED replica.
2019-10-24 13:26:50,704 [BlockDeletingService#2] WARN  background.BlockDeletingService (BlockDeletingService.java:isDeletionAllowed(187)) - Close Container log Index 6 is not replicated across allthe servers in the pipeline 400d0dd0-f848-4ed7-b117-7cfe476639a9 as the min replicated index is 4. Deletion is not allowed in this container yet.
2019-10-24 13:26:50,704 [BlockDeletingService#2] WARN  background.BlockDeletingService (BlockDeletingService.java:isDeletionAllowed(187)) - Close Container log Index 6 is not replicated across allthe servers in the pipeline 400d0dd0-f848-4ed7-b117-7cfe476639a9 as the min replicated index is 4. Deletion is not allowed in this container yet.
2019-10-24 13:26:50,713 [EventQueue-ContainerReportForContainerReportHandler] WARN  container.ContainerReportHandler (AbstractContainerReportHandler.java:updateContainerState(145)) - Container #1 is in OPEN state, but the datanode 01d98fa9-b286-41ba-84b0-dae26651fa1e{ip: 192.168.34.46, host: pr-hdds-2347-fq45t-3280797939, networkLocation: /default-rack, certSerialId: null} reports an CLOSED replica.
2019-10-24 13:26:50,755 [Thread-429] INFO  client.GrpcClientProtocolService (GrpcClientProtocolService.java:lambda$processClientRequest$0(279)) - Failed RaftClientRequest:client-180CB693DB15->40829da6-3885-407c-a088-456b651d4556@group-7CFE476639A9, cid=10, seq=0, Watch-ALL_COMMITTED(6), Message:<EMPTY>, reply=RaftClientReply:client-180CB693DB15->40829da6-3885-407c-a088-456b651d4556@group-7CFE476639A9, cid=10, FAILED org.apache.ratis.protocol.NotReplicatedException: Request with call Id 10 and log index 6 is not yet replicated to ALL_COMMITTED, logIndex=6, commits[40829da6-3885-407c-a088-456b651d4556:c10, 6e90e31a-7849-4a98-b31c-06f2da08fbb3:c4, 01d98fa9-b286-41ba-84b0-dae26651fa1e:c10]
2019-10-24 13:26:51,010 [EventQueue-ContainerReportForContainerReportHandler] WARN  container.ContainerReportHandler (AbstractContainerReportHandler.java:updateContainerState(145)) - Container #1 is in OPEN state, but the datanode 40829da6-3885-407c-a088-456b651d4556{ip: 192.168.34.46, host: pr-hdds-2347-fq45t-3280797939, networkLocation: /default-rack, certSerialId: null} reports an CLOSED replica.
2019-10-24 13:26:51,014 [EventQueue-ContainerReportForContainerReportHandler] WARN  container.ContainerReportHandler (AbstractContainerReportHandler.java:updateContainerState(145)) - Container #1 is in OPEN state, but the datanode 01d98fa9-b286-41ba-84b0-dae26651fa1e{ip: 192.168.34.46, host: pr-hdds-2347-fq45t-3280797939, networkLocation: /default-rack, certSerialId: null} reports an CLOSED replica.
2019-10-24 13:26:51,309 [EventQueue-ContainerReportForContainerReportHandler] WARN  container.ContainerReportHandler (AbstractContainerReportHandler.java:updateContainerState(145)) - Container #1 is in OPEN state, but the datanode 40829da6-3885-407c-a088-456b651d4556{ip: 192.168.34.46, host: pr-hdds-2347-fq45t-3280797939, networkLocation: /default-rack, certSerialId: null} reports an CLOSED replica.
2019-10-24 13:26:51,314 [EventQueue-ContainerReportForContainerReportHandler] WARN  container.ContainerReportHandler (AbstractContainerReportHandler.java:updateContainerState(145)) - Container #1 is in OPEN state, but the datanode 01d98fa9-b286-41ba-84b0-dae26651fa1e{ip: 192.168.34.46, host: pr-hdds-2347-fq45t-3280797939, networkLocation: /default-rack, certSerialId: null} reports an CLOSED replica.
2019-10-24 13:26:51,610 [EventQueue-ContainerReportForContainerReportHandler] WARN  container.ContainerReportHandler (AbstractContainerReportHandler.java:updateContainerState(145)) - Container #1 is in OPEN state, but the datanode 40829da6-3885-407c-a088-456b651d4556{ip: 192.168.34.46, host: pr-hdds-2347-fq45t-3280797939, networkLocation: /default-rack, certSerialId: null} reports an CLOSED replica.
2019-10-24 13:26:51,613 [EventQueue-ContainerReportForContainerReportHandler] WARN  container.ContainerReportHandler (AbstractContainerReportHandler.java:updateContainerState(145)) - Container #1 is in OPEN state, but the datanode 01d98fa9-b286-41ba-84b0-dae26651fa1e{ip: 192.168.34.46, host: pr-hdds-2347-fq45t-3280797939, networkLocation: /default-rack, certSerialId: null} reports an CLOSED replica.
2019-10-24 13:26:51,708 [BlockDeletingService#2] WARN  background.BlockDeletingService (BlockDeletingService.java:isDeletionAllowed(187)) - Close Container log Index 6 is not replicated across allthe servers in the pipeline 400d0dd0-f848-4ed7-b117-7cfe476639a9 as the min replicated index is 4. Deletion is not allowed in this container yet.
2019-10-24 13:26:51,708 [BlockDeletingService#2] WARN  background.BlockDeletingService (BlockDeletingService.java:isDeletionAllowed(187)) - Close Container log Index 6 is not replicated across allthe servers in the pipeline 400d0dd0-f848-4ed7-b117-7cfe476639a9 as the min replicated index is 4. Deletion is not allowed in this container yet.
2019-10-24 13:26:51,913 [EventQueue-ContainerReportForContainerReportHandler] WARN  container.ContainerReportHandler (AbstractContainerReportHandler.java:updateContainerState(145)) - Container #1 is in OPEN state, but the datanode 40829da6-3885-407c-a088-456b651d4556{ip: 192.168.34.46, host: pr-hdds-2347-fq45t-3280797939, networkLocation: /default-rack, certSerialId: null} reports an CLOSED replica.
2019-10-24 13:26:52,013 [EventQueue-ContainerReportForContainerReportHandler] WARN  container.ContainerReportHandler (AbstractContainerReportHandler.java:updateContainerState(145)) - Container #1 is in OPEN state, but the datanode 01d98fa9-b286-41ba-84b0-dae26651fa1e{ip: 192.168.34.46, host: pr-hdds-2347-fq45t-3280797939, networkLocation: /default-rack, certSerialId: null} reports an CLOSED replica.
2019-10-24 13:26:52,212 [EventQueue-ContainerReportForContainerReportHandler] WARN  container.ContainerReportHandler (AbstractContainerReportHandler.java:updateContainerState(145)) - Container #1 is in OPEN state, but the datanode 40829da6-3885-407c-a088-456b651d4556{ip: 192.168.34.46, host: pr-hdds-2347-fq45t-3280797939, networkLocation: /default-rack, certSerialId: null} reports an CLOSED replica.
2019-10-24 13:26:52,214 [EventQueue-ContainerReportForContainerReportHandler] WARN  container.ContainerReportHandler (AbstractContainerReportHandler.java:updateContainerState(145)) - Container #1 is in OPEN state, but the datanode 01d98fa9-b286-41ba-84b0-dae26651fa1e{ip: 192.168.34.46, host: pr-hdds-2347-fq45t-3280797939, networkLocation: /default-rack, certSerialId: null} reports an CLOSED replica.
2019-10-24 13:26:52,322 [java.util.concurrent.ThreadPoolExecutor$Worker@7ba61e93[State = -1, empty queue]] WARN  server.GrpcLogAppender (GrpcLogAppender.java:timeoutAppendRequest(209)) - 40829da6-3885-407c-a088-456b651d4556@group-7CFE476639A9->6e90e31a-7849-4a98-b31c-06f2da08fbb3-GrpcLogAppender: appendEntries Timeout, request=40829da6-3885-407c-a088-456b651d4556->6e90e31a-7849-4a98-b31c-06f2da08fbb3#36-t2, previous=(t:2, i:10), leaderCommit=10, initializing? false, entries: <empty>
2019-10-24 13:26:52,513 [EventQueue-ContainerReportForContainerReportHandler] WARN  container.ContainerReportHandler (AbstractContainerReportHandler.java:updateContainerState(145)) - Container #1 is in OPEN state, but the datanode 40829da6-3885-407c-a088-456b651d4556{ip: 192.168.34.46, host: pr-hdds-2347-fq45t-3280797939, networkLocation: /default-rack, certSerialId: null} reports an CLOSED replica.
2019-10-24 13:26:52,515 [EventQueue-ContainerReportForContainerReportHandler] WARN  container.ContainerReportHandler (AbstractContainerReportHandler.java:updateContainerState(145)) - Container #1 is in OPEN state, but the datanode 01d98fa9-b286-41ba-84b0-dae26651fa1e{ip: 192.168.34.46, host: pr-hdds-2347-fq45t-3280797939, networkLocation: /default-rack, certSerialId: null} reports an CLOSED replica.
2019-10-24 13:26:52,713 [EventQueue-ContainerReportForContainerReportHandler] WARN  container.ContainerReportHandler (AbstractContainerReportHandler.java:updateContainerState(145)) - Container #1 is in OPEN state, but the datanode 40829da6-3885-407c-a088-456b651d4556{ip: 192.168.34.46, host: pr-hdds-2347-fq45t-3280797939, networkLocation: /default-rack, certSerialId: null} reports an CLOSED replica.
2019-10-24 13:26:52,714 [BlockDeletingService#2] WARN  background.BlockDeletingService (BlockDeletingService.java:isDeletionAllowed(187)) - Close Container log Index 6 is not replicated across allthe servers in the pipeline 400d0dd0-f848-4ed7-b117-7cfe476639a9 as the min replicated index is 4. Deletion is not allowed in this container yet.
2019-10-24 13:26:52,714 [BlockDeletingService#2] WARN  background.BlockDeletingService (BlockDeletingService.java:isDeletionAllowed(187)) - Close Container log Index 6 is not replicated across allthe servers in the pipeline 400d0dd0-f848-4ed7-b117-7cfe476639a9 as the min replicated index is 4. Deletion is not allowed in this container yet.
2019-10-24 13:26:52,715 [EventQueue-ContainerReportForContainerReportHandler] WARN  container.ContainerReportHandler (AbstractContainerReportHandler.java:updateContainerState(145)) - Container #1 is in OPEN state, but the datanode 01d98fa9-b286-41ba-84b0-dae26651fa1e{ip: 192.168.34.46, host: pr-hdds-2347-fq45t-3280797939, networkLocation: /default-rack, certSerialId: null} reports an CLOSED replica.
2019-10-24 13:26:52,913 [EventQueue-ContainerReportForContainerReportHandler] WARN  container.ContainerReportHandler (AbstractContainerReportHandler.java:updateContainerState(145)) - Container #1 is in OPEN state, but the datanode 40829da6-3885-407c-a088-456b651d4556{ip: 192.168.34.46, host: pr-hdds-2347-fq45t-3280797939, networkLocation: /default-rack, certSerialId: null} reports an CLOSED replica.
2019-10-24 13:26:53,115 [EventQueue-ContainerReportForContainerReportHandler] WARN  container.ContainerReportHandler (AbstractContainerReportHandler.java:updateContainerState(145)) - Container #1 is in OPEN state, but the datanode 01d98fa9-b286-41ba-84b0-dae26651fa1e{ip: 192.168.34.46, host: pr-hdds-2347-fq45t-3280797939, networkLocation: /default-rack, certSerialId: null} reports an CLOSED replica.
2019-10-24 13:26:53,213 [EventQueue-ContainerReportForContainerReportHandler] WARN  container.ContainerReportHandler (AbstractContainerReportHandler.java:updateContainerState(145)) - Container #1 is in OPEN state, but the datanode 40829da6-3885-407c-a088-456b651d4556{ip: 192.168.34.46, host: pr-hdds-2347-fq45t-3280797939, networkLocation: /default-rack, certSerialId: null} reports an CLOSED replica.
2019-10-24 13:26:53,414 [EventQueue-ContainerReportForContainerReportHandler] WARN  container.ContainerReportHandler (AbstractContainerReportHandler.java:updateContainerState(145)) - Container #1 is in OPEN state, but the datanode 01d98fa9-b286-41ba-84b0-dae26651fa1e{ip: 192.168.34.46, host: pr-hdds-2347-fq45t-3280797939, networkLocation: /default-rack, certSerialId: null} reports an CLOSED replica.
2019-10-24 13:26:53,615 [EventQueue-ContainerReportForContainerReportHandler] WARN  container.ContainerReportHandler (AbstractContainerReportHandler.java:updateContainerState(145)) - Container #1 is in OPEN state, but the datanode 40829da6-3885-407c-a088-456b651d4556{ip: 192.168.34.46, host: pr-hdds-2347-fq45t-3280797939, networkLocation: /default-rack, certSerialId: null} reports an CLOSED replica.
2019-10-24 13:26:53,715 [EventQueue-ContainerReportForContainerReportHandler] WARN  container.ContainerReportHandler (AbstractContainerReportHandler.java:updateContainerState(145)) - Container #1 is in OPEN state, but the datanode 01d98fa9-b286-41ba-84b0-dae26651fa1e{ip: 192.168.34.46, host: pr-hdds-2347-fq45t-3280797939, networkLocation: /default-rack, certSerialId: null} reports an CLOSED replica.
2019-10-24 13:26:53,716 [BlockDeletingService#2] WARN  background.BlockDeletingService (BlockDeletingService.java:isDeletionAllowed(187)) - Close Container log Index 6 is not replicated across allthe servers in the pipeline 400d0dd0-f848-4ed7-b117-7cfe476639a9 as the min replicated index is 4. Deletion is not allowed in this container yet.
2019-10-24 13:26:53,716 [BlockDeletingService#2] WARN  background.BlockDeletingService (BlockDeletingService.java:isDeletionAllowed(187)) - Close Container log Index 6 is not replicated across allthe servers in the pipeline 400d0dd0-f848-4ed7-b117-7cfe476639a9 as the min replicated index is 4. Deletion is not allowed in this container yet.
2019-10-24 13:26:53,914 [EventQueue-ContainerReportForContainerReportHandler] WARN  container.ContainerReportHandler (AbstractContainerReportHandler.java:updateContainerState(145)) - Container #1 is in OPEN state, but the datanode 40829da6-3885-407c-a088-456b651d4556{ip: 192.168.34.46, host: pr-hdds-2347-fq45t-3280797939, networkLocation: /default-rack, certSerialId: null} reports an CLOSED replica.
2019-10-24 13:26:54,015 [EventQueue-ContainerReportForContainerReportHandler] WARN  container.ContainerReportHandler (AbstractContainerReportHandler.java:updateContainerState(145)) - Container #1 is in OPEN state, but the datanode 01d98fa9-b286-41ba-84b0-dae26651fa1e{ip: 192.168.34.46, host: pr-hdds-2347-fq45t-3280797939, networkLocation: /default-rack, certSerialId: null} reports an CLOSED replica.
2019-10-24 13:26:54,315 [EventQueue-ContainerReportForContainerReportHandler] WARN  container.ContainerReportHandler (AbstractContainerReportHandler.java:updateContainerState(145)) - Container #1 is in OPEN state, but the datanode 40829da6-3885-407c-a088-456b651d4556{ip: 192.168.34.46, host: pr-hdds-2347-fq45t-3280797939, networkLocation: /default-rack, certSerialId: null} reports an CLOSED replica.
2019-10-24 13:26:54,315 [EventQueue-ContainerReportForContainerReportHandler] WARN  container.ContainerReportHandler (AbstractContainerReportHandler.java:updateContainerState(145)) - Container #1 is in OPEN state, but the datanode 01d98fa9-b286-41ba-84b0-dae26651fa1e{ip: 192.168.34.46, host: pr-hdds-2347-fq45t-3280797939, networkLocation: /default-rack, certSerialId: null} reports an CLOSED replica.
2019-10-24 13:26:54,616 [EventQueue-ContainerReportForContainerReportHandler] WARN  container.ContainerReportHandler (AbstractContainerReportHandler.java:updateContainerState(145)) - Container #1 is in OPEN state, but the datanode 40829da6-3885-407c-a088-456b651d4556{ip: 192.168.34.46, host: pr-hdds-2347-fq45t-3280797939, networkLocation: /default-rack, certSerialId: null} reports an CLOSED replica.
2019-10-24 13:26:54,616 [EventQueue-ContainerReportForContainerReportHandler] WARN  container.ContainerReportHandler (AbstractContainerReportHandler.java:updateContainerState(145)) - Container #1 is in OPEN state, but the datanode 01d98fa9-b286-41ba-84b0-dae26651fa1e{ip: 192.168.34.46, host: pr-hdds-2347-fq45t-3280797939, networkLocation: /default-rack, certSerialId: null} reports an CLOSED replica.
2019-10-24 13:26:54,719 [BlockDeletingService#2] WARN  background.BlockDeletingService (BlockDeletingService.java:isDeletionAllowed(187)) - Close Container log Index 6 is not replicated across allthe servers in the pipeline 400d0dd0-f848-4ed7-b117-7cfe476639a9 as the min replicated index is 4. Deletion is not allowed in this container yet.
2019-10-24 13:26:54,719 [BlockDeletingService#2] WARN  background.BlockDeletingService (BlockDeletingService.java:isDeletionAllowed(187)) - Close Container log Index 6 is not replicated across allthe servers in the pipeline 400d0dd0-f848-4ed7-b117-7cfe476639a9 as the min replicated index is 4. Deletion is not allowed in this container yet.
2019-10-24 13:26:54,825 [java.util.concurrent.ThreadPoolExecutor$Worker@7ba61e93[State = -1, empty queue]] WARN  server.GrpcLogAppender (GrpcLogAppender.java:timeoutAppendRequest(209)) - 40829da6-3885-407c-a088-456b651d4556@group-7CFE476639A9->6e90e31a-7849-4a98-b31c-06f2da08fbb3-GrpcLogAppender: appendEntries Timeout, request=40829da6-3885-407c-a088-456b651d4556->6e90e31a-7849-4a98-b31c-06f2da08fbb3#37-t2, previous=(t:2, i:10), leaderCommit=10, initializing? false, entries: <empty>
2019-10-24 13:26:54,918 [EventQueue-ContainerReportForContainerReportHandler] WARN  container.ContainerReportHandler (AbstractContainerReportHandler.java:updateContainerState(145)) - Container #1 is in OPEN state, but the datanode 01d98fa9-b286-41ba-84b0-dae26651fa1e{ip: 192.168.34.46, host: pr-hdds-2347-fq45t-3280797939, networkLocation: /default-rack, certSerialId: null} reports an CLOSED replica.
2019-10-24 13:26:55,017 [EventQueue-ContainerReportForContainerReportHandler] WARN  container.ContainerReportHandler (AbstractContainerReportHandler.java:updateContainerState(145)) - Container #1 is in OPEN state, but the datanode 40829da6-3885-407c-a088-456b651d4556{ip: 192.168.34.46, host: pr-hdds-2347-fq45t-3280797939, networkLocation: /default-rack, certSerialId: null} reports an CLOSED replica.
2019-10-24 13:26:55,217 [EventQueue-ContainerReportForContainerReportHandler] WARN  container.ContainerReportHandler (AbstractContainerReportHandler.java:updateContainerState(145)) - Container #1 is in OPEN state, but the datanode 01d98fa9-b286-41ba-84b0-dae26651fa1e{ip: 192.168.34.46, host: pr-hdds-2347-fq45t-3280797939, networkLocation: /default-rack, certSerialId: null} reports an CLOSED replica.
2019-10-24 13:26:55,417 [EventQueue-ContainerReportForContainerReportHandler] WARN  container.ContainerReportHandler (AbstractContainerReportHandler.java:updateContainerState(145)) - Container #1 is in OPEN state, but the datanode 40829da6-3885-407c-a088-456b651d4556{ip: 192.168.34.46, host: pr-hdds-2347-fq45t-3280797939, networkLocation: /default-rack, certSerialId: null} reports an CLOSED replica.
2019-10-24 13:26:55,518 [EventQueue-ContainerReportForContainerReportHandler] WARN  container.ContainerReportHandler (AbstractContainerReportHandler.java:updateContainerState(145)) - Container #1 is in OPEN state, but the datanode 01d98fa9-b286-41ba-84b0-dae26651fa1e{ip: 192.168.34.46, host: pr-hdds-2347-fq45t-3280797939, networkLocation: /default-rack, certSerialId: null} reports an CLOSED replica.
2019-10-24 13:26:55,617 [EventQueue-ContainerReportForContainerReportHandler] WARN  container.ContainerReportHandler (AbstractContainerReportHandler.java:updateContainerState(145)) - Container #1 is in OPEN state, but the datanode 40829da6-3885-407c-a088-456b651d4556{ip: 192.168.34.46, host: pr-hdds-2347-fq45t-3280797939, networkLocation: /default-rack, certSerialId: null} reports an CLOSED replica.
2019-10-24 13:26:55,721 [BlockDeletingService#2] WARN  background.BlockDeletingService (BlockDeletingService.java:isDeletionAllowed(187)) - Close Container log Index 6 is not replicated across allthe servers in the pipeline 400d0dd0-f848-4ed7-b117-7cfe476639a9 as the min replicated index is 4. Deletion is not allowed in this container yet.
2019-10-24 13:26:55,721 [BlockDeletingService#2] WARN  background.BlockDeletingService (BlockDeletingService.java:isDeletionAllowed(187)) - Close Container log Index 6 is not replicated across allthe servers in the pipeline 400d0dd0-f848-4ed7-b117-7cfe476639a9 as the min replicated index is 4. Deletion is not allowed in this container yet.
2019-10-24 13:26:55,818 [EventQueue-ContainerReportForContainerReportHandler] WARN  container.ContainerReportHandler (AbstractContainerReportHandler.java:updateContainerState(145)) - Container #1 is in OPEN state, but the datanode 40829da6-3885-407c-a088-456b651d4556{ip: 192.168.34.46, host: pr-hdds-2347-fq45t-3280797939, networkLocation: /default-rack, certSerialId: null} reports an CLOSED replica.
2019-10-24 13:26:55,919 [EventQueue-ContainerReportForContainerReportHandler] WARN  container.ContainerReportHandler (AbstractContainerReportHandler.java:updateContainerState(145)) - Container #1 is in OPEN state, but the datanode 01d98fa9-b286-41ba-84b0-dae26651fa1e{ip: 192.168.34.46, host: pr-hdds-2347-fq45t-3280797939, networkLocation: /default-rack, certSerialId: null} reports an CLOSED replica.
2019-10-24 13:26:56,118 [EventQueue-ContainerReportForContainerReportHandler] WARN  container.ContainerReportHandler (AbstractContainerReportHandler.java:updateContainerState(145)) - Container #1 is in OPEN state, but the datanode 40829da6-3885-407c-a088-456b651d4556{ip: 192.168.34.46, host: pr-hdds-2347-fq45t-3280797939, networkLocation: /default-rack, certSerialId: null} reports an CLOSED replica.
2019-10-24 13:26:56,218 [EventQueue-ContainerReportForContainerReportHandler] WARN  container.ContainerReportHandler (AbstractContainerReportHandler.java:updateContainerState(145)) - Container #1 is in OPEN state, but the datanode 01d98fa9-b286-41ba-84b0-dae26651fa1e{ip: 192.168.34.46, host: pr-hdds-2347-fq45t-3280797939, networkLocation: /default-rack, certSerialId: null} reports an CLOSED replica.
2019-10-24 13:26:56,519 [EventQueue-ContainerReportForContainerReportHandler] WARN  container.ContainerReportHandler (AbstractContainerReportHandler.java:updateContainerState(145)) - Container #1 is in OPEN state, but the datanode 40829da6-3885-407c-a088-456b651d4556{ip: 192.168.34.46, host: pr-hdds-2347-fq45t-3280797939, networkLocation: /default-rack, certSerialId: null} reports an CLOSED replica.
2019-10-24 13:26:56,519 [EventQueue-ContainerReportForContainerReportHandler] WARN  container.ContainerReportHandler (AbstractContainerReportHandler.java:updateContainerState(145)) - Container #1 is in OPEN state, but the datanode 01d98fa9-b286-41ba-84b0-dae26651fa1e{ip: 192.168.34.46, host: pr-hdds-2347-fq45t-3280797939, networkLocation: /default-rack, certSerialId: null} reports an CLOSED replica.
2019-10-24 13:26:56,723 [BlockDeletingService#2] WARN  background.BlockDeletingService (BlockDeletingService.java:isDeletionAllowed(187)) - Close Container log Index 6 is not replicated across allthe servers in the pipeline 400d0dd0-f848-4ed7-b117-7cfe476639a9 as the min replicated index is 4. Deletion is not allowed in this container yet.
2019-10-24 13:26:56,723 [BlockDeletingService#2] WARN  background.BlockDeletingService (BlockDeletingService.java:isDeletionAllowed(187)) - Close Container log Index 6 is not replicated across allthe servers in the pipeline 400d0dd0-f848-4ed7-b117-7cfe476639a9 as the min replicated index is 4. Deletion is not allowed in this container yet.
2019-10-24 13:26:56,821 [EventQueue-ContainerReportForContainerReportHandler] WARN  container.ContainerReportHandler (AbstractContainerReportHandler.java:updateContainerState(145)) - Container #1 is in OPEN state, but the datanode 01d98fa9-b286-41ba-84b0-dae26651fa1e{ip: 192.168.34.46, host: pr-hdds-2347-fq45t-3280797939, networkLocation: /default-rack, certSerialId: null} reports an CLOSED replica.
2019-10-24 13:26:56,822 [EventQueue-ContainerReportForContainerReportHandler] WARN  container.ContainerReportHandler (AbstractContainerReportHandler.java:updateContainerState(145)) - Container #1 is in OPEN state, but the datanode 40829da6-3885-407c-a088-456b651d4556{ip: 192.168.34.46, host: pr-hdds-2347-fq45t-3280797939, networkLocation: /default-rack, certSerialId: null} reports an CLOSED replica.
2019-10-24 13:26:57,021 [EventQueue-ContainerReportForContainerReportHandler] WARN  container.ContainerReportHandler (AbstractContainerReportHandler.java:updateContainerState(145)) - Container #1 is in OPEN state, but the datanode 01d98fa9-b286-41ba-84b0-dae26651fa1e{ip: 192.168.34.46, host: pr-hdds-2347-fq45t-3280797939, networkLocation: /default-rack, certSerialId: null} reports an CLOSED replica.
2019-10-24 13:26:57,121 [EventQueue-ContainerReportForContainerReportHandler] WARN  container.ContainerReportHandler (AbstractContainerReportHandler.java:updateContainerState(145)) - Container #1 is in OPEN state, but the datanode 40829da6-3885-407c-a088-456b651d4556{ip: 192.168.34.46, host: pr-hdds-2347-fq45t-3280797939, networkLocation: /default-rack, certSerialId: null} reports an CLOSED replica.
2019-10-24 13:26:57,328 [java.util.concurrent.ThreadPoolExecutor$Worker@7ba61e93[State = -1, empty queue]] WARN  server.GrpcLogAppender (GrpcLogAppender.java:timeoutAppendRequest(209)) - 40829da6-3885-407c-a088-456b651d4556@group-7CFE476639A9->6e90e31a-7849-4a98-b31c-06f2da08fbb3-GrpcLogAppender: appendEntries Timeout, request=40829da6-3885-407c-a088-456b651d4556->6e90e31a-7849-4a98-b31c-06f2da08fbb3#38-t2, previous=(t:2, i:10), leaderCommit=10, initializing? false, entries: <empty>
2019-10-24 13:26:57,422 [EventQueue-ContainerReportForContainerReportHandler] WARN  container.ContainerReportHandler (AbstractContainerReportHandler.java:updateContainerState(145)) - Container #1 is in OPEN state, but the datanode 01d98fa9-b286-41ba-84b0-dae26651fa1e{ip: 192.168.34.46, host: pr-hdds-2347-fq45t-3280797939, networkLocation: /default-rack, certSerialId: null} reports an CLOSED replica.
2019-10-24 13:26:57,522 [EventQueue-ContainerReportForContainerReportHandler] WARN  container.ContainerReportHandler (AbstractContainerReportHandler.java:updateContainerState(145)) - Container #1 is in OPEN state, but the datanode 40829da6-3885-407c-a088-456b651d4556{ip: 192.168.34.46, host: pr-hdds-2347-fq45t-3280797939, networkLocation: /default-rack, certSerialId: null} reports an CLOSED replica.
2019-10-24 13:26:57,722 [EventQueue-ContainerReportForContainerReportHandler] WARN  container.ContainerReportHandler (AbstractContainerReportHandler.java:updateContainerState(145)) - Container #1 is in OPEN state, but the datanode 40829da6-3885-407c-a088-456b651d4556{ip: 192.168.34.46, host: pr-hdds-2347-fq45t-3280797939, networkLocation: /default-rack, certSerialId: null} reports an CLOSED replica.
2019-10-24 13:26:57,725 [BlockDeletingService#2] WARN  background.BlockDeletingService (BlockDeletingService.java:isDeletionAllowed(187)) - Close Container log Index 6 is not replicated across allthe servers in the pipeline 400d0dd0-f848-4ed7-b117-7cfe476639a9 as the min replicated index is 4. Deletion is not allowed in this container yet.
2019-10-24 13:26:57,725 [BlockDeletingService#2] WARN  background.BlockDeletingService (BlockDeletingService.java:isDeletionAllowed(187)) - Close Container log Index 6 is not replicated across allthe servers in the pipeline 400d0dd0-f848-4ed7-b117-7cfe476639a9 as the min replicated index is 4. Deletion is not allowed in this container yet.
2019-10-24 13:26:57,821 [EventQueue-ContainerReportForContainerReportHandler] WARN  container.ContainerReportHandler (AbstractContainerReportHandler.java:updateContainerState(145)) - Container #1 is in OPEN state, but the datanode 01d98fa9-b286-41ba-84b0-dae26651fa1e{ip: 192.168.34.46, host: pr-hdds-2347-fq45t-3280797939, networkLocation: /default-rack, certSerialId: null} reports an CLOSED replica.
2019-10-24 13:26:58,022 [EventQueue-ContainerReportForContainerReportHandler] WARN  container.ContainerReportHandler (AbstractContainerReportHandler.java:updateContainerState(145)) - Container #1 is in OPEN state, but the datanode 40829da6-3885-407c-a088-456b651d4556{ip: 192.168.34.46, host: pr-hdds-2347-fq45t-3280797939, networkLocation: /default-rack, certSerialId: null} reports an CLOSED replica.
2019-10-24 13:26:58,121 [EventQueue-ContainerReportForContainerReportHandler] WARN  container.ContainerReportHandler (AbstractContainerReportHandler.java:updateContainerState(145)) - Container #1 is in OPEN state, but the datanode 01d98fa9-b286-41ba-84b0-dae26651fa1e{ip: 192.168.34.46, host: pr-hdds-2347-fq45t-3280797939, networkLocation: /default-rack, certSerialId: null} reports an CLOSED replica.
2019-10-24 13:26:58,321 [EventQueue-ContainerReportForContainerReportHandler] WARN  container.ContainerReportHandler (AbstractContainerReportHandler.java:updateContainerState(145)) - Container #1 is in OPEN state, but the datanode 40829da6-3885-407c-a088-456b651d4556{ip: 192.168.34.46, host: pr-hdds-2347-fq45t-3280797939, networkLocation: /default-rack, certSerialId: null} reports an CLOSED replica.
2019-10-24 13:26:58,522 [EventQueue-ContainerReportForContainerReportHandler] WARN  container.ContainerReportHandler (AbstractContainerReportHandler.java:updateContainerState(145)) - Container #1 is in OPEN state, but the datanode 01d98fa9-b286-41ba-84b0-dae26651fa1e{ip: 192.168.34.46, host: pr-hdds-2347-fq45t-3280797939, networkLocation: /default-rack, certSerialId: null} reports an CLOSED replica.
2019-10-24 13:26:58,622 [EventQueue-ContainerReportForContainerReportHandler] WARN  container.ContainerReportHandler (AbstractContainerReportHandler.java:updateContainerState(145)) - Container #1 is in OPEN state, but the datanode 40829da6-3885-407c-a088-456b651d4556{ip: 192.168.34.46, host: pr-hdds-2347-fq45t-3280797939, networkLocation: /default-rack, certSerialId: null} reports an CLOSED replica.
2019-10-24 13:26:58,727 [BlockDeletingService#2] WARN  background.BlockDeletingService (BlockDeletingService.java:isDeletionAllowed(187)) - Close Container log Index 6 is not replicated across allthe servers in the pipeline 400d0dd0-f848-4ed7-b117-7cfe476639a9 as the min replicated index is 4. Deletion is not allowed in this container yet.
2019-10-24 13:26:58,727 [BlockDeletingService#2] WARN  background.BlockDeletingService (BlockDeletingService.java:isDeletionAllowed(187)) - Close Container log Index 6 is not replicated across allthe servers in the pipeline 400d0dd0-f848-4ed7-b117-7cfe476639a9 as the min replicated index is 4. Deletion is not allowed in this container yet.
2019-10-24 13:26:58,822 [EventQueue-ContainerReportForContainerReportHandler] WARN  container.ContainerReportHandler (AbstractContainerReportHandler.java:updateContainerState(145)) - Container #1 is in OPEN state, but the datanode 40829da6-3885-407c-a088-456b651d4556{ip: 192.168.34.46, host: pr-hdds-2347-fq45t-3280797939, networkLocation: /default-rack, certSerialId: null} reports an CLOSED replica.
2019-10-24 13:26:58,892 [Thread-453] INFO  client.GrpcClientProtocolService (GrpcClientProtocolService.java:lambda$processClientRequest$0(279)) - Failed RaftClientRequest:client-180CB693DB15->01d98fa9-b286-41ba-84b0-dae26651fa1e@group-7CFE476639A9, cid=10, seq=0, Watch-ALL_COMMITTED(6), Message:<EMPTY>, reply=RaftClientReply:client-180CB693DB15->01d98fa9-b286-41ba-84b0-dae26651fa1e@group-7CFE476639A9, cid=10, FAILED org.apache.ratis.protocol.NotLeaderException: Server 01d98fa9-b286-41ba-84b0-dae26651fa1e@group-7CFE476639A9 is not the leader 40829da6-3885-407c-a088-456b651d4556:192.168.34.46:34308, logIndex=0, commits[01d98fa9-b286-41ba-84b0-dae26651fa1e:c10, 6e90e31a-7849-4a98-b31c-06f2da08fbb3:c4, 40829da6-3885-407c-a088-456b651d4556:c10]
2019-10-24 13:26:58,922 [EventQueue-ContainerReportForContainerReportHandler] WARN  container.ContainerReportHandler (AbstractContainerReportHandler.java:updateContainerState(145)) - Container #1 is in OPEN state, but the datanode 01d98fa9-b286-41ba-84b0-dae26651fa1e{ip: 192.168.34.46, host: pr-hdds-2347-fq45t-3280797939, networkLocation: /default-rack, certSerialId: null} reports an CLOSED replica.
2019-10-24 13:26:59,222 [EventQueue-ContainerReportForContainerReportHandler] WARN  container.ContainerReportHandler (AbstractContainerReportHandler.java:updateContainerState(145)) - Container #1 is in OPEN state, but the datanode 40829da6-3885-407c-a088-456b651d4556{ip: 192.168.34.46, host: pr-hdds-2347-fq45t-3280797939, networkLocation: /default-rack, certSerialId: null} reports an CLOSED replica.
2019-10-24 13:26:59,222 [EventQueue-ContainerReportForContainerReportHandler] WARN  container.ContainerReportHandler (AbstractContainerReportHandler.java:updateContainerState(145)) - Container #1 is in OPEN state, but the datanode 01d98fa9-b286-41ba-84b0-dae26651fa1e{ip: 192.168.34.46, host: pr-hdds-2347-fq45t-3280797939, networkLocation: /default-rack, certSerialId: null} reports an CLOSED replica.
2019-10-24 13:26:59,421 [EventQueue-ContainerReportForContainerReportHandler] WARN  container.ContainerReportHandler (AbstractContainerReportHandler.java:updateContainerState(145)) - Container #1 is in OPEN state, but the datanode 01d98fa9-b286-41ba-84b0-dae26651fa1e{ip: 192.168.34.46, host: pr-hdds-2347-fq45t-3280797939, networkLocation: /default-rack, certSerialId: null} reports an CLOSED replica.
2019-10-24 13:26:59,422 [EventQueue-ContainerReportForContainerReportHandler] WARN  container.ContainerReportHandler (AbstractContainerReportHandler.java:updateContainerState(145)) - Container #1 is in OPEN state, but the datanode 40829da6-3885-407c-a088-456b651d4556{ip: 192.168.34.46, host: pr-hdds-2347-fq45t-3280797939, networkLocation: /default-rack, certSerialId: null} reports an CLOSED replica.
2019-10-24 13:26:59,728 [BlockDeletingService#2] WARN  background.BlockDeletingService (BlockDeletingService.java:isDeletionAllowed(187)) - Close Container log Index 6 is not replicated across allthe servers in the pipeline 400d0dd0-f848-4ed7-b117-7cfe476639a9 as the min replicated index is 4. Deletion is not allowed in this container yet.
2019-10-24 13:26:59,730 [BlockDeletingService#2] WARN  background.BlockDeletingService (BlockDeletingService.java:isDeletionAllowed(187)) - Close Container log Index 6 is not replicated across allthe servers in the pipeline 400d0dd0-f848-4ed7-b117-7cfe476639a9 as the min replicated index is 4. Deletion is not allowed in this container yet.
2019-10-24 13:26:59,755 [Thread-459] INFO  client.GrpcClientProtocolService (GrpcClientProtocolService.java:lambda$processClientRequest$0(279)) - Failed RaftClientRequest:client-180CB693DB15->40829da6-3885-407c-a088-456b651d4556@group-7CFE476639A9, cid=10, seq=0, Watch-ALL_COMMITTED(6), Message:<EMPTY>, reply=RaftClientReply:client-180CB693DB15->40829da6-3885-407c-a088-456b651d4556@group-7CFE476639A9, cid=10, FAILED org.apache.ratis.protocol.NotReplicatedException: Request with call Id 10 and log index 6 is not yet replicated to ALL_COMMITTED, logIndex=6, commits[40829da6-3885-407c-a088-456b651d4556:c10, 6e90e31a-7849-4a98-b31c-06f2da08fbb3:c4, 01d98fa9-b286-41ba-84b0-dae26651fa1e:c10]
2019-10-24 13:26:59,821 [EventQueue-ContainerReportForContainerReportHandler] WARN  container.ContainerReportHandler (AbstractContainerReportHandler.java:updateContainerState(145)) - Container #1 is in OPEN state, but the datanode 40829da6-3885-407c-a088-456b651d4556{ip: 192.168.34.46, host: pr-hdds-2347-fq45t-3280797939, networkLocation: /default-rack, certSerialId: null} reports an CLOSED replica.
2019-10-24 13:26:59,822 [EventQueue-ContainerReportForContainerReportHandler] WARN  container.ContainerReportHandler (AbstractContainerReportHandler.java:updateContainerState(145)) - Container #1 is in OPEN state, but the datanode 01d98fa9-b286-41ba-84b0-dae26651fa1e{ip: 192.168.34.46, host: pr-hdds-2347-fq45t-3280797939, networkLocation: /default-rack, certSerialId: null} reports an CLOSED replica.
2019-10-24 13:26:59,829 [java.util.concurrent.ThreadPoolExecutor$Worker@7ba61e93[State = -1, empty queue]] WARN  server.GrpcLogAppender (GrpcLogAppender.java:timeoutAppendRequest(209)) - 40829da6-3885-407c-a088-456b651d4556@group-7CFE476639A9->6e90e31a-7849-4a98-b31c-06f2da08fbb3-GrpcLogAppender: appendEntries Timeout, request=40829da6-3885-407c-a088-456b651d4556->6e90e31a-7849-4a98-b31c-06f2da08fbb3#39-t2, previous=(t:2, i:10), leaderCommit=10, initializing? false, entries: <empty>
2019-10-24 13:27:00,021 [EventQueue-ContainerReportForContainerReportHandler] WARN  container.ContainerReportHandler (AbstractContainerReportHandler.java:updateContainerState(145)) - Container #1 is in OPEN state, but the datanode 01d98fa9-b286-41ba-84b0-dae26651fa1e{ip: 192.168.34.46, host: pr-hdds-2347-fq45t-3280797939, networkLocation: /default-rack, certSerialId: null} reports an CLOSED replica.
2019-10-24 13:27:00,121 [EventQueue-ContainerReportForContainerReportHandler] WARN  container.ContainerReportHandler (AbstractContainerReportHandler.java:updateContainerState(145)) - Container #1 is in OPEN state, but the datanode 40829da6-3885-407c-a088-456b651d4556{ip: 192.168.34.46, host: pr-hdds-2347-fq45t-3280797939, networkLocation: /default-rack, certSerialId: null} reports an CLOSED replica.
2019-10-24 13:27:00,421 [EventQueue-ContainerReportForContainerReportHandler] WARN  container.ContainerReportHandler (AbstractContainerReportHandler.java:updateContainerState(145)) - Container #1 is in OPEN state, but the datanode 01d98fa9-b286-41ba-84b0-dae26651fa1e{ip: 192.168.34.46, host: pr-hdds-2347-fq45t-3280797939, networkLocation: /default-rack, certSerialId: null} reports an CLOSED replica.
2019-10-24 13:27:00,422 [EventQueue-ContainerReportForContainerReportHandler] WARN  container.ContainerReportHandler (AbstractContainerReportHandler.java:updateContainerState(145)) - Container #1 is in OPEN state, but the datanode 40829da6-3885-407c-a088-456b651d4556{ip: 192.168.34.46, host: pr-hdds-2347-fq45t-3280797939, networkLocation: /default-rack, certSerialId: null} reports an CLOSED replica.
2019-10-24 13:27:00,621 [EventQueue-ContainerReportForContainerReportHandler] WARN  container.ContainerReportHandler (AbstractContainerReportHandler.java:updateContainerState(145)) - Container #1 is in OPEN state, but the datanode 01d98fa9-b286-41ba-84b0-dae26651fa1e{ip: 192.168.34.46, host: pr-hdds-2347-fq45t-3280797939, networkLocation: /default-rack, certSerialId: null} reports an CLOSED replica.
2019-10-24 13:27:00,723 [EventQueue-ContainerReportForContainerReportHandler] WARN  container.ContainerReportHandler (AbstractContainerReportHandler.java:updateContainerState(145)) - Container #1 is in OPEN state, but the datanode 40829da6-3885-407c-a088-456b651d4556{ip: 192.168.34.46, host: pr-hdds-2347-fq45t-3280797939, networkLocation: /default-rack, certSerialId: null} reports an CLOSED replica.
2019-10-24 13:27:00,731 [BlockDeletingService#2] WARN  background.BlockDeletingService (BlockDeletingService.java:isDeletionAllowed(187)) - Close Container log Index 6 is not replicated across allthe servers in the pipeline 400d0dd0-f848-4ed7-b117-7cfe476639a9 as the min replicated index is 4. Deletion is not allowed in this container yet.
2019-10-24 13:27:00,732 [BlockDeletingService#2] WARN  background.BlockDeletingService (BlockDeletingService.java:isDeletionAllowed(187)) - Close Container log Index 6 is not replicated across allthe servers in the pipeline 400d0dd0-f848-4ed7-b117-7cfe476639a9 as the min replicated index is 4. Deletion is not allowed in this container yet.
2019-10-24 13:27:00,921 [EventQueue-ContainerReportForContainerReportHandler] WARN  container.ContainerReportHandler (AbstractContainerReportHandler.java:updateContainerState(145)) - Container #1 is in OPEN state, but the datanode 01d98fa9-b286-41ba-84b0-dae26651fa1e{ip: 192.168.34.46, host: pr-hdds-2347-fq45t-3280797939, networkLocation: /default-rack, certSerialId: null} reports an CLOSED replica.
2019-10-24 13:27:01,122 [EventQueue-ContainerReportForContainerReportHandler] WARN  container.ContainerReportHandler (AbstractContainerReportHandler.java:updateContainerState(145)) - Container #1 is in OPEN state, but the datanode 40829da6-3885-407c-a088-456b651d4556{ip: 192.168.34.46, host: pr-hdds-2347-fq45t-3280797939, networkLocation: /default-rack, certSerialId: null} reports an CLOSED replica.
2019-10-24 13:27:01,322 [EventQueue-ContainerReportForContainerReportHandler] WARN  container.ContainerReportHandler (AbstractContainerReportHandler.java:updateContainerState(145)) - Container #1 is in OPEN state, but the datanode 01d98fa9-b286-41ba-84b0-dae26651fa1e{ip: 192.168.34.46, host: pr-hdds-2347-fq45t-3280797939, networkLocation: /default-rack, certSerialId: null} reports an CLOSED replica.
2019-10-24 13:27:01,323 [EventQueue-ContainerReportForContainerReportHandler] WARN  container.ContainerReportHandler (AbstractContainerReportHandler.java:updateContainerState(145)) - Container #1 is in OPEN state, but the datanode 40829da6-3885-407c-a088-456b651d4556{ip: 192.168.34.46, host: pr-hdds-2347-fq45t-3280797939, networkLocation: /default-rack, certSerialId: null} reports an CLOSED replica.
2019-10-24 13:27:01,622 [EventQueue-ContainerReportForContainerReportHandler] WARN  container.ContainerReportHandler (AbstractContainerReportHandler.java:updateContainerState(145)) - Container #1 is in OPEN state, but the datanode 01d98fa9-b286-41ba-84b0-dae26651fa1e{ip: 192.168.34.46, host: pr-hdds-2347-fq45t-3280797939, networkLocation: /default-rack, certSerialId: null} reports an CLOSED replica.
2019-10-24 13:27:01,722 [EventQueue-ContainerReportForContainerReportHandler] WARN  container.ContainerReportHandler (AbstractContainerReportHandler.java:updateContainerState(145)) - Container #1 is in OPEN state, but the datanode 40829da6-3885-407c-a088-456b651d4556{ip: 192.168.34.46, host: pr-hdds-2347-fq45t-3280797939, networkLocation: /default-rack, certSerialId: null} reports an CLOSED replica.
2019-10-24 13:27:01,733 [BlockDeletingService#2] WARN  background.BlockDeletingService (BlockDeletingService.java:isDeletionAllowed(187)) - Close Container log Index 6 is not replicated across allthe servers in the pipeline 400d0dd0-f848-4ed7-b117-7cfe476639a9 as the min replicated index is 4. Deletion is not allowed in this container yet.
2019-10-24 13:27:01,733 [BlockDeletingService#2] WARN  background.BlockDeletingService (BlockDeletingService.java:isDeletionAllowed(187)) - Close Container log Index 6 is not replicated across allthe servers in the pipeline 400d0dd0-f848-4ed7-b117-7cfe476639a9 as the min replicated index is 4. Deletion is not allowed in this container yet.
2019-10-24 13:27:01,822 [EventQueue-ContainerReportForContainerReportHandler] WARN  container.ContainerReportHandler (AbstractContainerReportHandler.java:updateContainerState(145)) - Container #1 is in OPEN state, but the datanode 01d98fa9-b286-41ba-84b0-dae26651fa1e{ip: 192.168.34.46, host: pr-hdds-2347-fq45t-3280797939, networkLocation: /default-rack, certSerialId: null} reports an CLOSED replica.
2019-10-24 13:27:02,025 [EventQueue-ContainerReportForContainerReportHandler] WARN  container.ContainerReportHandler (AbstractContainerReportHandler.java:updateContainerState(145)) - Container #1 is in OPEN state, but the datanode 40829da6-3885-407c-a088-456b651d4556{ip: 192.168.34.46, host: pr-hdds-2347-fq45t-3280797939, networkLocation: /default-rack, certSerialId: null} reports an CLOSED replica.
2019-10-24 13:27:02,222 [EventQueue-ContainerReportForContainerReportHandler] WARN  container.ContainerReportHandler (AbstractContainerReportHandler.java:updateContainerState(145)) - Container #1 is in OPEN state, but the datanode 01d98fa9-b286-41ba-84b0-dae26651fa1e{ip: 192.168.34.46, host: pr-hdds-2347-fq45t-3280797939, networkLocation: /default-rack, certSerialId: null} reports an CLOSED replica.
2019-10-24 13:27:02,324 [EventQueue-ContainerReportForContainerReportHandler] WARN  container.ContainerReportHandler (AbstractContainerReportHandler.java:updateContainerState(145)) - Container #1 is in OPEN state, but the datanode 40829da6-3885-407c-a088-456b651d4556{ip: 192.168.34.46, host: pr-hdds-2347-fq45t-3280797939, networkLocation: /default-rack, certSerialId: null} reports an CLOSED replica.
2019-10-24 13:27:02,330 [java.util.concurrent.ThreadPoolExecutor$Worker@7ba61e93[State = -1, empty queue]] WARN  server.GrpcLogAppender (GrpcLogAppender.java:timeoutAppendRequest(209)) - 40829da6-3885-407c-a088-456b651d4556@group-7CFE476639A9->6e90e31a-7849-4a98-b31c-06f2da08fbb3-GrpcLogAppender: appendEntries Timeout, request=40829da6-3885-407c-a088-456b651d4556->6e90e31a-7849-4a98-b31c-06f2da08fbb3#40-t2, previous=(t:2, i:10), leaderCommit=10, initializing? false, entries: <empty>
2019-10-24 13:27:02,522 [EventQueue-ContainerReportForContainerReportHandler] WARN  container.ContainerReportHandler (AbstractContainerReportHandler.java:updateContainerState(145)) - Container #1 is in OPEN state, but the datanode 01d98fa9-b286-41ba-84b0-dae26651fa1e{ip: 192.168.34.46, host: pr-hdds-2347-fq45t-3280797939, networkLocation: /default-rack, certSerialId: null} reports an CLOSED replica.
2019-10-24 13:27:02,724 [EventQueue-ContainerReportForContainerReportHandler] WARN  container.ContainerReportHandler (AbstractContainerReportHandler.java:updateContainerState(145)) - Container #1 is in OPEN state, but the datanode 40829da6-3885-407c-a088-456b651d4556{ip: 192.168.34.46, host: pr-hdds-2347-fq45t-3280797939, networkLocation: /default-rack, certSerialId: null} reports an CLOSED replica.
2019-10-24 13:27:02,734 [BlockDeletingService#2] WARN  background.BlockDeletingService (BlockDeletingService.java:isDeletionAllowed(187)) - Close Container log Index 6 is not replicated across allthe servers in the pipeline 400d0dd0-f848-4ed7-b117-7cfe476639a9 as the min replicated index is 4. Deletion is not allowed in this container yet.
2019-10-24 13:27:02,734 [BlockDeletingService#2] WARN  background.BlockDeletingService (BlockDeletingService.java:isDeletionAllowed(187)) - Close Container log Index 6 is not replicated across allthe servers in the pipeline 400d0dd0-f848-4ed7-b117-7cfe476639a9 as the min replicated index is 4. Deletion is not allowed in this container yet.
2019-10-24 13:27:02,922 [EventQueue-ContainerReportForContainerReportHandler] WARN  container.ContainerReportHandler (AbstractContainerReportHandler.java:updateContainerState(145)) - Container #1 is in OPEN state, but the datanode 01d98fa9-b286-41ba-84b0-dae26651fa1e{ip: 192.168.34.46, host: pr-hdds-2347-fq45t-3280797939, networkLocation: /default-rack, certSerialId: null} reports an CLOSED replica.
2019-10-24 13:27:03,025 [EventQueue-ContainerReportForContainerReportHandler] WARN  container.ContainerReportHandler (AbstractContainerReportHandler.java:updateContainerState(145)) - Container #1 is in OPEN state, but the datanode 40829da6-3885-407c-a088-456b651d4556{ip: 192.168.34.46, host: pr-hdds-2347-fq45t-3280797939, networkLocation: /default-rack, certSerialId: null} reports an CLOSED replica.
2019-10-24 13:27:03,222 [EventQueue-ContainerReportForContainerReportHandler] WARN  container.ContainerReportHandler (AbstractContainerReportHandler.java:updateContainerState(145)) - Container #1 is in OPEN state, but the datanode 01d98fa9-b286-41ba-84b0-dae26651fa1e{ip: 192.168.34.46, host: pr-hdds-2347-fq45t-3280797939, networkLocation: /default-rack, certSerialId: null} reports an CLOSED replica.
2019-10-24 13:27:03,225 [EventQueue-ContainerReportForContainerReportHandler] WARN  container.ContainerReportHandler (AbstractContainerReportHandler.java:updateContainerState(145)) - Container #1 is in OPEN state, but the datanode 40829da6-3885-407c-a088-456b651d4556{ip: 192.168.34.46, host: pr-hdds-2347-fq45t-3280797939, networkLocation: /default-rack, certSerialId: null} reports an CLOSED replica.
2019-10-24 13:27:03,425 [EventQueue-ContainerReportForContainerReportHandler] WARN  container.ContainerReportHandler (AbstractContainerReportHandler.java:updateContainerState(145)) - Container #1 is in OPEN state, but the datanode 40829da6-3885-407c-a088-456b651d4556{ip: 192.168.34.46, host: pr-hdds-2347-fq45t-3280797939, networkLocation: /default-rack, certSerialId: null} reports an CLOSED replica.
2019-10-24 13:27:03,522 [EventQueue-ContainerReportForContainerReportHandler] WARN  container.ContainerReportHandler (AbstractContainerReportHandler.java:updateContainerState(145)) - Container #1 is in OPEN state, but the datanode 01d98fa9-b286-41ba-84b0-dae26651fa1e{ip: 192.168.34.46, host: pr-hdds-2347-fq45t-3280797939, networkLocation: /default-rack, certSerialId: null} reports an CLOSED replica.
2019-10-24 13:27:03,736 [BlockDeletingService#2] WARN  background.BlockDeletingService (BlockDeletingService.java:isDeletionAllowed(187)) - Close Container log Index 6 is not replicated across allthe servers in the pipeline 400d0dd0-f848-4ed7-b117-7cfe476639a9 as the min replicated index is 4. Deletion is not allowed in this container yet.
2019-10-24 13:27:03,736 [BlockDeletingService#2] WARN  background.BlockDeletingService (BlockDeletingService.java:isDeletionAllowed(187)) - Close Container log Index 6 is not replicated across allthe servers in the pipeline 400d0dd0-f848-4ed7-b117-7cfe476639a9 as the min replicated index is 4. Deletion is not allowed in this container yet.
2019-10-24 13:27:03,822 [EventQueue-ContainerReportForContainerReportHandler] WARN  container.ContainerReportHandler (AbstractContainerReportHandler.java:updateContainerState(145)) - Container #1 is in OPEN state, but the datanode 01d98fa9-b286-41ba-84b0-dae26651fa1e{ip: 192.168.34.46, host: pr-hdds-2347-fq45t-3280797939, networkLocation: /default-rack, certSerialId: null} reports an CLOSED replica.
2019-10-24 13:27:03,825 [EventQueue-ContainerReportForContainerReportHandler] WARN  container.ContainerReportHandler (AbstractContainerReportHandler.java:updateContainerState(145)) - Container #1 is in OPEN state, but the datanode 40829da6-3885-407c-a088-456b651d4556{ip: 192.168.34.46, host: pr-hdds-2347-fq45t-3280797939, networkLocation: /default-rack, certSerialId: null} reports an CLOSED replica.
2019-10-24 13:27:04,022 [EventQueue-ContainerReportForContainerReportHandler] WARN  container.ContainerReportHandler (AbstractContainerReportHandler.java:updateContainerState(145)) - Container #1 is in OPEN state, but the datanode 01d98fa9-b286-41ba-84b0-dae26651fa1e{ip: 192.168.34.46, host: pr-hdds-2347-fq45t-3280797939, networkLocation: /default-rack, certSerialId: null} reports an CLOSED replica.
2019-10-24 13:27:04,026 [EventQueue-ContainerReportForContainerReportHandler] WARN  container.ContainerReportHandler (AbstractContainerReportHandler.java:updateContainerState(145)) - Container #1 is in OPEN state, but the datanode 40829da6-3885-407c-a088-456b651d4556{ip: 192.168.34.46, host: pr-hdds-2347-fq45t-3280797939, networkLocation: /default-rack, certSerialId: null} reports an CLOSED replica.
2019-10-24 13:27:04,322 [EventQueue-ContainerReportForContainerReportHandler] WARN  container.ContainerReportHandler (AbstractContainerReportHandler.java:updateContainerState(145)) - Container #1 is in OPEN state, but the datanode 01d98fa9-b286-41ba-84b0-dae26651fa1e{ip: 192.168.34.46, host: pr-hdds-2347-fq45t-3280797939, networkLocation: /default-rack, certSerialId: null} reports an CLOSED replica.
2019-10-24 13:27:04,327 [EventQueue-ContainerReportForContainerReportHandler] WARN  container.ContainerReportHandler (AbstractContainerReportHandler.java:updateContainerState(145)) - Container #1 is in OPEN state, but the datanode 40829da6-3885-407c-a088-456b651d4556{ip: 192.168.34.46, host: pr-hdds-2347-fq45t-3280797939, networkLocation: /default-rack, certSerialId: null} reports an CLOSED replica.
2019-10-24 13:27:04,526 [EventQueue-ContainerReportForContainerReportHandler] WARN  container.ContainerReportHandler (AbstractContainerReportHandler.java:updateContainerState(145)) - Container #1 is in OPEN state, but the datanode 40829da6-3885-407c-a088-456b651d4556{ip: 192.168.34.46, host: pr-hdds-2347-fq45t-3280797939, networkLocation: /default-rack, certSerialId: null} reports an CLOSED replica.
2019-10-24 13:27:04,622 [EventQueue-ContainerReportForContainerReportHandler] WARN  container.ContainerReportHandler (AbstractContainerReportHandler.java:updateContainerState(145)) - Container #1 is in OPEN state, but the datanode 01d98fa9-b286-41ba-84b0-dae26651fa1e{ip: 192.168.34.46, host: pr-hdds-2347-fq45t-3280797939, networkLocation: /default-rack, certSerialId: null} reports an CLOSED replica.
2019-10-24 13:27:04,727 [EventQueue-ContainerReportForContainerReportHandler] WARN  container.ContainerReportHandler (AbstractContainerReportHandler.java:updateContainerState(145)) - Container #1 is in OPEN state, but the datanode 40829da6-3885-407c-a088-456b651d4556{ip: 192.168.34.46, host: pr-hdds-2347-fq45t-3280797939, networkLocation: /default-rack, certSerialId: null} reports an CLOSED replica.
2019-10-24 13:27:04,737 [BlockDeletingService#2] WARN  background.BlockDeletingService (BlockDeletingService.java:isDeletionAllowed(187)) - Close Container log Index 6 is not replicated across allthe servers in the pipeline 400d0dd0-f848-4ed7-b117-7cfe476639a9 as the min replicated index is 4. Deletion is not allowed in this container yet.
2019-10-24 13:27:04,737 [BlockDeletingService#2] WARN  background.BlockDeletingService (BlockDeletingService.java:isDeletionAllowed(187)) - Close Container log Index 6 is not replicated across allthe servers in the pipeline 400d0dd0-f848-4ed7-b117-7cfe476639a9 as the min replicated index is 4. Deletion is not allowed in this container yet.
2019-10-24 13:27:04,831 [java.util.concurrent.ThreadPoolExecutor$Worker@7ba61e93[State = -1, empty queue]] WARN  server.GrpcLogAppender (GrpcLogAppender.java:timeoutAppendRequest(209)) - 40829da6-3885-407c-a088-456b651d4556@group-7CFE476639A9->6e90e31a-7849-4a98-b31c-06f2da08fbb3-GrpcLogAppender: appendEntries Timeout, request=40829da6-3885-407c-a088-456b651d4556->6e90e31a-7849-4a98-b31c-06f2da08fbb3#41-t2, previous=(t:2, i:10), leaderCommit=10, initializing? false, entries: <empty>
2019-10-24 13:27:04,922 [EventQueue-ContainerReportForContainerReportHandler] WARN  container.ContainerReportHandler (AbstractContainerReportHandler.java:updateContainerState(145)) - Container #1 is in OPEN state, but the datanode 01d98fa9-b286-41ba-84b0-dae26651fa1e{ip: 192.168.34.46, host: pr-hdds-2347-fq45t-3280797939, networkLocation: /default-rack, certSerialId: null} reports an CLOSED replica.
2019-10-24 13:27:05,028 [EventQueue-ContainerReportForContainerReportHandler] WARN  container.ContainerReportHandler (AbstractContainerReportHandler.java:updateContainerState(145)) - Container #1 is in OPEN state, but the datanode 40829da6-3885-407c-a088-456b651d4556{ip: 192.168.34.46, host: pr-hdds-2347-fq45t-3280797939, networkLocation: /default-rack, certSerialId: null} reports an CLOSED replica.
2019-10-24 13:27:05,222 [EventQueue-ContainerReportForContainerReportHandler] WARN  container.ContainerReportHandler (AbstractContainerReportHandler.java:updateContainerState(145)) - Container #1 is in OPEN state, but the datanode 01d98fa9-b286-41ba-84b0-dae26651fa1e{ip: 192.168.34.46, host: pr-hdds-2347-fq45t-3280797939, networkLocation: /default-rack, certSerialId: null} reports an CLOSED replica.
2019-10-24 13:27:05,327 [EventQueue-ContainerReportForContainerReportHandler] WARN  container.ContainerReportHandler (AbstractContainerReportHandler.java:updateContainerState(145)) - Container #1 is in OPEN state, but the datanode 40829da6-3885-407c-a088-456b651d4556{ip: 192.168.34.46, host: pr-hdds-2347-fq45t-3280797939, networkLocation: /default-rack, certSerialId: null} reports an CLOSED replica.
2019-10-24 13:27:05,522 [EventQueue-ContainerReportForContainerReportHandler] WARN  container.ContainerReportHandler (AbstractContainerReportHandler.java:updateContainerState(145)) - Container #1 is in OPEN state, but the datanode 01d98fa9-b286-41ba-84b0-dae26651fa1e{ip: 192.168.34.46, host: pr-hdds-2347-fq45t-3280797939, networkLocation: /default-rack, certSerialId: null} reports an CLOSED replica.
2019-10-24 13:27:05,628 [EventQueue-ContainerReportForContainerReportHandler] WARN  container.ContainerReportHandler (AbstractContainerReportHandler.java:updateContainerState(145)) - Container #1 is in OPEN state, but the datanode 40829da6-3885-407c-a088-456b651d4556{ip: 192.168.34.46, host: pr-hdds-2347-fq45t-3280797939, networkLocation: /default-rack, certSerialId: null} reports an CLOSED replica.
2019-10-24 13:27:05,738 [BlockDeletingService#2] WARN  background.BlockDeletingService (BlockDeletingService.java:isDeletionAllowed(187)) - Close Container log Index 6 is not replicated across allthe servers in the pipeline 400d0dd0-f848-4ed7-b117-7cfe476639a9 as the min replicated index is 4. Deletion is not allowed in this container yet.
2019-10-24 13:27:05,739 [BlockDeletingService#2] WARN  background.BlockDeletingService (BlockDeletingService.java:isDeletionAllowed(187)) - Close Container log Index 6 is not replicated across allthe servers in the pipeline 400d0dd0-f848-4ed7-b117-7cfe476639a9 as the min replicated index is 4. Deletion is not allowed in this container yet.
2019-10-24 13:27:05,922 [EventQueue-ContainerReportForContainerReportHandler] WARN  container.ContainerReportHandler (AbstractContainerReportHandler.java:updateContainerState(145)) - Container #1 is in OPEN state, but the datanode 01d98fa9-b286-41ba-84b0-dae26651fa1e{ip: 192.168.34.46, host: pr-hdds-2347-fq45t-3280797939, networkLocation: /default-rack, certSerialId: null} reports an CLOSED replica.
2019-10-24 13:27:05,929 [EventQueue-ContainerReportForContainerReportHandler] WARN  container.ContainerReportHandler (AbstractContainerReportHandler.java:updateContainerState(145)) - Container #1 is in OPEN state, but the datanode 40829da6-3885-407c-a088-456b651d4556{ip: 192.168.34.46, host: pr-hdds-2347-fq45t-3280797939, networkLocation: /default-rack, certSerialId: null} reports an CLOSED replica.
2019-10-24 13:27:06,222 [EventQueue-ContainerReportForContainerReportHandler] WARN  container.ContainerReportHandler (AbstractContainerReportHandler.java:updateContainerState(145)) - Container #1 is in OPEN state, but the datanode 01d98fa9-b286-41ba-84b0-dae26651fa1e{ip: 192.168.34.46, host: pr-hdds-2347-fq45t-3280797939, networkLocation: /default-rack, certSerialId: null} reports an CLOSED replica.
2019-10-24 13:27:06,330 [EventQueue-ContainerReportForContainerReportHandler] WARN  container.ContainerReportHandler (AbstractContainerReportHandler.java:updateContainerState(145)) - Container #1 is in OPEN state, but the datanode 40829da6-3885-407c-a088-456b651d4556{ip: 192.168.34.46, host: pr-hdds-2347-fq45t-3280797939, networkLocation: /default-rack, certSerialId: null} reports an CLOSED replica.
2019-10-24 13:27:06,422 [EventQueue-ContainerReportForContainerReportHandler] WARN  container.ContainerReportHandler (AbstractContainerReportHandler.java:updateContainerState(145)) - Container #1 is in OPEN state, but the datanode 01d98fa9-b286-41ba-84b0-dae26651fa1e{ip: 192.168.34.46, host: pr-hdds-2347-fq45t-3280797939, networkLocation: /default-rack, certSerialId: null} reports an CLOSED replica.
2019-10-24 13:27:06,529 [EventQueue-ContainerReportForContainerReportHandler] WARN  container.ContainerReportHandler (AbstractContainerReportHandler.java:updateContainerState(145)) - Container #1 is in OPEN state, but the datanode 40829da6-3885-407c-a088-456b651d4556{ip: 192.168.34.46, host: pr-hdds-2347-fq45t-3280797939, networkLocation: /default-rack, certSerialId: null} reports an CLOSED replica.
2019-10-24 13:27:06,740 [BlockDeletingService#2] WARN  background.BlockDeletingService (BlockDeletingService.java:isDeletionAllowed(187)) - Close Container log Index 6 is not replicated across allthe servers in the pipeline 400d0dd0-f848-4ed7-b117-7cfe476639a9 as the min replicated index is 4. Deletion is not allowed in this container yet.
2019-10-24 13:27:06,740 [BlockDeletingService#2] WARN  background.BlockDeletingService (BlockDeletingService.java:isDeletionAllowed(187)) - Close Container log Index 6 is not replicated across allthe servers in the pipeline 400d0dd0-f848-4ed7-b117-7cfe476639a9 as the min replicated index is 4. Deletion is not allowed in this container yet.
2019-10-24 13:27:06,822 [EventQueue-ContainerReportForContainerReportHandler] WARN  container.ContainerReportHandler (AbstractContainerReportHandler.java:updateContainerState(145)) - Container #1 is in OPEN state, but the datanode 01d98fa9-b286-41ba-84b0-dae26651fa1e{ip: 192.168.34.46, host: pr-hdds-2347-fq45t-3280797939, networkLocation: /default-rack, certSerialId: null} reports an CLOSED replica.
2019-10-24 13:27:06,830 [EventQueue-ContainerReportForContainerReportHandler] WARN  container.ContainerReportHandler (AbstractContainerReportHandler.java:updateContainerState(145)) - Container #1 is in OPEN state, but the datanode 40829da6-3885-407c-a088-456b651d4556{ip: 192.168.34.46, host: pr-hdds-2347-fq45t-3280797939, networkLocation: /default-rack, certSerialId: null} reports an CLOSED replica.
2019-10-24 13:27:07,122 [EventQueue-ContainerReportForContainerReportHandler] WARN  container.ContainerReportHandler (AbstractContainerReportHandler.java:updateContainerState(145)) - Container #1 is in OPEN state, but the datanode 01d98fa9-b286-41ba-84b0-dae26651fa1e{ip: 192.168.34.46, host: pr-hdds-2347-fq45t-3280797939, networkLocation: /default-rack, certSerialId: null} reports an CLOSED replica.
2019-10-24 13:27:07,130 [EventQueue-ContainerReportForContainerReportHandler] WARN  container.ContainerReportHandler (AbstractContainerReportHandler.java:updateContainerState(145)) - Container #1 is in OPEN state, but the datanode 40829da6-3885-407c-a088-456b651d4556{ip: 192.168.34.46, host: pr-hdds-2347-fq45t-3280797939, networkLocation: /default-rack, certSerialId: null} reports an CLOSED replica.
2019-10-24 13:27:07,322 [EventQueue-ContainerReportForContainerReportHandler] WARN  container.ContainerReportHandler (AbstractContainerReportHandler.java:updateContainerState(145)) - Container #1 is in OPEN state, but the datanode 01d98fa9-b286-41ba-84b0-dae26651fa1e{ip: 192.168.34.46, host: pr-hdds-2347-fq45t-3280797939, networkLocation: /default-rack, certSerialId: null} reports an CLOSED replica.
2019-10-24 13:27:07,332 [java.util.concurrent.ThreadPoolExecutor$Worker@7ba61e93[State = -1, empty queue]] WARN  server.GrpcLogAppender (GrpcLogAppender.java:timeoutAppendRequest(209)) - 40829da6-3885-407c-a088-456b651d4556@group-7CFE476639A9->6e90e31a-7849-4a98-b31c-06f2da08fbb3-GrpcLogAppender: appendEntries Timeout, request=40829da6-3885-407c-a088-456b651d4556->6e90e31a-7849-4a98-b31c-06f2da08fbb3#42-t2, previous=(t:2, i:10), leaderCommit=10, initializing? false, entries: <empty>
2019-10-24 13:27:07,430 [EventQueue-ContainerReportForContainerReportHandler] WARN  container.ContainerReportHandler (AbstractContainerReportHandler.java:updateContainerState(145)) - Container #1 is in OPEN state, but the datanode 40829da6-3885-407c-a088-456b651d4556{ip: 192.168.34.46, host: pr-hdds-2347-fq45t-3280797939, networkLocation: /default-rack, certSerialId: null} reports an CLOSED replica.
2019-10-24 13:27:07,622 [EventQueue-ContainerReportForContainerReportHandler] WARN  container.ContainerReportHandler (AbstractContainerReportHandler.java:updateContainerState(145)) - Container #1 is in OPEN state, but the datanode 01d98fa9-b286-41ba-84b0-dae26651fa1e{ip: 192.168.34.46, host: pr-hdds-2347-fq45t-3280797939, networkLocation: /default-rack, certSerialId: null} reports an CLOSED replica.
2019-10-24 13:27:07,732 [EventQueue-ContainerReportForContainerReportHandler] WARN  container.ContainerReportHandler (AbstractContainerReportHandler.java:updateContainerState(145)) - Container #1 is in OPEN state, but the datanode 40829da6-3885-407c-a088-456b651d4556{ip: 192.168.34.46, host: pr-hdds-2347-fq45t-3280797939, networkLocation: /default-rack, certSerialId: null} reports an CLOSED replica.
2019-10-24 13:27:07,741 [BlockDeletingService#2] WARN  background.BlockDeletingService (BlockDeletingService.java:isDeletionAllowed(187)) - Close Container log Index 6 is not replicated across allthe servers in the pipeline 400d0dd0-f848-4ed7-b117-7cfe476639a9 as the min replicated index is 4. Deletion is not allowed in this container yet.
2019-10-24 13:27:07,741 [BlockDeletingService#2] WARN  background.BlockDeletingService (BlockDeletingService.java:isDeletionAllowed(187)) - Close Container log Index 6 is not replicated across allthe servers in the pipeline 400d0dd0-f848-4ed7-b117-7cfe476639a9 as the min replicated index is 4. Deletion is not allowed in this container yet.
2019-10-24 13:27:07,823 [EventQueue-ContainerReportForContainerReportHandler] WARN  container.ContainerReportHandler (AbstractContainerReportHandler.java:updateContainerState(145)) - Container #1 is in OPEN state, but the datanode 01d98fa9-b286-41ba-84b0-dae26651fa1e{ip: 192.168.34.46, host: pr-hdds-2347-fq45t-3280797939, networkLocation: /default-rack, certSerialId: null} reports an CLOSED replica.
2019-10-24 13:27:08,131 [EventQueue-ContainerReportForContainerReportHandler] WARN  container.ContainerReportHandler (AbstractContainerReportHandler.java:updateContainerState(145)) - Container #1 is in OPEN state, but the datanode 40829da6-3885-407c-a088-456b651d4556{ip: 192.168.34.46, host: pr-hdds-2347-fq45t-3280797939, networkLocation: /default-rack, certSerialId: null} reports an CLOSED replica.
2019-10-24 13:27:08,224 [EventQueue-ContainerReportForContainerReportHandler] WARN  container.ContainerReportHandler (AbstractContainerReportHandler.java:updateContainerState(145)) - Container #1 is in OPEN state, but the datanode 01d98fa9-b286-41ba-84b0-dae26651fa1e{ip: 192.168.34.46, host: pr-hdds-2347-fq45t-3280797939, networkLocation: /default-rack, certSerialId: null} reports an CLOSED replica.
2019-10-24 13:27:08,422 [EventQueue-ContainerReportForContainerReportHandler] WARN  container.ContainerReportHandler (AbstractContainerReportHandler.java:updateContainerState(145)) - Container #1 is in OPEN state, but the datanode 01d98fa9-b286-41ba-84b0-dae26651fa1e{ip: 192.168.34.46, host: pr-hdds-2347-fq45t-3280797939, networkLocation: /default-rack, certSerialId: null} reports an CLOSED replica.
2019-10-24 13:27:08,432 [EventQueue-ContainerReportForContainerReportHandler] WARN  container.ContainerReportHandler (AbstractContainerReportHandler.java:updateContainerState(145)) - Container #1 is in OPEN state, but the datanode 40829da6-3885-407c-a088-456b651d4556{ip: 192.168.34.46, host: pr-hdds-2347-fq45t-3280797939, networkLocation: /default-rack, certSerialId: null} reports an CLOSED replica.
2019-10-24 13:27:08,722 [EventQueue-ContainerReportForContainerReportHandler] WARN  container.ContainerReportHandler (AbstractContainerReportHandler.java:updateContainerState(145)) - Container #1 is in OPEN state, but the datanode 01d98fa9-b286-41ba-84b0-dae26651fa1e{ip: 192.168.34.46, host: pr-hdds-2347-fq45t-3280797939, networkLocation: /default-rack, certSerialId: null} reports an CLOSED replica.
2019-10-24 13:27:08,731 [EventQueue-ContainerReportForContainerReportHandler] WARN  container.ContainerReportHandler (AbstractContainerReportHandler.java:updateContainerState(145)) - Container #1 is in OPEN state, but the datanode 40829da6-3885-407c-a088-456b651d4556{ip: 192.168.34.46, host: pr-hdds-2347-fq45t-3280797939, networkLocation: /default-rack, certSerialId: null} reports an CLOSED replica.
2019-10-24 13:27:08,743 [BlockDeletingService#2] WARN  background.BlockDeletingService (BlockDeletingService.java:isDeletionAllowed(187)) - Close Container log Index 6 is not replicated across allthe servers in the pipeline 400d0dd0-f848-4ed7-b117-7cfe476639a9 as the min replicated index is 4. Deletion is not allowed in this container yet.
2019-10-24 13:27:08,743 [BlockDeletingService#2] WARN  background.BlockDeletingService (BlockDeletingService.java:isDeletionAllowed(187)) - Close Container log Index 6 is not replicated across allthe servers in the pipeline 400d0dd0-f848-4ed7-b117-7cfe476639a9 as the min replicated index is 4. Deletion is not allowed in this container yet.
2019-10-24 13:27:08,921 [Thread-485] INFO  client.GrpcClientProtocolService (GrpcClientProtocolService.java:lambda$processClientRequest$0(279)) - Failed RaftClientRequest:client-180CB693DB15->01d98fa9-b286-41ba-84b0-dae26651fa1e@group-7CFE476639A9, cid=10, seq=0, Watch-ALL_COMMITTED(6), Message:<EMPTY>, reply=RaftClientReply:client-180CB693DB15->01d98fa9-b286-41ba-84b0-dae26651fa1e@group-7CFE476639A9, cid=10, FAILED org.apache.ratis.protocol.NotLeaderException: Server 01d98fa9-b286-41ba-84b0-dae26651fa1e@group-7CFE476639A9 is not the leader 40829da6-3885-407c-a088-456b651d4556:192.168.34.46:34308, logIndex=0, commits[01d98fa9-b286-41ba-84b0-dae26651fa1e:c10, 6e90e31a-7849-4a98-b31c-06f2da08fbb3:c4, 40829da6-3885-407c-a088-456b651d4556:c10]
2019-10-24 13:27:09,022 [EventQueue-ContainerReportForContainerReportHandler] WARN  container.ContainerReportHandler (AbstractContainerReportHandler.java:updateContainerState(145)) - Container #1 is in OPEN state, but the datanode 01d98fa9-b286-41ba-84b0-dae26651fa1e{ip: 192.168.34.46, host: pr-hdds-2347-fq45t-3280797939, networkLocation: /default-rack, certSerialId: null} reports an CLOSED replica.
2019-10-24 13:27:09,032 [EventQueue-ContainerReportForContainerReportHandler] WARN  container.ContainerReportHandler (AbstractContainerReportHandler.java:updateContainerState(145)) - Container #1 is in OPEN state, but the datanode 40829da6-3885-407c-a088-456b651d4556{ip: 192.168.34.46, host: pr-hdds-2347-fq45t-3280797939, networkLocation: /default-rack, certSerialId: null} reports an CLOSED replica.
2019-10-24 13:27:09,323 [EventQueue-ContainerReportForContainerReportHandler] WARN  container.ContainerReportHandler (AbstractContainerReportHandler.java:updateContainerState(145)) - Container #1 is in OPEN state, but the datanode 01d98fa9-b286-41ba-84b0-dae26651fa1e{ip: 192.168.34.46, host: pr-hdds-2347-fq45t-3280797939, networkLocation: /default-rack, certSerialId: null} reports an CLOSED replica.
2019-10-24 13:27:09,333 [EventQueue-ContainerReportForContainerReportHandler] WARN  container.ContainerReportHandler (AbstractContainerReportHandler.java:updateContainerState(145)) - Container #1 is in OPEN state, but the datanode 40829da6-3885-407c-a088-456b651d4556{ip: 192.168.34.46, host: pr-hdds-2347-fq45t-3280797939, networkLocation: /default-rack, certSerialId: null} reports an CLOSED replica.
2019-10-24 13:27:09,534 [EventQueue-ContainerReportForContainerReportHandler] WARN  container.ContainerReportHandler (AbstractContainerReportHandler.java:updateContainerState(145)) - Container #1 is in OPEN state, but the datanode 40829da6-3885-407c-a088-456b651d4556{ip: 192.168.34.46, host: pr-hdds-2347-fq45t-3280797939, networkLocation: /default-rack, certSerialId: null} reports an CLOSED replica.
2019-10-24 13:27:09,723 [EventQueue-ContainerReportForContainerReportHandler] WARN  container.ContainerReportHandler (AbstractContainerReportHandler.java:updateContainerState(145)) - Container #1 is in OPEN state, but the datanode 01d98fa9-b286-41ba-84b0-dae26651fa1e{ip: 192.168.34.46, host: pr-hdds-2347-fq45t-3280797939, networkLocation: /default-rack, certSerialId: null} reports an CLOSED replica.
2019-10-24 13:27:09,744 [BlockDeletingService#2] WARN  background.BlockDeletingService (BlockDeletingService.java:isDeletionAllowed(187)) - Close Container log Index 6 is not replicated across allthe servers in the pipeline 400d0dd0-f848-4ed7-b117-7cfe476639a9 as the min replicated index is 4. Deletion is not allowed in this container yet.
2019-10-24 13:27:09,745 [BlockDeletingService#2] WARN  background.BlockDeletingService (BlockDeletingService.java:isDeletionAllowed(187)) - Close Container log Index 6 is not replicated across allthe servers in the pipeline 400d0dd0-f848-4ed7-b117-7cfe476639a9 as the min replicated index is 4. Deletion is not allowed in this container yet.
2019-10-24 13:27:09,755 [Thread-491] INFO  client.GrpcClientProtocolService (GrpcClientProtocolService.java:lambda$processClientRequest$0(279)) - Failed RaftClientRequest:client-180CB693DB15->40829da6-3885-407c-a088-456b651d4556@group-7CFE476639A9, cid=10, seq=0, Watch-ALL_COMMITTED(6), Message:<EMPTY>, reply=RaftClientReply:client-180CB693DB15->40829da6-3885-407c-a088-456b651d4556@group-7CFE476639A9, cid=10, FAILED org.apache.ratis.protocol.NotReplicatedException: Request with call Id 10 and log index 6 is not yet replicated to ALL_COMMITTED, logIndex=6, commits[40829da6-3885-407c-a088-456b651d4556:c10, 6e90e31a-7849-4a98-b31c-06f2da08fbb3:c4, 01d98fa9-b286-41ba-84b0-dae26651fa1e:c10]
2019-10-24 13:27:09,832 [java.util.concurrent.ThreadPoolExecutor$Worker@7ba61e93[State = -1, empty queue]] WARN  server.GrpcLogAppender (GrpcLogAppender.java:timeoutAppendRequest(209)) - 40829da6-3885-407c-a088-456b651d4556@group-7CFE476639A9->6e90e31a-7849-4a98-b31c-06f2da08fbb3-GrpcLogAppender: appendEntries Timeout, request=40829da6-3885-407c-a088-456b651d4556->6e90e31a-7849-4a98-b31c-06f2da08fbb3#43-t2, previous=(t:2, i:10), leaderCommit=10, initializing? false, entries: <empty>
2019-10-24 13:27:09,833 [EventQueue-ContainerReportForContainerReportHandler] WARN  container.ContainerReportHandler (AbstractContainerReportHandler.java:updateContainerState(145)) - Container #1 is in OPEN state, but the datanode 40829da6-3885-407c-a088-456b651d4556{ip: 192.168.34.46, host: pr-hdds-2347-fq45t-3280797939, networkLocation: /default-rack, certSerialId: null} reports an CLOSED replica.
2019-10-24 13:27:10,122 [EventQueue-ContainerReportForContainerReportHandler] WARN  container.ContainerReportHandler (AbstractContainerReportHandler.java:updateContainerState(145)) - Container #1 is in OPEN state, but the datanode 01d98fa9-b286-41ba-84b0-dae26651fa1e{ip: 192.168.34.46, host: pr-hdds-2347-fq45t-3280797939, networkLocation: /default-rack, certSerialId: null} reports an CLOSED replica.
2019-10-24 13:27:10,135 [EventQueue-ContainerReportForContainerReportHandler] WARN  container.ContainerReportHandler (AbstractContainerReportHandler.java:updateContainerState(145)) - Container #1 is in OPEN state, but the datanode 40829da6-3885-407c-a088-456b651d4556{ip: 192.168.34.46, host: pr-hdds-2347-fq45t-3280797939, networkLocation: /default-rack, certSerialId: null} reports an CLOSED replica.
2019-10-24 13:27:10,434 [EventQueue-ContainerReportForContainerReportHandler] WARN  container.ContainerReportHandler (AbstractContainerReportHandler.java:updateContainerState(145)) - Container #1 is in OPEN state, but the datanode 40829da6-3885-407c-a088-456b651d4556{ip: 192.168.34.46, host: pr-hdds-2347-fq45t-3280797939, networkLocation: /default-rack, certSerialId: null} reports an CLOSED replica.
2019-10-24 13:27:10,522 [EventQueue-ContainerReportForContainerReportHandler] WARN  container.ContainerReportHandler (AbstractContainerReportHandler.java:updateContainerState(145)) - Container #1 is in OPEN state, but the datanode 01d98fa9-b286-41ba-84b0-dae26651fa1e{ip: 192.168.34.46, host: pr-hdds-2347-fq45t-3280797939, networkLocation: /default-rack, certSerialId: null} reports an CLOSED replica.
2019-10-24 13:27:10,722 [EventQueue-ContainerReportForContainerReportHandler] WARN  container.ContainerReportHandler (AbstractContainerReportHandler.java:updateContainerState(145)) - Container #1 is in OPEN state, but the datanode 01d98fa9-b286-41ba-84b0-dae26651fa1e{ip: 192.168.34.46, host: pr-hdds-2347-fq45t-3280797939, networkLocation: /default-rack, certSerialId: null} reports an CLOSED replica.
2019-10-24 13:27:10,746 [BlockDeletingService#2] WARN  background.BlockDeletingService (BlockDeletingService.java:isDeletionAllowed(187)) - Close Container log Index 6 is not replicated across allthe servers in the pipeline 400d0dd0-f848-4ed7-b117-7cfe476639a9 as the min replicated index is 4. Deletion is not allowed in this container yet.
2019-10-24 13:27:10,746 [BlockDeletingService#2] WARN  background.BlockDeletingService (BlockDeletingService.java:isDeletionAllowed(187)) - Close Container log Index 6 is not replicated across allthe servers in the pipeline 400d0dd0-f848-4ed7-b117-7cfe476639a9 as the min replicated index is 4. Deletion is not allowed in this container yet.
2019-10-24 13:27:10,835 [EventQueue-ContainerReportForContainerReportHandler] WARN  container.ContainerReportHandler (AbstractContainerReportHandler.java:updateContainerState(145)) - Container #1 is in OPEN state, but the datanode 40829da6-3885-407c-a088-456b651d4556{ip: 192.168.34.46, host: pr-hdds-2347-fq45t-3280797939, networkLocation: /default-rack, certSerialId: null} reports an CLOSED replica.
2019-10-24 13:27:11,022 [EventQueue-ContainerReportForContainerReportHandler] WARN  container.ContainerReportHandler (AbstractContainerReportHandler.java:updateContainerState(145)) - Container #1 is in OPEN state, but the datanode 01d98fa9-b286-41ba-84b0-dae26651fa1e{ip: 192.168.34.46, host: pr-hdds-2347-fq45t-3280797939, networkLocation: /default-rack, certSerialId: null} reports an CLOSED replica.
2019-10-24 13:27:11,035 [EventQueue-ContainerReportForContainerReportHandler] WARN  container.ContainerReportHandler (AbstractContainerReportHandler.java:updateContainerState(145)) - Container #1 is in OPEN state, but the datanode 40829da6-3885-407c-a088-456b651d4556{ip: 192.168.34.46, host: pr-hdds-2347-fq45t-3280797939, networkLocation: /default-rack, certSerialId: null} reports an CLOSED replica.
2019-10-24 13:27:11,422 [EventQueue-ContainerReportForContainerReportHandler] WARN  container.ContainerReportHandler (AbstractContainerReportHandler.java:updateContainerState(145)) - Container #1 is in OPEN state, but the datanode 01d98fa9-b286-41ba-84b0-dae26651fa1e{ip: 192.168.34.46, host: pr-hdds-2347-fq45t-3280797939, networkLocation: /default-rack, certSerialId: null} reports an CLOSED replica.
2019-10-24 13:27:11,436 [EventQueue-ContainerReportForContainerReportHandler] WARN  container.ContainerReportHandler (AbstractContainerReportHandler.java:updateContainerState(145)) - Container #1 is in OPEN state, but the datanode 40829da6-3885-407c-a088-456b651d4556{ip: 192.168.34.46, host: pr-hdds-2347-fq45t-3280797939, networkLocation: /default-rack, certSerialId: null} reports an CLOSED replica.
2019-10-24 13:27:11,722 [EventQueue-ContainerReportForContainerReportHandler] WARN  container.ContainerReportHandler (AbstractContainerReportHandler.java:updateContainerState(145)) - Container #1 is in OPEN state, but the datanode 01d98fa9-b286-41ba-84b0-dae26651fa1e{ip: 192.168.34.46, host: pr-hdds-2347-fq45t-3280797939, networkLocation: /default-rack, certSerialId: null} reports an CLOSED replica.
2019-10-24 13:27:11,748 [BlockDeletingService#2] WARN  background.BlockDeletingService (BlockDeletingService.java:isDeletionAllowed(187)) - Close Container log Index 6 is not replicated across allthe servers in the pipeline 400d0dd0-f848-4ed7-b117-7cfe476639a9 as the min replicated index is 4. Deletion is not allowed in this container yet.
2019-10-24 13:27:11,748 [BlockDeletingService#2] WARN  background.BlockDeletingService (BlockDeletingService.java:isDeletionAllowed(187)) - Close Container log Index 6 is not replicated across allthe servers in the pipeline 400d0dd0-f848-4ed7-b117-7cfe476639a9 as the min replicated index is 4. Deletion is not allowed in this container yet.
2019-10-24 13:27:11,837 [EventQueue-ContainerReportForContainerReportHandler] WARN  container.ContainerReportHandler (AbstractContainerReportHandler.java:updateContainerState(145)) - Container #1 is in OPEN state, but the datanode 40829da6-3885-407c-a088-456b651d4556{ip: 192.168.34.46, host: pr-hdds-2347-fq45t-3280797939, networkLocation: /default-rack, certSerialId: null} reports an CLOSED replica.
2019-10-24 13:27:12,038 [EventQueue-ContainerReportForContainerReportHandler] WARN  container.ContainerReportHandler (AbstractContainerReportHandler.java:updateContainerState(145)) - Container #1 is in OPEN state, but the datanode 40829da6-3885-407c-a088-456b651d4556{ip: 192.168.34.46, host: pr-hdds-2347-fq45t-3280797939, networkLocation: /default-rack, certSerialId: null} reports an CLOSED replica.
2019-10-24 13:27:12,122 [EventQueue-ContainerReportForContainerReportHandler] WARN  container.ContainerReportHandler (AbstractContainerReportHandler.java:updateContainerState(145)) - Container #1 is in OPEN state, but the datanode 01d98fa9-b286-41ba-84b0-dae26651fa1e{ip: 192.168.34.46, host: pr-hdds-2347-fq45t-3280797939, networkLocation: /default-rack, certSerialId: null} reports an CLOSED replica.
2019-10-24 13:27:12,333 [java.util.concurrent.ThreadPoolExecutor$Worker@7ba61e93[State = -1, empty queue]] WARN  server.GrpcLogAppender (GrpcLogAppender.java:timeoutAppendRequest(209)) - 40829da6-3885-407c-a088-456b651d4556@group-7CFE476639A9->6e90e31a-7849-4a98-b31c-06f2da08fbb3-GrpcLogAppender: appendEntries Timeout, request=40829da6-3885-407c-a088-456b651d4556->6e90e31a-7849-4a98-b31c-06f2da08fbb3#44-t2, previous=(t:2, i:10), leaderCommit=10, initializing? false, entries: <empty>
2019-10-24 13:27:12,422 [EventQueue-ContainerReportForContainerReportHandler] WARN  container.ContainerReportHandler (AbstractContainerReportHandler.java:updateContainerState(145)) - Container #1 is in OPEN state, but the datanode 01d98fa9-b286-41ba-84b0-dae26651fa1e{ip: 192.168.34.46, host: pr-hdds-2347-fq45t-3280797939, networkLocation: /default-rack, certSerialId: null} reports an CLOSED replica.
2019-10-24 13:27:12,437 [EventQueue-ContainerReportForContainerReportHandler] WARN  container.ContainerReportHandler (AbstractContainerReportHandler.java:updateContainerState(145)) - Container #1 is in OPEN state, but the datanode 40829da6-3885-407c-a088-456b651d4556{ip: 192.168.34.46, host: pr-hdds-2347-fq45t-3280797939, networkLocation: /default-rack, certSerialId: null} reports an CLOSED replica.
2019-10-24 13:27:12,623 [EventQueue-ContainerReportForContainerReportHandler] WARN  container.ContainerReportHandler (AbstractContainerReportHandler.java:updateContainerState(145)) - Container #1 is in OPEN state, but the datanode 01d98fa9-b286-41ba-84b0-dae26651fa1e{ip: 192.168.34.46, host: pr-hdds-2347-fq45t-3280797939, networkLocation: /default-rack, certSerialId: null} reports an CLOSED replica.
2019-10-24 13:27:12,637 [EventQueue-ContainerReportForContainerReportHandler] WARN  container.ContainerReportHandler (AbstractContainerReportHandler.java:updateContainerState(145)) - Container #1 is in OPEN state, but the datanode 40829da6-3885-407c-a088-456b651d4556{ip: 192.168.34.46, host: pr-hdds-2347-fq45t-3280797939, networkLocation: /default-rack, certSerialId: null} reports an CLOSED replica.
2019-10-24 13:27:12,749 [BlockDeletingService#2] WARN  background.BlockDeletingService (BlockDeletingService.java:isDeletionAllowed(187)) - Close Container log Index 6 is not replicated across allthe servers in the pipeline 400d0dd0-f848-4ed7-b117-7cfe476639a9 as the min replicated index is 4. Deletion is not allowed in this container yet.
2019-10-24 13:27:12,749 [BlockDeletingService#2] WARN  background.BlockDeletingService (BlockDeletingService.java:isDeletionAllowed(187)) - Close Container log Index 6 is not replicated across allthe servers in the pipeline 400d0dd0-f848-4ed7-b117-7cfe476639a9 as the min replicated index is 4. Deletion is not allowed in this container yet.
2019-10-24 13:27:12,937 [EventQueue-ContainerReportForContainerReportHandler] WARN  container.ContainerReportHandler (AbstractContainerReportHandler.java:updateContainerState(145)) - Container #1 is in OPEN state, but the datanode 40829da6-3885-407c-a088-456b651d4556{ip: 192.168.34.46, host: pr-hdds-2347-fq45t-3280797939, networkLocation: /default-rack, certSerialId: null} reports an CLOSED replica.
2019-10-24 13:27:13,023 [EventQueue-ContainerReportForContainerReportHandler] WARN  container.ContainerReportHandler (AbstractContainerReportHandler.java:updateContainerState(145)) - Container #1 is in OPEN state, but the datanode 01d98fa9-b286-41ba-84b0-dae26651fa1e{ip: 192.168.34.46, host: pr-hdds-2347-fq45t-3280797939, networkLocation: /default-rack, certSerialId: null} reports an CLOSED replica.
2019-10-24 13:27:13,237 [EventQueue-ContainerReportForContainerReportHandler] WARN  container.ContainerReportHandler (AbstractContainerReportHandler.java:updateContainerState(145)) - Container #1 is in OPEN state, but the datanode 40829da6-3885-407c-a088-456b651d4556{ip: 192.168.34.46, host: pr-hdds-2347-fq45t-3280797939, networkLocation: /default-rack, certSerialId: null} reports an CLOSED replica.
2019-10-24 13:27:13,323 [EventQueue-ContainerReportForContainerReportHandler] WARN  container.ContainerReportHandler (AbstractContainerReportHandler.java:updateContainerState(145)) - Container #1 is in OPEN state, but the datanode 01d98fa9-b286-41ba-84b0-dae26651fa1e{ip: 192.168.34.46, host: pr-hdds-2347-fq45t-3280797939, networkLocation: /default-rack, certSerialId: null} reports an CLOSED replica.
2019-10-24 13:27:13,623 [EventQueue-ContainerReportForContainerReportHandler] WARN  container.ContainerReportHandler (AbstractContainerReportHandler.java:updateContainerState(145)) - Container #1 is in OPEN state, but the datanode 01d98fa9-b286-41ba-84b0-dae26651fa1e{ip: 192.168.34.46, host: pr-hdds-2347-fq45t-3280797939, networkLocation: /default-rack, certSerialId: null} reports an CLOSED replica.
2019-10-24 13:27:13,638 [EventQueue-ContainerReportForContainerReportHandler] WARN  container.ContainerReportHandler (AbstractContainerReportHandler.java:updateContainerState(145)) - Container #1 is in OPEN state, but the datanode 40829da6-3885-407c-a088-456b651d4556{ip: 192.168.34.46, host: pr-hdds-2347-fq45t-3280797939, networkLocation: /default-rack, certSerialId: null} reports an CLOSED replica.
2019-10-24 13:27:13,751 [BlockDeletingService#2] WARN  background.BlockDeletingService (BlockDeletingService.java:isDeletionAllowed(187)) - Close Container log Index 6 is not replicated across allthe servers in the pipeline 400d0dd0-f848-4ed7-b117-7cfe476639a9 as the min replicated index is 4. Deletion is not allowed in this container yet.
2019-10-24 13:27:13,751 [BlockDeletingService#2] WARN  background.BlockDeletingService (BlockDeletingService.java:isDeletionAllowed(187)) - Close Container log Index 6 is not replicated across allthe servers in the pipeline 400d0dd0-f848-4ed7-b117-7cfe476639a9 as the min replicated index is 4. Deletion is not allowed in this container yet.
2019-10-24 13:27:13,824 [EventQueue-ContainerReportForContainerReportHandler] WARN  container.ContainerReportHandler (AbstractContainerReportHandler.java:updateContainerState(145)) - Container #1 is in OPEN state, but the datanode 01d98fa9-b286-41ba-84b0-dae26651fa1e{ip: 192.168.34.46, host: pr-hdds-2347-fq45t-3280797939, networkLocation: /default-rack, certSerialId: null} reports an CLOSED replica.
2019-10-24 13:27:13,839 [EventQueue-ContainerReportForContainerReportHandler] WARN  container.ContainerReportHandler (AbstractContainerReportHandler.java:updateContainerState(145)) - Container #1 is in OPEN state, but the datanode 40829da6-3885-407c-a088-456b651d4556{ip: 192.168.34.46, host: pr-hdds-2347-fq45t-3280797939, networkLocation: /default-rack, certSerialId: null} reports an CLOSED replica.
2019-10-24 13:27:14,025 [EventQueue-ContainerReportForContainerReportHandler] WARN  container.ContainerReportHandler (AbstractContainerReportHandler.java:updateContainerState(145)) - Container #1 is in OPEN state, but the datanode 01d98fa9-b286-41ba-84b0-dae26651fa1e{ip: 192.168.34.46, host: pr-hdds-2347-fq45t-3280797939, networkLocation: /default-rack, certSerialId: null} reports an CLOSED replica.
2019-10-24 13:27:14,240 [EventQueue-ContainerReportForContainerReportHandler] WARN  container.ContainerReportHandler (AbstractContainerReportHandler.java:updateContainerState(145)) - Container #1 is in OPEN state, but the datanode 40829da6-3885-407c-a088-456b651d4556{ip: 192.168.34.46, host: pr-hdds-2347-fq45t-3280797939, networkLocation: /default-rack, certSerialId: null} reports an CLOSED replica.
2019-10-24 13:27:14,426 [EventQueue-ContainerReportForContainerReportHandler] WARN  container.ContainerReportHandler (AbstractContainerReportHandler.java:updateContainerState(145)) - Container #1 is in OPEN state, but the datanode 01d98fa9-b286-41ba-84b0-dae26651fa1e{ip: 192.168.34.46, host: pr-hdds-2347-fq45t-3280797939, networkLocation: /default-rack, certSerialId: null} reports an CLOSED replica.
2019-10-24 13:27:14,640 [EventQueue-ContainerReportForContainerReportHandler] WARN  container.ContainerReportHandler (AbstractContainerReportHandler.java:updateContainerState(145)) - Container #1 is in OPEN state, but the datanode 40829da6-3885-407c-a088-456b651d4556{ip: 192.168.34.46, host: pr-hdds-2347-fq45t-3280797939, networkLocation: /default-rack, certSerialId: null} reports an CLOSED replica.
2019-10-24 13:27:14,726 [EventQueue-ContainerReportForContainerReportHandler] WARN  container.ContainerReportHandler (AbstractContainerReportHandler.java:updateContainerState(145)) - Container #1 is in OPEN state, but the datanode 01d98fa9-b286-41ba-84b0-dae26651fa1e{ip: 192.168.34.46, host: pr-hdds-2347-fq45t-3280797939, networkLocation: /default-rack, certSerialId: null} reports an CLOSED replica.
2019-10-24 13:27:14,754 [BlockDeletingService#2] WARN  background.BlockDeletingService (BlockDeletingService.java:isDeletionAllowed(187)) - Close Container log Index 6 is not replicated across allthe servers in the pipeline 400d0dd0-f848-4ed7-b117-7cfe476639a9 as the min replicated index is 4. Deletion is not allowed in this container yet.
2019-10-24 13:27:14,754 [BlockDeletingService#2] WARN  background.BlockDeletingService (BlockDeletingService.java:isDeletionAllowed(187)) - Close Container log Index 6 is not replicated across allthe servers in the pipeline 400d0dd0-f848-4ed7-b117-7cfe476639a9 as the min replicated index is 4. Deletion is not allowed in this container yet.
2019-10-24 13:27:14,834 [java.util.concurrent.ThreadPoolExecutor$Worker@7ba61e93[State = -1, empty queue]] WARN  server.GrpcLogAppender (GrpcLogAppender.java:timeoutAppendRequest(209)) - 40829da6-3885-407c-a088-456b651d4556@group-7CFE476639A9->6e90e31a-7849-4a98-b31c-06f2da08fbb3-GrpcLogAppender: appendEntries Timeout, request=40829da6-3885-407c-a088-456b651d4556->6e90e31a-7849-4a98-b31c-06f2da08fbb3#45-t2, previous=(t:2, i:10), leaderCommit=10, initializing? false, entries: <empty>
2019-10-24 13:27:14,927 [EventQueue-ContainerReportForContainerReportHandler] WARN  container.ContainerReportHandler (AbstractContainerReportHandler.java:updateContainerState(145)) - Container #1 is in OPEN state, but the datanode 01d98fa9-b286-41ba-84b0-dae26651fa1e{ip: 192.168.34.46, host: pr-hdds-2347-fq45t-3280797939, networkLocation: /default-rack, certSerialId: null} reports an CLOSED replica.
2019-10-24 13:27:14,942 [EventQueue-ContainerReportForContainerReportHandler] WARN  container.ContainerReportHandler (AbstractContainerReportHandler.java:updateContainerState(145)) - Container #1 is in OPEN state, but the datanode 40829da6-3885-407c-a088-456b651d4556{ip: 192.168.34.46, host: pr-hdds-2347-fq45t-3280797939, networkLocation: /default-rack, certSerialId: null} reports an CLOSED replica.
2019-10-24 13:27:15,229 [EventQueue-ContainerReportForContainerReportHandler] WARN  container.ContainerReportHandler (AbstractContainerReportHandler.java:updateContainerState(145)) - Container #1 is in OPEN state, but the datanode 01d98fa9-b286-41ba-84b0-dae26651fa1e{ip: 192.168.34.46, host: pr-hdds-2347-fq45t-3280797939, networkLocation: /default-rack, certSerialId: null} reports an CLOSED replica.
2019-10-24 13:27:15,244 [EventQueue-ContainerReportForContainerReportHandler] WARN  container.ContainerReportHandler (AbstractContainerReportHandler.java:updateContainerState(145)) - Container #1 is in OPEN state, but the datanode 40829da6-3885-407c-a088-456b651d4556{ip: 192.168.34.46, host: pr-hdds-2347-fq45t-3280797939, networkLocation: /default-rack, certSerialId: null} reports an CLOSED replica.
2019-10-24 13:27:15,430 [EventQueue-ContainerReportForContainerReportHandler] WARN  container.ContainerReportHandler (AbstractContainerReportHandler.java:updateContainerState(145)) - Container #1 is in OPEN state, but the datanode 01d98fa9-b286-41ba-84b0-dae26651fa1e{ip: 192.168.34.46, host: pr-hdds-2347-fq45t-3280797939, networkLocation: /default-rack, certSerialId: null} reports an CLOSED replica.
2019-10-24 13:27:15,630 [EventQueue-ContainerReportForContainerReportHandler] WARN  container.ContainerReportHandler (AbstractContainerReportHandler.java:updateContainerState(145)) - Container #1 is in OPEN state, but the datanode 01d98fa9-b286-41ba-84b0-dae26651fa1e{ip: 192.168.34.46, host: pr-hdds-2347-fq45t-3280797939, networkLocation: /default-rack, certSerialId: null} reports an CLOSED replica.
2019-10-24 13:27:15,644 [EventQueue-ContainerReportForContainerReportHandler] WARN  container.ContainerReportHandler (AbstractContainerReportHandler.java:updateContainerState(145)) - Container #1 is in OPEN state, but the datanode 40829da6-3885-407c-a088-456b651d4556{ip: 192.168.34.46, host: pr-hdds-2347-fq45t-3280797939, networkLocation: /default-rack, certSerialId: null} reports an CLOSED replica.
2019-10-24 13:27:15,756 [BlockDeletingService#2] WARN  background.BlockDeletingService (BlockDeletingService.java:isDeletionAllowed(187)) - Close Container log Index 6 is not replicated across allthe servers in the pipeline 400d0dd0-f848-4ed7-b117-7cfe476639a9 as the min replicated index is 4. Deletion is not allowed in this container yet.
2019-10-24 13:27:15,756 [BlockDeletingService#2] WARN  background.BlockDeletingService (BlockDeletingService.java:isDeletionAllowed(187)) - Close Container log Index 6 is not replicated across allthe servers in the pipeline 400d0dd0-f848-4ed7-b117-7cfe476639a9 as the min replicated index is 4. Deletion is not allowed in this container yet.
2019-10-24 13:27:15,829 [EventQueue-ContainerReportForContainerReportHandler] WARN  container.ContainerReportHandler (AbstractContainerReportHandler.java:updateContainerState(145)) - Container #1 is in OPEN state, but the datanode 01d98fa9-b286-41ba-84b0-dae26651fa1e{ip: 192.168.34.46, host: pr-hdds-2347-fq45t-3280797939, networkLocation: /default-rack, certSerialId: null} reports an CLOSED replica.
2019-10-24 13:27:16,045 [EventQueue-ContainerReportForContainerReportHandler] WARN  container.ContainerReportHandler (AbstractContainerReportHandler.java:updateContainerState(145)) - Container #1 is in OPEN state, but the datanode 40829da6-3885-407c-a088-456b651d4556{ip: 192.168.34.46, host: pr-hdds-2347-fq45t-3280797939, networkLocation: /default-rack, certSerialId: null} reports an CLOSED replica.
2019-10-24 13:27:16,130 [EventQueue-ContainerReportForContainerReportHandler] WARN  container.ContainerReportHandler (AbstractContainerReportHandler.java:updateContainerState(145)) - Container #1 is in OPEN state, but the datanode 01d98fa9-b286-41ba-84b0-dae26651fa1e{ip: 192.168.34.46, host: pr-hdds-2347-fq45t-3280797939, networkLocation: /default-rack, certSerialId: null} reports an CLOSED replica.
2019-10-24 13:27:16,245 [EventQueue-ContainerReportForContainerReportHandler] WARN  container.ContainerReportHandler (AbstractContainerReportHandler.java:updateContainerState(145)) - Container #1 is in OPEN state, but the datanode 40829da6-3885-407c-a088-456b651d4556{ip: 192.168.34.46, host: pr-hdds-2347-fq45t-3280797939, networkLocation: /default-rack, certSerialId: null} reports an CLOSED replica.
2019-10-24 13:27:16,530 [EventQueue-ContainerReportForContainerReportHandler] WARN  container.ContainerReportHandler (AbstractContainerReportHandler.java:updateContainerState(145)) - Container #1 is in OPEN state, but the datanode 01d98fa9-b286-41ba-84b0-dae26651fa1e{ip: 192.168.34.46, host: pr-hdds-2347-fq45t-3280797939, networkLocation: /default-rack, certSerialId: null} reports an CLOSED replica.
2019-10-24 13:27:16,545 [EventQueue-ContainerReportForContainerReportHandler] WARN  container.ContainerReportHandler (AbstractContainerReportHandler.java:updateContainerState(145)) - Container #1 is in OPEN state, but the datanode 40829da6-3885-407c-a088-456b651d4556{ip: 192.168.34.46, host: pr-hdds-2347-fq45t-3280797939, networkLocation: /default-rack, certSerialId: null} reports an CLOSED replica.
2019-10-24 13:27:16,758 [BlockDeletingService#2] WARN  background.BlockDeletingService (BlockDeletingService.java:isDeletionAllowed(187)) - Close Container log Index 6 is not replicated across allthe servers in the pipeline 400d0dd0-f848-4ed7-b117-7cfe476639a9 as the min replicated index is 4. Deletion is not allowed in this container yet.
2019-10-24 13:27:16,758 [BlockDeletingService#2] WARN  background.BlockDeletingService (BlockDeletingService.java:isDeletionAllowed(187)) - Close Container log Index 6 is not replicated across allthe servers in the pipeline 400d0dd0-f848-4ed7-b117-7cfe476639a9 as the min replicated index is 4. Deletion is not allowed in this container yet.
2019-10-24 13:27:16,829 [EventQueue-ContainerReportForContainerReportHandler] WARN  container.ContainerReportHandler (AbstractContainerReportHandler.java:updateContainerState(145)) - Container #1 is in OPEN state, but the datanode 01d98fa9-b286-41ba-84b0-dae26651fa1e{ip: 192.168.34.46, host: pr-hdds-2347-fq45t-3280797939, networkLocation: /default-rack, certSerialId: null} reports an CLOSED replica.
2019-10-24 13:27:16,947 [EventQueue-ContainerReportForContainerReportHandler] WARN  container.ContainerReportHandler (AbstractContainerReportHandler.java:updateContainerState(145)) - Container #1 is in OPEN state, but the datanode 40829da6-3885-407c-a088-456b651d4556{ip: 192.168.34.46, host: pr-hdds-2347-fq45t-3280797939, networkLocation: /default-rack, certSerialId: null} reports an CLOSED replica.
2019-10-24 13:27:17,030 [EventQueue-ContainerReportForContainerReportHandler] WARN  container.ContainerReportHandler (AbstractContainerReportHandler.java:updateContainerState(145)) - Container #1 is in OPEN state, but the datanode 01d98fa9-b286-41ba-84b0-dae26651fa1e{ip: 192.168.34.46, host: pr-hdds-2347-fq45t-3280797939, networkLocation: /default-rack, certSerialId: null} reports an CLOSED replica.
2019-10-24 13:27:17,147 [EventQueue-ContainerReportForContainerReportHandler] WARN  container.ContainerReportHandler (AbstractContainerReportHandler.java:updateContainerState(145)) - Container #1 is in OPEN state, but the datanode 40829da6-3885-407c-a088-456b651d4556{ip: 192.168.34.46, host: pr-hdds-2347-fq45t-3280797939, networkLocation: /default-rack, certSerialId: null} reports an CLOSED replica.
2019-10-24 13:27:17,329 [EventQueue-ContainerReportForContainerReportHandler] WARN  container.ContainerReportHandler (AbstractContainerReportHandler.java:updateContainerState(145)) - Container #1 is in OPEN state, but the datanode 01d98fa9-b286-41ba-84b0-dae26651fa1e{ip: 192.168.34.46, host: pr-hdds-2347-fq45t-3280797939, networkLocation: /default-rack, certSerialId: null} reports an CLOSED replica.
2019-10-24 13:27:17,336 [java.util.concurrent.ThreadPoolExecutor$Worker@7ba61e93[State = -1, empty queue]] WARN  server.GrpcLogAppender (GrpcLogAppender.java:timeoutAppendRequest(209)) - 40829da6-3885-407c-a088-456b651d4556@group-7CFE476639A9->6e90e31a-7849-4a98-b31c-06f2da08fbb3-GrpcLogAppender: appendEntries Timeout, request=40829da6-3885-407c-a088-456b651d4556->6e90e31a-7849-4a98-b31c-06f2da08fbb3#46-t2, previous=(t:2, i:10), leaderCommit=10, initializing? false, entries: <empty>
2019-10-24 13:27:17,447 [EventQueue-ContainerReportForContainerReportHandler] WARN  container.ContainerReportHandler (AbstractContainerReportHandler.java:updateContainerState(145)) - Container #1 is in OPEN state, but the datanode 40829da6-3885-407c-a088-456b651d4556{ip: 192.168.34.46, host: pr-hdds-2347-fq45t-3280797939, networkLocation: /default-rack, certSerialId: null} reports an CLOSED replica.
2019-10-24 13:27:17,629 [EventQueue-ContainerReportForContainerReportHandler] WARN  container.ContainerReportHandler (AbstractContainerReportHandler.java:updateContainerState(145)) - Container #1 is in OPEN state, but the datanode 01d98fa9-b286-41ba-84b0-dae26651fa1e{ip: 192.168.34.46, host: pr-hdds-2347-fq45t-3280797939, networkLocation: /default-rack, certSerialId: null} reports an CLOSED replica.
2019-10-24 13:27:17,647 [EventQueue-ContainerReportForContainerReportHandler] WARN  container.ContainerReportHandler (AbstractContainerReportHandler.java:updateContainerState(145)) - Container #1 is in OPEN state, but the datanode 40829da6-3885-407c-a088-456b651d4556{ip: 192.168.34.46, host: pr-hdds-2347-fq45t-3280797939, networkLocation: /default-rack, certSerialId: null} reports an CLOSED replica.
2019-10-24 13:27:17,760 [BlockDeletingService#2] WARN  background.BlockDeletingService (BlockDeletingService.java:isDeletionAllowed(187)) - Close Container log Index 6 is not replicated across allthe servers in the pipeline 400d0dd0-f848-4ed7-b117-7cfe476639a9 as the min replicated index is 4. Deletion is not allowed in this container yet.
2019-10-24 13:27:17,760 [BlockDeletingService#2] WARN  background.BlockDeletingService (BlockDeletingService.java:isDeletionAllowed(187)) - Close Container log Index 6 is not replicated across allthe servers in the pipeline 400d0dd0-f848-4ed7-b117-7cfe476639a9 as the min replicated index is 4. Deletion is not allowed in this container yet.
2019-10-24 13:27:17,930 [EventQueue-ContainerReportForContainerReportHandler] WARN  container.ContainerReportHandler (AbstractContainerReportHandler.java:updateContainerState(145)) - Container #1 is in OPEN state, but the datanode 01d98fa9-b286-41ba-84b0-dae26651fa1e{ip: 192.168.34.46, host: pr-hdds-2347-fq45t-3280797939, networkLocation: /default-rack, certSerialId: null} reports an CLOSED replica.
2019-10-24 13:27:17,947 [Thread-513] INFO  client.GrpcClientProtocolService (GrpcClientProtocolService.java:lambda$processClientRequest$0(279)) - Failed RaftClientRequest:client-180CB693DB15->01d98fa9-b286-41ba-84b0-dae26651fa1e@group-7CFE476639A9, cid=10, seq=0, Watch-ALL_COMMITTED(6), Message:<EMPTY>, reply=RaftClientReply:client-180CB693DB15->01d98fa9-b286-41ba-84b0-dae26651fa1e@group-7CFE476639A9, cid=10, FAILED org.apache.ratis.protocol.NotLeaderException: Server 01d98fa9-b286-41ba-84b0-dae26651fa1e@group-7CFE476639A9 is not the leader 40829da6-3885-407c-a088-456b651d4556:192.168.34.46:34308, logIndex=0, commits[01d98fa9-b286-41ba-84b0-dae26651fa1e:c10, 6e90e31a-7849-4a98-b31c-06f2da08fbb3:c4, 40829da6-3885-407c-a088-456b651d4556:c10]
2019-10-24 13:27:18,047 [EventQueue-ContainerReportForContainerReportHandler] WARN  container.ContainerReportHandler (AbstractContainerReportHandler.java:updateContainerState(145)) - Container #1 is in OPEN state, but the datanode 40829da6-3885-407c-a088-456b651d4556{ip: 192.168.34.46, host: pr-hdds-2347-fq45t-3280797939, networkLocation: /default-rack, certSerialId: null} reports an CLOSED replica.
2019-10-24 13:27:18,230 [EventQueue-ContainerReportForContainerReportHandler] WARN  container.ContainerReportHandler (AbstractContainerReportHandler.java:updateContainerState(145)) - Container #1 is in OPEN state, but the datanode 01d98fa9-b286-41ba-84b0-dae26651fa1e{ip: 192.168.34.46, host: pr-hdds-2347-fq45t-3280797939, networkLocation: /default-rack, certSerialId: null} reports an CLOSED replica.
2019-10-24 13:27:18,347 [EventQueue-ContainerReportForContainerReportHandler] WARN  container.ContainerReportHandler (AbstractContainerReportHandler.java:updateContainerState(145)) - Container #1 is in OPEN state, but the datanode 40829da6-3885-407c-a088-456b651d4556{ip: 192.168.34.46, host: pr-hdds-2347-fq45t-3280797939, networkLocation: /default-rack, certSerialId: null} reports an CLOSED replica.
2019-10-24 13:27:18,430 [EventQueue-ContainerReportForContainerReportHandler] WARN  container.ContainerReportHandler (AbstractContainerReportHandler.java:updateContainerState(145)) - Container #1 is in OPEN state, but the datanode 01d98fa9-b286-41ba-84b0-dae26651fa1e{ip: 192.168.34.46, host: pr-hdds-2347-fq45t-3280797939, networkLocation: /default-rack, certSerialId: null} reports an CLOSED replica.
2019-10-24 13:27:18,547 [EventQueue-ContainerReportForContainerReportHandler] WARN  container.ContainerReportHandler (AbstractContainerReportHandler.java:updateContainerState(145)) - Container #1 is in OPEN state, but the datanode 40829da6-3885-407c-a088-456b651d4556{ip: 192.168.34.46, host: pr-hdds-2347-fq45t-3280797939, networkLocation: /default-rack, certSerialId: null} reports an CLOSED replica.
2019-10-24 13:27:18,729 [EventQueue-ContainerReportForContainerReportHandler] WARN  container.ContainerReportHandler (AbstractContainerReportHandler.java:updateContainerState(145)) - Container #1 is in OPEN state, but the datanode 01d98fa9-b286-41ba-84b0-dae26651fa1e{ip: 192.168.34.46, host: pr-hdds-2347-fq45t-3280797939, networkLocation: /default-rack, certSerialId: null} reports an CLOSED replica.
2019-10-24 13:27:18,762 [BlockDeletingService#2] WARN  background.BlockDeletingService (BlockDeletingService.java:isDeletionAllowed(187)) - Close Container log Index 6 is not replicated across allthe servers in the pipeline 400d0dd0-f848-4ed7-b117-7cfe476639a9 as the min replicated index is 4. Deletion is not allowed in this container yet.
2019-10-24 13:27:18,763 [BlockDeletingService#2] WARN  background.BlockDeletingService (BlockDeletingService.java:isDeletionAllowed(187)) - Close Container log Index 6 is not replicated across allthe servers in the pipeline 400d0dd0-f848-4ed7-b117-7cfe476639a9 as the min replicated index is 4. Deletion is not allowed in this container yet.
2019-10-24 13:27:18,848 [EventQueue-ContainerReportForContainerReportHandler] WARN  container.ContainerReportHandler (AbstractContainerReportHandler.java:updateContainerState(145)) - Container #1 is in OPEN state, but the datanode 40829da6-3885-407c-a088-456b651d4556{ip: 192.168.34.46, host: pr-hdds-2347-fq45t-3280797939, networkLocation: /default-rack, certSerialId: null} reports an CLOSED replica.
2019-10-24 13:27:19,129 [EventQueue-ContainerReportForContainerReportHandler] WARN  container.ContainerReportHandler (AbstractContainerReportHandler.java:updateContainerState(145)) - Container #1 is in OPEN state, but the datanode 01d98fa9-b286-41ba-84b0-dae26651fa1e{ip: 192.168.34.46, host: pr-hdds-2347-fq45t-3280797939, networkLocation: /default-rack, certSerialId: null} reports an CLOSED replica.
2019-10-24 13:27:19,247 [EventQueue-ContainerReportForContainerReportHandler] WARN  container.ContainerReportHandler (AbstractContainerReportHandler.java:updateContainerState(145)) - Container #1 is in OPEN state, but the datanode 40829da6-3885-407c-a088-456b651d4556{ip: 192.168.34.46, host: pr-hdds-2347-fq45t-3280797939, networkLocation: /default-rack, certSerialId: null} reports an CLOSED replica.
2019-10-24 13:27:19,429 [EventQueue-ContainerReportForContainerReportHandler] WARN  container.ContainerReportHandler (AbstractContainerReportHandler.java:updateContainerState(145)) - Container #1 is in OPEN state, but the datanode 01d98fa9-b286-41ba-84b0-dae26651fa1e{ip: 192.168.34.46, host: pr-hdds-2347-fq45t-3280797939, networkLocation: /default-rack, certSerialId: null} reports an CLOSED replica.
2019-10-24 13:27:19,447 [EventQueue-ContainerReportForContainerReportHandler] WARN  container.ContainerReportHandler (AbstractContainerReportHandler.java:updateContainerState(145)) - Container #1 is in OPEN state, but the datanode 40829da6-3885-407c-a088-456b651d4556{ip: 192.168.34.46, host: pr-hdds-2347-fq45t-3280797939, networkLocation: /default-rack, certSerialId: null} reports an CLOSED replica.
2019-10-24 13:27:19,755 [Thread-519] INFO  client.GrpcClientProtocolService (GrpcClientProtocolService.java:lambda$processClientRequest$0(279)) - Failed RaftClientRequest:client-180CB693DB15->40829da6-3885-407c-a088-456b651d4556@group-7CFE476639A9, cid=10, seq=0, Watch-ALL_COMMITTED(6), Message:<EMPTY>, reply=RaftClientReply:client-180CB693DB15->40829da6-3885-407c-a088-456b651d4556@group-7CFE476639A9, cid=10, FAILED org.apache.ratis.protocol.NotReplicatedException: Request with call Id 10 and log index 6 is not yet replicated to ALL_COMMITTED, logIndex=6, commits[40829da6-3885-407c-a088-456b651d4556:c10, 6e90e31a-7849-4a98-b31c-06f2da08fbb3:c4, 01d98fa9-b286-41ba-84b0-dae26651fa1e:c10]
2019-10-24 13:27:19,764 [BlockDeletingService#2] WARN  background.BlockDeletingService (BlockDeletingService.java:isDeletionAllowed(187)) - Close Container log Index 6 is not replicated across allthe servers in the pipeline 400d0dd0-f848-4ed7-b117-7cfe476639a9 as the min replicated index is 4. Deletion is not allowed in this container yet.
2019-10-24 13:27:19,764 [BlockDeletingService#2] WARN  background.BlockDeletingService (BlockDeletingService.java:isDeletionAllowed(187)) - Close Container log Index 6 is not replicated across allthe servers in the pipeline 400d0dd0-f848-4ed7-b117-7cfe476639a9 as the min replicated index is 4. Deletion is not allowed in this container yet.
2019-10-24 13:27:19,829 [EventQueue-ContainerReportForContainerReportHandler] WARN  container.ContainerReportHandler (AbstractContainerReportHandler.java:updateContainerState(145)) - Container #1 is in OPEN state, but the datanode 01d98fa9-b286-41ba-84b0-dae26651fa1e{ip: 192.168.34.46, host: pr-hdds-2347-fq45t-3280797939, networkLocation: /default-rack, certSerialId: null} reports an CLOSED replica.
2019-10-24 13:27:19,837 [java.util.concurrent.ThreadPoolExecutor$Worker@7ba61e93[State = -1, empty queue]] WARN  server.GrpcLogAppender (GrpcLogAppender.java:timeoutAppendRequest(209)) - 40829da6-3885-407c-a088-456b651d4556@group-7CFE476639A9->6e90e31a-7849-4a98-b31c-06f2da08fbb3-GrpcLogAppender: appendEntries Timeout, request=40829da6-3885-407c-a088-456b651d4556->6e90e31a-7849-4a98-b31c-06f2da08fbb3#47-t2, previous=(t:2, i:10), leaderCommit=10, initializing? false, entries: <empty>
2019-10-24 13:27:19,849 [EventQueue-ContainerReportForContainerReportHandler] WARN  container.ContainerReportHandler (AbstractContainerReportHandler.java:updateContainerState(145)) - Container #1 is in OPEN state, but the datanode 40829da6-3885-407c-a088-456b651d4556{ip: 192.168.34.46, host: pr-hdds-2347-fq45t-3280797939, networkLocation: /default-rack, certSerialId: null} reports an CLOSED replica.
2019-10-24 13:27:20,148 [EventQueue-ContainerReportForContainerReportHandler] WARN  container.ContainerReportHandler (AbstractContainerReportHandler.java:updateContainerState(145)) - Container #1 is in OPEN state, but the datanode 40829da6-3885-407c-a088-456b651d4556{ip: 192.168.34.46, host: pr-hdds-2347-fq45t-3280797939, networkLocation: /default-rack, certSerialId: null} reports an CLOSED replica.
2019-10-24 13:27:20,229 [EventQueue-ContainerReportForContainerReportHandler] WARN  container.ContainerReportHandler (AbstractContainerReportHandler.java:updateContainerState(145)) - Container #1 is in OPEN state, but the datanode 01d98fa9-b286-41ba-84b0-dae26651fa1e{ip: 192.168.34.46, host: pr-hdds-2347-fq45t-3280797939, networkLocation: /default-rack, certSerialId: null} reports an CLOSED replica.
2019-10-24 13:27:20,448 [EventQueue-ContainerReportForContainerReportHandler] WARN  container.ContainerReportHandler (AbstractContainerReportHandler.java:updateContainerState(145)) - Container #1 is in OPEN state, but the datanode 40829da6-3885-407c-a088-456b651d4556{ip: 192.168.34.46, host: pr-hdds-2347-fq45t-3280797939, networkLocation: /default-rack, certSerialId: null} reports an CLOSED replica.
2019-10-24 13:27:20,631 [EventQueue-ContainerReportForContainerReportHandler] WARN  container.ContainerReportHandler (AbstractContainerReportHandler.java:updateContainerState(145)) - Container #1 is in OPEN state, but the datanode 01d98fa9-b286-41ba-84b0-dae26651fa1e{ip: 192.168.34.46, host: pr-hdds-2347-fq45t-3280797939, networkLocation: /default-rack, certSerialId: null} reports an CLOSED replica.
2019-10-24 13:27:20,749 [EventQueue-ContainerReportForContainerReportHandler] WARN  container.ContainerReportHandler (AbstractContainerReportHandler.java:updateContainerState(145)) - Container #1 is in OPEN state, but the datanode 40829da6-3885-407c-a088-456b651d4556{ip: 192.168.34.46, host: pr-hdds-2347-fq45t-3280797939, networkLocation: /default-rack, certSerialId: null} reports an CLOSED replica.
2019-10-24 13:27:20,766 [BlockDeletingService#2] WARN  background.BlockDeletingService (BlockDeletingService.java:isDeletionAllowed(187)) - Close Container log Index 6 is not replicated across allthe servers in the pipeline 400d0dd0-f848-4ed7-b117-7cfe476639a9 as the min replicated index is 4. Deletion is not allowed in this container yet.
2019-10-24 13:27:20,766 [BlockDeletingService#2] WARN  background.BlockDeletingService (BlockDeletingService.java:isDeletionAllowed(187)) - Close Container log Index 6 is not replicated across allthe servers in the pipeline 400d0dd0-f848-4ed7-b117-7cfe476639a9 as the min replicated index is 4. Deletion is not allowed in this container yet.
2019-10-24 13:27:20,832 [EventQueue-ContainerReportForContainerReportHandler] WARN  container.ContainerReportHandler (AbstractContainerReportHandler.java:updateContainerState(145)) - Container #1 is in OPEN state, but the datanode 01d98fa9-b286-41ba-84b0-dae26651fa1e{ip: 192.168.34.46, host: pr-hdds-2347-fq45t-3280797939, networkLocation: /default-rack, certSerialId: null} reports an CLOSED replica.
2019-10-24 13:27:21,132 [EventQueue-ContainerReportForContainerReportHandler] WARN  container.ContainerReportHandler (AbstractContainerReportHandler.java:updateContainerState(145)) - Container #1 is in OPEN state, but the datanode 01d98fa9-b286-41ba-84b0-dae26651fa1e{ip: 192.168.34.46, host: pr-hdds-2347-fq45t-3280797939, networkLocation: /default-rack, certSerialId: null} reports an CLOSED replica.
2019-10-24 13:27:21,150 [EventQueue-ContainerReportForContainerReportHandler] WARN  container.ContainerReportHandler (AbstractContainerReportHandler.java:updateContainerState(145)) - Container #1 is in OPEN state, but the datanode 40829da6-3885-407c-a088-456b651d4556{ip: 192.168.34.46, host: pr-hdds-2347-fq45t-3280797939, networkLocation: /default-rack, certSerialId: null} reports an CLOSED replica.
2019-10-24 13:27:21,332 [EventQueue-ContainerReportForContainerReportHandler] WARN  container.ContainerReportHandler (AbstractContainerReportHandler.java:updateContainerState(145)) - Container #1 is in OPEN state, but the datanode 01d98fa9-b286-41ba-84b0-dae26651fa1e{ip: 192.168.34.46, host: pr-hdds-2347-fq45t-3280797939, networkLocation: /default-rack, certSerialId: null} reports an CLOSED replica.
2019-10-24 13:27:21,449 [EventQueue-ContainerReportForContainerReportHandler] WARN  container.ContainerReportHandler (AbstractContainerReportHandler.java:updateContainerState(145)) - Container #1 is in OPEN state, but the datanode 40829da6-3885-407c-a088-456b651d4556{ip: 192.168.34.46, host: pr-hdds-2347-fq45t-3280797939, networkLocation: /default-rack, certSerialId: null} reports an CLOSED replica.
2019-10-24 13:27:21,649 [EventQueue-ContainerReportForContainerReportHandler] WARN  container.ContainerReportHandler (AbstractContainerReportHandler.java:updateContainerState(145)) - Container #1 is in OPEN state, but the datanode 40829da6-3885-407c-a088-456b651d4556{ip: 192.168.34.46, host: pr-hdds-2347-fq45t-3280797939, networkLocation: /default-rack, certSerialId: null} reports an CLOSED replica.
2019-10-24 13:27:21,732 [EventQueue-ContainerReportForContainerReportHandler] WARN  container.ContainerReportHandler (AbstractContainerReportHandler.java:updateContainerState(145)) - Container #1 is in OPEN state, but the datanode 01d98fa9-b286-41ba-84b0-dae26651fa1e{ip: 192.168.34.46, host: pr-hdds-2347-fq45t-3280797939, networkLocation: /default-rack, certSerialId: null} reports an CLOSED replica.
2019-10-24 13:27:21,767 [BlockDeletingService#2] WARN  background.BlockDeletingService (BlockDeletingService.java:isDeletionAllowed(187)) - Close Container log Index 6 is not replicated across allthe servers in the pipeline 400d0dd0-f848-4ed7-b117-7cfe476639a9 as the min replicated index is 4. Deletion is not allowed in this container yet.
2019-10-24 13:27:21,767 [BlockDeletingService#2] WARN  background.BlockDeletingService (BlockDeletingService.java:isDeletionAllowed(187)) - Close Container log Index 6 is not replicated across allthe servers in the pipeline 400d0dd0-f848-4ed7-b117-7cfe476639a9 as the min replicated index is 4. Deletion is not allowed in this container yet.
2019-10-24 13:27:21,949 [EventQueue-ContainerReportForContainerReportHandler] WARN  container.ContainerReportHandler (AbstractContainerReportHandler.java:updateContainerState(145)) - Container #1 is in OPEN state, but the datanode 40829da6-3885-407c-a088-456b651d4556{ip: 192.168.34.46, host: pr-hdds-2347-fq45t-3280797939, networkLocation: /default-rack, certSerialId: null} reports an CLOSED replica.
2019-10-24 13:27:22,033 [EventQueue-ContainerReportForContainerReportHandler] WARN  container.ContainerReportHandler (AbstractContainerReportHandler.java:updateContainerState(145)) - Container #1 is in OPEN state, but the datanode 01d98fa9-b286-41ba-84b0-dae26651fa1e{ip: 192.168.34.46, host: pr-hdds-2347-fq45t-3280797939, networkLocation: /default-rack, certSerialId: null} reports an CLOSED replica.
2019-10-24 13:27:22,333 [EventQueue-ContainerReportForContainerReportHandler] WARN  container.ContainerReportHandler (AbstractContainerReportHandler.java:updateContainerState(145)) - Container #1 is in OPEN state, but the datanode 01d98fa9-b286-41ba-84b0-dae26651fa1e{ip: 192.168.34.46, host: pr-hdds-2347-fq45t-3280797939, networkLocation: /default-rack, certSerialId: null} reports an CLOSED replica.
2019-10-24 13:27:22,338 [java.util.concurrent.ThreadPoolExecutor$Worker@7ba61e93[State = -1, empty queue]] WARN  server.GrpcLogAppender (GrpcLogAppender.java:timeoutAppendRequest(209)) - 40829da6-3885-407c-a088-456b651d4556@group-7CFE476639A9->6e90e31a-7849-4a98-b31c-06f2da08fbb3-GrpcLogAppender: appendEntries Timeout, request=40829da6-3885-407c-a088-456b651d4556->6e90e31a-7849-4a98-b31c-06f2da08fbb3#48-t2, previous=(t:2, i:10), leaderCommit=10, initializing? false, entries: <empty>
2019-10-24 13:27:22,349 [EventQueue-ContainerReportForContainerReportHandler] WARN  container.ContainerReportHandler (AbstractContainerReportHandler.java:updateContainerState(145)) - Container #1 is in OPEN state, but the datanode 40829da6-3885-407c-a088-456b651d4556{ip: 192.168.34.46, host: pr-hdds-2347-fq45t-3280797939, networkLocation: /default-rack, certSerialId: null} reports an CLOSED replica.
2019-10-24 13:27:22,633 [EventQueue-ContainerReportForContainerReportHandler] WARN  container.ContainerReportHandler (AbstractContainerReportHandler.java:updateContainerState(145)) - Container #1 is in OPEN state, but the datanode 01d98fa9-b286-41ba-84b0-dae26651fa1e{ip: 192.168.34.46, host: pr-hdds-2347-fq45t-3280797939, networkLocation: /default-rack, certSerialId: null} reports an CLOSED replica.
2019-10-24 13:27:22,650 [EventQueue-ContainerReportForContainerReportHandler] WARN  container.ContainerReportHandler (AbstractContainerReportHandler.java:updateContainerState(145)) - Container #1 is in OPEN state, but the datanode 40829da6-3885-407c-a088-456b651d4556{ip: 192.168.34.46, host: pr-hdds-2347-fq45t-3280797939, networkLocation: /default-rack, certSerialId: null} reports an CLOSED replica.
2019-10-24 13:27:22,769 [BlockDeletingService#2] WARN  background.BlockDeletingService (BlockDeletingService.java:isDeletionAllowed(187)) - Close Container log Index 6 is not replicated across allthe servers in the pipeline 400d0dd0-f848-4ed7-b117-7cfe476639a9 as the min replicated index is 4. Deletion is not allowed in this container yet.
2019-10-24 13:27:22,769 [BlockDeletingService#2] WARN  background.BlockDeletingService (BlockDeletingService.java:isDeletionAllowed(187)) - Close Container log Index 6 is not replicated across allthe servers in the pipeline 400d0dd0-f848-4ed7-b117-7cfe476639a9 as the min replicated index is 4. Deletion is not allowed in this container yet.
2019-10-24 13:27:22,933 [EventQueue-ContainerReportForContainerReportHandler] WARN  container.ContainerReportHandler (AbstractContainerReportHandler.java:updateContainerState(145)) - Container #1 is in OPEN state, but the datanode 01d98fa9-b286-41ba-84b0-dae26651fa1e{ip: 192.168.34.46, host: pr-hdds-2347-fq45t-3280797939, networkLocation: /default-rack, certSerialId: null} reports an CLOSED replica.
2019-10-24 13:27:22,950 [EventQueue-ContainerReportForContainerReportHandler] WARN  container.ContainerReportHandler (AbstractContainerReportHandler.java:updateContainerState(145)) - Container #1 is in OPEN state, but the datanode 40829da6-3885-407c-a088-456b651d4556{ip: 192.168.34.46, host: pr-hdds-2347-fq45t-3280797939, networkLocation: /default-rack, certSerialId: null} reports an CLOSED replica.
2019-10-24 13:27:23,133 [EventQueue-ContainerReportForContainerReportHandler] WARN  container.ContainerReportHandler (AbstractContainerReportHandler.java:updateContainerState(145)) - Container #1 is in OPEN state, but the datanode 01d98fa9-b286-41ba-84b0-dae26651fa1e{ip: 192.168.34.46, host: pr-hdds-2347-fq45t-3280797939, networkLocation: /default-rack, certSerialId: null} reports an CLOSED replica.
2019-10-24 13:27:23,250 [EventQueue-ContainerReportForContainerReportHandler] WARN  container.ContainerReportHandler (AbstractContainerReportHandler.java:updateContainerState(145)) - Container #1 is in OPEN state, but the datanode 40829da6-3885-407c-a088-456b651d4556{ip: 192.168.34.46, host: pr-hdds-2347-fq45t-3280797939, networkLocation: /default-rack, certSerialId: null} reports an CLOSED replica.
2019-10-24 13:27:23,433 [EventQueue-ContainerReportForContainerReportHandler] WARN  container.ContainerReportHandler (AbstractContainerReportHandler.java:updateContainerState(145)) - Container #1 is in OPEN state, but the datanode 01d98fa9-b286-41ba-84b0-dae26651fa1e{ip: 192.168.34.46, host: pr-hdds-2347-fq45t-3280797939, networkLocation: /default-rack, certSerialId: null} reports an CLOSED replica.
2019-10-24 13:27:23,550 [EventQueue-ContainerReportForContainerReportHandler] WARN  container.ContainerReportHandler (AbstractContainerReportHandler.java:updateContainerState(145)) - Container #1 is in OPEN state, but the datanode 40829da6-3885-407c-a088-456b651d4556{ip: 192.168.34.46, host: pr-hdds-2347-fq45t-3280797939, networkLocation: /default-rack, certSerialId: null} reports an CLOSED replica.
2019-10-24 13:27:23,633 [EventQueue-ContainerReportForContainerReportHandler] WARN  container.ContainerReportHandler (AbstractContainerReportHandler.java:updateContainerState(145)) - Container #1 is in OPEN state, but the datanode 01d98fa9-b286-41ba-84b0-dae26651fa1e{ip: 192.168.34.46, host: pr-hdds-2347-fq45t-3280797939, networkLocation: /default-rack, certSerialId: null} reports an CLOSED replica.
2019-10-24 13:27:23,770 [BlockDeletingService#2] WARN  background.BlockDeletingService (BlockDeletingService.java:isDeletionAllowed(187)) - Close Container log Index 6 is not replicated across allthe servers in the pipeline 400d0dd0-f848-4ed7-b117-7cfe476639a9 as the min replicated index is 4. Deletion is not allowed in this container yet.
2019-10-24 13:27:23,770 [BlockDeletingService#2] WARN  background.BlockDeletingService (BlockDeletingService.java:isDeletionAllowed(187)) - Close Container log Index 6 is not replicated across allthe servers in the pipeline 400d0dd0-f848-4ed7-b117-7cfe476639a9 as the min replicated index is 4. Deletion is not allowed in this container yet.
2019-10-24 13:27:23,952 [EventQueue-ContainerReportForContainerReportHandler] WARN  container.ContainerReportHandler (AbstractContainerReportHandler.java:updateContainerState(145)) - Container #1 is in OPEN state, but the datanode 40829da6-3885-407c-a088-456b651d4556{ip: 192.168.34.46, host: pr-hdds-2347-fq45t-3280797939, networkLocation: /default-rack, certSerialId: null} reports an CLOSED replica.
2019-10-24 13:27:24,033 [EventQueue-ContainerReportForContainerReportHandler] WARN  container.ContainerReportHandler (AbstractContainerReportHandler.java:updateContainerState(145)) - Container #1 is in OPEN state, but the datanode 01d98fa9-b286-41ba-84b0-dae26651fa1e{ip: 192.168.34.46, host: pr-hdds-2347-fq45t-3280797939, networkLocation: /default-rack, certSerialId: null} reports an CLOSED replica.
2019-10-24 13:27:24,234 [EventQueue-ContainerReportForContainerReportHandler] WARN  container.ContainerReportHandler (AbstractContainerReportHandler.java:updateContainerState(145)) - Container #1 is in OPEN state, but the datanode 01d98fa9-b286-41ba-84b0-dae26651fa1e{ip: 192.168.34.46, host: pr-hdds-2347-fq45t-3280797939, networkLocation: /default-rack, certSerialId: null} reports an CLOSED replica.
2019-10-24 13:27:24,252 [EventQueue-ContainerReportForContainerReportHandler] WARN  container.ContainerReportHandler (AbstractContainerReportHandler.java:updateContainerState(145)) - Container #1 is in OPEN state, but the datanode 40829da6-3885-407c-a088-456b651d4556{ip: 192.168.34.46, host: pr-hdds-2347-fq45t-3280797939, networkLocation: /default-rack, certSerialId: null} reports an CLOSED replica.
2019-10-24 13:27:24,452 [EventQueue-ContainerReportForContainerReportHandler] WARN  container.ContainerReportHandler (AbstractContainerReportHandler.java:updateContainerState(145)) - Container #1 is in OPEN state, but the datanode 40829da6-3885-407c-a088-456b651d4556{ip: 192.168.34.46, host: pr-hdds-2347-fq45t-3280797939, networkLocation: /default-rack, certSerialId: null} reports an CLOSED replica.
2019-10-24 13:27:24,633 [EventQueue-ContainerReportForContainerReportHandler] WARN  container.ContainerReportHandler (AbstractContainerReportHandler.java:updateContainerState(145)) - Container #1 is in OPEN state, but the datanode 01d98fa9-b286-41ba-84b0-dae26651fa1e{ip: 192.168.34.46, host: pr-hdds-2347-fq45t-3280797939, networkLocation: /default-rack, certSerialId: null} reports an CLOSED replica.
2019-10-24 13:27:24,772 [BlockDeletingService#2] WARN  background.BlockDeletingService (BlockDeletingService.java:isDeletionAllowed(187)) - Close Container log Index 6 is not replicated across allthe servers in the pipeline 400d0dd0-f848-4ed7-b117-7cfe476639a9 as the min replicated index is 4. Deletion is not allowed in this container yet.
2019-10-24 13:27:24,772 [BlockDeletingService#2] WARN  background.BlockDeletingService (BlockDeletingService.java:isDeletionAllowed(187)) - Close Container log Index 6 is not replicated across allthe servers in the pipeline 400d0dd0-f848-4ed7-b117-7cfe476639a9 as the min replicated index is 4. Deletion is not allowed in this container yet.
2019-10-24 13:27:24,839 [java.util.concurrent.ThreadPoolExecutor$Worker@7ba61e93[State = -1, empty queue]] WARN  server.GrpcLogAppender (GrpcLogAppender.java:timeoutAppendRequest(209)) - 40829da6-3885-407c-a088-456b651d4556@group-7CFE476639A9->6e90e31a-7849-4a98-b31c-06f2da08fbb3-GrpcLogAppender: appendEntries Timeout, request=40829da6-3885-407c-a088-456b651d4556->6e90e31a-7849-4a98-b31c-06f2da08fbb3#49-t2, previous=(t:2, i:10), leaderCommit=10, initializing? false, entries: <empty>
2019-10-24 13:27:24,852 [EventQueue-ContainerReportForContainerReportHandler] WARN  container.ContainerReportHandler (AbstractContainerReportHandler.java:updateContainerState(145)) - Container #1 is in OPEN state, but the datanode 40829da6-3885-407c-a088-456b651d4556{ip: 192.168.34.46, host: pr-hdds-2347-fq45t-3280797939, networkLocation: /default-rack, certSerialId: null} reports an CLOSED replica.
2019-10-24 13:27:25,034 [EventQueue-ContainerReportForContainerReportHandler] WARN  container.ContainerReportHandler (AbstractContainerReportHandler.java:updateContainerState(145)) - Container #1 is in OPEN state, but the datanode 01d98fa9-b286-41ba-84b0-dae26651fa1e{ip: 192.168.34.46, host: pr-hdds-2347-fq45t-3280797939, networkLocation: /default-rack, certSerialId: null} reports an CLOSED replica.
2019-10-24 13:27:25,152 [EventQueue-ContainerReportForContainerReportHandler] WARN  container.ContainerReportHandler (AbstractContainerReportHandler.java:updateContainerState(145)) - Container #1 is in OPEN state, but the datanode 40829da6-3885-407c-a088-456b651d4556{ip: 192.168.34.46, host: pr-hdds-2347-fq45t-3280797939, networkLocation: /default-rack, certSerialId: null} reports an CLOSED replica.
2019-10-24 13:27:25,336 [EventQueue-ContainerReportForContainerReportHandler] WARN  container.ContainerReportHandler (AbstractContainerReportHandler.java:updateContainerState(145)) - Container #1 is in OPEN state, but the datanode 01d98fa9-b286-41ba-84b0-dae26651fa1e{ip: 192.168.34.46, host: pr-hdds-2347-fq45t-3280797939, networkLocation: /default-rack, certSerialId: null} reports an CLOSED replica.
2019-10-24 13:27:25,553 [EventQueue-ContainerReportForContainerReportHandler] WARN  container.ContainerReportHandler (AbstractContainerReportHandler.java:updateContainerState(145)) - Container #1 is in OPEN state, but the datanode 40829da6-3885-407c-a088-456b651d4556{ip: 192.168.34.46, host: pr-hdds-2347-fq45t-3280797939, networkLocation: /default-rack, certSerialId: null} reports an CLOSED replica.
2019-10-24 13:27:25,636 [EventQueue-ContainerReportForContainerReportHandler] WARN  container.ContainerReportHandler (AbstractContainerReportHandler.java:updateContainerState(145)) - Container #1 is in OPEN state, but the datanode 01d98fa9-b286-41ba-84b0-dae26651fa1e{ip: 192.168.34.46, host: pr-hdds-2347-fq45t-3280797939, networkLocation: /default-rack, certSerialId: null} reports an CLOSED replica.
2019-10-24 13:27:25,773 [BlockDeletingService#2] WARN  background.BlockDeletingService (BlockDeletingService.java:isDeletionAllowed(187)) - Close Container log Index 6 is not replicated across allthe servers in the pipeline 400d0dd0-f848-4ed7-b117-7cfe476639a9 as the min replicated index is 4. Deletion is not allowed in this container yet.
2019-10-24 13:27:25,773 [BlockDeletingService#2] WARN  background.BlockDeletingService (BlockDeletingService.java:isDeletionAllowed(187)) - Close Container log Index 6 is not replicated across allthe servers in the pipeline 400d0dd0-f848-4ed7-b117-7cfe476639a9 as the min replicated index is 4. Deletion is not allowed in this container yet.
2019-10-24 13:27:25,855 [EventQueue-ContainerReportForContainerReportHandler] WARN  container.ContainerReportHandler (AbstractContainerReportHandler.java:updateContainerState(145)) - Container #1 is in OPEN state, but the datanode 40829da6-3885-407c-a088-456b651d4556{ip: 192.168.34.46, host: pr-hdds-2347-fq45t-3280797939, networkLocation: /default-rack, certSerialId: null} reports an CLOSED replica.
2019-10-24 13:27:25,937 [EventQueue-ContainerReportForContainerReportHandler] WARN  container.ContainerReportHandler (AbstractContainerReportHandler.java:updateContainerState(145)) - Container #1 is in OPEN state, but the datanode 01d98fa9-b286-41ba-84b0-dae26651fa1e{ip: 192.168.34.46, host: pr-hdds-2347-fq45t-3280797939, networkLocation: /default-rack, certSerialId: null} reports an CLOSED replica.
2019-10-24 13:27:26,056 [EventQueue-ContainerReportForContainerReportHandler] WARN  container.ContainerReportHandler (AbstractContainerReportHandler.java:updateContainerState(145)) - Container #1 is in OPEN state, but the datanode 40829da6-3885-407c-a088-456b651d4556{ip: 192.168.34.46, host: pr-hdds-2347-fq45t-3280797939, networkLocation: /default-rack, certSerialId: null} reports an CLOSED replica.
2019-10-24 13:27:26,237 [EventQueue-ContainerReportForContainerReportHandler] WARN  container.ContainerReportHandler (AbstractContainerReportHandler.java:updateContainerState(145)) - Container #1 is in OPEN state, but the datanode 01d98fa9-b286-41ba-84b0-dae26651fa1e{ip: 192.168.34.46, host: pr-hdds-2347-fq45t-3280797939, networkLocation: /default-rack, certSerialId: null} reports an CLOSED replica.
2019-10-24 13:27:26,355 [EventQueue-ContainerReportForContainerReportHandler] WARN  container.ContainerReportHandler (AbstractContainerReportHandler.java:updateContainerState(145)) - Container #1 is in OPEN state, but the datanode 40829da6-3885-407c-a088-456b651d4556{ip: 192.168.34.46, host: pr-hdds-2347-fq45t-3280797939, networkLocation: /default-rack, certSerialId: null} reports an CLOSED replica.
2019-10-24 13:27:26,437 [EventQueue-ContainerReportForContainerReportHandler] WARN  container.ContainerReportHandler (AbstractContainerReportHandler.java:updateContainerState(145)) - Container #1 is in OPEN state, but the datanode 01d98fa9-b286-41ba-84b0-dae26651fa1e{ip: 192.168.34.46, host: pr-hdds-2347-fq45t-3280797939, networkLocation: /default-rack, certSerialId: null} reports an CLOSED replica.
2019-10-24 13:27:26,456 [EventQueue-StaleNodeForStaleNodeHandler] INFO  node.StaleNodeHandler (StaleNodeHandler.java:onMessage(58)) - Datanode 6e90e31a-7849-4a98-b31c-06f2da08fbb3{ip: 192.168.34.46, host: pr-hdds-2347-fq45t-3280797939, networkLocation: /default-rack, certSerialId: null} moved to stale state. Finalizing its pipelines [PipelineID=811ace29-6efa-4aa4-99f3-bfd5c1da76d3, PipelineID=400d0dd0-f848-4ed7-b117-7cfe476639a9]
2019-10-24 13:27:26,457 [EventQueue-StaleNodeForStaleNodeHandler] INFO  pipeline.SCMPipelineManager (SCMPipelineManager.java:finalizeAndDestroyPipeline(315)) - destroying pipeline:Pipeline[ Id: 811ace29-6efa-4aa4-99f3-bfd5c1da76d3, Nodes: 6e90e31a-7849-4a98-b31c-06f2da08fbb3{ip: 192.168.34.46, host: pr-hdds-2347-fq45t-3280797939, networkLocation: /default-rack, certSerialId: null}, Type:RATIS, Factor:ONE, State:OPEN]
2019-10-24 13:27:26,459 [EventQueue-StaleNodeForStaleNodeHandler] INFO  pipeline.PipelineStateManager (PipelineStateManager.java:finalizePipeline(123)) - Pipeline Pipeline[ Id: 811ace29-6efa-4aa4-99f3-bfd5c1da76d3, Nodes: 6e90e31a-7849-4a98-b31c-06f2da08fbb3{ip: 192.168.34.46, host: pr-hdds-2347-fq45t-3280797939, networkLocation: /default-rack, certSerialId: null}, Type:RATIS, Factor:ONE, State:CLOSED] moved to CLOSED state
2019-10-24 13:27:26,460 [EventQueue-StaleNodeForStaleNodeHandler] INFO  pipeline.SCMPipelineManager (SCMPipelineManager.java:finalizeAndDestroyPipeline(315)) - destroying pipeline:Pipeline[ Id: 400d0dd0-f848-4ed7-b117-7cfe476639a9, Nodes: 01d98fa9-b286-41ba-84b0-dae26651fa1e{ip: 192.168.34.46, host: pr-hdds-2347-fq45t-3280797939, networkLocation: /default-rack, certSerialId: null}40829da6-3885-407c-a088-456b651d4556{ip: 192.168.34.46, host: pr-hdds-2347-fq45t-3280797939, networkLocation: /default-rack, certSerialId: null}6e90e31a-7849-4a98-b31c-06f2da08fbb3{ip: 192.168.34.46, host: pr-hdds-2347-fq45t-3280797939, networkLocation: /default-rack, certSerialId: null}, Type:RATIS, Factor:THREE, State:OPEN]
2019-10-24 13:27:26,461 [EventQueue-StaleNodeForStaleNodeHandler] INFO  pipeline.PipelineStateManager (PipelineStateManager.java:finalizePipeline(123)) - Pipeline Pipeline[ Id: 400d0dd0-f848-4ed7-b117-7cfe476639a9, Nodes: 01d98fa9-b286-41ba-84b0-dae26651fa1e{ip: 192.168.34.46, host: pr-hdds-2347-fq45t-3280797939, networkLocation: /default-rack, certSerialId: null}40829da6-3885-407c-a088-456b651d4556{ip: 192.168.34.46, host: pr-hdds-2347-fq45t-3280797939, networkLocation: /default-rack, certSerialId: null}6e90e31a-7849-4a98-b31c-06f2da08fbb3{ip: 192.168.34.46, host: pr-hdds-2347-fq45t-3280797939, networkLocation: /default-rack, certSerialId: null}, Type:RATIS, Factor:THREE, State:CLOSED] moved to CLOSED state
2019-10-24 13:27:26,461 [EventQueue-CloseContainerForCloseContainerEventHandler] INFO  container.CloseContainerEventHandler (CloseContainerEventHandler.java:onMessage(61)) - Close container Event triggered for container : #1
2019-10-24 13:27:26,655 [EventQueue-ContainerReportForContainerReportHandler] INFO  container.ContainerReportHandler (AbstractContainerReportHandler.java:updateContainerState(178)) - Moving container #1 to CLOSED state, datanode 40829da6-3885-407c-a088-456b651d4556{ip: 192.168.34.46, host: pr-hdds-2347-fq45t-3280797939, networkLocation: /default-rack, certSerialId: null} reported CLOSED replica.
2019-10-24 13:27:26,775 [BlockDeletingService#2] WARN  background.BlockDeletingService (BlockDeletingService.java:isDeletionAllowed(187)) - Close Container log Index 6 is not replicated across allthe servers in the pipeline 400d0dd0-f848-4ed7-b117-7cfe476639a9 as the min replicated index is 4. Deletion is not allowed in this container yet.
2019-10-24 13:27:26,775 [BlockDeletingService#2] WARN  background.BlockDeletingService (BlockDeletingService.java:isDeletionAllowed(187)) - Close Container log Index 6 is not replicated across allthe servers in the pipeline 400d0dd0-f848-4ed7-b117-7cfe476639a9 as the min replicated index is 4. Deletion is not allowed in this container yet.
2019-10-24 13:27:27,053 [SCMBlockDeletingService#1] INFO  block.SCMBlockDeletingService (SCMBlockDeletingService.java:call(184)) - Totally added 3 delete blocks command for 3 datanodes, task elapsed time: 6ms
2019-10-24 13:27:27,139 [EventQueue-PendingDeleteStatusForPendingDeleteHandler] INFO  block.SCMBlockDeletingService (SCMBlockDeletingService.java:handlePendingDeletes(115)) - Block deletion txnID mismatch in datanode 01d98fa9-b286-41ba-84b0-dae26651fa1e for containerID 1. Datanode delete txnID: 0, SCM txnID: 1
2019-10-24 13:27:27,339 [java.util.concurrent.ThreadPoolExecutor$Worker@7ba61e93[State = -1, empty queue]] WARN  server.GrpcLogAppender (GrpcLogAppender.java:timeoutAppendRequest(209)) - 40829da6-3885-407c-a088-456b651d4556@group-7CFE476639A9->6e90e31a-7849-4a98-b31c-06f2da08fbb3-GrpcLogAppender: appendEntries Timeout, request=40829da6-3885-407c-a088-456b651d4556->6e90e31a-7849-4a98-b31c-06f2da08fbb3#50-t2, previous=(t:2, i:10), leaderCommit=10, initializing? false, entries: <empty>
2019-10-24 13:27:27,356 [EventQueue-PendingDeleteStatusForPendingDeleteHandler] INFO  block.SCMBlockDeletingService (SCMBlockDeletingService.java:handlePendingDeletes(115)) - Block deletion txnID mismatch in datanode 40829da6-3885-407c-a088-456b651d4556 for containerID 1. Datanode delete txnID: 0, SCM txnID: 1
2019-10-24 13:27:27,438 [EventQueue-PendingDeleteStatusForPendingDeleteHandler] INFO  block.SCMBlockDeletingService (SCMBlockDeletingService.java:handlePendingDeletes(115)) - Block deletion txnID mismatch in datanode 01d98fa9-b286-41ba-84b0-dae26651fa1e for containerID 1. Datanode delete txnID: 0, SCM txnID: 1
2019-10-24 13:27:27,540 [Command processor thread] INFO  commandhandler.DeleteBlocksCommandHandler (DeleteBlocksCommandHandler.java:handle(106)) - Start to delete container blocks, TXIDs=[1(0)], numOfContainers=1, numOfBlocks=1
2019-10-24 13:27:27,656 [EventQueue-PendingDeleteStatusForPendingDeleteHandler] INFO  block.SCMBlockDeletingService (SCMBlockDeletingService.java:handlePendingDeletes(115)) - Block deletion txnID mismatch in datanode 40829da6-3885-407c-a088-456b651d4556 for containerID 1. Datanode delete txnID: 0, SCM txnID: 1
2019-10-24 13:27:27,777 [BlockDeletingService#2] WARN  background.BlockDeletingService (BlockDeletingService.java:isDeletionAllowed(187)) - Close Container log Index 6 is not replicated across allthe servers in the pipeline 400d0dd0-f848-4ed7-b117-7cfe476639a9 as the min replicated index is 4. Deletion is not allowed in this container yet.
2019-10-24 13:27:27,777 [BlockDeletingService#2] WARN  background.BlockDeletingService (BlockDeletingService.java:isDeletionAllowed(187)) - Close Container log Index 6 is not replicated across allthe servers in the pipeline 400d0dd0-f848-4ed7-b117-7cfe476639a9 as the min replicated index is 4. Deletion is not allowed in this container yet.
2019-10-24 13:27:27,856 [EventQueue-PendingDeleteStatusForPendingDeleteHandler] INFO  block.SCMBlockDeletingService (SCMBlockDeletingService.java:handlePendingDeletes(115)) - Block deletion txnID mismatch in datanode 40829da6-3885-407c-a088-456b651d4556 for containerID 1. Datanode delete txnID: 0, SCM txnID: 1
2019-10-24 13:27:27,955 [Command processor thread] INFO  commandhandler.DeleteBlocksCommandHandler (DeleteBlocksCommandHandler.java:handle(106)) - Start to delete container blocks, TXIDs=[1(0)], numOfContainers=1, numOfBlocks=1
2019-10-24 13:27:27,985 [Thread-554] INFO  client.GrpcClientProtocolService (GrpcClientProtocolService.java:lambda$processClientRequest$0(279)) - Failed RaftClientRequest:client-180CB693DB15->01d98fa9-b286-41ba-84b0-dae26651fa1e@group-7CFE476639A9, cid=10, seq=0, Watch-ALL_COMMITTED(6), Message:<EMPTY>, reply=RaftClientReply:client-180CB693DB15->01d98fa9-b286-41ba-84b0-dae26651fa1e@group-7CFE476639A9, cid=10, FAILED org.apache.ratis.protocol.NotLeaderException: Server 01d98fa9-b286-41ba-84b0-dae26651fa1e@group-7CFE476639A9 is not the leader 40829da6-3885-407c-a088-456b651d4556:192.168.34.46:34308, logIndex=0, commits[01d98fa9-b286-41ba-84b0-dae26651fa1e:c10, 6e90e31a-7849-4a98-b31c-06f2da08fbb3:c4, 40829da6-3885-407c-a088-456b651d4556:c10]
2019-10-24 13:27:28,055 [SCMBlockDeletingService#1] INFO  block.SCMBlockDeletingService (SCMBlockDeletingService.java:call(184)) - Totally added 2 delete blocks command for 2 datanodes, task elapsed time: 1ms
2019-10-24 13:27:28,056 [EventQueue-DeleteBlockStatusForEventWatcher$$Lambda$29/1632413663] WARN  events.EventWatcher (EventWatcher.java:lambda$start$0(110)) - Completion event without active lease. Id=1571923647053
2019-10-24 13:27:28,057 [pool-7-thread-1] INFO  commands.RetriableDatanodeEventWatcher (RetriableDatanodeEventWatcher.java:onTimeout(47)) - RetriableDatanodeCommand type=deleteBlocksCommand with id=1571923647054 timed out. Retrying.
2019-10-24 13:27:28,057 [pool-7-thread-2] INFO  commands.RetriableDatanodeEventWatcher (RetriableDatanodeEventWatcher.java:onTimeout(47)) - RetriableDatanodeCommand type=deleteBlocksCommand with id=1571923647053 timed out. Retrying.
2019-10-24 13:27:28,438 [main] INFO  impl.MetricsSystemImpl (MetricsSystemImpl.java:init(158)) - HddsDatanode metrics system started (again)
2019-10-24 13:27:28,484 [main] INFO  ozone.HddsDatanodeService (HddsDatanodeService.java:start(184)) - HddsDatanodeService host:pr-hdds-2347-fq45t-3280797939 ip:192.168.34.46
2019-10-24 13:27:28,488 [main] INFO  volume.VolumeUsage (VolumeUsage.java:loadScmUsed(144)) - Cached ScmUsed found for /workdir/hadoop-ozone/integration-test/target/test-dir/MiniOzoneClusterImpl-31b5e583-27d6-476b-b511-7b0983ad9e8c/datanode-1/data/containers : 4096 
2019-10-24 13:27:28,488 [main] INFO  volume.HddsVolume (HddsVolume.java:<init>(176)) - Creating Volume: /workdir/hadoop-ozone/integration-test/target/test-dir/MiniOzoneClusterImpl-31b5e583-27d6-476b-b511-7b0983ad9e8c/datanode-1/data/containers/hdds of  storage type : DISK and capacity : 1482555576320
2019-10-24 13:27:28,489 [main] INFO  volume.VolumeSet (VolumeSet.java:initializeVolumeSet(170)) - Added Volume : /workdir/hadoop-ozone/integration-test/target/test-dir/MiniOzoneClusterImpl-31b5e583-27d6-476b-b511-7b0983ad9e8c/datanode-1/data/containers/hdds to VolumeSet
2019-10-24 13:27:28,489 [main] INFO  volume.ThrottledAsyncChecker (ThrottledAsyncChecker.java:schedule(141)) - Scheduling a check for /workdir/hadoop-ozone/integration-test/target/test-dir/MiniOzoneClusterImpl-31b5e583-27d6-476b-b511-7b0983ad9e8c/datanode-1/data/containers/hdds
2019-10-24 13:27:28,490 [main] INFO  volume.HddsVolumeChecker (HddsVolumeChecker.java:checkAllVolumes(204)) - Scheduled health check for volume /workdir/hadoop-ozone/integration-test/target/test-dir/MiniOzoneClusterImpl-31b5e583-27d6-476b-b511-7b0983ad9e8c/datanode-1/data/containers/hdds
2019-10-24 13:27:28,536 [main] INFO  impl.RaftServerProxy (ConfUtils.java:logGet(43)) - raft.rpc.type = GRPC (default)
2019-10-24 13:27:28,536 [main] INFO  grpc.GrpcFactory (GrpcFactory.java:checkPooledByteBufAllocatorUseCacheForAllThreads(45)) - PERFORMANCE WARNING: useCacheForAllThreads is true that may cause Netty to create a lot garbage objects and, as a result, trigger GC.
	It is recommended to disable useCacheForAllThreads by setting -Dorg.apache.ratis.thirdparty.io.netty.allocator.useCacheForAllThreads=false in command line.
2019-10-24 13:27:28,537 [main] INFO  grpc.GrpcConfigKeys$Server (ConfUtils.java:logGet(43)) - raft.grpc.server.port = 35359 (custom)
2019-10-24 13:27:28,538 [main] INFO  server.GrpcService (ConfUtils.java:logGet(43)) - raft.grpc.message.size.max = 33570816 (custom)
2019-10-24 13:27:28,538 [main] INFO  server.RaftServerConfigKeys (ConfUtils.java:logGet(43)) - raft.server.log.appender.buffer.byte-limit = 33554432 (custom)
2019-10-24 13:27:28,538 [main] INFO  server.GrpcService (ConfUtils.java:logGet(43)) - raft.grpc.flow.control.window = 1MB (=1048576) (default)
2019-10-24 13:27:28,538 [main] INFO  server.RaftServerConfigKeys (ConfUtils.java:logGet(43)) - raft.server.rpc.request.timeout = 3000ms (default)
2019-10-24 13:27:28,539 [main] INFO  server.RaftServerConfigKeys (ConfUtils.java:logGet(43)) - raft.server.storage.dir = [/workdir/hadoop-ozone/integration-test/target/test-dir/MiniOzoneClusterImpl-31b5e583-27d6-476b-b511-7b0983ad9e8c/datanode-1/data/ratis] (custom)
2019-10-24 13:27:28,539 [main] INFO  impl.RaftServerProxy (RaftServerProxy.java:lambda$null$0(191)) - 6e90e31a-7849-4a98-b31c-06f2da08fbb3: found a subdirectory /workdir/hadoop-ozone/integration-test/target/test-dir/MiniOzoneClusterImpl-31b5e583-27d6-476b-b511-7b0983ad9e8c/datanode-1/data/ratis/811ace29-6efa-4aa4-99f3-bfd5c1da76d3
2019-10-24 13:27:28,540 [main] INFO  impl.RaftServerProxy (RaftServerProxy.java:addNew(89)) - 6e90e31a-7849-4a98-b31c-06f2da08fbb3: addNew group-BFD5C1DA76D3:[] returns group-BFD5C1DA76D3:java.util.concurrent.CompletableFuture@d2291de[Not completed]
2019-10-24 13:27:28,540 [main] INFO  impl.RaftServerProxy (RaftServerProxy.java:lambda$null$0(191)) - 6e90e31a-7849-4a98-b31c-06f2da08fbb3: found a subdirectory /workdir/hadoop-ozone/integration-test/target/test-dir/MiniOzoneClusterImpl-31b5e583-27d6-476b-b511-7b0983ad9e8c/datanode-1/data/ratis/400d0dd0-f848-4ed7-b117-7cfe476639a9
2019-10-24 13:27:28,541 [main] INFO  impl.RaftServerProxy (RaftServerProxy.java:addNew(89)) - 6e90e31a-7849-4a98-b31c-06f2da08fbb3: addNew group-7CFE476639A9:[] returns group-7CFE476639A9:java.util.concurrent.CompletableFuture@51c8f62c[Not completed]
2019-10-24 13:27:28,542 [main] INFO  hdfs.DFSUtil (DFSUtil.java:httpServerTemplateForNNAndJN(1641)) - Starting Web-server for hddsDatanode at: http://0.0.0.0:42361
2019-10-24 13:27:28,547 [pool-59-thread-1] INFO  impl.RaftServerImpl (RaftServerImpl.java:<init>(98)) - 6e90e31a-7849-4a98-b31c-06f2da08fbb3: new RaftServerImpl for group-BFD5C1DA76D3:[] with ContainerStateMachine:uninitialized
2019-10-24 13:27:28,547 [pool-59-thread-1] INFO  server.RaftServerConfigKeys (ConfUtils.java:logGet(43)) - raft.server.rpc.timeout.min = 5s (custom)
2019-10-24 13:27:28,547 [pool-59-thread-1] INFO  server.RaftServerConfigKeys (ConfUtils.java:logGet(43)) - raft.server.rpc.timeout.max = 5200ms (custom)
2019-10-24 13:27:28,547 [pool-59-thread-1] INFO  server.RaftServerConfigKeys (ConfUtils.java:logGet(43)) - raft.server.rpcslowness.timeout = 1000s (custom)
2019-10-24 13:27:28,547 [pool-59-thread-1] INFO  server.RaftServerConfigKeys (ConfUtils.java:logGet(43)) - raft.server.sleep.deviation.threshold = 300 (default)
2019-10-24 13:27:28,548 [pool-59-thread-1] INFO  server.RaftServerConfigKeys (ConfUtils.java:logGet(43)) - raft.server.log.appender.install.snapshot.enabled = false (custom)
2019-10-24 13:27:28,548 [pool-59-thread-1] INFO  impl.RaftServerImpl (ServerState.java:<init>(103)) - 6e90e31a-7849-4a98-b31c-06f2da08fbb3@group-BFD5C1DA76D3: ConfigurationManager, init=-1: [], old=null, confs=<EMPTY_MAP>
2019-10-24 13:27:28,548 [pool-59-thread-1] INFO  server.RaftServerConfigKeys (ConfUtils.java:logGet(43)) - raft.server.storage.dir = [/workdir/hadoop-ozone/integration-test/target/test-dir/MiniOzoneClusterImpl-31b5e583-27d6-476b-b511-7b0983ad9e8c/datanode-1/data/ratis] (custom)
2019-10-24 13:27:28,548 [pool-59-thread-1] INFO  server.RaftServerConfigKeys (ConfUtils.java:logGet(43)) - raft.server.log.corruption.policy = EXCEPTION (default)
2019-10-24 13:27:28,549 [main] INFO  server.AuthenticationFilter (AuthenticationFilter.java:constructSecretProvider(240)) - Unable to initialize FileSignerSecretProvider, falling back to use random secrets.
2019-10-24 13:27:28,549 [main] WARN  http.HttpRequestLog (HttpRequestLog.java:getRequestLog(97)) - Jetty request log can only be enabled using Log4j
2019-10-24 13:27:28,551 [main] INFO  http.HttpServer2 (HttpServer2.java:addGlobalFilter(975)) - Added global filter 'safety' (class=org.apache.hadoop.http.HttpServer2$QuotingInputFilter)
2019-10-24 13:27:28,551 [main] INFO  http.HttpServer2 (HttpServer2.java:addFilter(948)) - Added filter static_user_filter (class=org.apache.hadoop.http.lib.StaticUserWebFilter$StaticUserFilter) to context hddsDatanode
2019-10-24 13:27:28,552 [main] INFO  http.HttpServer2 (HttpServer2.java:addFilter(958)) - Added filter static_user_filter (class=org.apache.hadoop.http.lib.StaticUserWebFilter$StaticUserFilter) to context static
2019-10-24 13:27:28,552 [main] INFO  http.HttpServer2 (HttpServer2.java:addFilter(958)) - Added filter static_user_filter (class=org.apache.hadoop.http.lib.StaticUserWebFilter$StaticUserFilter) to context logs
2019-10-24 13:27:28,553 [main] INFO  http.HttpServer2 (HttpServer2.java:bindListener(1191)) - Jetty bound to port 42361
2019-10-24 13:27:28,553 [main] INFO  server.Server (Server.java:doStart(351)) - jetty-9.3.25.v20180904, build timestamp: 2018-09-04T21:11:46Z, git hash: 3ce520221d0240229c862b122d2b06c12a625732
2019-10-24 13:27:28,554 [main] INFO  handler.ContextHandler (ContextHandler.java:doStart(781)) - Started o.e.j.s.ServletContextHandler@1fc713c9{/logs,file:///workdir/hadoop-ozone/integration-test/target/log,AVAILABLE}
2019-10-24 13:27:28,555 [main] INFO  handler.ContextHandler (ContextHandler.java:doStart(781)) - Started o.e.j.s.ServletContextHandler@76b47204{/static,jar:file:/home/user/.m2/repository/org/apache/hadoop/hadoop-hdds-container-service/0.5.0-SNAPSHOT/hadoop-hdds-container-service-0.5.0-SNAPSHOT.jar!/webapps/static,AVAILABLE}
2019-10-24 13:27:28,561 [pool-59-thread-1] INFO  storage.RaftStorageDirectory (RaftStorageDirectory.java:tryLock(328)) - Lock on /workdir/hadoop-ozone/integration-test/target/test-dir/MiniOzoneClusterImpl-31b5e583-27d6-476b-b511-7b0983ad9e8c/datanode-1/data/ratis/811ace29-6efa-4aa4-99f3-bfd5c1da76d3/in_use.lock acquired by nodename 17035@pr-hdds-2347-fq45t-3280797939
2019-10-24 13:27:28,562 [pool-59-thread-1] INFO  ratis.ContainerStateMachine (ContainerStateMachine.java:loadSnapshot(231)) - group-BFD5C1DA76D3: The snapshot info is null. Setting the last applied indexto:(t:0, i:~)
2019-10-24 13:27:28,563 [pool-59-thread-1] INFO  server.RaftServerConfigKeys (ConfUtils.java:logGet(43)) - raft.server.notification.no-leader.timeout = 1000s (custom)
2019-10-24 13:27:28,563 [pool-59-thread-1] INFO  server.RaftServerConfigKeys (ConfUtils.java:logGet(43)) - raft.server.log.use.memory = false (default)
2019-10-24 13:27:28,563 [pool-59-thread-1] INFO  server.RaftServerConfigKeys (ConfUtils.java:logGet(43)) - raft.server.log.purge.gap = 1000000 (custom)
2019-10-24 13:27:28,563 [pool-59-thread-1] INFO  server.RaftServerConfigKeys (ConfUtils.java:logGet(43)) - raft.server.log.appender.buffer.byte-limit = 33554432 (custom)
2019-10-24 13:27:28,563 [pool-59-thread-1] INFO  server.RaftServerConfigKeys (ConfUtils.java:logGet(43)) - raft.server.log.segment.size.max = 1048576 (custom)
2019-10-24 13:27:28,564 [pool-59-thread-1] INFO  server.RaftServerConfigKeys (ConfUtils.java:logGet(43)) - raft.server.log.segment.cache.num.max = 2 (custom)
2019-10-24 13:27:28,564 [pool-59-thread-1] INFO  segmented.SegmentedRaftLogWorker (SegmentedRaftLogWorker.java:<init>(173)) - new 6e90e31a-7849-4a98-b31c-06f2da08fbb3@group-BFD5C1DA76D3-SegmentedRaftLogWorker for RaftStorage:Storage Directory /workdir/hadoop-ozone/integration-test/target/test-dir/MiniOzoneClusterImpl-31b5e583-27d6-476b-b511-7b0983ad9e8c/datanode-1/data/ratis/811ace29-6efa-4aa4-99f3-bfd5c1da76d3
2019-10-24 13:27:28,564 [pool-59-thread-1] INFO  server.RaftServerConfigKeys (ConfUtils.java:logGet(43)) - raft.server.log.queue.byte-limit = 2147483647 (custom)
2019-10-24 13:27:28,564 [pool-59-thread-1] INFO  server.RaftServerConfigKeys (ConfUtils.java:logGet(43)) - raft.server.log.queue.element-limit = 1024 (custom)
2019-10-24 13:27:28,564 [pool-59-thread-1] INFO  server.RaftServerConfigKeys (ConfUtils.java:logGet(43)) - raft.server.log.segment.size.max = 1048576 (custom)
2019-10-24 13:27:28,565 [pool-59-thread-1] INFO  server.RaftServerConfigKeys (ConfUtils.java:logGet(43)) - raft.server.log.preallocated.size = 16384 (custom)
2019-10-24 13:27:28,565 [pool-59-thread-1] INFO  server.RaftServerConfigKeys (ConfUtils.java:logGet(43)) - raft.server.log.write.buffer.size = 33554432 (custom)
2019-10-24 13:27:28,565 [pool-59-thread-1] INFO  server.RaftServerConfigKeys (ConfUtils.java:logGet(43)) - raft.server.log.force.sync.num = 128 (default)
2019-10-24 13:27:28,565 [pool-59-thread-1] INFO  server.RaftServerConfigKeys (ConfUtils.java:logGet(43)) - raft.server.log.statemachine.data.sync = true (default)
2019-10-24 13:27:28,565 [pool-59-thread-1] INFO  server.RaftServerConfigKeys (ConfUtils.java:logGet(43)) - raft.server.log.statemachine.data.sync.timeout = 10s (default)
2019-10-24 13:27:28,565 [pool-59-thread-1] INFO  server.RaftServerConfigKeys (ConfUtils.java:logGet(43)) - raft.server.log.statemachine.data.sync.timeout.retry = -1 (default)
2019-10-24 13:27:28,566 [pool-59-thread-1] INFO  server.RaftServerConfigKeys (ConfUtils.java:logGet(43)) - raft.server.log.statemachine.data.caching.enabled = true (custom)
2019-10-24 13:27:28,574 [pool-59-thread-1] INFO  impl.RaftServerImpl (ServerState.java:setRaftConf(356)) - 6e90e31a-7849-4a98-b31c-06f2da08fbb3@group-BFD5C1DA76D3: set configuration 0: [6e90e31a-7849-4a98-b31c-06f2da08fbb3:192.168.34.46:35359], old=null at 0
2019-10-24 13:27:28,574 [pool-59-thread-1] INFO  segmented.LogSegment (LogSegment.java:loadSegment(140)) - Successfully read 1 entries from segment file /workdir/hadoop-ozone/integration-test/target/test-dir/MiniOzoneClusterImpl-31b5e583-27d6-476b-b511-7b0983ad9e8c/datanode-1/data/ratis/811ace29-6efa-4aa4-99f3-bfd5c1da76d3/current/log_inprogress_0
2019-10-24 13:27:28,575 [pool-59-thread-1] INFO  segmented.SegmentedRaftLogWorker (SegmentedRaftLogWorker.java:lambda$new$0(128)) - 6e90e31a-7849-4a98-b31c-06f2da08fbb3@group-BFD5C1DA76D3-SegmentedRaftLogWorker: flushIndex: setUnconditionally 0 -> 0
2019-10-24 13:27:28,585 [main] INFO  handler.ContextHandler (ContextHandler.java:doStart(781)) - Started o.e.j.w.WebAppContext@6e3ecf5c{/,file:///tmp/jetty-0.0.0.0-42361-hddsDatanode-_-any-2759359239801843113.dir/webapp/,AVAILABLE}{/hddsDatanode}
2019-10-24 13:27:28,586 [main] INFO  server.AbstractConnector (AbstractConnector.java:doStart(278)) - Started ServerConnector@67507df{HTTP/1.1,[http/1.1]}{0.0.0.0:42361}
2019-10-24 13:27:28,607 [main] INFO  server.Server (Server.java:doStart(419)) - Started @123588ms
2019-10-24 13:27:28,607 [main] WARN  impl.MetricsSystemImpl (MetricsSystemImpl.java:register(276)) - Sink prometheus already exists!
2019-10-24 13:27:28,607 [pool-59-thread-1] INFO  server.RaftServerConfigKeys (ConfUtils.java:logGet(43)) - raft.server.snapshot.auto.trigger.enabled = true (custom)
2019-10-24 13:27:28,608 [pool-59-thread-1] INFO  server.RaftServerConfigKeys (ConfUtils.java:logGet(43)) - raft.server.snapshot.auto.trigger.threshold = 10000 (custom)
2019-10-24 13:27:28,608 [pool-59-thread-1] INFO  server.RaftServerConfigKeys (ConfUtils.java:logGet(43)) - raft.server.snapshot.retention.file.num = 5 (custom)
2019-10-24 13:27:28,608 [pool-59-thread-1] INFO  server.RaftServerConfigKeys (ConfUtils.java:logGet(43)) - raft.server.retrycache.expirytime = 600000ms (custom)
2019-10-24 13:27:28,608 [main] INFO  server.BaseHttpServer (BaseHttpServer.java:updateConnectorAddress(215)) - HTTP server of HDDSDATANODE is listening at http://0.0.0.0:42361
2019-10-24 13:27:28,610 [org.apache.hadoop.util.JvmPauseMonitor$Monitor@5923beea] INFO  util.JvmPauseMonitor (JvmPauseMonitor.java:run(188)) - Starting JVM pause monitor
2019-10-24 13:27:28,611 [pool-59-thread-1] INFO  impl.RaftServerImpl (RaftServerImpl.java:<init>(98)) - 6e90e31a-7849-4a98-b31c-06f2da08fbb3: new RaftServerImpl for group-7CFE476639A9:[] with ContainerStateMachine:uninitialized
2019-10-24 13:27:28,611 [pool-59-thread-1] INFO  server.RaftServerConfigKeys (ConfUtils.java:logGet(43)) - raft.server.rpc.timeout.min = 5s (custom)
2019-10-24 13:27:28,611 [pool-59-thread-1] INFO  server.RaftServerConfigKeys (ConfUtils.java:logGet(43)) - raft.server.rpc.timeout.max = 5200ms (custom)
2019-10-24 13:27:28,612 [pool-59-thread-1] INFO  server.RaftServerConfigKeys (ConfUtils.java:logGet(43)) - raft.server.rpcslowness.timeout = 1000s (custom)
2019-10-24 13:27:28,612 [pool-59-thread-1] INFO  server.RaftServerConfigKeys (ConfUtils.java:logGet(43)) - raft.server.sleep.deviation.threshold = 300 (default)
2019-10-24 13:27:28,612 [pool-59-thread-1] INFO  server.RaftServerConfigKeys (ConfUtils.java:logGet(43)) - raft.server.log.appender.install.snapshot.enabled = false (custom)
2019-10-24 13:27:28,612 [pool-59-thread-1] INFO  impl.RaftServerImpl (ServerState.java:<init>(103)) - 6e90e31a-7849-4a98-b31c-06f2da08fbb3@group-7CFE476639A9: ConfigurationManager, init=-1: [], old=null, confs=<EMPTY_MAP>
2019-10-24 13:27:28,612 [pool-59-thread-1] INFO  server.RaftServerConfigKeys (ConfUtils.java:logGet(43)) - raft.server.storage.dir = [/workdir/hadoop-ozone/integration-test/target/test-dir/MiniOzoneClusterImpl-31b5e583-27d6-476b-b511-7b0983ad9e8c/datanode-1/data/ratis] (custom)
2019-10-24 13:27:28,612 [pool-59-thread-1] INFO  server.RaftServerConfigKeys (ConfUtils.java:logGet(43)) - raft.server.log.corruption.policy = EXCEPTION (default)
2019-10-24 13:27:28,625 [pool-59-thread-1] INFO  storage.RaftStorageDirectory (RaftStorageDirectory.java:tryLock(328)) - Lock on /workdir/hadoop-ozone/integration-test/target/test-dir/MiniOzoneClusterImpl-31b5e583-27d6-476b-b511-7b0983ad9e8c/datanode-1/data/ratis/400d0dd0-f848-4ed7-b117-7cfe476639a9/in_use.lock acquired by nodename 17035@pr-hdds-2347-fq45t-3280797939
2019-10-24 13:27:28,627 [pool-59-thread-1] INFO  ratis.ContainerStateMachine (ContainerStateMachine.java:loadSnapshot(240)) - group-7CFE476639A9: Setting the last applied index to (t:2, i:3)
2019-10-24 13:27:28,633 [pool-59-thread-1] INFO  impl.RaftServerImpl (ServerState.java:setRaftConf(356)) - 6e90e31a-7849-4a98-b31c-06f2da08fbb3@group-7CFE476639A9: set configuration 0: [6e90e31a-7849-4a98-b31c-06f2da08fbb3:192.168.34.46:35359, 40829da6-3885-407c-a088-456b651d4556:192.168.34.46:34308, 01d98fa9-b286-41ba-84b0-dae26651fa1e:192.168.34.46:39012], old=null at 0
2019-10-24 13:27:28,634 [pool-59-thread-1] INFO  server.RaftServerConfigKeys (ConfUtils.java:logGet(43)) - raft.server.notification.no-leader.timeout = 1000s (custom)
2019-10-24 13:27:28,634 [pool-59-thread-1] INFO  server.RaftServerConfigKeys (ConfUtils.java:logGet(43)) - raft.server.log.use.memory = false (default)
2019-10-24 13:27:28,634 [pool-59-thread-1] INFO  server.RaftServerConfigKeys (ConfUtils.java:logGet(43)) - raft.server.log.purge.gap = 1000000 (custom)
2019-10-24 13:27:28,634 [pool-59-thread-1] INFO  server.RaftServerConfigKeys (ConfUtils.java:logGet(43)) - raft.server.log.appender.buffer.byte-limit = 33554432 (custom)
2019-10-24 13:27:28,634 [pool-59-thread-1] INFO  server.RaftServerConfigKeys (ConfUtils.java:logGet(43)) - raft.server.log.segment.size.max = 1048576 (custom)
2019-10-24 13:27:28,634 [pool-59-thread-1] INFO  server.RaftServerConfigKeys (ConfUtils.java:logGet(43)) - raft.server.log.segment.cache.num.max = 2 (custom)
2019-10-24 13:27:28,634 [pool-59-thread-1] INFO  segmented.SegmentedRaftLogWorker (SegmentedRaftLogWorker.java:<init>(173)) - new 6e90e31a-7849-4a98-b31c-06f2da08fbb3@group-7CFE476639A9-SegmentedRaftLogWorker for RaftStorage:Storage Directory /workdir/hadoop-ozone/integration-test/target/test-dir/MiniOzoneClusterImpl-31b5e583-27d6-476b-b511-7b0983ad9e8c/datanode-1/data/ratis/400d0dd0-f848-4ed7-b117-7cfe476639a9
2019-10-24 13:27:28,634 [pool-59-thread-1] INFO  server.RaftServerConfigKeys (ConfUtils.java:logGet(43)) - raft.server.log.queue.byte-limit = 2147483647 (custom)
2019-10-24 13:27:28,635 [pool-59-thread-1] INFO  server.RaftServerConfigKeys (ConfUtils.java:logGet(43)) - raft.server.log.queue.element-limit = 1024 (custom)
2019-10-24 13:27:28,635 [pool-59-thread-1] INFO  server.RaftServerConfigKeys (ConfUtils.java:logGet(43)) - raft.server.log.segment.size.max = 1048576 (custom)
2019-10-24 13:27:28,635 [pool-59-thread-1] INFO  server.RaftServerConfigKeys (ConfUtils.java:logGet(43)) - raft.server.log.preallocated.size = 16384 (custom)
2019-10-24 13:27:28,635 [pool-59-thread-1] INFO  server.RaftServerConfigKeys (ConfUtils.java:logGet(43)) - raft.server.log.write.buffer.size = 33554432 (custom)
2019-10-24 13:27:28,635 [pool-59-thread-1] INFO  server.RaftServerConfigKeys (ConfUtils.java:logGet(43)) - raft.server.log.force.sync.num = 128 (default)
2019-10-24 13:27:28,635 [pool-59-thread-1] INFO  server.RaftServerConfigKeys (ConfUtils.java:logGet(43)) - raft.server.log.statemachine.data.sync = true (default)
2019-10-24 13:27:28,635 [pool-59-thread-1] INFO  server.RaftServerConfigKeys (ConfUtils.java:logGet(43)) - raft.server.log.statemachine.data.sync.timeout = 10s (default)
2019-10-24 13:27:28,635 [pool-59-thread-1] INFO  server.RaftServerConfigKeys (ConfUtils.java:logGet(43)) - raft.server.log.statemachine.data.sync.timeout.retry = -1 (default)
2019-10-24 13:27:28,636 [pool-59-thread-1] INFO  server.RaftServerConfigKeys (ConfUtils.java:logGet(43)) - raft.server.log.statemachine.data.caching.enabled = true (custom)
2019-10-24 13:27:28,636 [pool-59-thread-1] INFO  impl.RaftServerImpl (ServerState.java:setRaftConf(356)) - 6e90e31a-7849-4a98-b31c-06f2da08fbb3@group-7CFE476639A9: set configuration 0: [6e90e31a-7849-4a98-b31c-06f2da08fbb3:192.168.34.46:35359, 40829da6-3885-407c-a088-456b651d4556:192.168.34.46:34308, 01d98fa9-b286-41ba-84b0-dae26651fa1e:192.168.34.46:39012], old=null at 0
2019-10-24 13:27:28,637 [pool-59-thread-1] INFO  segmented.LogSegment (LogSegment.java:loadSegment(140)) - Successfully read 5 entries from segment file /workdir/hadoop-ozone/integration-test/target/test-dir/MiniOzoneClusterImpl-31b5e583-27d6-476b-b511-7b0983ad9e8c/datanode-1/data/ratis/400d0dd0-f848-4ed7-b117-7cfe476639a9/current/log_inprogress_0
2019-10-24 13:27:28,637 [pool-59-thread-1] INFO  segmented.SegmentedRaftLogWorker (SegmentedRaftLogWorker.java:lambda$new$0(128)) - 6e90e31a-7849-4a98-b31c-06f2da08fbb3@group-7CFE476639A9-SegmentedRaftLogWorker: flushIndex: setUnconditionally 0 -> 4
2019-10-24 13:27:28,665 [pool-59-thread-1] INFO  raftlog.RaftLog (RaftLog.java:lambda$new$0(61)) - 6e90e31a-7849-4a98-b31c-06f2da08fbb3@group-7CFE476639A9-SegmentedRaftLog: commitIndex: updateToMax old=3, new=3, updated? false
2019-10-24 13:27:28,666 [pool-59-thread-1] INFO  server.RaftServerConfigKeys (ConfUtils.java:logGet(43)) - raft.server.snapshot.auto.trigger.enabled = true (custom)
2019-10-24 13:27:28,666 [pool-59-thread-1] INFO  server.RaftServerConfigKeys (ConfUtils.java:logGet(43)) - raft.server.snapshot.auto.trigger.threshold = 10000 (custom)
2019-10-24 13:27:28,666 [pool-59-thread-1] INFO  server.RaftServerConfigKeys (ConfUtils.java:logGet(43)) - raft.server.snapshot.retention.file.num = 5 (custom)
2019-10-24 13:27:28,666 [pool-59-thread-1] INFO  server.RaftServerConfigKeys (ConfUtils.java:logGet(43)) - raft.server.retrycache.expirytime = 600000ms (custom)
2019-10-24 13:27:28,755 [Thread-571] INFO  client.GrpcClientProtocolService (GrpcClientProtocolService.java:lambda$processClientRequest$0(279)) - Failed RaftClientRequest:client-180CB693DB15->40829da6-3885-407c-a088-456b651d4556@group-7CFE476639A9, cid=10, seq=0, Watch-ALL_COMMITTED(6), Message:<EMPTY>, reply=RaftClientReply:client-180CB693DB15->40829da6-3885-407c-a088-456b651d4556@group-7CFE476639A9, cid=10, FAILED org.apache.ratis.protocol.NotReplicatedException: Request with call Id 10 and log index 6 is not yet replicated to ALL_COMMITTED, logIndex=6, commits[40829da6-3885-407c-a088-456b651d4556:c10, 6e90e31a-7849-4a98-b31c-06f2da08fbb3:c4, 01d98fa9-b286-41ba-84b0-dae26651fa1e:c10]
2019-10-24 13:27:28,778 [BlockDeletingService#2] WARN  background.BlockDeletingService (BlockDeletingService.java:isDeletionAllowed(187)) - Close Container log Index 6 is not replicated across allthe servers in the pipeline 400d0dd0-f848-4ed7-b117-7cfe476639a9 as the min replicated index is 4. Deletion is not allowed in this container yet.
2019-10-24 13:27:28,778 [BlockDeletingService#2] WARN  background.BlockDeletingService (BlockDeletingService.java:isDeletionAllowed(187)) - Close Container log Index 6 is not replicated across allthe servers in the pipeline 400d0dd0-f848-4ed7-b117-7cfe476639a9 as the min replicated index is 4. Deletion is not allowed in this container yet.
2019-10-24 13:27:29,055 [pool-7-thread-2] INFO  commands.RetriableDatanodeEventWatcher (RetriableDatanodeEventWatcher.java:onTimeout(47)) - RetriableDatanodeCommand type=deleteBlocksCommand with id=1571923647055 timed out. Retrying.
2019-10-24 13:27:29,055 [pool-7-thread-1] INFO  commands.RetriableDatanodeEventWatcher (RetriableDatanodeEventWatcher.java:onTimeout(47)) - RetriableDatanodeCommand type=deleteBlocksCommand with id=1571923647056 timed out. Retrying.
2019-10-24 13:27:29,055 [Command processor thread] INFO  commandhandler.DeleteBlocksCommandHandler (DeleteBlocksCommandHandler.java:handle(106)) - Start to delete container blocks, TXIDs=[1(2)], numOfContainers=1, numOfBlocks=1
2019-10-24 13:27:29,056 [Command processor thread] INFO  commandhandler.DeleteBlocksCommandHandler (DeleteBlocksCommandHandler.java:handle(106)) - Start to delete container blocks, TXIDs=[1(0)], numOfContainers=1, numOfBlocks=1
2019-10-24 13:27:29,056 [SCMBlockDeletingService#1] INFO  block.SCMBlockDeletingService (SCMBlockDeletingService.java:call(184)) - Totally added 1 delete blocks command for 1 datanodes, task elapsed time: 1ms
2019-10-24 13:27:29,057 [pool-7-thread-1] INFO  commands.RetriableDatanodeEventWatcher (RetriableDatanodeEventWatcher.java:onTimeout(47)) - RetriableDatanodeCommand type=deleteBlocksCommand with id=1571923647054 timed out. Retrying.
2019-10-24 13:27:29,058 [pool-7-thread-1] INFO  commands.RetriableDatanodeEventWatcher (RetriableDatanodeEventWatcher.java:onTimeout(47)) - RetriableDatanodeCommand type=deleteBlocksCommand with id=1571923647053 timed out. Retrying.
2019-10-24 13:27:29,780 [BlockDeletingService#2] WARN  background.BlockDeletingService (BlockDeletingService.java:isDeletionAllowed(187)) - Close Container log Index 6 is not replicated across allthe servers in the pipeline 400d0dd0-f848-4ed7-b117-7cfe476639a9 as the min replicated index is 4. Deletion is not allowed in this container yet.
2019-10-24 13:27:29,780 [BlockDeletingService#2] WARN  background.BlockDeletingService (BlockDeletingService.java:isDeletionAllowed(187)) - Close Container log Index 6 is not replicated across allthe servers in the pipeline 400d0dd0-f848-4ed7-b117-7cfe476639a9 as the min replicated index is 4. Deletion is not allowed in this container yet.
2019-10-24 13:27:29,840 [java.util.concurrent.ThreadPoolExecutor$Worker@7ba61e93[State = -1, empty queue]] WARN  server.GrpcLogAppender (GrpcLogAppender.java:timeoutAppendRequest(209)) - 40829da6-3885-407c-a088-456b651d4556@group-7CFE476639A9->6e90e31a-7849-4a98-b31c-06f2da08fbb3-GrpcLogAppender: appendEntries Timeout, request=40829da6-3885-407c-a088-456b651d4556->6e90e31a-7849-4a98-b31c-06f2da08fbb3#51-t2, previous=(t:2, i:10), leaderCommit=10, initializing? false, entries: <empty>
2019-10-24 13:27:30,056 [pool-7-thread-2] INFO  commands.RetriableDatanodeEventWatcher (RetriableDatanodeEventWatcher.java:onTimeout(47)) - RetriableDatanodeCommand type=deleteBlocksCommand with id=1571923647056 timed out. Retrying.
2019-10-24 13:27:30,057 [pool-7-thread-3] INFO  commands.RetriableDatanodeEventWatcher (RetriableDatanodeEventWatcher.java:onTimeout(47)) - RetriableDatanodeCommand type=deleteBlocksCommand with id=1571923647057 timed out. Retrying.
2019-10-24 13:27:30,057 [pool-7-thread-1] INFO  commands.RetriableDatanodeEventWatcher (RetriableDatanodeEventWatcher.java:onTimeout(47)) - RetriableDatanodeCommand type=deleteBlocksCommand with id=1571923647055 timed out. Retrying.
2019-10-24 13:27:30,057 [Command processor thread] INFO  commandhandler.DeleteBlocksCommandHandler (DeleteBlocksCommandHandler.java:handle(106)) - Start to delete container blocks, TXIDs=[1(2)], numOfContainers=1, numOfBlocks=1
2019-10-24 13:27:30,057 [pool-7-thread-1] INFO  commands.RetriableDatanodeEventWatcher (RetriableDatanodeEventWatcher.java:onTimeout(47)) - RetriableDatanodeCommand type=deleteBlocksCommand with id=1571923647054 timed out. Retrying.
2019-10-24 13:27:30,058 [Command processor thread] INFO  commandhandler.DeleteBlocksCommandHandler (DeleteBlocksCommandHandler.java:handle(106)) - Start to delete container blocks, TXIDs=[1(0)], numOfContainers=1, numOfBlocks=1
2019-10-24 13:27:30,058 [SCMBlockDeletingService#1] INFO  block.SCMBlockDeletingService (SCMBlockDeletingService.java:call(184)) - Totally added 1 delete blocks command for 1 datanodes, task elapsed time: 2ms
2019-10-24 13:27:30,059 [pool-7-thread-1] INFO  commands.RetriableDatanodeEventWatcher (RetriableDatanodeEventWatcher.java:onTimeout(47)) - RetriableDatanodeCommand type=deleteBlocksCommand with id=1571923647053 timed out. Retrying.
2019-10-24 13:27:30,612 [Datanode State Machine Thread - 0] INFO  ozoneimpl.OzoneContainer (OzoneContainer.java:start(213)) - Attempting to start container services.
2019-10-24 13:27:30,614 [Datanode State Machine Thread - 0] INFO  ozoneimpl.OzoneContainer (OzoneContainer.java:startContainerScrub(177)) - Background container scanner has been disabled.
2019-10-24 13:27:30,614 [Datanode State Machine Thread - 0] INFO  ratis.XceiverServerRatis (XceiverServerRatis.java:start(418)) - Starting XceiverServerRatis 6e90e31a-7849-4a98-b31c-06f2da08fbb3 at port 35359
2019-10-24 13:27:30,626 [Datanode State Machine Thread - 0] INFO  impl.RaftServerImpl (RaftServerImpl.java:start(184)) - 6e90e31a-7849-4a98-b31c-06f2da08fbb3@group-7CFE476639A9: start as a follower, conf=0: [6e90e31a-7849-4a98-b31c-06f2da08fbb3:192.168.34.46:35359, 40829da6-3885-407c-a088-456b651d4556:192.168.34.46:34308, 01d98fa9-b286-41ba-84b0-dae26651fa1e:192.168.34.46:39012], old=null
2019-10-24 13:27:30,627 [ForkJoinPool.commonPool-worker-1] INFO  impl.RaftServerImpl (RaftServerImpl.java:start(184)) - 6e90e31a-7849-4a98-b31c-06f2da08fbb3@group-BFD5C1DA76D3: start as a follower, conf=0: [6e90e31a-7849-4a98-b31c-06f2da08fbb3:192.168.34.46:35359], old=null
2019-10-24 13:27:30,627 [Datanode State Machine Thread - 0] INFO  impl.RaftServerImpl (RaftServerImpl.java:setRole(173)) - 6e90e31a-7849-4a98-b31c-06f2da08fbb3@group-7CFE476639A9: changes role from      null to FOLLOWER at term 2 for startAsFollower
2019-10-24 13:27:30,627 [ForkJoinPool.commonPool-worker-1] INFO  impl.RaftServerImpl (RaftServerImpl.java:setRole(173)) - 6e90e31a-7849-4a98-b31c-06f2da08fbb3@group-BFD5C1DA76D3: changes role from      null to FOLLOWER at term 1 for startAsFollower
2019-10-24 13:27:30,627 [Datanode State Machine Thread - 0] INFO  impl.RoleInfo (RoleInfo.java:updateAndGet(143)) - 6e90e31a-7849-4a98-b31c-06f2da08fbb3: start FollowerState
2019-10-24 13:27:30,628 [ForkJoinPool.commonPool-worker-1] INFO  impl.RoleInfo (RoleInfo.java:updateAndGet(143)) - 6e90e31a-7849-4a98-b31c-06f2da08fbb3: start FollowerState
2019-10-24 13:27:30,629 [ForkJoinPool.commonPool-worker-1] INFO  util.JmxRegister (JmxRegister.java:tryRegister(44)) - Successfully registered JMX Bean with object name Ratis:service=RaftServer,group=group-BFD5C1DA76D3,id=6e90e31a-7849-4a98-b31c-06f2da08fbb3
2019-10-24 13:27:30,629 [Datanode State Machine Thread - 0] INFO  util.JmxRegister (JmxRegister.java:tryRegister(44)) - Successfully registered JMX Bean with object name Ratis:service=RaftServer,group=group-7CFE476639A9,id=6e90e31a-7849-4a98-b31c-06f2da08fbb3
2019-10-24 13:27:30,631 [Datanode State Machine Thread - 0] INFO  impl.RaftServerProxy (RaftServerProxy.java:lambda$start$3(299)) - 6e90e31a-7849-4a98-b31c-06f2da08fbb3: start RPC server
2019-10-24 13:27:30,633 [Datanode State Machine Thread - 0] INFO  server.GrpcService (GrpcService.java:startImpl(158)) - 6e90e31a-7849-4a98-b31c-06f2da08fbb3: GrpcService started, listening on 0.0.0.0/0.0.0.0:35359
2019-10-24 13:27:30,782 [BlockDeletingService#2] WARN  background.BlockDeletingService (BlockDeletingService.java:isDeletionAllowed(187)) - Close Container log Index 6 is not replicated across allthe servers in the pipeline 400d0dd0-f848-4ed7-b117-7cfe476639a9 as the min replicated index is 4. Deletion is not allowed in this container yet.
2019-10-24 13:27:30,782 [BlockDeletingService#2] WARN  background.BlockDeletingService (BlockDeletingService.java:isDeletionAllowed(187)) - Close Container log Index 6 is not replicated across allthe servers in the pipeline 400d0dd0-f848-4ed7-b117-7cfe476639a9 as the min replicated index is 4. Deletion is not allowed in this container yet.
2019-10-24 13:27:31,058 [pool-7-thread-3] INFO  commands.RetriableDatanodeEventWatcher (RetriableDatanodeEventWatcher.java:onTimeout(47)) - RetriableDatanodeCommand type=deleteBlocksCommand with id=1571923647055 timed out. Retrying.
2019-10-24 13:27:31,058 [pool-7-thread-4] INFO  commands.RetriableDatanodeEventWatcher (RetriableDatanodeEventWatcher.java:onTimeout(47)) - RetriableDatanodeCommand type=deleteBlocksCommand with id=1571923647056 timed out. Retrying.
2019-10-24 13:27:31,058 [pool-7-thread-5] INFO  commands.RetriableDatanodeEventWatcher (RetriableDatanodeEventWatcher.java:onTimeout(47)) - RetriableDatanodeCommand type=deleteBlocksCommand with id=1571923647057 timed out. Retrying.
2019-10-24 13:27:31,058 [pool-7-thread-1] INFO  commands.RetriableDatanodeEventWatcher (RetriableDatanodeEventWatcher.java:onTimeout(47)) - RetriableDatanodeCommand type=deleteBlocksCommand with id=1571923647054 timed out. Retrying.
2019-10-24 13:27:31,059 [pool-7-thread-2] INFO  commands.RetriableDatanodeEventWatcher (RetriableDatanodeEventWatcher.java:onTimeout(47)) - RetriableDatanodeCommand type=deleteBlocksCommand with id=1571923647058 timed out. Retrying.
2019-10-24 13:27:31,059 [pool-7-thread-2] INFO  commands.RetriableDatanodeEventWatcher (RetriableDatanodeEventWatcher.java:onTimeout(47)) - RetriableDatanodeCommand type=deleteBlocksCommand with id=1571923647053 timed out. Retrying.
2019-10-24 13:27:31,060 [SCMBlockDeletingService#1] INFO  block.SCMBlockDeletingService (SCMBlockDeletingService.java:call(184)) - Totally added 1 delete blocks command for 1 datanodes, task elapsed time: 1ms
2019-10-24 13:27:31,158 [Command processor thread] INFO  commandhandler.DeleteBlocksCommandHandler (DeleteBlocksCommandHandler.java:handle(106)) - Start to delete container blocks, TXIDs=[1(2)], numOfContainers=1, numOfBlocks=1
2019-10-24 13:27:31,158 [Command processor thread] INFO  commandhandler.DeleteBlocksCommandHandler (DeleteBlocksCommandHandler.java:handle(106)) - Start to delete container blocks, TXIDs=[1(0)], numOfContainers=1, numOfBlocks=1
2019-10-24 13:27:31,158 [Command processor thread] INFO  commandhandler.DeleteBlocksCommandHandler (DeleteBlocksCommandHandler.java:handle(106)) - Start to delete container blocks, TXIDs=[1(2)], numOfContainers=1, numOfBlocks=1
2019-10-24 13:27:31,159 [Command processor thread] INFO  commandhandler.DeleteBlocksCommandHandler (DeleteBlocksCommandHandler.java:handle(106)) - Start to delete container blocks, TXIDs=[1(0)], numOfContainers=1, numOfBlocks=1
2019-10-24 13:27:31,783 [BlockDeletingService#2] WARN  background.BlockDeletingService (BlockDeletingService.java:isDeletionAllowed(187)) - Close Container log Index 6 is not replicated across allthe servers in the pipeline 400d0dd0-f848-4ed7-b117-7cfe476639a9 as the min replicated index is 4. Deletion is not allowed in this container yet.
2019-10-24 13:27:31,784 [BlockDeletingService#2] WARN  background.BlockDeletingService (BlockDeletingService.java:isDeletionAllowed(187)) - Close Container log Index 6 is not replicated across allthe servers in the pipeline 400d0dd0-f848-4ed7-b117-7cfe476639a9 as the min replicated index is 4. Deletion is not allowed in this container yet.
2019-10-24 13:27:32,060 [pool-7-thread-2] INFO  commands.RetriableDatanodeEventWatcher (RetriableDatanodeEventWatcher.java:onTimeout(47)) - RetriableDatanodeCommand type=deleteBlocksCommand with id=1571923647054 timed out. Retrying.
2019-10-24 13:27:32,060 [pool-7-thread-5] INFO  commands.RetriableDatanodeEventWatcher (RetriableDatanodeEventWatcher.java:onTimeout(47)) - RetriableDatanodeCommand type=deleteBlocksCommand with id=1571923647059 timed out. Retrying.
2019-10-24 13:27:32,061 [pool-7-thread-4] INFO  commands.RetriableDatanodeEventWatcher (RetriableDatanodeEventWatcher.java:onTimeout(47)) - RetriableDatanodeCommand type=deleteBlocksCommand with id=1571923647056 timed out. Retrying.
2019-10-24 13:27:32,061 [SCMBlockDeletingService#1] INFO  block.SCMBlockDeletingService (SCMBlockDeletingService.java:call(184)) - Totally added 1 delete blocks command for 1 datanodes, task elapsed time: 0ms
2019-10-24 13:27:32,061 [pool-7-thread-1] INFO  commands.RetriableDatanodeEventWatcher (RetriableDatanodeEventWatcher.java:onTimeout(47)) - RetriableDatanodeCommand type=deleteBlocksCommand with id=1571923647058 timed out. Retrying.
2019-10-24 13:27:32,061 [pool-7-thread-3] INFO  commands.RetriableDatanodeEventWatcher (RetriableDatanodeEventWatcher.java:onTimeout(47)) - RetriableDatanodeCommand type=deleteBlocksCommand with id=1571923647057 timed out. Retrying.
2019-10-24 13:27:32,343 [java.util.concurrent.ThreadPoolExecutor$Worker@7ba61e93[State = -1, empty queue]] WARN  server.GrpcLogAppender (GrpcLogAppender.java:timeoutAppendRequest(209)) - 40829da6-3885-407c-a088-456b651d4556@group-7CFE476639A9->6e90e31a-7849-4a98-b31c-06f2da08fbb3-GrpcLogAppender: appendEntries Timeout, request=40829da6-3885-407c-a088-456b651d4556->6e90e31a-7849-4a98-b31c-06f2da08fbb3#52-t2, previous=(t:2, i:10), leaderCommit=10, initializing? false, entries: <empty>
2019-10-24 13:27:32,612 [EventQueue-PendingDeleteStatusForPendingDeleteHandler] INFO  block.SCMBlockDeletingService (SCMBlockDeletingService.java:handlePendingDeletes(115)) - Block deletion txnID mismatch in datanode 6e90e31a-7849-4a98-b31c-06f2da08fbb3 for containerID 1. Datanode delete txnID: 0, SCM txnID: 1
2019-10-24 13:27:32,785 [BlockDeletingService#2] WARN  background.BlockDeletingService (BlockDeletingService.java:isDeletionAllowed(187)) - Close Container log Index 6 is not replicated across allthe servers in the pipeline 400d0dd0-f848-4ed7-b117-7cfe476639a9 as the min replicated index is 4. Deletion is not allowed in this container yet.
2019-10-24 13:27:32,785 [BlockDeletingService#2] WARN  background.BlockDeletingService (BlockDeletingService.java:isDeletionAllowed(187)) - Close Container log Index 6 is not replicated across allthe servers in the pipeline 400d0dd0-f848-4ed7-b117-7cfe476639a9 as the min replicated index is 4. Deletion is not allowed in this container yet.
2019-10-24 13:27:33,062 [pool-7-thread-1] INFO  commands.RetriableDatanodeEventWatcher (RetriableDatanodeEventWatcher.java:onTimeout(47)) - RetriableDatanodeCommand type=deleteBlocksCommand with id=1571923647060 timed out. Retrying.
2019-10-24 13:27:33,062 [pool-7-thread-6] INFO  commands.RetriableDatanodeEventWatcher (RetriableDatanodeEventWatcher.java:onTimeout(47)) - RetriableDatanodeCommand type=deleteBlocksCommand with id=1571923647057 timed out. Retrying.
2019-10-24 13:27:33,062 [SCMBlockDeletingService#1] INFO  block.SCMBlockDeletingService (SCMBlockDeletingService.java:call(184)) - Totally added 1 delete blocks command for 1 datanodes, task elapsed time: 1ms
2019-10-24 13:27:33,063 [pool-7-thread-2] INFO  commands.RetriableDatanodeEventWatcher (RetriableDatanodeEventWatcher.java:onTimeout(47)) - RetriableDatanodeCommand type=deleteBlocksCommand with id=1571923647056 timed out. Retrying.
2019-10-24 13:27:33,063 [pool-7-thread-4] INFO  commands.RetriableDatanodeEventWatcher (RetriableDatanodeEventWatcher.java:onTimeout(47)) - RetriableDatanodeCommand type=deleteBlocksCommand with id=1571923647058 timed out. Retrying.
2019-10-24 13:27:33,063 [pool-7-thread-5] INFO  commands.RetriableDatanodeEventWatcher (RetriableDatanodeEventWatcher.java:onTimeout(47)) - RetriableDatanodeCommand type=deleteBlocksCommand with id=1571923647059 timed out. Retrying.
2019-10-24 13:27:33,063 [pool-7-thread-3] INFO  commands.RetriableDatanodeEventWatcher (RetriableDatanodeEventWatcher.java:onTimeout(47)) - RetriableDatanodeCommand type=deleteBlocksCommand with id=1571923647054 timed out. Retrying.
2019-10-24 13:27:33,787 [BlockDeletingService#2] WARN  background.BlockDeletingService (BlockDeletingService.java:isDeletionAllowed(187)) - Close Container log Index 6 is not replicated across allthe servers in the pipeline 400d0dd0-f848-4ed7-b117-7cfe476639a9 as the min replicated index is 4. Deletion is not allowed in this container yet.
2019-10-24 13:27:33,787 [BlockDeletingService#2] WARN  background.BlockDeletingService (BlockDeletingService.java:isDeletionAllowed(187)) - Close Container log Index 6 is not replicated across allthe servers in the pipeline 400d0dd0-f848-4ed7-b117-7cfe476639a9 as the min replicated index is 4. Deletion is not allowed in this container yet.
2019-10-24 13:27:34,063 [pool-7-thread-3] INFO  commands.RetriableDatanodeEventWatcher (RetriableDatanodeEventWatcher.java:onTimeout(47)) - RetriableDatanodeCommand type=deleteBlocksCommand with id=1571923647061 timed out. Retrying.
2019-10-24 13:27:34,063 [SCMBlockDeletingService#1] INFO  block.SCMBlockDeletingService (SCMBlockDeletingService.java:call(184)) - Totally added 1 delete blocks command for 1 datanodes, task elapsed time: 1ms
2019-10-24 13:27:34,064 [pool-7-thread-3] INFO  commands.RetriableDatanodeEventWatcher (RetriableDatanodeEventWatcher.java:onTimeout(47)) - RetriableDatanodeCommand type=deleteBlocksCommand with id=1571923647054 timed out. Retrying.
2019-10-24 13:27:34,064 [pool-7-thread-6] INFO  commands.RetriableDatanodeEventWatcher (RetriableDatanodeEventWatcher.java:onTimeout(47)) - RetriableDatanodeCommand type=deleteBlocksCommand with id=1571923647056 timed out. Retrying.
2019-10-24 13:27:34,064 [pool-7-thread-1] INFO  commands.RetriableDatanodeEventWatcher (RetriableDatanodeEventWatcher.java:onTimeout(47)) - RetriableDatanodeCommand type=deleteBlocksCommand with id=1571923647057 timed out. Retrying.
2019-10-24 13:27:34,064 [pool-7-thread-2] INFO  commands.RetriableDatanodeEventWatcher (RetriableDatanodeEventWatcher.java:onTimeout(47)) - RetriableDatanodeCommand type=deleteBlocksCommand with id=1571923647059 timed out. Retrying.
2019-10-24 13:27:34,065 [pool-7-thread-4] INFO  commands.RetriableDatanodeEventWatcher (RetriableDatanodeEventWatcher.java:onTimeout(47)) - RetriableDatanodeCommand type=deleteBlocksCommand with id=1571923647058 timed out. Retrying.
2019-10-24 13:27:34,065 [pool-7-thread-5] INFO  commands.RetriableDatanodeEventWatcher (RetriableDatanodeEventWatcher.java:onTimeout(47)) - RetriableDatanodeCommand type=deleteBlocksCommand with id=1571923647060 timed out. Retrying.
2019-10-24 13:27:34,610 [EventQueue-PendingDeleteStatusForPendingDeleteHandler] INFO  block.SCMBlockDeletingService (SCMBlockDeletingService.java:handlePendingDeletes(115)) - Block deletion txnID mismatch in datanode 6e90e31a-7849-4a98-b31c-06f2da08fbb3 for containerID 1. Datanode delete txnID: 0, SCM txnID: 1
2019-10-24 13:27:34,679 [grpc-default-executor-5] INFO  impl.RaftServerProxy (RaftServerProxy.java:addNew(89)) - 6e90e31a-7849-4a98-b31c-06f2da08fbb3: addNew group-0398F67B466B:[6e90e31a-7849-4a98-b31c-06f2da08fbb3:192.168.34.46:35359] returns group-0398F67B466B:java.util.concurrent.CompletableFuture@1e146d3d[Not completed]
2019-10-24 13:27:34,682 [pool-59-thread-1] INFO  impl.RaftServerImpl (RaftServerImpl.java:<init>(98)) - 6e90e31a-7849-4a98-b31c-06f2da08fbb3: new RaftServerImpl for group-0398F67B466B:[6e90e31a-7849-4a98-b31c-06f2da08fbb3:192.168.34.46:35359] with ContainerStateMachine:uninitialized
2019-10-24 13:27:34,682 [pool-59-thread-1] INFO  server.RaftServerConfigKeys (ConfUtils.java:logGet(43)) - raft.server.rpc.timeout.min = 5s (custom)
2019-10-24 13:27:34,683 [pool-59-thread-1] INFO  server.RaftServerConfigKeys (ConfUtils.java:logGet(43)) - raft.server.rpc.timeout.max = 5200ms (custom)
2019-10-24 13:27:34,683 [pool-59-thread-1] INFO  server.RaftServerConfigKeys (ConfUtils.java:logGet(43)) - raft.server.rpcslowness.timeout = 1000s (custom)
2019-10-24 13:27:34,683 [pool-59-thread-1] INFO  server.RaftServerConfigKeys (ConfUtils.java:logGet(43)) - raft.server.sleep.deviation.threshold = 300 (default)
2019-10-24 13:27:34,683 [pool-59-thread-1] INFO  server.RaftServerConfigKeys (ConfUtils.java:logGet(43)) - raft.server.log.appender.install.snapshot.enabled = false (custom)
2019-10-24 13:27:34,683 [pool-59-thread-1] INFO  impl.RaftServerImpl (ServerState.java:<init>(103)) - 6e90e31a-7849-4a98-b31c-06f2da08fbb3@group-0398F67B466B: ConfigurationManager, init=-1: [6e90e31a-7849-4a98-b31c-06f2da08fbb3:192.168.34.46:35359], old=null, confs=<EMPTY_MAP>
2019-10-24 13:27:34,684 [pool-59-thread-1] INFO  server.RaftServerConfigKeys (ConfUtils.java:logGet(43)) - raft.server.storage.dir = [/workdir/hadoop-ozone/integration-test/target/test-dir/MiniOzoneClusterImpl-31b5e583-27d6-476b-b511-7b0983ad9e8c/datanode-1/data/ratis] (custom)
2019-10-24 13:27:34,684 [pool-59-thread-1] INFO  server.RaftServerConfigKeys (ConfUtils.java:logGet(43)) - raft.server.log.corruption.policy = EXCEPTION (default)
2019-10-24 13:27:34,684 [pool-59-thread-1] INFO  storage.RaftStorageDirectory (RaftStorageDirectory.java:analyzeStorage(246)) - The storage directory /workdir/hadoop-ozone/integration-test/target/test-dir/MiniOzoneClusterImpl-31b5e583-27d6-476b-b511-7b0983ad9e8c/datanode-1/data/ratis/266161c8-418b-405d-a6e8-0398f67b466b does not exist. Creating ...
2019-10-24 13:27:34,710 [pool-59-thread-1] INFO  storage.RaftStorageDirectory (RaftStorageDirectory.java:tryLock(328)) - Lock on /workdir/hadoop-ozone/integration-test/target/test-dir/MiniOzoneClusterImpl-31b5e583-27d6-476b-b511-7b0983ad9e8c/datanode-1/data/ratis/266161c8-418b-405d-a6e8-0398f67b466b/in_use.lock acquired by nodename 17035@pr-hdds-2347-fq45t-3280797939
2019-10-24 13:27:34,724 [pool-59-thread-1] INFO  storage.RaftStorage (RaftStorage.java:format(84)) - Storage directory /workdir/hadoop-ozone/integration-test/target/test-dir/MiniOzoneClusterImpl-31b5e583-27d6-476b-b511-7b0983ad9e8c/datanode-1/data/ratis/266161c8-418b-405d-a6e8-0398f67b466b has been successfully formatted.
2019-10-24 13:27:34,724 [pool-59-thread-1] INFO  ratis.ContainerStateMachine (ContainerStateMachine.java:loadSnapshot(231)) - group-0398F67B466B: The snapshot info is null. Setting the last applied indexto:(t:0, i:~)
2019-10-24 13:27:34,724 [pool-59-thread-1] INFO  server.RaftServerConfigKeys (ConfUtils.java:logGet(43)) - raft.server.notification.no-leader.timeout = 1000s (custom)
2019-10-24 13:27:34,725 [pool-59-thread-1] INFO  server.RaftServerConfigKeys (ConfUtils.java:logGet(43)) - raft.server.log.use.memory = false (default)
2019-10-24 13:27:34,725 [pool-59-thread-1] INFO  server.RaftServerConfigKeys (ConfUtils.java:logGet(43)) - raft.server.log.purge.gap = 1000000 (custom)
2019-10-24 13:27:34,725 [pool-59-thread-1] INFO  server.RaftServerConfigKeys (ConfUtils.java:logGet(43)) - raft.server.log.appender.buffer.byte-limit = 33554432 (custom)
2019-10-24 13:27:34,725 [pool-59-thread-1] INFO  server.RaftServerConfigKeys (ConfUtils.java:logGet(43)) - raft.server.log.segment.size.max = 1048576 (custom)
2019-10-24 13:27:34,725 [pool-59-thread-1] INFO  server.RaftServerConfigKeys (ConfUtils.java:logGet(43)) - raft.server.log.segment.cache.num.max = 2 (custom)
2019-10-24 13:27:34,726 [pool-59-thread-1] INFO  segmented.SegmentedRaftLogWorker (SegmentedRaftLogWorker.java:<init>(173)) - new 6e90e31a-7849-4a98-b31c-06f2da08fbb3@group-0398F67B466B-SegmentedRaftLogWorker for RaftStorage:Storage Directory /workdir/hadoop-ozone/integration-test/target/test-dir/MiniOzoneClusterImpl-31b5e583-27d6-476b-b511-7b0983ad9e8c/datanode-1/data/ratis/266161c8-418b-405d-a6e8-0398f67b466b
2019-10-24 13:27:34,726 [pool-59-thread-1] INFO  server.RaftServerConfigKeys (ConfUtils.java:logGet(43)) - raft.server.log.queue.byte-limit = 2147483647 (custom)
2019-10-24 13:27:34,726 [pool-59-thread-1] INFO  server.RaftServerConfigKeys (ConfUtils.java:logGet(43)) - raft.server.log.queue.element-limit = 1024 (custom)
2019-10-24 13:27:34,726 [pool-59-thread-1] INFO  server.RaftServerConfigKeys (ConfUtils.java:logGet(43)) - raft.server.log.segment.size.max = 1048576 (custom)
2019-10-24 13:27:34,726 [pool-59-thread-1] INFO  server.RaftServerConfigKeys (ConfUtils.java:logGet(43)) - raft.server.log.preallocated.size = 16384 (custom)
2019-10-24 13:27:34,726 [pool-59-thread-1] INFO  server.RaftServerConfigKeys (ConfUtils.java:logGet(43)) - raft.server.log.write.buffer.size = 33554432 (custom)
2019-10-24 13:27:34,727 [pool-59-thread-1] INFO  server.RaftServerConfigKeys (ConfUtils.java:logGet(43)) - raft.server.log.force.sync.num = 128 (default)
2019-10-24 13:27:34,727 [pool-59-thread-1] INFO  server.RaftServerConfigKeys (ConfUtils.java:logGet(43)) - raft.server.log.statemachine.data.sync = true (default)
2019-10-24 13:27:34,727 [pool-59-thread-1] INFO  server.RaftServerConfigKeys (ConfUtils.java:logGet(43)) - raft.server.log.statemachine.data.sync.timeout = 10s (default)
2019-10-24 13:27:34,727 [pool-59-thread-1] INFO  server.RaftServerConfigKeys (ConfUtils.java:logGet(43)) - raft.server.log.statemachine.data.sync.timeout.retry = -1 (default)
2019-10-24 13:27:34,727 [pool-59-thread-1] INFO  server.RaftServerConfigKeys (ConfUtils.java:logGet(43)) - raft.server.log.statemachine.data.caching.enabled = true (custom)
2019-10-24 13:27:34,728 [pool-59-thread-1] INFO  segmented.SegmentedRaftLogWorker (SegmentedRaftLogWorker.java:lambda$new$0(128)) - 6e90e31a-7849-4a98-b31c-06f2da08fbb3@group-0398F67B466B-SegmentedRaftLogWorker: flushIndex: setUnconditionally 0 -> -1
2019-10-24 13:27:34,728 [pool-59-thread-1] INFO  server.RaftServerConfigKeys (ConfUtils.java:logGet(43)) - raft.server.snapshot.auto.trigger.enabled = true (custom)
2019-10-24 13:27:34,728 [pool-59-thread-1] INFO  server.RaftServerConfigKeys (ConfUtils.java:logGet(43)) - raft.server.snapshot.auto.trigger.threshold = 10000 (custom)
2019-10-24 13:27:34,728 [pool-59-thread-1] INFO  server.RaftServerConfigKeys (ConfUtils.java:logGet(43)) - raft.server.snapshot.retention.file.num = 5 (custom)
2019-10-24 13:27:34,729 [pool-59-thread-1] INFO  server.RaftServerConfigKeys (ConfUtils.java:logGet(43)) - raft.server.retrycache.expirytime = 600000ms (custom)
2019-10-24 13:27:34,729 [pool-59-thread-1] WARN  impl.MetricRegistriesImpl (MetricRegistriesImpl.java:lambda$create$1(61)) - First MetricRegistry has been created without registering reporters. You may need to call MetricRegistries.global().addReportRegistration(...) before.
2019-10-24 13:27:34,729 [pool-59-thread-1] WARN  impl.MetricRegistriesImpl (MetricRegistriesImpl.java:lambda$create$1(61)) - First MetricRegistry has been created without registering reporters. You may need to call MetricRegistries.global().addReportRegistration(...) before.
2019-10-24 13:27:34,730 [pool-59-thread-1] INFO  impl.RaftServerImpl (RaftServerImpl.java:start(184)) - 6e90e31a-7849-4a98-b31c-06f2da08fbb3@group-0398F67B466B: start as a follower, conf=-1: [6e90e31a-7849-4a98-b31c-06f2da08fbb3:192.168.34.46:35359], old=null
2019-10-24 13:27:34,730 [pool-59-thread-1] INFO  impl.RaftServerImpl (RaftServerImpl.java:setRole(173)) - 6e90e31a-7849-4a98-b31c-06f2da08fbb3@group-0398F67B466B: changes role from      null to FOLLOWER at term 0 for startAsFollower
2019-10-24 13:27:34,730 [pool-59-thread-1] INFO  impl.RoleInfo (RoleInfo.java:updateAndGet(143)) - 6e90e31a-7849-4a98-b31c-06f2da08fbb3: start FollowerState
2019-10-24 13:27:34,730 [pool-59-thread-1] INFO  util.JmxRegister (JmxRegister.java:tryRegister(44)) - Successfully registered JMX Bean with object name Ratis:service=RaftServer,group=group-0398F67B466B,id=6e90e31a-7849-4a98-b31c-06f2da08fbb3
2019-10-24 13:27:34,731 [pool-59-thread-1] WARN  impl.MetricRegistriesImpl (MetricRegistriesImpl.java:lambda$create$1(61)) - First MetricRegistry has been created without registering reporters. You may need to call MetricRegistries.global().addReportRegistration(...) before.
2019-10-24 13:27:34,735 [RatisPipelineUtilsThread] INFO  pipeline.PipelineStateManager (PipelineStateManager.java:addPipeline(56)) - Created pipeline Pipeline[ Id: 266161c8-418b-405d-a6e8-0398f67b466b, Nodes: 6e90e31a-7849-4a98-b31c-06f2da08fbb3{ip: 192.168.34.46, host: pr-hdds-2347-fq45t-3280797939, networkLocation: /default-rack, certSerialId: null}, Type:RATIS, Factor:ONE, State:OPEN]
2019-10-24 13:27:34,749 [grpc-default-executor-4] INFO  impl.RaftServerProxy (RaftServerProxy.java:addNew(89)) - 40829da6-3885-407c-a088-456b651d4556: addNew group-D595F9D6F32F:[6e90e31a-7849-4a98-b31c-06f2da08fbb3:192.168.34.46:35359, 40829da6-3885-407c-a088-456b651d4556:192.168.34.46:34308, 01d98fa9-b286-41ba-84b0-dae26651fa1e:192.168.34.46:39012] returns group-D595F9D6F32F:java.util.concurrent.CompletableFuture@73ed5c69[Not completed]
2019-10-24 13:27:34,750 [grpc-default-executor-5] INFO  impl.RaftServerProxy (RaftServerProxy.java:addNew(89)) - 01d98fa9-b286-41ba-84b0-dae26651fa1e: addNew group-D595F9D6F32F:[6e90e31a-7849-4a98-b31c-06f2da08fbb3:192.168.34.46:35359, 40829da6-3885-407c-a088-456b651d4556:192.168.34.46:34308, 01d98fa9-b286-41ba-84b0-dae26651fa1e:192.168.34.46:39012] returns group-D595F9D6F32F:java.util.concurrent.CompletableFuture@3d26e033[Not completed]
2019-10-24 13:27:34,753 [grpc-default-executor-5] INFO  impl.RaftServerProxy (RaftServerProxy.java:addNew(89)) - 6e90e31a-7849-4a98-b31c-06f2da08fbb3: addNew group-D595F9D6F32F:[6e90e31a-7849-4a98-b31c-06f2da08fbb3:192.168.34.46:35359, 40829da6-3885-407c-a088-456b651d4556:192.168.34.46:34308, 01d98fa9-b286-41ba-84b0-dae26651fa1e:192.168.34.46:39012] returns group-D595F9D6F32F:java.util.concurrent.CompletableFuture@38d2fba1[Not completed]
2019-10-24 13:27:34,753 [pool-47-thread-1] INFO  impl.RaftServerImpl (RaftServerImpl.java:<init>(98)) - 40829da6-3885-407c-a088-456b651d4556: new RaftServerImpl for group-D595F9D6F32F:[6e90e31a-7849-4a98-b31c-06f2da08fbb3:192.168.34.46:35359, 40829da6-3885-407c-a088-456b651d4556:192.168.34.46:34308, 01d98fa9-b286-41ba-84b0-dae26651fa1e:192.168.34.46:39012] with ContainerStateMachine:uninitialized
2019-10-24 13:27:34,753 [pool-47-thread-1] INFO  server.RaftServerConfigKeys (ConfUtils.java:logGet(43)) - raft.server.rpc.timeout.min = 5s (custom)
2019-10-24 13:27:34,753 [pool-47-thread-1] INFO  server.RaftServerConfigKeys (ConfUtils.java:logGet(43)) - raft.server.rpc.timeout.max = 5200ms (custom)
2019-10-24 13:27:34,754 [pool-47-thread-1] INFO  server.RaftServerConfigKeys (ConfUtils.java:logGet(43)) - raft.server.rpcslowness.timeout = 1000s (custom)
2019-10-24 13:27:34,754 [pool-27-thread-1] INFO  impl.RaftServerImpl (RaftServerImpl.java:<init>(98)) - 01d98fa9-b286-41ba-84b0-dae26651fa1e: new RaftServerImpl for group-D595F9D6F32F:[6e90e31a-7849-4a98-b31c-06f2da08fbb3:192.168.34.46:35359, 40829da6-3885-407c-a088-456b651d4556:192.168.34.46:34308, 01d98fa9-b286-41ba-84b0-dae26651fa1e:192.168.34.46:39012] with ContainerStateMachine:uninitialized
2019-10-24 13:27:34,754 [pool-47-thread-1] INFO  server.RaftServerConfigKeys (ConfUtils.java:logGet(43)) - raft.server.sleep.deviation.threshold = 300 (default)
2019-10-24 13:27:34,754 [pool-27-thread-1] INFO  server.RaftServerConfigKeys (ConfUtils.java:logGet(43)) - raft.server.rpc.timeout.min = 5s (custom)
2019-10-24 13:27:34,754 [pool-47-thread-1] INFO  server.RaftServerConfigKeys (ConfUtils.java:logGet(43)) - raft.server.log.appender.install.snapshot.enabled = false (custom)
2019-10-24 13:27:34,754 [pool-27-thread-1] INFO  server.RaftServerConfigKeys (ConfUtils.java:logGet(43)) - raft.server.rpc.timeout.max = 5200ms (custom)
2019-10-24 13:27:34,754 [pool-47-thread-1] INFO  impl.RaftServerImpl (ServerState.java:<init>(103)) - 40829da6-3885-407c-a088-456b651d4556@group-D595F9D6F32F: ConfigurationManager, init=-1: [6e90e31a-7849-4a98-b31c-06f2da08fbb3:192.168.34.46:35359, 40829da6-3885-407c-a088-456b651d4556:192.168.34.46:34308, 01d98fa9-b286-41ba-84b0-dae26651fa1e:192.168.34.46:39012], old=null, confs=<EMPTY_MAP>
2019-10-24 13:27:34,754 [pool-27-thread-1] INFO  server.RaftServerConfigKeys (ConfUtils.java:logGet(43)) - raft.server.rpcslowness.timeout = 1000s (custom)
2019-10-24 13:27:34,754 [pool-27-thread-1] INFO  server.RaftServerConfigKeys (ConfUtils.java:logGet(43)) - raft.server.sleep.deviation.threshold = 300 (default)
2019-10-24 13:27:34,754 [pool-47-thread-1] INFO  server.RaftServerConfigKeys (ConfUtils.java:logGet(43)) - raft.server.storage.dir = [/workdir/hadoop-ozone/integration-test/target/test-dir/MiniOzoneClusterImpl-31b5e583-27d6-476b-b511-7b0983ad9e8c/datanode-2/data/ratis] (custom)
2019-10-24 13:27:34,754 [pool-27-thread-1] INFO  server.RaftServerConfigKeys (ConfUtils.java:logGet(43)) - raft.server.log.appender.install.snapshot.enabled = false (custom)
2019-10-24 13:27:34,755 [pool-27-thread-1] INFO  impl.RaftServerImpl (ServerState.java:<init>(103)) - 01d98fa9-b286-41ba-84b0-dae26651fa1e@group-D595F9D6F32F: ConfigurationManager, init=-1: [6e90e31a-7849-4a98-b31c-06f2da08fbb3:192.168.34.46:35359, 40829da6-3885-407c-a088-456b651d4556:192.168.34.46:34308, 01d98fa9-b286-41ba-84b0-dae26651fa1e:192.168.34.46:39012], old=null, confs=<EMPTY_MAP>
2019-10-24 13:27:34,755 [pool-59-thread-1] INFO  impl.RaftServerImpl (RaftServerImpl.java:<init>(98)) - 6e90e31a-7849-4a98-b31c-06f2da08fbb3: new RaftServerImpl for group-D595F9D6F32F:[6e90e31a-7849-4a98-b31c-06f2da08fbb3:192.168.34.46:35359, 40829da6-3885-407c-a088-456b651d4556:192.168.34.46:34308, 01d98fa9-b286-41ba-84b0-dae26651fa1e:192.168.34.46:39012] with ContainerStateMachine:uninitialized
2019-10-24 13:27:34,755 [pool-27-thread-1] INFO  server.RaftServerConfigKeys (ConfUtils.java:logGet(43)) - raft.server.storage.dir = [/workdir/hadoop-ozone/integration-test/target/test-dir/MiniOzoneClusterImpl-31b5e583-27d6-476b-b511-7b0983ad9e8c/datanode-0/data/ratis] (custom)
2019-10-24 13:27:34,755 [pool-47-thread-1] INFO  server.RaftServerConfigKeys (ConfUtils.java:logGet(43)) - raft.server.log.corruption.policy = EXCEPTION (default)
2019-10-24 13:27:34,755 [pool-27-thread-1] INFO  server.RaftServerConfigKeys (ConfUtils.java:logGet(43)) - raft.server.log.corruption.policy = EXCEPTION (default)
2019-10-24 13:27:34,755 [pool-59-thread-1] INFO  server.RaftServerConfigKeys (ConfUtils.java:logGet(43)) - raft.server.rpc.timeout.min = 5s (custom)
2019-10-24 13:27:34,755 [pool-47-thread-1] INFO  storage.RaftStorageDirectory (RaftStorageDirectory.java:analyzeStorage(246)) - The storage directory /workdir/hadoop-ozone/integration-test/target/test-dir/MiniOzoneClusterImpl-31b5e583-27d6-476b-b511-7b0983ad9e8c/datanode-2/data/ratis/bc72b840-8476-4759-a144-d595f9d6f32f does not exist. Creating ...
2019-10-24 13:27:34,755 [pool-27-thread-1] INFO  storage.RaftStorageDirectory (RaftStorageDirectory.java:analyzeStorage(246)) - The storage directory /workdir/hadoop-ozone/integration-test/target/test-dir/MiniOzoneClusterImpl-31b5e583-27d6-476b-b511-7b0983ad9e8c/datanode-0/data/ratis/bc72b840-8476-4759-a144-d595f9d6f32f does not exist. Creating ...
2019-10-24 13:27:34,755 [pool-59-thread-1] INFO  server.RaftServerConfigKeys (ConfUtils.java:logGet(43)) - raft.server.rpc.timeout.max = 5200ms (custom)
2019-10-24 13:27:34,756 [pool-59-thread-1] INFO  server.RaftServerConfigKeys (ConfUtils.java:logGet(43)) - raft.server.rpcslowness.timeout = 1000s (custom)
2019-10-24 13:27:34,756 [pool-59-thread-1] INFO  server.RaftServerConfigKeys (ConfUtils.java:logGet(43)) - raft.server.sleep.deviation.threshold = 300 (default)
2019-10-24 13:27:34,756 [pool-59-thread-1] INFO  server.RaftServerConfigKeys (ConfUtils.java:logGet(43)) - raft.server.log.appender.install.snapshot.enabled = false (custom)
2019-10-24 13:27:34,756 [pool-59-thread-1] INFO  impl.RaftServerImpl (ServerState.java:<init>(103)) - 6e90e31a-7849-4a98-b31c-06f2da08fbb3@group-D595F9D6F32F: ConfigurationManager, init=-1: [6e90e31a-7849-4a98-b31c-06f2da08fbb3:192.168.34.46:35359, 40829da6-3885-407c-a088-456b651d4556:192.168.34.46:34308, 01d98fa9-b286-41ba-84b0-dae26651fa1e:192.168.34.46:39012], old=null, confs=<EMPTY_MAP>
2019-10-24 13:27:34,756 [pool-59-thread-1] INFO  server.RaftServerConfigKeys (ConfUtils.java:logGet(43)) - raft.server.storage.dir = [/workdir/hadoop-ozone/integration-test/target/test-dir/MiniOzoneClusterImpl-31b5e583-27d6-476b-b511-7b0983ad9e8c/datanode-1/data/ratis] (custom)
2019-10-24 13:27:34,757 [pool-59-thread-1] INFO  server.RaftServerConfigKeys (ConfUtils.java:logGet(43)) - raft.server.log.corruption.policy = EXCEPTION (default)
2019-10-24 13:27:34,757 [pool-59-thread-1] INFO  storage.RaftStorageDirectory (RaftStorageDirectory.java:analyzeStorage(246)) - The storage directory /workdir/hadoop-ozone/integration-test/target/test-dir/MiniOzoneClusterImpl-31b5e583-27d6-476b-b511-7b0983ad9e8c/datanode-1/data/ratis/bc72b840-8476-4759-a144-d595f9d6f32f does not exist. Creating ...
2019-10-24 13:27:34,780 [pool-47-thread-1] INFO  storage.RaftStorageDirectory (RaftStorageDirectory.java:tryLock(328)) - Lock on /workdir/hadoop-ozone/integration-test/target/test-dir/MiniOzoneClusterImpl-31b5e583-27d6-476b-b511-7b0983ad9e8c/datanode-2/data/ratis/bc72b840-8476-4759-a144-d595f9d6f32f/in_use.lock acquired by nodename 17035@pr-hdds-2347-fq45t-3280797939
2019-10-24 13:27:34,780 [pool-59-thread-1] INFO  storage.RaftStorageDirectory (RaftStorageDirectory.java:tryLock(328)) - Lock on /workdir/hadoop-ozone/integration-test/target/test-dir/MiniOzoneClusterImpl-31b5e583-27d6-476b-b511-7b0983ad9e8c/datanode-1/data/ratis/bc72b840-8476-4759-a144-d595f9d6f32f/in_use.lock acquired by nodename 17035@pr-hdds-2347-fq45t-3280797939
2019-10-24 13:27:34,780 [pool-27-thread-1] INFO  storage.RaftStorageDirectory (RaftStorageDirectory.java:tryLock(328)) - Lock on /workdir/hadoop-ozone/integration-test/target/test-dir/MiniOzoneClusterImpl-31b5e583-27d6-476b-b511-7b0983ad9e8c/datanode-0/data/ratis/bc72b840-8476-4759-a144-d595f9d6f32f/in_use.lock acquired by nodename 17035@pr-hdds-2347-fq45t-3280797939
2019-10-24 13:27:34,788 [BlockDeletingService#2] WARN  background.BlockDeletingService (BlockDeletingService.java:isDeletionAllowed(187)) - Close Container log Index 6 is not replicated across allthe servers in the pipeline 400d0dd0-f848-4ed7-b117-7cfe476639a9 as the min replicated index is 4. Deletion is not allowed in this container yet.
2019-10-24 13:27:34,788 [BlockDeletingService#2] WARN  background.BlockDeletingService (BlockDeletingService.java:isDeletionAllowed(187)) - Close Container log Index 6 is not replicated across allthe servers in the pipeline 400d0dd0-f848-4ed7-b117-7cfe476639a9 as the min replicated index is 4. Deletion is not allowed in this container yet.
2019-10-24 13:27:34,806 [pool-59-thread-1] INFO  storage.RaftStorage (RaftStorage.java:format(84)) - Storage directory /workdir/hadoop-ozone/integration-test/target/test-dir/MiniOzoneClusterImpl-31b5e583-27d6-476b-b511-7b0983ad9e8c/datanode-1/data/ratis/bc72b840-8476-4759-a144-d595f9d6f32f has been successfully formatted.
2019-10-24 13:27:34,806 [pool-47-thread-1] INFO  storage.RaftStorage (RaftStorage.java:format(84)) - Storage directory /workdir/hadoop-ozone/integration-test/target/test-dir/MiniOzoneClusterImpl-31b5e583-27d6-476b-b511-7b0983ad9e8c/datanode-2/data/ratis/bc72b840-8476-4759-a144-d595f9d6f32f has been successfully formatted.
2019-10-24 13:27:34,806 [pool-59-thread-1] INFO  ratis.ContainerStateMachine (ContainerStateMachine.java:loadSnapshot(231)) - group-D595F9D6F32F: The snapshot info is null. Setting the last applied indexto:(t:0, i:~)
2019-10-24 13:27:34,806 [pool-27-thread-1] INFO  storage.RaftStorage (RaftStorage.java:format(84)) - Storage directory /workdir/hadoop-ozone/integration-test/target/test-dir/MiniOzoneClusterImpl-31b5e583-27d6-476b-b511-7b0983ad9e8c/datanode-0/data/ratis/bc72b840-8476-4759-a144-d595f9d6f32f has been successfully formatted.
2019-10-24 13:27:34,806 [pool-47-thread-1] INFO  ratis.ContainerStateMachine (ContainerStateMachine.java:loadSnapshot(231)) - group-D595F9D6F32F: The snapshot info is null. Setting the last applied indexto:(t:0, i:~)
2019-10-24 13:27:34,806 [pool-59-thread-1] INFO  server.RaftServerConfigKeys (ConfUtils.java:logGet(43)) - raft.server.notification.no-leader.timeout = 1000s (custom)
2019-10-24 13:27:34,807 [pool-47-thread-1] INFO  server.RaftServerConfigKeys (ConfUtils.java:logGet(43)) - raft.server.notification.no-leader.timeout = 1000s (custom)
2019-10-24 13:27:34,807 [pool-27-thread-1] INFO  ratis.ContainerStateMachine (ContainerStateMachine.java:loadSnapshot(231)) - group-D595F9D6F32F: The snapshot info is null. Setting the last applied indexto:(t:0, i:~)
2019-10-24 13:27:34,807 [pool-47-thread-1] INFO  server.RaftServerConfigKeys (ConfUtils.java:logGet(43)) - raft.server.log.use.memory = false (default)
2019-10-24 13:27:34,807 [pool-59-thread-1] INFO  server.RaftServerConfigKeys (ConfUtils.java:logGet(43)) - raft.server.log.use.memory = false (default)
2019-10-24 13:27:34,807 [pool-47-thread-1] INFO  server.RaftServerConfigKeys (ConfUtils.java:logGet(43)) - raft.server.log.purge.gap = 1000000 (custom)
2019-10-24 13:27:34,807 [pool-27-thread-1] INFO  server.RaftServerConfigKeys (ConfUtils.java:logGet(43)) - raft.server.notification.no-leader.timeout = 1000s (custom)
2019-10-24 13:27:34,807 [pool-47-thread-1] INFO  server.RaftServerConfigKeys (ConfUtils.java:logGet(43)) - raft.server.log.appender.buffer.byte-limit = 33554432 (custom)
2019-10-24 13:27:34,807 [pool-59-thread-1] INFO  server.RaftServerConfigKeys (ConfUtils.java:logGet(43)) - raft.server.log.purge.gap = 1000000 (custom)
2019-10-24 13:27:34,808 [pool-47-thread-1] INFO  server.RaftServerConfigKeys (ConfUtils.java:logGet(43)) - raft.server.log.segment.size.max = 1048576 (custom)
2019-10-24 13:27:34,807 [pool-27-thread-1] INFO  server.RaftServerConfigKeys (ConfUtils.java:logGet(43)) - raft.server.log.use.memory = false (default)
2019-10-24 13:27:34,808 [pool-47-thread-1] INFO  server.RaftServerConfigKeys (ConfUtils.java:logGet(43)) - raft.server.log.segment.cache.num.max = 2 (custom)
2019-10-24 13:27:34,808 [pool-59-thread-1] INFO  server.RaftServerConfigKeys (ConfUtils.java:logGet(43)) - raft.server.log.appender.buffer.byte-limit = 33554432 (custom)
2019-10-24 13:27:34,808 [pool-47-thread-1] INFO  segmented.SegmentedRaftLogWorker (SegmentedRaftLogWorker.java:<init>(173)) - new 40829da6-3885-407c-a088-456b651d4556@group-D595F9D6F32F-SegmentedRaftLogWorker for RaftStorage:Storage Directory /workdir/hadoop-ozone/integration-test/target/test-dir/MiniOzoneClusterImpl-31b5e583-27d6-476b-b511-7b0983ad9e8c/datanode-2/data/ratis/bc72b840-8476-4759-a144-d595f9d6f32f
2019-10-24 13:27:34,808 [pool-27-thread-1] INFO  server.RaftServerConfigKeys (ConfUtils.java:logGet(43)) - raft.server.log.purge.gap = 1000000 (custom)
2019-10-24 13:27:34,808 [pool-47-thread-1] INFO  server.RaftServerConfigKeys (ConfUtils.java:logGet(43)) - raft.server.log.queue.byte-limit = 2147483647 (custom)
2019-10-24 13:27:34,808 [pool-59-thread-1] INFO  server.RaftServerConfigKeys (ConfUtils.java:logGet(43)) - raft.server.log.segment.size.max = 1048576 (custom)
2019-10-24 13:27:34,809 [pool-47-thread-1] INFO  server.RaftServerConfigKeys (ConfUtils.java:logGet(43)) - raft.server.log.queue.element-limit = 1024 (custom)
2019-10-24 13:27:34,809 [pool-27-thread-1] INFO  server.RaftServerConfigKeys (ConfUtils.java:logGet(43)) - raft.server.log.appender.buffer.byte-limit = 33554432 (custom)
2019-10-24 13:27:34,809 [pool-47-thread-1] INFO  server.RaftServerConfigKeys (ConfUtils.java:logGet(43)) - raft.server.log.segment.size.max = 1048576 (custom)
2019-10-24 13:27:34,809 [pool-59-thread-1] INFO  server.RaftServerConfigKeys (ConfUtils.java:logGet(43)) - raft.server.log.segment.cache.num.max = 2 (custom)
2019-10-24 13:27:34,809 [pool-47-thread-1] INFO  server.RaftServerConfigKeys (ConfUtils.java:logGet(43)) - raft.server.log.preallocated.size = 16384 (custom)
2019-10-24 13:27:34,809 [pool-27-thread-1] INFO  server.RaftServerConfigKeys (ConfUtils.java:logGet(43)) - raft.server.log.segment.size.max = 1048576 (custom)
2019-10-24 13:27:34,810 [pool-47-thread-1] INFO  server.RaftServerConfigKeys (ConfUtils.java:logGet(43)) - raft.server.log.write.buffer.size = 33554432 (custom)
2019-10-24 13:27:34,809 [pool-59-thread-1] INFO  segmented.SegmentedRaftLogWorker (SegmentedRaftLogWorker.java:<init>(173)) - new 6e90e31a-7849-4a98-b31c-06f2da08fbb3@group-D595F9D6F32F-SegmentedRaftLogWorker for RaftStorage:Storage Directory /workdir/hadoop-ozone/integration-test/target/test-dir/MiniOzoneClusterImpl-31b5e583-27d6-476b-b511-7b0983ad9e8c/datanode-1/data/ratis/bc72b840-8476-4759-a144-d595f9d6f32f
2019-10-24 13:27:34,810 [pool-47-thread-1] INFO  server.RaftServerConfigKeys (ConfUtils.java:logGet(43)) - raft.server.log.force.sync.num = 128 (default)
2019-10-24 13:27:34,810 [pool-27-thread-1] INFO  server.RaftServerConfigKeys (ConfUtils.java:logGet(43)) - raft.server.log.segment.cache.num.max = 2 (custom)
2019-10-24 13:27:34,810 [pool-47-thread-1] INFO  server.RaftServerConfigKeys (ConfUtils.java:logGet(43)) - raft.server.log.statemachine.data.sync = true (default)
2019-10-24 13:27:34,810 [pool-59-thread-1] INFO  server.RaftServerConfigKeys (ConfUtils.java:logGet(43)) - raft.server.log.queue.byte-limit = 2147483647 (custom)
2019-10-24 13:27:34,811 [pool-47-thread-1] INFO  server.RaftServerConfigKeys (ConfUtils.java:logGet(43)) - raft.server.log.statemachine.data.sync.timeout = 10s (default)
2019-10-24 13:27:34,810 [pool-27-thread-1] INFO  segmented.SegmentedRaftLogWorker (SegmentedRaftLogWorker.java:<init>(173)) - new 01d98fa9-b286-41ba-84b0-dae26651fa1e@group-D595F9D6F32F-SegmentedRaftLogWorker for RaftStorage:Storage Directory /workdir/hadoop-ozone/integration-test/target/test-dir/MiniOzoneClusterImpl-31b5e583-27d6-476b-b511-7b0983ad9e8c/datanode-0/data/ratis/bc72b840-8476-4759-a144-d595f9d6f32f
2019-10-24 13:27:34,811 [pool-47-thread-1] INFO  server.RaftServerConfigKeys (ConfUtils.java:logGet(43)) - raft.server.log.statemachine.data.sync.timeout.retry = -1 (default)
2019-10-24 13:27:34,811 [pool-59-thread-1] INFO  server.RaftServerConfigKeys (ConfUtils.java:logGet(43)) - raft.server.log.queue.element-limit = 1024 (custom)
2019-10-24 13:27:34,811 [pool-27-thread-1] INFO  server.RaftServerConfigKeys (ConfUtils.java:logGet(43)) - raft.server.log.queue.byte-limit = 2147483647 (custom)
2019-10-24 13:27:34,811 [pool-47-thread-1] INFO  server.RaftServerConfigKeys (ConfUtils.java:logGet(43)) - raft.server.log.statemachine.data.caching.enabled = true (custom)
2019-10-24 13:27:34,811 [pool-59-thread-1] INFO  server.RaftServerConfigKeys (ConfUtils.java:logGet(43)) - raft.server.log.segment.size.max = 1048576 (custom)
2019-10-24 13:27:34,811 [pool-27-thread-1] INFO  server.RaftServerConfigKeys (ConfUtils.java:logGet(43)) - raft.server.log.queue.element-limit = 1024 (custom)
2019-10-24 13:27:34,812 [pool-59-thread-1] INFO  server.RaftServerConfigKeys (ConfUtils.java:logGet(43)) - raft.server.log.preallocated.size = 16384 (custom)
2019-10-24 13:27:34,812 [pool-47-thread-1] INFO  segmented.SegmentedRaftLogWorker (SegmentedRaftLogWorker.java:lambda$new$0(128)) - 40829da6-3885-407c-a088-456b651d4556@group-D595F9D6F32F-SegmentedRaftLogWorker: flushIndex: setUnconditionally 0 -> -1
2019-10-24 13:27:34,812 [pool-27-thread-1] INFO  server.RaftServerConfigKeys (ConfUtils.java:logGet(43)) - raft.server.log.segment.size.max = 1048576 (custom)
2019-10-24 13:27:34,812 [pool-59-thread-1] INFO  server.RaftServerConfigKeys (ConfUtils.java:logGet(43)) - raft.server.log.write.buffer.size = 33554432 (custom)
2019-10-24 13:27:34,812 [pool-47-thread-1] INFO  server.RaftServerConfigKeys (ConfUtils.java:logGet(43)) - raft.server.snapshot.auto.trigger.enabled = true (custom)
2019-10-24 13:27:34,812 [pool-27-thread-1] INFO  server.RaftServerConfigKeys (ConfUtils.java:logGet(43)) - raft.server.log.preallocated.size = 16384 (custom)
2019-10-24 13:27:34,813 [pool-47-thread-1] INFO  server.RaftServerConfigKeys (ConfUtils.java:logGet(43)) - raft.server.snapshot.auto.trigger.threshold = 10000 (custom)
2019-10-24 13:27:34,812 [pool-59-thread-1] INFO  server.RaftServerConfigKeys (ConfUtils.java:logGet(43)) - raft.server.log.force.sync.num = 128 (default)
2019-10-24 13:27:34,813 [pool-47-thread-1] INFO  server.RaftServerConfigKeys (ConfUtils.java:logGet(43)) - raft.server.snapshot.retention.file.num = 5 (custom)
2019-10-24 13:27:34,813 [pool-27-thread-1] INFO  server.RaftServerConfigKeys (ConfUtils.java:logGet(43)) - raft.server.log.write.buffer.size = 33554432 (custom)
2019-10-24 13:27:34,813 [pool-47-thread-1] INFO  server.RaftServerConfigKeys (ConfUtils.java:logGet(43)) - raft.server.retrycache.expirytime = 600000ms (custom)
2019-10-24 13:27:34,813 [pool-59-thread-1] INFO  server.RaftServerConfigKeys (ConfUtils.java:logGet(43)) - raft.server.log.statemachine.data.sync = true (default)
2019-10-24 13:27:34,813 [pool-47-thread-1] WARN  impl.MetricRegistriesImpl (MetricRegistriesImpl.java:lambda$create$1(61)) - First MetricRegistry has been created without registering reporters. You may need to call MetricRegistries.global().addReportRegistration(...) before.
2019-10-24 13:27:34,813 [pool-27-thread-1] INFO  server.RaftServerConfigKeys (ConfUtils.java:logGet(43)) - raft.server.log.force.sync.num = 128 (default)
2019-10-24 13:27:34,814 [pool-47-thread-1] WARN  impl.MetricRegistriesImpl (MetricRegistriesImpl.java:lambda$create$1(61)) - First MetricRegistry has been created without registering reporters. You may need to call MetricRegistries.global().addReportRegistration(...) before.
2019-10-24 13:27:34,814 [pool-59-thread-1] INFO  server.RaftServerConfigKeys (ConfUtils.java:logGet(43)) - raft.server.log.statemachine.data.sync.timeout = 10s (default)
2019-10-24 13:27:34,814 [pool-47-thread-1] INFO  impl.RaftServerImpl (RaftServerImpl.java:start(184)) - 40829da6-3885-407c-a088-456b651d4556@group-D595F9D6F32F: start as a follower, conf=-1: [6e90e31a-7849-4a98-b31c-06f2da08fbb3:192.168.34.46:35359, 40829da6-3885-407c-a088-456b651d4556:192.168.34.46:34308, 01d98fa9-b286-41ba-84b0-dae26651fa1e:192.168.34.46:39012], old=null
2019-10-24 13:27:34,814 [pool-27-thread-1] INFO  server.RaftServerConfigKeys (ConfUtils.java:logGet(43)) - raft.server.log.statemachine.data.sync = true (default)
2019-10-24 13:27:34,814 [pool-47-thread-1] INFO  impl.RaftServerImpl (RaftServerImpl.java:setRole(173)) - 40829da6-3885-407c-a088-456b651d4556@group-D595F9D6F32F: changes role from      null to FOLLOWER at term 0 for startAsFollower
2019-10-24 13:27:34,814 [pool-59-thread-1] INFO  server.RaftServerConfigKeys (ConfUtils.java:logGet(43)) - raft.server.log.statemachine.data.sync.timeout.retry = -1 (default)
2019-10-24 13:27:34,815 [pool-47-thread-1] INFO  impl.RoleInfo (RoleInfo.java:updateAndGet(143)) - 40829da6-3885-407c-a088-456b651d4556: start FollowerState
2019-10-24 13:27:34,815 [pool-27-thread-1] INFO  server.RaftServerConfigKeys (ConfUtils.java:logGet(43)) - raft.server.log.statemachine.data.sync.timeout = 10s (default)
2019-10-24 13:27:34,815 [pool-59-thread-1] INFO  server.RaftServerConfigKeys (ConfUtils.java:logGet(43)) - raft.server.log.statemachine.data.caching.enabled = true (custom)
2019-10-24 13:27:34,815 [pool-27-thread-1] INFO  server.RaftServerConfigKeys (ConfUtils.java:logGet(43)) - raft.server.log.statemachine.data.sync.timeout.retry = -1 (default)
2019-10-24 13:27:34,815 [pool-47-thread-1] INFO  util.JmxRegister (JmxRegister.java:tryRegister(44)) - Successfully registered JMX Bean with object name Ratis:service=RaftServer,group=group-D595F9D6F32F,id=40829da6-3885-407c-a088-456b651d4556
2019-10-24 13:27:34,815 [pool-27-thread-1] INFO  server.RaftServerConfigKeys (ConfUtils.java:logGet(43)) - raft.server.log.statemachine.data.caching.enabled = true (custom)
2019-10-24 13:27:34,815 [pool-59-thread-1] INFO  segmented.SegmentedRaftLogWorker (SegmentedRaftLogWorker.java:lambda$new$0(128)) - 6e90e31a-7849-4a98-b31c-06f2da08fbb3@group-D595F9D6F32F-SegmentedRaftLogWorker: flushIndex: setUnconditionally 0 -> -1
2019-10-24 13:27:34,815 [pool-47-thread-1] WARN  impl.MetricRegistriesImpl (MetricRegistriesImpl.java:lambda$create$1(61)) - First MetricRegistry has been created without registering reporters. You may need to call MetricRegistries.global().addReportRegistration(...) before.
2019-10-24 13:27:34,816 [pool-59-thread-1] INFO  server.RaftServerConfigKeys (ConfUtils.java:logGet(43)) - raft.server.snapshot.auto.trigger.enabled = true (custom)
2019-10-24 13:27:34,816 [pool-27-thread-1] INFO  segmented.SegmentedRaftLogWorker (SegmentedRaftLogWorker.java:lambda$new$0(128)) - 01d98fa9-b286-41ba-84b0-dae26651fa1e@group-D595F9D6F32F-SegmentedRaftLogWorker: flushIndex: setUnconditionally 0 -> -1
2019-10-24 13:27:34,816 [pool-59-thread-1] INFO  server.RaftServerConfigKeys (ConfUtils.java:logGet(43)) - raft.server.snapshot.auto.trigger.threshold = 10000 (custom)
2019-10-24 13:27:34,816 [pool-59-thread-1] INFO  server.RaftServerConfigKeys (ConfUtils.java:logGet(43)) - raft.server.snapshot.retention.file.num = 5 (custom)
2019-10-24 13:27:34,816 [pool-27-thread-1] INFO  server.RaftServerConfigKeys (ConfUtils.java:logGet(43)) - raft.server.snapshot.auto.trigger.enabled = true (custom)
2019-10-24 13:27:34,817 [pool-59-thread-1] INFO  server.RaftServerConfigKeys (ConfUtils.java:logGet(43)) - raft.server.retrycache.expirytime = 600000ms (custom)
2019-10-24 13:27:34,817 [pool-27-thread-1] INFO  server.RaftServerConfigKeys (ConfUtils.java:logGet(43)) - raft.server.snapshot.auto.trigger.threshold = 10000 (custom)
2019-10-24 13:27:34,817 [pool-59-thread-1] WARN  impl.MetricRegistriesImpl (MetricRegistriesImpl.java:lambda$create$1(61)) - First MetricRegistry has been created without registering reporters. You may need to call MetricRegistries.global().addReportRegistration(...) before.
2019-10-24 13:27:34,817 [pool-27-thread-1] INFO  server.RaftServerConfigKeys (ConfUtils.java:logGet(43)) - raft.server.snapshot.retention.file.num = 5 (custom)
2019-10-24 13:27:34,817 [pool-59-thread-1] WARN  impl.MetricRegistriesImpl (MetricRegistriesImpl.java:lambda$create$1(61)) - First MetricRegistry has been created without registering reporters. You may need to call MetricRegistries.global().addReportRegistration(...) before.
2019-10-24 13:27:34,817 [pool-27-thread-1] INFO  server.RaftServerConfigKeys (ConfUtils.java:logGet(43)) - raft.server.retrycache.expirytime = 600000ms (custom)
2019-10-24 13:27:34,817 [pool-59-thread-1] INFO  impl.RaftServerImpl (RaftServerImpl.java:start(184)) - 6e90e31a-7849-4a98-b31c-06f2da08fbb3@group-D595F9D6F32F: start as a follower, conf=-1: [6e90e31a-7849-4a98-b31c-06f2da08fbb3:192.168.34.46:35359, 40829da6-3885-407c-a088-456b651d4556:192.168.34.46:34308, 01d98fa9-b286-41ba-84b0-dae26651fa1e:192.168.34.46:39012], old=null
2019-10-24 13:27:34,817 [pool-27-thread-1] WARN  impl.MetricRegistriesImpl (MetricRegistriesImpl.java:lambda$create$1(61)) - First MetricRegistry has been created without registering reporters. You may need to call MetricRegistries.global().addReportRegistration(...) before.
2019-10-24 13:27:34,822 [pool-59-thread-1] INFO  impl.RaftServerImpl (RaftServerImpl.java:setRole(173)) - 6e90e31a-7849-4a98-b31c-06f2da08fbb3@group-D595F9D6F32F: changes role from      null to FOLLOWER at term 0 for startAsFollower
2019-10-24 13:27:34,823 [pool-27-thread-1] WARN  impl.MetricRegistriesImpl (MetricRegistriesImpl.java:lambda$create$1(61)) - First MetricRegistry has been created without registering reporters. You may need to call MetricRegistries.global().addReportRegistration(...) before.
2019-10-24 13:27:34,823 [pool-59-thread-1] INFO  impl.RoleInfo (RoleInfo.java:updateAndGet(143)) - 6e90e31a-7849-4a98-b31c-06f2da08fbb3: start FollowerState
2019-10-24 13:27:34,823 [pool-27-thread-1] INFO  impl.RaftServerImpl (RaftServerImpl.java:start(184)) - 01d98fa9-b286-41ba-84b0-dae26651fa1e@group-D595F9D6F32F: start as a follower, conf=-1: [6e90e31a-7849-4a98-b31c-06f2da08fbb3:192.168.34.46:35359, 40829da6-3885-407c-a088-456b651d4556:192.168.34.46:34308, 01d98fa9-b286-41ba-84b0-dae26651fa1e:192.168.34.46:39012], old=null
2019-10-24 13:27:34,823 [pool-27-thread-1] INFO  impl.RaftServerImpl (RaftServerImpl.java:setRole(173)) - 01d98fa9-b286-41ba-84b0-dae26651fa1e@group-D595F9D6F32F: changes role from      null to FOLLOWER at term 0 for startAsFollower
2019-10-24 13:27:34,823 [pool-27-thread-1] INFO  impl.RoleInfo (RoleInfo.java:updateAndGet(143)) - 01d98fa9-b286-41ba-84b0-dae26651fa1e: start FollowerState
2019-10-24 13:27:34,823 [pool-59-thread-1] INFO  util.JmxRegister (JmxRegister.java:tryRegister(44)) - Successfully registered JMX Bean with object name Ratis:service=RaftServer,group=group-D595F9D6F32F,id=6e90e31a-7849-4a98-b31c-06f2da08fbb3
2019-10-24 13:27:34,824 [pool-59-thread-1] WARN  impl.MetricRegistriesImpl (MetricRegistriesImpl.java:lambda$create$1(61)) - First MetricRegistry has been created without registering reporters. You may need to call MetricRegistries.global().addReportRegistration(...) before.
2019-10-24 13:27:34,824 [pool-27-thread-1] INFO  util.JmxRegister (JmxRegister.java:tryRegister(44)) - Successfully registered JMX Bean with object name Ratis:service=RaftServer,group=group-D595F9D6F32F,id=01d98fa9-b286-41ba-84b0-dae26651fa1e
2019-10-24 13:27:34,824 [pool-27-thread-1] WARN  impl.MetricRegistriesImpl (MetricRegistriesImpl.java:lambda$create$1(61)) - First MetricRegistry has been created without registering reporters. You may need to call MetricRegistries.global().addReportRegistration(...) before.
2019-10-24 13:27:34,829 [RatisPipelineUtilsThread] INFO  pipeline.PipelineStateManager (PipelineStateManager.java:addPipeline(56)) - Created pipeline Pipeline[ Id: bc72b840-8476-4759-a144-d595f9d6f32f, Nodes: 01d98fa9-b286-41ba-84b0-dae26651fa1e{ip: 192.168.34.46, host: pr-hdds-2347-fq45t-3280797939, networkLocation: /default-rack, certSerialId: null}40829da6-3885-407c-a088-456b651d4556{ip: 192.168.34.46, host: pr-hdds-2347-fq45t-3280797939, networkLocation: /default-rack, certSerialId: null}6e90e31a-7849-4a98-b31c-06f2da08fbb3{ip: 192.168.34.46, host: pr-hdds-2347-fq45t-3280797939, networkLocation: /default-rack, certSerialId: null}, Type:RATIS, Factor:THREE, State:OPEN]
2019-10-24 13:27:34,843 [java.util.concurrent.ThreadPoolExecutor$Worker@7ba61e93[State = -1, empty queue]] WARN  server.GrpcLogAppender (GrpcLogAppender.java:timeoutAppendRequest(209)) - 40829da6-3885-407c-a088-456b651d4556@group-7CFE476639A9->6e90e31a-7849-4a98-b31c-06f2da08fbb3-GrpcLogAppender: appendEntries Timeout, request=40829da6-3885-407c-a088-456b651d4556->6e90e31a-7849-4a98-b31c-06f2da08fbb3#53-t2, previous=(t:2, i:10), leaderCommit=10, initializing? false, entries: <empty>
2019-10-24 13:27:35,011 [EventQueue-PendingDeleteStatusForPendingDeleteHandler] INFO  block.SCMBlockDeletingService (SCMBlockDeletingService.java:handlePendingDeletes(115)) - Block deletion txnID mismatch in datanode 6e90e31a-7849-4a98-b31c-06f2da08fbb3 for containerID 1. Datanode delete txnID: 0, SCM txnID: 1
2019-10-24 13:27:35,064 [pool-7-thread-5] INFO  commands.RetriableDatanodeEventWatcher (RetriableDatanodeEventWatcher.java:onTimeout(47)) - RetriableDatanodeCommand type=deleteBlocksCommand with id=1571923647054 timed out. Retrying.
2019-10-24 13:27:35,064 [pool-7-thread-2] INFO  commands.RetriableDatanodeEventWatcher (RetriableDatanodeEventWatcher.java:onTimeout(47)) - RetriableDatanodeCommand type=deleteBlocksCommand with id=1571923647061 timed out. Retrying.
2019-10-24 13:27:35,065 [pool-7-thread-6] INFO  commands.RetriableDatanodeEventWatcher (RetriableDatanodeEventWatcher.java:onTimeout(47)) - RetriableDatanodeCommand type=deleteBlocksCommand with id=1571923647057 timed out. Retrying.
2019-10-24 13:27:35,065 [SCMBlockDeletingService#1] INFO  block.SCMBlockDeletingService (SCMBlockDeletingService.java:call(184)) - Totally added 1 delete blocks command for 1 datanodes, task elapsed time: 1ms
2019-10-24 13:27:35,065 [pool-7-thread-4] INFO  commands.RetriableDatanodeEventWatcher (RetriableDatanodeEventWatcher.java:onTimeout(47)) - RetriableDatanodeCommand type=deleteBlocksCommand with id=1571923647062 timed out. Retrying.
2019-10-24 13:27:35,065 [pool-7-thread-1] INFO  commands.RetriableDatanodeEventWatcher (RetriableDatanodeEventWatcher.java:onTimeout(47)) - RetriableDatanodeCommand type=deleteBlocksCommand with id=1571923647056 timed out. Retrying.
2019-10-24 13:27:35,065 [pool-7-thread-2] INFO  commands.RetriableDatanodeEventWatcher (RetriableDatanodeEventWatcher.java:onTimeout(47)) - RetriableDatanodeCommand type=deleteBlocksCommand with id=1571923647059 timed out. Retrying.
2019-10-24 13:27:35,066 [pool-7-thread-6] INFO  commands.RetriableDatanodeEventWatcher (RetriableDatanodeEventWatcher.java:onTimeout(47)) - RetriableDatanodeCommand type=deleteBlocksCommand with id=1571923647058 timed out. Retrying.
2019-10-24 13:27:35,066 [pool-7-thread-4] INFO  commands.RetriableDatanodeEventWatcher (RetriableDatanodeEventWatcher.java:onTimeout(47)) - RetriableDatanodeCommand type=deleteBlocksCommand with id=1571923647060 timed out. Retrying.
2019-10-24 13:27:35,311 [EventQueue-PendingDeleteStatusForPendingDeleteHandler] INFO  block.SCMBlockDeletingService (SCMBlockDeletingService.java:handlePendingDeletes(115)) - Block deletion txnID mismatch in datanode 6e90e31a-7849-4a98-b31c-06f2da08fbb3 for containerID 1. Datanode delete txnID: 0, SCM txnID: 1
2019-10-24 13:27:35,612 [EventQueue-PendingDeleteStatusForPendingDeleteHandler] INFO  block.SCMBlockDeletingService (SCMBlockDeletingService.java:handlePendingDeletes(115)) - Block deletion txnID mismatch in datanode 6e90e31a-7849-4a98-b31c-06f2da08fbb3 for containerID 1. Datanode delete txnID: 0, SCM txnID: 1
2019-10-24 13:27:35,621 [Command processor thread] INFO  commandhandler.DeleteBlocksCommandHandler (DeleteBlocksCommandHandler.java:handle(106)) - Start to delete container blocks, TXIDs=[1(0)], numOfContainers=1, numOfBlocks=1
2019-10-24 13:27:35,622 [Command processor thread] INFO  commandhandler.DeleteBlocksCommandHandler (DeleteBlocksCommandHandler.java:handle(106)) - Start to delete container blocks, TXIDs=[1(2)], numOfContainers=1, numOfBlocks=1
2019-10-24 13:27:35,622 [Command processor thread] INFO  commandhandler.DeleteBlocksCommandHandler (DeleteBlocksCommandHandler.java:handle(106)) - Start to delete container blocks, TXIDs=[1(0)], numOfContainers=1, numOfBlocks=1
2019-10-24 13:27:35,622 [Command processor thread] INFO  commandhandler.DeleteBlocksCommandHandler (DeleteBlocksCommandHandler.java:handle(106)) - Start to delete container blocks, TXIDs=[1(2)], numOfContainers=1, numOfBlocks=1
2019-10-24 13:27:35,623 [Command processor thread] INFO  commandhandler.DeleteBlocksCommandHandler (DeleteBlocksCommandHandler.java:handle(106)) - Start to delete container blocks, TXIDs=[1(4)], numOfContainers=1, numOfBlocks=1
2019-10-24 13:27:35,623 [Command processor thread] INFO  commandhandler.DeleteBlocksCommandHandler (DeleteBlocksCommandHandler.java:handle(106)) - Start to delete container blocks, TXIDs=[1(0)], numOfContainers=1, numOfBlocks=1
2019-10-24 13:27:35,623 [Command processor thread] INFO  commandhandler.DeleteBlocksCommandHandler (DeleteBlocksCommandHandler.java:handle(106)) - Start to delete container blocks, TXIDs=[1(2)], numOfContainers=1, numOfBlocks=1
2019-10-24 13:27:35,624 [Command processor thread] INFO  commandhandler.DeleteBlocksCommandHandler (DeleteBlocksCommandHandler.java:handle(106)) - Start to delete container blocks, TXIDs=[1(4)], numOfContainers=1, numOfBlocks=1
2019-10-24 13:27:35,624 [Command processor thread] INFO  commandhandler.DeleteBlocksCommandHandler (DeleteBlocksCommandHandler.java:handle(106)) - Start to delete container blocks, TXIDs=[1(6)], numOfContainers=1, numOfBlocks=1
2019-10-24 13:27:35,624 [Command processor thread] INFO  commandhandler.DeleteBlocksCommandHandler (DeleteBlocksCommandHandler.java:handle(106)) - Start to delete container blocks, TXIDs=[1(0)], numOfContainers=1, numOfBlocks=1
2019-10-24 13:27:35,624 [Command processor thread] INFO  commandhandler.DeleteBlocksCommandHandler (DeleteBlocksCommandHandler.java:handle(106)) - Start to delete container blocks, TXIDs=[1(2)], numOfContainers=1, numOfBlocks=1
2019-10-24 13:27:35,625 [Command processor thread] INFO  commandhandler.DeleteBlocksCommandHandler (DeleteBlocksCommandHandler.java:handle(106)) - Start to delete container blocks, TXIDs=[1(4)], numOfContainers=1, numOfBlocks=1
2019-10-24 13:27:35,625 [Command processor thread] INFO  commandhandler.DeleteBlocksCommandHandler (DeleteBlocksCommandHandler.java:handle(106)) - Start to delete container blocks, TXIDs=[1(0)], numOfContainers=1, numOfBlocks=1
2019-10-24 13:27:35,625 [Command processor thread] INFO  commandhandler.DeleteBlocksCommandHandler (DeleteBlocksCommandHandler.java:handle(106)) - Start to delete container blocks, TXIDs=[1(6)], numOfContainers=1, numOfBlocks=1
2019-10-24 13:27:35,625 [Command processor thread] INFO  commandhandler.DeleteBlocksCommandHandler (DeleteBlocksCommandHandler.java:handle(106)) - Start to delete container blocks, TXIDs=[1(8)], numOfContainers=1, numOfBlocks=1
2019-10-24 13:27:35,626 [Command processor thread] INFO  commandhandler.DeleteBlocksCommandHandler (DeleteBlocksCommandHandler.java:handle(106)) - Start to delete container blocks, TXIDs=[1(0)], numOfContainers=1, numOfBlocks=1
2019-10-24 13:27:35,626 [Command processor thread] INFO  commandhandler.DeleteBlocksCommandHandler (DeleteBlocksCommandHandler.java:handle(106)) - Start to delete container blocks, TXIDs=[1(10)], numOfContainers=1, numOfBlocks=1
2019-10-24 13:27:35,626 [Command processor thread] INFO  commandhandler.DeleteBlocksCommandHandler (DeleteBlocksCommandHandler.java:handle(106)) - Start to delete container blocks, TXIDs=[1(8)], numOfContainers=1, numOfBlocks=1
2019-10-24 13:27:35,626 [Command processor thread] INFO  commandhandler.DeleteBlocksCommandHandler (DeleteBlocksCommandHandler.java:handle(106)) - Start to delete container blocks, TXIDs=[1(2)], numOfContainers=1, numOfBlocks=1
2019-10-24 13:27:35,627 [Command processor thread] INFO  commandhandler.DeleteBlocksCommandHandler (DeleteBlocksCommandHandler.java:handle(106)) - Start to delete container blocks, TXIDs=[1(6)], numOfContainers=1, numOfBlocks=1
2019-10-24 13:27:35,627 [Command processor thread] INFO  commandhandler.DeleteBlocksCommandHandler (DeleteBlocksCommandHandler.java:handle(106)) - Start to delete container blocks, TXIDs=[1(4)], numOfContainers=1, numOfBlocks=1
2019-10-24 13:27:35,627 [Command processor thread] INFO  commandhandler.DeleteBlocksCommandHandler (DeleteBlocksCommandHandler.java:handle(106)) - Start to delete container blocks, TXIDs=[1(10)], numOfContainers=1, numOfBlocks=1
2019-10-24 13:27:35,628 [Command processor thread] INFO  commandhandler.DeleteBlocksCommandHandler (DeleteBlocksCommandHandler.java:handle(106)) - Start to delete container blocks, TXIDs=[1(10)], numOfContainers=1, numOfBlocks=1
2019-10-24 13:27:35,628 [Command processor thread] INFO  commandhandler.DeleteBlocksCommandHandler (DeleteBlocksCommandHandler.java:handle(106)) - Start to delete container blocks, TXIDs=[1(4)], numOfContainers=1, numOfBlocks=1
2019-10-24 13:27:35,628 [Command processor thread] INFO  commandhandler.DeleteBlocksCommandHandler (DeleteBlocksCommandHandler.java:handle(106)) - Start to delete container blocks, TXIDs=[1(2)], numOfContainers=1, numOfBlocks=1
2019-10-24 13:27:35,628 [Command processor thread] INFO  commandhandler.DeleteBlocksCommandHandler (DeleteBlocksCommandHandler.java:handle(106)) - Start to delete container blocks, TXIDs=[1(6)], numOfContainers=1, numOfBlocks=1
2019-10-24 13:27:35,629 [Command processor thread] INFO  commandhandler.DeleteBlocksCommandHandler (DeleteBlocksCommandHandler.java:handle(106)) - Start to delete container blocks, TXIDs=[1(8)], numOfContainers=1, numOfBlocks=1
2019-10-24 13:27:35,629 [Command processor thread] INFO  commandhandler.DeleteBlocksCommandHandler (DeleteBlocksCommandHandler.java:handle(106)) - Start to delete container blocks, TXIDs=[1(0)], numOfContainers=1, numOfBlocks=1
2019-10-24 13:27:35,629 [Command processor thread] INFO  commandhandler.DeleteBlocksCommandHandler (DeleteBlocksCommandHandler.java:handle(106)) - Start to delete container blocks, TXIDs=[1(10)], numOfContainers=1, numOfBlocks=1
2019-10-24 13:27:35,629 [Command processor thread] INFO  commandhandler.DeleteBlocksCommandHandler (DeleteBlocksCommandHandler.java:handle(106)) - Start to delete container blocks, TXIDs=[1(10)], numOfContainers=1, numOfBlocks=1
2019-10-24 13:27:35,630 [Command processor thread] INFO  commandhandler.DeleteBlocksCommandHandler (DeleteBlocksCommandHandler.java:handle(106)) - Start to delete container blocks, TXIDs=[1(0)], numOfContainers=1, numOfBlocks=1
2019-10-24 13:27:35,630 [Command processor thread] INFO  commandhandler.DeleteBlocksCommandHandler (DeleteBlocksCommandHandler.java:handle(106)) - Start to delete container blocks, TXIDs=[1(2)], numOfContainers=1, numOfBlocks=1
2019-10-24 13:27:35,630 [Command processor thread] INFO  commandhandler.DeleteBlocksCommandHandler (DeleteBlocksCommandHandler.java:handle(106)) - Start to delete container blocks, TXIDs=[1(4)], numOfContainers=1, numOfBlocks=1
2019-10-24 13:27:35,630 [Command processor thread] INFO  commandhandler.DeleteBlocksCommandHandler (DeleteBlocksCommandHandler.java:handle(106)) - Start to delete container blocks, TXIDs=[1(8)], numOfContainers=1, numOfBlocks=1
2019-10-24 13:27:35,631 [Command processor thread] INFO  commandhandler.DeleteBlocksCommandHandler (DeleteBlocksCommandHandler.java:handle(106)) - Start to delete container blocks, TXIDs=[1(6)], numOfContainers=1, numOfBlocks=1
2019-10-24 13:27:35,631 [Command processor thread] INFO  commandhandler.DeleteBlocksCommandHandler (DeleteBlocksCommandHandler.java:handle(106)) - Start to delete container blocks, TXIDs=[1(10)], numOfContainers=1, numOfBlocks=1
2019-10-24 13:27:35,631 [Command processor thread] INFO  commandhandler.DeleteBlocksCommandHandler (DeleteBlocksCommandHandler.java:handle(106)) - Start to delete container blocks, TXIDs=[1(0)], numOfContainers=1, numOfBlocks=1
2019-10-24 13:27:35,632 [Command processor thread] INFO  commandhandler.DeleteBlocksCommandHandler (DeleteBlocksCommandHandler.java:handle(106)) - Start to delete container blocks, TXIDs=[1(46)], numOfContainers=1, numOfBlocks=1
2019-10-24 13:27:35,632 [Command processor thread] INFO  commandhandler.DeleteBlocksCommandHandler (DeleteBlocksCommandHandler.java:handle(106)) - Start to delete container blocks, TXIDs=[1(10)], numOfContainers=1, numOfBlocks=1
2019-10-24 13:27:35,632 [Command processor thread] INFO  commandhandler.DeleteBlocksCommandHandler (DeleteBlocksCommandHandler.java:handle(106)) - Start to delete container blocks, TXIDs=[1(4)], numOfContainers=1, numOfBlocks=1
2019-10-24 13:27:35,632 [Command processor thread] INFO  commandhandler.DeleteBlocksCommandHandler (DeleteBlocksCommandHandler.java:handle(106)) - Start to delete container blocks, TXIDs=[1(10)], numOfContainers=1, numOfBlocks=1
2019-10-24 13:27:35,633 [Command processor thread] INFO  commandhandler.DeleteBlocksCommandHandler (DeleteBlocksCommandHandler.java:handle(106)) - Start to delete container blocks, TXIDs=[1(2)], numOfContainers=1, numOfBlocks=1
2019-10-24 13:27:35,633 [Command processor thread] INFO  commandhandler.DeleteBlocksCommandHandler (DeleteBlocksCommandHandler.java:handle(106)) - Start to delete container blocks, TXIDs=[1(8)], numOfContainers=1, numOfBlocks=1
2019-10-24 13:27:35,633 [Command processor thread] INFO  commandhandler.DeleteBlocksCommandHandler (DeleteBlocksCommandHandler.java:handle(106)) - Start to delete container blocks, TXIDs=[1(6)], numOfContainers=1, numOfBlocks=1
2019-10-24 13:27:35,633 [Command processor thread] INFO  commandhandler.DeleteBlocksCommandHandler (DeleteBlocksCommandHandler.java:handle(106)) - Start to delete container blocks, TXIDs=[1(10)], numOfContainers=1, numOfBlocks=1
2019-10-24 13:27:35,686 [Thread-578] INFO  impl.FollowerState (FollowerState.java:run(111)) - 6e90e31a-7849-4a98-b31c-06f2da08fbb3@group-BFD5C1DA76D3-FollowerState: change to CANDIDATE, lastRpcTime:5058ms, electionTimeout:5058ms
2019-10-24 13:27:35,686 [Thread-578] INFO  impl.RoleInfo (RoleInfo.java:shutdownFollowerState(121)) - 6e90e31a-7849-4a98-b31c-06f2da08fbb3: shutdown FollowerState
2019-10-24 13:27:35,687 [Thread-578] INFO  impl.RaftServerImpl (RaftServerImpl.java:setRole(173)) - 6e90e31a-7849-4a98-b31c-06f2da08fbb3@group-BFD5C1DA76D3: changes role from  FOLLOWER to CANDIDATE at term 1 for changeToCandidate
2019-10-24 13:27:35,687 [Thread-578] INFO  impl.RoleInfo (RoleInfo.java:updateAndGet(143)) - 6e90e31a-7849-4a98-b31c-06f2da08fbb3: start LeaderElection
2019-10-24 13:27:35,703 [6e90e31a-7849-4a98-b31c-06f2da08fbb3@group-BFD5C1DA76D3-LeaderElection8] INFO  impl.LeaderElection (LeaderElection.java:askForVotes(178)) - 6e90e31a-7849-4a98-b31c-06f2da08fbb3@group-BFD5C1DA76D3-LeaderElection8: begin an election at term 2 for 0: [6e90e31a-7849-4a98-b31c-06f2da08fbb3:192.168.34.46:35359], old=null
2019-10-24 13:27:35,703 [6e90e31a-7849-4a98-b31c-06f2da08fbb3@group-BFD5C1DA76D3-LeaderElection8] INFO  impl.RoleInfo (RoleInfo.java:shutdownLeaderElection(134)) - 6e90e31a-7849-4a98-b31c-06f2da08fbb3: shutdown LeaderElection
2019-10-24 13:27:35,703 [6e90e31a-7849-4a98-b31c-06f2da08fbb3@group-BFD5C1DA76D3-LeaderElection8] INFO  impl.RaftServerImpl (RaftServerImpl.java:setRole(173)) - 6e90e31a-7849-4a98-b31c-06f2da08fbb3@group-BFD5C1DA76D3: changes role from CANDIDATE to LEADER at term 2 for changeToLeader
2019-10-24 13:27:35,704 [6e90e31a-7849-4a98-b31c-06f2da08fbb3@group-BFD5C1DA76D3-LeaderElection8] INFO  impl.RaftServerImpl (ServerState.java:setLeader(255)) - 6e90e31a-7849-4a98-b31c-06f2da08fbb3@group-BFD5C1DA76D3: change Leader from null to 6e90e31a-7849-4a98-b31c-06f2da08fbb3 at term 2 for becomeLeader, leader elected after 7140ms
2019-10-24 13:27:35,705 [6e90e31a-7849-4a98-b31c-06f2da08fbb3@group-BFD5C1DA76D3-LeaderElection8] INFO  server.RaftServerConfigKeys (ConfUtils.java:logGet(43)) - raft.server.staging.catchup.gap = 1000 (default)
2019-10-24 13:27:35,705 [6e90e31a-7849-4a98-b31c-06f2da08fbb3@group-BFD5C1DA76D3-LeaderElection8] INFO  server.RaftServerConfigKeys (ConfUtils.java:logGet(43)) - raft.server.rpc.sleep.time = 25ms (default)
2019-10-24 13:27:35,705 [6e90e31a-7849-4a98-b31c-06f2da08fbb3@group-BFD5C1DA76D3-LeaderElection8] INFO  server.RaftServerConfigKeys (ConfUtils.java:logGet(43)) - raft.server.write.element-limit = 4096 (default)
2019-10-24 13:27:35,705 [6e90e31a-7849-4a98-b31c-06f2da08fbb3@group-BFD5C1DA76D3-LeaderElection8] INFO  server.RaftServerConfigKeys (ConfUtils.java:logGet(43)) - raft.server.watch.timeout = 10s (default)
2019-10-24 13:27:35,705 [6e90e31a-7849-4a98-b31c-06f2da08fbb3@group-BFD5C1DA76D3-LeaderElection8] INFO  server.RaftServerConfigKeys (ConfUtils.java:logGet(43)) - raft.server.watch.timeout.denomination = 1s (default)
2019-10-24 13:27:35,706 [6e90e31a-7849-4a98-b31c-06f2da08fbb3@group-BFD5C1DA76D3-LeaderElection8] INFO  server.RaftServerConfigKeys (ConfUtils.java:logGet(43)) - raft.server.watch.element-limit = 65536 (default)
2019-10-24 13:27:35,706 [6e90e31a-7849-4a98-b31c-06f2da08fbb3@group-BFD5C1DA76D3-LeaderElection8] INFO  impl.RoleInfo (RoleInfo.java:updateAndGet(143)) - 6e90e31a-7849-4a98-b31c-06f2da08fbb3: start LeaderState
2019-10-24 13:27:35,707 [6e90e31a-7849-4a98-b31c-06f2da08fbb3@group-BFD5C1DA76D3-LeaderElection8] INFO  segmented.SegmentedRaftLogWorker (SegmentedRaftLogWorker.java:rollLogSegment(390)) - 6e90e31a-7849-4a98-b31c-06f2da08fbb3@group-BFD5C1DA76D3-SegmentedRaftLogWorker: Rolling segment log-0_0 to index:0
2019-10-24 13:27:35,710 [6e90e31a-7849-4a98-b31c-06f2da08fbb3@group-BFD5C1DA76D3-LeaderElection8] INFO  impl.RaftServerImpl (ServerState.java:setRaftConf(356)) - 6e90e31a-7849-4a98-b31c-06f2da08fbb3@group-BFD5C1DA76D3: set configuration 1: [6e90e31a-7849-4a98-b31c-06f2da08fbb3:192.168.34.46:35359], old=null at 1
2019-10-24 13:27:35,711 [6e90e31a-7849-4a98-b31c-06f2da08fbb3@group-BFD5C1DA76D3-SegmentedRaftLogWorker] INFO  segmented.SegmentedRaftLogWorker (SegmentedRaftLogWorker.java:execute(533)) - 6e90e31a-7849-4a98-b31c-06f2da08fbb3@group-BFD5C1DA76D3-SegmentedRaftLogWorker: Rolled log segment from /workdir/hadoop-ozone/integration-test/target/test-dir/MiniOzoneClusterImpl-31b5e583-27d6-476b-b511-7b0983ad9e8c/datanode-1/data/ratis/811ace29-6efa-4aa4-99f3-bfd5c1da76d3/current/log_inprogress_0 to /workdir/hadoop-ozone/integration-test/target/test-dir/MiniOzoneClusterImpl-31b5e583-27d6-476b-b511-7b0983ad9e8c/datanode-1/data/ratis/811ace29-6efa-4aa4-99f3-bfd5c1da76d3/current/log_0-0
2019-10-24 13:27:35,759 [6e90e31a-7849-4a98-b31c-06f2da08fbb3@group-BFD5C1DA76D3-SegmentedRaftLogWorker] INFO  segmented.SegmentedRaftLogWorker (SegmentedRaftLogWorker.java:execute(576)) - 6e90e31a-7849-4a98-b31c-06f2da08fbb3@group-BFD5C1DA76D3-SegmentedRaftLogWorker: created new log segment /workdir/hadoop-ozone/integration-test/target/test-dir/MiniOzoneClusterImpl-31b5e583-27d6-476b-b511-7b0983ad9e8c/datanode-1/data/ratis/811ace29-6efa-4aa4-99f3-bfd5c1da76d3/current/log_inprogress_1
2019-10-24 13:27:35,782 [Thread-577] INFO  impl.FollowerState (FollowerState.java:run(111)) - 6e90e31a-7849-4a98-b31c-06f2da08fbb3@group-7CFE476639A9-FollowerState: change to CANDIDATE, lastRpcTime:5154ms, electionTimeout:5154ms
2019-10-24 13:27:35,784 [Thread-577] INFO  impl.RoleInfo (RoleInfo.java:shutdownFollowerState(121)) - 6e90e31a-7849-4a98-b31c-06f2da08fbb3: shutdown FollowerState
2019-10-24 13:27:35,784 [Thread-577] INFO  impl.RaftServerImpl (RaftServerImpl.java:setRole(173)) - 6e90e31a-7849-4a98-b31c-06f2da08fbb3@group-7CFE476639A9: changes role from  FOLLOWER to CANDIDATE at term 2 for changeToCandidate
2019-10-24 13:27:35,784 [Thread-577] INFO  impl.RoleInfo (RoleInfo.java:updateAndGet(143)) - 6e90e31a-7849-4a98-b31c-06f2da08fbb3: start LeaderElection
2019-10-24 13:27:35,789 [BlockDeletingService#2] WARN  background.BlockDeletingService (BlockDeletingService.java:isDeletionAllowed(187)) - Close Container log Index 6 is not replicated across allthe servers in the pipeline 400d0dd0-f848-4ed7-b117-7cfe476639a9 as the min replicated index is 4. Deletion is not allowed in this container yet.
2019-10-24 13:27:35,790 [BlockDeletingService#2] WARN  background.BlockDeletingService (BlockDeletingService.java:isDeletionAllowed(187)) - Close Container log Index 6 is not replicated across allthe servers in the pipeline 400d0dd0-f848-4ed7-b117-7cfe476639a9 as the min replicated index is 4. Deletion is not allowed in this container yet.
2019-10-24 13:27:35,796 [6e90e31a-7849-4a98-b31c-06f2da08fbb3@group-7CFE476639A9-LeaderElection9] INFO  impl.LeaderElection (LeaderElection.java:askForVotes(178)) - 6e90e31a-7849-4a98-b31c-06f2da08fbb3@group-7CFE476639A9-LeaderElection9: begin an election at term 3 for 0: [6e90e31a-7849-4a98-b31c-06f2da08fbb3:192.168.34.46:35359, 40829da6-3885-407c-a088-456b651d4556:192.168.34.46:34308, 01d98fa9-b286-41ba-84b0-dae26651fa1e:192.168.34.46:39012], old=null
2019-10-24 13:27:35,806 [grpc-default-executor-5] INFO  impl.RaftServerImpl (ServerState.java:setLeader(255)) - 40829da6-3885-407c-a088-456b651d4556@group-7CFE476639A9: change Leader from 40829da6-3885-407c-a088-456b651d4556 to null at term 3 for updateCurrentTerm
2019-10-24 13:27:35,806 [grpc-default-executor-4] INFO  impl.RaftServerImpl (ServerState.java:setLeader(255)) - 01d98fa9-b286-41ba-84b0-dae26651fa1e@group-7CFE476639A9: change Leader from 40829da6-3885-407c-a088-456b651d4556 to null at term 3 for updateCurrentTerm
2019-10-24 13:27:35,806 [grpc-default-executor-5] INFO  impl.RaftServerImpl (RaftServerImpl.java:setRole(173)) - 40829da6-3885-407c-a088-456b651d4556@group-7CFE476639A9: changes role from    LEADER to FOLLOWER at term 3 for recognizeCandidate:6e90e31a-7849-4a98-b31c-06f2da08fbb3
2019-10-24 13:27:35,807 [grpc-default-executor-4] INFO  impl.RaftServerImpl (RaftServerImpl.java:setRole(173)) - 01d98fa9-b286-41ba-84b0-dae26651fa1e@group-7CFE476639A9: changes role from  FOLLOWER to FOLLOWER at term 3 for recognizeCandidate:6e90e31a-7849-4a98-b31c-06f2da08fbb3
2019-10-24 13:27:35,807 [grpc-default-executor-5] INFO  impl.RoleInfo (RoleInfo.java:shutdownLeaderState(104)) - 40829da6-3885-407c-a088-456b651d4556: shutdown LeaderState
2019-10-24 13:27:35,807 [grpc-default-executor-4] INFO  impl.RoleInfo (RoleInfo.java:shutdownFollowerState(121)) - 01d98fa9-b286-41ba-84b0-dae26651fa1e: shutdown FollowerState
2019-10-24 13:27:35,809 [grpc-default-executor-5] INFO  impl.PendingRequests (PendingRequests.java:sendNotLeaderResponses(206)) - 40829da6-3885-407c-a088-456b651d4556@group-7CFE476639A9-PendingRequests: sendNotLeaderResponses
2019-10-24 13:27:35,810 [org.apache.ratis.server.impl.LogAppender$AppenderDaemon$$Lambda$603/1919681856@2b1df9c4] WARN  server.GrpcLogAppender (GrpcLogAppender.java:mayWait(149)) - 40829da6-3885-407c-a088-456b651d4556@group-7CFE476639A9->01d98fa9-b286-41ba-84b0-dae26651fa1e-GrpcLogAppender: Wait interrupted by java.lang.InterruptedException
2019-10-24 13:27:35,810 [Thread-265] INFO  impl.FollowerState (FollowerState.java:run(120)) - 01d98fa9-b286-41ba-84b0-dae26651fa1e@group-7CFE476639A9-FollowerState was interrupted: java.lang.InterruptedException: sleep interrupted
2019-10-24 13:27:35,810 [org.apache.ratis.server.impl.LogAppender$AppenderDaemon$$Lambda$603/1919681856@2e863606] WARN  server.GrpcLogAppender (GrpcLogAppender.java:mayWait(149)) - 40829da6-3885-407c-a088-456b651d4556@group-7CFE476639A9->6e90e31a-7849-4a98-b31c-06f2da08fbb3-GrpcLogAppender: Wait interrupted by java.lang.InterruptedException
2019-10-24 13:27:35,810 [grpc-default-executor-4] INFO  impl.RoleInfo (RoleInfo.java:updateAndGet(143)) - 01d98fa9-b286-41ba-84b0-dae26651fa1e: start FollowerState
2019-10-24 13:27:35,816 [Thread-620] INFO  client.GrpcClientProtocolService (GrpcClientProtocolService.java:lambda$processClientRequest$0(279)) - Failed RaftClientRequest:client-180CB693DB15->40829da6-3885-407c-a088-456b651d4556@group-7CFE476639A9, cid=10, seq=0, Watch-ALL_COMMITTED(6), Message:<EMPTY>, reply=RaftClientReply:client-180CB693DB15->40829da6-3885-407c-a088-456b651d4556@group-7CFE476639A9, cid=10, FAILED org.apache.ratis.protocol.NotLeaderException: Server 40829da6-3885-407c-a088-456b651d4556@group-7CFE476639A9 is not the leader, logIndex=0, commits[40829da6-3885-407c-a088-456b651d4556:c10, 6e90e31a-7849-4a98-b31c-06f2da08fbb3:c4, 01d98fa9-b286-41ba-84b0-dae26651fa1e:c10]
2019-10-24 13:27:35,816 [grpc-default-executor-5] INFO  impl.RoleInfo (RoleInfo.java:updateAndGet(143)) - 40829da6-3885-407c-a088-456b651d4556: start FollowerState
2019-10-24 13:27:35,819 [grpc-default-executor-6] INFO  server.GrpcServerProtocolService (GrpcServerProtocolService.java:onCompleted(113)) - 01d98fa9-b286-41ba-84b0-dae26651fa1e: Completed APPEND_ENTRIES, lastRequest: 40829da6-3885-407c-a088-456b651d4556->01d98fa9-b286-41ba-84b0-dae26651fa1e#54-t2, previous=(t:2, i:10), leaderCommit=10, initializing? false, entries: <empty>
2019-10-24 13:27:35,825 [grpc-default-executor-7] INFO  server.GrpcLogAppender (GrpcLogAppender.java:onCompleted(308)) - 40829da6-3885-407c-a088-456b651d4556@group-7CFE476639A9->01d98fa9-b286-41ba-84b0-dae26651fa1e-AppendLogResponseHandler: follower responses appendEntries COMPLETED
2019-10-24 13:27:35,827 [EventQueue-DeleteBlockStatusForDeletedBlockLogImpl] WARN  block.DeletedBlockLogImpl (DeletedBlockLogImpl.java:commitTransactions(205)) - Transaction txId=1 commit by dnId=6e90e31a-7849-4a98-b31c-06f2da08fbb3 for containerID=#1 failed. Corresponding entry not found.
2019-10-24 13:27:35,827 [EventQueue-DeleteBlockStatusForDeletedBlockLogImpl] WARN  block.DeletedBlockLogImpl (DeletedBlockLogImpl.java:commitTransactions(205)) - Transaction txId=1 commit by dnId=6e90e31a-7849-4a98-b31c-06f2da08fbb3 for containerID=#1 failed. Corresponding entry not found.
2019-10-24 13:27:35,827 [EventQueue-DeleteBlockStatusForDeletedBlockLogImpl] WARN  block.DeletedBlockLogImpl (DeletedBlockLogImpl.java:commitTransactions(205)) - Transaction txId=1 commit by dnId=6e90e31a-7849-4a98-b31c-06f2da08fbb3 for containerID=#1 failed. Corresponding entry not found.
2019-10-24 13:27:35,827 [EventQueue-DeleteBlockStatusForDeletedBlockLogImpl] WARN  block.DeletedBlockLogImpl (DeletedBlockLogImpl.java:commitTransactions(205)) - Transaction txId=1 commit by dnId=6e90e31a-7849-4a98-b31c-06f2da08fbb3 for containerID=#1 failed. Corresponding entry not found.
2019-10-24 13:27:35,827 [grpc-default-executor-7] INFO  impl.FollowerInfo (FollowerInfo.java:lambda$new$0(51)) - 40829da6-3885-407c-a088-456b651d4556@group-7CFE476639A9->01d98fa9-b286-41ba-84b0-dae26651fa1e: nextIndex: updateUnconditionally 11 -> 10
2019-10-24 13:27:35,827 [EventQueue-DeleteBlockStatusForDeletedBlockLogImpl] WARN  block.DeletedBlockLogImpl (DeletedBlockLogImpl.java:commitTransactions(205)) - Transaction txId=1 commit by dnId=6e90e31a-7849-4a98-b31c-06f2da08fbb3 for containerID=#1 failed. Corresponding entry not found.
2019-10-24 13:27:35,828 [EventQueue-DeleteBlockStatusForDeletedBlockLogImpl] WARN  block.DeletedBlockLogImpl (DeletedBlockLogImpl.java:commitTransactions(205)) - Transaction txId=1 commit by dnId=6e90e31a-7849-4a98-b31c-06f2da08fbb3 for containerID=#1 failed. Corresponding entry not found.
2019-10-24 13:27:35,828 [EventQueue-DeleteBlockStatusForDeletedBlockLogImpl] WARN  block.DeletedBlockLogImpl (DeletedBlockLogImpl.java:commitTransactions(205)) - Transaction txId=1 commit by dnId=6e90e31a-7849-4a98-b31c-06f2da08fbb3 for containerID=#1 failed. Corresponding entry not found.
2019-10-24 13:27:35,828 [EventQueue-DeleteBlockStatusForDeletedBlockLogImpl] WARN  block.DeletedBlockLogImpl (DeletedBlockLogImpl.java:commitTransactions(205)) - Transaction txId=1 commit by dnId=6e90e31a-7849-4a98-b31c-06f2da08fbb3 for containerID=#1 failed. Corresponding entry not found.
2019-10-24 13:27:35,844 [6e90e31a-7849-4a98-b31c-06f2da08fbb3@group-7CFE476639A9-LeaderElection9] INFO  impl.LeaderElection (LeaderElection.java:logAndReturn(56)) - 6e90e31a-7849-4a98-b31c-06f2da08fbb3@group-7CFE476639A9-LeaderElection9: Election REJECTED; received 2 response(s) [6e90e31a-7849-4a98-b31c-06f2da08fbb3<-40829da6-3885-407c-a088-456b651d4556#0:FAIL-t3, 6e90e31a-7849-4a98-b31c-06f2da08fbb3<-01d98fa9-b286-41ba-84b0-dae26651fa1e#0:FAIL-t3] and 0 exception(s); 6e90e31a-7849-4a98-b31c-06f2da08fbb3@group-7CFE476639A9:t3, leader=null, voted=6e90e31a-7849-4a98-b31c-06f2da08fbb3, raftlog=6e90e31a-7849-4a98-b31c-06f2da08fbb3@group-7CFE476639A9-SegmentedRaftLog:OPENED:c3,f4,i4, conf=0: [6e90e31a-7849-4a98-b31c-06f2da08fbb3:192.168.34.46:35359, 40829da6-3885-407c-a088-456b651d4556:192.168.34.46:34308, 01d98fa9-b286-41ba-84b0-dae26651fa1e:192.168.34.46:39012], old=null
2019-10-24 13:27:35,844 [6e90e31a-7849-4a98-b31c-06f2da08fbb3@group-7CFE476639A9-LeaderElection9] INFO  impl.RaftServerImpl (RaftServerImpl.java:setRole(173)) - 6e90e31a-7849-4a98-b31c-06f2da08fbb3@group-7CFE476639A9: changes role from CANDIDATE to FOLLOWER at term 3 for DISCOVERED_A_NEW_TERM
2019-10-24 13:27:35,844 [6e90e31a-7849-4a98-b31c-06f2da08fbb3@group-7CFE476639A9-LeaderElection9] INFO  impl.RoleInfo (RoleInfo.java:shutdownLeaderElection(134)) - 6e90e31a-7849-4a98-b31c-06f2da08fbb3: shutdown LeaderElection
2019-10-24 13:27:35,846 [6e90e31a-7849-4a98-b31c-06f2da08fbb3@group-7CFE476639A9-LeaderElection9] INFO  impl.RoleInfo (RoleInfo.java:updateAndGet(143)) - 6e90e31a-7849-4a98-b31c-06f2da08fbb3: start FollowerState
2019-10-24 13:27:36,792 [BlockDeletingService#2] WARN  background.BlockDeletingService (BlockDeletingService.java:isDeletionAllowed(187)) - Close Container log Index 6 is not replicated across allthe servers in the pipeline 400d0dd0-f848-4ed7-b117-7cfe476639a9 as the min replicated index is 4. Deletion is not allowed in this container yet.
2019-10-24 13:27:36,795 [BlockDeletingService#2] WARN  background.BlockDeletingService (BlockDeletingService.java:isDeletionAllowed(187)) - Close Container log Index 6 is not replicated across allthe servers in the pipeline 400d0dd0-f848-4ed7-b117-7cfe476639a9 as the min replicated index is 4. Deletion is not allowed in this container yet.
2019-10-24 13:27:36,840 [Thread-627] INFO  client.GrpcClientProtocolService (GrpcClientProtocolService.java:lambda$processClientRequest$0(279)) - Failed RaftClientRequest:client-180CB693DB15->6e90e31a-7849-4a98-b31c-06f2da08fbb3@group-7CFE476639A9, cid=10, seq=0, Watch-ALL_COMMITTED(6), Message:<EMPTY>, reply=RaftClientReply:client-180CB693DB15->6e90e31a-7849-4a98-b31c-06f2da08fbb3@group-7CFE476639A9, cid=10, FAILED org.apache.ratis.protocol.NotLeaderException: Server 6e90e31a-7849-4a98-b31c-06f2da08fbb3@group-7CFE476639A9 is not the leader, logIndex=0, commits[6e90e31a-7849-4a98-b31c-06f2da08fbb3:c3]
2019-10-24 13:27:37,344 [java.util.concurrent.ThreadPoolExecutor$Worker@7ba61e93[State = -1, empty queue]] WARN  server.GrpcLogAppender (GrpcLogAppender.java:timeoutAppendRequest(209)) - 40829da6-3885-407c-a088-456b651d4556@group-7CFE476639A9->6e90e31a-7849-4a98-b31c-06f2da08fbb3-GrpcLogAppender: appendEntries Timeout, request=40829da6-3885-407c-a088-456b651d4556->6e90e31a-7849-4a98-b31c-06f2da08fbb3#54-t2, previous=(t:2, i:10), leaderCommit=10, initializing? false, entries: <empty>
2019-10-24 13:27:37,797 [BlockDeletingService#2] WARN  background.BlockDeletingService (BlockDeletingService.java:isDeletionAllowed(187)) - Close Container log Index 6 is not replicated across allthe servers in the pipeline 400d0dd0-f848-4ed7-b117-7cfe476639a9 as the min replicated index is 4. Deletion is not allowed in this container yet.
2019-10-24 13:27:37,797 [BlockDeletingService#2] WARN  background.BlockDeletingService (BlockDeletingService.java:isDeletionAllowed(187)) - Close Container log Index 6 is not replicated across allthe servers in the pipeline 400d0dd0-f848-4ed7-b117-7cfe476639a9 as the min replicated index is 4. Deletion is not allowed in this container yet.
2019-10-24 13:27:37,859 [Thread-633] INFO  client.GrpcClientProtocolService (GrpcClientProtocolService.java:lambda$processClientRequest$0(279)) - Failed RaftClientRequest:client-180CB693DB15->40829da6-3885-407c-a088-456b651d4556@group-7CFE476639A9, cid=10, seq=0, Watch-ALL_COMMITTED(6), Message:<EMPTY>, reply=RaftClientReply:client-180CB693DB15->40829da6-3885-407c-a088-456b651d4556@group-7CFE476639A9, cid=10, FAILED org.apache.ratis.protocol.NotLeaderException: Server 40829da6-3885-407c-a088-456b651d4556@group-7CFE476639A9 is not the leader, logIndex=0, commits[40829da6-3885-407c-a088-456b651d4556:c10, 6e90e31a-7849-4a98-b31c-06f2da08fbb3:c4, 01d98fa9-b286-41ba-84b0-dae26651fa1e:c10]
]]></system-out>
    <system-err><![CDATA[ERROR StatusLogger No Log4j 2 configuration file found. Using default configuration (logging only errors to the console), or user programmatically provided configurations. Set system property 'log4j2.debug' to show Log4j 2 internal initialization logging. See https://logging.apache.org/log4j/2.x/manual/configuration.html for instructions on how to configure Log4j 2
Oct 24, 2019 1:25:51 PM org.apache.ratis.thirdparty.io.grpc.internal.SerializingExecutor run
SEVERE: Exception while executing runnable org.apache.ratis.thirdparty.io.grpc.internal.ServerImpl$JumpToApplicationThreadServerStreamListener$1Closed@2eca847d
org.apache.ratis.thirdparty.io.grpc.StatusRuntimeException: CANCELLED: call already cancelled
	at org.apache.ratis.thirdparty.io.grpc.Status.asRuntimeException(Status.java:517)
	at org.apache.ratis.thirdparty.io.grpc.stub.ServerCalls$ServerCallStreamObserverImpl.onCompleted(ServerCalls.java:356)
	at org.apache.ratis.grpc.server.GrpcServerProtocolService$ServerRequestStreamObserver.onError(GrpcServerProtocolService.java:121)
	at org.apache.ratis.thirdparty.io.grpc.stub.ServerCalls$StreamingServerCallHandler$StreamingServerCallListener.onCancel(ServerCalls.java:269)
	at org.apache.ratis.thirdparty.io.grpc.internal.ServerCallImpl$ServerStreamListenerImpl.closed(ServerCallImpl.java:293)
	at org.apache.ratis.thirdparty.io.grpc.internal.ServerImpl$JumpToApplicationThreadServerStreamListener$1Closed.runInContext(ServerImpl.java:741)
	at org.apache.ratis.thirdparty.io.grpc.internal.ContextRunnable.run(ContextRunnable.java:37)
	at org.apache.ratis.thirdparty.io.grpc.internal.SerializingExecutor.run(SerializingExecutor.java:123)
	at java.util.concurrent.ThreadPoolExecutor.runWorker(ThreadPoolExecutor.java:1149)
	at java.util.concurrent.ThreadPoolExecutor$Worker.run(ThreadPoolExecutor.java:624)
	at java.lang.Thread.run(Thread.java:748)

Oct 24, 2019 1:25:51 PM org.apache.ratis.thirdparty.io.grpc.internal.SerializingExecutor run
SEVERE: Exception while executing runnable org.apache.ratis.thirdparty.io.grpc.internal.ClientCallImpl$ClientStreamListenerImpl$1StreamClosed@5358012
java.lang.NullPointerException
	at org.apache.ratis.grpc.server.GrpcLogAppender$AppendLogResponseHandler.onError(GrpcLogAppender.java:303)
	at org.apache.ratis.thirdparty.io.grpc.stub.ClientCalls$StreamObserverToCallListenerAdapter.onClose(ClientCalls.java:434)
	at org.apache.ratis.thirdparty.io.grpc.PartialForwardingClientCallListener.onClose(PartialForwardingClientCallListener.java:39)
	at org.apache.ratis.thirdparty.io.grpc.ForwardingClientCallListener.onClose(ForwardingClientCallListener.java:23)
	at org.apache.ratis.thirdparty.io.grpc.ForwardingClientCallListener$SimpleForwardingClientCallListener.onClose(ForwardingClientCallListener.java:40)
	at org.apache.ratis.thirdparty.io.grpc.internal.CensusStatsModule$StatsClientInterceptor$1$1.onClose(CensusStatsModule.java:678)
	at org.apache.ratis.thirdparty.io.grpc.PartialForwardingClientCallListener.onClose(PartialForwardingClientCallListener.java:39)
	at org.apache.ratis.thirdparty.io.grpc.ForwardingClientCallListener.onClose(ForwardingClientCallListener.java:23)
	at org.apache.ratis.thirdparty.io.grpc.ForwardingClientCallListener$SimpleForwardingClientCallListener.onClose(ForwardingClientCallListener.java:40)
	at org.apache.ratis.thirdparty.io.grpc.internal.CensusTracingModule$TracingClientInterceptor$1$1.onClose(CensusTracingModule.java:397)
	at org.apache.ratis.thirdparty.io.grpc.internal.ClientCallImpl.closeObserver(ClientCallImpl.java:459)
	at org.apache.ratis.thirdparty.io.grpc.internal.ClientCallImpl.access$300(ClientCallImpl.java:63)
	at org.apache.ratis.thirdparty.io.grpc.internal.ClientCallImpl$ClientStreamListenerImpl.close(ClientCallImpl.java:546)
	at org.apache.ratis.thirdparty.io.grpc.internal.ClientCallImpl$ClientStreamListenerImpl.access$600(ClientCallImpl.java:467)
	at org.apache.ratis.thirdparty.io.grpc.internal.ClientCallImpl$ClientStreamListenerImpl$1StreamClosed.runInContext(ClientCallImpl.java:584)
	at org.apache.ratis.thirdparty.io.grpc.internal.ContextRunnable.run(ContextRunnable.java:37)
	at org.apache.ratis.thirdparty.io.grpc.internal.SerializingExecutor.run(SerializingExecutor.java:123)
	at java.util.concurrent.ThreadPoolExecutor.runWorker(ThreadPoolExecutor.java:1149)
	at java.util.concurrent.ThreadPoolExecutor$Worker.run(ThreadPoolExecutor.java:624)
	at java.lang.Thread.run(Thread.java:748)

]]></system-err>
  </testcase>
</testsuite>