<?xml version="1.0" encoding="UTF-8"?>
<testsuite xmlns:xsi="http://www.w3.org/2001/XMLSchema-instance" xsi:noNamespaceSchemaLocation="https://maven.apache.org/surefire/maven-surefire-plugin/xsd/surefire-test-report.xsd" name="org.apache.hadoop.ozone.freon.TestFreonWithPipelineDestroy" time="58.06" tests="1" errors="1" skipped="0" failures="0">
  <properties>
    <property name="awt.toolkit" value="sun.awt.X11.XToolkit"/>
    <property name="file.encoding.pkg" value="sun.io"/>
    <property name="java.specification.version" value="1.8"/>
    <property name="sun.cpu.isalist" value=""/>
    <property name="sun.jnu.encoding" value="ANSI_X3.4-1968"/>
    <property name="java.class.path" value="/workdir/hadoop-ozone/tools/target/test-classes:/workdir/hadoop-ozone/tools/target/classes:/home/user/.m2/repository/org/apache/hadoop/hadoop-ozone-ozone-manager/0.5.0-SNAPSHOT/hadoop-ozone-ozone-manager-0.5.0-SNAPSHOT.jar:/home/user/.m2/repository/org/apache/hadoop/hadoop-hdds-docs/0.5.0-SNAPSHOT/hadoop-hdds-docs-0.5.0-SNAPSHOT.jar:/home/user/.m2/repository/org/bouncycastle/bcprov-jdk15on/1.60/bcprov-jdk15on-1.60.jar:/home/user/.m2/repository/org/apache/hadoop/hadoop-ozone-common/0.5.0-SNAPSHOT/hadoop-ozone-common-0.5.0-SNAPSHOT.jar:/home/user/.m2/repository/org/apache/commons/commons-compress/1.4.1/commons-compress-1.4.1.jar:/home/user/.m2/repository/org/tukaani/xz/1.0/xz-1.0.jar:/home/user/.m2/repository/org/apache/hadoop/hadoop-hdfs-client/3.2.0/hadoop-hdfs-client-3.2.0.jar:/home/user/.m2/repository/com/fasterxml/jackson/core/jackson-annotations/2.9.9/jackson-annotations-2.9.9.jar:/home/user/.m2/repository/org/apache/hadoop/hadoop-hdds-common/0.5.0-SNAPSHOT/hadoop-hdds-common-0.5.0-SNAPSHOT.jar:/home/user/.m2/repository/org/apache/hadoop/hadoop-hdds-config/0.5.0-SNAPSHOT/hadoop-hdds-config-0.5.0-SNAPSHOT.jar:/home/user/.m2/repository/javax/annotation/javax.annotation-api/1.2/javax.annotation-api-1.2.jar:/home/user/.m2/repository/org/apache/ratis/ratis-server/0.5.0-d6d58d0-SNAPSHOT/ratis-server-0.5.0-d6d58d0-SNAPSHOT.jar:/home/user/.m2/repository/org/apache/ratis/ratis-thirdparty-misc/0.2.0/ratis-thirdparty-misc-0.2.0.jar:/home/user/.m2/repository/org/apache/ratis/ratis-proto/0.5.0-d6d58d0-SNAPSHOT/ratis-proto-0.5.0-d6d58d0-SNAPSHOT.jar:/home/user/.m2/repository/org/apache/ratis/ratis-common/0.5.0-d6d58d0-SNAPSHOT/ratis-common-0.5.0-d6d58d0-SNAPSHOT.jar:/home/user/.m2/repository/org/apache/ratis/ratis-client/0.5.0-d6d58d0-SNAPSHOT/ratis-client-0.5.0-d6d58d0-SNAPSHOT.jar:/home/user/.m2/repository/org/apache/ratis/ratis-metrics/0.5.0-d6d58d0-SNAPSHOT/ratis-metrics-0.5.0-d6d58d0-SNAPSHOT.jar:/home/user/.m2/repository/org/apache/ratis/ratis-netty/0.5.0-d6d58d0-SNAPSHOT/ratis-netty-0.5.0-d6d58d0-SNAPSHOT.jar:/home/user/.m2/repository/org/apache/ratis/ratis-grpc/0.5.0-d6d58d0-SNAPSHOT/ratis-grpc-0.5.0-d6d58d0-SNAPSHOT.jar:/home/user/.m2/repository/org/rocksdb/rocksdbjni/6.0.1/rocksdbjni-6.0.1.jar:/home/user/.m2/repository/org/apache/logging/log4j/log4j-api/2.11.0/log4j-api-2.11.0.jar:/home/user/.m2/repository/org/apache/logging/log4j/log4j-core/2.11.0/log4j-core-2.11.0.jar:/home/user/.m2/repository/com/lmax/disruptor/3.4.2/disruptor-3.4.2.jar:/home/user/.m2/repository/org/apache/commons/commons-pool2/2.6.0/commons-pool2-2.6.0.jar:/home/user/.m2/repository/org/bouncycastle/bcpkix-jdk15on/1.60/bcpkix-jdk15on-1.60.jar:/home/user/.m2/repository/commons-validator/commons-validator/1.6/commons-validator-1.6.jar:/home/user/.m2/repository/commons-digester/commons-digester/1.8.1/commons-digester-1.8.1.jar:/home/user/.m2/repository/io/jaegertracing/jaeger-client/0.34.0/jaeger-client-0.34.0.jar:/home/user/.m2/repository/io/jaegertracing/jaeger-thrift/0.34.0/jaeger-thrift-0.34.0.jar:/home/user/.m2/repository/org/apache/thrift/libthrift/0.12.0/libthrift-0.12.0.jar:/home/user/.m2/repository/com/squareup/okhttp3/okhttp/3.9.0/okhttp-3.9.0.jar:/home/user/.m2/repository/com/squareup/okio/okio/1.13.0/okio-1.13.0.jar:/home/user/.m2/repository/io/jaegertracing/jaeger-core/0.34.0/jaeger-core-0.34.0.jar:/home/user/.m2/repository/io/jaegertracing/jaeger-tracerresolver/0.34.0/jaeger-tracerresolver-0.34.0.jar:/home/user/.m2/repository/io/opentracing/contrib/opentracing-tracerresolver/0.1.5/opentracing-tracerresolver-0.1.5.jar:/home/user/.m2/repository/io/opentracing/opentracing-util/0.31.0/opentracing-util-0.31.0.jar:/home/user/.m2/repository/io/opentracing/opentracing-api/0.31.0/opentracing-api-0.31.0.jar:/home/user/.m2/repository/io/opentracing/opentracing-noop/0.31.0/opentracing-noop-0.31.0.jar:/home/user/.m2/repository/org/yaml/snakeyaml/1.16/snakeyaml-1.16.jar:/home/user/.m2/repository/org/apache/hadoop/hadoop-hdds-container-service/0.5.0-SNAPSHOT/hadoop-hdds-container-service-0.5.0-SNAPSHOT.jar:/home/user/.m2/repository/org/apache/hadoop/hadoop-hdds-client/0.5.0-SNAPSHOT/hadoop-hdds-client-0.5.0-SNAPSHOT.jar:/home/user/.m2/repository/org/apache/hadoop/hadoop-hdds-tools/0.5.0-SNAPSHOT/hadoop-hdds-tools-0.5.0-SNAPSHOT.jar:/home/user/.m2/repository/org/xerial/sqlite-jdbc/3.25.2/sqlite-jdbc-3.25.2.jar:/home/user/.m2/repository/org/apache/hadoop/hadoop-hdds-server-scm/0.5.0-SNAPSHOT/hadoop-hdds-server-scm-0.5.0-SNAPSHOT.jar:/home/user/.m2/repository/org/hamcrest/hamcrest-all/1.3/hamcrest-all-1.3.jar:/home/user/.m2/repository/info/picocli/picocli/3.9.6/picocli-3.9.6.jar:/home/user/.m2/repository/com/google/protobuf/protobuf-java/2.5.0/protobuf-java-2.5.0.jar:/home/user/.m2/repository/com/google/guava/guava/11.0.2/guava-11.0.2.jar:/home/user/.m2/repository/org/apache/hadoop/hadoop-ozone-client/0.5.0-SNAPSHOT/hadoop-ozone-client-0.5.0-SNAPSHOT.jar:/workdir/hadoop-ozone/ozonefs/target/classes:/home/user/.m2/repository/org/apache/httpcomponents/httpclient/4.5.2/httpclient-4.5.2.jar:/home/user/.m2/repository/org/apache/httpcomponents/httpcore/4.4.4/httpcore-4.4.4.jar:/home/user/.m2/repository/org/apache/hadoop/hadoop-hdds-server-framework/0.5.0-SNAPSHOT/hadoop-hdds-server-framework-0.5.0-SNAPSHOT.jar:/home/user/.m2/repository/org/apache/hadoop/hadoop-common/3.2.0/hadoop-common-3.2.0.jar:/home/user/.m2/repository/org/apache/hadoop/hadoop-annotations/3.2.0/hadoop-annotations-3.2.0.jar:/usr/lib/jvm/java-1.8.0-openjdk-1.8.0.222.b10-1.el7_7.x86_64/jre/../lib/tools.jar:/home/user/.m2/repository/commons-cli/commons-cli/1.2/commons-cli-1.2.jar:/home/user/.m2/repository/org/apache/commons/commons-math3/3.1.1/commons-math3-3.1.1.jar:/home/user/.m2/repository/commons-codec/commons-codec/1.11/commons-codec-1.11.jar:/home/user/.m2/repository/commons-io/commons-io/2.5/commons-io-2.5.jar:/home/user/.m2/repository/commons-net/commons-net/3.6/commons-net-3.6.jar:/home/user/.m2/repository/commons-collections/commons-collections/3.2.2/commons-collections-3.2.2.jar:/home/user/.m2/repository/javax/servlet/javax.servlet-api/3.1.0/javax.servlet-api-3.1.0.jar:/home/user/.m2/repository/org/eclipse/jetty/jetty-server/9.3.25.v20180904/jetty-server-9.3.25.v20180904.jar:/home/user/.m2/repository/org/eclipse/jetty/jetty-http/9.3.25.v20180904/jetty-http-9.3.25.v20180904.jar:/home/user/.m2/repository/org/eclipse/jetty/jetty-io/9.3.25.v20180904/jetty-io-9.3.25.v20180904.jar:/home/user/.m2/repository/org/eclipse/jetty/jetty-util/9.3.25.v20180904/jetty-util-9.3.25.v20180904.jar:/home/user/.m2/repository/org/eclipse/jetty/jetty-servlet/9.3.25.v20180904/jetty-servlet-9.3.25.v20180904.jar:/home/user/.m2/repository/org/eclipse/jetty/jetty-security/9.3.25.v20180904/jetty-security-9.3.25.v20180904.jar:/home/user/.m2/repository/org/eclipse/jetty/jetty-webapp/9.3.25.v20180904/jetty-webapp-9.3.25.v20180904.jar:/home/user/.m2/repository/org/eclipse/jetty/jetty-xml/9.3.25.v20180904/jetty-xml-9.3.25.v20180904.jar:/home/user/.m2/repository/javax/servlet/jsp/jsp-api/2.1/jsp-api-2.1.jar:/home/user/.m2/repository/com/sun/jersey/jersey-core/1.19/jersey-core-1.19.jar:/home/user/.m2/repository/javax/ws/rs/jsr311-api/1.1.1/jsr311-api-1.1.1.jar:/home/user/.m2/repository/com/sun/jersey/jersey-servlet/1.19/jersey-servlet-1.19.jar:/home/user/.m2/repository/com/sun/jersey/jersey-json/1.19/jersey-json-1.19.jar:/home/user/.m2/repository/org/codehaus/jettison/jettison/1.1/jettison-1.1.jar:/home/user/.m2/repository/com/sun/xml/bind/jaxb-impl/2.3.0.1/jaxb-impl-2.3.0.1.jar:/home/user/.m2/repository/org/codehaus/jackson/jackson-core-asl/1.9.13/jackson-core-asl-1.9.13.jar:/home/user/.m2/repository/org/codehaus/jackson/jackson-mapper-asl/1.9.13/jackson-mapper-asl-1.9.13.jar:/home/user/.m2/repository/org/codehaus/jackson/jackson-jaxrs/1.9.13/jackson-jaxrs-1.9.13.jar:/home/user/.m2/repository/org/codehaus/jackson/jackson-xc/1.9.13/jackson-xc-1.9.13.jar:/home/user/.m2/repository/com/sun/jersey/jersey-server/1.19/jersey-server-1.19.jar:/home/user/.m2/repository/commons-logging/commons-logging/1.1.3/commons-logging-1.1.3.jar:/home/user/.m2/repository/log4j/log4j/1.2.17/log4j-1.2.17.jar:/home/user/.m2/repository/commons-beanutils/commons-beanutils/1.9.4/commons-beanutils-1.9.4.jar:/home/user/.m2/repository/org/apache/commons/commons-configuration2/2.1.1/commons-configuration2-2.1.1.jar:/home/user/.m2/repository/org/apache/commons/commons-lang3/3.7/commons-lang3-3.7.jar:/home/user/.m2/repository/org/apache/commons/commons-text/1.4/commons-text-1.4.jar:/home/user/.m2/repository/org/slf4j/slf4j-api/1.7.25/slf4j-api-1.7.25.jar:/home/user/.m2/repository/org/slf4j/slf4j-log4j12/1.7.25/slf4j-log4j12-1.7.25.jar:/home/user/.m2/repository/org/apache/avro/avro/1.7.7/avro-1.7.7.jar:/home/user/.m2/repository/com/thoughtworks/paranamer/paranamer/2.3/paranamer-2.3.jar:/home/user/.m2/repository/org/xerial/snappy/snappy-java/1.0.5/snappy-java-1.0.5.jar:/home/user/.m2/repository/com/google/re2j/re2j/1.1/re2j-1.1.jar:/home/user/.m2/repository/com/google/code/gson/gson/2.2.4/gson-2.2.4.jar:/home/user/.m2/repository/org/apache/hadoop/hadoop-auth/3.2.0/hadoop-auth-3.2.0.jar:/home/user/.m2/repository/com/nimbusds/nimbus-jose-jwt/4.41.1/nimbus-jose-jwt-4.41.1.jar:/home/user/.m2/repository/com/github/stephenc/jcip/jcip-annotations/1.0-1/jcip-annotations-1.0-1.jar:/home/user/.m2/repository/net/minidev/json-smart/2.3/json-smart-2.3.jar:/home/user/.m2/repository/net/minidev/accessors-smart/1.2/accessors-smart-1.2.jar:/home/user/.m2/repository/org/apache/curator/curator-framework/2.12.0/curator-framework-2.12.0.jar:/home/user/.m2/repository/com/jcraft/jsch/0.1.54/jsch-0.1.54.jar:/home/user/.m2/repository/org/apache/curator/curator-client/2.12.0/curator-client-2.12.0.jar:/home/user/.m2/repository/org/apache/curator/curator-recipes/2.12.0/curator-recipes-2.12.0.jar:/home/user/.m2/repository/com/google/code/findbugs/jsr305/3.0.0/jsr305-3.0.0.jar:/home/user/.m2/repository/org/apache/htrace/htrace-core4/4.1.0-incubating/htrace-core4-4.1.0-incubating.jar:/home/user/.m2/repository/org/apache/zookeeper/zookeeper/3.4.13/zookeeper-3.4.13.jar:/home/user/.m2/repository/jline/jline/0.9.94/jline-0.9.94.jar:/home/user/.m2/repository/org/apache/yetus/audience-annotations/0.5.0/audience-annotations-0.5.0.jar:/home/user/.m2/repository/org/apache/kerby/kerb-simplekdc/1.0.1/kerb-simplekdc-1.0.1.jar:/home/user/.m2/repository/org/apache/kerby/kerb-client/1.0.1/kerb-client-1.0.1.jar:/home/user/.m2/repository/org/apache/kerby/kerby-config/1.0.1/kerby-config-1.0.1.jar:/home/user/.m2/repository/org/apache/kerby/kerb-core/1.0.1/kerb-core-1.0.1.jar:/home/user/.m2/repository/org/apache/kerby/kerby-pkix/1.0.1/kerby-pkix-1.0.1.jar:/home/user/.m2/repository/org/apache/kerby/kerby-asn1/1.0.1/kerby-asn1-1.0.1.jar:/home/user/.m2/repository/org/apache/kerby/kerby-util/1.0.1/kerby-util-1.0.1.jar:/home/user/.m2/repository/org/apache/kerby/kerb-common/1.0.1/kerb-common-1.0.1.jar:/home/user/.m2/repository/org/apache/kerby/kerb-crypto/1.0.1/kerb-crypto-1.0.1.jar:/home/user/.m2/repository/org/apache/kerby/kerb-util/1.0.1/kerb-util-1.0.1.jar:/home/user/.m2/repository/org/apache/kerby/token-provider/1.0.1/token-provider-1.0.1.jar:/home/user/.m2/repository/org/apache/kerby/kerb-admin/1.0.1/kerb-admin-1.0.1.jar:/home/user/.m2/repository/org/apache/kerby/kerb-server/1.0.1/kerb-server-1.0.1.jar:/home/user/.m2/repository/org/apache/kerby/kerb-identity/1.0.1/kerb-identity-1.0.1.jar:/home/user/.m2/repository/org/apache/kerby/kerby-xdr/1.0.1/kerby-xdr-1.0.1.jar:/home/user/.m2/repository/com/fasterxml/jackson/core/jackson-databind/2.9.9/jackson-databind-2.9.9.jar:/home/user/.m2/repository/com/fasterxml/jackson/core/jackson-core/2.9.9/jackson-core-2.9.9.jar:/home/user/.m2/repository/org/codehaus/woodstox/stax2-api/3.1.4/stax2-api-3.1.4.jar:/home/user/.m2/repository/com/fasterxml/woodstox/woodstox-core/5.0.3/woodstox-core-5.0.3.jar:/home/user/.m2/repository/dnsjava/dnsjava/2.1.7/dnsjava-2.1.7.jar:/home/user/.m2/repository/org/apache/hadoop/hadoop-hdfs/3.2.0/hadoop-hdfs-3.2.0.jar:/home/user/.m2/repository/org/eclipse/jetty/jetty-util-ajax/9.3.25.v20180904/jetty-util-ajax-9.3.25.v20180904.jar:/home/user/.m2/repository/commons-daemon/commons-daemon/1.0.13/commons-daemon-1.0.13.jar:/home/user/.m2/repository/io/netty/netty/3.10.5.Final/netty-3.10.5.Final.jar:/home/user/.m2/repository/io/netty/netty-all/4.0.52.Final/netty-all-4.0.52.Final.jar:/home/user/.m2/repository/org/fusesource/leveldbjni/leveldbjni-all/1.8/leveldbjni-all-1.8.jar:/home/user/.m2/repository/com/sun/xml/bind/jaxb-core/2.3.0.1/jaxb-core-2.3.0.1.jar:/home/user/.m2/repository/javax/xml/bind/jaxb-api/2.3.0/jaxb-api-2.3.0.jar:/home/user/.m2/repository/javax/activation/activation/1.1.1/activation-1.1.1.jar:/home/user/.m2/repository/org/openjdk/jmh/jmh-core/1.19/jmh-core-1.19.jar:/home/user/.m2/repository/net/sf/jopt-simple/jopt-simple/4.6/jopt-simple-4.6.jar:/home/user/.m2/repository/org/openjdk/jmh/jmh-generator-annprocess/1.19/jmh-generator-annprocess-1.19.jar:/home/user/.m2/repository/io/dropwizard/metrics/metrics-core/3.2.4/metrics-core-3.2.4.jar:/home/user/.m2/repository/com/amazonaws/aws-java-sdk-s3/1.11.615/aws-java-sdk-s3-1.11.615.jar:/home/user/.m2/repository/com/amazonaws/aws-java-sdk-kms/1.11.615/aws-java-sdk-kms-1.11.615.jar:/home/user/.m2/repository/com/amazonaws/aws-java-sdk-core/1.11.615/aws-java-sdk-core-1.11.615.jar:/home/user/.m2/repository/software/amazon/ion/ion-java/1.0.2/ion-java-1.0.2.jar:/home/user/.m2/repository/com/fasterxml/jackson/dataformat/jackson-dataformat-cbor/2.9.9/jackson-dataformat-cbor-2.9.9.jar:/home/user/.m2/repository/joda-time/joda-time/2.9.9/joda-time-2.9.9.jar:/home/user/.m2/repository/com/amazonaws/jmespath-java/1.11.615/jmespath-java-1.11.615.jar:/home/user/.m2/repository/com/github/spotbugs/spotbugs/3.1.12/spotbugs-3.1.12.jar:/home/user/.m2/repository/org/ow2/asm/asm/5.0.4/asm-5.0.4.jar:/home/user/.m2/repository/org/ow2/asm/asm-analysis/7.0/asm-analysis-7.0.jar:/home/user/.m2/repository/org/ow2/asm/asm-commons/7.0/asm-commons-7.0.jar:/home/user/.m2/repository/org/ow2/asm/asm-tree/7.0/asm-tree-7.0.jar:/home/user/.m2/repository/org/ow2/asm/asm-util/7.0/asm-util-7.0.jar:/home/user/.m2/repository/org/apache/bcel/bcel/6.3/bcel-6.3.jar:/home/user/.m2/repository/net/jcip/jcip-annotations/1.0/jcip-annotations-1.0.jar:/home/user/.m2/repository/org/dom4j/dom4j/2.1.1/dom4j-2.1.1.jar:/home/user/.m2/repository/jaxen/jaxen/1.1.6/jaxen-1.1.6.jar:/home/user/.m2/repository/commons-lang/commons-lang/2.6/commons-lang-2.6.jar:/home/user/.m2/repository/com/github/spotbugs/spotbugs-annotations/3.1.12/spotbugs-annotations-3.1.12.jar:/home/user/.m2/repository/junit/junit/4.11/junit-4.11.jar:/home/user/.m2/repository/org/hamcrest/hamcrest-core/1.3/hamcrest-core-1.3.jar:/home/user/.m2/repository/org/apache/hadoop/hadoop-common/3.2.0/hadoop-common-3.2.0-tests.jar:/workdir/hadoop-ozone/integration-test/target/test-classes:/home/user/.m2/repository/org/apache/hadoop/hadoop-ozone-s3gateway/0.5.0-SNAPSHOT/hadoop-ozone-s3gateway-0.5.0-SNAPSHOT.jar:/home/user/.m2/repository/org/jboss/weld/servlet/weld-servlet/2.4.7.Final/weld-servlet-2.4.7.Final.jar:/home/user/.m2/repository/org/glassfish/jersey/containers/jersey-container-servlet-core/2.27/jersey-container-servlet-core-2.27.jar:/home/user/.m2/repository/org/glassfish/hk2/external/javax.inject/2.5.0-b42/javax.inject-2.5.0-b42.jar:/home/user/.m2/repository/org/glassfish/jersey/core/jersey-common/2.27/jersey-common-2.27.jar:/home/user/.m2/repository/org/glassfish/hk2/osgi-resource-locator/1.0.1/osgi-resource-locator-1.0.1.jar:/home/user/.m2/repository/javax/ws/rs/javax.ws.rs-api/2.1/javax.ws.rs-api-2.1.jar:/home/user/.m2/repository/org/glassfish/jersey/ext/cdi/jersey-cdi1x/2.27/jersey-cdi1x-2.27.jar:/home/user/.m2/repository/org/glassfish/jersey/inject/jersey-hk2/2.27/jersey-hk2-2.27.jar:/home/user/.m2/repository/org/glassfish/hk2/hk2-locator/2.5.0-b42/hk2-locator-2.5.0-b42.jar:/home/user/.m2/repository/org/javassist/javassist/3.22.0-CR2/javassist-3.22.0-CR2.jar:/home/user/.m2/repository/org/glassfish/hk2/hk2-api/2.5.0/hk2-api-2.5.0.jar:/home/user/.m2/repository/org/glassfish/hk2/external/jakarta.inject/2.5.0/jakarta.inject-2.5.0.jar:/home/user/.m2/repository/org/glassfish/hk2/hk2-utils/2.5.0/hk2-utils-2.5.0.jar:/home/user/.m2/repository/jakarta/annotation/jakarta.annotation-api/1.3.4/jakarta.annotation-api-1.3.4.jar:/home/user/.m2/repository/org/glassfish/hk2/external/aopalliance-repackaged/2.5.0/aopalliance-repackaged-2.5.0.jar:/home/user/.m2/repository/com/fasterxml/jackson/dataformat/jackson-dataformat-xml/2.9.0/jackson-dataformat-xml-2.9.0.jar:/home/user/.m2/repository/com/fasterxml/jackson/module/jackson-module-jaxb-annotations/2.9.9/jackson-module-jaxb-annotations-2.9.9.jar:/home/user/.m2/repository/javax/enterprise/cdi-api/1.2/cdi-api-1.2.jar:/home/user/.m2/repository/javax/el/javax.el-api/3.0.0/javax.el-api-3.0.0.jar:/home/user/.m2/repository/javax/interceptor/javax.interceptor-api/1.2/javax.interceptor-api-1.2.jar:/home/user/.m2/repository/javax/inject/javax.inject/1/javax.inject-1.jar:/home/user/.m2/repository/org/apache/hadoop/hadoop-ozone-csi/0.5.0-SNAPSHOT/hadoop-ozone-csi-0.5.0-SNAPSHOT.jar:/home/user/.m2/repository/com/google/protobuf/protobuf-java-util/3.5.1/protobuf-java-util-3.5.1.jar:/home/user/.m2/repository/io/grpc/grpc-netty/1.17.1/grpc-netty-1.17.1.jar:/home/user/.m2/repository/io/grpc/grpc-core/1.17.1/grpc-core-1.17.1.jar:/home/user/.m2/repository/io/grpc/grpc-context/1.17.1/grpc-context-1.17.1.jar:/home/user/.m2/repository/com/google/errorprone/error_prone_annotations/2.2.0/error_prone_annotations-2.2.0.jar:/home/user/.m2/repository/org/codehaus/mojo/animal-sniffer-annotations/1.17/animal-sniffer-annotations-1.17.jar:/home/user/.m2/repository/io/opencensus/opencensus-api/0.17.0/opencensus-api-0.17.0.jar:/home/user/.m2/repository/io/opencensus/opencensus-contrib-grpc-metrics/0.17.0/opencensus-contrib-grpc-metrics-0.17.0.jar:/home/user/.m2/repository/io/netty/netty-codec-http2/4.1.30.Final/netty-codec-http2-4.1.30.Final.jar:/home/user/.m2/repository/io/netty/netty-codec-http/4.1.30.Final/netty-codec-http-4.1.30.Final.jar:/home/user/.m2/repository/io/netty/netty-codec/4.1.30.Final/netty-codec-4.1.30.Final.jar:/home/user/.m2/repository/io/netty/netty-handler/4.1.30.Final/netty-handler-4.1.30.Final.jar:/home/user/.m2/repository/io/netty/netty-handler-proxy/4.1.30.Final/netty-handler-proxy-4.1.30.Final.jar:/home/user/.m2/repository/io/netty/netty-codec-socks/4.1.30.Final/netty-codec-socks-4.1.30.Final.jar:/home/user/.m2/repository/io/netty/netty-transport-native-epoll/4.1.30.Final/netty-transport-native-epoll-4.1.30.Final.jar:/home/user/.m2/repository/io/netty/netty-common/4.1.30.Final/netty-common-4.1.30.Final.jar:/home/user/.m2/repository/io/netty/netty-buffer/4.1.30.Final/netty-buffer-4.1.30.Final.jar:/home/user/.m2/repository/io/netty/netty-transport/4.1.30.Final/netty-transport-4.1.30.Final.jar:/home/user/.m2/repository/io/netty/netty-resolver/4.1.30.Final/netty-resolver-4.1.30.Final.jar:/home/user/.m2/repository/io/netty/netty-transport-native-unix-common/4.1.30.Final/netty-transport-native-unix-common-4.1.30.Final.jar:/home/user/.m2/repository/io/grpc/grpc-protobuf/1.17.1/grpc-protobuf-1.17.1.jar:/home/user/.m2/repository/com/google/api/grpc/proto-google-common-protos/1.0.0/proto-google-common-protos-1.0.0.jar:/home/user/.m2/repository/io/grpc/grpc-protobuf-lite/1.17.1/grpc-protobuf-lite-1.17.1.jar:/home/user/.m2/repository/io/grpc/grpc-stub/1.17.1/grpc-stub-1.17.1.jar:/home/user/.m2/repository/org/apache/hadoop/hadoop-ozone-recon/0.5.0-SNAPSHOT/hadoop-ozone-recon-0.5.0-SNAPSHOT.jar:/home/user/.m2/repository/org/apache/hadoop/hadoop-ozone-reconcodegen/0.5.0-SNAPSHOT/hadoop-ozone-reconcodegen-0.5.0-SNAPSHOT.jar:/home/user/.m2/repository/com/google/inject/extensions/guice-multibindings/4.0/guice-multibindings-4.0.jar:/home/user/.m2/repository/com/google/inject/guice/4.0/guice-4.0.jar:/home/user/.m2/repository/aopalliance/aopalliance/1.0/aopalliance-1.0.jar:/home/user/.m2/repository/com/google/inject/extensions/guice-servlet/4.0/guice-servlet-4.0.jar:/home/user/.m2/repository/org/glassfish/jersey/containers/jersey-container-servlet/2.27/jersey-container-servlet-2.27.jar:/home/user/.m2/repository/org/glassfish/hk2/guice-bridge/2.5.0/guice-bridge-2.5.0.jar:/home/user/.m2/repository/org/glassfish/jersey/core/jersey-server/2.27/jersey-server-2.27.jar:/home/user/.m2/repository/org/glassfish/jersey/core/jersey-client/2.27/jersey-client-2.27.jar:/home/user/.m2/repository/org/glassfish/jersey/media/jersey-media-jaxb/2.27/jersey-media-jaxb-2.27.jar:/home/user/.m2/repository/javax/validation/validation-api/1.1.0.Final/validation-api-1.1.0.Final.jar:/home/user/.m2/repository/org/glassfish/jersey/media/jersey-media-json-jackson/2.27/jersey-media-json-jackson-2.27.jar:/home/user/.m2/repository/org/glassfish/jersey/ext/jersey-entity-filtering/2.27/jersey-entity-filtering-2.27.jar:/home/user/.m2/repository/com/google/inject/extensions/guice-assistedinject/4.0/guice-assistedinject-4.0.jar:/home/user/.m2/repository/org/jooq/jooq/3.11.10/jooq-3.11.10.jar:/home/user/.m2/repository/org/jooq/jooq-meta/3.11.10/jooq-meta-3.11.10.jar:/home/user/.m2/repository/org/jooq/jooq-codegen/3.11.10/jooq-codegen-3.11.10.jar:/home/user/.m2/repository/com/jolbox/bonecp/0.8.0.RELEASE/bonecp-0.8.0.RELEASE.jar:/home/user/.m2/repository/org/springframework/spring-jdbc/5.1.3.RELEASE/spring-jdbc-5.1.3.RELEASE.jar:/home/user/.m2/repository/org/springframework/spring-beans/5.1.3.RELEASE/spring-beans-5.1.3.RELEASE.jar:/home/user/.m2/repository/org/springframework/spring-core/5.1.3.RELEASE/spring-core-5.1.3.RELEASE.jar:/home/user/.m2/repository/org/springframework/spring-jcl/5.1.3.RELEASE/spring-jcl-5.1.3.RELEASE.jar:/home/user/.m2/repository/org/springframework/spring-tx/5.1.3.RELEASE/spring-tx-5.1.3.RELEASE.jar:/home/user/.m2/repository/org/mockito/mockito-core/2.15.0/mockito-core-2.15.0.jar:/home/user/.m2/repository/net/bytebuddy/byte-buddy/1.7.9/byte-buddy-1.7.9.jar:/home/user/.m2/repository/net/bytebuddy/byte-buddy-agent/1.7.9/byte-buddy-agent-1.7.9.jar:/home/user/.m2/repository/org/objenesis/objenesis/1.0/objenesis-1.0.jar:"/>
    <property name="java.vm.vendor" value="Oracle Corporation"/>
    <property name="sun.arch.data.model" value="64"/>
    <property name="test.build.dir" value="/workdir/hadoop-ozone/tools/target/test-dir"/>
    <property name="test.cache.data" value=""/>
    <property name="java.vendor.url" value="http://java.oracle.com/"/>
    <property name="user.timezone" value=""/>
    <property name="java.vm.specification.version" value="1.8"/>
    <property name="os.name" value="Linux"/>
    <property name="test.build.data" value="/workdir/hadoop-ozone/tools/target/test-dir"/>
    <property name="user.country" value="US"/>
    <property name="sun.java.launcher" value="SUN_STANDARD"/>
    <property name="sun.boot.library.path" value="/usr/lib/jvm/java-1.8.0-openjdk-1.8.0.222.b10-1.el7_7.x86_64/jre/lib/amd64"/>
    <property name="sun.java.command" value="/workdir/hadoop-ozone/tools/target/surefire/surefirebooter3786971236368333617.jar /workdir/hadoop-ozone/tools/target/surefire 2019-11-14T20-04-39_082-jvmRun1 surefire1203244993267713991tmp surefire_1022513238101504041389tmp"/>
    <property name="surefire.test.class.path" value="/workdir/hadoop-ozone/tools/target/test-classes:/workdir/hadoop-ozone/tools/target/classes:/home/user/.m2/repository/org/apache/hadoop/hadoop-ozone-ozone-manager/0.5.0-SNAPSHOT/hadoop-ozone-ozone-manager-0.5.0-SNAPSHOT.jar:/home/user/.m2/repository/org/apache/hadoop/hadoop-hdds-docs/0.5.0-SNAPSHOT/hadoop-hdds-docs-0.5.0-SNAPSHOT.jar:/home/user/.m2/repository/org/bouncycastle/bcprov-jdk15on/1.60/bcprov-jdk15on-1.60.jar:/home/user/.m2/repository/org/apache/hadoop/hadoop-ozone-common/0.5.0-SNAPSHOT/hadoop-ozone-common-0.5.0-SNAPSHOT.jar:/home/user/.m2/repository/org/apache/commons/commons-compress/1.4.1/commons-compress-1.4.1.jar:/home/user/.m2/repository/org/tukaani/xz/1.0/xz-1.0.jar:/home/user/.m2/repository/org/apache/hadoop/hadoop-hdfs-client/3.2.0/hadoop-hdfs-client-3.2.0.jar:/home/user/.m2/repository/com/fasterxml/jackson/core/jackson-annotations/2.9.9/jackson-annotations-2.9.9.jar:/home/user/.m2/repository/org/apache/hadoop/hadoop-hdds-common/0.5.0-SNAPSHOT/hadoop-hdds-common-0.5.0-SNAPSHOT.jar:/home/user/.m2/repository/org/apache/hadoop/hadoop-hdds-config/0.5.0-SNAPSHOT/hadoop-hdds-config-0.5.0-SNAPSHOT.jar:/home/user/.m2/repository/javax/annotation/javax.annotation-api/1.2/javax.annotation-api-1.2.jar:/home/user/.m2/repository/org/apache/ratis/ratis-server/0.5.0-d6d58d0-SNAPSHOT/ratis-server-0.5.0-d6d58d0-SNAPSHOT.jar:/home/user/.m2/repository/org/apache/ratis/ratis-thirdparty-misc/0.2.0/ratis-thirdparty-misc-0.2.0.jar:/home/user/.m2/repository/org/apache/ratis/ratis-proto/0.5.0-d6d58d0-SNAPSHOT/ratis-proto-0.5.0-d6d58d0-SNAPSHOT.jar:/home/user/.m2/repository/org/apache/ratis/ratis-common/0.5.0-d6d58d0-SNAPSHOT/ratis-common-0.5.0-d6d58d0-SNAPSHOT.jar:/home/user/.m2/repository/org/apache/ratis/ratis-client/0.5.0-d6d58d0-SNAPSHOT/ratis-client-0.5.0-d6d58d0-SNAPSHOT.jar:/home/user/.m2/repository/org/apache/ratis/ratis-metrics/0.5.0-d6d58d0-SNAPSHOT/ratis-metrics-0.5.0-d6d58d0-SNAPSHOT.jar:/home/user/.m2/repository/org/apache/ratis/ratis-netty/0.5.0-d6d58d0-SNAPSHOT/ratis-netty-0.5.0-d6d58d0-SNAPSHOT.jar:/home/user/.m2/repository/org/apache/ratis/ratis-grpc/0.5.0-d6d58d0-SNAPSHOT/ratis-grpc-0.5.0-d6d58d0-SNAPSHOT.jar:/home/user/.m2/repository/org/rocksdb/rocksdbjni/6.0.1/rocksdbjni-6.0.1.jar:/home/user/.m2/repository/org/apache/logging/log4j/log4j-api/2.11.0/log4j-api-2.11.0.jar:/home/user/.m2/repository/org/apache/logging/log4j/log4j-core/2.11.0/log4j-core-2.11.0.jar:/home/user/.m2/repository/com/lmax/disruptor/3.4.2/disruptor-3.4.2.jar:/home/user/.m2/repository/org/apache/commons/commons-pool2/2.6.0/commons-pool2-2.6.0.jar:/home/user/.m2/repository/org/bouncycastle/bcpkix-jdk15on/1.60/bcpkix-jdk15on-1.60.jar:/home/user/.m2/repository/commons-validator/commons-validator/1.6/commons-validator-1.6.jar:/home/user/.m2/repository/commons-digester/commons-digester/1.8.1/commons-digester-1.8.1.jar:/home/user/.m2/repository/io/jaegertracing/jaeger-client/0.34.0/jaeger-client-0.34.0.jar:/home/user/.m2/repository/io/jaegertracing/jaeger-thrift/0.34.0/jaeger-thrift-0.34.0.jar:/home/user/.m2/repository/org/apache/thrift/libthrift/0.12.0/libthrift-0.12.0.jar:/home/user/.m2/repository/com/squareup/okhttp3/okhttp/3.9.0/okhttp-3.9.0.jar:/home/user/.m2/repository/com/squareup/okio/okio/1.13.0/okio-1.13.0.jar:/home/user/.m2/repository/io/jaegertracing/jaeger-core/0.34.0/jaeger-core-0.34.0.jar:/home/user/.m2/repository/io/jaegertracing/jaeger-tracerresolver/0.34.0/jaeger-tracerresolver-0.34.0.jar:/home/user/.m2/repository/io/opentracing/contrib/opentracing-tracerresolver/0.1.5/opentracing-tracerresolver-0.1.5.jar:/home/user/.m2/repository/io/opentracing/opentracing-util/0.31.0/opentracing-util-0.31.0.jar:/home/user/.m2/repository/io/opentracing/opentracing-api/0.31.0/opentracing-api-0.31.0.jar:/home/user/.m2/repository/io/opentracing/opentracing-noop/0.31.0/opentracing-noop-0.31.0.jar:/home/user/.m2/repository/org/yaml/snakeyaml/1.16/snakeyaml-1.16.jar:/home/user/.m2/repository/org/apache/hadoop/hadoop-hdds-container-service/0.5.0-SNAPSHOT/hadoop-hdds-container-service-0.5.0-SNAPSHOT.jar:/home/user/.m2/repository/org/apache/hadoop/hadoop-hdds-client/0.5.0-SNAPSHOT/hadoop-hdds-client-0.5.0-SNAPSHOT.jar:/home/user/.m2/repository/org/apache/hadoop/hadoop-hdds-tools/0.5.0-SNAPSHOT/hadoop-hdds-tools-0.5.0-SNAPSHOT.jar:/home/user/.m2/repository/org/xerial/sqlite-jdbc/3.25.2/sqlite-jdbc-3.25.2.jar:/home/user/.m2/repository/org/apache/hadoop/hadoop-hdds-server-scm/0.5.0-SNAPSHOT/hadoop-hdds-server-scm-0.5.0-SNAPSHOT.jar:/home/user/.m2/repository/org/hamcrest/hamcrest-all/1.3/hamcrest-all-1.3.jar:/home/user/.m2/repository/info/picocli/picocli/3.9.6/picocli-3.9.6.jar:/home/user/.m2/repository/com/google/protobuf/protobuf-java/2.5.0/protobuf-java-2.5.0.jar:/home/user/.m2/repository/com/google/guava/guava/11.0.2/guava-11.0.2.jar:/home/user/.m2/repository/org/apache/hadoop/hadoop-ozone-client/0.5.0-SNAPSHOT/hadoop-ozone-client-0.5.0-SNAPSHOT.jar:/workdir/hadoop-ozone/ozonefs/target/classes:/home/user/.m2/repository/org/apache/httpcomponents/httpclient/4.5.2/httpclient-4.5.2.jar:/home/user/.m2/repository/org/apache/httpcomponents/httpcore/4.4.4/httpcore-4.4.4.jar:/home/user/.m2/repository/org/apache/hadoop/hadoop-hdds-server-framework/0.5.0-SNAPSHOT/hadoop-hdds-server-framework-0.5.0-SNAPSHOT.jar:/home/user/.m2/repository/org/apache/hadoop/hadoop-common/3.2.0/hadoop-common-3.2.0.jar:/home/user/.m2/repository/org/apache/hadoop/hadoop-annotations/3.2.0/hadoop-annotations-3.2.0.jar:/usr/lib/jvm/java-1.8.0-openjdk-1.8.0.222.b10-1.el7_7.x86_64/jre/../lib/tools.jar:/home/user/.m2/repository/commons-cli/commons-cli/1.2/commons-cli-1.2.jar:/home/user/.m2/repository/org/apache/commons/commons-math3/3.1.1/commons-math3-3.1.1.jar:/home/user/.m2/repository/commons-codec/commons-codec/1.11/commons-codec-1.11.jar:/home/user/.m2/repository/commons-io/commons-io/2.5/commons-io-2.5.jar:/home/user/.m2/repository/commons-net/commons-net/3.6/commons-net-3.6.jar:/home/user/.m2/repository/commons-collections/commons-collections/3.2.2/commons-collections-3.2.2.jar:/home/user/.m2/repository/javax/servlet/javax.servlet-api/3.1.0/javax.servlet-api-3.1.0.jar:/home/user/.m2/repository/org/eclipse/jetty/jetty-server/9.3.25.v20180904/jetty-server-9.3.25.v20180904.jar:/home/user/.m2/repository/org/eclipse/jetty/jetty-http/9.3.25.v20180904/jetty-http-9.3.25.v20180904.jar:/home/user/.m2/repository/org/eclipse/jetty/jetty-io/9.3.25.v20180904/jetty-io-9.3.25.v20180904.jar:/home/user/.m2/repository/org/eclipse/jetty/jetty-util/9.3.25.v20180904/jetty-util-9.3.25.v20180904.jar:/home/user/.m2/repository/org/eclipse/jetty/jetty-servlet/9.3.25.v20180904/jetty-servlet-9.3.25.v20180904.jar:/home/user/.m2/repository/org/eclipse/jetty/jetty-security/9.3.25.v20180904/jetty-security-9.3.25.v20180904.jar:/home/user/.m2/repository/org/eclipse/jetty/jetty-webapp/9.3.25.v20180904/jetty-webapp-9.3.25.v20180904.jar:/home/user/.m2/repository/org/eclipse/jetty/jetty-xml/9.3.25.v20180904/jetty-xml-9.3.25.v20180904.jar:/home/user/.m2/repository/javax/servlet/jsp/jsp-api/2.1/jsp-api-2.1.jar:/home/user/.m2/repository/com/sun/jersey/jersey-core/1.19/jersey-core-1.19.jar:/home/user/.m2/repository/javax/ws/rs/jsr311-api/1.1.1/jsr311-api-1.1.1.jar:/home/user/.m2/repository/com/sun/jersey/jersey-servlet/1.19/jersey-servlet-1.19.jar:/home/user/.m2/repository/com/sun/jersey/jersey-json/1.19/jersey-json-1.19.jar:/home/user/.m2/repository/org/codehaus/jettison/jettison/1.1/jettison-1.1.jar:/home/user/.m2/repository/com/sun/xml/bind/jaxb-impl/2.3.0.1/jaxb-impl-2.3.0.1.jar:/home/user/.m2/repository/org/codehaus/jackson/jackson-core-asl/1.9.13/jackson-core-asl-1.9.13.jar:/home/user/.m2/repository/org/codehaus/jackson/jackson-mapper-asl/1.9.13/jackson-mapper-asl-1.9.13.jar:/home/user/.m2/repository/org/codehaus/jackson/jackson-jaxrs/1.9.13/jackson-jaxrs-1.9.13.jar:/home/user/.m2/repository/org/codehaus/jackson/jackson-xc/1.9.13/jackson-xc-1.9.13.jar:/home/user/.m2/repository/com/sun/jersey/jersey-server/1.19/jersey-server-1.19.jar:/home/user/.m2/repository/commons-logging/commons-logging/1.1.3/commons-logging-1.1.3.jar:/home/user/.m2/repository/log4j/log4j/1.2.17/log4j-1.2.17.jar:/home/user/.m2/repository/commons-beanutils/commons-beanutils/1.9.4/commons-beanutils-1.9.4.jar:/home/user/.m2/repository/org/apache/commons/commons-configuration2/2.1.1/commons-configuration2-2.1.1.jar:/home/user/.m2/repository/org/apache/commons/commons-lang3/3.7/commons-lang3-3.7.jar:/home/user/.m2/repository/org/apache/commons/commons-text/1.4/commons-text-1.4.jar:/home/user/.m2/repository/org/slf4j/slf4j-api/1.7.25/slf4j-api-1.7.25.jar:/home/user/.m2/repository/org/slf4j/slf4j-log4j12/1.7.25/slf4j-log4j12-1.7.25.jar:/home/user/.m2/repository/org/apache/avro/avro/1.7.7/avro-1.7.7.jar:/home/user/.m2/repository/com/thoughtworks/paranamer/paranamer/2.3/paranamer-2.3.jar:/home/user/.m2/repository/org/xerial/snappy/snappy-java/1.0.5/snappy-java-1.0.5.jar:/home/user/.m2/repository/com/google/re2j/re2j/1.1/re2j-1.1.jar:/home/user/.m2/repository/com/google/code/gson/gson/2.2.4/gson-2.2.4.jar:/home/user/.m2/repository/org/apache/hadoop/hadoop-auth/3.2.0/hadoop-auth-3.2.0.jar:/home/user/.m2/repository/com/nimbusds/nimbus-jose-jwt/4.41.1/nimbus-jose-jwt-4.41.1.jar:/home/user/.m2/repository/com/github/stephenc/jcip/jcip-annotations/1.0-1/jcip-annotations-1.0-1.jar:/home/user/.m2/repository/net/minidev/json-smart/2.3/json-smart-2.3.jar:/home/user/.m2/repository/net/minidev/accessors-smart/1.2/accessors-smart-1.2.jar:/home/user/.m2/repository/org/apache/curator/curator-framework/2.12.0/curator-framework-2.12.0.jar:/home/user/.m2/repository/com/jcraft/jsch/0.1.54/jsch-0.1.54.jar:/home/user/.m2/repository/org/apache/curator/curator-client/2.12.0/curator-client-2.12.0.jar:/home/user/.m2/repository/org/apache/curator/curator-recipes/2.12.0/curator-recipes-2.12.0.jar:/home/user/.m2/repository/com/google/code/findbugs/jsr305/3.0.0/jsr305-3.0.0.jar:/home/user/.m2/repository/org/apache/htrace/htrace-core4/4.1.0-incubating/htrace-core4-4.1.0-incubating.jar:/home/user/.m2/repository/org/apache/zookeeper/zookeeper/3.4.13/zookeeper-3.4.13.jar:/home/user/.m2/repository/jline/jline/0.9.94/jline-0.9.94.jar:/home/user/.m2/repository/org/apache/yetus/audience-annotations/0.5.0/audience-annotations-0.5.0.jar:/home/user/.m2/repository/org/apache/kerby/kerb-simplekdc/1.0.1/kerb-simplekdc-1.0.1.jar:/home/user/.m2/repository/org/apache/kerby/kerb-client/1.0.1/kerb-client-1.0.1.jar:/home/user/.m2/repository/org/apache/kerby/kerby-config/1.0.1/kerby-config-1.0.1.jar:/home/user/.m2/repository/org/apache/kerby/kerb-core/1.0.1/kerb-core-1.0.1.jar:/home/user/.m2/repository/org/apache/kerby/kerby-pkix/1.0.1/kerby-pkix-1.0.1.jar:/home/user/.m2/repository/org/apache/kerby/kerby-asn1/1.0.1/kerby-asn1-1.0.1.jar:/home/user/.m2/repository/org/apache/kerby/kerby-util/1.0.1/kerby-util-1.0.1.jar:/home/user/.m2/repository/org/apache/kerby/kerb-common/1.0.1/kerb-common-1.0.1.jar:/home/user/.m2/repository/org/apache/kerby/kerb-crypto/1.0.1/kerb-crypto-1.0.1.jar:/home/user/.m2/repository/org/apache/kerby/kerb-util/1.0.1/kerb-util-1.0.1.jar:/home/user/.m2/repository/org/apache/kerby/token-provider/1.0.1/token-provider-1.0.1.jar:/home/user/.m2/repository/org/apache/kerby/kerb-admin/1.0.1/kerb-admin-1.0.1.jar:/home/user/.m2/repository/org/apache/kerby/kerb-server/1.0.1/kerb-server-1.0.1.jar:/home/user/.m2/repository/org/apache/kerby/kerb-identity/1.0.1/kerb-identity-1.0.1.jar:/home/user/.m2/repository/org/apache/kerby/kerby-xdr/1.0.1/kerby-xdr-1.0.1.jar:/home/user/.m2/repository/com/fasterxml/jackson/core/jackson-databind/2.9.9/jackson-databind-2.9.9.jar:/home/user/.m2/repository/com/fasterxml/jackson/core/jackson-core/2.9.9/jackson-core-2.9.9.jar:/home/user/.m2/repository/org/codehaus/woodstox/stax2-api/3.1.4/stax2-api-3.1.4.jar:/home/user/.m2/repository/com/fasterxml/woodstox/woodstox-core/5.0.3/woodstox-core-5.0.3.jar:/home/user/.m2/repository/dnsjava/dnsjava/2.1.7/dnsjava-2.1.7.jar:/home/user/.m2/repository/org/apache/hadoop/hadoop-hdfs/3.2.0/hadoop-hdfs-3.2.0.jar:/home/user/.m2/repository/org/eclipse/jetty/jetty-util-ajax/9.3.25.v20180904/jetty-util-ajax-9.3.25.v20180904.jar:/home/user/.m2/repository/commons-daemon/commons-daemon/1.0.13/commons-daemon-1.0.13.jar:/home/user/.m2/repository/io/netty/netty/3.10.5.Final/netty-3.10.5.Final.jar:/home/user/.m2/repository/io/netty/netty-all/4.0.52.Final/netty-all-4.0.52.Final.jar:/home/user/.m2/repository/org/fusesource/leveldbjni/leveldbjni-all/1.8/leveldbjni-all-1.8.jar:/home/user/.m2/repository/com/sun/xml/bind/jaxb-core/2.3.0.1/jaxb-core-2.3.0.1.jar:/home/user/.m2/repository/javax/xml/bind/jaxb-api/2.3.0/jaxb-api-2.3.0.jar:/home/user/.m2/repository/javax/activation/activation/1.1.1/activation-1.1.1.jar:/home/user/.m2/repository/org/openjdk/jmh/jmh-core/1.19/jmh-core-1.19.jar:/home/user/.m2/repository/net/sf/jopt-simple/jopt-simple/4.6/jopt-simple-4.6.jar:/home/user/.m2/repository/org/openjdk/jmh/jmh-generator-annprocess/1.19/jmh-generator-annprocess-1.19.jar:/home/user/.m2/repository/io/dropwizard/metrics/metrics-core/3.2.4/metrics-core-3.2.4.jar:/home/user/.m2/repository/com/amazonaws/aws-java-sdk-s3/1.11.615/aws-java-sdk-s3-1.11.615.jar:/home/user/.m2/repository/com/amazonaws/aws-java-sdk-kms/1.11.615/aws-java-sdk-kms-1.11.615.jar:/home/user/.m2/repository/com/amazonaws/aws-java-sdk-core/1.11.615/aws-java-sdk-core-1.11.615.jar:/home/user/.m2/repository/software/amazon/ion/ion-java/1.0.2/ion-java-1.0.2.jar:/home/user/.m2/repository/com/fasterxml/jackson/dataformat/jackson-dataformat-cbor/2.9.9/jackson-dataformat-cbor-2.9.9.jar:/home/user/.m2/repository/joda-time/joda-time/2.9.9/joda-time-2.9.9.jar:/home/user/.m2/repository/com/amazonaws/jmespath-java/1.11.615/jmespath-java-1.11.615.jar:/home/user/.m2/repository/com/github/spotbugs/spotbugs/3.1.12/spotbugs-3.1.12.jar:/home/user/.m2/repository/org/ow2/asm/asm/5.0.4/asm-5.0.4.jar:/home/user/.m2/repository/org/ow2/asm/asm-analysis/7.0/asm-analysis-7.0.jar:/home/user/.m2/repository/org/ow2/asm/asm-commons/7.0/asm-commons-7.0.jar:/home/user/.m2/repository/org/ow2/asm/asm-tree/7.0/asm-tree-7.0.jar:/home/user/.m2/repository/org/ow2/asm/asm-util/7.0/asm-util-7.0.jar:/home/user/.m2/repository/org/apache/bcel/bcel/6.3/bcel-6.3.jar:/home/user/.m2/repository/net/jcip/jcip-annotations/1.0/jcip-annotations-1.0.jar:/home/user/.m2/repository/org/dom4j/dom4j/2.1.1/dom4j-2.1.1.jar:/home/user/.m2/repository/jaxen/jaxen/1.1.6/jaxen-1.1.6.jar:/home/user/.m2/repository/commons-lang/commons-lang/2.6/commons-lang-2.6.jar:/home/user/.m2/repository/com/github/spotbugs/spotbugs-annotations/3.1.12/spotbugs-annotations-3.1.12.jar:/home/user/.m2/repository/junit/junit/4.11/junit-4.11.jar:/home/user/.m2/repository/org/hamcrest/hamcrest-core/1.3/hamcrest-core-1.3.jar:/home/user/.m2/repository/org/apache/hadoop/hadoop-common/3.2.0/hadoop-common-3.2.0-tests.jar:/workdir/hadoop-ozone/integration-test/target/test-classes:/home/user/.m2/repository/org/apache/hadoop/hadoop-ozone-s3gateway/0.5.0-SNAPSHOT/hadoop-ozone-s3gateway-0.5.0-SNAPSHOT.jar:/home/user/.m2/repository/org/jboss/weld/servlet/weld-servlet/2.4.7.Final/weld-servlet-2.4.7.Final.jar:/home/user/.m2/repository/org/glassfish/jersey/containers/jersey-container-servlet-core/2.27/jersey-container-servlet-core-2.27.jar:/home/user/.m2/repository/org/glassfish/hk2/external/javax.inject/2.5.0-b42/javax.inject-2.5.0-b42.jar:/home/user/.m2/repository/org/glassfish/jersey/core/jersey-common/2.27/jersey-common-2.27.jar:/home/user/.m2/repository/org/glassfish/hk2/osgi-resource-locator/1.0.1/osgi-resource-locator-1.0.1.jar:/home/user/.m2/repository/javax/ws/rs/javax.ws.rs-api/2.1/javax.ws.rs-api-2.1.jar:/home/user/.m2/repository/org/glassfish/jersey/ext/cdi/jersey-cdi1x/2.27/jersey-cdi1x-2.27.jar:/home/user/.m2/repository/org/glassfish/jersey/inject/jersey-hk2/2.27/jersey-hk2-2.27.jar:/home/user/.m2/repository/org/glassfish/hk2/hk2-locator/2.5.0-b42/hk2-locator-2.5.0-b42.jar:/home/user/.m2/repository/org/javassist/javassist/3.22.0-CR2/javassist-3.22.0-CR2.jar:/home/user/.m2/repository/org/glassfish/hk2/hk2-api/2.5.0/hk2-api-2.5.0.jar:/home/user/.m2/repository/org/glassfish/hk2/external/jakarta.inject/2.5.0/jakarta.inject-2.5.0.jar:/home/user/.m2/repository/org/glassfish/hk2/hk2-utils/2.5.0/hk2-utils-2.5.0.jar:/home/user/.m2/repository/jakarta/annotation/jakarta.annotation-api/1.3.4/jakarta.annotation-api-1.3.4.jar:/home/user/.m2/repository/org/glassfish/hk2/external/aopalliance-repackaged/2.5.0/aopalliance-repackaged-2.5.0.jar:/home/user/.m2/repository/com/fasterxml/jackson/dataformat/jackson-dataformat-xml/2.9.0/jackson-dataformat-xml-2.9.0.jar:/home/user/.m2/repository/com/fasterxml/jackson/module/jackson-module-jaxb-annotations/2.9.9/jackson-module-jaxb-annotations-2.9.9.jar:/home/user/.m2/repository/javax/enterprise/cdi-api/1.2/cdi-api-1.2.jar:/home/user/.m2/repository/javax/el/javax.el-api/3.0.0/javax.el-api-3.0.0.jar:/home/user/.m2/repository/javax/interceptor/javax.interceptor-api/1.2/javax.interceptor-api-1.2.jar:/home/user/.m2/repository/javax/inject/javax.inject/1/javax.inject-1.jar:/home/user/.m2/repository/org/apache/hadoop/hadoop-ozone-csi/0.5.0-SNAPSHOT/hadoop-ozone-csi-0.5.0-SNAPSHOT.jar:/home/user/.m2/repository/com/google/protobuf/protobuf-java-util/3.5.1/protobuf-java-util-3.5.1.jar:/home/user/.m2/repository/io/grpc/grpc-netty/1.17.1/grpc-netty-1.17.1.jar:/home/user/.m2/repository/io/grpc/grpc-core/1.17.1/grpc-core-1.17.1.jar:/home/user/.m2/repository/io/grpc/grpc-context/1.17.1/grpc-context-1.17.1.jar:/home/user/.m2/repository/com/google/errorprone/error_prone_annotations/2.2.0/error_prone_annotations-2.2.0.jar:/home/user/.m2/repository/org/codehaus/mojo/animal-sniffer-annotations/1.17/animal-sniffer-annotations-1.17.jar:/home/user/.m2/repository/io/opencensus/opencensus-api/0.17.0/opencensus-api-0.17.0.jar:/home/user/.m2/repository/io/opencensus/opencensus-contrib-grpc-metrics/0.17.0/opencensus-contrib-grpc-metrics-0.17.0.jar:/home/user/.m2/repository/io/netty/netty-codec-http2/4.1.30.Final/netty-codec-http2-4.1.30.Final.jar:/home/user/.m2/repository/io/netty/netty-codec-http/4.1.30.Final/netty-codec-http-4.1.30.Final.jar:/home/user/.m2/repository/io/netty/netty-codec/4.1.30.Final/netty-codec-4.1.30.Final.jar:/home/user/.m2/repository/io/netty/netty-handler/4.1.30.Final/netty-handler-4.1.30.Final.jar:/home/user/.m2/repository/io/netty/netty-handler-proxy/4.1.30.Final/netty-handler-proxy-4.1.30.Final.jar:/home/user/.m2/repository/io/netty/netty-codec-socks/4.1.30.Final/netty-codec-socks-4.1.30.Final.jar:/home/user/.m2/repository/io/netty/netty-transport-native-epoll/4.1.30.Final/netty-transport-native-epoll-4.1.30.Final.jar:/home/user/.m2/repository/io/netty/netty-common/4.1.30.Final/netty-common-4.1.30.Final.jar:/home/user/.m2/repository/io/netty/netty-buffer/4.1.30.Final/netty-buffer-4.1.30.Final.jar:/home/user/.m2/repository/io/netty/netty-transport/4.1.30.Final/netty-transport-4.1.30.Final.jar:/home/user/.m2/repository/io/netty/netty-resolver/4.1.30.Final/netty-resolver-4.1.30.Final.jar:/home/user/.m2/repository/io/netty/netty-transport-native-unix-common/4.1.30.Final/netty-transport-native-unix-common-4.1.30.Final.jar:/home/user/.m2/repository/io/grpc/grpc-protobuf/1.17.1/grpc-protobuf-1.17.1.jar:/home/user/.m2/repository/com/google/api/grpc/proto-google-common-protos/1.0.0/proto-google-common-protos-1.0.0.jar:/home/user/.m2/repository/io/grpc/grpc-protobuf-lite/1.17.1/grpc-protobuf-lite-1.17.1.jar:/home/user/.m2/repository/io/grpc/grpc-stub/1.17.1/grpc-stub-1.17.1.jar:/home/user/.m2/repository/org/apache/hadoop/hadoop-ozone-recon/0.5.0-SNAPSHOT/hadoop-ozone-recon-0.5.0-SNAPSHOT.jar:/home/user/.m2/repository/org/apache/hadoop/hadoop-ozone-reconcodegen/0.5.0-SNAPSHOT/hadoop-ozone-reconcodegen-0.5.0-SNAPSHOT.jar:/home/user/.m2/repository/com/google/inject/extensions/guice-multibindings/4.0/guice-multibindings-4.0.jar:/home/user/.m2/repository/com/google/inject/guice/4.0/guice-4.0.jar:/home/user/.m2/repository/aopalliance/aopalliance/1.0/aopalliance-1.0.jar:/home/user/.m2/repository/com/google/inject/extensions/guice-servlet/4.0/guice-servlet-4.0.jar:/home/user/.m2/repository/org/glassfish/jersey/containers/jersey-container-servlet/2.27/jersey-container-servlet-2.27.jar:/home/user/.m2/repository/org/glassfish/hk2/guice-bridge/2.5.0/guice-bridge-2.5.0.jar:/home/user/.m2/repository/org/glassfish/jersey/core/jersey-server/2.27/jersey-server-2.27.jar:/home/user/.m2/repository/org/glassfish/jersey/core/jersey-client/2.27/jersey-client-2.27.jar:/home/user/.m2/repository/org/glassfish/jersey/media/jersey-media-jaxb/2.27/jersey-media-jaxb-2.27.jar:/home/user/.m2/repository/javax/validation/validation-api/1.1.0.Final/validation-api-1.1.0.Final.jar:/home/user/.m2/repository/org/glassfish/jersey/media/jersey-media-json-jackson/2.27/jersey-media-json-jackson-2.27.jar:/home/user/.m2/repository/org/glassfish/jersey/ext/jersey-entity-filtering/2.27/jersey-entity-filtering-2.27.jar:/home/user/.m2/repository/com/google/inject/extensions/guice-assistedinject/4.0/guice-assistedinject-4.0.jar:/home/user/.m2/repository/org/jooq/jooq/3.11.10/jooq-3.11.10.jar:/home/user/.m2/repository/org/jooq/jooq-meta/3.11.10/jooq-meta-3.11.10.jar:/home/user/.m2/repository/org/jooq/jooq-codegen/3.11.10/jooq-codegen-3.11.10.jar:/home/user/.m2/repository/com/jolbox/bonecp/0.8.0.RELEASE/bonecp-0.8.0.RELEASE.jar:/home/user/.m2/repository/org/springframework/spring-jdbc/5.1.3.RELEASE/spring-jdbc-5.1.3.RELEASE.jar:/home/user/.m2/repository/org/springframework/spring-beans/5.1.3.RELEASE/spring-beans-5.1.3.RELEASE.jar:/home/user/.m2/repository/org/springframework/spring-core/5.1.3.RELEASE/spring-core-5.1.3.RELEASE.jar:/home/user/.m2/repository/org/springframework/spring-jcl/5.1.3.RELEASE/spring-jcl-5.1.3.RELEASE.jar:/home/user/.m2/repository/org/springframework/spring-tx/5.1.3.RELEASE/spring-tx-5.1.3.RELEASE.jar:/home/user/.m2/repository/org/mockito/mockito-core/2.15.0/mockito-core-2.15.0.jar:/home/user/.m2/repository/net/bytebuddy/byte-buddy/1.7.9/byte-buddy-1.7.9.jar:/home/user/.m2/repository/net/bytebuddy/byte-buddy-agent/1.7.9/byte-buddy-agent-1.7.9.jar:/home/user/.m2/repository/org/objenesis/objenesis/1.0/objenesis-1.0.jar:"/>
    <property name="sun.cpu.endian" value="little"/>
    <property name="user.home" value="/home/user"/>
    <property name="user.language" value="en"/>
    <property name="java.specification.vendor" value="Oracle Corporation"/>
    <property name="java.home" value="/usr/lib/jvm/java-1.8.0-openjdk-1.8.0.222.b10-1.el7_7.x86_64/jre"/>
    <property name="surefire.excludesFile" value="/tools/ozone-bad-unit-tests"/>
    <property name="java.security.krb5.conf" value="/workdir/hadoop-ozone/tools/target/test-classes/krb5.conf"/>
    <property name="basedir" value="/workdir/hadoop-ozone/tools"/>
    <property name="file.separator" value="/"/>
    <property name="line.separator" value="&#10;"/>
    <property name="java.vm.specification.vendor" value="Oracle Corporation"/>
    <property name="java.specification.name" value="Java Platform API Specification"/>
    <property name="java.awt.graphicsenv" value="sun.awt.X11GraphicsEnvironment"/>
    <property name="surefire.real.class.path" value="/workdir/hadoop-ozone/tools/target/surefire/surefirebooter3786971236368333617.jar"/>
    <property name="hadoop.log.dir" value="/workdir/hadoop-ozone/tools/target/log"/>
    <property name="sun.boot.class.path" value="/usr/lib/jvm/java-1.8.0-openjdk-1.8.0.222.b10-1.el7_7.x86_64/jre/lib/resources.jar:/usr/lib/jvm/java-1.8.0-openjdk-1.8.0.222.b10-1.el7_7.x86_64/jre/lib/rt.jar:/usr/lib/jvm/java-1.8.0-openjdk-1.8.0.222.b10-1.el7_7.x86_64/jre/lib/sunrsasign.jar:/usr/lib/jvm/java-1.8.0-openjdk-1.8.0.222.b10-1.el7_7.x86_64/jre/lib/jsse.jar:/usr/lib/jvm/java-1.8.0-openjdk-1.8.0.222.b10-1.el7_7.x86_64/jre/lib/jce.jar:/usr/lib/jvm/java-1.8.0-openjdk-1.8.0.222.b10-1.el7_7.x86_64/jre/lib/charsets.jar:/usr/lib/jvm/java-1.8.0-openjdk-1.8.0.222.b10-1.el7_7.x86_64/jre/lib/jfr.jar:/usr/lib/jvm/java-1.8.0-openjdk-1.8.0.222.b10-1.el7_7.x86_64/jre/classes"/>
    <property name="sun.management.compiler" value="HotSpot 64-Bit Tiered Compilers"/>
    <property name="java.runtime.version" value="1.8.0_222-b10"/>
    <property name="java.net.preferIPv4Stack" value="true"/>
    <property name="user.name" value="jenkins1000"/>
    <property name="path.separator" value=":"/>
    <property name="java.security.egd" value="file:///dev/urandom"/>
    <property name="os.version" value="3.10.0-957.12.2.el7.x86_64"/>
    <property name="java.endorsed.dirs" value="/usr/lib/jvm/java-1.8.0-openjdk-1.8.0.222.b10-1.el7_7.x86_64/jre/lib/endorsed"/>
    <property name="java.runtime.name" value="OpenJDK Runtime Environment"/>
    <property name="file.encoding" value="ANSI_X3.4-1968"/>
    <property name="java.vm.name" value="OpenJDK 64-Bit Server VM"/>
    <property name="test.build.webapps" value=""/>
    <property name="localRepository" value="/home/user/.m2/repository"/>
    <property name="java.vendor.url.bug" value="http://bugreport.sun.com/bugreport/"/>
    <property name="java.io.tmpdir" value="/tmp"/>
    <property name="require.test.libhadoop" value=""/>
    <property name="java.version" value="1.8.0_222"/>
    <property name="user.dir" value="/workdir/hadoop-ozone/tools"/>
    <property name="os.arch" value="amd64"/>
    <property name="java.vm.specification.name" value="Java Virtual Machine Specification"/>
    <property name="test.build.classes" value="/workdir/hadoop-ozone/tools/target/test-classes"/>
    <property name="java.awt.printerjob" value="sun.print.PSPrinterJob"/>
    <property name="sun.os.patch.level" value="unknown"/>
    <property name="hadoop.tmp.dir" value="/workdir/hadoop-ozone/tools/target/tmp"/>
    <property name="java.library.path" value="/usr/lib:/workdir/hadoop-ozone/tools/target/native/target/usr/local/lib:/workdir/hadoop-ozone/tools/../../hadoop-common-project/hadoop-common/target/native/target/usr/local/lib:/usr/java/packages/lib/amd64:/usr/lib64:/lib64:/lib:/usr/lib"/>
    <property name="java.vm.info" value="mixed mode"/>
    <property name="java.vendor" value="Oracle Corporation"/>
    <property name="java.vm.version" value="25.222-b10"/>
    <property name="java.ext.dirs" value="/usr/lib/jvm/java-1.8.0-openjdk-1.8.0.222.b10-1.el7_7.x86_64/jre/lib/ext:/usr/java/packages/lib/ext"/>
    <property name="sun.io.unicode.encoding" value="UnicodeLittle"/>
    <property name="java.class.version" value="52.0"/>
  </properties>
  <testcase name="testRestart" classname="org.apache.hadoop.ozone.freon.TestFreonWithPipelineDestroy" time="23.528">
    <error message="INTERNAL_ERROR org.apache.hadoop.ozone.om.exceptions.OMException: Allocated 0 blocks. Requested 5 blocks" type="java.lang.RuntimeException">java.lang.RuntimeException: INTERNAL_ERROR org.apache.hadoop.ozone.om.exceptions.OMException: Allocated 0 blocks. Requested 5 blocks
	at org.apache.hadoop.ozone.freon.RandomKeyGenerator.call(RandomKeyGenerator.java:341)
	at org.apache.hadoop.ozone.freon.TestFreonWithPipelineDestroy.startFreon(TestFreonWithPipelineDestroy.java:87)
	at org.apache.hadoop.ozone.freon.TestFreonWithPipelineDestroy.testRestart(TestFreonWithPipelineDestroy.java:74)
	at sun.reflect.NativeMethodAccessorImpl.invoke0(Native Method)
	at sun.reflect.NativeMethodAccessorImpl.invoke(NativeMethodAccessorImpl.java:62)
	at sun.reflect.DelegatingMethodAccessorImpl.invoke(DelegatingMethodAccessorImpl.java:43)
	at java.lang.reflect.Method.invoke(Method.java:498)
	at org.junit.runners.model.FrameworkMethod$1.runReflectiveCall(FrameworkMethod.java:47)
	at org.junit.internal.runners.model.ReflectiveCallable.run(ReflectiveCallable.java:12)
	at org.junit.runners.model.FrameworkMethod.invokeExplosively(FrameworkMethod.java:44)
	at org.junit.internal.runners.statements.InvokeMethod.evaluate(InvokeMethod.java:17)
	at org.junit.runners.ParentRunner.runLeaf(ParentRunner.java:271)
	at org.junit.runners.BlockJUnit4ClassRunner.runChild(BlockJUnit4ClassRunner.java:70)
	at org.junit.runners.BlockJUnit4ClassRunner.runChild(BlockJUnit4ClassRunner.java:50)
	at org.junit.runners.ParentRunner$3.run(ParentRunner.java:238)
	at org.junit.runners.ParentRunner$1.schedule(ParentRunner.java:63)
	at org.junit.runners.ParentRunner.runChildren(ParentRunner.java:236)
	at org.junit.runners.ParentRunner.access$000(ParentRunner.java:53)
	at org.junit.runners.ParentRunner$2.evaluate(ParentRunner.java:229)
	at org.junit.internal.runners.statements.RunBefores.evaluate(RunBefores.java:26)
	at org.junit.internal.runners.statements.RunAfters.evaluate(RunAfters.java:27)
	at org.junit.runners.ParentRunner.run(ParentRunner.java:309)
	at org.apache.maven.surefire.junit4.JUnit4Provider.execute(JUnit4Provider.java:365)
	at org.apache.maven.surefire.junit4.JUnit4Provider.executeWithRerun(JUnit4Provider.java:273)
	at org.apache.maven.surefire.junit4.JUnit4Provider.executeTestSet(JUnit4Provider.java:238)
	at org.apache.maven.surefire.junit4.JUnit4Provider.invoke(JUnit4Provider.java:159)
	at org.apache.maven.surefire.booter.ForkedBooter.invokeProviderInSameClassLoader(ForkedBooter.java:384)
	at org.apache.maven.surefire.booter.ForkedBooter.runSuitesInProcess(ForkedBooter.java:345)
	at org.apache.maven.surefire.booter.ForkedBooter.execute(ForkedBooter.java:126)
	at org.apache.maven.surefire.booter.ForkedBooter.main(ForkedBooter.java:418)
Caused by: INTERNAL_ERROR org.apache.hadoop.ozone.om.exceptions.OMException: Allocated 0 blocks. Requested 5 blocks
	at org.apache.hadoop.ozone.om.protocolPB.OzoneManagerProtocolClientSideTranslatorPB.handleError(OzoneManagerProtocolClientSideTranslatorPB.java:761)
	at org.apache.hadoop.ozone.om.protocolPB.OzoneManagerProtocolClientSideTranslatorPB.openKey(OzoneManagerProtocolClientSideTranslatorPB.java:752)
	at sun.reflect.NativeMethodAccessorImpl.invoke0(Native Method)
	at sun.reflect.NativeMethodAccessorImpl.invoke(NativeMethodAccessorImpl.java:62)
	at sun.reflect.DelegatingMethodAccessorImpl.invoke(DelegatingMethodAccessorImpl.java:43)
	at java.lang.reflect.Method.invoke(Method.java:498)
	at org.apache.hadoop.hdds.tracing.TraceAllMethod.invoke(TraceAllMethod.java:66)
	at com.sun.proxy.$Proxy37.openKey(Unknown Source)
	at org.apache.hadoop.ozone.client.rpc.RpcClient.createKey(RpcClient.java:633)
	at org.apache.hadoop.ozone.client.OzoneBucket.createKey(OzoneBucket.java:325)
	at org.apache.hadoop.ozone.freon.RandomKeyGenerator.createKey(RandomKeyGenerator.java:697)
	at org.apache.hadoop.ozone.freon.RandomKeyGenerator.access$1100(RandomKeyGenerator.java:88)
	at org.apache.hadoop.ozone.freon.RandomKeyGenerator$ObjectCreator.run(RandomKeyGenerator.java:615)
	at java.util.concurrent.Executors$RunnableAdapter.call(Executors.java:511)
	at java.util.concurrent.FutureTask.run(FutureTask.java:266)
	at java.util.concurrent.ThreadPoolExecutor.runWorker(ThreadPoolExecutor.java:1149)
	at java.util.concurrent.ThreadPoolExecutor$Worker.run(ThreadPoolExecutor.java:624)
	at java.lang.Thread.run(Thread.java:748)
</error>
    <system-out><![CDATA[2019-11-14 21:59:40,669 [main] WARN  server.ServerUtils (ServerUtils.java:getScmDbDir(145)) - ozone.scm.db.dirs is not configured. We recommend adding this setting. Falling back to ozone.metadata.dirs instead.
2019-11-14 21:59:41,824 [main] WARN  server.ServerUtils (ServerUtils.java:getScmDbDir(145)) - ozone.scm.db.dirs is not configured. We recommend adding this setting. Falling back to ozone.metadata.dirs instead.
2019-11-14 21:59:41,906 [main] WARN  server.ServerUtils (ServerUtils.java:getScmDbDir(145)) - ozone.scm.db.dirs is not configured. We recommend adding this setting. Falling back to ozone.metadata.dirs instead.
2019-11-14 21:59:41,936 [main] INFO  util.log (Log.java:initialized(192)) - Logging initialized @2244ms
2019-11-14 21:59:42,137 [main] INFO  db.DBStoreBuilder (DBStoreBuilder.java:addTable(127)) - using custom profile for table: deletedBlocks
2019-11-14 21:59:42,137 [main] INFO  db.DBStoreBuilder (DBStoreBuilder.java:processTables(183)) - Using default column profile:DBProfile.DISK for Table:deletedBlocks
2019-11-14 21:59:42,138 [main] INFO  db.DBStoreBuilder (DBStoreBuilder.java:addTable(127)) - using custom profile for table: validCerts
2019-11-14 21:59:42,138 [main] INFO  db.DBStoreBuilder (DBStoreBuilder.java:processTables(183)) - Using default column profile:DBProfile.DISK for Table:validCerts
2019-11-14 21:59:42,138 [main] INFO  db.DBStoreBuilder (DBStoreBuilder.java:addTable(127)) - using custom profile for table: revokedCerts
2019-11-14 21:59:42,138 [main] INFO  db.DBStoreBuilder (DBStoreBuilder.java:processTables(183)) - Using default column profile:DBProfile.DISK for Table:revokedCerts
2019-11-14 21:59:42,150 [main] INFO  db.DBStoreBuilder (DBStoreBuilder.java:addTable(127)) - using custom profile for table: default
2019-11-14 21:59:42,150 [main] INFO  db.DBStoreBuilder (DBStoreBuilder.java:processTables(189)) - Using default column profile:DBProfile.DISK for Table:default
2019-11-14 21:59:42,152 [main] INFO  db.DBStoreBuilder (DBStoreBuilder.java:getDbProfile(220)) - Using default options. DBProfile.DISK
2019-11-14 21:59:44,621 [main] INFO  net.NodeSchemaLoader (NodeSchemaLoader.java:loadSchemaFromFile(125)) - Loading file from sun.misc.CompoundEnumeration@5e0e82ae
2019-11-14 21:59:44,624 [main] INFO  net.NodeSchemaLoader (NodeSchemaLoader.java:loadSchema(171)) - Loading network topology layer schema file
2019-11-14 21:59:44,689 [main] INFO  node.SCMNodeManager (SCMNodeManager.java:<init>(116)) - Entering startup safe mode.
2019-11-14 21:59:44,751 [main] INFO  algorithms.ContainerPlacementPolicyFactory (ContainerPlacementPolicyFactory.java:getPolicy(57)) - Create container placement policy of type org.apache.hadoop.hdds.scm.container.placement.algorithms.SCMContainerPlacementRandom
2019-11-14 21:59:44,764 [main] WARN  server.ServerUtils (ServerUtils.java:getScmDbDir(145)) - ozone.scm.db.dirs is not configured. We recommend adding this setting. Falling back to ozone.metadata.dirs instead.
2019-11-14 21:59:44,977 [main] INFO  pipeline.SCMPipelineManager (SCMPipelineManager.java:initializePipelineState(132)) - No pipeline exists in current db
2019-11-14 21:59:44,980 [main] WARN  server.ServerUtils (ServerUtils.java:getScmDbDir(145)) - ozone.scm.db.dirs is not configured. We recommend adding this setting. Falling back to ozone.metadata.dirs instead.
2019-11-14 21:59:45,196 [main] WARN  events.EventQueue (EventQueue.java:fireEvent(183)) - No event handler registered for event TypedEvent{payloadType=SafeModeStatus, name='SafeModeStatus'}
2019-11-14 21:59:45,557 [main] INFO  ipc.CallQueueManager (CallQueueManager.java:<init>(84)) - Using callQueue: class java.util.concurrent.LinkedBlockingQueue, queueCapacity: 2000, scheduler: class org.apache.hadoop.ipc.DefaultRpcScheduler, ipcBackoff: false.
2019-11-14 21:59:45,584 [Socket Reader #1 for port 33762] INFO  ipc.Server (Server.java:run(1074)) - Starting Socket Reader #1 for port 33762
2019-11-14 21:59:45,700 [main] INFO  ipc.CallQueueManager (CallQueueManager.java:<init>(84)) - Using callQueue: class java.util.concurrent.LinkedBlockingQueue, queueCapacity: 2000, scheduler: class org.apache.hadoop.ipc.DefaultRpcScheduler, ipcBackoff: false.
2019-11-14 21:59:45,701 [Socket Reader #1 for port 44739] INFO  ipc.Server (Server.java:run(1074)) - Starting Socket Reader #1 for port 44739
2019-11-14 21:59:45,711 [main] INFO  ipc.CallQueueManager (CallQueueManager.java:<init>(84)) - Using callQueue: class java.util.concurrent.LinkedBlockingQueue, queueCapacity: 2000, scheduler: class org.apache.hadoop.ipc.DefaultRpcScheduler, ipcBackoff: false.
2019-11-14 21:59:45,712 [Socket Reader #1 for port 41237] INFO  ipc.Server (Server.java:run(1074)) - Starting Socket Reader #1 for port 41237
2019-11-14 21:59:45,735 [main] INFO  hdfs.DFSUtil (DFSUtil.java:httpServerTemplateForNNAndJN(1641)) - Starting Web-server for scm at: http://0.0.0.0:0
2019-11-14 21:59:45,867 [main] INFO  server.AuthenticationFilter (AuthenticationFilter.java:constructSecretProvider(240)) - Unable to initialize FileSignerSecretProvider, falling back to use random secrets.
2019-11-14 21:59:45,883 [main] WARN  http.HttpRequestLog (HttpRequestLog.java:getRequestLog(97)) - Jetty request log can only be enabled using Log4j
2019-11-14 21:59:45,893 [main] INFO  http.HttpServer2 (HttpServer2.java:addGlobalFilter(975)) - Added global filter 'safety' (class=org.apache.hadoop.http.HttpServer2$QuotingInputFilter)
2019-11-14 21:59:45,896 [main] INFO  http.HttpServer2 (HttpServer2.java:addFilter(948)) - Added filter static_user_filter (class=org.apache.hadoop.http.lib.StaticUserWebFilter$StaticUserFilter) to context scm
2019-11-14 21:59:45,896 [main] INFO  http.HttpServer2 (HttpServer2.java:addFilter(958)) - Added filter static_user_filter (class=org.apache.hadoop.http.lib.StaticUserWebFilter$StaticUserFilter) to context static
2019-11-14 21:59:45,896 [main] INFO  http.HttpServer2 (HttpServer2.java:addFilter(958)) - Added filter static_user_filter (class=org.apache.hadoop.http.lib.StaticUserWebFilter$StaticUserFilter) to context logs
2019-11-14 21:59:45,924 [main] INFO  server.StorageContainerManager (StorageContainerManager.java:start(766)) - StorageContainerLocationProtocol RPC server is listening at /0.0.0.0:41237
2019-11-14 21:59:45,977 [main] WARN  impl.MetricsConfig (MetricsConfig.java:loadFirst(134)) - Cannot locate configuration: tried hadoop-metrics2-storagecontainermanager.properties,hadoop-metrics2.properties
2019-11-14 21:59:45,990 [main] INFO  impl.MetricsSystemImpl (MetricsSystemImpl.java:startTimer(374)) - Scheduled Metric snapshot period at 10 second(s).
2019-11-14 21:59:45,990 [main] INFO  impl.MetricsSystemImpl (MetricsSystemImpl.java:start(191)) - StorageContainerManager metrics system started
2019-11-14 21:59:46,180 [main] INFO  server.SCMClientProtocolServer (SCMClientProtocolServer.java:start(160)) - RPC server for Client  is listening at /0.0.0.0:41237
2019-11-14 21:59:46,181 [IPC Server Responder] INFO  ipc.Server (Server.java:run(1314)) - IPC Server Responder: starting
2019-11-14 21:59:46,181 [IPC Server listener on 41237] INFO  ipc.Server (Server.java:run(1153)) - IPC Server listener on 41237: starting
2019-11-14 21:59:46,184 [main] INFO  server.StorageContainerManager (StorageContainerManager.java:start(776)) - ScmBlockLocationProtocol RPC server is listening at /0.0.0.0:44739
2019-11-14 21:59:46,185 [main] INFO  server.SCMBlockProtocolServer (SCMBlockProtocolServer.java:start(146)) - RPC server for Block Protocol is listening at /0.0.0.0:44739
2019-11-14 21:59:46,185 [IPC Server Responder] INFO  ipc.Server (Server.java:run(1314)) - IPC Server Responder: starting
2019-11-14 21:59:46,185 [IPC Server listener on 44739] INFO  ipc.Server (Server.java:run(1153)) - IPC Server listener on 44739: starting
2019-11-14 21:59:46,188 [main] INFO  server.StorageContainerManager (StorageContainerManager.java:start(780)) - ScmDatanodeProtocl RPC server is listening at /0.0.0.0:33762
2019-11-14 21:59:46,189 [main] INFO  server.SCMDatanodeProtocolServer (SCMDatanodeProtocolServer.java:start(169)) - RPC server for DataNodes is listening at /0.0.0.0:33762
2019-11-14 21:59:46,189 [IPC Server Responder] INFO  ipc.Server (Server.java:run(1314)) - IPC Server Responder: starting
2019-11-14 21:59:46,189 [IPC Server listener on 33762] INFO  ipc.Server (Server.java:run(1153)) - IPC Server listener on 33762: starting
2019-11-14 21:59:46,194 [main] INFO  http.HttpServer2 (HttpServer2.java:bindListener(1191)) - Jetty bound to port 34024
2019-11-14 21:59:46,195 [main] INFO  server.Server (Server.java:doStart(351)) - jetty-9.3.25.v20180904, build timestamp: 2018-09-04T21:11:46Z, git hash: 3ce520221d0240229c862b122d2b06c12a625732
2019-11-14 21:59:46,225 [main] INFO  handler.ContextHandler (ContextHandler.java:doStart(781)) - Started o.e.j.s.ServletContextHandler@56e8b606{/logs,file:///workdir/hadoop-ozone/tools/target/log,AVAILABLE}
2019-11-14 21:59:46,225 [main] INFO  handler.ContextHandler (ContextHandler.java:doStart(781)) - Started o.e.j.s.ServletContextHandler@40dff0b7{/static,jar:file:/home/user/.m2/repository/org/apache/hadoop/hadoop-hdds-server-scm/0.5.0-SNAPSHOT/hadoop-hdds-server-scm-0.5.0-SNAPSHOT.jar!/webapps/static,AVAILABLE}
2019-11-14 21:59:46,290 [main] INFO  handler.ContextHandler (ContextHandler.java:doStart(781)) - Started o.e.j.w.WebAppContext@5aceec94{/,file:///tmp/jetty-0.0.0.0-34024-scm-_-any-3405101688118833457.dir/webapp/,AVAILABLE}{/scm}
2019-11-14 21:59:46,295 [main] INFO  server.AbstractConnector (AbstractConnector.java:doStart(278)) - Started ServerConnector@733c423e{HTTP/1.1,[http/1.1]}{0.0.0.0:34024}
2019-11-14 21:59:46,295 [main] INFO  server.Server (Server.java:doStart(419)) - Started @6604ms
2019-11-14 21:59:46,297 [main] INFO  impl.MetricsSinkAdapter (MetricsSinkAdapter.java:start(204)) - Sink prometheus started
2019-11-14 21:59:46,298 [main] INFO  impl.MetricsSystemImpl (MetricsSystemImpl.java:registerSink(301)) - Registered sink prometheus
2019-11-14 21:59:46,299 [main] INFO  server.BaseHttpServer (BaseHttpServer.java:updateConnectorAddress(215)) - HTTP server of SCM is listening at http://0.0.0.0:34024
2019-11-14 21:59:46,310 [org.apache.hadoop.util.JvmPauseMonitor$Monitor@1b5bc39d] INFO  util.JvmPauseMonitor (JvmPauseMonitor.java:run(188)) - Starting JVM pause monitor
2019-11-14 21:59:46,317 [main] WARN  server.ServerUtils (ServerUtils.java:getDBPath(222)) - ozone.om.db.dirs is not configured. We recommend adding this setting. Falling back to ozone.metadata.dirs instead.
2019-11-14 21:59:46,743 [main] INFO  ha.OMHANodeDetails (OMHANodeDetails.java:loadOMHAConfig(190)) - Configuration either no ozone.om.address set. Falling back to the default OM address /127.0.0.1:0
2019-11-14 21:59:46,743 [main] INFO  ha.OMHANodeDetails (OMHANodeDetails.java:getOMNodeDetails(220)) - OM Service ID is not set. Setting it to the default ID: omServiceIdDefault
2019-11-14 21:59:46,745 [main] WARN  server.ServerUtils (ServerUtils.java:getDBPath(222)) - ozone.om.db.dirs is not configured. We recommend adding this setting. Falling back to ozone.metadata.dirs instead.
2019-11-14 21:59:46,745 [main] WARN  server.ServerUtils (ServerUtils.java:getDBPath(222)) - ozone.om.db.dirs is not configured. We recommend adding this setting. Falling back to ozone.metadata.dirs instead.
2019-11-14 21:59:47,317 [main] WARN  server.ServerUtils (ServerUtils.java:getDBPath(222)) - ozone.om.db.dirs is not configured. We recommend adding this setting. Falling back to ozone.metadata.dirs instead.
2019-11-14 21:59:47,326 [main] INFO  db.DBStoreBuilder (DBStoreBuilder.java:addTable(127)) - using custom profile for table: userTable
2019-11-14 21:59:47,326 [main] INFO  db.DBStoreBuilder (DBStoreBuilder.java:processTables(183)) - Using default column profile:DBProfile.DISK for Table:userTable
2019-11-14 21:59:47,326 [main] INFO  db.DBStoreBuilder (DBStoreBuilder.java:addTable(127)) - using custom profile for table: volumeTable
2019-11-14 21:59:47,326 [main] INFO  db.DBStoreBuilder (DBStoreBuilder.java:processTables(183)) - Using default column profile:DBProfile.DISK for Table:volumeTable
2019-11-14 21:59:47,326 [main] INFO  db.DBStoreBuilder (DBStoreBuilder.java:addTable(127)) - using custom profile for table: bucketTable
2019-11-14 21:59:47,327 [main] INFO  db.DBStoreBuilder (DBStoreBuilder.java:processTables(183)) - Using default column profile:DBProfile.DISK for Table:bucketTable
2019-11-14 21:59:47,327 [main] INFO  db.DBStoreBuilder (DBStoreBuilder.java:addTable(127)) - using custom profile for table: keyTable
2019-11-14 21:59:47,327 [main] INFO  db.DBStoreBuilder (DBStoreBuilder.java:processTables(183)) - Using default column profile:DBProfile.DISK for Table:keyTable
2019-11-14 21:59:47,327 [main] INFO  db.DBStoreBuilder (DBStoreBuilder.java:addTable(127)) - using custom profile for table: deletedTable
2019-11-14 21:59:47,328 [main] INFO  db.DBStoreBuilder (DBStoreBuilder.java:processTables(183)) - Using default column profile:DBProfile.DISK for Table:deletedTable
2019-11-14 21:59:47,328 [main] INFO  db.DBStoreBuilder (DBStoreBuilder.java:addTable(127)) - using custom profile for table: openKeyTable
2019-11-14 21:59:47,328 [main] INFO  db.DBStoreBuilder (DBStoreBuilder.java:processTables(183)) - Using default column profile:DBProfile.DISK for Table:openKeyTable
2019-11-14 21:59:47,328 [main] INFO  db.DBStoreBuilder (DBStoreBuilder.java:addTable(127)) - using custom profile for table: s3Table
2019-11-14 21:59:47,328 [main] INFO  db.DBStoreBuilder (DBStoreBuilder.java:processTables(183)) - Using default column profile:DBProfile.DISK for Table:s3Table
2019-11-14 21:59:47,329 [main] INFO  db.DBStoreBuilder (DBStoreBuilder.java:addTable(127)) - using custom profile for table: multipartInfoTable
2019-11-14 21:59:47,329 [main] INFO  db.DBStoreBuilder (DBStoreBuilder.java:processTables(183)) - Using default column profile:DBProfile.DISK for Table:multipartInfoTable
2019-11-14 21:59:47,329 [main] INFO  db.DBStoreBuilder (DBStoreBuilder.java:addTable(127)) - using custom profile for table: dTokenTable
2019-11-14 21:59:47,329 [main] INFO  db.DBStoreBuilder (DBStoreBuilder.java:processTables(183)) - Using default column profile:DBProfile.DISK for Table:dTokenTable
2019-11-14 21:59:47,330 [main] INFO  db.DBStoreBuilder (DBStoreBuilder.java:addTable(127)) - using custom profile for table: s3SecretTable
2019-11-14 21:59:47,330 [main] INFO  db.DBStoreBuilder (DBStoreBuilder.java:processTables(183)) - Using default column profile:DBProfile.DISK for Table:s3SecretTable
2019-11-14 21:59:47,330 [main] INFO  db.DBStoreBuilder (DBStoreBuilder.java:addTable(127)) - using custom profile for table: prefixTable
2019-11-14 21:59:47,330 [main] INFO  db.DBStoreBuilder (DBStoreBuilder.java:processTables(183)) - Using default column profile:DBProfile.DISK for Table:prefixTable
2019-11-14 21:59:47,330 [main] INFO  db.DBStoreBuilder (DBStoreBuilder.java:addTable(127)) - using custom profile for table: default
2019-11-14 21:59:47,331 [main] INFO  db.DBStoreBuilder (DBStoreBuilder.java:processTables(189)) - Using default column profile:DBProfile.DISK for Table:default
2019-11-14 21:59:47,331 [main] INFO  db.DBStoreBuilder (DBStoreBuilder.java:getDbProfile(220)) - Using default options. DBProfile.DISK
2019-11-14 21:59:48,399 [main] INFO  ipc.CallQueueManager (CallQueueManager.java:<init>(84)) - Using callQueue: class java.util.concurrent.LinkedBlockingQueue, queueCapacity: 2000, scheduler: class org.apache.hadoop.ipc.DefaultRpcScheduler, ipcBackoff: false.
2019-11-14 21:59:48,401 [Socket Reader #1 for port 40141] INFO  ipc.Server (Server.java:run(1074)) - Starting Socket Reader #1 for port 40141
2019-11-14 21:59:48,432 [main] INFO  om.OzoneManager (OzoneManager.java:start(1077)) - OzoneManager RPC server is listening at localhost/127.0.0.1:40141
2019-11-14 21:59:48,432 [main] INFO  impl.MetricsSystemImpl (MetricsSystemImpl.java:init(158)) - OzoneManager metrics system started (again)
2019-11-14 21:59:48,443 [IPC Server Responder] INFO  ipc.Server (Server.java:run(1314)) - IPC Server Responder: starting
2019-11-14 21:59:48,443 [IPC Server listener on 40141] INFO  ipc.Server (Server.java:run(1153)) - IPC Server listener on 40141: starting
2019-11-14 21:59:48,451 [main] INFO  hdfs.DFSUtil (DFSUtil.java:httpServerTemplateForNNAndJN(1641)) - Starting Web-server for ozoneManager at: http://0.0.0.0:0
2019-11-14 21:59:48,453 [main] INFO  server.AuthenticationFilter (AuthenticationFilter.java:constructSecretProvider(240)) - Unable to initialize FileSignerSecretProvider, falling back to use random secrets.
2019-11-14 21:59:48,454 [main] WARN  http.HttpRequestLog (HttpRequestLog.java:getRequestLog(97)) - Jetty request log can only be enabled using Log4j
2019-11-14 21:59:48,455 [main] INFO  http.HttpServer2 (HttpServer2.java:addGlobalFilter(975)) - Added global filter 'safety' (class=org.apache.hadoop.http.HttpServer2$QuotingInputFilter)
2019-11-14 21:59:48,457 [main] INFO  http.HttpServer2 (HttpServer2.java:addFilter(948)) - Added filter static_user_filter (class=org.apache.hadoop.http.lib.StaticUserWebFilter$StaticUserFilter) to context ozoneManager
2019-11-14 21:59:48,457 [main] INFO  http.HttpServer2 (HttpServer2.java:addFilter(958)) - Added filter static_user_filter (class=org.apache.hadoop.http.lib.StaticUserWebFilter$StaticUserFilter) to context static
2019-11-14 21:59:48,457 [main] INFO  http.HttpServer2 (HttpServer2.java:addFilter(958)) - Added filter static_user_filter (class=org.apache.hadoop.http.lib.StaticUserWebFilter$StaticUserFilter) to context logs
2019-11-14 21:59:48,461 [main] INFO  http.HttpServer2 (HttpServer2.java:bindListener(1191)) - Jetty bound to port 40085
2019-11-14 21:59:48,462 [main] INFO  server.Server (Server.java:doStart(351)) - jetty-9.3.25.v20180904, build timestamp: 2018-09-04T21:11:46Z, git hash: 3ce520221d0240229c862b122d2b06c12a625732
2019-11-14 21:59:48,464 [main] INFO  handler.ContextHandler (ContextHandler.java:doStart(781)) - Started o.e.j.s.ServletContextHandler@340b7ef6{/logs,file:///workdir/hadoop-ozone/tools/target/log,AVAILABLE}
2019-11-14 21:59:48,465 [main] INFO  handler.ContextHandler (ContextHandler.java:doStart(781)) - Started o.e.j.s.ServletContextHandler@6050462a{/static,jar:file:/home/user/.m2/repository/org/apache/hadoop/hadoop-ozone-ozone-manager/0.5.0-SNAPSHOT/hadoop-ozone-ozone-manager-0.5.0-SNAPSHOT.jar!/webapps/static,AVAILABLE}
2019-11-14 21:59:48,617 [main] INFO  handler.ContextHandler (ContextHandler.java:doStart(781)) - Started o.e.j.w.WebAppContext@425d5d46{/,file:///tmp/jetty-0.0.0.0-40085-ozoneManager-_-any-5245259506975138054.dir/webapp/,AVAILABLE}{/ozoneManager}
2019-11-14 21:59:48,618 [main] INFO  server.AbstractConnector (AbstractConnector.java:doStart(278)) - Started ServerConnector@198ef2ce{HTTP/1.1,[http/1.1]}{0.0.0.0:40085}
2019-11-14 21:59:48,618 [main] INFO  server.Server (Server.java:doStart(419)) - Started @8927ms
2019-11-14 21:59:48,619 [main] WARN  impl.MetricsSystemImpl (MetricsSystemImpl.java:register(276)) - Sink prometheus already exists!
2019-11-14 21:59:48,620 [main] INFO  server.BaseHttpServer (BaseHttpServer.java:updateConnectorAddress(215)) - HTTP server of OZONEMANAGER is listening at http://0.0.0.0:40085
2019-11-14 21:59:48,952 [main] INFO  impl.MetricsSystemImpl (MetricsSystemImpl.java:init(158)) - HddsDatanode metrics system started (again)
2019-11-14 21:59:49,001 [main] INFO  ozone.HddsDatanodeService (HddsDatanodeService.java:start(186)) - HddsDatanodeService host:pr-hdds-2487-rmf7g-1521005275 ip:192.168.69.92
2019-11-14 21:59:49,038 [main] INFO  volume.HddsVolume (HddsVolume.java:<init>(176)) - Creating Volume: /workdir/hadoop-ozone/tools/target/test-dir/MiniOzoneClusterImpl-a2daa8b5-5e46-43ba-9bcc-283e13a4cd9f/datanode-0/data/containers/hdds of  storage type : DISK and capacity : 1482555576320
2019-11-14 21:59:49,041 [main] INFO  volume.VolumeSet (VolumeSet.java:initializeVolumeSet(170)) - Added Volume : /workdir/hadoop-ozone/tools/target/test-dir/MiniOzoneClusterImpl-a2daa8b5-5e46-43ba-9bcc-283e13a4cd9f/datanode-0/data/containers/hdds to VolumeSet
2019-11-14 21:59:49,045 [main] INFO  volume.ThrottledAsyncChecker (ThrottledAsyncChecker.java:schedule(141)) - Scheduling a check for /workdir/hadoop-ozone/tools/target/test-dir/MiniOzoneClusterImpl-a2daa8b5-5e46-43ba-9bcc-283e13a4cd9f/datanode-0/data/containers/hdds
2019-11-14 21:59:49,070 [main] INFO  volume.HddsVolumeChecker (HddsVolumeChecker.java:checkAllVolumes(204)) - Scheduled health check for volume /workdir/hadoop-ozone/tools/target/test-dir/MiniOzoneClusterImpl-a2daa8b5-5e46-43ba-9bcc-283e13a4cd9f/datanode-0/data/containers/hdds
2019-11-14 21:59:49,208 [main] INFO  impl.RaftServerProxy (ConfUtils.java:logGet(43)) - raft.rpc.type = GRPC (default)
2019-11-14 21:59:49,289 [main] INFO  grpc.GrpcFactory (GrpcFactory.java:checkPooledByteBufAllocatorUseCacheForAllThreads(45)) - PERFORMANCE WARNING: useCacheForAllThreads is true that may cause Netty to create a lot garbage objects and, as a result, trigger GC.
	It is recommended to disable useCacheForAllThreads by setting -Dorg.apache.ratis.thirdparty.io.netty.allocator.useCacheForAllThreads=false in command line.
2019-11-14 21:59:49,295 [main] INFO  grpc.GrpcConfigKeys$Server (ConfUtils.java:logGet(43)) - raft.grpc.server.port = 0 (default)
2019-11-14 21:59:49,296 [main] INFO  server.GrpcService (ConfUtils.java:logGet(43)) - raft.grpc.message.size.max = 33570816 (custom)
2019-11-14 21:59:49,297 [main] INFO  server.RaftServerConfigKeys (ConfUtils.java:logGet(43)) - raft.server.log.appender.buffer.byte-limit = 33554432 (custom)
2019-11-14 21:59:49,298 [main] INFO  server.GrpcService (ConfUtils.java:logGet(43)) - raft.grpc.flow.control.window = 1MB (=1048576) (default)
2019-11-14 21:59:49,299 [main] INFO  server.RaftServerConfigKeys (ConfUtils.java:logGet(43)) - raft.server.rpc.request.timeout = 3000ms (default)
2019-11-14 21:59:49,460 [main] INFO  server.RaftServerConfigKeys (ConfUtils.java:logGet(43)) - raft.server.storage.dir = [/workdir/hadoop-ozone/tools/target/test-dir/MiniOzoneClusterImpl-a2daa8b5-5e46-43ba-9bcc-283e13a4cd9f/datanode-0/data/ratis] (custom)
2019-11-14 21:59:49,519 [main] INFO  hdfs.DFSUtil (DFSUtil.java:httpServerTemplateForNNAndJN(1641)) - Starting Web-server for hddsDatanode at: http://0.0.0.0:0
2019-11-14 21:59:49,522 [main] INFO  server.AuthenticationFilter (AuthenticationFilter.java:constructSecretProvider(240)) - Unable to initialize FileSignerSecretProvider, falling back to use random secrets.
2019-11-14 21:59:49,523 [main] WARN  http.HttpRequestLog (HttpRequestLog.java:getRequestLog(97)) - Jetty request log can only be enabled using Log4j
2019-11-14 21:59:49,526 [main] INFO  http.HttpServer2 (HttpServer2.java:addGlobalFilter(975)) - Added global filter 'safety' (class=org.apache.hadoop.http.HttpServer2$QuotingInputFilter)
2019-11-14 21:59:49,527 [main] INFO  http.HttpServer2 (HttpServer2.java:addFilter(948)) - Added filter static_user_filter (class=org.apache.hadoop.http.lib.StaticUserWebFilter$StaticUserFilter) to context hddsDatanode
2019-11-14 21:59:49,527 [main] INFO  http.HttpServer2 (HttpServer2.java:addFilter(958)) - Added filter static_user_filter (class=org.apache.hadoop.http.lib.StaticUserWebFilter$StaticUserFilter) to context logs
2019-11-14 21:59:49,528 [main] INFO  http.HttpServer2 (HttpServer2.java:addFilter(958)) - Added filter static_user_filter (class=org.apache.hadoop.http.lib.StaticUserWebFilter$StaticUserFilter) to context static
2019-11-14 21:59:49,529 [main] INFO  http.HttpServer2 (HttpServer2.java:bindListener(1191)) - Jetty bound to port 35244
2019-11-14 21:59:49,530 [main] INFO  server.Server (Server.java:doStart(351)) - jetty-9.3.25.v20180904, build timestamp: 2018-09-04T21:11:46Z, git hash: 3ce520221d0240229c862b122d2b06c12a625732
2019-11-14 21:59:49,534 [main] INFO  handler.ContextHandler (ContextHandler.java:doStart(781)) - Started o.e.j.s.ServletContextHandler@1ba359bd{/logs,file:///workdir/hadoop-ozone/tools/target/log,AVAILABLE}
2019-11-14 21:59:49,535 [main] INFO  handler.ContextHandler (ContextHandler.java:doStart(781)) - Started o.e.j.s.ServletContextHandler@673919a7{/static,jar:file:/home/user/.m2/repository/org/apache/hadoop/hadoop-hdds-container-service/0.5.0-SNAPSHOT/hadoop-hdds-container-service-0.5.0-SNAPSHOT.jar!/webapps/static,AVAILABLE}
2019-11-14 21:59:49,646 [main] INFO  handler.ContextHandler (ContextHandler.java:doStart(781)) - Started o.e.j.w.WebAppContext@546e61d5{/,file:///tmp/jetty-0.0.0.0-35244-hddsDatanode-_-any-5840964823625922109.dir/webapp/,AVAILABLE}{/hddsDatanode}
2019-11-14 21:59:49,647 [main] INFO  server.AbstractConnector (AbstractConnector.java:doStart(278)) - Started ServerConnector@4674d90{HTTP/1.1,[http/1.1]}{0.0.0.0:35244}
2019-11-14 21:59:49,648 [main] INFO  server.Server (Server.java:doStart(419)) - Started @9957ms
2019-11-14 21:59:49,648 [main] WARN  impl.MetricsSystemImpl (MetricsSystemImpl.java:register(276)) - Sink prometheus already exists!
2019-11-14 21:59:49,649 [main] INFO  server.BaseHttpServer (BaseHttpServer.java:updateConnectorAddress(215)) - HTTP server of HDDSDATANODE is listening at http://0.0.0.0:35244
2019-11-14 21:59:49,650 [main] INFO  impl.MetricsSystemImpl (MetricsSystemImpl.java:init(158)) - HddsDatanode metrics system started (again)
2019-11-14 21:59:49,653 [main] INFO  ozone.HddsDatanodeService (HddsDatanodeService.java:start(186)) - HddsDatanodeService host:pr-hdds-2487-rmf7g-1521005275 ip:192.168.69.92
2019-11-14 21:59:49,656 [org.apache.hadoop.util.JvmPauseMonitor$Monitor@709697ef] INFO  util.JvmPauseMonitor (JvmPauseMonitor.java:run(188)) - Starting JVM pause monitor
2019-11-14 21:59:49,662 [main] INFO  volume.HddsVolume (HddsVolume.java:<init>(176)) - Creating Volume: /workdir/hadoop-ozone/tools/target/test-dir/MiniOzoneClusterImpl-a2daa8b5-5e46-43ba-9bcc-283e13a4cd9f/datanode-1/data/containers/hdds of  storage type : DISK and capacity : 1482555576320
2019-11-14 21:59:49,663 [main] INFO  volume.VolumeSet (VolumeSet.java:initializeVolumeSet(170)) - Added Volume : /workdir/hadoop-ozone/tools/target/test-dir/MiniOzoneClusterImpl-a2daa8b5-5e46-43ba-9bcc-283e13a4cd9f/datanode-1/data/containers/hdds to VolumeSet
2019-11-14 21:59:49,663 [main] INFO  volume.ThrottledAsyncChecker (ThrottledAsyncChecker.java:schedule(141)) - Scheduling a check for /workdir/hadoop-ozone/tools/target/test-dir/MiniOzoneClusterImpl-a2daa8b5-5e46-43ba-9bcc-283e13a4cd9f/datanode-1/data/containers/hdds
2019-11-14 21:59:49,664 [main] INFO  volume.HddsVolumeChecker (HddsVolumeChecker.java:checkAllVolumes(204)) - Scheduled health check for volume /workdir/hadoop-ozone/tools/target/test-dir/MiniOzoneClusterImpl-a2daa8b5-5e46-43ba-9bcc-283e13a4cd9f/datanode-1/data/containers/hdds
2019-11-14 21:59:49,680 [main] INFO  impl.RaftServerProxy (ConfUtils.java:logGet(43)) - raft.rpc.type = GRPC (default)
2019-11-14 21:59:49,680 [main] INFO  grpc.GrpcFactory (GrpcFactory.java:checkPooledByteBufAllocatorUseCacheForAllThreads(45)) - PERFORMANCE WARNING: useCacheForAllThreads is true that may cause Netty to create a lot garbage objects and, as a result, trigger GC.
	It is recommended to disable useCacheForAllThreads by setting -Dorg.apache.ratis.thirdparty.io.netty.allocator.useCacheForAllThreads=false in command line.
2019-11-14 21:59:49,680 [main] INFO  grpc.GrpcConfigKeys$Server (ConfUtils.java:logGet(43)) - raft.grpc.server.port = 0 (default)
2019-11-14 21:59:49,681 [main] INFO  server.GrpcService (ConfUtils.java:logGet(43)) - raft.grpc.message.size.max = 33570816 (custom)
2019-11-14 21:59:49,681 [main] INFO  server.RaftServerConfigKeys (ConfUtils.java:logGet(43)) - raft.server.log.appender.buffer.byte-limit = 33554432 (custom)
2019-11-14 21:59:49,681 [main] INFO  server.GrpcService (ConfUtils.java:logGet(43)) - raft.grpc.flow.control.window = 1MB (=1048576) (default)
2019-11-14 21:59:49,681 [main] INFO  server.RaftServerConfigKeys (ConfUtils.java:logGet(43)) - raft.server.rpc.request.timeout = 3000ms (default)
2019-11-14 21:59:49,682 [main] INFO  server.RaftServerConfigKeys (ConfUtils.java:logGet(43)) - raft.server.storage.dir = [/workdir/hadoop-ozone/tools/target/test-dir/MiniOzoneClusterImpl-a2daa8b5-5e46-43ba-9bcc-283e13a4cd9f/datanode-1/data/ratis] (custom)
2019-11-14 21:59:49,684 [main] INFO  hdfs.DFSUtil (DFSUtil.java:httpServerTemplateForNNAndJN(1641)) - Starting Web-server for hddsDatanode at: http://0.0.0.0:0
2019-11-14 21:59:49,685 [main] INFO  server.AuthenticationFilter (AuthenticationFilter.java:constructSecretProvider(240)) - Unable to initialize FileSignerSecretProvider, falling back to use random secrets.
2019-11-14 21:59:49,686 [main] WARN  http.HttpRequestLog (HttpRequestLog.java:getRequestLog(97)) - Jetty request log can only be enabled using Log4j
2019-11-14 21:59:49,687 [main] INFO  http.HttpServer2 (HttpServer2.java:addGlobalFilter(975)) - Added global filter 'safety' (class=org.apache.hadoop.http.HttpServer2$QuotingInputFilter)
2019-11-14 21:59:49,688 [main] INFO  http.HttpServer2 (HttpServer2.java:addFilter(948)) - Added filter static_user_filter (class=org.apache.hadoop.http.lib.StaticUserWebFilter$StaticUserFilter) to context hddsDatanode
2019-11-14 21:59:49,688 [main] INFO  http.HttpServer2 (HttpServer2.java:addFilter(958)) - Added filter static_user_filter (class=org.apache.hadoop.http.lib.StaticUserWebFilter$StaticUserFilter) to context logs
2019-11-14 21:59:49,688 [main] INFO  http.HttpServer2 (HttpServer2.java:addFilter(958)) - Added filter static_user_filter (class=org.apache.hadoop.http.lib.StaticUserWebFilter$StaticUserFilter) to context static
2019-11-14 21:59:49,689 [main] INFO  http.HttpServer2 (HttpServer2.java:bindListener(1191)) - Jetty bound to port 40183
2019-11-14 21:59:49,689 [main] INFO  server.Server (Server.java:doStart(351)) - jetty-9.3.25.v20180904, build timestamp: 2018-09-04T21:11:46Z, git hash: 3ce520221d0240229c862b122d2b06c12a625732
2019-11-14 21:59:49,692 [main] INFO  handler.ContextHandler (ContextHandler.java:doStart(781)) - Started o.e.j.s.ServletContextHandler@60325987{/logs,file:///workdir/hadoop-ozone/tools/target/log,AVAILABLE}
2019-11-14 21:59:49,693 [main] INFO  handler.ContextHandler (ContextHandler.java:doStart(781)) - Started o.e.j.s.ServletContextHandler@3374b5bc{/static,jar:file:/home/user/.m2/repository/org/apache/hadoop/hadoop-hdds-container-service/0.5.0-SNAPSHOT/hadoop-hdds-container-service-0.5.0-SNAPSHOT.jar!/webapps/static,AVAILABLE}
2019-11-14 21:59:49,731 [main] INFO  handler.ContextHandler (ContextHandler.java:doStart(781)) - Started o.e.j.w.WebAppContext@4649d70a{/,file:///tmp/jetty-0.0.0.0-40183-hddsDatanode-_-any-8090379859173180811.dir/webapp/,AVAILABLE}{/hddsDatanode}
2019-11-14 21:59:49,733 [main] INFO  server.AbstractConnector (AbstractConnector.java:doStart(278)) - Started ServerConnector@5d43409a{HTTP/1.1,[http/1.1]}{0.0.0.0:40183}
2019-11-14 21:59:49,733 [main] INFO  server.Server (Server.java:doStart(419)) - Started @10042ms
2019-11-14 21:59:49,734 [main] WARN  impl.MetricsSystemImpl (MetricsSystemImpl.java:register(276)) - Sink prometheus already exists!
2019-11-14 21:59:49,736 [main] INFO  server.BaseHttpServer (BaseHttpServer.java:updateConnectorAddress(215)) - HTTP server of HDDSDATANODE is listening at http://0.0.0.0:40183
2019-11-14 21:59:49,737 [main] INFO  impl.MetricsSystemImpl (MetricsSystemImpl.java:init(158)) - HddsDatanode metrics system started (again)
2019-11-14 21:59:49,754 [org.apache.hadoop.util.JvmPauseMonitor$Monitor@7e5ddfb1] INFO  util.JvmPauseMonitor (JvmPauseMonitor.java:run(188)) - Starting JVM pause monitor
2019-11-14 21:59:49,755 [main] INFO  ozone.HddsDatanodeService (HddsDatanodeService.java:start(186)) - HddsDatanodeService host:pr-hdds-2487-rmf7g-1521005275 ip:192.168.69.92
2019-11-14 21:59:49,764 [main] INFO  volume.HddsVolume (HddsVolume.java:<init>(176)) - Creating Volume: /workdir/hadoop-ozone/tools/target/test-dir/MiniOzoneClusterImpl-a2daa8b5-5e46-43ba-9bcc-283e13a4cd9f/datanode-2/data/containers/hdds of  storage type : DISK and capacity : 1482555576320
2019-11-14 21:59:49,764 [main] INFO  volume.VolumeSet (VolumeSet.java:initializeVolumeSet(170)) - Added Volume : /workdir/hadoop-ozone/tools/target/test-dir/MiniOzoneClusterImpl-a2daa8b5-5e46-43ba-9bcc-283e13a4cd9f/datanode-2/data/containers/hdds to VolumeSet
2019-11-14 21:59:49,765 [main] INFO  volume.ThrottledAsyncChecker (ThrottledAsyncChecker.java:schedule(141)) - Scheduling a check for /workdir/hadoop-ozone/tools/target/test-dir/MiniOzoneClusterImpl-a2daa8b5-5e46-43ba-9bcc-283e13a4cd9f/datanode-2/data/containers/hdds
2019-11-14 21:59:49,766 [main] INFO  volume.HddsVolumeChecker (HddsVolumeChecker.java:checkAllVolumes(204)) - Scheduled health check for volume /workdir/hadoop-ozone/tools/target/test-dir/MiniOzoneClusterImpl-a2daa8b5-5e46-43ba-9bcc-283e13a4cd9f/datanode-2/data/containers/hdds
2019-11-14 21:59:49,794 [Datanode State Machine Thread - 0] INFO  datanode.InitDatanodeState (InitDatanodeState.java:persistContainerDatanodeDetails(140)) - DatanodeDetails is persisted to /workdir/hadoop-ozone/tools/target/test-dir/MiniOzoneClusterImpl-a2daa8b5-5e46-43ba-9bcc-283e13a4cd9f/datanode-0/meta/datanode.id
2019-11-14 21:59:49,798 [main] INFO  impl.RaftServerProxy (ConfUtils.java:logGet(43)) - raft.rpc.type = GRPC (default)
2019-11-14 21:59:49,799 [main] INFO  grpc.GrpcFactory (GrpcFactory.java:checkPooledByteBufAllocatorUseCacheForAllThreads(45)) - PERFORMANCE WARNING: useCacheForAllThreads is true that may cause Netty to create a lot garbage objects and, as a result, trigger GC.
	It is recommended to disable useCacheForAllThreads by setting -Dorg.apache.ratis.thirdparty.io.netty.allocator.useCacheForAllThreads=false in command line.
2019-11-14 21:59:49,799 [main] INFO  grpc.GrpcConfigKeys$Server (ConfUtils.java:logGet(43)) - raft.grpc.server.port = 0 (default)
2019-11-14 21:59:49,800 [main] INFO  server.GrpcService (ConfUtils.java:logGet(43)) - raft.grpc.message.size.max = 33570816 (custom)
2019-11-14 21:59:49,800 [main] INFO  server.RaftServerConfigKeys (ConfUtils.java:logGet(43)) - raft.server.log.appender.buffer.byte-limit = 33554432 (custom)
2019-11-14 21:59:49,800 [main] INFO  server.GrpcService (ConfUtils.java:logGet(43)) - raft.grpc.flow.control.window = 1MB (=1048576) (default)
2019-11-14 21:59:49,800 [main] INFO  server.RaftServerConfigKeys (ConfUtils.java:logGet(43)) - raft.server.rpc.request.timeout = 3000ms (default)
2019-11-14 21:59:49,802 [main] INFO  server.RaftServerConfigKeys (ConfUtils.java:logGet(43)) - raft.server.storage.dir = [/workdir/hadoop-ozone/tools/target/test-dir/MiniOzoneClusterImpl-a2daa8b5-5e46-43ba-9bcc-283e13a4cd9f/datanode-2/data/ratis] (custom)
2019-11-14 21:59:49,806 [Datanode State Machine Thread - 0] INFO  datanode.InitDatanodeState (InitDatanodeState.java:persistContainerDatanodeDetails(140)) - DatanodeDetails is persisted to /workdir/hadoop-ozone/tools/target/test-dir/MiniOzoneClusterImpl-a2daa8b5-5e46-43ba-9bcc-283e13a4cd9f/datanode-1/meta/datanode.id
2019-11-14 21:59:49,810 [main] INFO  hdfs.DFSUtil (DFSUtil.java:httpServerTemplateForNNAndJN(1641)) - Starting Web-server for hddsDatanode at: http://0.0.0.0:0
2019-11-14 21:59:49,812 [main] INFO  server.AuthenticationFilter (AuthenticationFilter.java:constructSecretProvider(240)) - Unable to initialize FileSignerSecretProvider, falling back to use random secrets.
2019-11-14 21:59:49,813 [main] WARN  http.HttpRequestLog (HttpRequestLog.java:getRequestLog(97)) - Jetty request log can only be enabled using Log4j
2019-11-14 21:59:49,815 [main] INFO  http.HttpServer2 (HttpServer2.java:addGlobalFilter(975)) - Added global filter 'safety' (class=org.apache.hadoop.http.HttpServer2$QuotingInputFilter)
2019-11-14 21:59:49,816 [main] INFO  http.HttpServer2 (HttpServer2.java:addFilter(948)) - Added filter static_user_filter (class=org.apache.hadoop.http.lib.StaticUserWebFilter$StaticUserFilter) to context hddsDatanode
2019-11-14 21:59:49,817 [main] INFO  http.HttpServer2 (HttpServer2.java:addFilter(958)) - Added filter static_user_filter (class=org.apache.hadoop.http.lib.StaticUserWebFilter$StaticUserFilter) to context logs
2019-11-14 21:59:49,817 [main] INFO  http.HttpServer2 (HttpServer2.java:addFilter(958)) - Added filter static_user_filter (class=org.apache.hadoop.http.lib.StaticUserWebFilter$StaticUserFilter) to context static
2019-11-14 21:59:49,818 [main] INFO  http.HttpServer2 (HttpServer2.java:bindListener(1191)) - Jetty bound to port 42442
2019-11-14 21:59:49,818 [main] INFO  server.Server (Server.java:doStart(351)) - jetty-9.3.25.v20180904, build timestamp: 2018-09-04T21:11:46Z, git hash: 3ce520221d0240229c862b122d2b06c12a625732
2019-11-14 21:59:49,822 [main] INFO  handler.ContextHandler (ContextHandler.java:doStart(781)) - Started o.e.j.s.ServletContextHandler@70228253{/logs,file:///workdir/hadoop-ozone/tools/target/log,AVAILABLE}
2019-11-14 21:59:49,823 [main] INFO  handler.ContextHandler (ContextHandler.java:doStart(781)) - Started o.e.j.s.ServletContextHandler@21bd20ee{/static,jar:file:/home/user/.m2/repository/org/apache/hadoop/hadoop-hdds-container-service/0.5.0-SNAPSHOT/hadoop-hdds-container-service-0.5.0-SNAPSHOT.jar!/webapps/static,AVAILABLE}
2019-11-14 21:59:49,871 [main] INFO  handler.ContextHandler (ContextHandler.java:doStart(781)) - Started o.e.j.w.WebAppContext@68a4dcc6{/,file:///tmp/jetty-0.0.0.0-42442-hddsDatanode-_-any-15993533226235477.dir/webapp/,AVAILABLE}{/hddsDatanode}
2019-11-14 21:59:49,872 [main] INFO  server.AbstractConnector (AbstractConnector.java:doStart(278)) - Started ServerConnector@646c0a67{HTTP/1.1,[http/1.1]}{0.0.0.0:42442}
2019-11-14 21:59:49,873 [main] INFO  server.Server (Server.java:doStart(419)) - Started @10182ms
2019-11-14 21:59:49,873 [main] WARN  impl.MetricsSystemImpl (MetricsSystemImpl.java:register(276)) - Sink prometheus already exists!
2019-11-14 21:59:49,875 [main] INFO  server.BaseHttpServer (BaseHttpServer.java:updateConnectorAddress(215)) - HTTP server of HDDSDATANODE is listening at http://0.0.0.0:42442
2019-11-14 21:59:49,877 [main] INFO  ozone.MiniOzoneClusterImpl (MiniOzoneClusterImpl.java:lambda$waitForClusterToBeReady$2(171)) - Waiting for cluster to be ready. Got 0 of 3 DN Heartbeats.
2019-11-14 21:59:49,878 [org.apache.hadoop.util.JvmPauseMonitor$Monitor@7c25f676] INFO  util.JvmPauseMonitor (JvmPauseMonitor.java:run(188)) - Starting JVM pause monitor
2019-11-14 21:59:49,880 [Datanode State Machine Thread - 0] INFO  datanode.InitDatanodeState (InitDatanodeState.java:persistContainerDatanodeDetails(140)) - DatanodeDetails is persisted to /workdir/hadoop-ozone/tools/target/test-dir/MiniOzoneClusterImpl-a2daa8b5-5e46-43ba-9bcc-283e13a4cd9f/datanode-2/meta/datanode.id
2019-11-14 21:59:50,877 [main] INFO  ozone.MiniOzoneClusterImpl (MiniOzoneClusterImpl.java:lambda$waitForClusterToBeReady$2(171)) - Waiting for cluster to be ready. Got 0 of 3 DN Heartbeats.
2019-11-14 21:59:51,734 [Datanode State Machine Thread - 0] INFO  ozoneimpl.OzoneContainer (OzoneContainer.java:start(230)) - Attempting to start container services.
2019-11-14 21:59:51,737 [Datanode State Machine Thread - 0] INFO  ozoneimpl.OzoneContainer (OzoneContainer.java:startContainerScrub(194)) - Background container scanner has been disabled.
2019-11-14 21:59:51,737 [Datanode State Machine Thread - 0] INFO  ratis.XceiverServerRatis (XceiverServerRatis.java:start(421)) - Starting XceiverServerRatis dcaf7993-3da1-4fdc-9369-e253b54d258e at port 0
2019-11-14 21:59:51,757 [Datanode State Machine Thread - 0] INFO  impl.RaftServerProxy (RaftServerProxy.java:lambda$start$3(299)) - dcaf7993-3da1-4fdc-9369-e253b54d258e: start RPC server
2019-11-14 21:59:51,863 [Datanode State Machine Thread - 0] INFO  ozoneimpl.OzoneContainer (OzoneContainer.java:start(230)) - Attempting to start container services.
2019-11-14 21:59:51,867 [Datanode State Machine Thread - 0] INFO  ozoneimpl.OzoneContainer (OzoneContainer.java:startContainerScrub(194)) - Background container scanner has been disabled.
2019-11-14 21:59:51,867 [Datanode State Machine Thread - 0] INFO  ratis.XceiverServerRatis (XceiverServerRatis.java:start(421)) - Starting XceiverServerRatis ccf94327-bf2f-46ae-9ac4-f8667e34d10b at port 0
2019-11-14 21:59:51,876 [Datanode State Machine Thread - 0] INFO  impl.RaftServerProxy (RaftServerProxy.java:lambda$start$3(299)) - ccf94327-bf2f-46ae-9ac4-f8667e34d10b: start RPC server
2019-11-14 21:59:51,878 [main] INFO  ozone.MiniOzoneClusterImpl (MiniOzoneClusterImpl.java:lambda$waitForClusterToBeReady$2(171)) - Waiting for cluster to be ready. Got 0 of 3 DN Heartbeats.
2019-11-14 21:59:51,883 [Datanode State Machine Thread - 0] INFO  server.GrpcService (GrpcService.java:startImpl(158)) - ccf94327-bf2f-46ae-9ac4-f8667e34d10b: GrpcService started, listening on 0.0.0.0/0.0.0.0:45537
2019-11-14 21:59:51,883 [Datanode State Machine Thread - 0] INFO  server.GrpcService (GrpcService.java:startImpl(158)) - dcaf7993-3da1-4fdc-9369-e253b54d258e: GrpcService started, listening on 0.0.0.0/0.0.0.0:34620
2019-11-14 21:59:51,883 [Datanode State Machine Thread - 0] INFO  ratis.XceiverServerRatis (XceiverServerRatis.java:start(431)) - XceiverServerRatis ccf94327-bf2f-46ae-9ac4-f8667e34d10b is started using port 45537
2019-11-14 21:59:51,884 [Datanode State Machine Thread - 0] INFO  ratis.XceiverServerRatis (XceiverServerRatis.java:start(431)) - XceiverServerRatis dcaf7993-3da1-4fdc-9369-e253b54d258e is started using port 34620
2019-11-14 21:59:51,886 [Datanode State Machine Thread - 0] INFO  server.XceiverServerGrpc (XceiverServerGrpc.java:start(145)) - XceiverServerGrpc ccf94327-bf2f-46ae-9ac4-f8667e34d10b is started using port 43132
2019-11-14 21:59:51,886 [Datanode State Machine Thread - 0] INFO  server.XceiverServerGrpc (XceiverServerGrpc.java:start(145)) - XceiverServerGrpc dcaf7993-3da1-4fdc-9369-e253b54d258e is started using port 39226
2019-11-14 21:59:51,905 [Datanode State Machine Thread - 0] INFO  ozoneimpl.OzoneContainer (OzoneContainer.java:start(230)) - Attempting to start container services.
2019-11-14 21:59:51,906 [Datanode State Machine Thread - 0] INFO  ozoneimpl.OzoneContainer (OzoneContainer.java:startContainerScrub(194)) - Background container scanner has been disabled.
2019-11-14 21:59:51,906 [Datanode State Machine Thread - 0] INFO  ratis.XceiverServerRatis (XceiverServerRatis.java:start(421)) - Starting XceiverServerRatis ade3db1e-08d9-4ea6-84ca-25063f16f31b at port 0
2019-11-14 21:59:51,912 [Datanode State Machine Thread - 0] INFO  impl.RaftServerProxy (RaftServerProxy.java:lambda$start$3(299)) - ade3db1e-08d9-4ea6-84ca-25063f16f31b: start RPC server
2019-11-14 21:59:51,914 [Datanode State Machine Thread - 0] INFO  server.GrpcService (GrpcService.java:startImpl(158)) - ade3db1e-08d9-4ea6-84ca-25063f16f31b: GrpcService started, listening on 0.0.0.0/0.0.0.0:43556
2019-11-14 21:59:51,914 [Datanode State Machine Thread - 0] INFO  ratis.XceiverServerRatis (XceiverServerRatis.java:start(431)) - XceiverServerRatis ade3db1e-08d9-4ea6-84ca-25063f16f31b is started using port 43556
2019-11-14 21:59:51,915 [Datanode State Machine Thread - 0] INFO  server.XceiverServerGrpc (XceiverServerGrpc.java:start(145)) - XceiverServerGrpc ade3db1e-08d9-4ea6-84ca-25063f16f31b is started using port 37923
2019-11-14 21:59:52,879 [main] INFO  ozone.MiniOzoneClusterImpl (MiniOzoneClusterImpl.java:lambda$waitForClusterToBeReady$2(171)) - Waiting for cluster to be ready. Got 0 of 3 DN Heartbeats.
2019-11-14 21:59:53,702 [IPC Server handler 0 on 33762] INFO  net.NetworkTopology (NetworkTopologyImpl.java:add(111)) - Added a new node: /default-rack/dcaf7993-3da1-4fdc-9369-e253b54d258e
2019-11-14 21:59:53,703 [IPC Server handler 0 on 33762] INFO  node.SCMNodeManager (SCMNodeManager.java:register(267)) - Registered Data node : dcaf7993-3da1-4fdc-9369-e253b54d258e{ip: 192.168.69.92, host: pr-hdds-2487-rmf7g-1521005275, networkLocation: /default-rack, certSerialId: null}
2019-11-14 21:59:53,705 [EventQueue-NodeRegistrationContainerReportForDataNodeSafeModeRule] INFO  safemode.SCMSafeModeManager (DataNodeSafeModeRule.java:process(71)) - SCM in safe mode. 1 DataNodes registered, 1 required.
2019-11-14 21:59:53,706 [EventQueue-NodeRegistrationContainerReportForContainerSafeModeRule] INFO  safemode.SCMSafeModeManager (SCMSafeModeManager.java:validateSafeModeExitRules(177)) - ScmSafeModeManager, all rules are successfully validated
2019-11-14 21:59:53,707 [EventQueue-NodeRegistrationContainerReportForContainerSafeModeRule] INFO  safemode.SCMSafeModeManager (SCMSafeModeManager.java:exitSafeMode(193)) - SCM exiting safe mode.
2019-11-14 21:59:53,756 [IPC Server handler 2 on 33762] INFO  net.NetworkTopology (NetworkTopologyImpl.java:add(111)) - Added a new node: /default-rack/ccf94327-bf2f-46ae-9ac4-f8667e34d10b
2019-11-14 21:59:53,756 [IPC Server handler 2 on 33762] INFO  node.SCMNodeManager (SCMNodeManager.java:register(267)) - Registered Data node : ccf94327-bf2f-46ae-9ac4-f8667e34d10b{ip: 192.168.69.92, host: pr-hdds-2487-rmf7g-1521005275, networkLocation: /default-rack, certSerialId: null}
2019-11-14 21:59:53,881 [IPC Server handler 4 on 33762] INFO  net.NetworkTopology (NetworkTopologyImpl.java:add(111)) - Added a new node: /default-rack/ade3db1e-08d9-4ea6-84ca-25063f16f31b
2019-11-14 21:59:53,881 [IPC Server handler 4 on 33762] INFO  node.SCMNodeManager (SCMNodeManager.java:register(267)) - Registered Data node : ade3db1e-08d9-4ea6-84ca-25063f16f31b{ip: 192.168.69.92, host: pr-hdds-2487-rmf7g-1521005275, networkLocation: /default-rack, certSerialId: null}
2019-11-14 21:59:54,132 [grpc-default-executor-0] INFO  impl.RaftServerProxy (RaftServerProxy.java:addNew(89)) - dcaf7993-3da1-4fdc-9369-e253b54d258e: addNew group-63069329E93E:[dcaf7993-3da1-4fdc-9369-e253b54d258e:192.168.69.92:34620] returns group-63069329E93E:java.util.concurrent.CompletableFuture@32f927ce[Not completed]
2019-11-14 21:59:54,141 [pool-27-thread-1] INFO  impl.RaftServerImpl (RaftServerImpl.java:<init>(98)) - dcaf7993-3da1-4fdc-9369-e253b54d258e: new RaftServerImpl for group-63069329E93E:[dcaf7993-3da1-4fdc-9369-e253b54d258e:192.168.69.92:34620] with ContainerStateMachine:uninitialized
2019-11-14 21:59:54,142 [pool-27-thread-1] INFO  server.RaftServerConfigKeys (ConfUtils.java:logGet(43)) - raft.server.rpc.timeout.min = 5s (custom)
2019-11-14 21:59:54,143 [pool-27-thread-1] INFO  server.RaftServerConfigKeys (ConfUtils.java:logGet(43)) - raft.server.rpc.timeout.max = 5200ms (custom)
2019-11-14 21:59:54,143 [pool-27-thread-1] INFO  server.RaftServerConfigKeys (ConfUtils.java:logGet(43)) - raft.server.rpcslowness.timeout = 120s (custom)
2019-11-14 21:59:54,144 [pool-27-thread-1] INFO  server.RaftServerConfigKeys (ConfUtils.java:logGet(43)) - raft.server.sleep.deviation.threshold = 300 (default)
2019-11-14 21:59:54,145 [pool-27-thread-1] INFO  server.RaftServerConfigKeys (ConfUtils.java:logGet(43)) - raft.server.log.appender.install.snapshot.enabled = false (custom)
2019-11-14 21:59:54,150 [pool-27-thread-1] INFO  impl.RaftServerImpl (ServerState.java:<init>(103)) - dcaf7993-3da1-4fdc-9369-e253b54d258e@group-63069329E93E: ConfigurationManager, init=-1: [dcaf7993-3da1-4fdc-9369-e253b54d258e:192.168.69.92:34620], old=null, confs=<EMPTY_MAP>
2019-11-14 21:59:54,150 [pool-27-thread-1] INFO  server.RaftServerConfigKeys (ConfUtils.java:logGet(43)) - raft.server.storage.dir = [/workdir/hadoop-ozone/tools/target/test-dir/MiniOzoneClusterImpl-a2daa8b5-5e46-43ba-9bcc-283e13a4cd9f/datanode-0/data/ratis] (custom)
2019-11-14 21:59:54,154 [pool-27-thread-1] INFO  server.RaftServerConfigKeys (ConfUtils.java:logGet(43)) - raft.server.log.corruption.policy = EXCEPTION (default)
2019-11-14 21:59:54,155 [pool-27-thread-1] INFO  storage.RaftStorageDirectory (RaftStorageDirectory.java:analyzeStorage(246)) - The storage directory /workdir/hadoop-ozone/tools/target/test-dir/MiniOzoneClusterImpl-a2daa8b5-5e46-43ba-9bcc-283e13a4cd9f/datanode-0/data/ratis/f94f05ec-393a-443d-8ac7-63069329e93e does not exist. Creating ...
2019-11-14 21:59:54,184 [pool-27-thread-1] INFO  storage.RaftStorageDirectory (RaftStorageDirectory.java:tryLock(328)) - Lock on /workdir/hadoop-ozone/tools/target/test-dir/MiniOzoneClusterImpl-a2daa8b5-5e46-43ba-9bcc-283e13a4cd9f/datanode-0/data/ratis/f94f05ec-393a-443d-8ac7-63069329e93e/in_use.lock acquired by nodename 7744@pr-hdds-2487-rmf7g-1521005275
2019-11-14 21:59:54,219 [pool-27-thread-1] INFO  storage.RaftStorage (RaftStorage.java:format(84)) - Storage directory /workdir/hadoop-ozone/tools/target/test-dir/MiniOzoneClusterImpl-a2daa8b5-5e46-43ba-9bcc-283e13a4cd9f/datanode-0/data/ratis/f94f05ec-393a-443d-8ac7-63069329e93e has been successfully formatted.
2019-11-14 21:59:54,222 [pool-27-thread-1] INFO  ratis.ContainerStateMachine (ContainerStateMachine.java:loadSnapshot(223)) - group-63069329E93E: The snapshot info is null. Setting the last applied indexto:(t:0, i:~)
2019-11-14 21:59:54,223 [pool-27-thread-1] INFO  server.RaftServerConfigKeys (ConfUtils.java:logGet(43)) - raft.server.notification.no-leader.timeout = 120s (custom)
2019-11-14 21:59:54,225 [pool-27-thread-1] INFO  server.RaftServerConfigKeys (ConfUtils.java:logGet(43)) - raft.server.log.use.memory = false (default)
2019-11-14 21:59:54,232 [pool-27-thread-1] INFO  server.RaftServerConfigKeys (ConfUtils.java:logGet(43)) - raft.server.log.purge.gap = 1000000 (custom)
2019-11-14 21:59:54,233 [pool-27-thread-1] INFO  server.RaftServerConfigKeys (ConfUtils.java:logGet(43)) - raft.server.log.appender.buffer.byte-limit = 33554432 (custom)
2019-11-14 21:59:54,235 [pool-27-thread-1] INFO  server.RaftServerConfigKeys (ConfUtils.java:logGet(43)) - raft.server.log.segment.size.max = 1048576 (custom)
2019-11-14 21:59:54,241 [pool-27-thread-1] INFO  metrics.MetricRegistries (MetricRegistriesLoader.java:load(64)) - Loaded MetricRegistries class org.apache.ratis.metrics.impl.MetricRegistriesImpl
2019-11-14 21:59:54,247 [pool-27-thread-1] WARN  impl.MetricRegistriesImpl (MetricRegistriesImpl.java:lambda$create$1(61)) - First MetricRegistry has been created without registering reporters. You may need to call MetricRegistries.global().addReportRegistration(...) before.
2019-11-14 21:59:54,256 [pool-27-thread-1] INFO  server.RaftServerConfigKeys (ConfUtils.java:logGet(43)) - raft.server.log.segment.cache.num.max = 2 (custom)
2019-11-14 21:59:54,264 [pool-27-thread-1] INFO  segmented.SegmentedRaftLogWorker (SegmentedRaftLogWorker.java:<init>(173)) - new dcaf7993-3da1-4fdc-9369-e253b54d258e@group-63069329E93E-SegmentedRaftLogWorker for RaftStorage:Storage Directory /workdir/hadoop-ozone/tools/target/test-dir/MiniOzoneClusterImpl-a2daa8b5-5e46-43ba-9bcc-283e13a4cd9f/datanode-0/data/ratis/f94f05ec-393a-443d-8ac7-63069329e93e
2019-11-14 21:59:54,265 [pool-27-thread-1] INFO  server.RaftServerConfigKeys (ConfUtils.java:logGet(43)) - raft.server.log.queue.byte-limit = 2147483647 (custom)
2019-11-14 21:59:54,265 [pool-27-thread-1] INFO  server.RaftServerConfigKeys (ConfUtils.java:logGet(43)) - raft.server.log.queue.element-limit = 1024 (custom)
2019-11-14 21:59:54,267 [pool-27-thread-1] INFO  server.RaftServerConfigKeys (ConfUtils.java:logGet(43)) - raft.server.log.segment.size.max = 1048576 (custom)
2019-11-14 21:59:54,268 [pool-27-thread-1] INFO  server.RaftServerConfigKeys (ConfUtils.java:logGet(43)) - raft.server.log.preallocated.size = 16384 (custom)
2019-11-14 21:59:54,269 [pool-27-thread-1] INFO  server.RaftServerConfigKeys (ConfUtils.java:logGet(43)) - raft.server.log.write.buffer.size = 33554432 (custom)
2019-11-14 21:59:54,269 [pool-27-thread-1] INFO  server.RaftServerConfigKeys (ConfUtils.java:logGet(43)) - raft.server.log.force.sync.num = 128 (default)
2019-11-14 21:59:54,271 [pool-27-thread-1] INFO  server.RaftServerConfigKeys (ConfUtils.java:logGet(43)) - raft.server.log.statemachine.data.sync = true (default)
2019-11-14 21:59:54,271 [pool-27-thread-1] INFO  server.RaftServerConfigKeys (ConfUtils.java:logGet(43)) - raft.server.log.statemachine.data.sync.timeout = 10s (default)
2019-11-14 21:59:54,272 [pool-27-thread-1] INFO  server.RaftServerConfigKeys (ConfUtils.java:logGet(43)) - raft.server.log.statemachine.data.sync.timeout.retry = -1 (default)
2019-11-14 21:59:54,288 [pool-27-thread-1] INFO  server.RaftServerConfigKeys (ConfUtils.java:logGet(43)) - raft.server.log.statemachine.data.caching.enabled = true (custom)
2019-11-14 21:59:54,293 [pool-27-thread-1] INFO  segmented.SegmentedRaftLogWorker (SegmentedRaftLogWorker.java:lambda$new$0(128)) - dcaf7993-3da1-4fdc-9369-e253b54d258e@group-63069329E93E-SegmentedRaftLogWorker: flushIndex: setUnconditionally 0 -> -1
2019-11-14 21:59:54,298 [pool-27-thread-1] INFO  server.RaftServerConfigKeys (ConfUtils.java:logGet(43)) - raft.server.snapshot.auto.trigger.enabled = true (custom)
2019-11-14 21:59:54,300 [pool-27-thread-1] INFO  server.RaftServerConfigKeys (ConfUtils.java:logGet(43)) - raft.server.snapshot.auto.trigger.threshold = 10000 (custom)
2019-11-14 21:59:54,300 [pool-27-thread-1] INFO  server.RaftServerConfigKeys (ConfUtils.java:logGet(43)) - raft.server.snapshot.retention.file.num = 5 (custom)
2019-11-14 21:59:54,301 [pool-27-thread-1] INFO  server.RaftServerConfigKeys (ConfUtils.java:logGet(43)) - raft.server.retrycache.expirytime = 600000ms (custom)
2019-11-14 21:59:54,323 [pool-27-thread-1] WARN  impl.MetricRegistriesImpl (MetricRegistriesImpl.java:lambda$create$1(61)) - First MetricRegistry has been created without registering reporters. You may need to call MetricRegistries.global().addReportRegistration(...) before.
2019-11-14 21:59:54,325 [pool-27-thread-1] WARN  impl.MetricRegistriesImpl (MetricRegistriesImpl.java:lambda$create$1(61)) - First MetricRegistry has been created without registering reporters. You may need to call MetricRegistries.global().addReportRegistration(...) before.
2019-11-14 21:59:54,326 [pool-27-thread-1] INFO  impl.RaftServerImpl (RaftServerImpl.java:start(184)) - dcaf7993-3da1-4fdc-9369-e253b54d258e@group-63069329E93E: start as a follower, conf=-1: [dcaf7993-3da1-4fdc-9369-e253b54d258e:192.168.69.92:34620], old=null
2019-11-14 21:59:54,327 [pool-27-thread-1] INFO  impl.RaftServerImpl (RaftServerImpl.java:setRole(173)) - dcaf7993-3da1-4fdc-9369-e253b54d258e@group-63069329E93E: changes role from      null to FOLLOWER at term 0 for startAsFollower
2019-11-14 21:59:54,329 [pool-27-thread-1] INFO  impl.RoleInfo (RoleInfo.java:updateAndGet(143)) - dcaf7993-3da1-4fdc-9369-e253b54d258e: start FollowerState
2019-11-14 21:59:54,334 [pool-27-thread-1] INFO  util.JmxRegister (JmxRegister.java:tryRegister(44)) - Successfully registered JMX Bean with object name Ratis:service=RaftServer,group=group-63069329E93E,id=dcaf7993-3da1-4fdc-9369-e253b54d258e
2019-11-14 21:59:54,335 [pool-27-thread-1] WARN  impl.MetricRegistriesImpl (MetricRegistriesImpl.java:lambda$create$1(61)) - First MetricRegistry has been created without registering reporters. You may need to call MetricRegistries.global().addReportRegistration(...) before.
2019-11-14 21:59:54,394 [RatisPipelineUtilsThread] INFO  pipeline.PipelineStateManager (PipelineStateManager.java:addPipeline(55)) - Created pipeline Pipeline[ Id: f94f05ec-393a-443d-8ac7-63069329e93e, Nodes: dcaf7993-3da1-4fdc-9369-e253b54d258e{ip: 192.168.69.92, host: pr-hdds-2487-rmf7g-1521005275, networkLocation: /default-rack, certSerialId: null}, Type:RATIS, Factor:ONE, State:ALLOCATED]
2019-11-14 21:59:54,414 [grpc-default-executor-0] INFO  impl.RaftServerProxy (RaftServerProxy.java:addNew(89)) - ccf94327-bf2f-46ae-9ac4-f8667e34d10b: addNew group-B5A81204F0E2:[ccf94327-bf2f-46ae-9ac4-f8667e34d10b:192.168.69.92:45537] returns group-B5A81204F0E2:java.util.concurrent.CompletableFuture@34d9a387[Not completed]
2019-11-14 21:59:54,436 [pool-37-thread-1] INFO  impl.RaftServerImpl (RaftServerImpl.java:<init>(98)) - ccf94327-bf2f-46ae-9ac4-f8667e34d10b: new RaftServerImpl for group-B5A81204F0E2:[ccf94327-bf2f-46ae-9ac4-f8667e34d10b:192.168.69.92:45537] with ContainerStateMachine:uninitialized
2019-11-14 21:59:54,437 [pool-37-thread-1] INFO  server.RaftServerConfigKeys (ConfUtils.java:logGet(43)) - raft.server.rpc.timeout.min = 5s (custom)
2019-11-14 21:59:54,438 [pool-37-thread-1] INFO  server.RaftServerConfigKeys (ConfUtils.java:logGet(43)) - raft.server.rpc.timeout.max = 5200ms (custom)
2019-11-14 21:59:54,438 [pool-37-thread-1] INFO  server.RaftServerConfigKeys (ConfUtils.java:logGet(43)) - raft.server.rpcslowness.timeout = 120s (custom)
2019-11-14 21:59:54,438 [pool-37-thread-1] INFO  server.RaftServerConfigKeys (ConfUtils.java:logGet(43)) - raft.server.sleep.deviation.threshold = 300 (default)
2019-11-14 21:59:54,438 [pool-37-thread-1] INFO  server.RaftServerConfigKeys (ConfUtils.java:logGet(43)) - raft.server.log.appender.install.snapshot.enabled = false (custom)
2019-11-14 21:59:54,438 [pool-37-thread-1] INFO  impl.RaftServerImpl (ServerState.java:<init>(103)) - ccf94327-bf2f-46ae-9ac4-f8667e34d10b@group-B5A81204F0E2: ConfigurationManager, init=-1: [ccf94327-bf2f-46ae-9ac4-f8667e34d10b:192.168.69.92:45537], old=null, confs=<EMPTY_MAP>
2019-11-14 21:59:54,439 [pool-37-thread-1] INFO  server.RaftServerConfigKeys (ConfUtils.java:logGet(43)) - raft.server.storage.dir = [/workdir/hadoop-ozone/tools/target/test-dir/MiniOzoneClusterImpl-a2daa8b5-5e46-43ba-9bcc-283e13a4cd9f/datanode-1/data/ratis] (custom)
2019-11-14 21:59:54,439 [pool-37-thread-1] INFO  server.RaftServerConfigKeys (ConfUtils.java:logGet(43)) - raft.server.log.corruption.policy = EXCEPTION (default)
2019-11-14 21:59:54,440 [pool-37-thread-1] INFO  storage.RaftStorageDirectory (RaftStorageDirectory.java:analyzeStorage(246)) - The storage directory /workdir/hadoop-ozone/tools/target/test-dir/MiniOzoneClusterImpl-a2daa8b5-5e46-43ba-9bcc-283e13a4cd9f/datanode-1/data/ratis/9ea2ed9b-e1bf-4120-8581-b5a81204f0e2 does not exist. Creating ...
2019-11-14 21:59:54,467 [pool-37-thread-1] INFO  storage.RaftStorageDirectory (RaftStorageDirectory.java:tryLock(328)) - Lock on /workdir/hadoop-ozone/tools/target/test-dir/MiniOzoneClusterImpl-a2daa8b5-5e46-43ba-9bcc-283e13a4cd9f/datanode-1/data/ratis/9ea2ed9b-e1bf-4120-8581-b5a81204f0e2/in_use.lock acquired by nodename 7744@pr-hdds-2487-rmf7g-1521005275
2019-11-14 21:59:54,502 [pool-37-thread-1] INFO  storage.RaftStorage (RaftStorage.java:format(84)) - Storage directory /workdir/hadoop-ozone/tools/target/test-dir/MiniOzoneClusterImpl-a2daa8b5-5e46-43ba-9bcc-283e13a4cd9f/datanode-1/data/ratis/9ea2ed9b-e1bf-4120-8581-b5a81204f0e2 has been successfully formatted.
2019-11-14 21:59:54,503 [pool-37-thread-1] INFO  ratis.ContainerStateMachine (ContainerStateMachine.java:loadSnapshot(223)) - group-B5A81204F0E2: The snapshot info is null. Setting the last applied indexto:(t:0, i:~)
2019-11-14 21:59:54,504 [pool-37-thread-1] INFO  server.RaftServerConfigKeys (ConfUtils.java:logGet(43)) - raft.server.notification.no-leader.timeout = 120s (custom)
2019-11-14 21:59:54,504 [pool-37-thread-1] INFO  server.RaftServerConfigKeys (ConfUtils.java:logGet(43)) - raft.server.log.use.memory = false (default)
2019-11-14 21:59:54,505 [pool-37-thread-1] INFO  server.RaftServerConfigKeys (ConfUtils.java:logGet(43)) - raft.server.log.purge.gap = 1000000 (custom)
2019-11-14 21:59:54,505 [pool-37-thread-1] INFO  server.RaftServerConfigKeys (ConfUtils.java:logGet(43)) - raft.server.log.appender.buffer.byte-limit = 33554432 (custom)
2019-11-14 21:59:54,505 [pool-37-thread-1] INFO  server.RaftServerConfigKeys (ConfUtils.java:logGet(43)) - raft.server.log.segment.size.max = 1048576 (custom)
2019-11-14 21:59:54,505 [pool-37-thread-1] WARN  impl.MetricRegistriesImpl (MetricRegistriesImpl.java:lambda$create$1(61)) - First MetricRegistry has been created without registering reporters. You may need to call MetricRegistries.global().addReportRegistration(...) before.
2019-11-14 21:59:54,507 [pool-37-thread-1] INFO  server.RaftServerConfigKeys (ConfUtils.java:logGet(43)) - raft.server.log.segment.cache.num.max = 2 (custom)
2019-11-14 21:59:54,507 [pool-37-thread-1] INFO  segmented.SegmentedRaftLogWorker (SegmentedRaftLogWorker.java:<init>(173)) - new ccf94327-bf2f-46ae-9ac4-f8667e34d10b@group-B5A81204F0E2-SegmentedRaftLogWorker for RaftStorage:Storage Directory /workdir/hadoop-ozone/tools/target/test-dir/MiniOzoneClusterImpl-a2daa8b5-5e46-43ba-9bcc-283e13a4cd9f/datanode-1/data/ratis/9ea2ed9b-e1bf-4120-8581-b5a81204f0e2
2019-11-14 21:59:54,508 [pool-37-thread-1] INFO  server.RaftServerConfigKeys (ConfUtils.java:logGet(43)) - raft.server.log.queue.byte-limit = 2147483647 (custom)
2019-11-14 21:59:54,508 [pool-37-thread-1] INFO  server.RaftServerConfigKeys (ConfUtils.java:logGet(43)) - raft.server.log.queue.element-limit = 1024 (custom)
2019-11-14 21:59:54,508 [pool-37-thread-1] INFO  server.RaftServerConfigKeys (ConfUtils.java:logGet(43)) - raft.server.log.segment.size.max = 1048576 (custom)
2019-11-14 21:59:54,508 [pool-37-thread-1] INFO  server.RaftServerConfigKeys (ConfUtils.java:logGet(43)) - raft.server.log.preallocated.size = 16384 (custom)
2019-11-14 21:59:54,509 [pool-37-thread-1] INFO  server.RaftServerConfigKeys (ConfUtils.java:logGet(43)) - raft.server.log.write.buffer.size = 33554432 (custom)
2019-11-14 21:59:54,509 [pool-37-thread-1] INFO  server.RaftServerConfigKeys (ConfUtils.java:logGet(43)) - raft.server.log.force.sync.num = 128 (default)
2019-11-14 21:59:54,509 [pool-37-thread-1] INFO  server.RaftServerConfigKeys (ConfUtils.java:logGet(43)) - raft.server.log.statemachine.data.sync = true (default)
2019-11-14 21:59:54,509 [pool-37-thread-1] INFO  server.RaftServerConfigKeys (ConfUtils.java:logGet(43)) - raft.server.log.statemachine.data.sync.timeout = 10s (default)
2019-11-14 21:59:54,509 [pool-37-thread-1] INFO  server.RaftServerConfigKeys (ConfUtils.java:logGet(43)) - raft.server.log.statemachine.data.sync.timeout.retry = -1 (default)
2019-11-14 21:59:54,510 [pool-37-thread-1] INFO  server.RaftServerConfigKeys (ConfUtils.java:logGet(43)) - raft.server.log.statemachine.data.caching.enabled = true (custom)
2019-11-14 21:59:54,511 [pool-37-thread-1] INFO  segmented.SegmentedRaftLogWorker (SegmentedRaftLogWorker.java:lambda$new$0(128)) - ccf94327-bf2f-46ae-9ac4-f8667e34d10b@group-B5A81204F0E2-SegmentedRaftLogWorker: flushIndex: setUnconditionally 0 -> -1
2019-11-14 21:59:54,511 [pool-37-thread-1] INFO  server.RaftServerConfigKeys (ConfUtils.java:logGet(43)) - raft.server.snapshot.auto.trigger.enabled = true (custom)
2019-11-14 21:59:54,511 [pool-37-thread-1] INFO  server.RaftServerConfigKeys (ConfUtils.java:logGet(43)) - raft.server.snapshot.auto.trigger.threshold = 10000 (custom)
2019-11-14 21:59:54,511 [pool-37-thread-1] INFO  server.RaftServerConfigKeys (ConfUtils.java:logGet(43)) - raft.server.snapshot.retention.file.num = 5 (custom)
2019-11-14 21:59:54,512 [pool-37-thread-1] INFO  server.RaftServerConfigKeys (ConfUtils.java:logGet(43)) - raft.server.retrycache.expirytime = 600000ms (custom)
2019-11-14 21:59:54,512 [pool-37-thread-1] WARN  impl.MetricRegistriesImpl (MetricRegistriesImpl.java:lambda$create$1(61)) - First MetricRegistry has been created without registering reporters. You may need to call MetricRegistries.global().addReportRegistration(...) before.
2019-11-14 21:59:54,512 [pool-37-thread-1] WARN  impl.MetricRegistriesImpl (MetricRegistriesImpl.java:lambda$create$1(61)) - First MetricRegistry has been created without registering reporters. You may need to call MetricRegistries.global().addReportRegistration(...) before.
2019-11-14 21:59:54,512 [pool-37-thread-1] INFO  impl.RaftServerImpl (RaftServerImpl.java:start(184)) - ccf94327-bf2f-46ae-9ac4-f8667e34d10b@group-B5A81204F0E2: start as a follower, conf=-1: [ccf94327-bf2f-46ae-9ac4-f8667e34d10b:192.168.69.92:45537], old=null
2019-11-14 21:59:54,513 [pool-37-thread-1] INFO  impl.RaftServerImpl (RaftServerImpl.java:setRole(173)) - ccf94327-bf2f-46ae-9ac4-f8667e34d10b@group-B5A81204F0E2: changes role from      null to FOLLOWER at term 0 for startAsFollower
2019-11-14 21:59:54,513 [pool-37-thread-1] INFO  impl.RoleInfo (RoleInfo.java:updateAndGet(143)) - ccf94327-bf2f-46ae-9ac4-f8667e34d10b: start FollowerState
2019-11-14 21:59:54,516 [pool-37-thread-1] INFO  util.JmxRegister (JmxRegister.java:tryRegister(44)) - Successfully registered JMX Bean with object name Ratis:service=RaftServer,group=group-B5A81204F0E2,id=ccf94327-bf2f-46ae-9ac4-f8667e34d10b
2019-11-14 21:59:54,516 [pool-37-thread-1] WARN  impl.MetricRegistriesImpl (MetricRegistriesImpl.java:lambda$create$1(61)) - First MetricRegistry has been created without registering reporters. You may need to call MetricRegistries.global().addReportRegistration(...) before.
2019-11-14 21:59:54,527 [RatisPipelineUtilsThread] INFO  pipeline.PipelineStateManager (PipelineStateManager.java:addPipeline(55)) - Created pipeline Pipeline[ Id: 9ea2ed9b-e1bf-4120-8581-b5a81204f0e2, Nodes: ccf94327-bf2f-46ae-9ac4-f8667e34d10b{ip: 192.168.69.92, host: pr-hdds-2487-rmf7g-1521005275, networkLocation: /default-rack, certSerialId: null}, Type:RATIS, Factor:ONE, State:ALLOCATED]
2019-11-14 21:59:54,543 [grpc-default-executor-0] INFO  impl.RaftServerProxy (RaftServerProxy.java:addNew(89)) - ade3db1e-08d9-4ea6-84ca-25063f16f31b: addNew group-81F8D05C5635:[ade3db1e-08d9-4ea6-84ca-25063f16f31b:192.168.69.92:43556] returns group-81F8D05C5635:java.util.concurrent.CompletableFuture@26deea8b[Not completed]
2019-11-14 21:59:54,557 [pool-47-thread-1] INFO  impl.RaftServerImpl (RaftServerImpl.java:<init>(98)) - ade3db1e-08d9-4ea6-84ca-25063f16f31b: new RaftServerImpl for group-81F8D05C5635:[ade3db1e-08d9-4ea6-84ca-25063f16f31b:192.168.69.92:43556] with ContainerStateMachine:uninitialized
2019-11-14 21:59:54,558 [pool-47-thread-1] INFO  server.RaftServerConfigKeys (ConfUtils.java:logGet(43)) - raft.server.rpc.timeout.min = 5s (custom)
2019-11-14 21:59:54,558 [pool-47-thread-1] INFO  server.RaftServerConfigKeys (ConfUtils.java:logGet(43)) - raft.server.rpc.timeout.max = 5200ms (custom)
2019-11-14 21:59:54,558 [pool-47-thread-1] INFO  server.RaftServerConfigKeys (ConfUtils.java:logGet(43)) - raft.server.rpcslowness.timeout = 120s (custom)
2019-11-14 21:59:54,558 [pool-47-thread-1] INFO  server.RaftServerConfigKeys (ConfUtils.java:logGet(43)) - raft.server.sleep.deviation.threshold = 300 (default)
2019-11-14 21:59:54,558 [pool-47-thread-1] INFO  server.RaftServerConfigKeys (ConfUtils.java:logGet(43)) - raft.server.log.appender.install.snapshot.enabled = false (custom)
2019-11-14 21:59:54,559 [pool-47-thread-1] INFO  impl.RaftServerImpl (ServerState.java:<init>(103)) - ade3db1e-08d9-4ea6-84ca-25063f16f31b@group-81F8D05C5635: ConfigurationManager, init=-1: [ade3db1e-08d9-4ea6-84ca-25063f16f31b:192.168.69.92:43556], old=null, confs=<EMPTY_MAP>
2019-11-14 21:59:54,559 [pool-47-thread-1] INFO  server.RaftServerConfigKeys (ConfUtils.java:logGet(43)) - raft.server.storage.dir = [/workdir/hadoop-ozone/tools/target/test-dir/MiniOzoneClusterImpl-a2daa8b5-5e46-43ba-9bcc-283e13a4cd9f/datanode-2/data/ratis] (custom)
2019-11-14 21:59:54,559 [pool-47-thread-1] INFO  server.RaftServerConfigKeys (ConfUtils.java:logGet(43)) - raft.server.log.corruption.policy = EXCEPTION (default)
2019-11-14 21:59:54,560 [pool-47-thread-1] INFO  storage.RaftStorageDirectory (RaftStorageDirectory.java:analyzeStorage(246)) - The storage directory /workdir/hadoop-ozone/tools/target/test-dir/MiniOzoneClusterImpl-a2daa8b5-5e46-43ba-9bcc-283e13a4cd9f/datanode-2/data/ratis/fa9f989e-3227-4e09-b9f0-81f8d05c5635 does not exist. Creating ...
2019-11-14 21:59:54,579 [pool-47-thread-1] INFO  storage.RaftStorageDirectory (RaftStorageDirectory.java:tryLock(328)) - Lock on /workdir/hadoop-ozone/tools/target/test-dir/MiniOzoneClusterImpl-a2daa8b5-5e46-43ba-9bcc-283e13a4cd9f/datanode-2/data/ratis/fa9f989e-3227-4e09-b9f0-81f8d05c5635/in_use.lock acquired by nodename 7744@pr-hdds-2487-rmf7g-1521005275
2019-11-14 21:59:54,614 [pool-47-thread-1] INFO  storage.RaftStorage (RaftStorage.java:format(84)) - Storage directory /workdir/hadoop-ozone/tools/target/test-dir/MiniOzoneClusterImpl-a2daa8b5-5e46-43ba-9bcc-283e13a4cd9f/datanode-2/data/ratis/fa9f989e-3227-4e09-b9f0-81f8d05c5635 has been successfully formatted.
2019-11-14 21:59:54,614 [pool-47-thread-1] INFO  ratis.ContainerStateMachine (ContainerStateMachine.java:loadSnapshot(223)) - group-81F8D05C5635: The snapshot info is null. Setting the last applied indexto:(t:0, i:~)
2019-11-14 21:59:54,614 [pool-47-thread-1] INFO  server.RaftServerConfigKeys (ConfUtils.java:logGet(43)) - raft.server.notification.no-leader.timeout = 120s (custom)
2019-11-14 21:59:54,614 [pool-47-thread-1] INFO  server.RaftServerConfigKeys (ConfUtils.java:logGet(43)) - raft.server.log.use.memory = false (default)
2019-11-14 21:59:54,615 [pool-47-thread-1] INFO  server.RaftServerConfigKeys (ConfUtils.java:logGet(43)) - raft.server.log.purge.gap = 1000000 (custom)
2019-11-14 21:59:54,615 [pool-47-thread-1] INFO  server.RaftServerConfigKeys (ConfUtils.java:logGet(43)) - raft.server.log.appender.buffer.byte-limit = 33554432 (custom)
2019-11-14 21:59:54,615 [pool-47-thread-1] INFO  server.RaftServerConfigKeys (ConfUtils.java:logGet(43)) - raft.server.log.segment.size.max = 1048576 (custom)
2019-11-14 21:59:54,615 [pool-47-thread-1] WARN  impl.MetricRegistriesImpl (MetricRegistriesImpl.java:lambda$create$1(61)) - First MetricRegistry has been created without registering reporters. You may need to call MetricRegistries.global().addReportRegistration(...) before.
2019-11-14 21:59:54,615 [pool-47-thread-1] INFO  server.RaftServerConfigKeys (ConfUtils.java:logGet(43)) - raft.server.log.segment.cache.num.max = 2 (custom)
2019-11-14 21:59:54,615 [pool-47-thread-1] INFO  segmented.SegmentedRaftLogWorker (SegmentedRaftLogWorker.java:<init>(173)) - new ade3db1e-08d9-4ea6-84ca-25063f16f31b@group-81F8D05C5635-SegmentedRaftLogWorker for RaftStorage:Storage Directory /workdir/hadoop-ozone/tools/target/test-dir/MiniOzoneClusterImpl-a2daa8b5-5e46-43ba-9bcc-283e13a4cd9f/datanode-2/data/ratis/fa9f989e-3227-4e09-b9f0-81f8d05c5635
2019-11-14 21:59:54,615 [pool-47-thread-1] INFO  server.RaftServerConfigKeys (ConfUtils.java:logGet(43)) - raft.server.log.queue.byte-limit = 2147483647 (custom)
2019-11-14 21:59:54,615 [pool-47-thread-1] INFO  server.RaftServerConfigKeys (ConfUtils.java:logGet(43)) - raft.server.log.queue.element-limit = 1024 (custom)
2019-11-14 21:59:54,616 [pool-47-thread-1] INFO  server.RaftServerConfigKeys (ConfUtils.java:logGet(43)) - raft.server.log.segment.size.max = 1048576 (custom)
2019-11-14 21:59:54,616 [pool-47-thread-1] INFO  server.RaftServerConfigKeys (ConfUtils.java:logGet(43)) - raft.server.log.preallocated.size = 16384 (custom)
2019-11-14 21:59:54,616 [pool-47-thread-1] INFO  server.RaftServerConfigKeys (ConfUtils.java:logGet(43)) - raft.server.log.write.buffer.size = 33554432 (custom)
2019-11-14 21:59:54,616 [pool-47-thread-1] INFO  server.RaftServerConfigKeys (ConfUtils.java:logGet(43)) - raft.server.log.force.sync.num = 128 (default)
2019-11-14 21:59:54,616 [pool-47-thread-1] INFO  server.RaftServerConfigKeys (ConfUtils.java:logGet(43)) - raft.server.log.statemachine.data.sync = true (default)
2019-11-14 21:59:54,616 [pool-47-thread-1] INFO  server.RaftServerConfigKeys (ConfUtils.java:logGet(43)) - raft.server.log.statemachine.data.sync.timeout = 10s (default)
2019-11-14 21:59:54,616 [pool-47-thread-1] INFO  server.RaftServerConfigKeys (ConfUtils.java:logGet(43)) - raft.server.log.statemachine.data.sync.timeout.retry = -1 (default)
2019-11-14 21:59:54,616 [pool-47-thread-1] INFO  server.RaftServerConfigKeys (ConfUtils.java:logGet(43)) - raft.server.log.statemachine.data.caching.enabled = true (custom)
2019-11-14 21:59:54,617 [pool-47-thread-1] INFO  segmented.SegmentedRaftLogWorker (SegmentedRaftLogWorker.java:lambda$new$0(128)) - ade3db1e-08d9-4ea6-84ca-25063f16f31b@group-81F8D05C5635-SegmentedRaftLogWorker: flushIndex: setUnconditionally 0 -> -1
2019-11-14 21:59:54,617 [pool-47-thread-1] INFO  server.RaftServerConfigKeys (ConfUtils.java:logGet(43)) - raft.server.snapshot.auto.trigger.enabled = true (custom)
2019-11-14 21:59:54,617 [pool-47-thread-1] INFO  server.RaftServerConfigKeys (ConfUtils.java:logGet(43)) - raft.server.snapshot.auto.trigger.threshold = 10000 (custom)
2019-11-14 21:59:54,617 [pool-47-thread-1] INFO  server.RaftServerConfigKeys (ConfUtils.java:logGet(43)) - raft.server.snapshot.retention.file.num = 5 (custom)
2019-11-14 21:59:54,617 [pool-47-thread-1] INFO  server.RaftServerConfigKeys (ConfUtils.java:logGet(43)) - raft.server.retrycache.expirytime = 600000ms (custom)
2019-11-14 21:59:54,618 [pool-47-thread-1] WARN  impl.MetricRegistriesImpl (MetricRegistriesImpl.java:lambda$create$1(61)) - First MetricRegistry has been created without registering reporters. You may need to call MetricRegistries.global().addReportRegistration(...) before.
2019-11-14 21:59:54,618 [pool-47-thread-1] WARN  impl.MetricRegistriesImpl (MetricRegistriesImpl.java:lambda$create$1(61)) - First MetricRegistry has been created without registering reporters. You may need to call MetricRegistries.global().addReportRegistration(...) before.
2019-11-14 21:59:54,618 [pool-47-thread-1] INFO  impl.RaftServerImpl (RaftServerImpl.java:start(184)) - ade3db1e-08d9-4ea6-84ca-25063f16f31b@group-81F8D05C5635: start as a follower, conf=-1: [ade3db1e-08d9-4ea6-84ca-25063f16f31b:192.168.69.92:43556], old=null
2019-11-14 21:59:54,618 [pool-47-thread-1] INFO  impl.RaftServerImpl (RaftServerImpl.java:setRole(173)) - ade3db1e-08d9-4ea6-84ca-25063f16f31b@group-81F8D05C5635: changes role from      null to FOLLOWER at term 0 for startAsFollower
2019-11-14 21:59:54,618 [pool-47-thread-1] INFO  impl.RoleInfo (RoleInfo.java:updateAndGet(143)) - ade3db1e-08d9-4ea6-84ca-25063f16f31b: start FollowerState
2019-11-14 21:59:54,619 [pool-47-thread-1] INFO  util.JmxRegister (JmxRegister.java:tryRegister(44)) - Successfully registered JMX Bean with object name Ratis:service=RaftServer,group=group-81F8D05C5635,id=ade3db1e-08d9-4ea6-84ca-25063f16f31b
2019-11-14 21:59:54,620 [pool-47-thread-1] WARN  impl.MetricRegistriesImpl (MetricRegistriesImpl.java:lambda$create$1(61)) - First MetricRegistry has been created without registering reporters. You may need to call MetricRegistries.global().addReportRegistration(...) before.
2019-11-14 21:59:54,628 [RatisPipelineUtilsThread] INFO  pipeline.PipelineStateManager (PipelineStateManager.java:addPipeline(55)) - Created pipeline Pipeline[ Id: fa9f989e-3227-4e09-b9f0-81f8d05c5635, Nodes: ade3db1e-08d9-4ea6-84ca-25063f16f31b{ip: 192.168.69.92, host: pr-hdds-2487-rmf7g-1521005275, networkLocation: /default-rack, certSerialId: null}, Type:RATIS, Factor:ONE, State:ALLOCATED]
2019-11-14 21:59:54,655 [grpc-default-executor-1] INFO  impl.RaftServerProxy (RaftServerProxy.java:addNew(89)) - dcaf7993-3da1-4fdc-9369-e253b54d258e: addNew group-F880D8B8C51A:[ade3db1e-08d9-4ea6-84ca-25063f16f31b:192.168.69.92:43556, dcaf7993-3da1-4fdc-9369-e253b54d258e:192.168.69.92:34620, ccf94327-bf2f-46ae-9ac4-f8667e34d10b:192.168.69.92:45537] returns group-F880D8B8C51A:java.util.concurrent.CompletableFuture@481a609c[Not completed]
2019-11-14 21:59:54,656 [grpc-default-executor-2] INFO  impl.RaftServerProxy (RaftServerProxy.java:addNew(89)) - ccf94327-bf2f-46ae-9ac4-f8667e34d10b: addNew group-F880D8B8C51A:[ade3db1e-08d9-4ea6-84ca-25063f16f31b:192.168.69.92:43556, dcaf7993-3da1-4fdc-9369-e253b54d258e:192.168.69.92:34620, ccf94327-bf2f-46ae-9ac4-f8667e34d10b:192.168.69.92:45537] returns group-F880D8B8C51A:java.util.concurrent.CompletableFuture@b7fd68d[Not completed]
2019-11-14 21:59:54,659 [grpc-default-executor-2] INFO  impl.RaftServerProxy (RaftServerProxy.java:addNew(89)) - ade3db1e-08d9-4ea6-84ca-25063f16f31b: addNew group-F880D8B8C51A:[ade3db1e-08d9-4ea6-84ca-25063f16f31b:192.168.69.92:43556, dcaf7993-3da1-4fdc-9369-e253b54d258e:192.168.69.92:34620, ccf94327-bf2f-46ae-9ac4-f8667e34d10b:192.168.69.92:45537] returns group-F880D8B8C51A:java.util.concurrent.CompletableFuture@f40433a[Not completed]
2019-11-14 21:59:54,659 [pool-27-thread-1] INFO  impl.RaftServerImpl (RaftServerImpl.java:<init>(98)) - dcaf7993-3da1-4fdc-9369-e253b54d258e: new RaftServerImpl for group-F880D8B8C51A:[ade3db1e-08d9-4ea6-84ca-25063f16f31b:192.168.69.92:43556, dcaf7993-3da1-4fdc-9369-e253b54d258e:192.168.69.92:34620, ccf94327-bf2f-46ae-9ac4-f8667e34d10b:192.168.69.92:45537] with ContainerStateMachine:uninitialized
2019-11-14 21:59:54,660 [pool-27-thread-1] INFO  server.RaftServerConfigKeys (ConfUtils.java:logGet(43)) - raft.server.rpc.timeout.min = 5s (custom)
2019-11-14 21:59:54,660 [pool-27-thread-1] INFO  server.RaftServerConfigKeys (ConfUtils.java:logGet(43)) - raft.server.rpc.timeout.max = 5200ms (custom)
2019-11-14 21:59:54,660 [pool-27-thread-1] INFO  server.RaftServerConfigKeys (ConfUtils.java:logGet(43)) - raft.server.rpcslowness.timeout = 120s (custom)
2019-11-14 21:59:54,660 [pool-37-thread-1] INFO  impl.RaftServerImpl (RaftServerImpl.java:<init>(98)) - ccf94327-bf2f-46ae-9ac4-f8667e34d10b: new RaftServerImpl for group-F880D8B8C51A:[ade3db1e-08d9-4ea6-84ca-25063f16f31b:192.168.69.92:43556, dcaf7993-3da1-4fdc-9369-e253b54d258e:192.168.69.92:34620, ccf94327-bf2f-46ae-9ac4-f8667e34d10b:192.168.69.92:45537] with ContainerStateMachine:uninitialized
2019-11-14 21:59:54,660 [pool-27-thread-1] INFO  server.RaftServerConfigKeys (ConfUtils.java:logGet(43)) - raft.server.sleep.deviation.threshold = 300 (default)
2019-11-14 21:59:54,660 [pool-37-thread-1] INFO  server.RaftServerConfigKeys (ConfUtils.java:logGet(43)) - raft.server.rpc.timeout.min = 5s (custom)
2019-11-14 21:59:54,660 [pool-27-thread-1] INFO  server.RaftServerConfigKeys (ConfUtils.java:logGet(43)) - raft.server.log.appender.install.snapshot.enabled = false (custom)
2019-11-14 21:59:54,660 [pool-47-thread-1] INFO  impl.RaftServerImpl (RaftServerImpl.java:<init>(98)) - ade3db1e-08d9-4ea6-84ca-25063f16f31b: new RaftServerImpl for group-F880D8B8C51A:[ade3db1e-08d9-4ea6-84ca-25063f16f31b:192.168.69.92:43556, dcaf7993-3da1-4fdc-9369-e253b54d258e:192.168.69.92:34620, ccf94327-bf2f-46ae-9ac4-f8667e34d10b:192.168.69.92:45537] with ContainerStateMachine:uninitialized
2019-11-14 21:59:54,660 [pool-37-thread-1] INFO  server.RaftServerConfigKeys (ConfUtils.java:logGet(43)) - raft.server.rpc.timeout.max = 5200ms (custom)
2019-11-14 21:59:54,661 [pool-47-thread-1] INFO  server.RaftServerConfigKeys (ConfUtils.java:logGet(43)) - raft.server.rpc.timeout.min = 5s (custom)
2019-11-14 21:59:54,661 [pool-27-thread-1] INFO  impl.RaftServerImpl (ServerState.java:<init>(103)) - dcaf7993-3da1-4fdc-9369-e253b54d258e@group-F880D8B8C51A: ConfigurationManager, init=-1: [ade3db1e-08d9-4ea6-84ca-25063f16f31b:192.168.69.92:43556, dcaf7993-3da1-4fdc-9369-e253b54d258e:192.168.69.92:34620, ccf94327-bf2f-46ae-9ac4-f8667e34d10b:192.168.69.92:45537], old=null, confs=<EMPTY_MAP>
2019-11-14 21:59:54,661 [pool-47-thread-1] INFO  server.RaftServerConfigKeys (ConfUtils.java:logGet(43)) - raft.server.rpc.timeout.max = 5200ms (custom)
2019-11-14 21:59:54,661 [pool-37-thread-1] INFO  server.RaftServerConfigKeys (ConfUtils.java:logGet(43)) - raft.server.rpcslowness.timeout = 120s (custom)
2019-11-14 21:59:54,661 [pool-27-thread-1] INFO  server.RaftServerConfigKeys (ConfUtils.java:logGet(43)) - raft.server.storage.dir = [/workdir/hadoop-ozone/tools/target/test-dir/MiniOzoneClusterImpl-a2daa8b5-5e46-43ba-9bcc-283e13a4cd9f/datanode-0/data/ratis] (custom)
2019-11-14 21:59:54,661 [pool-47-thread-1] INFO  server.RaftServerConfigKeys (ConfUtils.java:logGet(43)) - raft.server.rpcslowness.timeout = 120s (custom)
2019-11-14 21:59:54,661 [pool-37-thread-1] INFO  server.RaftServerConfigKeys (ConfUtils.java:logGet(43)) - raft.server.sleep.deviation.threshold = 300 (default)
2019-11-14 21:59:54,661 [pool-47-thread-1] INFO  server.RaftServerConfigKeys (ConfUtils.java:logGet(43)) - raft.server.sleep.deviation.threshold = 300 (default)
2019-11-14 21:59:54,661 [pool-27-thread-1] INFO  server.RaftServerConfigKeys (ConfUtils.java:logGet(43)) - raft.server.log.corruption.policy = EXCEPTION (default)
2019-11-14 21:59:54,661 [pool-37-thread-1] INFO  server.RaftServerConfigKeys (ConfUtils.java:logGet(43)) - raft.server.log.appender.install.snapshot.enabled = false (custom)
2019-11-14 21:59:54,661 [pool-47-thread-1] INFO  server.RaftServerConfigKeys (ConfUtils.java:logGet(43)) - raft.server.log.appender.install.snapshot.enabled = false (custom)
2019-11-14 21:59:54,662 [pool-37-thread-1] INFO  impl.RaftServerImpl (ServerState.java:<init>(103)) - ccf94327-bf2f-46ae-9ac4-f8667e34d10b@group-F880D8B8C51A: ConfigurationManager, init=-1: [ade3db1e-08d9-4ea6-84ca-25063f16f31b:192.168.69.92:43556, dcaf7993-3da1-4fdc-9369-e253b54d258e:192.168.69.92:34620, ccf94327-bf2f-46ae-9ac4-f8667e34d10b:192.168.69.92:45537], old=null, confs=<EMPTY_MAP>
2019-11-14 21:59:54,662 [pool-27-thread-1] INFO  storage.RaftStorageDirectory (RaftStorageDirectory.java:analyzeStorage(246)) - The storage directory /workdir/hadoop-ozone/tools/target/test-dir/MiniOzoneClusterImpl-a2daa8b5-5e46-43ba-9bcc-283e13a4cd9f/datanode-0/data/ratis/4426834a-b535-4ff2-9748-f880d8b8c51a does not exist. Creating ...
2019-11-14 21:59:54,662 [pool-37-thread-1] INFO  server.RaftServerConfigKeys (ConfUtils.java:logGet(43)) - raft.server.storage.dir = [/workdir/hadoop-ozone/tools/target/test-dir/MiniOzoneClusterImpl-a2daa8b5-5e46-43ba-9bcc-283e13a4cd9f/datanode-1/data/ratis] (custom)
2019-11-14 21:59:54,662 [pool-47-thread-1] INFO  impl.RaftServerImpl (ServerState.java:<init>(103)) - ade3db1e-08d9-4ea6-84ca-25063f16f31b@group-F880D8B8C51A: ConfigurationManager, init=-1: [ade3db1e-08d9-4ea6-84ca-25063f16f31b:192.168.69.92:43556, dcaf7993-3da1-4fdc-9369-e253b54d258e:192.168.69.92:34620, ccf94327-bf2f-46ae-9ac4-f8667e34d10b:192.168.69.92:45537], old=null, confs=<EMPTY_MAP>
2019-11-14 21:59:54,662 [pool-47-thread-1] INFO  server.RaftServerConfigKeys (ConfUtils.java:logGet(43)) - raft.server.storage.dir = [/workdir/hadoop-ozone/tools/target/test-dir/MiniOzoneClusterImpl-a2daa8b5-5e46-43ba-9bcc-283e13a4cd9f/datanode-2/data/ratis] (custom)
2019-11-14 21:59:54,662 [pool-37-thread-1] INFO  server.RaftServerConfigKeys (ConfUtils.java:logGet(43)) - raft.server.log.corruption.policy = EXCEPTION (default)
2019-11-14 21:59:54,662 [pool-47-thread-1] INFO  server.RaftServerConfigKeys (ConfUtils.java:logGet(43)) - raft.server.log.corruption.policy = EXCEPTION (default)
2019-11-14 21:59:54,663 [pool-37-thread-1] INFO  storage.RaftStorageDirectory (RaftStorageDirectory.java:analyzeStorage(246)) - The storage directory /workdir/hadoop-ozone/tools/target/test-dir/MiniOzoneClusterImpl-a2daa8b5-5e46-43ba-9bcc-283e13a4cd9f/datanode-1/data/ratis/4426834a-b535-4ff2-9748-f880d8b8c51a does not exist. Creating ...
2019-11-14 21:59:54,663 [pool-47-thread-1] INFO  storage.RaftStorageDirectory (RaftStorageDirectory.java:analyzeStorage(246)) - The storage directory /workdir/hadoop-ozone/tools/target/test-dir/MiniOzoneClusterImpl-a2daa8b5-5e46-43ba-9bcc-283e13a4cd9f/datanode-2/data/ratis/4426834a-b535-4ff2-9748-f880d8b8c51a does not exist. Creating ...
2019-11-14 21:59:54,691 [pool-47-thread-1] INFO  storage.RaftStorageDirectory (RaftStorageDirectory.java:tryLock(328)) - Lock on /workdir/hadoop-ozone/tools/target/test-dir/MiniOzoneClusterImpl-a2daa8b5-5e46-43ba-9bcc-283e13a4cd9f/datanode-2/data/ratis/4426834a-b535-4ff2-9748-f880d8b8c51a/in_use.lock acquired by nodename 7744@pr-hdds-2487-rmf7g-1521005275
2019-11-14 21:59:54,691 [pool-37-thread-1] INFO  storage.RaftStorageDirectory (RaftStorageDirectory.java:tryLock(328)) - Lock on /workdir/hadoop-ozone/tools/target/test-dir/MiniOzoneClusterImpl-a2daa8b5-5e46-43ba-9bcc-283e13a4cd9f/datanode-1/data/ratis/4426834a-b535-4ff2-9748-f880d8b8c51a/in_use.lock acquired by nodename 7744@pr-hdds-2487-rmf7g-1521005275
2019-11-14 21:59:54,691 [pool-27-thread-1] INFO  storage.RaftStorageDirectory (RaftStorageDirectory.java:tryLock(328)) - Lock on /workdir/hadoop-ozone/tools/target/test-dir/MiniOzoneClusterImpl-a2daa8b5-5e46-43ba-9bcc-283e13a4cd9f/datanode-0/data/ratis/4426834a-b535-4ff2-9748-f880d8b8c51a/in_use.lock acquired by nodename 7744@pr-hdds-2487-rmf7g-1521005275
2019-11-14 21:59:54,709 [pool-37-thread-1] INFO  storage.RaftStorage (RaftStorage.java:format(84)) - Storage directory /workdir/hadoop-ozone/tools/target/test-dir/MiniOzoneClusterImpl-a2daa8b5-5e46-43ba-9bcc-283e13a4cd9f/datanode-1/data/ratis/4426834a-b535-4ff2-9748-f880d8b8c51a has been successfully formatted.
2019-11-14 21:59:54,709 [pool-47-thread-1] INFO  storage.RaftStorage (RaftStorage.java:format(84)) - Storage directory /workdir/hadoop-ozone/tools/target/test-dir/MiniOzoneClusterImpl-a2daa8b5-5e46-43ba-9bcc-283e13a4cd9f/datanode-2/data/ratis/4426834a-b535-4ff2-9748-f880d8b8c51a has been successfully formatted.
2019-11-14 21:59:54,710 [pool-37-thread-1] INFO  ratis.ContainerStateMachine (ContainerStateMachine.java:loadSnapshot(223)) - group-F880D8B8C51A: The snapshot info is null. Setting the last applied indexto:(t:0, i:~)
2019-11-14 21:59:54,709 [pool-27-thread-1] INFO  storage.RaftStorage (RaftStorage.java:format(84)) - Storage directory /workdir/hadoop-ozone/tools/target/test-dir/MiniOzoneClusterImpl-a2daa8b5-5e46-43ba-9bcc-283e13a4cd9f/datanode-0/data/ratis/4426834a-b535-4ff2-9748-f880d8b8c51a has been successfully formatted.
2019-11-14 21:59:54,710 [pool-47-thread-1] INFO  ratis.ContainerStateMachine (ContainerStateMachine.java:loadSnapshot(223)) - group-F880D8B8C51A: The snapshot info is null. Setting the last applied indexto:(t:0, i:~)
2019-11-14 21:59:54,710 [pool-37-thread-1] INFO  server.RaftServerConfigKeys (ConfUtils.java:logGet(43)) - raft.server.notification.no-leader.timeout = 120s (custom)
2019-11-14 21:59:54,710 [pool-47-thread-1] INFO  server.RaftServerConfigKeys (ConfUtils.java:logGet(43)) - raft.server.notification.no-leader.timeout = 120s (custom)
2019-11-14 21:59:54,710 [pool-37-thread-1] INFO  server.RaftServerConfigKeys (ConfUtils.java:logGet(43)) - raft.server.log.use.memory = false (default)
2019-11-14 21:59:54,710 [pool-47-thread-1] INFO  server.RaftServerConfigKeys (ConfUtils.java:logGet(43)) - raft.server.log.use.memory = false (default)
2019-11-14 21:59:54,710 [pool-37-thread-1] INFO  server.RaftServerConfigKeys (ConfUtils.java:logGet(43)) - raft.server.log.purge.gap = 1000000 (custom)
2019-11-14 21:59:54,710 [pool-47-thread-1] INFO  server.RaftServerConfigKeys (ConfUtils.java:logGet(43)) - raft.server.log.purge.gap = 1000000 (custom)
2019-11-14 21:59:54,711 [pool-37-thread-1] INFO  server.RaftServerConfigKeys (ConfUtils.java:logGet(43)) - raft.server.log.appender.buffer.byte-limit = 33554432 (custom)
2019-11-14 21:59:54,711 [pool-47-thread-1] INFO  server.RaftServerConfigKeys (ConfUtils.java:logGet(43)) - raft.server.log.appender.buffer.byte-limit = 33554432 (custom)
2019-11-14 21:59:54,711 [pool-37-thread-1] INFO  server.RaftServerConfigKeys (ConfUtils.java:logGet(43)) - raft.server.log.segment.size.max = 1048576 (custom)
2019-11-14 21:59:54,711 [pool-47-thread-1] INFO  server.RaftServerConfigKeys (ConfUtils.java:logGet(43)) - raft.server.log.segment.size.max = 1048576 (custom)
2019-11-14 21:59:54,711 [pool-37-thread-1] INFO  server.RaftServerConfigKeys (ConfUtils.java:logGet(43)) - raft.server.log.segment.cache.num.max = 2 (custom)
2019-11-14 21:59:54,711 [pool-47-thread-1] INFO  server.RaftServerConfigKeys (ConfUtils.java:logGet(43)) - raft.server.log.segment.cache.num.max = 2 (custom)
2019-11-14 21:59:54,711 [pool-37-thread-1] INFO  segmented.SegmentedRaftLogWorker (SegmentedRaftLogWorker.java:<init>(173)) - new ccf94327-bf2f-46ae-9ac4-f8667e34d10b@group-F880D8B8C51A-SegmentedRaftLogWorker for RaftStorage:Storage Directory /workdir/hadoop-ozone/tools/target/test-dir/MiniOzoneClusterImpl-a2daa8b5-5e46-43ba-9bcc-283e13a4cd9f/datanode-1/data/ratis/4426834a-b535-4ff2-9748-f880d8b8c51a
2019-11-14 21:59:54,712 [pool-47-thread-1] INFO  segmented.SegmentedRaftLogWorker (SegmentedRaftLogWorker.java:<init>(173)) - new ade3db1e-08d9-4ea6-84ca-25063f16f31b@group-F880D8B8C51A-SegmentedRaftLogWorker for RaftStorage:Storage Directory /workdir/hadoop-ozone/tools/target/test-dir/MiniOzoneClusterImpl-a2daa8b5-5e46-43ba-9bcc-283e13a4cd9f/datanode-2/data/ratis/4426834a-b535-4ff2-9748-f880d8b8c51a
2019-11-14 21:59:54,712 [pool-37-thread-1] INFO  server.RaftServerConfigKeys (ConfUtils.java:logGet(43)) - raft.server.log.queue.byte-limit = 2147483647 (custom)
2019-11-14 21:59:54,712 [pool-47-thread-1] INFO  server.RaftServerConfigKeys (ConfUtils.java:logGet(43)) - raft.server.log.queue.byte-limit = 2147483647 (custom)
2019-11-14 21:59:54,712 [pool-37-thread-1] INFO  server.RaftServerConfigKeys (ConfUtils.java:logGet(43)) - raft.server.log.queue.element-limit = 1024 (custom)
2019-11-14 21:59:54,712 [pool-47-thread-1] INFO  server.RaftServerConfigKeys (ConfUtils.java:logGet(43)) - raft.server.log.queue.element-limit = 1024 (custom)
2019-11-14 21:59:54,712 [pool-37-thread-1] INFO  server.RaftServerConfigKeys (ConfUtils.java:logGet(43)) - raft.server.log.segment.size.max = 1048576 (custom)
2019-11-14 21:59:54,712 [pool-47-thread-1] INFO  server.RaftServerConfigKeys (ConfUtils.java:logGet(43)) - raft.server.log.segment.size.max = 1048576 (custom)
2019-11-14 21:59:54,712 [pool-37-thread-1] INFO  server.RaftServerConfigKeys (ConfUtils.java:logGet(43)) - raft.server.log.preallocated.size = 16384 (custom)
2019-11-14 21:59:54,713 [pool-47-thread-1] INFO  server.RaftServerConfigKeys (ConfUtils.java:logGet(43)) - raft.server.log.preallocated.size = 16384 (custom)
2019-11-14 21:59:54,713 [pool-37-thread-1] INFO  server.RaftServerConfigKeys (ConfUtils.java:logGet(43)) - raft.server.log.write.buffer.size = 33554432 (custom)
2019-11-14 21:59:54,713 [pool-47-thread-1] INFO  server.RaftServerConfigKeys (ConfUtils.java:logGet(43)) - raft.server.log.write.buffer.size = 33554432 (custom)
2019-11-14 21:59:54,713 [pool-37-thread-1] INFO  server.RaftServerConfigKeys (ConfUtils.java:logGet(43)) - raft.server.log.force.sync.num = 128 (default)
2019-11-14 21:59:54,713 [pool-47-thread-1] INFO  server.RaftServerConfigKeys (ConfUtils.java:logGet(43)) - raft.server.log.force.sync.num = 128 (default)
2019-11-14 21:59:54,713 [pool-37-thread-1] INFO  server.RaftServerConfigKeys (ConfUtils.java:logGet(43)) - raft.server.log.statemachine.data.sync = true (default)
2019-11-14 21:59:54,713 [pool-47-thread-1] INFO  server.RaftServerConfigKeys (ConfUtils.java:logGet(43)) - raft.server.log.statemachine.data.sync = true (default)
2019-11-14 21:59:54,713 [pool-37-thread-1] INFO  server.RaftServerConfigKeys (ConfUtils.java:logGet(43)) - raft.server.log.statemachine.data.sync.timeout = 10s (default)
2019-11-14 21:59:54,713 [pool-47-thread-1] INFO  server.RaftServerConfigKeys (ConfUtils.java:logGet(43)) - raft.server.log.statemachine.data.sync.timeout = 10s (default)
2019-11-14 21:59:54,714 [pool-37-thread-1] INFO  server.RaftServerConfigKeys (ConfUtils.java:logGet(43)) - raft.server.log.statemachine.data.sync.timeout.retry = -1 (default)
2019-11-14 21:59:54,714 [pool-47-thread-1] INFO  server.RaftServerConfigKeys (ConfUtils.java:logGet(43)) - raft.server.log.statemachine.data.sync.timeout.retry = -1 (default)
2019-11-14 21:59:54,714 [pool-37-thread-1] INFO  server.RaftServerConfigKeys (ConfUtils.java:logGet(43)) - raft.server.log.statemachine.data.caching.enabled = true (custom)
2019-11-14 21:59:54,714 [pool-47-thread-1] INFO  server.RaftServerConfigKeys (ConfUtils.java:logGet(43)) - raft.server.log.statemachine.data.caching.enabled = true (custom)
2019-11-14 21:59:54,718 [pool-37-thread-1] INFO  segmented.SegmentedRaftLogWorker (SegmentedRaftLogWorker.java:lambda$new$0(128)) - ccf94327-bf2f-46ae-9ac4-f8667e34d10b@group-F880D8B8C51A-SegmentedRaftLogWorker: flushIndex: setUnconditionally 0 -> -1
2019-11-14 21:59:54,718 [pool-27-thread-1] INFO  ratis.ContainerStateMachine (ContainerStateMachine.java:loadSnapshot(223)) - group-F880D8B8C51A: The snapshot info is null. Setting the last applied indexto:(t:0, i:~)
2019-11-14 21:59:54,718 [pool-47-thread-1] INFO  segmented.SegmentedRaftLogWorker (SegmentedRaftLogWorker.java:lambda$new$0(128)) - ade3db1e-08d9-4ea6-84ca-25063f16f31b@group-F880D8B8C51A-SegmentedRaftLogWorker: flushIndex: setUnconditionally 0 -> -1
2019-11-14 21:59:54,719 [pool-27-thread-1] INFO  server.RaftServerConfigKeys (ConfUtils.java:logGet(43)) - raft.server.notification.no-leader.timeout = 120s (custom)
2019-11-14 21:59:54,719 [pool-37-thread-1] INFO  server.RaftServerConfigKeys (ConfUtils.java:logGet(43)) - raft.server.snapshot.auto.trigger.enabled = true (custom)
2019-11-14 21:59:54,719 [pool-47-thread-1] INFO  server.RaftServerConfigKeys (ConfUtils.java:logGet(43)) - raft.server.snapshot.auto.trigger.enabled = true (custom)
2019-11-14 21:59:54,719 [pool-27-thread-1] INFO  server.RaftServerConfigKeys (ConfUtils.java:logGet(43)) - raft.server.log.use.memory = false (default)
2019-11-14 21:59:54,719 [pool-47-thread-1] INFO  server.RaftServerConfigKeys (ConfUtils.java:logGet(43)) - raft.server.snapshot.auto.trigger.threshold = 10000 (custom)
2019-11-14 21:59:54,719 [pool-37-thread-1] INFO  server.RaftServerConfigKeys (ConfUtils.java:logGet(43)) - raft.server.snapshot.auto.trigger.threshold = 10000 (custom)
2019-11-14 21:59:54,719 [pool-47-thread-1] INFO  server.RaftServerConfigKeys (ConfUtils.java:logGet(43)) - raft.server.snapshot.retention.file.num = 5 (custom)
2019-11-14 21:59:54,719 [pool-27-thread-1] INFO  server.RaftServerConfigKeys (ConfUtils.java:logGet(43)) - raft.server.log.purge.gap = 1000000 (custom)
2019-11-14 21:59:54,719 [pool-37-thread-1] INFO  server.RaftServerConfigKeys (ConfUtils.java:logGet(43)) - raft.server.snapshot.retention.file.num = 5 (custom)
2019-11-14 21:59:54,720 [pool-27-thread-1] INFO  server.RaftServerConfigKeys (ConfUtils.java:logGet(43)) - raft.server.log.appender.buffer.byte-limit = 33554432 (custom)
2019-11-14 21:59:54,720 [pool-47-thread-1] INFO  server.RaftServerConfigKeys (ConfUtils.java:logGet(43)) - raft.server.retrycache.expirytime = 600000ms (custom)
2019-11-14 21:59:54,720 [pool-27-thread-1] INFO  server.RaftServerConfigKeys (ConfUtils.java:logGet(43)) - raft.server.log.segment.size.max = 1048576 (custom)
2019-11-14 21:59:54,720 [pool-37-thread-1] INFO  server.RaftServerConfigKeys (ConfUtils.java:logGet(43)) - raft.server.retrycache.expirytime = 600000ms (custom)
2019-11-14 21:59:54,720 [pool-27-thread-1] INFO  server.RaftServerConfigKeys (ConfUtils.java:logGet(43)) - raft.server.log.segment.cache.num.max = 2 (custom)
2019-11-14 21:59:54,720 [pool-47-thread-1] WARN  impl.MetricRegistriesImpl (MetricRegistriesImpl.java:lambda$create$1(61)) - First MetricRegistry has been created without registering reporters. You may need to call MetricRegistries.global().addReportRegistration(...) before.
2019-11-14 21:59:54,720 [pool-27-thread-1] INFO  segmented.SegmentedRaftLogWorker (SegmentedRaftLogWorker.java:<init>(173)) - new dcaf7993-3da1-4fdc-9369-e253b54d258e@group-F880D8B8C51A-SegmentedRaftLogWorker for RaftStorage:Storage Directory /workdir/hadoop-ozone/tools/target/test-dir/MiniOzoneClusterImpl-a2daa8b5-5e46-43ba-9bcc-283e13a4cd9f/datanode-0/data/ratis/4426834a-b535-4ff2-9748-f880d8b8c51a
2019-11-14 21:59:54,720 [pool-37-thread-1] WARN  impl.MetricRegistriesImpl (MetricRegistriesImpl.java:lambda$create$1(61)) - First MetricRegistry has been created without registering reporters. You may need to call MetricRegistries.global().addReportRegistration(...) before.
2019-11-14 21:59:54,721 [pool-27-thread-1] INFO  server.RaftServerConfigKeys (ConfUtils.java:logGet(43)) - raft.server.log.queue.byte-limit = 2147483647 (custom)
2019-11-14 21:59:54,721 [pool-47-thread-1] WARN  impl.MetricRegistriesImpl (MetricRegistriesImpl.java:lambda$create$1(61)) - First MetricRegistry has been created without registering reporters. You may need to call MetricRegistries.global().addReportRegistration(...) before.
2019-11-14 21:59:54,721 [pool-27-thread-1] INFO  server.RaftServerConfigKeys (ConfUtils.java:logGet(43)) - raft.server.log.queue.element-limit = 1024 (custom)
2019-11-14 21:59:54,721 [pool-37-thread-1] WARN  impl.MetricRegistriesImpl (MetricRegistriesImpl.java:lambda$create$1(61)) - First MetricRegistry has been created without registering reporters. You may need to call MetricRegistries.global().addReportRegistration(...) before.
2019-11-14 21:59:54,721 [pool-27-thread-1] INFO  server.RaftServerConfigKeys (ConfUtils.java:logGet(43)) - raft.server.log.segment.size.max = 1048576 (custom)
2019-11-14 21:59:54,721 [pool-47-thread-1] INFO  impl.RaftServerImpl (RaftServerImpl.java:start(184)) - ade3db1e-08d9-4ea6-84ca-25063f16f31b@group-F880D8B8C51A: start as a follower, conf=-1: [ade3db1e-08d9-4ea6-84ca-25063f16f31b:192.168.69.92:43556, dcaf7993-3da1-4fdc-9369-e253b54d258e:192.168.69.92:34620, ccf94327-bf2f-46ae-9ac4-f8667e34d10b:192.168.69.92:45537], old=null
2019-11-14 21:59:54,722 [pool-27-thread-1] INFO  server.RaftServerConfigKeys (ConfUtils.java:logGet(43)) - raft.server.log.preallocated.size = 16384 (custom)
2019-11-14 21:59:54,721 [pool-37-thread-1] INFO  impl.RaftServerImpl (RaftServerImpl.java:start(184)) - ccf94327-bf2f-46ae-9ac4-f8667e34d10b@group-F880D8B8C51A: start as a follower, conf=-1: [ade3db1e-08d9-4ea6-84ca-25063f16f31b:192.168.69.92:43556, dcaf7993-3da1-4fdc-9369-e253b54d258e:192.168.69.92:34620, ccf94327-bf2f-46ae-9ac4-f8667e34d10b:192.168.69.92:45537], old=null
2019-11-14 21:59:54,722 [pool-27-thread-1] INFO  server.RaftServerConfigKeys (ConfUtils.java:logGet(43)) - raft.server.log.write.buffer.size = 33554432 (custom)
2019-11-14 21:59:54,722 [pool-47-thread-1] INFO  impl.RaftServerImpl (RaftServerImpl.java:setRole(173)) - ade3db1e-08d9-4ea6-84ca-25063f16f31b@group-F880D8B8C51A: changes role from      null to FOLLOWER at term 0 for startAsFollower
2019-11-14 21:59:54,722 [pool-27-thread-1] INFO  server.RaftServerConfigKeys (ConfUtils.java:logGet(43)) - raft.server.log.force.sync.num = 128 (default)
2019-11-14 21:59:54,722 [pool-47-thread-1] INFO  impl.RoleInfo (RoleInfo.java:updateAndGet(143)) - ade3db1e-08d9-4ea6-84ca-25063f16f31b: start FollowerState
2019-11-14 21:59:54,722 [pool-37-thread-1] INFO  impl.RaftServerImpl (RaftServerImpl.java:setRole(173)) - ccf94327-bf2f-46ae-9ac4-f8667e34d10b@group-F880D8B8C51A: changes role from      null to FOLLOWER at term 0 for startAsFollower
2019-11-14 21:59:54,722 [pool-27-thread-1] INFO  server.RaftServerConfigKeys (ConfUtils.java:logGet(43)) - raft.server.log.statemachine.data.sync = true (default)
2019-11-14 21:59:54,723 [pool-37-thread-1] INFO  impl.RoleInfo (RoleInfo.java:updateAndGet(143)) - ccf94327-bf2f-46ae-9ac4-f8667e34d10b: start FollowerState
2019-11-14 21:59:54,723 [pool-27-thread-1] INFO  server.RaftServerConfigKeys (ConfUtils.java:logGet(43)) - raft.server.log.statemachine.data.sync.timeout = 10s (default)
2019-11-14 21:59:54,723 [pool-47-thread-1] INFO  util.JmxRegister (JmxRegister.java:tryRegister(44)) - Successfully registered JMX Bean with object name Ratis:service=RaftServer,group=group-F880D8B8C51A,id=ade3db1e-08d9-4ea6-84ca-25063f16f31b
2019-11-14 21:59:54,723 [pool-37-thread-1] INFO  util.JmxRegister (JmxRegister.java:tryRegister(44)) - Successfully registered JMX Bean with object name Ratis:service=RaftServer,group=group-F880D8B8C51A,id=ccf94327-bf2f-46ae-9ac4-f8667e34d10b
2019-11-14 21:59:54,723 [pool-27-thread-1] INFO  server.RaftServerConfigKeys (ConfUtils.java:logGet(43)) - raft.server.log.statemachine.data.sync.timeout.retry = -1 (default)
2019-11-14 21:59:54,723 [pool-37-thread-1] WARN  impl.MetricRegistriesImpl (MetricRegistriesImpl.java:lambda$create$1(61)) - First MetricRegistry has been created without registering reporters. You may need to call MetricRegistries.global().addReportRegistration(...) before.
2019-11-14 21:59:54,723 [pool-47-thread-1] WARN  impl.MetricRegistriesImpl (MetricRegistriesImpl.java:lambda$create$1(61)) - First MetricRegistry has been created without registering reporters. You may need to call MetricRegistries.global().addReportRegistration(...) before.
2019-11-14 21:59:54,723 [pool-27-thread-1] INFO  server.RaftServerConfigKeys (ConfUtils.java:logGet(43)) - raft.server.log.statemachine.data.caching.enabled = true (custom)
2019-11-14 21:59:54,724 [pool-27-thread-1] INFO  segmented.SegmentedRaftLogWorker (SegmentedRaftLogWorker.java:lambda$new$0(128)) - dcaf7993-3da1-4fdc-9369-e253b54d258e@group-F880D8B8C51A-SegmentedRaftLogWorker: flushIndex: setUnconditionally 0 -> -1
2019-11-14 21:59:54,724 [pool-27-thread-1] INFO  server.RaftServerConfigKeys (ConfUtils.java:logGet(43)) - raft.server.snapshot.auto.trigger.enabled = true (custom)
2019-11-14 21:59:54,724 [pool-27-thread-1] INFO  server.RaftServerConfigKeys (ConfUtils.java:logGet(43)) - raft.server.snapshot.auto.trigger.threshold = 10000 (custom)
2019-11-14 21:59:54,725 [pool-27-thread-1] INFO  server.RaftServerConfigKeys (ConfUtils.java:logGet(43)) - raft.server.snapshot.retention.file.num = 5 (custom)
2019-11-14 21:59:54,726 [pool-27-thread-1] INFO  server.RaftServerConfigKeys (ConfUtils.java:logGet(43)) - raft.server.retrycache.expirytime = 600000ms (custom)
2019-11-14 21:59:54,727 [pool-27-thread-1] WARN  impl.MetricRegistriesImpl (MetricRegistriesImpl.java:lambda$create$1(61)) - First MetricRegistry has been created without registering reporters. You may need to call MetricRegistries.global().addReportRegistration(...) before.
2019-11-14 21:59:54,727 [pool-27-thread-1] WARN  impl.MetricRegistriesImpl (MetricRegistriesImpl.java:lambda$create$1(61)) - First MetricRegistry has been created without registering reporters. You may need to call MetricRegistries.global().addReportRegistration(...) before.
2019-11-14 21:59:54,728 [pool-27-thread-1] INFO  impl.RaftServerImpl (RaftServerImpl.java:start(184)) - dcaf7993-3da1-4fdc-9369-e253b54d258e@group-F880D8B8C51A: start as a follower, conf=-1: [ade3db1e-08d9-4ea6-84ca-25063f16f31b:192.168.69.92:43556, dcaf7993-3da1-4fdc-9369-e253b54d258e:192.168.69.92:34620, ccf94327-bf2f-46ae-9ac4-f8667e34d10b:192.168.69.92:45537], old=null
2019-11-14 21:59:54,729 [pool-27-thread-1] INFO  impl.RaftServerImpl (RaftServerImpl.java:setRole(173)) - dcaf7993-3da1-4fdc-9369-e253b54d258e@group-F880D8B8C51A: changes role from      null to FOLLOWER at term 0 for startAsFollower
2019-11-14 21:59:54,730 [pool-27-thread-1] INFO  impl.RoleInfo (RoleInfo.java:updateAndGet(143)) - dcaf7993-3da1-4fdc-9369-e253b54d258e: start FollowerState
2019-11-14 21:59:54,732 [pool-27-thread-1] INFO  util.JmxRegister (JmxRegister.java:tryRegister(44)) - Successfully registered JMX Bean with object name Ratis:service=RaftServer,group=group-F880D8B8C51A,id=dcaf7993-3da1-4fdc-9369-e253b54d258e
2019-11-14 21:59:54,732 [pool-27-thread-1] WARN  impl.MetricRegistriesImpl (MetricRegistriesImpl.java:lambda$create$1(61)) - First MetricRegistry has been created without registering reporters. You may need to call MetricRegistries.global().addReportRegistration(...) before.
2019-11-14 21:59:54,740 [RatisPipelineUtilsThread] INFO  pipeline.PipelineStateManager (PipelineStateManager.java:addPipeline(55)) - Created pipeline Pipeline[ Id: 4426834a-b535-4ff2-9748-f880d8b8c51a, Nodes: ccf94327-bf2f-46ae-9ac4-f8667e34d10b{ip: 192.168.69.92, host: pr-hdds-2487-rmf7g-1521005275, networkLocation: /default-rack, certSerialId: null}ade3db1e-08d9-4ea6-84ca-25063f16f31b{ip: 192.168.69.92, host: pr-hdds-2487-rmf7g-1521005275, networkLocation: /default-rack, certSerialId: null}dcaf7993-3da1-4fdc-9369-e253b54d258e{ip: 192.168.69.92, host: pr-hdds-2487-rmf7g-1521005275, networkLocation: /default-rack, certSerialId: null}, Type:RATIS, Factor:THREE, State:ALLOCATED]
2019-11-14 21:59:54,742 [main] INFO  ozone.MiniOzoneClusterImpl (MiniOzoneClusterImpl.java:lambda$waitForClusterToBeReady$2(163)) - Waiting for 4 number of pipelines out of 4, to report a leader.
2019-11-14 21:59:55,743 [main] INFO  ozone.MiniOzoneClusterImpl (MiniOzoneClusterImpl.java:lambda$waitForClusterToBeReady$2(163)) - Waiting for 4 number of pipelines out of 4, to report a leader.
2019-11-14 21:59:56,713 [Thread-178] INFO  container.ReplicationManager (ReplicationManager.java:start(162)) - Starting Replication Monitor Thread.
2019-11-14 21:59:56,718 [Thread-178] INFO  pipeline.SCMPipelineManager (SCMPipelineManager.java:finalizeAndDestroyPipeline(315)) - destroying pipeline:Pipeline[ Id: 4426834a-b535-4ff2-9748-f880d8b8c51a, Nodes: ccf94327-bf2f-46ae-9ac4-f8667e34d10b{ip: 192.168.69.92, host: pr-hdds-2487-rmf7g-1521005275, networkLocation: /default-rack, certSerialId: null}ade3db1e-08d9-4ea6-84ca-25063f16f31b{ip: 192.168.69.92, host: pr-hdds-2487-rmf7g-1521005275, networkLocation: /default-rack, certSerialId: null}dcaf7993-3da1-4fdc-9369-e253b54d258e{ip: 192.168.69.92, host: pr-hdds-2487-rmf7g-1521005275, networkLocation: /default-rack, certSerialId: null}, Type:RATIS, Factor:THREE, State:ALLOCATED]
2019-11-14 21:59:56,718 [ReplicationMonitor] INFO  container.ReplicationManager (ReplicationManager.java:run(225)) - Replication Monitor Thread took 1 milliseconds for processing 0 containers.
2019-11-14 21:59:56,720 [Thread-178] INFO  pipeline.PipelineStateManager (PipelineStateManager.java:finalizePipeline(121)) - Pipeline Pipeline[ Id: 4426834a-b535-4ff2-9748-f880d8b8c51a, Nodes: ccf94327-bf2f-46ae-9ac4-f8667e34d10b{ip: 192.168.69.92, host: pr-hdds-2487-rmf7g-1521005275, networkLocation: /default-rack, certSerialId: null}ade3db1e-08d9-4ea6-84ca-25063f16f31b{ip: 192.168.69.92, host: pr-hdds-2487-rmf7g-1521005275, networkLocation: /default-rack, certSerialId: null}dcaf7993-3da1-4fdc-9369-e253b54d258e{ip: 192.168.69.92, host: pr-hdds-2487-rmf7g-1521005275, networkLocation: /default-rack, certSerialId: null}, Type:RATIS, Factor:THREE, State:CLOSED] moved to CLOSED state
2019-11-14 21:59:56,744 [main] INFO  ozone.MiniOzoneClusterImpl (MiniOzoneClusterImpl.java:lambda$waitForClusterToBeReady$2(163)) - Waiting for 3 number of pipelines out of 4, to report a leader.
2019-11-14 21:59:56,746 [grpc-default-executor-2] INFO  impl.RaftServerProxy (RaftServerProxy.java:remove(95)) - ccf94327-bf2f-46ae-9ac4-f8667e34d10b: remove  FOLLOWER ccf94327-bf2f-46ae-9ac4-f8667e34d10b@group-F880D8B8C51A:t0, leader=null, voted=null, raftlog=ccf94327-bf2f-46ae-9ac4-f8667e34d10b@group-F880D8B8C51A-SegmentedRaftLog:OPENED:c-1,f-1,i0, conf=-1: [ade3db1e-08d9-4ea6-84ca-25063f16f31b:192.168.69.92:43556, dcaf7993-3da1-4fdc-9369-e253b54d258e:192.168.69.92:34620, ccf94327-bf2f-46ae-9ac4-f8667e34d10b:192.168.69.92:45537], old=null RUNNING
2019-11-14 21:59:56,750 [grpc-default-executor-2] INFO  impl.RaftServerImpl (RaftServerImpl.java:lambda$shutdown$3(250)) - ccf94327-bf2f-46ae-9ac4-f8667e34d10b@group-F880D8B8C51A: shutdown
2019-11-14 21:59:56,750 [grpc-default-executor-2] INFO  util.JmxRegister (JmxRegister.java:unregister(73)) - Successfully un-registered JMX Bean with object name Ratis:service=RaftServer,group=group-F880D8B8C51A,id=ccf94327-bf2f-46ae-9ac4-f8667e34d10b
2019-11-14 21:59:56,750 [grpc-default-executor-2] INFO  impl.RoleInfo (RoleInfo.java:shutdownFollowerState(121)) - ccf94327-bf2f-46ae-9ac4-f8667e34d10b: shutdown FollowerState
2019-11-14 21:59:56,751 [grpc-default-executor-2] INFO  impl.StateMachineUpdater (StateMachineUpdater.java:stopAndJoin(136)) - ccf94327-bf2f-46ae-9ac4-f8667e34d10b@group-F880D8B8C51A-StateMachineUpdater: set stopIndex = -1
2019-11-14 21:59:56,751 [Thread-191] INFO  impl.FollowerState (FollowerState.java:run(120)) - ccf94327-bf2f-46ae-9ac4-f8667e34d10b@group-F880D8B8C51A-FollowerState was interrupted: java.lang.InterruptedException: sleep interrupted
2019-11-14 21:59:56,753 [grpc-default-executor-2] INFO  impl.RaftServerImpl (ServerState.java:close(387)) - ccf94327-bf2f-46ae-9ac4-f8667e34d10b@group-F880D8B8C51A: closes. applyIndex: -1
2019-11-14 21:59:56,758 [ccf94327-bf2f-46ae-9ac4-f8667e34d10b@group-F880D8B8C51A-SegmentedRaftLogWorker] INFO  segmented.SegmentedRaftLogWorker (SegmentedRaftLogWorker.java:run(316)) - ccf94327-bf2f-46ae-9ac4-f8667e34d10b@group-F880D8B8C51A-SegmentedRaftLogWorker was interrupted, exiting. There are 0 tasks remaining in the queue.
2019-11-14 21:59:56,759 [grpc-default-executor-2] INFO  segmented.SegmentedRaftLogWorker (SegmentedRaftLogWorker.java:close(224)) - ccf94327-bf2f-46ae-9ac4-f8667e34d10b@group-F880D8B8C51A-SegmentedRaftLogWorker close()
2019-11-14 21:59:56,782 [grpc-default-executor-2] INFO  impl.RaftServerProxy (RaftServerProxy.java:remove(95)) - ade3db1e-08d9-4ea6-84ca-25063f16f31b: remove  FOLLOWER ade3db1e-08d9-4ea6-84ca-25063f16f31b@group-F880D8B8C51A:t0, leader=null, voted=null, raftlog=ade3db1e-08d9-4ea6-84ca-25063f16f31b@group-F880D8B8C51A-SegmentedRaftLog:OPENED:c-1,f-1,i0, conf=-1: [ade3db1e-08d9-4ea6-84ca-25063f16f31b:192.168.69.92:43556, dcaf7993-3da1-4fdc-9369-e253b54d258e:192.168.69.92:34620, ccf94327-bf2f-46ae-9ac4-f8667e34d10b:192.168.69.92:45537], old=null RUNNING
2019-11-14 21:59:56,782 [grpc-default-executor-2] INFO  impl.RaftServerImpl (RaftServerImpl.java:lambda$shutdown$3(250)) - ade3db1e-08d9-4ea6-84ca-25063f16f31b@group-F880D8B8C51A: shutdown
2019-11-14 21:59:56,782 [grpc-default-executor-2] INFO  util.JmxRegister (JmxRegister.java:unregister(73)) - Successfully un-registered JMX Bean with object name Ratis:service=RaftServer,group=group-F880D8B8C51A,id=ade3db1e-08d9-4ea6-84ca-25063f16f31b
2019-11-14 21:59:56,783 [grpc-default-executor-2] INFO  impl.RoleInfo (RoleInfo.java:shutdownFollowerState(121)) - ade3db1e-08d9-4ea6-84ca-25063f16f31b: shutdown FollowerState
2019-11-14 21:59:56,783 [grpc-default-executor-2] INFO  impl.StateMachineUpdater (StateMachineUpdater.java:stopAndJoin(136)) - ade3db1e-08d9-4ea6-84ca-25063f16f31b@group-F880D8B8C51A-StateMachineUpdater: set stopIndex = -1
2019-11-14 21:59:56,783 [Thread-190] INFO  impl.FollowerState (FollowerState.java:run(120)) - ade3db1e-08d9-4ea6-84ca-25063f16f31b@group-F880D8B8C51A-FollowerState was interrupted: java.lang.InterruptedException: sleep interrupted
2019-11-14 21:59:56,784 [grpc-default-executor-2] INFO  impl.RaftServerImpl (ServerState.java:close(387)) - ade3db1e-08d9-4ea6-84ca-25063f16f31b@group-F880D8B8C51A: closes. applyIndex: -1
2019-11-14 21:59:56,785 [ade3db1e-08d9-4ea6-84ca-25063f16f31b@group-F880D8B8C51A-SegmentedRaftLogWorker] INFO  segmented.SegmentedRaftLogWorker (SegmentedRaftLogWorker.java:run(316)) - ade3db1e-08d9-4ea6-84ca-25063f16f31b@group-F880D8B8C51A-SegmentedRaftLogWorker was interrupted, exiting. There are 0 tasks remaining in the queue.
2019-11-14 21:59:56,786 [grpc-default-executor-2] INFO  segmented.SegmentedRaftLogWorker (SegmentedRaftLogWorker.java:close(224)) - ade3db1e-08d9-4ea6-84ca-25063f16f31b@group-F880D8B8C51A-SegmentedRaftLogWorker close()
2019-11-14 21:59:56,813 [grpc-default-executor-2] INFO  impl.RaftServerProxy (RaftServerProxy.java:remove(95)) - dcaf7993-3da1-4fdc-9369-e253b54d258e: remove  FOLLOWER dcaf7993-3da1-4fdc-9369-e253b54d258e@group-F880D8B8C51A:t0, leader=null, voted=null, raftlog=dcaf7993-3da1-4fdc-9369-e253b54d258e@group-F880D8B8C51A-SegmentedRaftLog:OPENED:c-1,f-1,i0, conf=-1: [ade3db1e-08d9-4ea6-84ca-25063f16f31b:192.168.69.92:43556, dcaf7993-3da1-4fdc-9369-e253b54d258e:192.168.69.92:34620, ccf94327-bf2f-46ae-9ac4-f8667e34d10b:192.168.69.92:45537], old=null RUNNING
2019-11-14 21:59:56,813 [grpc-default-executor-2] INFO  impl.RaftServerImpl (RaftServerImpl.java:lambda$shutdown$3(250)) - dcaf7993-3da1-4fdc-9369-e253b54d258e@group-F880D8B8C51A: shutdown
2019-11-14 21:59:56,814 [grpc-default-executor-2] INFO  util.JmxRegister (JmxRegister.java:unregister(73)) - Successfully un-registered JMX Bean with object name Ratis:service=RaftServer,group=group-F880D8B8C51A,id=dcaf7993-3da1-4fdc-9369-e253b54d258e
2019-11-14 21:59:56,814 [grpc-default-executor-2] INFO  impl.RoleInfo (RoleInfo.java:shutdownFollowerState(121)) - dcaf7993-3da1-4fdc-9369-e253b54d258e: shutdown FollowerState
2019-11-14 21:59:56,814 [grpc-default-executor-2] INFO  impl.StateMachineUpdater (StateMachineUpdater.java:stopAndJoin(136)) - dcaf7993-3da1-4fdc-9369-e253b54d258e@group-F880D8B8C51A-StateMachineUpdater: set stopIndex = -1
2019-11-14 21:59:56,814 [Thread-195] INFO  impl.FollowerState (FollowerState.java:run(120)) - dcaf7993-3da1-4fdc-9369-e253b54d258e@group-F880D8B8C51A-FollowerState was interrupted: java.lang.InterruptedException: sleep interrupted
2019-11-14 21:59:56,817 [grpc-default-executor-2] INFO  impl.RaftServerImpl (ServerState.java:close(387)) - dcaf7993-3da1-4fdc-9369-e253b54d258e@group-F880D8B8C51A: closes. applyIndex: -1
2019-11-14 21:59:56,818 [dcaf7993-3da1-4fdc-9369-e253b54d258e@group-F880D8B8C51A-SegmentedRaftLogWorker] INFO  segmented.SegmentedRaftLogWorker (SegmentedRaftLogWorker.java:run(316)) - dcaf7993-3da1-4fdc-9369-e253b54d258e@group-F880D8B8C51A-SegmentedRaftLogWorker was interrupted, exiting. There are 0 tasks remaining in the queue.
2019-11-14 21:59:56,818 [grpc-default-executor-2] INFO  segmented.SegmentedRaftLogWorker (SegmentedRaftLogWorker.java:close(224)) - dcaf7993-3da1-4fdc-9369-e253b54d258e@group-F880D8B8C51A-SegmentedRaftLogWorker close()
2019-11-14 21:59:56,830 [Thread-178] INFO  pipeline.PipelineStateManager (PipelineStateManager.java:removePipeline(106)) - Pipeline Pipeline[ Id: 4426834a-b535-4ff2-9748-f880d8b8c51a, Nodes: ccf94327-bf2f-46ae-9ac4-f8667e34d10b{ip: 192.168.69.92, host: pr-hdds-2487-rmf7g-1521005275, networkLocation: /default-rack, certSerialId: null}ade3db1e-08d9-4ea6-84ca-25063f16f31b{ip: 192.168.69.92, host: pr-hdds-2487-rmf7g-1521005275, networkLocation: /default-rack, certSerialId: null}dcaf7993-3da1-4fdc-9369-e253b54d258e{ip: 192.168.69.92, host: pr-hdds-2487-rmf7g-1521005275, networkLocation: /default-rack, certSerialId: null}, Type:RATIS, Factor:THREE, State:CLOSED] removed from db
2019-11-14 21:59:56,831 [Thread-178] INFO  pipeline.SCMPipelineManager (SCMPipelineManager.java:finalizeAndDestroyPipeline(315)) - destroying pipeline:Pipeline[ Id: f94f05ec-393a-443d-8ac7-63069329e93e, Nodes: dcaf7993-3da1-4fdc-9369-e253b54d258e{ip: 192.168.69.92, host: pr-hdds-2487-rmf7g-1521005275, networkLocation: /default-rack, certSerialId: null}, Type:RATIS, Factor:ONE, State:ALLOCATED]
2019-11-14 21:59:56,844 [grpc-default-executor-2] INFO  impl.RaftServerProxy (RaftServerProxy.java:addNew(89)) - ccf94327-bf2f-46ae-9ac4-f8667e34d10b: addNew group-59CCE7C8674C:[ade3db1e-08d9-4ea6-84ca-25063f16f31b:192.168.69.92:43556, dcaf7993-3da1-4fdc-9369-e253b54d258e:192.168.69.92:34620, ccf94327-bf2f-46ae-9ac4-f8667e34d10b:192.168.69.92:45537] returns group-59CCE7C8674C:java.util.concurrent.CompletableFuture@5e4d5ed4[Not completed]
2019-11-14 21:59:56,845 [grpc-default-executor-0] INFO  impl.RaftServerProxy (RaftServerProxy.java:addNew(89)) - ade3db1e-08d9-4ea6-84ca-25063f16f31b: addNew group-59CCE7C8674C:[ade3db1e-08d9-4ea6-84ca-25063f16f31b:192.168.69.92:43556, dcaf7993-3da1-4fdc-9369-e253b54d258e:192.168.69.92:34620, ccf94327-bf2f-46ae-9ac4-f8667e34d10b:192.168.69.92:45537] returns group-59CCE7C8674C:java.util.concurrent.CompletableFuture@507a5f2a[Not completed]
2019-11-14 21:59:56,845 [grpc-default-executor-1] INFO  impl.RaftServerProxy (RaftServerProxy.java:addNew(89)) - dcaf7993-3da1-4fdc-9369-e253b54d258e: addNew group-59CCE7C8674C:[ade3db1e-08d9-4ea6-84ca-25063f16f31b:192.168.69.92:43556, dcaf7993-3da1-4fdc-9369-e253b54d258e:192.168.69.92:34620, ccf94327-bf2f-46ae-9ac4-f8667e34d10b:192.168.69.92:45537] returns group-59CCE7C8674C:java.util.concurrent.CompletableFuture@5ff730df[Not completed]
2019-11-14 21:59:56,846 [pool-37-thread-1] INFO  impl.RaftServerImpl (RaftServerImpl.java:<init>(98)) - ccf94327-bf2f-46ae-9ac4-f8667e34d10b: new RaftServerImpl for group-59CCE7C8674C:[ade3db1e-08d9-4ea6-84ca-25063f16f31b:192.168.69.92:43556, dcaf7993-3da1-4fdc-9369-e253b54d258e:192.168.69.92:34620, ccf94327-bf2f-46ae-9ac4-f8667e34d10b:192.168.69.92:45537] with ContainerStateMachine:uninitialized
2019-11-14 21:59:56,846 [pool-37-thread-1] INFO  server.RaftServerConfigKeys (ConfUtils.java:logGet(43)) - raft.server.rpc.timeout.min = 5s (custom)
2019-11-14 21:59:56,846 [pool-37-thread-1] INFO  server.RaftServerConfigKeys (ConfUtils.java:logGet(43)) - raft.server.rpc.timeout.max = 5200ms (custom)
2019-11-14 21:59:56,847 [pool-37-thread-1] INFO  server.RaftServerConfigKeys (ConfUtils.java:logGet(43)) - raft.server.rpcslowness.timeout = 120s (custom)
2019-11-14 21:59:56,847 [pool-37-thread-1] INFO  server.RaftServerConfigKeys (ConfUtils.java:logGet(43)) - raft.server.sleep.deviation.threshold = 300 (default)
2019-11-14 21:59:56,847 [pool-37-thread-1] INFO  server.RaftServerConfigKeys (ConfUtils.java:logGet(43)) - raft.server.log.appender.install.snapshot.enabled = false (custom)
2019-11-14 21:59:56,847 [pool-37-thread-1] INFO  impl.RaftServerImpl (ServerState.java:<init>(103)) - ccf94327-bf2f-46ae-9ac4-f8667e34d10b@group-59CCE7C8674C: ConfigurationManager, init=-1: [ade3db1e-08d9-4ea6-84ca-25063f16f31b:192.168.69.92:43556, dcaf7993-3da1-4fdc-9369-e253b54d258e:192.168.69.92:34620, ccf94327-bf2f-46ae-9ac4-f8667e34d10b:192.168.69.92:45537], old=null, confs=<EMPTY_MAP>
2019-11-14 21:59:56,847 [pool-47-thread-1] INFO  impl.RaftServerImpl (RaftServerImpl.java:<init>(98)) - ade3db1e-08d9-4ea6-84ca-25063f16f31b: new RaftServerImpl for group-59CCE7C8674C:[ade3db1e-08d9-4ea6-84ca-25063f16f31b:192.168.69.92:43556, dcaf7993-3da1-4fdc-9369-e253b54d258e:192.168.69.92:34620, ccf94327-bf2f-46ae-9ac4-f8667e34d10b:192.168.69.92:45537] with ContainerStateMachine:uninitialized
2019-11-14 21:59:56,847 [pool-37-thread-1] INFO  server.RaftServerConfigKeys (ConfUtils.java:logGet(43)) - raft.server.storage.dir = [/workdir/hadoop-ozone/tools/target/test-dir/MiniOzoneClusterImpl-a2daa8b5-5e46-43ba-9bcc-283e13a4cd9f/datanode-1/data/ratis] (custom)
2019-11-14 21:59:56,847 [pool-47-thread-1] INFO  server.RaftServerConfigKeys (ConfUtils.java:logGet(43)) - raft.server.rpc.timeout.min = 5s (custom)
2019-11-14 21:59:56,847 [pool-47-thread-1] INFO  server.RaftServerConfigKeys (ConfUtils.java:logGet(43)) - raft.server.rpc.timeout.max = 5200ms (custom)
2019-11-14 21:59:56,847 [pool-37-thread-1] INFO  server.RaftServerConfigKeys (ConfUtils.java:logGet(43)) - raft.server.log.corruption.policy = EXCEPTION (default)
2019-11-14 21:59:56,847 [pool-47-thread-1] INFO  server.RaftServerConfigKeys (ConfUtils.java:logGet(43)) - raft.server.rpcslowness.timeout = 120s (custom)
2019-11-14 21:59:56,848 [pool-27-thread-1] INFO  impl.RaftServerImpl (RaftServerImpl.java:<init>(98)) - dcaf7993-3da1-4fdc-9369-e253b54d258e: new RaftServerImpl for group-59CCE7C8674C:[ade3db1e-08d9-4ea6-84ca-25063f16f31b:192.168.69.92:43556, dcaf7993-3da1-4fdc-9369-e253b54d258e:192.168.69.92:34620, ccf94327-bf2f-46ae-9ac4-f8667e34d10b:192.168.69.92:45537] with ContainerStateMachine:uninitialized
2019-11-14 21:59:56,848 [pool-47-thread-1] INFO  server.RaftServerConfigKeys (ConfUtils.java:logGet(43)) - raft.server.sleep.deviation.threshold = 300 (default)
2019-11-14 21:59:56,848 [pool-37-thread-1] INFO  storage.RaftStorageDirectory (RaftStorageDirectory.java:analyzeStorage(246)) - The storage directory /workdir/hadoop-ozone/tools/target/test-dir/MiniOzoneClusterImpl-a2daa8b5-5e46-43ba-9bcc-283e13a4cd9f/datanode-1/data/ratis/ce9e7206-7b41-4725-a855-59cce7c8674c does not exist. Creating ...
2019-11-14 21:59:56,848 [pool-47-thread-1] INFO  server.RaftServerConfigKeys (ConfUtils.java:logGet(43)) - raft.server.log.appender.install.snapshot.enabled = false (custom)
2019-11-14 21:59:56,848 [pool-27-thread-1] INFO  server.RaftServerConfigKeys (ConfUtils.java:logGet(43)) - raft.server.rpc.timeout.min = 5s (custom)
2019-11-14 21:59:56,848 [pool-47-thread-1] INFO  impl.RaftServerImpl (ServerState.java:<init>(103)) - ade3db1e-08d9-4ea6-84ca-25063f16f31b@group-59CCE7C8674C: ConfigurationManager, init=-1: [ade3db1e-08d9-4ea6-84ca-25063f16f31b:192.168.69.92:43556, dcaf7993-3da1-4fdc-9369-e253b54d258e:192.168.69.92:34620, ccf94327-bf2f-46ae-9ac4-f8667e34d10b:192.168.69.92:45537], old=null, confs=<EMPTY_MAP>
2019-11-14 21:59:56,848 [pool-27-thread-1] INFO  server.RaftServerConfigKeys (ConfUtils.java:logGet(43)) - raft.server.rpc.timeout.max = 5200ms (custom)
2019-11-14 21:59:56,848 [pool-47-thread-1] INFO  server.RaftServerConfigKeys (ConfUtils.java:logGet(43)) - raft.server.storage.dir = [/workdir/hadoop-ozone/tools/target/test-dir/MiniOzoneClusterImpl-a2daa8b5-5e46-43ba-9bcc-283e13a4cd9f/datanode-2/data/ratis] (custom)
2019-11-14 21:59:56,848 [pool-27-thread-1] INFO  server.RaftServerConfigKeys (ConfUtils.java:logGet(43)) - raft.server.rpcslowness.timeout = 120s (custom)
2019-11-14 21:59:56,849 [pool-27-thread-1] INFO  server.RaftServerConfigKeys (ConfUtils.java:logGet(43)) - raft.server.sleep.deviation.threshold = 300 (default)
2019-11-14 21:59:56,849 [pool-27-thread-1] INFO  server.RaftServerConfigKeys (ConfUtils.java:logGet(43)) - raft.server.log.appender.install.snapshot.enabled = false (custom)
2019-11-14 21:59:56,849 [pool-47-thread-1] INFO  server.RaftServerConfigKeys (ConfUtils.java:logGet(43)) - raft.server.log.corruption.policy = EXCEPTION (default)
2019-11-14 21:59:56,849 [pool-27-thread-1] INFO  impl.RaftServerImpl (ServerState.java:<init>(103)) - dcaf7993-3da1-4fdc-9369-e253b54d258e@group-59CCE7C8674C: ConfigurationManager, init=-1: [ade3db1e-08d9-4ea6-84ca-25063f16f31b:192.168.69.92:43556, dcaf7993-3da1-4fdc-9369-e253b54d258e:192.168.69.92:34620, ccf94327-bf2f-46ae-9ac4-f8667e34d10b:192.168.69.92:45537], old=null, confs=<EMPTY_MAP>
2019-11-14 21:59:56,849 [pool-27-thread-1] INFO  server.RaftServerConfigKeys (ConfUtils.java:logGet(43)) - raft.server.storage.dir = [/workdir/hadoop-ozone/tools/target/test-dir/MiniOzoneClusterImpl-a2daa8b5-5e46-43ba-9bcc-283e13a4cd9f/datanode-0/data/ratis] (custom)
2019-11-14 21:59:56,849 [pool-47-thread-1] INFO  storage.RaftStorageDirectory (RaftStorageDirectory.java:analyzeStorage(246)) - The storage directory /workdir/hadoop-ozone/tools/target/test-dir/MiniOzoneClusterImpl-a2daa8b5-5e46-43ba-9bcc-283e13a4cd9f/datanode-2/data/ratis/ce9e7206-7b41-4725-a855-59cce7c8674c does not exist. Creating ...
2019-11-14 21:59:56,849 [pool-27-thread-1] INFO  server.RaftServerConfigKeys (ConfUtils.java:logGet(43)) - raft.server.log.corruption.policy = EXCEPTION (default)
2019-11-14 21:59:56,849 [pool-27-thread-1] INFO  storage.RaftStorageDirectory (RaftStorageDirectory.java:analyzeStorage(246)) - The storage directory /workdir/hadoop-ozone/tools/target/test-dir/MiniOzoneClusterImpl-a2daa8b5-5e46-43ba-9bcc-283e13a4cd9f/datanode-0/data/ratis/ce9e7206-7b41-4725-a855-59cce7c8674c does not exist. Creating ...
2019-11-14 21:59:56,898 [pool-47-thread-1] INFO  storage.RaftStorageDirectory (RaftStorageDirectory.java:tryLock(328)) - Lock on /workdir/hadoop-ozone/tools/target/test-dir/MiniOzoneClusterImpl-a2daa8b5-5e46-43ba-9bcc-283e13a4cd9f/datanode-2/data/ratis/ce9e7206-7b41-4725-a855-59cce7c8674c/in_use.lock acquired by nodename 7744@pr-hdds-2487-rmf7g-1521005275
2019-11-14 21:59:56,898 [pool-27-thread-1] INFO  storage.RaftStorageDirectory (RaftStorageDirectory.java:tryLock(328)) - Lock on /workdir/hadoop-ozone/tools/target/test-dir/MiniOzoneClusterImpl-a2daa8b5-5e46-43ba-9bcc-283e13a4cd9f/datanode-0/data/ratis/ce9e7206-7b41-4725-a855-59cce7c8674c/in_use.lock acquired by nodename 7744@pr-hdds-2487-rmf7g-1521005275
2019-11-14 21:59:56,898 [pool-37-thread-1] INFO  storage.RaftStorageDirectory (RaftStorageDirectory.java:tryLock(328)) - Lock on /workdir/hadoop-ozone/tools/target/test-dir/MiniOzoneClusterImpl-a2daa8b5-5e46-43ba-9bcc-283e13a4cd9f/datanode-1/data/ratis/ce9e7206-7b41-4725-a855-59cce7c8674c/in_use.lock acquired by nodename 7744@pr-hdds-2487-rmf7g-1521005275
2019-11-14 21:59:56,916 [pool-27-thread-1] INFO  storage.RaftStorage (RaftStorage.java:format(84)) - Storage directory /workdir/hadoop-ozone/tools/target/test-dir/MiniOzoneClusterImpl-a2daa8b5-5e46-43ba-9bcc-283e13a4cd9f/datanode-0/data/ratis/ce9e7206-7b41-4725-a855-59cce7c8674c has been successfully formatted.
2019-11-14 21:59:56,916 [pool-47-thread-1] INFO  storage.RaftStorage (RaftStorage.java:format(84)) - Storage directory /workdir/hadoop-ozone/tools/target/test-dir/MiniOzoneClusterImpl-a2daa8b5-5e46-43ba-9bcc-283e13a4cd9f/datanode-2/data/ratis/ce9e7206-7b41-4725-a855-59cce7c8674c has been successfully formatted.
2019-11-14 21:59:56,916 [pool-37-thread-1] INFO  storage.RaftStorage (RaftStorage.java:format(84)) - Storage directory /workdir/hadoop-ozone/tools/target/test-dir/MiniOzoneClusterImpl-a2daa8b5-5e46-43ba-9bcc-283e13a4cd9f/datanode-1/data/ratis/ce9e7206-7b41-4725-a855-59cce7c8674c has been successfully formatted.
2019-11-14 21:59:56,917 [pool-27-thread-1] INFO  ratis.ContainerStateMachine (ContainerStateMachine.java:loadSnapshot(223)) - group-59CCE7C8674C: The snapshot info is null. Setting the last applied indexto:(t:0, i:~)
2019-11-14 21:59:56,917 [pool-47-thread-1] INFO  ratis.ContainerStateMachine (ContainerStateMachine.java:loadSnapshot(223)) - group-59CCE7C8674C: The snapshot info is null. Setting the last applied indexto:(t:0, i:~)
2019-11-14 21:59:56,917 [pool-27-thread-1] INFO  server.RaftServerConfigKeys (ConfUtils.java:logGet(43)) - raft.server.notification.no-leader.timeout = 120s (custom)
2019-11-14 21:59:56,917 [pool-37-thread-1] INFO  ratis.ContainerStateMachine (ContainerStateMachine.java:loadSnapshot(223)) - group-59CCE7C8674C: The snapshot info is null. Setting the last applied indexto:(t:0, i:~)
2019-11-14 21:59:56,917 [pool-27-thread-1] INFO  server.RaftServerConfigKeys (ConfUtils.java:logGet(43)) - raft.server.log.use.memory = false (default)
2019-11-14 21:59:56,917 [pool-47-thread-1] INFO  server.RaftServerConfigKeys (ConfUtils.java:logGet(43)) - raft.server.notification.no-leader.timeout = 120s (custom)
2019-11-14 21:59:56,918 [pool-27-thread-1] INFO  server.RaftServerConfigKeys (ConfUtils.java:logGet(43)) - raft.server.log.purge.gap = 1000000 (custom)
2019-11-14 21:59:56,917 [pool-37-thread-1] INFO  server.RaftServerConfigKeys (ConfUtils.java:logGet(43)) - raft.server.notification.no-leader.timeout = 120s (custom)
2019-11-14 21:59:56,918 [pool-27-thread-1] INFO  server.RaftServerConfigKeys (ConfUtils.java:logGet(43)) - raft.server.log.appender.buffer.byte-limit = 33554432 (custom)
2019-11-14 21:59:56,918 [pool-47-thread-1] INFO  server.RaftServerConfigKeys (ConfUtils.java:logGet(43)) - raft.server.log.use.memory = false (default)
2019-11-14 21:59:56,918 [pool-27-thread-1] INFO  server.RaftServerConfigKeys (ConfUtils.java:logGet(43)) - raft.server.log.segment.size.max = 1048576 (custom)
2019-11-14 21:59:56,918 [pool-47-thread-1] INFO  server.RaftServerConfigKeys (ConfUtils.java:logGet(43)) - raft.server.log.purge.gap = 1000000 (custom)
2019-11-14 21:59:56,918 [pool-37-thread-1] INFO  server.RaftServerConfigKeys (ConfUtils.java:logGet(43)) - raft.server.log.use.memory = false (default)
2019-11-14 21:59:56,919 [pool-47-thread-1] INFO  server.RaftServerConfigKeys (ConfUtils.java:logGet(43)) - raft.server.log.appender.buffer.byte-limit = 33554432 (custom)
2019-11-14 21:59:56,919 [pool-27-thread-1] INFO  server.RaftServerConfigKeys (ConfUtils.java:logGet(43)) - raft.server.log.segment.cache.num.max = 2 (custom)
2019-11-14 21:59:56,919 [pool-47-thread-1] INFO  server.RaftServerConfigKeys (ConfUtils.java:logGet(43)) - raft.server.log.segment.size.max = 1048576 (custom)
2019-11-14 21:59:56,919 [pool-37-thread-1] INFO  server.RaftServerConfigKeys (ConfUtils.java:logGet(43)) - raft.server.log.purge.gap = 1000000 (custom)
2019-11-14 21:59:56,919 [pool-27-thread-1] INFO  segmented.SegmentedRaftLogWorker (SegmentedRaftLogWorker.java:<init>(173)) - new dcaf7993-3da1-4fdc-9369-e253b54d258e@group-59CCE7C8674C-SegmentedRaftLogWorker for RaftStorage:Storage Directory /workdir/hadoop-ozone/tools/target/test-dir/MiniOzoneClusterImpl-a2daa8b5-5e46-43ba-9bcc-283e13a4cd9f/datanode-0/data/ratis/ce9e7206-7b41-4725-a855-59cce7c8674c
2019-11-14 21:59:56,919 [pool-37-thread-1] INFO  server.RaftServerConfigKeys (ConfUtils.java:logGet(43)) - raft.server.log.appender.buffer.byte-limit = 33554432 (custom)
2019-11-14 21:59:56,919 [pool-47-thread-1] INFO  server.RaftServerConfigKeys (ConfUtils.java:logGet(43)) - raft.server.log.segment.cache.num.max = 2 (custom)
2019-11-14 21:59:56,920 [pool-37-thread-1] INFO  server.RaftServerConfigKeys (ConfUtils.java:logGet(43)) - raft.server.log.segment.size.max = 1048576 (custom)
2019-11-14 21:59:56,920 [pool-27-thread-1] INFO  server.RaftServerConfigKeys (ConfUtils.java:logGet(43)) - raft.server.log.queue.byte-limit = 2147483647 (custom)
2019-11-14 21:59:56,920 [pool-37-thread-1] INFO  server.RaftServerConfigKeys (ConfUtils.java:logGet(43)) - raft.server.log.segment.cache.num.max = 2 (custom)
2019-11-14 21:59:56,920 [pool-47-thread-1] INFO  segmented.SegmentedRaftLogWorker (SegmentedRaftLogWorker.java:<init>(173)) - new ade3db1e-08d9-4ea6-84ca-25063f16f31b@group-59CCE7C8674C-SegmentedRaftLogWorker for RaftStorage:Storage Directory /workdir/hadoop-ozone/tools/target/test-dir/MiniOzoneClusterImpl-a2daa8b5-5e46-43ba-9bcc-283e13a4cd9f/datanode-2/data/ratis/ce9e7206-7b41-4725-a855-59cce7c8674c
2019-11-14 21:59:56,920 [pool-37-thread-1] INFO  segmented.SegmentedRaftLogWorker (SegmentedRaftLogWorker.java:<init>(173)) - new ccf94327-bf2f-46ae-9ac4-f8667e34d10b@group-59CCE7C8674C-SegmentedRaftLogWorker for RaftStorage:Storage Directory /workdir/hadoop-ozone/tools/target/test-dir/MiniOzoneClusterImpl-a2daa8b5-5e46-43ba-9bcc-283e13a4cd9f/datanode-1/data/ratis/ce9e7206-7b41-4725-a855-59cce7c8674c
2019-11-14 21:59:56,920 [pool-27-thread-1] INFO  server.RaftServerConfigKeys (ConfUtils.java:logGet(43)) - raft.server.log.queue.element-limit = 1024 (custom)
2019-11-14 21:59:56,921 [pool-37-thread-1] INFO  server.RaftServerConfigKeys (ConfUtils.java:logGet(43)) - raft.server.log.queue.byte-limit = 2147483647 (custom)
2019-11-14 21:59:56,921 [pool-47-thread-1] INFO  server.RaftServerConfigKeys (ConfUtils.java:logGet(43)) - raft.server.log.queue.byte-limit = 2147483647 (custom)
2019-11-14 21:59:56,921 [pool-37-thread-1] INFO  server.RaftServerConfigKeys (ConfUtils.java:logGet(43)) - raft.server.log.queue.element-limit = 1024 (custom)
2019-11-14 21:59:56,921 [pool-47-thread-1] INFO  server.RaftServerConfigKeys (ConfUtils.java:logGet(43)) - raft.server.log.queue.element-limit = 1024 (custom)
2019-11-14 21:59:56,921 [pool-27-thread-1] INFO  server.RaftServerConfigKeys (ConfUtils.java:logGet(43)) - raft.server.log.segment.size.max = 1048576 (custom)
2019-11-14 21:59:56,921 [pool-47-thread-1] INFO  server.RaftServerConfigKeys (ConfUtils.java:logGet(43)) - raft.server.log.segment.size.max = 1048576 (custom)
2019-11-14 21:59:56,921 [pool-37-thread-1] INFO  server.RaftServerConfigKeys (ConfUtils.java:logGet(43)) - raft.server.log.segment.size.max = 1048576 (custom)
2019-11-14 21:59:56,922 [pool-47-thread-1] INFO  server.RaftServerConfigKeys (ConfUtils.java:logGet(43)) - raft.server.log.preallocated.size = 16384 (custom)
2019-11-14 21:59:56,921 [pool-27-thread-1] INFO  server.RaftServerConfigKeys (ConfUtils.java:logGet(43)) - raft.server.log.preallocated.size = 16384 (custom)
2019-11-14 21:59:56,922 [pool-47-thread-1] INFO  server.RaftServerConfigKeys (ConfUtils.java:logGet(43)) - raft.server.log.write.buffer.size = 33554432 (custom)
2019-11-14 21:59:56,922 [pool-37-thread-1] INFO  server.RaftServerConfigKeys (ConfUtils.java:logGet(43)) - raft.server.log.preallocated.size = 16384 (custom)
2019-11-14 21:59:56,922 [pool-47-thread-1] INFO  server.RaftServerConfigKeys (ConfUtils.java:logGet(43)) - raft.server.log.force.sync.num = 128 (default)
2019-11-14 21:59:56,922 [pool-27-thread-1] INFO  server.RaftServerConfigKeys (ConfUtils.java:logGet(43)) - raft.server.log.write.buffer.size = 33554432 (custom)
2019-11-14 21:59:56,922 [pool-47-thread-1] INFO  server.RaftServerConfigKeys (ConfUtils.java:logGet(43)) - raft.server.log.statemachine.data.sync = true (default)
2019-11-14 21:59:56,922 [pool-37-thread-1] INFO  server.RaftServerConfigKeys (ConfUtils.java:logGet(43)) - raft.server.log.write.buffer.size = 33554432 (custom)
2019-11-14 21:59:56,923 [pool-47-thread-1] INFO  server.RaftServerConfigKeys (ConfUtils.java:logGet(43)) - raft.server.log.statemachine.data.sync.timeout = 10s (default)
2019-11-14 21:59:56,922 [pool-27-thread-1] INFO  server.RaftServerConfigKeys (ConfUtils.java:logGet(43)) - raft.server.log.force.sync.num = 128 (default)
2019-11-14 21:59:56,923 [pool-47-thread-1] INFO  server.RaftServerConfigKeys (ConfUtils.java:logGet(43)) - raft.server.log.statemachine.data.sync.timeout.retry = -1 (default)
2019-11-14 21:59:56,923 [pool-37-thread-1] INFO  server.RaftServerConfigKeys (ConfUtils.java:logGet(43)) - raft.server.log.force.sync.num = 128 (default)
2019-11-14 21:59:56,923 [pool-27-thread-1] INFO  server.RaftServerConfigKeys (ConfUtils.java:logGet(43)) - raft.server.log.statemachine.data.sync = true (default)
2019-11-14 21:59:56,923 [pool-47-thread-1] INFO  server.RaftServerConfigKeys (ConfUtils.java:logGet(43)) - raft.server.log.statemachine.data.caching.enabled = true (custom)
2019-11-14 21:59:56,923 [pool-37-thread-1] INFO  server.RaftServerConfigKeys (ConfUtils.java:logGet(43)) - raft.server.log.statemachine.data.sync = true (default)
2019-11-14 21:59:56,923 [pool-27-thread-1] INFO  server.RaftServerConfigKeys (ConfUtils.java:logGet(43)) - raft.server.log.statemachine.data.sync.timeout = 10s (default)
2019-11-14 21:59:56,924 [pool-37-thread-1] INFO  server.RaftServerConfigKeys (ConfUtils.java:logGet(43)) - raft.server.log.statemachine.data.sync.timeout = 10s (default)
2019-11-14 21:59:56,924 [pool-27-thread-1] INFO  server.RaftServerConfigKeys (ConfUtils.java:logGet(43)) - raft.server.log.statemachine.data.sync.timeout.retry = -1 (default)
2019-11-14 21:59:56,924 [pool-37-thread-1] INFO  server.RaftServerConfigKeys (ConfUtils.java:logGet(43)) - raft.server.log.statemachine.data.sync.timeout.retry = -1 (default)
2019-11-14 21:59:56,924 [pool-27-thread-1] INFO  server.RaftServerConfigKeys (ConfUtils.java:logGet(43)) - raft.server.log.statemachine.data.caching.enabled = true (custom)
2019-11-14 21:59:56,924 [pool-37-thread-1] INFO  server.RaftServerConfigKeys (ConfUtils.java:logGet(43)) - raft.server.log.statemachine.data.caching.enabled = true (custom)
2019-11-14 21:59:56,930 [pool-37-thread-1] INFO  segmented.SegmentedRaftLogWorker (SegmentedRaftLogWorker.java:lambda$new$0(128)) - ccf94327-bf2f-46ae-9ac4-f8667e34d10b@group-59CCE7C8674C-SegmentedRaftLogWorker: flushIndex: setUnconditionally 0 -> -1
2019-11-14 21:59:56,930 [pool-47-thread-1] INFO  segmented.SegmentedRaftLogWorker (SegmentedRaftLogWorker.java:lambda$new$0(128)) - ade3db1e-08d9-4ea6-84ca-25063f16f31b@group-59CCE7C8674C-SegmentedRaftLogWorker: flushIndex: setUnconditionally 0 -> -1
2019-11-14 21:59:56,930 [pool-27-thread-1] INFO  segmented.SegmentedRaftLogWorker (SegmentedRaftLogWorker.java:lambda$new$0(128)) - dcaf7993-3da1-4fdc-9369-e253b54d258e@group-59CCE7C8674C-SegmentedRaftLogWorker: flushIndex: setUnconditionally 0 -> -1
2019-11-14 21:59:56,931 [pool-37-thread-1] INFO  server.RaftServerConfigKeys (ConfUtils.java:logGet(43)) - raft.server.snapshot.auto.trigger.enabled = true (custom)
2019-11-14 21:59:56,931 [pool-47-thread-1] INFO  server.RaftServerConfigKeys (ConfUtils.java:logGet(43)) - raft.server.snapshot.auto.trigger.enabled = true (custom)
2019-11-14 21:59:56,931 [pool-27-thread-1] INFO  server.RaftServerConfigKeys (ConfUtils.java:logGet(43)) - raft.server.snapshot.auto.trigger.enabled = true (custom)
2019-11-14 21:59:56,931 [pool-37-thread-1] INFO  server.RaftServerConfigKeys (ConfUtils.java:logGet(43)) - raft.server.snapshot.auto.trigger.threshold = 10000 (custom)
2019-11-14 21:59:56,931 [pool-27-thread-1] INFO  server.RaftServerConfigKeys (ConfUtils.java:logGet(43)) - raft.server.snapshot.auto.trigger.threshold = 10000 (custom)
2019-11-14 21:59:56,932 [pool-27-thread-1] INFO  server.RaftServerConfigKeys (ConfUtils.java:logGet(43)) - raft.server.snapshot.retention.file.num = 5 (custom)
2019-11-14 21:59:56,931 [pool-47-thread-1] INFO  server.RaftServerConfigKeys (ConfUtils.java:logGet(43)) - raft.server.snapshot.auto.trigger.threshold = 10000 (custom)
2019-11-14 21:59:56,932 [pool-27-thread-1] INFO  server.RaftServerConfigKeys (ConfUtils.java:logGet(43)) - raft.server.retrycache.expirytime = 600000ms (custom)
2019-11-14 21:59:56,931 [pool-37-thread-1] INFO  server.RaftServerConfigKeys (ConfUtils.java:logGet(43)) - raft.server.snapshot.retention.file.num = 5 (custom)
2019-11-14 21:59:56,932 [pool-27-thread-1] WARN  impl.MetricRegistriesImpl (MetricRegistriesImpl.java:lambda$create$1(61)) - First MetricRegistry has been created without registering reporters. You may need to call MetricRegistries.global().addReportRegistration(...) before.
2019-11-14 21:59:56,932 [pool-47-thread-1] INFO  server.RaftServerConfigKeys (ConfUtils.java:logGet(43)) - raft.server.snapshot.retention.file.num = 5 (custom)
2019-11-14 21:59:56,932 [pool-27-thread-1] WARN  impl.MetricRegistriesImpl (MetricRegistriesImpl.java:lambda$create$1(61)) - First MetricRegistry has been created without registering reporters. You may need to call MetricRegistries.global().addReportRegistration(...) before.
2019-11-14 21:59:56,932 [pool-37-thread-1] INFO  server.RaftServerConfigKeys (ConfUtils.java:logGet(43)) - raft.server.retrycache.expirytime = 600000ms (custom)
2019-11-14 21:59:56,933 [pool-47-thread-1] INFO  server.RaftServerConfigKeys (ConfUtils.java:logGet(43)) - raft.server.retrycache.expirytime = 600000ms (custom)
2019-11-14 21:59:56,933 [pool-37-thread-1] WARN  impl.MetricRegistriesImpl (MetricRegistriesImpl.java:lambda$create$1(61)) - First MetricRegistry has been created without registering reporters. You may need to call MetricRegistries.global().addReportRegistration(...) before.
2019-11-14 21:59:56,933 [pool-27-thread-1] INFO  impl.RaftServerImpl (RaftServerImpl.java:start(184)) - dcaf7993-3da1-4fdc-9369-e253b54d258e@group-59CCE7C8674C: start as a follower, conf=-1: [ade3db1e-08d9-4ea6-84ca-25063f16f31b:192.168.69.92:43556, dcaf7993-3da1-4fdc-9369-e253b54d258e:192.168.69.92:34620, ccf94327-bf2f-46ae-9ac4-f8667e34d10b:192.168.69.92:45537], old=null
2019-11-14 21:59:56,933 [pool-47-thread-1] WARN  impl.MetricRegistriesImpl (MetricRegistriesImpl.java:lambda$create$1(61)) - First MetricRegistry has been created without registering reporters. You may need to call MetricRegistries.global().addReportRegistration(...) before.
2019-11-14 21:59:56,934 [pool-27-thread-1] INFO  impl.RaftServerImpl (RaftServerImpl.java:setRole(173)) - dcaf7993-3da1-4fdc-9369-e253b54d258e@group-59CCE7C8674C: changes role from      null to FOLLOWER at term 0 for startAsFollower
2019-11-14 21:59:56,934 [pool-47-thread-1] WARN  impl.MetricRegistriesImpl (MetricRegistriesImpl.java:lambda$create$1(61)) - First MetricRegistry has been created without registering reporters. You may need to call MetricRegistries.global().addReportRegistration(...) before.
2019-11-14 21:59:56,934 [pool-37-thread-1] WARN  impl.MetricRegistriesImpl (MetricRegistriesImpl.java:lambda$create$1(61)) - First MetricRegistry has been created without registering reporters. You may need to call MetricRegistries.global().addReportRegistration(...) before.
2019-11-14 21:59:56,934 [pool-27-thread-1] INFO  impl.RoleInfo (RoleInfo.java:updateAndGet(143)) - dcaf7993-3da1-4fdc-9369-e253b54d258e: start FollowerState
2019-11-14 21:59:56,935 [pool-47-thread-1] INFO  impl.RaftServerImpl (RaftServerImpl.java:start(184)) - ade3db1e-08d9-4ea6-84ca-25063f16f31b@group-59CCE7C8674C: start as a follower, conf=-1: [ade3db1e-08d9-4ea6-84ca-25063f16f31b:192.168.69.92:43556, dcaf7993-3da1-4fdc-9369-e253b54d258e:192.168.69.92:34620, ccf94327-bf2f-46ae-9ac4-f8667e34d10b:192.168.69.92:45537], old=null
2019-11-14 21:59:56,935 [pool-37-thread-1] INFO  impl.RaftServerImpl (RaftServerImpl.java:start(184)) - ccf94327-bf2f-46ae-9ac4-f8667e34d10b@group-59CCE7C8674C: start as a follower, conf=-1: [ade3db1e-08d9-4ea6-84ca-25063f16f31b:192.168.69.92:43556, dcaf7993-3da1-4fdc-9369-e253b54d258e:192.168.69.92:34620, ccf94327-bf2f-46ae-9ac4-f8667e34d10b:192.168.69.92:45537], old=null
2019-11-14 21:59:56,935 [pool-47-thread-1] INFO  impl.RaftServerImpl (RaftServerImpl.java:setRole(173)) - ade3db1e-08d9-4ea6-84ca-25063f16f31b@group-59CCE7C8674C: changes role from      null to FOLLOWER at term 0 for startAsFollower
2019-11-14 21:59:56,935 [pool-27-thread-1] INFO  util.JmxRegister (JmxRegister.java:tryRegister(44)) - Successfully registered JMX Bean with object name Ratis:service=RaftServer,group=group-59CCE7C8674C,id=dcaf7993-3da1-4fdc-9369-e253b54d258e
2019-11-14 21:59:56,935 [pool-37-thread-1] INFO  impl.RaftServerImpl (RaftServerImpl.java:setRole(173)) - ccf94327-bf2f-46ae-9ac4-f8667e34d10b@group-59CCE7C8674C: changes role from      null to FOLLOWER at term 0 for startAsFollower
2019-11-14 21:59:56,935 [pool-27-thread-1] WARN  impl.MetricRegistriesImpl (MetricRegistriesImpl.java:lambda$create$1(61)) - First MetricRegistry has been created without registering reporters. You may need to call MetricRegistries.global().addReportRegistration(...) before.
2019-11-14 21:59:56,935 [pool-47-thread-1] INFO  impl.RoleInfo (RoleInfo.java:updateAndGet(143)) - ade3db1e-08d9-4ea6-84ca-25063f16f31b: start FollowerState
2019-11-14 21:59:56,935 [pool-37-thread-1] INFO  impl.RoleInfo (RoleInfo.java:updateAndGet(143)) - ccf94327-bf2f-46ae-9ac4-f8667e34d10b: start FollowerState
2019-11-14 21:59:56,936 [pool-47-thread-1] INFO  util.JmxRegister (JmxRegister.java:tryRegister(44)) - Successfully registered JMX Bean with object name Ratis:service=RaftServer,group=group-59CCE7C8674C,id=ade3db1e-08d9-4ea6-84ca-25063f16f31b
2019-11-14 21:59:56,936 [pool-37-thread-1] INFO  util.JmxRegister (JmxRegister.java:tryRegister(44)) - Successfully registered JMX Bean with object name Ratis:service=RaftServer,group=group-59CCE7C8674C,id=ccf94327-bf2f-46ae-9ac4-f8667e34d10b
2019-11-14 21:59:56,936 [pool-47-thread-1] WARN  impl.MetricRegistriesImpl (MetricRegistriesImpl.java:lambda$create$1(61)) - First MetricRegistry has been created without registering reporters. You may need to call MetricRegistries.global().addReportRegistration(...) before.
2019-11-14 21:59:56,936 [pool-37-thread-1] WARN  impl.MetricRegistriesImpl (MetricRegistriesImpl.java:lambda$create$1(61)) - First MetricRegistry has been created without registering reporters. You may need to call MetricRegistries.global().addReportRegistration(...) before.
2019-11-14 21:59:56,948 [RatisPipelineUtilsThread] INFO  pipeline.PipelineStateManager (PipelineStateManager.java:addPipeline(55)) - Created pipeline Pipeline[ Id: ce9e7206-7b41-4725-a855-59cce7c8674c, Nodes: ccf94327-bf2f-46ae-9ac4-f8667e34d10b{ip: 192.168.69.92, host: pr-hdds-2487-rmf7g-1521005275, networkLocation: /default-rack, certSerialId: null}ade3db1e-08d9-4ea6-84ca-25063f16f31b{ip: 192.168.69.92, host: pr-hdds-2487-rmf7g-1521005275, networkLocation: /default-rack, certSerialId: null}dcaf7993-3da1-4fdc-9369-e253b54d258e{ip: 192.168.69.92, host: pr-hdds-2487-rmf7g-1521005275, networkLocation: /default-rack, certSerialId: null}, Type:RATIS, Factor:THREE, State:ALLOCATED]
2019-11-14 21:59:56,949 [Thread-178] INFO  pipeline.PipelineStateManager (PipelineStateManager.java:finalizePipeline(121)) - Pipeline Pipeline[ Id: f94f05ec-393a-443d-8ac7-63069329e93e, Nodes: dcaf7993-3da1-4fdc-9369-e253b54d258e{ip: 192.168.69.92, host: pr-hdds-2487-rmf7g-1521005275, networkLocation: /default-rack, certSerialId: null}, Type:RATIS, Factor:ONE, State:CLOSED] moved to CLOSED state
2019-11-14 21:59:56,959 [grpc-default-executor-0] INFO  impl.RaftServerProxy (RaftServerProxy.java:remove(95)) - dcaf7993-3da1-4fdc-9369-e253b54d258e: remove  FOLLOWER dcaf7993-3da1-4fdc-9369-e253b54d258e@group-63069329E93E:t0, leader=null, voted=null, raftlog=dcaf7993-3da1-4fdc-9369-e253b54d258e@group-63069329E93E-SegmentedRaftLog:OPENED:c-1,f-1,i0, conf=-1: [dcaf7993-3da1-4fdc-9369-e253b54d258e:192.168.69.92:34620], old=null RUNNING
2019-11-14 21:59:56,960 [grpc-default-executor-0] INFO  impl.RaftServerImpl (RaftServerImpl.java:lambda$shutdown$3(250)) - dcaf7993-3da1-4fdc-9369-e253b54d258e@group-63069329E93E: shutdown
2019-11-14 21:59:56,960 [grpc-default-executor-0] INFO  util.JmxRegister (JmxRegister.java:unregister(73)) - Successfully un-registered JMX Bean with object name Ratis:service=RaftServer,group=group-63069329E93E,id=dcaf7993-3da1-4fdc-9369-e253b54d258e
2019-11-14 21:59:56,961 [grpc-default-executor-0] INFO  impl.RoleInfo (RoleInfo.java:shutdownFollowerState(121)) - dcaf7993-3da1-4fdc-9369-e253b54d258e: shutdown FollowerState
2019-11-14 21:59:56,961 [grpc-default-executor-0] INFO  impl.StateMachineUpdater (StateMachineUpdater.java:stopAndJoin(136)) - dcaf7993-3da1-4fdc-9369-e253b54d258e@group-63069329E93E-StateMachineUpdater: set stopIndex = -1
2019-11-14 21:59:56,961 [Thread-180] INFO  impl.FollowerState (FollowerState.java:run(120)) - dcaf7993-3da1-4fdc-9369-e253b54d258e@group-63069329E93E-FollowerState was interrupted: java.lang.InterruptedException: sleep interrupted
2019-11-14 21:59:56,962 [grpc-default-executor-0] INFO  impl.RaftServerImpl (ServerState.java:close(387)) - dcaf7993-3da1-4fdc-9369-e253b54d258e@group-63069329E93E: closes. applyIndex: -1
2019-11-14 21:59:56,963 [dcaf7993-3da1-4fdc-9369-e253b54d258e@group-63069329E93E-SegmentedRaftLogWorker] INFO  segmented.SegmentedRaftLogWorker (SegmentedRaftLogWorker.java:run(316)) - dcaf7993-3da1-4fdc-9369-e253b54d258e@group-63069329E93E-SegmentedRaftLogWorker was interrupted, exiting. There are 0 tasks remaining in the queue.
2019-11-14 21:59:56,963 [grpc-default-executor-0] INFO  segmented.SegmentedRaftLogWorker (SegmentedRaftLogWorker.java:close(224)) - dcaf7993-3da1-4fdc-9369-e253b54d258e@group-63069329E93E-SegmentedRaftLogWorker close()
2019-11-14 21:59:56,977 [Thread-178] INFO  pipeline.PipelineStateManager (PipelineStateManager.java:removePipeline(106)) - Pipeline Pipeline[ Id: f94f05ec-393a-443d-8ac7-63069329e93e, Nodes: dcaf7993-3da1-4fdc-9369-e253b54d258e{ip: 192.168.69.92, host: pr-hdds-2487-rmf7g-1521005275, networkLocation: /default-rack, certSerialId: null}, Type:RATIS, Factor:ONE, State:CLOSED] removed from db
2019-11-14 21:59:56,977 [Thread-178] INFO  pipeline.SCMPipelineManager (SCMPipelineManager.java:finalizeAndDestroyPipeline(315)) - destroying pipeline:Pipeline[ Id: 9ea2ed9b-e1bf-4120-8581-b5a81204f0e2, Nodes: ccf94327-bf2f-46ae-9ac4-f8667e34d10b{ip: 192.168.69.92, host: pr-hdds-2487-rmf7g-1521005275, networkLocation: /default-rack, certSerialId: null}, Type:RATIS, Factor:ONE, State:ALLOCATED]
2019-11-14 21:59:56,988 [grpc-default-executor-0] INFO  impl.RaftServerProxy (RaftServerProxy.java:addNew(89)) - dcaf7993-3da1-4fdc-9369-e253b54d258e: addNew group-B0F7E723C013:[dcaf7993-3da1-4fdc-9369-e253b54d258e:192.168.69.92:34620] returns group-B0F7E723C013:java.util.concurrent.CompletableFuture@566ee83f[Not completed]
2019-11-14 21:59:56,989 [pool-27-thread-1] INFO  impl.RaftServerImpl (RaftServerImpl.java:<init>(98)) - dcaf7993-3da1-4fdc-9369-e253b54d258e: new RaftServerImpl for group-B0F7E723C013:[dcaf7993-3da1-4fdc-9369-e253b54d258e:192.168.69.92:34620] with ContainerStateMachine:uninitialized
2019-11-14 21:59:56,990 [pool-27-thread-1] INFO  server.RaftServerConfigKeys (ConfUtils.java:logGet(43)) - raft.server.rpc.timeout.min = 5s (custom)
2019-11-14 21:59:56,990 [pool-27-thread-1] INFO  server.RaftServerConfigKeys (ConfUtils.java:logGet(43)) - raft.server.rpc.timeout.max = 5200ms (custom)
2019-11-14 21:59:56,990 [pool-27-thread-1] INFO  server.RaftServerConfigKeys (ConfUtils.java:logGet(43)) - raft.server.rpcslowness.timeout = 120s (custom)
2019-11-14 21:59:56,990 [pool-27-thread-1] INFO  server.RaftServerConfigKeys (ConfUtils.java:logGet(43)) - raft.server.sleep.deviation.threshold = 300 (default)
2019-11-14 21:59:56,990 [pool-27-thread-1] INFO  server.RaftServerConfigKeys (ConfUtils.java:logGet(43)) - raft.server.log.appender.install.snapshot.enabled = false (custom)
2019-11-14 21:59:56,990 [pool-27-thread-1] INFO  impl.RaftServerImpl (ServerState.java:<init>(103)) - dcaf7993-3da1-4fdc-9369-e253b54d258e@group-B0F7E723C013: ConfigurationManager, init=-1: [dcaf7993-3da1-4fdc-9369-e253b54d258e:192.168.69.92:34620], old=null, confs=<EMPTY_MAP>
2019-11-14 21:59:56,991 [pool-27-thread-1] INFO  server.RaftServerConfigKeys (ConfUtils.java:logGet(43)) - raft.server.storage.dir = [/workdir/hadoop-ozone/tools/target/test-dir/MiniOzoneClusterImpl-a2daa8b5-5e46-43ba-9bcc-283e13a4cd9f/datanode-0/data/ratis] (custom)
2019-11-14 21:59:57,004 [pool-27-thread-1] INFO  server.RaftServerConfigKeys (ConfUtils.java:logGet(43)) - raft.server.log.corruption.policy = EXCEPTION (default)
2019-11-14 21:59:57,004 [pool-27-thread-1] INFO  storage.RaftStorageDirectory (RaftStorageDirectory.java:analyzeStorage(246)) - The storage directory /workdir/hadoop-ozone/tools/target/test-dir/MiniOzoneClusterImpl-a2daa8b5-5e46-43ba-9bcc-283e13a4cd9f/datanode-0/data/ratis/b7b6206f-2aff-44d1-afa8-b0f7e723c013 does not exist. Creating ...
2019-11-14 21:59:57,032 [pool-27-thread-1] INFO  storage.RaftStorageDirectory (RaftStorageDirectory.java:tryLock(328)) - Lock on /workdir/hadoop-ozone/tools/target/test-dir/MiniOzoneClusterImpl-a2daa8b5-5e46-43ba-9bcc-283e13a4cd9f/datanode-0/data/ratis/b7b6206f-2aff-44d1-afa8-b0f7e723c013/in_use.lock acquired by nodename 7744@pr-hdds-2487-rmf7g-1521005275
2019-11-14 21:59:57,051 [pool-27-thread-1] INFO  storage.RaftStorage (RaftStorage.java:format(84)) - Storage directory /workdir/hadoop-ozone/tools/target/test-dir/MiniOzoneClusterImpl-a2daa8b5-5e46-43ba-9bcc-283e13a4cd9f/datanode-0/data/ratis/b7b6206f-2aff-44d1-afa8-b0f7e723c013 has been successfully formatted.
2019-11-14 21:59:57,051 [pool-27-thread-1] INFO  ratis.ContainerStateMachine (ContainerStateMachine.java:loadSnapshot(223)) - group-B0F7E723C013: The snapshot info is null. Setting the last applied indexto:(t:0, i:~)
2019-11-14 21:59:57,051 [pool-27-thread-1] INFO  server.RaftServerConfigKeys (ConfUtils.java:logGet(43)) - raft.server.notification.no-leader.timeout = 120s (custom)
2019-11-14 21:59:57,052 [pool-27-thread-1] INFO  server.RaftServerConfigKeys (ConfUtils.java:logGet(43)) - raft.server.log.use.memory = false (default)
2019-11-14 21:59:57,052 [pool-27-thread-1] INFO  server.RaftServerConfigKeys (ConfUtils.java:logGet(43)) - raft.server.log.purge.gap = 1000000 (custom)
2019-11-14 21:59:57,052 [pool-27-thread-1] INFO  server.RaftServerConfigKeys (ConfUtils.java:logGet(43)) - raft.server.log.appender.buffer.byte-limit = 33554432 (custom)
2019-11-14 21:59:57,052 [pool-27-thread-1] INFO  server.RaftServerConfigKeys (ConfUtils.java:logGet(43)) - raft.server.log.segment.size.max = 1048576 (custom)
2019-11-14 21:59:57,053 [pool-27-thread-1] INFO  server.RaftServerConfigKeys (ConfUtils.java:logGet(43)) - raft.server.log.segment.cache.num.max = 2 (custom)
2019-11-14 21:59:57,053 [pool-27-thread-1] INFO  segmented.SegmentedRaftLogWorker (SegmentedRaftLogWorker.java:<init>(173)) - new dcaf7993-3da1-4fdc-9369-e253b54d258e@group-B0F7E723C013-SegmentedRaftLogWorker for RaftStorage:Storage Directory /workdir/hadoop-ozone/tools/target/test-dir/MiniOzoneClusterImpl-a2daa8b5-5e46-43ba-9bcc-283e13a4cd9f/datanode-0/data/ratis/b7b6206f-2aff-44d1-afa8-b0f7e723c013
2019-11-14 21:59:57,053 [pool-27-thread-1] INFO  server.RaftServerConfigKeys (ConfUtils.java:logGet(43)) - raft.server.log.queue.byte-limit = 2147483647 (custom)
2019-11-14 21:59:57,053 [pool-27-thread-1] INFO  server.RaftServerConfigKeys (ConfUtils.java:logGet(43)) - raft.server.log.queue.element-limit = 1024 (custom)
2019-11-14 21:59:57,053 [pool-27-thread-1] INFO  server.RaftServerConfigKeys (ConfUtils.java:logGet(43)) - raft.server.log.segment.size.max = 1048576 (custom)
2019-11-14 21:59:57,053 [pool-27-thread-1] INFO  server.RaftServerConfigKeys (ConfUtils.java:logGet(43)) - raft.server.log.preallocated.size = 16384 (custom)
2019-11-14 21:59:57,054 [pool-27-thread-1] INFO  server.RaftServerConfigKeys (ConfUtils.java:logGet(43)) - raft.server.log.write.buffer.size = 33554432 (custom)
2019-11-14 21:59:57,054 [pool-27-thread-1] INFO  server.RaftServerConfigKeys (ConfUtils.java:logGet(43)) - raft.server.log.force.sync.num = 128 (default)
2019-11-14 21:59:57,054 [pool-27-thread-1] INFO  server.RaftServerConfigKeys (ConfUtils.java:logGet(43)) - raft.server.log.statemachine.data.sync = true (default)
2019-11-14 21:59:57,054 [pool-27-thread-1] INFO  server.RaftServerConfigKeys (ConfUtils.java:logGet(43)) - raft.server.log.statemachine.data.sync.timeout = 10s (default)
2019-11-14 21:59:57,054 [pool-27-thread-1] INFO  server.RaftServerConfigKeys (ConfUtils.java:logGet(43)) - raft.server.log.statemachine.data.sync.timeout.retry = -1 (default)
2019-11-14 21:59:57,055 [pool-27-thread-1] INFO  server.RaftServerConfigKeys (ConfUtils.java:logGet(43)) - raft.server.log.statemachine.data.caching.enabled = true (custom)
2019-11-14 21:59:57,055 [pool-27-thread-1] INFO  segmented.SegmentedRaftLogWorker (SegmentedRaftLogWorker.java:lambda$new$0(128)) - dcaf7993-3da1-4fdc-9369-e253b54d258e@group-B0F7E723C013-SegmentedRaftLogWorker: flushIndex: setUnconditionally 0 -> -1
2019-11-14 21:59:57,056 [pool-27-thread-1] INFO  server.RaftServerConfigKeys (ConfUtils.java:logGet(43)) - raft.server.snapshot.auto.trigger.enabled = true (custom)
2019-11-14 21:59:57,056 [pool-27-thread-1] INFO  server.RaftServerConfigKeys (ConfUtils.java:logGet(43)) - raft.server.snapshot.auto.trigger.threshold = 10000 (custom)
2019-11-14 21:59:57,056 [pool-27-thread-1] INFO  server.RaftServerConfigKeys (ConfUtils.java:logGet(43)) - raft.server.snapshot.retention.file.num = 5 (custom)
2019-11-14 21:59:57,056 [pool-27-thread-1] INFO  server.RaftServerConfigKeys (ConfUtils.java:logGet(43)) - raft.server.retrycache.expirytime = 600000ms (custom)
2019-11-14 21:59:57,057 [pool-27-thread-1] WARN  impl.MetricRegistriesImpl (MetricRegistriesImpl.java:lambda$create$1(61)) - First MetricRegistry has been created without registering reporters. You may need to call MetricRegistries.global().addReportRegistration(...) before.
2019-11-14 21:59:57,057 [pool-27-thread-1] WARN  impl.MetricRegistriesImpl (MetricRegistriesImpl.java:lambda$create$1(61)) - First MetricRegistry has been created without registering reporters. You may need to call MetricRegistries.global().addReportRegistration(...) before.
2019-11-14 21:59:57,057 [pool-27-thread-1] INFO  impl.RaftServerImpl (RaftServerImpl.java:start(184)) - dcaf7993-3da1-4fdc-9369-e253b54d258e@group-B0F7E723C013: start as a follower, conf=-1: [dcaf7993-3da1-4fdc-9369-e253b54d258e:192.168.69.92:34620], old=null
2019-11-14 21:59:57,057 [pool-27-thread-1] INFO  impl.RaftServerImpl (RaftServerImpl.java:setRole(173)) - dcaf7993-3da1-4fdc-9369-e253b54d258e@group-B0F7E723C013: changes role from      null to FOLLOWER at term 0 for startAsFollower
2019-11-14 21:59:57,058 [pool-27-thread-1] INFO  impl.RoleInfo (RoleInfo.java:updateAndGet(143)) - dcaf7993-3da1-4fdc-9369-e253b54d258e: start FollowerState
2019-11-14 21:59:57,058 [pool-27-thread-1] INFO  util.JmxRegister (JmxRegister.java:tryRegister(44)) - Successfully registered JMX Bean with object name Ratis:service=RaftServer,group=group-B0F7E723C013,id=dcaf7993-3da1-4fdc-9369-e253b54d258e
2019-11-14 21:59:57,059 [pool-27-thread-1] WARN  impl.MetricRegistriesImpl (MetricRegistriesImpl.java:lambda$create$1(61)) - First MetricRegistry has been created without registering reporters. You may need to call MetricRegistries.global().addReportRegistration(...) before.
2019-11-14 21:59:57,067 [RatisPipelineUtilsThread] INFO  pipeline.PipelineStateManager (PipelineStateManager.java:addPipeline(55)) - Created pipeline Pipeline[ Id: b7b6206f-2aff-44d1-afa8-b0f7e723c013, Nodes: dcaf7993-3da1-4fdc-9369-e253b54d258e{ip: 192.168.69.92, host: pr-hdds-2487-rmf7g-1521005275, networkLocation: /default-rack, certSerialId: null}, Type:RATIS, Factor:ONE, State:ALLOCATED]
2019-11-14 21:59:57,068 [Thread-178] INFO  pipeline.PipelineStateManager (PipelineStateManager.java:finalizePipeline(121)) - Pipeline Pipeline[ Id: 9ea2ed9b-e1bf-4120-8581-b5a81204f0e2, Nodes: ccf94327-bf2f-46ae-9ac4-f8667e34d10b{ip: 192.168.69.92, host: pr-hdds-2487-rmf7g-1521005275, networkLocation: /default-rack, certSerialId: null}, Type:RATIS, Factor:ONE, State:CLOSED] moved to CLOSED state
2019-11-14 21:59:57,079 [grpc-default-executor-0] INFO  impl.RaftServerProxy (RaftServerProxy.java:remove(95)) - ccf94327-bf2f-46ae-9ac4-f8667e34d10b: remove  FOLLOWER ccf94327-bf2f-46ae-9ac4-f8667e34d10b@group-B5A81204F0E2:t0, leader=null, voted=null, raftlog=ccf94327-bf2f-46ae-9ac4-f8667e34d10b@group-B5A81204F0E2-SegmentedRaftLog:OPENED:c-1,f-1,i0, conf=-1: [ccf94327-bf2f-46ae-9ac4-f8667e34d10b:192.168.69.92:45537], old=null RUNNING
2019-11-14 21:59:57,079 [grpc-default-executor-0] INFO  impl.RaftServerImpl (RaftServerImpl.java:lambda$shutdown$3(250)) - ccf94327-bf2f-46ae-9ac4-f8667e34d10b@group-B5A81204F0E2: shutdown
2019-11-14 21:59:57,080 [grpc-default-executor-0] INFO  util.JmxRegister (JmxRegister.java:unregister(73)) - Successfully un-registered JMX Bean with object name Ratis:service=RaftServer,group=group-B5A81204F0E2,id=ccf94327-bf2f-46ae-9ac4-f8667e34d10b
2019-11-14 21:59:57,080 [grpc-default-executor-0] INFO  impl.RoleInfo (RoleInfo.java:shutdownFollowerState(121)) - ccf94327-bf2f-46ae-9ac4-f8667e34d10b: shutdown FollowerState
2019-11-14 21:59:57,080 [grpc-default-executor-0] INFO  impl.StateMachineUpdater (StateMachineUpdater.java:stopAndJoin(136)) - ccf94327-bf2f-46ae-9ac4-f8667e34d10b@group-B5A81204F0E2-StateMachineUpdater: set stopIndex = -1
2019-11-14 21:59:57,080 [Thread-183] INFO  impl.FollowerState (FollowerState.java:run(120)) - ccf94327-bf2f-46ae-9ac4-f8667e34d10b@group-B5A81204F0E2-FollowerState was interrupted: java.lang.InterruptedException: sleep interrupted
2019-11-14 21:59:57,081 [grpc-default-executor-0] INFO  impl.RaftServerImpl (ServerState.java:close(387)) - ccf94327-bf2f-46ae-9ac4-f8667e34d10b@group-B5A81204F0E2: closes. applyIndex: -1
2019-11-14 21:59:57,082 [ccf94327-bf2f-46ae-9ac4-f8667e34d10b@group-B5A81204F0E2-SegmentedRaftLogWorker] INFO  segmented.SegmentedRaftLogWorker (SegmentedRaftLogWorker.java:run(316)) - ccf94327-bf2f-46ae-9ac4-f8667e34d10b@group-B5A81204F0E2-SegmentedRaftLogWorker was interrupted, exiting. There are 0 tasks remaining in the queue.
2019-11-14 21:59:57,082 [grpc-default-executor-0] INFO  segmented.SegmentedRaftLogWorker (SegmentedRaftLogWorker.java:close(224)) - ccf94327-bf2f-46ae-9ac4-f8667e34d10b@group-B5A81204F0E2-SegmentedRaftLogWorker close()
2019-11-14 21:59:57,091 [Thread-178] INFO  pipeline.PipelineStateManager (PipelineStateManager.java:removePipeline(106)) - Pipeline Pipeline[ Id: 9ea2ed9b-e1bf-4120-8581-b5a81204f0e2, Nodes: ccf94327-bf2f-46ae-9ac4-f8667e34d10b{ip: 192.168.69.92, host: pr-hdds-2487-rmf7g-1521005275, networkLocation: /default-rack, certSerialId: null}, Type:RATIS, Factor:ONE, State:CLOSED] removed from db
2019-11-14 21:59:57,092 [Thread-178] INFO  pipeline.SCMPipelineManager (SCMPipelineManager.java:finalizeAndDestroyPipeline(315)) - destroying pipeline:Pipeline[ Id: fa9f989e-3227-4e09-b9f0-81f8d05c5635, Nodes: ade3db1e-08d9-4ea6-84ca-25063f16f31b{ip: 192.168.69.92, host: pr-hdds-2487-rmf7g-1521005275, networkLocation: /default-rack, certSerialId: null}, Type:RATIS, Factor:ONE, State:ALLOCATED]
2019-11-14 21:59:57,102 [grpc-default-executor-0] INFO  impl.RaftServerProxy (RaftServerProxy.java:addNew(89)) - ccf94327-bf2f-46ae-9ac4-f8667e34d10b: addNew group-37C5A86B1D69:[ccf94327-bf2f-46ae-9ac4-f8667e34d10b:192.168.69.92:45537] returns group-37C5A86B1D69:java.util.concurrent.CompletableFuture@4163c4d8[Not completed]
2019-11-14 21:59:57,104 [pool-37-thread-1] INFO  impl.RaftServerImpl (RaftServerImpl.java:<init>(98)) - ccf94327-bf2f-46ae-9ac4-f8667e34d10b: new RaftServerImpl for group-37C5A86B1D69:[ccf94327-bf2f-46ae-9ac4-f8667e34d10b:192.168.69.92:45537] with ContainerStateMachine:uninitialized
2019-11-14 21:59:57,104 [pool-37-thread-1] INFO  server.RaftServerConfigKeys (ConfUtils.java:logGet(43)) - raft.server.rpc.timeout.min = 5s (custom)
2019-11-14 21:59:57,105 [pool-37-thread-1] INFO  server.RaftServerConfigKeys (ConfUtils.java:logGet(43)) - raft.server.rpc.timeout.max = 5200ms (custom)
2019-11-14 21:59:57,105 [pool-37-thread-1] INFO  server.RaftServerConfigKeys (ConfUtils.java:logGet(43)) - raft.server.rpcslowness.timeout = 120s (custom)
2019-11-14 21:59:57,105 [pool-37-thread-1] INFO  server.RaftServerConfigKeys (ConfUtils.java:logGet(43)) - raft.server.sleep.deviation.threshold = 300 (default)
2019-11-14 21:59:57,105 [pool-37-thread-1] INFO  server.RaftServerConfigKeys (ConfUtils.java:logGet(43)) - raft.server.log.appender.install.snapshot.enabled = false (custom)
2019-11-14 21:59:57,105 [pool-37-thread-1] INFO  impl.RaftServerImpl (ServerState.java:<init>(103)) - ccf94327-bf2f-46ae-9ac4-f8667e34d10b@group-37C5A86B1D69: ConfigurationManager, init=-1: [ccf94327-bf2f-46ae-9ac4-f8667e34d10b:192.168.69.92:45537], old=null, confs=<EMPTY_MAP>
2019-11-14 21:59:57,105 [pool-37-thread-1] INFO  server.RaftServerConfigKeys (ConfUtils.java:logGet(43)) - raft.server.storage.dir = [/workdir/hadoop-ozone/tools/target/test-dir/MiniOzoneClusterImpl-a2daa8b5-5e46-43ba-9bcc-283e13a4cd9f/datanode-1/data/ratis] (custom)
2019-11-14 21:59:57,106 [pool-37-thread-1] INFO  server.RaftServerConfigKeys (ConfUtils.java:logGet(43)) - raft.server.log.corruption.policy = EXCEPTION (default)
2019-11-14 21:59:57,106 [pool-37-thread-1] INFO  storage.RaftStorageDirectory (RaftStorageDirectory.java:analyzeStorage(246)) - The storage directory /workdir/hadoop-ozone/tools/target/test-dir/MiniOzoneClusterImpl-a2daa8b5-5e46-43ba-9bcc-283e13a4cd9f/datanode-1/data/ratis/aa321949-95f1-445a-b49f-37c5a86b1d69 does not exist. Creating ...
2019-11-14 21:59:57,142 [pool-37-thread-1] INFO  storage.RaftStorageDirectory (RaftStorageDirectory.java:tryLock(328)) - Lock on /workdir/hadoop-ozone/tools/target/test-dir/MiniOzoneClusterImpl-a2daa8b5-5e46-43ba-9bcc-283e13a4cd9f/datanode-1/data/ratis/aa321949-95f1-445a-b49f-37c5a86b1d69/in_use.lock acquired by nodename 7744@pr-hdds-2487-rmf7g-1521005275
2019-11-14 21:59:57,177 [pool-37-thread-1] INFO  storage.RaftStorage (RaftStorage.java:format(84)) - Storage directory /workdir/hadoop-ozone/tools/target/test-dir/MiniOzoneClusterImpl-a2daa8b5-5e46-43ba-9bcc-283e13a4cd9f/datanode-1/data/ratis/aa321949-95f1-445a-b49f-37c5a86b1d69 has been successfully formatted.
2019-11-14 21:59:57,178 [pool-37-thread-1] INFO  ratis.ContainerStateMachine (ContainerStateMachine.java:loadSnapshot(223)) - group-37C5A86B1D69: The snapshot info is null. Setting the last applied indexto:(t:0, i:~)
2019-11-14 21:59:57,178 [pool-37-thread-1] INFO  server.RaftServerConfigKeys (ConfUtils.java:logGet(43)) - raft.server.notification.no-leader.timeout = 120s (custom)
2019-11-14 21:59:57,178 [pool-37-thread-1] INFO  server.RaftServerConfigKeys (ConfUtils.java:logGet(43)) - raft.server.log.use.memory = false (default)
2019-11-14 21:59:57,178 [pool-37-thread-1] INFO  server.RaftServerConfigKeys (ConfUtils.java:logGet(43)) - raft.server.log.purge.gap = 1000000 (custom)
2019-11-14 21:59:57,178 [pool-37-thread-1] INFO  server.RaftServerConfigKeys (ConfUtils.java:logGet(43)) - raft.server.log.appender.buffer.byte-limit = 33554432 (custom)
2019-11-14 21:59:57,178 [pool-37-thread-1] INFO  server.RaftServerConfigKeys (ConfUtils.java:logGet(43)) - raft.server.log.segment.size.max = 1048576 (custom)
2019-11-14 21:59:57,179 [pool-37-thread-1] INFO  server.RaftServerConfigKeys (ConfUtils.java:logGet(43)) - raft.server.log.segment.cache.num.max = 2 (custom)
2019-11-14 21:59:57,179 [pool-37-thread-1] INFO  segmented.SegmentedRaftLogWorker (SegmentedRaftLogWorker.java:<init>(173)) - new ccf94327-bf2f-46ae-9ac4-f8667e34d10b@group-37C5A86B1D69-SegmentedRaftLogWorker for RaftStorage:Storage Directory /workdir/hadoop-ozone/tools/target/test-dir/MiniOzoneClusterImpl-a2daa8b5-5e46-43ba-9bcc-283e13a4cd9f/datanode-1/data/ratis/aa321949-95f1-445a-b49f-37c5a86b1d69
2019-11-14 21:59:57,179 [pool-37-thread-1] INFO  server.RaftServerConfigKeys (ConfUtils.java:logGet(43)) - raft.server.log.queue.byte-limit = 2147483647 (custom)
2019-11-14 21:59:57,179 [pool-37-thread-1] INFO  server.RaftServerConfigKeys (ConfUtils.java:logGet(43)) - raft.server.log.queue.element-limit = 1024 (custom)
2019-11-14 21:59:57,179 [pool-37-thread-1] INFO  server.RaftServerConfigKeys (ConfUtils.java:logGet(43)) - raft.server.log.segment.size.max = 1048576 (custom)
2019-11-14 21:59:57,179 [pool-37-thread-1] INFO  server.RaftServerConfigKeys (ConfUtils.java:logGet(43)) - raft.server.log.preallocated.size = 16384 (custom)
2019-11-14 21:59:57,179 [pool-37-thread-1] INFO  server.RaftServerConfigKeys (ConfUtils.java:logGet(43)) - raft.server.log.write.buffer.size = 33554432 (custom)
2019-11-14 21:59:57,180 [pool-37-thread-1] INFO  server.RaftServerConfigKeys (ConfUtils.java:logGet(43)) - raft.server.log.force.sync.num = 128 (default)
2019-11-14 21:59:57,180 [pool-37-thread-1] INFO  server.RaftServerConfigKeys (ConfUtils.java:logGet(43)) - raft.server.log.statemachine.data.sync = true (default)
2019-11-14 21:59:57,180 [pool-37-thread-1] INFO  server.RaftServerConfigKeys (ConfUtils.java:logGet(43)) - raft.server.log.statemachine.data.sync.timeout = 10s (default)
2019-11-14 21:59:57,180 [pool-37-thread-1] INFO  server.RaftServerConfigKeys (ConfUtils.java:logGet(43)) - raft.server.log.statemachine.data.sync.timeout.retry = -1 (default)
2019-11-14 21:59:57,180 [pool-37-thread-1] INFO  server.RaftServerConfigKeys (ConfUtils.java:logGet(43)) - raft.server.log.statemachine.data.caching.enabled = true (custom)
2019-11-14 21:59:57,181 [pool-37-thread-1] INFO  segmented.SegmentedRaftLogWorker (SegmentedRaftLogWorker.java:lambda$new$0(128)) - ccf94327-bf2f-46ae-9ac4-f8667e34d10b@group-37C5A86B1D69-SegmentedRaftLogWorker: flushIndex: setUnconditionally 0 -> -1
2019-11-14 21:59:57,181 [pool-37-thread-1] INFO  server.RaftServerConfigKeys (ConfUtils.java:logGet(43)) - raft.server.snapshot.auto.trigger.enabled = true (custom)
2019-11-14 21:59:57,181 [pool-37-thread-1] INFO  server.RaftServerConfigKeys (ConfUtils.java:logGet(43)) - raft.server.snapshot.auto.trigger.threshold = 10000 (custom)
2019-11-14 21:59:57,181 [pool-37-thread-1] INFO  server.RaftServerConfigKeys (ConfUtils.java:logGet(43)) - raft.server.snapshot.retention.file.num = 5 (custom)
2019-11-14 21:59:57,182 [pool-37-thread-1] INFO  server.RaftServerConfigKeys (ConfUtils.java:logGet(43)) - raft.server.retrycache.expirytime = 600000ms (custom)
2019-11-14 21:59:57,182 [pool-37-thread-1] WARN  impl.MetricRegistriesImpl (MetricRegistriesImpl.java:lambda$create$1(61)) - First MetricRegistry has been created without registering reporters. You may need to call MetricRegistries.global().addReportRegistration(...) before.
2019-11-14 21:59:57,182 [pool-37-thread-1] WARN  impl.MetricRegistriesImpl (MetricRegistriesImpl.java:lambda$create$1(61)) - First MetricRegistry has been created without registering reporters. You may need to call MetricRegistries.global().addReportRegistration(...) before.
2019-11-14 21:59:57,182 [pool-37-thread-1] INFO  impl.RaftServerImpl (RaftServerImpl.java:start(184)) - ccf94327-bf2f-46ae-9ac4-f8667e34d10b@group-37C5A86B1D69: start as a follower, conf=-1: [ccf94327-bf2f-46ae-9ac4-f8667e34d10b:192.168.69.92:45537], old=null
2019-11-14 21:59:57,182 [pool-37-thread-1] INFO  impl.RaftServerImpl (RaftServerImpl.java:setRole(173)) - ccf94327-bf2f-46ae-9ac4-f8667e34d10b@group-37C5A86B1D69: changes role from      null to FOLLOWER at term 0 for startAsFollower
2019-11-14 21:59:57,183 [pool-37-thread-1] INFO  impl.RoleInfo (RoleInfo.java:updateAndGet(143)) - ccf94327-bf2f-46ae-9ac4-f8667e34d10b: start FollowerState
2019-11-14 21:59:57,183 [pool-37-thread-1] INFO  util.JmxRegister (JmxRegister.java:tryRegister(44)) - Successfully registered JMX Bean with object name Ratis:service=RaftServer,group=group-37C5A86B1D69,id=ccf94327-bf2f-46ae-9ac4-f8667e34d10b
2019-11-14 21:59:57,183 [pool-37-thread-1] WARN  impl.MetricRegistriesImpl (MetricRegistriesImpl.java:lambda$create$1(61)) - First MetricRegistry has been created without registering reporters. You may need to call MetricRegistries.global().addReportRegistration(...) before.
2019-11-14 21:59:57,189 [RatisPipelineUtilsThread] INFO  pipeline.PipelineStateManager (PipelineStateManager.java:addPipeline(55)) - Created pipeline Pipeline[ Id: aa321949-95f1-445a-b49f-37c5a86b1d69, Nodes: ccf94327-bf2f-46ae-9ac4-f8667e34d10b{ip: 192.168.69.92, host: pr-hdds-2487-rmf7g-1521005275, networkLocation: /default-rack, certSerialId: null}, Type:RATIS, Factor:ONE, State:ALLOCATED]
2019-11-14 21:59:57,190 [Thread-178] INFO  pipeline.PipelineStateManager (PipelineStateManager.java:finalizePipeline(121)) - Pipeline Pipeline[ Id: fa9f989e-3227-4e09-b9f0-81f8d05c5635, Nodes: ade3db1e-08d9-4ea6-84ca-25063f16f31b{ip: 192.168.69.92, host: pr-hdds-2487-rmf7g-1521005275, networkLocation: /default-rack, certSerialId: null}, Type:RATIS, Factor:ONE, State:CLOSED] moved to CLOSED state
2019-11-14 21:59:57,204 [grpc-default-executor-0] INFO  impl.RaftServerProxy (RaftServerProxy.java:remove(95)) - ade3db1e-08d9-4ea6-84ca-25063f16f31b: remove  FOLLOWER ade3db1e-08d9-4ea6-84ca-25063f16f31b@group-81F8D05C5635:t0, leader=null, voted=null, raftlog=ade3db1e-08d9-4ea6-84ca-25063f16f31b@group-81F8D05C5635-SegmentedRaftLog:OPENED:c-1,f-1,i0, conf=-1: [ade3db1e-08d9-4ea6-84ca-25063f16f31b:192.168.69.92:43556], old=null RUNNING
2019-11-14 21:59:57,204 [grpc-default-executor-0] INFO  impl.RaftServerImpl (RaftServerImpl.java:lambda$shutdown$3(250)) - ade3db1e-08d9-4ea6-84ca-25063f16f31b@group-81F8D05C5635: shutdown
2019-11-14 21:59:57,205 [grpc-default-executor-0] INFO  util.JmxRegister (JmxRegister.java:unregister(73)) - Successfully un-registered JMX Bean with object name Ratis:service=RaftServer,group=group-81F8D05C5635,id=ade3db1e-08d9-4ea6-84ca-25063f16f31b
2019-11-14 21:59:57,205 [grpc-default-executor-0] INFO  impl.RoleInfo (RoleInfo.java:shutdownFollowerState(121)) - ade3db1e-08d9-4ea6-84ca-25063f16f31b: shutdown FollowerState
2019-11-14 21:59:57,205 [grpc-default-executor-0] INFO  impl.StateMachineUpdater (StateMachineUpdater.java:stopAndJoin(136)) - ade3db1e-08d9-4ea6-84ca-25063f16f31b@group-81F8D05C5635-StateMachineUpdater: set stopIndex = -1
2019-11-14 21:59:57,205 [Thread-186] INFO  impl.FollowerState (FollowerState.java:run(120)) - ade3db1e-08d9-4ea6-84ca-25063f16f31b@group-81F8D05C5635-FollowerState was interrupted: java.lang.InterruptedException: sleep interrupted
2019-11-14 21:59:57,207 [grpc-default-executor-0] INFO  impl.RaftServerImpl (ServerState.java:close(387)) - ade3db1e-08d9-4ea6-84ca-25063f16f31b@group-81F8D05C5635: closes. applyIndex: -1
2019-11-14 21:59:57,207 [ade3db1e-08d9-4ea6-84ca-25063f16f31b@group-81F8D05C5635-SegmentedRaftLogWorker] INFO  segmented.SegmentedRaftLogWorker (SegmentedRaftLogWorker.java:run(316)) - ade3db1e-08d9-4ea6-84ca-25063f16f31b@group-81F8D05C5635-SegmentedRaftLogWorker was interrupted, exiting. There are 0 tasks remaining in the queue.
2019-11-14 21:59:57,207 [grpc-default-executor-0] INFO  segmented.SegmentedRaftLogWorker (SegmentedRaftLogWorker.java:close(224)) - ade3db1e-08d9-4ea6-84ca-25063f16f31b@group-81F8D05C5635-SegmentedRaftLogWorker close()
2019-11-14 21:59:57,234 [Thread-178] INFO  pipeline.PipelineStateManager (PipelineStateManager.java:removePipeline(106)) - Pipeline Pipeline[ Id: fa9f989e-3227-4e09-b9f0-81f8d05c5635, Nodes: ade3db1e-08d9-4ea6-84ca-25063f16f31b{ip: 192.168.69.92, host: pr-hdds-2487-rmf7g-1521005275, networkLocation: /default-rack, certSerialId: null}, Type:RATIS, Factor:ONE, State:CLOSED] removed from db
2019-11-14 21:59:57,245 [grpc-default-executor-0] INFO  impl.RaftServerProxy (RaftServerProxy.java:addNew(89)) - ade3db1e-08d9-4ea6-84ca-25063f16f31b: addNew group-C06A2DAE20E8:[ade3db1e-08d9-4ea6-84ca-25063f16f31b:192.168.69.92:43556] returns group-C06A2DAE20E8:java.util.concurrent.CompletableFuture@2a1ab24c[Not completed]
2019-11-14 21:59:57,247 [pool-47-thread-1] INFO  impl.RaftServerImpl (RaftServerImpl.java:<init>(98)) - ade3db1e-08d9-4ea6-84ca-25063f16f31b: new RaftServerImpl for group-C06A2DAE20E8:[ade3db1e-08d9-4ea6-84ca-25063f16f31b:192.168.69.92:43556] with ContainerStateMachine:uninitialized
2019-11-14 21:59:57,247 [pool-47-thread-1] INFO  server.RaftServerConfigKeys (ConfUtils.java:logGet(43)) - raft.server.rpc.timeout.min = 5s (custom)
2019-11-14 21:59:57,247 [pool-47-thread-1] INFO  server.RaftServerConfigKeys (ConfUtils.java:logGet(43)) - raft.server.rpc.timeout.max = 5200ms (custom)
2019-11-14 21:59:57,248 [pool-47-thread-1] INFO  server.RaftServerConfigKeys (ConfUtils.java:logGet(43)) - raft.server.rpcslowness.timeout = 120s (custom)
2019-11-14 21:59:57,248 [pool-47-thread-1] INFO  server.RaftServerConfigKeys (ConfUtils.java:logGet(43)) - raft.server.sleep.deviation.threshold = 300 (default)
2019-11-14 21:59:57,248 [pool-47-thread-1] INFO  server.RaftServerConfigKeys (ConfUtils.java:logGet(43)) - raft.server.log.appender.install.snapshot.enabled = false (custom)
2019-11-14 21:59:57,248 [pool-47-thread-1] INFO  impl.RaftServerImpl (ServerState.java:<init>(103)) - ade3db1e-08d9-4ea6-84ca-25063f16f31b@group-C06A2DAE20E8: ConfigurationManager, init=-1: [ade3db1e-08d9-4ea6-84ca-25063f16f31b:192.168.69.92:43556], old=null, confs=<EMPTY_MAP>
2019-11-14 21:59:57,248 [pool-47-thread-1] INFO  server.RaftServerConfigKeys (ConfUtils.java:logGet(43)) - raft.server.storage.dir = [/workdir/hadoop-ozone/tools/target/test-dir/MiniOzoneClusterImpl-a2daa8b5-5e46-43ba-9bcc-283e13a4cd9f/datanode-2/data/ratis] (custom)
2019-11-14 21:59:57,249 [pool-47-thread-1] INFO  server.RaftServerConfigKeys (ConfUtils.java:logGet(43)) - raft.server.log.corruption.policy = EXCEPTION (default)
2019-11-14 21:59:57,249 [pool-47-thread-1] INFO  storage.RaftStorageDirectory (RaftStorageDirectory.java:analyzeStorage(246)) - The storage directory /workdir/hadoop-ozone/tools/target/test-dir/MiniOzoneClusterImpl-a2daa8b5-5e46-43ba-9bcc-283e13a4cd9f/datanode-2/data/ratis/c3fcb8c7-9ec3-4f36-8190-c06a2dae20e8 does not exist. Creating ...
2019-11-14 21:59:57,271 [pool-47-thread-1] INFO  storage.RaftStorageDirectory (RaftStorageDirectory.java:tryLock(328)) - Lock on /workdir/hadoop-ozone/tools/target/test-dir/MiniOzoneClusterImpl-a2daa8b5-5e46-43ba-9bcc-283e13a4cd9f/datanode-2/data/ratis/c3fcb8c7-9ec3-4f36-8190-c06a2dae20e8/in_use.lock acquired by nodename 7744@pr-hdds-2487-rmf7g-1521005275
2019-11-14 21:59:57,298 [pool-47-thread-1] INFO  storage.RaftStorage (RaftStorage.java:format(84)) - Storage directory /workdir/hadoop-ozone/tools/target/test-dir/MiniOzoneClusterImpl-a2daa8b5-5e46-43ba-9bcc-283e13a4cd9f/datanode-2/data/ratis/c3fcb8c7-9ec3-4f36-8190-c06a2dae20e8 has been successfully formatted.
2019-11-14 21:59:57,299 [pool-47-thread-1] INFO  ratis.ContainerStateMachine (ContainerStateMachine.java:loadSnapshot(223)) - group-C06A2DAE20E8: The snapshot info is null. Setting the last applied indexto:(t:0, i:~)
2019-11-14 21:59:57,299 [pool-47-thread-1] INFO  server.RaftServerConfigKeys (ConfUtils.java:logGet(43)) - raft.server.notification.no-leader.timeout = 120s (custom)
2019-11-14 21:59:57,299 [pool-47-thread-1] INFO  server.RaftServerConfigKeys (ConfUtils.java:logGet(43)) - raft.server.log.use.memory = false (default)
2019-11-14 21:59:57,299 [pool-47-thread-1] INFO  server.RaftServerConfigKeys (ConfUtils.java:logGet(43)) - raft.server.log.purge.gap = 1000000 (custom)
2019-11-14 21:59:57,299 [pool-47-thread-1] INFO  server.RaftServerConfigKeys (ConfUtils.java:logGet(43)) - raft.server.log.appender.buffer.byte-limit = 33554432 (custom)
2019-11-14 21:59:57,299 [pool-47-thread-1] INFO  server.RaftServerConfigKeys (ConfUtils.java:logGet(43)) - raft.server.log.segment.size.max = 1048576 (custom)
2019-11-14 21:59:57,300 [pool-47-thread-1] INFO  server.RaftServerConfigKeys (ConfUtils.java:logGet(43)) - raft.server.log.segment.cache.num.max = 2 (custom)
2019-11-14 21:59:57,300 [pool-47-thread-1] INFO  segmented.SegmentedRaftLogWorker (SegmentedRaftLogWorker.java:<init>(173)) - new ade3db1e-08d9-4ea6-84ca-25063f16f31b@group-C06A2DAE20E8-SegmentedRaftLogWorker for RaftStorage:Storage Directory /workdir/hadoop-ozone/tools/target/test-dir/MiniOzoneClusterImpl-a2daa8b5-5e46-43ba-9bcc-283e13a4cd9f/datanode-2/data/ratis/c3fcb8c7-9ec3-4f36-8190-c06a2dae20e8
2019-11-14 21:59:57,300 [pool-47-thread-1] INFO  server.RaftServerConfigKeys (ConfUtils.java:logGet(43)) - raft.server.log.queue.byte-limit = 2147483647 (custom)
2019-11-14 21:59:57,300 [pool-47-thread-1] INFO  server.RaftServerConfigKeys (ConfUtils.java:logGet(43)) - raft.server.log.queue.element-limit = 1024 (custom)
2019-11-14 21:59:57,300 [pool-47-thread-1] INFO  server.RaftServerConfigKeys (ConfUtils.java:logGet(43)) - raft.server.log.segment.size.max = 1048576 (custom)
2019-11-14 21:59:57,300 [pool-47-thread-1] INFO  server.RaftServerConfigKeys (ConfUtils.java:logGet(43)) - raft.server.log.preallocated.size = 16384 (custom)
2019-11-14 21:59:57,300 [pool-47-thread-1] INFO  server.RaftServerConfigKeys (ConfUtils.java:logGet(43)) - raft.server.log.write.buffer.size = 33554432 (custom)
2019-11-14 21:59:57,300 [pool-47-thread-1] INFO  server.RaftServerConfigKeys (ConfUtils.java:logGet(43)) - raft.server.log.force.sync.num = 128 (default)
2019-11-14 21:59:57,300 [pool-47-thread-1] INFO  server.RaftServerConfigKeys (ConfUtils.java:logGet(43)) - raft.server.log.statemachine.data.sync = true (default)
2019-11-14 21:59:57,300 [pool-47-thread-1] INFO  server.RaftServerConfigKeys (ConfUtils.java:logGet(43)) - raft.server.log.statemachine.data.sync.timeout = 10s (default)
2019-11-14 21:59:57,301 [pool-47-thread-1] INFO  server.RaftServerConfigKeys (ConfUtils.java:logGet(43)) - raft.server.log.statemachine.data.sync.timeout.retry = -1 (default)
2019-11-14 21:59:57,301 [pool-47-thread-1] INFO  server.RaftServerConfigKeys (ConfUtils.java:logGet(43)) - raft.server.log.statemachine.data.caching.enabled = true (custom)
2019-11-14 21:59:57,301 [pool-47-thread-1] INFO  segmented.SegmentedRaftLogWorker (SegmentedRaftLogWorker.java:lambda$new$0(128)) - ade3db1e-08d9-4ea6-84ca-25063f16f31b@group-C06A2DAE20E8-SegmentedRaftLogWorker: flushIndex: setUnconditionally 0 -> -1
2019-11-14 21:59:57,301 [pool-47-thread-1] INFO  server.RaftServerConfigKeys (ConfUtils.java:logGet(43)) - raft.server.snapshot.auto.trigger.enabled = true (custom)
2019-11-14 21:59:57,301 [pool-47-thread-1] INFO  server.RaftServerConfigKeys (ConfUtils.java:logGet(43)) - raft.server.snapshot.auto.trigger.threshold = 10000 (custom)
2019-11-14 21:59:57,302 [pool-47-thread-1] INFO  server.RaftServerConfigKeys (ConfUtils.java:logGet(43)) - raft.server.snapshot.retention.file.num = 5 (custom)
2019-11-14 21:59:57,302 [pool-47-thread-1] INFO  server.RaftServerConfigKeys (ConfUtils.java:logGet(43)) - raft.server.retrycache.expirytime = 600000ms (custom)
2019-11-14 21:59:57,302 [pool-47-thread-1] WARN  impl.MetricRegistriesImpl (MetricRegistriesImpl.java:lambda$create$1(61)) - First MetricRegistry has been created without registering reporters. You may need to call MetricRegistries.global().addReportRegistration(...) before.
2019-11-14 21:59:57,302 [pool-47-thread-1] WARN  impl.MetricRegistriesImpl (MetricRegistriesImpl.java:lambda$create$1(61)) - First MetricRegistry has been created without registering reporters. You may need to call MetricRegistries.global().addReportRegistration(...) before.
2019-11-14 21:59:57,302 [pool-47-thread-1] INFO  impl.RaftServerImpl (RaftServerImpl.java:start(184)) - ade3db1e-08d9-4ea6-84ca-25063f16f31b@group-C06A2DAE20E8: start as a follower, conf=-1: [ade3db1e-08d9-4ea6-84ca-25063f16f31b:192.168.69.92:43556], old=null
2019-11-14 21:59:57,302 [pool-47-thread-1] INFO  impl.RaftServerImpl (RaftServerImpl.java:setRole(173)) - ade3db1e-08d9-4ea6-84ca-25063f16f31b@group-C06A2DAE20E8: changes role from      null to FOLLOWER at term 0 for startAsFollower
2019-11-14 21:59:57,302 [pool-47-thread-1] INFO  impl.RoleInfo (RoleInfo.java:updateAndGet(143)) - ade3db1e-08d9-4ea6-84ca-25063f16f31b: start FollowerState
2019-11-14 21:59:57,303 [pool-47-thread-1] INFO  util.JmxRegister (JmxRegister.java:tryRegister(44)) - Successfully registered JMX Bean with object name Ratis:service=RaftServer,group=group-C06A2DAE20E8,id=ade3db1e-08d9-4ea6-84ca-25063f16f31b
2019-11-14 21:59:57,303 [pool-47-thread-1] WARN  impl.MetricRegistriesImpl (MetricRegistriesImpl.java:lambda$create$1(61)) - First MetricRegistry has been created without registering reporters. You may need to call MetricRegistries.global().addReportRegistration(...) before.
2019-11-14 21:59:57,308 [RatisPipelineUtilsThread] INFO  pipeline.PipelineStateManager (PipelineStateManager.java:addPipeline(55)) - Created pipeline Pipeline[ Id: c3fcb8c7-9ec3-4f36-8190-c06a2dae20e8, Nodes: ade3db1e-08d9-4ea6-84ca-25063f16f31b{ip: 192.168.69.92, host: pr-hdds-2487-rmf7g-1521005275, networkLocation: /default-rack, certSerialId: null}, Type:RATIS, Factor:ONE, State:ALLOCATED]
2019-11-14 21:59:57,744 [main] INFO  ozone.MiniOzoneClusterImpl (MiniOzoneClusterImpl.java:lambda$waitForClusterToBeReady$2(163)) - Waiting for 4 number of pipelines out of 4, to report a leader.
2019-11-14 21:59:58,745 [main] INFO  ozone.MiniOzoneClusterImpl (MiniOzoneClusterImpl.java:lambda$waitForClusterToBeReady$2(163)) - Waiting for 4 number of pipelines out of 4, to report a leader.
2019-11-14 21:59:59,746 [main] INFO  ozone.MiniOzoneClusterImpl (MiniOzoneClusterImpl.java:lambda$waitForClusterToBeReady$2(163)) - Waiting for 4 number of pipelines out of 4, to report a leader.
2019-11-14 22:00:00,746 [main] INFO  ozone.MiniOzoneClusterImpl (MiniOzoneClusterImpl.java:lambda$waitForClusterToBeReady$2(163)) - Waiting for 4 number of pipelines out of 4, to report a leader.
2019-11-14 22:00:01,747 [main] INFO  ozone.MiniOzoneClusterImpl (MiniOzoneClusterImpl.java:lambda$waitForClusterToBeReady$2(163)) - Waiting for 4 number of pipelines out of 4, to report a leader.
2019-11-14 22:00:01,941 [Thread-206] INFO  impl.FollowerState (FollowerState.java:run(111)) - ccf94327-bf2f-46ae-9ac4-f8667e34d10b@group-59CCE7C8674C-FollowerState: change to CANDIDATE, lastRpcTime:5005ms, electionTimeout:5005ms
2019-11-14 22:00:01,944 [Thread-206] INFO  impl.RoleInfo (RoleInfo.java:shutdownFollowerState(121)) - ccf94327-bf2f-46ae-9ac4-f8667e34d10b: shutdown FollowerState
2019-11-14 22:00:01,944 [Thread-206] INFO  impl.RaftServerImpl (RaftServerImpl.java:setRole(173)) - ccf94327-bf2f-46ae-9ac4-f8667e34d10b@group-59CCE7C8674C: changes role from  FOLLOWER to CANDIDATE at term 0 for changeToCandidate
2019-11-14 22:00:01,949 [Thread-206] INFO  impl.RoleInfo (RoleInfo.java:updateAndGet(143)) - ccf94327-bf2f-46ae-9ac4-f8667e34d10b: start LeaderElection
2019-11-14 22:00:01,982 [ccf94327-bf2f-46ae-9ac4-f8667e34d10b@group-59CCE7C8674C-LeaderElection1] INFO  impl.LeaderElection (LeaderElection.java:askForVotes(178)) - ccf94327-bf2f-46ae-9ac4-f8667e34d10b@group-59CCE7C8674C-LeaderElection1: begin an election at term 1 for -1: [ade3db1e-08d9-4ea6-84ca-25063f16f31b:192.168.69.92:43556, dcaf7993-3da1-4fdc-9369-e253b54d258e:192.168.69.92:34620, ccf94327-bf2f-46ae-9ac4-f8667e34d10b:192.168.69.92:45537], old=null
2019-11-14 22:00:02,007 [grpc-default-executor-1] INFO  impl.RaftServerImpl (RaftServerImpl.java:setRole(173)) - ade3db1e-08d9-4ea6-84ca-25063f16f31b@group-59CCE7C8674C: changes role from  FOLLOWER to FOLLOWER at term 1 for recognizeCandidate:ccf94327-bf2f-46ae-9ac4-f8667e34d10b
2019-11-14 22:00:02,007 [grpc-default-executor-0] INFO  impl.RaftServerImpl (RaftServerImpl.java:setRole(173)) - dcaf7993-3da1-4fdc-9369-e253b54d258e@group-59CCE7C8674C: changes role from  FOLLOWER to FOLLOWER at term 1 for recognizeCandidate:ccf94327-bf2f-46ae-9ac4-f8667e34d10b
2019-11-14 22:00:02,008 [grpc-default-executor-1] INFO  impl.RoleInfo (RoleInfo.java:shutdownFollowerState(121)) - ade3db1e-08d9-4ea6-84ca-25063f16f31b: shutdown FollowerState
2019-11-14 22:00:02,008 [grpc-default-executor-0] INFO  impl.RoleInfo (RoleInfo.java:shutdownFollowerState(121)) - dcaf7993-3da1-4fdc-9369-e253b54d258e: shutdown FollowerState
2019-11-14 22:00:02,008 [Thread-205] INFO  impl.FollowerState (FollowerState.java:run(120)) - ade3db1e-08d9-4ea6-84ca-25063f16f31b@group-59CCE7C8674C-FollowerState was interrupted: java.lang.InterruptedException: sleep interrupted
2019-11-14 22:00:02,008 [grpc-default-executor-0] INFO  impl.RoleInfo (RoleInfo.java:updateAndGet(143)) - dcaf7993-3da1-4fdc-9369-e253b54d258e: start FollowerState
2019-11-14 22:00:02,008 [Thread-204] INFO  impl.FollowerState (FollowerState.java:run(120)) - dcaf7993-3da1-4fdc-9369-e253b54d258e@group-59CCE7C8674C-FollowerState was interrupted: java.lang.InterruptedException: sleep interrupted
2019-11-14 22:00:02,008 [grpc-default-executor-1] INFO  impl.RoleInfo (RoleInfo.java:updateAndGet(143)) - ade3db1e-08d9-4ea6-84ca-25063f16f31b: start FollowerState
2019-11-14 22:00:02,033 [ccf94327-bf2f-46ae-9ac4-f8667e34d10b@group-59CCE7C8674C-LeaderElection1] INFO  impl.LeaderElection (LeaderElection.java:logAndReturn(56)) - ccf94327-bf2f-46ae-9ac4-f8667e34d10b@group-59CCE7C8674C-LeaderElection1: Election PASSED; received 1 response(s) [ccf94327-bf2f-46ae-9ac4-f8667e34d10b<-ade3db1e-08d9-4ea6-84ca-25063f16f31b#0:OK-t1] and 0 exception(s); ccf94327-bf2f-46ae-9ac4-f8667e34d10b@group-59CCE7C8674C:t1, leader=null, voted=ccf94327-bf2f-46ae-9ac4-f8667e34d10b, raftlog=ccf94327-bf2f-46ae-9ac4-f8667e34d10b@group-59CCE7C8674C-SegmentedRaftLog:OPENED:c-1,f-1,i0, conf=-1: [ade3db1e-08d9-4ea6-84ca-25063f16f31b:192.168.69.92:43556, dcaf7993-3da1-4fdc-9369-e253b54d258e:192.168.69.92:34620, ccf94327-bf2f-46ae-9ac4-f8667e34d10b:192.168.69.92:45537], old=null
2019-11-14 22:00:02,034 [ccf94327-bf2f-46ae-9ac4-f8667e34d10b@group-59CCE7C8674C-LeaderElection1] INFO  impl.RoleInfo (RoleInfo.java:shutdownLeaderElection(134)) - ccf94327-bf2f-46ae-9ac4-f8667e34d10b: shutdown LeaderElection
2019-11-14 22:00:02,035 [ccf94327-bf2f-46ae-9ac4-f8667e34d10b@group-59CCE7C8674C-LeaderElection1] INFO  impl.RaftServerImpl (RaftServerImpl.java:setRole(173)) - ccf94327-bf2f-46ae-9ac4-f8667e34d10b@group-59CCE7C8674C: changes role from CANDIDATE to LEADER at term 1 for changeToLeader
2019-11-14 22:00:02,035 [ccf94327-bf2f-46ae-9ac4-f8667e34d10b@group-59CCE7C8674C-LeaderElection1] INFO  ratis.XceiverServerRatis (XceiverServerRatis.java:handleLeaderChangedNotification(697)) - Leader change notification received for group: group-59CCE7C8674C with new leaderId: ccf94327-bf2f-46ae-9ac4-f8667e34d10b
2019-11-14 22:00:02,038 [ccf94327-bf2f-46ae-9ac4-f8667e34d10b@group-59CCE7C8674C-LeaderElection1] INFO  impl.RaftServerImpl (ServerState.java:setLeader(255)) - ccf94327-bf2f-46ae-9ac4-f8667e34d10b@group-59CCE7C8674C: change Leader from null to ccf94327-bf2f-46ae-9ac4-f8667e34d10b at term 1 for becomeLeader, leader elected after 5117ms
2019-11-14 22:00:02,043 [ccf94327-bf2f-46ae-9ac4-f8667e34d10b@group-59CCE7C8674C-LeaderElection1] INFO  server.RaftServerConfigKeys (ConfUtils.java:logGet(43)) - raft.server.staging.catchup.gap = 1000 (default)
2019-11-14 22:00:02,043 [ccf94327-bf2f-46ae-9ac4-f8667e34d10b@group-59CCE7C8674C-LeaderElection1] INFO  server.RaftServerConfigKeys (ConfUtils.java:logGet(43)) - raft.server.rpc.sleep.time = 25ms (default)
2019-11-14 22:00:02,046 [ccf94327-bf2f-46ae-9ac4-f8667e34d10b@group-59CCE7C8674C-LeaderElection1] INFO  server.RaftServerConfigKeys (ConfUtils.java:logGet(43)) - raft.server.write.element-limit = 4096 (default)
2019-11-14 22:00:02,049 [ccf94327-bf2f-46ae-9ac4-f8667e34d10b@group-59CCE7C8674C-LeaderElection1] INFO  server.RaftServerConfigKeys (ConfUtils.java:logGet(43)) - raft.server.watch.timeout = 10s (default)
2019-11-14 22:00:02,049 [ccf94327-bf2f-46ae-9ac4-f8667e34d10b@group-59CCE7C8674C-LeaderElection1] INFO  server.RaftServerConfigKeys (ConfUtils.java:logGet(43)) - raft.server.watch.timeout.denomination = 1s (default)
2019-11-14 22:00:02,050 [ccf94327-bf2f-46ae-9ac4-f8667e34d10b@group-59CCE7C8674C-LeaderElection1] INFO  server.RaftServerConfigKeys (ConfUtils.java:logGet(43)) - raft.server.watch.element-limit = 65536 (default)
2019-11-14 22:00:02,056 [EventQueue-PipelineReportForPipelineReportHandler] INFO  pipeline.PipelineStateManager (PipelineStateManager.java:openPipeline(134)) - Pipeline Pipeline[ Id: ce9e7206-7b41-4725-a855-59cce7c8674c, Nodes: ccf94327-bf2f-46ae-9ac4-f8667e34d10b{ip: 192.168.69.92, host: pr-hdds-2487-rmf7g-1521005275, networkLocation: /default-rack, certSerialId: null}ade3db1e-08d9-4ea6-84ca-25063f16f31b{ip: 192.168.69.92, host: pr-hdds-2487-rmf7g-1521005275, networkLocation: /default-rack, certSerialId: null}dcaf7993-3da1-4fdc-9369-e253b54d258e{ip: 192.168.69.92, host: pr-hdds-2487-rmf7g-1521005275, networkLocation: /default-rack, certSerialId: null}, Type:RATIS, Factor:THREE, State:OPEN] moved to OPEN state
2019-11-14 22:00:02,060 [ccf94327-bf2f-46ae-9ac4-f8667e34d10b@group-59CCE7C8674C-LeaderElection1] INFO  server.RaftServerConfigKeys (ConfUtils.java:logGet(43)) - raft.server.log.appender.snapshot.chunk.size.max = 16MB (=16777216) (default)
2019-11-14 22:00:02,060 [ccf94327-bf2f-46ae-9ac4-f8667e34d10b@group-59CCE7C8674C-LeaderElection1] INFO  server.RaftServerConfigKeys (ConfUtils.java:logGet(43)) - raft.server.log.appender.buffer.byte-limit = 33554432 (custom)
2019-11-14 22:00:02,061 [ccf94327-bf2f-46ae-9ac4-f8667e34d10b@group-59CCE7C8674C-LeaderElection1] INFO  server.RaftServerConfigKeys (ConfUtils.java:logGet(43)) - raft.server.log.appender.buffer.element-limit = 1 (custom)
2019-11-14 22:00:02,064 [ccf94327-bf2f-46ae-9ac4-f8667e34d10b@group-59CCE7C8674C-LeaderElection1] INFO  grpc.GrpcConfigKeys$Server (ConfUtils.java:logGet(43)) - raft.grpc.server.leader.outstanding.appends.max = 128 (default)
2019-11-14 22:00:02,064 [ccf94327-bf2f-46ae-9ac4-f8667e34d10b@group-59CCE7C8674C-LeaderElection1] INFO  server.RaftServerConfigKeys (ConfUtils.java:logGet(43)) - raft.server.rpc.request.timeout = 3000ms (default)
2019-11-14 22:00:02,064 [ccf94327-bf2f-46ae-9ac4-f8667e34d10b@group-59CCE7C8674C-LeaderElection1] INFO  server.RaftServerConfigKeys (ConfUtils.java:logGet(43)) - raft.server.log.appender.install.snapshot.enabled = false (custom)
2019-11-14 22:00:02,065 [ccf94327-bf2f-46ae-9ac4-f8667e34d10b@group-59CCE7C8674C-LeaderElection1] WARN  impl.MetricRegistriesImpl (MetricRegistriesImpl.java:lambda$create$1(61)) - First MetricRegistry has been created without registering reporters. You may need to call MetricRegistries.global().addReportRegistration(...) before.
2019-11-14 22:00:02,066 [ccf94327-bf2f-46ae-9ac4-f8667e34d10b@group-59CCE7C8674C-LeaderElection1] INFO  server.RaftServerConfigKeys (ConfUtils.java:logGet(43)) - raft.server.log.appender.snapshot.chunk.size.max = 16MB (=16777216) (default)
2019-11-14 22:00:02,066 [ccf94327-bf2f-46ae-9ac4-f8667e34d10b@group-59CCE7C8674C-LeaderElection1] INFO  server.RaftServerConfigKeys (ConfUtils.java:logGet(43)) - raft.server.log.appender.buffer.byte-limit = 33554432 (custom)
2019-11-14 22:00:02,066 [ccf94327-bf2f-46ae-9ac4-f8667e34d10b@group-59CCE7C8674C-LeaderElection1] INFO  server.RaftServerConfigKeys (ConfUtils.java:logGet(43)) - raft.server.log.appender.buffer.element-limit = 1 (custom)
2019-11-14 22:00:02,066 [ccf94327-bf2f-46ae-9ac4-f8667e34d10b@group-59CCE7C8674C-LeaderElection1] INFO  grpc.GrpcConfigKeys$Server (ConfUtils.java:logGet(43)) - raft.grpc.server.leader.outstanding.appends.max = 128 (default)
2019-11-14 22:00:02,066 [ccf94327-bf2f-46ae-9ac4-f8667e34d10b@group-59CCE7C8674C-LeaderElection1] INFO  server.RaftServerConfigKeys (ConfUtils.java:logGet(43)) - raft.server.rpc.request.timeout = 3000ms (default)
2019-11-14 22:00:02,067 [ccf94327-bf2f-46ae-9ac4-f8667e34d10b@group-59CCE7C8674C-LeaderElection1] INFO  server.RaftServerConfigKeys (ConfUtils.java:logGet(43)) - raft.server.log.appender.install.snapshot.enabled = false (custom)
2019-11-14 22:00:02,070 [ccf94327-bf2f-46ae-9ac4-f8667e34d10b@group-59CCE7C8674C-LeaderElection1] INFO  impl.RoleInfo (RoleInfo.java:updateAndGet(143)) - ccf94327-bf2f-46ae-9ac4-f8667e34d10b: start LeaderState
2019-11-14 22:00:02,085 [ccf94327-bf2f-46ae-9ac4-f8667e34d10b@group-59CCE7C8674C-LeaderElection1] INFO  segmented.SegmentedRaftLogWorker (SegmentedRaftLogWorker.java:startLogSegment(385)) - ccf94327-bf2f-46ae-9ac4-f8667e34d10b@group-59CCE7C8674C-SegmentedRaftLogWorker: Starting segment from index:0
2019-11-14 22:00:02,093 [ccf94327-bf2f-46ae-9ac4-f8667e34d10b@group-59CCE7C8674C-LeaderElection1] INFO  impl.RaftServerImpl (ServerState.java:setRaftConf(356)) - ccf94327-bf2f-46ae-9ac4-f8667e34d10b@group-59CCE7C8674C: set configuration 0: [ade3db1e-08d9-4ea6-84ca-25063f16f31b:192.168.69.92:43556, dcaf7993-3da1-4fdc-9369-e253b54d258e:192.168.69.92:34620, ccf94327-bf2f-46ae-9ac4-f8667e34d10b:192.168.69.92:45537], old=null at 0
2019-11-14 22:00:02,109 [grpc-default-executor-0] INFO  ratis.XceiverServerRatis (XceiverServerRatis.java:handleLeaderChangedNotification(697)) - Leader change notification received for group: group-59CCE7C8674C with new leaderId: ccf94327-bf2f-46ae-9ac4-f8667e34d10b
2019-11-14 22:00:02,109 [grpc-default-executor-1] INFO  ratis.XceiverServerRatis (XceiverServerRatis.java:handleLeaderChangedNotification(697)) - Leader change notification received for group: group-59CCE7C8674C with new leaderId: ccf94327-bf2f-46ae-9ac4-f8667e34d10b
2019-11-14 22:00:02,110 [grpc-default-executor-0] INFO  impl.RaftServerImpl (ServerState.java:setLeader(255)) - dcaf7993-3da1-4fdc-9369-e253b54d258e@group-59CCE7C8674C: change Leader from null to ccf94327-bf2f-46ae-9ac4-f8667e34d10b at term 1 for appendEntries, leader elected after 5191ms
2019-11-14 22:00:02,110 [grpc-default-executor-1] INFO  impl.RaftServerImpl (ServerState.java:setLeader(255)) - ade3db1e-08d9-4ea6-84ca-25063f16f31b@group-59CCE7C8674C: change Leader from null to ccf94327-bf2f-46ae-9ac4-f8667e34d10b at term 1 for appendEntries, leader elected after 5191ms
2019-11-14 22:00:02,130 [grpc-default-executor-0] INFO  impl.RaftServerImpl (ServerState.java:setRaftConf(356)) - dcaf7993-3da1-4fdc-9369-e253b54d258e@group-59CCE7C8674C: set configuration 0: [ade3db1e-08d9-4ea6-84ca-25063f16f31b:192.168.69.92:43556, dcaf7993-3da1-4fdc-9369-e253b54d258e:192.168.69.92:34620, ccf94327-bf2f-46ae-9ac4-f8667e34d10b:192.168.69.92:45537], old=null at 0
2019-11-14 22:00:02,130 [grpc-default-executor-1] INFO  impl.RaftServerImpl (ServerState.java:setRaftConf(356)) - ade3db1e-08d9-4ea6-84ca-25063f16f31b@group-59CCE7C8674C: set configuration 0: [ade3db1e-08d9-4ea6-84ca-25063f16f31b:192.168.69.92:43556, dcaf7993-3da1-4fdc-9369-e253b54d258e:192.168.69.92:34620, ccf94327-bf2f-46ae-9ac4-f8667e34d10b:192.168.69.92:45537], old=null at 0
2019-11-14 22:00:02,131 [grpc-default-executor-0] INFO  segmented.SegmentedRaftLogWorker (SegmentedRaftLogWorker.java:startLogSegment(385)) - dcaf7993-3da1-4fdc-9369-e253b54d258e@group-59CCE7C8674C-SegmentedRaftLogWorker: Starting segment from index:0
2019-11-14 22:00:02,131 [grpc-default-executor-1] INFO  segmented.SegmentedRaftLogWorker (SegmentedRaftLogWorker.java:startLogSegment(385)) - ade3db1e-08d9-4ea6-84ca-25063f16f31b@group-59CCE7C8674C-SegmentedRaftLogWorker: Starting segment from index:0
2019-11-14 22:00:02,229 [Thread-212] INFO  impl.FollowerState (FollowerState.java:run(111)) - dcaf7993-3da1-4fdc-9369-e253b54d258e@group-B0F7E723C013-FollowerState: change to CANDIDATE, lastRpcTime:5171ms, electionTimeout:5171ms
2019-11-14 22:00:02,230 [Thread-212] INFO  impl.RoleInfo (RoleInfo.java:shutdownFollowerState(121)) - dcaf7993-3da1-4fdc-9369-e253b54d258e: shutdown FollowerState
2019-11-14 22:00:02,230 [Thread-212] INFO  impl.RaftServerImpl (RaftServerImpl.java:setRole(173)) - dcaf7993-3da1-4fdc-9369-e253b54d258e@group-B0F7E723C013: changes role from  FOLLOWER to CANDIDATE at term 0 for changeToCandidate
2019-11-14 22:00:02,230 [Thread-212] INFO  impl.RoleInfo (RoleInfo.java:updateAndGet(143)) - dcaf7993-3da1-4fdc-9369-e253b54d258e: start LeaderElection
2019-11-14 22:00:02,282 [ade3db1e-08d9-4ea6-84ca-25063f16f31b@group-59CCE7C8674C-SegmentedRaftLogWorker] INFO  segmented.SegmentedRaftLogWorker (SegmentedRaftLogWorker.java:execute(576)) - ade3db1e-08d9-4ea6-84ca-25063f16f31b@group-59CCE7C8674C-SegmentedRaftLogWorker: created new log segment /workdir/hadoop-ozone/tools/target/test-dir/MiniOzoneClusterImpl-a2daa8b5-5e46-43ba-9bcc-283e13a4cd9f/datanode-2/data/ratis/ce9e7206-7b41-4725-a855-59cce7c8674c/current/log_inprogress_0
2019-11-14 22:00:02,282 [dcaf7993-3da1-4fdc-9369-e253b54d258e@group-B0F7E723C013-LeaderElection2] INFO  impl.LeaderElection (LeaderElection.java:askForVotes(178)) - dcaf7993-3da1-4fdc-9369-e253b54d258e@group-B0F7E723C013-LeaderElection2: begin an election at term 1 for -1: [dcaf7993-3da1-4fdc-9369-e253b54d258e:192.168.69.92:34620], old=null
2019-11-14 22:00:02,282 [dcaf7993-3da1-4fdc-9369-e253b54d258e@group-59CCE7C8674C-SegmentedRaftLogWorker] INFO  segmented.SegmentedRaftLogWorker (SegmentedRaftLogWorker.java:execute(576)) - dcaf7993-3da1-4fdc-9369-e253b54d258e@group-59CCE7C8674C-SegmentedRaftLogWorker: created new log segment /workdir/hadoop-ozone/tools/target/test-dir/MiniOzoneClusterImpl-a2daa8b5-5e46-43ba-9bcc-283e13a4cd9f/datanode-0/data/ratis/ce9e7206-7b41-4725-a855-59cce7c8674c/current/log_inprogress_0
2019-11-14 22:00:02,284 [dcaf7993-3da1-4fdc-9369-e253b54d258e@group-B0F7E723C013-LeaderElection2] INFO  impl.RoleInfo (RoleInfo.java:shutdownLeaderElection(134)) - dcaf7993-3da1-4fdc-9369-e253b54d258e: shutdown LeaderElection
2019-11-14 22:00:02,282 [ccf94327-bf2f-46ae-9ac4-f8667e34d10b@group-59CCE7C8674C-SegmentedRaftLogWorker] INFO  segmented.SegmentedRaftLogWorker (SegmentedRaftLogWorker.java:execute(576)) - ccf94327-bf2f-46ae-9ac4-f8667e34d10b@group-59CCE7C8674C-SegmentedRaftLogWorker: created new log segment /workdir/hadoop-ozone/tools/target/test-dir/MiniOzoneClusterImpl-a2daa8b5-5e46-43ba-9bcc-283e13a4cd9f/datanode-1/data/ratis/ce9e7206-7b41-4725-a855-59cce7c8674c/current/log_inprogress_0
2019-11-14 22:00:02,284 [dcaf7993-3da1-4fdc-9369-e253b54d258e@group-B0F7E723C013-LeaderElection2] INFO  impl.RaftServerImpl (RaftServerImpl.java:setRole(173)) - dcaf7993-3da1-4fdc-9369-e253b54d258e@group-B0F7E723C013: changes role from CANDIDATE to LEADER at term 1 for changeToLeader
2019-11-14 22:00:02,284 [dcaf7993-3da1-4fdc-9369-e253b54d258e@group-B0F7E723C013-LeaderElection2] INFO  ratis.XceiverServerRatis (XceiverServerRatis.java:handleLeaderChangedNotification(697)) - Leader change notification received for group: group-B0F7E723C013 with new leaderId: dcaf7993-3da1-4fdc-9369-e253b54d258e
2019-11-14 22:00:02,285 [dcaf7993-3da1-4fdc-9369-e253b54d258e@group-B0F7E723C013-LeaderElection2] INFO  impl.RaftServerImpl (ServerState.java:setLeader(255)) - dcaf7993-3da1-4fdc-9369-e253b54d258e@group-B0F7E723C013: change Leader from null to dcaf7993-3da1-4fdc-9369-e253b54d258e at term 1 for becomeLeader, leader elected after 5232ms
2019-11-14 22:00:02,285 [dcaf7993-3da1-4fdc-9369-e253b54d258e@group-B0F7E723C013-LeaderElection2] INFO  server.RaftServerConfigKeys (ConfUtils.java:logGet(43)) - raft.server.staging.catchup.gap = 1000 (default)
2019-11-14 22:00:02,285 [dcaf7993-3da1-4fdc-9369-e253b54d258e@group-B0F7E723C013-LeaderElection2] INFO  server.RaftServerConfigKeys (ConfUtils.java:logGet(43)) - raft.server.rpc.sleep.time = 25ms (default)
2019-11-14 22:00:02,286 [dcaf7993-3da1-4fdc-9369-e253b54d258e@group-B0F7E723C013-LeaderElection2] INFO  server.RaftServerConfigKeys (ConfUtils.java:logGet(43)) - raft.server.write.element-limit = 4096 (default)
2019-11-14 22:00:02,286 [dcaf7993-3da1-4fdc-9369-e253b54d258e@group-B0F7E723C013-LeaderElection2] INFO  server.RaftServerConfigKeys (ConfUtils.java:logGet(43)) - raft.server.watch.timeout = 10s (default)
2019-11-14 22:00:02,286 [dcaf7993-3da1-4fdc-9369-e253b54d258e@group-B0F7E723C013-LeaderElection2] INFO  server.RaftServerConfigKeys (ConfUtils.java:logGet(43)) - raft.server.watch.timeout.denomination = 1s (default)
2019-11-14 22:00:02,287 [dcaf7993-3da1-4fdc-9369-e253b54d258e@group-B0F7E723C013-LeaderElection2] INFO  server.RaftServerConfigKeys (ConfUtils.java:logGet(43)) - raft.server.watch.element-limit = 65536 (default)
2019-11-14 22:00:02,287 [dcaf7993-3da1-4fdc-9369-e253b54d258e@group-B0F7E723C013-LeaderElection2] INFO  impl.RoleInfo (RoleInfo.java:updateAndGet(143)) - dcaf7993-3da1-4fdc-9369-e253b54d258e: start LeaderState
2019-11-14 22:00:02,287 [dcaf7993-3da1-4fdc-9369-e253b54d258e@group-B0F7E723C013-LeaderElection2] INFO  segmented.SegmentedRaftLogWorker (SegmentedRaftLogWorker.java:startLogSegment(385)) - dcaf7993-3da1-4fdc-9369-e253b54d258e@group-B0F7E723C013-SegmentedRaftLogWorker: Starting segment from index:0
2019-11-14 22:00:02,288 [dcaf7993-3da1-4fdc-9369-e253b54d258e@group-B0F7E723C013-LeaderElection2] INFO  impl.RaftServerImpl (ServerState.java:setRaftConf(356)) - dcaf7993-3da1-4fdc-9369-e253b54d258e@group-B0F7E723C013: set configuration 0: [dcaf7993-3da1-4fdc-9369-e253b54d258e:192.168.69.92:34620], old=null at 0
2019-11-14 22:00:02,288 [EventQueue-PipelineReportForPipelineReportHandler] INFO  pipeline.PipelineStateManager (PipelineStateManager.java:openPipeline(134)) - Pipeline Pipeline[ Id: b7b6206f-2aff-44d1-afa8-b0f7e723c013, Nodes: dcaf7993-3da1-4fdc-9369-e253b54d258e{ip: 192.168.69.92, host: pr-hdds-2487-rmf7g-1521005275, networkLocation: /default-rack, certSerialId: null}, Type:RATIS, Factor:ONE, State:OPEN] moved to OPEN state
2019-11-14 22:00:02,318 [Thread-216] INFO  impl.FollowerState (FollowerState.java:run(111)) - ccf94327-bf2f-46ae-9ac4-f8667e34d10b@group-37C5A86B1D69-FollowerState: change to CANDIDATE, lastRpcTime:5135ms, electionTimeout:5112ms
2019-11-14 22:00:02,318 [Thread-216] INFO  impl.RoleInfo (RoleInfo.java:shutdownFollowerState(121)) - ccf94327-bf2f-46ae-9ac4-f8667e34d10b: shutdown FollowerState
2019-11-14 22:00:02,319 [Thread-216] INFO  impl.RaftServerImpl (RaftServerImpl.java:setRole(173)) - ccf94327-bf2f-46ae-9ac4-f8667e34d10b@group-37C5A86B1D69: changes role from  FOLLOWER to CANDIDATE at term 0 for changeToCandidate
2019-11-14 22:00:02,319 [Thread-216] INFO  impl.RoleInfo (RoleInfo.java:updateAndGet(143)) - ccf94327-bf2f-46ae-9ac4-f8667e34d10b: start LeaderElection
2019-11-14 22:00:02,335 [dcaf7993-3da1-4fdc-9369-e253b54d258e@group-B0F7E723C013-SegmentedRaftLogWorker] INFO  segmented.SegmentedRaftLogWorker (SegmentedRaftLogWorker.java:execute(576)) - dcaf7993-3da1-4fdc-9369-e253b54d258e@group-B0F7E723C013-SegmentedRaftLogWorker: created new log segment /workdir/hadoop-ozone/tools/target/test-dir/MiniOzoneClusterImpl-a2daa8b5-5e46-43ba-9bcc-283e13a4cd9f/datanode-0/data/ratis/b7b6206f-2aff-44d1-afa8-b0f7e723c013/current/log_inprogress_0
2019-11-14 22:00:02,360 [ccf94327-bf2f-46ae-9ac4-f8667e34d10b@group-37C5A86B1D69-LeaderElection3] INFO  impl.LeaderElection (LeaderElection.java:askForVotes(178)) - ccf94327-bf2f-46ae-9ac4-f8667e34d10b@group-37C5A86B1D69-LeaderElection3: begin an election at term 1 for -1: [ccf94327-bf2f-46ae-9ac4-f8667e34d10b:192.168.69.92:45537], old=null
2019-11-14 22:00:02,360 [ccf94327-bf2f-46ae-9ac4-f8667e34d10b@group-37C5A86B1D69-LeaderElection3] INFO  impl.RoleInfo (RoleInfo.java:shutdownLeaderElection(134)) - ccf94327-bf2f-46ae-9ac4-f8667e34d10b: shutdown LeaderElection
2019-11-14 22:00:02,360 [ccf94327-bf2f-46ae-9ac4-f8667e34d10b@group-37C5A86B1D69-LeaderElection3] INFO  impl.RaftServerImpl (RaftServerImpl.java:setRole(173)) - ccf94327-bf2f-46ae-9ac4-f8667e34d10b@group-37C5A86B1D69: changes role from CANDIDATE to LEADER at term 1 for changeToLeader
2019-11-14 22:00:02,360 [ccf94327-bf2f-46ae-9ac4-f8667e34d10b@group-37C5A86B1D69-LeaderElection3] INFO  ratis.XceiverServerRatis (XceiverServerRatis.java:handleLeaderChangedNotification(697)) - Leader change notification received for group: group-37C5A86B1D69 with new leaderId: ccf94327-bf2f-46ae-9ac4-f8667e34d10b
2019-11-14 22:00:02,360 [ccf94327-bf2f-46ae-9ac4-f8667e34d10b@group-37C5A86B1D69-LeaderElection3] INFO  impl.RaftServerImpl (ServerState.java:setLeader(255)) - ccf94327-bf2f-46ae-9ac4-f8667e34d10b@group-37C5A86B1D69: change Leader from null to ccf94327-bf2f-46ae-9ac4-f8667e34d10b at term 1 for becomeLeader, leader elected after 5182ms
2019-11-14 22:00:02,361 [ccf94327-bf2f-46ae-9ac4-f8667e34d10b@group-37C5A86B1D69-LeaderElection3] INFO  server.RaftServerConfigKeys (ConfUtils.java:logGet(43)) - raft.server.staging.catchup.gap = 1000 (default)
2019-11-14 22:00:02,361 [ccf94327-bf2f-46ae-9ac4-f8667e34d10b@group-37C5A86B1D69-LeaderElection3] INFO  server.RaftServerConfigKeys (ConfUtils.java:logGet(43)) - raft.server.rpc.sleep.time = 25ms (default)
2019-11-14 22:00:02,361 [ccf94327-bf2f-46ae-9ac4-f8667e34d10b@group-37C5A86B1D69-LeaderElection3] INFO  server.RaftServerConfigKeys (ConfUtils.java:logGet(43)) - raft.server.write.element-limit = 4096 (default)
2019-11-14 22:00:02,362 [ccf94327-bf2f-46ae-9ac4-f8667e34d10b@group-37C5A86B1D69-LeaderElection3] INFO  server.RaftServerConfigKeys (ConfUtils.java:logGet(43)) - raft.server.watch.timeout = 10s (default)
2019-11-14 22:00:02,362 [ccf94327-bf2f-46ae-9ac4-f8667e34d10b@group-37C5A86B1D69-LeaderElection3] INFO  server.RaftServerConfigKeys (ConfUtils.java:logGet(43)) - raft.server.watch.timeout.denomination = 1s (default)
2019-11-14 22:00:02,362 [ccf94327-bf2f-46ae-9ac4-f8667e34d10b@group-37C5A86B1D69-LeaderElection3] INFO  server.RaftServerConfigKeys (ConfUtils.java:logGet(43)) - raft.server.watch.element-limit = 65536 (default)
2019-11-14 22:00:02,363 [ccf94327-bf2f-46ae-9ac4-f8667e34d10b@group-37C5A86B1D69-LeaderElection3] INFO  impl.RoleInfo (RoleInfo.java:updateAndGet(143)) - ccf94327-bf2f-46ae-9ac4-f8667e34d10b: start LeaderState
2019-11-14 22:00:02,363 [ccf94327-bf2f-46ae-9ac4-f8667e34d10b@group-37C5A86B1D69-LeaderElection3] INFO  segmented.SegmentedRaftLogWorker (SegmentedRaftLogWorker.java:startLogSegment(385)) - ccf94327-bf2f-46ae-9ac4-f8667e34d10b@group-37C5A86B1D69-SegmentedRaftLogWorker: Starting segment from index:0
2019-11-14 22:00:02,363 [EventQueue-PipelineReportForPipelineReportHandler] INFO  pipeline.PipelineStateManager (PipelineStateManager.java:openPipeline(134)) - Pipeline Pipeline[ Id: aa321949-95f1-445a-b49f-37c5a86b1d69, Nodes: ccf94327-bf2f-46ae-9ac4-f8667e34d10b{ip: 192.168.69.92, host: pr-hdds-2487-rmf7g-1521005275, networkLocation: /default-rack, certSerialId: null}, Type:RATIS, Factor:ONE, State:OPEN] moved to OPEN state
2019-11-14 22:00:02,364 [ccf94327-bf2f-46ae-9ac4-f8667e34d10b@group-37C5A86B1D69-LeaderElection3] INFO  impl.RaftServerImpl (ServerState.java:setRaftConf(356)) - ccf94327-bf2f-46ae-9ac4-f8667e34d10b@group-37C5A86B1D69: set configuration 0: [ccf94327-bf2f-46ae-9ac4-f8667e34d10b:192.168.69.92:45537], old=null at 0
2019-11-14 22:00:02,418 [Thread-220] INFO  impl.FollowerState (FollowerState.java:run(111)) - ade3db1e-08d9-4ea6-84ca-25063f16f31b@group-C06A2DAE20E8-FollowerState: change to CANDIDATE, lastRpcTime:5115ms, electionTimeout:5115ms
2019-11-14 22:00:02,418 [Thread-220] INFO  impl.RoleInfo (RoleInfo.java:shutdownFollowerState(121)) - ade3db1e-08d9-4ea6-84ca-25063f16f31b: shutdown FollowerState
2019-11-14 22:00:02,418 [Thread-220] INFO  impl.RaftServerImpl (RaftServerImpl.java:setRole(173)) - ade3db1e-08d9-4ea6-84ca-25063f16f31b@group-C06A2DAE20E8: changes role from  FOLLOWER to CANDIDATE at term 0 for changeToCandidate
2019-11-14 22:00:02,418 [Thread-220] INFO  impl.RoleInfo (RoleInfo.java:updateAndGet(143)) - ade3db1e-08d9-4ea6-84ca-25063f16f31b: start LeaderElection
2019-11-14 22:00:02,436 [ccf94327-bf2f-46ae-9ac4-f8667e34d10b@group-37C5A86B1D69-SegmentedRaftLogWorker] INFO  segmented.SegmentedRaftLogWorker (SegmentedRaftLogWorker.java:execute(576)) - ccf94327-bf2f-46ae-9ac4-f8667e34d10b@group-37C5A86B1D69-SegmentedRaftLogWorker: created new log segment /workdir/hadoop-ozone/tools/target/test-dir/MiniOzoneClusterImpl-a2daa8b5-5e46-43ba-9bcc-283e13a4cd9f/datanode-1/data/ratis/aa321949-95f1-445a-b49f-37c5a86b1d69/current/log_inprogress_0
2019-11-14 22:00:02,453 [ade3db1e-08d9-4ea6-84ca-25063f16f31b@group-C06A2DAE20E8-LeaderElection4] INFO  impl.LeaderElection (LeaderElection.java:askForVotes(178)) - ade3db1e-08d9-4ea6-84ca-25063f16f31b@group-C06A2DAE20E8-LeaderElection4: begin an election at term 1 for -1: [ade3db1e-08d9-4ea6-84ca-25063f16f31b:192.168.69.92:43556], old=null
2019-11-14 22:00:02,454 [ade3db1e-08d9-4ea6-84ca-25063f16f31b@group-C06A2DAE20E8-LeaderElection4] INFO  impl.RoleInfo (RoleInfo.java:shutdownLeaderElection(134)) - ade3db1e-08d9-4ea6-84ca-25063f16f31b: shutdown LeaderElection
2019-11-14 22:00:02,454 [ade3db1e-08d9-4ea6-84ca-25063f16f31b@group-C06A2DAE20E8-LeaderElection4] INFO  impl.RaftServerImpl (RaftServerImpl.java:setRole(173)) - ade3db1e-08d9-4ea6-84ca-25063f16f31b@group-C06A2DAE20E8: changes role from CANDIDATE to LEADER at term 1 for changeToLeader
2019-11-14 22:00:02,454 [ade3db1e-08d9-4ea6-84ca-25063f16f31b@group-C06A2DAE20E8-LeaderElection4] INFO  ratis.XceiverServerRatis (XceiverServerRatis.java:handleLeaderChangedNotification(697)) - Leader change notification received for group: group-C06A2DAE20E8 with new leaderId: ade3db1e-08d9-4ea6-84ca-25063f16f31b
2019-11-14 22:00:02,455 [ade3db1e-08d9-4ea6-84ca-25063f16f31b@group-C06A2DAE20E8-LeaderElection4] INFO  impl.RaftServerImpl (ServerState.java:setLeader(255)) - ade3db1e-08d9-4ea6-84ca-25063f16f31b@group-C06A2DAE20E8: change Leader from null to ade3db1e-08d9-4ea6-84ca-25063f16f31b at term 1 for becomeLeader, leader elected after 5155ms
2019-11-14 22:00:02,455 [ade3db1e-08d9-4ea6-84ca-25063f16f31b@group-C06A2DAE20E8-LeaderElection4] INFO  server.RaftServerConfigKeys (ConfUtils.java:logGet(43)) - raft.server.staging.catchup.gap = 1000 (default)
2019-11-14 22:00:02,455 [ade3db1e-08d9-4ea6-84ca-25063f16f31b@group-C06A2DAE20E8-LeaderElection4] INFO  server.RaftServerConfigKeys (ConfUtils.java:logGet(43)) - raft.server.rpc.sleep.time = 25ms (default)
2019-11-14 22:00:02,456 [ade3db1e-08d9-4ea6-84ca-25063f16f31b@group-C06A2DAE20E8-LeaderElection4] INFO  server.RaftServerConfigKeys (ConfUtils.java:logGet(43)) - raft.server.write.element-limit = 4096 (default)
2019-11-14 22:00:02,456 [ade3db1e-08d9-4ea6-84ca-25063f16f31b@group-C06A2DAE20E8-LeaderElection4] INFO  server.RaftServerConfigKeys (ConfUtils.java:logGet(43)) - raft.server.watch.timeout = 10s (default)
2019-11-14 22:00:02,456 [ade3db1e-08d9-4ea6-84ca-25063f16f31b@group-C06A2DAE20E8-LeaderElection4] INFO  server.RaftServerConfigKeys (ConfUtils.java:logGet(43)) - raft.server.watch.timeout.denomination = 1s (default)
2019-11-14 22:00:02,456 [ade3db1e-08d9-4ea6-84ca-25063f16f31b@group-C06A2DAE20E8-LeaderElection4] INFO  server.RaftServerConfigKeys (ConfUtils.java:logGet(43)) - raft.server.watch.element-limit = 65536 (default)
2019-11-14 22:00:02,457 [ade3db1e-08d9-4ea6-84ca-25063f16f31b@group-C06A2DAE20E8-LeaderElection4] INFO  impl.RoleInfo (RoleInfo.java:updateAndGet(143)) - ade3db1e-08d9-4ea6-84ca-25063f16f31b: start LeaderState
2019-11-14 22:00:02,457 [ade3db1e-08d9-4ea6-84ca-25063f16f31b@group-C06A2DAE20E8-LeaderElection4] INFO  segmented.SegmentedRaftLogWorker (SegmentedRaftLogWorker.java:startLogSegment(385)) - ade3db1e-08d9-4ea6-84ca-25063f16f31b@group-C06A2DAE20E8-SegmentedRaftLogWorker: Starting segment from index:0
2019-11-14 22:00:02,458 [ade3db1e-08d9-4ea6-84ca-25063f16f31b@group-C06A2DAE20E8-LeaderElection4] INFO  impl.RaftServerImpl (ServerState.java:setRaftConf(356)) - ade3db1e-08d9-4ea6-84ca-25063f16f31b@group-C06A2DAE20E8: set configuration 0: [ade3db1e-08d9-4ea6-84ca-25063f16f31b:192.168.69.92:43556], old=null at 0
2019-11-14 22:00:02,458 [EventQueue-PipelineReportForPipelineReportHandler] INFO  pipeline.PipelineStateManager (PipelineStateManager.java:openPipeline(134)) - Pipeline Pipeline[ Id: c3fcb8c7-9ec3-4f36-8190-c06a2dae20e8, Nodes: ade3db1e-08d9-4ea6-84ca-25063f16f31b{ip: 192.168.69.92, host: pr-hdds-2487-rmf7g-1521005275, networkLocation: /default-rack, certSerialId: null}, Type:RATIS, Factor:ONE, State:OPEN] moved to OPEN state
2019-11-14 22:00:02,514 [ade3db1e-08d9-4ea6-84ca-25063f16f31b@group-C06A2DAE20E8-SegmentedRaftLogWorker] INFO  segmented.SegmentedRaftLogWorker (SegmentedRaftLogWorker.java:execute(576)) - ade3db1e-08d9-4ea6-84ca-25063f16f31b@group-C06A2DAE20E8-SegmentedRaftLogWorker: created new log segment /workdir/hadoop-ozone/tools/target/test-dir/MiniOzoneClusterImpl-a2daa8b5-5e46-43ba-9bcc-283e13a4cd9f/datanode-2/data/ratis/c3fcb8c7-9ec3-4f36-8190-c06a2dae20e8/current/log_inprogress_0
2019-11-14 22:00:02,747 [main] INFO  ozone.MiniOzoneClusterImpl (MiniOzoneClusterImpl.java:lambda$waitForClusterToBeReady$2(171)) - Cluster is ready. Got 3 of 3 DN Heartbeats.
2019-11-14 22:00:03,537 [main] INFO  freon.RandomKeyGenerator (RandomKeyGenerator.java:call(283)) - Number of Threads: 10
2019-11-14 22:00:03,538 [main] INFO  freon.RandomKeyGenerator (RandomKeyGenerator.java:call(288)) - Number of Volumes: 1.
2019-11-14 22:00:03,539 [main] INFO  freon.RandomKeyGenerator (RandomKeyGenerator.java:call(289)) - Number of Buckets per Volume: 1.
2019-11-14 22:00:03,539 [main] INFO  freon.RandomKeyGenerator (RandomKeyGenerator.java:call(290)) - Number of Keys per Bucket: 1.
2019-11-14 22:00:03,539 [main] INFO  freon.RandomKeyGenerator (RandomKeyGenerator.java:call(291)) - Key size: 20971520 bytes
2019-11-14 22:00:03,539 [main] INFO  freon.RandomKeyGenerator (RandomKeyGenerator.java:call(292)) - Buffer size: 4096 bytes
2019-11-14 22:00:03,539 [main] INFO  freon.RandomKeyGenerator (RandomKeyGenerator.java:call(293)) - validateWrites : true
2019-11-14 22:00:03,543 [main] INFO  freon.RandomKeyGenerator (RandomKeyGenerator.java:call(307)) - Data validation is enabled.
2019-11-14 22:00:03,544 [main] INFO  freon.RandomKeyGenerator (RandomKeyGenerator.java:call(313)) - Starting progress bar Thread.

 0.00% |?                                                                                                    |  0/1 Time: 0:00:002019-11-14 22:00:03,562 [pool-53-thread-1] INFO  rpc.RpcClient (RpcClient.java:createVolume(292)) - Creating Volume: vol-0-35928, with jenkins1000 as owner.
2019-11-14 22:00:03,604 [IPC Server handler 0 on 40141] INFO  volume.OMVolumeCreateRequest (OMVolumeCreateRequest.java:validateAndUpdateCache(193)) - created volume:vol-0-35928 for user:jenkins1000
2019-11-14 22:00:03,654 [pool-53-thread-2] INFO  rpc.RpcClient (RpcClient.java:createBucket(431)) - Creating Bucket: vol-0-35928/bucket-0-56165, with Versioning false and Storage Type set to DISK and Encryption set to false 
2019-11-14 22:00:03,895 [pool-53-thread-4] INFO  impl.MetricsSystemImpl (MetricsSystemImpl.java:init(158)) - XceiverClientMetrics metrics system started (again)
 0.00% |?                                                                                                    |  0/1 Time: 0:00:01 0.00% |?                                                                                                    |  0/1 Time: 0:00:02 0.00% |?                                                                                                    |  0/1 Time: 0:00:03 100.00% |?????????????????????????????????????????????????????????????????????????????????????????????????????|  1/1 Time: 0:00:04
2019-11-14 22:00:12,063 [main] INFO  pipeline.SCMPipelineManager (SCMPipelineManager.java:finalizeAndDestroyPipeline(315)) - destroying pipeline:Pipeline[ Id: ce9e7206-7b41-4725-a855-59cce7c8674c, Nodes: ccf94327-bf2f-46ae-9ac4-f8667e34d10b{ip: 192.168.69.92, host: pr-hdds-2487-rmf7g-1521005275, networkLocation: /default-rack, certSerialId: null}ade3db1e-08d9-4ea6-84ca-25063f16f31b{ip: 192.168.69.92, host: pr-hdds-2487-rmf7g-1521005275, networkLocation: /default-rack, certSerialId: null}dcaf7993-3da1-4fdc-9369-e253b54d258e{ip: 192.168.69.92, host: pr-hdds-2487-rmf7g-1521005275, networkLocation: /default-rack, certSerialId: null}, Type:RATIS, Factor:THREE, State:OPEN]
2019-11-14 22:00:12,064 [main] INFO  pipeline.PipelineStateManager (PipelineStateManager.java:finalizePipeline(121)) - Pipeline Pipeline[ Id: ce9e7206-7b41-4725-a855-59cce7c8674c, Nodes: ccf94327-bf2f-46ae-9ac4-f8667e34d10b{ip: 192.168.69.92, host: pr-hdds-2487-rmf7g-1521005275, networkLocation: /default-rack, certSerialId: null}ade3db1e-08d9-4ea6-84ca-25063f16f31b{ip: 192.168.69.92, host: pr-hdds-2487-rmf7g-1521005275, networkLocation: /default-rack, certSerialId: null}dcaf7993-3da1-4fdc-9369-e253b54d258e{ip: 192.168.69.92, host: pr-hdds-2487-rmf7g-1521005275, networkLocation: /default-rack, certSerialId: null}, Type:RATIS, Factor:THREE, State:CLOSED] moved to CLOSED state
2019-11-14 22:00:12,064 [EventQueue-CloseContainerForCloseContainerEventHandler] INFO  container.CloseContainerEventHandler (CloseContainerEventHandler.java:onMessage(61)) - Close container Event triggered for container : #1
2019-11-14 22:00:12,070 [EventQueue-CloseContainerForCloseContainerEventHandler] INFO  container.CloseContainerEventHandler (CloseContainerEventHandler.java:onMessage(61)) - Close container Event triggered for container : #2
2019-11-14 22:00:12,071 [EventQueue-CloseContainerForCloseContainerEventHandler] INFO  container.CloseContainerEventHandler (CloseContainerEventHandler.java:onMessage(61)) - Close container Event triggered for container : #3
2019-11-14 22:00:12,072 [grpc-default-executor-0] INFO  impl.RaftServerProxy (RaftServerProxy.java:remove(95)) - ccf94327-bf2f-46ae-9ac4-f8667e34d10b: remove    LEADER ccf94327-bf2f-46ae-9ac4-f8667e34d10b@group-59CCE7C8674C:t1, leader=ccf94327-bf2f-46ae-9ac4-f8667e34d10b, voted=ccf94327-bf2f-46ae-9ac4-f8667e34d10b, raftlog=ccf94327-bf2f-46ae-9ac4-f8667e34d10b@group-59CCE7C8674C-SegmentedRaftLog:OPENED:c73,f73,i73, conf=0: [ade3db1e-08d9-4ea6-84ca-25063f16f31b:192.168.69.92:43556, dcaf7993-3da1-4fdc-9369-e253b54d258e:192.168.69.92:34620, ccf94327-bf2f-46ae-9ac4-f8667e34d10b:192.168.69.92:45537], old=null RUNNING
2019-11-14 22:00:12,073 [grpc-default-executor-0] INFO  impl.RaftServerImpl (RaftServerImpl.java:lambda$shutdown$3(250)) - ccf94327-bf2f-46ae-9ac4-f8667e34d10b@group-59CCE7C8674C: shutdown
2019-11-14 22:00:12,073 [grpc-default-executor-0] INFO  util.JmxRegister (JmxRegister.java:unregister(73)) - Successfully un-registered JMX Bean with object name Ratis:service=RaftServer,group=group-59CCE7C8674C,id=ccf94327-bf2f-46ae-9ac4-f8667e34d10b
2019-11-14 22:00:12,074 [grpc-default-executor-0] INFO  impl.RoleInfo (RoleInfo.java:shutdownLeaderState(104)) - ccf94327-bf2f-46ae-9ac4-f8667e34d10b: shutdown LeaderState
2019-11-14 22:00:12,075 [org.apache.ratis.server.impl.LogAppender$AppenderDaemon$$Lambda$373/373709653@6b844fc2] WARN  server.GrpcLogAppender (GrpcLogAppender.java:mayWait(151)) - ccf94327-bf2f-46ae-9ac4-f8667e34d10b@group-59CCE7C8674C->dcaf7993-3da1-4fdc-9369-e253b54d258e-GrpcLogAppender: Wait interrupted by java.lang.InterruptedException
2019-11-14 22:00:12,075 [org.apache.ratis.server.impl.LogAppender$AppenderDaemon$$Lambda$373/373709653@37a14db6] WARN  server.GrpcLogAppender (GrpcLogAppender.java:mayWait(151)) - ccf94327-bf2f-46ae-9ac4-f8667e34d10b@group-59CCE7C8674C->ade3db1e-08d9-4ea6-84ca-25063f16f31b-GrpcLogAppender: Wait interrupted by java.lang.InterruptedException
2019-11-14 22:00:12,076 [grpc-default-executor-0] INFO  impl.PendingRequests (PendingRequests.java:sendNotLeaderResponses(206)) - ccf94327-bf2f-46ae-9ac4-f8667e34d10b@group-59CCE7C8674C-PendingRequests: sendNotLeaderResponses
2019-11-14 22:00:12,078 [grpc-default-executor-1] INFO  server.GrpcServerProtocolService (GrpcServerProtocolService.java:onCompleted(113)) - ade3db1e-08d9-4ea6-84ca-25063f16f31b: Completed APPEND_ENTRIES, lastRequest: ccf94327-bf2f-46ae-9ac4-f8667e34d10b->ade3db1e-08d9-4ea6-84ca-25063f16f31b#76-t1, previous=(t:1, i:73), leaderCommit=73, initializing? false, entries: <empty>
2019-11-14 22:00:12,078 [grpc-default-executor-2] INFO  server.GrpcServerProtocolService (GrpcServerProtocolService.java:onCompleted(113)) - dcaf7993-3da1-4fdc-9369-e253b54d258e: Completed APPEND_ENTRIES, lastRequest: ccf94327-bf2f-46ae-9ac4-f8667e34d10b->dcaf7993-3da1-4fdc-9369-e253b54d258e#76-t1, previous=(t:1, i:73), leaderCommit=73, initializing? false, entries: <empty>
2019-11-14 22:00:12,079 [grpc-default-executor-0] INFO  impl.StateMachineUpdater (StateMachineUpdater.java:stopAndJoin(136)) - ccf94327-bf2f-46ae-9ac4-f8667e34d10b@group-59CCE7C8674C-StateMachineUpdater: set stopIndex = 73
2019-11-14 22:00:12,079 [ccf94327-bf2f-46ae-9ac4-f8667e34d10b@group-59CCE7C8674C-StateMachineUpdater] INFO  ratis.ContainerStateMachine (ContainerStateMachine.java:takeSnapshot(285)) - group-59CCE7C8674C: Taking a snapshot at:(t:1, i:71) file /workdir/hadoop-ozone/tools/target/test-dir/MiniOzoneClusterImpl-a2daa8b5-5e46-43ba-9bcc-283e13a4cd9f/datanode-1/data/ratis/ce9e7206-7b41-4725-a855-59cce7c8674c/sm/snapshot.1_71
2019-11-14 22:00:12,081 [grpc-default-executor-3] INFO  server.GrpcLogAppender (GrpcLogAppender.java:onCompleted(308)) - ccf94327-bf2f-46ae-9ac4-f8667e34d10b@group-59CCE7C8674C->dcaf7993-3da1-4fdc-9369-e253b54d258e-AppendLogResponseHandler: follower responses appendEntries COMPLETED
2019-11-14 22:00:12,081 [grpc-default-executor-2] INFO  server.GrpcLogAppender (GrpcLogAppender.java:onCompleted(308)) - ccf94327-bf2f-46ae-9ac4-f8667e34d10b@group-59CCE7C8674C->ade3db1e-08d9-4ea6-84ca-25063f16f31b-AppendLogResponseHandler: follower responses appendEntries COMPLETED
2019-11-14 22:00:12,085 [grpc-default-executor-3] INFO  impl.FollowerInfo (FollowerInfo.java:lambda$new$0(51)) - ccf94327-bf2f-46ae-9ac4-f8667e34d10b@group-59CCE7C8674C->dcaf7993-3da1-4fdc-9369-e253b54d258e: nextIndex: updateUnconditionally 74 -> 73
2019-11-14 22:00:12,085 [grpc-default-executor-2] INFO  impl.FollowerInfo (FollowerInfo.java:lambda$new$0(51)) - ccf94327-bf2f-46ae-9ac4-f8667e34d10b@group-59CCE7C8674C->ade3db1e-08d9-4ea6-84ca-25063f16f31b: nextIndex: updateUnconditionally 74 -> 73
2019-11-14 22:00:13,549 [ccf94327-bf2f-46ae-9ac4-f8667e34d10b@group-59CCE7C8674C-StateMachineUpdater] INFO  ratis.ContainerStateMachine (ContainerStateMachine.java:takeSnapshot(296)) - group-59CCE7C8674C: Finished taking a snapshot at:(t:1, i:71) file:/workdir/hadoop-ozone/tools/target/test-dir/MiniOzoneClusterImpl-a2daa8b5-5e46-43ba-9bcc-283e13a4cd9f/datanode-1/data/ratis/ce9e7206-7b41-4725-a855-59cce7c8674c/sm/snapshot.1_71 time:1470
2019-11-14 22:00:13,552 [ccf94327-bf2f-46ae-9ac4-f8667e34d10b@group-59CCE7C8674C-StateMachineUpdater] INFO  impl.StateMachineUpdater (StateMachineUpdater.java:takeSnapshot(269)) - ccf94327-bf2f-46ae-9ac4-f8667e34d10b@group-59CCE7C8674C-StateMachineUpdater: Took a snapshot at index 71
2019-11-14 22:00:13,552 [ccf94327-bf2f-46ae-9ac4-f8667e34d10b@group-59CCE7C8674C-StateMachineUpdater] INFO  impl.StateMachineUpdater (StateMachineUpdater.java:lambda$new$0(84)) - ccf94327-bf2f-46ae-9ac4-f8667e34d10b@group-59CCE7C8674C-StateMachineUpdater: snapshotIndex: updateIncreasingly -1 -> 71
2019-11-14 22:00:13,557 [ccf94327-bf2f-46ae-9ac4-f8667e34d10b@group-59CCE7C8674C-StateMachineUpdater] INFO  ratis.ContainerStateMachine (ContainerStateMachine.java:takeSnapshot(285)) - group-59CCE7C8674C: Taking a snapshot at:(t:1, i:71) file /workdir/hadoop-ozone/tools/target/test-dir/MiniOzoneClusterImpl-a2daa8b5-5e46-43ba-9bcc-283e13a4cd9f/datanode-1/data/ratis/ce9e7206-7b41-4725-a855-59cce7c8674c/sm/snapshot.1_71
2019-11-14 22:00:13,572 [ccf94327-bf2f-46ae-9ac4-f8667e34d10b@group-59CCE7C8674C-StateMachineUpdater] INFO  ratis.ContainerStateMachine (ContainerStateMachine.java:takeSnapshot(296)) - group-59CCE7C8674C: Finished taking a snapshot at:(t:1, i:71) file:/workdir/hadoop-ozone/tools/target/test-dir/MiniOzoneClusterImpl-a2daa8b5-5e46-43ba-9bcc-283e13a4cd9f/datanode-1/data/ratis/ce9e7206-7b41-4725-a855-59cce7c8674c/sm/snapshot.1_71 time:15
2019-11-14 22:00:13,572 [ccf94327-bf2f-46ae-9ac4-f8667e34d10b@group-59CCE7C8674C-StateMachineUpdater] INFO  impl.StateMachineUpdater (StateMachineUpdater.java:takeSnapshot(269)) - ccf94327-bf2f-46ae-9ac4-f8667e34d10b@group-59CCE7C8674C-StateMachineUpdater: Took a snapshot at index 71
2019-11-14 22:00:13,572 [ccf94327-bf2f-46ae-9ac4-f8667e34d10b@group-59CCE7C8674C-StateMachineUpdater] INFO  impl.StateMachineUpdater (StateMachineUpdater.java:lambda$new$0(84)) - ccf94327-bf2f-46ae-9ac4-f8667e34d10b@group-59CCE7C8674C-StateMachineUpdater: snapshotIndex: updateIncreasingly 71 -> 71
2019-11-14 22:00:13,573 [grpc-default-executor-0] INFO  impl.RaftServerImpl (ServerState.java:close(387)) - ccf94327-bf2f-46ae-9ac4-f8667e34d10b@group-59CCE7C8674C: closes. applyIndex: 73
2019-11-14 22:00:13,574 [ccf94327-bf2f-46ae-9ac4-f8667e34d10b@group-59CCE7C8674C-SegmentedRaftLogWorker] INFO  segmented.SegmentedRaftLogWorker (SegmentedRaftLogWorker.java:run(316)) - ccf94327-bf2f-46ae-9ac4-f8667e34d10b@group-59CCE7C8674C-SegmentedRaftLogWorker was interrupted, exiting. There are 0 tasks remaining in the queue.
2019-11-14 22:00:13,575 [grpc-default-executor-0] INFO  segmented.SegmentedRaftLogWorker (SegmentedRaftLogWorker.java:close(224)) - ccf94327-bf2f-46ae-9ac4-f8667e34d10b@group-59CCE7C8674C-SegmentedRaftLogWorker close()
2019-11-14 22:00:14,212 [grpc-default-executor-0] INFO  interfaces.Container (KeyValueContainer.java:flushAndSyncDB(400)) - Container 1 is synced with bcsId 55.
2019-11-14 22:00:14,212 [grpc-default-executor-0] INFO  interfaces.Container (KeyValueContainer.java:flushAndSyncDB(400)) - Container 1 is synced with bcsId 55.
2019-11-14 22:00:14,229 [EventQueue-IncrementalContainerReportForIncrementalContainerReportHandler] INFO  container.IncrementalContainerReportHandler (AbstractContainerReportHandler.java:updateContainerState(171)) - Moving container #1 to QUASI_CLOSED state, datanode ccf94327-bf2f-46ae-9ac4-f8667e34d10b{ip: 192.168.69.92, host: pr-hdds-2487-rmf7g-1521005275, networkLocation: /default-rack, certSerialId: null} reported QUASI_CLOSED replica.
2019-11-14 22:00:14,277 [grpc-default-executor-0] INFO  interfaces.Container (KeyValueContainer.java:flushAndSyncDB(400)) - Container 2 is synced with bcsId 71.
2019-11-14 22:00:14,278 [grpc-default-executor-0] INFO  interfaces.Container (KeyValueContainer.java:flushAndSyncDB(400)) - Container 2 is synced with bcsId 71.
2019-11-14 22:00:14,295 [EventQueue-IncrementalContainerReportForIncrementalContainerReportHandler] INFO  container.IncrementalContainerReportHandler (AbstractContainerReportHandler.java:updateContainerState(171)) - Moving container #2 to QUASI_CLOSED state, datanode ccf94327-bf2f-46ae-9ac4-f8667e34d10b{ip: 192.168.69.92, host: pr-hdds-2487-rmf7g-1521005275, networkLocation: /default-rack, certSerialId: null} reported QUASI_CLOSED replica.
2019-11-14 22:00:14,380 [grpc-default-executor-0] INFO  interfaces.Container (KeyValueContainer.java:flushAndSyncDB(400)) - Container 3 is synced with bcsId 37.
2019-11-14 22:00:14,380 [grpc-default-executor-0] INFO  interfaces.Container (KeyValueContainer.java:flushAndSyncDB(400)) - Container 3 is synced with bcsId 37.
2019-11-14 22:00:14,426 [EventQueue-IncrementalContainerReportForIncrementalContainerReportHandler] INFO  container.IncrementalContainerReportHandler (AbstractContainerReportHandler.java:updateContainerState(171)) - Moving container #3 to QUASI_CLOSED state, datanode ccf94327-bf2f-46ae-9ac4-f8667e34d10b{ip: 192.168.69.92, host: pr-hdds-2487-rmf7g-1521005275, networkLocation: /default-rack, certSerialId: null} reported QUASI_CLOSED replica.
2019-11-14 22:00:14,434 [grpc-default-executor-0] INFO  impl.RaftServerProxy (RaftServerProxy.java:remove(95)) - ade3db1e-08d9-4ea6-84ca-25063f16f31b: remove  FOLLOWER ade3db1e-08d9-4ea6-84ca-25063f16f31b@group-59CCE7C8674C:t1, leader=ccf94327-bf2f-46ae-9ac4-f8667e34d10b, voted=ccf94327-bf2f-46ae-9ac4-f8667e34d10b, raftlog=ade3db1e-08d9-4ea6-84ca-25063f16f31b@group-59CCE7C8674C-SegmentedRaftLog:OPENED:c73,f73,i73, conf=0: [ade3db1e-08d9-4ea6-84ca-25063f16f31b:192.168.69.92:43556, dcaf7993-3da1-4fdc-9369-e253b54d258e:192.168.69.92:34620, ccf94327-bf2f-46ae-9ac4-f8667e34d10b:192.168.69.92:45537], old=null RUNNING
2019-11-14 22:00:14,434 [grpc-default-executor-0] INFO  impl.RaftServerImpl (RaftServerImpl.java:lambda$shutdown$3(250)) - ade3db1e-08d9-4ea6-84ca-25063f16f31b@group-59CCE7C8674C: shutdown
2019-11-14 22:00:14,435 [grpc-default-executor-0] INFO  util.JmxRegister (JmxRegister.java:unregister(73)) - Successfully un-registered JMX Bean with object name Ratis:service=RaftServer,group=group-59CCE7C8674C,id=ade3db1e-08d9-4ea6-84ca-25063f16f31b
2019-11-14 22:00:14,435 [grpc-default-executor-0] INFO  impl.RoleInfo (RoleInfo.java:shutdownFollowerState(121)) - ade3db1e-08d9-4ea6-84ca-25063f16f31b: shutdown FollowerState
2019-11-14 22:00:14,435 [grpc-default-executor-0] INFO  impl.StateMachineUpdater (StateMachineUpdater.java:stopAndJoin(136)) - ade3db1e-08d9-4ea6-84ca-25063f16f31b@group-59CCE7C8674C-StateMachineUpdater: set stopIndex = 73
2019-11-14 22:00:14,435 [ade3db1e-08d9-4ea6-84ca-25063f16f31b@group-59CCE7C8674C-StateMachineUpdater] INFO  ratis.ContainerStateMachine (ContainerStateMachine.java:takeSnapshot(285)) - group-59CCE7C8674C: Taking a snapshot at:(t:1, i:71) file /workdir/hadoop-ozone/tools/target/test-dir/MiniOzoneClusterImpl-a2daa8b5-5e46-43ba-9bcc-283e13a4cd9f/datanode-2/data/ratis/ce9e7206-7b41-4725-a855-59cce7c8674c/sm/snapshot.1_71
2019-11-14 22:00:14,435 [Thread-225] INFO  impl.FollowerState (FollowerState.java:run(120)) - ade3db1e-08d9-4ea6-84ca-25063f16f31b@group-59CCE7C8674C-FollowerState was interrupted: java.lang.InterruptedException: sleep interrupted
2019-11-14 22:00:14,461 [ade3db1e-08d9-4ea6-84ca-25063f16f31b@group-59CCE7C8674C-StateMachineUpdater] INFO  ratis.ContainerStateMachine (ContainerStateMachine.java:takeSnapshot(296)) - group-59CCE7C8674C: Finished taking a snapshot at:(t:1, i:71) file:/workdir/hadoop-ozone/tools/target/test-dir/MiniOzoneClusterImpl-a2daa8b5-5e46-43ba-9bcc-283e13a4cd9f/datanode-2/data/ratis/ce9e7206-7b41-4725-a855-59cce7c8674c/sm/snapshot.1_71 time:25
2019-11-14 22:00:14,461 [ade3db1e-08d9-4ea6-84ca-25063f16f31b@group-59CCE7C8674C-StateMachineUpdater] INFO  impl.StateMachineUpdater (StateMachineUpdater.java:takeSnapshot(269)) - ade3db1e-08d9-4ea6-84ca-25063f16f31b@group-59CCE7C8674C-StateMachineUpdater: Took a snapshot at index 71
2019-11-14 22:00:14,461 [ade3db1e-08d9-4ea6-84ca-25063f16f31b@group-59CCE7C8674C-StateMachineUpdater] INFO  impl.StateMachineUpdater (StateMachineUpdater.java:lambda$new$0(84)) - ade3db1e-08d9-4ea6-84ca-25063f16f31b@group-59CCE7C8674C-StateMachineUpdater: snapshotIndex: updateIncreasingly -1 -> 71
2019-11-14 22:00:14,462 [ade3db1e-08d9-4ea6-84ca-25063f16f31b@group-59CCE7C8674C-StateMachineUpdater] INFO  ratis.ContainerStateMachine (ContainerStateMachine.java:takeSnapshot(285)) - group-59CCE7C8674C: Taking a snapshot at:(t:1, i:71) file /workdir/hadoop-ozone/tools/target/test-dir/MiniOzoneClusterImpl-a2daa8b5-5e46-43ba-9bcc-283e13a4cd9f/datanode-2/data/ratis/ce9e7206-7b41-4725-a855-59cce7c8674c/sm/snapshot.1_71
2019-11-14 22:00:14,478 [ade3db1e-08d9-4ea6-84ca-25063f16f31b@group-59CCE7C8674C-StateMachineUpdater] INFO  ratis.ContainerStateMachine (ContainerStateMachine.java:takeSnapshot(296)) - group-59CCE7C8674C: Finished taking a snapshot at:(t:1, i:71) file:/workdir/hadoop-ozone/tools/target/test-dir/MiniOzoneClusterImpl-a2daa8b5-5e46-43ba-9bcc-283e13a4cd9f/datanode-2/data/ratis/ce9e7206-7b41-4725-a855-59cce7c8674c/sm/snapshot.1_71 time:17
2019-11-14 22:00:14,478 [ade3db1e-08d9-4ea6-84ca-25063f16f31b@group-59CCE7C8674C-StateMachineUpdater] INFO  impl.StateMachineUpdater (StateMachineUpdater.java:takeSnapshot(269)) - ade3db1e-08d9-4ea6-84ca-25063f16f31b@group-59CCE7C8674C-StateMachineUpdater: Took a snapshot at index 71
2019-11-14 22:00:14,478 [ade3db1e-08d9-4ea6-84ca-25063f16f31b@group-59CCE7C8674C-StateMachineUpdater] INFO  impl.StateMachineUpdater (StateMachineUpdater.java:lambda$new$0(84)) - ade3db1e-08d9-4ea6-84ca-25063f16f31b@group-59CCE7C8674C-StateMachineUpdater: snapshotIndex: updateIncreasingly 71 -> 71
2019-11-14 22:00:14,479 [grpc-default-executor-0] INFO  impl.RaftServerImpl (ServerState.java:close(387)) - ade3db1e-08d9-4ea6-84ca-25063f16f31b@group-59CCE7C8674C: closes. applyIndex: 73
2019-11-14 22:00:14,479 [ade3db1e-08d9-4ea6-84ca-25063f16f31b@group-59CCE7C8674C-SegmentedRaftLogWorker] INFO  segmented.SegmentedRaftLogWorker (SegmentedRaftLogWorker.java:run(316)) - ade3db1e-08d9-4ea6-84ca-25063f16f31b@group-59CCE7C8674C-SegmentedRaftLogWorker was interrupted, exiting. There are 0 tasks remaining in the queue.
2019-11-14 22:00:14,480 [grpc-default-executor-0] INFO  segmented.SegmentedRaftLogWorker (SegmentedRaftLogWorker.java:close(224)) - ade3db1e-08d9-4ea6-84ca-25063f16f31b@group-59CCE7C8674C-SegmentedRaftLogWorker close()
2019-11-14 22:00:14,503 [grpc-default-executor-0] INFO  interfaces.Container (KeyValueContainer.java:flushAndSyncDB(400)) - Container 1 is synced with bcsId 55.
2019-11-14 22:00:14,503 [grpc-default-executor-0] INFO  interfaces.Container (KeyValueContainer.java:flushAndSyncDB(400)) - Container 1 is synced with bcsId 55.
2019-11-14 22:00:14,548 [grpc-default-executor-0] INFO  interfaces.Container (KeyValueContainer.java:flushAndSyncDB(400)) - Container 2 is synced with bcsId 71.
2019-11-14 22:00:14,548 [grpc-default-executor-0] INFO  interfaces.Container (KeyValueContainer.java:flushAndSyncDB(400)) - Container 2 is synced with bcsId 71.
2019-11-14 22:00:14,653 [grpc-default-executor-0] INFO  interfaces.Container (KeyValueContainer.java:flushAndSyncDB(400)) - Container 3 is synced with bcsId 37.
2019-11-14 22:00:14,653 [grpc-default-executor-0] INFO  interfaces.Container (KeyValueContainer.java:flushAndSyncDB(400)) - Container 3 is synced with bcsId 37.
2019-11-14 22:00:14,708 [grpc-default-executor-0] INFO  impl.RaftServerProxy (RaftServerProxy.java:remove(95)) - dcaf7993-3da1-4fdc-9369-e253b54d258e: remove  FOLLOWER dcaf7993-3da1-4fdc-9369-e253b54d258e@group-59CCE7C8674C:t1, leader=ccf94327-bf2f-46ae-9ac4-f8667e34d10b, voted=ccf94327-bf2f-46ae-9ac4-f8667e34d10b, raftlog=dcaf7993-3da1-4fdc-9369-e253b54d258e@group-59CCE7C8674C-SegmentedRaftLog:OPENED:c73,f73,i73, conf=0: [ade3db1e-08d9-4ea6-84ca-25063f16f31b:192.168.69.92:43556, dcaf7993-3da1-4fdc-9369-e253b54d258e:192.168.69.92:34620, ccf94327-bf2f-46ae-9ac4-f8667e34d10b:192.168.69.92:45537], old=null RUNNING
2019-11-14 22:00:14,709 [grpc-default-executor-0] INFO  impl.RaftServerImpl (RaftServerImpl.java:lambda$shutdown$3(250)) - dcaf7993-3da1-4fdc-9369-e253b54d258e@group-59CCE7C8674C: shutdown
2019-11-14 22:00:14,709 [grpc-default-executor-0] INFO  util.JmxRegister (JmxRegister.java:unregister(73)) - Successfully un-registered JMX Bean with object name Ratis:service=RaftServer,group=group-59CCE7C8674C,id=dcaf7993-3da1-4fdc-9369-e253b54d258e
2019-11-14 22:00:14,709 [grpc-default-executor-0] INFO  impl.RoleInfo (RoleInfo.java:shutdownFollowerState(121)) - dcaf7993-3da1-4fdc-9369-e253b54d258e: shutdown FollowerState
2019-11-14 22:00:14,709 [grpc-default-executor-0] INFO  impl.StateMachineUpdater (StateMachineUpdater.java:stopAndJoin(136)) - dcaf7993-3da1-4fdc-9369-e253b54d258e@group-59CCE7C8674C-StateMachineUpdater: set stopIndex = 73
2019-11-14 22:00:14,709 [Thread-226] INFO  impl.FollowerState (FollowerState.java:run(120)) - dcaf7993-3da1-4fdc-9369-e253b54d258e@group-59CCE7C8674C-FollowerState was interrupted: java.lang.InterruptedException: sleep interrupted
2019-11-14 22:00:14,709 [dcaf7993-3da1-4fdc-9369-e253b54d258e@group-59CCE7C8674C-StateMachineUpdater] INFO  ratis.ContainerStateMachine (ContainerStateMachine.java:takeSnapshot(285)) - group-59CCE7C8674C: Taking a snapshot at:(t:1, i:71) file /workdir/hadoop-ozone/tools/target/test-dir/MiniOzoneClusterImpl-a2daa8b5-5e46-43ba-9bcc-283e13a4cd9f/datanode-0/data/ratis/ce9e7206-7b41-4725-a855-59cce7c8674c/sm/snapshot.1_71
2019-11-14 22:00:14,945 [dcaf7993-3da1-4fdc-9369-e253b54d258e@group-59CCE7C8674C-StateMachineUpdater] INFO  ratis.ContainerStateMachine (ContainerStateMachine.java:takeSnapshot(296)) - group-59CCE7C8674C: Finished taking a snapshot at:(t:1, i:71) file:/workdir/hadoop-ozone/tools/target/test-dir/MiniOzoneClusterImpl-a2daa8b5-5e46-43ba-9bcc-283e13a4cd9f/datanode-0/data/ratis/ce9e7206-7b41-4725-a855-59cce7c8674c/sm/snapshot.1_71 time:236
2019-11-14 22:00:15,658 [dcaf7993-3da1-4fdc-9369-e253b54d258e@group-59CCE7C8674C-StateMachineUpdater] INFO  impl.StateMachineUpdater (StateMachineUpdater.java:takeSnapshot(269)) - dcaf7993-3da1-4fdc-9369-e253b54d258e@group-59CCE7C8674C-StateMachineUpdater: Took a snapshot at index 71
2019-11-14 22:00:15,658 [dcaf7993-3da1-4fdc-9369-e253b54d258e@group-59CCE7C8674C-StateMachineUpdater] INFO  impl.StateMachineUpdater (StateMachineUpdater.java:lambda$new$0(84)) - dcaf7993-3da1-4fdc-9369-e253b54d258e@group-59CCE7C8674C-StateMachineUpdater: snapshotIndex: updateIncreasingly -1 -> 71
2019-11-14 22:00:15,659 [dcaf7993-3da1-4fdc-9369-e253b54d258e@group-59CCE7C8674C-StateMachineUpdater] INFO  ratis.ContainerStateMachine (ContainerStateMachine.java:takeSnapshot(285)) - group-59CCE7C8674C: Taking a snapshot at:(t:1, i:71) file /workdir/hadoop-ozone/tools/target/test-dir/MiniOzoneClusterImpl-a2daa8b5-5e46-43ba-9bcc-283e13a4cd9f/datanode-0/data/ratis/ce9e7206-7b41-4725-a855-59cce7c8674c/sm/snapshot.1_71
2019-11-14 22:00:15,662 [Command processor thread] ERROR commandhandler.CloseContainerCommandHandler (CloseContainerCommandHandler.java:handle(127)) - Can't close container #1
java.io.IOException: org.apache.ratis.protocol.GroupMismatchException: dcaf7993-3da1-4fdc-9369-e253b54d258e: group-59CCE7C8674C not found.
	at org.apache.hadoop.ozone.container.common.transport.server.ratis.XceiverServerRatis.submitRequest(XceiverServerRatis.java:511)
	at org.apache.hadoop.ozone.container.common.statemachine.commandhandler.CloseContainerCommandHandler.handle(CloseContainerCommandHandler.java:102)
	at org.apache.hadoop.ozone.container.common.statemachine.commandhandler.CommandDispatcher.handle(CommandDispatcher.java:99)
	at org.apache.hadoop.ozone.container.common.statemachine.DatanodeStateMachine.lambda$initCommandHandlerThread$1(DatanodeStateMachine.java:437)
	at java.lang.Thread.run(Thread.java:748)
Caused by: java.util.concurrent.ExecutionException: org.apache.ratis.protocol.GroupMismatchException: dcaf7993-3da1-4fdc-9369-e253b54d258e: group-59CCE7C8674C not found.
	at java.util.concurrent.CompletableFuture.reportGet(CompletableFuture.java:357)
	at java.util.concurrent.CompletableFuture.get(CompletableFuture.java:1895)
	at org.apache.hadoop.ozone.container.common.transport.server.ratis.XceiverServerRatis.submitRequest(XceiverServerRatis.java:509)
	... 4 more
Caused by: org.apache.ratis.protocol.GroupMismatchException: dcaf7993-3da1-4fdc-9369-e253b54d258e: group-59CCE7C8674C not found.
	at org.apache.ratis.server.impl.RaftServerProxy$ImplMap.get(RaftServerProxy.java:122)
	at org.apache.ratis.server.impl.RaftServerProxy.getImplFuture(RaftServerProxy.java:269)
	at org.apache.ratis.server.impl.RaftServerProxy.submitRequest(RaftServerProxy.java:327)
	at org.apache.ratis.server.impl.RaftServerProxy.submitClientRequestAsync(RaftServerProxy.java:333)
	... 5 more
2019-11-14 22:00:15,721 [dcaf7993-3da1-4fdc-9369-e253b54d258e@group-59CCE7C8674C-StateMachineUpdater] INFO  ratis.ContainerStateMachine (ContainerStateMachine.java:takeSnapshot(296)) - group-59CCE7C8674C: Finished taking a snapshot at:(t:1, i:71) file:/workdir/hadoop-ozone/tools/target/test-dir/MiniOzoneClusterImpl-a2daa8b5-5e46-43ba-9bcc-283e13a4cd9f/datanode-0/data/ratis/ce9e7206-7b41-4725-a855-59cce7c8674c/sm/snapshot.1_71 time:62
2019-11-14 22:00:15,721 [dcaf7993-3da1-4fdc-9369-e253b54d258e@group-59CCE7C8674C-StateMachineUpdater] INFO  impl.StateMachineUpdater (StateMachineUpdater.java:takeSnapshot(269)) - dcaf7993-3da1-4fdc-9369-e253b54d258e@group-59CCE7C8674C-StateMachineUpdater: Took a snapshot at index 71
2019-11-14 22:00:15,721 [dcaf7993-3da1-4fdc-9369-e253b54d258e@group-59CCE7C8674C-StateMachineUpdater] INFO  impl.StateMachineUpdater (StateMachineUpdater.java:lambda$new$0(84)) - dcaf7993-3da1-4fdc-9369-e253b54d258e@group-59CCE7C8674C-StateMachineUpdater: snapshotIndex: updateIncreasingly 71 -> 71
2019-11-14 22:00:15,721 [Command processor thread] ERROR commandhandler.CloseContainerCommandHandler (CloseContainerCommandHandler.java:handle(127)) - Can't close container #2
java.io.IOException: org.apache.ratis.protocol.GroupMismatchException: dcaf7993-3da1-4fdc-9369-e253b54d258e: group-59CCE7C8674C not found.
	at org.apache.hadoop.ozone.container.common.transport.server.ratis.XceiverServerRatis.submitRequest(XceiverServerRatis.java:511)
	at org.apache.hadoop.ozone.container.common.statemachine.commandhandler.CloseContainerCommandHandler.handle(CloseContainerCommandHandler.java:102)
	at org.apache.hadoop.ozone.container.common.statemachine.commandhandler.CommandDispatcher.handle(CommandDispatcher.java:99)
	at org.apache.hadoop.ozone.container.common.statemachine.DatanodeStateMachine.lambda$initCommandHandlerThread$1(DatanodeStateMachine.java:437)
	at java.lang.Thread.run(Thread.java:748)
Caused by: java.util.concurrent.ExecutionException: org.apache.ratis.protocol.GroupMismatchException: dcaf7993-3da1-4fdc-9369-e253b54d258e: group-59CCE7C8674C not found.
	at java.util.concurrent.CompletableFuture.reportGet(CompletableFuture.java:357)
	at java.util.concurrent.CompletableFuture.get(CompletableFuture.java:1895)
	at org.apache.hadoop.ozone.container.common.transport.server.ratis.XceiverServerRatis.submitRequest(XceiverServerRatis.java:509)
	... 4 more
Caused by: org.apache.ratis.protocol.GroupMismatchException: dcaf7993-3da1-4fdc-9369-e253b54d258e: group-59CCE7C8674C not found.
	at org.apache.ratis.server.impl.RaftServerProxy$ImplMap.get(RaftServerProxy.java:122)
	at org.apache.ratis.server.impl.RaftServerProxy.getImplFuture(RaftServerProxy.java:269)
	at org.apache.ratis.server.impl.RaftServerProxy.submitRequest(RaftServerProxy.java:327)
	at org.apache.ratis.server.impl.RaftServerProxy.submitClientRequestAsync(RaftServerProxy.java:333)
	... 5 more
2019-11-14 22:00:15,722 [grpc-default-executor-0] INFO  impl.RaftServerImpl (ServerState.java:close(387)) - dcaf7993-3da1-4fdc-9369-e253b54d258e@group-59CCE7C8674C: closes. applyIndex: 73
2019-11-14 22:00:15,723 [dcaf7993-3da1-4fdc-9369-e253b54d258e@group-59CCE7C8674C-SegmentedRaftLogWorker] INFO  segmented.SegmentedRaftLogWorker (SegmentedRaftLogWorker.java:run(316)) - dcaf7993-3da1-4fdc-9369-e253b54d258e@group-59CCE7C8674C-SegmentedRaftLogWorker was interrupted, exiting. There are 0 tasks remaining in the queue.
2019-11-14 22:00:15,724 [grpc-default-executor-0] INFO  segmented.SegmentedRaftLogWorker (SegmentedRaftLogWorker.java:close(224)) - dcaf7993-3da1-4fdc-9369-e253b54d258e@group-59CCE7C8674C-SegmentedRaftLogWorker close()
2019-11-14 22:00:15,752 [grpc-default-executor-0] INFO  interfaces.Container (KeyValueContainer.java:flushAndSyncDB(400)) - Container 1 is synced with bcsId 55.
2019-11-14 22:00:15,752 [grpc-default-executor-0] INFO  interfaces.Container (KeyValueContainer.java:flushAndSyncDB(400)) - Container 1 is synced with bcsId 55.
2019-11-14 22:00:16,111 [grpc-default-executor-0] INFO  interfaces.Container (KeyValueContainer.java:flushAndSyncDB(400)) - Container 2 is synced with bcsId 71.
2019-11-14 22:00:16,112 [grpc-default-executor-0] INFO  interfaces.Container (KeyValueContainer.java:flushAndSyncDB(400)) - Container 2 is synced with bcsId 71.
2019-11-14 22:00:16,146 [main] INFO  pipeline.PipelineStateManager (PipelineStateManager.java:removePipeline(106)) - Pipeline Pipeline[ Id: ce9e7206-7b41-4725-a855-59cce7c8674c, Nodes: ccf94327-bf2f-46ae-9ac4-f8667e34d10b{ip: 192.168.69.92, host: pr-hdds-2487-rmf7g-1521005275, networkLocation: /default-rack, certSerialId: null}ade3db1e-08d9-4ea6-84ca-25063f16f31b{ip: 192.168.69.92, host: pr-hdds-2487-rmf7g-1521005275, networkLocation: /default-rack, certSerialId: null}dcaf7993-3da1-4fdc-9369-e253b54d258e{ip: 192.168.69.92, host: pr-hdds-2487-rmf7g-1521005275, networkLocation: /default-rack, certSerialId: null}, Type:RATIS, Factor:THREE, State:CLOSED] removed from db
2019-11-14 22:00:16,168 [grpc-default-executor-3] INFO  impl.RaftServerProxy (RaftServerProxy.java:addNew(89)) - ade3db1e-08d9-4ea6-84ca-25063f16f31b: addNew group-120432A5BC94:[ade3db1e-08d9-4ea6-84ca-25063f16f31b:192.168.69.92:43556, dcaf7993-3da1-4fdc-9369-e253b54d258e:192.168.69.92:34620, ccf94327-bf2f-46ae-9ac4-f8667e34d10b:192.168.69.92:45537] returns group-120432A5BC94:java.util.concurrent.CompletableFuture@38e1e4b[Not completed]
2019-11-14 22:00:16,168 [grpc-default-executor-0] INFO  impl.RaftServerProxy (RaftServerProxy.java:addNew(89)) - ccf94327-bf2f-46ae-9ac4-f8667e34d10b: addNew group-120432A5BC94:[ade3db1e-08d9-4ea6-84ca-25063f16f31b:192.168.69.92:43556, dcaf7993-3da1-4fdc-9369-e253b54d258e:192.168.69.92:34620, ccf94327-bf2f-46ae-9ac4-f8667e34d10b:192.168.69.92:45537] returns group-120432A5BC94:java.util.concurrent.CompletableFuture@672ca311[Not completed]
2019-11-14 22:00:16,168 [grpc-default-executor-2] INFO  impl.RaftServerProxy (RaftServerProxy.java:addNew(89)) - dcaf7993-3da1-4fdc-9369-e253b54d258e: addNew group-120432A5BC94:[ade3db1e-08d9-4ea6-84ca-25063f16f31b:192.168.69.92:43556, dcaf7993-3da1-4fdc-9369-e253b54d258e:192.168.69.92:34620, ccf94327-bf2f-46ae-9ac4-f8667e34d10b:192.168.69.92:45537] returns group-120432A5BC94:java.util.concurrent.CompletableFuture@6a9bf339[Not completed]
2019-11-14 22:00:16,171 [pool-47-thread-1] INFO  impl.RaftServerImpl (RaftServerImpl.java:<init>(98)) - ade3db1e-08d9-4ea6-84ca-25063f16f31b: new RaftServerImpl for group-120432A5BC94:[ade3db1e-08d9-4ea6-84ca-25063f16f31b:192.168.69.92:43556, dcaf7993-3da1-4fdc-9369-e253b54d258e:192.168.69.92:34620, ccf94327-bf2f-46ae-9ac4-f8667e34d10b:192.168.69.92:45537] with ContainerStateMachine:uninitialized
2019-11-14 22:00:16,171 [pool-47-thread-1] INFO  server.RaftServerConfigKeys (ConfUtils.java:logGet(43)) - raft.server.rpc.timeout.min = 5s (custom)
2019-11-14 22:00:16,171 [pool-47-thread-1] INFO  server.RaftServerConfigKeys (ConfUtils.java:logGet(43)) - raft.server.rpc.timeout.max = 5200ms (custom)
2019-11-14 22:00:16,171 [pool-47-thread-1] INFO  server.RaftServerConfigKeys (ConfUtils.java:logGet(43)) - raft.server.rpcslowness.timeout = 120s (custom)
2019-11-14 22:00:16,172 [pool-47-thread-1] INFO  server.RaftServerConfigKeys (ConfUtils.java:logGet(43)) - raft.server.sleep.deviation.threshold = 300 (default)
2019-11-14 22:00:16,172 [pool-47-thread-1] INFO  server.RaftServerConfigKeys (ConfUtils.java:logGet(43)) - raft.server.log.appender.install.snapshot.enabled = false (custom)
2019-11-14 22:00:16,172 [pool-47-thread-1] INFO  impl.RaftServerImpl (ServerState.java:<init>(103)) - ade3db1e-08d9-4ea6-84ca-25063f16f31b@group-120432A5BC94: ConfigurationManager, init=-1: [ade3db1e-08d9-4ea6-84ca-25063f16f31b:192.168.69.92:43556, dcaf7993-3da1-4fdc-9369-e253b54d258e:192.168.69.92:34620, ccf94327-bf2f-46ae-9ac4-f8667e34d10b:192.168.69.92:45537], old=null, confs=<EMPTY_MAP>
2019-11-14 22:00:16,172 [pool-27-thread-1] INFO  impl.RaftServerImpl (RaftServerImpl.java:<init>(98)) - dcaf7993-3da1-4fdc-9369-e253b54d258e: new RaftServerImpl for group-120432A5BC94:[ade3db1e-08d9-4ea6-84ca-25063f16f31b:192.168.69.92:43556, dcaf7993-3da1-4fdc-9369-e253b54d258e:192.168.69.92:34620, ccf94327-bf2f-46ae-9ac4-f8667e34d10b:192.168.69.92:45537] with ContainerStateMachine:uninitialized
2019-11-14 22:00:16,172 [pool-47-thread-1] INFO  server.RaftServerConfigKeys (ConfUtils.java:logGet(43)) - raft.server.storage.dir = [/workdir/hadoop-ozone/tools/target/test-dir/MiniOzoneClusterImpl-a2daa8b5-5e46-43ba-9bcc-283e13a4cd9f/datanode-2/data/ratis] (custom)
2019-11-14 22:00:16,172 [pool-27-thread-1] INFO  server.RaftServerConfigKeys (ConfUtils.java:logGet(43)) - raft.server.rpc.timeout.min = 5s (custom)
2019-11-14 22:00:16,173 [pool-27-thread-1] INFO  server.RaftServerConfigKeys (ConfUtils.java:logGet(43)) - raft.server.rpc.timeout.max = 5200ms (custom)
2019-11-14 22:00:16,173 [pool-47-thread-1] INFO  server.RaftServerConfigKeys (ConfUtils.java:logGet(43)) - raft.server.log.corruption.policy = EXCEPTION (default)
2019-11-14 22:00:16,173 [pool-27-thread-1] INFO  server.RaftServerConfigKeys (ConfUtils.java:logGet(43)) - raft.server.rpcslowness.timeout = 120s (custom)
2019-11-14 22:00:16,173 [pool-27-thread-1] INFO  server.RaftServerConfigKeys (ConfUtils.java:logGet(43)) - raft.server.sleep.deviation.threshold = 300 (default)
2019-11-14 22:00:16,173 [pool-47-thread-1] INFO  storage.RaftStorageDirectory (RaftStorageDirectory.java:analyzeStorage(246)) - The storage directory /workdir/hadoop-ozone/tools/target/test-dir/MiniOzoneClusterImpl-a2daa8b5-5e46-43ba-9bcc-283e13a4cd9f/datanode-2/data/ratis/672bffd2-8ca2-45e8-9e50-120432a5bc94 does not exist. Creating ...
2019-11-14 22:00:16,173 [pool-27-thread-1] INFO  server.RaftServerConfigKeys (ConfUtils.java:logGet(43)) - raft.server.log.appender.install.snapshot.enabled = false (custom)
2019-11-14 22:00:16,173 [pool-37-thread-1] INFO  impl.RaftServerImpl (RaftServerImpl.java:<init>(98)) - ccf94327-bf2f-46ae-9ac4-f8667e34d10b: new RaftServerImpl for group-120432A5BC94:[ade3db1e-08d9-4ea6-84ca-25063f16f31b:192.168.69.92:43556, dcaf7993-3da1-4fdc-9369-e253b54d258e:192.168.69.92:34620, ccf94327-bf2f-46ae-9ac4-f8667e34d10b:192.168.69.92:45537] with ContainerStateMachine:uninitialized
2019-11-14 22:00:16,174 [pool-27-thread-1] INFO  impl.RaftServerImpl (ServerState.java:<init>(103)) - dcaf7993-3da1-4fdc-9369-e253b54d258e@group-120432A5BC94: ConfigurationManager, init=-1: [ade3db1e-08d9-4ea6-84ca-25063f16f31b:192.168.69.92:43556, dcaf7993-3da1-4fdc-9369-e253b54d258e:192.168.69.92:34620, ccf94327-bf2f-46ae-9ac4-f8667e34d10b:192.168.69.92:45537], old=null, confs=<EMPTY_MAP>
2019-11-14 22:00:16,174 [pool-37-thread-1] INFO  server.RaftServerConfigKeys (ConfUtils.java:logGet(43)) - raft.server.rpc.timeout.min = 5s (custom)
2019-11-14 22:00:16,174 [pool-27-thread-1] INFO  server.RaftServerConfigKeys (ConfUtils.java:logGet(43)) - raft.server.storage.dir = [/workdir/hadoop-ozone/tools/target/test-dir/MiniOzoneClusterImpl-a2daa8b5-5e46-43ba-9bcc-283e13a4cd9f/datanode-0/data/ratis] (custom)
2019-11-14 22:00:16,174 [pool-37-thread-1] INFO  server.RaftServerConfigKeys (ConfUtils.java:logGet(43)) - raft.server.rpc.timeout.max = 5200ms (custom)
2019-11-14 22:00:16,174 [pool-37-thread-1] INFO  server.RaftServerConfigKeys (ConfUtils.java:logGet(43)) - raft.server.rpcslowness.timeout = 120s (custom)
2019-11-14 22:00:16,174 [pool-27-thread-1] INFO  server.RaftServerConfigKeys (ConfUtils.java:logGet(43)) - raft.server.log.corruption.policy = EXCEPTION (default)
2019-11-14 22:00:16,174 [pool-37-thread-1] INFO  server.RaftServerConfigKeys (ConfUtils.java:logGet(43)) - raft.server.sleep.deviation.threshold = 300 (default)
2019-11-14 22:00:16,174 [pool-37-thread-1] INFO  server.RaftServerConfigKeys (ConfUtils.java:logGet(43)) - raft.server.log.appender.install.snapshot.enabled = false (custom)
2019-11-14 22:00:16,174 [pool-27-thread-1] INFO  storage.RaftStorageDirectory (RaftStorageDirectory.java:analyzeStorage(246)) - The storage directory /workdir/hadoop-ozone/tools/target/test-dir/MiniOzoneClusterImpl-a2daa8b5-5e46-43ba-9bcc-283e13a4cd9f/datanode-0/data/ratis/672bffd2-8ca2-45e8-9e50-120432a5bc94 does not exist. Creating ...
2019-11-14 22:00:16,175 [pool-37-thread-1] INFO  impl.RaftServerImpl (ServerState.java:<init>(103)) - ccf94327-bf2f-46ae-9ac4-f8667e34d10b@group-120432A5BC94: ConfigurationManager, init=-1: [ade3db1e-08d9-4ea6-84ca-25063f16f31b:192.168.69.92:43556, dcaf7993-3da1-4fdc-9369-e253b54d258e:192.168.69.92:34620, ccf94327-bf2f-46ae-9ac4-f8667e34d10b:192.168.69.92:45537], old=null, confs=<EMPTY_MAP>
2019-11-14 22:00:16,175 [pool-37-thread-1] INFO  server.RaftServerConfigKeys (ConfUtils.java:logGet(43)) - raft.server.storage.dir = [/workdir/hadoop-ozone/tools/target/test-dir/MiniOzoneClusterImpl-a2daa8b5-5e46-43ba-9bcc-283e13a4cd9f/datanode-1/data/ratis] (custom)
2019-11-14 22:00:16,176 [pool-37-thread-1] INFO  server.RaftServerConfigKeys (ConfUtils.java:logGet(43)) - raft.server.log.corruption.policy = EXCEPTION (default)
2019-11-14 22:00:16,176 [pool-37-thread-1] INFO  storage.RaftStorageDirectory (RaftStorageDirectory.java:analyzeStorage(246)) - The storage directory /workdir/hadoop-ozone/tools/target/test-dir/MiniOzoneClusterImpl-a2daa8b5-5e46-43ba-9bcc-283e13a4cd9f/datanode-1/data/ratis/672bffd2-8ca2-45e8-9e50-120432a5bc94 does not exist. Creating ...
2019-11-14 22:00:16,188 [pool-47-thread-1] INFO  storage.RaftStorageDirectory (RaftStorageDirectory.java:tryLock(328)) - Lock on /workdir/hadoop-ozone/tools/target/test-dir/MiniOzoneClusterImpl-a2daa8b5-5e46-43ba-9bcc-283e13a4cd9f/datanode-2/data/ratis/672bffd2-8ca2-45e8-9e50-120432a5bc94/in_use.lock acquired by nodename 7744@pr-hdds-2487-rmf7g-1521005275
2019-11-14 22:00:16,214 [pool-27-thread-1] INFO  storage.RaftStorageDirectory (RaftStorageDirectory.java:tryLock(328)) - Lock on /workdir/hadoop-ozone/tools/target/test-dir/MiniOzoneClusterImpl-a2daa8b5-5e46-43ba-9bcc-283e13a4cd9f/datanode-0/data/ratis/672bffd2-8ca2-45e8-9e50-120432a5bc94/in_use.lock acquired by nodename 7744@pr-hdds-2487-rmf7g-1521005275
2019-11-14 22:00:16,214 [pool-37-thread-1] INFO  storage.RaftStorageDirectory (RaftStorageDirectory.java:tryLock(328)) - Lock on /workdir/hadoop-ozone/tools/target/test-dir/MiniOzoneClusterImpl-a2daa8b5-5e46-43ba-9bcc-283e13a4cd9f/datanode-1/data/ratis/672bffd2-8ca2-45e8-9e50-120432a5bc94/in_use.lock acquired by nodename 7744@pr-hdds-2487-rmf7g-1521005275
2019-11-14 22:00:16,235 [pool-47-thread-1] INFO  storage.RaftStorage (RaftStorage.java:format(84)) - Storage directory /workdir/hadoop-ozone/tools/target/test-dir/MiniOzoneClusterImpl-a2daa8b5-5e46-43ba-9bcc-283e13a4cd9f/datanode-2/data/ratis/672bffd2-8ca2-45e8-9e50-120432a5bc94 has been successfully formatted.
2019-11-14 22:00:16,236 [pool-47-thread-1] INFO  ratis.ContainerStateMachine (ContainerStateMachine.java:loadSnapshot(223)) - group-120432A5BC94: The snapshot info is null. Setting the last applied indexto:(t:0, i:~)
2019-11-14 22:00:16,236 [pool-47-thread-1] INFO  server.RaftServerConfigKeys (ConfUtils.java:logGet(43)) - raft.server.notification.no-leader.timeout = 120s (custom)
2019-11-14 22:00:16,236 [pool-47-thread-1] INFO  server.RaftServerConfigKeys (ConfUtils.java:logGet(43)) - raft.server.log.use.memory = false (default)
2019-11-14 22:00:16,236 [pool-47-thread-1] INFO  server.RaftServerConfigKeys (ConfUtils.java:logGet(43)) - raft.server.log.purge.gap = 1000000 (custom)
2019-11-14 22:00:16,236 [pool-47-thread-1] INFO  server.RaftServerConfigKeys (ConfUtils.java:logGet(43)) - raft.server.log.appender.buffer.byte-limit = 33554432 (custom)
2019-11-14 22:00:16,236 [pool-47-thread-1] INFO  server.RaftServerConfigKeys (ConfUtils.java:logGet(43)) - raft.server.log.segment.size.max = 1048576 (custom)
2019-11-14 22:00:16,237 [pool-47-thread-1] INFO  server.RaftServerConfigKeys (ConfUtils.java:logGet(43)) - raft.server.log.segment.cache.num.max = 2 (custom)
2019-11-14 22:00:16,237 [pool-47-thread-1] INFO  segmented.SegmentedRaftLogWorker (SegmentedRaftLogWorker.java:<init>(173)) - new ade3db1e-08d9-4ea6-84ca-25063f16f31b@group-120432A5BC94-SegmentedRaftLogWorker for RaftStorage:Storage Directory /workdir/hadoop-ozone/tools/target/test-dir/MiniOzoneClusterImpl-a2daa8b5-5e46-43ba-9bcc-283e13a4cd9f/datanode-2/data/ratis/672bffd2-8ca2-45e8-9e50-120432a5bc94
2019-11-14 22:00:16,237 [pool-47-thread-1] INFO  server.RaftServerConfigKeys (ConfUtils.java:logGet(43)) - raft.server.log.queue.byte-limit = 2147483647 (custom)
2019-11-14 22:00:16,237 [pool-47-thread-1] INFO  server.RaftServerConfigKeys (ConfUtils.java:logGet(43)) - raft.server.log.queue.element-limit = 1024 (custom)
2019-11-14 22:00:16,237 [pool-47-thread-1] INFO  server.RaftServerConfigKeys (ConfUtils.java:logGet(43)) - raft.server.log.segment.size.max = 1048576 (custom)
2019-11-14 22:00:16,237 [pool-47-thread-1] INFO  server.RaftServerConfigKeys (ConfUtils.java:logGet(43)) - raft.server.log.preallocated.size = 16384 (custom)
2019-11-14 22:00:16,237 [pool-47-thread-1] INFO  server.RaftServerConfigKeys (ConfUtils.java:logGet(43)) - raft.server.log.write.buffer.size = 33554432 (custom)
2019-11-14 22:00:16,237 [pool-47-thread-1] INFO  server.RaftServerConfigKeys (ConfUtils.java:logGet(43)) - raft.server.log.force.sync.num = 128 (default)
2019-11-14 22:00:16,237 [pool-47-thread-1] INFO  server.RaftServerConfigKeys (ConfUtils.java:logGet(43)) - raft.server.log.statemachine.data.sync = true (default)
2019-11-14 22:00:16,237 [pool-47-thread-1] INFO  server.RaftServerConfigKeys (ConfUtils.java:logGet(43)) - raft.server.log.statemachine.data.sync.timeout = 10s (default)
2019-11-14 22:00:16,238 [pool-47-thread-1] INFO  server.RaftServerConfigKeys (ConfUtils.java:logGet(43)) - raft.server.log.statemachine.data.sync.timeout.retry = -1 (default)
2019-11-14 22:00:16,238 [pool-47-thread-1] INFO  server.RaftServerConfigKeys (ConfUtils.java:logGet(43)) - raft.server.log.statemachine.data.caching.enabled = true (custom)
2019-11-14 22:00:16,254 [pool-47-thread-1] INFO  segmented.SegmentedRaftLogWorker (SegmentedRaftLogWorker.java:lambda$new$0(128)) - ade3db1e-08d9-4ea6-84ca-25063f16f31b@group-120432A5BC94-SegmentedRaftLogWorker: flushIndex: setUnconditionally 0 -> -1
2019-11-14 22:00:16,254 [pool-47-thread-1] INFO  server.RaftServerConfigKeys (ConfUtils.java:logGet(43)) - raft.server.snapshot.auto.trigger.enabled = true (custom)
2019-11-14 22:00:16,254 [pool-47-thread-1] INFO  server.RaftServerConfigKeys (ConfUtils.java:logGet(43)) - raft.server.snapshot.auto.trigger.threshold = 10000 (custom)
2019-11-14 22:00:16,255 [pool-47-thread-1] INFO  server.RaftServerConfigKeys (ConfUtils.java:logGet(43)) - raft.server.snapshot.retention.file.num = 5 (custom)
2019-11-14 22:00:16,255 [pool-47-thread-1] INFO  server.RaftServerConfigKeys (ConfUtils.java:logGet(43)) - raft.server.retrycache.expirytime = 600000ms (custom)
2019-11-14 22:00:16,255 [pool-47-thread-1] WARN  impl.MetricRegistriesImpl (MetricRegistriesImpl.java:lambda$create$1(61)) - First MetricRegistry has been created without registering reporters. You may need to call MetricRegistries.global().addReportRegistration(...) before.
2019-11-14 22:00:16,256 [pool-47-thread-1] WARN  impl.MetricRegistriesImpl (MetricRegistriesImpl.java:lambda$create$1(61)) - First MetricRegistry has been created without registering reporters. You may need to call MetricRegistries.global().addReportRegistration(...) before.
2019-11-14 22:00:16,256 [pool-47-thread-1] INFO  impl.RaftServerImpl (RaftServerImpl.java:start(184)) - ade3db1e-08d9-4ea6-84ca-25063f16f31b@group-120432A5BC94: start as a follower, conf=-1: [ade3db1e-08d9-4ea6-84ca-25063f16f31b:192.168.69.92:43556, dcaf7993-3da1-4fdc-9369-e253b54d258e:192.168.69.92:34620, ccf94327-bf2f-46ae-9ac4-f8667e34d10b:192.168.69.92:45537], old=null
2019-11-14 22:00:16,256 [pool-47-thread-1] INFO  impl.RaftServerImpl (RaftServerImpl.java:setRole(173)) - ade3db1e-08d9-4ea6-84ca-25063f16f31b@group-120432A5BC94: changes role from      null to FOLLOWER at term 0 for startAsFollower
2019-11-14 22:00:16,256 [pool-47-thread-1] INFO  impl.RoleInfo (RoleInfo.java:updateAndGet(143)) - ade3db1e-08d9-4ea6-84ca-25063f16f31b: start FollowerState
2019-11-14 22:00:16,257 [pool-47-thread-1] INFO  util.JmxRegister (JmxRegister.java:tryRegister(44)) - Successfully registered JMX Bean with object name Ratis:service=RaftServer,group=group-120432A5BC94,id=ade3db1e-08d9-4ea6-84ca-25063f16f31b
2019-11-14 22:00:16,257 [pool-47-thread-1] WARN  impl.MetricRegistriesImpl (MetricRegistriesImpl.java:lambda$create$1(61)) - First MetricRegistry has been created without registering reporters. You may need to call MetricRegistries.global().addReportRegistration(...) before.
2019-11-14 22:00:16,258 [main] INFO  freon.RandomKeyGenerator (RandomKeyGenerator.java:call(283)) - Number of Threads: 10
2019-11-14 22:00:16,258 [main] INFO  freon.RandomKeyGenerator (RandomKeyGenerator.java:call(288)) - Number of Volumes: 1.
2019-11-14 22:00:16,258 [main] INFO  freon.RandomKeyGenerator (RandomKeyGenerator.java:call(289)) - Number of Buckets per Volume: 1.
2019-11-14 22:00:16,258 [main] INFO  freon.RandomKeyGenerator (RandomKeyGenerator.java:call(290)) - Number of Keys per Bucket: 1.
2019-11-14 22:00:16,258 [main] INFO  freon.RandomKeyGenerator (RandomKeyGenerator.java:call(291)) - Key size: 20971520 bytes
2019-11-14 22:00:16,260 [main] INFO  freon.RandomKeyGenerator (RandomKeyGenerator.java:call(292)) - Buffer size: 4096 bytes
2019-11-14 22:00:16,260 [main] INFO  freon.RandomKeyGenerator (RandomKeyGenerator.java:call(293)) - validateWrites : true
2019-11-14 22:00:16,261 [pool-59-thread-1] INFO  rpc.RpcClient (RpcClient.java:createVolume(292)) - Creating Volume: vol-0-29243, with jenkins1000 as owner.
2019-11-14 22:00:16,261 [main] INFO  freon.RandomKeyGenerator (RandomKeyGenerator.java:call(307)) - Data validation is enabled.
2019-11-14 22:00:16,261 [main] INFO  freon.RandomKeyGenerator (RandomKeyGenerator.java:call(313)) - Starting progress bar Thread.

2019-11-14 22:00:16,262 [pool-37-thread-1] INFO  storage.RaftStorage (RaftStorage.java:format(84)) - Storage directory /workdir/hadoop-ozone/tools/target/test-dir/MiniOzoneClusterImpl-a2daa8b5-5e46-43ba-9bcc-283e13a4cd9f/datanode-1/data/ratis/672bffd2-8ca2-45e8-9e50-120432a5bc94 has been successfully formatted.
 0.00% |?                                                                                                    |  0/1 Time: 0:00:002019-11-14 22:00:16,262 [pool-27-thread-1] INFO  storage.RaftStorage (RaftStorage.java:format(84)) - Storage directory /workdir/hadoop-ozone/tools/target/test-dir/MiniOzoneClusterImpl-a2daa8b5-5e46-43ba-9bcc-283e13a4cd9f/datanode-0/data/ratis/672bffd2-8ca2-45e8-9e50-120432a5bc94 has been successfully formatted.
2019-11-14 22:00:16,262 [pool-37-thread-1] INFO  ratis.ContainerStateMachine (ContainerStateMachine.java:loadSnapshot(223)) - group-120432A5BC94: The snapshot info is null. Setting the last applied indexto:(t:0, i:~)
2019-11-14 22:00:16,262 [pool-37-thread-1] INFO  server.RaftServerConfigKeys (ConfUtils.java:logGet(43)) - raft.server.notification.no-leader.timeout = 120s (custom)
2019-11-14 22:00:16,263 [pool-37-thread-1] INFO  server.RaftServerConfigKeys (ConfUtils.java:logGet(43)) - raft.server.log.use.memory = false (default)
2019-11-14 22:00:16,263 [pool-37-thread-1] INFO  server.RaftServerConfigKeys (ConfUtils.java:logGet(43)) - raft.server.log.purge.gap = 1000000 (custom)
2019-11-14 22:00:16,263 [pool-37-thread-1] INFO  server.RaftServerConfigKeys (ConfUtils.java:logGet(43)) - raft.server.log.appender.buffer.byte-limit = 33554432 (custom)
2019-11-14 22:00:16,263 [pool-37-thread-1] INFO  server.RaftServerConfigKeys (ConfUtils.java:logGet(43)) - raft.server.log.segment.size.max = 1048576 (custom)
2019-11-14 22:00:16,263 [pool-37-thread-1] INFO  server.RaftServerConfigKeys (ConfUtils.java:logGet(43)) - raft.server.log.segment.cache.num.max = 2 (custom)
2019-11-14 22:00:16,263 [pool-37-thread-1] INFO  segmented.SegmentedRaftLogWorker (SegmentedRaftLogWorker.java:<init>(173)) - new ccf94327-bf2f-46ae-9ac4-f8667e34d10b@group-120432A5BC94-SegmentedRaftLogWorker for RaftStorage:Storage Directory /workdir/hadoop-ozone/tools/target/test-dir/MiniOzoneClusterImpl-a2daa8b5-5e46-43ba-9bcc-283e13a4cd9f/datanode-1/data/ratis/672bffd2-8ca2-45e8-9e50-120432a5bc94
2019-11-14 22:00:16,263 [pool-37-thread-1] INFO  server.RaftServerConfigKeys (ConfUtils.java:logGet(43)) - raft.server.log.queue.byte-limit = 2147483647 (custom)
2019-11-14 22:00:16,263 [pool-37-thread-1] INFO  server.RaftServerConfigKeys (ConfUtils.java:logGet(43)) - raft.server.log.queue.element-limit = 1024 (custom)
2019-11-14 22:00:16,264 [pool-37-thread-1] INFO  server.RaftServerConfigKeys (ConfUtils.java:logGet(43)) - raft.server.log.segment.size.max = 1048576 (custom)
2019-11-14 22:00:16,264 [pool-37-thread-1] INFO  server.RaftServerConfigKeys (ConfUtils.java:logGet(43)) - raft.server.log.preallocated.size = 16384 (custom)
2019-11-14 22:00:16,264 [IPC Server handler 7 on 40141] INFO  volume.OMVolumeCreateRequest (OMVolumeCreateRequest.java:validateAndUpdateCache(193)) - created volume:vol-0-29243 for user:jenkins1000
2019-11-14 22:00:16,264 [pool-37-thread-1] INFO  server.RaftServerConfigKeys (ConfUtils.java:logGet(43)) - raft.server.log.write.buffer.size = 33554432 (custom)
2019-11-14 22:00:16,265 [pool-37-thread-1] INFO  server.RaftServerConfigKeys (ConfUtils.java:logGet(43)) - raft.server.log.force.sync.num = 128 (default)
2019-11-14 22:00:16,265 [pool-37-thread-1] INFO  server.RaftServerConfigKeys (ConfUtils.java:logGet(43)) - raft.server.log.statemachine.data.sync = true (default)
2019-11-14 22:00:16,265 [pool-37-thread-1] INFO  server.RaftServerConfigKeys (ConfUtils.java:logGet(43)) - raft.server.log.statemachine.data.sync.timeout = 10s (default)
2019-11-14 22:00:16,265 [pool-37-thread-1] INFO  server.RaftServerConfigKeys (ConfUtils.java:logGet(43)) - raft.server.log.statemachine.data.sync.timeout.retry = -1 (default)
2019-11-14 22:00:16,265 [pool-37-thread-1] INFO  server.RaftServerConfigKeys (ConfUtils.java:logGet(43)) - raft.server.log.statemachine.data.caching.enabled = true (custom)
2019-11-14 22:00:16,287 [pool-37-thread-1] INFO  segmented.SegmentedRaftLogWorker (SegmentedRaftLogWorker.java:lambda$new$0(128)) - ccf94327-bf2f-46ae-9ac4-f8667e34d10b@group-120432A5BC94-SegmentedRaftLogWorker: flushIndex: setUnconditionally 0 -> -1
2019-11-14 22:00:16,287 [pool-27-thread-1] INFO  ratis.ContainerStateMachine (ContainerStateMachine.java:loadSnapshot(223)) - group-120432A5BC94: The snapshot info is null. Setting the last applied indexto:(t:0, i:~)
2019-11-14 22:00:16,288 [pool-37-thread-1] INFO  server.RaftServerConfigKeys (ConfUtils.java:logGet(43)) - raft.server.snapshot.auto.trigger.enabled = true (custom)
2019-11-14 22:00:16,288 [pool-27-thread-1] INFO  server.RaftServerConfigKeys (ConfUtils.java:logGet(43)) - raft.server.notification.no-leader.timeout = 120s (custom)
2019-11-14 22:00:16,288 [pool-37-thread-1] INFO  server.RaftServerConfigKeys (ConfUtils.java:logGet(43)) - raft.server.snapshot.auto.trigger.threshold = 10000 (custom)
2019-11-14 22:00:16,288 [pool-27-thread-1] INFO  server.RaftServerConfigKeys (ConfUtils.java:logGet(43)) - raft.server.log.use.memory = false (default)
2019-11-14 22:00:16,288 [pool-37-thread-1] INFO  server.RaftServerConfigKeys (ConfUtils.java:logGet(43)) - raft.server.snapshot.retention.file.num = 5 (custom)
2019-11-14 22:00:16,288 [pool-27-thread-1] INFO  server.RaftServerConfigKeys (ConfUtils.java:logGet(43)) - raft.server.log.purge.gap = 1000000 (custom)
2019-11-14 22:00:16,288 [pool-37-thread-1] INFO  server.RaftServerConfigKeys (ConfUtils.java:logGet(43)) - raft.server.retrycache.expirytime = 600000ms (custom)
2019-11-14 22:00:16,289 [pool-27-thread-1] INFO  server.RaftServerConfigKeys (ConfUtils.java:logGet(43)) - raft.server.log.appender.buffer.byte-limit = 33554432 (custom)
2019-11-14 22:00:16,289 [pool-37-thread-1] WARN  impl.MetricRegistriesImpl (MetricRegistriesImpl.java:lambda$create$1(61)) - First MetricRegistry has been created without registering reporters. You may need to call MetricRegistries.global().addReportRegistration(...) before.
2019-11-14 22:00:16,289 [pool-27-thread-1] INFO  server.RaftServerConfigKeys (ConfUtils.java:logGet(43)) - raft.server.log.segment.size.max = 1048576 (custom)
2019-11-14 22:00:16,289 [pool-37-thread-1] WARN  impl.MetricRegistriesImpl (MetricRegistriesImpl.java:lambda$create$1(61)) - First MetricRegistry has been created without registering reporters. You may need to call MetricRegistries.global().addReportRegistration(...) before.
2019-11-14 22:00:16,289 [pool-27-thread-1] INFO  server.RaftServerConfigKeys (ConfUtils.java:logGet(43)) - raft.server.log.segment.cache.num.max = 2 (custom)
2019-11-14 22:00:16,289 [pool-37-thread-1] INFO  impl.RaftServerImpl (RaftServerImpl.java:start(184)) - ccf94327-bf2f-46ae-9ac4-f8667e34d10b@group-120432A5BC94: start as a follower, conf=-1: [ade3db1e-08d9-4ea6-84ca-25063f16f31b:192.168.69.92:43556, dcaf7993-3da1-4fdc-9369-e253b54d258e:192.168.69.92:34620, ccf94327-bf2f-46ae-9ac4-f8667e34d10b:192.168.69.92:45537], old=null
2019-11-14 22:00:16,289 [pool-27-thread-1] INFO  segmented.SegmentedRaftLogWorker (SegmentedRaftLogWorker.java:<init>(173)) - new dcaf7993-3da1-4fdc-9369-e253b54d258e@group-120432A5BC94-SegmentedRaftLogWorker for RaftStorage:Storage Directory /workdir/hadoop-ozone/tools/target/test-dir/MiniOzoneClusterImpl-a2daa8b5-5e46-43ba-9bcc-283e13a4cd9f/datanode-0/data/ratis/672bffd2-8ca2-45e8-9e50-120432a5bc94
2019-11-14 22:00:16,290 [pool-37-thread-1] INFO  impl.RaftServerImpl (RaftServerImpl.java:setRole(173)) - ccf94327-bf2f-46ae-9ac4-f8667e34d10b@group-120432A5BC94: changes role from      null to FOLLOWER at term 0 for startAsFollower
2019-11-14 22:00:16,290 [pool-27-thread-1] INFO  server.RaftServerConfigKeys (ConfUtils.java:logGet(43)) - raft.server.log.queue.byte-limit = 2147483647 (custom)
2019-11-14 22:00:16,290 [pool-37-thread-1] INFO  impl.RoleInfo (RoleInfo.java:updateAndGet(143)) - ccf94327-bf2f-46ae-9ac4-f8667e34d10b: start FollowerState
2019-11-14 22:00:16,290 [pool-27-thread-1] INFO  server.RaftServerConfigKeys (ConfUtils.java:logGet(43)) - raft.server.log.queue.element-limit = 1024 (custom)
2019-11-14 22:00:16,290 [pool-27-thread-1] INFO  server.RaftServerConfigKeys (ConfUtils.java:logGet(43)) - raft.server.log.segment.size.max = 1048576 (custom)
2019-11-14 22:00:16,291 [pool-37-thread-1] INFO  util.JmxRegister (JmxRegister.java:tryRegister(44)) - Successfully registered JMX Bean with object name Ratis:service=RaftServer,group=group-120432A5BC94,id=ccf94327-bf2f-46ae-9ac4-f8667e34d10b
2019-11-14 22:00:16,291 [pool-27-thread-1] INFO  server.RaftServerConfigKeys (ConfUtils.java:logGet(43)) - raft.server.log.preallocated.size = 16384 (custom)
2019-11-14 22:00:16,291 [pool-37-thread-1] WARN  impl.MetricRegistriesImpl (MetricRegistriesImpl.java:lambda$create$1(61)) - First MetricRegistry has been created without registering reporters. You may need to call MetricRegistries.global().addReportRegistration(...) before.
2019-11-14 22:00:16,291 [pool-27-thread-1] INFO  server.RaftServerConfigKeys (ConfUtils.java:logGet(43)) - raft.server.log.write.buffer.size = 33554432 (custom)
2019-11-14 22:00:16,291 [pool-27-thread-1] INFO  server.RaftServerConfigKeys (ConfUtils.java:logGet(43)) - raft.server.log.force.sync.num = 128 (default)
2019-11-14 22:00:16,291 [pool-27-thread-1] INFO  server.RaftServerConfigKeys (ConfUtils.java:logGet(43)) - raft.server.log.statemachine.data.sync = true (default)
2019-11-14 22:00:16,292 [pool-27-thread-1] INFO  server.RaftServerConfigKeys (ConfUtils.java:logGet(43)) - raft.server.log.statemachine.data.sync.timeout = 10s (default)
2019-11-14 22:00:16,292 [pool-27-thread-1] INFO  server.RaftServerConfigKeys (ConfUtils.java:logGet(43)) - raft.server.log.statemachine.data.sync.timeout.retry = -1 (default)
2019-11-14 22:00:16,292 [pool-27-thread-1] INFO  server.RaftServerConfigKeys (ConfUtils.java:logGet(43)) - raft.server.log.statemachine.data.caching.enabled = true (custom)
2019-11-14 22:00:16,292 [pool-27-thread-1] INFO  segmented.SegmentedRaftLogWorker (SegmentedRaftLogWorker.java:lambda$new$0(128)) - dcaf7993-3da1-4fdc-9369-e253b54d258e@group-120432A5BC94-SegmentedRaftLogWorker: flushIndex: setUnconditionally 0 -> -1
2019-11-14 22:00:16,293 [pool-27-thread-1] INFO  server.RaftServerConfigKeys (ConfUtils.java:logGet(43)) - raft.server.snapshot.auto.trigger.enabled = true (custom)
2019-11-14 22:00:16,294 [pool-27-thread-1] INFO  server.RaftServerConfigKeys (ConfUtils.java:logGet(43)) - raft.server.snapshot.auto.trigger.threshold = 10000 (custom)
2019-11-14 22:00:16,294 [pool-27-thread-1] INFO  server.RaftServerConfigKeys (ConfUtils.java:logGet(43)) - raft.server.snapshot.retention.file.num = 5 (custom)
2019-11-14 22:00:16,294 [pool-27-thread-1] INFO  server.RaftServerConfigKeys (ConfUtils.java:logGet(43)) - raft.server.retrycache.expirytime = 600000ms (custom)
2019-11-14 22:00:16,295 [pool-27-thread-1] WARN  impl.MetricRegistriesImpl (MetricRegistriesImpl.java:lambda$create$1(61)) - First MetricRegistry has been created without registering reporters. You may need to call MetricRegistries.global().addReportRegistration(...) before.
2019-11-14 22:00:16,295 [pool-27-thread-1] WARN  impl.MetricRegistriesImpl (MetricRegistriesImpl.java:lambda$create$1(61)) - First MetricRegistry has been created without registering reporters. You may need to call MetricRegistries.global().addReportRegistration(...) before.
2019-11-14 22:00:16,295 [pool-27-thread-1] INFO  impl.RaftServerImpl (RaftServerImpl.java:start(184)) - dcaf7993-3da1-4fdc-9369-e253b54d258e@group-120432A5BC94: start as a follower, conf=-1: [ade3db1e-08d9-4ea6-84ca-25063f16f31b:192.168.69.92:43556, dcaf7993-3da1-4fdc-9369-e253b54d258e:192.168.69.92:34620, ccf94327-bf2f-46ae-9ac4-f8667e34d10b:192.168.69.92:45537], old=null
2019-11-14 22:00:16,295 [pool-27-thread-1] INFO  impl.RaftServerImpl (RaftServerImpl.java:setRole(173)) - dcaf7993-3da1-4fdc-9369-e253b54d258e@group-120432A5BC94: changes role from      null to FOLLOWER at term 0 for startAsFollower
2019-11-14 22:00:16,295 [pool-27-thread-1] INFO  impl.RoleInfo (RoleInfo.java:updateAndGet(143)) - dcaf7993-3da1-4fdc-9369-e253b54d258e: start FollowerState
2019-11-14 22:00:16,296 [pool-27-thread-1] INFO  util.JmxRegister (JmxRegister.java:tryRegister(44)) - Successfully registered JMX Bean with object name Ratis:service=RaftServer,group=group-120432A5BC94,id=dcaf7993-3da1-4fdc-9369-e253b54d258e
2019-11-14 22:00:16,296 [pool-27-thread-1] WARN  impl.MetricRegistriesImpl (MetricRegistriesImpl.java:lambda$create$1(61)) - First MetricRegistry has been created without registering reporters. You may need to call MetricRegistries.global().addReportRegistration(...) before.
2019-11-14 22:00:16,300 [RatisPipelineUtilsThread] INFO  pipeline.PipelineStateManager (PipelineStateManager.java:addPipeline(55)) - Created pipeline Pipeline[ Id: 672bffd2-8ca2-45e8-9e50-120432a5bc94, Nodes: ccf94327-bf2f-46ae-9ac4-f8667e34d10b{ip: 192.168.69.92, host: pr-hdds-2487-rmf7g-1521005275, networkLocation: /default-rack, certSerialId: null}ade3db1e-08d9-4ea6-84ca-25063f16f31b{ip: 192.168.69.92, host: pr-hdds-2487-rmf7g-1521005275, networkLocation: /default-rack, certSerialId: null}dcaf7993-3da1-4fdc-9369-e253b54d258e{ip: 192.168.69.92, host: pr-hdds-2487-rmf7g-1521005275, networkLocation: /default-rack, certSerialId: null}, Type:RATIS, Factor:THREE, State:ALLOCATED]
2019-11-14 22:00:16,321 [pool-59-thread-2] INFO  rpc.RpcClient (RpcClient.java:createBucket(431)) - Creating Bucket: vol-0-29243/bucket-0-95306, with Versioning false and Storage Type set to DISK and Encryption set to false 
2019-11-14 22:00:16,377 [IPC Server handler 0 on 44739] WARN  block.BlockManagerImpl (BlockManagerImpl.java:allocateBlock(200)) - Pipeline creation failed for type:RATIS factor:THREE. Retrying get pipelines call once.
org.apache.hadoop.hdds.scm.pipeline.InsufficientDatanodesException: Cannot create pipeline of factor 3 using 0 nodes.
	at org.apache.hadoop.hdds.scm.pipeline.RatisPipelineProvider.create(RatisPipelineProvider.java:153)
	at org.apache.hadoop.hdds.scm.pipeline.PipelineFactory.create(PipelineFactory.java:58)
	at org.apache.hadoop.hdds.scm.pipeline.SCMPipelineManager.createPipeline(SCMPipelineManager.java:155)
	at org.apache.hadoop.hdds.scm.block.BlockManagerImpl.allocateBlock(BlockManagerImpl.java:198)
	at org.apache.hadoop.hdds.scm.server.SCMBlockProtocolServer.allocateBlock(SCMBlockProtocolServer.java:187)
	at org.apache.hadoop.hdds.scm.protocol.ScmBlockLocationProtocolServerSideTranslatorPB.allocateScmBlock(ScmBlockLocationProtocolServerSideTranslatorPB.java:159)
	at org.apache.hadoop.hdds.scm.protocol.ScmBlockLocationProtocolServerSideTranslatorPB.processMessage(ScmBlockLocationProtocolServerSideTranslatorPB.java:117)
	at org.apache.hadoop.hdds.server.OzoneProtocolMessageDispatcher.processRequest(OzoneProtocolMessageDispatcher.java:72)
	at org.apache.hadoop.hdds.scm.protocol.ScmBlockLocationProtocolServerSideTranslatorPB.send(ScmBlockLocationProtocolServerSideTranslatorPB.java:98)
	at org.apache.hadoop.hdds.protocol.proto.ScmBlockLocationProtocolProtos$ScmBlockLocationProtocolService$2.callBlockingMethod(ScmBlockLocationProtocolProtos.java:13157)
	at org.apache.hadoop.ipc.ProtobufRpcEngine$Server$ProtoBufRpcInvoker.call(ProtobufRpcEngine.java:524)
	at org.apache.hadoop.ipc.RPC$Server.call(RPC.java:1025)
	at org.apache.hadoop.ipc.Server$RpcCall.run(Server.java:876)
	at org.apache.hadoop.ipc.Server$RpcCall.run(Server.java:822)
	at java.security.AccessController.doPrivileged(Native Method)
	at javax.security.auth.Subject.doAs(Subject.java:422)
	at org.apache.hadoop.security.UserGroupInformation.doAs(UserGroupInformation.java:1730)
	at org.apache.hadoop.ipc.Server$Handler.run(Server.java:2682)
2019-11-14 22:00:16,379 [IPC Server handler 0 on 44739] INFO  block.BlockManagerImpl (BlockManagerImpl.java:allocateBlock(212)) - Could not find available pipeline of type:RATIS and factor:THREE even after retrying
2019-11-14 22:00:16,379 [IPC Server handler 0 on 44739] ERROR block.BlockManagerImpl (BlockManagerImpl.java:allocateBlock(236)) - Unable to allocate a block for the size: 4194304, type: RATIS, factor: THREE
2019-11-14 22:00:16,381 [IPC Server handler 0 on 44739] WARN  block.BlockManagerImpl (BlockManagerImpl.java:allocateBlock(200)) - Pipeline creation failed for type:RATIS factor:THREE. Retrying get pipelines call once.
org.apache.hadoop.hdds.scm.pipeline.InsufficientDatanodesException: Cannot create pipeline of factor 3 using 0 nodes.
	at org.apache.hadoop.hdds.scm.pipeline.RatisPipelineProvider.create(RatisPipelineProvider.java:153)
	at org.apache.hadoop.hdds.scm.pipeline.PipelineFactory.create(PipelineFactory.java:58)
	at org.apache.hadoop.hdds.scm.pipeline.SCMPipelineManager.createPipeline(SCMPipelineManager.java:155)
	at org.apache.hadoop.hdds.scm.block.BlockManagerImpl.allocateBlock(BlockManagerImpl.java:198)
	at org.apache.hadoop.hdds.scm.server.SCMBlockProtocolServer.allocateBlock(SCMBlockProtocolServer.java:187)
	at org.apache.hadoop.hdds.scm.protocol.ScmBlockLocationProtocolServerSideTranslatorPB.allocateScmBlock(ScmBlockLocationProtocolServerSideTranslatorPB.java:159)
	at org.apache.hadoop.hdds.scm.protocol.ScmBlockLocationProtocolServerSideTranslatorPB.processMessage(ScmBlockLocationProtocolServerSideTranslatorPB.java:117)
	at org.apache.hadoop.hdds.server.OzoneProtocolMessageDispatcher.processRequest(OzoneProtocolMessageDispatcher.java:72)
	at org.apache.hadoop.hdds.scm.protocol.ScmBlockLocationProtocolServerSideTranslatorPB.send(ScmBlockLocationProtocolServerSideTranslatorPB.java:98)
	at org.apache.hadoop.hdds.protocol.proto.ScmBlockLocationProtocolProtos$ScmBlockLocationProtocolService$2.callBlockingMethod(ScmBlockLocationProtocolProtos.java:13157)
	at org.apache.hadoop.ipc.ProtobufRpcEngine$Server$ProtoBufRpcInvoker.call(ProtobufRpcEngine.java:524)
	at org.apache.hadoop.ipc.RPC$Server.call(RPC.java:1025)
	at org.apache.hadoop.ipc.Server$RpcCall.run(Server.java:876)
	at org.apache.hadoop.ipc.Server$RpcCall.run(Server.java:822)
	at java.security.AccessController.doPrivileged(Native Method)
	at javax.security.auth.Subject.doAs(Subject.java:422)
	at org.apache.hadoop.security.UserGroupInformation.doAs(UserGroupInformation.java:1730)
	at org.apache.hadoop.ipc.Server$Handler.run(Server.java:2682)
2019-11-14 22:00:16,381 [IPC Server handler 0 on 44739] INFO  block.BlockManagerImpl (BlockManagerImpl.java:allocateBlock(212)) - Could not find available pipeline of type:RATIS and factor:THREE even after retrying
2019-11-14 22:00:16,381 [IPC Server handler 0 on 44739] ERROR block.BlockManagerImpl (BlockManagerImpl.java:allocateBlock(236)) - Unable to allocate a block for the size: 4194304, type: RATIS, factor: THREE
2019-11-14 22:00:16,382 [IPC Server handler 0 on 44739] WARN  block.BlockManagerImpl (BlockManagerImpl.java:allocateBlock(200)) - Pipeline creation failed for type:RATIS factor:THREE. Retrying get pipelines call once.
org.apache.hadoop.hdds.scm.pipeline.InsufficientDatanodesException: Cannot create pipeline of factor 3 using 0 nodes.
	at org.apache.hadoop.hdds.scm.pipeline.RatisPipelineProvider.create(RatisPipelineProvider.java:153)
	at org.apache.hadoop.hdds.scm.pipeline.PipelineFactory.create(PipelineFactory.java:58)
	at org.apache.hadoop.hdds.scm.pipeline.SCMPipelineManager.createPipeline(SCMPipelineManager.java:155)
	at org.apache.hadoop.hdds.scm.block.BlockManagerImpl.allocateBlock(BlockManagerImpl.java:198)
	at org.apache.hadoop.hdds.scm.server.SCMBlockProtocolServer.allocateBlock(SCMBlockProtocolServer.java:187)
	at org.apache.hadoop.hdds.scm.protocol.ScmBlockLocationProtocolServerSideTranslatorPB.allocateScmBlock(ScmBlockLocationProtocolServerSideTranslatorPB.java:159)
	at org.apache.hadoop.hdds.scm.protocol.ScmBlockLocationProtocolServerSideTranslatorPB.processMessage(ScmBlockLocationProtocolServerSideTranslatorPB.java:117)
	at org.apache.hadoop.hdds.server.OzoneProtocolMessageDispatcher.processRequest(OzoneProtocolMessageDispatcher.java:72)
	at org.apache.hadoop.hdds.scm.protocol.ScmBlockLocationProtocolServerSideTranslatorPB.send(ScmBlockLocationProtocolServerSideTranslatorPB.java:98)
	at org.apache.hadoop.hdds.protocol.proto.ScmBlockLocationProtocolProtos$ScmBlockLocationProtocolService$2.callBlockingMethod(ScmBlockLocationProtocolProtos.java:13157)
	at org.apache.hadoop.ipc.ProtobufRpcEngine$Server$ProtoBufRpcInvoker.call(ProtobufRpcEngine.java:524)
	at org.apache.hadoop.ipc.RPC$Server.call(RPC.java:1025)
	at org.apache.hadoop.ipc.Server$RpcCall.run(Server.java:876)
	at org.apache.hadoop.ipc.Server$RpcCall.run(Server.java:822)
	at java.security.AccessController.doPrivileged(Native Method)
	at javax.security.auth.Subject.doAs(Subject.java:422)
	at org.apache.hadoop.security.UserGroupInformation.doAs(UserGroupInformation.java:1730)
	at org.apache.hadoop.ipc.Server$Handler.run(Server.java:2682)
2019-11-14 22:00:16,382 [IPC Server handler 0 on 44739] INFO  block.BlockManagerImpl (BlockManagerImpl.java:allocateBlock(212)) - Could not find available pipeline of type:RATIS and factor:THREE even after retrying
2019-11-14 22:00:16,382 [IPC Server handler 0 on 44739] ERROR block.BlockManagerImpl (BlockManagerImpl.java:allocateBlock(236)) - Unable to allocate a block for the size: 4194304, type: RATIS, factor: THREE
2019-11-14 22:00:16,383 [IPC Server handler 0 on 44739] WARN  block.BlockManagerImpl (BlockManagerImpl.java:allocateBlock(200)) - Pipeline creation failed for type:RATIS factor:THREE. Retrying get pipelines call once.
org.apache.hadoop.hdds.scm.pipeline.InsufficientDatanodesException: Cannot create pipeline of factor 3 using 0 nodes.
	at org.apache.hadoop.hdds.scm.pipeline.RatisPipelineProvider.create(RatisPipelineProvider.java:153)
	at org.apache.hadoop.hdds.scm.pipeline.PipelineFactory.create(PipelineFactory.java:58)
	at org.apache.hadoop.hdds.scm.pipeline.SCMPipelineManager.createPipeline(SCMPipelineManager.java:155)
	at org.apache.hadoop.hdds.scm.block.BlockManagerImpl.allocateBlock(BlockManagerImpl.java:198)
	at org.apache.hadoop.hdds.scm.server.SCMBlockProtocolServer.allocateBlock(SCMBlockProtocolServer.java:187)
	at org.apache.hadoop.hdds.scm.protocol.ScmBlockLocationProtocolServerSideTranslatorPB.allocateScmBlock(ScmBlockLocationProtocolServerSideTranslatorPB.java:159)
	at org.apache.hadoop.hdds.scm.protocol.ScmBlockLocationProtocolServerSideTranslatorPB.processMessage(ScmBlockLocationProtocolServerSideTranslatorPB.java:117)
	at org.apache.hadoop.hdds.server.OzoneProtocolMessageDispatcher.processRequest(OzoneProtocolMessageDispatcher.java:72)
	at org.apache.hadoop.hdds.scm.protocol.ScmBlockLocationProtocolServerSideTranslatorPB.send(ScmBlockLocationProtocolServerSideTranslatorPB.java:98)
	at org.apache.hadoop.hdds.protocol.proto.ScmBlockLocationProtocolProtos$ScmBlockLocationProtocolService$2.callBlockingMethod(ScmBlockLocationProtocolProtos.java:13157)
	at org.apache.hadoop.ipc.ProtobufRpcEngine$Server$ProtoBufRpcInvoker.call(ProtobufRpcEngine.java:524)
	at org.apache.hadoop.ipc.RPC$Server.call(RPC.java:1025)
	at org.apache.hadoop.ipc.Server$RpcCall.run(Server.java:876)
	at org.apache.hadoop.ipc.Server$RpcCall.run(Server.java:822)
	at java.security.AccessController.doPrivileged(Native Method)
	at javax.security.auth.Subject.doAs(Subject.java:422)
	at org.apache.hadoop.security.UserGroupInformation.doAs(UserGroupInformation.java:1730)
	at org.apache.hadoop.ipc.Server$Handler.run(Server.java:2682)
2019-11-14 22:00:16,383 [IPC Server handler 0 on 44739] INFO  block.BlockManagerImpl (BlockManagerImpl.java:allocateBlock(212)) - Could not find available pipeline of type:RATIS and factor:THREE even after retrying
2019-11-14 22:00:16,383 [IPC Server handler 0 on 44739] ERROR block.BlockManagerImpl (BlockManagerImpl.java:allocateBlock(236)) - Unable to allocate a block for the size: 4194304, type: RATIS, factor: THREE
2019-11-14 22:00:16,383 [IPC Server handler 0 on 44739] WARN  block.BlockManagerImpl (BlockManagerImpl.java:allocateBlock(200)) - Pipeline creation failed for type:RATIS factor:THREE. Retrying get pipelines call once.
org.apache.hadoop.hdds.scm.pipeline.InsufficientDatanodesException: Cannot create pipeline of factor 3 using 0 nodes.
	at org.apache.hadoop.hdds.scm.pipeline.RatisPipelineProvider.create(RatisPipelineProvider.java:153)
	at org.apache.hadoop.hdds.scm.pipeline.PipelineFactory.create(PipelineFactory.java:58)
	at org.apache.hadoop.hdds.scm.pipeline.SCMPipelineManager.createPipeline(SCMPipelineManager.java:155)
	at org.apache.hadoop.hdds.scm.block.BlockManagerImpl.allocateBlock(BlockManagerImpl.java:198)
	at org.apache.hadoop.hdds.scm.server.SCMBlockProtocolServer.allocateBlock(SCMBlockProtocolServer.java:187)
	at org.apache.hadoop.hdds.scm.protocol.ScmBlockLocationProtocolServerSideTranslatorPB.allocateScmBlock(ScmBlockLocationProtocolServerSideTranslatorPB.java:159)
	at org.apache.hadoop.hdds.scm.protocol.ScmBlockLocationProtocolServerSideTranslatorPB.processMessage(ScmBlockLocationProtocolServerSideTranslatorPB.java:117)
	at org.apache.hadoop.hdds.server.OzoneProtocolMessageDispatcher.processRequest(OzoneProtocolMessageDispatcher.java:72)
	at org.apache.hadoop.hdds.scm.protocol.ScmBlockLocationProtocolServerSideTranslatorPB.send(ScmBlockLocationProtocolServerSideTranslatorPB.java:98)
	at org.apache.hadoop.hdds.protocol.proto.ScmBlockLocationProtocolProtos$ScmBlockLocationProtocolService$2.callBlockingMethod(ScmBlockLocationProtocolProtos.java:13157)
	at org.apache.hadoop.ipc.ProtobufRpcEngine$Server$ProtoBufRpcInvoker.call(ProtobufRpcEngine.java:524)
	at org.apache.hadoop.ipc.RPC$Server.call(RPC.java:1025)
	at org.apache.hadoop.ipc.Server$RpcCall.run(Server.java:876)
	at org.apache.hadoop.ipc.Server$RpcCall.run(Server.java:822)
	at java.security.AccessController.doPrivileged(Native Method)
	at javax.security.auth.Subject.doAs(Subject.java:422)
	at org.apache.hadoop.security.UserGroupInformation.doAs(UserGroupInformation.java:1730)
	at org.apache.hadoop.ipc.Server$Handler.run(Server.java:2682)
2019-11-14 22:00:16,384 [IPC Server handler 0 on 44739] INFO  block.BlockManagerImpl (BlockManagerImpl.java:allocateBlock(212)) - Could not find available pipeline of type:RATIS and factor:THREE even after retrying
2019-11-14 22:00:16,384 [IPC Server handler 0 on 44739] ERROR block.BlockManagerImpl (BlockManagerImpl.java:allocateBlock(236)) - Unable to allocate a block for the size: 4194304, type: RATIS, factor: THREE
2019-11-14 22:00:16,387 [pool-59-thread-3] ERROR freon.RandomKeyGenerator (RandomKeyGenerator.java:createKey(735)) - Exception while adding key: key-0-19661 in bucket: bucket-0-95306 of volume: vol-0-29243.
INTERNAL_ERROR org.apache.hadoop.ozone.om.exceptions.OMException: Allocated 0 blocks. Requested 5 blocks
	at org.apache.hadoop.ozone.om.protocolPB.OzoneManagerProtocolClientSideTranslatorPB.handleError(OzoneManagerProtocolClientSideTranslatorPB.java:761)
	at org.apache.hadoop.ozone.om.protocolPB.OzoneManagerProtocolClientSideTranslatorPB.openKey(OzoneManagerProtocolClientSideTranslatorPB.java:752)
	at sun.reflect.NativeMethodAccessorImpl.invoke0(Native Method)
	at sun.reflect.NativeMethodAccessorImpl.invoke(NativeMethodAccessorImpl.java:62)
	at sun.reflect.DelegatingMethodAccessorImpl.invoke(DelegatingMethodAccessorImpl.java:43)
	at java.lang.reflect.Method.invoke(Method.java:498)
	at org.apache.hadoop.hdds.tracing.TraceAllMethod.invoke(TraceAllMethod.java:66)
	at com.sun.proxy.$Proxy37.openKey(Unknown Source)
	at org.apache.hadoop.ozone.client.rpc.RpcClient.createKey(RpcClient.java:633)
	at org.apache.hadoop.ozone.client.OzoneBucket.createKey(OzoneBucket.java:325)
	at org.apache.hadoop.ozone.freon.RandomKeyGenerator.createKey(RandomKeyGenerator.java:697)
	at org.apache.hadoop.ozone.freon.RandomKeyGenerator.access$1100(RandomKeyGenerator.java:88)
	at org.apache.hadoop.ozone.freon.RandomKeyGenerator$ObjectCreator.run(RandomKeyGenerator.java:615)
	at java.util.concurrent.Executors$RunnableAdapter.call(Executors.java:511)
	at java.util.concurrent.FutureTask.run(FutureTask.java:266)
	at java.util.concurrent.ThreadPoolExecutor.runWorker(ThreadPoolExecutor.java:1149)
	at java.util.concurrent.ThreadPoolExecutor$Worker.run(ThreadPoolExecutor.java:624)
	at java.lang.Thread.run(Thread.java:748)
 0.00% |?                                                                                                    |  0/1 Time: 0:00:01 0.00% |?                                                                                                    |  0/1 Time: 0:00:02 0.00% |?                                                                                                    |  0/1 Time: 0:00:03 0.00% |?                                                                                                    |  0/1 Time: 0:00:04 100.00% |?????????????????????????????????????????????????????????????????????????????????????????????????????|  1/1 Time: 0:00:05
2019-11-14 22:00:21,344 [Thread-469] INFO  impl.FollowerState (FollowerState.java:run(111)) - ade3db1e-08d9-4ea6-84ca-25063f16f31b@group-120432A5BC94-FollowerState: change to CANDIDATE, lastRpcTime:5087ms, electionTimeout:5087ms
2019-11-14 22:00:21,344 [Thread-469] INFO  impl.RoleInfo (RoleInfo.java:shutdownFollowerState(121)) - ade3db1e-08d9-4ea6-84ca-25063f16f31b: shutdown FollowerState
2019-11-14 22:00:21,344 [Thread-469] INFO  impl.RaftServerImpl (RaftServerImpl.java:setRole(173)) - ade3db1e-08d9-4ea6-84ca-25063f16f31b@group-120432A5BC94: changes role from  FOLLOWER to CANDIDATE at term 0 for changeToCandidate
2019-11-14 22:00:21,344 [Thread-469] INFO  impl.RoleInfo (RoleInfo.java:updateAndGet(143)) - ade3db1e-08d9-4ea6-84ca-25063f16f31b: start LeaderElection
2019-11-14 22:00:21,346 [Thread-478] INFO  impl.FollowerState (FollowerState.java:run(111)) - dcaf7993-3da1-4fdc-9369-e253b54d258e@group-120432A5BC94-FollowerState: change to CANDIDATE, lastRpcTime:5050ms, electionTimeout:5050ms
2019-11-14 22:00:21,347 [Thread-478] INFO  impl.RoleInfo (RoleInfo.java:shutdownFollowerState(121)) - dcaf7993-3da1-4fdc-9369-e253b54d258e: shutdown FollowerState
2019-11-14 22:00:21,347 [Thread-478] INFO  impl.RaftServerImpl (RaftServerImpl.java:setRole(173)) - dcaf7993-3da1-4fdc-9369-e253b54d258e@group-120432A5BC94: changes role from  FOLLOWER to CANDIDATE at term 0 for changeToCandidate
2019-11-14 22:00:21,348 [Thread-478] INFO  impl.RoleInfo (RoleInfo.java:updateAndGet(143)) - dcaf7993-3da1-4fdc-9369-e253b54d258e: start LeaderElection
2019-11-14 22:00:21,374 [dcaf7993-3da1-4fdc-9369-e253b54d258e@group-120432A5BC94-LeaderElection6] INFO  impl.LeaderElection (LeaderElection.java:askForVotes(178)) - dcaf7993-3da1-4fdc-9369-e253b54d258e@group-120432A5BC94-LeaderElection6: begin an election at term 1 for -1: [ade3db1e-08d9-4ea6-84ca-25063f16f31b:192.168.69.92:43556, dcaf7993-3da1-4fdc-9369-e253b54d258e:192.168.69.92:34620, ccf94327-bf2f-46ae-9ac4-f8667e34d10b:192.168.69.92:45537], old=null
2019-11-14 22:00:21,375 [ade3db1e-08d9-4ea6-84ca-25063f16f31b@group-120432A5BC94-LeaderElection5] INFO  impl.LeaderElection (LeaderElection.java:askForVotes(178)) - ade3db1e-08d9-4ea6-84ca-25063f16f31b@group-120432A5BC94-LeaderElection5: begin an election at term 1 for -1: [ade3db1e-08d9-4ea6-84ca-25063f16f31b:192.168.69.92:43556, dcaf7993-3da1-4fdc-9369-e253b54d258e:192.168.69.92:34620, ccf94327-bf2f-46ae-9ac4-f8667e34d10b:192.168.69.92:45537], old=null
2019-11-14 22:00:21,389 [grpc-default-executor-0] INFO  impl.RaftServerImpl (RaftServerImpl.java:setRole(173)) - ccf94327-bf2f-46ae-9ac4-f8667e34d10b@group-120432A5BC94: changes role from  FOLLOWER to FOLLOWER at term 1 for recognizeCandidate:dcaf7993-3da1-4fdc-9369-e253b54d258e
2019-11-14 22:00:21,390 [grpc-default-executor-0] INFO  impl.RoleInfo (RoleInfo.java:shutdownFollowerState(121)) - ccf94327-bf2f-46ae-9ac4-f8667e34d10b: shutdown FollowerState
2019-11-14 22:00:21,391 [Thread-475] INFO  impl.FollowerState (FollowerState.java:run(120)) - ccf94327-bf2f-46ae-9ac4-f8667e34d10b@group-120432A5BC94-FollowerState was interrupted: java.lang.InterruptedException: sleep interrupted
2019-11-14 22:00:21,391 [grpc-default-executor-0] INFO  impl.RoleInfo (RoleInfo.java:updateAndGet(143)) - ccf94327-bf2f-46ae-9ac4-f8667e34d10b: start FollowerState
2019-11-14 22:00:21,426 [dcaf7993-3da1-4fdc-9369-e253b54d258e@group-120432A5BC94-LeaderElection6] INFO  impl.LeaderElection (LeaderElection.java:logAndReturn(56)) - dcaf7993-3da1-4fdc-9369-e253b54d258e@group-120432A5BC94-LeaderElection6: Election PASSED; received 2 response(s) [dcaf7993-3da1-4fdc-9369-e253b54d258e<-ade3db1e-08d9-4ea6-84ca-25063f16f31b#0:FAIL-t1, dcaf7993-3da1-4fdc-9369-e253b54d258e<-ccf94327-bf2f-46ae-9ac4-f8667e34d10b#0:OK-t1] and 0 exception(s); dcaf7993-3da1-4fdc-9369-e253b54d258e@group-120432A5BC94:t1, leader=null, voted=dcaf7993-3da1-4fdc-9369-e253b54d258e, raftlog=dcaf7993-3da1-4fdc-9369-e253b54d258e@group-120432A5BC94-SegmentedRaftLog:OPENED:c-1,f-1,i0, conf=-1: [ade3db1e-08d9-4ea6-84ca-25063f16f31b:192.168.69.92:43556, dcaf7993-3da1-4fdc-9369-e253b54d258e:192.168.69.92:34620, ccf94327-bf2f-46ae-9ac4-f8667e34d10b:192.168.69.92:45537], old=null
2019-11-14 22:00:21,427 [dcaf7993-3da1-4fdc-9369-e253b54d258e@group-120432A5BC94-LeaderElection6] INFO  impl.RoleInfo (RoleInfo.java:shutdownLeaderElection(134)) - dcaf7993-3da1-4fdc-9369-e253b54d258e: shutdown LeaderElection
2019-11-14 22:00:21,427 [ade3db1e-08d9-4ea6-84ca-25063f16f31b@group-120432A5BC94-LeaderElection5] INFO  impl.LeaderElection (LeaderElection.java:logAndReturn(56)) - ade3db1e-08d9-4ea6-84ca-25063f16f31b@group-120432A5BC94-LeaderElection5: Election REJECTED; received 2 response(s) [ade3db1e-08d9-4ea6-84ca-25063f16f31b<-dcaf7993-3da1-4fdc-9369-e253b54d258e#0:FAIL-t1, ade3db1e-08d9-4ea6-84ca-25063f16f31b<-ccf94327-bf2f-46ae-9ac4-f8667e34d10b#0:FAIL-t1] and 0 exception(s); ade3db1e-08d9-4ea6-84ca-25063f16f31b@group-120432A5BC94:t1, leader=null, voted=ade3db1e-08d9-4ea6-84ca-25063f16f31b, raftlog=ade3db1e-08d9-4ea6-84ca-25063f16f31b@group-120432A5BC94-SegmentedRaftLog:OPENED:c-1,f-1,i0, conf=-1: [ade3db1e-08d9-4ea6-84ca-25063f16f31b:192.168.69.92:43556, dcaf7993-3da1-4fdc-9369-e253b54d258e:192.168.69.92:34620, ccf94327-bf2f-46ae-9ac4-f8667e34d10b:192.168.69.92:45537], old=null
2019-11-14 22:00:21,428 [dcaf7993-3da1-4fdc-9369-e253b54d258e@group-120432A5BC94-LeaderElection6] INFO  impl.RaftServerImpl (RaftServerImpl.java:setRole(173)) - dcaf7993-3da1-4fdc-9369-e253b54d258e@group-120432A5BC94: changes role from CANDIDATE to LEADER at term 1 for changeToLeader
2019-11-14 22:00:21,429 [dcaf7993-3da1-4fdc-9369-e253b54d258e@group-120432A5BC94-LeaderElection6] INFO  ratis.XceiverServerRatis (XceiverServerRatis.java:handleLeaderChangedNotification(697)) - Leader change notification received for group: group-120432A5BC94 with new leaderId: dcaf7993-3da1-4fdc-9369-e253b54d258e
2019-11-14 22:00:21,429 [ade3db1e-08d9-4ea6-84ca-25063f16f31b@group-120432A5BC94-LeaderElection5] INFO  impl.RaftServerImpl (RaftServerImpl.java:setRole(173)) - ade3db1e-08d9-4ea6-84ca-25063f16f31b@group-120432A5BC94: changes role from CANDIDATE to FOLLOWER at term 1 for DISCOVERED_A_NEW_TERM
2019-11-14 22:00:21,430 [dcaf7993-3da1-4fdc-9369-e253b54d258e@group-120432A5BC94-LeaderElection6] INFO  impl.RaftServerImpl (ServerState.java:setLeader(255)) - dcaf7993-3da1-4fdc-9369-e253b54d258e@group-120432A5BC94: change Leader from null to dcaf7993-3da1-4fdc-9369-e253b54d258e at term 1 for becomeLeader, leader elected after 5140ms
2019-11-14 22:00:21,430 [ade3db1e-08d9-4ea6-84ca-25063f16f31b@group-120432A5BC94-LeaderElection5] INFO  impl.RoleInfo (RoleInfo.java:shutdownLeaderElection(134)) - ade3db1e-08d9-4ea6-84ca-25063f16f31b: shutdown LeaderElection
2019-11-14 22:00:21,430 [dcaf7993-3da1-4fdc-9369-e253b54d258e@group-120432A5BC94-LeaderElection6] INFO  server.RaftServerConfigKeys (ConfUtils.java:logGet(43)) - raft.server.staging.catchup.gap = 1000 (default)
2019-11-14 22:00:21,431 [dcaf7993-3da1-4fdc-9369-e253b54d258e@group-120432A5BC94-LeaderElection6] INFO  server.RaftServerConfigKeys (ConfUtils.java:logGet(43)) - raft.server.rpc.sleep.time = 25ms (default)
2019-11-14 22:00:21,431 [ade3db1e-08d9-4ea6-84ca-25063f16f31b@group-120432A5BC94-LeaderElection5] INFO  impl.RoleInfo (RoleInfo.java:updateAndGet(143)) - ade3db1e-08d9-4ea6-84ca-25063f16f31b: start FollowerState
2019-11-14 22:00:21,431 [dcaf7993-3da1-4fdc-9369-e253b54d258e@group-120432A5BC94-LeaderElection6] INFO  server.RaftServerConfigKeys (ConfUtils.java:logGet(43)) - raft.server.write.element-limit = 4096 (default)
2019-11-14 22:00:21,431 [dcaf7993-3da1-4fdc-9369-e253b54d258e@group-120432A5BC94-LeaderElection6] INFO  server.RaftServerConfigKeys (ConfUtils.java:logGet(43)) - raft.server.watch.timeout = 10s (default)
2019-11-14 22:00:21,432 [dcaf7993-3da1-4fdc-9369-e253b54d258e@group-120432A5BC94-LeaderElection6] INFO  server.RaftServerConfigKeys (ConfUtils.java:logGet(43)) - raft.server.watch.timeout.denomination = 1s (default)
2019-11-14 22:00:21,432 [dcaf7993-3da1-4fdc-9369-e253b54d258e@group-120432A5BC94-LeaderElection6] INFO  server.RaftServerConfigKeys (ConfUtils.java:logGet(43)) - raft.server.watch.element-limit = 65536 (default)
2019-11-14 22:00:21,432 [dcaf7993-3da1-4fdc-9369-e253b54d258e@group-120432A5BC94-LeaderElection6] INFO  server.RaftServerConfigKeys (ConfUtils.java:logGet(43)) - raft.server.log.appender.snapshot.chunk.size.max = 16MB (=16777216) (default)
2019-11-14 22:00:21,432 [dcaf7993-3da1-4fdc-9369-e253b54d258e@group-120432A5BC94-LeaderElection6] INFO  server.RaftServerConfigKeys (ConfUtils.java:logGet(43)) - raft.server.log.appender.buffer.byte-limit = 33554432 (custom)
2019-11-14 22:00:21,432 [dcaf7993-3da1-4fdc-9369-e253b54d258e@group-120432A5BC94-LeaderElection6] INFO  server.RaftServerConfigKeys (ConfUtils.java:logGet(43)) - raft.server.log.appender.buffer.element-limit = 1 (custom)
2019-11-14 22:00:21,432 [EventQueue-PipelineReportForPipelineReportHandler] INFO  pipeline.PipelineStateManager (PipelineStateManager.java:openPipeline(134)) - Pipeline Pipeline[ Id: 672bffd2-8ca2-45e8-9e50-120432a5bc94, Nodes: ccf94327-bf2f-46ae-9ac4-f8667e34d10b{ip: 192.168.69.92, host: pr-hdds-2487-rmf7g-1521005275, networkLocation: /default-rack, certSerialId: null}ade3db1e-08d9-4ea6-84ca-25063f16f31b{ip: 192.168.69.92, host: pr-hdds-2487-rmf7g-1521005275, networkLocation: /default-rack, certSerialId: null}dcaf7993-3da1-4fdc-9369-e253b54d258e{ip: 192.168.69.92, host: pr-hdds-2487-rmf7g-1521005275, networkLocation: /default-rack, certSerialId: null}, Type:RATIS, Factor:THREE, State:OPEN] moved to OPEN state
2019-11-14 22:00:21,432 [dcaf7993-3da1-4fdc-9369-e253b54d258e@group-120432A5BC94-LeaderElection6] INFO  grpc.GrpcConfigKeys$Server (ConfUtils.java:logGet(43)) - raft.grpc.server.leader.outstanding.appends.max = 128 (default)
2019-11-14 22:00:21,433 [dcaf7993-3da1-4fdc-9369-e253b54d258e@group-120432A5BC94-LeaderElection6] INFO  server.RaftServerConfigKeys (ConfUtils.java:logGet(43)) - raft.server.rpc.request.timeout = 3000ms (default)
2019-11-14 22:00:21,434 [dcaf7993-3da1-4fdc-9369-e253b54d258e@group-120432A5BC94-LeaderElection6] INFO  server.RaftServerConfigKeys (ConfUtils.java:logGet(43)) - raft.server.log.appender.install.snapshot.enabled = false (custom)
2019-11-14 22:00:21,434 [dcaf7993-3da1-4fdc-9369-e253b54d258e@group-120432A5BC94-LeaderElection6] WARN  impl.MetricRegistriesImpl (MetricRegistriesImpl.java:lambda$create$1(61)) - First MetricRegistry has been created without registering reporters. You may need to call MetricRegistries.global().addReportRegistration(...) before.
2019-11-14 22:00:21,434 [dcaf7993-3da1-4fdc-9369-e253b54d258e@group-120432A5BC94-LeaderElection6] INFO  server.RaftServerConfigKeys (ConfUtils.java:logGet(43)) - raft.server.log.appender.snapshot.chunk.size.max = 16MB (=16777216) (default)
2019-11-14 22:00:21,434 [dcaf7993-3da1-4fdc-9369-e253b54d258e@group-120432A5BC94-LeaderElection6] INFO  server.RaftServerConfigKeys (ConfUtils.java:logGet(43)) - raft.server.log.appender.buffer.byte-limit = 33554432 (custom)
2019-11-14 22:00:21,434 [dcaf7993-3da1-4fdc-9369-e253b54d258e@group-120432A5BC94-LeaderElection6] INFO  server.RaftServerConfigKeys (ConfUtils.java:logGet(43)) - raft.server.log.appender.buffer.element-limit = 1 (custom)
2019-11-14 22:00:21,434 [dcaf7993-3da1-4fdc-9369-e253b54d258e@group-120432A5BC94-LeaderElection6] INFO  grpc.GrpcConfigKeys$Server (ConfUtils.java:logGet(43)) - raft.grpc.server.leader.outstanding.appends.max = 128 (default)
2019-11-14 22:00:21,434 [dcaf7993-3da1-4fdc-9369-e253b54d258e@group-120432A5BC94-LeaderElection6] INFO  server.RaftServerConfigKeys (ConfUtils.java:logGet(43)) - raft.server.rpc.request.timeout = 3000ms (default)
2019-11-14 22:00:21,434 [dcaf7993-3da1-4fdc-9369-e253b54d258e@group-120432A5BC94-LeaderElection6] INFO  server.RaftServerConfigKeys (ConfUtils.java:logGet(43)) - raft.server.log.appender.install.snapshot.enabled = false (custom)
2019-11-14 22:00:21,435 [dcaf7993-3da1-4fdc-9369-e253b54d258e@group-120432A5BC94-LeaderElection6] INFO  impl.RoleInfo (RoleInfo.java:updateAndGet(143)) - dcaf7993-3da1-4fdc-9369-e253b54d258e: start LeaderState
2019-11-14 22:00:21,435 [dcaf7993-3da1-4fdc-9369-e253b54d258e@group-120432A5BC94-LeaderElection6] INFO  segmented.SegmentedRaftLogWorker (SegmentedRaftLogWorker.java:startLogSegment(385)) - dcaf7993-3da1-4fdc-9369-e253b54d258e@group-120432A5BC94-SegmentedRaftLogWorker: Starting segment from index:0
2019-11-14 22:00:21,435 [dcaf7993-3da1-4fdc-9369-e253b54d258e@group-120432A5BC94-LeaderElection6] INFO  impl.RaftServerImpl (ServerState.java:setRaftConf(356)) - dcaf7993-3da1-4fdc-9369-e253b54d258e@group-120432A5BC94: set configuration 0: [ade3db1e-08d9-4ea6-84ca-25063f16f31b:192.168.69.92:43556, dcaf7993-3da1-4fdc-9369-e253b54d258e:192.168.69.92:34620, ccf94327-bf2f-46ae-9ac4-f8667e34d10b:192.168.69.92:45537], old=null at 0
2019-11-14 22:00:21,464 [grpc-default-executor-3] INFO  ratis.XceiverServerRatis (XceiverServerRatis.java:handleLeaderChangedNotification(697)) - Leader change notification received for group: group-120432A5BC94 with new leaderId: dcaf7993-3da1-4fdc-9369-e253b54d258e
2019-11-14 22:00:21,468 [grpc-default-executor-0] INFO  ratis.XceiverServerRatis (XceiverServerRatis.java:handleLeaderChangedNotification(697)) - Leader change notification received for group: group-120432A5BC94 with new leaderId: dcaf7993-3da1-4fdc-9369-e253b54d258e
2019-11-14 22:00:21,468 [grpc-default-executor-3] INFO  impl.RaftServerImpl (ServerState.java:setLeader(255)) - ccf94327-bf2f-46ae-9ac4-f8667e34d10b@group-120432A5BC94: change Leader from null to dcaf7993-3da1-4fdc-9369-e253b54d258e at term 1 for appendEntries, leader elected after 5201ms
2019-11-14 22:00:21,469 [grpc-default-executor-0] INFO  impl.RaftServerImpl (ServerState.java:setLeader(255)) - ade3db1e-08d9-4ea6-84ca-25063f16f31b@group-120432A5BC94: change Leader from null to dcaf7993-3da1-4fdc-9369-e253b54d258e at term 1 for appendEntries, leader elected after 5232ms
2019-11-14 22:00:21,472 [grpc-default-executor-3] INFO  impl.RaftServerImpl (ServerState.java:setRaftConf(356)) - ccf94327-bf2f-46ae-9ac4-f8667e34d10b@group-120432A5BC94: set configuration 0: [ade3db1e-08d9-4ea6-84ca-25063f16f31b:192.168.69.92:43556, dcaf7993-3da1-4fdc-9369-e253b54d258e:192.168.69.92:34620, ccf94327-bf2f-46ae-9ac4-f8667e34d10b:192.168.69.92:45537], old=null at 0
2019-11-14 22:00:21,472 [grpc-default-executor-3] INFO  segmented.SegmentedRaftLogWorker (SegmentedRaftLogWorker.java:startLogSegment(385)) - ccf94327-bf2f-46ae-9ac4-f8667e34d10b@group-120432A5BC94-SegmentedRaftLogWorker: Starting segment from index:0
2019-11-14 22:00:21,472 [grpc-default-executor-0] INFO  impl.RaftServerImpl (ServerState.java:setRaftConf(356)) - ade3db1e-08d9-4ea6-84ca-25063f16f31b@group-120432A5BC94: set configuration 0: [ade3db1e-08d9-4ea6-84ca-25063f16f31b:192.168.69.92:43556, dcaf7993-3da1-4fdc-9369-e253b54d258e:192.168.69.92:34620, ccf94327-bf2f-46ae-9ac4-f8667e34d10b:192.168.69.92:45537], old=null at 0
2019-11-14 22:00:21,472 [grpc-default-executor-0] INFO  segmented.SegmentedRaftLogWorker (SegmentedRaftLogWorker.java:startLogSegment(385)) - ade3db1e-08d9-4ea6-84ca-25063f16f31b@group-120432A5BC94-SegmentedRaftLogWorker: Starting segment from index:0
2019-11-14 22:00:21,483 [dcaf7993-3da1-4fdc-9369-e253b54d258e@group-120432A5BC94-SegmentedRaftLogWorker] INFO  segmented.SegmentedRaftLogWorker (SegmentedRaftLogWorker.java:execute(576)) - dcaf7993-3da1-4fdc-9369-e253b54d258e@group-120432A5BC94-SegmentedRaftLogWorker: created new log segment /workdir/hadoop-ozone/tools/target/test-dir/MiniOzoneClusterImpl-a2daa8b5-5e46-43ba-9bcc-283e13a4cd9f/datanode-0/data/ratis/672bffd2-8ca2-45e8-9e50-120432a5bc94/current/log_inprogress_0
2019-11-14 22:00:21,525 [ade3db1e-08d9-4ea6-84ca-25063f16f31b@group-120432A5BC94-SegmentedRaftLogWorker] INFO  segmented.SegmentedRaftLogWorker (SegmentedRaftLogWorker.java:execute(576)) - ade3db1e-08d9-4ea6-84ca-25063f16f31b@group-120432A5BC94-SegmentedRaftLogWorker: created new log segment /workdir/hadoop-ozone/tools/target/test-dir/MiniOzoneClusterImpl-a2daa8b5-5e46-43ba-9bcc-283e13a4cd9f/datanode-2/data/ratis/672bffd2-8ca2-45e8-9e50-120432a5bc94/current/log_inprogress_0
2019-11-14 22:00:21,525 [ccf94327-bf2f-46ae-9ac4-f8667e34d10b@group-120432A5BC94-SegmentedRaftLogWorker] INFO  segmented.SegmentedRaftLogWorker (SegmentedRaftLogWorker.java:execute(576)) - ccf94327-bf2f-46ae-9ac4-f8667e34d10b@group-120432A5BC94-SegmentedRaftLogWorker: created new log segment /workdir/hadoop-ozone/tools/target/test-dir/MiniOzoneClusterImpl-a2daa8b5-5e46-43ba-9bcc-283e13a4cd9f/datanode-1/data/ratis/672bffd2-8ca2-45e8-9e50-120432a5bc94/current/log_inprogress_0
]]></system-out>
    <system-err><![CDATA[ERROR StatusLogger No Log4j 2 configuration file found. Using default configuration (logging only errors to the console), or user programmatically provided configurations. Set system property 'log4j2.debug' to show Log4j 2 internal initialization logging. See https://logging.apache.org/log4j/2.x/manual/configuration.html for instructions on how to configure Log4j 2
]]></system-err>
  </testcase>
</testsuite>