<?xml version="1.0" encoding="UTF-8"?>
<testsuite xmlns:xsi="http://www.w3.org/2001/XMLSchema-instance" xsi:noNamespaceSchemaLocation="https://maven.apache.org/surefire/maven-surefire-plugin/xsd/surefire-test-report.xsd" name="org.apache.hadoop.ozone.freon.TestFreonWithPipelineDestroy" time="52.111" tests="1" errors="1" skipped="0" failures="0">
  <properties>
    <property name="awt.toolkit" value="sun.awt.X11.XToolkit"/>
    <property name="file.encoding.pkg" value="sun.io"/>
    <property name="java.specification.version" value="1.8"/>
    <property name="sun.cpu.isalist" value=""/>
    <property name="sun.jnu.encoding" value="ANSI_X3.4-1968"/>
    <property name="java.class.path" value="/workdir/hadoop-ozone/tools/target/test-classes:/workdir/hadoop-ozone/tools/target/classes:/home/user/.m2/repository/org/apache/hadoop/hadoop-ozone-ozone-manager/0.5.0-SNAPSHOT/hadoop-ozone-ozone-manager-0.5.0-SNAPSHOT.jar:/home/user/.m2/repository/org/apache/hadoop/hadoop-hdds-docs/0.5.0-SNAPSHOT/hadoop-hdds-docs-0.5.0-SNAPSHOT.jar:/home/user/.m2/repository/org/bouncycastle/bcprov-jdk15on/1.60/bcprov-jdk15on-1.60.jar:/home/user/.m2/repository/org/apache/hadoop/hadoop-ozone-common/0.5.0-SNAPSHOT/hadoop-ozone-common-0.5.0-SNAPSHOT.jar:/home/user/.m2/repository/org/apache/commons/commons-compress/1.4.1/commons-compress-1.4.1.jar:/home/user/.m2/repository/org/tukaani/xz/1.0/xz-1.0.jar:/home/user/.m2/repository/org/apache/hadoop/hadoop-hdfs-client/3.2.0/hadoop-hdfs-client-3.2.0.jar:/home/user/.m2/repository/com/fasterxml/jackson/core/jackson-annotations/2.9.9/jackson-annotations-2.9.9.jar:/home/user/.m2/repository/org/apache/hadoop/hadoop-hdds-common/0.5.0-SNAPSHOT/hadoop-hdds-common-0.5.0-SNAPSHOT.jar:/home/user/.m2/repository/org/apache/hadoop/hadoop-hdds-config/0.5.0-SNAPSHOT/hadoop-hdds-config-0.5.0-SNAPSHOT.jar:/home/user/.m2/repository/javax/annotation/javax.annotation-api/1.2/javax.annotation-api-1.2.jar:/home/user/.m2/repository/org/apache/ratis/ratis-server/0.5.0-d6d58d0-SNAPSHOT/ratis-server-0.5.0-d6d58d0-SNAPSHOT.jar:/home/user/.m2/repository/org/apache/ratis/ratis-thirdparty-misc/0.2.0/ratis-thirdparty-misc-0.2.0.jar:/home/user/.m2/repository/org/apache/ratis/ratis-proto/0.5.0-d6d58d0-SNAPSHOT/ratis-proto-0.5.0-d6d58d0-SNAPSHOT.jar:/home/user/.m2/repository/org/apache/ratis/ratis-common/0.5.0-d6d58d0-SNAPSHOT/ratis-common-0.5.0-d6d58d0-SNAPSHOT.jar:/home/user/.m2/repository/org/apache/ratis/ratis-client/0.5.0-d6d58d0-SNAPSHOT/ratis-client-0.5.0-d6d58d0-SNAPSHOT.jar:/home/user/.m2/repository/org/apache/ratis/ratis-metrics/0.5.0-d6d58d0-SNAPSHOT/ratis-metrics-0.5.0-d6d58d0-SNAPSHOT.jar:/home/user/.m2/repository/org/apache/ratis/ratis-netty/0.5.0-d6d58d0-SNAPSHOT/ratis-netty-0.5.0-d6d58d0-SNAPSHOT.jar:/home/user/.m2/repository/org/apache/ratis/ratis-grpc/0.5.0-d6d58d0-SNAPSHOT/ratis-grpc-0.5.0-d6d58d0-SNAPSHOT.jar:/home/user/.m2/repository/org/rocksdb/rocksdbjni/6.0.1/rocksdbjni-6.0.1.jar:/home/user/.m2/repository/org/apache/logging/log4j/log4j-api/2.11.0/log4j-api-2.11.0.jar:/home/user/.m2/repository/org/apache/logging/log4j/log4j-core/2.11.0/log4j-core-2.11.0.jar:/home/user/.m2/repository/com/lmax/disruptor/3.4.2/disruptor-3.4.2.jar:/home/user/.m2/repository/org/apache/commons/commons-pool2/2.6.0/commons-pool2-2.6.0.jar:/home/user/.m2/repository/org/bouncycastle/bcpkix-jdk15on/1.60/bcpkix-jdk15on-1.60.jar:/home/user/.m2/repository/commons-validator/commons-validator/1.6/commons-validator-1.6.jar:/home/user/.m2/repository/commons-digester/commons-digester/1.8.1/commons-digester-1.8.1.jar:/home/user/.m2/repository/io/jaegertracing/jaeger-client/0.34.0/jaeger-client-0.34.0.jar:/home/user/.m2/repository/io/jaegertracing/jaeger-thrift/0.34.0/jaeger-thrift-0.34.0.jar:/home/user/.m2/repository/org/apache/thrift/libthrift/0.12.0/libthrift-0.12.0.jar:/home/user/.m2/repository/com/squareup/okhttp3/okhttp/3.9.0/okhttp-3.9.0.jar:/home/user/.m2/repository/com/squareup/okio/okio/1.13.0/okio-1.13.0.jar:/home/user/.m2/repository/io/jaegertracing/jaeger-core/0.34.0/jaeger-core-0.34.0.jar:/home/user/.m2/repository/io/jaegertracing/jaeger-tracerresolver/0.34.0/jaeger-tracerresolver-0.34.0.jar:/home/user/.m2/repository/io/opentracing/contrib/opentracing-tracerresolver/0.1.5/opentracing-tracerresolver-0.1.5.jar:/home/user/.m2/repository/io/opentracing/opentracing-util/0.31.0/opentracing-util-0.31.0.jar:/home/user/.m2/repository/io/opentracing/opentracing-api/0.31.0/opentracing-api-0.31.0.jar:/home/user/.m2/repository/io/opentracing/opentracing-noop/0.31.0/opentracing-noop-0.31.0.jar:/home/user/.m2/repository/org/yaml/snakeyaml/1.16/snakeyaml-1.16.jar:/home/user/.m2/repository/org/apache/hadoop/hadoop-hdds-container-service/0.5.0-SNAPSHOT/hadoop-hdds-container-service-0.5.0-SNAPSHOT.jar:/home/user/.m2/repository/org/apache/hadoop/hadoop-hdds-client/0.5.0-SNAPSHOT/hadoop-hdds-client-0.5.0-SNAPSHOT.jar:/home/user/.m2/repository/org/apache/hadoop/hadoop-hdds-tools/0.5.0-SNAPSHOT/hadoop-hdds-tools-0.5.0-SNAPSHOT.jar:/home/user/.m2/repository/org/xerial/sqlite-jdbc/3.25.2/sqlite-jdbc-3.25.2.jar:/home/user/.m2/repository/org/apache/hadoop/hadoop-hdds-server-scm/0.5.0-SNAPSHOT/hadoop-hdds-server-scm-0.5.0-SNAPSHOT.jar:/home/user/.m2/repository/org/hamcrest/hamcrest-all/1.3/hamcrest-all-1.3.jar:/home/user/.m2/repository/info/picocli/picocli/3.9.6/picocli-3.9.6.jar:/home/user/.m2/repository/com/google/protobuf/protobuf-java/2.5.0/protobuf-java-2.5.0.jar:/home/user/.m2/repository/com/google/guava/guava/11.0.2/guava-11.0.2.jar:/home/user/.m2/repository/org/apache/hadoop/hadoop-ozone-client/0.5.0-SNAPSHOT/hadoop-ozone-client-0.5.0-SNAPSHOT.jar:/workdir/hadoop-ozone/ozonefs/target/classes:/home/user/.m2/repository/org/apache/httpcomponents/httpclient/4.5.2/httpclient-4.5.2.jar:/home/user/.m2/repository/org/apache/httpcomponents/httpcore/4.4.4/httpcore-4.4.4.jar:/home/user/.m2/repository/org/apache/hadoop/hadoop-hdds-server-framework/0.5.0-SNAPSHOT/hadoop-hdds-server-framework-0.5.0-SNAPSHOT.jar:/home/user/.m2/repository/org/apache/hadoop/hadoop-common/3.2.0/hadoop-common-3.2.0.jar:/home/user/.m2/repository/org/apache/hadoop/hadoop-annotations/3.2.0/hadoop-annotations-3.2.0.jar:/usr/lib/jvm/java-1.8.0-openjdk-1.8.0.222.b10-1.el7_7.x86_64/jre/../lib/tools.jar:/home/user/.m2/repository/commons-cli/commons-cli/1.2/commons-cli-1.2.jar:/home/user/.m2/repository/org/apache/commons/commons-math3/3.1.1/commons-math3-3.1.1.jar:/home/user/.m2/repository/commons-codec/commons-codec/1.11/commons-codec-1.11.jar:/home/user/.m2/repository/commons-io/commons-io/2.5/commons-io-2.5.jar:/home/user/.m2/repository/commons-net/commons-net/3.6/commons-net-3.6.jar:/home/user/.m2/repository/commons-collections/commons-collections/3.2.2/commons-collections-3.2.2.jar:/home/user/.m2/repository/javax/servlet/javax.servlet-api/3.1.0/javax.servlet-api-3.1.0.jar:/home/user/.m2/repository/org/eclipse/jetty/jetty-server/9.3.25.v20180904/jetty-server-9.3.25.v20180904.jar:/home/user/.m2/repository/org/eclipse/jetty/jetty-http/9.3.25.v20180904/jetty-http-9.3.25.v20180904.jar:/home/user/.m2/repository/org/eclipse/jetty/jetty-io/9.3.25.v20180904/jetty-io-9.3.25.v20180904.jar:/home/user/.m2/repository/org/eclipse/jetty/jetty-util/9.3.25.v20180904/jetty-util-9.3.25.v20180904.jar:/home/user/.m2/repository/org/eclipse/jetty/jetty-servlet/9.3.25.v20180904/jetty-servlet-9.3.25.v20180904.jar:/home/user/.m2/repository/org/eclipse/jetty/jetty-security/9.3.25.v20180904/jetty-security-9.3.25.v20180904.jar:/home/user/.m2/repository/org/eclipse/jetty/jetty-webapp/9.3.25.v20180904/jetty-webapp-9.3.25.v20180904.jar:/home/user/.m2/repository/org/eclipse/jetty/jetty-xml/9.3.25.v20180904/jetty-xml-9.3.25.v20180904.jar:/home/user/.m2/repository/javax/servlet/jsp/jsp-api/2.1/jsp-api-2.1.jar:/home/user/.m2/repository/com/sun/jersey/jersey-core/1.19/jersey-core-1.19.jar:/home/user/.m2/repository/javax/ws/rs/jsr311-api/1.1.1/jsr311-api-1.1.1.jar:/home/user/.m2/repository/com/sun/jersey/jersey-servlet/1.19/jersey-servlet-1.19.jar:/home/user/.m2/repository/com/sun/jersey/jersey-json/1.19/jersey-json-1.19.jar:/home/user/.m2/repository/org/codehaus/jettison/jettison/1.1/jettison-1.1.jar:/home/user/.m2/repository/com/sun/xml/bind/jaxb-impl/2.3.0.1/jaxb-impl-2.3.0.1.jar:/home/user/.m2/repository/org/codehaus/jackson/jackson-core-asl/1.9.13/jackson-core-asl-1.9.13.jar:/home/user/.m2/repository/org/codehaus/jackson/jackson-mapper-asl/1.9.13/jackson-mapper-asl-1.9.13.jar:/home/user/.m2/repository/org/codehaus/jackson/jackson-jaxrs/1.9.13/jackson-jaxrs-1.9.13.jar:/home/user/.m2/repository/org/codehaus/jackson/jackson-xc/1.9.13/jackson-xc-1.9.13.jar:/home/user/.m2/repository/com/sun/jersey/jersey-server/1.19/jersey-server-1.19.jar:/home/user/.m2/repository/commons-logging/commons-logging/1.1.3/commons-logging-1.1.3.jar:/home/user/.m2/repository/log4j/log4j/1.2.17/log4j-1.2.17.jar:/home/user/.m2/repository/commons-beanutils/commons-beanutils/1.9.4/commons-beanutils-1.9.4.jar:/home/user/.m2/repository/org/apache/commons/commons-configuration2/2.1.1/commons-configuration2-2.1.1.jar:/home/user/.m2/repository/org/apache/commons/commons-lang3/3.7/commons-lang3-3.7.jar:/home/user/.m2/repository/org/apache/commons/commons-text/1.4/commons-text-1.4.jar:/home/user/.m2/repository/org/slf4j/slf4j-api/1.7.25/slf4j-api-1.7.25.jar:/home/user/.m2/repository/org/slf4j/slf4j-log4j12/1.7.25/slf4j-log4j12-1.7.25.jar:/home/user/.m2/repository/org/apache/avro/avro/1.7.7/avro-1.7.7.jar:/home/user/.m2/repository/com/thoughtworks/paranamer/paranamer/2.3/paranamer-2.3.jar:/home/user/.m2/repository/org/xerial/snappy/snappy-java/1.0.5/snappy-java-1.0.5.jar:/home/user/.m2/repository/com/google/re2j/re2j/1.1/re2j-1.1.jar:/home/user/.m2/repository/com/google/code/gson/gson/2.2.4/gson-2.2.4.jar:/home/user/.m2/repository/org/apache/hadoop/hadoop-auth/3.2.0/hadoop-auth-3.2.0.jar:/home/user/.m2/repository/com/nimbusds/nimbus-jose-jwt/4.41.1/nimbus-jose-jwt-4.41.1.jar:/home/user/.m2/repository/com/github/stephenc/jcip/jcip-annotations/1.0-1/jcip-annotations-1.0-1.jar:/home/user/.m2/repository/net/minidev/json-smart/2.3/json-smart-2.3.jar:/home/user/.m2/repository/net/minidev/accessors-smart/1.2/accessors-smart-1.2.jar:/home/user/.m2/repository/org/apache/curator/curator-framework/2.12.0/curator-framework-2.12.0.jar:/home/user/.m2/repository/com/jcraft/jsch/0.1.54/jsch-0.1.54.jar:/home/user/.m2/repository/org/apache/curator/curator-client/2.12.0/curator-client-2.12.0.jar:/home/user/.m2/repository/org/apache/curator/curator-recipes/2.12.0/curator-recipes-2.12.0.jar:/home/user/.m2/repository/com/google/code/findbugs/jsr305/3.0.0/jsr305-3.0.0.jar:/home/user/.m2/repository/org/apache/htrace/htrace-core4/4.1.0-incubating/htrace-core4-4.1.0-incubating.jar:/home/user/.m2/repository/org/apache/zookeeper/zookeeper/3.4.13/zookeeper-3.4.13.jar:/home/user/.m2/repository/jline/jline/0.9.94/jline-0.9.94.jar:/home/user/.m2/repository/org/apache/yetus/audience-annotations/0.5.0/audience-annotations-0.5.0.jar:/home/user/.m2/repository/org/apache/kerby/kerb-simplekdc/1.0.1/kerb-simplekdc-1.0.1.jar:/home/user/.m2/repository/org/apache/kerby/kerb-client/1.0.1/kerb-client-1.0.1.jar:/home/user/.m2/repository/org/apache/kerby/kerby-config/1.0.1/kerby-config-1.0.1.jar:/home/user/.m2/repository/org/apache/kerby/kerb-core/1.0.1/kerb-core-1.0.1.jar:/home/user/.m2/repository/org/apache/kerby/kerby-pkix/1.0.1/kerby-pkix-1.0.1.jar:/home/user/.m2/repository/org/apache/kerby/kerby-asn1/1.0.1/kerby-asn1-1.0.1.jar:/home/user/.m2/repository/org/apache/kerby/kerby-util/1.0.1/kerby-util-1.0.1.jar:/home/user/.m2/repository/org/apache/kerby/kerb-common/1.0.1/kerb-common-1.0.1.jar:/home/user/.m2/repository/org/apache/kerby/kerb-crypto/1.0.1/kerb-crypto-1.0.1.jar:/home/user/.m2/repository/org/apache/kerby/kerb-util/1.0.1/kerb-util-1.0.1.jar:/home/user/.m2/repository/org/apache/kerby/token-provider/1.0.1/token-provider-1.0.1.jar:/home/user/.m2/repository/org/apache/kerby/kerb-admin/1.0.1/kerb-admin-1.0.1.jar:/home/user/.m2/repository/org/apache/kerby/kerb-server/1.0.1/kerb-server-1.0.1.jar:/home/user/.m2/repository/org/apache/kerby/kerb-identity/1.0.1/kerb-identity-1.0.1.jar:/home/user/.m2/repository/org/apache/kerby/kerby-xdr/1.0.1/kerby-xdr-1.0.1.jar:/home/user/.m2/repository/com/fasterxml/jackson/core/jackson-databind/2.9.9/jackson-databind-2.9.9.jar:/home/user/.m2/repository/com/fasterxml/jackson/core/jackson-core/2.9.9/jackson-core-2.9.9.jar:/home/user/.m2/repository/org/codehaus/woodstox/stax2-api/3.1.4/stax2-api-3.1.4.jar:/home/user/.m2/repository/com/fasterxml/woodstox/woodstox-core/5.0.3/woodstox-core-5.0.3.jar:/home/user/.m2/repository/dnsjava/dnsjava/2.1.7/dnsjava-2.1.7.jar:/home/user/.m2/repository/org/apache/hadoop/hadoop-hdfs/3.2.0/hadoop-hdfs-3.2.0.jar:/home/user/.m2/repository/org/eclipse/jetty/jetty-util-ajax/9.3.25.v20180904/jetty-util-ajax-9.3.25.v20180904.jar:/home/user/.m2/repository/commons-daemon/commons-daemon/1.0.13/commons-daemon-1.0.13.jar:/home/user/.m2/repository/io/netty/netty/3.10.5.Final/netty-3.10.5.Final.jar:/home/user/.m2/repository/io/netty/netty-all/4.0.52.Final/netty-all-4.0.52.Final.jar:/home/user/.m2/repository/org/fusesource/leveldbjni/leveldbjni-all/1.8/leveldbjni-all-1.8.jar:/home/user/.m2/repository/com/sun/xml/bind/jaxb-core/2.3.0.1/jaxb-core-2.3.0.1.jar:/home/user/.m2/repository/javax/xml/bind/jaxb-api/2.3.0/jaxb-api-2.3.0.jar:/home/user/.m2/repository/javax/activation/activation/1.1.1/activation-1.1.1.jar:/home/user/.m2/repository/org/openjdk/jmh/jmh-core/1.19/jmh-core-1.19.jar:/home/user/.m2/repository/net/sf/jopt-simple/jopt-simple/4.6/jopt-simple-4.6.jar:/home/user/.m2/repository/org/openjdk/jmh/jmh-generator-annprocess/1.19/jmh-generator-annprocess-1.19.jar:/home/user/.m2/repository/io/dropwizard/metrics/metrics-core/3.2.4/metrics-core-3.2.4.jar:/home/user/.m2/repository/com/amazonaws/aws-java-sdk-s3/1.11.615/aws-java-sdk-s3-1.11.615.jar:/home/user/.m2/repository/com/amazonaws/aws-java-sdk-kms/1.11.615/aws-java-sdk-kms-1.11.615.jar:/home/user/.m2/repository/com/amazonaws/aws-java-sdk-core/1.11.615/aws-java-sdk-core-1.11.615.jar:/home/user/.m2/repository/software/amazon/ion/ion-java/1.0.2/ion-java-1.0.2.jar:/home/user/.m2/repository/com/fasterxml/jackson/dataformat/jackson-dataformat-cbor/2.9.9/jackson-dataformat-cbor-2.9.9.jar:/home/user/.m2/repository/joda-time/joda-time/2.9.9/joda-time-2.9.9.jar:/home/user/.m2/repository/com/amazonaws/jmespath-java/1.11.615/jmespath-java-1.11.615.jar:/home/user/.m2/repository/com/github/spotbugs/spotbugs/3.1.12/spotbugs-3.1.12.jar:/home/user/.m2/repository/org/ow2/asm/asm/5.0.4/asm-5.0.4.jar:/home/user/.m2/repository/org/ow2/asm/asm-analysis/7.0/asm-analysis-7.0.jar:/home/user/.m2/repository/org/ow2/asm/asm-commons/7.0/asm-commons-7.0.jar:/home/user/.m2/repository/org/ow2/asm/asm-tree/7.0/asm-tree-7.0.jar:/home/user/.m2/repository/org/ow2/asm/asm-util/7.0/asm-util-7.0.jar:/home/user/.m2/repository/org/apache/bcel/bcel/6.3/bcel-6.3.jar:/home/user/.m2/repository/net/jcip/jcip-annotations/1.0/jcip-annotations-1.0.jar:/home/user/.m2/repository/org/dom4j/dom4j/2.1.1/dom4j-2.1.1.jar:/home/user/.m2/repository/jaxen/jaxen/1.1.6/jaxen-1.1.6.jar:/home/user/.m2/repository/commons-lang/commons-lang/2.6/commons-lang-2.6.jar:/home/user/.m2/repository/com/github/spotbugs/spotbugs-annotations/3.1.12/spotbugs-annotations-3.1.12.jar:/home/user/.m2/repository/junit/junit/4.11/junit-4.11.jar:/home/user/.m2/repository/org/hamcrest/hamcrest-core/1.3/hamcrest-core-1.3.jar:/home/user/.m2/repository/org/apache/hadoop/hadoop-common/3.2.0/hadoop-common-3.2.0-tests.jar:/workdir/hadoop-ozone/integration-test/target/test-classes:/home/user/.m2/repository/org/apache/hadoop/hadoop-ozone-s3gateway/0.5.0-SNAPSHOT/hadoop-ozone-s3gateway-0.5.0-SNAPSHOT.jar:/home/user/.m2/repository/org/jboss/weld/servlet/weld-servlet/2.4.7.Final/weld-servlet-2.4.7.Final.jar:/home/user/.m2/repository/org/glassfish/jersey/containers/jersey-container-servlet-core/2.27/jersey-container-servlet-core-2.27.jar:/home/user/.m2/repository/org/glassfish/hk2/external/javax.inject/2.5.0-b42/javax.inject-2.5.0-b42.jar:/home/user/.m2/repository/org/glassfish/jersey/core/jersey-common/2.27/jersey-common-2.27.jar:/home/user/.m2/repository/org/glassfish/hk2/osgi-resource-locator/1.0.1/osgi-resource-locator-1.0.1.jar:/home/user/.m2/repository/javax/ws/rs/javax.ws.rs-api/2.1/javax.ws.rs-api-2.1.jar:/home/user/.m2/repository/org/glassfish/jersey/ext/cdi/jersey-cdi1x/2.27/jersey-cdi1x-2.27.jar:/home/user/.m2/repository/org/glassfish/jersey/inject/jersey-hk2/2.27/jersey-hk2-2.27.jar:/home/user/.m2/repository/org/glassfish/hk2/hk2-locator/2.5.0-b42/hk2-locator-2.5.0-b42.jar:/home/user/.m2/repository/org/javassist/javassist/3.22.0-CR2/javassist-3.22.0-CR2.jar:/home/user/.m2/repository/org/glassfish/hk2/hk2-api/2.5.0/hk2-api-2.5.0.jar:/home/user/.m2/repository/org/glassfish/hk2/external/jakarta.inject/2.5.0/jakarta.inject-2.5.0.jar:/home/user/.m2/repository/org/glassfish/hk2/hk2-utils/2.5.0/hk2-utils-2.5.0.jar:/home/user/.m2/repository/jakarta/annotation/jakarta.annotation-api/1.3.4/jakarta.annotation-api-1.3.4.jar:/home/user/.m2/repository/org/glassfish/hk2/external/aopalliance-repackaged/2.5.0/aopalliance-repackaged-2.5.0.jar:/home/user/.m2/repository/com/fasterxml/jackson/dataformat/jackson-dataformat-xml/2.9.0/jackson-dataformat-xml-2.9.0.jar:/home/user/.m2/repository/com/fasterxml/jackson/module/jackson-module-jaxb-annotations/2.9.9/jackson-module-jaxb-annotations-2.9.9.jar:/home/user/.m2/repository/javax/enterprise/cdi-api/1.2/cdi-api-1.2.jar:/home/user/.m2/repository/javax/el/javax.el-api/3.0.0/javax.el-api-3.0.0.jar:/home/user/.m2/repository/javax/interceptor/javax.interceptor-api/1.2/javax.interceptor-api-1.2.jar:/home/user/.m2/repository/javax/inject/javax.inject/1/javax.inject-1.jar:/home/user/.m2/repository/org/apache/hadoop/hadoop-ozone-csi/0.5.0-SNAPSHOT/hadoop-ozone-csi-0.5.0-SNAPSHOT.jar:/home/user/.m2/repository/com/google/protobuf/protobuf-java-util/3.5.1/protobuf-java-util-3.5.1.jar:/home/user/.m2/repository/io/grpc/grpc-netty/1.17.1/grpc-netty-1.17.1.jar:/home/user/.m2/repository/io/grpc/grpc-core/1.17.1/grpc-core-1.17.1.jar:/home/user/.m2/repository/io/grpc/grpc-context/1.17.1/grpc-context-1.17.1.jar:/home/user/.m2/repository/com/google/errorprone/error_prone_annotations/2.2.0/error_prone_annotations-2.2.0.jar:/home/user/.m2/repository/org/codehaus/mojo/animal-sniffer-annotations/1.17/animal-sniffer-annotations-1.17.jar:/home/user/.m2/repository/io/opencensus/opencensus-api/0.17.0/opencensus-api-0.17.0.jar:/home/user/.m2/repository/io/opencensus/opencensus-contrib-grpc-metrics/0.17.0/opencensus-contrib-grpc-metrics-0.17.0.jar:/home/user/.m2/repository/io/netty/netty-codec-http2/4.1.30.Final/netty-codec-http2-4.1.30.Final.jar:/home/user/.m2/repository/io/netty/netty-codec-http/4.1.30.Final/netty-codec-http-4.1.30.Final.jar:/home/user/.m2/repository/io/netty/netty-codec/4.1.30.Final/netty-codec-4.1.30.Final.jar:/home/user/.m2/repository/io/netty/netty-handler/4.1.30.Final/netty-handler-4.1.30.Final.jar:/home/user/.m2/repository/io/netty/netty-handler-proxy/4.1.30.Final/netty-handler-proxy-4.1.30.Final.jar:/home/user/.m2/repository/io/netty/netty-codec-socks/4.1.30.Final/netty-codec-socks-4.1.30.Final.jar:/home/user/.m2/repository/io/netty/netty-transport-native-epoll/4.1.30.Final/netty-transport-native-epoll-4.1.30.Final.jar:/home/user/.m2/repository/io/netty/netty-common/4.1.30.Final/netty-common-4.1.30.Final.jar:/home/user/.m2/repository/io/netty/netty-buffer/4.1.30.Final/netty-buffer-4.1.30.Final.jar:/home/user/.m2/repository/io/netty/netty-transport/4.1.30.Final/netty-transport-4.1.30.Final.jar:/home/user/.m2/repository/io/netty/netty-resolver/4.1.30.Final/netty-resolver-4.1.30.Final.jar:/home/user/.m2/repository/io/netty/netty-transport-native-unix-common/4.1.30.Final/netty-transport-native-unix-common-4.1.30.Final.jar:/home/user/.m2/repository/io/grpc/grpc-protobuf/1.17.1/grpc-protobuf-1.17.1.jar:/home/user/.m2/repository/com/google/api/grpc/proto-google-common-protos/1.0.0/proto-google-common-protos-1.0.0.jar:/home/user/.m2/repository/io/grpc/grpc-protobuf-lite/1.17.1/grpc-protobuf-lite-1.17.1.jar:/home/user/.m2/repository/io/grpc/grpc-stub/1.17.1/grpc-stub-1.17.1.jar:/home/user/.m2/repository/org/apache/hadoop/hadoop-ozone-recon/0.5.0-SNAPSHOT/hadoop-ozone-recon-0.5.0-SNAPSHOT.jar:/home/user/.m2/repository/org/apache/hadoop/hadoop-ozone-reconcodegen/0.5.0-SNAPSHOT/hadoop-ozone-reconcodegen-0.5.0-SNAPSHOT.jar:/home/user/.m2/repository/com/google/inject/extensions/guice-multibindings/4.0/guice-multibindings-4.0.jar:/home/user/.m2/repository/com/google/inject/guice/4.0/guice-4.0.jar:/home/user/.m2/repository/aopalliance/aopalliance/1.0/aopalliance-1.0.jar:/home/user/.m2/repository/com/google/inject/extensions/guice-servlet/4.0/guice-servlet-4.0.jar:/home/user/.m2/repository/org/glassfish/jersey/containers/jersey-container-servlet/2.27/jersey-container-servlet-2.27.jar:/home/user/.m2/repository/org/glassfish/hk2/guice-bridge/2.5.0/guice-bridge-2.5.0.jar:/home/user/.m2/repository/org/glassfish/jersey/core/jersey-server/2.27/jersey-server-2.27.jar:/home/user/.m2/repository/org/glassfish/jersey/core/jersey-client/2.27/jersey-client-2.27.jar:/home/user/.m2/repository/org/glassfish/jersey/media/jersey-media-jaxb/2.27/jersey-media-jaxb-2.27.jar:/home/user/.m2/repository/javax/validation/validation-api/1.1.0.Final/validation-api-1.1.0.Final.jar:/home/user/.m2/repository/org/glassfish/jersey/media/jersey-media-json-jackson/2.27/jersey-media-json-jackson-2.27.jar:/home/user/.m2/repository/org/glassfish/jersey/ext/jersey-entity-filtering/2.27/jersey-entity-filtering-2.27.jar:/home/user/.m2/repository/com/google/inject/extensions/guice-assistedinject/4.0/guice-assistedinject-4.0.jar:/home/user/.m2/repository/org/jooq/jooq/3.11.10/jooq-3.11.10.jar:/home/user/.m2/repository/org/jooq/jooq-meta/3.11.10/jooq-meta-3.11.10.jar:/home/user/.m2/repository/org/jooq/jooq-codegen/3.11.10/jooq-codegen-3.11.10.jar:/home/user/.m2/repository/com/jolbox/bonecp/0.8.0.RELEASE/bonecp-0.8.0.RELEASE.jar:/home/user/.m2/repository/org/springframework/spring-jdbc/5.1.3.RELEASE/spring-jdbc-5.1.3.RELEASE.jar:/home/user/.m2/repository/org/springframework/spring-beans/5.1.3.RELEASE/spring-beans-5.1.3.RELEASE.jar:/home/user/.m2/repository/org/springframework/spring-core/5.1.3.RELEASE/spring-core-5.1.3.RELEASE.jar:/home/user/.m2/repository/org/springframework/spring-jcl/5.1.3.RELEASE/spring-jcl-5.1.3.RELEASE.jar:/home/user/.m2/repository/org/springframework/spring-tx/5.1.3.RELEASE/spring-tx-5.1.3.RELEASE.jar:/home/user/.m2/repository/org/mockito/mockito-core/2.15.0/mockito-core-2.15.0.jar:/home/user/.m2/repository/net/bytebuddy/byte-buddy/1.7.9/byte-buddy-1.7.9.jar:/home/user/.m2/repository/net/bytebuddy/byte-buddy-agent/1.7.9/byte-buddy-agent-1.7.9.jar:/home/user/.m2/repository/org/objenesis/objenesis/1.0/objenesis-1.0.jar:"/>
    <property name="java.vm.vendor" value="Oracle Corporation"/>
    <property name="sun.arch.data.model" value="64"/>
    <property name="test.build.dir" value="/workdir/hadoop-ozone/tools/target/test-dir"/>
    <property name="test.cache.data" value=""/>
    <property name="java.vendor.url" value="http://java.oracle.com/"/>
    <property name="user.timezone" value=""/>
    <property name="java.vm.specification.version" value="1.8"/>
    <property name="os.name" value="Linux"/>
    <property name="test.build.data" value="/workdir/hadoop-ozone/tools/target/test-dir"/>
    <property name="user.country" value="US"/>
    <property name="sun.java.launcher" value="SUN_STANDARD"/>
    <property name="sun.boot.library.path" value="/usr/lib/jvm/java-1.8.0-openjdk-1.8.0.222.b10-1.el7_7.x86_64/jre/lib/amd64"/>
    <property name="sun.java.command" value="/workdir/hadoop-ozone/tools/target/surefire/surefirebooter1015169321201769034.jar /workdir/hadoop-ozone/tools/target/surefire 2019-11-15T10-57-15_999-jvmRun1 surefire4844552171982874388tmp surefire_1005317914041084065156tmp"/>
    <property name="surefire.test.class.path" value="/workdir/hadoop-ozone/tools/target/test-classes:/workdir/hadoop-ozone/tools/target/classes:/home/user/.m2/repository/org/apache/hadoop/hadoop-ozone-ozone-manager/0.5.0-SNAPSHOT/hadoop-ozone-ozone-manager-0.5.0-SNAPSHOT.jar:/home/user/.m2/repository/org/apache/hadoop/hadoop-hdds-docs/0.5.0-SNAPSHOT/hadoop-hdds-docs-0.5.0-SNAPSHOT.jar:/home/user/.m2/repository/org/bouncycastle/bcprov-jdk15on/1.60/bcprov-jdk15on-1.60.jar:/home/user/.m2/repository/org/apache/hadoop/hadoop-ozone-common/0.5.0-SNAPSHOT/hadoop-ozone-common-0.5.0-SNAPSHOT.jar:/home/user/.m2/repository/org/apache/commons/commons-compress/1.4.1/commons-compress-1.4.1.jar:/home/user/.m2/repository/org/tukaani/xz/1.0/xz-1.0.jar:/home/user/.m2/repository/org/apache/hadoop/hadoop-hdfs-client/3.2.0/hadoop-hdfs-client-3.2.0.jar:/home/user/.m2/repository/com/fasterxml/jackson/core/jackson-annotations/2.9.9/jackson-annotations-2.9.9.jar:/home/user/.m2/repository/org/apache/hadoop/hadoop-hdds-common/0.5.0-SNAPSHOT/hadoop-hdds-common-0.5.0-SNAPSHOT.jar:/home/user/.m2/repository/org/apache/hadoop/hadoop-hdds-config/0.5.0-SNAPSHOT/hadoop-hdds-config-0.5.0-SNAPSHOT.jar:/home/user/.m2/repository/javax/annotation/javax.annotation-api/1.2/javax.annotation-api-1.2.jar:/home/user/.m2/repository/org/apache/ratis/ratis-server/0.5.0-d6d58d0-SNAPSHOT/ratis-server-0.5.0-d6d58d0-SNAPSHOT.jar:/home/user/.m2/repository/org/apache/ratis/ratis-thirdparty-misc/0.2.0/ratis-thirdparty-misc-0.2.0.jar:/home/user/.m2/repository/org/apache/ratis/ratis-proto/0.5.0-d6d58d0-SNAPSHOT/ratis-proto-0.5.0-d6d58d0-SNAPSHOT.jar:/home/user/.m2/repository/org/apache/ratis/ratis-common/0.5.0-d6d58d0-SNAPSHOT/ratis-common-0.5.0-d6d58d0-SNAPSHOT.jar:/home/user/.m2/repository/org/apache/ratis/ratis-client/0.5.0-d6d58d0-SNAPSHOT/ratis-client-0.5.0-d6d58d0-SNAPSHOT.jar:/home/user/.m2/repository/org/apache/ratis/ratis-metrics/0.5.0-d6d58d0-SNAPSHOT/ratis-metrics-0.5.0-d6d58d0-SNAPSHOT.jar:/home/user/.m2/repository/org/apache/ratis/ratis-netty/0.5.0-d6d58d0-SNAPSHOT/ratis-netty-0.5.0-d6d58d0-SNAPSHOT.jar:/home/user/.m2/repository/org/apache/ratis/ratis-grpc/0.5.0-d6d58d0-SNAPSHOT/ratis-grpc-0.5.0-d6d58d0-SNAPSHOT.jar:/home/user/.m2/repository/org/rocksdb/rocksdbjni/6.0.1/rocksdbjni-6.0.1.jar:/home/user/.m2/repository/org/apache/logging/log4j/log4j-api/2.11.0/log4j-api-2.11.0.jar:/home/user/.m2/repository/org/apache/logging/log4j/log4j-core/2.11.0/log4j-core-2.11.0.jar:/home/user/.m2/repository/com/lmax/disruptor/3.4.2/disruptor-3.4.2.jar:/home/user/.m2/repository/org/apache/commons/commons-pool2/2.6.0/commons-pool2-2.6.0.jar:/home/user/.m2/repository/org/bouncycastle/bcpkix-jdk15on/1.60/bcpkix-jdk15on-1.60.jar:/home/user/.m2/repository/commons-validator/commons-validator/1.6/commons-validator-1.6.jar:/home/user/.m2/repository/commons-digester/commons-digester/1.8.1/commons-digester-1.8.1.jar:/home/user/.m2/repository/io/jaegertracing/jaeger-client/0.34.0/jaeger-client-0.34.0.jar:/home/user/.m2/repository/io/jaegertracing/jaeger-thrift/0.34.0/jaeger-thrift-0.34.0.jar:/home/user/.m2/repository/org/apache/thrift/libthrift/0.12.0/libthrift-0.12.0.jar:/home/user/.m2/repository/com/squareup/okhttp3/okhttp/3.9.0/okhttp-3.9.0.jar:/home/user/.m2/repository/com/squareup/okio/okio/1.13.0/okio-1.13.0.jar:/home/user/.m2/repository/io/jaegertracing/jaeger-core/0.34.0/jaeger-core-0.34.0.jar:/home/user/.m2/repository/io/jaegertracing/jaeger-tracerresolver/0.34.0/jaeger-tracerresolver-0.34.0.jar:/home/user/.m2/repository/io/opentracing/contrib/opentracing-tracerresolver/0.1.5/opentracing-tracerresolver-0.1.5.jar:/home/user/.m2/repository/io/opentracing/opentracing-util/0.31.0/opentracing-util-0.31.0.jar:/home/user/.m2/repository/io/opentracing/opentracing-api/0.31.0/opentracing-api-0.31.0.jar:/home/user/.m2/repository/io/opentracing/opentracing-noop/0.31.0/opentracing-noop-0.31.0.jar:/home/user/.m2/repository/org/yaml/snakeyaml/1.16/snakeyaml-1.16.jar:/home/user/.m2/repository/org/apache/hadoop/hadoop-hdds-container-service/0.5.0-SNAPSHOT/hadoop-hdds-container-service-0.5.0-SNAPSHOT.jar:/home/user/.m2/repository/org/apache/hadoop/hadoop-hdds-client/0.5.0-SNAPSHOT/hadoop-hdds-client-0.5.0-SNAPSHOT.jar:/home/user/.m2/repository/org/apache/hadoop/hadoop-hdds-tools/0.5.0-SNAPSHOT/hadoop-hdds-tools-0.5.0-SNAPSHOT.jar:/home/user/.m2/repository/org/xerial/sqlite-jdbc/3.25.2/sqlite-jdbc-3.25.2.jar:/home/user/.m2/repository/org/apache/hadoop/hadoop-hdds-server-scm/0.5.0-SNAPSHOT/hadoop-hdds-server-scm-0.5.0-SNAPSHOT.jar:/home/user/.m2/repository/org/hamcrest/hamcrest-all/1.3/hamcrest-all-1.3.jar:/home/user/.m2/repository/info/picocli/picocli/3.9.6/picocli-3.9.6.jar:/home/user/.m2/repository/com/google/protobuf/protobuf-java/2.5.0/protobuf-java-2.5.0.jar:/home/user/.m2/repository/com/google/guava/guava/11.0.2/guava-11.0.2.jar:/home/user/.m2/repository/org/apache/hadoop/hadoop-ozone-client/0.5.0-SNAPSHOT/hadoop-ozone-client-0.5.0-SNAPSHOT.jar:/workdir/hadoop-ozone/ozonefs/target/classes:/home/user/.m2/repository/org/apache/httpcomponents/httpclient/4.5.2/httpclient-4.5.2.jar:/home/user/.m2/repository/org/apache/httpcomponents/httpcore/4.4.4/httpcore-4.4.4.jar:/home/user/.m2/repository/org/apache/hadoop/hadoop-hdds-server-framework/0.5.0-SNAPSHOT/hadoop-hdds-server-framework-0.5.0-SNAPSHOT.jar:/home/user/.m2/repository/org/apache/hadoop/hadoop-common/3.2.0/hadoop-common-3.2.0.jar:/home/user/.m2/repository/org/apache/hadoop/hadoop-annotations/3.2.0/hadoop-annotations-3.2.0.jar:/usr/lib/jvm/java-1.8.0-openjdk-1.8.0.222.b10-1.el7_7.x86_64/jre/../lib/tools.jar:/home/user/.m2/repository/commons-cli/commons-cli/1.2/commons-cli-1.2.jar:/home/user/.m2/repository/org/apache/commons/commons-math3/3.1.1/commons-math3-3.1.1.jar:/home/user/.m2/repository/commons-codec/commons-codec/1.11/commons-codec-1.11.jar:/home/user/.m2/repository/commons-io/commons-io/2.5/commons-io-2.5.jar:/home/user/.m2/repository/commons-net/commons-net/3.6/commons-net-3.6.jar:/home/user/.m2/repository/commons-collections/commons-collections/3.2.2/commons-collections-3.2.2.jar:/home/user/.m2/repository/javax/servlet/javax.servlet-api/3.1.0/javax.servlet-api-3.1.0.jar:/home/user/.m2/repository/org/eclipse/jetty/jetty-server/9.3.25.v20180904/jetty-server-9.3.25.v20180904.jar:/home/user/.m2/repository/org/eclipse/jetty/jetty-http/9.3.25.v20180904/jetty-http-9.3.25.v20180904.jar:/home/user/.m2/repository/org/eclipse/jetty/jetty-io/9.3.25.v20180904/jetty-io-9.3.25.v20180904.jar:/home/user/.m2/repository/org/eclipse/jetty/jetty-util/9.3.25.v20180904/jetty-util-9.3.25.v20180904.jar:/home/user/.m2/repository/org/eclipse/jetty/jetty-servlet/9.3.25.v20180904/jetty-servlet-9.3.25.v20180904.jar:/home/user/.m2/repository/org/eclipse/jetty/jetty-security/9.3.25.v20180904/jetty-security-9.3.25.v20180904.jar:/home/user/.m2/repository/org/eclipse/jetty/jetty-webapp/9.3.25.v20180904/jetty-webapp-9.3.25.v20180904.jar:/home/user/.m2/repository/org/eclipse/jetty/jetty-xml/9.3.25.v20180904/jetty-xml-9.3.25.v20180904.jar:/home/user/.m2/repository/javax/servlet/jsp/jsp-api/2.1/jsp-api-2.1.jar:/home/user/.m2/repository/com/sun/jersey/jersey-core/1.19/jersey-core-1.19.jar:/home/user/.m2/repository/javax/ws/rs/jsr311-api/1.1.1/jsr311-api-1.1.1.jar:/home/user/.m2/repository/com/sun/jersey/jersey-servlet/1.19/jersey-servlet-1.19.jar:/home/user/.m2/repository/com/sun/jersey/jersey-json/1.19/jersey-json-1.19.jar:/home/user/.m2/repository/org/codehaus/jettison/jettison/1.1/jettison-1.1.jar:/home/user/.m2/repository/com/sun/xml/bind/jaxb-impl/2.3.0.1/jaxb-impl-2.3.0.1.jar:/home/user/.m2/repository/org/codehaus/jackson/jackson-core-asl/1.9.13/jackson-core-asl-1.9.13.jar:/home/user/.m2/repository/org/codehaus/jackson/jackson-mapper-asl/1.9.13/jackson-mapper-asl-1.9.13.jar:/home/user/.m2/repository/org/codehaus/jackson/jackson-jaxrs/1.9.13/jackson-jaxrs-1.9.13.jar:/home/user/.m2/repository/org/codehaus/jackson/jackson-xc/1.9.13/jackson-xc-1.9.13.jar:/home/user/.m2/repository/com/sun/jersey/jersey-server/1.19/jersey-server-1.19.jar:/home/user/.m2/repository/commons-logging/commons-logging/1.1.3/commons-logging-1.1.3.jar:/home/user/.m2/repository/log4j/log4j/1.2.17/log4j-1.2.17.jar:/home/user/.m2/repository/commons-beanutils/commons-beanutils/1.9.4/commons-beanutils-1.9.4.jar:/home/user/.m2/repository/org/apache/commons/commons-configuration2/2.1.1/commons-configuration2-2.1.1.jar:/home/user/.m2/repository/org/apache/commons/commons-lang3/3.7/commons-lang3-3.7.jar:/home/user/.m2/repository/org/apache/commons/commons-text/1.4/commons-text-1.4.jar:/home/user/.m2/repository/org/slf4j/slf4j-api/1.7.25/slf4j-api-1.7.25.jar:/home/user/.m2/repository/org/slf4j/slf4j-log4j12/1.7.25/slf4j-log4j12-1.7.25.jar:/home/user/.m2/repository/org/apache/avro/avro/1.7.7/avro-1.7.7.jar:/home/user/.m2/repository/com/thoughtworks/paranamer/paranamer/2.3/paranamer-2.3.jar:/home/user/.m2/repository/org/xerial/snappy/snappy-java/1.0.5/snappy-java-1.0.5.jar:/home/user/.m2/repository/com/google/re2j/re2j/1.1/re2j-1.1.jar:/home/user/.m2/repository/com/google/code/gson/gson/2.2.4/gson-2.2.4.jar:/home/user/.m2/repository/org/apache/hadoop/hadoop-auth/3.2.0/hadoop-auth-3.2.0.jar:/home/user/.m2/repository/com/nimbusds/nimbus-jose-jwt/4.41.1/nimbus-jose-jwt-4.41.1.jar:/home/user/.m2/repository/com/github/stephenc/jcip/jcip-annotations/1.0-1/jcip-annotations-1.0-1.jar:/home/user/.m2/repository/net/minidev/json-smart/2.3/json-smart-2.3.jar:/home/user/.m2/repository/net/minidev/accessors-smart/1.2/accessors-smart-1.2.jar:/home/user/.m2/repository/org/apache/curator/curator-framework/2.12.0/curator-framework-2.12.0.jar:/home/user/.m2/repository/com/jcraft/jsch/0.1.54/jsch-0.1.54.jar:/home/user/.m2/repository/org/apache/curator/curator-client/2.12.0/curator-client-2.12.0.jar:/home/user/.m2/repository/org/apache/curator/curator-recipes/2.12.0/curator-recipes-2.12.0.jar:/home/user/.m2/repository/com/google/code/findbugs/jsr305/3.0.0/jsr305-3.0.0.jar:/home/user/.m2/repository/org/apache/htrace/htrace-core4/4.1.0-incubating/htrace-core4-4.1.0-incubating.jar:/home/user/.m2/repository/org/apache/zookeeper/zookeeper/3.4.13/zookeeper-3.4.13.jar:/home/user/.m2/repository/jline/jline/0.9.94/jline-0.9.94.jar:/home/user/.m2/repository/org/apache/yetus/audience-annotations/0.5.0/audience-annotations-0.5.0.jar:/home/user/.m2/repository/org/apache/kerby/kerb-simplekdc/1.0.1/kerb-simplekdc-1.0.1.jar:/home/user/.m2/repository/org/apache/kerby/kerb-client/1.0.1/kerb-client-1.0.1.jar:/home/user/.m2/repository/org/apache/kerby/kerby-config/1.0.1/kerby-config-1.0.1.jar:/home/user/.m2/repository/org/apache/kerby/kerb-core/1.0.1/kerb-core-1.0.1.jar:/home/user/.m2/repository/org/apache/kerby/kerby-pkix/1.0.1/kerby-pkix-1.0.1.jar:/home/user/.m2/repository/org/apache/kerby/kerby-asn1/1.0.1/kerby-asn1-1.0.1.jar:/home/user/.m2/repository/org/apache/kerby/kerby-util/1.0.1/kerby-util-1.0.1.jar:/home/user/.m2/repository/org/apache/kerby/kerb-common/1.0.1/kerb-common-1.0.1.jar:/home/user/.m2/repository/org/apache/kerby/kerb-crypto/1.0.1/kerb-crypto-1.0.1.jar:/home/user/.m2/repository/org/apache/kerby/kerb-util/1.0.1/kerb-util-1.0.1.jar:/home/user/.m2/repository/org/apache/kerby/token-provider/1.0.1/token-provider-1.0.1.jar:/home/user/.m2/repository/org/apache/kerby/kerb-admin/1.0.1/kerb-admin-1.0.1.jar:/home/user/.m2/repository/org/apache/kerby/kerb-server/1.0.1/kerb-server-1.0.1.jar:/home/user/.m2/repository/org/apache/kerby/kerb-identity/1.0.1/kerb-identity-1.0.1.jar:/home/user/.m2/repository/org/apache/kerby/kerby-xdr/1.0.1/kerby-xdr-1.0.1.jar:/home/user/.m2/repository/com/fasterxml/jackson/core/jackson-databind/2.9.9/jackson-databind-2.9.9.jar:/home/user/.m2/repository/com/fasterxml/jackson/core/jackson-core/2.9.9/jackson-core-2.9.9.jar:/home/user/.m2/repository/org/codehaus/woodstox/stax2-api/3.1.4/stax2-api-3.1.4.jar:/home/user/.m2/repository/com/fasterxml/woodstox/woodstox-core/5.0.3/woodstox-core-5.0.3.jar:/home/user/.m2/repository/dnsjava/dnsjava/2.1.7/dnsjava-2.1.7.jar:/home/user/.m2/repository/org/apache/hadoop/hadoop-hdfs/3.2.0/hadoop-hdfs-3.2.0.jar:/home/user/.m2/repository/org/eclipse/jetty/jetty-util-ajax/9.3.25.v20180904/jetty-util-ajax-9.3.25.v20180904.jar:/home/user/.m2/repository/commons-daemon/commons-daemon/1.0.13/commons-daemon-1.0.13.jar:/home/user/.m2/repository/io/netty/netty/3.10.5.Final/netty-3.10.5.Final.jar:/home/user/.m2/repository/io/netty/netty-all/4.0.52.Final/netty-all-4.0.52.Final.jar:/home/user/.m2/repository/org/fusesource/leveldbjni/leveldbjni-all/1.8/leveldbjni-all-1.8.jar:/home/user/.m2/repository/com/sun/xml/bind/jaxb-core/2.3.0.1/jaxb-core-2.3.0.1.jar:/home/user/.m2/repository/javax/xml/bind/jaxb-api/2.3.0/jaxb-api-2.3.0.jar:/home/user/.m2/repository/javax/activation/activation/1.1.1/activation-1.1.1.jar:/home/user/.m2/repository/org/openjdk/jmh/jmh-core/1.19/jmh-core-1.19.jar:/home/user/.m2/repository/net/sf/jopt-simple/jopt-simple/4.6/jopt-simple-4.6.jar:/home/user/.m2/repository/org/openjdk/jmh/jmh-generator-annprocess/1.19/jmh-generator-annprocess-1.19.jar:/home/user/.m2/repository/io/dropwizard/metrics/metrics-core/3.2.4/metrics-core-3.2.4.jar:/home/user/.m2/repository/com/amazonaws/aws-java-sdk-s3/1.11.615/aws-java-sdk-s3-1.11.615.jar:/home/user/.m2/repository/com/amazonaws/aws-java-sdk-kms/1.11.615/aws-java-sdk-kms-1.11.615.jar:/home/user/.m2/repository/com/amazonaws/aws-java-sdk-core/1.11.615/aws-java-sdk-core-1.11.615.jar:/home/user/.m2/repository/software/amazon/ion/ion-java/1.0.2/ion-java-1.0.2.jar:/home/user/.m2/repository/com/fasterxml/jackson/dataformat/jackson-dataformat-cbor/2.9.9/jackson-dataformat-cbor-2.9.9.jar:/home/user/.m2/repository/joda-time/joda-time/2.9.9/joda-time-2.9.9.jar:/home/user/.m2/repository/com/amazonaws/jmespath-java/1.11.615/jmespath-java-1.11.615.jar:/home/user/.m2/repository/com/github/spotbugs/spotbugs/3.1.12/spotbugs-3.1.12.jar:/home/user/.m2/repository/org/ow2/asm/asm/5.0.4/asm-5.0.4.jar:/home/user/.m2/repository/org/ow2/asm/asm-analysis/7.0/asm-analysis-7.0.jar:/home/user/.m2/repository/org/ow2/asm/asm-commons/7.0/asm-commons-7.0.jar:/home/user/.m2/repository/org/ow2/asm/asm-tree/7.0/asm-tree-7.0.jar:/home/user/.m2/repository/org/ow2/asm/asm-util/7.0/asm-util-7.0.jar:/home/user/.m2/repository/org/apache/bcel/bcel/6.3/bcel-6.3.jar:/home/user/.m2/repository/net/jcip/jcip-annotations/1.0/jcip-annotations-1.0.jar:/home/user/.m2/repository/org/dom4j/dom4j/2.1.1/dom4j-2.1.1.jar:/home/user/.m2/repository/jaxen/jaxen/1.1.6/jaxen-1.1.6.jar:/home/user/.m2/repository/commons-lang/commons-lang/2.6/commons-lang-2.6.jar:/home/user/.m2/repository/com/github/spotbugs/spotbugs-annotations/3.1.12/spotbugs-annotations-3.1.12.jar:/home/user/.m2/repository/junit/junit/4.11/junit-4.11.jar:/home/user/.m2/repository/org/hamcrest/hamcrest-core/1.3/hamcrest-core-1.3.jar:/home/user/.m2/repository/org/apache/hadoop/hadoop-common/3.2.0/hadoop-common-3.2.0-tests.jar:/workdir/hadoop-ozone/integration-test/target/test-classes:/home/user/.m2/repository/org/apache/hadoop/hadoop-ozone-s3gateway/0.5.0-SNAPSHOT/hadoop-ozone-s3gateway-0.5.0-SNAPSHOT.jar:/home/user/.m2/repository/org/jboss/weld/servlet/weld-servlet/2.4.7.Final/weld-servlet-2.4.7.Final.jar:/home/user/.m2/repository/org/glassfish/jersey/containers/jersey-container-servlet-core/2.27/jersey-container-servlet-core-2.27.jar:/home/user/.m2/repository/org/glassfish/hk2/external/javax.inject/2.5.0-b42/javax.inject-2.5.0-b42.jar:/home/user/.m2/repository/org/glassfish/jersey/core/jersey-common/2.27/jersey-common-2.27.jar:/home/user/.m2/repository/org/glassfish/hk2/osgi-resource-locator/1.0.1/osgi-resource-locator-1.0.1.jar:/home/user/.m2/repository/javax/ws/rs/javax.ws.rs-api/2.1/javax.ws.rs-api-2.1.jar:/home/user/.m2/repository/org/glassfish/jersey/ext/cdi/jersey-cdi1x/2.27/jersey-cdi1x-2.27.jar:/home/user/.m2/repository/org/glassfish/jersey/inject/jersey-hk2/2.27/jersey-hk2-2.27.jar:/home/user/.m2/repository/org/glassfish/hk2/hk2-locator/2.5.0-b42/hk2-locator-2.5.0-b42.jar:/home/user/.m2/repository/org/javassist/javassist/3.22.0-CR2/javassist-3.22.0-CR2.jar:/home/user/.m2/repository/org/glassfish/hk2/hk2-api/2.5.0/hk2-api-2.5.0.jar:/home/user/.m2/repository/org/glassfish/hk2/external/jakarta.inject/2.5.0/jakarta.inject-2.5.0.jar:/home/user/.m2/repository/org/glassfish/hk2/hk2-utils/2.5.0/hk2-utils-2.5.0.jar:/home/user/.m2/repository/jakarta/annotation/jakarta.annotation-api/1.3.4/jakarta.annotation-api-1.3.4.jar:/home/user/.m2/repository/org/glassfish/hk2/external/aopalliance-repackaged/2.5.0/aopalliance-repackaged-2.5.0.jar:/home/user/.m2/repository/com/fasterxml/jackson/dataformat/jackson-dataformat-xml/2.9.0/jackson-dataformat-xml-2.9.0.jar:/home/user/.m2/repository/com/fasterxml/jackson/module/jackson-module-jaxb-annotations/2.9.9/jackson-module-jaxb-annotations-2.9.9.jar:/home/user/.m2/repository/javax/enterprise/cdi-api/1.2/cdi-api-1.2.jar:/home/user/.m2/repository/javax/el/javax.el-api/3.0.0/javax.el-api-3.0.0.jar:/home/user/.m2/repository/javax/interceptor/javax.interceptor-api/1.2/javax.interceptor-api-1.2.jar:/home/user/.m2/repository/javax/inject/javax.inject/1/javax.inject-1.jar:/home/user/.m2/repository/org/apache/hadoop/hadoop-ozone-csi/0.5.0-SNAPSHOT/hadoop-ozone-csi-0.5.0-SNAPSHOT.jar:/home/user/.m2/repository/com/google/protobuf/protobuf-java-util/3.5.1/protobuf-java-util-3.5.1.jar:/home/user/.m2/repository/io/grpc/grpc-netty/1.17.1/grpc-netty-1.17.1.jar:/home/user/.m2/repository/io/grpc/grpc-core/1.17.1/grpc-core-1.17.1.jar:/home/user/.m2/repository/io/grpc/grpc-context/1.17.1/grpc-context-1.17.1.jar:/home/user/.m2/repository/com/google/errorprone/error_prone_annotations/2.2.0/error_prone_annotations-2.2.0.jar:/home/user/.m2/repository/org/codehaus/mojo/animal-sniffer-annotations/1.17/animal-sniffer-annotations-1.17.jar:/home/user/.m2/repository/io/opencensus/opencensus-api/0.17.0/opencensus-api-0.17.0.jar:/home/user/.m2/repository/io/opencensus/opencensus-contrib-grpc-metrics/0.17.0/opencensus-contrib-grpc-metrics-0.17.0.jar:/home/user/.m2/repository/io/netty/netty-codec-http2/4.1.30.Final/netty-codec-http2-4.1.30.Final.jar:/home/user/.m2/repository/io/netty/netty-codec-http/4.1.30.Final/netty-codec-http-4.1.30.Final.jar:/home/user/.m2/repository/io/netty/netty-codec/4.1.30.Final/netty-codec-4.1.30.Final.jar:/home/user/.m2/repository/io/netty/netty-handler/4.1.30.Final/netty-handler-4.1.30.Final.jar:/home/user/.m2/repository/io/netty/netty-handler-proxy/4.1.30.Final/netty-handler-proxy-4.1.30.Final.jar:/home/user/.m2/repository/io/netty/netty-codec-socks/4.1.30.Final/netty-codec-socks-4.1.30.Final.jar:/home/user/.m2/repository/io/netty/netty-transport-native-epoll/4.1.30.Final/netty-transport-native-epoll-4.1.30.Final.jar:/home/user/.m2/repository/io/netty/netty-common/4.1.30.Final/netty-common-4.1.30.Final.jar:/home/user/.m2/repository/io/netty/netty-buffer/4.1.30.Final/netty-buffer-4.1.30.Final.jar:/home/user/.m2/repository/io/netty/netty-transport/4.1.30.Final/netty-transport-4.1.30.Final.jar:/home/user/.m2/repository/io/netty/netty-resolver/4.1.30.Final/netty-resolver-4.1.30.Final.jar:/home/user/.m2/repository/io/netty/netty-transport-native-unix-common/4.1.30.Final/netty-transport-native-unix-common-4.1.30.Final.jar:/home/user/.m2/repository/io/grpc/grpc-protobuf/1.17.1/grpc-protobuf-1.17.1.jar:/home/user/.m2/repository/com/google/api/grpc/proto-google-common-protos/1.0.0/proto-google-common-protos-1.0.0.jar:/home/user/.m2/repository/io/grpc/grpc-protobuf-lite/1.17.1/grpc-protobuf-lite-1.17.1.jar:/home/user/.m2/repository/io/grpc/grpc-stub/1.17.1/grpc-stub-1.17.1.jar:/home/user/.m2/repository/org/apache/hadoop/hadoop-ozone-recon/0.5.0-SNAPSHOT/hadoop-ozone-recon-0.5.0-SNAPSHOT.jar:/home/user/.m2/repository/org/apache/hadoop/hadoop-ozone-reconcodegen/0.5.0-SNAPSHOT/hadoop-ozone-reconcodegen-0.5.0-SNAPSHOT.jar:/home/user/.m2/repository/com/google/inject/extensions/guice-multibindings/4.0/guice-multibindings-4.0.jar:/home/user/.m2/repository/com/google/inject/guice/4.0/guice-4.0.jar:/home/user/.m2/repository/aopalliance/aopalliance/1.0/aopalliance-1.0.jar:/home/user/.m2/repository/com/google/inject/extensions/guice-servlet/4.0/guice-servlet-4.0.jar:/home/user/.m2/repository/org/glassfish/jersey/containers/jersey-container-servlet/2.27/jersey-container-servlet-2.27.jar:/home/user/.m2/repository/org/glassfish/hk2/guice-bridge/2.5.0/guice-bridge-2.5.0.jar:/home/user/.m2/repository/org/glassfish/jersey/core/jersey-server/2.27/jersey-server-2.27.jar:/home/user/.m2/repository/org/glassfish/jersey/core/jersey-client/2.27/jersey-client-2.27.jar:/home/user/.m2/repository/org/glassfish/jersey/media/jersey-media-jaxb/2.27/jersey-media-jaxb-2.27.jar:/home/user/.m2/repository/javax/validation/validation-api/1.1.0.Final/validation-api-1.1.0.Final.jar:/home/user/.m2/repository/org/glassfish/jersey/media/jersey-media-json-jackson/2.27/jersey-media-json-jackson-2.27.jar:/home/user/.m2/repository/org/glassfish/jersey/ext/jersey-entity-filtering/2.27/jersey-entity-filtering-2.27.jar:/home/user/.m2/repository/com/google/inject/extensions/guice-assistedinject/4.0/guice-assistedinject-4.0.jar:/home/user/.m2/repository/org/jooq/jooq/3.11.10/jooq-3.11.10.jar:/home/user/.m2/repository/org/jooq/jooq-meta/3.11.10/jooq-meta-3.11.10.jar:/home/user/.m2/repository/org/jooq/jooq-codegen/3.11.10/jooq-codegen-3.11.10.jar:/home/user/.m2/repository/com/jolbox/bonecp/0.8.0.RELEASE/bonecp-0.8.0.RELEASE.jar:/home/user/.m2/repository/org/springframework/spring-jdbc/5.1.3.RELEASE/spring-jdbc-5.1.3.RELEASE.jar:/home/user/.m2/repository/org/springframework/spring-beans/5.1.3.RELEASE/spring-beans-5.1.3.RELEASE.jar:/home/user/.m2/repository/org/springframework/spring-core/5.1.3.RELEASE/spring-core-5.1.3.RELEASE.jar:/home/user/.m2/repository/org/springframework/spring-jcl/5.1.3.RELEASE/spring-jcl-5.1.3.RELEASE.jar:/home/user/.m2/repository/org/springframework/spring-tx/5.1.3.RELEASE/spring-tx-5.1.3.RELEASE.jar:/home/user/.m2/repository/org/mockito/mockito-core/2.15.0/mockito-core-2.15.0.jar:/home/user/.m2/repository/net/bytebuddy/byte-buddy/1.7.9/byte-buddy-1.7.9.jar:/home/user/.m2/repository/net/bytebuddy/byte-buddy-agent/1.7.9/byte-buddy-agent-1.7.9.jar:/home/user/.m2/repository/org/objenesis/objenesis/1.0/objenesis-1.0.jar:"/>
    <property name="sun.cpu.endian" value="little"/>
    <property name="user.home" value="/home/user"/>
    <property name="user.language" value="en"/>
    <property name="java.specification.vendor" value="Oracle Corporation"/>
    <property name="java.home" value="/usr/lib/jvm/java-1.8.0-openjdk-1.8.0.222.b10-1.el7_7.x86_64/jre"/>
    <property name="surefire.excludesFile" value="/tools/ozone-bad-unit-tests"/>
    <property name="java.security.krb5.conf" value="/workdir/hadoop-ozone/tools/target/test-classes/krb5.conf"/>
    <property name="basedir" value="/workdir/hadoop-ozone/tools"/>
    <property name="file.separator" value="/"/>
    <property name="line.separator" value="&#10;"/>
    <property name="java.vm.specification.vendor" value="Oracle Corporation"/>
    <property name="java.specification.name" value="Java Platform API Specification"/>
    <property name="java.awt.graphicsenv" value="sun.awt.X11GraphicsEnvironment"/>
    <property name="surefire.real.class.path" value="/workdir/hadoop-ozone/tools/target/surefire/surefirebooter1015169321201769034.jar"/>
    <property name="hadoop.log.dir" value="/workdir/hadoop-ozone/tools/target/log"/>
    <property name="sun.boot.class.path" value="/usr/lib/jvm/java-1.8.0-openjdk-1.8.0.222.b10-1.el7_7.x86_64/jre/lib/resources.jar:/usr/lib/jvm/java-1.8.0-openjdk-1.8.0.222.b10-1.el7_7.x86_64/jre/lib/rt.jar:/usr/lib/jvm/java-1.8.0-openjdk-1.8.0.222.b10-1.el7_7.x86_64/jre/lib/sunrsasign.jar:/usr/lib/jvm/java-1.8.0-openjdk-1.8.0.222.b10-1.el7_7.x86_64/jre/lib/jsse.jar:/usr/lib/jvm/java-1.8.0-openjdk-1.8.0.222.b10-1.el7_7.x86_64/jre/lib/jce.jar:/usr/lib/jvm/java-1.8.0-openjdk-1.8.0.222.b10-1.el7_7.x86_64/jre/lib/charsets.jar:/usr/lib/jvm/java-1.8.0-openjdk-1.8.0.222.b10-1.el7_7.x86_64/jre/lib/jfr.jar:/usr/lib/jvm/java-1.8.0-openjdk-1.8.0.222.b10-1.el7_7.x86_64/jre/classes"/>
    <property name="sun.management.compiler" value="HotSpot 64-Bit Tiered Compilers"/>
    <property name="java.runtime.version" value="1.8.0_222-b10"/>
    <property name="java.net.preferIPv4Stack" value="true"/>
    <property name="user.name" value="jenkins1000"/>
    <property name="path.separator" value=":"/>
    <property name="java.security.egd" value="file:///dev/urandom"/>
    <property name="os.version" value="3.10.0-957.12.2.el7.x86_64"/>
    <property name="java.endorsed.dirs" value="/usr/lib/jvm/java-1.8.0-openjdk-1.8.0.222.b10-1.el7_7.x86_64/jre/lib/endorsed"/>
    <property name="java.runtime.name" value="OpenJDK Runtime Environment"/>
    <property name="file.encoding" value="ANSI_X3.4-1968"/>
    <property name="java.vm.name" value="OpenJDK 64-Bit Server VM"/>
    <property name="test.build.webapps" value=""/>
    <property name="localRepository" value="/home/user/.m2/repository"/>
    <property name="java.vendor.url.bug" value="http://bugreport.sun.com/bugreport/"/>
    <property name="java.io.tmpdir" value="/tmp"/>
    <property name="require.test.libhadoop" value=""/>
    <property name="java.version" value="1.8.0_222"/>
    <property name="user.dir" value="/workdir/hadoop-ozone/tools"/>
    <property name="os.arch" value="amd64"/>
    <property name="java.vm.specification.name" value="Java Virtual Machine Specification"/>
    <property name="test.build.classes" value="/workdir/hadoop-ozone/tools/target/test-classes"/>
    <property name="java.awt.printerjob" value="sun.print.PSPrinterJob"/>
    <property name="sun.os.patch.level" value="unknown"/>
    <property name="hadoop.tmp.dir" value="/workdir/hadoop-ozone/tools/target/tmp"/>
    <property name="java.library.path" value="/usr/lib:/workdir/hadoop-ozone/tools/target/native/target/usr/local/lib:/workdir/hadoop-ozone/tools/../../hadoop-common-project/hadoop-common/target/native/target/usr/local/lib:/usr/java/packages/lib/amd64:/usr/lib64:/lib64:/lib:/usr/lib"/>
    <property name="java.vm.info" value="mixed mode"/>
    <property name="java.vendor" value="Oracle Corporation"/>
    <property name="java.vm.version" value="25.222-b10"/>
    <property name="java.ext.dirs" value="/usr/lib/jvm/java-1.8.0-openjdk-1.8.0.222.b10-1.el7_7.x86_64/jre/lib/ext:/usr/java/packages/lib/ext"/>
    <property name="sun.io.unicode.encoding" value="UnicodeLittle"/>
    <property name="java.class.version" value="52.0"/>
  </properties>
  <testcase name="testRestart" classname="org.apache.hadoop.ozone.freon.TestFreonWithPipelineDestroy" time="18.44">
    <error message="INTERNAL_ERROR org.apache.hadoop.ozone.om.exceptions.OMException: Allocated 0 blocks. Requested 5 blocks" type="java.lang.RuntimeException">java.lang.RuntimeException: INTERNAL_ERROR org.apache.hadoop.ozone.om.exceptions.OMException: Allocated 0 blocks. Requested 5 blocks
	at org.apache.hadoop.ozone.freon.RandomKeyGenerator.call(RandomKeyGenerator.java:341)
	at org.apache.hadoop.ozone.freon.TestFreonWithPipelineDestroy.startFreon(TestFreonWithPipelineDestroy.java:87)
	at org.apache.hadoop.ozone.freon.TestFreonWithPipelineDestroy.testRestart(TestFreonWithPipelineDestroy.java:74)
	at sun.reflect.NativeMethodAccessorImpl.invoke0(Native Method)
	at sun.reflect.NativeMethodAccessorImpl.invoke(NativeMethodAccessorImpl.java:62)
	at sun.reflect.DelegatingMethodAccessorImpl.invoke(DelegatingMethodAccessorImpl.java:43)
	at java.lang.reflect.Method.invoke(Method.java:498)
	at org.junit.runners.model.FrameworkMethod$1.runReflectiveCall(FrameworkMethod.java:47)
	at org.junit.internal.runners.model.ReflectiveCallable.run(ReflectiveCallable.java:12)
	at org.junit.runners.model.FrameworkMethod.invokeExplosively(FrameworkMethod.java:44)
	at org.junit.internal.runners.statements.InvokeMethod.evaluate(InvokeMethod.java:17)
	at org.junit.runners.ParentRunner.runLeaf(ParentRunner.java:271)
	at org.junit.runners.BlockJUnit4ClassRunner.runChild(BlockJUnit4ClassRunner.java:70)
	at org.junit.runners.BlockJUnit4ClassRunner.runChild(BlockJUnit4ClassRunner.java:50)
	at org.junit.runners.ParentRunner$3.run(ParentRunner.java:238)
	at org.junit.runners.ParentRunner$1.schedule(ParentRunner.java:63)
	at org.junit.runners.ParentRunner.runChildren(ParentRunner.java:236)
	at org.junit.runners.ParentRunner.access$000(ParentRunner.java:53)
	at org.junit.runners.ParentRunner$2.evaluate(ParentRunner.java:229)
	at org.junit.internal.runners.statements.RunBefores.evaluate(RunBefores.java:26)
	at org.junit.internal.runners.statements.RunAfters.evaluate(RunAfters.java:27)
	at org.junit.runners.ParentRunner.run(ParentRunner.java:309)
	at org.apache.maven.surefire.junit4.JUnit4Provider.execute(JUnit4Provider.java:365)
	at org.apache.maven.surefire.junit4.JUnit4Provider.executeWithRerun(JUnit4Provider.java:273)
	at org.apache.maven.surefire.junit4.JUnit4Provider.executeTestSet(JUnit4Provider.java:238)
	at org.apache.maven.surefire.junit4.JUnit4Provider.invoke(JUnit4Provider.java:159)
	at org.apache.maven.surefire.booter.ForkedBooter.invokeProviderInSameClassLoader(ForkedBooter.java:384)
	at org.apache.maven.surefire.booter.ForkedBooter.runSuitesInProcess(ForkedBooter.java:345)
	at org.apache.maven.surefire.booter.ForkedBooter.execute(ForkedBooter.java:126)
	at org.apache.maven.surefire.booter.ForkedBooter.main(ForkedBooter.java:418)
Caused by: INTERNAL_ERROR org.apache.hadoop.ozone.om.exceptions.OMException: Allocated 0 blocks. Requested 5 blocks
	at org.apache.hadoop.ozone.om.protocolPB.OzoneManagerProtocolClientSideTranslatorPB.handleError(OzoneManagerProtocolClientSideTranslatorPB.java:761)
	at org.apache.hadoop.ozone.om.protocolPB.OzoneManagerProtocolClientSideTranslatorPB.openKey(OzoneManagerProtocolClientSideTranslatorPB.java:752)
	at sun.reflect.NativeMethodAccessorImpl.invoke0(Native Method)
	at sun.reflect.NativeMethodAccessorImpl.invoke(NativeMethodAccessorImpl.java:62)
	at sun.reflect.DelegatingMethodAccessorImpl.invoke(DelegatingMethodAccessorImpl.java:43)
	at java.lang.reflect.Method.invoke(Method.java:498)
	at org.apache.hadoop.hdds.tracing.TraceAllMethod.invoke(TraceAllMethod.java:66)
	at com.sun.proxy.$Proxy37.openKey(Unknown Source)
	at org.apache.hadoop.ozone.client.rpc.RpcClient.createKey(RpcClient.java:633)
	at org.apache.hadoop.ozone.client.OzoneBucket.createKey(OzoneBucket.java:325)
	at org.apache.hadoop.ozone.freon.RandomKeyGenerator.createKey(RandomKeyGenerator.java:697)
	at org.apache.hadoop.ozone.freon.RandomKeyGenerator.access$1100(RandomKeyGenerator.java:88)
	at org.apache.hadoop.ozone.freon.RandomKeyGenerator$ObjectCreator.run(RandomKeyGenerator.java:615)
	at java.util.concurrent.Executors$RunnableAdapter.call(Executors.java:511)
	at java.util.concurrent.FutureTask.run(FutureTask.java:266)
	at java.util.concurrent.ThreadPoolExecutor.runWorker(ThreadPoolExecutor.java:1149)
	at java.util.concurrent.ThreadPoolExecutor$Worker.run(ThreadPoolExecutor.java:624)
	at java.lang.Thread.run(Thread.java:748)
</error>
    <system-out><![CDATA[2019-11-15 13:00:53,900 [main] WARN  server.ServerUtils (ServerUtils.java:getScmDbDir(145)) - ozone.scm.db.dirs is not configured. We recommend adding this setting. Falling back to ozone.metadata.dirs instead.
2019-11-15 13:00:54,055 [main] WARN  server.ServerUtils (ServerUtils.java:getScmDbDir(145)) - ozone.scm.db.dirs is not configured. We recommend adding this setting. Falling back to ozone.metadata.dirs instead.
2019-11-15 13:00:54,058 [main] WARN  server.ServerUtils (ServerUtils.java:getScmDbDir(145)) - ozone.scm.db.dirs is not configured. We recommend adding this setting. Falling back to ozone.metadata.dirs instead.
2019-11-15 13:00:54,079 [main] INFO  util.log (Log.java:initialized(192)) - Logging initialized @795ms
2019-11-15 13:00:54,164 [main] INFO  db.DBStoreBuilder (DBStoreBuilder.java:addTable(127)) - using custom profile for table: deletedBlocks
2019-11-15 13:00:54,164 [main] INFO  db.DBStoreBuilder (DBStoreBuilder.java:processTables(183)) - Using default column profile:DBProfile.DISK for Table:deletedBlocks
2019-11-15 13:00:54,164 [main] INFO  db.DBStoreBuilder (DBStoreBuilder.java:addTable(127)) - using custom profile for table: validCerts
2019-11-15 13:00:54,165 [main] INFO  db.DBStoreBuilder (DBStoreBuilder.java:processTables(183)) - Using default column profile:DBProfile.DISK for Table:validCerts
2019-11-15 13:00:54,165 [main] INFO  db.DBStoreBuilder (DBStoreBuilder.java:addTable(127)) - using custom profile for table: revokedCerts
2019-11-15 13:00:54,165 [main] INFO  db.DBStoreBuilder (DBStoreBuilder.java:processTables(183)) - Using default column profile:DBProfile.DISK for Table:revokedCerts
2019-11-15 13:00:54,175 [main] INFO  db.DBStoreBuilder (DBStoreBuilder.java:addTable(127)) - using custom profile for table: default
2019-11-15 13:00:54,176 [main] INFO  db.DBStoreBuilder (DBStoreBuilder.java:processTables(189)) - Using default column profile:DBProfile.DISK for Table:default
2019-11-15 13:00:54,177 [main] INFO  db.DBStoreBuilder (DBStoreBuilder.java:getDbProfile(220)) - Using default options. DBProfile.DISK
2019-11-15 13:00:54,427 [main] INFO  net.NodeSchemaLoader (NodeSchemaLoader.java:loadSchemaFromFile(125)) - Loading file from sun.misc.CompoundEnumeration@5e0e82ae
2019-11-15 13:00:54,430 [main] INFO  net.NodeSchemaLoader (NodeSchemaLoader.java:loadSchema(171)) - Loading network topology layer schema file
2019-11-15 13:00:54,512 [main] INFO  node.SCMNodeManager (SCMNodeManager.java:<init>(116)) - Entering startup safe mode.
2019-11-15 13:00:54,577 [main] INFO  algorithms.ContainerPlacementPolicyFactory (ContainerPlacementPolicyFactory.java:getPolicy(57)) - Create container placement policy of type org.apache.hadoop.hdds.scm.container.placement.algorithms.SCMContainerPlacementRandom
2019-11-15 13:00:54,590 [main] WARN  server.ServerUtils (ServerUtils.java:getScmDbDir(145)) - ozone.scm.db.dirs is not configured. We recommend adding this setting. Falling back to ozone.metadata.dirs instead.
2019-11-15 13:00:54,668 [main] INFO  pipeline.SCMPipelineManager (SCMPipelineManager.java:initializePipelineState(136)) - No pipeline exists in current db
2019-11-15 13:00:54,671 [main] WARN  server.ServerUtils (ServerUtils.java:getScmDbDir(145)) - ozone.scm.db.dirs is not configured. We recommend adding this setting. Falling back to ozone.metadata.dirs instead.
2019-11-15 13:00:54,778 [main] INFO  safemode.HealthyPipelineSafeModeRule (HealthyPipelineSafeModeRule.java:<init>(92)) -  Total pipeline count is 0, healthy pipeline threshold count is 1
2019-11-15 13:00:54,781 [main] INFO  safemode.OneReplicaPipelineSafeModeRule (OneReplicaPipelineSafeModeRule.java:<init>(79)) - Total pipeline count is 0, pipeline's with at least one datanode reported threshold count is 0
2019-11-15 13:00:54,782 [main] WARN  events.EventQueue (EventQueue.java:fireEvent(183)) - No event handler registered for event TypedEvent{payloadType=SafeModeStatus, name='SafeModeStatus'}
2019-11-15 13:00:55,124 [main] INFO  ipc.CallQueueManager (CallQueueManager.java:<init>(84)) - Using callQueue: class java.util.concurrent.LinkedBlockingQueue, queueCapacity: 2000, scheduler: class org.apache.hadoop.ipc.DefaultRpcScheduler, ipcBackoff: false.
2019-11-15 13:00:55,262 [Socket Reader #1 for port 38084] INFO  ipc.Server (Server.java:run(1074)) - Starting Socket Reader #1 for port 38084
2019-11-15 13:00:55,296 [main] INFO  ipc.CallQueueManager (CallQueueManager.java:<init>(84)) - Using callQueue: class java.util.concurrent.LinkedBlockingQueue, queueCapacity: 2000, scheduler: class org.apache.hadoop.ipc.DefaultRpcScheduler, ipcBackoff: false.
2019-11-15 13:00:55,297 [Socket Reader #1 for port 46352] INFO  ipc.Server (Server.java:run(1074)) - Starting Socket Reader #1 for port 46352
2019-11-15 13:00:55,306 [main] INFO  ipc.CallQueueManager (CallQueueManager.java:<init>(84)) - Using callQueue: class java.util.concurrent.LinkedBlockingQueue, queueCapacity: 2000, scheduler: class org.apache.hadoop.ipc.DefaultRpcScheduler, ipcBackoff: false.
2019-11-15 13:00:55,306 [Socket Reader #1 for port 44351] INFO  ipc.Server (Server.java:run(1074)) - Starting Socket Reader #1 for port 44351
2019-11-15 13:00:55,335 [main] INFO  hdfs.DFSUtil (DFSUtil.java:httpServerTemplateForNNAndJN(1641)) - Starting Web-server for scm at: http://0.0.0.0:0
2019-11-15 13:00:55,463 [main] INFO  server.AuthenticationFilter (AuthenticationFilter.java:constructSecretProvider(240)) - Unable to initialize FileSignerSecretProvider, falling back to use random secrets.
2019-11-15 13:00:55,478 [main] WARN  http.HttpRequestLog (HttpRequestLog.java:getRequestLog(97)) - Jetty request log can only be enabled using Log4j
2019-11-15 13:00:55,487 [main] INFO  http.HttpServer2 (HttpServer2.java:addGlobalFilter(975)) - Added global filter 'safety' (class=org.apache.hadoop.http.HttpServer2$QuotingInputFilter)
2019-11-15 13:00:55,490 [main] INFO  http.HttpServer2 (HttpServer2.java:addFilter(948)) - Added filter static_user_filter (class=org.apache.hadoop.http.lib.StaticUserWebFilter$StaticUserFilter) to context scm
2019-11-15 13:00:55,490 [main] INFO  http.HttpServer2 (HttpServer2.java:addFilter(958)) - Added filter static_user_filter (class=org.apache.hadoop.http.lib.StaticUserWebFilter$StaticUserFilter) to context static
2019-11-15 13:00:55,490 [main] INFO  http.HttpServer2 (HttpServer2.java:addFilter(958)) - Added filter static_user_filter (class=org.apache.hadoop.http.lib.StaticUserWebFilter$StaticUserFilter) to context logs
2019-11-15 13:00:55,516 [main] INFO  server.StorageContainerManager (StorageContainerManager.java:start(765)) - StorageContainerLocationProtocol RPC server is listening at /0.0.0.0:44351
2019-11-15 13:00:55,562 [main] WARN  impl.MetricsConfig (MetricsConfig.java:loadFirst(134)) - Cannot locate configuration: tried hadoop-metrics2-storagecontainermanager.properties,hadoop-metrics2.properties
2019-11-15 13:00:55,574 [main] INFO  impl.MetricsSystemImpl (MetricsSystemImpl.java:startTimer(374)) - Scheduled Metric snapshot period at 10 second(s).
2019-11-15 13:00:55,575 [main] INFO  impl.MetricsSystemImpl (MetricsSystemImpl.java:start(191)) - StorageContainerManager metrics system started
2019-11-15 13:00:55,788 [main] INFO  server.SCMClientProtocolServer (SCMClientProtocolServer.java:start(160)) - RPC server for Client  is listening at /0.0.0.0:44351
2019-11-15 13:00:55,789 [IPC Server Responder] INFO  ipc.Server (Server.java:run(1314)) - IPC Server Responder: starting
2019-11-15 13:00:55,789 [IPC Server listener on 44351] INFO  ipc.Server (Server.java:run(1153)) - IPC Server listener on 44351: starting
2019-11-15 13:00:55,792 [main] INFO  server.StorageContainerManager (StorageContainerManager.java:start(775)) - ScmBlockLocationProtocol RPC server is listening at /0.0.0.0:46352
2019-11-15 13:00:55,792 [main] INFO  server.SCMBlockProtocolServer (SCMBlockProtocolServer.java:start(146)) - RPC server for Block Protocol is listening at /0.0.0.0:46352
2019-11-15 13:00:55,793 [IPC Server Responder] INFO  ipc.Server (Server.java:run(1314)) - IPC Server Responder: starting
2019-11-15 13:00:55,793 [IPC Server listener on 46352] INFO  ipc.Server (Server.java:run(1153)) - IPC Server listener on 46352: starting
2019-11-15 13:00:55,795 [main] INFO  server.StorageContainerManager (StorageContainerManager.java:start(779)) - ScmDatanodeProtocl RPC server is listening at /0.0.0.0:38084
2019-11-15 13:00:55,795 [main] INFO  server.SCMDatanodeProtocolServer (SCMDatanodeProtocolServer.java:start(177)) - RPC server for DataNodes is listening at /0.0.0.0:38084
2019-11-15 13:00:55,796 [IPC Server Responder] INFO  ipc.Server (Server.java:run(1314)) - IPC Server Responder: starting
2019-11-15 13:00:55,796 [IPC Server listener on 38084] INFO  ipc.Server (Server.java:run(1153)) - IPC Server listener on 38084: starting
2019-11-15 13:00:55,800 [main] INFO  http.HttpServer2 (HttpServer2.java:bindListener(1191)) - Jetty bound to port 32828
2019-11-15 13:00:55,801 [main] INFO  server.Server (Server.java:doStart(351)) - jetty-9.3.25.v20180904, build timestamp: 2018-09-04T21:11:46Z, git hash: 3ce520221d0240229c862b122d2b06c12a625732
2019-11-15 13:00:55,833 [main] INFO  handler.ContextHandler (ContextHandler.java:doStart(781)) - Started o.e.j.s.ServletContextHandler@4218500f{/logs,file:///workdir/hadoop-ozone/tools/target/log,AVAILABLE}
2019-11-15 13:00:55,834 [main] INFO  handler.ContextHandler (ContextHandler.java:doStart(781)) - Started o.e.j.s.ServletContextHandler@c2db68f{/static,jar:file:/home/user/.m2/repository/org/apache/hadoop/hadoop-hdds-server-scm/0.5.0-SNAPSHOT/hadoop-hdds-server-scm-0.5.0-SNAPSHOT.jar!/webapps/static,AVAILABLE}
2019-11-15 13:00:55,903 [main] INFO  handler.ContextHandler (ContextHandler.java:doStart(781)) - Started o.e.j.w.WebAppContext@37cd92d6{/,file:///tmp/jetty-0.0.0.0-32828-scm-_-any-4882804490600148435.dir/webapp/,AVAILABLE}{/scm}
2019-11-15 13:00:55,908 [main] INFO  server.AbstractConnector (AbstractConnector.java:doStart(278)) - Started ServerConnector@7e0aadd0{HTTP/1.1,[http/1.1]}{0.0.0.0:32828}
2019-11-15 13:00:55,908 [main] INFO  server.Server (Server.java:doStart(419)) - Started @2624ms
2019-11-15 13:00:55,910 [main] INFO  impl.MetricsSinkAdapter (MetricsSinkAdapter.java:start(204)) - Sink prometheus started
2019-11-15 13:00:55,910 [main] INFO  impl.MetricsSystemImpl (MetricsSystemImpl.java:registerSink(301)) - Registered sink prometheus
2019-11-15 13:00:55,912 [main] INFO  server.BaseHttpServer (BaseHttpServer.java:updateConnectorAddress(215)) - HTTP server of SCM is listening at http://0.0.0.0:32828
2019-11-15 13:00:55,922 [org.apache.hadoop.util.JvmPauseMonitor$Monitor@2f66e802] INFO  util.JvmPauseMonitor (JvmPauseMonitor.java:run(188)) - Starting JVM pause monitor
2019-11-15 13:00:55,931 [main] WARN  server.ServerUtils (ServerUtils.java:getDBPath(222)) - ozone.om.db.dirs is not configured. We recommend adding this setting. Falling back to ozone.metadata.dirs instead.
2019-11-15 13:00:56,037 [main] INFO  ha.OMHANodeDetails (OMHANodeDetails.java:loadOMHAConfig(190)) - Configuration either no ozone.om.address set. Falling back to the default OM address /127.0.0.1:0
2019-11-15 13:00:56,038 [main] INFO  ha.OMHANodeDetails (OMHANodeDetails.java:getOMNodeDetails(220)) - OM Service ID is not set. Setting it to the default ID: omServiceIdDefault
2019-11-15 13:00:56,039 [main] WARN  server.ServerUtils (ServerUtils.java:getDBPath(222)) - ozone.om.db.dirs is not configured. We recommend adding this setting. Falling back to ozone.metadata.dirs instead.
2019-11-15 13:00:56,040 [main] WARN  server.ServerUtils (ServerUtils.java:getDBPath(222)) - ozone.om.db.dirs is not configured. We recommend adding this setting. Falling back to ozone.metadata.dirs instead.
2019-11-15 13:00:56,670 [main] WARN  server.ServerUtils (ServerUtils.java:getDBPath(222)) - ozone.om.db.dirs is not configured. We recommend adding this setting. Falling back to ozone.metadata.dirs instead.
2019-11-15 13:00:56,679 [main] INFO  db.DBStoreBuilder (DBStoreBuilder.java:addTable(127)) - using custom profile for table: userTable
2019-11-15 13:00:56,679 [main] INFO  db.DBStoreBuilder (DBStoreBuilder.java:processTables(183)) - Using default column profile:DBProfile.DISK for Table:userTable
2019-11-15 13:00:56,679 [main] INFO  db.DBStoreBuilder (DBStoreBuilder.java:addTable(127)) - using custom profile for table: volumeTable
2019-11-15 13:00:56,679 [main] INFO  db.DBStoreBuilder (DBStoreBuilder.java:processTables(183)) - Using default column profile:DBProfile.DISK for Table:volumeTable
2019-11-15 13:00:56,679 [main] INFO  db.DBStoreBuilder (DBStoreBuilder.java:addTable(127)) - using custom profile for table: bucketTable
2019-11-15 13:00:56,680 [main] INFO  db.DBStoreBuilder (DBStoreBuilder.java:processTables(183)) - Using default column profile:DBProfile.DISK for Table:bucketTable
2019-11-15 13:00:56,680 [main] INFO  db.DBStoreBuilder (DBStoreBuilder.java:addTable(127)) - using custom profile for table: keyTable
2019-11-15 13:00:56,680 [main] INFO  db.DBStoreBuilder (DBStoreBuilder.java:processTables(183)) - Using default column profile:DBProfile.DISK for Table:keyTable
2019-11-15 13:00:56,680 [main] INFO  db.DBStoreBuilder (DBStoreBuilder.java:addTable(127)) - using custom profile for table: deletedTable
2019-11-15 13:00:56,681 [main] INFO  db.DBStoreBuilder (DBStoreBuilder.java:processTables(183)) - Using default column profile:DBProfile.DISK for Table:deletedTable
2019-11-15 13:00:56,681 [main] INFO  db.DBStoreBuilder (DBStoreBuilder.java:addTable(127)) - using custom profile for table: openKeyTable
2019-11-15 13:00:56,681 [main] INFO  db.DBStoreBuilder (DBStoreBuilder.java:processTables(183)) - Using default column profile:DBProfile.DISK for Table:openKeyTable
2019-11-15 13:00:56,681 [main] INFO  db.DBStoreBuilder (DBStoreBuilder.java:addTable(127)) - using custom profile for table: s3Table
2019-11-15 13:00:56,682 [main] INFO  db.DBStoreBuilder (DBStoreBuilder.java:processTables(183)) - Using default column profile:DBProfile.DISK for Table:s3Table
2019-11-15 13:00:56,682 [main] INFO  db.DBStoreBuilder (DBStoreBuilder.java:addTable(127)) - using custom profile for table: multipartInfoTable
2019-11-15 13:00:56,682 [main] INFO  db.DBStoreBuilder (DBStoreBuilder.java:processTables(183)) - Using default column profile:DBProfile.DISK for Table:multipartInfoTable
2019-11-15 13:00:56,682 [main] INFO  db.DBStoreBuilder (DBStoreBuilder.java:addTable(127)) - using custom profile for table: dTokenTable
2019-11-15 13:00:56,682 [main] INFO  db.DBStoreBuilder (DBStoreBuilder.java:processTables(183)) - Using default column profile:DBProfile.DISK for Table:dTokenTable
2019-11-15 13:00:56,683 [main] INFO  db.DBStoreBuilder (DBStoreBuilder.java:addTable(127)) - using custom profile for table: s3SecretTable
2019-11-15 13:00:56,683 [main] INFO  db.DBStoreBuilder (DBStoreBuilder.java:processTables(183)) - Using default column profile:DBProfile.DISK for Table:s3SecretTable
2019-11-15 13:00:56,683 [main] INFO  db.DBStoreBuilder (DBStoreBuilder.java:addTable(127)) - using custom profile for table: prefixTable
2019-11-15 13:00:56,683 [main] INFO  db.DBStoreBuilder (DBStoreBuilder.java:processTables(183)) - Using default column profile:DBProfile.DISK for Table:prefixTable
2019-11-15 13:00:56,684 [main] INFO  db.DBStoreBuilder (DBStoreBuilder.java:addTable(127)) - using custom profile for table: default
2019-11-15 13:00:56,684 [main] INFO  db.DBStoreBuilder (DBStoreBuilder.java:processTables(189)) - Using default column profile:DBProfile.DISK for Table:default
2019-11-15 13:00:56,684 [main] INFO  db.DBStoreBuilder (DBStoreBuilder.java:getDbProfile(220)) - Using default options. DBProfile.DISK
2019-11-15 13:00:57,022 [main] INFO  ipc.CallQueueManager (CallQueueManager.java:<init>(84)) - Using callQueue: class java.util.concurrent.LinkedBlockingQueue, queueCapacity: 2000, scheduler: class org.apache.hadoop.ipc.DefaultRpcScheduler, ipcBackoff: false.
2019-11-15 13:00:57,023 [Socket Reader #1 for port 36330] INFO  ipc.Server (Server.java:run(1074)) - Starting Socket Reader #1 for port 36330
2019-11-15 13:00:57,046 [main] INFO  om.OzoneManager (OzoneManager.java:start(1077)) - OzoneManager RPC server is listening at localhost/127.0.0.1:36330
2019-11-15 13:00:57,046 [main] INFO  impl.MetricsSystemImpl (MetricsSystemImpl.java:init(158)) - OzoneManager metrics system started (again)
2019-11-15 13:00:57,058 [IPC Server Responder] INFO  ipc.Server (Server.java:run(1314)) - IPC Server Responder: starting
2019-11-15 13:00:57,058 [IPC Server listener on 36330] INFO  ipc.Server (Server.java:run(1153)) - IPC Server listener on 36330: starting
2019-11-15 13:00:57,064 [main] INFO  hdfs.DFSUtil (DFSUtil.java:httpServerTemplateForNNAndJN(1641)) - Starting Web-server for ozoneManager at: http://0.0.0.0:0
2019-11-15 13:00:57,066 [main] INFO  server.AuthenticationFilter (AuthenticationFilter.java:constructSecretProvider(240)) - Unable to initialize FileSignerSecretProvider, falling back to use random secrets.
2019-11-15 13:00:57,066 [main] WARN  http.HttpRequestLog (HttpRequestLog.java:getRequestLog(97)) - Jetty request log can only be enabled using Log4j
2019-11-15 13:00:57,068 [main] INFO  http.HttpServer2 (HttpServer2.java:addGlobalFilter(975)) - Added global filter 'safety' (class=org.apache.hadoop.http.HttpServer2$QuotingInputFilter)
2019-11-15 13:00:57,069 [main] INFO  http.HttpServer2 (HttpServer2.java:addFilter(948)) - Added filter static_user_filter (class=org.apache.hadoop.http.lib.StaticUserWebFilter$StaticUserFilter) to context ozoneManager
2019-11-15 13:00:57,070 [main] INFO  http.HttpServer2 (HttpServer2.java:addFilter(958)) - Added filter static_user_filter (class=org.apache.hadoop.http.lib.StaticUserWebFilter$StaticUserFilter) to context static
2019-11-15 13:00:57,070 [main] INFO  http.HttpServer2 (HttpServer2.java:addFilter(958)) - Added filter static_user_filter (class=org.apache.hadoop.http.lib.StaticUserWebFilter$StaticUserFilter) to context logs
2019-11-15 13:00:57,076 [main] INFO  http.HttpServer2 (HttpServer2.java:bindListener(1191)) - Jetty bound to port 36188
2019-11-15 13:00:57,076 [main] INFO  server.Server (Server.java:doStart(351)) - jetty-9.3.25.v20180904, build timestamp: 2018-09-04T21:11:46Z, git hash: 3ce520221d0240229c862b122d2b06c12a625732
2019-11-15 13:00:57,079 [main] INFO  handler.ContextHandler (ContextHandler.java:doStart(781)) - Started o.e.j.s.ServletContextHandler@7e46d648{/logs,file:///workdir/hadoop-ozone/tools/target/log,AVAILABLE}
2019-11-15 13:00:57,080 [main] INFO  handler.ContextHandler (ContextHandler.java:doStart(781)) - Started o.e.j.s.ServletContextHandler@2b0b4d53{/static,jar:file:/home/user/.m2/repository/org/apache/hadoop/hadoop-ozone-ozone-manager/0.5.0-SNAPSHOT/hadoop-ozone-ozone-manager-0.5.0-SNAPSHOT.jar!/webapps/static,AVAILABLE}
2019-11-15 13:00:57,144 [main] INFO  handler.ContextHandler (ContextHandler.java:doStart(781)) - Started o.e.j.w.WebAppContext@4bee18dc{/,file:///tmp/jetty-0.0.0.0-36188-ozoneManager-_-any-8665225487361661593.dir/webapp/,AVAILABLE}{/ozoneManager}
2019-11-15 13:00:57,145 [main] INFO  server.AbstractConnector (AbstractConnector.java:doStart(278)) - Started ServerConnector@44f3fe83{HTTP/1.1,[http/1.1]}{0.0.0.0:36188}
2019-11-15 13:00:57,145 [main] INFO  server.Server (Server.java:doStart(419)) - Started @3861ms
2019-11-15 13:00:57,145 [main] WARN  impl.MetricsSystemImpl (MetricsSystemImpl.java:register(276)) - Sink prometheus already exists!
2019-11-15 13:00:57,146 [main] INFO  server.BaseHttpServer (BaseHttpServer.java:updateConnectorAddress(215)) - HTTP server of OZONEMANAGER is listening at http://0.0.0.0:36188
2019-11-15 13:00:57,409 [main] INFO  impl.MetricsSystemImpl (MetricsSystemImpl.java:init(158)) - HddsDatanode metrics system started (again)
2019-11-15 13:00:57,452 [main] INFO  ozone.HddsDatanodeService (HddsDatanodeService.java:start(186)) - HddsDatanodeService host:pr-hdds-2503-7zl9w-2300970352 ip:192.168.34.39
2019-11-15 13:00:57,485 [main] INFO  volume.HddsVolume (HddsVolume.java:<init>(176)) - Creating Volume: /workdir/hadoop-ozone/tools/target/test-dir/MiniOzoneClusterImpl-3b87cbe9-70a4-48a6-8899-89aa69903b86/datanode-0/data/containers/hdds of  storage type : DISK and capacity : 1482555576320
2019-11-15 13:00:57,486 [main] INFO  volume.VolumeSet (VolumeSet.java:initializeVolumeSet(170)) - Added Volume : /workdir/hadoop-ozone/tools/target/test-dir/MiniOzoneClusterImpl-3b87cbe9-70a4-48a6-8899-89aa69903b86/datanode-0/data/containers/hdds to VolumeSet
2019-11-15 13:00:57,489 [main] INFO  volume.ThrottledAsyncChecker (ThrottledAsyncChecker.java:schedule(141)) - Scheduling a check for /workdir/hadoop-ozone/tools/target/test-dir/MiniOzoneClusterImpl-3b87cbe9-70a4-48a6-8899-89aa69903b86/datanode-0/data/containers/hdds
2019-11-15 13:00:57,504 [main] INFO  volume.HddsVolumeChecker (HddsVolumeChecker.java:checkAllVolumes(204)) - Scheduled health check for volume /workdir/hadoop-ozone/tools/target/test-dir/MiniOzoneClusterImpl-3b87cbe9-70a4-48a6-8899-89aa69903b86/datanode-0/data/containers/hdds
2019-11-15 13:00:57,605 [main] INFO  impl.RaftServerProxy (ConfUtils.java:logGet(43)) - raft.rpc.type = GRPC (default)
2019-11-15 13:00:57,666 [main] INFO  grpc.GrpcFactory (GrpcFactory.java:checkPooledByteBufAllocatorUseCacheForAllThreads(45)) - PERFORMANCE WARNING: useCacheForAllThreads is true that may cause Netty to create a lot garbage objects and, as a result, trigger GC.
	It is recommended to disable useCacheForAllThreads by setting -Dorg.apache.ratis.thirdparty.io.netty.allocator.useCacheForAllThreads=false in command line.
2019-11-15 13:00:57,671 [main] INFO  grpc.GrpcConfigKeys$Server (ConfUtils.java:logGet(43)) - raft.grpc.server.port = 0 (default)
2019-11-15 13:00:57,672 [main] INFO  server.GrpcService (ConfUtils.java:logGet(43)) - raft.grpc.message.size.max = 33570816 (custom)
2019-11-15 13:00:57,674 [main] INFO  server.RaftServerConfigKeys (ConfUtils.java:logGet(43)) - raft.server.log.appender.buffer.byte-limit = 33554432 (custom)
2019-11-15 13:00:57,675 [main] INFO  server.GrpcService (ConfUtils.java:logGet(43)) - raft.grpc.flow.control.window = 1MB (=1048576) (default)
2019-11-15 13:00:57,675 [main] INFO  server.RaftServerConfigKeys (ConfUtils.java:logGet(43)) - raft.server.rpc.request.timeout = 3000ms (default)
2019-11-15 13:00:57,836 [main] INFO  server.RaftServerConfigKeys (ConfUtils.java:logGet(43)) - raft.server.storage.dir = [/workdir/hadoop-ozone/tools/target/test-dir/MiniOzoneClusterImpl-3b87cbe9-70a4-48a6-8899-89aa69903b86/datanode-0/data/ratis] (custom)
2019-11-15 13:00:57,890 [main] INFO  hdfs.DFSUtil (DFSUtil.java:httpServerTemplateForNNAndJN(1641)) - Starting Web-server for hddsDatanode at: http://0.0.0.0:0
2019-11-15 13:00:57,891 [main] INFO  server.AuthenticationFilter (AuthenticationFilter.java:constructSecretProvider(240)) - Unable to initialize FileSignerSecretProvider, falling back to use random secrets.
2019-11-15 13:00:57,892 [main] WARN  http.HttpRequestLog (HttpRequestLog.java:getRequestLog(97)) - Jetty request log can only be enabled using Log4j
2019-11-15 13:00:57,894 [main] INFO  http.HttpServer2 (HttpServer2.java:addGlobalFilter(975)) - Added global filter 'safety' (class=org.apache.hadoop.http.HttpServer2$QuotingInputFilter)
2019-11-15 13:00:57,894 [main] INFO  http.HttpServer2 (HttpServer2.java:addFilter(948)) - Added filter static_user_filter (class=org.apache.hadoop.http.lib.StaticUserWebFilter$StaticUserFilter) to context hddsDatanode
2019-11-15 13:00:57,895 [main] INFO  http.HttpServer2 (HttpServer2.java:addFilter(958)) - Added filter static_user_filter (class=org.apache.hadoop.http.lib.StaticUserWebFilter$StaticUserFilter) to context static
2019-11-15 13:00:57,895 [main] INFO  http.HttpServer2 (HttpServer2.java:addFilter(958)) - Added filter static_user_filter (class=org.apache.hadoop.http.lib.StaticUserWebFilter$StaticUserFilter) to context logs
2019-11-15 13:00:57,896 [main] INFO  http.HttpServer2 (HttpServer2.java:bindListener(1191)) - Jetty bound to port 33593
2019-11-15 13:00:57,896 [main] INFO  server.Server (Server.java:doStart(351)) - jetty-9.3.25.v20180904, build timestamp: 2018-09-04T21:11:46Z, git hash: 3ce520221d0240229c862b122d2b06c12a625732
2019-11-15 13:00:57,899 [main] INFO  handler.ContextHandler (ContextHandler.java:doStart(781)) - Started o.e.j.s.ServletContextHandler@4c777e7b{/logs,file:///workdir/hadoop-ozone/tools/target/log,AVAILABLE}
2019-11-15 13:00:57,899 [main] INFO  handler.ContextHandler (ContextHandler.java:doStart(781)) - Started o.e.j.s.ServletContextHandler@78e22d35{/static,jar:file:/home/user/.m2/repository/org/apache/hadoop/hadoop-hdds-container-service/0.5.0-SNAPSHOT/hadoop-hdds-container-service-0.5.0-SNAPSHOT.jar!/webapps/static,AVAILABLE}
2019-11-15 13:00:57,929 [main] INFO  handler.ContextHandler (ContextHandler.java:doStart(781)) - Started o.e.j.w.WebAppContext@2819c460{/,file:///tmp/jetty-0.0.0.0-33593-hddsDatanode-_-any-6025980061750148254.dir/webapp/,AVAILABLE}{/hddsDatanode}
2019-11-15 13:00:57,930 [main] INFO  server.AbstractConnector (AbstractConnector.java:doStart(278)) - Started ServerConnector@30364216{HTTP/1.1,[http/1.1]}{0.0.0.0:33593}
2019-11-15 13:00:57,930 [main] INFO  server.Server (Server.java:doStart(419)) - Started @4646ms
2019-11-15 13:00:57,930 [main] WARN  impl.MetricsSystemImpl (MetricsSystemImpl.java:register(276)) - Sink prometheus already exists!
2019-11-15 13:00:57,932 [main] INFO  server.BaseHttpServer (BaseHttpServer.java:updateConnectorAddress(215)) - HTTP server of HDDSDATANODE is listening at http://0.0.0.0:33593
2019-11-15 13:00:57,933 [main] INFO  impl.MetricsSystemImpl (MetricsSystemImpl.java:init(158)) - HddsDatanode metrics system started (again)
2019-11-15 13:00:57,934 [main] INFO  ozone.HddsDatanodeService (HddsDatanodeService.java:start(186)) - HddsDatanodeService host:pr-hdds-2503-7zl9w-2300970352 ip:192.168.34.39
2019-11-15 13:00:57,938 [org.apache.hadoop.util.JvmPauseMonitor$Monitor@50e52b3b] INFO  util.JvmPauseMonitor (JvmPauseMonitor.java:run(188)) - Starting JVM pause monitor
2019-11-15 13:00:57,943 [main] INFO  volume.HddsVolume (HddsVolume.java:<init>(176)) - Creating Volume: /workdir/hadoop-ozone/tools/target/test-dir/MiniOzoneClusterImpl-3b87cbe9-70a4-48a6-8899-89aa69903b86/datanode-1/data/containers/hdds of  storage type : DISK and capacity : 1482555576320
2019-11-15 13:00:57,943 [main] INFO  volume.VolumeSet (VolumeSet.java:initializeVolumeSet(170)) - Added Volume : /workdir/hadoop-ozone/tools/target/test-dir/MiniOzoneClusterImpl-3b87cbe9-70a4-48a6-8899-89aa69903b86/datanode-1/data/containers/hdds to VolumeSet
2019-11-15 13:00:57,943 [main] INFO  volume.ThrottledAsyncChecker (ThrottledAsyncChecker.java:schedule(141)) - Scheduling a check for /workdir/hadoop-ozone/tools/target/test-dir/MiniOzoneClusterImpl-3b87cbe9-70a4-48a6-8899-89aa69903b86/datanode-1/data/containers/hdds
2019-11-15 13:00:57,944 [main] INFO  volume.HddsVolumeChecker (HddsVolumeChecker.java:checkAllVolumes(204)) - Scheduled health check for volume /workdir/hadoop-ozone/tools/target/test-dir/MiniOzoneClusterImpl-3b87cbe9-70a4-48a6-8899-89aa69903b86/datanode-1/data/containers/hdds
2019-11-15 13:00:57,956 [main] INFO  impl.RaftServerProxy (ConfUtils.java:logGet(43)) - raft.rpc.type = GRPC (default)
2019-11-15 13:00:57,956 [main] INFO  grpc.GrpcFactory (GrpcFactory.java:checkPooledByteBufAllocatorUseCacheForAllThreads(45)) - PERFORMANCE WARNING: useCacheForAllThreads is true that may cause Netty to create a lot garbage objects and, as a result, trigger GC.
	It is recommended to disable useCacheForAllThreads by setting -Dorg.apache.ratis.thirdparty.io.netty.allocator.useCacheForAllThreads=false in command line.
2019-11-15 13:00:57,957 [main] INFO  grpc.GrpcConfigKeys$Server (ConfUtils.java:logGet(43)) - raft.grpc.server.port = 0 (default)
2019-11-15 13:00:57,957 [main] INFO  server.GrpcService (ConfUtils.java:logGet(43)) - raft.grpc.message.size.max = 33570816 (custom)
2019-11-15 13:00:57,957 [main] INFO  server.RaftServerConfigKeys (ConfUtils.java:logGet(43)) - raft.server.log.appender.buffer.byte-limit = 33554432 (custom)
2019-11-15 13:00:57,957 [main] INFO  server.GrpcService (ConfUtils.java:logGet(43)) - raft.grpc.flow.control.window = 1MB (=1048576) (default)
2019-11-15 13:00:57,957 [main] INFO  server.RaftServerConfigKeys (ConfUtils.java:logGet(43)) - raft.server.rpc.request.timeout = 3000ms (default)
2019-11-15 13:00:57,958 [main] INFO  server.RaftServerConfigKeys (ConfUtils.java:logGet(43)) - raft.server.storage.dir = [/workdir/hadoop-ozone/tools/target/test-dir/MiniOzoneClusterImpl-3b87cbe9-70a4-48a6-8899-89aa69903b86/datanode-1/data/ratis] (custom)
2019-11-15 13:00:57,960 [main] INFO  hdfs.DFSUtil (DFSUtil.java:httpServerTemplateForNNAndJN(1641)) - Starting Web-server for hddsDatanode at: http://0.0.0.0:0
2019-11-15 13:00:57,961 [main] INFO  server.AuthenticationFilter (AuthenticationFilter.java:constructSecretProvider(240)) - Unable to initialize FileSignerSecretProvider, falling back to use random secrets.
2019-11-15 13:00:57,961 [main] WARN  http.HttpRequestLog (HttpRequestLog.java:getRequestLog(97)) - Jetty request log can only be enabled using Log4j
2019-11-15 13:00:57,962 [main] INFO  http.HttpServer2 (HttpServer2.java:addGlobalFilter(975)) - Added global filter 'safety' (class=org.apache.hadoop.http.HttpServer2$QuotingInputFilter)
2019-11-15 13:00:57,963 [main] INFO  http.HttpServer2 (HttpServer2.java:addFilter(948)) - Added filter static_user_filter (class=org.apache.hadoop.http.lib.StaticUserWebFilter$StaticUserFilter) to context hddsDatanode
2019-11-15 13:00:57,963 [main] INFO  http.HttpServer2 (HttpServer2.java:addFilter(958)) - Added filter static_user_filter (class=org.apache.hadoop.http.lib.StaticUserWebFilter$StaticUserFilter) to context static
2019-11-15 13:00:57,963 [main] INFO  http.HttpServer2 (HttpServer2.java:addFilter(958)) - Added filter static_user_filter (class=org.apache.hadoop.http.lib.StaticUserWebFilter$StaticUserFilter) to context logs
2019-11-15 13:00:57,964 [main] INFO  http.HttpServer2 (HttpServer2.java:bindListener(1191)) - Jetty bound to port 45077
2019-11-15 13:00:57,964 [main] INFO  server.Server (Server.java:doStart(351)) - jetty-9.3.25.v20180904, build timestamp: 2018-09-04T21:11:46Z, git hash: 3ce520221d0240229c862b122d2b06c12a625732
2019-11-15 13:00:57,967 [main] INFO  handler.ContextHandler (ContextHandler.java:doStart(781)) - Started o.e.j.s.ServletContextHandler@4047d2d9{/logs,file:///workdir/hadoop-ozone/tools/target/log,AVAILABLE}
2019-11-15 13:00:57,967 [main] INFO  handler.ContextHandler (ContextHandler.java:doStart(781)) - Started o.e.j.s.ServletContextHandler@146dcfe6{/static,jar:file:/home/user/.m2/repository/org/apache/hadoop/hadoop-hdds-container-service/0.5.0-SNAPSHOT/hadoop-hdds-container-service-0.5.0-SNAPSHOT.jar!/webapps/static,AVAILABLE}
2019-11-15 13:00:57,995 [main] INFO  handler.ContextHandler (ContextHandler.java:doStart(781)) - Started o.e.j.w.WebAppContext@e5cbff2{/,file:///tmp/jetty-0.0.0.0-45077-hddsDatanode-_-any-25910706942901088.dir/webapp/,AVAILABLE}{/hddsDatanode}
2019-11-15 13:00:57,996 [main] INFO  server.AbstractConnector (AbstractConnector.java:doStart(278)) - Started ServerConnector@51c959a4{HTTP/1.1,[http/1.1]}{0.0.0.0:45077}
2019-11-15 13:00:57,996 [main] INFO  server.Server (Server.java:doStart(419)) - Started @4712ms
2019-11-15 13:00:57,996 [main] WARN  impl.MetricsSystemImpl (MetricsSystemImpl.java:register(276)) - Sink prometheus already exists!
2019-11-15 13:00:57,997 [main] INFO  server.BaseHttpServer (BaseHttpServer.java:updateConnectorAddress(215)) - HTTP server of HDDSDATANODE is listening at http://0.0.0.0:45077
2019-11-15 13:00:57,998 [main] INFO  impl.MetricsSystemImpl (MetricsSystemImpl.java:init(158)) - HddsDatanode metrics system started (again)
2019-11-15 13:00:58,000 [main] INFO  ozone.HddsDatanodeService (HddsDatanodeService.java:start(186)) - HddsDatanodeService host:pr-hdds-2503-7zl9w-2300970352 ip:192.168.34.39
2019-11-15 13:00:58,000 [org.apache.hadoop.util.JvmPauseMonitor$Monitor@1331c32] INFO  util.JvmPauseMonitor (JvmPauseMonitor.java:run(188)) - Starting JVM pause monitor
2019-11-15 13:00:58,008 [main] INFO  volume.HddsVolume (HddsVolume.java:<init>(176)) - Creating Volume: /workdir/hadoop-ozone/tools/target/test-dir/MiniOzoneClusterImpl-3b87cbe9-70a4-48a6-8899-89aa69903b86/datanode-2/data/containers/hdds of  storage type : DISK and capacity : 1482555576320
2019-11-15 13:00:58,008 [main] INFO  volume.VolumeSet (VolumeSet.java:initializeVolumeSet(170)) - Added Volume : /workdir/hadoop-ozone/tools/target/test-dir/MiniOzoneClusterImpl-3b87cbe9-70a4-48a6-8899-89aa69903b86/datanode-2/data/containers/hdds to VolumeSet
2019-11-15 13:00:58,008 [main] INFO  volume.ThrottledAsyncChecker (ThrottledAsyncChecker.java:schedule(141)) - Scheduling a check for /workdir/hadoop-ozone/tools/target/test-dir/MiniOzoneClusterImpl-3b87cbe9-70a4-48a6-8899-89aa69903b86/datanode-2/data/containers/hdds
2019-11-15 13:00:58,009 [main] INFO  volume.HddsVolumeChecker (HddsVolumeChecker.java:checkAllVolumes(204)) - Scheduled health check for volume /workdir/hadoop-ozone/tools/target/test-dir/MiniOzoneClusterImpl-3b87cbe9-70a4-48a6-8899-89aa69903b86/datanode-2/data/containers/hdds
2019-11-15 13:00:58,021 [main] INFO  impl.RaftServerProxy (ConfUtils.java:logGet(43)) - raft.rpc.type = GRPC (default)
2019-11-15 13:00:58,021 [main] INFO  grpc.GrpcFactory (GrpcFactory.java:checkPooledByteBufAllocatorUseCacheForAllThreads(45)) - PERFORMANCE WARNING: useCacheForAllThreads is true that may cause Netty to create a lot garbage objects and, as a result, trigger GC.
	It is recommended to disable useCacheForAllThreads by setting -Dorg.apache.ratis.thirdparty.io.netty.allocator.useCacheForAllThreads=false in command line.
2019-11-15 13:00:58,022 [main] INFO  grpc.GrpcConfigKeys$Server (ConfUtils.java:logGet(43)) - raft.grpc.server.port = 0 (default)
2019-11-15 13:00:58,022 [main] INFO  server.GrpcService (ConfUtils.java:logGet(43)) - raft.grpc.message.size.max = 33570816 (custom)
2019-11-15 13:00:58,022 [main] INFO  server.RaftServerConfigKeys (ConfUtils.java:logGet(43)) - raft.server.log.appender.buffer.byte-limit = 33554432 (custom)
2019-11-15 13:00:58,022 [main] INFO  server.GrpcService (ConfUtils.java:logGet(43)) - raft.grpc.flow.control.window = 1MB (=1048576) (default)
2019-11-15 13:00:58,022 [main] INFO  server.RaftServerConfigKeys (ConfUtils.java:logGet(43)) - raft.server.rpc.request.timeout = 3000ms (default)
2019-11-15 13:00:58,023 [main] INFO  server.RaftServerConfigKeys (ConfUtils.java:logGet(43)) - raft.server.storage.dir = [/workdir/hadoop-ozone/tools/target/test-dir/MiniOzoneClusterImpl-3b87cbe9-70a4-48a6-8899-89aa69903b86/datanode-2/data/ratis] (custom)
2019-11-15 13:00:58,025 [main] INFO  hdfs.DFSUtil (DFSUtil.java:httpServerTemplateForNNAndJN(1641)) - Starting Web-server for hddsDatanode at: http://0.0.0.0:0
2019-11-15 13:00:58,026 [main] INFO  server.AuthenticationFilter (AuthenticationFilter.java:constructSecretProvider(240)) - Unable to initialize FileSignerSecretProvider, falling back to use random secrets.
2019-11-15 13:00:58,026 [main] WARN  http.HttpRequestLog (HttpRequestLog.java:getRequestLog(97)) - Jetty request log can only be enabled using Log4j
2019-11-15 13:00:58,028 [main] INFO  http.HttpServer2 (HttpServer2.java:addGlobalFilter(975)) - Added global filter 'safety' (class=org.apache.hadoop.http.HttpServer2$QuotingInputFilter)
2019-11-15 13:00:58,028 [main] INFO  http.HttpServer2 (HttpServer2.java:addFilter(948)) - Added filter static_user_filter (class=org.apache.hadoop.http.lib.StaticUserWebFilter$StaticUserFilter) to context hddsDatanode
2019-11-15 13:00:58,029 [main] INFO  http.HttpServer2 (HttpServer2.java:addFilter(958)) - Added filter static_user_filter (class=org.apache.hadoop.http.lib.StaticUserWebFilter$StaticUserFilter) to context logs
2019-11-15 13:00:58,029 [main] INFO  http.HttpServer2 (HttpServer2.java:addFilter(958)) - Added filter static_user_filter (class=org.apache.hadoop.http.lib.StaticUserWebFilter$StaticUserFilter) to context static
2019-11-15 13:00:58,029 [main] INFO  http.HttpServer2 (HttpServer2.java:bindListener(1191)) - Jetty bound to port 36828
2019-11-15 13:00:58,030 [main] INFO  server.Server (Server.java:doStart(351)) - jetty-9.3.25.v20180904, build timestamp: 2018-09-04T21:11:46Z, git hash: 3ce520221d0240229c862b122d2b06c12a625732
2019-11-15 13:00:58,033 [main] INFO  handler.ContextHandler (ContextHandler.java:doStart(781)) - Started o.e.j.s.ServletContextHandler@65b97f47{/logs,file:///workdir/hadoop-ozone/tools/target/log,AVAILABLE}
2019-11-15 13:00:58,033 [main] INFO  handler.ContextHandler (ContextHandler.java:doStart(781)) - Started o.e.j.s.ServletContextHandler@476fe690{/static,jar:file:/home/user/.m2/repository/org/apache/hadoop/hadoop-hdds-container-service/0.5.0-SNAPSHOT/hadoop-hdds-container-service-0.5.0-SNAPSHOT.jar!/webapps/static,AVAILABLE}
2019-11-15 13:00:58,041 [Datanode State Machine Thread - 0] INFO  datanode.InitDatanodeState (InitDatanodeState.java:persistContainerDatanodeDetails(140)) - DatanodeDetails is persisted to /workdir/hadoop-ozone/tools/target/test-dir/MiniOzoneClusterImpl-3b87cbe9-70a4-48a6-8899-89aa69903b86/datanode-0/meta/datanode.id
2019-11-15 13:00:58,045 [Datanode State Machine Thread - 0] INFO  datanode.InitDatanodeState (InitDatanodeState.java:persistContainerDatanodeDetails(140)) - DatanodeDetails is persisted to /workdir/hadoop-ozone/tools/target/test-dir/MiniOzoneClusterImpl-3b87cbe9-70a4-48a6-8899-89aa69903b86/datanode-1/meta/datanode.id
2019-11-15 13:00:58,062 [main] INFO  handler.ContextHandler (ContextHandler.java:doStart(781)) - Started o.e.j.w.WebAppContext@7e74a380{/,file:///tmp/jetty-0.0.0.0-36828-hddsDatanode-_-any-1437841855555597214.dir/webapp/,AVAILABLE}{/hddsDatanode}
2019-11-15 13:00:58,063 [main] INFO  server.AbstractConnector (AbstractConnector.java:doStart(278)) - Started ServerConnector@6dd1c3ed{HTTP/1.1,[http/1.1]}{0.0.0.0:36828}
2019-11-15 13:00:58,063 [main] INFO  server.Server (Server.java:doStart(419)) - Started @4779ms
2019-11-15 13:00:58,064 [main] WARN  impl.MetricsSystemImpl (MetricsSystemImpl.java:register(276)) - Sink prometheus already exists!
2019-11-15 13:00:58,065 [main] INFO  server.BaseHttpServer (BaseHttpServer.java:updateConnectorAddress(215)) - HTTP server of HDDSDATANODE is listening at http://0.0.0.0:36828
2019-11-15 13:00:58,067 [main] INFO  ozone.MiniOzoneClusterImpl (MiniOzoneClusterImpl.java:lambda$waitForClusterToBeReady$0(150)) - Waiting for nodes to be ready. Got 0 of 3 DN Heartbeats.
2019-11-15 13:00:58,067 [main] INFO  ozone.MiniOzoneClusterImpl (MiniOzoneClusterImpl.java:lambda$waitForClusterToBeReady$0(153)) - Waiting for cluster to exit safe mode
2019-11-15 13:00:58,067 [org.apache.hadoop.util.JvmPauseMonitor$Monitor@479ffb83] INFO  util.JvmPauseMonitor (JvmPauseMonitor.java:run(188)) - Starting JVM pause monitor
2019-11-15 13:00:58,070 [Datanode State Machine Thread - 0] INFO  datanode.InitDatanodeState (InitDatanodeState.java:persistContainerDatanodeDetails(140)) - DatanodeDetails is persisted to /workdir/hadoop-ozone/tools/target/test-dir/MiniOzoneClusterImpl-3b87cbe9-70a4-48a6-8899-89aa69903b86/datanode-2/meta/datanode.id
2019-11-15 13:00:59,067 [main] INFO  ozone.MiniOzoneClusterImpl (MiniOzoneClusterImpl.java:lambda$waitForClusterToBeReady$0(150)) - Waiting for nodes to be ready. Got 0 of 3 DN Heartbeats.
2019-11-15 13:00:59,067 [main] INFO  ozone.MiniOzoneClusterImpl (MiniOzoneClusterImpl.java:lambda$waitForClusterToBeReady$0(153)) - Waiting for cluster to exit safe mode
2019-11-15 13:01:00,025 [Datanode State Machine Thread - 0] INFO  ozoneimpl.OzoneContainer (OzoneContainer.java:start(230)) - Attempting to start container services.
2019-11-15 13:01:00,025 [Datanode State Machine Thread - 0] INFO  ozoneimpl.OzoneContainer (OzoneContainer.java:start(230)) - Attempting to start container services.
2019-11-15 13:01:00,029 [Datanode State Machine Thread - 0] INFO  ozoneimpl.OzoneContainer (OzoneContainer.java:startContainerScrub(194)) - Background container scanner has been disabled.
2019-11-15 13:01:00,030 [Datanode State Machine Thread - 0] INFO  ozoneimpl.OzoneContainer (OzoneContainer.java:startContainerScrub(194)) - Background container scanner has been disabled.
2019-11-15 13:01:00,030 [Datanode State Machine Thread - 0] INFO  ratis.XceiverServerRatis (XceiverServerRatis.java:start(422)) - Starting XceiverServerRatis 5e6aa5c8-399e-4f2b-83ad-8941ce6c4360 at port 0
2019-11-15 13:01:00,030 [Datanode State Machine Thread - 0] INFO  ratis.XceiverServerRatis (XceiverServerRatis.java:start(422)) - Starting XceiverServerRatis c6072ae3-b340-4636-a946-94afbda72020 at port 0
2019-11-15 13:01:00,061 [Datanode State Machine Thread - 0] INFO  impl.RaftServerProxy (RaftServerProxy.java:lambda$start$3(299)) - 5e6aa5c8-399e-4f2b-83ad-8941ce6c4360: start RPC server
2019-11-15 13:01:00,061 [Datanode State Machine Thread - 0] INFO  impl.RaftServerProxy (RaftServerProxy.java:lambda$start$3(299)) - c6072ae3-b340-4636-a946-94afbda72020: start RPC server
2019-11-15 13:01:00,068 [main] INFO  ozone.MiniOzoneClusterImpl (MiniOzoneClusterImpl.java:lambda$waitForClusterToBeReady$0(150)) - Waiting for nodes to be ready. Got 0 of 3 DN Heartbeats.
2019-11-15 13:01:00,069 [main] INFO  ozone.MiniOzoneClusterImpl (MiniOzoneClusterImpl.java:lambda$waitForClusterToBeReady$0(153)) - Waiting for cluster to exit safe mode
2019-11-15 13:01:00,088 [Datanode State Machine Thread - 0] INFO  ozoneimpl.OzoneContainer (OzoneContainer.java:start(230)) - Attempting to start container services.
2019-11-15 13:01:00,092 [Datanode State Machine Thread - 0] INFO  ozoneimpl.OzoneContainer (OzoneContainer.java:startContainerScrub(194)) - Background container scanner has been disabled.
2019-11-15 13:01:00,092 [Datanode State Machine Thread - 0] INFO  ratis.XceiverServerRatis (XceiverServerRatis.java:start(422)) - Starting XceiverServerRatis 00157216-6769-49fc-be8b-b159d5324bfb at port 0
2019-11-15 13:01:00,101 [Datanode State Machine Thread - 0] INFO  impl.RaftServerProxy (RaftServerProxy.java:lambda$start$3(299)) - 00157216-6769-49fc-be8b-b159d5324bfb: start RPC server
2019-11-15 13:01:00,204 [Datanode State Machine Thread - 0] INFO  server.GrpcService (GrpcService.java:startImpl(158)) - c6072ae3-b340-4636-a946-94afbda72020: GrpcService started, listening on 0.0.0.0/0.0.0.0:44276
2019-11-15 13:01:00,204 [Datanode State Machine Thread - 0] INFO  server.GrpcService (GrpcService.java:startImpl(158)) - 00157216-6769-49fc-be8b-b159d5324bfb: GrpcService started, listening on 0.0.0.0/0.0.0.0:41357
2019-11-15 13:01:00,204 [Datanode State Machine Thread - 0] INFO  server.GrpcService (GrpcService.java:startImpl(158)) - 5e6aa5c8-399e-4f2b-83ad-8941ce6c4360: GrpcService started, listening on 0.0.0.0/0.0.0.0:32875
2019-11-15 13:01:00,205 [Datanode State Machine Thread - 0] INFO  ratis.XceiverServerRatis (XceiverServerRatis.java:start(432)) - XceiverServerRatis 00157216-6769-49fc-be8b-b159d5324bfb is started using port 41357
2019-11-15 13:01:00,205 [Datanode State Machine Thread - 0] INFO  ratis.XceiverServerRatis (XceiverServerRatis.java:start(432)) - XceiverServerRatis c6072ae3-b340-4636-a946-94afbda72020 is started using port 44276
2019-11-15 13:01:00,205 [Datanode State Machine Thread - 0] INFO  ratis.XceiverServerRatis (XceiverServerRatis.java:start(432)) - XceiverServerRatis 5e6aa5c8-399e-4f2b-83ad-8941ce6c4360 is started using port 32875
2019-11-15 13:01:00,216 [Datanode State Machine Thread - 0] INFO  server.XceiverServerGrpc (XceiverServerGrpc.java:start(145)) - XceiverServerGrpc 00157216-6769-49fc-be8b-b159d5324bfb is started using port 33539
2019-11-15 13:01:00,216 [Datanode State Machine Thread - 0] INFO  server.XceiverServerGrpc (XceiverServerGrpc.java:start(145)) - XceiverServerGrpc 5e6aa5c8-399e-4f2b-83ad-8941ce6c4360 is started using port 39092
2019-11-15 13:01:00,216 [Datanode State Machine Thread - 0] INFO  server.XceiverServerGrpc (XceiverServerGrpc.java:start(145)) - XceiverServerGrpc c6072ae3-b340-4636-a946-94afbda72020 is started using port 36980
2019-11-15 13:01:01,072 [main] INFO  ozone.MiniOzoneClusterImpl (MiniOzoneClusterImpl.java:lambda$waitForClusterToBeReady$0(150)) - Waiting for nodes to be ready. Got 0 of 3 DN Heartbeats.
2019-11-15 13:01:01,073 [main] INFO  ozone.MiniOzoneClusterImpl (MiniOzoneClusterImpl.java:lambda$waitForClusterToBeReady$0(153)) - Waiting for cluster to exit safe mode
2019-11-15 13:01:01,976 [IPC Server handler 0 on 38084] INFO  net.NetworkTopology (NetworkTopologyImpl.java:add(111)) - Added a new node: /default-rack/c6072ae3-b340-4636-a946-94afbda72020
2019-11-15 13:01:01,977 [IPC Server handler 0 on 38084] INFO  node.SCMNodeManager (SCMNodeManager.java:register(267)) - Registered Data node : c6072ae3-b340-4636-a946-94afbda72020{ip: 192.168.34.39, host: pr-hdds-2503-7zl9w-2300970352, networkLocation: /default-rack, certSerialId: null}
2019-11-15 13:01:01,980 [EventQueue-NodeRegistrationContainerReportForContainerSafeModeRule] INFO  safemode.SCMSafeModeManager (SCMSafeModeManager.java:validateSafeModeExitRules(176)) - ContainerSafeModeRule rule is successfully validated
2019-11-15 13:01:01,980 [EventQueue-NodeRegistrationContainerReportForDataNodeSafeModeRule] INFO  safemode.SCMSafeModeManager (DataNodeSafeModeRule.java:process(71)) - SCM in safe mode. 1 DataNodes registered, 1 required.
2019-11-15 13:01:01,981 [EventQueue-NodeRegistrationContainerReportForDataNodeSafeModeRule] INFO  safemode.SCMSafeModeManager (SCMSafeModeManager.java:validateSafeModeExitRules(176)) - DataNodeSafeModeRule rule is successfully validated
2019-11-15 13:01:01,984 [RatisPipelineUtilsThread] INFO  pipeline.RatisPipelineProvider (RatisPipelineProvider.java:lambda$create$4(163)) - Send pipeline:PipelineID=66c9c8c9-5ffd-40bb-9f0a-584bfae4de0c create command to datanode c6072ae3-b340-4636-a946-94afbda72020
2019-11-15 13:01:01,996 [RatisPipelineUtilsThread] INFO  pipeline.PipelineStateManager (PipelineStateManager.java:addPipeline(55)) - Created pipeline Pipeline[ Id: 66c9c8c9-5ffd-40bb-9f0a-584bfae4de0c, Nodes: c6072ae3-b340-4636-a946-94afbda72020{ip: 192.168.34.39, host: pr-hdds-2503-7zl9w-2300970352, networkLocation: /default-rack, certSerialId: null}, Type:RATIS, Factor:ONE, State:ALLOCATED]
2019-11-15 13:01:02,003 [IPC Server handler 2 on 38084] INFO  net.NetworkTopology (NetworkTopologyImpl.java:add(111)) - Added a new node: /default-rack/5e6aa5c8-399e-4f2b-83ad-8941ce6c4360
2019-11-15 13:01:02,004 [IPC Server handler 2 on 38084] INFO  node.SCMNodeManager (SCMNodeManager.java:register(267)) - Registered Data node : 5e6aa5c8-399e-4f2b-83ad-8941ce6c4360{ip: 192.168.34.39, host: pr-hdds-2503-7zl9w-2300970352, networkLocation: /default-rack, certSerialId: null}
2019-11-15 13:01:02,004 [EventQueue-NodeRegistrationContainerReportForContainerSafeModeRule] INFO  safemode.SCMSafeModeManager (SCMSafeModeManager.java:validateSafeModeExitRules(176)) - ContainerSafeModeRule rule is successfully validated
2019-11-15 13:01:02,004 [EventQueue-NodeRegistrationContainerReportForDataNodeSafeModeRule] INFO  safemode.SCMSafeModeManager (SCMSafeModeManager.java:validateSafeModeExitRules(176)) - DataNodeSafeModeRule rule is successfully validated
2019-11-15 13:01:02,006 [RatisPipelineUtilsThread] INFO  pipeline.RatisPipelineProvider (RatisPipelineProvider.java:lambda$create$4(163)) - Send pipeline:PipelineID=f9287feb-8372-4c7a-a4d2-4e6c3dc640ae create command to datanode 5e6aa5c8-399e-4f2b-83ad-8941ce6c4360
2019-11-15 13:01:02,006 [RatisPipelineUtilsThread] INFO  pipeline.PipelineStateManager (PipelineStateManager.java:addPipeline(55)) - Created pipeline Pipeline[ Id: f9287feb-8372-4c7a-a4d2-4e6c3dc640ae, Nodes: 5e6aa5c8-399e-4f2b-83ad-8941ce6c4360{ip: 192.168.34.39, host: pr-hdds-2503-7zl9w-2300970352, networkLocation: /default-rack, certSerialId: null}, Type:RATIS, Factor:ONE, State:ALLOCATED]
2019-11-15 13:01:02,071 [IPC Server handler 1 on 38084] INFO  net.NetworkTopology (NetworkTopologyImpl.java:add(111)) - Added a new node: /default-rack/00157216-6769-49fc-be8b-b159d5324bfb
2019-11-15 13:01:02,071 [IPC Server handler 1 on 38084] INFO  node.SCMNodeManager (SCMNodeManager.java:register(267)) - Registered Data node : 00157216-6769-49fc-be8b-b159d5324bfb{ip: 192.168.34.39, host: pr-hdds-2503-7zl9w-2300970352, networkLocation: /default-rack, certSerialId: null}
2019-11-15 13:01:02,071 [RatisPipelineUtilsThread] INFO  pipeline.RatisPipelineProvider (RatisPipelineProvider.java:lambda$create$4(163)) - Send pipeline:PipelineID=33305e47-2eb6-4564-b32b-90de5ca3ef25 create command to datanode 00157216-6769-49fc-be8b-b159d5324bfb
2019-11-15 13:01:02,071 [EventQueue-NodeRegistrationContainerReportForContainerSafeModeRule] INFO  safemode.SCMSafeModeManager (SCMSafeModeManager.java:validateSafeModeExitRules(176)) - ContainerSafeModeRule rule is successfully validated
2019-11-15 13:01:02,072 [EventQueue-NodeRegistrationContainerReportForDataNodeSafeModeRule] INFO  safemode.SCMSafeModeManager (SCMSafeModeManager.java:validateSafeModeExitRules(176)) - DataNodeSafeModeRule rule is successfully validated
2019-11-15 13:01:02,072 [RatisPipelineUtilsThread] INFO  pipeline.PipelineStateManager (PipelineStateManager.java:addPipeline(55)) - Created pipeline Pipeline[ Id: 33305e47-2eb6-4564-b32b-90de5ca3ef25, Nodes: 00157216-6769-49fc-be8b-b159d5324bfb{ip: 192.168.34.39, host: pr-hdds-2503-7zl9w-2300970352, networkLocation: /default-rack, certSerialId: null}, Type:RATIS, Factor:ONE, State:ALLOCATED]
2019-11-15 13:01:02,073 [main] INFO  ozone.MiniOzoneClusterImpl (MiniOzoneClusterImpl.java:lambda$waitForClusterToBeReady$0(150)) - Nodes are ready. Got 3 of 3 DN Heartbeats.
2019-11-15 13:01:02,073 [RatisPipelineUtilsThread] INFO  pipeline.RatisPipelineProvider (RatisPipelineProvider.java:lambda$create$4(163)) - Send pipeline:PipelineID=0d83807d-7922-4e47-ac96-eefdd4169f4f create command to datanode 5e6aa5c8-399e-4f2b-83ad-8941ce6c4360
2019-11-15 13:01:02,074 [main] INFO  ozone.MiniOzoneClusterImpl (MiniOzoneClusterImpl.java:lambda$waitForClusterToBeReady$0(153)) - Waiting for cluster to exit safe mode
2019-11-15 13:01:02,074 [RatisPipelineUtilsThread] INFO  pipeline.RatisPipelineProvider (RatisPipelineProvider.java:lambda$create$4(163)) - Send pipeline:PipelineID=0d83807d-7922-4e47-ac96-eefdd4169f4f create command to datanode c6072ae3-b340-4636-a946-94afbda72020
2019-11-15 13:01:02,074 [RatisPipelineUtilsThread] INFO  pipeline.RatisPipelineProvider (RatisPipelineProvider.java:lambda$create$4(163)) - Send pipeline:PipelineID=0d83807d-7922-4e47-ac96-eefdd4169f4f create command to datanode 00157216-6769-49fc-be8b-b159d5324bfb
2019-11-15 13:01:02,075 [RatisPipelineUtilsThread] INFO  pipeline.PipelineStateManager (PipelineStateManager.java:addPipeline(55)) - Created pipeline Pipeline[ Id: 0d83807d-7922-4e47-ac96-eefdd4169f4f, Nodes: 5e6aa5c8-399e-4f2b-83ad-8941ce6c4360{ip: 192.168.34.39, host: pr-hdds-2503-7zl9w-2300970352, networkLocation: /default-rack, certSerialId: null}c6072ae3-b340-4636-a946-94afbda72020{ip: 192.168.34.39, host: pr-hdds-2503-7zl9w-2300970352, networkLocation: /default-rack, certSerialId: null}00157216-6769-49fc-be8b-b159d5324bfb{ip: 192.168.34.39, host: pr-hdds-2503-7zl9w-2300970352, networkLocation: /default-rack, certSerialId: null}, Type:RATIS, Factor:THREE, State:ALLOCATED]
2019-11-15 13:01:03,074 [main] INFO  ozone.MiniOzoneClusterImpl (MiniOzoneClusterImpl.java:lambda$waitForClusterToBeReady$0(150)) - Nodes are ready. Got 3 of 3 DN Heartbeats.
2019-11-15 13:01:03,075 [main] INFO  ozone.MiniOzoneClusterImpl (MiniOzoneClusterImpl.java:lambda$waitForClusterToBeReady$0(153)) - Waiting for cluster to exit safe mode
2019-11-15 13:01:04,075 [main] INFO  ozone.MiniOzoneClusterImpl (MiniOzoneClusterImpl.java:lambda$waitForClusterToBeReady$0(150)) - Nodes are ready. Got 3 of 3 DN Heartbeats.
2019-11-15 13:01:04,076 [main] INFO  ozone.MiniOzoneClusterImpl (MiniOzoneClusterImpl.java:lambda$waitForClusterToBeReady$0(153)) - Waiting for cluster to exit safe mode
2019-11-15 13:01:04,969 [Command processor thread] INFO  impl.RaftServerProxy (RaftServerProxy.java:addNew(89)) - c6072ae3-b340-4636-a946-94afbda72020: addNew group-584BFAE4DE0C:[c6072ae3-b340-4636-a946-94afbda72020:192.168.34.39:44276] returns group-584BFAE4DE0C:java.util.concurrent.CompletableFuture@7d5ae58a[Not completed]
2019-11-15 13:01:04,991 [pool-27-thread-1] INFO  impl.RaftServerImpl (RaftServerImpl.java:<init>(98)) - c6072ae3-b340-4636-a946-94afbda72020: new RaftServerImpl for group-584BFAE4DE0C:[c6072ae3-b340-4636-a946-94afbda72020:192.168.34.39:44276] with ContainerStateMachine:uninitialized
2019-11-15 13:01:04,994 [pool-27-thread-1] INFO  server.RaftServerConfigKeys (ConfUtils.java:logGet(43)) - raft.server.rpc.timeout.min = 5s (custom)
2019-11-15 13:01:04,995 [pool-27-thread-1] INFO  server.RaftServerConfigKeys (ConfUtils.java:logGet(43)) - raft.server.rpc.timeout.max = 5200ms (custom)
2019-11-15 13:01:04,995 [pool-27-thread-1] INFO  server.RaftServerConfigKeys (ConfUtils.java:logGet(43)) - raft.server.rpcslowness.timeout = 120s (custom)
2019-11-15 13:01:04,996 [pool-27-thread-1] INFO  server.RaftServerConfigKeys (ConfUtils.java:logGet(43)) - raft.server.sleep.deviation.threshold = 300 (default)
2019-11-15 13:01:04,997 [pool-27-thread-1] INFO  server.RaftServerConfigKeys (ConfUtils.java:logGet(43)) - raft.server.log.appender.install.snapshot.enabled = false (custom)
2019-11-15 13:01:05,003 [Command processor thread] INFO  impl.RaftServerProxy (RaftServerProxy.java:addNew(89)) - 5e6aa5c8-399e-4f2b-83ad-8941ce6c4360: addNew group-4E6C3DC640AE:[5e6aa5c8-399e-4f2b-83ad-8941ce6c4360:192.168.34.39:32875] returns group-4E6C3DC640AE:java.util.concurrent.CompletableFuture@44ce0572[Not completed]
2019-11-15 13:01:05,035 [pool-37-thread-1] INFO  impl.RaftServerImpl (RaftServerImpl.java:<init>(98)) - 5e6aa5c8-399e-4f2b-83ad-8941ce6c4360: new RaftServerImpl for group-4E6C3DC640AE:[5e6aa5c8-399e-4f2b-83ad-8941ce6c4360:192.168.34.39:32875] with ContainerStateMachine:uninitialized
2019-11-15 13:01:05,037 [pool-37-thread-1] INFO  server.RaftServerConfigKeys (ConfUtils.java:logGet(43)) - raft.server.rpc.timeout.min = 5s (custom)
2019-11-15 13:01:05,037 [pool-27-thread-1] INFO  impl.RaftServerImpl (ServerState.java:<init>(103)) - c6072ae3-b340-4636-a946-94afbda72020@group-584BFAE4DE0C: ConfigurationManager, init=-1: [c6072ae3-b340-4636-a946-94afbda72020:192.168.34.39:44276], old=null, confs=<EMPTY_MAP>
2019-11-15 13:01:05,037 [pool-37-thread-1] INFO  server.RaftServerConfigKeys (ConfUtils.java:logGet(43)) - raft.server.rpc.timeout.max = 5200ms (custom)
2019-11-15 13:01:05,037 [pool-27-thread-1] INFO  server.RaftServerConfigKeys (ConfUtils.java:logGet(43)) - raft.server.storage.dir = [/workdir/hadoop-ozone/tools/target/test-dir/MiniOzoneClusterImpl-3b87cbe9-70a4-48a6-8899-89aa69903b86/datanode-0/data/ratis] (custom)
2019-11-15 13:01:05,037 [pool-37-thread-1] INFO  server.RaftServerConfigKeys (ConfUtils.java:logGet(43)) - raft.server.rpcslowness.timeout = 120s (custom)
2019-11-15 13:01:05,037 [pool-37-thread-1] INFO  server.RaftServerConfigKeys (ConfUtils.java:logGet(43)) - raft.server.sleep.deviation.threshold = 300 (default)
2019-11-15 13:01:05,038 [pool-37-thread-1] INFO  server.RaftServerConfigKeys (ConfUtils.java:logGet(43)) - raft.server.log.appender.install.snapshot.enabled = false (custom)
2019-11-15 13:01:05,038 [pool-37-thread-1] INFO  impl.RaftServerImpl (ServerState.java:<init>(103)) - 5e6aa5c8-399e-4f2b-83ad-8941ce6c4360@group-4E6C3DC640AE: ConfigurationManager, init=-1: [5e6aa5c8-399e-4f2b-83ad-8941ce6c4360:192.168.34.39:32875], old=null, confs=<EMPTY_MAP>
2019-11-15 13:01:05,038 [pool-37-thread-1] INFO  server.RaftServerConfigKeys (ConfUtils.java:logGet(43)) - raft.server.storage.dir = [/workdir/hadoop-ozone/tools/target/test-dir/MiniOzoneClusterImpl-3b87cbe9-70a4-48a6-8899-89aa69903b86/datanode-1/data/ratis] (custom)
2019-11-15 13:01:05,045 [pool-27-thread-1] INFO  server.RaftServerConfigKeys (ConfUtils.java:logGet(43)) - raft.server.log.corruption.policy = EXCEPTION (default)
2019-11-15 13:01:05,045 [pool-37-thread-1] INFO  server.RaftServerConfigKeys (ConfUtils.java:logGet(43)) - raft.server.log.corruption.policy = EXCEPTION (default)
2019-11-15 13:01:05,047 [pool-27-thread-1] INFO  storage.RaftStorageDirectory (RaftStorageDirectory.java:analyzeStorage(246)) - The storage directory /workdir/hadoop-ozone/tools/target/test-dir/MiniOzoneClusterImpl-3b87cbe9-70a4-48a6-8899-89aa69903b86/datanode-0/data/ratis/66c9c8c9-5ffd-40bb-9f0a-584bfae4de0c does not exist. Creating ...
2019-11-15 13:01:05,047 [pool-37-thread-1] INFO  storage.RaftStorageDirectory (RaftStorageDirectory.java:analyzeStorage(246)) - The storage directory /workdir/hadoop-ozone/tools/target/test-dir/MiniOzoneClusterImpl-3b87cbe9-70a4-48a6-8899-89aa69903b86/datanode-1/data/ratis/f9287feb-8372-4c7a-a4d2-4e6c3dc640ae does not exist. Creating ...
2019-11-15 13:01:05,067 [pool-27-thread-1] INFO  storage.RaftStorageDirectory (RaftStorageDirectory.java:tryLock(328)) - Lock on /workdir/hadoop-ozone/tools/target/test-dir/MiniOzoneClusterImpl-3b87cbe9-70a4-48a6-8899-89aa69903b86/datanode-0/data/ratis/66c9c8c9-5ffd-40bb-9f0a-584bfae4de0c/in_use.lock acquired by nodename 19287@pr-hdds-2503-7zl9w-2300970352
2019-11-15 13:01:05,067 [pool-37-thread-1] INFO  storage.RaftStorageDirectory (RaftStorageDirectory.java:tryLock(328)) - Lock on /workdir/hadoop-ozone/tools/target/test-dir/MiniOzoneClusterImpl-3b87cbe9-70a4-48a6-8899-89aa69903b86/datanode-1/data/ratis/f9287feb-8372-4c7a-a4d2-4e6c3dc640ae/in_use.lock acquired by nodename 19287@pr-hdds-2503-7zl9w-2300970352
2019-11-15 13:01:05,070 [Command processor thread] INFO  impl.RaftServerProxy (RaftServerProxy.java:addNew(89)) - 00157216-6769-49fc-be8b-b159d5324bfb: addNew group-90DE5CA3EF25:[00157216-6769-49fc-be8b-b159d5324bfb:192.168.34.39:41357] returns group-90DE5CA3EF25:java.util.concurrent.CompletableFuture@3f9b4b3f[Not completed]
2019-11-15 13:01:05,085 [main] INFO  ozone.MiniOzoneClusterImpl (MiniOzoneClusterImpl.java:lambda$waitForClusterToBeReady$0(150)) - Nodes are ready. Got 3 of 3 DN Heartbeats.
2019-11-15 13:01:05,085 [main] INFO  ozone.MiniOzoneClusterImpl (MiniOzoneClusterImpl.java:lambda$waitForClusterToBeReady$0(153)) - Waiting for cluster to exit safe mode
2019-11-15 13:01:05,086 [pool-47-thread-1] INFO  impl.RaftServerImpl (RaftServerImpl.java:<init>(98)) - 00157216-6769-49fc-be8b-b159d5324bfb: new RaftServerImpl for group-90DE5CA3EF25:[00157216-6769-49fc-be8b-b159d5324bfb:192.168.34.39:41357] with ContainerStateMachine:uninitialized
2019-11-15 13:01:05,086 [pool-47-thread-1] INFO  server.RaftServerConfigKeys (ConfUtils.java:logGet(43)) - raft.server.rpc.timeout.min = 5s (custom)
2019-11-15 13:01:05,087 [pool-47-thread-1] INFO  server.RaftServerConfigKeys (ConfUtils.java:logGet(43)) - raft.server.rpc.timeout.max = 5200ms (custom)
2019-11-15 13:01:05,087 [pool-47-thread-1] INFO  server.RaftServerConfigKeys (ConfUtils.java:logGet(43)) - raft.server.rpcslowness.timeout = 120s (custom)
2019-11-15 13:01:05,087 [pool-47-thread-1] INFO  server.RaftServerConfigKeys (ConfUtils.java:logGet(43)) - raft.server.sleep.deviation.threshold = 300 (default)
2019-11-15 13:01:05,087 [pool-47-thread-1] INFO  server.RaftServerConfigKeys (ConfUtils.java:logGet(43)) - raft.server.log.appender.install.snapshot.enabled = false (custom)
2019-11-15 13:01:05,087 [pool-47-thread-1] INFO  impl.RaftServerImpl (ServerState.java:<init>(103)) - 00157216-6769-49fc-be8b-b159d5324bfb@group-90DE5CA3EF25: ConfigurationManager, init=-1: [00157216-6769-49fc-be8b-b159d5324bfb:192.168.34.39:41357], old=null, confs=<EMPTY_MAP>
2019-11-15 13:01:05,087 [pool-47-thread-1] INFO  server.RaftServerConfigKeys (ConfUtils.java:logGet(43)) - raft.server.storage.dir = [/workdir/hadoop-ozone/tools/target/test-dir/MiniOzoneClusterImpl-3b87cbe9-70a4-48a6-8899-89aa69903b86/datanode-2/data/ratis] (custom)
2019-11-15 13:01:05,088 [pool-47-thread-1] INFO  server.RaftServerConfigKeys (ConfUtils.java:logGet(43)) - raft.server.log.corruption.policy = EXCEPTION (default)
2019-11-15 13:01:05,088 [pool-47-thread-1] INFO  storage.RaftStorageDirectory (RaftStorageDirectory.java:analyzeStorage(246)) - The storage directory /workdir/hadoop-ozone/tools/target/test-dir/MiniOzoneClusterImpl-3b87cbe9-70a4-48a6-8899-89aa69903b86/datanode-2/data/ratis/33305e47-2eb6-4564-b32b-90de5ca3ef25 does not exist. Creating ...
2019-11-15 13:01:05,111 [pool-47-thread-1] INFO  storage.RaftStorageDirectory (RaftStorageDirectory.java:tryLock(328)) - Lock on /workdir/hadoop-ozone/tools/target/test-dir/MiniOzoneClusterImpl-3b87cbe9-70a4-48a6-8899-89aa69903b86/datanode-2/data/ratis/33305e47-2eb6-4564-b32b-90de5ca3ef25/in_use.lock acquired by nodename 19287@pr-hdds-2503-7zl9w-2300970352
2019-11-15 13:01:05,111 [pool-27-thread-1] INFO  storage.RaftStorage (RaftStorage.java:format(84)) - Storage directory /workdir/hadoop-ozone/tools/target/test-dir/MiniOzoneClusterImpl-3b87cbe9-70a4-48a6-8899-89aa69903b86/datanode-0/data/ratis/66c9c8c9-5ffd-40bb-9f0a-584bfae4de0c has been successfully formatted.
2019-11-15 13:01:05,111 [pool-37-thread-1] INFO  storage.RaftStorage (RaftStorage.java:format(84)) - Storage directory /workdir/hadoop-ozone/tools/target/test-dir/MiniOzoneClusterImpl-3b87cbe9-70a4-48a6-8899-89aa69903b86/datanode-1/data/ratis/f9287feb-8372-4c7a-a4d2-4e6c3dc640ae has been successfully formatted.
2019-11-15 13:01:05,115 [pool-27-thread-1] INFO  ratis.ContainerStateMachine (ContainerStateMachine.java:loadSnapshot(223)) - group-584BFAE4DE0C: The snapshot info is null. Setting the last applied indexto:(t:0, i:~)
2019-11-15 13:01:05,115 [pool-37-thread-1] INFO  ratis.ContainerStateMachine (ContainerStateMachine.java:loadSnapshot(223)) - group-4E6C3DC640AE: The snapshot info is null. Setting the last applied indexto:(t:0, i:~)
2019-11-15 13:01:05,116 [pool-27-thread-1] INFO  server.RaftServerConfigKeys (ConfUtils.java:logGet(43)) - raft.server.notification.no-leader.timeout = 120s (custom)
2019-11-15 13:01:05,116 [pool-37-thread-1] INFO  server.RaftServerConfigKeys (ConfUtils.java:logGet(43)) - raft.server.notification.no-leader.timeout = 120s (custom)
2019-11-15 13:01:05,119 [pool-27-thread-1] INFO  server.RaftServerConfigKeys (ConfUtils.java:logGet(43)) - raft.server.log.use.memory = false (default)
2019-11-15 13:01:05,119 [pool-37-thread-1] INFO  server.RaftServerConfigKeys (ConfUtils.java:logGet(43)) - raft.server.log.use.memory = false (default)
2019-11-15 13:01:05,125 [pool-47-thread-1] INFO  storage.RaftStorage (RaftStorage.java:format(84)) - Storage directory /workdir/hadoop-ozone/tools/target/test-dir/MiniOzoneClusterImpl-3b87cbe9-70a4-48a6-8899-89aa69903b86/datanode-2/data/ratis/33305e47-2eb6-4564-b32b-90de5ca3ef25 has been successfully formatted.
2019-11-15 13:01:05,125 [pool-47-thread-1] INFO  ratis.ContainerStateMachine (ContainerStateMachine.java:loadSnapshot(223)) - group-90DE5CA3EF25: The snapshot info is null. Setting the last applied indexto:(t:0, i:~)
2019-11-15 13:01:05,125 [pool-47-thread-1] INFO  server.RaftServerConfigKeys (ConfUtils.java:logGet(43)) - raft.server.notification.no-leader.timeout = 120s (custom)
2019-11-15 13:01:05,125 [pool-37-thread-1] INFO  server.RaftServerConfigKeys (ConfUtils.java:logGet(43)) - raft.server.log.purge.gap = 1000000 (custom)
2019-11-15 13:01:05,125 [pool-27-thread-1] INFO  server.RaftServerConfigKeys (ConfUtils.java:logGet(43)) - raft.server.log.purge.gap = 1000000 (custom)
2019-11-15 13:01:05,125 [pool-47-thread-1] INFO  server.RaftServerConfigKeys (ConfUtils.java:logGet(43)) - raft.server.log.use.memory = false (default)
2019-11-15 13:01:05,126 [pool-27-thread-1] INFO  server.RaftServerConfigKeys (ConfUtils.java:logGet(43)) - raft.server.log.appender.buffer.byte-limit = 33554432 (custom)
2019-11-15 13:01:05,125 [pool-37-thread-1] INFO  server.RaftServerConfigKeys (ConfUtils.java:logGet(43)) - raft.server.log.appender.buffer.byte-limit = 33554432 (custom)
2019-11-15 13:01:05,126 [pool-47-thread-1] INFO  server.RaftServerConfigKeys (ConfUtils.java:logGet(43)) - raft.server.log.purge.gap = 1000000 (custom)
2019-11-15 13:01:05,126 [pool-47-thread-1] INFO  server.RaftServerConfigKeys (ConfUtils.java:logGet(43)) - raft.server.log.appender.buffer.byte-limit = 33554432 (custom)
2019-11-15 13:01:05,128 [pool-47-thread-1] INFO  server.RaftServerConfigKeys (ConfUtils.java:logGet(43)) - raft.server.log.segment.size.max = 1048576 (custom)
2019-11-15 13:01:05,128 [pool-37-thread-1] INFO  server.RaftServerConfigKeys (ConfUtils.java:logGet(43)) - raft.server.log.segment.size.max = 1048576 (custom)
2019-11-15 13:01:05,128 [pool-27-thread-1] INFO  server.RaftServerConfigKeys (ConfUtils.java:logGet(43)) - raft.server.log.segment.size.max = 1048576 (custom)
2019-11-15 13:01:05,133 [pool-47-thread-1] INFO  metrics.MetricRegistries (MetricRegistriesLoader.java:load(64)) - Loaded MetricRegistries class org.apache.ratis.metrics.impl.MetricRegistriesImpl
2019-11-15 13:01:05,138 [pool-47-thread-1] WARN  impl.MetricRegistriesImpl (MetricRegistriesImpl.java:lambda$create$1(61)) - First MetricRegistry has been created without registering reporters. You may need to call MetricRegistries.global().addReportRegistration(...) before.
2019-11-15 13:01:05,138 [pool-37-thread-1] WARN  impl.MetricRegistriesImpl (MetricRegistriesImpl.java:lambda$create$1(61)) - First MetricRegistry has been created without registering reporters. You may need to call MetricRegistries.global().addReportRegistration(...) before.
2019-11-15 13:01:05,140 [pool-27-thread-1] WARN  impl.MetricRegistriesImpl (MetricRegistriesImpl.java:lambda$create$1(61)) - First MetricRegistry has been created without registering reporters. You may need to call MetricRegistries.global().addReportRegistration(...) before.
2019-11-15 13:01:05,145 [pool-47-thread-1] INFO  server.RaftServerConfigKeys (ConfUtils.java:logGet(43)) - raft.server.log.segment.cache.num.max = 2 (custom)
2019-11-15 13:01:05,145 [pool-37-thread-1] INFO  server.RaftServerConfigKeys (ConfUtils.java:logGet(43)) - raft.server.log.segment.cache.num.max = 2 (custom)
2019-11-15 13:01:05,145 [pool-27-thread-1] INFO  server.RaftServerConfigKeys (ConfUtils.java:logGet(43)) - raft.server.log.segment.cache.num.max = 2 (custom)
2019-11-15 13:01:05,150 [pool-27-thread-1] INFO  segmented.SegmentedRaftLogWorker (SegmentedRaftLogWorker.java:<init>(173)) - new c6072ae3-b340-4636-a946-94afbda72020@group-584BFAE4DE0C-SegmentedRaftLogWorker for RaftStorage:Storage Directory /workdir/hadoop-ozone/tools/target/test-dir/MiniOzoneClusterImpl-3b87cbe9-70a4-48a6-8899-89aa69903b86/datanode-0/data/ratis/66c9c8c9-5ffd-40bb-9f0a-584bfae4de0c
2019-11-15 13:01:05,150 [pool-47-thread-1] INFO  segmented.SegmentedRaftLogWorker (SegmentedRaftLogWorker.java:<init>(173)) - new 00157216-6769-49fc-be8b-b159d5324bfb@group-90DE5CA3EF25-SegmentedRaftLogWorker for RaftStorage:Storage Directory /workdir/hadoop-ozone/tools/target/test-dir/MiniOzoneClusterImpl-3b87cbe9-70a4-48a6-8899-89aa69903b86/datanode-2/data/ratis/33305e47-2eb6-4564-b32b-90de5ca3ef25
2019-11-15 13:01:05,150 [pool-37-thread-1] INFO  segmented.SegmentedRaftLogWorker (SegmentedRaftLogWorker.java:<init>(173)) - new 5e6aa5c8-399e-4f2b-83ad-8941ce6c4360@group-4E6C3DC640AE-SegmentedRaftLogWorker for RaftStorage:Storage Directory /workdir/hadoop-ozone/tools/target/test-dir/MiniOzoneClusterImpl-3b87cbe9-70a4-48a6-8899-89aa69903b86/datanode-1/data/ratis/f9287feb-8372-4c7a-a4d2-4e6c3dc640ae
2019-11-15 13:01:05,151 [pool-27-thread-1] INFO  server.RaftServerConfigKeys (ConfUtils.java:logGet(43)) - raft.server.log.queue.byte-limit = 2147483647 (custom)
2019-11-15 13:01:05,152 [pool-37-thread-1] INFO  server.RaftServerConfigKeys (ConfUtils.java:logGet(43)) - raft.server.log.queue.byte-limit = 2147483647 (custom)
2019-11-15 13:01:05,151 [pool-47-thread-1] INFO  server.RaftServerConfigKeys (ConfUtils.java:logGet(43)) - raft.server.log.queue.byte-limit = 2147483647 (custom)
2019-11-15 13:01:05,152 [pool-37-thread-1] INFO  server.RaftServerConfigKeys (ConfUtils.java:logGet(43)) - raft.server.log.queue.element-limit = 1024 (custom)
2019-11-15 13:01:05,152 [pool-27-thread-1] INFO  server.RaftServerConfigKeys (ConfUtils.java:logGet(43)) - raft.server.log.queue.element-limit = 1024 (custom)
2019-11-15 13:01:05,153 [pool-47-thread-1] INFO  server.RaftServerConfigKeys (ConfUtils.java:logGet(43)) - raft.server.log.queue.element-limit = 1024 (custom)
2019-11-15 13:01:05,153 [pool-37-thread-1] INFO  server.RaftServerConfigKeys (ConfUtils.java:logGet(43)) - raft.server.log.segment.size.max = 1048576 (custom)
2019-11-15 13:01:05,154 [pool-27-thread-1] INFO  server.RaftServerConfigKeys (ConfUtils.java:logGet(43)) - raft.server.log.segment.size.max = 1048576 (custom)
2019-11-15 13:01:05,154 [pool-47-thread-1] INFO  server.RaftServerConfigKeys (ConfUtils.java:logGet(43)) - raft.server.log.segment.size.max = 1048576 (custom)
2019-11-15 13:01:05,154 [pool-27-thread-1] INFO  server.RaftServerConfigKeys (ConfUtils.java:logGet(43)) - raft.server.log.preallocated.size = 16384 (custom)
2019-11-15 13:01:05,154 [pool-37-thread-1] INFO  server.RaftServerConfigKeys (ConfUtils.java:logGet(43)) - raft.server.log.preallocated.size = 16384 (custom)
2019-11-15 13:01:05,154 [pool-47-thread-1] INFO  server.RaftServerConfigKeys (ConfUtils.java:logGet(43)) - raft.server.log.preallocated.size = 16384 (custom)
2019-11-15 13:01:05,155 [pool-37-thread-1] INFO  server.RaftServerConfigKeys (ConfUtils.java:logGet(43)) - raft.server.log.write.buffer.size = 33554432 (custom)
2019-11-15 13:01:05,155 [pool-27-thread-1] INFO  server.RaftServerConfigKeys (ConfUtils.java:logGet(43)) - raft.server.log.write.buffer.size = 33554432 (custom)
2019-11-15 13:01:05,155 [pool-47-thread-1] INFO  server.RaftServerConfigKeys (ConfUtils.java:logGet(43)) - raft.server.log.write.buffer.size = 33554432 (custom)
2019-11-15 13:01:05,155 [pool-37-thread-1] INFO  server.RaftServerConfigKeys (ConfUtils.java:logGet(43)) - raft.server.log.force.sync.num = 128 (default)
2019-11-15 13:01:05,156 [pool-47-thread-1] INFO  server.RaftServerConfigKeys (ConfUtils.java:logGet(43)) - raft.server.log.force.sync.num = 128 (default)
2019-11-15 13:01:05,156 [pool-27-thread-1] INFO  server.RaftServerConfigKeys (ConfUtils.java:logGet(43)) - raft.server.log.force.sync.num = 128 (default)
2019-11-15 13:01:05,157 [pool-37-thread-1] INFO  server.RaftServerConfigKeys (ConfUtils.java:logGet(43)) - raft.server.log.statemachine.data.sync = true (default)
2019-11-15 13:01:05,157 [pool-37-thread-1] INFO  server.RaftServerConfigKeys (ConfUtils.java:logGet(43)) - raft.server.log.statemachine.data.sync.timeout = 10s (default)
2019-11-15 13:01:05,157 [pool-47-thread-1] INFO  server.RaftServerConfigKeys (ConfUtils.java:logGet(43)) - raft.server.log.statemachine.data.sync = true (default)
2019-11-15 13:01:05,157 [pool-27-thread-1] INFO  server.RaftServerConfigKeys (ConfUtils.java:logGet(43)) - raft.server.log.statemachine.data.sync = true (default)
2019-11-15 13:01:05,158 [pool-37-thread-1] INFO  server.RaftServerConfigKeys (ConfUtils.java:logGet(43)) - raft.server.log.statemachine.data.sync.timeout.retry = -1 (default)
2019-11-15 13:01:05,158 [pool-47-thread-1] INFO  server.RaftServerConfigKeys (ConfUtils.java:logGet(43)) - raft.server.log.statemachine.data.sync.timeout = 10s (default)
2019-11-15 13:01:05,158 [pool-27-thread-1] INFO  server.RaftServerConfigKeys (ConfUtils.java:logGet(43)) - raft.server.log.statemachine.data.sync.timeout = 10s (default)
2019-11-15 13:01:05,158 [pool-47-thread-1] INFO  server.RaftServerConfigKeys (ConfUtils.java:logGet(43)) - raft.server.log.statemachine.data.sync.timeout.retry = -1 (default)
2019-11-15 13:01:05,160 [pool-27-thread-1] INFO  server.RaftServerConfigKeys (ConfUtils.java:logGet(43)) - raft.server.log.statemachine.data.sync.timeout.retry = -1 (default)
2019-11-15 13:01:05,177 [pool-37-thread-1] INFO  server.RaftServerConfigKeys (ConfUtils.java:logGet(43)) - raft.server.log.statemachine.data.caching.enabled = true (custom)
2019-11-15 13:01:05,177 [pool-47-thread-1] INFO  server.RaftServerConfigKeys (ConfUtils.java:logGet(43)) - raft.server.log.statemachine.data.caching.enabled = true (custom)
2019-11-15 13:01:05,177 [pool-27-thread-1] INFO  server.RaftServerConfigKeys (ConfUtils.java:logGet(43)) - raft.server.log.statemachine.data.caching.enabled = true (custom)
2019-11-15 13:01:05,187 [pool-37-thread-1] INFO  segmented.SegmentedRaftLogWorker (SegmentedRaftLogWorker.java:lambda$new$0(128)) - 5e6aa5c8-399e-4f2b-83ad-8941ce6c4360@group-4E6C3DC640AE-SegmentedRaftLogWorker: flushIndex: setUnconditionally 0 -> -1
2019-11-15 13:01:05,187 [pool-27-thread-1] INFO  segmented.SegmentedRaftLogWorker (SegmentedRaftLogWorker.java:lambda$new$0(128)) - c6072ae3-b340-4636-a946-94afbda72020@group-584BFAE4DE0C-SegmentedRaftLogWorker: flushIndex: setUnconditionally 0 -> -1
2019-11-15 13:01:05,187 [pool-47-thread-1] INFO  segmented.SegmentedRaftLogWorker (SegmentedRaftLogWorker.java:lambda$new$0(128)) - 00157216-6769-49fc-be8b-b159d5324bfb@group-90DE5CA3EF25-SegmentedRaftLogWorker: flushIndex: setUnconditionally 0 -> -1
2019-11-15 13:01:05,194 [pool-37-thread-1] INFO  server.RaftServerConfigKeys (ConfUtils.java:logGet(43)) - raft.server.snapshot.auto.trigger.enabled = true (custom)
2019-11-15 13:01:05,194 [pool-27-thread-1] INFO  server.RaftServerConfigKeys (ConfUtils.java:logGet(43)) - raft.server.snapshot.auto.trigger.enabled = true (custom)
2019-11-15 13:01:05,194 [pool-47-thread-1] INFO  server.RaftServerConfigKeys (ConfUtils.java:logGet(43)) - raft.server.snapshot.auto.trigger.enabled = true (custom)
2019-11-15 13:01:05,195 [pool-37-thread-1] INFO  server.RaftServerConfigKeys (ConfUtils.java:logGet(43)) - raft.server.snapshot.auto.trigger.threshold = 10000 (custom)
2019-11-15 13:01:05,195 [pool-47-thread-1] INFO  server.RaftServerConfigKeys (ConfUtils.java:logGet(43)) - raft.server.snapshot.auto.trigger.threshold = 10000 (custom)
2019-11-15 13:01:05,195 [pool-27-thread-1] INFO  server.RaftServerConfigKeys (ConfUtils.java:logGet(43)) - raft.server.snapshot.auto.trigger.threshold = 10000 (custom)
2019-11-15 13:01:05,196 [pool-37-thread-1] INFO  server.RaftServerConfigKeys (ConfUtils.java:logGet(43)) - raft.server.snapshot.retention.file.num = 5 (custom)
2019-11-15 13:01:05,196 [pool-47-thread-1] INFO  server.RaftServerConfigKeys (ConfUtils.java:logGet(43)) - raft.server.snapshot.retention.file.num = 5 (custom)
2019-11-15 13:01:05,196 [pool-27-thread-1] INFO  server.RaftServerConfigKeys (ConfUtils.java:logGet(43)) - raft.server.snapshot.retention.file.num = 5 (custom)
2019-11-15 13:01:05,197 [pool-47-thread-1] INFO  server.RaftServerConfigKeys (ConfUtils.java:logGet(43)) - raft.server.retrycache.expirytime = 600000ms (custom)
2019-11-15 13:01:05,197 [pool-27-thread-1] INFO  server.RaftServerConfigKeys (ConfUtils.java:logGet(43)) - raft.server.retrycache.expirytime = 600000ms (custom)
2019-11-15 13:01:05,197 [pool-37-thread-1] INFO  server.RaftServerConfigKeys (ConfUtils.java:logGet(43)) - raft.server.retrycache.expirytime = 600000ms (custom)
2019-11-15 13:01:05,217 [pool-37-thread-1] WARN  impl.MetricRegistriesImpl (MetricRegistriesImpl.java:lambda$create$1(61)) - First MetricRegistry has been created without registering reporters. You may need to call MetricRegistries.global().addReportRegistration(...) before.
2019-11-15 13:01:05,217 [pool-27-thread-1] WARN  impl.MetricRegistriesImpl (MetricRegistriesImpl.java:lambda$create$1(61)) - First MetricRegistry has been created without registering reporters. You may need to call MetricRegistries.global().addReportRegistration(...) before.
2019-11-15 13:01:05,217 [pool-47-thread-1] WARN  impl.MetricRegistriesImpl (MetricRegistriesImpl.java:lambda$create$1(61)) - First MetricRegistry has been created without registering reporters. You may need to call MetricRegistries.global().addReportRegistration(...) before.
2019-11-15 13:01:05,219 [pool-27-thread-1] WARN  impl.MetricRegistriesImpl (MetricRegistriesImpl.java:lambda$create$1(61)) - First MetricRegistry has been created without registering reporters. You may need to call MetricRegistries.global().addReportRegistration(...) before.
2019-11-15 13:01:05,219 [pool-47-thread-1] WARN  impl.MetricRegistriesImpl (MetricRegistriesImpl.java:lambda$create$1(61)) - First MetricRegistry has been created without registering reporters. You may need to call MetricRegistries.global().addReportRegistration(...) before.
2019-11-15 13:01:05,219 [pool-37-thread-1] WARN  impl.MetricRegistriesImpl (MetricRegistriesImpl.java:lambda$create$1(61)) - First MetricRegistry has been created without registering reporters. You may need to call MetricRegistries.global().addReportRegistration(...) before.
2019-11-15 13:01:05,221 [pool-37-thread-1] INFO  impl.RaftServerImpl (RaftServerImpl.java:start(184)) - 5e6aa5c8-399e-4f2b-83ad-8941ce6c4360@group-4E6C3DC640AE: start as a follower, conf=-1: [5e6aa5c8-399e-4f2b-83ad-8941ce6c4360:192.168.34.39:32875], old=null
2019-11-15 13:01:05,221 [pool-27-thread-1] INFO  impl.RaftServerImpl (RaftServerImpl.java:start(184)) - c6072ae3-b340-4636-a946-94afbda72020@group-584BFAE4DE0C: start as a follower, conf=-1: [c6072ae3-b340-4636-a946-94afbda72020:192.168.34.39:44276], old=null
2019-11-15 13:01:05,221 [pool-47-thread-1] INFO  impl.RaftServerImpl (RaftServerImpl.java:start(184)) - 00157216-6769-49fc-be8b-b159d5324bfb@group-90DE5CA3EF25: start as a follower, conf=-1: [00157216-6769-49fc-be8b-b159d5324bfb:192.168.34.39:41357], old=null
2019-11-15 13:01:05,222 [pool-37-thread-1] INFO  impl.RaftServerImpl (RaftServerImpl.java:setRole(173)) - 5e6aa5c8-399e-4f2b-83ad-8941ce6c4360@group-4E6C3DC640AE: changes role from      null to FOLLOWER at term 0 for startAsFollower
2019-11-15 13:01:05,222 [pool-47-thread-1] INFO  impl.RaftServerImpl (RaftServerImpl.java:setRole(173)) - 00157216-6769-49fc-be8b-b159d5324bfb@group-90DE5CA3EF25: changes role from      null to FOLLOWER at term 0 for startAsFollower
2019-11-15 13:01:05,222 [pool-27-thread-1] INFO  impl.RaftServerImpl (RaftServerImpl.java:setRole(173)) - c6072ae3-b340-4636-a946-94afbda72020@group-584BFAE4DE0C: changes role from      null to FOLLOWER at term 0 for startAsFollower
2019-11-15 13:01:05,223 [pool-37-thread-1] INFO  impl.RoleInfo (RoleInfo.java:updateAndGet(143)) - 5e6aa5c8-399e-4f2b-83ad-8941ce6c4360: start FollowerState
2019-11-15 13:01:05,223 [pool-27-thread-1] INFO  impl.RoleInfo (RoleInfo.java:updateAndGet(143)) - c6072ae3-b340-4636-a946-94afbda72020: start FollowerState
2019-11-15 13:01:05,223 [pool-47-thread-1] INFO  impl.RoleInfo (RoleInfo.java:updateAndGet(143)) - 00157216-6769-49fc-be8b-b159d5324bfb: start FollowerState
2019-11-15 13:01:05,228 [pool-37-thread-1] INFO  util.JmxRegister (JmxRegister.java:tryRegister(44)) - Successfully registered JMX Bean with object name Ratis:service=RaftServer,group=group-4E6C3DC640AE,id=5e6aa5c8-399e-4f2b-83ad-8941ce6c4360
2019-11-15 13:01:05,228 [pool-47-thread-1] INFO  util.JmxRegister (JmxRegister.java:tryRegister(44)) - Successfully registered JMX Bean with object name Ratis:service=RaftServer,group=group-90DE5CA3EF25,id=00157216-6769-49fc-be8b-b159d5324bfb
2019-11-15 13:01:05,228 [pool-27-thread-1] INFO  util.JmxRegister (JmxRegister.java:tryRegister(44)) - Successfully registered JMX Bean with object name Ratis:service=RaftServer,group=group-584BFAE4DE0C,id=c6072ae3-b340-4636-a946-94afbda72020
2019-11-15 13:01:05,230 [pool-47-thread-1] WARN  impl.MetricRegistriesImpl (MetricRegistriesImpl.java:lambda$create$1(61)) - First MetricRegistry has been created without registering reporters. You may need to call MetricRegistries.global().addReportRegistration(...) before.
2019-11-15 13:01:05,230 [pool-27-thread-1] WARN  impl.MetricRegistriesImpl (MetricRegistriesImpl.java:lambda$create$1(61)) - First MetricRegistry has been created without registering reporters. You may need to call MetricRegistries.global().addReportRegistration(...) before.
2019-11-15 13:01:05,230 [pool-37-thread-1] WARN  impl.MetricRegistriesImpl (MetricRegistriesImpl.java:lambda$create$1(61)) - First MetricRegistry has been created without registering reporters. You may need to call MetricRegistries.global().addReportRegistration(...) before.
2019-11-15 13:01:05,242 [Command processor thread] INFO  commandhandler.CreatePipelineCommandHandler (CreatePipelineCommandHandler.java:handle(86)) - Create Pipeline RATIS ONE #id: "66c9c8c9-5ffd-40bb-9f0a-584bfae4de0c"
 command succeed on datanode c6072ae3-b340-4636-a946-94afbda72020.
2019-11-15 13:01:05,242 [Command processor thread] INFO  commandhandler.CreatePipelineCommandHandler (CreatePipelineCommandHandler.java:handle(86)) - Create Pipeline RATIS ONE #id: "f9287feb-8372-4c7a-a4d2-4e6c3dc640ae"
 command succeed on datanode 5e6aa5c8-399e-4f2b-83ad-8941ce6c4360.
2019-11-15 13:01:05,242 [Command processor thread] INFO  commandhandler.CreatePipelineCommandHandler (CreatePipelineCommandHandler.java:handle(86)) - Create Pipeline RATIS ONE #id: "33305e47-2eb6-4564-b32b-90de5ca3ef25"
 command succeed on datanode 00157216-6769-49fc-be8b-b159d5324bfb.
2019-11-15 13:01:05,248 [Command processor thread] INFO  impl.RaftServerProxy (RaftServerProxy.java:addNew(89)) - c6072ae3-b340-4636-a946-94afbda72020: addNew group-EEFDD4169F4F:[00157216-6769-49fc-be8b-b159d5324bfb:192.168.34.39:41357, 5e6aa5c8-399e-4f2b-83ad-8941ce6c4360:192.168.34.39:32875, c6072ae3-b340-4636-a946-94afbda72020:192.168.34.39:44276] returns group-EEFDD4169F4F:java.util.concurrent.CompletableFuture@56d0d69a[Not completed]
2019-11-15 13:01:05,248 [Command processor thread] INFO  impl.RaftServerProxy (RaftServerProxy.java:addNew(89)) - 00157216-6769-49fc-be8b-b159d5324bfb: addNew group-EEFDD4169F4F:[00157216-6769-49fc-be8b-b159d5324bfb:192.168.34.39:41357, 5e6aa5c8-399e-4f2b-83ad-8941ce6c4360:192.168.34.39:32875, c6072ae3-b340-4636-a946-94afbda72020:192.168.34.39:44276] returns group-EEFDD4169F4F:java.util.concurrent.CompletableFuture@3ba4d814[Not completed]
2019-11-15 13:01:05,248 [Command processor thread] INFO  impl.RaftServerProxy (RaftServerProxy.java:addNew(89)) - 5e6aa5c8-399e-4f2b-83ad-8941ce6c4360: addNew group-EEFDD4169F4F:[00157216-6769-49fc-be8b-b159d5324bfb:192.168.34.39:41357, 5e6aa5c8-399e-4f2b-83ad-8941ce6c4360:192.168.34.39:32875, c6072ae3-b340-4636-a946-94afbda72020:192.168.34.39:44276] returns group-EEFDD4169F4F:java.util.concurrent.CompletableFuture@40f18933[Not completed]
2019-11-15 13:01:05,252 [pool-37-thread-1] INFO  impl.RaftServerImpl (RaftServerImpl.java:<init>(98)) - 5e6aa5c8-399e-4f2b-83ad-8941ce6c4360: new RaftServerImpl for group-EEFDD4169F4F:[00157216-6769-49fc-be8b-b159d5324bfb:192.168.34.39:41357, 5e6aa5c8-399e-4f2b-83ad-8941ce6c4360:192.168.34.39:32875, c6072ae3-b340-4636-a946-94afbda72020:192.168.34.39:44276] with ContainerStateMachine:uninitialized
2019-11-15 13:01:05,252 [pool-37-thread-1] INFO  server.RaftServerConfigKeys (ConfUtils.java:logGet(43)) - raft.server.rpc.timeout.min = 5s (custom)
2019-11-15 13:01:05,252 [pool-37-thread-1] INFO  server.RaftServerConfigKeys (ConfUtils.java:logGet(43)) - raft.server.rpc.timeout.max = 5200ms (custom)
2019-11-15 13:01:05,252 [pool-37-thread-1] INFO  server.RaftServerConfigKeys (ConfUtils.java:logGet(43)) - raft.server.rpcslowness.timeout = 120s (custom)
2019-11-15 13:01:05,252 [pool-47-thread-1] INFO  impl.RaftServerImpl (RaftServerImpl.java:<init>(98)) - 00157216-6769-49fc-be8b-b159d5324bfb: new RaftServerImpl for group-EEFDD4169F4F:[00157216-6769-49fc-be8b-b159d5324bfb:192.168.34.39:41357, 5e6aa5c8-399e-4f2b-83ad-8941ce6c4360:192.168.34.39:32875, c6072ae3-b340-4636-a946-94afbda72020:192.168.34.39:44276] with ContainerStateMachine:uninitialized
2019-11-15 13:01:05,252 [pool-37-thread-1] INFO  server.RaftServerConfigKeys (ConfUtils.java:logGet(43)) - raft.server.sleep.deviation.threshold = 300 (default)
2019-11-15 13:01:05,253 [pool-47-thread-1] INFO  server.RaftServerConfigKeys (ConfUtils.java:logGet(43)) - raft.server.rpc.timeout.min = 5s (custom)
2019-11-15 13:01:05,253 [pool-37-thread-1] INFO  server.RaftServerConfigKeys (ConfUtils.java:logGet(43)) - raft.server.log.appender.install.snapshot.enabled = false (custom)
2019-11-15 13:01:05,253 [pool-47-thread-1] INFO  server.RaftServerConfigKeys (ConfUtils.java:logGet(43)) - raft.server.rpc.timeout.max = 5200ms (custom)
2019-11-15 13:01:05,253 [pool-37-thread-1] INFO  impl.RaftServerImpl (ServerState.java:<init>(103)) - 5e6aa5c8-399e-4f2b-83ad-8941ce6c4360@group-EEFDD4169F4F: ConfigurationManager, init=-1: [00157216-6769-49fc-be8b-b159d5324bfb:192.168.34.39:41357, 5e6aa5c8-399e-4f2b-83ad-8941ce6c4360:192.168.34.39:32875, c6072ae3-b340-4636-a946-94afbda72020:192.168.34.39:44276], old=null, confs=<EMPTY_MAP>
2019-11-15 13:01:05,253 [pool-47-thread-1] INFO  server.RaftServerConfigKeys (ConfUtils.java:logGet(43)) - raft.server.rpcslowness.timeout = 120s (custom)
2019-11-15 13:01:05,253 [pool-27-thread-1] INFO  impl.RaftServerImpl (RaftServerImpl.java:<init>(98)) - c6072ae3-b340-4636-a946-94afbda72020: new RaftServerImpl for group-EEFDD4169F4F:[00157216-6769-49fc-be8b-b159d5324bfb:192.168.34.39:41357, 5e6aa5c8-399e-4f2b-83ad-8941ce6c4360:192.168.34.39:32875, c6072ae3-b340-4636-a946-94afbda72020:192.168.34.39:44276] with ContainerStateMachine:uninitialized
2019-11-15 13:01:05,253 [pool-47-thread-1] INFO  server.RaftServerConfigKeys (ConfUtils.java:logGet(43)) - raft.server.sleep.deviation.threshold = 300 (default)
2019-11-15 13:01:05,253 [pool-27-thread-1] INFO  server.RaftServerConfigKeys (ConfUtils.java:logGet(43)) - raft.server.rpc.timeout.min = 5s (custom)
2019-11-15 13:01:05,253 [pool-37-thread-1] INFO  server.RaftServerConfigKeys (ConfUtils.java:logGet(43)) - raft.server.storage.dir = [/workdir/hadoop-ozone/tools/target/test-dir/MiniOzoneClusterImpl-3b87cbe9-70a4-48a6-8899-89aa69903b86/datanode-1/data/ratis] (custom)
2019-11-15 13:01:05,253 [pool-27-thread-1] INFO  server.RaftServerConfigKeys (ConfUtils.java:logGet(43)) - raft.server.rpc.timeout.max = 5200ms (custom)
2019-11-15 13:01:05,253 [pool-47-thread-1] INFO  server.RaftServerConfigKeys (ConfUtils.java:logGet(43)) - raft.server.log.appender.install.snapshot.enabled = false (custom)
2019-11-15 13:01:05,254 [pool-27-thread-1] INFO  server.RaftServerConfigKeys (ConfUtils.java:logGet(43)) - raft.server.rpcslowness.timeout = 120s (custom)
2019-11-15 13:01:05,254 [pool-47-thread-1] INFO  impl.RaftServerImpl (ServerState.java:<init>(103)) - 00157216-6769-49fc-be8b-b159d5324bfb@group-EEFDD4169F4F: ConfigurationManager, init=-1: [00157216-6769-49fc-be8b-b159d5324bfb:192.168.34.39:41357, 5e6aa5c8-399e-4f2b-83ad-8941ce6c4360:192.168.34.39:32875, c6072ae3-b340-4636-a946-94afbda72020:192.168.34.39:44276], old=null, confs=<EMPTY_MAP>
2019-11-15 13:01:05,254 [pool-27-thread-1] INFO  server.RaftServerConfigKeys (ConfUtils.java:logGet(43)) - raft.server.sleep.deviation.threshold = 300 (default)
2019-11-15 13:01:05,254 [pool-37-thread-1] INFO  server.RaftServerConfigKeys (ConfUtils.java:logGet(43)) - raft.server.log.corruption.policy = EXCEPTION (default)
2019-11-15 13:01:05,254 [pool-27-thread-1] INFO  server.RaftServerConfigKeys (ConfUtils.java:logGet(43)) - raft.server.log.appender.install.snapshot.enabled = false (custom)
2019-11-15 13:01:05,254 [pool-47-thread-1] INFO  server.RaftServerConfigKeys (ConfUtils.java:logGet(43)) - raft.server.storage.dir = [/workdir/hadoop-ozone/tools/target/test-dir/MiniOzoneClusterImpl-3b87cbe9-70a4-48a6-8899-89aa69903b86/datanode-2/data/ratis] (custom)
2019-11-15 13:01:05,254 [pool-27-thread-1] INFO  impl.RaftServerImpl (ServerState.java:<init>(103)) - c6072ae3-b340-4636-a946-94afbda72020@group-EEFDD4169F4F: ConfigurationManager, init=-1: [00157216-6769-49fc-be8b-b159d5324bfb:192.168.34.39:41357, 5e6aa5c8-399e-4f2b-83ad-8941ce6c4360:192.168.34.39:32875, c6072ae3-b340-4636-a946-94afbda72020:192.168.34.39:44276], old=null, confs=<EMPTY_MAP>
2019-11-15 13:01:05,254 [pool-37-thread-1] INFO  storage.RaftStorageDirectory (RaftStorageDirectory.java:analyzeStorage(246)) - The storage directory /workdir/hadoop-ozone/tools/target/test-dir/MiniOzoneClusterImpl-3b87cbe9-70a4-48a6-8899-89aa69903b86/datanode-1/data/ratis/0d83807d-7922-4e47-ac96-eefdd4169f4f does not exist. Creating ...
2019-11-15 13:01:05,254 [pool-27-thread-1] INFO  server.RaftServerConfigKeys (ConfUtils.java:logGet(43)) - raft.server.storage.dir = [/workdir/hadoop-ozone/tools/target/test-dir/MiniOzoneClusterImpl-3b87cbe9-70a4-48a6-8899-89aa69903b86/datanode-0/data/ratis] (custom)
2019-11-15 13:01:05,254 [pool-47-thread-1] INFO  server.RaftServerConfigKeys (ConfUtils.java:logGet(43)) - raft.server.log.corruption.policy = EXCEPTION (default)
2019-11-15 13:01:05,255 [pool-27-thread-1] INFO  server.RaftServerConfigKeys (ConfUtils.java:logGet(43)) - raft.server.log.corruption.policy = EXCEPTION (default)
2019-11-15 13:01:05,255 [pool-47-thread-1] INFO  storage.RaftStorageDirectory (RaftStorageDirectory.java:analyzeStorage(246)) - The storage directory /workdir/hadoop-ozone/tools/target/test-dir/MiniOzoneClusterImpl-3b87cbe9-70a4-48a6-8899-89aa69903b86/datanode-2/data/ratis/0d83807d-7922-4e47-ac96-eefdd4169f4f does not exist. Creating ...
2019-11-15 13:01:05,255 [pool-27-thread-1] INFO  storage.RaftStorageDirectory (RaftStorageDirectory.java:analyzeStorage(246)) - The storage directory /workdir/hadoop-ozone/tools/target/test-dir/MiniOzoneClusterImpl-3b87cbe9-70a4-48a6-8899-89aa69903b86/datanode-0/data/ratis/0d83807d-7922-4e47-ac96-eefdd4169f4f does not exist. Creating ...
2019-11-15 13:01:05,260 [EventQueue-PipelineReportForPipelineReportHandler] INFO  pipeline.PipelineReportHandler (PipelineReportHandler.java:processPipelineReport(113)) - Pipeline ONE PipelineID=f9287feb-8372-4c7a-a4d2-4e6c3dc640ae reported by 5e6aa5c8-399e-4f2b-83ad-8941ce6c4360{ip: 192.168.34.39, host: pr-hdds-2503-7zl9w-2300970352, networkLocation: /default-rack, certSerialId: null}
2019-11-15 13:01:05,261 [EventQueue-PipelineReportForPipelineReportHandler] INFO  pipeline.PipelineStateManager (PipelineStateManager.java:openPipeline(132)) - Pipeline Pipeline[ Id: f9287feb-8372-4c7a-a4d2-4e6c3dc640ae, Nodes: 5e6aa5c8-399e-4f2b-83ad-8941ce6c4360{ip: 192.168.34.39, host: pr-hdds-2503-7zl9w-2300970352, networkLocation: /default-rack, certSerialId: null}, Type:RATIS, Factor:ONE, State:ALLOCATED] moved to OPEN state
2019-11-15 13:01:05,263 [EventQueue-OpenPipelineForOneReplicaPipelineSafeModeRule] INFO  safemode.SCMSafeModeManager (SCMSafeModeManager.java:validateSafeModeExitRules(176)) - AtleastOneDatanodeReportedRule rule is successfully validated
2019-11-15 13:01:05,263 [EventQueue-OpenPipelineForHealthyPipelineSafeModeRule] INFO  safemode.SCMSafeModeManager (HealthyPipelineSafeModeRule.java:process(132)) - SCM in safe mode. Healthy pipelines reported count is 0, required healthy pipeline reported count is 1
2019-11-15 13:01:05,263 [EventQueue-PipelineReportForPipelineReportHandler] INFO  pipeline.PipelineReportHandler (PipelineReportHandler.java:processPipelineReport(113)) - Pipeline ONE PipelineID=33305e47-2eb6-4564-b32b-90de5ca3ef25 reported by 00157216-6769-49fc-be8b-b159d5324bfb{ip: 192.168.34.39, host: pr-hdds-2503-7zl9w-2300970352, networkLocation: /default-rack, certSerialId: null}
2019-11-15 13:01:05,263 [EventQueue-PipelineReportForPipelineReportHandler] INFO  pipeline.PipelineStateManager (PipelineStateManager.java:openPipeline(132)) - Pipeline Pipeline[ Id: 33305e47-2eb6-4564-b32b-90de5ca3ef25, Nodes: 00157216-6769-49fc-be8b-b159d5324bfb{ip: 192.168.34.39, host: pr-hdds-2503-7zl9w-2300970352, networkLocation: /default-rack, certSerialId: null}, Type:RATIS, Factor:ONE, State:ALLOCATED] moved to OPEN state
2019-11-15 13:01:05,264 [EventQueue-OpenPipelineForOneReplicaPipelineSafeModeRule] INFO  safemode.SCMSafeModeManager (SCMSafeModeManager.java:validateSafeModeExitRules(176)) - AtleastOneDatanodeReportedRule rule is successfully validated
2019-11-15 13:01:05,264 [EventQueue-OpenPipelineForHealthyPipelineSafeModeRule] INFO  safemode.SCMSafeModeManager (HealthyPipelineSafeModeRule.java:process(132)) - SCM in safe mode. Healthy pipelines reported count is 0, required healthy pipeline reported count is 1
2019-11-15 13:01:05,264 [EventQueue-PipelineReportForPipelineReportHandler] INFO  pipeline.PipelineReportHandler (PipelineReportHandler.java:processPipelineReport(113)) - Pipeline ONE PipelineID=66c9c8c9-5ffd-40bb-9f0a-584bfae4de0c reported by c6072ae3-b340-4636-a946-94afbda72020{ip: 192.168.34.39, host: pr-hdds-2503-7zl9w-2300970352, networkLocation: /default-rack, certSerialId: null}
2019-11-15 13:01:05,264 [EventQueue-PipelineReportForPipelineReportHandler] INFO  pipeline.PipelineStateManager (PipelineStateManager.java:openPipeline(132)) - Pipeline Pipeline[ Id: 66c9c8c9-5ffd-40bb-9f0a-584bfae4de0c, Nodes: c6072ae3-b340-4636-a946-94afbda72020{ip: 192.168.34.39, host: pr-hdds-2503-7zl9w-2300970352, networkLocation: /default-rack, certSerialId: null}, Type:RATIS, Factor:ONE, State:ALLOCATED] moved to OPEN state
2019-11-15 13:01:05,264 [EventQueue-OpenPipelineForHealthyPipelineSafeModeRule] INFO  safemode.SCMSafeModeManager (HealthyPipelineSafeModeRule.java:process(132)) - SCM in safe mode. Healthy pipelines reported count is 0, required healthy pipeline reported count is 1
2019-11-15 13:01:05,264 [EventQueue-OpenPipelineForOneReplicaPipelineSafeModeRule] INFO  safemode.SCMSafeModeManager (SCMSafeModeManager.java:validateSafeModeExitRules(176)) - AtleastOneDatanodeReportedRule rule is successfully validated
2019-11-15 13:01:05,280 [pool-37-thread-1] INFO  storage.RaftStorageDirectory (RaftStorageDirectory.java:tryLock(328)) - Lock on /workdir/hadoop-ozone/tools/target/test-dir/MiniOzoneClusterImpl-3b87cbe9-70a4-48a6-8899-89aa69903b86/datanode-1/data/ratis/0d83807d-7922-4e47-ac96-eefdd4169f4f/in_use.lock acquired by nodename 19287@pr-hdds-2503-7zl9w-2300970352
2019-11-15 13:01:05,280 [pool-27-thread-1] INFO  storage.RaftStorageDirectory (RaftStorageDirectory.java:tryLock(328)) - Lock on /workdir/hadoop-ozone/tools/target/test-dir/MiniOzoneClusterImpl-3b87cbe9-70a4-48a6-8899-89aa69903b86/datanode-0/data/ratis/0d83807d-7922-4e47-ac96-eefdd4169f4f/in_use.lock acquired by nodename 19287@pr-hdds-2503-7zl9w-2300970352
2019-11-15 13:01:05,280 [pool-47-thread-1] INFO  storage.RaftStorageDirectory (RaftStorageDirectory.java:tryLock(328)) - Lock on /workdir/hadoop-ozone/tools/target/test-dir/MiniOzoneClusterImpl-3b87cbe9-70a4-48a6-8899-89aa69903b86/datanode-2/data/ratis/0d83807d-7922-4e47-ac96-eefdd4169f4f/in_use.lock acquired by nodename 19287@pr-hdds-2503-7zl9w-2300970352
2019-11-15 13:01:05,294 [pool-27-thread-1] INFO  storage.RaftStorage (RaftStorage.java:format(84)) - Storage directory /workdir/hadoop-ozone/tools/target/test-dir/MiniOzoneClusterImpl-3b87cbe9-70a4-48a6-8899-89aa69903b86/datanode-0/data/ratis/0d83807d-7922-4e47-ac96-eefdd4169f4f has been successfully formatted.
2019-11-15 13:01:05,294 [pool-47-thread-1] INFO  storage.RaftStorage (RaftStorage.java:format(84)) - Storage directory /workdir/hadoop-ozone/tools/target/test-dir/MiniOzoneClusterImpl-3b87cbe9-70a4-48a6-8899-89aa69903b86/datanode-2/data/ratis/0d83807d-7922-4e47-ac96-eefdd4169f4f has been successfully formatted.
2019-11-15 13:01:05,294 [pool-37-thread-1] INFO  storage.RaftStorage (RaftStorage.java:format(84)) - Storage directory /workdir/hadoop-ozone/tools/target/test-dir/MiniOzoneClusterImpl-3b87cbe9-70a4-48a6-8899-89aa69903b86/datanode-1/data/ratis/0d83807d-7922-4e47-ac96-eefdd4169f4f has been successfully formatted.
2019-11-15 13:01:05,294 [pool-27-thread-1] INFO  ratis.ContainerStateMachine (ContainerStateMachine.java:loadSnapshot(223)) - group-EEFDD4169F4F: The snapshot info is null. Setting the last applied indexto:(t:0, i:~)
2019-11-15 13:01:05,294 [pool-47-thread-1] INFO  ratis.ContainerStateMachine (ContainerStateMachine.java:loadSnapshot(223)) - group-EEFDD4169F4F: The snapshot info is null. Setting the last applied indexto:(t:0, i:~)
2019-11-15 13:01:05,294 [pool-27-thread-1] INFO  server.RaftServerConfigKeys (ConfUtils.java:logGet(43)) - raft.server.notification.no-leader.timeout = 120s (custom)
2019-11-15 13:01:05,294 [pool-37-thread-1] INFO  ratis.ContainerStateMachine (ContainerStateMachine.java:loadSnapshot(223)) - group-EEFDD4169F4F: The snapshot info is null. Setting the last applied indexto:(t:0, i:~)
2019-11-15 13:01:05,294 [pool-27-thread-1] INFO  server.RaftServerConfigKeys (ConfUtils.java:logGet(43)) - raft.server.log.use.memory = false (default)
2019-11-15 13:01:05,294 [pool-47-thread-1] INFO  server.RaftServerConfigKeys (ConfUtils.java:logGet(43)) - raft.server.notification.no-leader.timeout = 120s (custom)
2019-11-15 13:01:05,295 [pool-27-thread-1] INFO  server.RaftServerConfigKeys (ConfUtils.java:logGet(43)) - raft.server.log.purge.gap = 1000000 (custom)
2019-11-15 13:01:05,295 [pool-37-thread-1] INFO  server.RaftServerConfigKeys (ConfUtils.java:logGet(43)) - raft.server.notification.no-leader.timeout = 120s (custom)
2019-11-15 13:01:05,295 [pool-27-thread-1] INFO  server.RaftServerConfigKeys (ConfUtils.java:logGet(43)) - raft.server.log.appender.buffer.byte-limit = 33554432 (custom)
2019-11-15 13:01:05,295 [pool-47-thread-1] INFO  server.RaftServerConfigKeys (ConfUtils.java:logGet(43)) - raft.server.log.use.memory = false (default)
2019-11-15 13:01:05,295 [pool-27-thread-1] INFO  server.RaftServerConfigKeys (ConfUtils.java:logGet(43)) - raft.server.log.segment.size.max = 1048576 (custom)
2019-11-15 13:01:05,295 [pool-37-thread-1] INFO  server.RaftServerConfigKeys (ConfUtils.java:logGet(43)) - raft.server.log.use.memory = false (default)
2019-11-15 13:01:05,296 [pool-27-thread-1] INFO  server.RaftServerConfigKeys (ConfUtils.java:logGet(43)) - raft.server.log.segment.cache.num.max = 2 (custom)
2019-11-15 13:01:05,296 [pool-37-thread-1] INFO  server.RaftServerConfigKeys (ConfUtils.java:logGet(43)) - raft.server.log.purge.gap = 1000000 (custom)
2019-11-15 13:01:05,295 [pool-47-thread-1] INFO  server.RaftServerConfigKeys (ConfUtils.java:logGet(43)) - raft.server.log.purge.gap = 1000000 (custom)
2019-11-15 13:01:05,296 [pool-37-thread-1] INFO  server.RaftServerConfigKeys (ConfUtils.java:logGet(43)) - raft.server.log.appender.buffer.byte-limit = 33554432 (custom)
2019-11-15 13:01:05,296 [pool-27-thread-1] INFO  segmented.SegmentedRaftLogWorker (SegmentedRaftLogWorker.java:<init>(173)) - new c6072ae3-b340-4636-a946-94afbda72020@group-EEFDD4169F4F-SegmentedRaftLogWorker for RaftStorage:Storage Directory /workdir/hadoop-ozone/tools/target/test-dir/MiniOzoneClusterImpl-3b87cbe9-70a4-48a6-8899-89aa69903b86/datanode-0/data/ratis/0d83807d-7922-4e47-ac96-eefdd4169f4f
2019-11-15 13:01:05,296 [pool-37-thread-1] INFO  server.RaftServerConfigKeys (ConfUtils.java:logGet(43)) - raft.server.log.segment.size.max = 1048576 (custom)
2019-11-15 13:01:05,296 [pool-47-thread-1] INFO  server.RaftServerConfigKeys (ConfUtils.java:logGet(43)) - raft.server.log.appender.buffer.byte-limit = 33554432 (custom)
2019-11-15 13:01:05,296 [pool-37-thread-1] INFO  server.RaftServerConfigKeys (ConfUtils.java:logGet(43)) - raft.server.log.segment.cache.num.max = 2 (custom)
2019-11-15 13:01:05,296 [pool-27-thread-1] INFO  server.RaftServerConfigKeys (ConfUtils.java:logGet(43)) - raft.server.log.queue.byte-limit = 2147483647 (custom)
2019-11-15 13:01:05,297 [pool-37-thread-1] INFO  segmented.SegmentedRaftLogWorker (SegmentedRaftLogWorker.java:<init>(173)) - new 5e6aa5c8-399e-4f2b-83ad-8941ce6c4360@group-EEFDD4169F4F-SegmentedRaftLogWorker for RaftStorage:Storage Directory /workdir/hadoop-ozone/tools/target/test-dir/MiniOzoneClusterImpl-3b87cbe9-70a4-48a6-8899-89aa69903b86/datanode-1/data/ratis/0d83807d-7922-4e47-ac96-eefdd4169f4f
2019-11-15 13:01:05,297 [pool-47-thread-1] INFO  server.RaftServerConfigKeys (ConfUtils.java:logGet(43)) - raft.server.log.segment.size.max = 1048576 (custom)
2019-11-15 13:01:05,297 [pool-37-thread-1] INFO  server.RaftServerConfigKeys (ConfUtils.java:logGet(43)) - raft.server.log.queue.byte-limit = 2147483647 (custom)
2019-11-15 13:01:05,297 [pool-27-thread-1] INFO  server.RaftServerConfigKeys (ConfUtils.java:logGet(43)) - raft.server.log.queue.element-limit = 1024 (custom)
2019-11-15 13:01:05,297 [pool-37-thread-1] INFO  server.RaftServerConfigKeys (ConfUtils.java:logGet(43)) - raft.server.log.queue.element-limit = 1024 (custom)
2019-11-15 13:01:05,297 [pool-47-thread-1] INFO  server.RaftServerConfigKeys (ConfUtils.java:logGet(43)) - raft.server.log.segment.cache.num.max = 2 (custom)
2019-11-15 13:01:05,297 [pool-37-thread-1] INFO  server.RaftServerConfigKeys (ConfUtils.java:logGet(43)) - raft.server.log.segment.size.max = 1048576 (custom)
2019-11-15 13:01:05,297 [pool-27-thread-1] INFO  server.RaftServerConfigKeys (ConfUtils.java:logGet(43)) - raft.server.log.segment.size.max = 1048576 (custom)
2019-11-15 13:01:05,298 [pool-27-thread-1] INFO  server.RaftServerConfigKeys (ConfUtils.java:logGet(43)) - raft.server.log.preallocated.size = 16384 (custom)
2019-11-15 13:01:05,298 [pool-37-thread-1] INFO  server.RaftServerConfigKeys (ConfUtils.java:logGet(43)) - raft.server.log.preallocated.size = 16384 (custom)
2019-11-15 13:01:05,298 [pool-47-thread-1] INFO  segmented.SegmentedRaftLogWorker (SegmentedRaftLogWorker.java:<init>(173)) - new 00157216-6769-49fc-be8b-b159d5324bfb@group-EEFDD4169F4F-SegmentedRaftLogWorker for RaftStorage:Storage Directory /workdir/hadoop-ozone/tools/target/test-dir/MiniOzoneClusterImpl-3b87cbe9-70a4-48a6-8899-89aa69903b86/datanode-2/data/ratis/0d83807d-7922-4e47-ac96-eefdd4169f4f
2019-11-15 13:01:05,298 [pool-37-thread-1] INFO  server.RaftServerConfigKeys (ConfUtils.java:logGet(43)) - raft.server.log.write.buffer.size = 33554432 (custom)
2019-11-15 13:01:05,298 [pool-27-thread-1] INFO  server.RaftServerConfigKeys (ConfUtils.java:logGet(43)) - raft.server.log.write.buffer.size = 33554432 (custom)
2019-11-15 13:01:05,298 [pool-37-thread-1] INFO  server.RaftServerConfigKeys (ConfUtils.java:logGet(43)) - raft.server.log.force.sync.num = 128 (default)
2019-11-15 13:01:05,298 [pool-47-thread-1] INFO  server.RaftServerConfigKeys (ConfUtils.java:logGet(43)) - raft.server.log.queue.byte-limit = 2147483647 (custom)
2019-11-15 13:01:05,299 [pool-37-thread-1] INFO  server.RaftServerConfigKeys (ConfUtils.java:logGet(43)) - raft.server.log.statemachine.data.sync = true (default)
2019-11-15 13:01:05,299 [pool-27-thread-1] INFO  server.RaftServerConfigKeys (ConfUtils.java:logGet(43)) - raft.server.log.force.sync.num = 128 (default)
2019-11-15 13:01:05,299 [pool-37-thread-1] INFO  server.RaftServerConfigKeys (ConfUtils.java:logGet(43)) - raft.server.log.statemachine.data.sync.timeout = 10s (default)
2019-11-15 13:01:05,299 [pool-47-thread-1] INFO  server.RaftServerConfigKeys (ConfUtils.java:logGet(43)) - raft.server.log.queue.element-limit = 1024 (custom)
2019-11-15 13:01:05,299 [pool-37-thread-1] INFO  server.RaftServerConfigKeys (ConfUtils.java:logGet(43)) - raft.server.log.statemachine.data.sync.timeout.retry = -1 (default)
2019-11-15 13:01:05,299 [pool-27-thread-1] INFO  server.RaftServerConfigKeys (ConfUtils.java:logGet(43)) - raft.server.log.statemachine.data.sync = true (default)
2019-11-15 13:01:05,299 [pool-37-thread-1] INFO  server.RaftServerConfigKeys (ConfUtils.java:logGet(43)) - raft.server.log.statemachine.data.caching.enabled = true (custom)
2019-11-15 13:01:05,299 [pool-47-thread-1] INFO  server.RaftServerConfigKeys (ConfUtils.java:logGet(43)) - raft.server.log.segment.size.max = 1048576 (custom)
2019-11-15 13:01:05,300 [pool-27-thread-1] INFO  server.RaftServerConfigKeys (ConfUtils.java:logGet(43)) - raft.server.log.statemachine.data.sync.timeout = 10s (default)
2019-11-15 13:01:05,300 [pool-37-thread-1] INFO  segmented.SegmentedRaftLogWorker (SegmentedRaftLogWorker.java:lambda$new$0(128)) - 5e6aa5c8-399e-4f2b-83ad-8941ce6c4360@group-EEFDD4169F4F-SegmentedRaftLogWorker: flushIndex: setUnconditionally 0 -> -1
2019-11-15 13:01:05,300 [pool-47-thread-1] INFO  server.RaftServerConfigKeys (ConfUtils.java:logGet(43)) - raft.server.log.preallocated.size = 16384 (custom)
2019-11-15 13:01:05,300 [pool-27-thread-1] INFO  server.RaftServerConfigKeys (ConfUtils.java:logGet(43)) - raft.server.log.statemachine.data.sync.timeout.retry = -1 (default)
2019-11-15 13:01:05,300 [pool-37-thread-1] INFO  server.RaftServerConfigKeys (ConfUtils.java:logGet(43)) - raft.server.snapshot.auto.trigger.enabled = true (custom)
2019-11-15 13:01:05,300 [pool-47-thread-1] INFO  server.RaftServerConfigKeys (ConfUtils.java:logGet(43)) - raft.server.log.write.buffer.size = 33554432 (custom)
2019-11-15 13:01:05,300 [pool-37-thread-1] INFO  server.RaftServerConfigKeys (ConfUtils.java:logGet(43)) - raft.server.snapshot.auto.trigger.threshold = 10000 (custom)
2019-11-15 13:01:05,300 [pool-27-thread-1] INFO  server.RaftServerConfigKeys (ConfUtils.java:logGet(43)) - raft.server.log.statemachine.data.caching.enabled = true (custom)
2019-11-15 13:01:05,301 [pool-37-thread-1] INFO  server.RaftServerConfigKeys (ConfUtils.java:logGet(43)) - raft.server.snapshot.retention.file.num = 5 (custom)
2019-11-15 13:01:05,301 [pool-47-thread-1] INFO  server.RaftServerConfigKeys (ConfUtils.java:logGet(43)) - raft.server.log.force.sync.num = 128 (default)
2019-11-15 13:01:05,301 [pool-27-thread-1] INFO  segmented.SegmentedRaftLogWorker (SegmentedRaftLogWorker.java:lambda$new$0(128)) - c6072ae3-b340-4636-a946-94afbda72020@group-EEFDD4169F4F-SegmentedRaftLogWorker: flushIndex: setUnconditionally 0 -> -1
2019-11-15 13:01:05,301 [pool-37-thread-1] INFO  server.RaftServerConfigKeys (ConfUtils.java:logGet(43)) - raft.server.retrycache.expirytime = 600000ms (custom)
2019-11-15 13:01:05,301 [pool-47-thread-1] INFO  server.RaftServerConfigKeys (ConfUtils.java:logGet(43)) - raft.server.log.statemachine.data.sync = true (default)
2019-11-15 13:01:05,301 [pool-37-thread-1] WARN  impl.MetricRegistriesImpl (MetricRegistriesImpl.java:lambda$create$1(61)) - First MetricRegistry has been created without registering reporters. You may need to call MetricRegistries.global().addReportRegistration(...) before.
2019-11-15 13:01:05,301 [pool-47-thread-1] INFO  server.RaftServerConfigKeys (ConfUtils.java:logGet(43)) - raft.server.log.statemachine.data.sync.timeout = 10s (default)
2019-11-15 13:01:05,301 [pool-27-thread-1] INFO  server.RaftServerConfigKeys (ConfUtils.java:logGet(43)) - raft.server.snapshot.auto.trigger.enabled = true (custom)
2019-11-15 13:01:05,302 [pool-47-thread-1] INFO  server.RaftServerConfigKeys (ConfUtils.java:logGet(43)) - raft.server.log.statemachine.data.sync.timeout.retry = -1 (default)
2019-11-15 13:01:05,302 [pool-37-thread-1] WARN  impl.MetricRegistriesImpl (MetricRegistriesImpl.java:lambda$create$1(61)) - First MetricRegistry has been created without registering reporters. You may need to call MetricRegistries.global().addReportRegistration(...) before.
2019-11-15 13:01:05,302 [pool-47-thread-1] INFO  server.RaftServerConfigKeys (ConfUtils.java:logGet(43)) - raft.server.log.statemachine.data.caching.enabled = true (custom)
2019-11-15 13:01:05,302 [pool-27-thread-1] INFO  server.RaftServerConfigKeys (ConfUtils.java:logGet(43)) - raft.server.snapshot.auto.trigger.threshold = 10000 (custom)
2019-11-15 13:01:05,302 [pool-37-thread-1] INFO  impl.RaftServerImpl (RaftServerImpl.java:start(184)) - 5e6aa5c8-399e-4f2b-83ad-8941ce6c4360@group-EEFDD4169F4F: start as a follower, conf=-1: [00157216-6769-49fc-be8b-b159d5324bfb:192.168.34.39:41357, 5e6aa5c8-399e-4f2b-83ad-8941ce6c4360:192.168.34.39:32875, c6072ae3-b340-4636-a946-94afbda72020:192.168.34.39:44276], old=null
2019-11-15 13:01:05,302 [pool-47-thread-1] INFO  segmented.SegmentedRaftLogWorker (SegmentedRaftLogWorker.java:lambda$new$0(128)) - 00157216-6769-49fc-be8b-b159d5324bfb@group-EEFDD4169F4F-SegmentedRaftLogWorker: flushIndex: setUnconditionally 0 -> -1
2019-11-15 13:01:05,302 [pool-27-thread-1] INFO  server.RaftServerConfigKeys (ConfUtils.java:logGet(43)) - raft.server.snapshot.retention.file.num = 5 (custom)
2019-11-15 13:01:05,302 [pool-37-thread-1] INFO  impl.RaftServerImpl (RaftServerImpl.java:setRole(173)) - 5e6aa5c8-399e-4f2b-83ad-8941ce6c4360@group-EEFDD4169F4F: changes role from      null to FOLLOWER at term 0 for startAsFollower
2019-11-15 13:01:05,303 [pool-27-thread-1] INFO  server.RaftServerConfigKeys (ConfUtils.java:logGet(43)) - raft.server.retrycache.expirytime = 600000ms (custom)
2019-11-15 13:01:05,303 [pool-37-thread-1] INFO  impl.RoleInfo (RoleInfo.java:updateAndGet(143)) - 5e6aa5c8-399e-4f2b-83ad-8941ce6c4360: start FollowerState
2019-11-15 13:01:05,303 [pool-27-thread-1] WARN  impl.MetricRegistriesImpl (MetricRegistriesImpl.java:lambda$create$1(61)) - First MetricRegistry has been created without registering reporters. You may need to call MetricRegistries.global().addReportRegistration(...) before.
2019-11-15 13:01:05,303 [pool-47-thread-1] INFO  server.RaftServerConfigKeys (ConfUtils.java:logGet(43)) - raft.server.snapshot.auto.trigger.enabled = true (custom)
2019-11-15 13:01:05,303 [pool-27-thread-1] WARN  impl.MetricRegistriesImpl (MetricRegistriesImpl.java:lambda$create$1(61)) - First MetricRegistry has been created without registering reporters. You may need to call MetricRegistries.global().addReportRegistration(...) before.
2019-11-15 13:01:05,303 [pool-47-thread-1] INFO  server.RaftServerConfigKeys (ConfUtils.java:logGet(43)) - raft.server.snapshot.auto.trigger.threshold = 10000 (custom)
2019-11-15 13:01:05,303 [pool-37-thread-1] INFO  util.JmxRegister (JmxRegister.java:tryRegister(44)) - Successfully registered JMX Bean with object name Ratis:service=RaftServer,group=group-EEFDD4169F4F,id=5e6aa5c8-399e-4f2b-83ad-8941ce6c4360
2019-11-15 13:01:05,303 [pool-27-thread-1] INFO  impl.RaftServerImpl (RaftServerImpl.java:start(184)) - c6072ae3-b340-4636-a946-94afbda72020@group-EEFDD4169F4F: start as a follower, conf=-1: [00157216-6769-49fc-be8b-b159d5324bfb:192.168.34.39:41357, 5e6aa5c8-399e-4f2b-83ad-8941ce6c4360:192.168.34.39:32875, c6072ae3-b340-4636-a946-94afbda72020:192.168.34.39:44276], old=null
2019-11-15 13:01:05,303 [pool-47-thread-1] INFO  server.RaftServerConfigKeys (ConfUtils.java:logGet(43)) - raft.server.snapshot.retention.file.num = 5 (custom)
2019-11-15 13:01:05,304 [pool-27-thread-1] INFO  impl.RaftServerImpl (RaftServerImpl.java:setRole(173)) - c6072ae3-b340-4636-a946-94afbda72020@group-EEFDD4169F4F: changes role from      null to FOLLOWER at term 0 for startAsFollower
2019-11-15 13:01:05,304 [pool-37-thread-1] WARN  impl.MetricRegistriesImpl (MetricRegistriesImpl.java:lambda$create$1(61)) - First MetricRegistry has been created without registering reporters. You may need to call MetricRegistries.global().addReportRegistration(...) before.
2019-11-15 13:01:05,304 [pool-27-thread-1] INFO  impl.RoleInfo (RoleInfo.java:updateAndGet(143)) - c6072ae3-b340-4636-a946-94afbda72020: start FollowerState
2019-11-15 13:01:05,304 [pool-47-thread-1] INFO  server.RaftServerConfigKeys (ConfUtils.java:logGet(43)) - raft.server.retrycache.expirytime = 600000ms (custom)
2019-11-15 13:01:05,304 [pool-47-thread-1] WARN  impl.MetricRegistriesImpl (MetricRegistriesImpl.java:lambda$create$1(61)) - First MetricRegistry has been created without registering reporters. You may need to call MetricRegistries.global().addReportRegistration(...) before.
2019-11-15 13:01:05,304 [pool-47-thread-1] WARN  impl.MetricRegistriesImpl (MetricRegistriesImpl.java:lambda$create$1(61)) - First MetricRegistry has been created without registering reporters. You may need to call MetricRegistries.global().addReportRegistration(...) before.
2019-11-15 13:01:05,304 [pool-27-thread-1] INFO  util.JmxRegister (JmxRegister.java:tryRegister(44)) - Successfully registered JMX Bean with object name Ratis:service=RaftServer,group=group-EEFDD4169F4F,id=c6072ae3-b340-4636-a946-94afbda72020
2019-11-15 13:01:05,305 [Command processor thread] INFO  commandhandler.CreatePipelineCommandHandler (CreatePipelineCommandHandler.java:handle(86)) - Create Pipeline RATIS THREE #id: "0d83807d-7922-4e47-ac96-eefdd4169f4f"
 command succeed on datanode 5e6aa5c8-399e-4f2b-83ad-8941ce6c4360.
2019-11-15 13:01:05,305 [pool-47-thread-1] INFO  impl.RaftServerImpl (RaftServerImpl.java:start(184)) - 00157216-6769-49fc-be8b-b159d5324bfb@group-EEFDD4169F4F: start as a follower, conf=-1: [00157216-6769-49fc-be8b-b159d5324bfb:192.168.34.39:41357, 5e6aa5c8-399e-4f2b-83ad-8941ce6c4360:192.168.34.39:32875, c6072ae3-b340-4636-a946-94afbda72020:192.168.34.39:44276], old=null
2019-11-15 13:01:05,305 [pool-27-thread-1] WARN  impl.MetricRegistriesImpl (MetricRegistriesImpl.java:lambda$create$1(61)) - First MetricRegistry has been created without registering reporters. You may need to call MetricRegistries.global().addReportRegistration(...) before.
2019-11-15 13:01:05,305 [pool-47-thread-1] INFO  impl.RaftServerImpl (RaftServerImpl.java:setRole(173)) - 00157216-6769-49fc-be8b-b159d5324bfb@group-EEFDD4169F4F: changes role from      null to FOLLOWER at term 0 for startAsFollower
2019-11-15 13:01:05,305 [pool-47-thread-1] INFO  impl.RoleInfo (RoleInfo.java:updateAndGet(143)) - 00157216-6769-49fc-be8b-b159d5324bfb: start FollowerState
2019-11-15 13:01:05,305 [Command processor thread] INFO  commandhandler.CreatePipelineCommandHandler (CreatePipelineCommandHandler.java:handle(86)) - Create Pipeline RATIS THREE #id: "0d83807d-7922-4e47-ac96-eefdd4169f4f"
 command succeed on datanode c6072ae3-b340-4636-a946-94afbda72020.
2019-11-15 13:01:05,306 [pool-47-thread-1] INFO  util.JmxRegister (JmxRegister.java:tryRegister(44)) - Successfully registered JMX Bean with object name Ratis:service=RaftServer,group=group-EEFDD4169F4F,id=00157216-6769-49fc-be8b-b159d5324bfb
2019-11-15 13:01:05,306 [pool-47-thread-1] WARN  impl.MetricRegistriesImpl (MetricRegistriesImpl.java:lambda$create$1(61)) - First MetricRegistry has been created without registering reporters. You may need to call MetricRegistries.global().addReportRegistration(...) before.
2019-11-15 13:01:05,308 [Command processor thread] INFO  commandhandler.CreatePipelineCommandHandler (CreatePipelineCommandHandler.java:handle(86)) - Create Pipeline RATIS THREE #id: "0d83807d-7922-4e47-ac96-eefdd4169f4f"
 command succeed on datanode 00157216-6769-49fc-be8b-b159d5324bfb.
2019-11-15 13:01:05,308 [EventQueue-PipelineReportForPipelineReportHandler] INFO  pipeline.PipelineReportHandler (PipelineReportHandler.java:processPipelineReport(113)) - Pipeline THREE PipelineID=0d83807d-7922-4e47-ac96-eefdd4169f4f reported by 5e6aa5c8-399e-4f2b-83ad-8941ce6c4360{ip: 192.168.34.39, host: pr-hdds-2503-7zl9w-2300970352, networkLocation: /default-rack, certSerialId: null}
2019-11-15 13:01:05,309 [EventQueue-PipelineReportForPipelineReportHandler] INFO  pipeline.PipelineReportHandler (PipelineReportHandler.java:processPipelineReport(113)) - Pipeline THREE PipelineID=0d83807d-7922-4e47-ac96-eefdd4169f4f reported by c6072ae3-b340-4636-a946-94afbda72020{ip: 192.168.34.39, host: pr-hdds-2503-7zl9w-2300970352, networkLocation: /default-rack, certSerialId: null}
2019-11-15 13:01:05,310 [EventQueue-PipelineReportForPipelineReportHandler] INFO  pipeline.PipelineReportHandler (PipelineReportHandler.java:processPipelineReport(113)) - Pipeline THREE PipelineID=0d83807d-7922-4e47-ac96-eefdd4169f4f reported by 00157216-6769-49fc-be8b-b159d5324bfb{ip: 192.168.34.39, host: pr-hdds-2503-7zl9w-2300970352, networkLocation: /default-rack, certSerialId: null}
2019-11-15 13:01:06,086 [main] INFO  ozone.MiniOzoneClusterImpl (MiniOzoneClusterImpl.java:lambda$waitForClusterToBeReady$0(150)) - Nodes are ready. Got 3 of 3 DN Heartbeats.
2019-11-15 13:01:06,086 [main] INFO  ozone.MiniOzoneClusterImpl (MiniOzoneClusterImpl.java:lambda$waitForClusterToBeReady$0(153)) - Waiting for cluster to exit safe mode
2019-11-15 13:01:07,087 [main] INFO  ozone.MiniOzoneClusterImpl (MiniOzoneClusterImpl.java:lambda$waitForClusterToBeReady$0(150)) - Nodes are ready. Got 3 of 3 DN Heartbeats.
2019-11-15 13:01:07,087 [main] INFO  ozone.MiniOzoneClusterImpl (MiniOzoneClusterImpl.java:lambda$waitForClusterToBeReady$0(153)) - Waiting for cluster to exit safe mode
2019-11-15 13:01:08,087 [main] INFO  ozone.MiniOzoneClusterImpl (MiniOzoneClusterImpl.java:lambda$waitForClusterToBeReady$0(150)) - Nodes are ready. Got 3 of 3 DN Heartbeats.
2019-11-15 13:01:08,088 [main] INFO  ozone.MiniOzoneClusterImpl (MiniOzoneClusterImpl.java:lambda$waitForClusterToBeReady$0(153)) - Waiting for cluster to exit safe mode
2019-11-15 13:01:09,088 [main] INFO  ozone.MiniOzoneClusterImpl (MiniOzoneClusterImpl.java:lambda$waitForClusterToBeReady$0(150)) - Nodes are ready. Got 3 of 3 DN Heartbeats.
2019-11-15 13:01:09,089 [main] INFO  ozone.MiniOzoneClusterImpl (MiniOzoneClusterImpl.java:lambda$waitForClusterToBeReady$0(153)) - Waiting for cluster to exit safe mode
2019-11-15 13:01:10,089 [main] INFO  ozone.MiniOzoneClusterImpl (MiniOzoneClusterImpl.java:lambda$waitForClusterToBeReady$0(150)) - Nodes are ready. Got 3 of 3 DN Heartbeats.
2019-11-15 13:01:10,089 [main] INFO  ozone.MiniOzoneClusterImpl (MiniOzoneClusterImpl.java:lambda$waitForClusterToBeReady$0(153)) - Waiting for cluster to exit safe mode
2019-11-15 13:01:10,328 [Thread-190] INFO  impl.FollowerState (FollowerState.java:run(111)) - c6072ae3-b340-4636-a946-94afbda72020@group-EEFDD4169F4F-FollowerState: change to CANDIDATE, lastRpcTime:5023ms, electionTimeout:5023ms
2019-11-15 13:01:10,329 [Thread-190] INFO  impl.RoleInfo (RoleInfo.java:shutdownFollowerState(121)) - c6072ae3-b340-4636-a946-94afbda72020: shutdown FollowerState
2019-11-15 13:01:10,330 [Thread-190] INFO  impl.RaftServerImpl (RaftServerImpl.java:setRole(173)) - c6072ae3-b340-4636-a946-94afbda72020@group-EEFDD4169F4F: changes role from  FOLLOWER to CANDIDATE at term 0 for changeToCandidate
2019-11-15 13:01:10,334 [Thread-190] INFO  impl.RoleInfo (RoleInfo.java:updateAndGet(143)) - c6072ae3-b340-4636-a946-94afbda72020: start LeaderElection
2019-11-15 13:01:10,353 [c6072ae3-b340-4636-a946-94afbda72020@group-EEFDD4169F4F-LeaderElection1] INFO  impl.LeaderElection (LeaderElection.java:askForVotes(178)) - c6072ae3-b340-4636-a946-94afbda72020@group-EEFDD4169F4F-LeaderElection1: begin an election at term 1 for -1: [00157216-6769-49fc-be8b-b159d5324bfb:192.168.34.39:41357, 5e6aa5c8-399e-4f2b-83ad-8941ce6c4360:192.168.34.39:32875, c6072ae3-b340-4636-a946-94afbda72020:192.168.34.39:44276], old=null
2019-11-15 13:01:10,359 [Thread-183] INFO  impl.FollowerState (FollowerState.java:run(111)) - 00157216-6769-49fc-be8b-b159d5324bfb@group-90DE5CA3EF25-FollowerState: change to CANDIDATE, lastRpcTime:5136ms, electionTimeout:5133ms
2019-11-15 13:01:10,360 [Thread-183] INFO  impl.RoleInfo (RoleInfo.java:shutdownFollowerState(121)) - 00157216-6769-49fc-be8b-b159d5324bfb: shutdown FollowerState
2019-11-15 13:01:10,361 [Thread-183] INFO  impl.RaftServerImpl (RaftServerImpl.java:setRole(173)) - 00157216-6769-49fc-be8b-b159d5324bfb@group-90DE5CA3EF25: changes role from  FOLLOWER to CANDIDATE at term 0 for changeToCandidate
2019-11-15 13:01:10,361 [Thread-183] INFO  impl.RoleInfo (RoleInfo.java:updateAndGet(143)) - 00157216-6769-49fc-be8b-b159d5324bfb: start LeaderElection
2019-11-15 13:01:10,366 [Thread-181] INFO  impl.FollowerState (FollowerState.java:run(111)) - 5e6aa5c8-399e-4f2b-83ad-8941ce6c4360@group-4E6C3DC640AE-FollowerState: change to CANDIDATE, lastRpcTime:5143ms, electionTimeout:5140ms
2019-11-15 13:01:10,367 [Thread-181] INFO  impl.RoleInfo (RoleInfo.java:shutdownFollowerState(121)) - 5e6aa5c8-399e-4f2b-83ad-8941ce6c4360: shutdown FollowerState
2019-11-15 13:01:10,367 [Thread-181] INFO  impl.RaftServerImpl (RaftServerImpl.java:setRole(173)) - 5e6aa5c8-399e-4f2b-83ad-8941ce6c4360@group-4E6C3DC640AE: changes role from  FOLLOWER to CANDIDATE at term 0 for changeToCandidate
2019-11-15 13:01:10,367 [Thread-181] INFO  impl.RoleInfo (RoleInfo.java:updateAndGet(143)) - 5e6aa5c8-399e-4f2b-83ad-8941ce6c4360: start LeaderElection
2019-11-15 13:01:10,369 [00157216-6769-49fc-be8b-b159d5324bfb@group-90DE5CA3EF25-LeaderElection2] INFO  impl.LeaderElection (LeaderElection.java:askForVotes(178)) - 00157216-6769-49fc-be8b-b159d5324bfb@group-90DE5CA3EF25-LeaderElection2: begin an election at term 1 for -1: [00157216-6769-49fc-be8b-b159d5324bfb:192.168.34.39:41357], old=null
2019-11-15 13:01:10,372 [00157216-6769-49fc-be8b-b159d5324bfb@group-90DE5CA3EF25-LeaderElection2] INFO  impl.RoleInfo (RoleInfo.java:shutdownLeaderElection(134)) - 00157216-6769-49fc-be8b-b159d5324bfb: shutdown LeaderElection
2019-11-15 13:01:10,373 [00157216-6769-49fc-be8b-b159d5324bfb@group-90DE5CA3EF25-LeaderElection2] INFO  impl.RaftServerImpl (RaftServerImpl.java:setRole(173)) - 00157216-6769-49fc-be8b-b159d5324bfb@group-90DE5CA3EF25: changes role from CANDIDATE to LEADER at term 1 for changeToLeader
2019-11-15 13:01:10,373 [00157216-6769-49fc-be8b-b159d5324bfb@group-90DE5CA3EF25-LeaderElection2] INFO  ratis.XceiverServerRatis (XceiverServerRatis.java:handleLeaderChangedNotification(733)) - Leader change notification received for group: group-90DE5CA3EF25 with new leaderId: 00157216-6769-49fc-be8b-b159d5324bfb
2019-11-15 13:01:10,373 [00157216-6769-49fc-be8b-b159d5324bfb@group-90DE5CA3EF25-LeaderElection2] INFO  impl.RaftServerImpl (ServerState.java:setLeader(255)) - 00157216-6769-49fc-be8b-b159d5324bfb@group-90DE5CA3EF25: change Leader from null to 00157216-6769-49fc-be8b-b159d5324bfb at term 1 for becomeLeader, leader elected after 5247ms
2019-11-15 13:01:10,374 [5e6aa5c8-399e-4f2b-83ad-8941ce6c4360@group-4E6C3DC640AE-LeaderElection3] INFO  impl.LeaderElection (LeaderElection.java:askForVotes(178)) - 5e6aa5c8-399e-4f2b-83ad-8941ce6c4360@group-4E6C3DC640AE-LeaderElection3: begin an election at term 1 for -1: [5e6aa5c8-399e-4f2b-83ad-8941ce6c4360:192.168.34.39:32875], old=null
2019-11-15 13:01:10,374 [5e6aa5c8-399e-4f2b-83ad-8941ce6c4360@group-4E6C3DC640AE-LeaderElection3] INFO  impl.RoleInfo (RoleInfo.java:shutdownLeaderElection(134)) - 5e6aa5c8-399e-4f2b-83ad-8941ce6c4360: shutdown LeaderElection
2019-11-15 13:01:10,374 [5e6aa5c8-399e-4f2b-83ad-8941ce6c4360@group-4E6C3DC640AE-LeaderElection3] INFO  impl.RaftServerImpl (RaftServerImpl.java:setRole(173)) - 5e6aa5c8-399e-4f2b-83ad-8941ce6c4360@group-4E6C3DC640AE: changes role from CANDIDATE to LEADER at term 1 for changeToLeader
2019-11-15 13:01:10,374 [5e6aa5c8-399e-4f2b-83ad-8941ce6c4360@group-4E6C3DC640AE-LeaderElection3] INFO  ratis.XceiverServerRatis (XceiverServerRatis.java:handleLeaderChangedNotification(733)) - Leader change notification received for group: group-4E6C3DC640AE with new leaderId: 5e6aa5c8-399e-4f2b-83ad-8941ce6c4360
2019-11-15 13:01:10,375 [5e6aa5c8-399e-4f2b-83ad-8941ce6c4360@group-4E6C3DC640AE-LeaderElection3] INFO  impl.RaftServerImpl (ServerState.java:setLeader(255)) - 5e6aa5c8-399e-4f2b-83ad-8941ce6c4360@group-4E6C3DC640AE: change Leader from null to 5e6aa5c8-399e-4f2b-83ad-8941ce6c4360 at term 1 for becomeLeader, leader elected after 5258ms
2019-11-15 13:01:10,378 [Thread-188] INFO  impl.FollowerState (FollowerState.java:run(111)) - 5e6aa5c8-399e-4f2b-83ad-8941ce6c4360@group-EEFDD4169F4F-FollowerState: change to CANDIDATE, lastRpcTime:5074ms, electionTimeout:5073ms
2019-11-15 13:01:10,378 [Thread-188] INFO  impl.RoleInfo (RoleInfo.java:shutdownFollowerState(121)) - 5e6aa5c8-399e-4f2b-83ad-8941ce6c4360: shutdown FollowerState
2019-11-15 13:01:10,378 [Thread-188] INFO  impl.RaftServerImpl (RaftServerImpl.java:setRole(173)) - 5e6aa5c8-399e-4f2b-83ad-8941ce6c4360@group-EEFDD4169F4F: changes role from  FOLLOWER to CANDIDATE at term 0 for changeToCandidate
2019-11-15 13:01:10,378 [EventQueue-PipelineReportForPipelineReportHandler] INFO  pipeline.PipelineReportHandler (PipelineReportHandler.java:processPipelineReport(113)) - Pipeline THREE PipelineID=0d83807d-7922-4e47-ac96-eefdd4169f4f reported by 00157216-6769-49fc-be8b-b159d5324bfb{ip: 192.168.34.39, host: pr-hdds-2503-7zl9w-2300970352, networkLocation: /default-rack, certSerialId: null}
2019-11-15 13:01:10,378 [Thread-188] INFO  impl.RoleInfo (RoleInfo.java:updateAndGet(143)) - 5e6aa5c8-399e-4f2b-83ad-8941ce6c4360: start LeaderElection
2019-11-15 13:01:10,378 [EventQueue-PipelineReportForPipelineReportHandler] INFO  pipeline.PipelineReportHandler (PipelineReportHandler.java:processPipelineReport(113)) - Pipeline THREE PipelineID=0d83807d-7922-4e47-ac96-eefdd4169f4f reported by 5e6aa5c8-399e-4f2b-83ad-8941ce6c4360{ip: 192.168.34.39, host: pr-hdds-2503-7zl9w-2300970352, networkLocation: /default-rack, certSerialId: null}
2019-11-15 13:01:10,384 [00157216-6769-49fc-be8b-b159d5324bfb@group-90DE5CA3EF25-LeaderElection2] INFO  server.RaftServerConfigKeys (ConfUtils.java:logGet(43)) - raft.server.staging.catchup.gap = 1000 (default)
2019-11-15 13:01:10,384 [5e6aa5c8-399e-4f2b-83ad-8941ce6c4360@group-4E6C3DC640AE-LeaderElection3] INFO  server.RaftServerConfigKeys (ConfUtils.java:logGet(43)) - raft.server.staging.catchup.gap = 1000 (default)
2019-11-15 13:01:10,384 [00157216-6769-49fc-be8b-b159d5324bfb@group-90DE5CA3EF25-LeaderElection2] INFO  server.RaftServerConfigKeys (ConfUtils.java:logGet(43)) - raft.server.rpc.sleep.time = 25ms (default)
2019-11-15 13:01:10,384 [5e6aa5c8-399e-4f2b-83ad-8941ce6c4360@group-4E6C3DC640AE-LeaderElection3] INFO  server.RaftServerConfigKeys (ConfUtils.java:logGet(43)) - raft.server.rpc.sleep.time = 25ms (default)
2019-11-15 13:01:10,386 [5e6aa5c8-399e-4f2b-83ad-8941ce6c4360@group-EEFDD4169F4F-LeaderElection4] INFO  impl.LeaderElection (LeaderElection.java:askForVotes(178)) - 5e6aa5c8-399e-4f2b-83ad-8941ce6c4360@group-EEFDD4169F4F-LeaderElection4: begin an election at term 1 for -1: [00157216-6769-49fc-be8b-b159d5324bfb:192.168.34.39:41357, 5e6aa5c8-399e-4f2b-83ad-8941ce6c4360:192.168.34.39:32875, c6072ae3-b340-4636-a946-94afbda72020:192.168.34.39:44276], old=null
2019-11-15 13:01:10,390 [5e6aa5c8-399e-4f2b-83ad-8941ce6c4360@group-4E6C3DC640AE-LeaderElection3] INFO  server.RaftServerConfigKeys (ConfUtils.java:logGet(43)) - raft.server.write.element-limit = 4096 (default)
2019-11-15 13:01:10,390 [00157216-6769-49fc-be8b-b159d5324bfb@group-90DE5CA3EF25-LeaderElection2] INFO  server.RaftServerConfigKeys (ConfUtils.java:logGet(43)) - raft.server.write.element-limit = 4096 (default)
2019-11-15 13:01:10,401 [5e6aa5c8-399e-4f2b-83ad-8941ce6c4360@group-4E6C3DC640AE-LeaderElection3] INFO  server.RaftServerConfigKeys (ConfUtils.java:logGet(43)) - raft.server.watch.timeout = 10s (default)
2019-11-15 13:01:10,401 [00157216-6769-49fc-be8b-b159d5324bfb@group-90DE5CA3EF25-LeaderElection2] INFO  server.RaftServerConfigKeys (ConfUtils.java:logGet(43)) - raft.server.watch.timeout = 10s (default)
2019-11-15 13:01:10,401 [5e6aa5c8-399e-4f2b-83ad-8941ce6c4360@group-4E6C3DC640AE-LeaderElection3] INFO  server.RaftServerConfigKeys (ConfUtils.java:logGet(43)) - raft.server.watch.timeout.denomination = 1s (default)
2019-11-15 13:01:10,401 [00157216-6769-49fc-be8b-b159d5324bfb@group-90DE5CA3EF25-LeaderElection2] INFO  server.RaftServerConfigKeys (ConfUtils.java:logGet(43)) - raft.server.watch.timeout.denomination = 1s (default)
2019-11-15 13:01:10,402 [00157216-6769-49fc-be8b-b159d5324bfb@group-90DE5CA3EF25-LeaderElection2] INFO  server.RaftServerConfigKeys (ConfUtils.java:logGet(43)) - raft.server.watch.element-limit = 65536 (default)
2019-11-15 13:01:10,402 [5e6aa5c8-399e-4f2b-83ad-8941ce6c4360@group-4E6C3DC640AE-LeaderElection3] INFO  server.RaftServerConfigKeys (ConfUtils.java:logGet(43)) - raft.server.watch.element-limit = 65536 (default)
2019-11-15 13:01:10,413 [Thread-182] INFO  impl.FollowerState (FollowerState.java:run(111)) - c6072ae3-b340-4636-a946-94afbda72020@group-584BFAE4DE0C-FollowerState: change to CANDIDATE, lastRpcTime:5190ms, electionTimeout:5187ms
2019-11-15 13:01:10,414 [Thread-182] INFO  impl.RoleInfo (RoleInfo.java:shutdownFollowerState(121)) - c6072ae3-b340-4636-a946-94afbda72020: shutdown FollowerState
2019-11-15 13:01:10,414 [Thread-182] INFO  impl.RaftServerImpl (RaftServerImpl.java:setRole(173)) - c6072ae3-b340-4636-a946-94afbda72020@group-584BFAE4DE0C: changes role from  FOLLOWER to CANDIDATE at term 0 for changeToCandidate
2019-11-15 13:01:10,414 [Thread-182] INFO  impl.RoleInfo (RoleInfo.java:updateAndGet(143)) - c6072ae3-b340-4636-a946-94afbda72020: start LeaderElection
2019-11-15 13:01:10,419 [5e6aa5c8-399e-4f2b-83ad-8941ce6c4360@group-4E6C3DC640AE-LeaderElection3] INFO  impl.RoleInfo (RoleInfo.java:updateAndGet(143)) - 5e6aa5c8-399e-4f2b-83ad-8941ce6c4360: start LeaderState
2019-11-15 13:01:10,419 [00157216-6769-49fc-be8b-b159d5324bfb@group-90DE5CA3EF25-LeaderElection2] INFO  impl.RoleInfo (RoleInfo.java:updateAndGet(143)) - 00157216-6769-49fc-be8b-b159d5324bfb: start LeaderState
2019-11-15 13:01:10,424 [c6072ae3-b340-4636-a946-94afbda72020@group-584BFAE4DE0C-LeaderElection5] INFO  impl.LeaderElection (LeaderElection.java:askForVotes(178)) - c6072ae3-b340-4636-a946-94afbda72020@group-584BFAE4DE0C-LeaderElection5: begin an election at term 1 for -1: [c6072ae3-b340-4636-a946-94afbda72020:192.168.34.39:44276], old=null
2019-11-15 13:01:10,424 [c6072ae3-b340-4636-a946-94afbda72020@group-584BFAE4DE0C-LeaderElection5] INFO  impl.RoleInfo (RoleInfo.java:shutdownLeaderElection(134)) - c6072ae3-b340-4636-a946-94afbda72020: shutdown LeaderElection
2019-11-15 13:01:10,424 [c6072ae3-b340-4636-a946-94afbda72020@group-584BFAE4DE0C-LeaderElection5] INFO  impl.RaftServerImpl (RaftServerImpl.java:setRole(173)) - c6072ae3-b340-4636-a946-94afbda72020@group-584BFAE4DE0C: changes role from CANDIDATE to LEADER at term 1 for changeToLeader
2019-11-15 13:01:10,424 [c6072ae3-b340-4636-a946-94afbda72020@group-584BFAE4DE0C-LeaderElection5] INFO  ratis.XceiverServerRatis (XceiverServerRatis.java:handleLeaderChangedNotification(733)) - Leader change notification received for group: group-584BFAE4DE0C with new leaderId: c6072ae3-b340-4636-a946-94afbda72020
2019-11-15 13:01:10,425 [c6072ae3-b340-4636-a946-94afbda72020@group-584BFAE4DE0C-LeaderElection5] INFO  impl.RaftServerImpl (ServerState.java:setLeader(255)) - c6072ae3-b340-4636-a946-94afbda72020@group-584BFAE4DE0C: change Leader from null to c6072ae3-b340-4636-a946-94afbda72020 at term 1 for becomeLeader, leader elected after 5308ms
2019-11-15 13:01:10,425 [c6072ae3-b340-4636-a946-94afbda72020@group-584BFAE4DE0C-LeaderElection5] INFO  server.RaftServerConfigKeys (ConfUtils.java:logGet(43)) - raft.server.staging.catchup.gap = 1000 (default)
2019-11-15 13:01:10,425 [c6072ae3-b340-4636-a946-94afbda72020@group-584BFAE4DE0C-LeaderElection5] INFO  server.RaftServerConfigKeys (ConfUtils.java:logGet(43)) - raft.server.rpc.sleep.time = 25ms (default)
2019-11-15 13:01:10,425 [c6072ae3-b340-4636-a946-94afbda72020@group-584BFAE4DE0C-LeaderElection5] INFO  server.RaftServerConfigKeys (ConfUtils.java:logGet(43)) - raft.server.write.element-limit = 4096 (default)
2019-11-15 13:01:10,427 [c6072ae3-b340-4636-a946-94afbda72020@group-584BFAE4DE0C-LeaderElection5] INFO  server.RaftServerConfigKeys (ConfUtils.java:logGet(43)) - raft.server.watch.timeout = 10s (default)
2019-11-15 13:01:10,427 [c6072ae3-b340-4636-a946-94afbda72020@group-584BFAE4DE0C-LeaderElection5] INFO  server.RaftServerConfigKeys (ConfUtils.java:logGet(43)) - raft.server.watch.timeout.denomination = 1s (default)
2019-11-15 13:01:10,427 [c6072ae3-b340-4636-a946-94afbda72020@group-584BFAE4DE0C-LeaderElection5] INFO  server.RaftServerConfigKeys (ConfUtils.java:logGet(43)) - raft.server.watch.element-limit = 65536 (default)
2019-11-15 13:01:10,428 [c6072ae3-b340-4636-a946-94afbda72020@group-584BFAE4DE0C-LeaderElection5] INFO  impl.RoleInfo (RoleInfo.java:updateAndGet(143)) - c6072ae3-b340-4636-a946-94afbda72020: start LeaderState
2019-11-15 13:01:10,428 [EventQueue-PipelineReportForPipelineReportHandler] INFO  pipeline.PipelineReportHandler (PipelineReportHandler.java:processPipelineReport(113)) - Pipeline THREE PipelineID=0d83807d-7922-4e47-ac96-eefdd4169f4f reported by c6072ae3-b340-4636-a946-94afbda72020{ip: 192.168.34.39, host: pr-hdds-2503-7zl9w-2300970352, networkLocation: /default-rack, certSerialId: null}
2019-11-15 13:01:10,444 [c6072ae3-b340-4636-a946-94afbda72020@group-584BFAE4DE0C-LeaderElection5] INFO  segmented.SegmentedRaftLogWorker (SegmentedRaftLogWorker.java:startLogSegment(385)) - c6072ae3-b340-4636-a946-94afbda72020@group-584BFAE4DE0C-SegmentedRaftLogWorker: Starting segment from index:0
2019-11-15 13:01:10,444 [5e6aa5c8-399e-4f2b-83ad-8941ce6c4360@group-4E6C3DC640AE-LeaderElection3] INFO  segmented.SegmentedRaftLogWorker (SegmentedRaftLogWorker.java:startLogSegment(385)) - 5e6aa5c8-399e-4f2b-83ad-8941ce6c4360@group-4E6C3DC640AE-SegmentedRaftLogWorker: Starting segment from index:0
2019-11-15 13:01:10,444 [00157216-6769-49fc-be8b-b159d5324bfb@group-90DE5CA3EF25-LeaderElection2] INFO  segmented.SegmentedRaftLogWorker (SegmentedRaftLogWorker.java:startLogSegment(385)) - 00157216-6769-49fc-be8b-b159d5324bfb@group-90DE5CA3EF25-SegmentedRaftLogWorker: Starting segment from index:0
2019-11-15 13:01:10,447 [Thread-191] INFO  impl.FollowerState (FollowerState.java:run(111)) - 00157216-6769-49fc-be8b-b159d5324bfb@group-EEFDD4169F4F-FollowerState: change to CANDIDATE, lastRpcTime:5142ms, electionTimeout:5141ms
2019-11-15 13:01:10,447 [Thread-191] INFO  impl.RoleInfo (RoleInfo.java:shutdownFollowerState(121)) - 00157216-6769-49fc-be8b-b159d5324bfb: shutdown FollowerState
2019-11-15 13:01:10,448 [Thread-191] INFO  impl.RaftServerImpl (RaftServerImpl.java:setRole(173)) - 00157216-6769-49fc-be8b-b159d5324bfb@group-EEFDD4169F4F: changes role from  FOLLOWER to CANDIDATE at term 0 for changeToCandidate
2019-11-15 13:01:10,448 [Thread-191] INFO  impl.RoleInfo (RoleInfo.java:updateAndGet(143)) - 00157216-6769-49fc-be8b-b159d5324bfb: start LeaderElection
2019-11-15 13:01:10,454 [00157216-6769-49fc-be8b-b159d5324bfb@group-EEFDD4169F4F-LeaderElection6] INFO  impl.LeaderElection (LeaderElection.java:askForVotes(178)) - 00157216-6769-49fc-be8b-b159d5324bfb@group-EEFDD4169F4F-LeaderElection6: begin an election at term 1 for -1: [00157216-6769-49fc-be8b-b159d5324bfb:192.168.34.39:41357, 5e6aa5c8-399e-4f2b-83ad-8941ce6c4360:192.168.34.39:32875, c6072ae3-b340-4636-a946-94afbda72020:192.168.34.39:44276], old=null
2019-11-15 13:01:10,470 [00157216-6769-49fc-be8b-b159d5324bfb@group-90DE5CA3EF25-LeaderElection2] INFO  impl.RaftServerImpl (ServerState.java:setRaftConf(356)) - 00157216-6769-49fc-be8b-b159d5324bfb@group-90DE5CA3EF25: set configuration 0: [00157216-6769-49fc-be8b-b159d5324bfb:192.168.34.39:41357], old=null at 0
2019-11-15 13:01:10,470 [5e6aa5c8-399e-4f2b-83ad-8941ce6c4360@group-4E6C3DC640AE-LeaderElection3] INFO  impl.RaftServerImpl (ServerState.java:setRaftConf(356)) - 5e6aa5c8-399e-4f2b-83ad-8941ce6c4360@group-4E6C3DC640AE: set configuration 0: [5e6aa5c8-399e-4f2b-83ad-8941ce6c4360:192.168.34.39:32875], old=null at 0
2019-11-15 13:01:10,470 [c6072ae3-b340-4636-a946-94afbda72020@group-584BFAE4DE0C-LeaderElection5] INFO  impl.RaftServerImpl (ServerState.java:setRaftConf(356)) - c6072ae3-b340-4636-a946-94afbda72020@group-584BFAE4DE0C: set configuration 0: [c6072ae3-b340-4636-a946-94afbda72020:192.168.34.39:44276], old=null at 0
2019-11-15 13:01:10,645 [00157216-6769-49fc-be8b-b159d5324bfb@group-90DE5CA3EF25-SegmentedRaftLogWorker] INFO  segmented.SegmentedRaftLogWorker (SegmentedRaftLogWorker.java:execute(576)) - 00157216-6769-49fc-be8b-b159d5324bfb@group-90DE5CA3EF25-SegmentedRaftLogWorker: created new log segment /workdir/hadoop-ozone/tools/target/test-dir/MiniOzoneClusterImpl-3b87cbe9-70a4-48a6-8899-89aa69903b86/datanode-2/data/ratis/33305e47-2eb6-4564-b32b-90de5ca3ef25/current/log_inprogress_0
2019-11-15 13:01:10,645 [c6072ae3-b340-4636-a946-94afbda72020@group-584BFAE4DE0C-SegmentedRaftLogWorker] INFO  segmented.SegmentedRaftLogWorker (SegmentedRaftLogWorker.java:execute(576)) - c6072ae3-b340-4636-a946-94afbda72020@group-584BFAE4DE0C-SegmentedRaftLogWorker: created new log segment /workdir/hadoop-ozone/tools/target/test-dir/MiniOzoneClusterImpl-3b87cbe9-70a4-48a6-8899-89aa69903b86/datanode-0/data/ratis/66c9c8c9-5ffd-40bb-9f0a-584bfae4de0c/current/log_inprogress_0
2019-11-15 13:01:10,645 [5e6aa5c8-399e-4f2b-83ad-8941ce6c4360@group-4E6C3DC640AE-SegmentedRaftLogWorker] INFO  segmented.SegmentedRaftLogWorker (SegmentedRaftLogWorker.java:execute(576)) - 5e6aa5c8-399e-4f2b-83ad-8941ce6c4360@group-4E6C3DC640AE-SegmentedRaftLogWorker: created new log segment /workdir/hadoop-ozone/tools/target/test-dir/MiniOzoneClusterImpl-3b87cbe9-70a4-48a6-8899-89aa69903b86/datanode-1/data/ratis/f9287feb-8372-4c7a-a4d2-4e6c3dc640ae/current/log_inprogress_0
2019-11-15 13:01:10,849 [00157216-6769-49fc-be8b-b159d5324bfb@group-EEFDD4169F4F-LeaderElection6] INFO  impl.LeaderElection (LeaderElection.java:logAndReturn(56)) - 00157216-6769-49fc-be8b-b159d5324bfb@group-EEFDD4169F4F-LeaderElection6: Election REJECTED; received 2 response(s) [00157216-6769-49fc-be8b-b159d5324bfb<-5e6aa5c8-399e-4f2b-83ad-8941ce6c4360#0:FAIL-t1, 00157216-6769-49fc-be8b-b159d5324bfb<-c6072ae3-b340-4636-a946-94afbda72020#0:FAIL-t1] and 0 exception(s); 00157216-6769-49fc-be8b-b159d5324bfb@group-EEFDD4169F4F:t1, leader=null, voted=00157216-6769-49fc-be8b-b159d5324bfb, raftlog=00157216-6769-49fc-be8b-b159d5324bfb@group-EEFDD4169F4F-SegmentedRaftLog:OPENED:c-1,f-1,i0, conf=-1: [00157216-6769-49fc-be8b-b159d5324bfb:192.168.34.39:41357, 5e6aa5c8-399e-4f2b-83ad-8941ce6c4360:192.168.34.39:32875, c6072ae3-b340-4636-a946-94afbda72020:192.168.34.39:44276], old=null
2019-11-15 13:01:10,849 [c6072ae3-b340-4636-a946-94afbda72020@group-EEFDD4169F4F-LeaderElection1] INFO  impl.LeaderElection (LeaderElection.java:logAndReturn(56)) - c6072ae3-b340-4636-a946-94afbda72020@group-EEFDD4169F4F-LeaderElection1: Election REJECTED; received 2 response(s) [c6072ae3-b340-4636-a946-94afbda72020<-00157216-6769-49fc-be8b-b159d5324bfb#0:FAIL-t1, c6072ae3-b340-4636-a946-94afbda72020<-5e6aa5c8-399e-4f2b-83ad-8941ce6c4360#0:FAIL-t1] and 0 exception(s); c6072ae3-b340-4636-a946-94afbda72020@group-EEFDD4169F4F:t1, leader=null, voted=c6072ae3-b340-4636-a946-94afbda72020, raftlog=c6072ae3-b340-4636-a946-94afbda72020@group-EEFDD4169F4F-SegmentedRaftLog:OPENED:c-1,f-1,i0, conf=-1: [00157216-6769-49fc-be8b-b159d5324bfb:192.168.34.39:41357, 5e6aa5c8-399e-4f2b-83ad-8941ce6c4360:192.168.34.39:32875, c6072ae3-b340-4636-a946-94afbda72020:192.168.34.39:44276], old=null
2019-11-15 13:01:10,849 [5e6aa5c8-399e-4f2b-83ad-8941ce6c4360@group-EEFDD4169F4F-LeaderElection4] INFO  impl.LeaderElection (LeaderElection.java:logAndReturn(56)) - 5e6aa5c8-399e-4f2b-83ad-8941ce6c4360@group-EEFDD4169F4F-LeaderElection4: Election REJECTED; received 2 response(s) [5e6aa5c8-399e-4f2b-83ad-8941ce6c4360<-00157216-6769-49fc-be8b-b159d5324bfb#0:FAIL-t1, 5e6aa5c8-399e-4f2b-83ad-8941ce6c4360<-c6072ae3-b340-4636-a946-94afbda72020#0:FAIL-t1] and 0 exception(s); 5e6aa5c8-399e-4f2b-83ad-8941ce6c4360@group-EEFDD4169F4F:t1, leader=null, voted=5e6aa5c8-399e-4f2b-83ad-8941ce6c4360, raftlog=5e6aa5c8-399e-4f2b-83ad-8941ce6c4360@group-EEFDD4169F4F-SegmentedRaftLog:OPENED:c-1,f-1,i0, conf=-1: [00157216-6769-49fc-be8b-b159d5324bfb:192.168.34.39:41357, 5e6aa5c8-399e-4f2b-83ad-8941ce6c4360:192.168.34.39:32875, c6072ae3-b340-4636-a946-94afbda72020:192.168.34.39:44276], old=null
2019-11-15 13:01:10,852 [c6072ae3-b340-4636-a946-94afbda72020@group-EEFDD4169F4F-LeaderElection1] INFO  impl.RaftServerImpl (RaftServerImpl.java:setRole(173)) - c6072ae3-b340-4636-a946-94afbda72020@group-EEFDD4169F4F: changes role from CANDIDATE to FOLLOWER at term 1 for DISCOVERED_A_NEW_TERM
2019-11-15 13:01:10,854 [5e6aa5c8-399e-4f2b-83ad-8941ce6c4360@group-EEFDD4169F4F-LeaderElection4] INFO  impl.RaftServerImpl (RaftServerImpl.java:setRole(173)) - 5e6aa5c8-399e-4f2b-83ad-8941ce6c4360@group-EEFDD4169F4F: changes role from CANDIDATE to FOLLOWER at term 1 for DISCOVERED_A_NEW_TERM
2019-11-15 13:01:10,856 [5e6aa5c8-399e-4f2b-83ad-8941ce6c4360@group-EEFDD4169F4F-LeaderElection4] INFO  impl.RoleInfo (RoleInfo.java:shutdownLeaderElection(134)) - 5e6aa5c8-399e-4f2b-83ad-8941ce6c4360: shutdown LeaderElection
2019-11-15 13:01:10,854 [00157216-6769-49fc-be8b-b159d5324bfb@group-EEFDD4169F4F-LeaderElection6] INFO  impl.RaftServerImpl (RaftServerImpl.java:setRole(173)) - 00157216-6769-49fc-be8b-b159d5324bfb@group-EEFDD4169F4F: changes role from CANDIDATE to FOLLOWER at term 1 for DISCOVERED_A_NEW_TERM
2019-11-15 13:01:10,856 [5e6aa5c8-399e-4f2b-83ad-8941ce6c4360@group-EEFDD4169F4F-LeaderElection4] INFO  impl.RoleInfo (RoleInfo.java:updateAndGet(143)) - 5e6aa5c8-399e-4f2b-83ad-8941ce6c4360: start FollowerState
2019-11-15 13:01:10,855 [c6072ae3-b340-4636-a946-94afbda72020@group-EEFDD4169F4F-LeaderElection1] INFO  impl.RoleInfo (RoleInfo.java:shutdownLeaderElection(134)) - c6072ae3-b340-4636-a946-94afbda72020: shutdown LeaderElection
2019-11-15 13:01:10,856 [00157216-6769-49fc-be8b-b159d5324bfb@group-EEFDD4169F4F-LeaderElection6] INFO  impl.RoleInfo (RoleInfo.java:shutdownLeaderElection(134)) - 00157216-6769-49fc-be8b-b159d5324bfb: shutdown LeaderElection
2019-11-15 13:01:10,857 [c6072ae3-b340-4636-a946-94afbda72020@group-EEFDD4169F4F-LeaderElection1] INFO  impl.RoleInfo (RoleInfo.java:updateAndGet(143)) - c6072ae3-b340-4636-a946-94afbda72020: start FollowerState
2019-11-15 13:01:10,857 [00157216-6769-49fc-be8b-b159d5324bfb@group-EEFDD4169F4F-LeaderElection6] INFO  impl.RoleInfo (RoleInfo.java:updateAndGet(143)) - 00157216-6769-49fc-be8b-b159d5324bfb: start FollowerState
2019-11-15 13:01:11,090 [main] INFO  ozone.MiniOzoneClusterImpl (MiniOzoneClusterImpl.java:lambda$waitForClusterToBeReady$0(150)) - Nodes are ready. Got 3 of 3 DN Heartbeats.
2019-11-15 13:01:11,090 [main] INFO  ozone.MiniOzoneClusterImpl (MiniOzoneClusterImpl.java:lambda$waitForClusterToBeReady$0(153)) - Waiting for cluster to exit safe mode
2019-11-15 13:01:12,091 [main] INFO  ozone.MiniOzoneClusterImpl (MiniOzoneClusterImpl.java:lambda$waitForClusterToBeReady$0(150)) - Nodes are ready. Got 3 of 3 DN Heartbeats.
2019-11-15 13:01:12,091 [main] INFO  ozone.MiniOzoneClusterImpl (MiniOzoneClusterImpl.java:lambda$waitForClusterToBeReady$0(153)) - Waiting for cluster to exit safe mode
2019-11-15 13:01:13,091 [main] INFO  ozone.MiniOzoneClusterImpl (MiniOzoneClusterImpl.java:lambda$waitForClusterToBeReady$0(150)) - Nodes are ready. Got 3 of 3 DN Heartbeats.
2019-11-15 13:01:13,092 [main] INFO  ozone.MiniOzoneClusterImpl (MiniOzoneClusterImpl.java:lambda$waitForClusterToBeReady$0(153)) - Waiting for cluster to exit safe mode
2019-11-15 13:01:14,092 [main] INFO  ozone.MiniOzoneClusterImpl (MiniOzoneClusterImpl.java:lambda$waitForClusterToBeReady$0(150)) - Nodes are ready. Got 3 of 3 DN Heartbeats.
2019-11-15 13:01:14,093 [main] INFO  ozone.MiniOzoneClusterImpl (MiniOzoneClusterImpl.java:lambda$waitForClusterToBeReady$0(153)) - Waiting for cluster to exit safe mode
2019-11-15 13:01:15,093 [main] INFO  ozone.MiniOzoneClusterImpl (MiniOzoneClusterImpl.java:lambda$waitForClusterToBeReady$0(150)) - Nodes are ready. Got 3 of 3 DN Heartbeats.
2019-11-15 13:01:15,093 [main] INFO  ozone.MiniOzoneClusterImpl (MiniOzoneClusterImpl.java:lambda$waitForClusterToBeReady$0(153)) - Waiting for cluster to exit safe mode
2019-11-15 13:01:15,916 [Thread-207] INFO  impl.FollowerState (FollowerState.java:run(111)) - 5e6aa5c8-399e-4f2b-83ad-8941ce6c4360@group-EEFDD4169F4F-FollowerState: change to CANDIDATE, lastRpcTime:5060ms, electionTimeout:5059ms
2019-11-15 13:01:15,916 [Thread-207] INFO  impl.RoleInfo (RoleInfo.java:shutdownFollowerState(121)) - 5e6aa5c8-399e-4f2b-83ad-8941ce6c4360: shutdown FollowerState
2019-11-15 13:01:15,917 [Thread-207] INFO  impl.RaftServerImpl (RaftServerImpl.java:setRole(173)) - 5e6aa5c8-399e-4f2b-83ad-8941ce6c4360@group-EEFDD4169F4F: changes role from  FOLLOWER to CANDIDATE at term 1 for changeToCandidate
2019-11-15 13:01:15,917 [Thread-207] INFO  impl.RoleInfo (RoleInfo.java:updateAndGet(143)) - 5e6aa5c8-399e-4f2b-83ad-8941ce6c4360: start LeaderElection
2019-11-15 13:01:15,945 [5e6aa5c8-399e-4f2b-83ad-8941ce6c4360@group-EEFDD4169F4F-LeaderElection7] INFO  impl.LeaderElection (LeaderElection.java:askForVotes(178)) - 5e6aa5c8-399e-4f2b-83ad-8941ce6c4360@group-EEFDD4169F4F-LeaderElection7: begin an election at term 2 for -1: [00157216-6769-49fc-be8b-b159d5324bfb:192.168.34.39:41357, 5e6aa5c8-399e-4f2b-83ad-8941ce6c4360:192.168.34.39:32875, c6072ae3-b340-4636-a946-94afbda72020:192.168.34.39:44276], old=null
2019-11-15 13:01:15,953 [grpc-default-executor-0] INFO  impl.RaftServerImpl (RaftServerImpl.java:setRole(173)) - 00157216-6769-49fc-be8b-b159d5324bfb@group-EEFDD4169F4F: changes role from  FOLLOWER to FOLLOWER at term 2 for recognizeCandidate:5e6aa5c8-399e-4f2b-83ad-8941ce6c4360
2019-11-15 13:01:15,953 [grpc-default-executor-4] INFO  impl.RaftServerImpl (RaftServerImpl.java:setRole(173)) - c6072ae3-b340-4636-a946-94afbda72020@group-EEFDD4169F4F: changes role from  FOLLOWER to FOLLOWER at term 2 for recognizeCandidate:5e6aa5c8-399e-4f2b-83ad-8941ce6c4360
2019-11-15 13:01:15,953 [grpc-default-executor-0] INFO  impl.RoleInfo (RoleInfo.java:shutdownFollowerState(121)) - 00157216-6769-49fc-be8b-b159d5324bfb: shutdown FollowerState
2019-11-15 13:01:15,954 [grpc-default-executor-4] INFO  impl.RoleInfo (RoleInfo.java:shutdownFollowerState(121)) - c6072ae3-b340-4636-a946-94afbda72020: shutdown FollowerState
2019-11-15 13:01:15,954 [grpc-default-executor-0] INFO  impl.RoleInfo (RoleInfo.java:updateAndGet(143)) - 00157216-6769-49fc-be8b-b159d5324bfb: start FollowerState
2019-11-15 13:01:15,954 [grpc-default-executor-4] INFO  impl.RoleInfo (RoleInfo.java:updateAndGet(143)) - c6072ae3-b340-4636-a946-94afbda72020: start FollowerState
2019-11-15 13:01:15,954 [Thread-209] INFO  impl.FollowerState (FollowerState.java:run(120)) - 00157216-6769-49fc-be8b-b159d5324bfb@group-EEFDD4169F4F-FollowerState was interrupted: java.lang.InterruptedException: sleep interrupted
2019-11-15 13:01:15,954 [Thread-208] INFO  impl.FollowerState (FollowerState.java:run(120)) - c6072ae3-b340-4636-a946-94afbda72020@group-EEFDD4169F4F-FollowerState was interrupted: java.lang.InterruptedException: sleep interrupted
2019-11-15 13:01:15,978 [5e6aa5c8-399e-4f2b-83ad-8941ce6c4360@group-EEFDD4169F4F-LeaderElection7] INFO  impl.LeaderElection (LeaderElection.java:logAndReturn(56)) - 5e6aa5c8-399e-4f2b-83ad-8941ce6c4360@group-EEFDD4169F4F-LeaderElection7: Election PASSED; received 1 response(s) [5e6aa5c8-399e-4f2b-83ad-8941ce6c4360<-c6072ae3-b340-4636-a946-94afbda72020#0:OK-t2] and 0 exception(s); 5e6aa5c8-399e-4f2b-83ad-8941ce6c4360@group-EEFDD4169F4F:t2, leader=null, voted=5e6aa5c8-399e-4f2b-83ad-8941ce6c4360, raftlog=5e6aa5c8-399e-4f2b-83ad-8941ce6c4360@group-EEFDD4169F4F-SegmentedRaftLog:OPENED:c-1,f-1,i0, conf=-1: [00157216-6769-49fc-be8b-b159d5324bfb:192.168.34.39:41357, 5e6aa5c8-399e-4f2b-83ad-8941ce6c4360:192.168.34.39:32875, c6072ae3-b340-4636-a946-94afbda72020:192.168.34.39:44276], old=null
2019-11-15 13:01:15,980 [5e6aa5c8-399e-4f2b-83ad-8941ce6c4360@group-EEFDD4169F4F-LeaderElection7] INFO  impl.RoleInfo (RoleInfo.java:shutdownLeaderElection(134)) - 5e6aa5c8-399e-4f2b-83ad-8941ce6c4360: shutdown LeaderElection
2019-11-15 13:01:15,981 [5e6aa5c8-399e-4f2b-83ad-8941ce6c4360@group-EEFDD4169F4F-LeaderElection7] INFO  impl.RaftServerImpl (RaftServerImpl.java:setRole(173)) - 5e6aa5c8-399e-4f2b-83ad-8941ce6c4360@group-EEFDD4169F4F: changes role from CANDIDATE to LEADER at term 2 for changeToLeader
2019-11-15 13:01:15,981 [5e6aa5c8-399e-4f2b-83ad-8941ce6c4360@group-EEFDD4169F4F-LeaderElection7] INFO  ratis.XceiverServerRatis (XceiverServerRatis.java:handleLeaderChangedNotification(733)) - Leader change notification received for group: group-EEFDD4169F4F with new leaderId: 5e6aa5c8-399e-4f2b-83ad-8941ce6c4360
2019-11-15 13:01:15,981 [5e6aa5c8-399e-4f2b-83ad-8941ce6c4360@group-EEFDD4169F4F-LeaderElection7] INFO  impl.RaftServerImpl (ServerState.java:setLeader(255)) - 5e6aa5c8-399e-4f2b-83ad-8941ce6c4360@group-EEFDD4169F4F: change Leader from null to 5e6aa5c8-399e-4f2b-83ad-8941ce6c4360 at term 2 for becomeLeader, leader elected after 10686ms
2019-11-15 13:01:15,981 [5e6aa5c8-399e-4f2b-83ad-8941ce6c4360@group-EEFDD4169F4F-LeaderElection7] INFO  server.RaftServerConfigKeys (ConfUtils.java:logGet(43)) - raft.server.staging.catchup.gap = 1000 (default)
2019-11-15 13:01:15,982 [5e6aa5c8-399e-4f2b-83ad-8941ce6c4360@group-EEFDD4169F4F-LeaderElection7] INFO  server.RaftServerConfigKeys (ConfUtils.java:logGet(43)) - raft.server.rpc.sleep.time = 25ms (default)
2019-11-15 13:01:15,982 [5e6aa5c8-399e-4f2b-83ad-8941ce6c4360@group-EEFDD4169F4F-LeaderElection7] INFO  server.RaftServerConfigKeys (ConfUtils.java:logGet(43)) - raft.server.write.element-limit = 4096 (default)
2019-11-15 13:01:15,982 [5e6aa5c8-399e-4f2b-83ad-8941ce6c4360@group-EEFDD4169F4F-LeaderElection7] INFO  server.RaftServerConfigKeys (ConfUtils.java:logGet(43)) - raft.server.watch.timeout = 10s (default)
2019-11-15 13:01:15,982 [5e6aa5c8-399e-4f2b-83ad-8941ce6c4360@group-EEFDD4169F4F-LeaderElection7] INFO  server.RaftServerConfigKeys (ConfUtils.java:logGet(43)) - raft.server.watch.timeout.denomination = 1s (default)
2019-11-15 13:01:15,982 [5e6aa5c8-399e-4f2b-83ad-8941ce6c4360@group-EEFDD4169F4F-LeaderElection7] INFO  server.RaftServerConfigKeys (ConfUtils.java:logGet(43)) - raft.server.watch.element-limit = 65536 (default)
2019-11-15 13:01:15,983 [EventQueue-PipelineReportForPipelineReportHandler] INFO  pipeline.PipelineReportHandler (PipelineReportHandler.java:processPipelineReport(113)) - Pipeline THREE PipelineID=0d83807d-7922-4e47-ac96-eefdd4169f4f reported by 5e6aa5c8-399e-4f2b-83ad-8941ce6c4360{ip: 192.168.34.39, host: pr-hdds-2503-7zl9w-2300970352, networkLocation: /default-rack, certSerialId: null}
2019-11-15 13:01:15,984 [EventQueue-PipelineReportForPipelineReportHandler] INFO  pipeline.PipelineStateManager (PipelineStateManager.java:openPipeline(132)) - Pipeline Pipeline[ Id: 0d83807d-7922-4e47-ac96-eefdd4169f4f, Nodes: 5e6aa5c8-399e-4f2b-83ad-8941ce6c4360{ip: 192.168.34.39, host: pr-hdds-2503-7zl9w-2300970352, networkLocation: /default-rack, certSerialId: null}c6072ae3-b340-4636-a946-94afbda72020{ip: 192.168.34.39, host: pr-hdds-2503-7zl9w-2300970352, networkLocation: /default-rack, certSerialId: null}00157216-6769-49fc-be8b-b159d5324bfb{ip: 192.168.34.39, host: pr-hdds-2503-7zl9w-2300970352, networkLocation: /default-rack, certSerialId: null}, Type:RATIS, Factor:THREE, State:ALLOCATED] moved to OPEN state
2019-11-15 13:01:15,985 [EventQueue-OpenPipelineForOneReplicaPipelineSafeModeRule] INFO  safemode.SCMSafeModeManager (SCMSafeModeManager.java:validateSafeModeExitRules(176)) - AtleastOneDatanodeReportedRule rule is successfully validated
2019-11-15 13:01:15,985 [EventQueue-OpenPipelineForHealthyPipelineSafeModeRule] INFO  safemode.SCMSafeModeManager (HealthyPipelineSafeModeRule.java:process(132)) - SCM in safe mode. Healthy pipelines reported count is 1, required healthy pipeline reported count is 1
2019-11-15 13:01:15,987 [EventQueue-OpenPipelineForHealthyPipelineSafeModeRule] INFO  safemode.SCMSafeModeManager (SCMSafeModeManager.java:validateSafeModeExitRules(176)) - HealthyPipelineSafeModeRule rule is successfully validated
2019-11-15 13:01:15,987 [EventQueue-OpenPipelineForHealthyPipelineSafeModeRule] INFO  safemode.SCMSafeModeManager (SCMSafeModeManager.java:validateSafeModeExitRules(185)) - ScmSafeModeManager, all rules are successfully validated
2019-11-15 13:01:15,987 [EventQueue-OpenPipelineForHealthyPipelineSafeModeRule] INFO  safemode.SCMSafeModeManager (SCMSafeModeManager.java:exitSafeMode(201)) - SCM exiting safe mode.
2019-11-15 13:01:15,987 [5e6aa5c8-399e-4f2b-83ad-8941ce6c4360@group-EEFDD4169F4F-LeaderElection7] INFO  server.RaftServerConfigKeys (ConfUtils.java:logGet(43)) - raft.server.log.appender.snapshot.chunk.size.max = 16MB (=16777216) (default)
2019-11-15 13:01:15,988 [5e6aa5c8-399e-4f2b-83ad-8941ce6c4360@group-EEFDD4169F4F-LeaderElection7] INFO  server.RaftServerConfigKeys (ConfUtils.java:logGet(43)) - raft.server.log.appender.buffer.byte-limit = 33554432 (custom)
2019-11-15 13:01:15,988 [5e6aa5c8-399e-4f2b-83ad-8941ce6c4360@group-EEFDD4169F4F-LeaderElection7] INFO  server.RaftServerConfigKeys (ConfUtils.java:logGet(43)) - raft.server.log.appender.buffer.element-limit = 1 (custom)
2019-11-15 13:01:15,991 [5e6aa5c8-399e-4f2b-83ad-8941ce6c4360@group-EEFDD4169F4F-LeaderElection7] INFO  grpc.GrpcConfigKeys$Server (ConfUtils.java:logGet(43)) - raft.grpc.server.leader.outstanding.appends.max = 128 (default)
2019-11-15 13:01:15,992 [5e6aa5c8-399e-4f2b-83ad-8941ce6c4360@group-EEFDD4169F4F-LeaderElection7] INFO  server.RaftServerConfigKeys (ConfUtils.java:logGet(43)) - raft.server.rpc.request.timeout = 3000ms (default)
2019-11-15 13:01:15,992 [5e6aa5c8-399e-4f2b-83ad-8941ce6c4360@group-EEFDD4169F4F-LeaderElection7] INFO  server.RaftServerConfigKeys (ConfUtils.java:logGet(43)) - raft.server.log.appender.install.snapshot.enabled = false (custom)
2019-11-15 13:01:15,993 [5e6aa5c8-399e-4f2b-83ad-8941ce6c4360@group-EEFDD4169F4F-LeaderElection7] WARN  impl.MetricRegistriesImpl (MetricRegistriesImpl.java:lambda$create$1(61)) - First MetricRegistry has been created without registering reporters. You may need to call MetricRegistries.global().addReportRegistration(...) before.
2019-11-15 13:01:15,994 [5e6aa5c8-399e-4f2b-83ad-8941ce6c4360@group-EEFDD4169F4F-LeaderElection7] INFO  server.RaftServerConfigKeys (ConfUtils.java:logGet(43)) - raft.server.log.appender.snapshot.chunk.size.max = 16MB (=16777216) (default)
2019-11-15 13:01:15,994 [5e6aa5c8-399e-4f2b-83ad-8941ce6c4360@group-EEFDD4169F4F-LeaderElection7] INFO  server.RaftServerConfigKeys (ConfUtils.java:logGet(43)) - raft.server.log.appender.buffer.byte-limit = 33554432 (custom)
2019-11-15 13:01:15,994 [5e6aa5c8-399e-4f2b-83ad-8941ce6c4360@group-EEFDD4169F4F-LeaderElection7] INFO  server.RaftServerConfigKeys (ConfUtils.java:logGet(43)) - raft.server.log.appender.buffer.element-limit = 1 (custom)
2019-11-15 13:01:15,994 [5e6aa5c8-399e-4f2b-83ad-8941ce6c4360@group-EEFDD4169F4F-LeaderElection7] INFO  grpc.GrpcConfigKeys$Server (ConfUtils.java:logGet(43)) - raft.grpc.server.leader.outstanding.appends.max = 128 (default)
2019-11-15 13:01:15,995 [5e6aa5c8-399e-4f2b-83ad-8941ce6c4360@group-EEFDD4169F4F-LeaderElection7] INFO  server.RaftServerConfigKeys (ConfUtils.java:logGet(43)) - raft.server.rpc.request.timeout = 3000ms (default)
2019-11-15 13:01:15,995 [5e6aa5c8-399e-4f2b-83ad-8941ce6c4360@group-EEFDD4169F4F-LeaderElection7] INFO  server.RaftServerConfigKeys (ConfUtils.java:logGet(43)) - raft.server.log.appender.install.snapshot.enabled = false (custom)
2019-11-15 13:01:15,997 [5e6aa5c8-399e-4f2b-83ad-8941ce6c4360@group-EEFDD4169F4F-LeaderElection7] INFO  impl.RoleInfo (RoleInfo.java:updateAndGet(143)) - 5e6aa5c8-399e-4f2b-83ad-8941ce6c4360: start LeaderState
2019-11-15 13:01:15,998 [5e6aa5c8-399e-4f2b-83ad-8941ce6c4360@group-EEFDD4169F4F-LeaderElection7] INFO  segmented.SegmentedRaftLogWorker (SegmentedRaftLogWorker.java:startLogSegment(385)) - 5e6aa5c8-399e-4f2b-83ad-8941ce6c4360@group-EEFDD4169F4F-SegmentedRaftLogWorker: Starting segment from index:0
2019-11-15 13:01:15,999 [5e6aa5c8-399e-4f2b-83ad-8941ce6c4360@group-EEFDD4169F4F-LeaderElection7] INFO  impl.RaftServerImpl (ServerState.java:setRaftConf(356)) - 5e6aa5c8-399e-4f2b-83ad-8941ce6c4360@group-EEFDD4169F4F: set configuration 0: [00157216-6769-49fc-be8b-b159d5324bfb:192.168.34.39:41357, 5e6aa5c8-399e-4f2b-83ad-8941ce6c4360:192.168.34.39:32875, c6072ae3-b340-4636-a946-94afbda72020:192.168.34.39:44276], old=null at 0
2019-11-15 13:01:16,053 [5e6aa5c8-399e-4f2b-83ad-8941ce6c4360@group-EEFDD4169F4F-SegmentedRaftLogWorker] INFO  segmented.SegmentedRaftLogWorker (SegmentedRaftLogWorker.java:execute(576)) - 5e6aa5c8-399e-4f2b-83ad-8941ce6c4360@group-EEFDD4169F4F-SegmentedRaftLogWorker: created new log segment /workdir/hadoop-ozone/tools/target/test-dir/MiniOzoneClusterImpl-3b87cbe9-70a4-48a6-8899-89aa69903b86/datanode-1/data/ratis/0d83807d-7922-4e47-ac96-eefdd4169f4f/current/log_inprogress_0
2019-11-15 13:01:16,061 [grpc-default-executor-4] INFO  ratis.XceiverServerRatis (XceiverServerRatis.java:handleLeaderChangedNotification(733)) - Leader change notification received for group: group-EEFDD4169F4F with new leaderId: 5e6aa5c8-399e-4f2b-83ad-8941ce6c4360
2019-11-15 13:01:16,061 [grpc-default-executor-0] INFO  ratis.XceiverServerRatis (XceiverServerRatis.java:handleLeaderChangedNotification(733)) - Leader change notification received for group: group-EEFDD4169F4F with new leaderId: 5e6aa5c8-399e-4f2b-83ad-8941ce6c4360
2019-11-15 13:01:16,062 [grpc-default-executor-4] INFO  impl.RaftServerImpl (ServerState.java:setLeader(255)) - c6072ae3-b340-4636-a946-94afbda72020@group-EEFDD4169F4F: change Leader from null to 5e6aa5c8-399e-4f2b-83ad-8941ce6c4360 at term 2 for appendEntries, leader elected after 10767ms
2019-11-15 13:01:16,062 [grpc-default-executor-0] INFO  impl.RaftServerImpl (ServerState.java:setLeader(255)) - 00157216-6769-49fc-be8b-b159d5324bfb@group-EEFDD4169F4F: change Leader from null to 5e6aa5c8-399e-4f2b-83ad-8941ce6c4360 at term 2 for appendEntries, leader elected after 10767ms
2019-11-15 13:01:16,094 [main] INFO  ozone.MiniOzoneClusterImpl (MiniOzoneClusterImpl.java:lambda$waitForClusterToBeReady$0(150)) - Nodes are ready. Got 3 of 3 DN Heartbeats.
2019-11-15 13:01:16,094 [main] INFO  ozone.MiniOzoneClusterImpl (MiniOzoneClusterImpl.java:lambda$waitForClusterToBeReady$0(153)) - Cluster exits safe mode
2019-11-15 13:01:16,094 [grpc-default-executor-4] INFO  impl.RaftServerImpl (ServerState.java:setRaftConf(356)) - c6072ae3-b340-4636-a946-94afbda72020@group-EEFDD4169F4F: set configuration 0: [00157216-6769-49fc-be8b-b159d5324bfb:192.168.34.39:41357, 5e6aa5c8-399e-4f2b-83ad-8941ce6c4360:192.168.34.39:32875, c6072ae3-b340-4636-a946-94afbda72020:192.168.34.39:44276], old=null at 0
2019-11-15 13:01:16,094 [grpc-default-executor-0] INFO  impl.RaftServerImpl (ServerState.java:setRaftConf(356)) - 00157216-6769-49fc-be8b-b159d5324bfb@group-EEFDD4169F4F: set configuration 0: [00157216-6769-49fc-be8b-b159d5324bfb:192.168.34.39:41357, 5e6aa5c8-399e-4f2b-83ad-8941ce6c4360:192.168.34.39:32875, c6072ae3-b340-4636-a946-94afbda72020:192.168.34.39:44276], old=null at 0
2019-11-15 13:01:16,094 [grpc-default-executor-4] INFO  segmented.SegmentedRaftLogWorker (SegmentedRaftLogWorker.java:startLogSegment(385)) - c6072ae3-b340-4636-a946-94afbda72020@group-EEFDD4169F4F-SegmentedRaftLogWorker: Starting segment from index:0
2019-11-15 13:01:16,094 [grpc-default-executor-0] INFO  segmented.SegmentedRaftLogWorker (SegmentedRaftLogWorker.java:startLogSegment(385)) - 00157216-6769-49fc-be8b-b159d5324bfb@group-EEFDD4169F4F-SegmentedRaftLogWorker: Starting segment from index:0
2019-11-15 13:01:16,134 [c6072ae3-b340-4636-a946-94afbda72020@group-EEFDD4169F4F-SegmentedRaftLogWorker] INFO  segmented.SegmentedRaftLogWorker (SegmentedRaftLogWorker.java:execute(576)) - c6072ae3-b340-4636-a946-94afbda72020@group-EEFDD4169F4F-SegmentedRaftLogWorker: created new log segment /workdir/hadoop-ozone/tools/target/test-dir/MiniOzoneClusterImpl-3b87cbe9-70a4-48a6-8899-89aa69903b86/datanode-0/data/ratis/0d83807d-7922-4e47-ac96-eefdd4169f4f/current/log_inprogress_0
2019-11-15 13:01:16,134 [00157216-6769-49fc-be8b-b159d5324bfb@group-EEFDD4169F4F-SegmentedRaftLogWorker] INFO  segmented.SegmentedRaftLogWorker (SegmentedRaftLogWorker.java:execute(576)) - 00157216-6769-49fc-be8b-b159d5324bfb@group-EEFDD4169F4F-SegmentedRaftLogWorker: created new log segment /workdir/hadoop-ozone/tools/target/test-dir/MiniOzoneClusterImpl-3b87cbe9-70a4-48a6-8899-89aa69903b86/datanode-2/data/ratis/0d83807d-7922-4e47-ac96-eefdd4169f4f/current/log_inprogress_0
2019-11-15 13:01:16,872 [main] INFO  freon.RandomKeyGenerator (RandomKeyGenerator.java:call(283)) - Number of Threads: 10
2019-11-15 13:01:16,873 [main] INFO  freon.RandomKeyGenerator (RandomKeyGenerator.java:call(288)) - Number of Volumes: 1.
2019-11-15 13:01:16,873 [main] INFO  freon.RandomKeyGenerator (RandomKeyGenerator.java:call(289)) - Number of Buckets per Volume: 1.
2019-11-15 13:01:16,873 [main] INFO  freon.RandomKeyGenerator (RandomKeyGenerator.java:call(290)) - Number of Keys per Bucket: 1.
2019-11-15 13:01:16,873 [main] INFO  freon.RandomKeyGenerator (RandomKeyGenerator.java:call(291)) - Key size: 20971520 bytes
2019-11-15 13:01:16,873 [main] INFO  freon.RandomKeyGenerator (RandomKeyGenerator.java:call(292)) - Buffer size: 4096 bytes
2019-11-15 13:01:16,874 [main] INFO  freon.RandomKeyGenerator (RandomKeyGenerator.java:call(293)) - validateWrites : true
2019-11-15 13:01:16,878 [main] INFO  freon.RandomKeyGenerator (RandomKeyGenerator.java:call(307)) - Data validation is enabled.
2019-11-15 13:01:16,879 [main] INFO  freon.RandomKeyGenerator (RandomKeyGenerator.java:call(313)) - Starting progress bar Thread.

 0.00% |?                                                                                                    |  0/1 Time: 0:00:002019-11-15 13:01:16,904 [pool-53-thread-1] INFO  rpc.RpcClient (RpcClient.java:createVolume(292)) - Creating Volume: vol-0-80179, with jenkins1000 as owner.
2019-11-15 13:01:16,949 [IPC Server handler 1 on 36330] INFO  volume.OMVolumeCreateRequest (OMVolumeCreateRequest.java:validateAndUpdateCache(193)) - created volume:vol-0-80179 for user:jenkins1000
2019-11-15 13:01:17,000 [pool-53-thread-2] INFO  rpc.RpcClient (RpcClient.java:createBucket(431)) - Creating Bucket: vol-0-80179/bucket-0-75522, with Versioning false and Storage Type set to DISK and Encryption set to false 
2019-11-15 13:01:17,157 [pool-53-thread-3] INFO  impl.MetricsSystemImpl (MetricsSystemImpl.java:init(158)) - XceiverClientMetrics metrics system started (again)
 0.00% |?                                                                                                    |  0/1 Time: 0:00:01 0.00% |?                                                                                                    |  0/1 Time: 0:00:022019-11-15 13:01:18,994 [Thread-217] INFO  container.ReplicationManager (ReplicationManager.java:start(162)) - Starting Replication Monitor Thread.
2019-11-15 13:01:18,997 [ReplicationMonitor] INFO  container.ReplicationManager (ReplicationManager.java:run(225)) - Replication Monitor Thread took 1 milliseconds for processing 3 containers.
 100.00% |?????????????????????????????????????????????????????????????????????????????????????????????????????|  1/1 Time: 0:00:03
2019-11-15 13:01:24,385 [main] INFO  pipeline.SCMPipelineManager (SCMPipelineManager.java:finalizeAndDestroyPipeline(333)) - destroying pipeline:Pipeline[ Id: 0d83807d-7922-4e47-ac96-eefdd4169f4f, Nodes: 5e6aa5c8-399e-4f2b-83ad-8941ce6c4360{ip: 192.168.34.39, host: pr-hdds-2503-7zl9w-2300970352, networkLocation: /default-rack, certSerialId: null}c6072ae3-b340-4636-a946-94afbda72020{ip: 192.168.34.39, host: pr-hdds-2503-7zl9w-2300970352, networkLocation: /default-rack, certSerialId: null}00157216-6769-49fc-be8b-b159d5324bfb{ip: 192.168.34.39, host: pr-hdds-2503-7zl9w-2300970352, networkLocation: /default-rack, certSerialId: null}, Type:RATIS, Factor:THREE, State:OPEN]
2019-11-15 13:01:24,385 [main] INFO  pipeline.PipelineStateManager (PipelineStateManager.java:finalizePipeline(121)) - Pipeline Pipeline[ Id: 0d83807d-7922-4e47-ac96-eefdd4169f4f, Nodes: 5e6aa5c8-399e-4f2b-83ad-8941ce6c4360{ip: 192.168.34.39, host: pr-hdds-2503-7zl9w-2300970352, networkLocation: /default-rack, certSerialId: null}c6072ae3-b340-4636-a946-94afbda72020{ip: 192.168.34.39, host: pr-hdds-2503-7zl9w-2300970352, networkLocation: /default-rack, certSerialId: null}00157216-6769-49fc-be8b-b159d5324bfb{ip: 192.168.34.39, host: pr-hdds-2503-7zl9w-2300970352, networkLocation: /default-rack, certSerialId: null}, Type:RATIS, Factor:THREE, State:CLOSED] moved to CLOSED state
2019-11-15 13:01:24,386 [EventQueue-CloseContainerForCloseContainerEventHandler] INFO  container.CloseContainerEventHandler (CloseContainerEventHandler.java:onMessage(61)) - Close container Event triggered for container : #1
2019-11-15 13:01:24,387 [main] INFO  pipeline.RatisPipelineProvider (RatisPipelineProvider.java:lambda$close$5(207)) - Send pipeline:PipelineID=0d83807d-7922-4e47-ac96-eefdd4169f4f close command to datanode 5e6aa5c8-399e-4f2b-83ad-8941ce6c4360
2019-11-15 13:01:24,388 [main] INFO  pipeline.RatisPipelineProvider (RatisPipelineProvider.java:lambda$close$5(207)) - Send pipeline:PipelineID=0d83807d-7922-4e47-ac96-eefdd4169f4f close command to datanode c6072ae3-b340-4636-a946-94afbda72020
2019-11-15 13:01:24,388 [main] INFO  pipeline.RatisPipelineProvider (RatisPipelineProvider.java:lambda$close$5(207)) - Send pipeline:PipelineID=0d83807d-7922-4e47-ac96-eefdd4169f4f close command to datanode 00157216-6769-49fc-be8b-b159d5324bfb
2019-11-15 13:01:24,400 [main] INFO  pipeline.PipelineStateManager (PipelineStateManager.java:removePipeline(106)) - Pipeline Pipeline[ Id: 0d83807d-7922-4e47-ac96-eefdd4169f4f, Nodes: 5e6aa5c8-399e-4f2b-83ad-8941ce6c4360{ip: 192.168.34.39, host: pr-hdds-2503-7zl9w-2300970352, networkLocation: /default-rack, certSerialId: null}c6072ae3-b340-4636-a946-94afbda72020{ip: 192.168.34.39, host: pr-hdds-2503-7zl9w-2300970352, networkLocation: /default-rack, certSerialId: null}00157216-6769-49fc-be8b-b159d5324bfb{ip: 192.168.34.39, host: pr-hdds-2503-7zl9w-2300970352, networkLocation: /default-rack, certSerialId: null}, Type:RATIS, Factor:THREE, State:CLOSED] removed from db
2019-11-15 13:01:24,403 [EventQueue-CloseContainerForCloseContainerEventHandler] INFO  container.CloseContainerEventHandler (CloseContainerEventHandler.java:onMessage(61)) - Close container Event triggered for container : #2
2019-11-15 13:01:24,403 [RatisPipelineUtilsThread] INFO  pipeline.RatisPipelineProvider (RatisPipelineProvider.java:lambda$create$4(163)) - Send pipeline:PipelineID=ed7b621f-f395-4c94-babc-43ccdb120bbb create command to datanode 5e6aa5c8-399e-4f2b-83ad-8941ce6c4360
2019-11-15 13:01:24,404 [RatisPipelineUtilsThread] INFO  pipeline.RatisPipelineProvider (RatisPipelineProvider.java:lambda$create$4(163)) - Send pipeline:PipelineID=ed7b621f-f395-4c94-babc-43ccdb120bbb create command to datanode c6072ae3-b340-4636-a946-94afbda72020
2019-11-15 13:01:24,404 [RatisPipelineUtilsThread] INFO  pipeline.RatisPipelineProvider (RatisPipelineProvider.java:lambda$create$4(163)) - Send pipeline:PipelineID=ed7b621f-f395-4c94-babc-43ccdb120bbb create command to datanode 00157216-6769-49fc-be8b-b159d5324bfb
2019-11-15 13:01:24,405 [RatisPipelineUtilsThread] INFO  pipeline.PipelineStateManager (PipelineStateManager.java:addPipeline(55)) - Created pipeline Pipeline[ Id: ed7b621f-f395-4c94-babc-43ccdb120bbb, Nodes: 5e6aa5c8-399e-4f2b-83ad-8941ce6c4360{ip: 192.168.34.39, host: pr-hdds-2503-7zl9w-2300970352, networkLocation: /default-rack, certSerialId: null}c6072ae3-b340-4636-a946-94afbda72020{ip: 192.168.34.39, host: pr-hdds-2503-7zl9w-2300970352, networkLocation: /default-rack, certSerialId: null}00157216-6769-49fc-be8b-b159d5324bfb{ip: 192.168.34.39, host: pr-hdds-2503-7zl9w-2300970352, networkLocation: /default-rack, certSerialId: null}, Type:RATIS, Factor:THREE, State:ALLOCATED]
2019-11-15 13:01:24,407 [EventQueue-CloseContainerForCloseContainerEventHandler] ERROR container.CloseContainerEventHandler (CloseContainerEventHandler.java:onMessage(89)) - Failed to close the container #2.
org.apache.hadoop.hdds.scm.pipeline.PipelineNotFoundException: PipelineID=0d83807d-7922-4e47-ac96-eefdd4169f4f not found
	at org.apache.hadoop.hdds.scm.pipeline.PipelineStateMap.removeContainerFromPipeline(PipelineStateMap.java:351)
	at org.apache.hadoop.hdds.scm.pipeline.PipelineStateManager.removeContainerFromPipeline(PipelineStateManager.java:112)
	at org.apache.hadoop.hdds.scm.pipeline.SCMPipelineManager.removeContainerFromPipeline(SCMPipelineManager.java:286)
	at org.apache.hadoop.hdds.scm.container.SCMContainerManager.updateContainerState(SCMContainerManager.java:331)
	at org.apache.hadoop.hdds.scm.container.CloseContainerEventHandler.onMessage(CloseContainerEventHandler.java:66)
	at org.apache.hadoop.hdds.scm.container.CloseContainerEventHandler.onMessage(CloseContainerEventHandler.java:45)
	at org.apache.hadoop.hdds.server.events.SingleThreadExecutor.lambda$onMessage$1(SingleThreadExecutor.java:85)
	at java.util.concurrent.ThreadPoolExecutor.runWorker(ThreadPoolExecutor.java:1149)
	at java.util.concurrent.ThreadPoolExecutor$Worker.run(ThreadPoolExecutor.java:624)
	at java.lang.Thread.run(Thread.java:748)
2019-11-15 13:01:24,408 [EventQueue-CloseContainerForCloseContainerEventHandler] INFO  container.CloseContainerEventHandler (CloseContainerEventHandler.java:onMessage(61)) - Close container Event triggered for container : #3
2019-11-15 13:01:24,409 [EventQueue-CloseContainerForCloseContainerEventHandler] ERROR container.CloseContainerEventHandler (CloseContainerEventHandler.java:onMessage(89)) - Failed to close the container #3.
org.apache.hadoop.hdds.scm.pipeline.PipelineNotFoundException: PipelineID=0d83807d-7922-4e47-ac96-eefdd4169f4f not found
	at org.apache.hadoop.hdds.scm.pipeline.PipelineStateMap.removeContainerFromPipeline(PipelineStateMap.java:351)
	at org.apache.hadoop.hdds.scm.pipeline.PipelineStateManager.removeContainerFromPipeline(PipelineStateManager.java:112)
	at org.apache.hadoop.hdds.scm.pipeline.SCMPipelineManager.removeContainerFromPipeline(SCMPipelineManager.java:286)
	at org.apache.hadoop.hdds.scm.container.SCMContainerManager.updateContainerState(SCMContainerManager.java:331)
	at org.apache.hadoop.hdds.scm.container.CloseContainerEventHandler.onMessage(CloseContainerEventHandler.java:66)
	at org.apache.hadoop.hdds.scm.container.CloseContainerEventHandler.onMessage(CloseContainerEventHandler.java:45)
	at org.apache.hadoop.hdds.server.events.SingleThreadExecutor.lambda$onMessage$1(SingleThreadExecutor.java:85)
	at java.util.concurrent.ThreadPoolExecutor.runWorker(ThreadPoolExecutor.java:1149)
	at java.util.concurrent.ThreadPoolExecutor$Worker.run(ThreadPoolExecutor.java:624)
	at java.lang.Thread.run(Thread.java:748)
2019-11-15 13:01:24,515 [main] INFO  freon.RandomKeyGenerator (RandomKeyGenerator.java:call(283)) - Number of Threads: 10
2019-11-15 13:01:24,516 [main] INFO  freon.RandomKeyGenerator (RandomKeyGenerator.java:call(288)) - Number of Volumes: 1.
2019-11-15 13:01:24,516 [main] INFO  freon.RandomKeyGenerator (RandomKeyGenerator.java:call(289)) - Number of Buckets per Volume: 1.
2019-11-15 13:01:24,516 [main] INFO  freon.RandomKeyGenerator (RandomKeyGenerator.java:call(290)) - Number of Keys per Bucket: 1.
2019-11-15 13:01:24,516 [main] INFO  freon.RandomKeyGenerator (RandomKeyGenerator.java:call(291)) - Key size: 20971520 bytes
2019-11-15 13:01:24,516 [main] INFO  freon.RandomKeyGenerator (RandomKeyGenerator.java:call(292)) - Buffer size: 4096 bytes
2019-11-15 13:01:24,516 [main] INFO  freon.RandomKeyGenerator (RandomKeyGenerator.java:call(293)) - validateWrites : true
2019-11-15 13:01:24,518 [pool-59-thread-1] INFO  rpc.RpcClient (RpcClient.java:createVolume(292)) - Creating Volume: vol-0-15863, with jenkins1000 as owner.
2019-11-15 13:01:24,518 [main] INFO  freon.RandomKeyGenerator (RandomKeyGenerator.java:call(307)) - Data validation is enabled.
2019-11-15 13:01:24,518 [main] INFO  freon.RandomKeyGenerator (RandomKeyGenerator.java:call(313)) - Starting progress bar Thread.

 0.00% |?                                                                                                    |  0/1 Time: 0:00:002019-11-15 13:01:24,521 [IPC Server handler 1 on 36330] INFO  volume.OMVolumeCreateRequest (OMVolumeCreateRequest.java:validateAndUpdateCache(193)) - created volume:vol-0-15863 for user:jenkins1000
2019-11-15 13:01:24,551 [pool-59-thread-3] INFO  rpc.RpcClient (RpcClient.java:createBucket(431)) - Creating Bucket: vol-0-15863/bucket-0-46583, with Versioning false and Storage Type set to DISK and Encryption set to false 
2019-11-15 13:01:24,585 [IPC Server handler 9 on 46352] WARN  block.BlockManagerImpl (BlockManagerImpl.java:allocateBlock(203)) - Pipeline creation failed for type:RATIS factor:THREE. Retrying get pipelines call once.
org.apache.hadoop.hdds.scm.pipeline.InsufficientDatanodesException: Cannot create pipeline of factor 3 using 0 nodes.
	at org.apache.hadoop.hdds.scm.pipeline.RatisPipelineProvider.create(RatisPipelineProvider.java:144)
	at org.apache.hadoop.hdds.scm.pipeline.PipelineFactory.create(PipelineFactory.java:60)
	at org.apache.hadoop.hdds.scm.pipeline.SCMPipelineManager.createPipeline(SCMPipelineManager.java:159)
	at org.apache.hadoop.hdds.scm.block.BlockManagerImpl.allocateBlock(BlockManagerImpl.java:199)
	at org.apache.hadoop.hdds.scm.server.SCMBlockProtocolServer.allocateBlock(SCMBlockProtocolServer.java:187)
	at org.apache.hadoop.hdds.scm.protocol.ScmBlockLocationProtocolServerSideTranslatorPB.allocateScmBlock(ScmBlockLocationProtocolServerSideTranslatorPB.java:159)
	at org.apache.hadoop.hdds.scm.protocol.ScmBlockLocationProtocolServerSideTranslatorPB.processMessage(ScmBlockLocationProtocolServerSideTranslatorPB.java:117)
	at org.apache.hadoop.hdds.server.OzoneProtocolMessageDispatcher.processRequest(OzoneProtocolMessageDispatcher.java:72)
	at org.apache.hadoop.hdds.scm.protocol.ScmBlockLocationProtocolServerSideTranslatorPB.send(ScmBlockLocationProtocolServerSideTranslatorPB.java:98)
	at org.apache.hadoop.hdds.protocol.proto.ScmBlockLocationProtocolProtos$ScmBlockLocationProtocolService$2.callBlockingMethod(ScmBlockLocationProtocolProtos.java:13157)
	at org.apache.hadoop.ipc.ProtobufRpcEngine$Server$ProtoBufRpcInvoker.call(ProtobufRpcEngine.java:524)
	at org.apache.hadoop.ipc.RPC$Server.call(RPC.java:1025)
	at org.apache.hadoop.ipc.Server$RpcCall.run(Server.java:876)
	at org.apache.hadoop.ipc.Server$RpcCall.run(Server.java:822)
	at java.security.AccessController.doPrivileged(Native Method)
	at javax.security.auth.Subject.doAs(Subject.java:422)
	at org.apache.hadoop.security.UserGroupInformation.doAs(UserGroupInformation.java:1730)
	at org.apache.hadoop.ipc.Server$Handler.run(Server.java:2682)
2019-11-15 13:01:24,585 [IPC Server handler 9 on 46352] INFO  block.BlockManagerImpl (BlockManagerImpl.java:allocateBlock(215)) - Could not find available pipeline of type:RATIS and factor:THREE even after retrying
2019-11-15 13:01:24,586 [IPC Server handler 9 on 46352] ERROR block.BlockManagerImpl (BlockManagerImpl.java:allocateBlock(239)) - Unable to allocate a block for the size: 4194304, type: RATIS, factor: THREE
2019-11-15 13:01:24,586 [IPC Server handler 9 on 46352] WARN  block.BlockManagerImpl (BlockManagerImpl.java:allocateBlock(203)) - Pipeline creation failed for type:RATIS factor:THREE. Retrying get pipelines call once.
org.apache.hadoop.hdds.scm.pipeline.InsufficientDatanodesException: Cannot create pipeline of factor 3 using 0 nodes.
	at org.apache.hadoop.hdds.scm.pipeline.RatisPipelineProvider.create(RatisPipelineProvider.java:144)
	at org.apache.hadoop.hdds.scm.pipeline.PipelineFactory.create(PipelineFactory.java:60)
	at org.apache.hadoop.hdds.scm.pipeline.SCMPipelineManager.createPipeline(SCMPipelineManager.java:159)
	at org.apache.hadoop.hdds.scm.block.BlockManagerImpl.allocateBlock(BlockManagerImpl.java:199)
	at org.apache.hadoop.hdds.scm.server.SCMBlockProtocolServer.allocateBlock(SCMBlockProtocolServer.java:187)
	at org.apache.hadoop.hdds.scm.protocol.ScmBlockLocationProtocolServerSideTranslatorPB.allocateScmBlock(ScmBlockLocationProtocolServerSideTranslatorPB.java:159)
	at org.apache.hadoop.hdds.scm.protocol.ScmBlockLocationProtocolServerSideTranslatorPB.processMessage(ScmBlockLocationProtocolServerSideTranslatorPB.java:117)
	at org.apache.hadoop.hdds.server.OzoneProtocolMessageDispatcher.processRequest(OzoneProtocolMessageDispatcher.java:72)
	at org.apache.hadoop.hdds.scm.protocol.ScmBlockLocationProtocolServerSideTranslatorPB.send(ScmBlockLocationProtocolServerSideTranslatorPB.java:98)
	at org.apache.hadoop.hdds.protocol.proto.ScmBlockLocationProtocolProtos$ScmBlockLocationProtocolService$2.callBlockingMethod(ScmBlockLocationProtocolProtos.java:13157)
	at org.apache.hadoop.ipc.ProtobufRpcEngine$Server$ProtoBufRpcInvoker.call(ProtobufRpcEngine.java:524)
	at org.apache.hadoop.ipc.RPC$Server.call(RPC.java:1025)
	at org.apache.hadoop.ipc.Server$RpcCall.run(Server.java:876)
	at org.apache.hadoop.ipc.Server$RpcCall.run(Server.java:822)
	at java.security.AccessController.doPrivileged(Native Method)
	at javax.security.auth.Subject.doAs(Subject.java:422)
	at org.apache.hadoop.security.UserGroupInformation.doAs(UserGroupInformation.java:1730)
	at org.apache.hadoop.ipc.Server$Handler.run(Server.java:2682)
2019-11-15 13:01:24,586 [IPC Server handler 9 on 46352] INFO  block.BlockManagerImpl (BlockManagerImpl.java:allocateBlock(215)) - Could not find available pipeline of type:RATIS and factor:THREE even after retrying
2019-11-15 13:01:24,587 [IPC Server handler 9 on 46352] ERROR block.BlockManagerImpl (BlockManagerImpl.java:allocateBlock(239)) - Unable to allocate a block for the size: 4194304, type: RATIS, factor: THREE
2019-11-15 13:01:24,587 [IPC Server handler 9 on 46352] WARN  block.BlockManagerImpl (BlockManagerImpl.java:allocateBlock(203)) - Pipeline creation failed for type:RATIS factor:THREE. Retrying get pipelines call once.
org.apache.hadoop.hdds.scm.pipeline.InsufficientDatanodesException: Cannot create pipeline of factor 3 using 0 nodes.
	at org.apache.hadoop.hdds.scm.pipeline.RatisPipelineProvider.create(RatisPipelineProvider.java:144)
	at org.apache.hadoop.hdds.scm.pipeline.PipelineFactory.create(PipelineFactory.java:60)
	at org.apache.hadoop.hdds.scm.pipeline.SCMPipelineManager.createPipeline(SCMPipelineManager.java:159)
	at org.apache.hadoop.hdds.scm.block.BlockManagerImpl.allocateBlock(BlockManagerImpl.java:199)
	at org.apache.hadoop.hdds.scm.server.SCMBlockProtocolServer.allocateBlock(SCMBlockProtocolServer.java:187)
	at org.apache.hadoop.hdds.scm.protocol.ScmBlockLocationProtocolServerSideTranslatorPB.allocateScmBlock(ScmBlockLocationProtocolServerSideTranslatorPB.java:159)
	at org.apache.hadoop.hdds.scm.protocol.ScmBlockLocationProtocolServerSideTranslatorPB.processMessage(ScmBlockLocationProtocolServerSideTranslatorPB.java:117)
	at org.apache.hadoop.hdds.server.OzoneProtocolMessageDispatcher.processRequest(OzoneProtocolMessageDispatcher.java:72)
	at org.apache.hadoop.hdds.scm.protocol.ScmBlockLocationProtocolServerSideTranslatorPB.send(ScmBlockLocationProtocolServerSideTranslatorPB.java:98)
	at org.apache.hadoop.hdds.protocol.proto.ScmBlockLocationProtocolProtos$ScmBlockLocationProtocolService$2.callBlockingMethod(ScmBlockLocationProtocolProtos.java:13157)
	at org.apache.hadoop.ipc.ProtobufRpcEngine$Server$ProtoBufRpcInvoker.call(ProtobufRpcEngine.java:524)
	at org.apache.hadoop.ipc.RPC$Server.call(RPC.java:1025)
	at org.apache.hadoop.ipc.Server$RpcCall.run(Server.java:876)
	at org.apache.hadoop.ipc.Server$RpcCall.run(Server.java:822)
	at java.security.AccessController.doPrivileged(Native Method)
	at javax.security.auth.Subject.doAs(Subject.java:422)
	at org.apache.hadoop.security.UserGroupInformation.doAs(UserGroupInformation.java:1730)
	at org.apache.hadoop.ipc.Server$Handler.run(Server.java:2682)
2019-11-15 13:01:24,587 [IPC Server handler 9 on 46352] INFO  block.BlockManagerImpl (BlockManagerImpl.java:allocateBlock(215)) - Could not find available pipeline of type:RATIS and factor:THREE even after retrying
2019-11-15 13:01:24,588 [IPC Server handler 9 on 46352] ERROR block.BlockManagerImpl (BlockManagerImpl.java:allocateBlock(239)) - Unable to allocate a block for the size: 4194304, type: RATIS, factor: THREE
2019-11-15 13:01:24,589 [IPC Server handler 9 on 46352] WARN  block.BlockManagerImpl (BlockManagerImpl.java:allocateBlock(203)) - Pipeline creation failed for type:RATIS factor:THREE. Retrying get pipelines call once.
org.apache.hadoop.hdds.scm.pipeline.InsufficientDatanodesException: Cannot create pipeline of factor 3 using 0 nodes.
	at org.apache.hadoop.hdds.scm.pipeline.RatisPipelineProvider.create(RatisPipelineProvider.java:144)
	at org.apache.hadoop.hdds.scm.pipeline.PipelineFactory.create(PipelineFactory.java:60)
	at org.apache.hadoop.hdds.scm.pipeline.SCMPipelineManager.createPipeline(SCMPipelineManager.java:159)
	at org.apache.hadoop.hdds.scm.block.BlockManagerImpl.allocateBlock(BlockManagerImpl.java:199)
	at org.apache.hadoop.hdds.scm.server.SCMBlockProtocolServer.allocateBlock(SCMBlockProtocolServer.java:187)
	at org.apache.hadoop.hdds.scm.protocol.ScmBlockLocationProtocolServerSideTranslatorPB.allocateScmBlock(ScmBlockLocationProtocolServerSideTranslatorPB.java:159)
	at org.apache.hadoop.hdds.scm.protocol.ScmBlockLocationProtocolServerSideTranslatorPB.processMessage(ScmBlockLocationProtocolServerSideTranslatorPB.java:117)
	at org.apache.hadoop.hdds.server.OzoneProtocolMessageDispatcher.processRequest(OzoneProtocolMessageDispatcher.java:72)
	at org.apache.hadoop.hdds.scm.protocol.ScmBlockLocationProtocolServerSideTranslatorPB.send(ScmBlockLocationProtocolServerSideTranslatorPB.java:98)
	at org.apache.hadoop.hdds.protocol.proto.ScmBlockLocationProtocolProtos$ScmBlockLocationProtocolService$2.callBlockingMethod(ScmBlockLocationProtocolProtos.java:13157)
	at org.apache.hadoop.ipc.ProtobufRpcEngine$Server$ProtoBufRpcInvoker.call(ProtobufRpcEngine.java:524)
	at org.apache.hadoop.ipc.RPC$Server.call(RPC.java:1025)
	at org.apache.hadoop.ipc.Server$RpcCall.run(Server.java:876)
	at org.apache.hadoop.ipc.Server$RpcCall.run(Server.java:822)
	at java.security.AccessController.doPrivileged(Native Method)
	at javax.security.auth.Subject.doAs(Subject.java:422)
	at org.apache.hadoop.security.UserGroupInformation.doAs(UserGroupInformation.java:1730)
	at org.apache.hadoop.ipc.Server$Handler.run(Server.java:2682)
2019-11-15 13:01:24,589 [IPC Server handler 9 on 46352] INFO  block.BlockManagerImpl (BlockManagerImpl.java:allocateBlock(215)) - Could not find available pipeline of type:RATIS and factor:THREE even after retrying
2019-11-15 13:01:24,589 [IPC Server handler 9 on 46352] ERROR block.BlockManagerImpl (BlockManagerImpl.java:allocateBlock(239)) - Unable to allocate a block for the size: 4194304, type: RATIS, factor: THREE
2019-11-15 13:01:24,590 [IPC Server handler 9 on 46352] WARN  block.BlockManagerImpl (BlockManagerImpl.java:allocateBlock(203)) - Pipeline creation failed for type:RATIS factor:THREE. Retrying get pipelines call once.
org.apache.hadoop.hdds.scm.pipeline.InsufficientDatanodesException: Cannot create pipeline of factor 3 using 0 nodes.
	at org.apache.hadoop.hdds.scm.pipeline.RatisPipelineProvider.create(RatisPipelineProvider.java:144)
	at org.apache.hadoop.hdds.scm.pipeline.PipelineFactory.create(PipelineFactory.java:60)
	at org.apache.hadoop.hdds.scm.pipeline.SCMPipelineManager.createPipeline(SCMPipelineManager.java:159)
	at org.apache.hadoop.hdds.scm.block.BlockManagerImpl.allocateBlock(BlockManagerImpl.java:199)
	at org.apache.hadoop.hdds.scm.server.SCMBlockProtocolServer.allocateBlock(SCMBlockProtocolServer.java:187)
	at org.apache.hadoop.hdds.scm.protocol.ScmBlockLocationProtocolServerSideTranslatorPB.allocateScmBlock(ScmBlockLocationProtocolServerSideTranslatorPB.java:159)
	at org.apache.hadoop.hdds.scm.protocol.ScmBlockLocationProtocolServerSideTranslatorPB.processMessage(ScmBlockLocationProtocolServerSideTranslatorPB.java:117)
	at org.apache.hadoop.hdds.server.OzoneProtocolMessageDispatcher.processRequest(OzoneProtocolMessageDispatcher.java:72)
	at org.apache.hadoop.hdds.scm.protocol.ScmBlockLocationProtocolServerSideTranslatorPB.send(ScmBlockLocationProtocolServerSideTranslatorPB.java:98)
	at org.apache.hadoop.hdds.protocol.proto.ScmBlockLocationProtocolProtos$ScmBlockLocationProtocolService$2.callBlockingMethod(ScmBlockLocationProtocolProtos.java:13157)
	at org.apache.hadoop.ipc.ProtobufRpcEngine$Server$ProtoBufRpcInvoker.call(ProtobufRpcEngine.java:524)
	at org.apache.hadoop.ipc.RPC$Server.call(RPC.java:1025)
	at org.apache.hadoop.ipc.Server$RpcCall.run(Server.java:876)
	at org.apache.hadoop.ipc.Server$RpcCall.run(Server.java:822)
	at java.security.AccessController.doPrivileged(Native Method)
	at javax.security.auth.Subject.doAs(Subject.java:422)
	at org.apache.hadoop.security.UserGroupInformation.doAs(UserGroupInformation.java:1730)
	at org.apache.hadoop.ipc.Server$Handler.run(Server.java:2682)
2019-11-15 13:01:24,590 [IPC Server handler 9 on 46352] INFO  block.BlockManagerImpl (BlockManagerImpl.java:allocateBlock(215)) - Could not find available pipeline of type:RATIS and factor:THREE even after retrying
2019-11-15 13:01:24,590 [IPC Server handler 9 on 46352] ERROR block.BlockManagerImpl (BlockManagerImpl.java:allocateBlock(239)) - Unable to allocate a block for the size: 4194304, type: RATIS, factor: THREE
2019-11-15 13:01:24,595 [pool-59-thread-2] ERROR freon.RandomKeyGenerator (RandomKeyGenerator.java:createKey(735)) - Exception while adding key: key-0-65371 in bucket: bucket-0-46583 of volume: vol-0-15863.
INTERNAL_ERROR org.apache.hadoop.ozone.om.exceptions.OMException: Allocated 0 blocks. Requested 5 blocks
	at org.apache.hadoop.ozone.om.protocolPB.OzoneManagerProtocolClientSideTranslatorPB.handleError(OzoneManagerProtocolClientSideTranslatorPB.java:761)
	at org.apache.hadoop.ozone.om.protocolPB.OzoneManagerProtocolClientSideTranslatorPB.openKey(OzoneManagerProtocolClientSideTranslatorPB.java:752)
	at sun.reflect.NativeMethodAccessorImpl.invoke0(Native Method)
	at sun.reflect.NativeMethodAccessorImpl.invoke(NativeMethodAccessorImpl.java:62)
	at sun.reflect.DelegatingMethodAccessorImpl.invoke(DelegatingMethodAccessorImpl.java:43)
	at java.lang.reflect.Method.invoke(Method.java:498)
	at org.apache.hadoop.hdds.tracing.TraceAllMethod.invoke(TraceAllMethod.java:66)
	at com.sun.proxy.$Proxy37.openKey(Unknown Source)
	at org.apache.hadoop.ozone.client.rpc.RpcClient.createKey(RpcClient.java:633)
	at org.apache.hadoop.ozone.client.OzoneBucket.createKey(OzoneBucket.java:325)
	at org.apache.hadoop.ozone.freon.RandomKeyGenerator.createKey(RandomKeyGenerator.java:697)
	at org.apache.hadoop.ozone.freon.RandomKeyGenerator.access$1100(RandomKeyGenerator.java:88)
	at org.apache.hadoop.ozone.freon.RandomKeyGenerator$ObjectCreator.run(RandomKeyGenerator.java:615)
	at java.util.concurrent.Executors$RunnableAdapter.call(Executors.java:511)
	at java.util.concurrent.FutureTask.run(FutureTask.java:266)
	at java.util.concurrent.ThreadPoolExecutor.runWorker(ThreadPoolExecutor.java:1149)
	at java.util.concurrent.ThreadPoolExecutor$Worker.run(ThreadPoolExecutor.java:624)
	at java.lang.Thread.run(Thread.java:748)
 0.00% |?                                                                                                    |  0/1 Time: 0:00:012019-11-15 13:01:26,319 [Command processor thread] INFO  impl.RaftServerProxy (RaftServerProxy.java:remove(95)) - 00157216-6769-49fc-be8b-b159d5324bfb: remove  FOLLOWER 00157216-6769-49fc-be8b-b159d5324bfb@group-EEFDD4169F4F:t2, leader=5e6aa5c8-399e-4f2b-83ad-8941ce6c4360, voted=5e6aa5c8-399e-4f2b-83ad-8941ce6c4360, raftlog=00157216-6769-49fc-be8b-b159d5324bfb@group-EEFDD4169F4F-SegmentedRaftLog:OPENED:c77,f77,i77, conf=0: [00157216-6769-49fc-be8b-b159d5324bfb:192.168.34.39:41357, 5e6aa5c8-399e-4f2b-83ad-8941ce6c4360:192.168.34.39:32875, c6072ae3-b340-4636-a946-94afbda72020:192.168.34.39:44276], old=null RUNNING
2019-11-15 13:01:26,322 [Command processor thread] INFO  impl.RaftServerImpl (RaftServerImpl.java:lambda$shutdown$3(250)) - 00157216-6769-49fc-be8b-b159d5324bfb@group-EEFDD4169F4F: shutdown
2019-11-15 13:01:26,322 [Command processor thread] INFO  util.JmxRegister (JmxRegister.java:unregister(73)) - Successfully un-registered JMX Bean with object name Ratis:service=RaftServer,group=group-EEFDD4169F4F,id=00157216-6769-49fc-be8b-b159d5324bfb
2019-11-15 13:01:26,322 [Command processor thread] INFO  impl.RoleInfo (RoleInfo.java:shutdownFollowerState(121)) - 00157216-6769-49fc-be8b-b159d5324bfb: shutdown FollowerState
2019-11-15 13:01:26,323 [Command processor thread] INFO  impl.StateMachineUpdater (StateMachineUpdater.java:stopAndJoin(136)) - 00157216-6769-49fc-be8b-b159d5324bfb@group-EEFDD4169F4F-StateMachineUpdater: set stopIndex = 77
2019-11-15 13:01:26,323 [Thread-213] INFO  impl.FollowerState (FollowerState.java:run(120)) - 00157216-6769-49fc-be8b-b159d5324bfb@group-EEFDD4169F4F-FollowerState was interrupted: java.lang.InterruptedException: sleep interrupted
2019-11-15 13:01:26,324 [00157216-6769-49fc-be8b-b159d5324bfb@group-EEFDD4169F4F-StateMachineUpdater] INFO  ratis.ContainerStateMachine (ContainerStateMachine.java:takeSnapshot(285)) - group-EEFDD4169F4F: Taking a snapshot at:(t:2, i:75) file /workdir/hadoop-ozone/tools/target/test-dir/MiniOzoneClusterImpl-3b87cbe9-70a4-48a6-8899-89aa69903b86/datanode-2/data/ratis/0d83807d-7922-4e47-ac96-eefdd4169f4f/sm/snapshot.2_75
2019-11-15 13:01:26,366 [00157216-6769-49fc-be8b-b159d5324bfb@group-EEFDD4169F4F-StateMachineUpdater] INFO  ratis.ContainerStateMachine (ContainerStateMachine.java:takeSnapshot(296)) - group-EEFDD4169F4F: Finished taking a snapshot at:(t:2, i:75) file:/workdir/hadoop-ozone/tools/target/test-dir/MiniOzoneClusterImpl-3b87cbe9-70a4-48a6-8899-89aa69903b86/datanode-2/data/ratis/0d83807d-7922-4e47-ac96-eefdd4169f4f/sm/snapshot.2_75 time:44
2019-11-15 13:01:26,368 [00157216-6769-49fc-be8b-b159d5324bfb@group-EEFDD4169F4F-StateMachineUpdater] INFO  impl.StateMachineUpdater (StateMachineUpdater.java:takeSnapshot(269)) - 00157216-6769-49fc-be8b-b159d5324bfb@group-EEFDD4169F4F-StateMachineUpdater: Took a snapshot at index 75
2019-11-15 13:01:26,369 [00157216-6769-49fc-be8b-b159d5324bfb@group-EEFDD4169F4F-StateMachineUpdater] INFO  impl.StateMachineUpdater (StateMachineUpdater.java:lambda$new$0(84)) - 00157216-6769-49fc-be8b-b159d5324bfb@group-EEFDD4169F4F-StateMachineUpdater: snapshotIndex: updateIncreasingly -1 -> 75
2019-11-15 13:01:26,374 [00157216-6769-49fc-be8b-b159d5324bfb@group-EEFDD4169F4F-StateMachineUpdater] INFO  ratis.ContainerStateMachine (ContainerStateMachine.java:takeSnapshot(285)) - group-EEFDD4169F4F: Taking a snapshot at:(t:2, i:75) file /workdir/hadoop-ozone/tools/target/test-dir/MiniOzoneClusterImpl-3b87cbe9-70a4-48a6-8899-89aa69903b86/datanode-2/data/ratis/0d83807d-7922-4e47-ac96-eefdd4169f4f/sm/snapshot.2_75
2019-11-15 13:01:26,386 [00157216-6769-49fc-be8b-b159d5324bfb@group-EEFDD4169F4F-StateMachineUpdater] INFO  ratis.ContainerStateMachine (ContainerStateMachine.java:takeSnapshot(296)) - group-EEFDD4169F4F: Finished taking a snapshot at:(t:2, i:75) file:/workdir/hadoop-ozone/tools/target/test-dir/MiniOzoneClusterImpl-3b87cbe9-70a4-48a6-8899-89aa69903b86/datanode-2/data/ratis/0d83807d-7922-4e47-ac96-eefdd4169f4f/sm/snapshot.2_75 time:12
2019-11-15 13:01:26,387 [00157216-6769-49fc-be8b-b159d5324bfb@group-EEFDD4169F4F-StateMachineUpdater] INFO  impl.StateMachineUpdater (StateMachineUpdater.java:takeSnapshot(269)) - 00157216-6769-49fc-be8b-b159d5324bfb@group-EEFDD4169F4F-StateMachineUpdater: Took a snapshot at index 75
2019-11-15 13:01:26,387 [00157216-6769-49fc-be8b-b159d5324bfb@group-EEFDD4169F4F-StateMachineUpdater] INFO  impl.StateMachineUpdater (StateMachineUpdater.java:lambda$new$0(84)) - 00157216-6769-49fc-be8b-b159d5324bfb@group-EEFDD4169F4F-StateMachineUpdater: snapshotIndex: updateIncreasingly 75 -> 75
2019-11-15 13:01:26,387 [Command processor thread] INFO  impl.RaftServerImpl (ServerState.java:close(387)) - 00157216-6769-49fc-be8b-b159d5324bfb@group-EEFDD4169F4F: closes. applyIndex: 77
2019-11-15 13:01:26,390 [00157216-6769-49fc-be8b-b159d5324bfb@group-EEFDD4169F4F-SegmentedRaftLogWorker] INFO  segmented.SegmentedRaftLogWorker (SegmentedRaftLogWorker.java:run(316)) - 00157216-6769-49fc-be8b-b159d5324bfb@group-EEFDD4169F4F-SegmentedRaftLogWorker was interrupted, exiting. There are 0 tasks remaining in the queue.
2019-11-15 13:01:26,392 [Command processor thread] INFO  segmented.SegmentedRaftLogWorker (SegmentedRaftLogWorker.java:close(224)) - 00157216-6769-49fc-be8b-b159d5324bfb@group-EEFDD4169F4F-SegmentedRaftLogWorker close()
2019-11-15 13:01:26,429 [Command processor thread] INFO  interfaces.Container (KeyValueContainer.java:flushAndSyncDB(400)) - Container 1 is synced with bcsId 59.
2019-11-15 13:01:26,429 [Command processor thread] INFO  interfaces.Container (KeyValueContainer.java:flushAndSyncDB(400)) - Container 1 is synced with bcsId 59.
2019-11-15 13:01:26,446 [EventQueue-IncrementalContainerReportForIncrementalContainerReportHandler] INFO  container.IncrementalContainerReportHandler (AbstractContainerReportHandler.java:updateContainerState(171)) - Moving container #1 to QUASI_CLOSED state, datanode 00157216-6769-49fc-be8b-b159d5324bfb{ip: 192.168.34.39, host: pr-hdds-2503-7zl9w-2300970352, networkLocation: /default-rack, certSerialId: null} reported QUASI_CLOSED replica.
2019-11-15 13:01:26,470 [Command processor thread] INFO  interfaces.Container (KeyValueContainer.java:flushAndSyncDB(400)) - Container 2 is synced with bcsId 75.
2019-11-15 13:01:26,470 [Command processor thread] INFO  interfaces.Container (KeyValueContainer.java:flushAndSyncDB(400)) - Container 2 is synced with bcsId 75.
2019-11-15 13:01:26,486 [EventQueue-IncrementalContainerReportForIncrementalContainerReportHandler] INFO  container.IncrementalContainerReportHandler (AbstractContainerReportHandler.java:updateContainerState(171)) - Moving container #2 to QUASI_CLOSED state, datanode 00157216-6769-49fc-be8b-b159d5324bfb{ip: 192.168.34.39, host: pr-hdds-2503-7zl9w-2300970352, networkLocation: /default-rack, certSerialId: null} reported QUASI_CLOSED replica.
 0.00% |?                                                                                                    |  0/1 Time: 0:00:022019-11-15 13:01:26,524 [Command processor thread] INFO  interfaces.Container (KeyValueContainer.java:flushAndSyncDB(400)) - Container 3 is synced with bcsId 41.
2019-11-15 13:01:26,524 [Command processor thread] INFO  interfaces.Container (KeyValueContainer.java:flushAndSyncDB(400)) - Container 3 is synced with bcsId 41.
2019-11-15 13:01:26,530 [Command processor thread] INFO  commandhandler.ClosePipelineCommandHandler (ClosePipelineCommandHandler.java:handle(78)) - Close Pipeline #id: "0d83807d-7922-4e47-ac96-eefdd4169f4f"
 command on datanode #00157216-6769-49fc-be8b-b159d5324bfb.
2019-11-15 13:01:26,532 [EventQueue-IncrementalContainerReportForIncrementalContainerReportHandler] INFO  container.IncrementalContainerReportHandler (AbstractContainerReportHandler.java:updateContainerState(171)) - Moving container #3 to QUASI_CLOSED state, datanode 00157216-6769-49fc-be8b-b159d5324bfb{ip: 192.168.34.39, host: pr-hdds-2503-7zl9w-2300970352, networkLocation: /default-rack, certSerialId: null} reported QUASI_CLOSED replica.
2019-11-15 13:01:26,532 [Command processor thread] INFO  impl.RaftServerProxy (RaftServerProxy.java:addNew(89)) - 00157216-6769-49fc-be8b-b159d5324bfb: addNew group-43CCDB120BBB:[00157216-6769-49fc-be8b-b159d5324bfb:192.168.34.39:41357, 5e6aa5c8-399e-4f2b-83ad-8941ce6c4360:192.168.34.39:32875, c6072ae3-b340-4636-a946-94afbda72020:192.168.34.39:44276] returns group-43CCDB120BBB:java.util.concurrent.CompletableFuture@73d1a224[Not completed]
2019-11-15 13:01:26,534 [pool-47-thread-1] INFO  impl.RaftServerImpl (RaftServerImpl.java:<init>(98)) - 00157216-6769-49fc-be8b-b159d5324bfb: new RaftServerImpl for group-43CCDB120BBB:[00157216-6769-49fc-be8b-b159d5324bfb:192.168.34.39:41357, 5e6aa5c8-399e-4f2b-83ad-8941ce6c4360:192.168.34.39:32875, c6072ae3-b340-4636-a946-94afbda72020:192.168.34.39:44276] with ContainerStateMachine:uninitialized
2019-11-15 13:01:26,534 [pool-47-thread-1] INFO  server.RaftServerConfigKeys (ConfUtils.java:logGet(43)) - raft.server.rpc.timeout.min = 5s (custom)
2019-11-15 13:01:26,535 [pool-47-thread-1] INFO  server.RaftServerConfigKeys (ConfUtils.java:logGet(43)) - raft.server.rpc.timeout.max = 5200ms (custom)
2019-11-15 13:01:26,535 [pool-47-thread-1] INFO  server.RaftServerConfigKeys (ConfUtils.java:logGet(43)) - raft.server.rpcslowness.timeout = 120s (custom)
2019-11-15 13:01:26,535 [pool-47-thread-1] INFO  server.RaftServerConfigKeys (ConfUtils.java:logGet(43)) - raft.server.sleep.deviation.threshold = 300 (default)
2019-11-15 13:01:26,535 [pool-47-thread-1] INFO  server.RaftServerConfigKeys (ConfUtils.java:logGet(43)) - raft.server.log.appender.install.snapshot.enabled = false (custom)
2019-11-15 13:01:26,535 [pool-47-thread-1] INFO  impl.RaftServerImpl (ServerState.java:<init>(103)) - 00157216-6769-49fc-be8b-b159d5324bfb@group-43CCDB120BBB: ConfigurationManager, init=-1: [00157216-6769-49fc-be8b-b159d5324bfb:192.168.34.39:41357, 5e6aa5c8-399e-4f2b-83ad-8941ce6c4360:192.168.34.39:32875, c6072ae3-b340-4636-a946-94afbda72020:192.168.34.39:44276], old=null, confs=<EMPTY_MAP>
2019-11-15 13:01:26,535 [pool-47-thread-1] INFO  server.RaftServerConfigKeys (ConfUtils.java:logGet(43)) - raft.server.storage.dir = [/workdir/hadoop-ozone/tools/target/test-dir/MiniOzoneClusterImpl-3b87cbe9-70a4-48a6-8899-89aa69903b86/datanode-2/data/ratis] (custom)
2019-11-15 13:01:26,536 [pool-47-thread-1] INFO  server.RaftServerConfigKeys (ConfUtils.java:logGet(43)) - raft.server.log.corruption.policy = EXCEPTION (default)
2019-11-15 13:01:26,536 [pool-47-thread-1] INFO  storage.RaftStorageDirectory (RaftStorageDirectory.java:analyzeStorage(246)) - The storage directory /workdir/hadoop-ozone/tools/target/test-dir/MiniOzoneClusterImpl-3b87cbe9-70a4-48a6-8899-89aa69903b86/datanode-2/data/ratis/ed7b621f-f395-4c94-babc-43ccdb120bbb does not exist. Creating ...
2019-11-15 13:01:26,540 [pool-47-thread-1] INFO  storage.RaftStorageDirectory (RaftStorageDirectory.java:tryLock(328)) - Lock on /workdir/hadoop-ozone/tools/target/test-dir/MiniOzoneClusterImpl-3b87cbe9-70a4-48a6-8899-89aa69903b86/datanode-2/data/ratis/ed7b621f-f395-4c94-babc-43ccdb120bbb/in_use.lock acquired by nodename 19287@pr-hdds-2503-7zl9w-2300970352
2019-11-15 13:01:26,544 [pool-47-thread-1] INFO  storage.RaftStorage (RaftStorage.java:format(84)) - Storage directory /workdir/hadoop-ozone/tools/target/test-dir/MiniOzoneClusterImpl-3b87cbe9-70a4-48a6-8899-89aa69903b86/datanode-2/data/ratis/ed7b621f-f395-4c94-babc-43ccdb120bbb has been successfully formatted.
2019-11-15 13:01:26,544 [pool-47-thread-1] INFO  ratis.ContainerStateMachine (ContainerStateMachine.java:loadSnapshot(223)) - group-43CCDB120BBB: The snapshot info is null. Setting the last applied indexto:(t:0, i:~)
2019-11-15 13:01:26,545 [pool-47-thread-1] INFO  server.RaftServerConfigKeys (ConfUtils.java:logGet(43)) - raft.server.notification.no-leader.timeout = 120s (custom)
2019-11-15 13:01:26,545 [pool-47-thread-1] INFO  server.RaftServerConfigKeys (ConfUtils.java:logGet(43)) - raft.server.log.use.memory = false (default)
2019-11-15 13:01:26,545 [pool-47-thread-1] INFO  server.RaftServerConfigKeys (ConfUtils.java:logGet(43)) - raft.server.log.purge.gap = 1000000 (custom)
2019-11-15 13:01:26,545 [pool-47-thread-1] INFO  server.RaftServerConfigKeys (ConfUtils.java:logGet(43)) - raft.server.log.appender.buffer.byte-limit = 33554432 (custom)
2019-11-15 13:01:26,545 [pool-47-thread-1] INFO  server.RaftServerConfigKeys (ConfUtils.java:logGet(43)) - raft.server.log.segment.size.max = 1048576 (custom)
2019-11-15 13:01:26,545 [pool-47-thread-1] INFO  server.RaftServerConfigKeys (ConfUtils.java:logGet(43)) - raft.server.log.segment.cache.num.max = 2 (custom)
2019-11-15 13:01:26,545 [pool-47-thread-1] INFO  segmented.SegmentedRaftLogWorker (SegmentedRaftLogWorker.java:<init>(173)) - new 00157216-6769-49fc-be8b-b159d5324bfb@group-43CCDB120BBB-SegmentedRaftLogWorker for RaftStorage:Storage Directory /workdir/hadoop-ozone/tools/target/test-dir/MiniOzoneClusterImpl-3b87cbe9-70a4-48a6-8899-89aa69903b86/datanode-2/data/ratis/ed7b621f-f395-4c94-babc-43ccdb120bbb
2019-11-15 13:01:26,546 [pool-47-thread-1] INFO  server.RaftServerConfigKeys (ConfUtils.java:logGet(43)) - raft.server.log.queue.byte-limit = 2147483647 (custom)
2019-11-15 13:01:26,546 [pool-47-thread-1] INFO  server.RaftServerConfigKeys (ConfUtils.java:logGet(43)) - raft.server.log.queue.element-limit = 1024 (custom)
2019-11-15 13:01:26,546 [pool-47-thread-1] INFO  server.RaftServerConfigKeys (ConfUtils.java:logGet(43)) - raft.server.log.segment.size.max = 1048576 (custom)
2019-11-15 13:01:26,546 [pool-47-thread-1] INFO  server.RaftServerConfigKeys (ConfUtils.java:logGet(43)) - raft.server.log.preallocated.size = 16384 (custom)
2019-11-15 13:01:26,546 [pool-47-thread-1] INFO  server.RaftServerConfigKeys (ConfUtils.java:logGet(43)) - raft.server.log.write.buffer.size = 33554432 (custom)
2019-11-15 13:01:26,546 [pool-47-thread-1] INFO  server.RaftServerConfigKeys (ConfUtils.java:logGet(43)) - raft.server.log.force.sync.num = 128 (default)
2019-11-15 13:01:26,546 [pool-47-thread-1] INFO  server.RaftServerConfigKeys (ConfUtils.java:logGet(43)) - raft.server.log.statemachine.data.sync = true (default)
2019-11-15 13:01:26,547 [pool-47-thread-1] INFO  server.RaftServerConfigKeys (ConfUtils.java:logGet(43)) - raft.server.log.statemachine.data.sync.timeout = 10s (default)
2019-11-15 13:01:26,547 [pool-47-thread-1] INFO  server.RaftServerConfigKeys (ConfUtils.java:logGet(43)) - raft.server.log.statemachine.data.sync.timeout.retry = -1 (default)
2019-11-15 13:01:26,547 [pool-47-thread-1] INFO  server.RaftServerConfigKeys (ConfUtils.java:logGet(43)) - raft.server.log.statemachine.data.caching.enabled = true (custom)
2019-11-15 13:01:26,547 [pool-47-thread-1] INFO  segmented.SegmentedRaftLogWorker (SegmentedRaftLogWorker.java:lambda$new$0(128)) - 00157216-6769-49fc-be8b-b159d5324bfb@group-43CCDB120BBB-SegmentedRaftLogWorker: flushIndex: setUnconditionally 0 -> -1
2019-11-15 13:01:26,548 [pool-47-thread-1] INFO  server.RaftServerConfigKeys (ConfUtils.java:logGet(43)) - raft.server.snapshot.auto.trigger.enabled = true (custom)
2019-11-15 13:01:26,548 [pool-47-thread-1] INFO  server.RaftServerConfigKeys (ConfUtils.java:logGet(43)) - raft.server.snapshot.auto.trigger.threshold = 10000 (custom)
2019-11-15 13:01:26,548 [pool-47-thread-1] INFO  server.RaftServerConfigKeys (ConfUtils.java:logGet(43)) - raft.server.snapshot.retention.file.num = 5 (custom)
2019-11-15 13:01:26,548 [pool-47-thread-1] INFO  server.RaftServerConfigKeys (ConfUtils.java:logGet(43)) - raft.server.retrycache.expirytime = 600000ms (custom)
2019-11-15 13:01:26,548 [pool-47-thread-1] WARN  impl.MetricRegistriesImpl (MetricRegistriesImpl.java:lambda$create$1(61)) - First MetricRegistry has been created without registering reporters. You may need to call MetricRegistries.global().addReportRegistration(...) before.
2019-11-15 13:01:26,549 [pool-47-thread-1] WARN  impl.MetricRegistriesImpl (MetricRegistriesImpl.java:lambda$create$1(61)) - First MetricRegistry has been created without registering reporters. You may need to call MetricRegistries.global().addReportRegistration(...) before.
2019-11-15 13:01:26,549 [pool-47-thread-1] INFO  impl.RaftServerImpl (RaftServerImpl.java:start(184)) - 00157216-6769-49fc-be8b-b159d5324bfb@group-43CCDB120BBB: start as a follower, conf=-1: [00157216-6769-49fc-be8b-b159d5324bfb:192.168.34.39:41357, 5e6aa5c8-399e-4f2b-83ad-8941ce6c4360:192.168.34.39:32875, c6072ae3-b340-4636-a946-94afbda72020:192.168.34.39:44276], old=null
2019-11-15 13:01:26,549 [pool-47-thread-1] INFO  impl.RaftServerImpl (RaftServerImpl.java:setRole(173)) - 00157216-6769-49fc-be8b-b159d5324bfb@group-43CCDB120BBB: changes role from      null to FOLLOWER at term 0 for startAsFollower
2019-11-15 13:01:26,549 [pool-47-thread-1] INFO  impl.RoleInfo (RoleInfo.java:updateAndGet(143)) - 00157216-6769-49fc-be8b-b159d5324bfb: start FollowerState
2019-11-15 13:01:26,550 [pool-47-thread-1] INFO  util.JmxRegister (JmxRegister.java:tryRegister(44)) - Successfully registered JMX Bean with object name Ratis:service=RaftServer,group=group-43CCDB120BBB,id=00157216-6769-49fc-be8b-b159d5324bfb
2019-11-15 13:01:26,550 [pool-47-thread-1] WARN  impl.MetricRegistriesImpl (MetricRegistriesImpl.java:lambda$create$1(61)) - First MetricRegistry has been created without registering reporters. You may need to call MetricRegistries.global().addReportRegistration(...) before.
2019-11-15 13:01:26,550 [Command processor thread] INFO  commandhandler.CreatePipelineCommandHandler (CreatePipelineCommandHandler.java:handle(86)) - Create Pipeline RATIS THREE #id: "ed7b621f-f395-4c94-babc-43ccdb120bbb"
 command succeed on datanode 00157216-6769-49fc-be8b-b159d5324bfb.
2019-11-15 13:01:26,552 [EventQueue-PipelineReportForPipelineReportHandler] INFO  pipeline.PipelineReportHandler (PipelineReportHandler.java:processPipelineReport(113)) - Pipeline THREE PipelineID=ed7b621f-f395-4c94-babc-43ccdb120bbb reported by 00157216-6769-49fc-be8b-b159d5324bfb{ip: 192.168.34.39, host: pr-hdds-2503-7zl9w-2300970352, networkLocation: /default-rack, certSerialId: null}
2019-11-15 13:01:27,271 [Command processor thread] INFO  impl.RaftServerProxy (RaftServerProxy.java:remove(95)) - 5e6aa5c8-399e-4f2b-83ad-8941ce6c4360: remove    LEADER 5e6aa5c8-399e-4f2b-83ad-8941ce6c4360@group-EEFDD4169F4F:t2, leader=5e6aa5c8-399e-4f2b-83ad-8941ce6c4360, voted=5e6aa5c8-399e-4f2b-83ad-8941ce6c4360, raftlog=5e6aa5c8-399e-4f2b-83ad-8941ce6c4360@group-EEFDD4169F4F-SegmentedRaftLog:OPENED:c77,f77,i77, conf=0: [00157216-6769-49fc-be8b-b159d5324bfb:192.168.34.39:41357, 5e6aa5c8-399e-4f2b-83ad-8941ce6c4360:192.168.34.39:32875, c6072ae3-b340-4636-a946-94afbda72020:192.168.34.39:44276], old=null RUNNING
2019-11-15 13:01:27,271 [Command processor thread] INFO  impl.RaftServerImpl (RaftServerImpl.java:lambda$shutdown$3(250)) - 5e6aa5c8-399e-4f2b-83ad-8941ce6c4360@group-EEFDD4169F4F: shutdown
2019-11-15 13:01:27,271 [Command processor thread] INFO  util.JmxRegister (JmxRegister.java:unregister(73)) - Successfully un-registered JMX Bean with object name Ratis:service=RaftServer,group=group-EEFDD4169F4F,id=5e6aa5c8-399e-4f2b-83ad-8941ce6c4360
2019-11-15 13:01:27,272 [Command processor thread] INFO  impl.RoleInfo (RoleInfo.java:shutdownLeaderState(104)) - 5e6aa5c8-399e-4f2b-83ad-8941ce6c4360: shutdown LeaderState
2019-11-15 13:01:27,274 [org.apache.ratis.server.impl.LogAppender$AppenderDaemon$$Lambda$620/543468191@47a9ddc] WARN  server.GrpcLogAppender (GrpcLogAppender.java:mayWait(151)) - 5e6aa5c8-399e-4f2b-83ad-8941ce6c4360@group-EEFDD4169F4F->c6072ae3-b340-4636-a946-94afbda72020-GrpcLogAppender: Wait interrupted by java.lang.InterruptedException
2019-11-15 13:01:27,274 [org.apache.ratis.server.impl.LogAppender$AppenderDaemon$$Lambda$620/543468191@327b9e5a] WARN  server.GrpcLogAppender (GrpcLogAppender.java:mayWait(151)) - 5e6aa5c8-399e-4f2b-83ad-8941ce6c4360@group-EEFDD4169F4F->00157216-6769-49fc-be8b-b159d5324bfb-GrpcLogAppender: Wait interrupted by java.lang.InterruptedException
2019-11-15 13:01:27,276 [Command processor thread] INFO  impl.PendingRequests (PendingRequests.java:sendNotLeaderResponses(206)) - 5e6aa5c8-399e-4f2b-83ad-8941ce6c4360@group-EEFDD4169F4F-PendingRequests: sendNotLeaderResponses
2019-11-15 13:01:27,278 [grpc-default-executor-4] INFO  server.GrpcServerProtocolService (GrpcServerProtocolService.java:onCompleted(113)) - 00157216-6769-49fc-be8b-b159d5324bfb: Completed APPEND_ENTRIES, lastRequest: 5e6aa5c8-399e-4f2b-83ad-8941ce6c4360->00157216-6769-49fc-be8b-b159d5324bfb#81-t2, previous=(t:2, i:77), leaderCommit=77, initializing? false, entries: <empty>
2019-11-15 13:01:27,280 [Command processor thread] INFO  impl.StateMachineUpdater (StateMachineUpdater.java:stopAndJoin(136)) - 5e6aa5c8-399e-4f2b-83ad-8941ce6c4360@group-EEFDD4169F4F-StateMachineUpdater: set stopIndex = 77
2019-11-15 13:01:27,280 [5e6aa5c8-399e-4f2b-83ad-8941ce6c4360@group-EEFDD4169F4F-StateMachineUpdater] INFO  ratis.ContainerStateMachine (ContainerStateMachine.java:takeSnapshot(285)) - group-EEFDD4169F4F: Taking a snapshot at:(t:2, i:75) file /workdir/hadoop-ozone/tools/target/test-dir/MiniOzoneClusterImpl-3b87cbe9-70a4-48a6-8899-89aa69903b86/datanode-1/data/ratis/0d83807d-7922-4e47-ac96-eefdd4169f4f/sm/snapshot.2_75
2019-11-15 13:01:27,278 [grpc-default-executor-0] INFO  server.GrpcServerProtocolService (GrpcServerProtocolService.java:onCompleted(113)) - c6072ae3-b340-4636-a946-94afbda72020: Completed APPEND_ENTRIES, lastRequest: 5e6aa5c8-399e-4f2b-83ad-8941ce6c4360->c6072ae3-b340-4636-a946-94afbda72020#81-t2, previous=(t:2, i:77), leaderCommit=77, initializing? false, entries: <empty>
2019-11-15 13:01:27,282 [grpc-default-executor-4] INFO  server.GrpcLogAppender (GrpcLogAppender.java:onCompleted(308)) - 5e6aa5c8-399e-4f2b-83ad-8941ce6c4360@group-EEFDD4169F4F->00157216-6769-49fc-be8b-b159d5324bfb-AppendLogResponseHandler: follower responses appendEntries COMPLETED
2019-11-15 13:01:27,283 [grpc-default-executor-0] INFO  server.GrpcLogAppender (GrpcLogAppender.java:onCompleted(308)) - 5e6aa5c8-399e-4f2b-83ad-8941ce6c4360@group-EEFDD4169F4F->c6072ae3-b340-4636-a946-94afbda72020-AppendLogResponseHandler: follower responses appendEntries COMPLETED
2019-11-15 13:01:27,288 [grpc-default-executor-0] INFO  impl.FollowerInfo (FollowerInfo.java:lambda$new$0(51)) - 5e6aa5c8-399e-4f2b-83ad-8941ce6c4360@group-EEFDD4169F4F->c6072ae3-b340-4636-a946-94afbda72020: nextIndex: updateUnconditionally 78 -> 77
2019-11-15 13:01:27,288 [grpc-default-executor-4] INFO  impl.FollowerInfo (FollowerInfo.java:lambda$new$0(51)) - 5e6aa5c8-399e-4f2b-83ad-8941ce6c4360@group-EEFDD4169F4F->00157216-6769-49fc-be8b-b159d5324bfb: nextIndex: updateUnconditionally 78 -> 77
2019-11-15 13:01:27,319 [Command processor thread] INFO  impl.RaftServerProxy (RaftServerProxy.java:remove(95)) - c6072ae3-b340-4636-a946-94afbda72020: remove  FOLLOWER c6072ae3-b340-4636-a946-94afbda72020@group-EEFDD4169F4F:t2, leader=5e6aa5c8-399e-4f2b-83ad-8941ce6c4360, voted=5e6aa5c8-399e-4f2b-83ad-8941ce6c4360, raftlog=c6072ae3-b340-4636-a946-94afbda72020@group-EEFDD4169F4F-SegmentedRaftLog:OPENED:c77,f77,i77, conf=0: [00157216-6769-49fc-be8b-b159d5324bfb:192.168.34.39:41357, 5e6aa5c8-399e-4f2b-83ad-8941ce6c4360:192.168.34.39:32875, c6072ae3-b340-4636-a946-94afbda72020:192.168.34.39:44276], old=null RUNNING
2019-11-15 13:01:27,320 [Command processor thread] INFO  impl.RaftServerImpl (RaftServerImpl.java:lambda$shutdown$3(250)) - c6072ae3-b340-4636-a946-94afbda72020@group-EEFDD4169F4F: shutdown
2019-11-15 13:01:27,320 [Command processor thread] INFO  util.JmxRegister (JmxRegister.java:unregister(73)) - Successfully un-registered JMX Bean with object name Ratis:service=RaftServer,group=group-EEFDD4169F4F,id=c6072ae3-b340-4636-a946-94afbda72020
2019-11-15 13:01:27,320 [Command processor thread] INFO  impl.RoleInfo (RoleInfo.java:shutdownFollowerState(121)) - c6072ae3-b340-4636-a946-94afbda72020: shutdown FollowerState
2019-11-15 13:01:27,320 [Command processor thread] INFO  impl.StateMachineUpdater (StateMachineUpdater.java:stopAndJoin(136)) - c6072ae3-b340-4636-a946-94afbda72020@group-EEFDD4169F4F-StateMachineUpdater: set stopIndex = 77
2019-11-15 13:01:27,320 [Thread-214] INFO  impl.FollowerState (FollowerState.java:run(120)) - c6072ae3-b340-4636-a946-94afbda72020@group-EEFDD4169F4F-FollowerState was interrupted: java.lang.InterruptedException: sleep interrupted
2019-11-15 13:01:27,324 [c6072ae3-b340-4636-a946-94afbda72020@group-EEFDD4169F4F-StateMachineUpdater] INFO  ratis.ContainerStateMachine (ContainerStateMachine.java:takeSnapshot(285)) - group-EEFDD4169F4F: Taking a snapshot at:(t:2, i:75) file /workdir/hadoop-ozone/tools/target/test-dir/MiniOzoneClusterImpl-3b87cbe9-70a4-48a6-8899-89aa69903b86/datanode-0/data/ratis/0d83807d-7922-4e47-ac96-eefdd4169f4f/sm/snapshot.2_75
2019-11-15 13:01:27,505 [5e6aa5c8-399e-4f2b-83ad-8941ce6c4360@group-EEFDD4169F4F-StateMachineUpdater] INFO  ratis.ContainerStateMachine (ContainerStateMachine.java:takeSnapshot(296)) - group-EEFDD4169F4F: Finished taking a snapshot at:(t:2, i:75) file:/workdir/hadoop-ozone/tools/target/test-dir/MiniOzoneClusterImpl-3b87cbe9-70a4-48a6-8899-89aa69903b86/datanode-1/data/ratis/0d83807d-7922-4e47-ac96-eefdd4169f4f/sm/snapshot.2_75 time:224
2019-11-15 13:01:27,505 [c6072ae3-b340-4636-a946-94afbda72020@group-EEFDD4169F4F-StateMachineUpdater] INFO  ratis.ContainerStateMachine (ContainerStateMachine.java:takeSnapshot(296)) - group-EEFDD4169F4F: Finished taking a snapshot at:(t:2, i:75) file:/workdir/hadoop-ozone/tools/target/test-dir/MiniOzoneClusterImpl-3b87cbe9-70a4-48a6-8899-89aa69903b86/datanode-0/data/ratis/0d83807d-7922-4e47-ac96-eefdd4169f4f/sm/snapshot.2_75 time:185
2019-11-15 13:01:27,505 [5e6aa5c8-399e-4f2b-83ad-8941ce6c4360@group-EEFDD4169F4F-StateMachineUpdater] INFO  impl.StateMachineUpdater (StateMachineUpdater.java:takeSnapshot(269)) - 5e6aa5c8-399e-4f2b-83ad-8941ce6c4360@group-EEFDD4169F4F-StateMachineUpdater: Took a snapshot at index 75
2019-11-15 13:01:27,505 [c6072ae3-b340-4636-a946-94afbda72020@group-EEFDD4169F4F-StateMachineUpdater] INFO  impl.StateMachineUpdater (StateMachineUpdater.java:takeSnapshot(269)) - c6072ae3-b340-4636-a946-94afbda72020@group-EEFDD4169F4F-StateMachineUpdater: Took a snapshot at index 75
2019-11-15 13:01:27,505 [5e6aa5c8-399e-4f2b-83ad-8941ce6c4360@group-EEFDD4169F4F-StateMachineUpdater] INFO  impl.StateMachineUpdater (StateMachineUpdater.java:lambda$new$0(84)) - 5e6aa5c8-399e-4f2b-83ad-8941ce6c4360@group-EEFDD4169F4F-StateMachineUpdater: snapshotIndex: updateIncreasingly -1 -> 75
2019-11-15 13:01:27,505 [c6072ae3-b340-4636-a946-94afbda72020@group-EEFDD4169F4F-StateMachineUpdater] INFO  impl.StateMachineUpdater (StateMachineUpdater.java:lambda$new$0(84)) - c6072ae3-b340-4636-a946-94afbda72020@group-EEFDD4169F4F-StateMachineUpdater: snapshotIndex: updateIncreasingly -1 -> 75
2019-11-15 13:01:27,506 [5e6aa5c8-399e-4f2b-83ad-8941ce6c4360@group-EEFDD4169F4F-StateMachineUpdater] INFO  ratis.ContainerStateMachine (ContainerStateMachine.java:takeSnapshot(285)) - group-EEFDD4169F4F: Taking a snapshot at:(t:2, i:75) file /workdir/hadoop-ozone/tools/target/test-dir/MiniOzoneClusterImpl-3b87cbe9-70a4-48a6-8899-89aa69903b86/datanode-1/data/ratis/0d83807d-7922-4e47-ac96-eefdd4169f4f/sm/snapshot.2_75
2019-11-15 13:01:27,506 [c6072ae3-b340-4636-a946-94afbda72020@group-EEFDD4169F4F-StateMachineUpdater] INFO  ratis.ContainerStateMachine (ContainerStateMachine.java:takeSnapshot(285)) - group-EEFDD4169F4F: Taking a snapshot at:(t:2, i:75) file /workdir/hadoop-ozone/tools/target/test-dir/MiniOzoneClusterImpl-3b87cbe9-70a4-48a6-8899-89aa69903b86/datanode-0/data/ratis/0d83807d-7922-4e47-ac96-eefdd4169f4f/sm/snapshot.2_75
 0.00% |?                                                                                                    |  0/1 Time: 0:00:032019-11-15 13:01:27,543 [c6072ae3-b340-4636-a946-94afbda72020@group-EEFDD4169F4F-StateMachineUpdater] INFO  ratis.ContainerStateMachine (ContainerStateMachine.java:takeSnapshot(296)) - group-EEFDD4169F4F: Finished taking a snapshot at:(t:2, i:75) file:/workdir/hadoop-ozone/tools/target/test-dir/MiniOzoneClusterImpl-3b87cbe9-70a4-48a6-8899-89aa69903b86/datanode-0/data/ratis/0d83807d-7922-4e47-ac96-eefdd4169f4f/sm/snapshot.2_75 time:38
2019-11-15 13:01:27,543 [5e6aa5c8-399e-4f2b-83ad-8941ce6c4360@group-EEFDD4169F4F-StateMachineUpdater] INFO  ratis.ContainerStateMachine (ContainerStateMachine.java:takeSnapshot(296)) - group-EEFDD4169F4F: Finished taking a snapshot at:(t:2, i:75) file:/workdir/hadoop-ozone/tools/target/test-dir/MiniOzoneClusterImpl-3b87cbe9-70a4-48a6-8899-89aa69903b86/datanode-1/data/ratis/0d83807d-7922-4e47-ac96-eefdd4169f4f/sm/snapshot.2_75 time:38
2019-11-15 13:01:27,544 [c6072ae3-b340-4636-a946-94afbda72020@group-EEFDD4169F4F-StateMachineUpdater] INFO  impl.StateMachineUpdater (StateMachineUpdater.java:takeSnapshot(269)) - c6072ae3-b340-4636-a946-94afbda72020@group-EEFDD4169F4F-StateMachineUpdater: Took a snapshot at index 75
2019-11-15 13:01:27,544 [c6072ae3-b340-4636-a946-94afbda72020@group-EEFDD4169F4F-StateMachineUpdater] INFO  impl.StateMachineUpdater (StateMachineUpdater.java:lambda$new$0(84)) - c6072ae3-b340-4636-a946-94afbda72020@group-EEFDD4169F4F-StateMachineUpdater: snapshotIndex: updateIncreasingly 75 -> 75
2019-11-15 13:01:27,544 [5e6aa5c8-399e-4f2b-83ad-8941ce6c4360@group-EEFDD4169F4F-StateMachineUpdater] INFO  impl.StateMachineUpdater (StateMachineUpdater.java:takeSnapshot(269)) - 5e6aa5c8-399e-4f2b-83ad-8941ce6c4360@group-EEFDD4169F4F-StateMachineUpdater: Took a snapshot at index 75
2019-11-15 13:01:27,544 [5e6aa5c8-399e-4f2b-83ad-8941ce6c4360@group-EEFDD4169F4F-StateMachineUpdater] INFO  impl.StateMachineUpdater (StateMachineUpdater.java:lambda$new$0(84)) - 5e6aa5c8-399e-4f2b-83ad-8941ce6c4360@group-EEFDD4169F4F-StateMachineUpdater: snapshotIndex: updateIncreasingly 75 -> 75
2019-11-15 13:01:27,544 [Command processor thread] INFO  impl.RaftServerImpl (ServerState.java:close(387)) - c6072ae3-b340-4636-a946-94afbda72020@group-EEFDD4169F4F: closes. applyIndex: 77
2019-11-15 13:01:27,544 [Command processor thread] INFO  impl.RaftServerImpl (ServerState.java:close(387)) - 5e6aa5c8-399e-4f2b-83ad-8941ce6c4360@group-EEFDD4169F4F: closes. applyIndex: 77
2019-11-15 13:01:27,545 [c6072ae3-b340-4636-a946-94afbda72020@group-EEFDD4169F4F-SegmentedRaftLogWorker] INFO  segmented.SegmentedRaftLogWorker (SegmentedRaftLogWorker.java:run(316)) - c6072ae3-b340-4636-a946-94afbda72020@group-EEFDD4169F4F-SegmentedRaftLogWorker was interrupted, exiting. There are 0 tasks remaining in the queue.
2019-11-15 13:01:27,546 [5e6aa5c8-399e-4f2b-83ad-8941ce6c4360@group-EEFDD4169F4F-SegmentedRaftLogWorker] INFO  segmented.SegmentedRaftLogWorker (SegmentedRaftLogWorker.java:run(316)) - 5e6aa5c8-399e-4f2b-83ad-8941ce6c4360@group-EEFDD4169F4F-SegmentedRaftLogWorker was interrupted, exiting. There are 0 tasks remaining in the queue.
2019-11-15 13:01:27,547 [Command processor thread] INFO  segmented.SegmentedRaftLogWorker (SegmentedRaftLogWorker.java:close(224)) - c6072ae3-b340-4636-a946-94afbda72020@group-EEFDD4169F4F-SegmentedRaftLogWorker close()
2019-11-15 13:01:27,550 [Command processor thread] INFO  segmented.SegmentedRaftLogWorker (SegmentedRaftLogWorker.java:close(224)) - 5e6aa5c8-399e-4f2b-83ad-8941ce6c4360@group-EEFDD4169F4F-SegmentedRaftLogWorker close()
2019-11-15 13:01:27,580 [Command processor thread] INFO  interfaces.Container (KeyValueContainer.java:flushAndSyncDB(400)) - Container 1 is synced with bcsId 59.
2019-11-15 13:01:27,580 [Command processor thread] INFO  interfaces.Container (KeyValueContainer.java:flushAndSyncDB(400)) - Container 1 is synced with bcsId 59.
2019-11-15 13:01:27,582 [Command processor thread] INFO  interfaces.Container (KeyValueContainer.java:flushAndSyncDB(400)) - Container 1 is synced with bcsId 59.
2019-11-15 13:01:27,582 [Command processor thread] INFO  interfaces.Container (KeyValueContainer.java:flushAndSyncDB(400)) - Container 1 is synced with bcsId 59.
2019-11-15 13:01:27,614 [Command processor thread] INFO  interfaces.Container (KeyValueContainer.java:flushAndSyncDB(400)) - Container 2 is synced with bcsId 75.
2019-11-15 13:01:27,614 [Command processor thread] INFO  interfaces.Container (KeyValueContainer.java:flushAndSyncDB(400)) - Container 2 is synced with bcsId 75.
2019-11-15 13:01:27,614 [Command processor thread] INFO  interfaces.Container (KeyValueContainer.java:flushAndSyncDB(400)) - Container 2 is synced with bcsId 75.
2019-11-15 13:01:27,614 [Command processor thread] INFO  interfaces.Container (KeyValueContainer.java:flushAndSyncDB(400)) - Container 2 is synced with bcsId 75.
2019-11-15 13:01:27,647 [Command processor thread] INFO  interfaces.Container (KeyValueContainer.java:flushAndSyncDB(400)) - Container 3 is synced with bcsId 41.
2019-11-15 13:01:27,647 [Command processor thread] INFO  interfaces.Container (KeyValueContainer.java:flushAndSyncDB(400)) - Container 3 is synced with bcsId 41.
2019-11-15 13:01:27,647 [Command processor thread] INFO  interfaces.Container (KeyValueContainer.java:flushAndSyncDB(400)) - Container 3 is synced with bcsId 41.
2019-11-15 13:01:27,648 [Command processor thread] INFO  interfaces.Container (KeyValueContainer.java:flushAndSyncDB(400)) - Container 3 is synced with bcsId 41.
2019-11-15 13:01:27,662 [Command processor thread] INFO  commandhandler.ClosePipelineCommandHandler (ClosePipelineCommandHandler.java:handle(78)) - Close Pipeline #id: "0d83807d-7922-4e47-ac96-eefdd4169f4f"
 command on datanode #5e6aa5c8-399e-4f2b-83ad-8941ce6c4360.
2019-11-15 13:01:27,662 [Command processor thread] INFO  commandhandler.ClosePipelineCommandHandler (ClosePipelineCommandHandler.java:handle(78)) - Close Pipeline #id: "0d83807d-7922-4e47-ac96-eefdd4169f4f"
 command on datanode #c6072ae3-b340-4636-a946-94afbda72020.
2019-11-15 13:01:27,663 [Command processor thread] INFO  impl.RaftServerProxy (RaftServerProxy.java:addNew(89)) - 5e6aa5c8-399e-4f2b-83ad-8941ce6c4360: addNew group-43CCDB120BBB:[00157216-6769-49fc-be8b-b159d5324bfb:192.168.34.39:41357, 5e6aa5c8-399e-4f2b-83ad-8941ce6c4360:192.168.34.39:32875, c6072ae3-b340-4636-a946-94afbda72020:192.168.34.39:44276] returns group-43CCDB120BBB:java.util.concurrent.CompletableFuture@48a8e150[Not completed]
2019-11-15 13:01:27,664 [Command processor thread] INFO  impl.RaftServerProxy (RaftServerProxy.java:addNew(89)) - c6072ae3-b340-4636-a946-94afbda72020: addNew group-43CCDB120BBB:[00157216-6769-49fc-be8b-b159d5324bfb:192.168.34.39:41357, 5e6aa5c8-399e-4f2b-83ad-8941ce6c4360:192.168.34.39:32875, c6072ae3-b340-4636-a946-94afbda72020:192.168.34.39:44276] returns group-43CCDB120BBB:java.util.concurrent.CompletableFuture@65794a3f[Not completed]
2019-11-15 13:01:27,665 [pool-37-thread-1] INFO  impl.RaftServerImpl (RaftServerImpl.java:<init>(98)) - 5e6aa5c8-399e-4f2b-83ad-8941ce6c4360: new RaftServerImpl for group-43CCDB120BBB:[00157216-6769-49fc-be8b-b159d5324bfb:192.168.34.39:41357, 5e6aa5c8-399e-4f2b-83ad-8941ce6c4360:192.168.34.39:32875, c6072ae3-b340-4636-a946-94afbda72020:192.168.34.39:44276] with ContainerStateMachine:uninitialized
2019-11-15 13:01:27,666 [pool-37-thread-1] INFO  server.RaftServerConfigKeys (ConfUtils.java:logGet(43)) - raft.server.rpc.timeout.min = 5s (custom)
2019-11-15 13:01:27,666 [pool-37-thread-1] INFO  server.RaftServerConfigKeys (ConfUtils.java:logGet(43)) - raft.server.rpc.timeout.max = 5200ms (custom)
2019-11-15 13:01:27,666 [pool-37-thread-1] INFO  server.RaftServerConfigKeys (ConfUtils.java:logGet(43)) - raft.server.rpcslowness.timeout = 120s (custom)
2019-11-15 13:01:27,666 [pool-37-thread-1] INFO  server.RaftServerConfigKeys (ConfUtils.java:logGet(43)) - raft.server.sleep.deviation.threshold = 300 (default)
2019-11-15 13:01:27,666 [pool-27-thread-1] INFO  impl.RaftServerImpl (RaftServerImpl.java:<init>(98)) - c6072ae3-b340-4636-a946-94afbda72020: new RaftServerImpl for group-43CCDB120BBB:[00157216-6769-49fc-be8b-b159d5324bfb:192.168.34.39:41357, 5e6aa5c8-399e-4f2b-83ad-8941ce6c4360:192.168.34.39:32875, c6072ae3-b340-4636-a946-94afbda72020:192.168.34.39:44276] with ContainerStateMachine:uninitialized
2019-11-15 13:01:27,666 [pool-37-thread-1] INFO  server.RaftServerConfigKeys (ConfUtils.java:logGet(43)) - raft.server.log.appender.install.snapshot.enabled = false (custom)
2019-11-15 13:01:27,666 [pool-27-thread-1] INFO  server.RaftServerConfigKeys (ConfUtils.java:logGet(43)) - raft.server.rpc.timeout.min = 5s (custom)
2019-11-15 13:01:27,666 [pool-37-thread-1] INFO  impl.RaftServerImpl (ServerState.java:<init>(103)) - 5e6aa5c8-399e-4f2b-83ad-8941ce6c4360@group-43CCDB120BBB: ConfigurationManager, init=-1: [00157216-6769-49fc-be8b-b159d5324bfb:192.168.34.39:41357, 5e6aa5c8-399e-4f2b-83ad-8941ce6c4360:192.168.34.39:32875, c6072ae3-b340-4636-a946-94afbda72020:192.168.34.39:44276], old=null, confs=<EMPTY_MAP>
2019-11-15 13:01:27,666 [pool-27-thread-1] INFO  server.RaftServerConfigKeys (ConfUtils.java:logGet(43)) - raft.server.rpc.timeout.max = 5200ms (custom)
2019-11-15 13:01:27,667 [pool-37-thread-1] INFO  server.RaftServerConfigKeys (ConfUtils.java:logGet(43)) - raft.server.storage.dir = [/workdir/hadoop-ozone/tools/target/test-dir/MiniOzoneClusterImpl-3b87cbe9-70a4-48a6-8899-89aa69903b86/datanode-1/data/ratis] (custom)
2019-11-15 13:01:27,667 [pool-27-thread-1] INFO  server.RaftServerConfigKeys (ConfUtils.java:logGet(43)) - raft.server.rpcslowness.timeout = 120s (custom)
2019-11-15 13:01:27,667 [pool-27-thread-1] INFO  server.RaftServerConfigKeys (ConfUtils.java:logGet(43)) - raft.server.sleep.deviation.threshold = 300 (default)
2019-11-15 13:01:27,667 [pool-37-thread-1] INFO  server.RaftServerConfigKeys (ConfUtils.java:logGet(43)) - raft.server.log.corruption.policy = EXCEPTION (default)
2019-11-15 13:01:27,667 [pool-27-thread-1] INFO  server.RaftServerConfigKeys (ConfUtils.java:logGet(43)) - raft.server.log.appender.install.snapshot.enabled = false (custom)
2019-11-15 13:01:27,667 [pool-27-thread-1] INFO  impl.RaftServerImpl (ServerState.java:<init>(103)) - c6072ae3-b340-4636-a946-94afbda72020@group-43CCDB120BBB: ConfigurationManager, init=-1: [00157216-6769-49fc-be8b-b159d5324bfb:192.168.34.39:41357, 5e6aa5c8-399e-4f2b-83ad-8941ce6c4360:192.168.34.39:32875, c6072ae3-b340-4636-a946-94afbda72020:192.168.34.39:44276], old=null, confs=<EMPTY_MAP>
2019-11-15 13:01:27,667 [pool-37-thread-1] INFO  storage.RaftStorageDirectory (RaftStorageDirectory.java:analyzeStorage(246)) - The storage directory /workdir/hadoop-ozone/tools/target/test-dir/MiniOzoneClusterImpl-3b87cbe9-70a4-48a6-8899-89aa69903b86/datanode-1/data/ratis/ed7b621f-f395-4c94-babc-43ccdb120bbb does not exist. Creating ...
2019-11-15 13:01:27,667 [pool-27-thread-1] INFO  server.RaftServerConfigKeys (ConfUtils.java:logGet(43)) - raft.server.storage.dir = [/workdir/hadoop-ozone/tools/target/test-dir/MiniOzoneClusterImpl-3b87cbe9-70a4-48a6-8899-89aa69903b86/datanode-0/data/ratis] (custom)
2019-11-15 13:01:27,668 [pool-27-thread-1] INFO  server.RaftServerConfigKeys (ConfUtils.java:logGet(43)) - raft.server.log.corruption.policy = EXCEPTION (default)
2019-11-15 13:01:27,668 [pool-27-thread-1] INFO  storage.RaftStorageDirectory (RaftStorageDirectory.java:analyzeStorage(246)) - The storage directory /workdir/hadoop-ozone/tools/target/test-dir/MiniOzoneClusterImpl-3b87cbe9-70a4-48a6-8899-89aa69903b86/datanode-0/data/ratis/ed7b621f-f395-4c94-babc-43ccdb120bbb does not exist. Creating ...
2019-11-15 13:01:27,680 [pool-27-thread-1] INFO  storage.RaftStorageDirectory (RaftStorageDirectory.java:tryLock(328)) - Lock on /workdir/hadoop-ozone/tools/target/test-dir/MiniOzoneClusterImpl-3b87cbe9-70a4-48a6-8899-89aa69903b86/datanode-0/data/ratis/ed7b621f-f395-4c94-babc-43ccdb120bbb/in_use.lock acquired by nodename 19287@pr-hdds-2503-7zl9w-2300970352
2019-11-15 13:01:27,680 [pool-37-thread-1] INFO  storage.RaftStorageDirectory (RaftStorageDirectory.java:tryLock(328)) - Lock on /workdir/hadoop-ozone/tools/target/test-dir/MiniOzoneClusterImpl-3b87cbe9-70a4-48a6-8899-89aa69903b86/datanode-1/data/ratis/ed7b621f-f395-4c94-babc-43ccdb120bbb/in_use.lock acquired by nodename 19287@pr-hdds-2503-7zl9w-2300970352
2019-11-15 13:01:27,694 [pool-37-thread-1] INFO  storage.RaftStorage (RaftStorage.java:format(84)) - Storage directory /workdir/hadoop-ozone/tools/target/test-dir/MiniOzoneClusterImpl-3b87cbe9-70a4-48a6-8899-89aa69903b86/datanode-1/data/ratis/ed7b621f-f395-4c94-babc-43ccdb120bbb has been successfully formatted.
2019-11-15 13:01:27,694 [pool-27-thread-1] INFO  storage.RaftStorage (RaftStorage.java:format(84)) - Storage directory /workdir/hadoop-ozone/tools/target/test-dir/MiniOzoneClusterImpl-3b87cbe9-70a4-48a6-8899-89aa69903b86/datanode-0/data/ratis/ed7b621f-f395-4c94-babc-43ccdb120bbb has been successfully formatted.
2019-11-15 13:01:27,694 [pool-37-thread-1] INFO  ratis.ContainerStateMachine (ContainerStateMachine.java:loadSnapshot(223)) - group-43CCDB120BBB: The snapshot info is null. Setting the last applied indexto:(t:0, i:~)
2019-11-15 13:01:27,694 [pool-27-thread-1] INFO  ratis.ContainerStateMachine (ContainerStateMachine.java:loadSnapshot(223)) - group-43CCDB120BBB: The snapshot info is null. Setting the last applied indexto:(t:0, i:~)
2019-11-15 13:01:27,694 [pool-37-thread-1] INFO  server.RaftServerConfigKeys (ConfUtils.java:logGet(43)) - raft.server.notification.no-leader.timeout = 120s (custom)
2019-11-15 13:01:27,694 [pool-27-thread-1] INFO  server.RaftServerConfigKeys (ConfUtils.java:logGet(43)) - raft.server.notification.no-leader.timeout = 120s (custom)
2019-11-15 13:01:27,695 [pool-37-thread-1] INFO  server.RaftServerConfigKeys (ConfUtils.java:logGet(43)) - raft.server.log.use.memory = false (default)
2019-11-15 13:01:27,695 [pool-27-thread-1] INFO  server.RaftServerConfigKeys (ConfUtils.java:logGet(43)) - raft.server.log.use.memory = false (default)
2019-11-15 13:01:27,695 [pool-37-thread-1] INFO  server.RaftServerConfigKeys (ConfUtils.java:logGet(43)) - raft.server.log.purge.gap = 1000000 (custom)
2019-11-15 13:01:27,695 [pool-27-thread-1] INFO  server.RaftServerConfigKeys (ConfUtils.java:logGet(43)) - raft.server.log.purge.gap = 1000000 (custom)
2019-11-15 13:01:27,695 [pool-37-thread-1] INFO  server.RaftServerConfigKeys (ConfUtils.java:logGet(43)) - raft.server.log.appender.buffer.byte-limit = 33554432 (custom)
2019-11-15 13:01:27,695 [pool-27-thread-1] INFO  server.RaftServerConfigKeys (ConfUtils.java:logGet(43)) - raft.server.log.appender.buffer.byte-limit = 33554432 (custom)
2019-11-15 13:01:27,695 [pool-37-thread-1] INFO  server.RaftServerConfigKeys (ConfUtils.java:logGet(43)) - raft.server.log.segment.size.max = 1048576 (custom)
2019-11-15 13:01:27,695 [pool-27-thread-1] INFO  server.RaftServerConfigKeys (ConfUtils.java:logGet(43)) - raft.server.log.segment.size.max = 1048576 (custom)
2019-11-15 13:01:27,695 [pool-37-thread-1] INFO  server.RaftServerConfigKeys (ConfUtils.java:logGet(43)) - raft.server.log.segment.cache.num.max = 2 (custom)
2019-11-15 13:01:27,695 [pool-27-thread-1] INFO  server.RaftServerConfigKeys (ConfUtils.java:logGet(43)) - raft.server.log.segment.cache.num.max = 2 (custom)
2019-11-15 13:01:27,695 [pool-37-thread-1] INFO  segmented.SegmentedRaftLogWorker (SegmentedRaftLogWorker.java:<init>(173)) - new 5e6aa5c8-399e-4f2b-83ad-8941ce6c4360@group-43CCDB120BBB-SegmentedRaftLogWorker for RaftStorage:Storage Directory /workdir/hadoop-ozone/tools/target/test-dir/MiniOzoneClusterImpl-3b87cbe9-70a4-48a6-8899-89aa69903b86/datanode-1/data/ratis/ed7b621f-f395-4c94-babc-43ccdb120bbb
2019-11-15 13:01:27,695 [pool-27-thread-1] INFO  segmented.SegmentedRaftLogWorker (SegmentedRaftLogWorker.java:<init>(173)) - new c6072ae3-b340-4636-a946-94afbda72020@group-43CCDB120BBB-SegmentedRaftLogWorker for RaftStorage:Storage Directory /workdir/hadoop-ozone/tools/target/test-dir/MiniOzoneClusterImpl-3b87cbe9-70a4-48a6-8899-89aa69903b86/datanode-0/data/ratis/ed7b621f-f395-4c94-babc-43ccdb120bbb
2019-11-15 13:01:27,695 [pool-37-thread-1] INFO  server.RaftServerConfigKeys (ConfUtils.java:logGet(43)) - raft.server.log.queue.byte-limit = 2147483647 (custom)
2019-11-15 13:01:27,696 [pool-27-thread-1] INFO  server.RaftServerConfigKeys (ConfUtils.java:logGet(43)) - raft.server.log.queue.byte-limit = 2147483647 (custom)
2019-11-15 13:01:27,696 [pool-37-thread-1] INFO  server.RaftServerConfigKeys (ConfUtils.java:logGet(43)) - raft.server.log.queue.element-limit = 1024 (custom)
2019-11-15 13:01:27,696 [pool-27-thread-1] INFO  server.RaftServerConfigKeys (ConfUtils.java:logGet(43)) - raft.server.log.queue.element-limit = 1024 (custom)
2019-11-15 13:01:27,696 [pool-37-thread-1] INFO  server.RaftServerConfigKeys (ConfUtils.java:logGet(43)) - raft.server.log.segment.size.max = 1048576 (custom)
2019-11-15 13:01:27,696 [pool-27-thread-1] INFO  server.RaftServerConfigKeys (ConfUtils.java:logGet(43)) - raft.server.log.segment.size.max = 1048576 (custom)
2019-11-15 13:01:27,696 [pool-37-thread-1] INFO  server.RaftServerConfigKeys (ConfUtils.java:logGet(43)) - raft.server.log.preallocated.size = 16384 (custom)
2019-11-15 13:01:27,696 [pool-27-thread-1] INFO  server.RaftServerConfigKeys (ConfUtils.java:logGet(43)) - raft.server.log.preallocated.size = 16384 (custom)
2019-11-15 13:01:27,696 [pool-37-thread-1] INFO  server.RaftServerConfigKeys (ConfUtils.java:logGet(43)) - raft.server.log.write.buffer.size = 33554432 (custom)
2019-11-15 13:01:27,696 [pool-27-thread-1] INFO  server.RaftServerConfigKeys (ConfUtils.java:logGet(43)) - raft.server.log.write.buffer.size = 33554432 (custom)
2019-11-15 13:01:27,696 [pool-37-thread-1] INFO  server.RaftServerConfigKeys (ConfUtils.java:logGet(43)) - raft.server.log.force.sync.num = 128 (default)
2019-11-15 13:01:27,696 [pool-27-thread-1] INFO  server.RaftServerConfigKeys (ConfUtils.java:logGet(43)) - raft.server.log.force.sync.num = 128 (default)
2019-11-15 13:01:27,696 [pool-37-thread-1] INFO  server.RaftServerConfigKeys (ConfUtils.java:logGet(43)) - raft.server.log.statemachine.data.sync = true (default)
2019-11-15 13:01:27,696 [pool-27-thread-1] INFO  server.RaftServerConfigKeys (ConfUtils.java:logGet(43)) - raft.server.log.statemachine.data.sync = true (default)
2019-11-15 13:01:27,697 [pool-37-thread-1] INFO  server.RaftServerConfigKeys (ConfUtils.java:logGet(43)) - raft.server.log.statemachine.data.sync.timeout = 10s (default)
2019-11-15 13:01:27,697 [pool-27-thread-1] INFO  server.RaftServerConfigKeys (ConfUtils.java:logGet(43)) - raft.server.log.statemachine.data.sync.timeout = 10s (default)
2019-11-15 13:01:27,697 [pool-37-thread-1] INFO  server.RaftServerConfigKeys (ConfUtils.java:logGet(43)) - raft.server.log.statemachine.data.sync.timeout.retry = -1 (default)
2019-11-15 13:01:27,697 [pool-27-thread-1] INFO  server.RaftServerConfigKeys (ConfUtils.java:logGet(43)) - raft.server.log.statemachine.data.sync.timeout.retry = -1 (default)
2019-11-15 13:01:27,697 [pool-37-thread-1] INFO  server.RaftServerConfigKeys (ConfUtils.java:logGet(43)) - raft.server.log.statemachine.data.caching.enabled = true (custom)
2019-11-15 13:01:27,697 [pool-27-thread-1] INFO  server.RaftServerConfigKeys (ConfUtils.java:logGet(43)) - raft.server.log.statemachine.data.caching.enabled = true (custom)
2019-11-15 13:01:27,697 [pool-27-thread-1] INFO  segmented.SegmentedRaftLogWorker (SegmentedRaftLogWorker.java:lambda$new$0(128)) - c6072ae3-b340-4636-a946-94afbda72020@group-43CCDB120BBB-SegmentedRaftLogWorker: flushIndex: setUnconditionally 0 -> -1
2019-11-15 13:01:27,697 [pool-37-thread-1] INFO  segmented.SegmentedRaftLogWorker (SegmentedRaftLogWorker.java:lambda$new$0(128)) - 5e6aa5c8-399e-4f2b-83ad-8941ce6c4360@group-43CCDB120BBB-SegmentedRaftLogWorker: flushIndex: setUnconditionally 0 -> -1
2019-11-15 13:01:27,697 [pool-27-thread-1] INFO  server.RaftServerConfigKeys (ConfUtils.java:logGet(43)) - raft.server.snapshot.auto.trigger.enabled = true (custom)
2019-11-15 13:01:27,698 [pool-37-thread-1] INFO  server.RaftServerConfigKeys (ConfUtils.java:logGet(43)) - raft.server.snapshot.auto.trigger.enabled = true (custom)
2019-11-15 13:01:27,698 [pool-27-thread-1] INFO  server.RaftServerConfigKeys (ConfUtils.java:logGet(43)) - raft.server.snapshot.auto.trigger.threshold = 10000 (custom)
2019-11-15 13:01:27,698 [pool-37-thread-1] INFO  server.RaftServerConfigKeys (ConfUtils.java:logGet(43)) - raft.server.snapshot.auto.trigger.threshold = 10000 (custom)
2019-11-15 13:01:27,698 [pool-27-thread-1] INFO  server.RaftServerConfigKeys (ConfUtils.java:logGet(43)) - raft.server.snapshot.retention.file.num = 5 (custom)
2019-11-15 13:01:27,698 [pool-37-thread-1] INFO  server.RaftServerConfigKeys (ConfUtils.java:logGet(43)) - raft.server.snapshot.retention.file.num = 5 (custom)
2019-11-15 13:01:27,698 [pool-27-thread-1] INFO  server.RaftServerConfigKeys (ConfUtils.java:logGet(43)) - raft.server.retrycache.expirytime = 600000ms (custom)
2019-11-15 13:01:27,698 [pool-37-thread-1] INFO  server.RaftServerConfigKeys (ConfUtils.java:logGet(43)) - raft.server.retrycache.expirytime = 600000ms (custom)
2019-11-15 13:01:27,698 [pool-27-thread-1] WARN  impl.MetricRegistriesImpl (MetricRegistriesImpl.java:lambda$create$1(61)) - First MetricRegistry has been created without registering reporters. You may need to call MetricRegistries.global().addReportRegistration(...) before.
2019-11-15 13:01:27,698 [pool-37-thread-1] WARN  impl.MetricRegistriesImpl (MetricRegistriesImpl.java:lambda$create$1(61)) - First MetricRegistry has been created without registering reporters. You may need to call MetricRegistries.global().addReportRegistration(...) before.
2019-11-15 13:01:27,698 [pool-27-thread-1] WARN  impl.MetricRegistriesImpl (MetricRegistriesImpl.java:lambda$create$1(61)) - First MetricRegistry has been created without registering reporters. You may need to call MetricRegistries.global().addReportRegistration(...) before.
2019-11-15 13:01:27,698 [pool-37-thread-1] WARN  impl.MetricRegistriesImpl (MetricRegistriesImpl.java:lambda$create$1(61)) - First MetricRegistry has been created without registering reporters. You may need to call MetricRegistries.global().addReportRegistration(...) before.
2019-11-15 13:01:27,699 [pool-27-thread-1] INFO  impl.RaftServerImpl (RaftServerImpl.java:start(184)) - c6072ae3-b340-4636-a946-94afbda72020@group-43CCDB120BBB: start as a follower, conf=-1: [00157216-6769-49fc-be8b-b159d5324bfb:192.168.34.39:41357, 5e6aa5c8-399e-4f2b-83ad-8941ce6c4360:192.168.34.39:32875, c6072ae3-b340-4636-a946-94afbda72020:192.168.34.39:44276], old=null
2019-11-15 13:01:27,699 [pool-37-thread-1] INFO  impl.RaftServerImpl (RaftServerImpl.java:start(184)) - 5e6aa5c8-399e-4f2b-83ad-8941ce6c4360@group-43CCDB120BBB: start as a follower, conf=-1: [00157216-6769-49fc-be8b-b159d5324bfb:192.168.34.39:41357, 5e6aa5c8-399e-4f2b-83ad-8941ce6c4360:192.168.34.39:32875, c6072ae3-b340-4636-a946-94afbda72020:192.168.34.39:44276], old=null
2019-11-15 13:01:27,699 [pool-27-thread-1] INFO  impl.RaftServerImpl (RaftServerImpl.java:setRole(173)) - c6072ae3-b340-4636-a946-94afbda72020@group-43CCDB120BBB: changes role from      null to FOLLOWER at term 0 for startAsFollower
2019-11-15 13:01:27,699 [pool-37-thread-1] INFO  impl.RaftServerImpl (RaftServerImpl.java:setRole(173)) - 5e6aa5c8-399e-4f2b-83ad-8941ce6c4360@group-43CCDB120BBB: changes role from      null to FOLLOWER at term 0 for startAsFollower
2019-11-15 13:01:27,699 [pool-27-thread-1] INFO  impl.RoleInfo (RoleInfo.java:updateAndGet(143)) - c6072ae3-b340-4636-a946-94afbda72020: start FollowerState
2019-11-15 13:01:27,699 [pool-37-thread-1] INFO  impl.RoleInfo (RoleInfo.java:updateAndGet(143)) - 5e6aa5c8-399e-4f2b-83ad-8941ce6c4360: start FollowerState
2019-11-15 13:01:27,699 [pool-27-thread-1] INFO  util.JmxRegister (JmxRegister.java:tryRegister(44)) - Successfully registered JMX Bean with object name Ratis:service=RaftServer,group=group-43CCDB120BBB,id=c6072ae3-b340-4636-a946-94afbda72020
2019-11-15 13:01:27,699 [pool-37-thread-1] INFO  util.JmxRegister (JmxRegister.java:tryRegister(44)) - Successfully registered JMX Bean with object name Ratis:service=RaftServer,group=group-43CCDB120BBB,id=5e6aa5c8-399e-4f2b-83ad-8941ce6c4360
2019-11-15 13:01:27,699 [pool-27-thread-1] WARN  impl.MetricRegistriesImpl (MetricRegistriesImpl.java:lambda$create$1(61)) - First MetricRegistry has been created without registering reporters. You may need to call MetricRegistries.global().addReportRegistration(...) before.
2019-11-15 13:01:27,700 [pool-37-thread-1] WARN  impl.MetricRegistriesImpl (MetricRegistriesImpl.java:lambda$create$1(61)) - First MetricRegistry has been created without registering reporters. You may need to call MetricRegistries.global().addReportRegistration(...) before.
2019-11-15 13:01:27,700 [Command processor thread] INFO  commandhandler.CreatePipelineCommandHandler (CreatePipelineCommandHandler.java:handle(86)) - Create Pipeline RATIS THREE #id: "ed7b621f-f395-4c94-babc-43ccdb120bbb"
 command succeed on datanode 5e6aa5c8-399e-4f2b-83ad-8941ce6c4360.
2019-11-15 13:01:27,700 [Command processor thread] INFO  commandhandler.CreatePipelineCommandHandler (CreatePipelineCommandHandler.java:handle(86)) - Create Pipeline RATIS THREE #id: "ed7b621f-f395-4c94-babc-43ccdb120bbb"
 command succeed on datanode c6072ae3-b340-4636-a946-94afbda72020.
2019-11-15 13:01:27,701 [EventQueue-PipelineReportForPipelineReportHandler] INFO  pipeline.PipelineReportHandler (PipelineReportHandler.java:processPipelineReport(113)) - Pipeline THREE PipelineID=ed7b621f-f395-4c94-babc-43ccdb120bbb reported by 5e6aa5c8-399e-4f2b-83ad-8941ce6c4360{ip: 192.168.34.39, host: pr-hdds-2503-7zl9w-2300970352, networkLocation: /default-rack, certSerialId: null}
2019-11-15 13:01:27,701 [EventQueue-PipelineReportForPipelineReportHandler] INFO  pipeline.PipelineReportHandler (PipelineReportHandler.java:processPipelineReport(113)) - Pipeline THREE PipelineID=ed7b621f-f395-4c94-babc-43ccdb120bbb reported by c6072ae3-b340-4636-a946-94afbda72020{ip: 192.168.34.39, host: pr-hdds-2503-7zl9w-2300970352, networkLocation: /default-rack, certSerialId: null}
 0.00% |?                                                                                                    |  0/1 Time: 0:00:04 100.00% |?????????????????????????????????????????????????????????????????????????????????????????????????????|  1/1 Time: 0:00:05
2019-11-15 13:01:31,707 [Thread-465] INFO  impl.FollowerState (FollowerState.java:run(111)) - 00157216-6769-49fc-be8b-b159d5324bfb@group-43CCDB120BBB-FollowerState: change to CANDIDATE, lastRpcTime:5157ms, electionTimeout:5157ms
2019-11-15 13:01:31,707 [Thread-465] INFO  impl.RoleInfo (RoleInfo.java:shutdownFollowerState(121)) - 00157216-6769-49fc-be8b-b159d5324bfb: shutdown FollowerState
2019-11-15 13:01:31,707 [Thread-465] INFO  impl.RaftServerImpl (RaftServerImpl.java:setRole(173)) - 00157216-6769-49fc-be8b-b159d5324bfb@group-43CCDB120BBB: changes role from  FOLLOWER to CANDIDATE at term 0 for changeToCandidate
2019-11-15 13:01:31,708 [Thread-465] INFO  impl.RoleInfo (RoleInfo.java:updateAndGet(143)) - 00157216-6769-49fc-be8b-b159d5324bfb: start LeaderElection
2019-11-15 13:01:31,732 [00157216-6769-49fc-be8b-b159d5324bfb@group-43CCDB120BBB-LeaderElection8] INFO  impl.LeaderElection (LeaderElection.java:askForVotes(178)) - 00157216-6769-49fc-be8b-b159d5324bfb@group-43CCDB120BBB-LeaderElection8: begin an election at term 1 for -1: [00157216-6769-49fc-be8b-b159d5324bfb:192.168.34.39:41357, 5e6aa5c8-399e-4f2b-83ad-8941ce6c4360:192.168.34.39:32875, c6072ae3-b340-4636-a946-94afbda72020:192.168.34.39:44276], old=null
2019-11-15 13:01:31,740 [grpc-default-executor-4] INFO  impl.RaftServerImpl (RaftServerImpl.java:setRole(173)) - 5e6aa5c8-399e-4f2b-83ad-8941ce6c4360@group-43CCDB120BBB: changes role from  FOLLOWER to FOLLOWER at term 1 for recognizeCandidate:00157216-6769-49fc-be8b-b159d5324bfb
2019-11-15 13:01:31,741 [grpc-default-executor-0] INFO  impl.RaftServerImpl (RaftServerImpl.java:setRole(173)) - c6072ae3-b340-4636-a946-94afbda72020@group-43CCDB120BBB: changes role from  FOLLOWER to FOLLOWER at term 1 for recognizeCandidate:00157216-6769-49fc-be8b-b159d5324bfb
2019-11-15 13:01:31,741 [grpc-default-executor-4] INFO  impl.RoleInfo (RoleInfo.java:shutdownFollowerState(121)) - 5e6aa5c8-399e-4f2b-83ad-8941ce6c4360: shutdown FollowerState
2019-11-15 13:01:31,741 [grpc-default-executor-0] INFO  impl.RoleInfo (RoleInfo.java:shutdownFollowerState(121)) - c6072ae3-b340-4636-a946-94afbda72020: shutdown FollowerState
2019-11-15 13:01:31,741 [Thread-469] INFO  impl.FollowerState (FollowerState.java:run(120)) - 5e6aa5c8-399e-4f2b-83ad-8941ce6c4360@group-43CCDB120BBB-FollowerState was interrupted: java.lang.InterruptedException: sleep interrupted
2019-11-15 13:01:31,741 [grpc-default-executor-0] INFO  impl.RoleInfo (RoleInfo.java:updateAndGet(143)) - c6072ae3-b340-4636-a946-94afbda72020: start FollowerState
2019-11-15 13:01:31,741 [grpc-default-executor-4] INFO  impl.RoleInfo (RoleInfo.java:updateAndGet(143)) - 5e6aa5c8-399e-4f2b-83ad-8941ce6c4360: start FollowerState
2019-11-15 13:01:31,743 [Thread-468] INFO  impl.FollowerState (FollowerState.java:run(120)) - c6072ae3-b340-4636-a946-94afbda72020@group-43CCDB120BBB-FollowerState was interrupted: java.lang.InterruptedException: sleep interrupted
2019-11-15 13:01:31,754 [00157216-6769-49fc-be8b-b159d5324bfb@group-43CCDB120BBB-LeaderElection8] INFO  impl.LeaderElection (LeaderElection.java:logAndReturn(56)) - 00157216-6769-49fc-be8b-b159d5324bfb@group-43CCDB120BBB-LeaderElection8: Election PASSED; received 1 response(s) [00157216-6769-49fc-be8b-b159d5324bfb<-5e6aa5c8-399e-4f2b-83ad-8941ce6c4360#0:OK-t1] and 0 exception(s); 00157216-6769-49fc-be8b-b159d5324bfb@group-43CCDB120BBB:t1, leader=null, voted=00157216-6769-49fc-be8b-b159d5324bfb, raftlog=00157216-6769-49fc-be8b-b159d5324bfb@group-43CCDB120BBB-SegmentedRaftLog:OPENED:c-1,f-1,i0, conf=-1: [00157216-6769-49fc-be8b-b159d5324bfb:192.168.34.39:41357, 5e6aa5c8-399e-4f2b-83ad-8941ce6c4360:192.168.34.39:32875, c6072ae3-b340-4636-a946-94afbda72020:192.168.34.39:44276], old=null
2019-11-15 13:01:31,754 [00157216-6769-49fc-be8b-b159d5324bfb@group-43CCDB120BBB-LeaderElection8] INFO  impl.RoleInfo (RoleInfo.java:shutdownLeaderElection(134)) - 00157216-6769-49fc-be8b-b159d5324bfb: shutdown LeaderElection
2019-11-15 13:01:31,754 [00157216-6769-49fc-be8b-b159d5324bfb@group-43CCDB120BBB-LeaderElection8] INFO  impl.RaftServerImpl (RaftServerImpl.java:setRole(173)) - 00157216-6769-49fc-be8b-b159d5324bfb@group-43CCDB120BBB: changes role from CANDIDATE to LEADER at term 1 for changeToLeader
2019-11-15 13:01:31,755 [00157216-6769-49fc-be8b-b159d5324bfb@group-43CCDB120BBB-LeaderElection8] INFO  ratis.XceiverServerRatis (XceiverServerRatis.java:handleLeaderChangedNotification(733)) - Leader change notification received for group: group-43CCDB120BBB with new leaderId: 00157216-6769-49fc-be8b-b159d5324bfb
2019-11-15 13:01:31,756 [00157216-6769-49fc-be8b-b159d5324bfb@group-43CCDB120BBB-LeaderElection8] INFO  impl.RaftServerImpl (ServerState.java:setLeader(255)) - 00157216-6769-49fc-be8b-b159d5324bfb@group-43CCDB120BBB: change Leader from null to 00157216-6769-49fc-be8b-b159d5324bfb at term 1 for becomeLeader, leader elected after 5210ms
2019-11-15 13:01:31,756 [00157216-6769-49fc-be8b-b159d5324bfb@group-43CCDB120BBB-LeaderElection8] INFO  server.RaftServerConfigKeys (ConfUtils.java:logGet(43)) - raft.server.staging.catchup.gap = 1000 (default)
2019-11-15 13:01:31,756 [00157216-6769-49fc-be8b-b159d5324bfb@group-43CCDB120BBB-LeaderElection8] INFO  server.RaftServerConfigKeys (ConfUtils.java:logGet(43)) - raft.server.rpc.sleep.time = 25ms (default)
2019-11-15 13:01:31,756 [00157216-6769-49fc-be8b-b159d5324bfb@group-43CCDB120BBB-LeaderElection8] INFO  server.RaftServerConfigKeys (ConfUtils.java:logGet(43)) - raft.server.write.element-limit = 4096 (default)
2019-11-15 13:01:31,757 [00157216-6769-49fc-be8b-b159d5324bfb@group-43CCDB120BBB-LeaderElection8] INFO  server.RaftServerConfigKeys (ConfUtils.java:logGet(43)) - raft.server.watch.timeout = 10s (default)
2019-11-15 13:01:31,757 [00157216-6769-49fc-be8b-b159d5324bfb@group-43CCDB120BBB-LeaderElection8] INFO  server.RaftServerConfigKeys (ConfUtils.java:logGet(43)) - raft.server.watch.timeout.denomination = 1s (default)
2019-11-15 13:01:31,757 [00157216-6769-49fc-be8b-b159d5324bfb@group-43CCDB120BBB-LeaderElection8] INFO  server.RaftServerConfigKeys (ConfUtils.java:logGet(43)) - raft.server.watch.element-limit = 65536 (default)
2019-11-15 13:01:31,757 [EventQueue-PipelineReportForPipelineReportHandler] INFO  pipeline.PipelineReportHandler (PipelineReportHandler.java:processPipelineReport(113)) - Pipeline THREE PipelineID=ed7b621f-f395-4c94-babc-43ccdb120bbb reported by 00157216-6769-49fc-be8b-b159d5324bfb{ip: 192.168.34.39, host: pr-hdds-2503-7zl9w-2300970352, networkLocation: /default-rack, certSerialId: null}
2019-11-15 13:01:31,757 [00157216-6769-49fc-be8b-b159d5324bfb@group-43CCDB120BBB-LeaderElection8] INFO  server.RaftServerConfigKeys (ConfUtils.java:logGet(43)) - raft.server.log.appender.snapshot.chunk.size.max = 16MB (=16777216) (default)
2019-11-15 13:01:31,758 [EventQueue-PipelineReportForPipelineReportHandler] INFO  pipeline.PipelineStateManager (PipelineStateManager.java:openPipeline(132)) - Pipeline Pipeline[ Id: ed7b621f-f395-4c94-babc-43ccdb120bbb, Nodes: 5e6aa5c8-399e-4f2b-83ad-8941ce6c4360{ip: 192.168.34.39, host: pr-hdds-2503-7zl9w-2300970352, networkLocation: /default-rack, certSerialId: null}c6072ae3-b340-4636-a946-94afbda72020{ip: 192.168.34.39, host: pr-hdds-2503-7zl9w-2300970352, networkLocation: /default-rack, certSerialId: null}00157216-6769-49fc-be8b-b159d5324bfb{ip: 192.168.34.39, host: pr-hdds-2503-7zl9w-2300970352, networkLocation: /default-rack, certSerialId: null}, Type:RATIS, Factor:THREE, State:ALLOCATED] moved to OPEN state
2019-11-15 13:01:31,759 [00157216-6769-49fc-be8b-b159d5324bfb@group-43CCDB120BBB-LeaderElection8] INFO  server.RaftServerConfigKeys (ConfUtils.java:logGet(43)) - raft.server.log.appender.buffer.byte-limit = 33554432 (custom)
2019-11-15 13:01:31,759 [00157216-6769-49fc-be8b-b159d5324bfb@group-43CCDB120BBB-LeaderElection8] INFO  server.RaftServerConfigKeys (ConfUtils.java:logGet(43)) - raft.server.log.appender.buffer.element-limit = 1 (custom)
2019-11-15 13:01:31,759 [00157216-6769-49fc-be8b-b159d5324bfb@group-43CCDB120BBB-LeaderElection8] INFO  grpc.GrpcConfigKeys$Server (ConfUtils.java:logGet(43)) - raft.grpc.server.leader.outstanding.appends.max = 128 (default)
2019-11-15 13:01:31,760 [00157216-6769-49fc-be8b-b159d5324bfb@group-43CCDB120BBB-LeaderElection8] INFO  server.RaftServerConfigKeys (ConfUtils.java:logGet(43)) - raft.server.rpc.request.timeout = 3000ms (default)
2019-11-15 13:01:31,760 [00157216-6769-49fc-be8b-b159d5324bfb@group-43CCDB120BBB-LeaderElection8] INFO  server.RaftServerConfigKeys (ConfUtils.java:logGet(43)) - raft.server.log.appender.install.snapshot.enabled = false (custom)
2019-11-15 13:01:31,760 [00157216-6769-49fc-be8b-b159d5324bfb@group-43CCDB120BBB-LeaderElection8] WARN  impl.MetricRegistriesImpl (MetricRegistriesImpl.java:lambda$create$1(61)) - First MetricRegistry has been created without registering reporters. You may need to call MetricRegistries.global().addReportRegistration(...) before.
2019-11-15 13:01:31,761 [00157216-6769-49fc-be8b-b159d5324bfb@group-43CCDB120BBB-LeaderElection8] INFO  server.RaftServerConfigKeys (ConfUtils.java:logGet(43)) - raft.server.log.appender.snapshot.chunk.size.max = 16MB (=16777216) (default)
2019-11-15 13:01:31,761 [00157216-6769-49fc-be8b-b159d5324bfb@group-43CCDB120BBB-LeaderElection8] INFO  server.RaftServerConfigKeys (ConfUtils.java:logGet(43)) - raft.server.log.appender.buffer.byte-limit = 33554432 (custom)
2019-11-15 13:01:31,761 [00157216-6769-49fc-be8b-b159d5324bfb@group-43CCDB120BBB-LeaderElection8] INFO  server.RaftServerConfigKeys (ConfUtils.java:logGet(43)) - raft.server.log.appender.buffer.element-limit = 1 (custom)
2019-11-15 13:01:31,761 [00157216-6769-49fc-be8b-b159d5324bfb@group-43CCDB120BBB-LeaderElection8] INFO  grpc.GrpcConfigKeys$Server (ConfUtils.java:logGet(43)) - raft.grpc.server.leader.outstanding.appends.max = 128 (default)
2019-11-15 13:01:31,761 [00157216-6769-49fc-be8b-b159d5324bfb@group-43CCDB120BBB-LeaderElection8] INFO  server.RaftServerConfigKeys (ConfUtils.java:logGet(43)) - raft.server.rpc.request.timeout = 3000ms (default)
2019-11-15 13:01:31,762 [00157216-6769-49fc-be8b-b159d5324bfb@group-43CCDB120BBB-LeaderElection8] INFO  server.RaftServerConfigKeys (ConfUtils.java:logGet(43)) - raft.server.log.appender.install.snapshot.enabled = false (custom)
2019-11-15 13:01:31,762 [00157216-6769-49fc-be8b-b159d5324bfb@group-43CCDB120BBB-LeaderElection8] INFO  impl.RoleInfo (RoleInfo.java:updateAndGet(143)) - 00157216-6769-49fc-be8b-b159d5324bfb: start LeaderState
2019-11-15 13:01:31,762 [00157216-6769-49fc-be8b-b159d5324bfb@group-43CCDB120BBB-LeaderElection8] INFO  segmented.SegmentedRaftLogWorker (SegmentedRaftLogWorker.java:startLogSegment(385)) - 00157216-6769-49fc-be8b-b159d5324bfb@group-43CCDB120BBB-SegmentedRaftLogWorker: Starting segment from index:0
2019-11-15 13:01:31,763 [00157216-6769-49fc-be8b-b159d5324bfb@group-43CCDB120BBB-LeaderElection8] INFO  impl.RaftServerImpl (ServerState.java:setRaftConf(356)) - 00157216-6769-49fc-be8b-b159d5324bfb@group-43CCDB120BBB: set configuration 0: [00157216-6769-49fc-be8b-b159d5324bfb:192.168.34.39:41357, 5e6aa5c8-399e-4f2b-83ad-8941ce6c4360:192.168.34.39:32875, c6072ae3-b340-4636-a946-94afbda72020:192.168.34.39:44276], old=null at 0
2019-11-15 13:01:31,786 [grpc-default-executor-4] INFO  ratis.XceiverServerRatis (XceiverServerRatis.java:handleLeaderChangedNotification(733)) - Leader change notification received for group: group-43CCDB120BBB with new leaderId: 00157216-6769-49fc-be8b-b159d5324bfb
2019-11-15 13:01:31,787 [00157216-6769-49fc-be8b-b159d5324bfb@group-43CCDB120BBB-SegmentedRaftLogWorker] INFO  segmented.SegmentedRaftLogWorker (SegmentedRaftLogWorker.java:execute(576)) - 00157216-6769-49fc-be8b-b159d5324bfb@group-43CCDB120BBB-SegmentedRaftLogWorker: created new log segment /workdir/hadoop-ozone/tools/target/test-dir/MiniOzoneClusterImpl-3b87cbe9-70a4-48a6-8899-89aa69903b86/datanode-2/data/ratis/ed7b621f-f395-4c94-babc-43ccdb120bbb/current/log_inprogress_0
2019-11-15 13:01:31,787 [grpc-default-executor-4] INFO  impl.RaftServerImpl (ServerState.java:setLeader(255)) - c6072ae3-b340-4636-a946-94afbda72020@group-43CCDB120BBB: change Leader from null to 00157216-6769-49fc-be8b-b159d5324bfb at term 1 for appendEntries, leader elected after 4091ms
2019-11-15 13:01:31,786 [grpc-default-executor-0] INFO  ratis.XceiverServerRatis (XceiverServerRatis.java:handleLeaderChangedNotification(733)) - Leader change notification received for group: group-43CCDB120BBB with new leaderId: 00157216-6769-49fc-be8b-b159d5324bfb
2019-11-15 13:01:31,788 [grpc-default-executor-0] INFO  impl.RaftServerImpl (ServerState.java:setLeader(255)) - 5e6aa5c8-399e-4f2b-83ad-8941ce6c4360@group-43CCDB120BBB: change Leader from null to 00157216-6769-49fc-be8b-b159d5324bfb at term 1 for appendEntries, leader elected after 4091ms
2019-11-15 13:01:31,790 [grpc-default-executor-0] INFO  impl.RaftServerImpl (ServerState.java:setRaftConf(356)) - c6072ae3-b340-4636-a946-94afbda72020@group-43CCDB120BBB: set configuration 0: [00157216-6769-49fc-be8b-b159d5324bfb:192.168.34.39:41357, 5e6aa5c8-399e-4f2b-83ad-8941ce6c4360:192.168.34.39:32875, c6072ae3-b340-4636-a946-94afbda72020:192.168.34.39:44276], old=null at 0
2019-11-15 13:01:31,790 [grpc-default-executor-0] INFO  segmented.SegmentedRaftLogWorker (SegmentedRaftLogWorker.java:startLogSegment(385)) - c6072ae3-b340-4636-a946-94afbda72020@group-43CCDB120BBB-SegmentedRaftLogWorker: Starting segment from index:0
2019-11-15 13:01:31,790 [grpc-default-executor-4] INFO  impl.RaftServerImpl (ServerState.java:setRaftConf(356)) - 5e6aa5c8-399e-4f2b-83ad-8941ce6c4360@group-43CCDB120BBB: set configuration 0: [00157216-6769-49fc-be8b-b159d5324bfb:192.168.34.39:41357, 5e6aa5c8-399e-4f2b-83ad-8941ce6c4360:192.168.34.39:32875, c6072ae3-b340-4636-a946-94afbda72020:192.168.34.39:44276], old=null at 0
2019-11-15 13:01:31,791 [grpc-default-executor-4] INFO  segmented.SegmentedRaftLogWorker (SegmentedRaftLogWorker.java:startLogSegment(385)) - 5e6aa5c8-399e-4f2b-83ad-8941ce6c4360@group-43CCDB120BBB-SegmentedRaftLogWorker: Starting segment from index:0
2019-11-15 13:01:31,829 [c6072ae3-b340-4636-a946-94afbda72020@group-43CCDB120BBB-SegmentedRaftLogWorker] INFO  segmented.SegmentedRaftLogWorker (SegmentedRaftLogWorker.java:execute(576)) - c6072ae3-b340-4636-a946-94afbda72020@group-43CCDB120BBB-SegmentedRaftLogWorker: created new log segment /workdir/hadoop-ozone/tools/target/test-dir/MiniOzoneClusterImpl-3b87cbe9-70a4-48a6-8899-89aa69903b86/datanode-0/data/ratis/ed7b621f-f395-4c94-babc-43ccdb120bbb/current/log_inprogress_0
2019-11-15 13:01:31,829 [5e6aa5c8-399e-4f2b-83ad-8941ce6c4360@group-43CCDB120BBB-SegmentedRaftLogWorker] INFO  segmented.SegmentedRaftLogWorker (SegmentedRaftLogWorker.java:execute(576)) - 5e6aa5c8-399e-4f2b-83ad-8941ce6c4360@group-43CCDB120BBB-SegmentedRaftLogWorker: created new log segment /workdir/hadoop-ozone/tools/target/test-dir/MiniOzoneClusterImpl-3b87cbe9-70a4-48a6-8899-89aa69903b86/datanode-1/data/ratis/ed7b621f-f395-4c94-babc-43ccdb120bbb/current/log_inprogress_0
]]></system-out>
    <system-err><![CDATA[ERROR StatusLogger No Log4j 2 configuration file found. Using default configuration (logging only errors to the console), or user programmatically provided configurations. Set system property 'log4j2.debug' to show Log4j 2 internal initialization logging. See https://logging.apache.org/log4j/2.x/manual/configuration.html for instructions on how to configure Log4j 2
]]></system-err>
  </testcase>
</testsuite>