<?xml version="1.0" encoding="UTF-8"?>
<testsuite xmlns:xsi="http://www.w3.org/2001/XMLSchema-instance" xsi:noNamespaceSchemaLocation="https://maven.apache.org/surefire/maven-surefire-plugin/xsd/surefire-test-report.xsd" name="org.apache.hadoop.ozone.client.rpc.TestFailureHandlingByClient" time="242.707" tests="5" errors="1" skipped="0" failures="1">
  <properties>
    <property name="awt.toolkit" value="sun.awt.X11.XToolkit"/>
    <property name="file.encoding.pkg" value="sun.io"/>
    <property name="java.specification.version" value="1.8"/>
    <property name="sun.cpu.isalist" value=""/>
    <property name="sun.jnu.encoding" value="ANSI_X3.4-1968"/>
    <property name="java.class.path" value="/workdir/hadoop-ozone/integration-test/target/test-classes:/workdir/hadoop-ozone/integration-test/target/classes:/home/user/.m2/repository/org/apache/hadoop/hadoop-ozone-common/0.5.0-SNAPSHOT/hadoop-ozone-common-0.5.0-SNAPSHOT.jar:/home/user/.m2/repository/org/apache/commons/commons-compress/1.4.1/commons-compress-1.4.1.jar:/home/user/.m2/repository/org/tukaani/xz/1.0/xz-1.0.jar:/home/user/.m2/repository/org/apache/hadoop/hadoop-common/3.2.0/hadoop-common-3.2.0.jar:/home/user/.m2/repository/org/apache/hadoop/hadoop-hdfs/3.2.0/hadoop-hdfs-3.2.0.jar:/home/user/.m2/repository/org/apache/hadoop/hadoop-hdfs-client/3.2.0/hadoop-hdfs-client-3.2.0.jar:/home/user/.m2/repository/com/fasterxml/jackson/core/jackson-annotations/2.9.9/jackson-annotations-2.9.9.jar:/home/user/.m2/repository/org/apache/hadoop/hadoop-hdds-common/0.5.0-SNAPSHOT/hadoop-hdds-common-0.5.0-SNAPSHOT.jar:/home/user/.m2/repository/javax/annotation/javax.annotation-api/1.2/javax.annotation-api-1.2.jar:/home/user/.m2/repository/org/apache/ratis/ratis-server/0.5.0-d6d58d0-SNAPSHOT/ratis-server-0.5.0-d6d58d0-SNAPSHOT.jar:/home/user/.m2/repository/org/apache/ratis/ratis-thirdparty-misc/0.2.0/ratis-thirdparty-misc-0.2.0.jar:/home/user/.m2/repository/org/apache/ratis/ratis-proto/0.5.0-d6d58d0-SNAPSHOT/ratis-proto-0.5.0-d6d58d0-SNAPSHOT.jar:/home/user/.m2/repository/org/apache/ratis/ratis-common/0.5.0-d6d58d0-SNAPSHOT/ratis-common-0.5.0-d6d58d0-SNAPSHOT.jar:/home/user/.m2/repository/org/apache/ratis/ratis-client/0.5.0-d6d58d0-SNAPSHOT/ratis-client-0.5.0-d6d58d0-SNAPSHOT.jar:/home/user/.m2/repository/org/apache/ratis/ratis-metrics/0.5.0-d6d58d0-SNAPSHOT/ratis-metrics-0.5.0-d6d58d0-SNAPSHOT.jar:/home/user/.m2/repository/org/apache/ratis/ratis-netty/0.5.0-d6d58d0-SNAPSHOT/ratis-netty-0.5.0-d6d58d0-SNAPSHOT.jar:/home/user/.m2/repository/org/apache/ratis/ratis-grpc/0.5.0-d6d58d0-SNAPSHOT/ratis-grpc-0.5.0-d6d58d0-SNAPSHOT.jar:/home/user/.m2/repository/org/rocksdb/rocksdbjni/6.0.1/rocksdbjni-6.0.1.jar:/home/user/.m2/repository/org/apache/logging/log4j/log4j-api/2.11.0/log4j-api-2.11.0.jar:/home/user/.m2/repository/org/apache/logging/log4j/log4j-core/2.11.0/log4j-core-2.11.0.jar:/home/user/.m2/repository/com/lmax/disruptor/3.4.2/disruptor-3.4.2.jar:/home/user/.m2/repository/org/apache/commons/commons-pool2/2.6.0/commons-pool2-2.6.0.jar:/home/user/.m2/repository/org/bouncycastle/bcpkix-jdk15on/1.60/bcpkix-jdk15on-1.60.jar:/home/user/.m2/repository/commons-validator/commons-validator/1.6/commons-validator-1.6.jar:/home/user/.m2/repository/commons-digester/commons-digester/1.8.1/commons-digester-1.8.1.jar:/home/user/.m2/repository/io/jaegertracing/jaeger-client/0.34.0/jaeger-client-0.34.0.jar:/home/user/.m2/repository/io/jaegertracing/jaeger-thrift/0.34.0/jaeger-thrift-0.34.0.jar:/home/user/.m2/repository/org/apache/thrift/libthrift/0.12.0/libthrift-0.12.0.jar:/home/user/.m2/repository/com/squareup/okhttp3/okhttp/3.9.0/okhttp-3.9.0.jar:/home/user/.m2/repository/com/squareup/okio/okio/1.13.0/okio-1.13.0.jar:/home/user/.m2/repository/io/jaegertracing/jaeger-core/0.34.0/jaeger-core-0.34.0.jar:/home/user/.m2/repository/io/jaegertracing/jaeger-tracerresolver/0.34.0/jaeger-tracerresolver-0.34.0.jar:/home/user/.m2/repository/io/opentracing/contrib/opentracing-tracerresolver/0.1.5/opentracing-tracerresolver-0.1.5.jar:/home/user/.m2/repository/io/opentracing/opentracing-util/0.31.0/opentracing-util-0.31.0.jar:/home/user/.m2/repository/io/opentracing/opentracing-api/0.31.0/opentracing-api-0.31.0.jar:/home/user/.m2/repository/io/opentracing/opentracing-noop/0.31.0/opentracing-noop-0.31.0.jar:/home/user/.m2/repository/org/apache/hadoop/hadoop-hdds-server-framework/0.5.0-SNAPSHOT/hadoop-hdds-server-framework-0.5.0-SNAPSHOT.jar:/home/user/.m2/repository/org/apache/hadoop/hadoop-hdds-container-service/0.5.0-SNAPSHOT/hadoop-hdds-container-service-0.5.0-SNAPSHOT.jar:/home/user/.m2/repository/org/apache/hadoop/hadoop-hdds-client/0.5.0-SNAPSHOT/hadoop-hdds-client-0.5.0-SNAPSHOT.jar:/home/user/.m2/repository/org/apache/hadoop/hadoop-hdds-tools/0.5.0-SNAPSHOT/hadoop-hdds-tools-0.5.0-SNAPSHOT.jar:/home/user/.m2/repository/org/apache/hadoop/hadoop-hdds-server-scm/0.5.0-SNAPSHOT/hadoop-hdds-server-scm-0.5.0-SNAPSHOT.jar:/home/user/.m2/repository/org/apache/hadoop/hadoop-hdds-docs/0.5.0-SNAPSHOT/hadoop-hdds-docs-0.5.0-SNAPSHOT.jar:/home/user/.m2/repository/io/dropwizard/metrics/metrics-core/3.2.4/metrics-core-3.2.4.jar:/home/user/.m2/repository/org/hamcrest/hamcrest-all/1.3/hamcrest-all-1.3.jar:/home/user/.m2/repository/org/bouncycastle/bcprov-jdk15on/1.60/bcprov-jdk15on-1.60.jar:/home/user/.m2/repository/info/picocli/picocli/3.9.6/picocli-3.9.6.jar:/home/user/.m2/repository/com/google/protobuf/protobuf-java/2.5.0/protobuf-java-2.5.0.jar:/home/user/.m2/repository/com/google/guava/guava/11.0.2/guava-11.0.2.jar:/home/user/.m2/repository/org/apache/hadoop/hadoop-ozone-ozone-manager/0.5.0-SNAPSHOT/hadoop-ozone-ozone-manager-0.5.0-SNAPSHOT.jar:/home/user/.m2/repository/org/apache/hadoop/hadoop-minikdc/3.2.0/hadoop-minikdc-3.2.0.jar:/home/user/.m2/repository/commons-io/commons-io/2.5/commons-io-2.5.jar:/home/user/.m2/repository/org/apache/kerby/kerb-simplekdc/1.0.1/kerb-simplekdc-1.0.1.jar:/home/user/.m2/repository/org/apache/kerby/kerb-client/1.0.1/kerb-client-1.0.1.jar:/home/user/.m2/repository/org/apache/kerby/kerby-config/1.0.1/kerby-config-1.0.1.jar:/home/user/.m2/repository/org/apache/kerby/kerb-core/1.0.1/kerb-core-1.0.1.jar:/home/user/.m2/repository/org/apache/kerby/kerby-pkix/1.0.1/kerby-pkix-1.0.1.jar:/home/user/.m2/repository/org/apache/kerby/kerby-asn1/1.0.1/kerby-asn1-1.0.1.jar:/home/user/.m2/repository/org/apache/kerby/kerby-util/1.0.1/kerby-util-1.0.1.jar:/home/user/.m2/repository/org/apache/kerby/kerb-common/1.0.1/kerb-common-1.0.1.jar:/home/user/.m2/repository/org/apache/kerby/kerb-crypto/1.0.1/kerb-crypto-1.0.1.jar:/home/user/.m2/repository/org/apache/kerby/kerb-util/1.0.1/kerb-util-1.0.1.jar:/home/user/.m2/repository/org/apache/kerby/token-provider/1.0.1/token-provider-1.0.1.jar:/home/user/.m2/repository/org/apache/kerby/kerb-admin/1.0.1/kerb-admin-1.0.1.jar:/home/user/.m2/repository/org/apache/kerby/kerb-server/1.0.1/kerb-server-1.0.1.jar:/home/user/.m2/repository/org/apache/kerby/kerb-identity/1.0.1/kerb-identity-1.0.1.jar:/home/user/.m2/repository/org/apache/kerby/kerby-xdr/1.0.1/kerby-xdr-1.0.1.jar:/home/user/.m2/repository/org/slf4j/slf4j-log4j12/1.7.25/slf4j-log4j12-1.7.25.jar:/home/user/.m2/repository/org/apache/hadoop/hadoop-ozone-s3gateway/0.5.0-SNAPSHOT/hadoop-ozone-s3gateway-0.5.0-SNAPSHOT.jar:/home/user/.m2/repository/org/jboss/weld/servlet/weld-servlet/2.4.7.Final/weld-servlet-2.4.7.Final.jar:/home/user/.m2/repository/org/glassfish/jersey/containers/jersey-container-servlet-core/2.27/jersey-container-servlet-core-2.27.jar:/home/user/.m2/repository/org/glassfish/hk2/external/javax.inject/2.5.0-b42/javax.inject-2.5.0-b42.jar:/home/user/.m2/repository/org/glassfish/jersey/core/jersey-common/2.27/jersey-common-2.27.jar:/home/user/.m2/repository/org/glassfish/hk2/osgi-resource-locator/1.0.1/osgi-resource-locator-1.0.1.jar:/home/user/.m2/repository/javax/ws/rs/javax.ws.rs-api/2.1/javax.ws.rs-api-2.1.jar:/home/user/.m2/repository/org/glassfish/jersey/ext/cdi/jersey-cdi1x/2.27/jersey-cdi1x-2.27.jar:/home/user/.m2/repository/org/glassfish/jersey/inject/jersey-hk2/2.27/jersey-hk2-2.27.jar:/home/user/.m2/repository/org/glassfish/hk2/hk2-locator/2.5.0-b42/hk2-locator-2.5.0-b42.jar:/home/user/.m2/repository/org/javassist/javassist/3.22.0-CR2/javassist-3.22.0-CR2.jar:/home/user/.m2/repository/org/glassfish/hk2/hk2-api/2.5.0/hk2-api-2.5.0.jar:/home/user/.m2/repository/org/glassfish/hk2/external/jakarta.inject/2.5.0/jakarta.inject-2.5.0.jar:/home/user/.m2/repository/org/glassfish/hk2/hk2-utils/2.5.0/hk2-utils-2.5.0.jar:/home/user/.m2/repository/jakarta/annotation/jakarta.annotation-api/1.3.4/jakarta.annotation-api-1.3.4.jar:/home/user/.m2/repository/org/glassfish/hk2/external/aopalliance-repackaged/2.5.0/aopalliance-repackaged-2.5.0.jar:/home/user/.m2/repository/com/fasterxml/jackson/dataformat/jackson-dataformat-xml/2.9.0/jackson-dataformat-xml-2.9.0.jar:/home/user/.m2/repository/com/fasterxml/jackson/core/jackson-core/2.9.9/jackson-core-2.9.9.jar:/home/user/.m2/repository/com/fasterxml/jackson/module/jackson-module-jaxb-annotations/2.9.9/jackson-module-jaxb-annotations-2.9.9.jar:/home/user/.m2/repository/javax/enterprise/cdi-api/1.2/cdi-api-1.2.jar:/home/user/.m2/repository/javax/el/javax.el-api/3.0.0/javax.el-api-3.0.0.jar:/home/user/.m2/repository/javax/interceptor/javax.interceptor-api/1.2/javax.interceptor-api-1.2.jar:/home/user/.m2/repository/javax/inject/javax.inject/1/javax.inject-1.jar:/home/user/.m2/repository/com/sun/xml/bind/jaxb-impl/2.3.0.1/jaxb-impl-2.3.0.1.jar:/home/user/.m2/repository/com/sun/xml/bind/jaxb-core/2.3.0.1/jaxb-core-2.3.0.1.jar:/home/user/.m2/repository/javax/xml/bind/jaxb-api/2.3.0/jaxb-api-2.3.0.jar:/home/user/.m2/repository/javax/activation/activation/1.1.1/activation-1.1.1.jar:/home/user/.m2/repository/org/apache/hadoop/hadoop-ozone-csi/0.5.0-SNAPSHOT/hadoop-ozone-csi-0.5.0-SNAPSHOT.jar:/home/user/.m2/repository/com/google/protobuf/protobuf-java-util/3.5.1/protobuf-java-util-3.5.1.jar:/home/user/.m2/repository/org/apache/hadoop/hadoop-hdds-config/0.5.0-SNAPSHOT/hadoop-hdds-config-0.5.0-SNAPSHOT.jar:/home/user/.m2/repository/io/grpc/grpc-netty/1.17.1/grpc-netty-1.17.1.jar:/home/user/.m2/repository/io/grpc/grpc-core/1.17.1/grpc-core-1.17.1.jar:/home/user/.m2/repository/io/grpc/grpc-context/1.17.1/grpc-context-1.17.1.jar:/home/user/.m2/repository/com/google/errorprone/error_prone_annotations/2.2.0/error_prone_annotations-2.2.0.jar:/home/user/.m2/repository/org/codehaus/mojo/animal-sniffer-annotations/1.17/animal-sniffer-annotations-1.17.jar:/home/user/.m2/repository/io/opencensus/opencensus-api/0.17.0/opencensus-api-0.17.0.jar:/home/user/.m2/repository/io/opencensus/opencensus-contrib-grpc-metrics/0.17.0/opencensus-contrib-grpc-metrics-0.17.0.jar:/home/user/.m2/repository/io/netty/netty-codec-http2/4.1.30.Final/netty-codec-http2-4.1.30.Final.jar:/home/user/.m2/repository/io/netty/netty-codec-http/4.1.30.Final/netty-codec-http-4.1.30.Final.jar:/home/user/.m2/repository/io/netty/netty-codec/4.1.30.Final/netty-codec-4.1.30.Final.jar:/home/user/.m2/repository/io/netty/netty-handler/4.1.30.Final/netty-handler-4.1.30.Final.jar:/home/user/.m2/repository/io/netty/netty-handler-proxy/4.1.30.Final/netty-handler-proxy-4.1.30.Final.jar:/home/user/.m2/repository/io/netty/netty-codec-socks/4.1.30.Final/netty-codec-socks-4.1.30.Final.jar:/home/user/.m2/repository/io/netty/netty-transport-native-epoll/4.1.30.Final/netty-transport-native-epoll-4.1.30.Final.jar:/home/user/.m2/repository/io/netty/netty-common/4.1.30.Final/netty-common-4.1.30.Final.jar:/home/user/.m2/repository/io/netty/netty-buffer/4.1.30.Final/netty-buffer-4.1.30.Final.jar:/home/user/.m2/repository/io/netty/netty-transport/4.1.30.Final/netty-transport-4.1.30.Final.jar:/home/user/.m2/repository/io/netty/netty-resolver/4.1.30.Final/netty-resolver-4.1.30.Final.jar:/home/user/.m2/repository/io/netty/netty-transport-native-unix-common/4.1.30.Final/netty-transport-native-unix-common-4.1.30.Final.jar:/home/user/.m2/repository/io/grpc/grpc-protobuf/1.17.1/grpc-protobuf-1.17.1.jar:/home/user/.m2/repository/com/google/api/grpc/proto-google-common-protos/1.0.0/proto-google-common-protos-1.0.0.jar:/home/user/.m2/repository/io/grpc/grpc-protobuf-lite/1.17.1/grpc-protobuf-lite-1.17.1.jar:/home/user/.m2/repository/io/grpc/grpc-stub/1.17.1/grpc-stub-1.17.1.jar:/home/user/.m2/repository/org/apache/hadoop/hadoop-ozone-recon/0.5.0-SNAPSHOT/hadoop-ozone-recon-0.5.0-SNAPSHOT.jar:/home/user/.m2/repository/org/apache/hadoop/hadoop-ozone-reconcodegen/0.5.0-SNAPSHOT/hadoop-ozone-reconcodegen-0.5.0-SNAPSHOT.jar:/home/user/.m2/repository/com/google/inject/extensions/guice-multibindings/4.0/guice-multibindings-4.0.jar:/home/user/.m2/repository/com/google/inject/guice/4.0/guice-4.0.jar:/home/user/.m2/repository/aopalliance/aopalliance/1.0/aopalliance-1.0.jar:/home/user/.m2/repository/com/google/inject/extensions/guice-servlet/4.0/guice-servlet-4.0.jar:/home/user/.m2/repository/org/glassfish/jersey/containers/jersey-container-servlet/2.27/jersey-container-servlet-2.27.jar:/home/user/.m2/repository/org/glassfish/hk2/guice-bridge/2.5.0/guice-bridge-2.5.0.jar:/home/user/.m2/repository/org/glassfish/jersey/core/jersey-server/2.27/jersey-server-2.27.jar:/home/user/.m2/repository/org/glassfish/jersey/core/jersey-client/2.27/jersey-client-2.27.jar:/home/user/.m2/repository/org/glassfish/jersey/media/jersey-media-jaxb/2.27/jersey-media-jaxb-2.27.jar:/home/user/.m2/repository/javax/validation/validation-api/1.1.0.Final/validation-api-1.1.0.Final.jar:/home/user/.m2/repository/org/glassfish/jersey/media/jersey-media-json-jackson/2.27/jersey-media-json-jackson-2.27.jar:/home/user/.m2/repository/org/glassfish/jersey/ext/jersey-entity-filtering/2.27/jersey-entity-filtering-2.27.jar:/home/user/.m2/repository/com/google/inject/extensions/guice-assistedinject/4.0/guice-assistedinject-4.0.jar:/home/user/.m2/repository/org/jooq/jooq/3.11.10/jooq-3.11.10.jar:/home/user/.m2/repository/org/jooq/jooq-meta/3.11.10/jooq-meta-3.11.10.jar:/home/user/.m2/repository/org/jooq/jooq-codegen/3.11.10/jooq-codegen-3.11.10.jar:/home/user/.m2/repository/com/jolbox/bonecp/0.8.0.RELEASE/bonecp-0.8.0.RELEASE.jar:/home/user/.m2/repository/org/xerial/sqlite-jdbc/3.25.2/sqlite-jdbc-3.25.2.jar:/home/user/.m2/repository/org/springframework/spring-jdbc/5.1.3.RELEASE/spring-jdbc-5.1.3.RELEASE.jar:/home/user/.m2/repository/org/springframework/spring-beans/5.1.3.RELEASE/spring-beans-5.1.3.RELEASE.jar:/home/user/.m2/repository/org/springframework/spring-core/5.1.3.RELEASE/spring-core-5.1.3.RELEASE.jar:/home/user/.m2/repository/org/springframework/spring-jcl/5.1.3.RELEASE/spring-jcl-5.1.3.RELEASE.jar:/home/user/.m2/repository/org/springframework/spring-tx/5.1.3.RELEASE/spring-tx-5.1.3.RELEASE.jar:/home/user/.m2/repository/org/apache/hadoop/hadoop-ozone-client/0.5.0-SNAPSHOT/hadoop-ozone-client-0.5.0-SNAPSHOT.jar:/home/user/.m2/repository/commons-lang/commons-lang/2.6/commons-lang-2.6.jar:/home/user/.m2/repository/org/apache/hadoop/hadoop-ozone-ozone-manager/0.5.0-SNAPSHOT/hadoop-ozone-ozone-manager-0.5.0-SNAPSHOT-tests.jar:/home/user/.m2/repository/junit/junit/4.11/junit-4.11.jar:/home/user/.m2/repository/org/hamcrest/hamcrest-core/1.3/hamcrest-core-1.3.jar:/home/user/.m2/repository/org/openjdk/jmh/jmh-core/1.19/jmh-core-1.19.jar:/home/user/.m2/repository/net/sf/jopt-simple/jopt-simple/4.6/jopt-simple-4.6.jar:/home/user/.m2/repository/org/apache/commons/commons-math3/3.1.1/commons-math3-3.1.1.jar:/home/user/.m2/repository/org/openjdk/jmh/jmh-generator-annprocess/1.19/jmh-generator-annprocess-1.19.jar:/home/user/.m2/repository/org/mockito/mockito-all/1.8.5/mockito-all-1.8.5.jar:/home/user/.m2/repository/org/apache/hadoop/hadoop-kms/3.2.0/hadoop-kms-3.2.0.jar:/home/user/.m2/repository/org/apache/hadoop/hadoop-auth/3.2.0/hadoop-auth-3.2.0.jar:/home/user/.m2/repository/com/nimbusds/nimbus-jose-jwt/4.41.1/nimbus-jose-jwt-4.41.1.jar:/home/user/.m2/repository/com/github/stephenc/jcip/jcip-annotations/1.0-1/jcip-annotations-1.0-1.jar:/home/user/.m2/repository/net/minidev/json-smart/2.3/json-smart-2.3.jar:/home/user/.m2/repository/net/minidev/accessors-smart/1.2/accessors-smart-1.2.jar:/home/user/.m2/repository/org/ow2/asm/asm/5.0.4/asm-5.0.4.jar:/home/user/.m2/repository/org/apache/curator/curator-framework/2.12.0/curator-framework-2.12.0.jar:/home/user/.m2/repository/com/sun/jersey/jersey-core/1.19/jersey-core-1.19.jar:/home/user/.m2/repository/javax/ws/rs/jsr311-api/1.1.1/jsr311-api-1.1.1.jar:/home/user/.m2/repository/com/sun/jersey/jersey-server/1.19/jersey-server-1.19.jar:/home/user/.m2/repository/javax/servlet/javax.servlet-api/3.1.0/javax.servlet-api-3.1.0.jar:/home/user/.m2/repository/org/eclipse/jetty/jetty-server/9.3.25.v20180904/jetty-server-9.3.25.v20180904.jar:/home/user/.m2/repository/org/eclipse/jetty/jetty-http/9.3.25.v20180904/jetty-http-9.3.25.v20180904.jar:/home/user/.m2/repository/org/eclipse/jetty/jetty-io/9.3.25.v20180904/jetty-io-9.3.25.v20180904.jar:/home/user/.m2/repository/org/eclipse/jetty/jetty-webapp/9.3.25.v20180904/jetty-webapp-9.3.25.v20180904.jar:/home/user/.m2/repository/org/eclipse/jetty/jetty-xml/9.3.25.v20180904/jetty-xml-9.3.25.v20180904.jar:/home/user/.m2/repository/log4j/log4j/1.2.17/log4j-1.2.17.jar:/home/user/.m2/repository/org/slf4j/slf4j-api/1.7.25/slf4j-api-1.7.25.jar:/home/user/.m2/repository/org/slf4j/jul-to-slf4j/1.7.25/jul-to-slf4j-1.7.25.jar:/home/user/.m2/repository/org/eclipse/jetty/jetty-util/9.3.25.v20180904/jetty-util-9.3.25.v20180904.jar:/home/user/.m2/repository/com/fasterxml/jackson/core/jackson-databind/2.9.9/jackson-databind-2.9.9.jar:/home/user/.m2/repository/org/apache/hadoop/hadoop-kms/3.2.0/hadoop-kms-3.2.0-tests.jar:/home/user/.m2/repository/org/apache/hadoop/hadoop-hdds-server-scm/0.5.0-SNAPSHOT/hadoop-hdds-server-scm-0.5.0-SNAPSHOT-tests.jar:/home/user/.m2/repository/org/apache/hadoop/hadoop-hdds-container-service/0.5.0-SNAPSHOT/hadoop-hdds-container-service-0.5.0-SNAPSHOT-tests.jar:/home/user/.m2/repository/org/yaml/snakeyaml/1.16/snakeyaml-1.16.jar:/home/user/.m2/repository/org/apache/hadoop/hadoop-common/3.2.0/hadoop-common-3.2.0-tests.jar:/home/user/.m2/repository/org/apache/hadoop/hadoop-annotations/3.2.0/hadoop-annotations-3.2.0.jar:/usr/lib/jvm/java-1.8.0-openjdk-1.8.0.222.b10-1.el7_7.x86_64/jre/../lib/tools.jar:/home/user/.m2/repository/commons-cli/commons-cli/1.2/commons-cli-1.2.jar:/home/user/.m2/repository/org/apache/httpcomponents/httpclient/4.5.2/httpclient-4.5.2.jar:/home/user/.m2/repository/org/apache/httpcomponents/httpcore/4.4.4/httpcore-4.4.4.jar:/home/user/.m2/repository/commons-codec/commons-codec/1.11/commons-codec-1.11.jar:/home/user/.m2/repository/commons-net/commons-net/3.6/commons-net-3.6.jar:/home/user/.m2/repository/commons-collections/commons-collections/3.2.2/commons-collections-3.2.2.jar:/home/user/.m2/repository/org/eclipse/jetty/jetty-servlet/9.3.25.v20180904/jetty-servlet-9.3.25.v20180904.jar:/home/user/.m2/repository/org/eclipse/jetty/jetty-security/9.3.25.v20180904/jetty-security-9.3.25.v20180904.jar:/home/user/.m2/repository/javax/servlet/jsp/jsp-api/2.1/jsp-api-2.1.jar:/home/user/.m2/repository/com/sun/jersey/jersey-servlet/1.19/jersey-servlet-1.19.jar:/home/user/.m2/repository/com/sun/jersey/jersey-json/1.19/jersey-json-1.19.jar:/home/user/.m2/repository/org/codehaus/jettison/jettison/1.1/jettison-1.1.jar:/home/user/.m2/repository/org/codehaus/jackson/jackson-core-asl/1.9.13/jackson-core-asl-1.9.13.jar:/home/user/.m2/repository/org/codehaus/jackson/jackson-mapper-asl/1.9.13/jackson-mapper-asl-1.9.13.jar:/home/user/.m2/repository/org/codehaus/jackson/jackson-jaxrs/1.9.13/jackson-jaxrs-1.9.13.jar:/home/user/.m2/repository/org/codehaus/jackson/jackson-xc/1.9.13/jackson-xc-1.9.13.jar:/home/user/.m2/repository/commons-logging/commons-logging/1.1.3/commons-logging-1.1.3.jar:/home/user/.m2/repository/commons-beanutils/commons-beanutils/1.9.4/commons-beanutils-1.9.4.jar:/home/user/.m2/repository/org/apache/commons/commons-configuration2/2.1.1/commons-configuration2-2.1.1.jar:/home/user/.m2/repository/org/apache/commons/commons-lang3/3.7/commons-lang3-3.7.jar:/home/user/.m2/repository/org/apache/commons/commons-text/1.4/commons-text-1.4.jar:/home/user/.m2/repository/org/apache/avro/avro/1.7.7/avro-1.7.7.jar:/home/user/.m2/repository/com/thoughtworks/paranamer/paranamer/2.3/paranamer-2.3.jar:/home/user/.m2/repository/org/xerial/snappy/snappy-java/1.0.5/snappy-java-1.0.5.jar:/home/user/.m2/repository/com/google/re2j/re2j/1.1/re2j-1.1.jar:/home/user/.m2/repository/com/google/code/gson/gson/2.2.4/gson-2.2.4.jar:/home/user/.m2/repository/com/jcraft/jsch/0.1.54/jsch-0.1.54.jar:/home/user/.m2/repository/org/apache/curator/curator-client/2.12.0/curator-client-2.12.0.jar:/home/user/.m2/repository/org/apache/curator/curator-recipes/2.12.0/curator-recipes-2.12.0.jar:/home/user/.m2/repository/com/google/code/findbugs/jsr305/3.0.0/jsr305-3.0.0.jar:/home/user/.m2/repository/org/apache/htrace/htrace-core4/4.1.0-incubating/htrace-core4-4.1.0-incubating.jar:/home/user/.m2/repository/org/apache/zookeeper/zookeeper/3.4.13/zookeeper-3.4.13.jar:/home/user/.m2/repository/jline/jline/0.9.94/jline-0.9.94.jar:/home/user/.m2/repository/org/apache/yetus/audience-annotations/0.5.0/audience-annotations-0.5.0.jar:/home/user/.m2/repository/org/codehaus/woodstox/stax2-api/3.1.4/stax2-api-3.1.4.jar:/home/user/.m2/repository/com/fasterxml/woodstox/woodstox-core/5.0.3/woodstox-core-5.0.3.jar:/home/user/.m2/repository/dnsjava/dnsjava/2.1.7/dnsjava-2.1.7.jar:/home/user/.m2/repository/org/apache/hadoop/hadoop-hdfs/3.2.0/hadoop-hdfs-3.2.0-tests.jar:/home/user/.m2/repository/org/eclipse/jetty/jetty-util-ajax/9.3.25.v20180904/jetty-util-ajax-9.3.25.v20180904.jar:/home/user/.m2/repository/commons-daemon/commons-daemon/1.0.13/commons-daemon-1.0.13.jar:/home/user/.m2/repository/io/netty/netty/3.10.5.Final/netty-3.10.5.Final.jar:/home/user/.m2/repository/io/netty/netty-all/4.0.52.Final/netty-all-4.0.52.Final.jar:/home/user/.m2/repository/org/fusesource/leveldbjni/leveldbjni-all/1.8/leveldbjni-all-1.8.jar:"/>
    <property name="java.vm.vendor" value="Oracle Corporation"/>
    <property name="sun.arch.data.model" value="64"/>
    <property name="test.build.dir" value="/workdir/hadoop-ozone/integration-test/target/test-dir"/>
    <property name="test.cache.data" value=""/>
    <property name="java.vendor.url" value="http://java.oracle.com/"/>
    <property name="user.timezone" value=""/>
    <property name="java.vm.specification.version" value="1.8"/>
    <property name="os.name" value="Linux"/>
    <property name="test.build.data" value="/workdir/hadoop-ozone/integration-test/target/test-dir"/>
    <property name="user.country" value="US"/>
    <property name="sun.java.launcher" value="SUN_STANDARD"/>
    <property name="sun.boot.library.path" value="/usr/lib/jvm/java-1.8.0-openjdk-1.8.0.222.b10-1.el7_7.x86_64/jre/lib/amd64"/>
    <property name="sun.java.command" value="/workdir/hadoop-ozone/integration-test/target/surefire/surefirebooter7561319537188043080.jar /workdir/hadoop-ozone/integration-test/target/surefire 2019-11-14T17-03-57_507-jvmRun1 surefire7604583899589478059tmp surefire_346651374011063221822tmp"/>
    <property name="surefire.test.class.path" value="/workdir/hadoop-ozone/integration-test/target/test-classes:/workdir/hadoop-ozone/integration-test/target/classes:/home/user/.m2/repository/org/apache/hadoop/hadoop-ozone-common/0.5.0-SNAPSHOT/hadoop-ozone-common-0.5.0-SNAPSHOT.jar:/home/user/.m2/repository/org/apache/commons/commons-compress/1.4.1/commons-compress-1.4.1.jar:/home/user/.m2/repository/org/tukaani/xz/1.0/xz-1.0.jar:/home/user/.m2/repository/org/apache/hadoop/hadoop-common/3.2.0/hadoop-common-3.2.0.jar:/home/user/.m2/repository/org/apache/hadoop/hadoop-hdfs/3.2.0/hadoop-hdfs-3.2.0.jar:/home/user/.m2/repository/org/apache/hadoop/hadoop-hdfs-client/3.2.0/hadoop-hdfs-client-3.2.0.jar:/home/user/.m2/repository/com/fasterxml/jackson/core/jackson-annotations/2.9.9/jackson-annotations-2.9.9.jar:/home/user/.m2/repository/org/apache/hadoop/hadoop-hdds-common/0.5.0-SNAPSHOT/hadoop-hdds-common-0.5.0-SNAPSHOT.jar:/home/user/.m2/repository/javax/annotation/javax.annotation-api/1.2/javax.annotation-api-1.2.jar:/home/user/.m2/repository/org/apache/ratis/ratis-server/0.5.0-d6d58d0-SNAPSHOT/ratis-server-0.5.0-d6d58d0-SNAPSHOT.jar:/home/user/.m2/repository/org/apache/ratis/ratis-thirdparty-misc/0.2.0/ratis-thirdparty-misc-0.2.0.jar:/home/user/.m2/repository/org/apache/ratis/ratis-proto/0.5.0-d6d58d0-SNAPSHOT/ratis-proto-0.5.0-d6d58d0-SNAPSHOT.jar:/home/user/.m2/repository/org/apache/ratis/ratis-common/0.5.0-d6d58d0-SNAPSHOT/ratis-common-0.5.0-d6d58d0-SNAPSHOT.jar:/home/user/.m2/repository/org/apache/ratis/ratis-client/0.5.0-d6d58d0-SNAPSHOT/ratis-client-0.5.0-d6d58d0-SNAPSHOT.jar:/home/user/.m2/repository/org/apache/ratis/ratis-metrics/0.5.0-d6d58d0-SNAPSHOT/ratis-metrics-0.5.0-d6d58d0-SNAPSHOT.jar:/home/user/.m2/repository/org/apache/ratis/ratis-netty/0.5.0-d6d58d0-SNAPSHOT/ratis-netty-0.5.0-d6d58d0-SNAPSHOT.jar:/home/user/.m2/repository/org/apache/ratis/ratis-grpc/0.5.0-d6d58d0-SNAPSHOT/ratis-grpc-0.5.0-d6d58d0-SNAPSHOT.jar:/home/user/.m2/repository/org/rocksdb/rocksdbjni/6.0.1/rocksdbjni-6.0.1.jar:/home/user/.m2/repository/org/apache/logging/log4j/log4j-api/2.11.0/log4j-api-2.11.0.jar:/home/user/.m2/repository/org/apache/logging/log4j/log4j-core/2.11.0/log4j-core-2.11.0.jar:/home/user/.m2/repository/com/lmax/disruptor/3.4.2/disruptor-3.4.2.jar:/home/user/.m2/repository/org/apache/commons/commons-pool2/2.6.0/commons-pool2-2.6.0.jar:/home/user/.m2/repository/org/bouncycastle/bcpkix-jdk15on/1.60/bcpkix-jdk15on-1.60.jar:/home/user/.m2/repository/commons-validator/commons-validator/1.6/commons-validator-1.6.jar:/home/user/.m2/repository/commons-digester/commons-digester/1.8.1/commons-digester-1.8.1.jar:/home/user/.m2/repository/io/jaegertracing/jaeger-client/0.34.0/jaeger-client-0.34.0.jar:/home/user/.m2/repository/io/jaegertracing/jaeger-thrift/0.34.0/jaeger-thrift-0.34.0.jar:/home/user/.m2/repository/org/apache/thrift/libthrift/0.12.0/libthrift-0.12.0.jar:/home/user/.m2/repository/com/squareup/okhttp3/okhttp/3.9.0/okhttp-3.9.0.jar:/home/user/.m2/repository/com/squareup/okio/okio/1.13.0/okio-1.13.0.jar:/home/user/.m2/repository/io/jaegertracing/jaeger-core/0.34.0/jaeger-core-0.34.0.jar:/home/user/.m2/repository/io/jaegertracing/jaeger-tracerresolver/0.34.0/jaeger-tracerresolver-0.34.0.jar:/home/user/.m2/repository/io/opentracing/contrib/opentracing-tracerresolver/0.1.5/opentracing-tracerresolver-0.1.5.jar:/home/user/.m2/repository/io/opentracing/opentracing-util/0.31.0/opentracing-util-0.31.0.jar:/home/user/.m2/repository/io/opentracing/opentracing-api/0.31.0/opentracing-api-0.31.0.jar:/home/user/.m2/repository/io/opentracing/opentracing-noop/0.31.0/opentracing-noop-0.31.0.jar:/home/user/.m2/repository/org/apache/hadoop/hadoop-hdds-server-framework/0.5.0-SNAPSHOT/hadoop-hdds-server-framework-0.5.0-SNAPSHOT.jar:/home/user/.m2/repository/org/apache/hadoop/hadoop-hdds-container-service/0.5.0-SNAPSHOT/hadoop-hdds-container-service-0.5.0-SNAPSHOT.jar:/home/user/.m2/repository/org/apache/hadoop/hadoop-hdds-client/0.5.0-SNAPSHOT/hadoop-hdds-client-0.5.0-SNAPSHOT.jar:/home/user/.m2/repository/org/apache/hadoop/hadoop-hdds-tools/0.5.0-SNAPSHOT/hadoop-hdds-tools-0.5.0-SNAPSHOT.jar:/home/user/.m2/repository/org/apache/hadoop/hadoop-hdds-server-scm/0.5.0-SNAPSHOT/hadoop-hdds-server-scm-0.5.0-SNAPSHOT.jar:/home/user/.m2/repository/org/apache/hadoop/hadoop-hdds-docs/0.5.0-SNAPSHOT/hadoop-hdds-docs-0.5.0-SNAPSHOT.jar:/home/user/.m2/repository/io/dropwizard/metrics/metrics-core/3.2.4/metrics-core-3.2.4.jar:/home/user/.m2/repository/org/hamcrest/hamcrest-all/1.3/hamcrest-all-1.3.jar:/home/user/.m2/repository/org/bouncycastle/bcprov-jdk15on/1.60/bcprov-jdk15on-1.60.jar:/home/user/.m2/repository/info/picocli/picocli/3.9.6/picocli-3.9.6.jar:/home/user/.m2/repository/com/google/protobuf/protobuf-java/2.5.0/protobuf-java-2.5.0.jar:/home/user/.m2/repository/com/google/guava/guava/11.0.2/guava-11.0.2.jar:/home/user/.m2/repository/org/apache/hadoop/hadoop-ozone-ozone-manager/0.5.0-SNAPSHOT/hadoop-ozone-ozone-manager-0.5.0-SNAPSHOT.jar:/home/user/.m2/repository/org/apache/hadoop/hadoop-minikdc/3.2.0/hadoop-minikdc-3.2.0.jar:/home/user/.m2/repository/commons-io/commons-io/2.5/commons-io-2.5.jar:/home/user/.m2/repository/org/apache/kerby/kerb-simplekdc/1.0.1/kerb-simplekdc-1.0.1.jar:/home/user/.m2/repository/org/apache/kerby/kerb-client/1.0.1/kerb-client-1.0.1.jar:/home/user/.m2/repository/org/apache/kerby/kerby-config/1.0.1/kerby-config-1.0.1.jar:/home/user/.m2/repository/org/apache/kerby/kerb-core/1.0.1/kerb-core-1.0.1.jar:/home/user/.m2/repository/org/apache/kerby/kerby-pkix/1.0.1/kerby-pkix-1.0.1.jar:/home/user/.m2/repository/org/apache/kerby/kerby-asn1/1.0.1/kerby-asn1-1.0.1.jar:/home/user/.m2/repository/org/apache/kerby/kerby-util/1.0.1/kerby-util-1.0.1.jar:/home/user/.m2/repository/org/apache/kerby/kerb-common/1.0.1/kerb-common-1.0.1.jar:/home/user/.m2/repository/org/apache/kerby/kerb-crypto/1.0.1/kerb-crypto-1.0.1.jar:/home/user/.m2/repository/org/apache/kerby/kerb-util/1.0.1/kerb-util-1.0.1.jar:/home/user/.m2/repository/org/apache/kerby/token-provider/1.0.1/token-provider-1.0.1.jar:/home/user/.m2/repository/org/apache/kerby/kerb-admin/1.0.1/kerb-admin-1.0.1.jar:/home/user/.m2/repository/org/apache/kerby/kerb-server/1.0.1/kerb-server-1.0.1.jar:/home/user/.m2/repository/org/apache/kerby/kerb-identity/1.0.1/kerb-identity-1.0.1.jar:/home/user/.m2/repository/org/apache/kerby/kerby-xdr/1.0.1/kerby-xdr-1.0.1.jar:/home/user/.m2/repository/org/slf4j/slf4j-log4j12/1.7.25/slf4j-log4j12-1.7.25.jar:/home/user/.m2/repository/org/apache/hadoop/hadoop-ozone-s3gateway/0.5.0-SNAPSHOT/hadoop-ozone-s3gateway-0.5.0-SNAPSHOT.jar:/home/user/.m2/repository/org/jboss/weld/servlet/weld-servlet/2.4.7.Final/weld-servlet-2.4.7.Final.jar:/home/user/.m2/repository/org/glassfish/jersey/containers/jersey-container-servlet-core/2.27/jersey-container-servlet-core-2.27.jar:/home/user/.m2/repository/org/glassfish/hk2/external/javax.inject/2.5.0-b42/javax.inject-2.5.0-b42.jar:/home/user/.m2/repository/org/glassfish/jersey/core/jersey-common/2.27/jersey-common-2.27.jar:/home/user/.m2/repository/org/glassfish/hk2/osgi-resource-locator/1.0.1/osgi-resource-locator-1.0.1.jar:/home/user/.m2/repository/javax/ws/rs/javax.ws.rs-api/2.1/javax.ws.rs-api-2.1.jar:/home/user/.m2/repository/org/glassfish/jersey/ext/cdi/jersey-cdi1x/2.27/jersey-cdi1x-2.27.jar:/home/user/.m2/repository/org/glassfish/jersey/inject/jersey-hk2/2.27/jersey-hk2-2.27.jar:/home/user/.m2/repository/org/glassfish/hk2/hk2-locator/2.5.0-b42/hk2-locator-2.5.0-b42.jar:/home/user/.m2/repository/org/javassist/javassist/3.22.0-CR2/javassist-3.22.0-CR2.jar:/home/user/.m2/repository/org/glassfish/hk2/hk2-api/2.5.0/hk2-api-2.5.0.jar:/home/user/.m2/repository/org/glassfish/hk2/external/jakarta.inject/2.5.0/jakarta.inject-2.5.0.jar:/home/user/.m2/repository/org/glassfish/hk2/hk2-utils/2.5.0/hk2-utils-2.5.0.jar:/home/user/.m2/repository/jakarta/annotation/jakarta.annotation-api/1.3.4/jakarta.annotation-api-1.3.4.jar:/home/user/.m2/repository/org/glassfish/hk2/external/aopalliance-repackaged/2.5.0/aopalliance-repackaged-2.5.0.jar:/home/user/.m2/repository/com/fasterxml/jackson/dataformat/jackson-dataformat-xml/2.9.0/jackson-dataformat-xml-2.9.0.jar:/home/user/.m2/repository/com/fasterxml/jackson/core/jackson-core/2.9.9/jackson-core-2.9.9.jar:/home/user/.m2/repository/com/fasterxml/jackson/module/jackson-module-jaxb-annotations/2.9.9/jackson-module-jaxb-annotations-2.9.9.jar:/home/user/.m2/repository/javax/enterprise/cdi-api/1.2/cdi-api-1.2.jar:/home/user/.m2/repository/javax/el/javax.el-api/3.0.0/javax.el-api-3.0.0.jar:/home/user/.m2/repository/javax/interceptor/javax.interceptor-api/1.2/javax.interceptor-api-1.2.jar:/home/user/.m2/repository/javax/inject/javax.inject/1/javax.inject-1.jar:/home/user/.m2/repository/com/sun/xml/bind/jaxb-impl/2.3.0.1/jaxb-impl-2.3.0.1.jar:/home/user/.m2/repository/com/sun/xml/bind/jaxb-core/2.3.0.1/jaxb-core-2.3.0.1.jar:/home/user/.m2/repository/javax/xml/bind/jaxb-api/2.3.0/jaxb-api-2.3.0.jar:/home/user/.m2/repository/javax/activation/activation/1.1.1/activation-1.1.1.jar:/home/user/.m2/repository/org/apache/hadoop/hadoop-ozone-csi/0.5.0-SNAPSHOT/hadoop-ozone-csi-0.5.0-SNAPSHOT.jar:/home/user/.m2/repository/com/google/protobuf/protobuf-java-util/3.5.1/protobuf-java-util-3.5.1.jar:/home/user/.m2/repository/org/apache/hadoop/hadoop-hdds-config/0.5.0-SNAPSHOT/hadoop-hdds-config-0.5.0-SNAPSHOT.jar:/home/user/.m2/repository/io/grpc/grpc-netty/1.17.1/grpc-netty-1.17.1.jar:/home/user/.m2/repository/io/grpc/grpc-core/1.17.1/grpc-core-1.17.1.jar:/home/user/.m2/repository/io/grpc/grpc-context/1.17.1/grpc-context-1.17.1.jar:/home/user/.m2/repository/com/google/errorprone/error_prone_annotations/2.2.0/error_prone_annotations-2.2.0.jar:/home/user/.m2/repository/org/codehaus/mojo/animal-sniffer-annotations/1.17/animal-sniffer-annotations-1.17.jar:/home/user/.m2/repository/io/opencensus/opencensus-api/0.17.0/opencensus-api-0.17.0.jar:/home/user/.m2/repository/io/opencensus/opencensus-contrib-grpc-metrics/0.17.0/opencensus-contrib-grpc-metrics-0.17.0.jar:/home/user/.m2/repository/io/netty/netty-codec-http2/4.1.30.Final/netty-codec-http2-4.1.30.Final.jar:/home/user/.m2/repository/io/netty/netty-codec-http/4.1.30.Final/netty-codec-http-4.1.30.Final.jar:/home/user/.m2/repository/io/netty/netty-codec/4.1.30.Final/netty-codec-4.1.30.Final.jar:/home/user/.m2/repository/io/netty/netty-handler/4.1.30.Final/netty-handler-4.1.30.Final.jar:/home/user/.m2/repository/io/netty/netty-handler-proxy/4.1.30.Final/netty-handler-proxy-4.1.30.Final.jar:/home/user/.m2/repository/io/netty/netty-codec-socks/4.1.30.Final/netty-codec-socks-4.1.30.Final.jar:/home/user/.m2/repository/io/netty/netty-transport-native-epoll/4.1.30.Final/netty-transport-native-epoll-4.1.30.Final.jar:/home/user/.m2/repository/io/netty/netty-common/4.1.30.Final/netty-common-4.1.30.Final.jar:/home/user/.m2/repository/io/netty/netty-buffer/4.1.30.Final/netty-buffer-4.1.30.Final.jar:/home/user/.m2/repository/io/netty/netty-transport/4.1.30.Final/netty-transport-4.1.30.Final.jar:/home/user/.m2/repository/io/netty/netty-resolver/4.1.30.Final/netty-resolver-4.1.30.Final.jar:/home/user/.m2/repository/io/netty/netty-transport-native-unix-common/4.1.30.Final/netty-transport-native-unix-common-4.1.30.Final.jar:/home/user/.m2/repository/io/grpc/grpc-protobuf/1.17.1/grpc-protobuf-1.17.1.jar:/home/user/.m2/repository/com/google/api/grpc/proto-google-common-protos/1.0.0/proto-google-common-protos-1.0.0.jar:/home/user/.m2/repository/io/grpc/grpc-protobuf-lite/1.17.1/grpc-protobuf-lite-1.17.1.jar:/home/user/.m2/repository/io/grpc/grpc-stub/1.17.1/grpc-stub-1.17.1.jar:/home/user/.m2/repository/org/apache/hadoop/hadoop-ozone-recon/0.5.0-SNAPSHOT/hadoop-ozone-recon-0.5.0-SNAPSHOT.jar:/home/user/.m2/repository/org/apache/hadoop/hadoop-ozone-reconcodegen/0.5.0-SNAPSHOT/hadoop-ozone-reconcodegen-0.5.0-SNAPSHOT.jar:/home/user/.m2/repository/com/google/inject/extensions/guice-multibindings/4.0/guice-multibindings-4.0.jar:/home/user/.m2/repository/com/google/inject/guice/4.0/guice-4.0.jar:/home/user/.m2/repository/aopalliance/aopalliance/1.0/aopalliance-1.0.jar:/home/user/.m2/repository/com/google/inject/extensions/guice-servlet/4.0/guice-servlet-4.0.jar:/home/user/.m2/repository/org/glassfish/jersey/containers/jersey-container-servlet/2.27/jersey-container-servlet-2.27.jar:/home/user/.m2/repository/org/glassfish/hk2/guice-bridge/2.5.0/guice-bridge-2.5.0.jar:/home/user/.m2/repository/org/glassfish/jersey/core/jersey-server/2.27/jersey-server-2.27.jar:/home/user/.m2/repository/org/glassfish/jersey/core/jersey-client/2.27/jersey-client-2.27.jar:/home/user/.m2/repository/org/glassfish/jersey/media/jersey-media-jaxb/2.27/jersey-media-jaxb-2.27.jar:/home/user/.m2/repository/javax/validation/validation-api/1.1.0.Final/validation-api-1.1.0.Final.jar:/home/user/.m2/repository/org/glassfish/jersey/media/jersey-media-json-jackson/2.27/jersey-media-json-jackson-2.27.jar:/home/user/.m2/repository/org/glassfish/jersey/ext/jersey-entity-filtering/2.27/jersey-entity-filtering-2.27.jar:/home/user/.m2/repository/com/google/inject/extensions/guice-assistedinject/4.0/guice-assistedinject-4.0.jar:/home/user/.m2/repository/org/jooq/jooq/3.11.10/jooq-3.11.10.jar:/home/user/.m2/repository/org/jooq/jooq-meta/3.11.10/jooq-meta-3.11.10.jar:/home/user/.m2/repository/org/jooq/jooq-codegen/3.11.10/jooq-codegen-3.11.10.jar:/home/user/.m2/repository/com/jolbox/bonecp/0.8.0.RELEASE/bonecp-0.8.0.RELEASE.jar:/home/user/.m2/repository/org/xerial/sqlite-jdbc/3.25.2/sqlite-jdbc-3.25.2.jar:/home/user/.m2/repository/org/springframework/spring-jdbc/5.1.3.RELEASE/spring-jdbc-5.1.3.RELEASE.jar:/home/user/.m2/repository/org/springframework/spring-beans/5.1.3.RELEASE/spring-beans-5.1.3.RELEASE.jar:/home/user/.m2/repository/org/springframework/spring-core/5.1.3.RELEASE/spring-core-5.1.3.RELEASE.jar:/home/user/.m2/repository/org/springframework/spring-jcl/5.1.3.RELEASE/spring-jcl-5.1.3.RELEASE.jar:/home/user/.m2/repository/org/springframework/spring-tx/5.1.3.RELEASE/spring-tx-5.1.3.RELEASE.jar:/home/user/.m2/repository/org/apache/hadoop/hadoop-ozone-client/0.5.0-SNAPSHOT/hadoop-ozone-client-0.5.0-SNAPSHOT.jar:/home/user/.m2/repository/commons-lang/commons-lang/2.6/commons-lang-2.6.jar:/home/user/.m2/repository/org/apache/hadoop/hadoop-ozone-ozone-manager/0.5.0-SNAPSHOT/hadoop-ozone-ozone-manager-0.5.0-SNAPSHOT-tests.jar:/home/user/.m2/repository/junit/junit/4.11/junit-4.11.jar:/home/user/.m2/repository/org/hamcrest/hamcrest-core/1.3/hamcrest-core-1.3.jar:/home/user/.m2/repository/org/openjdk/jmh/jmh-core/1.19/jmh-core-1.19.jar:/home/user/.m2/repository/net/sf/jopt-simple/jopt-simple/4.6/jopt-simple-4.6.jar:/home/user/.m2/repository/org/apache/commons/commons-math3/3.1.1/commons-math3-3.1.1.jar:/home/user/.m2/repository/org/openjdk/jmh/jmh-generator-annprocess/1.19/jmh-generator-annprocess-1.19.jar:/home/user/.m2/repository/org/mockito/mockito-all/1.8.5/mockito-all-1.8.5.jar:/home/user/.m2/repository/org/apache/hadoop/hadoop-kms/3.2.0/hadoop-kms-3.2.0.jar:/home/user/.m2/repository/org/apache/hadoop/hadoop-auth/3.2.0/hadoop-auth-3.2.0.jar:/home/user/.m2/repository/com/nimbusds/nimbus-jose-jwt/4.41.1/nimbus-jose-jwt-4.41.1.jar:/home/user/.m2/repository/com/github/stephenc/jcip/jcip-annotations/1.0-1/jcip-annotations-1.0-1.jar:/home/user/.m2/repository/net/minidev/json-smart/2.3/json-smart-2.3.jar:/home/user/.m2/repository/net/minidev/accessors-smart/1.2/accessors-smart-1.2.jar:/home/user/.m2/repository/org/ow2/asm/asm/5.0.4/asm-5.0.4.jar:/home/user/.m2/repository/org/apache/curator/curator-framework/2.12.0/curator-framework-2.12.0.jar:/home/user/.m2/repository/com/sun/jersey/jersey-core/1.19/jersey-core-1.19.jar:/home/user/.m2/repository/javax/ws/rs/jsr311-api/1.1.1/jsr311-api-1.1.1.jar:/home/user/.m2/repository/com/sun/jersey/jersey-server/1.19/jersey-server-1.19.jar:/home/user/.m2/repository/javax/servlet/javax.servlet-api/3.1.0/javax.servlet-api-3.1.0.jar:/home/user/.m2/repository/org/eclipse/jetty/jetty-server/9.3.25.v20180904/jetty-server-9.3.25.v20180904.jar:/home/user/.m2/repository/org/eclipse/jetty/jetty-http/9.3.25.v20180904/jetty-http-9.3.25.v20180904.jar:/home/user/.m2/repository/org/eclipse/jetty/jetty-io/9.3.25.v20180904/jetty-io-9.3.25.v20180904.jar:/home/user/.m2/repository/org/eclipse/jetty/jetty-webapp/9.3.25.v20180904/jetty-webapp-9.3.25.v20180904.jar:/home/user/.m2/repository/org/eclipse/jetty/jetty-xml/9.3.25.v20180904/jetty-xml-9.3.25.v20180904.jar:/home/user/.m2/repository/log4j/log4j/1.2.17/log4j-1.2.17.jar:/home/user/.m2/repository/org/slf4j/slf4j-api/1.7.25/slf4j-api-1.7.25.jar:/home/user/.m2/repository/org/slf4j/jul-to-slf4j/1.7.25/jul-to-slf4j-1.7.25.jar:/home/user/.m2/repository/org/eclipse/jetty/jetty-util/9.3.25.v20180904/jetty-util-9.3.25.v20180904.jar:/home/user/.m2/repository/com/fasterxml/jackson/core/jackson-databind/2.9.9/jackson-databind-2.9.9.jar:/home/user/.m2/repository/org/apache/hadoop/hadoop-kms/3.2.0/hadoop-kms-3.2.0-tests.jar:/home/user/.m2/repository/org/apache/hadoop/hadoop-hdds-server-scm/0.5.0-SNAPSHOT/hadoop-hdds-server-scm-0.5.0-SNAPSHOT-tests.jar:/home/user/.m2/repository/org/apache/hadoop/hadoop-hdds-container-service/0.5.0-SNAPSHOT/hadoop-hdds-container-service-0.5.0-SNAPSHOT-tests.jar:/home/user/.m2/repository/org/yaml/snakeyaml/1.16/snakeyaml-1.16.jar:/home/user/.m2/repository/org/apache/hadoop/hadoop-common/3.2.0/hadoop-common-3.2.0-tests.jar:/home/user/.m2/repository/org/apache/hadoop/hadoop-annotations/3.2.0/hadoop-annotations-3.2.0.jar:/usr/lib/jvm/java-1.8.0-openjdk-1.8.0.222.b10-1.el7_7.x86_64/jre/../lib/tools.jar:/home/user/.m2/repository/commons-cli/commons-cli/1.2/commons-cli-1.2.jar:/home/user/.m2/repository/org/apache/httpcomponents/httpclient/4.5.2/httpclient-4.5.2.jar:/home/user/.m2/repository/org/apache/httpcomponents/httpcore/4.4.4/httpcore-4.4.4.jar:/home/user/.m2/repository/commons-codec/commons-codec/1.11/commons-codec-1.11.jar:/home/user/.m2/repository/commons-net/commons-net/3.6/commons-net-3.6.jar:/home/user/.m2/repository/commons-collections/commons-collections/3.2.2/commons-collections-3.2.2.jar:/home/user/.m2/repository/org/eclipse/jetty/jetty-servlet/9.3.25.v20180904/jetty-servlet-9.3.25.v20180904.jar:/home/user/.m2/repository/org/eclipse/jetty/jetty-security/9.3.25.v20180904/jetty-security-9.3.25.v20180904.jar:/home/user/.m2/repository/javax/servlet/jsp/jsp-api/2.1/jsp-api-2.1.jar:/home/user/.m2/repository/com/sun/jersey/jersey-servlet/1.19/jersey-servlet-1.19.jar:/home/user/.m2/repository/com/sun/jersey/jersey-json/1.19/jersey-json-1.19.jar:/home/user/.m2/repository/org/codehaus/jettison/jettison/1.1/jettison-1.1.jar:/home/user/.m2/repository/org/codehaus/jackson/jackson-core-asl/1.9.13/jackson-core-asl-1.9.13.jar:/home/user/.m2/repository/org/codehaus/jackson/jackson-mapper-asl/1.9.13/jackson-mapper-asl-1.9.13.jar:/home/user/.m2/repository/org/codehaus/jackson/jackson-jaxrs/1.9.13/jackson-jaxrs-1.9.13.jar:/home/user/.m2/repository/org/codehaus/jackson/jackson-xc/1.9.13/jackson-xc-1.9.13.jar:/home/user/.m2/repository/commons-logging/commons-logging/1.1.3/commons-logging-1.1.3.jar:/home/user/.m2/repository/commons-beanutils/commons-beanutils/1.9.4/commons-beanutils-1.9.4.jar:/home/user/.m2/repository/org/apache/commons/commons-configuration2/2.1.1/commons-configuration2-2.1.1.jar:/home/user/.m2/repository/org/apache/commons/commons-lang3/3.7/commons-lang3-3.7.jar:/home/user/.m2/repository/org/apache/commons/commons-text/1.4/commons-text-1.4.jar:/home/user/.m2/repository/org/apache/avro/avro/1.7.7/avro-1.7.7.jar:/home/user/.m2/repository/com/thoughtworks/paranamer/paranamer/2.3/paranamer-2.3.jar:/home/user/.m2/repository/org/xerial/snappy/snappy-java/1.0.5/snappy-java-1.0.5.jar:/home/user/.m2/repository/com/google/re2j/re2j/1.1/re2j-1.1.jar:/home/user/.m2/repository/com/google/code/gson/gson/2.2.4/gson-2.2.4.jar:/home/user/.m2/repository/com/jcraft/jsch/0.1.54/jsch-0.1.54.jar:/home/user/.m2/repository/org/apache/curator/curator-client/2.12.0/curator-client-2.12.0.jar:/home/user/.m2/repository/org/apache/curator/curator-recipes/2.12.0/curator-recipes-2.12.0.jar:/home/user/.m2/repository/com/google/code/findbugs/jsr305/3.0.0/jsr305-3.0.0.jar:/home/user/.m2/repository/org/apache/htrace/htrace-core4/4.1.0-incubating/htrace-core4-4.1.0-incubating.jar:/home/user/.m2/repository/org/apache/zookeeper/zookeeper/3.4.13/zookeeper-3.4.13.jar:/home/user/.m2/repository/jline/jline/0.9.94/jline-0.9.94.jar:/home/user/.m2/repository/org/apache/yetus/audience-annotations/0.5.0/audience-annotations-0.5.0.jar:/home/user/.m2/repository/org/codehaus/woodstox/stax2-api/3.1.4/stax2-api-3.1.4.jar:/home/user/.m2/repository/com/fasterxml/woodstox/woodstox-core/5.0.3/woodstox-core-5.0.3.jar:/home/user/.m2/repository/dnsjava/dnsjava/2.1.7/dnsjava-2.1.7.jar:/home/user/.m2/repository/org/apache/hadoop/hadoop-hdfs/3.2.0/hadoop-hdfs-3.2.0-tests.jar:/home/user/.m2/repository/org/eclipse/jetty/jetty-util-ajax/9.3.25.v20180904/jetty-util-ajax-9.3.25.v20180904.jar:/home/user/.m2/repository/commons-daemon/commons-daemon/1.0.13/commons-daemon-1.0.13.jar:/home/user/.m2/repository/io/netty/netty/3.10.5.Final/netty-3.10.5.Final.jar:/home/user/.m2/repository/io/netty/netty-all/4.0.52.Final/netty-all-4.0.52.Final.jar:/home/user/.m2/repository/org/fusesource/leveldbjni/leveldbjni-all/1.8/leveldbjni-all-1.8.jar:"/>
    <property name="sun.cpu.endian" value="little"/>
    <property name="user.home" value="/home/user"/>
    <property name="user.language" value="en"/>
    <property name="java.specification.vendor" value="Oracle Corporation"/>
    <property name="java.home" value="/usr/lib/jvm/java-1.8.0-openjdk-1.8.0.222.b10-1.el7_7.x86_64/jre"/>
    <property name="surefire.excludesFile" value="/tools/ozone-bad-unit-tests"/>
    <property name="java.security.krb5.conf" value="/workdir/hadoop-ozone/integration-test/target/test-classes/krb5.conf"/>
    <property name="basedir" value="/workdir/hadoop-ozone/integration-test"/>
    <property name="file.separator" value="/"/>
    <property name="line.separator" value="&#10;"/>
    <property name="java.vm.specification.vendor" value="Oracle Corporation"/>
    <property name="java.specification.name" value="Java Platform API Specification"/>
    <property name="java.awt.graphicsenv" value="sun.awt.X11GraphicsEnvironment"/>
    <property name="surefire.real.class.path" value="/workdir/hadoop-ozone/integration-test/target/surefire/surefirebooter7561319537188043080.jar"/>
    <property name="hadoop.log.dir" value="/workdir/hadoop-ozone/integration-test/target/log"/>
    <property name="sun.boot.class.path" value="/usr/lib/jvm/java-1.8.0-openjdk-1.8.0.222.b10-1.el7_7.x86_64/jre/lib/resources.jar:/usr/lib/jvm/java-1.8.0-openjdk-1.8.0.222.b10-1.el7_7.x86_64/jre/lib/rt.jar:/usr/lib/jvm/java-1.8.0-openjdk-1.8.0.222.b10-1.el7_7.x86_64/jre/lib/sunrsasign.jar:/usr/lib/jvm/java-1.8.0-openjdk-1.8.0.222.b10-1.el7_7.x86_64/jre/lib/jsse.jar:/usr/lib/jvm/java-1.8.0-openjdk-1.8.0.222.b10-1.el7_7.x86_64/jre/lib/jce.jar:/usr/lib/jvm/java-1.8.0-openjdk-1.8.0.222.b10-1.el7_7.x86_64/jre/lib/charsets.jar:/usr/lib/jvm/java-1.8.0-openjdk-1.8.0.222.b10-1.el7_7.x86_64/jre/lib/jfr.jar:/usr/lib/jvm/java-1.8.0-openjdk-1.8.0.222.b10-1.el7_7.x86_64/jre/classes"/>
    <property name="sun.management.compiler" value="HotSpot 64-Bit Tiered Compilers"/>
    <property name="java.runtime.version" value="1.8.0_222-b10"/>
    <property name="java.net.preferIPv4Stack" value="true"/>
    <property name="user.name" value="jenkins1000"/>
    <property name="path.separator" value=":"/>
    <property name="java.security.egd" value="file:///dev/urandom"/>
    <property name="os.version" value="3.10.0-957.12.2.el7.x86_64"/>
    <property name="java.endorsed.dirs" value="/usr/lib/jvm/java-1.8.0-openjdk-1.8.0.222.b10-1.el7_7.x86_64/jre/lib/endorsed"/>
    <property name="java.runtime.name" value="OpenJDK Runtime Environment"/>
    <property name="file.encoding" value="ANSI_X3.4-1968"/>
    <property name="java.vm.name" value="OpenJDK 64-Bit Server VM"/>
    <property name="test.build.webapps" value=""/>
    <property name="localRepository" value="/home/user/.m2/repository"/>
    <property name="java.vendor.url.bug" value="http://bugreport.sun.com/bugreport/"/>
    <property name="java.io.tmpdir" value="/tmp"/>
    <property name="require.test.libhadoop" value=""/>
    <property name="java.version" value="1.8.0_222"/>
    <property name="user.dir" value="/workdir/hadoop-ozone/integration-test"/>
    <property name="os.arch" value="amd64"/>
    <property name="java.vm.specification.name" value="Java Virtual Machine Specification"/>
    <property name="test.build.classes" value="/workdir/hadoop-ozone/integration-test/target/test-classes"/>
    <property name="java.awt.printerjob" value="sun.print.PSPrinterJob"/>
    <property name="sun.os.patch.level" value="unknown"/>
    <property name="hadoop.tmp.dir" value="/workdir/hadoop-ozone/integration-test/target/tmp"/>
    <property name="java.library.path" value="/usr/lib:/workdir/hadoop-ozone/integration-test/target/native/target/usr/local/lib:/workdir/hadoop-ozone/integration-test/../../hadoop-common-project/hadoop-common/target/native/target/usr/local/lib:/usr/java/packages/lib/amd64:/usr/lib64:/lib64:/lib:/usr/lib"/>
    <property name="java.vm.info" value="mixed mode"/>
    <property name="java.vendor" value="Oracle Corporation"/>
    <property name="java.vm.version" value="25.222-b10"/>
    <property name="java.ext.dirs" value="/usr/lib/jvm/java-1.8.0-openjdk-1.8.0.222.b10-1.el7_7.x86_64/jre/lib/ext:/usr/java/packages/lib/ext"/>
    <property name="sun.io.unicode.encoding" value="UnicodeLittle"/>
    <property name="java.class.version" value="52.0"/>
  </properties>
  <testcase name="testPipelineExclusionWithPipelineFailure" classname="org.apache.hadoop.ozone.client.rpc.TestFailureHandlingByClient" time="58.286"/>
  <testcase name="testContainerExclusionWithClosedContainerException" classname="org.apache.hadoop.ozone.client.rpc.TestFailureHandlingByClient" time="35.811">
    <error message="PipelineID=5c1052a8-6c13-4872-ae28-54586048b429 not found" type="org.apache.hadoop.hdds.scm.pipeline.PipelineNotFoundException">org.apache.hadoop.hdds.scm.pipeline.PipelineNotFoundException: PipelineID=5c1052a8-6c13-4872-ae28-54586048b429 not found
	at org.apache.hadoop.hdds.scm.pipeline.PipelineStateMap.getPipeline(PipelineStateMap.java:132)
	at org.apache.hadoop.hdds.scm.pipeline.PipelineStateManager.getPipeline(PipelineStateManager.java:64)
	at org.apache.hadoop.hdds.scm.pipeline.SCMPipelineManager.getPipeline(SCMPipelineManager.java:191)
	at org.apache.hadoop.ozone.container.ContainerTestHelper.waitForContainerClose(ContainerTestHelper.java:873)
	at org.apache.hadoop.ozone.client.rpc.TestFailureHandlingByClient.testContainerExclusionWithClosedContainerException(TestFailureHandlingByClient.java:249)
	at sun.reflect.NativeMethodAccessorImpl.invoke0(Native Method)
	at sun.reflect.NativeMethodAccessorImpl.invoke(NativeMethodAccessorImpl.java:62)
	at sun.reflect.DelegatingMethodAccessorImpl.invoke(DelegatingMethodAccessorImpl.java:43)
	at java.lang.reflect.Method.invoke(Method.java:498)
	at org.junit.runners.model.FrameworkMethod$1.runReflectiveCall(FrameworkMethod.java:47)
	at org.junit.internal.runners.model.ReflectiveCallable.run(ReflectiveCallable.java:12)
	at org.junit.runners.model.FrameworkMethod.invokeExplosively(FrameworkMethod.java:44)
	at org.junit.internal.runners.statements.InvokeMethod.evaluate(InvokeMethod.java:17)
	at org.junit.internal.runners.statements.RunAfters.evaluate(RunAfters.java:27)
	at org.junit.runners.ParentRunner.runLeaf(ParentRunner.java:271)
	at org.junit.runners.BlockJUnit4ClassRunner.runChild(BlockJUnit4ClassRunner.java:70)
	at org.junit.runners.BlockJUnit4ClassRunner.runChild(BlockJUnit4ClassRunner.java:50)
	at org.junit.runners.ParentRunner$3.run(ParentRunner.java:238)
	at org.junit.runners.ParentRunner$1.schedule(ParentRunner.java:63)
	at org.junit.runners.ParentRunner.runChildren(ParentRunner.java:236)
	at org.junit.runners.ParentRunner.access$000(ParentRunner.java:53)
	at org.junit.runners.ParentRunner$2.evaluate(ParentRunner.java:229)
	at org.junit.runners.ParentRunner.run(ParentRunner.java:309)
	at org.apache.maven.surefire.junit4.JUnit4Provider.execute(JUnit4Provider.java:365)
	at org.apache.maven.surefire.junit4.JUnit4Provider.executeWithRerun(JUnit4Provider.java:273)
	at org.apache.maven.surefire.junit4.JUnit4Provider.executeTestSet(JUnit4Provider.java:238)
	at org.apache.maven.surefire.junit4.JUnit4Provider.invoke(JUnit4Provider.java:159)
	at org.apache.maven.surefire.booter.ForkedBooter.invokeProviderInSameClassLoader(ForkedBooter.java:384)
	at org.apache.maven.surefire.booter.ForkedBooter.runSuitesInProcess(ForkedBooter.java:345)
	at org.apache.maven.surefire.booter.ForkedBooter.execute(ForkedBooter.java:126)
	at org.apache.maven.surefire.booter.ForkedBooter.main(ForkedBooter.java:418)
</error>
    <system-out><![CDATA[2019-11-14 17:36:39,644 [main] WARN  server.ServerUtils (ServerUtils.java:getScmDbDir(145)) - ozone.scm.db.dirs is not configured. We recommend adding this setting. Falling back to ozone.metadata.dirs instead.
2019-11-14 17:36:39,673 [main] WARN  server.ServerUtils (ServerUtils.java:getScmDbDir(145)) - ozone.scm.db.dirs is not configured. We recommend adding this setting. Falling back to ozone.metadata.dirs instead.
2019-11-14 17:36:39,674 [main] WARN  server.ServerUtils (ServerUtils.java:getScmDbDir(145)) - ozone.scm.db.dirs is not configured. We recommend adding this setting. Falling back to ozone.metadata.dirs instead.
2019-11-14 17:36:39,675 [main] INFO  db.DBStoreBuilder (DBStoreBuilder.java:addTable(127)) - using custom profile for table: deletedBlocks
2019-11-14 17:36:39,675 [main] INFO  db.DBStoreBuilder (DBStoreBuilder.java:processTables(183)) - Using default column profile:DBProfile.DISK for Table:deletedBlocks
2019-11-14 17:36:39,675 [main] INFO  db.DBStoreBuilder (DBStoreBuilder.java:addTable(127)) - using custom profile for table: validCerts
2019-11-14 17:36:39,675 [main] INFO  db.DBStoreBuilder (DBStoreBuilder.java:processTables(183)) - Using default column profile:DBProfile.DISK for Table:validCerts
2019-11-14 17:36:39,676 [main] INFO  db.DBStoreBuilder (DBStoreBuilder.java:addTable(127)) - using custom profile for table: revokedCerts
2019-11-14 17:36:39,676 [main] INFO  db.DBStoreBuilder (DBStoreBuilder.java:processTables(183)) - Using default column profile:DBProfile.DISK for Table:revokedCerts
2019-11-14 17:36:39,676 [main] INFO  db.DBStoreBuilder (DBStoreBuilder.java:addTable(127)) - using custom profile for table: default
2019-11-14 17:36:39,677 [main] INFO  db.DBStoreBuilder (DBStoreBuilder.java:processTables(189)) - Using default column profile:DBProfile.DISK for Table:default
2019-11-14 17:36:39,677 [main] INFO  db.DBStoreBuilder (DBStoreBuilder.java:getDbProfile(220)) - Using default options. DBProfile.DISK
2019-11-14 17:36:39,956 [main] INFO  net.NodeSchemaLoader (NodeSchemaLoader.java:loadSchemaFromFile(125)) - Loading file from sun.misc.CompoundEnumeration@365cdacf
2019-11-14 17:36:39,956 [main] INFO  net.NodeSchemaLoader (NodeSchemaLoader.java:loadSchema(171)) - Loading network topology layer schema file
2019-11-14 17:36:39,963 [main] INFO  node.SCMNodeManager (SCMNodeManager.java:<init>(116)) - Entering startup safe mode.
2019-11-14 17:36:39,964 [main] INFO  algorithms.ContainerPlacementPolicyFactory (ContainerPlacementPolicyFactory.java:getPolicy(57)) - Create container placement policy of type org.apache.hadoop.hdds.scm.container.placement.algorithms.SCMContainerPlacementRandom
2019-11-14 17:36:39,965 [main] WARN  server.ServerUtils (ServerUtils.java:getScmDbDir(145)) - ozone.scm.db.dirs is not configured. We recommend adding this setting. Falling back to ozone.metadata.dirs instead.
2019-11-14 17:36:40,067 [main] INFO  pipeline.SCMPipelineManager (SCMPipelineManager.java:initializePipelineState(132)) - No pipeline exists in current db
2019-11-14 17:36:40,067 [main] WARN  server.ServerUtils (ServerUtils.java:getScmDbDir(145)) - ozone.scm.db.dirs is not configured. We recommend adding this setting. Falling back to ozone.metadata.dirs instead.
2019-11-14 17:36:40,169 [main] WARN  events.EventQueue (EventQueue.java:fireEvent(183)) - No event handler registered for event TypedEvent{payloadType=SafeModeStatus, name='SafeModeStatus'}
2019-11-14 17:36:40,170 [main] INFO  ipc.CallQueueManager (CallQueueManager.java:<init>(84)) - Using callQueue: class java.util.concurrent.LinkedBlockingQueue, queueCapacity: 2000, scheduler: class org.apache.hadoop.ipc.DefaultRpcScheduler, ipcBackoff: false.
2019-11-14 17:36:40,171 [Socket Reader #1 for port 45518] INFO  ipc.Server (Server.java:run(1074)) - Starting Socket Reader #1 for port 45518
2019-11-14 17:36:40,173 [main] INFO  ipc.CallQueueManager (CallQueueManager.java:<init>(84)) - Using callQueue: class java.util.concurrent.LinkedBlockingQueue, queueCapacity: 2000, scheduler: class org.apache.hadoop.ipc.DefaultRpcScheduler, ipcBackoff: false.
2019-11-14 17:36:40,174 [Socket Reader #1 for port 38996] INFO  ipc.Server (Server.java:run(1074)) - Starting Socket Reader #1 for port 38996
2019-11-14 17:36:40,176 [main] INFO  ipc.CallQueueManager (CallQueueManager.java:<init>(84)) - Using callQueue: class java.util.concurrent.LinkedBlockingQueue, queueCapacity: 2000, scheduler: class org.apache.hadoop.ipc.DefaultRpcScheduler, ipcBackoff: false.
2019-11-14 17:36:40,176 [Socket Reader #1 for port 46416] INFO  ipc.Server (Server.java:run(1074)) - Starting Socket Reader #1 for port 46416
2019-11-14 17:36:40,180 [main] INFO  hdfs.DFSUtil (DFSUtil.java:httpServerTemplateForNNAndJN(1641)) - Starting Web-server for scm at: http://0.0.0.0:0
2019-11-14 17:36:40,183 [main] INFO  server.AuthenticationFilter (AuthenticationFilter.java:constructSecretProvider(240)) - Unable to initialize FileSignerSecretProvider, falling back to use random secrets.
2019-11-14 17:36:40,184 [main] WARN  http.HttpRequestLog (HttpRequestLog.java:getRequestLog(97)) - Jetty request log can only be enabled using Log4j
2019-11-14 17:36:40,187 [main] INFO  http.HttpServer2 (HttpServer2.java:addGlobalFilter(975)) - Added global filter 'safety' (class=org.apache.hadoop.http.HttpServer2$QuotingInputFilter)
2019-11-14 17:36:40,188 [main] INFO  http.HttpServer2 (HttpServer2.java:addFilter(948)) - Added filter static_user_filter (class=org.apache.hadoop.http.lib.StaticUserWebFilter$StaticUserFilter) to context scm
2019-11-14 17:36:40,188 [main] INFO  http.HttpServer2 (HttpServer2.java:addFilter(958)) - Added filter static_user_filter (class=org.apache.hadoop.http.lib.StaticUserWebFilter$StaticUserFilter) to context static
2019-11-14 17:36:40,188 [main] INFO  http.HttpServer2 (HttpServer2.java:addFilter(958)) - Added filter static_user_filter (class=org.apache.hadoop.http.lib.StaticUserWebFilter$StaticUserFilter) to context logs
2019-11-14 17:36:40,192 [main] INFO  server.StorageContainerManager (StorageContainerManager.java:start(766)) - StorageContainerLocationProtocol RPC server is listening at /0.0.0.0:46416
2019-11-14 17:36:40,194 [main] WARN  impl.MetricsConfig (MetricsConfig.java:loadFirst(134)) - Cannot locate configuration: tried hadoop-metrics2-storagecontainermanager.properties,hadoop-metrics2.properties
2019-11-14 17:36:40,196 [main] INFO  impl.MetricsSystemImpl (MetricsSystemImpl.java:startTimer(374)) - Scheduled Metric snapshot period at 10 second(s).
2019-11-14 17:36:40,196 [main] INFO  impl.MetricsSystemImpl (MetricsSystemImpl.java:start(191)) - StorageContainerManager metrics system started
2019-11-14 17:36:40,242 [main] WARN  impl.MetricsSystemImpl (MetricsSystemImpl.java:register(276)) - Sink prometheus already exists!
2019-11-14 17:36:40,249 [main] INFO  server.SCMClientProtocolServer (SCMClientProtocolServer.java:start(160)) - RPC server for Client  is listening at /0.0.0.0:46416
2019-11-14 17:36:40,249 [IPC Server Responder] INFO  ipc.Server (Server.java:run(1314)) - IPC Server Responder: starting
2019-11-14 17:36:40,249 [IPC Server listener on 46416] INFO  ipc.Server (Server.java:run(1153)) - IPC Server listener on 46416: starting
2019-11-14 17:36:40,253 [main] INFO  server.StorageContainerManager (StorageContainerManager.java:start(776)) - ScmBlockLocationProtocol RPC server is listening at /0.0.0.0:38996
2019-11-14 17:36:40,254 [main] INFO  server.SCMBlockProtocolServer (SCMBlockProtocolServer.java:start(146)) - RPC server for Block Protocol is listening at /0.0.0.0:38996
2019-11-14 17:36:40,254 [IPC Server Responder] INFO  ipc.Server (Server.java:run(1314)) - IPC Server Responder: starting
2019-11-14 17:36:40,254 [IPC Server listener on 38996] INFO  ipc.Server (Server.java:run(1153)) - IPC Server listener on 38996: starting
2019-11-14 17:36:40,258 [main] INFO  server.StorageContainerManager (StorageContainerManager.java:start(780)) - ScmDatanodeProtocl RPC server is listening at /0.0.0.0:45518
2019-11-14 17:36:40,258 [main] INFO  server.SCMDatanodeProtocolServer (SCMDatanodeProtocolServer.java:start(169)) - RPC server for DataNodes is listening at /0.0.0.0:45518
2019-11-14 17:36:40,259 [IPC Server Responder] INFO  ipc.Server (Server.java:run(1314)) - IPC Server Responder: starting
2019-11-14 17:36:40,259 [IPC Server listener on 45518] INFO  ipc.Server (Server.java:run(1153)) - IPC Server listener on 45518: starting
2019-11-14 17:36:40,263 [main] INFO  http.HttpServer2 (HttpServer2.java:bindListener(1191)) - Jetty bound to port 41083
2019-11-14 17:36:40,263 [main] INFO  server.Server (Server.java:doStart(351)) - jetty-9.3.25.v20180904, build timestamp: 2018-09-04T21:11:46Z, git hash: 3ce520221d0240229c862b122d2b06c12a625732
2019-11-14 17:36:40,265 [main] INFO  handler.ContextHandler (ContextHandler.java:doStart(781)) - Started o.e.j.s.ServletContextHandler@67774e29{/logs,file:///workdir/hadoop-ozone/integration-test/target/log,AVAILABLE}
2019-11-14 17:36:40,266 [main] INFO  handler.ContextHandler (ContextHandler.java:doStart(781)) - Started o.e.j.s.ServletContextHandler@5d7399f9{/static,file:///workdir/hadoop-ozone/integration-test/target/test-classes/webapps/static,AVAILABLE}
2019-11-14 17:36:40,271 [main] INFO  handler.ContextHandler (ContextHandler.java:doStart(781)) - Started o.e.j.w.WebAppContext@497b560e{/,file:///workdir/hadoop-ozone/integration-test/target/test-classes/webapps/scm/,AVAILABLE}{/scm}
2019-11-14 17:36:40,272 [main] INFO  server.AbstractConnector (AbstractConnector.java:doStart(278)) - Started ServerConnector@39ffda4a{HTTP/1.1,[http/1.1]}{0.0.0.0:41083}
2019-11-14 17:36:40,272 [main] INFO  server.Server (Server.java:doStart(419)) - Started @59308ms
2019-11-14 17:36:40,272 [main] WARN  impl.MetricsSystemImpl (MetricsSystemImpl.java:register(276)) - Sink prometheus already exists!
2019-11-14 17:36:40,273 [main] INFO  server.BaseHttpServer (BaseHttpServer.java:updateConnectorAddress(215)) - HTTP server of SCM is listening at http://0.0.0.0:41083
2019-11-14 17:36:40,274 [main] WARN  server.ServerUtils (ServerUtils.java:getDBPath(222)) - ozone.om.db.dirs is not configured. We recommend adding this setting. Falling back to ozone.metadata.dirs instead.
2019-11-14 17:36:40,274 [org.apache.hadoop.util.JvmPauseMonitor$Monitor@56e9a474] INFO  util.JvmPauseMonitor (JvmPauseMonitor.java:run(188)) - Starting JVM pause monitor
2019-11-14 17:36:40,298 [main] INFO  ha.OMHANodeDetails (OMHANodeDetails.java:loadOMHAConfig(190)) - Configuration either no ozone.om.address set. Falling back to the default OM address /127.0.0.1:0
2019-11-14 17:36:40,298 [main] INFO  ha.OMHANodeDetails (OMHANodeDetails.java:getOMNodeDetails(220)) - OM Service ID is not set. Setting it to the default ID: omServiceIdDefault
2019-11-14 17:36:40,298 [main] WARN  server.ServerUtils (ServerUtils.java:getDBPath(222)) - ozone.om.db.dirs is not configured. We recommend adding this setting. Falling back to ozone.metadata.dirs instead.
2019-11-14 17:36:40,298 [main] WARN  server.ServerUtils (ServerUtils.java:getDBPath(222)) - ozone.om.db.dirs is not configured. We recommend adding this setting. Falling back to ozone.metadata.dirs instead.
2019-11-14 17:36:40,306 [main] WARN  server.ServerUtils (ServerUtils.java:getDBPath(222)) - ozone.om.db.dirs is not configured. We recommend adding this setting. Falling back to ozone.metadata.dirs instead.
2019-11-14 17:36:40,306 [main] INFO  db.DBStoreBuilder (DBStoreBuilder.java:addTable(127)) - using custom profile for table: userTable
2019-11-14 17:36:40,306 [main] INFO  db.DBStoreBuilder (DBStoreBuilder.java:processTables(183)) - Using default column profile:DBProfile.DISK for Table:userTable
2019-11-14 17:36:40,307 [main] INFO  db.DBStoreBuilder (DBStoreBuilder.java:addTable(127)) - using custom profile for table: volumeTable
2019-11-14 17:36:40,307 [main] INFO  db.DBStoreBuilder (DBStoreBuilder.java:processTables(183)) - Using default column profile:DBProfile.DISK for Table:volumeTable
2019-11-14 17:36:40,307 [main] INFO  db.DBStoreBuilder (DBStoreBuilder.java:addTable(127)) - using custom profile for table: bucketTable
2019-11-14 17:36:40,307 [main] INFO  db.DBStoreBuilder (DBStoreBuilder.java:processTables(183)) - Using default column profile:DBProfile.DISK for Table:bucketTable
2019-11-14 17:36:40,307 [main] INFO  db.DBStoreBuilder (DBStoreBuilder.java:addTable(127)) - using custom profile for table: keyTable
2019-11-14 17:36:40,307 [main] INFO  db.DBStoreBuilder (DBStoreBuilder.java:processTables(183)) - Using default column profile:DBProfile.DISK for Table:keyTable
2019-11-14 17:36:40,308 [main] INFO  db.DBStoreBuilder (DBStoreBuilder.java:addTable(127)) - using custom profile for table: deletedTable
2019-11-14 17:36:40,308 [main] INFO  db.DBStoreBuilder (DBStoreBuilder.java:processTables(183)) - Using default column profile:DBProfile.DISK for Table:deletedTable
2019-11-14 17:36:40,308 [main] INFO  db.DBStoreBuilder (DBStoreBuilder.java:addTable(127)) - using custom profile for table: openKeyTable
2019-11-14 17:36:40,308 [main] INFO  db.DBStoreBuilder (DBStoreBuilder.java:processTables(183)) - Using default column profile:DBProfile.DISK for Table:openKeyTable
2019-11-14 17:36:40,308 [main] INFO  db.DBStoreBuilder (DBStoreBuilder.java:addTable(127)) - using custom profile for table: s3Table
2019-11-14 17:36:40,308 [main] INFO  db.DBStoreBuilder (DBStoreBuilder.java:processTables(183)) - Using default column profile:DBProfile.DISK for Table:s3Table
2019-11-14 17:36:40,309 [main] INFO  db.DBStoreBuilder (DBStoreBuilder.java:addTable(127)) - using custom profile for table: multipartInfoTable
2019-11-14 17:36:40,309 [main] INFO  db.DBStoreBuilder (DBStoreBuilder.java:processTables(183)) - Using default column profile:DBProfile.DISK for Table:multipartInfoTable
2019-11-14 17:36:40,309 [main] INFO  db.DBStoreBuilder (DBStoreBuilder.java:addTable(127)) - using custom profile for table: dTokenTable
2019-11-14 17:36:40,309 [main] INFO  db.DBStoreBuilder (DBStoreBuilder.java:processTables(183)) - Using default column profile:DBProfile.DISK for Table:dTokenTable
2019-11-14 17:36:40,309 [main] INFO  db.DBStoreBuilder (DBStoreBuilder.java:addTable(127)) - using custom profile for table: s3SecretTable
2019-11-14 17:36:40,309 [main] INFO  db.DBStoreBuilder (DBStoreBuilder.java:processTables(183)) - Using default column profile:DBProfile.DISK for Table:s3SecretTable
2019-11-14 17:36:40,310 [main] INFO  db.DBStoreBuilder (DBStoreBuilder.java:addTable(127)) - using custom profile for table: prefixTable
2019-11-14 17:36:40,310 [main] INFO  db.DBStoreBuilder (DBStoreBuilder.java:processTables(183)) - Using default column profile:DBProfile.DISK for Table:prefixTable
2019-11-14 17:36:40,310 [main] INFO  db.DBStoreBuilder (DBStoreBuilder.java:addTable(127)) - using custom profile for table: default
2019-11-14 17:36:40,310 [main] INFO  db.DBStoreBuilder (DBStoreBuilder.java:processTables(189)) - Using default column profile:DBProfile.DISK for Table:default
2019-11-14 17:36:40,310 [main] INFO  db.DBStoreBuilder (DBStoreBuilder.java:getDbProfile(220)) - Using default options. DBProfile.DISK
2019-11-14 17:36:40,974 [main] INFO  ipc.CallQueueManager (CallQueueManager.java:<init>(84)) - Using callQueue: class java.util.concurrent.LinkedBlockingQueue, queueCapacity: 2000, scheduler: class org.apache.hadoop.ipc.DefaultRpcScheduler, ipcBackoff: false.
2019-11-14 17:36:40,975 [Socket Reader #1 for port 37721] INFO  ipc.Server (Server.java:run(1074)) - Starting Socket Reader #1 for port 37721
2019-11-14 17:36:40,992 [main] INFO  om.OzoneManager (OzoneManager.java:start(1077)) - OzoneManager RPC server is listening at localhost/127.0.0.1:37721
2019-11-14 17:36:40,992 [main] INFO  impl.MetricsSystemImpl (MetricsSystemImpl.java:init(158)) - OzoneManager metrics system started (again)
2019-11-14 17:36:40,993 [IPC Server Responder] INFO  ipc.Server (Server.java:run(1314)) - IPC Server Responder: starting
2019-11-14 17:36:40,993 [IPC Server listener on 37721] INFO  ipc.Server (Server.java:run(1153)) - IPC Server listener on 37721: starting
2019-11-14 17:36:40,999 [main] INFO  hdfs.DFSUtil (DFSUtil.java:httpServerTemplateForNNAndJN(1641)) - Starting Web-server for ozoneManager at: http://0.0.0.0:0
2019-11-14 17:36:41,001 [main] INFO  server.AuthenticationFilter (AuthenticationFilter.java:constructSecretProvider(240)) - Unable to initialize FileSignerSecretProvider, falling back to use random secrets.
2019-11-14 17:36:41,001 [main] WARN  http.HttpRequestLog (HttpRequestLog.java:getRequestLog(97)) - Jetty request log can only be enabled using Log4j
2019-11-14 17:36:41,003 [main] INFO  http.HttpServer2 (HttpServer2.java:addGlobalFilter(975)) - Added global filter 'safety' (class=org.apache.hadoop.http.HttpServer2$QuotingInputFilter)
2019-11-14 17:36:41,004 [main] INFO  http.HttpServer2 (HttpServer2.java:addFilter(948)) - Added filter static_user_filter (class=org.apache.hadoop.http.lib.StaticUserWebFilter$StaticUserFilter) to context ozoneManager
2019-11-14 17:36:41,004 [main] INFO  http.HttpServer2 (HttpServer2.java:addFilter(958)) - Added filter static_user_filter (class=org.apache.hadoop.http.lib.StaticUserWebFilter$StaticUserFilter) to context logs
2019-11-14 17:36:41,004 [main] INFO  http.HttpServer2 (HttpServer2.java:addFilter(958)) - Added filter static_user_filter (class=org.apache.hadoop.http.lib.StaticUserWebFilter$StaticUserFilter) to context static
2019-11-14 17:36:41,005 [main] INFO  http.HttpServer2 (HttpServer2.java:bindListener(1191)) - Jetty bound to port 33136
2019-11-14 17:36:41,005 [main] INFO  server.Server (Server.java:doStart(351)) - jetty-9.3.25.v20180904, build timestamp: 2018-09-04T21:11:46Z, git hash: 3ce520221d0240229c862b122d2b06c12a625732
2019-11-14 17:36:41,007 [main] INFO  handler.ContextHandler (ContextHandler.java:doStart(781)) - Started o.e.j.s.ServletContextHandler@16aed49f{/logs,file:///workdir/hadoop-ozone/integration-test/target/log,AVAILABLE}
2019-11-14 17:36:41,008 [main] INFO  handler.ContextHandler (ContextHandler.java:doStart(781)) - Started o.e.j.s.ServletContextHandler@6c479fdf{/static,file:///workdir/hadoop-ozone/integration-test/target/test-classes/webapps/static,AVAILABLE}
2019-11-14 17:36:41,012 [main] INFO  handler.ContextHandler (ContextHandler.java:doStart(781)) - Started o.e.j.w.WebAppContext@10c47c79{/,file:///workdir/hadoop-ozone/integration-test/target/test-classes/webapps/ozoneManager/,AVAILABLE}{/ozoneManager}
2019-11-14 17:36:41,013 [main] INFO  server.AbstractConnector (AbstractConnector.java:doStart(278)) - Started ServerConnector@3b2553d9{HTTP/1.1,[http/1.1]}{0.0.0.0:33136}
2019-11-14 17:36:41,013 [main] INFO  server.Server (Server.java:doStart(419)) - Started @60049ms
2019-11-14 17:36:41,013 [main] WARN  impl.MetricsSystemImpl (MetricsSystemImpl.java:register(276)) - Sink prometheus already exists!
2019-11-14 17:36:41,016 [main] INFO  server.BaseHttpServer (BaseHttpServer.java:updateConnectorAddress(215)) - HTTP server of OZONEMANAGER is listening at http://0.0.0.0:33136
2019-11-14 17:36:41,046 [main] INFO  impl.MetricsSystemImpl (MetricsSystemImpl.java:init(158)) - HddsDatanode metrics system started (again)
2019-11-14 17:36:41,048 [main] INFO  ozone.HddsDatanodeService (HddsDatanodeService.java:start(186)) - HddsDatanodeService host:pr-hdds-2482-j87dr-2776293630 ip:192.168.157.194
2019-11-14 17:36:41,055 [main] INFO  volume.HddsVolume (HddsVolume.java:<init>(176)) - Creating Volume: /workdir/hadoop-ozone/integration-test/target/test-dir/MiniOzoneClusterImpl-22bbe08b-7feb-4e26-8434-b505ec12d921/datanode-0/data/containers/hdds of  storage type : DISK and capacity : 1482555576320
2019-11-14 17:36:41,056 [main] INFO  volume.VolumeSet (VolumeSet.java:initializeVolumeSet(170)) - Added Volume : /workdir/hadoop-ozone/integration-test/target/test-dir/MiniOzoneClusterImpl-22bbe08b-7feb-4e26-8434-b505ec12d921/datanode-0/data/containers/hdds to VolumeSet
2019-11-14 17:36:41,056 [main] INFO  volume.ThrottledAsyncChecker (ThrottledAsyncChecker.java:schedule(141)) - Scheduling a check for /workdir/hadoop-ozone/integration-test/target/test-dir/MiniOzoneClusterImpl-22bbe08b-7feb-4e26-8434-b505ec12d921/datanode-0/data/containers/hdds
2019-11-14 17:36:41,057 [main] INFO  volume.HddsVolumeChecker (HddsVolumeChecker.java:checkAllVolumes(204)) - Scheduled health check for volume /workdir/hadoop-ozone/integration-test/target/test-dir/MiniOzoneClusterImpl-22bbe08b-7feb-4e26-8434-b505ec12d921/datanode-0/data/containers/hdds
2019-11-14 17:36:41,072 [main] INFO  impl.RaftServerProxy (ConfUtils.java:logGet(43)) - raft.rpc.type = GRPC (default)
2019-11-14 17:36:41,072 [main] INFO  grpc.GrpcFactory (GrpcFactory.java:checkPooledByteBufAllocatorUseCacheForAllThreads(45)) - PERFORMANCE WARNING: useCacheForAllThreads is true that may cause Netty to create a lot garbage objects and, as a result, trigger GC.
	It is recommended to disable useCacheForAllThreads by setting -Dorg.apache.ratis.thirdparty.io.netty.allocator.useCacheForAllThreads=false in command line.
2019-11-14 17:36:41,073 [main] INFO  grpc.GrpcConfigKeys$Server (ConfUtils.java:logGet(43)) - raft.grpc.server.port = 0 (default)
2019-11-14 17:36:41,073 [main] INFO  server.GrpcService (ConfUtils.java:logGet(43)) - raft.grpc.message.size.max = 33570816 (custom)
2019-11-14 17:36:41,073 [main] INFO  server.RaftServerConfigKeys (ConfUtils.java:logGet(43)) - raft.server.log.appender.buffer.byte-limit = 33554432 (custom)
2019-11-14 17:36:41,073 [main] INFO  server.GrpcService (ConfUtils.java:logGet(43)) - raft.grpc.flow.control.window = 1MB (=1048576) (default)
2019-11-14 17:36:41,073 [main] INFO  server.RaftServerConfigKeys (ConfUtils.java:logGet(43)) - raft.server.rpc.request.timeout = 3000ms (default)
2019-11-14 17:36:41,074 [main] INFO  server.RaftServerConfigKeys (ConfUtils.java:logGet(43)) - raft.server.storage.dir = [/workdir/hadoop-ozone/integration-test/target/test-dir/MiniOzoneClusterImpl-22bbe08b-7feb-4e26-8434-b505ec12d921/datanode-0/data/ratis] (custom)
2019-11-14 17:36:41,076 [main] INFO  hdfs.DFSUtil (DFSUtil.java:httpServerTemplateForNNAndJN(1641)) - Starting Web-server for hddsDatanode at: http://0.0.0.0:0
2019-11-14 17:36:41,078 [main] INFO  server.AuthenticationFilter (AuthenticationFilter.java:constructSecretProvider(240)) - Unable to initialize FileSignerSecretProvider, falling back to use random secrets.
2019-11-14 17:36:41,078 [main] WARN  http.HttpRequestLog (HttpRequestLog.java:getRequestLog(97)) - Jetty request log can only be enabled using Log4j
2019-11-14 17:36:41,080 [main] INFO  http.HttpServer2 (HttpServer2.java:addGlobalFilter(975)) - Added global filter 'safety' (class=org.apache.hadoop.http.HttpServer2$QuotingInputFilter)
2019-11-14 17:36:41,081 [main] INFO  http.HttpServer2 (HttpServer2.java:addFilter(948)) - Added filter static_user_filter (class=org.apache.hadoop.http.lib.StaticUserWebFilter$StaticUserFilter) to context hddsDatanode
2019-11-14 17:36:41,081 [main] INFO  http.HttpServer2 (HttpServer2.java:addFilter(958)) - Added filter static_user_filter (class=org.apache.hadoop.http.lib.StaticUserWebFilter$StaticUserFilter) to context logs
2019-11-14 17:36:41,081 [main] INFO  http.HttpServer2 (HttpServer2.java:addFilter(958)) - Added filter static_user_filter (class=org.apache.hadoop.http.lib.StaticUserWebFilter$StaticUserFilter) to context static
2019-11-14 17:36:41,082 [main] INFO  http.HttpServer2 (HttpServer2.java:bindListener(1191)) - Jetty bound to port 43580
2019-11-14 17:36:41,083 [main] INFO  server.Server (Server.java:doStart(351)) - jetty-9.3.25.v20180904, build timestamp: 2018-09-04T21:11:46Z, git hash: 3ce520221d0240229c862b122d2b06c12a625732
2019-11-14 17:36:41,085 [main] INFO  handler.ContextHandler (ContextHandler.java:doStart(781)) - Started o.e.j.s.ServletContextHandler@7d97e06c{/logs,file:///workdir/hadoop-ozone/integration-test/target/log,AVAILABLE}
2019-11-14 17:36:41,085 [main] INFO  handler.ContextHandler (ContextHandler.java:doStart(781)) - Started o.e.j.s.ServletContextHandler@3b4a1a75{/static,jar:file:/home/user/.m2/repository/org/apache/hadoop/hadoop-hdds-container-service/0.5.0-SNAPSHOT/hadoop-hdds-container-service-0.5.0-SNAPSHOT.jar!/webapps/static,AVAILABLE}
2019-11-14 17:36:41,125 [main] INFO  handler.ContextHandler (ContextHandler.java:doStart(781)) - Started o.e.j.w.WebAppContext@1943c1f2{/,file:///tmp/jetty-0.0.0.0-43580-hddsDatanode-_-any-673043163639440581.dir/webapp/,AVAILABLE}{/hddsDatanode}
2019-11-14 17:36:41,126 [main] INFO  server.AbstractConnector (AbstractConnector.java:doStart(278)) - Started ServerConnector@d70f722{HTTP/1.1,[http/1.1]}{0.0.0.0:43580}
2019-11-14 17:36:41,127 [main] INFO  server.Server (Server.java:doStart(419)) - Started @60163ms
2019-11-14 17:36:41,127 [main] WARN  impl.MetricsSystemImpl (MetricsSystemImpl.java:register(276)) - Sink prometheus already exists!
2019-11-14 17:36:41,128 [main] INFO  server.BaseHttpServer (BaseHttpServer.java:updateConnectorAddress(215)) - HTTP server of HDDSDATANODE is listening at http://0.0.0.0:43580
2019-11-14 17:36:41,129 [main] INFO  impl.MetricsSystemImpl (MetricsSystemImpl.java:init(158)) - HddsDatanode metrics system started (again)
2019-11-14 17:36:41,131 [main] INFO  ozone.HddsDatanodeService (HddsDatanodeService.java:start(186)) - HddsDatanodeService host:pr-hdds-2482-j87dr-2776293630 ip:192.168.157.194
2019-11-14 17:36:41,131 [org.apache.hadoop.util.JvmPauseMonitor$Monitor@27d933c2] INFO  util.JvmPauseMonitor (JvmPauseMonitor.java:run(188)) - Starting JVM pause monitor
2019-11-14 17:36:41,134 [Datanode State Machine Thread - 0] INFO  datanode.InitDatanodeState (InitDatanodeState.java:persistContainerDatanodeDetails(140)) - DatanodeDetails is persisted to /workdir/hadoop-ozone/integration-test/target/test-dir/MiniOzoneClusterImpl-22bbe08b-7feb-4e26-8434-b505ec12d921/datanode-0/meta/datanode.id
2019-11-14 17:36:41,138 [main] INFO  volume.HddsVolume (HddsVolume.java:<init>(176)) - Creating Volume: /workdir/hadoop-ozone/integration-test/target/test-dir/MiniOzoneClusterImpl-22bbe08b-7feb-4e26-8434-b505ec12d921/datanode-1/data/containers/hdds of  storage type : DISK and capacity : 1482555576320
2019-11-14 17:36:41,139 [main] INFO  volume.VolumeSet (VolumeSet.java:initializeVolumeSet(170)) - Added Volume : /workdir/hadoop-ozone/integration-test/target/test-dir/MiniOzoneClusterImpl-22bbe08b-7feb-4e26-8434-b505ec12d921/datanode-1/data/containers/hdds to VolumeSet
2019-11-14 17:36:41,139 [main] INFO  volume.ThrottledAsyncChecker (ThrottledAsyncChecker.java:schedule(141)) - Scheduling a check for /workdir/hadoop-ozone/integration-test/target/test-dir/MiniOzoneClusterImpl-22bbe08b-7feb-4e26-8434-b505ec12d921/datanode-1/data/containers/hdds
2019-11-14 17:36:41,139 [main] INFO  volume.HddsVolumeChecker (HddsVolumeChecker.java:checkAllVolumes(204)) - Scheduled health check for volume /workdir/hadoop-ozone/integration-test/target/test-dir/MiniOzoneClusterImpl-22bbe08b-7feb-4e26-8434-b505ec12d921/datanode-1/data/containers/hdds
2019-11-14 17:36:41,155 [main] INFO  impl.RaftServerProxy (ConfUtils.java:logGet(43)) - raft.rpc.type = GRPC (default)
2019-11-14 17:36:41,155 [main] INFO  grpc.GrpcFactory (GrpcFactory.java:checkPooledByteBufAllocatorUseCacheForAllThreads(45)) - PERFORMANCE WARNING: useCacheForAllThreads is true that may cause Netty to create a lot garbage objects and, as a result, trigger GC.
	It is recommended to disable useCacheForAllThreads by setting -Dorg.apache.ratis.thirdparty.io.netty.allocator.useCacheForAllThreads=false in command line.
2019-11-14 17:36:41,155 [main] INFO  grpc.GrpcConfigKeys$Server (ConfUtils.java:logGet(43)) - raft.grpc.server.port = 0 (default)
2019-11-14 17:36:41,155 [main] INFO  server.GrpcService (ConfUtils.java:logGet(43)) - raft.grpc.message.size.max = 33570816 (custom)
2019-11-14 17:36:41,156 [main] INFO  server.RaftServerConfigKeys (ConfUtils.java:logGet(43)) - raft.server.log.appender.buffer.byte-limit = 33554432 (custom)
2019-11-14 17:36:41,156 [main] INFO  server.GrpcService (ConfUtils.java:logGet(43)) - raft.grpc.flow.control.window = 1MB (=1048576) (default)
2019-11-14 17:36:41,156 [main] INFO  server.RaftServerConfigKeys (ConfUtils.java:logGet(43)) - raft.server.rpc.request.timeout = 3000ms (default)
2019-11-14 17:36:41,156 [main] INFO  server.RaftServerConfigKeys (ConfUtils.java:logGet(43)) - raft.server.storage.dir = [/workdir/hadoop-ozone/integration-test/target/test-dir/MiniOzoneClusterImpl-22bbe08b-7feb-4e26-8434-b505ec12d921/datanode-1/data/ratis] (custom)
2019-11-14 17:36:41,158 [main] INFO  hdfs.DFSUtil (DFSUtil.java:httpServerTemplateForNNAndJN(1641)) - Starting Web-server for hddsDatanode at: http://0.0.0.0:0
2019-11-14 17:36:41,161 [main] INFO  server.AuthenticationFilter (AuthenticationFilter.java:constructSecretProvider(240)) - Unable to initialize FileSignerSecretProvider, falling back to use random secrets.
2019-11-14 17:36:41,161 [main] WARN  http.HttpRequestLog (HttpRequestLog.java:getRequestLog(97)) - Jetty request log can only be enabled using Log4j
2019-11-14 17:36:41,163 [main] INFO  http.HttpServer2 (HttpServer2.java:addGlobalFilter(975)) - Added global filter 'safety' (class=org.apache.hadoop.http.HttpServer2$QuotingInputFilter)
2019-11-14 17:36:41,164 [main] INFO  http.HttpServer2 (HttpServer2.java:addFilter(948)) - Added filter static_user_filter (class=org.apache.hadoop.http.lib.StaticUserWebFilter$StaticUserFilter) to context hddsDatanode
2019-11-14 17:36:41,165 [main] INFO  http.HttpServer2 (HttpServer2.java:addFilter(958)) - Added filter static_user_filter (class=org.apache.hadoop.http.lib.StaticUserWebFilter$StaticUserFilter) to context static
2019-11-14 17:36:41,165 [main] INFO  http.HttpServer2 (HttpServer2.java:addFilter(958)) - Added filter static_user_filter (class=org.apache.hadoop.http.lib.StaticUserWebFilter$StaticUserFilter) to context logs
2019-11-14 17:36:41,166 [main] INFO  http.HttpServer2 (HttpServer2.java:bindListener(1191)) - Jetty bound to port 33853
2019-11-14 17:36:41,166 [main] INFO  server.Server (Server.java:doStart(351)) - jetty-9.3.25.v20180904, build timestamp: 2018-09-04T21:11:46Z, git hash: 3ce520221d0240229c862b122d2b06c12a625732
2019-11-14 17:36:41,169 [main] INFO  handler.ContextHandler (ContextHandler.java:doStart(781)) - Started o.e.j.s.ServletContextHandler@64c781a9{/logs,file:///workdir/hadoop-ozone/integration-test/target/log,AVAILABLE}
2019-11-14 17:36:41,170 [main] INFO  handler.ContextHandler (ContextHandler.java:doStart(781)) - Started o.e.j.s.ServletContextHandler@5b88b8e{/static,jar:file:/home/user/.m2/repository/org/apache/hadoop/hadoop-hdds-container-service/0.5.0-SNAPSHOT/hadoop-hdds-container-service-0.5.0-SNAPSHOT.jar!/webapps/static,AVAILABLE}
2019-11-14 17:36:41,213 [main] INFO  handler.ContextHandler (ContextHandler.java:doStart(781)) - Started o.e.j.w.WebAppContext@40de8f93{/,file:///tmp/jetty-0.0.0.0-33853-hddsDatanode-_-any-4835913630986900958.dir/webapp/,AVAILABLE}{/hddsDatanode}
2019-11-14 17:36:41,214 [main] INFO  server.AbstractConnector (AbstractConnector.java:doStart(278)) - Started ServerConnector@6ff0b1cc{HTTP/1.1,[http/1.1]}{0.0.0.0:33853}
2019-11-14 17:36:41,215 [main] INFO  server.Server (Server.java:doStart(419)) - Started @60251ms
2019-11-14 17:36:41,215 [main] WARN  impl.MetricsSystemImpl (MetricsSystemImpl.java:register(276)) - Sink prometheus already exists!
2019-11-14 17:36:41,216 [main] INFO  server.BaseHttpServer (BaseHttpServer.java:updateConnectorAddress(215)) - HTTP server of HDDSDATANODE is listening at http://0.0.0.0:33853
2019-11-14 17:36:41,216 [main] INFO  impl.MetricsSystemImpl (MetricsSystemImpl.java:init(158)) - HddsDatanode metrics system started (again)
2019-11-14 17:36:41,218 [main] INFO  ozone.HddsDatanodeService (HddsDatanodeService.java:start(186)) - HddsDatanodeService host:pr-hdds-2482-j87dr-2776293630 ip:192.168.157.194
2019-11-14 17:36:41,218 [org.apache.hadoop.util.JvmPauseMonitor$Monitor@216c616e] INFO  util.JvmPauseMonitor (JvmPauseMonitor.java:run(188)) - Starting JVM pause monitor
2019-11-14 17:36:41,220 [Datanode State Machine Thread - 0] INFO  datanode.InitDatanodeState (InitDatanodeState.java:persistContainerDatanodeDetails(140)) - DatanodeDetails is persisted to /workdir/hadoop-ozone/integration-test/target/test-dir/MiniOzoneClusterImpl-22bbe08b-7feb-4e26-8434-b505ec12d921/datanode-1/meta/datanode.id
2019-11-14 17:36:41,226 [main] INFO  volume.HddsVolume (HddsVolume.java:<init>(176)) - Creating Volume: /workdir/hadoop-ozone/integration-test/target/test-dir/MiniOzoneClusterImpl-22bbe08b-7feb-4e26-8434-b505ec12d921/datanode-2/data/containers/hdds of  storage type : DISK and capacity : 1482555576320
2019-11-14 17:36:41,226 [main] INFO  volume.VolumeSet (VolumeSet.java:initializeVolumeSet(170)) - Added Volume : /workdir/hadoop-ozone/integration-test/target/test-dir/MiniOzoneClusterImpl-22bbe08b-7feb-4e26-8434-b505ec12d921/datanode-2/data/containers/hdds to VolumeSet
2019-11-14 17:36:41,226 [main] INFO  volume.ThrottledAsyncChecker (ThrottledAsyncChecker.java:schedule(141)) - Scheduling a check for /workdir/hadoop-ozone/integration-test/target/test-dir/MiniOzoneClusterImpl-22bbe08b-7feb-4e26-8434-b505ec12d921/datanode-2/data/containers/hdds
2019-11-14 17:36:41,227 [main] INFO  volume.HddsVolumeChecker (HddsVolumeChecker.java:checkAllVolumes(204)) - Scheduled health check for volume /workdir/hadoop-ozone/integration-test/target/test-dir/MiniOzoneClusterImpl-22bbe08b-7feb-4e26-8434-b505ec12d921/datanode-2/data/containers/hdds
2019-11-14 17:36:41,241 [main] INFO  impl.RaftServerProxy (ConfUtils.java:logGet(43)) - raft.rpc.type = GRPC (default)
2019-11-14 17:36:41,241 [main] INFO  grpc.GrpcFactory (GrpcFactory.java:checkPooledByteBufAllocatorUseCacheForAllThreads(45)) - PERFORMANCE WARNING: useCacheForAllThreads is true that may cause Netty to create a lot garbage objects and, as a result, trigger GC.
	It is recommended to disable useCacheForAllThreads by setting -Dorg.apache.ratis.thirdparty.io.netty.allocator.useCacheForAllThreads=false in command line.
2019-11-14 17:36:41,241 [main] INFO  grpc.GrpcConfigKeys$Server (ConfUtils.java:logGet(43)) - raft.grpc.server.port = 0 (default)
2019-11-14 17:36:41,241 [main] INFO  server.GrpcService (ConfUtils.java:logGet(43)) - raft.grpc.message.size.max = 33570816 (custom)
2019-11-14 17:36:41,241 [main] INFO  server.RaftServerConfigKeys (ConfUtils.java:logGet(43)) - raft.server.log.appender.buffer.byte-limit = 33554432 (custom)
2019-11-14 17:36:41,241 [main] INFO  server.GrpcService (ConfUtils.java:logGet(43)) - raft.grpc.flow.control.window = 1MB (=1048576) (default)
2019-11-14 17:36:41,242 [main] INFO  server.RaftServerConfigKeys (ConfUtils.java:logGet(43)) - raft.server.rpc.request.timeout = 3000ms (default)
2019-11-14 17:36:41,242 [main] INFO  server.RaftServerConfigKeys (ConfUtils.java:logGet(43)) - raft.server.storage.dir = [/workdir/hadoop-ozone/integration-test/target/test-dir/MiniOzoneClusterImpl-22bbe08b-7feb-4e26-8434-b505ec12d921/datanode-2/data/ratis] (custom)
2019-11-14 17:36:41,244 [main] INFO  hdfs.DFSUtil (DFSUtil.java:httpServerTemplateForNNAndJN(1641)) - Starting Web-server for hddsDatanode at: http://0.0.0.0:0
2019-11-14 17:36:41,246 [main] INFO  server.AuthenticationFilter (AuthenticationFilter.java:constructSecretProvider(240)) - Unable to initialize FileSignerSecretProvider, falling back to use random secrets.
2019-11-14 17:36:41,246 [main] WARN  http.HttpRequestLog (HttpRequestLog.java:getRequestLog(97)) - Jetty request log can only be enabled using Log4j
2019-11-14 17:36:41,248 [main] INFO  http.HttpServer2 (HttpServer2.java:addGlobalFilter(975)) - Added global filter 'safety' (class=org.apache.hadoop.http.HttpServer2$QuotingInputFilter)
2019-11-14 17:36:41,249 [main] INFO  http.HttpServer2 (HttpServer2.java:addFilter(948)) - Added filter static_user_filter (class=org.apache.hadoop.http.lib.StaticUserWebFilter$StaticUserFilter) to context hddsDatanode
2019-11-14 17:36:41,249 [main] INFO  http.HttpServer2 (HttpServer2.java:addFilter(958)) - Added filter static_user_filter (class=org.apache.hadoop.http.lib.StaticUserWebFilter$StaticUserFilter) to context static
2019-11-14 17:36:41,249 [main] INFO  http.HttpServer2 (HttpServer2.java:addFilter(958)) - Added filter static_user_filter (class=org.apache.hadoop.http.lib.StaticUserWebFilter$StaticUserFilter) to context logs
2019-11-14 17:36:41,250 [main] INFO  http.HttpServer2 (HttpServer2.java:bindListener(1191)) - Jetty bound to port 32936
2019-11-14 17:36:41,250 [main] INFO  server.Server (Server.java:doStart(351)) - jetty-9.3.25.v20180904, build timestamp: 2018-09-04T21:11:46Z, git hash: 3ce520221d0240229c862b122d2b06c12a625732
2019-11-14 17:36:41,253 [main] INFO  handler.ContextHandler (ContextHandler.java:doStart(781)) - Started o.e.j.s.ServletContextHandler@5568c66f{/logs,file:///workdir/hadoop-ozone/integration-test/target/log,AVAILABLE}
2019-11-14 17:36:41,253 [main] INFO  handler.ContextHandler (ContextHandler.java:doStart(781)) - Started o.e.j.s.ServletContextHandler@3f6bf8aa{/static,jar:file:/home/user/.m2/repository/org/apache/hadoop/hadoop-hdds-container-service/0.5.0-SNAPSHOT/hadoop-hdds-container-service-0.5.0-SNAPSHOT.jar!/webapps/static,AVAILABLE}
2019-11-14 17:36:41,295 [main] INFO  handler.ContextHandler (ContextHandler.java:doStart(781)) - Started o.e.j.w.WebAppContext@27a09971{/,file:///tmp/jetty-0.0.0.0-32936-hddsDatanode-_-any-8732019975507665238.dir/webapp/,AVAILABLE}{/hddsDatanode}
2019-11-14 17:36:41,296 [main] INFO  server.AbstractConnector (AbstractConnector.java:doStart(278)) - Started ServerConnector@6215366a{HTTP/1.1,[http/1.1]}{0.0.0.0:32936}
2019-11-14 17:36:41,297 [main] INFO  server.Server (Server.java:doStart(419)) - Started @60333ms
2019-11-14 17:36:41,297 [main] WARN  impl.MetricsSystemImpl (MetricsSystemImpl.java:register(276)) - Sink prometheus already exists!
2019-11-14 17:36:41,298 [main] INFO  server.BaseHttpServer (BaseHttpServer.java:updateConnectorAddress(215)) - HTTP server of HDDSDATANODE is listening at http://0.0.0.0:32936
2019-11-14 17:36:41,298 [main] INFO  impl.MetricsSystemImpl (MetricsSystemImpl.java:init(158)) - HddsDatanode metrics system started (again)
2019-11-14 17:36:41,300 [org.apache.hadoop.util.JvmPauseMonitor$Monitor@4b6b83a5] INFO  util.JvmPauseMonitor (JvmPauseMonitor.java:run(188)) - Starting JVM pause monitor
2019-11-14 17:36:41,301 [main] INFO  ozone.HddsDatanodeService (HddsDatanodeService.java:start(186)) - HddsDatanodeService host:pr-hdds-2482-j87dr-2776293630 ip:192.168.157.194
2019-11-14 17:36:41,302 [Datanode State Machine Thread - 0] INFO  datanode.InitDatanodeState (InitDatanodeState.java:persistContainerDatanodeDetails(140)) - DatanodeDetails is persisted to /workdir/hadoop-ozone/integration-test/target/test-dir/MiniOzoneClusterImpl-22bbe08b-7feb-4e26-8434-b505ec12d921/datanode-2/meta/datanode.id
2019-11-14 17:36:41,307 [main] INFO  volume.HddsVolume (HddsVolume.java:<init>(176)) - Creating Volume: /workdir/hadoop-ozone/integration-test/target/test-dir/MiniOzoneClusterImpl-22bbe08b-7feb-4e26-8434-b505ec12d921/datanode-3/data/containers/hdds of  storage type : DISK and capacity : 1482555576320
2019-11-14 17:36:41,307 [main] INFO  volume.VolumeSet (VolumeSet.java:initializeVolumeSet(170)) - Added Volume : /workdir/hadoop-ozone/integration-test/target/test-dir/MiniOzoneClusterImpl-22bbe08b-7feb-4e26-8434-b505ec12d921/datanode-3/data/containers/hdds to VolumeSet
2019-11-14 17:36:41,308 [main] INFO  volume.ThrottledAsyncChecker (ThrottledAsyncChecker.java:schedule(141)) - Scheduling a check for /workdir/hadoop-ozone/integration-test/target/test-dir/MiniOzoneClusterImpl-22bbe08b-7feb-4e26-8434-b505ec12d921/datanode-3/data/containers/hdds
2019-11-14 17:36:41,308 [main] INFO  volume.HddsVolumeChecker (HddsVolumeChecker.java:checkAllVolumes(204)) - Scheduled health check for volume /workdir/hadoop-ozone/integration-test/target/test-dir/MiniOzoneClusterImpl-22bbe08b-7feb-4e26-8434-b505ec12d921/datanode-3/data/containers/hdds
2019-11-14 17:36:41,321 [main] INFO  impl.RaftServerProxy (ConfUtils.java:logGet(43)) - raft.rpc.type = GRPC (default)
2019-11-14 17:36:41,321 [main] INFO  grpc.GrpcFactory (GrpcFactory.java:checkPooledByteBufAllocatorUseCacheForAllThreads(45)) - PERFORMANCE WARNING: useCacheForAllThreads is true that may cause Netty to create a lot garbage objects and, as a result, trigger GC.
	It is recommended to disable useCacheForAllThreads by setting -Dorg.apache.ratis.thirdparty.io.netty.allocator.useCacheForAllThreads=false in command line.
2019-11-14 17:36:41,321 [main] INFO  grpc.GrpcConfigKeys$Server (ConfUtils.java:logGet(43)) - raft.grpc.server.port = 0 (default)
2019-11-14 17:36:41,321 [main] INFO  server.GrpcService (ConfUtils.java:logGet(43)) - raft.grpc.message.size.max = 33570816 (custom)
2019-11-14 17:36:41,321 [main] INFO  server.RaftServerConfigKeys (ConfUtils.java:logGet(43)) - raft.server.log.appender.buffer.byte-limit = 33554432 (custom)
2019-11-14 17:36:41,321 [main] INFO  server.GrpcService (ConfUtils.java:logGet(43)) - raft.grpc.flow.control.window = 1MB (=1048576) (default)
2019-11-14 17:36:41,322 [main] INFO  server.RaftServerConfigKeys (ConfUtils.java:logGet(43)) - raft.server.rpc.request.timeout = 3000ms (default)
2019-11-14 17:36:41,322 [main] INFO  server.RaftServerConfigKeys (ConfUtils.java:logGet(43)) - raft.server.storage.dir = [/workdir/hadoop-ozone/integration-test/target/test-dir/MiniOzoneClusterImpl-22bbe08b-7feb-4e26-8434-b505ec12d921/datanode-3/data/ratis] (custom)
2019-11-14 17:36:41,323 [main] INFO  hdfs.DFSUtil (DFSUtil.java:httpServerTemplateForNNAndJN(1641)) - Starting Web-server for hddsDatanode at: http://0.0.0.0:0
2019-11-14 17:36:41,324 [main] INFO  server.AuthenticationFilter (AuthenticationFilter.java:constructSecretProvider(240)) - Unable to initialize FileSignerSecretProvider, falling back to use random secrets.
2019-11-14 17:36:41,325 [main] WARN  http.HttpRequestLog (HttpRequestLog.java:getRequestLog(97)) - Jetty request log can only be enabled using Log4j
2019-11-14 17:36:41,326 [main] INFO  http.HttpServer2 (HttpServer2.java:addGlobalFilter(975)) - Added global filter 'safety' (class=org.apache.hadoop.http.HttpServer2$QuotingInputFilter)
2019-11-14 17:36:41,326 [main] INFO  http.HttpServer2 (HttpServer2.java:addFilter(948)) - Added filter static_user_filter (class=org.apache.hadoop.http.lib.StaticUserWebFilter$StaticUserFilter) to context hddsDatanode
2019-11-14 17:36:41,327 [main] INFO  http.HttpServer2 (HttpServer2.java:addFilter(958)) - Added filter static_user_filter (class=org.apache.hadoop.http.lib.StaticUserWebFilter$StaticUserFilter) to context logs
2019-11-14 17:36:41,327 [main] INFO  http.HttpServer2 (HttpServer2.java:addFilter(958)) - Added filter static_user_filter (class=org.apache.hadoop.http.lib.StaticUserWebFilter$StaticUserFilter) to context static
2019-11-14 17:36:41,327 [main] INFO  http.HttpServer2 (HttpServer2.java:bindListener(1191)) - Jetty bound to port 43228
2019-11-14 17:36:41,327 [main] INFO  server.Server (Server.java:doStart(351)) - jetty-9.3.25.v20180904, build timestamp: 2018-09-04T21:11:46Z, git hash: 3ce520221d0240229c862b122d2b06c12a625732
2019-11-14 17:36:41,329 [main] INFO  handler.ContextHandler (ContextHandler.java:doStart(781)) - Started o.e.j.s.ServletContextHandler@6a5e167a{/logs,file:///workdir/hadoop-ozone/integration-test/target/log,AVAILABLE}
2019-11-14 17:36:41,330 [main] INFO  handler.ContextHandler (ContextHandler.java:doStart(781)) - Started o.e.j.s.ServletContextHandler@66a5755{/static,jar:file:/home/user/.m2/repository/org/apache/hadoop/hadoop-hdds-container-service/0.5.0-SNAPSHOT/hadoop-hdds-container-service-0.5.0-SNAPSHOT.jar!/webapps/static,AVAILABLE}
2019-11-14 17:36:41,358 [main] INFO  handler.ContextHandler (ContextHandler.java:doStart(781)) - Started o.e.j.w.WebAppContext@3408f695{/,file:///tmp/jetty-0.0.0.0-43228-hddsDatanode-_-any-9109117245951024199.dir/webapp/,AVAILABLE}{/hddsDatanode}
2019-11-14 17:36:41,358 [main] INFO  server.AbstractConnector (AbstractConnector.java:doStart(278)) - Started ServerConnector@2b6a0ea9{HTTP/1.1,[http/1.1]}{0.0.0.0:43228}
2019-11-14 17:36:41,359 [main] INFO  server.Server (Server.java:doStart(419)) - Started @60395ms
2019-11-14 17:36:41,359 [main] WARN  impl.MetricsSystemImpl (MetricsSystemImpl.java:register(276)) - Sink prometheus already exists!
2019-11-14 17:36:41,360 [main] INFO  server.BaseHttpServer (BaseHttpServer.java:updateConnectorAddress(215)) - HTTP server of HDDSDATANODE is listening at http://0.0.0.0:43228
2019-11-14 17:36:41,360 [main] INFO  impl.MetricsSystemImpl (MetricsSystemImpl.java:init(158)) - HddsDatanode metrics system started (again)
2019-11-14 17:36:41,363 [main] INFO  ozone.HddsDatanodeService (HddsDatanodeService.java:start(186)) - HddsDatanodeService host:pr-hdds-2482-j87dr-2776293630 ip:192.168.157.194
2019-11-14 17:36:41,363 [org.apache.hadoop.util.JvmPauseMonitor$Monitor@1ac44ccb] INFO  util.JvmPauseMonitor (JvmPauseMonitor.java:run(188)) - Starting JVM pause monitor
2019-11-14 17:36:41,365 [Datanode State Machine Thread - 0] INFO  datanode.InitDatanodeState (InitDatanodeState.java:persistContainerDatanodeDetails(140)) - DatanodeDetails is persisted to /workdir/hadoop-ozone/integration-test/target/test-dir/MiniOzoneClusterImpl-22bbe08b-7feb-4e26-8434-b505ec12d921/datanode-3/meta/datanode.id
2019-11-14 17:36:41,370 [main] INFO  volume.HddsVolume (HddsVolume.java:<init>(176)) - Creating Volume: /workdir/hadoop-ozone/integration-test/target/test-dir/MiniOzoneClusterImpl-22bbe08b-7feb-4e26-8434-b505ec12d921/datanode-4/data/containers/hdds of  storage type : DISK and capacity : 1482555576320
2019-11-14 17:36:41,370 [main] INFO  volume.VolumeSet (VolumeSet.java:initializeVolumeSet(170)) - Added Volume : /workdir/hadoop-ozone/integration-test/target/test-dir/MiniOzoneClusterImpl-22bbe08b-7feb-4e26-8434-b505ec12d921/datanode-4/data/containers/hdds to VolumeSet
2019-11-14 17:36:41,370 [main] INFO  volume.ThrottledAsyncChecker (ThrottledAsyncChecker.java:schedule(141)) - Scheduling a check for /workdir/hadoop-ozone/integration-test/target/test-dir/MiniOzoneClusterImpl-22bbe08b-7feb-4e26-8434-b505ec12d921/datanode-4/data/containers/hdds
2019-11-14 17:36:41,371 [main] INFO  volume.HddsVolumeChecker (HddsVolumeChecker.java:checkAllVolumes(204)) - Scheduled health check for volume /workdir/hadoop-ozone/integration-test/target/test-dir/MiniOzoneClusterImpl-22bbe08b-7feb-4e26-8434-b505ec12d921/datanode-4/data/containers/hdds
2019-11-14 17:36:41,383 [main] INFO  impl.RaftServerProxy (ConfUtils.java:logGet(43)) - raft.rpc.type = GRPC (default)
2019-11-14 17:36:41,383 [main] INFO  grpc.GrpcFactory (GrpcFactory.java:checkPooledByteBufAllocatorUseCacheForAllThreads(45)) - PERFORMANCE WARNING: useCacheForAllThreads is true that may cause Netty to create a lot garbage objects and, as a result, trigger GC.
	It is recommended to disable useCacheForAllThreads by setting -Dorg.apache.ratis.thirdparty.io.netty.allocator.useCacheForAllThreads=false in command line.
2019-11-14 17:36:41,383 [main] INFO  grpc.GrpcConfigKeys$Server (ConfUtils.java:logGet(43)) - raft.grpc.server.port = 0 (default)
2019-11-14 17:36:41,383 [main] INFO  server.GrpcService (ConfUtils.java:logGet(43)) - raft.grpc.message.size.max = 33570816 (custom)
2019-11-14 17:36:41,383 [main] INFO  server.RaftServerConfigKeys (ConfUtils.java:logGet(43)) - raft.server.log.appender.buffer.byte-limit = 33554432 (custom)
2019-11-14 17:36:41,383 [main] INFO  server.GrpcService (ConfUtils.java:logGet(43)) - raft.grpc.flow.control.window = 1MB (=1048576) (default)
2019-11-14 17:36:41,384 [main] INFO  server.RaftServerConfigKeys (ConfUtils.java:logGet(43)) - raft.server.rpc.request.timeout = 3000ms (default)
2019-11-14 17:36:41,384 [main] INFO  server.RaftServerConfigKeys (ConfUtils.java:logGet(43)) - raft.server.storage.dir = [/workdir/hadoop-ozone/integration-test/target/test-dir/MiniOzoneClusterImpl-22bbe08b-7feb-4e26-8434-b505ec12d921/datanode-4/data/ratis] (custom)
2019-11-14 17:36:41,385 [main] INFO  hdfs.DFSUtil (DFSUtil.java:httpServerTemplateForNNAndJN(1641)) - Starting Web-server for hddsDatanode at: http://0.0.0.0:0
2019-11-14 17:36:41,387 [main] INFO  server.AuthenticationFilter (AuthenticationFilter.java:constructSecretProvider(240)) - Unable to initialize FileSignerSecretProvider, falling back to use random secrets.
2019-11-14 17:36:41,388 [main] WARN  http.HttpRequestLog (HttpRequestLog.java:getRequestLog(97)) - Jetty request log can only be enabled using Log4j
2019-11-14 17:36:41,390 [main] INFO  http.HttpServer2 (HttpServer2.java:addGlobalFilter(975)) - Added global filter 'safety' (class=org.apache.hadoop.http.HttpServer2$QuotingInputFilter)
2019-11-14 17:36:41,391 [main] INFO  http.HttpServer2 (HttpServer2.java:addFilter(948)) - Added filter static_user_filter (class=org.apache.hadoop.http.lib.StaticUserWebFilter$StaticUserFilter) to context hddsDatanode
2019-11-14 17:36:41,391 [main] INFO  http.HttpServer2 (HttpServer2.java:addFilter(958)) - Added filter static_user_filter (class=org.apache.hadoop.http.lib.StaticUserWebFilter$StaticUserFilter) to context logs
2019-11-14 17:36:41,391 [main] INFO  http.HttpServer2 (HttpServer2.java:addFilter(958)) - Added filter static_user_filter (class=org.apache.hadoop.http.lib.StaticUserWebFilter$StaticUserFilter) to context static
2019-11-14 17:36:41,392 [main] INFO  http.HttpServer2 (HttpServer2.java:bindListener(1191)) - Jetty bound to port 33436
2019-11-14 17:36:41,392 [main] INFO  server.Server (Server.java:doStart(351)) - jetty-9.3.25.v20180904, build timestamp: 2018-09-04T21:11:46Z, git hash: 3ce520221d0240229c862b122d2b06c12a625732
2019-11-14 17:36:41,395 [main] INFO  handler.ContextHandler (ContextHandler.java:doStart(781)) - Started o.e.j.s.ServletContextHandler@46046c06{/logs,file:///workdir/hadoop-ozone/integration-test/target/log,AVAILABLE}
2019-11-14 17:36:41,395 [main] INFO  handler.ContextHandler (ContextHandler.java:doStart(781)) - Started o.e.j.s.ServletContextHandler@7af52ec7{/static,jar:file:/home/user/.m2/repository/org/apache/hadoop/hadoop-hdds-container-service/0.5.0-SNAPSHOT/hadoop-hdds-container-service-0.5.0-SNAPSHOT.jar!/webapps/static,AVAILABLE}
2019-11-14 17:36:41,438 [main] INFO  handler.ContextHandler (ContextHandler.java:doStart(781)) - Started o.e.j.w.WebAppContext@60aec68a{/,file:///tmp/jetty-0.0.0.0-33436-hddsDatanode-_-any-5726679674133912937.dir/webapp/,AVAILABLE}{/hddsDatanode}
2019-11-14 17:36:41,438 [main] INFO  server.AbstractConnector (AbstractConnector.java:doStart(278)) - Started ServerConnector@25a7fedf{HTTP/1.1,[http/1.1]}{0.0.0.0:33436}
2019-11-14 17:36:41,439 [main] INFO  server.Server (Server.java:doStart(419)) - Started @60475ms
2019-11-14 17:36:41,439 [main] WARN  impl.MetricsSystemImpl (MetricsSystemImpl.java:register(276)) - Sink prometheus already exists!
2019-11-14 17:36:41,440 [main] INFO  server.BaseHttpServer (BaseHttpServer.java:updateConnectorAddress(215)) - HTTP server of HDDSDATANODE is listening at http://0.0.0.0:33436
2019-11-14 17:36:41,441 [main] INFO  impl.MetricsSystemImpl (MetricsSystemImpl.java:init(158)) - HddsDatanode metrics system started (again)
2019-11-14 17:36:41,443 [org.apache.hadoop.util.JvmPauseMonitor$Monitor@4a4719ac] INFO  util.JvmPauseMonitor (JvmPauseMonitor.java:run(188)) - Starting JVM pause monitor
2019-11-14 17:36:41,444 [main] INFO  ozone.HddsDatanodeService (HddsDatanodeService.java:start(186)) - HddsDatanodeService host:pr-hdds-2482-j87dr-2776293630 ip:192.168.157.194
2019-11-14 17:36:41,445 [Datanode State Machine Thread - 0] INFO  datanode.InitDatanodeState (InitDatanodeState.java:persistContainerDatanodeDetails(140)) - DatanodeDetails is persisted to /workdir/hadoop-ozone/integration-test/target/test-dir/MiniOzoneClusterImpl-22bbe08b-7feb-4e26-8434-b505ec12d921/datanode-4/meta/datanode.id
2019-11-14 17:36:41,451 [main] INFO  volume.HddsVolume (HddsVolume.java:<init>(176)) - Creating Volume: /workdir/hadoop-ozone/integration-test/target/test-dir/MiniOzoneClusterImpl-22bbe08b-7feb-4e26-8434-b505ec12d921/datanode-5/data/containers/hdds of  storage type : DISK and capacity : 1482555576320
2019-11-14 17:36:41,451 [main] INFO  volume.VolumeSet (VolumeSet.java:initializeVolumeSet(170)) - Added Volume : /workdir/hadoop-ozone/integration-test/target/test-dir/MiniOzoneClusterImpl-22bbe08b-7feb-4e26-8434-b505ec12d921/datanode-5/data/containers/hdds to VolumeSet
2019-11-14 17:36:41,452 [main] INFO  volume.ThrottledAsyncChecker (ThrottledAsyncChecker.java:schedule(141)) - Scheduling a check for /workdir/hadoop-ozone/integration-test/target/test-dir/MiniOzoneClusterImpl-22bbe08b-7feb-4e26-8434-b505ec12d921/datanode-5/data/containers/hdds
2019-11-14 17:36:41,452 [main] INFO  volume.HddsVolumeChecker (HddsVolumeChecker.java:checkAllVolumes(204)) - Scheduled health check for volume /workdir/hadoop-ozone/integration-test/target/test-dir/MiniOzoneClusterImpl-22bbe08b-7feb-4e26-8434-b505ec12d921/datanode-5/data/containers/hdds
2019-11-14 17:36:41,465 [main] INFO  impl.RaftServerProxy (ConfUtils.java:logGet(43)) - raft.rpc.type = GRPC (default)
2019-11-14 17:36:41,465 [main] INFO  grpc.GrpcFactory (GrpcFactory.java:checkPooledByteBufAllocatorUseCacheForAllThreads(45)) - PERFORMANCE WARNING: useCacheForAllThreads is true that may cause Netty to create a lot garbage objects and, as a result, trigger GC.
	It is recommended to disable useCacheForAllThreads by setting -Dorg.apache.ratis.thirdparty.io.netty.allocator.useCacheForAllThreads=false in command line.
2019-11-14 17:36:41,465 [main] INFO  grpc.GrpcConfigKeys$Server (ConfUtils.java:logGet(43)) - raft.grpc.server.port = 0 (default)
2019-11-14 17:36:41,465 [main] INFO  server.GrpcService (ConfUtils.java:logGet(43)) - raft.grpc.message.size.max = 33570816 (custom)
2019-11-14 17:36:41,466 [main] INFO  server.RaftServerConfigKeys (ConfUtils.java:logGet(43)) - raft.server.log.appender.buffer.byte-limit = 33554432 (custom)
2019-11-14 17:36:41,466 [main] INFO  server.GrpcService (ConfUtils.java:logGet(43)) - raft.grpc.flow.control.window = 1MB (=1048576) (default)
2019-11-14 17:36:41,466 [main] INFO  server.RaftServerConfigKeys (ConfUtils.java:logGet(43)) - raft.server.rpc.request.timeout = 3000ms (default)
2019-11-14 17:36:41,466 [main] INFO  server.RaftServerConfigKeys (ConfUtils.java:logGet(43)) - raft.server.storage.dir = [/workdir/hadoop-ozone/integration-test/target/test-dir/MiniOzoneClusterImpl-22bbe08b-7feb-4e26-8434-b505ec12d921/datanode-5/data/ratis] (custom)
2019-11-14 17:36:41,469 [main] INFO  hdfs.DFSUtil (DFSUtil.java:httpServerTemplateForNNAndJN(1641)) - Starting Web-server for hddsDatanode at: http://0.0.0.0:0
2019-11-14 17:36:41,470 [main] INFO  server.AuthenticationFilter (AuthenticationFilter.java:constructSecretProvider(240)) - Unable to initialize FileSignerSecretProvider, falling back to use random secrets.
2019-11-14 17:36:41,470 [main] WARN  http.HttpRequestLog (HttpRequestLog.java:getRequestLog(97)) - Jetty request log can only be enabled using Log4j
2019-11-14 17:36:41,471 [main] INFO  http.HttpServer2 (HttpServer2.java:addGlobalFilter(975)) - Added global filter 'safety' (class=org.apache.hadoop.http.HttpServer2$QuotingInputFilter)
2019-11-14 17:36:41,472 [main] INFO  http.HttpServer2 (HttpServer2.java:addFilter(948)) - Added filter static_user_filter (class=org.apache.hadoop.http.lib.StaticUserWebFilter$StaticUserFilter) to context hddsDatanode
2019-11-14 17:36:41,472 [main] INFO  http.HttpServer2 (HttpServer2.java:addFilter(958)) - Added filter static_user_filter (class=org.apache.hadoop.http.lib.StaticUserWebFilter$StaticUserFilter) to context logs
2019-11-14 17:36:41,472 [main] INFO  http.HttpServer2 (HttpServer2.java:addFilter(958)) - Added filter static_user_filter (class=org.apache.hadoop.http.lib.StaticUserWebFilter$StaticUserFilter) to context static
2019-11-14 17:36:41,472 [main] INFO  http.HttpServer2 (HttpServer2.java:bindListener(1191)) - Jetty bound to port 35284
2019-11-14 17:36:41,473 [main] INFO  server.Server (Server.java:doStart(351)) - jetty-9.3.25.v20180904, build timestamp: 2018-09-04T21:11:46Z, git hash: 3ce520221d0240229c862b122d2b06c12a625732
2019-11-14 17:36:41,474 [main] INFO  handler.ContextHandler (ContextHandler.java:doStart(781)) - Started o.e.j.s.ServletContextHandler@3a17b2e3{/logs,file:///workdir/hadoop-ozone/integration-test/target/log,AVAILABLE}
2019-11-14 17:36:41,475 [main] INFO  handler.ContextHandler (ContextHandler.java:doStart(781)) - Started o.e.j.s.ServletContextHandler@310ed6b4{/static,jar:file:/home/user/.m2/repository/org/apache/hadoop/hadoop-hdds-container-service/0.5.0-SNAPSHOT/hadoop-hdds-container-service-0.5.0-SNAPSHOT.jar!/webapps/static,AVAILABLE}
2019-11-14 17:36:41,504 [main] INFO  handler.ContextHandler (ContextHandler.java:doStart(781)) - Started o.e.j.w.WebAppContext@16a2ed51{/,file:///tmp/jetty-0.0.0.0-35284-hddsDatanode-_-any-2805962486585321704.dir/webapp/,AVAILABLE}{/hddsDatanode}
2019-11-14 17:36:41,504 [main] INFO  server.AbstractConnector (AbstractConnector.java:doStart(278)) - Started ServerConnector@3b332962{HTTP/1.1,[http/1.1]}{0.0.0.0:35284}
2019-11-14 17:36:41,505 [main] INFO  server.Server (Server.java:doStart(419)) - Started @60541ms
2019-11-14 17:36:41,505 [main] WARN  impl.MetricsSystemImpl (MetricsSystemImpl.java:register(276)) - Sink prometheus already exists!
2019-11-14 17:36:41,506 [main] INFO  server.BaseHttpServer (BaseHttpServer.java:updateConnectorAddress(215)) - HTTP server of HDDSDATANODE is listening at http://0.0.0.0:35284
2019-11-14 17:36:41,506 [main] INFO  impl.MetricsSystemImpl (MetricsSystemImpl.java:init(158)) - HddsDatanode metrics system started (again)
2019-11-14 17:36:41,509 [main] INFO  ozone.HddsDatanodeService (HddsDatanodeService.java:start(186)) - HddsDatanodeService host:pr-hdds-2482-j87dr-2776293630 ip:192.168.157.194
2019-11-14 17:36:41,509 [org.apache.hadoop.util.JvmPauseMonitor$Monitor@3bacf0ce] INFO  util.JvmPauseMonitor (JvmPauseMonitor.java:run(188)) - Starting JVM pause monitor
2019-11-14 17:36:41,514 [Datanode State Machine Thread - 0] INFO  datanode.InitDatanodeState (InitDatanodeState.java:persistContainerDatanodeDetails(140)) - DatanodeDetails is persisted to /workdir/hadoop-ozone/integration-test/target/test-dir/MiniOzoneClusterImpl-22bbe08b-7feb-4e26-8434-b505ec12d921/datanode-5/meta/datanode.id
2019-11-14 17:36:41,516 [main] INFO  volume.HddsVolume (HddsVolume.java:<init>(176)) - Creating Volume: /workdir/hadoop-ozone/integration-test/target/test-dir/MiniOzoneClusterImpl-22bbe08b-7feb-4e26-8434-b505ec12d921/datanode-6/data/containers/hdds of  storage type : DISK and capacity : 1482555576320
2019-11-14 17:36:41,517 [main] INFO  volume.VolumeSet (VolumeSet.java:initializeVolumeSet(170)) - Added Volume : /workdir/hadoop-ozone/integration-test/target/test-dir/MiniOzoneClusterImpl-22bbe08b-7feb-4e26-8434-b505ec12d921/datanode-6/data/containers/hdds to VolumeSet
2019-11-14 17:36:41,517 [main] INFO  volume.ThrottledAsyncChecker (ThrottledAsyncChecker.java:schedule(141)) - Scheduling a check for /workdir/hadoop-ozone/integration-test/target/test-dir/MiniOzoneClusterImpl-22bbe08b-7feb-4e26-8434-b505ec12d921/datanode-6/data/containers/hdds
2019-11-14 17:36:41,517 [main] INFO  volume.HddsVolumeChecker (HddsVolumeChecker.java:checkAllVolumes(204)) - Scheduled health check for volume /workdir/hadoop-ozone/integration-test/target/test-dir/MiniOzoneClusterImpl-22bbe08b-7feb-4e26-8434-b505ec12d921/datanode-6/data/containers/hdds
2019-11-14 17:36:41,529 [main] INFO  impl.RaftServerProxy (ConfUtils.java:logGet(43)) - raft.rpc.type = GRPC (default)
2019-11-14 17:36:41,530 [main] INFO  grpc.GrpcFactory (GrpcFactory.java:checkPooledByteBufAllocatorUseCacheForAllThreads(45)) - PERFORMANCE WARNING: useCacheForAllThreads is true that may cause Netty to create a lot garbage objects and, as a result, trigger GC.
	It is recommended to disable useCacheForAllThreads by setting -Dorg.apache.ratis.thirdparty.io.netty.allocator.useCacheForAllThreads=false in command line.
2019-11-14 17:36:41,530 [main] INFO  grpc.GrpcConfigKeys$Server (ConfUtils.java:logGet(43)) - raft.grpc.server.port = 0 (default)
2019-11-14 17:36:41,530 [main] INFO  server.GrpcService (ConfUtils.java:logGet(43)) - raft.grpc.message.size.max = 33570816 (custom)
2019-11-14 17:36:41,530 [main] INFO  server.RaftServerConfigKeys (ConfUtils.java:logGet(43)) - raft.server.log.appender.buffer.byte-limit = 33554432 (custom)
2019-11-14 17:36:41,530 [main] INFO  server.GrpcService (ConfUtils.java:logGet(43)) - raft.grpc.flow.control.window = 1MB (=1048576) (default)
2019-11-14 17:36:41,530 [main] INFO  server.RaftServerConfigKeys (ConfUtils.java:logGet(43)) - raft.server.rpc.request.timeout = 3000ms (default)
2019-11-14 17:36:41,531 [main] INFO  server.RaftServerConfigKeys (ConfUtils.java:logGet(43)) - raft.server.storage.dir = [/workdir/hadoop-ozone/integration-test/target/test-dir/MiniOzoneClusterImpl-22bbe08b-7feb-4e26-8434-b505ec12d921/datanode-6/data/ratis] (custom)
2019-11-14 17:36:41,532 [main] INFO  hdfs.DFSUtil (DFSUtil.java:httpServerTemplateForNNAndJN(1641)) - Starting Web-server for hddsDatanode at: http://0.0.0.0:0
2019-11-14 17:36:41,537 [main] INFO  server.AuthenticationFilter (AuthenticationFilter.java:constructSecretProvider(240)) - Unable to initialize FileSignerSecretProvider, falling back to use random secrets.
2019-11-14 17:36:41,538 [main] WARN  http.HttpRequestLog (HttpRequestLog.java:getRequestLog(97)) - Jetty request log can only be enabled using Log4j
2019-11-14 17:36:41,540 [main] INFO  http.HttpServer2 (HttpServer2.java:addGlobalFilter(975)) - Added global filter 'safety' (class=org.apache.hadoop.http.HttpServer2$QuotingInputFilter)
2019-11-14 17:36:41,540 [main] INFO  http.HttpServer2 (HttpServer2.java:addFilter(948)) - Added filter static_user_filter (class=org.apache.hadoop.http.lib.StaticUserWebFilter$StaticUserFilter) to context hddsDatanode
2019-11-14 17:36:41,541 [main] INFO  http.HttpServer2 (HttpServer2.java:addFilter(958)) - Added filter static_user_filter (class=org.apache.hadoop.http.lib.StaticUserWebFilter$StaticUserFilter) to context logs
2019-11-14 17:36:41,541 [main] INFO  http.HttpServer2 (HttpServer2.java:addFilter(958)) - Added filter static_user_filter (class=org.apache.hadoop.http.lib.StaticUserWebFilter$StaticUserFilter) to context static
2019-11-14 17:36:41,542 [main] INFO  http.HttpServer2 (HttpServer2.java:bindListener(1191)) - Jetty bound to port 39217
2019-11-14 17:36:41,542 [main] INFO  server.Server (Server.java:doStart(351)) - jetty-9.3.25.v20180904, build timestamp: 2018-09-04T21:11:46Z, git hash: 3ce520221d0240229c862b122d2b06c12a625732
2019-11-14 17:36:41,544 [main] INFO  handler.ContextHandler (ContextHandler.java:doStart(781)) - Started o.e.j.s.ServletContextHandler@79f90a3a{/logs,file:///workdir/hadoop-ozone/integration-test/target/log,AVAILABLE}
2019-11-14 17:36:41,545 [main] INFO  handler.ContextHandler (ContextHandler.java:doStart(781)) - Started o.e.j.s.ServletContextHandler@67b355c8{/static,jar:file:/home/user/.m2/repository/org/apache/hadoop/hadoop-hdds-container-service/0.5.0-SNAPSHOT/hadoop-hdds-container-service-0.5.0-SNAPSHOT.jar!/webapps/static,AVAILABLE}
2019-11-14 17:36:41,588 [main] INFO  handler.ContextHandler (ContextHandler.java:doStart(781)) - Started o.e.j.w.WebAppContext@a6c54c3{/,file:///tmp/jetty-0.0.0.0-39217-hddsDatanode-_-any-2504470128791519938.dir/webapp/,AVAILABLE}{/hddsDatanode}
2019-11-14 17:36:41,588 [main] INFO  server.AbstractConnector (AbstractConnector.java:doStart(278)) - Started ServerConnector@580fd26b{HTTP/1.1,[http/1.1]}{0.0.0.0:39217}
2019-11-14 17:36:41,592 [main] INFO  server.Server (Server.java:doStart(419)) - Started @60628ms
2019-11-14 17:36:41,592 [main] WARN  impl.MetricsSystemImpl (MetricsSystemImpl.java:register(276)) - Sink prometheus already exists!
2019-11-14 17:36:41,594 [main] INFO  server.BaseHttpServer (BaseHttpServer.java:updateConnectorAddress(215)) - HTTP server of HDDSDATANODE is listening at http://0.0.0.0:39217
2019-11-14 17:36:41,594 [main] INFO  impl.MetricsSystemImpl (MetricsSystemImpl.java:init(158)) - HddsDatanode metrics system started (again)
2019-11-14 17:36:41,597 [org.apache.hadoop.util.JvmPauseMonitor$Monitor@3f93f845] INFO  util.JvmPauseMonitor (JvmPauseMonitor.java:run(188)) - Starting JVM pause monitor
2019-11-14 17:36:41,598 [main] INFO  ozone.HddsDatanodeService (HddsDatanodeService.java:start(186)) - HddsDatanodeService host:pr-hdds-2482-j87dr-2776293630 ip:192.168.157.194
2019-11-14 17:36:41,600 [Datanode State Machine Thread - 0] INFO  datanode.InitDatanodeState (InitDatanodeState.java:persistContainerDatanodeDetails(140)) - DatanodeDetails is persisted to /workdir/hadoop-ozone/integration-test/target/test-dir/MiniOzoneClusterImpl-22bbe08b-7feb-4e26-8434-b505ec12d921/datanode-6/meta/datanode.id
2019-11-14 17:36:41,605 [main] INFO  volume.HddsVolume (HddsVolume.java:<init>(176)) - Creating Volume: /workdir/hadoop-ozone/integration-test/target/test-dir/MiniOzoneClusterImpl-22bbe08b-7feb-4e26-8434-b505ec12d921/datanode-7/data/containers/hdds of  storage type : DISK and capacity : 1482555576320
2019-11-14 17:36:41,605 [main] INFO  volume.VolumeSet (VolumeSet.java:initializeVolumeSet(170)) - Added Volume : /workdir/hadoop-ozone/integration-test/target/test-dir/MiniOzoneClusterImpl-22bbe08b-7feb-4e26-8434-b505ec12d921/datanode-7/data/containers/hdds to VolumeSet
2019-11-14 17:36:41,605 [main] INFO  volume.ThrottledAsyncChecker (ThrottledAsyncChecker.java:schedule(141)) - Scheduling a check for /workdir/hadoop-ozone/integration-test/target/test-dir/MiniOzoneClusterImpl-22bbe08b-7feb-4e26-8434-b505ec12d921/datanode-7/data/containers/hdds
2019-11-14 17:36:41,606 [main] INFO  volume.HddsVolumeChecker (HddsVolumeChecker.java:checkAllVolumes(204)) - Scheduled health check for volume /workdir/hadoop-ozone/integration-test/target/test-dir/MiniOzoneClusterImpl-22bbe08b-7feb-4e26-8434-b505ec12d921/datanode-7/data/containers/hdds
2019-11-14 17:36:41,621 [main] INFO  impl.RaftServerProxy (ConfUtils.java:logGet(43)) - raft.rpc.type = GRPC (default)
2019-11-14 17:36:41,621 [main] INFO  grpc.GrpcFactory (GrpcFactory.java:checkPooledByteBufAllocatorUseCacheForAllThreads(45)) - PERFORMANCE WARNING: useCacheForAllThreads is true that may cause Netty to create a lot garbage objects and, as a result, trigger GC.
	It is recommended to disable useCacheForAllThreads by setting -Dorg.apache.ratis.thirdparty.io.netty.allocator.useCacheForAllThreads=false in command line.
2019-11-14 17:36:41,621 [main] INFO  grpc.GrpcConfigKeys$Server (ConfUtils.java:logGet(43)) - raft.grpc.server.port = 0 (default)
2019-11-14 17:36:41,621 [main] INFO  server.GrpcService (ConfUtils.java:logGet(43)) - raft.grpc.message.size.max = 33570816 (custom)
2019-11-14 17:36:41,622 [main] INFO  server.RaftServerConfigKeys (ConfUtils.java:logGet(43)) - raft.server.log.appender.buffer.byte-limit = 33554432 (custom)
2019-11-14 17:36:41,622 [main] INFO  server.GrpcService (ConfUtils.java:logGet(43)) - raft.grpc.flow.control.window = 1MB (=1048576) (default)
2019-11-14 17:36:41,622 [main] INFO  server.RaftServerConfigKeys (ConfUtils.java:logGet(43)) - raft.server.rpc.request.timeout = 3000ms (default)
2019-11-14 17:36:41,622 [main] INFO  server.RaftServerConfigKeys (ConfUtils.java:logGet(43)) - raft.server.storage.dir = [/workdir/hadoop-ozone/integration-test/target/test-dir/MiniOzoneClusterImpl-22bbe08b-7feb-4e26-8434-b505ec12d921/datanode-7/data/ratis] (custom)
2019-11-14 17:36:41,624 [main] INFO  hdfs.DFSUtil (DFSUtil.java:httpServerTemplateForNNAndJN(1641)) - Starting Web-server for hddsDatanode at: http://0.0.0.0:0
2019-11-14 17:36:41,625 [main] INFO  server.AuthenticationFilter (AuthenticationFilter.java:constructSecretProvider(240)) - Unable to initialize FileSignerSecretProvider, falling back to use random secrets.
2019-11-14 17:36:41,625 [main] WARN  http.HttpRequestLog (HttpRequestLog.java:getRequestLog(97)) - Jetty request log can only be enabled using Log4j
2019-11-14 17:36:41,627 [main] INFO  http.HttpServer2 (HttpServer2.java:addGlobalFilter(975)) - Added global filter 'safety' (class=org.apache.hadoop.http.HttpServer2$QuotingInputFilter)
2019-11-14 17:36:41,627 [main] INFO  http.HttpServer2 (HttpServer2.java:addFilter(948)) - Added filter static_user_filter (class=org.apache.hadoop.http.lib.StaticUserWebFilter$StaticUserFilter) to context hddsDatanode
2019-11-14 17:36:41,627 [main] INFO  http.HttpServer2 (HttpServer2.java:addFilter(958)) - Added filter static_user_filter (class=org.apache.hadoop.http.lib.StaticUserWebFilter$StaticUserFilter) to context static
2019-11-14 17:36:41,627 [main] INFO  http.HttpServer2 (HttpServer2.java:addFilter(958)) - Added filter static_user_filter (class=org.apache.hadoop.http.lib.StaticUserWebFilter$StaticUserFilter) to context logs
2019-11-14 17:36:41,628 [main] INFO  http.HttpServer2 (HttpServer2.java:bindListener(1191)) - Jetty bound to port 35019
2019-11-14 17:36:41,628 [main] INFO  server.Server (Server.java:doStart(351)) - jetty-9.3.25.v20180904, build timestamp: 2018-09-04T21:11:46Z, git hash: 3ce520221d0240229c862b122d2b06c12a625732
2019-11-14 17:36:41,630 [main] INFO  handler.ContextHandler (ContextHandler.java:doStart(781)) - Started o.e.j.s.ServletContextHandler@4cffcc61{/logs,file:///workdir/hadoop-ozone/integration-test/target/log,AVAILABLE}
2019-11-14 17:36:41,630 [main] INFO  handler.ContextHandler (ContextHandler.java:doStart(781)) - Started o.e.j.s.ServletContextHandler@399ca607{/static,jar:file:/home/user/.m2/repository/org/apache/hadoop/hadoop-hdds-container-service/0.5.0-SNAPSHOT/hadoop-hdds-container-service-0.5.0-SNAPSHOT.jar!/webapps/static,AVAILABLE}
2019-11-14 17:36:41,659 [main] INFO  handler.ContextHandler (ContextHandler.java:doStart(781)) - Started o.e.j.w.WebAppContext@7b5b5bfe{/,file:///tmp/jetty-0.0.0.0-35019-hddsDatanode-_-any-9105982260295136513.dir/webapp/,AVAILABLE}{/hddsDatanode}
2019-11-14 17:36:41,659 [main] INFO  server.AbstractConnector (AbstractConnector.java:doStart(278)) - Started ServerConnector@74834afd{HTTP/1.1,[http/1.1]}{0.0.0.0:35019}
2019-11-14 17:36:41,660 [main] INFO  server.Server (Server.java:doStart(419)) - Started @60696ms
2019-11-14 17:36:41,660 [main] WARN  impl.MetricsSystemImpl (MetricsSystemImpl.java:register(276)) - Sink prometheus already exists!
2019-11-14 17:36:41,661 [main] INFO  server.BaseHttpServer (BaseHttpServer.java:updateConnectorAddress(215)) - HTTP server of HDDSDATANODE is listening at http://0.0.0.0:35019
2019-11-14 17:36:41,661 [main] INFO  impl.MetricsSystemImpl (MetricsSystemImpl.java:init(158)) - HddsDatanode metrics system started (again)
2019-11-14 17:36:41,664 [main] INFO  ozone.HddsDatanodeService (HddsDatanodeService.java:start(186)) - HddsDatanodeService host:pr-hdds-2482-j87dr-2776293630 ip:192.168.157.194
2019-11-14 17:36:41,664 [org.apache.hadoop.util.JvmPauseMonitor$Monitor@70e8e69a] INFO  util.JvmPauseMonitor (JvmPauseMonitor.java:run(188)) - Starting JVM pause monitor
2019-11-14 17:36:41,666 [Datanode State Machine Thread - 0] INFO  datanode.InitDatanodeState (InitDatanodeState.java:persistContainerDatanodeDetails(140)) - DatanodeDetails is persisted to /workdir/hadoop-ozone/integration-test/target/test-dir/MiniOzoneClusterImpl-22bbe08b-7feb-4e26-8434-b505ec12d921/datanode-7/meta/datanode.id
2019-11-14 17:36:41,676 [main] INFO  volume.HddsVolume (HddsVolume.java:<init>(176)) - Creating Volume: /workdir/hadoop-ozone/integration-test/target/test-dir/MiniOzoneClusterImpl-22bbe08b-7feb-4e26-8434-b505ec12d921/datanode-8/data/containers/hdds of  storage type : DISK and capacity : 1482555576320
2019-11-14 17:36:41,676 [main] INFO  volume.VolumeSet (VolumeSet.java:initializeVolumeSet(170)) - Added Volume : /workdir/hadoop-ozone/integration-test/target/test-dir/MiniOzoneClusterImpl-22bbe08b-7feb-4e26-8434-b505ec12d921/datanode-8/data/containers/hdds to VolumeSet
2019-11-14 17:36:41,676 [main] INFO  volume.ThrottledAsyncChecker (ThrottledAsyncChecker.java:schedule(141)) - Scheduling a check for /workdir/hadoop-ozone/integration-test/target/test-dir/MiniOzoneClusterImpl-22bbe08b-7feb-4e26-8434-b505ec12d921/datanode-8/data/containers/hdds
2019-11-14 17:36:41,677 [main] INFO  volume.HddsVolumeChecker (HddsVolumeChecker.java:checkAllVolumes(204)) - Scheduled health check for volume /workdir/hadoop-ozone/integration-test/target/test-dir/MiniOzoneClusterImpl-22bbe08b-7feb-4e26-8434-b505ec12d921/datanode-8/data/containers/hdds
2019-11-14 17:36:41,688 [main] INFO  impl.RaftServerProxy (ConfUtils.java:logGet(43)) - raft.rpc.type = GRPC (default)
2019-11-14 17:36:41,688 [main] INFO  grpc.GrpcFactory (GrpcFactory.java:checkPooledByteBufAllocatorUseCacheForAllThreads(45)) - PERFORMANCE WARNING: useCacheForAllThreads is true that may cause Netty to create a lot garbage objects and, as a result, trigger GC.
	It is recommended to disable useCacheForAllThreads by setting -Dorg.apache.ratis.thirdparty.io.netty.allocator.useCacheForAllThreads=false in command line.
2019-11-14 17:36:41,688 [main] INFO  grpc.GrpcConfigKeys$Server (ConfUtils.java:logGet(43)) - raft.grpc.server.port = 0 (default)
2019-11-14 17:36:41,688 [main] INFO  server.GrpcService (ConfUtils.java:logGet(43)) - raft.grpc.message.size.max = 33570816 (custom)
2019-11-14 17:36:41,689 [main] INFO  server.RaftServerConfigKeys (ConfUtils.java:logGet(43)) - raft.server.log.appender.buffer.byte-limit = 33554432 (custom)
2019-11-14 17:36:41,689 [main] INFO  server.GrpcService (ConfUtils.java:logGet(43)) - raft.grpc.flow.control.window = 1MB (=1048576) (default)
2019-11-14 17:36:41,689 [main] INFO  server.RaftServerConfigKeys (ConfUtils.java:logGet(43)) - raft.server.rpc.request.timeout = 3000ms (default)
2019-11-14 17:36:41,689 [main] INFO  server.RaftServerConfigKeys (ConfUtils.java:logGet(43)) - raft.server.storage.dir = [/workdir/hadoop-ozone/integration-test/target/test-dir/MiniOzoneClusterImpl-22bbe08b-7feb-4e26-8434-b505ec12d921/datanode-8/data/ratis] (custom)
2019-11-14 17:36:41,691 [main] INFO  hdfs.DFSUtil (DFSUtil.java:httpServerTemplateForNNAndJN(1641)) - Starting Web-server for hddsDatanode at: http://0.0.0.0:0
2019-11-14 17:36:41,692 [main] INFO  server.AuthenticationFilter (AuthenticationFilter.java:constructSecretProvider(240)) - Unable to initialize FileSignerSecretProvider, falling back to use random secrets.
2019-11-14 17:36:41,692 [main] WARN  http.HttpRequestLog (HttpRequestLog.java:getRequestLog(97)) - Jetty request log can only be enabled using Log4j
2019-11-14 17:36:41,693 [main] INFO  http.HttpServer2 (HttpServer2.java:addGlobalFilter(975)) - Added global filter 'safety' (class=org.apache.hadoop.http.HttpServer2$QuotingInputFilter)
2019-11-14 17:36:41,694 [main] INFO  http.HttpServer2 (HttpServer2.java:addFilter(948)) - Added filter static_user_filter (class=org.apache.hadoop.http.lib.StaticUserWebFilter$StaticUserFilter) to context hddsDatanode
2019-11-14 17:36:41,694 [main] INFO  http.HttpServer2 (HttpServer2.java:addFilter(958)) - Added filter static_user_filter (class=org.apache.hadoop.http.lib.StaticUserWebFilter$StaticUserFilter) to context static
2019-11-14 17:36:41,694 [main] INFO  http.HttpServer2 (HttpServer2.java:addFilter(958)) - Added filter static_user_filter (class=org.apache.hadoop.http.lib.StaticUserWebFilter$StaticUserFilter) to context logs
2019-11-14 17:36:41,695 [main] INFO  http.HttpServer2 (HttpServer2.java:bindListener(1191)) - Jetty bound to port 45357
2019-11-14 17:36:41,695 [main] INFO  server.Server (Server.java:doStart(351)) - jetty-9.3.25.v20180904, build timestamp: 2018-09-04T21:11:46Z, git hash: 3ce520221d0240229c862b122d2b06c12a625732
2019-11-14 17:36:41,696 [main] INFO  handler.ContextHandler (ContextHandler.java:doStart(781)) - Started o.e.j.s.ServletContextHandler@629984eb{/logs,file:///workdir/hadoop-ozone/integration-test/target/log,AVAILABLE}
2019-11-14 17:36:41,697 [main] INFO  handler.ContextHandler (ContextHandler.java:doStart(781)) - Started o.e.j.s.ServletContextHandler@4c1d59cd{/static,jar:file:/home/user/.m2/repository/org/apache/hadoop/hadoop-hdds-container-service/0.5.0-SNAPSHOT/hadoop-hdds-container-service-0.5.0-SNAPSHOT.jar!/webapps/static,AVAILABLE}
2019-11-14 17:36:41,726 [main] INFO  handler.ContextHandler (ContextHandler.java:doStart(781)) - Started o.e.j.w.WebAppContext@1c52552f{/,file:///tmp/jetty-0.0.0.0-45357-hddsDatanode-_-any-6464622234130749622.dir/webapp/,AVAILABLE}{/hddsDatanode}
2019-11-14 17:36:41,727 [main] INFO  server.AbstractConnector (AbstractConnector.java:doStart(278)) - Started ServerConnector@5dc769f9{HTTP/1.1,[http/1.1]}{0.0.0.0:45357}
2019-11-14 17:36:41,730 [main] INFO  server.Server (Server.java:doStart(419)) - Started @60766ms
2019-11-14 17:36:41,730 [main] WARN  impl.MetricsSystemImpl (MetricsSystemImpl.java:register(276)) - Sink prometheus already exists!
2019-11-14 17:36:41,731 [main] INFO  server.BaseHttpServer (BaseHttpServer.java:updateConnectorAddress(215)) - HTTP server of HDDSDATANODE is listening at http://0.0.0.0:45357
2019-11-14 17:36:41,732 [main] INFO  impl.MetricsSystemImpl (MetricsSystemImpl.java:init(158)) - HddsDatanode metrics system started (again)
2019-11-14 17:36:41,736 [org.apache.hadoop.util.JvmPauseMonitor$Monitor@784db7] INFO  util.JvmPauseMonitor (JvmPauseMonitor.java:run(188)) - Starting JVM pause monitor
2019-11-14 17:36:41,738 [main] INFO  ozone.HddsDatanodeService (HddsDatanodeService.java:start(186)) - HddsDatanodeService host:pr-hdds-2482-j87dr-2776293630 ip:192.168.157.194
2019-11-14 17:36:41,738 [Datanode State Machine Thread - 0] INFO  datanode.InitDatanodeState (InitDatanodeState.java:persistContainerDatanodeDetails(140)) - DatanodeDetails is persisted to /workdir/hadoop-ozone/integration-test/target/test-dir/MiniOzoneClusterImpl-22bbe08b-7feb-4e26-8434-b505ec12d921/datanode-8/meta/datanode.id
2019-11-14 17:36:41,745 [main] INFO  volume.HddsVolume (HddsVolume.java:<init>(176)) - Creating Volume: /workdir/hadoop-ozone/integration-test/target/test-dir/MiniOzoneClusterImpl-22bbe08b-7feb-4e26-8434-b505ec12d921/datanode-9/data/containers/hdds of  storage type : DISK and capacity : 1482555576320
2019-11-14 17:36:41,746 [main] INFO  volume.VolumeSet (VolumeSet.java:initializeVolumeSet(170)) - Added Volume : /workdir/hadoop-ozone/integration-test/target/test-dir/MiniOzoneClusterImpl-22bbe08b-7feb-4e26-8434-b505ec12d921/datanode-9/data/containers/hdds to VolumeSet
2019-11-14 17:36:41,746 [main] INFO  volume.ThrottledAsyncChecker (ThrottledAsyncChecker.java:schedule(141)) - Scheduling a check for /workdir/hadoop-ozone/integration-test/target/test-dir/MiniOzoneClusterImpl-22bbe08b-7feb-4e26-8434-b505ec12d921/datanode-9/data/containers/hdds
2019-11-14 17:36:41,746 [main] INFO  volume.HddsVolumeChecker (HddsVolumeChecker.java:checkAllVolumes(204)) - Scheduled health check for volume /workdir/hadoop-ozone/integration-test/target/test-dir/MiniOzoneClusterImpl-22bbe08b-7feb-4e26-8434-b505ec12d921/datanode-9/data/containers/hdds
2019-11-14 17:36:41,761 [main] INFO  impl.RaftServerProxy (ConfUtils.java:logGet(43)) - raft.rpc.type = GRPC (default)
2019-11-14 17:36:41,761 [main] INFO  grpc.GrpcFactory (GrpcFactory.java:checkPooledByteBufAllocatorUseCacheForAllThreads(45)) - PERFORMANCE WARNING: useCacheForAllThreads is true that may cause Netty to create a lot garbage objects and, as a result, trigger GC.
	It is recommended to disable useCacheForAllThreads by setting -Dorg.apache.ratis.thirdparty.io.netty.allocator.useCacheForAllThreads=false in command line.
2019-11-14 17:36:41,761 [main] INFO  grpc.GrpcConfigKeys$Server (ConfUtils.java:logGet(43)) - raft.grpc.server.port = 0 (default)
2019-11-14 17:36:41,762 [main] INFO  server.GrpcService (ConfUtils.java:logGet(43)) - raft.grpc.message.size.max = 33570816 (custom)
2019-11-14 17:36:41,762 [main] INFO  server.RaftServerConfigKeys (ConfUtils.java:logGet(43)) - raft.server.log.appender.buffer.byte-limit = 33554432 (custom)
2019-11-14 17:36:41,762 [main] INFO  server.GrpcService (ConfUtils.java:logGet(43)) - raft.grpc.flow.control.window = 1MB (=1048576) (default)
2019-11-14 17:36:41,762 [main] INFO  server.RaftServerConfigKeys (ConfUtils.java:logGet(43)) - raft.server.rpc.request.timeout = 3000ms (default)
2019-11-14 17:36:41,762 [main] INFO  server.RaftServerConfigKeys (ConfUtils.java:logGet(43)) - raft.server.storage.dir = [/workdir/hadoop-ozone/integration-test/target/test-dir/MiniOzoneClusterImpl-22bbe08b-7feb-4e26-8434-b505ec12d921/datanode-9/data/ratis] (custom)
2019-11-14 17:36:41,764 [main] INFO  hdfs.DFSUtil (DFSUtil.java:httpServerTemplateForNNAndJN(1641)) - Starting Web-server for hddsDatanode at: http://0.0.0.0:0
2019-11-14 17:36:41,765 [main] INFO  server.AuthenticationFilter (AuthenticationFilter.java:constructSecretProvider(240)) - Unable to initialize FileSignerSecretProvider, falling back to use random secrets.
2019-11-14 17:36:41,765 [main] WARN  http.HttpRequestLog (HttpRequestLog.java:getRequestLog(97)) - Jetty request log can only be enabled using Log4j
2019-11-14 17:36:41,766 [main] INFO  http.HttpServer2 (HttpServer2.java:addGlobalFilter(975)) - Added global filter 'safety' (class=org.apache.hadoop.http.HttpServer2$QuotingInputFilter)
2019-11-14 17:36:41,767 [main] INFO  http.HttpServer2 (HttpServer2.java:addFilter(948)) - Added filter static_user_filter (class=org.apache.hadoop.http.lib.StaticUserWebFilter$StaticUserFilter) to context hddsDatanode
2019-11-14 17:36:41,767 [main] INFO  http.HttpServer2 (HttpServer2.java:addFilter(958)) - Added filter static_user_filter (class=org.apache.hadoop.http.lib.StaticUserWebFilter$StaticUserFilter) to context logs
2019-11-14 17:36:41,767 [main] INFO  http.HttpServer2 (HttpServer2.java:addFilter(958)) - Added filter static_user_filter (class=org.apache.hadoop.http.lib.StaticUserWebFilter$StaticUserFilter) to context static
2019-11-14 17:36:41,768 [main] INFO  http.HttpServer2 (HttpServer2.java:bindListener(1191)) - Jetty bound to port 35169
2019-11-14 17:36:41,768 [main] INFO  server.Server (Server.java:doStart(351)) - jetty-9.3.25.v20180904, build timestamp: 2018-09-04T21:11:46Z, git hash: 3ce520221d0240229c862b122d2b06c12a625732
2019-11-14 17:36:41,770 [main] INFO  handler.ContextHandler (ContextHandler.java:doStart(781)) - Started o.e.j.s.ServletContextHandler@2fbe26da{/logs,file:///workdir/hadoop-ozone/integration-test/target/log,AVAILABLE}
2019-11-14 17:36:41,770 [main] INFO  handler.ContextHandler (ContextHandler.java:doStart(781)) - Started o.e.j.s.ServletContextHandler@6963b88c{/static,jar:file:/home/user/.m2/repository/org/apache/hadoop/hadoop-hdds-container-service/0.5.0-SNAPSHOT/hadoop-hdds-container-service-0.5.0-SNAPSHOT.jar!/webapps/static,AVAILABLE}
2019-11-14 17:36:41,801 [main] INFO  handler.ContextHandler (ContextHandler.java:doStart(781)) - Started o.e.j.w.WebAppContext@5a13fcf3{/,file:///tmp/jetty-0.0.0.0-35169-hddsDatanode-_-any-3297650808034889221.dir/webapp/,AVAILABLE}{/hddsDatanode}
2019-11-14 17:36:41,802 [main] INFO  server.AbstractConnector (AbstractConnector.java:doStart(278)) - Started ServerConnector@250b5e5b{HTTP/1.1,[http/1.1]}{0.0.0.0:35169}
2019-11-14 17:36:41,803 [main] INFO  server.Server (Server.java:doStart(419)) - Started @60839ms
2019-11-14 17:36:41,803 [main] WARN  impl.MetricsSystemImpl (MetricsSystemImpl.java:register(276)) - Sink prometheus already exists!
2019-11-14 17:36:41,804 [main] INFO  server.BaseHttpServer (BaseHttpServer.java:updateConnectorAddress(215)) - HTTP server of HDDSDATANODE is listening at http://0.0.0.0:35169
2019-11-14 17:36:41,805 [main] INFO  ozone.MiniOzoneClusterImpl (MiniOzoneClusterImpl.java:lambda$waitForClusterToBeReady$2(171)) - Waiting for cluster to be ready. Got 0 of 10 DN Heartbeats.
2019-11-14 17:36:41,806 [org.apache.hadoop.util.JvmPauseMonitor$Monitor@58f4cdde] INFO  util.JvmPauseMonitor (JvmPauseMonitor.java:run(188)) - Starting JVM pause monitor
2019-11-14 17:36:41,808 [Datanode State Machine Thread - 0] INFO  datanode.InitDatanodeState (InitDatanodeState.java:persistContainerDatanodeDetails(140)) - DatanodeDetails is persisted to /workdir/hadoop-ozone/integration-test/target/test-dir/MiniOzoneClusterImpl-22bbe08b-7feb-4e26-8434-b505ec12d921/datanode-9/meta/datanode.id
2019-11-14 17:36:42,808 [main] INFO  ozone.MiniOzoneClusterImpl (MiniOzoneClusterImpl.java:lambda$waitForClusterToBeReady$2(171)) - Waiting for cluster to be ready. Got 0 of 10 DN Heartbeats.
2019-11-14 17:36:43,171 [Datanode State Machine Thread - 0] INFO  ozoneimpl.OzoneContainer (OzoneContainer.java:start(230)) - Attempting to start container services.
2019-11-14 17:36:43,172 [Datanode State Machine Thread - 0] INFO  ozoneimpl.OzoneContainer (OzoneContainer.java:startContainerScrub(194)) - Background container scanner has been disabled.
2019-11-14 17:36:43,172 [Datanode State Machine Thread - 0] INFO  ratis.XceiverServerRatis (XceiverServerRatis.java:start(421)) - Starting XceiverServerRatis b2e3cdb6-e490-4d5b-a0a3-6f5ff6451210 at port 0
2019-11-14 17:36:43,184 [Datanode State Machine Thread - 0] INFO  impl.RaftServerProxy (RaftServerProxy.java:lambda$start$3(299)) - b2e3cdb6-e490-4d5b-a0a3-6f5ff6451210: start RPC server
2019-11-14 17:36:43,187 [Datanode State Machine Thread - 0] INFO  server.GrpcService (GrpcService.java:startImpl(158)) - b2e3cdb6-e490-4d5b-a0a3-6f5ff6451210: GrpcService started, listening on 0.0.0.0/0.0.0.0:37477
2019-11-14 17:36:43,187 [Datanode State Machine Thread - 0] INFO  ratis.XceiverServerRatis (XceiverServerRatis.java:start(431)) - XceiverServerRatis b2e3cdb6-e490-4d5b-a0a3-6f5ff6451210 is started using port 37477
2019-11-14 17:36:43,188 [Datanode State Machine Thread - 0] INFO  server.XceiverServerGrpc (XceiverServerGrpc.java:start(145)) - XceiverServerGrpc b2e3cdb6-e490-4d5b-a0a3-6f5ff6451210 is started using port 33824
2019-11-14 17:36:43,245 [Datanode State Machine Thread - 0] INFO  ozoneimpl.OzoneContainer (OzoneContainer.java:start(230)) - Attempting to start container services.
2019-11-14 17:36:43,245 [Datanode State Machine Thread - 0] INFO  ozoneimpl.OzoneContainer (OzoneContainer.java:startContainerScrub(194)) - Background container scanner has been disabled.
2019-11-14 17:36:43,245 [Datanode State Machine Thread - 0] INFO  ratis.XceiverServerRatis (XceiverServerRatis.java:start(421)) - Starting XceiverServerRatis f5a4bf5a-4195-495f-81ba-193832aea29d at port 0
2019-11-14 17:36:43,255 [Datanode State Machine Thread - 0] INFO  impl.RaftServerProxy (RaftServerProxy.java:lambda$start$3(299)) - f5a4bf5a-4195-495f-81ba-193832aea29d: start RPC server
2019-11-14 17:36:43,257 [Datanode State Machine Thread - 0] INFO  server.GrpcService (GrpcService.java:startImpl(158)) - f5a4bf5a-4195-495f-81ba-193832aea29d: GrpcService started, listening on 0.0.0.0/0.0.0.0:46851
2019-11-14 17:36:43,257 [Datanode State Machine Thread - 0] INFO  ratis.XceiverServerRatis (XceiverServerRatis.java:start(431)) - XceiverServerRatis f5a4bf5a-4195-495f-81ba-193832aea29d is started using port 46851
2019-11-14 17:36:43,259 [Datanode State Machine Thread - 0] INFO  server.XceiverServerGrpc (XceiverServerGrpc.java:start(145)) - XceiverServerGrpc f5a4bf5a-4195-495f-81ba-193832aea29d is started using port 40334
2019-11-14 17:36:43,339 [Datanode State Machine Thread - 0] INFO  ozoneimpl.OzoneContainer (OzoneContainer.java:start(230)) - Attempting to start container services.
2019-11-14 17:36:43,340 [Datanode State Machine Thread - 0] INFO  ozoneimpl.OzoneContainer (OzoneContainer.java:startContainerScrub(194)) - Background container scanner has been disabled.
2019-11-14 17:36:43,340 [Datanode State Machine Thread - 0] INFO  ratis.XceiverServerRatis (XceiverServerRatis.java:start(421)) - Starting XceiverServerRatis 7dd38d19-97a5-42cf-8254-8fed67def3f2 at port 0
2019-11-14 17:36:43,349 [Datanode State Machine Thread - 0] INFO  impl.RaftServerProxy (RaftServerProxy.java:lambda$start$3(299)) - 7dd38d19-97a5-42cf-8254-8fed67def3f2: start RPC server
2019-11-14 17:36:43,351 [Datanode State Machine Thread - 0] INFO  server.GrpcService (GrpcService.java:startImpl(158)) - 7dd38d19-97a5-42cf-8254-8fed67def3f2: GrpcService started, listening on 0.0.0.0/0.0.0.0:40753
2019-11-14 17:36:43,351 [Datanode State Machine Thread - 0] INFO  ratis.XceiverServerRatis (XceiverServerRatis.java:start(431)) - XceiverServerRatis 7dd38d19-97a5-42cf-8254-8fed67def3f2 is started using port 40753
2019-11-14 17:36:43,353 [Datanode State Machine Thread - 0] INFO  server.XceiverServerGrpc (XceiverServerGrpc.java:start(145)) - XceiverServerGrpc 7dd38d19-97a5-42cf-8254-8fed67def3f2 is started using port 42892
2019-11-14 17:36:43,389 [Datanode State Machine Thread - 0] INFO  ozoneimpl.OzoneContainer (OzoneContainer.java:start(230)) - Attempting to start container services.
2019-11-14 17:36:43,389 [Datanode State Machine Thread - 0] INFO  ozoneimpl.OzoneContainer (OzoneContainer.java:startContainerScrub(194)) - Background container scanner has been disabled.
2019-11-14 17:36:43,390 [Datanode State Machine Thread - 0] INFO  ratis.XceiverServerRatis (XceiverServerRatis.java:start(421)) - Starting XceiverServerRatis 55ab2526-4f89-4bd2-9902-395461fa7031 at port 0
2019-11-14 17:36:43,398 [Datanode State Machine Thread - 0] INFO  impl.RaftServerProxy (RaftServerProxy.java:lambda$start$3(299)) - 55ab2526-4f89-4bd2-9902-395461fa7031: start RPC server
2019-11-14 17:36:43,400 [Datanode State Machine Thread - 0] INFO  server.GrpcService (GrpcService.java:startImpl(158)) - 55ab2526-4f89-4bd2-9902-395461fa7031: GrpcService started, listening on 0.0.0.0/0.0.0.0:41123
2019-11-14 17:36:43,400 [Datanode State Machine Thread - 0] INFO  ratis.XceiverServerRatis (XceiverServerRatis.java:start(431)) - XceiverServerRatis 55ab2526-4f89-4bd2-9902-395461fa7031 is started using port 41123
2019-11-14 17:36:43,401 [Datanode State Machine Thread - 0] INFO  server.XceiverServerGrpc (XceiverServerGrpc.java:start(145)) - XceiverServerGrpc 55ab2526-4f89-4bd2-9902-395461fa7031 is started using port 43080
2019-11-14 17:36:43,465 [Datanode State Machine Thread - 0] INFO  ozoneimpl.OzoneContainer (OzoneContainer.java:start(230)) - Attempting to start container services.
2019-11-14 17:36:43,465 [Datanode State Machine Thread - 0] INFO  ozoneimpl.OzoneContainer (OzoneContainer.java:startContainerScrub(194)) - Background container scanner has been disabled.
2019-11-14 17:36:43,465 [Datanode State Machine Thread - 0] INFO  ratis.XceiverServerRatis (XceiverServerRatis.java:start(421)) - Starting XceiverServerRatis a3b153ef-1e94-4227-8997-77072f34e630 at port 0
2019-11-14 17:36:43,473 [Datanode State Machine Thread - 0] INFO  impl.RaftServerProxy (RaftServerProxy.java:lambda$start$3(299)) - a3b153ef-1e94-4227-8997-77072f34e630: start RPC server
2019-11-14 17:36:43,476 [Datanode State Machine Thread - 0] INFO  server.GrpcService (GrpcService.java:startImpl(158)) - a3b153ef-1e94-4227-8997-77072f34e630: GrpcService started, listening on 0.0.0.0/0.0.0.0:41542
2019-11-14 17:36:43,476 [Datanode State Machine Thread - 0] INFO  ratis.XceiverServerRatis (XceiverServerRatis.java:start(431)) - XceiverServerRatis a3b153ef-1e94-4227-8997-77072f34e630 is started using port 41542
2019-11-14 17:36:43,476 [Datanode State Machine Thread - 0] INFO  server.XceiverServerGrpc (XceiverServerGrpc.java:start(145)) - XceiverServerGrpc a3b153ef-1e94-4227-8997-77072f34e630 is started using port 38992
2019-11-14 17:36:43,540 [Datanode State Machine Thread - 0] INFO  ozoneimpl.OzoneContainer (OzoneContainer.java:start(230)) - Attempting to start container services.
2019-11-14 17:36:43,544 [Datanode State Machine Thread - 0] INFO  ozoneimpl.OzoneContainer (OzoneContainer.java:startContainerScrub(194)) - Background container scanner has been disabled.
2019-11-14 17:36:43,544 [Datanode State Machine Thread - 0] INFO  ratis.XceiverServerRatis (XceiverServerRatis.java:start(421)) - Starting XceiverServerRatis c40a56fe-5273-466a-9f61-79febf43aa6a at port 0
2019-11-14 17:36:43,554 [Datanode State Machine Thread - 0] INFO  impl.RaftServerProxy (RaftServerProxy.java:lambda$start$3(299)) - c40a56fe-5273-466a-9f61-79febf43aa6a: start RPC server
2019-11-14 17:36:43,555 [Datanode State Machine Thread - 0] INFO  server.GrpcService (GrpcService.java:startImpl(158)) - c40a56fe-5273-466a-9f61-79febf43aa6a: GrpcService started, listening on 0.0.0.0/0.0.0.0:45340
2019-11-14 17:36:43,555 [Datanode State Machine Thread - 0] INFO  ratis.XceiverServerRatis (XceiverServerRatis.java:start(431)) - XceiverServerRatis c40a56fe-5273-466a-9f61-79febf43aa6a is started using port 45340
2019-11-14 17:36:43,558 [Datanode State Machine Thread - 0] INFO  server.XceiverServerGrpc (XceiverServerGrpc.java:start(145)) - XceiverServerGrpc c40a56fe-5273-466a-9f61-79febf43aa6a is started using port 34948
2019-11-14 17:36:43,624 [Datanode State Machine Thread - 0] INFO  ozoneimpl.OzoneContainer (OzoneContainer.java:start(230)) - Attempting to start container services.
2019-11-14 17:36:43,624 [Datanode State Machine Thread - 0] INFO  ozoneimpl.OzoneContainer (OzoneContainer.java:startContainerScrub(194)) - Background container scanner has been disabled.
2019-11-14 17:36:43,624 [Datanode State Machine Thread - 0] INFO  ratis.XceiverServerRatis (XceiverServerRatis.java:start(421)) - Starting XceiverServerRatis 0b8c2274-85ff-4b39-8671-ec8be5904baa at port 0
2019-11-14 17:36:43,633 [Datanode State Machine Thread - 0] INFO  impl.RaftServerProxy (RaftServerProxy.java:lambda$start$3(299)) - 0b8c2274-85ff-4b39-8671-ec8be5904baa: start RPC server
2019-11-14 17:36:43,644 [Datanode State Machine Thread - 0] INFO  server.GrpcService (GrpcService.java:startImpl(158)) - 0b8c2274-85ff-4b39-8671-ec8be5904baa: GrpcService started, listening on 0.0.0.0/0.0.0.0:34392
2019-11-14 17:36:43,645 [Datanode State Machine Thread - 0] INFO  ratis.XceiverServerRatis (XceiverServerRatis.java:start(431)) - XceiverServerRatis 0b8c2274-85ff-4b39-8671-ec8be5904baa is started using port 34392
2019-11-14 17:36:43,645 [Datanode State Machine Thread - 0] INFO  server.XceiverServerGrpc (XceiverServerGrpc.java:start(145)) - XceiverServerGrpc 0b8c2274-85ff-4b39-8671-ec8be5904baa is started using port 33494
2019-11-14 17:36:43,691 [Datanode State Machine Thread - 0] INFO  ozoneimpl.OzoneContainer (OzoneContainer.java:start(230)) - Attempting to start container services.
2019-11-14 17:36:43,691 [Datanode State Machine Thread - 0] INFO  ozoneimpl.OzoneContainer (OzoneContainer.java:startContainerScrub(194)) - Background container scanner has been disabled.
2019-11-14 17:36:43,691 [Datanode State Machine Thread - 0] INFO  ratis.XceiverServerRatis (XceiverServerRatis.java:start(421)) - Starting XceiverServerRatis 1f17fae6-ef42-4b5f-b929-258c4df74eb0 at port 0
2019-11-14 17:36:43,701 [Datanode State Machine Thread - 0] INFO  impl.RaftServerProxy (RaftServerProxy.java:lambda$start$3(299)) - 1f17fae6-ef42-4b5f-b929-258c4df74eb0: start RPC server
2019-11-14 17:36:43,702 [Datanode State Machine Thread - 0] INFO  server.GrpcService (GrpcService.java:startImpl(158)) - 1f17fae6-ef42-4b5f-b929-258c4df74eb0: GrpcService started, listening on 0.0.0.0/0.0.0.0:44377
2019-11-14 17:36:43,702 [Datanode State Machine Thread - 0] INFO  ratis.XceiverServerRatis (XceiverServerRatis.java:start(431)) - XceiverServerRatis 1f17fae6-ef42-4b5f-b929-258c4df74eb0 is started using port 44377
2019-11-14 17:36:43,705 [Datanode State Machine Thread - 0] INFO  server.XceiverServerGrpc (XceiverServerGrpc.java:start(145)) - XceiverServerGrpc 1f17fae6-ef42-4b5f-b929-258c4df74eb0 is started using port 42517
2019-11-14 17:36:43,766 [Datanode State Machine Thread - 0] INFO  ozoneimpl.OzoneContainer (OzoneContainer.java:start(230)) - Attempting to start container services.
2019-11-14 17:36:43,766 [Datanode State Machine Thread - 0] INFO  ozoneimpl.OzoneContainer (OzoneContainer.java:startContainerScrub(194)) - Background container scanner has been disabled.
2019-11-14 17:36:43,767 [Datanode State Machine Thread - 0] INFO  ratis.XceiverServerRatis (XceiverServerRatis.java:start(421)) - Starting XceiverServerRatis 5f137831-83b6-4bbd-8817-ab596ad00049 at port 0
2019-11-14 17:36:43,777 [Datanode State Machine Thread - 0] INFO  impl.RaftServerProxy (RaftServerProxy.java:lambda$start$3(299)) - 5f137831-83b6-4bbd-8817-ab596ad00049: start RPC server
2019-11-14 17:36:43,778 [Datanode State Machine Thread - 0] INFO  server.GrpcService (GrpcService.java:startImpl(158)) - 5f137831-83b6-4bbd-8817-ab596ad00049: GrpcService started, listening on 0.0.0.0/0.0.0.0:34259
2019-11-14 17:36:43,778 [Datanode State Machine Thread - 0] INFO  ratis.XceiverServerRatis (XceiverServerRatis.java:start(431)) - XceiverServerRatis 5f137831-83b6-4bbd-8817-ab596ad00049 is started using port 34259
2019-11-14 17:36:43,781 [Datanode State Machine Thread - 0] INFO  server.XceiverServerGrpc (XceiverServerGrpc.java:start(145)) - XceiverServerGrpc 5f137831-83b6-4bbd-8817-ab596ad00049 is started using port 42296
2019-11-14 17:36:43,810 [main] INFO  ozone.MiniOzoneClusterImpl (MiniOzoneClusterImpl.java:lambda$waitForClusterToBeReady$2(171)) - Waiting for cluster to be ready. Got 0 of 10 DN Heartbeats.
2019-11-14 17:36:43,833 [Datanode State Machine Thread - 0] INFO  ozoneimpl.OzoneContainer (OzoneContainer.java:start(230)) - Attempting to start container services.
2019-11-14 17:36:43,833 [Datanode State Machine Thread - 0] INFO  ozoneimpl.OzoneContainer (OzoneContainer.java:startContainerScrub(194)) - Background container scanner has been disabled.
2019-11-14 17:36:43,834 [Datanode State Machine Thread - 0] INFO  ratis.XceiverServerRatis (XceiverServerRatis.java:start(421)) - Starting XceiverServerRatis 785a1b68-bc50-461a-9c66-217454b39c0f at port 0
2019-11-14 17:36:43,842 [Datanode State Machine Thread - 0] INFO  impl.RaftServerProxy (RaftServerProxy.java:lambda$start$3(299)) - 785a1b68-bc50-461a-9c66-217454b39c0f: start RPC server
2019-11-14 17:36:43,842 [Datanode State Machine Thread - 0] INFO  server.GrpcService (GrpcService.java:startImpl(158)) - 785a1b68-bc50-461a-9c66-217454b39c0f: GrpcService started, listening on 0.0.0.0/0.0.0.0:36611
2019-11-14 17:36:43,842 [Datanode State Machine Thread - 0] INFO  ratis.XceiverServerRatis (XceiverServerRatis.java:start(431)) - XceiverServerRatis 785a1b68-bc50-461a-9c66-217454b39c0f is started using port 36611
2019-11-14 17:36:43,852 [Datanode State Machine Thread - 0] INFO  server.XceiverServerGrpc (XceiverServerGrpc.java:start(145)) - XceiverServerGrpc 785a1b68-bc50-461a-9c66-217454b39c0f is started using port 45831
2019-11-14 17:36:44,810 [main] INFO  ozone.MiniOzoneClusterImpl (MiniOzoneClusterImpl.java:lambda$waitForClusterToBeReady$2(171)) - Waiting for cluster to be ready. Got 0 of 10 DN Heartbeats.
2019-11-14 17:36:45,137 [IPC Server handler 6 on 45518] INFO  net.NetworkTopology (NetworkTopologyImpl.java:add(111)) - Added a new node: /rack1/b2e3cdb6-e490-4d5b-a0a3-6f5ff6451210
2019-11-14 17:36:45,139 [IPC Server handler 6 on 45518] INFO  node.SCMNodeManager (SCMNodeManager.java:register(267)) - Registered Data node : b2e3cdb6-e490-4d5b-a0a3-6f5ff6451210{ip: 192.168.157.194, host: pr-hdds-2482-j87dr-2776293630, networkLocation: /rack1, certSerialId: null}
2019-11-14 17:36:45,141 [EventQueue-NodeRegistrationContainerReportForDataNodeSafeModeRule] INFO  safemode.SCMSafeModeManager (DataNodeSafeModeRule.java:process(71)) - SCM in safe mode. 1 DataNodes registered, 1 required.
2019-11-14 17:36:45,143 [EventQueue-NodeRegistrationContainerReportForDataNodeSafeModeRule] INFO  safemode.SCMSafeModeManager (SCMSafeModeManager.java:validateSafeModeExitRules(177)) - ScmSafeModeManager, all rules are successfully validated
2019-11-14 17:36:45,143 [EventQueue-NodeRegistrationContainerReportForDataNodeSafeModeRule] INFO  safemode.SCMSafeModeManager (SCMSafeModeManager.java:exitSafeMode(193)) - SCM exiting safe mode.
2019-11-14 17:36:45,155 [grpc-default-executor-6] INFO  impl.RaftServerProxy (RaftServerProxy.java:addNew(89)) - b2e3cdb6-e490-4d5b-a0a3-6f5ff6451210: addNew group-071D96F78CB2:[b2e3cdb6-e490-4d5b-a0a3-6f5ff6451210:192.168.157.194:37477] returns group-071D96F78CB2:java.util.concurrent.CompletableFuture@71e096aa[Not completed]
2019-11-14 17:36:45,157 [pool-149-thread-1] INFO  impl.RaftServerImpl (RaftServerImpl.java:<init>(98)) - b2e3cdb6-e490-4d5b-a0a3-6f5ff6451210: new RaftServerImpl for group-071D96F78CB2:[b2e3cdb6-e490-4d5b-a0a3-6f5ff6451210:192.168.157.194:37477] with ContainerStateMachine:uninitialized
2019-11-14 17:36:45,158 [pool-149-thread-1] INFO  server.RaftServerConfigKeys (ConfUtils.java:logGet(43)) - raft.server.rpc.timeout.min = 1s (custom)
2019-11-14 17:36:45,158 [pool-149-thread-1] INFO  server.RaftServerConfigKeys (ConfUtils.java:logGet(43)) - raft.server.rpc.timeout.max = 1200ms (custom)
2019-11-14 17:36:45,158 [pool-149-thread-1] INFO  server.RaftServerConfigKeys (ConfUtils.java:logGet(43)) - raft.server.rpcslowness.timeout = 120s (custom)
2019-11-14 17:36:45,158 [pool-149-thread-1] INFO  server.RaftServerConfigKeys (ConfUtils.java:logGet(43)) - raft.server.sleep.deviation.threshold = 300 (default)
2019-11-14 17:36:45,158 [pool-149-thread-1] INFO  server.RaftServerConfigKeys (ConfUtils.java:logGet(43)) - raft.server.log.appender.install.snapshot.enabled = false (custom)
2019-11-14 17:36:45,158 [pool-149-thread-1] INFO  impl.RaftServerImpl (ServerState.java:<init>(103)) - b2e3cdb6-e490-4d5b-a0a3-6f5ff6451210@group-071D96F78CB2: ConfigurationManager, init=-1: [b2e3cdb6-e490-4d5b-a0a3-6f5ff6451210:192.168.157.194:37477], old=null, confs=<EMPTY_MAP>
2019-11-14 17:36:45,159 [pool-149-thread-1] INFO  server.RaftServerConfigKeys (ConfUtils.java:logGet(43)) - raft.server.storage.dir = [/workdir/hadoop-ozone/integration-test/target/test-dir/MiniOzoneClusterImpl-22bbe08b-7feb-4e26-8434-b505ec12d921/datanode-0/data/ratis] (custom)
2019-11-14 17:36:45,159 [pool-149-thread-1] INFO  server.RaftServerConfigKeys (ConfUtils.java:logGet(43)) - raft.server.log.corruption.policy = EXCEPTION (default)
2019-11-14 17:36:45,159 [pool-149-thread-1] INFO  storage.RaftStorageDirectory (RaftStorageDirectory.java:analyzeStorage(246)) - The storage directory /workdir/hadoop-ozone/integration-test/target/test-dir/MiniOzoneClusterImpl-22bbe08b-7feb-4e26-8434-b505ec12d921/datanode-0/data/ratis/757ba0c0-d7a1-4698-9ba1-071d96f78cb2 does not exist. Creating ...
2019-11-14 17:36:45,208 [pool-149-thread-1] INFO  storage.RaftStorageDirectory (RaftStorageDirectory.java:tryLock(328)) - Lock on /workdir/hadoop-ozone/integration-test/target/test-dir/MiniOzoneClusterImpl-22bbe08b-7feb-4e26-8434-b505ec12d921/datanode-0/data/ratis/757ba0c0-d7a1-4698-9ba1-071d96f78cb2/in_use.lock acquired by nodename 10142@pr-hdds-2482-j87dr-2776293630
2019-11-14 17:36:45,220 [IPC Server handler 9 on 45518] INFO  net.NetworkTopology (NetworkTopologyImpl.java:add(111)) - Added a new node: /rack1/f5a4bf5a-4195-495f-81ba-193832aea29d
2019-11-14 17:36:45,220 [IPC Server handler 9 on 45518] INFO  node.SCMNodeManager (SCMNodeManager.java:register(267)) - Registered Data node : f5a4bf5a-4195-495f-81ba-193832aea29d{ip: 192.168.157.194, host: pr-hdds-2482-j87dr-2776293630, networkLocation: /rack1, certSerialId: null}
2019-11-14 17:36:45,235 [pool-149-thread-1] INFO  storage.RaftStorage (RaftStorage.java:format(84)) - Storage directory /workdir/hadoop-ozone/integration-test/target/test-dir/MiniOzoneClusterImpl-22bbe08b-7feb-4e26-8434-b505ec12d921/datanode-0/data/ratis/757ba0c0-d7a1-4698-9ba1-071d96f78cb2 has been successfully formatted.
2019-11-14 17:36:45,235 [pool-149-thread-1] INFO  ratis.ContainerStateMachine (ContainerStateMachine.java:loadSnapshot(223)) - group-071D96F78CB2: The snapshot info is null. Setting the last applied indexto:(t:0, i:~)
2019-11-14 17:36:45,235 [pool-149-thread-1] INFO  server.RaftServerConfigKeys (ConfUtils.java:logGet(43)) - raft.server.notification.no-leader.timeout = 120s (custom)
2019-11-14 17:36:45,235 [pool-149-thread-1] INFO  server.RaftServerConfigKeys (ConfUtils.java:logGet(43)) - raft.server.log.use.memory = false (default)
2019-11-14 17:36:45,236 [pool-149-thread-1] INFO  server.RaftServerConfigKeys (ConfUtils.java:logGet(43)) - raft.server.log.purge.gap = 1000000 (custom)
2019-11-14 17:36:45,236 [pool-149-thread-1] INFO  server.RaftServerConfigKeys (ConfUtils.java:logGet(43)) - raft.server.log.appender.buffer.byte-limit = 33554432 (custom)
2019-11-14 17:36:45,236 [pool-149-thread-1] INFO  server.RaftServerConfigKeys (ConfUtils.java:logGet(43)) - raft.server.log.segment.size.max = 1048576 (custom)
2019-11-14 17:36:45,236 [pool-149-thread-1] WARN  impl.MetricRegistriesImpl (MetricRegistriesImpl.java:lambda$create$1(61)) - First MetricRegistry has been created without registering reporters. You may need to call MetricRegistries.global().addReportRegistration(...) before.
2019-11-14 17:36:45,236 [pool-149-thread-1] INFO  server.RaftServerConfigKeys (ConfUtils.java:logGet(43)) - raft.server.log.segment.cache.num.max = 2 (custom)
2019-11-14 17:36:45,236 [pool-149-thread-1] INFO  segmented.SegmentedRaftLogWorker (SegmentedRaftLogWorker.java:<init>(173)) - new b2e3cdb6-e490-4d5b-a0a3-6f5ff6451210@group-071D96F78CB2-SegmentedRaftLogWorker for RaftStorage:Storage Directory /workdir/hadoop-ozone/integration-test/target/test-dir/MiniOzoneClusterImpl-22bbe08b-7feb-4e26-8434-b505ec12d921/datanode-0/data/ratis/757ba0c0-d7a1-4698-9ba1-071d96f78cb2
2019-11-14 17:36:45,237 [pool-149-thread-1] INFO  server.RaftServerConfigKeys (ConfUtils.java:logGet(43)) - raft.server.log.queue.byte-limit = 2147483647 (custom)
2019-11-14 17:36:45,237 [pool-149-thread-1] INFO  server.RaftServerConfigKeys (ConfUtils.java:logGet(43)) - raft.server.log.queue.element-limit = 1024 (custom)
2019-11-14 17:36:45,237 [pool-149-thread-1] INFO  server.RaftServerConfigKeys (ConfUtils.java:logGet(43)) - raft.server.log.segment.size.max = 1048576 (custom)
2019-11-14 17:36:45,237 [pool-149-thread-1] INFO  server.RaftServerConfigKeys (ConfUtils.java:logGet(43)) - raft.server.log.preallocated.size = 16384 (custom)
2019-11-14 17:36:45,237 [pool-149-thread-1] INFO  server.RaftServerConfigKeys (ConfUtils.java:logGet(43)) - raft.server.log.write.buffer.size = 33554432 (custom)
2019-11-14 17:36:45,237 [pool-149-thread-1] INFO  server.RaftServerConfigKeys (ConfUtils.java:logGet(43)) - raft.server.log.force.sync.num = 128 (default)
2019-11-14 17:36:45,237 [pool-149-thread-1] INFO  server.RaftServerConfigKeys (ConfUtils.java:logGet(43)) - raft.server.log.statemachine.data.sync = true (default)
2019-11-14 17:36:45,237 [pool-149-thread-1] INFO  server.RaftServerConfigKeys (ConfUtils.java:logGet(43)) - raft.server.log.statemachine.data.sync.timeout = 10s (default)
2019-11-14 17:36:45,237 [pool-149-thread-1] INFO  server.RaftServerConfigKeys (ConfUtils.java:logGet(43)) - raft.server.log.statemachine.data.sync.timeout.retry = -1 (default)
2019-11-14 17:36:45,238 [pool-149-thread-1] INFO  server.RaftServerConfigKeys (ConfUtils.java:logGet(43)) - raft.server.log.statemachine.data.caching.enabled = true (custom)
2019-11-14 17:36:45,238 [pool-149-thread-1] INFO  segmented.SegmentedRaftLogWorker (SegmentedRaftLogWorker.java:lambda$new$0(128)) - b2e3cdb6-e490-4d5b-a0a3-6f5ff6451210@group-071D96F78CB2-SegmentedRaftLogWorker: flushIndex: setUnconditionally 0 -> -1
2019-11-14 17:36:45,239 [pool-149-thread-1] INFO  server.RaftServerConfigKeys (ConfUtils.java:logGet(43)) - raft.server.snapshot.auto.trigger.enabled = true (custom)
2019-11-14 17:36:45,239 [pool-149-thread-1] INFO  server.RaftServerConfigKeys (ConfUtils.java:logGet(43)) - raft.server.snapshot.auto.trigger.threshold = 10000 (custom)
2019-11-14 17:36:45,239 [pool-149-thread-1] INFO  server.RaftServerConfigKeys (ConfUtils.java:logGet(43)) - raft.server.snapshot.retention.file.num = 5 (custom)
2019-11-14 17:36:45,239 [pool-149-thread-1] INFO  server.RaftServerConfigKeys (ConfUtils.java:logGet(43)) - raft.server.retrycache.expirytime = 600000ms (custom)
2019-11-14 17:36:45,239 [pool-149-thread-1] WARN  impl.MetricRegistriesImpl (MetricRegistriesImpl.java:lambda$create$1(61)) - First MetricRegistry has been created without registering reporters. You may need to call MetricRegistries.global().addReportRegistration(...) before.
2019-11-14 17:36:45,239 [pool-149-thread-1] WARN  impl.MetricRegistriesImpl (MetricRegistriesImpl.java:lambda$create$1(61)) - First MetricRegistry has been created without registering reporters. You may need to call MetricRegistries.global().addReportRegistration(...) before.
2019-11-14 17:36:45,240 [pool-149-thread-1] INFO  impl.RaftServerImpl (RaftServerImpl.java:start(184)) - b2e3cdb6-e490-4d5b-a0a3-6f5ff6451210@group-071D96F78CB2: start as a follower, conf=-1: [b2e3cdb6-e490-4d5b-a0a3-6f5ff6451210:192.168.157.194:37477], old=null
2019-11-14 17:36:45,240 [pool-149-thread-1] INFO  impl.RaftServerImpl (RaftServerImpl.java:setRole(173)) - b2e3cdb6-e490-4d5b-a0a3-6f5ff6451210@group-071D96F78CB2: changes role from      null to FOLLOWER at term 0 for startAsFollower
2019-11-14 17:36:45,240 [pool-149-thread-1] INFO  impl.RoleInfo (RoleInfo.java:updateAndGet(143)) - b2e3cdb6-e490-4d5b-a0a3-6f5ff6451210: start FollowerState
2019-11-14 17:36:45,241 [pool-149-thread-1] INFO  util.JmxRegister (JmxRegister.java:tryRegister(44)) - Successfully registered JMX Bean with object name Ratis:service=RaftServer,group=group-071D96F78CB2,id=b2e3cdb6-e490-4d5b-a0a3-6f5ff6451210
2019-11-14 17:36:45,241 [pool-149-thread-1] WARN  impl.MetricRegistriesImpl (MetricRegistriesImpl.java:lambda$create$1(61)) - First MetricRegistry has been created without registering reporters. You may need to call MetricRegistries.global().addReportRegistration(...) before.
2019-11-14 17:36:45,245 [RatisPipelineUtilsThread] INFO  pipeline.PipelineStateManager (PipelineStateManager.java:addPipeline(55)) - Created pipeline Pipeline[ Id: 757ba0c0-d7a1-4698-9ba1-071d96f78cb2, Nodes: b2e3cdb6-e490-4d5b-a0a3-6f5ff6451210{ip: 192.168.157.194, host: pr-hdds-2482-j87dr-2776293630, networkLocation: /rack1, certSerialId: null}, Type:RATIS, Factor:ONE, State:ALLOCATED]
2019-11-14 17:36:45,253 [grpc-default-executor-6] INFO  impl.RaftServerProxy (RaftServerProxy.java:addNew(89)) - f5a4bf5a-4195-495f-81ba-193832aea29d: addNew group-EFFA0052EC66:[f5a4bf5a-4195-495f-81ba-193832aea29d:192.168.157.194:46851] returns group-EFFA0052EC66:java.util.concurrent.CompletableFuture@4b9347d4[Not completed]
2019-11-14 17:36:45,255 [pool-159-thread-1] INFO  impl.RaftServerImpl (RaftServerImpl.java:<init>(98)) - f5a4bf5a-4195-495f-81ba-193832aea29d: new RaftServerImpl for group-EFFA0052EC66:[f5a4bf5a-4195-495f-81ba-193832aea29d:192.168.157.194:46851] with ContainerStateMachine:uninitialized
2019-11-14 17:36:45,255 [pool-159-thread-1] INFO  server.RaftServerConfigKeys (ConfUtils.java:logGet(43)) - raft.server.rpc.timeout.min = 1s (custom)
2019-11-14 17:36:45,255 [pool-159-thread-1] INFO  server.RaftServerConfigKeys (ConfUtils.java:logGet(43)) - raft.server.rpc.timeout.max = 1200ms (custom)
2019-11-14 17:36:45,255 [pool-159-thread-1] INFO  server.RaftServerConfigKeys (ConfUtils.java:logGet(43)) - raft.server.rpcslowness.timeout = 120s (custom)
2019-11-14 17:36:45,255 [pool-159-thread-1] INFO  server.RaftServerConfigKeys (ConfUtils.java:logGet(43)) - raft.server.sleep.deviation.threshold = 300 (default)
2019-11-14 17:36:45,255 [pool-159-thread-1] INFO  server.RaftServerConfigKeys (ConfUtils.java:logGet(43)) - raft.server.log.appender.install.snapshot.enabled = false (custom)
2019-11-14 17:36:45,256 [pool-159-thread-1] INFO  impl.RaftServerImpl (ServerState.java:<init>(103)) - f5a4bf5a-4195-495f-81ba-193832aea29d@group-EFFA0052EC66: ConfigurationManager, init=-1: [f5a4bf5a-4195-495f-81ba-193832aea29d:192.168.157.194:46851], old=null, confs=<EMPTY_MAP>
2019-11-14 17:36:45,256 [pool-159-thread-1] INFO  server.RaftServerConfigKeys (ConfUtils.java:logGet(43)) - raft.server.storage.dir = [/workdir/hadoop-ozone/integration-test/target/test-dir/MiniOzoneClusterImpl-22bbe08b-7feb-4e26-8434-b505ec12d921/datanode-1/data/ratis] (custom)
2019-11-14 17:36:45,256 [pool-159-thread-1] INFO  server.RaftServerConfigKeys (ConfUtils.java:logGet(43)) - raft.server.log.corruption.policy = EXCEPTION (default)
2019-11-14 17:36:45,257 [pool-159-thread-1] INFO  storage.RaftStorageDirectory (RaftStorageDirectory.java:analyzeStorage(246)) - The storage directory /workdir/hadoop-ozone/integration-test/target/test-dir/MiniOzoneClusterImpl-22bbe08b-7feb-4e26-8434-b505ec12d921/datanode-1/data/ratis/1b9cd0ed-4681-49d7-a81a-effa0052ec66 does not exist. Creating ...
2019-11-14 17:36:45,285 [pool-159-thread-1] INFO  storage.RaftStorageDirectory (RaftStorageDirectory.java:tryLock(328)) - Lock on /workdir/hadoop-ozone/integration-test/target/test-dir/MiniOzoneClusterImpl-22bbe08b-7feb-4e26-8434-b505ec12d921/datanode-1/data/ratis/1b9cd0ed-4681-49d7-a81a-effa0052ec66/in_use.lock acquired by nodename 10142@pr-hdds-2482-j87dr-2776293630
2019-11-14 17:36:45,302 [IPC Server handler 0 on 45518] INFO  net.NetworkTopology (NetworkTopologyImpl.java:add(111)) - Added a new node: /rack1/7dd38d19-97a5-42cf-8254-8fed67def3f2
2019-11-14 17:36:45,302 [pool-159-thread-1] INFO  storage.RaftStorage (RaftStorage.java:format(84)) - Storage directory /workdir/hadoop-ozone/integration-test/target/test-dir/MiniOzoneClusterImpl-22bbe08b-7feb-4e26-8434-b505ec12d921/datanode-1/data/ratis/1b9cd0ed-4681-49d7-a81a-effa0052ec66 has been successfully formatted.
2019-11-14 17:36:45,302 [IPC Server handler 0 on 45518] INFO  node.SCMNodeManager (SCMNodeManager.java:register(267)) - Registered Data node : 7dd38d19-97a5-42cf-8254-8fed67def3f2{ip: 192.168.157.194, host: pr-hdds-2482-j87dr-2776293630, networkLocation: /rack1, certSerialId: null}
2019-11-14 17:36:45,303 [pool-159-thread-1] INFO  ratis.ContainerStateMachine (ContainerStateMachine.java:loadSnapshot(223)) - group-EFFA0052EC66: The snapshot info is null. Setting the last applied indexto:(t:0, i:~)
2019-11-14 17:36:45,303 [pool-159-thread-1] INFO  server.RaftServerConfigKeys (ConfUtils.java:logGet(43)) - raft.server.notification.no-leader.timeout = 120s (custom)
2019-11-14 17:36:45,303 [pool-159-thread-1] INFO  server.RaftServerConfigKeys (ConfUtils.java:logGet(43)) - raft.server.log.use.memory = false (default)
2019-11-14 17:36:45,303 [pool-159-thread-1] INFO  server.RaftServerConfigKeys (ConfUtils.java:logGet(43)) - raft.server.log.purge.gap = 1000000 (custom)
2019-11-14 17:36:45,303 [pool-159-thread-1] INFO  server.RaftServerConfigKeys (ConfUtils.java:logGet(43)) - raft.server.log.appender.buffer.byte-limit = 33554432 (custom)
2019-11-14 17:36:45,303 [pool-159-thread-1] INFO  server.RaftServerConfigKeys (ConfUtils.java:logGet(43)) - raft.server.log.segment.size.max = 1048576 (custom)
2019-11-14 17:36:45,303 [pool-159-thread-1] WARN  impl.MetricRegistriesImpl (MetricRegistriesImpl.java:lambda$create$1(61)) - First MetricRegistry has been created without registering reporters. You may need to call MetricRegistries.global().addReportRegistration(...) before.
2019-11-14 17:36:45,304 [pool-159-thread-1] INFO  server.RaftServerConfigKeys (ConfUtils.java:logGet(43)) - raft.server.log.segment.cache.num.max = 2 (custom)
2019-11-14 17:36:45,304 [pool-159-thread-1] INFO  segmented.SegmentedRaftLogWorker (SegmentedRaftLogWorker.java:<init>(173)) - new f5a4bf5a-4195-495f-81ba-193832aea29d@group-EFFA0052EC66-SegmentedRaftLogWorker for RaftStorage:Storage Directory /workdir/hadoop-ozone/integration-test/target/test-dir/MiniOzoneClusterImpl-22bbe08b-7feb-4e26-8434-b505ec12d921/datanode-1/data/ratis/1b9cd0ed-4681-49d7-a81a-effa0052ec66
2019-11-14 17:36:45,304 [pool-159-thread-1] INFO  server.RaftServerConfigKeys (ConfUtils.java:logGet(43)) - raft.server.log.queue.byte-limit = 2147483647 (custom)
2019-11-14 17:36:45,304 [pool-159-thread-1] INFO  server.RaftServerConfigKeys (ConfUtils.java:logGet(43)) - raft.server.log.queue.element-limit = 1024 (custom)
2019-11-14 17:36:45,304 [pool-159-thread-1] INFO  server.RaftServerConfigKeys (ConfUtils.java:logGet(43)) - raft.server.log.segment.size.max = 1048576 (custom)
2019-11-14 17:36:45,304 [pool-159-thread-1] INFO  server.RaftServerConfigKeys (ConfUtils.java:logGet(43)) - raft.server.log.preallocated.size = 16384 (custom)
2019-11-14 17:36:45,304 [pool-159-thread-1] INFO  server.RaftServerConfigKeys (ConfUtils.java:logGet(43)) - raft.server.log.write.buffer.size = 33554432 (custom)
2019-11-14 17:36:45,304 [pool-159-thread-1] INFO  server.RaftServerConfigKeys (ConfUtils.java:logGet(43)) - raft.server.log.force.sync.num = 128 (default)
2019-11-14 17:36:45,305 [pool-159-thread-1] INFO  server.RaftServerConfigKeys (ConfUtils.java:logGet(43)) - raft.server.log.statemachine.data.sync = true (default)
2019-11-14 17:36:45,305 [pool-159-thread-1] INFO  server.RaftServerConfigKeys (ConfUtils.java:logGet(43)) - raft.server.log.statemachine.data.sync.timeout = 10s (default)
2019-11-14 17:36:45,305 [pool-159-thread-1] INFO  server.RaftServerConfigKeys (ConfUtils.java:logGet(43)) - raft.server.log.statemachine.data.sync.timeout.retry = -1 (default)
2019-11-14 17:36:45,305 [pool-159-thread-1] INFO  server.RaftServerConfigKeys (ConfUtils.java:logGet(43)) - raft.server.log.statemachine.data.caching.enabled = true (custom)
2019-11-14 17:36:45,305 [pool-159-thread-1] INFO  segmented.SegmentedRaftLogWorker (SegmentedRaftLogWorker.java:lambda$new$0(128)) - f5a4bf5a-4195-495f-81ba-193832aea29d@group-EFFA0052EC66-SegmentedRaftLogWorker: flushIndex: setUnconditionally 0 -> -1
2019-11-14 17:36:45,306 [pool-159-thread-1] INFO  server.RaftServerConfigKeys (ConfUtils.java:logGet(43)) - raft.server.snapshot.auto.trigger.enabled = true (custom)
2019-11-14 17:36:45,306 [pool-159-thread-1] INFO  server.RaftServerConfigKeys (ConfUtils.java:logGet(43)) - raft.server.snapshot.auto.trigger.threshold = 10000 (custom)
2019-11-14 17:36:45,306 [pool-159-thread-1] INFO  server.RaftServerConfigKeys (ConfUtils.java:logGet(43)) - raft.server.snapshot.retention.file.num = 5 (custom)
2019-11-14 17:36:45,306 [pool-159-thread-1] INFO  server.RaftServerConfigKeys (ConfUtils.java:logGet(43)) - raft.server.retrycache.expirytime = 600000ms (custom)
2019-11-14 17:36:45,306 [pool-159-thread-1] WARN  impl.MetricRegistriesImpl (MetricRegistriesImpl.java:lambda$create$1(61)) - First MetricRegistry has been created without registering reporters. You may need to call MetricRegistries.global().addReportRegistration(...) before.
2019-11-14 17:36:45,307 [pool-159-thread-1] WARN  impl.MetricRegistriesImpl (MetricRegistriesImpl.java:lambda$create$1(61)) - First MetricRegistry has been created without registering reporters. You may need to call MetricRegistries.global().addReportRegistration(...) before.
2019-11-14 17:36:45,307 [pool-159-thread-1] INFO  impl.RaftServerImpl (RaftServerImpl.java:start(184)) - f5a4bf5a-4195-495f-81ba-193832aea29d@group-EFFA0052EC66: start as a follower, conf=-1: [f5a4bf5a-4195-495f-81ba-193832aea29d:192.168.157.194:46851], old=null
2019-11-14 17:36:45,307 [pool-159-thread-1] INFO  impl.RaftServerImpl (RaftServerImpl.java:setRole(173)) - f5a4bf5a-4195-495f-81ba-193832aea29d@group-EFFA0052EC66: changes role from      null to FOLLOWER at term 0 for startAsFollower
2019-11-14 17:36:45,307 [pool-159-thread-1] INFO  impl.RoleInfo (RoleInfo.java:updateAndGet(143)) - f5a4bf5a-4195-495f-81ba-193832aea29d: start FollowerState
2019-11-14 17:36:45,308 [pool-159-thread-1] INFO  util.JmxRegister (JmxRegister.java:tryRegister(44)) - Successfully registered JMX Bean with object name Ratis:service=RaftServer,group=group-EFFA0052EC66,id=f5a4bf5a-4195-495f-81ba-193832aea29d
2019-11-14 17:36:45,308 [pool-159-thread-1] WARN  impl.MetricRegistriesImpl (MetricRegistriesImpl.java:lambda$create$1(61)) - First MetricRegistry has been created without registering reporters. You may need to call MetricRegistries.global().addReportRegistration(...) before.
2019-11-14 17:36:45,311 [RatisPipelineUtilsThread] INFO  pipeline.PipelineStateManager (PipelineStateManager.java:addPipeline(55)) - Created pipeline Pipeline[ Id: 1b9cd0ed-4681-49d7-a81a-effa0052ec66, Nodes: f5a4bf5a-4195-495f-81ba-193832aea29d{ip: 192.168.157.194, host: pr-hdds-2482-j87dr-2776293630, networkLocation: /rack1, certSerialId: null}, Type:RATIS, Factor:ONE, State:ALLOCATED]
2019-11-14 17:36:45,318 [grpc-default-executor-6] INFO  impl.RaftServerProxy (RaftServerProxy.java:addNew(89)) - 7dd38d19-97a5-42cf-8254-8fed67def3f2: addNew group-0B30A11A07C5:[7dd38d19-97a5-42cf-8254-8fed67def3f2:192.168.157.194:40753] returns group-0B30A11A07C5:java.util.concurrent.CompletableFuture@645aa4ae[Not completed]
2019-11-14 17:36:45,320 [pool-169-thread-1] INFO  impl.RaftServerImpl (RaftServerImpl.java:<init>(98)) - 7dd38d19-97a5-42cf-8254-8fed67def3f2: new RaftServerImpl for group-0B30A11A07C5:[7dd38d19-97a5-42cf-8254-8fed67def3f2:192.168.157.194:40753] with ContainerStateMachine:uninitialized
2019-11-14 17:36:45,320 [pool-169-thread-1] INFO  server.RaftServerConfigKeys (ConfUtils.java:logGet(43)) - raft.server.rpc.timeout.min = 1s (custom)
2019-11-14 17:36:45,320 [pool-169-thread-1] INFO  server.RaftServerConfigKeys (ConfUtils.java:logGet(43)) - raft.server.rpc.timeout.max = 1200ms (custom)
2019-11-14 17:36:45,320 [pool-169-thread-1] INFO  server.RaftServerConfigKeys (ConfUtils.java:logGet(43)) - raft.server.rpcslowness.timeout = 120s (custom)
2019-11-14 17:36:45,320 [pool-169-thread-1] INFO  server.RaftServerConfigKeys (ConfUtils.java:logGet(43)) - raft.server.sleep.deviation.threshold = 300 (default)
2019-11-14 17:36:45,320 [pool-169-thread-1] INFO  server.RaftServerConfigKeys (ConfUtils.java:logGet(43)) - raft.server.log.appender.install.snapshot.enabled = false (custom)
2019-11-14 17:36:45,320 [pool-169-thread-1] INFO  impl.RaftServerImpl (ServerState.java:<init>(103)) - 7dd38d19-97a5-42cf-8254-8fed67def3f2@group-0B30A11A07C5: ConfigurationManager, init=-1: [7dd38d19-97a5-42cf-8254-8fed67def3f2:192.168.157.194:40753], old=null, confs=<EMPTY_MAP>
2019-11-14 17:36:45,321 [pool-169-thread-1] INFO  server.RaftServerConfigKeys (ConfUtils.java:logGet(43)) - raft.server.storage.dir = [/workdir/hadoop-ozone/integration-test/target/test-dir/MiniOzoneClusterImpl-22bbe08b-7feb-4e26-8434-b505ec12d921/datanode-2/data/ratis] (custom)
2019-11-14 17:36:45,321 [pool-169-thread-1] INFO  server.RaftServerConfigKeys (ConfUtils.java:logGet(43)) - raft.server.log.corruption.policy = EXCEPTION (default)
2019-11-14 17:36:45,321 [pool-169-thread-1] INFO  storage.RaftStorageDirectory (RaftStorageDirectory.java:analyzeStorage(246)) - The storage directory /workdir/hadoop-ozone/integration-test/target/test-dir/MiniOzoneClusterImpl-22bbe08b-7feb-4e26-8434-b505ec12d921/datanode-2/data/ratis/7d3af78f-0327-4b8a-a509-0b30a11a07c5 does not exist. Creating ...
2019-11-14 17:36:45,336 [pool-169-thread-1] INFO  storage.RaftStorageDirectory (RaftStorageDirectory.java:tryLock(328)) - Lock on /workdir/hadoop-ozone/integration-test/target/test-dir/MiniOzoneClusterImpl-22bbe08b-7feb-4e26-8434-b505ec12d921/datanode-2/data/ratis/7d3af78f-0327-4b8a-a509-0b30a11a07c5/in_use.lock acquired by nodename 10142@pr-hdds-2482-j87dr-2776293630
2019-11-14 17:36:45,353 [pool-169-thread-1] INFO  storage.RaftStorage (RaftStorage.java:format(84)) - Storage directory /workdir/hadoop-ozone/integration-test/target/test-dir/MiniOzoneClusterImpl-22bbe08b-7feb-4e26-8434-b505ec12d921/datanode-2/data/ratis/7d3af78f-0327-4b8a-a509-0b30a11a07c5 has been successfully formatted.
2019-11-14 17:36:45,353 [pool-169-thread-1] INFO  ratis.ContainerStateMachine (ContainerStateMachine.java:loadSnapshot(223)) - group-0B30A11A07C5: The snapshot info is null. Setting the last applied indexto:(t:0, i:~)
2019-11-14 17:36:45,353 [pool-169-thread-1] INFO  server.RaftServerConfigKeys (ConfUtils.java:logGet(43)) - raft.server.notification.no-leader.timeout = 120s (custom)
2019-11-14 17:36:45,353 [pool-169-thread-1] INFO  server.RaftServerConfigKeys (ConfUtils.java:logGet(43)) - raft.server.log.use.memory = false (default)
2019-11-14 17:36:45,354 [pool-169-thread-1] INFO  server.RaftServerConfigKeys (ConfUtils.java:logGet(43)) - raft.server.log.purge.gap = 1000000 (custom)
2019-11-14 17:36:45,354 [pool-169-thread-1] INFO  server.RaftServerConfigKeys (ConfUtils.java:logGet(43)) - raft.server.log.appender.buffer.byte-limit = 33554432 (custom)
2019-11-14 17:36:45,354 [pool-169-thread-1] INFO  server.RaftServerConfigKeys (ConfUtils.java:logGet(43)) - raft.server.log.segment.size.max = 1048576 (custom)
2019-11-14 17:36:45,354 [pool-169-thread-1] WARN  impl.MetricRegistriesImpl (MetricRegistriesImpl.java:lambda$create$1(61)) - First MetricRegistry has been created without registering reporters. You may need to call MetricRegistries.global().addReportRegistration(...) before.
2019-11-14 17:36:45,354 [pool-169-thread-1] INFO  server.RaftServerConfigKeys (ConfUtils.java:logGet(43)) - raft.server.log.segment.cache.num.max = 2 (custom)
2019-11-14 17:36:45,354 [pool-169-thread-1] INFO  segmented.SegmentedRaftLogWorker (SegmentedRaftLogWorker.java:<init>(173)) - new 7dd38d19-97a5-42cf-8254-8fed67def3f2@group-0B30A11A07C5-SegmentedRaftLogWorker for RaftStorage:Storage Directory /workdir/hadoop-ozone/integration-test/target/test-dir/MiniOzoneClusterImpl-22bbe08b-7feb-4e26-8434-b505ec12d921/datanode-2/data/ratis/7d3af78f-0327-4b8a-a509-0b30a11a07c5
2019-11-14 17:36:45,354 [pool-169-thread-1] INFO  server.RaftServerConfigKeys (ConfUtils.java:logGet(43)) - raft.server.log.queue.byte-limit = 2147483647 (custom)
2019-11-14 17:36:45,355 [pool-169-thread-1] INFO  server.RaftServerConfigKeys (ConfUtils.java:logGet(43)) - raft.server.log.queue.element-limit = 1024 (custom)
2019-11-14 17:36:45,355 [pool-169-thread-1] INFO  server.RaftServerConfigKeys (ConfUtils.java:logGet(43)) - raft.server.log.segment.size.max = 1048576 (custom)
2019-11-14 17:36:45,355 [pool-169-thread-1] INFO  server.RaftServerConfigKeys (ConfUtils.java:logGet(43)) - raft.server.log.preallocated.size = 16384 (custom)
2019-11-14 17:36:45,355 [pool-169-thread-1] INFO  server.RaftServerConfigKeys (ConfUtils.java:logGet(43)) - raft.server.log.write.buffer.size = 33554432 (custom)
2019-11-14 17:36:45,355 [pool-169-thread-1] INFO  server.RaftServerConfigKeys (ConfUtils.java:logGet(43)) - raft.server.log.force.sync.num = 128 (default)
2019-11-14 17:36:45,355 [pool-169-thread-1] INFO  server.RaftServerConfigKeys (ConfUtils.java:logGet(43)) - raft.server.log.statemachine.data.sync = true (default)
2019-11-14 17:36:45,355 [pool-169-thread-1] INFO  server.RaftServerConfigKeys (ConfUtils.java:logGet(43)) - raft.server.log.statemachine.data.sync.timeout = 10s (default)
2019-11-14 17:36:45,355 [pool-169-thread-1] INFO  server.RaftServerConfigKeys (ConfUtils.java:logGet(43)) - raft.server.log.statemachine.data.sync.timeout.retry = -1 (default)
2019-11-14 17:36:45,356 [pool-169-thread-1] INFO  server.RaftServerConfigKeys (ConfUtils.java:logGet(43)) - raft.server.log.statemachine.data.caching.enabled = true (custom)
2019-11-14 17:36:45,356 [pool-169-thread-1] INFO  segmented.SegmentedRaftLogWorker (SegmentedRaftLogWorker.java:lambda$new$0(128)) - 7dd38d19-97a5-42cf-8254-8fed67def3f2@group-0B30A11A07C5-SegmentedRaftLogWorker: flushIndex: setUnconditionally 0 -> -1
2019-11-14 17:36:45,356 [pool-169-thread-1] INFO  server.RaftServerConfigKeys (ConfUtils.java:logGet(43)) - raft.server.snapshot.auto.trigger.enabled = true (custom)
2019-11-14 17:36:45,356 [pool-169-thread-1] INFO  server.RaftServerConfigKeys (ConfUtils.java:logGet(43)) - raft.server.snapshot.auto.trigger.threshold = 10000 (custom)
2019-11-14 17:36:45,356 [pool-169-thread-1] INFO  server.RaftServerConfigKeys (ConfUtils.java:logGet(43)) - raft.server.snapshot.retention.file.num = 5 (custom)
2019-11-14 17:36:45,357 [pool-169-thread-1] INFO  server.RaftServerConfigKeys (ConfUtils.java:logGet(43)) - raft.server.retrycache.expirytime = 600000ms (custom)
2019-11-14 17:36:45,357 [pool-169-thread-1] WARN  impl.MetricRegistriesImpl (MetricRegistriesImpl.java:lambda$create$1(61)) - First MetricRegistry has been created without registering reporters. You may need to call MetricRegistries.global().addReportRegistration(...) before.
2019-11-14 17:36:45,357 [pool-169-thread-1] WARN  impl.MetricRegistriesImpl (MetricRegistriesImpl.java:lambda$create$1(61)) - First MetricRegistry has been created without registering reporters. You may need to call MetricRegistries.global().addReportRegistration(...) before.
2019-11-14 17:36:45,357 [pool-169-thread-1] INFO  impl.RaftServerImpl (RaftServerImpl.java:start(184)) - 7dd38d19-97a5-42cf-8254-8fed67def3f2@group-0B30A11A07C5: start as a follower, conf=-1: [7dd38d19-97a5-42cf-8254-8fed67def3f2:192.168.157.194:40753], old=null
2019-11-14 17:36:45,357 [pool-169-thread-1] INFO  impl.RaftServerImpl (RaftServerImpl.java:setRole(173)) - 7dd38d19-97a5-42cf-8254-8fed67def3f2@group-0B30A11A07C5: changes role from      null to FOLLOWER at term 0 for startAsFollower
2019-11-14 17:36:45,357 [pool-169-thread-1] INFO  impl.RoleInfo (RoleInfo.java:updateAndGet(143)) - 7dd38d19-97a5-42cf-8254-8fed67def3f2: start FollowerState
2019-11-14 17:36:45,358 [pool-169-thread-1] INFO  util.JmxRegister (JmxRegister.java:tryRegister(44)) - Successfully registered JMX Bean with object name Ratis:service=RaftServer,group=group-0B30A11A07C5,id=7dd38d19-97a5-42cf-8254-8fed67def3f2
2019-11-14 17:36:45,358 [pool-169-thread-1] WARN  impl.MetricRegistriesImpl (MetricRegistriesImpl.java:lambda$create$1(61)) - First MetricRegistry has been created without registering reporters. You may need to call MetricRegistries.global().addReportRegistration(...) before.
2019-11-14 17:36:45,361 [RatisPipelineUtilsThread] INFO  pipeline.PipelineStateManager (PipelineStateManager.java:addPipeline(55)) - Created pipeline Pipeline[ Id: 7d3af78f-0327-4b8a-a509-0b30a11a07c5, Nodes: 7dd38d19-97a5-42cf-8254-8fed67def3f2{ip: 192.168.157.194, host: pr-hdds-2482-j87dr-2776293630, networkLocation: /rack1, certSerialId: null}, Type:RATIS, Factor:ONE, State:ALLOCATED]
2019-11-14 17:36:45,370 [IPC Server handler 2 on 45518] INFO  net.NetworkTopology (NetworkTopologyImpl.java:add(111)) - Added a new node: /rack1/55ab2526-4f89-4bd2-9902-395461fa7031
2019-11-14 17:36:45,370 [IPC Server handler 2 on 45518] INFO  node.SCMNodeManager (SCMNodeManager.java:register(267)) - Registered Data node : 55ab2526-4f89-4bd2-9902-395461fa7031{ip: 192.168.157.194, host: pr-hdds-2482-j87dr-2776293630, networkLocation: /rack1, certSerialId: null}
2019-11-14 17:36:45,372 [grpc-default-executor-6] INFO  impl.RaftServerProxy (RaftServerProxy.java:addNew(89)) - f5a4bf5a-4195-495f-81ba-193832aea29d: addNew group-27F0209B9491:[b2e3cdb6-e490-4d5b-a0a3-6f5ff6451210:192.168.157.194:37477, f5a4bf5a-4195-495f-81ba-193832aea29d:192.168.157.194:46851, 7dd38d19-97a5-42cf-8254-8fed67def3f2:192.168.157.194:40753] returns group-27F0209B9491:java.util.concurrent.CompletableFuture@15dba4f5[Not completed]
2019-11-14 17:36:45,372 [grpc-default-executor-2] INFO  impl.RaftServerProxy (RaftServerProxy.java:addNew(89)) - 7dd38d19-97a5-42cf-8254-8fed67def3f2: addNew group-27F0209B9491:[b2e3cdb6-e490-4d5b-a0a3-6f5ff6451210:192.168.157.194:37477, f5a4bf5a-4195-495f-81ba-193832aea29d:192.168.157.194:46851, 7dd38d19-97a5-42cf-8254-8fed67def3f2:192.168.157.194:40753] returns group-27F0209B9491:java.util.concurrent.CompletableFuture@2e6ec635[Not completed]
2019-11-14 17:36:45,372 [grpc-default-executor-3] INFO  impl.RaftServerProxy (RaftServerProxy.java:addNew(89)) - b2e3cdb6-e490-4d5b-a0a3-6f5ff6451210: addNew group-27F0209B9491:[b2e3cdb6-e490-4d5b-a0a3-6f5ff6451210:192.168.157.194:37477, f5a4bf5a-4195-495f-81ba-193832aea29d:192.168.157.194:46851, 7dd38d19-97a5-42cf-8254-8fed67def3f2:192.168.157.194:40753] returns group-27F0209B9491:java.util.concurrent.CompletableFuture@28bd0a1b[Not completed]
2019-11-14 17:36:45,373 [pool-159-thread-1] INFO  impl.RaftServerImpl (RaftServerImpl.java:<init>(98)) - f5a4bf5a-4195-495f-81ba-193832aea29d: new RaftServerImpl for group-27F0209B9491:[b2e3cdb6-e490-4d5b-a0a3-6f5ff6451210:192.168.157.194:37477, f5a4bf5a-4195-495f-81ba-193832aea29d:192.168.157.194:46851, 7dd38d19-97a5-42cf-8254-8fed67def3f2:192.168.157.194:40753] with ContainerStateMachine:uninitialized
2019-11-14 17:36:45,373 [pool-159-thread-1] INFO  server.RaftServerConfigKeys (ConfUtils.java:logGet(43)) - raft.server.rpc.timeout.min = 1s (custom)
2019-11-14 17:36:45,373 [pool-159-thread-1] INFO  server.RaftServerConfigKeys (ConfUtils.java:logGet(43)) - raft.server.rpc.timeout.max = 1200ms (custom)
2019-11-14 17:36:45,373 [pool-159-thread-1] INFO  server.RaftServerConfigKeys (ConfUtils.java:logGet(43)) - raft.server.rpcslowness.timeout = 120s (custom)
2019-11-14 17:36:45,373 [pool-159-thread-1] INFO  server.RaftServerConfigKeys (ConfUtils.java:logGet(43)) - raft.server.sleep.deviation.threshold = 300 (default)
2019-11-14 17:36:45,373 [pool-159-thread-1] INFO  server.RaftServerConfigKeys (ConfUtils.java:logGet(43)) - raft.server.log.appender.install.snapshot.enabled = false (custom)
2019-11-14 17:36:45,373 [pool-159-thread-1] INFO  impl.RaftServerImpl (ServerState.java:<init>(103)) - f5a4bf5a-4195-495f-81ba-193832aea29d@group-27F0209B9491: ConfigurationManager, init=-1: [b2e3cdb6-e490-4d5b-a0a3-6f5ff6451210:192.168.157.194:37477, f5a4bf5a-4195-495f-81ba-193832aea29d:192.168.157.194:46851, 7dd38d19-97a5-42cf-8254-8fed67def3f2:192.168.157.194:40753], old=null, confs=<EMPTY_MAP>
2019-11-14 17:36:45,374 [pool-159-thread-1] INFO  server.RaftServerConfigKeys (ConfUtils.java:logGet(43)) - raft.server.storage.dir = [/workdir/hadoop-ozone/integration-test/target/test-dir/MiniOzoneClusterImpl-22bbe08b-7feb-4e26-8434-b505ec12d921/datanode-1/data/ratis] (custom)
2019-11-14 17:36:45,374 [pool-149-thread-1] INFO  impl.RaftServerImpl (RaftServerImpl.java:<init>(98)) - b2e3cdb6-e490-4d5b-a0a3-6f5ff6451210: new RaftServerImpl for group-27F0209B9491:[b2e3cdb6-e490-4d5b-a0a3-6f5ff6451210:192.168.157.194:37477, f5a4bf5a-4195-495f-81ba-193832aea29d:192.168.157.194:46851, 7dd38d19-97a5-42cf-8254-8fed67def3f2:192.168.157.194:40753] with ContainerStateMachine:uninitialized
2019-11-14 17:36:45,374 [pool-159-thread-1] INFO  server.RaftServerConfigKeys (ConfUtils.java:logGet(43)) - raft.server.log.corruption.policy = EXCEPTION (default)
2019-11-14 17:36:45,374 [pool-149-thread-1] INFO  server.RaftServerConfigKeys (ConfUtils.java:logGet(43)) - raft.server.rpc.timeout.min = 1s (custom)
2019-11-14 17:36:45,374 [pool-159-thread-1] INFO  storage.RaftStorageDirectory (RaftStorageDirectory.java:analyzeStorage(246)) - The storage directory /workdir/hadoop-ozone/integration-test/target/test-dir/MiniOzoneClusterImpl-22bbe08b-7feb-4e26-8434-b505ec12d921/datanode-1/data/ratis/f0db1587-cf63-4918-a034-27f0209b9491 does not exist. Creating ...
2019-11-14 17:36:45,374 [pool-149-thread-1] INFO  server.RaftServerConfigKeys (ConfUtils.java:logGet(43)) - raft.server.rpc.timeout.max = 1200ms (custom)
2019-11-14 17:36:45,374 [pool-149-thread-1] INFO  server.RaftServerConfigKeys (ConfUtils.java:logGet(43)) - raft.server.rpcslowness.timeout = 120s (custom)
2019-11-14 17:36:45,374 [pool-169-thread-1] INFO  impl.RaftServerImpl (RaftServerImpl.java:<init>(98)) - 7dd38d19-97a5-42cf-8254-8fed67def3f2: new RaftServerImpl for group-27F0209B9491:[b2e3cdb6-e490-4d5b-a0a3-6f5ff6451210:192.168.157.194:37477, f5a4bf5a-4195-495f-81ba-193832aea29d:192.168.157.194:46851, 7dd38d19-97a5-42cf-8254-8fed67def3f2:192.168.157.194:40753] with ContainerStateMachine:uninitialized
2019-11-14 17:36:45,374 [pool-149-thread-1] INFO  server.RaftServerConfigKeys (ConfUtils.java:logGet(43)) - raft.server.sleep.deviation.threshold = 300 (default)
2019-11-14 17:36:45,375 [pool-169-thread-1] INFO  server.RaftServerConfigKeys (ConfUtils.java:logGet(43)) - raft.server.rpc.timeout.min = 1s (custom)
2019-11-14 17:36:45,375 [pool-149-thread-1] INFO  server.RaftServerConfigKeys (ConfUtils.java:logGet(43)) - raft.server.log.appender.install.snapshot.enabled = false (custom)
2019-11-14 17:36:45,375 [pool-169-thread-1] INFO  server.RaftServerConfigKeys (ConfUtils.java:logGet(43)) - raft.server.rpc.timeout.max = 1200ms (custom)
2019-11-14 17:36:45,375 [pool-149-thread-1] INFO  impl.RaftServerImpl (ServerState.java:<init>(103)) - b2e3cdb6-e490-4d5b-a0a3-6f5ff6451210@group-27F0209B9491: ConfigurationManager, init=-1: [b2e3cdb6-e490-4d5b-a0a3-6f5ff6451210:192.168.157.194:37477, f5a4bf5a-4195-495f-81ba-193832aea29d:192.168.157.194:46851, 7dd38d19-97a5-42cf-8254-8fed67def3f2:192.168.157.194:40753], old=null, confs=<EMPTY_MAP>
2019-11-14 17:36:45,375 [pool-169-thread-1] INFO  server.RaftServerConfigKeys (ConfUtils.java:logGet(43)) - raft.server.rpcslowness.timeout = 120s (custom)
2019-11-14 17:36:45,375 [pool-149-thread-1] INFO  server.RaftServerConfigKeys (ConfUtils.java:logGet(43)) - raft.server.storage.dir = [/workdir/hadoop-ozone/integration-test/target/test-dir/MiniOzoneClusterImpl-22bbe08b-7feb-4e26-8434-b505ec12d921/datanode-0/data/ratis] (custom)
2019-11-14 17:36:45,375 [pool-169-thread-1] INFO  server.RaftServerConfigKeys (ConfUtils.java:logGet(43)) - raft.server.sleep.deviation.threshold = 300 (default)
2019-11-14 17:36:45,375 [pool-169-thread-1] INFO  server.RaftServerConfigKeys (ConfUtils.java:logGet(43)) - raft.server.log.appender.install.snapshot.enabled = false (custom)
2019-11-14 17:36:45,375 [pool-149-thread-1] INFO  server.RaftServerConfigKeys (ConfUtils.java:logGet(43)) - raft.server.log.corruption.policy = EXCEPTION (default)
2019-11-14 17:36:45,375 [pool-169-thread-1] INFO  impl.RaftServerImpl (ServerState.java:<init>(103)) - 7dd38d19-97a5-42cf-8254-8fed67def3f2@group-27F0209B9491: ConfigurationManager, init=-1: [b2e3cdb6-e490-4d5b-a0a3-6f5ff6451210:192.168.157.194:37477, f5a4bf5a-4195-495f-81ba-193832aea29d:192.168.157.194:46851, 7dd38d19-97a5-42cf-8254-8fed67def3f2:192.168.157.194:40753], old=null, confs=<EMPTY_MAP>
2019-11-14 17:36:45,376 [pool-149-thread-1] INFO  storage.RaftStorageDirectory (RaftStorageDirectory.java:analyzeStorage(246)) - The storage directory /workdir/hadoop-ozone/integration-test/target/test-dir/MiniOzoneClusterImpl-22bbe08b-7feb-4e26-8434-b505ec12d921/datanode-0/data/ratis/f0db1587-cf63-4918-a034-27f0209b9491 does not exist. Creating ...
2019-11-14 17:36:45,376 [pool-169-thread-1] INFO  server.RaftServerConfigKeys (ConfUtils.java:logGet(43)) - raft.server.storage.dir = [/workdir/hadoop-ozone/integration-test/target/test-dir/MiniOzoneClusterImpl-22bbe08b-7feb-4e26-8434-b505ec12d921/datanode-2/data/ratis] (custom)
2019-11-14 17:36:45,376 [pool-169-thread-1] INFO  server.RaftServerConfigKeys (ConfUtils.java:logGet(43)) - raft.server.log.corruption.policy = EXCEPTION (default)
2019-11-14 17:36:45,376 [pool-169-thread-1] INFO  storage.RaftStorageDirectory (RaftStorageDirectory.java:analyzeStorage(246)) - The storage directory /workdir/hadoop-ozone/integration-test/target/test-dir/MiniOzoneClusterImpl-22bbe08b-7feb-4e26-8434-b505ec12d921/datanode-2/data/ratis/f0db1587-cf63-4918-a034-27f0209b9491 does not exist. Creating ...
2019-11-14 17:36:45,387 [pool-159-thread-1] INFO  storage.RaftStorageDirectory (RaftStorageDirectory.java:tryLock(328)) - Lock on /workdir/hadoop-ozone/integration-test/target/test-dir/MiniOzoneClusterImpl-22bbe08b-7feb-4e26-8434-b505ec12d921/datanode-1/data/ratis/f0db1587-cf63-4918-a034-27f0209b9491/in_use.lock acquired by nodename 10142@pr-hdds-2482-j87dr-2776293630
2019-11-14 17:36:45,404 [pool-169-thread-1] INFO  storage.RaftStorageDirectory (RaftStorageDirectory.java:tryLock(328)) - Lock on /workdir/hadoop-ozone/integration-test/target/test-dir/MiniOzoneClusterImpl-22bbe08b-7feb-4e26-8434-b505ec12d921/datanode-2/data/ratis/f0db1587-cf63-4918-a034-27f0209b9491/in_use.lock acquired by nodename 10142@pr-hdds-2482-j87dr-2776293630
2019-11-14 17:36:45,404 [pool-149-thread-1] INFO  storage.RaftStorageDirectory (RaftStorageDirectory.java:tryLock(328)) - Lock on /workdir/hadoop-ozone/integration-test/target/test-dir/MiniOzoneClusterImpl-22bbe08b-7feb-4e26-8434-b505ec12d921/datanode-0/data/ratis/f0db1587-cf63-4918-a034-27f0209b9491/in_use.lock acquired by nodename 10142@pr-hdds-2482-j87dr-2776293630
2019-11-14 17:36:45,416 [pool-149-thread-1] INFO  storage.RaftStorage (RaftStorage.java:format(84)) - Storage directory /workdir/hadoop-ozone/integration-test/target/test-dir/MiniOzoneClusterImpl-22bbe08b-7feb-4e26-8434-b505ec12d921/datanode-0/data/ratis/f0db1587-cf63-4918-a034-27f0209b9491 has been successfully formatted.
2019-11-14 17:36:45,416 [pool-169-thread-1] INFO  storage.RaftStorage (RaftStorage.java:format(84)) - Storage directory /workdir/hadoop-ozone/integration-test/target/test-dir/MiniOzoneClusterImpl-22bbe08b-7feb-4e26-8434-b505ec12d921/datanode-2/data/ratis/f0db1587-cf63-4918-a034-27f0209b9491 has been successfully formatted.
2019-11-14 17:36:45,416 [pool-149-thread-1] INFO  ratis.ContainerStateMachine (ContainerStateMachine.java:loadSnapshot(223)) - group-27F0209B9491: The snapshot info is null. Setting the last applied indexto:(t:0, i:~)
2019-11-14 17:36:45,416 [pool-159-thread-1] INFO  storage.RaftStorage (RaftStorage.java:format(84)) - Storage directory /workdir/hadoop-ozone/integration-test/target/test-dir/MiniOzoneClusterImpl-22bbe08b-7feb-4e26-8434-b505ec12d921/datanode-1/data/ratis/f0db1587-cf63-4918-a034-27f0209b9491 has been successfully formatted.
2019-11-14 17:36:45,416 [pool-169-thread-1] INFO  ratis.ContainerStateMachine (ContainerStateMachine.java:loadSnapshot(223)) - group-27F0209B9491: The snapshot info is null. Setting the last applied indexto:(t:0, i:~)
2019-11-14 17:36:45,416 [pool-149-thread-1] INFO  server.RaftServerConfigKeys (ConfUtils.java:logGet(43)) - raft.server.notification.no-leader.timeout = 120s (custom)
2019-11-14 17:36:45,417 [pool-159-thread-1] INFO  ratis.ContainerStateMachine (ContainerStateMachine.java:loadSnapshot(223)) - group-27F0209B9491: The snapshot info is null. Setting the last applied indexto:(t:0, i:~)
2019-11-14 17:36:45,417 [pool-169-thread-1] INFO  server.RaftServerConfigKeys (ConfUtils.java:logGet(43)) - raft.server.notification.no-leader.timeout = 120s (custom)
2019-11-14 17:36:45,417 [pool-159-thread-1] INFO  server.RaftServerConfigKeys (ConfUtils.java:logGet(43)) - raft.server.notification.no-leader.timeout = 120s (custom)
2019-11-14 17:36:45,417 [pool-149-thread-1] INFO  server.RaftServerConfigKeys (ConfUtils.java:logGet(43)) - raft.server.log.use.memory = false (default)
2019-11-14 17:36:45,417 [pool-159-thread-1] INFO  server.RaftServerConfigKeys (ConfUtils.java:logGet(43)) - raft.server.log.use.memory = false (default)
2019-11-14 17:36:45,417 [pool-169-thread-1] INFO  server.RaftServerConfigKeys (ConfUtils.java:logGet(43)) - raft.server.log.use.memory = false (default)
2019-11-14 17:36:45,417 [pool-159-thread-1] INFO  server.RaftServerConfigKeys (ConfUtils.java:logGet(43)) - raft.server.log.purge.gap = 1000000 (custom)
2019-11-14 17:36:45,417 [pool-149-thread-1] INFO  server.RaftServerConfigKeys (ConfUtils.java:logGet(43)) - raft.server.log.purge.gap = 1000000 (custom)
2019-11-14 17:36:45,417 [pool-159-thread-1] INFO  server.RaftServerConfigKeys (ConfUtils.java:logGet(43)) - raft.server.log.appender.buffer.byte-limit = 33554432 (custom)
2019-11-14 17:36:45,417 [pool-169-thread-1] INFO  server.RaftServerConfigKeys (ConfUtils.java:logGet(43)) - raft.server.log.purge.gap = 1000000 (custom)
2019-11-14 17:36:45,418 [pool-159-thread-1] INFO  server.RaftServerConfigKeys (ConfUtils.java:logGet(43)) - raft.server.log.segment.size.max = 1048576 (custom)
2019-11-14 17:36:45,418 [pool-149-thread-1] INFO  server.RaftServerConfigKeys (ConfUtils.java:logGet(43)) - raft.server.log.appender.buffer.byte-limit = 33554432 (custom)
2019-11-14 17:36:45,418 [pool-159-thread-1] INFO  server.RaftServerConfigKeys (ConfUtils.java:logGet(43)) - raft.server.log.segment.cache.num.max = 2 (custom)
2019-11-14 17:36:45,418 [pool-169-thread-1] INFO  server.RaftServerConfigKeys (ConfUtils.java:logGet(43)) - raft.server.log.appender.buffer.byte-limit = 33554432 (custom)
2019-11-14 17:36:45,418 [pool-159-thread-1] INFO  segmented.SegmentedRaftLogWorker (SegmentedRaftLogWorker.java:<init>(173)) - new f5a4bf5a-4195-495f-81ba-193832aea29d@group-27F0209B9491-SegmentedRaftLogWorker for RaftStorage:Storage Directory /workdir/hadoop-ozone/integration-test/target/test-dir/MiniOzoneClusterImpl-22bbe08b-7feb-4e26-8434-b505ec12d921/datanode-1/data/ratis/f0db1587-cf63-4918-a034-27f0209b9491
2019-11-14 17:36:45,418 [pool-149-thread-1] INFO  server.RaftServerConfigKeys (ConfUtils.java:logGet(43)) - raft.server.log.segment.size.max = 1048576 (custom)
2019-11-14 17:36:45,418 [pool-159-thread-1] INFO  server.RaftServerConfigKeys (ConfUtils.java:logGet(43)) - raft.server.log.queue.byte-limit = 2147483647 (custom)
2019-11-14 17:36:45,418 [pool-169-thread-1] INFO  server.RaftServerConfigKeys (ConfUtils.java:logGet(43)) - raft.server.log.segment.size.max = 1048576 (custom)
2019-11-14 17:36:45,419 [pool-159-thread-1] INFO  server.RaftServerConfigKeys (ConfUtils.java:logGet(43)) - raft.server.log.queue.element-limit = 1024 (custom)
2019-11-14 17:36:45,418 [pool-149-thread-1] INFO  server.RaftServerConfigKeys (ConfUtils.java:logGet(43)) - raft.server.log.segment.cache.num.max = 2 (custom)
2019-11-14 17:36:45,419 [pool-159-thread-1] INFO  server.RaftServerConfigKeys (ConfUtils.java:logGet(43)) - raft.server.log.segment.size.max = 1048576 (custom)
2019-11-14 17:36:45,419 [pool-149-thread-1] INFO  segmented.SegmentedRaftLogWorker (SegmentedRaftLogWorker.java:<init>(173)) - new b2e3cdb6-e490-4d5b-a0a3-6f5ff6451210@group-27F0209B9491-SegmentedRaftLogWorker for RaftStorage:Storage Directory /workdir/hadoop-ozone/integration-test/target/test-dir/MiniOzoneClusterImpl-22bbe08b-7feb-4e26-8434-b505ec12d921/datanode-0/data/ratis/f0db1587-cf63-4918-a034-27f0209b9491
2019-11-14 17:36:45,419 [pool-149-thread-1] INFO  server.RaftServerConfigKeys (ConfUtils.java:logGet(43)) - raft.server.log.queue.byte-limit = 2147483647 (custom)
2019-11-14 17:36:45,419 [pool-169-thread-1] INFO  server.RaftServerConfigKeys (ConfUtils.java:logGet(43)) - raft.server.log.segment.cache.num.max = 2 (custom)
2019-11-14 17:36:45,419 [pool-149-thread-1] INFO  server.RaftServerConfigKeys (ConfUtils.java:logGet(43)) - raft.server.log.queue.element-limit = 1024 (custom)
2019-11-14 17:36:45,419 [pool-159-thread-1] INFO  server.RaftServerConfigKeys (ConfUtils.java:logGet(43)) - raft.server.log.preallocated.size = 16384 (custom)
2019-11-14 17:36:45,419 [pool-149-thread-1] INFO  server.RaftServerConfigKeys (ConfUtils.java:logGet(43)) - raft.server.log.segment.size.max = 1048576 (custom)
2019-11-14 17:36:45,419 [pool-169-thread-1] INFO  segmented.SegmentedRaftLogWorker (SegmentedRaftLogWorker.java:<init>(173)) - new 7dd38d19-97a5-42cf-8254-8fed67def3f2@group-27F0209B9491-SegmentedRaftLogWorker for RaftStorage:Storage Directory /workdir/hadoop-ozone/integration-test/target/test-dir/MiniOzoneClusterImpl-22bbe08b-7feb-4e26-8434-b505ec12d921/datanode-2/data/ratis/f0db1587-cf63-4918-a034-27f0209b9491
2019-11-14 17:36:45,420 [pool-149-thread-1] INFO  server.RaftServerConfigKeys (ConfUtils.java:logGet(43)) - raft.server.log.preallocated.size = 16384 (custom)
2019-11-14 17:36:45,419 [pool-159-thread-1] INFO  server.RaftServerConfigKeys (ConfUtils.java:logGet(43)) - raft.server.log.write.buffer.size = 33554432 (custom)
2019-11-14 17:36:45,420 [pool-149-thread-1] INFO  server.RaftServerConfigKeys (ConfUtils.java:logGet(43)) - raft.server.log.write.buffer.size = 33554432 (custom)
2019-11-14 17:36:45,420 [pool-169-thread-1] INFO  server.RaftServerConfigKeys (ConfUtils.java:logGet(43)) - raft.server.log.queue.byte-limit = 2147483647 (custom)
2019-11-14 17:36:45,420 [pool-149-thread-1] INFO  server.RaftServerConfigKeys (ConfUtils.java:logGet(43)) - raft.server.log.force.sync.num = 128 (default)
2019-11-14 17:36:45,420 [pool-159-thread-1] INFO  server.RaftServerConfigKeys (ConfUtils.java:logGet(43)) - raft.server.log.force.sync.num = 128 (default)
2019-11-14 17:36:45,420 [pool-149-thread-1] INFO  server.RaftServerConfigKeys (ConfUtils.java:logGet(43)) - raft.server.log.statemachine.data.sync = true (default)
2019-11-14 17:36:45,420 [pool-149-thread-1] INFO  server.RaftServerConfigKeys (ConfUtils.java:logGet(43)) - raft.server.log.statemachine.data.sync.timeout = 10s (default)
2019-11-14 17:36:45,420 [pool-169-thread-1] INFO  server.RaftServerConfigKeys (ConfUtils.java:logGet(43)) - raft.server.log.queue.element-limit = 1024 (custom)
2019-11-14 17:36:45,420 [pool-149-thread-1] INFO  server.RaftServerConfigKeys (ConfUtils.java:logGet(43)) - raft.server.log.statemachine.data.sync.timeout.retry = -1 (default)
2019-11-14 17:36:45,420 [pool-159-thread-1] INFO  server.RaftServerConfigKeys (ConfUtils.java:logGet(43)) - raft.server.log.statemachine.data.sync = true (default)
2019-11-14 17:36:45,421 [pool-149-thread-1] INFO  server.RaftServerConfigKeys (ConfUtils.java:logGet(43)) - raft.server.log.statemachine.data.caching.enabled = true (custom)
2019-11-14 17:36:45,420 [pool-169-thread-1] INFO  server.RaftServerConfigKeys (ConfUtils.java:logGet(43)) - raft.server.log.segment.size.max = 1048576 (custom)
2019-11-14 17:36:45,421 [pool-159-thread-1] INFO  server.RaftServerConfigKeys (ConfUtils.java:logGet(43)) - raft.server.log.statemachine.data.sync.timeout = 10s (default)
2019-11-14 17:36:45,421 [pool-169-thread-1] INFO  server.RaftServerConfigKeys (ConfUtils.java:logGet(43)) - raft.server.log.preallocated.size = 16384 (custom)
2019-11-14 17:36:45,421 [pool-149-thread-1] INFO  segmented.SegmentedRaftLogWorker (SegmentedRaftLogWorker.java:lambda$new$0(128)) - b2e3cdb6-e490-4d5b-a0a3-6f5ff6451210@group-27F0209B9491-SegmentedRaftLogWorker: flushIndex: setUnconditionally 0 -> -1
2019-11-14 17:36:45,421 [pool-169-thread-1] INFO  server.RaftServerConfigKeys (ConfUtils.java:logGet(43)) - raft.server.log.write.buffer.size = 33554432 (custom)
2019-11-14 17:36:45,421 [pool-159-thread-1] INFO  server.RaftServerConfigKeys (ConfUtils.java:logGet(43)) - raft.server.log.statemachine.data.sync.timeout.retry = -1 (default)
2019-11-14 17:36:45,421 [pool-149-thread-1] INFO  server.RaftServerConfigKeys (ConfUtils.java:logGet(43)) - raft.server.snapshot.auto.trigger.enabled = true (custom)
2019-11-14 17:36:45,421 [pool-159-thread-1] INFO  server.RaftServerConfigKeys (ConfUtils.java:logGet(43)) - raft.server.log.statemachine.data.caching.enabled = true (custom)
2019-11-14 17:36:45,421 [pool-169-thread-1] INFO  server.RaftServerConfigKeys (ConfUtils.java:logGet(43)) - raft.server.log.force.sync.num = 128 (default)
2019-11-14 17:36:45,421 [pool-149-thread-1] INFO  server.RaftServerConfigKeys (ConfUtils.java:logGet(43)) - raft.server.snapshot.auto.trigger.threshold = 10000 (custom)
2019-11-14 17:36:45,422 [pool-169-thread-1] INFO  server.RaftServerConfigKeys (ConfUtils.java:logGet(43)) - raft.server.log.statemachine.data.sync = true (default)
2019-11-14 17:36:45,422 [pool-149-thread-1] INFO  server.RaftServerConfigKeys (ConfUtils.java:logGet(43)) - raft.server.snapshot.retention.file.num = 5 (custom)
2019-11-14 17:36:45,422 [pool-159-thread-1] INFO  segmented.SegmentedRaftLogWorker (SegmentedRaftLogWorker.java:lambda$new$0(128)) - f5a4bf5a-4195-495f-81ba-193832aea29d@group-27F0209B9491-SegmentedRaftLogWorker: flushIndex: setUnconditionally 0 -> -1
2019-11-14 17:36:45,422 [pool-149-thread-1] INFO  server.RaftServerConfigKeys (ConfUtils.java:logGet(43)) - raft.server.retrycache.expirytime = 600000ms (custom)
2019-11-14 17:36:45,422 [pool-169-thread-1] INFO  server.RaftServerConfigKeys (ConfUtils.java:logGet(43)) - raft.server.log.statemachine.data.sync.timeout = 10s (default)
2019-11-14 17:36:45,422 [pool-149-thread-1] WARN  impl.MetricRegistriesImpl (MetricRegistriesImpl.java:lambda$create$1(61)) - First MetricRegistry has been created without registering reporters. You may need to call MetricRegistries.global().addReportRegistration(...) before.
2019-11-14 17:36:45,422 [pool-159-thread-1] INFO  server.RaftServerConfigKeys (ConfUtils.java:logGet(43)) - raft.server.snapshot.auto.trigger.enabled = true (custom)
2019-11-14 17:36:45,422 [pool-169-thread-1] INFO  server.RaftServerConfigKeys (ConfUtils.java:logGet(43)) - raft.server.log.statemachine.data.sync.timeout.retry = -1 (default)
2019-11-14 17:36:45,422 [pool-159-thread-1] INFO  server.RaftServerConfigKeys (ConfUtils.java:logGet(43)) - raft.server.snapshot.auto.trigger.threshold = 10000 (custom)
2019-11-14 17:36:45,422 [pool-149-thread-1] WARN  impl.MetricRegistriesImpl (MetricRegistriesImpl.java:lambda$create$1(61)) - First MetricRegistry has been created without registering reporters. You may need to call MetricRegistries.global().addReportRegistration(...) before.
2019-11-14 17:36:45,423 [pool-159-thread-1] INFO  server.RaftServerConfigKeys (ConfUtils.java:logGet(43)) - raft.server.snapshot.retention.file.num = 5 (custom)
2019-11-14 17:36:45,423 [pool-169-thread-1] INFO  server.RaftServerConfigKeys (ConfUtils.java:logGet(43)) - raft.server.log.statemachine.data.caching.enabled = true (custom)
2019-11-14 17:36:45,423 [pool-159-thread-1] INFO  server.RaftServerConfigKeys (ConfUtils.java:logGet(43)) - raft.server.retrycache.expirytime = 600000ms (custom)
2019-11-14 17:36:45,423 [pool-149-thread-1] INFO  impl.RaftServerImpl (RaftServerImpl.java:start(184)) - b2e3cdb6-e490-4d5b-a0a3-6f5ff6451210@group-27F0209B9491: start as a follower, conf=-1: [b2e3cdb6-e490-4d5b-a0a3-6f5ff6451210:192.168.157.194:37477, f5a4bf5a-4195-495f-81ba-193832aea29d:192.168.157.194:46851, 7dd38d19-97a5-42cf-8254-8fed67def3f2:192.168.157.194:40753], old=null
2019-11-14 17:36:45,423 [pool-159-thread-1] WARN  impl.MetricRegistriesImpl (MetricRegistriesImpl.java:lambda$create$1(61)) - First MetricRegistry has been created without registering reporters. You may need to call MetricRegistries.global().addReportRegistration(...) before.
2019-11-14 17:36:45,423 [pool-169-thread-1] INFO  segmented.SegmentedRaftLogWorker (SegmentedRaftLogWorker.java:lambda$new$0(128)) - 7dd38d19-97a5-42cf-8254-8fed67def3f2@group-27F0209B9491-SegmentedRaftLogWorker: flushIndex: setUnconditionally 0 -> -1
2019-11-14 17:36:45,423 [pool-159-thread-1] WARN  impl.MetricRegistriesImpl (MetricRegistriesImpl.java:lambda$create$1(61)) - First MetricRegistry has been created without registering reporters. You may need to call MetricRegistries.global().addReportRegistration(...) before.
2019-11-14 17:36:45,423 [pool-149-thread-1] INFO  impl.RaftServerImpl (RaftServerImpl.java:setRole(173)) - b2e3cdb6-e490-4d5b-a0a3-6f5ff6451210@group-27F0209B9491: changes role from      null to FOLLOWER at term 0 for startAsFollower
2019-11-14 17:36:45,424 [pool-169-thread-1] INFO  server.RaftServerConfigKeys (ConfUtils.java:logGet(43)) - raft.server.snapshot.auto.trigger.enabled = true (custom)
2019-11-14 17:36:45,424 [pool-149-thread-1] INFO  impl.RoleInfo (RoleInfo.java:updateAndGet(143)) - b2e3cdb6-e490-4d5b-a0a3-6f5ff6451210: start FollowerState
2019-11-14 17:36:45,424 [pool-159-thread-1] INFO  impl.RaftServerImpl (RaftServerImpl.java:start(184)) - f5a4bf5a-4195-495f-81ba-193832aea29d@group-27F0209B9491: start as a follower, conf=-1: [b2e3cdb6-e490-4d5b-a0a3-6f5ff6451210:192.168.157.194:37477, f5a4bf5a-4195-495f-81ba-193832aea29d:192.168.157.194:46851, 7dd38d19-97a5-42cf-8254-8fed67def3f2:192.168.157.194:40753], old=null
2019-11-14 17:36:45,424 [pool-169-thread-1] INFO  server.RaftServerConfigKeys (ConfUtils.java:logGet(43)) - raft.server.snapshot.auto.trigger.threshold = 10000 (custom)
2019-11-14 17:36:45,424 [pool-149-thread-1] INFO  util.JmxRegister (JmxRegister.java:tryRegister(44)) - Successfully registered JMX Bean with object name Ratis:service=RaftServer,group=group-27F0209B9491,id=b2e3cdb6-e490-4d5b-a0a3-6f5ff6451210
2019-11-14 17:36:45,424 [pool-159-thread-1] INFO  impl.RaftServerImpl (RaftServerImpl.java:setRole(173)) - f5a4bf5a-4195-495f-81ba-193832aea29d@group-27F0209B9491: changes role from      null to FOLLOWER at term 0 for startAsFollower
2019-11-14 17:36:45,424 [pool-149-thread-1] WARN  impl.MetricRegistriesImpl (MetricRegistriesImpl.java:lambda$create$1(61)) - First MetricRegistry has been created without registering reporters. You may need to call MetricRegistries.global().addReportRegistration(...) before.
2019-11-14 17:36:45,424 [pool-169-thread-1] INFO  server.RaftServerConfigKeys (ConfUtils.java:logGet(43)) - raft.server.snapshot.retention.file.num = 5 (custom)
2019-11-14 17:36:45,424 [pool-159-thread-1] INFO  impl.RoleInfo (RoleInfo.java:updateAndGet(143)) - f5a4bf5a-4195-495f-81ba-193832aea29d: start FollowerState
2019-11-14 17:36:45,424 [pool-169-thread-1] INFO  server.RaftServerConfigKeys (ConfUtils.java:logGet(43)) - raft.server.retrycache.expirytime = 600000ms (custom)
2019-11-14 17:36:45,425 [pool-169-thread-1] WARN  impl.MetricRegistriesImpl (MetricRegistriesImpl.java:lambda$create$1(61)) - First MetricRegistry has been created without registering reporters. You may need to call MetricRegistries.global().addReportRegistration(...) before.
2019-11-14 17:36:45,425 [pool-169-thread-1] WARN  impl.MetricRegistriesImpl (MetricRegistriesImpl.java:lambda$create$1(61)) - First MetricRegistry has been created without registering reporters. You may need to call MetricRegistries.global().addReportRegistration(...) before.
2019-11-14 17:36:45,425 [pool-159-thread-1] INFO  util.JmxRegister (JmxRegister.java:tryRegister(44)) - Successfully registered JMX Bean with object name Ratis:service=RaftServer,group=group-27F0209B9491,id=f5a4bf5a-4195-495f-81ba-193832aea29d
2019-11-14 17:36:45,425 [pool-169-thread-1] INFO  impl.RaftServerImpl (RaftServerImpl.java:start(184)) - 7dd38d19-97a5-42cf-8254-8fed67def3f2@group-27F0209B9491: start as a follower, conf=-1: [b2e3cdb6-e490-4d5b-a0a3-6f5ff6451210:192.168.157.194:37477, f5a4bf5a-4195-495f-81ba-193832aea29d:192.168.157.194:46851, 7dd38d19-97a5-42cf-8254-8fed67def3f2:192.168.157.194:40753], old=null
2019-11-14 17:36:45,425 [pool-159-thread-1] WARN  impl.MetricRegistriesImpl (MetricRegistriesImpl.java:lambda$create$1(61)) - First MetricRegistry has been created without registering reporters. You may need to call MetricRegistries.global().addReportRegistration(...) before.
2019-11-14 17:36:45,425 [pool-169-thread-1] INFO  impl.RaftServerImpl (RaftServerImpl.java:setRole(173)) - 7dd38d19-97a5-42cf-8254-8fed67def3f2@group-27F0209B9491: changes role from      null to FOLLOWER at term 0 for startAsFollower
2019-11-14 17:36:45,426 [pool-169-thread-1] INFO  impl.RoleInfo (RoleInfo.java:updateAndGet(143)) - 7dd38d19-97a5-42cf-8254-8fed67def3f2: start FollowerState
2019-11-14 17:36:45,426 [pool-169-thread-1] INFO  util.JmxRegister (JmxRegister.java:tryRegister(44)) - Successfully registered JMX Bean with object name Ratis:service=RaftServer,group=group-27F0209B9491,id=7dd38d19-97a5-42cf-8254-8fed67def3f2
2019-11-14 17:36:45,426 [pool-169-thread-1] WARN  impl.MetricRegistriesImpl (MetricRegistriesImpl.java:lambda$create$1(61)) - First MetricRegistry has been created without registering reporters. You may need to call MetricRegistries.global().addReportRegistration(...) before.
2019-11-14 17:36:45,428 [RatisPipelineUtilsThread] INFO  pipeline.PipelineStateManager (PipelineStateManager.java:addPipeline(55)) - Created pipeline Pipeline[ Id: f0db1587-cf63-4918-a034-27f0209b9491, Nodes: f5a4bf5a-4195-495f-81ba-193832aea29d{ip: 192.168.157.194, host: pr-hdds-2482-j87dr-2776293630, networkLocation: /rack1, certSerialId: null}7dd38d19-97a5-42cf-8254-8fed67def3f2{ip: 192.168.157.194, host: pr-hdds-2482-j87dr-2776293630, networkLocation: /rack1, certSerialId: null}b2e3cdb6-e490-4d5b-a0a3-6f5ff6451210{ip: 192.168.157.194, host: pr-hdds-2482-j87dr-2776293630, networkLocation: /rack1, certSerialId: null}, Type:RATIS, Factor:THREE, State:ALLOCATED]
2019-11-14 17:36:45,435 [grpc-default-executor-3] INFO  impl.RaftServerProxy (RaftServerProxy.java:addNew(89)) - 55ab2526-4f89-4bd2-9902-395461fa7031: addNew group-E71EEB291388:[55ab2526-4f89-4bd2-9902-395461fa7031:192.168.157.194:41123] returns group-E71EEB291388:java.util.concurrent.CompletableFuture@26bc755e[Not completed]
2019-11-14 17:36:45,437 [pool-179-thread-1] INFO  impl.RaftServerImpl (RaftServerImpl.java:<init>(98)) - 55ab2526-4f89-4bd2-9902-395461fa7031: new RaftServerImpl for group-E71EEB291388:[55ab2526-4f89-4bd2-9902-395461fa7031:192.168.157.194:41123] with ContainerStateMachine:uninitialized
2019-11-14 17:36:45,437 [pool-179-thread-1] INFO  server.RaftServerConfigKeys (ConfUtils.java:logGet(43)) - raft.server.rpc.timeout.min = 1s (custom)
2019-11-14 17:36:45,437 [pool-179-thread-1] INFO  server.RaftServerConfigKeys (ConfUtils.java:logGet(43)) - raft.server.rpc.timeout.max = 1200ms (custom)
2019-11-14 17:36:45,437 [pool-179-thread-1] INFO  server.RaftServerConfigKeys (ConfUtils.java:logGet(43)) - raft.server.rpcslowness.timeout = 120s (custom)
2019-11-14 17:36:45,437 [pool-179-thread-1] INFO  server.RaftServerConfigKeys (ConfUtils.java:logGet(43)) - raft.server.sleep.deviation.threshold = 300 (default)
2019-11-14 17:36:45,437 [pool-179-thread-1] INFO  server.RaftServerConfigKeys (ConfUtils.java:logGet(43)) - raft.server.log.appender.install.snapshot.enabled = false (custom)
2019-11-14 17:36:45,437 [pool-179-thread-1] INFO  impl.RaftServerImpl (ServerState.java:<init>(103)) - 55ab2526-4f89-4bd2-9902-395461fa7031@group-E71EEB291388: ConfigurationManager, init=-1: [55ab2526-4f89-4bd2-9902-395461fa7031:192.168.157.194:41123], old=null, confs=<EMPTY_MAP>
2019-11-14 17:36:45,437 [pool-179-thread-1] INFO  server.RaftServerConfigKeys (ConfUtils.java:logGet(43)) - raft.server.storage.dir = [/workdir/hadoop-ozone/integration-test/target/test-dir/MiniOzoneClusterImpl-22bbe08b-7feb-4e26-8434-b505ec12d921/datanode-3/data/ratis] (custom)
2019-11-14 17:36:45,437 [pool-179-thread-1] INFO  server.RaftServerConfigKeys (ConfUtils.java:logGet(43)) - raft.server.log.corruption.policy = EXCEPTION (default)
2019-11-14 17:36:45,437 [pool-179-thread-1] INFO  storage.RaftStorageDirectory (RaftStorageDirectory.java:analyzeStorage(246)) - The storage directory /workdir/hadoop-ozone/integration-test/target/test-dir/MiniOzoneClusterImpl-22bbe08b-7feb-4e26-8434-b505ec12d921/datanode-3/data/ratis/08b366af-ed54-445e-958d-e71eeb291388 does not exist. Creating ...
2019-11-14 17:36:45,445 [IPC Server handler 3 on 45518] INFO  net.NetworkTopology (NetworkTopologyImpl.java:add(111)) - Added a new node: /rack1/a3b153ef-1e94-4227-8997-77072f34e630
2019-11-14 17:36:45,445 [IPC Server handler 3 on 45518] INFO  node.SCMNodeManager (SCMNodeManager.java:register(267)) - Registered Data node : a3b153ef-1e94-4227-8997-77072f34e630{ip: 192.168.157.194, host: pr-hdds-2482-j87dr-2776293630, networkLocation: /rack1, certSerialId: null}
2019-11-14 17:36:45,452 [pool-179-thread-1] INFO  storage.RaftStorageDirectory (RaftStorageDirectory.java:tryLock(328)) - Lock on /workdir/hadoop-ozone/integration-test/target/test-dir/MiniOzoneClusterImpl-22bbe08b-7feb-4e26-8434-b505ec12d921/datanode-3/data/ratis/08b366af-ed54-445e-958d-e71eeb291388/in_use.lock acquired by nodename 10142@pr-hdds-2482-j87dr-2776293630
2019-11-14 17:36:45,470 [pool-179-thread-1] INFO  storage.RaftStorage (RaftStorage.java:format(84)) - Storage directory /workdir/hadoop-ozone/integration-test/target/test-dir/MiniOzoneClusterImpl-22bbe08b-7feb-4e26-8434-b505ec12d921/datanode-3/data/ratis/08b366af-ed54-445e-958d-e71eeb291388 has been successfully formatted.
2019-11-14 17:36:45,470 [pool-179-thread-1] INFO  ratis.ContainerStateMachine (ContainerStateMachine.java:loadSnapshot(223)) - group-E71EEB291388: The snapshot info is null. Setting the last applied indexto:(t:0, i:~)
2019-11-14 17:36:45,470 [pool-179-thread-1] INFO  server.RaftServerConfigKeys (ConfUtils.java:logGet(43)) - raft.server.notification.no-leader.timeout = 120s (custom)
2019-11-14 17:36:45,470 [pool-179-thread-1] INFO  server.RaftServerConfigKeys (ConfUtils.java:logGet(43)) - raft.server.log.use.memory = false (default)
2019-11-14 17:36:45,470 [pool-179-thread-1] INFO  server.RaftServerConfigKeys (ConfUtils.java:logGet(43)) - raft.server.log.purge.gap = 1000000 (custom)
2019-11-14 17:36:45,470 [pool-179-thread-1] INFO  server.RaftServerConfigKeys (ConfUtils.java:logGet(43)) - raft.server.log.appender.buffer.byte-limit = 33554432 (custom)
2019-11-14 17:36:45,470 [pool-179-thread-1] INFO  server.RaftServerConfigKeys (ConfUtils.java:logGet(43)) - raft.server.log.segment.size.max = 1048576 (custom)
2019-11-14 17:36:45,470 [pool-179-thread-1] WARN  impl.MetricRegistriesImpl (MetricRegistriesImpl.java:lambda$create$1(61)) - First MetricRegistry has been created without registering reporters. You may need to call MetricRegistries.global().addReportRegistration(...) before.
2019-11-14 17:36:45,470 [pool-179-thread-1] INFO  server.RaftServerConfigKeys (ConfUtils.java:logGet(43)) - raft.server.log.segment.cache.num.max = 2 (custom)
2019-11-14 17:36:45,470 [pool-179-thread-1] INFO  segmented.SegmentedRaftLogWorker (SegmentedRaftLogWorker.java:<init>(173)) - new 55ab2526-4f89-4bd2-9902-395461fa7031@group-E71EEB291388-SegmentedRaftLogWorker for RaftStorage:Storage Directory /workdir/hadoop-ozone/integration-test/target/test-dir/MiniOzoneClusterImpl-22bbe08b-7feb-4e26-8434-b505ec12d921/datanode-3/data/ratis/08b366af-ed54-445e-958d-e71eeb291388
2019-11-14 17:36:45,471 [pool-179-thread-1] INFO  server.RaftServerConfigKeys (ConfUtils.java:logGet(43)) - raft.server.log.queue.byte-limit = 2147483647 (custom)
2019-11-14 17:36:45,471 [pool-179-thread-1] INFO  server.RaftServerConfigKeys (ConfUtils.java:logGet(43)) - raft.server.log.queue.element-limit = 1024 (custom)
2019-11-14 17:36:45,471 [pool-179-thread-1] INFO  server.RaftServerConfigKeys (ConfUtils.java:logGet(43)) - raft.server.log.segment.size.max = 1048576 (custom)
2019-11-14 17:36:45,471 [pool-179-thread-1] INFO  server.RaftServerConfigKeys (ConfUtils.java:logGet(43)) - raft.server.log.preallocated.size = 16384 (custom)
2019-11-14 17:36:45,471 [pool-179-thread-1] INFO  server.RaftServerConfigKeys (ConfUtils.java:logGet(43)) - raft.server.log.write.buffer.size = 33554432 (custom)
2019-11-14 17:36:45,471 [pool-179-thread-1] INFO  server.RaftServerConfigKeys (ConfUtils.java:logGet(43)) - raft.server.log.force.sync.num = 128 (default)
2019-11-14 17:36:45,471 [pool-179-thread-1] INFO  server.RaftServerConfigKeys (ConfUtils.java:logGet(43)) - raft.server.log.statemachine.data.sync = true (default)
2019-11-14 17:36:45,471 [pool-179-thread-1] INFO  server.RaftServerConfigKeys (ConfUtils.java:logGet(43)) - raft.server.log.statemachine.data.sync.timeout = 10s (default)
2019-11-14 17:36:45,471 [pool-179-thread-1] INFO  server.RaftServerConfigKeys (ConfUtils.java:logGet(43)) - raft.server.log.statemachine.data.sync.timeout.retry = -1 (default)
2019-11-14 17:36:45,471 [pool-179-thread-1] INFO  server.RaftServerConfigKeys (ConfUtils.java:logGet(43)) - raft.server.log.statemachine.data.caching.enabled = true (custom)
2019-11-14 17:36:45,471 [pool-179-thread-1] INFO  segmented.SegmentedRaftLogWorker (SegmentedRaftLogWorker.java:lambda$new$0(128)) - 55ab2526-4f89-4bd2-9902-395461fa7031@group-E71EEB291388-SegmentedRaftLogWorker: flushIndex: setUnconditionally 0 -> -1
2019-11-14 17:36:45,472 [pool-179-thread-1] INFO  server.RaftServerConfigKeys (ConfUtils.java:logGet(43)) - raft.server.snapshot.auto.trigger.enabled = true (custom)
2019-11-14 17:36:45,472 [pool-179-thread-1] INFO  server.RaftServerConfigKeys (ConfUtils.java:logGet(43)) - raft.server.snapshot.auto.trigger.threshold = 10000 (custom)
2019-11-14 17:36:45,472 [pool-179-thread-1] INFO  server.RaftServerConfigKeys (ConfUtils.java:logGet(43)) - raft.server.snapshot.retention.file.num = 5 (custom)
2019-11-14 17:36:45,472 [pool-179-thread-1] INFO  server.RaftServerConfigKeys (ConfUtils.java:logGet(43)) - raft.server.retrycache.expirytime = 600000ms (custom)
2019-11-14 17:36:45,472 [pool-179-thread-1] WARN  impl.MetricRegistriesImpl (MetricRegistriesImpl.java:lambda$create$1(61)) - First MetricRegistry has been created without registering reporters. You may need to call MetricRegistries.global().addReportRegistration(...) before.
2019-11-14 17:36:45,472 [pool-179-thread-1] WARN  impl.MetricRegistriesImpl (MetricRegistriesImpl.java:lambda$create$1(61)) - First MetricRegistry has been created without registering reporters. You may need to call MetricRegistries.global().addReportRegistration(...) before.
2019-11-14 17:36:45,472 [pool-179-thread-1] INFO  impl.RaftServerImpl (RaftServerImpl.java:start(184)) - 55ab2526-4f89-4bd2-9902-395461fa7031@group-E71EEB291388: start as a follower, conf=-1: [55ab2526-4f89-4bd2-9902-395461fa7031:192.168.157.194:41123], old=null
2019-11-14 17:36:45,472 [pool-179-thread-1] INFO  impl.RaftServerImpl (RaftServerImpl.java:setRole(173)) - 55ab2526-4f89-4bd2-9902-395461fa7031@group-E71EEB291388: changes role from      null to FOLLOWER at term 0 for startAsFollower
2019-11-14 17:36:45,472 [pool-179-thread-1] INFO  impl.RoleInfo (RoleInfo.java:updateAndGet(143)) - 55ab2526-4f89-4bd2-9902-395461fa7031: start FollowerState
2019-11-14 17:36:45,473 [pool-179-thread-1] INFO  util.JmxRegister (JmxRegister.java:tryRegister(44)) - Successfully registered JMX Bean with object name Ratis:service=RaftServer,group=group-E71EEB291388,id=55ab2526-4f89-4bd2-9902-395461fa7031
2019-11-14 17:36:45,473 [pool-179-thread-1] WARN  impl.MetricRegistriesImpl (MetricRegistriesImpl.java:lambda$create$1(61)) - First MetricRegistry has been created without registering reporters. You may need to call MetricRegistries.global().addReportRegistration(...) before.
2019-11-14 17:36:45,475 [RatisPipelineUtilsThread] INFO  pipeline.PipelineStateManager (PipelineStateManager.java:addPipeline(55)) - Created pipeline Pipeline[ Id: 08b366af-ed54-445e-958d-e71eeb291388, Nodes: 55ab2526-4f89-4bd2-9902-395461fa7031{ip: 192.168.157.194, host: pr-hdds-2482-j87dr-2776293630, networkLocation: /rack1, certSerialId: null}, Type:RATIS, Factor:ONE, State:ALLOCATED]
2019-11-14 17:36:45,482 [grpc-default-executor-3] INFO  impl.RaftServerProxy (RaftServerProxy.java:addNew(89)) - a3b153ef-1e94-4227-8997-77072f34e630: addNew group-A914AF69810B:[a3b153ef-1e94-4227-8997-77072f34e630:192.168.157.194:41542] returns group-A914AF69810B:java.util.concurrent.CompletableFuture@73ab65d0[Not completed]
2019-11-14 17:36:45,484 [pool-189-thread-1] INFO  impl.RaftServerImpl (RaftServerImpl.java:<init>(98)) - a3b153ef-1e94-4227-8997-77072f34e630: new RaftServerImpl for group-A914AF69810B:[a3b153ef-1e94-4227-8997-77072f34e630:192.168.157.194:41542] with ContainerStateMachine:uninitialized
2019-11-14 17:36:45,484 [pool-189-thread-1] INFO  server.RaftServerConfigKeys (ConfUtils.java:logGet(43)) - raft.server.rpc.timeout.min = 1s (custom)
2019-11-14 17:36:45,484 [pool-189-thread-1] INFO  server.RaftServerConfigKeys (ConfUtils.java:logGet(43)) - raft.server.rpc.timeout.max = 1200ms (custom)
2019-11-14 17:36:45,484 [pool-189-thread-1] INFO  server.RaftServerConfigKeys (ConfUtils.java:logGet(43)) - raft.server.rpcslowness.timeout = 120s (custom)
2019-11-14 17:36:45,484 [pool-189-thread-1] INFO  server.RaftServerConfigKeys (ConfUtils.java:logGet(43)) - raft.server.sleep.deviation.threshold = 300 (default)
2019-11-14 17:36:45,484 [pool-189-thread-1] INFO  server.RaftServerConfigKeys (ConfUtils.java:logGet(43)) - raft.server.log.appender.install.snapshot.enabled = false (custom)
2019-11-14 17:36:45,485 [pool-189-thread-1] INFO  impl.RaftServerImpl (ServerState.java:<init>(103)) - a3b153ef-1e94-4227-8997-77072f34e630@group-A914AF69810B: ConfigurationManager, init=-1: [a3b153ef-1e94-4227-8997-77072f34e630:192.168.157.194:41542], old=null, confs=<EMPTY_MAP>
2019-11-14 17:36:45,485 [pool-189-thread-1] INFO  server.RaftServerConfigKeys (ConfUtils.java:logGet(43)) - raft.server.storage.dir = [/workdir/hadoop-ozone/integration-test/target/test-dir/MiniOzoneClusterImpl-22bbe08b-7feb-4e26-8434-b505ec12d921/datanode-4/data/ratis] (custom)
2019-11-14 17:36:45,485 [pool-189-thread-1] INFO  server.RaftServerConfigKeys (ConfUtils.java:logGet(43)) - raft.server.log.corruption.policy = EXCEPTION (default)
2019-11-14 17:36:45,485 [pool-189-thread-1] INFO  storage.RaftStorageDirectory (RaftStorageDirectory.java:analyzeStorage(246)) - The storage directory /workdir/hadoop-ozone/integration-test/target/test-dir/MiniOzoneClusterImpl-22bbe08b-7feb-4e26-8434-b505ec12d921/datanode-4/data/ratis/6545ac01-095f-4007-87b8-a914af69810b does not exist. Creating ...
2019-11-14 17:36:45,508 [pool-189-thread-1] INFO  storage.RaftStorageDirectory (RaftStorageDirectory.java:tryLock(328)) - Lock on /workdir/hadoop-ozone/integration-test/target/test-dir/MiniOzoneClusterImpl-22bbe08b-7feb-4e26-8434-b505ec12d921/datanode-4/data/ratis/6545ac01-095f-4007-87b8-a914af69810b/in_use.lock acquired by nodename 10142@pr-hdds-2482-j87dr-2776293630
2019-11-14 17:36:45,511 [IPC Server handler 4 on 45518] INFO  net.NetworkTopology (NetworkTopologyImpl.java:add(111)) - Added a new node: /rack1/c40a56fe-5273-466a-9f61-79febf43aa6a
2019-11-14 17:36:45,512 [IPC Server handler 4 on 45518] INFO  node.SCMNodeManager (SCMNodeManager.java:register(267)) - Registered Data node : c40a56fe-5273-466a-9f61-79febf43aa6a{ip: 192.168.157.194, host: pr-hdds-2482-j87dr-2776293630, networkLocation: /rack1, certSerialId: null}
2019-11-14 17:36:45,532 [pool-189-thread-1] INFO  storage.RaftStorage (RaftStorage.java:format(84)) - Storage directory /workdir/hadoop-ozone/integration-test/target/test-dir/MiniOzoneClusterImpl-22bbe08b-7feb-4e26-8434-b505ec12d921/datanode-4/data/ratis/6545ac01-095f-4007-87b8-a914af69810b has been successfully formatted.
2019-11-14 17:36:45,532 [pool-189-thread-1] INFO  ratis.ContainerStateMachine (ContainerStateMachine.java:loadSnapshot(223)) - group-A914AF69810B: The snapshot info is null. Setting the last applied indexto:(t:0, i:~)
2019-11-14 17:36:45,532 [pool-189-thread-1] INFO  server.RaftServerConfigKeys (ConfUtils.java:logGet(43)) - raft.server.notification.no-leader.timeout = 120s (custom)
2019-11-14 17:36:45,532 [pool-189-thread-1] INFO  server.RaftServerConfigKeys (ConfUtils.java:logGet(43)) - raft.server.log.use.memory = false (default)
2019-11-14 17:36:45,532 [pool-189-thread-1] INFO  server.RaftServerConfigKeys (ConfUtils.java:logGet(43)) - raft.server.log.purge.gap = 1000000 (custom)
2019-11-14 17:36:45,532 [pool-189-thread-1] INFO  server.RaftServerConfigKeys (ConfUtils.java:logGet(43)) - raft.server.log.appender.buffer.byte-limit = 33554432 (custom)
2019-11-14 17:36:45,533 [pool-189-thread-1] INFO  server.RaftServerConfigKeys (ConfUtils.java:logGet(43)) - raft.server.log.segment.size.max = 1048576 (custom)
2019-11-14 17:36:45,533 [pool-189-thread-1] WARN  impl.MetricRegistriesImpl (MetricRegistriesImpl.java:lambda$create$1(61)) - First MetricRegistry has been created without registering reporters. You may need to call MetricRegistries.global().addReportRegistration(...) before.
2019-11-14 17:36:45,533 [pool-189-thread-1] INFO  server.RaftServerConfigKeys (ConfUtils.java:logGet(43)) - raft.server.log.segment.cache.num.max = 2 (custom)
2019-11-14 17:36:45,533 [pool-189-thread-1] INFO  segmented.SegmentedRaftLogWorker (SegmentedRaftLogWorker.java:<init>(173)) - new a3b153ef-1e94-4227-8997-77072f34e630@group-A914AF69810B-SegmentedRaftLogWorker for RaftStorage:Storage Directory /workdir/hadoop-ozone/integration-test/target/test-dir/MiniOzoneClusterImpl-22bbe08b-7feb-4e26-8434-b505ec12d921/datanode-4/data/ratis/6545ac01-095f-4007-87b8-a914af69810b
2019-11-14 17:36:45,533 [pool-189-thread-1] INFO  server.RaftServerConfigKeys (ConfUtils.java:logGet(43)) - raft.server.log.queue.byte-limit = 2147483647 (custom)
2019-11-14 17:36:45,533 [pool-189-thread-1] INFO  server.RaftServerConfigKeys (ConfUtils.java:logGet(43)) - raft.server.log.queue.element-limit = 1024 (custom)
2019-11-14 17:36:45,533 [pool-189-thread-1] INFO  server.RaftServerConfigKeys (ConfUtils.java:logGet(43)) - raft.server.log.segment.size.max = 1048576 (custom)
2019-11-14 17:36:45,534 [pool-189-thread-1] INFO  server.RaftServerConfigKeys (ConfUtils.java:logGet(43)) - raft.server.log.preallocated.size = 16384 (custom)
2019-11-14 17:36:45,534 [pool-189-thread-1] INFO  server.RaftServerConfigKeys (ConfUtils.java:logGet(43)) - raft.server.log.write.buffer.size = 33554432 (custom)
2019-11-14 17:36:45,534 [pool-189-thread-1] INFO  server.RaftServerConfigKeys (ConfUtils.java:logGet(43)) - raft.server.log.force.sync.num = 128 (default)
2019-11-14 17:36:45,534 [pool-189-thread-1] INFO  server.RaftServerConfigKeys (ConfUtils.java:logGet(43)) - raft.server.log.statemachine.data.sync = true (default)
2019-11-14 17:36:45,534 [pool-189-thread-1] INFO  server.RaftServerConfigKeys (ConfUtils.java:logGet(43)) - raft.server.log.statemachine.data.sync.timeout = 10s (default)
2019-11-14 17:36:45,534 [pool-189-thread-1] INFO  server.RaftServerConfigKeys (ConfUtils.java:logGet(43)) - raft.server.log.statemachine.data.sync.timeout.retry = -1 (default)
2019-11-14 17:36:45,534 [pool-189-thread-1] INFO  server.RaftServerConfigKeys (ConfUtils.java:logGet(43)) - raft.server.log.statemachine.data.caching.enabled = true (custom)
2019-11-14 17:36:45,535 [pool-189-thread-1] INFO  segmented.SegmentedRaftLogWorker (SegmentedRaftLogWorker.java:lambda$new$0(128)) - a3b153ef-1e94-4227-8997-77072f34e630@group-A914AF69810B-SegmentedRaftLogWorker: flushIndex: setUnconditionally 0 -> -1
2019-11-14 17:36:45,535 [pool-189-thread-1] INFO  server.RaftServerConfigKeys (ConfUtils.java:logGet(43)) - raft.server.snapshot.auto.trigger.enabled = true (custom)
2019-11-14 17:36:45,535 [pool-189-thread-1] INFO  server.RaftServerConfigKeys (ConfUtils.java:logGet(43)) - raft.server.snapshot.auto.trigger.threshold = 10000 (custom)
2019-11-14 17:36:45,535 [pool-189-thread-1] INFO  server.RaftServerConfigKeys (ConfUtils.java:logGet(43)) - raft.server.snapshot.retention.file.num = 5 (custom)
2019-11-14 17:36:45,536 [pool-189-thread-1] INFO  server.RaftServerConfigKeys (ConfUtils.java:logGet(43)) - raft.server.retrycache.expirytime = 600000ms (custom)
2019-11-14 17:36:45,536 [pool-189-thread-1] WARN  impl.MetricRegistriesImpl (MetricRegistriesImpl.java:lambda$create$1(61)) - First MetricRegistry has been created without registering reporters. You may need to call MetricRegistries.global().addReportRegistration(...) before.
2019-11-14 17:36:45,536 [pool-189-thread-1] WARN  impl.MetricRegistriesImpl (MetricRegistriesImpl.java:lambda$create$1(61)) - First MetricRegistry has been created without registering reporters. You may need to call MetricRegistries.global().addReportRegistration(...) before.
2019-11-14 17:36:45,536 [pool-189-thread-1] INFO  impl.RaftServerImpl (RaftServerImpl.java:start(184)) - a3b153ef-1e94-4227-8997-77072f34e630@group-A914AF69810B: start as a follower, conf=-1: [a3b153ef-1e94-4227-8997-77072f34e630:192.168.157.194:41542], old=null
2019-11-14 17:36:45,536 [pool-189-thread-1] INFO  impl.RaftServerImpl (RaftServerImpl.java:setRole(173)) - a3b153ef-1e94-4227-8997-77072f34e630@group-A914AF69810B: changes role from      null to FOLLOWER at term 0 for startAsFollower
2019-11-14 17:36:45,536 [pool-189-thread-1] INFO  impl.RoleInfo (RoleInfo.java:updateAndGet(143)) - a3b153ef-1e94-4227-8997-77072f34e630: start FollowerState
2019-11-14 17:36:45,537 [pool-189-thread-1] INFO  util.JmxRegister (JmxRegister.java:tryRegister(44)) - Successfully registered JMX Bean with object name Ratis:service=RaftServer,group=group-A914AF69810B,id=a3b153ef-1e94-4227-8997-77072f34e630
2019-11-14 17:36:45,537 [pool-189-thread-1] WARN  impl.MetricRegistriesImpl (MetricRegistriesImpl.java:lambda$create$1(61)) - First MetricRegistry has been created without registering reporters. You may need to call MetricRegistries.global().addReportRegistration(...) before.
2019-11-14 17:36:45,540 [RatisPipelineUtilsThread] INFO  pipeline.PipelineStateManager (PipelineStateManager.java:addPipeline(55)) - Created pipeline Pipeline[ Id: 6545ac01-095f-4007-87b8-a914af69810b, Nodes: a3b153ef-1e94-4227-8997-77072f34e630{ip: 192.168.157.194, host: pr-hdds-2482-j87dr-2776293630, networkLocation: /rack1, certSerialId: null}, Type:RATIS, Factor:ONE, State:ALLOCATED]
2019-11-14 17:36:45,547 [grpc-default-executor-3] INFO  impl.RaftServerProxy (RaftServerProxy.java:addNew(89)) - c40a56fe-5273-466a-9f61-79febf43aa6a: addNew group-5A1C39DAE1D4:[c40a56fe-5273-466a-9f61-79febf43aa6a:192.168.157.194:45340] returns group-5A1C39DAE1D4:java.util.concurrent.CompletableFuture@6dcc0efd[Not completed]
2019-11-14 17:36:45,548 [pool-199-thread-1] INFO  impl.RaftServerImpl (RaftServerImpl.java:<init>(98)) - c40a56fe-5273-466a-9f61-79febf43aa6a: new RaftServerImpl for group-5A1C39DAE1D4:[c40a56fe-5273-466a-9f61-79febf43aa6a:192.168.157.194:45340] with ContainerStateMachine:uninitialized
2019-11-14 17:36:45,548 [pool-199-thread-1] INFO  server.RaftServerConfigKeys (ConfUtils.java:logGet(43)) - raft.server.rpc.timeout.min = 1s (custom)
2019-11-14 17:36:45,549 [pool-199-thread-1] INFO  server.RaftServerConfigKeys (ConfUtils.java:logGet(43)) - raft.server.rpc.timeout.max = 1200ms (custom)
2019-11-14 17:36:45,549 [pool-199-thread-1] INFO  server.RaftServerConfigKeys (ConfUtils.java:logGet(43)) - raft.server.rpcslowness.timeout = 120s (custom)
2019-11-14 17:36:45,549 [pool-199-thread-1] INFO  server.RaftServerConfigKeys (ConfUtils.java:logGet(43)) - raft.server.sleep.deviation.threshold = 300 (default)
2019-11-14 17:36:45,549 [pool-199-thread-1] INFO  server.RaftServerConfigKeys (ConfUtils.java:logGet(43)) - raft.server.log.appender.install.snapshot.enabled = false (custom)
2019-11-14 17:36:45,549 [pool-199-thread-1] INFO  impl.RaftServerImpl (ServerState.java:<init>(103)) - c40a56fe-5273-466a-9f61-79febf43aa6a@group-5A1C39DAE1D4: ConfigurationManager, init=-1: [c40a56fe-5273-466a-9f61-79febf43aa6a:192.168.157.194:45340], old=null, confs=<EMPTY_MAP>
2019-11-14 17:36:45,549 [pool-199-thread-1] INFO  server.RaftServerConfigKeys (ConfUtils.java:logGet(43)) - raft.server.storage.dir = [/workdir/hadoop-ozone/integration-test/target/test-dir/MiniOzoneClusterImpl-22bbe08b-7feb-4e26-8434-b505ec12d921/datanode-5/data/ratis] (custom)
2019-11-14 17:36:45,550 [pool-199-thread-1] INFO  server.RaftServerConfigKeys (ConfUtils.java:logGet(43)) - raft.server.log.corruption.policy = EXCEPTION (default)
2019-11-14 17:36:45,550 [pool-199-thread-1] INFO  storage.RaftStorageDirectory (RaftStorageDirectory.java:analyzeStorage(246)) - The storage directory /workdir/hadoop-ozone/integration-test/target/test-dir/MiniOzoneClusterImpl-22bbe08b-7feb-4e26-8434-b505ec12d921/datanode-5/data/ratis/12e6e300-4dd1-498f-ae03-5a1c39dae1d4 does not exist. Creating ...
2019-11-14 17:36:45,573 [pool-199-thread-1] INFO  storage.RaftStorageDirectory (RaftStorageDirectory.java:tryLock(328)) - Lock on /workdir/hadoop-ozone/integration-test/target/test-dir/MiniOzoneClusterImpl-22bbe08b-7feb-4e26-8434-b505ec12d921/datanode-5/data/ratis/12e6e300-4dd1-498f-ae03-5a1c39dae1d4/in_use.lock acquired by nodename 10142@pr-hdds-2482-j87dr-2776293630
2019-11-14 17:36:45,595 [pool-199-thread-1] INFO  storage.RaftStorage (RaftStorage.java:format(84)) - Storage directory /workdir/hadoop-ozone/integration-test/target/test-dir/MiniOzoneClusterImpl-22bbe08b-7feb-4e26-8434-b505ec12d921/datanode-5/data/ratis/12e6e300-4dd1-498f-ae03-5a1c39dae1d4 has been successfully formatted.
2019-11-14 17:36:45,596 [pool-199-thread-1] INFO  ratis.ContainerStateMachine (ContainerStateMachine.java:loadSnapshot(223)) - group-5A1C39DAE1D4: The snapshot info is null. Setting the last applied indexto:(t:0, i:~)
2019-11-14 17:36:45,596 [pool-199-thread-1] INFO  server.RaftServerConfigKeys (ConfUtils.java:logGet(43)) - raft.server.notification.no-leader.timeout = 120s (custom)
2019-11-14 17:36:45,596 [pool-199-thread-1] INFO  server.RaftServerConfigKeys (ConfUtils.java:logGet(43)) - raft.server.log.use.memory = false (default)
2019-11-14 17:36:45,596 [pool-199-thread-1] INFO  server.RaftServerConfigKeys (ConfUtils.java:logGet(43)) - raft.server.log.purge.gap = 1000000 (custom)
2019-11-14 17:36:45,596 [pool-199-thread-1] INFO  server.RaftServerConfigKeys (ConfUtils.java:logGet(43)) - raft.server.log.appender.buffer.byte-limit = 33554432 (custom)
2019-11-14 17:36:45,596 [pool-199-thread-1] INFO  server.RaftServerConfigKeys (ConfUtils.java:logGet(43)) - raft.server.log.segment.size.max = 1048576 (custom)
2019-11-14 17:36:45,596 [pool-199-thread-1] WARN  impl.MetricRegistriesImpl (MetricRegistriesImpl.java:lambda$create$1(61)) - First MetricRegistry has been created without registering reporters. You may need to call MetricRegistries.global().addReportRegistration(...) before.
2019-11-14 17:36:45,597 [pool-199-thread-1] INFO  server.RaftServerConfigKeys (ConfUtils.java:logGet(43)) - raft.server.log.segment.cache.num.max = 2 (custom)
2019-11-14 17:36:45,597 [pool-199-thread-1] INFO  segmented.SegmentedRaftLogWorker (SegmentedRaftLogWorker.java:<init>(173)) - new c40a56fe-5273-466a-9f61-79febf43aa6a@group-5A1C39DAE1D4-SegmentedRaftLogWorker for RaftStorage:Storage Directory /workdir/hadoop-ozone/integration-test/target/test-dir/MiniOzoneClusterImpl-22bbe08b-7feb-4e26-8434-b505ec12d921/datanode-5/data/ratis/12e6e300-4dd1-498f-ae03-5a1c39dae1d4
2019-11-14 17:36:45,597 [pool-199-thread-1] INFO  server.RaftServerConfigKeys (ConfUtils.java:logGet(43)) - raft.server.log.queue.byte-limit = 2147483647 (custom)
2019-11-14 17:36:45,597 [pool-199-thread-1] INFO  server.RaftServerConfigKeys (ConfUtils.java:logGet(43)) - raft.server.log.queue.element-limit = 1024 (custom)
2019-11-14 17:36:45,597 [pool-199-thread-1] INFO  server.RaftServerConfigKeys (ConfUtils.java:logGet(43)) - raft.server.log.segment.size.max = 1048576 (custom)
2019-11-14 17:36:45,597 [pool-199-thread-1] INFO  server.RaftServerConfigKeys (ConfUtils.java:logGet(43)) - raft.server.log.preallocated.size = 16384 (custom)
2019-11-14 17:36:45,597 [pool-199-thread-1] INFO  server.RaftServerConfigKeys (ConfUtils.java:logGet(43)) - raft.server.log.write.buffer.size = 33554432 (custom)
2019-11-14 17:36:45,597 [pool-199-thread-1] INFO  server.RaftServerConfigKeys (ConfUtils.java:logGet(43)) - raft.server.log.force.sync.num = 128 (default)
2019-11-14 17:36:45,598 [pool-199-thread-1] INFO  server.RaftServerConfigKeys (ConfUtils.java:logGet(43)) - raft.server.log.statemachine.data.sync = true (default)
2019-11-14 17:36:45,598 [pool-199-thread-1] INFO  server.RaftServerConfigKeys (ConfUtils.java:logGet(43)) - raft.server.log.statemachine.data.sync.timeout = 10s (default)
2019-11-14 17:36:45,598 [pool-199-thread-1] INFO  server.RaftServerConfigKeys (ConfUtils.java:logGet(43)) - raft.server.log.statemachine.data.sync.timeout.retry = -1 (default)
2019-11-14 17:36:45,598 [pool-199-thread-1] INFO  server.RaftServerConfigKeys (ConfUtils.java:logGet(43)) - raft.server.log.statemachine.data.caching.enabled = true (custom)
2019-11-14 17:36:45,598 [pool-199-thread-1] INFO  segmented.SegmentedRaftLogWorker (SegmentedRaftLogWorker.java:lambda$new$0(128)) - c40a56fe-5273-466a-9f61-79febf43aa6a@group-5A1C39DAE1D4-SegmentedRaftLogWorker: flushIndex: setUnconditionally 0 -> -1
2019-11-14 17:36:45,599 [pool-199-thread-1] INFO  server.RaftServerConfigKeys (ConfUtils.java:logGet(43)) - raft.server.snapshot.auto.trigger.enabled = true (custom)
2019-11-14 17:36:45,599 [pool-199-thread-1] INFO  server.RaftServerConfigKeys (ConfUtils.java:logGet(43)) - raft.server.snapshot.auto.trigger.threshold = 10000 (custom)
2019-11-14 17:36:45,599 [pool-199-thread-1] INFO  server.RaftServerConfigKeys (ConfUtils.java:logGet(43)) - raft.server.snapshot.retention.file.num = 5 (custom)
2019-11-14 17:36:45,599 [pool-199-thread-1] INFO  server.RaftServerConfigKeys (ConfUtils.java:logGet(43)) - raft.server.retrycache.expirytime = 600000ms (custom)
2019-11-14 17:36:45,599 [pool-199-thread-1] WARN  impl.MetricRegistriesImpl (MetricRegistriesImpl.java:lambda$create$1(61)) - First MetricRegistry has been created without registering reporters. You may need to call MetricRegistries.global().addReportRegistration(...) before.
2019-11-14 17:36:45,599 [pool-199-thread-1] WARN  impl.MetricRegistriesImpl (MetricRegistriesImpl.java:lambda$create$1(61)) - First MetricRegistry has been created without registering reporters. You may need to call MetricRegistries.global().addReportRegistration(...) before.
2019-11-14 17:36:45,599 [pool-199-thread-1] INFO  impl.RaftServerImpl (RaftServerImpl.java:start(184)) - c40a56fe-5273-466a-9f61-79febf43aa6a@group-5A1C39DAE1D4: start as a follower, conf=-1: [c40a56fe-5273-466a-9f61-79febf43aa6a:192.168.157.194:45340], old=null
2019-11-14 17:36:45,600 [pool-199-thread-1] INFO  impl.RaftServerImpl (RaftServerImpl.java:setRole(173)) - c40a56fe-5273-466a-9f61-79febf43aa6a@group-5A1C39DAE1D4: changes role from      null to FOLLOWER at term 0 for startAsFollower
2019-11-14 17:36:45,600 [pool-199-thread-1] INFO  impl.RoleInfo (RoleInfo.java:updateAndGet(143)) - c40a56fe-5273-466a-9f61-79febf43aa6a: start FollowerState
2019-11-14 17:36:45,600 [IPC Server handler 7 on 45518] INFO  net.NetworkTopology (NetworkTopologyImpl.java:add(111)) - Added a new node: /rack1/0b8c2274-85ff-4b39-8671-ec8be5904baa
2019-11-14 17:36:45,600 [pool-199-thread-1] INFO  util.JmxRegister (JmxRegister.java:tryRegister(44)) - Successfully registered JMX Bean with object name Ratis:service=RaftServer,group=group-5A1C39DAE1D4,id=c40a56fe-5273-466a-9f61-79febf43aa6a
2019-11-14 17:36:45,600 [IPC Server handler 7 on 45518] INFO  node.SCMNodeManager (SCMNodeManager.java:register(267)) - Registered Data node : 0b8c2274-85ff-4b39-8671-ec8be5904baa{ip: 192.168.157.194, host: pr-hdds-2482-j87dr-2776293630, networkLocation: /rack1, certSerialId: null}
2019-11-14 17:36:45,600 [pool-199-thread-1] WARN  impl.MetricRegistriesImpl (MetricRegistriesImpl.java:lambda$create$1(61)) - First MetricRegistry has been created without registering reporters. You may need to call MetricRegistries.global().addReportRegistration(...) before.
2019-11-14 17:36:45,603 [RatisPipelineUtilsThread] INFO  pipeline.PipelineStateManager (PipelineStateManager.java:addPipeline(55)) - Created pipeline Pipeline[ Id: 12e6e300-4dd1-498f-ae03-5a1c39dae1d4, Nodes: c40a56fe-5273-466a-9f61-79febf43aa6a{ip: 192.168.157.194, host: pr-hdds-2482-j87dr-2776293630, networkLocation: /rack1, certSerialId: null}, Type:RATIS, Factor:ONE, State:ALLOCATED]
2019-11-14 17:36:45,610 [grpc-default-executor-3] INFO  impl.RaftServerProxy (RaftServerProxy.java:addNew(89)) - 0b8c2274-85ff-4b39-8671-ec8be5904baa: addNew group-30F2EB78FEB1:[0b8c2274-85ff-4b39-8671-ec8be5904baa:192.168.157.194:34392] returns group-30F2EB78FEB1:java.util.concurrent.CompletableFuture@54211f2a[Not completed]
2019-11-14 17:36:45,612 [pool-209-thread-1] INFO  impl.RaftServerImpl (RaftServerImpl.java:<init>(98)) - 0b8c2274-85ff-4b39-8671-ec8be5904baa: new RaftServerImpl for group-30F2EB78FEB1:[0b8c2274-85ff-4b39-8671-ec8be5904baa:192.168.157.194:34392] with ContainerStateMachine:uninitialized
2019-11-14 17:36:45,612 [pool-209-thread-1] INFO  server.RaftServerConfigKeys (ConfUtils.java:logGet(43)) - raft.server.rpc.timeout.min = 1s (custom)
2019-11-14 17:36:45,612 [pool-209-thread-1] INFO  server.RaftServerConfigKeys (ConfUtils.java:logGet(43)) - raft.server.rpc.timeout.max = 1200ms (custom)
2019-11-14 17:36:45,612 [pool-209-thread-1] INFO  server.RaftServerConfigKeys (ConfUtils.java:logGet(43)) - raft.server.rpcslowness.timeout = 120s (custom)
2019-11-14 17:36:45,612 [pool-209-thread-1] INFO  server.RaftServerConfigKeys (ConfUtils.java:logGet(43)) - raft.server.sleep.deviation.threshold = 300 (default)
2019-11-14 17:36:45,612 [pool-209-thread-1] INFO  server.RaftServerConfigKeys (ConfUtils.java:logGet(43)) - raft.server.log.appender.install.snapshot.enabled = false (custom)
2019-11-14 17:36:45,612 [pool-209-thread-1] INFO  impl.RaftServerImpl (ServerState.java:<init>(103)) - 0b8c2274-85ff-4b39-8671-ec8be5904baa@group-30F2EB78FEB1: ConfigurationManager, init=-1: [0b8c2274-85ff-4b39-8671-ec8be5904baa:192.168.157.194:34392], old=null, confs=<EMPTY_MAP>
2019-11-14 17:36:45,613 [pool-209-thread-1] INFO  server.RaftServerConfigKeys (ConfUtils.java:logGet(43)) - raft.server.storage.dir = [/workdir/hadoop-ozone/integration-test/target/test-dir/MiniOzoneClusterImpl-22bbe08b-7feb-4e26-8434-b505ec12d921/datanode-6/data/ratis] (custom)
2019-11-14 17:36:45,613 [pool-209-thread-1] INFO  server.RaftServerConfigKeys (ConfUtils.java:logGet(43)) - raft.server.log.corruption.policy = EXCEPTION (default)
2019-11-14 17:36:45,613 [pool-209-thread-1] INFO  storage.RaftStorageDirectory (RaftStorageDirectory.java:analyzeStorage(246)) - The storage directory /workdir/hadoop-ozone/integration-test/target/test-dir/MiniOzoneClusterImpl-22bbe08b-7feb-4e26-8434-b505ec12d921/datanode-6/data/ratis/b9a86655-da8c-4298-968c-30f2eb78feb1 does not exist. Creating ...
2019-11-14 17:36:45,649 [pool-209-thread-1] INFO  storage.RaftStorageDirectory (RaftStorageDirectory.java:tryLock(328)) - Lock on /workdir/hadoop-ozone/integration-test/target/test-dir/MiniOzoneClusterImpl-22bbe08b-7feb-4e26-8434-b505ec12d921/datanode-6/data/ratis/b9a86655-da8c-4298-968c-30f2eb78feb1/in_use.lock acquired by nodename 10142@pr-hdds-2482-j87dr-2776293630
2019-11-14 17:36:45,666 [IPC Server handler 8 on 45518] INFO  net.NetworkTopology (NetworkTopologyImpl.java:add(111)) - Added a new node: /rack1/1f17fae6-ef42-4b5f-b929-258c4df74eb0
2019-11-14 17:36:45,666 [IPC Server handler 8 on 45518] INFO  node.SCMNodeManager (SCMNodeManager.java:register(267)) - Registered Data node : 1f17fae6-ef42-4b5f-b929-258c4df74eb0{ip: 192.168.157.194, host: pr-hdds-2482-j87dr-2776293630, networkLocation: /rack1, certSerialId: null}
2019-11-14 17:36:45,674 [pool-209-thread-1] INFO  storage.RaftStorage (RaftStorage.java:format(84)) - Storage directory /workdir/hadoop-ozone/integration-test/target/test-dir/MiniOzoneClusterImpl-22bbe08b-7feb-4e26-8434-b505ec12d921/datanode-6/data/ratis/b9a86655-da8c-4298-968c-30f2eb78feb1 has been successfully formatted.
2019-11-14 17:36:45,674 [pool-209-thread-1] INFO  ratis.ContainerStateMachine (ContainerStateMachine.java:loadSnapshot(223)) - group-30F2EB78FEB1: The snapshot info is null. Setting the last applied indexto:(t:0, i:~)
2019-11-14 17:36:45,675 [pool-209-thread-1] INFO  server.RaftServerConfigKeys (ConfUtils.java:logGet(43)) - raft.server.notification.no-leader.timeout = 120s (custom)
2019-11-14 17:36:45,675 [pool-209-thread-1] INFO  server.RaftServerConfigKeys (ConfUtils.java:logGet(43)) - raft.server.log.use.memory = false (default)
2019-11-14 17:36:45,675 [pool-209-thread-1] INFO  server.RaftServerConfigKeys (ConfUtils.java:logGet(43)) - raft.server.log.purge.gap = 1000000 (custom)
2019-11-14 17:36:45,675 [pool-209-thread-1] INFO  server.RaftServerConfigKeys (ConfUtils.java:logGet(43)) - raft.server.log.appender.buffer.byte-limit = 33554432 (custom)
2019-11-14 17:36:45,675 [pool-209-thread-1] INFO  server.RaftServerConfigKeys (ConfUtils.java:logGet(43)) - raft.server.log.segment.size.max = 1048576 (custom)
2019-11-14 17:36:45,675 [pool-209-thread-1] WARN  impl.MetricRegistriesImpl (MetricRegistriesImpl.java:lambda$create$1(61)) - First MetricRegistry has been created without registering reporters. You may need to call MetricRegistries.global().addReportRegistration(...) before.
2019-11-14 17:36:45,675 [pool-209-thread-1] INFO  server.RaftServerConfigKeys (ConfUtils.java:logGet(43)) - raft.server.log.segment.cache.num.max = 2 (custom)
2019-11-14 17:36:45,676 [pool-209-thread-1] INFO  segmented.SegmentedRaftLogWorker (SegmentedRaftLogWorker.java:<init>(173)) - new 0b8c2274-85ff-4b39-8671-ec8be5904baa@group-30F2EB78FEB1-SegmentedRaftLogWorker for RaftStorage:Storage Directory /workdir/hadoop-ozone/integration-test/target/test-dir/MiniOzoneClusterImpl-22bbe08b-7feb-4e26-8434-b505ec12d921/datanode-6/data/ratis/b9a86655-da8c-4298-968c-30f2eb78feb1
2019-11-14 17:36:45,676 [pool-209-thread-1] INFO  server.RaftServerConfigKeys (ConfUtils.java:logGet(43)) - raft.server.log.queue.byte-limit = 2147483647 (custom)
2019-11-14 17:36:45,676 [pool-209-thread-1] INFO  server.RaftServerConfigKeys (ConfUtils.java:logGet(43)) - raft.server.log.queue.element-limit = 1024 (custom)
2019-11-14 17:36:45,676 [pool-209-thread-1] INFO  server.RaftServerConfigKeys (ConfUtils.java:logGet(43)) - raft.server.log.segment.size.max = 1048576 (custom)
2019-11-14 17:36:45,676 [pool-209-thread-1] INFO  server.RaftServerConfigKeys (ConfUtils.java:logGet(43)) - raft.server.log.preallocated.size = 16384 (custom)
2019-11-14 17:36:45,676 [pool-209-thread-1] INFO  server.RaftServerConfigKeys (ConfUtils.java:logGet(43)) - raft.server.log.write.buffer.size = 33554432 (custom)
2019-11-14 17:36:45,676 [pool-209-thread-1] INFO  server.RaftServerConfigKeys (ConfUtils.java:logGet(43)) - raft.server.log.force.sync.num = 128 (default)
2019-11-14 17:36:45,676 [pool-209-thread-1] INFO  server.RaftServerConfigKeys (ConfUtils.java:logGet(43)) - raft.server.log.statemachine.data.sync = true (default)
2019-11-14 17:36:45,676 [pool-209-thread-1] INFO  server.RaftServerConfigKeys (ConfUtils.java:logGet(43)) - raft.server.log.statemachine.data.sync.timeout = 10s (default)
2019-11-14 17:36:45,677 [pool-209-thread-1] INFO  server.RaftServerConfigKeys (ConfUtils.java:logGet(43)) - raft.server.log.statemachine.data.sync.timeout.retry = -1 (default)
2019-11-14 17:36:45,677 [pool-209-thread-1] INFO  server.RaftServerConfigKeys (ConfUtils.java:logGet(43)) - raft.server.log.statemachine.data.caching.enabled = true (custom)
2019-11-14 17:36:45,677 [pool-209-thread-1] INFO  segmented.SegmentedRaftLogWorker (SegmentedRaftLogWorker.java:lambda$new$0(128)) - 0b8c2274-85ff-4b39-8671-ec8be5904baa@group-30F2EB78FEB1-SegmentedRaftLogWorker: flushIndex: setUnconditionally 0 -> -1
2019-11-14 17:36:45,677 [pool-209-thread-1] INFO  server.RaftServerConfigKeys (ConfUtils.java:logGet(43)) - raft.server.snapshot.auto.trigger.enabled = true (custom)
2019-11-14 17:36:45,678 [pool-209-thread-1] INFO  server.RaftServerConfigKeys (ConfUtils.java:logGet(43)) - raft.server.snapshot.auto.trigger.threshold = 10000 (custom)
2019-11-14 17:36:45,678 [pool-209-thread-1] INFO  server.RaftServerConfigKeys (ConfUtils.java:logGet(43)) - raft.server.snapshot.retention.file.num = 5 (custom)
2019-11-14 17:36:45,678 [pool-209-thread-1] INFO  server.RaftServerConfigKeys (ConfUtils.java:logGet(43)) - raft.server.retrycache.expirytime = 600000ms (custom)
2019-11-14 17:36:45,678 [pool-209-thread-1] WARN  impl.MetricRegistriesImpl (MetricRegistriesImpl.java:lambda$create$1(61)) - First MetricRegistry has been created without registering reporters. You may need to call MetricRegistries.global().addReportRegistration(...) before.
2019-11-14 17:36:45,678 [pool-209-thread-1] WARN  impl.MetricRegistriesImpl (MetricRegistriesImpl.java:lambda$create$1(61)) - First MetricRegistry has been created without registering reporters. You may need to call MetricRegistries.global().addReportRegistration(...) before.
2019-11-14 17:36:45,678 [pool-209-thread-1] INFO  impl.RaftServerImpl (RaftServerImpl.java:start(184)) - 0b8c2274-85ff-4b39-8671-ec8be5904baa@group-30F2EB78FEB1: start as a follower, conf=-1: [0b8c2274-85ff-4b39-8671-ec8be5904baa:192.168.157.194:34392], old=null
2019-11-14 17:36:45,678 [pool-209-thread-1] INFO  impl.RaftServerImpl (RaftServerImpl.java:setRole(173)) - 0b8c2274-85ff-4b39-8671-ec8be5904baa@group-30F2EB78FEB1: changes role from      null to FOLLOWER at term 0 for startAsFollower
2019-11-14 17:36:45,679 [pool-209-thread-1] INFO  impl.RoleInfo (RoleInfo.java:updateAndGet(143)) - 0b8c2274-85ff-4b39-8671-ec8be5904baa: start FollowerState
2019-11-14 17:36:45,679 [pool-209-thread-1] INFO  util.JmxRegister (JmxRegister.java:tryRegister(44)) - Successfully registered JMX Bean with object name Ratis:service=RaftServer,group=group-30F2EB78FEB1,id=0b8c2274-85ff-4b39-8671-ec8be5904baa
2019-11-14 17:36:45,679 [pool-209-thread-1] WARN  impl.MetricRegistriesImpl (MetricRegistriesImpl.java:lambda$create$1(61)) - First MetricRegistry has been created without registering reporters. You may need to call MetricRegistries.global().addReportRegistration(...) before.
2019-11-14 17:36:45,682 [RatisPipelineUtilsThread] INFO  pipeline.PipelineStateManager (PipelineStateManager.java:addPipeline(55)) - Created pipeline Pipeline[ Id: b9a86655-da8c-4298-968c-30f2eb78feb1, Nodes: 0b8c2274-85ff-4b39-8671-ec8be5904baa{ip: 192.168.157.194, host: pr-hdds-2482-j87dr-2776293630, networkLocation: /rack1, certSerialId: null}, Type:RATIS, Factor:ONE, State:ALLOCATED]
2019-11-14 17:36:45,689 [grpc-default-executor-3] INFO  impl.RaftServerProxy (RaftServerProxy.java:addNew(89)) - 1f17fae6-ef42-4b5f-b929-258c4df74eb0: addNew group-4B28B00B2337:[1f17fae6-ef42-4b5f-b929-258c4df74eb0:192.168.157.194:44377] returns group-4B28B00B2337:java.util.concurrent.CompletableFuture@79232e52[Not completed]
2019-11-14 17:36:45,690 [pool-219-thread-1] INFO  impl.RaftServerImpl (RaftServerImpl.java:<init>(98)) - 1f17fae6-ef42-4b5f-b929-258c4df74eb0: new RaftServerImpl for group-4B28B00B2337:[1f17fae6-ef42-4b5f-b929-258c4df74eb0:192.168.157.194:44377] with ContainerStateMachine:uninitialized
2019-11-14 17:36:45,691 [pool-219-thread-1] INFO  server.RaftServerConfigKeys (ConfUtils.java:logGet(43)) - raft.server.rpc.timeout.min = 1s (custom)
2019-11-14 17:36:45,691 [pool-219-thread-1] INFO  server.RaftServerConfigKeys (ConfUtils.java:logGet(43)) - raft.server.rpc.timeout.max = 1200ms (custom)
2019-11-14 17:36:45,691 [pool-219-thread-1] INFO  server.RaftServerConfigKeys (ConfUtils.java:logGet(43)) - raft.server.rpcslowness.timeout = 120s (custom)
2019-11-14 17:36:45,691 [pool-219-thread-1] INFO  server.RaftServerConfigKeys (ConfUtils.java:logGet(43)) - raft.server.sleep.deviation.threshold = 300 (default)
2019-11-14 17:36:45,691 [pool-219-thread-1] INFO  server.RaftServerConfigKeys (ConfUtils.java:logGet(43)) - raft.server.log.appender.install.snapshot.enabled = false (custom)
2019-11-14 17:36:45,691 [pool-219-thread-1] INFO  impl.RaftServerImpl (ServerState.java:<init>(103)) - 1f17fae6-ef42-4b5f-b929-258c4df74eb0@group-4B28B00B2337: ConfigurationManager, init=-1: [1f17fae6-ef42-4b5f-b929-258c4df74eb0:192.168.157.194:44377], old=null, confs=<EMPTY_MAP>
2019-11-14 17:36:45,691 [pool-219-thread-1] INFO  server.RaftServerConfigKeys (ConfUtils.java:logGet(43)) - raft.server.storage.dir = [/workdir/hadoop-ozone/integration-test/target/test-dir/MiniOzoneClusterImpl-22bbe08b-7feb-4e26-8434-b505ec12d921/datanode-7/data/ratis] (custom)
2019-11-14 17:36:45,692 [pool-219-thread-1] INFO  server.RaftServerConfigKeys (ConfUtils.java:logGet(43)) - raft.server.log.corruption.policy = EXCEPTION (default)
2019-11-14 17:36:45,692 [pool-219-thread-1] INFO  storage.RaftStorageDirectory (RaftStorageDirectory.java:analyzeStorage(246)) - The storage directory /workdir/hadoop-ozone/integration-test/target/test-dir/MiniOzoneClusterImpl-22bbe08b-7feb-4e26-8434-b505ec12d921/datanode-7/data/ratis/54c8d005-47dd-43b7-b9f9-4b28b00b2337 does not exist. Creating ...
2019-11-14 17:36:45,724 [pool-219-thread-1] INFO  storage.RaftStorageDirectory (RaftStorageDirectory.java:tryLock(328)) - Lock on /workdir/hadoop-ozone/integration-test/target/test-dir/MiniOzoneClusterImpl-22bbe08b-7feb-4e26-8434-b505ec12d921/datanode-7/data/ratis/54c8d005-47dd-43b7-b9f9-4b28b00b2337/in_use.lock acquired by nodename 10142@pr-hdds-2482-j87dr-2776293630
2019-11-14 17:36:45,737 [IPC Server handler 5 on 45518] INFO  net.NetworkTopology (NetworkTopologyImpl.java:add(111)) - Added a new node: /rack1/5f137831-83b6-4bbd-8817-ab596ad00049
2019-11-14 17:36:45,738 [IPC Server handler 5 on 45518] INFO  node.SCMNodeManager (SCMNodeManager.java:register(267)) - Registered Data node : 5f137831-83b6-4bbd-8817-ab596ad00049{ip: 192.168.157.194, host: pr-hdds-2482-j87dr-2776293630, networkLocation: /rack1, certSerialId: null}
2019-11-14 17:36:45,750 [pool-219-thread-1] INFO  storage.RaftStorage (RaftStorage.java:format(84)) - Storage directory /workdir/hadoop-ozone/integration-test/target/test-dir/MiniOzoneClusterImpl-22bbe08b-7feb-4e26-8434-b505ec12d921/datanode-7/data/ratis/54c8d005-47dd-43b7-b9f9-4b28b00b2337 has been successfully formatted.
2019-11-14 17:36:45,750 [pool-219-thread-1] INFO  ratis.ContainerStateMachine (ContainerStateMachine.java:loadSnapshot(223)) - group-4B28B00B2337: The snapshot info is null. Setting the last applied indexto:(t:0, i:~)
2019-11-14 17:36:45,750 [pool-219-thread-1] INFO  server.RaftServerConfigKeys (ConfUtils.java:logGet(43)) - raft.server.notification.no-leader.timeout = 120s (custom)
2019-11-14 17:36:45,751 [pool-219-thread-1] INFO  server.RaftServerConfigKeys (ConfUtils.java:logGet(43)) - raft.server.log.use.memory = false (default)
2019-11-14 17:36:45,751 [pool-219-thread-1] INFO  server.RaftServerConfigKeys (ConfUtils.java:logGet(43)) - raft.server.log.purge.gap = 1000000 (custom)
2019-11-14 17:36:45,751 [pool-219-thread-1] INFO  server.RaftServerConfigKeys (ConfUtils.java:logGet(43)) - raft.server.log.appender.buffer.byte-limit = 33554432 (custom)
2019-11-14 17:36:45,751 [pool-219-thread-1] INFO  server.RaftServerConfigKeys (ConfUtils.java:logGet(43)) - raft.server.log.segment.size.max = 1048576 (custom)
2019-11-14 17:36:45,751 [pool-219-thread-1] WARN  impl.MetricRegistriesImpl (MetricRegistriesImpl.java:lambda$create$1(61)) - First MetricRegistry has been created without registering reporters. You may need to call MetricRegistries.global().addReportRegistration(...) before.
2019-11-14 17:36:45,751 [pool-219-thread-1] INFO  server.RaftServerConfigKeys (ConfUtils.java:logGet(43)) - raft.server.log.segment.cache.num.max = 2 (custom)
2019-11-14 17:36:45,752 [pool-219-thread-1] INFO  segmented.SegmentedRaftLogWorker (SegmentedRaftLogWorker.java:<init>(173)) - new 1f17fae6-ef42-4b5f-b929-258c4df74eb0@group-4B28B00B2337-SegmentedRaftLogWorker for RaftStorage:Storage Directory /workdir/hadoop-ozone/integration-test/target/test-dir/MiniOzoneClusterImpl-22bbe08b-7feb-4e26-8434-b505ec12d921/datanode-7/data/ratis/54c8d005-47dd-43b7-b9f9-4b28b00b2337
2019-11-14 17:36:45,752 [pool-219-thread-1] INFO  server.RaftServerConfigKeys (ConfUtils.java:logGet(43)) - raft.server.log.queue.byte-limit = 2147483647 (custom)
2019-11-14 17:36:45,752 [pool-219-thread-1] INFO  server.RaftServerConfigKeys (ConfUtils.java:logGet(43)) - raft.server.log.queue.element-limit = 1024 (custom)
2019-11-14 17:36:45,752 [pool-219-thread-1] INFO  server.RaftServerConfigKeys (ConfUtils.java:logGet(43)) - raft.server.log.segment.size.max = 1048576 (custom)
2019-11-14 17:36:45,752 [pool-219-thread-1] INFO  server.RaftServerConfigKeys (ConfUtils.java:logGet(43)) - raft.server.log.preallocated.size = 16384 (custom)
2019-11-14 17:36:45,752 [pool-219-thread-1] INFO  server.RaftServerConfigKeys (ConfUtils.java:logGet(43)) - raft.server.log.write.buffer.size = 33554432 (custom)
2019-11-14 17:36:45,752 [pool-219-thread-1] INFO  server.RaftServerConfigKeys (ConfUtils.java:logGet(43)) - raft.server.log.force.sync.num = 128 (default)
2019-11-14 17:36:45,752 [pool-219-thread-1] INFO  server.RaftServerConfigKeys (ConfUtils.java:logGet(43)) - raft.server.log.statemachine.data.sync = true (default)
2019-11-14 17:36:45,753 [pool-219-thread-1] INFO  server.RaftServerConfigKeys (ConfUtils.java:logGet(43)) - raft.server.log.statemachine.data.sync.timeout = 10s (default)
2019-11-14 17:36:45,753 [pool-219-thread-1] INFO  server.RaftServerConfigKeys (ConfUtils.java:logGet(43)) - raft.server.log.statemachine.data.sync.timeout.retry = -1 (default)
2019-11-14 17:36:45,753 [pool-219-thread-1] INFO  server.RaftServerConfigKeys (ConfUtils.java:logGet(43)) - raft.server.log.statemachine.data.caching.enabled = true (custom)
2019-11-14 17:36:45,753 [pool-219-thread-1] INFO  segmented.SegmentedRaftLogWorker (SegmentedRaftLogWorker.java:lambda$new$0(128)) - 1f17fae6-ef42-4b5f-b929-258c4df74eb0@group-4B28B00B2337-SegmentedRaftLogWorker: flushIndex: setUnconditionally 0 -> -1
2019-11-14 17:36:45,753 [pool-219-thread-1] INFO  server.RaftServerConfigKeys (ConfUtils.java:logGet(43)) - raft.server.snapshot.auto.trigger.enabled = true (custom)
2019-11-14 17:36:45,754 [pool-219-thread-1] INFO  server.RaftServerConfigKeys (ConfUtils.java:logGet(43)) - raft.server.snapshot.auto.trigger.threshold = 10000 (custom)
2019-11-14 17:36:45,754 [pool-219-thread-1] INFO  server.RaftServerConfigKeys (ConfUtils.java:logGet(43)) - raft.server.snapshot.retention.file.num = 5 (custom)
2019-11-14 17:36:45,754 [pool-219-thread-1] INFO  server.RaftServerConfigKeys (ConfUtils.java:logGet(43)) - raft.server.retrycache.expirytime = 600000ms (custom)
2019-11-14 17:36:45,754 [pool-219-thread-1] WARN  impl.MetricRegistriesImpl (MetricRegistriesImpl.java:lambda$create$1(61)) - First MetricRegistry has been created without registering reporters. You may need to call MetricRegistries.global().addReportRegistration(...) before.
2019-11-14 17:36:45,754 [pool-219-thread-1] WARN  impl.MetricRegistriesImpl (MetricRegistriesImpl.java:lambda$create$1(61)) - First MetricRegistry has been created without registering reporters. You may need to call MetricRegistries.global().addReportRegistration(...) before.
2019-11-14 17:36:45,754 [pool-219-thread-1] INFO  impl.RaftServerImpl (RaftServerImpl.java:start(184)) - 1f17fae6-ef42-4b5f-b929-258c4df74eb0@group-4B28B00B2337: start as a follower, conf=-1: [1f17fae6-ef42-4b5f-b929-258c4df74eb0:192.168.157.194:44377], old=null
2019-11-14 17:36:45,754 [pool-219-thread-1] INFO  impl.RaftServerImpl (RaftServerImpl.java:setRole(173)) - 1f17fae6-ef42-4b5f-b929-258c4df74eb0@group-4B28B00B2337: changes role from      null to FOLLOWER at term 0 for startAsFollower
2019-11-14 17:36:45,755 [pool-219-thread-1] INFO  impl.RoleInfo (RoleInfo.java:updateAndGet(143)) - 1f17fae6-ef42-4b5f-b929-258c4df74eb0: start FollowerState
2019-11-14 17:36:45,755 [pool-219-thread-1] INFO  util.JmxRegister (JmxRegister.java:tryRegister(44)) - Successfully registered JMX Bean with object name Ratis:service=RaftServer,group=group-4B28B00B2337,id=1f17fae6-ef42-4b5f-b929-258c4df74eb0
2019-11-14 17:36:45,755 [pool-219-thread-1] WARN  impl.MetricRegistriesImpl (MetricRegistriesImpl.java:lambda$create$1(61)) - First MetricRegistry has been created without registering reporters. You may need to call MetricRegistries.global().addReportRegistration(...) before.
2019-11-14 17:36:45,758 [RatisPipelineUtilsThread] INFO  pipeline.PipelineStateManager (PipelineStateManager.java:addPipeline(55)) - Created pipeline Pipeline[ Id: 54c8d005-47dd-43b7-b9f9-4b28b00b2337, Nodes: 1f17fae6-ef42-4b5f-b929-258c4df74eb0{ip: 192.168.157.194, host: pr-hdds-2482-j87dr-2776293630, networkLocation: /rack1, certSerialId: null}, Type:RATIS, Factor:ONE, State:ALLOCATED]
2019-11-14 17:36:45,765 [grpc-default-executor-3] INFO  impl.RaftServerProxy (RaftServerProxy.java:addNew(89)) - 5f137831-83b6-4bbd-8817-ab596ad00049: addNew group-FDEC35373265:[5f137831-83b6-4bbd-8817-ab596ad00049:192.168.157.194:34259] returns group-FDEC35373265:java.util.concurrent.CompletableFuture@4fac8107[Not completed]
2019-11-14 17:36:45,767 [pool-229-thread-1] INFO  impl.RaftServerImpl (RaftServerImpl.java:<init>(98)) - 5f137831-83b6-4bbd-8817-ab596ad00049: new RaftServerImpl for group-FDEC35373265:[5f137831-83b6-4bbd-8817-ab596ad00049:192.168.157.194:34259] with ContainerStateMachine:uninitialized
2019-11-14 17:36:45,767 [pool-229-thread-1] INFO  server.RaftServerConfigKeys (ConfUtils.java:logGet(43)) - raft.server.rpc.timeout.min = 1s (custom)
2019-11-14 17:36:45,767 [pool-229-thread-1] INFO  server.RaftServerConfigKeys (ConfUtils.java:logGet(43)) - raft.server.rpc.timeout.max = 1200ms (custom)
2019-11-14 17:36:45,767 [pool-229-thread-1] INFO  server.RaftServerConfigKeys (ConfUtils.java:logGet(43)) - raft.server.rpcslowness.timeout = 120s (custom)
2019-11-14 17:36:45,767 [pool-229-thread-1] INFO  server.RaftServerConfigKeys (ConfUtils.java:logGet(43)) - raft.server.sleep.deviation.threshold = 300 (default)
2019-11-14 17:36:45,767 [pool-229-thread-1] INFO  server.RaftServerConfigKeys (ConfUtils.java:logGet(43)) - raft.server.log.appender.install.snapshot.enabled = false (custom)
2019-11-14 17:36:45,767 [pool-229-thread-1] INFO  impl.RaftServerImpl (ServerState.java:<init>(103)) - 5f137831-83b6-4bbd-8817-ab596ad00049@group-FDEC35373265: ConfigurationManager, init=-1: [5f137831-83b6-4bbd-8817-ab596ad00049:192.168.157.194:34259], old=null, confs=<EMPTY_MAP>
2019-11-14 17:36:45,768 [pool-229-thread-1] INFO  server.RaftServerConfigKeys (ConfUtils.java:logGet(43)) - raft.server.storage.dir = [/workdir/hadoop-ozone/integration-test/target/test-dir/MiniOzoneClusterImpl-22bbe08b-7feb-4e26-8434-b505ec12d921/datanode-8/data/ratis] (custom)
2019-11-14 17:36:45,768 [pool-229-thread-1] INFO  server.RaftServerConfigKeys (ConfUtils.java:logGet(43)) - raft.server.log.corruption.policy = EXCEPTION (default)
2019-11-14 17:36:45,768 [pool-229-thread-1] INFO  storage.RaftStorageDirectory (RaftStorageDirectory.java:analyzeStorage(246)) - The storage directory /workdir/hadoop-ozone/integration-test/target/test-dir/MiniOzoneClusterImpl-22bbe08b-7feb-4e26-8434-b505ec12d921/datanode-8/data/ratis/2edd1f80-79b4-4cba-b2aa-fdec35373265 does not exist. Creating ...
2019-11-14 17:36:45,792 [pool-229-thread-1] INFO  storage.RaftStorageDirectory (RaftStorageDirectory.java:tryLock(328)) - Lock on /workdir/hadoop-ozone/integration-test/target/test-dir/MiniOzoneClusterImpl-22bbe08b-7feb-4e26-8434-b505ec12d921/datanode-8/data/ratis/2edd1f80-79b4-4cba-b2aa-fdec35373265/in_use.lock acquired by nodename 10142@pr-hdds-2482-j87dr-2776293630
2019-11-14 17:36:45,807 [IPC Server handler 6 on 45518] INFO  net.NetworkTopology (NetworkTopologyImpl.java:add(111)) - Added a new node: /rack1/785a1b68-bc50-461a-9c66-217454b39c0f
2019-11-14 17:36:45,807 [IPC Server handler 6 on 45518] INFO  node.SCMNodeManager (SCMNodeManager.java:register(267)) - Registered Data node : 785a1b68-bc50-461a-9c66-217454b39c0f{ip: 192.168.157.194, host: pr-hdds-2482-j87dr-2776293630, networkLocation: /rack1, certSerialId: null}
2019-11-14 17:36:45,817 [pool-229-thread-1] INFO  storage.RaftStorage (RaftStorage.java:format(84)) - Storage directory /workdir/hadoop-ozone/integration-test/target/test-dir/MiniOzoneClusterImpl-22bbe08b-7feb-4e26-8434-b505ec12d921/datanode-8/data/ratis/2edd1f80-79b4-4cba-b2aa-fdec35373265 has been successfully formatted.
2019-11-14 17:36:45,818 [pool-229-thread-1] INFO  ratis.ContainerStateMachine (ContainerStateMachine.java:loadSnapshot(223)) - group-FDEC35373265: The snapshot info is null. Setting the last applied indexto:(t:0, i:~)
2019-11-14 17:36:45,818 [pool-229-thread-1] INFO  server.RaftServerConfigKeys (ConfUtils.java:logGet(43)) - raft.server.notification.no-leader.timeout = 120s (custom)
2019-11-14 17:36:45,818 [pool-229-thread-1] INFO  server.RaftServerConfigKeys (ConfUtils.java:logGet(43)) - raft.server.log.use.memory = false (default)
2019-11-14 17:36:45,818 [pool-229-thread-1] INFO  server.RaftServerConfigKeys (ConfUtils.java:logGet(43)) - raft.server.log.purge.gap = 1000000 (custom)
2019-11-14 17:36:45,818 [pool-229-thread-1] INFO  server.RaftServerConfigKeys (ConfUtils.java:logGet(43)) - raft.server.log.appender.buffer.byte-limit = 33554432 (custom)
2019-11-14 17:36:45,818 [pool-229-thread-1] INFO  server.RaftServerConfigKeys (ConfUtils.java:logGet(43)) - raft.server.log.segment.size.max = 1048576 (custom)
2019-11-14 17:36:45,819 [pool-229-thread-1] WARN  impl.MetricRegistriesImpl (MetricRegistriesImpl.java:lambda$create$1(61)) - First MetricRegistry has been created without registering reporters. You may need to call MetricRegistries.global().addReportRegistration(...) before.
2019-11-14 17:36:45,819 [pool-229-thread-1] INFO  server.RaftServerConfigKeys (ConfUtils.java:logGet(43)) - raft.server.log.segment.cache.num.max = 2 (custom)
2019-11-14 17:36:45,819 [pool-229-thread-1] INFO  segmented.SegmentedRaftLogWorker (SegmentedRaftLogWorker.java:<init>(173)) - new 5f137831-83b6-4bbd-8817-ab596ad00049@group-FDEC35373265-SegmentedRaftLogWorker for RaftStorage:Storage Directory /workdir/hadoop-ozone/integration-test/target/test-dir/MiniOzoneClusterImpl-22bbe08b-7feb-4e26-8434-b505ec12d921/datanode-8/data/ratis/2edd1f80-79b4-4cba-b2aa-fdec35373265
2019-11-14 17:36:45,819 [pool-229-thread-1] INFO  server.RaftServerConfigKeys (ConfUtils.java:logGet(43)) - raft.server.log.queue.byte-limit = 2147483647 (custom)
2019-11-14 17:36:45,819 [pool-229-thread-1] INFO  server.RaftServerConfigKeys (ConfUtils.java:logGet(43)) - raft.server.log.queue.element-limit = 1024 (custom)
2019-11-14 17:36:45,819 [pool-229-thread-1] INFO  server.RaftServerConfigKeys (ConfUtils.java:logGet(43)) - raft.server.log.segment.size.max = 1048576 (custom)
2019-11-14 17:36:45,819 [pool-229-thread-1] INFO  server.RaftServerConfigKeys (ConfUtils.java:logGet(43)) - raft.server.log.preallocated.size = 16384 (custom)
2019-11-14 17:36:45,819 [pool-229-thread-1] INFO  server.RaftServerConfigKeys (ConfUtils.java:logGet(43)) - raft.server.log.write.buffer.size = 33554432 (custom)
2019-11-14 17:36:45,820 [pool-229-thread-1] INFO  server.RaftServerConfigKeys (ConfUtils.java:logGet(43)) - raft.server.log.force.sync.num = 128 (default)
2019-11-14 17:36:45,820 [pool-229-thread-1] INFO  server.RaftServerConfigKeys (ConfUtils.java:logGet(43)) - raft.server.log.statemachine.data.sync = true (default)
2019-11-14 17:36:45,820 [pool-229-thread-1] INFO  server.RaftServerConfigKeys (ConfUtils.java:logGet(43)) - raft.server.log.statemachine.data.sync.timeout = 10s (default)
2019-11-14 17:36:45,820 [pool-229-thread-1] INFO  server.RaftServerConfigKeys (ConfUtils.java:logGet(43)) - raft.server.log.statemachine.data.sync.timeout.retry = -1 (default)
2019-11-14 17:36:45,820 [pool-229-thread-1] INFO  server.RaftServerConfigKeys (ConfUtils.java:logGet(43)) - raft.server.log.statemachine.data.caching.enabled = true (custom)
2019-11-14 17:36:45,820 [pool-229-thread-1] INFO  segmented.SegmentedRaftLogWorker (SegmentedRaftLogWorker.java:lambda$new$0(128)) - 5f137831-83b6-4bbd-8817-ab596ad00049@group-FDEC35373265-SegmentedRaftLogWorker: flushIndex: setUnconditionally 0 -> -1
2019-11-14 17:36:45,821 [pool-229-thread-1] INFO  server.RaftServerConfigKeys (ConfUtils.java:logGet(43)) - raft.server.snapshot.auto.trigger.enabled = true (custom)
2019-11-14 17:36:45,821 [pool-229-thread-1] INFO  server.RaftServerConfigKeys (ConfUtils.java:logGet(43)) - raft.server.snapshot.auto.trigger.threshold = 10000 (custom)
2019-11-14 17:36:45,821 [pool-229-thread-1] INFO  server.RaftServerConfigKeys (ConfUtils.java:logGet(43)) - raft.server.snapshot.retention.file.num = 5 (custom)
2019-11-14 17:36:45,821 [pool-229-thread-1] INFO  server.RaftServerConfigKeys (ConfUtils.java:logGet(43)) - raft.server.retrycache.expirytime = 600000ms (custom)
2019-11-14 17:36:45,821 [pool-229-thread-1] WARN  impl.MetricRegistriesImpl (MetricRegistriesImpl.java:lambda$create$1(61)) - First MetricRegistry has been created without registering reporters. You may need to call MetricRegistries.global().addReportRegistration(...) before.
2019-11-14 17:36:45,821 [pool-229-thread-1] WARN  impl.MetricRegistriesImpl (MetricRegistriesImpl.java:lambda$create$1(61)) - First MetricRegistry has been created without registering reporters. You may need to call MetricRegistries.global().addReportRegistration(...) before.
2019-11-14 17:36:45,822 [pool-229-thread-1] INFO  impl.RaftServerImpl (RaftServerImpl.java:start(184)) - 5f137831-83b6-4bbd-8817-ab596ad00049@group-FDEC35373265: start as a follower, conf=-1: [5f137831-83b6-4bbd-8817-ab596ad00049:192.168.157.194:34259], old=null
2019-11-14 17:36:45,822 [pool-229-thread-1] INFO  impl.RaftServerImpl (RaftServerImpl.java:setRole(173)) - 5f137831-83b6-4bbd-8817-ab596ad00049@group-FDEC35373265: changes role from      null to FOLLOWER at term 0 for startAsFollower
2019-11-14 17:36:45,822 [pool-229-thread-1] INFO  impl.RoleInfo (RoleInfo.java:updateAndGet(143)) - 5f137831-83b6-4bbd-8817-ab596ad00049: start FollowerState
2019-11-14 17:36:45,822 [pool-229-thread-1] INFO  util.JmxRegister (JmxRegister.java:tryRegister(44)) - Successfully registered JMX Bean with object name Ratis:service=RaftServer,group=group-FDEC35373265,id=5f137831-83b6-4bbd-8817-ab596ad00049
2019-11-14 17:36:45,823 [pool-229-thread-1] WARN  impl.MetricRegistriesImpl (MetricRegistriesImpl.java:lambda$create$1(61)) - First MetricRegistry has been created without registering reporters. You may need to call MetricRegistries.global().addReportRegistration(...) before.
2019-11-14 17:36:45,825 [RatisPipelineUtilsThread] INFO  pipeline.PipelineStateManager (PipelineStateManager.java:addPipeline(55)) - Created pipeline Pipeline[ Id: 2edd1f80-79b4-4cba-b2aa-fdec35373265, Nodes: 5f137831-83b6-4bbd-8817-ab596ad00049{ip: 192.168.157.194, host: pr-hdds-2482-j87dr-2776293630, networkLocation: /rack1, certSerialId: null}, Type:RATIS, Factor:ONE, State:ALLOCATED]
2019-11-14 17:36:45,843 [grpc-default-executor-3] INFO  impl.RaftServerProxy (RaftServerProxy.java:addNew(89)) - 785a1b68-bc50-461a-9c66-217454b39c0f: addNew group-CB4DE0E09CF8:[785a1b68-bc50-461a-9c66-217454b39c0f:192.168.157.194:36611] returns group-CB4DE0E09CF8:java.util.concurrent.CompletableFuture@41f54c40[Not completed]
2019-11-14 17:36:45,845 [pool-239-thread-1] INFO  impl.RaftServerImpl (RaftServerImpl.java:<init>(98)) - 785a1b68-bc50-461a-9c66-217454b39c0f: new RaftServerImpl for group-CB4DE0E09CF8:[785a1b68-bc50-461a-9c66-217454b39c0f:192.168.157.194:36611] with ContainerStateMachine:uninitialized
2019-11-14 17:36:45,845 [pool-239-thread-1] INFO  server.RaftServerConfigKeys (ConfUtils.java:logGet(43)) - raft.server.rpc.timeout.min = 1s (custom)
2019-11-14 17:36:45,845 [pool-239-thread-1] INFO  server.RaftServerConfigKeys (ConfUtils.java:logGet(43)) - raft.server.rpc.timeout.max = 1200ms (custom)
2019-11-14 17:36:45,845 [pool-239-thread-1] INFO  server.RaftServerConfigKeys (ConfUtils.java:logGet(43)) - raft.server.rpcslowness.timeout = 120s (custom)
2019-11-14 17:36:45,845 [pool-239-thread-1] INFO  server.RaftServerConfigKeys (ConfUtils.java:logGet(43)) - raft.server.sleep.deviation.threshold = 300 (default)
2019-11-14 17:36:45,846 [pool-239-thread-1] INFO  server.RaftServerConfigKeys (ConfUtils.java:logGet(43)) - raft.server.log.appender.install.snapshot.enabled = false (custom)
2019-11-14 17:36:45,846 [pool-239-thread-1] INFO  impl.RaftServerImpl (ServerState.java:<init>(103)) - 785a1b68-bc50-461a-9c66-217454b39c0f@group-CB4DE0E09CF8: ConfigurationManager, init=-1: [785a1b68-bc50-461a-9c66-217454b39c0f:192.168.157.194:36611], old=null, confs=<EMPTY_MAP>
2019-11-14 17:36:45,846 [pool-239-thread-1] INFO  server.RaftServerConfigKeys (ConfUtils.java:logGet(43)) - raft.server.storage.dir = [/workdir/hadoop-ozone/integration-test/target/test-dir/MiniOzoneClusterImpl-22bbe08b-7feb-4e26-8434-b505ec12d921/datanode-9/data/ratis] (custom)
2019-11-14 17:36:45,846 [pool-239-thread-1] INFO  server.RaftServerConfigKeys (ConfUtils.java:logGet(43)) - raft.server.log.corruption.policy = EXCEPTION (default)
2019-11-14 17:36:45,846 [pool-239-thread-1] INFO  storage.RaftStorageDirectory (RaftStorageDirectory.java:analyzeStorage(246)) - The storage directory /workdir/hadoop-ozone/integration-test/target/test-dir/MiniOzoneClusterImpl-22bbe08b-7feb-4e26-8434-b505ec12d921/datanode-9/data/ratis/4ff8830d-025b-4434-9336-cb4de0e09cf8 does not exist. Creating ...
2019-11-14 17:36:45,876 [pool-239-thread-1] INFO  storage.RaftStorageDirectory (RaftStorageDirectory.java:tryLock(328)) - Lock on /workdir/hadoop-ozone/integration-test/target/test-dir/MiniOzoneClusterImpl-22bbe08b-7feb-4e26-8434-b505ec12d921/datanode-9/data/ratis/4ff8830d-025b-4434-9336-cb4de0e09cf8/in_use.lock acquired by nodename 10142@pr-hdds-2482-j87dr-2776293630
2019-11-14 17:36:45,902 [pool-239-thread-1] INFO  storage.RaftStorage (RaftStorage.java:format(84)) - Storage directory /workdir/hadoop-ozone/integration-test/target/test-dir/MiniOzoneClusterImpl-22bbe08b-7feb-4e26-8434-b505ec12d921/datanode-9/data/ratis/4ff8830d-025b-4434-9336-cb4de0e09cf8 has been successfully formatted.
2019-11-14 17:36:45,903 [pool-239-thread-1] INFO  ratis.ContainerStateMachine (ContainerStateMachine.java:loadSnapshot(223)) - group-CB4DE0E09CF8: The snapshot info is null. Setting the last applied indexto:(t:0, i:~)
2019-11-14 17:36:45,903 [pool-239-thread-1] INFO  server.RaftServerConfigKeys (ConfUtils.java:logGet(43)) - raft.server.notification.no-leader.timeout = 120s (custom)
2019-11-14 17:36:45,903 [pool-239-thread-1] INFO  server.RaftServerConfigKeys (ConfUtils.java:logGet(43)) - raft.server.log.use.memory = false (default)
2019-11-14 17:36:45,903 [pool-239-thread-1] INFO  server.RaftServerConfigKeys (ConfUtils.java:logGet(43)) - raft.server.log.purge.gap = 1000000 (custom)
2019-11-14 17:36:45,903 [pool-239-thread-1] INFO  server.RaftServerConfigKeys (ConfUtils.java:logGet(43)) - raft.server.log.appender.buffer.byte-limit = 33554432 (custom)
2019-11-14 17:36:45,903 [pool-239-thread-1] INFO  server.RaftServerConfigKeys (ConfUtils.java:logGet(43)) - raft.server.log.segment.size.max = 1048576 (custom)
2019-11-14 17:36:45,903 [pool-239-thread-1] WARN  impl.MetricRegistriesImpl (MetricRegistriesImpl.java:lambda$create$1(61)) - First MetricRegistry has been created without registering reporters. You may need to call MetricRegistries.global().addReportRegistration(...) before.
2019-11-14 17:36:45,903 [pool-239-thread-1] INFO  server.RaftServerConfigKeys (ConfUtils.java:logGet(43)) - raft.server.log.segment.cache.num.max = 2 (custom)
2019-11-14 17:36:45,904 [pool-239-thread-1] INFO  segmented.SegmentedRaftLogWorker (SegmentedRaftLogWorker.java:<init>(173)) - new 785a1b68-bc50-461a-9c66-217454b39c0f@group-CB4DE0E09CF8-SegmentedRaftLogWorker for RaftStorage:Storage Directory /workdir/hadoop-ozone/integration-test/target/test-dir/MiniOzoneClusterImpl-22bbe08b-7feb-4e26-8434-b505ec12d921/datanode-9/data/ratis/4ff8830d-025b-4434-9336-cb4de0e09cf8
2019-11-14 17:36:45,904 [pool-239-thread-1] INFO  server.RaftServerConfigKeys (ConfUtils.java:logGet(43)) - raft.server.log.queue.byte-limit = 2147483647 (custom)
2019-11-14 17:36:45,904 [pool-239-thread-1] INFO  server.RaftServerConfigKeys (ConfUtils.java:logGet(43)) - raft.server.log.queue.element-limit = 1024 (custom)
2019-11-14 17:36:45,904 [pool-239-thread-1] INFO  server.RaftServerConfigKeys (ConfUtils.java:logGet(43)) - raft.server.log.segment.size.max = 1048576 (custom)
2019-11-14 17:36:45,904 [pool-239-thread-1] INFO  server.RaftServerConfigKeys (ConfUtils.java:logGet(43)) - raft.server.log.preallocated.size = 16384 (custom)
2019-11-14 17:36:45,904 [pool-239-thread-1] INFO  server.RaftServerConfigKeys (ConfUtils.java:logGet(43)) - raft.server.log.write.buffer.size = 33554432 (custom)
2019-11-14 17:36:45,904 [pool-239-thread-1] INFO  server.RaftServerConfigKeys (ConfUtils.java:logGet(43)) - raft.server.log.force.sync.num = 128 (default)
2019-11-14 17:36:45,904 [pool-239-thread-1] INFO  server.RaftServerConfigKeys (ConfUtils.java:logGet(43)) - raft.server.log.statemachine.data.sync = true (default)
2019-11-14 17:36:45,904 [pool-239-thread-1] INFO  server.RaftServerConfigKeys (ConfUtils.java:logGet(43)) - raft.server.log.statemachine.data.sync.timeout = 10s (default)
2019-11-14 17:36:45,905 [pool-239-thread-1] INFO  server.RaftServerConfigKeys (ConfUtils.java:logGet(43)) - raft.server.log.statemachine.data.sync.timeout.retry = -1 (default)
2019-11-14 17:36:45,905 [pool-239-thread-1] INFO  server.RaftServerConfigKeys (ConfUtils.java:logGet(43)) - raft.server.log.statemachine.data.caching.enabled = true (custom)
2019-11-14 17:36:45,905 [pool-239-thread-1] INFO  segmented.SegmentedRaftLogWorker (SegmentedRaftLogWorker.java:lambda$new$0(128)) - 785a1b68-bc50-461a-9c66-217454b39c0f@group-CB4DE0E09CF8-SegmentedRaftLogWorker: flushIndex: setUnconditionally 0 -> -1
2019-11-14 17:36:45,905 [pool-239-thread-1] INFO  server.RaftServerConfigKeys (ConfUtils.java:logGet(43)) - raft.server.snapshot.auto.trigger.enabled = true (custom)
2019-11-14 17:36:45,905 [pool-239-thread-1] INFO  server.RaftServerConfigKeys (ConfUtils.java:logGet(43)) - raft.server.snapshot.auto.trigger.threshold = 10000 (custom)
2019-11-14 17:36:45,906 [pool-239-thread-1] INFO  server.RaftServerConfigKeys (ConfUtils.java:logGet(43)) - raft.server.snapshot.retention.file.num = 5 (custom)
2019-11-14 17:36:45,906 [pool-239-thread-1] INFO  server.RaftServerConfigKeys (ConfUtils.java:logGet(43)) - raft.server.retrycache.expirytime = 600000ms (custom)
2019-11-14 17:36:45,906 [pool-239-thread-1] WARN  impl.MetricRegistriesImpl (MetricRegistriesImpl.java:lambda$create$1(61)) - First MetricRegistry has been created without registering reporters. You may need to call MetricRegistries.global().addReportRegistration(...) before.
2019-11-14 17:36:45,906 [pool-239-thread-1] WARN  impl.MetricRegistriesImpl (MetricRegistriesImpl.java:lambda$create$1(61)) - First MetricRegistry has been created without registering reporters. You may need to call MetricRegistries.global().addReportRegistration(...) before.
2019-11-14 17:36:45,906 [pool-239-thread-1] INFO  impl.RaftServerImpl (RaftServerImpl.java:start(184)) - 785a1b68-bc50-461a-9c66-217454b39c0f@group-CB4DE0E09CF8: start as a follower, conf=-1: [785a1b68-bc50-461a-9c66-217454b39c0f:192.168.157.194:36611], old=null
2019-11-14 17:36:45,906 [pool-239-thread-1] INFO  impl.RaftServerImpl (RaftServerImpl.java:setRole(173)) - 785a1b68-bc50-461a-9c66-217454b39c0f@group-CB4DE0E09CF8: changes role from      null to FOLLOWER at term 0 for startAsFollower
2019-11-14 17:36:45,906 [pool-239-thread-1] INFO  impl.RoleInfo (RoleInfo.java:updateAndGet(143)) - 785a1b68-bc50-461a-9c66-217454b39c0f: start FollowerState
2019-11-14 17:36:45,907 [pool-239-thread-1] INFO  util.JmxRegister (JmxRegister.java:tryRegister(44)) - Successfully registered JMX Bean with object name Ratis:service=RaftServer,group=group-CB4DE0E09CF8,id=785a1b68-bc50-461a-9c66-217454b39c0f
2019-11-14 17:36:45,907 [pool-239-thread-1] WARN  impl.MetricRegistriesImpl (MetricRegistriesImpl.java:lambda$create$1(61)) - First MetricRegistry has been created without registering reporters. You may need to call MetricRegistries.global().addReportRegistration(...) before.
2019-11-14 17:36:45,910 [RatisPipelineUtilsThread] INFO  pipeline.PipelineStateManager (PipelineStateManager.java:addPipeline(55)) - Created pipeline Pipeline[ Id: 4ff8830d-025b-4434-9336-cb4de0e09cf8, Nodes: 785a1b68-bc50-461a-9c66-217454b39c0f{ip: 192.168.157.194, host: pr-hdds-2482-j87dr-2776293630, networkLocation: /rack1, certSerialId: null}, Type:RATIS, Factor:ONE, State:ALLOCATED]
2019-11-14 17:36:45,918 [grpc-default-executor-3] INFO  impl.RaftServerProxy (RaftServerProxy.java:addNew(89)) - 55ab2526-4f89-4bd2-9902-395461fa7031: addNew group-54586048B429:[55ab2526-4f89-4bd2-9902-395461fa7031:192.168.157.194:41123, 785a1b68-bc50-461a-9c66-217454b39c0f:192.168.157.194:36611, a3b153ef-1e94-4227-8997-77072f34e630:192.168.157.194:41542] returns group-54586048B429:java.util.concurrent.CompletableFuture@2e9be606[Not completed]
2019-11-14 17:36:45,920 [grpc-default-executor-6] INFO  impl.RaftServerProxy (RaftServerProxy.java:addNew(89)) - 785a1b68-bc50-461a-9c66-217454b39c0f: addNew group-54586048B429:[55ab2526-4f89-4bd2-9902-395461fa7031:192.168.157.194:41123, 785a1b68-bc50-461a-9c66-217454b39c0f:192.168.157.194:36611, a3b153ef-1e94-4227-8997-77072f34e630:192.168.157.194:41542] returns group-54586048B429:java.util.concurrent.CompletableFuture@8d43c47[Not completed]
2019-11-14 17:36:45,920 [grpc-default-executor-2] INFO  impl.RaftServerProxy (RaftServerProxy.java:addNew(89)) - a3b153ef-1e94-4227-8997-77072f34e630: addNew group-54586048B429:[55ab2526-4f89-4bd2-9902-395461fa7031:192.168.157.194:41123, 785a1b68-bc50-461a-9c66-217454b39c0f:192.168.157.194:36611, a3b153ef-1e94-4227-8997-77072f34e630:192.168.157.194:41542] returns group-54586048B429:java.util.concurrent.CompletableFuture@2ba412aa[Not completed]
2019-11-14 17:36:45,922 [pool-239-thread-1] INFO  impl.RaftServerImpl (RaftServerImpl.java:<init>(98)) - 785a1b68-bc50-461a-9c66-217454b39c0f: new RaftServerImpl for group-54586048B429:[55ab2526-4f89-4bd2-9902-395461fa7031:192.168.157.194:41123, 785a1b68-bc50-461a-9c66-217454b39c0f:192.168.157.194:36611, a3b153ef-1e94-4227-8997-77072f34e630:192.168.157.194:41542] with ContainerStateMachine:uninitialized
2019-11-14 17:36:45,922 [pool-239-thread-1] INFO  server.RaftServerConfigKeys (ConfUtils.java:logGet(43)) - raft.server.rpc.timeout.min = 1s (custom)
2019-11-14 17:36:45,922 [pool-239-thread-1] INFO  server.RaftServerConfigKeys (ConfUtils.java:logGet(43)) - raft.server.rpc.timeout.max = 1200ms (custom)
2019-11-14 17:36:45,922 [pool-239-thread-1] INFO  server.RaftServerConfigKeys (ConfUtils.java:logGet(43)) - raft.server.rpcslowness.timeout = 120s (custom)
2019-11-14 17:36:45,922 [pool-239-thread-1] INFO  server.RaftServerConfigKeys (ConfUtils.java:logGet(43)) - raft.server.sleep.deviation.threshold = 300 (default)
2019-11-14 17:36:45,922 [pool-239-thread-1] INFO  server.RaftServerConfigKeys (ConfUtils.java:logGet(43)) - raft.server.log.appender.install.snapshot.enabled = false (custom)
2019-11-14 17:36:45,923 [pool-239-thread-1] INFO  impl.RaftServerImpl (ServerState.java:<init>(103)) - 785a1b68-bc50-461a-9c66-217454b39c0f@group-54586048B429: ConfigurationManager, init=-1: [55ab2526-4f89-4bd2-9902-395461fa7031:192.168.157.194:41123, 785a1b68-bc50-461a-9c66-217454b39c0f:192.168.157.194:36611, a3b153ef-1e94-4227-8997-77072f34e630:192.168.157.194:41542], old=null, confs=<EMPTY_MAP>
2019-11-14 17:36:45,923 [pool-239-thread-1] INFO  server.RaftServerConfigKeys (ConfUtils.java:logGet(43)) - raft.server.storage.dir = [/workdir/hadoop-ozone/integration-test/target/test-dir/MiniOzoneClusterImpl-22bbe08b-7feb-4e26-8434-b505ec12d921/datanode-9/data/ratis] (custom)
2019-11-14 17:36:45,923 [pool-239-thread-1] INFO  server.RaftServerConfigKeys (ConfUtils.java:logGet(43)) - raft.server.log.corruption.policy = EXCEPTION (default)
2019-11-14 17:36:45,923 [pool-239-thread-1] INFO  storage.RaftStorageDirectory (RaftStorageDirectory.java:analyzeStorage(246)) - The storage directory /workdir/hadoop-ozone/integration-test/target/test-dir/MiniOzoneClusterImpl-22bbe08b-7feb-4e26-8434-b505ec12d921/datanode-9/data/ratis/5c1052a8-6c13-4872-ae28-54586048b429 does not exist. Creating ...
2019-11-14 17:36:45,923 [pool-189-thread-1] INFO  impl.RaftServerImpl (RaftServerImpl.java:<init>(98)) - a3b153ef-1e94-4227-8997-77072f34e630: new RaftServerImpl for group-54586048B429:[55ab2526-4f89-4bd2-9902-395461fa7031:192.168.157.194:41123, 785a1b68-bc50-461a-9c66-217454b39c0f:192.168.157.194:36611, a3b153ef-1e94-4227-8997-77072f34e630:192.168.157.194:41542] with ContainerStateMachine:uninitialized
2019-11-14 17:36:45,924 [pool-189-thread-1] INFO  server.RaftServerConfigKeys (ConfUtils.java:logGet(43)) - raft.server.rpc.timeout.min = 1s (custom)
2019-11-14 17:36:45,924 [pool-189-thread-1] INFO  server.RaftServerConfigKeys (ConfUtils.java:logGet(43)) - raft.server.rpc.timeout.max = 1200ms (custom)
2019-11-14 17:36:45,924 [pool-189-thread-1] INFO  server.RaftServerConfigKeys (ConfUtils.java:logGet(43)) - raft.server.rpcslowness.timeout = 120s (custom)
2019-11-14 17:36:45,924 [pool-189-thread-1] INFO  server.RaftServerConfigKeys (ConfUtils.java:logGet(43)) - raft.server.sleep.deviation.threshold = 300 (default)
2019-11-14 17:36:45,924 [pool-179-thread-1] INFO  impl.RaftServerImpl (RaftServerImpl.java:<init>(98)) - 55ab2526-4f89-4bd2-9902-395461fa7031: new RaftServerImpl for group-54586048B429:[55ab2526-4f89-4bd2-9902-395461fa7031:192.168.157.194:41123, 785a1b68-bc50-461a-9c66-217454b39c0f:192.168.157.194:36611, a3b153ef-1e94-4227-8997-77072f34e630:192.168.157.194:41542] with ContainerStateMachine:uninitialized
2019-11-14 17:36:45,925 [pool-189-thread-1] INFO  server.RaftServerConfigKeys (ConfUtils.java:logGet(43)) - raft.server.log.appender.install.snapshot.enabled = false (custom)
2019-11-14 17:36:45,925 [pool-179-thread-1] INFO  server.RaftServerConfigKeys (ConfUtils.java:logGet(43)) - raft.server.rpc.timeout.min = 1s (custom)
2019-11-14 17:36:45,925 [pool-189-thread-1] INFO  impl.RaftServerImpl (ServerState.java:<init>(103)) - a3b153ef-1e94-4227-8997-77072f34e630@group-54586048B429: ConfigurationManager, init=-1: [55ab2526-4f89-4bd2-9902-395461fa7031:192.168.157.194:41123, 785a1b68-bc50-461a-9c66-217454b39c0f:192.168.157.194:36611, a3b153ef-1e94-4227-8997-77072f34e630:192.168.157.194:41542], old=null, confs=<EMPTY_MAP>
2019-11-14 17:36:45,925 [pool-179-thread-1] INFO  server.RaftServerConfigKeys (ConfUtils.java:logGet(43)) - raft.server.rpc.timeout.max = 1200ms (custom)
2019-11-14 17:36:45,925 [pool-189-thread-1] INFO  server.RaftServerConfigKeys (ConfUtils.java:logGet(43)) - raft.server.storage.dir = [/workdir/hadoop-ozone/integration-test/target/test-dir/MiniOzoneClusterImpl-22bbe08b-7feb-4e26-8434-b505ec12d921/datanode-4/data/ratis] (custom)
2019-11-14 17:36:45,925 [pool-179-thread-1] INFO  server.RaftServerConfigKeys (ConfUtils.java:logGet(43)) - raft.server.rpcslowness.timeout = 120s (custom)
2019-11-14 17:36:45,926 [pool-179-thread-1] INFO  server.RaftServerConfigKeys (ConfUtils.java:logGet(43)) - raft.server.sleep.deviation.threshold = 300 (default)
2019-11-14 17:36:45,926 [pool-179-thread-1] INFO  server.RaftServerConfigKeys (ConfUtils.java:logGet(43)) - raft.server.log.appender.install.snapshot.enabled = false (custom)
2019-11-14 17:36:45,926 [pool-189-thread-1] INFO  server.RaftServerConfigKeys (ConfUtils.java:logGet(43)) - raft.server.log.corruption.policy = EXCEPTION (default)
2019-11-14 17:36:45,926 [pool-179-thread-1] INFO  impl.RaftServerImpl (ServerState.java:<init>(103)) - 55ab2526-4f89-4bd2-9902-395461fa7031@group-54586048B429: ConfigurationManager, init=-1: [55ab2526-4f89-4bd2-9902-395461fa7031:192.168.157.194:41123, 785a1b68-bc50-461a-9c66-217454b39c0f:192.168.157.194:36611, a3b153ef-1e94-4227-8997-77072f34e630:192.168.157.194:41542], old=null, confs=<EMPTY_MAP>
2019-11-14 17:36:45,926 [pool-179-thread-1] INFO  server.RaftServerConfigKeys (ConfUtils.java:logGet(43)) - raft.server.storage.dir = [/workdir/hadoop-ozone/integration-test/target/test-dir/MiniOzoneClusterImpl-22bbe08b-7feb-4e26-8434-b505ec12d921/datanode-3/data/ratis] (custom)
2019-11-14 17:36:45,926 [pool-189-thread-1] INFO  storage.RaftStorageDirectory (RaftStorageDirectory.java:analyzeStorage(246)) - The storage directory /workdir/hadoop-ozone/integration-test/target/test-dir/MiniOzoneClusterImpl-22bbe08b-7feb-4e26-8434-b505ec12d921/datanode-4/data/ratis/5c1052a8-6c13-4872-ae28-54586048b429 does not exist. Creating ...
2019-11-14 17:36:45,926 [pool-179-thread-1] INFO  server.RaftServerConfigKeys (ConfUtils.java:logGet(43)) - raft.server.log.corruption.policy = EXCEPTION (default)
2019-11-14 17:36:45,927 [pool-179-thread-1] INFO  storage.RaftStorageDirectory (RaftStorageDirectory.java:analyzeStorage(246)) - The storage directory /workdir/hadoop-ozone/integration-test/target/test-dir/MiniOzoneClusterImpl-22bbe08b-7feb-4e26-8434-b505ec12d921/datanode-3/data/ratis/5c1052a8-6c13-4872-ae28-54586048b429 does not exist. Creating ...
2019-11-14 17:36:45,953 [pool-189-thread-1] INFO  storage.RaftStorageDirectory (RaftStorageDirectory.java:tryLock(328)) - Lock on /workdir/hadoop-ozone/integration-test/target/test-dir/MiniOzoneClusterImpl-22bbe08b-7feb-4e26-8434-b505ec12d921/datanode-4/data/ratis/5c1052a8-6c13-4872-ae28-54586048b429/in_use.lock acquired by nodename 10142@pr-hdds-2482-j87dr-2776293630
2019-11-14 17:36:45,953 [pool-179-thread-1] INFO  storage.RaftStorageDirectory (RaftStorageDirectory.java:tryLock(328)) - Lock on /workdir/hadoop-ozone/integration-test/target/test-dir/MiniOzoneClusterImpl-22bbe08b-7feb-4e26-8434-b505ec12d921/datanode-3/data/ratis/5c1052a8-6c13-4872-ae28-54586048b429/in_use.lock acquired by nodename 10142@pr-hdds-2482-j87dr-2776293630
2019-11-14 17:36:45,953 [pool-239-thread-1] INFO  storage.RaftStorageDirectory (RaftStorageDirectory.java:tryLock(328)) - Lock on /workdir/hadoop-ozone/integration-test/target/test-dir/MiniOzoneClusterImpl-22bbe08b-7feb-4e26-8434-b505ec12d921/datanode-9/data/ratis/5c1052a8-6c13-4872-ae28-54586048b429/in_use.lock acquired by nodename 10142@pr-hdds-2482-j87dr-2776293630
2019-11-14 17:36:45,979 [pool-239-thread-1] INFO  storage.RaftStorage (RaftStorage.java:format(84)) - Storage directory /workdir/hadoop-ozone/integration-test/target/test-dir/MiniOzoneClusterImpl-22bbe08b-7feb-4e26-8434-b505ec12d921/datanode-9/data/ratis/5c1052a8-6c13-4872-ae28-54586048b429 has been successfully formatted.
2019-11-14 17:36:45,979 [pool-189-thread-1] INFO  storage.RaftStorage (RaftStorage.java:format(84)) - Storage directory /workdir/hadoop-ozone/integration-test/target/test-dir/MiniOzoneClusterImpl-22bbe08b-7feb-4e26-8434-b505ec12d921/datanode-4/data/ratis/5c1052a8-6c13-4872-ae28-54586048b429 has been successfully formatted.
2019-11-14 17:36:45,979 [pool-179-thread-1] INFO  storage.RaftStorage (RaftStorage.java:format(84)) - Storage directory /workdir/hadoop-ozone/integration-test/target/test-dir/MiniOzoneClusterImpl-22bbe08b-7feb-4e26-8434-b505ec12d921/datanode-3/data/ratis/5c1052a8-6c13-4872-ae28-54586048b429 has been successfully formatted.
2019-11-14 17:36:45,979 [pool-239-thread-1] INFO  ratis.ContainerStateMachine (ContainerStateMachine.java:loadSnapshot(223)) - group-54586048B429: The snapshot info is null. Setting the last applied indexto:(t:0, i:~)
2019-11-14 17:36:45,979 [pool-179-thread-1] INFO  ratis.ContainerStateMachine (ContainerStateMachine.java:loadSnapshot(223)) - group-54586048B429: The snapshot info is null. Setting the last applied indexto:(t:0, i:~)
2019-11-14 17:36:45,979 [pool-239-thread-1] INFO  server.RaftServerConfigKeys (ConfUtils.java:logGet(43)) - raft.server.notification.no-leader.timeout = 120s (custom)
2019-11-14 17:36:45,979 [pool-189-thread-1] INFO  ratis.ContainerStateMachine (ContainerStateMachine.java:loadSnapshot(223)) - group-54586048B429: The snapshot info is null. Setting the last applied indexto:(t:0, i:~)
2019-11-14 17:36:45,980 [pool-239-thread-1] INFO  server.RaftServerConfigKeys (ConfUtils.java:logGet(43)) - raft.server.log.use.memory = false (default)
2019-11-14 17:36:45,979 [pool-179-thread-1] INFO  server.RaftServerConfigKeys (ConfUtils.java:logGet(43)) - raft.server.notification.no-leader.timeout = 120s (custom)
2019-11-14 17:36:45,980 [pool-239-thread-1] INFO  server.RaftServerConfigKeys (ConfUtils.java:logGet(43)) - raft.server.log.purge.gap = 1000000 (custom)
2019-11-14 17:36:45,980 [pool-189-thread-1] INFO  server.RaftServerConfigKeys (ConfUtils.java:logGet(43)) - raft.server.notification.no-leader.timeout = 120s (custom)
2019-11-14 17:36:45,980 [pool-239-thread-1] INFO  server.RaftServerConfigKeys (ConfUtils.java:logGet(43)) - raft.server.log.appender.buffer.byte-limit = 33554432 (custom)
2019-11-14 17:36:45,980 [pool-179-thread-1] INFO  server.RaftServerConfigKeys (ConfUtils.java:logGet(43)) - raft.server.log.use.memory = false (default)
2019-11-14 17:36:45,980 [pool-239-thread-1] INFO  server.RaftServerConfigKeys (ConfUtils.java:logGet(43)) - raft.server.log.segment.size.max = 1048576 (custom)
2019-11-14 17:36:45,980 [pool-189-thread-1] INFO  server.RaftServerConfigKeys (ConfUtils.java:logGet(43)) - raft.server.log.use.memory = false (default)
2019-11-14 17:36:45,981 [pool-239-thread-1] INFO  server.RaftServerConfigKeys (ConfUtils.java:logGet(43)) - raft.server.log.segment.cache.num.max = 2 (custom)
2019-11-14 17:36:45,981 [pool-179-thread-1] INFO  server.RaftServerConfigKeys (ConfUtils.java:logGet(43)) - raft.server.log.purge.gap = 1000000 (custom)
2019-11-14 17:36:45,981 [pool-239-thread-1] INFO  segmented.SegmentedRaftLogWorker (SegmentedRaftLogWorker.java:<init>(173)) - new 785a1b68-bc50-461a-9c66-217454b39c0f@group-54586048B429-SegmentedRaftLogWorker for RaftStorage:Storage Directory /workdir/hadoop-ozone/integration-test/target/test-dir/MiniOzoneClusterImpl-22bbe08b-7feb-4e26-8434-b505ec12d921/datanode-9/data/ratis/5c1052a8-6c13-4872-ae28-54586048b429
2019-11-14 17:36:45,981 [pool-189-thread-1] INFO  server.RaftServerConfigKeys (ConfUtils.java:logGet(43)) - raft.server.log.purge.gap = 1000000 (custom)
2019-11-14 17:36:45,981 [pool-239-thread-1] INFO  server.RaftServerConfigKeys (ConfUtils.java:logGet(43)) - raft.server.log.queue.byte-limit = 2147483647 (custom)
2019-11-14 17:36:45,981 [pool-179-thread-1] INFO  server.RaftServerConfigKeys (ConfUtils.java:logGet(43)) - raft.server.log.appender.buffer.byte-limit = 33554432 (custom)
2019-11-14 17:36:45,982 [pool-239-thread-1] INFO  server.RaftServerConfigKeys (ConfUtils.java:logGet(43)) - raft.server.log.queue.element-limit = 1024 (custom)
2019-11-14 17:36:45,982 [pool-189-thread-1] INFO  server.RaftServerConfigKeys (ConfUtils.java:logGet(43)) - raft.server.log.appender.buffer.byte-limit = 33554432 (custom)
2019-11-14 17:36:45,982 [pool-239-thread-1] INFO  server.RaftServerConfigKeys (ConfUtils.java:logGet(43)) - raft.server.log.segment.size.max = 1048576 (custom)
2019-11-14 17:36:45,982 [pool-179-thread-1] INFO  server.RaftServerConfigKeys (ConfUtils.java:logGet(43)) - raft.server.log.segment.size.max = 1048576 (custom)
2019-11-14 17:36:45,982 [pool-239-thread-1] INFO  server.RaftServerConfigKeys (ConfUtils.java:logGet(43)) - raft.server.log.preallocated.size = 16384 (custom)
2019-11-14 17:36:45,982 [pool-189-thread-1] INFO  server.RaftServerConfigKeys (ConfUtils.java:logGet(43)) - raft.server.log.segment.size.max = 1048576 (custom)
2019-11-14 17:36:45,983 [pool-239-thread-1] INFO  server.RaftServerConfigKeys (ConfUtils.java:logGet(43)) - raft.server.log.write.buffer.size = 33554432 (custom)
2019-11-14 17:36:45,983 [pool-179-thread-1] INFO  server.RaftServerConfigKeys (ConfUtils.java:logGet(43)) - raft.server.log.segment.cache.num.max = 2 (custom)
2019-11-14 17:36:45,983 [pool-239-thread-1] INFO  server.RaftServerConfigKeys (ConfUtils.java:logGet(43)) - raft.server.log.force.sync.num = 128 (default)
2019-11-14 17:36:45,983 [pool-189-thread-1] INFO  server.RaftServerConfigKeys (ConfUtils.java:logGet(43)) - raft.server.log.segment.cache.num.max = 2 (custom)
2019-11-14 17:36:45,983 [pool-239-thread-1] INFO  server.RaftServerConfigKeys (ConfUtils.java:logGet(43)) - raft.server.log.statemachine.data.sync = true (default)
2019-11-14 17:36:45,983 [pool-179-thread-1] INFO  segmented.SegmentedRaftLogWorker (SegmentedRaftLogWorker.java:<init>(173)) - new 55ab2526-4f89-4bd2-9902-395461fa7031@group-54586048B429-SegmentedRaftLogWorker for RaftStorage:Storage Directory /workdir/hadoop-ozone/integration-test/target/test-dir/MiniOzoneClusterImpl-22bbe08b-7feb-4e26-8434-b505ec12d921/datanode-3/data/ratis/5c1052a8-6c13-4872-ae28-54586048b429
2019-11-14 17:36:45,984 [pool-239-thread-1] INFO  server.RaftServerConfigKeys (ConfUtils.java:logGet(43)) - raft.server.log.statemachine.data.sync.timeout = 10s (default)
2019-11-14 17:36:45,983 [pool-189-thread-1] INFO  segmented.SegmentedRaftLogWorker (SegmentedRaftLogWorker.java:<init>(173)) - new a3b153ef-1e94-4227-8997-77072f34e630@group-54586048B429-SegmentedRaftLogWorker for RaftStorage:Storage Directory /workdir/hadoop-ozone/integration-test/target/test-dir/MiniOzoneClusterImpl-22bbe08b-7feb-4e26-8434-b505ec12d921/datanode-4/data/ratis/5c1052a8-6c13-4872-ae28-54586048b429
2019-11-14 17:36:45,984 [pool-239-thread-1] INFO  server.RaftServerConfigKeys (ConfUtils.java:logGet(43)) - raft.server.log.statemachine.data.sync.timeout.retry = -1 (default)
2019-11-14 17:36:45,984 [pool-179-thread-1] INFO  server.RaftServerConfigKeys (ConfUtils.java:logGet(43)) - raft.server.log.queue.byte-limit = 2147483647 (custom)
2019-11-14 17:36:45,984 [pool-239-thread-1] INFO  server.RaftServerConfigKeys (ConfUtils.java:logGet(43)) - raft.server.log.statemachine.data.caching.enabled = true (custom)
2019-11-14 17:36:45,984 [pool-189-thread-1] INFO  server.RaftServerConfigKeys (ConfUtils.java:logGet(43)) - raft.server.log.queue.byte-limit = 2147483647 (custom)
2019-11-14 17:36:45,984 [pool-179-thread-1] INFO  server.RaftServerConfigKeys (ConfUtils.java:logGet(43)) - raft.server.log.queue.element-limit = 1024 (custom)
2019-11-14 17:36:45,985 [pool-239-thread-1] INFO  segmented.SegmentedRaftLogWorker (SegmentedRaftLogWorker.java:lambda$new$0(128)) - 785a1b68-bc50-461a-9c66-217454b39c0f@group-54586048B429-SegmentedRaftLogWorker: flushIndex: setUnconditionally 0 -> -1
2019-11-14 17:36:45,985 [pool-189-thread-1] INFO  server.RaftServerConfigKeys (ConfUtils.java:logGet(43)) - raft.server.log.queue.element-limit = 1024 (custom)
2019-11-14 17:36:45,985 [pool-179-thread-1] INFO  server.RaftServerConfigKeys (ConfUtils.java:logGet(43)) - raft.server.log.segment.size.max = 1048576 (custom)
2019-11-14 17:36:45,985 [pool-189-thread-1] INFO  server.RaftServerConfigKeys (ConfUtils.java:logGet(43)) - raft.server.log.segment.size.max = 1048576 (custom)
2019-11-14 17:36:45,985 [pool-239-thread-1] INFO  server.RaftServerConfigKeys (ConfUtils.java:logGet(43)) - raft.server.snapshot.auto.trigger.enabled = true (custom)
2019-11-14 17:36:45,985 [pool-189-thread-1] INFO  server.RaftServerConfigKeys (ConfUtils.java:logGet(43)) - raft.server.log.preallocated.size = 16384 (custom)
2019-11-14 17:36:45,985 [pool-179-thread-1] INFO  server.RaftServerConfigKeys (ConfUtils.java:logGet(43)) - raft.server.log.preallocated.size = 16384 (custom)
2019-11-14 17:36:45,986 [pool-189-thread-1] INFO  server.RaftServerConfigKeys (ConfUtils.java:logGet(43)) - raft.server.log.write.buffer.size = 33554432 (custom)
2019-11-14 17:36:45,986 [pool-239-thread-1] INFO  server.RaftServerConfigKeys (ConfUtils.java:logGet(43)) - raft.server.snapshot.auto.trigger.threshold = 10000 (custom)
2019-11-14 17:36:45,986 [pool-189-thread-1] INFO  server.RaftServerConfigKeys (ConfUtils.java:logGet(43)) - raft.server.log.force.sync.num = 128 (default)
2019-11-14 17:36:45,986 [pool-189-thread-1] INFO  server.RaftServerConfigKeys (ConfUtils.java:logGet(43)) - raft.server.log.statemachine.data.sync = true (default)
2019-11-14 17:36:45,986 [pool-179-thread-1] INFO  server.RaftServerConfigKeys (ConfUtils.java:logGet(43)) - raft.server.log.write.buffer.size = 33554432 (custom)
2019-11-14 17:36:45,986 [pool-189-thread-1] INFO  server.RaftServerConfigKeys (ConfUtils.java:logGet(43)) - raft.server.log.statemachine.data.sync.timeout = 10s (default)
2019-11-14 17:36:45,987 [pool-189-thread-1] INFO  server.RaftServerConfigKeys (ConfUtils.java:logGet(43)) - raft.server.log.statemachine.data.sync.timeout.retry = -1 (default)
2019-11-14 17:36:45,986 [pool-239-thread-1] INFO  server.RaftServerConfigKeys (ConfUtils.java:logGet(43)) - raft.server.snapshot.retention.file.num = 5 (custom)
2019-11-14 17:36:45,987 [pool-189-thread-1] INFO  server.RaftServerConfigKeys (ConfUtils.java:logGet(43)) - raft.server.log.statemachine.data.caching.enabled = true (custom)
2019-11-14 17:36:45,987 [pool-179-thread-1] INFO  server.RaftServerConfigKeys (ConfUtils.java:logGet(43)) - raft.server.log.force.sync.num = 128 (default)
2019-11-14 17:36:45,987 [pool-239-thread-1] INFO  server.RaftServerConfigKeys (ConfUtils.java:logGet(43)) - raft.server.retrycache.expirytime = 600000ms (custom)
2019-11-14 17:36:45,987 [pool-179-thread-1] INFO  server.RaftServerConfigKeys (ConfUtils.java:logGet(43)) - raft.server.log.statemachine.data.sync = true (default)
2019-11-14 17:36:45,987 [pool-189-thread-1] INFO  segmented.SegmentedRaftLogWorker (SegmentedRaftLogWorker.java:lambda$new$0(128)) - a3b153ef-1e94-4227-8997-77072f34e630@group-54586048B429-SegmentedRaftLogWorker: flushIndex: setUnconditionally 0 -> -1
2019-11-14 17:36:45,988 [pool-179-thread-1] INFO  server.RaftServerConfigKeys (ConfUtils.java:logGet(43)) - raft.server.log.statemachine.data.sync.timeout = 10s (default)
2019-11-14 17:36:45,988 [pool-239-thread-1] WARN  impl.MetricRegistriesImpl (MetricRegistriesImpl.java:lambda$create$1(61)) - First MetricRegistry has been created without registering reporters. You may need to call MetricRegistries.global().addReportRegistration(...) before.
2019-11-14 17:36:45,988 [pool-189-thread-1] INFO  server.RaftServerConfigKeys (ConfUtils.java:logGet(43)) - raft.server.snapshot.auto.trigger.enabled = true (custom)
2019-11-14 17:36:45,988 [pool-179-thread-1] INFO  server.RaftServerConfigKeys (ConfUtils.java:logGet(43)) - raft.server.log.statemachine.data.sync.timeout.retry = -1 (default)
2019-11-14 17:36:45,988 [pool-189-thread-1] INFO  server.RaftServerConfigKeys (ConfUtils.java:logGet(43)) - raft.server.snapshot.auto.trigger.threshold = 10000 (custom)
2019-11-14 17:36:45,988 [pool-239-thread-1] WARN  impl.MetricRegistriesImpl (MetricRegistriesImpl.java:lambda$create$1(61)) - First MetricRegistry has been created without registering reporters. You may need to call MetricRegistries.global().addReportRegistration(...) before.
2019-11-14 17:36:45,989 [pool-189-thread-1] INFO  server.RaftServerConfigKeys (ConfUtils.java:logGet(43)) - raft.server.snapshot.retention.file.num = 5 (custom)
2019-11-14 17:36:45,988 [pool-179-thread-1] INFO  server.RaftServerConfigKeys (ConfUtils.java:logGet(43)) - raft.server.log.statemachine.data.caching.enabled = true (custom)
2019-11-14 17:36:45,989 [pool-189-thread-1] INFO  server.RaftServerConfigKeys (ConfUtils.java:logGet(43)) - raft.server.retrycache.expirytime = 600000ms (custom)
2019-11-14 17:36:45,989 [pool-239-thread-1] INFO  impl.RaftServerImpl (RaftServerImpl.java:start(184)) - 785a1b68-bc50-461a-9c66-217454b39c0f@group-54586048B429: start as a follower, conf=-1: [55ab2526-4f89-4bd2-9902-395461fa7031:192.168.157.194:41123, 785a1b68-bc50-461a-9c66-217454b39c0f:192.168.157.194:36611, a3b153ef-1e94-4227-8997-77072f34e630:192.168.157.194:41542], old=null
2019-11-14 17:36:45,989 [pool-179-thread-1] INFO  segmented.SegmentedRaftLogWorker (SegmentedRaftLogWorker.java:lambda$new$0(128)) - 55ab2526-4f89-4bd2-9902-395461fa7031@group-54586048B429-SegmentedRaftLogWorker: flushIndex: setUnconditionally 0 -> -1
2019-11-14 17:36:45,989 [pool-189-thread-1] WARN  impl.MetricRegistriesImpl (MetricRegistriesImpl.java:lambda$create$1(61)) - First MetricRegistry has been created without registering reporters. You may need to call MetricRegistries.global().addReportRegistration(...) before.
2019-11-14 17:36:45,989 [pool-239-thread-1] INFO  impl.RaftServerImpl (RaftServerImpl.java:setRole(173)) - 785a1b68-bc50-461a-9c66-217454b39c0f@group-54586048B429: changes role from      null to FOLLOWER at term 0 for startAsFollower
2019-11-14 17:36:45,990 [pool-179-thread-1] INFO  server.RaftServerConfigKeys (ConfUtils.java:logGet(43)) - raft.server.snapshot.auto.trigger.enabled = true (custom)
2019-11-14 17:36:45,990 [pool-239-thread-1] INFO  impl.RoleInfo (RoleInfo.java:updateAndGet(143)) - 785a1b68-bc50-461a-9c66-217454b39c0f: start FollowerState
2019-11-14 17:36:45,990 [pool-189-thread-1] WARN  impl.MetricRegistriesImpl (MetricRegistriesImpl.java:lambda$create$1(61)) - First MetricRegistry has been created without registering reporters. You may need to call MetricRegistries.global().addReportRegistration(...) before.
2019-11-14 17:36:45,990 [pool-179-thread-1] INFO  server.RaftServerConfigKeys (ConfUtils.java:logGet(43)) - raft.server.snapshot.auto.trigger.threshold = 10000 (custom)
2019-11-14 17:36:45,990 [pool-189-thread-1] INFO  impl.RaftServerImpl (RaftServerImpl.java:start(184)) - a3b153ef-1e94-4227-8997-77072f34e630@group-54586048B429: start as a follower, conf=-1: [55ab2526-4f89-4bd2-9902-395461fa7031:192.168.157.194:41123, 785a1b68-bc50-461a-9c66-217454b39c0f:192.168.157.194:36611, a3b153ef-1e94-4227-8997-77072f34e630:192.168.157.194:41542], old=null
2019-11-14 17:36:45,990 [pool-179-thread-1] INFO  server.RaftServerConfigKeys (ConfUtils.java:logGet(43)) - raft.server.snapshot.retention.file.num = 5 (custom)
2019-11-14 17:36:45,990 [pool-189-thread-1] INFO  impl.RaftServerImpl (RaftServerImpl.java:setRole(173)) - a3b153ef-1e94-4227-8997-77072f34e630@group-54586048B429: changes role from      null to FOLLOWER at term 0 for startAsFollower
2019-11-14 17:36:45,990 [pool-239-thread-1] INFO  util.JmxRegister (JmxRegister.java:tryRegister(44)) - Successfully registered JMX Bean with object name Ratis:service=RaftServer,group=group-54586048B429,id=785a1b68-bc50-461a-9c66-217454b39c0f
2019-11-14 17:36:45,991 [pool-189-thread-1] INFO  impl.RoleInfo (RoleInfo.java:updateAndGet(143)) - a3b153ef-1e94-4227-8997-77072f34e630: start FollowerState
2019-11-14 17:36:45,991 [pool-179-thread-1] INFO  server.RaftServerConfigKeys (ConfUtils.java:logGet(43)) - raft.server.retrycache.expirytime = 600000ms (custom)
2019-11-14 17:36:45,991 [pool-239-thread-1] WARN  impl.MetricRegistriesImpl (MetricRegistriesImpl.java:lambda$create$1(61)) - First MetricRegistry has been created without registering reporters. You may need to call MetricRegistries.global().addReportRegistration(...) before.
2019-11-14 17:36:45,991 [pool-179-thread-1] WARN  impl.MetricRegistriesImpl (MetricRegistriesImpl.java:lambda$create$1(61)) - First MetricRegistry has been created without registering reporters. You may need to call MetricRegistries.global().addReportRegistration(...) before.
2019-11-14 17:36:45,991 [pool-189-thread-1] INFO  util.JmxRegister (JmxRegister.java:tryRegister(44)) - Successfully registered JMX Bean with object name Ratis:service=RaftServer,group=group-54586048B429,id=a3b153ef-1e94-4227-8997-77072f34e630
2019-11-14 17:36:45,992 [pool-179-thread-1] WARN  impl.MetricRegistriesImpl (MetricRegistriesImpl.java:lambda$create$1(61)) - First MetricRegistry has been created without registering reporters. You may need to call MetricRegistries.global().addReportRegistration(...) before.
2019-11-14 17:36:45,992 [pool-189-thread-1] WARN  impl.MetricRegistriesImpl (MetricRegistriesImpl.java:lambda$create$1(61)) - First MetricRegistry has been created without registering reporters. You may need to call MetricRegistries.global().addReportRegistration(...) before.
2019-11-14 17:36:45,992 [pool-179-thread-1] INFO  impl.RaftServerImpl (RaftServerImpl.java:start(184)) - 55ab2526-4f89-4bd2-9902-395461fa7031@group-54586048B429: start as a follower, conf=-1: [55ab2526-4f89-4bd2-9902-395461fa7031:192.168.157.194:41123, 785a1b68-bc50-461a-9c66-217454b39c0f:192.168.157.194:36611, a3b153ef-1e94-4227-8997-77072f34e630:192.168.157.194:41542], old=null
2019-11-14 17:36:45,992 [pool-179-thread-1] INFO  impl.RaftServerImpl (RaftServerImpl.java:setRole(173)) - 55ab2526-4f89-4bd2-9902-395461fa7031@group-54586048B429: changes role from      null to FOLLOWER at term 0 for startAsFollower
2019-11-14 17:36:45,993 [pool-179-thread-1] INFO  impl.RoleInfo (RoleInfo.java:updateAndGet(143)) - 55ab2526-4f89-4bd2-9902-395461fa7031: start FollowerState
2019-11-14 17:36:45,993 [pool-179-thread-1] INFO  util.JmxRegister (JmxRegister.java:tryRegister(44)) - Successfully registered JMX Bean with object name Ratis:service=RaftServer,group=group-54586048B429,id=55ab2526-4f89-4bd2-9902-395461fa7031
2019-11-14 17:36:45,993 [pool-179-thread-1] WARN  impl.MetricRegistriesImpl (MetricRegistriesImpl.java:lambda$create$1(61)) - First MetricRegistry has been created without registering reporters. You may need to call MetricRegistries.global().addReportRegistration(...) before.
2019-11-14 17:36:45,997 [RatisPipelineUtilsThread] INFO  pipeline.PipelineStateManager (PipelineStateManager.java:addPipeline(55)) - Created pipeline Pipeline[ Id: 5c1052a8-6c13-4872-ae28-54586048b429, Nodes: 785a1b68-bc50-461a-9c66-217454b39c0f{ip: 192.168.157.194, host: pr-hdds-2482-j87dr-2776293630, networkLocation: /rack1, certSerialId: null}a3b153ef-1e94-4227-8997-77072f34e630{ip: 192.168.157.194, host: pr-hdds-2482-j87dr-2776293630, networkLocation: /rack1, certSerialId: null}55ab2526-4f89-4bd2-9902-395461fa7031{ip: 192.168.157.194, host: pr-hdds-2482-j87dr-2776293630, networkLocation: /rack1, certSerialId: null}, Type:RATIS, Factor:THREE, State:ALLOCATED]
2019-11-14 17:36:46,006 [grpc-default-executor-6] INFO  impl.RaftServerProxy (RaftServerProxy.java:addNew(89)) - 0b8c2274-85ff-4b39-8671-ec8be5904baa: addNew group-E7DF167351A9:[1f17fae6-ef42-4b5f-b929-258c4df74eb0:192.168.157.194:44377, 0b8c2274-85ff-4b39-8671-ec8be5904baa:192.168.157.194:34392, c40a56fe-5273-466a-9f61-79febf43aa6a:192.168.157.194:45340] returns group-E7DF167351A9:java.util.concurrent.CompletableFuture@425438bc[Not completed]
2019-11-14 17:36:46,006 [grpc-default-executor-3] INFO  impl.RaftServerProxy (RaftServerProxy.java:addNew(89)) - 1f17fae6-ef42-4b5f-b929-258c4df74eb0: addNew group-E7DF167351A9:[1f17fae6-ef42-4b5f-b929-258c4df74eb0:192.168.157.194:44377, 0b8c2274-85ff-4b39-8671-ec8be5904baa:192.168.157.194:34392, c40a56fe-5273-466a-9f61-79febf43aa6a:192.168.157.194:45340] returns group-E7DF167351A9:java.util.concurrent.CompletableFuture@608eaeac[Not completed]
2019-11-14 17:36:46,007 [grpc-default-executor-2] INFO  impl.RaftServerProxy (RaftServerProxy.java:addNew(89)) - c40a56fe-5273-466a-9f61-79febf43aa6a: addNew group-E7DF167351A9:[1f17fae6-ef42-4b5f-b929-258c4df74eb0:192.168.157.194:44377, 0b8c2274-85ff-4b39-8671-ec8be5904baa:192.168.157.194:34392, c40a56fe-5273-466a-9f61-79febf43aa6a:192.168.157.194:45340] returns group-E7DF167351A9:java.util.concurrent.CompletableFuture@395fcc7d[Not completed]
2019-11-14 17:36:46,008 [pool-219-thread-1] INFO  impl.RaftServerImpl (RaftServerImpl.java:<init>(98)) - 1f17fae6-ef42-4b5f-b929-258c4df74eb0: new RaftServerImpl for group-E7DF167351A9:[1f17fae6-ef42-4b5f-b929-258c4df74eb0:192.168.157.194:44377, 0b8c2274-85ff-4b39-8671-ec8be5904baa:192.168.157.194:34392, c40a56fe-5273-466a-9f61-79febf43aa6a:192.168.157.194:45340] with ContainerStateMachine:uninitialized
2019-11-14 17:36:46,009 [pool-219-thread-1] INFO  server.RaftServerConfigKeys (ConfUtils.java:logGet(43)) - raft.server.rpc.timeout.min = 1s (custom)
2019-11-14 17:36:46,009 [pool-219-thread-1] INFO  server.RaftServerConfigKeys (ConfUtils.java:logGet(43)) - raft.server.rpc.timeout.max = 1200ms (custom)
2019-11-14 17:36:46,009 [pool-219-thread-1] INFO  server.RaftServerConfigKeys (ConfUtils.java:logGet(43)) - raft.server.rpcslowness.timeout = 120s (custom)
2019-11-14 17:36:46,009 [pool-219-thread-1] INFO  server.RaftServerConfigKeys (ConfUtils.java:logGet(43)) - raft.server.sleep.deviation.threshold = 300 (default)
2019-11-14 17:36:46,009 [pool-219-thread-1] INFO  server.RaftServerConfigKeys (ConfUtils.java:logGet(43)) - raft.server.log.appender.install.snapshot.enabled = false (custom)
2019-11-14 17:36:46,010 [pool-219-thread-1] INFO  impl.RaftServerImpl (ServerState.java:<init>(103)) - 1f17fae6-ef42-4b5f-b929-258c4df74eb0@group-E7DF167351A9: ConfigurationManager, init=-1: [1f17fae6-ef42-4b5f-b929-258c4df74eb0:192.168.157.194:44377, 0b8c2274-85ff-4b39-8671-ec8be5904baa:192.168.157.194:34392, c40a56fe-5273-466a-9f61-79febf43aa6a:192.168.157.194:45340], old=null, confs=<EMPTY_MAP>
2019-11-14 17:36:46,010 [pool-219-thread-1] INFO  server.RaftServerConfigKeys (ConfUtils.java:logGet(43)) - raft.server.storage.dir = [/workdir/hadoop-ozone/integration-test/target/test-dir/MiniOzoneClusterImpl-22bbe08b-7feb-4e26-8434-b505ec12d921/datanode-7/data/ratis] (custom)
2019-11-14 17:36:46,010 [pool-209-thread-1] INFO  impl.RaftServerImpl (RaftServerImpl.java:<init>(98)) - 0b8c2274-85ff-4b39-8671-ec8be5904baa: new RaftServerImpl for group-E7DF167351A9:[1f17fae6-ef42-4b5f-b929-258c4df74eb0:192.168.157.194:44377, 0b8c2274-85ff-4b39-8671-ec8be5904baa:192.168.157.194:34392, c40a56fe-5273-466a-9f61-79febf43aa6a:192.168.157.194:45340] with ContainerStateMachine:uninitialized
2019-11-14 17:36:46,010 [pool-219-thread-1] INFO  server.RaftServerConfigKeys (ConfUtils.java:logGet(43)) - raft.server.log.corruption.policy = EXCEPTION (default)
2019-11-14 17:36:46,010 [pool-209-thread-1] INFO  server.RaftServerConfigKeys (ConfUtils.java:logGet(43)) - raft.server.rpc.timeout.min = 1s (custom)
2019-11-14 17:36:46,011 [pool-219-thread-1] INFO  storage.RaftStorageDirectory (RaftStorageDirectory.java:analyzeStorage(246)) - The storage directory /workdir/hadoop-ozone/integration-test/target/test-dir/MiniOzoneClusterImpl-22bbe08b-7feb-4e26-8434-b505ec12d921/datanode-7/data/ratis/95214e6b-bdf4-4946-b509-e7df167351a9 does not exist. Creating ...
2019-11-14 17:36:46,011 [pool-209-thread-1] INFO  server.RaftServerConfigKeys (ConfUtils.java:logGet(43)) - raft.server.rpc.timeout.max = 1200ms (custom)
2019-11-14 17:36:46,011 [pool-209-thread-1] INFO  server.RaftServerConfigKeys (ConfUtils.java:logGet(43)) - raft.server.rpcslowness.timeout = 120s (custom)
2019-11-14 17:36:46,011 [pool-199-thread-1] INFO  impl.RaftServerImpl (RaftServerImpl.java:<init>(98)) - c40a56fe-5273-466a-9f61-79febf43aa6a: new RaftServerImpl for group-E7DF167351A9:[1f17fae6-ef42-4b5f-b929-258c4df74eb0:192.168.157.194:44377, 0b8c2274-85ff-4b39-8671-ec8be5904baa:192.168.157.194:34392, c40a56fe-5273-466a-9f61-79febf43aa6a:192.168.157.194:45340] with ContainerStateMachine:uninitialized
2019-11-14 17:36:46,011 [pool-209-thread-1] INFO  server.RaftServerConfigKeys (ConfUtils.java:logGet(43)) - raft.server.sleep.deviation.threshold = 300 (default)
2019-11-14 17:36:46,011 [pool-199-thread-1] INFO  server.RaftServerConfigKeys (ConfUtils.java:logGet(43)) - raft.server.rpc.timeout.min = 1s (custom)
2019-11-14 17:36:46,011 [pool-209-thread-1] INFO  server.RaftServerConfigKeys (ConfUtils.java:logGet(43)) - raft.server.log.appender.install.snapshot.enabled = false (custom)
2019-11-14 17:36:46,011 [pool-199-thread-1] INFO  server.RaftServerConfigKeys (ConfUtils.java:logGet(43)) - raft.server.rpc.timeout.max = 1200ms (custom)
2019-11-14 17:36:46,012 [pool-209-thread-1] INFO  impl.RaftServerImpl (ServerState.java:<init>(103)) - 0b8c2274-85ff-4b39-8671-ec8be5904baa@group-E7DF167351A9: ConfigurationManager, init=-1: [1f17fae6-ef42-4b5f-b929-258c4df74eb0:192.168.157.194:44377, 0b8c2274-85ff-4b39-8671-ec8be5904baa:192.168.157.194:34392, c40a56fe-5273-466a-9f61-79febf43aa6a:192.168.157.194:45340], old=null, confs=<EMPTY_MAP>
2019-11-14 17:36:46,012 [pool-199-thread-1] INFO  server.RaftServerConfigKeys (ConfUtils.java:logGet(43)) - raft.server.rpcslowness.timeout = 120s (custom)
2019-11-14 17:36:46,012 [pool-209-thread-1] INFO  server.RaftServerConfigKeys (ConfUtils.java:logGet(43)) - raft.server.storage.dir = [/workdir/hadoop-ozone/integration-test/target/test-dir/MiniOzoneClusterImpl-22bbe08b-7feb-4e26-8434-b505ec12d921/datanode-6/data/ratis] (custom)
2019-11-14 17:36:46,012 [pool-199-thread-1] INFO  server.RaftServerConfigKeys (ConfUtils.java:logGet(43)) - raft.server.sleep.deviation.threshold = 300 (default)
2019-11-14 17:36:46,012 [pool-199-thread-1] INFO  server.RaftServerConfigKeys (ConfUtils.java:logGet(43)) - raft.server.log.appender.install.snapshot.enabled = false (custom)
2019-11-14 17:36:46,012 [pool-209-thread-1] INFO  server.RaftServerConfigKeys (ConfUtils.java:logGet(43)) - raft.server.log.corruption.policy = EXCEPTION (default)
2019-11-14 17:36:46,012 [pool-199-thread-1] INFO  impl.RaftServerImpl (ServerState.java:<init>(103)) - c40a56fe-5273-466a-9f61-79febf43aa6a@group-E7DF167351A9: ConfigurationManager, init=-1: [1f17fae6-ef42-4b5f-b929-258c4df74eb0:192.168.157.194:44377, 0b8c2274-85ff-4b39-8671-ec8be5904baa:192.168.157.194:34392, c40a56fe-5273-466a-9f61-79febf43aa6a:192.168.157.194:45340], old=null, confs=<EMPTY_MAP>
2019-11-14 17:36:46,013 [pool-199-thread-1] INFO  server.RaftServerConfigKeys (ConfUtils.java:logGet(43)) - raft.server.storage.dir = [/workdir/hadoop-ozone/integration-test/target/test-dir/MiniOzoneClusterImpl-22bbe08b-7feb-4e26-8434-b505ec12d921/datanode-5/data/ratis] (custom)
2019-11-14 17:36:46,013 [pool-209-thread-1] INFO  storage.RaftStorageDirectory (RaftStorageDirectory.java:analyzeStorage(246)) - The storage directory /workdir/hadoop-ozone/integration-test/target/test-dir/MiniOzoneClusterImpl-22bbe08b-7feb-4e26-8434-b505ec12d921/datanode-6/data/ratis/95214e6b-bdf4-4946-b509-e7df167351a9 does not exist. Creating ...
2019-11-14 17:36:46,013 [pool-199-thread-1] INFO  server.RaftServerConfigKeys (ConfUtils.java:logGet(43)) - raft.server.log.corruption.policy = EXCEPTION (default)
2019-11-14 17:36:46,013 [pool-199-thread-1] INFO  storage.RaftStorageDirectory (RaftStorageDirectory.java:analyzeStorage(246)) - The storage directory /workdir/hadoop-ozone/integration-test/target/test-dir/MiniOzoneClusterImpl-22bbe08b-7feb-4e26-8434-b505ec12d921/datanode-5/data/ratis/95214e6b-bdf4-4946-b509-e7df167351a9 does not exist. Creating ...
2019-11-14 17:36:46,038 [pool-219-thread-1] INFO  storage.RaftStorageDirectory (RaftStorageDirectory.java:tryLock(328)) - Lock on /workdir/hadoop-ozone/integration-test/target/test-dir/MiniOzoneClusterImpl-22bbe08b-7feb-4e26-8434-b505ec12d921/datanode-7/data/ratis/95214e6b-bdf4-4946-b509-e7df167351a9/in_use.lock acquired by nodename 10142@pr-hdds-2482-j87dr-2776293630
2019-11-14 17:36:46,038 [pool-199-thread-1] INFO  storage.RaftStorageDirectory (RaftStorageDirectory.java:tryLock(328)) - Lock on /workdir/hadoop-ozone/integration-test/target/test-dir/MiniOzoneClusterImpl-22bbe08b-7feb-4e26-8434-b505ec12d921/datanode-5/data/ratis/95214e6b-bdf4-4946-b509-e7df167351a9/in_use.lock acquired by nodename 10142@pr-hdds-2482-j87dr-2776293630
2019-11-14 17:36:46,038 [pool-209-thread-1] INFO  storage.RaftStorageDirectory (RaftStorageDirectory.java:tryLock(328)) - Lock on /workdir/hadoop-ozone/integration-test/target/test-dir/MiniOzoneClusterImpl-22bbe08b-7feb-4e26-8434-b505ec12d921/datanode-6/data/ratis/95214e6b-bdf4-4946-b509-e7df167351a9/in_use.lock acquired by nodename 10142@pr-hdds-2482-j87dr-2776293630
2019-11-14 17:36:46,063 [pool-219-thread-1] INFO  storage.RaftStorage (RaftStorage.java:format(84)) - Storage directory /workdir/hadoop-ozone/integration-test/target/test-dir/MiniOzoneClusterImpl-22bbe08b-7feb-4e26-8434-b505ec12d921/datanode-7/data/ratis/95214e6b-bdf4-4946-b509-e7df167351a9 has been successfully formatted.
2019-11-14 17:36:46,063 [pool-209-thread-1] INFO  storage.RaftStorage (RaftStorage.java:format(84)) - Storage directory /workdir/hadoop-ozone/integration-test/target/test-dir/MiniOzoneClusterImpl-22bbe08b-7feb-4e26-8434-b505ec12d921/datanode-6/data/ratis/95214e6b-bdf4-4946-b509-e7df167351a9 has been successfully formatted.
2019-11-14 17:36:46,063 [pool-219-thread-1] INFO  ratis.ContainerStateMachine (ContainerStateMachine.java:loadSnapshot(223)) - group-E7DF167351A9: The snapshot info is null. Setting the last applied indexto:(t:0, i:~)
2019-11-14 17:36:46,063 [pool-199-thread-1] INFO  storage.RaftStorage (RaftStorage.java:format(84)) - Storage directory /workdir/hadoop-ozone/integration-test/target/test-dir/MiniOzoneClusterImpl-22bbe08b-7feb-4e26-8434-b505ec12d921/datanode-5/data/ratis/95214e6b-bdf4-4946-b509-e7df167351a9 has been successfully formatted.
2019-11-14 17:36:46,064 [pool-209-thread-1] INFO  ratis.ContainerStateMachine (ContainerStateMachine.java:loadSnapshot(223)) - group-E7DF167351A9: The snapshot info is null. Setting the last applied indexto:(t:0, i:~)
2019-11-14 17:36:46,064 [pool-219-thread-1] INFO  server.RaftServerConfigKeys (ConfUtils.java:logGet(43)) - raft.server.notification.no-leader.timeout = 120s (custom)
2019-11-14 17:36:46,064 [pool-209-thread-1] INFO  server.RaftServerConfigKeys (ConfUtils.java:logGet(43)) - raft.server.notification.no-leader.timeout = 120s (custom)
2019-11-14 17:36:46,064 [pool-199-thread-1] INFO  ratis.ContainerStateMachine (ContainerStateMachine.java:loadSnapshot(223)) - group-E7DF167351A9: The snapshot info is null. Setting the last applied indexto:(t:0, i:~)
2019-11-14 17:36:46,064 [pool-209-thread-1] INFO  server.RaftServerConfigKeys (ConfUtils.java:logGet(43)) - raft.server.log.use.memory = false (default)
2019-11-14 17:36:46,064 [pool-219-thread-1] INFO  server.RaftServerConfigKeys (ConfUtils.java:logGet(43)) - raft.server.log.use.memory = false (default)
2019-11-14 17:36:46,065 [pool-209-thread-1] INFO  server.RaftServerConfigKeys (ConfUtils.java:logGet(43)) - raft.server.log.purge.gap = 1000000 (custom)
2019-11-14 17:36:46,064 [pool-199-thread-1] INFO  server.RaftServerConfigKeys (ConfUtils.java:logGet(43)) - raft.server.notification.no-leader.timeout = 120s (custom)
2019-11-14 17:36:46,065 [pool-209-thread-1] INFO  server.RaftServerConfigKeys (ConfUtils.java:logGet(43)) - raft.server.log.appender.buffer.byte-limit = 33554432 (custom)
2019-11-14 17:36:46,065 [pool-219-thread-1] INFO  server.RaftServerConfigKeys (ConfUtils.java:logGet(43)) - raft.server.log.purge.gap = 1000000 (custom)
2019-11-14 17:36:46,065 [pool-209-thread-1] INFO  server.RaftServerConfigKeys (ConfUtils.java:logGet(43)) - raft.server.log.segment.size.max = 1048576 (custom)
2019-11-14 17:36:46,065 [pool-199-thread-1] INFO  server.RaftServerConfigKeys (ConfUtils.java:logGet(43)) - raft.server.log.use.memory = false (default)
2019-11-14 17:36:46,065 [pool-209-thread-1] INFO  server.RaftServerConfigKeys (ConfUtils.java:logGet(43)) - raft.server.log.segment.cache.num.max = 2 (custom)
2019-11-14 17:36:46,065 [pool-219-thread-1] INFO  server.RaftServerConfigKeys (ConfUtils.java:logGet(43)) - raft.server.log.appender.buffer.byte-limit = 33554432 (custom)
2019-11-14 17:36:46,065 [pool-209-thread-1] INFO  segmented.SegmentedRaftLogWorker (SegmentedRaftLogWorker.java:<init>(173)) - new 0b8c2274-85ff-4b39-8671-ec8be5904baa@group-E7DF167351A9-SegmentedRaftLogWorker for RaftStorage:Storage Directory /workdir/hadoop-ozone/integration-test/target/test-dir/MiniOzoneClusterImpl-22bbe08b-7feb-4e26-8434-b505ec12d921/datanode-6/data/ratis/95214e6b-bdf4-4946-b509-e7df167351a9
2019-11-14 17:36:46,065 [pool-199-thread-1] INFO  server.RaftServerConfigKeys (ConfUtils.java:logGet(43)) - raft.server.log.purge.gap = 1000000 (custom)
2019-11-14 17:36:46,066 [pool-209-thread-1] INFO  server.RaftServerConfigKeys (ConfUtils.java:logGet(43)) - raft.server.log.queue.byte-limit = 2147483647 (custom)
2019-11-14 17:36:46,066 [pool-219-thread-1] INFO  server.RaftServerConfigKeys (ConfUtils.java:logGet(43)) - raft.server.log.segment.size.max = 1048576 (custom)
2019-11-14 17:36:46,066 [pool-209-thread-1] INFO  server.RaftServerConfigKeys (ConfUtils.java:logGet(43)) - raft.server.log.queue.element-limit = 1024 (custom)
2019-11-14 17:36:46,066 [pool-199-thread-1] INFO  server.RaftServerConfigKeys (ConfUtils.java:logGet(43)) - raft.server.log.appender.buffer.byte-limit = 33554432 (custom)
2019-11-14 17:36:46,066 [pool-209-thread-1] INFO  server.RaftServerConfigKeys (ConfUtils.java:logGet(43)) - raft.server.log.segment.size.max = 1048576 (custom)
2019-11-14 17:36:46,066 [pool-219-thread-1] INFO  server.RaftServerConfigKeys (ConfUtils.java:logGet(43)) - raft.server.log.segment.cache.num.max = 2 (custom)
2019-11-14 17:36:46,067 [pool-209-thread-1] INFO  server.RaftServerConfigKeys (ConfUtils.java:logGet(43)) - raft.server.log.preallocated.size = 16384 (custom)
2019-11-14 17:36:46,066 [pool-199-thread-1] INFO  server.RaftServerConfigKeys (ConfUtils.java:logGet(43)) - raft.server.log.segment.size.max = 1048576 (custom)
2019-11-14 17:36:46,067 [pool-209-thread-1] INFO  server.RaftServerConfigKeys (ConfUtils.java:logGet(43)) - raft.server.log.write.buffer.size = 33554432 (custom)
2019-11-14 17:36:46,067 [pool-219-thread-1] INFO  segmented.SegmentedRaftLogWorker (SegmentedRaftLogWorker.java:<init>(173)) - new 1f17fae6-ef42-4b5f-b929-258c4df74eb0@group-E7DF167351A9-SegmentedRaftLogWorker for RaftStorage:Storage Directory /workdir/hadoop-ozone/integration-test/target/test-dir/MiniOzoneClusterImpl-22bbe08b-7feb-4e26-8434-b505ec12d921/datanode-7/data/ratis/95214e6b-bdf4-4946-b509-e7df167351a9
2019-11-14 17:36:46,067 [pool-209-thread-1] INFO  server.RaftServerConfigKeys (ConfUtils.java:logGet(43)) - raft.server.log.force.sync.num = 128 (default)
2019-11-14 17:36:46,067 [pool-199-thread-1] INFO  server.RaftServerConfigKeys (ConfUtils.java:logGet(43)) - raft.server.log.segment.cache.num.max = 2 (custom)
2019-11-14 17:36:46,067 [pool-209-thread-1] INFO  server.RaftServerConfigKeys (ConfUtils.java:logGet(43)) - raft.server.log.statemachine.data.sync = true (default)
2019-11-14 17:36:46,067 [pool-219-thread-1] INFO  server.RaftServerConfigKeys (ConfUtils.java:logGet(43)) - raft.server.log.queue.byte-limit = 2147483647 (custom)
2019-11-14 17:36:46,068 [pool-209-thread-1] INFO  server.RaftServerConfigKeys (ConfUtils.java:logGet(43)) - raft.server.log.statemachine.data.sync.timeout = 10s (default)
2019-11-14 17:36:46,067 [pool-199-thread-1] INFO  segmented.SegmentedRaftLogWorker (SegmentedRaftLogWorker.java:<init>(173)) - new c40a56fe-5273-466a-9f61-79febf43aa6a@group-E7DF167351A9-SegmentedRaftLogWorker for RaftStorage:Storage Directory /workdir/hadoop-ozone/integration-test/target/test-dir/MiniOzoneClusterImpl-22bbe08b-7feb-4e26-8434-b505ec12d921/datanode-5/data/ratis/95214e6b-bdf4-4946-b509-e7df167351a9
2019-11-14 17:36:46,068 [pool-209-thread-1] INFO  server.RaftServerConfigKeys (ConfUtils.java:logGet(43)) - raft.server.log.statemachine.data.sync.timeout.retry = -1 (default)
2019-11-14 17:36:46,068 [pool-219-thread-1] INFO  server.RaftServerConfigKeys (ConfUtils.java:logGet(43)) - raft.server.log.queue.element-limit = 1024 (custom)
2019-11-14 17:36:46,068 [pool-199-thread-1] INFO  server.RaftServerConfigKeys (ConfUtils.java:logGet(43)) - raft.server.log.queue.byte-limit = 2147483647 (custom)
2019-11-14 17:36:46,068 [pool-209-thread-1] INFO  server.RaftServerConfigKeys (ConfUtils.java:logGet(43)) - raft.server.log.statemachine.data.caching.enabled = true (custom)
2019-11-14 17:36:46,068 [pool-219-thread-1] INFO  server.RaftServerConfigKeys (ConfUtils.java:logGet(43)) - raft.server.log.segment.size.max = 1048576 (custom)
2019-11-14 17:36:46,068 [pool-199-thread-1] INFO  server.RaftServerConfigKeys (ConfUtils.java:logGet(43)) - raft.server.log.queue.element-limit = 1024 (custom)
2019-11-14 17:36:46,069 [pool-209-thread-1] INFO  segmented.SegmentedRaftLogWorker (SegmentedRaftLogWorker.java:lambda$new$0(128)) - 0b8c2274-85ff-4b39-8671-ec8be5904baa@group-E7DF167351A9-SegmentedRaftLogWorker: flushIndex: setUnconditionally 0 -> -1
2019-11-14 17:36:46,068 [pool-219-thread-1] INFO  server.RaftServerConfigKeys (ConfUtils.java:logGet(43)) - raft.server.log.preallocated.size = 16384 (custom)
2019-11-14 17:36:46,069 [pool-199-thread-1] INFO  server.RaftServerConfigKeys (ConfUtils.java:logGet(43)) - raft.server.log.segment.size.max = 1048576 (custom)
2019-11-14 17:36:46,069 [pool-209-thread-1] INFO  server.RaftServerConfigKeys (ConfUtils.java:logGet(43)) - raft.server.snapshot.auto.trigger.enabled = true (custom)
2019-11-14 17:36:46,069 [pool-219-thread-1] INFO  server.RaftServerConfigKeys (ConfUtils.java:logGet(43)) - raft.server.log.write.buffer.size = 33554432 (custom)
2019-11-14 17:36:46,069 [pool-209-thread-1] INFO  server.RaftServerConfigKeys (ConfUtils.java:logGet(43)) - raft.server.snapshot.auto.trigger.threshold = 10000 (custom)
2019-11-14 17:36:46,069 [pool-199-thread-1] INFO  server.RaftServerConfigKeys (ConfUtils.java:logGet(43)) - raft.server.log.preallocated.size = 16384 (custom)
2019-11-14 17:36:46,069 [pool-209-thread-1] INFO  server.RaftServerConfigKeys (ConfUtils.java:logGet(43)) - raft.server.snapshot.retention.file.num = 5 (custom)
2019-11-14 17:36:46,069 [pool-219-thread-1] INFO  server.RaftServerConfigKeys (ConfUtils.java:logGet(43)) - raft.server.log.force.sync.num = 128 (default)
2019-11-14 17:36:46,070 [pool-209-thread-1] INFO  server.RaftServerConfigKeys (ConfUtils.java:logGet(43)) - raft.server.retrycache.expirytime = 600000ms (custom)
2019-11-14 17:36:46,069 [pool-199-thread-1] INFO  server.RaftServerConfigKeys (ConfUtils.java:logGet(43)) - raft.server.log.write.buffer.size = 33554432 (custom)
2019-11-14 17:36:46,070 [pool-209-thread-1] WARN  impl.MetricRegistriesImpl (MetricRegistriesImpl.java:lambda$create$1(61)) - First MetricRegistry has been created without registering reporters. You may need to call MetricRegistries.global().addReportRegistration(...) before.
2019-11-14 17:36:46,070 [pool-219-thread-1] INFO  server.RaftServerConfigKeys (ConfUtils.java:logGet(43)) - raft.server.log.statemachine.data.sync = true (default)
2019-11-14 17:36:46,070 [pool-209-thread-1] WARN  impl.MetricRegistriesImpl (MetricRegistriesImpl.java:lambda$create$1(61)) - First MetricRegistry has been created without registering reporters. You may need to call MetricRegistries.global().addReportRegistration(...) before.
2019-11-14 17:36:46,070 [pool-199-thread-1] INFO  server.RaftServerConfigKeys (ConfUtils.java:logGet(43)) - raft.server.log.force.sync.num = 128 (default)
2019-11-14 17:36:46,070 [pool-219-thread-1] INFO  server.RaftServerConfigKeys (ConfUtils.java:logGet(43)) - raft.server.log.statemachine.data.sync.timeout = 10s (default)
2019-11-14 17:36:46,070 [pool-199-thread-1] INFO  server.RaftServerConfigKeys (ConfUtils.java:logGet(43)) - raft.server.log.statemachine.data.sync = true (default)
2019-11-14 17:36:46,070 [pool-209-thread-1] INFO  impl.RaftServerImpl (RaftServerImpl.java:start(184)) - 0b8c2274-85ff-4b39-8671-ec8be5904baa@group-E7DF167351A9: start as a follower, conf=-1: [1f17fae6-ef42-4b5f-b929-258c4df74eb0:192.168.157.194:44377, 0b8c2274-85ff-4b39-8671-ec8be5904baa:192.168.157.194:34392, c40a56fe-5273-466a-9f61-79febf43aa6a:192.168.157.194:45340], old=null
2019-11-14 17:36:46,071 [pool-199-thread-1] INFO  server.RaftServerConfigKeys (ConfUtils.java:logGet(43)) - raft.server.log.statemachine.data.sync.timeout = 10s (default)
2019-11-14 17:36:46,071 [pool-219-thread-1] INFO  server.RaftServerConfigKeys (ConfUtils.java:logGet(43)) - raft.server.log.statemachine.data.sync.timeout.retry = -1 (default)
2019-11-14 17:36:46,071 [pool-199-thread-1] INFO  server.RaftServerConfigKeys (ConfUtils.java:logGet(43)) - raft.server.log.statemachine.data.sync.timeout.retry = -1 (default)
2019-11-14 17:36:46,071 [pool-209-thread-1] INFO  impl.RaftServerImpl (RaftServerImpl.java:setRole(173)) - 0b8c2274-85ff-4b39-8671-ec8be5904baa@group-E7DF167351A9: changes role from      null to FOLLOWER at term 0 for startAsFollower
2019-11-14 17:36:46,071 [pool-199-thread-1] INFO  server.RaftServerConfigKeys (ConfUtils.java:logGet(43)) - raft.server.log.statemachine.data.caching.enabled = true (custom)
2019-11-14 17:36:46,071 [pool-219-thread-1] INFO  server.RaftServerConfigKeys (ConfUtils.java:logGet(43)) - raft.server.log.statemachine.data.caching.enabled = true (custom)
2019-11-14 17:36:46,071 [pool-209-thread-1] INFO  impl.RoleInfo (RoleInfo.java:updateAndGet(143)) - 0b8c2274-85ff-4b39-8671-ec8be5904baa: start FollowerState
2019-11-14 17:36:46,072 [pool-199-thread-1] INFO  segmented.SegmentedRaftLogWorker (SegmentedRaftLogWorker.java:lambda$new$0(128)) - c40a56fe-5273-466a-9f61-79febf43aa6a@group-E7DF167351A9-SegmentedRaftLogWorker: flushIndex: setUnconditionally 0 -> -1
2019-11-14 17:36:46,072 [pool-219-thread-1] INFO  segmented.SegmentedRaftLogWorker (SegmentedRaftLogWorker.java:lambda$new$0(128)) - 1f17fae6-ef42-4b5f-b929-258c4df74eb0@group-E7DF167351A9-SegmentedRaftLogWorker: flushIndex: setUnconditionally 0 -> -1
2019-11-14 17:36:46,072 [pool-199-thread-1] INFO  server.RaftServerConfigKeys (ConfUtils.java:logGet(43)) - raft.server.snapshot.auto.trigger.enabled = true (custom)
2019-11-14 17:36:46,072 [pool-219-thread-1] INFO  server.RaftServerConfigKeys (ConfUtils.java:logGet(43)) - raft.server.snapshot.auto.trigger.enabled = true (custom)
2019-11-14 17:36:46,072 [pool-209-thread-1] INFO  util.JmxRegister (JmxRegister.java:tryRegister(44)) - Successfully registered JMX Bean with object name Ratis:service=RaftServer,group=group-E7DF167351A9,id=0b8c2274-85ff-4b39-8671-ec8be5904baa
2019-11-14 17:36:46,072 [pool-219-thread-1] INFO  server.RaftServerConfigKeys (ConfUtils.java:logGet(43)) - raft.server.snapshot.auto.trigger.threshold = 10000 (custom)
2019-11-14 17:36:46,072 [pool-199-thread-1] INFO  server.RaftServerConfigKeys (ConfUtils.java:logGet(43)) - raft.server.snapshot.auto.trigger.threshold = 10000 (custom)
2019-11-14 17:36:46,072 [pool-219-thread-1] INFO  server.RaftServerConfigKeys (ConfUtils.java:logGet(43)) - raft.server.snapshot.retention.file.num = 5 (custom)
2019-11-14 17:36:46,072 [pool-209-thread-1] WARN  impl.MetricRegistriesImpl (MetricRegistriesImpl.java:lambda$create$1(61)) - First MetricRegistry has been created without registering reporters. You may need to call MetricRegistries.global().addReportRegistration(...) before.
2019-11-14 17:36:46,073 [pool-219-thread-1] INFO  server.RaftServerConfigKeys (ConfUtils.java:logGet(43)) - raft.server.retrycache.expirytime = 600000ms (custom)
2019-11-14 17:36:46,073 [pool-199-thread-1] INFO  server.RaftServerConfigKeys (ConfUtils.java:logGet(43)) - raft.server.snapshot.retention.file.num = 5 (custom)
2019-11-14 17:36:46,073 [pool-219-thread-1] WARN  impl.MetricRegistriesImpl (MetricRegistriesImpl.java:lambda$create$1(61)) - First MetricRegistry has been created without registering reporters. You may need to call MetricRegistries.global().addReportRegistration(...) before.
2019-11-14 17:36:46,073 [pool-219-thread-1] WARN  impl.MetricRegistriesImpl (MetricRegistriesImpl.java:lambda$create$1(61)) - First MetricRegistry has been created without registering reporters. You may need to call MetricRegistries.global().addReportRegistration(...) before.
2019-11-14 17:36:46,073 [pool-199-thread-1] INFO  server.RaftServerConfigKeys (ConfUtils.java:logGet(43)) - raft.server.retrycache.expirytime = 600000ms (custom)
2019-11-14 17:36:46,073 [pool-219-thread-1] INFO  impl.RaftServerImpl (RaftServerImpl.java:start(184)) - 1f17fae6-ef42-4b5f-b929-258c4df74eb0@group-E7DF167351A9: start as a follower, conf=-1: [1f17fae6-ef42-4b5f-b929-258c4df74eb0:192.168.157.194:44377, 0b8c2274-85ff-4b39-8671-ec8be5904baa:192.168.157.194:34392, c40a56fe-5273-466a-9f61-79febf43aa6a:192.168.157.194:45340], old=null
2019-11-14 17:36:46,073 [pool-219-thread-1] INFO  impl.RaftServerImpl (RaftServerImpl.java:setRole(173)) - 1f17fae6-ef42-4b5f-b929-258c4df74eb0@group-E7DF167351A9: changes role from      null to FOLLOWER at term 0 for startAsFollower
2019-11-14 17:36:46,073 [pool-199-thread-1] WARN  impl.MetricRegistriesImpl (MetricRegistriesImpl.java:lambda$create$1(61)) - First MetricRegistry has been created without registering reporters. You may need to call MetricRegistries.global().addReportRegistration(...) before.
2019-11-14 17:36:46,074 [pool-219-thread-1] INFO  impl.RoleInfo (RoleInfo.java:updateAndGet(143)) - 1f17fae6-ef42-4b5f-b929-258c4df74eb0: start FollowerState
2019-11-14 17:36:46,074 [pool-199-thread-1] WARN  impl.MetricRegistriesImpl (MetricRegistriesImpl.java:lambda$create$1(61)) - First MetricRegistry has been created without registering reporters. You may need to call MetricRegistries.global().addReportRegistration(...) before.
2019-11-14 17:36:46,074 [pool-199-thread-1] INFO  impl.RaftServerImpl (RaftServerImpl.java:start(184)) - c40a56fe-5273-466a-9f61-79febf43aa6a@group-E7DF167351A9: start as a follower, conf=-1: [1f17fae6-ef42-4b5f-b929-258c4df74eb0:192.168.157.194:44377, 0b8c2274-85ff-4b39-8671-ec8be5904baa:192.168.157.194:34392, c40a56fe-5273-466a-9f61-79febf43aa6a:192.168.157.194:45340], old=null
2019-11-14 17:36:46,074 [pool-219-thread-1] INFO  util.JmxRegister (JmxRegister.java:tryRegister(44)) - Successfully registered JMX Bean with object name Ratis:service=RaftServer,group=group-E7DF167351A9,id=1f17fae6-ef42-4b5f-b929-258c4df74eb0
2019-11-14 17:36:46,074 [pool-199-thread-1] INFO  impl.RaftServerImpl (RaftServerImpl.java:setRole(173)) - c40a56fe-5273-466a-9f61-79febf43aa6a@group-E7DF167351A9: changes role from      null to FOLLOWER at term 0 for startAsFollower
2019-11-14 17:36:46,074 [pool-219-thread-1] WARN  impl.MetricRegistriesImpl (MetricRegistriesImpl.java:lambda$create$1(61)) - First MetricRegistry has been created without registering reporters. You may need to call MetricRegistries.global().addReportRegistration(...) before.
2019-11-14 17:36:46,075 [pool-199-thread-1] INFO  impl.RoleInfo (RoleInfo.java:updateAndGet(143)) - c40a56fe-5273-466a-9f61-79febf43aa6a: start FollowerState
2019-11-14 17:36:46,075 [pool-199-thread-1] INFO  util.JmxRegister (JmxRegister.java:tryRegister(44)) - Successfully registered JMX Bean with object name Ratis:service=RaftServer,group=group-E7DF167351A9,id=c40a56fe-5273-466a-9f61-79febf43aa6a
2019-11-14 17:36:46,075 [pool-199-thread-1] WARN  impl.MetricRegistriesImpl (MetricRegistriesImpl.java:lambda$create$1(61)) - First MetricRegistry has been created without registering reporters. You may need to call MetricRegistries.global().addReportRegistration(...) before.
2019-11-14 17:36:46,079 [RatisPipelineUtilsThread] INFO  pipeline.PipelineStateManager (PipelineStateManager.java:addPipeline(55)) - Created pipeline Pipeline[ Id: 95214e6b-bdf4-4946-b509-e7df167351a9, Nodes: c40a56fe-5273-466a-9f61-79febf43aa6a{ip: 192.168.157.194, host: pr-hdds-2482-j87dr-2776293630, networkLocation: /rack1, certSerialId: null}0b8c2274-85ff-4b39-8671-ec8be5904baa{ip: 192.168.157.194, host: pr-hdds-2482-j87dr-2776293630, networkLocation: /rack1, certSerialId: null}1f17fae6-ef42-4b5f-b929-258c4df74eb0{ip: 192.168.157.194, host: pr-hdds-2482-j87dr-2776293630, networkLocation: /rack1, certSerialId: null}, Type:RATIS, Factor:THREE, State:ALLOCATED]
2019-11-14 17:36:46,080 [main] INFO  ozone.MiniOzoneClusterImpl (MiniOzoneClusterImpl.java:lambda$waitForClusterToBeReady$2(163)) - Waiting for 13 number of pipelines out of 13, to report a leader.
2019-11-14 17:36:46,291 [Thread-1237] INFO  impl.FollowerState (FollowerState.java:run(111)) - b2e3cdb6-e490-4d5b-a0a3-6f5ff6451210@group-071D96F78CB2-FollowerState: change to CANDIDATE, lastRpcTime:1050ms, electionTimeout:1050ms
2019-11-14 17:36:46,291 [Thread-1237] INFO  impl.RoleInfo (RoleInfo.java:shutdownFollowerState(121)) - b2e3cdb6-e490-4d5b-a0a3-6f5ff6451210: shutdown FollowerState
2019-11-14 17:36:46,291 [Thread-1237] INFO  impl.RaftServerImpl (RaftServerImpl.java:setRole(173)) - b2e3cdb6-e490-4d5b-a0a3-6f5ff6451210@group-071D96F78CB2: changes role from  FOLLOWER to CANDIDATE at term 0 for changeToCandidate
2019-11-14 17:36:46,291 [Thread-1237] INFO  impl.RoleInfo (RoleInfo.java:updateAndGet(143)) - b2e3cdb6-e490-4d5b-a0a3-6f5ff6451210: start LeaderElection
2019-11-14 17:36:46,314 [Thread-1240] INFO  impl.FollowerState (FollowerState.java:run(111)) - f5a4bf5a-4195-495f-81ba-193832aea29d@group-EFFA0052EC66-FollowerState: change to CANDIDATE, lastRpcTime:1006ms, electionTimeout:1006ms
2019-11-14 17:36:46,314 [Thread-1240] INFO  impl.RoleInfo (RoleInfo.java:shutdownFollowerState(121)) - f5a4bf5a-4195-495f-81ba-193832aea29d: shutdown FollowerState
2019-11-14 17:36:46,314 [Thread-1240] INFO  impl.RaftServerImpl (RaftServerImpl.java:setRole(173)) - f5a4bf5a-4195-495f-81ba-193832aea29d@group-EFFA0052EC66: changes role from  FOLLOWER to CANDIDATE at term 0 for changeToCandidate
2019-11-14 17:36:46,314 [Thread-1240] INFO  impl.RoleInfo (RoleInfo.java:updateAndGet(143)) - f5a4bf5a-4195-495f-81ba-193832aea29d: start LeaderElection
2019-11-14 17:36:46,322 [b2e3cdb6-e490-4d5b-a0a3-6f5ff6451210@group-071D96F78CB2-LeaderElection53] INFO  impl.LeaderElection (LeaderElection.java:askForVotes(178)) - b2e3cdb6-e490-4d5b-a0a3-6f5ff6451210@group-071D96F78CB2-LeaderElection53: begin an election at term 1 for -1: [b2e3cdb6-e490-4d5b-a0a3-6f5ff6451210:192.168.157.194:37477], old=null
2019-11-14 17:36:46,322 [b2e3cdb6-e490-4d5b-a0a3-6f5ff6451210@group-071D96F78CB2-LeaderElection53] INFO  impl.RoleInfo (RoleInfo.java:shutdownLeaderElection(134)) - b2e3cdb6-e490-4d5b-a0a3-6f5ff6451210: shutdown LeaderElection
2019-11-14 17:36:46,323 [b2e3cdb6-e490-4d5b-a0a3-6f5ff6451210@group-071D96F78CB2-LeaderElection53] INFO  impl.RaftServerImpl (RaftServerImpl.java:setRole(173)) - b2e3cdb6-e490-4d5b-a0a3-6f5ff6451210@group-071D96F78CB2: changes role from CANDIDATE to LEADER at term 1 for changeToLeader
2019-11-14 17:36:46,323 [b2e3cdb6-e490-4d5b-a0a3-6f5ff6451210@group-071D96F78CB2-LeaderElection53] INFO  ratis.XceiverServerRatis (XceiverServerRatis.java:handleLeaderChangedNotification(697)) - Leader change notification received for group: group-071D96F78CB2 with new leaderId: b2e3cdb6-e490-4d5b-a0a3-6f5ff6451210
2019-11-14 17:36:46,323 [b2e3cdb6-e490-4d5b-a0a3-6f5ff6451210@group-071D96F78CB2-LeaderElection53] INFO  impl.RaftServerImpl (ServerState.java:setLeader(255)) - b2e3cdb6-e490-4d5b-a0a3-6f5ff6451210@group-071D96F78CB2: change Leader from null to b2e3cdb6-e490-4d5b-a0a3-6f5ff6451210 at term 1 for becomeLeader, leader elected after 1087ms
2019-11-14 17:36:46,323 [b2e3cdb6-e490-4d5b-a0a3-6f5ff6451210@group-071D96F78CB2-LeaderElection53] INFO  server.RaftServerConfigKeys (ConfUtils.java:logGet(43)) - raft.server.staging.catchup.gap = 1000 (default)
2019-11-14 17:36:46,325 [b2e3cdb6-e490-4d5b-a0a3-6f5ff6451210@group-071D96F78CB2-LeaderElection53] INFO  server.RaftServerConfigKeys (ConfUtils.java:logGet(43)) - raft.server.rpc.sleep.time = 25ms (default)
2019-11-14 17:36:46,326 [b2e3cdb6-e490-4d5b-a0a3-6f5ff6451210@group-071D96F78CB2-LeaderElection53] INFO  server.RaftServerConfigKeys (ConfUtils.java:logGet(43)) - raft.server.write.element-limit = 4096 (default)
2019-11-14 17:36:46,326 [b2e3cdb6-e490-4d5b-a0a3-6f5ff6451210@group-071D96F78CB2-LeaderElection53] INFO  server.RaftServerConfigKeys (ConfUtils.java:logGet(43)) - raft.server.watch.timeout = 10s (default)
2019-11-14 17:36:46,326 [b2e3cdb6-e490-4d5b-a0a3-6f5ff6451210@group-071D96F78CB2-LeaderElection53] INFO  server.RaftServerConfigKeys (ConfUtils.java:logGet(43)) - raft.server.watch.timeout.denomination = 1s (default)
2019-11-14 17:36:46,326 [b2e3cdb6-e490-4d5b-a0a3-6f5ff6451210@group-071D96F78CB2-LeaderElection53] INFO  server.RaftServerConfigKeys (ConfUtils.java:logGet(43)) - raft.server.watch.element-limit = 65536 (default)
2019-11-14 17:36:46,327 [b2e3cdb6-e490-4d5b-a0a3-6f5ff6451210@group-071D96F78CB2-LeaderElection53] INFO  impl.RoleInfo (RoleInfo.java:updateAndGet(143)) - b2e3cdb6-e490-4d5b-a0a3-6f5ff6451210: start LeaderState
2019-11-14 17:36:46,327 [EventQueue-PipelineReportForPipelineReportHandler] INFO  pipeline.PipelineStateManager (PipelineStateManager.java:openPipeline(134)) - Pipeline Pipeline[ Id: 757ba0c0-d7a1-4698-9ba1-071d96f78cb2, Nodes: b2e3cdb6-e490-4d5b-a0a3-6f5ff6451210{ip: 192.168.157.194, host: pr-hdds-2482-j87dr-2776293630, networkLocation: /rack1, certSerialId: null}, Type:RATIS, Factor:ONE, State:OPEN] moved to OPEN state
2019-11-14 17:36:46,327 [b2e3cdb6-e490-4d5b-a0a3-6f5ff6451210@group-071D96F78CB2-LeaderElection53] INFO  segmented.SegmentedRaftLogWorker (SegmentedRaftLogWorker.java:startLogSegment(385)) - b2e3cdb6-e490-4d5b-a0a3-6f5ff6451210@group-071D96F78CB2-SegmentedRaftLogWorker: Starting segment from index:0
2019-11-14 17:36:46,328 [b2e3cdb6-e490-4d5b-a0a3-6f5ff6451210@group-071D96F78CB2-LeaderElection53] INFO  impl.RaftServerImpl (ServerState.java:setRaftConf(356)) - b2e3cdb6-e490-4d5b-a0a3-6f5ff6451210@group-071D96F78CB2: set configuration 0: [b2e3cdb6-e490-4d5b-a0a3-6f5ff6451210:192.168.157.194:37477], old=null at 0
2019-11-14 17:36:46,348 [f5a4bf5a-4195-495f-81ba-193832aea29d@group-EFFA0052EC66-LeaderElection54] INFO  impl.LeaderElection (LeaderElection.java:askForVotes(178)) - f5a4bf5a-4195-495f-81ba-193832aea29d@group-EFFA0052EC66-LeaderElection54: begin an election at term 1 for -1: [f5a4bf5a-4195-495f-81ba-193832aea29d:192.168.157.194:46851], old=null
2019-11-14 17:36:46,348 [f5a4bf5a-4195-495f-81ba-193832aea29d@group-EFFA0052EC66-LeaderElection54] INFO  impl.RoleInfo (RoleInfo.java:shutdownLeaderElection(134)) - f5a4bf5a-4195-495f-81ba-193832aea29d: shutdown LeaderElection
2019-11-14 17:36:46,348 [f5a4bf5a-4195-495f-81ba-193832aea29d@group-EFFA0052EC66-LeaderElection54] INFO  impl.RaftServerImpl (RaftServerImpl.java:setRole(173)) - f5a4bf5a-4195-495f-81ba-193832aea29d@group-EFFA0052EC66: changes role from CANDIDATE to LEADER at term 1 for changeToLeader
2019-11-14 17:36:46,348 [f5a4bf5a-4195-495f-81ba-193832aea29d@group-EFFA0052EC66-LeaderElection54] INFO  ratis.XceiverServerRatis (XceiverServerRatis.java:handleLeaderChangedNotification(697)) - Leader change notification received for group: group-EFFA0052EC66 with new leaderId: f5a4bf5a-4195-495f-81ba-193832aea29d
2019-11-14 17:36:46,348 [f5a4bf5a-4195-495f-81ba-193832aea29d@group-EFFA0052EC66-LeaderElection54] INFO  impl.RaftServerImpl (ServerState.java:setLeader(255)) - f5a4bf5a-4195-495f-81ba-193832aea29d@group-EFFA0052EC66: change Leader from null to f5a4bf5a-4195-495f-81ba-193832aea29d at term 1 for becomeLeader, leader elected after 1045ms
2019-11-14 17:36:46,349 [f5a4bf5a-4195-495f-81ba-193832aea29d@group-EFFA0052EC66-LeaderElection54] INFO  server.RaftServerConfigKeys (ConfUtils.java:logGet(43)) - raft.server.staging.catchup.gap = 1000 (default)
2019-11-14 17:36:46,349 [f5a4bf5a-4195-495f-81ba-193832aea29d@group-EFFA0052EC66-LeaderElection54] INFO  server.RaftServerConfigKeys (ConfUtils.java:logGet(43)) - raft.server.rpc.sleep.time = 25ms (default)
2019-11-14 17:36:46,365 [f5a4bf5a-4195-495f-81ba-193832aea29d@group-EFFA0052EC66-LeaderElection54] INFO  server.RaftServerConfigKeys (ConfUtils.java:logGet(43)) - raft.server.write.element-limit = 4096 (default)
2019-11-14 17:36:46,365 [f5a4bf5a-4195-495f-81ba-193832aea29d@group-EFFA0052EC66-LeaderElection54] INFO  server.RaftServerConfigKeys (ConfUtils.java:logGet(43)) - raft.server.watch.timeout = 10s (default)
2019-11-14 17:36:46,365 [f5a4bf5a-4195-495f-81ba-193832aea29d@group-EFFA0052EC66-LeaderElection54] INFO  server.RaftServerConfigKeys (ConfUtils.java:logGet(43)) - raft.server.watch.timeout.denomination = 1s (default)
2019-11-14 17:36:46,366 [f5a4bf5a-4195-495f-81ba-193832aea29d@group-EFFA0052EC66-LeaderElection54] INFO  server.RaftServerConfigKeys (ConfUtils.java:logGet(43)) - raft.server.watch.element-limit = 65536 (default)
2019-11-14 17:36:46,366 [EventQueue-PipelineReportForPipelineReportHandler] INFO  pipeline.PipelineStateManager (PipelineStateManager.java:openPipeline(134)) - Pipeline Pipeline[ Id: 1b9cd0ed-4681-49d7-a81a-effa0052ec66, Nodes: f5a4bf5a-4195-495f-81ba-193832aea29d{ip: 192.168.157.194, host: pr-hdds-2482-j87dr-2776293630, networkLocation: /rack1, certSerialId: null}, Type:RATIS, Factor:ONE, State:OPEN] moved to OPEN state
2019-11-14 17:36:46,366 [f5a4bf5a-4195-495f-81ba-193832aea29d@group-EFFA0052EC66-LeaderElection54] INFO  impl.RoleInfo (RoleInfo.java:updateAndGet(143)) - f5a4bf5a-4195-495f-81ba-193832aea29d: start LeaderState
2019-11-14 17:36:46,366 [f5a4bf5a-4195-495f-81ba-193832aea29d@group-EFFA0052EC66-LeaderElection54] INFO  segmented.SegmentedRaftLogWorker (SegmentedRaftLogWorker.java:startLogSegment(385)) - f5a4bf5a-4195-495f-81ba-193832aea29d@group-EFFA0052EC66-SegmentedRaftLogWorker: Starting segment from index:0
2019-11-14 17:36:46,367 [f5a4bf5a-4195-495f-81ba-193832aea29d@group-EFFA0052EC66-LeaderElection54] INFO  impl.RaftServerImpl (ServerState.java:setRaftConf(356)) - f5a4bf5a-4195-495f-81ba-193832aea29d@group-EFFA0052EC66: set configuration 0: [f5a4bf5a-4195-495f-81ba-193832aea29d:192.168.157.194:46851], old=null at 0
2019-11-14 17:36:46,390 [b2e3cdb6-e490-4d5b-a0a3-6f5ff6451210@group-071D96F78CB2-SegmentedRaftLogWorker] INFO  segmented.SegmentedRaftLogWorker (SegmentedRaftLogWorker.java:execute(576)) - b2e3cdb6-e490-4d5b-a0a3-6f5ff6451210@group-071D96F78CB2-SegmentedRaftLogWorker: created new log segment /workdir/hadoop-ozone/integration-test/target/test-dir/MiniOzoneClusterImpl-22bbe08b-7feb-4e26-8434-b505ec12d921/datanode-0/data/ratis/757ba0c0-d7a1-4698-9ba1-071d96f78cb2/current/log_inprogress_0
2019-11-14 17:36:46,415 [f5a4bf5a-4195-495f-81ba-193832aea29d@group-EFFA0052EC66-SegmentedRaftLogWorker] INFO  segmented.SegmentedRaftLogWorker (SegmentedRaftLogWorker.java:execute(576)) - f5a4bf5a-4195-495f-81ba-193832aea29d@group-EFFA0052EC66-SegmentedRaftLogWorker: created new log segment /workdir/hadoop-ozone/integration-test/target/test-dir/MiniOzoneClusterImpl-22bbe08b-7feb-4e26-8434-b505ec12d921/datanode-1/data/ratis/1b9cd0ed-4681-49d7-a81a-effa0052ec66/current/log_inprogress_0
2019-11-14 17:36:46,430 [Thread-1243] INFO  impl.FollowerState (FollowerState.java:run(111)) - 7dd38d19-97a5-42cf-8254-8fed67def3f2@group-0B30A11A07C5-FollowerState: change to CANDIDATE, lastRpcTime:1072ms, electionTimeout:1072ms
2019-11-14 17:36:46,430 [Thread-1243] INFO  impl.RoleInfo (RoleInfo.java:shutdownFollowerState(121)) - 7dd38d19-97a5-42cf-8254-8fed67def3f2: shutdown FollowerState
2019-11-14 17:36:46,430 [Thread-1243] INFO  impl.RaftServerImpl (RaftServerImpl.java:setRole(173)) - 7dd38d19-97a5-42cf-8254-8fed67def3f2@group-0B30A11A07C5: changes role from  FOLLOWER to CANDIDATE at term 0 for changeToCandidate
2019-11-14 17:36:46,430 [Thread-1243] INFO  impl.RoleInfo (RoleInfo.java:updateAndGet(143)) - 7dd38d19-97a5-42cf-8254-8fed67def3f2: start LeaderElection
2019-11-14 17:36:46,433 [Thread-1251] INFO  impl.FollowerState (FollowerState.java:run(111)) - 7dd38d19-97a5-42cf-8254-8fed67def3f2@group-27F0209B9491-FollowerState: change to CANDIDATE, lastRpcTime:1007ms, electionTimeout:1005ms
2019-11-14 17:36:46,435 [Thread-1251] INFO  impl.RoleInfo (RoleInfo.java:shutdownFollowerState(121)) - 7dd38d19-97a5-42cf-8254-8fed67def3f2: shutdown FollowerState
2019-11-14 17:36:46,435 [Thread-1251] INFO  impl.RaftServerImpl (RaftServerImpl.java:setRole(173)) - 7dd38d19-97a5-42cf-8254-8fed67def3f2@group-27F0209B9491: changes role from  FOLLOWER to CANDIDATE at term 0 for changeToCandidate
2019-11-14 17:36:46,435 [Thread-1251] INFO  impl.RoleInfo (RoleInfo.java:updateAndGet(143)) - 7dd38d19-97a5-42cf-8254-8fed67def3f2: start LeaderElection
2019-11-14 17:36:46,457 [7dd38d19-97a5-42cf-8254-8fed67def3f2@group-0B30A11A07C5-LeaderElection55] INFO  impl.LeaderElection (LeaderElection.java:askForVotes(178)) - 7dd38d19-97a5-42cf-8254-8fed67def3f2@group-0B30A11A07C5-LeaderElection55: begin an election at term 1 for -1: [7dd38d19-97a5-42cf-8254-8fed67def3f2:192.168.157.194:40753], old=null
2019-11-14 17:36:46,457 [7dd38d19-97a5-42cf-8254-8fed67def3f2@group-27F0209B9491-LeaderElection56] INFO  impl.LeaderElection (LeaderElection.java:askForVotes(178)) - 7dd38d19-97a5-42cf-8254-8fed67def3f2@group-27F0209B9491-LeaderElection56: begin an election at term 1 for -1: [b2e3cdb6-e490-4d5b-a0a3-6f5ff6451210:192.168.157.194:37477, f5a4bf5a-4195-495f-81ba-193832aea29d:192.168.157.194:46851, 7dd38d19-97a5-42cf-8254-8fed67def3f2:192.168.157.194:40753], old=null
2019-11-14 17:36:46,457 [7dd38d19-97a5-42cf-8254-8fed67def3f2@group-0B30A11A07C5-LeaderElection55] INFO  impl.RoleInfo (RoleInfo.java:shutdownLeaderElection(134)) - 7dd38d19-97a5-42cf-8254-8fed67def3f2: shutdown LeaderElection
2019-11-14 17:36:46,457 [7dd38d19-97a5-42cf-8254-8fed67def3f2@group-0B30A11A07C5-LeaderElection55] INFO  impl.RaftServerImpl (RaftServerImpl.java:setRole(173)) - 7dd38d19-97a5-42cf-8254-8fed67def3f2@group-0B30A11A07C5: changes role from CANDIDATE to LEADER at term 1 for changeToLeader
2019-11-14 17:36:46,458 [7dd38d19-97a5-42cf-8254-8fed67def3f2@group-0B30A11A07C5-LeaderElection55] INFO  ratis.XceiverServerRatis (XceiverServerRatis.java:handleLeaderChangedNotification(697)) - Leader change notification received for group: group-0B30A11A07C5 with new leaderId: 7dd38d19-97a5-42cf-8254-8fed67def3f2
2019-11-14 17:36:46,458 [7dd38d19-97a5-42cf-8254-8fed67def3f2@group-0B30A11A07C5-LeaderElection55] INFO  impl.RaftServerImpl (ServerState.java:setLeader(255)) - 7dd38d19-97a5-42cf-8254-8fed67def3f2@group-0B30A11A07C5: change Leader from null to 7dd38d19-97a5-42cf-8254-8fed67def3f2 at term 1 for becomeLeader, leader elected after 1104ms
2019-11-14 17:36:46,460 [7dd38d19-97a5-42cf-8254-8fed67def3f2@group-0B30A11A07C5-LeaderElection55] INFO  server.RaftServerConfigKeys (ConfUtils.java:logGet(43)) - raft.server.staging.catchup.gap = 1000 (default)
2019-11-14 17:36:46,460 [7dd38d19-97a5-42cf-8254-8fed67def3f2@group-0B30A11A07C5-LeaderElection55] INFO  server.RaftServerConfigKeys (ConfUtils.java:logGet(43)) - raft.server.rpc.sleep.time = 25ms (default)
2019-11-14 17:36:46,461 [7dd38d19-97a5-42cf-8254-8fed67def3f2@group-0B30A11A07C5-LeaderElection55] INFO  server.RaftServerConfigKeys (ConfUtils.java:logGet(43)) - raft.server.write.element-limit = 4096 (default)
2019-11-14 17:36:46,461 [7dd38d19-97a5-42cf-8254-8fed67def3f2@group-0B30A11A07C5-LeaderElection55] INFO  server.RaftServerConfigKeys (ConfUtils.java:logGet(43)) - raft.server.watch.timeout = 10s (default)
2019-11-14 17:36:46,461 [7dd38d19-97a5-42cf-8254-8fed67def3f2@group-0B30A11A07C5-LeaderElection55] INFO  server.RaftServerConfigKeys (ConfUtils.java:logGet(43)) - raft.server.watch.timeout.denomination = 1s (default)
2019-11-14 17:36:46,461 [7dd38d19-97a5-42cf-8254-8fed67def3f2@group-0B30A11A07C5-LeaderElection55] INFO  server.RaftServerConfigKeys (ConfUtils.java:logGet(43)) - raft.server.watch.element-limit = 65536 (default)
2019-11-14 17:36:46,461 [EventQueue-PipelineReportForPipelineReportHandler] INFO  pipeline.PipelineStateManager (PipelineStateManager.java:openPipeline(134)) - Pipeline Pipeline[ Id: 7d3af78f-0327-4b8a-a509-0b30a11a07c5, Nodes: 7dd38d19-97a5-42cf-8254-8fed67def3f2{ip: 192.168.157.194, host: pr-hdds-2482-j87dr-2776293630, networkLocation: /rack1, certSerialId: null}, Type:RATIS, Factor:ONE, State:OPEN] moved to OPEN state
2019-11-14 17:36:46,461 [7dd38d19-97a5-42cf-8254-8fed67def3f2@group-0B30A11A07C5-LeaderElection55] INFO  impl.RoleInfo (RoleInfo.java:updateAndGet(143)) - 7dd38d19-97a5-42cf-8254-8fed67def3f2: start LeaderState
2019-11-14 17:36:46,462 [7dd38d19-97a5-42cf-8254-8fed67def3f2@group-0B30A11A07C5-LeaderElection55] INFO  segmented.SegmentedRaftLogWorker (SegmentedRaftLogWorker.java:startLogSegment(385)) - 7dd38d19-97a5-42cf-8254-8fed67def3f2@group-0B30A11A07C5-SegmentedRaftLogWorker: Starting segment from index:0
2019-11-14 17:36:46,462 [7dd38d19-97a5-42cf-8254-8fed67def3f2@group-0B30A11A07C5-LeaderElection55] INFO  impl.RaftServerImpl (ServerState.java:setRaftConf(356)) - 7dd38d19-97a5-42cf-8254-8fed67def3f2@group-0B30A11A07C5: set configuration 0: [7dd38d19-97a5-42cf-8254-8fed67def3f2:192.168.157.194:40753], old=null at 0
2019-11-14 17:36:46,496 [grpc-default-executor-2] INFO  impl.RaftServerImpl (RaftServerImpl.java:setRole(173)) - f5a4bf5a-4195-495f-81ba-193832aea29d@group-27F0209B9491: changes role from  FOLLOWER to FOLLOWER at term 1 for recognizeCandidate:7dd38d19-97a5-42cf-8254-8fed67def3f2
2019-11-14 17:36:46,496 [grpc-default-executor-3] INFO  impl.RaftServerImpl (RaftServerImpl.java:setRole(173)) - b2e3cdb6-e490-4d5b-a0a3-6f5ff6451210@group-27F0209B9491: changes role from  FOLLOWER to FOLLOWER at term 1 for recognizeCandidate:7dd38d19-97a5-42cf-8254-8fed67def3f2
2019-11-14 17:36:46,499 [grpc-default-executor-3] INFO  impl.RoleInfo (RoleInfo.java:shutdownFollowerState(121)) - b2e3cdb6-e490-4d5b-a0a3-6f5ff6451210: shutdown FollowerState
2019-11-14 17:36:46,498 [grpc-default-executor-2] INFO  impl.RoleInfo (RoleInfo.java:shutdownFollowerState(121)) - f5a4bf5a-4195-495f-81ba-193832aea29d: shutdown FollowerState
2019-11-14 17:36:46,499 [grpc-default-executor-3] INFO  impl.RoleInfo (RoleInfo.java:updateAndGet(143)) - b2e3cdb6-e490-4d5b-a0a3-6f5ff6451210: start FollowerState
2019-11-14 17:36:46,499 [Thread-1248] INFO  impl.FollowerState (FollowerState.java:run(120)) - f5a4bf5a-4195-495f-81ba-193832aea29d@group-27F0209B9491-FollowerState was interrupted: java.lang.InterruptedException: sleep interrupted
2019-11-14 17:36:46,499 [grpc-default-executor-2] INFO  impl.RoleInfo (RoleInfo.java:updateAndGet(143)) - f5a4bf5a-4195-495f-81ba-193832aea29d: start FollowerState
2019-11-14 17:36:46,502 [Thread-1255] INFO  impl.FollowerState (FollowerState.java:run(111)) - 55ab2526-4f89-4bd2-9902-395461fa7031@group-E71EEB291388-FollowerState: change to CANDIDATE, lastRpcTime:1029ms, electionTimeout:1029ms
2019-11-14 17:36:46,502 [Thread-1255] INFO  impl.RoleInfo (RoleInfo.java:shutdownFollowerState(121)) - 55ab2526-4f89-4bd2-9902-395461fa7031: shutdown FollowerState
2019-11-14 17:36:46,502 [Thread-1255] INFO  impl.RaftServerImpl (RaftServerImpl.java:setRole(173)) - 55ab2526-4f89-4bd2-9902-395461fa7031@group-E71EEB291388: changes role from  FOLLOWER to CANDIDATE at term 0 for changeToCandidate
2019-11-14 17:36:46,502 [Thread-1255] INFO  impl.RoleInfo (RoleInfo.java:updateAndGet(143)) - 55ab2526-4f89-4bd2-9902-395461fa7031: start LeaderElection
2019-11-14 17:36:46,524 [7dd38d19-97a5-42cf-8254-8fed67def3f2@group-0B30A11A07C5-SegmentedRaftLogWorker] INFO  segmented.SegmentedRaftLogWorker (SegmentedRaftLogWorker.java:execute(576)) - 7dd38d19-97a5-42cf-8254-8fed67def3f2@group-0B30A11A07C5-SegmentedRaftLogWorker: created new log segment /workdir/hadoop-ozone/integration-test/target/test-dir/MiniOzoneClusterImpl-22bbe08b-7feb-4e26-8434-b505ec12d921/datanode-2/data/ratis/7d3af78f-0327-4b8a-a509-0b30a11a07c5/current/log_inprogress_0
2019-11-14 17:36:46,526 [7dd38d19-97a5-42cf-8254-8fed67def3f2@group-27F0209B9491-LeaderElection56] INFO  impl.LeaderElection (LeaderElection.java:logAndReturn(56)) - 7dd38d19-97a5-42cf-8254-8fed67def3f2@group-27F0209B9491-LeaderElection56: Election PASSED; received 1 response(s) [7dd38d19-97a5-42cf-8254-8fed67def3f2<-b2e3cdb6-e490-4d5b-a0a3-6f5ff6451210#0:OK-t1] and 0 exception(s); 7dd38d19-97a5-42cf-8254-8fed67def3f2@group-27F0209B9491:t1, leader=null, voted=7dd38d19-97a5-42cf-8254-8fed67def3f2, raftlog=7dd38d19-97a5-42cf-8254-8fed67def3f2@group-27F0209B9491-SegmentedRaftLog:OPENED:c-1,f-1,i0, conf=-1: [b2e3cdb6-e490-4d5b-a0a3-6f5ff6451210:192.168.157.194:37477, f5a4bf5a-4195-495f-81ba-193832aea29d:192.168.157.194:46851, 7dd38d19-97a5-42cf-8254-8fed67def3f2:192.168.157.194:40753], old=null
2019-11-14 17:36:46,526 [7dd38d19-97a5-42cf-8254-8fed67def3f2@group-27F0209B9491-LeaderElection56] INFO  impl.RoleInfo (RoleInfo.java:shutdownLeaderElection(134)) - 7dd38d19-97a5-42cf-8254-8fed67def3f2: shutdown LeaderElection
2019-11-14 17:36:46,526 [7dd38d19-97a5-42cf-8254-8fed67def3f2@group-27F0209B9491-LeaderElection56] INFO  impl.RaftServerImpl (RaftServerImpl.java:setRole(173)) - 7dd38d19-97a5-42cf-8254-8fed67def3f2@group-27F0209B9491: changes role from CANDIDATE to LEADER at term 1 for changeToLeader
2019-11-14 17:36:46,526 [7dd38d19-97a5-42cf-8254-8fed67def3f2@group-27F0209B9491-LeaderElection56] INFO  ratis.XceiverServerRatis (XceiverServerRatis.java:handleLeaderChangedNotification(697)) - Leader change notification received for group: group-27F0209B9491 with new leaderId: 7dd38d19-97a5-42cf-8254-8fed67def3f2
2019-11-14 17:36:46,526 [7dd38d19-97a5-42cf-8254-8fed67def3f2@group-27F0209B9491-LeaderElection56] INFO  impl.RaftServerImpl (ServerState.java:setLeader(255)) - 7dd38d19-97a5-42cf-8254-8fed67def3f2@group-27F0209B9491: change Leader from null to 7dd38d19-97a5-42cf-8254-8fed67def3f2 at term 1 for becomeLeader, leader elected after 1109ms
2019-11-14 17:36:46,526 [7dd38d19-97a5-42cf-8254-8fed67def3f2@group-27F0209B9491-LeaderElection56] INFO  server.RaftServerConfigKeys (ConfUtils.java:logGet(43)) - raft.server.staging.catchup.gap = 1000 (default)
2019-11-14 17:36:46,526 [7dd38d19-97a5-42cf-8254-8fed67def3f2@group-27F0209B9491-LeaderElection56] INFO  server.RaftServerConfigKeys (ConfUtils.java:logGet(43)) - raft.server.rpc.sleep.time = 25ms (default)
2019-11-14 17:36:46,527 [7dd38d19-97a5-42cf-8254-8fed67def3f2@group-27F0209B9491-LeaderElection56] INFO  server.RaftServerConfigKeys (ConfUtils.java:logGet(43)) - raft.server.write.element-limit = 4096 (default)
2019-11-14 17:36:46,527 [7dd38d19-97a5-42cf-8254-8fed67def3f2@group-27F0209B9491-LeaderElection56] INFO  server.RaftServerConfigKeys (ConfUtils.java:logGet(43)) - raft.server.watch.timeout = 10s (default)
2019-11-14 17:36:46,527 [7dd38d19-97a5-42cf-8254-8fed67def3f2@group-27F0209B9491-LeaderElection56] INFO  server.RaftServerConfigKeys (ConfUtils.java:logGet(43)) - raft.server.watch.timeout.denomination = 1s (default)
2019-11-14 17:36:46,527 [7dd38d19-97a5-42cf-8254-8fed67def3f2@group-27F0209B9491-LeaderElection56] INFO  server.RaftServerConfigKeys (ConfUtils.java:logGet(43)) - raft.server.watch.element-limit = 65536 (default)
2019-11-14 17:36:46,527 [7dd38d19-97a5-42cf-8254-8fed67def3f2@group-27F0209B9491-LeaderElection56] INFO  server.RaftServerConfigKeys (ConfUtils.java:logGet(43)) - raft.server.log.appender.snapshot.chunk.size.max = 16MB (=16777216) (default)
2019-11-14 17:36:46,527 [EventQueue-PipelineReportForPipelineReportHandler] INFO  pipeline.PipelineStateManager (PipelineStateManager.java:openPipeline(134)) - Pipeline Pipeline[ Id: f0db1587-cf63-4918-a034-27f0209b9491, Nodes: f5a4bf5a-4195-495f-81ba-193832aea29d{ip: 192.168.157.194, host: pr-hdds-2482-j87dr-2776293630, networkLocation: /rack1, certSerialId: null}7dd38d19-97a5-42cf-8254-8fed67def3f2{ip: 192.168.157.194, host: pr-hdds-2482-j87dr-2776293630, networkLocation: /rack1, certSerialId: null}b2e3cdb6-e490-4d5b-a0a3-6f5ff6451210{ip: 192.168.157.194, host: pr-hdds-2482-j87dr-2776293630, networkLocation: /rack1, certSerialId: null}, Type:RATIS, Factor:THREE, State:OPEN] moved to OPEN state
2019-11-14 17:36:46,527 [7dd38d19-97a5-42cf-8254-8fed67def3f2@group-27F0209B9491-LeaderElection56] INFO  server.RaftServerConfigKeys (ConfUtils.java:logGet(43)) - raft.server.log.appender.buffer.byte-limit = 33554432 (custom)
2019-11-14 17:36:46,528 [7dd38d19-97a5-42cf-8254-8fed67def3f2@group-27F0209B9491-LeaderElection56] INFO  server.RaftServerConfigKeys (ConfUtils.java:logGet(43)) - raft.server.log.appender.buffer.element-limit = 1 (custom)
2019-11-14 17:36:46,528 [7dd38d19-97a5-42cf-8254-8fed67def3f2@group-27F0209B9491-LeaderElection56] INFO  grpc.GrpcConfigKeys$Server (ConfUtils.java:logGet(43)) - raft.grpc.server.leader.outstanding.appends.max = 128 (default)
2019-11-14 17:36:46,528 [7dd38d19-97a5-42cf-8254-8fed67def3f2@group-27F0209B9491-LeaderElection56] INFO  server.RaftServerConfigKeys (ConfUtils.java:logGet(43)) - raft.server.rpc.request.timeout = 3000ms (default)
2019-11-14 17:36:46,528 [7dd38d19-97a5-42cf-8254-8fed67def3f2@group-27F0209B9491-LeaderElection56] INFO  server.RaftServerConfigKeys (ConfUtils.java:logGet(43)) - raft.server.log.appender.install.snapshot.enabled = false (custom)
2019-11-14 17:36:46,528 [7dd38d19-97a5-42cf-8254-8fed67def3f2@group-27F0209B9491-LeaderElection56] WARN  impl.MetricRegistriesImpl (MetricRegistriesImpl.java:lambda$create$1(61)) - First MetricRegistry has been created without registering reporters. You may need to call MetricRegistries.global().addReportRegistration(...) before.
2019-11-14 17:36:46,529 [7dd38d19-97a5-42cf-8254-8fed67def3f2@group-27F0209B9491-LeaderElection56] INFO  server.RaftServerConfigKeys (ConfUtils.java:logGet(43)) - raft.server.log.appender.snapshot.chunk.size.max = 16MB (=16777216) (default)
2019-11-14 17:36:46,529 [7dd38d19-97a5-42cf-8254-8fed67def3f2@group-27F0209B9491-LeaderElection56] INFO  server.RaftServerConfigKeys (ConfUtils.java:logGet(43)) - raft.server.log.appender.buffer.byte-limit = 33554432 (custom)
2019-11-14 17:36:46,529 [7dd38d19-97a5-42cf-8254-8fed67def3f2@group-27F0209B9491-LeaderElection56] INFO  server.RaftServerConfigKeys (ConfUtils.java:logGet(43)) - raft.server.log.appender.buffer.element-limit = 1 (custom)
2019-11-14 17:36:46,529 [7dd38d19-97a5-42cf-8254-8fed67def3f2@group-27F0209B9491-LeaderElection56] INFO  grpc.GrpcConfigKeys$Server (ConfUtils.java:logGet(43)) - raft.grpc.server.leader.outstanding.appends.max = 128 (default)
2019-11-14 17:36:46,529 [7dd38d19-97a5-42cf-8254-8fed67def3f2@group-27F0209B9491-LeaderElection56] INFO  server.RaftServerConfigKeys (ConfUtils.java:logGet(43)) - raft.server.rpc.request.timeout = 3000ms (default)
2019-11-14 17:36:46,529 [7dd38d19-97a5-42cf-8254-8fed67def3f2@group-27F0209B9491-LeaderElection56] INFO  server.RaftServerConfigKeys (ConfUtils.java:logGet(43)) - raft.server.log.appender.install.snapshot.enabled = false (custom)
2019-11-14 17:36:46,530 [7dd38d19-97a5-42cf-8254-8fed67def3f2@group-27F0209B9491-LeaderElection56] INFO  impl.RoleInfo (RoleInfo.java:updateAndGet(143)) - 7dd38d19-97a5-42cf-8254-8fed67def3f2: start LeaderState
2019-11-14 17:36:46,530 [7dd38d19-97a5-42cf-8254-8fed67def3f2@group-27F0209B9491-LeaderElection56] INFO  segmented.SegmentedRaftLogWorker (SegmentedRaftLogWorker.java:startLogSegment(385)) - 7dd38d19-97a5-42cf-8254-8fed67def3f2@group-27F0209B9491-SegmentedRaftLogWorker: Starting segment from index:0
2019-11-14 17:36:46,531 [7dd38d19-97a5-42cf-8254-8fed67def3f2@group-27F0209B9491-LeaderElection56] INFO  impl.RaftServerImpl (ServerState.java:setRaftConf(356)) - 7dd38d19-97a5-42cf-8254-8fed67def3f2@group-27F0209B9491: set configuration 0: [b2e3cdb6-e490-4d5b-a0a3-6f5ff6451210:192.168.157.194:37477, f5a4bf5a-4195-495f-81ba-193832aea29d:192.168.157.194:46851, 7dd38d19-97a5-42cf-8254-8fed67def3f2:192.168.157.194:40753], old=null at 0
2019-11-14 17:36:46,557 [55ab2526-4f89-4bd2-9902-395461fa7031@group-E71EEB291388-LeaderElection57] INFO  impl.LeaderElection (LeaderElection.java:askForVotes(178)) - 55ab2526-4f89-4bd2-9902-395461fa7031@group-E71EEB291388-LeaderElection57: begin an election at term 1 for -1: [55ab2526-4f89-4bd2-9902-395461fa7031:192.168.157.194:41123], old=null
2019-11-14 17:36:46,557 [55ab2526-4f89-4bd2-9902-395461fa7031@group-E71EEB291388-LeaderElection57] INFO  impl.RoleInfo (RoleInfo.java:shutdownLeaderElection(134)) - 55ab2526-4f89-4bd2-9902-395461fa7031: shutdown LeaderElection
2019-11-14 17:36:46,557 [55ab2526-4f89-4bd2-9902-395461fa7031@group-E71EEB291388-LeaderElection57] INFO  impl.RaftServerImpl (RaftServerImpl.java:setRole(173)) - 55ab2526-4f89-4bd2-9902-395461fa7031@group-E71EEB291388: changes role from CANDIDATE to LEADER at term 1 for changeToLeader
2019-11-14 17:36:46,558 [55ab2526-4f89-4bd2-9902-395461fa7031@group-E71EEB291388-LeaderElection57] INFO  ratis.XceiverServerRatis (XceiverServerRatis.java:handleLeaderChangedNotification(697)) - Leader change notification received for group: group-E71EEB291388 with new leaderId: 55ab2526-4f89-4bd2-9902-395461fa7031
2019-11-14 17:36:46,558 [55ab2526-4f89-4bd2-9902-395461fa7031@group-E71EEB291388-LeaderElection57] INFO  impl.RaftServerImpl (ServerState.java:setLeader(255)) - 55ab2526-4f89-4bd2-9902-395461fa7031@group-E71EEB291388: change Leader from null to 55ab2526-4f89-4bd2-9902-395461fa7031 at term 1 for becomeLeader, leader elected after 1087ms
2019-11-14 17:36:46,558 [55ab2526-4f89-4bd2-9902-395461fa7031@group-E71EEB291388-LeaderElection57] INFO  server.RaftServerConfigKeys (ConfUtils.java:logGet(43)) - raft.server.staging.catchup.gap = 1000 (default)
2019-11-14 17:36:46,561 [55ab2526-4f89-4bd2-9902-395461fa7031@group-E71EEB291388-LeaderElection57] INFO  server.RaftServerConfigKeys (ConfUtils.java:logGet(43)) - raft.server.rpc.sleep.time = 25ms (default)
2019-11-14 17:36:46,561 [55ab2526-4f89-4bd2-9902-395461fa7031@group-E71EEB291388-LeaderElection57] INFO  server.RaftServerConfigKeys (ConfUtils.java:logGet(43)) - raft.server.write.element-limit = 4096 (default)
2019-11-14 17:36:46,561 [55ab2526-4f89-4bd2-9902-395461fa7031@group-E71EEB291388-LeaderElection57] INFO  server.RaftServerConfigKeys (ConfUtils.java:logGet(43)) - raft.server.watch.timeout = 10s (default)
2019-11-14 17:36:46,561 [55ab2526-4f89-4bd2-9902-395461fa7031@group-E71EEB291388-LeaderElection57] INFO  server.RaftServerConfigKeys (ConfUtils.java:logGet(43)) - raft.server.watch.timeout.denomination = 1s (default)
2019-11-14 17:36:46,561 [55ab2526-4f89-4bd2-9902-395461fa7031@group-E71EEB291388-LeaderElection57] INFO  server.RaftServerConfigKeys (ConfUtils.java:logGet(43)) - raft.server.watch.element-limit = 65536 (default)
2019-11-14 17:36:46,561 [55ab2526-4f89-4bd2-9902-395461fa7031@group-E71EEB291388-LeaderElection57] INFO  impl.RoleInfo (RoleInfo.java:updateAndGet(143)) - 55ab2526-4f89-4bd2-9902-395461fa7031: start LeaderState
2019-11-14 17:36:46,562 [EventQueue-PipelineReportForPipelineReportHandler] INFO  pipeline.PipelineStateManager (PipelineStateManager.java:openPipeline(134)) - Pipeline Pipeline[ Id: 08b366af-ed54-445e-958d-e71eeb291388, Nodes: 55ab2526-4f89-4bd2-9902-395461fa7031{ip: 192.168.157.194, host: pr-hdds-2482-j87dr-2776293630, networkLocation: /rack1, certSerialId: null}, Type:RATIS, Factor:ONE, State:OPEN] moved to OPEN state
2019-11-14 17:36:46,562 [55ab2526-4f89-4bd2-9902-395461fa7031@group-E71EEB291388-LeaderElection57] INFO  segmented.SegmentedRaftLogWorker (SegmentedRaftLogWorker.java:startLogSegment(385)) - 55ab2526-4f89-4bd2-9902-395461fa7031@group-E71EEB291388-SegmentedRaftLogWorker: Starting segment from index:0
2019-11-14 17:36:46,562 [grpc-default-executor-2] INFO  ratis.XceiverServerRatis (XceiverServerRatis.java:handleLeaderChangedNotification(697)) - Leader change notification received for group: group-27F0209B9491 with new leaderId: 7dd38d19-97a5-42cf-8254-8fed67def3f2
2019-11-14 17:36:46,562 [grpc-default-executor-2] INFO  impl.RaftServerImpl (ServerState.java:setLeader(255)) - f5a4bf5a-4195-495f-81ba-193832aea29d@group-27F0209B9491: change Leader from null to 7dd38d19-97a5-42cf-8254-8fed67def3f2 at term 1 for appendEntries, leader elected after 1144ms
2019-11-14 17:36:46,562 [grpc-default-executor-3] INFO  ratis.XceiverServerRatis (XceiverServerRatis.java:handleLeaderChangedNotification(697)) - Leader change notification received for group: group-27F0209B9491 with new leaderId: 7dd38d19-97a5-42cf-8254-8fed67def3f2
2019-11-14 17:36:46,562 [55ab2526-4f89-4bd2-9902-395461fa7031@group-E71EEB291388-LeaderElection57] INFO  impl.RaftServerImpl (ServerState.java:setRaftConf(356)) - 55ab2526-4f89-4bd2-9902-395461fa7031@group-E71EEB291388: set configuration 0: [55ab2526-4f89-4bd2-9902-395461fa7031:192.168.157.194:41123], old=null at 0
2019-11-14 17:36:46,563 [grpc-default-executor-3] INFO  impl.RaftServerImpl (ServerState.java:setLeader(255)) - b2e3cdb6-e490-4d5b-a0a3-6f5ff6451210@group-27F0209B9491: change Leader from null to 7dd38d19-97a5-42cf-8254-8fed67def3f2 at term 1 for appendEntries, leader elected after 1145ms
2019-11-14 17:36:46,593 [7dd38d19-97a5-42cf-8254-8fed67def3f2@group-27F0209B9491-SegmentedRaftLogWorker] INFO  segmented.SegmentedRaftLogWorker (SegmentedRaftLogWorker.java:execute(576)) - 7dd38d19-97a5-42cf-8254-8fed67def3f2@group-27F0209B9491-SegmentedRaftLogWorker: created new log segment /workdir/hadoop-ozone/integration-test/target/test-dir/MiniOzoneClusterImpl-22bbe08b-7feb-4e26-8434-b505ec12d921/datanode-2/data/ratis/f0db1587-cf63-4918-a034-27f0209b9491/current/log_inprogress_0
2019-11-14 17:36:46,596 [grpc-default-executor-2] INFO  impl.RaftServerImpl (ServerState.java:setRaftConf(356)) - f5a4bf5a-4195-495f-81ba-193832aea29d@group-27F0209B9491: set configuration 0: [b2e3cdb6-e490-4d5b-a0a3-6f5ff6451210:192.168.157.194:37477, f5a4bf5a-4195-495f-81ba-193832aea29d:192.168.157.194:46851, 7dd38d19-97a5-42cf-8254-8fed67def3f2:192.168.157.194:40753], old=null at 0
2019-11-14 17:36:46,596 [grpc-default-executor-3] INFO  impl.RaftServerImpl (ServerState.java:setRaftConf(356)) - b2e3cdb6-e490-4d5b-a0a3-6f5ff6451210@group-27F0209B9491: set configuration 0: [b2e3cdb6-e490-4d5b-a0a3-6f5ff6451210:192.168.157.194:37477, f5a4bf5a-4195-495f-81ba-193832aea29d:192.168.157.194:46851, 7dd38d19-97a5-42cf-8254-8fed67def3f2:192.168.157.194:40753], old=null at 0
2019-11-14 17:36:46,597 [grpc-default-executor-2] INFO  segmented.SegmentedRaftLogWorker (SegmentedRaftLogWorker.java:startLogSegment(385)) - f5a4bf5a-4195-495f-81ba-193832aea29d@group-27F0209B9491-SegmentedRaftLogWorker: Starting segment from index:0
2019-11-14 17:36:46,597 [grpc-default-executor-3] INFO  segmented.SegmentedRaftLogWorker (SegmentedRaftLogWorker.java:startLogSegment(385)) - b2e3cdb6-e490-4d5b-a0a3-6f5ff6451210@group-27F0209B9491-SegmentedRaftLogWorker: Starting segment from index:0
2019-11-14 17:36:46,617 [55ab2526-4f89-4bd2-9902-395461fa7031@group-E71EEB291388-SegmentedRaftLogWorker] INFO  segmented.SegmentedRaftLogWorker (SegmentedRaftLogWorker.java:execute(576)) - 55ab2526-4f89-4bd2-9902-395461fa7031@group-E71EEB291388-SegmentedRaftLogWorker: created new log segment /workdir/hadoop-ozone/integration-test/target/test-dir/MiniOzoneClusterImpl-22bbe08b-7feb-4e26-8434-b505ec12d921/datanode-3/data/ratis/08b366af-ed54-445e-958d-e71eeb291388/current/log_inprogress_0
2019-11-14 17:36:46,637 [Thread-1258] INFO  impl.FollowerState (FollowerState.java:run(111)) - a3b153ef-1e94-4227-8997-77072f34e630@group-A914AF69810B-FollowerState: change to CANDIDATE, lastRpcTime:1100ms, electionTimeout:1100ms
2019-11-14 17:36:46,637 [Thread-1258] INFO  impl.RoleInfo (RoleInfo.java:shutdownFollowerState(121)) - a3b153ef-1e94-4227-8997-77072f34e630: shutdown FollowerState
2019-11-14 17:36:46,637 [Thread-1258] INFO  impl.RaftServerImpl (RaftServerImpl.java:setRole(173)) - a3b153ef-1e94-4227-8997-77072f34e630@group-A914AF69810B: changes role from  FOLLOWER to CANDIDATE at term 0 for changeToCandidate
2019-11-14 17:36:46,637 [Thread-1258] INFO  impl.RoleInfo (RoleInfo.java:updateAndGet(143)) - a3b153ef-1e94-4227-8997-77072f34e630: start LeaderElection
2019-11-14 17:36:46,642 [b2e3cdb6-e490-4d5b-a0a3-6f5ff6451210@group-27F0209B9491-SegmentedRaftLogWorker] INFO  segmented.SegmentedRaftLogWorker (SegmentedRaftLogWorker.java:execute(576)) - b2e3cdb6-e490-4d5b-a0a3-6f5ff6451210@group-27F0209B9491-SegmentedRaftLogWorker: created new log segment /workdir/hadoop-ozone/integration-test/target/test-dir/MiniOzoneClusterImpl-22bbe08b-7feb-4e26-8434-b505ec12d921/datanode-0/data/ratis/f0db1587-cf63-4918-a034-27f0209b9491/current/log_inprogress_0
2019-11-14 17:36:46,659 [f5a4bf5a-4195-495f-81ba-193832aea29d@group-27F0209B9491-SegmentedRaftLogWorker] INFO  segmented.SegmentedRaftLogWorker (SegmentedRaftLogWorker.java:execute(576)) - f5a4bf5a-4195-495f-81ba-193832aea29d@group-27F0209B9491-SegmentedRaftLogWorker: created new log segment /workdir/hadoop-ozone/integration-test/target/test-dir/MiniOzoneClusterImpl-22bbe08b-7feb-4e26-8434-b505ec12d921/datanode-1/data/ratis/f0db1587-cf63-4918-a034-27f0209b9491/current/log_inprogress_0
2019-11-14 17:36:46,659 [a3b153ef-1e94-4227-8997-77072f34e630@group-A914AF69810B-LeaderElection58] INFO  impl.LeaderElection (LeaderElection.java:askForVotes(178)) - a3b153ef-1e94-4227-8997-77072f34e630@group-A914AF69810B-LeaderElection58: begin an election at term 1 for -1: [a3b153ef-1e94-4227-8997-77072f34e630:192.168.157.194:41542], old=null
2019-11-14 17:36:46,660 [a3b153ef-1e94-4227-8997-77072f34e630@group-A914AF69810B-LeaderElection58] INFO  impl.RoleInfo (RoleInfo.java:shutdownLeaderElection(134)) - a3b153ef-1e94-4227-8997-77072f34e630: shutdown LeaderElection
2019-11-14 17:36:46,660 [a3b153ef-1e94-4227-8997-77072f34e630@group-A914AF69810B-LeaderElection58] INFO  impl.RaftServerImpl (RaftServerImpl.java:setRole(173)) - a3b153ef-1e94-4227-8997-77072f34e630@group-A914AF69810B: changes role from CANDIDATE to LEADER at term 1 for changeToLeader
2019-11-14 17:36:46,660 [a3b153ef-1e94-4227-8997-77072f34e630@group-A914AF69810B-LeaderElection58] INFO  ratis.XceiverServerRatis (XceiverServerRatis.java:handleLeaderChangedNotification(697)) - Leader change notification received for group: group-A914AF69810B with new leaderId: a3b153ef-1e94-4227-8997-77072f34e630
2019-11-14 17:36:46,660 [a3b153ef-1e94-4227-8997-77072f34e630@group-A914AF69810B-LeaderElection58] INFO  impl.RaftServerImpl (ServerState.java:setLeader(255)) - a3b153ef-1e94-4227-8997-77072f34e630@group-A914AF69810B: change Leader from null to a3b153ef-1e94-4227-8997-77072f34e630 at term 1 for becomeLeader, leader elected after 1127ms
2019-11-14 17:36:46,660 [a3b153ef-1e94-4227-8997-77072f34e630@group-A914AF69810B-LeaderElection58] INFO  server.RaftServerConfigKeys (ConfUtils.java:logGet(43)) - raft.server.staging.catchup.gap = 1000 (default)
2019-11-14 17:36:46,663 [a3b153ef-1e94-4227-8997-77072f34e630@group-A914AF69810B-LeaderElection58] INFO  server.RaftServerConfigKeys (ConfUtils.java:logGet(43)) - raft.server.rpc.sleep.time = 25ms (default)
2019-11-14 17:36:46,663 [a3b153ef-1e94-4227-8997-77072f34e630@group-A914AF69810B-LeaderElection58] INFO  server.RaftServerConfigKeys (ConfUtils.java:logGet(43)) - raft.server.write.element-limit = 4096 (default)
2019-11-14 17:36:46,663 [a3b153ef-1e94-4227-8997-77072f34e630@group-A914AF69810B-LeaderElection58] INFO  server.RaftServerConfigKeys (ConfUtils.java:logGet(43)) - raft.server.watch.timeout = 10s (default)
2019-11-14 17:36:46,663 [a3b153ef-1e94-4227-8997-77072f34e630@group-A914AF69810B-LeaderElection58] INFO  server.RaftServerConfigKeys (ConfUtils.java:logGet(43)) - raft.server.watch.timeout.denomination = 1s (default)
2019-11-14 17:36:46,663 [a3b153ef-1e94-4227-8997-77072f34e630@group-A914AF69810B-LeaderElection58] INFO  server.RaftServerConfigKeys (ConfUtils.java:logGet(43)) - raft.server.watch.element-limit = 65536 (default)
2019-11-14 17:36:46,664 [a3b153ef-1e94-4227-8997-77072f34e630@group-A914AF69810B-LeaderElection58] INFO  impl.RoleInfo (RoleInfo.java:updateAndGet(143)) - a3b153ef-1e94-4227-8997-77072f34e630: start LeaderState
2019-11-14 17:36:46,664 [EventQueue-PipelineReportForPipelineReportHandler] INFO  pipeline.PipelineStateManager (PipelineStateManager.java:openPipeline(134)) - Pipeline Pipeline[ Id: 6545ac01-095f-4007-87b8-a914af69810b, Nodes: a3b153ef-1e94-4227-8997-77072f34e630{ip: 192.168.157.194, host: pr-hdds-2482-j87dr-2776293630, networkLocation: /rack1, certSerialId: null}, Type:RATIS, Factor:ONE, State:OPEN] moved to OPEN state
2019-11-14 17:36:46,664 [a3b153ef-1e94-4227-8997-77072f34e630@group-A914AF69810B-LeaderElection58] INFO  segmented.SegmentedRaftLogWorker (SegmentedRaftLogWorker.java:startLogSegment(385)) - a3b153ef-1e94-4227-8997-77072f34e630@group-A914AF69810B-SegmentedRaftLogWorker: Starting segment from index:0
2019-11-14 17:36:46,665 [a3b153ef-1e94-4227-8997-77072f34e630@group-A914AF69810B-LeaderElection58] INFO  impl.RaftServerImpl (ServerState.java:setRaftConf(356)) - a3b153ef-1e94-4227-8997-77072f34e630@group-A914AF69810B: set configuration 0: [a3b153ef-1e94-4227-8997-77072f34e630:192.168.157.194:41542], old=null at 0
2019-11-14 17:36:46,709 [Thread-1264] INFO  impl.FollowerState (FollowerState.java:run(111)) - 0b8c2274-85ff-4b39-8671-ec8be5904baa@group-30F2EB78FEB1-FollowerState: change to CANDIDATE, lastRpcTime:1030ms, electionTimeout:1030ms
2019-11-14 17:36:46,709 [Thread-1264] INFO  impl.RoleInfo (RoleInfo.java:shutdownFollowerState(121)) - 0b8c2274-85ff-4b39-8671-ec8be5904baa: shutdown FollowerState
2019-11-14 17:36:46,710 [Thread-1264] INFO  impl.RaftServerImpl (RaftServerImpl.java:setRole(173)) - 0b8c2274-85ff-4b39-8671-ec8be5904baa@group-30F2EB78FEB1: changes role from  FOLLOWER to CANDIDATE at term 0 for changeToCandidate
2019-11-14 17:36:46,710 [Thread-1264] INFO  impl.RoleInfo (RoleInfo.java:updateAndGet(143)) - 0b8c2274-85ff-4b39-8671-ec8be5904baa: start LeaderElection
2019-11-14 17:36:46,726 [Thread-1261] INFO  impl.FollowerState (FollowerState.java:run(111)) - c40a56fe-5273-466a-9f61-79febf43aa6a@group-5A1C39DAE1D4-FollowerState: change to CANDIDATE, lastRpcTime:1126ms, electionTimeout:1126ms
2019-11-14 17:36:46,726 [a3b153ef-1e94-4227-8997-77072f34e630@group-A914AF69810B-SegmentedRaftLogWorker] INFO  segmented.SegmentedRaftLogWorker (SegmentedRaftLogWorker.java:execute(576)) - a3b153ef-1e94-4227-8997-77072f34e630@group-A914AF69810B-SegmentedRaftLogWorker: created new log segment /workdir/hadoop-ozone/integration-test/target/test-dir/MiniOzoneClusterImpl-22bbe08b-7feb-4e26-8434-b505ec12d921/datanode-4/data/ratis/6545ac01-095f-4007-87b8-a914af69810b/current/log_inprogress_0
2019-11-14 17:36:46,726 [Thread-1261] INFO  impl.RoleInfo (RoleInfo.java:shutdownFollowerState(121)) - c40a56fe-5273-466a-9f61-79febf43aa6a: shutdown FollowerState
2019-11-14 17:36:46,727 [Thread-1261] INFO  impl.RaftServerImpl (RaftServerImpl.java:setRole(173)) - c40a56fe-5273-466a-9f61-79febf43aa6a@group-5A1C39DAE1D4: changes role from  FOLLOWER to CANDIDATE at term 0 for changeToCandidate
2019-11-14 17:36:46,727 [Thread-1261] INFO  impl.RoleInfo (RoleInfo.java:updateAndGet(143)) - c40a56fe-5273-466a-9f61-79febf43aa6a: start LeaderElection
2019-11-14 17:36:46,752 [c40a56fe-5273-466a-9f61-79febf43aa6a@group-5A1C39DAE1D4-LeaderElection60] INFO  impl.LeaderElection (LeaderElection.java:askForVotes(178)) - c40a56fe-5273-466a-9f61-79febf43aa6a@group-5A1C39DAE1D4-LeaderElection60: begin an election at term 1 for -1: [c40a56fe-5273-466a-9f61-79febf43aa6a:192.168.157.194:45340], old=null
2019-11-14 17:36:46,752 [0b8c2274-85ff-4b39-8671-ec8be5904baa@group-30F2EB78FEB1-LeaderElection59] INFO  impl.LeaderElection (LeaderElection.java:askForVotes(178)) - 0b8c2274-85ff-4b39-8671-ec8be5904baa@group-30F2EB78FEB1-LeaderElection59: begin an election at term 1 for -1: [0b8c2274-85ff-4b39-8671-ec8be5904baa:192.168.157.194:34392], old=null
2019-11-14 17:36:46,752 [c40a56fe-5273-466a-9f61-79febf43aa6a@group-5A1C39DAE1D4-LeaderElection60] INFO  impl.RoleInfo (RoleInfo.java:shutdownLeaderElection(134)) - c40a56fe-5273-466a-9f61-79febf43aa6a: shutdown LeaderElection
2019-11-14 17:36:46,753 [0b8c2274-85ff-4b39-8671-ec8be5904baa@group-30F2EB78FEB1-LeaderElection59] INFO  impl.RoleInfo (RoleInfo.java:shutdownLeaderElection(134)) - 0b8c2274-85ff-4b39-8671-ec8be5904baa: shutdown LeaderElection
2019-11-14 17:36:46,753 [c40a56fe-5273-466a-9f61-79febf43aa6a@group-5A1C39DAE1D4-LeaderElection60] INFO  impl.RaftServerImpl (RaftServerImpl.java:setRole(173)) - c40a56fe-5273-466a-9f61-79febf43aa6a@group-5A1C39DAE1D4: changes role from CANDIDATE to LEADER at term 1 for changeToLeader
2019-11-14 17:36:46,753 [0b8c2274-85ff-4b39-8671-ec8be5904baa@group-30F2EB78FEB1-LeaderElection59] INFO  impl.RaftServerImpl (RaftServerImpl.java:setRole(173)) - 0b8c2274-85ff-4b39-8671-ec8be5904baa@group-30F2EB78FEB1: changes role from CANDIDATE to LEADER at term 1 for changeToLeader
2019-11-14 17:36:46,753 [c40a56fe-5273-466a-9f61-79febf43aa6a@group-5A1C39DAE1D4-LeaderElection60] INFO  ratis.XceiverServerRatis (XceiverServerRatis.java:handleLeaderChangedNotification(697)) - Leader change notification received for group: group-5A1C39DAE1D4 with new leaderId: c40a56fe-5273-466a-9f61-79febf43aa6a
2019-11-14 17:36:46,753 [0b8c2274-85ff-4b39-8671-ec8be5904baa@group-30F2EB78FEB1-LeaderElection59] INFO  ratis.XceiverServerRatis (XceiverServerRatis.java:handleLeaderChangedNotification(697)) - Leader change notification received for group: group-30F2EB78FEB1 with new leaderId: 0b8c2274-85ff-4b39-8671-ec8be5904baa
2019-11-14 17:36:46,753 [c40a56fe-5273-466a-9f61-79febf43aa6a@group-5A1C39DAE1D4-LeaderElection60] INFO  impl.RaftServerImpl (ServerState.java:setLeader(255)) - c40a56fe-5273-466a-9f61-79febf43aa6a@group-5A1C39DAE1D4: change Leader from null to c40a56fe-5273-466a-9f61-79febf43aa6a at term 1 for becomeLeader, leader elected after 1157ms
2019-11-14 17:36:46,753 [0b8c2274-85ff-4b39-8671-ec8be5904baa@group-30F2EB78FEB1-LeaderElection59] INFO  impl.RaftServerImpl (ServerState.java:setLeader(255)) - 0b8c2274-85ff-4b39-8671-ec8be5904baa@group-30F2EB78FEB1: change Leader from null to 0b8c2274-85ff-4b39-8671-ec8be5904baa at term 1 for becomeLeader, leader elected after 1078ms
2019-11-14 17:36:46,753 [c40a56fe-5273-466a-9f61-79febf43aa6a@group-5A1C39DAE1D4-LeaderElection60] INFO  server.RaftServerConfigKeys (ConfUtils.java:logGet(43)) - raft.server.staging.catchup.gap = 1000 (default)
2019-11-14 17:36:46,764 [0b8c2274-85ff-4b39-8671-ec8be5904baa@group-30F2EB78FEB1-LeaderElection59] INFO  server.RaftServerConfigKeys (ConfUtils.java:logGet(43)) - raft.server.staging.catchup.gap = 1000 (default)
2019-11-14 17:36:46,764 [c40a56fe-5273-466a-9f61-79febf43aa6a@group-5A1C39DAE1D4-LeaderElection60] INFO  server.RaftServerConfigKeys (ConfUtils.java:logGet(43)) - raft.server.rpc.sleep.time = 25ms (default)
2019-11-14 17:36:46,764 [0b8c2274-85ff-4b39-8671-ec8be5904baa@group-30F2EB78FEB1-LeaderElection59] INFO  server.RaftServerConfigKeys (ConfUtils.java:logGet(43)) - raft.server.rpc.sleep.time = 25ms (default)
2019-11-14 17:36:46,764 [c40a56fe-5273-466a-9f61-79febf43aa6a@group-5A1C39DAE1D4-LeaderElection60] INFO  server.RaftServerConfigKeys (ConfUtils.java:logGet(43)) - raft.server.write.element-limit = 4096 (default)
2019-11-14 17:36:46,765 [0b8c2274-85ff-4b39-8671-ec8be5904baa@group-30F2EB78FEB1-LeaderElection59] INFO  server.RaftServerConfigKeys (ConfUtils.java:logGet(43)) - raft.server.write.element-limit = 4096 (default)
2019-11-14 17:36:46,765 [c40a56fe-5273-466a-9f61-79febf43aa6a@group-5A1C39DAE1D4-LeaderElection60] INFO  server.RaftServerConfigKeys (ConfUtils.java:logGet(43)) - raft.server.watch.timeout = 10s (default)
2019-11-14 17:36:46,765 [0b8c2274-85ff-4b39-8671-ec8be5904baa@group-30F2EB78FEB1-LeaderElection59] INFO  server.RaftServerConfigKeys (ConfUtils.java:logGet(43)) - raft.server.watch.timeout = 10s (default)
2019-11-14 17:36:46,765 [EventQueue-PipelineReportForPipelineReportHandler] INFO  pipeline.PipelineStateManager (PipelineStateManager.java:openPipeline(134)) - Pipeline Pipeline[ Id: 12e6e300-4dd1-498f-ae03-5a1c39dae1d4, Nodes: c40a56fe-5273-466a-9f61-79febf43aa6a{ip: 192.168.157.194, host: pr-hdds-2482-j87dr-2776293630, networkLocation: /rack1, certSerialId: null}, Type:RATIS, Factor:ONE, State:OPEN] moved to OPEN state
2019-11-14 17:36:46,765 [0b8c2274-85ff-4b39-8671-ec8be5904baa@group-30F2EB78FEB1-LeaderElection59] INFO  server.RaftServerConfigKeys (ConfUtils.java:logGet(43)) - raft.server.watch.timeout.denomination = 1s (default)
2019-11-14 17:36:46,765 [c40a56fe-5273-466a-9f61-79febf43aa6a@group-5A1C39DAE1D4-LeaderElection60] INFO  server.RaftServerConfigKeys (ConfUtils.java:logGet(43)) - raft.server.watch.timeout.denomination = 1s (default)
2019-11-14 17:36:46,766 [0b8c2274-85ff-4b39-8671-ec8be5904baa@group-30F2EB78FEB1-LeaderElection59] INFO  server.RaftServerConfigKeys (ConfUtils.java:logGet(43)) - raft.server.watch.element-limit = 65536 (default)
2019-11-14 17:36:46,766 [c40a56fe-5273-466a-9f61-79febf43aa6a@group-5A1C39DAE1D4-LeaderElection60] INFO  server.RaftServerConfigKeys (ConfUtils.java:logGet(43)) - raft.server.watch.element-limit = 65536 (default)
2019-11-14 17:36:46,766 [0b8c2274-85ff-4b39-8671-ec8be5904baa@group-30F2EB78FEB1-LeaderElection59] INFO  impl.RoleInfo (RoleInfo.java:updateAndGet(143)) - 0b8c2274-85ff-4b39-8671-ec8be5904baa: start LeaderState
2019-11-14 17:36:46,766 [c40a56fe-5273-466a-9f61-79febf43aa6a@group-5A1C39DAE1D4-LeaderElection60] INFO  impl.RoleInfo (RoleInfo.java:updateAndGet(143)) - c40a56fe-5273-466a-9f61-79febf43aa6a: start LeaderState
2019-11-14 17:36:46,766 [EventQueue-PipelineReportForPipelineReportHandler] INFO  pipeline.PipelineStateManager (PipelineStateManager.java:openPipeline(134)) - Pipeline Pipeline[ Id: b9a86655-da8c-4298-968c-30f2eb78feb1, Nodes: 0b8c2274-85ff-4b39-8671-ec8be5904baa{ip: 192.168.157.194, host: pr-hdds-2482-j87dr-2776293630, networkLocation: /rack1, certSerialId: null}, Type:RATIS, Factor:ONE, State:OPEN] moved to OPEN state
2019-11-14 17:36:46,766 [c40a56fe-5273-466a-9f61-79febf43aa6a@group-5A1C39DAE1D4-LeaderElection60] INFO  segmented.SegmentedRaftLogWorker (SegmentedRaftLogWorker.java:startLogSegment(385)) - c40a56fe-5273-466a-9f61-79febf43aa6a@group-5A1C39DAE1D4-SegmentedRaftLogWorker: Starting segment from index:0
2019-11-14 17:36:46,766 [0b8c2274-85ff-4b39-8671-ec8be5904baa@group-30F2EB78FEB1-LeaderElection59] INFO  segmented.SegmentedRaftLogWorker (SegmentedRaftLogWorker.java:startLogSegment(385)) - 0b8c2274-85ff-4b39-8671-ec8be5904baa@group-30F2EB78FEB1-SegmentedRaftLogWorker: Starting segment from index:0
2019-11-14 17:36:46,767 [c40a56fe-5273-466a-9f61-79febf43aa6a@group-5A1C39DAE1D4-LeaderElection60] INFO  impl.RaftServerImpl (ServerState.java:setRaftConf(356)) - c40a56fe-5273-466a-9f61-79febf43aa6a@group-5A1C39DAE1D4: set configuration 0: [c40a56fe-5273-466a-9f61-79febf43aa6a:192.168.157.194:45340], old=null at 0
2019-11-14 17:36:46,767 [0b8c2274-85ff-4b39-8671-ec8be5904baa@group-30F2EB78FEB1-LeaderElection59] INFO  impl.RaftServerImpl (ServerState.java:setRaftConf(356)) - 0b8c2274-85ff-4b39-8671-ec8be5904baa@group-30F2EB78FEB1: set configuration 0: [0b8c2274-85ff-4b39-8671-ec8be5904baa:192.168.157.194:34392], old=null at 0
2019-11-14 17:36:46,790 [Thread-1267] INFO  impl.FollowerState (FollowerState.java:run(111)) - 1f17fae6-ef42-4b5f-b929-258c4df74eb0@group-4B28B00B2337-FollowerState: change to CANDIDATE, lastRpcTime:1035ms, electionTimeout:1035ms
2019-11-14 17:36:46,790 [Thread-1267] INFO  impl.RoleInfo (RoleInfo.java:shutdownFollowerState(121)) - 1f17fae6-ef42-4b5f-b929-258c4df74eb0: shutdown FollowerState
2019-11-14 17:36:46,791 [Thread-1267] INFO  impl.RaftServerImpl (RaftServerImpl.java:setRole(173)) - 1f17fae6-ef42-4b5f-b929-258c4df74eb0@group-4B28B00B2337: changes role from  FOLLOWER to CANDIDATE at term 0 for changeToCandidate
2019-11-14 17:36:46,791 [Thread-1267] INFO  impl.RoleInfo (RoleInfo.java:updateAndGet(143)) - 1f17fae6-ef42-4b5f-b929-258c4df74eb0: start LeaderElection
2019-11-14 17:36:46,831 [0b8c2274-85ff-4b39-8671-ec8be5904baa@group-30F2EB78FEB1-SegmentedRaftLogWorker] INFO  segmented.SegmentedRaftLogWorker (SegmentedRaftLogWorker.java:execute(576)) - 0b8c2274-85ff-4b39-8671-ec8be5904baa@group-30F2EB78FEB1-SegmentedRaftLogWorker: created new log segment /workdir/hadoop-ozone/integration-test/target/test-dir/MiniOzoneClusterImpl-22bbe08b-7feb-4e26-8434-b505ec12d921/datanode-6/data/ratis/b9a86655-da8c-4298-968c-30f2eb78feb1/current/log_inprogress_0
2019-11-14 17:36:46,831 [1f17fae6-ef42-4b5f-b929-258c4df74eb0@group-4B28B00B2337-LeaderElection61] INFO  impl.LeaderElection (LeaderElection.java:askForVotes(178)) - 1f17fae6-ef42-4b5f-b929-258c4df74eb0@group-4B28B00B2337-LeaderElection61: begin an election at term 1 for -1: [1f17fae6-ef42-4b5f-b929-258c4df74eb0:192.168.157.194:44377], old=null
2019-11-14 17:36:46,831 [c40a56fe-5273-466a-9f61-79febf43aa6a@group-5A1C39DAE1D4-SegmentedRaftLogWorker] INFO  segmented.SegmentedRaftLogWorker (SegmentedRaftLogWorker.java:execute(576)) - c40a56fe-5273-466a-9f61-79febf43aa6a@group-5A1C39DAE1D4-SegmentedRaftLogWorker: created new log segment /workdir/hadoop-ozone/integration-test/target/test-dir/MiniOzoneClusterImpl-22bbe08b-7feb-4e26-8434-b505ec12d921/datanode-5/data/ratis/12e6e300-4dd1-498f-ae03-5a1c39dae1d4/current/log_inprogress_0
2019-11-14 17:36:46,831 [1f17fae6-ef42-4b5f-b929-258c4df74eb0@group-4B28B00B2337-LeaderElection61] INFO  impl.RoleInfo (RoleInfo.java:shutdownLeaderElection(134)) - 1f17fae6-ef42-4b5f-b929-258c4df74eb0: shutdown LeaderElection
2019-11-14 17:36:46,831 [1f17fae6-ef42-4b5f-b929-258c4df74eb0@group-4B28B00B2337-LeaderElection61] INFO  impl.RaftServerImpl (RaftServerImpl.java:setRole(173)) - 1f17fae6-ef42-4b5f-b929-258c4df74eb0@group-4B28B00B2337: changes role from CANDIDATE to LEADER at term 1 for changeToLeader
2019-11-14 17:36:46,832 [1f17fae6-ef42-4b5f-b929-258c4df74eb0@group-4B28B00B2337-LeaderElection61] INFO  ratis.XceiverServerRatis (XceiverServerRatis.java:handleLeaderChangedNotification(697)) - Leader change notification received for group: group-4B28B00B2337 with new leaderId: 1f17fae6-ef42-4b5f-b929-258c4df74eb0
2019-11-14 17:36:46,832 [1f17fae6-ef42-4b5f-b929-258c4df74eb0@group-4B28B00B2337-LeaderElection61] INFO  impl.RaftServerImpl (ServerState.java:setLeader(255)) - 1f17fae6-ef42-4b5f-b929-258c4df74eb0@group-4B28B00B2337: change Leader from null to 1f17fae6-ef42-4b5f-b929-258c4df74eb0 at term 1 for becomeLeader, leader elected after 1081ms
2019-11-14 17:36:46,832 [1f17fae6-ef42-4b5f-b929-258c4df74eb0@group-4B28B00B2337-LeaderElection61] INFO  server.RaftServerConfigKeys (ConfUtils.java:logGet(43)) - raft.server.staging.catchup.gap = 1000 (default)
2019-11-14 17:36:46,834 [1f17fae6-ef42-4b5f-b929-258c4df74eb0@group-4B28B00B2337-LeaderElection61] INFO  server.RaftServerConfigKeys (ConfUtils.java:logGet(43)) - raft.server.rpc.sleep.time = 25ms (default)
2019-11-14 17:36:46,834 [1f17fae6-ef42-4b5f-b929-258c4df74eb0@group-4B28B00B2337-LeaderElection61] INFO  server.RaftServerConfigKeys (ConfUtils.java:logGet(43)) - raft.server.write.element-limit = 4096 (default)
2019-11-14 17:36:46,835 [1f17fae6-ef42-4b5f-b929-258c4df74eb0@group-4B28B00B2337-LeaderElection61] INFO  server.RaftServerConfigKeys (ConfUtils.java:logGet(43)) - raft.server.watch.timeout = 10s (default)
2019-11-14 17:36:46,835 [1f17fae6-ef42-4b5f-b929-258c4df74eb0@group-4B28B00B2337-LeaderElection61] INFO  server.RaftServerConfigKeys (ConfUtils.java:logGet(43)) - raft.server.watch.timeout.denomination = 1s (default)
2019-11-14 17:36:46,835 [1f17fae6-ef42-4b5f-b929-258c4df74eb0@group-4B28B00B2337-LeaderElection61] INFO  server.RaftServerConfigKeys (ConfUtils.java:logGet(43)) - raft.server.watch.element-limit = 65536 (default)
2019-11-14 17:36:46,835 [1f17fae6-ef42-4b5f-b929-258c4df74eb0@group-4B28B00B2337-LeaderElection61] INFO  impl.RoleInfo (RoleInfo.java:updateAndGet(143)) - 1f17fae6-ef42-4b5f-b929-258c4df74eb0: start LeaderState
2019-11-14 17:36:46,835 [EventQueue-PipelineReportForPipelineReportHandler] INFO  pipeline.PipelineStateManager (PipelineStateManager.java:openPipeline(134)) - Pipeline Pipeline[ Id: 54c8d005-47dd-43b7-b9f9-4b28b00b2337, Nodes: 1f17fae6-ef42-4b5f-b929-258c4df74eb0{ip: 192.168.157.194, host: pr-hdds-2482-j87dr-2776293630, networkLocation: /rack1, certSerialId: null}, Type:RATIS, Factor:ONE, State:OPEN] moved to OPEN state
2019-11-14 17:36:46,835 [1f17fae6-ef42-4b5f-b929-258c4df74eb0@group-4B28B00B2337-LeaderElection61] INFO  segmented.SegmentedRaftLogWorker (SegmentedRaftLogWorker.java:startLogSegment(385)) - 1f17fae6-ef42-4b5f-b929-258c4df74eb0@group-4B28B00B2337-SegmentedRaftLogWorker: Starting segment from index:0
2019-11-14 17:36:46,836 [1f17fae6-ef42-4b5f-b929-258c4df74eb0@group-4B28B00B2337-LeaderElection61] INFO  impl.RaftServerImpl (ServerState.java:setRaftConf(356)) - 1f17fae6-ef42-4b5f-b929-258c4df74eb0@group-4B28B00B2337: set configuration 0: [1f17fae6-ef42-4b5f-b929-258c4df74eb0:192.168.157.194:44377], old=null at 0
2019-11-14 17:36:46,892 [1f17fae6-ef42-4b5f-b929-258c4df74eb0@group-4B28B00B2337-SegmentedRaftLogWorker] INFO  segmented.SegmentedRaftLogWorker (SegmentedRaftLogWorker.java:execute(576)) - 1f17fae6-ef42-4b5f-b929-258c4df74eb0@group-4B28B00B2337-SegmentedRaftLogWorker: created new log segment /workdir/hadoop-ozone/integration-test/target/test-dir/MiniOzoneClusterImpl-22bbe08b-7feb-4e26-8434-b505ec12d921/datanode-7/data/ratis/54c8d005-47dd-43b7-b9f9-4b28b00b2337/current/log_inprogress_0
2019-11-14 17:36:46,949 [Thread-1270] INFO  impl.FollowerState (FollowerState.java:run(111)) - 5f137831-83b6-4bbd-8817-ab596ad00049@group-FDEC35373265-FollowerState: change to CANDIDATE, lastRpcTime:1126ms, electionTimeout:1126ms
2019-11-14 17:36:46,949 [Thread-1270] INFO  impl.RoleInfo (RoleInfo.java:shutdownFollowerState(121)) - 5f137831-83b6-4bbd-8817-ab596ad00049: shutdown FollowerState
2019-11-14 17:36:46,949 [Thread-1270] INFO  impl.RaftServerImpl (RaftServerImpl.java:setRole(173)) - 5f137831-83b6-4bbd-8817-ab596ad00049@group-FDEC35373265: changes role from  FOLLOWER to CANDIDATE at term 0 for changeToCandidate
2019-11-14 17:36:46,949 [Thread-1270] INFO  impl.RoleInfo (RoleInfo.java:updateAndGet(143)) - 5f137831-83b6-4bbd-8817-ab596ad00049: start LeaderElection
2019-11-14 17:36:46,978 [5f137831-83b6-4bbd-8817-ab596ad00049@group-FDEC35373265-LeaderElection62] INFO  impl.LeaderElection (LeaderElection.java:askForVotes(178)) - 5f137831-83b6-4bbd-8817-ab596ad00049@group-FDEC35373265-LeaderElection62: begin an election at term 1 for -1: [5f137831-83b6-4bbd-8817-ab596ad00049:192.168.157.194:34259], old=null
2019-11-14 17:36:46,978 [5f137831-83b6-4bbd-8817-ab596ad00049@group-FDEC35373265-LeaderElection62] INFO  impl.RoleInfo (RoleInfo.java:shutdownLeaderElection(134)) - 5f137831-83b6-4bbd-8817-ab596ad00049: shutdown LeaderElection
2019-11-14 17:36:46,978 [5f137831-83b6-4bbd-8817-ab596ad00049@group-FDEC35373265-LeaderElection62] INFO  impl.RaftServerImpl (RaftServerImpl.java:setRole(173)) - 5f137831-83b6-4bbd-8817-ab596ad00049@group-FDEC35373265: changes role from CANDIDATE to LEADER at term 1 for changeToLeader
2019-11-14 17:36:46,978 [5f137831-83b6-4bbd-8817-ab596ad00049@group-FDEC35373265-LeaderElection62] INFO  ratis.XceiverServerRatis (XceiverServerRatis.java:handleLeaderChangedNotification(697)) - Leader change notification received for group: group-FDEC35373265 with new leaderId: 5f137831-83b6-4bbd-8817-ab596ad00049
2019-11-14 17:36:46,979 [5f137831-83b6-4bbd-8817-ab596ad00049@group-FDEC35373265-LeaderElection62] INFO  impl.RaftServerImpl (ServerState.java:setLeader(255)) - 5f137831-83b6-4bbd-8817-ab596ad00049@group-FDEC35373265: change Leader from null to 5f137831-83b6-4bbd-8817-ab596ad00049 at term 1 for becomeLeader, leader elected after 1160ms
2019-11-14 17:36:46,979 [5f137831-83b6-4bbd-8817-ab596ad00049@group-FDEC35373265-LeaderElection62] INFO  server.RaftServerConfigKeys (ConfUtils.java:logGet(43)) - raft.server.staging.catchup.gap = 1000 (default)
2019-11-14 17:36:46,981 [5f137831-83b6-4bbd-8817-ab596ad00049@group-FDEC35373265-LeaderElection62] INFO  server.RaftServerConfigKeys (ConfUtils.java:logGet(43)) - raft.server.rpc.sleep.time = 25ms (default)
2019-11-14 17:36:46,982 [5f137831-83b6-4bbd-8817-ab596ad00049@group-FDEC35373265-LeaderElection62] INFO  server.RaftServerConfigKeys (ConfUtils.java:logGet(43)) - raft.server.write.element-limit = 4096 (default)
2019-11-14 17:36:46,982 [5f137831-83b6-4bbd-8817-ab596ad00049@group-FDEC35373265-LeaderElection62] INFO  server.RaftServerConfigKeys (ConfUtils.java:logGet(43)) - raft.server.watch.timeout = 10s (default)
2019-11-14 17:36:46,982 [5f137831-83b6-4bbd-8817-ab596ad00049@group-FDEC35373265-LeaderElection62] INFO  server.RaftServerConfigKeys (ConfUtils.java:logGet(43)) - raft.server.watch.timeout.denomination = 1s (default)
2019-11-14 17:36:46,982 [5f137831-83b6-4bbd-8817-ab596ad00049@group-FDEC35373265-LeaderElection62] INFO  server.RaftServerConfigKeys (ConfUtils.java:logGet(43)) - raft.server.watch.element-limit = 65536 (default)
2019-11-14 17:36:46,982 [EventQueue-PipelineReportForPipelineReportHandler] INFO  pipeline.PipelineStateManager (PipelineStateManager.java:openPipeline(134)) - Pipeline Pipeline[ Id: 2edd1f80-79b4-4cba-b2aa-fdec35373265, Nodes: 5f137831-83b6-4bbd-8817-ab596ad00049{ip: 192.168.157.194, host: pr-hdds-2482-j87dr-2776293630, networkLocation: /rack1, certSerialId: null}, Type:RATIS, Factor:ONE, State:OPEN] moved to OPEN state
2019-11-14 17:36:46,982 [5f137831-83b6-4bbd-8817-ab596ad00049@group-FDEC35373265-LeaderElection62] INFO  impl.RoleInfo (RoleInfo.java:updateAndGet(143)) - 5f137831-83b6-4bbd-8817-ab596ad00049: start LeaderState
2019-11-14 17:36:46,983 [5f137831-83b6-4bbd-8817-ab596ad00049@group-FDEC35373265-LeaderElection62] INFO  segmented.SegmentedRaftLogWorker (SegmentedRaftLogWorker.java:startLogSegment(385)) - 5f137831-83b6-4bbd-8817-ab596ad00049@group-FDEC35373265-SegmentedRaftLogWorker: Starting segment from index:0
2019-11-14 17:36:46,984 [5f137831-83b6-4bbd-8817-ab596ad00049@group-FDEC35373265-LeaderElection62] INFO  impl.RaftServerImpl (ServerState.java:setRaftConf(356)) - 5f137831-83b6-4bbd-8817-ab596ad00049@group-FDEC35373265: set configuration 0: [5f137831-83b6-4bbd-8817-ab596ad00049:192.168.157.194:34259], old=null at 0
2019-11-14 17:36:47,032 [5f137831-83b6-4bbd-8817-ab596ad00049@group-FDEC35373265-SegmentedRaftLogWorker] INFO  segmented.SegmentedRaftLogWorker (SegmentedRaftLogWorker.java:execute(576)) - 5f137831-83b6-4bbd-8817-ab596ad00049@group-FDEC35373265-SegmentedRaftLogWorker: created new log segment /workdir/hadoop-ozone/integration-test/target/test-dir/MiniOzoneClusterImpl-22bbe08b-7feb-4e26-8434-b505ec12d921/datanode-8/data/ratis/2edd1f80-79b4-4cba-b2aa-fdec35373265/current/log_inprogress_0
2019-11-14 17:36:47,080 [main] INFO  ozone.MiniOzoneClusterImpl (MiniOzoneClusterImpl.java:lambda$waitForClusterToBeReady$2(163)) - Waiting for 3 number of pipelines out of 13, to report a leader.
2019-11-14 17:36:47,087 [Thread-1273] INFO  impl.FollowerState (FollowerState.java:run(111)) - 785a1b68-bc50-461a-9c66-217454b39c0f@group-CB4DE0E09CF8-FollowerState: change to CANDIDATE, lastRpcTime:1180ms, electionTimeout:1180ms
2019-11-14 17:36:47,087 [Thread-1273] INFO  impl.RoleInfo (RoleInfo.java:shutdownFollowerState(121)) - 785a1b68-bc50-461a-9c66-217454b39c0f: shutdown FollowerState
2019-11-14 17:36:47,087 [Thread-1273] INFO  impl.RaftServerImpl (RaftServerImpl.java:setRole(173)) - 785a1b68-bc50-461a-9c66-217454b39c0f@group-CB4DE0E09CF8: changes role from  FOLLOWER to CANDIDATE at term 0 for changeToCandidate
2019-11-14 17:36:47,087 [Thread-1273] INFO  impl.RoleInfo (RoleInfo.java:updateAndGet(143)) - 785a1b68-bc50-461a-9c66-217454b39c0f: start LeaderElection
2019-11-14 17:36:47,088 [Thread-1277] INFO  impl.FollowerState (FollowerState.java:run(111)) - 785a1b68-bc50-461a-9c66-217454b39c0f@group-54586048B429-FollowerState: change to CANDIDATE, lastRpcTime:1097ms, electionTimeout:1097ms
2019-11-14 17:36:47,088 [Thread-1277] INFO  impl.RoleInfo (RoleInfo.java:shutdownFollowerState(121)) - 785a1b68-bc50-461a-9c66-217454b39c0f: shutdown FollowerState
2019-11-14 17:36:47,092 [Thread-1277] INFO  impl.RaftServerImpl (RaftServerImpl.java:setRole(173)) - 785a1b68-bc50-461a-9c66-217454b39c0f@group-54586048B429: changes role from  FOLLOWER to CANDIDATE at term 0 for changeToCandidate
2019-11-14 17:36:47,092 [Thread-1277] INFO  impl.RoleInfo (RoleInfo.java:updateAndGet(143)) - 785a1b68-bc50-461a-9c66-217454b39c0f: start LeaderElection
2019-11-14 17:36:47,101 [Thread-1285] INFO  impl.FollowerState (FollowerState.java:run(111)) - 0b8c2274-85ff-4b39-8671-ec8be5904baa@group-E7DF167351A9-FollowerState: change to CANDIDATE, lastRpcTime:1029ms, electionTimeout:1029ms
2019-11-14 17:36:47,101 [Thread-1285] INFO  impl.RoleInfo (RoleInfo.java:shutdownFollowerState(121)) - 0b8c2274-85ff-4b39-8671-ec8be5904baa: shutdown FollowerState
2019-11-14 17:36:47,101 [Thread-1285] INFO  impl.RaftServerImpl (RaftServerImpl.java:setRole(173)) - 0b8c2274-85ff-4b39-8671-ec8be5904baa@group-E7DF167351A9: changes role from  FOLLOWER to CANDIDATE at term 0 for changeToCandidate
2019-11-14 17:36:47,101 [Thread-1285] INFO  impl.RoleInfo (RoleInfo.java:updateAndGet(143)) - 0b8c2274-85ff-4b39-8671-ec8be5904baa: start LeaderElection
2019-11-14 17:36:47,106 [Thread-1282] INFO  impl.FollowerState (FollowerState.java:run(111)) - 55ab2526-4f89-4bd2-9902-395461fa7031@group-54586048B429-FollowerState: change to CANDIDATE, lastRpcTime:1113ms, electionTimeout:1113ms
2019-11-14 17:36:47,106 [Thread-1282] INFO  impl.RoleInfo (RoleInfo.java:shutdownFollowerState(121)) - 55ab2526-4f89-4bd2-9902-395461fa7031: shutdown FollowerState
2019-11-14 17:36:47,106 [Thread-1282] INFO  impl.RaftServerImpl (RaftServerImpl.java:setRole(173)) - 55ab2526-4f89-4bd2-9902-395461fa7031@group-54586048B429: changes role from  FOLLOWER to CANDIDATE at term 0 for changeToCandidate
2019-11-14 17:36:47,107 [Thread-1282] INFO  impl.RoleInfo (RoleInfo.java:updateAndGet(143)) - 55ab2526-4f89-4bd2-9902-395461fa7031: start LeaderElection
2019-11-14 17:36:47,120 [0b8c2274-85ff-4b39-8671-ec8be5904baa@group-E7DF167351A9-LeaderElection65] INFO  impl.LeaderElection (LeaderElection.java:askForVotes(178)) - 0b8c2274-85ff-4b39-8671-ec8be5904baa@group-E7DF167351A9-LeaderElection65: begin an election at term 1 for -1: [1f17fae6-ef42-4b5f-b929-258c4df74eb0:192.168.157.194:44377, 0b8c2274-85ff-4b39-8671-ec8be5904baa:192.168.157.194:34392, c40a56fe-5273-466a-9f61-79febf43aa6a:192.168.157.194:45340], old=null
2019-11-14 17:36:47,120 [785a1b68-bc50-461a-9c66-217454b39c0f@group-54586048B429-LeaderElection64] INFO  impl.LeaderElection (LeaderElection.java:askForVotes(178)) - 785a1b68-bc50-461a-9c66-217454b39c0f@group-54586048B429-LeaderElection64: begin an election at term 1 for -1: [55ab2526-4f89-4bd2-9902-395461fa7031:192.168.157.194:41123, 785a1b68-bc50-461a-9c66-217454b39c0f:192.168.157.194:36611, a3b153ef-1e94-4227-8997-77072f34e630:192.168.157.194:41542], old=null
2019-11-14 17:36:47,120 [785a1b68-bc50-461a-9c66-217454b39c0f@group-CB4DE0E09CF8-LeaderElection63] INFO  impl.LeaderElection (LeaderElection.java:askForVotes(178)) - 785a1b68-bc50-461a-9c66-217454b39c0f@group-CB4DE0E09CF8-LeaderElection63: begin an election at term 1 for -1: [785a1b68-bc50-461a-9c66-217454b39c0f:192.168.157.194:36611], old=null
2019-11-14 17:36:47,121 [785a1b68-bc50-461a-9c66-217454b39c0f@group-CB4DE0E09CF8-LeaderElection63] INFO  impl.RoleInfo (RoleInfo.java:shutdownLeaderElection(134)) - 785a1b68-bc50-461a-9c66-217454b39c0f: shutdown LeaderElection
2019-11-14 17:36:47,121 [785a1b68-bc50-461a-9c66-217454b39c0f@group-CB4DE0E09CF8-LeaderElection63] INFO  impl.RaftServerImpl (RaftServerImpl.java:setRole(173)) - 785a1b68-bc50-461a-9c66-217454b39c0f@group-CB4DE0E09CF8: changes role from CANDIDATE to LEADER at term 1 for changeToLeader
2019-11-14 17:36:47,121 [785a1b68-bc50-461a-9c66-217454b39c0f@group-CB4DE0E09CF8-LeaderElection63] INFO  ratis.XceiverServerRatis (XceiverServerRatis.java:handleLeaderChangedNotification(697)) - Leader change notification received for group: group-CB4DE0E09CF8 with new leaderId: 785a1b68-bc50-461a-9c66-217454b39c0f
2019-11-14 17:36:47,121 [785a1b68-bc50-461a-9c66-217454b39c0f@group-CB4DE0E09CF8-LeaderElection63] INFO  impl.RaftServerImpl (ServerState.java:setLeader(255)) - 785a1b68-bc50-461a-9c66-217454b39c0f@group-CB4DE0E09CF8: change Leader from null to 785a1b68-bc50-461a-9c66-217454b39c0f at term 1 for becomeLeader, leader elected after 1218ms
2019-11-14 17:36:47,121 [785a1b68-bc50-461a-9c66-217454b39c0f@group-CB4DE0E09CF8-LeaderElection63] INFO  server.RaftServerConfigKeys (ConfUtils.java:logGet(43)) - raft.server.staging.catchup.gap = 1000 (default)
2019-11-14 17:36:47,123 [785a1b68-bc50-461a-9c66-217454b39c0f@group-CB4DE0E09CF8-LeaderElection63] INFO  server.RaftServerConfigKeys (ConfUtils.java:logGet(43)) - raft.server.rpc.sleep.time = 25ms (default)
2019-11-14 17:36:47,124 [785a1b68-bc50-461a-9c66-217454b39c0f@group-CB4DE0E09CF8-LeaderElection63] INFO  server.RaftServerConfigKeys (ConfUtils.java:logGet(43)) - raft.server.write.element-limit = 4096 (default)
2019-11-14 17:36:47,124 [785a1b68-bc50-461a-9c66-217454b39c0f@group-CB4DE0E09CF8-LeaderElection63] INFO  server.RaftServerConfigKeys (ConfUtils.java:logGet(43)) - raft.server.watch.timeout = 10s (default)
2019-11-14 17:36:47,124 [785a1b68-bc50-461a-9c66-217454b39c0f@group-CB4DE0E09CF8-LeaderElection63] INFO  server.RaftServerConfigKeys (ConfUtils.java:logGet(43)) - raft.server.watch.timeout.denomination = 1s (default)
2019-11-14 17:36:47,124 [785a1b68-bc50-461a-9c66-217454b39c0f@group-CB4DE0E09CF8-LeaderElection63] INFO  server.RaftServerConfigKeys (ConfUtils.java:logGet(43)) - raft.server.watch.element-limit = 65536 (default)
2019-11-14 17:36:47,124 [EventQueue-PipelineReportForPipelineReportHandler] INFO  pipeline.PipelineStateManager (PipelineStateManager.java:openPipeline(134)) - Pipeline Pipeline[ Id: 4ff8830d-025b-4434-9336-cb4de0e09cf8, Nodes: 785a1b68-bc50-461a-9c66-217454b39c0f{ip: 192.168.157.194, host: pr-hdds-2482-j87dr-2776293630, networkLocation: /rack1, certSerialId: null}, Type:RATIS, Factor:ONE, State:OPEN] moved to OPEN state
2019-11-14 17:36:47,124 [785a1b68-bc50-461a-9c66-217454b39c0f@group-CB4DE0E09CF8-LeaderElection63] INFO  impl.RoleInfo (RoleInfo.java:updateAndGet(143)) - 785a1b68-bc50-461a-9c66-217454b39c0f: start LeaderState
2019-11-14 17:36:47,127 [785a1b68-bc50-461a-9c66-217454b39c0f@group-CB4DE0E09CF8-LeaderElection63] INFO  segmented.SegmentedRaftLogWorker (SegmentedRaftLogWorker.java:startLogSegment(385)) - 785a1b68-bc50-461a-9c66-217454b39c0f@group-CB4DE0E09CF8-SegmentedRaftLogWorker: Starting segment from index:0
2019-11-14 17:36:47,136 [785a1b68-bc50-461a-9c66-217454b39c0f@group-CB4DE0E09CF8-LeaderElection63] INFO  impl.RaftServerImpl (ServerState.java:setRaftConf(356)) - 785a1b68-bc50-461a-9c66-217454b39c0f@group-CB4DE0E09CF8: set configuration 0: [785a1b68-bc50-461a-9c66-217454b39c0f:192.168.157.194:36611], old=null at 0
2019-11-14 17:36:47,162 [grpc-default-executor-2] INFO  impl.RaftServerImpl (RaftServerImpl.java:setRole(173)) - a3b153ef-1e94-4227-8997-77072f34e630@group-54586048B429: changes role from  FOLLOWER to FOLLOWER at term 1 for recognizeCandidate:785a1b68-bc50-461a-9c66-217454b39c0f
2019-11-14 17:36:47,162 [Thread-1289] INFO  impl.FollowerState (FollowerState.java:run(111)) - 1f17fae6-ef42-4b5f-b929-258c4df74eb0@group-E7DF167351A9-FollowerState: change to CANDIDATE, lastRpcTime:1088ms, electionTimeout:1071ms
2019-11-14 17:36:47,162 [55ab2526-4f89-4bd2-9902-395461fa7031@group-54586048B429-LeaderElection66] INFO  impl.LeaderElection (LeaderElection.java:askForVotes(178)) - 55ab2526-4f89-4bd2-9902-395461fa7031@group-54586048B429-LeaderElection66: begin an election at term 1 for -1: [55ab2526-4f89-4bd2-9902-395461fa7031:192.168.157.194:41123, 785a1b68-bc50-461a-9c66-217454b39c0f:192.168.157.194:36611, a3b153ef-1e94-4227-8997-77072f34e630:192.168.157.194:41542], old=null
2019-11-14 17:36:47,162 [grpc-default-executor-2] INFO  impl.RoleInfo (RoleInfo.java:shutdownFollowerState(121)) - a3b153ef-1e94-4227-8997-77072f34e630: shutdown FollowerState
2019-11-14 17:36:47,165 [grpc-default-executor-3] INFO  impl.RaftServerImpl (RaftServerImpl.java:setRole(173)) - c40a56fe-5273-466a-9f61-79febf43aa6a@group-E7DF167351A9: changes role from  FOLLOWER to FOLLOWER at term 1 for recognizeCandidate:0b8c2274-85ff-4b39-8671-ec8be5904baa
2019-11-14 17:36:47,162 [Thread-1289] INFO  impl.RoleInfo (RoleInfo.java:shutdownFollowerState(121)) - 1f17fae6-ef42-4b5f-b929-258c4df74eb0: shutdown FollowerState
2019-11-14 17:36:47,165 [grpc-default-executor-3] INFO  impl.RoleInfo (RoleInfo.java:shutdownFollowerState(121)) - c40a56fe-5273-466a-9f61-79febf43aa6a: shutdown FollowerState
2019-11-14 17:36:47,165 [grpc-default-executor-2] INFO  impl.RoleInfo (RoleInfo.java:updateAndGet(143)) - a3b153ef-1e94-4227-8997-77072f34e630: start FollowerState
2019-11-14 17:36:47,165 [Thread-1279] INFO  impl.FollowerState (FollowerState.java:run(120)) - a3b153ef-1e94-4227-8997-77072f34e630@group-54586048B429-FollowerState was interrupted: java.lang.InterruptedException: sleep interrupted
2019-11-14 17:36:47,165 [grpc-default-executor-3] INFO  impl.RoleInfo (RoleInfo.java:updateAndGet(143)) - c40a56fe-5273-466a-9f61-79febf43aa6a: start FollowerState
2019-11-14 17:36:47,165 [Thread-1290] INFO  impl.FollowerState (FollowerState.java:run(120)) - c40a56fe-5273-466a-9f61-79febf43aa6a@group-E7DF167351A9-FollowerState was interrupted: java.lang.InterruptedException: sleep interrupted
2019-11-14 17:36:47,165 [Thread-1289] INFO  impl.RaftServerImpl (RaftServerImpl.java:setRole(173)) - 1f17fae6-ef42-4b5f-b929-258c4df74eb0@group-E7DF167351A9: changes role from  FOLLOWER to CANDIDATE at term 0 for changeToCandidate
2019-11-14 17:36:47,166 [Thread-1289] INFO  impl.RoleInfo (RoleInfo.java:updateAndGet(143)) - 1f17fae6-ef42-4b5f-b929-258c4df74eb0: start LeaderElection
2019-11-14 17:36:47,168 [grpc-default-executor-6] INFO  impl.RaftServerImpl (RaftServerImpl.java:setRole(173)) - 1f17fae6-ef42-4b5f-b929-258c4df74eb0@group-E7DF167351A9: changes role from CANDIDATE to FOLLOWER at term 1 for recognizeCandidate:0b8c2274-85ff-4b39-8671-ec8be5904baa
2019-11-14 17:36:47,169 [grpc-default-executor-6] INFO  impl.RoleInfo (RoleInfo.java:shutdownLeaderElection(134)) - 1f17fae6-ef42-4b5f-b929-258c4df74eb0: shutdown LeaderElection
2019-11-14 17:36:47,169 [grpc-default-executor-6] INFO  impl.RoleInfo (RoleInfo.java:updateAndGet(143)) - 1f17fae6-ef42-4b5f-b929-258c4df74eb0: start FollowerState
2019-11-14 17:36:47,198 [785a1b68-bc50-461a-9c66-217454b39c0f@group-CB4DE0E09CF8-SegmentedRaftLogWorker] INFO  segmented.SegmentedRaftLogWorker (SegmentedRaftLogWorker.java:execute(576)) - 785a1b68-bc50-461a-9c66-217454b39c0f@group-CB4DE0E09CF8-SegmentedRaftLogWorker: created new log segment /workdir/hadoop-ozone/integration-test/target/test-dir/MiniOzoneClusterImpl-22bbe08b-7feb-4e26-8434-b505ec12d921/datanode-9/data/ratis/4ff8830d-025b-4434-9336-cb4de0e09cf8/current/log_inprogress_0
2019-11-14 17:36:47,199 [0b8c2274-85ff-4b39-8671-ec8be5904baa@group-E7DF167351A9-LeaderElection65] INFO  impl.LeaderElection (LeaderElection.java:logAndReturn(56)) - 0b8c2274-85ff-4b39-8671-ec8be5904baa@group-E7DF167351A9-LeaderElection65: Election PASSED; received 1 response(s) [0b8c2274-85ff-4b39-8671-ec8be5904baa<-c40a56fe-5273-466a-9f61-79febf43aa6a#0:OK-t1] and 0 exception(s); 0b8c2274-85ff-4b39-8671-ec8be5904baa@group-E7DF167351A9:t1, leader=null, voted=0b8c2274-85ff-4b39-8671-ec8be5904baa, raftlog=0b8c2274-85ff-4b39-8671-ec8be5904baa@group-E7DF167351A9-SegmentedRaftLog:OPENED:c-1,f-1,i0, conf=-1: [1f17fae6-ef42-4b5f-b929-258c4df74eb0:192.168.157.194:44377, 0b8c2274-85ff-4b39-8671-ec8be5904baa:192.168.157.194:34392, c40a56fe-5273-466a-9f61-79febf43aa6a:192.168.157.194:45340], old=null
2019-11-14 17:36:47,199 [785a1b68-bc50-461a-9c66-217454b39c0f@group-54586048B429-LeaderElection64] INFO  impl.LeaderElection (LeaderElection.java:logAndReturn(56)) - 785a1b68-bc50-461a-9c66-217454b39c0f@group-54586048B429-LeaderElection64: Election PASSED; received 2 response(s) [785a1b68-bc50-461a-9c66-217454b39c0f<-55ab2526-4f89-4bd2-9902-395461fa7031#0:FAIL-t1, 785a1b68-bc50-461a-9c66-217454b39c0f<-a3b153ef-1e94-4227-8997-77072f34e630#0:OK-t1] and 0 exception(s); 785a1b68-bc50-461a-9c66-217454b39c0f@group-54586048B429:t1, leader=null, voted=785a1b68-bc50-461a-9c66-217454b39c0f, raftlog=785a1b68-bc50-461a-9c66-217454b39c0f@group-54586048B429-SegmentedRaftLog:OPENED:c-1,f-1,i0, conf=-1: [55ab2526-4f89-4bd2-9902-395461fa7031:192.168.157.194:41123, 785a1b68-bc50-461a-9c66-217454b39c0f:192.168.157.194:36611, a3b153ef-1e94-4227-8997-77072f34e630:192.168.157.194:41542], old=null
2019-11-14 17:36:47,199 [0b8c2274-85ff-4b39-8671-ec8be5904baa@group-E7DF167351A9-LeaderElection65] INFO  impl.RoleInfo (RoleInfo.java:shutdownLeaderElection(134)) - 0b8c2274-85ff-4b39-8671-ec8be5904baa: shutdown LeaderElection
2019-11-14 17:36:47,199 [785a1b68-bc50-461a-9c66-217454b39c0f@group-54586048B429-LeaderElection64] INFO  impl.RoleInfo (RoleInfo.java:shutdownLeaderElection(134)) - 785a1b68-bc50-461a-9c66-217454b39c0f: shutdown LeaderElection
2019-11-14 17:36:47,199 [0b8c2274-85ff-4b39-8671-ec8be5904baa@group-E7DF167351A9-LeaderElection65] INFO  impl.RaftServerImpl (RaftServerImpl.java:setRole(173)) - 0b8c2274-85ff-4b39-8671-ec8be5904baa@group-E7DF167351A9: changes role from CANDIDATE to LEADER at term 1 for changeToLeader
2019-11-14 17:36:47,199 [785a1b68-bc50-461a-9c66-217454b39c0f@group-54586048B429-LeaderElection64] INFO  impl.RaftServerImpl (RaftServerImpl.java:setRole(173)) - 785a1b68-bc50-461a-9c66-217454b39c0f@group-54586048B429: changes role from CANDIDATE to LEADER at term 1 for changeToLeader
2019-11-14 17:36:47,199 [55ab2526-4f89-4bd2-9902-395461fa7031@group-54586048B429-LeaderElection66] INFO  impl.LeaderElection (LeaderElection.java:logAndReturn(56)) - 55ab2526-4f89-4bd2-9902-395461fa7031@group-54586048B429-LeaderElection66: Election REJECTED; received 2 response(s) [55ab2526-4f89-4bd2-9902-395461fa7031<-785a1b68-bc50-461a-9c66-217454b39c0f#0:FAIL-t1, 55ab2526-4f89-4bd2-9902-395461fa7031<-a3b153ef-1e94-4227-8997-77072f34e630#0:FAIL-t1] and 0 exception(s); 55ab2526-4f89-4bd2-9902-395461fa7031@group-54586048B429:t1, leader=null, voted=55ab2526-4f89-4bd2-9902-395461fa7031, raftlog=55ab2526-4f89-4bd2-9902-395461fa7031@group-54586048B429-SegmentedRaftLog:OPENED:c-1,f-1,i0, conf=-1: [55ab2526-4f89-4bd2-9902-395461fa7031:192.168.157.194:41123, 785a1b68-bc50-461a-9c66-217454b39c0f:192.168.157.194:36611, a3b153ef-1e94-4227-8997-77072f34e630:192.168.157.194:41542], old=null
2019-11-14 17:36:47,200 [785a1b68-bc50-461a-9c66-217454b39c0f@group-54586048B429-LeaderElection64] INFO  ratis.XceiverServerRatis (XceiverServerRatis.java:handleLeaderChangedNotification(697)) - Leader change notification received for group: group-54586048B429 with new leaderId: 785a1b68-bc50-461a-9c66-217454b39c0f
2019-11-14 17:36:47,199 [0b8c2274-85ff-4b39-8671-ec8be5904baa@group-E7DF167351A9-LeaderElection65] INFO  ratis.XceiverServerRatis (XceiverServerRatis.java:handleLeaderChangedNotification(697)) - Leader change notification received for group: group-E7DF167351A9 with new leaderId: 0b8c2274-85ff-4b39-8671-ec8be5904baa
2019-11-14 17:36:47,200 [55ab2526-4f89-4bd2-9902-395461fa7031@group-54586048B429-LeaderElection66] INFO  impl.RaftServerImpl (RaftServerImpl.java:setRole(173)) - 55ab2526-4f89-4bd2-9902-395461fa7031@group-54586048B429: changes role from CANDIDATE to FOLLOWER at term 1 for DISCOVERED_A_NEW_TERM
2019-11-14 17:36:47,202 [0b8c2274-85ff-4b39-8671-ec8be5904baa@group-E7DF167351A9-LeaderElection65] INFO  impl.RaftServerImpl (ServerState.java:setLeader(255)) - 0b8c2274-85ff-4b39-8671-ec8be5904baa@group-E7DF167351A9: change Leader from null to 0b8c2274-85ff-4b39-8671-ec8be5904baa at term 1 for becomeLeader, leader elected after 1135ms
2019-11-14 17:36:47,200 [785a1b68-bc50-461a-9c66-217454b39c0f@group-54586048B429-LeaderElection64] INFO  impl.RaftServerImpl (ServerState.java:setLeader(255)) - 785a1b68-bc50-461a-9c66-217454b39c0f@group-54586048B429: change Leader from null to 785a1b68-bc50-461a-9c66-217454b39c0f at term 1 for becomeLeader, leader elected after 1220ms
2019-11-14 17:36:47,202 [0b8c2274-85ff-4b39-8671-ec8be5904baa@group-E7DF167351A9-LeaderElection65] INFO  server.RaftServerConfigKeys (ConfUtils.java:logGet(43)) - raft.server.staging.catchup.gap = 1000 (default)
2019-11-14 17:36:47,202 [55ab2526-4f89-4bd2-9902-395461fa7031@group-54586048B429-LeaderElection66] INFO  impl.RoleInfo (RoleInfo.java:shutdownLeaderElection(134)) - 55ab2526-4f89-4bd2-9902-395461fa7031: shutdown LeaderElection
2019-11-14 17:36:47,203 [0b8c2274-85ff-4b39-8671-ec8be5904baa@group-E7DF167351A9-LeaderElection65] INFO  server.RaftServerConfigKeys (ConfUtils.java:logGet(43)) - raft.server.rpc.sleep.time = 25ms (default)
2019-11-14 17:36:47,203 [55ab2526-4f89-4bd2-9902-395461fa7031@group-54586048B429-LeaderElection66] INFO  impl.RoleInfo (RoleInfo.java:updateAndGet(143)) - 55ab2526-4f89-4bd2-9902-395461fa7031: start FollowerState
2019-11-14 17:36:47,203 [0b8c2274-85ff-4b39-8671-ec8be5904baa@group-E7DF167351A9-LeaderElection65] INFO  server.RaftServerConfigKeys (ConfUtils.java:logGet(43)) - raft.server.write.element-limit = 4096 (default)
2019-11-14 17:36:47,203 [785a1b68-bc50-461a-9c66-217454b39c0f@group-54586048B429-LeaderElection64] INFO  server.RaftServerConfigKeys (ConfUtils.java:logGet(43)) - raft.server.staging.catchup.gap = 1000 (default)
2019-11-14 17:36:47,203 [0b8c2274-85ff-4b39-8671-ec8be5904baa@group-E7DF167351A9-LeaderElection65] INFO  server.RaftServerConfigKeys (ConfUtils.java:logGet(43)) - raft.server.watch.timeout = 10s (default)
2019-11-14 17:36:47,203 [785a1b68-bc50-461a-9c66-217454b39c0f@group-54586048B429-LeaderElection64] INFO  server.RaftServerConfigKeys (ConfUtils.java:logGet(43)) - raft.server.rpc.sleep.time = 25ms (default)
2019-11-14 17:36:47,203 [0b8c2274-85ff-4b39-8671-ec8be5904baa@group-E7DF167351A9-LeaderElection65] INFO  server.RaftServerConfigKeys (ConfUtils.java:logGet(43)) - raft.server.watch.timeout.denomination = 1s (default)
2019-11-14 17:36:47,204 [0b8c2274-85ff-4b39-8671-ec8be5904baa@group-E7DF167351A9-LeaderElection65] INFO  server.RaftServerConfigKeys (ConfUtils.java:logGet(43)) - raft.server.watch.element-limit = 65536 (default)
2019-11-14 17:36:47,204 [785a1b68-bc50-461a-9c66-217454b39c0f@group-54586048B429-LeaderElection64] INFO  server.RaftServerConfigKeys (ConfUtils.java:logGet(43)) - raft.server.write.element-limit = 4096 (default)
2019-11-14 17:36:47,204 [0b8c2274-85ff-4b39-8671-ec8be5904baa@group-E7DF167351A9-LeaderElection65] INFO  server.RaftServerConfigKeys (ConfUtils.java:logGet(43)) - raft.server.log.appender.snapshot.chunk.size.max = 16MB (=16777216) (default)
2019-11-14 17:36:47,204 [785a1b68-bc50-461a-9c66-217454b39c0f@group-54586048B429-LeaderElection64] INFO  server.RaftServerConfigKeys (ConfUtils.java:logGet(43)) - raft.server.watch.timeout = 10s (default)
2019-11-14 17:36:47,204 [785a1b68-bc50-461a-9c66-217454b39c0f@group-54586048B429-LeaderElection64] INFO  server.RaftServerConfigKeys (ConfUtils.java:logGet(43)) - raft.server.watch.timeout.denomination = 1s (default)
2019-11-14 17:36:47,204 [EventQueue-PipelineReportForPipelineReportHandler] INFO  pipeline.PipelineStateManager (PipelineStateManager.java:openPipeline(134)) - Pipeline Pipeline[ Id: 95214e6b-bdf4-4946-b509-e7df167351a9, Nodes: c40a56fe-5273-466a-9f61-79febf43aa6a{ip: 192.168.157.194, host: pr-hdds-2482-j87dr-2776293630, networkLocation: /rack1, certSerialId: null}0b8c2274-85ff-4b39-8671-ec8be5904baa{ip: 192.168.157.194, host: pr-hdds-2482-j87dr-2776293630, networkLocation: /rack1, certSerialId: null}1f17fae6-ef42-4b5f-b929-258c4df74eb0{ip: 192.168.157.194, host: pr-hdds-2482-j87dr-2776293630, networkLocation: /rack1, certSerialId: null}, Type:RATIS, Factor:THREE, State:OPEN] moved to OPEN state
2019-11-14 17:36:47,204 [785a1b68-bc50-461a-9c66-217454b39c0f@group-54586048B429-LeaderElection64] INFO  server.RaftServerConfigKeys (ConfUtils.java:logGet(43)) - raft.server.watch.element-limit = 65536 (default)
2019-11-14 17:36:47,204 [0b8c2274-85ff-4b39-8671-ec8be5904baa@group-E7DF167351A9-LeaderElection65] INFO  server.RaftServerConfigKeys (ConfUtils.java:logGet(43)) - raft.server.log.appender.buffer.byte-limit = 33554432 (custom)
2019-11-14 17:36:47,205 [EventQueue-PipelineReportForPipelineReportHandler] INFO  pipeline.PipelineStateManager (PipelineStateManager.java:openPipeline(134)) - Pipeline Pipeline[ Id: 5c1052a8-6c13-4872-ae28-54586048b429, Nodes: 785a1b68-bc50-461a-9c66-217454b39c0f{ip: 192.168.157.194, host: pr-hdds-2482-j87dr-2776293630, networkLocation: /rack1, certSerialId: null}a3b153ef-1e94-4227-8997-77072f34e630{ip: 192.168.157.194, host: pr-hdds-2482-j87dr-2776293630, networkLocation: /rack1, certSerialId: null}55ab2526-4f89-4bd2-9902-395461fa7031{ip: 192.168.157.194, host: pr-hdds-2482-j87dr-2776293630, networkLocation: /rack1, certSerialId: null}, Type:RATIS, Factor:THREE, State:OPEN] moved to OPEN state
2019-11-14 17:36:47,205 [785a1b68-bc50-461a-9c66-217454b39c0f@group-54586048B429-LeaderElection64] INFO  server.RaftServerConfigKeys (ConfUtils.java:logGet(43)) - raft.server.log.appender.snapshot.chunk.size.max = 16MB (=16777216) (default)
2019-11-14 17:36:47,205 [0b8c2274-85ff-4b39-8671-ec8be5904baa@group-E7DF167351A9-LeaderElection65] INFO  server.RaftServerConfigKeys (ConfUtils.java:logGet(43)) - raft.server.log.appender.buffer.element-limit = 1 (custom)
2019-11-14 17:36:47,205 [785a1b68-bc50-461a-9c66-217454b39c0f@group-54586048B429-LeaderElection64] INFO  server.RaftServerConfigKeys (ConfUtils.java:logGet(43)) - raft.server.log.appender.buffer.byte-limit = 33554432 (custom)
2019-11-14 17:36:47,205 [0b8c2274-85ff-4b39-8671-ec8be5904baa@group-E7DF167351A9-LeaderElection65] INFO  grpc.GrpcConfigKeys$Server (ConfUtils.java:logGet(43)) - raft.grpc.server.leader.outstanding.appends.max = 128 (default)
2019-11-14 17:36:47,205 [785a1b68-bc50-461a-9c66-217454b39c0f@group-54586048B429-LeaderElection64] INFO  server.RaftServerConfigKeys (ConfUtils.java:logGet(43)) - raft.server.log.appender.buffer.element-limit = 1 (custom)
2019-11-14 17:36:47,205 [0b8c2274-85ff-4b39-8671-ec8be5904baa@group-E7DF167351A9-LeaderElection65] INFO  server.RaftServerConfigKeys (ConfUtils.java:logGet(43)) - raft.server.rpc.request.timeout = 3000ms (default)
2019-11-14 17:36:47,206 [785a1b68-bc50-461a-9c66-217454b39c0f@group-54586048B429-LeaderElection64] INFO  grpc.GrpcConfigKeys$Server (ConfUtils.java:logGet(43)) - raft.grpc.server.leader.outstanding.appends.max = 128 (default)
2019-11-14 17:36:47,206 [0b8c2274-85ff-4b39-8671-ec8be5904baa@group-E7DF167351A9-LeaderElection65] INFO  server.RaftServerConfigKeys (ConfUtils.java:logGet(43)) - raft.server.log.appender.install.snapshot.enabled = false (custom)
2019-11-14 17:36:47,206 [785a1b68-bc50-461a-9c66-217454b39c0f@group-54586048B429-LeaderElection64] INFO  server.RaftServerConfigKeys (ConfUtils.java:logGet(43)) - raft.server.rpc.request.timeout = 3000ms (default)
2019-11-14 17:36:47,206 [0b8c2274-85ff-4b39-8671-ec8be5904baa@group-E7DF167351A9-LeaderElection65] WARN  impl.MetricRegistriesImpl (MetricRegistriesImpl.java:lambda$create$1(61)) - First MetricRegistry has been created without registering reporters. You may need to call MetricRegistries.global().addReportRegistration(...) before.
2019-11-14 17:36:47,206 [785a1b68-bc50-461a-9c66-217454b39c0f@group-54586048B429-LeaderElection64] INFO  server.RaftServerConfigKeys (ConfUtils.java:logGet(43)) - raft.server.log.appender.install.snapshot.enabled = false (custom)
2019-11-14 17:36:47,206 [0b8c2274-85ff-4b39-8671-ec8be5904baa@group-E7DF167351A9-LeaderElection65] INFO  server.RaftServerConfigKeys (ConfUtils.java:logGet(43)) - raft.server.log.appender.snapshot.chunk.size.max = 16MB (=16777216) (default)
2019-11-14 17:36:47,206 [785a1b68-bc50-461a-9c66-217454b39c0f@group-54586048B429-LeaderElection64] WARN  impl.MetricRegistriesImpl (MetricRegistriesImpl.java:lambda$create$1(61)) - First MetricRegistry has been created without registering reporters. You may need to call MetricRegistries.global().addReportRegistration(...) before.
2019-11-14 17:36:47,206 [0b8c2274-85ff-4b39-8671-ec8be5904baa@group-E7DF167351A9-LeaderElection65] INFO  server.RaftServerConfigKeys (ConfUtils.java:logGet(43)) - raft.server.log.appender.buffer.byte-limit = 33554432 (custom)
2019-11-14 17:36:47,207 [785a1b68-bc50-461a-9c66-217454b39c0f@group-54586048B429-LeaderElection64] INFO  server.RaftServerConfigKeys (ConfUtils.java:logGet(43)) - raft.server.log.appender.snapshot.chunk.size.max = 16MB (=16777216) (default)
2019-11-14 17:36:47,207 [0b8c2274-85ff-4b39-8671-ec8be5904baa@group-E7DF167351A9-LeaderElection65] INFO  server.RaftServerConfigKeys (ConfUtils.java:logGet(43)) - raft.server.log.appender.buffer.element-limit = 1 (custom)
2019-11-14 17:36:47,207 [785a1b68-bc50-461a-9c66-217454b39c0f@group-54586048B429-LeaderElection64] INFO  server.RaftServerConfigKeys (ConfUtils.java:logGet(43)) - raft.server.log.appender.buffer.byte-limit = 33554432 (custom)
2019-11-14 17:36:47,207 [0b8c2274-85ff-4b39-8671-ec8be5904baa@group-E7DF167351A9-LeaderElection65] INFO  grpc.GrpcConfigKeys$Server (ConfUtils.java:logGet(43)) - raft.grpc.server.leader.outstanding.appends.max = 128 (default)
2019-11-14 17:36:47,207 [785a1b68-bc50-461a-9c66-217454b39c0f@group-54586048B429-LeaderElection64] INFO  server.RaftServerConfigKeys (ConfUtils.java:logGet(43)) - raft.server.log.appender.buffer.element-limit = 1 (custom)
2019-11-14 17:36:47,207 [0b8c2274-85ff-4b39-8671-ec8be5904baa@group-E7DF167351A9-LeaderElection65] INFO  server.RaftServerConfigKeys (ConfUtils.java:logGet(43)) - raft.server.rpc.request.timeout = 3000ms (default)
2019-11-14 17:36:47,208 [785a1b68-bc50-461a-9c66-217454b39c0f@group-54586048B429-LeaderElection64] INFO  grpc.GrpcConfigKeys$Server (ConfUtils.java:logGet(43)) - raft.grpc.server.leader.outstanding.appends.max = 128 (default)
2019-11-14 17:36:47,208 [0b8c2274-85ff-4b39-8671-ec8be5904baa@group-E7DF167351A9-LeaderElection65] INFO  server.RaftServerConfigKeys (ConfUtils.java:logGet(43)) - raft.server.log.appender.install.snapshot.enabled = false (custom)
2019-11-14 17:36:47,208 [785a1b68-bc50-461a-9c66-217454b39c0f@group-54586048B429-LeaderElection64] INFO  server.RaftServerConfigKeys (ConfUtils.java:logGet(43)) - raft.server.rpc.request.timeout = 3000ms (default)
2019-11-14 17:36:47,208 [0b8c2274-85ff-4b39-8671-ec8be5904baa@group-E7DF167351A9-LeaderElection65] INFO  impl.RoleInfo (RoleInfo.java:updateAndGet(143)) - 0b8c2274-85ff-4b39-8671-ec8be5904baa: start LeaderState
2019-11-14 17:36:47,208 [785a1b68-bc50-461a-9c66-217454b39c0f@group-54586048B429-LeaderElection64] INFO  server.RaftServerConfigKeys (ConfUtils.java:logGet(43)) - raft.server.log.appender.install.snapshot.enabled = false (custom)
2019-11-14 17:36:47,208 [0b8c2274-85ff-4b39-8671-ec8be5904baa@group-E7DF167351A9-LeaderElection65] INFO  segmented.SegmentedRaftLogWorker (SegmentedRaftLogWorker.java:startLogSegment(385)) - 0b8c2274-85ff-4b39-8671-ec8be5904baa@group-E7DF167351A9-SegmentedRaftLogWorker: Starting segment from index:0
2019-11-14 17:36:47,208 [785a1b68-bc50-461a-9c66-217454b39c0f@group-54586048B429-LeaderElection64] INFO  impl.RoleInfo (RoleInfo.java:updateAndGet(143)) - 785a1b68-bc50-461a-9c66-217454b39c0f: start LeaderState
2019-11-14 17:36:47,209 [785a1b68-bc50-461a-9c66-217454b39c0f@group-54586048B429-LeaderElection64] INFO  segmented.SegmentedRaftLogWorker (SegmentedRaftLogWorker.java:startLogSegment(385)) - 785a1b68-bc50-461a-9c66-217454b39c0f@group-54586048B429-SegmentedRaftLogWorker: Starting segment from index:0
2019-11-14 17:36:47,209 [0b8c2274-85ff-4b39-8671-ec8be5904baa@group-E7DF167351A9-LeaderElection65] INFO  impl.RaftServerImpl (ServerState.java:setRaftConf(356)) - 0b8c2274-85ff-4b39-8671-ec8be5904baa@group-E7DF167351A9: set configuration 0: [1f17fae6-ef42-4b5f-b929-258c4df74eb0:192.168.157.194:44377, 0b8c2274-85ff-4b39-8671-ec8be5904baa:192.168.157.194:34392, c40a56fe-5273-466a-9f61-79febf43aa6a:192.168.157.194:45340], old=null at 0
2019-11-14 17:36:47,210 [785a1b68-bc50-461a-9c66-217454b39c0f@group-54586048B429-LeaderElection64] INFO  impl.RaftServerImpl (ServerState.java:setRaftConf(356)) - 785a1b68-bc50-461a-9c66-217454b39c0f@group-54586048B429: set configuration 0: [55ab2526-4f89-4bd2-9902-395461fa7031:192.168.157.194:41123, 785a1b68-bc50-461a-9c66-217454b39c0f:192.168.157.194:36611, a3b153ef-1e94-4227-8997-77072f34e630:192.168.157.194:41542], old=null at 0
2019-11-14 17:36:47,244 [grpc-default-executor-6] INFO  ratis.XceiverServerRatis (XceiverServerRatis.java:handleLeaderChangedNotification(697)) - Leader change notification received for group: group-E7DF167351A9 with new leaderId: 0b8c2274-85ff-4b39-8671-ec8be5904baa
2019-11-14 17:36:47,244 [1f17fae6-ef42-4b5f-b929-258c4df74eb0@group-E7DF167351A9-LeaderElection67] INFO  impl.LeaderElection (LeaderElection.java:askForVotes(178)) - 1f17fae6-ef42-4b5f-b929-258c4df74eb0@group-E7DF167351A9-LeaderElection67: begin an election at term 2 for -1: [1f17fae6-ef42-4b5f-b929-258c4df74eb0:192.168.157.194:44377, 0b8c2274-85ff-4b39-8671-ec8be5904baa:192.168.157.194:34392, c40a56fe-5273-466a-9f61-79febf43aa6a:192.168.157.194:45340], old=null
2019-11-14 17:36:47,244 [grpc-default-executor-6] INFO  impl.RaftServerImpl (ServerState.java:setLeader(255)) - c40a56fe-5273-466a-9f61-79febf43aa6a@group-E7DF167351A9: change Leader from null to 0b8c2274-85ff-4b39-8671-ec8be5904baa at term 1 for appendEntries, leader elected after 1179ms
2019-11-14 17:36:47,245 [grpc-default-executor-6] INFO  ratis.XceiverServerRatis (XceiverServerRatis.java:handleLeaderChangedNotification(697)) - Leader change notification received for group: group-54586048B429 with new leaderId: 785a1b68-bc50-461a-9c66-217454b39c0f
2019-11-14 17:36:47,245 [grpc-default-executor-6] INFO  impl.RaftServerImpl (ServerState.java:setLeader(255)) - 55ab2526-4f89-4bd2-9902-395461fa7031@group-54586048B429: change Leader from null to 785a1b68-bc50-461a-9c66-217454b39c0f at term 1 for appendEntries, leader elected after 1265ms
2019-11-14 17:36:47,245 [grpc-default-executor-4] INFO  ratis.XceiverServerRatis (XceiverServerRatis.java:handleLeaderChangedNotification(697)) - Leader change notification received for group: group-54586048B429 with new leaderId: 785a1b68-bc50-461a-9c66-217454b39c0f
2019-11-14 17:36:47,246 [grpc-default-executor-4] INFO  impl.RaftServerImpl (ServerState.java:setLeader(255)) - a3b153ef-1e94-4227-8997-77072f34e630@group-54586048B429: change Leader from null to 785a1b68-bc50-461a-9c66-217454b39c0f at term 1 for appendEntries, leader elected after 1265ms
2019-11-14 17:36:47,245 [1f17fae6-ef42-4b5f-b929-258c4df74eb0@group-E7DF167351A9-LeaderElection67] INFO  impl.LeaderElection (LeaderElection.java:logAndReturn(56)) - 1f17fae6-ef42-4b5f-b929-258c4df74eb0@group-E7DF167351A9-LeaderElection67: Election REJECTED; received 0 response(s) [] and 0 exception(s); 1f17fae6-ef42-4b5f-b929-258c4df74eb0@group-E7DF167351A9:t2, leader=null, voted=1f17fae6-ef42-4b5f-b929-258c4df74eb0, raftlog=1f17fae6-ef42-4b5f-b929-258c4df74eb0@group-E7DF167351A9-SegmentedRaftLog:OPENED:c-1,f-1,i0, conf=-1: [1f17fae6-ef42-4b5f-b929-258c4df74eb0:192.168.157.194:44377, 0b8c2274-85ff-4b39-8671-ec8be5904baa:192.168.157.194:34392, c40a56fe-5273-466a-9f61-79febf43aa6a:192.168.157.194:45340], old=null
2019-11-14 17:36:47,249 [grpc-default-executor-5] INFO  impl.RaftServerImpl (ServerState.java:setRaftConf(356)) - c40a56fe-5273-466a-9f61-79febf43aa6a@group-E7DF167351A9: set configuration 0: [1f17fae6-ef42-4b5f-b929-258c4df74eb0:192.168.157.194:44377, 0b8c2274-85ff-4b39-8671-ec8be5904baa:192.168.157.194:34392, c40a56fe-5273-466a-9f61-79febf43aa6a:192.168.157.194:45340], old=null at 0
2019-11-14 17:36:47,249 [grpc-default-executor-5] INFO  segmented.SegmentedRaftLogWorker (SegmentedRaftLogWorker.java:startLogSegment(385)) - c40a56fe-5273-466a-9f61-79febf43aa6a@group-E7DF167351A9-SegmentedRaftLogWorker: Starting segment from index:0
2019-11-14 17:36:47,249 [Thread-1342] INFO  impl.RaftServerImpl (ServerState.java:setLeader(255)) - 0b8c2274-85ff-4b39-8671-ec8be5904baa@group-E7DF167351A9: change Leader from 0b8c2274-85ff-4b39-8671-ec8be5904baa to null at term 2 for updateCurrentTerm
2019-11-14 17:36:47,250 [Thread-1342] INFO  impl.RaftServerImpl (RaftServerImpl.java:setRole(173)) - 0b8c2274-85ff-4b39-8671-ec8be5904baa@group-E7DF167351A9: changes role from    LEADER to FOLLOWER at term 2 for stepDown
2019-11-14 17:36:47,250 [grpc-default-executor-3] INFO  impl.RaftServerImpl (ServerState.java:setRaftConf(356)) - 55ab2526-4f89-4bd2-9902-395461fa7031@group-54586048B429: set configuration 0: [55ab2526-4f89-4bd2-9902-395461fa7031:192.168.157.194:41123, 785a1b68-bc50-461a-9c66-217454b39c0f:192.168.157.194:36611, a3b153ef-1e94-4227-8997-77072f34e630:192.168.157.194:41542], old=null at 0
2019-11-14 17:36:47,250 [Thread-1342] INFO  impl.RoleInfo (RoleInfo.java:shutdownLeaderState(104)) - 0b8c2274-85ff-4b39-8671-ec8be5904baa: shutdown LeaderState
2019-11-14 17:36:47,250 [grpc-default-executor-3] INFO  segmented.SegmentedRaftLogWorker (SegmentedRaftLogWorker.java:startLogSegment(385)) - 55ab2526-4f89-4bd2-9902-395461fa7031@group-54586048B429-SegmentedRaftLogWorker: Starting segment from index:0
2019-11-14 17:36:47,288 [Thread-1342] INFO  impl.PendingRequests (PendingRequests.java:sendNotLeaderResponses(206)) - 0b8c2274-85ff-4b39-8671-ec8be5904baa@group-E7DF167351A9-PendingRequests: sendNotLeaderResponses
2019-11-14 17:36:47,288 [org.apache.ratis.server.impl.LogAppender$AppenderDaemon$$Lambda$459/712830018@6b7c7cc4] WARN  server.GrpcLogAppender (GrpcLogAppender.java:mayWait(151)) - 0b8c2274-85ff-4b39-8671-ec8be5904baa@group-E7DF167351A9->c40a56fe-5273-466a-9f61-79febf43aa6a-GrpcLogAppender: Wait interrupted by java.lang.InterruptedException
2019-11-14 17:36:47,288 [0b8c2274-85ff-4b39-8671-ec8be5904baa@group-E7DF167351A9-SegmentedRaftLogWorker] INFO  segmented.SegmentedRaftLogWorker (SegmentedRaftLogWorker.java:execute(576)) - 0b8c2274-85ff-4b39-8671-ec8be5904baa@group-E7DF167351A9-SegmentedRaftLogWorker: created new log segment /workdir/hadoop-ozone/integration-test/target/test-dir/MiniOzoneClusterImpl-22bbe08b-7feb-4e26-8434-b505ec12d921/datanode-6/data/ratis/95214e6b-bdf4-4946-b509-e7df167351a9/current/log_inprogress_0
2019-11-14 17:36:47,290 [grpc-default-executor-3] INFO  impl.RaftServerImpl (ServerState.java:setLeader(255)) - c40a56fe-5273-466a-9f61-79febf43aa6a@group-E7DF167351A9: change Leader from 0b8c2274-85ff-4b39-8671-ec8be5904baa to null at term 2 for updateCurrentTerm
2019-11-14 17:36:47,289 [org.apache.ratis.server.impl.LogAppender$AppenderDaemon$$Lambda$459/712830018@2e7ee76f] WARN  server.GrpcLogAppender (GrpcLogAppender.java:mayWait(151)) - 0b8c2274-85ff-4b39-8671-ec8be5904baa@group-E7DF167351A9->1f17fae6-ef42-4b5f-b929-258c4df74eb0-GrpcLogAppender: Wait interrupted by java.lang.InterruptedException
2019-11-14 17:36:47,289 [785a1b68-bc50-461a-9c66-217454b39c0f@group-54586048B429-SegmentedRaftLogWorker] INFO  segmented.SegmentedRaftLogWorker (SegmentedRaftLogWorker.java:execute(576)) - 785a1b68-bc50-461a-9c66-217454b39c0f@group-54586048B429-SegmentedRaftLogWorker: created new log segment /workdir/hadoop-ozone/integration-test/target/test-dir/MiniOzoneClusterImpl-22bbe08b-7feb-4e26-8434-b505ec12d921/datanode-9/data/ratis/5c1052a8-6c13-4872-ae28-54586048b429/current/log_inprogress_0
2019-11-14 17:36:47,290 [grpc-default-executor-3] INFO  impl.RaftServerImpl (RaftServerImpl.java:setRole(173)) - c40a56fe-5273-466a-9f61-79febf43aa6a@group-E7DF167351A9: changes role from  FOLLOWER to FOLLOWER at term 2 for recognizeCandidate:1f17fae6-ef42-4b5f-b929-258c4df74eb0
2019-11-14 17:36:47,291 [grpc-default-executor-4] INFO  impl.RaftServerImpl (ServerState.java:setRaftConf(356)) - a3b153ef-1e94-4227-8997-77072f34e630@group-54586048B429: set configuration 0: [55ab2526-4f89-4bd2-9902-395461fa7031:192.168.157.194:41123, 785a1b68-bc50-461a-9c66-217454b39c0f:192.168.157.194:36611, a3b153ef-1e94-4227-8997-77072f34e630:192.168.157.194:41542], old=null at 0
2019-11-14 17:36:47,290 [Thread-1342] INFO  impl.RoleInfo (RoleInfo.java:updateAndGet(143)) - 0b8c2274-85ff-4b39-8671-ec8be5904baa: start FollowerState
2019-11-14 17:36:47,291 [grpc-default-executor-4] INFO  segmented.SegmentedRaftLogWorker (SegmentedRaftLogWorker.java:startLogSegment(385)) - a3b153ef-1e94-4227-8997-77072f34e630@group-54586048B429-SegmentedRaftLogWorker: Starting segment from index:0
2019-11-14 17:36:47,291 [grpc-default-executor-3] INFO  impl.RoleInfo (RoleInfo.java:shutdownFollowerState(121)) - c40a56fe-5273-466a-9f61-79febf43aa6a: shutdown FollowerState
2019-11-14 17:36:47,291 [grpc-default-executor-2] INFO  server.GrpcServerProtocolService (GrpcServerProtocolService.java:onCompleted(113)) - 1f17fae6-ef42-4b5f-b929-258c4df74eb0: Completed APPEND_ENTRIES, lastRequest: 0b8c2274-85ff-4b39-8671-ec8be5904baa->1f17fae6-ef42-4b5f-b929-258c4df74eb0#0-t1, previous=(t:0, i:0), leaderCommit=-1, initializing? false, entries: <empty>
2019-11-14 17:36:47,290 [grpc-default-executor-5] INFO  server.GrpcServerProtocolService (GrpcServerProtocolService.java:onCompleted(113)) - c40a56fe-5273-466a-9f61-79febf43aa6a: Completed APPEND_ENTRIES, lastRequest: 0b8c2274-85ff-4b39-8671-ec8be5904baa->c40a56fe-5273-466a-9f61-79febf43aa6a#1-t1, previous=(t:0, i:0), leaderCommit=-1, initializing? false, entries: size=1, first=(t:1, i:0), CONFIGURATIONENTRY
2019-11-14 17:36:47,291 [grpc-default-executor-3] INFO  impl.RoleInfo (RoleInfo.java:updateAndGet(143)) - c40a56fe-5273-466a-9f61-79febf43aa6a: start FollowerState
2019-11-14 17:36:47,292 [grpc-default-executor-2] INFO  server.GrpcLogAppender (GrpcLogAppender.java:onCompleted(308)) - 0b8c2274-85ff-4b39-8671-ec8be5904baa@group-E7DF167351A9->1f17fae6-ef42-4b5f-b929-258c4df74eb0-AppendLogResponseHandler: follower responses appendEntries COMPLETED
2019-11-14 17:36:47,291 [Thread-1335] INFO  impl.FollowerState (FollowerState.java:run(120)) - c40a56fe-5273-466a-9f61-79febf43aa6a@group-E7DF167351A9-FollowerState was interrupted: java.lang.InterruptedException: sleep interrupted
2019-11-14 17:36:47,293 [grpc-default-executor-5] INFO  server.GrpcLogAppender (GrpcLogAppender.java:onCompleted(308)) - 0b8c2274-85ff-4b39-8671-ec8be5904baa@group-E7DF167351A9->c40a56fe-5273-466a-9f61-79febf43aa6a-AppendLogResponseHandler: follower responses appendEntries COMPLETED
2019-11-14 17:36:47,293 [grpc-default-executor-2] INFO  impl.FollowerInfo (FollowerInfo.java:lambda$new$0(51)) - 0b8c2274-85ff-4b39-8671-ec8be5904baa@group-E7DF167351A9->1f17fae6-ef42-4b5f-b929-258c4df74eb0: nextIndex: updateUnconditionally 0 -> 0
2019-11-14 17:36:47,293 [grpc-default-executor-5] INFO  impl.FollowerInfo (FollowerInfo.java:lambda$new$0(51)) - 0b8c2274-85ff-4b39-8671-ec8be5904baa@group-E7DF167351A9->c40a56fe-5273-466a-9f61-79febf43aa6a: nextIndex: updateUnconditionally 1 -> 0
2019-11-14 17:36:47,316 [c40a56fe-5273-466a-9f61-79febf43aa6a@group-E7DF167351A9-SegmentedRaftLogWorker] INFO  segmented.SegmentedRaftLogWorker (SegmentedRaftLogWorker.java:execute(576)) - c40a56fe-5273-466a-9f61-79febf43aa6a@group-E7DF167351A9-SegmentedRaftLogWorker: created new log segment /workdir/hadoop-ozone/integration-test/target/test-dir/MiniOzoneClusterImpl-22bbe08b-7feb-4e26-8434-b505ec12d921/datanode-5/data/ratis/95214e6b-bdf4-4946-b509-e7df167351a9/current/log_inprogress_0
2019-11-14 17:36:47,330 [grpc-default-executor-6] INFO  impl.RaftServerImpl (RaftServerImpl.java:setRole(173)) - 0b8c2274-85ff-4b39-8671-ec8be5904baa@group-E7DF167351A9: changes role from  FOLLOWER to FOLLOWER at term 2 for recognizeCandidate:1f17fae6-ef42-4b5f-b929-258c4df74eb0
2019-11-14 17:36:47,331 [grpc-default-executor-6] INFO  impl.RoleInfo (RoleInfo.java:shutdownFollowerState(121)) - 0b8c2274-85ff-4b39-8671-ec8be5904baa: shutdown FollowerState
2019-11-14 17:36:47,331 [grpc-default-executor-6] INFO  impl.RoleInfo (RoleInfo.java:updateAndGet(143)) - 0b8c2274-85ff-4b39-8671-ec8be5904baa: start FollowerState
2019-11-14 17:36:47,331 [Thread-1353] INFO  impl.FollowerState (FollowerState.java:run(120)) - 0b8c2274-85ff-4b39-8671-ec8be5904baa@group-E7DF167351A9-FollowerState was interrupted: java.lang.InterruptedException: sleep interrupted
2019-11-14 17:36:47,358 [a3b153ef-1e94-4227-8997-77072f34e630@group-54586048B429-SegmentedRaftLogWorker] INFO  segmented.SegmentedRaftLogWorker (SegmentedRaftLogWorker.java:execute(576)) - a3b153ef-1e94-4227-8997-77072f34e630@group-54586048B429-SegmentedRaftLogWorker: created new log segment /workdir/hadoop-ozone/integration-test/target/test-dir/MiniOzoneClusterImpl-22bbe08b-7feb-4e26-8434-b505ec12d921/datanode-4/data/ratis/5c1052a8-6c13-4872-ae28-54586048b429/current/log_inprogress_0
2019-11-14 17:36:47,358 [55ab2526-4f89-4bd2-9902-395461fa7031@group-54586048B429-SegmentedRaftLogWorker] INFO  segmented.SegmentedRaftLogWorker (SegmentedRaftLogWorker.java:execute(576)) - 55ab2526-4f89-4bd2-9902-395461fa7031@group-54586048B429-SegmentedRaftLogWorker: created new log segment /workdir/hadoop-ozone/integration-test/target/test-dir/MiniOzoneClusterImpl-22bbe08b-7feb-4e26-8434-b505ec12d921/datanode-3/data/ratis/5c1052a8-6c13-4872-ae28-54586048b429/current/log_inprogress_0
2019-11-14 17:36:48,084 [main] INFO  ozone.MiniOzoneClusterImpl (MiniOzoneClusterImpl.java:lambda$waitForClusterToBeReady$2(171)) - Cluster is ready. Got 10 of 10 DN Heartbeats.
2019-11-14 17:36:48,117 [main] INFO  rpc.RpcClient (RpcClient.java:createVolume(292)) - Creating Volume: datanodefailurehandlingtest, with jenkins1000 as owner.
2019-11-14 17:36:48,120 [IPC Server handler 0 on 37721] INFO  volume.OMVolumeCreateRequest (OMVolumeCreateRequest.java:validateAndUpdateCache(193)) - created volume:datanodefailurehandlingtest for user:jenkins1000
2019-11-14 17:36:48,162 [Thread-1235] INFO  container.ReplicationManager (ReplicationManager.java:start(162)) - Starting Replication Monitor Thread.
2019-11-14 17:36:48,162 [Thread-1235] INFO  pipeline.SCMPipelineManager (SCMPipelineManager.java:finalizeAndDestroyPipeline(315)) - destroying pipeline:Pipeline[ Id: 08b366af-ed54-445e-958d-e71eeb291388, Nodes: 55ab2526-4f89-4bd2-9902-395461fa7031{ip: 192.168.157.194, host: pr-hdds-2482-j87dr-2776293630, networkLocation: /rack1, certSerialId: null}, Type:RATIS, Factor:ONE, State:OPEN]
2019-11-14 17:36:48,164 [ReplicationMonitor] INFO  container.ReplicationManager (ReplicationManager.java:run(225)) - Replication Monitor Thread took 0 milliseconds for processing 0 containers.
2019-11-14 17:36:48,164 [Thread-1235] INFO  pipeline.PipelineStateManager (PipelineStateManager.java:finalizePipeline(121)) - Pipeline Pipeline[ Id: 08b366af-ed54-445e-958d-e71eeb291388, Nodes: 55ab2526-4f89-4bd2-9902-395461fa7031{ip: 192.168.157.194, host: pr-hdds-2482-j87dr-2776293630, networkLocation: /rack1, certSerialId: null}, Type:RATIS, Factor:ONE, State:CLOSED] moved to CLOSED state
2019-11-14 17:36:48,171 [main] INFO  rpc.RpcClient (RpcClient.java:createBucket(431)) - Creating Bucket: datanodefailurehandlingtest/datanodefailurehandlingtest, with Versioning false and Storage Type set to DISK and Encryption set to false 
2019-11-14 17:36:48,177 [grpc-default-executor-6] INFO  impl.RaftServerProxy (RaftServerProxy.java:remove(95)) - 55ab2526-4f89-4bd2-9902-395461fa7031: remove    LEADER 55ab2526-4f89-4bd2-9902-395461fa7031@group-E71EEB291388:t1, leader=55ab2526-4f89-4bd2-9902-395461fa7031, voted=55ab2526-4f89-4bd2-9902-395461fa7031, raftlog=55ab2526-4f89-4bd2-9902-395461fa7031@group-E71EEB291388-SegmentedRaftLog:OPENED:c0,f0,i0, conf=0: [55ab2526-4f89-4bd2-9902-395461fa7031:192.168.157.194:41123], old=null RUNNING
2019-11-14 17:36:48,177 [grpc-default-executor-6] INFO  impl.RaftServerImpl (RaftServerImpl.java:lambda$shutdown$3(250)) - 55ab2526-4f89-4bd2-9902-395461fa7031@group-E71EEB291388: shutdown
2019-11-14 17:36:48,177 [grpc-default-executor-6] INFO  util.JmxRegister (JmxRegister.java:unregister(73)) - Successfully un-registered JMX Bean with object name Ratis:service=RaftServer,group=group-E71EEB291388,id=55ab2526-4f89-4bd2-9902-395461fa7031
2019-11-14 17:36:48,177 [grpc-default-executor-6] INFO  impl.RoleInfo (RoleInfo.java:shutdownLeaderState(104)) - 55ab2526-4f89-4bd2-9902-395461fa7031: shutdown LeaderState
2019-11-14 17:36:48,178 [grpc-default-executor-6] INFO  impl.PendingRequests (PendingRequests.java:sendNotLeaderResponses(206)) - 55ab2526-4f89-4bd2-9902-395461fa7031@group-E71EEB291388-PendingRequests: sendNotLeaderResponses
2019-11-14 17:36:48,178 [grpc-default-executor-6] INFO  impl.StateMachineUpdater (StateMachineUpdater.java:stopAndJoin(136)) - 55ab2526-4f89-4bd2-9902-395461fa7031@group-E71EEB291388-StateMachineUpdater: set stopIndex = 0
2019-11-14 17:36:48,178 [grpc-default-executor-6] INFO  impl.RaftServerImpl (ServerState.java:close(387)) - 55ab2526-4f89-4bd2-9902-395461fa7031@group-E71EEB291388: closes. applyIndex: 0
2019-11-14 17:36:48,179 [55ab2526-4f89-4bd2-9902-395461fa7031@group-E71EEB291388-SegmentedRaftLogWorker] INFO  segmented.SegmentedRaftLogWorker (SegmentedRaftLogWorker.java:run(316)) - 55ab2526-4f89-4bd2-9902-395461fa7031@group-E71EEB291388-SegmentedRaftLogWorker was interrupted, exiting. There are 0 tasks remaining in the queue.
2019-11-14 17:36:48,180 [grpc-default-executor-6] INFO  segmented.SegmentedRaftLogWorker (SegmentedRaftLogWorker.java:close(224)) - 55ab2526-4f89-4bd2-9902-395461fa7031@group-E71EEB291388-SegmentedRaftLogWorker close()
2019-11-14 17:36:48,187 [Thread-1235] INFO  pipeline.PipelineStateManager (PipelineStateManager.java:removePipeline(106)) - Pipeline Pipeline[ Id: 08b366af-ed54-445e-958d-e71eeb291388, Nodes: 55ab2526-4f89-4bd2-9902-395461fa7031{ip: 192.168.157.194, host: pr-hdds-2482-j87dr-2776293630, networkLocation: /rack1, certSerialId: null}, Type:RATIS, Factor:ONE, State:CLOSED] removed from db
2019-11-14 17:36:48,188 [Thread-1235] INFO  pipeline.SCMPipelineManager (SCMPipelineManager.java:finalizeAndDestroyPipeline(315)) - destroying pipeline:Pipeline[ Id: 2edd1f80-79b4-4cba-b2aa-fdec35373265, Nodes: 5f137831-83b6-4bbd-8817-ab596ad00049{ip: 192.168.157.194, host: pr-hdds-2482-j87dr-2776293630, networkLocation: /rack1, certSerialId: null}, Type:RATIS, Factor:ONE, State:OPEN]
2019-11-14 17:36:48,193 [grpc-default-executor-6] INFO  impl.RaftServerProxy (RaftServerProxy.java:addNew(89)) - 55ab2526-4f89-4bd2-9902-395461fa7031: addNew group-765CA94DA6E6:[55ab2526-4f89-4bd2-9902-395461fa7031:192.168.157.194:41123] returns group-765CA94DA6E6:java.util.concurrent.CompletableFuture@69ea0cc7[Not completed]
2019-11-14 17:36:48,194 [pool-179-thread-1] INFO  impl.RaftServerImpl (RaftServerImpl.java:<init>(98)) - 55ab2526-4f89-4bd2-9902-395461fa7031: new RaftServerImpl for group-765CA94DA6E6:[55ab2526-4f89-4bd2-9902-395461fa7031:192.168.157.194:41123] with ContainerStateMachine:uninitialized
2019-11-14 17:36:48,195 [pool-179-thread-1] INFO  server.RaftServerConfigKeys (ConfUtils.java:logGet(43)) - raft.server.rpc.timeout.min = 1s (custom)
2019-11-14 17:36:48,195 [pool-179-thread-1] INFO  server.RaftServerConfigKeys (ConfUtils.java:logGet(43)) - raft.server.rpc.timeout.max = 1200ms (custom)
2019-11-14 17:36:48,195 [pool-179-thread-1] INFO  server.RaftServerConfigKeys (ConfUtils.java:logGet(43)) - raft.server.rpcslowness.timeout = 120s (custom)
2019-11-14 17:36:48,195 [pool-179-thread-1] INFO  server.RaftServerConfigKeys (ConfUtils.java:logGet(43)) - raft.server.sleep.deviation.threshold = 300 (default)
2019-11-14 17:36:48,195 [pool-179-thread-1] INFO  server.RaftServerConfigKeys (ConfUtils.java:logGet(43)) - raft.server.log.appender.install.snapshot.enabled = false (custom)
2019-11-14 17:36:48,195 [pool-179-thread-1] INFO  impl.RaftServerImpl (ServerState.java:<init>(103)) - 55ab2526-4f89-4bd2-9902-395461fa7031@group-765CA94DA6E6: ConfigurationManager, init=-1: [55ab2526-4f89-4bd2-9902-395461fa7031:192.168.157.194:41123], old=null, confs=<EMPTY_MAP>
2019-11-14 17:36:48,195 [pool-179-thread-1] INFO  server.RaftServerConfigKeys (ConfUtils.java:logGet(43)) - raft.server.storage.dir = [/workdir/hadoop-ozone/integration-test/target/test-dir/MiniOzoneClusterImpl-22bbe08b-7feb-4e26-8434-b505ec12d921/datanode-3/data/ratis] (custom)
2019-11-14 17:36:48,195 [pool-179-thread-1] INFO  server.RaftServerConfigKeys (ConfUtils.java:logGet(43)) - raft.server.log.corruption.policy = EXCEPTION (default)
2019-11-14 17:36:48,196 [pool-179-thread-1] INFO  storage.RaftStorageDirectory (RaftStorageDirectory.java:analyzeStorage(246)) - The storage directory /workdir/hadoop-ozone/integration-test/target/test-dir/MiniOzoneClusterImpl-22bbe08b-7feb-4e26-8434-b505ec12d921/datanode-3/data/ratis/9d6cebad-4ec2-4102-b390-765ca94da6e6 does not exist. Creating ...
2019-11-14 17:36:48,219 [pool-179-thread-1] INFO  storage.RaftStorageDirectory (RaftStorageDirectory.java:tryLock(328)) - Lock on /workdir/hadoop-ozone/integration-test/target/test-dir/MiniOzoneClusterImpl-22bbe08b-7feb-4e26-8434-b505ec12d921/datanode-3/data/ratis/9d6cebad-4ec2-4102-b390-765ca94da6e6/in_use.lock acquired by nodename 10142@pr-hdds-2482-j87dr-2776293630
2019-11-14 17:36:48,242 [pool-179-thread-1] INFO  storage.RaftStorage (RaftStorage.java:format(84)) - Storage directory /workdir/hadoop-ozone/integration-test/target/test-dir/MiniOzoneClusterImpl-22bbe08b-7feb-4e26-8434-b505ec12d921/datanode-3/data/ratis/9d6cebad-4ec2-4102-b390-765ca94da6e6 has been successfully formatted.
2019-11-14 17:36:48,242 [pool-179-thread-1] INFO  ratis.ContainerStateMachine (ContainerStateMachine.java:loadSnapshot(223)) - group-765CA94DA6E6: The snapshot info is null. Setting the last applied indexto:(t:0, i:~)
2019-11-14 17:36:48,242 [pool-179-thread-1] INFO  server.RaftServerConfigKeys (ConfUtils.java:logGet(43)) - raft.server.notification.no-leader.timeout = 120s (custom)
2019-11-14 17:36:48,242 [pool-179-thread-1] INFO  server.RaftServerConfigKeys (ConfUtils.java:logGet(43)) - raft.server.log.use.memory = false (default)
2019-11-14 17:36:48,242 [pool-179-thread-1] INFO  server.RaftServerConfigKeys (ConfUtils.java:logGet(43)) - raft.server.log.purge.gap = 1000000 (custom)
2019-11-14 17:36:48,242 [pool-179-thread-1] INFO  server.RaftServerConfigKeys (ConfUtils.java:logGet(43)) - raft.server.log.appender.buffer.byte-limit = 33554432 (custom)
2019-11-14 17:36:48,243 [pool-179-thread-1] INFO  server.RaftServerConfigKeys (ConfUtils.java:logGet(43)) - raft.server.log.segment.size.max = 1048576 (custom)
2019-11-14 17:36:48,243 [pool-179-thread-1] INFO  server.RaftServerConfigKeys (ConfUtils.java:logGet(43)) - raft.server.log.segment.cache.num.max = 2 (custom)
2019-11-14 17:36:48,243 [pool-179-thread-1] INFO  segmented.SegmentedRaftLogWorker (SegmentedRaftLogWorker.java:<init>(173)) - new 55ab2526-4f89-4bd2-9902-395461fa7031@group-765CA94DA6E6-SegmentedRaftLogWorker for RaftStorage:Storage Directory /workdir/hadoop-ozone/integration-test/target/test-dir/MiniOzoneClusterImpl-22bbe08b-7feb-4e26-8434-b505ec12d921/datanode-3/data/ratis/9d6cebad-4ec2-4102-b390-765ca94da6e6
2019-11-14 17:36:48,243 [pool-179-thread-1] INFO  server.RaftServerConfigKeys (ConfUtils.java:logGet(43)) - raft.server.log.queue.byte-limit = 2147483647 (custom)
2019-11-14 17:36:48,243 [pool-179-thread-1] INFO  server.RaftServerConfigKeys (ConfUtils.java:logGet(43)) - raft.server.log.queue.element-limit = 1024 (custom)
2019-11-14 17:36:48,243 [pool-179-thread-1] INFO  server.RaftServerConfigKeys (ConfUtils.java:logGet(43)) - raft.server.log.segment.size.max = 1048576 (custom)
2019-11-14 17:36:48,243 [pool-179-thread-1] INFO  server.RaftServerConfigKeys (ConfUtils.java:logGet(43)) - raft.server.log.preallocated.size = 16384 (custom)
2019-11-14 17:36:48,244 [pool-179-thread-1] INFO  server.RaftServerConfigKeys (ConfUtils.java:logGet(43)) - raft.server.log.write.buffer.size = 33554432 (custom)
2019-11-14 17:36:48,244 [pool-179-thread-1] INFO  server.RaftServerConfigKeys (ConfUtils.java:logGet(43)) - raft.server.log.force.sync.num = 128 (default)
2019-11-14 17:36:48,244 [pool-179-thread-1] INFO  server.RaftServerConfigKeys (ConfUtils.java:logGet(43)) - raft.server.log.statemachine.data.sync = true (default)
2019-11-14 17:36:48,244 [pool-179-thread-1] INFO  server.RaftServerConfigKeys (ConfUtils.java:logGet(43)) - raft.server.log.statemachine.data.sync.timeout = 10s (default)
2019-11-14 17:36:48,244 [pool-179-thread-1] INFO  server.RaftServerConfigKeys (ConfUtils.java:logGet(43)) - raft.server.log.statemachine.data.sync.timeout.retry = -1 (default)
2019-11-14 17:36:48,244 [pool-179-thread-1] INFO  server.RaftServerConfigKeys (ConfUtils.java:logGet(43)) - raft.server.log.statemachine.data.caching.enabled = true (custom)
2019-11-14 17:36:48,245 [pool-179-thread-1] INFO  segmented.SegmentedRaftLogWorker (SegmentedRaftLogWorker.java:lambda$new$0(128)) - 55ab2526-4f89-4bd2-9902-395461fa7031@group-765CA94DA6E6-SegmentedRaftLogWorker: flushIndex: setUnconditionally 0 -> -1
2019-11-14 17:36:48,245 [pool-179-thread-1] INFO  server.RaftServerConfigKeys (ConfUtils.java:logGet(43)) - raft.server.snapshot.auto.trigger.enabled = true (custom)
2019-11-14 17:36:48,245 [pool-179-thread-1] INFO  server.RaftServerConfigKeys (ConfUtils.java:logGet(43)) - raft.server.snapshot.auto.trigger.threshold = 10000 (custom)
2019-11-14 17:36:48,245 [pool-179-thread-1] INFO  server.RaftServerConfigKeys (ConfUtils.java:logGet(43)) - raft.server.snapshot.retention.file.num = 5 (custom)
2019-11-14 17:36:48,245 [pool-179-thread-1] INFO  server.RaftServerConfigKeys (ConfUtils.java:logGet(43)) - raft.server.retrycache.expirytime = 600000ms (custom)
2019-11-14 17:36:48,246 [pool-179-thread-1] WARN  impl.MetricRegistriesImpl (MetricRegistriesImpl.java:lambda$create$1(61)) - First MetricRegistry has been created without registering reporters. You may need to call MetricRegistries.global().addReportRegistration(...) before.
2019-11-14 17:36:48,246 [pool-179-thread-1] WARN  impl.MetricRegistriesImpl (MetricRegistriesImpl.java:lambda$create$1(61)) - First MetricRegistry has been created without registering reporters. You may need to call MetricRegistries.global().addReportRegistration(...) before.
2019-11-14 17:36:48,246 [pool-179-thread-1] INFO  impl.RaftServerImpl (RaftServerImpl.java:start(184)) - 55ab2526-4f89-4bd2-9902-395461fa7031@group-765CA94DA6E6: start as a follower, conf=-1: [55ab2526-4f89-4bd2-9902-395461fa7031:192.168.157.194:41123], old=null
2019-11-14 17:36:48,246 [pool-179-thread-1] INFO  impl.RaftServerImpl (RaftServerImpl.java:setRole(173)) - 55ab2526-4f89-4bd2-9902-395461fa7031@group-765CA94DA6E6: changes role from      null to FOLLOWER at term 0 for startAsFollower
2019-11-14 17:36:48,246 [pool-179-thread-1] INFO  impl.RoleInfo (RoleInfo.java:updateAndGet(143)) - 55ab2526-4f89-4bd2-9902-395461fa7031: start FollowerState
2019-11-14 17:36:48,256 [pool-179-thread-1] INFO  util.JmxRegister (JmxRegister.java:tryRegister(44)) - Successfully registered JMX Bean with object name Ratis:service=RaftServer,group=group-765CA94DA6E6,id=55ab2526-4f89-4bd2-9902-395461fa7031
2019-11-14 17:36:48,257 [pool-179-thread-1] WARN  impl.MetricRegistriesImpl (MetricRegistriesImpl.java:lambda$create$1(61)) - First MetricRegistry has been created without registering reporters. You may need to call MetricRegistries.global().addReportRegistration(...) before.
2019-11-14 17:36:48,267 [RatisPipelineUtilsThread] INFO  pipeline.PipelineStateManager (PipelineStateManager.java:addPipeline(55)) - Created pipeline Pipeline[ Id: 9d6cebad-4ec2-4102-b390-765ca94da6e6, Nodes: 55ab2526-4f89-4bd2-9902-395461fa7031{ip: 192.168.157.194, host: pr-hdds-2482-j87dr-2776293630, networkLocation: /rack1, certSerialId: null}, Type:RATIS, Factor:ONE, State:ALLOCATED]
2019-11-14 17:36:48,268 [Thread-1235] INFO  pipeline.PipelineStateManager (PipelineStateManager.java:finalizePipeline(121)) - Pipeline Pipeline[ Id: 2edd1f80-79b4-4cba-b2aa-fdec35373265, Nodes: 5f137831-83b6-4bbd-8817-ab596ad00049{ip: 192.168.157.194, host: pr-hdds-2482-j87dr-2776293630, networkLocation: /rack1, certSerialId: null}, Type:RATIS, Factor:ONE, State:CLOSED] moved to CLOSED state
2019-11-14 17:36:48,273 [grpc-default-executor-6] INFO  impl.RaftServerProxy (RaftServerProxy.java:remove(95)) - 5f137831-83b6-4bbd-8817-ab596ad00049: remove    LEADER 5f137831-83b6-4bbd-8817-ab596ad00049@group-FDEC35373265:t1, leader=5f137831-83b6-4bbd-8817-ab596ad00049, voted=5f137831-83b6-4bbd-8817-ab596ad00049, raftlog=5f137831-83b6-4bbd-8817-ab596ad00049@group-FDEC35373265-SegmentedRaftLog:OPENED:c0,f0,i0, conf=0: [5f137831-83b6-4bbd-8817-ab596ad00049:192.168.157.194:34259], old=null RUNNING
2019-11-14 17:36:48,273 [grpc-default-executor-6] INFO  impl.RaftServerImpl (RaftServerImpl.java:lambda$shutdown$3(250)) - 5f137831-83b6-4bbd-8817-ab596ad00049@group-FDEC35373265: shutdown
2019-11-14 17:36:48,273 [grpc-default-executor-6] INFO  util.JmxRegister (JmxRegister.java:unregister(73)) - Successfully un-registered JMX Bean with object name Ratis:service=RaftServer,group=group-FDEC35373265,id=5f137831-83b6-4bbd-8817-ab596ad00049
2019-11-14 17:36:48,273 [grpc-default-executor-6] INFO  impl.RoleInfo (RoleInfo.java:shutdownLeaderState(104)) - 5f137831-83b6-4bbd-8817-ab596ad00049: shutdown LeaderState
2019-11-14 17:36:48,273 [grpc-default-executor-6] INFO  impl.PendingRequests (PendingRequests.java:sendNotLeaderResponses(206)) - 5f137831-83b6-4bbd-8817-ab596ad00049@group-FDEC35373265-PendingRequests: sendNotLeaderResponses
2019-11-14 17:36:48,274 [grpc-default-executor-6] INFO  impl.StateMachineUpdater (StateMachineUpdater.java:stopAndJoin(136)) - 5f137831-83b6-4bbd-8817-ab596ad00049@group-FDEC35373265-StateMachineUpdater: set stopIndex = 0
2019-11-14 17:36:48,274 [grpc-default-executor-6] INFO  impl.RaftServerImpl (ServerState.java:close(387)) - 5f137831-83b6-4bbd-8817-ab596ad00049@group-FDEC35373265: closes. applyIndex: 0
2019-11-14 17:36:48,274 [5f137831-83b6-4bbd-8817-ab596ad00049@group-FDEC35373265-SegmentedRaftLogWorker] INFO  segmented.SegmentedRaftLogWorker (SegmentedRaftLogWorker.java:run(316)) - 5f137831-83b6-4bbd-8817-ab596ad00049@group-FDEC35373265-SegmentedRaftLogWorker was interrupted, exiting. There are 0 tasks remaining in the queue.
2019-11-14 17:36:48,277 [grpc-default-executor-6] INFO  segmented.SegmentedRaftLogWorker (SegmentedRaftLogWorker.java:close(224)) - 5f137831-83b6-4bbd-8817-ab596ad00049@group-FDEC35373265-SegmentedRaftLogWorker close()
2019-11-14 17:36:48,283 [Thread-1235] INFO  pipeline.PipelineStateManager (PipelineStateManager.java:removePipeline(106)) - Pipeline Pipeline[ Id: 2edd1f80-79b4-4cba-b2aa-fdec35373265, Nodes: 5f137831-83b6-4bbd-8817-ab596ad00049{ip: 192.168.157.194, host: pr-hdds-2482-j87dr-2776293630, networkLocation: /rack1, certSerialId: null}, Type:RATIS, Factor:ONE, State:CLOSED] removed from db
2019-11-14 17:36:48,284 [Thread-1235] INFO  pipeline.SCMPipelineManager (SCMPipelineManager.java:finalizeAndDestroyPipeline(315)) - destroying pipeline:Pipeline[ Id: 5c1052a8-6c13-4872-ae28-54586048b429, Nodes: 785a1b68-bc50-461a-9c66-217454b39c0f{ip: 192.168.157.194, host: pr-hdds-2482-j87dr-2776293630, networkLocation: /rack1, certSerialId: null}a3b153ef-1e94-4227-8997-77072f34e630{ip: 192.168.157.194, host: pr-hdds-2482-j87dr-2776293630, networkLocation: /rack1, certSerialId: null}55ab2526-4f89-4bd2-9902-395461fa7031{ip: 192.168.157.194, host: pr-hdds-2482-j87dr-2776293630, networkLocation: /rack1, certSerialId: null}, Type:RATIS, Factor:THREE, State:OPEN]
2019-11-14 17:36:48,288 [grpc-default-executor-6] INFO  impl.RaftServerProxy (RaftServerProxy.java:addNew(89)) - 5f137831-83b6-4bbd-8817-ab596ad00049: addNew group-AE065064486B:[5f137831-83b6-4bbd-8817-ab596ad00049:192.168.157.194:34259] returns group-AE065064486B:java.util.concurrent.CompletableFuture@716f5b50[Not completed]
2019-11-14 17:36:48,289 [pool-229-thread-1] INFO  impl.RaftServerImpl (RaftServerImpl.java:<init>(98)) - 5f137831-83b6-4bbd-8817-ab596ad00049: new RaftServerImpl for group-AE065064486B:[5f137831-83b6-4bbd-8817-ab596ad00049:192.168.157.194:34259] with ContainerStateMachine:uninitialized
2019-11-14 17:36:48,290 [pool-229-thread-1] INFO  server.RaftServerConfigKeys (ConfUtils.java:logGet(43)) - raft.server.rpc.timeout.min = 1s (custom)
2019-11-14 17:36:48,290 [pool-229-thread-1] INFO  server.RaftServerConfigKeys (ConfUtils.java:logGet(43)) - raft.server.rpc.timeout.max = 1200ms (custom)
2019-11-14 17:36:48,290 [pool-229-thread-1] INFO  server.RaftServerConfigKeys (ConfUtils.java:logGet(43)) - raft.server.rpcslowness.timeout = 120s (custom)
2019-11-14 17:36:48,290 [pool-229-thread-1] INFO  server.RaftServerConfigKeys (ConfUtils.java:logGet(43)) - raft.server.sleep.deviation.threshold = 300 (default)
2019-11-14 17:36:48,290 [pool-229-thread-1] INFO  server.RaftServerConfigKeys (ConfUtils.java:logGet(43)) - raft.server.log.appender.install.snapshot.enabled = false (custom)
2019-11-14 17:36:48,290 [pool-229-thread-1] INFO  impl.RaftServerImpl (ServerState.java:<init>(103)) - 5f137831-83b6-4bbd-8817-ab596ad00049@group-AE065064486B: ConfigurationManager, init=-1: [5f137831-83b6-4bbd-8817-ab596ad00049:192.168.157.194:34259], old=null, confs=<EMPTY_MAP>
2019-11-14 17:36:48,290 [pool-229-thread-1] INFO  server.RaftServerConfigKeys (ConfUtils.java:logGet(43)) - raft.server.storage.dir = [/workdir/hadoop-ozone/integration-test/target/test-dir/MiniOzoneClusterImpl-22bbe08b-7feb-4e26-8434-b505ec12d921/datanode-8/data/ratis] (custom)
2019-11-14 17:36:48,291 [pool-229-thread-1] INFO  server.RaftServerConfigKeys (ConfUtils.java:logGet(43)) - raft.server.log.corruption.policy = EXCEPTION (default)
2019-11-14 17:36:48,291 [pool-229-thread-1] INFO  storage.RaftStorageDirectory (RaftStorageDirectory.java:analyzeStorage(246)) - The storage directory /workdir/hadoop-ozone/integration-test/target/test-dir/MiniOzoneClusterImpl-22bbe08b-7feb-4e26-8434-b505ec12d921/datanode-8/data/ratis/4888c255-7f43-40ff-99ba-ae065064486b does not exist. Creating ...
2019-11-14 17:36:48,314 [pool-229-thread-1] INFO  storage.RaftStorageDirectory (RaftStorageDirectory.java:tryLock(328)) - Lock on /workdir/hadoop-ozone/integration-test/target/test-dir/MiniOzoneClusterImpl-22bbe08b-7feb-4e26-8434-b505ec12d921/datanode-8/data/ratis/4888c255-7f43-40ff-99ba-ae065064486b/in_use.lock acquired by nodename 10142@pr-hdds-2482-j87dr-2776293630
2019-11-14 17:36:48,337 [pool-229-thread-1] INFO  storage.RaftStorage (RaftStorage.java:format(84)) - Storage directory /workdir/hadoop-ozone/integration-test/target/test-dir/MiniOzoneClusterImpl-22bbe08b-7feb-4e26-8434-b505ec12d921/datanode-8/data/ratis/4888c255-7f43-40ff-99ba-ae065064486b has been successfully formatted.
2019-11-14 17:36:48,337 [pool-229-thread-1] INFO  ratis.ContainerStateMachine (ContainerStateMachine.java:loadSnapshot(223)) - group-AE065064486B: The snapshot info is null. Setting the last applied indexto:(t:0, i:~)
2019-11-14 17:36:48,337 [pool-229-thread-1] INFO  server.RaftServerConfigKeys (ConfUtils.java:logGet(43)) - raft.server.notification.no-leader.timeout = 120s (custom)
2019-11-14 17:36:48,337 [pool-229-thread-1] INFO  server.RaftServerConfigKeys (ConfUtils.java:logGet(43)) - raft.server.log.use.memory = false (default)
2019-11-14 17:36:48,337 [pool-229-thread-1] INFO  server.RaftServerConfigKeys (ConfUtils.java:logGet(43)) - raft.server.log.purge.gap = 1000000 (custom)
2019-11-14 17:36:48,338 [pool-229-thread-1] INFO  server.RaftServerConfigKeys (ConfUtils.java:logGet(43)) - raft.server.log.appender.buffer.byte-limit = 33554432 (custom)
2019-11-14 17:36:48,338 [pool-229-thread-1] INFO  server.RaftServerConfigKeys (ConfUtils.java:logGet(43)) - raft.server.log.segment.size.max = 1048576 (custom)
2019-11-14 17:36:48,338 [pool-229-thread-1] INFO  server.RaftServerConfigKeys (ConfUtils.java:logGet(43)) - raft.server.log.segment.cache.num.max = 2 (custom)
2019-11-14 17:36:48,338 [pool-229-thread-1] INFO  segmented.SegmentedRaftLogWorker (SegmentedRaftLogWorker.java:<init>(173)) - new 5f137831-83b6-4bbd-8817-ab596ad00049@group-AE065064486B-SegmentedRaftLogWorker for RaftStorage:Storage Directory /workdir/hadoop-ozone/integration-test/target/test-dir/MiniOzoneClusterImpl-22bbe08b-7feb-4e26-8434-b505ec12d921/datanode-8/data/ratis/4888c255-7f43-40ff-99ba-ae065064486b
2019-11-14 17:36:48,338 [pool-229-thread-1] INFO  server.RaftServerConfigKeys (ConfUtils.java:logGet(43)) - raft.server.log.queue.byte-limit = 2147483647 (custom)
2019-11-14 17:36:48,338 [pool-229-thread-1] INFO  server.RaftServerConfigKeys (ConfUtils.java:logGet(43)) - raft.server.log.queue.element-limit = 1024 (custom)
2019-11-14 17:36:48,339 [pool-229-thread-1] INFO  server.RaftServerConfigKeys (ConfUtils.java:logGet(43)) - raft.server.log.segment.size.max = 1048576 (custom)
2019-11-14 17:36:48,339 [pool-229-thread-1] INFO  server.RaftServerConfigKeys (ConfUtils.java:logGet(43)) - raft.server.log.preallocated.size = 16384 (custom)
2019-11-14 17:36:48,339 [pool-229-thread-1] INFO  server.RaftServerConfigKeys (ConfUtils.java:logGet(43)) - raft.server.log.write.buffer.size = 33554432 (custom)
2019-11-14 17:36:48,339 [pool-229-thread-1] INFO  server.RaftServerConfigKeys (ConfUtils.java:logGet(43)) - raft.server.log.force.sync.num = 128 (default)
2019-11-14 17:36:48,339 [pool-229-thread-1] INFO  server.RaftServerConfigKeys (ConfUtils.java:logGet(43)) - raft.server.log.statemachine.data.sync = true (default)
2019-11-14 17:36:48,339 [pool-229-thread-1] INFO  server.RaftServerConfigKeys (ConfUtils.java:logGet(43)) - raft.server.log.statemachine.data.sync.timeout = 10s (default)
2019-11-14 17:36:48,339 [pool-229-thread-1] INFO  server.RaftServerConfigKeys (ConfUtils.java:logGet(43)) - raft.server.log.statemachine.data.sync.timeout.retry = -1 (default)
2019-11-14 17:36:48,340 [pool-229-thread-1] INFO  server.RaftServerConfigKeys (ConfUtils.java:logGet(43)) - raft.server.log.statemachine.data.caching.enabled = true (custom)
2019-11-14 17:36:48,340 [pool-229-thread-1] INFO  segmented.SegmentedRaftLogWorker (SegmentedRaftLogWorker.java:lambda$new$0(128)) - 5f137831-83b6-4bbd-8817-ab596ad00049@group-AE065064486B-SegmentedRaftLogWorker: flushIndex: setUnconditionally 0 -> -1
2019-11-14 17:36:48,340 [pool-229-thread-1] INFO  server.RaftServerConfigKeys (ConfUtils.java:logGet(43)) - raft.server.snapshot.auto.trigger.enabled = true (custom)
2019-11-14 17:36:48,340 [pool-229-thread-1] INFO  server.RaftServerConfigKeys (ConfUtils.java:logGet(43)) - raft.server.snapshot.auto.trigger.threshold = 10000 (custom)
2019-11-14 17:36:48,340 [pool-229-thread-1] INFO  server.RaftServerConfigKeys (ConfUtils.java:logGet(43)) - raft.server.snapshot.retention.file.num = 5 (custom)
2019-11-14 17:36:48,341 [pool-229-thread-1] INFO  server.RaftServerConfigKeys (ConfUtils.java:logGet(43)) - raft.server.retrycache.expirytime = 600000ms (custom)
2019-11-14 17:36:48,341 [pool-229-thread-1] WARN  impl.MetricRegistriesImpl (MetricRegistriesImpl.java:lambda$create$1(61)) - First MetricRegistry has been created without registering reporters. You may need to call MetricRegistries.global().addReportRegistration(...) before.
2019-11-14 17:36:48,341 [pool-229-thread-1] WARN  impl.MetricRegistriesImpl (MetricRegistriesImpl.java:lambda$create$1(61)) - First MetricRegistry has been created without registering reporters. You may need to call MetricRegistries.global().addReportRegistration(...) before.
2019-11-14 17:36:48,341 [pool-229-thread-1] INFO  impl.RaftServerImpl (RaftServerImpl.java:start(184)) - 5f137831-83b6-4bbd-8817-ab596ad00049@group-AE065064486B: start as a follower, conf=-1: [5f137831-83b6-4bbd-8817-ab596ad00049:192.168.157.194:34259], old=null
2019-11-14 17:36:48,341 [pool-229-thread-1] INFO  impl.RaftServerImpl (RaftServerImpl.java:setRole(173)) - 5f137831-83b6-4bbd-8817-ab596ad00049@group-AE065064486B: changes role from      null to FOLLOWER at term 0 for startAsFollower
2019-11-14 17:36:48,341 [pool-229-thread-1] INFO  impl.RoleInfo (RoleInfo.java:updateAndGet(143)) - 5f137831-83b6-4bbd-8817-ab596ad00049: start FollowerState
2019-11-14 17:36:48,342 [pool-229-thread-1] INFO  util.JmxRegister (JmxRegister.java:tryRegister(44)) - Successfully registered JMX Bean with object name Ratis:service=RaftServer,group=group-AE065064486B,id=5f137831-83b6-4bbd-8817-ab596ad00049
2019-11-14 17:36:48,342 [pool-229-thread-1] WARN  impl.MetricRegistriesImpl (MetricRegistriesImpl.java:lambda$create$1(61)) - First MetricRegistry has been created without registering reporters. You may need to call MetricRegistries.global().addReportRegistration(...) before.
2019-11-14 17:36:48,345 [RatisPipelineUtilsThread] INFO  pipeline.PipelineStateManager (PipelineStateManager.java:addPipeline(55)) - Created pipeline Pipeline[ Id: 4888c255-7f43-40ff-99ba-ae065064486b, Nodes: 5f137831-83b6-4bbd-8817-ab596ad00049{ip: 192.168.157.194, host: pr-hdds-2482-j87dr-2776293630, networkLocation: /rack1, certSerialId: null}, Type:RATIS, Factor:ONE, State:ALLOCATED]
2019-11-14 17:36:48,346 [Thread-1235] INFO  pipeline.PipelineStateManager (PipelineStateManager.java:finalizePipeline(121)) - Pipeline Pipeline[ Id: 5c1052a8-6c13-4872-ae28-54586048b429, Nodes: 785a1b68-bc50-461a-9c66-217454b39c0f{ip: 192.168.157.194, host: pr-hdds-2482-j87dr-2776293630, networkLocation: /rack1, certSerialId: null}a3b153ef-1e94-4227-8997-77072f34e630{ip: 192.168.157.194, host: pr-hdds-2482-j87dr-2776293630, networkLocation: /rack1, certSerialId: null}55ab2526-4f89-4bd2-9902-395461fa7031{ip: 192.168.157.194, host: pr-hdds-2482-j87dr-2776293630, networkLocation: /rack1, certSerialId: null}, Type:RATIS, Factor:THREE, State:CLOSED] moved to CLOSED state
2019-11-14 17:36:48,347 [EventQueue-CloseContainerForCloseContainerEventHandler] INFO  container.CloseContainerEventHandler (CloseContainerEventHandler.java:onMessage(61)) - Close container Event triggered for container : #1
2019-11-14 17:36:48,349 [Thread-1339] INFO  impl.FollowerState (FollowerState.java:run(111)) - 1f17fae6-ef42-4b5f-b929-258c4df74eb0@group-E7DF167351A9-FollowerState: change to CANDIDATE, lastRpcTime:1179ms, electionTimeout:1179ms
2019-11-14 17:36:48,349 [Thread-1339] INFO  impl.RoleInfo (RoleInfo.java:shutdownFollowerState(121)) - 1f17fae6-ef42-4b5f-b929-258c4df74eb0: shutdown FollowerState
2019-11-14 17:36:48,349 [Thread-1339] INFO  impl.RaftServerImpl (RaftServerImpl.java:setRole(173)) - 1f17fae6-ef42-4b5f-b929-258c4df74eb0@group-E7DF167351A9: changes role from  FOLLOWER to CANDIDATE at term 2 for changeToCandidate
2019-11-14 17:36:48,349 [Thread-1339] INFO  impl.RoleInfo (RoleInfo.java:updateAndGet(143)) - 1f17fae6-ef42-4b5f-b929-258c4df74eb0: start LeaderElection
2019-11-14 17:36:48,353 [grpc-default-executor-3] INFO  impl.RaftServerProxy (RaftServerProxy.java:remove(95)) - 785a1b68-bc50-461a-9c66-217454b39c0f: remove    LEADER 785a1b68-bc50-461a-9c66-217454b39c0f@group-54586048B429:t1, leader=785a1b68-bc50-461a-9c66-217454b39c0f, voted=785a1b68-bc50-461a-9c66-217454b39c0f, raftlog=785a1b68-bc50-461a-9c66-217454b39c0f@group-54586048B429-SegmentedRaftLog:OPENED:c0,f0,i2, conf=0: [55ab2526-4f89-4bd2-9902-395461fa7031:192.168.157.194:41123, 785a1b68-bc50-461a-9c66-217454b39c0f:192.168.157.194:36611, a3b153ef-1e94-4227-8997-77072f34e630:192.168.157.194:41542], old=null RUNNING
2019-11-14 17:36:48,353 [grpc-default-executor-3] INFO  impl.RaftServerImpl (RaftServerImpl.java:lambda$shutdown$3(250)) - 785a1b68-bc50-461a-9c66-217454b39c0f@group-54586048B429: shutdown
2019-11-14 17:36:48,353 [grpc-default-executor-3] INFO  util.JmxRegister (JmxRegister.java:unregister(73)) - Successfully un-registered JMX Bean with object name Ratis:service=RaftServer,group=group-54586048B429,id=785a1b68-bc50-461a-9c66-217454b39c0f
2019-11-14 17:36:48,354 [grpc-default-executor-3] INFO  impl.RoleInfo (RoleInfo.java:shutdownLeaderState(104)) - 785a1b68-bc50-461a-9c66-217454b39c0f: shutdown LeaderState
2019-11-14 17:36:48,358 [grpc-default-executor-3] INFO  impl.PendingRequests (PendingRequests.java:sendNotLeaderResponses(206)) - 785a1b68-bc50-461a-9c66-217454b39c0f@group-54586048B429-PendingRequests: sendNotLeaderResponses
2019-11-14 17:36:48,358 [org.apache.ratis.server.impl.LogAppender$AppenderDaemon$$Lambda$459/712830018@67bbb938] WARN  server.GrpcLogAppender (GrpcLogAppender.java:mayWait(151)) - 785a1b68-bc50-461a-9c66-217454b39c0f@group-54586048B429->55ab2526-4f89-4bd2-9902-395461fa7031-GrpcLogAppender: Wait interrupted by java.lang.InterruptedException
2019-11-14 17:36:48,358 [org.apache.ratis.server.impl.LogAppender$AppenderDaemon$$Lambda$459/712830018@22b93bab] WARN  server.GrpcLogAppender (GrpcLogAppender.java:mayWait(151)) - 785a1b68-bc50-461a-9c66-217454b39c0f@group-54586048B429->a3b153ef-1e94-4227-8997-77072f34e630-GrpcLogAppender: Wait interrupted by java.lang.InterruptedException
2019-11-14 17:36:48,363 [grpc-default-executor-3] INFO  impl.StateMachineUpdater (StateMachineUpdater.java:stopAndJoin(136)) - 785a1b68-bc50-461a-9c66-217454b39c0f@group-54586048B429-StateMachineUpdater: set stopIndex = 0
2019-11-14 17:36:48,363 [grpc-default-executor-3] INFO  impl.RaftServerImpl (ServerState.java:close(387)) - 785a1b68-bc50-461a-9c66-217454b39c0f@group-54586048B429: closes. applyIndex: 0
2019-11-14 17:36:48,366 [Thread-1355] INFO  impl.FollowerState (FollowerState.java:run(111)) - 0b8c2274-85ff-4b39-8671-ec8be5904baa@group-E7DF167351A9-FollowerState: change to CANDIDATE, lastRpcTime:1035ms, electionTimeout:1035ms
2019-11-14 17:36:48,367 [grpc-default-executor-6] INFO  server.GrpcServerProtocolService (GrpcServerProtocolService.java:onCompleted(113)) - 55ab2526-4f89-4bd2-9902-395461fa7031: Completed APPEND_ENTRIES, lastRequest: 785a1b68-bc50-461a-9c66-217454b39c0f->55ab2526-4f89-4bd2-9902-395461fa7031#4-t1, previous=(t:1, i:1), leaderCommit=0, initializing? false, entries: size=1, first=(t:1, i:2), STATEMACHINELOGENTRY, client-95CBC349921B, cid=86
2019-11-14 17:36:48,367 [Thread-1355] INFO  impl.RoleInfo (RoleInfo.java:shutdownFollowerState(121)) - 0b8c2274-85ff-4b39-8671-ec8be5904baa: shutdown FollowerState
2019-11-14 17:36:48,367 [grpc-default-executor-2] INFO  server.GrpcServerProtocolService (GrpcServerProtocolService.java:onCompleted(113)) - a3b153ef-1e94-4227-8997-77072f34e630: Completed APPEND_ENTRIES, lastRequest: 785a1b68-bc50-461a-9c66-217454b39c0f->a3b153ef-1e94-4227-8997-77072f34e630#4-t1, previous=(t:1, i:1), leaderCommit=0, initializing? false, entries: size=1, first=(t:1, i:2), STATEMACHINELOGENTRY, client-95CBC349921B, cid=86
2019-11-14 17:36:48,367 [Thread-1355] INFO  impl.RaftServerImpl (RaftServerImpl.java:setRole(173)) - 0b8c2274-85ff-4b39-8671-ec8be5904baa@group-E7DF167351A9: changes role from  FOLLOWER to CANDIDATE at term 2 for changeToCandidate
2019-11-14 17:36:48,367 [Thread-1355] INFO  impl.RoleInfo (RoleInfo.java:updateAndGet(143)) - 0b8c2274-85ff-4b39-8671-ec8be5904baa: start LeaderElection
2019-11-14 17:36:48,367 [grpc-default-executor-2] INFO  server.GrpcLogAppender (GrpcLogAppender.java:onCompleted(308)) - 785a1b68-bc50-461a-9c66-217454b39c0f@group-54586048B429->55ab2526-4f89-4bd2-9902-395461fa7031-AppendLogResponseHandler: follower responses appendEntries COMPLETED
2019-11-14 17:36:48,368 [grpc-default-executor-6] INFO  server.GrpcLogAppender (GrpcLogAppender.java:onCompleted(308)) - 785a1b68-bc50-461a-9c66-217454b39c0f@group-54586048B429->a3b153ef-1e94-4227-8997-77072f34e630-AppendLogResponseHandler: follower responses appendEntries COMPLETED
2019-11-14 17:36:48,368 [grpc-default-executor-2] INFO  impl.FollowerInfo (FollowerInfo.java:lambda$new$0(51)) - 785a1b68-bc50-461a-9c66-217454b39c0f@group-54586048B429->55ab2526-4f89-4bd2-9902-395461fa7031: nextIndex: updateUnconditionally 3 -> 1
2019-11-14 17:36:48,368 [grpc-default-executor-6] INFO  impl.FollowerInfo (FollowerInfo.java:lambda$new$0(51)) - 785a1b68-bc50-461a-9c66-217454b39c0f@group-54586048B429->a3b153ef-1e94-4227-8997-77072f34e630: nextIndex: updateUnconditionally 3 -> 1
2019-11-14 17:36:48,372 [1f17fae6-ef42-4b5f-b929-258c4df74eb0@group-E7DF167351A9-LeaderElection68] INFO  impl.LeaderElection (LeaderElection.java:askForVotes(178)) - 1f17fae6-ef42-4b5f-b929-258c4df74eb0@group-E7DF167351A9-LeaderElection68: begin an election at term 3 for -1: [1f17fae6-ef42-4b5f-b929-258c4df74eb0:192.168.157.194:44377, 0b8c2274-85ff-4b39-8671-ec8be5904baa:192.168.157.194:34392, c40a56fe-5273-466a-9f61-79febf43aa6a:192.168.157.194:45340], old=null
2019-11-14 17:36:48,376 [785a1b68-bc50-461a-9c66-217454b39c0f@group-54586048B429-SegmentedRaftLogWorker] ERROR ratis.XceiverServerRatis (XceiverServerRatis.java:triggerPipelineClose(584)) - pipeline Action CLOSE  on pipeline PipelineID=5c1052a8-6c13-4872-ae28-54586048b429.Reason : WriteLog:1: (t:1, i:1), STATEMACHINELOGENTRY, client-95CBC349921B, cid=85-writeStateMachineData interrupted.
2019-11-14 17:36:48,385 [grpc-default-executor-3] INFO  segmented.SegmentedRaftLogWorker (SegmentedRaftLogWorker.java:close(224)) - 785a1b68-bc50-461a-9c66-217454b39c0f@group-54586048B429-SegmentedRaftLogWorker close()
2019-11-14 17:36:48,387 [0b8c2274-85ff-4b39-8671-ec8be5904baa@group-E7DF167351A9-LeaderElection69] INFO  impl.LeaderElection (LeaderElection.java:askForVotes(178)) - 0b8c2274-85ff-4b39-8671-ec8be5904baa@group-E7DF167351A9-LeaderElection69: begin an election at term 3 for 0: [1f17fae6-ef42-4b5f-b929-258c4df74eb0:192.168.157.194:44377, 0b8c2274-85ff-4b39-8671-ec8be5904baa:192.168.157.194:34392, c40a56fe-5273-466a-9f61-79febf43aa6a:192.168.157.194:45340], old=null
2019-11-14 17:36:48,388 [grpc-default-executor-2] INFO  impl.RaftServerImpl (RaftServerImpl.java:setRole(173)) - c40a56fe-5273-466a-9f61-79febf43aa6a@group-E7DF167351A9: changes role from  FOLLOWER to FOLLOWER at term 3 for recognizeCandidate:1f17fae6-ef42-4b5f-b929-258c4df74eb0
2019-11-14 17:36:48,388 [grpc-default-executor-2] INFO  impl.RoleInfo (RoleInfo.java:shutdownFollowerState(121)) - c40a56fe-5273-466a-9f61-79febf43aa6a: shutdown FollowerState
2019-11-14 17:36:48,388 [Thread-1354] INFO  impl.FollowerState (FollowerState.java:run(120)) - c40a56fe-5273-466a-9f61-79febf43aa6a@group-E7DF167351A9-FollowerState was interrupted: java.lang.InterruptedException: sleep interrupted
2019-11-14 17:36:48,388 [grpc-default-executor-2] INFO  impl.RoleInfo (RoleInfo.java:updateAndGet(143)) - c40a56fe-5273-466a-9f61-79febf43aa6a: start FollowerState
2019-11-14 17:36:48,389 [EventQueue-PipelineActionsForPipelineActionHandler] ERROR pipeline.PipelineActionHandler (PipelineActionHandler.java:onMessage(60)) - Received pipeline action CLOSE for Pipeline[ Id: 5c1052a8-6c13-4872-ae28-54586048b429, Nodes: 785a1b68-bc50-461a-9c66-217454b39c0f{ip: 192.168.157.194, host: pr-hdds-2482-j87dr-2776293630, networkLocation: /rack1, certSerialId: null}a3b153ef-1e94-4227-8997-77072f34e630{ip: 192.168.157.194, host: pr-hdds-2482-j87dr-2776293630, networkLocation: /rack1, certSerialId: null}55ab2526-4f89-4bd2-9902-395461fa7031{ip: 192.168.157.194, host: pr-hdds-2482-j87dr-2776293630, networkLocation: /rack1, certSerialId: null}, Type:RATIS, Factor:THREE, State:CLOSED] from datanode 785a1b68-bc50-461a-9c66-217454b39c0f{ip: 192.168.157.194, host: pr-hdds-2482-j87dr-2776293630, networkLocation: /rack1, certSerialId: null}. Reason : WriteLog:1: (t:1, i:1), STATEMACHINELOGENTRY, client-95CBC349921B, cid=85-writeStateMachineData interrupted.
2019-11-14 17:36:48,389 [EventQueue-PipelineActionsForPipelineActionHandler] INFO  pipeline.SCMPipelineManager (SCMPipelineManager.java:finalizeAndDestroyPipeline(315)) - destroying pipeline:Pipeline[ Id: 5c1052a8-6c13-4872-ae28-54586048b429, Nodes: 785a1b68-bc50-461a-9c66-217454b39c0f{ip: 192.168.157.194, host: pr-hdds-2482-j87dr-2776293630, networkLocation: /rack1, certSerialId: null}a3b153ef-1e94-4227-8997-77072f34e630{ip: 192.168.157.194, host: pr-hdds-2482-j87dr-2776293630, networkLocation: /rack1, certSerialId: null}55ab2526-4f89-4bd2-9902-395461fa7031{ip: 192.168.157.194, host: pr-hdds-2482-j87dr-2776293630, networkLocation: /rack1, certSerialId: null}, Type:RATIS, Factor:THREE, State:CLOSED]
2019-11-14 17:36:48,404 [grpc-default-executor-3] INFO  impl.RaftServerProxy (RaftServerProxy.java:remove(95)) - a3b153ef-1e94-4227-8997-77072f34e630: remove  FOLLOWER a3b153ef-1e94-4227-8997-77072f34e630@group-54586048B429:t1, leader=785a1b68-bc50-461a-9c66-217454b39c0f, voted=785a1b68-bc50-461a-9c66-217454b39c0f, raftlog=a3b153ef-1e94-4227-8997-77072f34e630@group-54586048B429-SegmentedRaftLog:OPENED:c0,f0,i2, conf=0: [55ab2526-4f89-4bd2-9902-395461fa7031:192.168.157.194:41123, 785a1b68-bc50-461a-9c66-217454b39c0f:192.168.157.194:36611, a3b153ef-1e94-4227-8997-77072f34e630:192.168.157.194:41542], old=null RUNNING
2019-11-14 17:36:48,404 [grpc-default-executor-3] INFO  impl.RaftServerImpl (RaftServerImpl.java:lambda$shutdown$3(250)) - a3b153ef-1e94-4227-8997-77072f34e630@group-54586048B429: shutdown
2019-11-14 17:36:48,405 [grpc-default-executor-3] INFO  util.JmxRegister (JmxRegister.java:unregister(73)) - Successfully un-registered JMX Bean with object name Ratis:service=RaftServer,group=group-54586048B429,id=a3b153ef-1e94-4227-8997-77072f34e630
2019-11-14 17:36:48,405 [grpc-default-executor-3] INFO  impl.RoleInfo (RoleInfo.java:shutdownFollowerState(121)) - a3b153ef-1e94-4227-8997-77072f34e630: shutdown FollowerState
2019-11-14 17:36:48,405 [grpc-default-executor-3] INFO  impl.StateMachineUpdater (StateMachineUpdater.java:stopAndJoin(136)) - a3b153ef-1e94-4227-8997-77072f34e630@group-54586048B429-StateMachineUpdater: set stopIndex = 0
2019-11-14 17:36:48,405 [Thread-1334] INFO  impl.FollowerState (FollowerState.java:run(120)) - a3b153ef-1e94-4227-8997-77072f34e630@group-54586048B429-FollowerState was interrupted: java.lang.InterruptedException: sleep interrupted
2019-11-14 17:36:48,405 [grpc-default-executor-3] INFO  impl.RaftServerImpl (ServerState.java:close(387)) - a3b153ef-1e94-4227-8997-77072f34e630@group-54586048B429: closes. applyIndex: 0
2019-11-14 17:36:48,407 [a3b153ef-1e94-4227-8997-77072f34e630@group-54586048B429-SegmentedRaftLogWorker] ERROR ratis.XceiverServerRatis (XceiverServerRatis.java:triggerPipelineClose(584)) - pipeline Action CLOSE  on pipeline PipelineID=5c1052a8-6c13-4872-ae28-54586048b429.Reason : WriteLog:1: (t:1, i:1), STATEMACHINELOGENTRY, client-95CBC349921B, cid=85-writeStateMachineData interrupted.
2019-11-14 17:36:48,408 [grpc-default-executor-3] INFO  segmented.SegmentedRaftLogWorker (SegmentedRaftLogWorker.java:close(224)) - a3b153ef-1e94-4227-8997-77072f34e630@group-54586048B429-SegmentedRaftLogWorker close()
2019-11-14 17:36:48,410 [EventQueue-PipelineActionsForPipelineActionHandler] ERROR pipeline.PipelineActionHandler (PipelineActionHandler.java:onMessage(60)) - Received pipeline action CLOSE for Pipeline[ Id: 5c1052a8-6c13-4872-ae28-54586048b429, Nodes: 785a1b68-bc50-461a-9c66-217454b39c0f{ip: 192.168.157.194, host: pr-hdds-2482-j87dr-2776293630, networkLocation: /rack1, certSerialId: null}a3b153ef-1e94-4227-8997-77072f34e630{ip: 192.168.157.194, host: pr-hdds-2482-j87dr-2776293630, networkLocation: /rack1, certSerialId: null}55ab2526-4f89-4bd2-9902-395461fa7031{ip: 192.168.157.194, host: pr-hdds-2482-j87dr-2776293630, networkLocation: /rack1, certSerialId: null}, Type:RATIS, Factor:THREE, State:CLOSED] from datanode a3b153ef-1e94-4227-8997-77072f34e630{ip: 192.168.157.194, host: pr-hdds-2482-j87dr-2776293630, networkLocation: /rack1, certSerialId: null}. Reason : WriteLog:1: (t:1, i:1), STATEMACHINELOGENTRY, client-95CBC349921B, cid=85-writeStateMachineData interrupted.
2019-11-14 17:36:48,410 [EventQueue-PipelineActionsForPipelineActionHandler] INFO  pipeline.SCMPipelineManager (SCMPipelineManager.java:finalizeAndDestroyPipeline(315)) - destroying pipeline:Pipeline[ Id: 5c1052a8-6c13-4872-ae28-54586048b429, Nodes: 785a1b68-bc50-461a-9c66-217454b39c0f{ip: 192.168.157.194, host: pr-hdds-2482-j87dr-2776293630, networkLocation: /rack1, certSerialId: null}a3b153ef-1e94-4227-8997-77072f34e630{ip: 192.168.157.194, host: pr-hdds-2482-j87dr-2776293630, networkLocation: /rack1, certSerialId: null}55ab2526-4f89-4bd2-9902-395461fa7031{ip: 192.168.157.194, host: pr-hdds-2482-j87dr-2776293630, networkLocation: /rack1, certSerialId: null}, Type:RATIS, Factor:THREE, State:CLOSED]
2019-11-14 17:36:48,417 [grpc-default-executor-3] INFO  impl.RaftServerProxy (RaftServerProxy.java:remove(95)) - 55ab2526-4f89-4bd2-9902-395461fa7031: remove  FOLLOWER 55ab2526-4f89-4bd2-9902-395461fa7031@group-54586048B429:t1, leader=785a1b68-bc50-461a-9c66-217454b39c0f, voted=55ab2526-4f89-4bd2-9902-395461fa7031, raftlog=55ab2526-4f89-4bd2-9902-395461fa7031@group-54586048B429-SegmentedRaftLog:OPENED:c0,f0,i2, conf=0: [55ab2526-4f89-4bd2-9902-395461fa7031:192.168.157.194:41123, 785a1b68-bc50-461a-9c66-217454b39c0f:192.168.157.194:36611, a3b153ef-1e94-4227-8997-77072f34e630:192.168.157.194:41542], old=null RUNNING
2019-11-14 17:36:48,417 [grpc-default-executor-3] INFO  impl.RaftServerImpl (RaftServerImpl.java:lambda$shutdown$3(250)) - 55ab2526-4f89-4bd2-9902-395461fa7031@group-54586048B429: shutdown
2019-11-14 17:36:48,417 [grpc-default-executor-3] INFO  util.JmxRegister (JmxRegister.java:unregister(73)) - Successfully un-registered JMX Bean with object name Ratis:service=RaftServer,group=group-54586048B429,id=55ab2526-4f89-4bd2-9902-395461fa7031
2019-11-14 17:36:48,417 [grpc-default-executor-3] INFO  impl.RoleInfo (RoleInfo.java:shutdownFollowerState(121)) - 55ab2526-4f89-4bd2-9902-395461fa7031: shutdown FollowerState
2019-11-14 17:36:48,417 [grpc-default-executor-3] INFO  impl.StateMachineUpdater (StateMachineUpdater.java:stopAndJoin(136)) - 55ab2526-4f89-4bd2-9902-395461fa7031@group-54586048B429-StateMachineUpdater: set stopIndex = 0
2019-11-14 17:36:48,418 [Thread-1341] INFO  impl.FollowerState (FollowerState.java:run(120)) - 55ab2526-4f89-4bd2-9902-395461fa7031@group-54586048B429-FollowerState was interrupted: java.lang.InterruptedException: sleep interrupted
2019-11-14 17:36:48,418 [grpc-default-executor-3] INFO  impl.RaftServerImpl (ServerState.java:close(387)) - 55ab2526-4f89-4bd2-9902-395461fa7031@group-54586048B429: closes. applyIndex: 0
2019-11-14 17:36:48,420 [55ab2526-4f89-4bd2-9902-395461fa7031@group-54586048B429-SegmentedRaftLogWorker] ERROR ratis.XceiverServerRatis (XceiverServerRatis.java:triggerPipelineClose(584)) - pipeline Action CLOSE  on pipeline PipelineID=5c1052a8-6c13-4872-ae28-54586048b429.Reason : WriteLog:1: (t:1, i:1), STATEMACHINELOGENTRY, client-95CBC349921B, cid=85-writeStateMachineData interrupted.
2019-11-14 17:36:48,420 [grpc-default-executor-3] INFO  segmented.SegmentedRaftLogWorker (SegmentedRaftLogWorker.java:close(224)) - 55ab2526-4f89-4bd2-9902-395461fa7031@group-54586048B429-SegmentedRaftLogWorker close()
2019-11-14 17:36:48,424 [EventQueue-PipelineActionsForPipelineActionHandler] ERROR pipeline.PipelineActionHandler (PipelineActionHandler.java:onMessage(60)) - Received pipeline action CLOSE for Pipeline[ Id: 5c1052a8-6c13-4872-ae28-54586048b429, Nodes: 785a1b68-bc50-461a-9c66-217454b39c0f{ip: 192.168.157.194, host: pr-hdds-2482-j87dr-2776293630, networkLocation: /rack1, certSerialId: null}a3b153ef-1e94-4227-8997-77072f34e630{ip: 192.168.157.194, host: pr-hdds-2482-j87dr-2776293630, networkLocation: /rack1, certSerialId: null}55ab2526-4f89-4bd2-9902-395461fa7031{ip: 192.168.157.194, host: pr-hdds-2482-j87dr-2776293630, networkLocation: /rack1, certSerialId: null}, Type:RATIS, Factor:THREE, State:CLOSED] from datanode 55ab2526-4f89-4bd2-9902-395461fa7031{ip: 192.168.157.194, host: pr-hdds-2482-j87dr-2776293630, networkLocation: /rack1, certSerialId: null}. Reason : WriteLog:1: (t:1, i:1), STATEMACHINELOGENTRY, client-95CBC349921B, cid=85-writeStateMachineData interrupted.
2019-11-14 17:36:48,424 [EventQueue-PipelineActionsForPipelineActionHandler] INFO  pipeline.SCMPipelineManager (SCMPipelineManager.java:finalizeAndDestroyPipeline(315)) - destroying pipeline:Pipeline[ Id: 5c1052a8-6c13-4872-ae28-54586048b429, Nodes: 785a1b68-bc50-461a-9c66-217454b39c0f{ip: 192.168.157.194, host: pr-hdds-2482-j87dr-2776293630, networkLocation: /rack1, certSerialId: null}a3b153ef-1e94-4227-8997-77072f34e630{ip: 192.168.157.194, host: pr-hdds-2482-j87dr-2776293630, networkLocation: /rack1, certSerialId: null}55ab2526-4f89-4bd2-9902-395461fa7031{ip: 192.168.157.194, host: pr-hdds-2482-j87dr-2776293630, networkLocation: /rack1, certSerialId: null}, Type:RATIS, Factor:THREE, State:CLOSED]
2019-11-14 17:36:48,426 [Thread-1235] INFO  pipeline.PipelineStateManager (PipelineStateManager.java:removePipeline(106)) - Pipeline Pipeline[ Id: 5c1052a8-6c13-4872-ae28-54586048b429, Nodes: 785a1b68-bc50-461a-9c66-217454b39c0f{ip: 192.168.157.194, host: pr-hdds-2482-j87dr-2776293630, networkLocation: /rack1, certSerialId: null}a3b153ef-1e94-4227-8997-77072f34e630{ip: 192.168.157.194, host: pr-hdds-2482-j87dr-2776293630, networkLocation: /rack1, certSerialId: null}55ab2526-4f89-4bd2-9902-395461fa7031{ip: 192.168.157.194, host: pr-hdds-2482-j87dr-2776293630, networkLocation: /rack1, certSerialId: null}, Type:RATIS, Factor:THREE, State:CLOSED] removed from db
2019-11-14 17:36:48,426 [Thread-1235] INFO  pipeline.SCMPipelineManager (SCMPipelineManager.java:finalizeAndDestroyPipeline(315)) - destroying pipeline:Pipeline[ Id: f0db1587-cf63-4918-a034-27f0209b9491, Nodes: f5a4bf5a-4195-495f-81ba-193832aea29d{ip: 192.168.157.194, host: pr-hdds-2482-j87dr-2776293630, networkLocation: /rack1, certSerialId: null}7dd38d19-97a5-42cf-8254-8fed67def3f2{ip: 192.168.157.194, host: pr-hdds-2482-j87dr-2776293630, networkLocation: /rack1, certSerialId: null}b2e3cdb6-e490-4d5b-a0a3-6f5ff6451210{ip: 192.168.157.194, host: pr-hdds-2482-j87dr-2776293630, networkLocation: /rack1, certSerialId: null}, Type:RATIS, Factor:THREE, State:OPEN]
2019-11-14 17:36:48,431 [grpc-default-executor-6] INFO  impl.RaftServerProxy (RaftServerProxy.java:addNew(89)) - a3b153ef-1e94-4227-8997-77072f34e630: addNew group-7B1089351A69:[55ab2526-4f89-4bd2-9902-395461fa7031:192.168.157.194:41123, 785a1b68-bc50-461a-9c66-217454b39c0f:192.168.157.194:36611, a3b153ef-1e94-4227-8997-77072f34e630:192.168.157.194:41542] returns group-7B1089351A69:java.util.concurrent.CompletableFuture@19716835[Not completed]
2019-11-14 17:36:48,431 [grpc-default-executor-3] INFO  impl.RaftServerProxy (RaftServerProxy.java:addNew(89)) - 55ab2526-4f89-4bd2-9902-395461fa7031: addNew group-7B1089351A69:[55ab2526-4f89-4bd2-9902-395461fa7031:192.168.157.194:41123, 785a1b68-bc50-461a-9c66-217454b39c0f:192.168.157.194:36611, a3b153ef-1e94-4227-8997-77072f34e630:192.168.157.194:41542] returns group-7B1089351A69:java.util.concurrent.CompletableFuture@62a4098a[Not completed]
2019-11-14 17:36:48,431 [grpc-default-executor-4] INFO  impl.RaftServerProxy (RaftServerProxy.java:addNew(89)) - 785a1b68-bc50-461a-9c66-217454b39c0f: addNew group-7B1089351A69:[55ab2526-4f89-4bd2-9902-395461fa7031:192.168.157.194:41123, 785a1b68-bc50-461a-9c66-217454b39c0f:192.168.157.194:36611, a3b153ef-1e94-4227-8997-77072f34e630:192.168.157.194:41542] returns group-7B1089351A69:java.util.concurrent.CompletableFuture@948cc82[Not completed]
2019-11-14 17:36:48,432 [pool-189-thread-1] INFO  impl.RaftServerImpl (RaftServerImpl.java:<init>(98)) - a3b153ef-1e94-4227-8997-77072f34e630: new RaftServerImpl for group-7B1089351A69:[55ab2526-4f89-4bd2-9902-395461fa7031:192.168.157.194:41123, 785a1b68-bc50-461a-9c66-217454b39c0f:192.168.157.194:36611, a3b153ef-1e94-4227-8997-77072f34e630:192.168.157.194:41542] with ContainerStateMachine:uninitialized
2019-11-14 17:36:48,432 [grpc-default-executor-5] INFO  impl.RaftServerImpl (RaftServerImpl.java:setRole(173)) - c40a56fe-5273-466a-9f61-79febf43aa6a@group-E7DF167351A9: changes role from  FOLLOWER to FOLLOWER at term 3 for recognizeCandidate:0b8c2274-85ff-4b39-8671-ec8be5904baa
2019-11-14 17:36:48,432 [pool-189-thread-1] INFO  server.RaftServerConfigKeys (ConfUtils.java:logGet(43)) - raft.server.rpc.timeout.min = 1s (custom)
2019-11-14 17:36:48,432 [grpc-default-executor-5] INFO  impl.RoleInfo (RoleInfo.java:shutdownFollowerState(121)) - c40a56fe-5273-466a-9f61-79febf43aa6a: shutdown FollowerState
2019-11-14 17:36:48,432 [pool-189-thread-1] INFO  server.RaftServerConfigKeys (ConfUtils.java:logGet(43)) - raft.server.rpc.timeout.max = 1200ms (custom)
2019-11-14 17:36:48,432 [Thread-1390] INFO  impl.FollowerState (FollowerState.java:run(120)) - c40a56fe-5273-466a-9f61-79febf43aa6a@group-E7DF167351A9-FollowerState was interrupted: java.lang.InterruptedException: sleep interrupted
2019-11-14 17:36:48,432 [grpc-default-executor-5] INFO  impl.RoleInfo (RoleInfo.java:updateAndGet(143)) - c40a56fe-5273-466a-9f61-79febf43aa6a: start FollowerState
2019-11-14 17:36:48,432 [pool-239-thread-1] INFO  impl.RaftServerImpl (RaftServerImpl.java:<init>(98)) - 785a1b68-bc50-461a-9c66-217454b39c0f: new RaftServerImpl for group-7B1089351A69:[55ab2526-4f89-4bd2-9902-395461fa7031:192.168.157.194:41123, 785a1b68-bc50-461a-9c66-217454b39c0f:192.168.157.194:36611, a3b153ef-1e94-4227-8997-77072f34e630:192.168.157.194:41542] with ContainerStateMachine:uninitialized
2019-11-14 17:36:48,432 [pool-189-thread-1] INFO  server.RaftServerConfigKeys (ConfUtils.java:logGet(43)) - raft.server.rpcslowness.timeout = 120s (custom)
2019-11-14 17:36:48,433 [pool-239-thread-1] INFO  server.RaftServerConfigKeys (ConfUtils.java:logGet(43)) - raft.server.rpc.timeout.min = 1s (custom)
2019-11-14 17:36:48,433 [1f17fae6-ef42-4b5f-b929-258c4df74eb0@group-E7DF167351A9-LeaderElection68] INFO  impl.LeaderElection (LeaderElection.java:logAndReturn(56)) - 1f17fae6-ef42-4b5f-b929-258c4df74eb0@group-E7DF167351A9-LeaderElection68: Election REJECTED; received 2 response(s) [1f17fae6-ef42-4b5f-b929-258c4df74eb0<-0b8c2274-85ff-4b39-8671-ec8be5904baa#0:FAIL-t3, 1f17fae6-ef42-4b5f-b929-258c4df74eb0<-c40a56fe-5273-466a-9f61-79febf43aa6a#0:FAIL-t3] and 0 exception(s); 1f17fae6-ef42-4b5f-b929-258c4df74eb0@group-E7DF167351A9:t3, leader=null, voted=1f17fae6-ef42-4b5f-b929-258c4df74eb0, raftlog=1f17fae6-ef42-4b5f-b929-258c4df74eb0@group-E7DF167351A9-SegmentedRaftLog:OPENED:c-1,f-1,i0, conf=-1: [1f17fae6-ef42-4b5f-b929-258c4df74eb0:192.168.157.194:44377, 0b8c2274-85ff-4b39-8671-ec8be5904baa:192.168.157.194:34392, c40a56fe-5273-466a-9f61-79febf43aa6a:192.168.157.194:45340], old=null
2019-11-14 17:36:48,433 [pool-239-thread-1] INFO  server.RaftServerConfigKeys (ConfUtils.java:logGet(43)) - raft.server.rpc.timeout.max = 1200ms (custom)
2019-11-14 17:36:48,433 [pool-189-thread-1] INFO  server.RaftServerConfigKeys (ConfUtils.java:logGet(43)) - raft.server.sleep.deviation.threshold = 300 (default)
2019-11-14 17:36:48,433 [pool-239-thread-1] INFO  server.RaftServerConfigKeys (ConfUtils.java:logGet(43)) - raft.server.rpcslowness.timeout = 120s (custom)
2019-11-14 17:36:48,433 [1f17fae6-ef42-4b5f-b929-258c4df74eb0@group-E7DF167351A9-LeaderElection68] INFO  impl.RaftServerImpl (RaftServerImpl.java:setRole(173)) - 1f17fae6-ef42-4b5f-b929-258c4df74eb0@group-E7DF167351A9: changes role from CANDIDATE to FOLLOWER at term 3 for DISCOVERED_A_NEW_TERM
2019-11-14 17:36:48,433 [pool-239-thread-1] INFO  server.RaftServerConfigKeys (ConfUtils.java:logGet(43)) - raft.server.sleep.deviation.threshold = 300 (default)
2019-11-14 17:36:48,433 [pool-179-thread-1] INFO  impl.RaftServerImpl (RaftServerImpl.java:<init>(98)) - 55ab2526-4f89-4bd2-9902-395461fa7031: new RaftServerImpl for group-7B1089351A69:[55ab2526-4f89-4bd2-9902-395461fa7031:192.168.157.194:41123, 785a1b68-bc50-461a-9c66-217454b39c0f:192.168.157.194:36611, a3b153ef-1e94-4227-8997-77072f34e630:192.168.157.194:41542] with ContainerStateMachine:uninitialized
2019-11-14 17:36:48,433 [pool-189-thread-1] INFO  server.RaftServerConfigKeys (ConfUtils.java:logGet(43)) - raft.server.log.appender.install.snapshot.enabled = false (custom)
2019-11-14 17:36:48,434 [pool-179-thread-1] INFO  server.RaftServerConfigKeys (ConfUtils.java:logGet(43)) - raft.server.rpc.timeout.min = 1s (custom)
2019-11-14 17:36:48,434 [pool-239-thread-1] INFO  server.RaftServerConfigKeys (ConfUtils.java:logGet(43)) - raft.server.log.appender.install.snapshot.enabled = false (custom)
2019-11-14 17:36:48,433 [1f17fae6-ef42-4b5f-b929-258c4df74eb0@group-E7DF167351A9-LeaderElection68] INFO  impl.RoleInfo (RoleInfo.java:shutdownLeaderElection(134)) - 1f17fae6-ef42-4b5f-b929-258c4df74eb0: shutdown LeaderElection
2019-11-14 17:36:48,434 [pool-239-thread-1] INFO  impl.RaftServerImpl (ServerState.java:<init>(103)) - 785a1b68-bc50-461a-9c66-217454b39c0f@group-7B1089351A69: ConfigurationManager, init=-1: [55ab2526-4f89-4bd2-9902-395461fa7031:192.168.157.194:41123, 785a1b68-bc50-461a-9c66-217454b39c0f:192.168.157.194:36611, a3b153ef-1e94-4227-8997-77072f34e630:192.168.157.194:41542], old=null, confs=<EMPTY_MAP>
2019-11-14 17:36:48,434 [pool-179-thread-1] INFO  server.RaftServerConfigKeys (ConfUtils.java:logGet(43)) - raft.server.rpc.timeout.max = 1200ms (custom)
2019-11-14 17:36:48,434 [pool-189-thread-1] INFO  impl.RaftServerImpl (ServerState.java:<init>(103)) - a3b153ef-1e94-4227-8997-77072f34e630@group-7B1089351A69: ConfigurationManager, init=-1: [55ab2526-4f89-4bd2-9902-395461fa7031:192.168.157.194:41123, 785a1b68-bc50-461a-9c66-217454b39c0f:192.168.157.194:36611, a3b153ef-1e94-4227-8997-77072f34e630:192.168.157.194:41542], old=null, confs=<EMPTY_MAP>
2019-11-14 17:36:48,434 [pool-179-thread-1] INFO  server.RaftServerConfigKeys (ConfUtils.java:logGet(43)) - raft.server.rpcslowness.timeout = 120s (custom)
2019-11-14 17:36:48,434 [pool-239-thread-1] INFO  server.RaftServerConfigKeys (ConfUtils.java:logGet(43)) - raft.server.storage.dir = [/workdir/hadoop-ozone/integration-test/target/test-dir/MiniOzoneClusterImpl-22bbe08b-7feb-4e26-8434-b505ec12d921/datanode-9/data/ratis] (custom)
2019-11-14 17:36:48,434 [1f17fae6-ef42-4b5f-b929-258c4df74eb0@group-E7DF167351A9-LeaderElection68] INFO  impl.RoleInfo (RoleInfo.java:updateAndGet(143)) - 1f17fae6-ef42-4b5f-b929-258c4df74eb0: start FollowerState
2019-11-14 17:36:48,435 [pool-179-thread-1] INFO  server.RaftServerConfigKeys (ConfUtils.java:logGet(43)) - raft.server.sleep.deviation.threshold = 300 (default)
2019-11-14 17:36:48,434 [pool-189-thread-1] INFO  server.RaftServerConfigKeys (ConfUtils.java:logGet(43)) - raft.server.storage.dir = [/workdir/hadoop-ozone/integration-test/target/test-dir/MiniOzoneClusterImpl-22bbe08b-7feb-4e26-8434-b505ec12d921/datanode-4/data/ratis] (custom)
2019-11-14 17:36:48,435 [pool-179-thread-1] INFO  server.RaftServerConfigKeys (ConfUtils.java:logGet(43)) - raft.server.log.appender.install.snapshot.enabled = false (custom)
2019-11-14 17:36:48,435 [pool-189-thread-1] INFO  server.RaftServerConfigKeys (ConfUtils.java:logGet(43)) - raft.server.log.corruption.policy = EXCEPTION (default)
2019-11-14 17:36:48,435 [pool-239-thread-1] INFO  server.RaftServerConfigKeys (ConfUtils.java:logGet(43)) - raft.server.log.corruption.policy = EXCEPTION (default)
2019-11-14 17:36:48,435 [pool-179-thread-1] INFO  impl.RaftServerImpl (ServerState.java:<init>(103)) - 55ab2526-4f89-4bd2-9902-395461fa7031@group-7B1089351A69: ConfigurationManager, init=-1: [55ab2526-4f89-4bd2-9902-395461fa7031:192.168.157.194:41123, 785a1b68-bc50-461a-9c66-217454b39c0f:192.168.157.194:36611, a3b153ef-1e94-4227-8997-77072f34e630:192.168.157.194:41542], old=null, confs=<EMPTY_MAP>
2019-11-14 17:36:48,435 [pool-239-thread-1] INFO  storage.RaftStorageDirectory (RaftStorageDirectory.java:analyzeStorage(246)) - The storage directory /workdir/hadoop-ozone/integration-test/target/test-dir/MiniOzoneClusterImpl-22bbe08b-7feb-4e26-8434-b505ec12d921/datanode-9/data/ratis/e83d3eaf-b519-45db-9f78-7b1089351a69 does not exist. Creating ...
2019-11-14 17:36:48,435 [pool-189-thread-1] INFO  storage.RaftStorageDirectory (RaftStorageDirectory.java:analyzeStorage(246)) - The storage directory /workdir/hadoop-ozone/integration-test/target/test-dir/MiniOzoneClusterImpl-22bbe08b-7feb-4e26-8434-b505ec12d921/datanode-4/data/ratis/e83d3eaf-b519-45db-9f78-7b1089351a69 does not exist. Creating ...
2019-11-14 17:36:48,435 [pool-179-thread-1] INFO  server.RaftServerConfigKeys (ConfUtils.java:logGet(43)) - raft.server.storage.dir = [/workdir/hadoop-ozone/integration-test/target/test-dir/MiniOzoneClusterImpl-22bbe08b-7feb-4e26-8434-b505ec12d921/datanode-3/data/ratis] (custom)
2019-11-14 17:36:48,436 [pool-179-thread-1] INFO  server.RaftServerConfigKeys (ConfUtils.java:logGet(43)) - raft.server.log.corruption.policy = EXCEPTION (default)
2019-11-14 17:36:48,436 [pool-179-thread-1] INFO  storage.RaftStorageDirectory (RaftStorageDirectory.java:analyzeStorage(246)) - The storage directory /workdir/hadoop-ozone/integration-test/target/test-dir/MiniOzoneClusterImpl-22bbe08b-7feb-4e26-8434-b505ec12d921/datanode-3/data/ratis/e83d3eaf-b519-45db-9f78-7b1089351a69 does not exist. Creating ...
2019-11-14 17:36:48,444 [Command processor thread] ERROR commandhandler.CloseContainerCommandHandler (CloseContainerCommandHandler.java:handle(84)) - Container #1 does not exist in datanode. Container close failed.
2019-11-14 17:36:48,458 [pool-239-thread-1] INFO  storage.RaftStorageDirectory (RaftStorageDirectory.java:tryLock(328)) - Lock on /workdir/hadoop-ozone/integration-test/target/test-dir/MiniOzoneClusterImpl-22bbe08b-7feb-4e26-8434-b505ec12d921/datanode-9/data/ratis/e83d3eaf-b519-45db-9f78-7b1089351a69/in_use.lock acquired by nodename 10142@pr-hdds-2482-j87dr-2776293630
2019-11-14 17:36:48,458 [pool-189-thread-1] INFO  storage.RaftStorageDirectory (RaftStorageDirectory.java:tryLock(328)) - Lock on /workdir/hadoop-ozone/integration-test/target/test-dir/MiniOzoneClusterImpl-22bbe08b-7feb-4e26-8434-b505ec12d921/datanode-4/data/ratis/e83d3eaf-b519-45db-9f78-7b1089351a69/in_use.lock acquired by nodename 10142@pr-hdds-2482-j87dr-2776293630
2019-11-14 17:36:48,458 [pool-179-thread-1] INFO  storage.RaftStorageDirectory (RaftStorageDirectory.java:tryLock(328)) - Lock on /workdir/hadoop-ozone/integration-test/target/test-dir/MiniOzoneClusterImpl-22bbe08b-7feb-4e26-8434-b505ec12d921/datanode-3/data/ratis/e83d3eaf-b519-45db-9f78-7b1089351a69/in_use.lock acquired by nodename 10142@pr-hdds-2482-j87dr-2776293630
2019-11-14 17:36:48,460 [0b8c2274-85ff-4b39-8671-ec8be5904baa@group-E7DF167351A9-LeaderElection69] INFO  impl.LeaderElection (LeaderElection.java:logAndReturn(56)) - 0b8c2274-85ff-4b39-8671-ec8be5904baa@group-E7DF167351A9-LeaderElection69: Election PASSED; received 2 response(s) [0b8c2274-85ff-4b39-8671-ec8be5904baa<-1f17fae6-ef42-4b5f-b929-258c4df74eb0#0:FAIL-t3, 0b8c2274-85ff-4b39-8671-ec8be5904baa<-c40a56fe-5273-466a-9f61-79febf43aa6a#0:OK-t3] and 0 exception(s); 0b8c2274-85ff-4b39-8671-ec8be5904baa@group-E7DF167351A9:t3, leader=null, voted=0b8c2274-85ff-4b39-8671-ec8be5904baa, raftlog=0b8c2274-85ff-4b39-8671-ec8be5904baa@group-E7DF167351A9-SegmentedRaftLog:OPENED:c-1,f0,i0, conf=0: [1f17fae6-ef42-4b5f-b929-258c4df74eb0:192.168.157.194:44377, 0b8c2274-85ff-4b39-8671-ec8be5904baa:192.168.157.194:34392, c40a56fe-5273-466a-9f61-79febf43aa6a:192.168.157.194:45340], old=null
2019-11-14 17:36:48,460 [0b8c2274-85ff-4b39-8671-ec8be5904baa@group-E7DF167351A9-LeaderElection69] INFO  impl.RoleInfo (RoleInfo.java:shutdownLeaderElection(134)) - 0b8c2274-85ff-4b39-8671-ec8be5904baa: shutdown LeaderElection
2019-11-14 17:36:48,460 [0b8c2274-85ff-4b39-8671-ec8be5904baa@group-E7DF167351A9-LeaderElection69] INFO  impl.RaftServerImpl (RaftServerImpl.java:setRole(173)) - 0b8c2274-85ff-4b39-8671-ec8be5904baa@group-E7DF167351A9: changes role from CANDIDATE to LEADER at term 3 for changeToLeader
2019-11-14 17:36:48,461 [0b8c2274-85ff-4b39-8671-ec8be5904baa@group-E7DF167351A9-LeaderElection69] INFO  ratis.XceiverServerRatis (XceiverServerRatis.java:handleLeaderChangedNotification(697)) - Leader change notification received for group: group-E7DF167351A9 with new leaderId: 0b8c2274-85ff-4b39-8671-ec8be5904baa
2019-11-14 17:36:48,461 [0b8c2274-85ff-4b39-8671-ec8be5904baa@group-E7DF167351A9-LeaderElection69] INFO  impl.RaftServerImpl (ServerState.java:setLeader(255)) - 0b8c2274-85ff-4b39-8671-ec8be5904baa@group-E7DF167351A9: change Leader from null to 0b8c2274-85ff-4b39-8671-ec8be5904baa at term 3 for becomeLeader, leader elected after 1211ms
2019-11-14 17:36:48,461 [0b8c2274-85ff-4b39-8671-ec8be5904baa@group-E7DF167351A9-LeaderElection69] INFO  server.RaftServerConfigKeys (ConfUtils.java:logGet(43)) - raft.server.staging.catchup.gap = 1000 (default)
2019-11-14 17:36:48,461 [0b8c2274-85ff-4b39-8671-ec8be5904baa@group-E7DF167351A9-LeaderElection69] INFO  server.RaftServerConfigKeys (ConfUtils.java:logGet(43)) - raft.server.rpc.sleep.time = 25ms (default)
2019-11-14 17:36:48,461 [0b8c2274-85ff-4b39-8671-ec8be5904baa@group-E7DF167351A9-LeaderElection69] INFO  server.RaftServerConfigKeys (ConfUtils.java:logGet(43)) - raft.server.write.element-limit = 4096 (default)
2019-11-14 17:36:48,461 [0b8c2274-85ff-4b39-8671-ec8be5904baa@group-E7DF167351A9-LeaderElection69] INFO  server.RaftServerConfigKeys (ConfUtils.java:logGet(43)) - raft.server.watch.timeout = 10s (default)
2019-11-14 17:36:48,461 [0b8c2274-85ff-4b39-8671-ec8be5904baa@group-E7DF167351A9-LeaderElection69] INFO  server.RaftServerConfigKeys (ConfUtils.java:logGet(43)) - raft.server.watch.timeout.denomination = 1s (default)
2019-11-14 17:36:48,461 [0b8c2274-85ff-4b39-8671-ec8be5904baa@group-E7DF167351A9-LeaderElection69] INFO  server.RaftServerConfigKeys (ConfUtils.java:logGet(43)) - raft.server.watch.element-limit = 65536 (default)
2019-11-14 17:36:48,462 [0b8c2274-85ff-4b39-8671-ec8be5904baa@group-E7DF167351A9-LeaderElection69] INFO  server.RaftServerConfigKeys (ConfUtils.java:logGet(43)) - raft.server.log.appender.snapshot.chunk.size.max = 16MB (=16777216) (default)
2019-11-14 17:36:48,462 [0b8c2274-85ff-4b39-8671-ec8be5904baa@group-E7DF167351A9-LeaderElection69] INFO  server.RaftServerConfigKeys (ConfUtils.java:logGet(43)) - raft.server.log.appender.buffer.byte-limit = 33554432 (custom)
2019-11-14 17:36:48,462 [0b8c2274-85ff-4b39-8671-ec8be5904baa@group-E7DF167351A9-LeaderElection69] INFO  server.RaftServerConfigKeys (ConfUtils.java:logGet(43)) - raft.server.log.appender.buffer.element-limit = 1 (custom)
2019-11-14 17:36:48,462 [0b8c2274-85ff-4b39-8671-ec8be5904baa@group-E7DF167351A9-LeaderElection69] INFO  grpc.GrpcConfigKeys$Server (ConfUtils.java:logGet(43)) - raft.grpc.server.leader.outstanding.appends.max = 128 (default)
2019-11-14 17:36:48,462 [0b8c2274-85ff-4b39-8671-ec8be5904baa@group-E7DF167351A9-LeaderElection69] INFO  server.RaftServerConfigKeys (ConfUtils.java:logGet(43)) - raft.server.rpc.request.timeout = 3000ms (default)
2019-11-14 17:36:48,462 [0b8c2274-85ff-4b39-8671-ec8be5904baa@group-E7DF167351A9-LeaderElection69] INFO  server.RaftServerConfigKeys (ConfUtils.java:logGet(43)) - raft.server.log.appender.install.snapshot.enabled = false (custom)
2019-11-14 17:36:48,462 [0b8c2274-85ff-4b39-8671-ec8be5904baa@group-E7DF167351A9-LeaderElection69] INFO  server.RaftServerConfigKeys (ConfUtils.java:logGet(43)) - raft.server.log.appender.snapshot.chunk.size.max = 16MB (=16777216) (default)
2019-11-14 17:36:48,462 [0b8c2274-85ff-4b39-8671-ec8be5904baa@group-E7DF167351A9-LeaderElection69] INFO  server.RaftServerConfigKeys (ConfUtils.java:logGet(43)) - raft.server.log.appender.buffer.byte-limit = 33554432 (custom)
2019-11-14 17:36:48,462 [0b8c2274-85ff-4b39-8671-ec8be5904baa@group-E7DF167351A9-LeaderElection69] INFO  server.RaftServerConfigKeys (ConfUtils.java:logGet(43)) - raft.server.log.appender.buffer.element-limit = 1 (custom)
2019-11-14 17:36:48,463 [0b8c2274-85ff-4b39-8671-ec8be5904baa@group-E7DF167351A9-LeaderElection69] INFO  grpc.GrpcConfigKeys$Server (ConfUtils.java:logGet(43)) - raft.grpc.server.leader.outstanding.appends.max = 128 (default)
2019-11-14 17:36:48,463 [0b8c2274-85ff-4b39-8671-ec8be5904baa@group-E7DF167351A9-LeaderElection69] INFO  server.RaftServerConfigKeys (ConfUtils.java:logGet(43)) - raft.server.rpc.request.timeout = 3000ms (default)
2019-11-14 17:36:48,463 [0b8c2274-85ff-4b39-8671-ec8be5904baa@group-E7DF167351A9-LeaderElection69] INFO  server.RaftServerConfigKeys (ConfUtils.java:logGet(43)) - raft.server.log.appender.install.snapshot.enabled = false (custom)
2019-11-14 17:36:48,463 [0b8c2274-85ff-4b39-8671-ec8be5904baa@group-E7DF167351A9-LeaderElection69] INFO  impl.RoleInfo (RoleInfo.java:updateAndGet(143)) - 0b8c2274-85ff-4b39-8671-ec8be5904baa: start LeaderState
2019-11-14 17:36:48,463 [0b8c2274-85ff-4b39-8671-ec8be5904baa@group-E7DF167351A9-LeaderElection69] INFO  segmented.SegmentedRaftLogWorker (SegmentedRaftLogWorker.java:rollLogSegment(390)) - 0b8c2274-85ff-4b39-8671-ec8be5904baa@group-E7DF167351A9-SegmentedRaftLogWorker: Rolling segment log-0_0 to index:0
2019-11-14 17:36:48,465 [0b8c2274-85ff-4b39-8671-ec8be5904baa@group-E7DF167351A9-LeaderElection69] INFO  impl.RaftServerImpl (ServerState.java:setRaftConf(356)) - 0b8c2274-85ff-4b39-8671-ec8be5904baa@group-E7DF167351A9: set configuration 1: [1f17fae6-ef42-4b5f-b929-258c4df74eb0:192.168.157.194:44377, 0b8c2274-85ff-4b39-8671-ec8be5904baa:192.168.157.194:34392, c40a56fe-5273-466a-9f61-79febf43aa6a:192.168.157.194:45340], old=null at 1
2019-11-14 17:36:48,466 [grpc-default-executor-5] INFO  ratis.XceiverServerRatis (XceiverServerRatis.java:handleLeaderChangedNotification(697)) - Leader change notification received for group: group-E7DF167351A9 with new leaderId: 0b8c2274-85ff-4b39-8671-ec8be5904baa
2019-11-14 17:36:48,466 [grpc-default-executor-5] INFO  impl.RaftServerImpl (ServerState.java:setLeader(255)) - c40a56fe-5273-466a-9f61-79febf43aa6a@group-E7DF167351A9: change Leader from null to 0b8c2274-85ff-4b39-8671-ec8be5904baa at term 3 for appendEntries, leader elected after 1176ms
2019-11-14 17:36:48,466 [grpc-default-executor-2] INFO  ratis.XceiverServerRatis (XceiverServerRatis.java:handleLeaderChangedNotification(697)) - Leader change notification received for group: group-E7DF167351A9 with new leaderId: 0b8c2274-85ff-4b39-8671-ec8be5904baa
2019-11-14 17:36:48,467 [grpc-default-executor-2] INFO  impl.RaftServerImpl (ServerState.java:setLeader(255)) - 1f17fae6-ef42-4b5f-b929-258c4df74eb0@group-E7DF167351A9: change Leader from null to 0b8c2274-85ff-4b39-8671-ec8be5904baa at term 3 for appendEntries, leader elected after 2402ms
2019-11-14 17:36:48,467 [grpc-default-executor-2] INFO  impl.RaftServerImpl (RaftServerImpl.java:checkInconsistentAppendEntries(1023)) - 1f17fae6-ef42-4b5f-b929-258c4df74eb0@group-E7DF167351A9: Failed appendEntries as previous log entry ((t:1, i:0)) is not found
2019-11-14 17:36:48,467 [grpc-default-executor-2] INFO  impl.RaftServerImpl (RaftServerImpl.java:checkInconsistentAppendEntries(996)) - 1f17fae6-ef42-4b5f-b929-258c4df74eb0@group-E7DF167351A9: inconsistency entries. Reply:0b8c2274-85ff-4b39-8671-ec8be5904baa<-1f17fae6-ef42-4b5f-b929-258c4df74eb0#0:FAIL,INCONSISTENCY,nextIndex:0,term:3,followerCommit:-1
2019-11-14 17:36:48,468 [grpc-default-executor-5] INFO  impl.RaftServerImpl (ServerState.java:setRaftConf(356)) - c40a56fe-5273-466a-9f61-79febf43aa6a@group-E7DF167351A9: set configuration 1: [1f17fae6-ef42-4b5f-b929-258c4df74eb0:192.168.157.194:44377, 0b8c2274-85ff-4b39-8671-ec8be5904baa:192.168.157.194:34392, c40a56fe-5273-466a-9f61-79febf43aa6a:192.168.157.194:45340], old=null at 1
2019-11-14 17:36:48,468 [grpc-default-executor-5] INFO  segmented.SegmentedRaftLogWorker (SegmentedRaftLogWorker.java:rollLogSegment(390)) - c40a56fe-5273-466a-9f61-79febf43aa6a@group-E7DF167351A9-SegmentedRaftLogWorker: Rolling segment log-0_0 to index:0
2019-11-14 17:36:48,469 [grpc-default-executor-2] INFO  impl.FollowerInfo (FollowerInfo.java:lambda$new$0(51)) - 0b8c2274-85ff-4b39-8671-ec8be5904baa@group-E7DF167351A9->1f17fae6-ef42-4b5f-b929-258c4df74eb0: nextIndex: updateUnconditionally 1 -> 0
2019-11-14 17:36:48,470 [grpc-default-executor-2] INFO  impl.RaftServerImpl (ServerState.java:setRaftConf(356)) - 1f17fae6-ef42-4b5f-b929-258c4df74eb0@group-E7DF167351A9: set configuration 0: [1f17fae6-ef42-4b5f-b929-258c4df74eb0:192.168.157.194:44377, 0b8c2274-85ff-4b39-8671-ec8be5904baa:192.168.157.194:34392, c40a56fe-5273-466a-9f61-79febf43aa6a:192.168.157.194:45340], old=null at 0
2019-11-14 17:36:48,470 [grpc-default-executor-2] INFO  segmented.SegmentedRaftLogWorker (SegmentedRaftLogWorker.java:startLogSegment(385)) - 1f17fae6-ef42-4b5f-b929-258c4df74eb0@group-E7DF167351A9-SegmentedRaftLogWorker: Starting segment from index:0
2019-11-14 17:36:48,471 [grpc-default-executor-2] INFO  impl.RaftServerImpl (ServerState.java:setRaftConf(356)) - 1f17fae6-ef42-4b5f-b929-258c4df74eb0@group-E7DF167351A9: set configuration 1: [1f17fae6-ef42-4b5f-b929-258c4df74eb0:192.168.157.194:44377, 0b8c2274-85ff-4b39-8671-ec8be5904baa:192.168.157.194:34392, c40a56fe-5273-466a-9f61-79febf43aa6a:192.168.157.194:45340], old=null at 1
2019-11-14 17:36:48,471 [grpc-default-executor-2] INFO  segmented.SegmentedRaftLogWorker (SegmentedRaftLogWorker.java:rollLogSegment(390)) - 1f17fae6-ef42-4b5f-b929-258c4df74eb0@group-E7DF167351A9-SegmentedRaftLogWorker: Rolling segment log-0_0 to index:0
2019-11-14 17:36:48,474 [c40a56fe-5273-466a-9f61-79febf43aa6a@group-E7DF167351A9-SegmentedRaftLogWorker] INFO  segmented.SegmentedRaftLogWorker (SegmentedRaftLogWorker.java:execute(533)) - c40a56fe-5273-466a-9f61-79febf43aa6a@group-E7DF167351A9-SegmentedRaftLogWorker: Rolled log segment from /workdir/hadoop-ozone/integration-test/target/test-dir/MiniOzoneClusterImpl-22bbe08b-7feb-4e26-8434-b505ec12d921/datanode-5/data/ratis/95214e6b-bdf4-4946-b509-e7df167351a9/current/log_inprogress_0 to /workdir/hadoop-ozone/integration-test/target/test-dir/MiniOzoneClusterImpl-22bbe08b-7feb-4e26-8434-b505ec12d921/datanode-5/data/ratis/95214e6b-bdf4-4946-b509-e7df167351a9/current/log_0-0
2019-11-14 17:36:48,474 [pool-239-thread-1] INFO  storage.RaftStorage (RaftStorage.java:format(84)) - Storage directory /workdir/hadoop-ozone/integration-test/target/test-dir/MiniOzoneClusterImpl-22bbe08b-7feb-4e26-8434-b505ec12d921/datanode-9/data/ratis/e83d3eaf-b519-45db-9f78-7b1089351a69 has been successfully formatted.
2019-11-14 17:36:48,474 [pool-179-thread-1] INFO  storage.RaftStorage (RaftStorage.java:format(84)) - Storage directory /workdir/hadoop-ozone/integration-test/target/test-dir/MiniOzoneClusterImpl-22bbe08b-7feb-4e26-8434-b505ec12d921/datanode-3/data/ratis/e83d3eaf-b519-45db-9f78-7b1089351a69 has been successfully formatted.
2019-11-14 17:36:48,474 [pool-239-thread-1] INFO  ratis.ContainerStateMachine (ContainerStateMachine.java:loadSnapshot(223)) - group-7B1089351A69: The snapshot info is null. Setting the last applied indexto:(t:0, i:~)
2019-11-14 17:36:48,474 [0b8c2274-85ff-4b39-8671-ec8be5904baa@group-E7DF167351A9-SegmentedRaftLogWorker] INFO  segmented.SegmentedRaftLogWorker (SegmentedRaftLogWorker.java:execute(533)) - 0b8c2274-85ff-4b39-8671-ec8be5904baa@group-E7DF167351A9-SegmentedRaftLogWorker: Rolled log segment from /workdir/hadoop-ozone/integration-test/target/test-dir/MiniOzoneClusterImpl-22bbe08b-7feb-4e26-8434-b505ec12d921/datanode-6/data/ratis/95214e6b-bdf4-4946-b509-e7df167351a9/current/log_inprogress_0 to /workdir/hadoop-ozone/integration-test/target/test-dir/MiniOzoneClusterImpl-22bbe08b-7feb-4e26-8434-b505ec12d921/datanode-6/data/ratis/95214e6b-bdf4-4946-b509-e7df167351a9/current/log_0-0
2019-11-14 17:36:48,475 [pool-179-thread-1] INFO  ratis.ContainerStateMachine (ContainerStateMachine.java:loadSnapshot(223)) - group-7B1089351A69: The snapshot info is null. Setting the last applied indexto:(t:0, i:~)
2019-11-14 17:36:48,475 [pool-239-thread-1] INFO  server.RaftServerConfigKeys (ConfUtils.java:logGet(43)) - raft.server.notification.no-leader.timeout = 120s (custom)
2019-11-14 17:36:48,474 [pool-189-thread-1] INFO  storage.RaftStorage (RaftStorage.java:format(84)) - Storage directory /workdir/hadoop-ozone/integration-test/target/test-dir/MiniOzoneClusterImpl-22bbe08b-7feb-4e26-8434-b505ec12d921/datanode-4/data/ratis/e83d3eaf-b519-45db-9f78-7b1089351a69 has been successfully formatted.
2019-11-14 17:36:48,475 [pool-239-thread-1] INFO  server.RaftServerConfigKeys (ConfUtils.java:logGet(43)) - raft.server.log.use.memory = false (default)
2019-11-14 17:36:48,475 [pool-179-thread-1] INFO  server.RaftServerConfigKeys (ConfUtils.java:logGet(43)) - raft.server.notification.no-leader.timeout = 120s (custom)
2019-11-14 17:36:48,475 [pool-189-thread-1] INFO  ratis.ContainerStateMachine (ContainerStateMachine.java:loadSnapshot(223)) - group-7B1089351A69: The snapshot info is null. Setting the last applied indexto:(t:0, i:~)
2019-11-14 17:36:48,475 [pool-239-thread-1] INFO  server.RaftServerConfigKeys (ConfUtils.java:logGet(43)) - raft.server.log.purge.gap = 1000000 (custom)
2019-11-14 17:36:48,475 [pool-189-thread-1] INFO  server.RaftServerConfigKeys (ConfUtils.java:logGet(43)) - raft.server.notification.no-leader.timeout = 120s (custom)
2019-11-14 17:36:48,475 [pool-179-thread-1] INFO  server.RaftServerConfigKeys (ConfUtils.java:logGet(43)) - raft.server.log.use.memory = false (default)
2019-11-14 17:36:48,476 [pool-189-thread-1] INFO  server.RaftServerConfigKeys (ConfUtils.java:logGet(43)) - raft.server.log.use.memory = false (default)
2019-11-14 17:36:48,475 [pool-239-thread-1] INFO  server.RaftServerConfigKeys (ConfUtils.java:logGet(43)) - raft.server.log.appender.buffer.byte-limit = 33554432 (custom)
2019-11-14 17:36:48,476 [pool-189-thread-1] INFO  server.RaftServerConfigKeys (ConfUtils.java:logGet(43)) - raft.server.log.purge.gap = 1000000 (custom)
2019-11-14 17:36:48,476 [pool-179-thread-1] INFO  server.RaftServerConfigKeys (ConfUtils.java:logGet(43)) - raft.server.log.purge.gap = 1000000 (custom)
2019-11-14 17:36:48,476 [pool-189-thread-1] INFO  server.RaftServerConfigKeys (ConfUtils.java:logGet(43)) - raft.server.log.appender.buffer.byte-limit = 33554432 (custom)
2019-11-14 17:36:48,476 [pool-239-thread-1] INFO  server.RaftServerConfigKeys (ConfUtils.java:logGet(43)) - raft.server.log.segment.size.max = 1048576 (custom)
2019-11-14 17:36:48,476 [pool-189-thread-1] INFO  server.RaftServerConfigKeys (ConfUtils.java:logGet(43)) - raft.server.log.segment.size.max = 1048576 (custom)
2019-11-14 17:36:48,476 [pool-179-thread-1] INFO  server.RaftServerConfigKeys (ConfUtils.java:logGet(43)) - raft.server.log.appender.buffer.byte-limit = 33554432 (custom)
2019-11-14 17:36:48,477 [pool-189-thread-1] INFO  server.RaftServerConfigKeys (ConfUtils.java:logGet(43)) - raft.server.log.segment.cache.num.max = 2 (custom)
2019-11-14 17:36:48,476 [pool-239-thread-1] INFO  server.RaftServerConfigKeys (ConfUtils.java:logGet(43)) - raft.server.log.segment.cache.num.max = 2 (custom)
2019-11-14 17:36:48,477 [pool-189-thread-1] INFO  segmented.SegmentedRaftLogWorker (SegmentedRaftLogWorker.java:<init>(173)) - new a3b153ef-1e94-4227-8997-77072f34e630@group-7B1089351A69-SegmentedRaftLogWorker for RaftStorage:Storage Directory /workdir/hadoop-ozone/integration-test/target/test-dir/MiniOzoneClusterImpl-22bbe08b-7feb-4e26-8434-b505ec12d921/datanode-4/data/ratis/e83d3eaf-b519-45db-9f78-7b1089351a69
2019-11-14 17:36:48,477 [pool-179-thread-1] INFO  server.RaftServerConfigKeys (ConfUtils.java:logGet(43)) - raft.server.log.segment.size.max = 1048576 (custom)
2019-11-14 17:36:48,477 [pool-189-thread-1] INFO  server.RaftServerConfigKeys (ConfUtils.java:logGet(43)) - raft.server.log.queue.byte-limit = 2147483647 (custom)
2019-11-14 17:36:48,477 [pool-239-thread-1] INFO  segmented.SegmentedRaftLogWorker (SegmentedRaftLogWorker.java:<init>(173)) - new 785a1b68-bc50-461a-9c66-217454b39c0f@group-7B1089351A69-SegmentedRaftLogWorker for RaftStorage:Storage Directory /workdir/hadoop-ozone/integration-test/target/test-dir/MiniOzoneClusterImpl-22bbe08b-7feb-4e26-8434-b505ec12d921/datanode-9/data/ratis/e83d3eaf-b519-45db-9f78-7b1089351a69
2019-11-14 17:36:48,477 [pool-189-thread-1] INFO  server.RaftServerConfigKeys (ConfUtils.java:logGet(43)) - raft.server.log.queue.element-limit = 1024 (custom)
2019-11-14 17:36:48,477 [pool-179-thread-1] INFO  server.RaftServerConfigKeys (ConfUtils.java:logGet(43)) - raft.server.log.segment.cache.num.max = 2 (custom)
2019-11-14 17:36:48,478 [pool-189-thread-1] INFO  server.RaftServerConfigKeys (ConfUtils.java:logGet(43)) - raft.server.log.segment.size.max = 1048576 (custom)
2019-11-14 17:36:48,477 [pool-239-thread-1] INFO  server.RaftServerConfigKeys (ConfUtils.java:logGet(43)) - raft.server.log.queue.byte-limit = 2147483647 (custom)
2019-11-14 17:36:48,478 [pool-189-thread-1] INFO  server.RaftServerConfigKeys (ConfUtils.java:logGet(43)) - raft.server.log.preallocated.size = 16384 (custom)
2019-11-14 17:36:48,478 [pool-179-thread-1] INFO  segmented.SegmentedRaftLogWorker (SegmentedRaftLogWorker.java:<init>(173)) - new 55ab2526-4f89-4bd2-9902-395461fa7031@group-7B1089351A69-SegmentedRaftLogWorker for RaftStorage:Storage Directory /workdir/hadoop-ozone/integration-test/target/test-dir/MiniOzoneClusterImpl-22bbe08b-7feb-4e26-8434-b505ec12d921/datanode-3/data/ratis/e83d3eaf-b519-45db-9f78-7b1089351a69
2019-11-14 17:36:48,478 [pool-189-thread-1] INFO  server.RaftServerConfigKeys (ConfUtils.java:logGet(43)) - raft.server.log.write.buffer.size = 33554432 (custom)
2019-11-14 17:36:48,478 [pool-239-thread-1] INFO  server.RaftServerConfigKeys (ConfUtils.java:logGet(43)) - raft.server.log.queue.element-limit = 1024 (custom)
2019-11-14 17:36:48,478 [pool-189-thread-1] INFO  server.RaftServerConfigKeys (ConfUtils.java:logGet(43)) - raft.server.log.force.sync.num = 128 (default)
2019-11-14 17:36:48,478 [pool-179-thread-1] INFO  server.RaftServerConfigKeys (ConfUtils.java:logGet(43)) - raft.server.log.queue.byte-limit = 2147483647 (custom)
2019-11-14 17:36:48,478 [pool-189-thread-1] INFO  server.RaftServerConfigKeys (ConfUtils.java:logGet(43)) - raft.server.log.statemachine.data.sync = true (default)
2019-11-14 17:36:48,478 [pool-239-thread-1] INFO  server.RaftServerConfigKeys (ConfUtils.java:logGet(43)) - raft.server.log.segment.size.max = 1048576 (custom)
2019-11-14 17:36:48,479 [pool-189-thread-1] INFO  server.RaftServerConfigKeys (ConfUtils.java:logGet(43)) - raft.server.log.statemachine.data.sync.timeout = 10s (default)
2019-11-14 17:36:48,478 [pool-179-thread-1] INFO  server.RaftServerConfigKeys (ConfUtils.java:logGet(43)) - raft.server.log.queue.element-limit = 1024 (custom)
2019-11-14 17:36:48,479 [pool-189-thread-1] INFO  server.RaftServerConfigKeys (ConfUtils.java:logGet(43)) - raft.server.log.statemachine.data.sync.timeout.retry = -1 (default)
2019-11-14 17:36:48,479 [pool-239-thread-1] INFO  server.RaftServerConfigKeys (ConfUtils.java:logGet(43)) - raft.server.log.preallocated.size = 16384 (custom)
2019-11-14 17:36:48,479 [pool-179-thread-1] INFO  server.RaftServerConfigKeys (ConfUtils.java:logGet(43)) - raft.server.log.segment.size.max = 1048576 (custom)
2019-11-14 17:36:48,479 [pool-189-thread-1] INFO  server.RaftServerConfigKeys (ConfUtils.java:logGet(43)) - raft.server.log.statemachine.data.caching.enabled = true (custom)
2019-11-14 17:36:48,479 [pool-239-thread-1] INFO  server.RaftServerConfigKeys (ConfUtils.java:logGet(43)) - raft.server.log.write.buffer.size = 33554432 (custom)
2019-11-14 17:36:48,479 [pool-179-thread-1] INFO  server.RaftServerConfigKeys (ConfUtils.java:logGet(43)) - raft.server.log.preallocated.size = 16384 (custom)
2019-11-14 17:36:48,479 [pool-239-thread-1] INFO  server.RaftServerConfigKeys (ConfUtils.java:logGet(43)) - raft.server.log.force.sync.num = 128 (default)
2019-11-14 17:36:48,479 [pool-179-thread-1] INFO  server.RaftServerConfigKeys (ConfUtils.java:logGet(43)) - raft.server.log.write.buffer.size = 33554432 (custom)
2019-11-14 17:36:48,480 [pool-239-thread-1] INFO  server.RaftServerConfigKeys (ConfUtils.java:logGet(43)) - raft.server.log.statemachine.data.sync = true (default)
2019-11-14 17:36:48,480 [pool-179-thread-1] INFO  server.RaftServerConfigKeys (ConfUtils.java:logGet(43)) - raft.server.log.force.sync.num = 128 (default)
2019-11-14 17:36:48,480 [pool-239-thread-1] INFO  server.RaftServerConfigKeys (ConfUtils.java:logGet(43)) - raft.server.log.statemachine.data.sync.timeout = 10s (default)
2019-11-14 17:36:48,480 [pool-179-thread-1] INFO  server.RaftServerConfigKeys (ConfUtils.java:logGet(43)) - raft.server.log.statemachine.data.sync = true (default)
2019-11-14 17:36:48,480 [pool-239-thread-1] INFO  server.RaftServerConfigKeys (ConfUtils.java:logGet(43)) - raft.server.log.statemachine.data.sync.timeout.retry = -1 (default)
2019-11-14 17:36:48,480 [pool-179-thread-1] INFO  server.RaftServerConfigKeys (ConfUtils.java:logGet(43)) - raft.server.log.statemachine.data.sync.timeout = 10s (default)
2019-11-14 17:36:48,480 [pool-239-thread-1] INFO  server.RaftServerConfigKeys (ConfUtils.java:logGet(43)) - raft.server.log.statemachine.data.caching.enabled = true (custom)
2019-11-14 17:36:48,480 [pool-179-thread-1] INFO  server.RaftServerConfigKeys (ConfUtils.java:logGet(43)) - raft.server.log.statemachine.data.sync.timeout.retry = -1 (default)
2019-11-14 17:36:48,480 [pool-179-thread-1] INFO  server.RaftServerConfigKeys (ConfUtils.java:logGet(43)) - raft.server.log.statemachine.data.caching.enabled = true (custom)
2019-11-14 17:36:48,488 [pool-179-thread-1] INFO  segmented.SegmentedRaftLogWorker (SegmentedRaftLogWorker.java:lambda$new$0(128)) - 55ab2526-4f89-4bd2-9902-395461fa7031@group-7B1089351A69-SegmentedRaftLogWorker: flushIndex: setUnconditionally 0 -> -1
2019-11-14 17:36:48,488 [pool-189-thread-1] INFO  segmented.SegmentedRaftLogWorker (SegmentedRaftLogWorker.java:lambda$new$0(128)) - a3b153ef-1e94-4227-8997-77072f34e630@group-7B1089351A69-SegmentedRaftLogWorker: flushIndex: setUnconditionally 0 -> -1
2019-11-14 17:36:48,488 [pool-239-thread-1] INFO  segmented.SegmentedRaftLogWorker (SegmentedRaftLogWorker.java:lambda$new$0(128)) - 785a1b68-bc50-461a-9c66-217454b39c0f@group-7B1089351A69-SegmentedRaftLogWorker: flushIndex: setUnconditionally 0 -> -1
2019-11-14 17:36:48,489 [pool-179-thread-1] INFO  server.RaftServerConfigKeys (ConfUtils.java:logGet(43)) - raft.server.snapshot.auto.trigger.enabled = true (custom)
2019-11-14 17:36:48,489 [pool-179-thread-1] INFO  server.RaftServerConfigKeys (ConfUtils.java:logGet(43)) - raft.server.snapshot.auto.trigger.threshold = 10000 (custom)
2019-11-14 17:36:48,489 [pool-189-thread-1] INFO  server.RaftServerConfigKeys (ConfUtils.java:logGet(43)) - raft.server.snapshot.auto.trigger.enabled = true (custom)
2019-11-14 17:36:48,489 [pool-179-thread-1] INFO  server.RaftServerConfigKeys (ConfUtils.java:logGet(43)) - raft.server.snapshot.retention.file.num = 5 (custom)
2019-11-14 17:36:48,489 [pool-189-thread-1] INFO  server.RaftServerConfigKeys (ConfUtils.java:logGet(43)) - raft.server.snapshot.auto.trigger.threshold = 10000 (custom)
2019-11-14 17:36:48,489 [pool-239-thread-1] INFO  server.RaftServerConfigKeys (ConfUtils.java:logGet(43)) - raft.server.snapshot.auto.trigger.enabled = true (custom)
2019-11-14 17:36:48,489 [pool-179-thread-1] INFO  server.RaftServerConfigKeys (ConfUtils.java:logGet(43)) - raft.server.retrycache.expirytime = 600000ms (custom)
2019-11-14 17:36:48,490 [pool-239-thread-1] INFO  server.RaftServerConfigKeys (ConfUtils.java:logGet(43)) - raft.server.snapshot.auto.trigger.threshold = 10000 (custom)
2019-11-14 17:36:48,489 [pool-189-thread-1] INFO  server.RaftServerConfigKeys (ConfUtils.java:logGet(43)) - raft.server.snapshot.retention.file.num = 5 (custom)
2019-11-14 17:36:48,490 [pool-239-thread-1] INFO  server.RaftServerConfigKeys (ConfUtils.java:logGet(43)) - raft.server.snapshot.retention.file.num = 5 (custom)
2019-11-14 17:36:48,490 [pool-189-thread-1] INFO  server.RaftServerConfigKeys (ConfUtils.java:logGet(43)) - raft.server.retrycache.expirytime = 600000ms (custom)
2019-11-14 17:36:48,490 [pool-179-thread-1] WARN  impl.MetricRegistriesImpl (MetricRegistriesImpl.java:lambda$create$1(61)) - First MetricRegistry has been created without registering reporters. You may need to call MetricRegistries.global().addReportRegistration(...) before.
2019-11-14 17:36:48,490 [pool-189-thread-1] WARN  impl.MetricRegistriesImpl (MetricRegistriesImpl.java:lambda$create$1(61)) - First MetricRegistry has been created without registering reporters. You may need to call MetricRegistries.global().addReportRegistration(...) before.
2019-11-14 17:36:48,490 [pool-239-thread-1] INFO  server.RaftServerConfigKeys (ConfUtils.java:logGet(43)) - raft.server.retrycache.expirytime = 600000ms (custom)
2019-11-14 17:36:48,509 [pool-179-thread-1] WARN  impl.MetricRegistriesImpl (MetricRegistriesImpl.java:lambda$create$1(61)) - First MetricRegistry has been created without registering reporters. You may need to call MetricRegistries.global().addReportRegistration(...) before.
2019-11-14 17:36:48,510 [pool-239-thread-1] WARN  impl.MetricRegistriesImpl (MetricRegistriesImpl.java:lambda$create$1(61)) - First MetricRegistry has been created without registering reporters. You may need to call MetricRegistries.global().addReportRegistration(...) before.
2019-11-14 17:36:48,509 [pool-189-thread-1] WARN  impl.MetricRegistriesImpl (MetricRegistriesImpl.java:lambda$create$1(61)) - First MetricRegistry has been created without registering reporters. You may need to call MetricRegistries.global().addReportRegistration(...) before.
2019-11-14 17:36:48,510 [pool-179-thread-1] INFO  impl.RaftServerImpl (RaftServerImpl.java:start(184)) - 55ab2526-4f89-4bd2-9902-395461fa7031@group-7B1089351A69: start as a follower, conf=-1: [55ab2526-4f89-4bd2-9902-395461fa7031:192.168.157.194:41123, 785a1b68-bc50-461a-9c66-217454b39c0f:192.168.157.194:36611, a3b153ef-1e94-4227-8997-77072f34e630:192.168.157.194:41542], old=null
2019-11-14 17:36:48,510 [pool-239-thread-1] WARN  impl.MetricRegistriesImpl (MetricRegistriesImpl.java:lambda$create$1(61)) - First MetricRegistry has been created without registering reporters. You may need to call MetricRegistries.global().addReportRegistration(...) before.
2019-11-14 17:36:48,510 [pool-179-thread-1] INFO  impl.RaftServerImpl (RaftServerImpl.java:setRole(173)) - 55ab2526-4f89-4bd2-9902-395461fa7031@group-7B1089351A69: changes role from      null to FOLLOWER at term 0 for startAsFollower
2019-11-14 17:36:48,510 [pool-189-thread-1] INFO  impl.RaftServerImpl (RaftServerImpl.java:start(184)) - a3b153ef-1e94-4227-8997-77072f34e630@group-7B1089351A69: start as a follower, conf=-1: [55ab2526-4f89-4bd2-9902-395461fa7031:192.168.157.194:41123, 785a1b68-bc50-461a-9c66-217454b39c0f:192.168.157.194:36611, a3b153ef-1e94-4227-8997-77072f34e630:192.168.157.194:41542], old=null
2019-11-14 17:36:48,510 [pool-179-thread-1] INFO  impl.RoleInfo (RoleInfo.java:updateAndGet(143)) - 55ab2526-4f89-4bd2-9902-395461fa7031: start FollowerState
2019-11-14 17:36:48,510 [pool-239-thread-1] INFO  impl.RaftServerImpl (RaftServerImpl.java:start(184)) - 785a1b68-bc50-461a-9c66-217454b39c0f@group-7B1089351A69: start as a follower, conf=-1: [55ab2526-4f89-4bd2-9902-395461fa7031:192.168.157.194:41123, 785a1b68-bc50-461a-9c66-217454b39c0f:192.168.157.194:36611, a3b153ef-1e94-4227-8997-77072f34e630:192.168.157.194:41542], old=null
2019-11-14 17:36:48,510 [pool-189-thread-1] INFO  impl.RaftServerImpl (RaftServerImpl.java:setRole(173)) - a3b153ef-1e94-4227-8997-77072f34e630@group-7B1089351A69: changes role from      null to FOLLOWER at term 0 for startAsFollower
2019-11-14 17:36:48,510 [pool-239-thread-1] INFO  impl.RaftServerImpl (RaftServerImpl.java:setRole(173)) - 785a1b68-bc50-461a-9c66-217454b39c0f@group-7B1089351A69: changes role from      null to FOLLOWER at term 0 for startAsFollower
2019-11-14 17:36:48,510 [pool-189-thread-1] INFO  impl.RoleInfo (RoleInfo.java:updateAndGet(143)) - a3b153ef-1e94-4227-8997-77072f34e630: start FollowerState
2019-11-14 17:36:48,510 [pool-239-thread-1] INFO  impl.RoleInfo (RoleInfo.java:updateAndGet(143)) - 785a1b68-bc50-461a-9c66-217454b39c0f: start FollowerState
2019-11-14 17:36:48,510 [pool-179-thread-1] INFO  util.JmxRegister (JmxRegister.java:tryRegister(44)) - Successfully registered JMX Bean with object name Ratis:service=RaftServer,group=group-7B1089351A69,id=55ab2526-4f89-4bd2-9902-395461fa7031
2019-11-14 17:36:48,511 [pool-179-thread-1] WARN  impl.MetricRegistriesImpl (MetricRegistriesImpl.java:lambda$create$1(61)) - First MetricRegistry has been created without registering reporters. You may need to call MetricRegistries.global().addReportRegistration(...) before.
2019-11-14 17:36:48,511 [pool-189-thread-1] INFO  util.JmxRegister (JmxRegister.java:tryRegister(44)) - Successfully registered JMX Bean with object name Ratis:service=RaftServer,group=group-7B1089351A69,id=a3b153ef-1e94-4227-8997-77072f34e630
2019-11-14 17:36:48,511 [pool-239-thread-1] INFO  util.JmxRegister (JmxRegister.java:tryRegister(44)) - Successfully registered JMX Bean with object name Ratis:service=RaftServer,group=group-7B1089351A69,id=785a1b68-bc50-461a-9c66-217454b39c0f
2019-11-14 17:36:48,511 [pool-189-thread-1] WARN  impl.MetricRegistriesImpl (MetricRegistriesImpl.java:lambda$create$1(61)) - First MetricRegistry has been created without registering reporters. You may need to call MetricRegistries.global().addReportRegistration(...) before.
2019-11-14 17:36:48,511 [pool-239-thread-1] WARN  impl.MetricRegistriesImpl (MetricRegistriesImpl.java:lambda$create$1(61)) - First MetricRegistry has been created without registering reporters. You may need to call MetricRegistries.global().addReportRegistration(...) before.
2019-11-14 17:36:48,513 [RatisPipelineUtilsThread] INFO  pipeline.PipelineStateManager (PipelineStateManager.java:addPipeline(55)) - Created pipeline Pipeline[ Id: e83d3eaf-b519-45db-9f78-7b1089351a69, Nodes: 785a1b68-bc50-461a-9c66-217454b39c0f{ip: 192.168.157.194, host: pr-hdds-2482-j87dr-2776293630, networkLocation: /rack1, certSerialId: null}a3b153ef-1e94-4227-8997-77072f34e630{ip: 192.168.157.194, host: pr-hdds-2482-j87dr-2776293630, networkLocation: /rack1, certSerialId: null}55ab2526-4f89-4bd2-9902-395461fa7031{ip: 192.168.157.194, host: pr-hdds-2482-j87dr-2776293630, networkLocation: /rack1, certSerialId: null}, Type:RATIS, Factor:THREE, State:ALLOCATED]
2019-11-14 17:36:48,514 [Thread-1235] INFO  pipeline.PipelineStateManager (PipelineStateManager.java:finalizePipeline(121)) - Pipeline Pipeline[ Id: f0db1587-cf63-4918-a034-27f0209b9491, Nodes: f5a4bf5a-4195-495f-81ba-193832aea29d{ip: 192.168.157.194, host: pr-hdds-2482-j87dr-2776293630, networkLocation: /rack1, certSerialId: null}7dd38d19-97a5-42cf-8254-8fed67def3f2{ip: 192.168.157.194, host: pr-hdds-2482-j87dr-2776293630, networkLocation: /rack1, certSerialId: null}b2e3cdb6-e490-4d5b-a0a3-6f5ff6451210{ip: 192.168.157.194, host: pr-hdds-2482-j87dr-2776293630, networkLocation: /rack1, certSerialId: null}, Type:RATIS, Factor:THREE, State:CLOSED] moved to CLOSED state
2019-11-14 17:36:48,517 [grpc-default-executor-2] INFO  impl.RaftServerProxy (RaftServerProxy.java:remove(95)) - f5a4bf5a-4195-495f-81ba-193832aea29d: remove  FOLLOWER f5a4bf5a-4195-495f-81ba-193832aea29d@group-27F0209B9491:t1, leader=7dd38d19-97a5-42cf-8254-8fed67def3f2, voted=7dd38d19-97a5-42cf-8254-8fed67def3f2, raftlog=f5a4bf5a-4195-495f-81ba-193832aea29d@group-27F0209B9491-SegmentedRaftLog:OPENED:c0,f0,i0, conf=0: [b2e3cdb6-e490-4d5b-a0a3-6f5ff6451210:192.168.157.194:37477, f5a4bf5a-4195-495f-81ba-193832aea29d:192.168.157.194:46851, 7dd38d19-97a5-42cf-8254-8fed67def3f2:192.168.157.194:40753], old=null RUNNING
2019-11-14 17:36:48,517 [grpc-default-executor-2] INFO  impl.RaftServerImpl (RaftServerImpl.java:lambda$shutdown$3(250)) - f5a4bf5a-4195-495f-81ba-193832aea29d@group-27F0209B9491: shutdown
2019-11-14 17:36:48,517 [grpc-default-executor-2] INFO  util.JmxRegister (JmxRegister.java:unregister(73)) - Successfully un-registered JMX Bean with object name Ratis:service=RaftServer,group=group-27F0209B9491,id=f5a4bf5a-4195-495f-81ba-193832aea29d
2019-11-14 17:36:48,518 [grpc-default-executor-2] INFO  impl.RoleInfo (RoleInfo.java:shutdownFollowerState(121)) - f5a4bf5a-4195-495f-81ba-193832aea29d: shutdown FollowerState
2019-11-14 17:36:48,518 [grpc-default-executor-2] INFO  impl.StateMachineUpdater (StateMachineUpdater.java:stopAndJoin(136)) - f5a4bf5a-4195-495f-81ba-193832aea29d@group-27F0209B9491-StateMachineUpdater: set stopIndex = 0
2019-11-14 17:36:48,518 [Thread-1303] INFO  impl.FollowerState (FollowerState.java:run(120)) - f5a4bf5a-4195-495f-81ba-193832aea29d@group-27F0209B9491-FollowerState was interrupted: java.lang.InterruptedException: sleep interrupted
2019-11-14 17:36:48,518 [grpc-default-executor-2] INFO  impl.RaftServerImpl (ServerState.java:close(387)) - f5a4bf5a-4195-495f-81ba-193832aea29d@group-27F0209B9491: closes. applyIndex: 0
2019-11-14 17:36:48,518 [f5a4bf5a-4195-495f-81ba-193832aea29d@group-27F0209B9491-SegmentedRaftLogWorker] INFO  segmented.SegmentedRaftLogWorker (SegmentedRaftLogWorker.java:run(316)) - f5a4bf5a-4195-495f-81ba-193832aea29d@group-27F0209B9491-SegmentedRaftLogWorker was interrupted, exiting. There are 0 tasks remaining in the queue.
2019-11-14 17:36:48,519 [grpc-default-executor-2] INFO  segmented.SegmentedRaftLogWorker (SegmentedRaftLogWorker.java:close(224)) - f5a4bf5a-4195-495f-81ba-193832aea29d@group-27F0209B9491-SegmentedRaftLogWorker close()
2019-11-14 17:36:48,525 [grpc-default-executor-2] INFO  impl.RaftServerProxy (RaftServerProxy.java:remove(95)) - 7dd38d19-97a5-42cf-8254-8fed67def3f2: remove    LEADER 7dd38d19-97a5-42cf-8254-8fed67def3f2@group-27F0209B9491:t1, leader=7dd38d19-97a5-42cf-8254-8fed67def3f2, voted=7dd38d19-97a5-42cf-8254-8fed67def3f2, raftlog=7dd38d19-97a5-42cf-8254-8fed67def3f2@group-27F0209B9491-SegmentedRaftLog:OPENED:c0,f0,i0, conf=0: [b2e3cdb6-e490-4d5b-a0a3-6f5ff6451210:192.168.157.194:37477, f5a4bf5a-4195-495f-81ba-193832aea29d:192.168.157.194:46851, 7dd38d19-97a5-42cf-8254-8fed67def3f2:192.168.157.194:40753], old=null RUNNING
2019-11-14 17:36:48,525 [grpc-default-executor-2] INFO  impl.RaftServerImpl (RaftServerImpl.java:lambda$shutdown$3(250)) - 7dd38d19-97a5-42cf-8254-8fed67def3f2@group-27F0209B9491: shutdown
2019-11-14 17:36:48,525 [grpc-default-executor-2] INFO  util.JmxRegister (JmxRegister.java:unregister(73)) - Successfully un-registered JMX Bean with object name Ratis:service=RaftServer,group=group-27F0209B9491,id=7dd38d19-97a5-42cf-8254-8fed67def3f2
2019-11-14 17:36:48,525 [grpc-default-executor-2] INFO  impl.RoleInfo (RoleInfo.java:shutdownLeaderState(104)) - 7dd38d19-97a5-42cf-8254-8fed67def3f2: shutdown LeaderState
2019-11-14 17:36:48,528 [grpc-default-executor-2] INFO  impl.PendingRequests (PendingRequests.java:sendNotLeaderResponses(206)) - 7dd38d19-97a5-42cf-8254-8fed67def3f2@group-27F0209B9491-PendingRequests: sendNotLeaderResponses
2019-11-14 17:36:48,528 [org.apache.ratis.server.impl.LogAppender$AppenderDaemon$$Lambda$459/712830018@2cc90342] WARN  server.GrpcLogAppender (GrpcLogAppender.java:mayWait(151)) - 7dd38d19-97a5-42cf-8254-8fed67def3f2@group-27F0209B9491->b2e3cdb6-e490-4d5b-a0a3-6f5ff6451210-GrpcLogAppender: Wait interrupted by java.lang.InterruptedException
2019-11-14 17:36:48,528 [grpc-default-executor-2] INFO  impl.StateMachineUpdater (StateMachineUpdater.java:stopAndJoin(136)) - 7dd38d19-97a5-42cf-8254-8fed67def3f2@group-27F0209B9491-StateMachineUpdater: set stopIndex = 0
2019-11-14 17:36:48,528 [org.apache.ratis.server.impl.LogAppender$AppenderDaemon$$Lambda$459/712830018@69cb88bf] WARN  server.GrpcLogAppender (GrpcLogAppender.java:mayWait(151)) - 7dd38d19-97a5-42cf-8254-8fed67def3f2@group-27F0209B9491->f5a4bf5a-4195-495f-81ba-193832aea29d-GrpcLogAppender: Wait interrupted by java.lang.InterruptedException
2019-11-14 17:36:48,529 [grpc-default-executor-2] INFO  impl.RaftServerImpl (ServerState.java:close(387)) - 7dd38d19-97a5-42cf-8254-8fed67def3f2@group-27F0209B9491: closes. applyIndex: 0
2019-11-14 17:36:48,529 [grpc-default-executor-5] INFO  server.GrpcServerProtocolService (GrpcServerProtocolService.java:onCompleted(113)) - b2e3cdb6-e490-4d5b-a0a3-6f5ff6451210: Completed APPEND_ENTRIES, lastRequest: 7dd38d19-97a5-42cf-8254-8fed67def3f2->b2e3cdb6-e490-4d5b-a0a3-6f5ff6451210#4-t1, previous=(t:1, i:0), leaderCommit=0, initializing? false, entries: <empty>
2019-11-14 17:36:48,529 [7dd38d19-97a5-42cf-8254-8fed67def3f2@group-27F0209B9491-SegmentedRaftLogWorker] INFO  segmented.SegmentedRaftLogWorker (SegmentedRaftLogWorker.java:run(316)) - 7dd38d19-97a5-42cf-8254-8fed67def3f2@group-27F0209B9491-SegmentedRaftLogWorker was interrupted, exiting. There are 0 tasks remaining in the queue.
2019-11-14 17:36:48,529 [grpc-default-executor-4] INFO  server.GrpcServerProtocolService (GrpcServerProtocolService.java:onCompleted(113)) - f5a4bf5a-4195-495f-81ba-193832aea29d: Completed APPEND_ENTRIES, lastRequest: 7dd38d19-97a5-42cf-8254-8fed67def3f2->f5a4bf5a-4195-495f-81ba-193832aea29d#4-t1, previous=(t:1, i:0), leaderCommit=0, initializing? false, entries: <empty>
2019-11-14 17:36:48,529 [grpc-default-executor-5] INFO  server.GrpcLogAppender (GrpcLogAppender.java:onCompleted(308)) - 7dd38d19-97a5-42cf-8254-8fed67def3f2@group-27F0209B9491->b2e3cdb6-e490-4d5b-a0a3-6f5ff6451210-AppendLogResponseHandler: follower responses appendEntries COMPLETED
2019-11-14 17:36:48,529 [grpc-default-executor-4] INFO  server.GrpcLogAppender (GrpcLogAppender.java:onCompleted(308)) - 7dd38d19-97a5-42cf-8254-8fed67def3f2@group-27F0209B9491->f5a4bf5a-4195-495f-81ba-193832aea29d-AppendLogResponseHandler: follower responses appendEntries COMPLETED
2019-11-14 17:36:48,530 [grpc-default-executor-5] INFO  impl.FollowerInfo (FollowerInfo.java:lambda$new$0(51)) - 7dd38d19-97a5-42cf-8254-8fed67def3f2@group-27F0209B9491->b2e3cdb6-e490-4d5b-a0a3-6f5ff6451210: nextIndex: updateUnconditionally 1 -> 0
2019-11-14 17:36:48,530 [grpc-default-executor-4] INFO  impl.FollowerInfo (FollowerInfo.java:lambda$new$0(51)) - 7dd38d19-97a5-42cf-8254-8fed67def3f2@group-27F0209B9491->f5a4bf5a-4195-495f-81ba-193832aea29d: nextIndex: updateUnconditionally 1 -> 0
2019-11-14 17:36:48,538 [grpc-default-executor-2] INFO  segmented.SegmentedRaftLogWorker (SegmentedRaftLogWorker.java:close(224)) - 7dd38d19-97a5-42cf-8254-8fed67def3f2@group-27F0209B9491-SegmentedRaftLogWorker close()
2019-11-14 17:36:48,544 [grpc-default-executor-2] INFO  impl.RaftServerProxy (RaftServerProxy.java:remove(95)) - b2e3cdb6-e490-4d5b-a0a3-6f5ff6451210: remove  FOLLOWER b2e3cdb6-e490-4d5b-a0a3-6f5ff6451210@group-27F0209B9491:t1, leader=7dd38d19-97a5-42cf-8254-8fed67def3f2, voted=7dd38d19-97a5-42cf-8254-8fed67def3f2, raftlog=b2e3cdb6-e490-4d5b-a0a3-6f5ff6451210@group-27F0209B9491-SegmentedRaftLog:OPENED:c0,f0,i0, conf=0: [b2e3cdb6-e490-4d5b-a0a3-6f5ff6451210:192.168.157.194:37477, f5a4bf5a-4195-495f-81ba-193832aea29d:192.168.157.194:46851, 7dd38d19-97a5-42cf-8254-8fed67def3f2:192.168.157.194:40753], old=null RUNNING
2019-11-14 17:36:48,544 [grpc-default-executor-2] INFO  impl.RaftServerImpl (RaftServerImpl.java:lambda$shutdown$3(250)) - b2e3cdb6-e490-4d5b-a0a3-6f5ff6451210@group-27F0209B9491: shutdown
2019-11-14 17:36:48,544 [grpc-default-executor-2] INFO  util.JmxRegister (JmxRegister.java:unregister(73)) - Successfully un-registered JMX Bean with object name Ratis:service=RaftServer,group=group-27F0209B9491,id=b2e3cdb6-e490-4d5b-a0a3-6f5ff6451210
2019-11-14 17:36:48,544 [grpc-default-executor-2] INFO  impl.RoleInfo (RoleInfo.java:shutdownFollowerState(121)) - b2e3cdb6-e490-4d5b-a0a3-6f5ff6451210: shutdown FollowerState
2019-11-14 17:36:48,544 [grpc-default-executor-2] INFO  impl.StateMachineUpdater (StateMachineUpdater.java:stopAndJoin(136)) - b2e3cdb6-e490-4d5b-a0a3-6f5ff6451210@group-27F0209B9491-StateMachineUpdater: set stopIndex = 0
2019-11-14 17:36:48,544 [Thread-1302] INFO  impl.FollowerState (FollowerState.java:run(120)) - b2e3cdb6-e490-4d5b-a0a3-6f5ff6451210@group-27F0209B9491-FollowerState was interrupted: java.lang.InterruptedException: sleep interrupted
2019-11-14 17:36:48,544 [grpc-default-executor-2] INFO  impl.RaftServerImpl (ServerState.java:close(387)) - b2e3cdb6-e490-4d5b-a0a3-6f5ff6451210@group-27F0209B9491: closes. applyIndex: 0
2019-11-14 17:36:48,544 [b2e3cdb6-e490-4d5b-a0a3-6f5ff6451210@group-27F0209B9491-SegmentedRaftLogWorker] INFO  segmented.SegmentedRaftLogWorker (SegmentedRaftLogWorker.java:run(316)) - b2e3cdb6-e490-4d5b-a0a3-6f5ff6451210@group-27F0209B9491-SegmentedRaftLogWorker was interrupted, exiting. There are 0 tasks remaining in the queue.
2019-11-14 17:36:48,545 [grpc-default-executor-2] INFO  segmented.SegmentedRaftLogWorker (SegmentedRaftLogWorker.java:close(224)) - b2e3cdb6-e490-4d5b-a0a3-6f5ff6451210@group-27F0209B9491-SegmentedRaftLogWorker close()
2019-11-14 17:36:48,546 [0b8c2274-85ff-4b39-8671-ec8be5904baa@group-E7DF167351A9-SegmentedRaftLogWorker] INFO  segmented.SegmentedRaftLogWorker (SegmentedRaftLogWorker.java:execute(576)) - 0b8c2274-85ff-4b39-8671-ec8be5904baa@group-E7DF167351A9-SegmentedRaftLogWorker: created new log segment /workdir/hadoop-ozone/integration-test/target/test-dir/MiniOzoneClusterImpl-22bbe08b-7feb-4e26-8434-b505ec12d921/datanode-6/data/ratis/95214e6b-bdf4-4946-b509-e7df167351a9/current/log_inprogress_1
2019-11-14 17:36:48,546 [1f17fae6-ef42-4b5f-b929-258c4df74eb0@group-E7DF167351A9-SegmentedRaftLogWorker] INFO  segmented.SegmentedRaftLogWorker (SegmentedRaftLogWorker.java:execute(576)) - 1f17fae6-ef42-4b5f-b929-258c4df74eb0@group-E7DF167351A9-SegmentedRaftLogWorker: created new log segment /workdir/hadoop-ozone/integration-test/target/test-dir/MiniOzoneClusterImpl-22bbe08b-7feb-4e26-8434-b505ec12d921/datanode-7/data/ratis/95214e6b-bdf4-4946-b509-e7df167351a9/current/log_inprogress_0
2019-11-14 17:36:48,546 [c40a56fe-5273-466a-9f61-79febf43aa6a@group-E7DF167351A9-SegmentedRaftLogWorker] INFO  segmented.SegmentedRaftLogWorker (SegmentedRaftLogWorker.java:execute(576)) - c40a56fe-5273-466a-9f61-79febf43aa6a@group-E7DF167351A9-SegmentedRaftLogWorker: created new log segment /workdir/hadoop-ozone/integration-test/target/test-dir/MiniOzoneClusterImpl-22bbe08b-7feb-4e26-8434-b505ec12d921/datanode-5/data/ratis/95214e6b-bdf4-4946-b509-e7df167351a9/current/log_inprogress_1
2019-11-14 17:36:48,548 [Thread-1235] INFO  pipeline.PipelineStateManager (PipelineStateManager.java:removePipeline(106)) - Pipeline Pipeline[ Id: f0db1587-cf63-4918-a034-27f0209b9491, Nodes: f5a4bf5a-4195-495f-81ba-193832aea29d{ip: 192.168.157.194, host: pr-hdds-2482-j87dr-2776293630, networkLocation: /rack1, certSerialId: null}7dd38d19-97a5-42cf-8254-8fed67def3f2{ip: 192.168.157.194, host: pr-hdds-2482-j87dr-2776293630, networkLocation: /rack1, certSerialId: null}b2e3cdb6-e490-4d5b-a0a3-6f5ff6451210{ip: 192.168.157.194, host: pr-hdds-2482-j87dr-2776293630, networkLocation: /rack1, certSerialId: null}, Type:RATIS, Factor:THREE, State:CLOSED] removed from db
2019-11-14 17:36:48,548 [Thread-1235] INFO  pipeline.SCMPipelineManager (SCMPipelineManager.java:finalizeAndDestroyPipeline(315)) - destroying pipeline:Pipeline[ Id: 12e6e300-4dd1-498f-ae03-5a1c39dae1d4, Nodes: c40a56fe-5273-466a-9f61-79febf43aa6a{ip: 192.168.157.194, host: pr-hdds-2482-j87dr-2776293630, networkLocation: /rack1, certSerialId: null}, Type:RATIS, Factor:ONE, State:OPEN]
2019-11-14 17:36:48,555 [grpc-default-executor-2] INFO  impl.RaftServerProxy (RaftServerProxy.java:addNew(89)) - 7dd38d19-97a5-42cf-8254-8fed67def3f2: addNew group-7E7D5A9DDDD2:[b2e3cdb6-e490-4d5b-a0a3-6f5ff6451210:192.168.157.194:37477, f5a4bf5a-4195-495f-81ba-193832aea29d:192.168.157.194:46851, 7dd38d19-97a5-42cf-8254-8fed67def3f2:192.168.157.194:40753] returns group-7E7D5A9DDDD2:java.util.concurrent.CompletableFuture@470ffd44[Not completed]
2019-11-14 17:36:48,555 [grpc-default-executor-5] INFO  impl.RaftServerProxy (RaftServerProxy.java:addNew(89)) - b2e3cdb6-e490-4d5b-a0a3-6f5ff6451210: addNew group-7E7D5A9DDDD2:[b2e3cdb6-e490-4d5b-a0a3-6f5ff6451210:192.168.157.194:37477, f5a4bf5a-4195-495f-81ba-193832aea29d:192.168.157.194:46851, 7dd38d19-97a5-42cf-8254-8fed67def3f2:192.168.157.194:40753] returns group-7E7D5A9DDDD2:java.util.concurrent.CompletableFuture@36c21e0e[Not completed]
2019-11-14 17:36:48,555 [grpc-default-executor-4] INFO  impl.RaftServerProxy (RaftServerProxy.java:addNew(89)) - f5a4bf5a-4195-495f-81ba-193832aea29d: addNew group-7E7D5A9DDDD2:[b2e3cdb6-e490-4d5b-a0a3-6f5ff6451210:192.168.157.194:37477, f5a4bf5a-4195-495f-81ba-193832aea29d:192.168.157.194:46851, 7dd38d19-97a5-42cf-8254-8fed67def3f2:192.168.157.194:40753] returns group-7E7D5A9DDDD2:java.util.concurrent.CompletableFuture@26e05bf3[Not completed]
2019-11-14 17:36:48,556 [1f17fae6-ef42-4b5f-b929-258c4df74eb0@group-E7DF167351A9-SegmentedRaftLogWorker] INFO  segmented.SegmentedRaftLogWorker (SegmentedRaftLogWorker.java:execute(533)) - 1f17fae6-ef42-4b5f-b929-258c4df74eb0@group-E7DF167351A9-SegmentedRaftLogWorker: Rolled log segment from /workdir/hadoop-ozone/integration-test/target/test-dir/MiniOzoneClusterImpl-22bbe08b-7feb-4e26-8434-b505ec12d921/datanode-7/data/ratis/95214e6b-bdf4-4946-b509-e7df167351a9/current/log_inprogress_0 to /workdir/hadoop-ozone/integration-test/target/test-dir/MiniOzoneClusterImpl-22bbe08b-7feb-4e26-8434-b505ec12d921/datanode-7/data/ratis/95214e6b-bdf4-4946-b509-e7df167351a9/current/log_0-0
2019-11-14 17:36:48,556 [pool-159-thread-1] INFO  impl.RaftServerImpl (RaftServerImpl.java:<init>(98)) - f5a4bf5a-4195-495f-81ba-193832aea29d: new RaftServerImpl for group-7E7D5A9DDDD2:[b2e3cdb6-e490-4d5b-a0a3-6f5ff6451210:192.168.157.194:37477, f5a4bf5a-4195-495f-81ba-193832aea29d:192.168.157.194:46851, 7dd38d19-97a5-42cf-8254-8fed67def3f2:192.168.157.194:40753] with ContainerStateMachine:uninitialized
2019-11-14 17:36:48,556 [pool-159-thread-1] INFO  server.RaftServerConfigKeys (ConfUtils.java:logGet(43)) - raft.server.rpc.timeout.min = 1s (custom)
2019-11-14 17:36:48,557 [pool-159-thread-1] INFO  server.RaftServerConfigKeys (ConfUtils.java:logGet(43)) - raft.server.rpc.timeout.max = 1200ms (custom)
2019-11-14 17:36:48,557 [pool-159-thread-1] INFO  server.RaftServerConfigKeys (ConfUtils.java:logGet(43)) - raft.server.rpcslowness.timeout = 120s (custom)
2019-11-14 17:36:48,557 [pool-159-thread-1] INFO  server.RaftServerConfigKeys (ConfUtils.java:logGet(43)) - raft.server.sleep.deviation.threshold = 300 (default)
2019-11-14 17:36:48,557 [pool-159-thread-1] INFO  server.RaftServerConfigKeys (ConfUtils.java:logGet(43)) - raft.server.log.appender.install.snapshot.enabled = false (custom)
2019-11-14 17:36:48,557 [pool-159-thread-1] INFO  impl.RaftServerImpl (ServerState.java:<init>(103)) - f5a4bf5a-4195-495f-81ba-193832aea29d@group-7E7D5A9DDDD2: ConfigurationManager, init=-1: [b2e3cdb6-e490-4d5b-a0a3-6f5ff6451210:192.168.157.194:37477, f5a4bf5a-4195-495f-81ba-193832aea29d:192.168.157.194:46851, 7dd38d19-97a5-42cf-8254-8fed67def3f2:192.168.157.194:40753], old=null, confs=<EMPTY_MAP>
2019-11-14 17:36:48,557 [pool-159-thread-1] INFO  server.RaftServerConfigKeys (ConfUtils.java:logGet(43)) - raft.server.storage.dir = [/workdir/hadoop-ozone/integration-test/target/test-dir/MiniOzoneClusterImpl-22bbe08b-7feb-4e26-8434-b505ec12d921/datanode-1/data/ratis] (custom)
2019-11-14 17:36:48,557 [pool-159-thread-1] INFO  server.RaftServerConfigKeys (ConfUtils.java:logGet(43)) - raft.server.log.corruption.policy = EXCEPTION (default)
2019-11-14 17:36:48,557 [pool-159-thread-1] INFO  storage.RaftStorageDirectory (RaftStorageDirectory.java:analyzeStorage(246)) - The storage directory /workdir/hadoop-ozone/integration-test/target/test-dir/MiniOzoneClusterImpl-22bbe08b-7feb-4e26-8434-b505ec12d921/datanode-1/data/ratis/dbc83d6b-b9a5-44e6-b4b9-7e7d5a9dddd2 does not exist. Creating ...
2019-11-14 17:36:48,558 [pool-169-thread-1] INFO  impl.RaftServerImpl (RaftServerImpl.java:<init>(98)) - 7dd38d19-97a5-42cf-8254-8fed67def3f2: new RaftServerImpl for group-7E7D5A9DDDD2:[b2e3cdb6-e490-4d5b-a0a3-6f5ff6451210:192.168.157.194:37477, f5a4bf5a-4195-495f-81ba-193832aea29d:192.168.157.194:46851, 7dd38d19-97a5-42cf-8254-8fed67def3f2:192.168.157.194:40753] with ContainerStateMachine:uninitialized
2019-11-14 17:36:48,558 [pool-169-thread-1] INFO  server.RaftServerConfigKeys (ConfUtils.java:logGet(43)) - raft.server.rpc.timeout.min = 1s (custom)
2019-11-14 17:36:48,558 [pool-169-thread-1] INFO  server.RaftServerConfigKeys (ConfUtils.java:logGet(43)) - raft.server.rpc.timeout.max = 1200ms (custom)
2019-11-14 17:36:48,558 [pool-169-thread-1] INFO  server.RaftServerConfigKeys (ConfUtils.java:logGet(43)) - raft.server.rpcslowness.timeout = 120s (custom)
2019-11-14 17:36:48,558 [pool-169-thread-1] INFO  server.RaftServerConfigKeys (ConfUtils.java:logGet(43)) - raft.server.sleep.deviation.threshold = 300 (default)
2019-11-14 17:36:48,559 [pool-169-thread-1] INFO  server.RaftServerConfigKeys (ConfUtils.java:logGet(43)) - raft.server.log.appender.install.snapshot.enabled = false (custom)
2019-11-14 17:36:48,559 [pool-169-thread-1] INFO  impl.RaftServerImpl (ServerState.java:<init>(103)) - 7dd38d19-97a5-42cf-8254-8fed67def3f2@group-7E7D5A9DDDD2: ConfigurationManager, init=-1: [b2e3cdb6-e490-4d5b-a0a3-6f5ff6451210:192.168.157.194:37477, f5a4bf5a-4195-495f-81ba-193832aea29d:192.168.157.194:46851, 7dd38d19-97a5-42cf-8254-8fed67def3f2:192.168.157.194:40753], old=null, confs=<EMPTY_MAP>
2019-11-14 17:36:48,559 [pool-169-thread-1] INFO  server.RaftServerConfigKeys (ConfUtils.java:logGet(43)) - raft.server.storage.dir = [/workdir/hadoop-ozone/integration-test/target/test-dir/MiniOzoneClusterImpl-22bbe08b-7feb-4e26-8434-b505ec12d921/datanode-2/data/ratis] (custom)
2019-11-14 17:36:48,559 [pool-149-thread-1] INFO  impl.RaftServerImpl (RaftServerImpl.java:<init>(98)) - b2e3cdb6-e490-4d5b-a0a3-6f5ff6451210: new RaftServerImpl for group-7E7D5A9DDDD2:[b2e3cdb6-e490-4d5b-a0a3-6f5ff6451210:192.168.157.194:37477, f5a4bf5a-4195-495f-81ba-193832aea29d:192.168.157.194:46851, 7dd38d19-97a5-42cf-8254-8fed67def3f2:192.168.157.194:40753] with ContainerStateMachine:uninitialized
2019-11-14 17:36:48,559 [pool-149-thread-1] INFO  server.RaftServerConfigKeys (ConfUtils.java:logGet(43)) - raft.server.rpc.timeout.min = 1s (custom)
2019-11-14 17:36:48,559 [pool-169-thread-1] INFO  server.RaftServerConfigKeys (ConfUtils.java:logGet(43)) - raft.server.log.corruption.policy = EXCEPTION (default)
2019-11-14 17:36:48,559 [pool-149-thread-1] INFO  server.RaftServerConfigKeys (ConfUtils.java:logGet(43)) - raft.server.rpc.timeout.max = 1200ms (custom)
2019-11-14 17:36:48,559 [pool-149-thread-1] INFO  server.RaftServerConfigKeys (ConfUtils.java:logGet(43)) - raft.server.rpcslowness.timeout = 120s (custom)
2019-11-14 17:36:48,560 [pool-169-thread-1] INFO  storage.RaftStorageDirectory (RaftStorageDirectory.java:analyzeStorage(246)) - The storage directory /workdir/hadoop-ozone/integration-test/target/test-dir/MiniOzoneClusterImpl-22bbe08b-7feb-4e26-8434-b505ec12d921/datanode-2/data/ratis/dbc83d6b-b9a5-44e6-b4b9-7e7d5a9dddd2 does not exist. Creating ...
2019-11-14 17:36:48,560 [pool-149-thread-1] INFO  server.RaftServerConfigKeys (ConfUtils.java:logGet(43)) - raft.server.sleep.deviation.threshold = 300 (default)
2019-11-14 17:36:48,560 [pool-149-thread-1] INFO  server.RaftServerConfigKeys (ConfUtils.java:logGet(43)) - raft.server.log.appender.install.snapshot.enabled = false (custom)
2019-11-14 17:36:48,560 [pool-149-thread-1] INFO  impl.RaftServerImpl (ServerState.java:<init>(103)) - b2e3cdb6-e490-4d5b-a0a3-6f5ff6451210@group-7E7D5A9DDDD2: ConfigurationManager, init=-1: [b2e3cdb6-e490-4d5b-a0a3-6f5ff6451210:192.168.157.194:37477, f5a4bf5a-4195-495f-81ba-193832aea29d:192.168.157.194:46851, 7dd38d19-97a5-42cf-8254-8fed67def3f2:192.168.157.194:40753], old=null, confs=<EMPTY_MAP>
2019-11-14 17:36:48,560 [pool-149-thread-1] INFO  server.RaftServerConfigKeys (ConfUtils.java:logGet(43)) - raft.server.storage.dir = [/workdir/hadoop-ozone/integration-test/target/test-dir/MiniOzoneClusterImpl-22bbe08b-7feb-4e26-8434-b505ec12d921/datanode-0/data/ratis] (custom)
2019-11-14 17:36:48,560 [pool-149-thread-1] INFO  server.RaftServerConfigKeys (ConfUtils.java:logGet(43)) - raft.server.log.corruption.policy = EXCEPTION (default)
2019-11-14 17:36:48,560 [pool-149-thread-1] INFO  storage.RaftStorageDirectory (RaftStorageDirectory.java:analyzeStorage(246)) - The storage directory /workdir/hadoop-ozone/integration-test/target/test-dir/MiniOzoneClusterImpl-22bbe08b-7feb-4e26-8434-b505ec12d921/datanode-0/data/ratis/dbc83d6b-b9a5-44e6-b4b9-7e7d5a9dddd2 does not exist. Creating ...
2019-11-14 17:36:48,582 [pool-169-thread-1] INFO  storage.RaftStorageDirectory (RaftStorageDirectory.java:tryLock(328)) - Lock on /workdir/hadoop-ozone/integration-test/target/test-dir/MiniOzoneClusterImpl-22bbe08b-7feb-4e26-8434-b505ec12d921/datanode-2/data/ratis/dbc83d6b-b9a5-44e6-b4b9-7e7d5a9dddd2/in_use.lock acquired by nodename 10142@pr-hdds-2482-j87dr-2776293630
2019-11-14 17:36:48,582 [pool-159-thread-1] INFO  storage.RaftStorageDirectory (RaftStorageDirectory.java:tryLock(328)) - Lock on /workdir/hadoop-ozone/integration-test/target/test-dir/MiniOzoneClusterImpl-22bbe08b-7feb-4e26-8434-b505ec12d921/datanode-1/data/ratis/dbc83d6b-b9a5-44e6-b4b9-7e7d5a9dddd2/in_use.lock acquired by nodename 10142@pr-hdds-2482-j87dr-2776293630
2019-11-14 17:36:48,582 [pool-149-thread-1] INFO  storage.RaftStorageDirectory (RaftStorageDirectory.java:tryLock(328)) - Lock on /workdir/hadoop-ozone/integration-test/target/test-dir/MiniOzoneClusterImpl-22bbe08b-7feb-4e26-8434-b505ec12d921/datanode-0/data/ratis/dbc83d6b-b9a5-44e6-b4b9-7e7d5a9dddd2/in_use.lock acquired by nodename 10142@pr-hdds-2482-j87dr-2776293630
2019-11-14 17:36:48,599 [1f17fae6-ef42-4b5f-b929-258c4df74eb0@group-E7DF167351A9-SegmentedRaftLogWorker] INFO  segmented.SegmentedRaftLogWorker (SegmentedRaftLogWorker.java:execute(576)) - 1f17fae6-ef42-4b5f-b929-258c4df74eb0@group-E7DF167351A9-SegmentedRaftLogWorker: created new log segment /workdir/hadoop-ozone/integration-test/target/test-dir/MiniOzoneClusterImpl-22bbe08b-7feb-4e26-8434-b505ec12d921/datanode-7/data/ratis/95214e6b-bdf4-4946-b509-e7df167351a9/current/log_inprogress_1
2019-11-14 17:36:48,599 [pool-169-thread-1] INFO  storage.RaftStorage (RaftStorage.java:format(84)) - Storage directory /workdir/hadoop-ozone/integration-test/target/test-dir/MiniOzoneClusterImpl-22bbe08b-7feb-4e26-8434-b505ec12d921/datanode-2/data/ratis/dbc83d6b-b9a5-44e6-b4b9-7e7d5a9dddd2 has been successfully formatted.
2019-11-14 17:36:48,599 [pool-149-thread-1] INFO  storage.RaftStorage (RaftStorage.java:format(84)) - Storage directory /workdir/hadoop-ozone/integration-test/target/test-dir/MiniOzoneClusterImpl-22bbe08b-7feb-4e26-8434-b505ec12d921/datanode-0/data/ratis/dbc83d6b-b9a5-44e6-b4b9-7e7d5a9dddd2 has been successfully formatted.
2019-11-14 17:36:48,599 [pool-159-thread-1] INFO  storage.RaftStorage (RaftStorage.java:format(84)) - Storage directory /workdir/hadoop-ozone/integration-test/target/test-dir/MiniOzoneClusterImpl-22bbe08b-7feb-4e26-8434-b505ec12d921/datanode-1/data/ratis/dbc83d6b-b9a5-44e6-b4b9-7e7d5a9dddd2 has been successfully formatted.
2019-11-14 17:36:48,600 [pool-169-thread-1] INFO  ratis.ContainerStateMachine (ContainerStateMachine.java:loadSnapshot(223)) - group-7E7D5A9DDDD2: The snapshot info is null. Setting the last applied indexto:(t:0, i:~)
2019-11-14 17:36:48,600 [pool-159-thread-1] INFO  ratis.ContainerStateMachine (ContainerStateMachine.java:loadSnapshot(223)) - group-7E7D5A9DDDD2: The snapshot info is null. Setting the last applied indexto:(t:0, i:~)
2019-11-14 17:36:48,600 [pool-149-thread-1] INFO  ratis.ContainerStateMachine (ContainerStateMachine.java:loadSnapshot(223)) - group-7E7D5A9DDDD2: The snapshot info is null. Setting the last applied indexto:(t:0, i:~)
2019-11-14 17:36:48,600 [pool-159-thread-1] INFO  server.RaftServerConfigKeys (ConfUtils.java:logGet(43)) - raft.server.notification.no-leader.timeout = 120s (custom)
2019-11-14 17:36:48,600 [pool-169-thread-1] INFO  server.RaftServerConfigKeys (ConfUtils.java:logGet(43)) - raft.server.notification.no-leader.timeout = 120s (custom)
2019-11-14 17:36:48,600 [pool-159-thread-1] INFO  server.RaftServerConfigKeys (ConfUtils.java:logGet(43)) - raft.server.log.use.memory = false (default)
2019-11-14 17:36:48,600 [pool-149-thread-1] INFO  server.RaftServerConfigKeys (ConfUtils.java:logGet(43)) - raft.server.notification.no-leader.timeout = 120s (custom)
2019-11-14 17:36:48,600 [pool-159-thread-1] INFO  server.RaftServerConfigKeys (ConfUtils.java:logGet(43)) - raft.server.log.purge.gap = 1000000 (custom)
2019-11-14 17:36:48,600 [pool-169-thread-1] INFO  server.RaftServerConfigKeys (ConfUtils.java:logGet(43)) - raft.server.log.use.memory = false (default)
2019-11-14 17:36:48,601 [pool-159-thread-1] INFO  server.RaftServerConfigKeys (ConfUtils.java:logGet(43)) - raft.server.log.appender.buffer.byte-limit = 33554432 (custom)
2019-11-14 17:36:48,601 [pool-159-thread-1] INFO  server.RaftServerConfigKeys (ConfUtils.java:logGet(43)) - raft.server.log.segment.size.max = 1048576 (custom)
2019-11-14 17:36:48,600 [pool-149-thread-1] INFO  server.RaftServerConfigKeys (ConfUtils.java:logGet(43)) - raft.server.log.use.memory = false (default)
2019-11-14 17:36:48,601 [pool-159-thread-1] INFO  server.RaftServerConfigKeys (ConfUtils.java:logGet(43)) - raft.server.log.segment.cache.num.max = 2 (custom)
2019-11-14 17:36:48,601 [pool-169-thread-1] INFO  server.RaftServerConfigKeys (ConfUtils.java:logGet(43)) - raft.server.log.purge.gap = 1000000 (custom)
2019-11-14 17:36:48,601 [pool-159-thread-1] INFO  segmented.SegmentedRaftLogWorker (SegmentedRaftLogWorker.java:<init>(173)) - new f5a4bf5a-4195-495f-81ba-193832aea29d@group-7E7D5A9DDDD2-SegmentedRaftLogWorker for RaftStorage:Storage Directory /workdir/hadoop-ozone/integration-test/target/test-dir/MiniOzoneClusterImpl-22bbe08b-7feb-4e26-8434-b505ec12d921/datanode-1/data/ratis/dbc83d6b-b9a5-44e6-b4b9-7e7d5a9dddd2
2019-11-14 17:36:48,601 [pool-149-thread-1] INFO  server.RaftServerConfigKeys (ConfUtils.java:logGet(43)) - raft.server.log.purge.gap = 1000000 (custom)
2019-11-14 17:36:48,601 [pool-159-thread-1] INFO  server.RaftServerConfigKeys (ConfUtils.java:logGet(43)) - raft.server.log.queue.byte-limit = 2147483647 (custom)
2019-11-14 17:36:48,601 [pool-169-thread-1] INFO  server.RaftServerConfigKeys (ConfUtils.java:logGet(43)) - raft.server.log.appender.buffer.byte-limit = 33554432 (custom)
2019-11-14 17:36:48,601 [pool-159-thread-1] INFO  server.RaftServerConfigKeys (ConfUtils.java:logGet(43)) - raft.server.log.queue.element-limit = 1024 (custom)
2019-11-14 17:36:48,601 [pool-149-thread-1] INFO  server.RaftServerConfigKeys (ConfUtils.java:logGet(43)) - raft.server.log.appender.buffer.byte-limit = 33554432 (custom)
2019-11-14 17:36:48,601 [pool-159-thread-1] INFO  server.RaftServerConfigKeys (ConfUtils.java:logGet(43)) - raft.server.log.segment.size.max = 1048576 (custom)
2019-11-14 17:36:48,601 [pool-169-thread-1] INFO  server.RaftServerConfigKeys (ConfUtils.java:logGet(43)) - raft.server.log.segment.size.max = 1048576 (custom)
2019-11-14 17:36:48,602 [pool-159-thread-1] INFO  server.RaftServerConfigKeys (ConfUtils.java:logGet(43)) - raft.server.log.preallocated.size = 16384 (custom)
2019-11-14 17:36:48,602 [pool-149-thread-1] INFO  server.RaftServerConfigKeys (ConfUtils.java:logGet(43)) - raft.server.log.segment.size.max = 1048576 (custom)
2019-11-14 17:36:48,602 [pool-159-thread-1] INFO  server.RaftServerConfigKeys (ConfUtils.java:logGet(43)) - raft.server.log.write.buffer.size = 33554432 (custom)
2019-11-14 17:36:48,602 [pool-169-thread-1] INFO  server.RaftServerConfigKeys (ConfUtils.java:logGet(43)) - raft.server.log.segment.cache.num.max = 2 (custom)
2019-11-14 17:36:48,602 [pool-159-thread-1] INFO  server.RaftServerConfigKeys (ConfUtils.java:logGet(43)) - raft.server.log.force.sync.num = 128 (default)
2019-11-14 17:36:48,602 [pool-149-thread-1] INFO  server.RaftServerConfigKeys (ConfUtils.java:logGet(43)) - raft.server.log.segment.cache.num.max = 2 (custom)
2019-11-14 17:36:48,602 [pool-159-thread-1] INFO  server.RaftServerConfigKeys (ConfUtils.java:logGet(43)) - raft.server.log.statemachine.data.sync = true (default)
2019-11-14 17:36:48,602 [pool-169-thread-1] INFO  segmented.SegmentedRaftLogWorker (SegmentedRaftLogWorker.java:<init>(173)) - new 7dd38d19-97a5-42cf-8254-8fed67def3f2@group-7E7D5A9DDDD2-SegmentedRaftLogWorker for RaftStorage:Storage Directory /workdir/hadoop-ozone/integration-test/target/test-dir/MiniOzoneClusterImpl-22bbe08b-7feb-4e26-8434-b505ec12d921/datanode-2/data/ratis/dbc83d6b-b9a5-44e6-b4b9-7e7d5a9dddd2
2019-11-14 17:36:48,602 [pool-159-thread-1] INFO  server.RaftServerConfigKeys (ConfUtils.java:logGet(43)) - raft.server.log.statemachine.data.sync.timeout = 10s (default)
2019-11-14 17:36:48,602 [pool-149-thread-1] INFO  segmented.SegmentedRaftLogWorker (SegmentedRaftLogWorker.java:<init>(173)) - new b2e3cdb6-e490-4d5b-a0a3-6f5ff6451210@group-7E7D5A9DDDD2-SegmentedRaftLogWorker for RaftStorage:Storage Directory /workdir/hadoop-ozone/integration-test/target/test-dir/MiniOzoneClusterImpl-22bbe08b-7feb-4e26-8434-b505ec12d921/datanode-0/data/ratis/dbc83d6b-b9a5-44e6-b4b9-7e7d5a9dddd2
2019-11-14 17:36:48,603 [pool-159-thread-1] INFO  server.RaftServerConfigKeys (ConfUtils.java:logGet(43)) - raft.server.log.statemachine.data.sync.timeout.retry = -1 (default)
2019-11-14 17:36:48,603 [pool-169-thread-1] INFO  server.RaftServerConfigKeys (ConfUtils.java:logGet(43)) - raft.server.log.queue.byte-limit = 2147483647 (custom)
2019-11-14 17:36:48,603 [pool-159-thread-1] INFO  server.RaftServerConfigKeys (ConfUtils.java:logGet(43)) - raft.server.log.statemachine.data.caching.enabled = true (custom)
2019-11-14 17:36:48,603 [pool-149-thread-1] INFO  server.RaftServerConfigKeys (ConfUtils.java:logGet(43)) - raft.server.log.queue.byte-limit = 2147483647 (custom)
2019-11-14 17:36:48,603 [pool-169-thread-1] INFO  server.RaftServerConfigKeys (ConfUtils.java:logGet(43)) - raft.server.log.queue.element-limit = 1024 (custom)
2019-11-14 17:36:48,603 [pool-159-thread-1] INFO  segmented.SegmentedRaftLogWorker (SegmentedRaftLogWorker.java:lambda$new$0(128)) - f5a4bf5a-4195-495f-81ba-193832aea29d@group-7E7D5A9DDDD2-SegmentedRaftLogWorker: flushIndex: setUnconditionally 0 -> -1
2019-11-14 17:36:48,603 [pool-149-thread-1] INFO  server.RaftServerConfigKeys (ConfUtils.java:logGet(43)) - raft.server.log.queue.element-limit = 1024 (custom)
2019-11-14 17:36:48,603 [pool-169-thread-1] INFO  server.RaftServerConfigKeys (ConfUtils.java:logGet(43)) - raft.server.log.segment.size.max = 1048576 (custom)
2019-11-14 17:36:48,603 [pool-159-thread-1] INFO  server.RaftServerConfigKeys (ConfUtils.java:logGet(43)) - raft.server.snapshot.auto.trigger.enabled = true (custom)
2019-11-14 17:36:48,603 [pool-149-thread-1] INFO  server.RaftServerConfigKeys (ConfUtils.java:logGet(43)) - raft.server.log.segment.size.max = 1048576 (custom)
2019-11-14 17:36:48,604 [pool-159-thread-1] INFO  server.RaftServerConfigKeys (ConfUtils.java:logGet(43)) - raft.server.snapshot.auto.trigger.threshold = 10000 (custom)
2019-11-14 17:36:48,603 [pool-169-thread-1] INFO  server.RaftServerConfigKeys (ConfUtils.java:logGet(43)) - raft.server.log.preallocated.size = 16384 (custom)
2019-11-14 17:36:48,604 [pool-159-thread-1] INFO  server.RaftServerConfigKeys (ConfUtils.java:logGet(43)) - raft.server.snapshot.retention.file.num = 5 (custom)
2019-11-14 17:36:48,604 [pool-149-thread-1] INFO  server.RaftServerConfigKeys (ConfUtils.java:logGet(43)) - raft.server.log.preallocated.size = 16384 (custom)
2019-11-14 17:36:48,604 [pool-159-thread-1] INFO  server.RaftServerConfigKeys (ConfUtils.java:logGet(43)) - raft.server.retrycache.expirytime = 600000ms (custom)
2019-11-14 17:36:48,604 [pool-169-thread-1] INFO  server.RaftServerConfigKeys (ConfUtils.java:logGet(43)) - raft.server.log.write.buffer.size = 33554432 (custom)
2019-11-14 17:36:48,604 [pool-159-thread-1] WARN  impl.MetricRegistriesImpl (MetricRegistriesImpl.java:lambda$create$1(61)) - First MetricRegistry has been created without registering reporters. You may need to call MetricRegistries.global().addReportRegistration(...) before.
2019-11-14 17:36:48,604 [pool-149-thread-1] INFO  server.RaftServerConfigKeys (ConfUtils.java:logGet(43)) - raft.server.log.write.buffer.size = 33554432 (custom)
2019-11-14 17:36:48,604 [pool-159-thread-1] WARN  impl.MetricRegistriesImpl (MetricRegistriesImpl.java:lambda$create$1(61)) - First MetricRegistry has been created without registering reporters. You may need to call MetricRegistries.global().addReportRegistration(...) before.
2019-11-14 17:36:48,604 [pool-169-thread-1] INFO  server.RaftServerConfigKeys (ConfUtils.java:logGet(43)) - raft.server.log.force.sync.num = 128 (default)
2019-11-14 17:36:48,604 [pool-159-thread-1] INFO  impl.RaftServerImpl (RaftServerImpl.java:start(184)) - f5a4bf5a-4195-495f-81ba-193832aea29d@group-7E7D5A9DDDD2: start as a follower, conf=-1: [b2e3cdb6-e490-4d5b-a0a3-6f5ff6451210:192.168.157.194:37477, f5a4bf5a-4195-495f-81ba-193832aea29d:192.168.157.194:46851, 7dd38d19-97a5-42cf-8254-8fed67def3f2:192.168.157.194:40753], old=null
2019-11-14 17:36:48,604 [pool-149-thread-1] INFO  server.RaftServerConfigKeys (ConfUtils.java:logGet(43)) - raft.server.log.force.sync.num = 128 (default)
2019-11-14 17:36:48,605 [pool-159-thread-1] INFO  impl.RaftServerImpl (RaftServerImpl.java:setRole(173)) - f5a4bf5a-4195-495f-81ba-193832aea29d@group-7E7D5A9DDDD2: changes role from      null to FOLLOWER at term 0 for startAsFollower
2019-11-14 17:36:48,605 [pool-169-thread-1] INFO  server.RaftServerConfigKeys (ConfUtils.java:logGet(43)) - raft.server.log.statemachine.data.sync = true (default)
2019-11-14 17:36:48,605 [pool-159-thread-1] INFO  impl.RoleInfo (RoleInfo.java:updateAndGet(143)) - f5a4bf5a-4195-495f-81ba-193832aea29d: start FollowerState
2019-11-14 17:36:48,605 [pool-149-thread-1] INFO  server.RaftServerConfigKeys (ConfUtils.java:logGet(43)) - raft.server.log.statemachine.data.sync = true (default)
2019-11-14 17:36:48,605 [pool-169-thread-1] INFO  server.RaftServerConfigKeys (ConfUtils.java:logGet(43)) - raft.server.log.statemachine.data.sync.timeout = 10s (default)
2019-11-14 17:36:48,605 [pool-149-thread-1] INFO  server.RaftServerConfigKeys (ConfUtils.java:logGet(43)) - raft.server.log.statemachine.data.sync.timeout = 10s (default)
2019-11-14 17:36:48,605 [pool-169-thread-1] INFO  server.RaftServerConfigKeys (ConfUtils.java:logGet(43)) - raft.server.log.statemachine.data.sync.timeout.retry = -1 (default)
2019-11-14 17:36:48,605 [pool-159-thread-1] INFO  util.JmxRegister (JmxRegister.java:tryRegister(44)) - Successfully registered JMX Bean with object name Ratis:service=RaftServer,group=group-7E7D5A9DDDD2,id=f5a4bf5a-4195-495f-81ba-193832aea29d
2019-11-14 17:36:48,605 [pool-149-thread-1] INFO  server.RaftServerConfigKeys (ConfUtils.java:logGet(43)) - raft.server.log.statemachine.data.sync.timeout.retry = -1 (default)
2019-11-14 17:36:48,605 [pool-159-thread-1] WARN  impl.MetricRegistriesImpl (MetricRegistriesImpl.java:lambda$create$1(61)) - First MetricRegistry has been created without registering reporters. You may need to call MetricRegistries.global().addReportRegistration(...) before.
2019-11-14 17:36:48,605 [pool-169-thread-1] INFO  server.RaftServerConfigKeys (ConfUtils.java:logGet(43)) - raft.server.log.statemachine.data.caching.enabled = true (custom)
2019-11-14 17:36:48,606 [pool-149-thread-1] INFO  server.RaftServerConfigKeys (ConfUtils.java:logGet(43)) - raft.server.log.statemachine.data.caching.enabled = true (custom)
2019-11-14 17:36:48,606 [pool-169-thread-1] INFO  segmented.SegmentedRaftLogWorker (SegmentedRaftLogWorker.java:lambda$new$0(128)) - 7dd38d19-97a5-42cf-8254-8fed67def3f2@group-7E7D5A9DDDD2-SegmentedRaftLogWorker: flushIndex: setUnconditionally 0 -> -1
2019-11-14 17:36:48,606 [pool-149-thread-1] INFO  segmented.SegmentedRaftLogWorker (SegmentedRaftLogWorker.java:lambda$new$0(128)) - b2e3cdb6-e490-4d5b-a0a3-6f5ff6451210@group-7E7D5A9DDDD2-SegmentedRaftLogWorker: flushIndex: setUnconditionally 0 -> -1
2019-11-14 17:36:48,606 [pool-169-thread-1] INFO  server.RaftServerConfigKeys (ConfUtils.java:logGet(43)) - raft.server.snapshot.auto.trigger.enabled = true (custom)
2019-11-14 17:36:48,606 [pool-149-thread-1] INFO  server.RaftServerConfigKeys (ConfUtils.java:logGet(43)) - raft.server.snapshot.auto.trigger.enabled = true (custom)
2019-11-14 17:36:48,606 [pool-169-thread-1] INFO  server.RaftServerConfigKeys (ConfUtils.java:logGet(43)) - raft.server.snapshot.auto.trigger.threshold = 10000 (custom)
2019-11-14 17:36:48,606 [pool-149-thread-1] INFO  server.RaftServerConfigKeys (ConfUtils.java:logGet(43)) - raft.server.snapshot.auto.trigger.threshold = 10000 (custom)
2019-11-14 17:36:48,606 [pool-169-thread-1] INFO  server.RaftServerConfigKeys (ConfUtils.java:logGet(43)) - raft.server.snapshot.retention.file.num = 5 (custom)
2019-11-14 17:36:48,607 [pool-149-thread-1] INFO  server.RaftServerConfigKeys (ConfUtils.java:logGet(43)) - raft.server.snapshot.retention.file.num = 5 (custom)
2019-11-14 17:36:48,607 [pool-169-thread-1] INFO  server.RaftServerConfigKeys (ConfUtils.java:logGet(43)) - raft.server.retrycache.expirytime = 600000ms (custom)
2019-11-14 17:36:48,607 [pool-149-thread-1] INFO  server.RaftServerConfigKeys (ConfUtils.java:logGet(43)) - raft.server.retrycache.expirytime = 600000ms (custom)
2019-11-14 17:36:48,607 [pool-169-thread-1] WARN  impl.MetricRegistriesImpl (MetricRegistriesImpl.java:lambda$create$1(61)) - First MetricRegistry has been created without registering reporters. You may need to call MetricRegistries.global().addReportRegistration(...) before.
2019-11-14 17:36:48,607 [pool-149-thread-1] WARN  impl.MetricRegistriesImpl (MetricRegistriesImpl.java:lambda$create$1(61)) - First MetricRegistry has been created without registering reporters. You may need to call MetricRegistries.global().addReportRegistration(...) before.
2019-11-14 17:36:48,607 [pool-169-thread-1] WARN  impl.MetricRegistriesImpl (MetricRegistriesImpl.java:lambda$create$1(61)) - First MetricRegistry has been created without registering reporters. You may need to call MetricRegistries.global().addReportRegistration(...) before.
2019-11-14 17:36:48,607 [pool-149-thread-1] WARN  impl.MetricRegistriesImpl (MetricRegistriesImpl.java:lambda$create$1(61)) - First MetricRegistry has been created without registering reporters. You may need to call MetricRegistries.global().addReportRegistration(...) before.
2019-11-14 17:36:48,607 [pool-169-thread-1] INFO  impl.RaftServerImpl (RaftServerImpl.java:start(184)) - 7dd38d19-97a5-42cf-8254-8fed67def3f2@group-7E7D5A9DDDD2: start as a follower, conf=-1: [b2e3cdb6-e490-4d5b-a0a3-6f5ff6451210:192.168.157.194:37477, f5a4bf5a-4195-495f-81ba-193832aea29d:192.168.157.194:46851, 7dd38d19-97a5-42cf-8254-8fed67def3f2:192.168.157.194:40753], old=null
2019-11-14 17:36:48,608 [pool-149-thread-1] INFO  impl.RaftServerImpl (RaftServerImpl.java:start(184)) - b2e3cdb6-e490-4d5b-a0a3-6f5ff6451210@group-7E7D5A9DDDD2: start as a follower, conf=-1: [b2e3cdb6-e490-4d5b-a0a3-6f5ff6451210:192.168.157.194:37477, f5a4bf5a-4195-495f-81ba-193832aea29d:192.168.157.194:46851, 7dd38d19-97a5-42cf-8254-8fed67def3f2:192.168.157.194:40753], old=null
2019-11-14 17:36:48,608 [pool-169-thread-1] INFO  impl.RaftServerImpl (RaftServerImpl.java:setRole(173)) - 7dd38d19-97a5-42cf-8254-8fed67def3f2@group-7E7D5A9DDDD2: changes role from      null to FOLLOWER at term 0 for startAsFollower
2019-11-14 17:36:48,608 [pool-149-thread-1] INFO  impl.RaftServerImpl (RaftServerImpl.java:setRole(173)) - b2e3cdb6-e490-4d5b-a0a3-6f5ff6451210@group-7E7D5A9DDDD2: changes role from      null to FOLLOWER at term 0 for startAsFollower
2019-11-14 17:36:48,608 [pool-169-thread-1] INFO  impl.RoleInfo (RoleInfo.java:updateAndGet(143)) - 7dd38d19-97a5-42cf-8254-8fed67def3f2: start FollowerState
2019-11-14 17:36:48,608 [pool-149-thread-1] INFO  impl.RoleInfo (RoleInfo.java:updateAndGet(143)) - b2e3cdb6-e490-4d5b-a0a3-6f5ff6451210: start FollowerState
2019-11-14 17:36:48,608 [pool-169-thread-1] INFO  util.JmxRegister (JmxRegister.java:tryRegister(44)) - Successfully registered JMX Bean with object name Ratis:service=RaftServer,group=group-7E7D5A9DDDD2,id=7dd38d19-97a5-42cf-8254-8fed67def3f2
2019-11-14 17:36:48,608 [pool-149-thread-1] INFO  util.JmxRegister (JmxRegister.java:tryRegister(44)) - Successfully registered JMX Bean with object name Ratis:service=RaftServer,group=group-7E7D5A9DDDD2,id=b2e3cdb6-e490-4d5b-a0a3-6f5ff6451210
2019-11-14 17:36:48,608 [pool-169-thread-1] WARN  impl.MetricRegistriesImpl (MetricRegistriesImpl.java:lambda$create$1(61)) - First MetricRegistry has been created without registering reporters. You may need to call MetricRegistries.global().addReportRegistration(...) before.
2019-11-14 17:36:48,608 [pool-149-thread-1] WARN  impl.MetricRegistriesImpl (MetricRegistriesImpl.java:lambda$create$1(61)) - First MetricRegistry has been created without registering reporters. You may need to call MetricRegistries.global().addReportRegistration(...) before.
2019-11-14 17:36:48,610 [RatisPipelineUtilsThread] INFO  pipeline.PipelineStateManager (PipelineStateManager.java:addPipeline(55)) - Created pipeline Pipeline[ Id: dbc83d6b-b9a5-44e6-b4b9-7e7d5a9dddd2, Nodes: f5a4bf5a-4195-495f-81ba-193832aea29d{ip: 192.168.157.194, host: pr-hdds-2482-j87dr-2776293630, networkLocation: /rack1, certSerialId: null}7dd38d19-97a5-42cf-8254-8fed67def3f2{ip: 192.168.157.194, host: pr-hdds-2482-j87dr-2776293630, networkLocation: /rack1, certSerialId: null}b2e3cdb6-e490-4d5b-a0a3-6f5ff6451210{ip: 192.168.157.194, host: pr-hdds-2482-j87dr-2776293630, networkLocation: /rack1, certSerialId: null}, Type:RATIS, Factor:THREE, State:ALLOCATED]
2019-11-14 17:36:48,611 [Thread-1235] INFO  pipeline.PipelineStateManager (PipelineStateManager.java:finalizePipeline(121)) - Pipeline Pipeline[ Id: 12e6e300-4dd1-498f-ae03-5a1c39dae1d4, Nodes: c40a56fe-5273-466a-9f61-79febf43aa6a{ip: 192.168.157.194, host: pr-hdds-2482-j87dr-2776293630, networkLocation: /rack1, certSerialId: null}, Type:RATIS, Factor:ONE, State:CLOSED] moved to CLOSED state
2019-11-14 17:36:48,614 [grpc-default-executor-2] INFO  impl.RaftServerProxy (RaftServerProxy.java:remove(95)) - c40a56fe-5273-466a-9f61-79febf43aa6a: remove    LEADER c40a56fe-5273-466a-9f61-79febf43aa6a@group-5A1C39DAE1D4:t1, leader=c40a56fe-5273-466a-9f61-79febf43aa6a, voted=c40a56fe-5273-466a-9f61-79febf43aa6a, raftlog=c40a56fe-5273-466a-9f61-79febf43aa6a@group-5A1C39DAE1D4-SegmentedRaftLog:OPENED:c0,f0,i0, conf=0: [c40a56fe-5273-466a-9f61-79febf43aa6a:192.168.157.194:45340], old=null RUNNING
2019-11-14 17:36:48,614 [grpc-default-executor-2] INFO  impl.RaftServerImpl (RaftServerImpl.java:lambda$shutdown$3(250)) - c40a56fe-5273-466a-9f61-79febf43aa6a@group-5A1C39DAE1D4: shutdown
2019-11-14 17:36:48,614 [grpc-default-executor-2] INFO  util.JmxRegister (JmxRegister.java:unregister(73)) - Successfully un-registered JMX Bean with object name Ratis:service=RaftServer,group=group-5A1C39DAE1D4,id=c40a56fe-5273-466a-9f61-79febf43aa6a
2019-11-14 17:36:48,615 [grpc-default-executor-2] INFO  impl.RoleInfo (RoleInfo.java:shutdownLeaderState(104)) - c40a56fe-5273-466a-9f61-79febf43aa6a: shutdown LeaderState
2019-11-14 17:36:48,615 [grpc-default-executor-2] INFO  impl.PendingRequests (PendingRequests.java:sendNotLeaderResponses(206)) - c40a56fe-5273-466a-9f61-79febf43aa6a@group-5A1C39DAE1D4-PendingRequests: sendNotLeaderResponses
2019-11-14 17:36:48,615 [grpc-default-executor-2] INFO  impl.StateMachineUpdater (StateMachineUpdater.java:stopAndJoin(136)) - c40a56fe-5273-466a-9f61-79febf43aa6a@group-5A1C39DAE1D4-StateMachineUpdater: set stopIndex = 0
2019-11-14 17:36:48,615 [grpc-default-executor-2] INFO  impl.RaftServerImpl (ServerState.java:close(387)) - c40a56fe-5273-466a-9f61-79febf43aa6a@group-5A1C39DAE1D4: closes. applyIndex: 0
2019-11-14 17:36:48,615 [c40a56fe-5273-466a-9f61-79febf43aa6a@group-5A1C39DAE1D4-SegmentedRaftLogWorker] INFO  segmented.SegmentedRaftLogWorker (SegmentedRaftLogWorker.java:run(316)) - c40a56fe-5273-466a-9f61-79febf43aa6a@group-5A1C39DAE1D4-SegmentedRaftLogWorker was interrupted, exiting. There are 0 tasks remaining in the queue.
2019-11-14 17:36:48,615 [grpc-default-executor-2] INFO  segmented.SegmentedRaftLogWorker (SegmentedRaftLogWorker.java:close(224)) - c40a56fe-5273-466a-9f61-79febf43aa6a@group-5A1C39DAE1D4-SegmentedRaftLogWorker close()
2019-11-14 17:36:48,619 [Thread-1235] INFO  pipeline.PipelineStateManager (PipelineStateManager.java:removePipeline(106)) - Pipeline Pipeline[ Id: 12e6e300-4dd1-498f-ae03-5a1c39dae1d4, Nodes: c40a56fe-5273-466a-9f61-79febf43aa6a{ip: 192.168.157.194, host: pr-hdds-2482-j87dr-2776293630, networkLocation: /rack1, certSerialId: null}, Type:RATIS, Factor:ONE, State:CLOSED] removed from db
2019-11-14 17:36:48,619 [Thread-1235] INFO  pipeline.SCMPipelineManager (SCMPipelineManager.java:finalizeAndDestroyPipeline(315)) - destroying pipeline:Pipeline[ Id: 54c8d005-47dd-43b7-b9f9-4b28b00b2337, Nodes: 1f17fae6-ef42-4b5f-b929-258c4df74eb0{ip: 192.168.157.194, host: pr-hdds-2482-j87dr-2776293630, networkLocation: /rack1, certSerialId: null}, Type:RATIS, Factor:ONE, State:OPEN]
2019-11-14 17:36:48,622 [grpc-default-executor-2] INFO  impl.RaftServerProxy (RaftServerProxy.java:addNew(89)) - c40a56fe-5273-466a-9f61-79febf43aa6a: addNew group-A9B8EDCEA82D:[c40a56fe-5273-466a-9f61-79febf43aa6a:192.168.157.194:45340] returns group-A9B8EDCEA82D:java.util.concurrent.CompletableFuture@470b53b4[Not completed]
2019-11-14 17:36:48,623 [pool-199-thread-1] INFO  impl.RaftServerImpl (RaftServerImpl.java:<init>(98)) - c40a56fe-5273-466a-9f61-79febf43aa6a: new RaftServerImpl for group-A9B8EDCEA82D:[c40a56fe-5273-466a-9f61-79febf43aa6a:192.168.157.194:45340] with ContainerStateMachine:uninitialized
2019-11-14 17:36:48,623 [pool-199-thread-1] INFO  server.RaftServerConfigKeys (ConfUtils.java:logGet(43)) - raft.server.rpc.timeout.min = 1s (custom)
2019-11-14 17:36:48,623 [pool-199-thread-1] INFO  server.RaftServerConfigKeys (ConfUtils.java:logGet(43)) - raft.server.rpc.timeout.max = 1200ms (custom)
2019-11-14 17:36:48,623 [pool-199-thread-1] INFO  server.RaftServerConfigKeys (ConfUtils.java:logGet(43)) - raft.server.rpcslowness.timeout = 120s (custom)
2019-11-14 17:36:48,623 [pool-199-thread-1] INFO  server.RaftServerConfigKeys (ConfUtils.java:logGet(43)) - raft.server.sleep.deviation.threshold = 300 (default)
2019-11-14 17:36:48,623 [pool-199-thread-1] INFO  server.RaftServerConfigKeys (ConfUtils.java:logGet(43)) - raft.server.log.appender.install.snapshot.enabled = false (custom)
2019-11-14 17:36:48,623 [pool-199-thread-1] INFO  impl.RaftServerImpl (ServerState.java:<init>(103)) - c40a56fe-5273-466a-9f61-79febf43aa6a@group-A9B8EDCEA82D: ConfigurationManager, init=-1: [c40a56fe-5273-466a-9f61-79febf43aa6a:192.168.157.194:45340], old=null, confs=<EMPTY_MAP>
2019-11-14 17:36:48,623 [pool-199-thread-1] INFO  server.RaftServerConfigKeys (ConfUtils.java:logGet(43)) - raft.server.storage.dir = [/workdir/hadoop-ozone/integration-test/target/test-dir/MiniOzoneClusterImpl-22bbe08b-7feb-4e26-8434-b505ec12d921/datanode-5/data/ratis] (custom)
2019-11-14 17:36:48,624 [pool-199-thread-1] INFO  server.RaftServerConfigKeys (ConfUtils.java:logGet(43)) - raft.server.log.corruption.policy = EXCEPTION (default)
2019-11-14 17:36:48,624 [pool-199-thread-1] INFO  storage.RaftStorageDirectory (RaftStorageDirectory.java:analyzeStorage(246)) - The storage directory /workdir/hadoop-ozone/integration-test/target/test-dir/MiniOzoneClusterImpl-22bbe08b-7feb-4e26-8434-b505ec12d921/datanode-5/data/ratis/3d973dd9-5e45-4e31-84e8-a9b8edcea82d does not exist. Creating ...
2019-11-14 17:36:48,650 [pool-199-thread-1] INFO  storage.RaftStorageDirectory (RaftStorageDirectory.java:tryLock(328)) - Lock on /workdir/hadoop-ozone/integration-test/target/test-dir/MiniOzoneClusterImpl-22bbe08b-7feb-4e26-8434-b505ec12d921/datanode-5/data/ratis/3d973dd9-5e45-4e31-84e8-a9b8edcea82d/in_use.lock acquired by nodename 10142@pr-hdds-2482-j87dr-2776293630
2019-11-14 17:36:48,676 [pool-199-thread-1] INFO  storage.RaftStorage (RaftStorage.java:format(84)) - Storage directory /workdir/hadoop-ozone/integration-test/target/test-dir/MiniOzoneClusterImpl-22bbe08b-7feb-4e26-8434-b505ec12d921/datanode-5/data/ratis/3d973dd9-5e45-4e31-84e8-a9b8edcea82d has been successfully formatted.
2019-11-14 17:36:48,676 [pool-199-thread-1] INFO  ratis.ContainerStateMachine (ContainerStateMachine.java:loadSnapshot(223)) - group-A9B8EDCEA82D: The snapshot info is null. Setting the last applied indexto:(t:0, i:~)
2019-11-14 17:36:48,676 [pool-199-thread-1] INFO  server.RaftServerConfigKeys (ConfUtils.java:logGet(43)) - raft.server.notification.no-leader.timeout = 120s (custom)
2019-11-14 17:36:48,676 [pool-199-thread-1] INFO  server.RaftServerConfigKeys (ConfUtils.java:logGet(43)) - raft.server.log.use.memory = false (default)
2019-11-14 17:36:48,676 [pool-199-thread-1] INFO  server.RaftServerConfigKeys (ConfUtils.java:logGet(43)) - raft.server.log.purge.gap = 1000000 (custom)
2019-11-14 17:36:48,677 [pool-199-thread-1] INFO  server.RaftServerConfigKeys (ConfUtils.java:logGet(43)) - raft.server.log.appender.buffer.byte-limit = 33554432 (custom)
2019-11-14 17:36:48,677 [pool-199-thread-1] INFO  server.RaftServerConfigKeys (ConfUtils.java:logGet(43)) - raft.server.log.segment.size.max = 1048576 (custom)
2019-11-14 17:36:48,677 [pool-199-thread-1] INFO  server.RaftServerConfigKeys (ConfUtils.java:logGet(43)) - raft.server.log.segment.cache.num.max = 2 (custom)
2019-11-14 17:36:48,677 [pool-199-thread-1] INFO  segmented.SegmentedRaftLogWorker (SegmentedRaftLogWorker.java:<init>(173)) - new c40a56fe-5273-466a-9f61-79febf43aa6a@group-A9B8EDCEA82D-SegmentedRaftLogWorker for RaftStorage:Storage Directory /workdir/hadoop-ozone/integration-test/target/test-dir/MiniOzoneClusterImpl-22bbe08b-7feb-4e26-8434-b505ec12d921/datanode-5/data/ratis/3d973dd9-5e45-4e31-84e8-a9b8edcea82d
2019-11-14 17:36:48,677 [pool-199-thread-1] INFO  server.RaftServerConfigKeys (ConfUtils.java:logGet(43)) - raft.server.log.queue.byte-limit = 2147483647 (custom)
2019-11-14 17:36:48,677 [pool-199-thread-1] INFO  server.RaftServerConfigKeys (ConfUtils.java:logGet(43)) - raft.server.log.queue.element-limit = 1024 (custom)
2019-11-14 17:36:48,677 [pool-199-thread-1] INFO  server.RaftServerConfigKeys (ConfUtils.java:logGet(43)) - raft.server.log.segment.size.max = 1048576 (custom)
2019-11-14 17:36:48,678 [pool-199-thread-1] INFO  server.RaftServerConfigKeys (ConfUtils.java:logGet(43)) - raft.server.log.preallocated.size = 16384 (custom)
2019-11-14 17:36:48,678 [pool-199-thread-1] INFO  server.RaftServerConfigKeys (ConfUtils.java:logGet(43)) - raft.server.log.write.buffer.size = 33554432 (custom)
2019-11-14 17:36:48,678 [pool-199-thread-1] INFO  server.RaftServerConfigKeys (ConfUtils.java:logGet(43)) - raft.server.log.force.sync.num = 128 (default)
2019-11-14 17:36:48,678 [pool-199-thread-1] INFO  server.RaftServerConfigKeys (ConfUtils.java:logGet(43)) - raft.server.log.statemachine.data.sync = true (default)
2019-11-14 17:36:48,678 [pool-199-thread-1] INFO  server.RaftServerConfigKeys (ConfUtils.java:logGet(43)) - raft.server.log.statemachine.data.sync.timeout = 10s (default)
2019-11-14 17:36:48,678 [pool-199-thread-1] INFO  server.RaftServerConfigKeys (ConfUtils.java:logGet(43)) - raft.server.log.statemachine.data.sync.timeout.retry = -1 (default)
2019-11-14 17:36:48,678 [pool-199-thread-1] INFO  server.RaftServerConfigKeys (ConfUtils.java:logGet(43)) - raft.server.log.statemachine.data.caching.enabled = true (custom)
2019-11-14 17:36:48,679 [pool-199-thread-1] INFO  segmented.SegmentedRaftLogWorker (SegmentedRaftLogWorker.java:lambda$new$0(128)) - c40a56fe-5273-466a-9f61-79febf43aa6a@group-A9B8EDCEA82D-SegmentedRaftLogWorker: flushIndex: setUnconditionally 0 -> -1
2019-11-14 17:36:48,679 [pool-199-thread-1] INFO  server.RaftServerConfigKeys (ConfUtils.java:logGet(43)) - raft.server.snapshot.auto.trigger.enabled = true (custom)
2019-11-14 17:36:48,679 [pool-199-thread-1] INFO  server.RaftServerConfigKeys (ConfUtils.java:logGet(43)) - raft.server.snapshot.auto.trigger.threshold = 10000 (custom)
2019-11-14 17:36:48,679 [pool-199-thread-1] INFO  server.RaftServerConfigKeys (ConfUtils.java:logGet(43)) - raft.server.snapshot.retention.file.num = 5 (custom)
2019-11-14 17:36:48,680 [pool-199-thread-1] INFO  server.RaftServerConfigKeys (ConfUtils.java:logGet(43)) - raft.server.retrycache.expirytime = 600000ms (custom)
2019-11-14 17:36:48,680 [pool-199-thread-1] WARN  impl.MetricRegistriesImpl (MetricRegistriesImpl.java:lambda$create$1(61)) - First MetricRegistry has been created without registering reporters. You may need to call MetricRegistries.global().addReportRegistration(...) before.
2019-11-14 17:36:48,680 [pool-199-thread-1] WARN  impl.MetricRegistriesImpl (MetricRegistriesImpl.java:lambda$create$1(61)) - First MetricRegistry has been created without registering reporters. You may need to call MetricRegistries.global().addReportRegistration(...) before.
2019-11-14 17:36:48,680 [pool-199-thread-1] INFO  impl.RaftServerImpl (RaftServerImpl.java:start(184)) - c40a56fe-5273-466a-9f61-79febf43aa6a@group-A9B8EDCEA82D: start as a follower, conf=-1: [c40a56fe-5273-466a-9f61-79febf43aa6a:192.168.157.194:45340], old=null
2019-11-14 17:36:48,680 [pool-199-thread-1] INFO  impl.RaftServerImpl (RaftServerImpl.java:setRole(173)) - c40a56fe-5273-466a-9f61-79febf43aa6a@group-A9B8EDCEA82D: changes role from      null to FOLLOWER at term 0 for startAsFollower
2019-11-14 17:36:48,680 [pool-199-thread-1] INFO  impl.RoleInfo (RoleInfo.java:updateAndGet(143)) - c40a56fe-5273-466a-9f61-79febf43aa6a: start FollowerState
2019-11-14 17:36:48,681 [pool-199-thread-1] INFO  util.JmxRegister (JmxRegister.java:tryRegister(44)) - Successfully registered JMX Bean with object name Ratis:service=RaftServer,group=group-A9B8EDCEA82D,id=c40a56fe-5273-466a-9f61-79febf43aa6a
2019-11-14 17:36:48,681 [pool-199-thread-1] WARN  impl.MetricRegistriesImpl (MetricRegistriesImpl.java:lambda$create$1(61)) - First MetricRegistry has been created without registering reporters. You may need to call MetricRegistries.global().addReportRegistration(...) before.
2019-11-14 17:36:48,684 [RatisPipelineUtilsThread] INFO  pipeline.PipelineStateManager (PipelineStateManager.java:addPipeline(55)) - Created pipeline Pipeline[ Id: 3d973dd9-5e45-4e31-84e8-a9b8edcea82d, Nodes: c40a56fe-5273-466a-9f61-79febf43aa6a{ip: 192.168.157.194, host: pr-hdds-2482-j87dr-2776293630, networkLocation: /rack1, certSerialId: null}, Type:RATIS, Factor:ONE, State:ALLOCATED]
2019-11-14 17:36:48,685 [Thread-1235] INFO  pipeline.PipelineStateManager (PipelineStateManager.java:finalizePipeline(121)) - Pipeline Pipeline[ Id: 54c8d005-47dd-43b7-b9f9-4b28b00b2337, Nodes: 1f17fae6-ef42-4b5f-b929-258c4df74eb0{ip: 192.168.157.194, host: pr-hdds-2482-j87dr-2776293630, networkLocation: /rack1, certSerialId: null}, Type:RATIS, Factor:ONE, State:CLOSED] moved to CLOSED state
2019-11-14 17:36:48,688 [grpc-default-executor-2] INFO  impl.RaftServerProxy (RaftServerProxy.java:remove(95)) - 1f17fae6-ef42-4b5f-b929-258c4df74eb0: remove    LEADER 1f17fae6-ef42-4b5f-b929-258c4df74eb0@group-4B28B00B2337:t1, leader=1f17fae6-ef42-4b5f-b929-258c4df74eb0, voted=1f17fae6-ef42-4b5f-b929-258c4df74eb0, raftlog=1f17fae6-ef42-4b5f-b929-258c4df74eb0@group-4B28B00B2337-SegmentedRaftLog:OPENED:c0,f0,i0, conf=0: [1f17fae6-ef42-4b5f-b929-258c4df74eb0:192.168.157.194:44377], old=null RUNNING
2019-11-14 17:36:48,689 [grpc-default-executor-2] INFO  impl.RaftServerImpl (RaftServerImpl.java:lambda$shutdown$3(250)) - 1f17fae6-ef42-4b5f-b929-258c4df74eb0@group-4B28B00B2337: shutdown
2019-11-14 17:36:48,689 [grpc-default-executor-2] INFO  util.JmxRegister (JmxRegister.java:unregister(73)) - Successfully un-registered JMX Bean with object name Ratis:service=RaftServer,group=group-4B28B00B2337,id=1f17fae6-ef42-4b5f-b929-258c4df74eb0
2019-11-14 17:36:48,689 [grpc-default-executor-2] INFO  impl.RoleInfo (RoleInfo.java:shutdownLeaderState(104)) - 1f17fae6-ef42-4b5f-b929-258c4df74eb0: shutdown LeaderState
2019-11-14 17:36:48,689 [grpc-default-executor-2] INFO  impl.PendingRequests (PendingRequests.java:sendNotLeaderResponses(206)) - 1f17fae6-ef42-4b5f-b929-258c4df74eb0@group-4B28B00B2337-PendingRequests: sendNotLeaderResponses
2019-11-14 17:36:48,689 [grpc-default-executor-2] INFO  impl.StateMachineUpdater (StateMachineUpdater.java:stopAndJoin(136)) - 1f17fae6-ef42-4b5f-b929-258c4df74eb0@group-4B28B00B2337-StateMachineUpdater: set stopIndex = 0
2019-11-14 17:36:48,689 [grpc-default-executor-2] INFO  impl.RaftServerImpl (ServerState.java:close(387)) - 1f17fae6-ef42-4b5f-b929-258c4df74eb0@group-4B28B00B2337: closes. applyIndex: 0
2019-11-14 17:36:48,689 [1f17fae6-ef42-4b5f-b929-258c4df74eb0@group-4B28B00B2337-SegmentedRaftLogWorker] INFO  segmented.SegmentedRaftLogWorker (SegmentedRaftLogWorker.java:run(316)) - 1f17fae6-ef42-4b5f-b929-258c4df74eb0@group-4B28B00B2337-SegmentedRaftLogWorker was interrupted, exiting. There are 0 tasks remaining in the queue.
2019-11-14 17:36:48,690 [grpc-default-executor-2] INFO  segmented.SegmentedRaftLogWorker (SegmentedRaftLogWorker.java:close(224)) - 1f17fae6-ef42-4b5f-b929-258c4df74eb0@group-4B28B00B2337-SegmentedRaftLogWorker close()
2019-11-14 17:36:48,693 [Thread-1235] INFO  pipeline.PipelineStateManager (PipelineStateManager.java:removePipeline(106)) - Pipeline Pipeline[ Id: 54c8d005-47dd-43b7-b9f9-4b28b00b2337, Nodes: 1f17fae6-ef42-4b5f-b929-258c4df74eb0{ip: 192.168.157.194, host: pr-hdds-2482-j87dr-2776293630, networkLocation: /rack1, certSerialId: null}, Type:RATIS, Factor:ONE, State:CLOSED] removed from db
2019-11-14 17:36:48,694 [Thread-1235] INFO  pipeline.SCMPipelineManager (SCMPipelineManager.java:finalizeAndDestroyPipeline(315)) - destroying pipeline:Pipeline[ Id: 6545ac01-095f-4007-87b8-a914af69810b, Nodes: a3b153ef-1e94-4227-8997-77072f34e630{ip: 192.168.157.194, host: pr-hdds-2482-j87dr-2776293630, networkLocation: /rack1, certSerialId: null}, Type:RATIS, Factor:ONE, State:OPEN]
2019-11-14 17:36:48,697 [grpc-default-executor-2] INFO  impl.RaftServerProxy (RaftServerProxy.java:addNew(89)) - 1f17fae6-ef42-4b5f-b929-258c4df74eb0: addNew group-AFF5AAA468FC:[1f17fae6-ef42-4b5f-b929-258c4df74eb0:192.168.157.194:44377] returns group-AFF5AAA468FC:java.util.concurrent.CompletableFuture@8a0d8b5[Not completed]
2019-11-14 17:36:48,698 [pool-219-thread-1] INFO  impl.RaftServerImpl (RaftServerImpl.java:<init>(98)) - 1f17fae6-ef42-4b5f-b929-258c4df74eb0: new RaftServerImpl for group-AFF5AAA468FC:[1f17fae6-ef42-4b5f-b929-258c4df74eb0:192.168.157.194:44377] with ContainerStateMachine:uninitialized
2019-11-14 17:36:48,699 [pool-219-thread-1] INFO  server.RaftServerConfigKeys (ConfUtils.java:logGet(43)) - raft.server.rpc.timeout.min = 1s (custom)
2019-11-14 17:36:48,699 [pool-219-thread-1] INFO  server.RaftServerConfigKeys (ConfUtils.java:logGet(43)) - raft.server.rpc.timeout.max = 1200ms (custom)
2019-11-14 17:36:48,699 [pool-219-thread-1] INFO  server.RaftServerConfigKeys (ConfUtils.java:logGet(43)) - raft.server.rpcslowness.timeout = 120s (custom)
2019-11-14 17:36:48,699 [pool-219-thread-1] INFO  server.RaftServerConfigKeys (ConfUtils.java:logGet(43)) - raft.server.sleep.deviation.threshold = 300 (default)
2019-11-14 17:36:48,699 [pool-219-thread-1] INFO  server.RaftServerConfigKeys (ConfUtils.java:logGet(43)) - raft.server.log.appender.install.snapshot.enabled = false (custom)
2019-11-14 17:36:48,699 [pool-219-thread-1] INFO  impl.RaftServerImpl (ServerState.java:<init>(103)) - 1f17fae6-ef42-4b5f-b929-258c4df74eb0@group-AFF5AAA468FC: ConfigurationManager, init=-1: [1f17fae6-ef42-4b5f-b929-258c4df74eb0:192.168.157.194:44377], old=null, confs=<EMPTY_MAP>
2019-11-14 17:36:48,699 [pool-219-thread-1] INFO  server.RaftServerConfigKeys (ConfUtils.java:logGet(43)) - raft.server.storage.dir = [/workdir/hadoop-ozone/integration-test/target/test-dir/MiniOzoneClusterImpl-22bbe08b-7feb-4e26-8434-b505ec12d921/datanode-7/data/ratis] (custom)
2019-11-14 17:36:48,700 [pool-219-thread-1] INFO  server.RaftServerConfigKeys (ConfUtils.java:logGet(43)) - raft.server.log.corruption.policy = EXCEPTION (default)
2019-11-14 17:36:48,700 [pool-219-thread-1] INFO  storage.RaftStorageDirectory (RaftStorageDirectory.java:analyzeStorage(246)) - The storage directory /workdir/hadoop-ozone/integration-test/target/test-dir/MiniOzoneClusterImpl-22bbe08b-7feb-4e26-8434-b505ec12d921/datanode-7/data/ratis/6325e239-c7de-458b-bf98-aff5aaa468fc does not exist. Creating ...
2019-11-14 17:36:48,718 [pool-219-thread-1] INFO  storage.RaftStorageDirectory (RaftStorageDirectory.java:tryLock(328)) - Lock on /workdir/hadoop-ozone/integration-test/target/test-dir/MiniOzoneClusterImpl-22bbe08b-7feb-4e26-8434-b505ec12d921/datanode-7/data/ratis/6325e239-c7de-458b-bf98-aff5aaa468fc/in_use.lock acquired by nodename 10142@pr-hdds-2482-j87dr-2776293630
2019-11-14 17:36:48,743 [pool-219-thread-1] INFO  storage.RaftStorage (RaftStorage.java:format(84)) - Storage directory /workdir/hadoop-ozone/integration-test/target/test-dir/MiniOzoneClusterImpl-22bbe08b-7feb-4e26-8434-b505ec12d921/datanode-7/data/ratis/6325e239-c7de-458b-bf98-aff5aaa468fc has been successfully formatted.
2019-11-14 17:36:48,743 [pool-219-thread-1] INFO  ratis.ContainerStateMachine (ContainerStateMachine.java:loadSnapshot(223)) - group-AFF5AAA468FC: The snapshot info is null. Setting the last applied indexto:(t:0, i:~)
2019-11-14 17:36:48,744 [pool-219-thread-1] INFO  server.RaftServerConfigKeys (ConfUtils.java:logGet(43)) - raft.server.notification.no-leader.timeout = 120s (custom)
2019-11-14 17:36:48,744 [pool-219-thread-1] INFO  server.RaftServerConfigKeys (ConfUtils.java:logGet(43)) - raft.server.log.use.memory = false (default)
2019-11-14 17:36:48,744 [pool-219-thread-1] INFO  server.RaftServerConfigKeys (ConfUtils.java:logGet(43)) - raft.server.log.purge.gap = 1000000 (custom)
2019-11-14 17:36:48,744 [pool-219-thread-1] INFO  server.RaftServerConfigKeys (ConfUtils.java:logGet(43)) - raft.server.log.appender.buffer.byte-limit = 33554432 (custom)
2019-11-14 17:36:48,744 [pool-219-thread-1] INFO  server.RaftServerConfigKeys (ConfUtils.java:logGet(43)) - raft.server.log.segment.size.max = 1048576 (custom)
2019-11-14 17:36:48,744 [pool-219-thread-1] INFO  server.RaftServerConfigKeys (ConfUtils.java:logGet(43)) - raft.server.log.segment.cache.num.max = 2 (custom)
2019-11-14 17:36:48,744 [pool-219-thread-1] INFO  segmented.SegmentedRaftLogWorker (SegmentedRaftLogWorker.java:<init>(173)) - new 1f17fae6-ef42-4b5f-b929-258c4df74eb0@group-AFF5AAA468FC-SegmentedRaftLogWorker for RaftStorage:Storage Directory /workdir/hadoop-ozone/integration-test/target/test-dir/MiniOzoneClusterImpl-22bbe08b-7feb-4e26-8434-b505ec12d921/datanode-7/data/ratis/6325e239-c7de-458b-bf98-aff5aaa468fc
2019-11-14 17:36:48,745 [pool-219-thread-1] INFO  server.RaftServerConfigKeys (ConfUtils.java:logGet(43)) - raft.server.log.queue.byte-limit = 2147483647 (custom)
2019-11-14 17:36:48,745 [pool-219-thread-1] INFO  server.RaftServerConfigKeys (ConfUtils.java:logGet(43)) - raft.server.log.queue.element-limit = 1024 (custom)
2019-11-14 17:36:48,745 [pool-219-thread-1] INFO  server.RaftServerConfigKeys (ConfUtils.java:logGet(43)) - raft.server.log.segment.size.max = 1048576 (custom)
2019-11-14 17:36:48,745 [pool-219-thread-1] INFO  server.RaftServerConfigKeys (ConfUtils.java:logGet(43)) - raft.server.log.preallocated.size = 16384 (custom)
2019-11-14 17:36:48,745 [pool-219-thread-1] INFO  server.RaftServerConfigKeys (ConfUtils.java:logGet(43)) - raft.server.log.write.buffer.size = 33554432 (custom)
2019-11-14 17:36:48,745 [pool-219-thread-1] INFO  server.RaftServerConfigKeys (ConfUtils.java:logGet(43)) - raft.server.log.force.sync.num = 128 (default)
2019-11-14 17:36:48,745 [pool-219-thread-1] INFO  server.RaftServerConfigKeys (ConfUtils.java:logGet(43)) - raft.server.log.statemachine.data.sync = true (default)
2019-11-14 17:36:48,745 [pool-219-thread-1] INFO  server.RaftServerConfigKeys (ConfUtils.java:logGet(43)) - raft.server.log.statemachine.data.sync.timeout = 10s (default)
2019-11-14 17:36:48,745 [pool-219-thread-1] INFO  server.RaftServerConfigKeys (ConfUtils.java:logGet(43)) - raft.server.log.statemachine.data.sync.timeout.retry = -1 (default)
2019-11-14 17:36:48,746 [pool-219-thread-1] INFO  server.RaftServerConfigKeys (ConfUtils.java:logGet(43)) - raft.server.log.statemachine.data.caching.enabled = true (custom)
2019-11-14 17:36:48,746 [pool-219-thread-1] INFO  segmented.SegmentedRaftLogWorker (SegmentedRaftLogWorker.java:lambda$new$0(128)) - 1f17fae6-ef42-4b5f-b929-258c4df74eb0@group-AFF5AAA468FC-SegmentedRaftLogWorker: flushIndex: setUnconditionally 0 -> -1
2019-11-14 17:36:48,746 [pool-219-thread-1] INFO  server.RaftServerConfigKeys (ConfUtils.java:logGet(43)) - raft.server.snapshot.auto.trigger.enabled = true (custom)
2019-11-14 17:36:48,746 [pool-219-thread-1] INFO  server.RaftServerConfigKeys (ConfUtils.java:logGet(43)) - raft.server.snapshot.auto.trigger.threshold = 10000 (custom)
2019-11-14 17:36:48,746 [pool-219-thread-1] INFO  server.RaftServerConfigKeys (ConfUtils.java:logGet(43)) - raft.server.snapshot.retention.file.num = 5 (custom)
2019-11-14 17:36:48,746 [pool-219-thread-1] INFO  server.RaftServerConfigKeys (ConfUtils.java:logGet(43)) - raft.server.retrycache.expirytime = 600000ms (custom)
2019-11-14 17:36:48,747 [pool-219-thread-1] WARN  impl.MetricRegistriesImpl (MetricRegistriesImpl.java:lambda$create$1(61)) - First MetricRegistry has been created without registering reporters. You may need to call MetricRegistries.global().addReportRegistration(...) before.
2019-11-14 17:36:48,747 [pool-219-thread-1] WARN  impl.MetricRegistriesImpl (MetricRegistriesImpl.java:lambda$create$1(61)) - First MetricRegistry has been created without registering reporters. You may need to call MetricRegistries.global().addReportRegistration(...) before.
2019-11-14 17:36:48,747 [pool-219-thread-1] INFO  impl.RaftServerImpl (RaftServerImpl.java:start(184)) - 1f17fae6-ef42-4b5f-b929-258c4df74eb0@group-AFF5AAA468FC: start as a follower, conf=-1: [1f17fae6-ef42-4b5f-b929-258c4df74eb0:192.168.157.194:44377], old=null
2019-11-14 17:36:48,747 [pool-219-thread-1] INFO  impl.RaftServerImpl (RaftServerImpl.java:setRole(173)) - 1f17fae6-ef42-4b5f-b929-258c4df74eb0@group-AFF5AAA468FC: changes role from      null to FOLLOWER at term 0 for startAsFollower
2019-11-14 17:36:48,747 [pool-219-thread-1] INFO  impl.RoleInfo (RoleInfo.java:updateAndGet(143)) - 1f17fae6-ef42-4b5f-b929-258c4df74eb0: start FollowerState
2019-11-14 17:36:48,748 [pool-219-thread-1] INFO  util.JmxRegister (JmxRegister.java:tryRegister(44)) - Successfully registered JMX Bean with object name Ratis:service=RaftServer,group=group-AFF5AAA468FC,id=1f17fae6-ef42-4b5f-b929-258c4df74eb0
2019-11-14 17:36:48,748 [pool-219-thread-1] WARN  impl.MetricRegistriesImpl (MetricRegistriesImpl.java:lambda$create$1(61)) - First MetricRegistry has been created without registering reporters. You may need to call MetricRegistries.global().addReportRegistration(...) before.
2019-11-14 17:36:48,750 [RatisPipelineUtilsThread] INFO  pipeline.PipelineStateManager (PipelineStateManager.java:addPipeline(55)) - Created pipeline Pipeline[ Id: 6325e239-c7de-458b-bf98-aff5aaa468fc, Nodes: 1f17fae6-ef42-4b5f-b929-258c4df74eb0{ip: 192.168.157.194, host: pr-hdds-2482-j87dr-2776293630, networkLocation: /rack1, certSerialId: null}, Type:RATIS, Factor:ONE, State:ALLOCATED]
2019-11-14 17:36:48,751 [Thread-1235] INFO  pipeline.PipelineStateManager (PipelineStateManager.java:finalizePipeline(121)) - Pipeline Pipeline[ Id: 6545ac01-095f-4007-87b8-a914af69810b, Nodes: a3b153ef-1e94-4227-8997-77072f34e630{ip: 192.168.157.194, host: pr-hdds-2482-j87dr-2776293630, networkLocation: /rack1, certSerialId: null}, Type:RATIS, Factor:ONE, State:CLOSED] moved to CLOSED state
2019-11-14 17:36:48,754 [grpc-default-executor-2] INFO  impl.RaftServerProxy (RaftServerProxy.java:remove(95)) - a3b153ef-1e94-4227-8997-77072f34e630: remove    LEADER a3b153ef-1e94-4227-8997-77072f34e630@group-A914AF69810B:t1, leader=a3b153ef-1e94-4227-8997-77072f34e630, voted=a3b153ef-1e94-4227-8997-77072f34e630, raftlog=a3b153ef-1e94-4227-8997-77072f34e630@group-A914AF69810B-SegmentedRaftLog:OPENED:c0,f0,i0, conf=0: [a3b153ef-1e94-4227-8997-77072f34e630:192.168.157.194:41542], old=null RUNNING
2019-11-14 17:36:48,754 [grpc-default-executor-2] INFO  impl.RaftServerImpl (RaftServerImpl.java:lambda$shutdown$3(250)) - a3b153ef-1e94-4227-8997-77072f34e630@group-A914AF69810B: shutdown
2019-11-14 17:36:48,754 [grpc-default-executor-2] INFO  util.JmxRegister (JmxRegister.java:unregister(73)) - Successfully un-registered JMX Bean with object name Ratis:service=RaftServer,group=group-A914AF69810B,id=a3b153ef-1e94-4227-8997-77072f34e630
2019-11-14 17:36:48,755 [grpc-default-executor-2] INFO  impl.RoleInfo (RoleInfo.java:shutdownLeaderState(104)) - a3b153ef-1e94-4227-8997-77072f34e630: shutdown LeaderState
2019-11-14 17:36:48,755 [grpc-default-executor-2] INFO  impl.PendingRequests (PendingRequests.java:sendNotLeaderResponses(206)) - a3b153ef-1e94-4227-8997-77072f34e630@group-A914AF69810B-PendingRequests: sendNotLeaderResponses
2019-11-14 17:36:48,755 [grpc-default-executor-2] INFO  impl.StateMachineUpdater (StateMachineUpdater.java:stopAndJoin(136)) - a3b153ef-1e94-4227-8997-77072f34e630@group-A914AF69810B-StateMachineUpdater: set stopIndex = 0
2019-11-14 17:36:48,755 [grpc-default-executor-2] INFO  impl.RaftServerImpl (ServerState.java:close(387)) - a3b153ef-1e94-4227-8997-77072f34e630@group-A914AF69810B: closes. applyIndex: 0
2019-11-14 17:36:48,756 [a3b153ef-1e94-4227-8997-77072f34e630@group-A914AF69810B-SegmentedRaftLogWorker] INFO  segmented.SegmentedRaftLogWorker (SegmentedRaftLogWorker.java:run(316)) - a3b153ef-1e94-4227-8997-77072f34e630@group-A914AF69810B-SegmentedRaftLogWorker was interrupted, exiting. There are 0 tasks remaining in the queue.
2019-11-14 17:36:48,756 [grpc-default-executor-2] INFO  segmented.SegmentedRaftLogWorker (SegmentedRaftLogWorker.java:close(224)) - a3b153ef-1e94-4227-8997-77072f34e630@group-A914AF69810B-SegmentedRaftLogWorker close()
2019-11-14 17:36:48,760 [Thread-1235] INFO  pipeline.PipelineStateManager (PipelineStateManager.java:removePipeline(106)) - Pipeline Pipeline[ Id: 6545ac01-095f-4007-87b8-a914af69810b, Nodes: a3b153ef-1e94-4227-8997-77072f34e630{ip: 192.168.157.194, host: pr-hdds-2482-j87dr-2776293630, networkLocation: /rack1, certSerialId: null}, Type:RATIS, Factor:ONE, State:CLOSED] removed from db
2019-11-14 17:36:48,760 [Thread-1235] INFO  pipeline.SCMPipelineManager (SCMPipelineManager.java:finalizeAndDestroyPipeline(315)) - destroying pipeline:Pipeline[ Id: 1b9cd0ed-4681-49d7-a81a-effa0052ec66, Nodes: f5a4bf5a-4195-495f-81ba-193832aea29d{ip: 192.168.157.194, host: pr-hdds-2482-j87dr-2776293630, networkLocation: /rack1, certSerialId: null}, Type:RATIS, Factor:ONE, State:OPEN]
2019-11-14 17:36:48,770 [grpc-default-executor-2] INFO  impl.RaftServerProxy (RaftServerProxy.java:addNew(89)) - a3b153ef-1e94-4227-8997-77072f34e630: addNew group-4BA26518C57D:[a3b153ef-1e94-4227-8997-77072f34e630:192.168.157.194:41542] returns group-4BA26518C57D:java.util.concurrent.CompletableFuture@fdbcbcb[Not completed]
2019-11-14 17:36:48,772 [pool-189-thread-1] INFO  impl.RaftServerImpl (RaftServerImpl.java:<init>(98)) - a3b153ef-1e94-4227-8997-77072f34e630: new RaftServerImpl for group-4BA26518C57D:[a3b153ef-1e94-4227-8997-77072f34e630:192.168.157.194:41542] with ContainerStateMachine:uninitialized
2019-11-14 17:36:48,772 [pool-189-thread-1] INFO  server.RaftServerConfigKeys (ConfUtils.java:logGet(43)) - raft.server.rpc.timeout.min = 1s (custom)
2019-11-14 17:36:48,772 [pool-189-thread-1] INFO  server.RaftServerConfigKeys (ConfUtils.java:logGet(43)) - raft.server.rpc.timeout.max = 1200ms (custom)
2019-11-14 17:36:48,772 [pool-189-thread-1] INFO  server.RaftServerConfigKeys (ConfUtils.java:logGet(43)) - raft.server.rpcslowness.timeout = 120s (custom)
2019-11-14 17:36:48,773 [pool-189-thread-1] INFO  server.RaftServerConfigKeys (ConfUtils.java:logGet(43)) - raft.server.sleep.deviation.threshold = 300 (default)
2019-11-14 17:36:48,773 [pool-189-thread-1] INFO  server.RaftServerConfigKeys (ConfUtils.java:logGet(43)) - raft.server.log.appender.install.snapshot.enabled = false (custom)
2019-11-14 17:36:48,773 [pool-189-thread-1] INFO  impl.RaftServerImpl (ServerState.java:<init>(103)) - a3b153ef-1e94-4227-8997-77072f34e630@group-4BA26518C57D: ConfigurationManager, init=-1: [a3b153ef-1e94-4227-8997-77072f34e630:192.168.157.194:41542], old=null, confs=<EMPTY_MAP>
2019-11-14 17:36:48,773 [pool-189-thread-1] INFO  server.RaftServerConfigKeys (ConfUtils.java:logGet(43)) - raft.server.storage.dir = [/workdir/hadoop-ozone/integration-test/target/test-dir/MiniOzoneClusterImpl-22bbe08b-7feb-4e26-8434-b505ec12d921/datanode-4/data/ratis] (custom)
2019-11-14 17:36:48,773 [pool-189-thread-1] INFO  server.RaftServerConfigKeys (ConfUtils.java:logGet(43)) - raft.server.log.corruption.policy = EXCEPTION (default)
2019-11-14 17:36:48,774 [pool-189-thread-1] INFO  storage.RaftStorageDirectory (RaftStorageDirectory.java:analyzeStorage(246)) - The storage directory /workdir/hadoop-ozone/integration-test/target/test-dir/MiniOzoneClusterImpl-22bbe08b-7feb-4e26-8434-b505ec12d921/datanode-4/data/ratis/f4aae62b-3f9c-469c-8aa8-4ba26518c57d does not exist. Creating ...
2019-11-14 17:36:48,802 [pool-189-thread-1] INFO  storage.RaftStorageDirectory (RaftStorageDirectory.java:tryLock(328)) - Lock on /workdir/hadoop-ozone/integration-test/target/test-dir/MiniOzoneClusterImpl-22bbe08b-7feb-4e26-8434-b505ec12d921/datanode-4/data/ratis/f4aae62b-3f9c-469c-8aa8-4ba26518c57d/in_use.lock acquired by nodename 10142@pr-hdds-2482-j87dr-2776293630
2019-11-14 17:36:48,828 [pool-189-thread-1] INFO  storage.RaftStorage (RaftStorage.java:format(84)) - Storage directory /workdir/hadoop-ozone/integration-test/target/test-dir/MiniOzoneClusterImpl-22bbe08b-7feb-4e26-8434-b505ec12d921/datanode-4/data/ratis/f4aae62b-3f9c-469c-8aa8-4ba26518c57d has been successfully formatted.
2019-11-14 17:36:48,828 [pool-189-thread-1] INFO  ratis.ContainerStateMachine (ContainerStateMachine.java:loadSnapshot(223)) - group-4BA26518C57D: The snapshot info is null. Setting the last applied indexto:(t:0, i:~)
2019-11-14 17:36:48,828 [pool-189-thread-1] INFO  server.RaftServerConfigKeys (ConfUtils.java:logGet(43)) - raft.server.notification.no-leader.timeout = 120s (custom)
2019-11-14 17:36:48,828 [pool-189-thread-1] INFO  server.RaftServerConfigKeys (ConfUtils.java:logGet(43)) - raft.server.log.use.memory = false (default)
2019-11-14 17:36:48,829 [pool-189-thread-1] INFO  server.RaftServerConfigKeys (ConfUtils.java:logGet(43)) - raft.server.log.purge.gap = 1000000 (custom)
2019-11-14 17:36:48,829 [pool-189-thread-1] INFO  server.RaftServerConfigKeys (ConfUtils.java:logGet(43)) - raft.server.log.appender.buffer.byte-limit = 33554432 (custom)
2019-11-14 17:36:48,829 [pool-189-thread-1] INFO  server.RaftServerConfigKeys (ConfUtils.java:logGet(43)) - raft.server.log.segment.size.max = 1048576 (custom)
2019-11-14 17:36:48,829 [pool-189-thread-1] INFO  server.RaftServerConfigKeys (ConfUtils.java:logGet(43)) - raft.server.log.segment.cache.num.max = 2 (custom)
2019-11-14 17:36:48,829 [pool-189-thread-1] INFO  segmented.SegmentedRaftLogWorker (SegmentedRaftLogWorker.java:<init>(173)) - new a3b153ef-1e94-4227-8997-77072f34e630@group-4BA26518C57D-SegmentedRaftLogWorker for RaftStorage:Storage Directory /workdir/hadoop-ozone/integration-test/target/test-dir/MiniOzoneClusterImpl-22bbe08b-7feb-4e26-8434-b505ec12d921/datanode-4/data/ratis/f4aae62b-3f9c-469c-8aa8-4ba26518c57d
2019-11-14 17:36:48,829 [pool-189-thread-1] INFO  server.RaftServerConfigKeys (ConfUtils.java:logGet(43)) - raft.server.log.queue.byte-limit = 2147483647 (custom)
2019-11-14 17:36:48,829 [pool-189-thread-1] INFO  server.RaftServerConfigKeys (ConfUtils.java:logGet(43)) - raft.server.log.queue.element-limit = 1024 (custom)
2019-11-14 17:36:48,830 [pool-189-thread-1] INFO  server.RaftServerConfigKeys (ConfUtils.java:logGet(43)) - raft.server.log.segment.size.max = 1048576 (custom)
2019-11-14 17:36:48,830 [pool-189-thread-1] INFO  server.RaftServerConfigKeys (ConfUtils.java:logGet(43)) - raft.server.log.preallocated.size = 16384 (custom)
2019-11-14 17:36:48,830 [pool-189-thread-1] INFO  server.RaftServerConfigKeys (ConfUtils.java:logGet(43)) - raft.server.log.write.buffer.size = 33554432 (custom)
2019-11-14 17:36:48,830 [pool-189-thread-1] INFO  server.RaftServerConfigKeys (ConfUtils.java:logGet(43)) - raft.server.log.force.sync.num = 128 (default)
2019-11-14 17:36:48,830 [pool-189-thread-1] INFO  server.RaftServerConfigKeys (ConfUtils.java:logGet(43)) - raft.server.log.statemachine.data.sync = true (default)
2019-11-14 17:36:48,830 [pool-189-thread-1] INFO  server.RaftServerConfigKeys (ConfUtils.java:logGet(43)) - raft.server.log.statemachine.data.sync.timeout = 10s (default)
2019-11-14 17:36:48,830 [pool-189-thread-1] INFO  server.RaftServerConfigKeys (ConfUtils.java:logGet(43)) - raft.server.log.statemachine.data.sync.timeout.retry = -1 (default)
2019-11-14 17:36:48,831 [pool-189-thread-1] INFO  server.RaftServerConfigKeys (ConfUtils.java:logGet(43)) - raft.server.log.statemachine.data.caching.enabled = true (custom)
2019-11-14 17:36:48,831 [pool-189-thread-1] INFO  segmented.SegmentedRaftLogWorker (SegmentedRaftLogWorker.java:lambda$new$0(128)) - a3b153ef-1e94-4227-8997-77072f34e630@group-4BA26518C57D-SegmentedRaftLogWorker: flushIndex: setUnconditionally 0 -> -1
2019-11-14 17:36:48,831 [pool-189-thread-1] INFO  server.RaftServerConfigKeys (ConfUtils.java:logGet(43)) - raft.server.snapshot.auto.trigger.enabled = true (custom)
2019-11-14 17:36:48,831 [pool-189-thread-1] INFO  server.RaftServerConfigKeys (ConfUtils.java:logGet(43)) - raft.server.snapshot.auto.trigger.threshold = 10000 (custom)
2019-11-14 17:36:48,832 [pool-189-thread-1] INFO  server.RaftServerConfigKeys (ConfUtils.java:logGet(43)) - raft.server.snapshot.retention.file.num = 5 (custom)
2019-11-14 17:36:48,832 [pool-189-thread-1] INFO  server.RaftServerConfigKeys (ConfUtils.java:logGet(43)) - raft.server.retrycache.expirytime = 600000ms (custom)
2019-11-14 17:36:48,832 [pool-189-thread-1] WARN  impl.MetricRegistriesImpl (MetricRegistriesImpl.java:lambda$create$1(61)) - First MetricRegistry has been created without registering reporters. You may need to call MetricRegistries.global().addReportRegistration(...) before.
2019-11-14 17:36:48,832 [pool-189-thread-1] WARN  impl.MetricRegistriesImpl (MetricRegistriesImpl.java:lambda$create$1(61)) - First MetricRegistry has been created without registering reporters. You may need to call MetricRegistries.global().addReportRegistration(...) before.
2019-11-14 17:36:48,832 [pool-189-thread-1] INFO  impl.RaftServerImpl (RaftServerImpl.java:start(184)) - a3b153ef-1e94-4227-8997-77072f34e630@group-4BA26518C57D: start as a follower, conf=-1: [a3b153ef-1e94-4227-8997-77072f34e630:192.168.157.194:41542], old=null
2019-11-14 17:36:48,832 [pool-189-thread-1] INFO  impl.RaftServerImpl (RaftServerImpl.java:setRole(173)) - a3b153ef-1e94-4227-8997-77072f34e630@group-4BA26518C57D: changes role from      null to FOLLOWER at term 0 for startAsFollower
2019-11-14 17:36:48,833 [pool-189-thread-1] INFO  impl.RoleInfo (RoleInfo.java:updateAndGet(143)) - a3b153ef-1e94-4227-8997-77072f34e630: start FollowerState
2019-11-14 17:36:48,833 [pool-189-thread-1] INFO  util.JmxRegister (JmxRegister.java:tryRegister(44)) - Successfully registered JMX Bean with object name Ratis:service=RaftServer,group=group-4BA26518C57D,id=a3b153ef-1e94-4227-8997-77072f34e630
2019-11-14 17:36:48,833 [pool-189-thread-1] WARN  impl.MetricRegistriesImpl (MetricRegistriesImpl.java:lambda$create$1(61)) - First MetricRegistry has been created without registering reporters. You may need to call MetricRegistries.global().addReportRegistration(...) before.
2019-11-14 17:36:48,836 [RatisPipelineUtilsThread] INFO  pipeline.PipelineStateManager (PipelineStateManager.java:addPipeline(55)) - Created pipeline Pipeline[ Id: f4aae62b-3f9c-469c-8aa8-4ba26518c57d, Nodes: a3b153ef-1e94-4227-8997-77072f34e630{ip: 192.168.157.194, host: pr-hdds-2482-j87dr-2776293630, networkLocation: /rack1, certSerialId: null}, Type:RATIS, Factor:ONE, State:ALLOCATED]
2019-11-14 17:36:48,837 [Thread-1235] INFO  pipeline.PipelineStateManager (PipelineStateManager.java:finalizePipeline(121)) - Pipeline Pipeline[ Id: 1b9cd0ed-4681-49d7-a81a-effa0052ec66, Nodes: f5a4bf5a-4195-495f-81ba-193832aea29d{ip: 192.168.157.194, host: pr-hdds-2482-j87dr-2776293630, networkLocation: /rack1, certSerialId: null}, Type:RATIS, Factor:ONE, State:CLOSED] moved to CLOSED state
2019-11-14 17:36:48,841 [grpc-default-executor-2] INFO  impl.RaftServerProxy (RaftServerProxy.java:remove(95)) - f5a4bf5a-4195-495f-81ba-193832aea29d: remove    LEADER f5a4bf5a-4195-495f-81ba-193832aea29d@group-EFFA0052EC66:t1, leader=f5a4bf5a-4195-495f-81ba-193832aea29d, voted=f5a4bf5a-4195-495f-81ba-193832aea29d, raftlog=f5a4bf5a-4195-495f-81ba-193832aea29d@group-EFFA0052EC66-SegmentedRaftLog:OPENED:c0,f0,i0, conf=0: [f5a4bf5a-4195-495f-81ba-193832aea29d:192.168.157.194:46851], old=null RUNNING
2019-11-14 17:36:48,842 [grpc-default-executor-2] INFO  impl.RaftServerImpl (RaftServerImpl.java:lambda$shutdown$3(250)) - f5a4bf5a-4195-495f-81ba-193832aea29d@group-EFFA0052EC66: shutdown
2019-11-14 17:36:48,842 [grpc-default-executor-2] INFO  util.JmxRegister (JmxRegister.java:unregister(73)) - Successfully un-registered JMX Bean with object name Ratis:service=RaftServer,group=group-EFFA0052EC66,id=f5a4bf5a-4195-495f-81ba-193832aea29d
2019-11-14 17:36:48,842 [grpc-default-executor-2] INFO  impl.RoleInfo (RoleInfo.java:shutdownLeaderState(104)) - f5a4bf5a-4195-495f-81ba-193832aea29d: shutdown LeaderState
2019-11-14 17:36:48,842 [grpc-default-executor-2] INFO  impl.PendingRequests (PendingRequests.java:sendNotLeaderResponses(206)) - f5a4bf5a-4195-495f-81ba-193832aea29d@group-EFFA0052EC66-PendingRequests: sendNotLeaderResponses
2019-11-14 17:36:48,842 [grpc-default-executor-2] INFO  impl.StateMachineUpdater (StateMachineUpdater.java:stopAndJoin(136)) - f5a4bf5a-4195-495f-81ba-193832aea29d@group-EFFA0052EC66-StateMachineUpdater: set stopIndex = 0
2019-11-14 17:36:48,842 [grpc-default-executor-2] INFO  impl.RaftServerImpl (ServerState.java:close(387)) - f5a4bf5a-4195-495f-81ba-193832aea29d@group-EFFA0052EC66: closes. applyIndex: 0
2019-11-14 17:36:48,842 [f5a4bf5a-4195-495f-81ba-193832aea29d@group-EFFA0052EC66-SegmentedRaftLogWorker] INFO  segmented.SegmentedRaftLogWorker (SegmentedRaftLogWorker.java:run(316)) - f5a4bf5a-4195-495f-81ba-193832aea29d@group-EFFA0052EC66-SegmentedRaftLogWorker was interrupted, exiting. There are 0 tasks remaining in the queue.
2019-11-14 17:36:48,845 [grpc-default-executor-2] INFO  segmented.SegmentedRaftLogWorker (SegmentedRaftLogWorker.java:close(224)) - f5a4bf5a-4195-495f-81ba-193832aea29d@group-EFFA0052EC66-SegmentedRaftLogWorker close()
2019-11-14 17:36:48,849 [Thread-1235] INFO  pipeline.PipelineStateManager (PipelineStateManager.java:removePipeline(106)) - Pipeline Pipeline[ Id: 1b9cd0ed-4681-49d7-a81a-effa0052ec66, Nodes: f5a4bf5a-4195-495f-81ba-193832aea29d{ip: 192.168.157.194, host: pr-hdds-2482-j87dr-2776293630, networkLocation: /rack1, certSerialId: null}, Type:RATIS, Factor:ONE, State:CLOSED] removed from db
2019-11-14 17:36:48,849 [Thread-1235] INFO  pipeline.SCMPipelineManager (SCMPipelineManager.java:finalizeAndDestroyPipeline(315)) - destroying pipeline:Pipeline[ Id: 757ba0c0-d7a1-4698-9ba1-071d96f78cb2, Nodes: b2e3cdb6-e490-4d5b-a0a3-6f5ff6451210{ip: 192.168.157.194, host: pr-hdds-2482-j87dr-2776293630, networkLocation: /rack1, certSerialId: null}, Type:RATIS, Factor:ONE, State:OPEN]
2019-11-14 17:36:48,853 [grpc-default-executor-2] INFO  impl.RaftServerProxy (RaftServerProxy.java:addNew(89)) - f5a4bf5a-4195-495f-81ba-193832aea29d: addNew group-D0CBF85840EB:[f5a4bf5a-4195-495f-81ba-193832aea29d:192.168.157.194:46851] returns group-D0CBF85840EB:java.util.concurrent.CompletableFuture@6b158006[Not completed]
2019-11-14 17:36:48,854 [pool-159-thread-1] INFO  impl.RaftServerImpl (RaftServerImpl.java:<init>(98)) - f5a4bf5a-4195-495f-81ba-193832aea29d: new RaftServerImpl for group-D0CBF85840EB:[f5a4bf5a-4195-495f-81ba-193832aea29d:192.168.157.194:46851] with ContainerStateMachine:uninitialized
2019-11-14 17:36:48,854 [pool-159-thread-1] INFO  server.RaftServerConfigKeys (ConfUtils.java:logGet(43)) - raft.server.rpc.timeout.min = 1s (custom)
2019-11-14 17:36:48,855 [pool-159-thread-1] INFO  server.RaftServerConfigKeys (ConfUtils.java:logGet(43)) - raft.server.rpc.timeout.max = 1200ms (custom)
2019-11-14 17:36:48,855 [pool-159-thread-1] INFO  server.RaftServerConfigKeys (ConfUtils.java:logGet(43)) - raft.server.rpcslowness.timeout = 120s (custom)
2019-11-14 17:36:48,855 [pool-159-thread-1] INFO  server.RaftServerConfigKeys (ConfUtils.java:logGet(43)) - raft.server.sleep.deviation.threshold = 300 (default)
2019-11-14 17:36:48,855 [pool-159-thread-1] INFO  server.RaftServerConfigKeys (ConfUtils.java:logGet(43)) - raft.server.log.appender.install.snapshot.enabled = false (custom)
2019-11-14 17:36:48,855 [pool-159-thread-1] INFO  impl.RaftServerImpl (ServerState.java:<init>(103)) - f5a4bf5a-4195-495f-81ba-193832aea29d@group-D0CBF85840EB: ConfigurationManager, init=-1: [f5a4bf5a-4195-495f-81ba-193832aea29d:192.168.157.194:46851], old=null, confs=<EMPTY_MAP>
2019-11-14 17:36:48,855 [pool-159-thread-1] INFO  server.RaftServerConfigKeys (ConfUtils.java:logGet(43)) - raft.server.storage.dir = [/workdir/hadoop-ozone/integration-test/target/test-dir/MiniOzoneClusterImpl-22bbe08b-7feb-4e26-8434-b505ec12d921/datanode-1/data/ratis] (custom)
2019-11-14 17:36:48,856 [pool-159-thread-1] INFO  server.RaftServerConfigKeys (ConfUtils.java:logGet(43)) - raft.server.log.corruption.policy = EXCEPTION (default)
2019-11-14 17:36:48,856 [pool-159-thread-1] INFO  storage.RaftStorageDirectory (RaftStorageDirectory.java:analyzeStorage(246)) - The storage directory /workdir/hadoop-ozone/integration-test/target/test-dir/MiniOzoneClusterImpl-22bbe08b-7feb-4e26-8434-b505ec12d921/datanode-1/data/ratis/a0fc405d-07f7-4bc7-ae5f-d0cbf85840eb does not exist. Creating ...
2019-11-14 17:36:48,879 [pool-159-thread-1] INFO  storage.RaftStorageDirectory (RaftStorageDirectory.java:tryLock(328)) - Lock on /workdir/hadoop-ozone/integration-test/target/test-dir/MiniOzoneClusterImpl-22bbe08b-7feb-4e26-8434-b505ec12d921/datanode-1/data/ratis/a0fc405d-07f7-4bc7-ae5f-d0cbf85840eb/in_use.lock acquired by nodename 10142@pr-hdds-2482-j87dr-2776293630
2019-11-14 17:36:48,904 [pool-159-thread-1] INFO  storage.RaftStorage (RaftStorage.java:format(84)) - Storage directory /workdir/hadoop-ozone/integration-test/target/test-dir/MiniOzoneClusterImpl-22bbe08b-7feb-4e26-8434-b505ec12d921/datanode-1/data/ratis/a0fc405d-07f7-4bc7-ae5f-d0cbf85840eb has been successfully formatted.
2019-11-14 17:36:48,904 [pool-159-thread-1] INFO  ratis.ContainerStateMachine (ContainerStateMachine.java:loadSnapshot(223)) - group-D0CBF85840EB: The snapshot info is null. Setting the last applied indexto:(t:0, i:~)
2019-11-14 17:36:48,905 [pool-159-thread-1] INFO  server.RaftServerConfigKeys (ConfUtils.java:logGet(43)) - raft.server.notification.no-leader.timeout = 120s (custom)
2019-11-14 17:36:48,905 [pool-159-thread-1] INFO  server.RaftServerConfigKeys (ConfUtils.java:logGet(43)) - raft.server.log.use.memory = false (default)
2019-11-14 17:36:48,905 [pool-159-thread-1] INFO  server.RaftServerConfigKeys (ConfUtils.java:logGet(43)) - raft.server.log.purge.gap = 1000000 (custom)
2019-11-14 17:36:48,905 [pool-159-thread-1] INFO  server.RaftServerConfigKeys (ConfUtils.java:logGet(43)) - raft.server.log.appender.buffer.byte-limit = 33554432 (custom)
2019-11-14 17:36:48,905 [pool-159-thread-1] INFO  server.RaftServerConfigKeys (ConfUtils.java:logGet(43)) - raft.server.log.segment.size.max = 1048576 (custom)
2019-11-14 17:36:48,905 [pool-159-thread-1] INFO  server.RaftServerConfigKeys (ConfUtils.java:logGet(43)) - raft.server.log.segment.cache.num.max = 2 (custom)
2019-11-14 17:36:48,905 [pool-159-thread-1] INFO  segmented.SegmentedRaftLogWorker (SegmentedRaftLogWorker.java:<init>(173)) - new f5a4bf5a-4195-495f-81ba-193832aea29d@group-D0CBF85840EB-SegmentedRaftLogWorker for RaftStorage:Storage Directory /workdir/hadoop-ozone/integration-test/target/test-dir/MiniOzoneClusterImpl-22bbe08b-7feb-4e26-8434-b505ec12d921/datanode-1/data/ratis/a0fc405d-07f7-4bc7-ae5f-d0cbf85840eb
2019-11-14 17:36:48,905 [pool-159-thread-1] INFO  server.RaftServerConfigKeys (ConfUtils.java:logGet(43)) - raft.server.log.queue.byte-limit = 2147483647 (custom)
2019-11-14 17:36:48,906 [pool-159-thread-1] INFO  server.RaftServerConfigKeys (ConfUtils.java:logGet(43)) - raft.server.log.queue.element-limit = 1024 (custom)
2019-11-14 17:36:48,906 [pool-159-thread-1] INFO  server.RaftServerConfigKeys (ConfUtils.java:logGet(43)) - raft.server.log.segment.size.max = 1048576 (custom)
2019-11-14 17:36:48,906 [pool-159-thread-1] INFO  server.RaftServerConfigKeys (ConfUtils.java:logGet(43)) - raft.server.log.preallocated.size = 16384 (custom)
2019-11-14 17:36:48,906 [pool-159-thread-1] INFO  server.RaftServerConfigKeys (ConfUtils.java:logGet(43)) - raft.server.log.write.buffer.size = 33554432 (custom)
2019-11-14 17:36:48,906 [pool-159-thread-1] INFO  server.RaftServerConfigKeys (ConfUtils.java:logGet(43)) - raft.server.log.force.sync.num = 128 (default)
2019-11-14 17:36:48,906 [pool-159-thread-1] INFO  server.RaftServerConfigKeys (ConfUtils.java:logGet(43)) - raft.server.log.statemachine.data.sync = true (default)
2019-11-14 17:36:48,906 [pool-159-thread-1] INFO  server.RaftServerConfigKeys (ConfUtils.java:logGet(43)) - raft.server.log.statemachine.data.sync.timeout = 10s (default)
2019-11-14 17:36:48,906 [pool-159-thread-1] INFO  server.RaftServerConfigKeys (ConfUtils.java:logGet(43)) - raft.server.log.statemachine.data.sync.timeout.retry = -1 (default)
2019-11-14 17:36:48,906 [pool-159-thread-1] INFO  server.RaftServerConfigKeys (ConfUtils.java:logGet(43)) - raft.server.log.statemachine.data.caching.enabled = true (custom)
2019-11-14 17:36:48,907 [pool-159-thread-1] INFO  segmented.SegmentedRaftLogWorker (SegmentedRaftLogWorker.java:lambda$new$0(128)) - f5a4bf5a-4195-495f-81ba-193832aea29d@group-D0CBF85840EB-SegmentedRaftLogWorker: flushIndex: setUnconditionally 0 -> -1
2019-11-14 17:36:48,907 [pool-159-thread-1] INFO  server.RaftServerConfigKeys (ConfUtils.java:logGet(43)) - raft.server.snapshot.auto.trigger.enabled = true (custom)
2019-11-14 17:36:48,907 [pool-159-thread-1] INFO  server.RaftServerConfigKeys (ConfUtils.java:logGet(43)) - raft.server.snapshot.auto.trigger.threshold = 10000 (custom)
2019-11-14 17:36:48,907 [pool-159-thread-1] INFO  server.RaftServerConfigKeys (ConfUtils.java:logGet(43)) - raft.server.snapshot.retention.file.num = 5 (custom)
2019-11-14 17:36:48,907 [pool-159-thread-1] INFO  server.RaftServerConfigKeys (ConfUtils.java:logGet(43)) - raft.server.retrycache.expirytime = 600000ms (custom)
2019-11-14 17:36:48,908 [pool-159-thread-1] WARN  impl.MetricRegistriesImpl (MetricRegistriesImpl.java:lambda$create$1(61)) - First MetricRegistry has been created without registering reporters. You may need to call MetricRegistries.global().addReportRegistration(...) before.
2019-11-14 17:36:48,908 [pool-159-thread-1] WARN  impl.MetricRegistriesImpl (MetricRegistriesImpl.java:lambda$create$1(61)) - First MetricRegistry has been created without registering reporters. You may need to call MetricRegistries.global().addReportRegistration(...) before.
2019-11-14 17:36:48,908 [pool-159-thread-1] INFO  impl.RaftServerImpl (RaftServerImpl.java:start(184)) - f5a4bf5a-4195-495f-81ba-193832aea29d@group-D0CBF85840EB: start as a follower, conf=-1: [f5a4bf5a-4195-495f-81ba-193832aea29d:192.168.157.194:46851], old=null
2019-11-14 17:36:48,908 [pool-159-thread-1] INFO  impl.RaftServerImpl (RaftServerImpl.java:setRole(173)) - f5a4bf5a-4195-495f-81ba-193832aea29d@group-D0CBF85840EB: changes role from      null to FOLLOWER at term 0 for startAsFollower
2019-11-14 17:36:48,908 [pool-159-thread-1] INFO  impl.RoleInfo (RoleInfo.java:updateAndGet(143)) - f5a4bf5a-4195-495f-81ba-193832aea29d: start FollowerState
2019-11-14 17:36:48,908 [pool-159-thread-1] INFO  util.JmxRegister (JmxRegister.java:tryRegister(44)) - Successfully registered JMX Bean with object name Ratis:service=RaftServer,group=group-D0CBF85840EB,id=f5a4bf5a-4195-495f-81ba-193832aea29d
2019-11-14 17:36:48,909 [pool-159-thread-1] WARN  impl.MetricRegistriesImpl (MetricRegistriesImpl.java:lambda$create$1(61)) - First MetricRegistry has been created without registering reporters. You may need to call MetricRegistries.global().addReportRegistration(...) before.
2019-11-14 17:36:48,911 [RatisPipelineUtilsThread] INFO  pipeline.PipelineStateManager (PipelineStateManager.java:addPipeline(55)) - Created pipeline Pipeline[ Id: a0fc405d-07f7-4bc7-ae5f-d0cbf85840eb, Nodes: f5a4bf5a-4195-495f-81ba-193832aea29d{ip: 192.168.157.194, host: pr-hdds-2482-j87dr-2776293630, networkLocation: /rack1, certSerialId: null}, Type:RATIS, Factor:ONE, State:ALLOCATED]
2019-11-14 17:36:48,912 [Thread-1235] INFO  pipeline.PipelineStateManager (PipelineStateManager.java:finalizePipeline(121)) - Pipeline Pipeline[ Id: 757ba0c0-d7a1-4698-9ba1-071d96f78cb2, Nodes: b2e3cdb6-e490-4d5b-a0a3-6f5ff6451210{ip: 192.168.157.194, host: pr-hdds-2482-j87dr-2776293630, networkLocation: /rack1, certSerialId: null}, Type:RATIS, Factor:ONE, State:CLOSED] moved to CLOSED state
2019-11-14 17:36:48,916 [grpc-default-executor-2] INFO  impl.RaftServerProxy (RaftServerProxy.java:remove(95)) - b2e3cdb6-e490-4d5b-a0a3-6f5ff6451210: remove    LEADER b2e3cdb6-e490-4d5b-a0a3-6f5ff6451210@group-071D96F78CB2:t1, leader=b2e3cdb6-e490-4d5b-a0a3-6f5ff6451210, voted=b2e3cdb6-e490-4d5b-a0a3-6f5ff6451210, raftlog=b2e3cdb6-e490-4d5b-a0a3-6f5ff6451210@group-071D96F78CB2-SegmentedRaftLog:OPENED:c0,f0,i0, conf=0: [b2e3cdb6-e490-4d5b-a0a3-6f5ff6451210:192.168.157.194:37477], old=null RUNNING
2019-11-14 17:36:48,916 [grpc-default-executor-2] INFO  impl.RaftServerImpl (RaftServerImpl.java:lambda$shutdown$3(250)) - b2e3cdb6-e490-4d5b-a0a3-6f5ff6451210@group-071D96F78CB2: shutdown
2019-11-14 17:36:48,917 [grpc-default-executor-2] INFO  util.JmxRegister (JmxRegister.java:unregister(73)) - Successfully un-registered JMX Bean with object name Ratis:service=RaftServer,group=group-071D96F78CB2,id=b2e3cdb6-e490-4d5b-a0a3-6f5ff6451210
2019-11-14 17:36:48,917 [grpc-default-executor-2] INFO  impl.RoleInfo (RoleInfo.java:shutdownLeaderState(104)) - b2e3cdb6-e490-4d5b-a0a3-6f5ff6451210: shutdown LeaderState
2019-11-14 17:36:48,917 [grpc-default-executor-2] INFO  impl.PendingRequests (PendingRequests.java:sendNotLeaderResponses(206)) - b2e3cdb6-e490-4d5b-a0a3-6f5ff6451210@group-071D96F78CB2-PendingRequests: sendNotLeaderResponses
2019-11-14 17:36:48,917 [grpc-default-executor-2] INFO  impl.StateMachineUpdater (StateMachineUpdater.java:stopAndJoin(136)) - b2e3cdb6-e490-4d5b-a0a3-6f5ff6451210@group-071D96F78CB2-StateMachineUpdater: set stopIndex = 0
2019-11-14 17:36:48,918 [grpc-default-executor-2] INFO  impl.RaftServerImpl (ServerState.java:close(387)) - b2e3cdb6-e490-4d5b-a0a3-6f5ff6451210@group-071D96F78CB2: closes. applyIndex: 0
2019-11-14 17:36:48,918 [b2e3cdb6-e490-4d5b-a0a3-6f5ff6451210@group-071D96F78CB2-SegmentedRaftLogWorker] INFO  segmented.SegmentedRaftLogWorker (SegmentedRaftLogWorker.java:run(316)) - b2e3cdb6-e490-4d5b-a0a3-6f5ff6451210@group-071D96F78CB2-SegmentedRaftLogWorker was interrupted, exiting. There are 0 tasks remaining in the queue.
2019-11-14 17:36:48,918 [grpc-default-executor-2] INFO  segmented.SegmentedRaftLogWorker (SegmentedRaftLogWorker.java:close(224)) - b2e3cdb6-e490-4d5b-a0a3-6f5ff6451210@group-071D96F78CB2-SegmentedRaftLogWorker close()
2019-11-14 17:36:48,922 [Thread-1235] INFO  pipeline.PipelineStateManager (PipelineStateManager.java:removePipeline(106)) - Pipeline Pipeline[ Id: 757ba0c0-d7a1-4698-9ba1-071d96f78cb2, Nodes: b2e3cdb6-e490-4d5b-a0a3-6f5ff6451210{ip: 192.168.157.194, host: pr-hdds-2482-j87dr-2776293630, networkLocation: /rack1, certSerialId: null}, Type:RATIS, Factor:ONE, State:CLOSED] removed from db
2019-11-14 17:36:48,926 [grpc-default-executor-2] INFO  impl.RaftServerProxy (RaftServerProxy.java:addNew(89)) - b2e3cdb6-e490-4d5b-a0a3-6f5ff6451210: addNew group-7D0D5645FAD4:[b2e3cdb6-e490-4d5b-a0a3-6f5ff6451210:192.168.157.194:37477] returns group-7D0D5645FAD4:java.util.concurrent.CompletableFuture@50ad2d29[Not completed]
2019-11-14 17:36:48,928 [pool-149-thread-1] INFO  impl.RaftServerImpl (RaftServerImpl.java:<init>(98)) - b2e3cdb6-e490-4d5b-a0a3-6f5ff6451210: new RaftServerImpl for group-7D0D5645FAD4:[b2e3cdb6-e490-4d5b-a0a3-6f5ff6451210:192.168.157.194:37477] with ContainerStateMachine:uninitialized
2019-11-14 17:36:48,928 [pool-149-thread-1] INFO  server.RaftServerConfigKeys (ConfUtils.java:logGet(43)) - raft.server.rpc.timeout.min = 1s (custom)
2019-11-14 17:36:48,928 [pool-149-thread-1] INFO  server.RaftServerConfigKeys (ConfUtils.java:logGet(43)) - raft.server.rpc.timeout.max = 1200ms (custom)
2019-11-14 17:36:48,929 [pool-149-thread-1] INFO  server.RaftServerConfigKeys (ConfUtils.java:logGet(43)) - raft.server.rpcslowness.timeout = 120s (custom)
2019-11-14 17:36:48,929 [pool-149-thread-1] INFO  server.RaftServerConfigKeys (ConfUtils.java:logGet(43)) - raft.server.sleep.deviation.threshold = 300 (default)
2019-11-14 17:36:48,929 [pool-149-thread-1] INFO  server.RaftServerConfigKeys (ConfUtils.java:logGet(43)) - raft.server.log.appender.install.snapshot.enabled = false (custom)
2019-11-14 17:36:48,929 [pool-149-thread-1] INFO  impl.RaftServerImpl (ServerState.java:<init>(103)) - b2e3cdb6-e490-4d5b-a0a3-6f5ff6451210@group-7D0D5645FAD4: ConfigurationManager, init=-1: [b2e3cdb6-e490-4d5b-a0a3-6f5ff6451210:192.168.157.194:37477], old=null, confs=<EMPTY_MAP>
2019-11-14 17:36:48,929 [pool-149-thread-1] INFO  server.RaftServerConfigKeys (ConfUtils.java:logGet(43)) - raft.server.storage.dir = [/workdir/hadoop-ozone/integration-test/target/test-dir/MiniOzoneClusterImpl-22bbe08b-7feb-4e26-8434-b505ec12d921/datanode-0/data/ratis] (custom)
2019-11-14 17:36:48,930 [pool-149-thread-1] INFO  server.RaftServerConfigKeys (ConfUtils.java:logGet(43)) - raft.server.log.corruption.policy = EXCEPTION (default)
2019-11-14 17:36:48,930 [pool-149-thread-1] INFO  storage.RaftStorageDirectory (RaftStorageDirectory.java:analyzeStorage(246)) - The storage directory /workdir/hadoop-ozone/integration-test/target/test-dir/MiniOzoneClusterImpl-22bbe08b-7feb-4e26-8434-b505ec12d921/datanode-0/data/ratis/77a4a9bf-1ca3-4184-8b27-7d0d5645fad4 does not exist. Creating ...
2019-11-14 17:36:48,956 [pool-149-thread-1] INFO  storage.RaftStorageDirectory (RaftStorageDirectory.java:tryLock(328)) - Lock on /workdir/hadoop-ozone/integration-test/target/test-dir/MiniOzoneClusterImpl-22bbe08b-7feb-4e26-8434-b505ec12d921/datanode-0/data/ratis/77a4a9bf-1ca3-4184-8b27-7d0d5645fad4/in_use.lock acquired by nodename 10142@pr-hdds-2482-j87dr-2776293630
2019-11-14 17:36:48,981 [pool-149-thread-1] INFO  storage.RaftStorage (RaftStorage.java:format(84)) - Storage directory /workdir/hadoop-ozone/integration-test/target/test-dir/MiniOzoneClusterImpl-22bbe08b-7feb-4e26-8434-b505ec12d921/datanode-0/data/ratis/77a4a9bf-1ca3-4184-8b27-7d0d5645fad4 has been successfully formatted.
2019-11-14 17:36:48,981 [pool-149-thread-1] INFO  ratis.ContainerStateMachine (ContainerStateMachine.java:loadSnapshot(223)) - group-7D0D5645FAD4: The snapshot info is null. Setting the last applied indexto:(t:0, i:~)
2019-11-14 17:36:48,982 [pool-149-thread-1] INFO  server.RaftServerConfigKeys (ConfUtils.java:logGet(43)) - raft.server.notification.no-leader.timeout = 120s (custom)
2019-11-14 17:36:48,982 [pool-149-thread-1] INFO  server.RaftServerConfigKeys (ConfUtils.java:logGet(43)) - raft.server.log.use.memory = false (default)
2019-11-14 17:36:48,982 [pool-149-thread-1] INFO  server.RaftServerConfigKeys (ConfUtils.java:logGet(43)) - raft.server.log.purge.gap = 1000000 (custom)
2019-11-14 17:36:48,982 [pool-149-thread-1] INFO  server.RaftServerConfigKeys (ConfUtils.java:logGet(43)) - raft.server.log.appender.buffer.byte-limit = 33554432 (custom)
2019-11-14 17:36:48,982 [pool-149-thread-1] INFO  server.RaftServerConfigKeys (ConfUtils.java:logGet(43)) - raft.server.log.segment.size.max = 1048576 (custom)
2019-11-14 17:36:48,982 [pool-149-thread-1] INFO  server.RaftServerConfigKeys (ConfUtils.java:logGet(43)) - raft.server.log.segment.cache.num.max = 2 (custom)
2019-11-14 17:36:48,982 [pool-149-thread-1] INFO  segmented.SegmentedRaftLogWorker (SegmentedRaftLogWorker.java:<init>(173)) - new b2e3cdb6-e490-4d5b-a0a3-6f5ff6451210@group-7D0D5645FAD4-SegmentedRaftLogWorker for RaftStorage:Storage Directory /workdir/hadoop-ozone/integration-test/target/test-dir/MiniOzoneClusterImpl-22bbe08b-7feb-4e26-8434-b505ec12d921/datanode-0/data/ratis/77a4a9bf-1ca3-4184-8b27-7d0d5645fad4
2019-11-14 17:36:48,982 [pool-149-thread-1] INFO  server.RaftServerConfigKeys (ConfUtils.java:logGet(43)) - raft.server.log.queue.byte-limit = 2147483647 (custom)
2019-11-14 17:36:48,982 [pool-149-thread-1] INFO  server.RaftServerConfigKeys (ConfUtils.java:logGet(43)) - raft.server.log.queue.element-limit = 1024 (custom)
2019-11-14 17:36:48,983 [pool-149-thread-1] INFO  server.RaftServerConfigKeys (ConfUtils.java:logGet(43)) - raft.server.log.segment.size.max = 1048576 (custom)
2019-11-14 17:36:48,983 [pool-149-thread-1] INFO  server.RaftServerConfigKeys (ConfUtils.java:logGet(43)) - raft.server.log.preallocated.size = 16384 (custom)
2019-11-14 17:36:48,983 [pool-149-thread-1] INFO  server.RaftServerConfigKeys (ConfUtils.java:logGet(43)) - raft.server.log.write.buffer.size = 33554432 (custom)
2019-11-14 17:36:48,983 [pool-149-thread-1] INFO  server.RaftServerConfigKeys (ConfUtils.java:logGet(43)) - raft.server.log.force.sync.num = 128 (default)
2019-11-14 17:36:48,983 [pool-149-thread-1] INFO  server.RaftServerConfigKeys (ConfUtils.java:logGet(43)) - raft.server.log.statemachine.data.sync = true (default)
2019-11-14 17:36:48,983 [pool-149-thread-1] INFO  server.RaftServerConfigKeys (ConfUtils.java:logGet(43)) - raft.server.log.statemachine.data.sync.timeout = 10s (default)
2019-11-14 17:36:48,983 [pool-149-thread-1] INFO  server.RaftServerConfigKeys (ConfUtils.java:logGet(43)) - raft.server.log.statemachine.data.sync.timeout.retry = -1 (default)
2019-11-14 17:36:48,983 [pool-149-thread-1] INFO  server.RaftServerConfigKeys (ConfUtils.java:logGet(43)) - raft.server.log.statemachine.data.caching.enabled = true (custom)
2019-11-14 17:36:48,984 [pool-149-thread-1] INFO  segmented.SegmentedRaftLogWorker (SegmentedRaftLogWorker.java:lambda$new$0(128)) - b2e3cdb6-e490-4d5b-a0a3-6f5ff6451210@group-7D0D5645FAD4-SegmentedRaftLogWorker: flushIndex: setUnconditionally 0 -> -1
2019-11-14 17:36:48,984 [pool-149-thread-1] INFO  server.RaftServerConfigKeys (ConfUtils.java:logGet(43)) - raft.server.snapshot.auto.trigger.enabled = true (custom)
2019-11-14 17:36:48,984 [pool-149-thread-1] INFO  server.RaftServerConfigKeys (ConfUtils.java:logGet(43)) - raft.server.snapshot.auto.trigger.threshold = 10000 (custom)
2019-11-14 17:36:48,984 [pool-149-thread-1] INFO  server.RaftServerConfigKeys (ConfUtils.java:logGet(43)) - raft.server.snapshot.retention.file.num = 5 (custom)
2019-11-14 17:36:48,984 [pool-149-thread-1] INFO  server.RaftServerConfigKeys (ConfUtils.java:logGet(43)) - raft.server.retrycache.expirytime = 600000ms (custom)
2019-11-14 17:36:48,984 [pool-149-thread-1] WARN  impl.MetricRegistriesImpl (MetricRegistriesImpl.java:lambda$create$1(61)) - First MetricRegistry has been created without registering reporters. You may need to call MetricRegistries.global().addReportRegistration(...) before.
2019-11-14 17:36:48,984 [pool-149-thread-1] WARN  impl.MetricRegistriesImpl (MetricRegistriesImpl.java:lambda$create$1(61)) - First MetricRegistry has been created without registering reporters. You may need to call MetricRegistries.global().addReportRegistration(...) before.
2019-11-14 17:36:48,984 [pool-149-thread-1] INFO  impl.RaftServerImpl (RaftServerImpl.java:start(184)) - b2e3cdb6-e490-4d5b-a0a3-6f5ff6451210@group-7D0D5645FAD4: start as a follower, conf=-1: [b2e3cdb6-e490-4d5b-a0a3-6f5ff6451210:192.168.157.194:37477], old=null
2019-11-14 17:36:48,985 [pool-149-thread-1] INFO  impl.RaftServerImpl (RaftServerImpl.java:setRole(173)) - b2e3cdb6-e490-4d5b-a0a3-6f5ff6451210@group-7D0D5645FAD4: changes role from      null to FOLLOWER at term 0 for startAsFollower
2019-11-14 17:36:48,985 [pool-149-thread-1] INFO  impl.RoleInfo (RoleInfo.java:updateAndGet(143)) - b2e3cdb6-e490-4d5b-a0a3-6f5ff6451210: start FollowerState
2019-11-14 17:36:48,985 [pool-149-thread-1] INFO  util.JmxRegister (JmxRegister.java:tryRegister(44)) - Successfully registered JMX Bean with object name Ratis:service=RaftServer,group=group-7D0D5645FAD4,id=b2e3cdb6-e490-4d5b-a0a3-6f5ff6451210
2019-11-14 17:36:48,985 [pool-149-thread-1] WARN  impl.MetricRegistriesImpl (MetricRegistriesImpl.java:lambda$create$1(61)) - First MetricRegistry has been created without registering reporters. You may need to call MetricRegistries.global().addReportRegistration(...) before.
2019-11-14 17:36:48,988 [RatisPipelineUtilsThread] INFO  pipeline.PipelineStateManager (PipelineStateManager.java:addPipeline(55)) - Created pipeline Pipeline[ Id: 77a4a9bf-1ca3-4184-8b27-7d0d5645fad4, Nodes: b2e3cdb6-e490-4d5b-a0a3-6f5ff6451210{ip: 192.168.157.194, host: pr-hdds-2482-j87dr-2776293630, networkLocation: /rack1, certSerialId: null}, Type:RATIS, Factor:ONE, State:ALLOCATED]
2019-11-14 17:36:49,308 [Thread-1370] INFO  impl.FollowerState (FollowerState.java:run(111)) - 55ab2526-4f89-4bd2-9902-395461fa7031@group-765CA94DA6E6-FollowerState: change to CANDIDATE, lastRpcTime:1061ms, electionTimeout:1061ms
2019-11-14 17:36:49,308 [Thread-1370] INFO  impl.RoleInfo (RoleInfo.java:shutdownFollowerState(121)) - 55ab2526-4f89-4bd2-9902-395461fa7031: shutdown FollowerState
2019-11-14 17:36:49,308 [Thread-1370] INFO  impl.RaftServerImpl (RaftServerImpl.java:setRole(173)) - 55ab2526-4f89-4bd2-9902-395461fa7031@group-765CA94DA6E6: changes role from  FOLLOWER to CANDIDATE at term 0 for changeToCandidate
2019-11-14 17:36:49,308 [Thread-1370] INFO  impl.RoleInfo (RoleInfo.java:updateAndGet(143)) - 55ab2526-4f89-4bd2-9902-395461fa7031: start LeaderElection
2019-11-14 17:36:49,342 [55ab2526-4f89-4bd2-9902-395461fa7031@group-765CA94DA6E6-LeaderElection70] INFO  impl.LeaderElection (LeaderElection.java:askForVotes(178)) - 55ab2526-4f89-4bd2-9902-395461fa7031@group-765CA94DA6E6-LeaderElection70: begin an election at term 1 for -1: [55ab2526-4f89-4bd2-9902-395461fa7031:192.168.157.194:41123], old=null
2019-11-14 17:36:49,342 [55ab2526-4f89-4bd2-9902-395461fa7031@group-765CA94DA6E6-LeaderElection70] INFO  impl.RoleInfo (RoleInfo.java:shutdownLeaderElection(134)) - 55ab2526-4f89-4bd2-9902-395461fa7031: shutdown LeaderElection
2019-11-14 17:36:49,342 [55ab2526-4f89-4bd2-9902-395461fa7031@group-765CA94DA6E6-LeaderElection70] INFO  impl.RaftServerImpl (RaftServerImpl.java:setRole(173)) - 55ab2526-4f89-4bd2-9902-395461fa7031@group-765CA94DA6E6: changes role from CANDIDATE to LEADER at term 1 for changeToLeader
2019-11-14 17:36:49,342 [55ab2526-4f89-4bd2-9902-395461fa7031@group-765CA94DA6E6-LeaderElection70] INFO  ratis.XceiverServerRatis (XceiverServerRatis.java:handleLeaderChangedNotification(697)) - Leader change notification received for group: group-765CA94DA6E6 with new leaderId: 55ab2526-4f89-4bd2-9902-395461fa7031
2019-11-14 17:36:49,343 [55ab2526-4f89-4bd2-9902-395461fa7031@group-765CA94DA6E6-LeaderElection70] INFO  impl.RaftServerImpl (ServerState.java:setLeader(255)) - 55ab2526-4f89-4bd2-9902-395461fa7031@group-765CA94DA6E6: change Leader from null to 55ab2526-4f89-4bd2-9902-395461fa7031 at term 1 for becomeLeader, leader elected after 1100ms
2019-11-14 17:36:49,343 [55ab2526-4f89-4bd2-9902-395461fa7031@group-765CA94DA6E6-LeaderElection70] INFO  server.RaftServerConfigKeys (ConfUtils.java:logGet(43)) - raft.server.staging.catchup.gap = 1000 (default)
2019-11-14 17:36:49,343 [55ab2526-4f89-4bd2-9902-395461fa7031@group-765CA94DA6E6-LeaderElection70] INFO  server.RaftServerConfigKeys (ConfUtils.java:logGet(43)) - raft.server.rpc.sleep.time = 25ms (default)
2019-11-14 17:36:49,343 [55ab2526-4f89-4bd2-9902-395461fa7031@group-765CA94DA6E6-LeaderElection70] INFO  server.RaftServerConfigKeys (ConfUtils.java:logGet(43)) - raft.server.write.element-limit = 4096 (default)
2019-11-14 17:36:49,343 [55ab2526-4f89-4bd2-9902-395461fa7031@group-765CA94DA6E6-LeaderElection70] INFO  server.RaftServerConfigKeys (ConfUtils.java:logGet(43)) - raft.server.watch.timeout = 10s (default)
2019-11-14 17:36:49,344 [55ab2526-4f89-4bd2-9902-395461fa7031@group-765CA94DA6E6-LeaderElection70] INFO  server.RaftServerConfigKeys (ConfUtils.java:logGet(43)) - raft.server.watch.timeout.denomination = 1s (default)
2019-11-14 17:36:49,344 [55ab2526-4f89-4bd2-9902-395461fa7031@group-765CA94DA6E6-LeaderElection70] INFO  server.RaftServerConfigKeys (ConfUtils.java:logGet(43)) - raft.server.watch.element-limit = 65536 (default)
2019-11-14 17:36:49,344 [EventQueue-PipelineReportForPipelineReportHandler] INFO  pipeline.PipelineStateManager (PipelineStateManager.java:openPipeline(134)) - Pipeline Pipeline[ Id: 9d6cebad-4ec2-4102-b390-765ca94da6e6, Nodes: 55ab2526-4f89-4bd2-9902-395461fa7031{ip: 192.168.157.194, host: pr-hdds-2482-j87dr-2776293630, networkLocation: /rack1, certSerialId: null}, Type:RATIS, Factor:ONE, State:OPEN] moved to OPEN state
2019-11-14 17:36:49,344 [55ab2526-4f89-4bd2-9902-395461fa7031@group-765CA94DA6E6-LeaderElection70] INFO  impl.RoleInfo (RoleInfo.java:updateAndGet(143)) - 55ab2526-4f89-4bd2-9902-395461fa7031: start LeaderState
2019-11-14 17:36:49,344 [55ab2526-4f89-4bd2-9902-395461fa7031@group-765CA94DA6E6-LeaderElection70] INFO  segmented.SegmentedRaftLogWorker (SegmentedRaftLogWorker.java:startLogSegment(385)) - 55ab2526-4f89-4bd2-9902-395461fa7031@group-765CA94DA6E6-SegmentedRaftLogWorker: Starting segment from index:0
2019-11-14 17:36:49,345 [55ab2526-4f89-4bd2-9902-395461fa7031@group-765CA94DA6E6-LeaderElection70] INFO  impl.RaftServerImpl (ServerState.java:setRaftConf(356)) - 55ab2526-4f89-4bd2-9902-395461fa7031@group-765CA94DA6E6: set configuration 0: [55ab2526-4f89-4bd2-9902-395461fa7031:192.168.157.194:41123], old=null at 0
2019-11-14 17:36:49,412 [55ab2526-4f89-4bd2-9902-395461fa7031@group-765CA94DA6E6-SegmentedRaftLogWorker] INFO  segmented.SegmentedRaftLogWorker (SegmentedRaftLogWorker.java:execute(576)) - 55ab2526-4f89-4bd2-9902-395461fa7031@group-765CA94DA6E6-SegmentedRaftLogWorker: created new log segment /workdir/hadoop-ozone/integration-test/target/test-dir/MiniOzoneClusterImpl-22bbe08b-7feb-4e26-8434-b505ec12d921/datanode-3/data/ratis/9d6cebad-4ec2-4102-b390-765ca94da6e6/current/log_inprogress_0
2019-11-14 17:36:49,412 [main] WARN  io.KeyOutputStream (KeyOutputStream.java:handleException(274)) - Encountered exception java.io.IOException: Unexpected Storage Container Exception: java.util.concurrent.CompletionException: java.util.concurrent.CompletionException: org.apache.ratis.protocol.GroupMismatchException: a3b153ef-1e94-4227-8997-77072f34e630: group-54586048B429 not found. on the pipeline Pipeline[ Id: 5c1052a8-6c13-4872-ae28-54586048b429, Nodes: 785a1b68-bc50-461a-9c66-217454b39c0f{ip: 192.168.157.194, host: pr-hdds-2482-j87dr-2776293630, networkLocation: /rack1, certSerialId: null}a3b153ef-1e94-4227-8997-77072f34e630{ip: 192.168.157.194, host: pr-hdds-2482-j87dr-2776293630, networkLocation: /rack1, certSerialId: null}55ab2526-4f89-4bd2-9902-395461fa7031{ip: 192.168.157.194, host: pr-hdds-2482-j87dr-2776293630, networkLocation: /rack1, certSerialId: null}, Type:RATIS, Factor:THREE, State:OPEN]. The last committed block length is 0, uncommitted data length is 1048576 retry count 0
2019-11-14 17:36:49,412 [Thread-1376] INFO  impl.FollowerState (FollowerState.java:run(111)) - 5f137831-83b6-4bbd-8817-ab596ad00049@group-AE065064486B-FollowerState: change to CANDIDATE, lastRpcTime:1070ms, electionTimeout:1064ms
2019-11-14 17:36:49,412 [main] INFO  io.BlockOutputStreamEntryPool (BlockOutputStreamEntryPool.java:allocateNewBlock(257)) - Allocating block with ExcludeList {datanodes = [], containerIds = [], pipelineIds = [PipelineID=5c1052a8-6c13-4872-ae28-54586048b429]}
2019-11-14 17:36:49,412 [Thread-1376] INFO  impl.RoleInfo (RoleInfo.java:shutdownFollowerState(121)) - 5f137831-83b6-4bbd-8817-ab596ad00049: shutdown FollowerState
2019-11-14 17:36:49,413 [Thread-1376] INFO  impl.RaftServerImpl (RaftServerImpl.java:setRole(173)) - 5f137831-83b6-4bbd-8817-ab596ad00049@group-AE065064486B: changes role from  FOLLOWER to CANDIDATE at term 0 for changeToCandidate
2019-11-14 17:36:49,413 [Thread-1376] INFO  impl.RoleInfo (RoleInfo.java:updateAndGet(143)) - 5f137831-83b6-4bbd-8817-ab596ad00049: start LeaderElection
2019-11-14 17:36:49,440 [5f137831-83b6-4bbd-8817-ab596ad00049@group-AE065064486B-LeaderElection71] INFO  impl.LeaderElection (LeaderElection.java:askForVotes(178)) - 5f137831-83b6-4bbd-8817-ab596ad00049@group-AE065064486B-LeaderElection71: begin an election at term 1 for -1: [5f137831-83b6-4bbd-8817-ab596ad00049:192.168.157.194:34259], old=null
2019-11-14 17:36:49,441 [5f137831-83b6-4bbd-8817-ab596ad00049@group-AE065064486B-LeaderElection71] INFO  impl.RoleInfo (RoleInfo.java:shutdownLeaderElection(134)) - 5f137831-83b6-4bbd-8817-ab596ad00049: shutdown LeaderElection
2019-11-14 17:36:49,441 [5f137831-83b6-4bbd-8817-ab596ad00049@group-AE065064486B-LeaderElection71] INFO  impl.RaftServerImpl (RaftServerImpl.java:setRole(173)) - 5f137831-83b6-4bbd-8817-ab596ad00049@group-AE065064486B: changes role from CANDIDATE to LEADER at term 1 for changeToLeader
2019-11-14 17:36:49,441 [5f137831-83b6-4bbd-8817-ab596ad00049@group-AE065064486B-LeaderElection71] INFO  ratis.XceiverServerRatis (XceiverServerRatis.java:handleLeaderChangedNotification(697)) - Leader change notification received for group: group-AE065064486B with new leaderId: 5f137831-83b6-4bbd-8817-ab596ad00049
2019-11-14 17:36:49,441 [5f137831-83b6-4bbd-8817-ab596ad00049@group-AE065064486B-LeaderElection71] INFO  impl.RaftServerImpl (ServerState.java:setLeader(255)) - 5f137831-83b6-4bbd-8817-ab596ad00049@group-AE065064486B: change Leader from null to 5f137831-83b6-4bbd-8817-ab596ad00049 at term 1 for becomeLeader, leader elected after 1103ms
2019-11-14 17:36:49,441 [5f137831-83b6-4bbd-8817-ab596ad00049@group-AE065064486B-LeaderElection71] INFO  server.RaftServerConfigKeys (ConfUtils.java:logGet(43)) - raft.server.staging.catchup.gap = 1000 (default)
2019-11-14 17:36:49,441 [5f137831-83b6-4bbd-8817-ab596ad00049@group-AE065064486B-LeaderElection71] INFO  server.RaftServerConfigKeys (ConfUtils.java:logGet(43)) - raft.server.rpc.sleep.time = 25ms (default)
2019-11-14 17:36:49,442 [5f137831-83b6-4bbd-8817-ab596ad00049@group-AE065064486B-LeaderElection71] INFO  server.RaftServerConfigKeys (ConfUtils.java:logGet(43)) - raft.server.write.element-limit = 4096 (default)
2019-11-14 17:36:49,442 [5f137831-83b6-4bbd-8817-ab596ad00049@group-AE065064486B-LeaderElection71] INFO  server.RaftServerConfigKeys (ConfUtils.java:logGet(43)) - raft.server.watch.timeout = 10s (default)
2019-11-14 17:36:49,442 [5f137831-83b6-4bbd-8817-ab596ad00049@group-AE065064486B-LeaderElection71] INFO  server.RaftServerConfigKeys (ConfUtils.java:logGet(43)) - raft.server.watch.timeout.denomination = 1s (default)
2019-11-14 17:36:49,442 [5f137831-83b6-4bbd-8817-ab596ad00049@group-AE065064486B-LeaderElection71] INFO  server.RaftServerConfigKeys (ConfUtils.java:logGet(43)) - raft.server.watch.element-limit = 65536 (default)
2019-11-14 17:36:49,442 [EventQueue-PipelineReportForPipelineReportHandler] INFO  pipeline.PipelineStateManager (PipelineStateManager.java:openPipeline(134)) - Pipeline Pipeline[ Id: 4888c255-7f43-40ff-99ba-ae065064486b, Nodes: 5f137831-83b6-4bbd-8817-ab596ad00049{ip: 192.168.157.194, host: pr-hdds-2482-j87dr-2776293630, networkLocation: /rack1, certSerialId: null}, Type:RATIS, Factor:ONE, State:OPEN] moved to OPEN state
2019-11-14 17:36:49,442 [5f137831-83b6-4bbd-8817-ab596ad00049@group-AE065064486B-LeaderElection71] INFO  impl.RoleInfo (RoleInfo.java:updateAndGet(143)) - 5f137831-83b6-4bbd-8817-ab596ad00049: start LeaderState
2019-11-14 17:36:49,443 [5f137831-83b6-4bbd-8817-ab596ad00049@group-AE065064486B-LeaderElection71] INFO  segmented.SegmentedRaftLogWorker (SegmentedRaftLogWorker.java:startLogSegment(385)) - 5f137831-83b6-4bbd-8817-ab596ad00049@group-AE065064486B-SegmentedRaftLogWorker: Starting segment from index:0
2019-11-14 17:36:49,443 [5f137831-83b6-4bbd-8817-ab596ad00049@group-AE065064486B-LeaderElection71] INFO  impl.RaftServerImpl (ServerState.java:setRaftConf(356)) - 5f137831-83b6-4bbd-8817-ab596ad00049@group-AE065064486B: set configuration 0: [5f137831-83b6-4bbd-8817-ab596ad00049:192.168.157.194:34259], old=null at 0
2019-11-14 17:36:49,503 [5f137831-83b6-4bbd-8817-ab596ad00049@group-AE065064486B-SegmentedRaftLogWorker] INFO  segmented.SegmentedRaftLogWorker (SegmentedRaftLogWorker.java:execute(576)) - 5f137831-83b6-4bbd-8817-ab596ad00049@group-AE065064486B-SegmentedRaftLogWorker: created new log segment /workdir/hadoop-ozone/integration-test/target/test-dir/MiniOzoneClusterImpl-22bbe08b-7feb-4e26-8434-b505ec12d921/datanode-8/data/ratis/4888c255-7f43-40ff-99ba-ae065064486b/current/log_inprogress_0
2019-11-14 17:36:49,547 [Thread-1409] INFO  impl.FollowerState (FollowerState.java:run(111)) - 785a1b68-bc50-461a-9c66-217454b39c0f@group-7B1089351A69-FollowerState: change to CANDIDATE, lastRpcTime:1036ms, electionTimeout:1036ms
2019-11-14 17:36:49,547 [Thread-1409] INFO  impl.RoleInfo (RoleInfo.java:shutdownFollowerState(121)) - 785a1b68-bc50-461a-9c66-217454b39c0f: shutdown FollowerState
2019-11-14 17:36:49,547 [Thread-1409] INFO  impl.RaftServerImpl (RaftServerImpl.java:setRole(173)) - 785a1b68-bc50-461a-9c66-217454b39c0f@group-7B1089351A69: changes role from  FOLLOWER to CANDIDATE at term 0 for changeToCandidate
2019-11-14 17:36:49,547 [Thread-1409] INFO  impl.RoleInfo (RoleInfo.java:updateAndGet(143)) - 785a1b68-bc50-461a-9c66-217454b39c0f: start LeaderElection
2019-11-14 17:36:49,577 [785a1b68-bc50-461a-9c66-217454b39c0f@group-7B1089351A69-LeaderElection72] INFO  impl.LeaderElection (LeaderElection.java:askForVotes(178)) - 785a1b68-bc50-461a-9c66-217454b39c0f@group-7B1089351A69-LeaderElection72: begin an election at term 1 for -1: [55ab2526-4f89-4bd2-9902-395461fa7031:192.168.157.194:41123, 785a1b68-bc50-461a-9c66-217454b39c0f:192.168.157.194:36611, a3b153ef-1e94-4227-8997-77072f34e630:192.168.157.194:41542], old=null
2019-11-14 17:36:49,582 [grpc-default-executor-2] INFO  impl.RaftServerImpl (RaftServerImpl.java:setRole(173)) - a3b153ef-1e94-4227-8997-77072f34e630@group-7B1089351A69: changes role from  FOLLOWER to FOLLOWER at term 1 for recognizeCandidate:785a1b68-bc50-461a-9c66-217454b39c0f
2019-11-14 17:36:49,582 [grpc-default-executor-5] INFO  impl.RaftServerImpl (RaftServerImpl.java:setRole(173)) - 55ab2526-4f89-4bd2-9902-395461fa7031@group-7B1089351A69: changes role from  FOLLOWER to FOLLOWER at term 1 for recognizeCandidate:785a1b68-bc50-461a-9c66-217454b39c0f
2019-11-14 17:36:49,582 [grpc-default-executor-2] INFO  impl.RoleInfo (RoleInfo.java:shutdownFollowerState(121)) - a3b153ef-1e94-4227-8997-77072f34e630: shutdown FollowerState
2019-11-14 17:36:49,582 [grpc-default-executor-5] INFO  impl.RoleInfo (RoleInfo.java:shutdownFollowerState(121)) - 55ab2526-4f89-4bd2-9902-395461fa7031: shutdown FollowerState
2019-11-14 17:36:49,583 [Thread-1408] INFO  impl.FollowerState (FollowerState.java:run(120)) - a3b153ef-1e94-4227-8997-77072f34e630@group-7B1089351A69-FollowerState was interrupted: java.lang.InterruptedException: sleep interrupted
2019-11-14 17:36:49,583 [grpc-default-executor-2] INFO  impl.RoleInfo (RoleInfo.java:updateAndGet(143)) - a3b153ef-1e94-4227-8997-77072f34e630: start FollowerState
2019-11-14 17:36:49,583 [Thread-1407] INFO  impl.FollowerState (FollowerState.java:run(120)) - 55ab2526-4f89-4bd2-9902-395461fa7031@group-7B1089351A69-FollowerState was interrupted: java.lang.InterruptedException: sleep interrupted
2019-11-14 17:36:49,583 [grpc-default-executor-5] INFO  impl.RoleInfo (RoleInfo.java:updateAndGet(143)) - 55ab2526-4f89-4bd2-9902-395461fa7031: start FollowerState
2019-11-14 17:36:49,601 [785a1b68-bc50-461a-9c66-217454b39c0f@group-7B1089351A69-LeaderElection72] INFO  impl.LeaderElection (LeaderElection.java:logAndReturn(56)) - 785a1b68-bc50-461a-9c66-217454b39c0f@group-7B1089351A69-LeaderElection72: Election PASSED; received 1 response(s) [785a1b68-bc50-461a-9c66-217454b39c0f<-55ab2526-4f89-4bd2-9902-395461fa7031#0:OK-t1] and 0 exception(s); 785a1b68-bc50-461a-9c66-217454b39c0f@group-7B1089351A69:t1, leader=null, voted=785a1b68-bc50-461a-9c66-217454b39c0f, raftlog=785a1b68-bc50-461a-9c66-217454b39c0f@group-7B1089351A69-SegmentedRaftLog:OPENED:c-1,f-1,i0, conf=-1: [55ab2526-4f89-4bd2-9902-395461fa7031:192.168.157.194:41123, 785a1b68-bc50-461a-9c66-217454b39c0f:192.168.157.194:36611, a3b153ef-1e94-4227-8997-77072f34e630:192.168.157.194:41542], old=null
2019-11-14 17:36:49,601 [785a1b68-bc50-461a-9c66-217454b39c0f@group-7B1089351A69-LeaderElection72] INFO  impl.RoleInfo (RoleInfo.java:shutdownLeaderElection(134)) - 785a1b68-bc50-461a-9c66-217454b39c0f: shutdown LeaderElection
2019-11-14 17:36:49,601 [785a1b68-bc50-461a-9c66-217454b39c0f@group-7B1089351A69-LeaderElection72] INFO  impl.RaftServerImpl (RaftServerImpl.java:setRole(173)) - 785a1b68-bc50-461a-9c66-217454b39c0f@group-7B1089351A69: changes role from CANDIDATE to LEADER at term 1 for changeToLeader
2019-11-14 17:36:49,602 [785a1b68-bc50-461a-9c66-217454b39c0f@group-7B1089351A69-LeaderElection72] INFO  ratis.XceiverServerRatis (XceiverServerRatis.java:handleLeaderChangedNotification(697)) - Leader change notification received for group: group-7B1089351A69 with new leaderId: 785a1b68-bc50-461a-9c66-217454b39c0f
2019-11-14 17:36:49,602 [785a1b68-bc50-461a-9c66-217454b39c0f@group-7B1089351A69-LeaderElection72] INFO  impl.RaftServerImpl (ServerState.java:setLeader(255)) - 785a1b68-bc50-461a-9c66-217454b39c0f@group-7B1089351A69: change Leader from null to 785a1b68-bc50-461a-9c66-217454b39c0f at term 1 for becomeLeader, leader elected after 1127ms
2019-11-14 17:36:49,602 [785a1b68-bc50-461a-9c66-217454b39c0f@group-7B1089351A69-LeaderElection72] INFO  server.RaftServerConfigKeys (ConfUtils.java:logGet(43)) - raft.server.staging.catchup.gap = 1000 (default)
2019-11-14 17:36:49,602 [785a1b68-bc50-461a-9c66-217454b39c0f@group-7B1089351A69-LeaderElection72] INFO  server.RaftServerConfigKeys (ConfUtils.java:logGet(43)) - raft.server.rpc.sleep.time = 25ms (default)
2019-11-14 17:36:49,602 [785a1b68-bc50-461a-9c66-217454b39c0f@group-7B1089351A69-LeaderElection72] INFO  server.RaftServerConfigKeys (ConfUtils.java:logGet(43)) - raft.server.write.element-limit = 4096 (default)
2019-11-14 17:36:49,602 [785a1b68-bc50-461a-9c66-217454b39c0f@group-7B1089351A69-LeaderElection72] INFO  server.RaftServerConfigKeys (ConfUtils.java:logGet(43)) - raft.server.watch.timeout = 10s (default)
2019-11-14 17:36:49,602 [785a1b68-bc50-461a-9c66-217454b39c0f@group-7B1089351A69-LeaderElection72] INFO  server.RaftServerConfigKeys (ConfUtils.java:logGet(43)) - raft.server.watch.timeout.denomination = 1s (default)
2019-11-14 17:36:49,602 [785a1b68-bc50-461a-9c66-217454b39c0f@group-7B1089351A69-LeaderElection72] INFO  server.RaftServerConfigKeys (ConfUtils.java:logGet(43)) - raft.server.watch.element-limit = 65536 (default)
2019-11-14 17:36:49,603 [EventQueue-PipelineReportForPipelineReportHandler] INFO  pipeline.PipelineStateManager (PipelineStateManager.java:openPipeline(134)) - Pipeline Pipeline[ Id: e83d3eaf-b519-45db-9f78-7b1089351a69, Nodes: 785a1b68-bc50-461a-9c66-217454b39c0f{ip: 192.168.157.194, host: pr-hdds-2482-j87dr-2776293630, networkLocation: /rack1, certSerialId: null}a3b153ef-1e94-4227-8997-77072f34e630{ip: 192.168.157.194, host: pr-hdds-2482-j87dr-2776293630, networkLocation: /rack1, certSerialId: null}55ab2526-4f89-4bd2-9902-395461fa7031{ip: 192.168.157.194, host: pr-hdds-2482-j87dr-2776293630, networkLocation: /rack1, certSerialId: null}, Type:RATIS, Factor:THREE, State:OPEN] moved to OPEN state
2019-11-14 17:36:49,603 [785a1b68-bc50-461a-9c66-217454b39c0f@group-7B1089351A69-LeaderElection72] INFO  server.RaftServerConfigKeys (ConfUtils.java:logGet(43)) - raft.server.log.appender.snapshot.chunk.size.max = 16MB (=16777216) (default)
2019-11-14 17:36:49,603 [785a1b68-bc50-461a-9c66-217454b39c0f@group-7B1089351A69-LeaderElection72] INFO  server.RaftServerConfigKeys (ConfUtils.java:logGet(43)) - raft.server.log.appender.buffer.byte-limit = 33554432 (custom)
2019-11-14 17:36:49,603 [785a1b68-bc50-461a-9c66-217454b39c0f@group-7B1089351A69-LeaderElection72] INFO  server.RaftServerConfigKeys (ConfUtils.java:logGet(43)) - raft.server.log.appender.buffer.element-limit = 1 (custom)
2019-11-14 17:36:49,603 [785a1b68-bc50-461a-9c66-217454b39c0f@group-7B1089351A69-LeaderElection72] INFO  grpc.GrpcConfigKeys$Server (ConfUtils.java:logGet(43)) - raft.grpc.server.leader.outstanding.appends.max = 128 (default)
2019-11-14 17:36:49,603 [785a1b68-bc50-461a-9c66-217454b39c0f@group-7B1089351A69-LeaderElection72] INFO  server.RaftServerConfigKeys (ConfUtils.java:logGet(43)) - raft.server.rpc.request.timeout = 3000ms (default)
2019-11-14 17:36:49,604 [785a1b68-bc50-461a-9c66-217454b39c0f@group-7B1089351A69-LeaderElection72] INFO  server.RaftServerConfigKeys (ConfUtils.java:logGet(43)) - raft.server.log.appender.install.snapshot.enabled = false (custom)
2019-11-14 17:36:49,604 [785a1b68-bc50-461a-9c66-217454b39c0f@group-7B1089351A69-LeaderElection72] WARN  impl.MetricRegistriesImpl (MetricRegistriesImpl.java:lambda$create$1(61)) - First MetricRegistry has been created without registering reporters. You may need to call MetricRegistries.global().addReportRegistration(...) before.
2019-11-14 17:36:49,604 [785a1b68-bc50-461a-9c66-217454b39c0f@group-7B1089351A69-LeaderElection72] INFO  server.RaftServerConfigKeys (ConfUtils.java:logGet(43)) - raft.server.log.appender.snapshot.chunk.size.max = 16MB (=16777216) (default)
2019-11-14 17:36:49,604 [785a1b68-bc50-461a-9c66-217454b39c0f@group-7B1089351A69-LeaderElection72] INFO  server.RaftServerConfigKeys (ConfUtils.java:logGet(43)) - raft.server.log.appender.buffer.byte-limit = 33554432 (custom)
2019-11-14 17:36:49,604 [785a1b68-bc50-461a-9c66-217454b39c0f@group-7B1089351A69-LeaderElection72] INFO  server.RaftServerConfigKeys (ConfUtils.java:logGet(43)) - raft.server.log.appender.buffer.element-limit = 1 (custom)
2019-11-14 17:36:49,604 [785a1b68-bc50-461a-9c66-217454b39c0f@group-7B1089351A69-LeaderElection72] INFO  grpc.GrpcConfigKeys$Server (ConfUtils.java:logGet(43)) - raft.grpc.server.leader.outstanding.appends.max = 128 (default)
2019-11-14 17:36:49,604 [785a1b68-bc50-461a-9c66-217454b39c0f@group-7B1089351A69-LeaderElection72] INFO  server.RaftServerConfigKeys (ConfUtils.java:logGet(43)) - raft.server.rpc.request.timeout = 3000ms (default)
2019-11-14 17:36:49,605 [785a1b68-bc50-461a-9c66-217454b39c0f@group-7B1089351A69-LeaderElection72] INFO  server.RaftServerConfigKeys (ConfUtils.java:logGet(43)) - raft.server.log.appender.install.snapshot.enabled = false (custom)
2019-11-14 17:36:49,605 [785a1b68-bc50-461a-9c66-217454b39c0f@group-7B1089351A69-LeaderElection72] INFO  impl.RoleInfo (RoleInfo.java:updateAndGet(143)) - 785a1b68-bc50-461a-9c66-217454b39c0f: start LeaderState
2019-11-14 17:36:49,605 [785a1b68-bc50-461a-9c66-217454b39c0f@group-7B1089351A69-LeaderElection72] INFO  segmented.SegmentedRaftLogWorker (SegmentedRaftLogWorker.java:startLogSegment(385)) - 785a1b68-bc50-461a-9c66-217454b39c0f@group-7B1089351A69-SegmentedRaftLogWorker: Starting segment from index:0
2019-11-14 17:36:49,606 [785a1b68-bc50-461a-9c66-217454b39c0f@group-7B1089351A69-LeaderElection72] INFO  impl.RaftServerImpl (ServerState.java:setRaftConf(356)) - 785a1b68-bc50-461a-9c66-217454b39c0f@group-7B1089351A69: set configuration 0: [55ab2526-4f89-4bd2-9902-395461fa7031:192.168.157.194:41123, 785a1b68-bc50-461a-9c66-217454b39c0f:192.168.157.194:36611, a3b153ef-1e94-4227-8997-77072f34e630:192.168.157.194:41542], old=null at 0
2019-11-14 17:36:49,639 [grpc-default-executor-5] INFO  ratis.XceiverServerRatis (XceiverServerRatis.java:handleLeaderChangedNotification(697)) - Leader change notification received for group: group-7B1089351A69 with new leaderId: 785a1b68-bc50-461a-9c66-217454b39c0f
2019-11-14 17:36:49,639 [grpc-default-executor-2] INFO  ratis.XceiverServerRatis (XceiverServerRatis.java:handleLeaderChangedNotification(697)) - Leader change notification received for group: group-7B1089351A69 with new leaderId: 785a1b68-bc50-461a-9c66-217454b39c0f
2019-11-14 17:36:49,639 [grpc-default-executor-5] INFO  impl.RaftServerImpl (ServerState.java:setLeader(255)) - a3b153ef-1e94-4227-8997-77072f34e630@group-7B1089351A69: change Leader from null to 785a1b68-bc50-461a-9c66-217454b39c0f at term 1 for appendEntries, leader elected after 1163ms
2019-11-14 17:36:49,639 [grpc-default-executor-2] INFO  impl.RaftServerImpl (ServerState.java:setLeader(255)) - 55ab2526-4f89-4bd2-9902-395461fa7031@group-7B1089351A69: change Leader from null to 785a1b68-bc50-461a-9c66-217454b39c0f at term 1 for appendEntries, leader elected after 1164ms
2019-11-14 17:36:49,641 [grpc-default-executor-5] INFO  impl.RaftServerImpl (ServerState.java:setRaftConf(356)) - 55ab2526-4f89-4bd2-9902-395461fa7031@group-7B1089351A69: set configuration 0: [55ab2526-4f89-4bd2-9902-395461fa7031:192.168.157.194:41123, 785a1b68-bc50-461a-9c66-217454b39c0f:192.168.157.194:36611, a3b153ef-1e94-4227-8997-77072f34e630:192.168.157.194:41542], old=null at 0
2019-11-14 17:36:49,641 [grpc-default-executor-2] INFO  impl.RaftServerImpl (ServerState.java:setRaftConf(356)) - a3b153ef-1e94-4227-8997-77072f34e630@group-7B1089351A69: set configuration 0: [55ab2526-4f89-4bd2-9902-395461fa7031:192.168.157.194:41123, 785a1b68-bc50-461a-9c66-217454b39c0f:192.168.157.194:36611, a3b153ef-1e94-4227-8997-77072f34e630:192.168.157.194:41542], old=null at 0
2019-11-14 17:36:49,641 [grpc-default-executor-5] INFO  segmented.SegmentedRaftLogWorker (SegmentedRaftLogWorker.java:startLogSegment(385)) - 55ab2526-4f89-4bd2-9902-395461fa7031@group-7B1089351A69-SegmentedRaftLogWorker: Starting segment from index:0
2019-11-14 17:36:49,642 [grpc-default-executor-2] INFO  segmented.SegmentedRaftLogWorker (SegmentedRaftLogWorker.java:startLogSegment(385)) - a3b153ef-1e94-4227-8997-77072f34e630@group-7B1089351A69-SegmentedRaftLogWorker: Starting segment from index:0
2019-11-14 17:36:49,663 [785a1b68-bc50-461a-9c66-217454b39c0f@group-7B1089351A69-SegmentedRaftLogWorker] INFO  segmented.SegmentedRaftLogWorker (SegmentedRaftLogWorker.java:execute(576)) - 785a1b68-bc50-461a-9c66-217454b39c0f@group-7B1089351A69-SegmentedRaftLogWorker: created new log segment /workdir/hadoop-ozone/integration-test/target/test-dir/MiniOzoneClusterImpl-22bbe08b-7feb-4e26-8434-b505ec12d921/datanode-9/data/ratis/e83d3eaf-b519-45db-9f78-7b1089351a69/current/log_inprogress_0
2019-11-14 17:36:49,686 [55ab2526-4f89-4bd2-9902-395461fa7031@group-7B1089351A69-SegmentedRaftLogWorker] INFO  segmented.SegmentedRaftLogWorker (SegmentedRaftLogWorker.java:execute(576)) - 55ab2526-4f89-4bd2-9902-395461fa7031@group-7B1089351A69-SegmentedRaftLogWorker: created new log segment /workdir/hadoop-ozone/integration-test/target/test-dir/MiniOzoneClusterImpl-22bbe08b-7feb-4e26-8434-b505ec12d921/datanode-3/data/ratis/e83d3eaf-b519-45db-9f78-7b1089351a69/current/log_inprogress_0
2019-11-14 17:36:49,698 [a3b153ef-1e94-4227-8997-77072f34e630@group-7B1089351A69-SegmentedRaftLogWorker] INFO  segmented.SegmentedRaftLogWorker (SegmentedRaftLogWorker.java:execute(576)) - a3b153ef-1e94-4227-8997-77072f34e630@group-7B1089351A69-SegmentedRaftLogWorker: created new log segment /workdir/hadoop-ozone/integration-test/target/test-dir/MiniOzoneClusterImpl-22bbe08b-7feb-4e26-8434-b505ec12d921/datanode-4/data/ratis/e83d3eaf-b519-45db-9f78-7b1089351a69/current/log_inprogress_0
2019-11-14 17:36:49,706 [Thread-1434] INFO  impl.FollowerState (FollowerState.java:run(111)) - c40a56fe-5273-466a-9f61-79febf43aa6a@group-A9B8EDCEA82D-FollowerState: change to CANDIDATE, lastRpcTime:1025ms, electionTimeout:1025ms
2019-11-14 17:36:49,706 [Thread-1434] INFO  impl.RoleInfo (RoleInfo.java:shutdownFollowerState(121)) - c40a56fe-5273-466a-9f61-79febf43aa6a: shutdown FollowerState
2019-11-14 17:36:49,706 [Thread-1434] INFO  impl.RaftServerImpl (RaftServerImpl.java:setRole(173)) - c40a56fe-5273-466a-9f61-79febf43aa6a@group-A9B8EDCEA82D: changes role from  FOLLOWER to CANDIDATE at term 0 for changeToCandidate
2019-11-14 17:36:49,706 [Thread-1434] INFO  impl.RoleInfo (RoleInfo.java:updateAndGet(143)) - c40a56fe-5273-466a-9f61-79febf43aa6a: start LeaderElection
2019-11-14 17:36:49,735 [c40a56fe-5273-466a-9f61-79febf43aa6a@group-A9B8EDCEA82D-LeaderElection73] INFO  impl.LeaderElection (LeaderElection.java:askForVotes(178)) - c40a56fe-5273-466a-9f61-79febf43aa6a@group-A9B8EDCEA82D-LeaderElection73: begin an election at term 1 for -1: [c40a56fe-5273-466a-9f61-79febf43aa6a:192.168.157.194:45340], old=null
2019-11-14 17:36:49,736 [c40a56fe-5273-466a-9f61-79febf43aa6a@group-A9B8EDCEA82D-LeaderElection73] INFO  impl.RoleInfo (RoleInfo.java:shutdownLeaderElection(134)) - c40a56fe-5273-466a-9f61-79febf43aa6a: shutdown LeaderElection
2019-11-14 17:36:49,736 [c40a56fe-5273-466a-9f61-79febf43aa6a@group-A9B8EDCEA82D-LeaderElection73] INFO  impl.RaftServerImpl (RaftServerImpl.java:setRole(173)) - c40a56fe-5273-466a-9f61-79febf43aa6a@group-A9B8EDCEA82D: changes role from CANDIDATE to LEADER at term 1 for changeToLeader
2019-11-14 17:36:49,736 [c40a56fe-5273-466a-9f61-79febf43aa6a@group-A9B8EDCEA82D-LeaderElection73] INFO  ratis.XceiverServerRatis (XceiverServerRatis.java:handleLeaderChangedNotification(697)) - Leader change notification received for group: group-A9B8EDCEA82D with new leaderId: c40a56fe-5273-466a-9f61-79febf43aa6a
2019-11-14 17:36:49,736 [c40a56fe-5273-466a-9f61-79febf43aa6a@group-A9B8EDCEA82D-LeaderElection73] INFO  impl.RaftServerImpl (ServerState.java:setLeader(255)) - c40a56fe-5273-466a-9f61-79febf43aa6a@group-A9B8EDCEA82D: change Leader from null to c40a56fe-5273-466a-9f61-79febf43aa6a at term 1 for becomeLeader, leader elected after 1059ms
2019-11-14 17:36:49,736 [c40a56fe-5273-466a-9f61-79febf43aa6a@group-A9B8EDCEA82D-LeaderElection73] INFO  server.RaftServerConfigKeys (ConfUtils.java:logGet(43)) - raft.server.staging.catchup.gap = 1000 (default)
2019-11-14 17:36:49,736 [c40a56fe-5273-466a-9f61-79febf43aa6a@group-A9B8EDCEA82D-LeaderElection73] INFO  server.RaftServerConfigKeys (ConfUtils.java:logGet(43)) - raft.server.rpc.sleep.time = 25ms (default)
2019-11-14 17:36:49,736 [c40a56fe-5273-466a-9f61-79febf43aa6a@group-A9B8EDCEA82D-LeaderElection73] INFO  server.RaftServerConfigKeys (ConfUtils.java:logGet(43)) - raft.server.write.element-limit = 4096 (default)
2019-11-14 17:36:49,736 [c40a56fe-5273-466a-9f61-79febf43aa6a@group-A9B8EDCEA82D-LeaderElection73] INFO  server.RaftServerConfigKeys (ConfUtils.java:logGet(43)) - raft.server.watch.timeout = 10s (default)
2019-11-14 17:36:49,736 [c40a56fe-5273-466a-9f61-79febf43aa6a@group-A9B8EDCEA82D-LeaderElection73] INFO  server.RaftServerConfigKeys (ConfUtils.java:logGet(43)) - raft.server.watch.timeout.denomination = 1s (default)
2019-11-14 17:36:49,736 [c40a56fe-5273-466a-9f61-79febf43aa6a@group-A9B8EDCEA82D-LeaderElection73] INFO  server.RaftServerConfigKeys (ConfUtils.java:logGet(43)) - raft.server.watch.element-limit = 65536 (default)
2019-11-14 17:36:49,737 [c40a56fe-5273-466a-9f61-79febf43aa6a@group-A9B8EDCEA82D-LeaderElection73] INFO  impl.RoleInfo (RoleInfo.java:updateAndGet(143)) - c40a56fe-5273-466a-9f61-79febf43aa6a: start LeaderState
2019-11-14 17:36:49,737 [EventQueue-PipelineReportForPipelineReportHandler] INFO  pipeline.PipelineStateManager (PipelineStateManager.java:openPipeline(134)) - Pipeline Pipeline[ Id: 3d973dd9-5e45-4e31-84e8-a9b8edcea82d, Nodes: c40a56fe-5273-466a-9f61-79febf43aa6a{ip: 192.168.157.194, host: pr-hdds-2482-j87dr-2776293630, networkLocation: /rack1, certSerialId: null}, Type:RATIS, Factor:ONE, State:OPEN] moved to OPEN state
2019-11-14 17:36:49,737 [c40a56fe-5273-466a-9f61-79febf43aa6a@group-A9B8EDCEA82D-LeaderElection73] INFO  segmented.SegmentedRaftLogWorker (SegmentedRaftLogWorker.java:startLogSegment(385)) - c40a56fe-5273-466a-9f61-79febf43aa6a@group-A9B8EDCEA82D-SegmentedRaftLogWorker: Starting segment from index:0
2019-11-14 17:36:49,738 [c40a56fe-5273-466a-9f61-79febf43aa6a@group-A9B8EDCEA82D-LeaderElection73] INFO  impl.RaftServerImpl (ServerState.java:setRaftConf(356)) - c40a56fe-5273-466a-9f61-79febf43aa6a@group-A9B8EDCEA82D: set configuration 0: [c40a56fe-5273-466a-9f61-79febf43aa6a:192.168.157.194:45340], old=null at 0
2019-11-14 17:36:49,773 [Thread-1427] INFO  impl.FollowerState (FollowerState.java:run(111)) - b2e3cdb6-e490-4d5b-a0a3-6f5ff6451210@group-7E7D5A9DDDD2-FollowerState: change to CANDIDATE, lastRpcTime:1165ms, electionTimeout:1153ms
2019-11-14 17:36:49,776 [Thread-1427] INFO  impl.RoleInfo (RoleInfo.java:shutdownFollowerState(121)) - b2e3cdb6-e490-4d5b-a0a3-6f5ff6451210: shutdown FollowerState
2019-11-14 17:36:49,776 [Thread-1427] INFO  impl.RaftServerImpl (RaftServerImpl.java:setRole(173)) - b2e3cdb6-e490-4d5b-a0a3-6f5ff6451210@group-7E7D5A9DDDD2: changes role from  FOLLOWER to CANDIDATE at term 0 for changeToCandidate
2019-11-14 17:36:49,777 [Thread-1427] INFO  impl.RoleInfo (RoleInfo.java:updateAndGet(143)) - b2e3cdb6-e490-4d5b-a0a3-6f5ff6451210: start LeaderElection
2019-11-14 17:36:49,778 [Thread-1438] INFO  impl.FollowerState (FollowerState.java:run(111)) - 1f17fae6-ef42-4b5f-b929-258c4df74eb0@group-AFF5AAA468FC-FollowerState: change to CANDIDATE, lastRpcTime:1031ms, electionTimeout:1030ms
2019-11-14 17:36:49,780 [Thread-1438] INFO  impl.RoleInfo (RoleInfo.java:shutdownFollowerState(121)) - 1f17fae6-ef42-4b5f-b929-258c4df74eb0: shutdown FollowerState
2019-11-14 17:36:49,780 [Thread-1438] INFO  impl.RaftServerImpl (RaftServerImpl.java:setRole(173)) - 1f17fae6-ef42-4b5f-b929-258c4df74eb0@group-AFF5AAA468FC: changes role from  FOLLOWER to CANDIDATE at term 0 for changeToCandidate
2019-11-14 17:36:49,781 [Thread-1438] INFO  impl.RoleInfo (RoleInfo.java:updateAndGet(143)) - 1f17fae6-ef42-4b5f-b929-258c4df74eb0: start LeaderElection
2019-11-14 17:36:49,793 [c40a56fe-5273-466a-9f61-79febf43aa6a@group-A9B8EDCEA82D-SegmentedRaftLogWorker] INFO  segmented.SegmentedRaftLogWorker (SegmentedRaftLogWorker.java:execute(576)) - c40a56fe-5273-466a-9f61-79febf43aa6a@group-A9B8EDCEA82D-SegmentedRaftLogWorker: created new log segment /workdir/hadoop-ozone/integration-test/target/test-dir/MiniOzoneClusterImpl-22bbe08b-7feb-4e26-8434-b505ec12d921/datanode-5/data/ratis/3d973dd9-5e45-4e31-84e8-a9b8edcea82d/current/log_inprogress_0
2019-11-14 17:36:49,793 [b2e3cdb6-e490-4d5b-a0a3-6f5ff6451210@group-7E7D5A9DDDD2-LeaderElection74] INFO  impl.LeaderElection (LeaderElection.java:askForVotes(178)) - b2e3cdb6-e490-4d5b-a0a3-6f5ff6451210@group-7E7D5A9DDDD2-LeaderElection74: begin an election at term 1 for -1: [b2e3cdb6-e490-4d5b-a0a3-6f5ff6451210:192.168.157.194:37477, f5a4bf5a-4195-495f-81ba-193832aea29d:192.168.157.194:46851, 7dd38d19-97a5-42cf-8254-8fed67def3f2:192.168.157.194:40753], old=null
2019-11-14 17:36:49,793 [1f17fae6-ef42-4b5f-b929-258c4df74eb0@group-AFF5AAA468FC-LeaderElection75] INFO  impl.LeaderElection (LeaderElection.java:askForVotes(178)) - 1f17fae6-ef42-4b5f-b929-258c4df74eb0@group-AFF5AAA468FC-LeaderElection75: begin an election at term 1 for -1: [1f17fae6-ef42-4b5f-b929-258c4df74eb0:192.168.157.194:44377], old=null
2019-11-14 17:36:49,793 [1f17fae6-ef42-4b5f-b929-258c4df74eb0@group-AFF5AAA468FC-LeaderElection75] INFO  impl.RoleInfo (RoleInfo.java:shutdownLeaderElection(134)) - 1f17fae6-ef42-4b5f-b929-258c4df74eb0: shutdown LeaderElection
2019-11-14 17:36:49,794 [1f17fae6-ef42-4b5f-b929-258c4df74eb0@group-AFF5AAA468FC-LeaderElection75] INFO  impl.RaftServerImpl (RaftServerImpl.java:setRole(173)) - 1f17fae6-ef42-4b5f-b929-258c4df74eb0@group-AFF5AAA468FC: changes role from CANDIDATE to LEADER at term 1 for changeToLeader
2019-11-14 17:36:49,794 [1f17fae6-ef42-4b5f-b929-258c4df74eb0@group-AFF5AAA468FC-LeaderElection75] INFO  ratis.XceiverServerRatis (XceiverServerRatis.java:handleLeaderChangedNotification(697)) - Leader change notification received for group: group-AFF5AAA468FC with new leaderId: 1f17fae6-ef42-4b5f-b929-258c4df74eb0
2019-11-14 17:36:49,794 [1f17fae6-ef42-4b5f-b929-258c4df74eb0@group-AFF5AAA468FC-LeaderElection75] INFO  impl.RaftServerImpl (ServerState.java:setLeader(255)) - 1f17fae6-ef42-4b5f-b929-258c4df74eb0@group-AFF5AAA468FC: change Leader from null to 1f17fae6-ef42-4b5f-b929-258c4df74eb0 at term 1 for becomeLeader, leader elected after 1049ms
2019-11-14 17:36:49,794 [1f17fae6-ef42-4b5f-b929-258c4df74eb0@group-AFF5AAA468FC-LeaderElection75] INFO  server.RaftServerConfigKeys (ConfUtils.java:logGet(43)) - raft.server.staging.catchup.gap = 1000 (default)
2019-11-14 17:36:49,794 [1f17fae6-ef42-4b5f-b929-258c4df74eb0@group-AFF5AAA468FC-LeaderElection75] INFO  server.RaftServerConfigKeys (ConfUtils.java:logGet(43)) - raft.server.rpc.sleep.time = 25ms (default)
2019-11-14 17:36:49,794 [1f17fae6-ef42-4b5f-b929-258c4df74eb0@group-AFF5AAA468FC-LeaderElection75] INFO  server.RaftServerConfigKeys (ConfUtils.java:logGet(43)) - raft.server.write.element-limit = 4096 (default)
2019-11-14 17:36:49,794 [1f17fae6-ef42-4b5f-b929-258c4df74eb0@group-AFF5AAA468FC-LeaderElection75] INFO  server.RaftServerConfigKeys (ConfUtils.java:logGet(43)) - raft.server.watch.timeout = 10s (default)
2019-11-14 17:36:49,794 [1f17fae6-ef42-4b5f-b929-258c4df74eb0@group-AFF5AAA468FC-LeaderElection75] INFO  server.RaftServerConfigKeys (ConfUtils.java:logGet(43)) - raft.server.watch.timeout.denomination = 1s (default)
2019-11-14 17:36:49,794 [1f17fae6-ef42-4b5f-b929-258c4df74eb0@group-AFF5AAA468FC-LeaderElection75] INFO  server.RaftServerConfigKeys (ConfUtils.java:logGet(43)) - raft.server.watch.element-limit = 65536 (default)
2019-11-14 17:36:49,795 [1f17fae6-ef42-4b5f-b929-258c4df74eb0@group-AFF5AAA468FC-LeaderElection75] INFO  impl.RoleInfo (RoleInfo.java:updateAndGet(143)) - 1f17fae6-ef42-4b5f-b929-258c4df74eb0: start LeaderState
2019-11-14 17:36:49,795 [1f17fae6-ef42-4b5f-b929-258c4df74eb0@group-AFF5AAA468FC-LeaderElection75] INFO  segmented.SegmentedRaftLogWorker (SegmentedRaftLogWorker.java:startLogSegment(385)) - 1f17fae6-ef42-4b5f-b929-258c4df74eb0@group-AFF5AAA468FC-SegmentedRaftLogWorker: Starting segment from index:0
2019-11-14 17:36:49,795 [EventQueue-PipelineReportForPipelineReportHandler] INFO  pipeline.PipelineStateManager (PipelineStateManager.java:openPipeline(134)) - Pipeline Pipeline[ Id: 6325e239-c7de-458b-bf98-aff5aaa468fc, Nodes: 1f17fae6-ef42-4b5f-b929-258c4df74eb0{ip: 192.168.157.194, host: pr-hdds-2482-j87dr-2776293630, networkLocation: /rack1, certSerialId: null}, Type:RATIS, Factor:ONE, State:OPEN] moved to OPEN state
2019-11-14 17:36:49,795 [1f17fae6-ef42-4b5f-b929-258c4df74eb0@group-AFF5AAA468FC-LeaderElection75] INFO  impl.RaftServerImpl (ServerState.java:setRaftConf(356)) - 1f17fae6-ef42-4b5f-b929-258c4df74eb0@group-AFF5AAA468FC: set configuration 0: [1f17fae6-ef42-4b5f-b929-258c4df74eb0:192.168.157.194:44377], old=null at 0
2019-11-14 17:36:49,820 [Thread-1426] INFO  impl.FollowerState (FollowerState.java:run(111)) - 7dd38d19-97a5-42cf-8254-8fed67def3f2@group-7E7D5A9DDDD2-FollowerState: change to CANDIDATE, lastRpcTime:1212ms, electionTimeout:1192ms
2019-11-14 17:36:49,820 [Thread-1422] INFO  impl.FollowerState (FollowerState.java:run(111)) - f5a4bf5a-4195-495f-81ba-193832aea29d@group-7E7D5A9DDDD2-FollowerState: change to CANDIDATE, lastRpcTime:1215ms, electionTimeout:1192ms
2019-11-14 17:36:49,821 [Thread-1426] INFO  impl.RoleInfo (RoleInfo.java:shutdownFollowerState(121)) - 7dd38d19-97a5-42cf-8254-8fed67def3f2: shutdown FollowerState
2019-11-14 17:36:49,821 [Thread-1422] INFO  impl.RoleInfo (RoleInfo.java:shutdownFollowerState(121)) - f5a4bf5a-4195-495f-81ba-193832aea29d: shutdown FollowerState
2019-11-14 17:36:49,821 [Thread-1426] INFO  impl.RaftServerImpl (RaftServerImpl.java:setRole(173)) - 7dd38d19-97a5-42cf-8254-8fed67def3f2@group-7E7D5A9DDDD2: changes role from  FOLLOWER to CANDIDATE at term 0 for changeToCandidate
2019-11-14 17:36:49,821 [Thread-1422] INFO  impl.RaftServerImpl (RaftServerImpl.java:setRole(173)) - f5a4bf5a-4195-495f-81ba-193832aea29d@group-7E7D5A9DDDD2: changes role from  FOLLOWER to CANDIDATE at term 0 for changeToCandidate
2019-11-14 17:36:49,821 [Thread-1426] INFO  impl.RoleInfo (RoleInfo.java:updateAndGet(143)) - 7dd38d19-97a5-42cf-8254-8fed67def3f2: start LeaderElection
2019-11-14 17:36:49,821 [Thread-1422] INFO  impl.RoleInfo (RoleInfo.java:updateAndGet(143)) - f5a4bf5a-4195-495f-81ba-193832aea29d: start LeaderElection
2019-11-14 17:36:49,824 [main] INFO  ozone.MiniOzoneClusterImpl (MiniOzoneClusterImpl.java:shutdown(352)) - Shutting down the Mini Ozone Cluster
2019-11-14 17:36:49,824 [main] INFO  ozone.MiniOzoneClusterImpl (MiniOzoneClusterImpl.java:stop(368)) - Stopping the Mini Ozone Cluster
2019-11-14 17:36:49,824 [main] INFO  ozone.MiniOzoneClusterImpl (MiniOzoneClusterImpl.java:stopOM(438)) - Stopping the OzoneManager
2019-11-14 17:36:49,824 [main] INFO  ipc.Server (Server.java:stop(3082)) - Stopping server on 37721
2019-11-14 17:36:49,833 [IPC Server listener on 37721] INFO  ipc.Server (Server.java:run(1185)) - Stopping IPC Server listener on 37721
2019-11-14 17:36:49,835 [IPC Server Responder] INFO  ipc.Server (Server.java:run(1319)) - Stopping IPC Server Responder
2019-11-14 17:36:49,834 [main] INFO  ratis.OzoneManagerDoubleBuffer (OzoneManagerDoubleBuffer.java:stop(261)) - Stopping OMDoubleBuffer flush thread
2019-11-14 17:36:49,837 [OMDoubleBufferFlushThread] INFO  ratis.OzoneManagerDoubleBuffer (OzoneManagerDoubleBuffer.java:flushTransactions(199)) - OMDoubleBuffer flush thread OMDoubleBufferFlushThread is interrupted and will exit. OMDoubleBufferFlushThread
2019-11-14 17:36:49,841 [main] INFO  utils.BackgroundService (BackgroundService.java:shutdown(151)) - Shutting down service KeyDeletingService
2019-11-14 17:36:49,848 [Thread-1442] INFO  impl.FollowerState (FollowerState.java:run(111)) - a3b153ef-1e94-4227-8997-77072f34e630@group-4BA26518C57D-FollowerState: change to CANDIDATE, lastRpcTime:1015ms, electionTimeout:1008ms
2019-11-14 17:36:49,848 [Thread-1442] INFO  impl.RoleInfo (RoleInfo.java:shutdownFollowerState(121)) - a3b153ef-1e94-4227-8997-77072f34e630: shutdown FollowerState
2019-11-14 17:36:49,848 [Thread-1442] INFO  impl.RaftServerImpl (RaftServerImpl.java:setRole(173)) - a3b153ef-1e94-4227-8997-77072f34e630@group-4BA26518C57D: changes role from  FOLLOWER to CANDIDATE at term 0 for changeToCandidate
2019-11-14 17:36:49,849 [Thread-1442] INFO  impl.RoleInfo (RoleInfo.java:updateAndGet(143)) - a3b153ef-1e94-4227-8997-77072f34e630: start LeaderElection
2019-11-14 17:36:49,851 [1f17fae6-ef42-4b5f-b929-258c4df74eb0@group-AFF5AAA468FC-SegmentedRaftLogWorker] INFO  segmented.SegmentedRaftLogWorker (SegmentedRaftLogWorker.java:execute(576)) - 1f17fae6-ef42-4b5f-b929-258c4df74eb0@group-AFF5AAA468FC-SegmentedRaftLogWorker: created new log segment /workdir/hadoop-ozone/integration-test/target/test-dir/MiniOzoneClusterImpl-22bbe08b-7feb-4e26-8434-b505ec12d921/datanode-7/data/ratis/6325e239-c7de-458b-bf98-aff5aaa468fc/current/log_inprogress_0
2019-11-14 17:36:49,851 [main] INFO  handler.ContextHandler (ContextHandler.java:doStop(910)) - Stopped o.e.j.w.WebAppContext@10c47c79{/,null,UNAVAILABLE}{/ozoneManager}
2019-11-14 17:36:49,852 [main] INFO  server.AbstractConnector (AbstractConnector.java:doStop(318)) - Stopped ServerConnector@3b2553d9{HTTP/1.1,[http/1.1]}{0.0.0.0:0}
2019-11-14 17:36:49,852 [main] INFO  handler.ContextHandler (ContextHandler.java:doStop(910)) - Stopped o.e.j.s.ServletContextHandler@6c479fdf{/static,file:///workdir/hadoop-ozone/integration-test/target/test-classes/webapps/static,UNAVAILABLE}
2019-11-14 17:36:49,852 [7dd38d19-97a5-42cf-8254-8fed67def3f2@group-7E7D5A9DDDD2-LeaderElection76] INFO  impl.LeaderElection (LeaderElection.java:askForVotes(178)) - 7dd38d19-97a5-42cf-8254-8fed67def3f2@group-7E7D5A9DDDD2-LeaderElection76: begin an election at term 1 for -1: [b2e3cdb6-e490-4d5b-a0a3-6f5ff6451210:192.168.157.194:37477, f5a4bf5a-4195-495f-81ba-193832aea29d:192.168.157.194:46851, 7dd38d19-97a5-42cf-8254-8fed67def3f2:192.168.157.194:40753], old=null
2019-11-14 17:36:49,852 [f5a4bf5a-4195-495f-81ba-193832aea29d@group-7E7D5A9DDDD2-LeaderElection77] INFO  impl.LeaderElection (LeaderElection.java:askForVotes(178)) - f5a4bf5a-4195-495f-81ba-193832aea29d@group-7E7D5A9DDDD2-LeaderElection77: begin an election at term 1 for -1: [b2e3cdb6-e490-4d5b-a0a3-6f5ff6451210:192.168.157.194:37477, f5a4bf5a-4195-495f-81ba-193832aea29d:192.168.157.194:46851, 7dd38d19-97a5-42cf-8254-8fed67def3f2:192.168.157.194:40753], old=null
2019-11-14 17:36:49,854 [main] INFO  handler.ContextHandler (ContextHandler.java:doStop(910)) - Stopped o.e.j.s.ServletContextHandler@16aed49f{/logs,file:///workdir/hadoop-ozone/integration-test/target/log,UNAVAILABLE}
2019-11-14 17:36:49,855 [b2e3cdb6-e490-4d5b-a0a3-6f5ff6451210@group-7E7D5A9DDDD2-LeaderElection74] INFO  impl.LeaderElection (LeaderElection.java:logAndReturn(56)) - b2e3cdb6-e490-4d5b-a0a3-6f5ff6451210@group-7E7D5A9DDDD2-LeaderElection74: Election REJECTED; received 2 response(s) [b2e3cdb6-e490-4d5b-a0a3-6f5ff6451210<-f5a4bf5a-4195-495f-81ba-193832aea29d#0:FAIL-t1, b2e3cdb6-e490-4d5b-a0a3-6f5ff6451210<-7dd38d19-97a5-42cf-8254-8fed67def3f2#0:FAIL-t1] and 0 exception(s); b2e3cdb6-e490-4d5b-a0a3-6f5ff6451210@group-7E7D5A9DDDD2:t1, leader=null, voted=b2e3cdb6-e490-4d5b-a0a3-6f5ff6451210, raftlog=b2e3cdb6-e490-4d5b-a0a3-6f5ff6451210@group-7E7D5A9DDDD2-SegmentedRaftLog:OPENED:c-1,f-1,i0, conf=-1: [b2e3cdb6-e490-4d5b-a0a3-6f5ff6451210:192.168.157.194:37477, f5a4bf5a-4195-495f-81ba-193832aea29d:192.168.157.194:46851, 7dd38d19-97a5-42cf-8254-8fed67def3f2:192.168.157.194:40753], old=null
2019-11-14 17:36:49,855 [b2e3cdb6-e490-4d5b-a0a3-6f5ff6451210@group-7E7D5A9DDDD2-LeaderElection74] INFO  impl.RaftServerImpl (RaftServerImpl.java:setRole(173)) - b2e3cdb6-e490-4d5b-a0a3-6f5ff6451210@group-7E7D5A9DDDD2: changes role from CANDIDATE to FOLLOWER at term 1 for DISCOVERED_A_NEW_TERM
2019-11-14 17:36:49,855 [b2e3cdb6-e490-4d5b-a0a3-6f5ff6451210@group-7E7D5A9DDDD2-LeaderElection74] INFO  impl.RoleInfo (RoleInfo.java:shutdownLeaderElection(134)) - b2e3cdb6-e490-4d5b-a0a3-6f5ff6451210: shutdown LeaderElection
2019-11-14 17:36:49,855 [b2e3cdb6-e490-4d5b-a0a3-6f5ff6451210@group-7E7D5A9DDDD2-LeaderElection74] INFO  impl.RoleInfo (RoleInfo.java:updateAndGet(143)) - b2e3cdb6-e490-4d5b-a0a3-6f5ff6451210: start FollowerState
2019-11-14 17:36:49,858 [main] INFO  ozone.MiniOzoneClusterImpl (MiniOzoneClusterImpl.java:stopDatanodes(415)) - Stopping the HddsDatanodes
2019-11-14 17:36:49,861 [f5a4bf5a-4195-495f-81ba-193832aea29d@group-7E7D5A9DDDD2-LeaderElection77] INFO  impl.LeaderElection (LeaderElection.java:logAndReturn(56)) - f5a4bf5a-4195-495f-81ba-193832aea29d@group-7E7D5A9DDDD2-LeaderElection77: Election REJECTED; received 2 response(s) [f5a4bf5a-4195-495f-81ba-193832aea29d<-b2e3cdb6-e490-4d5b-a0a3-6f5ff6451210#0:FAIL-t1, f5a4bf5a-4195-495f-81ba-193832aea29d<-7dd38d19-97a5-42cf-8254-8fed67def3f2#0:FAIL-t1] and 0 exception(s); f5a4bf5a-4195-495f-81ba-193832aea29d@group-7E7D5A9DDDD2:t1, leader=null, voted=f5a4bf5a-4195-495f-81ba-193832aea29d, raftlog=f5a4bf5a-4195-495f-81ba-193832aea29d@group-7E7D5A9DDDD2-SegmentedRaftLog:OPENED:c-1,f-1,i0, conf=-1: [b2e3cdb6-e490-4d5b-a0a3-6f5ff6451210:192.168.157.194:37477, f5a4bf5a-4195-495f-81ba-193832aea29d:192.168.157.194:46851, 7dd38d19-97a5-42cf-8254-8fed67def3f2:192.168.157.194:40753], old=null
2019-11-14 17:36:49,861 [f5a4bf5a-4195-495f-81ba-193832aea29d@group-7E7D5A9DDDD2-LeaderElection77] INFO  impl.RaftServerImpl (RaftServerImpl.java:setRole(173)) - f5a4bf5a-4195-495f-81ba-193832aea29d@group-7E7D5A9DDDD2: changes role from CANDIDATE to FOLLOWER at term 1 for DISCOVERED_A_NEW_TERM
2019-11-14 17:36:49,861 [f5a4bf5a-4195-495f-81ba-193832aea29d@group-7E7D5A9DDDD2-LeaderElection77] INFO  impl.RoleInfo (RoleInfo.java:shutdownLeaderElection(134)) - f5a4bf5a-4195-495f-81ba-193832aea29d: shutdown LeaderElection
2019-11-14 17:36:49,861 [f5a4bf5a-4195-495f-81ba-193832aea29d@group-7E7D5A9DDDD2-LeaderElection77] INFO  impl.RoleInfo (RoleInfo.java:updateAndGet(143)) - f5a4bf5a-4195-495f-81ba-193832aea29d: start FollowerState
2019-11-14 17:36:49,862 [7dd38d19-97a5-42cf-8254-8fed67def3f2@group-7E7D5A9DDDD2-LeaderElection76] INFO  impl.LeaderElection (LeaderElection.java:logAndReturn(56)) - 7dd38d19-97a5-42cf-8254-8fed67def3f2@group-7E7D5A9DDDD2-LeaderElection76: Election REJECTED; received 2 response(s) [7dd38d19-97a5-42cf-8254-8fed67def3f2<-b2e3cdb6-e490-4d5b-a0a3-6f5ff6451210#0:FAIL-t1, 7dd38d19-97a5-42cf-8254-8fed67def3f2<-f5a4bf5a-4195-495f-81ba-193832aea29d#0:FAIL-t1] and 0 exception(s); 7dd38d19-97a5-42cf-8254-8fed67def3f2@group-7E7D5A9DDDD2:t1, leader=null, voted=7dd38d19-97a5-42cf-8254-8fed67def3f2, raftlog=7dd38d19-97a5-42cf-8254-8fed67def3f2@group-7E7D5A9DDDD2-SegmentedRaftLog:OPENED:c-1,f-1,i0, conf=-1: [b2e3cdb6-e490-4d5b-a0a3-6f5ff6451210:192.168.157.194:37477, f5a4bf5a-4195-495f-81ba-193832aea29d:192.168.157.194:46851, 7dd38d19-97a5-42cf-8254-8fed67def3f2:192.168.157.194:40753], old=null
2019-11-14 17:36:49,862 [7dd38d19-97a5-42cf-8254-8fed67def3f2@group-7E7D5A9DDDD2-LeaderElection76] INFO  impl.RaftServerImpl (RaftServerImpl.java:setRole(173)) - 7dd38d19-97a5-42cf-8254-8fed67def3f2@group-7E7D5A9DDDD2: changes role from CANDIDATE to FOLLOWER at term 1 for DISCOVERED_A_NEW_TERM
2019-11-14 17:36:49,862 [7dd38d19-97a5-42cf-8254-8fed67def3f2@group-7E7D5A9DDDD2-LeaderElection76] INFO  impl.RoleInfo (RoleInfo.java:shutdownLeaderElection(134)) - 7dd38d19-97a5-42cf-8254-8fed67def3f2: shutdown LeaderElection
2019-11-14 17:36:49,862 [7dd38d19-97a5-42cf-8254-8fed67def3f2@group-7E7D5A9DDDD2-LeaderElection76] INFO  impl.RoleInfo (RoleInfo.java:updateAndGet(143)) - 7dd38d19-97a5-42cf-8254-8fed67def3f2: start FollowerState
2019-11-14 17:36:49,877 [a3b153ef-1e94-4227-8997-77072f34e630@group-4BA26518C57D-LeaderElection78] INFO  impl.LeaderElection (LeaderElection.java:askForVotes(178)) - a3b153ef-1e94-4227-8997-77072f34e630@group-4BA26518C57D-LeaderElection78: begin an election at term 1 for -1: [a3b153ef-1e94-4227-8997-77072f34e630:192.168.157.194:41542], old=null
2019-11-14 17:36:49,877 [a3b153ef-1e94-4227-8997-77072f34e630@group-4BA26518C57D-LeaderElection78] INFO  impl.RoleInfo (RoleInfo.java:shutdownLeaderElection(134)) - a3b153ef-1e94-4227-8997-77072f34e630: shutdown LeaderElection
2019-11-14 17:36:49,877 [a3b153ef-1e94-4227-8997-77072f34e630@group-4BA26518C57D-LeaderElection78] INFO  impl.RaftServerImpl (RaftServerImpl.java:setRole(173)) - a3b153ef-1e94-4227-8997-77072f34e630@group-4BA26518C57D: changes role from CANDIDATE to LEADER at term 1 for changeToLeader
2019-11-14 17:36:49,878 [a3b153ef-1e94-4227-8997-77072f34e630@group-4BA26518C57D-LeaderElection78] INFO  ratis.XceiverServerRatis (XceiverServerRatis.java:handleLeaderChangedNotification(697)) - Leader change notification received for group: group-4BA26518C57D with new leaderId: a3b153ef-1e94-4227-8997-77072f34e630
2019-11-14 17:36:49,878 [a3b153ef-1e94-4227-8997-77072f34e630@group-4BA26518C57D-LeaderElection78] INFO  impl.RaftServerImpl (ServerState.java:setLeader(255)) - a3b153ef-1e94-4227-8997-77072f34e630@group-4BA26518C57D: change Leader from null to a3b153ef-1e94-4227-8997-77072f34e630 at term 1 for becomeLeader, leader elected after 1049ms
2019-11-14 17:36:49,878 [a3b153ef-1e94-4227-8997-77072f34e630@group-4BA26518C57D-LeaderElection78] INFO  server.RaftServerConfigKeys (ConfUtils.java:logGet(43)) - raft.server.staging.catchup.gap = 1000 (default)
2019-11-14 17:36:49,878 [a3b153ef-1e94-4227-8997-77072f34e630@group-4BA26518C57D-LeaderElection78] INFO  server.RaftServerConfigKeys (ConfUtils.java:logGet(43)) - raft.server.rpc.sleep.time = 25ms (default)
2019-11-14 17:36:49,878 [a3b153ef-1e94-4227-8997-77072f34e630@group-4BA26518C57D-LeaderElection78] INFO  server.RaftServerConfigKeys (ConfUtils.java:logGet(43)) - raft.server.write.element-limit = 4096 (default)
2019-11-14 17:36:49,878 [a3b153ef-1e94-4227-8997-77072f34e630@group-4BA26518C57D-LeaderElection78] INFO  server.RaftServerConfigKeys (ConfUtils.java:logGet(43)) - raft.server.watch.timeout = 10s (default)
2019-11-14 17:36:49,878 [a3b153ef-1e94-4227-8997-77072f34e630@group-4BA26518C57D-LeaderElection78] INFO  server.RaftServerConfigKeys (ConfUtils.java:logGet(43)) - raft.server.watch.timeout.denomination = 1s (default)
2019-11-14 17:36:49,878 [a3b153ef-1e94-4227-8997-77072f34e630@group-4BA26518C57D-LeaderElection78] INFO  server.RaftServerConfigKeys (ConfUtils.java:logGet(43)) - raft.server.watch.element-limit = 65536 (default)
2019-11-14 17:36:49,879 [a3b153ef-1e94-4227-8997-77072f34e630@group-4BA26518C57D-LeaderElection78] INFO  impl.RoleInfo (RoleInfo.java:updateAndGet(143)) - a3b153ef-1e94-4227-8997-77072f34e630: start LeaderState
2019-11-14 17:36:49,879 [a3b153ef-1e94-4227-8997-77072f34e630@group-4BA26518C57D-LeaderElection78] INFO  segmented.SegmentedRaftLogWorker (SegmentedRaftLogWorker.java:startLogSegment(385)) - a3b153ef-1e94-4227-8997-77072f34e630@group-4BA26518C57D-SegmentedRaftLogWorker: Starting segment from index:0
2019-11-14 17:36:49,879 [EventQueue-PipelineReportForPipelineReportHandler] INFO  pipeline.PipelineStateManager (PipelineStateManager.java:openPipeline(134)) - Pipeline Pipeline[ Id: f4aae62b-3f9c-469c-8aa8-4ba26518c57d, Nodes: a3b153ef-1e94-4227-8997-77072f34e630{ip: 192.168.157.194, host: pr-hdds-2482-j87dr-2776293630, networkLocation: /rack1, certSerialId: null}, Type:RATIS, Factor:ONE, State:OPEN] moved to OPEN state
2019-11-14 17:36:49,879 [a3b153ef-1e94-4227-8997-77072f34e630@group-4BA26518C57D-LeaderElection78] INFO  impl.RaftServerImpl (ServerState.java:setRaftConf(356)) - a3b153ef-1e94-4227-8997-77072f34e630@group-4BA26518C57D: set configuration 0: [a3b153ef-1e94-4227-8997-77072f34e630:192.168.157.194:41542], old=null at 0
2019-11-14 17:36:49,918 [a3b153ef-1e94-4227-8997-77072f34e630@group-4BA26518C57D-SegmentedRaftLogWorker] INFO  segmented.SegmentedRaftLogWorker (SegmentedRaftLogWorker.java:execute(576)) - a3b153ef-1e94-4227-8997-77072f34e630@group-4BA26518C57D-SegmentedRaftLogWorker: created new log segment /workdir/hadoop-ozone/integration-test/target/test-dir/MiniOzoneClusterImpl-22bbe08b-7feb-4e26-8434-b505ec12d921/datanode-4/data/ratis/f4aae62b-3f9c-469c-8aa8-4ba26518c57d/current/log_inprogress_0
2019-11-14 17:36:50,054 [Thread-1446] INFO  impl.FollowerState (FollowerState.java:run(111)) - f5a4bf5a-4195-495f-81ba-193832aea29d@group-D0CBF85840EB-FollowerState: change to CANDIDATE, lastRpcTime:1145ms, electionTimeout:1145ms
2019-11-14 17:36:50,054 [Thread-1446] INFO  impl.RoleInfo (RoleInfo.java:shutdownFollowerState(121)) - f5a4bf5a-4195-495f-81ba-193832aea29d: shutdown FollowerState
2019-11-14 17:36:50,054 [Thread-1446] INFO  impl.RaftServerImpl (RaftServerImpl.java:setRole(173)) - f5a4bf5a-4195-495f-81ba-193832aea29d@group-D0CBF85840EB: changes role from  FOLLOWER to CANDIDATE at term 0 for changeToCandidate
2019-11-14 17:36:50,054 [Thread-1446] INFO  impl.RoleInfo (RoleInfo.java:updateAndGet(143)) - f5a4bf5a-4195-495f-81ba-193832aea29d: start LeaderElection
2019-11-14 17:36:50,079 [f5a4bf5a-4195-495f-81ba-193832aea29d@group-D0CBF85840EB-LeaderElection79] INFO  impl.LeaderElection (LeaderElection.java:askForVotes(178)) - f5a4bf5a-4195-495f-81ba-193832aea29d@group-D0CBF85840EB-LeaderElection79: begin an election at term 1 for -1: [f5a4bf5a-4195-495f-81ba-193832aea29d:192.168.157.194:46851], old=null
2019-11-14 17:36:50,079 [f5a4bf5a-4195-495f-81ba-193832aea29d@group-D0CBF85840EB-LeaderElection79] INFO  impl.RoleInfo (RoleInfo.java:shutdownLeaderElection(134)) - f5a4bf5a-4195-495f-81ba-193832aea29d: shutdown LeaderElection
2019-11-14 17:36:50,079 [f5a4bf5a-4195-495f-81ba-193832aea29d@group-D0CBF85840EB-LeaderElection79] INFO  impl.RaftServerImpl (RaftServerImpl.java:setRole(173)) - f5a4bf5a-4195-495f-81ba-193832aea29d@group-D0CBF85840EB: changes role from CANDIDATE to LEADER at term 1 for changeToLeader
2019-11-14 17:36:50,079 [f5a4bf5a-4195-495f-81ba-193832aea29d@group-D0CBF85840EB-LeaderElection79] INFO  ratis.XceiverServerRatis (XceiverServerRatis.java:handleLeaderChangedNotification(697)) - Leader change notification received for group: group-D0CBF85840EB with new leaderId: f5a4bf5a-4195-495f-81ba-193832aea29d
2019-11-14 17:36:50,079 [f5a4bf5a-4195-495f-81ba-193832aea29d@group-D0CBF85840EB-LeaderElection79] INFO  impl.RaftServerImpl (ServerState.java:setLeader(255)) - f5a4bf5a-4195-495f-81ba-193832aea29d@group-D0CBF85840EB: change Leader from null to f5a4bf5a-4195-495f-81ba-193832aea29d at term 1 for becomeLeader, leader elected after 1174ms
2019-11-14 17:36:50,079 [f5a4bf5a-4195-495f-81ba-193832aea29d@group-D0CBF85840EB-LeaderElection79] INFO  server.RaftServerConfigKeys (ConfUtils.java:logGet(43)) - raft.server.staging.catchup.gap = 1000 (default)
2019-11-14 17:36:50,079 [f5a4bf5a-4195-495f-81ba-193832aea29d@group-D0CBF85840EB-LeaderElection79] INFO  server.RaftServerConfigKeys (ConfUtils.java:logGet(43)) - raft.server.rpc.sleep.time = 25ms (default)
2019-11-14 17:36:50,079 [f5a4bf5a-4195-495f-81ba-193832aea29d@group-D0CBF85840EB-LeaderElection79] INFO  server.RaftServerConfigKeys (ConfUtils.java:logGet(43)) - raft.server.write.element-limit = 4096 (default)
2019-11-14 17:36:50,080 [f5a4bf5a-4195-495f-81ba-193832aea29d@group-D0CBF85840EB-LeaderElection79] INFO  server.RaftServerConfigKeys (ConfUtils.java:logGet(43)) - raft.server.watch.timeout = 10s (default)
2019-11-14 17:36:50,080 [f5a4bf5a-4195-495f-81ba-193832aea29d@group-D0CBF85840EB-LeaderElection79] INFO  server.RaftServerConfigKeys (ConfUtils.java:logGet(43)) - raft.server.watch.timeout.denomination = 1s (default)
2019-11-14 17:36:50,080 [f5a4bf5a-4195-495f-81ba-193832aea29d@group-D0CBF85840EB-LeaderElection79] INFO  server.RaftServerConfigKeys (ConfUtils.java:logGet(43)) - raft.server.watch.element-limit = 65536 (default)
2019-11-14 17:36:50,080 [f5a4bf5a-4195-495f-81ba-193832aea29d@group-D0CBF85840EB-LeaderElection79] INFO  impl.RoleInfo (RoleInfo.java:updateAndGet(143)) - f5a4bf5a-4195-495f-81ba-193832aea29d: start LeaderState
2019-11-14 17:36:50,080 [f5a4bf5a-4195-495f-81ba-193832aea29d@group-D0CBF85840EB-LeaderElection79] INFO  segmented.SegmentedRaftLogWorker (SegmentedRaftLogWorker.java:startLogSegment(385)) - f5a4bf5a-4195-495f-81ba-193832aea29d@group-D0CBF85840EB-SegmentedRaftLogWorker: Starting segment from index:0
2019-11-14 17:36:50,080 [EventQueue-PipelineReportForPipelineReportHandler] INFO  pipeline.PipelineStateManager (PipelineStateManager.java:openPipeline(134)) - Pipeline Pipeline[ Id: a0fc405d-07f7-4bc7-ae5f-d0cbf85840eb, Nodes: f5a4bf5a-4195-495f-81ba-193832aea29d{ip: 192.168.157.194, host: pr-hdds-2482-j87dr-2776293630, networkLocation: /rack1, certSerialId: null}, Type:RATIS, Factor:ONE, State:OPEN] moved to OPEN state
2019-11-14 17:36:50,081 [f5a4bf5a-4195-495f-81ba-193832aea29d@group-D0CBF85840EB-LeaderElection79] INFO  impl.RaftServerImpl (ServerState.java:setRaftConf(356)) - f5a4bf5a-4195-495f-81ba-193832aea29d@group-D0CBF85840EB: set configuration 0: [f5a4bf5a-4195-495f-81ba-193832aea29d:192.168.157.194:46851], old=null at 0
2019-11-14 17:36:50,122 [Thread-1450] INFO  impl.FollowerState (FollowerState.java:run(111)) - b2e3cdb6-e490-4d5b-a0a3-6f5ff6451210@group-7D0D5645FAD4-FollowerState: change to CANDIDATE, lastRpcTime:1137ms, electionTimeout:1137ms
2019-11-14 17:36:50,122 [Thread-1450] INFO  impl.RoleInfo (RoleInfo.java:shutdownFollowerState(121)) - b2e3cdb6-e490-4d5b-a0a3-6f5ff6451210: shutdown FollowerState
2019-11-14 17:36:50,122 [Thread-1450] INFO  impl.RaftServerImpl (RaftServerImpl.java:setRole(173)) - b2e3cdb6-e490-4d5b-a0a3-6f5ff6451210@group-7D0D5645FAD4: changes role from  FOLLOWER to CANDIDATE at term 0 for changeToCandidate
2019-11-14 17:36:50,123 [Thread-1450] INFO  impl.RoleInfo (RoleInfo.java:updateAndGet(143)) - b2e3cdb6-e490-4d5b-a0a3-6f5ff6451210: start LeaderElection
2019-11-14 17:36:50,130 [f5a4bf5a-4195-495f-81ba-193832aea29d@group-D0CBF85840EB-SegmentedRaftLogWorker] INFO  segmented.SegmentedRaftLogWorker (SegmentedRaftLogWorker.java:execute(576)) - f5a4bf5a-4195-495f-81ba-193832aea29d@group-D0CBF85840EB-SegmentedRaftLogWorker: created new log segment /workdir/hadoop-ozone/integration-test/target/test-dir/MiniOzoneClusterImpl-22bbe08b-7feb-4e26-8434-b505ec12d921/datanode-1/data/ratis/a0fc405d-07f7-4bc7-ae5f-d0cbf85840eb/current/log_inprogress_0
2019-11-14 17:36:50,132 [b2e3cdb6-e490-4d5b-a0a3-6f5ff6451210@group-7D0D5645FAD4-LeaderElection80] INFO  impl.LeaderElection (LeaderElection.java:askForVotes(178)) - b2e3cdb6-e490-4d5b-a0a3-6f5ff6451210@group-7D0D5645FAD4-LeaderElection80: begin an election at term 1 for -1: [b2e3cdb6-e490-4d5b-a0a3-6f5ff6451210:192.168.157.194:37477], old=null
2019-11-14 17:36:50,132 [b2e3cdb6-e490-4d5b-a0a3-6f5ff6451210@group-7D0D5645FAD4-LeaderElection80] INFO  impl.RoleInfo (RoleInfo.java:shutdownLeaderElection(134)) - b2e3cdb6-e490-4d5b-a0a3-6f5ff6451210: shutdown LeaderElection
2019-11-14 17:36:50,132 [b2e3cdb6-e490-4d5b-a0a3-6f5ff6451210@group-7D0D5645FAD4-LeaderElection80] INFO  impl.RaftServerImpl (RaftServerImpl.java:setRole(173)) - b2e3cdb6-e490-4d5b-a0a3-6f5ff6451210@group-7D0D5645FAD4: changes role from CANDIDATE to LEADER at term 1 for changeToLeader
2019-11-14 17:36:50,132 [b2e3cdb6-e490-4d5b-a0a3-6f5ff6451210@group-7D0D5645FAD4-LeaderElection80] INFO  ratis.XceiverServerRatis (XceiverServerRatis.java:handleLeaderChangedNotification(697)) - Leader change notification received for group: group-7D0D5645FAD4 with new leaderId: b2e3cdb6-e490-4d5b-a0a3-6f5ff6451210
2019-11-14 17:36:50,132 [b2e3cdb6-e490-4d5b-a0a3-6f5ff6451210@group-7D0D5645FAD4-LeaderElection80] INFO  impl.RaftServerImpl (ServerState.java:setLeader(255)) - b2e3cdb6-e490-4d5b-a0a3-6f5ff6451210@group-7D0D5645FAD4: change Leader from null to b2e3cdb6-e490-4d5b-a0a3-6f5ff6451210 at term 1 for becomeLeader, leader elected after 1150ms
2019-11-14 17:36:50,132 [b2e3cdb6-e490-4d5b-a0a3-6f5ff6451210@group-7D0D5645FAD4-LeaderElection80] INFO  server.RaftServerConfigKeys (ConfUtils.java:logGet(43)) - raft.server.staging.catchup.gap = 1000 (default)
2019-11-14 17:36:50,133 [b2e3cdb6-e490-4d5b-a0a3-6f5ff6451210@group-7D0D5645FAD4-LeaderElection80] INFO  server.RaftServerConfigKeys (ConfUtils.java:logGet(43)) - raft.server.rpc.sleep.time = 25ms (default)
2019-11-14 17:36:50,133 [b2e3cdb6-e490-4d5b-a0a3-6f5ff6451210@group-7D0D5645FAD4-LeaderElection80] INFO  server.RaftServerConfigKeys (ConfUtils.java:logGet(43)) - raft.server.write.element-limit = 4096 (default)
2019-11-14 17:36:50,133 [b2e3cdb6-e490-4d5b-a0a3-6f5ff6451210@group-7D0D5645FAD4-LeaderElection80] INFO  server.RaftServerConfigKeys (ConfUtils.java:logGet(43)) - raft.server.watch.timeout = 10s (default)
2019-11-14 17:36:50,133 [b2e3cdb6-e490-4d5b-a0a3-6f5ff6451210@group-7D0D5645FAD4-LeaderElection80] INFO  server.RaftServerConfigKeys (ConfUtils.java:logGet(43)) - raft.server.watch.timeout.denomination = 1s (default)
2019-11-14 17:36:50,133 [b2e3cdb6-e490-4d5b-a0a3-6f5ff6451210@group-7D0D5645FAD4-LeaderElection80] INFO  server.RaftServerConfigKeys (ConfUtils.java:logGet(43)) - raft.server.watch.element-limit = 65536 (default)
2019-11-14 17:36:50,133 [b2e3cdb6-e490-4d5b-a0a3-6f5ff6451210@group-7D0D5645FAD4-LeaderElection80] INFO  impl.RoleInfo (RoleInfo.java:updateAndGet(143)) - b2e3cdb6-e490-4d5b-a0a3-6f5ff6451210: start LeaderState
2019-11-14 17:36:50,133 [b2e3cdb6-e490-4d5b-a0a3-6f5ff6451210@group-7D0D5645FAD4-LeaderElection80] INFO  segmented.SegmentedRaftLogWorker (SegmentedRaftLogWorker.java:startLogSegment(385)) - b2e3cdb6-e490-4d5b-a0a3-6f5ff6451210@group-7D0D5645FAD4-SegmentedRaftLogWorker: Starting segment from index:0
2019-11-14 17:36:50,134 [b2e3cdb6-e490-4d5b-a0a3-6f5ff6451210@group-7D0D5645FAD4-LeaderElection80] INFO  impl.RaftServerImpl (ServerState.java:setRaftConf(356)) - b2e3cdb6-e490-4d5b-a0a3-6f5ff6451210@group-7D0D5645FAD4: set configuration 0: [b2e3cdb6-e490-4d5b-a0a3-6f5ff6451210:192.168.157.194:37477], old=null at 0
2019-11-14 17:36:50,134 [EventQueue-PipelineReportForPipelineReportHandler] INFO  pipeline.PipelineStateManager (PipelineStateManager.java:openPipeline(134)) - Pipeline Pipeline[ Id: 77a4a9bf-1ca3-4184-8b27-7d0d5645fad4, Nodes: b2e3cdb6-e490-4d5b-a0a3-6f5ff6451210{ip: 192.168.157.194, host: pr-hdds-2482-j87dr-2776293630, networkLocation: /rack1, certSerialId: null}, Type:RATIS, Factor:ONE, State:OPEN] moved to OPEN state
2019-11-14 17:36:50,192 [b2e3cdb6-e490-4d5b-a0a3-6f5ff6451210@group-7D0D5645FAD4-SegmentedRaftLogWorker] INFO  segmented.SegmentedRaftLogWorker (SegmentedRaftLogWorker.java:execute(576)) - b2e3cdb6-e490-4d5b-a0a3-6f5ff6451210@group-7D0D5645FAD4-SegmentedRaftLogWorker: created new log segment /workdir/hadoop-ozone/integration-test/target/test-dir/MiniOzoneClusterImpl-22bbe08b-7feb-4e26-8434-b505ec12d921/datanode-0/data/ratis/77a4a9bf-1ca3-4184-8b27-7d0d5645fad4/current/log_inprogress_0
2019-11-14 17:36:50,527 [Datanode State Machine Thread - 0] INFO  statemachine.DatanodeStateMachine (DatanodeStateMachine.java:lambda$startDaemon$0(350)) - Ozone container server started.
2019-11-14 17:36:50,736 [Datanode State Machine Thread - 0] INFO  statemachine.DatanodeStateMachine (DatanodeStateMachine.java:lambda$startDaemon$0(350)) - Ozone container server started.
2019-11-14 17:36:50,871 [Thread-1501] INFO  impl.FollowerState (FollowerState.java:run(111)) - b2e3cdb6-e490-4d5b-a0a3-6f5ff6451210@group-7E7D5A9DDDD2-FollowerState: change to CANDIDATE, lastRpcTime:1016ms, electionTimeout:1015ms
2019-11-14 17:36:50,871 [Thread-1501] INFO  impl.RoleInfo (RoleInfo.java:shutdownFollowerState(121)) - b2e3cdb6-e490-4d5b-a0a3-6f5ff6451210: shutdown FollowerState
2019-11-14 17:36:50,872 [Thread-1501] INFO  impl.RaftServerImpl (RaftServerImpl.java:setRole(173)) - b2e3cdb6-e490-4d5b-a0a3-6f5ff6451210@group-7E7D5A9DDDD2: changes role from  FOLLOWER to CANDIDATE at term 1 for changeToCandidate
2019-11-14 17:36:50,872 [Thread-1501] INFO  impl.RoleInfo (RoleInfo.java:updateAndGet(143)) - b2e3cdb6-e490-4d5b-a0a3-6f5ff6451210: start LeaderElection
2019-11-14 17:36:50,874 [Thread-1502] INFO  impl.FollowerState (FollowerState.java:run(111)) - f5a4bf5a-4195-495f-81ba-193832aea29d@group-7E7D5A9DDDD2-FollowerState: change to CANDIDATE, lastRpcTime:1012ms, electionTimeout:1012ms
2019-11-14 17:36:50,874 [Thread-1502] INFO  impl.RoleInfo (RoleInfo.java:shutdownFollowerState(121)) - f5a4bf5a-4195-495f-81ba-193832aea29d: shutdown FollowerState
2019-11-14 17:36:50,874 [Thread-1502] INFO  impl.RaftServerImpl (RaftServerImpl.java:setRole(173)) - f5a4bf5a-4195-495f-81ba-193832aea29d@group-7E7D5A9DDDD2: changes role from  FOLLOWER to CANDIDATE at term 1 for changeToCandidate
2019-11-14 17:36:50,874 [Thread-1502] INFO  impl.RoleInfo (RoleInfo.java:updateAndGet(143)) - f5a4bf5a-4195-495f-81ba-193832aea29d: start LeaderElection
2019-11-14 17:36:50,878 [Thread-1503] INFO  impl.FollowerState (FollowerState.java:run(111)) - 7dd38d19-97a5-42cf-8254-8fed67def3f2@group-7E7D5A9DDDD2-FollowerState: change to CANDIDATE, lastRpcTime:1016ms, electionTimeout:1016ms
2019-11-14 17:36:50,878 [Thread-1503] INFO  impl.RoleInfo (RoleInfo.java:shutdownFollowerState(121)) - 7dd38d19-97a5-42cf-8254-8fed67def3f2: shutdown FollowerState
2019-11-14 17:36:50,879 [Thread-1503] INFO  impl.RaftServerImpl (RaftServerImpl.java:setRole(173)) - 7dd38d19-97a5-42cf-8254-8fed67def3f2@group-7E7D5A9DDDD2: changes role from  FOLLOWER to CANDIDATE at term 1 for changeToCandidate
2019-11-14 17:36:50,879 [Thread-1503] INFO  impl.RoleInfo (RoleInfo.java:updateAndGet(143)) - 7dd38d19-97a5-42cf-8254-8fed67def3f2: start LeaderElection
2019-11-14 17:36:50,897 [b2e3cdb6-e490-4d5b-a0a3-6f5ff6451210@group-7E7D5A9DDDD2-LeaderElection81] INFO  impl.LeaderElection (LeaderElection.java:askForVotes(178)) - b2e3cdb6-e490-4d5b-a0a3-6f5ff6451210@group-7E7D5A9DDDD2-LeaderElection81: begin an election at term 2 for -1: [b2e3cdb6-e490-4d5b-a0a3-6f5ff6451210:192.168.157.194:37477, f5a4bf5a-4195-495f-81ba-193832aea29d:192.168.157.194:46851, 7dd38d19-97a5-42cf-8254-8fed67def3f2:192.168.157.194:40753], old=null
2019-11-14 17:36:50,897 [7dd38d19-97a5-42cf-8254-8fed67def3f2@group-7E7D5A9DDDD2-LeaderElection83] INFO  impl.LeaderElection (LeaderElection.java:askForVotes(178)) - 7dd38d19-97a5-42cf-8254-8fed67def3f2@group-7E7D5A9DDDD2-LeaderElection83: begin an election at term 2 for -1: [b2e3cdb6-e490-4d5b-a0a3-6f5ff6451210:192.168.157.194:37477, f5a4bf5a-4195-495f-81ba-193832aea29d:192.168.157.194:46851, 7dd38d19-97a5-42cf-8254-8fed67def3f2:192.168.157.194:40753], old=null
2019-11-14 17:36:50,897 [f5a4bf5a-4195-495f-81ba-193832aea29d@group-7E7D5A9DDDD2-LeaderElection82] INFO  impl.LeaderElection (LeaderElection.java:askForVotes(178)) - f5a4bf5a-4195-495f-81ba-193832aea29d@group-7E7D5A9DDDD2-LeaderElection82: begin an election at term 2 for -1: [b2e3cdb6-e490-4d5b-a0a3-6f5ff6451210:192.168.157.194:37477, f5a4bf5a-4195-495f-81ba-193832aea29d:192.168.157.194:46851, 7dd38d19-97a5-42cf-8254-8fed67def3f2:192.168.157.194:40753], old=null
2019-11-14 17:36:50,903 [7dd38d19-97a5-42cf-8254-8fed67def3f2@group-7E7D5A9DDDD2-LeaderElection83] INFO  impl.LeaderElection (LeaderElection.java:logAndReturn(56)) - 7dd38d19-97a5-42cf-8254-8fed67def3f2@group-7E7D5A9DDDD2-LeaderElection83: Election REJECTED; received 2 response(s) [7dd38d19-97a5-42cf-8254-8fed67def3f2<-b2e3cdb6-e490-4d5b-a0a3-6f5ff6451210#0:FAIL-t2, 7dd38d19-97a5-42cf-8254-8fed67def3f2<-f5a4bf5a-4195-495f-81ba-193832aea29d#0:FAIL-t2] and 0 exception(s); 7dd38d19-97a5-42cf-8254-8fed67def3f2@group-7E7D5A9DDDD2:t2, leader=null, voted=7dd38d19-97a5-42cf-8254-8fed67def3f2, raftlog=7dd38d19-97a5-42cf-8254-8fed67def3f2@group-7E7D5A9DDDD2-SegmentedRaftLog:OPENED:c-1,f-1,i0, conf=-1: [b2e3cdb6-e490-4d5b-a0a3-6f5ff6451210:192.168.157.194:37477, f5a4bf5a-4195-495f-81ba-193832aea29d:192.168.157.194:46851, 7dd38d19-97a5-42cf-8254-8fed67def3f2:192.168.157.194:40753], old=null
2019-11-14 17:36:50,903 [7dd38d19-97a5-42cf-8254-8fed67def3f2@group-7E7D5A9DDDD2-LeaderElection83] INFO  impl.RaftServerImpl (RaftServerImpl.java:setRole(173)) - 7dd38d19-97a5-42cf-8254-8fed67def3f2@group-7E7D5A9DDDD2: changes role from CANDIDATE to FOLLOWER at term 2 for DISCOVERED_A_NEW_TERM
2019-11-14 17:36:50,903 [7dd38d19-97a5-42cf-8254-8fed67def3f2@group-7E7D5A9DDDD2-LeaderElection83] INFO  impl.RoleInfo (RoleInfo.java:shutdownLeaderElection(134)) - 7dd38d19-97a5-42cf-8254-8fed67def3f2: shutdown LeaderElection
2019-11-14 17:36:50,903 [7dd38d19-97a5-42cf-8254-8fed67def3f2@group-7E7D5A9DDDD2-LeaderElection83] INFO  impl.RoleInfo (RoleInfo.java:updateAndGet(143)) - 7dd38d19-97a5-42cf-8254-8fed67def3f2: start FollowerState
2019-11-14 17:36:50,903 [b2e3cdb6-e490-4d5b-a0a3-6f5ff6451210@group-7E7D5A9DDDD2-LeaderElection81] INFO  impl.LeaderElection (LeaderElection.java:logAndReturn(56)) - b2e3cdb6-e490-4d5b-a0a3-6f5ff6451210@group-7E7D5A9DDDD2-LeaderElection81: Election REJECTED; received 2 response(s) [b2e3cdb6-e490-4d5b-a0a3-6f5ff6451210<-f5a4bf5a-4195-495f-81ba-193832aea29d#0:FAIL-t2, b2e3cdb6-e490-4d5b-a0a3-6f5ff6451210<-7dd38d19-97a5-42cf-8254-8fed67def3f2#0:FAIL-t2] and 0 exception(s); b2e3cdb6-e490-4d5b-a0a3-6f5ff6451210@group-7E7D5A9DDDD2:t2, leader=null, voted=b2e3cdb6-e490-4d5b-a0a3-6f5ff6451210, raftlog=b2e3cdb6-e490-4d5b-a0a3-6f5ff6451210@group-7E7D5A9DDDD2-SegmentedRaftLog:OPENED:c-1,f-1,i0, conf=-1: [b2e3cdb6-e490-4d5b-a0a3-6f5ff6451210:192.168.157.194:37477, f5a4bf5a-4195-495f-81ba-193832aea29d:192.168.157.194:46851, 7dd38d19-97a5-42cf-8254-8fed67def3f2:192.168.157.194:40753], old=null
2019-11-14 17:36:50,903 [f5a4bf5a-4195-495f-81ba-193832aea29d@group-7E7D5A9DDDD2-LeaderElection82] INFO  impl.LeaderElection (LeaderElection.java:logAndReturn(56)) - f5a4bf5a-4195-495f-81ba-193832aea29d@group-7E7D5A9DDDD2-LeaderElection82: Election REJECTED; received 2 response(s) [f5a4bf5a-4195-495f-81ba-193832aea29d<-b2e3cdb6-e490-4d5b-a0a3-6f5ff6451210#0:FAIL-t2, f5a4bf5a-4195-495f-81ba-193832aea29d<-7dd38d19-97a5-42cf-8254-8fed67def3f2#0:FAIL-t2] and 0 exception(s); f5a4bf5a-4195-495f-81ba-193832aea29d@group-7E7D5A9DDDD2:t2, leader=null, voted=f5a4bf5a-4195-495f-81ba-193832aea29d, raftlog=f5a4bf5a-4195-495f-81ba-193832aea29d@group-7E7D5A9DDDD2-SegmentedRaftLog:OPENED:c-1,f-1,i0, conf=-1: [b2e3cdb6-e490-4d5b-a0a3-6f5ff6451210:192.168.157.194:37477, f5a4bf5a-4195-495f-81ba-193832aea29d:192.168.157.194:46851, 7dd38d19-97a5-42cf-8254-8fed67def3f2:192.168.157.194:40753], old=null
2019-11-14 17:36:50,904 [b2e3cdb6-e490-4d5b-a0a3-6f5ff6451210@group-7E7D5A9DDDD2-LeaderElection81] INFO  impl.RaftServerImpl (RaftServerImpl.java:setRole(173)) - b2e3cdb6-e490-4d5b-a0a3-6f5ff6451210@group-7E7D5A9DDDD2: changes role from CANDIDATE to FOLLOWER at term 2 for DISCOVERED_A_NEW_TERM
2019-11-14 17:36:50,904 [f5a4bf5a-4195-495f-81ba-193832aea29d@group-7E7D5A9DDDD2-LeaderElection82] INFO  impl.RaftServerImpl (RaftServerImpl.java:setRole(173)) - f5a4bf5a-4195-495f-81ba-193832aea29d@group-7E7D5A9DDDD2: changes role from CANDIDATE to FOLLOWER at term 2 for DISCOVERED_A_NEW_TERM
2019-11-14 17:36:50,904 [b2e3cdb6-e490-4d5b-a0a3-6f5ff6451210@group-7E7D5A9DDDD2-LeaderElection81] INFO  impl.RoleInfo (RoleInfo.java:shutdownLeaderElection(134)) - b2e3cdb6-e490-4d5b-a0a3-6f5ff6451210: shutdown LeaderElection
2019-11-14 17:36:50,904 [f5a4bf5a-4195-495f-81ba-193832aea29d@group-7E7D5A9DDDD2-LeaderElection82] INFO  impl.RoleInfo (RoleInfo.java:shutdownLeaderElection(134)) - f5a4bf5a-4195-495f-81ba-193832aea29d: shutdown LeaderElection
2019-11-14 17:36:50,904 [b2e3cdb6-e490-4d5b-a0a3-6f5ff6451210@group-7E7D5A9DDDD2-LeaderElection81] INFO  impl.RoleInfo (RoleInfo.java:updateAndGet(143)) - b2e3cdb6-e490-4d5b-a0a3-6f5ff6451210: start FollowerState
2019-11-14 17:36:50,904 [f5a4bf5a-4195-495f-81ba-193832aea29d@group-7E7D5A9DDDD2-LeaderElection82] INFO  impl.RoleInfo (RoleInfo.java:updateAndGet(143)) - f5a4bf5a-4195-495f-81ba-193832aea29d: start FollowerState
2019-11-14 17:36:51,939 [Thread-1527] INFO  impl.FollowerState (FollowerState.java:run(111)) - b2e3cdb6-e490-4d5b-a0a3-6f5ff6451210@group-7E7D5A9DDDD2-FollowerState: change to CANDIDATE, lastRpcTime:1034ms, electionTimeout:1034ms
2019-11-14 17:36:51,939 [Thread-1527] INFO  impl.RoleInfo (RoleInfo.java:shutdownFollowerState(121)) - b2e3cdb6-e490-4d5b-a0a3-6f5ff6451210: shutdown FollowerState
2019-11-14 17:36:51,939 [Thread-1527] INFO  impl.RaftServerImpl (RaftServerImpl.java:setRole(173)) - b2e3cdb6-e490-4d5b-a0a3-6f5ff6451210@group-7E7D5A9DDDD2: changes role from  FOLLOWER to CANDIDATE at term 2 for changeToCandidate
2019-11-14 17:36:51,939 [Thread-1527] INFO  impl.RoleInfo (RoleInfo.java:updateAndGet(143)) - b2e3cdb6-e490-4d5b-a0a3-6f5ff6451210: start LeaderElection
2019-11-14 17:36:51,964 [b2e3cdb6-e490-4d5b-a0a3-6f5ff6451210@group-7E7D5A9DDDD2-LeaderElection84] INFO  impl.LeaderElection (LeaderElection.java:askForVotes(178)) - b2e3cdb6-e490-4d5b-a0a3-6f5ff6451210@group-7E7D5A9DDDD2-LeaderElection84: begin an election at term 3 for -1: [b2e3cdb6-e490-4d5b-a0a3-6f5ff6451210:192.168.157.194:37477, f5a4bf5a-4195-495f-81ba-193832aea29d:192.168.157.194:46851, 7dd38d19-97a5-42cf-8254-8fed67def3f2:192.168.157.194:40753], old=null
2019-11-14 17:36:51,967 [grpc-default-executor-3] INFO  impl.RaftServerImpl (RaftServerImpl.java:setRole(173)) - f5a4bf5a-4195-495f-81ba-193832aea29d@group-7E7D5A9DDDD2: changes role from  FOLLOWER to FOLLOWER at term 3 for recognizeCandidate:b2e3cdb6-e490-4d5b-a0a3-6f5ff6451210
2019-11-14 17:36:51,967 [grpc-default-executor-5] INFO  impl.RaftServerImpl (RaftServerImpl.java:setRole(173)) - 7dd38d19-97a5-42cf-8254-8fed67def3f2@group-7E7D5A9DDDD2: changes role from  FOLLOWER to FOLLOWER at term 3 for recognizeCandidate:b2e3cdb6-e490-4d5b-a0a3-6f5ff6451210
2019-11-14 17:36:51,967 [grpc-default-executor-3] INFO  impl.RoleInfo (RoleInfo.java:shutdownFollowerState(121)) - f5a4bf5a-4195-495f-81ba-193832aea29d: shutdown FollowerState
2019-11-14 17:36:51,967 [grpc-default-executor-5] INFO  impl.RoleInfo (RoleInfo.java:shutdownFollowerState(121)) - 7dd38d19-97a5-42cf-8254-8fed67def3f2: shutdown FollowerState
2019-11-14 17:36:51,967 [Thread-1528] INFO  impl.FollowerState (FollowerState.java:run(120)) - f5a4bf5a-4195-495f-81ba-193832aea29d@group-7E7D5A9DDDD2-FollowerState was interrupted: java.lang.InterruptedException: sleep interrupted
2019-11-14 17:36:51,968 [grpc-default-executor-5] INFO  impl.RoleInfo (RoleInfo.java:updateAndGet(143)) - 7dd38d19-97a5-42cf-8254-8fed67def3f2: start FollowerState
2019-11-14 17:36:51,967 [grpc-default-executor-3] INFO  impl.RoleInfo (RoleInfo.java:updateAndGet(143)) - f5a4bf5a-4195-495f-81ba-193832aea29d: start FollowerState
2019-11-14 17:36:51,968 [Thread-1526] INFO  impl.FollowerState (FollowerState.java:run(120)) - 7dd38d19-97a5-42cf-8254-8fed67def3f2@group-7E7D5A9DDDD2-FollowerState was interrupted: java.lang.InterruptedException: sleep interrupted
2019-11-14 17:36:51,993 [b2e3cdb6-e490-4d5b-a0a3-6f5ff6451210@group-7E7D5A9DDDD2-LeaderElection84] INFO  impl.LeaderElection (LeaderElection.java:logAndReturn(56)) - b2e3cdb6-e490-4d5b-a0a3-6f5ff6451210@group-7E7D5A9DDDD2-LeaderElection84: Election PASSED; received 1 response(s) [b2e3cdb6-e490-4d5b-a0a3-6f5ff6451210<-7dd38d19-97a5-42cf-8254-8fed67def3f2#0:OK-t3] and 0 exception(s); b2e3cdb6-e490-4d5b-a0a3-6f5ff6451210@group-7E7D5A9DDDD2:t3, leader=null, voted=b2e3cdb6-e490-4d5b-a0a3-6f5ff6451210, raftlog=b2e3cdb6-e490-4d5b-a0a3-6f5ff6451210@group-7E7D5A9DDDD2-SegmentedRaftLog:OPENED:c-1,f-1,i0, conf=-1: [b2e3cdb6-e490-4d5b-a0a3-6f5ff6451210:192.168.157.194:37477, f5a4bf5a-4195-495f-81ba-193832aea29d:192.168.157.194:46851, 7dd38d19-97a5-42cf-8254-8fed67def3f2:192.168.157.194:40753], old=null
2019-11-14 17:36:51,994 [b2e3cdb6-e490-4d5b-a0a3-6f5ff6451210@group-7E7D5A9DDDD2-LeaderElection84] INFO  impl.RoleInfo (RoleInfo.java:shutdownLeaderElection(134)) - b2e3cdb6-e490-4d5b-a0a3-6f5ff6451210: shutdown LeaderElection
2019-11-14 17:36:51,994 [b2e3cdb6-e490-4d5b-a0a3-6f5ff6451210@group-7E7D5A9DDDD2-LeaderElection84] INFO  impl.RaftServerImpl (RaftServerImpl.java:setRole(173)) - b2e3cdb6-e490-4d5b-a0a3-6f5ff6451210@group-7E7D5A9DDDD2: changes role from CANDIDATE to LEADER at term 3 for changeToLeader
2019-11-14 17:36:51,994 [b2e3cdb6-e490-4d5b-a0a3-6f5ff6451210@group-7E7D5A9DDDD2-LeaderElection84] INFO  ratis.XceiverServerRatis (XceiverServerRatis.java:handleLeaderChangedNotification(697)) - Leader change notification received for group: group-7E7D5A9DDDD2 with new leaderId: b2e3cdb6-e490-4d5b-a0a3-6f5ff6451210
2019-11-14 17:36:51,994 [b2e3cdb6-e490-4d5b-a0a3-6f5ff6451210@group-7E7D5A9DDDD2-LeaderElection84] INFO  impl.RaftServerImpl (ServerState.java:setLeader(255)) - b2e3cdb6-e490-4d5b-a0a3-6f5ff6451210@group-7E7D5A9DDDD2: change Leader from null to b2e3cdb6-e490-4d5b-a0a3-6f5ff6451210 at term 3 for becomeLeader, leader elected after 3393ms
2019-11-14 17:36:51,994 [b2e3cdb6-e490-4d5b-a0a3-6f5ff6451210@group-7E7D5A9DDDD2-LeaderElection84] INFO  server.RaftServerConfigKeys (ConfUtils.java:logGet(43)) - raft.server.staging.catchup.gap = 1000 (default)
2019-11-14 17:36:51,995 [b2e3cdb6-e490-4d5b-a0a3-6f5ff6451210@group-7E7D5A9DDDD2-LeaderElection84] INFO  server.RaftServerConfigKeys (ConfUtils.java:logGet(43)) - raft.server.rpc.sleep.time = 25ms (default)
2019-11-14 17:36:51,995 [b2e3cdb6-e490-4d5b-a0a3-6f5ff6451210@group-7E7D5A9DDDD2-LeaderElection84] INFO  server.RaftServerConfigKeys (ConfUtils.java:logGet(43)) - raft.server.write.element-limit = 4096 (default)
2019-11-14 17:36:51,995 [b2e3cdb6-e490-4d5b-a0a3-6f5ff6451210@group-7E7D5A9DDDD2-LeaderElection84] INFO  server.RaftServerConfigKeys (ConfUtils.java:logGet(43)) - raft.server.watch.timeout = 10s (default)
2019-11-14 17:36:51,995 [b2e3cdb6-e490-4d5b-a0a3-6f5ff6451210@group-7E7D5A9DDDD2-LeaderElection84] INFO  server.RaftServerConfigKeys (ConfUtils.java:logGet(43)) - raft.server.watch.timeout.denomination = 1s (default)
2019-11-14 17:36:51,996 [b2e3cdb6-e490-4d5b-a0a3-6f5ff6451210@group-7E7D5A9DDDD2-LeaderElection84] INFO  server.RaftServerConfigKeys (ConfUtils.java:logGet(43)) - raft.server.watch.element-limit = 65536 (default)
2019-11-14 17:36:51,996 [EventQueue-PipelineReportForPipelineReportHandler] INFO  pipeline.PipelineStateManager (PipelineStateManager.java:openPipeline(134)) - Pipeline Pipeline[ Id: dbc83d6b-b9a5-44e6-b4b9-7e7d5a9dddd2, Nodes: f5a4bf5a-4195-495f-81ba-193832aea29d{ip: 192.168.157.194, host: pr-hdds-2482-j87dr-2776293630, networkLocation: /rack1, certSerialId: null}7dd38d19-97a5-42cf-8254-8fed67def3f2{ip: 192.168.157.194, host: pr-hdds-2482-j87dr-2776293630, networkLocation: /rack1, certSerialId: null}b2e3cdb6-e490-4d5b-a0a3-6f5ff6451210{ip: 192.168.157.194, host: pr-hdds-2482-j87dr-2776293630, networkLocation: /rack1, certSerialId: null}, Type:RATIS, Factor:THREE, State:OPEN] moved to OPEN state
2019-11-14 17:36:51,996 [b2e3cdb6-e490-4d5b-a0a3-6f5ff6451210@group-7E7D5A9DDDD2-LeaderElection84] INFO  server.RaftServerConfigKeys (ConfUtils.java:logGet(43)) - raft.server.log.appender.snapshot.chunk.size.max = 16MB (=16777216) (default)
2019-11-14 17:36:51,996 [b2e3cdb6-e490-4d5b-a0a3-6f5ff6451210@group-7E7D5A9DDDD2-LeaderElection84] INFO  server.RaftServerConfigKeys (ConfUtils.java:logGet(43)) - raft.server.log.appender.buffer.byte-limit = 33554432 (custom)
2019-11-14 17:36:51,996 [b2e3cdb6-e490-4d5b-a0a3-6f5ff6451210@group-7E7D5A9DDDD2-LeaderElection84] INFO  server.RaftServerConfigKeys (ConfUtils.java:logGet(43)) - raft.server.log.appender.buffer.element-limit = 1 (custom)
2019-11-14 17:36:51,996 [b2e3cdb6-e490-4d5b-a0a3-6f5ff6451210@group-7E7D5A9DDDD2-LeaderElection84] INFO  grpc.GrpcConfigKeys$Server (ConfUtils.java:logGet(43)) - raft.grpc.server.leader.outstanding.appends.max = 128 (default)
2019-11-14 17:36:51,997 [b2e3cdb6-e490-4d5b-a0a3-6f5ff6451210@group-7E7D5A9DDDD2-LeaderElection84] INFO  server.RaftServerConfigKeys (ConfUtils.java:logGet(43)) - raft.server.rpc.request.timeout = 3000ms (default)
2019-11-14 17:36:51,997 [b2e3cdb6-e490-4d5b-a0a3-6f5ff6451210@group-7E7D5A9DDDD2-LeaderElection84] INFO  server.RaftServerConfigKeys (ConfUtils.java:logGet(43)) - raft.server.log.appender.install.snapshot.enabled = false (custom)
2019-11-14 17:36:51,997 [b2e3cdb6-e490-4d5b-a0a3-6f5ff6451210@group-7E7D5A9DDDD2-LeaderElection84] WARN  impl.MetricRegistriesImpl (MetricRegistriesImpl.java:lambda$create$1(61)) - First MetricRegistry has been created without registering reporters. You may need to call MetricRegistries.global().addReportRegistration(...) before.
2019-11-14 17:36:51,997 [b2e3cdb6-e490-4d5b-a0a3-6f5ff6451210@group-7E7D5A9DDDD2-LeaderElection84] INFO  server.RaftServerConfigKeys (ConfUtils.java:logGet(43)) - raft.server.log.appender.snapshot.chunk.size.max = 16MB (=16777216) (default)
2019-11-14 17:36:51,997 [b2e3cdb6-e490-4d5b-a0a3-6f5ff6451210@group-7E7D5A9DDDD2-LeaderElection84] INFO  server.RaftServerConfigKeys (ConfUtils.java:logGet(43)) - raft.server.log.appender.buffer.byte-limit = 33554432 (custom)
2019-11-14 17:36:51,997 [b2e3cdb6-e490-4d5b-a0a3-6f5ff6451210@group-7E7D5A9DDDD2-LeaderElection84] INFO  server.RaftServerConfigKeys (ConfUtils.java:logGet(43)) - raft.server.log.appender.buffer.element-limit = 1 (custom)
2019-11-14 17:36:51,998 [b2e3cdb6-e490-4d5b-a0a3-6f5ff6451210@group-7E7D5A9DDDD2-LeaderElection84] INFO  grpc.GrpcConfigKeys$Server (ConfUtils.java:logGet(43)) - raft.grpc.server.leader.outstanding.appends.max = 128 (default)
2019-11-14 17:36:51,998 [b2e3cdb6-e490-4d5b-a0a3-6f5ff6451210@group-7E7D5A9DDDD2-LeaderElection84] INFO  server.RaftServerConfigKeys (ConfUtils.java:logGet(43)) - raft.server.rpc.request.timeout = 3000ms (default)
2019-11-14 17:36:51,998 [b2e3cdb6-e490-4d5b-a0a3-6f5ff6451210@group-7E7D5A9DDDD2-LeaderElection84] INFO  server.RaftServerConfigKeys (ConfUtils.java:logGet(43)) - raft.server.log.appender.install.snapshot.enabled = false (custom)
2019-11-14 17:36:51,998 [b2e3cdb6-e490-4d5b-a0a3-6f5ff6451210@group-7E7D5A9DDDD2-LeaderElection84] INFO  impl.RoleInfo (RoleInfo.java:updateAndGet(143)) - b2e3cdb6-e490-4d5b-a0a3-6f5ff6451210: start LeaderState
2019-11-14 17:36:51,998 [b2e3cdb6-e490-4d5b-a0a3-6f5ff6451210@group-7E7D5A9DDDD2-LeaderElection84] INFO  segmented.SegmentedRaftLogWorker (SegmentedRaftLogWorker.java:startLogSegment(385)) - b2e3cdb6-e490-4d5b-a0a3-6f5ff6451210@group-7E7D5A9DDDD2-SegmentedRaftLogWorker: Starting segment from index:0
2019-11-14 17:36:51,999 [b2e3cdb6-e490-4d5b-a0a3-6f5ff6451210@group-7E7D5A9DDDD2-LeaderElection84] INFO  impl.RaftServerImpl (ServerState.java:setRaftConf(356)) - b2e3cdb6-e490-4d5b-a0a3-6f5ff6451210@group-7E7D5A9DDDD2: set configuration 0: [b2e3cdb6-e490-4d5b-a0a3-6f5ff6451210:192.168.157.194:37477, f5a4bf5a-4195-495f-81ba-193832aea29d:192.168.157.194:46851, 7dd38d19-97a5-42cf-8254-8fed67def3f2:192.168.157.194:40753], old=null at 0
2019-11-14 17:36:52,000 [grpc-default-executor-3] INFO  ratis.XceiverServerRatis (XceiverServerRatis.java:handleLeaderChangedNotification(697)) - Leader change notification received for group: group-7E7D5A9DDDD2 with new leaderId: b2e3cdb6-e490-4d5b-a0a3-6f5ff6451210
2019-11-14 17:36:52,000 [grpc-default-executor-5] INFO  ratis.XceiverServerRatis (XceiverServerRatis.java:handleLeaderChangedNotification(697)) - Leader change notification received for group: group-7E7D5A9DDDD2 with new leaderId: b2e3cdb6-e490-4d5b-a0a3-6f5ff6451210
2019-11-14 17:36:52,000 [grpc-default-executor-3] INFO  impl.RaftServerImpl (ServerState.java:setLeader(255)) - f5a4bf5a-4195-495f-81ba-193832aea29d@group-7E7D5A9DDDD2: change Leader from null to b2e3cdb6-e490-4d5b-a0a3-6f5ff6451210 at term 3 for appendEntries, leader elected after 3399ms
2019-11-14 17:36:52,000 [grpc-default-executor-5] INFO  impl.RaftServerImpl (ServerState.java:setLeader(255)) - 7dd38d19-97a5-42cf-8254-8fed67def3f2@group-7E7D5A9DDDD2: change Leader from null to b2e3cdb6-e490-4d5b-a0a3-6f5ff6451210 at term 3 for appendEntries, leader elected after 3400ms
2019-11-14 17:36:52,003 [grpc-default-executor-5] INFO  impl.RaftServerImpl (ServerState.java:setRaftConf(356)) - 7dd38d19-97a5-42cf-8254-8fed67def3f2@group-7E7D5A9DDDD2: set configuration 0: [b2e3cdb6-e490-4d5b-a0a3-6f5ff6451210:192.168.157.194:37477, f5a4bf5a-4195-495f-81ba-193832aea29d:192.168.157.194:46851, 7dd38d19-97a5-42cf-8254-8fed67def3f2:192.168.157.194:40753], old=null at 0
2019-11-14 17:36:52,003 [grpc-default-executor-3] INFO  impl.RaftServerImpl (ServerState.java:setRaftConf(356)) - f5a4bf5a-4195-495f-81ba-193832aea29d@group-7E7D5A9DDDD2: set configuration 0: [b2e3cdb6-e490-4d5b-a0a3-6f5ff6451210:192.168.157.194:37477, f5a4bf5a-4195-495f-81ba-193832aea29d:192.168.157.194:46851, 7dd38d19-97a5-42cf-8254-8fed67def3f2:192.168.157.194:40753], old=null at 0
2019-11-14 17:36:52,003 [grpc-default-executor-5] INFO  segmented.SegmentedRaftLogWorker (SegmentedRaftLogWorker.java:startLogSegment(385)) - 7dd38d19-97a5-42cf-8254-8fed67def3f2@group-7E7D5A9DDDD2-SegmentedRaftLogWorker: Starting segment from index:0
2019-11-14 17:36:52,004 [grpc-default-executor-3] INFO  segmented.SegmentedRaftLogWorker (SegmentedRaftLogWorker.java:startLogSegment(385)) - f5a4bf5a-4195-495f-81ba-193832aea29d@group-7E7D5A9DDDD2-SegmentedRaftLogWorker: Starting segment from index:0
2019-11-14 17:36:52,051 [f5a4bf5a-4195-495f-81ba-193832aea29d@group-7E7D5A9DDDD2-SegmentedRaftLogWorker] INFO  segmented.SegmentedRaftLogWorker (SegmentedRaftLogWorker.java:execute(576)) - f5a4bf5a-4195-495f-81ba-193832aea29d@group-7E7D5A9DDDD2-SegmentedRaftLogWorker: created new log segment /workdir/hadoop-ozone/integration-test/target/test-dir/MiniOzoneClusterImpl-22bbe08b-7feb-4e26-8434-b505ec12d921/datanode-1/data/ratis/dbc83d6b-b9a5-44e6-b4b9-7e7d5a9dddd2/current/log_inprogress_0
2019-11-14 17:36:52,051 [b2e3cdb6-e490-4d5b-a0a3-6f5ff6451210@group-7E7D5A9DDDD2-SegmentedRaftLogWorker] INFO  segmented.SegmentedRaftLogWorker (SegmentedRaftLogWorker.java:execute(576)) - b2e3cdb6-e490-4d5b-a0a3-6f5ff6451210@group-7E7D5A9DDDD2-SegmentedRaftLogWorker: created new log segment /workdir/hadoop-ozone/integration-test/target/test-dir/MiniOzoneClusterImpl-22bbe08b-7feb-4e26-8434-b505ec12d921/datanode-0/data/ratis/dbc83d6b-b9a5-44e6-b4b9-7e7d5a9dddd2/current/log_inprogress_0
2019-11-14 17:36:52,051 [7dd38d19-97a5-42cf-8254-8fed67def3f2@group-7E7D5A9DDDD2-SegmentedRaftLogWorker] INFO  segmented.SegmentedRaftLogWorker (SegmentedRaftLogWorker.java:execute(576)) - 7dd38d19-97a5-42cf-8254-8fed67def3f2@group-7E7D5A9DDDD2-SegmentedRaftLogWorker: created new log segment /workdir/hadoop-ozone/integration-test/target/test-dir/MiniOzoneClusterImpl-22bbe08b-7feb-4e26-8434-b505ec12d921/datanode-2/data/ratis/dbc83d6b-b9a5-44e6-b4b9-7e7d5a9dddd2/current/log_inprogress_0
2019-11-14 17:36:54,859 [ForkJoinPool.commonPool-worker-1] INFO  ozoneimpl.OzoneContainer (OzoneContainer.java:stop(244)) - Attempting to stop container services.
2019-11-14 17:36:54,859 [main] INFO  ozoneimpl.OzoneContainer (OzoneContainer.java:stop(244)) - Attempting to stop container services.
2019-11-14 17:36:54,860 [ForkJoinPool.commonPool-worker-1] INFO  impl.RaftServerProxy (RaftServerProxy.java:lambda$close$4(314)) - 7dd38d19-97a5-42cf-8254-8fed67def3f2: close
2019-11-14 17:36:54,860 [main] INFO  impl.RaftServerProxy (RaftServerProxy.java:lambda$close$4(314)) - c40a56fe-5273-466a-9f61-79febf43aa6a: close
2019-11-14 17:36:54,860 [ForkJoinPool.commonPool-worker-1] INFO  impl.RaftServerImpl (RaftServerImpl.java:lambda$shutdown$3(250)) - 7dd38d19-97a5-42cf-8254-8fed67def3f2@group-7E7D5A9DDDD2: shutdown
2019-11-14 17:36:54,861 [main] INFO  impl.RaftServerImpl (RaftServerImpl.java:lambda$shutdown$3(250)) - c40a56fe-5273-466a-9f61-79febf43aa6a@group-E7DF167351A9: shutdown
2019-11-14 17:36:54,861 [ForkJoinPool.commonPool-worker-1] INFO  util.JmxRegister (JmxRegister.java:unregister(73)) - Successfully un-registered JMX Bean with object name Ratis:service=RaftServer,group=group-7E7D5A9DDDD2,id=7dd38d19-97a5-42cf-8254-8fed67def3f2
2019-11-14 17:36:54,861 [main] INFO  util.JmxRegister (JmxRegister.java:unregister(73)) - Successfully un-registered JMX Bean with object name Ratis:service=RaftServer,group=group-E7DF167351A9,id=c40a56fe-5273-466a-9f61-79febf43aa6a
2019-11-14 17:36:54,861 [ForkJoinPool.commonPool-worker-1] INFO  impl.RoleInfo (RoleInfo.java:shutdownFollowerState(121)) - 7dd38d19-97a5-42cf-8254-8fed67def3f2: shutdown FollowerState
2019-11-14 17:36:54,862 [main] INFO  impl.RoleInfo (RoleInfo.java:shutdownFollowerState(121)) - c40a56fe-5273-466a-9f61-79febf43aa6a: shutdown FollowerState
2019-11-14 17:36:54,862 [ForkJoinPool.commonPool-worker-1] INFO  impl.StateMachineUpdater (StateMachineUpdater.java:stopAndJoin(136)) - 7dd38d19-97a5-42cf-8254-8fed67def3f2@group-7E7D5A9DDDD2-StateMachineUpdater: set stopIndex = 0
2019-11-14 17:36:54,862 [Thread-1541] INFO  impl.FollowerState (FollowerState.java:run(120)) - 7dd38d19-97a5-42cf-8254-8fed67def3f2@group-7E7D5A9DDDD2-FollowerState was interrupted: java.lang.InterruptedException: sleep interrupted
2019-11-14 17:36:54,863 [ForkJoinPool.commonPool-worker-1] INFO  impl.RaftServerImpl (ServerState.java:close(387)) - 7dd38d19-97a5-42cf-8254-8fed67def3f2@group-7E7D5A9DDDD2: closes. applyIndex: 0
2019-11-14 17:36:54,863 [c40a56fe-5273-466a-9f61-79febf43aa6a@group-E7DF167351A9-StateMachineUpdater] INFO  ratis.ContainerStateMachine (ContainerStateMachine.java:takeSnapshot(285)) - group-E7DF167351A9: Taking a snapshot at:(t:3, i:4) file /workdir/hadoop-ozone/integration-test/target/test-dir/MiniOzoneClusterImpl-22bbe08b-7feb-4e26-8434-b505ec12d921/datanode-5/data/ratis/95214e6b-bdf4-4946-b509-e7df167351a9/sm/snapshot.3_4
2019-11-14 17:36:54,862 [main] INFO  impl.StateMachineUpdater (StateMachineUpdater.java:stopAndJoin(136)) - c40a56fe-5273-466a-9f61-79febf43aa6a@group-E7DF167351A9-StateMachineUpdater: set stopIndex = 6
2019-11-14 17:36:54,862 [Thread-1397] INFO  impl.FollowerState (FollowerState.java:run(120)) - c40a56fe-5273-466a-9f61-79febf43aa6a@group-E7DF167351A9-FollowerState was interrupted: java.lang.InterruptedException: sleep interrupted
2019-11-14 17:36:54,863 [7dd38d19-97a5-42cf-8254-8fed67def3f2@group-7E7D5A9DDDD2-SegmentedRaftLogWorker] INFO  segmented.SegmentedRaftLogWorker (SegmentedRaftLogWorker.java:run(316)) - 7dd38d19-97a5-42cf-8254-8fed67def3f2@group-7E7D5A9DDDD2-SegmentedRaftLogWorker was interrupted, exiting. There are 0 tasks remaining in the queue.
2019-11-14 17:36:54,866 [ForkJoinPool.commonPool-worker-1] INFO  segmented.SegmentedRaftLogWorker (SegmentedRaftLogWorker.java:close(224)) - 7dd38d19-97a5-42cf-8254-8fed67def3f2@group-7E7D5A9DDDD2-SegmentedRaftLogWorker close()
2019-11-14 17:36:54,868 [ForkJoinPool.commonPool-worker-1] INFO  impl.RaftServerImpl (RaftServerImpl.java:lambda$shutdown$3(250)) - 7dd38d19-97a5-42cf-8254-8fed67def3f2@group-0B30A11A07C5: shutdown
2019-11-14 17:36:54,869 [ForkJoinPool.commonPool-worker-1] INFO  util.JmxRegister (JmxRegister.java:unregister(73)) - Successfully un-registered JMX Bean with object name Ratis:service=RaftServer,group=group-0B30A11A07C5,id=7dd38d19-97a5-42cf-8254-8fed67def3f2
2019-11-14 17:36:54,869 [ForkJoinPool.commonPool-worker-1] INFO  impl.RoleInfo (RoleInfo.java:shutdownLeaderState(104)) - 7dd38d19-97a5-42cf-8254-8fed67def3f2: shutdown LeaderState
2019-11-14 17:36:54,869 [ForkJoinPool.commonPool-worker-1] INFO  impl.PendingRequests (PendingRequests.java:sendNotLeaderResponses(206)) - 7dd38d19-97a5-42cf-8254-8fed67def3f2@group-0B30A11A07C5-PendingRequests: sendNotLeaderResponses
2019-11-14 17:36:54,870 [ForkJoinPool.commonPool-worker-1] INFO  impl.StateMachineUpdater (StateMachineUpdater.java:stopAndJoin(136)) - 7dd38d19-97a5-42cf-8254-8fed67def3f2@group-0B30A11A07C5-StateMachineUpdater: set stopIndex = 0
2019-11-14 17:36:54,870 [ForkJoinPool.commonPool-worker-1] INFO  impl.RaftServerImpl (ServerState.java:close(387)) - 7dd38d19-97a5-42cf-8254-8fed67def3f2@group-0B30A11A07C5: closes. applyIndex: 0
2019-11-14 17:36:54,870 [7dd38d19-97a5-42cf-8254-8fed67def3f2@group-0B30A11A07C5-SegmentedRaftLogWorker] INFO  segmented.SegmentedRaftLogWorker (SegmentedRaftLogWorker.java:run(316)) - 7dd38d19-97a5-42cf-8254-8fed67def3f2@group-0B30A11A07C5-SegmentedRaftLogWorker was interrupted, exiting. There are 0 tasks remaining in the queue.
2019-11-14 17:36:54,870 [ForkJoinPool.commonPool-worker-1] INFO  segmented.SegmentedRaftLogWorker (SegmentedRaftLogWorker.java:close(224)) - 7dd38d19-97a5-42cf-8254-8fed67def3f2@group-0B30A11A07C5-SegmentedRaftLogWorker close()
2019-11-14 17:36:54,872 [ForkJoinPool.commonPool-worker-1] INFO  server.GrpcService (GrpcService.java:closeImpl(164)) - 7dd38d19-97a5-42cf-8254-8fed67def3f2: shutdown server with port 40753 now
2019-11-14 17:36:54,873 [grpc-default-executor-3] WARN  server.GrpcServerProtocolService (LogUtils.java:warn(134)) - 7dd38d19-97a5-42cf-8254-8fed67def3f2: installSnapshot onError, lastRequest: b2e3cdb6-e490-4d5b-a0a3-6f5ff6451210->7dd38d19-97a5-42cf-8254-8fed67def3f2#6-t3, previous=(t:3, i:0), leaderCommit=0, initializing? false, entries: <empty>: org.apache.ratis.thirdparty.io.grpc.StatusRuntimeException: CANCELLED: cancelled before receiving half close
2019-11-14 17:36:54,873 [ForkJoinPool.commonPool-worker-1] INFO  server.GrpcService (GrpcService.java:closeImpl(172)) - 7dd38d19-97a5-42cf-8254-8fed67def3f2: shutdown server with port 40753 successfully
2019-11-14 17:36:54,873 [grpc-default-executor-4] WARN  server.GrpcLogAppender (LogUtils.java:warn(134)) - b2e3cdb6-e490-4d5b-a0a3-6f5ff6451210@group-7E7D5A9DDDD2->7dd38d19-97a5-42cf-8254-8fed67def3f2-AppendLogResponseHandler: Failed appendEntries: org.apache.ratis.thirdparty.io.grpc.StatusRuntimeException: CANCELLED: HTTP/2 error code: CANCEL
Received Rst Stream
2019-11-14 17:36:54,874 [grpc-default-executor-4] INFO  impl.FollowerInfo (FollowerInfo.java:lambda$new$0(51)) - b2e3cdb6-e490-4d5b-a0a3-6f5ff6451210@group-7E7D5A9DDDD2->7dd38d19-97a5-42cf-8254-8fed67def3f2: nextIndex: updateUnconditionally 1 -> 0
2019-11-14 17:36:54,876 [refreshUsed-/workdir/hadoop-ozone/integration-test/target/test-dir/MiniOzoneClusterImpl-22bbe08b-7feb-4e26-8434-b505ec12d921/datanode-2/data/containers] WARN  fs.CachingGetSpaceUsed (CachingGetSpaceUsed.java:run(183)) - Thread Interrupted waiting to refresh disk information: sleep interrupted
2019-11-14 17:36:54,890 [ForkJoinPool.commonPool-worker-1] INFO  utils.BackgroundService (BackgroundService.java:shutdown(151)) - Shutting down service BlockDeletingService
2019-11-14 17:36:54,895 [ForkJoinPool.commonPool-worker-1] INFO  statemachine.DatanodeStateMachine (DatanodeStateMachine.java:stopDaemon(395)) - Ozone container server stopped.
2019-11-14 17:36:54,897 [c40a56fe-5273-466a-9f61-79febf43aa6a@group-E7DF167351A9-StateMachineUpdater] INFO  ratis.ContainerStateMachine (ContainerStateMachine.java:takeSnapshot(296)) - group-E7DF167351A9: Finished taking a snapshot at:(t:3, i:4) file:/workdir/hadoop-ozone/integration-test/target/test-dir/MiniOzoneClusterImpl-22bbe08b-7feb-4e26-8434-b505ec12d921/datanode-5/data/ratis/95214e6b-bdf4-4946-b509-e7df167351a9/sm/snapshot.3_4 time:35
2019-11-14 17:36:54,897 [c40a56fe-5273-466a-9f61-79febf43aa6a@group-E7DF167351A9-StateMachineUpdater] INFO  impl.StateMachineUpdater (StateMachineUpdater.java:takeSnapshot(269)) - c40a56fe-5273-466a-9f61-79febf43aa6a@group-E7DF167351A9-StateMachineUpdater: Took a snapshot at index 4
2019-11-14 17:36:54,899 [c40a56fe-5273-466a-9f61-79febf43aa6a@group-E7DF167351A9-StateMachineUpdater] INFO  impl.StateMachineUpdater (StateMachineUpdater.java:lambda$new$0(84)) - c40a56fe-5273-466a-9f61-79febf43aa6a@group-E7DF167351A9-StateMachineUpdater: snapshotIndex: updateIncreasingly -1 -> 4
2019-11-14 17:36:54,899 [ForkJoinPool.commonPool-worker-1] INFO  handler.ContextHandler (ContextHandler.java:doStop(910)) - Stopped o.e.j.w.WebAppContext@27a09971{/,null,UNAVAILABLE}{/hddsDatanode}
2019-11-14 17:36:54,899 [c40a56fe-5273-466a-9f61-79febf43aa6a@group-E7DF167351A9-StateMachineUpdater] INFO  ratis.ContainerStateMachine (ContainerStateMachine.java:takeSnapshot(285)) - group-E7DF167351A9: Taking a snapshot at:(t:3, i:4) file /workdir/hadoop-ozone/integration-test/target/test-dir/MiniOzoneClusterImpl-22bbe08b-7feb-4e26-8434-b505ec12d921/datanode-5/data/ratis/95214e6b-bdf4-4946-b509-e7df167351a9/sm/snapshot.3_4
2019-11-14 17:36:54,899 [ForkJoinPool.commonPool-worker-1] INFO  server.AbstractConnector (AbstractConnector.java:doStop(318)) - Stopped ServerConnector@6215366a{HTTP/1.1,[http/1.1]}{0.0.0.0:0}
2019-11-14 17:36:54,901 [ForkJoinPool.commonPool-worker-1] INFO  handler.ContextHandler (ContextHandler.java:doStop(910)) - Stopped o.e.j.s.ServletContextHandler@3f6bf8aa{/static,jar:file:/home/user/.m2/repository/org/apache/hadoop/hadoop-hdds-container-service/0.5.0-SNAPSHOT/hadoop-hdds-container-service-0.5.0-SNAPSHOT.jar!/webapps/static,UNAVAILABLE}
2019-11-14 17:36:54,902 [ForkJoinPool.commonPool-worker-1] INFO  handler.ContextHandler (ContextHandler.java:doStop(910)) - Stopped o.e.j.s.ServletContextHandler@5568c66f{/logs,file:///workdir/hadoop-ozone/integration-test/target/log,UNAVAILABLE}
2019-11-14 17:36:54,913 [c40a56fe-5273-466a-9f61-79febf43aa6a@group-E7DF167351A9-StateMachineUpdater] INFO  ratis.ContainerStateMachine (ContainerStateMachine.java:takeSnapshot(296)) - group-E7DF167351A9: Finished taking a snapshot at:(t:3, i:4) file:/workdir/hadoop-ozone/integration-test/target/test-dir/MiniOzoneClusterImpl-22bbe08b-7feb-4e26-8434-b505ec12d921/datanode-5/data/ratis/95214e6b-bdf4-4946-b509-e7df167351a9/sm/snapshot.3_4 time:14
2019-11-14 17:36:54,913 [c40a56fe-5273-466a-9f61-79febf43aa6a@group-E7DF167351A9-StateMachineUpdater] INFO  impl.StateMachineUpdater (StateMachineUpdater.java:takeSnapshot(269)) - c40a56fe-5273-466a-9f61-79febf43aa6a@group-E7DF167351A9-StateMachineUpdater: Took a snapshot at index 4
2019-11-14 17:36:54,913 [c40a56fe-5273-466a-9f61-79febf43aa6a@group-E7DF167351A9-StateMachineUpdater] INFO  impl.StateMachineUpdater (StateMachineUpdater.java:lambda$new$0(84)) - c40a56fe-5273-466a-9f61-79febf43aa6a@group-E7DF167351A9-StateMachineUpdater: snapshotIndex: updateIncreasingly 4 -> 4
2019-11-14 17:36:54,913 [main] INFO  impl.RaftServerImpl (ServerState.java:close(387)) - c40a56fe-5273-466a-9f61-79febf43aa6a@group-E7DF167351A9: closes. applyIndex: 6
2019-11-14 17:36:54,914 [c40a56fe-5273-466a-9f61-79febf43aa6a@group-E7DF167351A9-SegmentedRaftLogWorker] INFO  segmented.SegmentedRaftLogWorker (SegmentedRaftLogWorker.java:run(316)) - c40a56fe-5273-466a-9f61-79febf43aa6a@group-E7DF167351A9-SegmentedRaftLogWorker was interrupted, exiting. There are 0 tasks remaining in the queue.
2019-11-14 17:36:54,915 [main] INFO  segmented.SegmentedRaftLogWorker (SegmentedRaftLogWorker.java:close(224)) - c40a56fe-5273-466a-9f61-79febf43aa6a@group-E7DF167351A9-SegmentedRaftLogWorker close()
2019-11-14 17:36:54,916 [main] INFO  impl.RaftServerImpl (RaftServerImpl.java:lambda$shutdown$3(250)) - c40a56fe-5273-466a-9f61-79febf43aa6a@group-A9B8EDCEA82D: shutdown
2019-11-14 17:36:54,917 [main] INFO  util.JmxRegister (JmxRegister.java:unregister(73)) - Successfully un-registered JMX Bean with object name Ratis:service=RaftServer,group=group-A9B8EDCEA82D,id=c40a56fe-5273-466a-9f61-79febf43aa6a
2019-11-14 17:36:54,917 [main] INFO  impl.RoleInfo (RoleInfo.java:shutdownLeaderState(104)) - c40a56fe-5273-466a-9f61-79febf43aa6a: shutdown LeaderState
2019-11-14 17:36:54,917 [main] INFO  impl.PendingRequests (PendingRequests.java:sendNotLeaderResponses(206)) - c40a56fe-5273-466a-9f61-79febf43aa6a@group-A9B8EDCEA82D-PendingRequests: sendNotLeaderResponses
2019-11-14 17:36:54,918 [main] INFO  impl.StateMachineUpdater (StateMachineUpdater.java:stopAndJoin(136)) - c40a56fe-5273-466a-9f61-79febf43aa6a@group-A9B8EDCEA82D-StateMachineUpdater: set stopIndex = 0
2019-11-14 17:36:54,918 [main] INFO  impl.RaftServerImpl (ServerState.java:close(387)) - c40a56fe-5273-466a-9f61-79febf43aa6a@group-A9B8EDCEA82D: closes. applyIndex: 0
2019-11-14 17:36:54,918 [c40a56fe-5273-466a-9f61-79febf43aa6a@group-A9B8EDCEA82D-SegmentedRaftLogWorker] INFO  segmented.SegmentedRaftLogWorker (SegmentedRaftLogWorker.java:run(316)) - c40a56fe-5273-466a-9f61-79febf43aa6a@group-A9B8EDCEA82D-SegmentedRaftLogWorker was interrupted, exiting. There are 0 tasks remaining in the queue.
2019-11-14 17:36:54,920 [main] INFO  segmented.SegmentedRaftLogWorker (SegmentedRaftLogWorker.java:close(224)) - c40a56fe-5273-466a-9f61-79febf43aa6a@group-A9B8EDCEA82D-SegmentedRaftLogWorker close()
2019-11-14 17:36:54,922 [main] INFO  server.GrpcService (GrpcService.java:closeImpl(164)) - c40a56fe-5273-466a-9f61-79febf43aa6a: shutdown server with port 45340 now
2019-11-14 17:36:54,923 [grpc-default-executor-4] WARN  server.GrpcServerProtocolService (LogUtils.java:warn(134)) - c40a56fe-5273-466a-9f61-79febf43aa6a: installSnapshot onError, lastRequest: 0b8c2274-85ff-4b39-8671-ec8be5904baa->c40a56fe-5273-466a-9f61-79febf43aa6a#17-t3, previous=(t:3, i:6), leaderCommit=6, initializing? false, entries: <empty>: org.apache.ratis.thirdparty.io.grpc.StatusRuntimeException: CANCELLED: cancelled before receiving half close
2019-11-14 17:36:54,923 [main] INFO  server.GrpcService (GrpcService.java:closeImpl(172)) - c40a56fe-5273-466a-9f61-79febf43aa6a: shutdown server with port 45340 successfully
2019-11-14 17:36:54,923 [grpc-default-executor-3] WARN  server.GrpcLogAppender (LogUtils.java:warn(134)) - 0b8c2274-85ff-4b39-8671-ec8be5904baa@group-E7DF167351A9->c40a56fe-5273-466a-9f61-79febf43aa6a-AppendLogResponseHandler: Failed appendEntries: org.apache.ratis.thirdparty.io.grpc.StatusRuntimeException: CANCELLED: HTTP/2 error code: CANCEL
Received Rst Stream
2019-11-14 17:36:54,923 [grpc-default-executor-3] INFO  impl.FollowerInfo (FollowerInfo.java:lambda$new$0(51)) - 0b8c2274-85ff-4b39-8671-ec8be5904baa@group-E7DF167351A9->c40a56fe-5273-466a-9f61-79febf43aa6a: nextIndex: updateUnconditionally 7 -> 6
2019-11-14 17:36:54,928 [refreshUsed-/workdir/hadoop-ozone/integration-test/target/test-dir/MiniOzoneClusterImpl-22bbe08b-7feb-4e26-8434-b505ec12d921/datanode-5/data/containers] WARN  fs.CachingGetSpaceUsed (CachingGetSpaceUsed.java:run(183)) - Thread Interrupted waiting to refresh disk information: sleep interrupted
2019-11-14 17:36:54,942 [main] INFO  utils.BackgroundService (BackgroundService.java:shutdown(151)) - Shutting down service BlockDeletingService
2019-11-14 17:36:54,946 [main] INFO  statemachine.DatanodeStateMachine (DatanodeStateMachine.java:stopDaemon(395)) - Ozone container server stopped.
2019-11-14 17:36:54,947 [main] INFO  handler.ContextHandler (ContextHandler.java:doStop(910)) - Stopped o.e.j.w.WebAppContext@16a2ed51{/,null,UNAVAILABLE}{/hddsDatanode}
2019-11-14 17:36:54,947 [main] INFO  server.AbstractConnector (AbstractConnector.java:doStop(318)) - Stopped ServerConnector@3b332962{HTTP/1.1,[http/1.1]}{0.0.0.0:0}
2019-11-14 17:36:54,947 [main] INFO  handler.ContextHandler (ContextHandler.java:doStop(910)) - Stopped o.e.j.s.ServletContextHandler@310ed6b4{/static,jar:file:/home/user/.m2/repository/org/apache/hadoop/hadoop-hdds-container-service/0.5.0-SNAPSHOT/hadoop-hdds-container-service-0.5.0-SNAPSHOT.jar!/webapps/static,UNAVAILABLE}
2019-11-14 17:36:54,948 [main] INFO  handler.ContextHandler (ContextHandler.java:doStop(910)) - Stopped o.e.j.s.ServletContextHandler@3a17b2e3{/logs,file:///workdir/hadoop-ozone/integration-test/target/log,UNAVAILABLE}
2019-11-14 17:36:55,078 [grpc-default-executor-4] WARN  server.GrpcLogAppender (LogUtils.java:warn(134)) - b2e3cdb6-e490-4d5b-a0a3-6f5ff6451210@group-7E7D5A9DDDD2->7dd38d19-97a5-42cf-8254-8fed67def3f2-AppendLogResponseHandler: Failed appendEntries: org.apache.ratis.thirdparty.io.grpc.StatusRuntimeException: UNAVAILABLE: io exception
2019-11-14 17:36:55,079 [grpc-default-executor-4] INFO  impl.FollowerInfo (FollowerInfo.java:lambda$new$0(51)) - b2e3cdb6-e490-4d5b-a0a3-6f5ff6451210@group-7E7D5A9DDDD2->7dd38d19-97a5-42cf-8254-8fed67def3f2: nextIndex: updateUnconditionally 0 -> 0
2019-11-14 17:36:55,302 [grpc-default-executor-2] WARN  server.GrpcLogAppender (LogUtils.java:warn(134)) - 0b8c2274-85ff-4b39-8671-ec8be5904baa@group-E7DF167351A9->c40a56fe-5273-466a-9f61-79febf43aa6a-AppendLogResponseHandler: Failed appendEntries: org.apache.ratis.thirdparty.io.grpc.StatusRuntimeException: UNAVAILABLE: io exception
2019-11-14 17:36:55,303 [grpc-default-executor-2] INFO  impl.FollowerInfo (FollowerInfo.java:lambda$new$0(51)) - 0b8c2274-85ff-4b39-8671-ec8be5904baa@group-E7DF167351A9->c40a56fe-5273-466a-9f61-79febf43aa6a: nextIndex: updateUnconditionally 6 -> 5
2019-11-14 17:36:55,579 [grpc-default-executor-4] WARN  server.GrpcLogAppender (LogUtils.java:warn(134)) - b2e3cdb6-e490-4d5b-a0a3-6f5ff6451210@group-7E7D5A9DDDD2->7dd38d19-97a5-42cf-8254-8fed67def3f2-AppendLogResponseHandler: Failed appendEntries: org.apache.ratis.thirdparty.io.grpc.StatusRuntimeException: UNAVAILABLE: io exception
2019-11-14 17:36:55,580 [grpc-default-executor-4] INFO  impl.FollowerInfo (FollowerInfo.java:lambda$new$0(51)) - b2e3cdb6-e490-4d5b-a0a3-6f5ff6451210@group-7E7D5A9DDDD2->7dd38d19-97a5-42cf-8254-8fed67def3f2: nextIndex: updateUnconditionally 0 -> 0
2019-11-14 17:36:55,601 [Datanode State Machine Thread - 0] INFO  statemachine.DatanodeStateMachine (DatanodeStateMachine.java:lambda$startDaemon$0(350)) - Ozone container server started.
2019-11-14 17:36:55,712 [Datanode State Machine Thread - 0] INFO  statemachine.DatanodeStateMachine (DatanodeStateMachine.java:lambda$startDaemon$0(350)) - Ozone container server started.
2019-11-14 17:36:55,804 [grpc-default-executor-3] WARN  server.GrpcLogAppender (LogUtils.java:warn(134)) - 0b8c2274-85ff-4b39-8671-ec8be5904baa@group-E7DF167351A9->c40a56fe-5273-466a-9f61-79febf43aa6a-AppendLogResponseHandler: Failed appendEntries: org.apache.ratis.thirdparty.io.grpc.StatusRuntimeException: UNAVAILABLE: io exception
2019-11-14 17:36:55,804 [grpc-default-executor-3] INFO  impl.FollowerInfo (FollowerInfo.java:lambda$new$0(51)) - 0b8c2274-85ff-4b39-8671-ec8be5904baa@group-E7DF167351A9->c40a56fe-5273-466a-9f61-79febf43aa6a: nextIndex: updateUnconditionally 5 -> 4
2019-11-14 17:36:56,080 [grpc-default-executor-4] WARN  server.GrpcLogAppender (LogUtils.java:warn(134)) - b2e3cdb6-e490-4d5b-a0a3-6f5ff6451210@group-7E7D5A9DDDD2->7dd38d19-97a5-42cf-8254-8fed67def3f2-AppendLogResponseHandler: Failed appendEntries: org.apache.ratis.thirdparty.io.grpc.StatusRuntimeException: UNAVAILABLE: io exception
2019-11-14 17:36:56,080 [grpc-default-executor-4] INFO  impl.FollowerInfo (FollowerInfo.java:lambda$new$0(51)) - b2e3cdb6-e490-4d5b-a0a3-6f5ff6451210@group-7E7D5A9DDDD2->7dd38d19-97a5-42cf-8254-8fed67def3f2: nextIndex: updateUnconditionally 0 -> 0
2019-11-14 17:36:56,304 [grpc-default-executor-2] WARN  server.GrpcLogAppender (LogUtils.java:warn(134)) - 0b8c2274-85ff-4b39-8671-ec8be5904baa@group-E7DF167351A9->c40a56fe-5273-466a-9f61-79febf43aa6a-AppendLogResponseHandler: Failed appendEntries: org.apache.ratis.thirdparty.io.grpc.StatusRuntimeException: UNAVAILABLE: io exception
2019-11-14 17:36:56,304 [grpc-default-executor-2] INFO  impl.FollowerInfo (FollowerInfo.java:lambda$new$0(51)) - 0b8c2274-85ff-4b39-8671-ec8be5904baa@group-E7DF167351A9->c40a56fe-5273-466a-9f61-79febf43aa6a: nextIndex: updateUnconditionally 4 -> 3
2019-11-14 17:36:56,581 [grpc-default-executor-3] WARN  server.GrpcLogAppender (LogUtils.java:warn(134)) - b2e3cdb6-e490-4d5b-a0a3-6f5ff6451210@group-7E7D5A9DDDD2->7dd38d19-97a5-42cf-8254-8fed67def3f2-AppendLogResponseHandler: Failed appendEntries: org.apache.ratis.thirdparty.io.grpc.StatusRuntimeException: UNAVAILABLE: io exception
2019-11-14 17:36:56,581 [grpc-default-executor-3] INFO  impl.FollowerInfo (FollowerInfo.java:lambda$new$0(51)) - b2e3cdb6-e490-4d5b-a0a3-6f5ff6451210@group-7E7D5A9DDDD2->7dd38d19-97a5-42cf-8254-8fed67def3f2: nextIndex: updateUnconditionally 0 -> 0
2019-11-14 17:36:56,805 [grpc-default-executor-3] WARN  server.GrpcLogAppender (LogUtils.java:warn(134)) - 0b8c2274-85ff-4b39-8671-ec8be5904baa@group-E7DF167351A9->c40a56fe-5273-466a-9f61-79febf43aa6a-AppendLogResponseHandler: Failed appendEntries: org.apache.ratis.thirdparty.io.grpc.StatusRuntimeException: UNAVAILABLE: io exception
2019-11-14 17:36:56,805 [grpc-default-executor-3] INFO  impl.FollowerInfo (FollowerInfo.java:lambda$new$0(51)) - 0b8c2274-85ff-4b39-8671-ec8be5904baa@group-E7DF167351A9->c40a56fe-5273-466a-9f61-79febf43aa6a: nextIndex: updateUnconditionally 3 -> 2
2019-11-14 17:36:57,081 [grpc-default-executor-3] WARN  server.GrpcLogAppender (LogUtils.java:warn(134)) - b2e3cdb6-e490-4d5b-a0a3-6f5ff6451210@group-7E7D5A9DDDD2->7dd38d19-97a5-42cf-8254-8fed67def3f2-AppendLogResponseHandler: Failed appendEntries: org.apache.ratis.thirdparty.io.grpc.StatusRuntimeException: UNAVAILABLE: io exception
2019-11-14 17:36:57,081 [grpc-default-executor-3] INFO  impl.FollowerInfo (FollowerInfo.java:lambda$new$0(51)) - b2e3cdb6-e490-4d5b-a0a3-6f5ff6451210@group-7E7D5A9DDDD2->7dd38d19-97a5-42cf-8254-8fed67def3f2: nextIndex: updateUnconditionally 0 -> 0
2019-11-14 17:36:57,306 [grpc-default-executor-3] WARN  server.GrpcLogAppender (LogUtils.java:warn(134)) - 0b8c2274-85ff-4b39-8671-ec8be5904baa@group-E7DF167351A9->c40a56fe-5273-466a-9f61-79febf43aa6a-AppendLogResponseHandler: Failed appendEntries: org.apache.ratis.thirdparty.io.grpc.StatusRuntimeException: UNAVAILABLE: io exception
2019-11-14 17:36:57,307 [grpc-default-executor-3] INFO  impl.FollowerInfo (FollowerInfo.java:lambda$new$0(51)) - 0b8c2274-85ff-4b39-8671-ec8be5904baa@group-E7DF167351A9->c40a56fe-5273-466a-9f61-79febf43aa6a: nextIndex: updateUnconditionally 2 -> 1
2019-11-14 17:36:57,584 [grpc-default-executor-4] WARN  server.GrpcLogAppender (LogUtils.java:warn(134)) - b2e3cdb6-e490-4d5b-a0a3-6f5ff6451210@group-7E7D5A9DDDD2->7dd38d19-97a5-42cf-8254-8fed67def3f2-AppendLogResponseHandler: Failed appendEntries: org.apache.ratis.thirdparty.io.grpc.StatusRuntimeException: UNAVAILABLE: io exception
2019-11-14 17:36:57,584 [grpc-default-executor-4] INFO  impl.FollowerInfo (FollowerInfo.java:lambda$new$0(51)) - b2e3cdb6-e490-4d5b-a0a3-6f5ff6451210@group-7E7D5A9DDDD2->7dd38d19-97a5-42cf-8254-8fed67def3f2: nextIndex: updateUnconditionally 0 -> 0
2019-11-14 17:36:57,806 [grpc-default-executor-2] WARN  server.GrpcLogAppender (LogUtils.java:warn(134)) - 0b8c2274-85ff-4b39-8671-ec8be5904baa@group-E7DF167351A9->c40a56fe-5273-466a-9f61-79febf43aa6a-AppendLogResponseHandler: Failed appendEntries: org.apache.ratis.thirdparty.io.grpc.StatusRuntimeException: UNAVAILABLE: io exception
2019-11-14 17:36:57,807 [grpc-default-executor-2] INFO  impl.FollowerInfo (FollowerInfo.java:lambda$new$0(51)) - 0b8c2274-85ff-4b39-8671-ec8be5904baa@group-E7DF167351A9->c40a56fe-5273-466a-9f61-79febf43aa6a: nextIndex: updateUnconditionally 1 -> 0
2019-11-14 17:36:58,084 [grpc-default-executor-3] WARN  server.GrpcLogAppender (LogUtils.java:warn(134)) - b2e3cdb6-e490-4d5b-a0a3-6f5ff6451210@group-7E7D5A9DDDD2->7dd38d19-97a5-42cf-8254-8fed67def3f2-AppendLogResponseHandler: Failed appendEntries: org.apache.ratis.thirdparty.io.grpc.StatusRuntimeException: UNAVAILABLE: io exception
2019-11-14 17:36:58,085 [grpc-default-executor-3] INFO  impl.FollowerInfo (FollowerInfo.java:lambda$new$0(51)) - b2e3cdb6-e490-4d5b-a0a3-6f5ff6451210@group-7E7D5A9DDDD2->7dd38d19-97a5-42cf-8254-8fed67def3f2: nextIndex: updateUnconditionally 0 -> 0
2019-11-14 17:36:58,307 [grpc-default-executor-4] WARN  server.GrpcLogAppender (LogUtils.java:warn(134)) - 0b8c2274-85ff-4b39-8671-ec8be5904baa@group-E7DF167351A9->c40a56fe-5273-466a-9f61-79febf43aa6a-AppendLogResponseHandler: Failed appendEntries: org.apache.ratis.thirdparty.io.grpc.StatusRuntimeException: UNAVAILABLE: io exception
2019-11-14 17:36:58,308 [grpc-default-executor-4] INFO  impl.FollowerInfo (FollowerInfo.java:lambda$new$0(51)) - 0b8c2274-85ff-4b39-8671-ec8be5904baa@group-E7DF167351A9->c40a56fe-5273-466a-9f61-79febf43aa6a: nextIndex: updateUnconditionally 0 -> 0
2019-11-14 17:36:58,585 [grpc-default-executor-2] WARN  server.GrpcLogAppender (LogUtils.java:warn(134)) - b2e3cdb6-e490-4d5b-a0a3-6f5ff6451210@group-7E7D5A9DDDD2->7dd38d19-97a5-42cf-8254-8fed67def3f2-AppendLogResponseHandler: Failed appendEntries: org.apache.ratis.thirdparty.io.grpc.StatusRuntimeException: UNAVAILABLE: io exception
2019-11-14 17:36:58,585 [grpc-default-executor-2] INFO  impl.FollowerInfo (FollowerInfo.java:lambda$new$0(51)) - b2e3cdb6-e490-4d5b-a0a3-6f5ff6451210@group-7E7D5A9DDDD2->7dd38d19-97a5-42cf-8254-8fed67def3f2: nextIndex: updateUnconditionally 0 -> 0
2019-11-14 17:36:58,808 [grpc-default-executor-3] WARN  server.GrpcLogAppender (LogUtils.java:warn(134)) - 0b8c2274-85ff-4b39-8671-ec8be5904baa@group-E7DF167351A9->c40a56fe-5273-466a-9f61-79febf43aa6a-AppendLogResponseHandler: Failed appendEntries: org.apache.ratis.thirdparty.io.grpc.StatusRuntimeException: UNAVAILABLE: io exception
2019-11-14 17:36:58,808 [grpc-default-executor-3] INFO  impl.FollowerInfo (FollowerInfo.java:lambda$new$0(51)) - 0b8c2274-85ff-4b39-8671-ec8be5904baa@group-E7DF167351A9->c40a56fe-5273-466a-9f61-79febf43aa6a: nextIndex: updateUnconditionally 0 -> 0
2019-11-14 17:36:59,087 [grpc-default-executor-3] WARN  server.GrpcLogAppender (LogUtils.java:warn(134)) - b2e3cdb6-e490-4d5b-a0a3-6f5ff6451210@group-7E7D5A9DDDD2->7dd38d19-97a5-42cf-8254-8fed67def3f2-AppendLogResponseHandler: Failed appendEntries: org.apache.ratis.thirdparty.io.grpc.StatusRuntimeException: UNAVAILABLE: io exception
2019-11-14 17:36:59,088 [grpc-default-executor-3] INFO  impl.FollowerInfo (FollowerInfo.java:lambda$new$0(51)) - b2e3cdb6-e490-4d5b-a0a3-6f5ff6451210@group-7E7D5A9DDDD2->7dd38d19-97a5-42cf-8254-8fed67def3f2: nextIndex: updateUnconditionally 0 -> 0
2019-11-14 17:36:59,309 [grpc-default-executor-2] WARN  server.GrpcLogAppender (LogUtils.java:warn(134)) - 0b8c2274-85ff-4b39-8671-ec8be5904baa@group-E7DF167351A9->c40a56fe-5273-466a-9f61-79febf43aa6a-AppendLogResponseHandler: Failed appendEntries: org.apache.ratis.thirdparty.io.grpc.StatusRuntimeException: UNAVAILABLE: io exception
2019-11-14 17:36:59,310 [grpc-default-executor-2] INFO  impl.FollowerInfo (FollowerInfo.java:lambda$new$0(51)) - 0b8c2274-85ff-4b39-8671-ec8be5904baa@group-E7DF167351A9->c40a56fe-5273-466a-9f61-79febf43aa6a: nextIndex: updateUnconditionally 0 -> 0
2019-11-14 17:36:59,588 [grpc-default-executor-4] WARN  server.GrpcLogAppender (LogUtils.java:warn(134)) - b2e3cdb6-e490-4d5b-a0a3-6f5ff6451210@group-7E7D5A9DDDD2->7dd38d19-97a5-42cf-8254-8fed67def3f2-AppendLogResponseHandler: Failed appendEntries: org.apache.ratis.thirdparty.io.grpc.StatusRuntimeException: UNAVAILABLE: io exception
2019-11-14 17:36:59,588 [grpc-default-executor-4] INFO  impl.FollowerInfo (FollowerInfo.java:lambda$new$0(51)) - b2e3cdb6-e490-4d5b-a0a3-6f5ff6451210@group-7E7D5A9DDDD2->7dd38d19-97a5-42cf-8254-8fed67def3f2: nextIndex: updateUnconditionally 0 -> 0
2019-11-14 17:36:59,814 [grpc-default-executor-3] WARN  server.GrpcLogAppender (LogUtils.java:warn(134)) - 0b8c2274-85ff-4b39-8671-ec8be5904baa@group-E7DF167351A9->c40a56fe-5273-466a-9f61-79febf43aa6a-AppendLogResponseHandler: Failed appendEntries: org.apache.ratis.thirdparty.io.grpc.StatusRuntimeException: UNAVAILABLE: io exception
2019-11-14 17:36:59,816 [grpc-default-executor-3] INFO  impl.FollowerInfo (FollowerInfo.java:lambda$new$0(51)) - 0b8c2274-85ff-4b39-8671-ec8be5904baa@group-E7DF167351A9->c40a56fe-5273-466a-9f61-79febf43aa6a: nextIndex: updateUnconditionally 0 -> 0
2019-11-14 17:36:59,905 [ForkJoinPool.commonPool-worker-1] INFO  ozoneimpl.OzoneContainer (OzoneContainer.java:stop(244)) - Attempting to stop container services.
2019-11-14 17:36:59,905 [ForkJoinPool.commonPool-worker-1] INFO  impl.RaftServerProxy (RaftServerProxy.java:lambda$close$4(314)) - 55ab2526-4f89-4bd2-9902-395461fa7031: close
2019-11-14 17:36:59,906 [ForkJoinPool.commonPool-worker-1] INFO  impl.RaftServerImpl (RaftServerImpl.java:lambda$shutdown$3(250)) - 55ab2526-4f89-4bd2-9902-395461fa7031@group-7B1089351A69: shutdown
2019-11-14 17:36:59,906 [ForkJoinPool.commonPool-worker-1] INFO  util.JmxRegister (JmxRegister.java:unregister(73)) - Successfully un-registered JMX Bean with object name Ratis:service=RaftServer,group=group-7B1089351A69,id=55ab2526-4f89-4bd2-9902-395461fa7031
2019-11-14 17:36:59,906 [ForkJoinPool.commonPool-worker-1] INFO  impl.RoleInfo (RoleInfo.java:shutdownFollowerState(121)) - 55ab2526-4f89-4bd2-9902-395461fa7031: shutdown FollowerState
2019-11-14 17:36:59,907 [ForkJoinPool.commonPool-worker-1] INFO  impl.StateMachineUpdater (StateMachineUpdater.java:stopAndJoin(136)) - 55ab2526-4f89-4bd2-9902-395461fa7031@group-7B1089351A69-StateMachineUpdater: set stopIndex = 0
2019-11-14 17:36:59,907 [Thread-1466] INFO  impl.FollowerState (FollowerState.java:run(120)) - 55ab2526-4f89-4bd2-9902-395461fa7031@group-7B1089351A69-FollowerState was interrupted: java.lang.InterruptedException: sleep interrupted
2019-11-14 17:36:59,907 [ForkJoinPool.commonPool-worker-1] INFO  impl.RaftServerImpl (ServerState.java:close(387)) - 55ab2526-4f89-4bd2-9902-395461fa7031@group-7B1089351A69: closes. applyIndex: 0
2019-11-14 17:36:59,908 [55ab2526-4f89-4bd2-9902-395461fa7031@group-7B1089351A69-SegmentedRaftLogWorker] INFO  segmented.SegmentedRaftLogWorker (SegmentedRaftLogWorker.java:run(316)) - 55ab2526-4f89-4bd2-9902-395461fa7031@group-7B1089351A69-SegmentedRaftLogWorker was interrupted, exiting. There are 0 tasks remaining in the queue.
2019-11-14 17:36:59,911 [ForkJoinPool.commonPool-worker-1] INFO  segmented.SegmentedRaftLogWorker (SegmentedRaftLogWorker.java:close(224)) - 55ab2526-4f89-4bd2-9902-395461fa7031@group-7B1089351A69-SegmentedRaftLogWorker close()
2019-11-14 17:36:59,915 [ForkJoinPool.commonPool-worker-1] INFO  impl.RaftServerImpl (RaftServerImpl.java:lambda$shutdown$3(250)) - 55ab2526-4f89-4bd2-9902-395461fa7031@group-765CA94DA6E6: shutdown
2019-11-14 17:36:59,915 [ForkJoinPool.commonPool-worker-1] INFO  util.JmxRegister (JmxRegister.java:unregister(73)) - Successfully un-registered JMX Bean with object name Ratis:service=RaftServer,group=group-765CA94DA6E6,id=55ab2526-4f89-4bd2-9902-395461fa7031
2019-11-14 17:36:59,915 [ForkJoinPool.commonPool-worker-1] INFO  impl.RoleInfo (RoleInfo.java:shutdownLeaderState(104)) - 55ab2526-4f89-4bd2-9902-395461fa7031: shutdown LeaderState
2019-11-14 17:36:59,916 [ForkJoinPool.commonPool-worker-1] INFO  impl.PendingRequests (PendingRequests.java:sendNotLeaderResponses(206)) - 55ab2526-4f89-4bd2-9902-395461fa7031@group-765CA94DA6E6-PendingRequests: sendNotLeaderResponses
2019-11-14 17:36:59,916 [ForkJoinPool.commonPool-worker-1] INFO  impl.StateMachineUpdater (StateMachineUpdater.java:stopAndJoin(136)) - 55ab2526-4f89-4bd2-9902-395461fa7031@group-765CA94DA6E6-StateMachineUpdater: set stopIndex = 0
2019-11-14 17:36:59,917 [ForkJoinPool.commonPool-worker-1] INFO  impl.RaftServerImpl (ServerState.java:close(387)) - 55ab2526-4f89-4bd2-9902-395461fa7031@group-765CA94DA6E6: closes. applyIndex: 0
2019-11-14 17:36:59,917 [55ab2526-4f89-4bd2-9902-395461fa7031@group-765CA94DA6E6-SegmentedRaftLogWorker] INFO  segmented.SegmentedRaftLogWorker (SegmentedRaftLogWorker.java:run(316)) - 55ab2526-4f89-4bd2-9902-395461fa7031@group-765CA94DA6E6-SegmentedRaftLogWorker was interrupted, exiting. There are 0 tasks remaining in the queue.
2019-11-14 17:36:59,919 [ForkJoinPool.commonPool-worker-1] INFO  segmented.SegmentedRaftLogWorker (SegmentedRaftLogWorker.java:close(224)) - 55ab2526-4f89-4bd2-9902-395461fa7031@group-765CA94DA6E6-SegmentedRaftLogWorker close()
2019-11-14 17:36:59,921 [ForkJoinPool.commonPool-worker-1] INFO  server.GrpcService (GrpcService.java:closeImpl(164)) - 55ab2526-4f89-4bd2-9902-395461fa7031: shutdown server with port 41123 now
2019-11-14 17:36:59,923 [grpc-default-executor-2] WARN  server.GrpcServerProtocolService (LogUtils.java:warn(134)) - 55ab2526-4f89-4bd2-9902-395461fa7031: installSnapshot onError, lastRequest: 785a1b68-bc50-461a-9c66-217454b39c0f->55ab2526-4f89-4bd2-9902-395461fa7031#21-t1, previous=(t:1, i:0), leaderCommit=0, initializing? false, entries: <empty>: org.apache.ratis.thirdparty.io.grpc.StatusRuntimeException: CANCELLED: cancelled before receiving half close
2019-11-14 17:36:59,923 [ForkJoinPool.commonPool-worker-1] INFO  server.GrpcService (GrpcService.java:closeImpl(172)) - 55ab2526-4f89-4bd2-9902-395461fa7031: shutdown server with port 41123 successfully
2019-11-14 17:36:59,924 [grpc-default-executor-4] WARN  server.GrpcLogAppender (LogUtils.java:warn(134)) - 785a1b68-bc50-461a-9c66-217454b39c0f@group-7B1089351A69->55ab2526-4f89-4bd2-9902-395461fa7031-AppendLogResponseHandler: Failed appendEntries: org.apache.ratis.thirdparty.io.grpc.StatusRuntimeException: CANCELLED: HTTP/2 error code: CANCEL
Received Rst Stream
2019-11-14 17:36:59,924 [grpc-default-executor-4] INFO  impl.FollowerInfo (FollowerInfo.java:lambda$new$0(51)) - 785a1b68-bc50-461a-9c66-217454b39c0f@group-7B1089351A69->55ab2526-4f89-4bd2-9902-395461fa7031: nextIndex: updateUnconditionally 1 -> 0
2019-11-14 17:36:59,937 [refreshUsed-/workdir/hadoop-ozone/integration-test/target/test-dir/MiniOzoneClusterImpl-22bbe08b-7feb-4e26-8434-b505ec12d921/datanode-3/data/containers] WARN  fs.CachingGetSpaceUsed (CachingGetSpaceUsed.java:run(183)) - Thread Interrupted waiting to refresh disk information: sleep interrupted
2019-11-14 17:36:59,950 [main] INFO  ozoneimpl.OzoneContainer (OzoneContainer.java:stop(244)) - Attempting to stop container services.
2019-11-14 17:36:59,950 [main] INFO  impl.RaftServerProxy (RaftServerProxy.java:lambda$close$4(314)) - 0b8c2274-85ff-4b39-8671-ec8be5904baa: close
2019-11-14 17:36:59,950 [main] INFO  impl.RaftServerImpl (RaftServerImpl.java:lambda$shutdown$3(250)) - 0b8c2274-85ff-4b39-8671-ec8be5904baa@group-E7DF167351A9: shutdown
2019-11-14 17:36:59,951 [main] INFO  util.JmxRegister (JmxRegister.java:unregister(73)) - Successfully un-registered JMX Bean with object name Ratis:service=RaftServer,group=group-E7DF167351A9,id=0b8c2274-85ff-4b39-8671-ec8be5904baa
2019-11-14 17:36:59,951 [main] INFO  impl.RoleInfo (RoleInfo.java:shutdownLeaderState(104)) - 0b8c2274-85ff-4b39-8671-ec8be5904baa: shutdown LeaderState
2019-11-14 17:36:59,955 [main] INFO  impl.PendingRequests (PendingRequests.java:sendNotLeaderResponses(206)) - 0b8c2274-85ff-4b39-8671-ec8be5904baa@group-E7DF167351A9-PendingRequests: sendNotLeaderResponses
2019-11-14 17:36:59,955 [org.apache.ratis.server.impl.LogAppender$AppenderDaemon$$Lambda$459/712830018@4d9e354d] WARN  server.GrpcLogAppender (GrpcLogAppender.java:mayWait(151)) - 0b8c2274-85ff-4b39-8671-ec8be5904baa@group-E7DF167351A9->1f17fae6-ef42-4b5f-b929-258c4df74eb0-GrpcLogAppender: Wait interrupted by java.lang.InterruptedException
2019-11-14 17:36:59,955 [org.apache.ratis.server.impl.LogAppender$AppenderDaemon$$Lambda$459/712830018@89ca29a] WARN  server.GrpcLogAppender (GrpcLogAppender.java:mayWait(151)) - 0b8c2274-85ff-4b39-8671-ec8be5904baa@group-E7DF167351A9->c40a56fe-5273-466a-9f61-79febf43aa6a-GrpcLogAppender: Wait interrupted by java.lang.InterruptedException
2019-11-14 17:36:59,960 [grpc-default-executor-2] INFO  server.GrpcServerProtocolService (GrpcServerProtocolService.java:onCompleted(113)) - 1f17fae6-ef42-4b5f-b929-258c4df74eb0: Completed APPEND_ENTRIES, lastRequest: 0b8c2274-85ff-4b39-8671-ec8be5904baa->1f17fae6-ef42-4b5f-b929-258c4df74eb0#28-t3, previous=(t:3, i:6), leaderCommit=6, initializing? false, entries: <empty>
2019-11-14 17:36:59,960 [main] INFO  impl.StateMachineUpdater (StateMachineUpdater.java:stopAndJoin(136)) - 0b8c2274-85ff-4b39-8671-ec8be5904baa@group-E7DF167351A9-StateMachineUpdater: set stopIndex = 6
2019-11-14 17:36:59,960 [0b8c2274-85ff-4b39-8671-ec8be5904baa@group-E7DF167351A9-StateMachineUpdater] INFO  ratis.ContainerStateMachine (ContainerStateMachine.java:takeSnapshot(285)) - group-E7DF167351A9: Taking a snapshot at:(t:3, i:6) file /workdir/hadoop-ozone/integration-test/target/test-dir/MiniOzoneClusterImpl-22bbe08b-7feb-4e26-8434-b505ec12d921/datanode-6/data/ratis/95214e6b-bdf4-4946-b509-e7df167351a9/sm/snapshot.3_6
2019-11-14 17:36:59,961 [grpc-default-executor-2] INFO  server.GrpcLogAppender (GrpcLogAppender.java:onCompleted(308)) - 0b8c2274-85ff-4b39-8671-ec8be5904baa@group-E7DF167351A9->1f17fae6-ef42-4b5f-b929-258c4df74eb0-AppendLogResponseHandler: follower responses appendEntries COMPLETED
2019-11-14 17:36:59,962 [grpc-default-executor-2] INFO  impl.FollowerInfo (FollowerInfo.java:lambda$new$0(51)) - 0b8c2274-85ff-4b39-8671-ec8be5904baa@group-E7DF167351A9->1f17fae6-ef42-4b5f-b929-258c4df74eb0: nextIndex: updateUnconditionally 7 -> 6
2019-11-14 17:36:59,964 [ForkJoinPool.commonPool-worker-1] INFO  utils.BackgroundService (BackgroundService.java:shutdown(151)) - Shutting down service BlockDeletingService
2019-11-14 17:36:59,969 [ForkJoinPool.commonPool-worker-1] INFO  statemachine.DatanodeStateMachine (DatanodeStateMachine.java:stopDaemon(395)) - Ozone container server stopped.
2019-11-14 17:36:59,975 [ForkJoinPool.commonPool-worker-1] INFO  handler.ContextHandler (ContextHandler.java:doStop(910)) - Stopped o.e.j.w.WebAppContext@3408f695{/,null,UNAVAILABLE}{/hddsDatanode}
2019-11-14 17:36:59,976 [ForkJoinPool.commonPool-worker-1] INFO  server.AbstractConnector (AbstractConnector.java:doStop(318)) - Stopped ServerConnector@2b6a0ea9{HTTP/1.1,[http/1.1]}{0.0.0.0:0}
2019-11-14 17:36:59,978 [ForkJoinPool.commonPool-worker-1] INFO  handler.ContextHandler (ContextHandler.java:doStop(910)) - Stopped o.e.j.s.ServletContextHandler@66a5755{/static,jar:file:/home/user/.m2/repository/org/apache/hadoop/hadoop-hdds-container-service/0.5.0-SNAPSHOT/hadoop-hdds-container-service-0.5.0-SNAPSHOT.jar!/webapps/static,UNAVAILABLE}
2019-11-14 17:36:59,980 [ForkJoinPool.commonPool-worker-1] INFO  handler.ContextHandler (ContextHandler.java:doStop(910)) - Stopped o.e.j.s.ServletContextHandler@6a5e167a{/logs,file:///workdir/hadoop-ozone/integration-test/target/log,UNAVAILABLE}
2019-11-14 17:36:59,984 [0b8c2274-85ff-4b39-8671-ec8be5904baa@group-E7DF167351A9-StateMachineUpdater] INFO  ratis.ContainerStateMachine (ContainerStateMachine.java:takeSnapshot(296)) - group-E7DF167351A9: Finished taking a snapshot at:(t:3, i:6) file:/workdir/hadoop-ozone/integration-test/target/test-dir/MiniOzoneClusterImpl-22bbe08b-7feb-4e26-8434-b505ec12d921/datanode-6/data/ratis/95214e6b-bdf4-4946-b509-e7df167351a9/sm/snapshot.3_6 time:23
2019-11-14 17:36:59,984 [0b8c2274-85ff-4b39-8671-ec8be5904baa@group-E7DF167351A9-StateMachineUpdater] INFO  impl.StateMachineUpdater (StateMachineUpdater.java:takeSnapshot(269)) - 0b8c2274-85ff-4b39-8671-ec8be5904baa@group-E7DF167351A9-StateMachineUpdater: Took a snapshot at index 6
2019-11-14 17:36:59,984 [0b8c2274-85ff-4b39-8671-ec8be5904baa@group-E7DF167351A9-StateMachineUpdater] INFO  impl.StateMachineUpdater (StateMachineUpdater.java:lambda$new$0(84)) - 0b8c2274-85ff-4b39-8671-ec8be5904baa@group-E7DF167351A9-StateMachineUpdater: snapshotIndex: updateIncreasingly -1 -> 6
2019-11-14 17:36:59,985 [main] INFO  impl.RaftServerImpl (ServerState.java:close(387)) - 0b8c2274-85ff-4b39-8671-ec8be5904baa@group-E7DF167351A9: closes. applyIndex: 6
2019-11-14 17:36:59,985 [0b8c2274-85ff-4b39-8671-ec8be5904baa@group-E7DF167351A9-SegmentedRaftLogWorker] INFO  segmented.SegmentedRaftLogWorker (SegmentedRaftLogWorker.java:run(316)) - 0b8c2274-85ff-4b39-8671-ec8be5904baa@group-E7DF167351A9-SegmentedRaftLogWorker was interrupted, exiting. There are 0 tasks remaining in the queue.
2019-11-14 17:36:59,987 [main] INFO  segmented.SegmentedRaftLogWorker (SegmentedRaftLogWorker.java:close(224)) - 0b8c2274-85ff-4b39-8671-ec8be5904baa@group-E7DF167351A9-SegmentedRaftLogWorker close()
2019-11-14 17:36:59,988 [main] INFO  impl.RaftServerImpl (RaftServerImpl.java:lambda$shutdown$3(250)) - 0b8c2274-85ff-4b39-8671-ec8be5904baa@group-30F2EB78FEB1: shutdown
2019-11-14 17:36:59,989 [main] INFO  util.JmxRegister (JmxRegister.java:unregister(73)) - Successfully un-registered JMX Bean with object name Ratis:service=RaftServer,group=group-30F2EB78FEB1,id=0b8c2274-85ff-4b39-8671-ec8be5904baa
2019-11-14 17:36:59,989 [main] INFO  impl.RoleInfo (RoleInfo.java:shutdownLeaderState(104)) - 0b8c2274-85ff-4b39-8671-ec8be5904baa: shutdown LeaderState
2019-11-14 17:36:59,989 [main] INFO  impl.PendingRequests (PendingRequests.java:sendNotLeaderResponses(206)) - 0b8c2274-85ff-4b39-8671-ec8be5904baa@group-30F2EB78FEB1-PendingRequests: sendNotLeaderResponses
2019-11-14 17:36:59,990 [main] INFO  impl.StateMachineUpdater (StateMachineUpdater.java:stopAndJoin(136)) - 0b8c2274-85ff-4b39-8671-ec8be5904baa@group-30F2EB78FEB1-StateMachineUpdater: set stopIndex = 0
2019-11-14 17:36:59,990 [main] INFO  impl.RaftServerImpl (ServerState.java:close(387)) - 0b8c2274-85ff-4b39-8671-ec8be5904baa@group-30F2EB78FEB1: closes. applyIndex: 0
2019-11-14 17:36:59,991 [0b8c2274-85ff-4b39-8671-ec8be5904baa@group-30F2EB78FEB1-SegmentedRaftLogWorker] INFO  segmented.SegmentedRaftLogWorker (SegmentedRaftLogWorker.java:run(316)) - 0b8c2274-85ff-4b39-8671-ec8be5904baa@group-30F2EB78FEB1-SegmentedRaftLogWorker was interrupted, exiting. There are 0 tasks remaining in the queue.
2019-11-14 17:36:59,991 [main] INFO  segmented.SegmentedRaftLogWorker (SegmentedRaftLogWorker.java:close(224)) - 0b8c2274-85ff-4b39-8671-ec8be5904baa@group-30F2EB78FEB1-SegmentedRaftLogWorker close()
2019-11-14 17:36:59,993 [main] INFO  server.GrpcService (GrpcService.java:closeImpl(164)) - 0b8c2274-85ff-4b39-8671-ec8be5904baa: shutdown server with port 34392 now
2019-11-14 17:36:59,993 [main] INFO  server.GrpcService (GrpcService.java:closeImpl(172)) - 0b8c2274-85ff-4b39-8671-ec8be5904baa: shutdown server with port 34392 successfully
2019-11-14 17:36:59,998 [refreshUsed-/workdir/hadoop-ozone/integration-test/target/test-dir/MiniOzoneClusterImpl-22bbe08b-7feb-4e26-8434-b505ec12d921/datanode-6/data/containers] WARN  fs.CachingGetSpaceUsed (CachingGetSpaceUsed.java:run(183)) - Thread Interrupted waiting to refresh disk information: sleep interrupted
2019-11-14 17:37:00,008 [main] INFO  utils.BackgroundService (BackgroundService.java:shutdown(151)) - Shutting down service BlockDeletingService
2019-11-14 17:37:00,014 [main] INFO  statemachine.DatanodeStateMachine (DatanodeStateMachine.java:stopDaemon(395)) - Ozone container server stopped.
2019-11-14 17:37:00,015 [main] INFO  handler.ContextHandler (ContextHandler.java:doStop(910)) - Stopped o.e.j.w.WebAppContext@a6c54c3{/,null,UNAVAILABLE}{/hddsDatanode}
2019-11-14 17:37:00,017 [main] INFO  server.AbstractConnector (AbstractConnector.java:doStop(318)) - Stopped ServerConnector@580fd26b{HTTP/1.1,[http/1.1]}{0.0.0.0:0}
2019-11-14 17:37:00,017 [main] INFO  handler.ContextHandler (ContextHandler.java:doStop(910)) - Stopped o.e.j.s.ServletContextHandler@67b355c8{/static,jar:file:/home/user/.m2/repository/org/apache/hadoop/hadoop-hdds-container-service/0.5.0-SNAPSHOT/hadoop-hdds-container-service-0.5.0-SNAPSHOT.jar!/webapps/static,UNAVAILABLE}
2019-11-14 17:37:00,018 [main] INFO  handler.ContextHandler (ContextHandler.java:doStop(910)) - Stopped o.e.j.s.ServletContextHandler@79f90a3a{/logs,file:///workdir/hadoop-ozone/integration-test/target/log,UNAVAILABLE}
2019-11-14 17:37:00,087 [grpc-default-executor-3] WARN  server.GrpcLogAppender (LogUtils.java:warn(134)) - b2e3cdb6-e490-4d5b-a0a3-6f5ff6451210@group-7E7D5A9DDDD2->7dd38d19-97a5-42cf-8254-8fed67def3f2-AppendLogResponseHandler: Failed appendEntries: org.apache.ratis.thirdparty.io.grpc.StatusRuntimeException: UNAVAILABLE: io exception
2019-11-14 17:37:00,088 [grpc-default-executor-3] INFO  impl.FollowerInfo (FollowerInfo.java:lambda$new$0(51)) - b2e3cdb6-e490-4d5b-a0a3-6f5ff6451210@group-7E7D5A9DDDD2->7dd38d19-97a5-42cf-8254-8fed67def3f2: nextIndex: updateUnconditionally 0 -> 0
2019-11-14 17:37:00,235 [grpc-default-executor-4] WARN  server.GrpcLogAppender (LogUtils.java:warn(134)) - 785a1b68-bc50-461a-9c66-217454b39c0f@group-7B1089351A69->55ab2526-4f89-4bd2-9902-395461fa7031-AppendLogResponseHandler: Failed appendEntries: org.apache.ratis.thirdparty.io.grpc.StatusRuntimeException: UNAVAILABLE: io exception
2019-11-14 17:37:00,235 [grpc-default-executor-4] INFO  impl.FollowerInfo (FollowerInfo.java:lambda$new$0(51)) - 785a1b68-bc50-461a-9c66-217454b39c0f@group-7B1089351A69->55ab2526-4f89-4bd2-9902-395461fa7031: nextIndex: updateUnconditionally 0 -> 0
2019-11-14 17:37:00,442 [Datanode State Machine Thread - 0] INFO  statemachine.DatanodeStateMachine (DatanodeStateMachine.java:lambda$startDaemon$0(350)) - Ozone container server started.
2019-11-14 17:37:00,589 [grpc-default-executor-2] WARN  server.GrpcLogAppender (LogUtils.java:warn(134)) - b2e3cdb6-e490-4d5b-a0a3-6f5ff6451210@group-7E7D5A9DDDD2->7dd38d19-97a5-42cf-8254-8fed67def3f2-AppendLogResponseHandler: Failed appendEntries: org.apache.ratis.thirdparty.io.grpc.StatusRuntimeException: UNAVAILABLE: io exception
2019-11-14 17:37:00,589 [grpc-default-executor-2] INFO  impl.FollowerInfo (FollowerInfo.java:lambda$new$0(51)) - b2e3cdb6-e490-4d5b-a0a3-6f5ff6451210@group-7E7D5A9DDDD2->7dd38d19-97a5-42cf-8254-8fed67def3f2: nextIndex: updateUnconditionally 0 -> 0
2019-11-14 17:37:00,736 [grpc-default-executor-3] WARN  server.GrpcLogAppender (LogUtils.java:warn(134)) - 785a1b68-bc50-461a-9c66-217454b39c0f@group-7B1089351A69->55ab2526-4f89-4bd2-9902-395461fa7031-AppendLogResponseHandler: Failed appendEntries: org.apache.ratis.thirdparty.io.grpc.StatusRuntimeException: UNAVAILABLE: io exception
2019-11-14 17:37:00,736 [grpc-default-executor-3] INFO  impl.FollowerInfo (FollowerInfo.java:lambda$new$0(51)) - 785a1b68-bc50-461a-9c66-217454b39c0f@group-7B1089351A69->55ab2526-4f89-4bd2-9902-395461fa7031: nextIndex: updateUnconditionally 0 -> 0
2019-11-14 17:37:00,877 [Datanode State Machine Thread - 0] INFO  statemachine.DatanodeStateMachine (DatanodeStateMachine.java:lambda$startDaemon$0(350)) - Ozone container server started.
2019-11-14 17:37:01,089 [grpc-default-executor-4] WARN  server.GrpcLogAppender (LogUtils.java:warn(134)) - b2e3cdb6-e490-4d5b-a0a3-6f5ff6451210@group-7E7D5A9DDDD2->7dd38d19-97a5-42cf-8254-8fed67def3f2-AppendLogResponseHandler: Failed appendEntries: org.apache.ratis.thirdparty.io.grpc.StatusRuntimeException: UNAVAILABLE: io exception
2019-11-14 17:37:01,090 [grpc-default-executor-4] INFO  impl.FollowerInfo (FollowerInfo.java:lambda$new$0(51)) - b2e3cdb6-e490-4d5b-a0a3-6f5ff6451210@group-7E7D5A9DDDD2->7dd38d19-97a5-42cf-8254-8fed67def3f2: nextIndex: updateUnconditionally 0 -> 0
2019-11-14 17:37:01,237 [grpc-default-executor-2] WARN  server.GrpcLogAppender (LogUtils.java:warn(134)) - 785a1b68-bc50-461a-9c66-217454b39c0f@group-7B1089351A69->55ab2526-4f89-4bd2-9902-395461fa7031-AppendLogResponseHandler: Failed appendEntries: org.apache.ratis.thirdparty.io.grpc.StatusRuntimeException: UNAVAILABLE: io exception
2019-11-14 17:37:01,237 [grpc-default-executor-2] INFO  impl.FollowerInfo (FollowerInfo.java:lambda$new$0(51)) - 785a1b68-bc50-461a-9c66-217454b39c0f@group-7B1089351A69->55ab2526-4f89-4bd2-9902-395461fa7031: nextIndex: updateUnconditionally 0 -> 0
2019-11-14 17:37:01,489 [Thread-1398] INFO  impl.FollowerState (FollowerState.java:run(111)) - 1f17fae6-ef42-4b5f-b929-258c4df74eb0@group-E7DF167351A9-FollowerState: change to CANDIDATE, lastRpcTime:1667ms, electionTimeout:1113ms
2019-11-14 17:37:01,489 [Thread-1398] INFO  impl.RoleInfo (RoleInfo.java:shutdownFollowerState(121)) - 1f17fae6-ef42-4b5f-b929-258c4df74eb0: shutdown FollowerState
2019-11-14 17:37:01,489 [Thread-1398] INFO  impl.RaftServerImpl (RaftServerImpl.java:setRole(173)) - 1f17fae6-ef42-4b5f-b929-258c4df74eb0@group-E7DF167351A9: changes role from  FOLLOWER to CANDIDATE at term 3 for changeToCandidate
2019-11-14 17:37:01,489 [Thread-1398] INFO  impl.RoleInfo (RoleInfo.java:updateAndGet(143)) - 1f17fae6-ef42-4b5f-b929-258c4df74eb0: start LeaderElection
2019-11-14 17:37:01,491 [1f17fae6-ef42-4b5f-b929-258c4df74eb0@group-E7DF167351A9-LeaderElection85] INFO  impl.RaftServerImpl (ServerState.java:setLeader(255)) - 1f17fae6-ef42-4b5f-b929-258c4df74eb0@group-E7DF167351A9: change Leader from 0b8c2274-85ff-4b39-8671-ec8be5904baa to null at term 3 for initElection
2019-11-14 17:37:01,525 [1f17fae6-ef42-4b5f-b929-258c4df74eb0@group-E7DF167351A9-LeaderElection85] INFO  impl.LeaderElection (LeaderElection.java:askForVotes(178)) - 1f17fae6-ef42-4b5f-b929-258c4df74eb0@group-E7DF167351A9-LeaderElection85: begin an election at term 4 for 1: [1f17fae6-ef42-4b5f-b929-258c4df74eb0:192.168.157.194:44377, 0b8c2274-85ff-4b39-8671-ec8be5904baa:192.168.157.194:34392, c40a56fe-5273-466a-9f61-79febf43aa6a:192.168.157.194:45340], old=null
2019-11-14 17:37:01,528 [1f17fae6-ef42-4b5f-b929-258c4df74eb0@group-E7DF167351A9-LeaderElection85] INFO  impl.LeaderElection (LogUtils.java:infoOrTrace(149)) - 1f17fae6-ef42-4b5f-b929-258c4df74eb0@group-E7DF167351A9-LeaderElection85 got exception when requesting votes: {}
java.util.concurrent.ExecutionException: org.apache.ratis.thirdparty.io.grpc.StatusRuntimeException: UNAVAILABLE: io exception
	at java.util.concurrent.FutureTask.report(FutureTask.java:122)
	at java.util.concurrent.FutureTask.get(FutureTask.java:192)
	at org.apache.ratis.server.impl.LeaderElection.waitForResults(LeaderElection.java:259)
	at org.apache.ratis.server.impl.LeaderElection.askForVotes(LeaderElection.java:197)
	at org.apache.ratis.server.impl.LeaderElection.run(LeaderElection.java:133)
	at java.lang.Thread.run(Thread.java:748)
Caused by: org.apache.ratis.thirdparty.io.grpc.StatusRuntimeException: UNAVAILABLE: io exception
	at org.apache.ratis.thirdparty.io.grpc.stub.ClientCalls.toStatusRuntimeException(ClientCalls.java:233)
	at org.apache.ratis.thirdparty.io.grpc.stub.ClientCalls.getUnchecked(ClientCalls.java:214)
	at org.apache.ratis.thirdparty.io.grpc.stub.ClientCalls.blockingUnaryCall(ClientCalls.java:139)
	at org.apache.ratis.proto.grpc.RaftServerProtocolServiceGrpc$RaftServerProtocolServiceBlockingStub.requestVote(RaftServerProtocolServiceGrpc.java:265)
	at org.apache.ratis.grpc.server.GrpcServerProtocolClient.requestVote(GrpcServerProtocolClient.java:99)
	at org.apache.ratis.grpc.server.GrpcService.requestVote(GrpcService.java:204)
	at org.apache.ratis.server.impl.LeaderElection.lambda$submitRequests$1(LeaderElection.java:234)
	at java.util.concurrent.FutureTask.run(FutureTask.java:266)
	at java.util.concurrent.Executors$RunnableAdapter.call(Executors.java:511)
	at java.util.concurrent.FutureTask.run(FutureTask.java:266)
	at java.util.concurrent.ThreadPoolExecutor.runWorker(ThreadPoolExecutor.java:1149)
	at java.util.concurrent.ThreadPoolExecutor$Worker.run(ThreadPoolExecutor.java:624)
	... 1 more
Caused by: org.apache.ratis.thirdparty.io.netty.channel.AbstractChannel$AnnotatedConnectException: Connection refused: /192.168.157.194:34392
	at sun.nio.ch.SocketChannelImpl.checkConnect(Native Method)
	at sun.nio.ch.SocketChannelImpl.finishConnect(SocketChannelImpl.java:717)
	at org.apache.ratis.thirdparty.io.netty.channel.socket.nio.NioSocketChannel.doFinishConnect(NioSocketChannel.java:327)
	at org.apache.ratis.thirdparty.io.netty.channel.nio.AbstractNioChannel$AbstractNioUnsafe.finishConnect(AbstractNioChannel.java:340)
	at org.apache.ratis.thirdparty.io.netty.channel.nio.NioEventLoop.processSelectedKey(NioEventLoop.java:632)
	at org.apache.ratis.thirdparty.io.netty.channel.nio.NioEventLoop.processSelectedKeysOptimized(NioEventLoop.java:579)
	at org.apache.ratis.thirdparty.io.netty.channel.nio.NioEventLoop.processSelectedKeys(NioEventLoop.java:496)
	at org.apache.ratis.thirdparty.io.netty.channel.nio.NioEventLoop.run(NioEventLoop.java:458)
	at org.apache.ratis.thirdparty.io.netty.util.concurrent.SingleThreadEventExecutor$5.run(SingleThreadEventExecutor.java:897)
	at org.apache.ratis.thirdparty.io.netty.util.concurrent.FastThreadLocalRunnable.run(FastThreadLocalRunnable.java:30)
	... 1 more
Caused by: java.net.ConnectException: Connection refused
	... 11 more
2019-11-14 17:37:01,529 [1f17fae6-ef42-4b5f-b929-258c4df74eb0@group-E7DF167351A9-LeaderElection85] INFO  impl.LeaderElection (LogUtils.java:infoOrTrace(149)) - 1f17fae6-ef42-4b5f-b929-258c4df74eb0@group-E7DF167351A9-LeaderElection85 got exception when requesting votes: {}
java.util.concurrent.ExecutionException: org.apache.ratis.thirdparty.io.grpc.StatusRuntimeException: UNAVAILABLE: io exception
	at java.util.concurrent.FutureTask.report(FutureTask.java:122)
	at java.util.concurrent.FutureTask.get(FutureTask.java:192)
	at org.apache.ratis.server.impl.LeaderElection.waitForResults(LeaderElection.java:259)
	at org.apache.ratis.server.impl.LeaderElection.askForVotes(LeaderElection.java:197)
	at org.apache.ratis.server.impl.LeaderElection.run(LeaderElection.java:133)
	at java.lang.Thread.run(Thread.java:748)
Caused by: org.apache.ratis.thirdparty.io.grpc.StatusRuntimeException: UNAVAILABLE: io exception
	at org.apache.ratis.thirdparty.io.grpc.stub.ClientCalls.toStatusRuntimeException(ClientCalls.java:233)
	at org.apache.ratis.thirdparty.io.grpc.stub.ClientCalls.getUnchecked(ClientCalls.java:214)
	at org.apache.ratis.thirdparty.io.grpc.stub.ClientCalls.blockingUnaryCall(ClientCalls.java:139)
	at org.apache.ratis.proto.grpc.RaftServerProtocolServiceGrpc$RaftServerProtocolServiceBlockingStub.requestVote(RaftServerProtocolServiceGrpc.java:265)
	at org.apache.ratis.grpc.server.GrpcServerProtocolClient.requestVote(GrpcServerProtocolClient.java:99)
	at org.apache.ratis.grpc.server.GrpcService.requestVote(GrpcService.java:204)
	at org.apache.ratis.server.impl.LeaderElection.lambda$submitRequests$1(LeaderElection.java:234)
	at java.util.concurrent.FutureTask.run(FutureTask.java:266)
	at java.util.concurrent.Executors$RunnableAdapter.call(Executors.java:511)
	at java.util.concurrent.FutureTask.run(FutureTask.java:266)
	at java.util.concurrent.ThreadPoolExecutor.runWorker(ThreadPoolExecutor.java:1149)
	at java.util.concurrent.ThreadPoolExecutor$Worker.run(ThreadPoolExecutor.java:624)
	... 1 more
Caused by: org.apache.ratis.thirdparty.io.netty.channel.AbstractChannel$AnnotatedConnectException: Connection refused: /192.168.157.194:45340
	at sun.nio.ch.SocketChannelImpl.checkConnect(Native Method)
	at sun.nio.ch.SocketChannelImpl.finishConnect(SocketChannelImpl.java:717)
	at org.apache.ratis.thirdparty.io.netty.channel.socket.nio.NioSocketChannel.doFinishConnect(NioSocketChannel.java:327)
	at org.apache.ratis.thirdparty.io.netty.channel.nio.AbstractNioChannel$AbstractNioUnsafe.finishConnect(AbstractNioChannel.java:340)
	at org.apache.ratis.thirdparty.io.netty.channel.nio.NioEventLoop.processSelectedKey(NioEventLoop.java:632)
	at org.apache.ratis.thirdparty.io.netty.channel.nio.NioEventLoop.processSelectedKeysOptimized(NioEventLoop.java:579)
	at org.apache.ratis.thirdparty.io.netty.channel.nio.NioEventLoop.processSelectedKeys(NioEventLoop.java:496)
	at org.apache.ratis.thirdparty.io.netty.channel.nio.NioEventLoop.run(NioEventLoop.java:458)
	at org.apache.ratis.thirdparty.io.netty.util.concurrent.SingleThreadEventExecutor$5.run(SingleThreadEventExecutor.java:897)
	at org.apache.ratis.thirdparty.io.netty.util.concurrent.FastThreadLocalRunnable.run(FastThreadLocalRunnable.java:30)
	... 1 more
Caused by: java.net.ConnectException: Connection refused
	... 11 more
2019-11-14 17:37:01,529 [1f17fae6-ef42-4b5f-b929-258c4df74eb0@group-E7DF167351A9-LeaderElection85] INFO  impl.LeaderElection (LeaderElection.java:logAndReturn(56)) - 1f17fae6-ef42-4b5f-b929-258c4df74eb0@group-E7DF167351A9-LeaderElection85: Election REJECTED; received 0 response(s) [] and 2 exception(s); 1f17fae6-ef42-4b5f-b929-258c4df74eb0@group-E7DF167351A9:t4, leader=null, voted=1f17fae6-ef42-4b5f-b929-258c4df74eb0, raftlog=1f17fae6-ef42-4b5f-b929-258c4df74eb0@group-E7DF167351A9-SegmentedRaftLog:OPENED:c6,f6,i6, conf=1: [1f17fae6-ef42-4b5f-b929-258c4df74eb0:192.168.157.194:44377, 0b8c2274-85ff-4b39-8671-ec8be5904baa:192.168.157.194:34392, c40a56fe-5273-466a-9f61-79febf43aa6a:192.168.157.194:45340], old=null
2019-11-14 17:37:01,529 [1f17fae6-ef42-4b5f-b929-258c4df74eb0@group-E7DF167351A9-LeaderElection85] INFO  impl.LeaderElection (LogUtils.java:infoOrTrace(149)) -   Exception 0: {}
java.util.concurrent.ExecutionException: org.apache.ratis.thirdparty.io.grpc.StatusRuntimeException: UNAVAILABLE: io exception
	at java.util.concurrent.FutureTask.report(FutureTask.java:122)
	at java.util.concurrent.FutureTask.get(FutureTask.java:192)
	at org.apache.ratis.server.impl.LeaderElection.waitForResults(LeaderElection.java:259)
	at org.apache.ratis.server.impl.LeaderElection.askForVotes(LeaderElection.java:197)
	at org.apache.ratis.server.impl.LeaderElection.run(LeaderElection.java:133)
	at java.lang.Thread.run(Thread.java:748)
Caused by: org.apache.ratis.thirdparty.io.grpc.StatusRuntimeException: UNAVAILABLE: io exception
	at org.apache.ratis.thirdparty.io.grpc.stub.ClientCalls.toStatusRuntimeException(ClientCalls.java:233)
	at org.apache.ratis.thirdparty.io.grpc.stub.ClientCalls.getUnchecked(ClientCalls.java:214)
	at org.apache.ratis.thirdparty.io.grpc.stub.ClientCalls.blockingUnaryCall(ClientCalls.java:139)
	at org.apache.ratis.proto.grpc.RaftServerProtocolServiceGrpc$RaftServerProtocolServiceBlockingStub.requestVote(RaftServerProtocolServiceGrpc.java:265)
	at org.apache.ratis.grpc.server.GrpcServerProtocolClient.requestVote(GrpcServerProtocolClient.java:99)
	at org.apache.ratis.grpc.server.GrpcService.requestVote(GrpcService.java:204)
	at org.apache.ratis.server.impl.LeaderElection.lambda$submitRequests$1(LeaderElection.java:234)
	at java.util.concurrent.FutureTask.run(FutureTask.java:266)
	at java.util.concurrent.Executors$RunnableAdapter.call(Executors.java:511)
	at java.util.concurrent.FutureTask.run(FutureTask.java:266)
	at java.util.concurrent.ThreadPoolExecutor.runWorker(ThreadPoolExecutor.java:1149)
	at java.util.concurrent.ThreadPoolExecutor$Worker.run(ThreadPoolExecutor.java:624)
	... 1 more
Caused by: org.apache.ratis.thirdparty.io.netty.channel.AbstractChannel$AnnotatedConnectException: Connection refused: /192.168.157.194:34392
	at sun.nio.ch.SocketChannelImpl.checkConnect(Native Method)
	at sun.nio.ch.SocketChannelImpl.finishConnect(SocketChannelImpl.java:717)
	at org.apache.ratis.thirdparty.io.netty.channel.socket.nio.NioSocketChannel.doFinishConnect(NioSocketChannel.java:327)
	at org.apache.ratis.thirdparty.io.netty.channel.nio.AbstractNioChannel$AbstractNioUnsafe.finishConnect(AbstractNioChannel.java:340)
	at org.apache.ratis.thirdparty.io.netty.channel.nio.NioEventLoop.processSelectedKey(NioEventLoop.java:632)
	at org.apache.ratis.thirdparty.io.netty.channel.nio.NioEventLoop.processSelectedKeysOptimized(NioEventLoop.java:579)
	at org.apache.ratis.thirdparty.io.netty.channel.nio.NioEventLoop.processSelectedKeys(NioEventLoop.java:496)
	at org.apache.ratis.thirdparty.io.netty.channel.nio.NioEventLoop.run(NioEventLoop.java:458)
	at org.apache.ratis.thirdparty.io.netty.util.concurrent.SingleThreadEventExecutor$5.run(SingleThreadEventExecutor.java:897)
	at org.apache.ratis.thirdparty.io.netty.util.concurrent.FastThreadLocalRunnable.run(FastThreadLocalRunnable.java:30)
	... 1 more
Caused by: java.net.ConnectException: Connection refused
	... 11 more
2019-11-14 17:37:01,530 [1f17fae6-ef42-4b5f-b929-258c4df74eb0@group-E7DF167351A9-LeaderElection85] INFO  impl.LeaderElection (LogUtils.java:infoOrTrace(149)) -   Exception 1: {}
java.util.concurrent.ExecutionException: org.apache.ratis.thirdparty.io.grpc.StatusRuntimeException: UNAVAILABLE: io exception
	at java.util.concurrent.FutureTask.report(FutureTask.java:122)
	at java.util.concurrent.FutureTask.get(FutureTask.java:192)
	at org.apache.ratis.server.impl.LeaderElection.waitForResults(LeaderElection.java:259)
	at org.apache.ratis.server.impl.LeaderElection.askForVotes(LeaderElection.java:197)
	at org.apache.ratis.server.impl.LeaderElection.run(LeaderElection.java:133)
	at java.lang.Thread.run(Thread.java:748)
Caused by: org.apache.ratis.thirdparty.io.grpc.StatusRuntimeException: UNAVAILABLE: io exception
	at org.apache.ratis.thirdparty.io.grpc.stub.ClientCalls.toStatusRuntimeException(ClientCalls.java:233)
	at org.apache.ratis.thirdparty.io.grpc.stub.ClientCalls.getUnchecked(ClientCalls.java:214)
	at org.apache.ratis.thirdparty.io.grpc.stub.ClientCalls.blockingUnaryCall(ClientCalls.java:139)
	at org.apache.ratis.proto.grpc.RaftServerProtocolServiceGrpc$RaftServerProtocolServiceBlockingStub.requestVote(RaftServerProtocolServiceGrpc.java:265)
	at org.apache.ratis.grpc.server.GrpcServerProtocolClient.requestVote(GrpcServerProtocolClient.java:99)
	at org.apache.ratis.grpc.server.GrpcService.requestVote(GrpcService.java:204)
	at org.apache.ratis.server.impl.LeaderElection.lambda$submitRequests$1(LeaderElection.java:234)
	at java.util.concurrent.FutureTask.run(FutureTask.java:266)
	at java.util.concurrent.Executors$RunnableAdapter.call(Executors.java:511)
	at java.util.concurrent.FutureTask.run(FutureTask.java:266)
	at java.util.concurrent.ThreadPoolExecutor.runWorker(ThreadPoolExecutor.java:1149)
	at java.util.concurrent.ThreadPoolExecutor$Worker.run(ThreadPoolExecutor.java:624)
	... 1 more
Caused by: org.apache.ratis.thirdparty.io.netty.channel.AbstractChannel$AnnotatedConnectException: Connection refused: /192.168.157.194:45340
	at sun.nio.ch.SocketChannelImpl.checkConnect(Native Method)
	at sun.nio.ch.SocketChannelImpl.finishConnect(SocketChannelImpl.java:717)
	at org.apache.ratis.thirdparty.io.netty.channel.socket.nio.NioSocketChannel.doFinishConnect(NioSocketChannel.java:327)
	at org.apache.ratis.thirdparty.io.netty.channel.nio.AbstractNioChannel$AbstractNioUnsafe.finishConnect(AbstractNioChannel.java:340)
	at org.apache.ratis.thirdparty.io.netty.channel.nio.NioEventLoop.processSelectedKey(NioEventLoop.java:632)
	at org.apache.ratis.thirdparty.io.netty.channel.nio.NioEventLoop.processSelectedKeysOptimized(NioEventLoop.java:579)
	at org.apache.ratis.thirdparty.io.netty.channel.nio.NioEventLoop.processSelectedKeys(NioEventLoop.java:496)
	at org.apache.ratis.thirdparty.io.netty.channel.nio.NioEventLoop.run(NioEventLoop.java:458)
	at org.apache.ratis.thirdparty.io.netty.util.concurrent.SingleThreadEventExecutor$5.run(SingleThreadEventExecutor.java:897)
	at org.apache.ratis.thirdparty.io.netty.util.concurrent.FastThreadLocalRunnable.run(FastThreadLocalRunnable.java:30)
	... 1 more
Caused by: java.net.ConnectException: Connection refused
	... 11 more
2019-11-14 17:37:01,530 [1f17fae6-ef42-4b5f-b929-258c4df74eb0@group-E7DF167351A9-LeaderElection85] INFO  impl.RaftServerImpl (RaftServerImpl.java:setRole(173)) - 1f17fae6-ef42-4b5f-b929-258c4df74eb0@group-E7DF167351A9: changes role from CANDIDATE to FOLLOWER at term 4 for DISCOVERED_A_NEW_TERM
2019-11-14 17:37:01,530 [1f17fae6-ef42-4b5f-b929-258c4df74eb0@group-E7DF167351A9-LeaderElection85] INFO  impl.RoleInfo (RoleInfo.java:shutdownLeaderElection(134)) - 1f17fae6-ef42-4b5f-b929-258c4df74eb0: shutdown LeaderElection
2019-11-14 17:37:01,530 [1f17fae6-ef42-4b5f-b929-258c4df74eb0@group-E7DF167351A9-LeaderElection85] INFO  impl.RoleInfo (RoleInfo.java:updateAndGet(143)) - 1f17fae6-ef42-4b5f-b929-258c4df74eb0: start FollowerState
2019-11-14 17:37:01,590 [grpc-default-executor-3] WARN  server.GrpcLogAppender (LogUtils.java:warn(134)) - b2e3cdb6-e490-4d5b-a0a3-6f5ff6451210@group-7E7D5A9DDDD2->7dd38d19-97a5-42cf-8254-8fed67def3f2-AppendLogResponseHandler: Failed appendEntries: org.apache.ratis.thirdparty.io.grpc.StatusRuntimeException: UNAVAILABLE: io exception
2019-11-14 17:37:01,590 [grpc-default-executor-3] INFO  impl.FollowerInfo (FollowerInfo.java:lambda$new$0(51)) - b2e3cdb6-e490-4d5b-a0a3-6f5ff6451210@group-7E7D5A9DDDD2->7dd38d19-97a5-42cf-8254-8fed67def3f2: nextIndex: updateUnconditionally 0 -> 0
2019-11-14 17:37:01,737 [grpc-default-executor-2] WARN  server.GrpcLogAppender (LogUtils.java:warn(134)) - 785a1b68-bc50-461a-9c66-217454b39c0f@group-7B1089351A69->55ab2526-4f89-4bd2-9902-395461fa7031-AppendLogResponseHandler: Failed appendEntries: org.apache.ratis.thirdparty.io.grpc.StatusRuntimeException: UNAVAILABLE: io exception
2019-11-14 17:37:01,737 [grpc-default-executor-2] INFO  impl.FollowerInfo (FollowerInfo.java:lambda$new$0(51)) - 785a1b68-bc50-461a-9c66-217454b39c0f@group-7B1089351A69->55ab2526-4f89-4bd2-9902-395461fa7031: nextIndex: updateUnconditionally 0 -> 0
2019-11-14 17:37:02,090 [grpc-default-executor-3] WARN  server.GrpcLogAppender (LogUtils.java:warn(134)) - b2e3cdb6-e490-4d5b-a0a3-6f5ff6451210@group-7E7D5A9DDDD2->7dd38d19-97a5-42cf-8254-8fed67def3f2-AppendLogResponseHandler: Failed appendEntries: org.apache.ratis.thirdparty.io.grpc.StatusRuntimeException: UNAVAILABLE: io exception
2019-11-14 17:37:02,091 [grpc-default-executor-3] INFO  impl.FollowerInfo (FollowerInfo.java:lambda$new$0(51)) - b2e3cdb6-e490-4d5b-a0a3-6f5ff6451210@group-7E7D5A9DDDD2->7dd38d19-97a5-42cf-8254-8fed67def3f2: nextIndex: updateUnconditionally 0 -> 0
2019-11-14 17:37:02,240 [grpc-default-executor-4] WARN  server.GrpcLogAppender (LogUtils.java:warn(134)) - 785a1b68-bc50-461a-9c66-217454b39c0f@group-7B1089351A69->55ab2526-4f89-4bd2-9902-395461fa7031-AppendLogResponseHandler: Failed appendEntries: org.apache.ratis.thirdparty.io.grpc.StatusRuntimeException: UNAVAILABLE: io exception
2019-11-14 17:37:02,240 [grpc-default-executor-4] INFO  impl.FollowerInfo (FollowerInfo.java:lambda$new$0(51)) - 785a1b68-bc50-461a-9c66-217454b39c0f@group-7B1089351A69->55ab2526-4f89-4bd2-9902-395461fa7031: nextIndex: updateUnconditionally 0 -> 0
2019-11-14 17:37:02,591 [grpc-default-executor-2] WARN  server.GrpcLogAppender (LogUtils.java:warn(134)) - b2e3cdb6-e490-4d5b-a0a3-6f5ff6451210@group-7E7D5A9DDDD2->7dd38d19-97a5-42cf-8254-8fed67def3f2-AppendLogResponseHandler: Failed appendEntries: org.apache.ratis.thirdparty.io.grpc.StatusRuntimeException: UNAVAILABLE: io exception
2019-11-14 17:37:02,591 [grpc-default-executor-2] INFO  impl.FollowerInfo (FollowerInfo.java:lambda$new$0(51)) - b2e3cdb6-e490-4d5b-a0a3-6f5ff6451210@group-7E7D5A9DDDD2->7dd38d19-97a5-42cf-8254-8fed67def3f2: nextIndex: updateUnconditionally 0 -> 0
2019-11-14 17:37:02,623 [Thread-1632] INFO  impl.FollowerState (FollowerState.java:run(111)) - 1f17fae6-ef42-4b5f-b929-258c4df74eb0@group-E7DF167351A9-FollowerState: change to CANDIDATE, lastRpcTime:1092ms, electionTimeout:1092ms
2019-11-14 17:37:02,623 [Thread-1632] INFO  impl.RoleInfo (RoleInfo.java:shutdownFollowerState(121)) - 1f17fae6-ef42-4b5f-b929-258c4df74eb0: shutdown FollowerState
2019-11-14 17:37:02,623 [Thread-1632] INFO  impl.RaftServerImpl (RaftServerImpl.java:setRole(173)) - 1f17fae6-ef42-4b5f-b929-258c4df74eb0@group-E7DF167351A9: changes role from  FOLLOWER to CANDIDATE at term 4 for changeToCandidate
2019-11-14 17:37:02,623 [Thread-1632] INFO  impl.RoleInfo (RoleInfo.java:updateAndGet(143)) - 1f17fae6-ef42-4b5f-b929-258c4df74eb0: start LeaderElection
2019-11-14 17:37:02,647 [1f17fae6-ef42-4b5f-b929-258c4df74eb0@group-E7DF167351A9-LeaderElection86] INFO  impl.LeaderElection (LeaderElection.java:askForVotes(178)) - 1f17fae6-ef42-4b5f-b929-258c4df74eb0@group-E7DF167351A9-LeaderElection86: begin an election at term 5 for 1: [1f17fae6-ef42-4b5f-b929-258c4df74eb0:192.168.157.194:44377, 0b8c2274-85ff-4b39-8671-ec8be5904baa:192.168.157.194:34392, c40a56fe-5273-466a-9f61-79febf43aa6a:192.168.157.194:45340], old=null
2019-11-14 17:37:02,648 [1f17fae6-ef42-4b5f-b929-258c4df74eb0@group-E7DF167351A9-LeaderElection86] INFO  impl.LeaderElection (LogUtils.java:infoOrTrace(149)) - 1f17fae6-ef42-4b5f-b929-258c4df74eb0@group-E7DF167351A9-LeaderElection86 got exception when requesting votes: {}
java.util.concurrent.ExecutionException: org.apache.ratis.thirdparty.io.grpc.StatusRuntimeException: UNAVAILABLE: io exception
	at java.util.concurrent.FutureTask.report(FutureTask.java:122)
	at java.util.concurrent.FutureTask.get(FutureTask.java:192)
	at org.apache.ratis.server.impl.LeaderElection.waitForResults(LeaderElection.java:259)
	at org.apache.ratis.server.impl.LeaderElection.askForVotes(LeaderElection.java:197)
	at org.apache.ratis.server.impl.LeaderElection.run(LeaderElection.java:133)
	at java.lang.Thread.run(Thread.java:748)
Caused by: org.apache.ratis.thirdparty.io.grpc.StatusRuntimeException: UNAVAILABLE: io exception
	at org.apache.ratis.thirdparty.io.grpc.stub.ClientCalls.toStatusRuntimeException(ClientCalls.java:233)
	at org.apache.ratis.thirdparty.io.grpc.stub.ClientCalls.getUnchecked(ClientCalls.java:214)
	at org.apache.ratis.thirdparty.io.grpc.stub.ClientCalls.blockingUnaryCall(ClientCalls.java:139)
	at org.apache.ratis.proto.grpc.RaftServerProtocolServiceGrpc$RaftServerProtocolServiceBlockingStub.requestVote(RaftServerProtocolServiceGrpc.java:265)
	at org.apache.ratis.grpc.server.GrpcServerProtocolClient.requestVote(GrpcServerProtocolClient.java:99)
	at org.apache.ratis.grpc.server.GrpcService.requestVote(GrpcService.java:204)
	at org.apache.ratis.server.impl.LeaderElection.lambda$submitRequests$1(LeaderElection.java:234)
	at java.util.concurrent.FutureTask.run(FutureTask.java:266)
	at java.util.concurrent.Executors$RunnableAdapter.call(Executors.java:511)
	at java.util.concurrent.FutureTask.run(FutureTask.java:266)
	at java.util.concurrent.ThreadPoolExecutor.runWorker(ThreadPoolExecutor.java:1149)
	at java.util.concurrent.ThreadPoolExecutor$Worker.run(ThreadPoolExecutor.java:624)
	... 1 more
Caused by: org.apache.ratis.thirdparty.io.netty.channel.AbstractChannel$AnnotatedConnectException: Connection refused: /192.168.157.194:34392
	at sun.nio.ch.SocketChannelImpl.checkConnect(Native Method)
	at sun.nio.ch.SocketChannelImpl.finishConnect(SocketChannelImpl.java:717)
	at org.apache.ratis.thirdparty.io.netty.channel.socket.nio.NioSocketChannel.doFinishConnect(NioSocketChannel.java:327)
	at org.apache.ratis.thirdparty.io.netty.channel.nio.AbstractNioChannel$AbstractNioUnsafe.finishConnect(AbstractNioChannel.java:340)
	at org.apache.ratis.thirdparty.io.netty.channel.nio.NioEventLoop.processSelectedKey(NioEventLoop.java:632)
	at org.apache.ratis.thirdparty.io.netty.channel.nio.NioEventLoop.processSelectedKeysOptimized(NioEventLoop.java:579)
	at org.apache.ratis.thirdparty.io.netty.channel.nio.NioEventLoop.processSelectedKeys(NioEventLoop.java:496)
	at org.apache.ratis.thirdparty.io.netty.channel.nio.NioEventLoop.run(NioEventLoop.java:458)
	at org.apache.ratis.thirdparty.io.netty.util.concurrent.SingleThreadEventExecutor$5.run(SingleThreadEventExecutor.java:897)
	at org.apache.ratis.thirdparty.io.netty.util.concurrent.FastThreadLocalRunnable.run(FastThreadLocalRunnable.java:30)
	... 1 more
Caused by: java.net.ConnectException: Connection refused
	... 11 more
2019-11-14 17:37:02,649 [1f17fae6-ef42-4b5f-b929-258c4df74eb0@group-E7DF167351A9-LeaderElection86] INFO  impl.LeaderElection (LogUtils.java:infoOrTrace(149)) - 1f17fae6-ef42-4b5f-b929-258c4df74eb0@group-E7DF167351A9-LeaderElection86 got exception when requesting votes: {}
java.util.concurrent.ExecutionException: org.apache.ratis.thirdparty.io.grpc.StatusRuntimeException: UNAVAILABLE: io exception
	at java.util.concurrent.FutureTask.report(FutureTask.java:122)
	at java.util.concurrent.FutureTask.get(FutureTask.java:192)
	at org.apache.ratis.server.impl.LeaderElection.waitForResults(LeaderElection.java:259)
	at org.apache.ratis.server.impl.LeaderElection.askForVotes(LeaderElection.java:197)
	at org.apache.ratis.server.impl.LeaderElection.run(LeaderElection.java:133)
	at java.lang.Thread.run(Thread.java:748)
Caused by: org.apache.ratis.thirdparty.io.grpc.StatusRuntimeException: UNAVAILABLE: io exception
	at org.apache.ratis.thirdparty.io.grpc.stub.ClientCalls.toStatusRuntimeException(ClientCalls.java:233)
	at org.apache.ratis.thirdparty.io.grpc.stub.ClientCalls.getUnchecked(ClientCalls.java:214)
	at org.apache.ratis.thirdparty.io.grpc.stub.ClientCalls.blockingUnaryCall(ClientCalls.java:139)
	at org.apache.ratis.proto.grpc.RaftServerProtocolServiceGrpc$RaftServerProtocolServiceBlockingStub.requestVote(RaftServerProtocolServiceGrpc.java:265)
	at org.apache.ratis.grpc.server.GrpcServerProtocolClient.requestVote(GrpcServerProtocolClient.java:99)
	at org.apache.ratis.grpc.server.GrpcService.requestVote(GrpcService.java:204)
	at org.apache.ratis.server.impl.LeaderElection.lambda$submitRequests$1(LeaderElection.java:234)
	at java.util.concurrent.FutureTask.run(FutureTask.java:266)
	at java.util.concurrent.Executors$RunnableAdapter.call(Executors.java:511)
	at java.util.concurrent.FutureTask.run(FutureTask.java:266)
	at java.util.concurrent.ThreadPoolExecutor.runWorker(ThreadPoolExecutor.java:1149)
	at java.util.concurrent.ThreadPoolExecutor$Worker.run(ThreadPoolExecutor.java:624)
	... 1 more
Caused by: org.apache.ratis.thirdparty.io.netty.channel.AbstractChannel$AnnotatedConnectException: Connection refused: /192.168.157.194:45340
	at sun.nio.ch.SocketChannelImpl.checkConnect(Native Method)
	at sun.nio.ch.SocketChannelImpl.finishConnect(SocketChannelImpl.java:717)
	at org.apache.ratis.thirdparty.io.netty.channel.socket.nio.NioSocketChannel.doFinishConnect(NioSocketChannel.java:327)
	at org.apache.ratis.thirdparty.io.netty.channel.nio.AbstractNioChannel$AbstractNioUnsafe.finishConnect(AbstractNioChannel.java:340)
	at org.apache.ratis.thirdparty.io.netty.channel.nio.NioEventLoop.processSelectedKey(NioEventLoop.java:632)
	at org.apache.ratis.thirdparty.io.netty.channel.nio.NioEventLoop.processSelectedKeysOptimized(NioEventLoop.java:579)
	at org.apache.ratis.thirdparty.io.netty.channel.nio.NioEventLoop.processSelectedKeys(NioEventLoop.java:496)
	at org.apache.ratis.thirdparty.io.netty.channel.nio.NioEventLoop.run(NioEventLoop.java:458)
	at org.apache.ratis.thirdparty.io.netty.util.concurrent.SingleThreadEventExecutor$5.run(SingleThreadEventExecutor.java:897)
	at org.apache.ratis.thirdparty.io.netty.util.concurrent.FastThreadLocalRunnable.run(FastThreadLocalRunnable.java:30)
	... 1 more
Caused by: java.net.ConnectException: Connection refused
	... 11 more
2019-11-14 17:37:02,649 [1f17fae6-ef42-4b5f-b929-258c4df74eb0@group-E7DF167351A9-LeaderElection86] INFO  impl.LeaderElection (LeaderElection.java:logAndReturn(56)) - 1f17fae6-ef42-4b5f-b929-258c4df74eb0@group-E7DF167351A9-LeaderElection86: Election REJECTED; received 0 response(s) [] and 2 exception(s); 1f17fae6-ef42-4b5f-b929-258c4df74eb0@group-E7DF167351A9:t5, leader=null, voted=1f17fae6-ef42-4b5f-b929-258c4df74eb0, raftlog=1f17fae6-ef42-4b5f-b929-258c4df74eb0@group-E7DF167351A9-SegmentedRaftLog:OPENED:c6,f6,i6, conf=1: [1f17fae6-ef42-4b5f-b929-258c4df74eb0:192.168.157.194:44377, 0b8c2274-85ff-4b39-8671-ec8be5904baa:192.168.157.194:34392, c40a56fe-5273-466a-9f61-79febf43aa6a:192.168.157.194:45340], old=null
2019-11-14 17:37:02,649 [1f17fae6-ef42-4b5f-b929-258c4df74eb0@group-E7DF167351A9-LeaderElection86] INFO  impl.LeaderElection (LogUtils.java:infoOrTrace(149)) -   Exception 0: {}
java.util.concurrent.ExecutionException: org.apache.ratis.thirdparty.io.grpc.StatusRuntimeException: UNAVAILABLE: io exception
	at java.util.concurrent.FutureTask.report(FutureTask.java:122)
	at java.util.concurrent.FutureTask.get(FutureTask.java:192)
	at org.apache.ratis.server.impl.LeaderElection.waitForResults(LeaderElection.java:259)
	at org.apache.ratis.server.impl.LeaderElection.askForVotes(LeaderElection.java:197)
	at org.apache.ratis.server.impl.LeaderElection.run(LeaderElection.java:133)
	at java.lang.Thread.run(Thread.java:748)
Caused by: org.apache.ratis.thirdparty.io.grpc.StatusRuntimeException: UNAVAILABLE: io exception
	at org.apache.ratis.thirdparty.io.grpc.stub.ClientCalls.toStatusRuntimeException(ClientCalls.java:233)
	at org.apache.ratis.thirdparty.io.grpc.stub.ClientCalls.getUnchecked(ClientCalls.java:214)
	at org.apache.ratis.thirdparty.io.grpc.stub.ClientCalls.blockingUnaryCall(ClientCalls.java:139)
	at org.apache.ratis.proto.grpc.RaftServerProtocolServiceGrpc$RaftServerProtocolServiceBlockingStub.requestVote(RaftServerProtocolServiceGrpc.java:265)
	at org.apache.ratis.grpc.server.GrpcServerProtocolClient.requestVote(GrpcServerProtocolClient.java:99)
	at org.apache.ratis.grpc.server.GrpcService.requestVote(GrpcService.java:204)
	at org.apache.ratis.server.impl.LeaderElection.lambda$submitRequests$1(LeaderElection.java:234)
	at java.util.concurrent.FutureTask.run(FutureTask.java:266)
	at java.util.concurrent.Executors$RunnableAdapter.call(Executors.java:511)
	at java.util.concurrent.FutureTask.run(FutureTask.java:266)
	at java.util.concurrent.ThreadPoolExecutor.runWorker(ThreadPoolExecutor.java:1149)
	at java.util.concurrent.ThreadPoolExecutor$Worker.run(ThreadPoolExecutor.java:624)
	... 1 more
Caused by: org.apache.ratis.thirdparty.io.netty.channel.AbstractChannel$AnnotatedConnectException: Connection refused: /192.168.157.194:34392
	at sun.nio.ch.SocketChannelImpl.checkConnect(Native Method)
	at sun.nio.ch.SocketChannelImpl.finishConnect(SocketChannelImpl.java:717)
	at org.apache.ratis.thirdparty.io.netty.channel.socket.nio.NioSocketChannel.doFinishConnect(NioSocketChannel.java:327)
	at org.apache.ratis.thirdparty.io.netty.channel.nio.AbstractNioChannel$AbstractNioUnsafe.finishConnect(AbstractNioChannel.java:340)
	at org.apache.ratis.thirdparty.io.netty.channel.nio.NioEventLoop.processSelectedKey(NioEventLoop.java:632)
	at org.apache.ratis.thirdparty.io.netty.channel.nio.NioEventLoop.processSelectedKeysOptimized(NioEventLoop.java:579)
	at org.apache.ratis.thirdparty.io.netty.channel.nio.NioEventLoop.processSelectedKeys(NioEventLoop.java:496)
	at org.apache.ratis.thirdparty.io.netty.channel.nio.NioEventLoop.run(NioEventLoop.java:458)
	at org.apache.ratis.thirdparty.io.netty.util.concurrent.SingleThreadEventExecutor$5.run(SingleThreadEventExecutor.java:897)
	at org.apache.ratis.thirdparty.io.netty.util.concurrent.FastThreadLocalRunnable.run(FastThreadLocalRunnable.java:30)
	... 1 more
Caused by: java.net.ConnectException: Connection refused
	... 11 more
2019-11-14 17:37:02,649 [1f17fae6-ef42-4b5f-b929-258c4df74eb0@group-E7DF167351A9-LeaderElection86] INFO  impl.LeaderElection (LogUtils.java:infoOrTrace(149)) -   Exception 1: {}
java.util.concurrent.ExecutionException: org.apache.ratis.thirdparty.io.grpc.StatusRuntimeException: UNAVAILABLE: io exception
	at java.util.concurrent.FutureTask.report(FutureTask.java:122)
	at java.util.concurrent.FutureTask.get(FutureTask.java:192)
	at org.apache.ratis.server.impl.LeaderElection.waitForResults(LeaderElection.java:259)
	at org.apache.ratis.server.impl.LeaderElection.askForVotes(LeaderElection.java:197)
	at org.apache.ratis.server.impl.LeaderElection.run(LeaderElection.java:133)
	at java.lang.Thread.run(Thread.java:748)
Caused by: org.apache.ratis.thirdparty.io.grpc.StatusRuntimeException: UNAVAILABLE: io exception
	at org.apache.ratis.thirdparty.io.grpc.stub.ClientCalls.toStatusRuntimeException(ClientCalls.java:233)
	at org.apache.ratis.thirdparty.io.grpc.stub.ClientCalls.getUnchecked(ClientCalls.java:214)
	at org.apache.ratis.thirdparty.io.grpc.stub.ClientCalls.blockingUnaryCall(ClientCalls.java:139)
	at org.apache.ratis.proto.grpc.RaftServerProtocolServiceGrpc$RaftServerProtocolServiceBlockingStub.requestVote(RaftServerProtocolServiceGrpc.java:265)
	at org.apache.ratis.grpc.server.GrpcServerProtocolClient.requestVote(GrpcServerProtocolClient.java:99)
	at org.apache.ratis.grpc.server.GrpcService.requestVote(GrpcService.java:204)
	at org.apache.ratis.server.impl.LeaderElection.lambda$submitRequests$1(LeaderElection.java:234)
	at java.util.concurrent.FutureTask.run(FutureTask.java:266)
	at java.util.concurrent.Executors$RunnableAdapter.call(Executors.java:511)
	at java.util.concurrent.FutureTask.run(FutureTask.java:266)
	at java.util.concurrent.ThreadPoolExecutor.runWorker(ThreadPoolExecutor.java:1149)
	at java.util.concurrent.ThreadPoolExecutor$Worker.run(ThreadPoolExecutor.java:624)
	... 1 more
Caused by: org.apache.ratis.thirdparty.io.netty.channel.AbstractChannel$AnnotatedConnectException: Connection refused: /192.168.157.194:45340
	at sun.nio.ch.SocketChannelImpl.checkConnect(Native Method)
	at sun.nio.ch.SocketChannelImpl.finishConnect(SocketChannelImpl.java:717)
	at org.apache.ratis.thirdparty.io.netty.channel.socket.nio.NioSocketChannel.doFinishConnect(NioSocketChannel.java:327)
	at org.apache.ratis.thirdparty.io.netty.channel.nio.AbstractNioChannel$AbstractNioUnsafe.finishConnect(AbstractNioChannel.java:340)
	at org.apache.ratis.thirdparty.io.netty.channel.nio.NioEventLoop.processSelectedKey(NioEventLoop.java:632)
	at org.apache.ratis.thirdparty.io.netty.channel.nio.NioEventLoop.processSelectedKeysOptimized(NioEventLoop.java:579)
	at org.apache.ratis.thirdparty.io.netty.channel.nio.NioEventLoop.processSelectedKeys(NioEventLoop.java:496)
	at org.apache.ratis.thirdparty.io.netty.channel.nio.NioEventLoop.run(NioEventLoop.java:458)
	at org.apache.ratis.thirdparty.io.netty.util.concurrent.SingleThreadEventExecutor$5.run(SingleThreadEventExecutor.java:897)
	at org.apache.ratis.thirdparty.io.netty.util.concurrent.FastThreadLocalRunnable.run(FastThreadLocalRunnable.java:30)
	... 1 more
Caused by: java.net.ConnectException: Connection refused
	... 11 more
2019-11-14 17:37:02,650 [1f17fae6-ef42-4b5f-b929-258c4df74eb0@group-E7DF167351A9-LeaderElection86] INFO  impl.RaftServerImpl (RaftServerImpl.java:setRole(173)) - 1f17fae6-ef42-4b5f-b929-258c4df74eb0@group-E7DF167351A9: changes role from CANDIDATE to FOLLOWER at term 5 for DISCOVERED_A_NEW_TERM
2019-11-14 17:37:02,650 [1f17fae6-ef42-4b5f-b929-258c4df74eb0@group-E7DF167351A9-LeaderElection86] INFO  impl.RoleInfo (RoleInfo.java:shutdownLeaderElection(134)) - 1f17fae6-ef42-4b5f-b929-258c4df74eb0: shutdown LeaderElection
2019-11-14 17:37:02,650 [1f17fae6-ef42-4b5f-b929-258c4df74eb0@group-E7DF167351A9-LeaderElection86] INFO  impl.RoleInfo (RoleInfo.java:updateAndGet(143)) - 1f17fae6-ef42-4b5f-b929-258c4df74eb0: start FollowerState
2019-11-14 17:37:02,739 [grpc-default-executor-3] WARN  server.GrpcLogAppender (LogUtils.java:warn(134)) - 785a1b68-bc50-461a-9c66-217454b39c0f@group-7B1089351A69->55ab2526-4f89-4bd2-9902-395461fa7031-AppendLogResponseHandler: Failed appendEntries: org.apache.ratis.thirdparty.io.grpc.StatusRuntimeException: UNAVAILABLE: io exception
2019-11-14 17:37:02,740 [grpc-default-executor-3] INFO  impl.FollowerInfo (FollowerInfo.java:lambda$new$0(51)) - 785a1b68-bc50-461a-9c66-217454b39c0f@group-7B1089351A69->55ab2526-4f89-4bd2-9902-395461fa7031: nextIndex: updateUnconditionally 0 -> 0
2019-11-14 17:37:03,092 [grpc-default-executor-3] WARN  server.GrpcLogAppender (LogUtils.java:warn(134)) - b2e3cdb6-e490-4d5b-a0a3-6f5ff6451210@group-7E7D5A9DDDD2->7dd38d19-97a5-42cf-8254-8fed67def3f2-AppendLogResponseHandler: Failed appendEntries: org.apache.ratis.thirdparty.io.grpc.StatusRuntimeException: UNAVAILABLE: io exception
2019-11-14 17:37:03,093 [grpc-default-executor-3] INFO  impl.FollowerInfo (FollowerInfo.java:lambda$new$0(51)) - b2e3cdb6-e490-4d5b-a0a3-6f5ff6451210@group-7E7D5A9DDDD2->7dd38d19-97a5-42cf-8254-8fed67def3f2: nextIndex: updateUnconditionally 0 -> 0
2019-11-14 17:37:03,240 [grpc-default-executor-4] WARN  server.GrpcLogAppender (LogUtils.java:warn(134)) - 785a1b68-bc50-461a-9c66-217454b39c0f@group-7B1089351A69->55ab2526-4f89-4bd2-9902-395461fa7031-AppendLogResponseHandler: Failed appendEntries: org.apache.ratis.thirdparty.io.grpc.StatusRuntimeException: UNAVAILABLE: io exception
2019-11-14 17:37:03,240 [grpc-default-executor-4] INFO  impl.FollowerInfo (FollowerInfo.java:lambda$new$0(51)) - 785a1b68-bc50-461a-9c66-217454b39c0f@group-7B1089351A69->55ab2526-4f89-4bd2-9902-395461fa7031: nextIndex: updateUnconditionally 0 -> 0
2019-11-14 17:37:03,594 [grpc-default-executor-2] WARN  server.GrpcLogAppender (LogUtils.java:warn(134)) - b2e3cdb6-e490-4d5b-a0a3-6f5ff6451210@group-7E7D5A9DDDD2->7dd38d19-97a5-42cf-8254-8fed67def3f2-AppendLogResponseHandler: Failed appendEntries: org.apache.ratis.thirdparty.io.grpc.StatusRuntimeException: UNAVAILABLE: io exception
2019-11-14 17:37:03,594 [grpc-default-executor-2] INFO  impl.FollowerInfo (FollowerInfo.java:lambda$new$0(51)) - b2e3cdb6-e490-4d5b-a0a3-6f5ff6451210@group-7E7D5A9DDDD2->7dd38d19-97a5-42cf-8254-8fed67def3f2: nextIndex: updateUnconditionally 0 -> 0
2019-11-14 17:37:03,742 [grpc-default-executor-2] WARN  server.GrpcLogAppender (LogUtils.java:warn(134)) - 785a1b68-bc50-461a-9c66-217454b39c0f@group-7B1089351A69->55ab2526-4f89-4bd2-9902-395461fa7031-AppendLogResponseHandler: Failed appendEntries: org.apache.ratis.thirdparty.io.grpc.StatusRuntimeException: UNAVAILABLE: io exception
2019-11-14 17:37:03,742 [grpc-default-executor-2] INFO  impl.FollowerInfo (FollowerInfo.java:lambda$new$0(51)) - 785a1b68-bc50-461a-9c66-217454b39c0f@group-7B1089351A69->55ab2526-4f89-4bd2-9902-395461fa7031: nextIndex: updateUnconditionally 0 -> 0
2019-11-14 17:37:03,850 [Thread-1641] INFO  impl.FollowerState (FollowerState.java:run(111)) - 1f17fae6-ef42-4b5f-b929-258c4df74eb0@group-E7DF167351A9-FollowerState: change to CANDIDATE, lastRpcTime:1199ms, electionTimeout:1199ms
2019-11-14 17:37:03,850 [Thread-1641] INFO  impl.RoleInfo (RoleInfo.java:shutdownFollowerState(121)) - 1f17fae6-ef42-4b5f-b929-258c4df74eb0: shutdown FollowerState
2019-11-14 17:37:03,850 [Thread-1641] INFO  impl.RaftServerImpl (RaftServerImpl.java:setRole(173)) - 1f17fae6-ef42-4b5f-b929-258c4df74eb0@group-E7DF167351A9: changes role from  FOLLOWER to CANDIDATE at term 5 for changeToCandidate
2019-11-14 17:37:03,850 [Thread-1641] INFO  impl.RoleInfo (RoleInfo.java:updateAndGet(143)) - 1f17fae6-ef42-4b5f-b929-258c4df74eb0: start LeaderElection
2019-11-14 17:37:03,875 [1f17fae6-ef42-4b5f-b929-258c4df74eb0@group-E7DF167351A9-LeaderElection87] INFO  impl.LeaderElection (LeaderElection.java:askForVotes(178)) - 1f17fae6-ef42-4b5f-b929-258c4df74eb0@group-E7DF167351A9-LeaderElection87: begin an election at term 6 for 1: [1f17fae6-ef42-4b5f-b929-258c4df74eb0:192.168.157.194:44377, 0b8c2274-85ff-4b39-8671-ec8be5904baa:192.168.157.194:34392, c40a56fe-5273-466a-9f61-79febf43aa6a:192.168.157.194:45340], old=null
2019-11-14 17:37:03,876 [1f17fae6-ef42-4b5f-b929-258c4df74eb0@group-E7DF167351A9-LeaderElection87] INFO  impl.LeaderElection (LogUtils.java:infoOrTrace(149)) - 1f17fae6-ef42-4b5f-b929-258c4df74eb0@group-E7DF167351A9-LeaderElection87 got exception when requesting votes: {}
java.util.concurrent.ExecutionException: org.apache.ratis.thirdparty.io.grpc.StatusRuntimeException: UNAVAILABLE: io exception
	at java.util.concurrent.FutureTask.report(FutureTask.java:122)
	at java.util.concurrent.FutureTask.get(FutureTask.java:192)
	at org.apache.ratis.server.impl.LeaderElection.waitForResults(LeaderElection.java:259)
	at org.apache.ratis.server.impl.LeaderElection.askForVotes(LeaderElection.java:197)
	at org.apache.ratis.server.impl.LeaderElection.run(LeaderElection.java:133)
	at java.lang.Thread.run(Thread.java:748)
Caused by: org.apache.ratis.thirdparty.io.grpc.StatusRuntimeException: UNAVAILABLE: io exception
	at org.apache.ratis.thirdparty.io.grpc.stub.ClientCalls.toStatusRuntimeException(ClientCalls.java:233)
	at org.apache.ratis.thirdparty.io.grpc.stub.ClientCalls.getUnchecked(ClientCalls.java:214)
	at org.apache.ratis.thirdparty.io.grpc.stub.ClientCalls.blockingUnaryCall(ClientCalls.java:139)
	at org.apache.ratis.proto.grpc.RaftServerProtocolServiceGrpc$RaftServerProtocolServiceBlockingStub.requestVote(RaftServerProtocolServiceGrpc.java:265)
	at org.apache.ratis.grpc.server.GrpcServerProtocolClient.requestVote(GrpcServerProtocolClient.java:99)
	at org.apache.ratis.grpc.server.GrpcService.requestVote(GrpcService.java:204)
	at org.apache.ratis.server.impl.LeaderElection.lambda$submitRequests$1(LeaderElection.java:234)
	at java.util.concurrent.FutureTask.run(FutureTask.java:266)
	at java.util.concurrent.Executors$RunnableAdapter.call(Executors.java:511)
	at java.util.concurrent.FutureTask.run(FutureTask.java:266)
	at java.util.concurrent.ThreadPoolExecutor.runWorker(ThreadPoolExecutor.java:1149)
	at java.util.concurrent.ThreadPoolExecutor$Worker.run(ThreadPoolExecutor.java:624)
	... 1 more
Caused by: org.apache.ratis.thirdparty.io.netty.channel.AbstractChannel$AnnotatedConnectException: Connection refused: /192.168.157.194:34392
	at sun.nio.ch.SocketChannelImpl.checkConnect(Native Method)
	at sun.nio.ch.SocketChannelImpl.finishConnect(SocketChannelImpl.java:717)
	at org.apache.ratis.thirdparty.io.netty.channel.socket.nio.NioSocketChannel.doFinishConnect(NioSocketChannel.java:327)
	at org.apache.ratis.thirdparty.io.netty.channel.nio.AbstractNioChannel$AbstractNioUnsafe.finishConnect(AbstractNioChannel.java:340)
	at org.apache.ratis.thirdparty.io.netty.channel.nio.NioEventLoop.processSelectedKey(NioEventLoop.java:632)
	at org.apache.ratis.thirdparty.io.netty.channel.nio.NioEventLoop.processSelectedKeysOptimized(NioEventLoop.java:579)
	at org.apache.ratis.thirdparty.io.netty.channel.nio.NioEventLoop.processSelectedKeys(NioEventLoop.java:496)
	at org.apache.ratis.thirdparty.io.netty.channel.nio.NioEventLoop.run(NioEventLoop.java:458)
	at org.apache.ratis.thirdparty.io.netty.util.concurrent.SingleThreadEventExecutor$5.run(SingleThreadEventExecutor.java:897)
	at org.apache.ratis.thirdparty.io.netty.util.concurrent.FastThreadLocalRunnable.run(FastThreadLocalRunnable.java:30)
	... 1 more
Caused by: java.net.ConnectException: Connection refused
	... 11 more
2019-11-14 17:37:03,877 [1f17fae6-ef42-4b5f-b929-258c4df74eb0@group-E7DF167351A9-LeaderElection87] INFO  impl.LeaderElection (LogUtils.java:infoOrTrace(149)) - 1f17fae6-ef42-4b5f-b929-258c4df74eb0@group-E7DF167351A9-LeaderElection87 got exception when requesting votes: {}
java.util.concurrent.ExecutionException: org.apache.ratis.thirdparty.io.grpc.StatusRuntimeException: UNAVAILABLE: io exception
	at java.util.concurrent.FutureTask.report(FutureTask.java:122)
	at java.util.concurrent.FutureTask.get(FutureTask.java:192)
	at org.apache.ratis.server.impl.LeaderElection.waitForResults(LeaderElection.java:259)
	at org.apache.ratis.server.impl.LeaderElection.askForVotes(LeaderElection.java:197)
	at org.apache.ratis.server.impl.LeaderElection.run(LeaderElection.java:133)
	at java.lang.Thread.run(Thread.java:748)
Caused by: org.apache.ratis.thirdparty.io.grpc.StatusRuntimeException: UNAVAILABLE: io exception
	at org.apache.ratis.thirdparty.io.grpc.stub.ClientCalls.toStatusRuntimeException(ClientCalls.java:233)
	at org.apache.ratis.thirdparty.io.grpc.stub.ClientCalls.getUnchecked(ClientCalls.java:214)
	at org.apache.ratis.thirdparty.io.grpc.stub.ClientCalls.blockingUnaryCall(ClientCalls.java:139)
	at org.apache.ratis.proto.grpc.RaftServerProtocolServiceGrpc$RaftServerProtocolServiceBlockingStub.requestVote(RaftServerProtocolServiceGrpc.java:265)
	at org.apache.ratis.grpc.server.GrpcServerProtocolClient.requestVote(GrpcServerProtocolClient.java:99)
	at org.apache.ratis.grpc.server.GrpcService.requestVote(GrpcService.java:204)
	at org.apache.ratis.server.impl.LeaderElection.lambda$submitRequests$1(LeaderElection.java:234)
	at java.util.concurrent.FutureTask.run(FutureTask.java:266)
	at java.util.concurrent.Executors$RunnableAdapter.call(Executors.java:511)
	at java.util.concurrent.FutureTask.run(FutureTask.java:266)
	at java.util.concurrent.ThreadPoolExecutor.runWorker(ThreadPoolExecutor.java:1149)
	at java.util.concurrent.ThreadPoolExecutor$Worker.run(ThreadPoolExecutor.java:624)
	... 1 more
Caused by: org.apache.ratis.thirdparty.io.netty.channel.AbstractChannel$AnnotatedConnectException: Connection refused: /192.168.157.194:45340
	at sun.nio.ch.SocketChannelImpl.checkConnect(Native Method)
	at sun.nio.ch.SocketChannelImpl.finishConnect(SocketChannelImpl.java:717)
	at org.apache.ratis.thirdparty.io.netty.channel.socket.nio.NioSocketChannel.doFinishConnect(NioSocketChannel.java:327)
	at org.apache.ratis.thirdparty.io.netty.channel.nio.AbstractNioChannel$AbstractNioUnsafe.finishConnect(AbstractNioChannel.java:340)
	at org.apache.ratis.thirdparty.io.netty.channel.nio.NioEventLoop.processSelectedKey(NioEventLoop.java:632)
	at org.apache.ratis.thirdparty.io.netty.channel.nio.NioEventLoop.processSelectedKeysOptimized(NioEventLoop.java:579)
	at org.apache.ratis.thirdparty.io.netty.channel.nio.NioEventLoop.processSelectedKeys(NioEventLoop.java:496)
	at org.apache.ratis.thirdparty.io.netty.channel.nio.NioEventLoop.run(NioEventLoop.java:458)
	at org.apache.ratis.thirdparty.io.netty.util.concurrent.SingleThreadEventExecutor$5.run(SingleThreadEventExecutor.java:897)
	at org.apache.ratis.thirdparty.io.netty.util.concurrent.FastThreadLocalRunnable.run(FastThreadLocalRunnable.java:30)
	... 1 more
Caused by: java.net.ConnectException: Connection refused
	... 11 more
2019-11-14 17:37:03,877 [1f17fae6-ef42-4b5f-b929-258c4df74eb0@group-E7DF167351A9-LeaderElection87] INFO  impl.LeaderElection (LeaderElection.java:logAndReturn(56)) - 1f17fae6-ef42-4b5f-b929-258c4df74eb0@group-E7DF167351A9-LeaderElection87: Election REJECTED; received 0 response(s) [] and 2 exception(s); 1f17fae6-ef42-4b5f-b929-258c4df74eb0@group-E7DF167351A9:t6, leader=null, voted=1f17fae6-ef42-4b5f-b929-258c4df74eb0, raftlog=1f17fae6-ef42-4b5f-b929-258c4df74eb0@group-E7DF167351A9-SegmentedRaftLog:OPENED:c6,f6,i6, conf=1: [1f17fae6-ef42-4b5f-b929-258c4df74eb0:192.168.157.194:44377, 0b8c2274-85ff-4b39-8671-ec8be5904baa:192.168.157.194:34392, c40a56fe-5273-466a-9f61-79febf43aa6a:192.168.157.194:45340], old=null
2019-11-14 17:37:03,878 [1f17fae6-ef42-4b5f-b929-258c4df74eb0@group-E7DF167351A9-LeaderElection87] INFO  impl.LeaderElection (LogUtils.java:infoOrTrace(149)) -   Exception 0: {}
java.util.concurrent.ExecutionException: org.apache.ratis.thirdparty.io.grpc.StatusRuntimeException: UNAVAILABLE: io exception
	at java.util.concurrent.FutureTask.report(FutureTask.java:122)
	at java.util.concurrent.FutureTask.get(FutureTask.java:192)
	at org.apache.ratis.server.impl.LeaderElection.waitForResults(LeaderElection.java:259)
	at org.apache.ratis.server.impl.LeaderElection.askForVotes(LeaderElection.java:197)
	at org.apache.ratis.server.impl.LeaderElection.run(LeaderElection.java:133)
	at java.lang.Thread.run(Thread.java:748)
Caused by: org.apache.ratis.thirdparty.io.grpc.StatusRuntimeException: UNAVAILABLE: io exception
	at org.apache.ratis.thirdparty.io.grpc.stub.ClientCalls.toStatusRuntimeException(ClientCalls.java:233)
	at org.apache.ratis.thirdparty.io.grpc.stub.ClientCalls.getUnchecked(ClientCalls.java:214)
	at org.apache.ratis.thirdparty.io.grpc.stub.ClientCalls.blockingUnaryCall(ClientCalls.java:139)
	at org.apache.ratis.proto.grpc.RaftServerProtocolServiceGrpc$RaftServerProtocolServiceBlockingStub.requestVote(RaftServerProtocolServiceGrpc.java:265)
	at org.apache.ratis.grpc.server.GrpcServerProtocolClient.requestVote(GrpcServerProtocolClient.java:99)
	at org.apache.ratis.grpc.server.GrpcService.requestVote(GrpcService.java:204)
	at org.apache.ratis.server.impl.LeaderElection.lambda$submitRequests$1(LeaderElection.java:234)
	at java.util.concurrent.FutureTask.run(FutureTask.java:266)
	at java.util.concurrent.Executors$RunnableAdapter.call(Executors.java:511)
	at java.util.concurrent.FutureTask.run(FutureTask.java:266)
	at java.util.concurrent.ThreadPoolExecutor.runWorker(ThreadPoolExecutor.java:1149)
	at java.util.concurrent.ThreadPoolExecutor$Worker.run(ThreadPoolExecutor.java:624)
	... 1 more
Caused by: org.apache.ratis.thirdparty.io.netty.channel.AbstractChannel$AnnotatedConnectException: Connection refused: /192.168.157.194:34392
	at sun.nio.ch.SocketChannelImpl.checkConnect(Native Method)
	at sun.nio.ch.SocketChannelImpl.finishConnect(SocketChannelImpl.java:717)
	at org.apache.ratis.thirdparty.io.netty.channel.socket.nio.NioSocketChannel.doFinishConnect(NioSocketChannel.java:327)
	at org.apache.ratis.thirdparty.io.netty.channel.nio.AbstractNioChannel$AbstractNioUnsafe.finishConnect(AbstractNioChannel.java:340)
	at org.apache.ratis.thirdparty.io.netty.channel.nio.NioEventLoop.processSelectedKey(NioEventLoop.java:632)
	at org.apache.ratis.thirdparty.io.netty.channel.nio.NioEventLoop.processSelectedKeysOptimized(NioEventLoop.java:579)
	at org.apache.ratis.thirdparty.io.netty.channel.nio.NioEventLoop.processSelectedKeys(NioEventLoop.java:496)
	at org.apache.ratis.thirdparty.io.netty.channel.nio.NioEventLoop.run(NioEventLoop.java:458)
	at org.apache.ratis.thirdparty.io.netty.util.concurrent.SingleThreadEventExecutor$5.run(SingleThreadEventExecutor.java:897)
	at org.apache.ratis.thirdparty.io.netty.util.concurrent.FastThreadLocalRunnable.run(FastThreadLocalRunnable.java:30)
	... 1 more
Caused by: java.net.ConnectException: Connection refused
	... 11 more
2019-11-14 17:37:03,878 [1f17fae6-ef42-4b5f-b929-258c4df74eb0@group-E7DF167351A9-LeaderElection87] INFO  impl.LeaderElection (LogUtils.java:infoOrTrace(149)) -   Exception 1: {}
java.util.concurrent.ExecutionException: org.apache.ratis.thirdparty.io.grpc.StatusRuntimeException: UNAVAILABLE: io exception
	at java.util.concurrent.FutureTask.report(FutureTask.java:122)
	at java.util.concurrent.FutureTask.get(FutureTask.java:192)
	at org.apache.ratis.server.impl.LeaderElection.waitForResults(LeaderElection.java:259)
	at org.apache.ratis.server.impl.LeaderElection.askForVotes(LeaderElection.java:197)
	at org.apache.ratis.server.impl.LeaderElection.run(LeaderElection.java:133)
	at java.lang.Thread.run(Thread.java:748)
Caused by: org.apache.ratis.thirdparty.io.grpc.StatusRuntimeException: UNAVAILABLE: io exception
	at org.apache.ratis.thirdparty.io.grpc.stub.ClientCalls.toStatusRuntimeException(ClientCalls.java:233)
	at org.apache.ratis.thirdparty.io.grpc.stub.ClientCalls.getUnchecked(ClientCalls.java:214)
	at org.apache.ratis.thirdparty.io.grpc.stub.ClientCalls.blockingUnaryCall(ClientCalls.java:139)
	at org.apache.ratis.proto.grpc.RaftServerProtocolServiceGrpc$RaftServerProtocolServiceBlockingStub.requestVote(RaftServerProtocolServiceGrpc.java:265)
	at org.apache.ratis.grpc.server.GrpcServerProtocolClient.requestVote(GrpcServerProtocolClient.java:99)
	at org.apache.ratis.grpc.server.GrpcService.requestVote(GrpcService.java:204)
	at org.apache.ratis.server.impl.LeaderElection.lambda$submitRequests$1(LeaderElection.java:234)
	at java.util.concurrent.FutureTask.run(FutureTask.java:266)
	at java.util.concurrent.Executors$RunnableAdapter.call(Executors.java:511)
	at java.util.concurrent.FutureTask.run(FutureTask.java:266)
	at java.util.concurrent.ThreadPoolExecutor.runWorker(ThreadPoolExecutor.java:1149)
	at java.util.concurrent.ThreadPoolExecutor$Worker.run(ThreadPoolExecutor.java:624)
	... 1 more
Caused by: org.apache.ratis.thirdparty.io.netty.channel.AbstractChannel$AnnotatedConnectException: Connection refused: /192.168.157.194:45340
	at sun.nio.ch.SocketChannelImpl.checkConnect(Native Method)
	at sun.nio.ch.SocketChannelImpl.finishConnect(SocketChannelImpl.java:717)
	at org.apache.ratis.thirdparty.io.netty.channel.socket.nio.NioSocketChannel.doFinishConnect(NioSocketChannel.java:327)
	at org.apache.ratis.thirdparty.io.netty.channel.nio.AbstractNioChannel$AbstractNioUnsafe.finishConnect(AbstractNioChannel.java:340)
	at org.apache.ratis.thirdparty.io.netty.channel.nio.NioEventLoop.processSelectedKey(NioEventLoop.java:632)
	at org.apache.ratis.thirdparty.io.netty.channel.nio.NioEventLoop.processSelectedKeysOptimized(NioEventLoop.java:579)
	at org.apache.ratis.thirdparty.io.netty.channel.nio.NioEventLoop.processSelectedKeys(NioEventLoop.java:496)
	at org.apache.ratis.thirdparty.io.netty.channel.nio.NioEventLoop.run(NioEventLoop.java:458)
	at org.apache.ratis.thirdparty.io.netty.util.concurrent.SingleThreadEventExecutor$5.run(SingleThreadEventExecutor.java:897)
	at org.apache.ratis.thirdparty.io.netty.util.concurrent.FastThreadLocalRunnable.run(FastThreadLocalRunnable.java:30)
	... 1 more
Caused by: java.net.ConnectException: Connection refused
	... 11 more
2019-11-14 17:37:03,878 [1f17fae6-ef42-4b5f-b929-258c4df74eb0@group-E7DF167351A9-LeaderElection87] INFO  impl.RaftServerImpl (RaftServerImpl.java:setRole(173)) - 1f17fae6-ef42-4b5f-b929-258c4df74eb0@group-E7DF167351A9: changes role from CANDIDATE to FOLLOWER at term 6 for DISCOVERED_A_NEW_TERM
2019-11-14 17:37:03,878 [1f17fae6-ef42-4b5f-b929-258c4df74eb0@group-E7DF167351A9-LeaderElection87] INFO  impl.RoleInfo (RoleInfo.java:shutdownLeaderElection(134)) - 1f17fae6-ef42-4b5f-b929-258c4df74eb0: shutdown LeaderElection
2019-11-14 17:37:03,879 [1f17fae6-ef42-4b5f-b929-258c4df74eb0@group-E7DF167351A9-LeaderElection87] INFO  impl.RoleInfo (RoleInfo.java:updateAndGet(143)) - 1f17fae6-ef42-4b5f-b929-258c4df74eb0: start FollowerState
2019-11-14 17:37:04,095 [grpc-default-executor-3] WARN  server.GrpcLogAppender (LogUtils.java:warn(134)) - b2e3cdb6-e490-4d5b-a0a3-6f5ff6451210@group-7E7D5A9DDDD2->7dd38d19-97a5-42cf-8254-8fed67def3f2-AppendLogResponseHandler: Failed appendEntries: org.apache.ratis.thirdparty.io.grpc.StatusRuntimeException: UNAVAILABLE: io exception
2019-11-14 17:37:04,096 [grpc-default-executor-3] INFO  impl.FollowerInfo (FollowerInfo.java:lambda$new$0(51)) - b2e3cdb6-e490-4d5b-a0a3-6f5ff6451210@group-7E7D5A9DDDD2->7dd38d19-97a5-42cf-8254-8fed67def3f2: nextIndex: updateUnconditionally 0 -> 0
2019-11-14 17:37:04,242 [grpc-default-executor-2] WARN  server.GrpcLogAppender (LogUtils.java:warn(134)) - 785a1b68-bc50-461a-9c66-217454b39c0f@group-7B1089351A69->55ab2526-4f89-4bd2-9902-395461fa7031-AppendLogResponseHandler: Failed appendEntries: org.apache.ratis.thirdparty.io.grpc.StatusRuntimeException: UNAVAILABLE: io exception
2019-11-14 17:37:04,243 [grpc-default-executor-2] INFO  impl.FollowerInfo (FollowerInfo.java:lambda$new$0(51)) - 785a1b68-bc50-461a-9c66-217454b39c0f@group-7B1089351A69->55ab2526-4f89-4bd2-9902-395461fa7031: nextIndex: updateUnconditionally 0 -> 0
2019-11-14 17:37:04,600 [grpc-default-executor-2] WARN  server.GrpcLogAppender (LogUtils.java:warn(134)) - b2e3cdb6-e490-4d5b-a0a3-6f5ff6451210@group-7E7D5A9DDDD2->7dd38d19-97a5-42cf-8254-8fed67def3f2-AppendLogResponseHandler: Failed appendEntries: org.apache.ratis.thirdparty.io.grpc.StatusRuntimeException: UNAVAILABLE: io exception
2019-11-14 17:37:04,601 [grpc-default-executor-2] INFO  impl.FollowerInfo (FollowerInfo.java:lambda$new$0(51)) - b2e3cdb6-e490-4d5b-a0a3-6f5ff6451210@group-7E7D5A9DDDD2->7dd38d19-97a5-42cf-8254-8fed67def3f2: nextIndex: updateUnconditionally 0 -> 0
2019-11-14 17:37:04,743 [grpc-default-executor-4] WARN  server.GrpcLogAppender (LogUtils.java:warn(134)) - 785a1b68-bc50-461a-9c66-217454b39c0f@group-7B1089351A69->55ab2526-4f89-4bd2-9902-395461fa7031-AppendLogResponseHandler: Failed appendEntries: org.apache.ratis.thirdparty.io.grpc.StatusRuntimeException: UNAVAILABLE: io exception
2019-11-14 17:37:04,743 [grpc-default-executor-4] INFO  impl.FollowerInfo (FollowerInfo.java:lambda$new$0(51)) - 785a1b68-bc50-461a-9c66-217454b39c0f@group-7B1089351A69->55ab2526-4f89-4bd2-9902-395461fa7031: nextIndex: updateUnconditionally 0 -> 0
2019-11-14 17:37:04,951 [Thread-1650] INFO  impl.FollowerState (FollowerState.java:run(111)) - 1f17fae6-ef42-4b5f-b929-258c4df74eb0@group-E7DF167351A9-FollowerState: change to CANDIDATE, lastRpcTime:1072ms, electionTimeout:1072ms
2019-11-14 17:37:04,952 [Thread-1650] INFO  impl.RoleInfo (RoleInfo.java:shutdownFollowerState(121)) - 1f17fae6-ef42-4b5f-b929-258c4df74eb0: shutdown FollowerState
2019-11-14 17:37:04,952 [Thread-1650] INFO  impl.RaftServerImpl (RaftServerImpl.java:setRole(173)) - 1f17fae6-ef42-4b5f-b929-258c4df74eb0@group-E7DF167351A9: changes role from  FOLLOWER to CANDIDATE at term 6 for changeToCandidate
2019-11-14 17:37:04,952 [Thread-1650] INFO  impl.RoleInfo (RoleInfo.java:updateAndGet(143)) - 1f17fae6-ef42-4b5f-b929-258c4df74eb0: start LeaderElection
2019-11-14 17:37:04,977 [1f17fae6-ef42-4b5f-b929-258c4df74eb0@group-E7DF167351A9-LeaderElection88] INFO  impl.LeaderElection (LeaderElection.java:askForVotes(178)) - 1f17fae6-ef42-4b5f-b929-258c4df74eb0@group-E7DF167351A9-LeaderElection88: begin an election at term 7 for 1: [1f17fae6-ef42-4b5f-b929-258c4df74eb0:192.168.157.194:44377, 0b8c2274-85ff-4b39-8671-ec8be5904baa:192.168.157.194:34392, c40a56fe-5273-466a-9f61-79febf43aa6a:192.168.157.194:45340], old=null
2019-11-14 17:37:04,979 [1f17fae6-ef42-4b5f-b929-258c4df74eb0@group-E7DF167351A9-LeaderElection88] INFO  impl.LeaderElection (LogUtils.java:infoOrTrace(149)) - 1f17fae6-ef42-4b5f-b929-258c4df74eb0@group-E7DF167351A9-LeaderElection88 got exception when requesting votes: {}
java.util.concurrent.ExecutionException: org.apache.ratis.thirdparty.io.grpc.StatusRuntimeException: UNAVAILABLE: io exception
	at java.util.concurrent.FutureTask.report(FutureTask.java:122)
	at java.util.concurrent.FutureTask.get(FutureTask.java:192)
	at org.apache.ratis.server.impl.LeaderElection.waitForResults(LeaderElection.java:259)
	at org.apache.ratis.server.impl.LeaderElection.askForVotes(LeaderElection.java:197)
	at org.apache.ratis.server.impl.LeaderElection.run(LeaderElection.java:133)
	at java.lang.Thread.run(Thread.java:748)
Caused by: org.apache.ratis.thirdparty.io.grpc.StatusRuntimeException: UNAVAILABLE: io exception
	at org.apache.ratis.thirdparty.io.grpc.stub.ClientCalls.toStatusRuntimeException(ClientCalls.java:233)
	at org.apache.ratis.thirdparty.io.grpc.stub.ClientCalls.getUnchecked(ClientCalls.java:214)
	at org.apache.ratis.thirdparty.io.grpc.stub.ClientCalls.blockingUnaryCall(ClientCalls.java:139)
	at org.apache.ratis.proto.grpc.RaftServerProtocolServiceGrpc$RaftServerProtocolServiceBlockingStub.requestVote(RaftServerProtocolServiceGrpc.java:265)
	at org.apache.ratis.grpc.server.GrpcServerProtocolClient.requestVote(GrpcServerProtocolClient.java:99)
	at org.apache.ratis.grpc.server.GrpcService.requestVote(GrpcService.java:204)
	at org.apache.ratis.server.impl.LeaderElection.lambda$submitRequests$1(LeaderElection.java:234)
	at java.util.concurrent.FutureTask.run(FutureTask.java:266)
	at java.util.concurrent.Executors$RunnableAdapter.call(Executors.java:511)
	at java.util.concurrent.FutureTask.run(FutureTask.java:266)
	at java.util.concurrent.ThreadPoolExecutor.runWorker(ThreadPoolExecutor.java:1149)
	at java.util.concurrent.ThreadPoolExecutor$Worker.run(ThreadPoolExecutor.java:624)
	... 1 more
Caused by: org.apache.ratis.thirdparty.io.netty.channel.AbstractChannel$AnnotatedConnectException: Connection refused: /192.168.157.194:45340
	at sun.nio.ch.SocketChannelImpl.checkConnect(Native Method)
	at sun.nio.ch.SocketChannelImpl.finishConnect(SocketChannelImpl.java:717)
	at org.apache.ratis.thirdparty.io.netty.channel.socket.nio.NioSocketChannel.doFinishConnect(NioSocketChannel.java:327)
	at org.apache.ratis.thirdparty.io.netty.channel.nio.AbstractNioChannel$AbstractNioUnsafe.finishConnect(AbstractNioChannel.java:340)
	at org.apache.ratis.thirdparty.io.netty.channel.nio.NioEventLoop.processSelectedKey(NioEventLoop.java:632)
	at org.apache.ratis.thirdparty.io.netty.channel.nio.NioEventLoop.processSelectedKeysOptimized(NioEventLoop.java:579)
	at org.apache.ratis.thirdparty.io.netty.channel.nio.NioEventLoop.processSelectedKeys(NioEventLoop.java:496)
	at org.apache.ratis.thirdparty.io.netty.channel.nio.NioEventLoop.run(NioEventLoop.java:458)
	at org.apache.ratis.thirdparty.io.netty.util.concurrent.SingleThreadEventExecutor$5.run(SingleThreadEventExecutor.java:897)
	at org.apache.ratis.thirdparty.io.netty.util.concurrent.FastThreadLocalRunnable.run(FastThreadLocalRunnable.java:30)
	... 1 more
Caused by: java.net.ConnectException: Connection refused
	... 11 more
2019-11-14 17:37:04,980 [1f17fae6-ef42-4b5f-b929-258c4df74eb0@group-E7DF167351A9-LeaderElection88] INFO  impl.LeaderElection (LogUtils.java:infoOrTrace(149)) - 1f17fae6-ef42-4b5f-b929-258c4df74eb0@group-E7DF167351A9-LeaderElection88 got exception when requesting votes: {}
java.util.concurrent.ExecutionException: org.apache.ratis.thirdparty.io.grpc.StatusRuntimeException: UNAVAILABLE: io exception
	at java.util.concurrent.FutureTask.report(FutureTask.java:122)
	at java.util.concurrent.FutureTask.get(FutureTask.java:192)
	at org.apache.ratis.server.impl.LeaderElection.waitForResults(LeaderElection.java:259)
	at org.apache.ratis.server.impl.LeaderElection.askForVotes(LeaderElection.java:197)
	at org.apache.ratis.server.impl.LeaderElection.run(LeaderElection.java:133)
	at java.lang.Thread.run(Thread.java:748)
Caused by: org.apache.ratis.thirdparty.io.grpc.StatusRuntimeException: UNAVAILABLE: io exception
	at org.apache.ratis.thirdparty.io.grpc.stub.ClientCalls.toStatusRuntimeException(ClientCalls.java:233)
	at org.apache.ratis.thirdparty.io.grpc.stub.ClientCalls.getUnchecked(ClientCalls.java:214)
	at org.apache.ratis.thirdparty.io.grpc.stub.ClientCalls.blockingUnaryCall(ClientCalls.java:139)
	at org.apache.ratis.proto.grpc.RaftServerProtocolServiceGrpc$RaftServerProtocolServiceBlockingStub.requestVote(RaftServerProtocolServiceGrpc.java:265)
	at org.apache.ratis.grpc.server.GrpcServerProtocolClient.requestVote(GrpcServerProtocolClient.java:99)
	at org.apache.ratis.grpc.server.GrpcService.requestVote(GrpcService.java:204)
	at org.apache.ratis.server.impl.LeaderElection.lambda$submitRequests$1(LeaderElection.java:234)
	at java.util.concurrent.FutureTask.run(FutureTask.java:266)
	at java.util.concurrent.Executors$RunnableAdapter.call(Executors.java:511)
	at java.util.concurrent.FutureTask.run(FutureTask.java:266)
	at java.util.concurrent.ThreadPoolExecutor.runWorker(ThreadPoolExecutor.java:1149)
	at java.util.concurrent.ThreadPoolExecutor$Worker.run(ThreadPoolExecutor.java:624)
	... 1 more
Caused by: org.apache.ratis.thirdparty.io.netty.channel.AbstractChannel$AnnotatedConnectException: Connection refused: /192.168.157.194:34392
	at sun.nio.ch.SocketChannelImpl.checkConnect(Native Method)
	at sun.nio.ch.SocketChannelImpl.finishConnect(SocketChannelImpl.java:717)
	at org.apache.ratis.thirdparty.io.netty.channel.socket.nio.NioSocketChannel.doFinishConnect(NioSocketChannel.java:327)
	at org.apache.ratis.thirdparty.io.netty.channel.nio.AbstractNioChannel$AbstractNioUnsafe.finishConnect(AbstractNioChannel.java:340)
	at org.apache.ratis.thirdparty.io.netty.channel.nio.NioEventLoop.processSelectedKey(NioEventLoop.java:632)
	at org.apache.ratis.thirdparty.io.netty.channel.nio.NioEventLoop.processSelectedKeysOptimized(NioEventLoop.java:579)
	at org.apache.ratis.thirdparty.io.netty.channel.nio.NioEventLoop.processSelectedKeys(NioEventLoop.java:496)
	at org.apache.ratis.thirdparty.io.netty.channel.nio.NioEventLoop.run(NioEventLoop.java:458)
	at org.apache.ratis.thirdparty.io.netty.util.concurrent.SingleThreadEventExecutor$5.run(SingleThreadEventExecutor.java:897)
	at org.apache.ratis.thirdparty.io.netty.util.concurrent.FastThreadLocalRunnable.run(FastThreadLocalRunnable.java:30)
	... 1 more
Caused by: java.net.ConnectException: Connection refused
	... 11 more
2019-11-14 17:37:04,981 [1f17fae6-ef42-4b5f-b929-258c4df74eb0@group-E7DF167351A9-LeaderElection88] INFO  impl.LeaderElection (LeaderElection.java:logAndReturn(56)) - 1f17fae6-ef42-4b5f-b929-258c4df74eb0@group-E7DF167351A9-LeaderElection88: Election REJECTED; received 0 response(s) [] and 2 exception(s); 1f17fae6-ef42-4b5f-b929-258c4df74eb0@group-E7DF167351A9:t7, leader=null, voted=1f17fae6-ef42-4b5f-b929-258c4df74eb0, raftlog=1f17fae6-ef42-4b5f-b929-258c4df74eb0@group-E7DF167351A9-SegmentedRaftLog:OPENED:c6,f6,i6, conf=1: [1f17fae6-ef42-4b5f-b929-258c4df74eb0:192.168.157.194:44377, 0b8c2274-85ff-4b39-8671-ec8be5904baa:192.168.157.194:34392, c40a56fe-5273-466a-9f61-79febf43aa6a:192.168.157.194:45340], old=null
2019-11-14 17:37:04,981 [1f17fae6-ef42-4b5f-b929-258c4df74eb0@group-E7DF167351A9-LeaderElection88] INFO  impl.LeaderElection (LogUtils.java:infoOrTrace(149)) -   Exception 0: {}
java.util.concurrent.ExecutionException: org.apache.ratis.thirdparty.io.grpc.StatusRuntimeException: UNAVAILABLE: io exception
	at java.util.concurrent.FutureTask.report(FutureTask.java:122)
	at java.util.concurrent.FutureTask.get(FutureTask.java:192)
	at org.apache.ratis.server.impl.LeaderElection.waitForResults(LeaderElection.java:259)
	at org.apache.ratis.server.impl.LeaderElection.askForVotes(LeaderElection.java:197)
	at org.apache.ratis.server.impl.LeaderElection.run(LeaderElection.java:133)
	at java.lang.Thread.run(Thread.java:748)
Caused by: org.apache.ratis.thirdparty.io.grpc.StatusRuntimeException: UNAVAILABLE: io exception
	at org.apache.ratis.thirdparty.io.grpc.stub.ClientCalls.toStatusRuntimeException(ClientCalls.java:233)
	at org.apache.ratis.thirdparty.io.grpc.stub.ClientCalls.getUnchecked(ClientCalls.java:214)
	at org.apache.ratis.thirdparty.io.grpc.stub.ClientCalls.blockingUnaryCall(ClientCalls.java:139)
	at org.apache.ratis.proto.grpc.RaftServerProtocolServiceGrpc$RaftServerProtocolServiceBlockingStub.requestVote(RaftServerProtocolServiceGrpc.java:265)
	at org.apache.ratis.grpc.server.GrpcServerProtocolClient.requestVote(GrpcServerProtocolClient.java:99)
	at org.apache.ratis.grpc.server.GrpcService.requestVote(GrpcService.java:204)
	at org.apache.ratis.server.impl.LeaderElection.lambda$submitRequests$1(LeaderElection.java:234)
	at java.util.concurrent.FutureTask.run(FutureTask.java:266)
	at java.util.concurrent.Executors$RunnableAdapter.call(Executors.java:511)
	at java.util.concurrent.FutureTask.run(FutureTask.java:266)
	at java.util.concurrent.ThreadPoolExecutor.runWorker(ThreadPoolExecutor.java:1149)
	at java.util.concurrent.ThreadPoolExecutor$Worker.run(ThreadPoolExecutor.java:624)
	... 1 more
Caused by: org.apache.ratis.thirdparty.io.netty.channel.AbstractChannel$AnnotatedConnectException: Connection refused: /192.168.157.194:45340
	at sun.nio.ch.SocketChannelImpl.checkConnect(Native Method)
	at sun.nio.ch.SocketChannelImpl.finishConnect(SocketChannelImpl.java:717)
	at org.apache.ratis.thirdparty.io.netty.channel.socket.nio.NioSocketChannel.doFinishConnect(NioSocketChannel.java:327)
	at org.apache.ratis.thirdparty.io.netty.channel.nio.AbstractNioChannel$AbstractNioUnsafe.finishConnect(AbstractNioChannel.java:340)
	at org.apache.ratis.thirdparty.io.netty.channel.nio.NioEventLoop.processSelectedKey(NioEventLoop.java:632)
	at org.apache.ratis.thirdparty.io.netty.channel.nio.NioEventLoop.processSelectedKeysOptimized(NioEventLoop.java:579)
	at org.apache.ratis.thirdparty.io.netty.channel.nio.NioEventLoop.processSelectedKeys(NioEventLoop.java:496)
	at org.apache.ratis.thirdparty.io.netty.channel.nio.NioEventLoop.run(NioEventLoop.java:458)
	at org.apache.ratis.thirdparty.io.netty.util.concurrent.SingleThreadEventExecutor$5.run(SingleThreadEventExecutor.java:897)
	at org.apache.ratis.thirdparty.io.netty.util.concurrent.FastThreadLocalRunnable.run(FastThreadLocalRunnable.java:30)
	... 1 more
Caused by: java.net.ConnectException: Connection refused
	... 11 more
2019-11-14 17:37:04,982 [1f17fae6-ef42-4b5f-b929-258c4df74eb0@group-E7DF167351A9-LeaderElection88] INFO  impl.LeaderElection (LogUtils.java:infoOrTrace(149)) -   Exception 1: {}
java.util.concurrent.ExecutionException: org.apache.ratis.thirdparty.io.grpc.StatusRuntimeException: UNAVAILABLE: io exception
	at java.util.concurrent.FutureTask.report(FutureTask.java:122)
	at java.util.concurrent.FutureTask.get(FutureTask.java:192)
	at org.apache.ratis.server.impl.LeaderElection.waitForResults(LeaderElection.java:259)
	at org.apache.ratis.server.impl.LeaderElection.askForVotes(LeaderElection.java:197)
	at org.apache.ratis.server.impl.LeaderElection.run(LeaderElection.java:133)
	at java.lang.Thread.run(Thread.java:748)
Caused by: org.apache.ratis.thirdparty.io.grpc.StatusRuntimeException: UNAVAILABLE: io exception
	at org.apache.ratis.thirdparty.io.grpc.stub.ClientCalls.toStatusRuntimeException(ClientCalls.java:233)
	at org.apache.ratis.thirdparty.io.grpc.stub.ClientCalls.getUnchecked(ClientCalls.java:214)
	at org.apache.ratis.thirdparty.io.grpc.stub.ClientCalls.blockingUnaryCall(ClientCalls.java:139)
	at org.apache.ratis.proto.grpc.RaftServerProtocolServiceGrpc$RaftServerProtocolServiceBlockingStub.requestVote(RaftServerProtocolServiceGrpc.java:265)
	at org.apache.ratis.grpc.server.GrpcServerProtocolClient.requestVote(GrpcServerProtocolClient.java:99)
	at org.apache.ratis.grpc.server.GrpcService.requestVote(GrpcService.java:204)
	at org.apache.ratis.server.impl.LeaderElection.lambda$submitRequests$1(LeaderElection.java:234)
	at java.util.concurrent.FutureTask.run(FutureTask.java:266)
	at java.util.concurrent.Executors$RunnableAdapter.call(Executors.java:511)
	at java.util.concurrent.FutureTask.run(FutureTask.java:266)
	at java.util.concurrent.ThreadPoolExecutor.runWorker(ThreadPoolExecutor.java:1149)
	at java.util.concurrent.ThreadPoolExecutor$Worker.run(ThreadPoolExecutor.java:624)
	... 1 more
Caused by: org.apache.ratis.thirdparty.io.netty.channel.AbstractChannel$AnnotatedConnectException: Connection refused: /192.168.157.194:34392
	at sun.nio.ch.SocketChannelImpl.checkConnect(Native Method)
	at sun.nio.ch.SocketChannelImpl.finishConnect(SocketChannelImpl.java:717)
	at org.apache.ratis.thirdparty.io.netty.channel.socket.nio.NioSocketChannel.doFinishConnect(NioSocketChannel.java:327)
	at org.apache.ratis.thirdparty.io.netty.channel.nio.AbstractNioChannel$AbstractNioUnsafe.finishConnect(AbstractNioChannel.java:340)
	at org.apache.ratis.thirdparty.io.netty.channel.nio.NioEventLoop.processSelectedKey(NioEventLoop.java:632)
	at org.apache.ratis.thirdparty.io.netty.channel.nio.NioEventLoop.processSelectedKeysOptimized(NioEventLoop.java:579)
	at org.apache.ratis.thirdparty.io.netty.channel.nio.NioEventLoop.processSelectedKeys(NioEventLoop.java:496)
	at org.apache.ratis.thirdparty.io.netty.channel.nio.NioEventLoop.run(NioEventLoop.java:458)
	at org.apache.ratis.thirdparty.io.netty.util.concurrent.SingleThreadEventExecutor$5.run(SingleThreadEventExecutor.java:897)
	at org.apache.ratis.thirdparty.io.netty.util.concurrent.FastThreadLocalRunnable.run(FastThreadLocalRunnable.java:30)
	... 1 more
Caused by: java.net.ConnectException: Connection refused
	... 11 more
2019-11-14 17:37:04,983 [ForkJoinPool.commonPool-worker-1] INFO  ozoneimpl.OzoneContainer (OzoneContainer.java:stop(244)) - Attempting to stop container services.
2019-11-14 17:37:04,984 [1f17fae6-ef42-4b5f-b929-258c4df74eb0@group-E7DF167351A9-LeaderElection88] INFO  impl.RaftServerImpl (RaftServerImpl.java:setRole(173)) - 1f17fae6-ef42-4b5f-b929-258c4df74eb0@group-E7DF167351A9: changes role from CANDIDATE to FOLLOWER at term 7 for DISCOVERED_A_NEW_TERM
2019-11-14 17:37:04,984 [ForkJoinPool.commonPool-worker-1] INFO  impl.RaftServerProxy (RaftServerProxy.java:lambda$close$4(314)) - a3b153ef-1e94-4227-8997-77072f34e630: close
2019-11-14 17:37:04,984 [1f17fae6-ef42-4b5f-b929-258c4df74eb0@group-E7DF167351A9-LeaderElection88] INFO  impl.RoleInfo (RoleInfo.java:shutdownLeaderElection(134)) - 1f17fae6-ef42-4b5f-b929-258c4df74eb0: shutdown LeaderElection
2019-11-14 17:37:04,984 [ForkJoinPool.commonPool-worker-1] INFO  impl.RaftServerImpl (RaftServerImpl.java:lambda$shutdown$3(250)) - a3b153ef-1e94-4227-8997-77072f34e630@group-7B1089351A69: shutdown
2019-11-14 17:37:04,985 [1f17fae6-ef42-4b5f-b929-258c4df74eb0@group-E7DF167351A9-LeaderElection88] INFO  impl.RoleInfo (RoleInfo.java:updateAndGet(143)) - 1f17fae6-ef42-4b5f-b929-258c4df74eb0: start FollowerState
2019-11-14 17:37:04,985 [ForkJoinPool.commonPool-worker-1] INFO  util.JmxRegister (JmxRegister.java:unregister(73)) - Successfully un-registered JMX Bean with object name Ratis:service=RaftServer,group=group-7B1089351A69,id=a3b153ef-1e94-4227-8997-77072f34e630
2019-11-14 17:37:04,985 [ForkJoinPool.commonPool-worker-1] INFO  impl.RoleInfo (RoleInfo.java:shutdownFollowerState(121)) - a3b153ef-1e94-4227-8997-77072f34e630: shutdown FollowerState
2019-11-14 17:37:04,986 [ForkJoinPool.commonPool-worker-1] INFO  impl.StateMachineUpdater (StateMachineUpdater.java:stopAndJoin(136)) - a3b153ef-1e94-4227-8997-77072f34e630@group-7B1089351A69-StateMachineUpdater: set stopIndex = 0
2019-11-14 17:37:04,986 [Thread-1465] INFO  impl.FollowerState (FollowerState.java:run(120)) - a3b153ef-1e94-4227-8997-77072f34e630@group-7B1089351A69-FollowerState was interrupted: java.lang.InterruptedException: sleep interrupted
2019-11-14 17:37:04,987 [ForkJoinPool.commonPool-worker-1] INFO  impl.RaftServerImpl (ServerState.java:close(387)) - a3b153ef-1e94-4227-8997-77072f34e630@group-7B1089351A69: closes. applyIndex: 0
2019-11-14 17:37:04,987 [a3b153ef-1e94-4227-8997-77072f34e630@group-7B1089351A69-SegmentedRaftLogWorker] INFO  segmented.SegmentedRaftLogWorker (SegmentedRaftLogWorker.java:run(316)) - a3b153ef-1e94-4227-8997-77072f34e630@group-7B1089351A69-SegmentedRaftLogWorker was interrupted, exiting. There are 0 tasks remaining in the queue.
2019-11-14 17:37:04,994 [ForkJoinPool.commonPool-worker-1] INFO  segmented.SegmentedRaftLogWorker (SegmentedRaftLogWorker.java:close(224)) - a3b153ef-1e94-4227-8997-77072f34e630@group-7B1089351A69-SegmentedRaftLogWorker close()
2019-11-14 17:37:04,997 [ForkJoinPool.commonPool-worker-1] INFO  impl.RaftServerImpl (RaftServerImpl.java:lambda$shutdown$3(250)) - a3b153ef-1e94-4227-8997-77072f34e630@group-4BA26518C57D: shutdown
2019-11-14 17:37:04,998 [ForkJoinPool.commonPool-worker-1] INFO  util.JmxRegister (JmxRegister.java:unregister(73)) - Successfully un-registered JMX Bean with object name Ratis:service=RaftServer,group=group-4BA26518C57D,id=a3b153ef-1e94-4227-8997-77072f34e630
2019-11-14 17:37:04,998 [ForkJoinPool.commonPool-worker-1] INFO  impl.RoleInfo (RoleInfo.java:shutdownLeaderState(104)) - a3b153ef-1e94-4227-8997-77072f34e630: shutdown LeaderState
2019-11-14 17:37:04,998 [ForkJoinPool.commonPool-worker-1] INFO  impl.PendingRequests (PendingRequests.java:sendNotLeaderResponses(206)) - a3b153ef-1e94-4227-8997-77072f34e630@group-4BA26518C57D-PendingRequests: sendNotLeaderResponses
2019-11-14 17:37:04,999 [ForkJoinPool.commonPool-worker-1] INFO  impl.StateMachineUpdater (StateMachineUpdater.java:stopAndJoin(136)) - a3b153ef-1e94-4227-8997-77072f34e630@group-4BA26518C57D-StateMachineUpdater: set stopIndex = 0
2019-11-14 17:37:04,999 [ForkJoinPool.commonPool-worker-1] INFO  impl.RaftServerImpl (ServerState.java:close(387)) - a3b153ef-1e94-4227-8997-77072f34e630@group-4BA26518C57D: closes. applyIndex: 0
2019-11-14 17:37:04,999 [a3b153ef-1e94-4227-8997-77072f34e630@group-4BA26518C57D-SegmentedRaftLogWorker] INFO  segmented.SegmentedRaftLogWorker (SegmentedRaftLogWorker.java:run(316)) - a3b153ef-1e94-4227-8997-77072f34e630@group-4BA26518C57D-SegmentedRaftLogWorker was interrupted, exiting. There are 0 tasks remaining in the queue.
2019-11-14 17:37:05,001 [ForkJoinPool.commonPool-worker-1] INFO  segmented.SegmentedRaftLogWorker (SegmentedRaftLogWorker.java:close(224)) - a3b153ef-1e94-4227-8997-77072f34e630@group-4BA26518C57D-SegmentedRaftLogWorker close()
2019-11-14 17:37:05,004 [ForkJoinPool.commonPool-worker-1] INFO  server.GrpcService (GrpcService.java:closeImpl(164)) - a3b153ef-1e94-4227-8997-77072f34e630: shutdown server with port 41542 now
2019-11-14 17:37:05,006 [grpc-default-executor-3] WARN  server.GrpcServerProtocolService (LogUtils.java:warn(134)) - a3b153ef-1e94-4227-8997-77072f34e630: installSnapshot onError, lastRequest: 785a1b68-bc50-461a-9c66-217454b39c0f->a3b153ef-1e94-4227-8997-77072f34e630#31-t1, previous=(t:1, i:0), leaderCommit=0, initializing? false, entries: <empty>: org.apache.ratis.thirdparty.io.grpc.StatusRuntimeException: CANCELLED: cancelled before receiving half close
2019-11-14 17:37:05,006 [ForkJoinPool.commonPool-worker-1] INFO  server.GrpcService (GrpcService.java:closeImpl(172)) - a3b153ef-1e94-4227-8997-77072f34e630: shutdown server with port 41542 successfully
2019-11-14 17:37:05,006 [grpc-default-executor-4] WARN  server.GrpcLogAppender (LogUtils.java:warn(134)) - 785a1b68-bc50-461a-9c66-217454b39c0f@group-7B1089351A69->a3b153ef-1e94-4227-8997-77072f34e630-AppendLogResponseHandler: Failed appendEntries: org.apache.ratis.thirdparty.io.grpc.StatusRuntimeException: CANCELLED: HTTP/2 error code: CANCEL
Received Rst Stream
2019-11-14 17:37:05,007 [grpc-default-executor-4] INFO  impl.FollowerInfo (FollowerInfo.java:lambda$new$0(51)) - 785a1b68-bc50-461a-9c66-217454b39c0f@group-7B1089351A69->a3b153ef-1e94-4227-8997-77072f34e630: nextIndex: updateUnconditionally 1 -> 0
2019-11-14 17:37:05,009 [refreshUsed-/workdir/hadoop-ozone/integration-test/target/test-dir/MiniOzoneClusterImpl-22bbe08b-7feb-4e26-8434-b505ec12d921/datanode-4/data/containers] WARN  fs.CachingGetSpaceUsed (CachingGetSpaceUsed.java:run(183)) - Thread Interrupted waiting to refresh disk information: sleep interrupted
2019-11-14 17:37:05,019 [main] INFO  ozoneimpl.OzoneContainer (OzoneContainer.java:stop(244)) - Attempting to stop container services.
2019-11-14 17:37:05,020 [main] INFO  impl.RaftServerProxy (RaftServerProxy.java:lambda$close$4(314)) - 5f137831-83b6-4bbd-8817-ab596ad00049: close
2019-11-14 17:37:05,020 [main] INFO  impl.RaftServerImpl (RaftServerImpl.java:lambda$shutdown$3(250)) - 5f137831-83b6-4bbd-8817-ab596ad00049@group-AE065064486B: shutdown
2019-11-14 17:37:05,021 [main] INFO  util.JmxRegister (JmxRegister.java:unregister(73)) - Successfully un-registered JMX Bean with object name Ratis:service=RaftServer,group=group-AE065064486B,id=5f137831-83b6-4bbd-8817-ab596ad00049
2019-11-14 17:37:05,021 [main] INFO  impl.RoleInfo (RoleInfo.java:shutdownLeaderState(104)) - 5f137831-83b6-4bbd-8817-ab596ad00049: shutdown LeaderState
2019-11-14 17:37:05,021 [main] INFO  impl.PendingRequests (PendingRequests.java:sendNotLeaderResponses(206)) - 5f137831-83b6-4bbd-8817-ab596ad00049@group-AE065064486B-PendingRequests: sendNotLeaderResponses
2019-11-14 17:37:05,022 [main] INFO  impl.StateMachineUpdater (StateMachineUpdater.java:stopAndJoin(136)) - 5f137831-83b6-4bbd-8817-ab596ad00049@group-AE065064486B-StateMachineUpdater: set stopIndex = 0
2019-11-14 17:37:05,022 [main] INFO  impl.RaftServerImpl (ServerState.java:close(387)) - 5f137831-83b6-4bbd-8817-ab596ad00049@group-AE065064486B: closes. applyIndex: 0
2019-11-14 17:37:05,023 [5f137831-83b6-4bbd-8817-ab596ad00049@group-AE065064486B-SegmentedRaftLogWorker] INFO  segmented.SegmentedRaftLogWorker (SegmentedRaftLogWorker.java:run(316)) - 5f137831-83b6-4bbd-8817-ab596ad00049@group-AE065064486B-SegmentedRaftLogWorker was interrupted, exiting. There are 0 tasks remaining in the queue.
2019-11-14 17:37:05,025 [main] INFO  segmented.SegmentedRaftLogWorker (SegmentedRaftLogWorker.java:close(224)) - 5f137831-83b6-4bbd-8817-ab596ad00049@group-AE065064486B-SegmentedRaftLogWorker close()
2019-11-14 17:37:05,027 [main] INFO  server.GrpcService (GrpcService.java:closeImpl(164)) - 5f137831-83b6-4bbd-8817-ab596ad00049: shutdown server with port 34259 now
2019-11-14 17:37:05,028 [main] INFO  server.GrpcService (GrpcService.java:closeImpl(172)) - 5f137831-83b6-4bbd-8817-ab596ad00049: shutdown server with port 34259 successfully
2019-11-14 17:37:05,032 [refreshUsed-/workdir/hadoop-ozone/integration-test/target/test-dir/MiniOzoneClusterImpl-22bbe08b-7feb-4e26-8434-b505ec12d921/datanode-8/data/containers] WARN  fs.CachingGetSpaceUsed (CachingGetSpaceUsed.java:run(183)) - Thread Interrupted waiting to refresh disk information: sleep interrupted
2019-11-14 17:37:05,038 [ForkJoinPool.commonPool-worker-1] INFO  utils.BackgroundService (BackgroundService.java:shutdown(151)) - Shutting down service BlockDeletingService
2019-11-14 17:37:05,042 [ForkJoinPool.commonPool-worker-1] INFO  statemachine.DatanodeStateMachine (DatanodeStateMachine.java:stopDaemon(395)) - Ozone container server stopped.
2019-11-14 17:37:05,052 [main] INFO  utils.BackgroundService (BackgroundService.java:shutdown(151)) - Shutting down service BlockDeletingService
2019-11-14 17:37:05,058 [main] INFO  statemachine.DatanodeStateMachine (DatanodeStateMachine.java:stopDaemon(395)) - Ozone container server stopped.
2019-11-14 17:37:05,059 [ForkJoinPool.commonPool-worker-1] INFO  handler.ContextHandler (ContextHandler.java:doStop(910)) - Stopped o.e.j.w.WebAppContext@60aec68a{/,null,UNAVAILABLE}{/hddsDatanode}
2019-11-14 17:37:05,060 [ForkJoinPool.commonPool-worker-1] INFO  server.AbstractConnector (AbstractConnector.java:doStop(318)) - Stopped ServerConnector@25a7fedf{HTTP/1.1,[http/1.1]}{0.0.0.0:0}
2019-11-14 17:37:05,060 [main] INFO  handler.ContextHandler (ContextHandler.java:doStop(910)) - Stopped o.e.j.w.WebAppContext@1c52552f{/,null,UNAVAILABLE}{/hddsDatanode}
2019-11-14 17:37:05,067 [ForkJoinPool.commonPool-worker-1] INFO  handler.ContextHandler (ContextHandler.java:doStop(910)) - Stopped o.e.j.s.ServletContextHandler@7af52ec7{/static,jar:file:/home/user/.m2/repository/org/apache/hadoop/hadoop-hdds-container-service/0.5.0-SNAPSHOT/hadoop-hdds-container-service-0.5.0-SNAPSHOT.jar!/webapps/static,UNAVAILABLE}
2019-11-14 17:37:05,067 [ForkJoinPool.commonPool-worker-1] INFO  handler.ContextHandler (ContextHandler.java:doStop(910)) - Stopped o.e.j.s.ServletContextHandler@46046c06{/logs,file:///workdir/hadoop-ozone/integration-test/target/log,UNAVAILABLE}
2019-11-14 17:37:05,067 [main] INFO  server.AbstractConnector (AbstractConnector.java:doStop(318)) - Stopped ServerConnector@5dc769f9{HTTP/1.1,[http/1.1]}{0.0.0.0:0}
2019-11-14 17:37:05,068 [main] INFO  handler.ContextHandler (ContextHandler.java:doStop(910)) - Stopped o.e.j.s.ServletContextHandler@4c1d59cd{/static,jar:file:/home/user/.m2/repository/org/apache/hadoop/hadoop-hdds-container-service/0.5.0-SNAPSHOT/hadoop-hdds-container-service-0.5.0-SNAPSHOT.jar!/webapps/static,UNAVAILABLE}
2019-11-14 17:37:05,069 [main] INFO  handler.ContextHandler (ContextHandler.java:doStop(910)) - Stopped o.e.j.s.ServletContextHandler@629984eb{/logs,file:///workdir/hadoop-ozone/integration-test/target/log,UNAVAILABLE}
2019-11-14 17:37:05,098 [grpc-default-executor-2] WARN  server.GrpcLogAppender (LogUtils.java:warn(134)) - b2e3cdb6-e490-4d5b-a0a3-6f5ff6451210@group-7E7D5A9DDDD2->7dd38d19-97a5-42cf-8254-8fed67def3f2-AppendLogResponseHandler: Failed appendEntries: org.apache.ratis.thirdparty.io.grpc.StatusRuntimeException: UNAVAILABLE: io exception
2019-11-14 17:37:05,099 [grpc-default-executor-2] INFO  impl.FollowerInfo (FollowerInfo.java:lambda$new$0(51)) - b2e3cdb6-e490-4d5b-a0a3-6f5ff6451210@group-7E7D5A9DDDD2->7dd38d19-97a5-42cf-8254-8fed67def3f2: nextIndex: updateUnconditionally 0 -> 0
2019-11-14 17:37:05,243 [grpc-default-executor-4] WARN  server.GrpcLogAppender (LogUtils.java:warn(134)) - 785a1b68-bc50-461a-9c66-217454b39c0f@group-7B1089351A69->55ab2526-4f89-4bd2-9902-395461fa7031-AppendLogResponseHandler: Failed appendEntries: org.apache.ratis.thirdparty.io.grpc.StatusRuntimeException: UNAVAILABLE: io exception
2019-11-14 17:37:05,244 [grpc-default-executor-4] INFO  impl.FollowerInfo (FollowerInfo.java:lambda$new$0(51)) - 785a1b68-bc50-461a-9c66-217454b39c0f@group-7B1089351A69->55ab2526-4f89-4bd2-9902-395461fa7031: nextIndex: updateUnconditionally 0 -> 0
2019-11-14 17:37:05,263 [grpc-default-executor-3] WARN  server.GrpcLogAppender (LogUtils.java:warn(134)) - 785a1b68-bc50-461a-9c66-217454b39c0f@group-7B1089351A69->a3b153ef-1e94-4227-8997-77072f34e630-AppendLogResponseHandler: Failed appendEntries: org.apache.ratis.thirdparty.io.grpc.StatusRuntimeException: UNAVAILABLE: io exception
2019-11-14 17:37:05,263 [grpc-default-executor-3] INFO  impl.FollowerInfo (FollowerInfo.java:lambda$new$0(51)) - 785a1b68-bc50-461a-9c66-217454b39c0f@group-7B1089351A69->a3b153ef-1e94-4227-8997-77072f34e630: nextIndex: updateUnconditionally 0 -> 0
2019-11-14 17:37:05,599 [grpc-default-executor-2] WARN  server.GrpcLogAppender (LogUtils.java:warn(134)) - b2e3cdb6-e490-4d5b-a0a3-6f5ff6451210@group-7E7D5A9DDDD2->7dd38d19-97a5-42cf-8254-8fed67def3f2-AppendLogResponseHandler: Failed appendEntries: org.apache.ratis.thirdparty.io.grpc.StatusRuntimeException: UNAVAILABLE: io exception
2019-11-14 17:37:05,600 [grpc-default-executor-2] INFO  impl.FollowerInfo (FollowerInfo.java:lambda$new$0(51)) - b2e3cdb6-e490-4d5b-a0a3-6f5ff6451210@group-7E7D5A9DDDD2->7dd38d19-97a5-42cf-8254-8fed67def3f2: nextIndex: updateUnconditionally 0 -> 0
2019-11-14 17:37:05,603 [Datanode State Machine Thread - 0] INFO  statemachine.DatanodeStateMachine (DatanodeStateMachine.java:lambda$startDaemon$0(350)) - Ozone container server started.
2019-11-14 17:37:05,746 [grpc-default-executor-4] WARN  server.GrpcLogAppender (LogUtils.java:warn(134)) - 785a1b68-bc50-461a-9c66-217454b39c0f@group-7B1089351A69->55ab2526-4f89-4bd2-9902-395461fa7031-AppendLogResponseHandler: Failed appendEntries: org.apache.ratis.thirdparty.io.grpc.StatusRuntimeException: UNAVAILABLE: io exception
2019-11-14 17:37:05,746 [grpc-default-executor-4] INFO  impl.FollowerInfo (FollowerInfo.java:lambda$new$0(51)) - 785a1b68-bc50-461a-9c66-217454b39c0f@group-7B1089351A69->55ab2526-4f89-4bd2-9902-395461fa7031: nextIndex: updateUnconditionally 0 -> 0
2019-11-14 17:37:05,764 [grpc-default-executor-3] WARN  server.GrpcLogAppender (LogUtils.java:warn(134)) - 785a1b68-bc50-461a-9c66-217454b39c0f@group-7B1089351A69->a3b153ef-1e94-4227-8997-77072f34e630-AppendLogResponseHandler: Failed appendEntries: org.apache.ratis.thirdparty.io.grpc.StatusRuntimeException: UNAVAILABLE: io exception
2019-11-14 17:37:05,764 [grpc-default-executor-3] INFO  impl.FollowerInfo (FollowerInfo.java:lambda$new$0(51)) - 785a1b68-bc50-461a-9c66-217454b39c0f@group-7B1089351A69->a3b153ef-1e94-4227-8997-77072f34e630: nextIndex: updateUnconditionally 0 -> 0
2019-11-14 17:37:06,001 [Datanode State Machine Thread - 0] INFO  statemachine.DatanodeStateMachine (DatanodeStateMachine.java:lambda$startDaemon$0(350)) - Ozone container server started.
2019-11-14 17:37:06,094 [Thread-1658] INFO  impl.FollowerState (FollowerState.java:run(111)) - 1f17fae6-ef42-4b5f-b929-258c4df74eb0@group-E7DF167351A9-FollowerState: change to CANDIDATE, lastRpcTime:1109ms, electionTimeout:1109ms
2019-11-14 17:37:06,095 [Thread-1658] INFO  impl.RoleInfo (RoleInfo.java:shutdownFollowerState(121)) - 1f17fae6-ef42-4b5f-b929-258c4df74eb0: shutdown FollowerState
2019-11-14 17:37:06,095 [Thread-1658] INFO  impl.RaftServerImpl (RaftServerImpl.java:setRole(173)) - 1f17fae6-ef42-4b5f-b929-258c4df74eb0@group-E7DF167351A9: changes role from  FOLLOWER to CANDIDATE at term 7 for changeToCandidate
2019-11-14 17:37:06,095 [Thread-1658] INFO  impl.RoleInfo (RoleInfo.java:updateAndGet(143)) - 1f17fae6-ef42-4b5f-b929-258c4df74eb0: start LeaderElection
2019-11-14 17:37:06,100 [grpc-default-executor-2] WARN  server.GrpcLogAppender (LogUtils.java:warn(134)) - b2e3cdb6-e490-4d5b-a0a3-6f5ff6451210@group-7E7D5A9DDDD2->7dd38d19-97a5-42cf-8254-8fed67def3f2-AppendLogResponseHandler: Failed appendEntries: org.apache.ratis.thirdparty.io.grpc.StatusRuntimeException: UNAVAILABLE: io exception
2019-11-14 17:37:06,100 [grpc-default-executor-2] INFO  impl.FollowerInfo (FollowerInfo.java:lambda$new$0(51)) - b2e3cdb6-e490-4d5b-a0a3-6f5ff6451210@group-7E7D5A9DDDD2->7dd38d19-97a5-42cf-8254-8fed67def3f2: nextIndex: updateUnconditionally 0 -> 0
2019-11-14 17:37:06,120 [1f17fae6-ef42-4b5f-b929-258c4df74eb0@group-E7DF167351A9-LeaderElection89] INFO  impl.LeaderElection (LeaderElection.java:askForVotes(178)) - 1f17fae6-ef42-4b5f-b929-258c4df74eb0@group-E7DF167351A9-LeaderElection89: begin an election at term 8 for 1: [1f17fae6-ef42-4b5f-b929-258c4df74eb0:192.168.157.194:44377, 0b8c2274-85ff-4b39-8671-ec8be5904baa:192.168.157.194:34392, c40a56fe-5273-466a-9f61-79febf43aa6a:192.168.157.194:45340], old=null
2019-11-14 17:37:06,121 [1f17fae6-ef42-4b5f-b929-258c4df74eb0@group-E7DF167351A9-LeaderElection89] INFO  impl.LeaderElection (LogUtils.java:infoOrTrace(149)) - 1f17fae6-ef42-4b5f-b929-258c4df74eb0@group-E7DF167351A9-LeaderElection89 got exception when requesting votes: {}
java.util.concurrent.ExecutionException: org.apache.ratis.thirdparty.io.grpc.StatusRuntimeException: UNAVAILABLE: io exception
	at java.util.concurrent.FutureTask.report(FutureTask.java:122)
	at java.util.concurrent.FutureTask.get(FutureTask.java:192)
	at org.apache.ratis.server.impl.LeaderElection.waitForResults(LeaderElection.java:259)
	at org.apache.ratis.server.impl.LeaderElection.askForVotes(LeaderElection.java:197)
	at org.apache.ratis.server.impl.LeaderElection.run(LeaderElection.java:133)
	at java.lang.Thread.run(Thread.java:748)
Caused by: org.apache.ratis.thirdparty.io.grpc.StatusRuntimeException: UNAVAILABLE: io exception
	at org.apache.ratis.thirdparty.io.grpc.stub.ClientCalls.toStatusRuntimeException(ClientCalls.java:233)
	at org.apache.ratis.thirdparty.io.grpc.stub.ClientCalls.getUnchecked(ClientCalls.java:214)
	at org.apache.ratis.thirdparty.io.grpc.stub.ClientCalls.blockingUnaryCall(ClientCalls.java:139)
	at org.apache.ratis.proto.grpc.RaftServerProtocolServiceGrpc$RaftServerProtocolServiceBlockingStub.requestVote(RaftServerProtocolServiceGrpc.java:265)
	at org.apache.ratis.grpc.server.GrpcServerProtocolClient.requestVote(GrpcServerProtocolClient.java:99)
	at org.apache.ratis.grpc.server.GrpcService.requestVote(GrpcService.java:204)
	at org.apache.ratis.server.impl.LeaderElection.lambda$submitRequests$1(LeaderElection.java:234)
	at java.util.concurrent.FutureTask.run(FutureTask.java:266)
	at java.util.concurrent.Executors$RunnableAdapter.call(Executors.java:511)
	at java.util.concurrent.FutureTask.run(FutureTask.java:266)
	at java.util.concurrent.ThreadPoolExecutor.runWorker(ThreadPoolExecutor.java:1149)
	at java.util.concurrent.ThreadPoolExecutor$Worker.run(ThreadPoolExecutor.java:624)
	... 1 more
Caused by: org.apache.ratis.thirdparty.io.netty.channel.AbstractChannel$AnnotatedConnectException: Connection refused: /192.168.157.194:34392
	at sun.nio.ch.SocketChannelImpl.checkConnect(Native Method)
	at sun.nio.ch.SocketChannelImpl.finishConnect(SocketChannelImpl.java:717)
	at org.apache.ratis.thirdparty.io.netty.channel.socket.nio.NioSocketChannel.doFinishConnect(NioSocketChannel.java:327)
	at org.apache.ratis.thirdparty.io.netty.channel.nio.AbstractNioChannel$AbstractNioUnsafe.finishConnect(AbstractNioChannel.java:340)
	at org.apache.ratis.thirdparty.io.netty.channel.nio.NioEventLoop.processSelectedKey(NioEventLoop.java:632)
	at org.apache.ratis.thirdparty.io.netty.channel.nio.NioEventLoop.processSelectedKeysOptimized(NioEventLoop.java:579)
	at org.apache.ratis.thirdparty.io.netty.channel.nio.NioEventLoop.processSelectedKeys(NioEventLoop.java:496)
	at org.apache.ratis.thirdparty.io.netty.channel.nio.NioEventLoop.run(NioEventLoop.java:458)
	at org.apache.ratis.thirdparty.io.netty.util.concurrent.SingleThreadEventExecutor$5.run(SingleThreadEventExecutor.java:897)
	at org.apache.ratis.thirdparty.io.netty.util.concurrent.FastThreadLocalRunnable.run(FastThreadLocalRunnable.java:30)
	... 1 more
Caused by: java.net.ConnectException: Connection refused
	... 11 more
2019-11-14 17:37:06,122 [1f17fae6-ef42-4b5f-b929-258c4df74eb0@group-E7DF167351A9-LeaderElection89] INFO  impl.LeaderElection (LogUtils.java:infoOrTrace(149)) - 1f17fae6-ef42-4b5f-b929-258c4df74eb0@group-E7DF167351A9-LeaderElection89 got exception when requesting votes: {}
java.util.concurrent.ExecutionException: org.apache.ratis.thirdparty.io.grpc.StatusRuntimeException: UNAVAILABLE: io exception
	at java.util.concurrent.FutureTask.report(FutureTask.java:122)
	at java.util.concurrent.FutureTask.get(FutureTask.java:192)
	at org.apache.ratis.server.impl.LeaderElection.waitForResults(LeaderElection.java:259)
	at org.apache.ratis.server.impl.LeaderElection.askForVotes(LeaderElection.java:197)
	at org.apache.ratis.server.impl.LeaderElection.run(LeaderElection.java:133)
	at java.lang.Thread.run(Thread.java:748)
Caused by: org.apache.ratis.thirdparty.io.grpc.StatusRuntimeException: UNAVAILABLE: io exception
	at org.apache.ratis.thirdparty.io.grpc.stub.ClientCalls.toStatusRuntimeException(ClientCalls.java:233)
	at org.apache.ratis.thirdparty.io.grpc.stub.ClientCalls.getUnchecked(ClientCalls.java:214)
	at org.apache.ratis.thirdparty.io.grpc.stub.ClientCalls.blockingUnaryCall(ClientCalls.java:139)
	at org.apache.ratis.proto.grpc.RaftServerProtocolServiceGrpc$RaftServerProtocolServiceBlockingStub.requestVote(RaftServerProtocolServiceGrpc.java:265)
	at org.apache.ratis.grpc.server.GrpcServerProtocolClient.requestVote(GrpcServerProtocolClient.java:99)
	at org.apache.ratis.grpc.server.GrpcService.requestVote(GrpcService.java:204)
	at org.apache.ratis.server.impl.LeaderElection.lambda$submitRequests$1(LeaderElection.java:234)
	at java.util.concurrent.FutureTask.run(FutureTask.java:266)
	at java.util.concurrent.Executors$RunnableAdapter.call(Executors.java:511)
	at java.util.concurrent.FutureTask.run(FutureTask.java:266)
	at java.util.concurrent.ThreadPoolExecutor.runWorker(ThreadPoolExecutor.java:1149)
	at java.util.concurrent.ThreadPoolExecutor$Worker.run(ThreadPoolExecutor.java:624)
	... 1 more
Caused by: org.apache.ratis.thirdparty.io.netty.channel.AbstractChannel$AnnotatedConnectException: Connection refused: /192.168.157.194:45340
	at sun.nio.ch.SocketChannelImpl.checkConnect(Native Method)
	at sun.nio.ch.SocketChannelImpl.finishConnect(SocketChannelImpl.java:717)
	at org.apache.ratis.thirdparty.io.netty.channel.socket.nio.NioSocketChannel.doFinishConnect(NioSocketChannel.java:327)
	at org.apache.ratis.thirdparty.io.netty.channel.nio.AbstractNioChannel$AbstractNioUnsafe.finishConnect(AbstractNioChannel.java:340)
	at org.apache.ratis.thirdparty.io.netty.channel.nio.NioEventLoop.processSelectedKey(NioEventLoop.java:632)
	at org.apache.ratis.thirdparty.io.netty.channel.nio.NioEventLoop.processSelectedKeysOptimized(NioEventLoop.java:579)
	at org.apache.ratis.thirdparty.io.netty.channel.nio.NioEventLoop.processSelectedKeys(NioEventLoop.java:496)
	at org.apache.ratis.thirdparty.io.netty.channel.nio.NioEventLoop.run(NioEventLoop.java:458)
	at org.apache.ratis.thirdparty.io.netty.util.concurrent.SingleThreadEventExecutor$5.run(SingleThreadEventExecutor.java:897)
	at org.apache.ratis.thirdparty.io.netty.util.concurrent.FastThreadLocalRunnable.run(FastThreadLocalRunnable.java:30)
	... 1 more
Caused by: java.net.ConnectException: Connection refused
	... 11 more
2019-11-14 17:37:06,122 [1f17fae6-ef42-4b5f-b929-258c4df74eb0@group-E7DF167351A9-LeaderElection89] INFO  impl.LeaderElection (LeaderElection.java:logAndReturn(56)) - 1f17fae6-ef42-4b5f-b929-258c4df74eb0@group-E7DF167351A9-LeaderElection89: Election REJECTED; received 0 response(s) [] and 2 exception(s); 1f17fae6-ef42-4b5f-b929-258c4df74eb0@group-E7DF167351A9:t8, leader=null, voted=1f17fae6-ef42-4b5f-b929-258c4df74eb0, raftlog=1f17fae6-ef42-4b5f-b929-258c4df74eb0@group-E7DF167351A9-SegmentedRaftLog:OPENED:c6,f6,i6, conf=1: [1f17fae6-ef42-4b5f-b929-258c4df74eb0:192.168.157.194:44377, 0b8c2274-85ff-4b39-8671-ec8be5904baa:192.168.157.194:34392, c40a56fe-5273-466a-9f61-79febf43aa6a:192.168.157.194:45340], old=null
2019-11-14 17:37:06,123 [1f17fae6-ef42-4b5f-b929-258c4df74eb0@group-E7DF167351A9-LeaderElection89] INFO  impl.LeaderElection (LogUtils.java:infoOrTrace(149)) -   Exception 0: {}
java.util.concurrent.ExecutionException: org.apache.ratis.thirdparty.io.grpc.StatusRuntimeException: UNAVAILABLE: io exception
	at java.util.concurrent.FutureTask.report(FutureTask.java:122)
	at java.util.concurrent.FutureTask.get(FutureTask.java:192)
	at org.apache.ratis.server.impl.LeaderElection.waitForResults(LeaderElection.java:259)
	at org.apache.ratis.server.impl.LeaderElection.askForVotes(LeaderElection.java:197)
	at org.apache.ratis.server.impl.LeaderElection.run(LeaderElection.java:133)
	at java.lang.Thread.run(Thread.java:748)
Caused by: org.apache.ratis.thirdparty.io.grpc.StatusRuntimeException: UNAVAILABLE: io exception
	at org.apache.ratis.thirdparty.io.grpc.stub.ClientCalls.toStatusRuntimeException(ClientCalls.java:233)
	at org.apache.ratis.thirdparty.io.grpc.stub.ClientCalls.getUnchecked(ClientCalls.java:214)
	at org.apache.ratis.thirdparty.io.grpc.stub.ClientCalls.blockingUnaryCall(ClientCalls.java:139)
	at org.apache.ratis.proto.grpc.RaftServerProtocolServiceGrpc$RaftServerProtocolServiceBlockingStub.requestVote(RaftServerProtocolServiceGrpc.java:265)
	at org.apache.ratis.grpc.server.GrpcServerProtocolClient.requestVote(GrpcServerProtocolClient.java:99)
	at org.apache.ratis.grpc.server.GrpcService.requestVote(GrpcService.java:204)
	at org.apache.ratis.server.impl.LeaderElection.lambda$submitRequests$1(LeaderElection.java:234)
	at java.util.concurrent.FutureTask.run(FutureTask.java:266)
	at java.util.concurrent.Executors$RunnableAdapter.call(Executors.java:511)
	at java.util.concurrent.FutureTask.run(FutureTask.java:266)
	at java.util.concurrent.ThreadPoolExecutor.runWorker(ThreadPoolExecutor.java:1149)
	at java.util.concurrent.ThreadPoolExecutor$Worker.run(ThreadPoolExecutor.java:624)
	... 1 more
Caused by: org.apache.ratis.thirdparty.io.netty.channel.AbstractChannel$AnnotatedConnectException: Connection refused: /192.168.157.194:34392
	at sun.nio.ch.SocketChannelImpl.checkConnect(Native Method)
	at sun.nio.ch.SocketChannelImpl.finishConnect(SocketChannelImpl.java:717)
	at org.apache.ratis.thirdparty.io.netty.channel.socket.nio.NioSocketChannel.doFinishConnect(NioSocketChannel.java:327)
	at org.apache.ratis.thirdparty.io.netty.channel.nio.AbstractNioChannel$AbstractNioUnsafe.finishConnect(AbstractNioChannel.java:340)
	at org.apache.ratis.thirdparty.io.netty.channel.nio.NioEventLoop.processSelectedKey(NioEventLoop.java:632)
	at org.apache.ratis.thirdparty.io.netty.channel.nio.NioEventLoop.processSelectedKeysOptimized(NioEventLoop.java:579)
	at org.apache.ratis.thirdparty.io.netty.channel.nio.NioEventLoop.processSelectedKeys(NioEventLoop.java:496)
	at org.apache.ratis.thirdparty.io.netty.channel.nio.NioEventLoop.run(NioEventLoop.java:458)
	at org.apache.ratis.thirdparty.io.netty.util.concurrent.SingleThreadEventExecutor$5.run(SingleThreadEventExecutor.java:897)
	at org.apache.ratis.thirdparty.io.netty.util.concurrent.FastThreadLocalRunnable.run(FastThreadLocalRunnable.java:30)
	... 1 more
Caused by: java.net.ConnectException: Connection refused
	... 11 more
2019-11-14 17:37:06,123 [1f17fae6-ef42-4b5f-b929-258c4df74eb0@group-E7DF167351A9-LeaderElection89] INFO  impl.LeaderElection (LogUtils.java:infoOrTrace(149)) -   Exception 1: {}
java.util.concurrent.ExecutionException: org.apache.ratis.thirdparty.io.grpc.StatusRuntimeException: UNAVAILABLE: io exception
	at java.util.concurrent.FutureTask.report(FutureTask.java:122)
	at java.util.concurrent.FutureTask.get(FutureTask.java:192)
	at org.apache.ratis.server.impl.LeaderElection.waitForResults(LeaderElection.java:259)
	at org.apache.ratis.server.impl.LeaderElection.askForVotes(LeaderElection.java:197)
	at org.apache.ratis.server.impl.LeaderElection.run(LeaderElection.java:133)
	at java.lang.Thread.run(Thread.java:748)
Caused by: org.apache.ratis.thirdparty.io.grpc.StatusRuntimeException: UNAVAILABLE: io exception
	at org.apache.ratis.thirdparty.io.grpc.stub.ClientCalls.toStatusRuntimeException(ClientCalls.java:233)
	at org.apache.ratis.thirdparty.io.grpc.stub.ClientCalls.getUnchecked(ClientCalls.java:214)
	at org.apache.ratis.thirdparty.io.grpc.stub.ClientCalls.blockingUnaryCall(ClientCalls.java:139)
	at org.apache.ratis.proto.grpc.RaftServerProtocolServiceGrpc$RaftServerProtocolServiceBlockingStub.requestVote(RaftServerProtocolServiceGrpc.java:265)
	at org.apache.ratis.grpc.server.GrpcServerProtocolClient.requestVote(GrpcServerProtocolClient.java:99)
	at org.apache.ratis.grpc.server.GrpcService.requestVote(GrpcService.java:204)
	at org.apache.ratis.server.impl.LeaderElection.lambda$submitRequests$1(LeaderElection.java:234)
	at java.util.concurrent.FutureTask.run(FutureTask.java:266)
	at java.util.concurrent.Executors$RunnableAdapter.call(Executors.java:511)
	at java.util.concurrent.FutureTask.run(FutureTask.java:266)
	at java.util.concurrent.ThreadPoolExecutor.runWorker(ThreadPoolExecutor.java:1149)
	at java.util.concurrent.ThreadPoolExecutor$Worker.run(ThreadPoolExecutor.java:624)
	... 1 more
Caused by: org.apache.ratis.thirdparty.io.netty.channel.AbstractChannel$AnnotatedConnectException: Connection refused: /192.168.157.194:45340
	at sun.nio.ch.SocketChannelImpl.checkConnect(Native Method)
	at sun.nio.ch.SocketChannelImpl.finishConnect(SocketChannelImpl.java:717)
	at org.apache.ratis.thirdparty.io.netty.channel.socket.nio.NioSocketChannel.doFinishConnect(NioSocketChannel.java:327)
	at org.apache.ratis.thirdparty.io.netty.channel.nio.AbstractNioChannel$AbstractNioUnsafe.finishConnect(AbstractNioChannel.java:340)
	at org.apache.ratis.thirdparty.io.netty.channel.nio.NioEventLoop.processSelectedKey(NioEventLoop.java:632)
	at org.apache.ratis.thirdparty.io.netty.channel.nio.NioEventLoop.processSelectedKeysOptimized(NioEventLoop.java:579)
	at org.apache.ratis.thirdparty.io.netty.channel.nio.NioEventLoop.processSelectedKeys(NioEventLoop.java:496)
	at org.apache.ratis.thirdparty.io.netty.channel.nio.NioEventLoop.run(NioEventLoop.java:458)
	at org.apache.ratis.thirdparty.io.netty.util.concurrent.SingleThreadEventExecutor$5.run(SingleThreadEventExecutor.java:897)
	at org.apache.ratis.thirdparty.io.netty.util.concurrent.FastThreadLocalRunnable.run(FastThreadLocalRunnable.java:30)
	... 1 more
Caused by: java.net.ConnectException: Connection refused
	... 11 more
2019-11-14 17:37:06,124 [1f17fae6-ef42-4b5f-b929-258c4df74eb0@group-E7DF167351A9-LeaderElection89] INFO  impl.RaftServerImpl (RaftServerImpl.java:setRole(173)) - 1f17fae6-ef42-4b5f-b929-258c4df74eb0@group-E7DF167351A9: changes role from CANDIDATE to FOLLOWER at term 8 for DISCOVERED_A_NEW_TERM
2019-11-14 17:37:06,124 [1f17fae6-ef42-4b5f-b929-258c4df74eb0@group-E7DF167351A9-LeaderElection89] INFO  impl.RoleInfo (RoleInfo.java:shutdownLeaderElection(134)) - 1f17fae6-ef42-4b5f-b929-258c4df74eb0: shutdown LeaderElection
2019-11-14 17:37:06,124 [1f17fae6-ef42-4b5f-b929-258c4df74eb0@group-E7DF167351A9-LeaderElection89] INFO  impl.RoleInfo (RoleInfo.java:updateAndGet(143)) - 1f17fae6-ef42-4b5f-b929-258c4df74eb0: start FollowerState
2019-11-14 17:37:06,246 [grpc-default-executor-4] WARN  server.GrpcLogAppender (LogUtils.java:warn(134)) - 785a1b68-bc50-461a-9c66-217454b39c0f@group-7B1089351A69->55ab2526-4f89-4bd2-9902-395461fa7031-AppendLogResponseHandler: Failed appendEntries: org.apache.ratis.thirdparty.io.grpc.StatusRuntimeException: UNAVAILABLE: io exception
2019-11-14 17:37:06,246 [grpc-default-executor-4] INFO  impl.FollowerInfo (FollowerInfo.java:lambda$new$0(51)) - 785a1b68-bc50-461a-9c66-217454b39c0f@group-7B1089351A69->55ab2526-4f89-4bd2-9902-395461fa7031: nextIndex: updateUnconditionally 0 -> 0
2019-11-14 17:37:06,264 [grpc-default-executor-3] WARN  server.GrpcLogAppender (LogUtils.java:warn(134)) - 785a1b68-bc50-461a-9c66-217454b39c0f@group-7B1089351A69->a3b153ef-1e94-4227-8997-77072f34e630-AppendLogResponseHandler: Failed appendEntries: org.apache.ratis.thirdparty.io.grpc.StatusRuntimeException: UNAVAILABLE: io exception
2019-11-14 17:37:06,264 [grpc-default-executor-3] INFO  impl.FollowerInfo (FollowerInfo.java:lambda$new$0(51)) - 785a1b68-bc50-461a-9c66-217454b39c0f@group-7B1089351A69->a3b153ef-1e94-4227-8997-77072f34e630: nextIndex: updateUnconditionally 0 -> 0
2019-11-14 17:37:06,602 [grpc-default-executor-2] WARN  server.GrpcLogAppender (LogUtils.java:warn(134)) - b2e3cdb6-e490-4d5b-a0a3-6f5ff6451210@group-7E7D5A9DDDD2->7dd38d19-97a5-42cf-8254-8fed67def3f2-AppendLogResponseHandler: Failed appendEntries: org.apache.ratis.thirdparty.io.grpc.StatusRuntimeException: UNAVAILABLE: io exception
2019-11-14 17:37:06,602 [grpc-default-executor-2] INFO  impl.FollowerInfo (FollowerInfo.java:lambda$new$0(51)) - b2e3cdb6-e490-4d5b-a0a3-6f5ff6451210@group-7E7D5A9DDDD2->7dd38d19-97a5-42cf-8254-8fed67def3f2: nextIndex: updateUnconditionally 0 -> 0
2019-11-14 17:37:06,746 [grpc-default-executor-3] WARN  server.GrpcLogAppender (LogUtils.java:warn(134)) - 785a1b68-bc50-461a-9c66-217454b39c0f@group-7B1089351A69->55ab2526-4f89-4bd2-9902-395461fa7031-AppendLogResponseHandler: Failed appendEntries: org.apache.ratis.thirdparty.io.grpc.StatusRuntimeException: UNAVAILABLE: io exception
2019-11-14 17:37:06,747 [grpc-default-executor-3] INFO  impl.FollowerInfo (FollowerInfo.java:lambda$new$0(51)) - 785a1b68-bc50-461a-9c66-217454b39c0f@group-7B1089351A69->55ab2526-4f89-4bd2-9902-395461fa7031: nextIndex: updateUnconditionally 0 -> 0
2019-11-14 17:37:06,765 [grpc-default-executor-4] WARN  server.GrpcLogAppender (LogUtils.java:warn(134)) - 785a1b68-bc50-461a-9c66-217454b39c0f@group-7B1089351A69->a3b153ef-1e94-4227-8997-77072f34e630-AppendLogResponseHandler: Failed appendEntries: org.apache.ratis.thirdparty.io.grpc.StatusRuntimeException: UNAVAILABLE: io exception
2019-11-14 17:37:06,765 [grpc-default-executor-4] INFO  impl.FollowerInfo (FollowerInfo.java:lambda$new$0(51)) - 785a1b68-bc50-461a-9c66-217454b39c0f@group-7B1089351A69->a3b153ef-1e94-4227-8997-77072f34e630: nextIndex: updateUnconditionally 0 -> 0
2019-11-14 17:37:07,102 [grpc-default-executor-2] WARN  server.GrpcLogAppender (LogUtils.java:warn(134)) - b2e3cdb6-e490-4d5b-a0a3-6f5ff6451210@group-7E7D5A9DDDD2->7dd38d19-97a5-42cf-8254-8fed67def3f2-AppendLogResponseHandler: Failed appendEntries: org.apache.ratis.thirdparty.io.grpc.StatusRuntimeException: UNAVAILABLE: io exception
2019-11-14 17:37:07,103 [grpc-default-executor-2] INFO  impl.FollowerInfo (FollowerInfo.java:lambda$new$0(51)) - b2e3cdb6-e490-4d5b-a0a3-6f5ff6451210@group-7E7D5A9DDDD2->7dd38d19-97a5-42cf-8254-8fed67def3f2: nextIndex: updateUnconditionally 0 -> 0
2019-11-14 17:37:07,250 [grpc-default-executor-2] WARN  server.GrpcLogAppender (LogUtils.java:warn(134)) - 785a1b68-bc50-461a-9c66-217454b39c0f@group-7B1089351A69->55ab2526-4f89-4bd2-9902-395461fa7031-AppendLogResponseHandler: Failed appendEntries: org.apache.ratis.thirdparty.io.grpc.StatusRuntimeException: UNAVAILABLE: io exception
2019-11-14 17:37:07,250 [grpc-default-executor-2] INFO  impl.FollowerInfo (FollowerInfo.java:lambda$new$0(51)) - 785a1b68-bc50-461a-9c66-217454b39c0f@group-7B1089351A69->55ab2526-4f89-4bd2-9902-395461fa7031: nextIndex: updateUnconditionally 0 -> 0
2019-11-14 17:37:07,266 [grpc-default-executor-3] WARN  server.GrpcLogAppender (LogUtils.java:warn(134)) - 785a1b68-bc50-461a-9c66-217454b39c0f@group-7B1089351A69->a3b153ef-1e94-4227-8997-77072f34e630-AppendLogResponseHandler: Failed appendEntries: org.apache.ratis.thirdparty.io.grpc.StatusRuntimeException: UNAVAILABLE: io exception
2019-11-14 17:37:07,266 [grpc-default-executor-3] INFO  impl.FollowerInfo (FollowerInfo.java:lambda$new$0(51)) - 785a1b68-bc50-461a-9c66-217454b39c0f@group-7B1089351A69->a3b153ef-1e94-4227-8997-77072f34e630: nextIndex: updateUnconditionally 0 -> 0
2019-11-14 17:37:07,312 [Thread-1664] INFO  impl.FollowerState (FollowerState.java:run(111)) - 1f17fae6-ef42-4b5f-b929-258c4df74eb0@group-E7DF167351A9-FollowerState: change to CANDIDATE, lastRpcTime:1187ms, electionTimeout:1187ms
2019-11-14 17:37:07,312 [Thread-1664] INFO  impl.RoleInfo (RoleInfo.java:shutdownFollowerState(121)) - 1f17fae6-ef42-4b5f-b929-258c4df74eb0: shutdown FollowerState
2019-11-14 17:37:07,312 [Thread-1664] INFO  impl.RaftServerImpl (RaftServerImpl.java:setRole(173)) - 1f17fae6-ef42-4b5f-b929-258c4df74eb0@group-E7DF167351A9: changes role from  FOLLOWER to CANDIDATE at term 8 for changeToCandidate
2019-11-14 17:37:07,312 [Thread-1664] INFO  impl.RoleInfo (RoleInfo.java:updateAndGet(143)) - 1f17fae6-ef42-4b5f-b929-258c4df74eb0: start LeaderElection
2019-11-14 17:37:07,338 [1f17fae6-ef42-4b5f-b929-258c4df74eb0@group-E7DF167351A9-LeaderElection90] INFO  impl.LeaderElection (LeaderElection.java:askForVotes(178)) - 1f17fae6-ef42-4b5f-b929-258c4df74eb0@group-E7DF167351A9-LeaderElection90: begin an election at term 9 for 1: [1f17fae6-ef42-4b5f-b929-258c4df74eb0:192.168.157.194:44377, 0b8c2274-85ff-4b39-8671-ec8be5904baa:192.168.157.194:34392, c40a56fe-5273-466a-9f61-79febf43aa6a:192.168.157.194:45340], old=null
2019-11-14 17:37:07,339 [1f17fae6-ef42-4b5f-b929-258c4df74eb0@group-E7DF167351A9-LeaderElection90] INFO  impl.LeaderElection (LogUtils.java:infoOrTrace(149)) - 1f17fae6-ef42-4b5f-b929-258c4df74eb0@group-E7DF167351A9-LeaderElection90 got exception when requesting votes: {}
java.util.concurrent.ExecutionException: org.apache.ratis.thirdparty.io.grpc.StatusRuntimeException: UNAVAILABLE: io exception
	at java.util.concurrent.FutureTask.report(FutureTask.java:122)
	at java.util.concurrent.FutureTask.get(FutureTask.java:192)
	at org.apache.ratis.server.impl.LeaderElection.waitForResults(LeaderElection.java:259)
	at org.apache.ratis.server.impl.LeaderElection.askForVotes(LeaderElection.java:197)
	at org.apache.ratis.server.impl.LeaderElection.run(LeaderElection.java:133)
	at java.lang.Thread.run(Thread.java:748)
Caused by: org.apache.ratis.thirdparty.io.grpc.StatusRuntimeException: UNAVAILABLE: io exception
	at org.apache.ratis.thirdparty.io.grpc.stub.ClientCalls.toStatusRuntimeException(ClientCalls.java:233)
	at org.apache.ratis.thirdparty.io.grpc.stub.ClientCalls.getUnchecked(ClientCalls.java:214)
	at org.apache.ratis.thirdparty.io.grpc.stub.ClientCalls.blockingUnaryCall(ClientCalls.java:139)
	at org.apache.ratis.proto.grpc.RaftServerProtocolServiceGrpc$RaftServerProtocolServiceBlockingStub.requestVote(RaftServerProtocolServiceGrpc.java:265)
	at org.apache.ratis.grpc.server.GrpcServerProtocolClient.requestVote(GrpcServerProtocolClient.java:99)
	at org.apache.ratis.grpc.server.GrpcService.requestVote(GrpcService.java:204)
	at org.apache.ratis.server.impl.LeaderElection.lambda$submitRequests$1(LeaderElection.java:234)
	at java.util.concurrent.FutureTask.run(FutureTask.java:266)
	at java.util.concurrent.Executors$RunnableAdapter.call(Executors.java:511)
	at java.util.concurrent.FutureTask.run(FutureTask.java:266)
	at java.util.concurrent.ThreadPoolExecutor.runWorker(ThreadPoolExecutor.java:1149)
	at java.util.concurrent.ThreadPoolExecutor$Worker.run(ThreadPoolExecutor.java:624)
	... 1 more
Caused by: org.apache.ratis.thirdparty.io.netty.channel.AbstractChannel$AnnotatedConnectException: Connection refused: /192.168.157.194:45340
	at sun.nio.ch.SocketChannelImpl.checkConnect(Native Method)
	at sun.nio.ch.SocketChannelImpl.finishConnect(SocketChannelImpl.java:717)
	at org.apache.ratis.thirdparty.io.netty.channel.socket.nio.NioSocketChannel.doFinishConnect(NioSocketChannel.java:327)
	at org.apache.ratis.thirdparty.io.netty.channel.nio.AbstractNioChannel$AbstractNioUnsafe.finishConnect(AbstractNioChannel.java:340)
	at org.apache.ratis.thirdparty.io.netty.channel.nio.NioEventLoop.processSelectedKey(NioEventLoop.java:632)
	at org.apache.ratis.thirdparty.io.netty.channel.nio.NioEventLoop.processSelectedKeysOptimized(NioEventLoop.java:579)
	at org.apache.ratis.thirdparty.io.netty.channel.nio.NioEventLoop.processSelectedKeys(NioEventLoop.java:496)
	at org.apache.ratis.thirdparty.io.netty.channel.nio.NioEventLoop.run(NioEventLoop.java:458)
	at org.apache.ratis.thirdparty.io.netty.util.concurrent.SingleThreadEventExecutor$5.run(SingleThreadEventExecutor.java:897)
	at org.apache.ratis.thirdparty.io.netty.util.concurrent.FastThreadLocalRunnable.run(FastThreadLocalRunnable.java:30)
	... 1 more
Caused by: java.net.ConnectException: Connection refused
	... 11 more
2019-11-14 17:37:07,340 [1f17fae6-ef42-4b5f-b929-258c4df74eb0@group-E7DF167351A9-LeaderElection90] INFO  impl.LeaderElection (LogUtils.java:infoOrTrace(149)) - 1f17fae6-ef42-4b5f-b929-258c4df74eb0@group-E7DF167351A9-LeaderElection90 got exception when requesting votes: {}
java.util.concurrent.ExecutionException: org.apache.ratis.thirdparty.io.grpc.StatusRuntimeException: UNAVAILABLE: io exception
	at java.util.concurrent.FutureTask.report(FutureTask.java:122)
	at java.util.concurrent.FutureTask.get(FutureTask.java:192)
	at org.apache.ratis.server.impl.LeaderElection.waitForResults(LeaderElection.java:259)
	at org.apache.ratis.server.impl.LeaderElection.askForVotes(LeaderElection.java:197)
	at org.apache.ratis.server.impl.LeaderElection.run(LeaderElection.java:133)
	at java.lang.Thread.run(Thread.java:748)
Caused by: org.apache.ratis.thirdparty.io.grpc.StatusRuntimeException: UNAVAILABLE: io exception
	at org.apache.ratis.thirdparty.io.grpc.stub.ClientCalls.toStatusRuntimeException(ClientCalls.java:233)
	at org.apache.ratis.thirdparty.io.grpc.stub.ClientCalls.getUnchecked(ClientCalls.java:214)
	at org.apache.ratis.thirdparty.io.grpc.stub.ClientCalls.blockingUnaryCall(ClientCalls.java:139)
	at org.apache.ratis.proto.grpc.RaftServerProtocolServiceGrpc$RaftServerProtocolServiceBlockingStub.requestVote(RaftServerProtocolServiceGrpc.java:265)
	at org.apache.ratis.grpc.server.GrpcServerProtocolClient.requestVote(GrpcServerProtocolClient.java:99)
	at org.apache.ratis.grpc.server.GrpcService.requestVote(GrpcService.java:204)
	at org.apache.ratis.server.impl.LeaderElection.lambda$submitRequests$1(LeaderElection.java:234)
	at java.util.concurrent.FutureTask.run(FutureTask.java:266)
	at java.util.concurrent.Executors$RunnableAdapter.call(Executors.java:511)
	at java.util.concurrent.FutureTask.run(FutureTask.java:266)
	at java.util.concurrent.ThreadPoolExecutor.runWorker(ThreadPoolExecutor.java:1149)
	at java.util.concurrent.ThreadPoolExecutor$Worker.run(ThreadPoolExecutor.java:624)
	... 1 more
Caused by: org.apache.ratis.thirdparty.io.netty.channel.AbstractChannel$AnnotatedConnectException: Connection refused: /192.168.157.194:34392
	at sun.nio.ch.SocketChannelImpl.checkConnect(Native Method)
	at sun.nio.ch.SocketChannelImpl.finishConnect(SocketChannelImpl.java:717)
	at org.apache.ratis.thirdparty.io.netty.channel.socket.nio.NioSocketChannel.doFinishConnect(NioSocketChannel.java:327)
	at org.apache.ratis.thirdparty.io.netty.channel.nio.AbstractNioChannel$AbstractNioUnsafe.finishConnect(AbstractNioChannel.java:340)
	at org.apache.ratis.thirdparty.io.netty.channel.nio.NioEventLoop.processSelectedKey(NioEventLoop.java:632)
	at org.apache.ratis.thirdparty.io.netty.channel.nio.NioEventLoop.processSelectedKeysOptimized(NioEventLoop.java:579)
	at org.apache.ratis.thirdparty.io.netty.channel.nio.NioEventLoop.processSelectedKeys(NioEventLoop.java:496)
	at org.apache.ratis.thirdparty.io.netty.channel.nio.NioEventLoop.run(NioEventLoop.java:458)
	at org.apache.ratis.thirdparty.io.netty.util.concurrent.SingleThreadEventExecutor$5.run(SingleThreadEventExecutor.java:897)
	at org.apache.ratis.thirdparty.io.netty.util.concurrent.FastThreadLocalRunnable.run(FastThreadLocalRunnable.java:30)
	... 1 more
Caused by: java.net.ConnectException: Connection refused
	... 11 more
2019-11-14 17:37:07,340 [1f17fae6-ef42-4b5f-b929-258c4df74eb0@group-E7DF167351A9-LeaderElection90] INFO  impl.LeaderElection (LeaderElection.java:logAndReturn(56)) - 1f17fae6-ef42-4b5f-b929-258c4df74eb0@group-E7DF167351A9-LeaderElection90: Election REJECTED; received 0 response(s) [] and 2 exception(s); 1f17fae6-ef42-4b5f-b929-258c4df74eb0@group-E7DF167351A9:t9, leader=null, voted=1f17fae6-ef42-4b5f-b929-258c4df74eb0, raftlog=1f17fae6-ef42-4b5f-b929-258c4df74eb0@group-E7DF167351A9-SegmentedRaftLog:OPENED:c6,f6,i6, conf=1: [1f17fae6-ef42-4b5f-b929-258c4df74eb0:192.168.157.194:44377, 0b8c2274-85ff-4b39-8671-ec8be5904baa:192.168.157.194:34392, c40a56fe-5273-466a-9f61-79febf43aa6a:192.168.157.194:45340], old=null
2019-11-14 17:37:07,340 [1f17fae6-ef42-4b5f-b929-258c4df74eb0@group-E7DF167351A9-LeaderElection90] INFO  impl.LeaderElection (LogUtils.java:infoOrTrace(149)) -   Exception 0: {}
java.util.concurrent.ExecutionException: org.apache.ratis.thirdparty.io.grpc.StatusRuntimeException: UNAVAILABLE: io exception
	at java.util.concurrent.FutureTask.report(FutureTask.java:122)
	at java.util.concurrent.FutureTask.get(FutureTask.java:192)
	at org.apache.ratis.server.impl.LeaderElection.waitForResults(LeaderElection.java:259)
	at org.apache.ratis.server.impl.LeaderElection.askForVotes(LeaderElection.java:197)
	at org.apache.ratis.server.impl.LeaderElection.run(LeaderElection.java:133)
	at java.lang.Thread.run(Thread.java:748)
Caused by: org.apache.ratis.thirdparty.io.grpc.StatusRuntimeException: UNAVAILABLE: io exception
	at org.apache.ratis.thirdparty.io.grpc.stub.ClientCalls.toStatusRuntimeException(ClientCalls.java:233)
	at org.apache.ratis.thirdparty.io.grpc.stub.ClientCalls.getUnchecked(ClientCalls.java:214)
	at org.apache.ratis.thirdparty.io.grpc.stub.ClientCalls.blockingUnaryCall(ClientCalls.java:139)
	at org.apache.ratis.proto.grpc.RaftServerProtocolServiceGrpc$RaftServerProtocolServiceBlockingStub.requestVote(RaftServerProtocolServiceGrpc.java:265)
	at org.apache.ratis.grpc.server.GrpcServerProtocolClient.requestVote(GrpcServerProtocolClient.java:99)
	at org.apache.ratis.grpc.server.GrpcService.requestVote(GrpcService.java:204)
	at org.apache.ratis.server.impl.LeaderElection.lambda$submitRequests$1(LeaderElection.java:234)
	at java.util.concurrent.FutureTask.run(FutureTask.java:266)
	at java.util.concurrent.Executors$RunnableAdapter.call(Executors.java:511)
	at java.util.concurrent.FutureTask.run(FutureTask.java:266)
	at java.util.concurrent.ThreadPoolExecutor.runWorker(ThreadPoolExecutor.java:1149)
	at java.util.concurrent.ThreadPoolExecutor$Worker.run(ThreadPoolExecutor.java:624)
	... 1 more
Caused by: org.apache.ratis.thirdparty.io.netty.channel.AbstractChannel$AnnotatedConnectException: Connection refused: /192.168.157.194:45340
	at sun.nio.ch.SocketChannelImpl.checkConnect(Native Method)
	at sun.nio.ch.SocketChannelImpl.finishConnect(SocketChannelImpl.java:717)
	at org.apache.ratis.thirdparty.io.netty.channel.socket.nio.NioSocketChannel.doFinishConnect(NioSocketChannel.java:327)
	at org.apache.ratis.thirdparty.io.netty.channel.nio.AbstractNioChannel$AbstractNioUnsafe.finishConnect(AbstractNioChannel.java:340)
	at org.apache.ratis.thirdparty.io.netty.channel.nio.NioEventLoop.processSelectedKey(NioEventLoop.java:632)
	at org.apache.ratis.thirdparty.io.netty.channel.nio.NioEventLoop.processSelectedKeysOptimized(NioEventLoop.java:579)
	at org.apache.ratis.thirdparty.io.netty.channel.nio.NioEventLoop.processSelectedKeys(NioEventLoop.java:496)
	at org.apache.ratis.thirdparty.io.netty.channel.nio.NioEventLoop.run(NioEventLoop.java:458)
	at org.apache.ratis.thirdparty.io.netty.util.concurrent.SingleThreadEventExecutor$5.run(SingleThreadEventExecutor.java:897)
	at org.apache.ratis.thirdparty.io.netty.util.concurrent.FastThreadLocalRunnable.run(FastThreadLocalRunnable.java:30)
	... 1 more
Caused by: java.net.ConnectException: Connection refused
	... 11 more
2019-11-14 17:37:07,341 [1f17fae6-ef42-4b5f-b929-258c4df74eb0@group-E7DF167351A9-LeaderElection90] INFO  impl.LeaderElection (LogUtils.java:infoOrTrace(149)) -   Exception 1: {}
java.util.concurrent.ExecutionException: org.apache.ratis.thirdparty.io.grpc.StatusRuntimeException: UNAVAILABLE: io exception
	at java.util.concurrent.FutureTask.report(FutureTask.java:122)
	at java.util.concurrent.FutureTask.get(FutureTask.java:192)
	at org.apache.ratis.server.impl.LeaderElection.waitForResults(LeaderElection.java:259)
	at org.apache.ratis.server.impl.LeaderElection.askForVotes(LeaderElection.java:197)
	at org.apache.ratis.server.impl.LeaderElection.run(LeaderElection.java:133)
	at java.lang.Thread.run(Thread.java:748)
Caused by: org.apache.ratis.thirdparty.io.grpc.StatusRuntimeException: UNAVAILABLE: io exception
	at org.apache.ratis.thirdparty.io.grpc.stub.ClientCalls.toStatusRuntimeException(ClientCalls.java:233)
	at org.apache.ratis.thirdparty.io.grpc.stub.ClientCalls.getUnchecked(ClientCalls.java:214)
	at org.apache.ratis.thirdparty.io.grpc.stub.ClientCalls.blockingUnaryCall(ClientCalls.java:139)
	at org.apache.ratis.proto.grpc.RaftServerProtocolServiceGrpc$RaftServerProtocolServiceBlockingStub.requestVote(RaftServerProtocolServiceGrpc.java:265)
	at org.apache.ratis.grpc.server.GrpcServerProtocolClient.requestVote(GrpcServerProtocolClient.java:99)
	at org.apache.ratis.grpc.server.GrpcService.requestVote(GrpcService.java:204)
	at org.apache.ratis.server.impl.LeaderElection.lambda$submitRequests$1(LeaderElection.java:234)
	at java.util.concurrent.FutureTask.run(FutureTask.java:266)
	at java.util.concurrent.Executors$RunnableAdapter.call(Executors.java:511)
	at java.util.concurrent.FutureTask.run(FutureTask.java:266)
	at java.util.concurrent.ThreadPoolExecutor.runWorker(ThreadPoolExecutor.java:1149)
	at java.util.concurrent.ThreadPoolExecutor$Worker.run(ThreadPoolExecutor.java:624)
	... 1 more
Caused by: org.apache.ratis.thirdparty.io.netty.channel.AbstractChannel$AnnotatedConnectException: Connection refused: /192.168.157.194:34392
	at sun.nio.ch.SocketChannelImpl.checkConnect(Native Method)
	at sun.nio.ch.SocketChannelImpl.finishConnect(SocketChannelImpl.java:717)
	at org.apache.ratis.thirdparty.io.netty.channel.socket.nio.NioSocketChannel.doFinishConnect(NioSocketChannel.java:327)
	at org.apache.ratis.thirdparty.io.netty.channel.nio.AbstractNioChannel$AbstractNioUnsafe.finishConnect(AbstractNioChannel.java:340)
	at org.apache.ratis.thirdparty.io.netty.channel.nio.NioEventLoop.processSelectedKey(NioEventLoop.java:632)
	at org.apache.ratis.thirdparty.io.netty.channel.nio.NioEventLoop.processSelectedKeysOptimized(NioEventLoop.java:579)
	at org.apache.ratis.thirdparty.io.netty.channel.nio.NioEventLoop.processSelectedKeys(NioEventLoop.java:496)
	at org.apache.ratis.thirdparty.io.netty.channel.nio.NioEventLoop.run(NioEventLoop.java:458)
	at org.apache.ratis.thirdparty.io.netty.util.concurrent.SingleThreadEventExecutor$5.run(SingleThreadEventExecutor.java:897)
	at org.apache.ratis.thirdparty.io.netty.util.concurrent.FastThreadLocalRunnable.run(FastThreadLocalRunnable.java:30)
	... 1 more
Caused by: java.net.ConnectException: Connection refused
	... 11 more
2019-11-14 17:37:07,342 [1f17fae6-ef42-4b5f-b929-258c4df74eb0@group-E7DF167351A9-LeaderElection90] INFO  impl.RaftServerImpl (RaftServerImpl.java:setRole(173)) - 1f17fae6-ef42-4b5f-b929-258c4df74eb0@group-E7DF167351A9: changes role from CANDIDATE to FOLLOWER at term 9 for DISCOVERED_A_NEW_TERM
2019-11-14 17:37:07,342 [1f17fae6-ef42-4b5f-b929-258c4df74eb0@group-E7DF167351A9-LeaderElection90] INFO  impl.RoleInfo (RoleInfo.java:shutdownLeaderElection(134)) - 1f17fae6-ef42-4b5f-b929-258c4df74eb0: shutdown LeaderElection
2019-11-14 17:37:07,342 [1f17fae6-ef42-4b5f-b929-258c4df74eb0@group-E7DF167351A9-LeaderElection90] INFO  impl.RoleInfo (RoleInfo.java:updateAndGet(143)) - 1f17fae6-ef42-4b5f-b929-258c4df74eb0: start FollowerState
2019-11-14 17:37:07,603 [grpc-default-executor-4] WARN  server.GrpcLogAppender (LogUtils.java:warn(134)) - b2e3cdb6-e490-4d5b-a0a3-6f5ff6451210@group-7E7D5A9DDDD2->7dd38d19-97a5-42cf-8254-8fed67def3f2-AppendLogResponseHandler: Failed appendEntries: org.apache.ratis.thirdparty.io.grpc.StatusRuntimeException: UNAVAILABLE: io exception
2019-11-14 17:37:07,603 [grpc-default-executor-4] INFO  impl.FollowerInfo (FollowerInfo.java:lambda$new$0(51)) - b2e3cdb6-e490-4d5b-a0a3-6f5ff6451210@group-7E7D5A9DDDD2->7dd38d19-97a5-42cf-8254-8fed67def3f2: nextIndex: updateUnconditionally 0 -> 0
2019-11-14 17:37:07,749 [grpc-default-executor-2] WARN  server.GrpcLogAppender (LogUtils.java:warn(134)) - 785a1b68-bc50-461a-9c66-217454b39c0f@group-7B1089351A69->55ab2526-4f89-4bd2-9902-395461fa7031-AppendLogResponseHandler: Failed appendEntries: org.apache.ratis.thirdparty.io.grpc.StatusRuntimeException: UNAVAILABLE: io exception
2019-11-14 17:37:07,749 [grpc-default-executor-2] INFO  impl.FollowerInfo (FollowerInfo.java:lambda$new$0(51)) - 785a1b68-bc50-461a-9c66-217454b39c0f@group-7B1089351A69->55ab2526-4f89-4bd2-9902-395461fa7031: nextIndex: updateUnconditionally 0 -> 0
2019-11-14 17:37:07,766 [grpc-default-executor-3] WARN  server.GrpcLogAppender (LogUtils.java:warn(134)) - 785a1b68-bc50-461a-9c66-217454b39c0f@group-7B1089351A69->a3b153ef-1e94-4227-8997-77072f34e630-AppendLogResponseHandler: Failed appendEntries: org.apache.ratis.thirdparty.io.grpc.StatusRuntimeException: UNAVAILABLE: io exception
2019-11-14 17:37:07,767 [grpc-default-executor-3] INFO  impl.FollowerInfo (FollowerInfo.java:lambda$new$0(51)) - 785a1b68-bc50-461a-9c66-217454b39c0f@group-7B1089351A69->a3b153ef-1e94-4227-8997-77072f34e630: nextIndex: updateUnconditionally 0 -> 0
2019-11-14 17:37:08,108 [grpc-default-executor-3] WARN  server.GrpcLogAppender (LogUtils.java:warn(134)) - b2e3cdb6-e490-4d5b-a0a3-6f5ff6451210@group-7E7D5A9DDDD2->7dd38d19-97a5-42cf-8254-8fed67def3f2-AppendLogResponseHandler: Failed appendEntries: org.apache.ratis.thirdparty.io.grpc.StatusRuntimeException: UNAVAILABLE: io exception
2019-11-14 17:37:08,109 [grpc-default-executor-3] INFO  impl.FollowerInfo (FollowerInfo.java:lambda$new$0(51)) - b2e3cdb6-e490-4d5b-a0a3-6f5ff6451210@group-7E7D5A9DDDD2->7dd38d19-97a5-42cf-8254-8fed67def3f2: nextIndex: updateUnconditionally 0 -> 0
2019-11-14 17:37:08,250 [grpc-default-executor-4] WARN  server.GrpcLogAppender (LogUtils.java:warn(134)) - 785a1b68-bc50-461a-9c66-217454b39c0f@group-7B1089351A69->55ab2526-4f89-4bd2-9902-395461fa7031-AppendLogResponseHandler: Failed appendEntries: org.apache.ratis.thirdparty.io.grpc.StatusRuntimeException: UNAVAILABLE: io exception
2019-11-14 17:37:08,250 [grpc-default-executor-4] INFO  impl.FollowerInfo (FollowerInfo.java:lambda$new$0(51)) - 785a1b68-bc50-461a-9c66-217454b39c0f@group-7B1089351A69->55ab2526-4f89-4bd2-9902-395461fa7031: nextIndex: updateUnconditionally 0 -> 0
2019-11-14 17:37:08,267 [grpc-default-executor-2] WARN  server.GrpcLogAppender (LogUtils.java:warn(134)) - 785a1b68-bc50-461a-9c66-217454b39c0f@group-7B1089351A69->a3b153ef-1e94-4227-8997-77072f34e630-AppendLogResponseHandler: Failed appendEntries: org.apache.ratis.thirdparty.io.grpc.StatusRuntimeException: UNAVAILABLE: io exception
2019-11-14 17:37:08,267 [grpc-default-executor-2] INFO  impl.FollowerInfo (FollowerInfo.java:lambda$new$0(51)) - 785a1b68-bc50-461a-9c66-217454b39c0f@group-7B1089351A69->a3b153ef-1e94-4227-8997-77072f34e630: nextIndex: updateUnconditionally 0 -> 0
2019-11-14 17:37:08,513 [Thread-1671] INFO  impl.FollowerState (FollowerState.java:run(111)) - 1f17fae6-ef42-4b5f-b929-258c4df74eb0@group-E7DF167351A9-FollowerState: change to CANDIDATE, lastRpcTime:1170ms, electionTimeout:1170ms
2019-11-14 17:37:08,513 [Thread-1671] INFO  impl.RoleInfo (RoleInfo.java:shutdownFollowerState(121)) - 1f17fae6-ef42-4b5f-b929-258c4df74eb0: shutdown FollowerState
2019-11-14 17:37:08,513 [Thread-1671] INFO  impl.RaftServerImpl (RaftServerImpl.java:setRole(173)) - 1f17fae6-ef42-4b5f-b929-258c4df74eb0@group-E7DF167351A9: changes role from  FOLLOWER to CANDIDATE at term 9 for changeToCandidate
2019-11-14 17:37:08,513 [Thread-1671] INFO  impl.RoleInfo (RoleInfo.java:updateAndGet(143)) - 1f17fae6-ef42-4b5f-b929-258c4df74eb0: start LeaderElection
2019-11-14 17:37:08,539 [1f17fae6-ef42-4b5f-b929-258c4df74eb0@group-E7DF167351A9-LeaderElection91] INFO  impl.LeaderElection (LeaderElection.java:askForVotes(178)) - 1f17fae6-ef42-4b5f-b929-258c4df74eb0@group-E7DF167351A9-LeaderElection91: begin an election at term 10 for 1: [1f17fae6-ef42-4b5f-b929-258c4df74eb0:192.168.157.194:44377, 0b8c2274-85ff-4b39-8671-ec8be5904baa:192.168.157.194:34392, c40a56fe-5273-466a-9f61-79febf43aa6a:192.168.157.194:45340], old=null
2019-11-14 17:37:08,540 [1f17fae6-ef42-4b5f-b929-258c4df74eb0@group-E7DF167351A9-LeaderElection91] INFO  impl.LeaderElection (LogUtils.java:infoOrTrace(149)) - 1f17fae6-ef42-4b5f-b929-258c4df74eb0@group-E7DF167351A9-LeaderElection91 got exception when requesting votes: {}
java.util.concurrent.ExecutionException: org.apache.ratis.thirdparty.io.grpc.StatusRuntimeException: UNAVAILABLE: io exception
	at java.util.concurrent.FutureTask.report(FutureTask.java:122)
	at java.util.concurrent.FutureTask.get(FutureTask.java:192)
	at org.apache.ratis.server.impl.LeaderElection.waitForResults(LeaderElection.java:259)
	at org.apache.ratis.server.impl.LeaderElection.askForVotes(LeaderElection.java:197)
	at org.apache.ratis.server.impl.LeaderElection.run(LeaderElection.java:133)
	at java.lang.Thread.run(Thread.java:748)
Caused by: org.apache.ratis.thirdparty.io.grpc.StatusRuntimeException: UNAVAILABLE: io exception
	at org.apache.ratis.thirdparty.io.grpc.stub.ClientCalls.toStatusRuntimeException(ClientCalls.java:233)
	at org.apache.ratis.thirdparty.io.grpc.stub.ClientCalls.getUnchecked(ClientCalls.java:214)
	at org.apache.ratis.thirdparty.io.grpc.stub.ClientCalls.blockingUnaryCall(ClientCalls.java:139)
	at org.apache.ratis.proto.grpc.RaftServerProtocolServiceGrpc$RaftServerProtocolServiceBlockingStub.requestVote(RaftServerProtocolServiceGrpc.java:265)
	at org.apache.ratis.grpc.server.GrpcServerProtocolClient.requestVote(GrpcServerProtocolClient.java:99)
	at org.apache.ratis.grpc.server.GrpcService.requestVote(GrpcService.java:204)
	at org.apache.ratis.server.impl.LeaderElection.lambda$submitRequests$1(LeaderElection.java:234)
	at java.util.concurrent.FutureTask.run(FutureTask.java:266)
	at java.util.concurrent.Executors$RunnableAdapter.call(Executors.java:511)
	at java.util.concurrent.FutureTask.run(FutureTask.java:266)
	at java.util.concurrent.ThreadPoolExecutor.runWorker(ThreadPoolExecutor.java:1149)
	at java.util.concurrent.ThreadPoolExecutor$Worker.run(ThreadPoolExecutor.java:624)
	... 1 more
Caused by: org.apache.ratis.thirdparty.io.netty.channel.AbstractChannel$AnnotatedConnectException: Connection refused: /192.168.157.194:45340
	at sun.nio.ch.SocketChannelImpl.checkConnect(Native Method)
	at sun.nio.ch.SocketChannelImpl.finishConnect(SocketChannelImpl.java:717)
	at org.apache.ratis.thirdparty.io.netty.channel.socket.nio.NioSocketChannel.doFinishConnect(NioSocketChannel.java:327)
	at org.apache.ratis.thirdparty.io.netty.channel.nio.AbstractNioChannel$AbstractNioUnsafe.finishConnect(AbstractNioChannel.java:340)
	at org.apache.ratis.thirdparty.io.netty.channel.nio.NioEventLoop.processSelectedKey(NioEventLoop.java:632)
	at org.apache.ratis.thirdparty.io.netty.channel.nio.NioEventLoop.processSelectedKeysOptimized(NioEventLoop.java:579)
	at org.apache.ratis.thirdparty.io.netty.channel.nio.NioEventLoop.processSelectedKeys(NioEventLoop.java:496)
	at org.apache.ratis.thirdparty.io.netty.channel.nio.NioEventLoop.run(NioEventLoop.java:458)
	at org.apache.ratis.thirdparty.io.netty.util.concurrent.SingleThreadEventExecutor$5.run(SingleThreadEventExecutor.java:897)
	at org.apache.ratis.thirdparty.io.netty.util.concurrent.FastThreadLocalRunnable.run(FastThreadLocalRunnable.java:30)
	... 1 more
Caused by: java.net.ConnectException: Connection refused
	... 11 more
2019-11-14 17:37:08,541 [1f17fae6-ef42-4b5f-b929-258c4df74eb0@group-E7DF167351A9-LeaderElection91] INFO  impl.LeaderElection (LogUtils.java:infoOrTrace(149)) - 1f17fae6-ef42-4b5f-b929-258c4df74eb0@group-E7DF167351A9-LeaderElection91 got exception when requesting votes: {}
java.util.concurrent.ExecutionException: org.apache.ratis.thirdparty.io.grpc.StatusRuntimeException: UNAVAILABLE: io exception
	at java.util.concurrent.FutureTask.report(FutureTask.java:122)
	at java.util.concurrent.FutureTask.get(FutureTask.java:192)
	at org.apache.ratis.server.impl.LeaderElection.waitForResults(LeaderElection.java:259)
	at org.apache.ratis.server.impl.LeaderElection.askForVotes(LeaderElection.java:197)
	at org.apache.ratis.server.impl.LeaderElection.run(LeaderElection.java:133)
	at java.lang.Thread.run(Thread.java:748)
Caused by: org.apache.ratis.thirdparty.io.grpc.StatusRuntimeException: UNAVAILABLE: io exception
	at org.apache.ratis.thirdparty.io.grpc.stub.ClientCalls.toStatusRuntimeException(ClientCalls.java:233)
	at org.apache.ratis.thirdparty.io.grpc.stub.ClientCalls.getUnchecked(ClientCalls.java:214)
	at org.apache.ratis.thirdparty.io.grpc.stub.ClientCalls.blockingUnaryCall(ClientCalls.java:139)
	at org.apache.ratis.proto.grpc.RaftServerProtocolServiceGrpc$RaftServerProtocolServiceBlockingStub.requestVote(RaftServerProtocolServiceGrpc.java:265)
	at org.apache.ratis.grpc.server.GrpcServerProtocolClient.requestVote(GrpcServerProtocolClient.java:99)
	at org.apache.ratis.grpc.server.GrpcService.requestVote(GrpcService.java:204)
	at org.apache.ratis.server.impl.LeaderElection.lambda$submitRequests$1(LeaderElection.java:234)
	at java.util.concurrent.FutureTask.run(FutureTask.java:266)
	at java.util.concurrent.Executors$RunnableAdapter.call(Executors.java:511)
	at java.util.concurrent.FutureTask.run(FutureTask.java:266)
	at java.util.concurrent.ThreadPoolExecutor.runWorker(ThreadPoolExecutor.java:1149)
	at java.util.concurrent.ThreadPoolExecutor$Worker.run(ThreadPoolExecutor.java:624)
	... 1 more
Caused by: org.apache.ratis.thirdparty.io.netty.channel.AbstractChannel$AnnotatedConnectException: Connection refused: /192.168.157.194:34392
	at sun.nio.ch.SocketChannelImpl.checkConnect(Native Method)
	at sun.nio.ch.SocketChannelImpl.finishConnect(SocketChannelImpl.java:717)
	at org.apache.ratis.thirdparty.io.netty.channel.socket.nio.NioSocketChannel.doFinishConnect(NioSocketChannel.java:327)
	at org.apache.ratis.thirdparty.io.netty.channel.nio.AbstractNioChannel$AbstractNioUnsafe.finishConnect(AbstractNioChannel.java:340)
	at org.apache.ratis.thirdparty.io.netty.channel.nio.NioEventLoop.processSelectedKey(NioEventLoop.java:632)
	at org.apache.ratis.thirdparty.io.netty.channel.nio.NioEventLoop.processSelectedKeysOptimized(NioEventLoop.java:579)
	at org.apache.ratis.thirdparty.io.netty.channel.nio.NioEventLoop.processSelectedKeys(NioEventLoop.java:496)
	at org.apache.ratis.thirdparty.io.netty.channel.nio.NioEventLoop.run(NioEventLoop.java:458)
	at org.apache.ratis.thirdparty.io.netty.util.concurrent.SingleThreadEventExecutor$5.run(SingleThreadEventExecutor.java:897)
	at org.apache.ratis.thirdparty.io.netty.util.concurrent.FastThreadLocalRunnable.run(FastThreadLocalRunnable.java:30)
	... 1 more
Caused by: java.net.ConnectException: Connection refused
	... 11 more
2019-11-14 17:37:08,541 [1f17fae6-ef42-4b5f-b929-258c4df74eb0@group-E7DF167351A9-LeaderElection91] INFO  impl.LeaderElection (LeaderElection.java:logAndReturn(56)) - 1f17fae6-ef42-4b5f-b929-258c4df74eb0@group-E7DF167351A9-LeaderElection91: Election REJECTED; received 0 response(s) [] and 2 exception(s); 1f17fae6-ef42-4b5f-b929-258c4df74eb0@group-E7DF167351A9:t10, leader=null, voted=1f17fae6-ef42-4b5f-b929-258c4df74eb0, raftlog=1f17fae6-ef42-4b5f-b929-258c4df74eb0@group-E7DF167351A9-SegmentedRaftLog:OPENED:c6,f6,i6, conf=1: [1f17fae6-ef42-4b5f-b929-258c4df74eb0:192.168.157.194:44377, 0b8c2274-85ff-4b39-8671-ec8be5904baa:192.168.157.194:34392, c40a56fe-5273-466a-9f61-79febf43aa6a:192.168.157.194:45340], old=null
2019-11-14 17:37:08,541 [1f17fae6-ef42-4b5f-b929-258c4df74eb0@group-E7DF167351A9-LeaderElection91] INFO  impl.LeaderElection (LogUtils.java:infoOrTrace(149)) -   Exception 0: {}
java.util.concurrent.ExecutionException: org.apache.ratis.thirdparty.io.grpc.StatusRuntimeException: UNAVAILABLE: io exception
	at java.util.concurrent.FutureTask.report(FutureTask.java:122)
	at java.util.concurrent.FutureTask.get(FutureTask.java:192)
	at org.apache.ratis.server.impl.LeaderElection.waitForResults(LeaderElection.java:259)
	at org.apache.ratis.server.impl.LeaderElection.askForVotes(LeaderElection.java:197)
	at org.apache.ratis.server.impl.LeaderElection.run(LeaderElection.java:133)
	at java.lang.Thread.run(Thread.java:748)
Caused by: org.apache.ratis.thirdparty.io.grpc.StatusRuntimeException: UNAVAILABLE: io exception
	at org.apache.ratis.thirdparty.io.grpc.stub.ClientCalls.toStatusRuntimeException(ClientCalls.java:233)
	at org.apache.ratis.thirdparty.io.grpc.stub.ClientCalls.getUnchecked(ClientCalls.java:214)
	at org.apache.ratis.thirdparty.io.grpc.stub.ClientCalls.blockingUnaryCall(ClientCalls.java:139)
	at org.apache.ratis.proto.grpc.RaftServerProtocolServiceGrpc$RaftServerProtocolServiceBlockingStub.requestVote(RaftServerProtocolServiceGrpc.java:265)
	at org.apache.ratis.grpc.server.GrpcServerProtocolClient.requestVote(GrpcServerProtocolClient.java:99)
	at org.apache.ratis.grpc.server.GrpcService.requestVote(GrpcService.java:204)
	at org.apache.ratis.server.impl.LeaderElection.lambda$submitRequests$1(LeaderElection.java:234)
	at java.util.concurrent.FutureTask.run(FutureTask.java:266)
	at java.util.concurrent.Executors$RunnableAdapter.call(Executors.java:511)
	at java.util.concurrent.FutureTask.run(FutureTask.java:266)
	at java.util.concurrent.ThreadPoolExecutor.runWorker(ThreadPoolExecutor.java:1149)
	at java.util.concurrent.ThreadPoolExecutor$Worker.run(ThreadPoolExecutor.java:624)
	... 1 more
Caused by: org.apache.ratis.thirdparty.io.netty.channel.AbstractChannel$AnnotatedConnectException: Connection refused: /192.168.157.194:45340
	at sun.nio.ch.SocketChannelImpl.checkConnect(Native Method)
	at sun.nio.ch.SocketChannelImpl.finishConnect(SocketChannelImpl.java:717)
	at org.apache.ratis.thirdparty.io.netty.channel.socket.nio.NioSocketChannel.doFinishConnect(NioSocketChannel.java:327)
	at org.apache.ratis.thirdparty.io.netty.channel.nio.AbstractNioChannel$AbstractNioUnsafe.finishConnect(AbstractNioChannel.java:340)
	at org.apache.ratis.thirdparty.io.netty.channel.nio.NioEventLoop.processSelectedKey(NioEventLoop.java:632)
	at org.apache.ratis.thirdparty.io.netty.channel.nio.NioEventLoop.processSelectedKeysOptimized(NioEventLoop.java:579)
	at org.apache.ratis.thirdparty.io.netty.channel.nio.NioEventLoop.processSelectedKeys(NioEventLoop.java:496)
	at org.apache.ratis.thirdparty.io.netty.channel.nio.NioEventLoop.run(NioEventLoop.java:458)
	at org.apache.ratis.thirdparty.io.netty.util.concurrent.SingleThreadEventExecutor$5.run(SingleThreadEventExecutor.java:897)
	at org.apache.ratis.thirdparty.io.netty.util.concurrent.FastThreadLocalRunnable.run(FastThreadLocalRunnable.java:30)
	... 1 more
Caused by: java.net.ConnectException: Connection refused
	... 11 more
2019-11-14 17:37:08,542 [1f17fae6-ef42-4b5f-b929-258c4df74eb0@group-E7DF167351A9-LeaderElection91] INFO  impl.LeaderElection (LogUtils.java:infoOrTrace(149)) -   Exception 1: {}
java.util.concurrent.ExecutionException: org.apache.ratis.thirdparty.io.grpc.StatusRuntimeException: UNAVAILABLE: io exception
	at java.util.concurrent.FutureTask.report(FutureTask.java:122)
	at java.util.concurrent.FutureTask.get(FutureTask.java:192)
	at org.apache.ratis.server.impl.LeaderElection.waitForResults(LeaderElection.java:259)
	at org.apache.ratis.server.impl.LeaderElection.askForVotes(LeaderElection.java:197)
	at org.apache.ratis.server.impl.LeaderElection.run(LeaderElection.java:133)
	at java.lang.Thread.run(Thread.java:748)
Caused by: org.apache.ratis.thirdparty.io.grpc.StatusRuntimeException: UNAVAILABLE: io exception
	at org.apache.ratis.thirdparty.io.grpc.stub.ClientCalls.toStatusRuntimeException(ClientCalls.java:233)
	at org.apache.ratis.thirdparty.io.grpc.stub.ClientCalls.getUnchecked(ClientCalls.java:214)
	at org.apache.ratis.thirdparty.io.grpc.stub.ClientCalls.blockingUnaryCall(ClientCalls.java:139)
	at org.apache.ratis.proto.grpc.RaftServerProtocolServiceGrpc$RaftServerProtocolServiceBlockingStub.requestVote(RaftServerProtocolServiceGrpc.java:265)
	at org.apache.ratis.grpc.server.GrpcServerProtocolClient.requestVote(GrpcServerProtocolClient.java:99)
	at org.apache.ratis.grpc.server.GrpcService.requestVote(GrpcService.java:204)
	at org.apache.ratis.server.impl.LeaderElection.lambda$submitRequests$1(LeaderElection.java:234)
	at java.util.concurrent.FutureTask.run(FutureTask.java:266)
	at java.util.concurrent.Executors$RunnableAdapter.call(Executors.java:511)
	at java.util.concurrent.FutureTask.run(FutureTask.java:266)
	at java.util.concurrent.ThreadPoolExecutor.runWorker(ThreadPoolExecutor.java:1149)
	at java.util.concurrent.ThreadPoolExecutor$Worker.run(ThreadPoolExecutor.java:624)
	... 1 more
Caused by: org.apache.ratis.thirdparty.io.netty.channel.AbstractChannel$AnnotatedConnectException: Connection refused: /192.168.157.194:34392
	at sun.nio.ch.SocketChannelImpl.checkConnect(Native Method)
	at sun.nio.ch.SocketChannelImpl.finishConnect(SocketChannelImpl.java:717)
	at org.apache.ratis.thirdparty.io.netty.channel.socket.nio.NioSocketChannel.doFinishConnect(NioSocketChannel.java:327)
	at org.apache.ratis.thirdparty.io.netty.channel.nio.AbstractNioChannel$AbstractNioUnsafe.finishConnect(AbstractNioChannel.java:340)
	at org.apache.ratis.thirdparty.io.netty.channel.nio.NioEventLoop.processSelectedKey(NioEventLoop.java:632)
	at org.apache.ratis.thirdparty.io.netty.channel.nio.NioEventLoop.processSelectedKeysOptimized(NioEventLoop.java:579)
	at org.apache.ratis.thirdparty.io.netty.channel.nio.NioEventLoop.processSelectedKeys(NioEventLoop.java:496)
	at org.apache.ratis.thirdparty.io.netty.channel.nio.NioEventLoop.run(NioEventLoop.java:458)
	at org.apache.ratis.thirdparty.io.netty.util.concurrent.SingleThreadEventExecutor$5.run(SingleThreadEventExecutor.java:897)
	at org.apache.ratis.thirdparty.io.netty.util.concurrent.FastThreadLocalRunnable.run(FastThreadLocalRunnable.java:30)
	... 1 more
Caused by: java.net.ConnectException: Connection refused
	... 11 more
2019-11-14 17:37:08,542 [1f17fae6-ef42-4b5f-b929-258c4df74eb0@group-E7DF167351A9-LeaderElection91] INFO  impl.RaftServerImpl (RaftServerImpl.java:setRole(173)) - 1f17fae6-ef42-4b5f-b929-258c4df74eb0@group-E7DF167351A9: changes role from CANDIDATE to FOLLOWER at term 10 for DISCOVERED_A_NEW_TERM
2019-11-14 17:37:08,542 [1f17fae6-ef42-4b5f-b929-258c4df74eb0@group-E7DF167351A9-LeaderElection91] INFO  impl.RoleInfo (RoleInfo.java:shutdownLeaderElection(134)) - 1f17fae6-ef42-4b5f-b929-258c4df74eb0: shutdown LeaderElection
2019-11-14 17:37:08,543 [1f17fae6-ef42-4b5f-b929-258c4df74eb0@group-E7DF167351A9-LeaderElection91] INFO  impl.RoleInfo (RoleInfo.java:updateAndGet(143)) - 1f17fae6-ef42-4b5f-b929-258c4df74eb0: start FollowerState
2019-11-14 17:37:08,608 [grpc-default-executor-3] WARN  server.GrpcLogAppender (LogUtils.java:warn(134)) - b2e3cdb6-e490-4d5b-a0a3-6f5ff6451210@group-7E7D5A9DDDD2->7dd38d19-97a5-42cf-8254-8fed67def3f2-AppendLogResponseHandler: Failed appendEntries: org.apache.ratis.thirdparty.io.grpc.StatusRuntimeException: UNAVAILABLE: io exception
2019-11-14 17:37:08,608 [grpc-default-executor-3] INFO  impl.FollowerInfo (FollowerInfo.java:lambda$new$0(51)) - b2e3cdb6-e490-4d5b-a0a3-6f5ff6451210@group-7E7D5A9DDDD2->7dd38d19-97a5-42cf-8254-8fed67def3f2: nextIndex: updateUnconditionally 0 -> 0
2019-11-14 17:37:08,750 [grpc-default-executor-4] WARN  server.GrpcLogAppender (LogUtils.java:warn(134)) - 785a1b68-bc50-461a-9c66-217454b39c0f@group-7B1089351A69->55ab2526-4f89-4bd2-9902-395461fa7031-AppendLogResponseHandler: Failed appendEntries: org.apache.ratis.thirdparty.io.grpc.StatusRuntimeException: UNAVAILABLE: io exception
2019-11-14 17:37:08,750 [grpc-default-executor-4] INFO  impl.FollowerInfo (FollowerInfo.java:lambda$new$0(51)) - 785a1b68-bc50-461a-9c66-217454b39c0f@group-7B1089351A69->55ab2526-4f89-4bd2-9902-395461fa7031: nextIndex: updateUnconditionally 0 -> 0
2019-11-14 17:37:08,767 [grpc-default-executor-2] WARN  server.GrpcLogAppender (LogUtils.java:warn(134)) - 785a1b68-bc50-461a-9c66-217454b39c0f@group-7B1089351A69->a3b153ef-1e94-4227-8997-77072f34e630-AppendLogResponseHandler: Failed appendEntries: org.apache.ratis.thirdparty.io.grpc.StatusRuntimeException: UNAVAILABLE: io exception
2019-11-14 17:37:08,767 [grpc-default-executor-2] INFO  impl.FollowerInfo (FollowerInfo.java:lambda$new$0(51)) - 785a1b68-bc50-461a-9c66-217454b39c0f@group-7B1089351A69->a3b153ef-1e94-4227-8997-77072f34e630: nextIndex: updateUnconditionally 0 -> 0
2019-11-14 17:37:09,108 [grpc-default-executor-3] WARN  server.GrpcLogAppender (LogUtils.java:warn(134)) - b2e3cdb6-e490-4d5b-a0a3-6f5ff6451210@group-7E7D5A9DDDD2->7dd38d19-97a5-42cf-8254-8fed67def3f2-AppendLogResponseHandler: Failed appendEntries: org.apache.ratis.thirdparty.io.grpc.StatusRuntimeException: UNAVAILABLE: io exception
2019-11-14 17:37:09,109 [grpc-default-executor-3] INFO  impl.FollowerInfo (FollowerInfo.java:lambda$new$0(51)) - b2e3cdb6-e490-4d5b-a0a3-6f5ff6451210@group-7E7D5A9DDDD2->7dd38d19-97a5-42cf-8254-8fed67def3f2: nextIndex: updateUnconditionally 0 -> 0
2019-11-14 17:37:09,251 [grpc-default-executor-4] WARN  server.GrpcLogAppender (LogUtils.java:warn(134)) - 785a1b68-bc50-461a-9c66-217454b39c0f@group-7B1089351A69->55ab2526-4f89-4bd2-9902-395461fa7031-AppendLogResponseHandler: Failed appendEntries: org.apache.ratis.thirdparty.io.grpc.StatusRuntimeException: UNAVAILABLE: io exception
2019-11-14 17:37:09,251 [grpc-default-executor-4] INFO  impl.FollowerInfo (FollowerInfo.java:lambda$new$0(51)) - 785a1b68-bc50-461a-9c66-217454b39c0f@group-7B1089351A69->55ab2526-4f89-4bd2-9902-395461fa7031: nextIndex: updateUnconditionally 0 -> 0
2019-11-14 17:37:09,268 [grpc-default-executor-2] WARN  server.GrpcLogAppender (LogUtils.java:warn(134)) - 785a1b68-bc50-461a-9c66-217454b39c0f@group-7B1089351A69->a3b153ef-1e94-4227-8997-77072f34e630-AppendLogResponseHandler: Failed appendEntries: org.apache.ratis.thirdparty.io.grpc.StatusRuntimeException: UNAVAILABLE: io exception
2019-11-14 17:37:09,268 [grpc-default-executor-2] INFO  impl.FollowerInfo (FollowerInfo.java:lambda$new$0(51)) - 785a1b68-bc50-461a-9c66-217454b39c0f@group-7B1089351A69->a3b153ef-1e94-4227-8997-77072f34e630: nextIndex: updateUnconditionally 0 -> 0
2019-11-14 17:37:09,609 [grpc-default-executor-3] WARN  server.GrpcLogAppender (LogUtils.java:warn(134)) - b2e3cdb6-e490-4d5b-a0a3-6f5ff6451210@group-7E7D5A9DDDD2->7dd38d19-97a5-42cf-8254-8fed67def3f2-AppendLogResponseHandler: Failed appendEntries: org.apache.ratis.thirdparty.io.grpc.StatusRuntimeException: UNAVAILABLE: io exception
2019-11-14 17:37:09,609 [grpc-default-executor-3] INFO  impl.FollowerInfo (FollowerInfo.java:lambda$new$0(51)) - b2e3cdb6-e490-4d5b-a0a3-6f5ff6451210@group-7E7D5A9DDDD2->7dd38d19-97a5-42cf-8254-8fed67def3f2: nextIndex: updateUnconditionally 0 -> 0
2019-11-14 17:37:09,675 [Thread-1677] INFO  impl.FollowerState (FollowerState.java:run(111)) - 1f17fae6-ef42-4b5f-b929-258c4df74eb0@group-E7DF167351A9-FollowerState: change to CANDIDATE, lastRpcTime:1132ms, electionTimeout:1132ms
2019-11-14 17:37:09,675 [Thread-1677] INFO  impl.RoleInfo (RoleInfo.java:shutdownFollowerState(121)) - 1f17fae6-ef42-4b5f-b929-258c4df74eb0: shutdown FollowerState
2019-11-14 17:37:09,676 [Thread-1677] INFO  impl.RaftServerImpl (RaftServerImpl.java:setRole(173)) - 1f17fae6-ef42-4b5f-b929-258c4df74eb0@group-E7DF167351A9: changes role from  FOLLOWER to CANDIDATE at term 10 for changeToCandidate
2019-11-14 17:37:09,676 [Thread-1677] INFO  impl.RoleInfo (RoleInfo.java:updateAndGet(143)) - 1f17fae6-ef42-4b5f-b929-258c4df74eb0: start LeaderElection
2019-11-14 17:37:09,700 [1f17fae6-ef42-4b5f-b929-258c4df74eb0@group-E7DF167351A9-LeaderElection92] INFO  impl.LeaderElection (LeaderElection.java:askForVotes(178)) - 1f17fae6-ef42-4b5f-b929-258c4df74eb0@group-E7DF167351A9-LeaderElection92: begin an election at term 11 for 1: [1f17fae6-ef42-4b5f-b929-258c4df74eb0:192.168.157.194:44377, 0b8c2274-85ff-4b39-8671-ec8be5904baa:192.168.157.194:34392, c40a56fe-5273-466a-9f61-79febf43aa6a:192.168.157.194:45340], old=null
2019-11-14 17:37:09,701 [1f17fae6-ef42-4b5f-b929-258c4df74eb0@group-E7DF167351A9-LeaderElection92] INFO  impl.LeaderElection (LogUtils.java:infoOrTrace(149)) - 1f17fae6-ef42-4b5f-b929-258c4df74eb0@group-E7DF167351A9-LeaderElection92 got exception when requesting votes: {}
java.util.concurrent.ExecutionException: org.apache.ratis.thirdparty.io.grpc.StatusRuntimeException: UNAVAILABLE: io exception
	at java.util.concurrent.FutureTask.report(FutureTask.java:122)
	at java.util.concurrent.FutureTask.get(FutureTask.java:192)
	at org.apache.ratis.server.impl.LeaderElection.waitForResults(LeaderElection.java:259)
	at org.apache.ratis.server.impl.LeaderElection.askForVotes(LeaderElection.java:197)
	at org.apache.ratis.server.impl.LeaderElection.run(LeaderElection.java:133)
	at java.lang.Thread.run(Thread.java:748)
Caused by: org.apache.ratis.thirdparty.io.grpc.StatusRuntimeException: UNAVAILABLE: io exception
	at org.apache.ratis.thirdparty.io.grpc.stub.ClientCalls.toStatusRuntimeException(ClientCalls.java:233)
	at org.apache.ratis.thirdparty.io.grpc.stub.ClientCalls.getUnchecked(ClientCalls.java:214)
	at org.apache.ratis.thirdparty.io.grpc.stub.ClientCalls.blockingUnaryCall(ClientCalls.java:139)
	at org.apache.ratis.proto.grpc.RaftServerProtocolServiceGrpc$RaftServerProtocolServiceBlockingStub.requestVote(RaftServerProtocolServiceGrpc.java:265)
	at org.apache.ratis.grpc.server.GrpcServerProtocolClient.requestVote(GrpcServerProtocolClient.java:99)
	at org.apache.ratis.grpc.server.GrpcService.requestVote(GrpcService.java:204)
	at org.apache.ratis.server.impl.LeaderElection.lambda$submitRequests$1(LeaderElection.java:234)
	at java.util.concurrent.FutureTask.run(FutureTask.java:266)
	at java.util.concurrent.Executors$RunnableAdapter.call(Executors.java:511)
	at java.util.concurrent.FutureTask.run(FutureTask.java:266)
	at java.util.concurrent.ThreadPoolExecutor.runWorker(ThreadPoolExecutor.java:1149)
	at java.util.concurrent.ThreadPoolExecutor$Worker.run(ThreadPoolExecutor.java:624)
	... 1 more
Caused by: org.apache.ratis.thirdparty.io.netty.channel.AbstractChannel$AnnotatedConnectException: Connection refused: /192.168.157.194:34392
	at sun.nio.ch.SocketChannelImpl.checkConnect(Native Method)
	at sun.nio.ch.SocketChannelImpl.finishConnect(SocketChannelImpl.java:717)
	at org.apache.ratis.thirdparty.io.netty.channel.socket.nio.NioSocketChannel.doFinishConnect(NioSocketChannel.java:327)
	at org.apache.ratis.thirdparty.io.netty.channel.nio.AbstractNioChannel$AbstractNioUnsafe.finishConnect(AbstractNioChannel.java:340)
	at org.apache.ratis.thirdparty.io.netty.channel.nio.NioEventLoop.processSelectedKey(NioEventLoop.java:632)
	at org.apache.ratis.thirdparty.io.netty.channel.nio.NioEventLoop.processSelectedKeysOptimized(NioEventLoop.java:579)
	at org.apache.ratis.thirdparty.io.netty.channel.nio.NioEventLoop.processSelectedKeys(NioEventLoop.java:496)
	at org.apache.ratis.thirdparty.io.netty.channel.nio.NioEventLoop.run(NioEventLoop.java:458)
	at org.apache.ratis.thirdparty.io.netty.util.concurrent.SingleThreadEventExecutor$5.run(SingleThreadEventExecutor.java:897)
	at org.apache.ratis.thirdparty.io.netty.util.concurrent.FastThreadLocalRunnable.run(FastThreadLocalRunnable.java:30)
	... 1 more
Caused by: java.net.ConnectException: Connection refused
	... 11 more
2019-11-14 17:37:09,702 [1f17fae6-ef42-4b5f-b929-258c4df74eb0@group-E7DF167351A9-LeaderElection92] INFO  impl.LeaderElection (LogUtils.java:infoOrTrace(149)) - 1f17fae6-ef42-4b5f-b929-258c4df74eb0@group-E7DF167351A9-LeaderElection92 got exception when requesting votes: {}
java.util.concurrent.ExecutionException: org.apache.ratis.thirdparty.io.grpc.StatusRuntimeException: UNAVAILABLE: io exception
	at java.util.concurrent.FutureTask.report(FutureTask.java:122)
	at java.util.concurrent.FutureTask.get(FutureTask.java:192)
	at org.apache.ratis.server.impl.LeaderElection.waitForResults(LeaderElection.java:259)
	at org.apache.ratis.server.impl.LeaderElection.askForVotes(LeaderElection.java:197)
	at org.apache.ratis.server.impl.LeaderElection.run(LeaderElection.java:133)
	at java.lang.Thread.run(Thread.java:748)
Caused by: org.apache.ratis.thirdparty.io.grpc.StatusRuntimeException: UNAVAILABLE: io exception
	at org.apache.ratis.thirdparty.io.grpc.stub.ClientCalls.toStatusRuntimeException(ClientCalls.java:233)
	at org.apache.ratis.thirdparty.io.grpc.stub.ClientCalls.getUnchecked(ClientCalls.java:214)
	at org.apache.ratis.thirdparty.io.grpc.stub.ClientCalls.blockingUnaryCall(ClientCalls.java:139)
	at org.apache.ratis.proto.grpc.RaftServerProtocolServiceGrpc$RaftServerProtocolServiceBlockingStub.requestVote(RaftServerProtocolServiceGrpc.java:265)
	at org.apache.ratis.grpc.server.GrpcServerProtocolClient.requestVote(GrpcServerProtocolClient.java:99)
	at org.apache.ratis.grpc.server.GrpcService.requestVote(GrpcService.java:204)
	at org.apache.ratis.server.impl.LeaderElection.lambda$submitRequests$1(LeaderElection.java:234)
	at java.util.concurrent.FutureTask.run(FutureTask.java:266)
	at java.util.concurrent.Executors$RunnableAdapter.call(Executors.java:511)
	at java.util.concurrent.FutureTask.run(FutureTask.java:266)
	at java.util.concurrent.ThreadPoolExecutor.runWorker(ThreadPoolExecutor.java:1149)
	at java.util.concurrent.ThreadPoolExecutor$Worker.run(ThreadPoolExecutor.java:624)
	... 1 more
Caused by: org.apache.ratis.thirdparty.io.netty.channel.AbstractChannel$AnnotatedConnectException: Connection refused: /192.168.157.194:45340
	at sun.nio.ch.SocketChannelImpl.checkConnect(Native Method)
	at sun.nio.ch.SocketChannelImpl.finishConnect(SocketChannelImpl.java:717)
	at org.apache.ratis.thirdparty.io.netty.channel.socket.nio.NioSocketChannel.doFinishConnect(NioSocketChannel.java:327)
	at org.apache.ratis.thirdparty.io.netty.channel.nio.AbstractNioChannel$AbstractNioUnsafe.finishConnect(AbstractNioChannel.java:340)
	at org.apache.ratis.thirdparty.io.netty.channel.nio.NioEventLoop.processSelectedKey(NioEventLoop.java:632)
	at org.apache.ratis.thirdparty.io.netty.channel.nio.NioEventLoop.processSelectedKeysOptimized(NioEventLoop.java:579)
	at org.apache.ratis.thirdparty.io.netty.channel.nio.NioEventLoop.processSelectedKeys(NioEventLoop.java:496)
	at org.apache.ratis.thirdparty.io.netty.channel.nio.NioEventLoop.run(NioEventLoop.java:458)
	at org.apache.ratis.thirdparty.io.netty.util.concurrent.SingleThreadEventExecutor$5.run(SingleThreadEventExecutor.java:897)
	at org.apache.ratis.thirdparty.io.netty.util.concurrent.FastThreadLocalRunnable.run(FastThreadLocalRunnable.java:30)
	... 1 more
Caused by: java.net.ConnectException: Connection refused
	... 11 more
2019-11-14 17:37:09,702 [1f17fae6-ef42-4b5f-b929-258c4df74eb0@group-E7DF167351A9-LeaderElection92] INFO  impl.LeaderElection (LeaderElection.java:logAndReturn(56)) - 1f17fae6-ef42-4b5f-b929-258c4df74eb0@group-E7DF167351A9-LeaderElection92: Election REJECTED; received 0 response(s) [] and 2 exception(s); 1f17fae6-ef42-4b5f-b929-258c4df74eb0@group-E7DF167351A9:t11, leader=null, voted=1f17fae6-ef42-4b5f-b929-258c4df74eb0, raftlog=1f17fae6-ef42-4b5f-b929-258c4df74eb0@group-E7DF167351A9-SegmentedRaftLog:OPENED:c6,f6,i6, conf=1: [1f17fae6-ef42-4b5f-b929-258c4df74eb0:192.168.157.194:44377, 0b8c2274-85ff-4b39-8671-ec8be5904baa:192.168.157.194:34392, c40a56fe-5273-466a-9f61-79febf43aa6a:192.168.157.194:45340], old=null
2019-11-14 17:37:09,702 [1f17fae6-ef42-4b5f-b929-258c4df74eb0@group-E7DF167351A9-LeaderElection92] INFO  impl.LeaderElection (LogUtils.java:infoOrTrace(149)) -   Exception 0: {}
java.util.concurrent.ExecutionException: org.apache.ratis.thirdparty.io.grpc.StatusRuntimeException: UNAVAILABLE: io exception
	at java.util.concurrent.FutureTask.report(FutureTask.java:122)
	at java.util.concurrent.FutureTask.get(FutureTask.java:192)
	at org.apache.ratis.server.impl.LeaderElection.waitForResults(LeaderElection.java:259)
	at org.apache.ratis.server.impl.LeaderElection.askForVotes(LeaderElection.java:197)
	at org.apache.ratis.server.impl.LeaderElection.run(LeaderElection.java:133)
	at java.lang.Thread.run(Thread.java:748)
Caused by: org.apache.ratis.thirdparty.io.grpc.StatusRuntimeException: UNAVAILABLE: io exception
	at org.apache.ratis.thirdparty.io.grpc.stub.ClientCalls.toStatusRuntimeException(ClientCalls.java:233)
	at org.apache.ratis.thirdparty.io.grpc.stub.ClientCalls.getUnchecked(ClientCalls.java:214)
	at org.apache.ratis.thirdparty.io.grpc.stub.ClientCalls.blockingUnaryCall(ClientCalls.java:139)
	at org.apache.ratis.proto.grpc.RaftServerProtocolServiceGrpc$RaftServerProtocolServiceBlockingStub.requestVote(RaftServerProtocolServiceGrpc.java:265)
	at org.apache.ratis.grpc.server.GrpcServerProtocolClient.requestVote(GrpcServerProtocolClient.java:99)
	at org.apache.ratis.grpc.server.GrpcService.requestVote(GrpcService.java:204)
	at org.apache.ratis.server.impl.LeaderElection.lambda$submitRequests$1(LeaderElection.java:234)
	at java.util.concurrent.FutureTask.run(FutureTask.java:266)
	at java.util.concurrent.Executors$RunnableAdapter.call(Executors.java:511)
	at java.util.concurrent.FutureTask.run(FutureTask.java:266)
	at java.util.concurrent.ThreadPoolExecutor.runWorker(ThreadPoolExecutor.java:1149)
	at java.util.concurrent.ThreadPoolExecutor$Worker.run(ThreadPoolExecutor.java:624)
	... 1 more
Caused by: org.apache.ratis.thirdparty.io.netty.channel.AbstractChannel$AnnotatedConnectException: Connection refused: /192.168.157.194:34392
	at sun.nio.ch.SocketChannelImpl.checkConnect(Native Method)
	at sun.nio.ch.SocketChannelImpl.finishConnect(SocketChannelImpl.java:717)
	at org.apache.ratis.thirdparty.io.netty.channel.socket.nio.NioSocketChannel.doFinishConnect(NioSocketChannel.java:327)
	at org.apache.ratis.thirdparty.io.netty.channel.nio.AbstractNioChannel$AbstractNioUnsafe.finishConnect(AbstractNioChannel.java:340)
	at org.apache.ratis.thirdparty.io.netty.channel.nio.NioEventLoop.processSelectedKey(NioEventLoop.java:632)
	at org.apache.ratis.thirdparty.io.netty.channel.nio.NioEventLoop.processSelectedKeysOptimized(NioEventLoop.java:579)
	at org.apache.ratis.thirdparty.io.netty.channel.nio.NioEventLoop.processSelectedKeys(NioEventLoop.java:496)
	at org.apache.ratis.thirdparty.io.netty.channel.nio.NioEventLoop.run(NioEventLoop.java:458)
	at org.apache.ratis.thirdparty.io.netty.util.concurrent.SingleThreadEventExecutor$5.run(SingleThreadEventExecutor.java:897)
	at org.apache.ratis.thirdparty.io.netty.util.concurrent.FastThreadLocalRunnable.run(FastThreadLocalRunnable.java:30)
	... 1 more
Caused by: java.net.ConnectException: Connection refused
	... 11 more
2019-11-14 17:37:09,703 [1f17fae6-ef42-4b5f-b929-258c4df74eb0@group-E7DF167351A9-LeaderElection92] INFO  impl.LeaderElection (LogUtils.java:infoOrTrace(149)) -   Exception 1: {}
java.util.concurrent.ExecutionException: org.apache.ratis.thirdparty.io.grpc.StatusRuntimeException: UNAVAILABLE: io exception
	at java.util.concurrent.FutureTask.report(FutureTask.java:122)
	at java.util.concurrent.FutureTask.get(FutureTask.java:192)
	at org.apache.ratis.server.impl.LeaderElection.waitForResults(LeaderElection.java:259)
	at org.apache.ratis.server.impl.LeaderElection.askForVotes(LeaderElection.java:197)
	at org.apache.ratis.server.impl.LeaderElection.run(LeaderElection.java:133)
	at java.lang.Thread.run(Thread.java:748)
Caused by: org.apache.ratis.thirdparty.io.grpc.StatusRuntimeException: UNAVAILABLE: io exception
	at org.apache.ratis.thirdparty.io.grpc.stub.ClientCalls.toStatusRuntimeException(ClientCalls.java:233)
	at org.apache.ratis.thirdparty.io.grpc.stub.ClientCalls.getUnchecked(ClientCalls.java:214)
	at org.apache.ratis.thirdparty.io.grpc.stub.ClientCalls.blockingUnaryCall(ClientCalls.java:139)
	at org.apache.ratis.proto.grpc.RaftServerProtocolServiceGrpc$RaftServerProtocolServiceBlockingStub.requestVote(RaftServerProtocolServiceGrpc.java:265)
	at org.apache.ratis.grpc.server.GrpcServerProtocolClient.requestVote(GrpcServerProtocolClient.java:99)
	at org.apache.ratis.grpc.server.GrpcService.requestVote(GrpcService.java:204)
	at org.apache.ratis.server.impl.LeaderElection.lambda$submitRequests$1(LeaderElection.java:234)
	at java.util.concurrent.FutureTask.run(FutureTask.java:266)
	at java.util.concurrent.Executors$RunnableAdapter.call(Executors.java:511)
	at java.util.concurrent.FutureTask.run(FutureTask.java:266)
	at java.util.concurrent.ThreadPoolExecutor.runWorker(ThreadPoolExecutor.java:1149)
	at java.util.concurrent.ThreadPoolExecutor$Worker.run(ThreadPoolExecutor.java:624)
	... 1 more
Caused by: org.apache.ratis.thirdparty.io.netty.channel.AbstractChannel$AnnotatedConnectException: Connection refused: /192.168.157.194:45340
	at sun.nio.ch.SocketChannelImpl.checkConnect(Native Method)
	at sun.nio.ch.SocketChannelImpl.finishConnect(SocketChannelImpl.java:717)
	at org.apache.ratis.thirdparty.io.netty.channel.socket.nio.NioSocketChannel.doFinishConnect(NioSocketChannel.java:327)
	at org.apache.ratis.thirdparty.io.netty.channel.nio.AbstractNioChannel$AbstractNioUnsafe.finishConnect(AbstractNioChannel.java:340)
	at org.apache.ratis.thirdparty.io.netty.channel.nio.NioEventLoop.processSelectedKey(NioEventLoop.java:632)
	at org.apache.ratis.thirdparty.io.netty.channel.nio.NioEventLoop.processSelectedKeysOptimized(NioEventLoop.java:579)
	at org.apache.ratis.thirdparty.io.netty.channel.nio.NioEventLoop.processSelectedKeys(NioEventLoop.java:496)
	at org.apache.ratis.thirdparty.io.netty.channel.nio.NioEventLoop.run(NioEventLoop.java:458)
	at org.apache.ratis.thirdparty.io.netty.util.concurrent.SingleThreadEventExecutor$5.run(SingleThreadEventExecutor.java:897)
	at org.apache.ratis.thirdparty.io.netty.util.concurrent.FastThreadLocalRunnable.run(FastThreadLocalRunnable.java:30)
	... 1 more
Caused by: java.net.ConnectException: Connection refused
	... 11 more
2019-11-14 17:37:09,703 [1f17fae6-ef42-4b5f-b929-258c4df74eb0@group-E7DF167351A9-LeaderElection92] INFO  impl.RaftServerImpl (RaftServerImpl.java:setRole(173)) - 1f17fae6-ef42-4b5f-b929-258c4df74eb0@group-E7DF167351A9: changes role from CANDIDATE to FOLLOWER at term 11 for DISCOVERED_A_NEW_TERM
2019-11-14 17:37:09,703 [1f17fae6-ef42-4b5f-b929-258c4df74eb0@group-E7DF167351A9-LeaderElection92] INFO  impl.RoleInfo (RoleInfo.java:shutdownLeaderElection(134)) - 1f17fae6-ef42-4b5f-b929-258c4df74eb0: shutdown LeaderElection
2019-11-14 17:37:09,703 [1f17fae6-ef42-4b5f-b929-258c4df74eb0@group-E7DF167351A9-LeaderElection92] INFO  impl.RoleInfo (RoleInfo.java:updateAndGet(143)) - 1f17fae6-ef42-4b5f-b929-258c4df74eb0: start FollowerState
2019-11-14 17:37:09,751 [grpc-default-executor-3] WARN  server.GrpcLogAppender (LogUtils.java:warn(134)) - 785a1b68-bc50-461a-9c66-217454b39c0f@group-7B1089351A69->55ab2526-4f89-4bd2-9902-395461fa7031-AppendLogResponseHandler: Failed appendEntries: org.apache.ratis.thirdparty.io.grpc.StatusRuntimeException: UNAVAILABLE: io exception
2019-11-14 17:37:09,752 [grpc-default-executor-3] INFO  impl.FollowerInfo (FollowerInfo.java:lambda$new$0(51)) - 785a1b68-bc50-461a-9c66-217454b39c0f@group-7B1089351A69->55ab2526-4f89-4bd2-9902-395461fa7031: nextIndex: updateUnconditionally 0 -> 0
2019-11-14 17:37:09,768 [grpc-default-executor-4] WARN  server.GrpcLogAppender (LogUtils.java:warn(134)) - 785a1b68-bc50-461a-9c66-217454b39c0f@group-7B1089351A69->a3b153ef-1e94-4227-8997-77072f34e630-AppendLogResponseHandler: Failed appendEntries: org.apache.ratis.thirdparty.io.grpc.StatusRuntimeException: UNAVAILABLE: io exception
2019-11-14 17:37:09,768 [grpc-default-executor-4] INFO  impl.FollowerInfo (FollowerInfo.java:lambda$new$0(51)) - 785a1b68-bc50-461a-9c66-217454b39c0f@group-7B1089351A69->a3b153ef-1e94-4227-8997-77072f34e630: nextIndex: updateUnconditionally 0 -> 0
2019-11-14 17:37:10,070 [ForkJoinPool.commonPool-worker-1] INFO  ozoneimpl.OzoneContainer (OzoneContainer.java:stop(244)) - Attempting to stop container services.
2019-11-14 17:37:10,071 [main] INFO  ozoneimpl.OzoneContainer (OzoneContainer.java:stop(244)) - Attempting to stop container services.
2019-11-14 17:37:10,071 [ForkJoinPool.commonPool-worker-1] INFO  impl.RaftServerProxy (RaftServerProxy.java:lambda$close$4(314)) - b2e3cdb6-e490-4d5b-a0a3-6f5ff6451210: close
2019-11-14 17:37:10,072 [main] INFO  impl.RaftServerProxy (RaftServerProxy.java:lambda$close$4(314)) - 785a1b68-bc50-461a-9c66-217454b39c0f: close
2019-11-14 17:37:10,072 [ForkJoinPool.commonPool-worker-1] INFO  impl.RaftServerImpl (RaftServerImpl.java:lambda$shutdown$3(250)) - b2e3cdb6-e490-4d5b-a0a3-6f5ff6451210@group-7D0D5645FAD4: shutdown
2019-11-14 17:37:10,072 [main] INFO  impl.RaftServerImpl (RaftServerImpl.java:lambda$shutdown$3(250)) - 785a1b68-bc50-461a-9c66-217454b39c0f@group-7B1089351A69: shutdown
2019-11-14 17:37:10,072 [ForkJoinPool.commonPool-worker-1] INFO  util.JmxRegister (JmxRegister.java:unregister(73)) - Successfully un-registered JMX Bean with object name Ratis:service=RaftServer,group=group-7D0D5645FAD4,id=b2e3cdb6-e490-4d5b-a0a3-6f5ff6451210
2019-11-14 17:37:10,072 [main] INFO  util.JmxRegister (JmxRegister.java:unregister(73)) - Successfully un-registered JMX Bean with object name Ratis:service=RaftServer,group=group-7B1089351A69,id=785a1b68-bc50-461a-9c66-217454b39c0f
2019-11-14 17:37:10,072 [ForkJoinPool.commonPool-worker-1] INFO  impl.RoleInfo (RoleInfo.java:shutdownLeaderState(104)) - b2e3cdb6-e490-4d5b-a0a3-6f5ff6451210: shutdown LeaderState
2019-11-14 17:37:10,073 [main] INFO  impl.RoleInfo (RoleInfo.java:shutdownLeaderState(104)) - 785a1b68-bc50-461a-9c66-217454b39c0f: shutdown LeaderState
2019-11-14 17:37:10,073 [ForkJoinPool.commonPool-worker-1] INFO  impl.PendingRequests (PendingRequests.java:sendNotLeaderResponses(206)) - b2e3cdb6-e490-4d5b-a0a3-6f5ff6451210@group-7D0D5645FAD4-PendingRequests: sendNotLeaderResponses
2019-11-14 17:37:10,076 [org.apache.ratis.server.impl.LogAppender$AppenderDaemon$$Lambda$459/712830018@791ca16d] WARN  server.GrpcLogAppender (GrpcLogAppender.java:mayWait(151)) - 785a1b68-bc50-461a-9c66-217454b39c0f@group-7B1089351A69->a3b153ef-1e94-4227-8997-77072f34e630-GrpcLogAppender: Wait interrupted by java.lang.InterruptedException
2019-11-14 17:37:10,076 [main] INFO  impl.PendingRequests (PendingRequests.java:sendNotLeaderResponses(206)) - 785a1b68-bc50-461a-9c66-217454b39c0f@group-7B1089351A69-PendingRequests: sendNotLeaderResponses
2019-11-14 17:37:10,076 [org.apache.ratis.server.impl.LogAppender$AppenderDaemon$$Lambda$459/712830018@3c1e288a] WARN  server.GrpcLogAppender (GrpcLogAppender.java:mayWait(151)) - 785a1b68-bc50-461a-9c66-217454b39c0f@group-7B1089351A69->55ab2526-4f89-4bd2-9902-395461fa7031-GrpcLogAppender: Wait interrupted by java.lang.InterruptedException
2019-11-14 17:37:10,078 [main] INFO  impl.StateMachineUpdater (StateMachineUpdater.java:stopAndJoin(136)) - 785a1b68-bc50-461a-9c66-217454b39c0f@group-7B1089351A69-StateMachineUpdater: set stopIndex = 0
2019-11-14 17:37:10,078 [ForkJoinPool.commonPool-worker-1] INFO  impl.StateMachineUpdater (StateMachineUpdater.java:stopAndJoin(136)) - b2e3cdb6-e490-4d5b-a0a3-6f5ff6451210@group-7D0D5645FAD4-StateMachineUpdater: set stopIndex = 0
2019-11-14 17:37:10,079 [main] INFO  impl.RaftServerImpl (ServerState.java:close(387)) - 785a1b68-bc50-461a-9c66-217454b39c0f@group-7B1089351A69: closes. applyIndex: 0
2019-11-14 17:37:10,079 [ForkJoinPool.commonPool-worker-1] INFO  impl.RaftServerImpl (ServerState.java:close(387)) - b2e3cdb6-e490-4d5b-a0a3-6f5ff6451210@group-7D0D5645FAD4: closes. applyIndex: 0
2019-11-14 17:37:10,079 [785a1b68-bc50-461a-9c66-217454b39c0f@group-7B1089351A69-SegmentedRaftLogWorker] INFO  segmented.SegmentedRaftLogWorker (SegmentedRaftLogWorker.java:run(316)) - 785a1b68-bc50-461a-9c66-217454b39c0f@group-7B1089351A69-SegmentedRaftLogWorker was interrupted, exiting. There are 0 tasks remaining in the queue.
2019-11-14 17:37:10,080 [b2e3cdb6-e490-4d5b-a0a3-6f5ff6451210@group-7D0D5645FAD4-SegmentedRaftLogWorker] INFO  segmented.SegmentedRaftLogWorker (SegmentedRaftLogWorker.java:run(316)) - b2e3cdb6-e490-4d5b-a0a3-6f5ff6451210@group-7D0D5645FAD4-SegmentedRaftLogWorker was interrupted, exiting. There are 0 tasks remaining in the queue.
2019-11-14 17:37:10,082 [main] INFO  segmented.SegmentedRaftLogWorker (SegmentedRaftLogWorker.java:close(224)) - 785a1b68-bc50-461a-9c66-217454b39c0f@group-7B1089351A69-SegmentedRaftLogWorker close()
2019-11-14 17:37:10,082 [ForkJoinPool.commonPool-worker-1] INFO  segmented.SegmentedRaftLogWorker (SegmentedRaftLogWorker.java:close(224)) - b2e3cdb6-e490-4d5b-a0a3-6f5ff6451210@group-7D0D5645FAD4-SegmentedRaftLogWorker close()
2019-11-14 17:37:10,085 [main] INFO  impl.RaftServerImpl (RaftServerImpl.java:lambda$shutdown$3(250)) - 785a1b68-bc50-461a-9c66-217454b39c0f@group-CB4DE0E09CF8: shutdown
2019-11-14 17:37:10,086 [ForkJoinPool.commonPool-worker-1] INFO  impl.RaftServerImpl (RaftServerImpl.java:lambda$shutdown$3(250)) - b2e3cdb6-e490-4d5b-a0a3-6f5ff6451210@group-7E7D5A9DDDD2: shutdown
2019-11-14 17:37:10,087 [main] INFO  util.JmxRegister (JmxRegister.java:unregister(73)) - Successfully un-registered JMX Bean with object name Ratis:service=RaftServer,group=group-CB4DE0E09CF8,id=785a1b68-bc50-461a-9c66-217454b39c0f
2019-11-14 17:37:10,087 [ForkJoinPool.commonPool-worker-1] INFO  util.JmxRegister (JmxRegister.java:unregister(73)) - Successfully un-registered JMX Bean with object name Ratis:service=RaftServer,group=group-7E7D5A9DDDD2,id=b2e3cdb6-e490-4d5b-a0a3-6f5ff6451210
2019-11-14 17:37:10,087 [main] INFO  impl.RoleInfo (RoleInfo.java:shutdownLeaderState(104)) - 785a1b68-bc50-461a-9c66-217454b39c0f: shutdown LeaderState
2019-11-14 17:37:10,087 [ForkJoinPool.commonPool-worker-1] INFO  impl.RoleInfo (RoleInfo.java:shutdownLeaderState(104)) - b2e3cdb6-e490-4d5b-a0a3-6f5ff6451210: shutdown LeaderState
2019-11-14 17:37:10,088 [main] INFO  impl.PendingRequests (PendingRequests.java:sendNotLeaderResponses(206)) - 785a1b68-bc50-461a-9c66-217454b39c0f@group-CB4DE0E09CF8-PendingRequests: sendNotLeaderResponses
2019-11-14 17:37:10,089 [org.apache.ratis.server.impl.LogAppender$AppenderDaemon$$Lambda$459/712830018@9dbb7ba] WARN  server.GrpcLogAppender (GrpcLogAppender.java:mayWait(151)) - b2e3cdb6-e490-4d5b-a0a3-6f5ff6451210@group-7E7D5A9DDDD2->f5a4bf5a-4195-495f-81ba-193832aea29d-GrpcLogAppender: Wait interrupted by java.lang.InterruptedException
2019-11-14 17:37:10,089 [org.apache.ratis.server.impl.LogAppender$AppenderDaemon$$Lambda$459/712830018@4cd938e5] WARN  server.GrpcLogAppender (GrpcLogAppender.java:mayWait(151)) - b2e3cdb6-e490-4d5b-a0a3-6f5ff6451210@group-7E7D5A9DDDD2->7dd38d19-97a5-42cf-8254-8fed67def3f2-GrpcLogAppender: Wait interrupted by java.lang.InterruptedException
2019-11-14 17:37:10,089 [ForkJoinPool.commonPool-worker-1] INFO  impl.PendingRequests (PendingRequests.java:sendNotLeaderResponses(206)) - b2e3cdb6-e490-4d5b-a0a3-6f5ff6451210@group-7E7D5A9DDDD2-PendingRequests: sendNotLeaderResponses
2019-11-14 17:37:10,089 [main] INFO  impl.StateMachineUpdater (StateMachineUpdater.java:stopAndJoin(136)) - 785a1b68-bc50-461a-9c66-217454b39c0f@group-CB4DE0E09CF8-StateMachineUpdater: set stopIndex = 0
2019-11-14 17:37:10,090 [ForkJoinPool.commonPool-worker-1] INFO  impl.StateMachineUpdater (StateMachineUpdater.java:stopAndJoin(136)) - b2e3cdb6-e490-4d5b-a0a3-6f5ff6451210@group-7E7D5A9DDDD2-StateMachineUpdater: set stopIndex = 0
2019-11-14 17:37:10,090 [grpc-default-executor-4] INFO  server.GrpcServerProtocolService (GrpcServerProtocolService.java:onCompleted(113)) - f5a4bf5a-4195-495f-81ba-193832aea29d: Completed APPEND_ENTRIES, lastRequest: b2e3cdb6-e490-4d5b-a0a3-6f5ff6451210->f5a4bf5a-4195-495f-81ba-193832aea29d#36-t3, previous=(t:3, i:0), leaderCommit=0, initializing? false, entries: <empty>
2019-11-14 17:37:10,090 [main] INFO  impl.RaftServerImpl (ServerState.java:close(387)) - 785a1b68-bc50-461a-9c66-217454b39c0f@group-CB4DE0E09CF8: closes. applyIndex: 0
2019-11-14 17:37:10,090 [ForkJoinPool.commonPool-worker-1] INFO  impl.RaftServerImpl (ServerState.java:close(387)) - b2e3cdb6-e490-4d5b-a0a3-6f5ff6451210@group-7E7D5A9DDDD2: closes. applyIndex: 0
2019-11-14 17:37:10,091 [785a1b68-bc50-461a-9c66-217454b39c0f@group-CB4DE0E09CF8-SegmentedRaftLogWorker] INFO  segmented.SegmentedRaftLogWorker (SegmentedRaftLogWorker.java:run(316)) - 785a1b68-bc50-461a-9c66-217454b39c0f@group-CB4DE0E09CF8-SegmentedRaftLogWorker was interrupted, exiting. There are 0 tasks remaining in the queue.
2019-11-14 17:37:10,091 [main] INFO  segmented.SegmentedRaftLogWorker (SegmentedRaftLogWorker.java:close(224)) - 785a1b68-bc50-461a-9c66-217454b39c0f@group-CB4DE0E09CF8-SegmentedRaftLogWorker close()
2019-11-14 17:37:10,091 [b2e3cdb6-e490-4d5b-a0a3-6f5ff6451210@group-7E7D5A9DDDD2-SegmentedRaftLogWorker] INFO  segmented.SegmentedRaftLogWorker (SegmentedRaftLogWorker.java:run(316)) - b2e3cdb6-e490-4d5b-a0a3-6f5ff6451210@group-7E7D5A9DDDD2-SegmentedRaftLogWorker was interrupted, exiting. There are 0 tasks remaining in the queue.
2019-11-14 17:37:10,092 [main] INFO  server.GrpcService (GrpcService.java:closeImpl(164)) - 785a1b68-bc50-461a-9c66-217454b39c0f: shutdown server with port 36611 now
2019-11-14 17:37:10,093 [ForkJoinPool.commonPool-worker-1] INFO  segmented.SegmentedRaftLogWorker (SegmentedRaftLogWorker.java:close(224)) - b2e3cdb6-e490-4d5b-a0a3-6f5ff6451210@group-7E7D5A9DDDD2-SegmentedRaftLogWorker close()
2019-11-14 17:37:10,093 [grpc-default-executor-4] INFO  server.GrpcLogAppender (GrpcLogAppender.java:onCompleted(308)) - b2e3cdb6-e490-4d5b-a0a3-6f5ff6451210@group-7E7D5A9DDDD2->f5a4bf5a-4195-495f-81ba-193832aea29d-AppendLogResponseHandler: follower responses appendEntries COMPLETED
2019-11-14 17:37:10,101 [main] INFO  server.GrpcService (GrpcService.java:closeImpl(172)) - 785a1b68-bc50-461a-9c66-217454b39c0f: shutdown server with port 36611 successfully
2019-11-14 17:37:10,100 [ForkJoinPool.commonPool-worker-1] INFO  server.GrpcService (GrpcService.java:closeImpl(164)) - b2e3cdb6-e490-4d5b-a0a3-6f5ff6451210: shutdown server with port 37477 now
2019-11-14 17:37:10,101 [grpc-default-executor-4] INFO  impl.FollowerInfo (FollowerInfo.java:lambda$new$0(51)) - b2e3cdb6-e490-4d5b-a0a3-6f5ff6451210@group-7E7D5A9DDDD2->f5a4bf5a-4195-495f-81ba-193832aea29d: nextIndex: updateUnconditionally 1 -> 0
2019-11-14 17:37:10,102 [ForkJoinPool.commonPool-worker-1] INFO  server.GrpcService (GrpcService.java:closeImpl(172)) - b2e3cdb6-e490-4d5b-a0a3-6f5ff6451210: shutdown server with port 37477 successfully
2019-11-14 17:37:10,103 [refreshUsed-/workdir/hadoop-ozone/integration-test/target/test-dir/MiniOzoneClusterImpl-22bbe08b-7feb-4e26-8434-b505ec12d921/datanode-9/data/containers] WARN  fs.CachingGetSpaceUsed (CachingGetSpaceUsed.java:run(183)) - Thread Interrupted waiting to refresh disk information: sleep interrupted
2019-11-14 17:37:10,111 [refreshUsed-/workdir/hadoop-ozone/integration-test/target/test-dir/MiniOzoneClusterImpl-22bbe08b-7feb-4e26-8434-b505ec12d921/datanode-0/data/containers] WARN  fs.CachingGetSpaceUsed (CachingGetSpaceUsed.java:run(183)) - Thread Interrupted waiting to refresh disk information: sleep interrupted
2019-11-14 17:37:10,127 [ForkJoinPool.commonPool-worker-1] INFO  utils.BackgroundService (BackgroundService.java:shutdown(151)) - Shutting down service BlockDeletingService
2019-11-14 17:37:10,130 [ForkJoinPool.commonPool-worker-1] INFO  statemachine.DatanodeStateMachine (DatanodeStateMachine.java:stopDaemon(395)) - Ozone container server stopped.
2019-11-14 17:37:10,132 [main] INFO  utils.BackgroundService (BackgroundService.java:shutdown(151)) - Shutting down service BlockDeletingService
2019-11-14 17:37:10,138 [main] INFO  statemachine.DatanodeStateMachine (DatanodeStateMachine.java:stopDaemon(395)) - Ozone container server stopped.
2019-11-14 17:37:10,149 [ForkJoinPool.commonPool-worker-1] INFO  handler.ContextHandler (ContextHandler.java:doStop(910)) - Stopped o.e.j.w.WebAppContext@1943c1f2{/,null,UNAVAILABLE}{/hddsDatanode}
2019-11-14 17:37:10,149 [main] INFO  handler.ContextHandler (ContextHandler.java:doStop(910)) - Stopped o.e.j.w.WebAppContext@5a13fcf3{/,null,UNAVAILABLE}{/hddsDatanode}
2019-11-14 17:37:10,150 [ForkJoinPool.commonPool-worker-1] INFO  server.AbstractConnector (AbstractConnector.java:doStop(318)) - Stopped ServerConnector@d70f722{HTTP/1.1,[http/1.1]}{0.0.0.0:0}
2019-11-14 17:37:10,150 [main] INFO  server.AbstractConnector (AbstractConnector.java:doStop(318)) - Stopped ServerConnector@250b5e5b{HTTP/1.1,[http/1.1]}{0.0.0.0:0}
2019-11-14 17:37:10,150 [ForkJoinPool.commonPool-worker-1] INFO  handler.ContextHandler (ContextHandler.java:doStop(910)) - Stopped o.e.j.s.ServletContextHandler@3b4a1a75{/static,jar:file:/home/user/.m2/repository/org/apache/hadoop/hadoop-hdds-container-service/0.5.0-SNAPSHOT/hadoop-hdds-container-service-0.5.0-SNAPSHOT.jar!/webapps/static,UNAVAILABLE}
2019-11-14 17:37:10,150 [main] INFO  handler.ContextHandler (ContextHandler.java:doStop(910)) - Stopped o.e.j.s.ServletContextHandler@6963b88c{/static,jar:file:/home/user/.m2/repository/org/apache/hadoop/hadoop-hdds-container-service/0.5.0-SNAPSHOT/hadoop-hdds-container-service-0.5.0-SNAPSHOT.jar!/webapps/static,UNAVAILABLE}
2019-11-14 17:37:10,151 [ForkJoinPool.commonPool-worker-1] INFO  handler.ContextHandler (ContextHandler.java:doStop(910)) - Stopped o.e.j.s.ServletContextHandler@7d97e06c{/logs,file:///workdir/hadoop-ozone/integration-test/target/log,UNAVAILABLE}
2019-11-14 17:37:10,151 [main] INFO  handler.ContextHandler (ContextHandler.java:doStop(910)) - Stopped o.e.j.s.ServletContextHandler@2fbe26da{/logs,file:///workdir/hadoop-ozone/integration-test/target/log,UNAVAILABLE}
2019-11-14 17:37:10,737 [Thread-1684] INFO  impl.FollowerState (FollowerState.java:run(111)) - 1f17fae6-ef42-4b5f-b929-258c4df74eb0@group-E7DF167351A9-FollowerState: change to CANDIDATE, lastRpcTime:1033ms, electionTimeout:1033ms
2019-11-14 17:37:10,737 [Thread-1684] INFO  impl.RoleInfo (RoleInfo.java:shutdownFollowerState(121)) - 1f17fae6-ef42-4b5f-b929-258c4df74eb0: shutdown FollowerState
2019-11-14 17:37:10,737 [Thread-1684] INFO  impl.RaftServerImpl (RaftServerImpl.java:setRole(173)) - 1f17fae6-ef42-4b5f-b929-258c4df74eb0@group-E7DF167351A9: changes role from  FOLLOWER to CANDIDATE at term 11 for changeToCandidate
2019-11-14 17:37:10,738 [Thread-1684] INFO  impl.RoleInfo (RoleInfo.java:updateAndGet(143)) - 1f17fae6-ef42-4b5f-b929-258c4df74eb0: start LeaderElection
2019-11-14 17:37:10,762 [1f17fae6-ef42-4b5f-b929-258c4df74eb0@group-E7DF167351A9-LeaderElection93] INFO  impl.LeaderElection (LeaderElection.java:askForVotes(178)) - 1f17fae6-ef42-4b5f-b929-258c4df74eb0@group-E7DF167351A9-LeaderElection93: begin an election at term 12 for 1: [1f17fae6-ef42-4b5f-b929-258c4df74eb0:192.168.157.194:44377, 0b8c2274-85ff-4b39-8671-ec8be5904baa:192.168.157.194:34392, c40a56fe-5273-466a-9f61-79febf43aa6a:192.168.157.194:45340], old=null
2019-11-14 17:37:10,763 [1f17fae6-ef42-4b5f-b929-258c4df74eb0@group-E7DF167351A9-LeaderElection93] INFO  impl.LeaderElection (LogUtils.java:infoOrTrace(149)) - 1f17fae6-ef42-4b5f-b929-258c4df74eb0@group-E7DF167351A9-LeaderElection93 got exception when requesting votes: {}
java.util.concurrent.ExecutionException: org.apache.ratis.thirdparty.io.grpc.StatusRuntimeException: UNAVAILABLE: io exception
	at java.util.concurrent.FutureTask.report(FutureTask.java:122)
	at java.util.concurrent.FutureTask.get(FutureTask.java:192)
	at org.apache.ratis.server.impl.LeaderElection.waitForResults(LeaderElection.java:259)
	at org.apache.ratis.server.impl.LeaderElection.askForVotes(LeaderElection.java:197)
	at org.apache.ratis.server.impl.LeaderElection.run(LeaderElection.java:133)
	at java.lang.Thread.run(Thread.java:748)
Caused by: org.apache.ratis.thirdparty.io.grpc.StatusRuntimeException: UNAVAILABLE: io exception
	at org.apache.ratis.thirdparty.io.grpc.stub.ClientCalls.toStatusRuntimeException(ClientCalls.java:233)
	at org.apache.ratis.thirdparty.io.grpc.stub.ClientCalls.getUnchecked(ClientCalls.java:214)
	at org.apache.ratis.thirdparty.io.grpc.stub.ClientCalls.blockingUnaryCall(ClientCalls.java:139)
	at org.apache.ratis.proto.grpc.RaftServerProtocolServiceGrpc$RaftServerProtocolServiceBlockingStub.requestVote(RaftServerProtocolServiceGrpc.java:265)
	at org.apache.ratis.grpc.server.GrpcServerProtocolClient.requestVote(GrpcServerProtocolClient.java:99)
	at org.apache.ratis.grpc.server.GrpcService.requestVote(GrpcService.java:204)
	at org.apache.ratis.server.impl.LeaderElection.lambda$submitRequests$1(LeaderElection.java:234)
	at java.util.concurrent.FutureTask.run(FutureTask.java:266)
	at java.util.concurrent.Executors$RunnableAdapter.call(Executors.java:511)
	at java.util.concurrent.FutureTask.run(FutureTask.java:266)
	at java.util.concurrent.ThreadPoolExecutor.runWorker(ThreadPoolExecutor.java:1149)
	at java.util.concurrent.ThreadPoolExecutor$Worker.run(ThreadPoolExecutor.java:624)
	... 1 more
Caused by: org.apache.ratis.thirdparty.io.netty.channel.AbstractChannel$AnnotatedConnectException: Connection refused: /192.168.157.194:34392
	at sun.nio.ch.SocketChannelImpl.checkConnect(Native Method)
	at sun.nio.ch.SocketChannelImpl.finishConnect(SocketChannelImpl.java:717)
	at org.apache.ratis.thirdparty.io.netty.channel.socket.nio.NioSocketChannel.doFinishConnect(NioSocketChannel.java:327)
	at org.apache.ratis.thirdparty.io.netty.channel.nio.AbstractNioChannel$AbstractNioUnsafe.finishConnect(AbstractNioChannel.java:340)
	at org.apache.ratis.thirdparty.io.netty.channel.nio.NioEventLoop.processSelectedKey(NioEventLoop.java:632)
	at org.apache.ratis.thirdparty.io.netty.channel.nio.NioEventLoop.processSelectedKeysOptimized(NioEventLoop.java:579)
	at org.apache.ratis.thirdparty.io.netty.channel.nio.NioEventLoop.processSelectedKeys(NioEventLoop.java:496)
	at org.apache.ratis.thirdparty.io.netty.channel.nio.NioEventLoop.run(NioEventLoop.java:458)
	at org.apache.ratis.thirdparty.io.netty.util.concurrent.SingleThreadEventExecutor$5.run(SingleThreadEventExecutor.java:897)
	at org.apache.ratis.thirdparty.io.netty.util.concurrent.FastThreadLocalRunnable.run(FastThreadLocalRunnable.java:30)
	... 1 more
Caused by: java.net.ConnectException: Connection refused
	... 11 more
2019-11-14 17:37:10,764 [1f17fae6-ef42-4b5f-b929-258c4df74eb0@group-E7DF167351A9-LeaderElection93] INFO  impl.LeaderElection (LogUtils.java:infoOrTrace(149)) - 1f17fae6-ef42-4b5f-b929-258c4df74eb0@group-E7DF167351A9-LeaderElection93 got exception when requesting votes: {}
java.util.concurrent.ExecutionException: org.apache.ratis.thirdparty.io.grpc.StatusRuntimeException: UNAVAILABLE: io exception
	at java.util.concurrent.FutureTask.report(FutureTask.java:122)
	at java.util.concurrent.FutureTask.get(FutureTask.java:192)
	at org.apache.ratis.server.impl.LeaderElection.waitForResults(LeaderElection.java:259)
	at org.apache.ratis.server.impl.LeaderElection.askForVotes(LeaderElection.java:197)
	at org.apache.ratis.server.impl.LeaderElection.run(LeaderElection.java:133)
	at java.lang.Thread.run(Thread.java:748)
Caused by: org.apache.ratis.thirdparty.io.grpc.StatusRuntimeException: UNAVAILABLE: io exception
	at org.apache.ratis.thirdparty.io.grpc.stub.ClientCalls.toStatusRuntimeException(ClientCalls.java:233)
	at org.apache.ratis.thirdparty.io.grpc.stub.ClientCalls.getUnchecked(ClientCalls.java:214)
	at org.apache.ratis.thirdparty.io.grpc.stub.ClientCalls.blockingUnaryCall(ClientCalls.java:139)
	at org.apache.ratis.proto.grpc.RaftServerProtocolServiceGrpc$RaftServerProtocolServiceBlockingStub.requestVote(RaftServerProtocolServiceGrpc.java:265)
	at org.apache.ratis.grpc.server.GrpcServerProtocolClient.requestVote(GrpcServerProtocolClient.java:99)
	at org.apache.ratis.grpc.server.GrpcService.requestVote(GrpcService.java:204)
	at org.apache.ratis.server.impl.LeaderElection.lambda$submitRequests$1(LeaderElection.java:234)
	at java.util.concurrent.FutureTask.run(FutureTask.java:266)
	at java.util.concurrent.Executors$RunnableAdapter.call(Executors.java:511)
	at java.util.concurrent.FutureTask.run(FutureTask.java:266)
	at java.util.concurrent.ThreadPoolExecutor.runWorker(ThreadPoolExecutor.java:1149)
	at java.util.concurrent.ThreadPoolExecutor$Worker.run(ThreadPoolExecutor.java:624)
	... 1 more
Caused by: org.apache.ratis.thirdparty.io.netty.channel.AbstractChannel$AnnotatedConnectException: Connection refused: /192.168.157.194:45340
	at sun.nio.ch.SocketChannelImpl.checkConnect(Native Method)
	at sun.nio.ch.SocketChannelImpl.finishConnect(SocketChannelImpl.java:717)
	at org.apache.ratis.thirdparty.io.netty.channel.socket.nio.NioSocketChannel.doFinishConnect(NioSocketChannel.java:327)
	at org.apache.ratis.thirdparty.io.netty.channel.nio.AbstractNioChannel$AbstractNioUnsafe.finishConnect(AbstractNioChannel.java:340)
	at org.apache.ratis.thirdparty.io.netty.channel.nio.NioEventLoop.processSelectedKey(NioEventLoop.java:632)
	at org.apache.ratis.thirdparty.io.netty.channel.nio.NioEventLoop.processSelectedKeysOptimized(NioEventLoop.java:579)
	at org.apache.ratis.thirdparty.io.netty.channel.nio.NioEventLoop.processSelectedKeys(NioEventLoop.java:496)
	at org.apache.ratis.thirdparty.io.netty.channel.nio.NioEventLoop.run(NioEventLoop.java:458)
	at org.apache.ratis.thirdparty.io.netty.util.concurrent.SingleThreadEventExecutor$5.run(SingleThreadEventExecutor.java:897)
	at org.apache.ratis.thirdparty.io.netty.util.concurrent.FastThreadLocalRunnable.run(FastThreadLocalRunnable.java:30)
	... 1 more
Caused by: java.net.ConnectException: Connection refused
	... 11 more
2019-11-14 17:37:10,765 [1f17fae6-ef42-4b5f-b929-258c4df74eb0@group-E7DF167351A9-LeaderElection93] INFO  impl.LeaderElection (LeaderElection.java:logAndReturn(56)) - 1f17fae6-ef42-4b5f-b929-258c4df74eb0@group-E7DF167351A9-LeaderElection93: Election REJECTED; received 0 response(s) [] and 2 exception(s); 1f17fae6-ef42-4b5f-b929-258c4df74eb0@group-E7DF167351A9:t12, leader=null, voted=1f17fae6-ef42-4b5f-b929-258c4df74eb0, raftlog=1f17fae6-ef42-4b5f-b929-258c4df74eb0@group-E7DF167351A9-SegmentedRaftLog:OPENED:c6,f6,i6, conf=1: [1f17fae6-ef42-4b5f-b929-258c4df74eb0:192.168.157.194:44377, 0b8c2274-85ff-4b39-8671-ec8be5904baa:192.168.157.194:34392, c40a56fe-5273-466a-9f61-79febf43aa6a:192.168.157.194:45340], old=null
2019-11-14 17:37:10,765 [1f17fae6-ef42-4b5f-b929-258c4df74eb0@group-E7DF167351A9-LeaderElection93] INFO  impl.LeaderElection (LogUtils.java:infoOrTrace(149)) -   Exception 0: {}
java.util.concurrent.ExecutionException: org.apache.ratis.thirdparty.io.grpc.StatusRuntimeException: UNAVAILABLE: io exception
	at java.util.concurrent.FutureTask.report(FutureTask.java:122)
	at java.util.concurrent.FutureTask.get(FutureTask.java:192)
	at org.apache.ratis.server.impl.LeaderElection.waitForResults(LeaderElection.java:259)
	at org.apache.ratis.server.impl.LeaderElection.askForVotes(LeaderElection.java:197)
	at org.apache.ratis.server.impl.LeaderElection.run(LeaderElection.java:133)
	at java.lang.Thread.run(Thread.java:748)
Caused by: org.apache.ratis.thirdparty.io.grpc.StatusRuntimeException: UNAVAILABLE: io exception
	at org.apache.ratis.thirdparty.io.grpc.stub.ClientCalls.toStatusRuntimeException(ClientCalls.java:233)
	at org.apache.ratis.thirdparty.io.grpc.stub.ClientCalls.getUnchecked(ClientCalls.java:214)
	at org.apache.ratis.thirdparty.io.grpc.stub.ClientCalls.blockingUnaryCall(ClientCalls.java:139)
	at org.apache.ratis.proto.grpc.RaftServerProtocolServiceGrpc$RaftServerProtocolServiceBlockingStub.requestVote(RaftServerProtocolServiceGrpc.java:265)
	at org.apache.ratis.grpc.server.GrpcServerProtocolClient.requestVote(GrpcServerProtocolClient.java:99)
	at org.apache.ratis.grpc.server.GrpcService.requestVote(GrpcService.java:204)
	at org.apache.ratis.server.impl.LeaderElection.lambda$submitRequests$1(LeaderElection.java:234)
	at java.util.concurrent.FutureTask.run(FutureTask.java:266)
	at java.util.concurrent.Executors$RunnableAdapter.call(Executors.java:511)
	at java.util.concurrent.FutureTask.run(FutureTask.java:266)
	at java.util.concurrent.ThreadPoolExecutor.runWorker(ThreadPoolExecutor.java:1149)
	at java.util.concurrent.ThreadPoolExecutor$Worker.run(ThreadPoolExecutor.java:624)
	... 1 more
Caused by: org.apache.ratis.thirdparty.io.netty.channel.AbstractChannel$AnnotatedConnectException: Connection refused: /192.168.157.194:34392
	at sun.nio.ch.SocketChannelImpl.checkConnect(Native Method)
	at sun.nio.ch.SocketChannelImpl.finishConnect(SocketChannelImpl.java:717)
	at org.apache.ratis.thirdparty.io.netty.channel.socket.nio.NioSocketChannel.doFinishConnect(NioSocketChannel.java:327)
	at org.apache.ratis.thirdparty.io.netty.channel.nio.AbstractNioChannel$AbstractNioUnsafe.finishConnect(AbstractNioChannel.java:340)
	at org.apache.ratis.thirdparty.io.netty.channel.nio.NioEventLoop.processSelectedKey(NioEventLoop.java:632)
	at org.apache.ratis.thirdparty.io.netty.channel.nio.NioEventLoop.processSelectedKeysOptimized(NioEventLoop.java:579)
	at org.apache.ratis.thirdparty.io.netty.channel.nio.NioEventLoop.processSelectedKeys(NioEventLoop.java:496)
	at org.apache.ratis.thirdparty.io.netty.channel.nio.NioEventLoop.run(NioEventLoop.java:458)
	at org.apache.ratis.thirdparty.io.netty.util.concurrent.SingleThreadEventExecutor$5.run(SingleThreadEventExecutor.java:897)
	at org.apache.ratis.thirdparty.io.netty.util.concurrent.FastThreadLocalRunnable.run(FastThreadLocalRunnable.java:30)
	... 1 more
Caused by: java.net.ConnectException: Connection refused
	... 11 more
2019-11-14 17:37:10,765 [1f17fae6-ef42-4b5f-b929-258c4df74eb0@group-E7DF167351A9-LeaderElection93] INFO  impl.LeaderElection (LogUtils.java:infoOrTrace(149)) -   Exception 1: {}
java.util.concurrent.ExecutionException: org.apache.ratis.thirdparty.io.grpc.StatusRuntimeException: UNAVAILABLE: io exception
	at java.util.concurrent.FutureTask.report(FutureTask.java:122)
	at java.util.concurrent.FutureTask.get(FutureTask.java:192)
	at org.apache.ratis.server.impl.LeaderElection.waitForResults(LeaderElection.java:259)
	at org.apache.ratis.server.impl.LeaderElection.askForVotes(LeaderElection.java:197)
	at org.apache.ratis.server.impl.LeaderElection.run(LeaderElection.java:133)
	at java.lang.Thread.run(Thread.java:748)
Caused by: org.apache.ratis.thirdparty.io.grpc.StatusRuntimeException: UNAVAILABLE: io exception
	at org.apache.ratis.thirdparty.io.grpc.stub.ClientCalls.toStatusRuntimeException(ClientCalls.java:233)
	at org.apache.ratis.thirdparty.io.grpc.stub.ClientCalls.getUnchecked(ClientCalls.java:214)
	at org.apache.ratis.thirdparty.io.grpc.stub.ClientCalls.blockingUnaryCall(ClientCalls.java:139)
	at org.apache.ratis.proto.grpc.RaftServerProtocolServiceGrpc$RaftServerProtocolServiceBlockingStub.requestVote(RaftServerProtocolServiceGrpc.java:265)
	at org.apache.ratis.grpc.server.GrpcServerProtocolClient.requestVote(GrpcServerProtocolClient.java:99)
	at org.apache.ratis.grpc.server.GrpcService.requestVote(GrpcService.java:204)
	at org.apache.ratis.server.impl.LeaderElection.lambda$submitRequests$1(LeaderElection.java:234)
	at java.util.concurrent.FutureTask.run(FutureTask.java:266)
	at java.util.concurrent.Executors$RunnableAdapter.call(Executors.java:511)
	at java.util.concurrent.FutureTask.run(FutureTask.java:266)
	at java.util.concurrent.ThreadPoolExecutor.runWorker(ThreadPoolExecutor.java:1149)
	at java.util.concurrent.ThreadPoolExecutor$Worker.run(ThreadPoolExecutor.java:624)
	... 1 more
Caused by: org.apache.ratis.thirdparty.io.netty.channel.AbstractChannel$AnnotatedConnectException: Connection refused: /192.168.157.194:45340
	at sun.nio.ch.SocketChannelImpl.checkConnect(Native Method)
	at sun.nio.ch.SocketChannelImpl.finishConnect(SocketChannelImpl.java:717)
	at org.apache.ratis.thirdparty.io.netty.channel.socket.nio.NioSocketChannel.doFinishConnect(NioSocketChannel.java:327)
	at org.apache.ratis.thirdparty.io.netty.channel.nio.AbstractNioChannel$AbstractNioUnsafe.finishConnect(AbstractNioChannel.java:340)
	at org.apache.ratis.thirdparty.io.netty.channel.nio.NioEventLoop.processSelectedKey(NioEventLoop.java:632)
	at org.apache.ratis.thirdparty.io.netty.channel.nio.NioEventLoop.processSelectedKeysOptimized(NioEventLoop.java:579)
	at org.apache.ratis.thirdparty.io.netty.channel.nio.NioEventLoop.processSelectedKeys(NioEventLoop.java:496)
	at org.apache.ratis.thirdparty.io.netty.channel.nio.NioEventLoop.run(NioEventLoop.java:458)
	at org.apache.ratis.thirdparty.io.netty.util.concurrent.SingleThreadEventExecutor$5.run(SingleThreadEventExecutor.java:897)
	at org.apache.ratis.thirdparty.io.netty.util.concurrent.FastThreadLocalRunnable.run(FastThreadLocalRunnable.java:30)
	... 1 more
Caused by: java.net.ConnectException: Connection refused
	... 11 more
2019-11-14 17:37:10,766 [1f17fae6-ef42-4b5f-b929-258c4df74eb0@group-E7DF167351A9-LeaderElection93] INFO  impl.RaftServerImpl (RaftServerImpl.java:setRole(173)) - 1f17fae6-ef42-4b5f-b929-258c4df74eb0@group-E7DF167351A9: changes role from CANDIDATE to FOLLOWER at term 12 for DISCOVERED_A_NEW_TERM
2019-11-14 17:37:10,766 [1f17fae6-ef42-4b5f-b929-258c4df74eb0@group-E7DF167351A9-LeaderElection93] INFO  impl.RoleInfo (RoleInfo.java:shutdownLeaderElection(134)) - 1f17fae6-ef42-4b5f-b929-258c4df74eb0: shutdown LeaderElection
2019-11-14 17:37:10,766 [1f17fae6-ef42-4b5f-b929-258c4df74eb0@group-E7DF167351A9-LeaderElection93] INFO  impl.RoleInfo (RoleInfo.java:updateAndGet(143)) - 1f17fae6-ef42-4b5f-b929-258c4df74eb0: start FollowerState
2019-11-14 17:37:10,795 [Datanode State Machine Thread - 0] INFO  statemachine.DatanodeStateMachine (DatanodeStateMachine.java:lambda$startDaemon$0(350)) - Ozone container server started.
2019-11-14 17:37:11,082 [Datanode State Machine Thread - 0] INFO  statemachine.DatanodeStateMachine (DatanodeStateMachine.java:lambda$startDaemon$0(350)) - Ozone container server started.
2019-11-14 17:37:11,387 [Thread-1540] INFO  impl.FollowerState (FollowerState.java:run(111)) - f5a4bf5a-4195-495f-81ba-193832aea29d@group-7E7D5A9DDDD2-FollowerState: change to CANDIDATE, lastRpcTime:1741ms, electionTimeout:1050ms
2019-11-14 17:37:11,388 [Thread-1540] INFO  impl.RoleInfo (RoleInfo.java:shutdownFollowerState(121)) - f5a4bf5a-4195-495f-81ba-193832aea29d: shutdown FollowerState
2019-11-14 17:37:11,388 [Thread-1540] INFO  impl.RaftServerImpl (RaftServerImpl.java:setRole(173)) - f5a4bf5a-4195-495f-81ba-193832aea29d@group-7E7D5A9DDDD2: changes role from  FOLLOWER to CANDIDATE at term 3 for changeToCandidate
2019-11-14 17:37:11,388 [Thread-1540] INFO  impl.RoleInfo (RoleInfo.java:updateAndGet(143)) - f5a4bf5a-4195-495f-81ba-193832aea29d: start LeaderElection
2019-11-14 17:37:11,389 [f5a4bf5a-4195-495f-81ba-193832aea29d@group-7E7D5A9DDDD2-LeaderElection94] INFO  impl.RaftServerImpl (ServerState.java:setLeader(255)) - f5a4bf5a-4195-495f-81ba-193832aea29d@group-7E7D5A9DDDD2: change Leader from b2e3cdb6-e490-4d5b-a0a3-6f5ff6451210 to null at term 3 for initElection
2019-11-14 17:37:11,413 [f5a4bf5a-4195-495f-81ba-193832aea29d@group-7E7D5A9DDDD2-LeaderElection94] INFO  impl.LeaderElection (LeaderElection.java:askForVotes(178)) - f5a4bf5a-4195-495f-81ba-193832aea29d@group-7E7D5A9DDDD2-LeaderElection94: begin an election at term 4 for 0: [b2e3cdb6-e490-4d5b-a0a3-6f5ff6451210:192.168.157.194:37477, f5a4bf5a-4195-495f-81ba-193832aea29d:192.168.157.194:46851, 7dd38d19-97a5-42cf-8254-8fed67def3f2:192.168.157.194:40753], old=null
2019-11-14 17:37:11,415 [f5a4bf5a-4195-495f-81ba-193832aea29d@group-7E7D5A9DDDD2-LeaderElection94] INFO  impl.LeaderElection (LogUtils.java:infoOrTrace(149)) - f5a4bf5a-4195-495f-81ba-193832aea29d@group-7E7D5A9DDDD2-LeaderElection94 got exception when requesting votes: {}
java.util.concurrent.ExecutionException: org.apache.ratis.thirdparty.io.grpc.StatusRuntimeException: UNAVAILABLE: io exception
	at java.util.concurrent.FutureTask.report(FutureTask.java:122)
	at java.util.concurrent.FutureTask.get(FutureTask.java:192)
	at org.apache.ratis.server.impl.LeaderElection.waitForResults(LeaderElection.java:259)
	at org.apache.ratis.server.impl.LeaderElection.askForVotes(LeaderElection.java:197)
	at org.apache.ratis.server.impl.LeaderElection.run(LeaderElection.java:133)
	at java.lang.Thread.run(Thread.java:748)
Caused by: org.apache.ratis.thirdparty.io.grpc.StatusRuntimeException: UNAVAILABLE: io exception
	at org.apache.ratis.thirdparty.io.grpc.stub.ClientCalls.toStatusRuntimeException(ClientCalls.java:233)
	at org.apache.ratis.thirdparty.io.grpc.stub.ClientCalls.getUnchecked(ClientCalls.java:214)
	at org.apache.ratis.thirdparty.io.grpc.stub.ClientCalls.blockingUnaryCall(ClientCalls.java:139)
	at org.apache.ratis.proto.grpc.RaftServerProtocolServiceGrpc$RaftServerProtocolServiceBlockingStub.requestVote(RaftServerProtocolServiceGrpc.java:265)
	at org.apache.ratis.grpc.server.GrpcServerProtocolClient.requestVote(GrpcServerProtocolClient.java:99)
	at org.apache.ratis.grpc.server.GrpcService.requestVote(GrpcService.java:204)
	at org.apache.ratis.server.impl.LeaderElection.lambda$submitRequests$1(LeaderElection.java:234)
	at java.util.concurrent.FutureTask.run(FutureTask.java:266)
	at java.util.concurrent.Executors$RunnableAdapter.call(Executors.java:511)
	at java.util.concurrent.FutureTask.run(FutureTask.java:266)
	at java.util.concurrent.ThreadPoolExecutor.runWorker(ThreadPoolExecutor.java:1149)
	at java.util.concurrent.ThreadPoolExecutor$Worker.run(ThreadPoolExecutor.java:624)
	... 1 more
Caused by: org.apache.ratis.thirdparty.io.netty.channel.AbstractChannel$AnnotatedConnectException: Connection refused: /192.168.157.194:37477
	at sun.nio.ch.SocketChannelImpl.checkConnect(Native Method)
	at sun.nio.ch.SocketChannelImpl.finishConnect(SocketChannelImpl.java:717)
	at org.apache.ratis.thirdparty.io.netty.channel.socket.nio.NioSocketChannel.doFinishConnect(NioSocketChannel.java:327)
	at org.apache.ratis.thirdparty.io.netty.channel.nio.AbstractNioChannel$AbstractNioUnsafe.finishConnect(AbstractNioChannel.java:340)
	at org.apache.ratis.thirdparty.io.netty.channel.nio.NioEventLoop.processSelectedKey(NioEventLoop.java:632)
	at org.apache.ratis.thirdparty.io.netty.channel.nio.NioEventLoop.processSelectedKeysOptimized(NioEventLoop.java:579)
	at org.apache.ratis.thirdparty.io.netty.channel.nio.NioEventLoop.processSelectedKeys(NioEventLoop.java:496)
	at org.apache.ratis.thirdparty.io.netty.channel.nio.NioEventLoop.run(NioEventLoop.java:458)
	at org.apache.ratis.thirdparty.io.netty.util.concurrent.SingleThreadEventExecutor$5.run(SingleThreadEventExecutor.java:897)
	at org.apache.ratis.thirdparty.io.netty.util.concurrent.FastThreadLocalRunnable.run(FastThreadLocalRunnable.java:30)
	... 1 more
Caused by: java.net.ConnectException: Connection refused
	... 11 more
2019-11-14 17:37:11,416 [f5a4bf5a-4195-495f-81ba-193832aea29d@group-7E7D5A9DDDD2-LeaderElection94] INFO  impl.LeaderElection (LogUtils.java:infoOrTrace(149)) - f5a4bf5a-4195-495f-81ba-193832aea29d@group-7E7D5A9DDDD2-LeaderElection94 got exception when requesting votes: {}
java.util.concurrent.ExecutionException: org.apache.ratis.thirdparty.io.grpc.StatusRuntimeException: UNAVAILABLE: io exception
	at java.util.concurrent.FutureTask.report(FutureTask.java:122)
	at java.util.concurrent.FutureTask.get(FutureTask.java:192)
	at org.apache.ratis.server.impl.LeaderElection.waitForResults(LeaderElection.java:259)
	at org.apache.ratis.server.impl.LeaderElection.askForVotes(LeaderElection.java:197)
	at org.apache.ratis.server.impl.LeaderElection.run(LeaderElection.java:133)
	at java.lang.Thread.run(Thread.java:748)
Caused by: org.apache.ratis.thirdparty.io.grpc.StatusRuntimeException: UNAVAILABLE: io exception
	at org.apache.ratis.thirdparty.io.grpc.stub.ClientCalls.toStatusRuntimeException(ClientCalls.java:233)
	at org.apache.ratis.thirdparty.io.grpc.stub.ClientCalls.getUnchecked(ClientCalls.java:214)
	at org.apache.ratis.thirdparty.io.grpc.stub.ClientCalls.blockingUnaryCall(ClientCalls.java:139)
	at org.apache.ratis.proto.grpc.RaftServerProtocolServiceGrpc$RaftServerProtocolServiceBlockingStub.requestVote(RaftServerProtocolServiceGrpc.java:265)
	at org.apache.ratis.grpc.server.GrpcServerProtocolClient.requestVote(GrpcServerProtocolClient.java:99)
	at org.apache.ratis.grpc.server.GrpcService.requestVote(GrpcService.java:204)
	at org.apache.ratis.server.impl.LeaderElection.lambda$submitRequests$1(LeaderElection.java:234)
	at java.util.concurrent.FutureTask.run(FutureTask.java:266)
	at java.util.concurrent.Executors$RunnableAdapter.call(Executors.java:511)
	at java.util.concurrent.FutureTask.run(FutureTask.java:266)
	at java.util.concurrent.ThreadPoolExecutor.runWorker(ThreadPoolExecutor.java:1149)
	at java.util.concurrent.ThreadPoolExecutor$Worker.run(ThreadPoolExecutor.java:624)
	... 1 more
Caused by: org.apache.ratis.thirdparty.io.netty.channel.AbstractChannel$AnnotatedConnectException: Connection refused: /192.168.157.194:40753
	at sun.nio.ch.SocketChannelImpl.checkConnect(Native Method)
	at sun.nio.ch.SocketChannelImpl.finishConnect(SocketChannelImpl.java:717)
	at org.apache.ratis.thirdparty.io.netty.channel.socket.nio.NioSocketChannel.doFinishConnect(NioSocketChannel.java:327)
	at org.apache.ratis.thirdparty.io.netty.channel.nio.AbstractNioChannel$AbstractNioUnsafe.finishConnect(AbstractNioChannel.java:340)
	at org.apache.ratis.thirdparty.io.netty.channel.nio.NioEventLoop.processSelectedKey(NioEventLoop.java:632)
	at org.apache.ratis.thirdparty.io.netty.channel.nio.NioEventLoop.processSelectedKeysOptimized(NioEventLoop.java:579)
	at org.apache.ratis.thirdparty.io.netty.channel.nio.NioEventLoop.processSelectedKeys(NioEventLoop.java:496)
	at org.apache.ratis.thirdparty.io.netty.channel.nio.NioEventLoop.run(NioEventLoop.java:458)
	at org.apache.ratis.thirdparty.io.netty.util.concurrent.SingleThreadEventExecutor$5.run(SingleThreadEventExecutor.java:897)
	at org.apache.ratis.thirdparty.io.netty.util.concurrent.FastThreadLocalRunnable.run(FastThreadLocalRunnable.java:30)
	... 1 more
Caused by: java.net.ConnectException: Connection refused
	... 11 more
2019-11-14 17:37:11,416 [f5a4bf5a-4195-495f-81ba-193832aea29d@group-7E7D5A9DDDD2-LeaderElection94] INFO  impl.LeaderElection (LeaderElection.java:logAndReturn(56)) - f5a4bf5a-4195-495f-81ba-193832aea29d@group-7E7D5A9DDDD2-LeaderElection94: Election REJECTED; received 0 response(s) [] and 2 exception(s); f5a4bf5a-4195-495f-81ba-193832aea29d@group-7E7D5A9DDDD2:t4, leader=null, voted=f5a4bf5a-4195-495f-81ba-193832aea29d, raftlog=f5a4bf5a-4195-495f-81ba-193832aea29d@group-7E7D5A9DDDD2-SegmentedRaftLog:OPENED:c0,f0,i0, conf=0: [b2e3cdb6-e490-4d5b-a0a3-6f5ff6451210:192.168.157.194:37477, f5a4bf5a-4195-495f-81ba-193832aea29d:192.168.157.194:46851, 7dd38d19-97a5-42cf-8254-8fed67def3f2:192.168.157.194:40753], old=null
2019-11-14 17:37:11,416 [f5a4bf5a-4195-495f-81ba-193832aea29d@group-7E7D5A9DDDD2-LeaderElection94] INFO  impl.LeaderElection (LogUtils.java:infoOrTrace(149)) -   Exception 0: {}
java.util.concurrent.ExecutionException: org.apache.ratis.thirdparty.io.grpc.StatusRuntimeException: UNAVAILABLE: io exception
	at java.util.concurrent.FutureTask.report(FutureTask.java:122)
	at java.util.concurrent.FutureTask.get(FutureTask.java:192)
	at org.apache.ratis.server.impl.LeaderElection.waitForResults(LeaderElection.java:259)
	at org.apache.ratis.server.impl.LeaderElection.askForVotes(LeaderElection.java:197)
	at org.apache.ratis.server.impl.LeaderElection.run(LeaderElection.java:133)
	at java.lang.Thread.run(Thread.java:748)
Caused by: org.apache.ratis.thirdparty.io.grpc.StatusRuntimeException: UNAVAILABLE: io exception
	at org.apache.ratis.thirdparty.io.grpc.stub.ClientCalls.toStatusRuntimeException(ClientCalls.java:233)
	at org.apache.ratis.thirdparty.io.grpc.stub.ClientCalls.getUnchecked(ClientCalls.java:214)
	at org.apache.ratis.thirdparty.io.grpc.stub.ClientCalls.blockingUnaryCall(ClientCalls.java:139)
	at org.apache.ratis.proto.grpc.RaftServerProtocolServiceGrpc$RaftServerProtocolServiceBlockingStub.requestVote(RaftServerProtocolServiceGrpc.java:265)
	at org.apache.ratis.grpc.server.GrpcServerProtocolClient.requestVote(GrpcServerProtocolClient.java:99)
	at org.apache.ratis.grpc.server.GrpcService.requestVote(GrpcService.java:204)
	at org.apache.ratis.server.impl.LeaderElection.lambda$submitRequests$1(LeaderElection.java:234)
	at java.util.concurrent.FutureTask.run(FutureTask.java:266)
	at java.util.concurrent.Executors$RunnableAdapter.call(Executors.java:511)
	at java.util.concurrent.FutureTask.run(FutureTask.java:266)
	at java.util.concurrent.ThreadPoolExecutor.runWorker(ThreadPoolExecutor.java:1149)
	at java.util.concurrent.ThreadPoolExecutor$Worker.run(ThreadPoolExecutor.java:624)
	... 1 more
Caused by: org.apache.ratis.thirdparty.io.netty.channel.AbstractChannel$AnnotatedConnectException: Connection refused: /192.168.157.194:37477
	at sun.nio.ch.SocketChannelImpl.checkConnect(Native Method)
	at sun.nio.ch.SocketChannelImpl.finishConnect(SocketChannelImpl.java:717)
	at org.apache.ratis.thirdparty.io.netty.channel.socket.nio.NioSocketChannel.doFinishConnect(NioSocketChannel.java:327)
	at org.apache.ratis.thirdparty.io.netty.channel.nio.AbstractNioChannel$AbstractNioUnsafe.finishConnect(AbstractNioChannel.java:340)
	at org.apache.ratis.thirdparty.io.netty.channel.nio.NioEventLoop.processSelectedKey(NioEventLoop.java:632)
	at org.apache.ratis.thirdparty.io.netty.channel.nio.NioEventLoop.processSelectedKeysOptimized(NioEventLoop.java:579)
	at org.apache.ratis.thirdparty.io.netty.channel.nio.NioEventLoop.processSelectedKeys(NioEventLoop.java:496)
	at org.apache.ratis.thirdparty.io.netty.channel.nio.NioEventLoop.run(NioEventLoop.java:458)
	at org.apache.ratis.thirdparty.io.netty.util.concurrent.SingleThreadEventExecutor$5.run(SingleThreadEventExecutor.java:897)
	at org.apache.ratis.thirdparty.io.netty.util.concurrent.FastThreadLocalRunnable.run(FastThreadLocalRunnable.java:30)
	... 1 more
Caused by: java.net.ConnectException: Connection refused
	... 11 more
2019-11-14 17:37:11,417 [f5a4bf5a-4195-495f-81ba-193832aea29d@group-7E7D5A9DDDD2-LeaderElection94] INFO  impl.LeaderElection (LogUtils.java:infoOrTrace(149)) -   Exception 1: {}
java.util.concurrent.ExecutionException: org.apache.ratis.thirdparty.io.grpc.StatusRuntimeException: UNAVAILABLE: io exception
	at java.util.concurrent.FutureTask.report(FutureTask.java:122)
	at java.util.concurrent.FutureTask.get(FutureTask.java:192)
	at org.apache.ratis.server.impl.LeaderElection.waitForResults(LeaderElection.java:259)
	at org.apache.ratis.server.impl.LeaderElection.askForVotes(LeaderElection.java:197)
	at org.apache.ratis.server.impl.LeaderElection.run(LeaderElection.java:133)
	at java.lang.Thread.run(Thread.java:748)
Caused by: org.apache.ratis.thirdparty.io.grpc.StatusRuntimeException: UNAVAILABLE: io exception
	at org.apache.ratis.thirdparty.io.grpc.stub.ClientCalls.toStatusRuntimeException(ClientCalls.java:233)
	at org.apache.ratis.thirdparty.io.grpc.stub.ClientCalls.getUnchecked(ClientCalls.java:214)
	at org.apache.ratis.thirdparty.io.grpc.stub.ClientCalls.blockingUnaryCall(ClientCalls.java:139)
	at org.apache.ratis.proto.grpc.RaftServerProtocolServiceGrpc$RaftServerProtocolServiceBlockingStub.requestVote(RaftServerProtocolServiceGrpc.java:265)
	at org.apache.ratis.grpc.server.GrpcServerProtocolClient.requestVote(GrpcServerProtocolClient.java:99)
	at org.apache.ratis.grpc.server.GrpcService.requestVote(GrpcService.java:204)
	at org.apache.ratis.server.impl.LeaderElection.lambda$submitRequests$1(LeaderElection.java:234)
	at java.util.concurrent.FutureTask.run(FutureTask.java:266)
	at java.util.concurrent.Executors$RunnableAdapter.call(Executors.java:511)
	at java.util.concurrent.FutureTask.run(FutureTask.java:266)
	at java.util.concurrent.ThreadPoolExecutor.runWorker(ThreadPoolExecutor.java:1149)
	at java.util.concurrent.ThreadPoolExecutor$Worker.run(ThreadPoolExecutor.java:624)
	... 1 more
Caused by: org.apache.ratis.thirdparty.io.netty.channel.AbstractChannel$AnnotatedConnectException: Connection refused: /192.168.157.194:40753
	at sun.nio.ch.SocketChannelImpl.checkConnect(Native Method)
	at sun.nio.ch.SocketChannelImpl.finishConnect(SocketChannelImpl.java:717)
	at org.apache.ratis.thirdparty.io.netty.channel.socket.nio.NioSocketChannel.doFinishConnect(NioSocketChannel.java:327)
	at org.apache.ratis.thirdparty.io.netty.channel.nio.AbstractNioChannel$AbstractNioUnsafe.finishConnect(AbstractNioChannel.java:340)
	at org.apache.ratis.thirdparty.io.netty.channel.nio.NioEventLoop.processSelectedKey(NioEventLoop.java:632)
	at org.apache.ratis.thirdparty.io.netty.channel.nio.NioEventLoop.processSelectedKeysOptimized(NioEventLoop.java:579)
	at org.apache.ratis.thirdparty.io.netty.channel.nio.NioEventLoop.processSelectedKeys(NioEventLoop.java:496)
	at org.apache.ratis.thirdparty.io.netty.channel.nio.NioEventLoop.run(NioEventLoop.java:458)
	at org.apache.ratis.thirdparty.io.netty.util.concurrent.SingleThreadEventExecutor$5.run(SingleThreadEventExecutor.java:897)
	at org.apache.ratis.thirdparty.io.netty.util.concurrent.FastThreadLocalRunnable.run(FastThreadLocalRunnable.java:30)
	... 1 more
Caused by: java.net.ConnectException: Connection refused
	... 11 more
2019-11-14 17:37:11,417 [f5a4bf5a-4195-495f-81ba-193832aea29d@group-7E7D5A9DDDD2-LeaderElection94] INFO  impl.RaftServerImpl (RaftServerImpl.java:setRole(173)) - f5a4bf5a-4195-495f-81ba-193832aea29d@group-7E7D5A9DDDD2: changes role from CANDIDATE to FOLLOWER at term 4 for DISCOVERED_A_NEW_TERM
2019-11-14 17:37:11,417 [f5a4bf5a-4195-495f-81ba-193832aea29d@group-7E7D5A9DDDD2-LeaderElection94] INFO  impl.RoleInfo (RoleInfo.java:shutdownLeaderElection(134)) - f5a4bf5a-4195-495f-81ba-193832aea29d: shutdown LeaderElection
2019-11-14 17:37:11,418 [f5a4bf5a-4195-495f-81ba-193832aea29d@group-7E7D5A9DDDD2-LeaderElection94] INFO  impl.RoleInfo (RoleInfo.java:updateAndGet(143)) - f5a4bf5a-4195-495f-81ba-193832aea29d: start FollowerState
2019-11-14 17:37:11,798 [Thread-1688] INFO  impl.FollowerState (FollowerState.java:run(111)) - 1f17fae6-ef42-4b5f-b929-258c4df74eb0@group-E7DF167351A9-FollowerState: change to CANDIDATE, lastRpcTime:1031ms, electionTimeout:1031ms
2019-11-14 17:37:11,798 [Thread-1688] INFO  impl.RoleInfo (RoleInfo.java:shutdownFollowerState(121)) - 1f17fae6-ef42-4b5f-b929-258c4df74eb0: shutdown FollowerState
2019-11-14 17:37:11,798 [Thread-1688] INFO  impl.RaftServerImpl (RaftServerImpl.java:setRole(173)) - 1f17fae6-ef42-4b5f-b929-258c4df74eb0@group-E7DF167351A9: changes role from  FOLLOWER to CANDIDATE at term 12 for changeToCandidate
2019-11-14 17:37:11,798 [Thread-1688] INFO  impl.RoleInfo (RoleInfo.java:updateAndGet(143)) - 1f17fae6-ef42-4b5f-b929-258c4df74eb0: start LeaderElection
2019-11-14 17:37:11,822 [1f17fae6-ef42-4b5f-b929-258c4df74eb0@group-E7DF167351A9-LeaderElection95] INFO  impl.LeaderElection (LeaderElection.java:askForVotes(178)) - 1f17fae6-ef42-4b5f-b929-258c4df74eb0@group-E7DF167351A9-LeaderElection95: begin an election at term 13 for 1: [1f17fae6-ef42-4b5f-b929-258c4df74eb0:192.168.157.194:44377, 0b8c2274-85ff-4b39-8671-ec8be5904baa:192.168.157.194:34392, c40a56fe-5273-466a-9f61-79febf43aa6a:192.168.157.194:45340], old=null
2019-11-14 17:37:11,824 [1f17fae6-ef42-4b5f-b929-258c4df74eb0@group-E7DF167351A9-LeaderElection95] INFO  impl.LeaderElection (LogUtils.java:infoOrTrace(149)) - 1f17fae6-ef42-4b5f-b929-258c4df74eb0@group-E7DF167351A9-LeaderElection95 got exception when requesting votes: {}
java.util.concurrent.ExecutionException: org.apache.ratis.thirdparty.io.grpc.StatusRuntimeException: UNAVAILABLE: io exception
	at java.util.concurrent.FutureTask.report(FutureTask.java:122)
	at java.util.concurrent.FutureTask.get(FutureTask.java:192)
	at org.apache.ratis.server.impl.LeaderElection.waitForResults(LeaderElection.java:259)
	at org.apache.ratis.server.impl.LeaderElection.askForVotes(LeaderElection.java:197)
	at org.apache.ratis.server.impl.LeaderElection.run(LeaderElection.java:133)
	at java.lang.Thread.run(Thread.java:748)
Caused by: org.apache.ratis.thirdparty.io.grpc.StatusRuntimeException: UNAVAILABLE: io exception
	at org.apache.ratis.thirdparty.io.grpc.stub.ClientCalls.toStatusRuntimeException(ClientCalls.java:233)
	at org.apache.ratis.thirdparty.io.grpc.stub.ClientCalls.getUnchecked(ClientCalls.java:214)
	at org.apache.ratis.thirdparty.io.grpc.stub.ClientCalls.blockingUnaryCall(ClientCalls.java:139)
	at org.apache.ratis.proto.grpc.RaftServerProtocolServiceGrpc$RaftServerProtocolServiceBlockingStub.requestVote(RaftServerProtocolServiceGrpc.java:265)
	at org.apache.ratis.grpc.server.GrpcServerProtocolClient.requestVote(GrpcServerProtocolClient.java:99)
	at org.apache.ratis.grpc.server.GrpcService.requestVote(GrpcService.java:204)
	at org.apache.ratis.server.impl.LeaderElection.lambda$submitRequests$1(LeaderElection.java:234)
	at java.util.concurrent.FutureTask.run(FutureTask.java:266)
	at java.util.concurrent.Executors$RunnableAdapter.call(Executors.java:511)
	at java.util.concurrent.FutureTask.run(FutureTask.java:266)
	at java.util.concurrent.ThreadPoolExecutor.runWorker(ThreadPoolExecutor.java:1149)
	at java.util.concurrent.ThreadPoolExecutor$Worker.run(ThreadPoolExecutor.java:624)
	... 1 more
Caused by: org.apache.ratis.thirdparty.io.netty.channel.AbstractChannel$AnnotatedConnectException: Connection refused: /192.168.157.194:34392
	at sun.nio.ch.SocketChannelImpl.checkConnect(Native Method)
	at sun.nio.ch.SocketChannelImpl.finishConnect(SocketChannelImpl.java:717)
	at org.apache.ratis.thirdparty.io.netty.channel.socket.nio.NioSocketChannel.doFinishConnect(NioSocketChannel.java:327)
	at org.apache.ratis.thirdparty.io.netty.channel.nio.AbstractNioChannel$AbstractNioUnsafe.finishConnect(AbstractNioChannel.java:340)
	at org.apache.ratis.thirdparty.io.netty.channel.nio.NioEventLoop.processSelectedKey(NioEventLoop.java:632)
	at org.apache.ratis.thirdparty.io.netty.channel.nio.NioEventLoop.processSelectedKeysOptimized(NioEventLoop.java:579)
	at org.apache.ratis.thirdparty.io.netty.channel.nio.NioEventLoop.processSelectedKeys(NioEventLoop.java:496)
	at org.apache.ratis.thirdparty.io.netty.channel.nio.NioEventLoop.run(NioEventLoop.java:458)
	at org.apache.ratis.thirdparty.io.netty.util.concurrent.SingleThreadEventExecutor$5.run(SingleThreadEventExecutor.java:897)
	at org.apache.ratis.thirdparty.io.netty.util.concurrent.FastThreadLocalRunnable.run(FastThreadLocalRunnable.java:30)
	... 1 more
Caused by: java.net.ConnectException: Connection refused
	... 11 more
2019-11-14 17:37:11,824 [1f17fae6-ef42-4b5f-b929-258c4df74eb0@group-E7DF167351A9-LeaderElection95] INFO  impl.LeaderElection (LogUtils.java:infoOrTrace(149)) - 1f17fae6-ef42-4b5f-b929-258c4df74eb0@group-E7DF167351A9-LeaderElection95 got exception when requesting votes: {}
java.util.concurrent.ExecutionException: org.apache.ratis.thirdparty.io.grpc.StatusRuntimeException: UNAVAILABLE: io exception
	at java.util.concurrent.FutureTask.report(FutureTask.java:122)
	at java.util.concurrent.FutureTask.get(FutureTask.java:192)
	at org.apache.ratis.server.impl.LeaderElection.waitForResults(LeaderElection.java:259)
	at org.apache.ratis.server.impl.LeaderElection.askForVotes(LeaderElection.java:197)
	at org.apache.ratis.server.impl.LeaderElection.run(LeaderElection.java:133)
	at java.lang.Thread.run(Thread.java:748)
Caused by: org.apache.ratis.thirdparty.io.grpc.StatusRuntimeException: UNAVAILABLE: io exception
	at org.apache.ratis.thirdparty.io.grpc.stub.ClientCalls.toStatusRuntimeException(ClientCalls.java:233)
	at org.apache.ratis.thirdparty.io.grpc.stub.ClientCalls.getUnchecked(ClientCalls.java:214)
	at org.apache.ratis.thirdparty.io.grpc.stub.ClientCalls.blockingUnaryCall(ClientCalls.java:139)
	at org.apache.ratis.proto.grpc.RaftServerProtocolServiceGrpc$RaftServerProtocolServiceBlockingStub.requestVote(RaftServerProtocolServiceGrpc.java:265)
	at org.apache.ratis.grpc.server.GrpcServerProtocolClient.requestVote(GrpcServerProtocolClient.java:99)
	at org.apache.ratis.grpc.server.GrpcService.requestVote(GrpcService.java:204)
	at org.apache.ratis.server.impl.LeaderElection.lambda$submitRequests$1(LeaderElection.java:234)
	at java.util.concurrent.FutureTask.run(FutureTask.java:266)
	at java.util.concurrent.Executors$RunnableAdapter.call(Executors.java:511)
	at java.util.concurrent.FutureTask.run(FutureTask.java:266)
	at java.util.concurrent.ThreadPoolExecutor.runWorker(ThreadPoolExecutor.java:1149)
	at java.util.concurrent.ThreadPoolExecutor$Worker.run(ThreadPoolExecutor.java:624)
	... 1 more
Caused by: org.apache.ratis.thirdparty.io.netty.channel.AbstractChannel$AnnotatedConnectException: Connection refused: /192.168.157.194:45340
	at sun.nio.ch.SocketChannelImpl.checkConnect(Native Method)
	at sun.nio.ch.SocketChannelImpl.finishConnect(SocketChannelImpl.java:717)
	at org.apache.ratis.thirdparty.io.netty.channel.socket.nio.NioSocketChannel.doFinishConnect(NioSocketChannel.java:327)
	at org.apache.ratis.thirdparty.io.netty.channel.nio.AbstractNioChannel$AbstractNioUnsafe.finishConnect(AbstractNioChannel.java:340)
	at org.apache.ratis.thirdparty.io.netty.channel.nio.NioEventLoop.processSelectedKey(NioEventLoop.java:632)
	at org.apache.ratis.thirdparty.io.netty.channel.nio.NioEventLoop.processSelectedKeysOptimized(NioEventLoop.java:579)
	at org.apache.ratis.thirdparty.io.netty.channel.nio.NioEventLoop.processSelectedKeys(NioEventLoop.java:496)
	at org.apache.ratis.thirdparty.io.netty.channel.nio.NioEventLoop.run(NioEventLoop.java:458)
	at org.apache.ratis.thirdparty.io.netty.util.concurrent.SingleThreadEventExecutor$5.run(SingleThreadEventExecutor.java:897)
	at org.apache.ratis.thirdparty.io.netty.util.concurrent.FastThreadLocalRunnable.run(FastThreadLocalRunnable.java:30)
	... 1 more
Caused by: java.net.ConnectException: Connection refused
	... 11 more
2019-11-14 17:37:11,825 [1f17fae6-ef42-4b5f-b929-258c4df74eb0@group-E7DF167351A9-LeaderElection95] INFO  impl.LeaderElection (LeaderElection.java:logAndReturn(56)) - 1f17fae6-ef42-4b5f-b929-258c4df74eb0@group-E7DF167351A9-LeaderElection95: Election REJECTED; received 0 response(s) [] and 2 exception(s); 1f17fae6-ef42-4b5f-b929-258c4df74eb0@group-E7DF167351A9:t13, leader=null, voted=1f17fae6-ef42-4b5f-b929-258c4df74eb0, raftlog=1f17fae6-ef42-4b5f-b929-258c4df74eb0@group-E7DF167351A9-SegmentedRaftLog:OPENED:c6,f6,i6, conf=1: [1f17fae6-ef42-4b5f-b929-258c4df74eb0:192.168.157.194:44377, 0b8c2274-85ff-4b39-8671-ec8be5904baa:192.168.157.194:34392, c40a56fe-5273-466a-9f61-79febf43aa6a:192.168.157.194:45340], old=null
2019-11-14 17:37:11,825 [1f17fae6-ef42-4b5f-b929-258c4df74eb0@group-E7DF167351A9-LeaderElection95] INFO  impl.LeaderElection (LogUtils.java:infoOrTrace(149)) -   Exception 0: {}
java.util.concurrent.ExecutionException: org.apache.ratis.thirdparty.io.grpc.StatusRuntimeException: UNAVAILABLE: io exception
	at java.util.concurrent.FutureTask.report(FutureTask.java:122)
	at java.util.concurrent.FutureTask.get(FutureTask.java:192)
	at org.apache.ratis.server.impl.LeaderElection.waitForResults(LeaderElection.java:259)
	at org.apache.ratis.server.impl.LeaderElection.askForVotes(LeaderElection.java:197)
	at org.apache.ratis.server.impl.LeaderElection.run(LeaderElection.java:133)
	at java.lang.Thread.run(Thread.java:748)
Caused by: org.apache.ratis.thirdparty.io.grpc.StatusRuntimeException: UNAVAILABLE: io exception
	at org.apache.ratis.thirdparty.io.grpc.stub.ClientCalls.toStatusRuntimeException(ClientCalls.java:233)
	at org.apache.ratis.thirdparty.io.grpc.stub.ClientCalls.getUnchecked(ClientCalls.java:214)
	at org.apache.ratis.thirdparty.io.grpc.stub.ClientCalls.blockingUnaryCall(ClientCalls.java:139)
	at org.apache.ratis.proto.grpc.RaftServerProtocolServiceGrpc$RaftServerProtocolServiceBlockingStub.requestVote(RaftServerProtocolServiceGrpc.java:265)
	at org.apache.ratis.grpc.server.GrpcServerProtocolClient.requestVote(GrpcServerProtocolClient.java:99)
	at org.apache.ratis.grpc.server.GrpcService.requestVote(GrpcService.java:204)
	at org.apache.ratis.server.impl.LeaderElection.lambda$submitRequests$1(LeaderElection.java:234)
	at java.util.concurrent.FutureTask.run(FutureTask.java:266)
	at java.util.concurrent.Executors$RunnableAdapter.call(Executors.java:511)
	at java.util.concurrent.FutureTask.run(FutureTask.java:266)
	at java.util.concurrent.ThreadPoolExecutor.runWorker(ThreadPoolExecutor.java:1149)
	at java.util.concurrent.ThreadPoolExecutor$Worker.run(ThreadPoolExecutor.java:624)
	... 1 more
Caused by: org.apache.ratis.thirdparty.io.netty.channel.AbstractChannel$AnnotatedConnectException: Connection refused: /192.168.157.194:34392
	at sun.nio.ch.SocketChannelImpl.checkConnect(Native Method)
	at sun.nio.ch.SocketChannelImpl.finishConnect(SocketChannelImpl.java:717)
	at org.apache.ratis.thirdparty.io.netty.channel.socket.nio.NioSocketChannel.doFinishConnect(NioSocketChannel.java:327)
	at org.apache.ratis.thirdparty.io.netty.channel.nio.AbstractNioChannel$AbstractNioUnsafe.finishConnect(AbstractNioChannel.java:340)
	at org.apache.ratis.thirdparty.io.netty.channel.nio.NioEventLoop.processSelectedKey(NioEventLoop.java:632)
	at org.apache.ratis.thirdparty.io.netty.channel.nio.NioEventLoop.processSelectedKeysOptimized(NioEventLoop.java:579)
	at org.apache.ratis.thirdparty.io.netty.channel.nio.NioEventLoop.processSelectedKeys(NioEventLoop.java:496)
	at org.apache.ratis.thirdparty.io.netty.channel.nio.NioEventLoop.run(NioEventLoop.java:458)
	at org.apache.ratis.thirdparty.io.netty.util.concurrent.SingleThreadEventExecutor$5.run(SingleThreadEventExecutor.java:897)
	at org.apache.ratis.thirdparty.io.netty.util.concurrent.FastThreadLocalRunnable.run(FastThreadLocalRunnable.java:30)
	... 1 more
Caused by: java.net.ConnectException: Connection refused
	... 11 more
2019-11-14 17:37:11,825 [1f17fae6-ef42-4b5f-b929-258c4df74eb0@group-E7DF167351A9-LeaderElection95] INFO  impl.LeaderElection (LogUtils.java:infoOrTrace(149)) -   Exception 1: {}
java.util.concurrent.ExecutionException: org.apache.ratis.thirdparty.io.grpc.StatusRuntimeException: UNAVAILABLE: io exception
	at java.util.concurrent.FutureTask.report(FutureTask.java:122)
	at java.util.concurrent.FutureTask.get(FutureTask.java:192)
	at org.apache.ratis.server.impl.LeaderElection.waitForResults(LeaderElection.java:259)
	at org.apache.ratis.server.impl.LeaderElection.askForVotes(LeaderElection.java:197)
	at org.apache.ratis.server.impl.LeaderElection.run(LeaderElection.java:133)
	at java.lang.Thread.run(Thread.java:748)
Caused by: org.apache.ratis.thirdparty.io.grpc.StatusRuntimeException: UNAVAILABLE: io exception
	at org.apache.ratis.thirdparty.io.grpc.stub.ClientCalls.toStatusRuntimeException(ClientCalls.java:233)
	at org.apache.ratis.thirdparty.io.grpc.stub.ClientCalls.getUnchecked(ClientCalls.java:214)
	at org.apache.ratis.thirdparty.io.grpc.stub.ClientCalls.blockingUnaryCall(ClientCalls.java:139)
	at org.apache.ratis.proto.grpc.RaftServerProtocolServiceGrpc$RaftServerProtocolServiceBlockingStub.requestVote(RaftServerProtocolServiceGrpc.java:265)
	at org.apache.ratis.grpc.server.GrpcServerProtocolClient.requestVote(GrpcServerProtocolClient.java:99)
	at org.apache.ratis.grpc.server.GrpcService.requestVote(GrpcService.java:204)
	at org.apache.ratis.server.impl.LeaderElection.lambda$submitRequests$1(LeaderElection.java:234)
	at java.util.concurrent.FutureTask.run(FutureTask.java:266)
	at java.util.concurrent.Executors$RunnableAdapter.call(Executors.java:511)
	at java.util.concurrent.FutureTask.run(FutureTask.java:266)
	at java.util.concurrent.ThreadPoolExecutor.runWorker(ThreadPoolExecutor.java:1149)
	at java.util.concurrent.ThreadPoolExecutor$Worker.run(ThreadPoolExecutor.java:624)
	... 1 more
Caused by: org.apache.ratis.thirdparty.io.netty.channel.AbstractChannel$AnnotatedConnectException: Connection refused: /192.168.157.194:45340
	at sun.nio.ch.SocketChannelImpl.checkConnect(Native Method)
	at sun.nio.ch.SocketChannelImpl.finishConnect(SocketChannelImpl.java:717)
	at org.apache.ratis.thirdparty.io.netty.channel.socket.nio.NioSocketChannel.doFinishConnect(NioSocketChannel.java:327)
	at org.apache.ratis.thirdparty.io.netty.channel.nio.AbstractNioChannel$AbstractNioUnsafe.finishConnect(AbstractNioChannel.java:340)
	at org.apache.ratis.thirdparty.io.netty.channel.nio.NioEventLoop.processSelectedKey(NioEventLoop.java:632)
	at org.apache.ratis.thirdparty.io.netty.channel.nio.NioEventLoop.processSelectedKeysOptimized(NioEventLoop.java:579)
	at org.apache.ratis.thirdparty.io.netty.channel.nio.NioEventLoop.processSelectedKeys(NioEventLoop.java:496)
	at org.apache.ratis.thirdparty.io.netty.channel.nio.NioEventLoop.run(NioEventLoop.java:458)
	at org.apache.ratis.thirdparty.io.netty.util.concurrent.SingleThreadEventExecutor$5.run(SingleThreadEventExecutor.java:897)
	at org.apache.ratis.thirdparty.io.netty.util.concurrent.FastThreadLocalRunnable.run(FastThreadLocalRunnable.java:30)
	... 1 more
Caused by: java.net.ConnectException: Connection refused
	... 11 more
2019-11-14 17:37:11,826 [1f17fae6-ef42-4b5f-b929-258c4df74eb0@group-E7DF167351A9-LeaderElection95] INFO  impl.RaftServerImpl (RaftServerImpl.java:setRole(173)) - 1f17fae6-ef42-4b5f-b929-258c4df74eb0@group-E7DF167351A9: changes role from CANDIDATE to FOLLOWER at term 13 for DISCOVERED_A_NEW_TERM
2019-11-14 17:37:11,826 [1f17fae6-ef42-4b5f-b929-258c4df74eb0@group-E7DF167351A9-LeaderElection95] INFO  impl.RoleInfo (RoleInfo.java:shutdownLeaderElection(134)) - 1f17fae6-ef42-4b5f-b929-258c4df74eb0: shutdown LeaderElection
2019-11-14 17:37:11,826 [1f17fae6-ef42-4b5f-b929-258c4df74eb0@group-E7DF167351A9-LeaderElection95] INFO  impl.RoleInfo (RoleInfo.java:updateAndGet(143)) - 1f17fae6-ef42-4b5f-b929-258c4df74eb0: start FollowerState
2019-11-14 17:37:12,425 [Thread-1692] INFO  impl.FollowerState (FollowerState.java:run(111)) - f5a4bf5a-4195-495f-81ba-193832aea29d@group-7E7D5A9DDDD2-FollowerState: change to CANDIDATE, lastRpcTime:1007ms, electionTimeout:1007ms
2019-11-14 17:37:12,425 [Thread-1692] INFO  impl.RoleInfo (RoleInfo.java:shutdownFollowerState(121)) - f5a4bf5a-4195-495f-81ba-193832aea29d: shutdown FollowerState
2019-11-14 17:37:12,426 [Thread-1692] INFO  impl.RaftServerImpl (RaftServerImpl.java:setRole(173)) - f5a4bf5a-4195-495f-81ba-193832aea29d@group-7E7D5A9DDDD2: changes role from  FOLLOWER to CANDIDATE at term 4 for changeToCandidate
2019-11-14 17:37:12,426 [Thread-1692] INFO  impl.RoleInfo (RoleInfo.java:updateAndGet(143)) - f5a4bf5a-4195-495f-81ba-193832aea29d: start LeaderElection
2019-11-14 17:37:12,450 [f5a4bf5a-4195-495f-81ba-193832aea29d@group-7E7D5A9DDDD2-LeaderElection96] INFO  impl.LeaderElection (LeaderElection.java:askForVotes(178)) - f5a4bf5a-4195-495f-81ba-193832aea29d@group-7E7D5A9DDDD2-LeaderElection96: begin an election at term 5 for 0: [b2e3cdb6-e490-4d5b-a0a3-6f5ff6451210:192.168.157.194:37477, f5a4bf5a-4195-495f-81ba-193832aea29d:192.168.157.194:46851, 7dd38d19-97a5-42cf-8254-8fed67def3f2:192.168.157.194:40753], old=null
2019-11-14 17:37:12,451 [f5a4bf5a-4195-495f-81ba-193832aea29d@group-7E7D5A9DDDD2-LeaderElection96] INFO  impl.LeaderElection (LogUtils.java:infoOrTrace(149)) - f5a4bf5a-4195-495f-81ba-193832aea29d@group-7E7D5A9DDDD2-LeaderElection96 got exception when requesting votes: {}
java.util.concurrent.ExecutionException: org.apache.ratis.thirdparty.io.grpc.StatusRuntimeException: UNAVAILABLE: io exception
	at java.util.concurrent.FutureTask.report(FutureTask.java:122)
	at java.util.concurrent.FutureTask.get(FutureTask.java:192)
	at org.apache.ratis.server.impl.LeaderElection.waitForResults(LeaderElection.java:259)
	at org.apache.ratis.server.impl.LeaderElection.askForVotes(LeaderElection.java:197)
	at org.apache.ratis.server.impl.LeaderElection.run(LeaderElection.java:133)
	at java.lang.Thread.run(Thread.java:748)
Caused by: org.apache.ratis.thirdparty.io.grpc.StatusRuntimeException: UNAVAILABLE: io exception
	at org.apache.ratis.thirdparty.io.grpc.stub.ClientCalls.toStatusRuntimeException(ClientCalls.java:233)
	at org.apache.ratis.thirdparty.io.grpc.stub.ClientCalls.getUnchecked(ClientCalls.java:214)
	at org.apache.ratis.thirdparty.io.grpc.stub.ClientCalls.blockingUnaryCall(ClientCalls.java:139)
	at org.apache.ratis.proto.grpc.RaftServerProtocolServiceGrpc$RaftServerProtocolServiceBlockingStub.requestVote(RaftServerProtocolServiceGrpc.java:265)
	at org.apache.ratis.grpc.server.GrpcServerProtocolClient.requestVote(GrpcServerProtocolClient.java:99)
	at org.apache.ratis.grpc.server.GrpcService.requestVote(GrpcService.java:204)
	at org.apache.ratis.server.impl.LeaderElection.lambda$submitRequests$1(LeaderElection.java:234)
	at java.util.concurrent.FutureTask.run(FutureTask.java:266)
	at java.util.concurrent.Executors$RunnableAdapter.call(Executors.java:511)
	at java.util.concurrent.FutureTask.run(FutureTask.java:266)
	at java.util.concurrent.ThreadPoolExecutor.runWorker(ThreadPoolExecutor.java:1149)
	at java.util.concurrent.ThreadPoolExecutor$Worker.run(ThreadPoolExecutor.java:624)
	... 1 more
Caused by: org.apache.ratis.thirdparty.io.netty.channel.AbstractChannel$AnnotatedConnectException: Connection refused: /192.168.157.194:37477
	at sun.nio.ch.SocketChannelImpl.checkConnect(Native Method)
	at sun.nio.ch.SocketChannelImpl.finishConnect(SocketChannelImpl.java:717)
	at org.apache.ratis.thirdparty.io.netty.channel.socket.nio.NioSocketChannel.doFinishConnect(NioSocketChannel.java:327)
	at org.apache.ratis.thirdparty.io.netty.channel.nio.AbstractNioChannel$AbstractNioUnsafe.finishConnect(AbstractNioChannel.java:340)
	at org.apache.ratis.thirdparty.io.netty.channel.nio.NioEventLoop.processSelectedKey(NioEventLoop.java:632)
	at org.apache.ratis.thirdparty.io.netty.channel.nio.NioEventLoop.processSelectedKeysOptimized(NioEventLoop.java:579)
	at org.apache.ratis.thirdparty.io.netty.channel.nio.NioEventLoop.processSelectedKeys(NioEventLoop.java:496)
	at org.apache.ratis.thirdparty.io.netty.channel.nio.NioEventLoop.run(NioEventLoop.java:458)
	at org.apache.ratis.thirdparty.io.netty.util.concurrent.SingleThreadEventExecutor$5.run(SingleThreadEventExecutor.java:897)
	at org.apache.ratis.thirdparty.io.netty.util.concurrent.FastThreadLocalRunnable.run(FastThreadLocalRunnable.java:30)
	... 1 more
Caused by: java.net.ConnectException: Connection refused
	... 11 more
2019-11-14 17:37:12,452 [f5a4bf5a-4195-495f-81ba-193832aea29d@group-7E7D5A9DDDD2-LeaderElection96] INFO  impl.LeaderElection (LogUtils.java:infoOrTrace(149)) - f5a4bf5a-4195-495f-81ba-193832aea29d@group-7E7D5A9DDDD2-LeaderElection96 got exception when requesting votes: {}
java.util.concurrent.ExecutionException: org.apache.ratis.thirdparty.io.grpc.StatusRuntimeException: UNAVAILABLE: io exception
	at java.util.concurrent.FutureTask.report(FutureTask.java:122)
	at java.util.concurrent.FutureTask.get(FutureTask.java:192)
	at org.apache.ratis.server.impl.LeaderElection.waitForResults(LeaderElection.java:259)
	at org.apache.ratis.server.impl.LeaderElection.askForVotes(LeaderElection.java:197)
	at org.apache.ratis.server.impl.LeaderElection.run(LeaderElection.java:133)
	at java.lang.Thread.run(Thread.java:748)
Caused by: org.apache.ratis.thirdparty.io.grpc.StatusRuntimeException: UNAVAILABLE: io exception
	at org.apache.ratis.thirdparty.io.grpc.stub.ClientCalls.toStatusRuntimeException(ClientCalls.java:233)
	at org.apache.ratis.thirdparty.io.grpc.stub.ClientCalls.getUnchecked(ClientCalls.java:214)
	at org.apache.ratis.thirdparty.io.grpc.stub.ClientCalls.blockingUnaryCall(ClientCalls.java:139)
	at org.apache.ratis.proto.grpc.RaftServerProtocolServiceGrpc$RaftServerProtocolServiceBlockingStub.requestVote(RaftServerProtocolServiceGrpc.java:265)
	at org.apache.ratis.grpc.server.GrpcServerProtocolClient.requestVote(GrpcServerProtocolClient.java:99)
	at org.apache.ratis.grpc.server.GrpcService.requestVote(GrpcService.java:204)
	at org.apache.ratis.server.impl.LeaderElection.lambda$submitRequests$1(LeaderElection.java:234)
	at java.util.concurrent.FutureTask.run(FutureTask.java:266)
	at java.util.concurrent.Executors$RunnableAdapter.call(Executors.java:511)
	at java.util.concurrent.FutureTask.run(FutureTask.java:266)
	at java.util.concurrent.ThreadPoolExecutor.runWorker(ThreadPoolExecutor.java:1149)
	at java.util.concurrent.ThreadPoolExecutor$Worker.run(ThreadPoolExecutor.java:624)
	... 1 more
Caused by: org.apache.ratis.thirdparty.io.netty.channel.AbstractChannel$AnnotatedConnectException: Connection refused: /192.168.157.194:40753
	at sun.nio.ch.SocketChannelImpl.checkConnect(Native Method)
	at sun.nio.ch.SocketChannelImpl.finishConnect(SocketChannelImpl.java:717)
	at org.apache.ratis.thirdparty.io.netty.channel.socket.nio.NioSocketChannel.doFinishConnect(NioSocketChannel.java:327)
	at org.apache.ratis.thirdparty.io.netty.channel.nio.AbstractNioChannel$AbstractNioUnsafe.finishConnect(AbstractNioChannel.java:340)
	at org.apache.ratis.thirdparty.io.netty.channel.nio.NioEventLoop.processSelectedKey(NioEventLoop.java:632)
	at org.apache.ratis.thirdparty.io.netty.channel.nio.NioEventLoop.processSelectedKeysOptimized(NioEventLoop.java:579)
	at org.apache.ratis.thirdparty.io.netty.channel.nio.NioEventLoop.processSelectedKeys(NioEventLoop.java:496)
	at org.apache.ratis.thirdparty.io.netty.channel.nio.NioEventLoop.run(NioEventLoop.java:458)
	at org.apache.ratis.thirdparty.io.netty.util.concurrent.SingleThreadEventExecutor$5.run(SingleThreadEventExecutor.java:897)
	at org.apache.ratis.thirdparty.io.netty.util.concurrent.FastThreadLocalRunnable.run(FastThreadLocalRunnable.java:30)
	... 1 more
Caused by: java.net.ConnectException: Connection refused
	... 11 more
2019-11-14 17:37:12,452 [f5a4bf5a-4195-495f-81ba-193832aea29d@group-7E7D5A9DDDD2-LeaderElection96] INFO  impl.LeaderElection (LeaderElection.java:logAndReturn(56)) - f5a4bf5a-4195-495f-81ba-193832aea29d@group-7E7D5A9DDDD2-LeaderElection96: Election REJECTED; received 0 response(s) [] and 2 exception(s); f5a4bf5a-4195-495f-81ba-193832aea29d@group-7E7D5A9DDDD2:t5, leader=null, voted=f5a4bf5a-4195-495f-81ba-193832aea29d, raftlog=f5a4bf5a-4195-495f-81ba-193832aea29d@group-7E7D5A9DDDD2-SegmentedRaftLog:OPENED:c0,f0,i0, conf=0: [b2e3cdb6-e490-4d5b-a0a3-6f5ff6451210:192.168.157.194:37477, f5a4bf5a-4195-495f-81ba-193832aea29d:192.168.157.194:46851, 7dd38d19-97a5-42cf-8254-8fed67def3f2:192.168.157.194:40753], old=null
2019-11-14 17:37:12,453 [f5a4bf5a-4195-495f-81ba-193832aea29d@group-7E7D5A9DDDD2-LeaderElection96] INFO  impl.LeaderElection (LogUtils.java:infoOrTrace(149)) -   Exception 0: {}
java.util.concurrent.ExecutionException: org.apache.ratis.thirdparty.io.grpc.StatusRuntimeException: UNAVAILABLE: io exception
	at java.util.concurrent.FutureTask.report(FutureTask.java:122)
	at java.util.concurrent.FutureTask.get(FutureTask.java:192)
	at org.apache.ratis.server.impl.LeaderElection.waitForResults(LeaderElection.java:259)
	at org.apache.ratis.server.impl.LeaderElection.askForVotes(LeaderElection.java:197)
	at org.apache.ratis.server.impl.LeaderElection.run(LeaderElection.java:133)
	at java.lang.Thread.run(Thread.java:748)
Caused by: org.apache.ratis.thirdparty.io.grpc.StatusRuntimeException: UNAVAILABLE: io exception
	at org.apache.ratis.thirdparty.io.grpc.stub.ClientCalls.toStatusRuntimeException(ClientCalls.java:233)
	at org.apache.ratis.thirdparty.io.grpc.stub.ClientCalls.getUnchecked(ClientCalls.java:214)
	at org.apache.ratis.thirdparty.io.grpc.stub.ClientCalls.blockingUnaryCall(ClientCalls.java:139)
	at org.apache.ratis.proto.grpc.RaftServerProtocolServiceGrpc$RaftServerProtocolServiceBlockingStub.requestVote(RaftServerProtocolServiceGrpc.java:265)
	at org.apache.ratis.grpc.server.GrpcServerProtocolClient.requestVote(GrpcServerProtocolClient.java:99)
	at org.apache.ratis.grpc.server.GrpcService.requestVote(GrpcService.java:204)
	at org.apache.ratis.server.impl.LeaderElection.lambda$submitRequests$1(LeaderElection.java:234)
	at java.util.concurrent.FutureTask.run(FutureTask.java:266)
	at java.util.concurrent.Executors$RunnableAdapter.call(Executors.java:511)
	at java.util.concurrent.FutureTask.run(FutureTask.java:266)
	at java.util.concurrent.ThreadPoolExecutor.runWorker(ThreadPoolExecutor.java:1149)
	at java.util.concurrent.ThreadPoolExecutor$Worker.run(ThreadPoolExecutor.java:624)
	... 1 more
Caused by: org.apache.ratis.thirdparty.io.netty.channel.AbstractChannel$AnnotatedConnectException: Connection refused: /192.168.157.194:37477
	at sun.nio.ch.SocketChannelImpl.checkConnect(Native Method)
	at sun.nio.ch.SocketChannelImpl.finishConnect(SocketChannelImpl.java:717)
	at org.apache.ratis.thirdparty.io.netty.channel.socket.nio.NioSocketChannel.doFinishConnect(NioSocketChannel.java:327)
	at org.apache.ratis.thirdparty.io.netty.channel.nio.AbstractNioChannel$AbstractNioUnsafe.finishConnect(AbstractNioChannel.java:340)
	at org.apache.ratis.thirdparty.io.netty.channel.nio.NioEventLoop.processSelectedKey(NioEventLoop.java:632)
	at org.apache.ratis.thirdparty.io.netty.channel.nio.NioEventLoop.processSelectedKeysOptimized(NioEventLoop.java:579)
	at org.apache.ratis.thirdparty.io.netty.channel.nio.NioEventLoop.processSelectedKeys(NioEventLoop.java:496)
	at org.apache.ratis.thirdparty.io.netty.channel.nio.NioEventLoop.run(NioEventLoop.java:458)
	at org.apache.ratis.thirdparty.io.netty.util.concurrent.SingleThreadEventExecutor$5.run(SingleThreadEventExecutor.java:897)
	at org.apache.ratis.thirdparty.io.netty.util.concurrent.FastThreadLocalRunnable.run(FastThreadLocalRunnable.java:30)
	... 1 more
Caused by: java.net.ConnectException: Connection refused
	... 11 more
2019-11-14 17:37:12,453 [f5a4bf5a-4195-495f-81ba-193832aea29d@group-7E7D5A9DDDD2-LeaderElection96] INFO  impl.LeaderElection (LogUtils.java:infoOrTrace(149)) -   Exception 1: {}
java.util.concurrent.ExecutionException: org.apache.ratis.thirdparty.io.grpc.StatusRuntimeException: UNAVAILABLE: io exception
	at java.util.concurrent.FutureTask.report(FutureTask.java:122)
	at java.util.concurrent.FutureTask.get(FutureTask.java:192)
	at org.apache.ratis.server.impl.LeaderElection.waitForResults(LeaderElection.java:259)
	at org.apache.ratis.server.impl.LeaderElection.askForVotes(LeaderElection.java:197)
	at org.apache.ratis.server.impl.LeaderElection.run(LeaderElection.java:133)
	at java.lang.Thread.run(Thread.java:748)
Caused by: org.apache.ratis.thirdparty.io.grpc.StatusRuntimeException: UNAVAILABLE: io exception
	at org.apache.ratis.thirdparty.io.grpc.stub.ClientCalls.toStatusRuntimeException(ClientCalls.java:233)
	at org.apache.ratis.thirdparty.io.grpc.stub.ClientCalls.getUnchecked(ClientCalls.java:214)
	at org.apache.ratis.thirdparty.io.grpc.stub.ClientCalls.blockingUnaryCall(ClientCalls.java:139)
	at org.apache.ratis.proto.grpc.RaftServerProtocolServiceGrpc$RaftServerProtocolServiceBlockingStub.requestVote(RaftServerProtocolServiceGrpc.java:265)
	at org.apache.ratis.grpc.server.GrpcServerProtocolClient.requestVote(GrpcServerProtocolClient.java:99)
	at org.apache.ratis.grpc.server.GrpcService.requestVote(GrpcService.java:204)
	at org.apache.ratis.server.impl.LeaderElection.lambda$submitRequests$1(LeaderElection.java:234)
	at java.util.concurrent.FutureTask.run(FutureTask.java:266)
	at java.util.concurrent.Executors$RunnableAdapter.call(Executors.java:511)
	at java.util.concurrent.FutureTask.run(FutureTask.java:266)
	at java.util.concurrent.ThreadPoolExecutor.runWorker(ThreadPoolExecutor.java:1149)
	at java.util.concurrent.ThreadPoolExecutor$Worker.run(ThreadPoolExecutor.java:624)
	... 1 more
Caused by: org.apache.ratis.thirdparty.io.netty.channel.AbstractChannel$AnnotatedConnectException: Connection refused: /192.168.157.194:40753
	at sun.nio.ch.SocketChannelImpl.checkConnect(Native Method)
	at sun.nio.ch.SocketChannelImpl.finishConnect(SocketChannelImpl.java:717)
	at org.apache.ratis.thirdparty.io.netty.channel.socket.nio.NioSocketChannel.doFinishConnect(NioSocketChannel.java:327)
	at org.apache.ratis.thirdparty.io.netty.channel.nio.AbstractNioChannel$AbstractNioUnsafe.finishConnect(AbstractNioChannel.java:340)
	at org.apache.ratis.thirdparty.io.netty.channel.nio.NioEventLoop.processSelectedKey(NioEventLoop.java:632)
	at org.apache.ratis.thirdparty.io.netty.channel.nio.NioEventLoop.processSelectedKeysOptimized(NioEventLoop.java:579)
	at org.apache.ratis.thirdparty.io.netty.channel.nio.NioEventLoop.processSelectedKeys(NioEventLoop.java:496)
	at org.apache.ratis.thirdparty.io.netty.channel.nio.NioEventLoop.run(NioEventLoop.java:458)
	at org.apache.ratis.thirdparty.io.netty.util.concurrent.SingleThreadEventExecutor$5.run(SingleThreadEventExecutor.java:897)
	at org.apache.ratis.thirdparty.io.netty.util.concurrent.FastThreadLocalRunnable.run(FastThreadLocalRunnable.java:30)
	... 1 more
Caused by: java.net.ConnectException: Connection refused
	... 11 more
2019-11-14 17:37:12,453 [f5a4bf5a-4195-495f-81ba-193832aea29d@group-7E7D5A9DDDD2-LeaderElection96] INFO  impl.RaftServerImpl (RaftServerImpl.java:setRole(173)) - f5a4bf5a-4195-495f-81ba-193832aea29d@group-7E7D5A9DDDD2: changes role from CANDIDATE to FOLLOWER at term 5 for DISCOVERED_A_NEW_TERM
2019-11-14 17:37:12,454 [f5a4bf5a-4195-495f-81ba-193832aea29d@group-7E7D5A9DDDD2-LeaderElection96] INFO  impl.RoleInfo (RoleInfo.java:shutdownLeaderElection(134)) - f5a4bf5a-4195-495f-81ba-193832aea29d: shutdown LeaderElection
2019-11-14 17:37:12,454 [f5a4bf5a-4195-495f-81ba-193832aea29d@group-7E7D5A9DDDD2-LeaderElection96] INFO  impl.RoleInfo (RoleInfo.java:updateAndGet(143)) - f5a4bf5a-4195-495f-81ba-193832aea29d: start FollowerState
2019-11-14 17:37:12,890 [Thread-1696] INFO  impl.FollowerState (FollowerState.java:run(111)) - 1f17fae6-ef42-4b5f-b929-258c4df74eb0@group-E7DF167351A9-FollowerState: change to CANDIDATE, lastRpcTime:1064ms, electionTimeout:1064ms
2019-11-14 17:37:12,891 [Thread-1696] INFO  impl.RoleInfo (RoleInfo.java:shutdownFollowerState(121)) - 1f17fae6-ef42-4b5f-b929-258c4df74eb0: shutdown FollowerState
2019-11-14 17:37:12,891 [Thread-1696] INFO  impl.RaftServerImpl (RaftServerImpl.java:setRole(173)) - 1f17fae6-ef42-4b5f-b929-258c4df74eb0@group-E7DF167351A9: changes role from  FOLLOWER to CANDIDATE at term 13 for changeToCandidate
2019-11-14 17:37:12,891 [Thread-1696] INFO  impl.RoleInfo (RoleInfo.java:updateAndGet(143)) - 1f17fae6-ef42-4b5f-b929-258c4df74eb0: start LeaderElection
2019-11-14 17:37:12,920 [1f17fae6-ef42-4b5f-b929-258c4df74eb0@group-E7DF167351A9-LeaderElection97] INFO  impl.LeaderElection (LeaderElection.java:askForVotes(178)) - 1f17fae6-ef42-4b5f-b929-258c4df74eb0@group-E7DF167351A9-LeaderElection97: begin an election at term 14 for 1: [1f17fae6-ef42-4b5f-b929-258c4df74eb0:192.168.157.194:44377, 0b8c2274-85ff-4b39-8671-ec8be5904baa:192.168.157.194:34392, c40a56fe-5273-466a-9f61-79febf43aa6a:192.168.157.194:45340], old=null
2019-11-14 17:37:12,921 [1f17fae6-ef42-4b5f-b929-258c4df74eb0@group-E7DF167351A9-LeaderElection97] INFO  impl.LeaderElection (LogUtils.java:infoOrTrace(149)) - 1f17fae6-ef42-4b5f-b929-258c4df74eb0@group-E7DF167351A9-LeaderElection97 got exception when requesting votes: {}
java.util.concurrent.ExecutionException: org.apache.ratis.thirdparty.io.grpc.StatusRuntimeException: UNAVAILABLE: io exception
	at java.util.concurrent.FutureTask.report(FutureTask.java:122)
	at java.util.concurrent.FutureTask.get(FutureTask.java:192)
	at org.apache.ratis.server.impl.LeaderElection.waitForResults(LeaderElection.java:259)
	at org.apache.ratis.server.impl.LeaderElection.askForVotes(LeaderElection.java:197)
	at org.apache.ratis.server.impl.LeaderElection.run(LeaderElection.java:133)
	at java.lang.Thread.run(Thread.java:748)
Caused by: org.apache.ratis.thirdparty.io.grpc.StatusRuntimeException: UNAVAILABLE: io exception
	at org.apache.ratis.thirdparty.io.grpc.stub.ClientCalls.toStatusRuntimeException(ClientCalls.java:233)
	at org.apache.ratis.thirdparty.io.grpc.stub.ClientCalls.getUnchecked(ClientCalls.java:214)
	at org.apache.ratis.thirdparty.io.grpc.stub.ClientCalls.blockingUnaryCall(ClientCalls.java:139)
	at org.apache.ratis.proto.grpc.RaftServerProtocolServiceGrpc$RaftServerProtocolServiceBlockingStub.requestVote(RaftServerProtocolServiceGrpc.java:265)
	at org.apache.ratis.grpc.server.GrpcServerProtocolClient.requestVote(GrpcServerProtocolClient.java:99)
	at org.apache.ratis.grpc.server.GrpcService.requestVote(GrpcService.java:204)
	at org.apache.ratis.server.impl.LeaderElection.lambda$submitRequests$1(LeaderElection.java:234)
	at java.util.concurrent.FutureTask.run(FutureTask.java:266)
	at java.util.concurrent.Executors$RunnableAdapter.call(Executors.java:511)
	at java.util.concurrent.FutureTask.run(FutureTask.java:266)
	at java.util.concurrent.ThreadPoolExecutor.runWorker(ThreadPoolExecutor.java:1149)
	at java.util.concurrent.ThreadPoolExecutor$Worker.run(ThreadPoolExecutor.java:624)
	... 1 more
Caused by: org.apache.ratis.thirdparty.io.netty.channel.AbstractChannel$AnnotatedConnectException: Connection refused: /192.168.157.194:34392
	at sun.nio.ch.SocketChannelImpl.checkConnect(Native Method)
	at sun.nio.ch.SocketChannelImpl.finishConnect(SocketChannelImpl.java:717)
	at org.apache.ratis.thirdparty.io.netty.channel.socket.nio.NioSocketChannel.doFinishConnect(NioSocketChannel.java:327)
	at org.apache.ratis.thirdparty.io.netty.channel.nio.AbstractNioChannel$AbstractNioUnsafe.finishConnect(AbstractNioChannel.java:340)
	at org.apache.ratis.thirdparty.io.netty.channel.nio.NioEventLoop.processSelectedKey(NioEventLoop.java:632)
	at org.apache.ratis.thirdparty.io.netty.channel.nio.NioEventLoop.processSelectedKeysOptimized(NioEventLoop.java:579)
	at org.apache.ratis.thirdparty.io.netty.channel.nio.NioEventLoop.processSelectedKeys(NioEventLoop.java:496)
	at org.apache.ratis.thirdparty.io.netty.channel.nio.NioEventLoop.run(NioEventLoop.java:458)
	at org.apache.ratis.thirdparty.io.netty.util.concurrent.SingleThreadEventExecutor$5.run(SingleThreadEventExecutor.java:897)
	at org.apache.ratis.thirdparty.io.netty.util.concurrent.FastThreadLocalRunnable.run(FastThreadLocalRunnable.java:30)
	... 1 more
Caused by: java.net.ConnectException: Connection refused
	... 11 more
2019-11-14 17:37:12,921 [1f17fae6-ef42-4b5f-b929-258c4df74eb0@group-E7DF167351A9-LeaderElection97] INFO  impl.LeaderElection (LogUtils.java:infoOrTrace(149)) - 1f17fae6-ef42-4b5f-b929-258c4df74eb0@group-E7DF167351A9-LeaderElection97 got exception when requesting votes: {}
java.util.concurrent.ExecutionException: org.apache.ratis.thirdparty.io.grpc.StatusRuntimeException: UNAVAILABLE: io exception
	at java.util.concurrent.FutureTask.report(FutureTask.java:122)
	at java.util.concurrent.FutureTask.get(FutureTask.java:192)
	at org.apache.ratis.server.impl.LeaderElection.waitForResults(LeaderElection.java:259)
	at org.apache.ratis.server.impl.LeaderElection.askForVotes(LeaderElection.java:197)
	at org.apache.ratis.server.impl.LeaderElection.run(LeaderElection.java:133)
	at java.lang.Thread.run(Thread.java:748)
Caused by: org.apache.ratis.thirdparty.io.grpc.StatusRuntimeException: UNAVAILABLE: io exception
	at org.apache.ratis.thirdparty.io.grpc.stub.ClientCalls.toStatusRuntimeException(ClientCalls.java:233)
	at org.apache.ratis.thirdparty.io.grpc.stub.ClientCalls.getUnchecked(ClientCalls.java:214)
	at org.apache.ratis.thirdparty.io.grpc.stub.ClientCalls.blockingUnaryCall(ClientCalls.java:139)
	at org.apache.ratis.proto.grpc.RaftServerProtocolServiceGrpc$RaftServerProtocolServiceBlockingStub.requestVote(RaftServerProtocolServiceGrpc.java:265)
	at org.apache.ratis.grpc.server.GrpcServerProtocolClient.requestVote(GrpcServerProtocolClient.java:99)
	at org.apache.ratis.grpc.server.GrpcService.requestVote(GrpcService.java:204)
	at org.apache.ratis.server.impl.LeaderElection.lambda$submitRequests$1(LeaderElection.java:234)
	at java.util.concurrent.FutureTask.run(FutureTask.java:266)
	at java.util.concurrent.Executors$RunnableAdapter.call(Executors.java:511)
	at java.util.concurrent.FutureTask.run(FutureTask.java:266)
	at java.util.concurrent.ThreadPoolExecutor.runWorker(ThreadPoolExecutor.java:1149)
	at java.util.concurrent.ThreadPoolExecutor$Worker.run(ThreadPoolExecutor.java:624)
	... 1 more
Caused by: org.apache.ratis.thirdparty.io.netty.channel.AbstractChannel$AnnotatedConnectException: Connection refused: /192.168.157.194:45340
	at sun.nio.ch.SocketChannelImpl.checkConnect(Native Method)
	at sun.nio.ch.SocketChannelImpl.finishConnect(SocketChannelImpl.java:717)
	at org.apache.ratis.thirdparty.io.netty.channel.socket.nio.NioSocketChannel.doFinishConnect(NioSocketChannel.java:327)
	at org.apache.ratis.thirdparty.io.netty.channel.nio.AbstractNioChannel$AbstractNioUnsafe.finishConnect(AbstractNioChannel.java:340)
	at org.apache.ratis.thirdparty.io.netty.channel.nio.NioEventLoop.processSelectedKey(NioEventLoop.java:632)
	at org.apache.ratis.thirdparty.io.netty.channel.nio.NioEventLoop.processSelectedKeysOptimized(NioEventLoop.java:579)
	at org.apache.ratis.thirdparty.io.netty.channel.nio.NioEventLoop.processSelectedKeys(NioEventLoop.java:496)
	at org.apache.ratis.thirdparty.io.netty.channel.nio.NioEventLoop.run(NioEventLoop.java:458)
	at org.apache.ratis.thirdparty.io.netty.util.concurrent.SingleThreadEventExecutor$5.run(SingleThreadEventExecutor.java:897)
	at org.apache.ratis.thirdparty.io.netty.util.concurrent.FastThreadLocalRunnable.run(FastThreadLocalRunnable.java:30)
	... 1 more
Caused by: java.net.ConnectException: Connection refused
	... 11 more
2019-11-14 17:37:12,922 [1f17fae6-ef42-4b5f-b929-258c4df74eb0@group-E7DF167351A9-LeaderElection97] INFO  impl.LeaderElection (LeaderElection.java:logAndReturn(56)) - 1f17fae6-ef42-4b5f-b929-258c4df74eb0@group-E7DF167351A9-LeaderElection97: Election REJECTED; received 0 response(s) [] and 2 exception(s); 1f17fae6-ef42-4b5f-b929-258c4df74eb0@group-E7DF167351A9:t14, leader=null, voted=1f17fae6-ef42-4b5f-b929-258c4df74eb0, raftlog=1f17fae6-ef42-4b5f-b929-258c4df74eb0@group-E7DF167351A9-SegmentedRaftLog:OPENED:c6,f6,i6, conf=1: [1f17fae6-ef42-4b5f-b929-258c4df74eb0:192.168.157.194:44377, 0b8c2274-85ff-4b39-8671-ec8be5904baa:192.168.157.194:34392, c40a56fe-5273-466a-9f61-79febf43aa6a:192.168.157.194:45340], old=null
2019-11-14 17:37:12,922 [1f17fae6-ef42-4b5f-b929-258c4df74eb0@group-E7DF167351A9-LeaderElection97] INFO  impl.LeaderElection (LogUtils.java:infoOrTrace(149)) -   Exception 0: {}
java.util.concurrent.ExecutionException: org.apache.ratis.thirdparty.io.grpc.StatusRuntimeException: UNAVAILABLE: io exception
	at java.util.concurrent.FutureTask.report(FutureTask.java:122)
	at java.util.concurrent.FutureTask.get(FutureTask.java:192)
	at org.apache.ratis.server.impl.LeaderElection.waitForResults(LeaderElection.java:259)
	at org.apache.ratis.server.impl.LeaderElection.askForVotes(LeaderElection.java:197)
	at org.apache.ratis.server.impl.LeaderElection.run(LeaderElection.java:133)
	at java.lang.Thread.run(Thread.java:748)
Caused by: org.apache.ratis.thirdparty.io.grpc.StatusRuntimeException: UNAVAILABLE: io exception
	at org.apache.ratis.thirdparty.io.grpc.stub.ClientCalls.toStatusRuntimeException(ClientCalls.java:233)
	at org.apache.ratis.thirdparty.io.grpc.stub.ClientCalls.getUnchecked(ClientCalls.java:214)
	at org.apache.ratis.thirdparty.io.grpc.stub.ClientCalls.blockingUnaryCall(ClientCalls.java:139)
	at org.apache.ratis.proto.grpc.RaftServerProtocolServiceGrpc$RaftServerProtocolServiceBlockingStub.requestVote(RaftServerProtocolServiceGrpc.java:265)
	at org.apache.ratis.grpc.server.GrpcServerProtocolClient.requestVote(GrpcServerProtocolClient.java:99)
	at org.apache.ratis.grpc.server.GrpcService.requestVote(GrpcService.java:204)
	at org.apache.ratis.server.impl.LeaderElection.lambda$submitRequests$1(LeaderElection.java:234)
	at java.util.concurrent.FutureTask.run(FutureTask.java:266)
	at java.util.concurrent.Executors$RunnableAdapter.call(Executors.java:511)
	at java.util.concurrent.FutureTask.run(FutureTask.java:266)
	at java.util.concurrent.ThreadPoolExecutor.runWorker(ThreadPoolExecutor.java:1149)
	at java.util.concurrent.ThreadPoolExecutor$Worker.run(ThreadPoolExecutor.java:624)
	... 1 more
Caused by: org.apache.ratis.thirdparty.io.netty.channel.AbstractChannel$AnnotatedConnectException: Connection refused: /192.168.157.194:34392
	at sun.nio.ch.SocketChannelImpl.checkConnect(Native Method)
	at sun.nio.ch.SocketChannelImpl.finishConnect(SocketChannelImpl.java:717)
	at org.apache.ratis.thirdparty.io.netty.channel.socket.nio.NioSocketChannel.doFinishConnect(NioSocketChannel.java:327)
	at org.apache.ratis.thirdparty.io.netty.channel.nio.AbstractNioChannel$AbstractNioUnsafe.finishConnect(AbstractNioChannel.java:340)
	at org.apache.ratis.thirdparty.io.netty.channel.nio.NioEventLoop.processSelectedKey(NioEventLoop.java:632)
	at org.apache.ratis.thirdparty.io.netty.channel.nio.NioEventLoop.processSelectedKeysOptimized(NioEventLoop.java:579)
	at org.apache.ratis.thirdparty.io.netty.channel.nio.NioEventLoop.processSelectedKeys(NioEventLoop.java:496)
	at org.apache.ratis.thirdparty.io.netty.channel.nio.NioEventLoop.run(NioEventLoop.java:458)
	at org.apache.ratis.thirdparty.io.netty.util.concurrent.SingleThreadEventExecutor$5.run(SingleThreadEventExecutor.java:897)
	at org.apache.ratis.thirdparty.io.netty.util.concurrent.FastThreadLocalRunnable.run(FastThreadLocalRunnable.java:30)
	... 1 more
Caused by: java.net.ConnectException: Connection refused
	... 11 more
2019-11-14 17:37:12,922 [1f17fae6-ef42-4b5f-b929-258c4df74eb0@group-E7DF167351A9-LeaderElection97] INFO  impl.LeaderElection (LogUtils.java:infoOrTrace(149)) -   Exception 1: {}
java.util.concurrent.ExecutionException: org.apache.ratis.thirdparty.io.grpc.StatusRuntimeException: UNAVAILABLE: io exception
	at java.util.concurrent.FutureTask.report(FutureTask.java:122)
	at java.util.concurrent.FutureTask.get(FutureTask.java:192)
	at org.apache.ratis.server.impl.LeaderElection.waitForResults(LeaderElection.java:259)
	at org.apache.ratis.server.impl.LeaderElection.askForVotes(LeaderElection.java:197)
	at org.apache.ratis.server.impl.LeaderElection.run(LeaderElection.java:133)
	at java.lang.Thread.run(Thread.java:748)
Caused by: org.apache.ratis.thirdparty.io.grpc.StatusRuntimeException: UNAVAILABLE: io exception
	at org.apache.ratis.thirdparty.io.grpc.stub.ClientCalls.toStatusRuntimeException(ClientCalls.java:233)
	at org.apache.ratis.thirdparty.io.grpc.stub.ClientCalls.getUnchecked(ClientCalls.java:214)
	at org.apache.ratis.thirdparty.io.grpc.stub.ClientCalls.blockingUnaryCall(ClientCalls.java:139)
	at org.apache.ratis.proto.grpc.RaftServerProtocolServiceGrpc$RaftServerProtocolServiceBlockingStub.requestVote(RaftServerProtocolServiceGrpc.java:265)
	at org.apache.ratis.grpc.server.GrpcServerProtocolClient.requestVote(GrpcServerProtocolClient.java:99)
	at org.apache.ratis.grpc.server.GrpcService.requestVote(GrpcService.java:204)
	at org.apache.ratis.server.impl.LeaderElection.lambda$submitRequests$1(LeaderElection.java:234)
	at java.util.concurrent.FutureTask.run(FutureTask.java:266)
	at java.util.concurrent.Executors$RunnableAdapter.call(Executors.java:511)
	at java.util.concurrent.FutureTask.run(FutureTask.java:266)
	at java.util.concurrent.ThreadPoolExecutor.runWorker(ThreadPoolExecutor.java:1149)
	at java.util.concurrent.ThreadPoolExecutor$Worker.run(ThreadPoolExecutor.java:624)
	... 1 more
Caused by: org.apache.ratis.thirdparty.io.netty.channel.AbstractChannel$AnnotatedConnectException: Connection refused: /192.168.157.194:45340
	at sun.nio.ch.SocketChannelImpl.checkConnect(Native Method)
	at sun.nio.ch.SocketChannelImpl.finishConnect(SocketChannelImpl.java:717)
	at org.apache.ratis.thirdparty.io.netty.channel.socket.nio.NioSocketChannel.doFinishConnect(NioSocketChannel.java:327)
	at org.apache.ratis.thirdparty.io.netty.channel.nio.AbstractNioChannel$AbstractNioUnsafe.finishConnect(AbstractNioChannel.java:340)
	at org.apache.ratis.thirdparty.io.netty.channel.nio.NioEventLoop.processSelectedKey(NioEventLoop.java:632)
	at org.apache.ratis.thirdparty.io.netty.channel.nio.NioEventLoop.processSelectedKeysOptimized(NioEventLoop.java:579)
	at org.apache.ratis.thirdparty.io.netty.channel.nio.NioEventLoop.processSelectedKeys(NioEventLoop.java:496)
	at org.apache.ratis.thirdparty.io.netty.channel.nio.NioEventLoop.run(NioEventLoop.java:458)
	at org.apache.ratis.thirdparty.io.netty.util.concurrent.SingleThreadEventExecutor$5.run(SingleThreadEventExecutor.java:897)
	at org.apache.ratis.thirdparty.io.netty.util.concurrent.FastThreadLocalRunnable.run(FastThreadLocalRunnable.java:30)
	... 1 more
Caused by: java.net.ConnectException: Connection refused
	... 11 more
2019-11-14 17:37:12,922 [1f17fae6-ef42-4b5f-b929-258c4df74eb0@group-E7DF167351A9-LeaderElection97] INFO  impl.RaftServerImpl (RaftServerImpl.java:setRole(173)) - 1f17fae6-ef42-4b5f-b929-258c4df74eb0@group-E7DF167351A9: changes role from CANDIDATE to FOLLOWER at term 14 for DISCOVERED_A_NEW_TERM
2019-11-14 17:37:12,923 [1f17fae6-ef42-4b5f-b929-258c4df74eb0@group-E7DF167351A9-LeaderElection97] INFO  impl.RoleInfo (RoleInfo.java:shutdownLeaderElection(134)) - 1f17fae6-ef42-4b5f-b929-258c4df74eb0: shutdown LeaderElection
2019-11-14 17:37:12,923 [1f17fae6-ef42-4b5f-b929-258c4df74eb0@group-E7DF167351A9-LeaderElection97] INFO  impl.RoleInfo (RoleInfo.java:updateAndGet(143)) - 1f17fae6-ef42-4b5f-b929-258c4df74eb0: start FollowerState
2019-11-14 17:37:13,622 [Thread-1700] INFO  impl.FollowerState (FollowerState.java:run(111)) - f5a4bf5a-4195-495f-81ba-193832aea29d@group-7E7D5A9DDDD2-FollowerState: change to CANDIDATE, lastRpcTime:1168ms, electionTimeout:1168ms
2019-11-14 17:37:13,623 [Thread-1700] INFO  impl.RoleInfo (RoleInfo.java:shutdownFollowerState(121)) - f5a4bf5a-4195-495f-81ba-193832aea29d: shutdown FollowerState
2019-11-14 17:37:13,623 [Thread-1700] INFO  impl.RaftServerImpl (RaftServerImpl.java:setRole(173)) - f5a4bf5a-4195-495f-81ba-193832aea29d@group-7E7D5A9DDDD2: changes role from  FOLLOWER to CANDIDATE at term 5 for changeToCandidate
2019-11-14 17:37:13,623 [Thread-1700] INFO  impl.RoleInfo (RoleInfo.java:updateAndGet(143)) - f5a4bf5a-4195-495f-81ba-193832aea29d: start LeaderElection
2019-11-14 17:37:13,654 [f5a4bf5a-4195-495f-81ba-193832aea29d@group-7E7D5A9DDDD2-LeaderElection98] INFO  impl.LeaderElection (LeaderElection.java:askForVotes(178)) - f5a4bf5a-4195-495f-81ba-193832aea29d@group-7E7D5A9DDDD2-LeaderElection98: begin an election at term 6 for 0: [b2e3cdb6-e490-4d5b-a0a3-6f5ff6451210:192.168.157.194:37477, f5a4bf5a-4195-495f-81ba-193832aea29d:192.168.157.194:46851, 7dd38d19-97a5-42cf-8254-8fed67def3f2:192.168.157.194:40753], old=null
2019-11-14 17:37:13,655 [f5a4bf5a-4195-495f-81ba-193832aea29d@group-7E7D5A9DDDD2-LeaderElection98] INFO  impl.LeaderElection (LogUtils.java:infoOrTrace(149)) - f5a4bf5a-4195-495f-81ba-193832aea29d@group-7E7D5A9DDDD2-LeaderElection98 got exception when requesting votes: {}
java.util.concurrent.ExecutionException: org.apache.ratis.thirdparty.io.grpc.StatusRuntimeException: UNAVAILABLE: io exception
	at java.util.concurrent.FutureTask.report(FutureTask.java:122)
	at java.util.concurrent.FutureTask.get(FutureTask.java:192)
	at org.apache.ratis.server.impl.LeaderElection.waitForResults(LeaderElection.java:259)
	at org.apache.ratis.server.impl.LeaderElection.askForVotes(LeaderElection.java:197)
	at org.apache.ratis.server.impl.LeaderElection.run(LeaderElection.java:133)
	at java.lang.Thread.run(Thread.java:748)
Caused by: org.apache.ratis.thirdparty.io.grpc.StatusRuntimeException: UNAVAILABLE: io exception
	at org.apache.ratis.thirdparty.io.grpc.stub.ClientCalls.toStatusRuntimeException(ClientCalls.java:233)
	at org.apache.ratis.thirdparty.io.grpc.stub.ClientCalls.getUnchecked(ClientCalls.java:214)
	at org.apache.ratis.thirdparty.io.grpc.stub.ClientCalls.blockingUnaryCall(ClientCalls.java:139)
	at org.apache.ratis.proto.grpc.RaftServerProtocolServiceGrpc$RaftServerProtocolServiceBlockingStub.requestVote(RaftServerProtocolServiceGrpc.java:265)
	at org.apache.ratis.grpc.server.GrpcServerProtocolClient.requestVote(GrpcServerProtocolClient.java:99)
	at org.apache.ratis.grpc.server.GrpcService.requestVote(GrpcService.java:204)
	at org.apache.ratis.server.impl.LeaderElection.lambda$submitRequests$1(LeaderElection.java:234)
	at java.util.concurrent.FutureTask.run(FutureTask.java:266)
	at java.util.concurrent.Executors$RunnableAdapter.call(Executors.java:511)
	at java.util.concurrent.FutureTask.run(FutureTask.java:266)
	at java.util.concurrent.ThreadPoolExecutor.runWorker(ThreadPoolExecutor.java:1149)
	at java.util.concurrent.ThreadPoolExecutor$Worker.run(ThreadPoolExecutor.java:624)
	... 1 more
Caused by: org.apache.ratis.thirdparty.io.netty.channel.AbstractChannel$AnnotatedConnectException: Connection refused: /192.168.157.194:40753
	at sun.nio.ch.SocketChannelImpl.checkConnect(Native Method)
	at sun.nio.ch.SocketChannelImpl.finishConnect(SocketChannelImpl.java:717)
	at org.apache.ratis.thirdparty.io.netty.channel.socket.nio.NioSocketChannel.doFinishConnect(NioSocketChannel.java:327)
	at org.apache.ratis.thirdparty.io.netty.channel.nio.AbstractNioChannel$AbstractNioUnsafe.finishConnect(AbstractNioChannel.java:340)
	at org.apache.ratis.thirdparty.io.netty.channel.nio.NioEventLoop.processSelectedKey(NioEventLoop.java:632)
	at org.apache.ratis.thirdparty.io.netty.channel.nio.NioEventLoop.processSelectedKeysOptimized(NioEventLoop.java:579)
	at org.apache.ratis.thirdparty.io.netty.channel.nio.NioEventLoop.processSelectedKeys(NioEventLoop.java:496)
	at org.apache.ratis.thirdparty.io.netty.channel.nio.NioEventLoop.run(NioEventLoop.java:458)
	at org.apache.ratis.thirdparty.io.netty.util.concurrent.SingleThreadEventExecutor$5.run(SingleThreadEventExecutor.java:897)
	at org.apache.ratis.thirdparty.io.netty.util.concurrent.FastThreadLocalRunnable.run(FastThreadLocalRunnable.java:30)
	... 1 more
Caused by: java.net.ConnectException: Connection refused
	... 11 more
2019-11-14 17:37:13,656 [f5a4bf5a-4195-495f-81ba-193832aea29d@group-7E7D5A9DDDD2-LeaderElection98] INFO  impl.LeaderElection (LogUtils.java:infoOrTrace(149)) - f5a4bf5a-4195-495f-81ba-193832aea29d@group-7E7D5A9DDDD2-LeaderElection98 got exception when requesting votes: {}
java.util.concurrent.ExecutionException: org.apache.ratis.thirdparty.io.grpc.StatusRuntimeException: UNAVAILABLE: io exception
	at java.util.concurrent.FutureTask.report(FutureTask.java:122)
	at java.util.concurrent.FutureTask.get(FutureTask.java:192)
	at org.apache.ratis.server.impl.LeaderElection.waitForResults(LeaderElection.java:259)
	at org.apache.ratis.server.impl.LeaderElection.askForVotes(LeaderElection.java:197)
	at org.apache.ratis.server.impl.LeaderElection.run(LeaderElection.java:133)
	at java.lang.Thread.run(Thread.java:748)
Caused by: org.apache.ratis.thirdparty.io.grpc.StatusRuntimeException: UNAVAILABLE: io exception
	at org.apache.ratis.thirdparty.io.grpc.stub.ClientCalls.toStatusRuntimeException(ClientCalls.java:233)
	at org.apache.ratis.thirdparty.io.grpc.stub.ClientCalls.getUnchecked(ClientCalls.java:214)
	at org.apache.ratis.thirdparty.io.grpc.stub.ClientCalls.blockingUnaryCall(ClientCalls.java:139)
	at org.apache.ratis.proto.grpc.RaftServerProtocolServiceGrpc$RaftServerProtocolServiceBlockingStub.requestVote(RaftServerProtocolServiceGrpc.java:265)
	at org.apache.ratis.grpc.server.GrpcServerProtocolClient.requestVote(GrpcServerProtocolClient.java:99)
	at org.apache.ratis.grpc.server.GrpcService.requestVote(GrpcService.java:204)
	at org.apache.ratis.server.impl.LeaderElection.lambda$submitRequests$1(LeaderElection.java:234)
	at java.util.concurrent.FutureTask.run(FutureTask.java:266)
	at java.util.concurrent.Executors$RunnableAdapter.call(Executors.java:511)
	at java.util.concurrent.FutureTask.run(FutureTask.java:266)
	at java.util.concurrent.ThreadPoolExecutor.runWorker(ThreadPoolExecutor.java:1149)
	at java.util.concurrent.ThreadPoolExecutor$Worker.run(ThreadPoolExecutor.java:624)
	... 1 more
Caused by: org.apache.ratis.thirdparty.io.netty.channel.AbstractChannel$AnnotatedConnectException: Connection refused: /192.168.157.194:37477
	at sun.nio.ch.SocketChannelImpl.checkConnect(Native Method)
	at sun.nio.ch.SocketChannelImpl.finishConnect(SocketChannelImpl.java:717)
	at org.apache.ratis.thirdparty.io.netty.channel.socket.nio.NioSocketChannel.doFinishConnect(NioSocketChannel.java:327)
	at org.apache.ratis.thirdparty.io.netty.channel.nio.AbstractNioChannel$AbstractNioUnsafe.finishConnect(AbstractNioChannel.java:340)
	at org.apache.ratis.thirdparty.io.netty.channel.nio.NioEventLoop.processSelectedKey(NioEventLoop.java:632)
	at org.apache.ratis.thirdparty.io.netty.channel.nio.NioEventLoop.processSelectedKeysOptimized(NioEventLoop.java:579)
	at org.apache.ratis.thirdparty.io.netty.channel.nio.NioEventLoop.processSelectedKeys(NioEventLoop.java:496)
	at org.apache.ratis.thirdparty.io.netty.channel.nio.NioEventLoop.run(NioEventLoop.java:458)
	at org.apache.ratis.thirdparty.io.netty.util.concurrent.SingleThreadEventExecutor$5.run(SingleThreadEventExecutor.java:897)
	at org.apache.ratis.thirdparty.io.netty.util.concurrent.FastThreadLocalRunnable.run(FastThreadLocalRunnable.java:30)
	... 1 more
Caused by: java.net.ConnectException: Connection refused
	... 11 more
2019-11-14 17:37:13,656 [f5a4bf5a-4195-495f-81ba-193832aea29d@group-7E7D5A9DDDD2-LeaderElection98] INFO  impl.LeaderElection (LeaderElection.java:logAndReturn(56)) - f5a4bf5a-4195-495f-81ba-193832aea29d@group-7E7D5A9DDDD2-LeaderElection98: Election REJECTED; received 0 response(s) [] and 2 exception(s); f5a4bf5a-4195-495f-81ba-193832aea29d@group-7E7D5A9DDDD2:t6, leader=null, voted=f5a4bf5a-4195-495f-81ba-193832aea29d, raftlog=f5a4bf5a-4195-495f-81ba-193832aea29d@group-7E7D5A9DDDD2-SegmentedRaftLog:OPENED:c0,f0,i0, conf=0: [b2e3cdb6-e490-4d5b-a0a3-6f5ff6451210:192.168.157.194:37477, f5a4bf5a-4195-495f-81ba-193832aea29d:192.168.157.194:46851, 7dd38d19-97a5-42cf-8254-8fed67def3f2:192.168.157.194:40753], old=null
2019-11-14 17:37:13,656 [f5a4bf5a-4195-495f-81ba-193832aea29d@group-7E7D5A9DDDD2-LeaderElection98] INFO  impl.LeaderElection (LogUtils.java:infoOrTrace(149)) -   Exception 0: {}
java.util.concurrent.ExecutionException: org.apache.ratis.thirdparty.io.grpc.StatusRuntimeException: UNAVAILABLE: io exception
	at java.util.concurrent.FutureTask.report(FutureTask.java:122)
	at java.util.concurrent.FutureTask.get(FutureTask.java:192)
	at org.apache.ratis.server.impl.LeaderElection.waitForResults(LeaderElection.java:259)
	at org.apache.ratis.server.impl.LeaderElection.askForVotes(LeaderElection.java:197)
	at org.apache.ratis.server.impl.LeaderElection.run(LeaderElection.java:133)
	at java.lang.Thread.run(Thread.java:748)
Caused by: org.apache.ratis.thirdparty.io.grpc.StatusRuntimeException: UNAVAILABLE: io exception
	at org.apache.ratis.thirdparty.io.grpc.stub.ClientCalls.toStatusRuntimeException(ClientCalls.java:233)
	at org.apache.ratis.thirdparty.io.grpc.stub.ClientCalls.getUnchecked(ClientCalls.java:214)
	at org.apache.ratis.thirdparty.io.grpc.stub.ClientCalls.blockingUnaryCall(ClientCalls.java:139)
	at org.apache.ratis.proto.grpc.RaftServerProtocolServiceGrpc$RaftServerProtocolServiceBlockingStub.requestVote(RaftServerProtocolServiceGrpc.java:265)
	at org.apache.ratis.grpc.server.GrpcServerProtocolClient.requestVote(GrpcServerProtocolClient.java:99)
	at org.apache.ratis.grpc.server.GrpcService.requestVote(GrpcService.java:204)
	at org.apache.ratis.server.impl.LeaderElection.lambda$submitRequests$1(LeaderElection.java:234)
	at java.util.concurrent.FutureTask.run(FutureTask.java:266)
	at java.util.concurrent.Executors$RunnableAdapter.call(Executors.java:511)
	at java.util.concurrent.FutureTask.run(FutureTask.java:266)
	at java.util.concurrent.ThreadPoolExecutor.runWorker(ThreadPoolExecutor.java:1149)
	at java.util.concurrent.ThreadPoolExecutor$Worker.run(ThreadPoolExecutor.java:624)
	... 1 more
Caused by: org.apache.ratis.thirdparty.io.netty.channel.AbstractChannel$AnnotatedConnectException: Connection refused: /192.168.157.194:40753
	at sun.nio.ch.SocketChannelImpl.checkConnect(Native Method)
	at sun.nio.ch.SocketChannelImpl.finishConnect(SocketChannelImpl.java:717)
	at org.apache.ratis.thirdparty.io.netty.channel.socket.nio.NioSocketChannel.doFinishConnect(NioSocketChannel.java:327)
	at org.apache.ratis.thirdparty.io.netty.channel.nio.AbstractNioChannel$AbstractNioUnsafe.finishConnect(AbstractNioChannel.java:340)
	at org.apache.ratis.thirdparty.io.netty.channel.nio.NioEventLoop.processSelectedKey(NioEventLoop.java:632)
	at org.apache.ratis.thirdparty.io.netty.channel.nio.NioEventLoop.processSelectedKeysOptimized(NioEventLoop.java:579)
	at org.apache.ratis.thirdparty.io.netty.channel.nio.NioEventLoop.processSelectedKeys(NioEventLoop.java:496)
	at org.apache.ratis.thirdparty.io.netty.channel.nio.NioEventLoop.run(NioEventLoop.java:458)
	at org.apache.ratis.thirdparty.io.netty.util.concurrent.SingleThreadEventExecutor$5.run(SingleThreadEventExecutor.java:897)
	at org.apache.ratis.thirdparty.io.netty.util.concurrent.FastThreadLocalRunnable.run(FastThreadLocalRunnable.java:30)
	... 1 more
Caused by: java.net.ConnectException: Connection refused
	... 11 more
2019-11-14 17:37:13,657 [f5a4bf5a-4195-495f-81ba-193832aea29d@group-7E7D5A9DDDD2-LeaderElection98] INFO  impl.LeaderElection (LogUtils.java:infoOrTrace(149)) -   Exception 1: {}
java.util.concurrent.ExecutionException: org.apache.ratis.thirdparty.io.grpc.StatusRuntimeException: UNAVAILABLE: io exception
	at java.util.concurrent.FutureTask.report(FutureTask.java:122)
	at java.util.concurrent.FutureTask.get(FutureTask.java:192)
	at org.apache.ratis.server.impl.LeaderElection.waitForResults(LeaderElection.java:259)
	at org.apache.ratis.server.impl.LeaderElection.askForVotes(LeaderElection.java:197)
	at org.apache.ratis.server.impl.LeaderElection.run(LeaderElection.java:133)
	at java.lang.Thread.run(Thread.java:748)
Caused by: org.apache.ratis.thirdparty.io.grpc.StatusRuntimeException: UNAVAILABLE: io exception
	at org.apache.ratis.thirdparty.io.grpc.stub.ClientCalls.toStatusRuntimeException(ClientCalls.java:233)
	at org.apache.ratis.thirdparty.io.grpc.stub.ClientCalls.getUnchecked(ClientCalls.java:214)
	at org.apache.ratis.thirdparty.io.grpc.stub.ClientCalls.blockingUnaryCall(ClientCalls.java:139)
	at org.apache.ratis.proto.grpc.RaftServerProtocolServiceGrpc$RaftServerProtocolServiceBlockingStub.requestVote(RaftServerProtocolServiceGrpc.java:265)
	at org.apache.ratis.grpc.server.GrpcServerProtocolClient.requestVote(GrpcServerProtocolClient.java:99)
	at org.apache.ratis.grpc.server.GrpcService.requestVote(GrpcService.java:204)
	at org.apache.ratis.server.impl.LeaderElection.lambda$submitRequests$1(LeaderElection.java:234)
	at java.util.concurrent.FutureTask.run(FutureTask.java:266)
	at java.util.concurrent.Executors$RunnableAdapter.call(Executors.java:511)
	at java.util.concurrent.FutureTask.run(FutureTask.java:266)
	at java.util.concurrent.ThreadPoolExecutor.runWorker(ThreadPoolExecutor.java:1149)
	at java.util.concurrent.ThreadPoolExecutor$Worker.run(ThreadPoolExecutor.java:624)
	... 1 more
Caused by: org.apache.ratis.thirdparty.io.netty.channel.AbstractChannel$AnnotatedConnectException: Connection refused: /192.168.157.194:37477
	at sun.nio.ch.SocketChannelImpl.checkConnect(Native Method)
	at sun.nio.ch.SocketChannelImpl.finishConnect(SocketChannelImpl.java:717)
	at org.apache.ratis.thirdparty.io.netty.channel.socket.nio.NioSocketChannel.doFinishConnect(NioSocketChannel.java:327)
	at org.apache.ratis.thirdparty.io.netty.channel.nio.AbstractNioChannel$AbstractNioUnsafe.finishConnect(AbstractNioChannel.java:340)
	at org.apache.ratis.thirdparty.io.netty.channel.nio.NioEventLoop.processSelectedKey(NioEventLoop.java:632)
	at org.apache.ratis.thirdparty.io.netty.channel.nio.NioEventLoop.processSelectedKeysOptimized(NioEventLoop.java:579)
	at org.apache.ratis.thirdparty.io.netty.channel.nio.NioEventLoop.processSelectedKeys(NioEventLoop.java:496)
	at org.apache.ratis.thirdparty.io.netty.channel.nio.NioEventLoop.run(NioEventLoop.java:458)
	at org.apache.ratis.thirdparty.io.netty.util.concurrent.SingleThreadEventExecutor$5.run(SingleThreadEventExecutor.java:897)
	at org.apache.ratis.thirdparty.io.netty.util.concurrent.FastThreadLocalRunnable.run(FastThreadLocalRunnable.java:30)
	... 1 more
Caused by: java.net.ConnectException: Connection refused
	... 11 more
2019-11-14 17:37:13,657 [f5a4bf5a-4195-495f-81ba-193832aea29d@group-7E7D5A9DDDD2-LeaderElection98] INFO  impl.RaftServerImpl (RaftServerImpl.java:setRole(173)) - f5a4bf5a-4195-495f-81ba-193832aea29d@group-7E7D5A9DDDD2: changes role from CANDIDATE to FOLLOWER at term 6 for DISCOVERED_A_NEW_TERM
2019-11-14 17:37:13,657 [f5a4bf5a-4195-495f-81ba-193832aea29d@group-7E7D5A9DDDD2-LeaderElection98] INFO  impl.RoleInfo (RoleInfo.java:shutdownLeaderElection(134)) - f5a4bf5a-4195-495f-81ba-193832aea29d: shutdown LeaderElection
2019-11-14 17:37:13,657 [f5a4bf5a-4195-495f-81ba-193832aea29d@group-7E7D5A9DDDD2-LeaderElection98] INFO  impl.RoleInfo (RoleInfo.java:updateAndGet(143)) - f5a4bf5a-4195-495f-81ba-193832aea29d: start FollowerState
2019-11-14 17:37:14,007 [Thread-1704] INFO  impl.FollowerState (FollowerState.java:run(111)) - 1f17fae6-ef42-4b5f-b929-258c4df74eb0@group-E7DF167351A9-FollowerState: change to CANDIDATE, lastRpcTime:1084ms, electionTimeout:1084ms
2019-11-14 17:37:14,007 [Thread-1704] INFO  impl.RoleInfo (RoleInfo.java:shutdownFollowerState(121)) - 1f17fae6-ef42-4b5f-b929-258c4df74eb0: shutdown FollowerState
2019-11-14 17:37:14,008 [Thread-1704] INFO  impl.RaftServerImpl (RaftServerImpl.java:setRole(173)) - 1f17fae6-ef42-4b5f-b929-258c4df74eb0@group-E7DF167351A9: changes role from  FOLLOWER to CANDIDATE at term 14 for changeToCandidate
2019-11-14 17:37:14,008 [Thread-1704] INFO  impl.RoleInfo (RoleInfo.java:updateAndGet(143)) - 1f17fae6-ef42-4b5f-b929-258c4df74eb0: start LeaderElection
2019-11-14 17:37:14,037 [1f17fae6-ef42-4b5f-b929-258c4df74eb0@group-E7DF167351A9-LeaderElection99] INFO  impl.LeaderElection (LeaderElection.java:askForVotes(178)) - 1f17fae6-ef42-4b5f-b929-258c4df74eb0@group-E7DF167351A9-LeaderElection99: begin an election at term 15 for 1: [1f17fae6-ef42-4b5f-b929-258c4df74eb0:192.168.157.194:44377, 0b8c2274-85ff-4b39-8671-ec8be5904baa:192.168.157.194:34392, c40a56fe-5273-466a-9f61-79febf43aa6a:192.168.157.194:45340], old=null
2019-11-14 17:37:14,039 [1f17fae6-ef42-4b5f-b929-258c4df74eb0@group-E7DF167351A9-LeaderElection99] INFO  impl.LeaderElection (LogUtils.java:infoOrTrace(149)) - 1f17fae6-ef42-4b5f-b929-258c4df74eb0@group-E7DF167351A9-LeaderElection99 got exception when requesting votes: {}
java.util.concurrent.ExecutionException: org.apache.ratis.thirdparty.io.grpc.StatusRuntimeException: UNAVAILABLE: io exception
	at java.util.concurrent.FutureTask.report(FutureTask.java:122)
	at java.util.concurrent.FutureTask.get(FutureTask.java:192)
	at org.apache.ratis.server.impl.LeaderElection.waitForResults(LeaderElection.java:259)
	at org.apache.ratis.server.impl.LeaderElection.askForVotes(LeaderElection.java:197)
	at org.apache.ratis.server.impl.LeaderElection.run(LeaderElection.java:133)
	at java.lang.Thread.run(Thread.java:748)
Caused by: org.apache.ratis.thirdparty.io.grpc.StatusRuntimeException: UNAVAILABLE: io exception
	at org.apache.ratis.thirdparty.io.grpc.stub.ClientCalls.toStatusRuntimeException(ClientCalls.java:233)
	at org.apache.ratis.thirdparty.io.grpc.stub.ClientCalls.getUnchecked(ClientCalls.java:214)
	at org.apache.ratis.thirdparty.io.grpc.stub.ClientCalls.blockingUnaryCall(ClientCalls.java:139)
	at org.apache.ratis.proto.grpc.RaftServerProtocolServiceGrpc$RaftServerProtocolServiceBlockingStub.requestVote(RaftServerProtocolServiceGrpc.java:265)
	at org.apache.ratis.grpc.server.GrpcServerProtocolClient.requestVote(GrpcServerProtocolClient.java:99)
	at org.apache.ratis.grpc.server.GrpcService.requestVote(GrpcService.java:204)
	at org.apache.ratis.server.impl.LeaderElection.lambda$submitRequests$1(LeaderElection.java:234)
	at java.util.concurrent.FutureTask.run(FutureTask.java:266)
	at java.util.concurrent.Executors$RunnableAdapter.call(Executors.java:511)
	at java.util.concurrent.FutureTask.run(FutureTask.java:266)
	at java.util.concurrent.ThreadPoolExecutor.runWorker(ThreadPoolExecutor.java:1149)
	at java.util.concurrent.ThreadPoolExecutor$Worker.run(ThreadPoolExecutor.java:624)
	... 1 more
Caused by: org.apache.ratis.thirdparty.io.netty.channel.AbstractChannel$AnnotatedConnectException: Connection refused: /192.168.157.194:34392
	at sun.nio.ch.SocketChannelImpl.checkConnect(Native Method)
	at sun.nio.ch.SocketChannelImpl.finishConnect(SocketChannelImpl.java:717)
	at org.apache.ratis.thirdparty.io.netty.channel.socket.nio.NioSocketChannel.doFinishConnect(NioSocketChannel.java:327)
	at org.apache.ratis.thirdparty.io.netty.channel.nio.AbstractNioChannel$AbstractNioUnsafe.finishConnect(AbstractNioChannel.java:340)
	at org.apache.ratis.thirdparty.io.netty.channel.nio.NioEventLoop.processSelectedKey(NioEventLoop.java:632)
	at org.apache.ratis.thirdparty.io.netty.channel.nio.NioEventLoop.processSelectedKeysOptimized(NioEventLoop.java:579)
	at org.apache.ratis.thirdparty.io.netty.channel.nio.NioEventLoop.processSelectedKeys(NioEventLoop.java:496)
	at org.apache.ratis.thirdparty.io.netty.channel.nio.NioEventLoop.run(NioEventLoop.java:458)
	at org.apache.ratis.thirdparty.io.netty.util.concurrent.SingleThreadEventExecutor$5.run(SingleThreadEventExecutor.java:897)
	at org.apache.ratis.thirdparty.io.netty.util.concurrent.FastThreadLocalRunnable.run(FastThreadLocalRunnable.java:30)
	... 1 more
Caused by: java.net.ConnectException: Connection refused
	... 11 more
2019-11-14 17:37:14,039 [1f17fae6-ef42-4b5f-b929-258c4df74eb0@group-E7DF167351A9-LeaderElection99] INFO  impl.LeaderElection (LogUtils.java:infoOrTrace(149)) - 1f17fae6-ef42-4b5f-b929-258c4df74eb0@group-E7DF167351A9-LeaderElection99 got exception when requesting votes: {}
java.util.concurrent.ExecutionException: org.apache.ratis.thirdparty.io.grpc.StatusRuntimeException: UNAVAILABLE: io exception
	at java.util.concurrent.FutureTask.report(FutureTask.java:122)
	at java.util.concurrent.FutureTask.get(FutureTask.java:192)
	at org.apache.ratis.server.impl.LeaderElection.waitForResults(LeaderElection.java:259)
	at org.apache.ratis.server.impl.LeaderElection.askForVotes(LeaderElection.java:197)
	at org.apache.ratis.server.impl.LeaderElection.run(LeaderElection.java:133)
	at java.lang.Thread.run(Thread.java:748)
Caused by: org.apache.ratis.thirdparty.io.grpc.StatusRuntimeException: UNAVAILABLE: io exception
	at org.apache.ratis.thirdparty.io.grpc.stub.ClientCalls.toStatusRuntimeException(ClientCalls.java:233)
	at org.apache.ratis.thirdparty.io.grpc.stub.ClientCalls.getUnchecked(ClientCalls.java:214)
	at org.apache.ratis.thirdparty.io.grpc.stub.ClientCalls.blockingUnaryCall(ClientCalls.java:139)
	at org.apache.ratis.proto.grpc.RaftServerProtocolServiceGrpc$RaftServerProtocolServiceBlockingStub.requestVote(RaftServerProtocolServiceGrpc.java:265)
	at org.apache.ratis.grpc.server.GrpcServerProtocolClient.requestVote(GrpcServerProtocolClient.java:99)
	at org.apache.ratis.grpc.server.GrpcService.requestVote(GrpcService.java:204)
	at org.apache.ratis.server.impl.LeaderElection.lambda$submitRequests$1(LeaderElection.java:234)
	at java.util.concurrent.FutureTask.run(FutureTask.java:266)
	at java.util.concurrent.Executors$RunnableAdapter.call(Executors.java:511)
	at java.util.concurrent.FutureTask.run(FutureTask.java:266)
	at java.util.concurrent.ThreadPoolExecutor.runWorker(ThreadPoolExecutor.java:1149)
	at java.util.concurrent.ThreadPoolExecutor$Worker.run(ThreadPoolExecutor.java:624)
	... 1 more
Caused by: org.apache.ratis.thirdparty.io.netty.channel.AbstractChannel$AnnotatedConnectException: Connection refused: /192.168.157.194:45340
	at sun.nio.ch.SocketChannelImpl.checkConnect(Native Method)
	at sun.nio.ch.SocketChannelImpl.finishConnect(SocketChannelImpl.java:717)
	at org.apache.ratis.thirdparty.io.netty.channel.socket.nio.NioSocketChannel.doFinishConnect(NioSocketChannel.java:327)
	at org.apache.ratis.thirdparty.io.netty.channel.nio.AbstractNioChannel$AbstractNioUnsafe.finishConnect(AbstractNioChannel.java:340)
	at org.apache.ratis.thirdparty.io.netty.channel.nio.NioEventLoop.processSelectedKey(NioEventLoop.java:632)
	at org.apache.ratis.thirdparty.io.netty.channel.nio.NioEventLoop.processSelectedKeysOptimized(NioEventLoop.java:579)
	at org.apache.ratis.thirdparty.io.netty.channel.nio.NioEventLoop.processSelectedKeys(NioEventLoop.java:496)
	at org.apache.ratis.thirdparty.io.netty.channel.nio.NioEventLoop.run(NioEventLoop.java:458)
	at org.apache.ratis.thirdparty.io.netty.util.concurrent.SingleThreadEventExecutor$5.run(SingleThreadEventExecutor.java:897)
	at org.apache.ratis.thirdparty.io.netty.util.concurrent.FastThreadLocalRunnable.run(FastThreadLocalRunnable.java:30)
	... 1 more
Caused by: java.net.ConnectException: Connection refused
	... 11 more
2019-11-14 17:37:14,040 [1f17fae6-ef42-4b5f-b929-258c4df74eb0@group-E7DF167351A9-LeaderElection99] INFO  impl.LeaderElection (LeaderElection.java:logAndReturn(56)) - 1f17fae6-ef42-4b5f-b929-258c4df74eb0@group-E7DF167351A9-LeaderElection99: Election REJECTED; received 0 response(s) [] and 2 exception(s); 1f17fae6-ef42-4b5f-b929-258c4df74eb0@group-E7DF167351A9:t15, leader=null, voted=1f17fae6-ef42-4b5f-b929-258c4df74eb0, raftlog=1f17fae6-ef42-4b5f-b929-258c4df74eb0@group-E7DF167351A9-SegmentedRaftLog:OPENED:c6,f6,i6, conf=1: [1f17fae6-ef42-4b5f-b929-258c4df74eb0:192.168.157.194:44377, 0b8c2274-85ff-4b39-8671-ec8be5904baa:192.168.157.194:34392, c40a56fe-5273-466a-9f61-79febf43aa6a:192.168.157.194:45340], old=null
2019-11-14 17:37:14,040 [1f17fae6-ef42-4b5f-b929-258c4df74eb0@group-E7DF167351A9-LeaderElection99] INFO  impl.LeaderElection (LogUtils.java:infoOrTrace(149)) -   Exception 0: {}
java.util.concurrent.ExecutionException: org.apache.ratis.thirdparty.io.grpc.StatusRuntimeException: UNAVAILABLE: io exception
	at java.util.concurrent.FutureTask.report(FutureTask.java:122)
	at java.util.concurrent.FutureTask.get(FutureTask.java:192)
	at org.apache.ratis.server.impl.LeaderElection.waitForResults(LeaderElection.java:259)
	at org.apache.ratis.server.impl.LeaderElection.askForVotes(LeaderElection.java:197)
	at org.apache.ratis.server.impl.LeaderElection.run(LeaderElection.java:133)
	at java.lang.Thread.run(Thread.java:748)
Caused by: org.apache.ratis.thirdparty.io.grpc.StatusRuntimeException: UNAVAILABLE: io exception
	at org.apache.ratis.thirdparty.io.grpc.stub.ClientCalls.toStatusRuntimeException(ClientCalls.java:233)
	at org.apache.ratis.thirdparty.io.grpc.stub.ClientCalls.getUnchecked(ClientCalls.java:214)
	at org.apache.ratis.thirdparty.io.grpc.stub.ClientCalls.blockingUnaryCall(ClientCalls.java:139)
	at org.apache.ratis.proto.grpc.RaftServerProtocolServiceGrpc$RaftServerProtocolServiceBlockingStub.requestVote(RaftServerProtocolServiceGrpc.java:265)
	at org.apache.ratis.grpc.server.GrpcServerProtocolClient.requestVote(GrpcServerProtocolClient.java:99)
	at org.apache.ratis.grpc.server.GrpcService.requestVote(GrpcService.java:204)
	at org.apache.ratis.server.impl.LeaderElection.lambda$submitRequests$1(LeaderElection.java:234)
	at java.util.concurrent.FutureTask.run(FutureTask.java:266)
	at java.util.concurrent.Executors$RunnableAdapter.call(Executors.java:511)
	at java.util.concurrent.FutureTask.run(FutureTask.java:266)
	at java.util.concurrent.ThreadPoolExecutor.runWorker(ThreadPoolExecutor.java:1149)
	at java.util.concurrent.ThreadPoolExecutor$Worker.run(ThreadPoolExecutor.java:624)
	... 1 more
Caused by: org.apache.ratis.thirdparty.io.netty.channel.AbstractChannel$AnnotatedConnectException: Connection refused: /192.168.157.194:34392
	at sun.nio.ch.SocketChannelImpl.checkConnect(Native Method)
	at sun.nio.ch.SocketChannelImpl.finishConnect(SocketChannelImpl.java:717)
	at org.apache.ratis.thirdparty.io.netty.channel.socket.nio.NioSocketChannel.doFinishConnect(NioSocketChannel.java:327)
	at org.apache.ratis.thirdparty.io.netty.channel.nio.AbstractNioChannel$AbstractNioUnsafe.finishConnect(AbstractNioChannel.java:340)
	at org.apache.ratis.thirdparty.io.netty.channel.nio.NioEventLoop.processSelectedKey(NioEventLoop.java:632)
	at org.apache.ratis.thirdparty.io.netty.channel.nio.NioEventLoop.processSelectedKeysOptimized(NioEventLoop.java:579)
	at org.apache.ratis.thirdparty.io.netty.channel.nio.NioEventLoop.processSelectedKeys(NioEventLoop.java:496)
	at org.apache.ratis.thirdparty.io.netty.channel.nio.NioEventLoop.run(NioEventLoop.java:458)
	at org.apache.ratis.thirdparty.io.netty.util.concurrent.SingleThreadEventExecutor$5.run(SingleThreadEventExecutor.java:897)
	at org.apache.ratis.thirdparty.io.netty.util.concurrent.FastThreadLocalRunnable.run(FastThreadLocalRunnable.java:30)
	... 1 more
Caused by: java.net.ConnectException: Connection refused
	... 11 more
2019-11-14 17:37:14,040 [1f17fae6-ef42-4b5f-b929-258c4df74eb0@group-E7DF167351A9-LeaderElection99] INFO  impl.LeaderElection (LogUtils.java:infoOrTrace(149)) -   Exception 1: {}
java.util.concurrent.ExecutionException: org.apache.ratis.thirdparty.io.grpc.StatusRuntimeException: UNAVAILABLE: io exception
	at java.util.concurrent.FutureTask.report(FutureTask.java:122)
	at java.util.concurrent.FutureTask.get(FutureTask.java:192)
	at org.apache.ratis.server.impl.LeaderElection.waitForResults(LeaderElection.java:259)
	at org.apache.ratis.server.impl.LeaderElection.askForVotes(LeaderElection.java:197)
	at org.apache.ratis.server.impl.LeaderElection.run(LeaderElection.java:133)
	at java.lang.Thread.run(Thread.java:748)
Caused by: org.apache.ratis.thirdparty.io.grpc.StatusRuntimeException: UNAVAILABLE: io exception
	at org.apache.ratis.thirdparty.io.grpc.stub.ClientCalls.toStatusRuntimeException(ClientCalls.java:233)
	at org.apache.ratis.thirdparty.io.grpc.stub.ClientCalls.getUnchecked(ClientCalls.java:214)
	at org.apache.ratis.thirdparty.io.grpc.stub.ClientCalls.blockingUnaryCall(ClientCalls.java:139)
	at org.apache.ratis.proto.grpc.RaftServerProtocolServiceGrpc$RaftServerProtocolServiceBlockingStub.requestVote(RaftServerProtocolServiceGrpc.java:265)
	at org.apache.ratis.grpc.server.GrpcServerProtocolClient.requestVote(GrpcServerProtocolClient.java:99)
	at org.apache.ratis.grpc.server.GrpcService.requestVote(GrpcService.java:204)
	at org.apache.ratis.server.impl.LeaderElection.lambda$submitRequests$1(LeaderElection.java:234)
	at java.util.concurrent.FutureTask.run(FutureTask.java:266)
	at java.util.concurrent.Executors$RunnableAdapter.call(Executors.java:511)
	at java.util.concurrent.FutureTask.run(FutureTask.java:266)
	at java.util.concurrent.ThreadPoolExecutor.runWorker(ThreadPoolExecutor.java:1149)
	at java.util.concurrent.ThreadPoolExecutor$Worker.run(ThreadPoolExecutor.java:624)
	... 1 more
Caused by: org.apache.ratis.thirdparty.io.netty.channel.AbstractChannel$AnnotatedConnectException: Connection refused: /192.168.157.194:45340
	at sun.nio.ch.SocketChannelImpl.checkConnect(Native Method)
	at sun.nio.ch.SocketChannelImpl.finishConnect(SocketChannelImpl.java:717)
	at org.apache.ratis.thirdparty.io.netty.channel.socket.nio.NioSocketChannel.doFinishConnect(NioSocketChannel.java:327)
	at org.apache.ratis.thirdparty.io.netty.channel.nio.AbstractNioChannel$AbstractNioUnsafe.finishConnect(AbstractNioChannel.java:340)
	at org.apache.ratis.thirdparty.io.netty.channel.nio.NioEventLoop.processSelectedKey(NioEventLoop.java:632)
	at org.apache.ratis.thirdparty.io.netty.channel.nio.NioEventLoop.processSelectedKeysOptimized(NioEventLoop.java:579)
	at org.apache.ratis.thirdparty.io.netty.channel.nio.NioEventLoop.processSelectedKeys(NioEventLoop.java:496)
	at org.apache.ratis.thirdparty.io.netty.channel.nio.NioEventLoop.run(NioEventLoop.java:458)
	at org.apache.ratis.thirdparty.io.netty.util.concurrent.SingleThreadEventExecutor$5.run(SingleThreadEventExecutor.java:897)
	at org.apache.ratis.thirdparty.io.netty.util.concurrent.FastThreadLocalRunnable.run(FastThreadLocalRunnable.java:30)
	... 1 more
Caused by: java.net.ConnectException: Connection refused
	... 11 more
2019-11-14 17:37:14,040 [1f17fae6-ef42-4b5f-b929-258c4df74eb0@group-E7DF167351A9-LeaderElection99] INFO  impl.RaftServerImpl (RaftServerImpl.java:setRole(173)) - 1f17fae6-ef42-4b5f-b929-258c4df74eb0@group-E7DF167351A9: changes role from CANDIDATE to FOLLOWER at term 15 for DISCOVERED_A_NEW_TERM
2019-11-14 17:37:14,041 [1f17fae6-ef42-4b5f-b929-258c4df74eb0@group-E7DF167351A9-LeaderElection99] INFO  impl.RoleInfo (RoleInfo.java:shutdownLeaderElection(134)) - 1f17fae6-ef42-4b5f-b929-258c4df74eb0: shutdown LeaderElection
2019-11-14 17:37:14,041 [1f17fae6-ef42-4b5f-b929-258c4df74eb0@group-E7DF167351A9-LeaderElection99] INFO  impl.RoleInfo (RoleInfo.java:updateAndGet(143)) - 1f17fae6-ef42-4b5f-b929-258c4df74eb0: start FollowerState
2019-11-14 17:37:14,705 [Thread-1708] INFO  impl.FollowerState (FollowerState.java:run(111)) - f5a4bf5a-4195-495f-81ba-193832aea29d@group-7E7D5A9DDDD2-FollowerState: change to CANDIDATE, lastRpcTime:1047ms, electionTimeout:1047ms
2019-11-14 17:37:14,705 [Thread-1708] INFO  impl.RoleInfo (RoleInfo.java:shutdownFollowerState(121)) - f5a4bf5a-4195-495f-81ba-193832aea29d: shutdown FollowerState
2019-11-14 17:37:14,705 [Thread-1708] INFO  impl.RaftServerImpl (RaftServerImpl.java:setRole(173)) - f5a4bf5a-4195-495f-81ba-193832aea29d@group-7E7D5A9DDDD2: changes role from  FOLLOWER to CANDIDATE at term 6 for changeToCandidate
2019-11-14 17:37:14,706 [Thread-1708] INFO  impl.RoleInfo (RoleInfo.java:updateAndGet(143)) - f5a4bf5a-4195-495f-81ba-193832aea29d: start LeaderElection
2019-11-14 17:37:14,738 [f5a4bf5a-4195-495f-81ba-193832aea29d@group-7E7D5A9DDDD2-LeaderElection100] INFO  impl.LeaderElection (LeaderElection.java:askForVotes(178)) - f5a4bf5a-4195-495f-81ba-193832aea29d@group-7E7D5A9DDDD2-LeaderElection100: begin an election at term 7 for 0: [b2e3cdb6-e490-4d5b-a0a3-6f5ff6451210:192.168.157.194:37477, f5a4bf5a-4195-495f-81ba-193832aea29d:192.168.157.194:46851, 7dd38d19-97a5-42cf-8254-8fed67def3f2:192.168.157.194:40753], old=null
2019-11-14 17:37:14,739 [f5a4bf5a-4195-495f-81ba-193832aea29d@group-7E7D5A9DDDD2-LeaderElection100] INFO  impl.LeaderElection (LogUtils.java:infoOrTrace(149)) - f5a4bf5a-4195-495f-81ba-193832aea29d@group-7E7D5A9DDDD2-LeaderElection100 got exception when requesting votes: {}
java.util.concurrent.ExecutionException: org.apache.ratis.thirdparty.io.grpc.StatusRuntimeException: UNAVAILABLE: io exception
	at java.util.concurrent.FutureTask.report(FutureTask.java:122)
	at java.util.concurrent.FutureTask.get(FutureTask.java:192)
	at org.apache.ratis.server.impl.LeaderElection.waitForResults(LeaderElection.java:259)
	at org.apache.ratis.server.impl.LeaderElection.askForVotes(LeaderElection.java:197)
	at org.apache.ratis.server.impl.LeaderElection.run(LeaderElection.java:133)
	at java.lang.Thread.run(Thread.java:748)
Caused by: org.apache.ratis.thirdparty.io.grpc.StatusRuntimeException: UNAVAILABLE: io exception
	at org.apache.ratis.thirdparty.io.grpc.stub.ClientCalls.toStatusRuntimeException(ClientCalls.java:233)
	at org.apache.ratis.thirdparty.io.grpc.stub.ClientCalls.getUnchecked(ClientCalls.java:214)
	at org.apache.ratis.thirdparty.io.grpc.stub.ClientCalls.blockingUnaryCall(ClientCalls.java:139)
	at org.apache.ratis.proto.grpc.RaftServerProtocolServiceGrpc$RaftServerProtocolServiceBlockingStub.requestVote(RaftServerProtocolServiceGrpc.java:265)
	at org.apache.ratis.grpc.server.GrpcServerProtocolClient.requestVote(GrpcServerProtocolClient.java:99)
	at org.apache.ratis.grpc.server.GrpcService.requestVote(GrpcService.java:204)
	at org.apache.ratis.server.impl.LeaderElection.lambda$submitRequests$1(LeaderElection.java:234)
	at java.util.concurrent.FutureTask.run(FutureTask.java:266)
	at java.util.concurrent.Executors$RunnableAdapter.call(Executors.java:511)
	at java.util.concurrent.FutureTask.run(FutureTask.java:266)
	at java.util.concurrent.ThreadPoolExecutor.runWorker(ThreadPoolExecutor.java:1149)
	at java.util.concurrent.ThreadPoolExecutor$Worker.run(ThreadPoolExecutor.java:624)
	... 1 more
Caused by: org.apache.ratis.thirdparty.io.netty.channel.AbstractChannel$AnnotatedConnectException: Connection refused: /192.168.157.194:37477
	at sun.nio.ch.SocketChannelImpl.checkConnect(Native Method)
	at sun.nio.ch.SocketChannelImpl.finishConnect(SocketChannelImpl.java:717)
	at org.apache.ratis.thirdparty.io.netty.channel.socket.nio.NioSocketChannel.doFinishConnect(NioSocketChannel.java:327)
	at org.apache.ratis.thirdparty.io.netty.channel.nio.AbstractNioChannel$AbstractNioUnsafe.finishConnect(AbstractNioChannel.java:340)
	at org.apache.ratis.thirdparty.io.netty.channel.nio.NioEventLoop.processSelectedKey(NioEventLoop.java:632)
	at org.apache.ratis.thirdparty.io.netty.channel.nio.NioEventLoop.processSelectedKeysOptimized(NioEventLoop.java:579)
	at org.apache.ratis.thirdparty.io.netty.channel.nio.NioEventLoop.processSelectedKeys(NioEventLoop.java:496)
	at org.apache.ratis.thirdparty.io.netty.channel.nio.NioEventLoop.run(NioEventLoop.java:458)
	at org.apache.ratis.thirdparty.io.netty.util.concurrent.SingleThreadEventExecutor$5.run(SingleThreadEventExecutor.java:897)
	at org.apache.ratis.thirdparty.io.netty.util.concurrent.FastThreadLocalRunnable.run(FastThreadLocalRunnable.java:30)
	... 1 more
Caused by: java.net.ConnectException: Connection refused
	... 11 more
2019-11-14 17:37:14,740 [f5a4bf5a-4195-495f-81ba-193832aea29d@group-7E7D5A9DDDD2-LeaderElection100] INFO  impl.LeaderElection (LogUtils.java:infoOrTrace(149)) - f5a4bf5a-4195-495f-81ba-193832aea29d@group-7E7D5A9DDDD2-LeaderElection100 got exception when requesting votes: {}
java.util.concurrent.ExecutionException: org.apache.ratis.thirdparty.io.grpc.StatusRuntimeException: UNAVAILABLE: io exception
	at java.util.concurrent.FutureTask.report(FutureTask.java:122)
	at java.util.concurrent.FutureTask.get(FutureTask.java:192)
	at org.apache.ratis.server.impl.LeaderElection.waitForResults(LeaderElection.java:259)
	at org.apache.ratis.server.impl.LeaderElection.askForVotes(LeaderElection.java:197)
	at org.apache.ratis.server.impl.LeaderElection.run(LeaderElection.java:133)
	at java.lang.Thread.run(Thread.java:748)
Caused by: org.apache.ratis.thirdparty.io.grpc.StatusRuntimeException: UNAVAILABLE: io exception
	at org.apache.ratis.thirdparty.io.grpc.stub.ClientCalls.toStatusRuntimeException(ClientCalls.java:233)
	at org.apache.ratis.thirdparty.io.grpc.stub.ClientCalls.getUnchecked(ClientCalls.java:214)
	at org.apache.ratis.thirdparty.io.grpc.stub.ClientCalls.blockingUnaryCall(ClientCalls.java:139)
	at org.apache.ratis.proto.grpc.RaftServerProtocolServiceGrpc$RaftServerProtocolServiceBlockingStub.requestVote(RaftServerProtocolServiceGrpc.java:265)
	at org.apache.ratis.grpc.server.GrpcServerProtocolClient.requestVote(GrpcServerProtocolClient.java:99)
	at org.apache.ratis.grpc.server.GrpcService.requestVote(GrpcService.java:204)
	at org.apache.ratis.server.impl.LeaderElection.lambda$submitRequests$1(LeaderElection.java:234)
	at java.util.concurrent.FutureTask.run(FutureTask.java:266)
	at java.util.concurrent.Executors$RunnableAdapter.call(Executors.java:511)
	at java.util.concurrent.FutureTask.run(FutureTask.java:266)
	at java.util.concurrent.ThreadPoolExecutor.runWorker(ThreadPoolExecutor.java:1149)
	at java.util.concurrent.ThreadPoolExecutor$Worker.run(ThreadPoolExecutor.java:624)
	... 1 more
Caused by: org.apache.ratis.thirdparty.io.netty.channel.AbstractChannel$AnnotatedConnectException: Connection refused: /192.168.157.194:40753
	at sun.nio.ch.SocketChannelImpl.checkConnect(Native Method)
	at sun.nio.ch.SocketChannelImpl.finishConnect(SocketChannelImpl.java:717)
	at org.apache.ratis.thirdparty.io.netty.channel.socket.nio.NioSocketChannel.doFinishConnect(NioSocketChannel.java:327)
	at org.apache.ratis.thirdparty.io.netty.channel.nio.AbstractNioChannel$AbstractNioUnsafe.finishConnect(AbstractNioChannel.java:340)
	at org.apache.ratis.thirdparty.io.netty.channel.nio.NioEventLoop.processSelectedKey(NioEventLoop.java:632)
	at org.apache.ratis.thirdparty.io.netty.channel.nio.NioEventLoop.processSelectedKeysOptimized(NioEventLoop.java:579)
	at org.apache.ratis.thirdparty.io.netty.channel.nio.NioEventLoop.processSelectedKeys(NioEventLoop.java:496)
	at org.apache.ratis.thirdparty.io.netty.channel.nio.NioEventLoop.run(NioEventLoop.java:458)
	at org.apache.ratis.thirdparty.io.netty.util.concurrent.SingleThreadEventExecutor$5.run(SingleThreadEventExecutor.java:897)
	at org.apache.ratis.thirdparty.io.netty.util.concurrent.FastThreadLocalRunnable.run(FastThreadLocalRunnable.java:30)
	... 1 more
Caused by: java.net.ConnectException: Connection refused
	... 11 more
2019-11-14 17:37:14,740 [f5a4bf5a-4195-495f-81ba-193832aea29d@group-7E7D5A9DDDD2-LeaderElection100] INFO  impl.LeaderElection (LeaderElection.java:logAndReturn(56)) - f5a4bf5a-4195-495f-81ba-193832aea29d@group-7E7D5A9DDDD2-LeaderElection100: Election REJECTED; received 0 response(s) [] and 2 exception(s); f5a4bf5a-4195-495f-81ba-193832aea29d@group-7E7D5A9DDDD2:t7, leader=null, voted=f5a4bf5a-4195-495f-81ba-193832aea29d, raftlog=f5a4bf5a-4195-495f-81ba-193832aea29d@group-7E7D5A9DDDD2-SegmentedRaftLog:OPENED:c0,f0,i0, conf=0: [b2e3cdb6-e490-4d5b-a0a3-6f5ff6451210:192.168.157.194:37477, f5a4bf5a-4195-495f-81ba-193832aea29d:192.168.157.194:46851, 7dd38d19-97a5-42cf-8254-8fed67def3f2:192.168.157.194:40753], old=null
2019-11-14 17:37:14,741 [f5a4bf5a-4195-495f-81ba-193832aea29d@group-7E7D5A9DDDD2-LeaderElection100] INFO  impl.LeaderElection (LogUtils.java:infoOrTrace(149)) -   Exception 0: {}
java.util.concurrent.ExecutionException: org.apache.ratis.thirdparty.io.grpc.StatusRuntimeException: UNAVAILABLE: io exception
	at java.util.concurrent.FutureTask.report(FutureTask.java:122)
	at java.util.concurrent.FutureTask.get(FutureTask.java:192)
	at org.apache.ratis.server.impl.LeaderElection.waitForResults(LeaderElection.java:259)
	at org.apache.ratis.server.impl.LeaderElection.askForVotes(LeaderElection.java:197)
	at org.apache.ratis.server.impl.LeaderElection.run(LeaderElection.java:133)
	at java.lang.Thread.run(Thread.java:748)
Caused by: org.apache.ratis.thirdparty.io.grpc.StatusRuntimeException: UNAVAILABLE: io exception
	at org.apache.ratis.thirdparty.io.grpc.stub.ClientCalls.toStatusRuntimeException(ClientCalls.java:233)
	at org.apache.ratis.thirdparty.io.grpc.stub.ClientCalls.getUnchecked(ClientCalls.java:214)
	at org.apache.ratis.thirdparty.io.grpc.stub.ClientCalls.blockingUnaryCall(ClientCalls.java:139)
	at org.apache.ratis.proto.grpc.RaftServerProtocolServiceGrpc$RaftServerProtocolServiceBlockingStub.requestVote(RaftServerProtocolServiceGrpc.java:265)
	at org.apache.ratis.grpc.server.GrpcServerProtocolClient.requestVote(GrpcServerProtocolClient.java:99)
	at org.apache.ratis.grpc.server.GrpcService.requestVote(GrpcService.java:204)
	at org.apache.ratis.server.impl.LeaderElection.lambda$submitRequests$1(LeaderElection.java:234)
	at java.util.concurrent.FutureTask.run(FutureTask.java:266)
	at java.util.concurrent.Executors$RunnableAdapter.call(Executors.java:511)
	at java.util.concurrent.FutureTask.run(FutureTask.java:266)
	at java.util.concurrent.ThreadPoolExecutor.runWorker(ThreadPoolExecutor.java:1149)
	at java.util.concurrent.ThreadPoolExecutor$Worker.run(ThreadPoolExecutor.java:624)
	... 1 more
Caused by: org.apache.ratis.thirdparty.io.netty.channel.AbstractChannel$AnnotatedConnectException: Connection refused: /192.168.157.194:37477
	at sun.nio.ch.SocketChannelImpl.checkConnect(Native Method)
	at sun.nio.ch.SocketChannelImpl.finishConnect(SocketChannelImpl.java:717)
	at org.apache.ratis.thirdparty.io.netty.channel.socket.nio.NioSocketChannel.doFinishConnect(NioSocketChannel.java:327)
	at org.apache.ratis.thirdparty.io.netty.channel.nio.AbstractNioChannel$AbstractNioUnsafe.finishConnect(AbstractNioChannel.java:340)
	at org.apache.ratis.thirdparty.io.netty.channel.nio.NioEventLoop.processSelectedKey(NioEventLoop.java:632)
	at org.apache.ratis.thirdparty.io.netty.channel.nio.NioEventLoop.processSelectedKeysOptimized(NioEventLoop.java:579)
	at org.apache.ratis.thirdparty.io.netty.channel.nio.NioEventLoop.processSelectedKeys(NioEventLoop.java:496)
	at org.apache.ratis.thirdparty.io.netty.channel.nio.NioEventLoop.run(NioEventLoop.java:458)
	at org.apache.ratis.thirdparty.io.netty.util.concurrent.SingleThreadEventExecutor$5.run(SingleThreadEventExecutor.java:897)
	at org.apache.ratis.thirdparty.io.netty.util.concurrent.FastThreadLocalRunnable.run(FastThreadLocalRunnable.java:30)
	... 1 more
Caused by: java.net.ConnectException: Connection refused
	... 11 more
2019-11-14 17:37:14,741 [f5a4bf5a-4195-495f-81ba-193832aea29d@group-7E7D5A9DDDD2-LeaderElection100] INFO  impl.LeaderElection (LogUtils.java:infoOrTrace(149)) -   Exception 1: {}
java.util.concurrent.ExecutionException: org.apache.ratis.thirdparty.io.grpc.StatusRuntimeException: UNAVAILABLE: io exception
	at java.util.concurrent.FutureTask.report(FutureTask.java:122)
	at java.util.concurrent.FutureTask.get(FutureTask.java:192)
	at org.apache.ratis.server.impl.LeaderElection.waitForResults(LeaderElection.java:259)
	at org.apache.ratis.server.impl.LeaderElection.askForVotes(LeaderElection.java:197)
	at org.apache.ratis.server.impl.LeaderElection.run(LeaderElection.java:133)
	at java.lang.Thread.run(Thread.java:748)
Caused by: org.apache.ratis.thirdparty.io.grpc.StatusRuntimeException: UNAVAILABLE: io exception
	at org.apache.ratis.thirdparty.io.grpc.stub.ClientCalls.toStatusRuntimeException(ClientCalls.java:233)
	at org.apache.ratis.thirdparty.io.grpc.stub.ClientCalls.getUnchecked(ClientCalls.java:214)
	at org.apache.ratis.thirdparty.io.grpc.stub.ClientCalls.blockingUnaryCall(ClientCalls.java:139)
	at org.apache.ratis.proto.grpc.RaftServerProtocolServiceGrpc$RaftServerProtocolServiceBlockingStub.requestVote(RaftServerProtocolServiceGrpc.java:265)
	at org.apache.ratis.grpc.server.GrpcServerProtocolClient.requestVote(GrpcServerProtocolClient.java:99)
	at org.apache.ratis.grpc.server.GrpcService.requestVote(GrpcService.java:204)
	at org.apache.ratis.server.impl.LeaderElection.lambda$submitRequests$1(LeaderElection.java:234)
	at java.util.concurrent.FutureTask.run(FutureTask.java:266)
	at java.util.concurrent.Executors$RunnableAdapter.call(Executors.java:511)
	at java.util.concurrent.FutureTask.run(FutureTask.java:266)
	at java.util.concurrent.ThreadPoolExecutor.runWorker(ThreadPoolExecutor.java:1149)
	at java.util.concurrent.ThreadPoolExecutor$Worker.run(ThreadPoolExecutor.java:624)
	... 1 more
Caused by: org.apache.ratis.thirdparty.io.netty.channel.AbstractChannel$AnnotatedConnectException: Connection refused: /192.168.157.194:40753
	at sun.nio.ch.SocketChannelImpl.checkConnect(Native Method)
	at sun.nio.ch.SocketChannelImpl.finishConnect(SocketChannelImpl.java:717)
	at org.apache.ratis.thirdparty.io.netty.channel.socket.nio.NioSocketChannel.doFinishConnect(NioSocketChannel.java:327)
	at org.apache.ratis.thirdparty.io.netty.channel.nio.AbstractNioChannel$AbstractNioUnsafe.finishConnect(AbstractNioChannel.java:340)
	at org.apache.ratis.thirdparty.io.netty.channel.nio.NioEventLoop.processSelectedKey(NioEventLoop.java:632)
	at org.apache.ratis.thirdparty.io.netty.channel.nio.NioEventLoop.processSelectedKeysOptimized(NioEventLoop.java:579)
	at org.apache.ratis.thirdparty.io.netty.channel.nio.NioEventLoop.processSelectedKeys(NioEventLoop.java:496)
	at org.apache.ratis.thirdparty.io.netty.channel.nio.NioEventLoop.run(NioEventLoop.java:458)
	at org.apache.ratis.thirdparty.io.netty.util.concurrent.SingleThreadEventExecutor$5.run(SingleThreadEventExecutor.java:897)
	at org.apache.ratis.thirdparty.io.netty.util.concurrent.FastThreadLocalRunnable.run(FastThreadLocalRunnable.java:30)
	... 1 more
Caused by: java.net.ConnectException: Connection refused
	... 11 more
2019-11-14 17:37:14,741 [f5a4bf5a-4195-495f-81ba-193832aea29d@group-7E7D5A9DDDD2-LeaderElection100] INFO  impl.RaftServerImpl (RaftServerImpl.java:setRole(173)) - f5a4bf5a-4195-495f-81ba-193832aea29d@group-7E7D5A9DDDD2: changes role from CANDIDATE to FOLLOWER at term 7 for DISCOVERED_A_NEW_TERM
2019-11-14 17:37:14,741 [f5a4bf5a-4195-495f-81ba-193832aea29d@group-7E7D5A9DDDD2-LeaderElection100] INFO  impl.RoleInfo (RoleInfo.java:shutdownLeaderElection(134)) - f5a4bf5a-4195-495f-81ba-193832aea29d: shutdown LeaderElection
2019-11-14 17:37:14,742 [f5a4bf5a-4195-495f-81ba-193832aea29d@group-7E7D5A9DDDD2-LeaderElection100] INFO  impl.RoleInfo (RoleInfo.java:updateAndGet(143)) - f5a4bf5a-4195-495f-81ba-193832aea29d: start FollowerState
2019-11-14 17:37:15,155 [ForkJoinPool.commonPool-worker-1] INFO  ozoneimpl.OzoneContainer (OzoneContainer.java:stop(244)) - Attempting to stop container services.
2019-11-14 17:37:15,155 [main] INFO  ozoneimpl.OzoneContainer (OzoneContainer.java:stop(244)) - Attempting to stop container services.
2019-11-14 17:37:15,157 [ForkJoinPool.commonPool-worker-1] INFO  impl.RaftServerProxy (RaftServerProxy.java:lambda$close$4(314)) - f5a4bf5a-4195-495f-81ba-193832aea29d: close
2019-11-14 17:37:15,157 [main] INFO  impl.RaftServerProxy (RaftServerProxy.java:lambda$close$4(314)) - 1f17fae6-ef42-4b5f-b929-258c4df74eb0: close
2019-11-14 17:37:15,158 [ForkJoinPool.commonPool-worker-1] INFO  impl.RaftServerImpl (RaftServerImpl.java:lambda$shutdown$3(250)) - f5a4bf5a-4195-495f-81ba-193832aea29d@group-D0CBF85840EB: shutdown
2019-11-14 17:37:15,158 [main] INFO  impl.RaftServerImpl (RaftServerImpl.java:lambda$shutdown$3(250)) - 1f17fae6-ef42-4b5f-b929-258c4df74eb0@group-E7DF167351A9: shutdown
2019-11-14 17:37:15,158 [ForkJoinPool.commonPool-worker-1] INFO  util.JmxRegister (JmxRegister.java:unregister(73)) - Successfully un-registered JMX Bean with object name Ratis:service=RaftServer,group=group-D0CBF85840EB,id=f5a4bf5a-4195-495f-81ba-193832aea29d
2019-11-14 17:37:15,158 [main] INFO  util.JmxRegister (JmxRegister.java:unregister(73)) - Successfully un-registered JMX Bean with object name Ratis:service=RaftServer,group=group-E7DF167351A9,id=1f17fae6-ef42-4b5f-b929-258c4df74eb0
2019-11-14 17:37:15,159 [ForkJoinPool.commonPool-worker-1] INFO  impl.RoleInfo (RoleInfo.java:shutdownLeaderState(104)) - f5a4bf5a-4195-495f-81ba-193832aea29d: shutdown LeaderState
2019-11-14 17:37:15,159 [main] INFO  impl.RoleInfo (RoleInfo.java:shutdownFollowerState(121)) - 1f17fae6-ef42-4b5f-b929-258c4df74eb0: shutdown FollowerState
2019-11-14 17:37:15,159 [ForkJoinPool.commonPool-worker-1] INFO  impl.PendingRequests (PendingRequests.java:sendNotLeaderResponses(206)) - f5a4bf5a-4195-495f-81ba-193832aea29d@group-D0CBF85840EB-PendingRequests: sendNotLeaderResponses
2019-11-14 17:37:15,160 [main] INFO  impl.StateMachineUpdater (StateMachineUpdater.java:stopAndJoin(136)) - 1f17fae6-ef42-4b5f-b929-258c4df74eb0@group-E7DF167351A9-StateMachineUpdater: set stopIndex = 6
2019-11-14 17:37:15,160 [Thread-1712] INFO  impl.FollowerState (FollowerState.java:run(120)) - 1f17fae6-ef42-4b5f-b929-258c4df74eb0@group-E7DF167351A9-FollowerState was interrupted: java.lang.InterruptedException: sleep interrupted
2019-11-14 17:37:15,160 [1f17fae6-ef42-4b5f-b929-258c4df74eb0@group-E7DF167351A9-StateMachineUpdater] INFO  ratis.ContainerStateMachine (ContainerStateMachine.java:takeSnapshot(285)) - group-E7DF167351A9: Taking a snapshot at:(t:3, i:4) file /workdir/hadoop-ozone/integration-test/target/test-dir/MiniOzoneClusterImpl-22bbe08b-7feb-4e26-8434-b505ec12d921/datanode-7/data/ratis/95214e6b-bdf4-4946-b509-e7df167351a9/sm/snapshot.3_4
2019-11-14 17:37:15,160 [ForkJoinPool.commonPool-worker-1] INFO  impl.StateMachineUpdater (StateMachineUpdater.java:stopAndJoin(136)) - f5a4bf5a-4195-495f-81ba-193832aea29d@group-D0CBF85840EB-StateMachineUpdater: set stopIndex = 0
2019-11-14 17:37:15,161 [ForkJoinPool.commonPool-worker-1] INFO  impl.RaftServerImpl (ServerState.java:close(387)) - f5a4bf5a-4195-495f-81ba-193832aea29d@group-D0CBF85840EB: closes. applyIndex: 0
2019-11-14 17:37:15,162 [f5a4bf5a-4195-495f-81ba-193832aea29d@group-D0CBF85840EB-SegmentedRaftLogWorker] INFO  segmented.SegmentedRaftLogWorker (SegmentedRaftLogWorker.java:run(316)) - f5a4bf5a-4195-495f-81ba-193832aea29d@group-D0CBF85840EB-SegmentedRaftLogWorker was interrupted, exiting. There are 0 tasks remaining in the queue.
2019-11-14 17:37:15,162 [ForkJoinPool.commonPool-worker-1] INFO  segmented.SegmentedRaftLogWorker (SegmentedRaftLogWorker.java:close(224)) - f5a4bf5a-4195-495f-81ba-193832aea29d@group-D0CBF85840EB-SegmentedRaftLogWorker close()
2019-11-14 17:37:15,167 [ForkJoinPool.commonPool-worker-1] INFO  impl.RaftServerImpl (RaftServerImpl.java:lambda$shutdown$3(250)) - f5a4bf5a-4195-495f-81ba-193832aea29d@group-7E7D5A9DDDD2: shutdown
2019-11-14 17:37:15,167 [ForkJoinPool.commonPool-worker-1] INFO  util.JmxRegister (JmxRegister.java:unregister(73)) - Successfully un-registered JMX Bean with object name Ratis:service=RaftServer,group=group-7E7D5A9DDDD2,id=f5a4bf5a-4195-495f-81ba-193832aea29d
2019-11-14 17:37:15,167 [ForkJoinPool.commonPool-worker-1] INFO  impl.RoleInfo (RoleInfo.java:shutdownFollowerState(121)) - f5a4bf5a-4195-495f-81ba-193832aea29d: shutdown FollowerState
2019-11-14 17:37:15,167 [ForkJoinPool.commonPool-worker-1] INFO  impl.StateMachineUpdater (StateMachineUpdater.java:stopAndJoin(136)) - f5a4bf5a-4195-495f-81ba-193832aea29d@group-7E7D5A9DDDD2-StateMachineUpdater: set stopIndex = 0
2019-11-14 17:37:15,168 [Thread-1716] INFO  impl.FollowerState (FollowerState.java:run(120)) - f5a4bf5a-4195-495f-81ba-193832aea29d@group-7E7D5A9DDDD2-FollowerState was interrupted: java.lang.InterruptedException: sleep interrupted
2019-11-14 17:37:15,168 [ForkJoinPool.commonPool-worker-1] INFO  impl.RaftServerImpl (ServerState.java:close(387)) - f5a4bf5a-4195-495f-81ba-193832aea29d@group-7E7D5A9DDDD2: closes. applyIndex: 0
2019-11-14 17:37:15,169 [f5a4bf5a-4195-495f-81ba-193832aea29d@group-7E7D5A9DDDD2-SegmentedRaftLogWorker] INFO  segmented.SegmentedRaftLogWorker (SegmentedRaftLogWorker.java:run(316)) - f5a4bf5a-4195-495f-81ba-193832aea29d@group-7E7D5A9DDDD2-SegmentedRaftLogWorker was interrupted, exiting. There are 0 tasks remaining in the queue.
2019-11-14 17:37:15,169 [ForkJoinPool.commonPool-worker-1] INFO  segmented.SegmentedRaftLogWorker (SegmentedRaftLogWorker.java:close(224)) - f5a4bf5a-4195-495f-81ba-193832aea29d@group-7E7D5A9DDDD2-SegmentedRaftLogWorker close()
2019-11-14 17:37:15,170 [ForkJoinPool.commonPool-worker-1] INFO  server.GrpcService (GrpcService.java:closeImpl(164)) - f5a4bf5a-4195-495f-81ba-193832aea29d: shutdown server with port 46851 now
2019-11-14 17:37:15,171 [ForkJoinPool.commonPool-worker-1] INFO  server.GrpcService (GrpcService.java:closeImpl(172)) - f5a4bf5a-4195-495f-81ba-193832aea29d: shutdown server with port 46851 successfully
2019-11-14 17:37:15,181 [refreshUsed-/workdir/hadoop-ozone/integration-test/target/test-dir/MiniOzoneClusterImpl-22bbe08b-7feb-4e26-8434-b505ec12d921/datanode-1/data/containers] WARN  fs.CachingGetSpaceUsed (CachingGetSpaceUsed.java:run(183)) - Thread Interrupted waiting to refresh disk information: sleep interrupted
2019-11-14 17:37:15,188 [1f17fae6-ef42-4b5f-b929-258c4df74eb0@group-E7DF167351A9-StateMachineUpdater] INFO  ratis.ContainerStateMachine (ContainerStateMachine.java:takeSnapshot(296)) - group-E7DF167351A9: Finished taking a snapshot at:(t:3, i:4) file:/workdir/hadoop-ozone/integration-test/target/test-dir/MiniOzoneClusterImpl-22bbe08b-7feb-4e26-8434-b505ec12d921/datanode-7/data/ratis/95214e6b-bdf4-4946-b509-e7df167351a9/sm/snapshot.3_4 time:28
2019-11-14 17:37:15,189 [1f17fae6-ef42-4b5f-b929-258c4df74eb0@group-E7DF167351A9-StateMachineUpdater] INFO  impl.StateMachineUpdater (StateMachineUpdater.java:takeSnapshot(269)) - 1f17fae6-ef42-4b5f-b929-258c4df74eb0@group-E7DF167351A9-StateMachineUpdater: Took a snapshot at index 4
2019-11-14 17:37:15,189 [1f17fae6-ef42-4b5f-b929-258c4df74eb0@group-E7DF167351A9-StateMachineUpdater] INFO  impl.StateMachineUpdater (StateMachineUpdater.java:lambda$new$0(84)) - 1f17fae6-ef42-4b5f-b929-258c4df74eb0@group-E7DF167351A9-StateMachineUpdater: snapshotIndex: updateIncreasingly -1 -> 4
2019-11-14 17:37:15,190 [1f17fae6-ef42-4b5f-b929-258c4df74eb0@group-E7DF167351A9-StateMachineUpdater] INFO  ratis.ContainerStateMachine (ContainerStateMachine.java:takeSnapshot(285)) - group-E7DF167351A9: Taking a snapshot at:(t:3, i:4) file /workdir/hadoop-ozone/integration-test/target/test-dir/MiniOzoneClusterImpl-22bbe08b-7feb-4e26-8434-b505ec12d921/datanode-7/data/ratis/95214e6b-bdf4-4946-b509-e7df167351a9/sm/snapshot.3_4
2019-11-14 17:37:15,199 [ForkJoinPool.commonPool-worker-1] INFO  utils.BackgroundService (BackgroundService.java:shutdown(151)) - Shutting down service BlockDeletingService
2019-11-14 17:37:15,201 [ForkJoinPool.commonPool-worker-1] INFO  statemachine.DatanodeStateMachine (DatanodeStateMachine.java:stopDaemon(395)) - Ozone container server stopped.
2019-11-14 17:37:15,204 [ForkJoinPool.commonPool-worker-1] INFO  handler.ContextHandler (ContextHandler.java:doStop(910)) - Stopped o.e.j.w.WebAppContext@40de8f93{/,null,UNAVAILABLE}{/hddsDatanode}
2019-11-14 17:37:15,205 [ForkJoinPool.commonPool-worker-1] INFO  server.AbstractConnector (AbstractConnector.java:doStop(318)) - Stopped ServerConnector@6ff0b1cc{HTTP/1.1,[http/1.1]}{0.0.0.0:0}
2019-11-14 17:37:15,206 [ForkJoinPool.commonPool-worker-1] INFO  handler.ContextHandler (ContextHandler.java:doStop(910)) - Stopped o.e.j.s.ServletContextHandler@5b88b8e{/static,jar:file:/home/user/.m2/repository/org/apache/hadoop/hadoop-hdds-container-service/0.5.0-SNAPSHOT/hadoop-hdds-container-service-0.5.0-SNAPSHOT.jar!/webapps/static,UNAVAILABLE}
2019-11-14 17:37:15,206 [ForkJoinPool.commonPool-worker-1] INFO  handler.ContextHandler (ContextHandler.java:doStop(910)) - Stopped o.e.j.s.ServletContextHandler@64c781a9{/logs,file:///workdir/hadoop-ozone/integration-test/target/log,UNAVAILABLE}
2019-11-14 17:37:15,208 [ForkJoinPool.commonPool-worker-1] INFO  impl.RaftServerImpl (RaftServerImpl.java:lambda$shutdown$3(250)) - 1f17fae6-ef42-4b5f-b929-258c4df74eb0@group-AFF5AAA468FC: shutdown
2019-11-14 17:37:15,208 [ForkJoinPool.commonPool-worker-1] INFO  util.JmxRegister (JmxRegister.java:unregister(73)) - Successfully un-registered JMX Bean with object name Ratis:service=RaftServer,group=group-AFF5AAA468FC,id=1f17fae6-ef42-4b5f-b929-258c4df74eb0
2019-11-14 17:37:15,208 [ForkJoinPool.commonPool-worker-1] INFO  impl.RoleInfo (RoleInfo.java:shutdownLeaderState(104)) - 1f17fae6-ef42-4b5f-b929-258c4df74eb0: shutdown LeaderState
2019-11-14 17:37:15,208 [ForkJoinPool.commonPool-worker-1] INFO  impl.PendingRequests (PendingRequests.java:sendNotLeaderResponses(206)) - 1f17fae6-ef42-4b5f-b929-258c4df74eb0@group-AFF5AAA468FC-PendingRequests: sendNotLeaderResponses
2019-11-14 17:37:15,208 [ForkJoinPool.commonPool-worker-1] INFO  impl.StateMachineUpdater (StateMachineUpdater.java:stopAndJoin(136)) - 1f17fae6-ef42-4b5f-b929-258c4df74eb0@group-AFF5AAA468FC-StateMachineUpdater: set stopIndex = 0
2019-11-14 17:37:15,209 [ForkJoinPool.commonPool-worker-1] INFO  impl.RaftServerImpl (ServerState.java:close(387)) - 1f17fae6-ef42-4b5f-b929-258c4df74eb0@group-AFF5AAA468FC: closes. applyIndex: 0
2019-11-14 17:37:15,209 [1f17fae6-ef42-4b5f-b929-258c4df74eb0@group-AFF5AAA468FC-SegmentedRaftLogWorker] INFO  segmented.SegmentedRaftLogWorker (SegmentedRaftLogWorker.java:run(316)) - 1f17fae6-ef42-4b5f-b929-258c4df74eb0@group-AFF5AAA468FC-SegmentedRaftLogWorker was interrupted, exiting. There are 0 tasks remaining in the queue.
2019-11-14 17:37:15,209 [ForkJoinPool.commonPool-worker-1] INFO  segmented.SegmentedRaftLogWorker (SegmentedRaftLogWorker.java:close(224)) - 1f17fae6-ef42-4b5f-b929-258c4df74eb0@group-AFF5AAA468FC-SegmentedRaftLogWorker close()
2019-11-14 17:37:15,214 [1f17fae6-ef42-4b5f-b929-258c4df74eb0@group-E7DF167351A9-StateMachineUpdater] INFO  ratis.ContainerStateMachine (ContainerStateMachine.java:takeSnapshot(296)) - group-E7DF167351A9: Finished taking a snapshot at:(t:3, i:4) file:/workdir/hadoop-ozone/integration-test/target/test-dir/MiniOzoneClusterImpl-22bbe08b-7feb-4e26-8434-b505ec12d921/datanode-7/data/ratis/95214e6b-bdf4-4946-b509-e7df167351a9/sm/snapshot.3_4 time:24
2019-11-14 17:37:15,214 [1f17fae6-ef42-4b5f-b929-258c4df74eb0@group-E7DF167351A9-StateMachineUpdater] INFO  impl.StateMachineUpdater (StateMachineUpdater.java:takeSnapshot(269)) - 1f17fae6-ef42-4b5f-b929-258c4df74eb0@group-E7DF167351A9-StateMachineUpdater: Took a snapshot at index 4
2019-11-14 17:37:15,214 [1f17fae6-ef42-4b5f-b929-258c4df74eb0@group-E7DF167351A9-StateMachineUpdater] INFO  impl.StateMachineUpdater (StateMachineUpdater.java:lambda$new$0(84)) - 1f17fae6-ef42-4b5f-b929-258c4df74eb0@group-E7DF167351A9-StateMachineUpdater: snapshotIndex: updateIncreasingly 4 -> 4
2019-11-14 17:37:15,214 [main] INFO  impl.RaftServerImpl (ServerState.java:close(387)) - 1f17fae6-ef42-4b5f-b929-258c4df74eb0@group-E7DF167351A9: closes. applyIndex: 6
2019-11-14 17:37:15,215 [1f17fae6-ef42-4b5f-b929-258c4df74eb0@group-E7DF167351A9-SegmentedRaftLogWorker] INFO  segmented.SegmentedRaftLogWorker (SegmentedRaftLogWorker.java:run(316)) - 1f17fae6-ef42-4b5f-b929-258c4df74eb0@group-E7DF167351A9-SegmentedRaftLogWorker was interrupted, exiting. There are 0 tasks remaining in the queue.
2019-11-14 17:37:15,215 [main] INFO  segmented.SegmentedRaftLogWorker (SegmentedRaftLogWorker.java:close(224)) - 1f17fae6-ef42-4b5f-b929-258c4df74eb0@group-E7DF167351A9-SegmentedRaftLogWorker close()
2019-11-14 17:37:15,216 [main] INFO  server.GrpcService (GrpcService.java:closeImpl(164)) - 1f17fae6-ef42-4b5f-b929-258c4df74eb0: shutdown server with port 44377 now
2019-11-14 17:37:15,216 [main] INFO  server.GrpcService (GrpcService.java:closeImpl(172)) - 1f17fae6-ef42-4b5f-b929-258c4df74eb0: shutdown server with port 44377 successfully
2019-11-14 17:37:15,222 [refreshUsed-/workdir/hadoop-ozone/integration-test/target/test-dir/MiniOzoneClusterImpl-22bbe08b-7feb-4e26-8434-b505ec12d921/datanode-7/data/containers] WARN  fs.CachingGetSpaceUsed (CachingGetSpaceUsed.java:run(183)) - Thread Interrupted waiting to refresh disk information: sleep interrupted
2019-11-14 17:37:15,237 [main] INFO  utils.BackgroundService (BackgroundService.java:shutdown(151)) - Shutting down service BlockDeletingService
2019-11-14 17:37:15,241 [main] INFO  statemachine.DatanodeStateMachine (DatanodeStateMachine.java:stopDaemon(395)) - Ozone container server stopped.
2019-11-14 17:37:15,243 [main] INFO  handler.ContextHandler (ContextHandler.java:doStop(910)) - Stopped o.e.j.w.WebAppContext@7b5b5bfe{/,null,UNAVAILABLE}{/hddsDatanode}
2019-11-14 17:37:15,244 [main] INFO  server.AbstractConnector (AbstractConnector.java:doStop(318)) - Stopped ServerConnector@74834afd{HTTP/1.1,[http/1.1]}{0.0.0.0:0}
2019-11-14 17:37:15,244 [main] INFO  handler.ContextHandler (ContextHandler.java:doStop(910)) - Stopped o.e.j.s.ServletContextHandler@399ca607{/static,jar:file:/home/user/.m2/repository/org/apache/hadoop/hadoop-hdds-container-service/0.5.0-SNAPSHOT/hadoop-hdds-container-service-0.5.0-SNAPSHOT.jar!/webapps/static,UNAVAILABLE}
2019-11-14 17:37:15,245 [main] INFO  handler.ContextHandler (ContextHandler.java:doStop(910)) - Stopped o.e.j.s.ServletContextHandler@4cffcc61{/logs,file:///workdir/hadoop-ozone/integration-test/target/log,UNAVAILABLE}
2019-11-14 17:37:15,246 [main] INFO  ozone.MiniOzoneClusterImpl (MiniOzoneClusterImpl.java:stopSCM(430)) - Stopping the StorageContainerManager
2019-11-14 17:37:15,247 [main] INFO  server.StorageContainerManager (StorageContainerManager.java:stop(804)) - Stopping Replication Manager Service.
2019-11-14 17:37:15,247 [main] INFO  container.ReplicationManager (ReplicationManager.java:stop(203)) - Stopping Replication Monitor Thread.
2019-11-14 17:37:15,247 [main] INFO  server.StorageContainerManager (StorageContainerManager.java:stop(811)) - Stopping Lease Manager of the command watchers
2019-11-14 17:37:15,247 [main] INFO  server.StorageContainerManager (StorageContainerManager.java:stop(818)) - Stopping datanode service RPC server
2019-11-14 17:37:15,248 [main] INFO  server.SCMDatanodeProtocolServer (SCMDatanodeProtocolServer.java:stop(346)) - Stopping the RPC server for DataNodes
2019-11-14 17:37:15,248 [main] INFO  ipc.Server (Server.java:stop(3082)) - Stopping server on 45518
2019-11-14 17:37:15,250 [IPC Server listener on 45518] INFO  ipc.Server (Server.java:run(1185)) - Stopping IPC Server listener on 45518
2019-11-14 17:37:15,251 [IPC Server Responder] INFO  ipc.Server (Server.java:run(1319)) - Stopping IPC Server Responder
2019-11-14 17:37:15,350 [SCM Heartbeat Processing Thread - 0] WARN  node.NodeStateManager (NodeStateManager.java:scheduleNextHealthCheck(646)) - Current Thread is interrupted, shutting down HB processing thread for Node Manager.
2019-11-14 17:37:15,350 [main] INFO  server.StorageContainerManager (StorageContainerManager.java:stop(826)) - Stopping block service RPC server
2019-11-14 17:37:15,351 [main] INFO  server.SCMBlockProtocolServer (SCMBlockProtocolServer.java:stop(155)) - Stopping the RPC server for Block Protocol
2019-11-14 17:37:15,351 [main] INFO  ipc.Server (Server.java:stop(3082)) - Stopping server on 38996
2019-11-14 17:37:15,352 [IPC Server listener on 38996] INFO  ipc.Server (Server.java:run(1185)) - Stopping IPC Server listener on 38996
2019-11-14 17:37:15,353 [main] INFO  server.StorageContainerManager (StorageContainerManager.java:stop(833)) - Stopping the StorageContainerLocationProtocol RPC server
2019-11-14 17:37:15,353 [IPC Server Responder] INFO  ipc.Server (Server.java:run(1319)) - Stopping IPC Server Responder
2019-11-14 17:37:15,354 [main] INFO  server.SCMClientProtocolServer (SCMClientProtocolServer.java:stop(169)) - Stopping the RPC server for Client Protocol
2019-11-14 17:37:15,354 [main] INFO  ipc.Server (Server.java:stop(3082)) - Stopping server on 46416
2019-11-14 17:37:15,356 [IPC Server listener on 46416] INFO  ipc.Server (Server.java:run(1185)) - Stopping IPC Server listener on 46416
2019-11-14 17:37:15,356 [main] INFO  server.StorageContainerManager (StorageContainerManager.java:stop(840)) - Stopping Storage Container Manager HTTP server.
2019-11-14 17:37:15,357 [IPC Server Responder] INFO  ipc.Server (Server.java:run(1319)) - Stopping IPC Server Responder
2019-11-14 17:37:15,359 [main] INFO  handler.ContextHandler (ContextHandler.java:doStop(910)) - Stopped o.e.j.w.WebAppContext@497b560e{/,null,UNAVAILABLE}{/scm}
2019-11-14 17:37:15,360 [main] INFO  server.AbstractConnector (AbstractConnector.java:doStop(318)) - Stopped ServerConnector@39ffda4a{HTTP/1.1,[http/1.1]}{0.0.0.0:0}
2019-11-14 17:37:15,360 [main] INFO  handler.ContextHandler (ContextHandler.java:doStop(910)) - Stopped o.e.j.s.ServletContextHandler@5d7399f9{/static,file:///workdir/hadoop-ozone/integration-test/target/test-classes/webapps/static,UNAVAILABLE}
2019-11-14 17:37:15,361 [main] INFO  handler.ContextHandler (ContextHandler.java:doStop(910)) - Stopped o.e.j.s.ServletContextHandler@67774e29{/logs,file:///workdir/hadoop-ozone/integration-test/target/log,UNAVAILABLE}
2019-11-14 17:37:15,362 [main] INFO  server.StorageContainerManager (StorageContainerManager.java:stop(851)) - Stopping Block Manager Service.
2019-11-14 17:37:15,362 [main] INFO  utils.BackgroundService (BackgroundService.java:shutdown(151)) - Shutting down service SCMBlockDeletingService
2019-11-14 17:37:15,363 [main] INFO  utils.BackgroundService (BackgroundService.java:shutdown(151)) - Shutting down service SCMBlockDeletingService
2019-11-14 17:37:15,363 [main] INFO  server.StorageContainerManager (StorageContainerManager.java:stop(873)) - Stopping SCM Event Queue.
2019-11-14 17:37:15,370 [main] INFO  impl.MetricsSystemImpl (MetricsSystemImpl.java:stop(210)) - Stopping HddsDatanode metrics system...
2019-11-14 17:37:15,382 [main] INFO  impl.MetricsSystemImpl (MetricsSystemImpl.java:stop(216)) - HddsDatanode metrics system stopped.
]]></system-out>
    <system-err><![CDATA[Nov 14, 2019 5:36:54 PM org.apache.ratis.thirdparty.io.grpc.internal.SerializingExecutor run
SEVERE: Exception while executing runnable org.apache.ratis.thirdparty.io.grpc.internal.ServerImpl$JumpToApplicationThreadServerStreamListener$1Closed@5562bb1d
org.apache.ratis.thirdparty.io.grpc.StatusRuntimeException: CANCELLED: call already cancelled
	at org.apache.ratis.thirdparty.io.grpc.Status.asRuntimeException(Status.java:517)
	at org.apache.ratis.thirdparty.io.grpc.stub.ServerCalls$ServerCallStreamObserverImpl.onCompleted(ServerCalls.java:356)
	at org.apache.ratis.grpc.server.GrpcServerProtocolService$ServerRequestStreamObserver.onError(GrpcServerProtocolService.java:121)
	at org.apache.ratis.thirdparty.io.grpc.stub.ServerCalls$StreamingServerCallHandler$StreamingServerCallListener.onCancel(ServerCalls.java:269)
	at org.apache.ratis.thirdparty.io.grpc.internal.ServerCallImpl$ServerStreamListenerImpl.closed(ServerCallImpl.java:293)
	at org.apache.ratis.thirdparty.io.grpc.internal.ServerImpl$JumpToApplicationThreadServerStreamListener$1Closed.runInContext(ServerImpl.java:741)
	at org.apache.ratis.thirdparty.io.grpc.internal.ContextRunnable.run(ContextRunnable.java:37)
	at org.apache.ratis.thirdparty.io.grpc.internal.SerializingExecutor.run(SerializingExecutor.java:123)
	at java.util.concurrent.ThreadPoolExecutor.runWorker(ThreadPoolExecutor.java:1149)
	at java.util.concurrent.ThreadPoolExecutor$Worker.run(ThreadPoolExecutor.java:624)
	at java.lang.Thread.run(Thread.java:748)

Nov 14, 2019 5:36:54 PM org.apache.ratis.thirdparty.io.grpc.internal.SerializingExecutor run
SEVERE: Exception while executing runnable org.apache.ratis.thirdparty.io.grpc.internal.ServerImpl$JumpToApplicationThreadServerStreamListener$1Closed@1e8ed6b8
org.apache.ratis.thirdparty.io.grpc.StatusRuntimeException: CANCELLED: call already cancelled
	at org.apache.ratis.thirdparty.io.grpc.Status.asRuntimeException(Status.java:517)
	at org.apache.ratis.thirdparty.io.grpc.stub.ServerCalls$ServerCallStreamObserverImpl.onCompleted(ServerCalls.java:356)
	at org.apache.ratis.grpc.server.GrpcServerProtocolService$ServerRequestStreamObserver.onError(GrpcServerProtocolService.java:121)
	at org.apache.ratis.thirdparty.io.grpc.stub.ServerCalls$StreamingServerCallHandler$StreamingServerCallListener.onCancel(ServerCalls.java:269)
	at org.apache.ratis.thirdparty.io.grpc.internal.ServerCallImpl$ServerStreamListenerImpl.closed(ServerCallImpl.java:293)
	at org.apache.ratis.thirdparty.io.grpc.internal.ServerImpl$JumpToApplicationThreadServerStreamListener$1Closed.runInContext(ServerImpl.java:741)
	at org.apache.ratis.thirdparty.io.grpc.internal.ContextRunnable.run(ContextRunnable.java:37)
	at org.apache.ratis.thirdparty.io.grpc.internal.SerializingExecutor.run(SerializingExecutor.java:123)
	at java.util.concurrent.ThreadPoolExecutor.runWorker(ThreadPoolExecutor.java:1149)
	at java.util.concurrent.ThreadPoolExecutor$Worker.run(ThreadPoolExecutor.java:624)
	at java.lang.Thread.run(Thread.java:748)

Nov 14, 2019 5:36:59 PM org.apache.ratis.thirdparty.io.grpc.internal.SerializingExecutor run
SEVERE: Exception while executing runnable org.apache.ratis.thirdparty.io.grpc.internal.ServerImpl$JumpToApplicationThreadServerStreamListener$1Closed@4662637b
org.apache.ratis.thirdparty.io.grpc.StatusRuntimeException: CANCELLED: call already cancelled
	at org.apache.ratis.thirdparty.io.grpc.Status.asRuntimeException(Status.java:517)
	at org.apache.ratis.thirdparty.io.grpc.stub.ServerCalls$ServerCallStreamObserverImpl.onCompleted(ServerCalls.java:356)
	at org.apache.ratis.grpc.server.GrpcServerProtocolService$ServerRequestStreamObserver.onError(GrpcServerProtocolService.java:121)
	at org.apache.ratis.thirdparty.io.grpc.stub.ServerCalls$StreamingServerCallHandler$StreamingServerCallListener.onCancel(ServerCalls.java:269)
	at org.apache.ratis.thirdparty.io.grpc.internal.ServerCallImpl$ServerStreamListenerImpl.closed(ServerCallImpl.java:293)
	at org.apache.ratis.thirdparty.io.grpc.internal.ServerImpl$JumpToApplicationThreadServerStreamListener$1Closed.runInContext(ServerImpl.java:741)
	at org.apache.ratis.thirdparty.io.grpc.internal.ContextRunnable.run(ContextRunnable.java:37)
	at org.apache.ratis.thirdparty.io.grpc.internal.SerializingExecutor.run(SerializingExecutor.java:123)
	at java.util.concurrent.ThreadPoolExecutor.runWorker(ThreadPoolExecutor.java:1149)
	at java.util.concurrent.ThreadPoolExecutor$Worker.run(ThreadPoolExecutor.java:624)
	at java.lang.Thread.run(Thread.java:748)

Nov 14, 2019 5:37:05 PM org.apache.ratis.thirdparty.io.grpc.internal.SerializingExecutor run
SEVERE: Exception while executing runnable org.apache.ratis.thirdparty.io.grpc.internal.ServerImpl$JumpToApplicationThreadServerStreamListener$1Closed@727ac081
org.apache.ratis.thirdparty.io.grpc.StatusRuntimeException: CANCELLED: call already cancelled
	at org.apache.ratis.thirdparty.io.grpc.Status.asRuntimeException(Status.java:517)
	at org.apache.ratis.thirdparty.io.grpc.stub.ServerCalls$ServerCallStreamObserverImpl.onCompleted(ServerCalls.java:356)
	at org.apache.ratis.grpc.server.GrpcServerProtocolService$ServerRequestStreamObserver.onError(GrpcServerProtocolService.java:121)
	at org.apache.ratis.thirdparty.io.grpc.stub.ServerCalls$StreamingServerCallHandler$StreamingServerCallListener.onCancel(ServerCalls.java:269)
	at org.apache.ratis.thirdparty.io.grpc.internal.ServerCallImpl$ServerStreamListenerImpl.closed(ServerCallImpl.java:293)
	at org.apache.ratis.thirdparty.io.grpc.internal.ServerImpl$JumpToApplicationThreadServerStreamListener$1Closed.runInContext(ServerImpl.java:741)
	at org.apache.ratis.thirdparty.io.grpc.internal.ContextRunnable.run(ContextRunnable.java:37)
	at org.apache.ratis.thirdparty.io.grpc.internal.SerializingExecutor.run(SerializingExecutor.java:123)
	at java.util.concurrent.ThreadPoolExecutor.runWorker(ThreadPoolExecutor.java:1149)
	at java.util.concurrent.ThreadPoolExecutor$Worker.run(ThreadPoolExecutor.java:624)
	at java.lang.Thread.run(Thread.java:748)

]]></system-err>
  </testcase>
  <testcase name="testWriteSmallFile" classname="org.apache.hadoop.ozone.client.rpc.TestFailureHandlingByClient" time="51.111"/>
  <testcase name="testBlockWritesWithDnFailures" classname="org.apache.hadoop.ozone.client.rpc.TestFailureHandlingByClient" time="56.627"/>
  <testcase name="testDatanodeExclusionWithMajorityCommit" classname="org.apache.hadoop.ozone.client.rpc.TestFailureHandlingByClient" time="40.81">
    <failure type="java.lang.AssertionError">java.lang.AssertionError
	at org.junit.Assert.fail(Assert.java:86)
	at org.junit.Assert.assertTrue(Assert.java:41)
	at org.junit.Assert.assertTrue(Assert.java:52)
	at org.apache.hadoop.ozone.client.rpc.TestFailureHandlingByClient.testDatanodeExclusionWithMajorityCommit(TestFailureHandlingByClient.java:318)
	at sun.reflect.NativeMethodAccessorImpl.invoke0(Native Method)
	at sun.reflect.NativeMethodAccessorImpl.invoke(NativeMethodAccessorImpl.java:62)
	at sun.reflect.DelegatingMethodAccessorImpl.invoke(DelegatingMethodAccessorImpl.java:43)
	at java.lang.reflect.Method.invoke(Method.java:498)
	at org.junit.runners.model.FrameworkMethod$1.runReflectiveCall(FrameworkMethod.java:47)
	at org.junit.internal.runners.model.ReflectiveCallable.run(ReflectiveCallable.java:12)
	at org.junit.runners.model.FrameworkMethod.invokeExplosively(FrameworkMethod.java:44)
	at org.junit.internal.runners.statements.InvokeMethod.evaluate(InvokeMethod.java:17)
	at org.junit.internal.runners.statements.RunAfters.evaluate(RunAfters.java:27)
	at org.junit.runners.ParentRunner.runLeaf(ParentRunner.java:271)
	at org.junit.runners.BlockJUnit4ClassRunner.runChild(BlockJUnit4ClassRunner.java:70)
	at org.junit.runners.BlockJUnit4ClassRunner.runChild(BlockJUnit4ClassRunner.java:50)
	at org.junit.runners.ParentRunner$3.run(ParentRunner.java:238)
	at org.junit.runners.ParentRunner$1.schedule(ParentRunner.java:63)
	at org.junit.runners.ParentRunner.runChildren(ParentRunner.java:236)
	at org.junit.runners.ParentRunner.access$000(ParentRunner.java:53)
	at org.junit.runners.ParentRunner$2.evaluate(ParentRunner.java:229)
	at org.junit.runners.ParentRunner.run(ParentRunner.java:309)
	at org.apache.maven.surefire.junit4.JUnit4Provider.execute(JUnit4Provider.java:365)
	at org.apache.maven.surefire.junit4.JUnit4Provider.executeWithRerun(JUnit4Provider.java:273)
	at org.apache.maven.surefire.junit4.JUnit4Provider.executeTestSet(JUnit4Provider.java:238)
	at org.apache.maven.surefire.junit4.JUnit4Provider.invoke(JUnit4Provider.java:159)
	at org.apache.maven.surefire.booter.ForkedBooter.invokeProviderInSameClassLoader(ForkedBooter.java:384)
	at org.apache.maven.surefire.booter.ForkedBooter.runSuitesInProcess(ForkedBooter.java:345)
	at org.apache.maven.surefire.booter.ForkedBooter.execute(ForkedBooter.java:126)
	at org.apache.maven.surefire.booter.ForkedBooter.main(ForkedBooter.java:418)
</failure>
    <system-out><![CDATA[2019-11-14 17:39:03,188 [main] WARN  server.ServerUtils (ServerUtils.java:getScmDbDir(145)) - ozone.scm.db.dirs is not configured. We recommend adding this setting. Falling back to ozone.metadata.dirs instead.
2019-11-14 17:39:03,231 [main] WARN  server.ServerUtils (ServerUtils.java:getScmDbDir(145)) - ozone.scm.db.dirs is not configured. We recommend adding this setting. Falling back to ozone.metadata.dirs instead.
2019-11-14 17:39:03,232 [main] WARN  server.ServerUtils (ServerUtils.java:getScmDbDir(145)) - ozone.scm.db.dirs is not configured. We recommend adding this setting. Falling back to ozone.metadata.dirs instead.
2019-11-14 17:39:03,233 [main] INFO  db.DBStoreBuilder (DBStoreBuilder.java:addTable(127)) - using custom profile for table: deletedBlocks
2019-11-14 17:39:03,233 [main] INFO  db.DBStoreBuilder (DBStoreBuilder.java:processTables(183)) - Using default column profile:DBProfile.DISK for Table:deletedBlocks
2019-11-14 17:39:03,234 [main] INFO  db.DBStoreBuilder (DBStoreBuilder.java:addTable(127)) - using custom profile for table: validCerts
2019-11-14 17:39:03,234 [main] INFO  db.DBStoreBuilder (DBStoreBuilder.java:processTables(183)) - Using default column profile:DBProfile.DISK for Table:validCerts
2019-11-14 17:39:03,234 [main] INFO  db.DBStoreBuilder (DBStoreBuilder.java:addTable(127)) - using custom profile for table: revokedCerts
2019-11-14 17:39:03,234 [main] INFO  db.DBStoreBuilder (DBStoreBuilder.java:processTables(183)) - Using default column profile:DBProfile.DISK for Table:revokedCerts
2019-11-14 17:39:03,235 [main] INFO  db.DBStoreBuilder (DBStoreBuilder.java:addTable(127)) - using custom profile for table: default
2019-11-14 17:39:03,235 [main] INFO  db.DBStoreBuilder (DBStoreBuilder.java:processTables(189)) - Using default column profile:DBProfile.DISK for Table:default
2019-11-14 17:39:03,235 [main] INFO  db.DBStoreBuilder (DBStoreBuilder.java:getDbProfile(220)) - Using default options. DBProfile.DISK
2019-11-14 17:39:03,509 [main] INFO  net.NodeSchemaLoader (NodeSchemaLoader.java:loadSchemaFromFile(125)) - Loading file from sun.misc.CompoundEnumeration@43c7fe8a
2019-11-14 17:39:03,509 [main] INFO  net.NodeSchemaLoader (NodeSchemaLoader.java:loadSchema(171)) - Loading network topology layer schema file
2019-11-14 17:39:03,515 [main] INFO  node.SCMNodeManager (SCMNodeManager.java:<init>(116)) - Entering startup safe mode.
2019-11-14 17:39:03,516 [main] INFO  algorithms.ContainerPlacementPolicyFactory (ContainerPlacementPolicyFactory.java:getPolicy(57)) - Create container placement policy of type org.apache.hadoop.hdds.scm.container.placement.algorithms.SCMContainerPlacementRandom
2019-11-14 17:39:03,516 [main] WARN  server.ServerUtils (ServerUtils.java:getScmDbDir(145)) - ozone.scm.db.dirs is not configured. We recommend adding this setting. Falling back to ozone.metadata.dirs instead.
2019-11-14 17:39:03,617 [main] INFO  pipeline.SCMPipelineManager (SCMPipelineManager.java:initializePipelineState(132)) - No pipeline exists in current db
2019-11-14 17:39:03,617 [main] WARN  server.ServerUtils (ServerUtils.java:getScmDbDir(145)) - ozone.scm.db.dirs is not configured. We recommend adding this setting. Falling back to ozone.metadata.dirs instead.
2019-11-14 17:39:03,719 [main] WARN  events.EventQueue (EventQueue.java:fireEvent(183)) - No event handler registered for event TypedEvent{payloadType=SafeModeStatus, name='SafeModeStatus'}
2019-11-14 17:39:03,721 [main] INFO  ipc.CallQueueManager (CallQueueManager.java:<init>(84)) - Using callQueue: class java.util.concurrent.LinkedBlockingQueue, queueCapacity: 2000, scheduler: class org.apache.hadoop.ipc.DefaultRpcScheduler, ipcBackoff: false.
2019-11-14 17:39:03,722 [Socket Reader #1 for port 35323] INFO  ipc.Server (Server.java:run(1074)) - Starting Socket Reader #1 for port 35323
2019-11-14 17:39:03,724 [main] INFO  ipc.CallQueueManager (CallQueueManager.java:<init>(84)) - Using callQueue: class java.util.concurrent.LinkedBlockingQueue, queueCapacity: 2000, scheduler: class org.apache.hadoop.ipc.DefaultRpcScheduler, ipcBackoff: false.
2019-11-14 17:39:03,724 [Socket Reader #1 for port 42351] INFO  ipc.Server (Server.java:run(1074)) - Starting Socket Reader #1 for port 42351
2019-11-14 17:39:03,726 [main] INFO  ipc.CallQueueManager (CallQueueManager.java:<init>(84)) - Using callQueue: class java.util.concurrent.LinkedBlockingQueue, queueCapacity: 2000, scheduler: class org.apache.hadoop.ipc.DefaultRpcScheduler, ipcBackoff: false.
2019-11-14 17:39:03,727 [Socket Reader #1 for port 36783] INFO  ipc.Server (Server.java:run(1074)) - Starting Socket Reader #1 for port 36783
2019-11-14 17:39:03,730 [main] INFO  hdfs.DFSUtil (DFSUtil.java:httpServerTemplateForNNAndJN(1641)) - Starting Web-server for scm at: http://0.0.0.0:0
2019-11-14 17:39:03,733 [main] INFO  server.AuthenticationFilter (AuthenticationFilter.java:constructSecretProvider(240)) - Unable to initialize FileSignerSecretProvider, falling back to use random secrets.
2019-11-14 17:39:03,733 [main] WARN  http.HttpRequestLog (HttpRequestLog.java:getRequestLog(97)) - Jetty request log can only be enabled using Log4j
2019-11-14 17:39:03,736 [main] INFO  http.HttpServer2 (HttpServer2.java:addGlobalFilter(975)) - Added global filter 'safety' (class=org.apache.hadoop.http.HttpServer2$QuotingInputFilter)
2019-11-14 17:39:03,736 [main] INFO  http.HttpServer2 (HttpServer2.java:addFilter(948)) - Added filter static_user_filter (class=org.apache.hadoop.http.lib.StaticUserWebFilter$StaticUserFilter) to context scm
2019-11-14 17:39:03,737 [main] INFO  http.HttpServer2 (HttpServer2.java:addFilter(958)) - Added filter static_user_filter (class=org.apache.hadoop.http.lib.StaticUserWebFilter$StaticUserFilter) to context static
2019-11-14 17:39:03,737 [main] INFO  http.HttpServer2 (HttpServer2.java:addFilter(958)) - Added filter static_user_filter (class=org.apache.hadoop.http.lib.StaticUserWebFilter$StaticUserFilter) to context logs
2019-11-14 17:39:03,739 [main] INFO  server.StorageContainerManager (StorageContainerManager.java:start(766)) - StorageContainerLocationProtocol RPC server is listening at /0.0.0.0:36783
2019-11-14 17:39:03,742 [main] WARN  impl.MetricsConfig (MetricsConfig.java:loadFirst(134)) - Cannot locate configuration: tried hadoop-metrics2-storagecontainermanager.properties,hadoop-metrics2.properties
2019-11-14 17:39:03,743 [main] INFO  impl.MetricsSystemImpl (MetricsSystemImpl.java:startTimer(374)) - Scheduled Metric snapshot period at 10 second(s).
2019-11-14 17:39:03,743 [main] INFO  impl.MetricsSystemImpl (MetricsSystemImpl.java:start(191)) - StorageContainerManager metrics system started
2019-11-14 17:39:03,795 [main] WARN  impl.MetricsSystemImpl (MetricsSystemImpl.java:register(276)) - Sink prometheus already exists!
2019-11-14 17:39:03,842 [main] INFO  server.SCMClientProtocolServer (SCMClientProtocolServer.java:start(160)) - RPC server for Client  is listening at /0.0.0.0:36783
2019-11-14 17:39:03,842 [IPC Server Responder] INFO  ipc.Server (Server.java:run(1314)) - IPC Server Responder: starting
2019-11-14 17:39:03,843 [IPC Server listener on 36783] INFO  ipc.Server (Server.java:run(1153)) - IPC Server listener on 36783: starting
2019-11-14 17:39:03,847 [main] INFO  server.StorageContainerManager (StorageContainerManager.java:start(776)) - ScmBlockLocationProtocol RPC server is listening at /0.0.0.0:42351
2019-11-14 17:39:03,847 [main] INFO  server.SCMBlockProtocolServer (SCMBlockProtocolServer.java:start(146)) - RPC server for Block Protocol is listening at /0.0.0.0:42351
2019-11-14 17:39:03,847 [IPC Server Responder] INFO  ipc.Server (Server.java:run(1314)) - IPC Server Responder: starting
2019-11-14 17:39:03,848 [IPC Server listener on 42351] INFO  ipc.Server (Server.java:run(1153)) - IPC Server listener on 42351: starting
2019-11-14 17:39:03,851 [main] INFO  server.StorageContainerManager (StorageContainerManager.java:start(780)) - ScmDatanodeProtocl RPC server is listening at /0.0.0.0:35323
2019-11-14 17:39:03,851 [main] INFO  server.SCMDatanodeProtocolServer (SCMDatanodeProtocolServer.java:start(169)) - RPC server for DataNodes is listening at /0.0.0.0:35323
2019-11-14 17:39:03,852 [IPC Server Responder] INFO  ipc.Server (Server.java:run(1314)) - IPC Server Responder: starting
2019-11-14 17:39:03,852 [IPC Server listener on 35323] INFO  ipc.Server (Server.java:run(1153)) - IPC Server listener on 35323: starting
2019-11-14 17:39:03,856 [main] INFO  http.HttpServer2 (HttpServer2.java:bindListener(1191)) - Jetty bound to port 43136
2019-11-14 17:39:03,856 [main] INFO  server.Server (Server.java:doStart(351)) - jetty-9.3.25.v20180904, build timestamp: 2018-09-04T21:11:46Z, git hash: 3ce520221d0240229c862b122d2b06c12a625732
2019-11-14 17:39:03,858 [main] INFO  handler.ContextHandler (ContextHandler.java:doStart(781)) - Started o.e.j.s.ServletContextHandler@d87d449{/logs,file:///workdir/hadoop-ozone/integration-test/target/log,AVAILABLE}
2019-11-14 17:39:03,858 [main] INFO  handler.ContextHandler (ContextHandler.java:doStart(781)) - Started o.e.j.s.ServletContextHandler@1df9186f{/static,file:///workdir/hadoop-ozone/integration-test/target/test-classes/webapps/static,AVAILABLE}
2019-11-14 17:39:03,862 [main] INFO  handler.ContextHandler (ContextHandler.java:doStart(781)) - Started o.e.j.w.WebAppContext@6c4ce583{/,file:///workdir/hadoop-ozone/integration-test/target/test-classes/webapps/scm/,AVAILABLE}{/scm}
2019-11-14 17:39:03,862 [main] INFO  server.AbstractConnector (AbstractConnector.java:doStart(278)) - Started ServerConnector@755b5f30{HTTP/1.1,[http/1.1]}{0.0.0.0:43136}
2019-11-14 17:39:03,862 [main] INFO  server.Server (Server.java:doStart(419)) - Started @202898ms
2019-11-14 17:39:03,863 [main] WARN  impl.MetricsSystemImpl (MetricsSystemImpl.java:register(276)) - Sink prometheus already exists!
2019-11-14 17:39:03,864 [main] INFO  server.BaseHttpServer (BaseHttpServer.java:updateConnectorAddress(215)) - HTTP server of SCM is listening at http://0.0.0.0:43136
2019-11-14 17:39:03,864 [main] WARN  server.ServerUtils (ServerUtils.java:getDBPath(222)) - ozone.om.db.dirs is not configured. We recommend adding this setting. Falling back to ozone.metadata.dirs instead.
2019-11-14 17:39:03,865 [org.apache.hadoop.util.JvmPauseMonitor$Monitor@272778ae] INFO  util.JvmPauseMonitor (JvmPauseMonitor.java:run(188)) - Starting JVM pause monitor
2019-11-14 17:39:03,886 [main] INFO  ha.OMHANodeDetails (OMHANodeDetails.java:loadOMHAConfig(190)) - Configuration either no ozone.om.address set. Falling back to the default OM address /127.0.0.1:0
2019-11-14 17:39:03,887 [main] INFO  ha.OMHANodeDetails (OMHANodeDetails.java:getOMNodeDetails(220)) - OM Service ID is not set. Setting it to the default ID: omServiceIdDefault
2019-11-14 17:39:03,887 [main] WARN  server.ServerUtils (ServerUtils.java:getDBPath(222)) - ozone.om.db.dirs is not configured. We recommend adding this setting. Falling back to ozone.metadata.dirs instead.
2019-11-14 17:39:03,887 [main] WARN  server.ServerUtils (ServerUtils.java:getDBPath(222)) - ozone.om.db.dirs is not configured. We recommend adding this setting. Falling back to ozone.metadata.dirs instead.
2019-11-14 17:39:03,894 [main] WARN  server.ServerUtils (ServerUtils.java:getDBPath(222)) - ozone.om.db.dirs is not configured. We recommend adding this setting. Falling back to ozone.metadata.dirs instead.
2019-11-14 17:39:03,894 [main] INFO  db.DBStoreBuilder (DBStoreBuilder.java:addTable(127)) - using custom profile for table: userTable
2019-11-14 17:39:03,894 [main] INFO  db.DBStoreBuilder (DBStoreBuilder.java:processTables(183)) - Using default column profile:DBProfile.DISK for Table:userTable
2019-11-14 17:39:03,894 [main] INFO  db.DBStoreBuilder (DBStoreBuilder.java:addTable(127)) - using custom profile for table: volumeTable
2019-11-14 17:39:03,895 [main] INFO  db.DBStoreBuilder (DBStoreBuilder.java:processTables(183)) - Using default column profile:DBProfile.DISK for Table:volumeTable
2019-11-14 17:39:03,895 [main] INFO  db.DBStoreBuilder (DBStoreBuilder.java:addTable(127)) - using custom profile for table: bucketTable
2019-11-14 17:39:03,895 [main] INFO  db.DBStoreBuilder (DBStoreBuilder.java:processTables(183)) - Using default column profile:DBProfile.DISK for Table:bucketTable
2019-11-14 17:39:03,895 [main] INFO  db.DBStoreBuilder (DBStoreBuilder.java:addTable(127)) - using custom profile for table: keyTable
2019-11-14 17:39:03,895 [main] INFO  db.DBStoreBuilder (DBStoreBuilder.java:processTables(183)) - Using default column profile:DBProfile.DISK for Table:keyTable
2019-11-14 17:39:03,895 [main] INFO  db.DBStoreBuilder (DBStoreBuilder.java:addTable(127)) - using custom profile for table: deletedTable
2019-11-14 17:39:03,895 [main] INFO  db.DBStoreBuilder (DBStoreBuilder.java:processTables(183)) - Using default column profile:DBProfile.DISK for Table:deletedTable
2019-11-14 17:39:03,896 [main] INFO  db.DBStoreBuilder (DBStoreBuilder.java:addTable(127)) - using custom profile for table: openKeyTable
2019-11-14 17:39:03,896 [main] INFO  db.DBStoreBuilder (DBStoreBuilder.java:processTables(183)) - Using default column profile:DBProfile.DISK for Table:openKeyTable
2019-11-14 17:39:03,896 [main] INFO  db.DBStoreBuilder (DBStoreBuilder.java:addTable(127)) - using custom profile for table: s3Table
2019-11-14 17:39:03,896 [main] INFO  db.DBStoreBuilder (DBStoreBuilder.java:processTables(183)) - Using default column profile:DBProfile.DISK for Table:s3Table
2019-11-14 17:39:03,896 [main] INFO  db.DBStoreBuilder (DBStoreBuilder.java:addTable(127)) - using custom profile for table: multipartInfoTable
2019-11-14 17:39:03,896 [main] INFO  db.DBStoreBuilder (DBStoreBuilder.java:processTables(183)) - Using default column profile:DBProfile.DISK for Table:multipartInfoTable
2019-11-14 17:39:03,896 [main] INFO  db.DBStoreBuilder (DBStoreBuilder.java:addTable(127)) - using custom profile for table: dTokenTable
2019-11-14 17:39:03,897 [main] INFO  db.DBStoreBuilder (DBStoreBuilder.java:processTables(183)) - Using default column profile:DBProfile.DISK for Table:dTokenTable
2019-11-14 17:39:03,897 [main] INFO  db.DBStoreBuilder (DBStoreBuilder.java:addTable(127)) - using custom profile for table: s3SecretTable
2019-11-14 17:39:03,897 [main] INFO  db.DBStoreBuilder (DBStoreBuilder.java:processTables(183)) - Using default column profile:DBProfile.DISK for Table:s3SecretTable
2019-11-14 17:39:03,897 [main] INFO  db.DBStoreBuilder (DBStoreBuilder.java:addTable(127)) - using custom profile for table: prefixTable
2019-11-14 17:39:03,897 [main] INFO  db.DBStoreBuilder (DBStoreBuilder.java:processTables(183)) - Using default column profile:DBProfile.DISK for Table:prefixTable
2019-11-14 17:39:03,897 [main] INFO  db.DBStoreBuilder (DBStoreBuilder.java:addTable(127)) - using custom profile for table: default
2019-11-14 17:39:03,897 [main] INFO  db.DBStoreBuilder (DBStoreBuilder.java:processTables(189)) - Using default column profile:DBProfile.DISK for Table:default
2019-11-14 17:39:03,898 [main] INFO  db.DBStoreBuilder (DBStoreBuilder.java:getDbProfile(220)) - Using default options. DBProfile.DISK
2019-11-14 17:39:04,510 [main] INFO  ipc.CallQueueManager (CallQueueManager.java:<init>(84)) - Using callQueue: class java.util.concurrent.LinkedBlockingQueue, queueCapacity: 2000, scheduler: class org.apache.hadoop.ipc.DefaultRpcScheduler, ipcBackoff: false.
2019-11-14 17:39:04,511 [Socket Reader #1 for port 37932] INFO  ipc.Server (Server.java:run(1074)) - Starting Socket Reader #1 for port 37932
2019-11-14 17:39:04,527 [main] INFO  om.OzoneManager (OzoneManager.java:start(1077)) - OzoneManager RPC server is listening at localhost/127.0.0.1:37932
2019-11-14 17:39:04,527 [main] INFO  impl.MetricsSystemImpl (MetricsSystemImpl.java:init(158)) - OzoneManager metrics system started (again)
2019-11-14 17:39:04,528 [IPC Server Responder] INFO  ipc.Server (Server.java:run(1314)) - IPC Server Responder: starting
2019-11-14 17:39:04,529 [IPC Server listener on 37932] INFO  ipc.Server (Server.java:run(1153)) - IPC Server listener on 37932: starting
2019-11-14 17:39:04,535 [main] INFO  hdfs.DFSUtil (DFSUtil.java:httpServerTemplateForNNAndJN(1641)) - Starting Web-server for ozoneManager at: http://0.0.0.0:0
2019-11-14 17:39:04,537 [main] INFO  server.AuthenticationFilter (AuthenticationFilter.java:constructSecretProvider(240)) - Unable to initialize FileSignerSecretProvider, falling back to use random secrets.
2019-11-14 17:39:04,537 [main] WARN  http.HttpRequestLog (HttpRequestLog.java:getRequestLog(97)) - Jetty request log can only be enabled using Log4j
2019-11-14 17:39:04,539 [main] INFO  http.HttpServer2 (HttpServer2.java:addGlobalFilter(975)) - Added global filter 'safety' (class=org.apache.hadoop.http.HttpServer2$QuotingInputFilter)
2019-11-14 17:39:04,539 [main] INFO  http.HttpServer2 (HttpServer2.java:addFilter(948)) - Added filter static_user_filter (class=org.apache.hadoop.http.lib.StaticUserWebFilter$StaticUserFilter) to context ozoneManager
2019-11-14 17:39:04,539 [main] INFO  http.HttpServer2 (HttpServer2.java:addFilter(958)) - Added filter static_user_filter (class=org.apache.hadoop.http.lib.StaticUserWebFilter$StaticUserFilter) to context static
2019-11-14 17:39:04,540 [main] INFO  http.HttpServer2 (HttpServer2.java:addFilter(958)) - Added filter static_user_filter (class=org.apache.hadoop.http.lib.StaticUserWebFilter$StaticUserFilter) to context logs
2019-11-14 17:39:04,540 [main] INFO  http.HttpServer2 (HttpServer2.java:bindListener(1191)) - Jetty bound to port 43074
2019-11-14 17:39:04,541 [main] INFO  server.Server (Server.java:doStart(351)) - jetty-9.3.25.v20180904, build timestamp: 2018-09-04T21:11:46Z, git hash: 3ce520221d0240229c862b122d2b06c12a625732
2019-11-14 17:39:04,542 [main] INFO  handler.ContextHandler (ContextHandler.java:doStart(781)) - Started o.e.j.s.ServletContextHandler@584ca390{/logs,file:///workdir/hadoop-ozone/integration-test/target/log,AVAILABLE}
2019-11-14 17:39:04,543 [main] INFO  handler.ContextHandler (ContextHandler.java:doStart(781)) - Started o.e.j.s.ServletContextHandler@37d3e140{/static,file:///workdir/hadoop-ozone/integration-test/target/test-classes/webapps/static,AVAILABLE}
2019-11-14 17:39:04,547 [main] INFO  handler.ContextHandler (ContextHandler.java:doStart(781)) - Started o.e.j.w.WebAppContext@2d206a71{/,file:///workdir/hadoop-ozone/integration-test/target/test-classes/webapps/ozoneManager/,AVAILABLE}{/ozoneManager}
2019-11-14 17:39:04,547 [main] INFO  server.AbstractConnector (AbstractConnector.java:doStart(278)) - Started ServerConnector@37e7c4cc{HTTP/1.1,[http/1.1]}{0.0.0.0:43074}
2019-11-14 17:39:04,547 [main] INFO  server.Server (Server.java:doStart(419)) - Started @203584ms
2019-11-14 17:39:04,548 [main] WARN  impl.MetricsSystemImpl (MetricsSystemImpl.java:register(276)) - Sink prometheus already exists!
2019-11-14 17:39:04,549 [main] INFO  server.BaseHttpServer (BaseHttpServer.java:updateConnectorAddress(215)) - HTTP server of OZONEMANAGER is listening at http://0.0.0.0:43074
2019-11-14 17:39:04,571 [main] INFO  impl.MetricsSystemImpl (MetricsSystemImpl.java:init(158)) - HddsDatanode metrics system started (again)
2019-11-14 17:39:04,573 [main] INFO  ozone.HddsDatanodeService (HddsDatanodeService.java:start(186)) - HddsDatanodeService host:pr-hdds-2482-j87dr-2776293630 ip:192.168.157.194
2019-11-14 17:39:04,582 [main] INFO  volume.HddsVolume (HddsVolume.java:<init>(176)) - Creating Volume: /workdir/hadoop-ozone/integration-test/target/test-dir/MiniOzoneClusterImpl-76142843-c060-4c87-bf9f-3caeb3385afc/datanode-0/data/containers/hdds of  storage type : DISK and capacity : 1482555576320
2019-11-14 17:39:04,582 [main] INFO  volume.VolumeSet (VolumeSet.java:initializeVolumeSet(170)) - Added Volume : /workdir/hadoop-ozone/integration-test/target/test-dir/MiniOzoneClusterImpl-76142843-c060-4c87-bf9f-3caeb3385afc/datanode-0/data/containers/hdds to VolumeSet
2019-11-14 17:39:04,582 [main] INFO  volume.ThrottledAsyncChecker (ThrottledAsyncChecker.java:schedule(141)) - Scheduling a check for /workdir/hadoop-ozone/integration-test/target/test-dir/MiniOzoneClusterImpl-76142843-c060-4c87-bf9f-3caeb3385afc/datanode-0/data/containers/hdds
2019-11-14 17:39:04,583 [main] INFO  volume.HddsVolumeChecker (HddsVolumeChecker.java:checkAllVolumes(204)) - Scheduled health check for volume /workdir/hadoop-ozone/integration-test/target/test-dir/MiniOzoneClusterImpl-76142843-c060-4c87-bf9f-3caeb3385afc/datanode-0/data/containers/hdds
2019-11-14 17:39:04,597 [main] INFO  impl.RaftServerProxy (ConfUtils.java:logGet(43)) - raft.rpc.type = GRPC (default)
2019-11-14 17:39:04,597 [main] INFO  grpc.GrpcFactory (GrpcFactory.java:checkPooledByteBufAllocatorUseCacheForAllThreads(45)) - PERFORMANCE WARNING: useCacheForAllThreads is true that may cause Netty to create a lot garbage objects and, as a result, trigger GC.
	It is recommended to disable useCacheForAllThreads by setting -Dorg.apache.ratis.thirdparty.io.netty.allocator.useCacheForAllThreads=false in command line.
2019-11-14 17:39:04,597 [main] INFO  grpc.GrpcConfigKeys$Server (ConfUtils.java:logGet(43)) - raft.grpc.server.port = 0 (default)
2019-11-14 17:39:04,598 [main] INFO  server.GrpcService (ConfUtils.java:logGet(43)) - raft.grpc.message.size.max = 33570816 (custom)
2019-11-14 17:39:04,598 [main] INFO  server.RaftServerConfigKeys (ConfUtils.java:logGet(43)) - raft.server.log.appender.buffer.byte-limit = 33554432 (custom)
2019-11-14 17:39:04,598 [main] INFO  server.GrpcService (ConfUtils.java:logGet(43)) - raft.grpc.flow.control.window = 1MB (=1048576) (default)
2019-11-14 17:39:04,598 [main] INFO  server.RaftServerConfigKeys (ConfUtils.java:logGet(43)) - raft.server.rpc.request.timeout = 3000ms (default)
2019-11-14 17:39:04,599 [main] INFO  server.RaftServerConfigKeys (ConfUtils.java:logGet(43)) - raft.server.storage.dir = [/workdir/hadoop-ozone/integration-test/target/test-dir/MiniOzoneClusterImpl-76142843-c060-4c87-bf9f-3caeb3385afc/datanode-0/data/ratis] (custom)
2019-11-14 17:39:04,600 [main] INFO  hdfs.DFSUtil (DFSUtil.java:httpServerTemplateForNNAndJN(1641)) - Starting Web-server for hddsDatanode at: http://0.0.0.0:0
2019-11-14 17:39:04,602 [main] INFO  server.AuthenticationFilter (AuthenticationFilter.java:constructSecretProvider(240)) - Unable to initialize FileSignerSecretProvider, falling back to use random secrets.
2019-11-14 17:39:04,603 [main] WARN  http.HttpRequestLog (HttpRequestLog.java:getRequestLog(97)) - Jetty request log can only be enabled using Log4j
2019-11-14 17:39:04,605 [main] INFO  http.HttpServer2 (HttpServer2.java:addGlobalFilter(975)) - Added global filter 'safety' (class=org.apache.hadoop.http.HttpServer2$QuotingInputFilter)
2019-11-14 17:39:04,606 [main] INFO  http.HttpServer2 (HttpServer2.java:addFilter(948)) - Added filter static_user_filter (class=org.apache.hadoop.http.lib.StaticUserWebFilter$StaticUserFilter) to context hddsDatanode
2019-11-14 17:39:04,606 [main] INFO  http.HttpServer2 (HttpServer2.java:addFilter(958)) - Added filter static_user_filter (class=org.apache.hadoop.http.lib.StaticUserWebFilter$StaticUserFilter) to context static
2019-11-14 17:39:04,606 [main] INFO  http.HttpServer2 (HttpServer2.java:addFilter(958)) - Added filter static_user_filter (class=org.apache.hadoop.http.lib.StaticUserWebFilter$StaticUserFilter) to context logs
2019-11-14 17:39:04,607 [main] INFO  http.HttpServer2 (HttpServer2.java:bindListener(1191)) - Jetty bound to port 34411
2019-11-14 17:39:04,607 [main] INFO  server.Server (Server.java:doStart(351)) - jetty-9.3.25.v20180904, build timestamp: 2018-09-04T21:11:46Z, git hash: 3ce520221d0240229c862b122d2b06c12a625732
2019-11-14 17:39:04,609 [main] INFO  handler.ContextHandler (ContextHandler.java:doStart(781)) - Started o.e.j.s.ServletContextHandler@4bc9ca97{/logs,file:///workdir/hadoop-ozone/integration-test/target/log,AVAILABLE}
2019-11-14 17:39:04,610 [main] INFO  handler.ContextHandler (ContextHandler.java:doStart(781)) - Started o.e.j.s.ServletContextHandler@147cc940{/static,jar:file:/home/user/.m2/repository/org/apache/hadoop/hadoop-hdds-container-service/0.5.0-SNAPSHOT/hadoop-hdds-container-service-0.5.0-SNAPSHOT.jar!/webapps/static,AVAILABLE}
2019-11-14 17:39:04,655 [main] INFO  handler.ContextHandler (ContextHandler.java:doStart(781)) - Started o.e.j.w.WebAppContext@47187f50{/,file:///tmp/jetty-0.0.0.0-34411-hddsDatanode-_-any-3213654671757377865.dir/webapp/,AVAILABLE}{/hddsDatanode}
2019-11-14 17:39:04,655 [main] INFO  server.AbstractConnector (AbstractConnector.java:doStart(278)) - Started ServerConnector@78116659{HTTP/1.1,[http/1.1]}{0.0.0.0:34411}
2019-11-14 17:39:04,656 [main] INFO  server.Server (Server.java:doStart(419)) - Started @203692ms
2019-11-14 17:39:04,656 [main] WARN  impl.MetricsSystemImpl (MetricsSystemImpl.java:register(276)) - Sink prometheus already exists!
2019-11-14 17:39:04,658 [main] INFO  server.BaseHttpServer (BaseHttpServer.java:updateConnectorAddress(215)) - HTTP server of HDDSDATANODE is listening at http://0.0.0.0:34411
2019-11-14 17:39:04,658 [main] INFO  impl.MetricsSystemImpl (MetricsSystemImpl.java:init(158)) - HddsDatanode metrics system started (again)
2019-11-14 17:39:04,661 [org.apache.hadoop.util.JvmPauseMonitor$Monitor@6746af22] INFO  util.JvmPauseMonitor (JvmPauseMonitor.java:run(188)) - Starting JVM pause monitor
2019-11-14 17:39:04,661 [main] INFO  ozone.HddsDatanodeService (HddsDatanodeService.java:start(186)) - HddsDatanodeService host:pr-hdds-2482-j87dr-2776293630 ip:192.168.157.194
2019-11-14 17:39:04,663 [Datanode State Machine Thread - 0] INFO  datanode.InitDatanodeState (InitDatanodeState.java:persistContainerDatanodeDetails(140)) - DatanodeDetails is persisted to /workdir/hadoop-ozone/integration-test/target/test-dir/MiniOzoneClusterImpl-76142843-c060-4c87-bf9f-3caeb3385afc/datanode-0/meta/datanode.id
2019-11-14 17:39:04,668 [main] INFO  volume.HddsVolume (HddsVolume.java:<init>(176)) - Creating Volume: /workdir/hadoop-ozone/integration-test/target/test-dir/MiniOzoneClusterImpl-76142843-c060-4c87-bf9f-3caeb3385afc/datanode-1/data/containers/hdds of  storage type : DISK and capacity : 1482555576320
2019-11-14 17:39:04,669 [main] INFO  volume.VolumeSet (VolumeSet.java:initializeVolumeSet(170)) - Added Volume : /workdir/hadoop-ozone/integration-test/target/test-dir/MiniOzoneClusterImpl-76142843-c060-4c87-bf9f-3caeb3385afc/datanode-1/data/containers/hdds to VolumeSet
2019-11-14 17:39:04,669 [main] INFO  volume.ThrottledAsyncChecker (ThrottledAsyncChecker.java:schedule(141)) - Scheduling a check for /workdir/hadoop-ozone/integration-test/target/test-dir/MiniOzoneClusterImpl-76142843-c060-4c87-bf9f-3caeb3385afc/datanode-1/data/containers/hdds
2019-11-14 17:39:04,670 [main] INFO  volume.HddsVolumeChecker (HddsVolumeChecker.java:checkAllVolumes(204)) - Scheduled health check for volume /workdir/hadoop-ozone/integration-test/target/test-dir/MiniOzoneClusterImpl-76142843-c060-4c87-bf9f-3caeb3385afc/datanode-1/data/containers/hdds
2019-11-14 17:39:04,687 [main] INFO  impl.RaftServerProxy (ConfUtils.java:logGet(43)) - raft.rpc.type = GRPC (default)
2019-11-14 17:39:04,687 [main] INFO  grpc.GrpcFactory (GrpcFactory.java:checkPooledByteBufAllocatorUseCacheForAllThreads(45)) - PERFORMANCE WARNING: useCacheForAllThreads is true that may cause Netty to create a lot garbage objects and, as a result, trigger GC.
	It is recommended to disable useCacheForAllThreads by setting -Dorg.apache.ratis.thirdparty.io.netty.allocator.useCacheForAllThreads=false in command line.
2019-11-14 17:39:04,688 [main] INFO  grpc.GrpcConfigKeys$Server (ConfUtils.java:logGet(43)) - raft.grpc.server.port = 0 (default)
2019-11-14 17:39:04,688 [main] INFO  server.GrpcService (ConfUtils.java:logGet(43)) - raft.grpc.message.size.max = 33570816 (custom)
2019-11-14 17:39:04,688 [main] INFO  server.RaftServerConfigKeys (ConfUtils.java:logGet(43)) - raft.server.log.appender.buffer.byte-limit = 33554432 (custom)
2019-11-14 17:39:04,688 [main] INFO  server.GrpcService (ConfUtils.java:logGet(43)) - raft.grpc.flow.control.window = 1MB (=1048576) (default)
2019-11-14 17:39:04,688 [main] INFO  server.RaftServerConfigKeys (ConfUtils.java:logGet(43)) - raft.server.rpc.request.timeout = 3000ms (default)
2019-11-14 17:39:04,689 [main] INFO  server.RaftServerConfigKeys (ConfUtils.java:logGet(43)) - raft.server.storage.dir = [/workdir/hadoop-ozone/integration-test/target/test-dir/MiniOzoneClusterImpl-76142843-c060-4c87-bf9f-3caeb3385afc/datanode-1/data/ratis] (custom)
2019-11-14 17:39:04,690 [main] INFO  hdfs.DFSUtil (DFSUtil.java:httpServerTemplateForNNAndJN(1641)) - Starting Web-server for hddsDatanode at: http://0.0.0.0:0
2019-11-14 17:39:04,692 [main] INFO  server.AuthenticationFilter (AuthenticationFilter.java:constructSecretProvider(240)) - Unable to initialize FileSignerSecretProvider, falling back to use random secrets.
2019-11-14 17:39:04,692 [main] WARN  http.HttpRequestLog (HttpRequestLog.java:getRequestLog(97)) - Jetty request log can only be enabled using Log4j
2019-11-14 17:39:04,694 [main] INFO  http.HttpServer2 (HttpServer2.java:addGlobalFilter(975)) - Added global filter 'safety' (class=org.apache.hadoop.http.HttpServer2$QuotingInputFilter)
2019-11-14 17:39:04,695 [main] INFO  http.HttpServer2 (HttpServer2.java:addFilter(948)) - Added filter static_user_filter (class=org.apache.hadoop.http.lib.StaticUserWebFilter$StaticUserFilter) to context hddsDatanode
2019-11-14 17:39:04,695 [main] INFO  http.HttpServer2 (HttpServer2.java:addFilter(958)) - Added filter static_user_filter (class=org.apache.hadoop.http.lib.StaticUserWebFilter$StaticUserFilter) to context static
2019-11-14 17:39:04,695 [main] INFO  http.HttpServer2 (HttpServer2.java:addFilter(958)) - Added filter static_user_filter (class=org.apache.hadoop.http.lib.StaticUserWebFilter$StaticUserFilter) to context logs
2019-11-14 17:39:04,696 [main] INFO  http.HttpServer2 (HttpServer2.java:bindListener(1191)) - Jetty bound to port 34164
2019-11-14 17:39:04,696 [main] INFO  server.Server (Server.java:doStart(351)) - jetty-9.3.25.v20180904, build timestamp: 2018-09-04T21:11:46Z, git hash: 3ce520221d0240229c862b122d2b06c12a625732
2019-11-14 17:39:04,698 [main] INFO  handler.ContextHandler (ContextHandler.java:doStart(781)) - Started o.e.j.s.ServletContextHandler@1edfedf1{/logs,file:///workdir/hadoop-ozone/integration-test/target/log,AVAILABLE}
2019-11-14 17:39:04,699 [main] INFO  handler.ContextHandler (ContextHandler.java:doStart(781)) - Started o.e.j.s.ServletContextHandler@4c4c7d6c{/static,jar:file:/home/user/.m2/repository/org/apache/hadoop/hadoop-hdds-container-service/0.5.0-SNAPSHOT/hadoop-hdds-container-service-0.5.0-SNAPSHOT.jar!/webapps/static,AVAILABLE}
2019-11-14 17:39:04,745 [main] INFO  handler.ContextHandler (ContextHandler.java:doStart(781)) - Started o.e.j.w.WebAppContext@13f40d71{/,file:///tmp/jetty-0.0.0.0-34164-hddsDatanode-_-any-148615748387116053.dir/webapp/,AVAILABLE}{/hddsDatanode}
2019-11-14 17:39:04,746 [main] INFO  server.AbstractConnector (AbstractConnector.java:doStart(278)) - Started ServerConnector@73a845cb{HTTP/1.1,[http/1.1]}{0.0.0.0:34164}
2019-11-14 17:39:04,747 [main] INFO  server.Server (Server.java:doStart(419)) - Started @203782ms
2019-11-14 17:39:04,747 [main] WARN  impl.MetricsSystemImpl (MetricsSystemImpl.java:register(276)) - Sink prometheus already exists!
2019-11-14 17:39:04,748 [main] INFO  server.BaseHttpServer (BaseHttpServer.java:updateConnectorAddress(215)) - HTTP server of HDDSDATANODE is listening at http://0.0.0.0:34164
2019-11-14 17:39:04,748 [main] INFO  impl.MetricsSystemImpl (MetricsSystemImpl.java:init(158)) - HddsDatanode metrics system started (again)
2019-11-14 17:39:04,751 [main] INFO  ozone.HddsDatanodeService (HddsDatanodeService.java:start(186)) - HddsDatanodeService host:pr-hdds-2482-j87dr-2776293630 ip:192.168.157.194
2019-11-14 17:39:04,751 [org.apache.hadoop.util.JvmPauseMonitor$Monitor@270e2bd2] INFO  util.JvmPauseMonitor (JvmPauseMonitor.java:run(188)) - Starting JVM pause monitor
2019-11-14 17:39:04,752 [Datanode State Machine Thread - 0] INFO  datanode.InitDatanodeState (InitDatanodeState.java:persistContainerDatanodeDetails(140)) - DatanodeDetails is persisted to /workdir/hadoop-ozone/integration-test/target/test-dir/MiniOzoneClusterImpl-76142843-c060-4c87-bf9f-3caeb3385afc/datanode-1/meta/datanode.id
2019-11-14 17:39:04,758 [main] INFO  volume.HddsVolume (HddsVolume.java:<init>(176)) - Creating Volume: /workdir/hadoop-ozone/integration-test/target/test-dir/MiniOzoneClusterImpl-76142843-c060-4c87-bf9f-3caeb3385afc/datanode-2/data/containers/hdds of  storage type : DISK and capacity : 1482555576320
2019-11-14 17:39:04,758 [main] INFO  volume.VolumeSet (VolumeSet.java:initializeVolumeSet(170)) - Added Volume : /workdir/hadoop-ozone/integration-test/target/test-dir/MiniOzoneClusterImpl-76142843-c060-4c87-bf9f-3caeb3385afc/datanode-2/data/containers/hdds to VolumeSet
2019-11-14 17:39:04,758 [main] INFO  volume.ThrottledAsyncChecker (ThrottledAsyncChecker.java:schedule(141)) - Scheduling a check for /workdir/hadoop-ozone/integration-test/target/test-dir/MiniOzoneClusterImpl-76142843-c060-4c87-bf9f-3caeb3385afc/datanode-2/data/containers/hdds
2019-11-14 17:39:04,759 [main] INFO  volume.HddsVolumeChecker (HddsVolumeChecker.java:checkAllVolumes(204)) - Scheduled health check for volume /workdir/hadoop-ozone/integration-test/target/test-dir/MiniOzoneClusterImpl-76142843-c060-4c87-bf9f-3caeb3385afc/datanode-2/data/containers/hdds
2019-11-14 17:39:04,772 [main] INFO  impl.RaftServerProxy (ConfUtils.java:logGet(43)) - raft.rpc.type = GRPC (default)
2019-11-14 17:39:04,772 [main] INFO  grpc.GrpcFactory (GrpcFactory.java:checkPooledByteBufAllocatorUseCacheForAllThreads(45)) - PERFORMANCE WARNING: useCacheForAllThreads is true that may cause Netty to create a lot garbage objects and, as a result, trigger GC.
	It is recommended to disable useCacheForAllThreads by setting -Dorg.apache.ratis.thirdparty.io.netty.allocator.useCacheForAllThreads=false in command line.
2019-11-14 17:39:04,772 [main] INFO  grpc.GrpcConfigKeys$Server (ConfUtils.java:logGet(43)) - raft.grpc.server.port = 0 (default)
2019-11-14 17:39:04,773 [main] INFO  server.GrpcService (ConfUtils.java:logGet(43)) - raft.grpc.message.size.max = 33570816 (custom)
2019-11-14 17:39:04,773 [main] INFO  server.RaftServerConfigKeys (ConfUtils.java:logGet(43)) - raft.server.log.appender.buffer.byte-limit = 33554432 (custom)
2019-11-14 17:39:04,773 [main] INFO  server.GrpcService (ConfUtils.java:logGet(43)) - raft.grpc.flow.control.window = 1MB (=1048576) (default)
2019-11-14 17:39:04,773 [main] INFO  server.RaftServerConfigKeys (ConfUtils.java:logGet(43)) - raft.server.rpc.request.timeout = 3000ms (default)
2019-11-14 17:39:04,774 [main] INFO  server.RaftServerConfigKeys (ConfUtils.java:logGet(43)) - raft.server.storage.dir = [/workdir/hadoop-ozone/integration-test/target/test-dir/MiniOzoneClusterImpl-76142843-c060-4c87-bf9f-3caeb3385afc/datanode-2/data/ratis] (custom)
2019-11-14 17:39:04,775 [main] INFO  hdfs.DFSUtil (DFSUtil.java:httpServerTemplateForNNAndJN(1641)) - Starting Web-server for hddsDatanode at: http://0.0.0.0:0
2019-11-14 17:39:04,778 [main] INFO  server.AuthenticationFilter (AuthenticationFilter.java:constructSecretProvider(240)) - Unable to initialize FileSignerSecretProvider, falling back to use random secrets.
2019-11-14 17:39:04,778 [main] WARN  http.HttpRequestLog (HttpRequestLog.java:getRequestLog(97)) - Jetty request log can only be enabled using Log4j
2019-11-14 17:39:04,781 [main] INFO  http.HttpServer2 (HttpServer2.java:addGlobalFilter(975)) - Added global filter 'safety' (class=org.apache.hadoop.http.HttpServer2$QuotingInputFilter)
2019-11-14 17:39:04,781 [main] INFO  http.HttpServer2 (HttpServer2.java:addFilter(948)) - Added filter static_user_filter (class=org.apache.hadoop.http.lib.StaticUserWebFilter$StaticUserFilter) to context hddsDatanode
2019-11-14 17:39:04,782 [main] INFO  http.HttpServer2 (HttpServer2.java:addFilter(958)) - Added filter static_user_filter (class=org.apache.hadoop.http.lib.StaticUserWebFilter$StaticUserFilter) to context logs
2019-11-14 17:39:04,782 [main] INFO  http.HttpServer2 (HttpServer2.java:addFilter(958)) - Added filter static_user_filter (class=org.apache.hadoop.http.lib.StaticUserWebFilter$StaticUserFilter) to context static
2019-11-14 17:39:04,783 [main] INFO  http.HttpServer2 (HttpServer2.java:bindListener(1191)) - Jetty bound to port 35645
2019-11-14 17:39:04,783 [main] INFO  server.Server (Server.java:doStart(351)) - jetty-9.3.25.v20180904, build timestamp: 2018-09-04T21:11:46Z, git hash: 3ce520221d0240229c862b122d2b06c12a625732
2019-11-14 17:39:04,785 [main] INFO  handler.ContextHandler (ContextHandler.java:doStart(781)) - Started o.e.j.s.ServletContextHandler@6e3dd5ce{/logs,file:///workdir/hadoop-ozone/integration-test/target/log,AVAILABLE}
2019-11-14 17:39:04,786 [main] INFO  handler.ContextHandler (ContextHandler.java:doStart(781)) - Started o.e.j.s.ServletContextHandler@4ee8051c{/static,jar:file:/home/user/.m2/repository/org/apache/hadoop/hadoop-hdds-container-service/0.5.0-SNAPSHOT/hadoop-hdds-container-service-0.5.0-SNAPSHOT.jar!/webapps/static,AVAILABLE}
2019-11-14 17:39:04,825 [main] INFO  handler.ContextHandler (ContextHandler.java:doStart(781)) - Started o.e.j.w.WebAppContext@34009349{/,file:///tmp/jetty-0.0.0.0-35645-hddsDatanode-_-any-3303763174459641369.dir/webapp/,AVAILABLE}{/hddsDatanode}
2019-11-14 17:39:04,825 [main] INFO  server.AbstractConnector (AbstractConnector.java:doStart(278)) - Started ServerConnector@3f68a7f8{HTTP/1.1,[http/1.1]}{0.0.0.0:35645}
2019-11-14 17:39:04,826 [main] INFO  server.Server (Server.java:doStart(419)) - Started @203862ms
2019-11-14 17:39:04,826 [main] WARN  impl.MetricsSystemImpl (MetricsSystemImpl.java:register(276)) - Sink prometheus already exists!
2019-11-14 17:39:04,827 [main] INFO  server.BaseHttpServer (BaseHttpServer.java:updateConnectorAddress(215)) - HTTP server of HDDSDATANODE is listening at http://0.0.0.0:35645
2019-11-14 17:39:04,828 [main] INFO  impl.MetricsSystemImpl (MetricsSystemImpl.java:init(158)) - HddsDatanode metrics system started (again)
2019-11-14 17:39:04,831 [org.apache.hadoop.util.JvmPauseMonitor$Monitor@2ec78131] INFO  util.JvmPauseMonitor (JvmPauseMonitor.java:run(188)) - Starting JVM pause monitor
2019-11-14 17:39:04,831 [main] INFO  ozone.HddsDatanodeService (HddsDatanodeService.java:start(186)) - HddsDatanodeService host:pr-hdds-2482-j87dr-2776293630 ip:192.168.157.194
2019-11-14 17:39:04,832 [Datanode State Machine Thread - 0] INFO  datanode.InitDatanodeState (InitDatanodeState.java:persistContainerDatanodeDetails(140)) - DatanodeDetails is persisted to /workdir/hadoop-ozone/integration-test/target/test-dir/MiniOzoneClusterImpl-76142843-c060-4c87-bf9f-3caeb3385afc/datanode-2/meta/datanode.id
2019-11-14 17:39:04,839 [main] INFO  volume.HddsVolume (HddsVolume.java:<init>(176)) - Creating Volume: /workdir/hadoop-ozone/integration-test/target/test-dir/MiniOzoneClusterImpl-76142843-c060-4c87-bf9f-3caeb3385afc/datanode-3/data/containers/hdds of  storage type : DISK and capacity : 1482555576320
2019-11-14 17:39:04,839 [main] INFO  volume.VolumeSet (VolumeSet.java:initializeVolumeSet(170)) - Added Volume : /workdir/hadoop-ozone/integration-test/target/test-dir/MiniOzoneClusterImpl-76142843-c060-4c87-bf9f-3caeb3385afc/datanode-3/data/containers/hdds to VolumeSet
2019-11-14 17:39:04,839 [main] INFO  volume.ThrottledAsyncChecker (ThrottledAsyncChecker.java:schedule(141)) - Scheduling a check for /workdir/hadoop-ozone/integration-test/target/test-dir/MiniOzoneClusterImpl-76142843-c060-4c87-bf9f-3caeb3385afc/datanode-3/data/containers/hdds
2019-11-14 17:39:04,840 [main] INFO  volume.HddsVolumeChecker (HddsVolumeChecker.java:checkAllVolumes(204)) - Scheduled health check for volume /workdir/hadoop-ozone/integration-test/target/test-dir/MiniOzoneClusterImpl-76142843-c060-4c87-bf9f-3caeb3385afc/datanode-3/data/containers/hdds
2019-11-14 17:39:04,857 [main] INFO  impl.RaftServerProxy (ConfUtils.java:logGet(43)) - raft.rpc.type = GRPC (default)
2019-11-14 17:39:04,857 [main] INFO  grpc.GrpcFactory (GrpcFactory.java:checkPooledByteBufAllocatorUseCacheForAllThreads(45)) - PERFORMANCE WARNING: useCacheForAllThreads is true that may cause Netty to create a lot garbage objects and, as a result, trigger GC.
	It is recommended to disable useCacheForAllThreads by setting -Dorg.apache.ratis.thirdparty.io.netty.allocator.useCacheForAllThreads=false in command line.
2019-11-14 17:39:04,858 [main] INFO  grpc.GrpcConfigKeys$Server (ConfUtils.java:logGet(43)) - raft.grpc.server.port = 0 (default)
2019-11-14 17:39:04,858 [main] INFO  server.GrpcService (ConfUtils.java:logGet(43)) - raft.grpc.message.size.max = 33570816 (custom)
2019-11-14 17:39:04,858 [main] INFO  server.RaftServerConfigKeys (ConfUtils.java:logGet(43)) - raft.server.log.appender.buffer.byte-limit = 33554432 (custom)
2019-11-14 17:39:04,858 [main] INFO  server.GrpcService (ConfUtils.java:logGet(43)) - raft.grpc.flow.control.window = 1MB (=1048576) (default)
2019-11-14 17:39:04,859 [main] INFO  server.RaftServerConfigKeys (ConfUtils.java:logGet(43)) - raft.server.rpc.request.timeout = 3000ms (default)
2019-11-14 17:39:04,859 [main] INFO  server.RaftServerConfigKeys (ConfUtils.java:logGet(43)) - raft.server.storage.dir = [/workdir/hadoop-ozone/integration-test/target/test-dir/MiniOzoneClusterImpl-76142843-c060-4c87-bf9f-3caeb3385afc/datanode-3/data/ratis] (custom)
2019-11-14 17:39:04,861 [main] INFO  hdfs.DFSUtil (DFSUtil.java:httpServerTemplateForNNAndJN(1641)) - Starting Web-server for hddsDatanode at: http://0.0.0.0:0
2019-11-14 17:39:04,862 [main] INFO  server.AuthenticationFilter (AuthenticationFilter.java:constructSecretProvider(240)) - Unable to initialize FileSignerSecretProvider, falling back to use random secrets.
2019-11-14 17:39:04,863 [main] WARN  http.HttpRequestLog (HttpRequestLog.java:getRequestLog(97)) - Jetty request log can only be enabled using Log4j
2019-11-14 17:39:04,864 [main] INFO  http.HttpServer2 (HttpServer2.java:addGlobalFilter(975)) - Added global filter 'safety' (class=org.apache.hadoop.http.HttpServer2$QuotingInputFilter)
2019-11-14 17:39:04,864 [main] INFO  http.HttpServer2 (HttpServer2.java:addFilter(948)) - Added filter static_user_filter (class=org.apache.hadoop.http.lib.StaticUserWebFilter$StaticUserFilter) to context hddsDatanode
2019-11-14 17:39:04,864 [main] INFO  http.HttpServer2 (HttpServer2.java:addFilter(958)) - Added filter static_user_filter (class=org.apache.hadoop.http.lib.StaticUserWebFilter$StaticUserFilter) to context static
2019-11-14 17:39:04,864 [main] INFO  http.HttpServer2 (HttpServer2.java:addFilter(958)) - Added filter static_user_filter (class=org.apache.hadoop.http.lib.StaticUserWebFilter$StaticUserFilter) to context logs
2019-11-14 17:39:04,865 [main] INFO  http.HttpServer2 (HttpServer2.java:bindListener(1191)) - Jetty bound to port 36236
2019-11-14 17:39:04,865 [main] INFO  server.Server (Server.java:doStart(351)) - jetty-9.3.25.v20180904, build timestamp: 2018-09-04T21:11:46Z, git hash: 3ce520221d0240229c862b122d2b06c12a625732
2019-11-14 17:39:04,867 [main] INFO  handler.ContextHandler (ContextHandler.java:doStart(781)) - Started o.e.j.s.ServletContextHandler@62ea8931{/logs,file:///workdir/hadoop-ozone/integration-test/target/log,AVAILABLE}
2019-11-14 17:39:04,867 [main] INFO  handler.ContextHandler (ContextHandler.java:doStart(781)) - Started o.e.j.s.ServletContextHandler@2f8c4fae{/static,jar:file:/home/user/.m2/repository/org/apache/hadoop/hadoop-hdds-container-service/0.5.0-SNAPSHOT/hadoop-hdds-container-service-0.5.0-SNAPSHOT.jar!/webapps/static,AVAILABLE}
2019-11-14 17:39:04,897 [main] INFO  handler.ContextHandler (ContextHandler.java:doStart(781)) - Started o.e.j.w.WebAppContext@1be52861{/,file:///tmp/jetty-0.0.0.0-36236-hddsDatanode-_-any-604426799410698339.dir/webapp/,AVAILABLE}{/hddsDatanode}
2019-11-14 17:39:04,897 [main] INFO  server.AbstractConnector (AbstractConnector.java:doStart(278)) - Started ServerConnector@5fb5ad40{HTTP/1.1,[http/1.1]}{0.0.0.0:36236}
2019-11-14 17:39:04,897 [main] INFO  server.Server (Server.java:doStart(419)) - Started @203933ms
2019-11-14 17:39:04,898 [main] WARN  impl.MetricsSystemImpl (MetricsSystemImpl.java:register(276)) - Sink prometheus already exists!
2019-11-14 17:39:04,899 [main] INFO  server.BaseHttpServer (BaseHttpServer.java:updateConnectorAddress(215)) - HTTP server of HDDSDATANODE is listening at http://0.0.0.0:36236
2019-11-14 17:39:04,899 [main] INFO  impl.MetricsSystemImpl (MetricsSystemImpl.java:init(158)) - HddsDatanode metrics system started (again)
2019-11-14 17:39:04,903 [org.apache.hadoop.util.JvmPauseMonitor$Monitor@1dc9eb0f] INFO  util.JvmPauseMonitor (JvmPauseMonitor.java:run(188)) - Starting JVM pause monitor
2019-11-14 17:39:04,904 [main] INFO  ozone.HddsDatanodeService (HddsDatanodeService.java:start(186)) - HddsDatanodeService host:pr-hdds-2482-j87dr-2776293630 ip:192.168.157.194
2019-11-14 17:39:04,904 [Datanode State Machine Thread - 0] INFO  datanode.InitDatanodeState (InitDatanodeState.java:persistContainerDatanodeDetails(140)) - DatanodeDetails is persisted to /workdir/hadoop-ozone/integration-test/target/test-dir/MiniOzoneClusterImpl-76142843-c060-4c87-bf9f-3caeb3385afc/datanode-3/meta/datanode.id
2019-11-14 17:39:04,911 [main] INFO  volume.HddsVolume (HddsVolume.java:<init>(176)) - Creating Volume: /workdir/hadoop-ozone/integration-test/target/test-dir/MiniOzoneClusterImpl-76142843-c060-4c87-bf9f-3caeb3385afc/datanode-4/data/containers/hdds of  storage type : DISK and capacity : 1482555576320
2019-11-14 17:39:04,911 [main] INFO  volume.VolumeSet (VolumeSet.java:initializeVolumeSet(170)) - Added Volume : /workdir/hadoop-ozone/integration-test/target/test-dir/MiniOzoneClusterImpl-76142843-c060-4c87-bf9f-3caeb3385afc/datanode-4/data/containers/hdds to VolumeSet
2019-11-14 17:39:04,912 [main] INFO  volume.ThrottledAsyncChecker (ThrottledAsyncChecker.java:schedule(141)) - Scheduling a check for /workdir/hadoop-ozone/integration-test/target/test-dir/MiniOzoneClusterImpl-76142843-c060-4c87-bf9f-3caeb3385afc/datanode-4/data/containers/hdds
2019-11-14 17:39:04,912 [main] INFO  volume.HddsVolumeChecker (HddsVolumeChecker.java:checkAllVolumes(204)) - Scheduled health check for volume /workdir/hadoop-ozone/integration-test/target/test-dir/MiniOzoneClusterImpl-76142843-c060-4c87-bf9f-3caeb3385afc/datanode-4/data/containers/hdds
2019-11-14 17:39:04,932 [main] INFO  impl.RaftServerProxy (ConfUtils.java:logGet(43)) - raft.rpc.type = GRPC (default)
2019-11-14 17:39:04,932 [main] INFO  grpc.GrpcFactory (GrpcFactory.java:checkPooledByteBufAllocatorUseCacheForAllThreads(45)) - PERFORMANCE WARNING: useCacheForAllThreads is true that may cause Netty to create a lot garbage objects and, as a result, trigger GC.
	It is recommended to disable useCacheForAllThreads by setting -Dorg.apache.ratis.thirdparty.io.netty.allocator.useCacheForAllThreads=false in command line.
2019-11-14 17:39:04,932 [main] INFO  grpc.GrpcConfigKeys$Server (ConfUtils.java:logGet(43)) - raft.grpc.server.port = 0 (default)
2019-11-14 17:39:04,933 [main] INFO  server.GrpcService (ConfUtils.java:logGet(43)) - raft.grpc.message.size.max = 33570816 (custom)
2019-11-14 17:39:04,933 [main] INFO  server.RaftServerConfigKeys (ConfUtils.java:logGet(43)) - raft.server.log.appender.buffer.byte-limit = 33554432 (custom)
2019-11-14 17:39:04,933 [main] INFO  server.GrpcService (ConfUtils.java:logGet(43)) - raft.grpc.flow.control.window = 1MB (=1048576) (default)
2019-11-14 17:39:04,933 [main] INFO  server.RaftServerConfigKeys (ConfUtils.java:logGet(43)) - raft.server.rpc.request.timeout = 3000ms (default)
2019-11-14 17:39:04,934 [main] INFO  server.RaftServerConfigKeys (ConfUtils.java:logGet(43)) - raft.server.storage.dir = [/workdir/hadoop-ozone/integration-test/target/test-dir/MiniOzoneClusterImpl-76142843-c060-4c87-bf9f-3caeb3385afc/datanode-4/data/ratis] (custom)
2019-11-14 17:39:04,936 [main] INFO  hdfs.DFSUtil (DFSUtil.java:httpServerTemplateForNNAndJN(1641)) - Starting Web-server for hddsDatanode at: http://0.0.0.0:0
2019-11-14 17:39:04,937 [main] INFO  server.AuthenticationFilter (AuthenticationFilter.java:constructSecretProvider(240)) - Unable to initialize FileSignerSecretProvider, falling back to use random secrets.
2019-11-14 17:39:04,938 [main] WARN  http.HttpRequestLog (HttpRequestLog.java:getRequestLog(97)) - Jetty request log can only be enabled using Log4j
2019-11-14 17:39:04,939 [main] INFO  http.HttpServer2 (HttpServer2.java:addGlobalFilter(975)) - Added global filter 'safety' (class=org.apache.hadoop.http.HttpServer2$QuotingInputFilter)
2019-11-14 17:39:04,940 [main] INFO  http.HttpServer2 (HttpServer2.java:addFilter(948)) - Added filter static_user_filter (class=org.apache.hadoop.http.lib.StaticUserWebFilter$StaticUserFilter) to context hddsDatanode
2019-11-14 17:39:04,940 [main] INFO  http.HttpServer2 (HttpServer2.java:addFilter(958)) - Added filter static_user_filter (class=org.apache.hadoop.http.lib.StaticUserWebFilter$StaticUserFilter) to context static
2019-11-14 17:39:04,940 [main] INFO  http.HttpServer2 (HttpServer2.java:addFilter(958)) - Added filter static_user_filter (class=org.apache.hadoop.http.lib.StaticUserWebFilter$StaticUserFilter) to context logs
2019-11-14 17:39:04,941 [main] INFO  http.HttpServer2 (HttpServer2.java:bindListener(1191)) - Jetty bound to port 43464
2019-11-14 17:39:04,941 [main] INFO  server.Server (Server.java:doStart(351)) - jetty-9.3.25.v20180904, build timestamp: 2018-09-04T21:11:46Z, git hash: 3ce520221d0240229c862b122d2b06c12a625732
2019-11-14 17:39:04,943 [main] INFO  handler.ContextHandler (ContextHandler.java:doStart(781)) - Started o.e.j.s.ServletContextHandler@6f15f52a{/logs,file:///workdir/hadoop-ozone/integration-test/target/log,AVAILABLE}
2019-11-14 17:39:04,944 [main] INFO  handler.ContextHandler (ContextHandler.java:doStart(781)) - Started o.e.j.s.ServletContextHandler@341c6ac2{/static,jar:file:/home/user/.m2/repository/org/apache/hadoop/hadoop-hdds-container-service/0.5.0-SNAPSHOT/hadoop-hdds-container-service-0.5.0-SNAPSHOT.jar!/webapps/static,AVAILABLE}
2019-11-14 17:39:04,984 [main] INFO  handler.ContextHandler (ContextHandler.java:doStart(781)) - Started o.e.j.w.WebAppContext@4b28a7bf{/,file:///tmp/jetty-0.0.0.0-43464-hddsDatanode-_-any-3625475082484322652.dir/webapp/,AVAILABLE}{/hddsDatanode}
2019-11-14 17:39:04,985 [main] INFO  server.AbstractConnector (AbstractConnector.java:doStart(278)) - Started ServerConnector@d36c1c3{HTTP/1.1,[http/1.1]}{0.0.0.0:43464}
2019-11-14 17:39:04,986 [main] INFO  server.Server (Server.java:doStart(419)) - Started @204022ms
2019-11-14 17:39:04,986 [main] WARN  impl.MetricsSystemImpl (MetricsSystemImpl.java:register(276)) - Sink prometheus already exists!
2019-11-14 17:39:04,987 [main] INFO  server.BaseHttpServer (BaseHttpServer.java:updateConnectorAddress(215)) - HTTP server of HDDSDATANODE is listening at http://0.0.0.0:43464
2019-11-14 17:39:04,987 [main] INFO  impl.MetricsSystemImpl (MetricsSystemImpl.java:init(158)) - HddsDatanode metrics system started (again)
2019-11-14 17:39:04,991 [org.apache.hadoop.util.JvmPauseMonitor$Monitor@625afc98] INFO  util.JvmPauseMonitor (JvmPauseMonitor.java:run(188)) - Starting JVM pause monitor
2019-11-14 17:39:04,991 [main] INFO  ozone.HddsDatanodeService (HddsDatanodeService.java:start(186)) - HddsDatanodeService host:pr-hdds-2482-j87dr-2776293630 ip:192.168.157.194
2019-11-14 17:39:04,992 [Datanode State Machine Thread - 0] INFO  datanode.InitDatanodeState (InitDatanodeState.java:persistContainerDatanodeDetails(140)) - DatanodeDetails is persisted to /workdir/hadoop-ozone/integration-test/target/test-dir/MiniOzoneClusterImpl-76142843-c060-4c87-bf9f-3caeb3385afc/datanode-4/meta/datanode.id
2019-11-14 17:39:04,998 [main] INFO  volume.HddsVolume (HddsVolume.java:<init>(176)) - Creating Volume: /workdir/hadoop-ozone/integration-test/target/test-dir/MiniOzoneClusterImpl-76142843-c060-4c87-bf9f-3caeb3385afc/datanode-5/data/containers/hdds of  storage type : DISK and capacity : 1482555576320
2019-11-14 17:39:04,998 [main] INFO  volume.VolumeSet (VolumeSet.java:initializeVolumeSet(170)) - Added Volume : /workdir/hadoop-ozone/integration-test/target/test-dir/MiniOzoneClusterImpl-76142843-c060-4c87-bf9f-3caeb3385afc/datanode-5/data/containers/hdds to VolumeSet
2019-11-14 17:39:04,999 [main] INFO  volume.ThrottledAsyncChecker (ThrottledAsyncChecker.java:schedule(141)) - Scheduling a check for /workdir/hadoop-ozone/integration-test/target/test-dir/MiniOzoneClusterImpl-76142843-c060-4c87-bf9f-3caeb3385afc/datanode-5/data/containers/hdds
2019-11-14 17:39:04,999 [main] INFO  volume.HddsVolumeChecker (HddsVolumeChecker.java:checkAllVolumes(204)) - Scheduled health check for volume /workdir/hadoop-ozone/integration-test/target/test-dir/MiniOzoneClusterImpl-76142843-c060-4c87-bf9f-3caeb3385afc/datanode-5/data/containers/hdds
2019-11-14 17:39:05,010 [main] INFO  impl.RaftServerProxy (ConfUtils.java:logGet(43)) - raft.rpc.type = GRPC (default)
2019-11-14 17:39:05,011 [main] INFO  grpc.GrpcFactory (GrpcFactory.java:checkPooledByteBufAllocatorUseCacheForAllThreads(45)) - PERFORMANCE WARNING: useCacheForAllThreads is true that may cause Netty to create a lot garbage objects and, as a result, trigger GC.
	It is recommended to disable useCacheForAllThreads by setting -Dorg.apache.ratis.thirdparty.io.netty.allocator.useCacheForAllThreads=false in command line.
2019-11-14 17:39:05,011 [main] INFO  grpc.GrpcConfigKeys$Server (ConfUtils.java:logGet(43)) - raft.grpc.server.port = 0 (default)
2019-11-14 17:39:05,011 [main] INFO  server.GrpcService (ConfUtils.java:logGet(43)) - raft.grpc.message.size.max = 33570816 (custom)
2019-11-14 17:39:05,011 [main] INFO  server.RaftServerConfigKeys (ConfUtils.java:logGet(43)) - raft.server.log.appender.buffer.byte-limit = 33554432 (custom)
2019-11-14 17:39:05,011 [main] INFO  server.GrpcService (ConfUtils.java:logGet(43)) - raft.grpc.flow.control.window = 1MB (=1048576) (default)
2019-11-14 17:39:05,011 [main] INFO  server.RaftServerConfigKeys (ConfUtils.java:logGet(43)) - raft.server.rpc.request.timeout = 3000ms (default)
2019-11-14 17:39:05,012 [main] INFO  server.RaftServerConfigKeys (ConfUtils.java:logGet(43)) - raft.server.storage.dir = [/workdir/hadoop-ozone/integration-test/target/test-dir/MiniOzoneClusterImpl-76142843-c060-4c87-bf9f-3caeb3385afc/datanode-5/data/ratis] (custom)
2019-11-14 17:39:05,013 [main] INFO  hdfs.DFSUtil (DFSUtil.java:httpServerTemplateForNNAndJN(1641)) - Starting Web-server for hddsDatanode at: http://0.0.0.0:0
2019-11-14 17:39:05,014 [main] INFO  server.AuthenticationFilter (AuthenticationFilter.java:constructSecretProvider(240)) - Unable to initialize FileSignerSecretProvider, falling back to use random secrets.
2019-11-14 17:39:05,014 [main] WARN  http.HttpRequestLog (HttpRequestLog.java:getRequestLog(97)) - Jetty request log can only be enabled using Log4j
2019-11-14 17:39:05,015 [main] INFO  http.HttpServer2 (HttpServer2.java:addGlobalFilter(975)) - Added global filter 'safety' (class=org.apache.hadoop.http.HttpServer2$QuotingInputFilter)
2019-11-14 17:39:05,016 [main] INFO  http.HttpServer2 (HttpServer2.java:addFilter(948)) - Added filter static_user_filter (class=org.apache.hadoop.http.lib.StaticUserWebFilter$StaticUserFilter) to context hddsDatanode
2019-11-14 17:39:05,016 [main] INFO  http.HttpServer2 (HttpServer2.java:addFilter(958)) - Added filter static_user_filter (class=org.apache.hadoop.http.lib.StaticUserWebFilter$StaticUserFilter) to context logs
2019-11-14 17:39:05,016 [main] INFO  http.HttpServer2 (HttpServer2.java:addFilter(958)) - Added filter static_user_filter (class=org.apache.hadoop.http.lib.StaticUserWebFilter$StaticUserFilter) to context static
2019-11-14 17:39:05,016 [main] INFO  http.HttpServer2 (HttpServer2.java:bindListener(1191)) - Jetty bound to port 44422
2019-11-14 17:39:05,017 [main] INFO  server.Server (Server.java:doStart(351)) - jetty-9.3.25.v20180904, build timestamp: 2018-09-04T21:11:46Z, git hash: 3ce520221d0240229c862b122d2b06c12a625732
2019-11-14 17:39:05,018 [main] INFO  handler.ContextHandler (ContextHandler.java:doStart(781)) - Started o.e.j.s.ServletContextHandler@16f15ae9{/logs,file:///workdir/hadoop-ozone/integration-test/target/log,AVAILABLE}
2019-11-14 17:39:05,018 [main] INFO  handler.ContextHandler (ContextHandler.java:doStart(781)) - Started o.e.j.s.ServletContextHandler@77896335{/static,jar:file:/home/user/.m2/repository/org/apache/hadoop/hadoop-hdds-container-service/0.5.0-SNAPSHOT/hadoop-hdds-container-service-0.5.0-SNAPSHOT.jar!/webapps/static,AVAILABLE}
2019-11-14 17:39:05,049 [main] INFO  handler.ContextHandler (ContextHandler.java:doStart(781)) - Started o.e.j.w.WebAppContext@50122012{/,file:///tmp/jetty-0.0.0.0-44422-hddsDatanode-_-any-4972288684692088946.dir/webapp/,AVAILABLE}{/hddsDatanode}
2019-11-14 17:39:05,050 [main] INFO  server.AbstractConnector (AbstractConnector.java:doStart(278)) - Started ServerConnector@569348e1{HTTP/1.1,[http/1.1]}{0.0.0.0:44422}
2019-11-14 17:39:05,050 [main] INFO  server.Server (Server.java:doStart(419)) - Started @204086ms
2019-11-14 17:39:05,051 [main] WARN  impl.MetricsSystemImpl (MetricsSystemImpl.java:register(276)) - Sink prometheus already exists!
2019-11-14 17:39:05,052 [main] INFO  server.BaseHttpServer (BaseHttpServer.java:updateConnectorAddress(215)) - HTTP server of HDDSDATANODE is listening at http://0.0.0.0:44422
2019-11-14 17:39:05,052 [main] INFO  impl.MetricsSystemImpl (MetricsSystemImpl.java:init(158)) - HddsDatanode metrics system started (again)
2019-11-14 17:39:05,055 [org.apache.hadoop.util.JvmPauseMonitor$Monitor@20fd76d9] INFO  util.JvmPauseMonitor (JvmPauseMonitor.java:run(188)) - Starting JVM pause monitor
2019-11-14 17:39:05,056 [main] INFO  ozone.HddsDatanodeService (HddsDatanodeService.java:start(186)) - HddsDatanodeService host:pr-hdds-2482-j87dr-2776293630 ip:192.168.157.194
2019-11-14 17:39:05,057 [Datanode State Machine Thread - 0] INFO  datanode.InitDatanodeState (InitDatanodeState.java:persistContainerDatanodeDetails(140)) - DatanodeDetails is persisted to /workdir/hadoop-ozone/integration-test/target/test-dir/MiniOzoneClusterImpl-76142843-c060-4c87-bf9f-3caeb3385afc/datanode-5/meta/datanode.id
2019-11-14 17:39:05,063 [main] INFO  volume.HddsVolume (HddsVolume.java:<init>(176)) - Creating Volume: /workdir/hadoop-ozone/integration-test/target/test-dir/MiniOzoneClusterImpl-76142843-c060-4c87-bf9f-3caeb3385afc/datanode-6/data/containers/hdds of  storage type : DISK and capacity : 1482555576320
2019-11-14 17:39:05,063 [main] INFO  volume.VolumeSet (VolumeSet.java:initializeVolumeSet(170)) - Added Volume : /workdir/hadoop-ozone/integration-test/target/test-dir/MiniOzoneClusterImpl-76142843-c060-4c87-bf9f-3caeb3385afc/datanode-6/data/containers/hdds to VolumeSet
2019-11-14 17:39:05,063 [main] INFO  volume.ThrottledAsyncChecker (ThrottledAsyncChecker.java:schedule(141)) - Scheduling a check for /workdir/hadoop-ozone/integration-test/target/test-dir/MiniOzoneClusterImpl-76142843-c060-4c87-bf9f-3caeb3385afc/datanode-6/data/containers/hdds
2019-11-14 17:39:05,064 [main] INFO  volume.HddsVolumeChecker (HddsVolumeChecker.java:checkAllVolumes(204)) - Scheduled health check for volume /workdir/hadoop-ozone/integration-test/target/test-dir/MiniOzoneClusterImpl-76142843-c060-4c87-bf9f-3caeb3385afc/datanode-6/data/containers/hdds
2019-11-14 17:39:05,085 [main] INFO  impl.RaftServerProxy (ConfUtils.java:logGet(43)) - raft.rpc.type = GRPC (default)
2019-11-14 17:39:05,085 [main] INFO  grpc.GrpcFactory (GrpcFactory.java:checkPooledByteBufAllocatorUseCacheForAllThreads(45)) - PERFORMANCE WARNING: useCacheForAllThreads is true that may cause Netty to create a lot garbage objects and, as a result, trigger GC.
	It is recommended to disable useCacheForAllThreads by setting -Dorg.apache.ratis.thirdparty.io.netty.allocator.useCacheForAllThreads=false in command line.
2019-11-14 17:39:05,085 [main] INFO  grpc.GrpcConfigKeys$Server (ConfUtils.java:logGet(43)) - raft.grpc.server.port = 0 (default)
2019-11-14 17:39:05,085 [main] INFO  server.GrpcService (ConfUtils.java:logGet(43)) - raft.grpc.message.size.max = 33570816 (custom)
2019-11-14 17:39:05,086 [main] INFO  server.RaftServerConfigKeys (ConfUtils.java:logGet(43)) - raft.server.log.appender.buffer.byte-limit = 33554432 (custom)
2019-11-14 17:39:05,086 [main] INFO  server.GrpcService (ConfUtils.java:logGet(43)) - raft.grpc.flow.control.window = 1MB (=1048576) (default)
2019-11-14 17:39:05,086 [main] INFO  server.RaftServerConfigKeys (ConfUtils.java:logGet(43)) - raft.server.rpc.request.timeout = 3000ms (default)
2019-11-14 17:39:05,087 [main] INFO  server.RaftServerConfigKeys (ConfUtils.java:logGet(43)) - raft.server.storage.dir = [/workdir/hadoop-ozone/integration-test/target/test-dir/MiniOzoneClusterImpl-76142843-c060-4c87-bf9f-3caeb3385afc/datanode-6/data/ratis] (custom)
2019-11-14 17:39:05,088 [main] INFO  hdfs.DFSUtil (DFSUtil.java:httpServerTemplateForNNAndJN(1641)) - Starting Web-server for hddsDatanode at: http://0.0.0.0:0
2019-11-14 17:39:05,090 [main] INFO  server.AuthenticationFilter (AuthenticationFilter.java:constructSecretProvider(240)) - Unable to initialize FileSignerSecretProvider, falling back to use random secrets.
2019-11-14 17:39:05,091 [main] WARN  http.HttpRequestLog (HttpRequestLog.java:getRequestLog(97)) - Jetty request log can only be enabled using Log4j
2019-11-14 17:39:05,093 [main] INFO  http.HttpServer2 (HttpServer2.java:addGlobalFilter(975)) - Added global filter 'safety' (class=org.apache.hadoop.http.HttpServer2$QuotingInputFilter)
2019-11-14 17:39:05,094 [main] INFO  http.HttpServer2 (HttpServer2.java:addFilter(948)) - Added filter static_user_filter (class=org.apache.hadoop.http.lib.StaticUserWebFilter$StaticUserFilter) to context hddsDatanode
2019-11-14 17:39:05,094 [main] INFO  http.HttpServer2 (HttpServer2.java:addFilter(958)) - Added filter static_user_filter (class=org.apache.hadoop.http.lib.StaticUserWebFilter$StaticUserFilter) to context static
2019-11-14 17:39:05,095 [main] INFO  http.HttpServer2 (HttpServer2.java:addFilter(958)) - Added filter static_user_filter (class=org.apache.hadoop.http.lib.StaticUserWebFilter$StaticUserFilter) to context logs
2019-11-14 17:39:05,095 [main] INFO  http.HttpServer2 (HttpServer2.java:bindListener(1191)) - Jetty bound to port 36004
2019-11-14 17:39:05,096 [main] INFO  server.Server (Server.java:doStart(351)) - jetty-9.3.25.v20180904, build timestamp: 2018-09-04T21:11:46Z, git hash: 3ce520221d0240229c862b122d2b06c12a625732
2019-11-14 17:39:05,098 [main] INFO  handler.ContextHandler (ContextHandler.java:doStart(781)) - Started o.e.j.s.ServletContextHandler@3030836d{/logs,file:///workdir/hadoop-ozone/integration-test/target/log,AVAILABLE}
2019-11-14 17:39:05,098 [main] INFO  handler.ContextHandler (ContextHandler.java:doStart(781)) - Started o.e.j.s.ServletContextHandler@6ed18d80{/static,jar:file:/home/user/.m2/repository/org/apache/hadoop/hadoop-hdds-container-service/0.5.0-SNAPSHOT/hadoop-hdds-container-service-0.5.0-SNAPSHOT.jar!/webapps/static,AVAILABLE}
2019-11-14 17:39:05,142 [main] INFO  handler.ContextHandler (ContextHandler.java:doStart(781)) - Started o.e.j.w.WebAppContext@2baac4a7{/,file:///tmp/jetty-0.0.0.0-36004-hddsDatanode-_-any-7070886661686582271.dir/webapp/,AVAILABLE}{/hddsDatanode}
2019-11-14 17:39:05,142 [main] INFO  server.AbstractConnector (AbstractConnector.java:doStart(278)) - Started ServerConnector@23ad2d17{HTTP/1.1,[http/1.1]}{0.0.0.0:36004}
2019-11-14 17:39:05,142 [main] INFO  server.Server (Server.java:doStart(419)) - Started @204178ms
2019-11-14 17:39:05,143 [main] WARN  impl.MetricsSystemImpl (MetricsSystemImpl.java:register(276)) - Sink prometheus already exists!
2019-11-14 17:39:05,145 [main] INFO  server.BaseHttpServer (BaseHttpServer.java:updateConnectorAddress(215)) - HTTP server of HDDSDATANODE is listening at http://0.0.0.0:36004
2019-11-14 17:39:05,145 [main] INFO  impl.MetricsSystemImpl (MetricsSystemImpl.java:init(158)) - HddsDatanode metrics system started (again)
2019-11-14 17:39:05,149 [org.apache.hadoop.util.JvmPauseMonitor$Monitor@62d6b15b] INFO  util.JvmPauseMonitor (JvmPauseMonitor.java:run(188)) - Starting JVM pause monitor
2019-11-14 17:39:05,149 [main] INFO  ozone.HddsDatanodeService (HddsDatanodeService.java:start(186)) - HddsDatanodeService host:pr-hdds-2482-j87dr-2776293630 ip:192.168.157.194
2019-11-14 17:39:05,150 [Datanode State Machine Thread - 0] INFO  datanode.InitDatanodeState (InitDatanodeState.java:persistContainerDatanodeDetails(140)) - DatanodeDetails is persisted to /workdir/hadoop-ozone/integration-test/target/test-dir/MiniOzoneClusterImpl-76142843-c060-4c87-bf9f-3caeb3385afc/datanode-6/meta/datanode.id
2019-11-14 17:39:05,157 [main] INFO  volume.HddsVolume (HddsVolume.java:<init>(176)) - Creating Volume: /workdir/hadoop-ozone/integration-test/target/test-dir/MiniOzoneClusterImpl-76142843-c060-4c87-bf9f-3caeb3385afc/datanode-7/data/containers/hdds of  storage type : DISK and capacity : 1482555576320
2019-11-14 17:39:05,158 [main] INFO  volume.VolumeSet (VolumeSet.java:initializeVolumeSet(170)) - Added Volume : /workdir/hadoop-ozone/integration-test/target/test-dir/MiniOzoneClusterImpl-76142843-c060-4c87-bf9f-3caeb3385afc/datanode-7/data/containers/hdds to VolumeSet
2019-11-14 17:39:05,158 [main] INFO  volume.ThrottledAsyncChecker (ThrottledAsyncChecker.java:schedule(141)) - Scheduling a check for /workdir/hadoop-ozone/integration-test/target/test-dir/MiniOzoneClusterImpl-76142843-c060-4c87-bf9f-3caeb3385afc/datanode-7/data/containers/hdds
2019-11-14 17:39:05,159 [main] INFO  volume.HddsVolumeChecker (HddsVolumeChecker.java:checkAllVolumes(204)) - Scheduled health check for volume /workdir/hadoop-ozone/integration-test/target/test-dir/MiniOzoneClusterImpl-76142843-c060-4c87-bf9f-3caeb3385afc/datanode-7/data/containers/hdds
2019-11-14 17:39:05,177 [main] INFO  impl.RaftServerProxy (ConfUtils.java:logGet(43)) - raft.rpc.type = GRPC (default)
2019-11-14 17:39:05,177 [main] INFO  grpc.GrpcFactory (GrpcFactory.java:checkPooledByteBufAllocatorUseCacheForAllThreads(45)) - PERFORMANCE WARNING: useCacheForAllThreads is true that may cause Netty to create a lot garbage objects and, as a result, trigger GC.
	It is recommended to disable useCacheForAllThreads by setting -Dorg.apache.ratis.thirdparty.io.netty.allocator.useCacheForAllThreads=false in command line.
2019-11-14 17:39:05,177 [main] INFO  grpc.GrpcConfigKeys$Server (ConfUtils.java:logGet(43)) - raft.grpc.server.port = 0 (default)
2019-11-14 17:39:05,178 [main] INFO  server.GrpcService (ConfUtils.java:logGet(43)) - raft.grpc.message.size.max = 33570816 (custom)
2019-11-14 17:39:05,178 [main] INFO  server.RaftServerConfigKeys (ConfUtils.java:logGet(43)) - raft.server.log.appender.buffer.byte-limit = 33554432 (custom)
2019-11-14 17:39:05,178 [main] INFO  server.GrpcService (ConfUtils.java:logGet(43)) - raft.grpc.flow.control.window = 1MB (=1048576) (default)
2019-11-14 17:39:05,178 [main] INFO  server.RaftServerConfigKeys (ConfUtils.java:logGet(43)) - raft.server.rpc.request.timeout = 3000ms (default)
2019-11-14 17:39:05,179 [main] INFO  server.RaftServerConfigKeys (ConfUtils.java:logGet(43)) - raft.server.storage.dir = [/workdir/hadoop-ozone/integration-test/target/test-dir/MiniOzoneClusterImpl-76142843-c060-4c87-bf9f-3caeb3385afc/datanode-7/data/ratis] (custom)
2019-11-14 17:39:05,180 [main] INFO  hdfs.DFSUtil (DFSUtil.java:httpServerTemplateForNNAndJN(1641)) - Starting Web-server for hddsDatanode at: http://0.0.0.0:0
2019-11-14 17:39:05,182 [main] INFO  server.AuthenticationFilter (AuthenticationFilter.java:constructSecretProvider(240)) - Unable to initialize FileSignerSecretProvider, falling back to use random secrets.
2019-11-14 17:39:05,183 [main] WARN  http.HttpRequestLog (HttpRequestLog.java:getRequestLog(97)) - Jetty request log can only be enabled using Log4j
2019-11-14 17:39:05,185 [main] INFO  http.HttpServer2 (HttpServer2.java:addGlobalFilter(975)) - Added global filter 'safety' (class=org.apache.hadoop.http.HttpServer2$QuotingInputFilter)
2019-11-14 17:39:05,186 [main] INFO  http.HttpServer2 (HttpServer2.java:addFilter(948)) - Added filter static_user_filter (class=org.apache.hadoop.http.lib.StaticUserWebFilter$StaticUserFilter) to context hddsDatanode
2019-11-14 17:39:05,186 [main] INFO  http.HttpServer2 (HttpServer2.java:addFilter(958)) - Added filter static_user_filter (class=org.apache.hadoop.http.lib.StaticUserWebFilter$StaticUserFilter) to context static
2019-11-14 17:39:05,186 [main] INFO  http.HttpServer2 (HttpServer2.java:addFilter(958)) - Added filter static_user_filter (class=org.apache.hadoop.http.lib.StaticUserWebFilter$StaticUserFilter) to context logs
2019-11-14 17:39:05,187 [main] INFO  http.HttpServer2 (HttpServer2.java:bindListener(1191)) - Jetty bound to port 45300
2019-11-14 17:39:05,188 [main] INFO  server.Server (Server.java:doStart(351)) - jetty-9.3.25.v20180904, build timestamp: 2018-09-04T21:11:46Z, git hash: 3ce520221d0240229c862b122d2b06c12a625732
2019-11-14 17:39:05,190 [main] INFO  handler.ContextHandler (ContextHandler.java:doStart(781)) - Started o.e.j.s.ServletContextHandler@59328218{/logs,file:///workdir/hadoop-ozone/integration-test/target/log,AVAILABLE}
2019-11-14 17:39:05,191 [main] INFO  handler.ContextHandler (ContextHandler.java:doStart(781)) - Started o.e.j.s.ServletContextHandler@478967eb{/static,jar:file:/home/user/.m2/repository/org/apache/hadoop/hadoop-hdds-container-service/0.5.0-SNAPSHOT/hadoop-hdds-container-service-0.5.0-SNAPSHOT.jar!/webapps/static,AVAILABLE}
2019-11-14 17:39:05,237 [main] INFO  handler.ContextHandler (ContextHandler.java:doStart(781)) - Started o.e.j.w.WebAppContext@17fbfb02{/,file:///tmp/jetty-0.0.0.0-45300-hddsDatanode-_-any-2075889099716117491.dir/webapp/,AVAILABLE}{/hddsDatanode}
2019-11-14 17:39:05,237 [main] INFO  server.AbstractConnector (AbstractConnector.java:doStart(278)) - Started ServerConnector@8f2e3e6{HTTP/1.1,[http/1.1]}{0.0.0.0:45300}
2019-11-14 17:39:05,238 [main] INFO  server.Server (Server.java:doStart(419)) - Started @204275ms
2019-11-14 17:39:05,239 [main] WARN  impl.MetricsSystemImpl (MetricsSystemImpl.java:register(276)) - Sink prometheus already exists!
2019-11-14 17:39:05,240 [main] INFO  server.BaseHttpServer (BaseHttpServer.java:updateConnectorAddress(215)) - HTTP server of HDDSDATANODE is listening at http://0.0.0.0:45300
2019-11-14 17:39:05,240 [main] INFO  impl.MetricsSystemImpl (MetricsSystemImpl.java:init(158)) - HddsDatanode metrics system started (again)
2019-11-14 17:39:05,246 [org.apache.hadoop.util.JvmPauseMonitor$Monitor@706e21b2] INFO  util.JvmPauseMonitor (JvmPauseMonitor.java:run(188)) - Starting JVM pause monitor
2019-11-14 17:39:05,247 [main] INFO  ozone.HddsDatanodeService (HddsDatanodeService.java:start(186)) - HddsDatanodeService host:pr-hdds-2482-j87dr-2776293630 ip:192.168.157.194
2019-11-14 17:39:05,247 [Datanode State Machine Thread - 0] INFO  datanode.InitDatanodeState (InitDatanodeState.java:persistContainerDatanodeDetails(140)) - DatanodeDetails is persisted to /workdir/hadoop-ozone/integration-test/target/test-dir/MiniOzoneClusterImpl-76142843-c060-4c87-bf9f-3caeb3385afc/datanode-7/meta/datanode.id
2019-11-14 17:39:05,255 [main] INFO  volume.HddsVolume (HddsVolume.java:<init>(176)) - Creating Volume: /workdir/hadoop-ozone/integration-test/target/test-dir/MiniOzoneClusterImpl-76142843-c060-4c87-bf9f-3caeb3385afc/datanode-8/data/containers/hdds of  storage type : DISK and capacity : 1482555576320
2019-11-14 17:39:05,255 [main] INFO  volume.VolumeSet (VolumeSet.java:initializeVolumeSet(170)) - Added Volume : /workdir/hadoop-ozone/integration-test/target/test-dir/MiniOzoneClusterImpl-76142843-c060-4c87-bf9f-3caeb3385afc/datanode-8/data/containers/hdds to VolumeSet
2019-11-14 17:39:05,256 [main] INFO  volume.ThrottledAsyncChecker (ThrottledAsyncChecker.java:schedule(141)) - Scheduling a check for /workdir/hadoop-ozone/integration-test/target/test-dir/MiniOzoneClusterImpl-76142843-c060-4c87-bf9f-3caeb3385afc/datanode-8/data/containers/hdds
2019-11-14 17:39:05,256 [main] INFO  volume.HddsVolumeChecker (HddsVolumeChecker.java:checkAllVolumes(204)) - Scheduled health check for volume /workdir/hadoop-ozone/integration-test/target/test-dir/MiniOzoneClusterImpl-76142843-c060-4c87-bf9f-3caeb3385afc/datanode-8/data/containers/hdds
2019-11-14 17:39:05,275 [main] INFO  impl.RaftServerProxy (ConfUtils.java:logGet(43)) - raft.rpc.type = GRPC (default)
2019-11-14 17:39:05,275 [main] INFO  grpc.GrpcFactory (GrpcFactory.java:checkPooledByteBufAllocatorUseCacheForAllThreads(45)) - PERFORMANCE WARNING: useCacheForAllThreads is true that may cause Netty to create a lot garbage objects and, as a result, trigger GC.
	It is recommended to disable useCacheForAllThreads by setting -Dorg.apache.ratis.thirdparty.io.netty.allocator.useCacheForAllThreads=false in command line.
2019-11-14 17:39:05,275 [main] INFO  grpc.GrpcConfigKeys$Server (ConfUtils.java:logGet(43)) - raft.grpc.server.port = 0 (default)
2019-11-14 17:39:05,275 [main] INFO  server.GrpcService (ConfUtils.java:logGet(43)) - raft.grpc.message.size.max = 33570816 (custom)
2019-11-14 17:39:05,276 [main] INFO  server.RaftServerConfigKeys (ConfUtils.java:logGet(43)) - raft.server.log.appender.buffer.byte-limit = 33554432 (custom)
2019-11-14 17:39:05,276 [main] INFO  server.GrpcService (ConfUtils.java:logGet(43)) - raft.grpc.flow.control.window = 1MB (=1048576) (default)
2019-11-14 17:39:05,276 [main] INFO  server.RaftServerConfigKeys (ConfUtils.java:logGet(43)) - raft.server.rpc.request.timeout = 3000ms (default)
2019-11-14 17:39:05,277 [main] INFO  server.RaftServerConfigKeys (ConfUtils.java:logGet(43)) - raft.server.storage.dir = [/workdir/hadoop-ozone/integration-test/target/test-dir/MiniOzoneClusterImpl-76142843-c060-4c87-bf9f-3caeb3385afc/datanode-8/data/ratis] (custom)
2019-11-14 17:39:05,279 [main] INFO  hdfs.DFSUtil (DFSUtil.java:httpServerTemplateForNNAndJN(1641)) - Starting Web-server for hddsDatanode at: http://0.0.0.0:0
2019-11-14 17:39:05,281 [main] INFO  server.AuthenticationFilter (AuthenticationFilter.java:constructSecretProvider(240)) - Unable to initialize FileSignerSecretProvider, falling back to use random secrets.
2019-11-14 17:39:05,281 [main] WARN  http.HttpRequestLog (HttpRequestLog.java:getRequestLog(97)) - Jetty request log can only be enabled using Log4j
2019-11-14 17:39:05,283 [main] INFO  http.HttpServer2 (HttpServer2.java:addGlobalFilter(975)) - Added global filter 'safety' (class=org.apache.hadoop.http.HttpServer2$QuotingInputFilter)
2019-11-14 17:39:05,284 [main] INFO  http.HttpServer2 (HttpServer2.java:addFilter(948)) - Added filter static_user_filter (class=org.apache.hadoop.http.lib.StaticUserWebFilter$StaticUserFilter) to context hddsDatanode
2019-11-14 17:39:05,284 [main] INFO  http.HttpServer2 (HttpServer2.java:addFilter(958)) - Added filter static_user_filter (class=org.apache.hadoop.http.lib.StaticUserWebFilter$StaticUserFilter) to context static
2019-11-14 17:39:05,285 [main] INFO  http.HttpServer2 (HttpServer2.java:addFilter(958)) - Added filter static_user_filter (class=org.apache.hadoop.http.lib.StaticUserWebFilter$StaticUserFilter) to context logs
2019-11-14 17:39:05,285 [main] INFO  http.HttpServer2 (HttpServer2.java:bindListener(1191)) - Jetty bound to port 40916
2019-11-14 17:39:05,286 [main] INFO  server.Server (Server.java:doStart(351)) - jetty-9.3.25.v20180904, build timestamp: 2018-09-04T21:11:46Z, git hash: 3ce520221d0240229c862b122d2b06c12a625732
2019-11-14 17:39:05,288 [main] INFO  handler.ContextHandler (ContextHandler.java:doStart(781)) - Started o.e.j.s.ServletContextHandler@159ac15f{/logs,file:///workdir/hadoop-ozone/integration-test/target/log,AVAILABLE}
2019-11-14 17:39:05,289 [main] INFO  handler.ContextHandler (ContextHandler.java:doStart(781)) - Started o.e.j.s.ServletContextHandler@7af1d072{/static,jar:file:/home/user/.m2/repository/org/apache/hadoop/hadoop-hdds-container-service/0.5.0-SNAPSHOT/hadoop-hdds-container-service-0.5.0-SNAPSHOT.jar!/webapps/static,AVAILABLE}
2019-11-14 17:39:05,338 [main] INFO  handler.ContextHandler (ContextHandler.java:doStart(781)) - Started o.e.j.w.WebAppContext@29bd85db{/,file:///tmp/jetty-0.0.0.0-40916-hddsDatanode-_-any-7915614711703623030.dir/webapp/,AVAILABLE}{/hddsDatanode}
2019-11-14 17:39:05,340 [main] INFO  server.AbstractConnector (AbstractConnector.java:doStart(278)) - Started ServerConnector@7caf1e5{HTTP/1.1,[http/1.1]}{0.0.0.0:40916}
2019-11-14 17:39:05,344 [main] INFO  server.Server (Server.java:doStart(419)) - Started @204380ms
2019-11-14 17:39:05,344 [main] WARN  impl.MetricsSystemImpl (MetricsSystemImpl.java:register(276)) - Sink prometheus already exists!
2019-11-14 17:39:05,345 [main] INFO  server.BaseHttpServer (BaseHttpServer.java:updateConnectorAddress(215)) - HTTP server of HDDSDATANODE is listening at http://0.0.0.0:40916
2019-11-14 17:39:05,346 [main] INFO  impl.MetricsSystemImpl (MetricsSystemImpl.java:init(158)) - HddsDatanode metrics system started (again)
2019-11-14 17:39:05,348 [org.apache.hadoop.util.JvmPauseMonitor$Monitor@6bbc49b9] INFO  util.JvmPauseMonitor (JvmPauseMonitor.java:run(188)) - Starting JVM pause monitor
2019-11-14 17:39:05,355 [main] INFO  ozone.HddsDatanodeService (HddsDatanodeService.java:start(186)) - HddsDatanodeService host:pr-hdds-2482-j87dr-2776293630 ip:192.168.157.194
2019-11-14 17:39:05,355 [Datanode State Machine Thread - 0] INFO  datanode.InitDatanodeState (InitDatanodeState.java:persistContainerDatanodeDetails(140)) - DatanodeDetails is persisted to /workdir/hadoop-ozone/integration-test/target/test-dir/MiniOzoneClusterImpl-76142843-c060-4c87-bf9f-3caeb3385afc/datanode-8/meta/datanode.id
2019-11-14 17:39:05,364 [main] INFO  volume.HddsVolume (HddsVolume.java:<init>(176)) - Creating Volume: /workdir/hadoop-ozone/integration-test/target/test-dir/MiniOzoneClusterImpl-76142843-c060-4c87-bf9f-3caeb3385afc/datanode-9/data/containers/hdds of  storage type : DISK and capacity : 1482555576320
2019-11-14 17:39:05,364 [main] INFO  volume.VolumeSet (VolumeSet.java:initializeVolumeSet(170)) - Added Volume : /workdir/hadoop-ozone/integration-test/target/test-dir/MiniOzoneClusterImpl-76142843-c060-4c87-bf9f-3caeb3385afc/datanode-9/data/containers/hdds to VolumeSet
2019-11-14 17:39:05,364 [main] INFO  volume.ThrottledAsyncChecker (ThrottledAsyncChecker.java:schedule(141)) - Scheduling a check for /workdir/hadoop-ozone/integration-test/target/test-dir/MiniOzoneClusterImpl-76142843-c060-4c87-bf9f-3caeb3385afc/datanode-9/data/containers/hdds
2019-11-14 17:39:05,365 [main] INFO  volume.HddsVolumeChecker (HddsVolumeChecker.java:checkAllVolumes(204)) - Scheduled health check for volume /workdir/hadoop-ozone/integration-test/target/test-dir/MiniOzoneClusterImpl-76142843-c060-4c87-bf9f-3caeb3385afc/datanode-9/data/containers/hdds
2019-11-14 17:39:05,389 [main] INFO  impl.RaftServerProxy (ConfUtils.java:logGet(43)) - raft.rpc.type = GRPC (default)
2019-11-14 17:39:05,389 [main] INFO  grpc.GrpcFactory (GrpcFactory.java:checkPooledByteBufAllocatorUseCacheForAllThreads(45)) - PERFORMANCE WARNING: useCacheForAllThreads is true that may cause Netty to create a lot garbage objects and, as a result, trigger GC.
	It is recommended to disable useCacheForAllThreads by setting -Dorg.apache.ratis.thirdparty.io.netty.allocator.useCacheForAllThreads=false in command line.
2019-11-14 17:39:05,389 [main] INFO  grpc.GrpcConfigKeys$Server (ConfUtils.java:logGet(43)) - raft.grpc.server.port = 0 (default)
2019-11-14 17:39:05,389 [main] INFO  server.GrpcService (ConfUtils.java:logGet(43)) - raft.grpc.message.size.max = 33570816 (custom)
2019-11-14 17:39:05,390 [main] INFO  server.RaftServerConfigKeys (ConfUtils.java:logGet(43)) - raft.server.log.appender.buffer.byte-limit = 33554432 (custom)
2019-11-14 17:39:05,390 [main] INFO  server.GrpcService (ConfUtils.java:logGet(43)) - raft.grpc.flow.control.window = 1MB (=1048576) (default)
2019-11-14 17:39:05,390 [main] INFO  server.RaftServerConfigKeys (ConfUtils.java:logGet(43)) - raft.server.rpc.request.timeout = 3000ms (default)
2019-11-14 17:39:05,391 [main] INFO  server.RaftServerConfigKeys (ConfUtils.java:logGet(43)) - raft.server.storage.dir = [/workdir/hadoop-ozone/integration-test/target/test-dir/MiniOzoneClusterImpl-76142843-c060-4c87-bf9f-3caeb3385afc/datanode-9/data/ratis] (custom)
2019-11-14 17:39:05,393 [main] INFO  hdfs.DFSUtil (DFSUtil.java:httpServerTemplateForNNAndJN(1641)) - Starting Web-server for hddsDatanode at: http://0.0.0.0:0
2019-11-14 17:39:05,396 [main] INFO  server.AuthenticationFilter (AuthenticationFilter.java:constructSecretProvider(240)) - Unable to initialize FileSignerSecretProvider, falling back to use random secrets.
2019-11-14 17:39:05,397 [main] WARN  http.HttpRequestLog (HttpRequestLog.java:getRequestLog(97)) - Jetty request log can only be enabled using Log4j
2019-11-14 17:39:05,399 [main] INFO  http.HttpServer2 (HttpServer2.java:addGlobalFilter(975)) - Added global filter 'safety' (class=org.apache.hadoop.http.HttpServer2$QuotingInputFilter)
2019-11-14 17:39:05,400 [main] INFO  http.HttpServer2 (HttpServer2.java:addFilter(948)) - Added filter static_user_filter (class=org.apache.hadoop.http.lib.StaticUserWebFilter$StaticUserFilter) to context hddsDatanode
2019-11-14 17:39:05,400 [main] INFO  http.HttpServer2 (HttpServer2.java:addFilter(958)) - Added filter static_user_filter (class=org.apache.hadoop.http.lib.StaticUserWebFilter$StaticUserFilter) to context logs
2019-11-14 17:39:05,400 [main] INFO  http.HttpServer2 (HttpServer2.java:addFilter(958)) - Added filter static_user_filter (class=org.apache.hadoop.http.lib.StaticUserWebFilter$StaticUserFilter) to context static
2019-11-14 17:39:05,401 [main] INFO  http.HttpServer2 (HttpServer2.java:bindListener(1191)) - Jetty bound to port 41357
2019-11-14 17:39:05,401 [main] INFO  server.Server (Server.java:doStart(351)) - jetty-9.3.25.v20180904, build timestamp: 2018-09-04T21:11:46Z, git hash: 3ce520221d0240229c862b122d2b06c12a625732
2019-11-14 17:39:05,404 [main] INFO  handler.ContextHandler (ContextHandler.java:doStart(781)) - Started o.e.j.s.ServletContextHandler@6793f752{/logs,file:///workdir/hadoop-ozone/integration-test/target/log,AVAILABLE}
2019-11-14 17:39:05,404 [main] INFO  handler.ContextHandler (ContextHandler.java:doStart(781)) - Started o.e.j.s.ServletContextHandler@59e7564b{/static,jar:file:/home/user/.m2/repository/org/apache/hadoop/hadoop-hdds-container-service/0.5.0-SNAPSHOT/hadoop-hdds-container-service-0.5.0-SNAPSHOT.jar!/webapps/static,AVAILABLE}
2019-11-14 17:39:05,447 [main] INFO  handler.ContextHandler (ContextHandler.java:doStart(781)) - Started o.e.j.w.WebAppContext@13ef7fa1{/,file:///tmp/jetty-0.0.0.0-41357-hddsDatanode-_-any-1528610791914329638.dir/webapp/,AVAILABLE}{/hddsDatanode}
2019-11-14 17:39:05,448 [main] INFO  server.AbstractConnector (AbstractConnector.java:doStart(278)) - Started ServerConnector@23b1aa9{HTTP/1.1,[http/1.1]}{0.0.0.0:41357}
2019-11-14 17:39:05,448 [main] INFO  server.Server (Server.java:doStart(419)) - Started @204484ms
2019-11-14 17:39:05,449 [main] WARN  impl.MetricsSystemImpl (MetricsSystemImpl.java:register(276)) - Sink prometheus already exists!
2019-11-14 17:39:05,451 [main] INFO  server.BaseHttpServer (BaseHttpServer.java:updateConnectorAddress(215)) - HTTP server of HDDSDATANODE is listening at http://0.0.0.0:41357
2019-11-14 17:39:05,451 [main] INFO  ozone.MiniOzoneClusterImpl (MiniOzoneClusterImpl.java:lambda$waitForClusterToBeReady$2(171)) - Waiting for cluster to be ready. Got 0 of 10 DN Heartbeats.
2019-11-14 17:39:05,453 [org.apache.hadoop.util.JvmPauseMonitor$Monitor@53ae6b93] INFO  util.JvmPauseMonitor (JvmPauseMonitor.java:run(188)) - Starting JVM pause monitor
2019-11-14 17:39:05,454 [Datanode State Machine Thread - 0] INFO  datanode.InitDatanodeState (InitDatanodeState.java:persistContainerDatanodeDetails(140)) - DatanodeDetails is persisted to /workdir/hadoop-ozone/integration-test/target/test-dir/MiniOzoneClusterImpl-76142843-c060-4c87-bf9f-3caeb3385afc/datanode-9/meta/datanode.id
2019-11-14 17:39:06,452 [main] INFO  ozone.MiniOzoneClusterImpl (MiniOzoneClusterImpl.java:lambda$waitForClusterToBeReady$2(171)) - Waiting for cluster to be ready. Got 0 of 10 DN Heartbeats.
2019-11-14 17:39:06,695 [Datanode State Machine Thread - 0] INFO  ozoneimpl.OzoneContainer (OzoneContainer.java:start(230)) - Attempting to start container services.
2019-11-14 17:39:06,696 [Datanode State Machine Thread - 0] INFO  ozoneimpl.OzoneContainer (OzoneContainer.java:startContainerScrub(194)) - Background container scanner has been disabled.
2019-11-14 17:39:06,696 [Datanode State Machine Thread - 0] INFO  ratis.XceiverServerRatis (XceiverServerRatis.java:start(421)) - Starting XceiverServerRatis 1e2d7e4d-6af1-461d-8b85-f444d5672a79 at port 0
2019-11-14 17:39:06,707 [Datanode State Machine Thread - 0] INFO  impl.RaftServerProxy (RaftServerProxy.java:lambda$start$3(299)) - 1e2d7e4d-6af1-461d-8b85-f444d5672a79: start RPC server
2019-11-14 17:39:06,710 [Datanode State Machine Thread - 0] INFO  server.GrpcService (GrpcService.java:startImpl(158)) - 1e2d7e4d-6af1-461d-8b85-f444d5672a79: GrpcService started, listening on 0.0.0.0/0.0.0.0:43154
2019-11-14 17:39:06,710 [Datanode State Machine Thread - 0] INFO  ratis.XceiverServerRatis (XceiverServerRatis.java:start(431)) - XceiverServerRatis 1e2d7e4d-6af1-461d-8b85-f444d5672a79 is started using port 43154
2019-11-14 17:39:06,710 [Datanode State Machine Thread - 0] INFO  server.XceiverServerGrpc (XceiverServerGrpc.java:start(145)) - XceiverServerGrpc 1e2d7e4d-6af1-461d-8b85-f444d5672a79 is started using port 33731
2019-11-14 17:39:06,777 [Datanode State Machine Thread - 0] INFO  ozoneimpl.OzoneContainer (OzoneContainer.java:start(230)) - Attempting to start container services.
2019-11-14 17:39:06,777 [Datanode State Machine Thread - 0] INFO  ozoneimpl.OzoneContainer (OzoneContainer.java:startContainerScrub(194)) - Background container scanner has been disabled.
2019-11-14 17:39:06,777 [Datanode State Machine Thread - 0] INFO  ratis.XceiverServerRatis (XceiverServerRatis.java:start(421)) - Starting XceiverServerRatis 9f70b324-be48-4d43-8f47-cd647748f9c6 at port 0
2019-11-14 17:39:06,788 [Datanode State Machine Thread - 0] INFO  impl.RaftServerProxy (RaftServerProxy.java:lambda$start$3(299)) - 9f70b324-be48-4d43-8f47-cd647748f9c6: start RPC server
2019-11-14 17:39:06,789 [Datanode State Machine Thread - 0] INFO  server.GrpcService (GrpcService.java:startImpl(158)) - 9f70b324-be48-4d43-8f47-cd647748f9c6: GrpcService started, listening on 0.0.0.0/0.0.0.0:39672
2019-11-14 17:39:06,789 [Datanode State Machine Thread - 0] INFO  ratis.XceiverServerRatis (XceiverServerRatis.java:start(431)) - XceiverServerRatis 9f70b324-be48-4d43-8f47-cd647748f9c6 is started using port 39672
2019-11-14 17:39:06,800 [Datanode State Machine Thread - 0] INFO  server.XceiverServerGrpc (XceiverServerGrpc.java:start(145)) - XceiverServerGrpc 9f70b324-be48-4d43-8f47-cd647748f9c6 is started using port 35119
2019-11-14 17:39:06,864 [Datanode State Machine Thread - 0] INFO  ozoneimpl.OzoneContainer (OzoneContainer.java:start(230)) - Attempting to start container services.
2019-11-14 17:39:06,865 [Datanode State Machine Thread - 0] INFO  ozoneimpl.OzoneContainer (OzoneContainer.java:startContainerScrub(194)) - Background container scanner has been disabled.
2019-11-14 17:39:06,865 [Datanode State Machine Thread - 0] INFO  ratis.XceiverServerRatis (XceiverServerRatis.java:start(421)) - Starting XceiverServerRatis 4fcb6245-7b52-48ea-a68b-fda0132084cd at port 0
2019-11-14 17:39:06,876 [Datanode State Machine Thread - 0] INFO  impl.RaftServerProxy (RaftServerProxy.java:lambda$start$3(299)) - 4fcb6245-7b52-48ea-a68b-fda0132084cd: start RPC server
2019-11-14 17:39:06,876 [Datanode State Machine Thread - 0] INFO  server.GrpcService (GrpcService.java:startImpl(158)) - 4fcb6245-7b52-48ea-a68b-fda0132084cd: GrpcService started, listening on 0.0.0.0/0.0.0.0:33953
2019-11-14 17:39:06,877 [Datanode State Machine Thread - 0] INFO  ratis.XceiverServerRatis (XceiverServerRatis.java:start(431)) - XceiverServerRatis 4fcb6245-7b52-48ea-a68b-fda0132084cd is started using port 33953
2019-11-14 17:39:06,877 [Datanode State Machine Thread - 0] INFO  server.XceiverServerGrpc (XceiverServerGrpc.java:start(145)) - XceiverServerGrpc 4fcb6245-7b52-48ea-a68b-fda0132084cd is started using port 40029
2019-11-14 17:39:06,931 [Datanode State Machine Thread - 0] INFO  ozoneimpl.OzoneContainer (OzoneContainer.java:start(230)) - Attempting to start container services.
2019-11-14 17:39:06,932 [Datanode State Machine Thread - 0] INFO  ozoneimpl.OzoneContainer (OzoneContainer.java:startContainerScrub(194)) - Background container scanner has been disabled.
2019-11-14 17:39:06,932 [Datanode State Machine Thread - 0] INFO  ratis.XceiverServerRatis (XceiverServerRatis.java:start(421)) - Starting XceiverServerRatis da9d3605-d5bb-4af4-b35f-64e6f231f8df at port 0
2019-11-14 17:39:06,943 [Datanode State Machine Thread - 0] INFO  impl.RaftServerProxy (RaftServerProxy.java:lambda$start$3(299)) - da9d3605-d5bb-4af4-b35f-64e6f231f8df: start RPC server
2019-11-14 17:39:06,944 [Datanode State Machine Thread - 0] INFO  server.GrpcService (GrpcService.java:startImpl(158)) - da9d3605-d5bb-4af4-b35f-64e6f231f8df: GrpcService started, listening on 0.0.0.0/0.0.0.0:36645
2019-11-14 17:39:06,944 [Datanode State Machine Thread - 0] INFO  ratis.XceiverServerRatis (XceiverServerRatis.java:start(431)) - XceiverServerRatis da9d3605-d5bb-4af4-b35f-64e6f231f8df is started using port 36645
2019-11-14 17:39:06,944 [Datanode State Machine Thread - 0] INFO  server.XceiverServerGrpc (XceiverServerGrpc.java:start(145)) - XceiverServerGrpc da9d3605-d5bb-4af4-b35f-64e6f231f8df is started using port 32854
2019-11-14 17:39:07,015 [Datanode State Machine Thread - 0] INFO  ozoneimpl.OzoneContainer (OzoneContainer.java:start(230)) - Attempting to start container services.
2019-11-14 17:39:07,015 [Datanode State Machine Thread - 0] INFO  ozoneimpl.OzoneContainer (OzoneContainer.java:startContainerScrub(194)) - Background container scanner has been disabled.
2019-11-14 17:39:07,015 [Datanode State Machine Thread - 0] INFO  ratis.XceiverServerRatis (XceiverServerRatis.java:start(421)) - Starting XceiverServerRatis 521325b2-2ced-4cee-b44f-acc523c049d7 at port 0
2019-11-14 17:39:07,024 [Datanode State Machine Thread - 0] INFO  impl.RaftServerProxy (RaftServerProxy.java:lambda$start$3(299)) - 521325b2-2ced-4cee-b44f-acc523c049d7: start RPC server
2019-11-14 17:39:07,025 [Datanode State Machine Thread - 0] INFO  server.GrpcService (GrpcService.java:startImpl(158)) - 521325b2-2ced-4cee-b44f-acc523c049d7: GrpcService started, listening on 0.0.0.0/0.0.0.0:33976
2019-11-14 17:39:07,025 [Datanode State Machine Thread - 0] INFO  ratis.XceiverServerRatis (XceiverServerRatis.java:start(431)) - XceiverServerRatis 521325b2-2ced-4cee-b44f-acc523c049d7 is started using port 33976
2019-11-14 17:39:07,025 [Datanode State Machine Thread - 0] INFO  server.XceiverServerGrpc (XceiverServerGrpc.java:start(145)) - XceiverServerGrpc 521325b2-2ced-4cee-b44f-acc523c049d7 is started using port 42263
2019-11-14 17:39:07,082 [Datanode State Machine Thread - 0] INFO  ozoneimpl.OzoneContainer (OzoneContainer.java:start(230)) - Attempting to start container services.
2019-11-14 17:39:07,083 [Datanode State Machine Thread - 0] INFO  ozoneimpl.OzoneContainer (OzoneContainer.java:startContainerScrub(194)) - Background container scanner has been disabled.
2019-11-14 17:39:07,083 [Datanode State Machine Thread - 0] INFO  ratis.XceiverServerRatis (XceiverServerRatis.java:start(421)) - Starting XceiverServerRatis 9c88a047-7f73-4111-bf87-fe029dccbce6 at port 0
2019-11-14 17:39:07,091 [Datanode State Machine Thread - 0] INFO  impl.RaftServerProxy (RaftServerProxy.java:lambda$start$3(299)) - 9c88a047-7f73-4111-bf87-fe029dccbce6: start RPC server
2019-11-14 17:39:07,092 [Datanode State Machine Thread - 0] INFO  server.GrpcService (GrpcService.java:startImpl(158)) - 9c88a047-7f73-4111-bf87-fe029dccbce6: GrpcService started, listening on 0.0.0.0/0.0.0.0:46499
2019-11-14 17:39:07,092 [Datanode State Machine Thread - 0] INFO  ratis.XceiverServerRatis (XceiverServerRatis.java:start(431)) - XceiverServerRatis 9c88a047-7f73-4111-bf87-fe029dccbce6 is started using port 46499
2019-11-14 17:39:07,093 [Datanode State Machine Thread - 0] INFO  server.XceiverServerGrpc (XceiverServerGrpc.java:start(145)) - XceiverServerGrpc 9c88a047-7f73-4111-bf87-fe029dccbce6 is started using port 45625
2019-11-14 17:39:07,174 [Datanode State Machine Thread - 0] INFO  ozoneimpl.OzoneContainer (OzoneContainer.java:start(230)) - Attempting to start container services.
2019-11-14 17:39:07,175 [Datanode State Machine Thread - 0] INFO  ozoneimpl.OzoneContainer (OzoneContainer.java:startContainerScrub(194)) - Background container scanner has been disabled.
2019-11-14 17:39:07,175 [Datanode State Machine Thread - 0] INFO  ratis.XceiverServerRatis (XceiverServerRatis.java:start(421)) - Starting XceiverServerRatis 6301bead-719a-4dde-94bc-f4c716ecb4e0 at port 0
2019-11-14 17:39:07,183 [Datanode State Machine Thread - 0] INFO  impl.RaftServerProxy (RaftServerProxy.java:lambda$start$3(299)) - 6301bead-719a-4dde-94bc-f4c716ecb4e0: start RPC server
2019-11-14 17:39:07,185 [Datanode State Machine Thread - 0] INFO  server.GrpcService (GrpcService.java:startImpl(158)) - 6301bead-719a-4dde-94bc-f4c716ecb4e0: GrpcService started, listening on 0.0.0.0/0.0.0.0:46043
2019-11-14 17:39:07,185 [Datanode State Machine Thread - 0] INFO  ratis.XceiverServerRatis (XceiverServerRatis.java:start(431)) - XceiverServerRatis 6301bead-719a-4dde-94bc-f4c716ecb4e0 is started using port 46043
2019-11-14 17:39:07,186 [Datanode State Machine Thread - 0] INFO  server.XceiverServerGrpc (XceiverServerGrpc.java:start(145)) - XceiverServerGrpc 6301bead-719a-4dde-94bc-f4c716ecb4e0 is started using port 39936
2019-11-14 17:39:07,275 [Datanode State Machine Thread - 0] INFO  ozoneimpl.OzoneContainer (OzoneContainer.java:start(230)) - Attempting to start container services.
2019-11-14 17:39:07,275 [Datanode State Machine Thread - 0] INFO  ozoneimpl.OzoneContainer (OzoneContainer.java:startContainerScrub(194)) - Background container scanner has been disabled.
2019-11-14 17:39:07,275 [Datanode State Machine Thread - 0] INFO  ratis.XceiverServerRatis (XceiverServerRatis.java:start(421)) - Starting XceiverServerRatis 00aa4e63-81eb-4c33-a32e-b28e61c28a6d at port 0
2019-11-14 17:39:07,283 [Datanode State Machine Thread - 0] INFO  impl.RaftServerProxy (RaftServerProxy.java:lambda$start$3(299)) - 00aa4e63-81eb-4c33-a32e-b28e61c28a6d: start RPC server
2019-11-14 17:39:07,286 [Datanode State Machine Thread - 0] INFO  server.GrpcService (GrpcService.java:startImpl(158)) - 00aa4e63-81eb-4c33-a32e-b28e61c28a6d: GrpcService started, listening on 0.0.0.0/0.0.0.0:43947
2019-11-14 17:39:07,286 [Datanode State Machine Thread - 0] INFO  ratis.XceiverServerRatis (XceiverServerRatis.java:start(431)) - XceiverServerRatis 00aa4e63-81eb-4c33-a32e-b28e61c28a6d is started using port 43947
2019-11-14 17:39:07,286 [Datanode State Machine Thread - 0] INFO  server.XceiverServerGrpc (XceiverServerGrpc.java:start(145)) - XceiverServerGrpc 00aa4e63-81eb-4c33-a32e-b28e61c28a6d is started using port 33011
2019-11-14 17:39:07,375 [Datanode State Machine Thread - 0] INFO  ozoneimpl.OzoneContainer (OzoneContainer.java:start(230)) - Attempting to start container services.
2019-11-14 17:39:07,375 [Datanode State Machine Thread - 0] INFO  ozoneimpl.OzoneContainer (OzoneContainer.java:startContainerScrub(194)) - Background container scanner has been disabled.
2019-11-14 17:39:07,375 [Datanode State Machine Thread - 0] INFO  ratis.XceiverServerRatis (XceiverServerRatis.java:start(421)) - Starting XceiverServerRatis d0d029c9-c080-45aa-9428-ec9c2afb2e55 at port 0
2019-11-14 17:39:07,384 [Datanode State Machine Thread - 0] INFO  impl.RaftServerProxy (RaftServerProxy.java:lambda$start$3(299)) - d0d029c9-c080-45aa-9428-ec9c2afb2e55: start RPC server
2019-11-14 17:39:07,384 [Datanode State Machine Thread - 0] INFO  server.GrpcService (GrpcService.java:startImpl(158)) - d0d029c9-c080-45aa-9428-ec9c2afb2e55: GrpcService started, listening on 0.0.0.0/0.0.0.0:41166
2019-11-14 17:39:07,385 [Datanode State Machine Thread - 0] INFO  ratis.XceiverServerRatis (XceiverServerRatis.java:start(431)) - XceiverServerRatis d0d029c9-c080-45aa-9428-ec9c2afb2e55 is started using port 41166
2019-11-14 17:39:07,385 [Datanode State Machine Thread - 0] INFO  server.XceiverServerGrpc (XceiverServerGrpc.java:start(145)) - XceiverServerGrpc d0d029c9-c080-45aa-9428-ec9c2afb2e55 is started using port 33356
2019-11-14 17:39:07,453 [main] INFO  ozone.MiniOzoneClusterImpl (MiniOzoneClusterImpl.java:lambda$waitForClusterToBeReady$2(171)) - Waiting for cluster to be ready. Got 0 of 10 DN Heartbeats.
2019-11-14 17:39:07,475 [Datanode State Machine Thread - 0] INFO  ozoneimpl.OzoneContainer (OzoneContainer.java:start(230)) - Attempting to start container services.
2019-11-14 17:39:07,476 [Datanode State Machine Thread - 0] INFO  ozoneimpl.OzoneContainer (OzoneContainer.java:startContainerScrub(194)) - Background container scanner has been disabled.
2019-11-14 17:39:07,476 [Datanode State Machine Thread - 0] INFO  ratis.XceiverServerRatis (XceiverServerRatis.java:start(421)) - Starting XceiverServerRatis d0c52919-9387-42b7-9191-3f4b0bb9b568 at port 0
2019-11-14 17:39:07,484 [Datanode State Machine Thread - 0] INFO  impl.RaftServerProxy (RaftServerProxy.java:lambda$start$3(299)) - d0c52919-9387-42b7-9191-3f4b0bb9b568: start RPC server
2019-11-14 17:39:07,484 [Datanode State Machine Thread - 0] INFO  server.GrpcService (GrpcService.java:startImpl(158)) - d0c52919-9387-42b7-9191-3f4b0bb9b568: GrpcService started, listening on 0.0.0.0/0.0.0.0:42749
2019-11-14 17:39:07,484 [Datanode State Machine Thread - 0] INFO  ratis.XceiverServerRatis (XceiverServerRatis.java:start(431)) - XceiverServerRatis d0c52919-9387-42b7-9191-3f4b0bb9b568 is started using port 42749
2019-11-14 17:39:07,501 [Datanode State Machine Thread - 0] INFO  server.XceiverServerGrpc (XceiverServerGrpc.java:start(145)) - XceiverServerGrpc d0c52919-9387-42b7-9191-3f4b0bb9b568 is started using port 46817
2019-11-14 17:39:08,453 [main] INFO  ozone.MiniOzoneClusterImpl (MiniOzoneClusterImpl.java:lambda$waitForClusterToBeReady$2(171)) - Waiting for cluster to be ready. Got 0 of 10 DN Heartbeats.
2019-11-14 17:39:08,666 [IPC Server handler 7 on 35323] INFO  net.NetworkTopology (NetworkTopologyImpl.java:add(111)) - Added a new node: /rack1/1e2d7e4d-6af1-461d-8b85-f444d5672a79
2019-11-14 17:39:08,668 [IPC Server handler 7 on 35323] INFO  node.SCMNodeManager (SCMNodeManager.java:register(267)) - Registered Data node : 1e2d7e4d-6af1-461d-8b85-f444d5672a79{ip: 192.168.157.194, host: pr-hdds-2482-j87dr-2776293630, networkLocation: /rack1, certSerialId: null}
2019-11-14 17:39:08,669 [EventQueue-NodeRegistrationContainerReportForDataNodeSafeModeRule] INFO  safemode.SCMSafeModeManager (DataNodeSafeModeRule.java:process(71)) - SCM in safe mode. 1 DataNodes registered, 1 required.
2019-11-14 17:39:08,672 [EventQueue-NodeRegistrationContainerReportForDataNodeSafeModeRule] INFO  safemode.SCMSafeModeManager (SCMSafeModeManager.java:validateSafeModeExitRules(177)) - ScmSafeModeManager, all rules are successfully validated
2019-11-14 17:39:08,672 [EventQueue-NodeRegistrationContainerReportForDataNodeSafeModeRule] INFO  safemode.SCMSafeModeManager (SCMSafeModeManager.java:exitSafeMode(193)) - SCM exiting safe mode.
2019-11-14 17:39:08,680 [grpc-default-executor-5] INFO  impl.RaftServerProxy (RaftServerProxy.java:addNew(89)) - 1e2d7e4d-6af1-461d-8b85-f444d5672a79: addNew group-EA3A918AE431:[1e2d7e4d-6af1-461d-8b85-f444d5672a79:192.168.157.194:43154] returns group-EA3A918AE431:java.util.concurrent.CompletableFuture@3ed1269b[Not completed]
2019-11-14 17:39:08,682 [pool-509-thread-1] INFO  impl.RaftServerImpl (RaftServerImpl.java:<init>(98)) - 1e2d7e4d-6af1-461d-8b85-f444d5672a79: new RaftServerImpl for group-EA3A918AE431:[1e2d7e4d-6af1-461d-8b85-f444d5672a79:192.168.157.194:43154] with ContainerStateMachine:uninitialized
2019-11-14 17:39:08,683 [pool-509-thread-1] INFO  server.RaftServerConfigKeys (ConfUtils.java:logGet(43)) - raft.server.rpc.timeout.min = 1s (custom)
2019-11-14 17:39:08,683 [pool-509-thread-1] INFO  server.RaftServerConfigKeys (ConfUtils.java:logGet(43)) - raft.server.rpc.timeout.max = 1200ms (custom)
2019-11-14 17:39:08,683 [pool-509-thread-1] INFO  server.RaftServerConfigKeys (ConfUtils.java:logGet(43)) - raft.server.rpcslowness.timeout = 120s (custom)
2019-11-14 17:39:08,683 [pool-509-thread-1] INFO  server.RaftServerConfigKeys (ConfUtils.java:logGet(43)) - raft.server.sleep.deviation.threshold = 300 (default)
2019-11-14 17:39:08,683 [pool-509-thread-1] INFO  server.RaftServerConfigKeys (ConfUtils.java:logGet(43)) - raft.server.log.appender.install.snapshot.enabled = false (custom)
2019-11-14 17:39:08,683 [pool-509-thread-1] INFO  impl.RaftServerImpl (ServerState.java:<init>(103)) - 1e2d7e4d-6af1-461d-8b85-f444d5672a79@group-EA3A918AE431: ConfigurationManager, init=-1: [1e2d7e4d-6af1-461d-8b85-f444d5672a79:192.168.157.194:43154], old=null, confs=<EMPTY_MAP>
2019-11-14 17:39:08,683 [pool-509-thread-1] INFO  server.RaftServerConfigKeys (ConfUtils.java:logGet(43)) - raft.server.storage.dir = [/workdir/hadoop-ozone/integration-test/target/test-dir/MiniOzoneClusterImpl-76142843-c060-4c87-bf9f-3caeb3385afc/datanode-0/data/ratis] (custom)
2019-11-14 17:39:08,684 [pool-509-thread-1] INFO  server.RaftServerConfigKeys (ConfUtils.java:logGet(43)) - raft.server.log.corruption.policy = EXCEPTION (default)
2019-11-14 17:39:08,684 [pool-509-thread-1] INFO  storage.RaftStorageDirectory (RaftStorageDirectory.java:analyzeStorage(246)) - The storage directory /workdir/hadoop-ozone/integration-test/target/test-dir/MiniOzoneClusterImpl-76142843-c060-4c87-bf9f-3caeb3385afc/datanode-0/data/ratis/5e8759cd-775d-4c09-8110-ea3a918ae431 does not exist. Creating ...
2019-11-14 17:39:08,717 [pool-509-thread-1] INFO  storage.RaftStorageDirectory (RaftStorageDirectory.java:tryLock(328)) - Lock on /workdir/hadoop-ozone/integration-test/target/test-dir/MiniOzoneClusterImpl-76142843-c060-4c87-bf9f-3caeb3385afc/datanode-0/data/ratis/5e8759cd-775d-4c09-8110-ea3a918ae431/in_use.lock acquired by nodename 10142@pr-hdds-2482-j87dr-2776293630
2019-11-14 17:39:08,743 [pool-509-thread-1] INFO  storage.RaftStorage (RaftStorage.java:format(84)) - Storage directory /workdir/hadoop-ozone/integration-test/target/test-dir/MiniOzoneClusterImpl-76142843-c060-4c87-bf9f-3caeb3385afc/datanode-0/data/ratis/5e8759cd-775d-4c09-8110-ea3a918ae431 has been successfully formatted.
2019-11-14 17:39:08,743 [pool-509-thread-1] INFO  ratis.ContainerStateMachine (ContainerStateMachine.java:loadSnapshot(223)) - group-EA3A918AE431: The snapshot info is null. Setting the last applied indexto:(t:0, i:~)
2019-11-14 17:39:08,743 [pool-509-thread-1] INFO  server.RaftServerConfigKeys (ConfUtils.java:logGet(43)) - raft.server.notification.no-leader.timeout = 120s (custom)
2019-11-14 17:39:08,743 [pool-509-thread-1] INFO  server.RaftServerConfigKeys (ConfUtils.java:logGet(43)) - raft.server.log.use.memory = false (default)
2019-11-14 17:39:08,743 [pool-509-thread-1] INFO  server.RaftServerConfigKeys (ConfUtils.java:logGet(43)) - raft.server.log.purge.gap = 1000000 (custom)
2019-11-14 17:39:08,743 [pool-509-thread-1] INFO  server.RaftServerConfigKeys (ConfUtils.java:logGet(43)) - raft.server.log.appender.buffer.byte-limit = 33554432 (custom)
2019-11-14 17:39:08,744 [pool-509-thread-1] INFO  server.RaftServerConfigKeys (ConfUtils.java:logGet(43)) - raft.server.log.segment.size.max = 1048576 (custom)
2019-11-14 17:39:08,744 [pool-509-thread-1] WARN  impl.MetricRegistriesImpl (MetricRegistriesImpl.java:lambda$create$1(61)) - First MetricRegistry has been created without registering reporters. You may need to call MetricRegistries.global().addReportRegistration(...) before.
2019-11-14 17:39:08,744 [pool-509-thread-1] INFO  server.RaftServerConfigKeys (ConfUtils.java:logGet(43)) - raft.server.log.segment.cache.num.max = 2 (custom)
2019-11-14 17:39:08,744 [pool-509-thread-1] INFO  segmented.SegmentedRaftLogWorker (SegmentedRaftLogWorker.java:<init>(173)) - new 1e2d7e4d-6af1-461d-8b85-f444d5672a79@group-EA3A918AE431-SegmentedRaftLogWorker for RaftStorage:Storage Directory /workdir/hadoop-ozone/integration-test/target/test-dir/MiniOzoneClusterImpl-76142843-c060-4c87-bf9f-3caeb3385afc/datanode-0/data/ratis/5e8759cd-775d-4c09-8110-ea3a918ae431
2019-11-14 17:39:08,744 [pool-509-thread-1] INFO  server.RaftServerConfigKeys (ConfUtils.java:logGet(43)) - raft.server.log.queue.byte-limit = 2147483647 (custom)
2019-11-14 17:39:08,744 [pool-509-thread-1] INFO  server.RaftServerConfigKeys (ConfUtils.java:logGet(43)) - raft.server.log.queue.element-limit = 1024 (custom)
2019-11-14 17:39:08,744 [pool-509-thread-1] INFO  server.RaftServerConfigKeys (ConfUtils.java:logGet(43)) - raft.server.log.segment.size.max = 1048576 (custom)
2019-11-14 17:39:08,744 [pool-509-thread-1] INFO  server.RaftServerConfigKeys (ConfUtils.java:logGet(43)) - raft.server.log.preallocated.size = 16384 (custom)
2019-11-14 17:39:08,745 [pool-509-thread-1] INFO  server.RaftServerConfigKeys (ConfUtils.java:logGet(43)) - raft.server.log.write.buffer.size = 33554432 (custom)
2019-11-14 17:39:08,745 [pool-509-thread-1] INFO  server.RaftServerConfigKeys (ConfUtils.java:logGet(43)) - raft.server.log.force.sync.num = 128 (default)
2019-11-14 17:39:08,745 [pool-509-thread-1] INFO  server.RaftServerConfigKeys (ConfUtils.java:logGet(43)) - raft.server.log.statemachine.data.sync = true (default)
2019-11-14 17:39:08,745 [pool-509-thread-1] INFO  server.RaftServerConfigKeys (ConfUtils.java:logGet(43)) - raft.server.log.statemachine.data.sync.timeout = 10s (default)
2019-11-14 17:39:08,745 [pool-509-thread-1] INFO  server.RaftServerConfigKeys (ConfUtils.java:logGet(43)) - raft.server.log.statemachine.data.sync.timeout.retry = -1 (default)
2019-11-14 17:39:08,745 [pool-509-thread-1] INFO  server.RaftServerConfigKeys (ConfUtils.java:logGet(43)) - raft.server.log.statemachine.data.caching.enabled = true (custom)
2019-11-14 17:39:08,746 [pool-509-thread-1] INFO  segmented.SegmentedRaftLogWorker (SegmentedRaftLogWorker.java:lambda$new$0(128)) - 1e2d7e4d-6af1-461d-8b85-f444d5672a79@group-EA3A918AE431-SegmentedRaftLogWorker: flushIndex: setUnconditionally 0 -> -1
2019-11-14 17:39:08,746 [pool-509-thread-1] INFO  server.RaftServerConfigKeys (ConfUtils.java:logGet(43)) - raft.server.snapshot.auto.trigger.enabled = true (custom)
2019-11-14 17:39:08,746 [pool-509-thread-1] INFO  server.RaftServerConfigKeys (ConfUtils.java:logGet(43)) - raft.server.snapshot.auto.trigger.threshold = 10000 (custom)
2019-11-14 17:39:08,746 [pool-509-thread-1] INFO  server.RaftServerConfigKeys (ConfUtils.java:logGet(43)) - raft.server.snapshot.retention.file.num = 5 (custom)
2019-11-14 17:39:08,747 [pool-509-thread-1] INFO  server.RaftServerConfigKeys (ConfUtils.java:logGet(43)) - raft.server.retrycache.expirytime = 600000ms (custom)
2019-11-14 17:39:08,747 [pool-509-thread-1] WARN  impl.MetricRegistriesImpl (MetricRegistriesImpl.java:lambda$create$1(61)) - First MetricRegistry has been created without registering reporters. You may need to call MetricRegistries.global().addReportRegistration(...) before.
2019-11-14 17:39:08,747 [pool-509-thread-1] WARN  impl.MetricRegistriesImpl (MetricRegistriesImpl.java:lambda$create$1(61)) - First MetricRegistry has been created without registering reporters. You may need to call MetricRegistries.global().addReportRegistration(...) before.
2019-11-14 17:39:08,747 [pool-509-thread-1] INFO  impl.RaftServerImpl (RaftServerImpl.java:start(184)) - 1e2d7e4d-6af1-461d-8b85-f444d5672a79@group-EA3A918AE431: start as a follower, conf=-1: [1e2d7e4d-6af1-461d-8b85-f444d5672a79:192.168.157.194:43154], old=null
2019-11-14 17:39:08,747 [pool-509-thread-1] INFO  impl.RaftServerImpl (RaftServerImpl.java:setRole(173)) - 1e2d7e4d-6af1-461d-8b85-f444d5672a79@group-EA3A918AE431: changes role from      null to FOLLOWER at term 0 for startAsFollower
2019-11-14 17:39:08,748 [pool-509-thread-1] INFO  impl.RoleInfo (RoleInfo.java:updateAndGet(143)) - 1e2d7e4d-6af1-461d-8b85-f444d5672a79: start FollowerState
2019-11-14 17:39:08,748 [pool-509-thread-1] INFO  util.JmxRegister (JmxRegister.java:tryRegister(44)) - Successfully registered JMX Bean with object name Ratis:service=RaftServer,group=group-EA3A918AE431,id=1e2d7e4d-6af1-461d-8b85-f444d5672a79
2019-11-14 17:39:08,748 [pool-509-thread-1] WARN  impl.MetricRegistriesImpl (MetricRegistriesImpl.java:lambda$create$1(61)) - First MetricRegistry has been created without registering reporters. You may need to call MetricRegistries.global().addReportRegistration(...) before.
2019-11-14 17:39:08,751 [IPC Server handler 8 on 35323] INFO  net.NetworkTopology (NetworkTopologyImpl.java:add(111)) - Added a new node: /rack1/9f70b324-be48-4d43-8f47-cd647748f9c6
2019-11-14 17:39:08,751 [RatisPipelineUtilsThread] INFO  pipeline.PipelineStateManager (PipelineStateManager.java:addPipeline(55)) - Created pipeline Pipeline[ Id: 5e8759cd-775d-4c09-8110-ea3a918ae431, Nodes: 1e2d7e4d-6af1-461d-8b85-f444d5672a79{ip: 192.168.157.194, host: pr-hdds-2482-j87dr-2776293630, networkLocation: /rack1, certSerialId: null}, Type:RATIS, Factor:ONE, State:ALLOCATED]
2019-11-14 17:39:08,752 [IPC Server handler 8 on 35323] INFO  node.SCMNodeManager (SCMNodeManager.java:register(267)) - Registered Data node : 9f70b324-be48-4d43-8f47-cd647748f9c6{ip: 192.168.157.194, host: pr-hdds-2482-j87dr-2776293630, networkLocation: /rack1, certSerialId: null}
2019-11-14 17:39:08,759 [grpc-default-executor-5] INFO  impl.RaftServerProxy (RaftServerProxy.java:addNew(89)) - 9f70b324-be48-4d43-8f47-cd647748f9c6: addNew group-8738E89BC2BB:[9f70b324-be48-4d43-8f47-cd647748f9c6:192.168.157.194:39672] returns group-8738E89BC2BB:java.util.concurrent.CompletableFuture@6cdbf335[Not completed]
2019-11-14 17:39:08,760 [pool-519-thread-1] INFO  impl.RaftServerImpl (RaftServerImpl.java:<init>(98)) - 9f70b324-be48-4d43-8f47-cd647748f9c6: new RaftServerImpl for group-8738E89BC2BB:[9f70b324-be48-4d43-8f47-cd647748f9c6:192.168.157.194:39672] with ContainerStateMachine:uninitialized
2019-11-14 17:39:08,761 [pool-519-thread-1] INFO  server.RaftServerConfigKeys (ConfUtils.java:logGet(43)) - raft.server.rpc.timeout.min = 1s (custom)
2019-11-14 17:39:08,761 [pool-519-thread-1] INFO  server.RaftServerConfigKeys (ConfUtils.java:logGet(43)) - raft.server.rpc.timeout.max = 1200ms (custom)
2019-11-14 17:39:08,761 [pool-519-thread-1] INFO  server.RaftServerConfigKeys (ConfUtils.java:logGet(43)) - raft.server.rpcslowness.timeout = 120s (custom)
2019-11-14 17:39:08,761 [pool-519-thread-1] INFO  server.RaftServerConfigKeys (ConfUtils.java:logGet(43)) - raft.server.sleep.deviation.threshold = 300 (default)
2019-11-14 17:39:08,761 [pool-519-thread-1] INFO  server.RaftServerConfigKeys (ConfUtils.java:logGet(43)) - raft.server.log.appender.install.snapshot.enabled = false (custom)
2019-11-14 17:39:08,761 [pool-519-thread-1] INFO  impl.RaftServerImpl (ServerState.java:<init>(103)) - 9f70b324-be48-4d43-8f47-cd647748f9c6@group-8738E89BC2BB: ConfigurationManager, init=-1: [9f70b324-be48-4d43-8f47-cd647748f9c6:192.168.157.194:39672], old=null, confs=<EMPTY_MAP>
2019-11-14 17:39:08,761 [pool-519-thread-1] INFO  server.RaftServerConfigKeys (ConfUtils.java:logGet(43)) - raft.server.storage.dir = [/workdir/hadoop-ozone/integration-test/target/test-dir/MiniOzoneClusterImpl-76142843-c060-4c87-bf9f-3caeb3385afc/datanode-1/data/ratis] (custom)
2019-11-14 17:39:08,762 [pool-519-thread-1] INFO  server.RaftServerConfigKeys (ConfUtils.java:logGet(43)) - raft.server.log.corruption.policy = EXCEPTION (default)
2019-11-14 17:39:08,762 [pool-519-thread-1] INFO  storage.RaftStorageDirectory (RaftStorageDirectory.java:analyzeStorage(246)) - The storage directory /workdir/hadoop-ozone/integration-test/target/test-dir/MiniOzoneClusterImpl-76142843-c060-4c87-bf9f-3caeb3385afc/datanode-1/data/ratis/74c82bf6-a028-4600-b65f-8738e89bc2bb does not exist. Creating ...
2019-11-14 17:39:08,785 [pool-519-thread-1] INFO  storage.RaftStorageDirectory (RaftStorageDirectory.java:tryLock(328)) - Lock on /workdir/hadoop-ozone/integration-test/target/test-dir/MiniOzoneClusterImpl-76142843-c060-4c87-bf9f-3caeb3385afc/datanode-1/data/ratis/74c82bf6-a028-4600-b65f-8738e89bc2bb/in_use.lock acquired by nodename 10142@pr-hdds-2482-j87dr-2776293630
2019-11-14 17:39:08,810 [pool-519-thread-1] INFO  storage.RaftStorage (RaftStorage.java:format(84)) - Storage directory /workdir/hadoop-ozone/integration-test/target/test-dir/MiniOzoneClusterImpl-76142843-c060-4c87-bf9f-3caeb3385afc/datanode-1/data/ratis/74c82bf6-a028-4600-b65f-8738e89bc2bb has been successfully formatted.
2019-11-14 17:39:08,810 [pool-519-thread-1] INFO  ratis.ContainerStateMachine (ContainerStateMachine.java:loadSnapshot(223)) - group-8738E89BC2BB: The snapshot info is null. Setting the last applied indexto:(t:0, i:~)
2019-11-14 17:39:08,811 [pool-519-thread-1] INFO  server.RaftServerConfigKeys (ConfUtils.java:logGet(43)) - raft.server.notification.no-leader.timeout = 120s (custom)
2019-11-14 17:39:08,811 [pool-519-thread-1] INFO  server.RaftServerConfigKeys (ConfUtils.java:logGet(43)) - raft.server.log.use.memory = false (default)
2019-11-14 17:39:08,811 [pool-519-thread-1] INFO  server.RaftServerConfigKeys (ConfUtils.java:logGet(43)) - raft.server.log.purge.gap = 1000000 (custom)
2019-11-14 17:39:08,811 [pool-519-thread-1] INFO  server.RaftServerConfigKeys (ConfUtils.java:logGet(43)) - raft.server.log.appender.buffer.byte-limit = 33554432 (custom)
2019-11-14 17:39:08,811 [pool-519-thread-1] INFO  server.RaftServerConfigKeys (ConfUtils.java:logGet(43)) - raft.server.log.segment.size.max = 1048576 (custom)
2019-11-14 17:39:08,811 [pool-519-thread-1] WARN  impl.MetricRegistriesImpl (MetricRegistriesImpl.java:lambda$create$1(61)) - First MetricRegistry has been created without registering reporters. You may need to call MetricRegistries.global().addReportRegistration(...) before.
2019-11-14 17:39:08,811 [pool-519-thread-1] INFO  server.RaftServerConfigKeys (ConfUtils.java:logGet(43)) - raft.server.log.segment.cache.num.max = 2 (custom)
2019-11-14 17:39:08,811 [pool-519-thread-1] INFO  segmented.SegmentedRaftLogWorker (SegmentedRaftLogWorker.java:<init>(173)) - new 9f70b324-be48-4d43-8f47-cd647748f9c6@group-8738E89BC2BB-SegmentedRaftLogWorker for RaftStorage:Storage Directory /workdir/hadoop-ozone/integration-test/target/test-dir/MiniOzoneClusterImpl-76142843-c060-4c87-bf9f-3caeb3385afc/datanode-1/data/ratis/74c82bf6-a028-4600-b65f-8738e89bc2bb
2019-11-14 17:39:08,812 [pool-519-thread-1] INFO  server.RaftServerConfigKeys (ConfUtils.java:logGet(43)) - raft.server.log.queue.byte-limit = 2147483647 (custom)
2019-11-14 17:39:08,812 [pool-519-thread-1] INFO  server.RaftServerConfigKeys (ConfUtils.java:logGet(43)) - raft.server.log.queue.element-limit = 1024 (custom)
2019-11-14 17:39:08,812 [pool-519-thread-1] INFO  server.RaftServerConfigKeys (ConfUtils.java:logGet(43)) - raft.server.log.segment.size.max = 1048576 (custom)
2019-11-14 17:39:08,812 [pool-519-thread-1] INFO  server.RaftServerConfigKeys (ConfUtils.java:logGet(43)) - raft.server.log.preallocated.size = 16384 (custom)
2019-11-14 17:39:08,812 [pool-519-thread-1] INFO  server.RaftServerConfigKeys (ConfUtils.java:logGet(43)) - raft.server.log.write.buffer.size = 33554432 (custom)
2019-11-14 17:39:08,812 [pool-519-thread-1] INFO  server.RaftServerConfigKeys (ConfUtils.java:logGet(43)) - raft.server.log.force.sync.num = 128 (default)
2019-11-14 17:39:08,812 [pool-519-thread-1] INFO  server.RaftServerConfigKeys (ConfUtils.java:logGet(43)) - raft.server.log.statemachine.data.sync = true (default)
2019-11-14 17:39:08,812 [pool-519-thread-1] INFO  server.RaftServerConfigKeys (ConfUtils.java:logGet(43)) - raft.server.log.statemachine.data.sync.timeout = 10s (default)
2019-11-14 17:39:08,812 [pool-519-thread-1] INFO  server.RaftServerConfigKeys (ConfUtils.java:logGet(43)) - raft.server.log.statemachine.data.sync.timeout.retry = -1 (default)
2019-11-14 17:39:08,813 [pool-519-thread-1] INFO  server.RaftServerConfigKeys (ConfUtils.java:logGet(43)) - raft.server.log.statemachine.data.caching.enabled = true (custom)
2019-11-14 17:39:08,813 [pool-519-thread-1] INFO  segmented.SegmentedRaftLogWorker (SegmentedRaftLogWorker.java:lambda$new$0(128)) - 9f70b324-be48-4d43-8f47-cd647748f9c6@group-8738E89BC2BB-SegmentedRaftLogWorker: flushIndex: setUnconditionally 0 -> -1
2019-11-14 17:39:08,813 [pool-519-thread-1] INFO  server.RaftServerConfigKeys (ConfUtils.java:logGet(43)) - raft.server.snapshot.auto.trigger.enabled = true (custom)
2019-11-14 17:39:08,813 [pool-519-thread-1] INFO  server.RaftServerConfigKeys (ConfUtils.java:logGet(43)) - raft.server.snapshot.auto.trigger.threshold = 10000 (custom)
2019-11-14 17:39:08,814 [pool-519-thread-1] INFO  server.RaftServerConfigKeys (ConfUtils.java:logGet(43)) - raft.server.snapshot.retention.file.num = 5 (custom)
2019-11-14 17:39:08,814 [pool-519-thread-1] INFO  server.RaftServerConfigKeys (ConfUtils.java:logGet(43)) - raft.server.retrycache.expirytime = 600000ms (custom)
2019-11-14 17:39:08,814 [pool-519-thread-1] WARN  impl.MetricRegistriesImpl (MetricRegistriesImpl.java:lambda$create$1(61)) - First MetricRegistry has been created without registering reporters. You may need to call MetricRegistries.global().addReportRegistration(...) before.
2019-11-14 17:39:08,814 [pool-519-thread-1] WARN  impl.MetricRegistriesImpl (MetricRegistriesImpl.java:lambda$create$1(61)) - First MetricRegistry has been created without registering reporters. You may need to call MetricRegistries.global().addReportRegistration(...) before.
2019-11-14 17:39:08,814 [pool-519-thread-1] INFO  impl.RaftServerImpl (RaftServerImpl.java:start(184)) - 9f70b324-be48-4d43-8f47-cd647748f9c6@group-8738E89BC2BB: start as a follower, conf=-1: [9f70b324-be48-4d43-8f47-cd647748f9c6:192.168.157.194:39672], old=null
2019-11-14 17:39:08,814 [pool-519-thread-1] INFO  impl.RaftServerImpl (RaftServerImpl.java:setRole(173)) - 9f70b324-be48-4d43-8f47-cd647748f9c6@group-8738E89BC2BB: changes role from      null to FOLLOWER at term 0 for startAsFollower
2019-11-14 17:39:08,814 [pool-519-thread-1] INFO  impl.RoleInfo (RoleInfo.java:updateAndGet(143)) - 9f70b324-be48-4d43-8f47-cd647748f9c6: start FollowerState
2019-11-14 17:39:08,815 [pool-519-thread-1] INFO  util.JmxRegister (JmxRegister.java:tryRegister(44)) - Successfully registered JMX Bean with object name Ratis:service=RaftServer,group=group-8738E89BC2BB,id=9f70b324-be48-4d43-8f47-cd647748f9c6
2019-11-14 17:39:08,815 [pool-519-thread-1] WARN  impl.MetricRegistriesImpl (MetricRegistriesImpl.java:lambda$create$1(61)) - First MetricRegistry has been created without registering reporters. You may need to call MetricRegistries.global().addReportRegistration(...) before.
2019-11-14 17:39:08,817 [RatisPipelineUtilsThread] INFO  pipeline.PipelineStateManager (PipelineStateManager.java:addPipeline(55)) - Created pipeline Pipeline[ Id: 74c82bf6-a028-4600-b65f-8738e89bc2bb, Nodes: 9f70b324-be48-4d43-8f47-cd647748f9c6{ip: 192.168.157.194, host: pr-hdds-2482-j87dr-2776293630, networkLocation: /rack1, certSerialId: null}, Type:RATIS, Factor:ONE, State:ALLOCATED]
2019-11-14 17:39:08,833 [IPC Server handler 10 on 35323] INFO  net.NetworkTopology (NetworkTopologyImpl.java:add(111)) - Added a new node: /rack1/4fcb6245-7b52-48ea-a68b-fda0132084cd
2019-11-14 17:39:08,833 [IPC Server handler 10 on 35323] INFO  node.SCMNodeManager (SCMNodeManager.java:register(267)) - Registered Data node : 4fcb6245-7b52-48ea-a68b-fda0132084cd{ip: 192.168.157.194, host: pr-hdds-2482-j87dr-2776293630, networkLocation: /rack1, certSerialId: null}
2019-11-14 17:39:08,839 [grpc-default-executor-5] INFO  impl.RaftServerProxy (RaftServerProxy.java:addNew(89)) - 4fcb6245-7b52-48ea-a68b-fda0132084cd: addNew group-C2ABFF70BF66:[4fcb6245-7b52-48ea-a68b-fda0132084cd:192.168.157.194:33953] returns group-C2ABFF70BF66:java.util.concurrent.CompletableFuture@171621f6[Not completed]
2019-11-14 17:39:08,840 [pool-529-thread-1] INFO  impl.RaftServerImpl (RaftServerImpl.java:<init>(98)) - 4fcb6245-7b52-48ea-a68b-fda0132084cd: new RaftServerImpl for group-C2ABFF70BF66:[4fcb6245-7b52-48ea-a68b-fda0132084cd:192.168.157.194:33953] with ContainerStateMachine:uninitialized
2019-11-14 17:39:08,840 [pool-529-thread-1] INFO  server.RaftServerConfigKeys (ConfUtils.java:logGet(43)) - raft.server.rpc.timeout.min = 1s (custom)
2019-11-14 17:39:08,840 [pool-529-thread-1] INFO  server.RaftServerConfigKeys (ConfUtils.java:logGet(43)) - raft.server.rpc.timeout.max = 1200ms (custom)
2019-11-14 17:39:08,840 [pool-529-thread-1] INFO  server.RaftServerConfigKeys (ConfUtils.java:logGet(43)) - raft.server.rpcslowness.timeout = 120s (custom)
2019-11-14 17:39:08,840 [pool-529-thread-1] INFO  server.RaftServerConfigKeys (ConfUtils.java:logGet(43)) - raft.server.sleep.deviation.threshold = 300 (default)
2019-11-14 17:39:08,841 [pool-529-thread-1] INFO  server.RaftServerConfigKeys (ConfUtils.java:logGet(43)) - raft.server.log.appender.install.snapshot.enabled = false (custom)
2019-11-14 17:39:08,841 [pool-529-thread-1] INFO  impl.RaftServerImpl (ServerState.java:<init>(103)) - 4fcb6245-7b52-48ea-a68b-fda0132084cd@group-C2ABFF70BF66: ConfigurationManager, init=-1: [4fcb6245-7b52-48ea-a68b-fda0132084cd:192.168.157.194:33953], old=null, confs=<EMPTY_MAP>
2019-11-14 17:39:08,841 [pool-529-thread-1] INFO  server.RaftServerConfigKeys (ConfUtils.java:logGet(43)) - raft.server.storage.dir = [/workdir/hadoop-ozone/integration-test/target/test-dir/MiniOzoneClusterImpl-76142843-c060-4c87-bf9f-3caeb3385afc/datanode-2/data/ratis] (custom)
2019-11-14 17:39:08,841 [pool-529-thread-1] INFO  server.RaftServerConfigKeys (ConfUtils.java:logGet(43)) - raft.server.log.corruption.policy = EXCEPTION (default)
2019-11-14 17:39:08,841 [pool-529-thread-1] INFO  storage.RaftStorageDirectory (RaftStorageDirectory.java:analyzeStorage(246)) - The storage directory /workdir/hadoop-ozone/integration-test/target/test-dir/MiniOzoneClusterImpl-76142843-c060-4c87-bf9f-3caeb3385afc/datanode-2/data/ratis/a5a5a065-1858-4975-bead-c2abff70bf66 does not exist. Creating ...
2019-11-14 17:39:08,869 [pool-529-thread-1] INFO  storage.RaftStorageDirectory (RaftStorageDirectory.java:tryLock(328)) - Lock on /workdir/hadoop-ozone/integration-test/target/test-dir/MiniOzoneClusterImpl-76142843-c060-4c87-bf9f-3caeb3385afc/datanode-2/data/ratis/a5a5a065-1858-4975-bead-c2abff70bf66/in_use.lock acquired by nodename 10142@pr-hdds-2482-j87dr-2776293630
2019-11-14 17:39:08,894 [pool-529-thread-1] INFO  storage.RaftStorage (RaftStorage.java:format(84)) - Storage directory /workdir/hadoop-ozone/integration-test/target/test-dir/MiniOzoneClusterImpl-76142843-c060-4c87-bf9f-3caeb3385afc/datanode-2/data/ratis/a5a5a065-1858-4975-bead-c2abff70bf66 has been successfully formatted.
2019-11-14 17:39:08,895 [pool-529-thread-1] INFO  ratis.ContainerStateMachine (ContainerStateMachine.java:loadSnapshot(223)) - group-C2ABFF70BF66: The snapshot info is null. Setting the last applied indexto:(t:0, i:~)
2019-11-14 17:39:08,895 [pool-529-thread-1] INFO  server.RaftServerConfigKeys (ConfUtils.java:logGet(43)) - raft.server.notification.no-leader.timeout = 120s (custom)
2019-11-14 17:39:08,895 [pool-529-thread-1] INFO  server.RaftServerConfigKeys (ConfUtils.java:logGet(43)) - raft.server.log.use.memory = false (default)
2019-11-14 17:39:08,895 [pool-529-thread-1] INFO  server.RaftServerConfigKeys (ConfUtils.java:logGet(43)) - raft.server.log.purge.gap = 1000000 (custom)
2019-11-14 17:39:08,895 [pool-529-thread-1] INFO  server.RaftServerConfigKeys (ConfUtils.java:logGet(43)) - raft.server.log.appender.buffer.byte-limit = 33554432 (custom)
2019-11-14 17:39:08,895 [pool-529-thread-1] INFO  server.RaftServerConfigKeys (ConfUtils.java:logGet(43)) - raft.server.log.segment.size.max = 1048576 (custom)
2019-11-14 17:39:08,896 [pool-529-thread-1] WARN  impl.MetricRegistriesImpl (MetricRegistriesImpl.java:lambda$create$1(61)) - First MetricRegistry has been created without registering reporters. You may need to call MetricRegistries.global().addReportRegistration(...) before.
2019-11-14 17:39:08,896 [pool-529-thread-1] INFO  server.RaftServerConfigKeys (ConfUtils.java:logGet(43)) - raft.server.log.segment.cache.num.max = 2 (custom)
2019-11-14 17:39:08,896 [pool-529-thread-1] INFO  segmented.SegmentedRaftLogWorker (SegmentedRaftLogWorker.java:<init>(173)) - new 4fcb6245-7b52-48ea-a68b-fda0132084cd@group-C2ABFF70BF66-SegmentedRaftLogWorker for RaftStorage:Storage Directory /workdir/hadoop-ozone/integration-test/target/test-dir/MiniOzoneClusterImpl-76142843-c060-4c87-bf9f-3caeb3385afc/datanode-2/data/ratis/a5a5a065-1858-4975-bead-c2abff70bf66
2019-11-14 17:39:08,896 [pool-529-thread-1] INFO  server.RaftServerConfigKeys (ConfUtils.java:logGet(43)) - raft.server.log.queue.byte-limit = 2147483647 (custom)
2019-11-14 17:39:08,896 [pool-529-thread-1] INFO  server.RaftServerConfigKeys (ConfUtils.java:logGet(43)) - raft.server.log.queue.element-limit = 1024 (custom)
2019-11-14 17:39:08,896 [pool-529-thread-1] INFO  server.RaftServerConfigKeys (ConfUtils.java:logGet(43)) - raft.server.log.segment.size.max = 1048576 (custom)
2019-11-14 17:39:08,896 [pool-529-thread-1] INFO  server.RaftServerConfigKeys (ConfUtils.java:logGet(43)) - raft.server.log.preallocated.size = 16384 (custom)
2019-11-14 17:39:08,896 [pool-529-thread-1] INFO  server.RaftServerConfigKeys (ConfUtils.java:logGet(43)) - raft.server.log.write.buffer.size = 33554432 (custom)
2019-11-14 17:39:08,897 [pool-529-thread-1] INFO  server.RaftServerConfigKeys (ConfUtils.java:logGet(43)) - raft.server.log.force.sync.num = 128 (default)
2019-11-14 17:39:08,897 [pool-529-thread-1] INFO  server.RaftServerConfigKeys (ConfUtils.java:logGet(43)) - raft.server.log.statemachine.data.sync = true (default)
2019-11-14 17:39:08,897 [pool-529-thread-1] INFO  server.RaftServerConfigKeys (ConfUtils.java:logGet(43)) - raft.server.log.statemachine.data.sync.timeout = 10s (default)
2019-11-14 17:39:08,897 [pool-529-thread-1] INFO  server.RaftServerConfigKeys (ConfUtils.java:logGet(43)) - raft.server.log.statemachine.data.sync.timeout.retry = -1 (default)
2019-11-14 17:39:08,897 [pool-529-thread-1] INFO  server.RaftServerConfigKeys (ConfUtils.java:logGet(43)) - raft.server.log.statemachine.data.caching.enabled = true (custom)
2019-11-14 17:39:08,898 [pool-529-thread-1] INFO  segmented.SegmentedRaftLogWorker (SegmentedRaftLogWorker.java:lambda$new$0(128)) - 4fcb6245-7b52-48ea-a68b-fda0132084cd@group-C2ABFF70BF66-SegmentedRaftLogWorker: flushIndex: setUnconditionally 0 -> -1
2019-11-14 17:39:08,898 [pool-529-thread-1] INFO  server.RaftServerConfigKeys (ConfUtils.java:logGet(43)) - raft.server.snapshot.auto.trigger.enabled = true (custom)
2019-11-14 17:39:08,898 [pool-529-thread-1] INFO  server.RaftServerConfigKeys (ConfUtils.java:logGet(43)) - raft.server.snapshot.auto.trigger.threshold = 10000 (custom)
2019-11-14 17:39:08,898 [pool-529-thread-1] INFO  server.RaftServerConfigKeys (ConfUtils.java:logGet(43)) - raft.server.snapshot.retention.file.num = 5 (custom)
2019-11-14 17:39:08,898 [pool-529-thread-1] INFO  server.RaftServerConfigKeys (ConfUtils.java:logGet(43)) - raft.server.retrycache.expirytime = 600000ms (custom)
2019-11-14 17:39:08,898 [pool-529-thread-1] WARN  impl.MetricRegistriesImpl (MetricRegistriesImpl.java:lambda$create$1(61)) - First MetricRegistry has been created without registering reporters. You may need to call MetricRegistries.global().addReportRegistration(...) before.
2019-11-14 17:39:08,899 [pool-529-thread-1] WARN  impl.MetricRegistriesImpl (MetricRegistriesImpl.java:lambda$create$1(61)) - First MetricRegistry has been created without registering reporters. You may need to call MetricRegistries.global().addReportRegistration(...) before.
2019-11-14 17:39:08,899 [pool-529-thread-1] INFO  impl.RaftServerImpl (RaftServerImpl.java:start(184)) - 4fcb6245-7b52-48ea-a68b-fda0132084cd@group-C2ABFF70BF66: start as a follower, conf=-1: [4fcb6245-7b52-48ea-a68b-fda0132084cd:192.168.157.194:33953], old=null
2019-11-14 17:39:08,899 [pool-529-thread-1] INFO  impl.RaftServerImpl (RaftServerImpl.java:setRole(173)) - 4fcb6245-7b52-48ea-a68b-fda0132084cd@group-C2ABFF70BF66: changes role from      null to FOLLOWER at term 0 for startAsFollower
2019-11-14 17:39:08,899 [pool-529-thread-1] INFO  impl.RoleInfo (RoleInfo.java:updateAndGet(143)) - 4fcb6245-7b52-48ea-a68b-fda0132084cd: start FollowerState
2019-11-14 17:39:08,900 [pool-529-thread-1] INFO  util.JmxRegister (JmxRegister.java:tryRegister(44)) - Successfully registered JMX Bean with object name Ratis:service=RaftServer,group=group-C2ABFF70BF66,id=4fcb6245-7b52-48ea-a68b-fda0132084cd
2019-11-14 17:39:08,900 [pool-529-thread-1] WARN  impl.MetricRegistriesImpl (MetricRegistriesImpl.java:lambda$create$1(61)) - First MetricRegistry has been created without registering reporters. You may need to call MetricRegistries.global().addReportRegistration(...) before.
2019-11-14 17:39:08,902 [RatisPipelineUtilsThread] INFO  pipeline.PipelineStateManager (PipelineStateManager.java:addPipeline(55)) - Created pipeline Pipeline[ Id: a5a5a065-1858-4975-bead-c2abff70bf66, Nodes: 4fcb6245-7b52-48ea-a68b-fda0132084cd{ip: 192.168.157.194, host: pr-hdds-2482-j87dr-2776293630, networkLocation: /rack1, certSerialId: null}, Type:RATIS, Factor:ONE, State:ALLOCATED]
2019-11-14 17:39:08,907 [IPC Server handler 2 on 35323] INFO  net.NetworkTopology (NetworkTopologyImpl.java:add(111)) - Added a new node: /rack1/da9d3605-d5bb-4af4-b35f-64e6f231f8df
2019-11-14 17:39:08,907 [IPC Server handler 2 on 35323] INFO  node.SCMNodeManager (SCMNodeManager.java:register(267)) - Registered Data node : da9d3605-d5bb-4af4-b35f-64e6f231f8df{ip: 192.168.157.194, host: pr-hdds-2482-j87dr-2776293630, networkLocation: /rack1, certSerialId: null}
2019-11-14 17:39:08,915 [grpc-default-executor-2] INFO  impl.RaftServerProxy (RaftServerProxy.java:addNew(89)) - 9f70b324-be48-4d43-8f47-cd647748f9c6: addNew group-8A7698DEED1E:[4fcb6245-7b52-48ea-a68b-fda0132084cd:192.168.157.194:33953, 9f70b324-be48-4d43-8f47-cd647748f9c6:192.168.157.194:39672, 1e2d7e4d-6af1-461d-8b85-f444d5672a79:192.168.157.194:43154] returns group-8A7698DEED1E:java.util.concurrent.CompletableFuture@4bc8233f[Not completed]
2019-11-14 17:39:08,916 [grpc-default-executor-3] INFO  impl.RaftServerProxy (RaftServerProxy.java:addNew(89)) - 1e2d7e4d-6af1-461d-8b85-f444d5672a79: addNew group-8A7698DEED1E:[4fcb6245-7b52-48ea-a68b-fda0132084cd:192.168.157.194:33953, 9f70b324-be48-4d43-8f47-cd647748f9c6:192.168.157.194:39672, 1e2d7e4d-6af1-461d-8b85-f444d5672a79:192.168.157.194:43154] returns group-8A7698DEED1E:java.util.concurrent.CompletableFuture@4cf2d667[Not completed]
2019-11-14 17:39:08,916 [grpc-default-executor-5] INFO  impl.RaftServerProxy (RaftServerProxy.java:addNew(89)) - 4fcb6245-7b52-48ea-a68b-fda0132084cd: addNew group-8A7698DEED1E:[4fcb6245-7b52-48ea-a68b-fda0132084cd:192.168.157.194:33953, 9f70b324-be48-4d43-8f47-cd647748f9c6:192.168.157.194:39672, 1e2d7e4d-6af1-461d-8b85-f444d5672a79:192.168.157.194:43154] returns group-8A7698DEED1E:java.util.concurrent.CompletableFuture@30d4b490[Not completed]
2019-11-14 17:39:08,917 [pool-519-thread-1] INFO  impl.RaftServerImpl (RaftServerImpl.java:<init>(98)) - 9f70b324-be48-4d43-8f47-cd647748f9c6: new RaftServerImpl for group-8A7698DEED1E:[4fcb6245-7b52-48ea-a68b-fda0132084cd:192.168.157.194:33953, 9f70b324-be48-4d43-8f47-cd647748f9c6:192.168.157.194:39672, 1e2d7e4d-6af1-461d-8b85-f444d5672a79:192.168.157.194:43154] with ContainerStateMachine:uninitialized
2019-11-14 17:39:08,917 [pool-519-thread-1] INFO  server.RaftServerConfigKeys (ConfUtils.java:logGet(43)) - raft.server.rpc.timeout.min = 1s (custom)
2019-11-14 17:39:08,917 [pool-519-thread-1] INFO  server.RaftServerConfigKeys (ConfUtils.java:logGet(43)) - raft.server.rpc.timeout.max = 1200ms (custom)
2019-11-14 17:39:08,917 [pool-519-thread-1] INFO  server.RaftServerConfigKeys (ConfUtils.java:logGet(43)) - raft.server.rpcslowness.timeout = 120s (custom)
2019-11-14 17:39:08,917 [pool-519-thread-1] INFO  server.RaftServerConfigKeys (ConfUtils.java:logGet(43)) - raft.server.sleep.deviation.threshold = 300 (default)
2019-11-14 17:39:08,918 [pool-529-thread-1] INFO  impl.RaftServerImpl (RaftServerImpl.java:<init>(98)) - 4fcb6245-7b52-48ea-a68b-fda0132084cd: new RaftServerImpl for group-8A7698DEED1E:[4fcb6245-7b52-48ea-a68b-fda0132084cd:192.168.157.194:33953, 9f70b324-be48-4d43-8f47-cd647748f9c6:192.168.157.194:39672, 1e2d7e4d-6af1-461d-8b85-f444d5672a79:192.168.157.194:43154] with ContainerStateMachine:uninitialized
2019-11-14 17:39:08,918 [pool-519-thread-1] INFO  server.RaftServerConfigKeys (ConfUtils.java:logGet(43)) - raft.server.log.appender.install.snapshot.enabled = false (custom)
2019-11-14 17:39:08,918 [pool-529-thread-1] INFO  server.RaftServerConfigKeys (ConfUtils.java:logGet(43)) - raft.server.rpc.timeout.min = 1s (custom)
2019-11-14 17:39:08,918 [pool-519-thread-1] INFO  impl.RaftServerImpl (ServerState.java:<init>(103)) - 9f70b324-be48-4d43-8f47-cd647748f9c6@group-8A7698DEED1E: ConfigurationManager, init=-1: [4fcb6245-7b52-48ea-a68b-fda0132084cd:192.168.157.194:33953, 9f70b324-be48-4d43-8f47-cd647748f9c6:192.168.157.194:39672, 1e2d7e4d-6af1-461d-8b85-f444d5672a79:192.168.157.194:43154], old=null, confs=<EMPTY_MAP>
2019-11-14 17:39:08,918 [pool-529-thread-1] INFO  server.RaftServerConfigKeys (ConfUtils.java:logGet(43)) - raft.server.rpc.timeout.max = 1200ms (custom)
2019-11-14 17:39:08,918 [pool-519-thread-1] INFO  server.RaftServerConfigKeys (ConfUtils.java:logGet(43)) - raft.server.storage.dir = [/workdir/hadoop-ozone/integration-test/target/test-dir/MiniOzoneClusterImpl-76142843-c060-4c87-bf9f-3caeb3385afc/datanode-1/data/ratis] (custom)
2019-11-14 17:39:08,918 [pool-509-thread-1] INFO  impl.RaftServerImpl (RaftServerImpl.java:<init>(98)) - 1e2d7e4d-6af1-461d-8b85-f444d5672a79: new RaftServerImpl for group-8A7698DEED1E:[4fcb6245-7b52-48ea-a68b-fda0132084cd:192.168.157.194:33953, 9f70b324-be48-4d43-8f47-cd647748f9c6:192.168.157.194:39672, 1e2d7e4d-6af1-461d-8b85-f444d5672a79:192.168.157.194:43154] with ContainerStateMachine:uninitialized
2019-11-14 17:39:08,918 [pool-529-thread-1] INFO  server.RaftServerConfigKeys (ConfUtils.java:logGet(43)) - raft.server.rpcslowness.timeout = 120s (custom)
2019-11-14 17:39:08,919 [pool-519-thread-1] INFO  server.RaftServerConfigKeys (ConfUtils.java:logGet(43)) - raft.server.log.corruption.policy = EXCEPTION (default)
2019-11-14 17:39:08,919 [pool-509-thread-1] INFO  server.RaftServerConfigKeys (ConfUtils.java:logGet(43)) - raft.server.rpc.timeout.min = 1s (custom)
2019-11-14 17:39:08,919 [pool-529-thread-1] INFO  server.RaftServerConfigKeys (ConfUtils.java:logGet(43)) - raft.server.sleep.deviation.threshold = 300 (default)
2019-11-14 17:39:08,919 [pool-519-thread-1] INFO  storage.RaftStorageDirectory (RaftStorageDirectory.java:analyzeStorage(246)) - The storage directory /workdir/hadoop-ozone/integration-test/target/test-dir/MiniOzoneClusterImpl-76142843-c060-4c87-bf9f-3caeb3385afc/datanode-1/data/ratis/0c7b9cf5-1cd8-4c88-851f-8a7698deed1e does not exist. Creating ...
2019-11-14 17:39:08,919 [pool-509-thread-1] INFO  server.RaftServerConfigKeys (ConfUtils.java:logGet(43)) - raft.server.rpc.timeout.max = 1200ms (custom)
2019-11-14 17:39:08,919 [pool-529-thread-1] INFO  server.RaftServerConfigKeys (ConfUtils.java:logGet(43)) - raft.server.log.appender.install.snapshot.enabled = false (custom)
2019-11-14 17:39:08,919 [pool-509-thread-1] INFO  server.RaftServerConfigKeys (ConfUtils.java:logGet(43)) - raft.server.rpcslowness.timeout = 120s (custom)
2019-11-14 17:39:08,920 [pool-529-thread-1] INFO  impl.RaftServerImpl (ServerState.java:<init>(103)) - 4fcb6245-7b52-48ea-a68b-fda0132084cd@group-8A7698DEED1E: ConfigurationManager, init=-1: [4fcb6245-7b52-48ea-a68b-fda0132084cd:192.168.157.194:33953, 9f70b324-be48-4d43-8f47-cd647748f9c6:192.168.157.194:39672, 1e2d7e4d-6af1-461d-8b85-f444d5672a79:192.168.157.194:43154], old=null, confs=<EMPTY_MAP>
2019-11-14 17:39:08,920 [pool-509-thread-1] INFO  server.RaftServerConfigKeys (ConfUtils.java:logGet(43)) - raft.server.sleep.deviation.threshold = 300 (default)
2019-11-14 17:39:08,920 [pool-529-thread-1] INFO  server.RaftServerConfigKeys (ConfUtils.java:logGet(43)) - raft.server.storage.dir = [/workdir/hadoop-ozone/integration-test/target/test-dir/MiniOzoneClusterImpl-76142843-c060-4c87-bf9f-3caeb3385afc/datanode-2/data/ratis] (custom)
2019-11-14 17:39:08,920 [pool-509-thread-1] INFO  server.RaftServerConfigKeys (ConfUtils.java:logGet(43)) - raft.server.log.appender.install.snapshot.enabled = false (custom)
2019-11-14 17:39:08,920 [pool-529-thread-1] INFO  server.RaftServerConfigKeys (ConfUtils.java:logGet(43)) - raft.server.log.corruption.policy = EXCEPTION (default)
2019-11-14 17:39:08,920 [pool-509-thread-1] INFO  impl.RaftServerImpl (ServerState.java:<init>(103)) - 1e2d7e4d-6af1-461d-8b85-f444d5672a79@group-8A7698DEED1E: ConfigurationManager, init=-1: [4fcb6245-7b52-48ea-a68b-fda0132084cd:192.168.157.194:33953, 9f70b324-be48-4d43-8f47-cd647748f9c6:192.168.157.194:39672, 1e2d7e4d-6af1-461d-8b85-f444d5672a79:192.168.157.194:43154], old=null, confs=<EMPTY_MAP>
2019-11-14 17:39:08,920 [pool-529-thread-1] INFO  storage.RaftStorageDirectory (RaftStorageDirectory.java:analyzeStorage(246)) - The storage directory /workdir/hadoop-ozone/integration-test/target/test-dir/MiniOzoneClusterImpl-76142843-c060-4c87-bf9f-3caeb3385afc/datanode-2/data/ratis/0c7b9cf5-1cd8-4c88-851f-8a7698deed1e does not exist. Creating ...
2019-11-14 17:39:08,920 [pool-509-thread-1] INFO  server.RaftServerConfigKeys (ConfUtils.java:logGet(43)) - raft.server.storage.dir = [/workdir/hadoop-ozone/integration-test/target/test-dir/MiniOzoneClusterImpl-76142843-c060-4c87-bf9f-3caeb3385afc/datanode-0/data/ratis] (custom)
2019-11-14 17:39:08,921 [pool-509-thread-1] INFO  server.RaftServerConfigKeys (ConfUtils.java:logGet(43)) - raft.server.log.corruption.policy = EXCEPTION (default)
2019-11-14 17:39:08,921 [pool-509-thread-1] INFO  storage.RaftStorageDirectory (RaftStorageDirectory.java:analyzeStorage(246)) - The storage directory /workdir/hadoop-ozone/integration-test/target/test-dir/MiniOzoneClusterImpl-76142843-c060-4c87-bf9f-3caeb3385afc/datanode-0/data/ratis/0c7b9cf5-1cd8-4c88-851f-8a7698deed1e does not exist. Creating ...
2019-11-14 17:39:08,945 [pool-529-thread-1] INFO  storage.RaftStorageDirectory (RaftStorageDirectory.java:tryLock(328)) - Lock on /workdir/hadoop-ozone/integration-test/target/test-dir/MiniOzoneClusterImpl-76142843-c060-4c87-bf9f-3caeb3385afc/datanode-2/data/ratis/0c7b9cf5-1cd8-4c88-851f-8a7698deed1e/in_use.lock acquired by nodename 10142@pr-hdds-2482-j87dr-2776293630
2019-11-14 17:39:08,945 [pool-509-thread-1] INFO  storage.RaftStorageDirectory (RaftStorageDirectory.java:tryLock(328)) - Lock on /workdir/hadoop-ozone/integration-test/target/test-dir/MiniOzoneClusterImpl-76142843-c060-4c87-bf9f-3caeb3385afc/datanode-0/data/ratis/0c7b9cf5-1cd8-4c88-851f-8a7698deed1e/in_use.lock acquired by nodename 10142@pr-hdds-2482-j87dr-2776293630
2019-11-14 17:39:08,945 [pool-519-thread-1] INFO  storage.RaftStorageDirectory (RaftStorageDirectory.java:tryLock(328)) - Lock on /workdir/hadoop-ozone/integration-test/target/test-dir/MiniOzoneClusterImpl-76142843-c060-4c87-bf9f-3caeb3385afc/datanode-1/data/ratis/0c7b9cf5-1cd8-4c88-851f-8a7698deed1e/in_use.lock acquired by nodename 10142@pr-hdds-2482-j87dr-2776293630
2019-11-14 17:39:08,971 [pool-529-thread-1] INFO  storage.RaftStorage (RaftStorage.java:format(84)) - Storage directory /workdir/hadoop-ozone/integration-test/target/test-dir/MiniOzoneClusterImpl-76142843-c060-4c87-bf9f-3caeb3385afc/datanode-2/data/ratis/0c7b9cf5-1cd8-4c88-851f-8a7698deed1e has been successfully formatted.
2019-11-14 17:39:08,971 [pool-519-thread-1] INFO  storage.RaftStorage (RaftStorage.java:format(84)) - Storage directory /workdir/hadoop-ozone/integration-test/target/test-dir/MiniOzoneClusterImpl-76142843-c060-4c87-bf9f-3caeb3385afc/datanode-1/data/ratis/0c7b9cf5-1cd8-4c88-851f-8a7698deed1e has been successfully formatted.
2019-11-14 17:39:08,971 [pool-509-thread-1] INFO  storage.RaftStorage (RaftStorage.java:format(84)) - Storage directory /workdir/hadoop-ozone/integration-test/target/test-dir/MiniOzoneClusterImpl-76142843-c060-4c87-bf9f-3caeb3385afc/datanode-0/data/ratis/0c7b9cf5-1cd8-4c88-851f-8a7698deed1e has been successfully formatted.
2019-11-14 17:39:08,971 [pool-519-thread-1] INFO  ratis.ContainerStateMachine (ContainerStateMachine.java:loadSnapshot(223)) - group-8A7698DEED1E: The snapshot info is null. Setting the last applied indexto:(t:0, i:~)
2019-11-14 17:39:08,971 [pool-509-thread-1] INFO  ratis.ContainerStateMachine (ContainerStateMachine.java:loadSnapshot(223)) - group-8A7698DEED1E: The snapshot info is null. Setting the last applied indexto:(t:0, i:~)
2019-11-14 17:39:08,971 [pool-529-thread-1] INFO  ratis.ContainerStateMachine (ContainerStateMachine.java:loadSnapshot(223)) - group-8A7698DEED1E: The snapshot info is null. Setting the last applied indexto:(t:0, i:~)
2019-11-14 17:39:08,971 [pool-509-thread-1] INFO  server.RaftServerConfigKeys (ConfUtils.java:logGet(43)) - raft.server.notification.no-leader.timeout = 120s (custom)
2019-11-14 17:39:08,971 [pool-519-thread-1] INFO  server.RaftServerConfigKeys (ConfUtils.java:logGet(43)) - raft.server.notification.no-leader.timeout = 120s (custom)
2019-11-14 17:39:08,972 [pool-509-thread-1] INFO  server.RaftServerConfigKeys (ConfUtils.java:logGet(43)) - raft.server.log.use.memory = false (default)
2019-11-14 17:39:08,971 [pool-529-thread-1] INFO  server.RaftServerConfigKeys (ConfUtils.java:logGet(43)) - raft.server.notification.no-leader.timeout = 120s (custom)
2019-11-14 17:39:08,972 [pool-509-thread-1] INFO  server.RaftServerConfigKeys (ConfUtils.java:logGet(43)) - raft.server.log.purge.gap = 1000000 (custom)
2019-11-14 17:39:08,972 [pool-509-thread-1] INFO  server.RaftServerConfigKeys (ConfUtils.java:logGet(43)) - raft.server.log.appender.buffer.byte-limit = 33554432 (custom)
2019-11-14 17:39:08,972 [pool-519-thread-1] INFO  server.RaftServerConfigKeys (ConfUtils.java:logGet(43)) - raft.server.log.use.memory = false (default)
2019-11-14 17:39:08,972 [pool-509-thread-1] INFO  server.RaftServerConfigKeys (ConfUtils.java:logGet(43)) - raft.server.log.segment.size.max = 1048576 (custom)
2019-11-14 17:39:08,972 [pool-529-thread-1] INFO  server.RaftServerConfigKeys (ConfUtils.java:logGet(43)) - raft.server.log.use.memory = false (default)
2019-11-14 17:39:08,973 [pool-509-thread-1] INFO  server.RaftServerConfigKeys (ConfUtils.java:logGet(43)) - raft.server.log.segment.cache.num.max = 2 (custom)
2019-11-14 17:39:08,973 [pool-519-thread-1] INFO  server.RaftServerConfigKeys (ConfUtils.java:logGet(43)) - raft.server.log.purge.gap = 1000000 (custom)
2019-11-14 17:39:08,973 [pool-509-thread-1] INFO  segmented.SegmentedRaftLogWorker (SegmentedRaftLogWorker.java:<init>(173)) - new 1e2d7e4d-6af1-461d-8b85-f444d5672a79@group-8A7698DEED1E-SegmentedRaftLogWorker for RaftStorage:Storage Directory /workdir/hadoop-ozone/integration-test/target/test-dir/MiniOzoneClusterImpl-76142843-c060-4c87-bf9f-3caeb3385afc/datanode-0/data/ratis/0c7b9cf5-1cd8-4c88-851f-8a7698deed1e
2019-11-14 17:39:08,973 [pool-529-thread-1] INFO  server.RaftServerConfigKeys (ConfUtils.java:logGet(43)) - raft.server.log.purge.gap = 1000000 (custom)
2019-11-14 17:39:08,973 [pool-509-thread-1] INFO  server.RaftServerConfigKeys (ConfUtils.java:logGet(43)) - raft.server.log.queue.byte-limit = 2147483647 (custom)
2019-11-14 17:39:08,973 [pool-519-thread-1] INFO  server.RaftServerConfigKeys (ConfUtils.java:logGet(43)) - raft.server.log.appender.buffer.byte-limit = 33554432 (custom)
2019-11-14 17:39:08,973 [pool-509-thread-1] INFO  server.RaftServerConfigKeys (ConfUtils.java:logGet(43)) - raft.server.log.queue.element-limit = 1024 (custom)
2019-11-14 17:39:08,973 [pool-529-thread-1] INFO  server.RaftServerConfigKeys (ConfUtils.java:logGet(43)) - raft.server.log.appender.buffer.byte-limit = 33554432 (custom)
2019-11-14 17:39:08,974 [pool-509-thread-1] INFO  server.RaftServerConfigKeys (ConfUtils.java:logGet(43)) - raft.server.log.segment.size.max = 1048576 (custom)
2019-11-14 17:39:08,974 [pool-519-thread-1] INFO  server.RaftServerConfigKeys (ConfUtils.java:logGet(43)) - raft.server.log.segment.size.max = 1048576 (custom)
2019-11-14 17:39:08,974 [pool-509-thread-1] INFO  server.RaftServerConfigKeys (ConfUtils.java:logGet(43)) - raft.server.log.preallocated.size = 16384 (custom)
2019-11-14 17:39:08,974 [pool-509-thread-1] INFO  server.RaftServerConfigKeys (ConfUtils.java:logGet(43)) - raft.server.log.write.buffer.size = 33554432 (custom)
2019-11-14 17:39:08,974 [pool-529-thread-1] INFO  server.RaftServerConfigKeys (ConfUtils.java:logGet(43)) - raft.server.log.segment.size.max = 1048576 (custom)
2019-11-14 17:39:08,974 [pool-509-thread-1] INFO  server.RaftServerConfigKeys (ConfUtils.java:logGet(43)) - raft.server.log.force.sync.num = 128 (default)
2019-11-14 17:39:08,975 [pool-509-thread-1] INFO  server.RaftServerConfigKeys (ConfUtils.java:logGet(43)) - raft.server.log.statemachine.data.sync = true (default)
2019-11-14 17:39:08,974 [pool-519-thread-1] INFO  server.RaftServerConfigKeys (ConfUtils.java:logGet(43)) - raft.server.log.segment.cache.num.max = 2 (custom)
2019-11-14 17:39:08,975 [pool-509-thread-1] INFO  server.RaftServerConfigKeys (ConfUtils.java:logGet(43)) - raft.server.log.statemachine.data.sync.timeout = 10s (default)
2019-11-14 17:39:08,974 [pool-529-thread-1] INFO  server.RaftServerConfigKeys (ConfUtils.java:logGet(43)) - raft.server.log.segment.cache.num.max = 2 (custom)
2019-11-14 17:39:08,975 [pool-509-thread-1] INFO  server.RaftServerConfigKeys (ConfUtils.java:logGet(43)) - raft.server.log.statemachine.data.sync.timeout.retry = -1 (default)
2019-11-14 17:39:08,975 [pool-519-thread-1] INFO  segmented.SegmentedRaftLogWorker (SegmentedRaftLogWorker.java:<init>(173)) - new 9f70b324-be48-4d43-8f47-cd647748f9c6@group-8A7698DEED1E-SegmentedRaftLogWorker for RaftStorage:Storage Directory /workdir/hadoop-ozone/integration-test/target/test-dir/MiniOzoneClusterImpl-76142843-c060-4c87-bf9f-3caeb3385afc/datanode-1/data/ratis/0c7b9cf5-1cd8-4c88-851f-8a7698deed1e
2019-11-14 17:39:08,975 [pool-509-thread-1] INFO  server.RaftServerConfigKeys (ConfUtils.java:logGet(43)) - raft.server.log.statemachine.data.caching.enabled = true (custom)
2019-11-14 17:39:08,975 [pool-529-thread-1] INFO  segmented.SegmentedRaftLogWorker (SegmentedRaftLogWorker.java:<init>(173)) - new 4fcb6245-7b52-48ea-a68b-fda0132084cd@group-8A7698DEED1E-SegmentedRaftLogWorker for RaftStorage:Storage Directory /workdir/hadoop-ozone/integration-test/target/test-dir/MiniOzoneClusterImpl-76142843-c060-4c87-bf9f-3caeb3385afc/datanode-2/data/ratis/0c7b9cf5-1cd8-4c88-851f-8a7698deed1e
2019-11-14 17:39:08,975 [pool-519-thread-1] INFO  server.RaftServerConfigKeys (ConfUtils.java:logGet(43)) - raft.server.log.queue.byte-limit = 2147483647 (custom)
2019-11-14 17:39:08,976 [pool-509-thread-1] INFO  segmented.SegmentedRaftLogWorker (SegmentedRaftLogWorker.java:lambda$new$0(128)) - 1e2d7e4d-6af1-461d-8b85-f444d5672a79@group-8A7698DEED1E-SegmentedRaftLogWorker: flushIndex: setUnconditionally 0 -> -1
2019-11-14 17:39:08,976 [pool-529-thread-1] INFO  server.RaftServerConfigKeys (ConfUtils.java:logGet(43)) - raft.server.log.queue.byte-limit = 2147483647 (custom)
2019-11-14 17:39:08,976 [pool-519-thread-1] INFO  server.RaftServerConfigKeys (ConfUtils.java:logGet(43)) - raft.server.log.queue.element-limit = 1024 (custom)
2019-11-14 17:39:08,976 [pool-509-thread-1] INFO  server.RaftServerConfigKeys (ConfUtils.java:logGet(43)) - raft.server.snapshot.auto.trigger.enabled = true (custom)
2019-11-14 17:39:08,976 [pool-529-thread-1] INFO  server.RaftServerConfigKeys (ConfUtils.java:logGet(43)) - raft.server.log.queue.element-limit = 1024 (custom)
2019-11-14 17:39:08,976 [pool-509-thread-1] INFO  server.RaftServerConfigKeys (ConfUtils.java:logGet(43)) - raft.server.snapshot.auto.trigger.threshold = 10000 (custom)
2019-11-14 17:39:08,977 [pool-509-thread-1] INFO  server.RaftServerConfigKeys (ConfUtils.java:logGet(43)) - raft.server.snapshot.retention.file.num = 5 (custom)
2019-11-14 17:39:08,976 [pool-519-thread-1] INFO  server.RaftServerConfigKeys (ConfUtils.java:logGet(43)) - raft.server.log.segment.size.max = 1048576 (custom)
2019-11-14 17:39:08,977 [pool-509-thread-1] INFO  server.RaftServerConfigKeys (ConfUtils.java:logGet(43)) - raft.server.retrycache.expirytime = 600000ms (custom)
2019-11-14 17:39:08,976 [pool-529-thread-1] INFO  server.RaftServerConfigKeys (ConfUtils.java:logGet(43)) - raft.server.log.segment.size.max = 1048576 (custom)
2019-11-14 17:39:08,977 [pool-509-thread-1] WARN  impl.MetricRegistriesImpl (MetricRegistriesImpl.java:lambda$create$1(61)) - First MetricRegistry has been created without registering reporters. You may need to call MetricRegistries.global().addReportRegistration(...) before.
2019-11-14 17:39:08,977 [pool-519-thread-1] INFO  server.RaftServerConfigKeys (ConfUtils.java:logGet(43)) - raft.server.log.preallocated.size = 16384 (custom)
2019-11-14 17:39:08,977 [pool-509-thread-1] WARN  impl.MetricRegistriesImpl (MetricRegistriesImpl.java:lambda$create$1(61)) - First MetricRegistry has been created without registering reporters. You may need to call MetricRegistries.global().addReportRegistration(...) before.
2019-11-14 17:39:08,977 [pool-529-thread-1] INFO  server.RaftServerConfigKeys (ConfUtils.java:logGet(43)) - raft.server.log.preallocated.size = 16384 (custom)
2019-11-14 17:39:08,978 [pool-509-thread-1] INFO  impl.RaftServerImpl (RaftServerImpl.java:start(184)) - 1e2d7e4d-6af1-461d-8b85-f444d5672a79@group-8A7698DEED1E: start as a follower, conf=-1: [4fcb6245-7b52-48ea-a68b-fda0132084cd:192.168.157.194:33953, 9f70b324-be48-4d43-8f47-cd647748f9c6:192.168.157.194:39672, 1e2d7e4d-6af1-461d-8b85-f444d5672a79:192.168.157.194:43154], old=null
2019-11-14 17:39:08,977 [pool-519-thread-1] INFO  server.RaftServerConfigKeys (ConfUtils.java:logGet(43)) - raft.server.log.write.buffer.size = 33554432 (custom)
2019-11-14 17:39:08,978 [pool-509-thread-1] INFO  impl.RaftServerImpl (RaftServerImpl.java:setRole(173)) - 1e2d7e4d-6af1-461d-8b85-f444d5672a79@group-8A7698DEED1E: changes role from      null to FOLLOWER at term 0 for startAsFollower
2019-11-14 17:39:08,978 [pool-529-thread-1] INFO  server.RaftServerConfigKeys (ConfUtils.java:logGet(43)) - raft.server.log.write.buffer.size = 33554432 (custom)
2019-11-14 17:39:08,978 [pool-509-thread-1] INFO  impl.RoleInfo (RoleInfo.java:updateAndGet(143)) - 1e2d7e4d-6af1-461d-8b85-f444d5672a79: start FollowerState
2019-11-14 17:39:08,978 [pool-519-thread-1] INFO  server.RaftServerConfigKeys (ConfUtils.java:logGet(43)) - raft.server.log.force.sync.num = 128 (default)
2019-11-14 17:39:08,978 [pool-529-thread-1] INFO  server.RaftServerConfigKeys (ConfUtils.java:logGet(43)) - raft.server.log.force.sync.num = 128 (default)
2019-11-14 17:39:08,978 [pool-519-thread-1] INFO  server.RaftServerConfigKeys (ConfUtils.java:logGet(43)) - raft.server.log.statemachine.data.sync = true (default)
2019-11-14 17:39:08,979 [pool-509-thread-1] INFO  util.JmxRegister (JmxRegister.java:tryRegister(44)) - Successfully registered JMX Bean with object name Ratis:service=RaftServer,group=group-8A7698DEED1E,id=1e2d7e4d-6af1-461d-8b85-f444d5672a79
2019-11-14 17:39:08,979 [pool-529-thread-1] INFO  server.RaftServerConfigKeys (ConfUtils.java:logGet(43)) - raft.server.log.statemachine.data.sync = true (default)
2019-11-14 17:39:08,979 [pool-509-thread-1] WARN  impl.MetricRegistriesImpl (MetricRegistriesImpl.java:lambda$create$1(61)) - First MetricRegistry has been created without registering reporters. You may need to call MetricRegistries.global().addReportRegistration(...) before.
2019-11-14 17:39:08,979 [pool-519-thread-1] INFO  server.RaftServerConfigKeys (ConfUtils.java:logGet(43)) - raft.server.log.statemachine.data.sync.timeout = 10s (default)
2019-11-14 17:39:08,979 [pool-529-thread-1] INFO  server.RaftServerConfigKeys (ConfUtils.java:logGet(43)) - raft.server.log.statemachine.data.sync.timeout = 10s (default)
2019-11-14 17:39:08,979 [pool-519-thread-1] INFO  server.RaftServerConfigKeys (ConfUtils.java:logGet(43)) - raft.server.log.statemachine.data.sync.timeout.retry = -1 (default)
2019-11-14 17:39:08,979 [pool-529-thread-1] INFO  server.RaftServerConfigKeys (ConfUtils.java:logGet(43)) - raft.server.log.statemachine.data.sync.timeout.retry = -1 (default)
2019-11-14 17:39:08,980 [pool-519-thread-1] INFO  server.RaftServerConfigKeys (ConfUtils.java:logGet(43)) - raft.server.log.statemachine.data.caching.enabled = true (custom)
2019-11-14 17:39:08,980 [pool-529-thread-1] INFO  server.RaftServerConfigKeys (ConfUtils.java:logGet(43)) - raft.server.log.statemachine.data.caching.enabled = true (custom)
2019-11-14 17:39:08,980 [pool-519-thread-1] INFO  segmented.SegmentedRaftLogWorker (SegmentedRaftLogWorker.java:lambda$new$0(128)) - 9f70b324-be48-4d43-8f47-cd647748f9c6@group-8A7698DEED1E-SegmentedRaftLogWorker: flushIndex: setUnconditionally 0 -> -1
2019-11-14 17:39:08,980 [pool-529-thread-1] INFO  segmented.SegmentedRaftLogWorker (SegmentedRaftLogWorker.java:lambda$new$0(128)) - 4fcb6245-7b52-48ea-a68b-fda0132084cd@group-8A7698DEED1E-SegmentedRaftLogWorker: flushIndex: setUnconditionally 0 -> -1
2019-11-14 17:39:08,980 [pool-519-thread-1] INFO  server.RaftServerConfigKeys (ConfUtils.java:logGet(43)) - raft.server.snapshot.auto.trigger.enabled = true (custom)
2019-11-14 17:39:08,981 [pool-519-thread-1] INFO  server.RaftServerConfigKeys (ConfUtils.java:logGet(43)) - raft.server.snapshot.auto.trigger.threshold = 10000 (custom)
2019-11-14 17:39:08,981 [pool-529-thread-1] INFO  server.RaftServerConfigKeys (ConfUtils.java:logGet(43)) - raft.server.snapshot.auto.trigger.enabled = true (custom)
2019-11-14 17:39:08,981 [pool-519-thread-1] INFO  server.RaftServerConfigKeys (ConfUtils.java:logGet(43)) - raft.server.snapshot.retention.file.num = 5 (custom)
2019-11-14 17:39:08,981 [pool-529-thread-1] INFO  server.RaftServerConfigKeys (ConfUtils.java:logGet(43)) - raft.server.snapshot.auto.trigger.threshold = 10000 (custom)
2019-11-14 17:39:08,981 [pool-519-thread-1] INFO  server.RaftServerConfigKeys (ConfUtils.java:logGet(43)) - raft.server.retrycache.expirytime = 600000ms (custom)
2019-11-14 17:39:08,981 [pool-529-thread-1] INFO  server.RaftServerConfigKeys (ConfUtils.java:logGet(43)) - raft.server.snapshot.retention.file.num = 5 (custom)
2019-11-14 17:39:08,981 [pool-519-thread-1] WARN  impl.MetricRegistriesImpl (MetricRegistriesImpl.java:lambda$create$1(61)) - First MetricRegistry has been created without registering reporters. You may need to call MetricRegistries.global().addReportRegistration(...) before.
2019-11-14 17:39:08,981 [pool-529-thread-1] INFO  server.RaftServerConfigKeys (ConfUtils.java:logGet(43)) - raft.server.retrycache.expirytime = 600000ms (custom)
2019-11-14 17:39:08,982 [pool-519-thread-1] WARN  impl.MetricRegistriesImpl (MetricRegistriesImpl.java:lambda$create$1(61)) - First MetricRegistry has been created without registering reporters. You may need to call MetricRegistries.global().addReportRegistration(...) before.
2019-11-14 17:39:08,982 [pool-529-thread-1] WARN  impl.MetricRegistriesImpl (MetricRegistriesImpl.java:lambda$create$1(61)) - First MetricRegistry has been created without registering reporters. You may need to call MetricRegistries.global().addReportRegistration(...) before.
2019-11-14 17:39:08,982 [pool-519-thread-1] INFO  impl.RaftServerImpl (RaftServerImpl.java:start(184)) - 9f70b324-be48-4d43-8f47-cd647748f9c6@group-8A7698DEED1E: start as a follower, conf=-1: [4fcb6245-7b52-48ea-a68b-fda0132084cd:192.168.157.194:33953, 9f70b324-be48-4d43-8f47-cd647748f9c6:192.168.157.194:39672, 1e2d7e4d-6af1-461d-8b85-f444d5672a79:192.168.157.194:43154], old=null
2019-11-14 17:39:08,982 [pool-529-thread-1] WARN  impl.MetricRegistriesImpl (MetricRegistriesImpl.java:lambda$create$1(61)) - First MetricRegistry has been created without registering reporters. You may need to call MetricRegistries.global().addReportRegistration(...) before.
2019-11-14 17:39:08,982 [pool-519-thread-1] INFO  impl.RaftServerImpl (RaftServerImpl.java:setRole(173)) - 9f70b324-be48-4d43-8f47-cd647748f9c6@group-8A7698DEED1E: changes role from      null to FOLLOWER at term 0 for startAsFollower
2019-11-14 17:39:08,982 [pool-529-thread-1] INFO  impl.RaftServerImpl (RaftServerImpl.java:start(184)) - 4fcb6245-7b52-48ea-a68b-fda0132084cd@group-8A7698DEED1E: start as a follower, conf=-1: [4fcb6245-7b52-48ea-a68b-fda0132084cd:192.168.157.194:33953, 9f70b324-be48-4d43-8f47-cd647748f9c6:192.168.157.194:39672, 1e2d7e4d-6af1-461d-8b85-f444d5672a79:192.168.157.194:43154], old=null
2019-11-14 17:39:08,982 [pool-519-thread-1] INFO  impl.RoleInfo (RoleInfo.java:updateAndGet(143)) - 9f70b324-be48-4d43-8f47-cd647748f9c6: start FollowerState
2019-11-14 17:39:08,982 [pool-529-thread-1] INFO  impl.RaftServerImpl (RaftServerImpl.java:setRole(173)) - 4fcb6245-7b52-48ea-a68b-fda0132084cd@group-8A7698DEED1E: changes role from      null to FOLLOWER at term 0 for startAsFollower
2019-11-14 17:39:08,983 [pool-529-thread-1] INFO  impl.RoleInfo (RoleInfo.java:updateAndGet(143)) - 4fcb6245-7b52-48ea-a68b-fda0132084cd: start FollowerState
2019-11-14 17:39:08,983 [pool-519-thread-1] INFO  util.JmxRegister (JmxRegister.java:tryRegister(44)) - Successfully registered JMX Bean with object name Ratis:service=RaftServer,group=group-8A7698DEED1E,id=9f70b324-be48-4d43-8f47-cd647748f9c6
2019-11-14 17:39:08,983 [pool-529-thread-1] INFO  util.JmxRegister (JmxRegister.java:tryRegister(44)) - Successfully registered JMX Bean with object name Ratis:service=RaftServer,group=group-8A7698DEED1E,id=4fcb6245-7b52-48ea-a68b-fda0132084cd
2019-11-14 17:39:08,983 [pool-519-thread-1] WARN  impl.MetricRegistriesImpl (MetricRegistriesImpl.java:lambda$create$1(61)) - First MetricRegistry has been created without registering reporters. You may need to call MetricRegistries.global().addReportRegistration(...) before.
2019-11-14 17:39:08,983 [pool-529-thread-1] WARN  impl.MetricRegistriesImpl (MetricRegistriesImpl.java:lambda$create$1(61)) - First MetricRegistry has been created without registering reporters. You may need to call MetricRegistries.global().addReportRegistration(...) before.
2019-11-14 17:39:08,986 [RatisPipelineUtilsThread] INFO  pipeline.PipelineStateManager (PipelineStateManager.java:addPipeline(55)) - Created pipeline Pipeline[ Id: 0c7b9cf5-1cd8-4c88-851f-8a7698deed1e, Nodes: 4fcb6245-7b52-48ea-a68b-fda0132084cd{ip: 192.168.157.194, host: pr-hdds-2482-j87dr-2776293630, networkLocation: /rack1, certSerialId: null}9f70b324-be48-4d43-8f47-cd647748f9c6{ip: 192.168.157.194, host: pr-hdds-2482-j87dr-2776293630, networkLocation: /rack1, certSerialId: null}1e2d7e4d-6af1-461d-8b85-f444d5672a79{ip: 192.168.157.194, host: pr-hdds-2482-j87dr-2776293630, networkLocation: /rack1, certSerialId: null}, Type:RATIS, Factor:THREE, State:ALLOCATED]
2019-11-14 17:39:08,992 [IPC Server handler 3 on 35323] INFO  net.NetworkTopology (NetworkTopologyImpl.java:add(111)) - Added a new node: /rack1/521325b2-2ced-4cee-b44f-acc523c049d7
2019-11-14 17:39:08,992 [IPC Server handler 3 on 35323] INFO  node.SCMNodeManager (SCMNodeManager.java:register(267)) - Registered Data node : 521325b2-2ced-4cee-b44f-acc523c049d7{ip: 192.168.157.194, host: pr-hdds-2482-j87dr-2776293630, networkLocation: /rack1, certSerialId: null}
2019-11-14 17:39:08,999 [grpc-default-executor-5] INFO  impl.RaftServerProxy (RaftServerProxy.java:addNew(89)) - da9d3605-d5bb-4af4-b35f-64e6f231f8df: addNew group-839E6DEE0B95:[da9d3605-d5bb-4af4-b35f-64e6f231f8df:192.168.157.194:36645] returns group-839E6DEE0B95:java.util.concurrent.CompletableFuture@7a205e39[Not completed]
2019-11-14 17:39:09,000 [pool-539-thread-1] INFO  impl.RaftServerImpl (RaftServerImpl.java:<init>(98)) - da9d3605-d5bb-4af4-b35f-64e6f231f8df: new RaftServerImpl for group-839E6DEE0B95:[da9d3605-d5bb-4af4-b35f-64e6f231f8df:192.168.157.194:36645] with ContainerStateMachine:uninitialized
2019-11-14 17:39:09,000 [pool-539-thread-1] INFO  server.RaftServerConfigKeys (ConfUtils.java:logGet(43)) - raft.server.rpc.timeout.min = 1s (custom)
2019-11-14 17:39:09,000 [pool-539-thread-1] INFO  server.RaftServerConfigKeys (ConfUtils.java:logGet(43)) - raft.server.rpc.timeout.max = 1200ms (custom)
2019-11-14 17:39:09,000 [pool-539-thread-1] INFO  server.RaftServerConfigKeys (ConfUtils.java:logGet(43)) - raft.server.rpcslowness.timeout = 120s (custom)
2019-11-14 17:39:09,000 [pool-539-thread-1] INFO  server.RaftServerConfigKeys (ConfUtils.java:logGet(43)) - raft.server.sleep.deviation.threshold = 300 (default)
2019-11-14 17:39:09,001 [pool-539-thread-1] INFO  server.RaftServerConfigKeys (ConfUtils.java:logGet(43)) - raft.server.log.appender.install.snapshot.enabled = false (custom)
2019-11-14 17:39:09,001 [pool-539-thread-1] INFO  impl.RaftServerImpl (ServerState.java:<init>(103)) - da9d3605-d5bb-4af4-b35f-64e6f231f8df@group-839E6DEE0B95: ConfigurationManager, init=-1: [da9d3605-d5bb-4af4-b35f-64e6f231f8df:192.168.157.194:36645], old=null, confs=<EMPTY_MAP>
2019-11-14 17:39:09,001 [pool-539-thread-1] INFO  server.RaftServerConfigKeys (ConfUtils.java:logGet(43)) - raft.server.storage.dir = [/workdir/hadoop-ozone/integration-test/target/test-dir/MiniOzoneClusterImpl-76142843-c060-4c87-bf9f-3caeb3385afc/datanode-3/data/ratis] (custom)
2019-11-14 17:39:09,001 [pool-539-thread-1] INFO  server.RaftServerConfigKeys (ConfUtils.java:logGet(43)) - raft.server.log.corruption.policy = EXCEPTION (default)
2019-11-14 17:39:09,001 [pool-539-thread-1] INFO  storage.RaftStorageDirectory (RaftStorageDirectory.java:analyzeStorage(246)) - The storage directory /workdir/hadoop-ozone/integration-test/target/test-dir/MiniOzoneClusterImpl-76142843-c060-4c87-bf9f-3caeb3385afc/datanode-3/data/ratis/c05b6709-317c-4f5b-b5d4-839e6dee0b95 does not exist. Creating ...
2019-11-14 17:39:09,029 [pool-539-thread-1] INFO  storage.RaftStorageDirectory (RaftStorageDirectory.java:tryLock(328)) - Lock on /workdir/hadoop-ozone/integration-test/target/test-dir/MiniOzoneClusterImpl-76142843-c060-4c87-bf9f-3caeb3385afc/datanode-3/data/ratis/c05b6709-317c-4f5b-b5d4-839e6dee0b95/in_use.lock acquired by nodename 10142@pr-hdds-2482-j87dr-2776293630
2019-11-14 17:39:09,055 [pool-539-thread-1] INFO  storage.RaftStorage (RaftStorage.java:format(84)) - Storage directory /workdir/hadoop-ozone/integration-test/target/test-dir/MiniOzoneClusterImpl-76142843-c060-4c87-bf9f-3caeb3385afc/datanode-3/data/ratis/c05b6709-317c-4f5b-b5d4-839e6dee0b95 has been successfully formatted.
2019-11-14 17:39:09,055 [pool-539-thread-1] INFO  ratis.ContainerStateMachine (ContainerStateMachine.java:loadSnapshot(223)) - group-839E6DEE0B95: The snapshot info is null. Setting the last applied indexto:(t:0, i:~)
2019-11-14 17:39:09,055 [pool-539-thread-1] INFO  server.RaftServerConfigKeys (ConfUtils.java:logGet(43)) - raft.server.notification.no-leader.timeout = 120s (custom)
2019-11-14 17:39:09,055 [pool-539-thread-1] INFO  server.RaftServerConfigKeys (ConfUtils.java:logGet(43)) - raft.server.log.use.memory = false (default)
2019-11-14 17:39:09,056 [pool-539-thread-1] INFO  server.RaftServerConfigKeys (ConfUtils.java:logGet(43)) - raft.server.log.purge.gap = 1000000 (custom)
2019-11-14 17:39:09,056 [pool-539-thread-1] INFO  server.RaftServerConfigKeys (ConfUtils.java:logGet(43)) - raft.server.log.appender.buffer.byte-limit = 33554432 (custom)
2019-11-14 17:39:09,056 [pool-539-thread-1] INFO  server.RaftServerConfigKeys (ConfUtils.java:logGet(43)) - raft.server.log.segment.size.max = 1048576 (custom)
2019-11-14 17:39:09,056 [pool-539-thread-1] WARN  impl.MetricRegistriesImpl (MetricRegistriesImpl.java:lambda$create$1(61)) - First MetricRegistry has been created without registering reporters. You may need to call MetricRegistries.global().addReportRegistration(...) before.
2019-11-14 17:39:09,056 [pool-539-thread-1] INFO  server.RaftServerConfigKeys (ConfUtils.java:logGet(43)) - raft.server.log.segment.cache.num.max = 2 (custom)
2019-11-14 17:39:09,056 [pool-539-thread-1] INFO  segmented.SegmentedRaftLogWorker (SegmentedRaftLogWorker.java:<init>(173)) - new da9d3605-d5bb-4af4-b35f-64e6f231f8df@group-839E6DEE0B95-SegmentedRaftLogWorker for RaftStorage:Storage Directory /workdir/hadoop-ozone/integration-test/target/test-dir/MiniOzoneClusterImpl-76142843-c060-4c87-bf9f-3caeb3385afc/datanode-3/data/ratis/c05b6709-317c-4f5b-b5d4-839e6dee0b95
2019-11-14 17:39:09,056 [pool-539-thread-1] INFO  server.RaftServerConfigKeys (ConfUtils.java:logGet(43)) - raft.server.log.queue.byte-limit = 2147483647 (custom)
2019-11-14 17:39:09,057 [pool-539-thread-1] INFO  server.RaftServerConfigKeys (ConfUtils.java:logGet(43)) - raft.server.log.queue.element-limit = 1024 (custom)
2019-11-14 17:39:09,057 [IPC Server handler 1 on 35323] INFO  net.NetworkTopology (NetworkTopologyImpl.java:add(111)) - Added a new node: /rack1/9c88a047-7f73-4111-bf87-fe029dccbce6
2019-11-14 17:39:09,057 [pool-539-thread-1] INFO  server.RaftServerConfigKeys (ConfUtils.java:logGet(43)) - raft.server.log.segment.size.max = 1048576 (custom)
2019-11-14 17:39:09,057 [IPC Server handler 1 on 35323] INFO  node.SCMNodeManager (SCMNodeManager.java:register(267)) - Registered Data node : 9c88a047-7f73-4111-bf87-fe029dccbce6{ip: 192.168.157.194, host: pr-hdds-2482-j87dr-2776293630, networkLocation: /rack1, certSerialId: null}
2019-11-14 17:39:09,057 [pool-539-thread-1] INFO  server.RaftServerConfigKeys (ConfUtils.java:logGet(43)) - raft.server.log.preallocated.size = 16384 (custom)
2019-11-14 17:39:09,057 [pool-539-thread-1] INFO  server.RaftServerConfigKeys (ConfUtils.java:logGet(43)) - raft.server.log.write.buffer.size = 33554432 (custom)
2019-11-14 17:39:09,058 [pool-539-thread-1] INFO  server.RaftServerConfigKeys (ConfUtils.java:logGet(43)) - raft.server.log.force.sync.num = 128 (default)
2019-11-14 17:39:09,058 [pool-539-thread-1] INFO  server.RaftServerConfigKeys (ConfUtils.java:logGet(43)) - raft.server.log.statemachine.data.sync = true (default)
2019-11-14 17:39:09,058 [pool-539-thread-1] INFO  server.RaftServerConfigKeys (ConfUtils.java:logGet(43)) - raft.server.log.statemachine.data.sync.timeout = 10s (default)
2019-11-14 17:39:09,058 [pool-539-thread-1] INFO  server.RaftServerConfigKeys (ConfUtils.java:logGet(43)) - raft.server.log.statemachine.data.sync.timeout.retry = -1 (default)
2019-11-14 17:39:09,058 [pool-539-thread-1] INFO  server.RaftServerConfigKeys (ConfUtils.java:logGet(43)) - raft.server.log.statemachine.data.caching.enabled = true (custom)
2019-11-14 17:39:09,058 [pool-539-thread-1] INFO  segmented.SegmentedRaftLogWorker (SegmentedRaftLogWorker.java:lambda$new$0(128)) - da9d3605-d5bb-4af4-b35f-64e6f231f8df@group-839E6DEE0B95-SegmentedRaftLogWorker: flushIndex: setUnconditionally 0 -> -1
2019-11-14 17:39:09,059 [pool-539-thread-1] INFO  server.RaftServerConfigKeys (ConfUtils.java:logGet(43)) - raft.server.snapshot.auto.trigger.enabled = true (custom)
2019-11-14 17:39:09,059 [pool-539-thread-1] INFO  server.RaftServerConfigKeys (ConfUtils.java:logGet(43)) - raft.server.snapshot.auto.trigger.threshold = 10000 (custom)
2019-11-14 17:39:09,059 [pool-539-thread-1] INFO  server.RaftServerConfigKeys (ConfUtils.java:logGet(43)) - raft.server.snapshot.retention.file.num = 5 (custom)
2019-11-14 17:39:09,059 [pool-539-thread-1] INFO  server.RaftServerConfigKeys (ConfUtils.java:logGet(43)) - raft.server.retrycache.expirytime = 600000ms (custom)
2019-11-14 17:39:09,059 [pool-539-thread-1] WARN  impl.MetricRegistriesImpl (MetricRegistriesImpl.java:lambda$create$1(61)) - First MetricRegistry has been created without registering reporters. You may need to call MetricRegistries.global().addReportRegistration(...) before.
2019-11-14 17:39:09,060 [pool-539-thread-1] WARN  impl.MetricRegistriesImpl (MetricRegistriesImpl.java:lambda$create$1(61)) - First MetricRegistry has been created without registering reporters. You may need to call MetricRegistries.global().addReportRegistration(...) before.
2019-11-14 17:39:09,060 [pool-539-thread-1] INFO  impl.RaftServerImpl (RaftServerImpl.java:start(184)) - da9d3605-d5bb-4af4-b35f-64e6f231f8df@group-839E6DEE0B95: start as a follower, conf=-1: [da9d3605-d5bb-4af4-b35f-64e6f231f8df:192.168.157.194:36645], old=null
2019-11-14 17:39:09,060 [pool-539-thread-1] INFO  impl.RaftServerImpl (RaftServerImpl.java:setRole(173)) - da9d3605-d5bb-4af4-b35f-64e6f231f8df@group-839E6DEE0B95: changes role from      null to FOLLOWER at term 0 for startAsFollower
2019-11-14 17:39:09,060 [pool-539-thread-1] INFO  impl.RoleInfo (RoleInfo.java:updateAndGet(143)) - da9d3605-d5bb-4af4-b35f-64e6f231f8df: start FollowerState
2019-11-14 17:39:09,061 [pool-539-thread-1] INFO  util.JmxRegister (JmxRegister.java:tryRegister(44)) - Successfully registered JMX Bean with object name Ratis:service=RaftServer,group=group-839E6DEE0B95,id=da9d3605-d5bb-4af4-b35f-64e6f231f8df
2019-11-14 17:39:09,061 [pool-539-thread-1] WARN  impl.MetricRegistriesImpl (MetricRegistriesImpl.java:lambda$create$1(61)) - First MetricRegistry has been created without registering reporters. You may need to call MetricRegistries.global().addReportRegistration(...) before.
2019-11-14 17:39:09,063 [RatisPipelineUtilsThread] INFO  pipeline.PipelineStateManager (PipelineStateManager.java:addPipeline(55)) - Created pipeline Pipeline[ Id: c05b6709-317c-4f5b-b5d4-839e6dee0b95, Nodes: da9d3605-d5bb-4af4-b35f-64e6f231f8df{ip: 192.168.157.194, host: pr-hdds-2482-j87dr-2776293630, networkLocation: /rack1, certSerialId: null}, Type:RATIS, Factor:ONE, State:ALLOCATED]
2019-11-14 17:39:09,071 [grpc-default-executor-5] INFO  impl.RaftServerProxy (RaftServerProxy.java:addNew(89)) - 9c88a047-7f73-4111-bf87-fe029dccbce6: addNew group-83538C040E19:[9c88a047-7f73-4111-bf87-fe029dccbce6:192.168.157.194:46499] returns group-83538C040E19:java.util.concurrent.CompletableFuture@3522ae34[Not completed]
2019-11-14 17:39:09,072 [pool-559-thread-1] INFO  impl.RaftServerImpl (RaftServerImpl.java:<init>(98)) - 9c88a047-7f73-4111-bf87-fe029dccbce6: new RaftServerImpl for group-83538C040E19:[9c88a047-7f73-4111-bf87-fe029dccbce6:192.168.157.194:46499] with ContainerStateMachine:uninitialized
2019-11-14 17:39:09,072 [pool-559-thread-1] INFO  server.RaftServerConfigKeys (ConfUtils.java:logGet(43)) - raft.server.rpc.timeout.min = 1s (custom)
2019-11-14 17:39:09,072 [pool-559-thread-1] INFO  server.RaftServerConfigKeys (ConfUtils.java:logGet(43)) - raft.server.rpc.timeout.max = 1200ms (custom)
2019-11-14 17:39:09,073 [pool-559-thread-1] INFO  server.RaftServerConfigKeys (ConfUtils.java:logGet(43)) - raft.server.rpcslowness.timeout = 120s (custom)
2019-11-14 17:39:09,073 [pool-559-thread-1] INFO  server.RaftServerConfigKeys (ConfUtils.java:logGet(43)) - raft.server.sleep.deviation.threshold = 300 (default)
2019-11-14 17:39:09,073 [pool-559-thread-1] INFO  server.RaftServerConfigKeys (ConfUtils.java:logGet(43)) - raft.server.log.appender.install.snapshot.enabled = false (custom)
2019-11-14 17:39:09,073 [pool-559-thread-1] INFO  impl.RaftServerImpl (ServerState.java:<init>(103)) - 9c88a047-7f73-4111-bf87-fe029dccbce6@group-83538C040E19: ConfigurationManager, init=-1: [9c88a047-7f73-4111-bf87-fe029dccbce6:192.168.157.194:46499], old=null, confs=<EMPTY_MAP>
2019-11-14 17:39:09,073 [pool-559-thread-1] INFO  server.RaftServerConfigKeys (ConfUtils.java:logGet(43)) - raft.server.storage.dir = [/workdir/hadoop-ozone/integration-test/target/test-dir/MiniOzoneClusterImpl-76142843-c060-4c87-bf9f-3caeb3385afc/datanode-5/data/ratis] (custom)
2019-11-14 17:39:09,073 [pool-559-thread-1] INFO  server.RaftServerConfigKeys (ConfUtils.java:logGet(43)) - raft.server.log.corruption.policy = EXCEPTION (default)
2019-11-14 17:39:09,074 [pool-559-thread-1] INFO  storage.RaftStorageDirectory (RaftStorageDirectory.java:analyzeStorage(246)) - The storage directory /workdir/hadoop-ozone/integration-test/target/test-dir/MiniOzoneClusterImpl-76142843-c060-4c87-bf9f-3caeb3385afc/datanode-5/data/ratis/8cfd7563-f06e-4d76-bd8b-83538c040e19 does not exist. Creating ...
2019-11-14 17:39:09,098 [pool-559-thread-1] INFO  storage.RaftStorageDirectory (RaftStorageDirectory.java:tryLock(328)) - Lock on /workdir/hadoop-ozone/integration-test/target/test-dir/MiniOzoneClusterImpl-76142843-c060-4c87-bf9f-3caeb3385afc/datanode-5/data/ratis/8cfd7563-f06e-4d76-bd8b-83538c040e19/in_use.lock acquired by nodename 10142@pr-hdds-2482-j87dr-2776293630
2019-11-14 17:39:09,123 [pool-559-thread-1] INFO  storage.RaftStorage (RaftStorage.java:format(84)) - Storage directory /workdir/hadoop-ozone/integration-test/target/test-dir/MiniOzoneClusterImpl-76142843-c060-4c87-bf9f-3caeb3385afc/datanode-5/data/ratis/8cfd7563-f06e-4d76-bd8b-83538c040e19 has been successfully formatted.
2019-11-14 17:39:09,123 [pool-559-thread-1] INFO  ratis.ContainerStateMachine (ContainerStateMachine.java:loadSnapshot(223)) - group-83538C040E19: The snapshot info is null. Setting the last applied indexto:(t:0, i:~)
2019-11-14 17:39:09,123 [pool-559-thread-1] INFO  server.RaftServerConfigKeys (ConfUtils.java:logGet(43)) - raft.server.notification.no-leader.timeout = 120s (custom)
2019-11-14 17:39:09,123 [pool-559-thread-1] INFO  server.RaftServerConfigKeys (ConfUtils.java:logGet(43)) - raft.server.log.use.memory = false (default)
2019-11-14 17:39:09,124 [pool-559-thread-1] INFO  server.RaftServerConfigKeys (ConfUtils.java:logGet(43)) - raft.server.log.purge.gap = 1000000 (custom)
2019-11-14 17:39:09,124 [pool-559-thread-1] INFO  server.RaftServerConfigKeys (ConfUtils.java:logGet(43)) - raft.server.log.appender.buffer.byte-limit = 33554432 (custom)
2019-11-14 17:39:09,124 [pool-559-thread-1] INFO  server.RaftServerConfigKeys (ConfUtils.java:logGet(43)) - raft.server.log.segment.size.max = 1048576 (custom)
2019-11-14 17:39:09,124 [pool-559-thread-1] WARN  impl.MetricRegistriesImpl (MetricRegistriesImpl.java:lambda$create$1(61)) - First MetricRegistry has been created without registering reporters. You may need to call MetricRegistries.global().addReportRegistration(...) before.
2019-11-14 17:39:09,124 [pool-559-thread-1] INFO  server.RaftServerConfigKeys (ConfUtils.java:logGet(43)) - raft.server.log.segment.cache.num.max = 2 (custom)
2019-11-14 17:39:09,124 [pool-559-thread-1] INFO  segmented.SegmentedRaftLogWorker (SegmentedRaftLogWorker.java:<init>(173)) - new 9c88a047-7f73-4111-bf87-fe029dccbce6@group-83538C040E19-SegmentedRaftLogWorker for RaftStorage:Storage Directory /workdir/hadoop-ozone/integration-test/target/test-dir/MiniOzoneClusterImpl-76142843-c060-4c87-bf9f-3caeb3385afc/datanode-5/data/ratis/8cfd7563-f06e-4d76-bd8b-83538c040e19
2019-11-14 17:39:09,124 [pool-559-thread-1] INFO  server.RaftServerConfigKeys (ConfUtils.java:logGet(43)) - raft.server.log.queue.byte-limit = 2147483647 (custom)
2019-11-14 17:39:09,125 [pool-559-thread-1] INFO  server.RaftServerConfigKeys (ConfUtils.java:logGet(43)) - raft.server.log.queue.element-limit = 1024 (custom)
2019-11-14 17:39:09,125 [pool-559-thread-1] INFO  server.RaftServerConfigKeys (ConfUtils.java:logGet(43)) - raft.server.log.segment.size.max = 1048576 (custom)
2019-11-14 17:39:09,125 [pool-559-thread-1] INFO  server.RaftServerConfigKeys (ConfUtils.java:logGet(43)) - raft.server.log.preallocated.size = 16384 (custom)
2019-11-14 17:39:09,125 [pool-559-thread-1] INFO  server.RaftServerConfigKeys (ConfUtils.java:logGet(43)) - raft.server.log.write.buffer.size = 33554432 (custom)
2019-11-14 17:39:09,125 [pool-559-thread-1] INFO  server.RaftServerConfigKeys (ConfUtils.java:logGet(43)) - raft.server.log.force.sync.num = 128 (default)
2019-11-14 17:39:09,125 [pool-559-thread-1] INFO  server.RaftServerConfigKeys (ConfUtils.java:logGet(43)) - raft.server.log.statemachine.data.sync = true (default)
2019-11-14 17:39:09,125 [pool-559-thread-1] INFO  server.RaftServerConfigKeys (ConfUtils.java:logGet(43)) - raft.server.log.statemachine.data.sync.timeout = 10s (default)
2019-11-14 17:39:09,125 [pool-559-thread-1] INFO  server.RaftServerConfigKeys (ConfUtils.java:logGet(43)) - raft.server.log.statemachine.data.sync.timeout.retry = -1 (default)
2019-11-14 17:39:09,126 [pool-559-thread-1] INFO  server.RaftServerConfigKeys (ConfUtils.java:logGet(43)) - raft.server.log.statemachine.data.caching.enabled = true (custom)
2019-11-14 17:39:09,126 [pool-559-thread-1] INFO  segmented.SegmentedRaftLogWorker (SegmentedRaftLogWorker.java:lambda$new$0(128)) - 9c88a047-7f73-4111-bf87-fe029dccbce6@group-83538C040E19-SegmentedRaftLogWorker: flushIndex: setUnconditionally 0 -> -1
2019-11-14 17:39:09,126 [pool-559-thread-1] INFO  server.RaftServerConfigKeys (ConfUtils.java:logGet(43)) - raft.server.snapshot.auto.trigger.enabled = true (custom)
2019-11-14 17:39:09,126 [pool-559-thread-1] INFO  server.RaftServerConfigKeys (ConfUtils.java:logGet(43)) - raft.server.snapshot.auto.trigger.threshold = 10000 (custom)
2019-11-14 17:39:09,126 [pool-559-thread-1] INFO  server.RaftServerConfigKeys (ConfUtils.java:logGet(43)) - raft.server.snapshot.retention.file.num = 5 (custom)
2019-11-14 17:39:09,126 [pool-559-thread-1] INFO  server.RaftServerConfigKeys (ConfUtils.java:logGet(43)) - raft.server.retrycache.expirytime = 600000ms (custom)
2019-11-14 17:39:09,127 [pool-559-thread-1] WARN  impl.MetricRegistriesImpl (MetricRegistriesImpl.java:lambda$create$1(61)) - First MetricRegistry has been created without registering reporters. You may need to call MetricRegistries.global().addReportRegistration(...) before.
2019-11-14 17:39:09,127 [pool-559-thread-1] WARN  impl.MetricRegistriesImpl (MetricRegistriesImpl.java:lambda$create$1(61)) - First MetricRegistry has been created without registering reporters. You may need to call MetricRegistries.global().addReportRegistration(...) before.
2019-11-14 17:39:09,127 [pool-559-thread-1] INFO  impl.RaftServerImpl (RaftServerImpl.java:start(184)) - 9c88a047-7f73-4111-bf87-fe029dccbce6@group-83538C040E19: start as a follower, conf=-1: [9c88a047-7f73-4111-bf87-fe029dccbce6:192.168.157.194:46499], old=null
2019-11-14 17:39:09,127 [pool-559-thread-1] INFO  impl.RaftServerImpl (RaftServerImpl.java:setRole(173)) - 9c88a047-7f73-4111-bf87-fe029dccbce6@group-83538C040E19: changes role from      null to FOLLOWER at term 0 for startAsFollower
2019-11-14 17:39:09,127 [pool-559-thread-1] INFO  impl.RoleInfo (RoleInfo.java:updateAndGet(143)) - 9c88a047-7f73-4111-bf87-fe029dccbce6: start FollowerState
2019-11-14 17:39:09,128 [pool-559-thread-1] INFO  util.JmxRegister (JmxRegister.java:tryRegister(44)) - Successfully registered JMX Bean with object name Ratis:service=RaftServer,group=group-83538C040E19,id=9c88a047-7f73-4111-bf87-fe029dccbce6
2019-11-14 17:39:09,128 [pool-559-thread-1] WARN  impl.MetricRegistriesImpl (MetricRegistriesImpl.java:lambda$create$1(61)) - First MetricRegistry has been created without registering reporters. You may need to call MetricRegistries.global().addReportRegistration(...) before.
2019-11-14 17:39:09,130 [RatisPipelineUtilsThread] INFO  pipeline.PipelineStateManager (PipelineStateManager.java:addPipeline(55)) - Created pipeline Pipeline[ Id: 8cfd7563-f06e-4d76-bd8b-83538c040e19, Nodes: 9c88a047-7f73-4111-bf87-fe029dccbce6{ip: 192.168.157.194, host: pr-hdds-2482-j87dr-2776293630, networkLocation: /rack1, certSerialId: null}, Type:RATIS, Factor:ONE, State:ALLOCATED]
2019-11-14 17:39:09,137 [grpc-default-executor-5] INFO  impl.RaftServerProxy (RaftServerProxy.java:addNew(89)) - 521325b2-2ced-4cee-b44f-acc523c049d7: addNew group-7296588302B5:[521325b2-2ced-4cee-b44f-acc523c049d7:192.168.157.194:33976] returns group-7296588302B5:java.util.concurrent.CompletableFuture@41c8ed8[Not completed]
2019-11-14 17:39:09,138 [pool-549-thread-1] INFO  impl.RaftServerImpl (RaftServerImpl.java:<init>(98)) - 521325b2-2ced-4cee-b44f-acc523c049d7: new RaftServerImpl for group-7296588302B5:[521325b2-2ced-4cee-b44f-acc523c049d7:192.168.157.194:33976] with ContainerStateMachine:uninitialized
2019-11-14 17:39:09,138 [pool-549-thread-1] INFO  server.RaftServerConfigKeys (ConfUtils.java:logGet(43)) - raft.server.rpc.timeout.min = 1s (custom)
2019-11-14 17:39:09,138 [pool-549-thread-1] INFO  server.RaftServerConfigKeys (ConfUtils.java:logGet(43)) - raft.server.rpc.timeout.max = 1200ms (custom)
2019-11-14 17:39:09,138 [pool-549-thread-1] INFO  server.RaftServerConfigKeys (ConfUtils.java:logGet(43)) - raft.server.rpcslowness.timeout = 120s (custom)
2019-11-14 17:39:09,138 [pool-549-thread-1] INFO  server.RaftServerConfigKeys (ConfUtils.java:logGet(43)) - raft.server.sleep.deviation.threshold = 300 (default)
2019-11-14 17:39:09,138 [pool-549-thread-1] INFO  server.RaftServerConfigKeys (ConfUtils.java:logGet(43)) - raft.server.log.appender.install.snapshot.enabled = false (custom)
2019-11-14 17:39:09,139 [pool-549-thread-1] INFO  impl.RaftServerImpl (ServerState.java:<init>(103)) - 521325b2-2ced-4cee-b44f-acc523c049d7@group-7296588302B5: ConfigurationManager, init=-1: [521325b2-2ced-4cee-b44f-acc523c049d7:192.168.157.194:33976], old=null, confs=<EMPTY_MAP>
2019-11-14 17:39:09,139 [pool-549-thread-1] INFO  server.RaftServerConfigKeys (ConfUtils.java:logGet(43)) - raft.server.storage.dir = [/workdir/hadoop-ozone/integration-test/target/test-dir/MiniOzoneClusterImpl-76142843-c060-4c87-bf9f-3caeb3385afc/datanode-4/data/ratis] (custom)
2019-11-14 17:39:09,139 [pool-549-thread-1] INFO  server.RaftServerConfigKeys (ConfUtils.java:logGet(43)) - raft.server.log.corruption.policy = EXCEPTION (default)
2019-11-14 17:39:09,139 [pool-549-thread-1] INFO  storage.RaftStorageDirectory (RaftStorageDirectory.java:analyzeStorage(246)) - The storage directory /workdir/hadoop-ozone/integration-test/target/test-dir/MiniOzoneClusterImpl-76142843-c060-4c87-bf9f-3caeb3385afc/datanode-4/data/ratis/ea9e7fbe-ecc2-4986-8815-7296588302b5 does not exist. Creating ...
2019-11-14 17:39:09,149 [IPC Server handler 4 on 35323] INFO  net.NetworkTopology (NetworkTopologyImpl.java:add(111)) - Added a new node: /rack1/6301bead-719a-4dde-94bc-f4c716ecb4e0
2019-11-14 17:39:09,150 [IPC Server handler 4 on 35323] INFO  node.SCMNodeManager (SCMNodeManager.java:register(267)) - Registered Data node : 6301bead-719a-4dde-94bc-f4c716ecb4e0{ip: 192.168.157.194, host: pr-hdds-2482-j87dr-2776293630, networkLocation: /rack1, certSerialId: null}
2019-11-14 17:39:09,165 [pool-549-thread-1] INFO  storage.RaftStorageDirectory (RaftStorageDirectory.java:tryLock(328)) - Lock on /workdir/hadoop-ozone/integration-test/target/test-dir/MiniOzoneClusterImpl-76142843-c060-4c87-bf9f-3caeb3385afc/datanode-4/data/ratis/ea9e7fbe-ecc2-4986-8815-7296588302b5/in_use.lock acquired by nodename 10142@pr-hdds-2482-j87dr-2776293630
2019-11-14 17:39:09,190 [pool-549-thread-1] INFO  storage.RaftStorage (RaftStorage.java:format(84)) - Storage directory /workdir/hadoop-ozone/integration-test/target/test-dir/MiniOzoneClusterImpl-76142843-c060-4c87-bf9f-3caeb3385afc/datanode-4/data/ratis/ea9e7fbe-ecc2-4986-8815-7296588302b5 has been successfully formatted.
2019-11-14 17:39:09,191 [pool-549-thread-1] INFO  ratis.ContainerStateMachine (ContainerStateMachine.java:loadSnapshot(223)) - group-7296588302B5: The snapshot info is null. Setting the last applied indexto:(t:0, i:~)
2019-11-14 17:39:09,191 [pool-549-thread-1] INFO  server.RaftServerConfigKeys (ConfUtils.java:logGet(43)) - raft.server.notification.no-leader.timeout = 120s (custom)
2019-11-14 17:39:09,191 [pool-549-thread-1] INFO  server.RaftServerConfigKeys (ConfUtils.java:logGet(43)) - raft.server.log.use.memory = false (default)
2019-11-14 17:39:09,191 [pool-549-thread-1] INFO  server.RaftServerConfigKeys (ConfUtils.java:logGet(43)) - raft.server.log.purge.gap = 1000000 (custom)
2019-11-14 17:39:09,191 [pool-549-thread-1] INFO  server.RaftServerConfigKeys (ConfUtils.java:logGet(43)) - raft.server.log.appender.buffer.byte-limit = 33554432 (custom)
2019-11-14 17:39:09,191 [pool-549-thread-1] INFO  server.RaftServerConfigKeys (ConfUtils.java:logGet(43)) - raft.server.log.segment.size.max = 1048576 (custom)
2019-11-14 17:39:09,191 [pool-549-thread-1] WARN  impl.MetricRegistriesImpl (MetricRegistriesImpl.java:lambda$create$1(61)) - First MetricRegistry has been created without registering reporters. You may need to call MetricRegistries.global().addReportRegistration(...) before.
2019-11-14 17:39:09,192 [pool-549-thread-1] INFO  server.RaftServerConfigKeys (ConfUtils.java:logGet(43)) - raft.server.log.segment.cache.num.max = 2 (custom)
2019-11-14 17:39:09,192 [pool-549-thread-1] INFO  segmented.SegmentedRaftLogWorker (SegmentedRaftLogWorker.java:<init>(173)) - new 521325b2-2ced-4cee-b44f-acc523c049d7@group-7296588302B5-SegmentedRaftLogWorker for RaftStorage:Storage Directory /workdir/hadoop-ozone/integration-test/target/test-dir/MiniOzoneClusterImpl-76142843-c060-4c87-bf9f-3caeb3385afc/datanode-4/data/ratis/ea9e7fbe-ecc2-4986-8815-7296588302b5
2019-11-14 17:39:09,192 [pool-549-thread-1] INFO  server.RaftServerConfigKeys (ConfUtils.java:logGet(43)) - raft.server.log.queue.byte-limit = 2147483647 (custom)
2019-11-14 17:39:09,192 [pool-549-thread-1] INFO  server.RaftServerConfigKeys (ConfUtils.java:logGet(43)) - raft.server.log.queue.element-limit = 1024 (custom)
2019-11-14 17:39:09,192 [pool-549-thread-1] INFO  server.RaftServerConfigKeys (ConfUtils.java:logGet(43)) - raft.server.log.segment.size.max = 1048576 (custom)
2019-11-14 17:39:09,192 [pool-549-thread-1] INFO  server.RaftServerConfigKeys (ConfUtils.java:logGet(43)) - raft.server.log.preallocated.size = 16384 (custom)
2019-11-14 17:39:09,192 [pool-549-thread-1] INFO  server.RaftServerConfigKeys (ConfUtils.java:logGet(43)) - raft.server.log.write.buffer.size = 33554432 (custom)
2019-11-14 17:39:09,192 [pool-549-thread-1] INFO  server.RaftServerConfigKeys (ConfUtils.java:logGet(43)) - raft.server.log.force.sync.num = 128 (default)
2019-11-14 17:39:09,193 [pool-549-thread-1] INFO  server.RaftServerConfigKeys (ConfUtils.java:logGet(43)) - raft.server.log.statemachine.data.sync = true (default)
2019-11-14 17:39:09,193 [pool-549-thread-1] INFO  server.RaftServerConfigKeys (ConfUtils.java:logGet(43)) - raft.server.log.statemachine.data.sync.timeout = 10s (default)
2019-11-14 17:39:09,193 [pool-549-thread-1] INFO  server.RaftServerConfigKeys (ConfUtils.java:logGet(43)) - raft.server.log.statemachine.data.sync.timeout.retry = -1 (default)
2019-11-14 17:39:09,193 [pool-549-thread-1] INFO  server.RaftServerConfigKeys (ConfUtils.java:logGet(43)) - raft.server.log.statemachine.data.caching.enabled = true (custom)
2019-11-14 17:39:09,193 [pool-549-thread-1] INFO  segmented.SegmentedRaftLogWorker (SegmentedRaftLogWorker.java:lambda$new$0(128)) - 521325b2-2ced-4cee-b44f-acc523c049d7@group-7296588302B5-SegmentedRaftLogWorker: flushIndex: setUnconditionally 0 -> -1
2019-11-14 17:39:09,194 [pool-549-thread-1] INFO  server.RaftServerConfigKeys (ConfUtils.java:logGet(43)) - raft.server.snapshot.auto.trigger.enabled = true (custom)
2019-11-14 17:39:09,194 [pool-549-thread-1] INFO  server.RaftServerConfigKeys (ConfUtils.java:logGet(43)) - raft.server.snapshot.auto.trigger.threshold = 10000 (custom)
2019-11-14 17:39:09,194 [pool-549-thread-1] INFO  server.RaftServerConfigKeys (ConfUtils.java:logGet(43)) - raft.server.snapshot.retention.file.num = 5 (custom)
2019-11-14 17:39:09,194 [pool-549-thread-1] INFO  server.RaftServerConfigKeys (ConfUtils.java:logGet(43)) - raft.server.retrycache.expirytime = 600000ms (custom)
2019-11-14 17:39:09,194 [pool-549-thread-1] WARN  impl.MetricRegistriesImpl (MetricRegistriesImpl.java:lambda$create$1(61)) - First MetricRegistry has been created without registering reporters. You may need to call MetricRegistries.global().addReportRegistration(...) before.
2019-11-14 17:39:09,194 [pool-549-thread-1] WARN  impl.MetricRegistriesImpl (MetricRegistriesImpl.java:lambda$create$1(61)) - First MetricRegistry has been created without registering reporters. You may need to call MetricRegistries.global().addReportRegistration(...) before.
2019-11-14 17:39:09,194 [pool-549-thread-1] INFO  impl.RaftServerImpl (RaftServerImpl.java:start(184)) - 521325b2-2ced-4cee-b44f-acc523c049d7@group-7296588302B5: start as a follower, conf=-1: [521325b2-2ced-4cee-b44f-acc523c049d7:192.168.157.194:33976], old=null
2019-11-14 17:39:09,195 [pool-549-thread-1] INFO  impl.RaftServerImpl (RaftServerImpl.java:setRole(173)) - 521325b2-2ced-4cee-b44f-acc523c049d7@group-7296588302B5: changes role from      null to FOLLOWER at term 0 for startAsFollower
2019-11-14 17:39:09,195 [pool-549-thread-1] INFO  impl.RoleInfo (RoleInfo.java:updateAndGet(143)) - 521325b2-2ced-4cee-b44f-acc523c049d7: start FollowerState
2019-11-14 17:39:09,195 [pool-549-thread-1] INFO  util.JmxRegister (JmxRegister.java:tryRegister(44)) - Successfully registered JMX Bean with object name Ratis:service=RaftServer,group=group-7296588302B5,id=521325b2-2ced-4cee-b44f-acc523c049d7
2019-11-14 17:39:09,195 [pool-549-thread-1] WARN  impl.MetricRegistriesImpl (MetricRegistriesImpl.java:lambda$create$1(61)) - First MetricRegistry has been created without registering reporters. You may need to call MetricRegistries.global().addReportRegistration(...) before.
2019-11-14 17:39:09,198 [RatisPipelineUtilsThread] INFO  pipeline.PipelineStateManager (PipelineStateManager.java:addPipeline(55)) - Created pipeline Pipeline[ Id: ea9e7fbe-ecc2-4986-8815-7296588302b5, Nodes: 521325b2-2ced-4cee-b44f-acc523c049d7{ip: 192.168.157.194, host: pr-hdds-2482-j87dr-2776293630, networkLocation: /rack1, certSerialId: null}, Type:RATIS, Factor:ONE, State:ALLOCATED]
2019-11-14 17:39:09,205 [grpc-default-executor-5] INFO  impl.RaftServerProxy (RaftServerProxy.java:addNew(89)) - 6301bead-719a-4dde-94bc-f4c716ecb4e0: addNew group-3E4101CB958C:[6301bead-719a-4dde-94bc-f4c716ecb4e0:192.168.157.194:46043] returns group-3E4101CB958C:java.util.concurrent.CompletableFuture@69c078f[Not completed]
2019-11-14 17:39:09,206 [pool-569-thread-1] INFO  impl.RaftServerImpl (RaftServerImpl.java:<init>(98)) - 6301bead-719a-4dde-94bc-f4c716ecb4e0: new RaftServerImpl for group-3E4101CB958C:[6301bead-719a-4dde-94bc-f4c716ecb4e0:192.168.157.194:46043] with ContainerStateMachine:uninitialized
2019-11-14 17:39:09,206 [pool-569-thread-1] INFO  server.RaftServerConfigKeys (ConfUtils.java:logGet(43)) - raft.server.rpc.timeout.min = 1s (custom)
2019-11-14 17:39:09,206 [pool-569-thread-1] INFO  server.RaftServerConfigKeys (ConfUtils.java:logGet(43)) - raft.server.rpc.timeout.max = 1200ms (custom)
2019-11-14 17:39:09,206 [pool-569-thread-1] INFO  server.RaftServerConfigKeys (ConfUtils.java:logGet(43)) - raft.server.rpcslowness.timeout = 120s (custom)
2019-11-14 17:39:09,206 [pool-569-thread-1] INFO  server.RaftServerConfigKeys (ConfUtils.java:logGet(43)) - raft.server.sleep.deviation.threshold = 300 (default)
2019-11-14 17:39:09,206 [pool-569-thread-1] INFO  server.RaftServerConfigKeys (ConfUtils.java:logGet(43)) - raft.server.log.appender.install.snapshot.enabled = false (custom)
2019-11-14 17:39:09,207 [pool-569-thread-1] INFO  impl.RaftServerImpl (ServerState.java:<init>(103)) - 6301bead-719a-4dde-94bc-f4c716ecb4e0@group-3E4101CB958C: ConfigurationManager, init=-1: [6301bead-719a-4dde-94bc-f4c716ecb4e0:192.168.157.194:46043], old=null, confs=<EMPTY_MAP>
2019-11-14 17:39:09,207 [pool-569-thread-1] INFO  server.RaftServerConfigKeys (ConfUtils.java:logGet(43)) - raft.server.storage.dir = [/workdir/hadoop-ozone/integration-test/target/test-dir/MiniOzoneClusterImpl-76142843-c060-4c87-bf9f-3caeb3385afc/datanode-6/data/ratis] (custom)
2019-11-14 17:39:09,207 [pool-569-thread-1] INFO  server.RaftServerConfigKeys (ConfUtils.java:logGet(43)) - raft.server.log.corruption.policy = EXCEPTION (default)
2019-11-14 17:39:09,207 [pool-569-thread-1] INFO  storage.RaftStorageDirectory (RaftStorageDirectory.java:analyzeStorage(246)) - The storage directory /workdir/hadoop-ozone/integration-test/target/test-dir/MiniOzoneClusterImpl-76142843-c060-4c87-bf9f-3caeb3385afc/datanode-6/data/ratis/de6fc07d-fc71-4e96-bcd5-3e4101cb958c does not exist. Creating ...
2019-11-14 17:39:09,232 [pool-569-thread-1] INFO  storage.RaftStorageDirectory (RaftStorageDirectory.java:tryLock(328)) - Lock on /workdir/hadoop-ozone/integration-test/target/test-dir/MiniOzoneClusterImpl-76142843-c060-4c87-bf9f-3caeb3385afc/datanode-6/data/ratis/de6fc07d-fc71-4e96-bcd5-3e4101cb958c/in_use.lock acquired by nodename 10142@pr-hdds-2482-j87dr-2776293630
2019-11-14 17:39:09,247 [IPC Server handler 6 on 35323] INFO  net.NetworkTopology (NetworkTopologyImpl.java:add(111)) - Added a new node: /rack1/00aa4e63-81eb-4c33-a32e-b28e61c28a6d
2019-11-14 17:39:09,247 [IPC Server handler 6 on 35323] INFO  node.SCMNodeManager (SCMNodeManager.java:register(267)) - Registered Data node : 00aa4e63-81eb-4c33-a32e-b28e61c28a6d{ip: 192.168.157.194, host: pr-hdds-2482-j87dr-2776293630, networkLocation: /rack1, certSerialId: null}
2019-11-14 17:39:09,258 [pool-569-thread-1] INFO  storage.RaftStorage (RaftStorage.java:format(84)) - Storage directory /workdir/hadoop-ozone/integration-test/target/test-dir/MiniOzoneClusterImpl-76142843-c060-4c87-bf9f-3caeb3385afc/datanode-6/data/ratis/de6fc07d-fc71-4e96-bcd5-3e4101cb958c has been successfully formatted.
2019-11-14 17:39:09,258 [pool-569-thread-1] INFO  ratis.ContainerStateMachine (ContainerStateMachine.java:loadSnapshot(223)) - group-3E4101CB958C: The snapshot info is null. Setting the last applied indexto:(t:0, i:~)
2019-11-14 17:39:09,258 [pool-569-thread-1] INFO  server.RaftServerConfigKeys (ConfUtils.java:logGet(43)) - raft.server.notification.no-leader.timeout = 120s (custom)
2019-11-14 17:39:09,258 [pool-569-thread-1] INFO  server.RaftServerConfigKeys (ConfUtils.java:logGet(43)) - raft.server.log.use.memory = false (default)
2019-11-14 17:39:09,258 [pool-569-thread-1] INFO  server.RaftServerConfigKeys (ConfUtils.java:logGet(43)) - raft.server.log.purge.gap = 1000000 (custom)
2019-11-14 17:39:09,258 [pool-569-thread-1] INFO  server.RaftServerConfigKeys (ConfUtils.java:logGet(43)) - raft.server.log.appender.buffer.byte-limit = 33554432 (custom)
2019-11-14 17:39:09,259 [pool-569-thread-1] INFO  server.RaftServerConfigKeys (ConfUtils.java:logGet(43)) - raft.server.log.segment.size.max = 1048576 (custom)
2019-11-14 17:39:09,259 [pool-569-thread-1] WARN  impl.MetricRegistriesImpl (MetricRegistriesImpl.java:lambda$create$1(61)) - First MetricRegistry has been created without registering reporters. You may need to call MetricRegistries.global().addReportRegistration(...) before.
2019-11-14 17:39:09,259 [pool-569-thread-1] INFO  server.RaftServerConfigKeys (ConfUtils.java:logGet(43)) - raft.server.log.segment.cache.num.max = 2 (custom)
2019-11-14 17:39:09,259 [pool-569-thread-1] INFO  segmented.SegmentedRaftLogWorker (SegmentedRaftLogWorker.java:<init>(173)) - new 6301bead-719a-4dde-94bc-f4c716ecb4e0@group-3E4101CB958C-SegmentedRaftLogWorker for RaftStorage:Storage Directory /workdir/hadoop-ozone/integration-test/target/test-dir/MiniOzoneClusterImpl-76142843-c060-4c87-bf9f-3caeb3385afc/datanode-6/data/ratis/de6fc07d-fc71-4e96-bcd5-3e4101cb958c
2019-11-14 17:39:09,259 [pool-569-thread-1] INFO  server.RaftServerConfigKeys (ConfUtils.java:logGet(43)) - raft.server.log.queue.byte-limit = 2147483647 (custom)
2019-11-14 17:39:09,259 [pool-569-thread-1] INFO  server.RaftServerConfigKeys (ConfUtils.java:logGet(43)) - raft.server.log.queue.element-limit = 1024 (custom)
2019-11-14 17:39:09,259 [pool-569-thread-1] INFO  server.RaftServerConfigKeys (ConfUtils.java:logGet(43)) - raft.server.log.segment.size.max = 1048576 (custom)
2019-11-14 17:39:09,259 [pool-569-thread-1] INFO  server.RaftServerConfigKeys (ConfUtils.java:logGet(43)) - raft.server.log.preallocated.size = 16384 (custom)
2019-11-14 17:39:09,260 [pool-569-thread-1] INFO  server.RaftServerConfigKeys (ConfUtils.java:logGet(43)) - raft.server.log.write.buffer.size = 33554432 (custom)
2019-11-14 17:39:09,260 [pool-569-thread-1] INFO  server.RaftServerConfigKeys (ConfUtils.java:logGet(43)) - raft.server.log.force.sync.num = 128 (default)
2019-11-14 17:39:09,260 [pool-569-thread-1] INFO  server.RaftServerConfigKeys (ConfUtils.java:logGet(43)) - raft.server.log.statemachine.data.sync = true (default)
2019-11-14 17:39:09,260 [pool-569-thread-1] INFO  server.RaftServerConfigKeys (ConfUtils.java:logGet(43)) - raft.server.log.statemachine.data.sync.timeout = 10s (default)
2019-11-14 17:39:09,260 [pool-569-thread-1] INFO  server.RaftServerConfigKeys (ConfUtils.java:logGet(43)) - raft.server.log.statemachine.data.sync.timeout.retry = -1 (default)
2019-11-14 17:39:09,260 [pool-569-thread-1] INFO  server.RaftServerConfigKeys (ConfUtils.java:logGet(43)) - raft.server.log.statemachine.data.caching.enabled = true (custom)
2019-11-14 17:39:09,260 [pool-569-thread-1] INFO  segmented.SegmentedRaftLogWorker (SegmentedRaftLogWorker.java:lambda$new$0(128)) - 6301bead-719a-4dde-94bc-f4c716ecb4e0@group-3E4101CB958C-SegmentedRaftLogWorker: flushIndex: setUnconditionally 0 -> -1
2019-11-14 17:39:09,261 [pool-569-thread-1] INFO  server.RaftServerConfigKeys (ConfUtils.java:logGet(43)) - raft.server.snapshot.auto.trigger.enabled = true (custom)
2019-11-14 17:39:09,261 [pool-569-thread-1] INFO  server.RaftServerConfigKeys (ConfUtils.java:logGet(43)) - raft.server.snapshot.auto.trigger.threshold = 10000 (custom)
2019-11-14 17:39:09,261 [pool-569-thread-1] INFO  server.RaftServerConfigKeys (ConfUtils.java:logGet(43)) - raft.server.snapshot.retention.file.num = 5 (custom)
2019-11-14 17:39:09,261 [pool-569-thread-1] INFO  server.RaftServerConfigKeys (ConfUtils.java:logGet(43)) - raft.server.retrycache.expirytime = 600000ms (custom)
2019-11-14 17:39:09,261 [pool-569-thread-1] WARN  impl.MetricRegistriesImpl (MetricRegistriesImpl.java:lambda$create$1(61)) - First MetricRegistry has been created without registering reporters. You may need to call MetricRegistries.global().addReportRegistration(...) before.
2019-11-14 17:39:09,261 [pool-569-thread-1] WARN  impl.MetricRegistriesImpl (MetricRegistriesImpl.java:lambda$create$1(61)) - First MetricRegistry has been created without registering reporters. You may need to call MetricRegistries.global().addReportRegistration(...) before.
2019-11-14 17:39:09,261 [pool-569-thread-1] INFO  impl.RaftServerImpl (RaftServerImpl.java:start(184)) - 6301bead-719a-4dde-94bc-f4c716ecb4e0@group-3E4101CB958C: start as a follower, conf=-1: [6301bead-719a-4dde-94bc-f4c716ecb4e0:192.168.157.194:46043], old=null
2019-11-14 17:39:09,262 [pool-569-thread-1] INFO  impl.RaftServerImpl (RaftServerImpl.java:setRole(173)) - 6301bead-719a-4dde-94bc-f4c716ecb4e0@group-3E4101CB958C: changes role from      null to FOLLOWER at term 0 for startAsFollower
2019-11-14 17:39:09,262 [pool-569-thread-1] INFO  impl.RoleInfo (RoleInfo.java:updateAndGet(143)) - 6301bead-719a-4dde-94bc-f4c716ecb4e0: start FollowerState
2019-11-14 17:39:09,262 [pool-569-thread-1] INFO  util.JmxRegister (JmxRegister.java:tryRegister(44)) - Successfully registered JMX Bean with object name Ratis:service=RaftServer,group=group-3E4101CB958C,id=6301bead-719a-4dde-94bc-f4c716ecb4e0
2019-11-14 17:39:09,262 [pool-569-thread-1] WARN  impl.MetricRegistriesImpl (MetricRegistriesImpl.java:lambda$create$1(61)) - First MetricRegistry has been created without registering reporters. You may need to call MetricRegistries.global().addReportRegistration(...) before.
2019-11-14 17:39:09,264 [RatisPipelineUtilsThread] INFO  pipeline.PipelineStateManager (PipelineStateManager.java:addPipeline(55)) - Created pipeline Pipeline[ Id: de6fc07d-fc71-4e96-bcd5-3e4101cb958c, Nodes: 6301bead-719a-4dde-94bc-f4c716ecb4e0{ip: 192.168.157.194, host: pr-hdds-2482-j87dr-2776293630, networkLocation: /rack1, certSerialId: null}, Type:RATIS, Factor:ONE, State:ALLOCATED]
2019-11-14 17:39:09,271 [grpc-default-executor-5] INFO  impl.RaftServerProxy (RaftServerProxy.java:addNew(89)) - 00aa4e63-81eb-4c33-a32e-b28e61c28a6d: addNew group-971197DE5FF9:[00aa4e63-81eb-4c33-a32e-b28e61c28a6d:192.168.157.194:43947] returns group-971197DE5FF9:java.util.concurrent.CompletableFuture@73ee1cf3[Not completed]
2019-11-14 17:39:09,272 [pool-579-thread-1] INFO  impl.RaftServerImpl (RaftServerImpl.java:<init>(98)) - 00aa4e63-81eb-4c33-a32e-b28e61c28a6d: new RaftServerImpl for group-971197DE5FF9:[00aa4e63-81eb-4c33-a32e-b28e61c28a6d:192.168.157.194:43947] with ContainerStateMachine:uninitialized
2019-11-14 17:39:09,272 [pool-579-thread-1] INFO  server.RaftServerConfigKeys (ConfUtils.java:logGet(43)) - raft.server.rpc.timeout.min = 1s (custom)
2019-11-14 17:39:09,272 [pool-579-thread-1] INFO  server.RaftServerConfigKeys (ConfUtils.java:logGet(43)) - raft.server.rpc.timeout.max = 1200ms (custom)
2019-11-14 17:39:09,272 [pool-579-thread-1] INFO  server.RaftServerConfigKeys (ConfUtils.java:logGet(43)) - raft.server.rpcslowness.timeout = 120s (custom)
2019-11-14 17:39:09,272 [pool-579-thread-1] INFO  server.RaftServerConfigKeys (ConfUtils.java:logGet(43)) - raft.server.sleep.deviation.threshold = 300 (default)
2019-11-14 17:39:09,272 [pool-579-thread-1] INFO  server.RaftServerConfigKeys (ConfUtils.java:logGet(43)) - raft.server.log.appender.install.snapshot.enabled = false (custom)
2019-11-14 17:39:09,272 [pool-579-thread-1] INFO  impl.RaftServerImpl (ServerState.java:<init>(103)) - 00aa4e63-81eb-4c33-a32e-b28e61c28a6d@group-971197DE5FF9: ConfigurationManager, init=-1: [00aa4e63-81eb-4c33-a32e-b28e61c28a6d:192.168.157.194:43947], old=null, confs=<EMPTY_MAP>
2019-11-14 17:39:09,273 [pool-579-thread-1] INFO  server.RaftServerConfigKeys (ConfUtils.java:logGet(43)) - raft.server.storage.dir = [/workdir/hadoop-ozone/integration-test/target/test-dir/MiniOzoneClusterImpl-76142843-c060-4c87-bf9f-3caeb3385afc/datanode-7/data/ratis] (custom)
2019-11-14 17:39:09,273 [pool-579-thread-1] INFO  server.RaftServerConfigKeys (ConfUtils.java:logGet(43)) - raft.server.log.corruption.policy = EXCEPTION (default)
2019-11-14 17:39:09,273 [pool-579-thread-1] INFO  storage.RaftStorageDirectory (RaftStorageDirectory.java:analyzeStorage(246)) - The storage directory /workdir/hadoop-ozone/integration-test/target/test-dir/MiniOzoneClusterImpl-76142843-c060-4c87-bf9f-3caeb3385afc/datanode-7/data/ratis/51ea79a1-8911-4149-9652-971197de5ff9 does not exist. Creating ...
2019-11-14 17:39:09,300 [pool-579-thread-1] INFO  storage.RaftStorageDirectory (RaftStorageDirectory.java:tryLock(328)) - Lock on /workdir/hadoop-ozone/integration-test/target/test-dir/MiniOzoneClusterImpl-76142843-c060-4c87-bf9f-3caeb3385afc/datanode-7/data/ratis/51ea79a1-8911-4149-9652-971197de5ff9/in_use.lock acquired by nodename 10142@pr-hdds-2482-j87dr-2776293630
2019-11-14 17:39:09,325 [pool-579-thread-1] INFO  storage.RaftStorage (RaftStorage.java:format(84)) - Storage directory /workdir/hadoop-ozone/integration-test/target/test-dir/MiniOzoneClusterImpl-76142843-c060-4c87-bf9f-3caeb3385afc/datanode-7/data/ratis/51ea79a1-8911-4149-9652-971197de5ff9 has been successfully formatted.
2019-11-14 17:39:09,325 [pool-579-thread-1] INFO  ratis.ContainerStateMachine (ContainerStateMachine.java:loadSnapshot(223)) - group-971197DE5FF9: The snapshot info is null. Setting the last applied indexto:(t:0, i:~)
2019-11-14 17:39:09,326 [pool-579-thread-1] INFO  server.RaftServerConfigKeys (ConfUtils.java:logGet(43)) - raft.server.notification.no-leader.timeout = 120s (custom)
2019-11-14 17:39:09,326 [pool-579-thread-1] INFO  server.RaftServerConfigKeys (ConfUtils.java:logGet(43)) - raft.server.log.use.memory = false (default)
2019-11-14 17:39:09,326 [pool-579-thread-1] INFO  server.RaftServerConfigKeys (ConfUtils.java:logGet(43)) - raft.server.log.purge.gap = 1000000 (custom)
2019-11-14 17:39:09,326 [pool-579-thread-1] INFO  server.RaftServerConfigKeys (ConfUtils.java:logGet(43)) - raft.server.log.appender.buffer.byte-limit = 33554432 (custom)
2019-11-14 17:39:09,326 [pool-579-thread-1] INFO  server.RaftServerConfigKeys (ConfUtils.java:logGet(43)) - raft.server.log.segment.size.max = 1048576 (custom)
2019-11-14 17:39:09,326 [pool-579-thread-1] WARN  impl.MetricRegistriesImpl (MetricRegistriesImpl.java:lambda$create$1(61)) - First MetricRegistry has been created without registering reporters. You may need to call MetricRegistries.global().addReportRegistration(...) before.
2019-11-14 17:39:09,326 [pool-579-thread-1] INFO  server.RaftServerConfigKeys (ConfUtils.java:logGet(43)) - raft.server.log.segment.cache.num.max = 2 (custom)
2019-11-14 17:39:09,326 [pool-579-thread-1] INFO  segmented.SegmentedRaftLogWorker (SegmentedRaftLogWorker.java:<init>(173)) - new 00aa4e63-81eb-4c33-a32e-b28e61c28a6d@group-971197DE5FF9-SegmentedRaftLogWorker for RaftStorage:Storage Directory /workdir/hadoop-ozone/integration-test/target/test-dir/MiniOzoneClusterImpl-76142843-c060-4c87-bf9f-3caeb3385afc/datanode-7/data/ratis/51ea79a1-8911-4149-9652-971197de5ff9
2019-11-14 17:39:09,327 [pool-579-thread-1] INFO  server.RaftServerConfigKeys (ConfUtils.java:logGet(43)) - raft.server.log.queue.byte-limit = 2147483647 (custom)
2019-11-14 17:39:09,327 [pool-579-thread-1] INFO  server.RaftServerConfigKeys (ConfUtils.java:logGet(43)) - raft.server.log.queue.element-limit = 1024 (custom)
2019-11-14 17:39:09,327 [pool-579-thread-1] INFO  server.RaftServerConfigKeys (ConfUtils.java:logGet(43)) - raft.server.log.segment.size.max = 1048576 (custom)
2019-11-14 17:39:09,327 [pool-579-thread-1] INFO  server.RaftServerConfigKeys (ConfUtils.java:logGet(43)) - raft.server.log.preallocated.size = 16384 (custom)
2019-11-14 17:39:09,327 [pool-579-thread-1] INFO  server.RaftServerConfigKeys (ConfUtils.java:logGet(43)) - raft.server.log.write.buffer.size = 33554432 (custom)
2019-11-14 17:39:09,327 [pool-579-thread-1] INFO  server.RaftServerConfigKeys (ConfUtils.java:logGet(43)) - raft.server.log.force.sync.num = 128 (default)
2019-11-14 17:39:09,327 [pool-579-thread-1] INFO  server.RaftServerConfigKeys (ConfUtils.java:logGet(43)) - raft.server.log.statemachine.data.sync = true (default)
2019-11-14 17:39:09,327 [pool-579-thread-1] INFO  server.RaftServerConfigKeys (ConfUtils.java:logGet(43)) - raft.server.log.statemachine.data.sync.timeout = 10s (default)
2019-11-14 17:39:09,328 [pool-579-thread-1] INFO  server.RaftServerConfigKeys (ConfUtils.java:logGet(43)) - raft.server.log.statemachine.data.sync.timeout.retry = -1 (default)
2019-11-14 17:39:09,328 [pool-579-thread-1] INFO  server.RaftServerConfigKeys (ConfUtils.java:logGet(43)) - raft.server.log.statemachine.data.caching.enabled = true (custom)
2019-11-14 17:39:09,328 [pool-579-thread-1] INFO  segmented.SegmentedRaftLogWorker (SegmentedRaftLogWorker.java:lambda$new$0(128)) - 00aa4e63-81eb-4c33-a32e-b28e61c28a6d@group-971197DE5FF9-SegmentedRaftLogWorker: flushIndex: setUnconditionally 0 -> -1
2019-11-14 17:39:09,328 [pool-579-thread-1] INFO  server.RaftServerConfigKeys (ConfUtils.java:logGet(43)) - raft.server.snapshot.auto.trigger.enabled = true (custom)
2019-11-14 17:39:09,328 [pool-579-thread-1] INFO  server.RaftServerConfigKeys (ConfUtils.java:logGet(43)) - raft.server.snapshot.auto.trigger.threshold = 10000 (custom)
2019-11-14 17:39:09,329 [pool-579-thread-1] INFO  server.RaftServerConfigKeys (ConfUtils.java:logGet(43)) - raft.server.snapshot.retention.file.num = 5 (custom)
2019-11-14 17:39:09,329 [pool-579-thread-1] INFO  server.RaftServerConfigKeys (ConfUtils.java:logGet(43)) - raft.server.retrycache.expirytime = 600000ms (custom)
2019-11-14 17:39:09,329 [pool-579-thread-1] WARN  impl.MetricRegistriesImpl (MetricRegistriesImpl.java:lambda$create$1(61)) - First MetricRegistry has been created without registering reporters. You may need to call MetricRegistries.global().addReportRegistration(...) before.
2019-11-14 17:39:09,329 [pool-579-thread-1] WARN  impl.MetricRegistriesImpl (MetricRegistriesImpl.java:lambda$create$1(61)) - First MetricRegistry has been created without registering reporters. You may need to call MetricRegistries.global().addReportRegistration(...) before.
2019-11-14 17:39:09,329 [pool-579-thread-1] INFO  impl.RaftServerImpl (RaftServerImpl.java:start(184)) - 00aa4e63-81eb-4c33-a32e-b28e61c28a6d@group-971197DE5FF9: start as a follower, conf=-1: [00aa4e63-81eb-4c33-a32e-b28e61c28a6d:192.168.157.194:43947], old=null
2019-11-14 17:39:09,329 [pool-579-thread-1] INFO  impl.RaftServerImpl (RaftServerImpl.java:setRole(173)) - 00aa4e63-81eb-4c33-a32e-b28e61c28a6d@group-971197DE5FF9: changes role from      null to FOLLOWER at term 0 for startAsFollower
2019-11-14 17:39:09,329 [pool-579-thread-1] INFO  impl.RoleInfo (RoleInfo.java:updateAndGet(143)) - 00aa4e63-81eb-4c33-a32e-b28e61c28a6d: start FollowerState
2019-11-14 17:39:09,330 [pool-579-thread-1] INFO  util.JmxRegister (JmxRegister.java:tryRegister(44)) - Successfully registered JMX Bean with object name Ratis:service=RaftServer,group=group-971197DE5FF9,id=00aa4e63-81eb-4c33-a32e-b28e61c28a6d
2019-11-14 17:39:09,330 [pool-579-thread-1] WARN  impl.MetricRegistriesImpl (MetricRegistriesImpl.java:lambda$create$1(61)) - First MetricRegistry has been created without registering reporters. You may need to call MetricRegistries.global().addReportRegistration(...) before.
2019-11-14 17:39:09,332 [RatisPipelineUtilsThread] INFO  pipeline.PipelineStateManager (PipelineStateManager.java:addPipeline(55)) - Created pipeline Pipeline[ Id: 51ea79a1-8911-4149-9652-971197de5ff9, Nodes: 00aa4e63-81eb-4c33-a32e-b28e61c28a6d{ip: 192.168.157.194, host: pr-hdds-2482-j87dr-2776293630, networkLocation: /rack1, certSerialId: null}, Type:RATIS, Factor:ONE, State:ALLOCATED]
2019-11-14 17:39:09,343 [grpc-default-executor-5] INFO  impl.RaftServerProxy (RaftServerProxy.java:addNew(89)) - 00aa4e63-81eb-4c33-a32e-b28e61c28a6d: addNew group-A44B5930BC4A:[00aa4e63-81eb-4c33-a32e-b28e61c28a6d:192.168.157.194:43947, da9d3605-d5bb-4af4-b35f-64e6f231f8df:192.168.157.194:36645, 9c88a047-7f73-4111-bf87-fe029dccbce6:192.168.157.194:46499] returns group-A44B5930BC4A:java.util.concurrent.CompletableFuture@42f7a472[Not completed]
2019-11-14 17:39:09,343 [grpc-default-executor-2] INFO  impl.RaftServerProxy (RaftServerProxy.java:addNew(89)) - da9d3605-d5bb-4af4-b35f-64e6f231f8df: addNew group-A44B5930BC4A:[00aa4e63-81eb-4c33-a32e-b28e61c28a6d:192.168.157.194:43947, da9d3605-d5bb-4af4-b35f-64e6f231f8df:192.168.157.194:36645, 9c88a047-7f73-4111-bf87-fe029dccbce6:192.168.157.194:46499] returns group-A44B5930BC4A:java.util.concurrent.CompletableFuture@690d179a[Not completed]
2019-11-14 17:39:09,343 [grpc-default-executor-3] INFO  impl.RaftServerProxy (RaftServerProxy.java:addNew(89)) - 9c88a047-7f73-4111-bf87-fe029dccbce6: addNew group-A44B5930BC4A:[00aa4e63-81eb-4c33-a32e-b28e61c28a6d:192.168.157.194:43947, da9d3605-d5bb-4af4-b35f-64e6f231f8df:192.168.157.194:36645, 9c88a047-7f73-4111-bf87-fe029dccbce6:192.168.157.194:46499] returns group-A44B5930BC4A:java.util.concurrent.CompletableFuture@4c0b7bf9[Not completed]
2019-11-14 17:39:09,345 [pool-559-thread-1] INFO  impl.RaftServerImpl (RaftServerImpl.java:<init>(98)) - 9c88a047-7f73-4111-bf87-fe029dccbce6: new RaftServerImpl for group-A44B5930BC4A:[00aa4e63-81eb-4c33-a32e-b28e61c28a6d:192.168.157.194:43947, da9d3605-d5bb-4af4-b35f-64e6f231f8df:192.168.157.194:36645, 9c88a047-7f73-4111-bf87-fe029dccbce6:192.168.157.194:46499] with ContainerStateMachine:uninitialized
2019-11-14 17:39:09,345 [pool-559-thread-1] INFO  server.RaftServerConfigKeys (ConfUtils.java:logGet(43)) - raft.server.rpc.timeout.min = 1s (custom)
2019-11-14 17:39:09,345 [pool-559-thread-1] INFO  server.RaftServerConfigKeys (ConfUtils.java:logGet(43)) - raft.server.rpc.timeout.max = 1200ms (custom)
2019-11-14 17:39:09,345 [pool-559-thread-1] INFO  server.RaftServerConfigKeys (ConfUtils.java:logGet(43)) - raft.server.rpcslowness.timeout = 120s (custom)
2019-11-14 17:39:09,345 [pool-559-thread-1] INFO  server.RaftServerConfigKeys (ConfUtils.java:logGet(43)) - raft.server.sleep.deviation.threshold = 300 (default)
2019-11-14 17:39:09,345 [pool-559-thread-1] INFO  server.RaftServerConfigKeys (ConfUtils.java:logGet(43)) - raft.server.log.appender.install.snapshot.enabled = false (custom)
2019-11-14 17:39:09,345 [pool-559-thread-1] INFO  impl.RaftServerImpl (ServerState.java:<init>(103)) - 9c88a047-7f73-4111-bf87-fe029dccbce6@group-A44B5930BC4A: ConfigurationManager, init=-1: [00aa4e63-81eb-4c33-a32e-b28e61c28a6d:192.168.157.194:43947, da9d3605-d5bb-4af4-b35f-64e6f231f8df:192.168.157.194:36645, 9c88a047-7f73-4111-bf87-fe029dccbce6:192.168.157.194:46499], old=null, confs=<EMPTY_MAP>
2019-11-14 17:39:09,345 [pool-579-thread-1] INFO  impl.RaftServerImpl (RaftServerImpl.java:<init>(98)) - 00aa4e63-81eb-4c33-a32e-b28e61c28a6d: new RaftServerImpl for group-A44B5930BC4A:[00aa4e63-81eb-4c33-a32e-b28e61c28a6d:192.168.157.194:43947, da9d3605-d5bb-4af4-b35f-64e6f231f8df:192.168.157.194:36645, 9c88a047-7f73-4111-bf87-fe029dccbce6:192.168.157.194:46499] with ContainerStateMachine:uninitialized
2019-11-14 17:39:09,345 [pool-559-thread-1] INFO  server.RaftServerConfigKeys (ConfUtils.java:logGet(43)) - raft.server.storage.dir = [/workdir/hadoop-ozone/integration-test/target/test-dir/MiniOzoneClusterImpl-76142843-c060-4c87-bf9f-3caeb3385afc/datanode-5/data/ratis] (custom)
2019-11-14 17:39:09,346 [pool-579-thread-1] INFO  server.RaftServerConfigKeys (ConfUtils.java:logGet(43)) - raft.server.rpc.timeout.min = 1s (custom)
2019-11-14 17:39:09,346 [pool-559-thread-1] INFO  server.RaftServerConfigKeys (ConfUtils.java:logGet(43)) - raft.server.log.corruption.policy = EXCEPTION (default)
2019-11-14 17:39:09,346 [pool-579-thread-1] INFO  server.RaftServerConfigKeys (ConfUtils.java:logGet(43)) - raft.server.rpc.timeout.max = 1200ms (custom)
2019-11-14 17:39:09,346 [pool-559-thread-1] INFO  storage.RaftStorageDirectory (RaftStorageDirectory.java:analyzeStorage(246)) - The storage directory /workdir/hadoop-ozone/integration-test/target/test-dir/MiniOzoneClusterImpl-76142843-c060-4c87-bf9f-3caeb3385afc/datanode-5/data/ratis/dcff57ac-9940-43b7-84fe-a44b5930bc4a does not exist. Creating ...
2019-11-14 17:39:09,346 [pool-539-thread-1] INFO  impl.RaftServerImpl (RaftServerImpl.java:<init>(98)) - da9d3605-d5bb-4af4-b35f-64e6f231f8df: new RaftServerImpl for group-A44B5930BC4A:[00aa4e63-81eb-4c33-a32e-b28e61c28a6d:192.168.157.194:43947, da9d3605-d5bb-4af4-b35f-64e6f231f8df:192.168.157.194:36645, 9c88a047-7f73-4111-bf87-fe029dccbce6:192.168.157.194:46499] with ContainerStateMachine:uninitialized
2019-11-14 17:39:09,346 [pool-579-thread-1] INFO  server.RaftServerConfigKeys (ConfUtils.java:logGet(43)) - raft.server.rpcslowness.timeout = 120s (custom)
2019-11-14 17:39:09,346 [pool-539-thread-1] INFO  server.RaftServerConfigKeys (ConfUtils.java:logGet(43)) - raft.server.rpc.timeout.min = 1s (custom)
2019-11-14 17:39:09,346 [pool-579-thread-1] INFO  server.RaftServerConfigKeys (ConfUtils.java:logGet(43)) - raft.server.sleep.deviation.threshold = 300 (default)
2019-11-14 17:39:09,346 [pool-539-thread-1] INFO  server.RaftServerConfigKeys (ConfUtils.java:logGet(43)) - raft.server.rpc.timeout.max = 1200ms (custom)
2019-11-14 17:39:09,347 [pool-579-thread-1] INFO  server.RaftServerConfigKeys (ConfUtils.java:logGet(43)) - raft.server.log.appender.install.snapshot.enabled = false (custom)
2019-11-14 17:39:09,347 [pool-539-thread-1] INFO  server.RaftServerConfigKeys (ConfUtils.java:logGet(43)) - raft.server.rpcslowness.timeout = 120s (custom)
2019-11-14 17:39:09,347 [pool-579-thread-1] INFO  impl.RaftServerImpl (ServerState.java:<init>(103)) - 00aa4e63-81eb-4c33-a32e-b28e61c28a6d@group-A44B5930BC4A: ConfigurationManager, init=-1: [00aa4e63-81eb-4c33-a32e-b28e61c28a6d:192.168.157.194:43947, da9d3605-d5bb-4af4-b35f-64e6f231f8df:192.168.157.194:36645, 9c88a047-7f73-4111-bf87-fe029dccbce6:192.168.157.194:46499], old=null, confs=<EMPTY_MAP>
2019-11-14 17:39:09,347 [pool-539-thread-1] INFO  server.RaftServerConfigKeys (ConfUtils.java:logGet(43)) - raft.server.sleep.deviation.threshold = 300 (default)
2019-11-14 17:39:09,347 [pool-579-thread-1] INFO  server.RaftServerConfigKeys (ConfUtils.java:logGet(43)) - raft.server.storage.dir = [/workdir/hadoop-ozone/integration-test/target/test-dir/MiniOzoneClusterImpl-76142843-c060-4c87-bf9f-3caeb3385afc/datanode-7/data/ratis] (custom)
2019-11-14 17:39:09,347 [pool-539-thread-1] INFO  server.RaftServerConfigKeys (ConfUtils.java:logGet(43)) - raft.server.log.appender.install.snapshot.enabled = false (custom)
2019-11-14 17:39:09,347 [pool-539-thread-1] INFO  impl.RaftServerImpl (ServerState.java:<init>(103)) - da9d3605-d5bb-4af4-b35f-64e6f231f8df@group-A44B5930BC4A: ConfigurationManager, init=-1: [00aa4e63-81eb-4c33-a32e-b28e61c28a6d:192.168.157.194:43947, da9d3605-d5bb-4af4-b35f-64e6f231f8df:192.168.157.194:36645, 9c88a047-7f73-4111-bf87-fe029dccbce6:192.168.157.194:46499], old=null, confs=<EMPTY_MAP>
2019-11-14 17:39:09,347 [pool-579-thread-1] INFO  server.RaftServerConfigKeys (ConfUtils.java:logGet(43)) - raft.server.log.corruption.policy = EXCEPTION (default)
2019-11-14 17:39:09,348 [pool-539-thread-1] INFO  server.RaftServerConfigKeys (ConfUtils.java:logGet(43)) - raft.server.storage.dir = [/workdir/hadoop-ozone/integration-test/target/test-dir/MiniOzoneClusterImpl-76142843-c060-4c87-bf9f-3caeb3385afc/datanode-3/data/ratis] (custom)
2019-11-14 17:39:09,348 [pool-579-thread-1] INFO  storage.RaftStorageDirectory (RaftStorageDirectory.java:analyzeStorage(246)) - The storage directory /workdir/hadoop-ozone/integration-test/target/test-dir/MiniOzoneClusterImpl-76142843-c060-4c87-bf9f-3caeb3385afc/datanode-7/data/ratis/dcff57ac-9940-43b7-84fe-a44b5930bc4a does not exist. Creating ...
2019-11-14 17:39:09,348 [pool-539-thread-1] INFO  server.RaftServerConfigKeys (ConfUtils.java:logGet(43)) - raft.server.log.corruption.policy = EXCEPTION (default)
2019-11-14 17:39:09,348 [pool-539-thread-1] INFO  storage.RaftStorageDirectory (RaftStorageDirectory.java:analyzeStorage(246)) - The storage directory /workdir/hadoop-ozone/integration-test/target/test-dir/MiniOzoneClusterImpl-76142843-c060-4c87-bf9f-3caeb3385afc/datanode-3/data/ratis/dcff57ac-9940-43b7-84fe-a44b5930bc4a does not exist. Creating ...
2019-11-14 17:39:09,349 [IPC Server handler 5 on 35323] INFO  net.NetworkTopology (NetworkTopologyImpl.java:add(111)) - Added a new node: /rack1/d0d029c9-c080-45aa-9428-ec9c2afb2e55
2019-11-14 17:39:09,349 [IPC Server handler 5 on 35323] INFO  node.SCMNodeManager (SCMNodeManager.java:register(267)) - Registered Data node : d0d029c9-c080-45aa-9428-ec9c2afb2e55{ip: 192.168.157.194, host: pr-hdds-2482-j87dr-2776293630, networkLocation: /rack1, certSerialId: null}
2019-11-14 17:39:09,376 [pool-579-thread-1] INFO  storage.RaftStorageDirectory (RaftStorageDirectory.java:tryLock(328)) - Lock on /workdir/hadoop-ozone/integration-test/target/test-dir/MiniOzoneClusterImpl-76142843-c060-4c87-bf9f-3caeb3385afc/datanode-7/data/ratis/dcff57ac-9940-43b7-84fe-a44b5930bc4a/in_use.lock acquired by nodename 10142@pr-hdds-2482-j87dr-2776293630
2019-11-14 17:39:09,376 [pool-559-thread-1] INFO  storage.RaftStorageDirectory (RaftStorageDirectory.java:tryLock(328)) - Lock on /workdir/hadoop-ozone/integration-test/target/test-dir/MiniOzoneClusterImpl-76142843-c060-4c87-bf9f-3caeb3385afc/datanode-5/data/ratis/dcff57ac-9940-43b7-84fe-a44b5930bc4a/in_use.lock acquired by nodename 10142@pr-hdds-2482-j87dr-2776293630
2019-11-14 17:39:09,376 [pool-539-thread-1] INFO  storage.RaftStorageDirectory (RaftStorageDirectory.java:tryLock(328)) - Lock on /workdir/hadoop-ozone/integration-test/target/test-dir/MiniOzoneClusterImpl-76142843-c060-4c87-bf9f-3caeb3385afc/datanode-3/data/ratis/dcff57ac-9940-43b7-84fe-a44b5930bc4a/in_use.lock acquired by nodename 10142@pr-hdds-2482-j87dr-2776293630
2019-11-14 17:39:09,401 [pool-559-thread-1] INFO  storage.RaftStorage (RaftStorage.java:format(84)) - Storage directory /workdir/hadoop-ozone/integration-test/target/test-dir/MiniOzoneClusterImpl-76142843-c060-4c87-bf9f-3caeb3385afc/datanode-5/data/ratis/dcff57ac-9940-43b7-84fe-a44b5930bc4a has been successfully formatted.
2019-11-14 17:39:09,401 [pool-539-thread-1] INFO  storage.RaftStorage (RaftStorage.java:format(84)) - Storage directory /workdir/hadoop-ozone/integration-test/target/test-dir/MiniOzoneClusterImpl-76142843-c060-4c87-bf9f-3caeb3385afc/datanode-3/data/ratis/dcff57ac-9940-43b7-84fe-a44b5930bc4a has been successfully formatted.
2019-11-14 17:39:09,402 [pool-559-thread-1] INFO  ratis.ContainerStateMachine (ContainerStateMachine.java:loadSnapshot(223)) - group-A44B5930BC4A: The snapshot info is null. Setting the last applied indexto:(t:0, i:~)
2019-11-14 17:39:09,402 [pool-539-thread-1] INFO  ratis.ContainerStateMachine (ContainerStateMachine.java:loadSnapshot(223)) - group-A44B5930BC4A: The snapshot info is null. Setting the last applied indexto:(t:0, i:~)
2019-11-14 17:39:09,401 [pool-579-thread-1] INFO  storage.RaftStorage (RaftStorage.java:format(84)) - Storage directory /workdir/hadoop-ozone/integration-test/target/test-dir/MiniOzoneClusterImpl-76142843-c060-4c87-bf9f-3caeb3385afc/datanode-7/data/ratis/dcff57ac-9940-43b7-84fe-a44b5930bc4a has been successfully formatted.
2019-11-14 17:39:09,402 [pool-539-thread-1] INFO  server.RaftServerConfigKeys (ConfUtils.java:logGet(43)) - raft.server.notification.no-leader.timeout = 120s (custom)
2019-11-14 17:39:09,402 [pool-559-thread-1] INFO  server.RaftServerConfigKeys (ConfUtils.java:logGet(43)) - raft.server.notification.no-leader.timeout = 120s (custom)
2019-11-14 17:39:09,402 [pool-539-thread-1] INFO  server.RaftServerConfigKeys (ConfUtils.java:logGet(43)) - raft.server.log.use.memory = false (default)
2019-11-14 17:39:09,402 [pool-579-thread-1] INFO  ratis.ContainerStateMachine (ContainerStateMachine.java:loadSnapshot(223)) - group-A44B5930BC4A: The snapshot info is null. Setting the last applied indexto:(t:0, i:~)
2019-11-14 17:39:09,403 [pool-539-thread-1] INFO  server.RaftServerConfigKeys (ConfUtils.java:logGet(43)) - raft.server.log.purge.gap = 1000000 (custom)
2019-11-14 17:39:09,403 [pool-559-thread-1] INFO  server.RaftServerConfigKeys (ConfUtils.java:logGet(43)) - raft.server.log.use.memory = false (default)
2019-11-14 17:39:09,403 [pool-539-thread-1] INFO  server.RaftServerConfigKeys (ConfUtils.java:logGet(43)) - raft.server.log.appender.buffer.byte-limit = 33554432 (custom)
2019-11-14 17:39:09,403 [pool-539-thread-1] INFO  server.RaftServerConfigKeys (ConfUtils.java:logGet(43)) - raft.server.log.segment.size.max = 1048576 (custom)
2019-11-14 17:39:09,403 [pool-579-thread-1] INFO  server.RaftServerConfigKeys (ConfUtils.java:logGet(43)) - raft.server.notification.no-leader.timeout = 120s (custom)
2019-11-14 17:39:09,403 [pool-539-thread-1] INFO  server.RaftServerConfigKeys (ConfUtils.java:logGet(43)) - raft.server.log.segment.cache.num.max = 2 (custom)
2019-11-14 17:39:09,404 [pool-539-thread-1] INFO  segmented.SegmentedRaftLogWorker (SegmentedRaftLogWorker.java:<init>(173)) - new da9d3605-d5bb-4af4-b35f-64e6f231f8df@group-A44B5930BC4A-SegmentedRaftLogWorker for RaftStorage:Storage Directory /workdir/hadoop-ozone/integration-test/target/test-dir/MiniOzoneClusterImpl-76142843-c060-4c87-bf9f-3caeb3385afc/datanode-3/data/ratis/dcff57ac-9940-43b7-84fe-a44b5930bc4a
2019-11-14 17:39:09,403 [pool-559-thread-1] INFO  server.RaftServerConfigKeys (ConfUtils.java:logGet(43)) - raft.server.log.purge.gap = 1000000 (custom)
2019-11-14 17:39:09,404 [pool-539-thread-1] INFO  server.RaftServerConfigKeys (ConfUtils.java:logGet(43)) - raft.server.log.queue.byte-limit = 2147483647 (custom)
2019-11-14 17:39:09,404 [pool-539-thread-1] INFO  server.RaftServerConfigKeys (ConfUtils.java:logGet(43)) - raft.server.log.queue.element-limit = 1024 (custom)
2019-11-14 17:39:09,404 [pool-579-thread-1] INFO  server.RaftServerConfigKeys (ConfUtils.java:logGet(43)) - raft.server.log.use.memory = false (default)
2019-11-14 17:39:09,404 [pool-539-thread-1] INFO  server.RaftServerConfigKeys (ConfUtils.java:logGet(43)) - raft.server.log.segment.size.max = 1048576 (custom)
2019-11-14 17:39:09,404 [pool-559-thread-1] INFO  server.RaftServerConfigKeys (ConfUtils.java:logGet(43)) - raft.server.log.appender.buffer.byte-limit = 33554432 (custom)
2019-11-14 17:39:09,405 [pool-539-thread-1] INFO  server.RaftServerConfigKeys (ConfUtils.java:logGet(43)) - raft.server.log.preallocated.size = 16384 (custom)
2019-11-14 17:39:09,405 [pool-579-thread-1] INFO  server.RaftServerConfigKeys (ConfUtils.java:logGet(43)) - raft.server.log.purge.gap = 1000000 (custom)
2019-11-14 17:39:09,405 [pool-539-thread-1] INFO  server.RaftServerConfigKeys (ConfUtils.java:logGet(43)) - raft.server.log.write.buffer.size = 33554432 (custom)
2019-11-14 17:39:09,405 [pool-559-thread-1] INFO  server.RaftServerConfigKeys (ConfUtils.java:logGet(43)) - raft.server.log.segment.size.max = 1048576 (custom)
2019-11-14 17:39:09,405 [pool-539-thread-1] INFO  server.RaftServerConfigKeys (ConfUtils.java:logGet(43)) - raft.server.log.force.sync.num = 128 (default)
2019-11-14 17:39:09,405 [pool-539-thread-1] INFO  server.RaftServerConfigKeys (ConfUtils.java:logGet(43)) - raft.server.log.statemachine.data.sync = true (default)
2019-11-14 17:39:09,405 [pool-579-thread-1] INFO  server.RaftServerConfigKeys (ConfUtils.java:logGet(43)) - raft.server.log.appender.buffer.byte-limit = 33554432 (custom)
2019-11-14 17:39:09,406 [pool-539-thread-1] INFO  server.RaftServerConfigKeys (ConfUtils.java:logGet(43)) - raft.server.log.statemachine.data.sync.timeout = 10s (default)
2019-11-14 17:39:09,405 [pool-559-thread-1] INFO  server.RaftServerConfigKeys (ConfUtils.java:logGet(43)) - raft.server.log.segment.cache.num.max = 2 (custom)
2019-11-14 17:39:09,406 [pool-539-thread-1] INFO  server.RaftServerConfigKeys (ConfUtils.java:logGet(43)) - raft.server.log.statemachine.data.sync.timeout.retry = -1 (default)
2019-11-14 17:39:09,406 [pool-579-thread-1] INFO  server.RaftServerConfigKeys (ConfUtils.java:logGet(43)) - raft.server.log.segment.size.max = 1048576 (custom)
2019-11-14 17:39:09,406 [pool-539-thread-1] INFO  server.RaftServerConfigKeys (ConfUtils.java:logGet(43)) - raft.server.log.statemachine.data.caching.enabled = true (custom)
2019-11-14 17:39:09,406 [pool-559-thread-1] INFO  segmented.SegmentedRaftLogWorker (SegmentedRaftLogWorker.java:<init>(173)) - new 9c88a047-7f73-4111-bf87-fe029dccbce6@group-A44B5930BC4A-SegmentedRaftLogWorker for RaftStorage:Storage Directory /workdir/hadoop-ozone/integration-test/target/test-dir/MiniOzoneClusterImpl-76142843-c060-4c87-bf9f-3caeb3385afc/datanode-5/data/ratis/dcff57ac-9940-43b7-84fe-a44b5930bc4a
2019-11-14 17:39:09,407 [pool-539-thread-1] INFO  segmented.SegmentedRaftLogWorker (SegmentedRaftLogWorker.java:lambda$new$0(128)) - da9d3605-d5bb-4af4-b35f-64e6f231f8df@group-A44B5930BC4A-SegmentedRaftLogWorker: flushIndex: setUnconditionally 0 -> -1
2019-11-14 17:39:09,406 [pool-579-thread-1] INFO  server.RaftServerConfigKeys (ConfUtils.java:logGet(43)) - raft.server.log.segment.cache.num.max = 2 (custom)
2019-11-14 17:39:09,407 [pool-539-thread-1] INFO  server.RaftServerConfigKeys (ConfUtils.java:logGet(43)) - raft.server.snapshot.auto.trigger.enabled = true (custom)
2019-11-14 17:39:09,407 [pool-559-thread-1] INFO  server.RaftServerConfigKeys (ConfUtils.java:logGet(43)) - raft.server.log.queue.byte-limit = 2147483647 (custom)
2019-11-14 17:39:09,407 [pool-539-thread-1] INFO  server.RaftServerConfigKeys (ConfUtils.java:logGet(43)) - raft.server.snapshot.auto.trigger.threshold = 10000 (custom)
2019-11-14 17:39:09,407 [pool-579-thread-1] INFO  segmented.SegmentedRaftLogWorker (SegmentedRaftLogWorker.java:<init>(173)) - new 00aa4e63-81eb-4c33-a32e-b28e61c28a6d@group-A44B5930BC4A-SegmentedRaftLogWorker for RaftStorage:Storage Directory /workdir/hadoop-ozone/integration-test/target/test-dir/MiniOzoneClusterImpl-76142843-c060-4c87-bf9f-3caeb3385afc/datanode-7/data/ratis/dcff57ac-9940-43b7-84fe-a44b5930bc4a
2019-11-14 17:39:09,408 [pool-539-thread-1] INFO  server.RaftServerConfigKeys (ConfUtils.java:logGet(43)) - raft.server.snapshot.retention.file.num = 5 (custom)
2019-11-14 17:39:09,407 [pool-559-thread-1] INFO  server.RaftServerConfigKeys (ConfUtils.java:logGet(43)) - raft.server.log.queue.element-limit = 1024 (custom)
2019-11-14 17:39:09,408 [pool-539-thread-1] INFO  server.RaftServerConfigKeys (ConfUtils.java:logGet(43)) - raft.server.retrycache.expirytime = 600000ms (custom)
2019-11-14 17:39:09,408 [pool-579-thread-1] INFO  server.RaftServerConfigKeys (ConfUtils.java:logGet(43)) - raft.server.log.queue.byte-limit = 2147483647 (custom)
2019-11-14 17:39:09,408 [pool-539-thread-1] WARN  impl.MetricRegistriesImpl (MetricRegistriesImpl.java:lambda$create$1(61)) - First MetricRegistry has been created without registering reporters. You may need to call MetricRegistries.global().addReportRegistration(...) before.
2019-11-14 17:39:09,408 [pool-559-thread-1] INFO  server.RaftServerConfigKeys (ConfUtils.java:logGet(43)) - raft.server.log.segment.size.max = 1048576 (custom)
2019-11-14 17:39:09,409 [pool-539-thread-1] WARN  impl.MetricRegistriesImpl (MetricRegistriesImpl.java:lambda$create$1(61)) - First MetricRegistry has been created without registering reporters. You may need to call MetricRegistries.global().addReportRegistration(...) before.
2019-11-14 17:39:09,408 [pool-579-thread-1] INFO  server.RaftServerConfigKeys (ConfUtils.java:logGet(43)) - raft.server.log.queue.element-limit = 1024 (custom)
2019-11-14 17:39:09,409 [pool-539-thread-1] INFO  impl.RaftServerImpl (RaftServerImpl.java:start(184)) - da9d3605-d5bb-4af4-b35f-64e6f231f8df@group-A44B5930BC4A: start as a follower, conf=-1: [00aa4e63-81eb-4c33-a32e-b28e61c28a6d:192.168.157.194:43947, da9d3605-d5bb-4af4-b35f-64e6f231f8df:192.168.157.194:36645, 9c88a047-7f73-4111-bf87-fe029dccbce6:192.168.157.194:46499], old=null
2019-11-14 17:39:09,409 [pool-539-thread-1] INFO  impl.RaftServerImpl (RaftServerImpl.java:setRole(173)) - da9d3605-d5bb-4af4-b35f-64e6f231f8df@group-A44B5930BC4A: changes role from      null to FOLLOWER at term 0 for startAsFollower
2019-11-14 17:39:09,409 [pool-559-thread-1] INFO  server.RaftServerConfigKeys (ConfUtils.java:logGet(43)) - raft.server.log.preallocated.size = 16384 (custom)
2019-11-14 17:39:09,409 [pool-539-thread-1] INFO  impl.RoleInfo (RoleInfo.java:updateAndGet(143)) - da9d3605-d5bb-4af4-b35f-64e6f231f8df: start FollowerState
2019-11-14 17:39:09,409 [pool-579-thread-1] INFO  server.RaftServerConfigKeys (ConfUtils.java:logGet(43)) - raft.server.log.segment.size.max = 1048576 (custom)
2019-11-14 17:39:09,409 [pool-559-thread-1] INFO  server.RaftServerConfigKeys (ConfUtils.java:logGet(43)) - raft.server.log.write.buffer.size = 33554432 (custom)
2019-11-14 17:39:09,410 [pool-579-thread-1] INFO  server.RaftServerConfigKeys (ConfUtils.java:logGet(43)) - raft.server.log.preallocated.size = 16384 (custom)
2019-11-14 17:39:09,410 [pool-539-thread-1] INFO  util.JmxRegister (JmxRegister.java:tryRegister(44)) - Successfully registered JMX Bean with object name Ratis:service=RaftServer,group=group-A44B5930BC4A,id=da9d3605-d5bb-4af4-b35f-64e6f231f8df
2019-11-14 17:39:09,410 [pool-559-thread-1] INFO  server.RaftServerConfigKeys (ConfUtils.java:logGet(43)) - raft.server.log.force.sync.num = 128 (default)
2019-11-14 17:39:09,410 [pool-539-thread-1] WARN  impl.MetricRegistriesImpl (MetricRegistriesImpl.java:lambda$create$1(61)) - First MetricRegistry has been created without registering reporters. You may need to call MetricRegistries.global().addReportRegistration(...) before.
2019-11-14 17:39:09,410 [pool-579-thread-1] INFO  server.RaftServerConfigKeys (ConfUtils.java:logGet(43)) - raft.server.log.write.buffer.size = 33554432 (custom)
2019-11-14 17:39:09,410 [pool-579-thread-1] INFO  server.RaftServerConfigKeys (ConfUtils.java:logGet(43)) - raft.server.log.force.sync.num = 128 (default)
2019-11-14 17:39:09,410 [pool-559-thread-1] INFO  server.RaftServerConfigKeys (ConfUtils.java:logGet(43)) - raft.server.log.statemachine.data.sync = true (default)
2019-11-14 17:39:09,411 [pool-579-thread-1] INFO  server.RaftServerConfigKeys (ConfUtils.java:logGet(43)) - raft.server.log.statemachine.data.sync = true (default)
2019-11-14 17:39:09,411 [pool-559-thread-1] INFO  server.RaftServerConfigKeys (ConfUtils.java:logGet(43)) - raft.server.log.statemachine.data.sync.timeout = 10s (default)
2019-11-14 17:39:09,411 [pool-579-thread-1] INFO  server.RaftServerConfigKeys (ConfUtils.java:logGet(43)) - raft.server.log.statemachine.data.sync.timeout = 10s (default)
2019-11-14 17:39:09,411 [pool-559-thread-1] INFO  server.RaftServerConfigKeys (ConfUtils.java:logGet(43)) - raft.server.log.statemachine.data.sync.timeout.retry = -1 (default)
2019-11-14 17:39:09,411 [pool-579-thread-1] INFO  server.RaftServerConfigKeys (ConfUtils.java:logGet(43)) - raft.server.log.statemachine.data.sync.timeout.retry = -1 (default)
2019-11-14 17:39:09,411 [pool-559-thread-1] INFO  server.RaftServerConfigKeys (ConfUtils.java:logGet(43)) - raft.server.log.statemachine.data.caching.enabled = true (custom)
2019-11-14 17:39:09,412 [pool-579-thread-1] INFO  server.RaftServerConfigKeys (ConfUtils.java:logGet(43)) - raft.server.log.statemachine.data.caching.enabled = true (custom)
2019-11-14 17:39:09,412 [pool-559-thread-1] INFO  segmented.SegmentedRaftLogWorker (SegmentedRaftLogWorker.java:lambda$new$0(128)) - 9c88a047-7f73-4111-bf87-fe029dccbce6@group-A44B5930BC4A-SegmentedRaftLogWorker: flushIndex: setUnconditionally 0 -> -1
2019-11-14 17:39:09,412 [pool-579-thread-1] INFO  segmented.SegmentedRaftLogWorker (SegmentedRaftLogWorker.java:lambda$new$0(128)) - 00aa4e63-81eb-4c33-a32e-b28e61c28a6d@group-A44B5930BC4A-SegmentedRaftLogWorker: flushIndex: setUnconditionally 0 -> -1
2019-11-14 17:39:09,412 [pool-559-thread-1] INFO  server.RaftServerConfigKeys (ConfUtils.java:logGet(43)) - raft.server.snapshot.auto.trigger.enabled = true (custom)
2019-11-14 17:39:09,412 [pool-559-thread-1] INFO  server.RaftServerConfigKeys (ConfUtils.java:logGet(43)) - raft.server.snapshot.auto.trigger.threshold = 10000 (custom)
2019-11-14 17:39:09,412 [pool-579-thread-1] INFO  server.RaftServerConfigKeys (ConfUtils.java:logGet(43)) - raft.server.snapshot.auto.trigger.enabled = true (custom)
2019-11-14 17:39:09,412 [pool-559-thread-1] INFO  server.RaftServerConfigKeys (ConfUtils.java:logGet(43)) - raft.server.snapshot.retention.file.num = 5 (custom)
2019-11-14 17:39:09,413 [pool-579-thread-1] INFO  server.RaftServerConfigKeys (ConfUtils.java:logGet(43)) - raft.server.snapshot.auto.trigger.threshold = 10000 (custom)
2019-11-14 17:39:09,413 [pool-559-thread-1] INFO  server.RaftServerConfigKeys (ConfUtils.java:logGet(43)) - raft.server.retrycache.expirytime = 600000ms (custom)
2019-11-14 17:39:09,413 [pool-579-thread-1] INFO  server.RaftServerConfigKeys (ConfUtils.java:logGet(43)) - raft.server.snapshot.retention.file.num = 5 (custom)
2019-11-14 17:39:09,413 [pool-559-thread-1] WARN  impl.MetricRegistriesImpl (MetricRegistriesImpl.java:lambda$create$1(61)) - First MetricRegistry has been created without registering reporters. You may need to call MetricRegistries.global().addReportRegistration(...) before.
2019-11-14 17:39:09,413 [pool-579-thread-1] INFO  server.RaftServerConfigKeys (ConfUtils.java:logGet(43)) - raft.server.retrycache.expirytime = 600000ms (custom)
2019-11-14 17:39:09,413 [pool-559-thread-1] WARN  impl.MetricRegistriesImpl (MetricRegistriesImpl.java:lambda$create$1(61)) - First MetricRegistry has been created without registering reporters. You may need to call MetricRegistries.global().addReportRegistration(...) before.
2019-11-14 17:39:09,413 [pool-579-thread-1] WARN  impl.MetricRegistriesImpl (MetricRegistriesImpl.java:lambda$create$1(61)) - First MetricRegistry has been created without registering reporters. You may need to call MetricRegistries.global().addReportRegistration(...) before.
2019-11-14 17:39:09,414 [pool-559-thread-1] INFO  impl.RaftServerImpl (RaftServerImpl.java:start(184)) - 9c88a047-7f73-4111-bf87-fe029dccbce6@group-A44B5930BC4A: start as a follower, conf=-1: [00aa4e63-81eb-4c33-a32e-b28e61c28a6d:192.168.157.194:43947, da9d3605-d5bb-4af4-b35f-64e6f231f8df:192.168.157.194:36645, 9c88a047-7f73-4111-bf87-fe029dccbce6:192.168.157.194:46499], old=null
2019-11-14 17:39:09,414 [pool-579-thread-1] WARN  impl.MetricRegistriesImpl (MetricRegistriesImpl.java:lambda$create$1(61)) - First MetricRegistry has been created without registering reporters. You may need to call MetricRegistries.global().addReportRegistration(...) before.
2019-11-14 17:39:09,414 [pool-559-thread-1] INFO  impl.RaftServerImpl (RaftServerImpl.java:setRole(173)) - 9c88a047-7f73-4111-bf87-fe029dccbce6@group-A44B5930BC4A: changes role from      null to FOLLOWER at term 0 for startAsFollower
2019-11-14 17:39:09,414 [pool-579-thread-1] INFO  impl.RaftServerImpl (RaftServerImpl.java:start(184)) - 00aa4e63-81eb-4c33-a32e-b28e61c28a6d@group-A44B5930BC4A: start as a follower, conf=-1: [00aa4e63-81eb-4c33-a32e-b28e61c28a6d:192.168.157.194:43947, da9d3605-d5bb-4af4-b35f-64e6f231f8df:192.168.157.194:36645, 9c88a047-7f73-4111-bf87-fe029dccbce6:192.168.157.194:46499], old=null
2019-11-14 17:39:09,414 [pool-559-thread-1] INFO  impl.RoleInfo (RoleInfo.java:updateAndGet(143)) - 9c88a047-7f73-4111-bf87-fe029dccbce6: start FollowerState
2019-11-14 17:39:09,414 [pool-579-thread-1] INFO  impl.RaftServerImpl (RaftServerImpl.java:setRole(173)) - 00aa4e63-81eb-4c33-a32e-b28e61c28a6d@group-A44B5930BC4A: changes role from      null to FOLLOWER at term 0 for startAsFollower
2019-11-14 17:39:09,414 [pool-579-thread-1] INFO  impl.RoleInfo (RoleInfo.java:updateAndGet(143)) - 00aa4e63-81eb-4c33-a32e-b28e61c28a6d: start FollowerState
2019-11-14 17:39:09,415 [pool-559-thread-1] INFO  util.JmxRegister (JmxRegister.java:tryRegister(44)) - Successfully registered JMX Bean with object name Ratis:service=RaftServer,group=group-A44B5930BC4A,id=9c88a047-7f73-4111-bf87-fe029dccbce6
2019-11-14 17:39:09,415 [pool-559-thread-1] WARN  impl.MetricRegistriesImpl (MetricRegistriesImpl.java:lambda$create$1(61)) - First MetricRegistry has been created without registering reporters. You may need to call MetricRegistries.global().addReportRegistration(...) before.
2019-11-14 17:39:09,415 [pool-579-thread-1] INFO  util.JmxRegister (JmxRegister.java:tryRegister(44)) - Successfully registered JMX Bean with object name Ratis:service=RaftServer,group=group-A44B5930BC4A,id=00aa4e63-81eb-4c33-a32e-b28e61c28a6d
2019-11-14 17:39:09,415 [pool-579-thread-1] WARN  impl.MetricRegistriesImpl (MetricRegistriesImpl.java:lambda$create$1(61)) - First MetricRegistry has been created without registering reporters. You may need to call MetricRegistries.global().addReportRegistration(...) before.
2019-11-14 17:39:09,418 [RatisPipelineUtilsThread] INFO  pipeline.PipelineStateManager (PipelineStateManager.java:addPipeline(55)) - Created pipeline Pipeline[ Id: dcff57ac-9940-43b7-84fe-a44b5930bc4a, Nodes: da9d3605-d5bb-4af4-b35f-64e6f231f8df{ip: 192.168.157.194, host: pr-hdds-2482-j87dr-2776293630, networkLocation: /rack1, certSerialId: null}9c88a047-7f73-4111-bf87-fe029dccbce6{ip: 192.168.157.194, host: pr-hdds-2482-j87dr-2776293630, networkLocation: /rack1, certSerialId: null}00aa4e63-81eb-4c33-a32e-b28e61c28a6d{ip: 192.168.157.194, host: pr-hdds-2482-j87dr-2776293630, networkLocation: /rack1, certSerialId: null}, Type:RATIS, Factor:THREE, State:ALLOCATED]
2019-11-14 17:39:09,428 [grpc-default-executor-3] INFO  impl.RaftServerProxy (RaftServerProxy.java:addNew(89)) - 521325b2-2ced-4cee-b44f-acc523c049d7: addNew group-8DFCF8E6A9A5:[d0d029c9-c080-45aa-9428-ec9c2afb2e55:192.168.157.194:41166, 6301bead-719a-4dde-94bc-f4c716ecb4e0:192.168.157.194:46043, 521325b2-2ced-4cee-b44f-acc523c049d7:192.168.157.194:33976] returns group-8DFCF8E6A9A5:java.util.concurrent.CompletableFuture@f996fad[Not completed]
2019-11-14 17:39:09,428 [grpc-default-executor-5] INFO  impl.RaftServerProxy (RaftServerProxy.java:addNew(89)) - 6301bead-719a-4dde-94bc-f4c716ecb4e0: addNew group-8DFCF8E6A9A5:[d0d029c9-c080-45aa-9428-ec9c2afb2e55:192.168.157.194:41166, 6301bead-719a-4dde-94bc-f4c716ecb4e0:192.168.157.194:46043, 521325b2-2ced-4cee-b44f-acc523c049d7:192.168.157.194:33976] returns group-8DFCF8E6A9A5:java.util.concurrent.CompletableFuture@39b80baf[Not completed]
2019-11-14 17:39:09,430 [grpc-default-executor-2] INFO  impl.RaftServerProxy (RaftServerProxy.java:addNew(89)) - d0d029c9-c080-45aa-9428-ec9c2afb2e55: addNew group-8DFCF8E6A9A5:[d0d029c9-c080-45aa-9428-ec9c2afb2e55:192.168.157.194:41166, 6301bead-719a-4dde-94bc-f4c716ecb4e0:192.168.157.194:46043, 521325b2-2ced-4cee-b44f-acc523c049d7:192.168.157.194:33976] returns group-8DFCF8E6A9A5:java.util.concurrent.CompletableFuture@1876c1a8[Not completed]
2019-11-14 17:39:09,431 [pool-569-thread-1] INFO  impl.RaftServerImpl (RaftServerImpl.java:<init>(98)) - 6301bead-719a-4dde-94bc-f4c716ecb4e0: new RaftServerImpl for group-8DFCF8E6A9A5:[d0d029c9-c080-45aa-9428-ec9c2afb2e55:192.168.157.194:41166, 6301bead-719a-4dde-94bc-f4c716ecb4e0:192.168.157.194:46043, 521325b2-2ced-4cee-b44f-acc523c049d7:192.168.157.194:33976] with ContainerStateMachine:uninitialized
2019-11-14 17:39:09,431 [pool-569-thread-1] INFO  server.RaftServerConfigKeys (ConfUtils.java:logGet(43)) - raft.server.rpc.timeout.min = 1s (custom)
2019-11-14 17:39:09,432 [pool-569-thread-1] INFO  server.RaftServerConfigKeys (ConfUtils.java:logGet(43)) - raft.server.rpc.timeout.max = 1200ms (custom)
2019-11-14 17:39:09,432 [pool-569-thread-1] INFO  server.RaftServerConfigKeys (ConfUtils.java:logGet(43)) - raft.server.rpcslowness.timeout = 120s (custom)
2019-11-14 17:39:09,432 [pool-569-thread-1] INFO  server.RaftServerConfigKeys (ConfUtils.java:logGet(43)) - raft.server.sleep.deviation.threshold = 300 (default)
2019-11-14 17:39:09,432 [pool-569-thread-1] INFO  server.RaftServerConfigKeys (ConfUtils.java:logGet(43)) - raft.server.log.appender.install.snapshot.enabled = false (custom)
2019-11-14 17:39:09,432 [pool-569-thread-1] INFO  impl.RaftServerImpl (ServerState.java:<init>(103)) - 6301bead-719a-4dde-94bc-f4c716ecb4e0@group-8DFCF8E6A9A5: ConfigurationManager, init=-1: [d0d029c9-c080-45aa-9428-ec9c2afb2e55:192.168.157.194:41166, 6301bead-719a-4dde-94bc-f4c716ecb4e0:192.168.157.194:46043, 521325b2-2ced-4cee-b44f-acc523c049d7:192.168.157.194:33976], old=null, confs=<EMPTY_MAP>
2019-11-14 17:39:09,432 [pool-589-thread-1] INFO  impl.RaftServerImpl (RaftServerImpl.java:<init>(98)) - d0d029c9-c080-45aa-9428-ec9c2afb2e55: new RaftServerImpl for group-8DFCF8E6A9A5:[d0d029c9-c080-45aa-9428-ec9c2afb2e55:192.168.157.194:41166, 6301bead-719a-4dde-94bc-f4c716ecb4e0:192.168.157.194:46043, 521325b2-2ced-4cee-b44f-acc523c049d7:192.168.157.194:33976] with ContainerStateMachine:uninitialized
2019-11-14 17:39:09,432 [pool-569-thread-1] INFO  server.RaftServerConfigKeys (ConfUtils.java:logGet(43)) - raft.server.storage.dir = [/workdir/hadoop-ozone/integration-test/target/test-dir/MiniOzoneClusterImpl-76142843-c060-4c87-bf9f-3caeb3385afc/datanode-6/data/ratis] (custom)
2019-11-14 17:39:09,432 [pool-589-thread-1] INFO  server.RaftServerConfigKeys (ConfUtils.java:logGet(43)) - raft.server.rpc.timeout.min = 1s (custom)
2019-11-14 17:39:09,433 [pool-569-thread-1] INFO  server.RaftServerConfigKeys (ConfUtils.java:logGet(43)) - raft.server.log.corruption.policy = EXCEPTION (default)
2019-11-14 17:39:09,433 [pool-589-thread-1] INFO  server.RaftServerConfigKeys (ConfUtils.java:logGet(43)) - raft.server.rpc.timeout.max = 1200ms (custom)
2019-11-14 17:39:09,433 [pool-569-thread-1] INFO  storage.RaftStorageDirectory (RaftStorageDirectory.java:analyzeStorage(246)) - The storage directory /workdir/hadoop-ozone/integration-test/target/test-dir/MiniOzoneClusterImpl-76142843-c060-4c87-bf9f-3caeb3385afc/datanode-6/data/ratis/26da63f4-d51e-4feb-8fa7-8dfcf8e6a9a5 does not exist. Creating ...
2019-11-14 17:39:09,433 [pool-549-thread-1] INFO  impl.RaftServerImpl (RaftServerImpl.java:<init>(98)) - 521325b2-2ced-4cee-b44f-acc523c049d7: new RaftServerImpl for group-8DFCF8E6A9A5:[d0d029c9-c080-45aa-9428-ec9c2afb2e55:192.168.157.194:41166, 6301bead-719a-4dde-94bc-f4c716ecb4e0:192.168.157.194:46043, 521325b2-2ced-4cee-b44f-acc523c049d7:192.168.157.194:33976] with ContainerStateMachine:uninitialized
2019-11-14 17:39:09,433 [pool-589-thread-1] INFO  server.RaftServerConfigKeys (ConfUtils.java:logGet(43)) - raft.server.rpcslowness.timeout = 120s (custom)
2019-11-14 17:39:09,433 [pool-549-thread-1] INFO  server.RaftServerConfigKeys (ConfUtils.java:logGet(43)) - raft.server.rpc.timeout.min = 1s (custom)
2019-11-14 17:39:09,433 [pool-589-thread-1] INFO  server.RaftServerConfigKeys (ConfUtils.java:logGet(43)) - raft.server.sleep.deviation.threshold = 300 (default)
2019-11-14 17:39:09,434 [pool-549-thread-1] INFO  server.RaftServerConfigKeys (ConfUtils.java:logGet(43)) - raft.server.rpc.timeout.max = 1200ms (custom)
2019-11-14 17:39:09,434 [pool-589-thread-1] INFO  server.RaftServerConfigKeys (ConfUtils.java:logGet(43)) - raft.server.log.appender.install.snapshot.enabled = false (custom)
2019-11-14 17:39:09,434 [pool-549-thread-1] INFO  server.RaftServerConfigKeys (ConfUtils.java:logGet(43)) - raft.server.rpcslowness.timeout = 120s (custom)
2019-11-14 17:39:09,434 [pool-589-thread-1] INFO  impl.RaftServerImpl (ServerState.java:<init>(103)) - d0d029c9-c080-45aa-9428-ec9c2afb2e55@group-8DFCF8E6A9A5: ConfigurationManager, init=-1: [d0d029c9-c080-45aa-9428-ec9c2afb2e55:192.168.157.194:41166, 6301bead-719a-4dde-94bc-f4c716ecb4e0:192.168.157.194:46043, 521325b2-2ced-4cee-b44f-acc523c049d7:192.168.157.194:33976], old=null, confs=<EMPTY_MAP>
2019-11-14 17:39:09,434 [pool-549-thread-1] INFO  server.RaftServerConfigKeys (ConfUtils.java:logGet(43)) - raft.server.sleep.deviation.threshold = 300 (default)
2019-11-14 17:39:09,434 [pool-589-thread-1] INFO  server.RaftServerConfigKeys (ConfUtils.java:logGet(43)) - raft.server.storage.dir = [/workdir/hadoop-ozone/integration-test/target/test-dir/MiniOzoneClusterImpl-76142843-c060-4c87-bf9f-3caeb3385afc/datanode-8/data/ratis] (custom)
2019-11-14 17:39:09,434 [pool-549-thread-1] INFO  server.RaftServerConfigKeys (ConfUtils.java:logGet(43)) - raft.server.log.appender.install.snapshot.enabled = false (custom)
2019-11-14 17:39:09,435 [pool-589-thread-1] INFO  server.RaftServerConfigKeys (ConfUtils.java:logGet(43)) - raft.server.log.corruption.policy = EXCEPTION (default)
2019-11-14 17:39:09,435 [pool-549-thread-1] INFO  impl.RaftServerImpl (ServerState.java:<init>(103)) - 521325b2-2ced-4cee-b44f-acc523c049d7@group-8DFCF8E6A9A5: ConfigurationManager, init=-1: [d0d029c9-c080-45aa-9428-ec9c2afb2e55:192.168.157.194:41166, 6301bead-719a-4dde-94bc-f4c716ecb4e0:192.168.157.194:46043, 521325b2-2ced-4cee-b44f-acc523c049d7:192.168.157.194:33976], old=null, confs=<EMPTY_MAP>
2019-11-14 17:39:09,435 [pool-589-thread-1] INFO  storage.RaftStorageDirectory (RaftStorageDirectory.java:analyzeStorage(246)) - The storage directory /workdir/hadoop-ozone/integration-test/target/test-dir/MiniOzoneClusterImpl-76142843-c060-4c87-bf9f-3caeb3385afc/datanode-8/data/ratis/26da63f4-d51e-4feb-8fa7-8dfcf8e6a9a5 does not exist. Creating ...
2019-11-14 17:39:09,435 [pool-549-thread-1] INFO  server.RaftServerConfigKeys (ConfUtils.java:logGet(43)) - raft.server.storage.dir = [/workdir/hadoop-ozone/integration-test/target/test-dir/MiniOzoneClusterImpl-76142843-c060-4c87-bf9f-3caeb3385afc/datanode-4/data/ratis] (custom)
2019-11-14 17:39:09,435 [pool-549-thread-1] INFO  server.RaftServerConfigKeys (ConfUtils.java:logGet(43)) - raft.server.log.corruption.policy = EXCEPTION (default)
2019-11-14 17:39:09,436 [pool-549-thread-1] INFO  storage.RaftStorageDirectory (RaftStorageDirectory.java:analyzeStorage(246)) - The storage directory /workdir/hadoop-ozone/integration-test/target/test-dir/MiniOzoneClusterImpl-76142843-c060-4c87-bf9f-3caeb3385afc/datanode-4/data/ratis/26da63f4-d51e-4feb-8fa7-8dfcf8e6a9a5 does not exist. Creating ...
2019-11-14 17:39:09,454 [IPC Server handler 7 on 35323] INFO  net.NetworkTopology (NetworkTopologyImpl.java:add(111)) - Added a new node: /rack1/d0c52919-9387-42b7-9191-3f4b0bb9b568
2019-11-14 17:39:09,454 [IPC Server handler 7 on 35323] INFO  node.SCMNodeManager (SCMNodeManager.java:register(267)) - Registered Data node : d0c52919-9387-42b7-9191-3f4b0bb9b568{ip: 192.168.157.194, host: pr-hdds-2482-j87dr-2776293630, networkLocation: /rack1, certSerialId: null}
2019-11-14 17:39:09,460 [pool-569-thread-1] INFO  storage.RaftStorageDirectory (RaftStorageDirectory.java:tryLock(328)) - Lock on /workdir/hadoop-ozone/integration-test/target/test-dir/MiniOzoneClusterImpl-76142843-c060-4c87-bf9f-3caeb3385afc/datanode-6/data/ratis/26da63f4-d51e-4feb-8fa7-8dfcf8e6a9a5/in_use.lock acquired by nodename 10142@pr-hdds-2482-j87dr-2776293630
2019-11-14 17:39:09,460 [pool-549-thread-1] INFO  storage.RaftStorageDirectory (RaftStorageDirectory.java:tryLock(328)) - Lock on /workdir/hadoop-ozone/integration-test/target/test-dir/MiniOzoneClusterImpl-76142843-c060-4c87-bf9f-3caeb3385afc/datanode-4/data/ratis/26da63f4-d51e-4feb-8fa7-8dfcf8e6a9a5/in_use.lock acquired by nodename 10142@pr-hdds-2482-j87dr-2776293630
2019-11-14 17:39:09,460 [pool-589-thread-1] INFO  storage.RaftStorageDirectory (RaftStorageDirectory.java:tryLock(328)) - Lock on /workdir/hadoop-ozone/integration-test/target/test-dir/MiniOzoneClusterImpl-76142843-c060-4c87-bf9f-3caeb3385afc/datanode-8/data/ratis/26da63f4-d51e-4feb-8fa7-8dfcf8e6a9a5/in_use.lock acquired by nodename 10142@pr-hdds-2482-j87dr-2776293630
2019-11-14 17:39:09,486 [pool-589-thread-1] INFO  storage.RaftStorage (RaftStorage.java:format(84)) - Storage directory /workdir/hadoop-ozone/integration-test/target/test-dir/MiniOzoneClusterImpl-76142843-c060-4c87-bf9f-3caeb3385afc/datanode-8/data/ratis/26da63f4-d51e-4feb-8fa7-8dfcf8e6a9a5 has been successfully formatted.
2019-11-14 17:39:09,486 [pool-549-thread-1] INFO  storage.RaftStorage (RaftStorage.java:format(84)) - Storage directory /workdir/hadoop-ozone/integration-test/target/test-dir/MiniOzoneClusterImpl-76142843-c060-4c87-bf9f-3caeb3385afc/datanode-4/data/ratis/26da63f4-d51e-4feb-8fa7-8dfcf8e6a9a5 has been successfully formatted.
2019-11-14 17:39:09,486 [pool-569-thread-1] INFO  storage.RaftStorage (RaftStorage.java:format(84)) - Storage directory /workdir/hadoop-ozone/integration-test/target/test-dir/MiniOzoneClusterImpl-76142843-c060-4c87-bf9f-3caeb3385afc/datanode-6/data/ratis/26da63f4-d51e-4feb-8fa7-8dfcf8e6a9a5 has been successfully formatted.
2019-11-14 17:39:09,487 [pool-549-thread-1] INFO  ratis.ContainerStateMachine (ContainerStateMachine.java:loadSnapshot(223)) - group-8DFCF8E6A9A5: The snapshot info is null. Setting the last applied indexto:(t:0, i:~)
2019-11-14 17:39:09,486 [pool-589-thread-1] INFO  ratis.ContainerStateMachine (ContainerStateMachine.java:loadSnapshot(223)) - group-8DFCF8E6A9A5: The snapshot info is null. Setting the last applied indexto:(t:0, i:~)
2019-11-14 17:39:09,487 [pool-549-thread-1] INFO  server.RaftServerConfigKeys (ConfUtils.java:logGet(43)) - raft.server.notification.no-leader.timeout = 120s (custom)
2019-11-14 17:39:09,487 [pool-569-thread-1] INFO  ratis.ContainerStateMachine (ContainerStateMachine.java:loadSnapshot(223)) - group-8DFCF8E6A9A5: The snapshot info is null. Setting the last applied indexto:(t:0, i:~)
2019-11-14 17:39:09,487 [pool-549-thread-1] INFO  server.RaftServerConfigKeys (ConfUtils.java:logGet(43)) - raft.server.log.use.memory = false (default)
2019-11-14 17:39:09,487 [pool-589-thread-1] INFO  server.RaftServerConfigKeys (ConfUtils.java:logGet(43)) - raft.server.notification.no-leader.timeout = 120s (custom)
2019-11-14 17:39:09,487 [pool-549-thread-1] INFO  server.RaftServerConfigKeys (ConfUtils.java:logGet(43)) - raft.server.log.purge.gap = 1000000 (custom)
2019-11-14 17:39:09,487 [pool-569-thread-1] INFO  server.RaftServerConfigKeys (ConfUtils.java:logGet(43)) - raft.server.notification.no-leader.timeout = 120s (custom)
2019-11-14 17:39:09,488 [pool-549-thread-1] INFO  server.RaftServerConfigKeys (ConfUtils.java:logGet(43)) - raft.server.log.appender.buffer.byte-limit = 33554432 (custom)
2019-11-14 17:39:09,487 [pool-589-thread-1] INFO  server.RaftServerConfigKeys (ConfUtils.java:logGet(43)) - raft.server.log.use.memory = false (default)
2019-11-14 17:39:09,488 [pool-549-thread-1] INFO  server.RaftServerConfigKeys (ConfUtils.java:logGet(43)) - raft.server.log.segment.size.max = 1048576 (custom)
2019-11-14 17:39:09,488 [pool-569-thread-1] INFO  server.RaftServerConfigKeys (ConfUtils.java:logGet(43)) - raft.server.log.use.memory = false (default)
2019-11-14 17:39:09,488 [pool-549-thread-1] INFO  server.RaftServerConfigKeys (ConfUtils.java:logGet(43)) - raft.server.log.segment.cache.num.max = 2 (custom)
2019-11-14 17:39:09,488 [pool-589-thread-1] INFO  server.RaftServerConfigKeys (ConfUtils.java:logGet(43)) - raft.server.log.purge.gap = 1000000 (custom)
2019-11-14 17:39:09,488 [pool-549-thread-1] INFO  segmented.SegmentedRaftLogWorker (SegmentedRaftLogWorker.java:<init>(173)) - new 521325b2-2ced-4cee-b44f-acc523c049d7@group-8DFCF8E6A9A5-SegmentedRaftLogWorker for RaftStorage:Storage Directory /workdir/hadoop-ozone/integration-test/target/test-dir/MiniOzoneClusterImpl-76142843-c060-4c87-bf9f-3caeb3385afc/datanode-4/data/ratis/26da63f4-d51e-4feb-8fa7-8dfcf8e6a9a5
2019-11-14 17:39:09,488 [pool-569-thread-1] INFO  server.RaftServerConfigKeys (ConfUtils.java:logGet(43)) - raft.server.log.purge.gap = 1000000 (custom)
2019-11-14 17:39:09,489 [pool-549-thread-1] INFO  server.RaftServerConfigKeys (ConfUtils.java:logGet(43)) - raft.server.log.queue.byte-limit = 2147483647 (custom)
2019-11-14 17:39:09,488 [pool-589-thread-1] INFO  server.RaftServerConfigKeys (ConfUtils.java:logGet(43)) - raft.server.log.appender.buffer.byte-limit = 33554432 (custom)
2019-11-14 17:39:09,489 [pool-549-thread-1] INFO  server.RaftServerConfigKeys (ConfUtils.java:logGet(43)) - raft.server.log.queue.element-limit = 1024 (custom)
2019-11-14 17:39:09,489 [pool-549-thread-1] INFO  server.RaftServerConfigKeys (ConfUtils.java:logGet(43)) - raft.server.log.segment.size.max = 1048576 (custom)
2019-11-14 17:39:09,489 [pool-569-thread-1] INFO  server.RaftServerConfigKeys (ConfUtils.java:logGet(43)) - raft.server.log.appender.buffer.byte-limit = 33554432 (custom)
2019-11-14 17:39:09,489 [pool-549-thread-1] INFO  server.RaftServerConfigKeys (ConfUtils.java:logGet(43)) - raft.server.log.preallocated.size = 16384 (custom)
2019-11-14 17:39:09,489 [pool-589-thread-1] INFO  server.RaftServerConfigKeys (ConfUtils.java:logGet(43)) - raft.server.log.segment.size.max = 1048576 (custom)
2019-11-14 17:39:09,490 [pool-549-thread-1] INFO  server.RaftServerConfigKeys (ConfUtils.java:logGet(43)) - raft.server.log.write.buffer.size = 33554432 (custom)
2019-11-14 17:39:09,490 [pool-549-thread-1] INFO  server.RaftServerConfigKeys (ConfUtils.java:logGet(43)) - raft.server.log.force.sync.num = 128 (default)
2019-11-14 17:39:09,489 [pool-569-thread-1] INFO  server.RaftServerConfigKeys (ConfUtils.java:logGet(43)) - raft.server.log.segment.size.max = 1048576 (custom)
2019-11-14 17:39:09,490 [pool-549-thread-1] INFO  server.RaftServerConfigKeys (ConfUtils.java:logGet(43)) - raft.server.log.statemachine.data.sync = true (default)
2019-11-14 17:39:09,490 [pool-589-thread-1] WARN  impl.MetricRegistriesImpl (MetricRegistriesImpl.java:lambda$create$1(61)) - First MetricRegistry has been created without registering reporters. You may need to call MetricRegistries.global().addReportRegistration(...) before.
2019-11-14 17:39:09,490 [pool-549-thread-1] INFO  server.RaftServerConfigKeys (ConfUtils.java:logGet(43)) - raft.server.log.statemachine.data.sync.timeout = 10s (default)
2019-11-14 17:39:09,491 [pool-549-thread-1] INFO  server.RaftServerConfigKeys (ConfUtils.java:logGet(43)) - raft.server.log.statemachine.data.sync.timeout.retry = -1 (default)
2019-11-14 17:39:09,490 [pool-569-thread-1] INFO  server.RaftServerConfigKeys (ConfUtils.java:logGet(43)) - raft.server.log.segment.cache.num.max = 2 (custom)
2019-11-14 17:39:09,491 [pool-549-thread-1] INFO  server.RaftServerConfigKeys (ConfUtils.java:logGet(43)) - raft.server.log.statemachine.data.caching.enabled = true (custom)
2019-11-14 17:39:09,490 [pool-589-thread-1] INFO  server.RaftServerConfigKeys (ConfUtils.java:logGet(43)) - raft.server.log.segment.cache.num.max = 2 (custom)
2019-11-14 17:39:09,491 [pool-569-thread-1] INFO  segmented.SegmentedRaftLogWorker (SegmentedRaftLogWorker.java:<init>(173)) - new 6301bead-719a-4dde-94bc-f4c716ecb4e0@group-8DFCF8E6A9A5-SegmentedRaftLogWorker for RaftStorage:Storage Directory /workdir/hadoop-ozone/integration-test/target/test-dir/MiniOzoneClusterImpl-76142843-c060-4c87-bf9f-3caeb3385afc/datanode-6/data/ratis/26da63f4-d51e-4feb-8fa7-8dfcf8e6a9a5
2019-11-14 17:39:09,491 [pool-549-thread-1] INFO  segmented.SegmentedRaftLogWorker (SegmentedRaftLogWorker.java:lambda$new$0(128)) - 521325b2-2ced-4cee-b44f-acc523c049d7@group-8DFCF8E6A9A5-SegmentedRaftLogWorker: flushIndex: setUnconditionally 0 -> -1
2019-11-14 17:39:09,491 [pool-589-thread-1] INFO  segmented.SegmentedRaftLogWorker (SegmentedRaftLogWorker.java:<init>(173)) - new d0d029c9-c080-45aa-9428-ec9c2afb2e55@group-8DFCF8E6A9A5-SegmentedRaftLogWorker for RaftStorage:Storage Directory /workdir/hadoop-ozone/integration-test/target/test-dir/MiniOzoneClusterImpl-76142843-c060-4c87-bf9f-3caeb3385afc/datanode-8/data/ratis/26da63f4-d51e-4feb-8fa7-8dfcf8e6a9a5
2019-11-14 17:39:09,491 [pool-569-thread-1] INFO  server.RaftServerConfigKeys (ConfUtils.java:logGet(43)) - raft.server.log.queue.byte-limit = 2147483647 (custom)
2019-11-14 17:39:09,492 [pool-549-thread-1] INFO  server.RaftServerConfigKeys (ConfUtils.java:logGet(43)) - raft.server.snapshot.auto.trigger.enabled = true (custom)
2019-11-14 17:39:09,492 [pool-589-thread-1] INFO  server.RaftServerConfigKeys (ConfUtils.java:logGet(43)) - raft.server.log.queue.byte-limit = 2147483647 (custom)
2019-11-14 17:39:09,492 [pool-549-thread-1] INFO  server.RaftServerConfigKeys (ConfUtils.java:logGet(43)) - raft.server.snapshot.auto.trigger.threshold = 10000 (custom)
2019-11-14 17:39:09,492 [pool-569-thread-1] INFO  server.RaftServerConfigKeys (ConfUtils.java:logGet(43)) - raft.server.log.queue.element-limit = 1024 (custom)
2019-11-14 17:39:09,492 [pool-549-thread-1] INFO  server.RaftServerConfigKeys (ConfUtils.java:logGet(43)) - raft.server.snapshot.retention.file.num = 5 (custom)
2019-11-14 17:39:09,492 [pool-589-thread-1] INFO  server.RaftServerConfigKeys (ConfUtils.java:logGet(43)) - raft.server.log.queue.element-limit = 1024 (custom)
2019-11-14 17:39:09,492 [pool-549-thread-1] INFO  server.RaftServerConfigKeys (ConfUtils.java:logGet(43)) - raft.server.retrycache.expirytime = 600000ms (custom)
2019-11-14 17:39:09,492 [pool-569-thread-1] INFO  server.RaftServerConfigKeys (ConfUtils.java:logGet(43)) - raft.server.log.segment.size.max = 1048576 (custom)
2019-11-14 17:39:09,493 [pool-549-thread-1] WARN  impl.MetricRegistriesImpl (MetricRegistriesImpl.java:lambda$create$1(61)) - First MetricRegistry has been created without registering reporters. You may need to call MetricRegistries.global().addReportRegistration(...) before.
2019-11-14 17:39:09,492 [pool-589-thread-1] INFO  server.RaftServerConfigKeys (ConfUtils.java:logGet(43)) - raft.server.log.segment.size.max = 1048576 (custom)
2019-11-14 17:39:09,493 [pool-549-thread-1] WARN  impl.MetricRegistriesImpl (MetricRegistriesImpl.java:lambda$create$1(61)) - First MetricRegistry has been created without registering reporters. You may need to call MetricRegistries.global().addReportRegistration(...) before.
2019-11-14 17:39:09,493 [pool-569-thread-1] INFO  server.RaftServerConfigKeys (ConfUtils.java:logGet(43)) - raft.server.log.preallocated.size = 16384 (custom)
2019-11-14 17:39:09,493 [pool-549-thread-1] INFO  impl.RaftServerImpl (RaftServerImpl.java:start(184)) - 521325b2-2ced-4cee-b44f-acc523c049d7@group-8DFCF8E6A9A5: start as a follower, conf=-1: [d0d029c9-c080-45aa-9428-ec9c2afb2e55:192.168.157.194:41166, 6301bead-719a-4dde-94bc-f4c716ecb4e0:192.168.157.194:46043, 521325b2-2ced-4cee-b44f-acc523c049d7:192.168.157.194:33976], old=null
2019-11-14 17:39:09,493 [pool-589-thread-1] INFO  server.RaftServerConfigKeys (ConfUtils.java:logGet(43)) - raft.server.log.preallocated.size = 16384 (custom)
2019-11-14 17:39:09,493 [pool-549-thread-1] INFO  impl.RaftServerImpl (RaftServerImpl.java:setRole(173)) - 521325b2-2ced-4cee-b44f-acc523c049d7@group-8DFCF8E6A9A5: changes role from      null to FOLLOWER at term 0 for startAsFollower
2019-11-14 17:39:09,493 [pool-569-thread-1] INFO  server.RaftServerConfigKeys (ConfUtils.java:logGet(43)) - raft.server.log.write.buffer.size = 33554432 (custom)
2019-11-14 17:39:09,494 [pool-549-thread-1] INFO  impl.RoleInfo (RoleInfo.java:updateAndGet(143)) - 521325b2-2ced-4cee-b44f-acc523c049d7: start FollowerState
2019-11-14 17:39:09,494 [pool-589-thread-1] INFO  server.RaftServerConfigKeys (ConfUtils.java:logGet(43)) - raft.server.log.write.buffer.size = 33554432 (custom)
2019-11-14 17:39:09,494 [pool-569-thread-1] INFO  server.RaftServerConfigKeys (ConfUtils.java:logGet(43)) - raft.server.log.force.sync.num = 128 (default)
2019-11-14 17:39:09,494 [pool-589-thread-1] INFO  server.RaftServerConfigKeys (ConfUtils.java:logGet(43)) - raft.server.log.force.sync.num = 128 (default)
2019-11-14 17:39:09,494 [pool-569-thread-1] INFO  server.RaftServerConfigKeys (ConfUtils.java:logGet(43)) - raft.server.log.statemachine.data.sync = true (default)
2019-11-14 17:39:09,494 [pool-549-thread-1] INFO  util.JmxRegister (JmxRegister.java:tryRegister(44)) - Successfully registered JMX Bean with object name Ratis:service=RaftServer,group=group-8DFCF8E6A9A5,id=521325b2-2ced-4cee-b44f-acc523c049d7
2019-11-14 17:39:09,494 [pool-589-thread-1] INFO  server.RaftServerConfigKeys (ConfUtils.java:logGet(43)) - raft.server.log.statemachine.data.sync = true (default)
2019-11-14 17:39:09,495 [pool-549-thread-1] WARN  impl.MetricRegistriesImpl (MetricRegistriesImpl.java:lambda$create$1(61)) - First MetricRegistry has been created without registering reporters. You may need to call MetricRegistries.global().addReportRegistration(...) before.
2019-11-14 17:39:09,495 [pool-569-thread-1] INFO  server.RaftServerConfigKeys (ConfUtils.java:logGet(43)) - raft.server.log.statemachine.data.sync.timeout = 10s (default)
2019-11-14 17:39:09,495 [pool-589-thread-1] INFO  server.RaftServerConfigKeys (ConfUtils.java:logGet(43)) - raft.server.log.statemachine.data.sync.timeout = 10s (default)
2019-11-14 17:39:09,495 [pool-569-thread-1] INFO  server.RaftServerConfigKeys (ConfUtils.java:logGet(43)) - raft.server.log.statemachine.data.sync.timeout.retry = -1 (default)
2019-11-14 17:39:09,495 [pool-589-thread-1] INFO  server.RaftServerConfigKeys (ConfUtils.java:logGet(43)) - raft.server.log.statemachine.data.sync.timeout.retry = -1 (default)
2019-11-14 17:39:09,495 [pool-569-thread-1] INFO  server.RaftServerConfigKeys (ConfUtils.java:logGet(43)) - raft.server.log.statemachine.data.caching.enabled = true (custom)
2019-11-14 17:39:09,496 [pool-589-thread-1] INFO  server.RaftServerConfigKeys (ConfUtils.java:logGet(43)) - raft.server.log.statemachine.data.caching.enabled = true (custom)
2019-11-14 17:39:09,496 [pool-569-thread-1] INFO  segmented.SegmentedRaftLogWorker (SegmentedRaftLogWorker.java:lambda$new$0(128)) - 6301bead-719a-4dde-94bc-f4c716ecb4e0@group-8DFCF8E6A9A5-SegmentedRaftLogWorker: flushIndex: setUnconditionally 0 -> -1
2019-11-14 17:39:09,496 [pool-589-thread-1] INFO  segmented.SegmentedRaftLogWorker (SegmentedRaftLogWorker.java:lambda$new$0(128)) - d0d029c9-c080-45aa-9428-ec9c2afb2e55@group-8DFCF8E6A9A5-SegmentedRaftLogWorker: flushIndex: setUnconditionally 0 -> -1
2019-11-14 17:39:09,496 [pool-569-thread-1] INFO  server.RaftServerConfigKeys (ConfUtils.java:logGet(43)) - raft.server.snapshot.auto.trigger.enabled = true (custom)
2019-11-14 17:39:09,496 [pool-569-thread-1] INFO  server.RaftServerConfigKeys (ConfUtils.java:logGet(43)) - raft.server.snapshot.auto.trigger.threshold = 10000 (custom)
2019-11-14 17:39:09,496 [pool-589-thread-1] INFO  server.RaftServerConfigKeys (ConfUtils.java:logGet(43)) - raft.server.snapshot.auto.trigger.enabled = true (custom)
2019-11-14 17:39:09,497 [pool-569-thread-1] INFO  server.RaftServerConfigKeys (ConfUtils.java:logGet(43)) - raft.server.snapshot.retention.file.num = 5 (custom)
2019-11-14 17:39:09,497 [pool-589-thread-1] INFO  server.RaftServerConfigKeys (ConfUtils.java:logGet(43)) - raft.server.snapshot.auto.trigger.threshold = 10000 (custom)
2019-11-14 17:39:09,497 [pool-569-thread-1] INFO  server.RaftServerConfigKeys (ConfUtils.java:logGet(43)) - raft.server.retrycache.expirytime = 600000ms (custom)
2019-11-14 17:39:09,497 [pool-589-thread-1] INFO  server.RaftServerConfigKeys (ConfUtils.java:logGet(43)) - raft.server.snapshot.retention.file.num = 5 (custom)
2019-11-14 17:39:09,497 [pool-569-thread-1] WARN  impl.MetricRegistriesImpl (MetricRegistriesImpl.java:lambda$create$1(61)) - First MetricRegistry has been created without registering reporters. You may need to call MetricRegistries.global().addReportRegistration(...) before.
2019-11-14 17:39:09,497 [pool-589-thread-1] INFO  server.RaftServerConfigKeys (ConfUtils.java:logGet(43)) - raft.server.retrycache.expirytime = 600000ms (custom)
2019-11-14 17:39:09,497 [pool-569-thread-1] WARN  impl.MetricRegistriesImpl (MetricRegistriesImpl.java:lambda$create$1(61)) - First MetricRegistry has been created without registering reporters. You may need to call MetricRegistries.global().addReportRegistration(...) before.
2019-11-14 17:39:09,497 [pool-589-thread-1] WARN  impl.MetricRegistriesImpl (MetricRegistriesImpl.java:lambda$create$1(61)) - First MetricRegistry has been created without registering reporters. You may need to call MetricRegistries.global().addReportRegistration(...) before.
2019-11-14 17:39:09,498 [pool-569-thread-1] INFO  impl.RaftServerImpl (RaftServerImpl.java:start(184)) - 6301bead-719a-4dde-94bc-f4c716ecb4e0@group-8DFCF8E6A9A5: start as a follower, conf=-1: [d0d029c9-c080-45aa-9428-ec9c2afb2e55:192.168.157.194:41166, 6301bead-719a-4dde-94bc-f4c716ecb4e0:192.168.157.194:46043, 521325b2-2ced-4cee-b44f-acc523c049d7:192.168.157.194:33976], old=null
2019-11-14 17:39:09,498 [pool-589-thread-1] WARN  impl.MetricRegistriesImpl (MetricRegistriesImpl.java:lambda$create$1(61)) - First MetricRegistry has been created without registering reporters. You may need to call MetricRegistries.global().addReportRegistration(...) before.
2019-11-14 17:39:09,498 [pool-569-thread-1] INFO  impl.RaftServerImpl (RaftServerImpl.java:setRole(173)) - 6301bead-719a-4dde-94bc-f4c716ecb4e0@group-8DFCF8E6A9A5: changes role from      null to FOLLOWER at term 0 for startAsFollower
2019-11-14 17:39:09,498 [pool-589-thread-1] INFO  impl.RaftServerImpl (RaftServerImpl.java:start(184)) - d0d029c9-c080-45aa-9428-ec9c2afb2e55@group-8DFCF8E6A9A5: start as a follower, conf=-1: [d0d029c9-c080-45aa-9428-ec9c2afb2e55:192.168.157.194:41166, 6301bead-719a-4dde-94bc-f4c716ecb4e0:192.168.157.194:46043, 521325b2-2ced-4cee-b44f-acc523c049d7:192.168.157.194:33976], old=null
2019-11-14 17:39:09,498 [pool-569-thread-1] INFO  impl.RoleInfo (RoleInfo.java:updateAndGet(143)) - 6301bead-719a-4dde-94bc-f4c716ecb4e0: start FollowerState
2019-11-14 17:39:09,498 [pool-589-thread-1] INFO  impl.RaftServerImpl (RaftServerImpl.java:setRole(173)) - d0d029c9-c080-45aa-9428-ec9c2afb2e55@group-8DFCF8E6A9A5: changes role from      null to FOLLOWER at term 0 for startAsFollower
2019-11-14 17:39:09,499 [pool-589-thread-1] INFO  impl.RoleInfo (RoleInfo.java:updateAndGet(143)) - d0d029c9-c080-45aa-9428-ec9c2afb2e55: start FollowerState
2019-11-14 17:39:09,499 [pool-569-thread-1] INFO  util.JmxRegister (JmxRegister.java:tryRegister(44)) - Successfully registered JMX Bean with object name Ratis:service=RaftServer,group=group-8DFCF8E6A9A5,id=6301bead-719a-4dde-94bc-f4c716ecb4e0
2019-11-14 17:39:09,499 [pool-569-thread-1] WARN  impl.MetricRegistriesImpl (MetricRegistriesImpl.java:lambda$create$1(61)) - First MetricRegistry has been created without registering reporters. You may need to call MetricRegistries.global().addReportRegistration(...) before.
2019-11-14 17:39:09,499 [pool-589-thread-1] INFO  util.JmxRegister (JmxRegister.java:tryRegister(44)) - Successfully registered JMX Bean with object name Ratis:service=RaftServer,group=group-8DFCF8E6A9A5,id=d0d029c9-c080-45aa-9428-ec9c2afb2e55
2019-11-14 17:39:09,499 [pool-589-thread-1] WARN  impl.MetricRegistriesImpl (MetricRegistriesImpl.java:lambda$create$1(61)) - First MetricRegistry has been created without registering reporters. You may need to call MetricRegistries.global().addReportRegistration(...) before.
2019-11-14 17:39:09,502 [RatisPipelineUtilsThread] INFO  pipeline.PipelineStateManager (PipelineStateManager.java:addPipeline(55)) - Created pipeline Pipeline[ Id: 26da63f4-d51e-4feb-8fa7-8dfcf8e6a9a5, Nodes: d0d029c9-c080-45aa-9428-ec9c2afb2e55{ip: 192.168.157.194, host: pr-hdds-2482-j87dr-2776293630, networkLocation: /rack1, certSerialId: null}521325b2-2ced-4cee-b44f-acc523c049d7{ip: 192.168.157.194, host: pr-hdds-2482-j87dr-2776293630, networkLocation: /rack1, certSerialId: null}6301bead-719a-4dde-94bc-f4c716ecb4e0{ip: 192.168.157.194, host: pr-hdds-2482-j87dr-2776293630, networkLocation: /rack1, certSerialId: null}, Type:RATIS, Factor:THREE, State:ALLOCATED]
2019-11-14 17:39:09,503 [main] INFO  ozone.MiniOzoneClusterImpl (MiniOzoneClusterImpl.java:lambda$waitForClusterToBeReady$2(163)) - Waiting for 11 number of pipelines out of 11, to report a leader.
2019-11-14 17:39:09,858 [Thread-3857] INFO  impl.FollowerState (FollowerState.java:run(111)) - 1e2d7e4d-6af1-461d-8b85-f444d5672a79@group-EA3A918AE431-FollowerState: change to CANDIDATE, lastRpcTime:1110ms, electionTimeout:1110ms
2019-11-14 17:39:09,858 [Thread-3857] INFO  impl.RoleInfo (RoleInfo.java:shutdownFollowerState(121)) - 1e2d7e4d-6af1-461d-8b85-f444d5672a79: shutdown FollowerState
2019-11-14 17:39:09,858 [Thread-3857] INFO  impl.RaftServerImpl (RaftServerImpl.java:setRole(173)) - 1e2d7e4d-6af1-461d-8b85-f444d5672a79@group-EA3A918AE431: changes role from  FOLLOWER to CANDIDATE at term 0 for changeToCandidate
2019-11-14 17:39:09,859 [Thread-3857] INFO  impl.RoleInfo (RoleInfo.java:updateAndGet(143)) - 1e2d7e4d-6af1-461d-8b85-f444d5672a79: start LeaderElection
2019-11-14 17:39:09,895 [1e2d7e4d-6af1-461d-8b85-f444d5672a79@group-EA3A918AE431-LeaderElection203] INFO  impl.LeaderElection (LeaderElection.java:askForVotes(178)) - 1e2d7e4d-6af1-461d-8b85-f444d5672a79@group-EA3A918AE431-LeaderElection203: begin an election at term 1 for -1: [1e2d7e4d-6af1-461d-8b85-f444d5672a79:192.168.157.194:43154], old=null
2019-11-14 17:39:09,895 [1e2d7e4d-6af1-461d-8b85-f444d5672a79@group-EA3A918AE431-LeaderElection203] INFO  impl.RoleInfo (RoleInfo.java:shutdownLeaderElection(134)) - 1e2d7e4d-6af1-461d-8b85-f444d5672a79: shutdown LeaderElection
2019-11-14 17:39:09,895 [1e2d7e4d-6af1-461d-8b85-f444d5672a79@group-EA3A918AE431-LeaderElection203] INFO  impl.RaftServerImpl (RaftServerImpl.java:setRole(173)) - 1e2d7e4d-6af1-461d-8b85-f444d5672a79@group-EA3A918AE431: changes role from CANDIDATE to LEADER at term 1 for changeToLeader
2019-11-14 17:39:09,895 [1e2d7e4d-6af1-461d-8b85-f444d5672a79@group-EA3A918AE431-LeaderElection203] INFO  ratis.XceiverServerRatis (XceiverServerRatis.java:handleLeaderChangedNotification(697)) - Leader change notification received for group: group-EA3A918AE431 with new leaderId: 1e2d7e4d-6af1-461d-8b85-f444d5672a79
2019-11-14 17:39:09,896 [1e2d7e4d-6af1-461d-8b85-f444d5672a79@group-EA3A918AE431-LeaderElection203] INFO  impl.RaftServerImpl (ServerState.java:setLeader(255)) - 1e2d7e4d-6af1-461d-8b85-f444d5672a79@group-EA3A918AE431: change Leader from null to 1e2d7e4d-6af1-461d-8b85-f444d5672a79 at term 1 for becomeLeader, leader elected after 1152ms
2019-11-14 17:39:09,896 [1e2d7e4d-6af1-461d-8b85-f444d5672a79@group-EA3A918AE431-LeaderElection203] INFO  server.RaftServerConfigKeys (ConfUtils.java:logGet(43)) - raft.server.staging.catchup.gap = 1000 (default)
2019-11-14 17:39:09,898 [1e2d7e4d-6af1-461d-8b85-f444d5672a79@group-EA3A918AE431-LeaderElection203] INFO  server.RaftServerConfigKeys (ConfUtils.java:logGet(43)) - raft.server.rpc.sleep.time = 25ms (default)
2019-11-14 17:39:09,898 [1e2d7e4d-6af1-461d-8b85-f444d5672a79@group-EA3A918AE431-LeaderElection203] INFO  server.RaftServerConfigKeys (ConfUtils.java:logGet(43)) - raft.server.write.element-limit = 4096 (default)
2019-11-14 17:39:09,898 [1e2d7e4d-6af1-461d-8b85-f444d5672a79@group-EA3A918AE431-LeaderElection203] INFO  server.RaftServerConfigKeys (ConfUtils.java:logGet(43)) - raft.server.watch.timeout = 10s (default)
2019-11-14 17:39:09,899 [1e2d7e4d-6af1-461d-8b85-f444d5672a79@group-EA3A918AE431-LeaderElection203] INFO  server.RaftServerConfigKeys (ConfUtils.java:logGet(43)) - raft.server.watch.timeout.denomination = 1s (default)
2019-11-14 17:39:09,899 [1e2d7e4d-6af1-461d-8b85-f444d5672a79@group-EA3A918AE431-LeaderElection203] INFO  server.RaftServerConfigKeys (ConfUtils.java:logGet(43)) - raft.server.watch.element-limit = 65536 (default)
2019-11-14 17:39:09,899 [1e2d7e4d-6af1-461d-8b85-f444d5672a79@group-EA3A918AE431-LeaderElection203] INFO  impl.RoleInfo (RoleInfo.java:updateAndGet(143)) - 1e2d7e4d-6af1-461d-8b85-f444d5672a79: start LeaderState
2019-11-14 17:39:09,899 [EventQueue-PipelineReportForPipelineReportHandler] INFO  pipeline.PipelineStateManager (PipelineStateManager.java:openPipeline(134)) - Pipeline Pipeline[ Id: 5e8759cd-775d-4c09-8110-ea3a918ae431, Nodes: 1e2d7e4d-6af1-461d-8b85-f444d5672a79{ip: 192.168.157.194, host: pr-hdds-2482-j87dr-2776293630, networkLocation: /rack1, certSerialId: null}, Type:RATIS, Factor:ONE, State:OPEN] moved to OPEN state
2019-11-14 17:39:09,899 [1e2d7e4d-6af1-461d-8b85-f444d5672a79@group-EA3A918AE431-LeaderElection203] INFO  segmented.SegmentedRaftLogWorker (SegmentedRaftLogWorker.java:startLogSegment(385)) - 1e2d7e4d-6af1-461d-8b85-f444d5672a79@group-EA3A918AE431-SegmentedRaftLogWorker: Starting segment from index:0
2019-11-14 17:39:09,900 [1e2d7e4d-6af1-461d-8b85-f444d5672a79@group-EA3A918AE431-LeaderElection203] INFO  impl.RaftServerImpl (ServerState.java:setRaftConf(356)) - 1e2d7e4d-6af1-461d-8b85-f444d5672a79@group-EA3A918AE431: set configuration 0: [1e2d7e4d-6af1-461d-8b85-f444d5672a79:192.168.157.194:43154], old=null at 0
2019-11-14 17:39:09,947 [1e2d7e4d-6af1-461d-8b85-f444d5672a79@group-EA3A918AE431-SegmentedRaftLogWorker] INFO  segmented.SegmentedRaftLogWorker (SegmentedRaftLogWorker.java:execute(576)) - 1e2d7e4d-6af1-461d-8b85-f444d5672a79@group-EA3A918AE431-SegmentedRaftLogWorker: created new log segment /workdir/hadoop-ozone/integration-test/target/test-dir/MiniOzoneClusterImpl-76142843-c060-4c87-bf9f-3caeb3385afc/datanode-0/data/ratis/5e8759cd-775d-4c09-8110-ea3a918ae431/current/log_inprogress_0
2019-11-14 17:39:09,991 [Thread-3866] INFO  impl.FollowerState (FollowerState.java:run(111)) - 1e2d7e4d-6af1-461d-8b85-f444d5672a79@group-8A7698DEED1E-FollowerState: change to CANDIDATE, lastRpcTime:1012ms, electionTimeout:1012ms
2019-11-14 17:39:09,991 [Thread-3866] INFO  impl.RoleInfo (RoleInfo.java:shutdownFollowerState(121)) - 1e2d7e4d-6af1-461d-8b85-f444d5672a79: shutdown FollowerState
2019-11-14 17:39:09,991 [Thread-3866] INFO  impl.RaftServerImpl (RaftServerImpl.java:setRole(173)) - 1e2d7e4d-6af1-461d-8b85-f444d5672a79@group-8A7698DEED1E: changes role from  FOLLOWER to CANDIDATE at term 0 for changeToCandidate
2019-11-14 17:39:09,991 [Thread-3866] INFO  impl.RoleInfo (RoleInfo.java:updateAndGet(143)) - 1e2d7e4d-6af1-461d-8b85-f444d5672a79: start LeaderElection
2019-11-14 17:39:09,995 [Thread-3860] INFO  impl.FollowerState (FollowerState.java:run(111)) - 9f70b324-be48-4d43-8f47-cd647748f9c6@group-8738E89BC2BB-FollowerState: change to CANDIDATE, lastRpcTime:1180ms, electionTimeout:1178ms
2019-11-14 17:39:09,997 [Thread-3860] INFO  impl.RoleInfo (RoleInfo.java:shutdownFollowerState(121)) - 9f70b324-be48-4d43-8f47-cd647748f9c6: shutdown FollowerState
2019-11-14 17:39:09,997 [Thread-3860] INFO  impl.RaftServerImpl (RaftServerImpl.java:setRole(173)) - 9f70b324-be48-4d43-8f47-cd647748f9c6@group-8738E89BC2BB: changes role from  FOLLOWER to CANDIDATE at term 0 for changeToCandidate
2019-11-14 17:39:09,997 [Thread-3860] INFO  impl.RoleInfo (RoleInfo.java:updateAndGet(143)) - 9f70b324-be48-4d43-8f47-cd647748f9c6: start LeaderElection
2019-11-14 17:39:10,016 [Thread-3863] INFO  impl.FollowerState (FollowerState.java:run(111)) - 4fcb6245-7b52-48ea-a68b-fda0132084cd@group-C2ABFF70BF66-FollowerState: change to CANDIDATE, lastRpcTime:1116ms, electionTimeout:1116ms
2019-11-14 17:39:10,016 [Thread-3863] INFO  impl.RoleInfo (RoleInfo.java:shutdownFollowerState(121)) - 4fcb6245-7b52-48ea-a68b-fda0132084cd: shutdown FollowerState
2019-11-14 17:39:10,016 [Thread-3863] INFO  impl.RaftServerImpl (RaftServerImpl.java:setRole(173)) - 4fcb6245-7b52-48ea-a68b-fda0132084cd@group-C2ABFF70BF66: changes role from  FOLLOWER to CANDIDATE at term 0 for changeToCandidate
2019-11-14 17:39:10,016 [Thread-3863] INFO  impl.RoleInfo (RoleInfo.java:updateAndGet(143)) - 4fcb6245-7b52-48ea-a68b-fda0132084cd: start LeaderElection
2019-11-14 17:39:10,024 [1e2d7e4d-6af1-461d-8b85-f444d5672a79@group-8A7698DEED1E-LeaderElection204] INFO  impl.LeaderElection (LeaderElection.java:askForVotes(178)) - 1e2d7e4d-6af1-461d-8b85-f444d5672a79@group-8A7698DEED1E-LeaderElection204: begin an election at term 1 for -1: [4fcb6245-7b52-48ea-a68b-fda0132084cd:192.168.157.194:33953, 9f70b324-be48-4d43-8f47-cd647748f9c6:192.168.157.194:39672, 1e2d7e4d-6af1-461d-8b85-f444d5672a79:192.168.157.194:43154], old=null
2019-11-14 17:39:10,024 [9f70b324-be48-4d43-8f47-cd647748f9c6@group-8738E89BC2BB-LeaderElection205] INFO  impl.LeaderElection (LeaderElection.java:askForVotes(178)) - 9f70b324-be48-4d43-8f47-cd647748f9c6@group-8738E89BC2BB-LeaderElection205: begin an election at term 1 for -1: [9f70b324-be48-4d43-8f47-cd647748f9c6:192.168.157.194:39672], old=null
2019-11-14 17:39:10,024 [9f70b324-be48-4d43-8f47-cd647748f9c6@group-8738E89BC2BB-LeaderElection205] INFO  impl.RoleInfo (RoleInfo.java:shutdownLeaderElection(134)) - 9f70b324-be48-4d43-8f47-cd647748f9c6: shutdown LeaderElection
2019-11-14 17:39:10,024 [9f70b324-be48-4d43-8f47-cd647748f9c6@group-8738E89BC2BB-LeaderElection205] INFO  impl.RaftServerImpl (RaftServerImpl.java:setRole(173)) - 9f70b324-be48-4d43-8f47-cd647748f9c6@group-8738E89BC2BB: changes role from CANDIDATE to LEADER at term 1 for changeToLeader
2019-11-14 17:39:10,024 [9f70b324-be48-4d43-8f47-cd647748f9c6@group-8738E89BC2BB-LeaderElection205] INFO  ratis.XceiverServerRatis (XceiverServerRatis.java:handleLeaderChangedNotification(697)) - Leader change notification received for group: group-8738E89BC2BB with new leaderId: 9f70b324-be48-4d43-8f47-cd647748f9c6
2019-11-14 17:39:10,025 [9f70b324-be48-4d43-8f47-cd647748f9c6@group-8738E89BC2BB-LeaderElection205] INFO  impl.RaftServerImpl (ServerState.java:setLeader(255)) - 9f70b324-be48-4d43-8f47-cd647748f9c6@group-8738E89BC2BB: change Leader from null to 9f70b324-be48-4d43-8f47-cd647748f9c6 at term 1 for becomeLeader, leader elected after 1213ms
2019-11-14 17:39:10,025 [9f70b324-be48-4d43-8f47-cd647748f9c6@group-8738E89BC2BB-LeaderElection205] INFO  server.RaftServerConfigKeys (ConfUtils.java:logGet(43)) - raft.server.staging.catchup.gap = 1000 (default)
2019-11-14 17:39:10,027 [9f70b324-be48-4d43-8f47-cd647748f9c6@group-8738E89BC2BB-LeaderElection205] INFO  server.RaftServerConfigKeys (ConfUtils.java:logGet(43)) - raft.server.rpc.sleep.time = 25ms (default)
2019-11-14 17:39:10,027 [9f70b324-be48-4d43-8f47-cd647748f9c6@group-8738E89BC2BB-LeaderElection205] INFO  server.RaftServerConfigKeys (ConfUtils.java:logGet(43)) - raft.server.write.element-limit = 4096 (default)
2019-11-14 17:39:10,027 [9f70b324-be48-4d43-8f47-cd647748f9c6@group-8738E89BC2BB-LeaderElection205] INFO  server.RaftServerConfigKeys (ConfUtils.java:logGet(43)) - raft.server.watch.timeout = 10s (default)
2019-11-14 17:39:10,027 [9f70b324-be48-4d43-8f47-cd647748f9c6@group-8738E89BC2BB-LeaderElection205] INFO  server.RaftServerConfigKeys (ConfUtils.java:logGet(43)) - raft.server.watch.timeout.denomination = 1s (default)
2019-11-14 17:39:10,028 [9f70b324-be48-4d43-8f47-cd647748f9c6@group-8738E89BC2BB-LeaderElection205] INFO  server.RaftServerConfigKeys (ConfUtils.java:logGet(43)) - raft.server.watch.element-limit = 65536 (default)
2019-11-14 17:39:10,028 [EventQueue-PipelineReportForPipelineReportHandler] INFO  pipeline.PipelineStateManager (PipelineStateManager.java:openPipeline(134)) - Pipeline Pipeline[ Id: 74c82bf6-a028-4600-b65f-8738e89bc2bb, Nodes: 9f70b324-be48-4d43-8f47-cd647748f9c6{ip: 192.168.157.194, host: pr-hdds-2482-j87dr-2776293630, networkLocation: /rack1, certSerialId: null}, Type:RATIS, Factor:ONE, State:OPEN] moved to OPEN state
2019-11-14 17:39:10,028 [9f70b324-be48-4d43-8f47-cd647748f9c6@group-8738E89BC2BB-LeaderElection205] INFO  impl.RoleInfo (RoleInfo.java:updateAndGet(143)) - 9f70b324-be48-4d43-8f47-cd647748f9c6: start LeaderState
2019-11-14 17:39:10,028 [9f70b324-be48-4d43-8f47-cd647748f9c6@group-8738E89BC2BB-LeaderElection205] INFO  segmented.SegmentedRaftLogWorker (SegmentedRaftLogWorker.java:startLogSegment(385)) - 9f70b324-be48-4d43-8f47-cd647748f9c6@group-8738E89BC2BB-SegmentedRaftLogWorker: Starting segment from index:0
2019-11-14 17:39:10,029 [9f70b324-be48-4d43-8f47-cd647748f9c6@group-8738E89BC2BB-LeaderElection205] INFO  impl.RaftServerImpl (ServerState.java:setRaftConf(356)) - 9f70b324-be48-4d43-8f47-cd647748f9c6@group-8738E89BC2BB: set configuration 0: [9f70b324-be48-4d43-8f47-cd647748f9c6:192.168.157.194:39672], old=null at 0
2019-11-14 17:39:10,062 [grpc-default-executor-2] INFO  impl.RaftServerImpl (RaftServerImpl.java:setRole(173)) - 9f70b324-be48-4d43-8f47-cd647748f9c6@group-8A7698DEED1E: changes role from  FOLLOWER to FOLLOWER at term 1 for recognizeCandidate:1e2d7e4d-6af1-461d-8b85-f444d5672a79
2019-11-14 17:39:10,062 [Thread-3871] INFO  impl.FollowerState (FollowerState.java:run(111)) - 4fcb6245-7b52-48ea-a68b-fda0132084cd@group-8A7698DEED1E-FollowerState: change to CANDIDATE, lastRpcTime:1079ms, electionTimeout:1076ms
2019-11-14 17:39:10,062 [4fcb6245-7b52-48ea-a68b-fda0132084cd@group-C2ABFF70BF66-LeaderElection206] INFO  impl.LeaderElection (LeaderElection.java:askForVotes(178)) - 4fcb6245-7b52-48ea-a68b-fda0132084cd@group-C2ABFF70BF66-LeaderElection206: begin an election at term 1 for -1: [4fcb6245-7b52-48ea-a68b-fda0132084cd:192.168.157.194:33953], old=null
2019-11-14 17:39:10,065 [Thread-3871] INFO  impl.RoleInfo (RoleInfo.java:shutdownFollowerState(121)) - 4fcb6245-7b52-48ea-a68b-fda0132084cd: shutdown FollowerState
2019-11-14 17:39:10,062 [grpc-default-executor-2] INFO  impl.RoleInfo (RoleInfo.java:shutdownFollowerState(121)) - 9f70b324-be48-4d43-8f47-cd647748f9c6: shutdown FollowerState
2019-11-14 17:39:10,065 [Thread-3871] INFO  impl.RaftServerImpl (RaftServerImpl.java:setRole(173)) - 4fcb6245-7b52-48ea-a68b-fda0132084cd@group-8A7698DEED1E: changes role from  FOLLOWER to CANDIDATE at term 0 for changeToCandidate
2019-11-14 17:39:10,065 [grpc-default-executor-2] INFO  impl.RoleInfo (RoleInfo.java:updateAndGet(143)) - 9f70b324-be48-4d43-8f47-cd647748f9c6: start FollowerState
2019-11-14 17:39:10,065 [4fcb6245-7b52-48ea-a68b-fda0132084cd@group-C2ABFF70BF66-LeaderElection206] INFO  impl.RoleInfo (RoleInfo.java:shutdownLeaderElection(134)) - 4fcb6245-7b52-48ea-a68b-fda0132084cd: shutdown LeaderElection
2019-11-14 17:39:10,065 [Thread-3870] INFO  impl.FollowerState (FollowerState.java:run(120)) - 9f70b324-be48-4d43-8f47-cd647748f9c6@group-8A7698DEED1E-FollowerState was interrupted: java.lang.InterruptedException: sleep interrupted
2019-11-14 17:39:10,065 [Thread-3871] INFO  impl.RoleInfo (RoleInfo.java:updateAndGet(143)) - 4fcb6245-7b52-48ea-a68b-fda0132084cd: start LeaderElection
2019-11-14 17:39:10,065 [4fcb6245-7b52-48ea-a68b-fda0132084cd@group-C2ABFF70BF66-LeaderElection206] INFO  impl.RaftServerImpl (RaftServerImpl.java:setRole(173)) - 4fcb6245-7b52-48ea-a68b-fda0132084cd@group-C2ABFF70BF66: changes role from CANDIDATE to LEADER at term 1 for changeToLeader
2019-11-14 17:39:10,067 [4fcb6245-7b52-48ea-a68b-fda0132084cd@group-C2ABFF70BF66-LeaderElection206] INFO  ratis.XceiverServerRatis (XceiverServerRatis.java:handleLeaderChangedNotification(697)) - Leader change notification received for group: group-C2ABFF70BF66 with new leaderId: 4fcb6245-7b52-48ea-a68b-fda0132084cd
2019-11-14 17:39:10,069 [grpc-default-executor-5] INFO  impl.RaftServerImpl (RaftServerImpl.java:setRole(173)) - 4fcb6245-7b52-48ea-a68b-fda0132084cd@group-8A7698DEED1E: changes role from CANDIDATE to FOLLOWER at term 1 for recognizeCandidate:1e2d7e4d-6af1-461d-8b85-f444d5672a79
2019-11-14 17:39:10,070 [grpc-default-executor-5] INFO  impl.RoleInfo (RoleInfo.java:shutdownLeaderElection(134)) - 4fcb6245-7b52-48ea-a68b-fda0132084cd: shutdown LeaderElection
2019-11-14 17:39:10,070 [4fcb6245-7b52-48ea-a68b-fda0132084cd@group-C2ABFF70BF66-LeaderElection206] INFO  impl.RaftServerImpl (ServerState.java:setLeader(255)) - 4fcb6245-7b52-48ea-a68b-fda0132084cd@group-C2ABFF70BF66: change Leader from null to 4fcb6245-7b52-48ea-a68b-fda0132084cd at term 1 for becomeLeader, leader elected after 1172ms
2019-11-14 17:39:10,072 [grpc-default-executor-5] INFO  impl.RoleInfo (RoleInfo.java:updateAndGet(143)) - 4fcb6245-7b52-48ea-a68b-fda0132084cd: start FollowerState
2019-11-14 17:39:10,072 [4fcb6245-7b52-48ea-a68b-fda0132084cd@group-C2ABFF70BF66-LeaderElection206] INFO  server.RaftServerConfigKeys (ConfUtils.java:logGet(43)) - raft.server.staging.catchup.gap = 1000 (default)
2019-11-14 17:39:10,072 [4fcb6245-7b52-48ea-a68b-fda0132084cd@group-C2ABFF70BF66-LeaderElection206] INFO  server.RaftServerConfigKeys (ConfUtils.java:logGet(43)) - raft.server.rpc.sleep.time = 25ms (default)
2019-11-14 17:39:10,073 [4fcb6245-7b52-48ea-a68b-fda0132084cd@group-C2ABFF70BF66-LeaderElection206] INFO  server.RaftServerConfigKeys (ConfUtils.java:logGet(43)) - raft.server.write.element-limit = 4096 (default)
2019-11-14 17:39:10,073 [4fcb6245-7b52-48ea-a68b-fda0132084cd@group-C2ABFF70BF66-LeaderElection206] INFO  server.RaftServerConfigKeys (ConfUtils.java:logGet(43)) - raft.server.watch.timeout = 10s (default)
2019-11-14 17:39:10,073 [EventQueue-PipelineReportForPipelineReportHandler] INFO  pipeline.PipelineStateManager (PipelineStateManager.java:openPipeline(134)) - Pipeline Pipeline[ Id: a5a5a065-1858-4975-bead-c2abff70bf66, Nodes: 4fcb6245-7b52-48ea-a68b-fda0132084cd{ip: 192.168.157.194, host: pr-hdds-2482-j87dr-2776293630, networkLocation: /rack1, certSerialId: null}, Type:RATIS, Factor:ONE, State:OPEN] moved to OPEN state
2019-11-14 17:39:10,073 [4fcb6245-7b52-48ea-a68b-fda0132084cd@group-C2ABFF70BF66-LeaderElection206] INFO  server.RaftServerConfigKeys (ConfUtils.java:logGet(43)) - raft.server.watch.timeout.denomination = 1s (default)
2019-11-14 17:39:10,073 [4fcb6245-7b52-48ea-a68b-fda0132084cd@group-C2ABFF70BF66-LeaderElection206] INFO  server.RaftServerConfigKeys (ConfUtils.java:logGet(43)) - raft.server.watch.element-limit = 65536 (default)
2019-11-14 17:39:10,073 [4fcb6245-7b52-48ea-a68b-fda0132084cd@group-C2ABFF70BF66-LeaderElection206] INFO  impl.RoleInfo (RoleInfo.java:updateAndGet(143)) - 4fcb6245-7b52-48ea-a68b-fda0132084cd: start LeaderState
2019-11-14 17:39:10,074 [4fcb6245-7b52-48ea-a68b-fda0132084cd@group-C2ABFF70BF66-LeaderElection206] INFO  segmented.SegmentedRaftLogWorker (SegmentedRaftLogWorker.java:startLogSegment(385)) - 4fcb6245-7b52-48ea-a68b-fda0132084cd@group-C2ABFF70BF66-SegmentedRaftLogWorker: Starting segment from index:0
2019-11-14 17:39:10,074 [4fcb6245-7b52-48ea-a68b-fda0132084cd@group-C2ABFF70BF66-LeaderElection206] INFO  impl.RaftServerImpl (ServerState.java:setRaftConf(356)) - 4fcb6245-7b52-48ea-a68b-fda0132084cd@group-C2ABFF70BF66: set configuration 0: [4fcb6245-7b52-48ea-a68b-fda0132084cd:192.168.157.194:33953], old=null at 0
2019-11-14 17:39:10,085 [9f70b324-be48-4d43-8f47-cd647748f9c6@group-8738E89BC2BB-SegmentedRaftLogWorker] INFO  segmented.SegmentedRaftLogWorker (SegmentedRaftLogWorker.java:execute(576)) - 9f70b324-be48-4d43-8f47-cd647748f9c6@group-8738E89BC2BB-SegmentedRaftLogWorker: created new log segment /workdir/hadoop-ozone/integration-test/target/test-dir/MiniOzoneClusterImpl-76142843-c060-4c87-bf9f-3caeb3385afc/datanode-1/data/ratis/74c82bf6-a028-4600-b65f-8738e89bc2bb/current/log_inprogress_0
2019-11-14 17:39:10,086 [1e2d7e4d-6af1-461d-8b85-f444d5672a79@group-8A7698DEED1E-LeaderElection204] INFO  impl.LeaderElection (LeaderElection.java:logAndReturn(56)) - 1e2d7e4d-6af1-461d-8b85-f444d5672a79@group-8A7698DEED1E-LeaderElection204: Election PASSED; received 1 response(s) [1e2d7e4d-6af1-461d-8b85-f444d5672a79<-9f70b324-be48-4d43-8f47-cd647748f9c6#0:OK-t1] and 0 exception(s); 1e2d7e4d-6af1-461d-8b85-f444d5672a79@group-8A7698DEED1E:t1, leader=null, voted=1e2d7e4d-6af1-461d-8b85-f444d5672a79, raftlog=1e2d7e4d-6af1-461d-8b85-f444d5672a79@group-8A7698DEED1E-SegmentedRaftLog:OPENED:c-1,f-1,i0, conf=-1: [4fcb6245-7b52-48ea-a68b-fda0132084cd:192.168.157.194:33953, 9f70b324-be48-4d43-8f47-cd647748f9c6:192.168.157.194:39672, 1e2d7e4d-6af1-461d-8b85-f444d5672a79:192.168.157.194:43154], old=null
2019-11-14 17:39:10,086 [1e2d7e4d-6af1-461d-8b85-f444d5672a79@group-8A7698DEED1E-LeaderElection204] INFO  impl.RoleInfo (RoleInfo.java:shutdownLeaderElection(134)) - 1e2d7e4d-6af1-461d-8b85-f444d5672a79: shutdown LeaderElection
2019-11-14 17:39:10,086 [1e2d7e4d-6af1-461d-8b85-f444d5672a79@group-8A7698DEED1E-LeaderElection204] INFO  impl.RaftServerImpl (RaftServerImpl.java:setRole(173)) - 1e2d7e4d-6af1-461d-8b85-f444d5672a79@group-8A7698DEED1E: changes role from CANDIDATE to LEADER at term 1 for changeToLeader
2019-11-14 17:39:10,086 [1e2d7e4d-6af1-461d-8b85-f444d5672a79@group-8A7698DEED1E-LeaderElection204] INFO  ratis.XceiverServerRatis (XceiverServerRatis.java:handleLeaderChangedNotification(697)) - Leader change notification received for group: group-8A7698DEED1E with new leaderId: 1e2d7e4d-6af1-461d-8b85-f444d5672a79
2019-11-14 17:39:10,086 [1e2d7e4d-6af1-461d-8b85-f444d5672a79@group-8A7698DEED1E-LeaderElection204] INFO  impl.RaftServerImpl (ServerState.java:setLeader(255)) - 1e2d7e4d-6af1-461d-8b85-f444d5672a79@group-8A7698DEED1E: change Leader from null to 1e2d7e4d-6af1-461d-8b85-f444d5672a79 at term 1 for becomeLeader, leader elected after 1114ms
2019-11-14 17:39:10,086 [1e2d7e4d-6af1-461d-8b85-f444d5672a79@group-8A7698DEED1E-LeaderElection204] INFO  server.RaftServerConfigKeys (ConfUtils.java:logGet(43)) - raft.server.staging.catchup.gap = 1000 (default)
2019-11-14 17:39:10,087 [1e2d7e4d-6af1-461d-8b85-f444d5672a79@group-8A7698DEED1E-LeaderElection204] INFO  server.RaftServerConfigKeys (ConfUtils.java:logGet(43)) - raft.server.rpc.sleep.time = 25ms (default)
2019-11-14 17:39:10,087 [1e2d7e4d-6af1-461d-8b85-f444d5672a79@group-8A7698DEED1E-LeaderElection204] INFO  server.RaftServerConfigKeys (ConfUtils.java:logGet(43)) - raft.server.write.element-limit = 4096 (default)
2019-11-14 17:39:10,087 [1e2d7e4d-6af1-461d-8b85-f444d5672a79@group-8A7698DEED1E-LeaderElection204] INFO  server.RaftServerConfigKeys (ConfUtils.java:logGet(43)) - raft.server.watch.timeout = 10s (default)
2019-11-14 17:39:10,087 [1e2d7e4d-6af1-461d-8b85-f444d5672a79@group-8A7698DEED1E-LeaderElection204] INFO  server.RaftServerConfigKeys (ConfUtils.java:logGet(43)) - raft.server.watch.timeout.denomination = 1s (default)
2019-11-14 17:39:10,087 [1e2d7e4d-6af1-461d-8b85-f444d5672a79@group-8A7698DEED1E-LeaderElection204] INFO  server.RaftServerConfigKeys (ConfUtils.java:logGet(43)) - raft.server.watch.element-limit = 65536 (default)
2019-11-14 17:39:10,087 [EventQueue-PipelineReportForPipelineReportHandler] INFO  pipeline.PipelineStateManager (PipelineStateManager.java:openPipeline(134)) - Pipeline Pipeline[ Id: 0c7b9cf5-1cd8-4c88-851f-8a7698deed1e, Nodes: 4fcb6245-7b52-48ea-a68b-fda0132084cd{ip: 192.168.157.194, host: pr-hdds-2482-j87dr-2776293630, networkLocation: /rack1, certSerialId: null}9f70b324-be48-4d43-8f47-cd647748f9c6{ip: 192.168.157.194, host: pr-hdds-2482-j87dr-2776293630, networkLocation: /rack1, certSerialId: null}1e2d7e4d-6af1-461d-8b85-f444d5672a79{ip: 192.168.157.194, host: pr-hdds-2482-j87dr-2776293630, networkLocation: /rack1, certSerialId: null}, Type:RATIS, Factor:THREE, State:OPEN] moved to OPEN state
2019-11-14 17:39:10,087 [1e2d7e4d-6af1-461d-8b85-f444d5672a79@group-8A7698DEED1E-LeaderElection204] INFO  server.RaftServerConfigKeys (ConfUtils.java:logGet(43)) - raft.server.log.appender.snapshot.chunk.size.max = 16MB (=16777216) (default)
2019-11-14 17:39:10,088 [1e2d7e4d-6af1-461d-8b85-f444d5672a79@group-8A7698DEED1E-LeaderElection204] INFO  server.RaftServerConfigKeys (ConfUtils.java:logGet(43)) - raft.server.log.appender.buffer.byte-limit = 33554432 (custom)
2019-11-14 17:39:10,088 [1e2d7e4d-6af1-461d-8b85-f444d5672a79@group-8A7698DEED1E-LeaderElection204] INFO  server.RaftServerConfigKeys (ConfUtils.java:logGet(43)) - raft.server.log.appender.buffer.element-limit = 1 (custom)
2019-11-14 17:39:10,088 [1e2d7e4d-6af1-461d-8b85-f444d5672a79@group-8A7698DEED1E-LeaderElection204] INFO  grpc.GrpcConfigKeys$Server (ConfUtils.java:logGet(43)) - raft.grpc.server.leader.outstanding.appends.max = 128 (default)
2019-11-14 17:39:10,088 [1e2d7e4d-6af1-461d-8b85-f444d5672a79@group-8A7698DEED1E-LeaderElection204] INFO  server.RaftServerConfigKeys (ConfUtils.java:logGet(43)) - raft.server.rpc.request.timeout = 3000ms (default)
2019-11-14 17:39:10,088 [1e2d7e4d-6af1-461d-8b85-f444d5672a79@group-8A7698DEED1E-LeaderElection204] INFO  server.RaftServerConfigKeys (ConfUtils.java:logGet(43)) - raft.server.log.appender.install.snapshot.enabled = false (custom)
2019-11-14 17:39:10,089 [1e2d7e4d-6af1-461d-8b85-f444d5672a79@group-8A7698DEED1E-LeaderElection204] WARN  impl.MetricRegistriesImpl (MetricRegistriesImpl.java:lambda$create$1(61)) - First MetricRegistry has been created without registering reporters. You may need to call MetricRegistries.global().addReportRegistration(...) before.
2019-11-14 17:39:10,089 [1e2d7e4d-6af1-461d-8b85-f444d5672a79@group-8A7698DEED1E-LeaderElection204] INFO  server.RaftServerConfigKeys (ConfUtils.java:logGet(43)) - raft.server.log.appender.snapshot.chunk.size.max = 16MB (=16777216) (default)
2019-11-14 17:39:10,089 [1e2d7e4d-6af1-461d-8b85-f444d5672a79@group-8A7698DEED1E-LeaderElection204] INFO  server.RaftServerConfigKeys (ConfUtils.java:logGet(43)) - raft.server.log.appender.buffer.byte-limit = 33554432 (custom)
2019-11-14 17:39:10,089 [1e2d7e4d-6af1-461d-8b85-f444d5672a79@group-8A7698DEED1E-LeaderElection204] INFO  server.RaftServerConfigKeys (ConfUtils.java:logGet(43)) - raft.server.log.appender.buffer.element-limit = 1 (custom)
2019-11-14 17:39:10,089 [1e2d7e4d-6af1-461d-8b85-f444d5672a79@group-8A7698DEED1E-LeaderElection204] INFO  grpc.GrpcConfigKeys$Server (ConfUtils.java:logGet(43)) - raft.grpc.server.leader.outstanding.appends.max = 128 (default)
2019-11-14 17:39:10,090 [1e2d7e4d-6af1-461d-8b85-f444d5672a79@group-8A7698DEED1E-LeaderElection204] INFO  server.RaftServerConfigKeys (ConfUtils.java:logGet(43)) - raft.server.rpc.request.timeout = 3000ms (default)
2019-11-14 17:39:10,090 [1e2d7e4d-6af1-461d-8b85-f444d5672a79@group-8A7698DEED1E-LeaderElection204] INFO  server.RaftServerConfigKeys (ConfUtils.java:logGet(43)) - raft.server.log.appender.install.snapshot.enabled = false (custom)
2019-11-14 17:39:10,090 [1e2d7e4d-6af1-461d-8b85-f444d5672a79@group-8A7698DEED1E-LeaderElection204] INFO  impl.RoleInfo (RoleInfo.java:updateAndGet(143)) - 1e2d7e4d-6af1-461d-8b85-f444d5672a79: start LeaderState
2019-11-14 17:39:10,090 [1e2d7e4d-6af1-461d-8b85-f444d5672a79@group-8A7698DEED1E-LeaderElection204] INFO  segmented.SegmentedRaftLogWorker (SegmentedRaftLogWorker.java:startLogSegment(385)) - 1e2d7e4d-6af1-461d-8b85-f444d5672a79@group-8A7698DEED1E-SegmentedRaftLogWorker: Starting segment from index:0
2019-11-14 17:39:10,091 [1e2d7e4d-6af1-461d-8b85-f444d5672a79@group-8A7698DEED1E-LeaderElection204] INFO  impl.RaftServerImpl (ServerState.java:setRaftConf(356)) - 1e2d7e4d-6af1-461d-8b85-f444d5672a79@group-8A7698DEED1E: set configuration 0: [4fcb6245-7b52-48ea-a68b-fda0132084cd:192.168.157.194:33953, 9f70b324-be48-4d43-8f47-cd647748f9c6:192.168.157.194:39672, 1e2d7e4d-6af1-461d-8b85-f444d5672a79:192.168.157.194:43154], old=null at 0
2019-11-14 17:39:10,123 [4fcb6245-7b52-48ea-a68b-fda0132084cd@group-8A7698DEED1E-LeaderElection207] INFO  impl.LeaderElection (LeaderElection.java:askForVotes(178)) - 4fcb6245-7b52-48ea-a68b-fda0132084cd@group-8A7698DEED1E-LeaderElection207: begin an election at term 2 for -1: [4fcb6245-7b52-48ea-a68b-fda0132084cd:192.168.157.194:33953, 9f70b324-be48-4d43-8f47-cd647748f9c6:192.168.157.194:39672, 1e2d7e4d-6af1-461d-8b85-f444d5672a79:192.168.157.194:43154], old=null
2019-11-14 17:39:10,124 [4fcb6245-7b52-48ea-a68b-fda0132084cd@group-8A7698DEED1E-LeaderElection207] INFO  impl.LeaderElection (LeaderElection.java:logAndReturn(56)) - 4fcb6245-7b52-48ea-a68b-fda0132084cd@group-8A7698DEED1E-LeaderElection207: Election REJECTED; received 0 response(s) [] and 0 exception(s); 4fcb6245-7b52-48ea-a68b-fda0132084cd@group-8A7698DEED1E:t2, leader=null, voted=4fcb6245-7b52-48ea-a68b-fda0132084cd, raftlog=4fcb6245-7b52-48ea-a68b-fda0132084cd@group-8A7698DEED1E-SegmentedRaftLog:OPENED:c-1,f-1,i0, conf=-1: [4fcb6245-7b52-48ea-a68b-fda0132084cd:192.168.157.194:33953, 9f70b324-be48-4d43-8f47-cd647748f9c6:192.168.157.194:39672, 1e2d7e4d-6af1-461d-8b85-f444d5672a79:192.168.157.194:43154], old=null
2019-11-14 17:39:10,124 [grpc-default-executor-2] INFO  ratis.XceiverServerRatis (XceiverServerRatis.java:handleLeaderChangedNotification(697)) - Leader change notification received for group: group-8A7698DEED1E with new leaderId: 1e2d7e4d-6af1-461d-8b85-f444d5672a79
2019-11-14 17:39:10,125 [grpc-default-executor-2] INFO  impl.RaftServerImpl (ServerState.java:setLeader(255)) - 9f70b324-be48-4d43-8f47-cd647748f9c6@group-8A7698DEED1E: change Leader from null to 1e2d7e4d-6af1-461d-8b85-f444d5672a79 at term 1 for appendEntries, leader elected after 1153ms
2019-11-14 17:39:10,125 [Thread-3919] INFO  impl.RaftServerImpl (ServerState.java:setLeader(255)) - 1e2d7e4d-6af1-461d-8b85-f444d5672a79@group-8A7698DEED1E: change Leader from 1e2d7e4d-6af1-461d-8b85-f444d5672a79 to null at term 2 for updateCurrentTerm
2019-11-14 17:39:10,129 [Thread-3919] INFO  impl.RaftServerImpl (RaftServerImpl.java:setRole(173)) - 1e2d7e4d-6af1-461d-8b85-f444d5672a79@group-8A7698DEED1E: changes role from    LEADER to FOLLOWER at term 2 for stepDown
2019-11-14 17:39:10,129 [Thread-3919] INFO  impl.RoleInfo (RoleInfo.java:shutdownLeaderState(104)) - 1e2d7e4d-6af1-461d-8b85-f444d5672a79: shutdown LeaderState
2019-11-14 17:39:10,132 [org.apache.ratis.server.impl.LogAppender$AppenderDaemon$$Lambda$459/712830018@4baeeb2] WARN  server.GrpcLogAppender (GrpcLogAppender.java:mayWait(151)) - 1e2d7e4d-6af1-461d-8b85-f444d5672a79@group-8A7698DEED1E->9f70b324-be48-4d43-8f47-cd647748f9c6-GrpcLogAppender: Wait interrupted by java.lang.InterruptedException
2019-11-14 17:39:10,132 [Thread-3919] INFO  impl.PendingRequests (PendingRequests.java:sendNotLeaderResponses(206)) - 1e2d7e4d-6af1-461d-8b85-f444d5672a79@group-8A7698DEED1E-PendingRequests: sendNotLeaderResponses
2019-11-14 17:39:10,132 [org.apache.ratis.server.impl.LogAppender$AppenderDaemon$$Lambda$459/712830018@41b868e1] WARN  server.GrpcLogAppender (GrpcLogAppender.java:mayWait(151)) - 1e2d7e4d-6af1-461d-8b85-f444d5672a79@group-8A7698DEED1E->4fcb6245-7b52-48ea-a68b-fda0132084cd-GrpcLogAppender: Wait interrupted by java.lang.InterruptedException
2019-11-14 17:39:10,132 [Thread-3919] INFO  impl.RoleInfo (RoleInfo.java:updateAndGet(143)) - 1e2d7e4d-6af1-461d-8b85-f444d5672a79: start FollowerState
2019-11-14 17:39:10,132 [grpc-default-executor-2] INFO  server.GrpcServerProtocolService (GrpcServerProtocolService.java:onCompleted(113)) - 9f70b324-be48-4d43-8f47-cd647748f9c6: Completed APPEND_ENTRIES, lastRequest: 1e2d7e4d-6af1-461d-8b85-f444d5672a79->9f70b324-be48-4d43-8f47-cd647748f9c6#0-t1, previous=(t:0, i:0), leaderCommit=-1, initializing? false, entries: <empty>
2019-11-14 17:39:10,132 [grpc-default-executor-3] INFO  server.GrpcServerProtocolService (GrpcServerProtocolService.java:onCompleted(113)) - 4fcb6245-7b52-48ea-a68b-fda0132084cd: Completed APPEND_ENTRIES, lastRequest: 1e2d7e4d-6af1-461d-8b85-f444d5672a79->4fcb6245-7b52-48ea-a68b-fda0132084cd#0-t1, previous=(t:0, i:0), leaderCommit=-1, initializing? false, entries: <empty>
2019-11-14 17:39:10,133 [grpc-default-executor-2] INFO  server.GrpcLogAppender (GrpcLogAppender.java:onCompleted(308)) - 1e2d7e4d-6af1-461d-8b85-f444d5672a79@group-8A7698DEED1E->9f70b324-be48-4d43-8f47-cd647748f9c6-AppendLogResponseHandler: follower responses appendEntries COMPLETED
2019-11-14 17:39:10,133 [grpc-default-executor-3] INFO  server.GrpcLogAppender (GrpcLogAppender.java:onCompleted(308)) - 1e2d7e4d-6af1-461d-8b85-f444d5672a79@group-8A7698DEED1E->4fcb6245-7b52-48ea-a68b-fda0132084cd-AppendLogResponseHandler: follower responses appendEntries COMPLETED
2019-11-14 17:39:10,134 [grpc-default-executor-2] INFO  impl.FollowerInfo (FollowerInfo.java:lambda$new$0(51)) - 1e2d7e4d-6af1-461d-8b85-f444d5672a79@group-8A7698DEED1E->9f70b324-be48-4d43-8f47-cd647748f9c6: nextIndex: updateUnconditionally 0 -> 0
2019-11-14 17:39:10,134 [grpc-default-executor-3] INFO  impl.FollowerInfo (FollowerInfo.java:lambda$new$0(51)) - 1e2d7e4d-6af1-461d-8b85-f444d5672a79@group-8A7698DEED1E->4fcb6245-7b52-48ea-a68b-fda0132084cd: nextIndex: updateUnconditionally 0 -> 0
2019-11-14 17:39:10,134 [grpc-default-executor-3] INFO  impl.RaftServerImpl (ServerState.java:setLeader(255)) - 9f70b324-be48-4d43-8f47-cd647748f9c6@group-8A7698DEED1E: change Leader from 1e2d7e4d-6af1-461d-8b85-f444d5672a79 to null at term 2 for updateCurrentTerm
2019-11-14 17:39:10,135 [grpc-default-executor-3] INFO  impl.RaftServerImpl (RaftServerImpl.java:setRole(173)) - 9f70b324-be48-4d43-8f47-cd647748f9c6@group-8A7698DEED1E: changes role from  FOLLOWER to FOLLOWER at term 2 for recognizeCandidate:4fcb6245-7b52-48ea-a68b-fda0132084cd
2019-11-14 17:39:10,135 [grpc-default-executor-3] INFO  impl.RoleInfo (RoleInfo.java:shutdownFollowerState(121)) - 9f70b324-be48-4d43-8f47-cd647748f9c6: shutdown FollowerState
2019-11-14 17:39:10,135 [Thread-3915] INFO  impl.FollowerState (FollowerState.java:run(120)) - 9f70b324-be48-4d43-8f47-cd647748f9c6@group-8A7698DEED1E-FollowerState was interrupted: java.lang.InterruptedException: sleep interrupted
2019-11-14 17:39:10,135 [grpc-default-executor-3] INFO  impl.RoleInfo (RoleInfo.java:updateAndGet(143)) - 9f70b324-be48-4d43-8f47-cd647748f9c6: start FollowerState
2019-11-14 17:39:10,146 [1e2d7e4d-6af1-461d-8b85-f444d5672a79@group-8A7698DEED1E-SegmentedRaftLogWorker] INFO  segmented.SegmentedRaftLogWorker (SegmentedRaftLogWorker.java:execute(576)) - 1e2d7e4d-6af1-461d-8b85-f444d5672a79@group-8A7698DEED1E-SegmentedRaftLogWorker: created new log segment /workdir/hadoop-ozone/integration-test/target/test-dir/MiniOzoneClusterImpl-76142843-c060-4c87-bf9f-3caeb3385afc/datanode-0/data/ratis/0c7b9cf5-1cd8-4c88-851f-8a7698deed1e/current/log_inprogress_0
2019-11-14 17:39:10,146 [4fcb6245-7b52-48ea-a68b-fda0132084cd@group-C2ABFF70BF66-SegmentedRaftLogWorker] INFO  segmented.SegmentedRaftLogWorker (SegmentedRaftLogWorker.java:execute(576)) - 4fcb6245-7b52-48ea-a68b-fda0132084cd@group-C2ABFF70BF66-SegmentedRaftLogWorker: created new log segment /workdir/hadoop-ozone/integration-test/target/test-dir/MiniOzoneClusterImpl-76142843-c060-4c87-bf9f-3caeb3385afc/datanode-2/data/ratis/a5a5a065-1858-4975-bead-c2abff70bf66/current/log_inprogress_0
2019-11-14 17:39:10,147 [grpc-default-executor-7] INFO  impl.RaftServerImpl (RaftServerImpl.java:setRole(173)) - 1e2d7e4d-6af1-461d-8b85-f444d5672a79@group-8A7698DEED1E: changes role from  FOLLOWER to FOLLOWER at term 2 for recognizeCandidate:4fcb6245-7b52-48ea-a68b-fda0132084cd
2019-11-14 17:39:10,148 [grpc-default-executor-7] INFO  impl.RoleInfo (RoleInfo.java:shutdownFollowerState(121)) - 1e2d7e4d-6af1-461d-8b85-f444d5672a79: shutdown FollowerState
2019-11-14 17:39:10,148 [grpc-default-executor-7] INFO  impl.RoleInfo (RoleInfo.java:updateAndGet(143)) - 1e2d7e4d-6af1-461d-8b85-f444d5672a79: start FollowerState
2019-11-14 17:39:10,148 [Thread-3926] INFO  impl.FollowerState (FollowerState.java:run(120)) - 1e2d7e4d-6af1-461d-8b85-f444d5672a79@group-8A7698DEED1E-FollowerState was interrupted: java.lang.InterruptedException: sleep interrupted
2019-11-14 17:39:10,166 [Thread-3875] INFO  impl.FollowerState (FollowerState.java:run(111)) - da9d3605-d5bb-4af4-b35f-64e6f231f8df@group-839E6DEE0B95-FollowerState: change to CANDIDATE, lastRpcTime:1105ms, electionTimeout:1105ms
2019-11-14 17:39:10,166 [Thread-3875] INFO  impl.RoleInfo (RoleInfo.java:shutdownFollowerState(121)) - da9d3605-d5bb-4af4-b35f-64e6f231f8df: shutdown FollowerState
2019-11-14 17:39:10,166 [Thread-3875] INFO  impl.RaftServerImpl (RaftServerImpl.java:setRole(173)) - da9d3605-d5bb-4af4-b35f-64e6f231f8df@group-839E6DEE0B95: changes role from  FOLLOWER to CANDIDATE at term 0 for changeToCandidate
2019-11-14 17:39:10,166 [Thread-3875] INFO  impl.RoleInfo (RoleInfo.java:updateAndGet(143)) - da9d3605-d5bb-4af4-b35f-64e6f231f8df: start LeaderElection
2019-11-14 17:39:10,187 [Thread-3878] INFO  impl.FollowerState (FollowerState.java:run(111)) - 9c88a047-7f73-4111-bf87-fe029dccbce6@group-83538C040E19-FollowerState: change to CANDIDATE, lastRpcTime:1059ms, electionTimeout:1059ms
2019-11-14 17:39:10,187 [Thread-3878] INFO  impl.RoleInfo (RoleInfo.java:shutdownFollowerState(121)) - 9c88a047-7f73-4111-bf87-fe029dccbce6: shutdown FollowerState
2019-11-14 17:39:10,187 [Thread-3878] INFO  impl.RaftServerImpl (RaftServerImpl.java:setRole(173)) - 9c88a047-7f73-4111-bf87-fe029dccbce6@group-83538C040E19: changes role from  FOLLOWER to CANDIDATE at term 0 for changeToCandidate
2019-11-14 17:39:10,187 [Thread-3878] INFO  impl.RoleInfo (RoleInfo.java:updateAndGet(143)) - 9c88a047-7f73-4111-bf87-fe029dccbce6: start LeaderElection
2019-11-14 17:39:10,192 [da9d3605-d5bb-4af4-b35f-64e6f231f8df@group-839E6DEE0B95-LeaderElection208] INFO  impl.LeaderElection (LeaderElection.java:askForVotes(178)) - da9d3605-d5bb-4af4-b35f-64e6f231f8df@group-839E6DEE0B95-LeaderElection208: begin an election at term 1 for -1: [da9d3605-d5bb-4af4-b35f-64e6f231f8df:192.168.157.194:36645], old=null
2019-11-14 17:39:10,192 [da9d3605-d5bb-4af4-b35f-64e6f231f8df@group-839E6DEE0B95-LeaderElection208] INFO  impl.RoleInfo (RoleInfo.java:shutdownLeaderElection(134)) - da9d3605-d5bb-4af4-b35f-64e6f231f8df: shutdown LeaderElection
2019-11-14 17:39:10,192 [da9d3605-d5bb-4af4-b35f-64e6f231f8df@group-839E6DEE0B95-LeaderElection208] INFO  impl.RaftServerImpl (RaftServerImpl.java:setRole(173)) - da9d3605-d5bb-4af4-b35f-64e6f231f8df@group-839E6DEE0B95: changes role from CANDIDATE to LEADER at term 1 for changeToLeader
2019-11-14 17:39:10,192 [da9d3605-d5bb-4af4-b35f-64e6f231f8df@group-839E6DEE0B95-LeaderElection208] INFO  ratis.XceiverServerRatis (XceiverServerRatis.java:handleLeaderChangedNotification(697)) - Leader change notification received for group: group-839E6DEE0B95 with new leaderId: da9d3605-d5bb-4af4-b35f-64e6f231f8df
2019-11-14 17:39:10,193 [da9d3605-d5bb-4af4-b35f-64e6f231f8df@group-839E6DEE0B95-LeaderElection208] INFO  impl.RaftServerImpl (ServerState.java:setLeader(255)) - da9d3605-d5bb-4af4-b35f-64e6f231f8df@group-839E6DEE0B95: change Leader from null to da9d3605-d5bb-4af4-b35f-64e6f231f8df at term 1 for becomeLeader, leader elected after 1137ms
2019-11-14 17:39:10,193 [da9d3605-d5bb-4af4-b35f-64e6f231f8df@group-839E6DEE0B95-LeaderElection208] INFO  server.RaftServerConfigKeys (ConfUtils.java:logGet(43)) - raft.server.staging.catchup.gap = 1000 (default)
2019-11-14 17:39:10,193 [da9d3605-d5bb-4af4-b35f-64e6f231f8df@group-839E6DEE0B95-LeaderElection208] INFO  server.RaftServerConfigKeys (ConfUtils.java:logGet(43)) - raft.server.rpc.sleep.time = 25ms (default)
2019-11-14 17:39:10,195 [da9d3605-d5bb-4af4-b35f-64e6f231f8df@group-839E6DEE0B95-LeaderElection208] INFO  server.RaftServerConfigKeys (ConfUtils.java:logGet(43)) - raft.server.write.element-limit = 4096 (default)
2019-11-14 17:39:10,195 [da9d3605-d5bb-4af4-b35f-64e6f231f8df@group-839E6DEE0B95-LeaderElection208] INFO  server.RaftServerConfigKeys (ConfUtils.java:logGet(43)) - raft.server.watch.timeout = 10s (default)
2019-11-14 17:39:10,196 [da9d3605-d5bb-4af4-b35f-64e6f231f8df@group-839E6DEE0B95-LeaderElection208] INFO  server.RaftServerConfigKeys (ConfUtils.java:logGet(43)) - raft.server.watch.timeout.denomination = 1s (default)
2019-11-14 17:39:10,196 [da9d3605-d5bb-4af4-b35f-64e6f231f8df@group-839E6DEE0B95-LeaderElection208] INFO  server.RaftServerConfigKeys (ConfUtils.java:logGet(43)) - raft.server.watch.element-limit = 65536 (default)
2019-11-14 17:39:10,196 [EventQueue-PipelineReportForPipelineReportHandler] INFO  pipeline.PipelineStateManager (PipelineStateManager.java:openPipeline(134)) - Pipeline Pipeline[ Id: c05b6709-317c-4f5b-b5d4-839e6dee0b95, Nodes: da9d3605-d5bb-4af4-b35f-64e6f231f8df{ip: 192.168.157.194, host: pr-hdds-2482-j87dr-2776293630, networkLocation: /rack1, certSerialId: null}, Type:RATIS, Factor:ONE, State:OPEN] moved to OPEN state
2019-11-14 17:39:10,196 [da9d3605-d5bb-4af4-b35f-64e6f231f8df@group-839E6DEE0B95-LeaderElection208] INFO  impl.RoleInfo (RoleInfo.java:updateAndGet(143)) - da9d3605-d5bb-4af4-b35f-64e6f231f8df: start LeaderState
2019-11-14 17:39:10,196 [da9d3605-d5bb-4af4-b35f-64e6f231f8df@group-839E6DEE0B95-LeaderElection208] INFO  segmented.SegmentedRaftLogWorker (SegmentedRaftLogWorker.java:startLogSegment(385)) - da9d3605-d5bb-4af4-b35f-64e6f231f8df@group-839E6DEE0B95-SegmentedRaftLogWorker: Starting segment from index:0
2019-11-14 17:39:10,197 [da9d3605-d5bb-4af4-b35f-64e6f231f8df@group-839E6DEE0B95-LeaderElection208] INFO  impl.RaftServerImpl (ServerState.java:setRaftConf(356)) - da9d3605-d5bb-4af4-b35f-64e6f231f8df@group-839E6DEE0B95: set configuration 0: [da9d3605-d5bb-4af4-b35f-64e6f231f8df:192.168.157.194:36645], old=null at 0
2019-11-14 17:39:10,233 [9c88a047-7f73-4111-bf87-fe029dccbce6@group-83538C040E19-LeaderElection209] INFO  impl.LeaderElection (LeaderElection.java:askForVotes(178)) - 9c88a047-7f73-4111-bf87-fe029dccbce6@group-83538C040E19-LeaderElection209: begin an election at term 1 for -1: [9c88a047-7f73-4111-bf87-fe029dccbce6:192.168.157.194:46499], old=null
2019-11-14 17:39:10,233 [9c88a047-7f73-4111-bf87-fe029dccbce6@group-83538C040E19-LeaderElection209] INFO  impl.RoleInfo (RoleInfo.java:shutdownLeaderElection(134)) - 9c88a047-7f73-4111-bf87-fe029dccbce6: shutdown LeaderElection
2019-11-14 17:39:10,233 [9c88a047-7f73-4111-bf87-fe029dccbce6@group-83538C040E19-LeaderElection209] INFO  impl.RaftServerImpl (RaftServerImpl.java:setRole(173)) - 9c88a047-7f73-4111-bf87-fe029dccbce6@group-83538C040E19: changes role from CANDIDATE to LEADER at term 1 for changeToLeader
2019-11-14 17:39:10,233 [9c88a047-7f73-4111-bf87-fe029dccbce6@group-83538C040E19-LeaderElection209] INFO  ratis.XceiverServerRatis (XceiverServerRatis.java:handleLeaderChangedNotification(697)) - Leader change notification received for group: group-83538C040E19 with new leaderId: 9c88a047-7f73-4111-bf87-fe029dccbce6
2019-11-14 17:39:10,234 [9c88a047-7f73-4111-bf87-fe029dccbce6@group-83538C040E19-LeaderElection209] INFO  impl.RaftServerImpl (ServerState.java:setLeader(255)) - 9c88a047-7f73-4111-bf87-fe029dccbce6@group-83538C040E19: change Leader from null to 9c88a047-7f73-4111-bf87-fe029dccbce6 at term 1 for becomeLeader, leader elected after 1110ms
2019-11-14 17:39:10,234 [9c88a047-7f73-4111-bf87-fe029dccbce6@group-83538C040E19-LeaderElection209] INFO  server.RaftServerConfigKeys (ConfUtils.java:logGet(43)) - raft.server.staging.catchup.gap = 1000 (default)
2019-11-14 17:39:10,238 [9c88a047-7f73-4111-bf87-fe029dccbce6@group-83538C040E19-LeaderElection209] INFO  server.RaftServerConfigKeys (ConfUtils.java:logGet(43)) - raft.server.rpc.sleep.time = 25ms (default)
2019-11-14 17:39:10,238 [9c88a047-7f73-4111-bf87-fe029dccbce6@group-83538C040E19-LeaderElection209] INFO  server.RaftServerConfigKeys (ConfUtils.java:logGet(43)) - raft.server.write.element-limit = 4096 (default)
2019-11-14 17:39:10,238 [9c88a047-7f73-4111-bf87-fe029dccbce6@group-83538C040E19-LeaderElection209] INFO  server.RaftServerConfigKeys (ConfUtils.java:logGet(43)) - raft.server.watch.timeout = 10s (default)
2019-11-14 17:39:10,238 [9c88a047-7f73-4111-bf87-fe029dccbce6@group-83538C040E19-LeaderElection209] INFO  server.RaftServerConfigKeys (ConfUtils.java:logGet(43)) - raft.server.watch.timeout.denomination = 1s (default)
2019-11-14 17:39:10,238 [9c88a047-7f73-4111-bf87-fe029dccbce6@group-83538C040E19-LeaderElection209] INFO  server.RaftServerConfigKeys (ConfUtils.java:logGet(43)) - raft.server.watch.element-limit = 65536 (default)
2019-11-14 17:39:10,238 [9c88a047-7f73-4111-bf87-fe029dccbce6@group-83538C040E19-LeaderElection209] INFO  impl.RoleInfo (RoleInfo.java:updateAndGet(143)) - 9c88a047-7f73-4111-bf87-fe029dccbce6: start LeaderState
2019-11-14 17:39:10,238 [EventQueue-PipelineReportForPipelineReportHandler] INFO  pipeline.PipelineStateManager (PipelineStateManager.java:openPipeline(134)) - Pipeline Pipeline[ Id: 8cfd7563-f06e-4d76-bd8b-83538c040e19, Nodes: 9c88a047-7f73-4111-bf87-fe029dccbce6{ip: 192.168.157.194, host: pr-hdds-2482-j87dr-2776293630, networkLocation: /rack1, certSerialId: null}, Type:RATIS, Factor:ONE, State:OPEN] moved to OPEN state
2019-11-14 17:39:10,238 [9c88a047-7f73-4111-bf87-fe029dccbce6@group-83538C040E19-LeaderElection209] INFO  segmented.SegmentedRaftLogWorker (SegmentedRaftLogWorker.java:startLogSegment(385)) - 9c88a047-7f73-4111-bf87-fe029dccbce6@group-83538C040E19-SegmentedRaftLogWorker: Starting segment from index:0
2019-11-14 17:39:10,239 [9c88a047-7f73-4111-bf87-fe029dccbce6@group-83538C040E19-LeaderElection209] INFO  impl.RaftServerImpl (ServerState.java:setRaftConf(356)) - 9c88a047-7f73-4111-bf87-fe029dccbce6@group-83538C040E19: set configuration 0: [9c88a047-7f73-4111-bf87-fe029dccbce6:192.168.157.194:46499], old=null at 0
2019-11-14 17:39:10,267 [da9d3605-d5bb-4af4-b35f-64e6f231f8df@group-839E6DEE0B95-SegmentedRaftLogWorker] INFO  segmented.SegmentedRaftLogWorker (SegmentedRaftLogWorker.java:execute(576)) - da9d3605-d5bb-4af4-b35f-64e6f231f8df@group-839E6DEE0B95-SegmentedRaftLogWorker: created new log segment /workdir/hadoop-ozone/integration-test/target/test-dir/MiniOzoneClusterImpl-76142843-c060-4c87-bf9f-3caeb3385afc/datanode-3/data/ratis/c05b6709-317c-4f5b-b5d4-839e6dee0b95/current/log_inprogress_0
2019-11-14 17:39:10,290 [Thread-3881] INFO  impl.FollowerState (FollowerState.java:run(111)) - 521325b2-2ced-4cee-b44f-acc523c049d7@group-7296588302B5-FollowerState: change to CANDIDATE, lastRpcTime:1095ms, electionTimeout:1095ms
2019-11-14 17:39:10,290 [Thread-3881] INFO  impl.RoleInfo (RoleInfo.java:shutdownFollowerState(121)) - 521325b2-2ced-4cee-b44f-acc523c049d7: shutdown FollowerState
2019-11-14 17:39:10,290 [Thread-3881] INFO  impl.RaftServerImpl (RaftServerImpl.java:setRole(173)) - 521325b2-2ced-4cee-b44f-acc523c049d7@group-7296588302B5: changes role from  FOLLOWER to CANDIDATE at term 0 for changeToCandidate
2019-11-14 17:39:10,291 [Thread-3881] INFO  impl.RoleInfo (RoleInfo.java:updateAndGet(143)) - 521325b2-2ced-4cee-b44f-acc523c049d7: start LeaderElection
2019-11-14 17:39:10,293 [9c88a047-7f73-4111-bf87-fe029dccbce6@group-83538C040E19-SegmentedRaftLogWorker] INFO  segmented.SegmentedRaftLogWorker (SegmentedRaftLogWorker.java:execute(576)) - 9c88a047-7f73-4111-bf87-fe029dccbce6@group-83538C040E19-SegmentedRaftLogWorker: created new log segment /workdir/hadoop-ozone/integration-test/target/test-dir/MiniOzoneClusterImpl-76142843-c060-4c87-bf9f-3caeb3385afc/datanode-5/data/ratis/8cfd7563-f06e-4d76-bd8b-83538c040e19/current/log_inprogress_0
2019-11-14 17:39:10,317 [521325b2-2ced-4cee-b44f-acc523c049d7@group-7296588302B5-LeaderElection210] INFO  impl.LeaderElection (LeaderElection.java:askForVotes(178)) - 521325b2-2ced-4cee-b44f-acc523c049d7@group-7296588302B5-LeaderElection210: begin an election at term 1 for -1: [521325b2-2ced-4cee-b44f-acc523c049d7:192.168.157.194:33976], old=null
2019-11-14 17:39:10,317 [521325b2-2ced-4cee-b44f-acc523c049d7@group-7296588302B5-LeaderElection210] INFO  impl.RoleInfo (RoleInfo.java:shutdownLeaderElection(134)) - 521325b2-2ced-4cee-b44f-acc523c049d7: shutdown LeaderElection
2019-11-14 17:39:10,318 [521325b2-2ced-4cee-b44f-acc523c049d7@group-7296588302B5-LeaderElection210] INFO  impl.RaftServerImpl (RaftServerImpl.java:setRole(173)) - 521325b2-2ced-4cee-b44f-acc523c049d7@group-7296588302B5: changes role from CANDIDATE to LEADER at term 1 for changeToLeader
2019-11-14 17:39:10,318 [521325b2-2ced-4cee-b44f-acc523c049d7@group-7296588302B5-LeaderElection210] INFO  ratis.XceiverServerRatis (XceiverServerRatis.java:handleLeaderChangedNotification(697)) - Leader change notification received for group: group-7296588302B5 with new leaderId: 521325b2-2ced-4cee-b44f-acc523c049d7
2019-11-14 17:39:10,318 [521325b2-2ced-4cee-b44f-acc523c049d7@group-7296588302B5-LeaderElection210] INFO  impl.RaftServerImpl (ServerState.java:setLeader(255)) - 521325b2-2ced-4cee-b44f-acc523c049d7@group-7296588302B5: change Leader from null to 521325b2-2ced-4cee-b44f-acc523c049d7 at term 1 for becomeLeader, leader elected after 1126ms
2019-11-14 17:39:10,318 [521325b2-2ced-4cee-b44f-acc523c049d7@group-7296588302B5-LeaderElection210] INFO  server.RaftServerConfigKeys (ConfUtils.java:logGet(43)) - raft.server.staging.catchup.gap = 1000 (default)
2019-11-14 17:39:10,318 [521325b2-2ced-4cee-b44f-acc523c049d7@group-7296588302B5-LeaderElection210] INFO  server.RaftServerConfigKeys (ConfUtils.java:logGet(43)) - raft.server.rpc.sleep.time = 25ms (default)
2019-11-14 17:39:10,320 [521325b2-2ced-4cee-b44f-acc523c049d7@group-7296588302B5-LeaderElection210] INFO  server.RaftServerConfigKeys (ConfUtils.java:logGet(43)) - raft.server.write.element-limit = 4096 (default)
2019-11-14 17:39:10,321 [521325b2-2ced-4cee-b44f-acc523c049d7@group-7296588302B5-LeaderElection210] INFO  server.RaftServerConfigKeys (ConfUtils.java:logGet(43)) - raft.server.watch.timeout = 10s (default)
2019-11-14 17:39:10,321 [521325b2-2ced-4cee-b44f-acc523c049d7@group-7296588302B5-LeaderElection210] INFO  server.RaftServerConfigKeys (ConfUtils.java:logGet(43)) - raft.server.watch.timeout.denomination = 1s (default)
2019-11-14 17:39:10,321 [521325b2-2ced-4cee-b44f-acc523c049d7@group-7296588302B5-LeaderElection210] INFO  server.RaftServerConfigKeys (ConfUtils.java:logGet(43)) - raft.server.watch.element-limit = 65536 (default)
2019-11-14 17:39:10,321 [521325b2-2ced-4cee-b44f-acc523c049d7@group-7296588302B5-LeaderElection210] INFO  impl.RoleInfo (RoleInfo.java:updateAndGet(143)) - 521325b2-2ced-4cee-b44f-acc523c049d7: start LeaderState
2019-11-14 17:39:10,321 [EventQueue-PipelineReportForPipelineReportHandler] INFO  pipeline.PipelineStateManager (PipelineStateManager.java:openPipeline(134)) - Pipeline Pipeline[ Id: ea9e7fbe-ecc2-4986-8815-7296588302b5, Nodes: 521325b2-2ced-4cee-b44f-acc523c049d7{ip: 192.168.157.194, host: pr-hdds-2482-j87dr-2776293630, networkLocation: /rack1, certSerialId: null}, Type:RATIS, Factor:ONE, State:OPEN] moved to OPEN state
2019-11-14 17:39:10,321 [521325b2-2ced-4cee-b44f-acc523c049d7@group-7296588302B5-LeaderElection210] INFO  segmented.SegmentedRaftLogWorker (SegmentedRaftLogWorker.java:startLogSegment(385)) - 521325b2-2ced-4cee-b44f-acc523c049d7@group-7296588302B5-SegmentedRaftLogWorker: Starting segment from index:0
2019-11-14 17:39:10,322 [521325b2-2ced-4cee-b44f-acc523c049d7@group-7296588302B5-LeaderElection210] INFO  impl.RaftServerImpl (ServerState.java:setRaftConf(356)) - 521325b2-2ced-4cee-b44f-acc523c049d7@group-7296588302B5: set configuration 0: [521325b2-2ced-4cee-b44f-acc523c049d7:192.168.157.194:33976], old=null at 0
2019-11-14 17:39:10,329 [Thread-3884] INFO  impl.FollowerState (FollowerState.java:run(111)) - 6301bead-719a-4dde-94bc-f4c716ecb4e0@group-3E4101CB958C-FollowerState: change to CANDIDATE, lastRpcTime:1067ms, electionTimeout:1067ms
2019-11-14 17:39:10,329 [Thread-3884] INFO  impl.RoleInfo (RoleInfo.java:shutdownFollowerState(121)) - 6301bead-719a-4dde-94bc-f4c716ecb4e0: shutdown FollowerState
2019-11-14 17:39:10,329 [Thread-3884] INFO  impl.RaftServerImpl (RaftServerImpl.java:setRole(173)) - 6301bead-719a-4dde-94bc-f4c716ecb4e0@group-3E4101CB958C: changes role from  FOLLOWER to CANDIDATE at term 0 for changeToCandidate
2019-11-14 17:39:10,329 [Thread-3884] INFO  impl.RoleInfo (RoleInfo.java:updateAndGet(143)) - 6301bead-719a-4dde-94bc-f4c716ecb4e0: start LeaderElection
2019-11-14 17:39:10,330 [Thread-3887] INFO  impl.FollowerState (FollowerState.java:run(111)) - 00aa4e63-81eb-4c33-a32e-b28e61c28a6d@group-971197DE5FF9-FollowerState: change to CANDIDATE, lastRpcTime:1000ms, electionTimeout:1000ms
2019-11-14 17:39:10,362 [Thread-3887] INFO  impl.RoleInfo (RoleInfo.java:shutdownFollowerState(121)) - 00aa4e63-81eb-4c33-a32e-b28e61c28a6d: shutdown FollowerState
2019-11-14 17:39:10,362 [Thread-3887] INFO  impl.RaftServerImpl (RaftServerImpl.java:setRole(173)) - 00aa4e63-81eb-4c33-a32e-b28e61c28a6d@group-971197DE5FF9: changes role from  FOLLOWER to CANDIDATE at term 0 for changeToCandidate
2019-11-14 17:39:10,362 [Thread-3887] INFO  impl.RoleInfo (RoleInfo.java:updateAndGet(143)) - 00aa4e63-81eb-4c33-a32e-b28e61c28a6d: start LeaderElection
2019-11-14 17:39:10,384 [521325b2-2ced-4cee-b44f-acc523c049d7@group-7296588302B5-SegmentedRaftLogWorker] INFO  segmented.SegmentedRaftLogWorker (SegmentedRaftLogWorker.java:execute(576)) - 521325b2-2ced-4cee-b44f-acc523c049d7@group-7296588302B5-SegmentedRaftLogWorker: created new log segment /workdir/hadoop-ozone/integration-test/target/test-dir/MiniOzoneClusterImpl-76142843-c060-4c87-bf9f-3caeb3385afc/datanode-4/data/ratis/ea9e7fbe-ecc2-4986-8815-7296588302b5/current/log_inprogress_0
2019-11-14 17:39:10,384 [6301bead-719a-4dde-94bc-f4c716ecb4e0@group-3E4101CB958C-LeaderElection211] INFO  impl.LeaderElection (LeaderElection.java:askForVotes(178)) - 6301bead-719a-4dde-94bc-f4c716ecb4e0@group-3E4101CB958C-LeaderElection211: begin an election at term 1 for -1: [6301bead-719a-4dde-94bc-f4c716ecb4e0:192.168.157.194:46043], old=null
2019-11-14 17:39:10,385 [00aa4e63-81eb-4c33-a32e-b28e61c28a6d@group-971197DE5FF9-LeaderElection212] INFO  impl.LeaderElection (LeaderElection.java:askForVotes(178)) - 00aa4e63-81eb-4c33-a32e-b28e61c28a6d@group-971197DE5FF9-LeaderElection212: begin an election at term 1 for -1: [00aa4e63-81eb-4c33-a32e-b28e61c28a6d:192.168.157.194:43947], old=null
2019-11-14 17:39:10,385 [6301bead-719a-4dde-94bc-f4c716ecb4e0@group-3E4101CB958C-LeaderElection211] INFO  impl.RoleInfo (RoleInfo.java:shutdownLeaderElection(134)) - 6301bead-719a-4dde-94bc-f4c716ecb4e0: shutdown LeaderElection
2019-11-14 17:39:10,385 [00aa4e63-81eb-4c33-a32e-b28e61c28a6d@group-971197DE5FF9-LeaderElection212] INFO  impl.RoleInfo (RoleInfo.java:shutdownLeaderElection(134)) - 00aa4e63-81eb-4c33-a32e-b28e61c28a6d: shutdown LeaderElection
2019-11-14 17:39:10,385 [6301bead-719a-4dde-94bc-f4c716ecb4e0@group-3E4101CB958C-LeaderElection211] INFO  impl.RaftServerImpl (RaftServerImpl.java:setRole(173)) - 6301bead-719a-4dde-94bc-f4c716ecb4e0@group-3E4101CB958C: changes role from CANDIDATE to LEADER at term 1 for changeToLeader
2019-11-14 17:39:10,385 [00aa4e63-81eb-4c33-a32e-b28e61c28a6d@group-971197DE5FF9-LeaderElection212] INFO  impl.RaftServerImpl (RaftServerImpl.java:setRole(173)) - 00aa4e63-81eb-4c33-a32e-b28e61c28a6d@group-971197DE5FF9: changes role from CANDIDATE to LEADER at term 1 for changeToLeader
2019-11-14 17:39:10,385 [6301bead-719a-4dde-94bc-f4c716ecb4e0@group-3E4101CB958C-LeaderElection211] INFO  ratis.XceiverServerRatis (XceiverServerRatis.java:handleLeaderChangedNotification(697)) - Leader change notification received for group: group-3E4101CB958C with new leaderId: 6301bead-719a-4dde-94bc-f4c716ecb4e0
2019-11-14 17:39:10,385 [00aa4e63-81eb-4c33-a32e-b28e61c28a6d@group-971197DE5FF9-LeaderElection212] INFO  ratis.XceiverServerRatis (XceiverServerRatis.java:handleLeaderChangedNotification(697)) - Leader change notification received for group: group-971197DE5FF9 with new leaderId: 00aa4e63-81eb-4c33-a32e-b28e61c28a6d
2019-11-14 17:39:10,385 [6301bead-719a-4dde-94bc-f4c716ecb4e0@group-3E4101CB958C-LeaderElection211] INFO  impl.RaftServerImpl (ServerState.java:setLeader(255)) - 6301bead-719a-4dde-94bc-f4c716ecb4e0@group-3E4101CB958C: change Leader from null to 6301bead-719a-4dde-94bc-f4c716ecb4e0 at term 1 for becomeLeader, leader elected after 1127ms
2019-11-14 17:39:10,386 [00aa4e63-81eb-4c33-a32e-b28e61c28a6d@group-971197DE5FF9-LeaderElection212] INFO  impl.RaftServerImpl (ServerState.java:setLeader(255)) - 00aa4e63-81eb-4c33-a32e-b28e61c28a6d@group-971197DE5FF9: change Leader from null to 00aa4e63-81eb-4c33-a32e-b28e61c28a6d at term 1 for becomeLeader, leader elected after 1059ms
2019-11-14 17:39:10,386 [6301bead-719a-4dde-94bc-f4c716ecb4e0@group-3E4101CB958C-LeaderElection211] INFO  server.RaftServerConfigKeys (ConfUtils.java:logGet(43)) - raft.server.staging.catchup.gap = 1000 (default)
2019-11-14 17:39:10,390 [6301bead-719a-4dde-94bc-f4c716ecb4e0@group-3E4101CB958C-LeaderElection211] INFO  server.RaftServerConfigKeys (ConfUtils.java:logGet(43)) - raft.server.rpc.sleep.time = 25ms (default)
2019-11-14 17:39:10,386 [00aa4e63-81eb-4c33-a32e-b28e61c28a6d@group-971197DE5FF9-LeaderElection212] INFO  server.RaftServerConfigKeys (ConfUtils.java:logGet(43)) - raft.server.staging.catchup.gap = 1000 (default)
2019-11-14 17:39:10,390 [6301bead-719a-4dde-94bc-f4c716ecb4e0@group-3E4101CB958C-LeaderElection211] INFO  server.RaftServerConfigKeys (ConfUtils.java:logGet(43)) - raft.server.write.element-limit = 4096 (default)
2019-11-14 17:39:10,390 [00aa4e63-81eb-4c33-a32e-b28e61c28a6d@group-971197DE5FF9-LeaderElection212] INFO  server.RaftServerConfigKeys (ConfUtils.java:logGet(43)) - raft.server.rpc.sleep.time = 25ms (default)
2019-11-14 17:39:10,390 [6301bead-719a-4dde-94bc-f4c716ecb4e0@group-3E4101CB958C-LeaderElection211] INFO  server.RaftServerConfigKeys (ConfUtils.java:logGet(43)) - raft.server.watch.timeout = 10s (default)
2019-11-14 17:39:10,390 [00aa4e63-81eb-4c33-a32e-b28e61c28a6d@group-971197DE5FF9-LeaderElection212] INFO  server.RaftServerConfigKeys (ConfUtils.java:logGet(43)) - raft.server.write.element-limit = 4096 (default)
2019-11-14 17:39:10,390 [6301bead-719a-4dde-94bc-f4c716ecb4e0@group-3E4101CB958C-LeaderElection211] INFO  server.RaftServerConfigKeys (ConfUtils.java:logGet(43)) - raft.server.watch.timeout.denomination = 1s (default)
2019-11-14 17:39:10,390 [00aa4e63-81eb-4c33-a32e-b28e61c28a6d@group-971197DE5FF9-LeaderElection212] INFO  server.RaftServerConfigKeys (ConfUtils.java:logGet(43)) - raft.server.watch.timeout = 10s (default)
2019-11-14 17:39:10,390 [EventQueue-PipelineReportForPipelineReportHandler] INFO  pipeline.PipelineStateManager (PipelineStateManager.java:openPipeline(134)) - Pipeline Pipeline[ Id: 51ea79a1-8911-4149-9652-971197de5ff9, Nodes: 00aa4e63-81eb-4c33-a32e-b28e61c28a6d{ip: 192.168.157.194, host: pr-hdds-2482-j87dr-2776293630, networkLocation: /rack1, certSerialId: null}, Type:RATIS, Factor:ONE, State:OPEN] moved to OPEN state
2019-11-14 17:39:10,391 [00aa4e63-81eb-4c33-a32e-b28e61c28a6d@group-971197DE5FF9-LeaderElection212] INFO  server.RaftServerConfigKeys (ConfUtils.java:logGet(43)) - raft.server.watch.timeout.denomination = 1s (default)
2019-11-14 17:39:10,390 [6301bead-719a-4dde-94bc-f4c716ecb4e0@group-3E4101CB958C-LeaderElection211] INFO  server.RaftServerConfigKeys (ConfUtils.java:logGet(43)) - raft.server.watch.element-limit = 65536 (default)
2019-11-14 17:39:10,391 [EventQueue-PipelineReportForPipelineReportHandler] INFO  pipeline.PipelineStateManager (PipelineStateManager.java:openPipeline(134)) - Pipeline Pipeline[ Id: de6fc07d-fc71-4e96-bcd5-3e4101cb958c, Nodes: 6301bead-719a-4dde-94bc-f4c716ecb4e0{ip: 192.168.157.194, host: pr-hdds-2482-j87dr-2776293630, networkLocation: /rack1, certSerialId: null}, Type:RATIS, Factor:ONE, State:OPEN] moved to OPEN state
2019-11-14 17:39:10,391 [00aa4e63-81eb-4c33-a32e-b28e61c28a6d@group-971197DE5FF9-LeaderElection212] INFO  server.RaftServerConfigKeys (ConfUtils.java:logGet(43)) - raft.server.watch.element-limit = 65536 (default)
2019-11-14 17:39:10,391 [6301bead-719a-4dde-94bc-f4c716ecb4e0@group-3E4101CB958C-LeaderElection211] INFO  impl.RoleInfo (RoleInfo.java:updateAndGet(143)) - 6301bead-719a-4dde-94bc-f4c716ecb4e0: start LeaderState
2019-11-14 17:39:10,391 [00aa4e63-81eb-4c33-a32e-b28e61c28a6d@group-971197DE5FF9-LeaderElection212] INFO  impl.RoleInfo (RoleInfo.java:updateAndGet(143)) - 00aa4e63-81eb-4c33-a32e-b28e61c28a6d: start LeaderState
2019-11-14 17:39:10,391 [6301bead-719a-4dde-94bc-f4c716ecb4e0@group-3E4101CB958C-LeaderElection211] INFO  segmented.SegmentedRaftLogWorker (SegmentedRaftLogWorker.java:startLogSegment(385)) - 6301bead-719a-4dde-94bc-f4c716ecb4e0@group-3E4101CB958C-SegmentedRaftLogWorker: Starting segment from index:0
2019-11-14 17:39:10,391 [00aa4e63-81eb-4c33-a32e-b28e61c28a6d@group-971197DE5FF9-LeaderElection212] INFO  segmented.SegmentedRaftLogWorker (SegmentedRaftLogWorker.java:startLogSegment(385)) - 00aa4e63-81eb-4c33-a32e-b28e61c28a6d@group-971197DE5FF9-SegmentedRaftLogWorker: Starting segment from index:0
2019-11-14 17:39:10,392 [6301bead-719a-4dde-94bc-f4c716ecb4e0@group-3E4101CB958C-LeaderElection211] INFO  impl.RaftServerImpl (ServerState.java:setRaftConf(356)) - 6301bead-719a-4dde-94bc-f4c716ecb4e0@group-3E4101CB958C: set configuration 0: [6301bead-719a-4dde-94bc-f4c716ecb4e0:192.168.157.194:46043], old=null at 0
2019-11-14 17:39:10,392 [00aa4e63-81eb-4c33-a32e-b28e61c28a6d@group-971197DE5FF9-LeaderElection212] INFO  impl.RaftServerImpl (ServerState.java:setRaftConf(356)) - 00aa4e63-81eb-4c33-a32e-b28e61c28a6d@group-971197DE5FF9: set configuration 0: [00aa4e63-81eb-4c33-a32e-b28e61c28a6d:192.168.157.194:43947], old=null at 0
2019-11-14 17:39:10,443 [6301bead-719a-4dde-94bc-f4c716ecb4e0@group-3E4101CB958C-SegmentedRaftLogWorker] INFO  segmented.SegmentedRaftLogWorker (SegmentedRaftLogWorker.java:execute(576)) - 6301bead-719a-4dde-94bc-f4c716ecb4e0@group-3E4101CB958C-SegmentedRaftLogWorker: created new log segment /workdir/hadoop-ozone/integration-test/target/test-dir/MiniOzoneClusterImpl-76142843-c060-4c87-bf9f-3caeb3385afc/datanode-6/data/ratis/de6fc07d-fc71-4e96-bcd5-3e4101cb958c/current/log_inprogress_0
2019-11-14 17:39:10,443 [00aa4e63-81eb-4c33-a32e-b28e61c28a6d@group-971197DE5FF9-SegmentedRaftLogWorker] INFO  segmented.SegmentedRaftLogWorker (SegmentedRaftLogWorker.java:execute(576)) - 00aa4e63-81eb-4c33-a32e-b28e61c28a6d@group-971197DE5FF9-SegmentedRaftLogWorker: created new log segment /workdir/hadoop-ozone/integration-test/target/test-dir/MiniOzoneClusterImpl-76142843-c060-4c87-bf9f-3caeb3385afc/datanode-7/data/ratis/51ea79a1-8911-4149-9652-971197de5ff9/current/log_inprogress_0
2019-11-14 17:39:10,487 [Thread-3895] INFO  impl.FollowerState (FollowerState.java:run(111)) - 00aa4e63-81eb-4c33-a32e-b28e61c28a6d@group-A44B5930BC4A-FollowerState: change to CANDIDATE, lastRpcTime:1072ms, electionTimeout:1072ms
2019-11-14 17:39:10,487 [Thread-3895] INFO  impl.RoleInfo (RoleInfo.java:shutdownFollowerState(121)) - 00aa4e63-81eb-4c33-a32e-b28e61c28a6d: shutdown FollowerState
2019-11-14 17:39:10,487 [Thread-3895] INFO  impl.RaftServerImpl (RaftServerImpl.java:setRole(173)) - 00aa4e63-81eb-4c33-a32e-b28e61c28a6d@group-A44B5930BC4A: changes role from  FOLLOWER to CANDIDATE at term 0 for changeToCandidate
2019-11-14 17:39:10,487 [Thread-3895] INFO  impl.RoleInfo (RoleInfo.java:updateAndGet(143)) - 00aa4e63-81eb-4c33-a32e-b28e61c28a6d: start LeaderElection
2019-11-14 17:39:10,503 [main] INFO  ozone.MiniOzoneClusterImpl (MiniOzoneClusterImpl.java:lambda$waitForClusterToBeReady$2(163)) - Waiting for 2 number of pipelines out of 11, to report a leader.
2019-11-14 17:39:10,519 [00aa4e63-81eb-4c33-a32e-b28e61c28a6d@group-A44B5930BC4A-LeaderElection213] INFO  impl.LeaderElection (LeaderElection.java:askForVotes(178)) - 00aa4e63-81eb-4c33-a32e-b28e61c28a6d@group-A44B5930BC4A-LeaderElection213: begin an election at term 1 for -1: [00aa4e63-81eb-4c33-a32e-b28e61c28a6d:192.168.157.194:43947, da9d3605-d5bb-4af4-b35f-64e6f231f8df:192.168.157.194:36645, 9c88a047-7f73-4111-bf87-fe029dccbce6:192.168.157.194:46499], old=null
2019-11-14 17:39:10,527 [grpc-default-executor-7] INFO  impl.RaftServerImpl (RaftServerImpl.java:setRole(173)) - da9d3605-d5bb-4af4-b35f-64e6f231f8df@group-A44B5930BC4A: changes role from  FOLLOWER to FOLLOWER at term 1 for recognizeCandidate:00aa4e63-81eb-4c33-a32e-b28e61c28a6d
2019-11-14 17:39:10,527 [grpc-default-executor-7] INFO  impl.RoleInfo (RoleInfo.java:shutdownFollowerState(121)) - da9d3605-d5bb-4af4-b35f-64e6f231f8df: shutdown FollowerState
2019-11-14 17:39:10,530 [grpc-default-executor-3] INFO  impl.RaftServerImpl (RaftServerImpl.java:setRole(173)) - 9c88a047-7f73-4111-bf87-fe029dccbce6@group-A44B5930BC4A: changes role from  FOLLOWER to FOLLOWER at term 1 for recognizeCandidate:00aa4e63-81eb-4c33-a32e-b28e61c28a6d
2019-11-14 17:39:10,530 [Thread-3890] INFO  impl.FollowerState (FollowerState.java:run(120)) - da9d3605-d5bb-4af4-b35f-64e6f231f8df@group-A44B5930BC4A-FollowerState was interrupted: java.lang.InterruptedException: sleep interrupted
2019-11-14 17:39:10,530 [grpc-default-executor-7] INFO  impl.RoleInfo (RoleInfo.java:updateAndGet(143)) - da9d3605-d5bb-4af4-b35f-64e6f231f8df: start FollowerState
2019-11-14 17:39:10,530 [grpc-default-executor-3] INFO  impl.RoleInfo (RoleInfo.java:shutdownFollowerState(121)) - 9c88a047-7f73-4111-bf87-fe029dccbce6: shutdown FollowerState
2019-11-14 17:39:10,530 [grpc-default-executor-3] INFO  impl.RoleInfo (RoleInfo.java:updateAndGet(143)) - 9c88a047-7f73-4111-bf87-fe029dccbce6: start FollowerState
2019-11-14 17:39:10,530 [Thread-3894] INFO  impl.FollowerState (FollowerState.java:run(120)) - 9c88a047-7f73-4111-bf87-fe029dccbce6@group-A44B5930BC4A-FollowerState was interrupted: java.lang.InterruptedException: sleep interrupted
2019-11-14 17:39:10,575 [Thread-3899] INFO  impl.FollowerState (FollowerState.java:run(111)) - 521325b2-2ced-4cee-b44f-acc523c049d7@group-8DFCF8E6A9A5-FollowerState: change to CANDIDATE, lastRpcTime:1081ms, electionTimeout:1081ms
2019-11-14 17:39:10,576 [Thread-3899] INFO  impl.RoleInfo (RoleInfo.java:shutdownFollowerState(121)) - 521325b2-2ced-4cee-b44f-acc523c049d7: shutdown FollowerState
2019-11-14 17:39:10,576 [Thread-3899] INFO  impl.RaftServerImpl (RaftServerImpl.java:setRole(173)) - 521325b2-2ced-4cee-b44f-acc523c049d7@group-8DFCF8E6A9A5: changes role from  FOLLOWER to CANDIDATE at term 0 for changeToCandidate
2019-11-14 17:39:10,576 [Thread-3899] INFO  impl.RoleInfo (RoleInfo.java:updateAndGet(143)) - 521325b2-2ced-4cee-b44f-acc523c049d7: start LeaderElection
2019-11-14 17:39:10,581 [00aa4e63-81eb-4c33-a32e-b28e61c28a6d@group-A44B5930BC4A-LeaderElection213] INFO  impl.LeaderElection (LeaderElection.java:logAndReturn(56)) - 00aa4e63-81eb-4c33-a32e-b28e61c28a6d@group-A44B5930BC4A-LeaderElection213: Election PASSED; received 1 response(s) [00aa4e63-81eb-4c33-a32e-b28e61c28a6d<-da9d3605-d5bb-4af4-b35f-64e6f231f8df#0:OK-t1] and 0 exception(s); 00aa4e63-81eb-4c33-a32e-b28e61c28a6d@group-A44B5930BC4A:t1, leader=null, voted=00aa4e63-81eb-4c33-a32e-b28e61c28a6d, raftlog=00aa4e63-81eb-4c33-a32e-b28e61c28a6d@group-A44B5930BC4A-SegmentedRaftLog:OPENED:c-1,f-1,i0, conf=-1: [00aa4e63-81eb-4c33-a32e-b28e61c28a6d:192.168.157.194:43947, da9d3605-d5bb-4af4-b35f-64e6f231f8df:192.168.157.194:36645, 9c88a047-7f73-4111-bf87-fe029dccbce6:192.168.157.194:46499], old=null
2019-11-14 17:39:10,582 [00aa4e63-81eb-4c33-a32e-b28e61c28a6d@group-A44B5930BC4A-LeaderElection213] INFO  impl.RoleInfo (RoleInfo.java:shutdownLeaderElection(134)) - 00aa4e63-81eb-4c33-a32e-b28e61c28a6d: shutdown LeaderElection
2019-11-14 17:39:10,582 [00aa4e63-81eb-4c33-a32e-b28e61c28a6d@group-A44B5930BC4A-LeaderElection213] INFO  impl.RaftServerImpl (RaftServerImpl.java:setRole(173)) - 00aa4e63-81eb-4c33-a32e-b28e61c28a6d@group-A44B5930BC4A: changes role from CANDIDATE to LEADER at term 1 for changeToLeader
2019-11-14 17:39:10,582 [00aa4e63-81eb-4c33-a32e-b28e61c28a6d@group-A44B5930BC4A-LeaderElection213] INFO  ratis.XceiverServerRatis (XceiverServerRatis.java:handleLeaderChangedNotification(697)) - Leader change notification received for group: group-A44B5930BC4A with new leaderId: 00aa4e63-81eb-4c33-a32e-b28e61c28a6d
2019-11-14 17:39:10,582 [00aa4e63-81eb-4c33-a32e-b28e61c28a6d@group-A44B5930BC4A-LeaderElection213] INFO  impl.RaftServerImpl (ServerState.java:setLeader(255)) - 00aa4e63-81eb-4c33-a32e-b28e61c28a6d@group-A44B5930BC4A: change Leader from null to 00aa4e63-81eb-4c33-a32e-b28e61c28a6d at term 1 for becomeLeader, leader elected after 1178ms
2019-11-14 17:39:10,582 [00aa4e63-81eb-4c33-a32e-b28e61c28a6d@group-A44B5930BC4A-LeaderElection213] INFO  server.RaftServerConfigKeys (ConfUtils.java:logGet(43)) - raft.server.staging.catchup.gap = 1000 (default)
2019-11-14 17:39:10,582 [00aa4e63-81eb-4c33-a32e-b28e61c28a6d@group-A44B5930BC4A-LeaderElection213] INFO  server.RaftServerConfigKeys (ConfUtils.java:logGet(43)) - raft.server.rpc.sleep.time = 25ms (default)
2019-11-14 17:39:10,582 [00aa4e63-81eb-4c33-a32e-b28e61c28a6d@group-A44B5930BC4A-LeaderElection213] INFO  server.RaftServerConfigKeys (ConfUtils.java:logGet(43)) - raft.server.write.element-limit = 4096 (default)
2019-11-14 17:39:10,583 [00aa4e63-81eb-4c33-a32e-b28e61c28a6d@group-A44B5930BC4A-LeaderElection213] INFO  server.RaftServerConfigKeys (ConfUtils.java:logGet(43)) - raft.server.watch.timeout = 10s (default)
2019-11-14 17:39:10,583 [00aa4e63-81eb-4c33-a32e-b28e61c28a6d@group-A44B5930BC4A-LeaderElection213] INFO  server.RaftServerConfigKeys (ConfUtils.java:logGet(43)) - raft.server.watch.timeout.denomination = 1s (default)
2019-11-14 17:39:10,583 [00aa4e63-81eb-4c33-a32e-b28e61c28a6d@group-A44B5930BC4A-LeaderElection213] INFO  server.RaftServerConfigKeys (ConfUtils.java:logGet(43)) - raft.server.watch.element-limit = 65536 (default)
2019-11-14 17:39:10,583 [00aa4e63-81eb-4c33-a32e-b28e61c28a6d@group-A44B5930BC4A-LeaderElection213] INFO  server.RaftServerConfigKeys (ConfUtils.java:logGet(43)) - raft.server.log.appender.snapshot.chunk.size.max = 16MB (=16777216) (default)
2019-11-14 17:39:10,583 [EventQueue-PipelineReportForPipelineReportHandler] INFO  pipeline.PipelineStateManager (PipelineStateManager.java:openPipeline(134)) - Pipeline Pipeline[ Id: dcff57ac-9940-43b7-84fe-a44b5930bc4a, Nodes: da9d3605-d5bb-4af4-b35f-64e6f231f8df{ip: 192.168.157.194, host: pr-hdds-2482-j87dr-2776293630, networkLocation: /rack1, certSerialId: null}9c88a047-7f73-4111-bf87-fe029dccbce6{ip: 192.168.157.194, host: pr-hdds-2482-j87dr-2776293630, networkLocation: /rack1, certSerialId: null}00aa4e63-81eb-4c33-a32e-b28e61c28a6d{ip: 192.168.157.194, host: pr-hdds-2482-j87dr-2776293630, networkLocation: /rack1, certSerialId: null}, Type:RATIS, Factor:THREE, State:OPEN] moved to OPEN state
2019-11-14 17:39:10,583 [00aa4e63-81eb-4c33-a32e-b28e61c28a6d@group-A44B5930BC4A-LeaderElection213] INFO  server.RaftServerConfigKeys (ConfUtils.java:logGet(43)) - raft.server.log.appender.buffer.byte-limit = 33554432 (custom)
2019-11-14 17:39:10,584 [00aa4e63-81eb-4c33-a32e-b28e61c28a6d@group-A44B5930BC4A-LeaderElection213] INFO  server.RaftServerConfigKeys (ConfUtils.java:logGet(43)) - raft.server.log.appender.buffer.element-limit = 1 (custom)
2019-11-14 17:39:10,584 [00aa4e63-81eb-4c33-a32e-b28e61c28a6d@group-A44B5930BC4A-LeaderElection213] INFO  grpc.GrpcConfigKeys$Server (ConfUtils.java:logGet(43)) - raft.grpc.server.leader.outstanding.appends.max = 128 (default)
2019-11-14 17:39:10,584 [00aa4e63-81eb-4c33-a32e-b28e61c28a6d@group-A44B5930BC4A-LeaderElection213] INFO  server.RaftServerConfigKeys (ConfUtils.java:logGet(43)) - raft.server.rpc.request.timeout = 3000ms (default)
2019-11-14 17:39:10,584 [00aa4e63-81eb-4c33-a32e-b28e61c28a6d@group-A44B5930BC4A-LeaderElection213] INFO  server.RaftServerConfigKeys (ConfUtils.java:logGet(43)) - raft.server.log.appender.install.snapshot.enabled = false (custom)
2019-11-14 17:39:10,584 [00aa4e63-81eb-4c33-a32e-b28e61c28a6d@group-A44B5930BC4A-LeaderElection213] WARN  impl.MetricRegistriesImpl (MetricRegistriesImpl.java:lambda$create$1(61)) - First MetricRegistry has been created without registering reporters. You may need to call MetricRegistries.global().addReportRegistration(...) before.
2019-11-14 17:39:10,585 [00aa4e63-81eb-4c33-a32e-b28e61c28a6d@group-A44B5930BC4A-LeaderElection213] INFO  server.RaftServerConfigKeys (ConfUtils.java:logGet(43)) - raft.server.log.appender.snapshot.chunk.size.max = 16MB (=16777216) (default)
2019-11-14 17:39:10,585 [00aa4e63-81eb-4c33-a32e-b28e61c28a6d@group-A44B5930BC4A-LeaderElection213] INFO  server.RaftServerConfigKeys (ConfUtils.java:logGet(43)) - raft.server.log.appender.buffer.byte-limit = 33554432 (custom)
2019-11-14 17:39:10,585 [00aa4e63-81eb-4c33-a32e-b28e61c28a6d@group-A44B5930BC4A-LeaderElection213] INFO  server.RaftServerConfigKeys (ConfUtils.java:logGet(43)) - raft.server.log.appender.buffer.element-limit = 1 (custom)
2019-11-14 17:39:10,585 [00aa4e63-81eb-4c33-a32e-b28e61c28a6d@group-A44B5930BC4A-LeaderElection213] INFO  grpc.GrpcConfigKeys$Server (ConfUtils.java:logGet(43)) - raft.grpc.server.leader.outstanding.appends.max = 128 (default)
2019-11-14 17:39:10,585 [00aa4e63-81eb-4c33-a32e-b28e61c28a6d@group-A44B5930BC4A-LeaderElection213] INFO  server.RaftServerConfigKeys (ConfUtils.java:logGet(43)) - raft.server.rpc.request.timeout = 3000ms (default)
2019-11-14 17:39:10,585 [00aa4e63-81eb-4c33-a32e-b28e61c28a6d@group-A44B5930BC4A-LeaderElection213] INFO  server.RaftServerConfigKeys (ConfUtils.java:logGet(43)) - raft.server.log.appender.install.snapshot.enabled = false (custom)
2019-11-14 17:39:10,586 [00aa4e63-81eb-4c33-a32e-b28e61c28a6d@group-A44B5930BC4A-LeaderElection213] INFO  impl.RoleInfo (RoleInfo.java:updateAndGet(143)) - 00aa4e63-81eb-4c33-a32e-b28e61c28a6d: start LeaderState
2019-11-14 17:39:10,586 [00aa4e63-81eb-4c33-a32e-b28e61c28a6d@group-A44B5930BC4A-LeaderElection213] INFO  segmented.SegmentedRaftLogWorker (SegmentedRaftLogWorker.java:startLogSegment(385)) - 00aa4e63-81eb-4c33-a32e-b28e61c28a6d@group-A44B5930BC4A-SegmentedRaftLogWorker: Starting segment from index:0
2019-11-14 17:39:10,586 [00aa4e63-81eb-4c33-a32e-b28e61c28a6d@group-A44B5930BC4A-LeaderElection213] INFO  impl.RaftServerImpl (ServerState.java:setRaftConf(356)) - 00aa4e63-81eb-4c33-a32e-b28e61c28a6d@group-A44B5930BC4A: set configuration 0: [00aa4e63-81eb-4c33-a32e-b28e61c28a6d:192.168.157.194:43947, da9d3605-d5bb-4af4-b35f-64e6f231f8df:192.168.157.194:36645, 9c88a047-7f73-4111-bf87-fe029dccbce6:192.168.157.194:46499], old=null at 0
2019-11-14 17:39:10,623 [grpc-default-executor-3] INFO  ratis.XceiverServerRatis (XceiverServerRatis.java:handleLeaderChangedNotification(697)) - Leader change notification received for group: group-A44B5930BC4A with new leaderId: 00aa4e63-81eb-4c33-a32e-b28e61c28a6d
2019-11-14 17:39:10,624 [521325b2-2ced-4cee-b44f-acc523c049d7@group-8DFCF8E6A9A5-LeaderElection214] INFO  impl.LeaderElection (LeaderElection.java:askForVotes(178)) - 521325b2-2ced-4cee-b44f-acc523c049d7@group-8DFCF8E6A9A5-LeaderElection214: begin an election at term 1 for -1: [d0d029c9-c080-45aa-9428-ec9c2afb2e55:192.168.157.194:41166, 6301bead-719a-4dde-94bc-f4c716ecb4e0:192.168.157.194:46043, 521325b2-2ced-4cee-b44f-acc523c049d7:192.168.157.194:33976], old=null
2019-11-14 17:39:10,624 [grpc-default-executor-3] INFO  impl.RaftServerImpl (ServerState.java:setLeader(255)) - da9d3605-d5bb-4af4-b35f-64e6f231f8df@group-A44B5930BC4A: change Leader from null to 00aa4e63-81eb-4c33-a32e-b28e61c28a6d at term 1 for appendEntries, leader elected after 1221ms
2019-11-14 17:39:10,627 [grpc-default-executor-7] INFO  ratis.XceiverServerRatis (XceiverServerRatis.java:handleLeaderChangedNotification(697)) - Leader change notification received for group: group-A44B5930BC4A with new leaderId: 00aa4e63-81eb-4c33-a32e-b28e61c28a6d
2019-11-14 17:39:10,627 [grpc-default-executor-7] INFO  impl.RaftServerImpl (ServerState.java:setLeader(255)) - 9c88a047-7f73-4111-bf87-fe029dccbce6@group-A44B5930BC4A: change Leader from null to 00aa4e63-81eb-4c33-a32e-b28e61c28a6d at term 1 for appendEntries, leader elected after 1224ms
2019-11-14 17:39:10,632 [Thread-3904] INFO  impl.FollowerState (FollowerState.java:run(111)) - d0d029c9-c080-45aa-9428-ec9c2afb2e55@group-8DFCF8E6A9A5-FollowerState: change to CANDIDATE, lastRpcTime:1133ms, electionTimeout:1133ms
2019-11-14 17:39:10,632 [Thread-3904] INFO  impl.RoleInfo (RoleInfo.java:shutdownFollowerState(121)) - d0d029c9-c080-45aa-9428-ec9c2afb2e55: shutdown FollowerState
2019-11-14 17:39:10,632 [Thread-3904] INFO  impl.RaftServerImpl (RaftServerImpl.java:setRole(173)) - d0d029c9-c080-45aa-9428-ec9c2afb2e55@group-8DFCF8E6A9A5: changes role from  FOLLOWER to CANDIDATE at term 0 for changeToCandidate
2019-11-14 17:39:10,633 [Thread-3904] INFO  impl.RoleInfo (RoleInfo.java:updateAndGet(143)) - d0d029c9-c080-45aa-9428-ec9c2afb2e55: start LeaderElection
2019-11-14 17:39:10,638 [grpc-default-executor-3] INFO  impl.RaftServerImpl (ServerState.java:setRaftConf(356)) - da9d3605-d5bb-4af4-b35f-64e6f231f8df@group-A44B5930BC4A: set configuration 0: [00aa4e63-81eb-4c33-a32e-b28e61c28a6d:192.168.157.194:43947, da9d3605-d5bb-4af4-b35f-64e6f231f8df:192.168.157.194:36645, 9c88a047-7f73-4111-bf87-fe029dccbce6:192.168.157.194:46499], old=null at 0
2019-11-14 17:39:10,638 [grpc-default-executor-7] INFO  impl.RaftServerImpl (ServerState.java:setRaftConf(356)) - 9c88a047-7f73-4111-bf87-fe029dccbce6@group-A44B5930BC4A: set configuration 0: [00aa4e63-81eb-4c33-a32e-b28e61c28a6d:192.168.157.194:43947, da9d3605-d5bb-4af4-b35f-64e6f231f8df:192.168.157.194:36645, 9c88a047-7f73-4111-bf87-fe029dccbce6:192.168.157.194:46499], old=null at 0
2019-11-14 17:39:10,639 [grpc-default-executor-3] INFO  segmented.SegmentedRaftLogWorker (SegmentedRaftLogWorker.java:startLogSegment(385)) - da9d3605-d5bb-4af4-b35f-64e6f231f8df@group-A44B5930BC4A-SegmentedRaftLogWorker: Starting segment from index:0
2019-11-14 17:39:10,639 [grpc-default-executor-7] INFO  segmented.SegmentedRaftLogWorker (SegmentedRaftLogWorker.java:startLogSegment(385)) - 9c88a047-7f73-4111-bf87-fe029dccbce6@group-A44B5930BC4A-SegmentedRaftLogWorker: Starting segment from index:0
2019-11-14 17:39:10,679 [grpc-default-executor-7] INFO  impl.RaftServerImpl (RaftServerImpl.java:setRole(173)) - 6301bead-719a-4dde-94bc-f4c716ecb4e0@group-8DFCF8E6A9A5: changes role from  FOLLOWER to FOLLOWER at term 1 for recognizeCandidate:521325b2-2ced-4cee-b44f-acc523c049d7
2019-11-14 17:39:10,682 [d0d029c9-c080-45aa-9428-ec9c2afb2e55@group-8DFCF8E6A9A5-LeaderElection215] INFO  impl.LeaderElection (LeaderElection.java:askForVotes(178)) - d0d029c9-c080-45aa-9428-ec9c2afb2e55@group-8DFCF8E6A9A5-LeaderElection215: begin an election at term 1 for -1: [d0d029c9-c080-45aa-9428-ec9c2afb2e55:192.168.157.194:41166, 6301bead-719a-4dde-94bc-f4c716ecb4e0:192.168.157.194:46043, 521325b2-2ced-4cee-b44f-acc523c049d7:192.168.157.194:33976], old=null
2019-11-14 17:39:10,682 [00aa4e63-81eb-4c33-a32e-b28e61c28a6d@group-A44B5930BC4A-SegmentedRaftLogWorker] INFO  segmented.SegmentedRaftLogWorker (SegmentedRaftLogWorker.java:execute(576)) - 00aa4e63-81eb-4c33-a32e-b28e61c28a6d@group-A44B5930BC4A-SegmentedRaftLogWorker: created new log segment /workdir/hadoop-ozone/integration-test/target/test-dir/MiniOzoneClusterImpl-76142843-c060-4c87-bf9f-3caeb3385afc/datanode-7/data/ratis/dcff57ac-9940-43b7-84fe-a44b5930bc4a/current/log_inprogress_0
2019-11-14 17:39:10,682 [grpc-default-executor-7] INFO  impl.RoleInfo (RoleInfo.java:shutdownFollowerState(121)) - 6301bead-719a-4dde-94bc-f4c716ecb4e0: shutdown FollowerState
2019-11-14 17:39:10,683 [grpc-default-executor-7] INFO  impl.RoleInfo (RoleInfo.java:updateAndGet(143)) - 6301bead-719a-4dde-94bc-f4c716ecb4e0: start FollowerState
2019-11-14 17:39:10,704 [da9d3605-d5bb-4af4-b35f-64e6f231f8df@group-A44B5930BC4A-SegmentedRaftLogWorker] INFO  segmented.SegmentedRaftLogWorker (SegmentedRaftLogWorker.java:execute(576)) - da9d3605-d5bb-4af4-b35f-64e6f231f8df@group-A44B5930BC4A-SegmentedRaftLogWorker: created new log segment /workdir/hadoop-ozone/integration-test/target/test-dir/MiniOzoneClusterImpl-76142843-c060-4c87-bf9f-3caeb3385afc/datanode-3/data/ratis/dcff57ac-9940-43b7-84fe-a44b5930bc4a/current/log_inprogress_0
2019-11-14 17:39:10,706 [521325b2-2ced-4cee-b44f-acc523c049d7@group-8DFCF8E6A9A5-LeaderElection214] INFO  impl.LeaderElection (LeaderElection.java:logAndReturn(56)) - 521325b2-2ced-4cee-b44f-acc523c049d7@group-8DFCF8E6A9A5-LeaderElection214: Election PASSED; received 2 response(s) [521325b2-2ced-4cee-b44f-acc523c049d7<-d0d029c9-c080-45aa-9428-ec9c2afb2e55#0:FAIL-t1, 521325b2-2ced-4cee-b44f-acc523c049d7<-6301bead-719a-4dde-94bc-f4c716ecb4e0#0:OK-t1] and 0 exception(s); 521325b2-2ced-4cee-b44f-acc523c049d7@group-8DFCF8E6A9A5:t1, leader=null, voted=521325b2-2ced-4cee-b44f-acc523c049d7, raftlog=521325b2-2ced-4cee-b44f-acc523c049d7@group-8DFCF8E6A9A5-SegmentedRaftLog:OPENED:c-1,f-1,i0, conf=-1: [d0d029c9-c080-45aa-9428-ec9c2afb2e55:192.168.157.194:41166, 6301bead-719a-4dde-94bc-f4c716ecb4e0:192.168.157.194:46043, 521325b2-2ced-4cee-b44f-acc523c049d7:192.168.157.194:33976], old=null
2019-11-14 17:39:10,706 [d0d029c9-c080-45aa-9428-ec9c2afb2e55@group-8DFCF8E6A9A5-LeaderElection215] INFO  impl.LeaderElection (LeaderElection.java:logAndReturn(56)) - d0d029c9-c080-45aa-9428-ec9c2afb2e55@group-8DFCF8E6A9A5-LeaderElection215: Election REJECTED; received 2 response(s) [d0d029c9-c080-45aa-9428-ec9c2afb2e55<-6301bead-719a-4dde-94bc-f4c716ecb4e0#0:FAIL-t1, d0d029c9-c080-45aa-9428-ec9c2afb2e55<-521325b2-2ced-4cee-b44f-acc523c049d7#0:FAIL-t1] and 0 exception(s); d0d029c9-c080-45aa-9428-ec9c2afb2e55@group-8DFCF8E6A9A5:t1, leader=null, voted=d0d029c9-c080-45aa-9428-ec9c2afb2e55, raftlog=d0d029c9-c080-45aa-9428-ec9c2afb2e55@group-8DFCF8E6A9A5-SegmentedRaftLog:OPENED:c-1,f-1,i0, conf=-1: [d0d029c9-c080-45aa-9428-ec9c2afb2e55:192.168.157.194:41166, 6301bead-719a-4dde-94bc-f4c716ecb4e0:192.168.157.194:46043, 521325b2-2ced-4cee-b44f-acc523c049d7:192.168.157.194:33976], old=null
2019-11-14 17:39:10,706 [521325b2-2ced-4cee-b44f-acc523c049d7@group-8DFCF8E6A9A5-LeaderElection214] INFO  impl.RoleInfo (RoleInfo.java:shutdownLeaderElection(134)) - 521325b2-2ced-4cee-b44f-acc523c049d7: shutdown LeaderElection
2019-11-14 17:39:10,706 [d0d029c9-c080-45aa-9428-ec9c2afb2e55@group-8DFCF8E6A9A5-LeaderElection215] INFO  impl.RaftServerImpl (RaftServerImpl.java:setRole(173)) - d0d029c9-c080-45aa-9428-ec9c2afb2e55@group-8DFCF8E6A9A5: changes role from CANDIDATE to FOLLOWER at term 1 for DISCOVERED_A_NEW_TERM
2019-11-14 17:39:10,706 [521325b2-2ced-4cee-b44f-acc523c049d7@group-8DFCF8E6A9A5-LeaderElection214] INFO  impl.RaftServerImpl (RaftServerImpl.java:setRole(173)) - 521325b2-2ced-4cee-b44f-acc523c049d7@group-8DFCF8E6A9A5: changes role from CANDIDATE to LEADER at term 1 for changeToLeader
2019-11-14 17:39:10,706 [d0d029c9-c080-45aa-9428-ec9c2afb2e55@group-8DFCF8E6A9A5-LeaderElection215] INFO  impl.RoleInfo (RoleInfo.java:shutdownLeaderElection(134)) - d0d029c9-c080-45aa-9428-ec9c2afb2e55: shutdown LeaderElection
2019-11-14 17:39:10,707 [521325b2-2ced-4cee-b44f-acc523c049d7@group-8DFCF8E6A9A5-LeaderElection214] INFO  ratis.XceiverServerRatis (XceiverServerRatis.java:handleLeaderChangedNotification(697)) - Leader change notification received for group: group-8DFCF8E6A9A5 with new leaderId: 521325b2-2ced-4cee-b44f-acc523c049d7
2019-11-14 17:39:10,707 [d0d029c9-c080-45aa-9428-ec9c2afb2e55@group-8DFCF8E6A9A5-LeaderElection215] INFO  impl.RoleInfo (RoleInfo.java:updateAndGet(143)) - d0d029c9-c080-45aa-9428-ec9c2afb2e55: start FollowerState
2019-11-14 17:39:10,707 [521325b2-2ced-4cee-b44f-acc523c049d7@group-8DFCF8E6A9A5-LeaderElection214] INFO  impl.RaftServerImpl (ServerState.java:setLeader(255)) - 521325b2-2ced-4cee-b44f-acc523c049d7@group-8DFCF8E6A9A5: change Leader from null to 521325b2-2ced-4cee-b44f-acc523c049d7 at term 1 for becomeLeader, leader elected after 1219ms
2019-11-14 17:39:10,707 [521325b2-2ced-4cee-b44f-acc523c049d7@group-8DFCF8E6A9A5-LeaderElection214] INFO  server.RaftServerConfigKeys (ConfUtils.java:logGet(43)) - raft.server.staging.catchup.gap = 1000 (default)
2019-11-14 17:39:10,707 [521325b2-2ced-4cee-b44f-acc523c049d7@group-8DFCF8E6A9A5-LeaderElection214] INFO  server.RaftServerConfigKeys (ConfUtils.java:logGet(43)) - raft.server.rpc.sleep.time = 25ms (default)
2019-11-14 17:39:10,708 [521325b2-2ced-4cee-b44f-acc523c049d7@group-8DFCF8E6A9A5-LeaderElection214] INFO  server.RaftServerConfigKeys (ConfUtils.java:logGet(43)) - raft.server.write.element-limit = 4096 (default)
2019-11-14 17:39:10,708 [521325b2-2ced-4cee-b44f-acc523c049d7@group-8DFCF8E6A9A5-LeaderElection214] INFO  server.RaftServerConfigKeys (ConfUtils.java:logGet(43)) - raft.server.watch.timeout = 10s (default)
2019-11-14 17:39:10,708 [521325b2-2ced-4cee-b44f-acc523c049d7@group-8DFCF8E6A9A5-LeaderElection214] INFO  server.RaftServerConfigKeys (ConfUtils.java:logGet(43)) - raft.server.watch.timeout.denomination = 1s (default)
2019-11-14 17:39:10,708 [521325b2-2ced-4cee-b44f-acc523c049d7@group-8DFCF8E6A9A5-LeaderElection214] INFO  server.RaftServerConfigKeys (ConfUtils.java:logGet(43)) - raft.server.watch.element-limit = 65536 (default)
2019-11-14 17:39:10,708 [521325b2-2ced-4cee-b44f-acc523c049d7@group-8DFCF8E6A9A5-LeaderElection214] INFO  server.RaftServerConfigKeys (ConfUtils.java:logGet(43)) - raft.server.log.appender.snapshot.chunk.size.max = 16MB (=16777216) (default)
2019-11-14 17:39:10,709 [521325b2-2ced-4cee-b44f-acc523c049d7@group-8DFCF8E6A9A5-LeaderElection214] INFO  server.RaftServerConfigKeys (ConfUtils.java:logGet(43)) - raft.server.log.appender.buffer.byte-limit = 33554432 (custom)
2019-11-14 17:39:10,709 [521325b2-2ced-4cee-b44f-acc523c049d7@group-8DFCF8E6A9A5-LeaderElection214] INFO  server.RaftServerConfigKeys (ConfUtils.java:logGet(43)) - raft.server.log.appender.buffer.element-limit = 1 (custom)
2019-11-14 17:39:10,709 [EventQueue-PipelineReportForPipelineReportHandler] INFO  pipeline.PipelineStateManager (PipelineStateManager.java:openPipeline(134)) - Pipeline Pipeline[ Id: 26da63f4-d51e-4feb-8fa7-8dfcf8e6a9a5, Nodes: d0d029c9-c080-45aa-9428-ec9c2afb2e55{ip: 192.168.157.194, host: pr-hdds-2482-j87dr-2776293630, networkLocation: /rack1, certSerialId: null}521325b2-2ced-4cee-b44f-acc523c049d7{ip: 192.168.157.194, host: pr-hdds-2482-j87dr-2776293630, networkLocation: /rack1, certSerialId: null}6301bead-719a-4dde-94bc-f4c716ecb4e0{ip: 192.168.157.194, host: pr-hdds-2482-j87dr-2776293630, networkLocation: /rack1, certSerialId: null}, Type:RATIS, Factor:THREE, State:OPEN] moved to OPEN state
2019-11-14 17:39:10,709 [521325b2-2ced-4cee-b44f-acc523c049d7@group-8DFCF8E6A9A5-LeaderElection214] INFO  grpc.GrpcConfigKeys$Server (ConfUtils.java:logGet(43)) - raft.grpc.server.leader.outstanding.appends.max = 128 (default)
2019-11-14 17:39:10,709 [521325b2-2ced-4cee-b44f-acc523c049d7@group-8DFCF8E6A9A5-LeaderElection214] INFO  server.RaftServerConfigKeys (ConfUtils.java:logGet(43)) - raft.server.rpc.request.timeout = 3000ms (default)
2019-11-14 17:39:10,709 [521325b2-2ced-4cee-b44f-acc523c049d7@group-8DFCF8E6A9A5-LeaderElection214] INFO  server.RaftServerConfigKeys (ConfUtils.java:logGet(43)) - raft.server.log.appender.install.snapshot.enabled = false (custom)
2019-11-14 17:39:10,709 [521325b2-2ced-4cee-b44f-acc523c049d7@group-8DFCF8E6A9A5-LeaderElection214] WARN  impl.MetricRegistriesImpl (MetricRegistriesImpl.java:lambda$create$1(61)) - First MetricRegistry has been created without registering reporters. You may need to call MetricRegistries.global().addReportRegistration(...) before.
2019-11-14 17:39:10,710 [521325b2-2ced-4cee-b44f-acc523c049d7@group-8DFCF8E6A9A5-LeaderElection214] INFO  server.RaftServerConfigKeys (ConfUtils.java:logGet(43)) - raft.server.log.appender.snapshot.chunk.size.max = 16MB (=16777216) (default)
2019-11-14 17:39:10,710 [521325b2-2ced-4cee-b44f-acc523c049d7@group-8DFCF8E6A9A5-LeaderElection214] INFO  server.RaftServerConfigKeys (ConfUtils.java:logGet(43)) - raft.server.log.appender.buffer.byte-limit = 33554432 (custom)
2019-11-14 17:39:10,710 [521325b2-2ced-4cee-b44f-acc523c049d7@group-8DFCF8E6A9A5-LeaderElection214] INFO  server.RaftServerConfigKeys (ConfUtils.java:logGet(43)) - raft.server.log.appender.buffer.element-limit = 1 (custom)
2019-11-14 17:39:10,710 [521325b2-2ced-4cee-b44f-acc523c049d7@group-8DFCF8E6A9A5-LeaderElection214] INFO  grpc.GrpcConfigKeys$Server (ConfUtils.java:logGet(43)) - raft.grpc.server.leader.outstanding.appends.max = 128 (default)
2019-11-14 17:39:10,710 [521325b2-2ced-4cee-b44f-acc523c049d7@group-8DFCF8E6A9A5-LeaderElection214] INFO  server.RaftServerConfigKeys (ConfUtils.java:logGet(43)) - raft.server.rpc.request.timeout = 3000ms (default)
2019-11-14 17:39:10,710 [521325b2-2ced-4cee-b44f-acc523c049d7@group-8DFCF8E6A9A5-LeaderElection214] INFO  server.RaftServerConfigKeys (ConfUtils.java:logGet(43)) - raft.server.log.appender.install.snapshot.enabled = false (custom)
2019-11-14 17:39:10,711 [521325b2-2ced-4cee-b44f-acc523c049d7@group-8DFCF8E6A9A5-LeaderElection214] INFO  impl.RoleInfo (RoleInfo.java:updateAndGet(143)) - 521325b2-2ced-4cee-b44f-acc523c049d7: start LeaderState
2019-11-14 17:39:10,711 [521325b2-2ced-4cee-b44f-acc523c049d7@group-8DFCF8E6A9A5-LeaderElection214] INFO  segmented.SegmentedRaftLogWorker (SegmentedRaftLogWorker.java:startLogSegment(385)) - 521325b2-2ced-4cee-b44f-acc523c049d7@group-8DFCF8E6A9A5-SegmentedRaftLogWorker: Starting segment from index:0
2019-11-14 17:39:10,712 [521325b2-2ced-4cee-b44f-acc523c049d7@group-8DFCF8E6A9A5-LeaderElection214] INFO  impl.RaftServerImpl (ServerState.java:setRaftConf(356)) - 521325b2-2ced-4cee-b44f-acc523c049d7@group-8DFCF8E6A9A5: set configuration 0: [d0d029c9-c080-45aa-9428-ec9c2afb2e55:192.168.157.194:41166, 6301bead-719a-4dde-94bc-f4c716ecb4e0:192.168.157.194:46043, 521325b2-2ced-4cee-b44f-acc523c049d7:192.168.157.194:33976], old=null at 0
2019-11-14 17:39:10,755 [grpc-default-executor-3] INFO  ratis.XceiverServerRatis (XceiverServerRatis.java:handleLeaderChangedNotification(697)) - Leader change notification received for group: group-8DFCF8E6A9A5 with new leaderId: 521325b2-2ced-4cee-b44f-acc523c049d7
2019-11-14 17:39:10,755 [grpc-default-executor-7] INFO  ratis.XceiverServerRatis (XceiverServerRatis.java:handleLeaderChangedNotification(697)) - Leader change notification received for group: group-8DFCF8E6A9A5 with new leaderId: 521325b2-2ced-4cee-b44f-acc523c049d7
2019-11-14 17:39:10,755 [grpc-default-executor-3] INFO  impl.RaftServerImpl (ServerState.java:setLeader(255)) - 6301bead-719a-4dde-94bc-f4c716ecb4e0@group-8DFCF8E6A9A5: change Leader from null to 521325b2-2ced-4cee-b44f-acc523c049d7 at term 1 for appendEntries, leader elected after 1267ms
2019-11-14 17:39:10,755 [grpc-default-executor-7] INFO  impl.RaftServerImpl (ServerState.java:setLeader(255)) - d0d029c9-c080-45aa-9428-ec9c2afb2e55@group-8DFCF8E6A9A5: change Leader from null to 521325b2-2ced-4cee-b44f-acc523c049d7 at term 1 for appendEntries, leader elected after 1267ms
2019-11-14 17:39:10,758 [grpc-default-executor-7] INFO  impl.RaftServerImpl (ServerState.java:setRaftConf(356)) - 6301bead-719a-4dde-94bc-f4c716ecb4e0@group-8DFCF8E6A9A5: set configuration 0: [d0d029c9-c080-45aa-9428-ec9c2afb2e55:192.168.157.194:41166, 6301bead-719a-4dde-94bc-f4c716ecb4e0:192.168.157.194:46043, 521325b2-2ced-4cee-b44f-acc523c049d7:192.168.157.194:33976], old=null at 0
2019-11-14 17:39:10,758 [grpc-default-executor-3] INFO  impl.RaftServerImpl (ServerState.java:setRaftConf(356)) - d0d029c9-c080-45aa-9428-ec9c2afb2e55@group-8DFCF8E6A9A5: set configuration 0: [d0d029c9-c080-45aa-9428-ec9c2afb2e55:192.168.157.194:41166, 6301bead-719a-4dde-94bc-f4c716ecb4e0:192.168.157.194:46043, 521325b2-2ced-4cee-b44f-acc523c049d7:192.168.157.194:33976], old=null at 0
2019-11-14 17:39:10,758 [grpc-default-executor-7] INFO  segmented.SegmentedRaftLogWorker (SegmentedRaftLogWorker.java:startLogSegment(385)) - 6301bead-719a-4dde-94bc-f4c716ecb4e0@group-8DFCF8E6A9A5-SegmentedRaftLogWorker: Starting segment from index:0
2019-11-14 17:39:10,758 [grpc-default-executor-3] INFO  segmented.SegmentedRaftLogWorker (SegmentedRaftLogWorker.java:startLogSegment(385)) - d0d029c9-c080-45aa-9428-ec9c2afb2e55@group-8DFCF8E6A9A5-SegmentedRaftLogWorker: Starting segment from index:0
2019-11-14 17:39:10,780 [9c88a047-7f73-4111-bf87-fe029dccbce6@group-A44B5930BC4A-SegmentedRaftLogWorker] INFO  segmented.SegmentedRaftLogWorker (SegmentedRaftLogWorker.java:execute(576)) - 9c88a047-7f73-4111-bf87-fe029dccbce6@group-A44B5930BC4A-SegmentedRaftLogWorker: created new log segment /workdir/hadoop-ozone/integration-test/target/test-dir/MiniOzoneClusterImpl-76142843-c060-4c87-bf9f-3caeb3385afc/datanode-5/data/ratis/dcff57ac-9940-43b7-84fe-a44b5930bc4a/current/log_inprogress_0
2019-11-14 17:39:10,780 [521325b2-2ced-4cee-b44f-acc523c049d7@group-8DFCF8E6A9A5-SegmentedRaftLogWorker] INFO  segmented.SegmentedRaftLogWorker (SegmentedRaftLogWorker.java:execute(576)) - 521325b2-2ced-4cee-b44f-acc523c049d7@group-8DFCF8E6A9A5-SegmentedRaftLogWorker: created new log segment /workdir/hadoop-ozone/integration-test/target/test-dir/MiniOzoneClusterImpl-76142843-c060-4c87-bf9f-3caeb3385afc/datanode-4/data/ratis/26da63f4-d51e-4feb-8fa7-8dfcf8e6a9a5/current/log_inprogress_0
2019-11-14 17:39:10,830 [6301bead-719a-4dde-94bc-f4c716ecb4e0@group-8DFCF8E6A9A5-SegmentedRaftLogWorker] INFO  segmented.SegmentedRaftLogWorker (SegmentedRaftLogWorker.java:execute(576)) - 6301bead-719a-4dde-94bc-f4c716ecb4e0@group-8DFCF8E6A9A5-SegmentedRaftLogWorker: created new log segment /workdir/hadoop-ozone/integration-test/target/test-dir/MiniOzoneClusterImpl-76142843-c060-4c87-bf9f-3caeb3385afc/datanode-6/data/ratis/26da63f4-d51e-4feb-8fa7-8dfcf8e6a9a5/current/log_inprogress_0
2019-11-14 17:39:10,830 [d0d029c9-c080-45aa-9428-ec9c2afb2e55@group-8DFCF8E6A9A5-SegmentedRaftLogWorker] INFO  segmented.SegmentedRaftLogWorker (SegmentedRaftLogWorker.java:execute(576)) - d0d029c9-c080-45aa-9428-ec9c2afb2e55@group-8DFCF8E6A9A5-SegmentedRaftLogWorker: created new log segment /workdir/hadoop-ozone/integration-test/target/test-dir/MiniOzoneClusterImpl-76142843-c060-4c87-bf9f-3caeb3385afc/datanode-8/data/ratis/26da63f4-d51e-4feb-8fa7-8dfcf8e6a9a5/current/log_inprogress_0
2019-11-14 17:39:11,120 [Thread-3917] INFO  impl.FollowerState (FollowerState.java:run(111)) - 4fcb6245-7b52-48ea-a68b-fda0132084cd@group-8A7698DEED1E-FollowerState: change to CANDIDATE, lastRpcTime:1050ms, electionTimeout:1048ms
2019-11-14 17:39:11,121 [Thread-3917] INFO  impl.RoleInfo (RoleInfo.java:shutdownFollowerState(121)) - 4fcb6245-7b52-48ea-a68b-fda0132084cd: shutdown FollowerState
2019-11-14 17:39:11,121 [Thread-3917] INFO  impl.RaftServerImpl (RaftServerImpl.java:setRole(173)) - 4fcb6245-7b52-48ea-a68b-fda0132084cd@group-8A7698DEED1E: changes role from  FOLLOWER to CANDIDATE at term 2 for changeToCandidate
2019-11-14 17:39:11,121 [Thread-3917] INFO  impl.RoleInfo (RoleInfo.java:updateAndGet(143)) - 4fcb6245-7b52-48ea-a68b-fda0132084cd: start LeaderElection
2019-11-14 17:39:11,147 [4fcb6245-7b52-48ea-a68b-fda0132084cd@group-8A7698DEED1E-LeaderElection216] INFO  impl.LeaderElection (LeaderElection.java:askForVotes(178)) - 4fcb6245-7b52-48ea-a68b-fda0132084cd@group-8A7698DEED1E-LeaderElection216: begin an election at term 3 for -1: [4fcb6245-7b52-48ea-a68b-fda0132084cd:192.168.157.194:33953, 9f70b324-be48-4d43-8f47-cd647748f9c6:192.168.157.194:39672, 1e2d7e4d-6af1-461d-8b85-f444d5672a79:192.168.157.194:43154], old=null
2019-11-14 17:39:11,151 [grpc-default-executor-3] INFO  impl.RaftServerImpl (RaftServerImpl.java:setRole(173)) - 1e2d7e4d-6af1-461d-8b85-f444d5672a79@group-8A7698DEED1E: changes role from  FOLLOWER to FOLLOWER at term 3 for recognizeCandidate:4fcb6245-7b52-48ea-a68b-fda0132084cd
2019-11-14 17:39:11,151 [grpc-default-executor-7] INFO  impl.RaftServerImpl (RaftServerImpl.java:setRole(173)) - 9f70b324-be48-4d43-8f47-cd647748f9c6@group-8A7698DEED1E: changes role from  FOLLOWER to FOLLOWER at term 3 for recognizeCandidate:4fcb6245-7b52-48ea-a68b-fda0132084cd
2019-11-14 17:39:11,151 [grpc-default-executor-7] INFO  impl.RoleInfo (RoleInfo.java:shutdownFollowerState(121)) - 9f70b324-be48-4d43-8f47-cd647748f9c6: shutdown FollowerState
2019-11-14 17:39:11,151 [grpc-default-executor-3] INFO  impl.RoleInfo (RoleInfo.java:shutdownFollowerState(121)) - 1e2d7e4d-6af1-461d-8b85-f444d5672a79: shutdown FollowerState
2019-11-14 17:39:11,151 [Thread-3927] INFO  impl.FollowerState (FollowerState.java:run(120)) - 9f70b324-be48-4d43-8f47-cd647748f9c6@group-8A7698DEED1E-FollowerState was interrupted: java.lang.InterruptedException: sleep interrupted
2019-11-14 17:39:11,151 [grpc-default-executor-7] INFO  impl.RoleInfo (RoleInfo.java:updateAndGet(143)) - 9f70b324-be48-4d43-8f47-cd647748f9c6: start FollowerState
2019-11-14 17:39:11,151 [Thread-3928] INFO  impl.FollowerState (FollowerState.java:run(120)) - 1e2d7e4d-6af1-461d-8b85-f444d5672a79@group-8A7698DEED1E-FollowerState was interrupted: java.lang.InterruptedException: sleep interrupted
2019-11-14 17:39:11,151 [grpc-default-executor-3] INFO  impl.RoleInfo (RoleInfo.java:updateAndGet(143)) - 1e2d7e4d-6af1-461d-8b85-f444d5672a79: start FollowerState
2019-11-14 17:39:11,181 [4fcb6245-7b52-48ea-a68b-fda0132084cd@group-8A7698DEED1E-LeaderElection216] INFO  impl.LeaderElection (LeaderElection.java:logAndReturn(56)) - 4fcb6245-7b52-48ea-a68b-fda0132084cd@group-8A7698DEED1E-LeaderElection216: Election PASSED; received 2 response(s) [4fcb6245-7b52-48ea-a68b-fda0132084cd<-9f70b324-be48-4d43-8f47-cd647748f9c6#0:OK-t3, 4fcb6245-7b52-48ea-a68b-fda0132084cd<-1e2d7e4d-6af1-461d-8b85-f444d5672a79#0:FAIL-t3] and 0 exception(s); 4fcb6245-7b52-48ea-a68b-fda0132084cd@group-8A7698DEED1E:t3, leader=null, voted=4fcb6245-7b52-48ea-a68b-fda0132084cd, raftlog=4fcb6245-7b52-48ea-a68b-fda0132084cd@group-8A7698DEED1E-SegmentedRaftLog:OPENED:c-1,f-1,i0, conf=-1: [4fcb6245-7b52-48ea-a68b-fda0132084cd:192.168.157.194:33953, 9f70b324-be48-4d43-8f47-cd647748f9c6:192.168.157.194:39672, 1e2d7e4d-6af1-461d-8b85-f444d5672a79:192.168.157.194:43154], old=null
2019-11-14 17:39:11,181 [4fcb6245-7b52-48ea-a68b-fda0132084cd@group-8A7698DEED1E-LeaderElection216] INFO  impl.RoleInfo (RoleInfo.java:shutdownLeaderElection(134)) - 4fcb6245-7b52-48ea-a68b-fda0132084cd: shutdown LeaderElection
2019-11-14 17:39:11,182 [4fcb6245-7b52-48ea-a68b-fda0132084cd@group-8A7698DEED1E-LeaderElection216] INFO  impl.RaftServerImpl (RaftServerImpl.java:setRole(173)) - 4fcb6245-7b52-48ea-a68b-fda0132084cd@group-8A7698DEED1E: changes role from CANDIDATE to LEADER at term 3 for changeToLeader
2019-11-14 17:39:11,182 [4fcb6245-7b52-48ea-a68b-fda0132084cd@group-8A7698DEED1E-LeaderElection216] INFO  ratis.XceiverServerRatis (XceiverServerRatis.java:handleLeaderChangedNotification(697)) - Leader change notification received for group: group-8A7698DEED1E with new leaderId: 4fcb6245-7b52-48ea-a68b-fda0132084cd
2019-11-14 17:39:11,182 [4fcb6245-7b52-48ea-a68b-fda0132084cd@group-8A7698DEED1E-LeaderElection216] INFO  impl.RaftServerImpl (ServerState.java:setLeader(255)) - 4fcb6245-7b52-48ea-a68b-fda0132084cd@group-8A7698DEED1E: change Leader from null to 4fcb6245-7b52-48ea-a68b-fda0132084cd at term 3 for becomeLeader, leader elected after 2210ms
2019-11-14 17:39:11,182 [4fcb6245-7b52-48ea-a68b-fda0132084cd@group-8A7698DEED1E-LeaderElection216] INFO  server.RaftServerConfigKeys (ConfUtils.java:logGet(43)) - raft.server.staging.catchup.gap = 1000 (default)
2019-11-14 17:39:11,182 [4fcb6245-7b52-48ea-a68b-fda0132084cd@group-8A7698DEED1E-LeaderElection216] INFO  server.RaftServerConfigKeys (ConfUtils.java:logGet(43)) - raft.server.rpc.sleep.time = 25ms (default)
2019-11-14 17:39:11,183 [4fcb6245-7b52-48ea-a68b-fda0132084cd@group-8A7698DEED1E-LeaderElection216] INFO  server.RaftServerConfigKeys (ConfUtils.java:logGet(43)) - raft.server.write.element-limit = 4096 (default)
2019-11-14 17:39:11,183 [4fcb6245-7b52-48ea-a68b-fda0132084cd@group-8A7698DEED1E-LeaderElection216] INFO  server.RaftServerConfigKeys (ConfUtils.java:logGet(43)) - raft.server.watch.timeout = 10s (default)
2019-11-14 17:39:11,183 [4fcb6245-7b52-48ea-a68b-fda0132084cd@group-8A7698DEED1E-LeaderElection216] INFO  server.RaftServerConfigKeys (ConfUtils.java:logGet(43)) - raft.server.watch.timeout.denomination = 1s (default)
2019-11-14 17:39:11,183 [4fcb6245-7b52-48ea-a68b-fda0132084cd@group-8A7698DEED1E-LeaderElection216] INFO  server.RaftServerConfigKeys (ConfUtils.java:logGet(43)) - raft.server.watch.element-limit = 65536 (default)
2019-11-14 17:39:11,183 [4fcb6245-7b52-48ea-a68b-fda0132084cd@group-8A7698DEED1E-LeaderElection216] INFO  server.RaftServerConfigKeys (ConfUtils.java:logGet(43)) - raft.server.log.appender.snapshot.chunk.size.max = 16MB (=16777216) (default)
2019-11-14 17:39:11,184 [4fcb6245-7b52-48ea-a68b-fda0132084cd@group-8A7698DEED1E-LeaderElection216] INFO  server.RaftServerConfigKeys (ConfUtils.java:logGet(43)) - raft.server.log.appender.buffer.byte-limit = 33554432 (custom)
2019-11-14 17:39:11,184 [4fcb6245-7b52-48ea-a68b-fda0132084cd@group-8A7698DEED1E-LeaderElection216] INFO  server.RaftServerConfigKeys (ConfUtils.java:logGet(43)) - raft.server.log.appender.buffer.element-limit = 1 (custom)
2019-11-14 17:39:11,184 [4fcb6245-7b52-48ea-a68b-fda0132084cd@group-8A7698DEED1E-LeaderElection216] INFO  grpc.GrpcConfigKeys$Server (ConfUtils.java:logGet(43)) - raft.grpc.server.leader.outstanding.appends.max = 128 (default)
2019-11-14 17:39:11,184 [4fcb6245-7b52-48ea-a68b-fda0132084cd@group-8A7698DEED1E-LeaderElection216] INFO  server.RaftServerConfigKeys (ConfUtils.java:logGet(43)) - raft.server.rpc.request.timeout = 3000ms (default)
2019-11-14 17:39:11,184 [4fcb6245-7b52-48ea-a68b-fda0132084cd@group-8A7698DEED1E-LeaderElection216] INFO  server.RaftServerConfigKeys (ConfUtils.java:logGet(43)) - raft.server.log.appender.install.snapshot.enabled = false (custom)
2019-11-14 17:39:11,185 [4fcb6245-7b52-48ea-a68b-fda0132084cd@group-8A7698DEED1E-LeaderElection216] WARN  impl.MetricRegistriesImpl (MetricRegistriesImpl.java:lambda$create$1(61)) - First MetricRegistry has been created without registering reporters. You may need to call MetricRegistries.global().addReportRegistration(...) before.
2019-11-14 17:39:11,185 [4fcb6245-7b52-48ea-a68b-fda0132084cd@group-8A7698DEED1E-LeaderElection216] INFO  server.RaftServerConfigKeys (ConfUtils.java:logGet(43)) - raft.server.log.appender.snapshot.chunk.size.max = 16MB (=16777216) (default)
2019-11-14 17:39:11,185 [4fcb6245-7b52-48ea-a68b-fda0132084cd@group-8A7698DEED1E-LeaderElection216] INFO  server.RaftServerConfigKeys (ConfUtils.java:logGet(43)) - raft.server.log.appender.buffer.byte-limit = 33554432 (custom)
2019-11-14 17:39:11,185 [4fcb6245-7b52-48ea-a68b-fda0132084cd@group-8A7698DEED1E-LeaderElection216] INFO  server.RaftServerConfigKeys (ConfUtils.java:logGet(43)) - raft.server.log.appender.buffer.element-limit = 1 (custom)
2019-11-14 17:39:11,185 [4fcb6245-7b52-48ea-a68b-fda0132084cd@group-8A7698DEED1E-LeaderElection216] INFO  grpc.GrpcConfigKeys$Server (ConfUtils.java:logGet(43)) - raft.grpc.server.leader.outstanding.appends.max = 128 (default)
2019-11-14 17:39:11,185 [4fcb6245-7b52-48ea-a68b-fda0132084cd@group-8A7698DEED1E-LeaderElection216] INFO  server.RaftServerConfigKeys (ConfUtils.java:logGet(43)) - raft.server.rpc.request.timeout = 3000ms (default)
2019-11-14 17:39:11,186 [4fcb6245-7b52-48ea-a68b-fda0132084cd@group-8A7698DEED1E-LeaderElection216] INFO  server.RaftServerConfigKeys (ConfUtils.java:logGet(43)) - raft.server.log.appender.install.snapshot.enabled = false (custom)
2019-11-14 17:39:11,186 [4fcb6245-7b52-48ea-a68b-fda0132084cd@group-8A7698DEED1E-LeaderElection216] INFO  impl.RoleInfo (RoleInfo.java:updateAndGet(143)) - 4fcb6245-7b52-48ea-a68b-fda0132084cd: start LeaderState
2019-11-14 17:39:11,186 [4fcb6245-7b52-48ea-a68b-fda0132084cd@group-8A7698DEED1E-LeaderElection216] INFO  segmented.SegmentedRaftLogWorker (SegmentedRaftLogWorker.java:startLogSegment(385)) - 4fcb6245-7b52-48ea-a68b-fda0132084cd@group-8A7698DEED1E-SegmentedRaftLogWorker: Starting segment from index:0
2019-11-14 17:39:11,187 [4fcb6245-7b52-48ea-a68b-fda0132084cd@group-8A7698DEED1E-LeaderElection216] INFO  impl.RaftServerImpl (ServerState.java:setRaftConf(356)) - 4fcb6245-7b52-48ea-a68b-fda0132084cd@group-8A7698DEED1E: set configuration 0: [4fcb6245-7b52-48ea-a68b-fda0132084cd:192.168.157.194:33953, 9f70b324-be48-4d43-8f47-cd647748f9c6:192.168.157.194:39672, 1e2d7e4d-6af1-461d-8b85-f444d5672a79:192.168.157.194:43154], old=null at 0
2019-11-14 17:39:11,236 [grpc-default-executor-7] INFO  ratis.XceiverServerRatis (XceiverServerRatis.java:handleLeaderChangedNotification(697)) - Leader change notification received for group: group-8A7698DEED1E with new leaderId: 4fcb6245-7b52-48ea-a68b-fda0132084cd
2019-11-14 17:39:11,236 [grpc-default-executor-7] INFO  impl.RaftServerImpl (ServerState.java:setLeader(255)) - 1e2d7e4d-6af1-461d-8b85-f444d5672a79@group-8A7698DEED1E: change Leader from null to 4fcb6245-7b52-48ea-a68b-fda0132084cd at term 3 for appendEntries, leader elected after 1111ms
2019-11-14 17:39:11,237 [grpc-default-executor-3] INFO  ratis.XceiverServerRatis (XceiverServerRatis.java:handleLeaderChangedNotification(697)) - Leader change notification received for group: group-8A7698DEED1E with new leaderId: 4fcb6245-7b52-48ea-a68b-fda0132084cd
2019-11-14 17:39:11,237 [grpc-default-executor-3] INFO  impl.RaftServerImpl (ServerState.java:setLeader(255)) - 9f70b324-be48-4d43-8f47-cd647748f9c6@group-8A7698DEED1E: change Leader from null to 4fcb6245-7b52-48ea-a68b-fda0132084cd at term 3 for appendEntries, leader elected after 1102ms
2019-11-14 17:39:11,239 [grpc-default-executor-3] INFO  impl.RaftServerImpl (ServerState.java:setRaftConf(356)) - 1e2d7e4d-6af1-461d-8b85-f444d5672a79@group-8A7698DEED1E: set configuration 0: [4fcb6245-7b52-48ea-a68b-fda0132084cd:192.168.157.194:33953, 9f70b324-be48-4d43-8f47-cd647748f9c6:192.168.157.194:39672, 1e2d7e4d-6af1-461d-8b85-f444d5672a79:192.168.157.194:43154], old=null at 0
2019-11-14 17:39:11,239 [grpc-default-executor-7] INFO  impl.RaftServerImpl (ServerState.java:setRaftConf(356)) - 9f70b324-be48-4d43-8f47-cd647748f9c6@group-8A7698DEED1E: set configuration 0: [4fcb6245-7b52-48ea-a68b-fda0132084cd:192.168.157.194:33953, 9f70b324-be48-4d43-8f47-cd647748f9c6:192.168.157.194:39672, 1e2d7e4d-6af1-461d-8b85-f444d5672a79:192.168.157.194:43154], old=null at 0
2019-11-14 17:39:11,239 [grpc-default-executor-7] INFO  segmented.SegmentedRaftLogWorker (SegmentedRaftLogWorker.java:startLogSegment(385)) - 9f70b324-be48-4d43-8f47-cd647748f9c6@group-8A7698DEED1E-SegmentedRaftLogWorker: Starting segment from index:0
2019-11-14 17:39:11,243 [grpc-default-executor-3] INFO  segmented.SegmentedRaftLogWorker (SegmentedRaftLogWorker.java:truncate(401)) - 1e2d7e4d-6af1-461d-8b85-f444d5672a79@group-8A7698DEED1E-SegmentedRaftLogWorker: Truncating segments toTruncate: null
  toDelete: [(0, 0) isOpen? true, length=0, newEndIndex=-1], start index 0
2019-11-14 17:39:11,244 [grpc-default-executor-3] INFO  segmented.SegmentedRaftLogWorker (SegmentedRaftLogWorker.java:startLogSegment(385)) - 1e2d7e4d-6af1-461d-8b85-f444d5672a79@group-8A7698DEED1E-SegmentedRaftLogWorker: Starting segment from index:0
2019-11-14 17:39:11,245 [1e2d7e4d-6af1-461d-8b85-f444d5672a79@group-8A7698DEED1E-SegmentedRaftLogWorker] INFO  segmented.SegmentedRaftLogWorker (SegmentedRaftLogWorker.java:execute(640)) - 1e2d7e4d-6af1-461d-8b85-f444d5672a79@group-8A7698DEED1E-SegmentedRaftLogWorker: Deleted log file /workdir/hadoop-ozone/integration-test/target/test-dir/MiniOzoneClusterImpl-76142843-c060-4c87-bf9f-3caeb3385afc/datanode-0/data/ratis/0c7b9cf5-1cd8-4c88-851f-8a7698deed1e/current/log_inprogress_0
2019-11-14 17:39:11,245 [1e2d7e4d-6af1-461d-8b85-f444d5672a79@group-8A7698DEED1E-SegmentedRaftLogWorker] INFO  segmented.SegmentedRaftLogWorker (SegmentedRaftLogWorker.java:lambda$new$0(128)) - 1e2d7e4d-6af1-461d-8b85-f444d5672a79@group-8A7698DEED1E-SegmentedRaftLogWorker: flushIndex: setUnconditionally 0 -> -1
2019-11-14 17:39:11,248 [4fcb6245-7b52-48ea-a68b-fda0132084cd@group-8A7698DEED1E-SegmentedRaftLogWorker] INFO  segmented.SegmentedRaftLogWorker (SegmentedRaftLogWorker.java:execute(576)) - 4fcb6245-7b52-48ea-a68b-fda0132084cd@group-8A7698DEED1E-SegmentedRaftLogWorker: created new log segment /workdir/hadoop-ozone/integration-test/target/test-dir/MiniOzoneClusterImpl-76142843-c060-4c87-bf9f-3caeb3385afc/datanode-2/data/ratis/0c7b9cf5-1cd8-4c88-851f-8a7698deed1e/current/log_inprogress_0
2019-11-14 17:39:11,306 [1e2d7e4d-6af1-461d-8b85-f444d5672a79@group-8A7698DEED1E-SegmentedRaftLogWorker] INFO  segmented.SegmentedRaftLogWorker (SegmentedRaftLogWorker.java:execute(576)) - 1e2d7e4d-6af1-461d-8b85-f444d5672a79@group-8A7698DEED1E-SegmentedRaftLogWorker: created new log segment /workdir/hadoop-ozone/integration-test/target/test-dir/MiniOzoneClusterImpl-76142843-c060-4c87-bf9f-3caeb3385afc/datanode-0/data/ratis/0c7b9cf5-1cd8-4c88-851f-8a7698deed1e/current/log_inprogress_0
2019-11-14 17:39:11,306 [9f70b324-be48-4d43-8f47-cd647748f9c6@group-8A7698DEED1E-SegmentedRaftLogWorker] INFO  segmented.SegmentedRaftLogWorker (SegmentedRaftLogWorker.java:execute(576)) - 9f70b324-be48-4d43-8f47-cd647748f9c6@group-8A7698DEED1E-SegmentedRaftLogWorker: created new log segment /workdir/hadoop-ozone/integration-test/target/test-dir/MiniOzoneClusterImpl-76142843-c060-4c87-bf9f-3caeb3385afc/datanode-1/data/ratis/0c7b9cf5-1cd8-4c88-851f-8a7698deed1e/current/log_inprogress_0
2019-11-14 17:39:11,508 [main] INFO  ozone.MiniOzoneClusterImpl (MiniOzoneClusterImpl.java:lambda$waitForClusterToBeReady$2(171)) - Cluster is ready. Got 10 of 10 DN Heartbeats.
2019-11-14 17:39:11,542 [main] INFO  rpc.RpcClient (RpcClient.java:createVolume(292)) - Creating Volume: datanodefailurehandlingtest, with jenkins1000 as owner.
2019-11-14 17:39:11,545 [IPC Server handler 5 on 37932] INFO  volume.OMVolumeCreateRequest (OMVolumeCreateRequest.java:validateAndUpdateCache(193)) - created volume:datanodefailurehandlingtest for user:jenkins1000
2019-11-14 17:39:11,599 [main] INFO  rpc.RpcClient (RpcClient.java:createBucket(431)) - Creating Bucket: datanodefailurehandlingtest/datanodefailurehandlingtest, with Versioning false and Storage Type set to DISK and Encryption set to false 
2019-11-14 17:39:11,681 [Thread-3855] INFO  container.ReplicationManager (ReplicationManager.java:start(162)) - Starting Replication Monitor Thread.
2019-11-14 17:39:11,682 [Thread-3855] INFO  pipeline.SCMPipelineManager (SCMPipelineManager.java:finalizeAndDestroyPipeline(315)) - destroying pipeline:Pipeline[ Id: 74c82bf6-a028-4600-b65f-8738e89bc2bb, Nodes: 9f70b324-be48-4d43-8f47-cd647748f9c6{ip: 192.168.157.194, host: pr-hdds-2482-j87dr-2776293630, networkLocation: /rack1, certSerialId: null}, Type:RATIS, Factor:ONE, State:OPEN]
2019-11-14 17:39:11,684 [Thread-3855] INFO  pipeline.PipelineStateManager (PipelineStateManager.java:finalizePipeline(121)) - Pipeline Pipeline[ Id: 74c82bf6-a028-4600-b65f-8738e89bc2bb, Nodes: 9f70b324-be48-4d43-8f47-cd647748f9c6{ip: 192.168.157.194, host: pr-hdds-2482-j87dr-2776293630, networkLocation: /rack1, certSerialId: null}, Type:RATIS, Factor:ONE, State:CLOSED] moved to CLOSED state
2019-11-14 17:39:11,684 [ReplicationMonitor] INFO  container.ReplicationManager (ReplicationManager.java:run(225)) - Replication Monitor Thread took 0 milliseconds for processing 1 containers.
2019-11-14 17:39:11,690 [grpc-default-executor-3] INFO  impl.RaftServerProxy (RaftServerProxy.java:remove(95)) - 9f70b324-be48-4d43-8f47-cd647748f9c6: remove    LEADER 9f70b324-be48-4d43-8f47-cd647748f9c6@group-8738E89BC2BB:t1, leader=9f70b324-be48-4d43-8f47-cd647748f9c6, voted=9f70b324-be48-4d43-8f47-cd647748f9c6, raftlog=9f70b324-be48-4d43-8f47-cd647748f9c6@group-8738E89BC2BB-SegmentedRaftLog:OPENED:c0,f0,i0, conf=0: [9f70b324-be48-4d43-8f47-cd647748f9c6:192.168.157.194:39672], old=null RUNNING
2019-11-14 17:39:11,691 [grpc-default-executor-3] INFO  impl.RaftServerImpl (RaftServerImpl.java:lambda$shutdown$3(250)) - 9f70b324-be48-4d43-8f47-cd647748f9c6@group-8738E89BC2BB: shutdown
2019-11-14 17:39:11,691 [grpc-default-executor-3] INFO  util.JmxRegister (JmxRegister.java:unregister(73)) - Successfully un-registered JMX Bean with object name Ratis:service=RaftServer,group=group-8738E89BC2BB,id=9f70b324-be48-4d43-8f47-cd647748f9c6
2019-11-14 17:39:11,693 [grpc-default-executor-3] INFO  impl.RoleInfo (RoleInfo.java:shutdownLeaderState(104)) - 9f70b324-be48-4d43-8f47-cd647748f9c6: shutdown LeaderState
2019-11-14 17:39:11,695 [grpc-default-executor-3] INFO  impl.PendingRequests (PendingRequests.java:sendNotLeaderResponses(206)) - 9f70b324-be48-4d43-8f47-cd647748f9c6@group-8738E89BC2BB-PendingRequests: sendNotLeaderResponses
2019-11-14 17:39:11,696 [grpc-default-executor-3] INFO  impl.StateMachineUpdater (StateMachineUpdater.java:stopAndJoin(136)) - 9f70b324-be48-4d43-8f47-cd647748f9c6@group-8738E89BC2BB-StateMachineUpdater: set stopIndex = 0
2019-11-14 17:39:11,696 [grpc-default-executor-3] INFO  impl.RaftServerImpl (ServerState.java:close(387)) - 9f70b324-be48-4d43-8f47-cd647748f9c6@group-8738E89BC2BB: closes. applyIndex: 0
2019-11-14 17:39:11,697 [9f70b324-be48-4d43-8f47-cd647748f9c6@group-8738E89BC2BB-SegmentedRaftLogWorker] INFO  segmented.SegmentedRaftLogWorker (SegmentedRaftLogWorker.java:run(316)) - 9f70b324-be48-4d43-8f47-cd647748f9c6@group-8738E89BC2BB-SegmentedRaftLogWorker was interrupted, exiting. There are 0 tasks remaining in the queue.
2019-11-14 17:39:11,697 [grpc-default-executor-3] INFO  segmented.SegmentedRaftLogWorker (SegmentedRaftLogWorker.java:close(224)) - 9f70b324-be48-4d43-8f47-cd647748f9c6@group-8738E89BC2BB-SegmentedRaftLogWorker close()
2019-11-14 17:39:11,702 [Thread-3855] INFO  pipeline.PipelineStateManager (PipelineStateManager.java:removePipeline(106)) - Pipeline Pipeline[ Id: 74c82bf6-a028-4600-b65f-8738e89bc2bb, Nodes: 9f70b324-be48-4d43-8f47-cd647748f9c6{ip: 192.168.157.194, host: pr-hdds-2482-j87dr-2776293630, networkLocation: /rack1, certSerialId: null}, Type:RATIS, Factor:ONE, State:CLOSED] removed from db
2019-11-14 17:39:11,705 [Thread-3855] INFO  pipeline.SCMPipelineManager (SCMPipelineManager.java:finalizeAndDestroyPipeline(315)) - destroying pipeline:Pipeline[ Id: 8cfd7563-f06e-4d76-bd8b-83538c040e19, Nodes: 9c88a047-7f73-4111-bf87-fe029dccbce6{ip: 192.168.157.194, host: pr-hdds-2482-j87dr-2776293630, networkLocation: /rack1, certSerialId: null}, Type:RATIS, Factor:ONE, State:OPEN]
2019-11-14 17:39:11,711 [grpc-default-executor-7] INFO  impl.RaftServerProxy (RaftServerProxy.java:addNew(89)) - 9f70b324-be48-4d43-8f47-cd647748f9c6: addNew group-82ECACBE1008:[9f70b324-be48-4d43-8f47-cd647748f9c6:192.168.157.194:39672] returns group-82ECACBE1008:java.util.concurrent.CompletableFuture@3e7ca570[Not completed]
2019-11-14 17:39:11,713 [pool-519-thread-1] INFO  impl.RaftServerImpl (RaftServerImpl.java:<init>(98)) - 9f70b324-be48-4d43-8f47-cd647748f9c6: new RaftServerImpl for group-82ECACBE1008:[9f70b324-be48-4d43-8f47-cd647748f9c6:192.168.157.194:39672] with ContainerStateMachine:uninitialized
2019-11-14 17:39:11,713 [pool-519-thread-1] INFO  server.RaftServerConfigKeys (ConfUtils.java:logGet(43)) - raft.server.rpc.timeout.min = 1s (custom)
2019-11-14 17:39:11,713 [pool-519-thread-1] INFO  server.RaftServerConfigKeys (ConfUtils.java:logGet(43)) - raft.server.rpc.timeout.max = 1200ms (custom)
2019-11-14 17:39:11,713 [pool-519-thread-1] INFO  server.RaftServerConfigKeys (ConfUtils.java:logGet(43)) - raft.server.rpcslowness.timeout = 120s (custom)
2019-11-14 17:39:11,713 [pool-519-thread-1] INFO  server.RaftServerConfigKeys (ConfUtils.java:logGet(43)) - raft.server.sleep.deviation.threshold = 300 (default)
2019-11-14 17:39:11,713 [pool-519-thread-1] INFO  server.RaftServerConfigKeys (ConfUtils.java:logGet(43)) - raft.server.log.appender.install.snapshot.enabled = false (custom)
2019-11-14 17:39:11,714 [pool-519-thread-1] INFO  impl.RaftServerImpl (ServerState.java:<init>(103)) - 9f70b324-be48-4d43-8f47-cd647748f9c6@group-82ECACBE1008: ConfigurationManager, init=-1: [9f70b324-be48-4d43-8f47-cd647748f9c6:192.168.157.194:39672], old=null, confs=<EMPTY_MAP>
2019-11-14 17:39:11,714 [pool-519-thread-1] INFO  server.RaftServerConfigKeys (ConfUtils.java:logGet(43)) - raft.server.storage.dir = [/workdir/hadoop-ozone/integration-test/target/test-dir/MiniOzoneClusterImpl-76142843-c060-4c87-bf9f-3caeb3385afc/datanode-1/data/ratis] (custom)
2019-11-14 17:39:11,714 [pool-519-thread-1] INFO  server.RaftServerConfigKeys (ConfUtils.java:logGet(43)) - raft.server.log.corruption.policy = EXCEPTION (default)
2019-11-14 17:39:11,714 [pool-519-thread-1] INFO  storage.RaftStorageDirectory (RaftStorageDirectory.java:analyzeStorage(246)) - The storage directory /workdir/hadoop-ozone/integration-test/target/test-dir/MiniOzoneClusterImpl-76142843-c060-4c87-bf9f-3caeb3385afc/datanode-1/data/ratis/80c47b4b-21f1-4093-a081-82ecacbe1008 does not exist. Creating ...
2019-11-14 17:39:11,737 [pool-519-thread-1] INFO  storage.RaftStorageDirectory (RaftStorageDirectory.java:tryLock(328)) - Lock on /workdir/hadoop-ozone/integration-test/target/test-dir/MiniOzoneClusterImpl-76142843-c060-4c87-bf9f-3caeb3385afc/datanode-1/data/ratis/80c47b4b-21f1-4093-a081-82ecacbe1008/in_use.lock acquired by nodename 10142@pr-hdds-2482-j87dr-2776293630
2019-11-14 17:39:11,760 [pool-519-thread-1] INFO  storage.RaftStorage (RaftStorage.java:format(84)) - Storage directory /workdir/hadoop-ozone/integration-test/target/test-dir/MiniOzoneClusterImpl-76142843-c060-4c87-bf9f-3caeb3385afc/datanode-1/data/ratis/80c47b4b-21f1-4093-a081-82ecacbe1008 has been successfully formatted.
2019-11-14 17:39:11,761 [pool-519-thread-1] INFO  ratis.ContainerStateMachine (ContainerStateMachine.java:loadSnapshot(223)) - group-82ECACBE1008: The snapshot info is null. Setting the last applied indexto:(t:0, i:~)
2019-11-14 17:39:11,761 [pool-519-thread-1] INFO  server.RaftServerConfigKeys (ConfUtils.java:logGet(43)) - raft.server.notification.no-leader.timeout = 120s (custom)
2019-11-14 17:39:11,761 [pool-519-thread-1] INFO  server.RaftServerConfigKeys (ConfUtils.java:logGet(43)) - raft.server.log.use.memory = false (default)
2019-11-14 17:39:11,761 [pool-519-thread-1] INFO  server.RaftServerConfigKeys (ConfUtils.java:logGet(43)) - raft.server.log.purge.gap = 1000000 (custom)
2019-11-14 17:39:11,761 [pool-519-thread-1] INFO  server.RaftServerConfigKeys (ConfUtils.java:logGet(43)) - raft.server.log.appender.buffer.byte-limit = 33554432 (custom)
2019-11-14 17:39:11,761 [pool-519-thread-1] INFO  server.RaftServerConfigKeys (ConfUtils.java:logGet(43)) - raft.server.log.segment.size.max = 1048576 (custom)
2019-11-14 17:39:11,761 [pool-519-thread-1] INFO  server.RaftServerConfigKeys (ConfUtils.java:logGet(43)) - raft.server.log.segment.cache.num.max = 2 (custom)
2019-11-14 17:39:11,762 [pool-519-thread-1] INFO  segmented.SegmentedRaftLogWorker (SegmentedRaftLogWorker.java:<init>(173)) - new 9f70b324-be48-4d43-8f47-cd647748f9c6@group-82ECACBE1008-SegmentedRaftLogWorker for RaftStorage:Storage Directory /workdir/hadoop-ozone/integration-test/target/test-dir/MiniOzoneClusterImpl-76142843-c060-4c87-bf9f-3caeb3385afc/datanode-1/data/ratis/80c47b4b-21f1-4093-a081-82ecacbe1008
2019-11-14 17:39:11,762 [pool-519-thread-1] INFO  server.RaftServerConfigKeys (ConfUtils.java:logGet(43)) - raft.server.log.queue.byte-limit = 2147483647 (custom)
2019-11-14 17:39:11,762 [pool-519-thread-1] INFO  server.RaftServerConfigKeys (ConfUtils.java:logGet(43)) - raft.server.log.queue.element-limit = 1024 (custom)
2019-11-14 17:39:11,762 [pool-519-thread-1] INFO  server.RaftServerConfigKeys (ConfUtils.java:logGet(43)) - raft.server.log.segment.size.max = 1048576 (custom)
2019-11-14 17:39:11,762 [pool-519-thread-1] INFO  server.RaftServerConfigKeys (ConfUtils.java:logGet(43)) - raft.server.log.preallocated.size = 16384 (custom)
2019-11-14 17:39:11,762 [pool-519-thread-1] INFO  server.RaftServerConfigKeys (ConfUtils.java:logGet(43)) - raft.server.log.write.buffer.size = 33554432 (custom)
2019-11-14 17:39:11,762 [pool-519-thread-1] INFO  server.RaftServerConfigKeys (ConfUtils.java:logGet(43)) - raft.server.log.force.sync.num = 128 (default)
2019-11-14 17:39:11,762 [pool-519-thread-1] INFO  server.RaftServerConfigKeys (ConfUtils.java:logGet(43)) - raft.server.log.statemachine.data.sync = true (default)
2019-11-14 17:39:11,763 [pool-519-thread-1] INFO  server.RaftServerConfigKeys (ConfUtils.java:logGet(43)) - raft.server.log.statemachine.data.sync.timeout = 10s (default)
2019-11-14 17:39:11,763 [pool-519-thread-1] INFO  server.RaftServerConfigKeys (ConfUtils.java:logGet(43)) - raft.server.log.statemachine.data.sync.timeout.retry = -1 (default)
2019-11-14 17:39:11,763 [pool-519-thread-1] INFO  server.RaftServerConfigKeys (ConfUtils.java:logGet(43)) - raft.server.log.statemachine.data.caching.enabled = true (custom)
2019-11-14 17:39:11,763 [pool-519-thread-1] INFO  segmented.SegmentedRaftLogWorker (SegmentedRaftLogWorker.java:lambda$new$0(128)) - 9f70b324-be48-4d43-8f47-cd647748f9c6@group-82ECACBE1008-SegmentedRaftLogWorker: flushIndex: setUnconditionally 0 -> -1
2019-11-14 17:39:11,763 [pool-519-thread-1] INFO  server.RaftServerConfigKeys (ConfUtils.java:logGet(43)) - raft.server.snapshot.auto.trigger.enabled = true (custom)
2019-11-14 17:39:11,764 [pool-519-thread-1] INFO  server.RaftServerConfigKeys (ConfUtils.java:logGet(43)) - raft.server.snapshot.auto.trigger.threshold = 10000 (custom)
2019-11-14 17:39:11,764 [pool-519-thread-1] INFO  server.RaftServerConfigKeys (ConfUtils.java:logGet(43)) - raft.server.snapshot.retention.file.num = 5 (custom)
2019-11-14 17:39:11,764 [pool-519-thread-1] INFO  server.RaftServerConfigKeys (ConfUtils.java:logGet(43)) - raft.server.retrycache.expirytime = 600000ms (custom)
2019-11-14 17:39:11,764 [pool-519-thread-1] WARN  impl.MetricRegistriesImpl (MetricRegistriesImpl.java:lambda$create$1(61)) - First MetricRegistry has been created without registering reporters. You may need to call MetricRegistries.global().addReportRegistration(...) before.
2019-11-14 17:39:11,764 [pool-519-thread-1] WARN  impl.MetricRegistriesImpl (MetricRegistriesImpl.java:lambda$create$1(61)) - First MetricRegistry has been created without registering reporters. You may need to call MetricRegistries.global().addReportRegistration(...) before.
2019-11-14 17:39:11,764 [pool-519-thread-1] INFO  impl.RaftServerImpl (RaftServerImpl.java:start(184)) - 9f70b324-be48-4d43-8f47-cd647748f9c6@group-82ECACBE1008: start as a follower, conf=-1: [9f70b324-be48-4d43-8f47-cd647748f9c6:192.168.157.194:39672], old=null
2019-11-14 17:39:11,764 [pool-519-thread-1] INFO  impl.RaftServerImpl (RaftServerImpl.java:setRole(173)) - 9f70b324-be48-4d43-8f47-cd647748f9c6@group-82ECACBE1008: changes role from      null to FOLLOWER at term 0 for startAsFollower
2019-11-14 17:39:11,765 [pool-519-thread-1] INFO  impl.RoleInfo (RoleInfo.java:updateAndGet(143)) - 9f70b324-be48-4d43-8f47-cd647748f9c6: start FollowerState
2019-11-14 17:39:11,765 [pool-519-thread-1] INFO  util.JmxRegister (JmxRegister.java:tryRegister(44)) - Successfully registered JMX Bean with object name Ratis:service=RaftServer,group=group-82ECACBE1008,id=9f70b324-be48-4d43-8f47-cd647748f9c6
2019-11-14 17:39:11,765 [pool-519-thread-1] WARN  impl.MetricRegistriesImpl (MetricRegistriesImpl.java:lambda$create$1(61)) - First MetricRegistry has been created without registering reporters. You may need to call MetricRegistries.global().addReportRegistration(...) before.
2019-11-14 17:39:11,768 [RatisPipelineUtilsThread] INFO  pipeline.PipelineStateManager (PipelineStateManager.java:addPipeline(55)) - Created pipeline Pipeline[ Id: 80c47b4b-21f1-4093-a081-82ecacbe1008, Nodes: 9f70b324-be48-4d43-8f47-cd647748f9c6{ip: 192.168.157.194, host: pr-hdds-2482-j87dr-2776293630, networkLocation: /rack1, certSerialId: null}, Type:RATIS, Factor:ONE, State:ALLOCATED]
2019-11-14 17:39:11,775 [grpc-default-executor-3] INFO  impl.RaftServerProxy (RaftServerProxy.java:addNew(89)) - d0c52919-9387-42b7-9191-3f4b0bb9b568: addNew group-C178A2F4DAA1:[d0c52919-9387-42b7-9191-3f4b0bb9b568:192.168.157.194:42749] returns group-C178A2F4DAA1:java.util.concurrent.CompletableFuture@726f5344[Not completed]
2019-11-14 17:39:11,776 [pool-599-thread-1] INFO  impl.RaftServerImpl (RaftServerImpl.java:<init>(98)) - d0c52919-9387-42b7-9191-3f4b0bb9b568: new RaftServerImpl for group-C178A2F4DAA1:[d0c52919-9387-42b7-9191-3f4b0bb9b568:192.168.157.194:42749] with ContainerStateMachine:uninitialized
2019-11-14 17:39:11,777 [pool-599-thread-1] INFO  server.RaftServerConfigKeys (ConfUtils.java:logGet(43)) - raft.server.rpc.timeout.min = 1s (custom)
2019-11-14 17:39:11,777 [pool-599-thread-1] INFO  server.RaftServerConfigKeys (ConfUtils.java:logGet(43)) - raft.server.rpc.timeout.max = 1200ms (custom)
2019-11-14 17:39:11,777 [pool-599-thread-1] INFO  server.RaftServerConfigKeys (ConfUtils.java:logGet(43)) - raft.server.rpcslowness.timeout = 120s (custom)
2019-11-14 17:39:11,777 [pool-599-thread-1] INFO  server.RaftServerConfigKeys (ConfUtils.java:logGet(43)) - raft.server.sleep.deviation.threshold = 300 (default)
2019-11-14 17:39:11,777 [pool-599-thread-1] INFO  server.RaftServerConfigKeys (ConfUtils.java:logGet(43)) - raft.server.log.appender.install.snapshot.enabled = false (custom)
2019-11-14 17:39:11,777 [pool-599-thread-1] INFO  impl.RaftServerImpl (ServerState.java:<init>(103)) - d0c52919-9387-42b7-9191-3f4b0bb9b568@group-C178A2F4DAA1: ConfigurationManager, init=-1: [d0c52919-9387-42b7-9191-3f4b0bb9b568:192.168.157.194:42749], old=null, confs=<EMPTY_MAP>
2019-11-14 17:39:11,777 [pool-599-thread-1] INFO  server.RaftServerConfigKeys (ConfUtils.java:logGet(43)) - raft.server.storage.dir = [/workdir/hadoop-ozone/integration-test/target/test-dir/MiniOzoneClusterImpl-76142843-c060-4c87-bf9f-3caeb3385afc/datanode-9/data/ratis] (custom)
2019-11-14 17:39:11,778 [pool-599-thread-1] INFO  server.RaftServerConfigKeys (ConfUtils.java:logGet(43)) - raft.server.log.corruption.policy = EXCEPTION (default)
2019-11-14 17:39:11,778 [pool-599-thread-1] INFO  storage.RaftStorageDirectory (RaftStorageDirectory.java:analyzeStorage(246)) - The storage directory /workdir/hadoop-ozone/integration-test/target/test-dir/MiniOzoneClusterImpl-76142843-c060-4c87-bf9f-3caeb3385afc/datanode-9/data/ratis/0986c51b-bdc0-4b3b-8514-c178a2f4daa1 does not exist. Creating ...
2019-11-14 17:39:11,798 [pool-599-thread-1] INFO  storage.RaftStorageDirectory (RaftStorageDirectory.java:tryLock(328)) - Lock on /workdir/hadoop-ozone/integration-test/target/test-dir/MiniOzoneClusterImpl-76142843-c060-4c87-bf9f-3caeb3385afc/datanode-9/data/ratis/0986c51b-bdc0-4b3b-8514-c178a2f4daa1/in_use.lock acquired by nodename 10142@pr-hdds-2482-j87dr-2776293630
2019-11-14 17:39:11,823 [pool-599-thread-1] INFO  storage.RaftStorage (RaftStorage.java:format(84)) - Storage directory /workdir/hadoop-ozone/integration-test/target/test-dir/MiniOzoneClusterImpl-76142843-c060-4c87-bf9f-3caeb3385afc/datanode-9/data/ratis/0986c51b-bdc0-4b3b-8514-c178a2f4daa1 has been successfully formatted.
2019-11-14 17:39:11,823 [pool-599-thread-1] INFO  ratis.ContainerStateMachine (ContainerStateMachine.java:loadSnapshot(223)) - group-C178A2F4DAA1: The snapshot info is null. Setting the last applied indexto:(t:0, i:~)
2019-11-14 17:39:11,823 [pool-599-thread-1] INFO  server.RaftServerConfigKeys (ConfUtils.java:logGet(43)) - raft.server.notification.no-leader.timeout = 120s (custom)
2019-11-14 17:39:11,823 [pool-599-thread-1] INFO  server.RaftServerConfigKeys (ConfUtils.java:logGet(43)) - raft.server.log.use.memory = false (default)
2019-11-14 17:39:11,823 [pool-599-thread-1] INFO  server.RaftServerConfigKeys (ConfUtils.java:logGet(43)) - raft.server.log.purge.gap = 1000000 (custom)
2019-11-14 17:39:11,823 [pool-599-thread-1] INFO  server.RaftServerConfigKeys (ConfUtils.java:logGet(43)) - raft.server.log.appender.buffer.byte-limit = 33554432 (custom)
2019-11-14 17:39:11,823 [pool-599-thread-1] INFO  server.RaftServerConfigKeys (ConfUtils.java:logGet(43)) - raft.server.log.segment.size.max = 1048576 (custom)
2019-11-14 17:39:11,823 [pool-599-thread-1] WARN  impl.MetricRegistriesImpl (MetricRegistriesImpl.java:lambda$create$1(61)) - First MetricRegistry has been created without registering reporters. You may need to call MetricRegistries.global().addReportRegistration(...) before.
2019-11-14 17:39:11,824 [pool-599-thread-1] INFO  server.RaftServerConfigKeys (ConfUtils.java:logGet(43)) - raft.server.log.segment.cache.num.max = 2 (custom)
2019-11-14 17:39:11,824 [pool-599-thread-1] INFO  segmented.SegmentedRaftLogWorker (SegmentedRaftLogWorker.java:<init>(173)) - new d0c52919-9387-42b7-9191-3f4b0bb9b568@group-C178A2F4DAA1-SegmentedRaftLogWorker for RaftStorage:Storage Directory /workdir/hadoop-ozone/integration-test/target/test-dir/MiniOzoneClusterImpl-76142843-c060-4c87-bf9f-3caeb3385afc/datanode-9/data/ratis/0986c51b-bdc0-4b3b-8514-c178a2f4daa1
2019-11-14 17:39:11,824 [pool-599-thread-1] INFO  server.RaftServerConfigKeys (ConfUtils.java:logGet(43)) - raft.server.log.queue.byte-limit = 2147483647 (custom)
2019-11-14 17:39:11,824 [pool-599-thread-1] INFO  server.RaftServerConfigKeys (ConfUtils.java:logGet(43)) - raft.server.log.queue.element-limit = 1024 (custom)
2019-11-14 17:39:11,824 [pool-599-thread-1] INFO  server.RaftServerConfigKeys (ConfUtils.java:logGet(43)) - raft.server.log.segment.size.max = 1048576 (custom)
2019-11-14 17:39:11,824 [pool-599-thread-1] INFO  server.RaftServerConfigKeys (ConfUtils.java:logGet(43)) - raft.server.log.preallocated.size = 16384 (custom)
2019-11-14 17:39:11,824 [pool-599-thread-1] INFO  server.RaftServerConfigKeys (ConfUtils.java:logGet(43)) - raft.server.log.write.buffer.size = 33554432 (custom)
2019-11-14 17:39:11,824 [pool-599-thread-1] INFO  server.RaftServerConfigKeys (ConfUtils.java:logGet(43)) - raft.server.log.force.sync.num = 128 (default)
2019-11-14 17:39:11,824 [pool-599-thread-1] INFO  server.RaftServerConfigKeys (ConfUtils.java:logGet(43)) - raft.server.log.statemachine.data.sync = true (default)
2019-11-14 17:39:11,825 [pool-599-thread-1] INFO  server.RaftServerConfigKeys (ConfUtils.java:logGet(43)) - raft.server.log.statemachine.data.sync.timeout = 10s (default)
2019-11-14 17:39:11,825 [pool-599-thread-1] INFO  server.RaftServerConfigKeys (ConfUtils.java:logGet(43)) - raft.server.log.statemachine.data.sync.timeout.retry = -1 (default)
2019-11-14 17:39:11,825 [pool-599-thread-1] INFO  server.RaftServerConfigKeys (ConfUtils.java:logGet(43)) - raft.server.log.statemachine.data.caching.enabled = true (custom)
2019-11-14 17:39:11,825 [pool-599-thread-1] INFO  segmented.SegmentedRaftLogWorker (SegmentedRaftLogWorker.java:lambda$new$0(128)) - d0c52919-9387-42b7-9191-3f4b0bb9b568@group-C178A2F4DAA1-SegmentedRaftLogWorker: flushIndex: setUnconditionally 0 -> -1
2019-11-14 17:39:11,825 [pool-599-thread-1] INFO  server.RaftServerConfigKeys (ConfUtils.java:logGet(43)) - raft.server.snapshot.auto.trigger.enabled = true (custom)
2019-11-14 17:39:11,825 [pool-599-thread-1] INFO  server.RaftServerConfigKeys (ConfUtils.java:logGet(43)) - raft.server.snapshot.auto.trigger.threshold = 10000 (custom)
2019-11-14 17:39:11,826 [pool-599-thread-1] INFO  server.RaftServerConfigKeys (ConfUtils.java:logGet(43)) - raft.server.snapshot.retention.file.num = 5 (custom)
2019-11-14 17:39:11,826 [pool-599-thread-1] INFO  server.RaftServerConfigKeys (ConfUtils.java:logGet(43)) - raft.server.retrycache.expirytime = 600000ms (custom)
2019-11-14 17:39:11,826 [pool-599-thread-1] WARN  impl.MetricRegistriesImpl (MetricRegistriesImpl.java:lambda$create$1(61)) - First MetricRegistry has been created without registering reporters. You may need to call MetricRegistries.global().addReportRegistration(...) before.
2019-11-14 17:39:11,826 [pool-599-thread-1] WARN  impl.MetricRegistriesImpl (MetricRegistriesImpl.java:lambda$create$1(61)) - First MetricRegistry has been created without registering reporters. You may need to call MetricRegistries.global().addReportRegistration(...) before.
2019-11-14 17:39:11,826 [pool-599-thread-1] INFO  impl.RaftServerImpl (RaftServerImpl.java:start(184)) - d0c52919-9387-42b7-9191-3f4b0bb9b568@group-C178A2F4DAA1: start as a follower, conf=-1: [d0c52919-9387-42b7-9191-3f4b0bb9b568:192.168.157.194:42749], old=null
2019-11-14 17:39:11,826 [pool-599-thread-1] INFO  impl.RaftServerImpl (RaftServerImpl.java:setRole(173)) - d0c52919-9387-42b7-9191-3f4b0bb9b568@group-C178A2F4DAA1: changes role from      null to FOLLOWER at term 0 for startAsFollower
2019-11-14 17:39:11,826 [pool-599-thread-1] INFO  impl.RoleInfo (RoleInfo.java:updateAndGet(143)) - d0c52919-9387-42b7-9191-3f4b0bb9b568: start FollowerState
2019-11-14 17:39:11,827 [pool-599-thread-1] INFO  util.JmxRegister (JmxRegister.java:tryRegister(44)) - Successfully registered JMX Bean with object name Ratis:service=RaftServer,group=group-C178A2F4DAA1,id=d0c52919-9387-42b7-9191-3f4b0bb9b568
2019-11-14 17:39:11,827 [pool-599-thread-1] WARN  impl.MetricRegistriesImpl (MetricRegistriesImpl.java:lambda$create$1(61)) - First MetricRegistry has been created without registering reporters. You may need to call MetricRegistries.global().addReportRegistration(...) before.
2019-11-14 17:39:11,829 [RatisPipelineUtilsThread] INFO  pipeline.PipelineStateManager (PipelineStateManager.java:addPipeline(55)) - Created pipeline Pipeline[ Id: 0986c51b-bdc0-4b3b-8514-c178a2f4daa1, Nodes: d0c52919-9387-42b7-9191-3f4b0bb9b568{ip: 192.168.157.194, host: pr-hdds-2482-j87dr-2776293630, networkLocation: /rack1, certSerialId: null}, Type:RATIS, Factor:ONE, State:ALLOCATED]
2019-11-14 17:39:11,832 [grpc-default-executor-3] INFO  impl.RaftServerProxy (RaftServerProxy.java:addNew(89)) - d0d029c9-c080-45aa-9428-ec9c2afb2e55: addNew group-33E2797DB71F:[d0d029c9-c080-45aa-9428-ec9c2afb2e55:192.168.157.194:41166] returns group-33E2797DB71F:java.util.concurrent.CompletableFuture@630fd06a[Not completed]
2019-11-14 17:39:11,833 [pool-589-thread-1] INFO  impl.RaftServerImpl (RaftServerImpl.java:<init>(98)) - d0d029c9-c080-45aa-9428-ec9c2afb2e55: new RaftServerImpl for group-33E2797DB71F:[d0d029c9-c080-45aa-9428-ec9c2afb2e55:192.168.157.194:41166] with ContainerStateMachine:uninitialized
2019-11-14 17:39:11,833 [pool-589-thread-1] INFO  server.RaftServerConfigKeys (ConfUtils.java:logGet(43)) - raft.server.rpc.timeout.min = 1s (custom)
2019-11-14 17:39:11,833 [pool-589-thread-1] INFO  server.RaftServerConfigKeys (ConfUtils.java:logGet(43)) - raft.server.rpc.timeout.max = 1200ms (custom)
2019-11-14 17:39:11,833 [pool-589-thread-1] INFO  server.RaftServerConfigKeys (ConfUtils.java:logGet(43)) - raft.server.rpcslowness.timeout = 120s (custom)
2019-11-14 17:39:11,834 [pool-589-thread-1] INFO  server.RaftServerConfigKeys (ConfUtils.java:logGet(43)) - raft.server.sleep.deviation.threshold = 300 (default)
2019-11-14 17:39:11,834 [pool-589-thread-1] INFO  server.RaftServerConfigKeys (ConfUtils.java:logGet(43)) - raft.server.log.appender.install.snapshot.enabled = false (custom)
2019-11-14 17:39:11,834 [pool-589-thread-1] INFO  impl.RaftServerImpl (ServerState.java:<init>(103)) - d0d029c9-c080-45aa-9428-ec9c2afb2e55@group-33E2797DB71F: ConfigurationManager, init=-1: [d0d029c9-c080-45aa-9428-ec9c2afb2e55:192.168.157.194:41166], old=null, confs=<EMPTY_MAP>
2019-11-14 17:39:11,834 [pool-589-thread-1] INFO  server.RaftServerConfigKeys (ConfUtils.java:logGet(43)) - raft.server.storage.dir = [/workdir/hadoop-ozone/integration-test/target/test-dir/MiniOzoneClusterImpl-76142843-c060-4c87-bf9f-3caeb3385afc/datanode-8/data/ratis] (custom)
2019-11-14 17:39:11,834 [pool-589-thread-1] INFO  server.RaftServerConfigKeys (ConfUtils.java:logGet(43)) - raft.server.log.corruption.policy = EXCEPTION (default)
2019-11-14 17:39:11,834 [pool-589-thread-1] INFO  storage.RaftStorageDirectory (RaftStorageDirectory.java:analyzeStorage(246)) - The storage directory /workdir/hadoop-ozone/integration-test/target/test-dir/MiniOzoneClusterImpl-76142843-c060-4c87-bf9f-3caeb3385afc/datanode-8/data/ratis/3f7114e7-e0f7-4bf3-ae7e-33e2797db71f does not exist. Creating ...
2019-11-14 17:39:11,849 [pool-589-thread-1] INFO  storage.RaftStorageDirectory (RaftStorageDirectory.java:tryLock(328)) - Lock on /workdir/hadoop-ozone/integration-test/target/test-dir/MiniOzoneClusterImpl-76142843-c060-4c87-bf9f-3caeb3385afc/datanode-8/data/ratis/3f7114e7-e0f7-4bf3-ae7e-33e2797db71f/in_use.lock acquired by nodename 10142@pr-hdds-2482-j87dr-2776293630
2019-11-14 17:39:11,874 [pool-589-thread-1] INFO  storage.RaftStorage (RaftStorage.java:format(84)) - Storage directory /workdir/hadoop-ozone/integration-test/target/test-dir/MiniOzoneClusterImpl-76142843-c060-4c87-bf9f-3caeb3385afc/datanode-8/data/ratis/3f7114e7-e0f7-4bf3-ae7e-33e2797db71f has been successfully formatted.
2019-11-14 17:39:11,874 [pool-589-thread-1] INFO  ratis.ContainerStateMachine (ContainerStateMachine.java:loadSnapshot(223)) - group-33E2797DB71F: The snapshot info is null. Setting the last applied indexto:(t:0, i:~)
2019-11-14 17:39:11,874 [pool-589-thread-1] INFO  server.RaftServerConfigKeys (ConfUtils.java:logGet(43)) - raft.server.notification.no-leader.timeout = 120s (custom)
2019-11-14 17:39:11,874 [pool-589-thread-1] INFO  server.RaftServerConfigKeys (ConfUtils.java:logGet(43)) - raft.server.log.use.memory = false (default)
2019-11-14 17:39:11,875 [pool-589-thread-1] INFO  server.RaftServerConfigKeys (ConfUtils.java:logGet(43)) - raft.server.log.purge.gap = 1000000 (custom)
2019-11-14 17:39:11,875 [pool-589-thread-1] INFO  server.RaftServerConfigKeys (ConfUtils.java:logGet(43)) - raft.server.log.appender.buffer.byte-limit = 33554432 (custom)
2019-11-14 17:39:11,875 [pool-589-thread-1] INFO  server.RaftServerConfigKeys (ConfUtils.java:logGet(43)) - raft.server.log.segment.size.max = 1048576 (custom)
2019-11-14 17:39:11,875 [pool-589-thread-1] INFO  server.RaftServerConfigKeys (ConfUtils.java:logGet(43)) - raft.server.log.segment.cache.num.max = 2 (custom)
2019-11-14 17:39:11,875 [pool-589-thread-1] INFO  segmented.SegmentedRaftLogWorker (SegmentedRaftLogWorker.java:<init>(173)) - new d0d029c9-c080-45aa-9428-ec9c2afb2e55@group-33E2797DB71F-SegmentedRaftLogWorker for RaftStorage:Storage Directory /workdir/hadoop-ozone/integration-test/target/test-dir/MiniOzoneClusterImpl-76142843-c060-4c87-bf9f-3caeb3385afc/datanode-8/data/ratis/3f7114e7-e0f7-4bf3-ae7e-33e2797db71f
2019-11-14 17:39:11,875 [pool-589-thread-1] INFO  server.RaftServerConfigKeys (ConfUtils.java:logGet(43)) - raft.server.log.queue.byte-limit = 2147483647 (custom)
2019-11-14 17:39:11,875 [pool-589-thread-1] INFO  server.RaftServerConfigKeys (ConfUtils.java:logGet(43)) - raft.server.log.queue.element-limit = 1024 (custom)
2019-11-14 17:39:11,875 [pool-589-thread-1] INFO  server.RaftServerConfigKeys (ConfUtils.java:logGet(43)) - raft.server.log.segment.size.max = 1048576 (custom)
2019-11-14 17:39:11,876 [pool-589-thread-1] INFO  server.RaftServerConfigKeys (ConfUtils.java:logGet(43)) - raft.server.log.preallocated.size = 16384 (custom)
2019-11-14 17:39:11,876 [pool-589-thread-1] INFO  server.RaftServerConfigKeys (ConfUtils.java:logGet(43)) - raft.server.log.write.buffer.size = 33554432 (custom)
2019-11-14 17:39:11,876 [pool-589-thread-1] INFO  server.RaftServerConfigKeys (ConfUtils.java:logGet(43)) - raft.server.log.force.sync.num = 128 (default)
2019-11-14 17:39:11,876 [pool-589-thread-1] INFO  server.RaftServerConfigKeys (ConfUtils.java:logGet(43)) - raft.server.log.statemachine.data.sync = true (default)
2019-11-14 17:39:11,876 [pool-589-thread-1] INFO  server.RaftServerConfigKeys (ConfUtils.java:logGet(43)) - raft.server.log.statemachine.data.sync.timeout = 10s (default)
2019-11-14 17:39:11,876 [pool-589-thread-1] INFO  server.RaftServerConfigKeys (ConfUtils.java:logGet(43)) - raft.server.log.statemachine.data.sync.timeout.retry = -1 (default)
2019-11-14 17:39:11,876 [pool-589-thread-1] INFO  server.RaftServerConfigKeys (ConfUtils.java:logGet(43)) - raft.server.log.statemachine.data.caching.enabled = true (custom)
2019-11-14 17:39:11,877 [pool-589-thread-1] INFO  segmented.SegmentedRaftLogWorker (SegmentedRaftLogWorker.java:lambda$new$0(128)) - d0d029c9-c080-45aa-9428-ec9c2afb2e55@group-33E2797DB71F-SegmentedRaftLogWorker: flushIndex: setUnconditionally 0 -> -1
2019-11-14 17:39:11,877 [pool-589-thread-1] INFO  server.RaftServerConfigKeys (ConfUtils.java:logGet(43)) - raft.server.snapshot.auto.trigger.enabled = true (custom)
2019-11-14 17:39:11,877 [pool-589-thread-1] INFO  server.RaftServerConfigKeys (ConfUtils.java:logGet(43)) - raft.server.snapshot.auto.trigger.threshold = 10000 (custom)
2019-11-14 17:39:11,877 [pool-589-thread-1] INFO  server.RaftServerConfigKeys (ConfUtils.java:logGet(43)) - raft.server.snapshot.retention.file.num = 5 (custom)
2019-11-14 17:39:11,877 [pool-589-thread-1] INFO  server.RaftServerConfigKeys (ConfUtils.java:logGet(43)) - raft.server.retrycache.expirytime = 600000ms (custom)
2019-11-14 17:39:11,878 [pool-589-thread-1] WARN  impl.MetricRegistriesImpl (MetricRegistriesImpl.java:lambda$create$1(61)) - First MetricRegistry has been created without registering reporters. You may need to call MetricRegistries.global().addReportRegistration(...) before.
2019-11-14 17:39:11,878 [pool-589-thread-1] WARN  impl.MetricRegistriesImpl (MetricRegistriesImpl.java:lambda$create$1(61)) - First MetricRegistry has been created without registering reporters. You may need to call MetricRegistries.global().addReportRegistration(...) before.
2019-11-14 17:39:11,878 [pool-589-thread-1] INFO  impl.RaftServerImpl (RaftServerImpl.java:start(184)) - d0d029c9-c080-45aa-9428-ec9c2afb2e55@group-33E2797DB71F: start as a follower, conf=-1: [d0d029c9-c080-45aa-9428-ec9c2afb2e55:192.168.157.194:41166], old=null
2019-11-14 17:39:11,878 [pool-589-thread-1] INFO  impl.RaftServerImpl (RaftServerImpl.java:setRole(173)) - d0d029c9-c080-45aa-9428-ec9c2afb2e55@group-33E2797DB71F: changes role from      null to FOLLOWER at term 0 for startAsFollower
2019-11-14 17:39:11,879 [pool-589-thread-1] INFO  impl.RoleInfo (RoleInfo.java:updateAndGet(143)) - d0d029c9-c080-45aa-9428-ec9c2afb2e55: start FollowerState
2019-11-14 17:39:11,889 [pool-589-thread-1] INFO  util.JmxRegister (JmxRegister.java:tryRegister(44)) - Successfully registered JMX Bean with object name Ratis:service=RaftServer,group=group-33E2797DB71F,id=d0d029c9-c080-45aa-9428-ec9c2afb2e55
2019-11-14 17:39:11,889 [pool-589-thread-1] WARN  impl.MetricRegistriesImpl (MetricRegistriesImpl.java:lambda$create$1(61)) - First MetricRegistry has been created without registering reporters. You may need to call MetricRegistries.global().addReportRegistration(...) before.
2019-11-14 17:39:11,901 [RatisPipelineUtilsThread] INFO  pipeline.PipelineStateManager (PipelineStateManager.java:addPipeline(55)) - Created pipeline Pipeline[ Id: 3f7114e7-e0f7-4bf3-ae7e-33e2797db71f, Nodes: d0d029c9-c080-45aa-9428-ec9c2afb2e55{ip: 192.168.157.194, host: pr-hdds-2482-j87dr-2776293630, networkLocation: /rack1, certSerialId: null}, Type:RATIS, Factor:ONE, State:ALLOCATED]
2019-11-14 17:39:11,902 [Thread-3855] INFO  pipeline.PipelineStateManager (PipelineStateManager.java:finalizePipeline(121)) - Pipeline Pipeline[ Id: 8cfd7563-f06e-4d76-bd8b-83538c040e19, Nodes: 9c88a047-7f73-4111-bf87-fe029dccbce6{ip: 192.168.157.194, host: pr-hdds-2482-j87dr-2776293630, networkLocation: /rack1, certSerialId: null}, Type:RATIS, Factor:ONE, State:CLOSED] moved to CLOSED state
2019-11-14 17:39:11,905 [grpc-default-executor-3] INFO  impl.RaftServerProxy (RaftServerProxy.java:remove(95)) - 9c88a047-7f73-4111-bf87-fe029dccbce6: remove    LEADER 9c88a047-7f73-4111-bf87-fe029dccbce6@group-83538C040E19:t1, leader=9c88a047-7f73-4111-bf87-fe029dccbce6, voted=9c88a047-7f73-4111-bf87-fe029dccbce6, raftlog=9c88a047-7f73-4111-bf87-fe029dccbce6@group-83538C040E19-SegmentedRaftLog:OPENED:c0,f0,i0, conf=0: [9c88a047-7f73-4111-bf87-fe029dccbce6:192.168.157.194:46499], old=null RUNNING
2019-11-14 17:39:11,905 [grpc-default-executor-3] INFO  impl.RaftServerImpl (RaftServerImpl.java:lambda$shutdown$3(250)) - 9c88a047-7f73-4111-bf87-fe029dccbce6@group-83538C040E19: shutdown
2019-11-14 17:39:11,905 [grpc-default-executor-3] INFO  util.JmxRegister (JmxRegister.java:unregister(73)) - Successfully un-registered JMX Bean with object name Ratis:service=RaftServer,group=group-83538C040E19,id=9c88a047-7f73-4111-bf87-fe029dccbce6
2019-11-14 17:39:11,905 [grpc-default-executor-3] INFO  impl.RoleInfo (RoleInfo.java:shutdownLeaderState(104)) - 9c88a047-7f73-4111-bf87-fe029dccbce6: shutdown LeaderState
2019-11-14 17:39:11,906 [grpc-default-executor-3] INFO  impl.PendingRequests (PendingRequests.java:sendNotLeaderResponses(206)) - 9c88a047-7f73-4111-bf87-fe029dccbce6@group-83538C040E19-PendingRequests: sendNotLeaderResponses
2019-11-14 17:39:11,906 [grpc-default-executor-3] INFO  impl.StateMachineUpdater (StateMachineUpdater.java:stopAndJoin(136)) - 9c88a047-7f73-4111-bf87-fe029dccbce6@group-83538C040E19-StateMachineUpdater: set stopIndex = 0
2019-11-14 17:39:11,906 [grpc-default-executor-3] INFO  impl.RaftServerImpl (ServerState.java:close(387)) - 9c88a047-7f73-4111-bf87-fe029dccbce6@group-83538C040E19: closes. applyIndex: 0
2019-11-14 17:39:11,906 [9c88a047-7f73-4111-bf87-fe029dccbce6@group-83538C040E19-SegmentedRaftLogWorker] INFO  segmented.SegmentedRaftLogWorker (SegmentedRaftLogWorker.java:run(316)) - 9c88a047-7f73-4111-bf87-fe029dccbce6@group-83538C040E19-SegmentedRaftLogWorker was interrupted, exiting. There are 0 tasks remaining in the queue.
2019-11-14 17:39:11,907 [grpc-default-executor-3] INFO  segmented.SegmentedRaftLogWorker (SegmentedRaftLogWorker.java:close(224)) - 9c88a047-7f73-4111-bf87-fe029dccbce6@group-83538C040E19-SegmentedRaftLogWorker close()
2019-11-14 17:39:11,911 [Thread-3855] INFO  pipeline.PipelineStateManager (PipelineStateManager.java:removePipeline(106)) - Pipeline Pipeline[ Id: 8cfd7563-f06e-4d76-bd8b-83538c040e19, Nodes: 9c88a047-7f73-4111-bf87-fe029dccbce6{ip: 192.168.157.194, host: pr-hdds-2482-j87dr-2776293630, networkLocation: /rack1, certSerialId: null}, Type:RATIS, Factor:ONE, State:CLOSED] removed from db
2019-11-14 17:39:11,911 [Thread-3855] INFO  pipeline.SCMPipelineManager (SCMPipelineManager.java:finalizeAndDestroyPipeline(315)) - destroying pipeline:Pipeline[ Id: 26da63f4-d51e-4feb-8fa7-8dfcf8e6a9a5, Nodes: d0d029c9-c080-45aa-9428-ec9c2afb2e55{ip: 192.168.157.194, host: pr-hdds-2482-j87dr-2776293630, networkLocation: /rack1, certSerialId: null}521325b2-2ced-4cee-b44f-acc523c049d7{ip: 192.168.157.194, host: pr-hdds-2482-j87dr-2776293630, networkLocation: /rack1, certSerialId: null}6301bead-719a-4dde-94bc-f4c716ecb4e0{ip: 192.168.157.194, host: pr-hdds-2482-j87dr-2776293630, networkLocation: /rack1, certSerialId: null}, Type:RATIS, Factor:THREE, State:OPEN]
2019-11-14 17:39:11,913 [grpc-default-executor-3] INFO  impl.RaftServerProxy (RaftServerProxy.java:addNew(89)) - 9c88a047-7f73-4111-bf87-fe029dccbce6: addNew group-BAF0D31D5566:[9c88a047-7f73-4111-bf87-fe029dccbce6:192.168.157.194:46499] returns group-BAF0D31D5566:java.util.concurrent.CompletableFuture@1af5f7e7[Not completed]
2019-11-14 17:39:11,914 [pool-559-thread-1] INFO  impl.RaftServerImpl (RaftServerImpl.java:<init>(98)) - 9c88a047-7f73-4111-bf87-fe029dccbce6: new RaftServerImpl for group-BAF0D31D5566:[9c88a047-7f73-4111-bf87-fe029dccbce6:192.168.157.194:46499] with ContainerStateMachine:uninitialized
2019-11-14 17:39:11,914 [pool-559-thread-1] INFO  server.RaftServerConfigKeys (ConfUtils.java:logGet(43)) - raft.server.rpc.timeout.min = 1s (custom)
2019-11-14 17:39:11,914 [pool-559-thread-1] INFO  server.RaftServerConfigKeys (ConfUtils.java:logGet(43)) - raft.server.rpc.timeout.max = 1200ms (custom)
2019-11-14 17:39:11,914 [pool-559-thread-1] INFO  server.RaftServerConfigKeys (ConfUtils.java:logGet(43)) - raft.server.rpcslowness.timeout = 120s (custom)
2019-11-14 17:39:11,914 [pool-559-thread-1] INFO  server.RaftServerConfigKeys (ConfUtils.java:logGet(43)) - raft.server.sleep.deviation.threshold = 300 (default)
2019-11-14 17:39:11,914 [pool-559-thread-1] INFO  server.RaftServerConfigKeys (ConfUtils.java:logGet(43)) - raft.server.log.appender.install.snapshot.enabled = false (custom)
2019-11-14 17:39:11,915 [pool-559-thread-1] INFO  impl.RaftServerImpl (ServerState.java:<init>(103)) - 9c88a047-7f73-4111-bf87-fe029dccbce6@group-BAF0D31D5566: ConfigurationManager, init=-1: [9c88a047-7f73-4111-bf87-fe029dccbce6:192.168.157.194:46499], old=null, confs=<EMPTY_MAP>
2019-11-14 17:39:11,915 [pool-559-thread-1] INFO  server.RaftServerConfigKeys (ConfUtils.java:logGet(43)) - raft.server.storage.dir = [/workdir/hadoop-ozone/integration-test/target/test-dir/MiniOzoneClusterImpl-76142843-c060-4c87-bf9f-3caeb3385afc/datanode-5/data/ratis] (custom)
2019-11-14 17:39:11,925 [pool-559-thread-1] INFO  server.RaftServerConfigKeys (ConfUtils.java:logGet(43)) - raft.server.log.corruption.policy = EXCEPTION (default)
2019-11-14 17:39:11,925 [pool-559-thread-1] INFO  storage.RaftStorageDirectory (RaftStorageDirectory.java:analyzeStorage(246)) - The storage directory /workdir/hadoop-ozone/integration-test/target/test-dir/MiniOzoneClusterImpl-76142843-c060-4c87-bf9f-3caeb3385afc/datanode-5/data/ratis/0006ba89-2dba-45b5-a154-baf0d31d5566 does not exist. Creating ...
2019-11-14 17:39:11,939 [pool-559-thread-1] INFO  storage.RaftStorageDirectory (RaftStorageDirectory.java:tryLock(328)) - Lock on /workdir/hadoop-ozone/integration-test/target/test-dir/MiniOzoneClusterImpl-76142843-c060-4c87-bf9f-3caeb3385afc/datanode-5/data/ratis/0006ba89-2dba-45b5-a154-baf0d31d5566/in_use.lock acquired by nodename 10142@pr-hdds-2482-j87dr-2776293630
2019-11-14 17:39:11,952 [pool-559-thread-1] INFO  storage.RaftStorage (RaftStorage.java:format(84)) - Storage directory /workdir/hadoop-ozone/integration-test/target/test-dir/MiniOzoneClusterImpl-76142843-c060-4c87-bf9f-3caeb3385afc/datanode-5/data/ratis/0006ba89-2dba-45b5-a154-baf0d31d5566 has been successfully formatted.
2019-11-14 17:39:11,952 [pool-559-thread-1] INFO  ratis.ContainerStateMachine (ContainerStateMachine.java:loadSnapshot(223)) - group-BAF0D31D5566: The snapshot info is null. Setting the last applied indexto:(t:0, i:~)
2019-11-14 17:39:11,952 [pool-559-thread-1] INFO  server.RaftServerConfigKeys (ConfUtils.java:logGet(43)) - raft.server.notification.no-leader.timeout = 120s (custom)
2019-11-14 17:39:11,952 [pool-559-thread-1] INFO  server.RaftServerConfigKeys (ConfUtils.java:logGet(43)) - raft.server.log.use.memory = false (default)
2019-11-14 17:39:11,952 [pool-559-thread-1] INFO  server.RaftServerConfigKeys (ConfUtils.java:logGet(43)) - raft.server.log.purge.gap = 1000000 (custom)
2019-11-14 17:39:11,953 [pool-559-thread-1] INFO  server.RaftServerConfigKeys (ConfUtils.java:logGet(43)) - raft.server.log.appender.buffer.byte-limit = 33554432 (custom)
2019-11-14 17:39:11,953 [pool-559-thread-1] INFO  server.RaftServerConfigKeys (ConfUtils.java:logGet(43)) - raft.server.log.segment.size.max = 1048576 (custom)
2019-11-14 17:39:11,953 [pool-559-thread-1] INFO  server.RaftServerConfigKeys (ConfUtils.java:logGet(43)) - raft.server.log.segment.cache.num.max = 2 (custom)
2019-11-14 17:39:11,953 [pool-559-thread-1] INFO  segmented.SegmentedRaftLogWorker (SegmentedRaftLogWorker.java:<init>(173)) - new 9c88a047-7f73-4111-bf87-fe029dccbce6@group-BAF0D31D5566-SegmentedRaftLogWorker for RaftStorage:Storage Directory /workdir/hadoop-ozone/integration-test/target/test-dir/MiniOzoneClusterImpl-76142843-c060-4c87-bf9f-3caeb3385afc/datanode-5/data/ratis/0006ba89-2dba-45b5-a154-baf0d31d5566
2019-11-14 17:39:11,953 [pool-559-thread-1] INFO  server.RaftServerConfigKeys (ConfUtils.java:logGet(43)) - raft.server.log.queue.byte-limit = 2147483647 (custom)
2019-11-14 17:39:11,953 [pool-559-thread-1] INFO  server.RaftServerConfigKeys (ConfUtils.java:logGet(43)) - raft.server.log.queue.element-limit = 1024 (custom)
2019-11-14 17:39:11,953 [pool-559-thread-1] INFO  server.RaftServerConfigKeys (ConfUtils.java:logGet(43)) - raft.server.log.segment.size.max = 1048576 (custom)
2019-11-14 17:39:11,953 [pool-559-thread-1] INFO  server.RaftServerConfigKeys (ConfUtils.java:logGet(43)) - raft.server.log.preallocated.size = 16384 (custom)
2019-11-14 17:39:11,953 [pool-559-thread-1] INFO  server.RaftServerConfigKeys (ConfUtils.java:logGet(43)) - raft.server.log.write.buffer.size = 33554432 (custom)
2019-11-14 17:39:11,953 [pool-559-thread-1] INFO  server.RaftServerConfigKeys (ConfUtils.java:logGet(43)) - raft.server.log.force.sync.num = 128 (default)
2019-11-14 17:39:11,953 [pool-559-thread-1] INFO  server.RaftServerConfigKeys (ConfUtils.java:logGet(43)) - raft.server.log.statemachine.data.sync = true (default)
2019-11-14 17:39:11,953 [pool-559-thread-1] INFO  server.RaftServerConfigKeys (ConfUtils.java:logGet(43)) - raft.server.log.statemachine.data.sync.timeout = 10s (default)
2019-11-14 17:39:11,954 [pool-559-thread-1] INFO  server.RaftServerConfigKeys (ConfUtils.java:logGet(43)) - raft.server.log.statemachine.data.sync.timeout.retry = -1 (default)
2019-11-14 17:39:11,954 [pool-559-thread-1] INFO  server.RaftServerConfigKeys (ConfUtils.java:logGet(43)) - raft.server.log.statemachine.data.caching.enabled = true (custom)
2019-11-14 17:39:11,954 [pool-559-thread-1] INFO  segmented.SegmentedRaftLogWorker (SegmentedRaftLogWorker.java:lambda$new$0(128)) - 9c88a047-7f73-4111-bf87-fe029dccbce6@group-BAF0D31D5566-SegmentedRaftLogWorker: flushIndex: setUnconditionally 0 -> -1
2019-11-14 17:39:11,954 [pool-559-thread-1] INFO  server.RaftServerConfigKeys (ConfUtils.java:logGet(43)) - raft.server.snapshot.auto.trigger.enabled = true (custom)
2019-11-14 17:39:11,954 [pool-559-thread-1] INFO  server.RaftServerConfigKeys (ConfUtils.java:logGet(43)) - raft.server.snapshot.auto.trigger.threshold = 10000 (custom)
2019-11-14 17:39:11,954 [pool-559-thread-1] INFO  server.RaftServerConfigKeys (ConfUtils.java:logGet(43)) - raft.server.snapshot.retention.file.num = 5 (custom)
2019-11-14 17:39:11,954 [pool-559-thread-1] INFO  server.RaftServerConfigKeys (ConfUtils.java:logGet(43)) - raft.server.retrycache.expirytime = 600000ms (custom)
2019-11-14 17:39:11,955 [pool-559-thread-1] WARN  impl.MetricRegistriesImpl (MetricRegistriesImpl.java:lambda$create$1(61)) - First MetricRegistry has been created without registering reporters. You may need to call MetricRegistries.global().addReportRegistration(...) before.
2019-11-14 17:39:11,955 [pool-559-thread-1] WARN  impl.MetricRegistriesImpl (MetricRegistriesImpl.java:lambda$create$1(61)) - First MetricRegistry has been created without registering reporters. You may need to call MetricRegistries.global().addReportRegistration(...) before.
2019-11-14 17:39:11,955 [pool-559-thread-1] INFO  impl.RaftServerImpl (RaftServerImpl.java:start(184)) - 9c88a047-7f73-4111-bf87-fe029dccbce6@group-BAF0D31D5566: start as a follower, conf=-1: [9c88a047-7f73-4111-bf87-fe029dccbce6:192.168.157.194:46499], old=null
2019-11-14 17:39:11,955 [pool-559-thread-1] INFO  impl.RaftServerImpl (RaftServerImpl.java:setRole(173)) - 9c88a047-7f73-4111-bf87-fe029dccbce6@group-BAF0D31D5566: changes role from      null to FOLLOWER at term 0 for startAsFollower
2019-11-14 17:39:11,955 [pool-559-thread-1] INFO  impl.RoleInfo (RoleInfo.java:updateAndGet(143)) - 9c88a047-7f73-4111-bf87-fe029dccbce6: start FollowerState
2019-11-14 17:39:11,955 [pool-559-thread-1] INFO  util.JmxRegister (JmxRegister.java:tryRegister(44)) - Successfully registered JMX Bean with object name Ratis:service=RaftServer,group=group-BAF0D31D5566,id=9c88a047-7f73-4111-bf87-fe029dccbce6
2019-11-14 17:39:11,955 [pool-559-thread-1] WARN  impl.MetricRegistriesImpl (MetricRegistriesImpl.java:lambda$create$1(61)) - First MetricRegistry has been created without registering reporters. You may need to call MetricRegistries.global().addReportRegistration(...) before.
2019-11-14 17:39:11,957 [RatisPipelineUtilsThread] INFO  pipeline.PipelineStateManager (PipelineStateManager.java:addPipeline(55)) - Created pipeline Pipeline[ Id: 0006ba89-2dba-45b5-a154-baf0d31d5566, Nodes: 9c88a047-7f73-4111-bf87-fe029dccbce6{ip: 192.168.157.194, host: pr-hdds-2482-j87dr-2776293630, networkLocation: /rack1, certSerialId: null}, Type:RATIS, Factor:ONE, State:ALLOCATED]
2019-11-14 17:39:11,958 [Thread-3855] INFO  pipeline.PipelineStateManager (PipelineStateManager.java:finalizePipeline(121)) - Pipeline Pipeline[ Id: 26da63f4-d51e-4feb-8fa7-8dfcf8e6a9a5, Nodes: d0d029c9-c080-45aa-9428-ec9c2afb2e55{ip: 192.168.157.194, host: pr-hdds-2482-j87dr-2776293630, networkLocation: /rack1, certSerialId: null}521325b2-2ced-4cee-b44f-acc523c049d7{ip: 192.168.157.194, host: pr-hdds-2482-j87dr-2776293630, networkLocation: /rack1, certSerialId: null}6301bead-719a-4dde-94bc-f4c716ecb4e0{ip: 192.168.157.194, host: pr-hdds-2482-j87dr-2776293630, networkLocation: /rack1, certSerialId: null}, Type:RATIS, Factor:THREE, State:CLOSED] moved to CLOSED state
2019-11-14 17:39:11,960 [grpc-default-executor-3] INFO  impl.RaftServerProxy (RaftServerProxy.java:remove(95)) - d0d029c9-c080-45aa-9428-ec9c2afb2e55: remove  FOLLOWER d0d029c9-c080-45aa-9428-ec9c2afb2e55@group-8DFCF8E6A9A5:t1, leader=521325b2-2ced-4cee-b44f-acc523c049d7, voted=d0d029c9-c080-45aa-9428-ec9c2afb2e55, raftlog=d0d029c9-c080-45aa-9428-ec9c2afb2e55@group-8DFCF8E6A9A5-SegmentedRaftLog:OPENED:c0,f0,i0, conf=0: [d0d029c9-c080-45aa-9428-ec9c2afb2e55:192.168.157.194:41166, 6301bead-719a-4dde-94bc-f4c716ecb4e0:192.168.157.194:46043, 521325b2-2ced-4cee-b44f-acc523c049d7:192.168.157.194:33976], old=null RUNNING
2019-11-14 17:39:11,960 [grpc-default-executor-3] INFO  impl.RaftServerImpl (RaftServerImpl.java:lambda$shutdown$3(250)) - d0d029c9-c080-45aa-9428-ec9c2afb2e55@group-8DFCF8E6A9A5: shutdown
2019-11-14 17:39:11,961 [grpc-default-executor-3] INFO  util.JmxRegister (JmxRegister.java:unregister(73)) - Successfully un-registered JMX Bean with object name Ratis:service=RaftServer,group=group-8DFCF8E6A9A5,id=d0d029c9-c080-45aa-9428-ec9c2afb2e55
2019-11-14 17:39:11,961 [grpc-default-executor-3] INFO  impl.RoleInfo (RoleInfo.java:shutdownFollowerState(121)) - d0d029c9-c080-45aa-9428-ec9c2afb2e55: shutdown FollowerState
2019-11-14 17:39:11,961 [grpc-default-executor-3] INFO  impl.StateMachineUpdater (StateMachineUpdater.java:stopAndJoin(136)) - d0d029c9-c080-45aa-9428-ec9c2afb2e55@group-8DFCF8E6A9A5-StateMachineUpdater: set stopIndex = 0
2019-11-14 17:39:11,961 [Thread-3956] INFO  impl.FollowerState (FollowerState.java:run(120)) - d0d029c9-c080-45aa-9428-ec9c2afb2e55@group-8DFCF8E6A9A5-FollowerState was interrupted: java.lang.InterruptedException: sleep interrupted
2019-11-14 17:39:11,961 [grpc-default-executor-3] INFO  impl.RaftServerImpl (ServerState.java:close(387)) - d0d029c9-c080-45aa-9428-ec9c2afb2e55@group-8DFCF8E6A9A5: closes. applyIndex: 0
2019-11-14 17:39:11,962 [d0d029c9-c080-45aa-9428-ec9c2afb2e55@group-8DFCF8E6A9A5-SegmentedRaftLogWorker] INFO  segmented.SegmentedRaftLogWorker (SegmentedRaftLogWorker.java:run(316)) - d0d029c9-c080-45aa-9428-ec9c2afb2e55@group-8DFCF8E6A9A5-SegmentedRaftLogWorker was interrupted, exiting. There are 0 tasks remaining in the queue.
2019-11-14 17:39:11,970 [grpc-default-executor-3] INFO  segmented.SegmentedRaftLogWorker (SegmentedRaftLogWorker.java:close(224)) - d0d029c9-c080-45aa-9428-ec9c2afb2e55@group-8DFCF8E6A9A5-SegmentedRaftLogWorker close()
2019-11-14 17:39:11,986 [grpc-default-executor-3] INFO  impl.RaftServerProxy (RaftServerProxy.java:remove(95)) - 521325b2-2ced-4cee-b44f-acc523c049d7: remove    LEADER 521325b2-2ced-4cee-b44f-acc523c049d7@group-8DFCF8E6A9A5:t1, leader=521325b2-2ced-4cee-b44f-acc523c049d7, voted=521325b2-2ced-4cee-b44f-acc523c049d7, raftlog=521325b2-2ced-4cee-b44f-acc523c049d7@group-8DFCF8E6A9A5-SegmentedRaftLog:OPENED:c0,f0,i0, conf=0: [d0d029c9-c080-45aa-9428-ec9c2afb2e55:192.168.157.194:41166, 6301bead-719a-4dde-94bc-f4c716ecb4e0:192.168.157.194:46043, 521325b2-2ced-4cee-b44f-acc523c049d7:192.168.157.194:33976], old=null RUNNING
2019-11-14 17:39:11,986 [grpc-default-executor-3] INFO  impl.RaftServerImpl (RaftServerImpl.java:lambda$shutdown$3(250)) - 521325b2-2ced-4cee-b44f-acc523c049d7@group-8DFCF8E6A9A5: shutdown
2019-11-14 17:39:11,986 [grpc-default-executor-3] INFO  util.JmxRegister (JmxRegister.java:unregister(73)) - Successfully un-registered JMX Bean with object name Ratis:service=RaftServer,group=group-8DFCF8E6A9A5,id=521325b2-2ced-4cee-b44f-acc523c049d7
2019-11-14 17:39:11,986 [grpc-default-executor-3] INFO  impl.RoleInfo (RoleInfo.java:shutdownLeaderState(104)) - 521325b2-2ced-4cee-b44f-acc523c049d7: shutdown LeaderState
2019-11-14 17:39:11,997 [grpc-default-executor-3] INFO  impl.PendingRequests (PendingRequests.java:sendNotLeaderResponses(206)) - 521325b2-2ced-4cee-b44f-acc523c049d7@group-8DFCF8E6A9A5-PendingRequests: sendNotLeaderResponses
2019-11-14 17:39:11,999 [org.apache.ratis.server.impl.LogAppender$AppenderDaemon$$Lambda$459/712830018@6f730ab6] WARN  server.GrpcLogAppender (GrpcLogAppender.java:mayWait(151)) - 521325b2-2ced-4cee-b44f-acc523c049d7@group-8DFCF8E6A9A5->d0d029c9-c080-45aa-9428-ec9c2afb2e55-GrpcLogAppender: Wait interrupted by java.lang.InterruptedException
2019-11-14 17:39:11,997 [org.apache.ratis.server.impl.LogAppender$AppenderDaemon$$Lambda$459/712830018@2a71993c] WARN  server.GrpcLogAppender (GrpcLogAppender.java:mayWait(151)) - 521325b2-2ced-4cee-b44f-acc523c049d7@group-8DFCF8E6A9A5->6301bead-719a-4dde-94bc-f4c716ecb4e0-GrpcLogAppender: Wait interrupted by java.lang.InterruptedException
2019-11-14 17:39:11,999 [grpc-default-executor-3] INFO  impl.StateMachineUpdater (StateMachineUpdater.java:stopAndJoin(136)) - 521325b2-2ced-4cee-b44f-acc523c049d7@group-8DFCF8E6A9A5-StateMachineUpdater: set stopIndex = 0
2019-11-14 17:39:11,999 [grpc-default-executor-3] INFO  impl.RaftServerImpl (ServerState.java:close(387)) - 521325b2-2ced-4cee-b44f-acc523c049d7@group-8DFCF8E6A9A5: closes. applyIndex: 0
2019-11-14 17:39:11,999 [grpc-default-executor-5] INFO  server.GrpcServerProtocolService (GrpcServerProtocolService.java:onCompleted(113)) - 6301bead-719a-4dde-94bc-f4c716ecb4e0: Completed APPEND_ENTRIES, lastRequest: 521325b2-2ced-4cee-b44f-acc523c049d7->6301bead-719a-4dde-94bc-f4c716ecb4e0#3-t1, previous=(t:1, i:0), leaderCommit=0, initializing? false, entries: <empty>
2019-11-14 17:39:11,999 [grpc-default-executor-7] INFO  server.GrpcServerProtocolService (GrpcServerProtocolService.java:onCompleted(113)) - d0d029c9-c080-45aa-9428-ec9c2afb2e55: Completed APPEND_ENTRIES, lastRequest: 521325b2-2ced-4cee-b44f-acc523c049d7->d0d029c9-c080-45aa-9428-ec9c2afb2e55#3-t1, previous=(t:1, i:0), leaderCommit=0, initializing? false, entries: <empty>
2019-11-14 17:39:11,999 [521325b2-2ced-4cee-b44f-acc523c049d7@group-8DFCF8E6A9A5-SegmentedRaftLogWorker] INFO  segmented.SegmentedRaftLogWorker (SegmentedRaftLogWorker.java:run(316)) - 521325b2-2ced-4cee-b44f-acc523c049d7@group-8DFCF8E6A9A5-SegmentedRaftLogWorker was interrupted, exiting. There are 0 tasks remaining in the queue.
2019-11-14 17:39:12,000 [grpc-default-executor-7] INFO  server.GrpcLogAppender (GrpcLogAppender.java:onCompleted(308)) - 521325b2-2ced-4cee-b44f-acc523c049d7@group-8DFCF8E6A9A5->6301bead-719a-4dde-94bc-f4c716ecb4e0-AppendLogResponseHandler: follower responses appendEntries COMPLETED
2019-11-14 17:39:12,000 [grpc-default-executor-5] INFO  server.GrpcLogAppender (GrpcLogAppender.java:onCompleted(308)) - 521325b2-2ced-4cee-b44f-acc523c049d7@group-8DFCF8E6A9A5->d0d029c9-c080-45aa-9428-ec9c2afb2e55-AppendLogResponseHandler: follower responses appendEntries COMPLETED
2019-11-14 17:39:12,000 [grpc-default-executor-7] INFO  impl.FollowerInfo (FollowerInfo.java:lambda$new$0(51)) - 521325b2-2ced-4cee-b44f-acc523c049d7@group-8DFCF8E6A9A5->6301bead-719a-4dde-94bc-f4c716ecb4e0: nextIndex: updateUnconditionally 1 -> 0
2019-11-14 17:39:12,000 [grpc-default-executor-5] INFO  impl.FollowerInfo (FollowerInfo.java:lambda$new$0(51)) - 521325b2-2ced-4cee-b44f-acc523c049d7@group-8DFCF8E6A9A5->d0d029c9-c080-45aa-9428-ec9c2afb2e55: nextIndex: updateUnconditionally 1 -> 0
2019-11-14 17:39:12,006 [grpc-default-executor-3] INFO  segmented.SegmentedRaftLogWorker (SegmentedRaftLogWorker.java:close(224)) - 521325b2-2ced-4cee-b44f-acc523c049d7@group-8DFCF8E6A9A5-SegmentedRaftLogWorker close()
2019-11-14 17:39:12,012 [grpc-default-executor-3] INFO  impl.RaftServerProxy (RaftServerProxy.java:remove(95)) - 6301bead-719a-4dde-94bc-f4c716ecb4e0: remove  FOLLOWER 6301bead-719a-4dde-94bc-f4c716ecb4e0@group-8DFCF8E6A9A5:t1, leader=521325b2-2ced-4cee-b44f-acc523c049d7, voted=521325b2-2ced-4cee-b44f-acc523c049d7, raftlog=6301bead-719a-4dde-94bc-f4c716ecb4e0@group-8DFCF8E6A9A5-SegmentedRaftLog:OPENED:c0,f0,i0, conf=0: [d0d029c9-c080-45aa-9428-ec9c2afb2e55:192.168.157.194:41166, 6301bead-719a-4dde-94bc-f4c716ecb4e0:192.168.157.194:46043, 521325b2-2ced-4cee-b44f-acc523c049d7:192.168.157.194:33976], old=null RUNNING
2019-11-14 17:39:12,013 [grpc-default-executor-3] INFO  impl.RaftServerImpl (RaftServerImpl.java:lambda$shutdown$3(250)) - 6301bead-719a-4dde-94bc-f4c716ecb4e0@group-8DFCF8E6A9A5: shutdown
2019-11-14 17:39:12,013 [grpc-default-executor-3] INFO  util.JmxRegister (JmxRegister.java:unregister(73)) - Successfully un-registered JMX Bean with object name Ratis:service=RaftServer,group=group-8DFCF8E6A9A5,id=6301bead-719a-4dde-94bc-f4c716ecb4e0
2019-11-14 17:39:12,013 [grpc-default-executor-3] INFO  impl.RoleInfo (RoleInfo.java:shutdownFollowerState(121)) - 6301bead-719a-4dde-94bc-f4c716ecb4e0: shutdown FollowerState
2019-11-14 17:39:12,013 [grpc-default-executor-3] INFO  impl.StateMachineUpdater (StateMachineUpdater.java:stopAndJoin(136)) - 6301bead-719a-4dde-94bc-f4c716ecb4e0@group-8DFCF8E6A9A5-StateMachineUpdater: set stopIndex = 0
2019-11-14 17:39:12,013 [Thread-3955] INFO  impl.FollowerState (FollowerState.java:run(120)) - 6301bead-719a-4dde-94bc-f4c716ecb4e0@group-8DFCF8E6A9A5-FollowerState was interrupted: java.lang.InterruptedException: sleep interrupted
2019-11-14 17:39:12,013 [grpc-default-executor-3] INFO  impl.RaftServerImpl (ServerState.java:close(387)) - 6301bead-719a-4dde-94bc-f4c716ecb4e0@group-8DFCF8E6A9A5: closes. applyIndex: 0
2019-11-14 17:39:12,013 [6301bead-719a-4dde-94bc-f4c716ecb4e0@group-8DFCF8E6A9A5-SegmentedRaftLogWorker] INFO  segmented.SegmentedRaftLogWorker (SegmentedRaftLogWorker.java:run(316)) - 6301bead-719a-4dde-94bc-f4c716ecb4e0@group-8DFCF8E6A9A5-SegmentedRaftLogWorker was interrupted, exiting. There are 0 tasks remaining in the queue.
2019-11-14 17:39:12,014 [grpc-default-executor-3] INFO  segmented.SegmentedRaftLogWorker (SegmentedRaftLogWorker.java:close(224)) - 6301bead-719a-4dde-94bc-f4c716ecb4e0@group-8DFCF8E6A9A5-SegmentedRaftLogWorker close()
2019-11-14 17:39:12,017 [Thread-3855] INFO  pipeline.PipelineStateManager (PipelineStateManager.java:removePipeline(106)) - Pipeline Pipeline[ Id: 26da63f4-d51e-4feb-8fa7-8dfcf8e6a9a5, Nodes: d0d029c9-c080-45aa-9428-ec9c2afb2e55{ip: 192.168.157.194, host: pr-hdds-2482-j87dr-2776293630, networkLocation: /rack1, certSerialId: null}521325b2-2ced-4cee-b44f-acc523c049d7{ip: 192.168.157.194, host: pr-hdds-2482-j87dr-2776293630, networkLocation: /rack1, certSerialId: null}6301bead-719a-4dde-94bc-f4c716ecb4e0{ip: 192.168.157.194, host: pr-hdds-2482-j87dr-2776293630, networkLocation: /rack1, certSerialId: null}, Type:RATIS, Factor:THREE, State:CLOSED] removed from db
2019-11-14 17:39:12,017 [Thread-3855] INFO  pipeline.SCMPipelineManager (SCMPipelineManager.java:finalizeAndDestroyPipeline(315)) - destroying pipeline:Pipeline[ Id: c05b6709-317c-4f5b-b5d4-839e6dee0b95, Nodes: da9d3605-d5bb-4af4-b35f-64e6f231f8df{ip: 192.168.157.194, host: pr-hdds-2482-j87dr-2776293630, networkLocation: /rack1, certSerialId: null}, Type:RATIS, Factor:ONE, State:OPEN]
2019-11-14 17:39:12,023 [grpc-default-executor-5] INFO  impl.RaftServerProxy (RaftServerProxy.java:addNew(89)) - d0c52919-9387-42b7-9191-3f4b0bb9b568: addNew group-28F059BB15A6:[d0c52919-9387-42b7-9191-3f4b0bb9b568:192.168.157.194:42749, d0d029c9-c080-45aa-9428-ec9c2afb2e55:192.168.157.194:41166, 521325b2-2ced-4cee-b44f-acc523c049d7:192.168.157.194:33976] returns group-28F059BB15A6:java.util.concurrent.CompletableFuture@6b984f99[Not completed]
2019-11-14 17:39:12,023 [grpc-default-executor-3] INFO  impl.RaftServerProxy (RaftServerProxy.java:addNew(89)) - d0d029c9-c080-45aa-9428-ec9c2afb2e55: addNew group-28F059BB15A6:[d0c52919-9387-42b7-9191-3f4b0bb9b568:192.168.157.194:42749, d0d029c9-c080-45aa-9428-ec9c2afb2e55:192.168.157.194:41166, 521325b2-2ced-4cee-b44f-acc523c049d7:192.168.157.194:33976] returns group-28F059BB15A6:java.util.concurrent.CompletableFuture@76bad31c[Not completed]
2019-11-14 17:39:12,024 [grpc-default-executor-3] INFO  impl.RaftServerProxy (RaftServerProxy.java:addNew(89)) - 521325b2-2ced-4cee-b44f-acc523c049d7: addNew group-28F059BB15A6:[d0c52919-9387-42b7-9191-3f4b0bb9b568:192.168.157.194:42749, d0d029c9-c080-45aa-9428-ec9c2afb2e55:192.168.157.194:41166, 521325b2-2ced-4cee-b44f-acc523c049d7:192.168.157.194:33976] returns group-28F059BB15A6:java.util.concurrent.CompletableFuture@2b54d62c[Not completed]
2019-11-14 17:39:12,024 [pool-599-thread-1] INFO  impl.RaftServerImpl (RaftServerImpl.java:<init>(98)) - d0c52919-9387-42b7-9191-3f4b0bb9b568: new RaftServerImpl for group-28F059BB15A6:[d0c52919-9387-42b7-9191-3f4b0bb9b568:192.168.157.194:42749, d0d029c9-c080-45aa-9428-ec9c2afb2e55:192.168.157.194:41166, 521325b2-2ced-4cee-b44f-acc523c049d7:192.168.157.194:33976] with ContainerStateMachine:uninitialized
2019-11-14 17:39:12,024 [pool-599-thread-1] INFO  server.RaftServerConfigKeys (ConfUtils.java:logGet(43)) - raft.server.rpc.timeout.min = 1s (custom)
2019-11-14 17:39:12,024 [pool-599-thread-1] INFO  server.RaftServerConfigKeys (ConfUtils.java:logGet(43)) - raft.server.rpc.timeout.max = 1200ms (custom)
2019-11-14 17:39:12,025 [pool-599-thread-1] INFO  server.RaftServerConfigKeys (ConfUtils.java:logGet(43)) - raft.server.rpcslowness.timeout = 120s (custom)
2019-11-14 17:39:12,025 [pool-599-thread-1] INFO  server.RaftServerConfigKeys (ConfUtils.java:logGet(43)) - raft.server.sleep.deviation.threshold = 300 (default)
2019-11-14 17:39:12,025 [pool-599-thread-1] INFO  server.RaftServerConfigKeys (ConfUtils.java:logGet(43)) - raft.server.log.appender.install.snapshot.enabled = false (custom)
2019-11-14 17:39:12,025 [pool-549-thread-1] INFO  impl.RaftServerImpl (RaftServerImpl.java:<init>(98)) - 521325b2-2ced-4cee-b44f-acc523c049d7: new RaftServerImpl for group-28F059BB15A6:[d0c52919-9387-42b7-9191-3f4b0bb9b568:192.168.157.194:42749, d0d029c9-c080-45aa-9428-ec9c2afb2e55:192.168.157.194:41166, 521325b2-2ced-4cee-b44f-acc523c049d7:192.168.157.194:33976] with ContainerStateMachine:uninitialized
2019-11-14 17:39:12,025 [pool-599-thread-1] INFO  impl.RaftServerImpl (ServerState.java:<init>(103)) - d0c52919-9387-42b7-9191-3f4b0bb9b568@group-28F059BB15A6: ConfigurationManager, init=-1: [d0c52919-9387-42b7-9191-3f4b0bb9b568:192.168.157.194:42749, d0d029c9-c080-45aa-9428-ec9c2afb2e55:192.168.157.194:41166, 521325b2-2ced-4cee-b44f-acc523c049d7:192.168.157.194:33976], old=null, confs=<EMPTY_MAP>
2019-11-14 17:39:12,025 [pool-549-thread-1] INFO  server.RaftServerConfigKeys (ConfUtils.java:logGet(43)) - raft.server.rpc.timeout.min = 1s (custom)
2019-11-14 17:39:12,025 [pool-599-thread-1] INFO  server.RaftServerConfigKeys (ConfUtils.java:logGet(43)) - raft.server.storage.dir = [/workdir/hadoop-ozone/integration-test/target/test-dir/MiniOzoneClusterImpl-76142843-c060-4c87-bf9f-3caeb3385afc/datanode-9/data/ratis] (custom)
2019-11-14 17:39:12,025 [pool-589-thread-1] INFO  impl.RaftServerImpl (RaftServerImpl.java:<init>(98)) - d0d029c9-c080-45aa-9428-ec9c2afb2e55: new RaftServerImpl for group-28F059BB15A6:[d0c52919-9387-42b7-9191-3f4b0bb9b568:192.168.157.194:42749, d0d029c9-c080-45aa-9428-ec9c2afb2e55:192.168.157.194:41166, 521325b2-2ced-4cee-b44f-acc523c049d7:192.168.157.194:33976] with ContainerStateMachine:uninitialized
2019-11-14 17:39:12,025 [pool-549-thread-1] INFO  server.RaftServerConfigKeys (ConfUtils.java:logGet(43)) - raft.server.rpc.timeout.max = 1200ms (custom)
2019-11-14 17:39:12,025 [pool-599-thread-1] INFO  server.RaftServerConfigKeys (ConfUtils.java:logGet(43)) - raft.server.log.corruption.policy = EXCEPTION (default)
2019-11-14 17:39:12,025 [pool-589-thread-1] INFO  server.RaftServerConfigKeys (ConfUtils.java:logGet(43)) - raft.server.rpc.timeout.min = 1s (custom)
2019-11-14 17:39:12,025 [pool-549-thread-1] INFO  server.RaftServerConfigKeys (ConfUtils.java:logGet(43)) - raft.server.rpcslowness.timeout = 120s (custom)
2019-11-14 17:39:12,026 [pool-599-thread-1] INFO  storage.RaftStorageDirectory (RaftStorageDirectory.java:analyzeStorage(246)) - The storage directory /workdir/hadoop-ozone/integration-test/target/test-dir/MiniOzoneClusterImpl-76142843-c060-4c87-bf9f-3caeb3385afc/datanode-9/data/ratis/ca9d7718-40ec-45c6-a8b8-28f059bb15a6 does not exist. Creating ...
2019-11-14 17:39:12,026 [pool-589-thread-1] INFO  server.RaftServerConfigKeys (ConfUtils.java:logGet(43)) - raft.server.rpc.timeout.max = 1200ms (custom)
2019-11-14 17:39:12,026 [pool-549-thread-1] INFO  server.RaftServerConfigKeys (ConfUtils.java:logGet(43)) - raft.server.sleep.deviation.threshold = 300 (default)
2019-11-14 17:39:12,026 [pool-589-thread-1] INFO  server.RaftServerConfigKeys (ConfUtils.java:logGet(43)) - raft.server.rpcslowness.timeout = 120s (custom)
2019-11-14 17:39:12,026 [pool-549-thread-1] INFO  server.RaftServerConfigKeys (ConfUtils.java:logGet(43)) - raft.server.log.appender.install.snapshot.enabled = false (custom)
2019-11-14 17:39:12,026 [pool-589-thread-1] INFO  server.RaftServerConfigKeys (ConfUtils.java:logGet(43)) - raft.server.sleep.deviation.threshold = 300 (default)
2019-11-14 17:39:12,026 [pool-549-thread-1] INFO  impl.RaftServerImpl (ServerState.java:<init>(103)) - 521325b2-2ced-4cee-b44f-acc523c049d7@group-28F059BB15A6: ConfigurationManager, init=-1: [d0c52919-9387-42b7-9191-3f4b0bb9b568:192.168.157.194:42749, d0d029c9-c080-45aa-9428-ec9c2afb2e55:192.168.157.194:41166, 521325b2-2ced-4cee-b44f-acc523c049d7:192.168.157.194:33976], old=null, confs=<EMPTY_MAP>
2019-11-14 17:39:12,026 [pool-589-thread-1] INFO  server.RaftServerConfigKeys (ConfUtils.java:logGet(43)) - raft.server.log.appender.install.snapshot.enabled = false (custom)
2019-11-14 17:39:12,026 [pool-549-thread-1] INFO  server.RaftServerConfigKeys (ConfUtils.java:logGet(43)) - raft.server.storage.dir = [/workdir/hadoop-ozone/integration-test/target/test-dir/MiniOzoneClusterImpl-76142843-c060-4c87-bf9f-3caeb3385afc/datanode-4/data/ratis] (custom)
2019-11-14 17:39:12,026 [pool-589-thread-1] INFO  impl.RaftServerImpl (ServerState.java:<init>(103)) - d0d029c9-c080-45aa-9428-ec9c2afb2e55@group-28F059BB15A6: ConfigurationManager, init=-1: [d0c52919-9387-42b7-9191-3f4b0bb9b568:192.168.157.194:42749, d0d029c9-c080-45aa-9428-ec9c2afb2e55:192.168.157.194:41166, 521325b2-2ced-4cee-b44f-acc523c049d7:192.168.157.194:33976], old=null, confs=<EMPTY_MAP>
2019-11-14 17:39:12,027 [pool-589-thread-1] INFO  server.RaftServerConfigKeys (ConfUtils.java:logGet(43)) - raft.server.storage.dir = [/workdir/hadoop-ozone/integration-test/target/test-dir/MiniOzoneClusterImpl-76142843-c060-4c87-bf9f-3caeb3385afc/datanode-8/data/ratis] (custom)
2019-11-14 17:39:12,027 [pool-549-thread-1] INFO  server.RaftServerConfigKeys (ConfUtils.java:logGet(43)) - raft.server.log.corruption.policy = EXCEPTION (default)
2019-11-14 17:39:12,027 [pool-589-thread-1] INFO  server.RaftServerConfigKeys (ConfUtils.java:logGet(43)) - raft.server.log.corruption.policy = EXCEPTION (default)
2019-11-14 17:39:12,027 [pool-549-thread-1] INFO  storage.RaftStorageDirectory (RaftStorageDirectory.java:analyzeStorage(246)) - The storage directory /workdir/hadoop-ozone/integration-test/target/test-dir/MiniOzoneClusterImpl-76142843-c060-4c87-bf9f-3caeb3385afc/datanode-4/data/ratis/ca9d7718-40ec-45c6-a8b8-28f059bb15a6 does not exist. Creating ...
2019-11-14 17:39:12,027 [pool-589-thread-1] INFO  storage.RaftStorageDirectory (RaftStorageDirectory.java:analyzeStorage(246)) - The storage directory /workdir/hadoop-ozone/integration-test/target/test-dir/MiniOzoneClusterImpl-76142843-c060-4c87-bf9f-3caeb3385afc/datanode-8/data/ratis/ca9d7718-40ec-45c6-a8b8-28f059bb15a6 does not exist. Creating ...
2019-11-14 17:39:12,039 [pool-549-thread-1] INFO  storage.RaftStorageDirectory (RaftStorageDirectory.java:tryLock(328)) - Lock on /workdir/hadoop-ozone/integration-test/target/test-dir/MiniOzoneClusterImpl-76142843-c060-4c87-bf9f-3caeb3385afc/datanode-4/data/ratis/ca9d7718-40ec-45c6-a8b8-28f059bb15a6/in_use.lock acquired by nodename 10142@pr-hdds-2482-j87dr-2776293630
2019-11-14 17:39:12,039 [pool-599-thread-1] INFO  storage.RaftStorageDirectory (RaftStorageDirectory.java:tryLock(328)) - Lock on /workdir/hadoop-ozone/integration-test/target/test-dir/MiniOzoneClusterImpl-76142843-c060-4c87-bf9f-3caeb3385afc/datanode-9/data/ratis/ca9d7718-40ec-45c6-a8b8-28f059bb15a6/in_use.lock acquired by nodename 10142@pr-hdds-2482-j87dr-2776293630
2019-11-14 17:39:12,039 [pool-589-thread-1] INFO  storage.RaftStorageDirectory (RaftStorageDirectory.java:tryLock(328)) - Lock on /workdir/hadoop-ozone/integration-test/target/test-dir/MiniOzoneClusterImpl-76142843-c060-4c87-bf9f-3caeb3385afc/datanode-8/data/ratis/ca9d7718-40ec-45c6-a8b8-28f059bb15a6/in_use.lock acquired by nodename 10142@pr-hdds-2482-j87dr-2776293630
2019-11-14 17:39:12,070 [pool-589-thread-1] INFO  storage.RaftStorage (RaftStorage.java:format(84)) - Storage directory /workdir/hadoop-ozone/integration-test/target/test-dir/MiniOzoneClusterImpl-76142843-c060-4c87-bf9f-3caeb3385afc/datanode-8/data/ratis/ca9d7718-40ec-45c6-a8b8-28f059bb15a6 has been successfully formatted.
2019-11-14 17:39:12,070 [pool-599-thread-1] INFO  storage.RaftStorage (RaftStorage.java:format(84)) - Storage directory /workdir/hadoop-ozone/integration-test/target/test-dir/MiniOzoneClusterImpl-76142843-c060-4c87-bf9f-3caeb3385afc/datanode-9/data/ratis/ca9d7718-40ec-45c6-a8b8-28f059bb15a6 has been successfully formatted.
2019-11-14 17:39:12,070 [pool-549-thread-1] INFO  storage.RaftStorage (RaftStorage.java:format(84)) - Storage directory /workdir/hadoop-ozone/integration-test/target/test-dir/MiniOzoneClusterImpl-76142843-c060-4c87-bf9f-3caeb3385afc/datanode-4/data/ratis/ca9d7718-40ec-45c6-a8b8-28f059bb15a6 has been successfully formatted.
2019-11-14 17:39:12,071 [pool-599-thread-1] INFO  ratis.ContainerStateMachine (ContainerStateMachine.java:loadSnapshot(223)) - group-28F059BB15A6: The snapshot info is null. Setting the last applied indexto:(t:0, i:~)
2019-11-14 17:39:12,071 [pool-589-thread-1] INFO  ratis.ContainerStateMachine (ContainerStateMachine.java:loadSnapshot(223)) - group-28F059BB15A6: The snapshot info is null. Setting the last applied indexto:(t:0, i:~)
2019-11-14 17:39:12,071 [pool-599-thread-1] INFO  server.RaftServerConfigKeys (ConfUtils.java:logGet(43)) - raft.server.notification.no-leader.timeout = 120s (custom)
2019-11-14 17:39:12,071 [pool-549-thread-1] INFO  ratis.ContainerStateMachine (ContainerStateMachine.java:loadSnapshot(223)) - group-28F059BB15A6: The snapshot info is null. Setting the last applied indexto:(t:0, i:~)
2019-11-14 17:39:12,071 [pool-599-thread-1] INFO  server.RaftServerConfigKeys (ConfUtils.java:logGet(43)) - raft.server.log.use.memory = false (default)
2019-11-14 17:39:12,071 [pool-589-thread-1] INFO  server.RaftServerConfigKeys (ConfUtils.java:logGet(43)) - raft.server.notification.no-leader.timeout = 120s (custom)
2019-11-14 17:39:12,071 [pool-599-thread-1] INFO  server.RaftServerConfigKeys (ConfUtils.java:logGet(43)) - raft.server.log.purge.gap = 1000000 (custom)
2019-11-14 17:39:12,071 [pool-549-thread-1] INFO  server.RaftServerConfigKeys (ConfUtils.java:logGet(43)) - raft.server.notification.no-leader.timeout = 120s (custom)
2019-11-14 17:39:12,072 [pool-599-thread-1] INFO  server.RaftServerConfigKeys (ConfUtils.java:logGet(43)) - raft.server.log.appender.buffer.byte-limit = 33554432 (custom)
2019-11-14 17:39:12,071 [pool-589-thread-1] INFO  server.RaftServerConfigKeys (ConfUtils.java:logGet(43)) - raft.server.log.use.memory = false (default)
2019-11-14 17:39:12,072 [pool-599-thread-1] INFO  server.RaftServerConfigKeys (ConfUtils.java:logGet(43)) - raft.server.log.segment.size.max = 1048576 (custom)
2019-11-14 17:39:12,072 [pool-549-thread-1] INFO  server.RaftServerConfigKeys (ConfUtils.java:logGet(43)) - raft.server.log.use.memory = false (default)
2019-11-14 17:39:12,072 [pool-599-thread-1] INFO  server.RaftServerConfigKeys (ConfUtils.java:logGet(43)) - raft.server.log.segment.cache.num.max = 2 (custom)
2019-11-14 17:39:12,072 [pool-589-thread-1] INFO  server.RaftServerConfigKeys (ConfUtils.java:logGet(43)) - raft.server.log.purge.gap = 1000000 (custom)
2019-11-14 17:39:12,072 [pool-599-thread-1] INFO  segmented.SegmentedRaftLogWorker (SegmentedRaftLogWorker.java:<init>(173)) - new d0c52919-9387-42b7-9191-3f4b0bb9b568@group-28F059BB15A6-SegmentedRaftLogWorker for RaftStorage:Storage Directory /workdir/hadoop-ozone/integration-test/target/test-dir/MiniOzoneClusterImpl-76142843-c060-4c87-bf9f-3caeb3385afc/datanode-9/data/ratis/ca9d7718-40ec-45c6-a8b8-28f059bb15a6
2019-11-14 17:39:12,072 [pool-599-thread-1] INFO  server.RaftServerConfigKeys (ConfUtils.java:logGet(43)) - raft.server.log.queue.byte-limit = 2147483647 (custom)
2019-11-14 17:39:12,072 [pool-549-thread-1] INFO  server.RaftServerConfigKeys (ConfUtils.java:logGet(43)) - raft.server.log.purge.gap = 1000000 (custom)
2019-11-14 17:39:12,072 [pool-599-thread-1] INFO  server.RaftServerConfigKeys (ConfUtils.java:logGet(43)) - raft.server.log.queue.element-limit = 1024 (custom)
2019-11-14 17:39:12,073 [pool-599-thread-1] INFO  server.RaftServerConfigKeys (ConfUtils.java:logGet(43)) - raft.server.log.segment.size.max = 1048576 (custom)
2019-11-14 17:39:12,072 [pool-589-thread-1] INFO  server.RaftServerConfigKeys (ConfUtils.java:logGet(43)) - raft.server.log.appender.buffer.byte-limit = 33554432 (custom)
2019-11-14 17:39:12,073 [pool-599-thread-1] INFO  server.RaftServerConfigKeys (ConfUtils.java:logGet(43)) - raft.server.log.preallocated.size = 16384 (custom)
2019-11-14 17:39:12,073 [pool-549-thread-1] INFO  server.RaftServerConfigKeys (ConfUtils.java:logGet(43)) - raft.server.log.appender.buffer.byte-limit = 33554432 (custom)
2019-11-14 17:39:12,073 [pool-599-thread-1] INFO  server.RaftServerConfigKeys (ConfUtils.java:logGet(43)) - raft.server.log.write.buffer.size = 33554432 (custom)
2019-11-14 17:39:12,073 [pool-599-thread-1] INFO  server.RaftServerConfigKeys (ConfUtils.java:logGet(43)) - raft.server.log.force.sync.num = 128 (default)
2019-11-14 17:39:12,073 [pool-589-thread-1] INFO  server.RaftServerConfigKeys (ConfUtils.java:logGet(43)) - raft.server.log.segment.size.max = 1048576 (custom)
2019-11-14 17:39:12,073 [pool-599-thread-1] INFO  server.RaftServerConfigKeys (ConfUtils.java:logGet(43)) - raft.server.log.statemachine.data.sync = true (default)
2019-11-14 17:39:12,073 [pool-599-thread-1] INFO  server.RaftServerConfigKeys (ConfUtils.java:logGet(43)) - raft.server.log.statemachine.data.sync.timeout = 10s (default)
2019-11-14 17:39:12,073 [pool-549-thread-1] INFO  server.RaftServerConfigKeys (ConfUtils.java:logGet(43)) - raft.server.log.segment.size.max = 1048576 (custom)
2019-11-14 17:39:12,073 [pool-599-thread-1] INFO  server.RaftServerConfigKeys (ConfUtils.java:logGet(43)) - raft.server.log.statemachine.data.sync.timeout.retry = -1 (default)
2019-11-14 17:39:12,073 [pool-589-thread-1] INFO  server.RaftServerConfigKeys (ConfUtils.java:logGet(43)) - raft.server.log.segment.cache.num.max = 2 (custom)
2019-11-14 17:39:12,074 [pool-599-thread-1] INFO  server.RaftServerConfigKeys (ConfUtils.java:logGet(43)) - raft.server.log.statemachine.data.caching.enabled = true (custom)
2019-11-14 17:39:12,074 [pool-549-thread-1] INFO  server.RaftServerConfigKeys (ConfUtils.java:logGet(43)) - raft.server.log.segment.cache.num.max = 2 (custom)
2019-11-14 17:39:12,074 [pool-589-thread-1] INFO  segmented.SegmentedRaftLogWorker (SegmentedRaftLogWorker.java:<init>(173)) - new d0d029c9-c080-45aa-9428-ec9c2afb2e55@group-28F059BB15A6-SegmentedRaftLogWorker for RaftStorage:Storage Directory /workdir/hadoop-ozone/integration-test/target/test-dir/MiniOzoneClusterImpl-76142843-c060-4c87-bf9f-3caeb3385afc/datanode-8/data/ratis/ca9d7718-40ec-45c6-a8b8-28f059bb15a6
2019-11-14 17:39:12,074 [pool-599-thread-1] INFO  segmented.SegmentedRaftLogWorker (SegmentedRaftLogWorker.java:lambda$new$0(128)) - d0c52919-9387-42b7-9191-3f4b0bb9b568@group-28F059BB15A6-SegmentedRaftLogWorker: flushIndex: setUnconditionally 0 -> -1
2019-11-14 17:39:12,074 [pool-549-thread-1] INFO  segmented.SegmentedRaftLogWorker (SegmentedRaftLogWorker.java:<init>(173)) - new 521325b2-2ced-4cee-b44f-acc523c049d7@group-28F059BB15A6-SegmentedRaftLogWorker for RaftStorage:Storage Directory /workdir/hadoop-ozone/integration-test/target/test-dir/MiniOzoneClusterImpl-76142843-c060-4c87-bf9f-3caeb3385afc/datanode-4/data/ratis/ca9d7718-40ec-45c6-a8b8-28f059bb15a6
2019-11-14 17:39:12,074 [pool-589-thread-1] INFO  server.RaftServerConfigKeys (ConfUtils.java:logGet(43)) - raft.server.log.queue.byte-limit = 2147483647 (custom)
2019-11-14 17:39:12,074 [pool-599-thread-1] INFO  server.RaftServerConfigKeys (ConfUtils.java:logGet(43)) - raft.server.snapshot.auto.trigger.enabled = true (custom)
2019-11-14 17:39:12,074 [pool-549-thread-1] INFO  server.RaftServerConfigKeys (ConfUtils.java:logGet(43)) - raft.server.log.queue.byte-limit = 2147483647 (custom)
2019-11-14 17:39:12,074 [pool-599-thread-1] INFO  server.RaftServerConfigKeys (ConfUtils.java:logGet(43)) - raft.server.snapshot.auto.trigger.threshold = 10000 (custom)
2019-11-14 17:39:12,075 [pool-599-thread-1] INFO  server.RaftServerConfigKeys (ConfUtils.java:logGet(43)) - raft.server.snapshot.retention.file.num = 5 (custom)
2019-11-14 17:39:12,074 [pool-589-thread-1] INFO  server.RaftServerConfigKeys (ConfUtils.java:logGet(43)) - raft.server.log.queue.element-limit = 1024 (custom)
2019-11-14 17:39:12,075 [pool-599-thread-1] INFO  server.RaftServerConfigKeys (ConfUtils.java:logGet(43)) - raft.server.retrycache.expirytime = 600000ms (custom)
2019-11-14 17:39:12,075 [pool-549-thread-1] INFO  server.RaftServerConfigKeys (ConfUtils.java:logGet(43)) - raft.server.log.queue.element-limit = 1024 (custom)
2019-11-14 17:39:12,075 [pool-599-thread-1] WARN  impl.MetricRegistriesImpl (MetricRegistriesImpl.java:lambda$create$1(61)) - First MetricRegistry has been created without registering reporters. You may need to call MetricRegistries.global().addReportRegistration(...) before.
2019-11-14 17:39:12,075 [pool-589-thread-1] INFO  server.RaftServerConfigKeys (ConfUtils.java:logGet(43)) - raft.server.log.segment.size.max = 1048576 (custom)
2019-11-14 17:39:12,075 [pool-599-thread-1] WARN  impl.MetricRegistriesImpl (MetricRegistriesImpl.java:lambda$create$1(61)) - First MetricRegistry has been created without registering reporters. You may need to call MetricRegistries.global().addReportRegistration(...) before.
2019-11-14 17:39:12,075 [pool-549-thread-1] INFO  server.RaftServerConfigKeys (ConfUtils.java:logGet(43)) - raft.server.log.segment.size.max = 1048576 (custom)
2019-11-14 17:39:12,075 [pool-599-thread-1] INFO  impl.RaftServerImpl (RaftServerImpl.java:start(184)) - d0c52919-9387-42b7-9191-3f4b0bb9b568@group-28F059BB15A6: start as a follower, conf=-1: [d0c52919-9387-42b7-9191-3f4b0bb9b568:192.168.157.194:42749, d0d029c9-c080-45aa-9428-ec9c2afb2e55:192.168.157.194:41166, 521325b2-2ced-4cee-b44f-acc523c049d7:192.168.157.194:33976], old=null
2019-11-14 17:39:12,075 [pool-589-thread-1] INFO  server.RaftServerConfigKeys (ConfUtils.java:logGet(43)) - raft.server.log.preallocated.size = 16384 (custom)
2019-11-14 17:39:12,076 [pool-599-thread-1] INFO  impl.RaftServerImpl (RaftServerImpl.java:setRole(173)) - d0c52919-9387-42b7-9191-3f4b0bb9b568@group-28F059BB15A6: changes role from      null to FOLLOWER at term 0 for startAsFollower
2019-11-14 17:39:12,075 [pool-549-thread-1] INFO  server.RaftServerConfigKeys (ConfUtils.java:logGet(43)) - raft.server.log.preallocated.size = 16384 (custom)
2019-11-14 17:39:12,076 [pool-599-thread-1] INFO  impl.RoleInfo (RoleInfo.java:updateAndGet(143)) - d0c52919-9387-42b7-9191-3f4b0bb9b568: start FollowerState
2019-11-14 17:39:12,076 [pool-589-thread-1] INFO  server.RaftServerConfigKeys (ConfUtils.java:logGet(43)) - raft.server.log.write.buffer.size = 33554432 (custom)
2019-11-14 17:39:12,076 [pool-549-thread-1] INFO  server.RaftServerConfigKeys (ConfUtils.java:logGet(43)) - raft.server.log.write.buffer.size = 33554432 (custom)
2019-11-14 17:39:12,076 [pool-589-thread-1] INFO  server.RaftServerConfigKeys (ConfUtils.java:logGet(43)) - raft.server.log.force.sync.num = 128 (default)
2019-11-14 17:39:12,076 [pool-599-thread-1] INFO  util.JmxRegister (JmxRegister.java:tryRegister(44)) - Successfully registered JMX Bean with object name Ratis:service=RaftServer,group=group-28F059BB15A6,id=d0c52919-9387-42b7-9191-3f4b0bb9b568
2019-11-14 17:39:12,076 [pool-549-thread-1] INFO  server.RaftServerConfigKeys (ConfUtils.java:logGet(43)) - raft.server.log.force.sync.num = 128 (default)
2019-11-14 17:39:12,076 [pool-599-thread-1] WARN  impl.MetricRegistriesImpl (MetricRegistriesImpl.java:lambda$create$1(61)) - First MetricRegistry has been created without registering reporters. You may need to call MetricRegistries.global().addReportRegistration(...) before.
2019-11-14 17:39:12,076 [pool-589-thread-1] INFO  server.RaftServerConfigKeys (ConfUtils.java:logGet(43)) - raft.server.log.statemachine.data.sync = true (default)
2019-11-14 17:39:12,077 [pool-589-thread-1] INFO  server.RaftServerConfigKeys (ConfUtils.java:logGet(43)) - raft.server.log.statemachine.data.sync.timeout = 10s (default)
2019-11-14 17:39:12,076 [pool-549-thread-1] INFO  server.RaftServerConfigKeys (ConfUtils.java:logGet(43)) - raft.server.log.statemachine.data.sync = true (default)
2019-11-14 17:39:12,077 [pool-589-thread-1] INFO  server.RaftServerConfigKeys (ConfUtils.java:logGet(43)) - raft.server.log.statemachine.data.sync.timeout.retry = -1 (default)
2019-11-14 17:39:12,077 [pool-549-thread-1] INFO  server.RaftServerConfigKeys (ConfUtils.java:logGet(43)) - raft.server.log.statemachine.data.sync.timeout = 10s (default)
2019-11-14 17:39:12,077 [pool-589-thread-1] INFO  server.RaftServerConfigKeys (ConfUtils.java:logGet(43)) - raft.server.log.statemachine.data.caching.enabled = true (custom)
2019-11-14 17:39:12,077 [pool-549-thread-1] INFO  server.RaftServerConfigKeys (ConfUtils.java:logGet(43)) - raft.server.log.statemachine.data.sync.timeout.retry = -1 (default)
2019-11-14 17:39:12,078 [pool-549-thread-1] INFO  server.RaftServerConfigKeys (ConfUtils.java:logGet(43)) - raft.server.log.statemachine.data.caching.enabled = true (custom)
2019-11-14 17:39:12,078 [pool-589-thread-1] INFO  segmented.SegmentedRaftLogWorker (SegmentedRaftLogWorker.java:lambda$new$0(128)) - d0d029c9-c080-45aa-9428-ec9c2afb2e55@group-28F059BB15A6-SegmentedRaftLogWorker: flushIndex: setUnconditionally 0 -> -1
2019-11-14 17:39:12,078 [pool-549-thread-1] INFO  segmented.SegmentedRaftLogWorker (SegmentedRaftLogWorker.java:lambda$new$0(128)) - 521325b2-2ced-4cee-b44f-acc523c049d7@group-28F059BB15A6-SegmentedRaftLogWorker: flushIndex: setUnconditionally 0 -> -1
2019-11-14 17:39:12,078 [pool-589-thread-1] INFO  server.RaftServerConfigKeys (ConfUtils.java:logGet(43)) - raft.server.snapshot.auto.trigger.enabled = true (custom)
2019-11-14 17:39:12,078 [pool-549-thread-1] INFO  server.RaftServerConfigKeys (ConfUtils.java:logGet(43)) - raft.server.snapshot.auto.trigger.enabled = true (custom)
2019-11-14 17:39:12,078 [pool-589-thread-1] INFO  server.RaftServerConfigKeys (ConfUtils.java:logGet(43)) - raft.server.snapshot.auto.trigger.threshold = 10000 (custom)
2019-11-14 17:39:12,078 [pool-549-thread-1] INFO  server.RaftServerConfigKeys (ConfUtils.java:logGet(43)) - raft.server.snapshot.auto.trigger.threshold = 10000 (custom)
2019-11-14 17:39:12,078 [pool-589-thread-1] INFO  server.RaftServerConfigKeys (ConfUtils.java:logGet(43)) - raft.server.snapshot.retention.file.num = 5 (custom)
2019-11-14 17:39:12,078 [pool-549-thread-1] INFO  server.RaftServerConfigKeys (ConfUtils.java:logGet(43)) - raft.server.snapshot.retention.file.num = 5 (custom)
2019-11-14 17:39:12,079 [pool-589-thread-1] INFO  server.RaftServerConfigKeys (ConfUtils.java:logGet(43)) - raft.server.retrycache.expirytime = 600000ms (custom)
2019-11-14 17:39:12,079 [pool-549-thread-1] INFO  server.RaftServerConfigKeys (ConfUtils.java:logGet(43)) - raft.server.retrycache.expirytime = 600000ms (custom)
2019-11-14 17:39:12,079 [pool-589-thread-1] WARN  impl.MetricRegistriesImpl (MetricRegistriesImpl.java:lambda$create$1(61)) - First MetricRegistry has been created without registering reporters. You may need to call MetricRegistries.global().addReportRegistration(...) before.
2019-11-14 17:39:12,079 [pool-549-thread-1] WARN  impl.MetricRegistriesImpl (MetricRegistriesImpl.java:lambda$create$1(61)) - First MetricRegistry has been created without registering reporters. You may need to call MetricRegistries.global().addReportRegistration(...) before.
2019-11-14 17:39:12,079 [pool-589-thread-1] WARN  impl.MetricRegistriesImpl (MetricRegistriesImpl.java:lambda$create$1(61)) - First MetricRegistry has been created without registering reporters. You may need to call MetricRegistries.global().addReportRegistration(...) before.
2019-11-14 17:39:12,079 [pool-549-thread-1] WARN  impl.MetricRegistriesImpl (MetricRegistriesImpl.java:lambda$create$1(61)) - First MetricRegistry has been created without registering reporters. You may need to call MetricRegistries.global().addReportRegistration(...) before.
2019-11-14 17:39:12,079 [pool-589-thread-1] INFO  impl.RaftServerImpl (RaftServerImpl.java:start(184)) - d0d029c9-c080-45aa-9428-ec9c2afb2e55@group-28F059BB15A6: start as a follower, conf=-1: [d0c52919-9387-42b7-9191-3f4b0bb9b568:192.168.157.194:42749, d0d029c9-c080-45aa-9428-ec9c2afb2e55:192.168.157.194:41166, 521325b2-2ced-4cee-b44f-acc523c049d7:192.168.157.194:33976], old=null
2019-11-14 17:39:12,079 [pool-549-thread-1] INFO  impl.RaftServerImpl (RaftServerImpl.java:start(184)) - 521325b2-2ced-4cee-b44f-acc523c049d7@group-28F059BB15A6: start as a follower, conf=-1: [d0c52919-9387-42b7-9191-3f4b0bb9b568:192.168.157.194:42749, d0d029c9-c080-45aa-9428-ec9c2afb2e55:192.168.157.194:41166, 521325b2-2ced-4cee-b44f-acc523c049d7:192.168.157.194:33976], old=null
2019-11-14 17:39:12,079 [pool-589-thread-1] INFO  impl.RaftServerImpl (RaftServerImpl.java:setRole(173)) - d0d029c9-c080-45aa-9428-ec9c2afb2e55@group-28F059BB15A6: changes role from      null to FOLLOWER at term 0 for startAsFollower
2019-11-14 17:39:12,080 [pool-549-thread-1] INFO  impl.RaftServerImpl (RaftServerImpl.java:setRole(173)) - 521325b2-2ced-4cee-b44f-acc523c049d7@group-28F059BB15A6: changes role from      null to FOLLOWER at term 0 for startAsFollower
2019-11-14 17:39:12,080 [pool-589-thread-1] INFO  impl.RoleInfo (RoleInfo.java:updateAndGet(143)) - d0d029c9-c080-45aa-9428-ec9c2afb2e55: start FollowerState
2019-11-14 17:39:12,080 [pool-549-thread-1] INFO  impl.RoleInfo (RoleInfo.java:updateAndGet(143)) - 521325b2-2ced-4cee-b44f-acc523c049d7: start FollowerState
2019-11-14 17:39:12,080 [pool-589-thread-1] INFO  util.JmxRegister (JmxRegister.java:tryRegister(44)) - Successfully registered JMX Bean with object name Ratis:service=RaftServer,group=group-28F059BB15A6,id=d0d029c9-c080-45aa-9428-ec9c2afb2e55
2019-11-14 17:39:12,080 [pool-549-thread-1] INFO  util.JmxRegister (JmxRegister.java:tryRegister(44)) - Successfully registered JMX Bean with object name Ratis:service=RaftServer,group=group-28F059BB15A6,id=521325b2-2ced-4cee-b44f-acc523c049d7
2019-11-14 17:39:12,080 [pool-589-thread-1] WARN  impl.MetricRegistriesImpl (MetricRegistriesImpl.java:lambda$create$1(61)) - First MetricRegistry has been created without registering reporters. You may need to call MetricRegistries.global().addReportRegistration(...) before.
2019-11-14 17:39:12,080 [pool-549-thread-1] WARN  impl.MetricRegistriesImpl (MetricRegistriesImpl.java:lambda$create$1(61)) - First MetricRegistry has been created without registering reporters. You may need to call MetricRegistries.global().addReportRegistration(...) before.
2019-11-14 17:39:12,083 [RatisPipelineUtilsThread] INFO  pipeline.PipelineStateManager (PipelineStateManager.java:addPipeline(55)) - Created pipeline Pipeline[ Id: ca9d7718-40ec-45c6-a8b8-28f059bb15a6, Nodes: d0c52919-9387-42b7-9191-3f4b0bb9b568{ip: 192.168.157.194, host: pr-hdds-2482-j87dr-2776293630, networkLocation: /rack1, certSerialId: null}d0d029c9-c080-45aa-9428-ec9c2afb2e55{ip: 192.168.157.194, host: pr-hdds-2482-j87dr-2776293630, networkLocation: /rack1, certSerialId: null}521325b2-2ced-4cee-b44f-acc523c049d7{ip: 192.168.157.194, host: pr-hdds-2482-j87dr-2776293630, networkLocation: /rack1, certSerialId: null}, Type:RATIS, Factor:THREE, State:ALLOCATED]
2019-11-14 17:39:12,083 [Thread-3855] INFO  pipeline.PipelineStateManager (PipelineStateManager.java:finalizePipeline(121)) - Pipeline Pipeline[ Id: c05b6709-317c-4f5b-b5d4-839e6dee0b95, Nodes: da9d3605-d5bb-4af4-b35f-64e6f231f8df{ip: 192.168.157.194, host: pr-hdds-2482-j87dr-2776293630, networkLocation: /rack1, certSerialId: null}, Type:RATIS, Factor:ONE, State:CLOSED] moved to CLOSED state
2019-11-14 17:39:12,085 [grpc-default-executor-3] INFO  impl.RaftServerProxy (RaftServerProxy.java:remove(95)) - da9d3605-d5bb-4af4-b35f-64e6f231f8df: remove    LEADER da9d3605-d5bb-4af4-b35f-64e6f231f8df@group-839E6DEE0B95:t1, leader=da9d3605-d5bb-4af4-b35f-64e6f231f8df, voted=da9d3605-d5bb-4af4-b35f-64e6f231f8df, raftlog=da9d3605-d5bb-4af4-b35f-64e6f231f8df@group-839E6DEE0B95-SegmentedRaftLog:OPENED:c0,f0,i0, conf=0: [da9d3605-d5bb-4af4-b35f-64e6f231f8df:192.168.157.194:36645], old=null RUNNING
2019-11-14 17:39:12,085 [grpc-default-executor-3] INFO  impl.RaftServerImpl (RaftServerImpl.java:lambda$shutdown$3(250)) - da9d3605-d5bb-4af4-b35f-64e6f231f8df@group-839E6DEE0B95: shutdown
2019-11-14 17:39:12,086 [grpc-default-executor-3] INFO  util.JmxRegister (JmxRegister.java:unregister(73)) - Successfully un-registered JMX Bean with object name Ratis:service=RaftServer,group=group-839E6DEE0B95,id=da9d3605-d5bb-4af4-b35f-64e6f231f8df
2019-11-14 17:39:12,086 [grpc-default-executor-3] INFO  impl.RoleInfo (RoleInfo.java:shutdownLeaderState(104)) - da9d3605-d5bb-4af4-b35f-64e6f231f8df: shutdown LeaderState
2019-11-14 17:39:12,086 [grpc-default-executor-3] INFO  impl.PendingRequests (PendingRequests.java:sendNotLeaderResponses(206)) - da9d3605-d5bb-4af4-b35f-64e6f231f8df@group-839E6DEE0B95-PendingRequests: sendNotLeaderResponses
2019-11-14 17:39:12,086 [grpc-default-executor-3] INFO  impl.StateMachineUpdater (StateMachineUpdater.java:stopAndJoin(136)) - da9d3605-d5bb-4af4-b35f-64e6f231f8df@group-839E6DEE0B95-StateMachineUpdater: set stopIndex = 0
2019-11-14 17:39:12,086 [grpc-default-executor-3] INFO  impl.RaftServerImpl (ServerState.java:close(387)) - da9d3605-d5bb-4af4-b35f-64e6f231f8df@group-839E6DEE0B95: closes. applyIndex: 0
2019-11-14 17:39:12,087 [da9d3605-d5bb-4af4-b35f-64e6f231f8df@group-839E6DEE0B95-SegmentedRaftLogWorker] INFO  segmented.SegmentedRaftLogWorker (SegmentedRaftLogWorker.java:run(316)) - da9d3605-d5bb-4af4-b35f-64e6f231f8df@group-839E6DEE0B95-SegmentedRaftLogWorker was interrupted, exiting. There are 0 tasks remaining in the queue.
2019-11-14 17:39:12,087 [grpc-default-executor-3] INFO  segmented.SegmentedRaftLogWorker (SegmentedRaftLogWorker.java:close(224)) - da9d3605-d5bb-4af4-b35f-64e6f231f8df@group-839E6DEE0B95-SegmentedRaftLogWorker close()
2019-11-14 17:39:12,092 [Thread-3855] INFO  pipeline.PipelineStateManager (PipelineStateManager.java:removePipeline(106)) - Pipeline Pipeline[ Id: c05b6709-317c-4f5b-b5d4-839e6dee0b95, Nodes: da9d3605-d5bb-4af4-b35f-64e6f231f8df{ip: 192.168.157.194, host: pr-hdds-2482-j87dr-2776293630, networkLocation: /rack1, certSerialId: null}, Type:RATIS, Factor:ONE, State:CLOSED] removed from db
2019-11-14 17:39:12,092 [Thread-3855] INFO  pipeline.SCMPipelineManager (SCMPipelineManager.java:finalizeAndDestroyPipeline(315)) - destroying pipeline:Pipeline[ Id: de6fc07d-fc71-4e96-bcd5-3e4101cb958c, Nodes: 6301bead-719a-4dde-94bc-f4c716ecb4e0{ip: 192.168.157.194, host: pr-hdds-2482-j87dr-2776293630, networkLocation: /rack1, certSerialId: null}, Type:RATIS, Factor:ONE, State:OPEN]
2019-11-14 17:39:12,095 [grpc-default-executor-3] INFO  impl.RaftServerProxy (RaftServerProxy.java:addNew(89)) - da9d3605-d5bb-4af4-b35f-64e6f231f8df: addNew group-7B11EE65685C:[da9d3605-d5bb-4af4-b35f-64e6f231f8df:192.168.157.194:36645] returns group-7B11EE65685C:java.util.concurrent.CompletableFuture@42aa68fe[Not completed]
2019-11-14 17:39:12,095 [pool-539-thread-1] INFO  impl.RaftServerImpl (RaftServerImpl.java:<init>(98)) - da9d3605-d5bb-4af4-b35f-64e6f231f8df: new RaftServerImpl for group-7B11EE65685C:[da9d3605-d5bb-4af4-b35f-64e6f231f8df:192.168.157.194:36645] with ContainerStateMachine:uninitialized
2019-11-14 17:39:12,095 [pool-539-thread-1] INFO  server.RaftServerConfigKeys (ConfUtils.java:logGet(43)) - raft.server.rpc.timeout.min = 1s (custom)
2019-11-14 17:39:12,096 [pool-539-thread-1] INFO  server.RaftServerConfigKeys (ConfUtils.java:logGet(43)) - raft.server.rpc.timeout.max = 1200ms (custom)
2019-11-14 17:39:12,096 [pool-539-thread-1] INFO  server.RaftServerConfigKeys (ConfUtils.java:logGet(43)) - raft.server.rpcslowness.timeout = 120s (custom)
2019-11-14 17:39:12,096 [pool-539-thread-1] INFO  server.RaftServerConfigKeys (ConfUtils.java:logGet(43)) - raft.server.sleep.deviation.threshold = 300 (default)
2019-11-14 17:39:12,096 [pool-539-thread-1] INFO  server.RaftServerConfigKeys (ConfUtils.java:logGet(43)) - raft.server.log.appender.install.snapshot.enabled = false (custom)
2019-11-14 17:39:12,096 [pool-539-thread-1] INFO  impl.RaftServerImpl (ServerState.java:<init>(103)) - da9d3605-d5bb-4af4-b35f-64e6f231f8df@group-7B11EE65685C: ConfigurationManager, init=-1: [da9d3605-d5bb-4af4-b35f-64e6f231f8df:192.168.157.194:36645], old=null, confs=<EMPTY_MAP>
2019-11-14 17:39:12,096 [pool-539-thread-1] INFO  server.RaftServerConfigKeys (ConfUtils.java:logGet(43)) - raft.server.storage.dir = [/workdir/hadoop-ozone/integration-test/target/test-dir/MiniOzoneClusterImpl-76142843-c060-4c87-bf9f-3caeb3385afc/datanode-3/data/ratis] (custom)
2019-11-14 17:39:12,096 [pool-539-thread-1] INFO  server.RaftServerConfigKeys (ConfUtils.java:logGet(43)) - raft.server.log.corruption.policy = EXCEPTION (default)
2019-11-14 17:39:12,096 [pool-539-thread-1] INFO  storage.RaftStorageDirectory (RaftStorageDirectory.java:analyzeStorage(246)) - The storage directory /workdir/hadoop-ozone/integration-test/target/test-dir/MiniOzoneClusterImpl-76142843-c060-4c87-bf9f-3caeb3385afc/datanode-3/data/ratis/d869a13c-4522-45a1-b1ba-7b11ee65685c does not exist. Creating ...
2019-11-14 17:39:12,118 [pool-539-thread-1] INFO  storage.RaftStorageDirectory (RaftStorageDirectory.java:tryLock(328)) - Lock on /workdir/hadoop-ozone/integration-test/target/test-dir/MiniOzoneClusterImpl-76142843-c060-4c87-bf9f-3caeb3385afc/datanode-3/data/ratis/d869a13c-4522-45a1-b1ba-7b11ee65685c/in_use.lock acquired by nodename 10142@pr-hdds-2482-j87dr-2776293630
2019-11-14 17:39:12,138 [pool-539-thread-1] INFO  storage.RaftStorage (RaftStorage.java:format(84)) - Storage directory /workdir/hadoop-ozone/integration-test/target/test-dir/MiniOzoneClusterImpl-76142843-c060-4c87-bf9f-3caeb3385afc/datanode-3/data/ratis/d869a13c-4522-45a1-b1ba-7b11ee65685c has been successfully formatted.
2019-11-14 17:39:12,139 [pool-539-thread-1] INFO  ratis.ContainerStateMachine (ContainerStateMachine.java:loadSnapshot(223)) - group-7B11EE65685C: The snapshot info is null. Setting the last applied indexto:(t:0, i:~)
2019-11-14 17:39:12,139 [pool-539-thread-1] INFO  server.RaftServerConfigKeys (ConfUtils.java:logGet(43)) - raft.server.notification.no-leader.timeout = 120s (custom)
2019-11-14 17:39:12,139 [pool-539-thread-1] INFO  server.RaftServerConfigKeys (ConfUtils.java:logGet(43)) - raft.server.log.use.memory = false (default)
2019-11-14 17:39:12,139 [pool-539-thread-1] INFO  server.RaftServerConfigKeys (ConfUtils.java:logGet(43)) - raft.server.log.purge.gap = 1000000 (custom)
2019-11-14 17:39:12,139 [pool-539-thread-1] INFO  server.RaftServerConfigKeys (ConfUtils.java:logGet(43)) - raft.server.log.appender.buffer.byte-limit = 33554432 (custom)
2019-11-14 17:39:12,139 [pool-539-thread-1] INFO  server.RaftServerConfigKeys (ConfUtils.java:logGet(43)) - raft.server.log.segment.size.max = 1048576 (custom)
2019-11-14 17:39:12,139 [pool-539-thread-1] INFO  server.RaftServerConfigKeys (ConfUtils.java:logGet(43)) - raft.server.log.segment.cache.num.max = 2 (custom)
2019-11-14 17:39:12,139 [pool-539-thread-1] INFO  segmented.SegmentedRaftLogWorker (SegmentedRaftLogWorker.java:<init>(173)) - new da9d3605-d5bb-4af4-b35f-64e6f231f8df@group-7B11EE65685C-SegmentedRaftLogWorker for RaftStorage:Storage Directory /workdir/hadoop-ozone/integration-test/target/test-dir/MiniOzoneClusterImpl-76142843-c060-4c87-bf9f-3caeb3385afc/datanode-3/data/ratis/d869a13c-4522-45a1-b1ba-7b11ee65685c
2019-11-14 17:39:12,139 [pool-539-thread-1] INFO  server.RaftServerConfigKeys (ConfUtils.java:logGet(43)) - raft.server.log.queue.byte-limit = 2147483647 (custom)
2019-11-14 17:39:12,139 [pool-539-thread-1] INFO  server.RaftServerConfigKeys (ConfUtils.java:logGet(43)) - raft.server.log.queue.element-limit = 1024 (custom)
2019-11-14 17:39:12,140 [pool-539-thread-1] INFO  server.RaftServerConfigKeys (ConfUtils.java:logGet(43)) - raft.server.log.segment.size.max = 1048576 (custom)
2019-11-14 17:39:12,140 [pool-539-thread-1] INFO  server.RaftServerConfigKeys (ConfUtils.java:logGet(43)) - raft.server.log.preallocated.size = 16384 (custom)
2019-11-14 17:39:12,140 [pool-539-thread-1] INFO  server.RaftServerConfigKeys (ConfUtils.java:logGet(43)) - raft.server.log.write.buffer.size = 33554432 (custom)
2019-11-14 17:39:12,140 [pool-539-thread-1] INFO  server.RaftServerConfigKeys (ConfUtils.java:logGet(43)) - raft.server.log.force.sync.num = 128 (default)
2019-11-14 17:39:12,140 [pool-539-thread-1] INFO  server.RaftServerConfigKeys (ConfUtils.java:logGet(43)) - raft.server.log.statemachine.data.sync = true (default)
2019-11-14 17:39:12,140 [pool-539-thread-1] INFO  server.RaftServerConfigKeys (ConfUtils.java:logGet(43)) - raft.server.log.statemachine.data.sync.timeout = 10s (default)
2019-11-14 17:39:12,140 [pool-539-thread-1] INFO  server.RaftServerConfigKeys (ConfUtils.java:logGet(43)) - raft.server.log.statemachine.data.sync.timeout.retry = -1 (default)
2019-11-14 17:39:12,140 [pool-539-thread-1] INFO  server.RaftServerConfigKeys (ConfUtils.java:logGet(43)) - raft.server.log.statemachine.data.caching.enabled = true (custom)
2019-11-14 17:39:12,140 [pool-539-thread-1] INFO  segmented.SegmentedRaftLogWorker (SegmentedRaftLogWorker.java:lambda$new$0(128)) - da9d3605-d5bb-4af4-b35f-64e6f231f8df@group-7B11EE65685C-SegmentedRaftLogWorker: flushIndex: setUnconditionally 0 -> -1
2019-11-14 17:39:12,141 [pool-539-thread-1] INFO  server.RaftServerConfigKeys (ConfUtils.java:logGet(43)) - raft.server.snapshot.auto.trigger.enabled = true (custom)
2019-11-14 17:39:12,141 [pool-539-thread-1] INFO  server.RaftServerConfigKeys (ConfUtils.java:logGet(43)) - raft.server.snapshot.auto.trigger.threshold = 10000 (custom)
2019-11-14 17:39:12,141 [pool-539-thread-1] INFO  server.RaftServerConfigKeys (ConfUtils.java:logGet(43)) - raft.server.snapshot.retention.file.num = 5 (custom)
2019-11-14 17:39:12,141 [pool-539-thread-1] INFO  server.RaftServerConfigKeys (ConfUtils.java:logGet(43)) - raft.server.retrycache.expirytime = 600000ms (custom)
2019-11-14 17:39:12,141 [pool-539-thread-1] WARN  impl.MetricRegistriesImpl (MetricRegistriesImpl.java:lambda$create$1(61)) - First MetricRegistry has been created without registering reporters. You may need to call MetricRegistries.global().addReportRegistration(...) before.
2019-11-14 17:39:12,141 [pool-539-thread-1] WARN  impl.MetricRegistriesImpl (MetricRegistriesImpl.java:lambda$create$1(61)) - First MetricRegistry has been created without registering reporters. You may need to call MetricRegistries.global().addReportRegistration(...) before.
2019-11-14 17:39:12,141 [pool-539-thread-1] INFO  impl.RaftServerImpl (RaftServerImpl.java:start(184)) - da9d3605-d5bb-4af4-b35f-64e6f231f8df@group-7B11EE65685C: start as a follower, conf=-1: [da9d3605-d5bb-4af4-b35f-64e6f231f8df:192.168.157.194:36645], old=null
2019-11-14 17:39:12,141 [pool-539-thread-1] INFO  impl.RaftServerImpl (RaftServerImpl.java:setRole(173)) - da9d3605-d5bb-4af4-b35f-64e6f231f8df@group-7B11EE65685C: changes role from      null to FOLLOWER at term 0 for startAsFollower
2019-11-14 17:39:12,141 [pool-539-thread-1] INFO  impl.RoleInfo (RoleInfo.java:updateAndGet(143)) - da9d3605-d5bb-4af4-b35f-64e6f231f8df: start FollowerState
2019-11-14 17:39:12,142 [pool-539-thread-1] INFO  util.JmxRegister (JmxRegister.java:tryRegister(44)) - Successfully registered JMX Bean with object name Ratis:service=RaftServer,group=group-7B11EE65685C,id=da9d3605-d5bb-4af4-b35f-64e6f231f8df
2019-11-14 17:39:12,142 [pool-539-thread-1] WARN  impl.MetricRegistriesImpl (MetricRegistriesImpl.java:lambda$create$1(61)) - First MetricRegistry has been created without registering reporters. You may need to call MetricRegistries.global().addReportRegistration(...) before.
2019-11-14 17:39:12,144 [RatisPipelineUtilsThread] INFO  pipeline.PipelineStateManager (PipelineStateManager.java:addPipeline(55)) - Created pipeline Pipeline[ Id: d869a13c-4522-45a1-b1ba-7b11ee65685c, Nodes: da9d3605-d5bb-4af4-b35f-64e6f231f8df{ip: 192.168.157.194, host: pr-hdds-2482-j87dr-2776293630, networkLocation: /rack1, certSerialId: null}, Type:RATIS, Factor:ONE, State:ALLOCATED]
2019-11-14 17:39:12,144 [Thread-3855] INFO  pipeline.PipelineStateManager (PipelineStateManager.java:finalizePipeline(121)) - Pipeline Pipeline[ Id: de6fc07d-fc71-4e96-bcd5-3e4101cb958c, Nodes: 6301bead-719a-4dde-94bc-f4c716ecb4e0{ip: 192.168.157.194, host: pr-hdds-2482-j87dr-2776293630, networkLocation: /rack1, certSerialId: null}, Type:RATIS, Factor:ONE, State:CLOSED] moved to CLOSED state
2019-11-14 17:39:12,147 [grpc-default-executor-3] INFO  impl.RaftServerProxy (RaftServerProxy.java:remove(95)) - 6301bead-719a-4dde-94bc-f4c716ecb4e0: remove    LEADER 6301bead-719a-4dde-94bc-f4c716ecb4e0@group-3E4101CB958C:t1, leader=6301bead-719a-4dde-94bc-f4c716ecb4e0, voted=6301bead-719a-4dde-94bc-f4c716ecb4e0, raftlog=6301bead-719a-4dde-94bc-f4c716ecb4e0@group-3E4101CB958C-SegmentedRaftLog:OPENED:c0,f0,i0, conf=0: [6301bead-719a-4dde-94bc-f4c716ecb4e0:192.168.157.194:46043], old=null RUNNING
2019-11-14 17:39:12,147 [grpc-default-executor-3] INFO  impl.RaftServerImpl (RaftServerImpl.java:lambda$shutdown$3(250)) - 6301bead-719a-4dde-94bc-f4c716ecb4e0@group-3E4101CB958C: shutdown
2019-11-14 17:39:12,147 [grpc-default-executor-3] INFO  util.JmxRegister (JmxRegister.java:unregister(73)) - Successfully un-registered JMX Bean with object name Ratis:service=RaftServer,group=group-3E4101CB958C,id=6301bead-719a-4dde-94bc-f4c716ecb4e0
2019-11-14 17:39:12,147 [grpc-default-executor-3] INFO  impl.RoleInfo (RoleInfo.java:shutdownLeaderState(104)) - 6301bead-719a-4dde-94bc-f4c716ecb4e0: shutdown LeaderState
2019-11-14 17:39:12,147 [grpc-default-executor-3] INFO  impl.PendingRequests (PendingRequests.java:sendNotLeaderResponses(206)) - 6301bead-719a-4dde-94bc-f4c716ecb4e0@group-3E4101CB958C-PendingRequests: sendNotLeaderResponses
2019-11-14 17:39:12,148 [grpc-default-executor-3] INFO  impl.StateMachineUpdater (StateMachineUpdater.java:stopAndJoin(136)) - 6301bead-719a-4dde-94bc-f4c716ecb4e0@group-3E4101CB958C-StateMachineUpdater: set stopIndex = 0
2019-11-14 17:39:12,148 [grpc-default-executor-3] INFO  impl.RaftServerImpl (ServerState.java:close(387)) - 6301bead-719a-4dde-94bc-f4c716ecb4e0@group-3E4101CB958C: closes. applyIndex: 0
2019-11-14 17:39:12,148 [6301bead-719a-4dde-94bc-f4c716ecb4e0@group-3E4101CB958C-SegmentedRaftLogWorker] INFO  segmented.SegmentedRaftLogWorker (SegmentedRaftLogWorker.java:run(316)) - 6301bead-719a-4dde-94bc-f4c716ecb4e0@group-3E4101CB958C-SegmentedRaftLogWorker was interrupted, exiting. There are 0 tasks remaining in the queue.
2019-11-14 17:39:12,148 [grpc-default-executor-3] INFO  segmented.SegmentedRaftLogWorker (SegmentedRaftLogWorker.java:close(224)) - 6301bead-719a-4dde-94bc-f4c716ecb4e0@group-3E4101CB958C-SegmentedRaftLogWorker close()
2019-11-14 17:39:12,153 [Thread-3855] INFO  pipeline.PipelineStateManager (PipelineStateManager.java:removePipeline(106)) - Pipeline Pipeline[ Id: de6fc07d-fc71-4e96-bcd5-3e4101cb958c, Nodes: 6301bead-719a-4dde-94bc-f4c716ecb4e0{ip: 192.168.157.194, host: pr-hdds-2482-j87dr-2776293630, networkLocation: /rack1, certSerialId: null}, Type:RATIS, Factor:ONE, State:CLOSED] removed from db
2019-11-14 17:39:12,154 [Thread-3855] INFO  pipeline.SCMPipelineManager (SCMPipelineManager.java:finalizeAndDestroyPipeline(315)) - destroying pipeline:Pipeline[ Id: dcff57ac-9940-43b7-84fe-a44b5930bc4a, Nodes: da9d3605-d5bb-4af4-b35f-64e6f231f8df{ip: 192.168.157.194, host: pr-hdds-2482-j87dr-2776293630, networkLocation: /rack1, certSerialId: null}9c88a047-7f73-4111-bf87-fe029dccbce6{ip: 192.168.157.194, host: pr-hdds-2482-j87dr-2776293630, networkLocation: /rack1, certSerialId: null}00aa4e63-81eb-4c33-a32e-b28e61c28a6d{ip: 192.168.157.194, host: pr-hdds-2482-j87dr-2776293630, networkLocation: /rack1, certSerialId: null}, Type:RATIS, Factor:THREE, State:OPEN]
2019-11-14 17:39:12,157 [grpc-default-executor-3] INFO  impl.RaftServerProxy (RaftServerProxy.java:addNew(89)) - 6301bead-719a-4dde-94bc-f4c716ecb4e0: addNew group-E044E43238B9:[6301bead-719a-4dde-94bc-f4c716ecb4e0:192.168.157.194:46043] returns group-E044E43238B9:java.util.concurrent.CompletableFuture@51181614[Not completed]
2019-11-14 17:39:12,158 [pool-569-thread-1] INFO  impl.RaftServerImpl (RaftServerImpl.java:<init>(98)) - 6301bead-719a-4dde-94bc-f4c716ecb4e0: new RaftServerImpl for group-E044E43238B9:[6301bead-719a-4dde-94bc-f4c716ecb4e0:192.168.157.194:46043] with ContainerStateMachine:uninitialized
2019-11-14 17:39:12,158 [pool-569-thread-1] INFO  server.RaftServerConfigKeys (ConfUtils.java:logGet(43)) - raft.server.rpc.timeout.min = 1s (custom)
2019-11-14 17:39:12,158 [pool-569-thread-1] INFO  server.RaftServerConfigKeys (ConfUtils.java:logGet(43)) - raft.server.rpc.timeout.max = 1200ms (custom)
2019-11-14 17:39:12,158 [pool-569-thread-1] INFO  server.RaftServerConfigKeys (ConfUtils.java:logGet(43)) - raft.server.rpcslowness.timeout = 120s (custom)
2019-11-14 17:39:12,158 [pool-569-thread-1] INFO  server.RaftServerConfigKeys (ConfUtils.java:logGet(43)) - raft.server.sleep.deviation.threshold = 300 (default)
2019-11-14 17:39:12,158 [pool-569-thread-1] INFO  server.RaftServerConfigKeys (ConfUtils.java:logGet(43)) - raft.server.log.appender.install.snapshot.enabled = false (custom)
2019-11-14 17:39:12,159 [pool-569-thread-1] INFO  impl.RaftServerImpl (ServerState.java:<init>(103)) - 6301bead-719a-4dde-94bc-f4c716ecb4e0@group-E044E43238B9: ConfigurationManager, init=-1: [6301bead-719a-4dde-94bc-f4c716ecb4e0:192.168.157.194:46043], old=null, confs=<EMPTY_MAP>
2019-11-14 17:39:12,159 [pool-569-thread-1] INFO  server.RaftServerConfigKeys (ConfUtils.java:logGet(43)) - raft.server.storage.dir = [/workdir/hadoop-ozone/integration-test/target/test-dir/MiniOzoneClusterImpl-76142843-c060-4c87-bf9f-3caeb3385afc/datanode-6/data/ratis] (custom)
2019-11-14 17:39:12,159 [pool-569-thread-1] INFO  server.RaftServerConfigKeys (ConfUtils.java:logGet(43)) - raft.server.log.corruption.policy = EXCEPTION (default)
2019-11-14 17:39:12,159 [pool-569-thread-1] INFO  storage.RaftStorageDirectory (RaftStorageDirectory.java:analyzeStorage(246)) - The storage directory /workdir/hadoop-ozone/integration-test/target/test-dir/MiniOzoneClusterImpl-76142843-c060-4c87-bf9f-3caeb3385afc/datanode-6/data/ratis/ecda59ac-296c-4981-93f2-e044e43238b9 does not exist. Creating ...
2019-11-14 17:39:12,182 [pool-569-thread-1] INFO  storage.RaftStorageDirectory (RaftStorageDirectory.java:tryLock(328)) - Lock on /workdir/hadoop-ozone/integration-test/target/test-dir/MiniOzoneClusterImpl-76142843-c060-4c87-bf9f-3caeb3385afc/datanode-6/data/ratis/ecda59ac-296c-4981-93f2-e044e43238b9/in_use.lock acquired by nodename 10142@pr-hdds-2482-j87dr-2776293630
2019-11-14 17:39:12,206 [pool-569-thread-1] INFO  storage.RaftStorage (RaftStorage.java:format(84)) - Storage directory /workdir/hadoop-ozone/integration-test/target/test-dir/MiniOzoneClusterImpl-76142843-c060-4c87-bf9f-3caeb3385afc/datanode-6/data/ratis/ecda59ac-296c-4981-93f2-e044e43238b9 has been successfully formatted.
2019-11-14 17:39:12,206 [pool-569-thread-1] INFO  ratis.ContainerStateMachine (ContainerStateMachine.java:loadSnapshot(223)) - group-E044E43238B9: The snapshot info is null. Setting the last applied indexto:(t:0, i:~)
2019-11-14 17:39:12,206 [pool-569-thread-1] INFO  server.RaftServerConfigKeys (ConfUtils.java:logGet(43)) - raft.server.notification.no-leader.timeout = 120s (custom)
2019-11-14 17:39:12,206 [pool-569-thread-1] INFO  server.RaftServerConfigKeys (ConfUtils.java:logGet(43)) - raft.server.log.use.memory = false (default)
2019-11-14 17:39:12,206 [pool-569-thread-1] INFO  server.RaftServerConfigKeys (ConfUtils.java:logGet(43)) - raft.server.log.purge.gap = 1000000 (custom)
2019-11-14 17:39:12,206 [pool-569-thread-1] INFO  server.RaftServerConfigKeys (ConfUtils.java:logGet(43)) - raft.server.log.appender.buffer.byte-limit = 33554432 (custom)
2019-11-14 17:39:12,207 [pool-569-thread-1] INFO  server.RaftServerConfigKeys (ConfUtils.java:logGet(43)) - raft.server.log.segment.size.max = 1048576 (custom)
2019-11-14 17:39:12,207 [pool-569-thread-1] INFO  server.RaftServerConfigKeys (ConfUtils.java:logGet(43)) - raft.server.log.segment.cache.num.max = 2 (custom)
2019-11-14 17:39:12,207 [pool-569-thread-1] INFO  segmented.SegmentedRaftLogWorker (SegmentedRaftLogWorker.java:<init>(173)) - new 6301bead-719a-4dde-94bc-f4c716ecb4e0@group-E044E43238B9-SegmentedRaftLogWorker for RaftStorage:Storage Directory /workdir/hadoop-ozone/integration-test/target/test-dir/MiniOzoneClusterImpl-76142843-c060-4c87-bf9f-3caeb3385afc/datanode-6/data/ratis/ecda59ac-296c-4981-93f2-e044e43238b9
2019-11-14 17:39:12,207 [pool-569-thread-1] INFO  server.RaftServerConfigKeys (ConfUtils.java:logGet(43)) - raft.server.log.queue.byte-limit = 2147483647 (custom)
2019-11-14 17:39:12,207 [pool-569-thread-1] INFO  server.RaftServerConfigKeys (ConfUtils.java:logGet(43)) - raft.server.log.queue.element-limit = 1024 (custom)
2019-11-14 17:39:12,207 [pool-569-thread-1] INFO  server.RaftServerConfigKeys (ConfUtils.java:logGet(43)) - raft.server.log.segment.size.max = 1048576 (custom)
2019-11-14 17:39:12,207 [pool-569-thread-1] INFO  server.RaftServerConfigKeys (ConfUtils.java:logGet(43)) - raft.server.log.preallocated.size = 16384 (custom)
2019-11-14 17:39:12,207 [pool-569-thread-1] INFO  server.RaftServerConfigKeys (ConfUtils.java:logGet(43)) - raft.server.log.write.buffer.size = 33554432 (custom)
2019-11-14 17:39:12,208 [pool-569-thread-1] INFO  server.RaftServerConfigKeys (ConfUtils.java:logGet(43)) - raft.server.log.force.sync.num = 128 (default)
2019-11-14 17:39:12,208 [pool-569-thread-1] INFO  server.RaftServerConfigKeys (ConfUtils.java:logGet(43)) - raft.server.log.statemachine.data.sync = true (default)
2019-11-14 17:39:12,208 [pool-569-thread-1] INFO  server.RaftServerConfigKeys (ConfUtils.java:logGet(43)) - raft.server.log.statemachine.data.sync.timeout = 10s (default)
2019-11-14 17:39:12,208 [pool-569-thread-1] INFO  server.RaftServerConfigKeys (ConfUtils.java:logGet(43)) - raft.server.log.statemachine.data.sync.timeout.retry = -1 (default)
2019-11-14 17:39:12,208 [pool-569-thread-1] INFO  server.RaftServerConfigKeys (ConfUtils.java:logGet(43)) - raft.server.log.statemachine.data.caching.enabled = true (custom)
2019-11-14 17:39:12,208 [pool-569-thread-1] INFO  segmented.SegmentedRaftLogWorker (SegmentedRaftLogWorker.java:lambda$new$0(128)) - 6301bead-719a-4dde-94bc-f4c716ecb4e0@group-E044E43238B9-SegmentedRaftLogWorker: flushIndex: setUnconditionally 0 -> -1
2019-11-14 17:39:12,209 [pool-569-thread-1] INFO  server.RaftServerConfigKeys (ConfUtils.java:logGet(43)) - raft.server.snapshot.auto.trigger.enabled = true (custom)
2019-11-14 17:39:12,209 [pool-569-thread-1] INFO  server.RaftServerConfigKeys (ConfUtils.java:logGet(43)) - raft.server.snapshot.auto.trigger.threshold = 10000 (custom)
2019-11-14 17:39:12,209 [pool-569-thread-1] INFO  server.RaftServerConfigKeys (ConfUtils.java:logGet(43)) - raft.server.snapshot.retention.file.num = 5 (custom)
2019-11-14 17:39:12,209 [pool-569-thread-1] INFO  server.RaftServerConfigKeys (ConfUtils.java:logGet(43)) - raft.server.retrycache.expirytime = 600000ms (custom)
2019-11-14 17:39:12,209 [pool-569-thread-1] WARN  impl.MetricRegistriesImpl (MetricRegistriesImpl.java:lambda$create$1(61)) - First MetricRegistry has been created without registering reporters. You may need to call MetricRegistries.global().addReportRegistration(...) before.
2019-11-14 17:39:12,209 [pool-569-thread-1] WARN  impl.MetricRegistriesImpl (MetricRegistriesImpl.java:lambda$create$1(61)) - First MetricRegistry has been created without registering reporters. You may need to call MetricRegistries.global().addReportRegistration(...) before.
2019-11-14 17:39:12,210 [pool-569-thread-1] INFO  impl.RaftServerImpl (RaftServerImpl.java:start(184)) - 6301bead-719a-4dde-94bc-f4c716ecb4e0@group-E044E43238B9: start as a follower, conf=-1: [6301bead-719a-4dde-94bc-f4c716ecb4e0:192.168.157.194:46043], old=null
2019-11-14 17:39:12,210 [pool-569-thread-1] INFO  impl.RaftServerImpl (RaftServerImpl.java:setRole(173)) - 6301bead-719a-4dde-94bc-f4c716ecb4e0@group-E044E43238B9: changes role from      null to FOLLOWER at term 0 for startAsFollower
2019-11-14 17:39:12,210 [pool-569-thread-1] INFO  impl.RoleInfo (RoleInfo.java:updateAndGet(143)) - 6301bead-719a-4dde-94bc-f4c716ecb4e0: start FollowerState
2019-11-14 17:39:12,210 [pool-569-thread-1] INFO  util.JmxRegister (JmxRegister.java:tryRegister(44)) - Successfully registered JMX Bean with object name Ratis:service=RaftServer,group=group-E044E43238B9,id=6301bead-719a-4dde-94bc-f4c716ecb4e0
2019-11-14 17:39:12,210 [pool-569-thread-1] WARN  impl.MetricRegistriesImpl (MetricRegistriesImpl.java:lambda$create$1(61)) - First MetricRegistry has been created without registering reporters. You may need to call MetricRegistries.global().addReportRegistration(...) before.
2019-11-14 17:39:12,213 [RatisPipelineUtilsThread] INFO  pipeline.PipelineStateManager (PipelineStateManager.java:addPipeline(55)) - Created pipeline Pipeline[ Id: ecda59ac-296c-4981-93f2-e044e43238b9, Nodes: 6301bead-719a-4dde-94bc-f4c716ecb4e0{ip: 192.168.157.194, host: pr-hdds-2482-j87dr-2776293630, networkLocation: /rack1, certSerialId: null}, Type:RATIS, Factor:ONE, State:ALLOCATED]
2019-11-14 17:39:12,213 [Thread-3855] INFO  pipeline.PipelineStateManager (PipelineStateManager.java:finalizePipeline(121)) - Pipeline Pipeline[ Id: dcff57ac-9940-43b7-84fe-a44b5930bc4a, Nodes: da9d3605-d5bb-4af4-b35f-64e6f231f8df{ip: 192.168.157.194, host: pr-hdds-2482-j87dr-2776293630, networkLocation: /rack1, certSerialId: null}9c88a047-7f73-4111-bf87-fe029dccbce6{ip: 192.168.157.194, host: pr-hdds-2482-j87dr-2776293630, networkLocation: /rack1, certSerialId: null}00aa4e63-81eb-4c33-a32e-b28e61c28a6d{ip: 192.168.157.194, host: pr-hdds-2482-j87dr-2776293630, networkLocation: /rack1, certSerialId: null}, Type:RATIS, Factor:THREE, State:CLOSED] moved to CLOSED state
2019-11-14 17:39:12,214 [EventQueue-CloseContainerForCloseContainerEventHandler] INFO  container.CloseContainerEventHandler (CloseContainerEventHandler.java:onMessage(61)) - Close container Event triggered for container : #1
2019-11-14 17:39:12,216 [grpc-default-executor-3] INFO  impl.RaftServerProxy (RaftServerProxy.java:remove(95)) - da9d3605-d5bb-4af4-b35f-64e6f231f8df: remove  FOLLOWER da9d3605-d5bb-4af4-b35f-64e6f231f8df@group-A44B5930BC4A:t1, leader=00aa4e63-81eb-4c33-a32e-b28e61c28a6d, voted=00aa4e63-81eb-4c33-a32e-b28e61c28a6d, raftlog=da9d3605-d5bb-4af4-b35f-64e6f231f8df@group-A44B5930BC4A-SegmentedRaftLog:OPENED:c2,f4,i4, conf=0: [00aa4e63-81eb-4c33-a32e-b28e61c28a6d:192.168.157.194:43947, da9d3605-d5bb-4af4-b35f-64e6f231f8df:192.168.157.194:36645, 9c88a047-7f73-4111-bf87-fe029dccbce6:192.168.157.194:46499], old=null RUNNING
2019-11-14 17:39:12,217 [grpc-default-executor-3] INFO  impl.RaftServerImpl (RaftServerImpl.java:lambda$shutdown$3(250)) - da9d3605-d5bb-4af4-b35f-64e6f231f8df@group-A44B5930BC4A: shutdown
2019-11-14 17:39:12,217 [grpc-default-executor-3] INFO  util.JmxRegister (JmxRegister.java:unregister(73)) - Successfully un-registered JMX Bean with object name Ratis:service=RaftServer,group=group-A44B5930BC4A,id=da9d3605-d5bb-4af4-b35f-64e6f231f8df
2019-11-14 17:39:12,217 [grpc-default-executor-3] INFO  impl.RoleInfo (RoleInfo.java:shutdownFollowerState(121)) - da9d3605-d5bb-4af4-b35f-64e6f231f8df: shutdown FollowerState
2019-11-14 17:39:12,217 [grpc-default-executor-3] INFO  impl.StateMachineUpdater (StateMachineUpdater.java:stopAndJoin(136)) - da9d3605-d5bb-4af4-b35f-64e6f231f8df@group-A44B5930BC4A-StateMachineUpdater: set stopIndex = 2
2019-11-14 17:39:12,217 [Thread-3942] INFO  impl.FollowerState (FollowerState.java:run(120)) - da9d3605-d5bb-4af4-b35f-64e6f231f8df@group-A44B5930BC4A-FollowerState was interrupted: java.lang.InterruptedException: sleep interrupted
2019-11-14 17:39:12,217 [da9d3605-d5bb-4af4-b35f-64e6f231f8df@group-A44B5930BC4A-StateMachineUpdater] INFO  ratis.ContainerStateMachine (ContainerStateMachine.java:takeSnapshot(285)) - group-A44B5930BC4A: Taking a snapshot at:(t:1, i:2) file /workdir/hadoop-ozone/integration-test/target/test-dir/MiniOzoneClusterImpl-76142843-c060-4c87-bf9f-3caeb3385afc/datanode-3/data/ratis/dcff57ac-9940-43b7-84fe-a44b5930bc4a/sm/snapshot.1_2
2019-11-14 17:39:12,251 [da9d3605-d5bb-4af4-b35f-64e6f231f8df@group-A44B5930BC4A-StateMachineUpdater] INFO  ratis.ContainerStateMachine (ContainerStateMachine.java:takeSnapshot(296)) - group-A44B5930BC4A: Finished taking a snapshot at:(t:1, i:2) file:/workdir/hadoop-ozone/integration-test/target/test-dir/MiniOzoneClusterImpl-76142843-c060-4c87-bf9f-3caeb3385afc/datanode-3/data/ratis/dcff57ac-9940-43b7-84fe-a44b5930bc4a/sm/snapshot.1_2 time:34
2019-11-14 17:39:12,251 [da9d3605-d5bb-4af4-b35f-64e6f231f8df@group-A44B5930BC4A-StateMachineUpdater] INFO  impl.StateMachineUpdater (StateMachineUpdater.java:takeSnapshot(269)) - da9d3605-d5bb-4af4-b35f-64e6f231f8df@group-A44B5930BC4A-StateMachineUpdater: Took a snapshot at index 2
2019-11-14 17:39:12,251 [da9d3605-d5bb-4af4-b35f-64e6f231f8df@group-A44B5930BC4A-StateMachineUpdater] INFO  impl.StateMachineUpdater (StateMachineUpdater.java:lambda$new$0(84)) - da9d3605-d5bb-4af4-b35f-64e6f231f8df@group-A44B5930BC4A-StateMachineUpdater: snapshotIndex: updateIncreasingly -1 -> 2
2019-11-14 17:39:12,252 [grpc-default-executor-3] INFO  impl.RaftServerImpl (ServerState.java:close(387)) - da9d3605-d5bb-4af4-b35f-64e6f231f8df@group-A44B5930BC4A: closes. applyIndex: 2
2019-11-14 17:39:12,252 [da9d3605-d5bb-4af4-b35f-64e6f231f8df@group-A44B5930BC4A-SegmentedRaftLogWorker] INFO  segmented.SegmentedRaftLogWorker (SegmentedRaftLogWorker.java:run(316)) - da9d3605-d5bb-4af4-b35f-64e6f231f8df@group-A44B5930BC4A-SegmentedRaftLogWorker was interrupted, exiting. There are 0 tasks remaining in the queue.
2019-11-14 17:39:12,252 [grpc-default-executor-3] INFO  segmented.SegmentedRaftLogWorker (SegmentedRaftLogWorker.java:close(224)) - da9d3605-d5bb-4af4-b35f-64e6f231f8df@group-A44B5930BC4A-SegmentedRaftLogWorker close()
2019-11-14 17:39:12,285 [Datanode State Machine Thread - 0] INFO  statemachine.DatanodeStateMachine (DatanodeStateMachine.java:lambda$startDaemon$0(350)) - Ozone container server started.
2019-11-14 17:39:12,299 [grpc-default-executor-3] INFO  interfaces.Container (KeyValueContainer.java:flushAndSyncDB(400)) - Container 1 is synced with bcsId 2.
2019-11-14 17:39:12,299 [grpc-default-executor-3] INFO  interfaces.Container (KeyValueContainer.java:flushAndSyncDB(400)) - Container 1 is synced with bcsId 2.
2019-11-14 17:39:12,328 [grpc-default-executor-3] INFO  impl.RaftServerProxy (RaftServerProxy.java:remove(95)) - 9c88a047-7f73-4111-bf87-fe029dccbce6: remove  FOLLOWER 9c88a047-7f73-4111-bf87-fe029dccbce6@group-A44B5930BC4A:t1, leader=00aa4e63-81eb-4c33-a32e-b28e61c28a6d, voted=00aa4e63-81eb-4c33-a32e-b28e61c28a6d, raftlog=9c88a047-7f73-4111-bf87-fe029dccbce6@group-A44B5930BC4A-SegmentedRaftLog:OPENED:c2,f4,i4, conf=0: [00aa4e63-81eb-4c33-a32e-b28e61c28a6d:192.168.157.194:43947, da9d3605-d5bb-4af4-b35f-64e6f231f8df:192.168.157.194:36645, 9c88a047-7f73-4111-bf87-fe029dccbce6:192.168.157.194:46499], old=null RUNNING
2019-11-14 17:39:12,329 [grpc-default-executor-3] INFO  impl.RaftServerImpl (RaftServerImpl.java:lambda$shutdown$3(250)) - 9c88a047-7f73-4111-bf87-fe029dccbce6@group-A44B5930BC4A: shutdown
2019-11-14 17:39:12,329 [grpc-default-executor-3] INFO  util.JmxRegister (JmxRegister.java:unregister(73)) - Successfully un-registered JMX Bean with object name Ratis:service=RaftServer,group=group-A44B5930BC4A,id=9c88a047-7f73-4111-bf87-fe029dccbce6
2019-11-14 17:39:12,329 [grpc-default-executor-3] INFO  impl.RoleInfo (RoleInfo.java:shutdownFollowerState(121)) - 9c88a047-7f73-4111-bf87-fe029dccbce6: shutdown FollowerState
2019-11-14 17:39:12,329 [grpc-default-executor-3] INFO  impl.StateMachineUpdater (StateMachineUpdater.java:stopAndJoin(136)) - 9c88a047-7f73-4111-bf87-fe029dccbce6@group-A44B5930BC4A-StateMachineUpdater: set stopIndex = 2
2019-11-14 17:39:12,329 [9c88a047-7f73-4111-bf87-fe029dccbce6@group-A44B5930BC4A-StateMachineUpdater] INFO  ratis.ContainerStateMachine (ContainerStateMachine.java:takeSnapshot(285)) - group-A44B5930BC4A: Taking a snapshot at:(t:1, i:2) file /workdir/hadoop-ozone/integration-test/target/test-dir/MiniOzoneClusterImpl-76142843-c060-4c87-bf9f-3caeb3385afc/datanode-5/data/ratis/dcff57ac-9940-43b7-84fe-a44b5930bc4a/sm/snapshot.1_2
2019-11-14 17:39:12,329 [Thread-3943] INFO  impl.FollowerState (FollowerState.java:run(120)) - 9c88a047-7f73-4111-bf87-fe029dccbce6@group-A44B5930BC4A-FollowerState was interrupted: java.lang.InterruptedException: sleep interrupted
2019-11-14 17:39:12,353 [9c88a047-7f73-4111-bf87-fe029dccbce6@group-A44B5930BC4A-StateMachineUpdater] INFO  ratis.ContainerStateMachine (ContainerStateMachine.java:takeSnapshot(296)) - group-A44B5930BC4A: Finished taking a snapshot at:(t:1, i:2) file:/workdir/hadoop-ozone/integration-test/target/test-dir/MiniOzoneClusterImpl-76142843-c060-4c87-bf9f-3caeb3385afc/datanode-5/data/ratis/dcff57ac-9940-43b7-84fe-a44b5930bc4a/sm/snapshot.1_2 time:23
2019-11-14 17:39:12,353 [9c88a047-7f73-4111-bf87-fe029dccbce6@group-A44B5930BC4A-StateMachineUpdater] INFO  impl.StateMachineUpdater (StateMachineUpdater.java:takeSnapshot(269)) - 9c88a047-7f73-4111-bf87-fe029dccbce6@group-A44B5930BC4A-StateMachineUpdater: Took a snapshot at index 2
2019-11-14 17:39:12,353 [9c88a047-7f73-4111-bf87-fe029dccbce6@group-A44B5930BC4A-StateMachineUpdater] INFO  impl.StateMachineUpdater (StateMachineUpdater.java:lambda$new$0(84)) - 9c88a047-7f73-4111-bf87-fe029dccbce6@group-A44B5930BC4A-StateMachineUpdater: snapshotIndex: updateIncreasingly -1 -> 2
2019-11-14 17:39:12,353 [grpc-default-executor-3] INFO  impl.RaftServerImpl (ServerState.java:close(387)) - 9c88a047-7f73-4111-bf87-fe029dccbce6@group-A44B5930BC4A: closes. applyIndex: 2
2019-11-14 17:39:12,354 [9c88a047-7f73-4111-bf87-fe029dccbce6@group-A44B5930BC4A-SegmentedRaftLogWorker] INFO  segmented.SegmentedRaftLogWorker (SegmentedRaftLogWorker.java:run(316)) - 9c88a047-7f73-4111-bf87-fe029dccbce6@group-A44B5930BC4A-SegmentedRaftLogWorker was interrupted, exiting. There are 0 tasks remaining in the queue.
2019-11-14 17:39:12,354 [grpc-default-executor-3] INFO  segmented.SegmentedRaftLogWorker (SegmentedRaftLogWorker.java:close(224)) - 9c88a047-7f73-4111-bf87-fe029dccbce6@group-A44B5930BC4A-SegmentedRaftLogWorker close()
2019-11-14 17:39:12,411 [grpc-default-executor-3] INFO  interfaces.Container (KeyValueContainer.java:flushAndSyncDB(400)) - Container 1 is synced with bcsId 2.
2019-11-14 17:39:12,411 [grpc-default-executor-3] INFO  interfaces.Container (KeyValueContainer.java:flushAndSyncDB(400)) - Container 1 is synced with bcsId 2.
2019-11-14 17:39:12,437 [EventQueue-IncrementalContainerReportForIncrementalContainerReportHandler] INFO  container.IncrementalContainerReportHandler (AbstractContainerReportHandler.java:updateContainerState(171)) - Moving container #1 to QUASI_CLOSED state, datanode 9c88a047-7f73-4111-bf87-fe029dccbce6{ip: 192.168.157.194, host: pr-hdds-2482-j87dr-2776293630, networkLocation: /rack1, certSerialId: null} reported QUASI_CLOSED replica.
2019-11-14 17:39:12,441 [grpc-default-executor-3] INFO  impl.RaftServerProxy (RaftServerProxy.java:remove(95)) - 00aa4e63-81eb-4c33-a32e-b28e61c28a6d: remove    LEADER 00aa4e63-81eb-4c33-a32e-b28e61c28a6d@group-A44B5930BC4A:t1, leader=00aa4e63-81eb-4c33-a32e-b28e61c28a6d, voted=00aa4e63-81eb-4c33-a32e-b28e61c28a6d, raftlog=00aa4e63-81eb-4c33-a32e-b28e61c28a6d@group-A44B5930BC4A-SegmentedRaftLog:OPENED:c4,f4,i4, conf=0: [00aa4e63-81eb-4c33-a32e-b28e61c28a6d:192.168.157.194:43947, da9d3605-d5bb-4af4-b35f-64e6f231f8df:192.168.157.194:36645, 9c88a047-7f73-4111-bf87-fe029dccbce6:192.168.157.194:46499], old=null RUNNING
2019-11-14 17:39:12,441 [grpc-default-executor-3] INFO  impl.RaftServerImpl (RaftServerImpl.java:lambda$shutdown$3(250)) - 00aa4e63-81eb-4c33-a32e-b28e61c28a6d@group-A44B5930BC4A: shutdown
2019-11-14 17:39:12,441 [grpc-default-executor-3] INFO  util.JmxRegister (JmxRegister.java:unregister(73)) - Successfully un-registered JMX Bean with object name Ratis:service=RaftServer,group=group-A44B5930BC4A,id=00aa4e63-81eb-4c33-a32e-b28e61c28a6d
2019-11-14 17:39:12,441 [grpc-default-executor-3] INFO  impl.RoleInfo (RoleInfo.java:shutdownLeaderState(104)) - 00aa4e63-81eb-4c33-a32e-b28e61c28a6d: shutdown LeaderState
2019-11-14 17:39:12,441 [grpc-default-executor-3] INFO  impl.PendingRequests (PendingRequests.java:sendNotLeaderResponses(206)) - 00aa4e63-81eb-4c33-a32e-b28e61c28a6d@group-A44B5930BC4A-PendingRequests: sendNotLeaderResponses
2019-11-14 17:39:12,441 [org.apache.ratis.server.impl.LogAppender$AppenderDaemon$$Lambda$459/712830018@649cbddb] WARN  server.GrpcLogAppender (GrpcLogAppender.java:mayWait(151)) - 00aa4e63-81eb-4c33-a32e-b28e61c28a6d@group-A44B5930BC4A->9c88a047-7f73-4111-bf87-fe029dccbce6-GrpcLogAppender: Wait interrupted by java.lang.InterruptedException
2019-11-14 17:39:12,441 [org.apache.ratis.server.impl.LogAppender$AppenderDaemon$$Lambda$459/712830018@219e378c] WARN  server.GrpcLogAppender (GrpcLogAppender.java:mayWait(151)) - 00aa4e63-81eb-4c33-a32e-b28e61c28a6d@group-A44B5930BC4A->da9d3605-d5bb-4af4-b35f-64e6f231f8df-GrpcLogAppender: Wait interrupted by java.lang.InterruptedException
2019-11-14 17:39:12,450 [00aa4e63-81eb-4c33-a32e-b28e61c28a6d@group-A44B5930BC4A-StateMachineUpdater] INFO  ratis.ContainerStateMachine (ContainerStateMachine.java:takeSnapshot(285)) - group-A44B5930BC4A: Taking a snapshot at:(t:1, i:4) file /workdir/hadoop-ozone/integration-test/target/test-dir/MiniOzoneClusterImpl-76142843-c060-4c87-bf9f-3caeb3385afc/datanode-7/data/ratis/dcff57ac-9940-43b7-84fe-a44b5930bc4a/sm/snapshot.1_4
2019-11-14 17:39:12,450 [grpc-default-executor-3] INFO  impl.StateMachineUpdater (StateMachineUpdater.java:stopAndJoin(136)) - 00aa4e63-81eb-4c33-a32e-b28e61c28a6d@group-A44B5930BC4A-StateMachineUpdater: set stopIndex = 4
2019-11-14 17:39:12,451 [grpc-default-executor-2] INFO  server.GrpcServerProtocolService (GrpcServerProtocolService.java:onCompleted(113)) - da9d3605-d5bb-4af4-b35f-64e6f231f8df: Completed APPEND_ENTRIES, lastRequest: 00aa4e63-81eb-4c33-a32e-b28e61c28a6d->da9d3605-d5bb-4af4-b35f-64e6f231f8df#7-t1, previous=(t:1, i:4), leaderCommit=4, initializing? false, entries: <empty>
2019-11-14 17:39:12,451 [grpc-default-executor-5] INFO  server.GrpcServerProtocolService (GrpcServerProtocolService.java:onCompleted(113)) - 9c88a047-7f73-4111-bf87-fe029dccbce6: Completed APPEND_ENTRIES, lastRequest: 00aa4e63-81eb-4c33-a32e-b28e61c28a6d->9c88a047-7f73-4111-bf87-fe029dccbce6#7-t1, previous=(t:1, i:4), leaderCommit=4, initializing? false, entries: <empty>
2019-11-14 17:39:12,451 [grpc-default-executor-7] INFO  server.GrpcLogAppender (GrpcLogAppender.java:onCompleted(308)) - 00aa4e63-81eb-4c33-a32e-b28e61c28a6d@group-A44B5930BC4A->da9d3605-d5bb-4af4-b35f-64e6f231f8df-AppendLogResponseHandler: follower responses appendEntries COMPLETED
2019-11-14 17:39:12,452 [grpc-default-executor-5] INFO  server.GrpcLogAppender (GrpcLogAppender.java:onCompleted(308)) - 00aa4e63-81eb-4c33-a32e-b28e61c28a6d@group-A44B5930BC4A->9c88a047-7f73-4111-bf87-fe029dccbce6-AppendLogResponseHandler: follower responses appendEntries COMPLETED
2019-11-14 17:39:12,452 [grpc-default-executor-7] INFO  impl.FollowerInfo (FollowerInfo.java:lambda$new$0(51)) - 00aa4e63-81eb-4c33-a32e-b28e61c28a6d@group-A44B5930BC4A->da9d3605-d5bb-4af4-b35f-64e6f231f8df: nextIndex: updateUnconditionally 5 -> 4
2019-11-14 17:39:12,452 [grpc-default-executor-5] INFO  impl.FollowerInfo (FollowerInfo.java:lambda$new$0(51)) - 00aa4e63-81eb-4c33-a32e-b28e61c28a6d@group-A44B5930BC4A->9c88a047-7f73-4111-bf87-fe029dccbce6: nextIndex: updateUnconditionally 5 -> 4
2019-11-14 17:39:12,474 [00aa4e63-81eb-4c33-a32e-b28e61c28a6d@group-A44B5930BC4A-StateMachineUpdater] INFO  ratis.ContainerStateMachine (ContainerStateMachine.java:takeSnapshot(296)) - group-A44B5930BC4A: Finished taking a snapshot at:(t:1, i:4) file:/workdir/hadoop-ozone/integration-test/target/test-dir/MiniOzoneClusterImpl-76142843-c060-4c87-bf9f-3caeb3385afc/datanode-7/data/ratis/dcff57ac-9940-43b7-84fe-a44b5930bc4a/sm/snapshot.1_4 time:23
2019-11-14 17:39:12,474 [00aa4e63-81eb-4c33-a32e-b28e61c28a6d@group-A44B5930BC4A-StateMachineUpdater] INFO  impl.StateMachineUpdater (StateMachineUpdater.java:takeSnapshot(269)) - 00aa4e63-81eb-4c33-a32e-b28e61c28a6d@group-A44B5930BC4A-StateMachineUpdater: Took a snapshot at index 4
2019-11-14 17:39:12,474 [00aa4e63-81eb-4c33-a32e-b28e61c28a6d@group-A44B5930BC4A-StateMachineUpdater] INFO  impl.StateMachineUpdater (StateMachineUpdater.java:lambda$new$0(84)) - 00aa4e63-81eb-4c33-a32e-b28e61c28a6d@group-A44B5930BC4A-StateMachineUpdater: snapshotIndex: updateIncreasingly -1 -> 4
2019-11-14 17:39:12,474 [grpc-default-executor-3] INFO  impl.RaftServerImpl (ServerState.java:close(387)) - 00aa4e63-81eb-4c33-a32e-b28e61c28a6d@group-A44B5930BC4A: closes. applyIndex: 4
2019-11-14 17:39:12,474 [00aa4e63-81eb-4c33-a32e-b28e61c28a6d@group-A44B5930BC4A-SegmentedRaftLogWorker] INFO  segmented.SegmentedRaftLogWorker (SegmentedRaftLogWorker.java:run(316)) - 00aa4e63-81eb-4c33-a32e-b28e61c28a6d@group-A44B5930BC4A-SegmentedRaftLogWorker was interrupted, exiting. There are 0 tasks remaining in the queue.
2019-11-14 17:39:12,475 [grpc-default-executor-3] INFO  segmented.SegmentedRaftLogWorker (SegmentedRaftLogWorker.java:close(224)) - 00aa4e63-81eb-4c33-a32e-b28e61c28a6d@group-A44B5930BC4A-SegmentedRaftLogWorker close()
2019-11-14 17:39:12,526 [grpc-default-executor-3] INFO  interfaces.Container (KeyValueContainer.java:flushAndSyncDB(400)) - Container 1 is synced with bcsId 2.
2019-11-14 17:39:12,526 [grpc-default-executor-3] INFO  interfaces.Container (KeyValueContainer.java:flushAndSyncDB(400)) - Container 1 is synced with bcsId 2.
2019-11-14 17:39:12,551 [Thread-3855] INFO  pipeline.PipelineStateManager (PipelineStateManager.java:removePipeline(106)) - Pipeline Pipeline[ Id: dcff57ac-9940-43b7-84fe-a44b5930bc4a, Nodes: da9d3605-d5bb-4af4-b35f-64e6f231f8df{ip: 192.168.157.194, host: pr-hdds-2482-j87dr-2776293630, networkLocation: /rack1, certSerialId: null}9c88a047-7f73-4111-bf87-fe029dccbce6{ip: 192.168.157.194, host: pr-hdds-2482-j87dr-2776293630, networkLocation: /rack1, certSerialId: null}00aa4e63-81eb-4c33-a32e-b28e61c28a6d{ip: 192.168.157.194, host: pr-hdds-2482-j87dr-2776293630, networkLocation: /rack1, certSerialId: null}, Type:RATIS, Factor:THREE, State:CLOSED] removed from db
2019-11-14 17:39:12,556 [grpc-default-executor-7] INFO  impl.RaftServerProxy (RaftServerProxy.java:addNew(89)) - 9c88a047-7f73-4111-bf87-fe029dccbce6: addNew group-B209632AD019:[00aa4e63-81eb-4c33-a32e-b28e61c28a6d:192.168.157.194:43947, da9d3605-d5bb-4af4-b35f-64e6f231f8df:192.168.157.194:36645, 9c88a047-7f73-4111-bf87-fe029dccbce6:192.168.157.194:46499] returns group-B209632AD019:java.util.concurrent.CompletableFuture@308ab92d[Not completed]
2019-11-14 17:39:12,556 [grpc-default-executor-5] INFO  impl.RaftServerProxy (RaftServerProxy.java:addNew(89)) - 00aa4e63-81eb-4c33-a32e-b28e61c28a6d: addNew group-B209632AD019:[00aa4e63-81eb-4c33-a32e-b28e61c28a6d:192.168.157.194:43947, da9d3605-d5bb-4af4-b35f-64e6f231f8df:192.168.157.194:36645, 9c88a047-7f73-4111-bf87-fe029dccbce6:192.168.157.194:46499] returns group-B209632AD019:java.util.concurrent.CompletableFuture@43ca114d[Not completed]
2019-11-14 17:39:12,557 [grpc-default-executor-3] INFO  impl.RaftServerProxy (RaftServerProxy.java:addNew(89)) - da9d3605-d5bb-4af4-b35f-64e6f231f8df: addNew group-B209632AD019:[00aa4e63-81eb-4c33-a32e-b28e61c28a6d:192.168.157.194:43947, da9d3605-d5bb-4af4-b35f-64e6f231f8df:192.168.157.194:36645, 9c88a047-7f73-4111-bf87-fe029dccbce6:192.168.157.194:46499] returns group-B209632AD019:java.util.concurrent.CompletableFuture@25d454b3[Not completed]
2019-11-14 17:39:12,558 [pool-579-thread-1] INFO  impl.RaftServerImpl (RaftServerImpl.java:<init>(98)) - 00aa4e63-81eb-4c33-a32e-b28e61c28a6d: new RaftServerImpl for group-B209632AD019:[00aa4e63-81eb-4c33-a32e-b28e61c28a6d:192.168.157.194:43947, da9d3605-d5bb-4af4-b35f-64e6f231f8df:192.168.157.194:36645, 9c88a047-7f73-4111-bf87-fe029dccbce6:192.168.157.194:46499] with ContainerStateMachine:uninitialized
2019-11-14 17:39:12,558 [pool-579-thread-1] INFO  server.RaftServerConfigKeys (ConfUtils.java:logGet(43)) - raft.server.rpc.timeout.min = 1s (custom)
2019-11-14 17:39:12,558 [pool-579-thread-1] INFO  server.RaftServerConfigKeys (ConfUtils.java:logGet(43)) - raft.server.rpc.timeout.max = 1200ms (custom)
2019-11-14 17:39:12,558 [pool-579-thread-1] INFO  server.RaftServerConfigKeys (ConfUtils.java:logGet(43)) - raft.server.rpcslowness.timeout = 120s (custom)
2019-11-14 17:39:12,558 [pool-579-thread-1] INFO  server.RaftServerConfigKeys (ConfUtils.java:logGet(43)) - raft.server.sleep.deviation.threshold = 300 (default)
2019-11-14 17:39:12,558 [pool-579-thread-1] INFO  server.RaftServerConfigKeys (ConfUtils.java:logGet(43)) - raft.server.log.appender.install.snapshot.enabled = false (custom)
2019-11-14 17:39:12,558 [pool-579-thread-1] INFO  impl.RaftServerImpl (ServerState.java:<init>(103)) - 00aa4e63-81eb-4c33-a32e-b28e61c28a6d@group-B209632AD019: ConfigurationManager, init=-1: [00aa4e63-81eb-4c33-a32e-b28e61c28a6d:192.168.157.194:43947, da9d3605-d5bb-4af4-b35f-64e6f231f8df:192.168.157.194:36645, 9c88a047-7f73-4111-bf87-fe029dccbce6:192.168.157.194:46499], old=null, confs=<EMPTY_MAP>
2019-11-14 17:39:12,559 [pool-579-thread-1] INFO  server.RaftServerConfigKeys (ConfUtils.java:logGet(43)) - raft.server.storage.dir = [/workdir/hadoop-ozone/integration-test/target/test-dir/MiniOzoneClusterImpl-76142843-c060-4c87-bf9f-3caeb3385afc/datanode-7/data/ratis] (custom)
2019-11-14 17:39:12,559 [pool-539-thread-1] INFO  impl.RaftServerImpl (RaftServerImpl.java:<init>(98)) - da9d3605-d5bb-4af4-b35f-64e6f231f8df: new RaftServerImpl for group-B209632AD019:[00aa4e63-81eb-4c33-a32e-b28e61c28a6d:192.168.157.194:43947, da9d3605-d5bb-4af4-b35f-64e6f231f8df:192.168.157.194:36645, 9c88a047-7f73-4111-bf87-fe029dccbce6:192.168.157.194:46499] with ContainerStateMachine:uninitialized
2019-11-14 17:39:12,559 [pool-579-thread-1] INFO  server.RaftServerConfigKeys (ConfUtils.java:logGet(43)) - raft.server.log.corruption.policy = EXCEPTION (default)
2019-11-14 17:39:12,559 [pool-539-thread-1] INFO  server.RaftServerConfigKeys (ConfUtils.java:logGet(43)) - raft.server.rpc.timeout.min = 1s (custom)
2019-11-14 17:39:12,559 [pool-579-thread-1] INFO  storage.RaftStorageDirectory (RaftStorageDirectory.java:analyzeStorage(246)) - The storage directory /workdir/hadoop-ozone/integration-test/target/test-dir/MiniOzoneClusterImpl-76142843-c060-4c87-bf9f-3caeb3385afc/datanode-7/data/ratis/468def83-e12b-4ede-843f-b209632ad019 does not exist. Creating ...
2019-11-14 17:39:12,559 [pool-539-thread-1] INFO  server.RaftServerConfigKeys (ConfUtils.java:logGet(43)) - raft.server.rpc.timeout.max = 1200ms (custom)
2019-11-14 17:39:12,559 [pool-559-thread-1] INFO  impl.RaftServerImpl (RaftServerImpl.java:<init>(98)) - 9c88a047-7f73-4111-bf87-fe029dccbce6: new RaftServerImpl for group-B209632AD019:[00aa4e63-81eb-4c33-a32e-b28e61c28a6d:192.168.157.194:43947, da9d3605-d5bb-4af4-b35f-64e6f231f8df:192.168.157.194:36645, 9c88a047-7f73-4111-bf87-fe029dccbce6:192.168.157.194:46499] with ContainerStateMachine:uninitialized
2019-11-14 17:39:12,559 [pool-539-thread-1] INFO  server.RaftServerConfigKeys (ConfUtils.java:logGet(43)) - raft.server.rpcslowness.timeout = 120s (custom)
2019-11-14 17:39:12,559 [pool-559-thread-1] INFO  server.RaftServerConfigKeys (ConfUtils.java:logGet(43)) - raft.server.rpc.timeout.min = 1s (custom)
2019-11-14 17:39:12,559 [pool-539-thread-1] INFO  server.RaftServerConfigKeys (ConfUtils.java:logGet(43)) - raft.server.sleep.deviation.threshold = 300 (default)
2019-11-14 17:39:12,560 [pool-559-thread-1] INFO  server.RaftServerConfigKeys (ConfUtils.java:logGet(43)) - raft.server.rpc.timeout.max = 1200ms (custom)
2019-11-14 17:39:12,560 [pool-539-thread-1] INFO  server.RaftServerConfigKeys (ConfUtils.java:logGet(43)) - raft.server.log.appender.install.snapshot.enabled = false (custom)
2019-11-14 17:39:12,560 [pool-559-thread-1] INFO  server.RaftServerConfigKeys (ConfUtils.java:logGet(43)) - raft.server.rpcslowness.timeout = 120s (custom)
2019-11-14 17:39:12,560 [pool-539-thread-1] INFO  impl.RaftServerImpl (ServerState.java:<init>(103)) - da9d3605-d5bb-4af4-b35f-64e6f231f8df@group-B209632AD019: ConfigurationManager, init=-1: [00aa4e63-81eb-4c33-a32e-b28e61c28a6d:192.168.157.194:43947, da9d3605-d5bb-4af4-b35f-64e6f231f8df:192.168.157.194:36645, 9c88a047-7f73-4111-bf87-fe029dccbce6:192.168.157.194:46499], old=null, confs=<EMPTY_MAP>
2019-11-14 17:39:12,560 [pool-559-thread-1] INFO  server.RaftServerConfigKeys (ConfUtils.java:logGet(43)) - raft.server.sleep.deviation.threshold = 300 (default)
2019-11-14 17:39:12,560 [pool-539-thread-1] INFO  server.RaftServerConfigKeys (ConfUtils.java:logGet(43)) - raft.server.storage.dir = [/workdir/hadoop-ozone/integration-test/target/test-dir/MiniOzoneClusterImpl-76142843-c060-4c87-bf9f-3caeb3385afc/datanode-3/data/ratis] (custom)
2019-11-14 17:39:12,560 [pool-559-thread-1] INFO  server.RaftServerConfigKeys (ConfUtils.java:logGet(43)) - raft.server.log.appender.install.snapshot.enabled = false (custom)
2019-11-14 17:39:12,560 [pool-539-thread-1] INFO  server.RaftServerConfigKeys (ConfUtils.java:logGet(43)) - raft.server.log.corruption.policy = EXCEPTION (default)
2019-11-14 17:39:12,560 [pool-559-thread-1] INFO  impl.RaftServerImpl (ServerState.java:<init>(103)) - 9c88a047-7f73-4111-bf87-fe029dccbce6@group-B209632AD019: ConfigurationManager, init=-1: [00aa4e63-81eb-4c33-a32e-b28e61c28a6d:192.168.157.194:43947, da9d3605-d5bb-4af4-b35f-64e6f231f8df:192.168.157.194:36645, 9c88a047-7f73-4111-bf87-fe029dccbce6:192.168.157.194:46499], old=null, confs=<EMPTY_MAP>
2019-11-14 17:39:12,561 [pool-539-thread-1] INFO  storage.RaftStorageDirectory (RaftStorageDirectory.java:analyzeStorage(246)) - The storage directory /workdir/hadoop-ozone/integration-test/target/test-dir/MiniOzoneClusterImpl-76142843-c060-4c87-bf9f-3caeb3385afc/datanode-3/data/ratis/468def83-e12b-4ede-843f-b209632ad019 does not exist. Creating ...
2019-11-14 17:39:12,561 [pool-559-thread-1] INFO  server.RaftServerConfigKeys (ConfUtils.java:logGet(43)) - raft.server.storage.dir = [/workdir/hadoop-ozone/integration-test/target/test-dir/MiniOzoneClusterImpl-76142843-c060-4c87-bf9f-3caeb3385afc/datanode-5/data/ratis] (custom)
2019-11-14 17:39:12,561 [pool-559-thread-1] INFO  server.RaftServerConfigKeys (ConfUtils.java:logGet(43)) - raft.server.log.corruption.policy = EXCEPTION (default)
2019-11-14 17:39:12,561 [pool-559-thread-1] INFO  storage.RaftStorageDirectory (RaftStorageDirectory.java:analyzeStorage(246)) - The storage directory /workdir/hadoop-ozone/integration-test/target/test-dir/MiniOzoneClusterImpl-76142843-c060-4c87-bf9f-3caeb3385afc/datanode-5/data/ratis/468def83-e12b-4ede-843f-b209632ad019 does not exist. Creating ...
2019-11-14 17:39:12,581 [pool-579-thread-1] INFO  storage.RaftStorageDirectory (RaftStorageDirectory.java:tryLock(328)) - Lock on /workdir/hadoop-ozone/integration-test/target/test-dir/MiniOzoneClusterImpl-76142843-c060-4c87-bf9f-3caeb3385afc/datanode-7/data/ratis/468def83-e12b-4ede-843f-b209632ad019/in_use.lock acquired by nodename 10142@pr-hdds-2482-j87dr-2776293630
2019-11-14 17:39:12,581 [pool-559-thread-1] INFO  storage.RaftStorageDirectory (RaftStorageDirectory.java:tryLock(328)) - Lock on /workdir/hadoop-ozone/integration-test/target/test-dir/MiniOzoneClusterImpl-76142843-c060-4c87-bf9f-3caeb3385afc/datanode-5/data/ratis/468def83-e12b-4ede-843f-b209632ad019/in_use.lock acquired by nodename 10142@pr-hdds-2482-j87dr-2776293630
2019-11-14 17:39:12,581 [pool-539-thread-1] INFO  storage.RaftStorageDirectory (RaftStorageDirectory.java:tryLock(328)) - Lock on /workdir/hadoop-ozone/integration-test/target/test-dir/MiniOzoneClusterImpl-76142843-c060-4c87-bf9f-3caeb3385afc/datanode-3/data/ratis/468def83-e12b-4ede-843f-b209632ad019/in_use.lock acquired by nodename 10142@pr-hdds-2482-j87dr-2776293630
2019-11-14 17:39:12,604 [pool-539-thread-1] INFO  storage.RaftStorage (RaftStorage.java:format(84)) - Storage directory /workdir/hadoop-ozone/integration-test/target/test-dir/MiniOzoneClusterImpl-76142843-c060-4c87-bf9f-3caeb3385afc/datanode-3/data/ratis/468def83-e12b-4ede-843f-b209632ad019 has been successfully formatted.
2019-11-14 17:39:12,604 [pool-559-thread-1] INFO  storage.RaftStorage (RaftStorage.java:format(84)) - Storage directory /workdir/hadoop-ozone/integration-test/target/test-dir/MiniOzoneClusterImpl-76142843-c060-4c87-bf9f-3caeb3385afc/datanode-5/data/ratis/468def83-e12b-4ede-843f-b209632ad019 has been successfully formatted.
2019-11-14 17:39:12,604 [pool-579-thread-1] INFO  storage.RaftStorage (RaftStorage.java:format(84)) - Storage directory /workdir/hadoop-ozone/integration-test/target/test-dir/MiniOzoneClusterImpl-76142843-c060-4c87-bf9f-3caeb3385afc/datanode-7/data/ratis/468def83-e12b-4ede-843f-b209632ad019 has been successfully formatted.
2019-11-14 17:39:12,604 [pool-559-thread-1] INFO  ratis.ContainerStateMachine (ContainerStateMachine.java:loadSnapshot(223)) - group-B209632AD019: The snapshot info is null. Setting the last applied indexto:(t:0, i:~)
2019-11-14 17:39:12,605 [pool-579-thread-1] INFO  ratis.ContainerStateMachine (ContainerStateMachine.java:loadSnapshot(223)) - group-B209632AD019: The snapshot info is null. Setting the last applied indexto:(t:0, i:~)
2019-11-14 17:39:12,604 [pool-539-thread-1] INFO  ratis.ContainerStateMachine (ContainerStateMachine.java:loadSnapshot(223)) - group-B209632AD019: The snapshot info is null. Setting the last applied indexto:(t:0, i:~)
2019-11-14 17:39:12,605 [pool-539-thread-1] INFO  server.RaftServerConfigKeys (ConfUtils.java:logGet(43)) - raft.server.notification.no-leader.timeout = 120s (custom)
2019-11-14 17:39:12,605 [pool-579-thread-1] INFO  server.RaftServerConfigKeys (ConfUtils.java:logGet(43)) - raft.server.notification.no-leader.timeout = 120s (custom)
2019-11-14 17:39:12,605 [pool-579-thread-1] INFO  server.RaftServerConfigKeys (ConfUtils.java:logGet(43)) - raft.server.log.use.memory = false (default)
2019-11-14 17:39:12,605 [pool-559-thread-1] INFO  server.RaftServerConfigKeys (ConfUtils.java:logGet(43)) - raft.server.notification.no-leader.timeout = 120s (custom)
2019-11-14 17:39:12,605 [pool-579-thread-1] INFO  server.RaftServerConfigKeys (ConfUtils.java:logGet(43)) - raft.server.log.purge.gap = 1000000 (custom)
2019-11-14 17:39:12,605 [pool-539-thread-1] INFO  server.RaftServerConfigKeys (ConfUtils.java:logGet(43)) - raft.server.log.use.memory = false (default)
2019-11-14 17:39:12,606 [pool-579-thread-1] INFO  server.RaftServerConfigKeys (ConfUtils.java:logGet(43)) - raft.server.log.appender.buffer.byte-limit = 33554432 (custom)
2019-11-14 17:39:12,605 [pool-559-thread-1] INFO  server.RaftServerConfigKeys (ConfUtils.java:logGet(43)) - raft.server.log.use.memory = false (default)
2019-11-14 17:39:12,606 [pool-579-thread-1] INFO  server.RaftServerConfigKeys (ConfUtils.java:logGet(43)) - raft.server.log.segment.size.max = 1048576 (custom)
2019-11-14 17:39:12,606 [pool-539-thread-1] INFO  server.RaftServerConfigKeys (ConfUtils.java:logGet(43)) - raft.server.log.purge.gap = 1000000 (custom)
2019-11-14 17:39:12,606 [pool-579-thread-1] INFO  server.RaftServerConfigKeys (ConfUtils.java:logGet(43)) - raft.server.log.segment.cache.num.max = 2 (custom)
2019-11-14 17:39:12,606 [pool-559-thread-1] INFO  server.RaftServerConfigKeys (ConfUtils.java:logGet(43)) - raft.server.log.purge.gap = 1000000 (custom)
2019-11-14 17:39:12,606 [pool-579-thread-1] INFO  segmented.SegmentedRaftLogWorker (SegmentedRaftLogWorker.java:<init>(173)) - new 00aa4e63-81eb-4c33-a32e-b28e61c28a6d@group-B209632AD019-SegmentedRaftLogWorker for RaftStorage:Storage Directory /workdir/hadoop-ozone/integration-test/target/test-dir/MiniOzoneClusterImpl-76142843-c060-4c87-bf9f-3caeb3385afc/datanode-7/data/ratis/468def83-e12b-4ede-843f-b209632ad019
2019-11-14 17:39:12,606 [pool-539-thread-1] INFO  server.RaftServerConfigKeys (ConfUtils.java:logGet(43)) - raft.server.log.appender.buffer.byte-limit = 33554432 (custom)
2019-11-14 17:39:12,607 [pool-579-thread-1] INFO  server.RaftServerConfigKeys (ConfUtils.java:logGet(43)) - raft.server.log.queue.byte-limit = 2147483647 (custom)
2019-11-14 17:39:12,607 [pool-559-thread-1] INFO  server.RaftServerConfigKeys (ConfUtils.java:logGet(43)) - raft.server.log.appender.buffer.byte-limit = 33554432 (custom)
2019-11-14 17:39:12,607 [pool-579-thread-1] INFO  server.RaftServerConfigKeys (ConfUtils.java:logGet(43)) - raft.server.log.queue.element-limit = 1024 (custom)
2019-11-14 17:39:12,607 [pool-539-thread-1] INFO  server.RaftServerConfigKeys (ConfUtils.java:logGet(43)) - raft.server.log.segment.size.max = 1048576 (custom)
2019-11-14 17:39:12,607 [pool-579-thread-1] INFO  server.RaftServerConfigKeys (ConfUtils.java:logGet(43)) - raft.server.log.segment.size.max = 1048576 (custom)
2019-11-14 17:39:12,607 [pool-579-thread-1] INFO  server.RaftServerConfigKeys (ConfUtils.java:logGet(43)) - raft.server.log.preallocated.size = 16384 (custom)
2019-11-14 17:39:12,607 [pool-559-thread-1] INFO  server.RaftServerConfigKeys (ConfUtils.java:logGet(43)) - raft.server.log.segment.size.max = 1048576 (custom)
2019-11-14 17:39:12,608 [pool-579-thread-1] INFO  server.RaftServerConfigKeys (ConfUtils.java:logGet(43)) - raft.server.log.write.buffer.size = 33554432 (custom)
2019-11-14 17:39:12,607 [pool-539-thread-1] INFO  server.RaftServerConfigKeys (ConfUtils.java:logGet(43)) - raft.server.log.segment.cache.num.max = 2 (custom)
2019-11-14 17:39:12,608 [pool-579-thread-1] INFO  server.RaftServerConfigKeys (ConfUtils.java:logGet(43)) - raft.server.log.force.sync.num = 128 (default)
2019-11-14 17:39:12,608 [pool-579-thread-1] INFO  server.RaftServerConfigKeys (ConfUtils.java:logGet(43)) - raft.server.log.statemachine.data.sync = true (default)
2019-11-14 17:39:12,608 [pool-559-thread-1] INFO  server.RaftServerConfigKeys (ConfUtils.java:logGet(43)) - raft.server.log.segment.cache.num.max = 2 (custom)
2019-11-14 17:39:12,608 [pool-579-thread-1] INFO  server.RaftServerConfigKeys (ConfUtils.java:logGet(43)) - raft.server.log.statemachine.data.sync.timeout = 10s (default)
2019-11-14 17:39:12,609 [pool-579-thread-1] INFO  server.RaftServerConfigKeys (ConfUtils.java:logGet(43)) - raft.server.log.statemachine.data.sync.timeout.retry = -1 (default)
2019-11-14 17:39:12,608 [pool-539-thread-1] INFO  segmented.SegmentedRaftLogWorker (SegmentedRaftLogWorker.java:<init>(173)) - new da9d3605-d5bb-4af4-b35f-64e6f231f8df@group-B209632AD019-SegmentedRaftLogWorker for RaftStorage:Storage Directory /workdir/hadoop-ozone/integration-test/target/test-dir/MiniOzoneClusterImpl-76142843-c060-4c87-bf9f-3caeb3385afc/datanode-3/data/ratis/468def83-e12b-4ede-843f-b209632ad019
2019-11-14 17:39:12,609 [pool-579-thread-1] INFO  server.RaftServerConfigKeys (ConfUtils.java:logGet(43)) - raft.server.log.statemachine.data.caching.enabled = true (custom)
2019-11-14 17:39:12,608 [pool-559-thread-1] INFO  segmented.SegmentedRaftLogWorker (SegmentedRaftLogWorker.java:<init>(173)) - new 9c88a047-7f73-4111-bf87-fe029dccbce6@group-B209632AD019-SegmentedRaftLogWorker for RaftStorage:Storage Directory /workdir/hadoop-ozone/integration-test/target/test-dir/MiniOzoneClusterImpl-76142843-c060-4c87-bf9f-3caeb3385afc/datanode-5/data/ratis/468def83-e12b-4ede-843f-b209632ad019
2019-11-14 17:39:12,609 [pool-539-thread-1] INFO  server.RaftServerConfigKeys (ConfUtils.java:logGet(43)) - raft.server.log.queue.byte-limit = 2147483647 (custom)
2019-11-14 17:39:12,609 [pool-579-thread-1] INFO  segmented.SegmentedRaftLogWorker (SegmentedRaftLogWorker.java:lambda$new$0(128)) - 00aa4e63-81eb-4c33-a32e-b28e61c28a6d@group-B209632AD019-SegmentedRaftLogWorker: flushIndex: setUnconditionally 0 -> -1
2019-11-14 17:39:12,609 [pool-559-thread-1] INFO  server.RaftServerConfigKeys (ConfUtils.java:logGet(43)) - raft.server.log.queue.byte-limit = 2147483647 (custom)
2019-11-14 17:39:12,609 [pool-539-thread-1] INFO  server.RaftServerConfigKeys (ConfUtils.java:logGet(43)) - raft.server.log.queue.element-limit = 1024 (custom)
2019-11-14 17:39:12,610 [pool-579-thread-1] INFO  server.RaftServerConfigKeys (ConfUtils.java:logGet(43)) - raft.server.snapshot.auto.trigger.enabled = true (custom)
2019-11-14 17:39:12,610 [pool-559-thread-1] INFO  server.RaftServerConfigKeys (ConfUtils.java:logGet(43)) - raft.server.log.queue.element-limit = 1024 (custom)
2019-11-14 17:39:12,610 [pool-579-thread-1] INFO  server.RaftServerConfigKeys (ConfUtils.java:logGet(43)) - raft.server.snapshot.auto.trigger.threshold = 10000 (custom)
2019-11-14 17:39:12,610 [pool-539-thread-1] INFO  server.RaftServerConfigKeys (ConfUtils.java:logGet(43)) - raft.server.log.segment.size.max = 1048576 (custom)
2019-11-14 17:39:12,610 [pool-579-thread-1] INFO  server.RaftServerConfigKeys (ConfUtils.java:logGet(43)) - raft.server.snapshot.retention.file.num = 5 (custom)
2019-11-14 17:39:12,610 [pool-559-thread-1] INFO  server.RaftServerConfigKeys (ConfUtils.java:logGet(43)) - raft.server.log.segment.size.max = 1048576 (custom)
2019-11-14 17:39:12,611 [pool-579-thread-1] INFO  server.RaftServerConfigKeys (ConfUtils.java:logGet(43)) - raft.server.retrycache.expirytime = 600000ms (custom)
2019-11-14 17:39:12,610 [pool-539-thread-1] INFO  server.RaftServerConfigKeys (ConfUtils.java:logGet(43)) - raft.server.log.preallocated.size = 16384 (custom)
2019-11-14 17:39:12,611 [pool-579-thread-1] WARN  impl.MetricRegistriesImpl (MetricRegistriesImpl.java:lambda$create$1(61)) - First MetricRegistry has been created without registering reporters. You may need to call MetricRegistries.global().addReportRegistration(...) before.
2019-11-14 17:39:12,611 [pool-559-thread-1] INFO  server.RaftServerConfigKeys (ConfUtils.java:logGet(43)) - raft.server.log.preallocated.size = 16384 (custom)
2019-11-14 17:39:12,611 [pool-579-thread-1] WARN  impl.MetricRegistriesImpl (MetricRegistriesImpl.java:lambda$create$1(61)) - First MetricRegistry has been created without registering reporters. You may need to call MetricRegistries.global().addReportRegistration(...) before.
2019-11-14 17:39:12,611 [pool-539-thread-1] INFO  server.RaftServerConfigKeys (ConfUtils.java:logGet(43)) - raft.server.log.write.buffer.size = 33554432 (custom)
2019-11-14 17:39:12,611 [pool-579-thread-1] INFO  impl.RaftServerImpl (RaftServerImpl.java:start(184)) - 00aa4e63-81eb-4c33-a32e-b28e61c28a6d@group-B209632AD019: start as a follower, conf=-1: [00aa4e63-81eb-4c33-a32e-b28e61c28a6d:192.168.157.194:43947, da9d3605-d5bb-4af4-b35f-64e6f231f8df:192.168.157.194:36645, 9c88a047-7f73-4111-bf87-fe029dccbce6:192.168.157.194:46499], old=null
2019-11-14 17:39:12,611 [pool-559-thread-1] INFO  server.RaftServerConfigKeys (ConfUtils.java:logGet(43)) - raft.server.log.write.buffer.size = 33554432 (custom)
2019-11-14 17:39:12,612 [pool-579-thread-1] INFO  impl.RaftServerImpl (RaftServerImpl.java:setRole(173)) - 00aa4e63-81eb-4c33-a32e-b28e61c28a6d@group-B209632AD019: changes role from      null to FOLLOWER at term 0 for startAsFollower
2019-11-14 17:39:12,611 [pool-539-thread-1] INFO  server.RaftServerConfigKeys (ConfUtils.java:logGet(43)) - raft.server.log.force.sync.num = 128 (default)
2019-11-14 17:39:12,612 [pool-579-thread-1] INFO  impl.RoleInfo (RoleInfo.java:updateAndGet(143)) - 00aa4e63-81eb-4c33-a32e-b28e61c28a6d: start FollowerState
2019-11-14 17:39:12,612 [pool-559-thread-1] INFO  server.RaftServerConfigKeys (ConfUtils.java:logGet(43)) - raft.server.log.force.sync.num = 128 (default)
2019-11-14 17:39:12,612 [pool-539-thread-1] INFO  server.RaftServerConfigKeys (ConfUtils.java:logGet(43)) - raft.server.log.statemachine.data.sync = true (default)
2019-11-14 17:39:12,612 [pool-579-thread-1] INFO  util.JmxRegister (JmxRegister.java:tryRegister(44)) - Successfully registered JMX Bean with object name Ratis:service=RaftServer,group=group-B209632AD019,id=00aa4e63-81eb-4c33-a32e-b28e61c28a6d
2019-11-14 17:39:12,612 [pool-559-thread-1] INFO  server.RaftServerConfigKeys (ConfUtils.java:logGet(43)) - raft.server.log.statemachine.data.sync = true (default)
2019-11-14 17:39:12,613 [pool-579-thread-1] WARN  impl.MetricRegistriesImpl (MetricRegistriesImpl.java:lambda$create$1(61)) - First MetricRegistry has been created without registering reporters. You may need to call MetricRegistries.global().addReportRegistration(...) before.
2019-11-14 17:39:12,612 [pool-539-thread-1] INFO  server.RaftServerConfigKeys (ConfUtils.java:logGet(43)) - raft.server.log.statemachine.data.sync.timeout = 10s (default)
2019-11-14 17:39:12,613 [pool-559-thread-1] INFO  server.RaftServerConfigKeys (ConfUtils.java:logGet(43)) - raft.server.log.statemachine.data.sync.timeout = 10s (default)
2019-11-14 17:39:12,613 [pool-539-thread-1] INFO  server.RaftServerConfigKeys (ConfUtils.java:logGet(43)) - raft.server.log.statemachine.data.sync.timeout.retry = -1 (default)
2019-11-14 17:39:12,613 [pool-559-thread-1] INFO  server.RaftServerConfigKeys (ConfUtils.java:logGet(43)) - raft.server.log.statemachine.data.sync.timeout.retry = -1 (default)
2019-11-14 17:39:12,613 [pool-539-thread-1] INFO  server.RaftServerConfigKeys (ConfUtils.java:logGet(43)) - raft.server.log.statemachine.data.caching.enabled = true (custom)
2019-11-14 17:39:12,613 [pool-559-thread-1] INFO  server.RaftServerConfigKeys (ConfUtils.java:logGet(43)) - raft.server.log.statemachine.data.caching.enabled = true (custom)
2019-11-14 17:39:12,614 [pool-539-thread-1] INFO  segmented.SegmentedRaftLogWorker (SegmentedRaftLogWorker.java:lambda$new$0(128)) - da9d3605-d5bb-4af4-b35f-64e6f231f8df@group-B209632AD019-SegmentedRaftLogWorker: flushIndex: setUnconditionally 0 -> -1
2019-11-14 17:39:12,614 [pool-559-thread-1] INFO  segmented.SegmentedRaftLogWorker (SegmentedRaftLogWorker.java:lambda$new$0(128)) - 9c88a047-7f73-4111-bf87-fe029dccbce6@group-B209632AD019-SegmentedRaftLogWorker: flushIndex: setUnconditionally 0 -> -1
2019-11-14 17:39:12,614 [pool-539-thread-1] INFO  server.RaftServerConfigKeys (ConfUtils.java:logGet(43)) - raft.server.snapshot.auto.trigger.enabled = true (custom)
2019-11-14 17:39:12,614 [pool-559-thread-1] INFO  server.RaftServerConfigKeys (ConfUtils.java:logGet(43)) - raft.server.snapshot.auto.trigger.enabled = true (custom)
2019-11-14 17:39:12,614 [pool-539-thread-1] INFO  server.RaftServerConfigKeys (ConfUtils.java:logGet(43)) - raft.server.snapshot.auto.trigger.threshold = 10000 (custom)
2019-11-14 17:39:12,614 [pool-559-thread-1] INFO  server.RaftServerConfigKeys (ConfUtils.java:logGet(43)) - raft.server.snapshot.auto.trigger.threshold = 10000 (custom)
2019-11-14 17:39:12,614 [pool-539-thread-1] INFO  server.RaftServerConfigKeys (ConfUtils.java:logGet(43)) - raft.server.snapshot.retention.file.num = 5 (custom)
2019-11-14 17:39:12,614 [pool-559-thread-1] INFO  server.RaftServerConfigKeys (ConfUtils.java:logGet(43)) - raft.server.snapshot.retention.file.num = 5 (custom)
2019-11-14 17:39:12,615 [pool-539-thread-1] INFO  server.RaftServerConfigKeys (ConfUtils.java:logGet(43)) - raft.server.retrycache.expirytime = 600000ms (custom)
2019-11-14 17:39:12,615 [pool-559-thread-1] INFO  server.RaftServerConfigKeys (ConfUtils.java:logGet(43)) - raft.server.retrycache.expirytime = 600000ms (custom)
2019-11-14 17:39:12,615 [pool-539-thread-1] WARN  impl.MetricRegistriesImpl (MetricRegistriesImpl.java:lambda$create$1(61)) - First MetricRegistry has been created without registering reporters. You may need to call MetricRegistries.global().addReportRegistration(...) before.
2019-11-14 17:39:12,615 [pool-559-thread-1] WARN  impl.MetricRegistriesImpl (MetricRegistriesImpl.java:lambda$create$1(61)) - First MetricRegistry has been created without registering reporters. You may need to call MetricRegistries.global().addReportRegistration(...) before.
2019-11-14 17:39:12,615 [pool-539-thread-1] WARN  impl.MetricRegistriesImpl (MetricRegistriesImpl.java:lambda$create$1(61)) - First MetricRegistry has been created without registering reporters. You may need to call MetricRegistries.global().addReportRegistration(...) before.
2019-11-14 17:39:12,615 [pool-559-thread-1] WARN  impl.MetricRegistriesImpl (MetricRegistriesImpl.java:lambda$create$1(61)) - First MetricRegistry has been created without registering reporters. You may need to call MetricRegistries.global().addReportRegistration(...) before.
2019-11-14 17:39:12,615 [pool-539-thread-1] INFO  impl.RaftServerImpl (RaftServerImpl.java:start(184)) - da9d3605-d5bb-4af4-b35f-64e6f231f8df@group-B209632AD019: start as a follower, conf=-1: [00aa4e63-81eb-4c33-a32e-b28e61c28a6d:192.168.157.194:43947, da9d3605-d5bb-4af4-b35f-64e6f231f8df:192.168.157.194:36645, 9c88a047-7f73-4111-bf87-fe029dccbce6:192.168.157.194:46499], old=null
2019-11-14 17:39:12,615 [pool-559-thread-1] INFO  impl.RaftServerImpl (RaftServerImpl.java:start(184)) - 9c88a047-7f73-4111-bf87-fe029dccbce6@group-B209632AD019: start as a follower, conf=-1: [00aa4e63-81eb-4c33-a32e-b28e61c28a6d:192.168.157.194:43947, da9d3605-d5bb-4af4-b35f-64e6f231f8df:192.168.157.194:36645, 9c88a047-7f73-4111-bf87-fe029dccbce6:192.168.157.194:46499], old=null
2019-11-14 17:39:12,616 [pool-539-thread-1] INFO  impl.RaftServerImpl (RaftServerImpl.java:setRole(173)) - da9d3605-d5bb-4af4-b35f-64e6f231f8df@group-B209632AD019: changes role from      null to FOLLOWER at term 0 for startAsFollower
2019-11-14 17:39:12,616 [pool-559-thread-1] INFO  impl.RaftServerImpl (RaftServerImpl.java:setRole(173)) - 9c88a047-7f73-4111-bf87-fe029dccbce6@group-B209632AD019: changes role from      null to FOLLOWER at term 0 for startAsFollower
2019-11-14 17:39:12,616 [pool-539-thread-1] INFO  impl.RoleInfo (RoleInfo.java:updateAndGet(143)) - da9d3605-d5bb-4af4-b35f-64e6f231f8df: start FollowerState
2019-11-14 17:39:12,616 [pool-559-thread-1] INFO  impl.RoleInfo (RoleInfo.java:updateAndGet(143)) - 9c88a047-7f73-4111-bf87-fe029dccbce6: start FollowerState
2019-11-14 17:39:12,616 [pool-539-thread-1] INFO  util.JmxRegister (JmxRegister.java:tryRegister(44)) - Successfully registered JMX Bean with object name Ratis:service=RaftServer,group=group-B209632AD019,id=da9d3605-d5bb-4af4-b35f-64e6f231f8df
2019-11-14 17:39:12,616 [pool-559-thread-1] INFO  util.JmxRegister (JmxRegister.java:tryRegister(44)) - Successfully registered JMX Bean with object name Ratis:service=RaftServer,group=group-B209632AD019,id=9c88a047-7f73-4111-bf87-fe029dccbce6
2019-11-14 17:39:12,616 [pool-539-thread-1] WARN  impl.MetricRegistriesImpl (MetricRegistriesImpl.java:lambda$create$1(61)) - First MetricRegistry has been created without registering reporters. You may need to call MetricRegistries.global().addReportRegistration(...) before.
2019-11-14 17:39:12,617 [pool-559-thread-1] WARN  impl.MetricRegistriesImpl (MetricRegistriesImpl.java:lambda$create$1(61)) - First MetricRegistry has been created without registering reporters. You may need to call MetricRegistries.global().addReportRegistration(...) before.
2019-11-14 17:39:12,619 [RatisPipelineUtilsThread] INFO  pipeline.PipelineStateManager (PipelineStateManager.java:addPipeline(55)) - Created pipeline Pipeline[ Id: 468def83-e12b-4ede-843f-b209632ad019, Nodes: da9d3605-d5bb-4af4-b35f-64e6f231f8df{ip: 192.168.157.194, host: pr-hdds-2482-j87dr-2776293630, networkLocation: /rack1, certSerialId: null}9c88a047-7f73-4111-bf87-fe029dccbce6{ip: 192.168.157.194, host: pr-hdds-2482-j87dr-2776293630, networkLocation: /rack1, certSerialId: null}00aa4e63-81eb-4c33-a32e-b28e61c28a6d{ip: 192.168.157.194, host: pr-hdds-2482-j87dr-2776293630, networkLocation: /rack1, certSerialId: null}, Type:RATIS, Factor:THREE, State:ALLOCATED]
2019-11-14 17:39:12,859 [Thread-3991] INFO  impl.FollowerState (FollowerState.java:run(111)) - 9f70b324-be48-4d43-8f47-cd647748f9c6@group-82ECACBE1008-FollowerState: change to CANDIDATE, lastRpcTime:1094ms, electionTimeout:1090ms
2019-11-14 17:39:12,859 [Thread-3991] INFO  impl.RoleInfo (RoleInfo.java:shutdownFollowerState(121)) - 9f70b324-be48-4d43-8f47-cd647748f9c6: shutdown FollowerState
2019-11-14 17:39:12,859 [Thread-3991] INFO  impl.RaftServerImpl (RaftServerImpl.java:setRole(173)) - 9f70b324-be48-4d43-8f47-cd647748f9c6@group-82ECACBE1008: changes role from  FOLLOWER to CANDIDATE at term 0 for changeToCandidate
2019-11-14 17:39:12,859 [Thread-3991] INFO  impl.RoleInfo (RoleInfo.java:updateAndGet(143)) - 9f70b324-be48-4d43-8f47-cd647748f9c6: start LeaderElection
2019-11-14 17:39:12,882 [9f70b324-be48-4d43-8f47-cd647748f9c6@group-82ECACBE1008-LeaderElection217] INFO  impl.LeaderElection (LeaderElection.java:askForVotes(178)) - 9f70b324-be48-4d43-8f47-cd647748f9c6@group-82ECACBE1008-LeaderElection217: begin an election at term 1 for -1: [9f70b324-be48-4d43-8f47-cd647748f9c6:192.168.157.194:39672], old=null
2019-11-14 17:39:12,883 [9f70b324-be48-4d43-8f47-cd647748f9c6@group-82ECACBE1008-LeaderElection217] INFO  impl.RoleInfo (RoleInfo.java:shutdownLeaderElection(134)) - 9f70b324-be48-4d43-8f47-cd647748f9c6: shutdown LeaderElection
2019-11-14 17:39:12,883 [9f70b324-be48-4d43-8f47-cd647748f9c6@group-82ECACBE1008-LeaderElection217] INFO  impl.RaftServerImpl (RaftServerImpl.java:setRole(173)) - 9f70b324-be48-4d43-8f47-cd647748f9c6@group-82ECACBE1008: changes role from CANDIDATE to LEADER at term 1 for changeToLeader
2019-11-14 17:39:12,883 [9f70b324-be48-4d43-8f47-cd647748f9c6@group-82ECACBE1008-LeaderElection217] INFO  ratis.XceiverServerRatis (XceiverServerRatis.java:handleLeaderChangedNotification(697)) - Leader change notification received for group: group-82ECACBE1008 with new leaderId: 9f70b324-be48-4d43-8f47-cd647748f9c6
2019-11-14 17:39:12,883 [9f70b324-be48-4d43-8f47-cd647748f9c6@group-82ECACBE1008-LeaderElection217] INFO  impl.RaftServerImpl (ServerState.java:setLeader(255)) - 9f70b324-be48-4d43-8f47-cd647748f9c6@group-82ECACBE1008: change Leader from null to 9f70b324-be48-4d43-8f47-cd647748f9c6 at term 1 for becomeLeader, leader elected after 1122ms
2019-11-14 17:39:12,883 [9f70b324-be48-4d43-8f47-cd647748f9c6@group-82ECACBE1008-LeaderElection217] INFO  server.RaftServerConfigKeys (ConfUtils.java:logGet(43)) - raft.server.staging.catchup.gap = 1000 (default)
2019-11-14 17:39:12,883 [9f70b324-be48-4d43-8f47-cd647748f9c6@group-82ECACBE1008-LeaderElection217] INFO  server.RaftServerConfigKeys (ConfUtils.java:logGet(43)) - raft.server.rpc.sleep.time = 25ms (default)
2019-11-14 17:39:12,883 [9f70b324-be48-4d43-8f47-cd647748f9c6@group-82ECACBE1008-LeaderElection217] INFO  server.RaftServerConfigKeys (ConfUtils.java:logGet(43)) - raft.server.write.element-limit = 4096 (default)
2019-11-14 17:39:12,883 [9f70b324-be48-4d43-8f47-cd647748f9c6@group-82ECACBE1008-LeaderElection217] INFO  server.RaftServerConfigKeys (ConfUtils.java:logGet(43)) - raft.server.watch.timeout = 10s (default)
2019-11-14 17:39:12,884 [9f70b324-be48-4d43-8f47-cd647748f9c6@group-82ECACBE1008-LeaderElection217] INFO  server.RaftServerConfigKeys (ConfUtils.java:logGet(43)) - raft.server.watch.timeout.denomination = 1s (default)
2019-11-14 17:39:12,884 [9f70b324-be48-4d43-8f47-cd647748f9c6@group-82ECACBE1008-LeaderElection217] INFO  server.RaftServerConfigKeys (ConfUtils.java:logGet(43)) - raft.server.watch.element-limit = 65536 (default)
2019-11-14 17:39:12,884 [9f70b324-be48-4d43-8f47-cd647748f9c6@group-82ECACBE1008-LeaderElection217] INFO  impl.RoleInfo (RoleInfo.java:updateAndGet(143)) - 9f70b324-be48-4d43-8f47-cd647748f9c6: start LeaderState
2019-11-14 17:39:12,884 [EventQueue-PipelineReportForPipelineReportHandler] INFO  pipeline.PipelineStateManager (PipelineStateManager.java:openPipeline(134)) - Pipeline Pipeline[ Id: 80c47b4b-21f1-4093-a081-82ecacbe1008, Nodes: 9f70b324-be48-4d43-8f47-cd647748f9c6{ip: 192.168.157.194, host: pr-hdds-2482-j87dr-2776293630, networkLocation: /rack1, certSerialId: null}, Type:RATIS, Factor:ONE, State:OPEN] moved to OPEN state
2019-11-14 17:39:12,884 [9f70b324-be48-4d43-8f47-cd647748f9c6@group-82ECACBE1008-LeaderElection217] INFO  segmented.SegmentedRaftLogWorker (SegmentedRaftLogWorker.java:startLogSegment(385)) - 9f70b324-be48-4d43-8f47-cd647748f9c6@group-82ECACBE1008-SegmentedRaftLogWorker: Starting segment from index:0
2019-11-14 17:39:12,884 [9f70b324-be48-4d43-8f47-cd647748f9c6@group-82ECACBE1008-LeaderElection217] INFO  impl.RaftServerImpl (ServerState.java:setRaftConf(356)) - 9f70b324-be48-4d43-8f47-cd647748f9c6@group-82ECACBE1008: set configuration 0: [9f70b324-be48-4d43-8f47-cd647748f9c6:192.168.157.194:39672], old=null at 0
2019-11-14 17:39:12,896 [Thread-3997] INFO  impl.FollowerState (FollowerState.java:run(111)) - d0c52919-9387-42b7-9191-3f4b0bb9b568@group-C178A2F4DAA1-FollowerState: change to CANDIDATE, lastRpcTime:1069ms, electionTimeout:1069ms
2019-11-14 17:39:12,896 [Thread-3997] INFO  impl.RoleInfo (RoleInfo.java:shutdownFollowerState(121)) - d0c52919-9387-42b7-9191-3f4b0bb9b568: shutdown FollowerState
2019-11-14 17:39:12,896 [Thread-3997] INFO  impl.RaftServerImpl (RaftServerImpl.java:setRole(173)) - d0c52919-9387-42b7-9191-3f4b0bb9b568@group-C178A2F4DAA1: changes role from  FOLLOWER to CANDIDATE at term 0 for changeToCandidate
2019-11-14 17:39:12,896 [Thread-3997] INFO  impl.RoleInfo (RoleInfo.java:updateAndGet(143)) - d0c52919-9387-42b7-9191-3f4b0bb9b568: start LeaderElection
2019-11-14 17:39:12,944 [9f70b324-be48-4d43-8f47-cd647748f9c6@group-82ECACBE1008-SegmentedRaftLogWorker] INFO  segmented.SegmentedRaftLogWorker (SegmentedRaftLogWorker.java:execute(576)) - 9f70b324-be48-4d43-8f47-cd647748f9c6@group-82ECACBE1008-SegmentedRaftLogWorker: created new log segment /workdir/hadoop-ozone/integration-test/target/test-dir/MiniOzoneClusterImpl-76142843-c060-4c87-bf9f-3caeb3385afc/datanode-1/data/ratis/80c47b4b-21f1-4093-a081-82ecacbe1008/current/log_inprogress_0
2019-11-14 17:39:12,944 [d0c52919-9387-42b7-9191-3f4b0bb9b568@group-C178A2F4DAA1-LeaderElection218] INFO  impl.LeaderElection (LeaderElection.java:askForVotes(178)) - d0c52919-9387-42b7-9191-3f4b0bb9b568@group-C178A2F4DAA1-LeaderElection218: begin an election at term 1 for -1: [d0c52919-9387-42b7-9191-3f4b0bb9b568:192.168.157.194:42749], old=null
2019-11-14 17:39:12,944 [d0c52919-9387-42b7-9191-3f4b0bb9b568@group-C178A2F4DAA1-LeaderElection218] INFO  impl.RoleInfo (RoleInfo.java:shutdownLeaderElection(134)) - d0c52919-9387-42b7-9191-3f4b0bb9b568: shutdown LeaderElection
2019-11-14 17:39:12,944 [d0c52919-9387-42b7-9191-3f4b0bb9b568@group-C178A2F4DAA1-LeaderElection218] INFO  impl.RaftServerImpl (RaftServerImpl.java:setRole(173)) - d0c52919-9387-42b7-9191-3f4b0bb9b568@group-C178A2F4DAA1: changes role from CANDIDATE to LEADER at term 1 for changeToLeader
2019-11-14 17:39:12,944 [d0c52919-9387-42b7-9191-3f4b0bb9b568@group-C178A2F4DAA1-LeaderElection218] INFO  ratis.XceiverServerRatis (XceiverServerRatis.java:handleLeaderChangedNotification(697)) - Leader change notification received for group: group-C178A2F4DAA1 with new leaderId: d0c52919-9387-42b7-9191-3f4b0bb9b568
2019-11-14 17:39:12,946 [d0c52919-9387-42b7-9191-3f4b0bb9b568@group-C178A2F4DAA1-LeaderElection218] INFO  impl.RaftServerImpl (ServerState.java:setLeader(255)) - d0c52919-9387-42b7-9191-3f4b0bb9b568@group-C178A2F4DAA1: change Leader from null to d0c52919-9387-42b7-9191-3f4b0bb9b568 at term 1 for becomeLeader, leader elected after 1121ms
2019-11-14 17:39:12,947 [d0c52919-9387-42b7-9191-3f4b0bb9b568@group-C178A2F4DAA1-LeaderElection218] INFO  server.RaftServerConfigKeys (ConfUtils.java:logGet(43)) - raft.server.staging.catchup.gap = 1000 (default)
2019-11-14 17:39:12,947 [d0c52919-9387-42b7-9191-3f4b0bb9b568@group-C178A2F4DAA1-LeaderElection218] INFO  server.RaftServerConfigKeys (ConfUtils.java:logGet(43)) - raft.server.rpc.sleep.time = 25ms (default)
2019-11-14 17:39:12,947 [d0c52919-9387-42b7-9191-3f4b0bb9b568@group-C178A2F4DAA1-LeaderElection218] INFO  server.RaftServerConfigKeys (ConfUtils.java:logGet(43)) - raft.server.write.element-limit = 4096 (default)
2019-11-14 17:39:12,947 [d0c52919-9387-42b7-9191-3f4b0bb9b568@group-C178A2F4DAA1-LeaderElection218] INFO  server.RaftServerConfigKeys (ConfUtils.java:logGet(43)) - raft.server.watch.timeout = 10s (default)
2019-11-14 17:39:12,947 [d0c52919-9387-42b7-9191-3f4b0bb9b568@group-C178A2F4DAA1-LeaderElection218] INFO  server.RaftServerConfigKeys (ConfUtils.java:logGet(43)) - raft.server.watch.timeout.denomination = 1s (default)
2019-11-14 17:39:12,947 [d0c52919-9387-42b7-9191-3f4b0bb9b568@group-C178A2F4DAA1-LeaderElection218] INFO  server.RaftServerConfigKeys (ConfUtils.java:logGet(43)) - raft.server.watch.element-limit = 65536 (default)
2019-11-14 17:39:12,948 [d0c52919-9387-42b7-9191-3f4b0bb9b568@group-C178A2F4DAA1-LeaderElection218] INFO  impl.RoleInfo (RoleInfo.java:updateAndGet(143)) - d0c52919-9387-42b7-9191-3f4b0bb9b568: start LeaderState
2019-11-14 17:39:12,948 [EventQueue-PipelineReportForPipelineReportHandler] INFO  pipeline.PipelineStateManager (PipelineStateManager.java:openPipeline(134)) - Pipeline Pipeline[ Id: 0986c51b-bdc0-4b3b-8514-c178a2f4daa1, Nodes: d0c52919-9387-42b7-9191-3f4b0bb9b568{ip: 192.168.157.194, host: pr-hdds-2482-j87dr-2776293630, networkLocation: /rack1, certSerialId: null}, Type:RATIS, Factor:ONE, State:OPEN] moved to OPEN state
2019-11-14 17:39:12,948 [d0c52919-9387-42b7-9191-3f4b0bb9b568@group-C178A2F4DAA1-LeaderElection218] INFO  segmented.SegmentedRaftLogWorker (SegmentedRaftLogWorker.java:startLogSegment(385)) - d0c52919-9387-42b7-9191-3f4b0bb9b568@group-C178A2F4DAA1-SegmentedRaftLogWorker: Starting segment from index:0
2019-11-14 17:39:12,948 [d0c52919-9387-42b7-9191-3f4b0bb9b568@group-C178A2F4DAA1-LeaderElection218] INFO  impl.RaftServerImpl (ServerState.java:setRaftConf(356)) - d0c52919-9387-42b7-9191-3f4b0bb9b568@group-C178A2F4DAA1: set configuration 0: [d0c52919-9387-42b7-9191-3f4b0bb9b568:192.168.157.194:42749], old=null at 0
2019-11-14 17:39:12,987 [Thread-4015] INFO  impl.FollowerState (FollowerState.java:run(111)) - d0d029c9-c080-45aa-9428-ec9c2afb2e55@group-33E2797DB71F-FollowerState: change to CANDIDATE, lastRpcTime:1108ms, electionTimeout:1100ms
2019-11-14 17:39:12,987 [Thread-4021] INFO  impl.FollowerState (FollowerState.java:run(111)) - 9c88a047-7f73-4111-bf87-fe029dccbce6@group-BAF0D31D5566-FollowerState: change to CANDIDATE, lastRpcTime:1032ms, electionTimeout:1001ms
2019-11-14 17:39:12,987 [Thread-4015] INFO  impl.RoleInfo (RoleInfo.java:shutdownFollowerState(121)) - d0d029c9-c080-45aa-9428-ec9c2afb2e55: shutdown FollowerState
2019-11-14 17:39:12,987 [Thread-4015] INFO  impl.RaftServerImpl (RaftServerImpl.java:setRole(173)) - d0d029c9-c080-45aa-9428-ec9c2afb2e55@group-33E2797DB71F: changes role from  FOLLOWER to CANDIDATE at term 0 for changeToCandidate
2019-11-14 17:39:12,987 [Thread-4021] INFO  impl.RoleInfo (RoleInfo.java:shutdownFollowerState(121)) - 9c88a047-7f73-4111-bf87-fe029dccbce6: shutdown FollowerState
2019-11-14 17:39:12,987 [Thread-4015] INFO  impl.RoleInfo (RoleInfo.java:updateAndGet(143)) - d0d029c9-c080-45aa-9428-ec9c2afb2e55: start LeaderElection
2019-11-14 17:39:12,987 [Thread-4021] INFO  impl.RaftServerImpl (RaftServerImpl.java:setRole(173)) - 9c88a047-7f73-4111-bf87-fe029dccbce6@group-BAF0D31D5566: changes role from  FOLLOWER to CANDIDATE at term 0 for changeToCandidate
2019-11-14 17:39:12,988 [Thread-4021] INFO  impl.RoleInfo (RoleInfo.java:updateAndGet(143)) - 9c88a047-7f73-4111-bf87-fe029dccbce6: start LeaderElection
2019-11-14 17:39:13,010 [d0c52919-9387-42b7-9191-3f4b0bb9b568@group-C178A2F4DAA1-SegmentedRaftLogWorker] INFO  segmented.SegmentedRaftLogWorker (SegmentedRaftLogWorker.java:execute(576)) - d0c52919-9387-42b7-9191-3f4b0bb9b568@group-C178A2F4DAA1-SegmentedRaftLogWorker: created new log segment /workdir/hadoop-ozone/integration-test/target/test-dir/MiniOzoneClusterImpl-76142843-c060-4c87-bf9f-3caeb3385afc/datanode-9/data/ratis/0986c51b-bdc0-4b3b-8514-c178a2f4daa1/current/log_inprogress_0
2019-11-14 17:39:13,010 [d0d029c9-c080-45aa-9428-ec9c2afb2e55@group-33E2797DB71F-LeaderElection219] INFO  impl.LeaderElection (LeaderElection.java:askForVotes(178)) - d0d029c9-c080-45aa-9428-ec9c2afb2e55@group-33E2797DB71F-LeaderElection219: begin an election at term 1 for -1: [d0d029c9-c080-45aa-9428-ec9c2afb2e55:192.168.157.194:41166], old=null
2019-11-14 17:39:13,010 [d0d029c9-c080-45aa-9428-ec9c2afb2e55@group-33E2797DB71F-LeaderElection219] INFO  impl.RoleInfo (RoleInfo.java:shutdownLeaderElection(134)) - d0d029c9-c080-45aa-9428-ec9c2afb2e55: shutdown LeaderElection
2019-11-14 17:39:13,010 [d0d029c9-c080-45aa-9428-ec9c2afb2e55@group-33E2797DB71F-LeaderElection219] INFO  impl.RaftServerImpl (RaftServerImpl.java:setRole(173)) - d0d029c9-c080-45aa-9428-ec9c2afb2e55@group-33E2797DB71F: changes role from CANDIDATE to LEADER at term 1 for changeToLeader
2019-11-14 17:39:13,010 [d0d029c9-c080-45aa-9428-ec9c2afb2e55@group-33E2797DB71F-LeaderElection219] INFO  ratis.XceiverServerRatis (XceiverServerRatis.java:handleLeaderChangedNotification(697)) - Leader change notification received for group: group-33E2797DB71F with new leaderId: d0d029c9-c080-45aa-9428-ec9c2afb2e55
2019-11-14 17:39:13,012 [d0d029c9-c080-45aa-9428-ec9c2afb2e55@group-33E2797DB71F-LeaderElection219] INFO  impl.RaftServerImpl (ServerState.java:setLeader(255)) - d0d029c9-c080-45aa-9428-ec9c2afb2e55@group-33E2797DB71F: change Leader from null to d0d029c9-c080-45aa-9428-ec9c2afb2e55 at term 1 for becomeLeader, leader elected after 1136ms
2019-11-14 17:39:13,013 [d0d029c9-c080-45aa-9428-ec9c2afb2e55@group-33E2797DB71F-LeaderElection219] INFO  server.RaftServerConfigKeys (ConfUtils.java:logGet(43)) - raft.server.staging.catchup.gap = 1000 (default)
2019-11-14 17:39:13,013 [d0d029c9-c080-45aa-9428-ec9c2afb2e55@group-33E2797DB71F-LeaderElection219] INFO  server.RaftServerConfigKeys (ConfUtils.java:logGet(43)) - raft.server.rpc.sleep.time = 25ms (default)
2019-11-14 17:39:13,013 [d0d029c9-c080-45aa-9428-ec9c2afb2e55@group-33E2797DB71F-LeaderElection219] INFO  server.RaftServerConfigKeys (ConfUtils.java:logGet(43)) - raft.server.write.element-limit = 4096 (default)
2019-11-14 17:39:13,013 [d0d029c9-c080-45aa-9428-ec9c2afb2e55@group-33E2797DB71F-LeaderElection219] INFO  server.RaftServerConfigKeys (ConfUtils.java:logGet(43)) - raft.server.watch.timeout = 10s (default)
2019-11-14 17:39:13,013 [EventQueue-PipelineReportForPipelineReportHandler] INFO  pipeline.PipelineStateManager (PipelineStateManager.java:openPipeline(134)) - Pipeline Pipeline[ Id: 3f7114e7-e0f7-4bf3-ae7e-33e2797db71f, Nodes: d0d029c9-c080-45aa-9428-ec9c2afb2e55{ip: 192.168.157.194, host: pr-hdds-2482-j87dr-2776293630, networkLocation: /rack1, certSerialId: null}, Type:RATIS, Factor:ONE, State:OPEN] moved to OPEN state
2019-11-14 17:39:13,013 [d0d029c9-c080-45aa-9428-ec9c2afb2e55@group-33E2797DB71F-LeaderElection219] INFO  server.RaftServerConfigKeys (ConfUtils.java:logGet(43)) - raft.server.watch.timeout.denomination = 1s (default)
2019-11-14 17:39:13,014 [d0d029c9-c080-45aa-9428-ec9c2afb2e55@group-33E2797DB71F-LeaderElection219] INFO  server.RaftServerConfigKeys (ConfUtils.java:logGet(43)) - raft.server.watch.element-limit = 65536 (default)
2019-11-14 17:39:13,014 [d0d029c9-c080-45aa-9428-ec9c2afb2e55@group-33E2797DB71F-LeaderElection219] INFO  impl.RoleInfo (RoleInfo.java:updateAndGet(143)) - d0d029c9-c080-45aa-9428-ec9c2afb2e55: start LeaderState
2019-11-14 17:39:13,014 [d0d029c9-c080-45aa-9428-ec9c2afb2e55@group-33E2797DB71F-LeaderElection219] INFO  segmented.SegmentedRaftLogWorker (SegmentedRaftLogWorker.java:startLogSegment(385)) - d0d029c9-c080-45aa-9428-ec9c2afb2e55@group-33E2797DB71F-SegmentedRaftLogWorker: Starting segment from index:0
2019-11-14 17:39:13,015 [d0d029c9-c080-45aa-9428-ec9c2afb2e55@group-33E2797DB71F-LeaderElection219] INFO  impl.RaftServerImpl (ServerState.java:setRaftConf(356)) - d0d029c9-c080-45aa-9428-ec9c2afb2e55@group-33E2797DB71F: set configuration 0: [d0d029c9-c080-45aa-9428-ec9c2afb2e55:192.168.157.194:41166], old=null at 0
2019-11-14 17:39:13,032 [9c88a047-7f73-4111-bf87-fe029dccbce6@group-BAF0D31D5566-LeaderElection220] INFO  impl.LeaderElection (LeaderElection.java:askForVotes(178)) - 9c88a047-7f73-4111-bf87-fe029dccbce6@group-BAF0D31D5566-LeaderElection220: begin an election at term 1 for -1: [9c88a047-7f73-4111-bf87-fe029dccbce6:192.168.157.194:46499], old=null
2019-11-14 17:39:13,032 [9c88a047-7f73-4111-bf87-fe029dccbce6@group-BAF0D31D5566-LeaderElection220] INFO  impl.RoleInfo (RoleInfo.java:shutdownLeaderElection(134)) - 9c88a047-7f73-4111-bf87-fe029dccbce6: shutdown LeaderElection
2019-11-14 17:39:13,032 [9c88a047-7f73-4111-bf87-fe029dccbce6@group-BAF0D31D5566-LeaderElection220] INFO  impl.RaftServerImpl (RaftServerImpl.java:setRole(173)) - 9c88a047-7f73-4111-bf87-fe029dccbce6@group-BAF0D31D5566: changes role from CANDIDATE to LEADER at term 1 for changeToLeader
2019-11-14 17:39:13,032 [9c88a047-7f73-4111-bf87-fe029dccbce6@group-BAF0D31D5566-LeaderElection220] INFO  ratis.XceiverServerRatis (XceiverServerRatis.java:handleLeaderChangedNotification(697)) - Leader change notification received for group: group-BAF0D31D5566 with new leaderId: 9c88a047-7f73-4111-bf87-fe029dccbce6
2019-11-14 17:39:13,033 [9c88a047-7f73-4111-bf87-fe029dccbce6@group-BAF0D31D5566-LeaderElection220] INFO  impl.RaftServerImpl (ServerState.java:setLeader(255)) - 9c88a047-7f73-4111-bf87-fe029dccbce6@group-BAF0D31D5566: change Leader from null to 9c88a047-7f73-4111-bf87-fe029dccbce6 at term 1 for becomeLeader, leader elected after 1080ms
2019-11-14 17:39:13,033 [9c88a047-7f73-4111-bf87-fe029dccbce6@group-BAF0D31D5566-LeaderElection220] INFO  server.RaftServerConfigKeys (ConfUtils.java:logGet(43)) - raft.server.staging.catchup.gap = 1000 (default)
2019-11-14 17:39:13,033 [9c88a047-7f73-4111-bf87-fe029dccbce6@group-BAF0D31D5566-LeaderElection220] INFO  server.RaftServerConfigKeys (ConfUtils.java:logGet(43)) - raft.server.rpc.sleep.time = 25ms (default)
2019-11-14 17:39:13,033 [9c88a047-7f73-4111-bf87-fe029dccbce6@group-BAF0D31D5566-LeaderElection220] INFO  server.RaftServerConfigKeys (ConfUtils.java:logGet(43)) - raft.server.write.element-limit = 4096 (default)
2019-11-14 17:39:13,033 [9c88a047-7f73-4111-bf87-fe029dccbce6@group-BAF0D31D5566-LeaderElection220] INFO  server.RaftServerConfigKeys (ConfUtils.java:logGet(43)) - raft.server.watch.timeout = 10s (default)
2019-11-14 17:39:13,034 [9c88a047-7f73-4111-bf87-fe029dccbce6@group-BAF0D31D5566-LeaderElection220] INFO  server.RaftServerConfigKeys (ConfUtils.java:logGet(43)) - raft.server.watch.timeout.denomination = 1s (default)
2019-11-14 17:39:13,034 [9c88a047-7f73-4111-bf87-fe029dccbce6@group-BAF0D31D5566-LeaderElection220] INFO  server.RaftServerConfigKeys (ConfUtils.java:logGet(43)) - raft.server.watch.element-limit = 65536 (default)
2019-11-14 17:39:13,034 [EventQueue-PipelineReportForPipelineReportHandler] INFO  pipeline.PipelineStateManager (PipelineStateManager.java:openPipeline(134)) - Pipeline Pipeline[ Id: 0006ba89-2dba-45b5-a154-baf0d31d5566, Nodes: 9c88a047-7f73-4111-bf87-fe029dccbce6{ip: 192.168.157.194, host: pr-hdds-2482-j87dr-2776293630, networkLocation: /rack1, certSerialId: null}, Type:RATIS, Factor:ONE, State:OPEN] moved to OPEN state
2019-11-14 17:39:13,034 [9c88a047-7f73-4111-bf87-fe029dccbce6@group-BAF0D31D5566-LeaderElection220] INFO  impl.RoleInfo (RoleInfo.java:updateAndGet(143)) - 9c88a047-7f73-4111-bf87-fe029dccbce6: start LeaderState
2019-11-14 17:39:13,034 [9c88a047-7f73-4111-bf87-fe029dccbce6@group-BAF0D31D5566-LeaderElection220] INFO  segmented.SegmentedRaftLogWorker (SegmentedRaftLogWorker.java:startLogSegment(385)) - 9c88a047-7f73-4111-bf87-fe029dccbce6@group-BAF0D31D5566-SegmentedRaftLogWorker: Starting segment from index:0
2019-11-14 17:39:13,034 [9c88a047-7f73-4111-bf87-fe029dccbce6@group-BAF0D31D5566-LeaderElection220] INFO  impl.RaftServerImpl (ServerState.java:setRaftConf(356)) - 9c88a047-7f73-4111-bf87-fe029dccbce6@group-BAF0D31D5566: set configuration 0: [9c88a047-7f73-4111-bf87-fe029dccbce6:192.168.157.194:46499], old=null at 0
2019-11-14 17:39:13,083 [d0d029c9-c080-45aa-9428-ec9c2afb2e55@group-33E2797DB71F-SegmentedRaftLogWorker] INFO  segmented.SegmentedRaftLogWorker (SegmentedRaftLogWorker.java:execute(576)) - d0d029c9-c080-45aa-9428-ec9c2afb2e55@group-33E2797DB71F-SegmentedRaftLogWorker: created new log segment /workdir/hadoop-ozone/integration-test/target/test-dir/MiniOzoneClusterImpl-76142843-c060-4c87-bf9f-3caeb3385afc/datanode-8/data/ratis/3f7114e7-e0f7-4bf3-ae7e-33e2797db71f/current/log_inprogress_0
2019-11-14 17:39:13,097 [Thread-4032] INFO  impl.FollowerState (FollowerState.java:run(111)) - 521325b2-2ced-4cee-b44f-acc523c049d7@group-28F059BB15A6-FollowerState: change to CANDIDATE, lastRpcTime:1017ms, electionTimeout:1017ms
2019-11-14 17:39:13,097 [Thread-4032] INFO  impl.RoleInfo (RoleInfo.java:shutdownFollowerState(121)) - 521325b2-2ced-4cee-b44f-acc523c049d7: shutdown FollowerState
2019-11-14 17:39:13,098 [Thread-4032] INFO  impl.RaftServerImpl (RaftServerImpl.java:setRole(173)) - 521325b2-2ced-4cee-b44f-acc523c049d7@group-28F059BB15A6: changes role from  FOLLOWER to CANDIDATE at term 0 for changeToCandidate
2019-11-14 17:39:13,098 [Thread-4032] INFO  impl.RoleInfo (RoleInfo.java:updateAndGet(143)) - 521325b2-2ced-4cee-b44f-acc523c049d7: start LeaderElection
2019-11-14 17:39:13,113 [9c88a047-7f73-4111-bf87-fe029dccbce6@group-BAF0D31D5566-SegmentedRaftLogWorker] INFO  segmented.SegmentedRaftLogWorker (SegmentedRaftLogWorker.java:execute(576)) - 9c88a047-7f73-4111-bf87-fe029dccbce6@group-BAF0D31D5566-SegmentedRaftLogWorker: created new log segment /workdir/hadoop-ozone/integration-test/target/test-dir/MiniOzoneClusterImpl-76142843-c060-4c87-bf9f-3caeb3385afc/datanode-5/data/ratis/0006ba89-2dba-45b5-a154-baf0d31d5566/current/log_inprogress_0
2019-11-14 17:39:13,136 [521325b2-2ced-4cee-b44f-acc523c049d7@group-28F059BB15A6-LeaderElection221] INFO  impl.LeaderElection (LeaderElection.java:askForVotes(178)) - 521325b2-2ced-4cee-b44f-acc523c049d7@group-28F059BB15A6-LeaderElection221: begin an election at term 1 for -1: [d0c52919-9387-42b7-9191-3f4b0bb9b568:192.168.157.194:42749, d0d029c9-c080-45aa-9428-ec9c2afb2e55:192.168.157.194:41166, 521325b2-2ced-4cee-b44f-acc523c049d7:192.168.157.194:33976], old=null
2019-11-14 17:39:13,139 [grpc-default-executor-3] INFO  impl.RaftServerImpl (RaftServerImpl.java:setRole(173)) - d0d029c9-c080-45aa-9428-ec9c2afb2e55@group-28F059BB15A6: changes role from  FOLLOWER to FOLLOWER at term 1 for recognizeCandidate:521325b2-2ced-4cee-b44f-acc523c049d7
2019-11-14 17:39:13,139 [grpc-default-executor-3] INFO  impl.RoleInfo (RoleInfo.java:shutdownFollowerState(121)) - d0d029c9-c080-45aa-9428-ec9c2afb2e55: shutdown FollowerState
2019-11-14 17:39:13,140 [grpc-default-executor-3] INFO  impl.RoleInfo (RoleInfo.java:updateAndGet(143)) - d0d029c9-c080-45aa-9428-ec9c2afb2e55: start FollowerState
2019-11-14 17:39:13,140 [Thread-4031] INFO  impl.FollowerState (FollowerState.java:run(120)) - d0d029c9-c080-45aa-9428-ec9c2afb2e55@group-28F059BB15A6-FollowerState was interrupted: java.lang.InterruptedException: sleep interrupted
2019-11-14 17:39:13,140 [grpc-default-executor-5] INFO  impl.RaftServerImpl (RaftServerImpl.java:setRole(173)) - d0c52919-9387-42b7-9191-3f4b0bb9b568@group-28F059BB15A6: changes role from  FOLLOWER to FOLLOWER at term 1 for recognizeCandidate:521325b2-2ced-4cee-b44f-acc523c049d7
2019-11-14 17:39:13,140 [grpc-default-executor-5] INFO  impl.RoleInfo (RoleInfo.java:shutdownFollowerState(121)) - d0c52919-9387-42b7-9191-3f4b0bb9b568: shutdown FollowerState
2019-11-14 17:39:13,140 [grpc-default-executor-5] INFO  impl.RoleInfo (RoleInfo.java:updateAndGet(143)) - d0c52919-9387-42b7-9191-3f4b0bb9b568: start FollowerState
2019-11-14 17:39:13,140 [Thread-4027] INFO  impl.FollowerState (FollowerState.java:run(120)) - d0c52919-9387-42b7-9191-3f4b0bb9b568@group-28F059BB15A6-FollowerState was interrupted: java.lang.InterruptedException: sleep interrupted
2019-11-14 17:39:13,171 [521325b2-2ced-4cee-b44f-acc523c049d7@group-28F059BB15A6-LeaderElection221] INFO  impl.LeaderElection (LeaderElection.java:logAndReturn(56)) - 521325b2-2ced-4cee-b44f-acc523c049d7@group-28F059BB15A6-LeaderElection221: Election PASSED; received 1 response(s) [521325b2-2ced-4cee-b44f-acc523c049d7<-d0d029c9-c080-45aa-9428-ec9c2afb2e55#0:OK-t1] and 0 exception(s); 521325b2-2ced-4cee-b44f-acc523c049d7@group-28F059BB15A6:t1, leader=null, voted=521325b2-2ced-4cee-b44f-acc523c049d7, raftlog=521325b2-2ced-4cee-b44f-acc523c049d7@group-28F059BB15A6-SegmentedRaftLog:OPENED:c-1,f-1,i0, conf=-1: [d0c52919-9387-42b7-9191-3f4b0bb9b568:192.168.157.194:42749, d0d029c9-c080-45aa-9428-ec9c2afb2e55:192.168.157.194:41166, 521325b2-2ced-4cee-b44f-acc523c049d7:192.168.157.194:33976], old=null
2019-11-14 17:39:13,171 [521325b2-2ced-4cee-b44f-acc523c049d7@group-28F059BB15A6-LeaderElection221] INFO  impl.RoleInfo (RoleInfo.java:shutdownLeaderElection(134)) - 521325b2-2ced-4cee-b44f-acc523c049d7: shutdown LeaderElection
2019-11-14 17:39:13,172 [521325b2-2ced-4cee-b44f-acc523c049d7@group-28F059BB15A6-LeaderElection221] INFO  impl.RaftServerImpl (RaftServerImpl.java:setRole(173)) - 521325b2-2ced-4cee-b44f-acc523c049d7@group-28F059BB15A6: changes role from CANDIDATE to LEADER at term 1 for changeToLeader
2019-11-14 17:39:13,172 [521325b2-2ced-4cee-b44f-acc523c049d7@group-28F059BB15A6-LeaderElection221] INFO  ratis.XceiverServerRatis (XceiverServerRatis.java:handleLeaderChangedNotification(697)) - Leader change notification received for group: group-28F059BB15A6 with new leaderId: 521325b2-2ced-4cee-b44f-acc523c049d7
2019-11-14 17:39:13,172 [521325b2-2ced-4cee-b44f-acc523c049d7@group-28F059BB15A6-LeaderElection221] INFO  impl.RaftServerImpl (ServerState.java:setLeader(255)) - 521325b2-2ced-4cee-b44f-acc523c049d7@group-28F059BB15A6: change Leader from null to 521325b2-2ced-4cee-b44f-acc523c049d7 at term 1 for becomeLeader, leader elected after 1100ms
2019-11-14 17:39:13,172 [521325b2-2ced-4cee-b44f-acc523c049d7@group-28F059BB15A6-LeaderElection221] INFO  server.RaftServerConfigKeys (ConfUtils.java:logGet(43)) - raft.server.staging.catchup.gap = 1000 (default)
2019-11-14 17:39:13,172 [521325b2-2ced-4cee-b44f-acc523c049d7@group-28F059BB15A6-LeaderElection221] INFO  server.RaftServerConfigKeys (ConfUtils.java:logGet(43)) - raft.server.rpc.sleep.time = 25ms (default)
2019-11-14 17:39:13,172 [521325b2-2ced-4cee-b44f-acc523c049d7@group-28F059BB15A6-LeaderElection221] INFO  server.RaftServerConfigKeys (ConfUtils.java:logGet(43)) - raft.server.write.element-limit = 4096 (default)
2019-11-14 17:39:13,173 [521325b2-2ced-4cee-b44f-acc523c049d7@group-28F059BB15A6-LeaderElection221] INFO  server.RaftServerConfigKeys (ConfUtils.java:logGet(43)) - raft.server.watch.timeout = 10s (default)
2019-11-14 17:39:13,173 [521325b2-2ced-4cee-b44f-acc523c049d7@group-28F059BB15A6-LeaderElection221] INFO  server.RaftServerConfigKeys (ConfUtils.java:logGet(43)) - raft.server.watch.timeout.denomination = 1s (default)
2019-11-14 17:39:13,173 [EventQueue-PipelineReportForPipelineReportHandler] INFO  pipeline.PipelineStateManager (PipelineStateManager.java:openPipeline(134)) - Pipeline Pipeline[ Id: ca9d7718-40ec-45c6-a8b8-28f059bb15a6, Nodes: d0c52919-9387-42b7-9191-3f4b0bb9b568{ip: 192.168.157.194, host: pr-hdds-2482-j87dr-2776293630, networkLocation: /rack1, certSerialId: null}d0d029c9-c080-45aa-9428-ec9c2afb2e55{ip: 192.168.157.194, host: pr-hdds-2482-j87dr-2776293630, networkLocation: /rack1, certSerialId: null}521325b2-2ced-4cee-b44f-acc523c049d7{ip: 192.168.157.194, host: pr-hdds-2482-j87dr-2776293630, networkLocation: /rack1, certSerialId: null}, Type:RATIS, Factor:THREE, State:OPEN] moved to OPEN state
2019-11-14 17:39:13,173 [521325b2-2ced-4cee-b44f-acc523c049d7@group-28F059BB15A6-LeaderElection221] INFO  server.RaftServerConfigKeys (ConfUtils.java:logGet(43)) - raft.server.watch.element-limit = 65536 (default)
2019-11-14 17:39:13,173 [521325b2-2ced-4cee-b44f-acc523c049d7@group-28F059BB15A6-LeaderElection221] INFO  server.RaftServerConfigKeys (ConfUtils.java:logGet(43)) - raft.server.log.appender.snapshot.chunk.size.max = 16MB (=16777216) (default)
2019-11-14 17:39:13,173 [521325b2-2ced-4cee-b44f-acc523c049d7@group-28F059BB15A6-LeaderElection221] INFO  server.RaftServerConfigKeys (ConfUtils.java:logGet(43)) - raft.server.log.appender.buffer.byte-limit = 33554432 (custom)
2019-11-14 17:39:13,174 [521325b2-2ced-4cee-b44f-acc523c049d7@group-28F059BB15A6-LeaderElection221] INFO  server.RaftServerConfigKeys (ConfUtils.java:logGet(43)) - raft.server.log.appender.buffer.element-limit = 1 (custom)
2019-11-14 17:39:13,174 [521325b2-2ced-4cee-b44f-acc523c049d7@group-28F059BB15A6-LeaderElection221] INFO  grpc.GrpcConfigKeys$Server (ConfUtils.java:logGet(43)) - raft.grpc.server.leader.outstanding.appends.max = 128 (default)
2019-11-14 17:39:13,174 [521325b2-2ced-4cee-b44f-acc523c049d7@group-28F059BB15A6-LeaderElection221] INFO  server.RaftServerConfigKeys (ConfUtils.java:logGet(43)) - raft.server.rpc.request.timeout = 3000ms (default)
2019-11-14 17:39:13,174 [521325b2-2ced-4cee-b44f-acc523c049d7@group-28F059BB15A6-LeaderElection221] INFO  server.RaftServerConfigKeys (ConfUtils.java:logGet(43)) - raft.server.log.appender.install.snapshot.enabled = false (custom)
2019-11-14 17:39:13,174 [521325b2-2ced-4cee-b44f-acc523c049d7@group-28F059BB15A6-LeaderElection221] WARN  impl.MetricRegistriesImpl (MetricRegistriesImpl.java:lambda$create$1(61)) - First MetricRegistry has been created without registering reporters. You may need to call MetricRegistries.global().addReportRegistration(...) before.
2019-11-14 17:39:13,175 [521325b2-2ced-4cee-b44f-acc523c049d7@group-28F059BB15A6-LeaderElection221] INFO  server.RaftServerConfigKeys (ConfUtils.java:logGet(43)) - raft.server.log.appender.snapshot.chunk.size.max = 16MB (=16777216) (default)
2019-11-14 17:39:13,175 [521325b2-2ced-4cee-b44f-acc523c049d7@group-28F059BB15A6-LeaderElection221] INFO  server.RaftServerConfigKeys (ConfUtils.java:logGet(43)) - raft.server.log.appender.buffer.byte-limit = 33554432 (custom)
2019-11-14 17:39:13,175 [521325b2-2ced-4cee-b44f-acc523c049d7@group-28F059BB15A6-LeaderElection221] INFO  server.RaftServerConfigKeys (ConfUtils.java:logGet(43)) - raft.server.log.appender.buffer.element-limit = 1 (custom)
2019-11-14 17:39:13,175 [521325b2-2ced-4cee-b44f-acc523c049d7@group-28F059BB15A6-LeaderElection221] INFO  grpc.GrpcConfigKeys$Server (ConfUtils.java:logGet(43)) - raft.grpc.server.leader.outstanding.appends.max = 128 (default)
2019-11-14 17:39:13,175 [521325b2-2ced-4cee-b44f-acc523c049d7@group-28F059BB15A6-LeaderElection221] INFO  server.RaftServerConfigKeys (ConfUtils.java:logGet(43)) - raft.server.rpc.request.timeout = 3000ms (default)
2019-11-14 17:39:13,176 [521325b2-2ced-4cee-b44f-acc523c049d7@group-28F059BB15A6-LeaderElection221] INFO  server.RaftServerConfigKeys (ConfUtils.java:logGet(43)) - raft.server.log.appender.install.snapshot.enabled = false (custom)
2019-11-14 17:39:13,176 [521325b2-2ced-4cee-b44f-acc523c049d7@group-28F059BB15A6-LeaderElection221] INFO  impl.RoleInfo (RoleInfo.java:updateAndGet(143)) - 521325b2-2ced-4cee-b44f-acc523c049d7: start LeaderState
2019-11-14 17:39:13,176 [521325b2-2ced-4cee-b44f-acc523c049d7@group-28F059BB15A6-LeaderElection221] INFO  segmented.SegmentedRaftLogWorker (SegmentedRaftLogWorker.java:startLogSegment(385)) - 521325b2-2ced-4cee-b44f-acc523c049d7@group-28F059BB15A6-SegmentedRaftLogWorker: Starting segment from index:0
2019-11-14 17:39:13,177 [521325b2-2ced-4cee-b44f-acc523c049d7@group-28F059BB15A6-LeaderElection221] INFO  impl.RaftServerImpl (ServerState.java:setRaftConf(356)) - 521325b2-2ced-4cee-b44f-acc523c049d7@group-28F059BB15A6: set configuration 0: [d0c52919-9387-42b7-9191-3f4b0bb9b568:192.168.157.194:42749, d0d029c9-c080-45aa-9428-ec9c2afb2e55:192.168.157.194:41166, 521325b2-2ced-4cee-b44f-acc523c049d7:192.168.157.194:33976], old=null at 0
2019-11-14 17:39:13,212 [Thread-4037] INFO  impl.FollowerState (FollowerState.java:run(111)) - da9d3605-d5bb-4af4-b35f-64e6f231f8df@group-7B11EE65685C-FollowerState: change to CANDIDATE, lastRpcTime:1070ms, electionTimeout:1070ms
2019-11-14 17:39:13,212 [Thread-4037] INFO  impl.RoleInfo (RoleInfo.java:shutdownFollowerState(121)) - da9d3605-d5bb-4af4-b35f-64e6f231f8df: shutdown FollowerState
2019-11-14 17:39:13,212 [Thread-4037] INFO  impl.RaftServerImpl (RaftServerImpl.java:setRole(173)) - da9d3605-d5bb-4af4-b35f-64e6f231f8df@group-7B11EE65685C: changes role from  FOLLOWER to CANDIDATE at term 0 for changeToCandidate
2019-11-14 17:39:13,212 [Thread-4037] INFO  impl.RoleInfo (RoleInfo.java:updateAndGet(143)) - da9d3605-d5bb-4af4-b35f-64e6f231f8df: start LeaderElection
2019-11-14 17:39:13,217 [grpc-default-executor-3] INFO  ratis.XceiverServerRatis (XceiverServerRatis.java:handleLeaderChangedNotification(697)) - Leader change notification received for group: group-28F059BB15A6 with new leaderId: 521325b2-2ced-4cee-b44f-acc523c049d7
2019-11-14 17:39:13,217 [grpc-default-executor-3] INFO  impl.RaftServerImpl (ServerState.java:setLeader(255)) - d0d029c9-c080-45aa-9428-ec9c2afb2e55@group-28F059BB15A6: change Leader from null to 521325b2-2ced-4cee-b44f-acc523c049d7 at term 1 for appendEntries, leader elected after 1146ms
2019-11-14 17:39:13,221 [grpc-default-executor-3] INFO  ratis.XceiverServerRatis (XceiverServerRatis.java:handleLeaderChangedNotification(697)) - Leader change notification received for group: group-28F059BB15A6 with new leaderId: 521325b2-2ced-4cee-b44f-acc523c049d7
2019-11-14 17:39:13,221 [grpc-default-executor-3] INFO  impl.RaftServerImpl (ServerState.java:setLeader(255)) - d0c52919-9387-42b7-9191-3f4b0bb9b568@group-28F059BB15A6: change Leader from null to 521325b2-2ced-4cee-b44f-acc523c049d7 at term 1 for appendEntries, leader elected after 1149ms
2019-11-14 17:39:13,223 [grpc-default-executor-3] INFO  impl.RaftServerImpl (ServerState.java:setRaftConf(356)) - d0d029c9-c080-45aa-9428-ec9c2afb2e55@group-28F059BB15A6: set configuration 0: [d0c52919-9387-42b7-9191-3f4b0bb9b568:192.168.157.194:42749, d0d029c9-c080-45aa-9428-ec9c2afb2e55:192.168.157.194:41166, 521325b2-2ced-4cee-b44f-acc523c049d7:192.168.157.194:33976], old=null at 0
2019-11-14 17:39:13,223 [grpc-default-executor-3] INFO  segmented.SegmentedRaftLogWorker (SegmentedRaftLogWorker.java:startLogSegment(385)) - d0d029c9-c080-45aa-9428-ec9c2afb2e55@group-28F059BB15A6-SegmentedRaftLogWorker: Starting segment from index:0
2019-11-14 17:39:13,223 [grpc-default-executor-5] INFO  impl.RaftServerImpl (ServerState.java:setRaftConf(356)) - d0c52919-9387-42b7-9191-3f4b0bb9b568@group-28F059BB15A6: set configuration 0: [d0c52919-9387-42b7-9191-3f4b0bb9b568:192.168.157.194:42749, d0d029c9-c080-45aa-9428-ec9c2afb2e55:192.168.157.194:41166, 521325b2-2ced-4cee-b44f-acc523c049d7:192.168.157.194:33976], old=null at 0
2019-11-14 17:39:13,223 [grpc-default-executor-5] INFO  segmented.SegmentedRaftLogWorker (SegmentedRaftLogWorker.java:startLogSegment(385)) - d0c52919-9387-42b7-9191-3f4b0bb9b568@group-28F059BB15A6-SegmentedRaftLogWorker: Starting segment from index:0
2019-11-14 17:39:13,238 [521325b2-2ced-4cee-b44f-acc523c049d7@group-28F059BB15A6-SegmentedRaftLogWorker] INFO  segmented.SegmentedRaftLogWorker (SegmentedRaftLogWorker.java:execute(576)) - 521325b2-2ced-4cee-b44f-acc523c049d7@group-28F059BB15A6-SegmentedRaftLogWorker: created new log segment /workdir/hadoop-ozone/integration-test/target/test-dir/MiniOzoneClusterImpl-76142843-c060-4c87-bf9f-3caeb3385afc/datanode-4/data/ratis/ca9d7718-40ec-45c6-a8b8-28f059bb15a6/current/log_inprogress_0
2019-11-14 17:39:13,238 [da9d3605-d5bb-4af4-b35f-64e6f231f8df@group-7B11EE65685C-LeaderElection222] INFO  impl.LeaderElection (LeaderElection.java:askForVotes(178)) - da9d3605-d5bb-4af4-b35f-64e6f231f8df@group-7B11EE65685C-LeaderElection222: begin an election at term 1 for -1: [da9d3605-d5bb-4af4-b35f-64e6f231f8df:192.168.157.194:36645], old=null
2019-11-14 17:39:13,238 [da9d3605-d5bb-4af4-b35f-64e6f231f8df@group-7B11EE65685C-LeaderElection222] INFO  impl.RoleInfo (RoleInfo.java:shutdownLeaderElection(134)) - da9d3605-d5bb-4af4-b35f-64e6f231f8df: shutdown LeaderElection
2019-11-14 17:39:13,238 [da9d3605-d5bb-4af4-b35f-64e6f231f8df@group-7B11EE65685C-LeaderElection222] INFO  impl.RaftServerImpl (RaftServerImpl.java:setRole(173)) - da9d3605-d5bb-4af4-b35f-64e6f231f8df@group-7B11EE65685C: changes role from CANDIDATE to LEADER at term 1 for changeToLeader
2019-11-14 17:39:13,238 [da9d3605-d5bb-4af4-b35f-64e6f231f8df@group-7B11EE65685C-LeaderElection222] INFO  ratis.XceiverServerRatis (XceiverServerRatis.java:handleLeaderChangedNotification(697)) - Leader change notification received for group: group-7B11EE65685C with new leaderId: da9d3605-d5bb-4af4-b35f-64e6f231f8df
2019-11-14 17:39:13,239 [da9d3605-d5bb-4af4-b35f-64e6f231f8df@group-7B11EE65685C-LeaderElection222] INFO  impl.RaftServerImpl (ServerState.java:setLeader(255)) - da9d3605-d5bb-4af4-b35f-64e6f231f8df@group-7B11EE65685C: change Leader from null to da9d3605-d5bb-4af4-b35f-64e6f231f8df at term 1 for becomeLeader, leader elected after 1099ms
2019-11-14 17:39:13,239 [da9d3605-d5bb-4af4-b35f-64e6f231f8df@group-7B11EE65685C-LeaderElection222] INFO  server.RaftServerConfigKeys (ConfUtils.java:logGet(43)) - raft.server.staging.catchup.gap = 1000 (default)
2019-11-14 17:39:13,239 [da9d3605-d5bb-4af4-b35f-64e6f231f8df@group-7B11EE65685C-LeaderElection222] INFO  server.RaftServerConfigKeys (ConfUtils.java:logGet(43)) - raft.server.rpc.sleep.time = 25ms (default)
2019-11-14 17:39:13,239 [da9d3605-d5bb-4af4-b35f-64e6f231f8df@group-7B11EE65685C-LeaderElection222] INFO  server.RaftServerConfigKeys (ConfUtils.java:logGet(43)) - raft.server.write.element-limit = 4096 (default)
2019-11-14 17:39:13,239 [da9d3605-d5bb-4af4-b35f-64e6f231f8df@group-7B11EE65685C-LeaderElection222] INFO  server.RaftServerConfigKeys (ConfUtils.java:logGet(43)) - raft.server.watch.timeout = 10s (default)
2019-11-14 17:39:13,239 [da9d3605-d5bb-4af4-b35f-64e6f231f8df@group-7B11EE65685C-LeaderElection222] INFO  server.RaftServerConfigKeys (ConfUtils.java:logGet(43)) - raft.server.watch.timeout.denomination = 1s (default)
2019-11-14 17:39:13,240 [da9d3605-d5bb-4af4-b35f-64e6f231f8df@group-7B11EE65685C-LeaderElection222] INFO  server.RaftServerConfigKeys (ConfUtils.java:logGet(43)) - raft.server.watch.element-limit = 65536 (default)
2019-11-14 17:39:13,240 [da9d3605-d5bb-4af4-b35f-64e6f231f8df@group-7B11EE65685C-LeaderElection222] INFO  impl.RoleInfo (RoleInfo.java:updateAndGet(143)) - da9d3605-d5bb-4af4-b35f-64e6f231f8df: start LeaderState
2019-11-14 17:39:13,240 [da9d3605-d5bb-4af4-b35f-64e6f231f8df@group-7B11EE65685C-LeaderElection222] INFO  segmented.SegmentedRaftLogWorker (SegmentedRaftLogWorker.java:startLogSegment(385)) - da9d3605-d5bb-4af4-b35f-64e6f231f8df@group-7B11EE65685C-SegmentedRaftLogWorker: Starting segment from index:0
2019-11-14 17:39:13,241 [da9d3605-d5bb-4af4-b35f-64e6f231f8df@group-7B11EE65685C-LeaderElection222] INFO  impl.RaftServerImpl (ServerState.java:setRaftConf(356)) - da9d3605-d5bb-4af4-b35f-64e6f231f8df@group-7B11EE65685C: set configuration 0: [da9d3605-d5bb-4af4-b35f-64e6f231f8df:192.168.157.194:36645], old=null at 0
2019-11-14 17:39:13,277 [Thread-4041] INFO  impl.FollowerState (FollowerState.java:run(111)) - 6301bead-719a-4dde-94bc-f4c716ecb4e0@group-E044E43238B9-FollowerState: change to CANDIDATE, lastRpcTime:1067ms, electionTimeout:1037ms
2019-11-14 17:39:13,278 [Thread-4041] INFO  impl.RoleInfo (RoleInfo.java:shutdownFollowerState(121)) - 6301bead-719a-4dde-94bc-f4c716ecb4e0: shutdown FollowerState
2019-11-14 17:39:13,278 [Thread-4041] INFO  impl.RaftServerImpl (RaftServerImpl.java:setRole(173)) - 6301bead-719a-4dde-94bc-f4c716ecb4e0@group-E044E43238B9: changes role from  FOLLOWER to CANDIDATE at term 0 for changeToCandidate
2019-11-14 17:39:13,278 [Thread-4041] INFO  impl.RoleInfo (RoleInfo.java:updateAndGet(143)) - 6301bead-719a-4dde-94bc-f4c716ecb4e0: start LeaderElection
2019-11-14 17:39:13,305 [d0c52919-9387-42b7-9191-3f4b0bb9b568@group-28F059BB15A6-SegmentedRaftLogWorker] INFO  segmented.SegmentedRaftLogWorker (SegmentedRaftLogWorker.java:execute(576)) - d0c52919-9387-42b7-9191-3f4b0bb9b568@group-28F059BB15A6-SegmentedRaftLogWorker: created new log segment /workdir/hadoop-ozone/integration-test/target/test-dir/MiniOzoneClusterImpl-76142843-c060-4c87-bf9f-3caeb3385afc/datanode-9/data/ratis/ca9d7718-40ec-45c6-a8b8-28f059bb15a6/current/log_inprogress_0
2019-11-14 17:39:13,305 [da9d3605-d5bb-4af4-b35f-64e6f231f8df@group-7B11EE65685C-SegmentedRaftLogWorker] INFO  segmented.SegmentedRaftLogWorker (SegmentedRaftLogWorker.java:execute(576)) - da9d3605-d5bb-4af4-b35f-64e6f231f8df@group-7B11EE65685C-SegmentedRaftLogWorker: created new log segment /workdir/hadoop-ozone/integration-test/target/test-dir/MiniOzoneClusterImpl-76142843-c060-4c87-bf9f-3caeb3385afc/datanode-3/data/ratis/d869a13c-4522-45a1-b1ba-7b11ee65685c/current/log_inprogress_0
2019-11-14 17:39:13,305 [6301bead-719a-4dde-94bc-f4c716ecb4e0@group-E044E43238B9-LeaderElection223] INFO  impl.LeaderElection (LeaderElection.java:askForVotes(178)) - 6301bead-719a-4dde-94bc-f4c716ecb4e0@group-E044E43238B9-LeaderElection223: begin an election at term 1 for -1: [6301bead-719a-4dde-94bc-f4c716ecb4e0:192.168.157.194:46043], old=null
2019-11-14 17:39:13,305 [d0d029c9-c080-45aa-9428-ec9c2afb2e55@group-28F059BB15A6-SegmentedRaftLogWorker] INFO  segmented.SegmentedRaftLogWorker (SegmentedRaftLogWorker.java:execute(576)) - d0d029c9-c080-45aa-9428-ec9c2afb2e55@group-28F059BB15A6-SegmentedRaftLogWorker: created new log segment /workdir/hadoop-ozone/integration-test/target/test-dir/MiniOzoneClusterImpl-76142843-c060-4c87-bf9f-3caeb3385afc/datanode-8/data/ratis/ca9d7718-40ec-45c6-a8b8-28f059bb15a6/current/log_inprogress_0
2019-11-14 17:39:13,305 [6301bead-719a-4dde-94bc-f4c716ecb4e0@group-E044E43238B9-LeaderElection223] INFO  impl.RoleInfo (RoleInfo.java:shutdownLeaderElection(134)) - 6301bead-719a-4dde-94bc-f4c716ecb4e0: shutdown LeaderElection
2019-11-14 17:39:13,306 [6301bead-719a-4dde-94bc-f4c716ecb4e0@group-E044E43238B9-LeaderElection223] INFO  impl.RaftServerImpl (RaftServerImpl.java:setRole(173)) - 6301bead-719a-4dde-94bc-f4c716ecb4e0@group-E044E43238B9: changes role from CANDIDATE to LEADER at term 1 for changeToLeader
2019-11-14 17:39:13,306 [6301bead-719a-4dde-94bc-f4c716ecb4e0@group-E044E43238B9-LeaderElection223] INFO  ratis.XceiverServerRatis (XceiverServerRatis.java:handleLeaderChangedNotification(697)) - Leader change notification received for group: group-E044E43238B9 with new leaderId: 6301bead-719a-4dde-94bc-f4c716ecb4e0
2019-11-14 17:39:13,306 [6301bead-719a-4dde-94bc-f4c716ecb4e0@group-E044E43238B9-LeaderElection223] INFO  impl.RaftServerImpl (ServerState.java:setLeader(255)) - 6301bead-719a-4dde-94bc-f4c716ecb4e0@group-E044E43238B9: change Leader from null to 6301bead-719a-4dde-94bc-f4c716ecb4e0 at term 1 for becomeLeader, leader elected after 1099ms
2019-11-14 17:39:13,306 [6301bead-719a-4dde-94bc-f4c716ecb4e0@group-E044E43238B9-LeaderElection223] INFO  server.RaftServerConfigKeys (ConfUtils.java:logGet(43)) - raft.server.staging.catchup.gap = 1000 (default)
2019-11-14 17:39:13,306 [6301bead-719a-4dde-94bc-f4c716ecb4e0@group-E044E43238B9-LeaderElection223] INFO  server.RaftServerConfigKeys (ConfUtils.java:logGet(43)) - raft.server.rpc.sleep.time = 25ms (default)
2019-11-14 17:39:13,307 [6301bead-719a-4dde-94bc-f4c716ecb4e0@group-E044E43238B9-LeaderElection223] INFO  server.RaftServerConfigKeys (ConfUtils.java:logGet(43)) - raft.server.write.element-limit = 4096 (default)
2019-11-14 17:39:13,307 [6301bead-719a-4dde-94bc-f4c716ecb4e0@group-E044E43238B9-LeaderElection223] INFO  server.RaftServerConfigKeys (ConfUtils.java:logGet(43)) - raft.server.watch.timeout = 10s (default)
2019-11-14 17:39:13,307 [6301bead-719a-4dde-94bc-f4c716ecb4e0@group-E044E43238B9-LeaderElection223] INFO  server.RaftServerConfigKeys (ConfUtils.java:logGet(43)) - raft.server.watch.timeout.denomination = 1s (default)
2019-11-14 17:39:13,307 [EventQueue-PipelineReportForPipelineReportHandler] INFO  pipeline.PipelineStateManager (PipelineStateManager.java:openPipeline(134)) - Pipeline Pipeline[ Id: ecda59ac-296c-4981-93f2-e044e43238b9, Nodes: 6301bead-719a-4dde-94bc-f4c716ecb4e0{ip: 192.168.157.194, host: pr-hdds-2482-j87dr-2776293630, networkLocation: /rack1, certSerialId: null}, Type:RATIS, Factor:ONE, State:OPEN] moved to OPEN state
2019-11-14 17:39:13,307 [6301bead-719a-4dde-94bc-f4c716ecb4e0@group-E044E43238B9-LeaderElection223] INFO  server.RaftServerConfigKeys (ConfUtils.java:logGet(43)) - raft.server.watch.element-limit = 65536 (default)
2019-11-14 17:39:13,307 [6301bead-719a-4dde-94bc-f4c716ecb4e0@group-E044E43238B9-LeaderElection223] INFO  impl.RoleInfo (RoleInfo.java:updateAndGet(143)) - 6301bead-719a-4dde-94bc-f4c716ecb4e0: start LeaderState
2019-11-14 17:39:13,307 [6301bead-719a-4dde-94bc-f4c716ecb4e0@group-E044E43238B9-LeaderElection223] INFO  segmented.SegmentedRaftLogWorker (SegmentedRaftLogWorker.java:startLogSegment(385)) - 6301bead-719a-4dde-94bc-f4c716ecb4e0@group-E044E43238B9-SegmentedRaftLogWorker: Starting segment from index:0
2019-11-14 17:39:13,308 [6301bead-719a-4dde-94bc-f4c716ecb4e0@group-E044E43238B9-LeaderElection223] INFO  impl.RaftServerImpl (ServerState.java:setRaftConf(356)) - 6301bead-719a-4dde-94bc-f4c716ecb4e0@group-E044E43238B9: set configuration 0: [6301bead-719a-4dde-94bc-f4c716ecb4e0:192.168.157.194:46043], old=null at 0
2019-11-14 17:39:13,364 [6301bead-719a-4dde-94bc-f4c716ecb4e0@group-E044E43238B9-SegmentedRaftLogWorker] INFO  segmented.SegmentedRaftLogWorker (SegmentedRaftLogWorker.java:execute(576)) - 6301bead-719a-4dde-94bc-f4c716ecb4e0@group-E044E43238B9-SegmentedRaftLogWorker: created new log segment /workdir/hadoop-ozone/integration-test/target/test-dir/MiniOzoneClusterImpl-76142843-c060-4c87-bf9f-3caeb3385afc/datanode-6/data/ratis/ecda59ac-296c-4981-93f2-e044e43238b9/current/log_inprogress_0
2019-11-14 17:39:13,634 [Thread-4057] INFO  impl.FollowerState (FollowerState.java:run(111)) - da9d3605-d5bb-4af4-b35f-64e6f231f8df@group-B209632AD019-FollowerState: change to CANDIDATE, lastRpcTime:1018ms, electionTimeout:1018ms
2019-11-14 17:39:13,634 [Thread-4057] INFO  impl.RoleInfo (RoleInfo.java:shutdownFollowerState(121)) - da9d3605-d5bb-4af4-b35f-64e6f231f8df: shutdown FollowerState
2019-11-14 17:39:13,635 [Thread-4057] INFO  impl.RaftServerImpl (RaftServerImpl.java:setRole(173)) - da9d3605-d5bb-4af4-b35f-64e6f231f8df@group-B209632AD019: changes role from  FOLLOWER to CANDIDATE at term 0 for changeToCandidate
2019-11-14 17:39:13,635 [Thread-4057] INFO  impl.RoleInfo (RoleInfo.java:updateAndGet(143)) - da9d3605-d5bb-4af4-b35f-64e6f231f8df: start LeaderElection
2019-11-14 17:39:13,639 [Thread-4058] INFO  impl.FollowerState (FollowerState.java:run(111)) - 9c88a047-7f73-4111-bf87-fe029dccbce6@group-B209632AD019-FollowerState: change to CANDIDATE, lastRpcTime:1022ms, electionTimeout:1021ms
2019-11-14 17:39:13,639 [Thread-4058] INFO  impl.RoleInfo (RoleInfo.java:shutdownFollowerState(121)) - 9c88a047-7f73-4111-bf87-fe029dccbce6: shutdown FollowerState
2019-11-14 17:39:13,639 [Thread-4058] INFO  impl.RaftServerImpl (RaftServerImpl.java:setRole(173)) - 9c88a047-7f73-4111-bf87-fe029dccbce6@group-B209632AD019: changes role from  FOLLOWER to CANDIDATE at term 0 for changeToCandidate
2019-11-14 17:39:13,639 [Thread-4058] INFO  impl.RoleInfo (RoleInfo.java:updateAndGet(143)) - 9c88a047-7f73-4111-bf87-fe029dccbce6: start LeaderElection
2019-11-14 17:39:13,673 [da9d3605-d5bb-4af4-b35f-64e6f231f8df@group-B209632AD019-LeaderElection224] INFO  impl.LeaderElection (LeaderElection.java:askForVotes(178)) - da9d3605-d5bb-4af4-b35f-64e6f231f8df@group-B209632AD019-LeaderElection224: begin an election at term 1 for -1: [00aa4e63-81eb-4c33-a32e-b28e61c28a6d:192.168.157.194:43947, da9d3605-d5bb-4af4-b35f-64e6f231f8df:192.168.157.194:36645, 9c88a047-7f73-4111-bf87-fe029dccbce6:192.168.157.194:46499], old=null
2019-11-14 17:39:13,673 [9c88a047-7f73-4111-bf87-fe029dccbce6@group-B209632AD019-LeaderElection225] INFO  impl.LeaderElection (LeaderElection.java:askForVotes(178)) - 9c88a047-7f73-4111-bf87-fe029dccbce6@group-B209632AD019-LeaderElection225: begin an election at term 1 for -1: [00aa4e63-81eb-4c33-a32e-b28e61c28a6d:192.168.157.194:43947, da9d3605-d5bb-4af4-b35f-64e6f231f8df:192.168.157.194:36645, 9c88a047-7f73-4111-bf87-fe029dccbce6:192.168.157.194:46499], old=null
2019-11-14 17:39:13,676 [grpc-default-executor-2] INFO  impl.RaftServerImpl (RaftServerImpl.java:setRole(173)) - 00aa4e63-81eb-4c33-a32e-b28e61c28a6d@group-B209632AD019: changes role from  FOLLOWER to FOLLOWER at term 1 for recognizeCandidate:9c88a047-7f73-4111-bf87-fe029dccbce6
2019-11-14 17:39:13,677 [grpc-default-executor-2] INFO  impl.RoleInfo (RoleInfo.java:shutdownFollowerState(121)) - 00aa4e63-81eb-4c33-a32e-b28e61c28a6d: shutdown FollowerState
2019-11-14 17:39:13,677 [grpc-default-executor-2] INFO  impl.RoleInfo (RoleInfo.java:updateAndGet(143)) - 00aa4e63-81eb-4c33-a32e-b28e61c28a6d: start FollowerState
2019-11-14 17:39:13,677 [Thread-4053] INFO  impl.FollowerState (FollowerState.java:run(120)) - 00aa4e63-81eb-4c33-a32e-b28e61c28a6d@group-B209632AD019-FollowerState was interrupted: java.lang.InterruptedException: sleep interrupted
2019-11-14 17:39:13,709 [da9d3605-d5bb-4af4-b35f-64e6f231f8df@group-B209632AD019-LeaderElection224] INFO  impl.LeaderElection (LeaderElection.java:logAndReturn(56)) - da9d3605-d5bb-4af4-b35f-64e6f231f8df@group-B209632AD019-LeaderElection224: Election REJECTED; received 2 response(s) [da9d3605-d5bb-4af4-b35f-64e6f231f8df<-00aa4e63-81eb-4c33-a32e-b28e61c28a6d#0:FAIL-t1, da9d3605-d5bb-4af4-b35f-64e6f231f8df<-9c88a047-7f73-4111-bf87-fe029dccbce6#0:FAIL-t1] and 0 exception(s); da9d3605-d5bb-4af4-b35f-64e6f231f8df@group-B209632AD019:t1, leader=null, voted=da9d3605-d5bb-4af4-b35f-64e6f231f8df, raftlog=da9d3605-d5bb-4af4-b35f-64e6f231f8df@group-B209632AD019-SegmentedRaftLog:OPENED:c-1,f-1,i0, conf=-1: [00aa4e63-81eb-4c33-a32e-b28e61c28a6d:192.168.157.194:43947, da9d3605-d5bb-4af4-b35f-64e6f231f8df:192.168.157.194:36645, 9c88a047-7f73-4111-bf87-fe029dccbce6:192.168.157.194:46499], old=null
2019-11-14 17:39:13,709 [9c88a047-7f73-4111-bf87-fe029dccbce6@group-B209632AD019-LeaderElection225] INFO  impl.LeaderElection (LeaderElection.java:logAndReturn(56)) - 9c88a047-7f73-4111-bf87-fe029dccbce6@group-B209632AD019-LeaderElection225: Election PASSED; received 2 response(s) [9c88a047-7f73-4111-bf87-fe029dccbce6<-00aa4e63-81eb-4c33-a32e-b28e61c28a6d#0:OK-t1, 9c88a047-7f73-4111-bf87-fe029dccbce6<-da9d3605-d5bb-4af4-b35f-64e6f231f8df#0:FAIL-t1] and 0 exception(s); 9c88a047-7f73-4111-bf87-fe029dccbce6@group-B209632AD019:t1, leader=null, voted=9c88a047-7f73-4111-bf87-fe029dccbce6, raftlog=9c88a047-7f73-4111-bf87-fe029dccbce6@group-B209632AD019-SegmentedRaftLog:OPENED:c-1,f-1,i0, conf=-1: [00aa4e63-81eb-4c33-a32e-b28e61c28a6d:192.168.157.194:43947, da9d3605-d5bb-4af4-b35f-64e6f231f8df:192.168.157.194:36645, 9c88a047-7f73-4111-bf87-fe029dccbce6:192.168.157.194:46499], old=null
2019-11-14 17:39:13,709 [da9d3605-d5bb-4af4-b35f-64e6f231f8df@group-B209632AD019-LeaderElection224] INFO  impl.RaftServerImpl (RaftServerImpl.java:setRole(173)) - da9d3605-d5bb-4af4-b35f-64e6f231f8df@group-B209632AD019: changes role from CANDIDATE to FOLLOWER at term 1 for DISCOVERED_A_NEW_TERM
2019-11-14 17:39:13,710 [da9d3605-d5bb-4af4-b35f-64e6f231f8df@group-B209632AD019-LeaderElection224] INFO  impl.RoleInfo (RoleInfo.java:shutdownLeaderElection(134)) - da9d3605-d5bb-4af4-b35f-64e6f231f8df: shutdown LeaderElection
2019-11-14 17:39:13,710 [9c88a047-7f73-4111-bf87-fe029dccbce6@group-B209632AD019-LeaderElection225] INFO  impl.RoleInfo (RoleInfo.java:shutdownLeaderElection(134)) - 9c88a047-7f73-4111-bf87-fe029dccbce6: shutdown LeaderElection
2019-11-14 17:39:13,710 [da9d3605-d5bb-4af4-b35f-64e6f231f8df@group-B209632AD019-LeaderElection224] INFO  impl.RoleInfo (RoleInfo.java:updateAndGet(143)) - da9d3605-d5bb-4af4-b35f-64e6f231f8df: start FollowerState
2019-11-14 17:39:13,710 [9c88a047-7f73-4111-bf87-fe029dccbce6@group-B209632AD019-LeaderElection225] INFO  impl.RaftServerImpl (RaftServerImpl.java:setRole(173)) - 9c88a047-7f73-4111-bf87-fe029dccbce6@group-B209632AD019: changes role from CANDIDATE to LEADER at term 1 for changeToLeader
2019-11-14 17:39:13,710 [9c88a047-7f73-4111-bf87-fe029dccbce6@group-B209632AD019-LeaderElection225] INFO  ratis.XceiverServerRatis (XceiverServerRatis.java:handleLeaderChangedNotification(697)) - Leader change notification received for group: group-B209632AD019 with new leaderId: 9c88a047-7f73-4111-bf87-fe029dccbce6
2019-11-14 17:39:13,710 [9c88a047-7f73-4111-bf87-fe029dccbce6@group-B209632AD019-LeaderElection225] INFO  impl.RaftServerImpl (ServerState.java:setLeader(255)) - 9c88a047-7f73-4111-bf87-fe029dccbce6@group-B209632AD019: change Leader from null to 9c88a047-7f73-4111-bf87-fe029dccbce6 at term 1 for becomeLeader, leader elected after 1105ms
2019-11-14 17:39:13,711 [9c88a047-7f73-4111-bf87-fe029dccbce6@group-B209632AD019-LeaderElection225] INFO  server.RaftServerConfigKeys (ConfUtils.java:logGet(43)) - raft.server.staging.catchup.gap = 1000 (default)
2019-11-14 17:39:13,711 [9c88a047-7f73-4111-bf87-fe029dccbce6@group-B209632AD019-LeaderElection225] INFO  server.RaftServerConfigKeys (ConfUtils.java:logGet(43)) - raft.server.rpc.sleep.time = 25ms (default)
2019-11-14 17:39:13,711 [9c88a047-7f73-4111-bf87-fe029dccbce6@group-B209632AD019-LeaderElection225] INFO  server.RaftServerConfigKeys (ConfUtils.java:logGet(43)) - raft.server.write.element-limit = 4096 (default)
2019-11-14 17:39:13,711 [9c88a047-7f73-4111-bf87-fe029dccbce6@group-B209632AD019-LeaderElection225] INFO  server.RaftServerConfigKeys (ConfUtils.java:logGet(43)) - raft.server.watch.timeout = 10s (default)
2019-11-14 17:39:13,711 [9c88a047-7f73-4111-bf87-fe029dccbce6@group-B209632AD019-LeaderElection225] INFO  server.RaftServerConfigKeys (ConfUtils.java:logGet(43)) - raft.server.watch.timeout.denomination = 1s (default)
2019-11-14 17:39:13,711 [9c88a047-7f73-4111-bf87-fe029dccbce6@group-B209632AD019-LeaderElection225] INFO  server.RaftServerConfigKeys (ConfUtils.java:logGet(43)) - raft.server.watch.element-limit = 65536 (default)
2019-11-14 17:39:13,712 [9c88a047-7f73-4111-bf87-fe029dccbce6@group-B209632AD019-LeaderElection225] INFO  server.RaftServerConfigKeys (ConfUtils.java:logGet(43)) - raft.server.log.appender.snapshot.chunk.size.max = 16MB (=16777216) (default)
2019-11-14 17:39:13,712 [EventQueue-PipelineReportForPipelineReportHandler] INFO  pipeline.PipelineStateManager (PipelineStateManager.java:openPipeline(134)) - Pipeline Pipeline[ Id: 468def83-e12b-4ede-843f-b209632ad019, Nodes: da9d3605-d5bb-4af4-b35f-64e6f231f8df{ip: 192.168.157.194, host: pr-hdds-2482-j87dr-2776293630, networkLocation: /rack1, certSerialId: null}9c88a047-7f73-4111-bf87-fe029dccbce6{ip: 192.168.157.194, host: pr-hdds-2482-j87dr-2776293630, networkLocation: /rack1, certSerialId: null}00aa4e63-81eb-4c33-a32e-b28e61c28a6d{ip: 192.168.157.194, host: pr-hdds-2482-j87dr-2776293630, networkLocation: /rack1, certSerialId: null}, Type:RATIS, Factor:THREE, State:OPEN] moved to OPEN state
2019-11-14 17:39:13,712 [9c88a047-7f73-4111-bf87-fe029dccbce6@group-B209632AD019-LeaderElection225] INFO  server.RaftServerConfigKeys (ConfUtils.java:logGet(43)) - raft.server.log.appender.buffer.byte-limit = 33554432 (custom)
2019-11-14 17:39:13,712 [9c88a047-7f73-4111-bf87-fe029dccbce6@group-B209632AD019-LeaderElection225] INFO  server.RaftServerConfigKeys (ConfUtils.java:logGet(43)) - raft.server.log.appender.buffer.element-limit = 1 (custom)
2019-11-14 17:39:13,712 [9c88a047-7f73-4111-bf87-fe029dccbce6@group-B209632AD019-LeaderElection225] INFO  grpc.GrpcConfigKeys$Server (ConfUtils.java:logGet(43)) - raft.grpc.server.leader.outstanding.appends.max = 128 (default)
2019-11-14 17:39:13,712 [9c88a047-7f73-4111-bf87-fe029dccbce6@group-B209632AD019-LeaderElection225] INFO  server.RaftServerConfigKeys (ConfUtils.java:logGet(43)) - raft.server.rpc.request.timeout = 3000ms (default)
2019-11-14 17:39:13,713 [9c88a047-7f73-4111-bf87-fe029dccbce6@group-B209632AD019-LeaderElection225] INFO  server.RaftServerConfigKeys (ConfUtils.java:logGet(43)) - raft.server.log.appender.install.snapshot.enabled = false (custom)
2019-11-14 17:39:13,713 [9c88a047-7f73-4111-bf87-fe029dccbce6@group-B209632AD019-LeaderElection225] WARN  impl.MetricRegistriesImpl (MetricRegistriesImpl.java:lambda$create$1(61)) - First MetricRegistry has been created without registering reporters. You may need to call MetricRegistries.global().addReportRegistration(...) before.
2019-11-14 17:39:13,713 [9c88a047-7f73-4111-bf87-fe029dccbce6@group-B209632AD019-LeaderElection225] INFO  server.RaftServerConfigKeys (ConfUtils.java:logGet(43)) - raft.server.log.appender.snapshot.chunk.size.max = 16MB (=16777216) (default)
2019-11-14 17:39:13,713 [9c88a047-7f73-4111-bf87-fe029dccbce6@group-B209632AD019-LeaderElection225] INFO  server.RaftServerConfigKeys (ConfUtils.java:logGet(43)) - raft.server.log.appender.buffer.byte-limit = 33554432 (custom)
2019-11-14 17:39:13,713 [9c88a047-7f73-4111-bf87-fe029dccbce6@group-B209632AD019-LeaderElection225] INFO  server.RaftServerConfigKeys (ConfUtils.java:logGet(43)) - raft.server.log.appender.buffer.element-limit = 1 (custom)
2019-11-14 17:39:13,714 [9c88a047-7f73-4111-bf87-fe029dccbce6@group-B209632AD019-LeaderElection225] INFO  grpc.GrpcConfigKeys$Server (ConfUtils.java:logGet(43)) - raft.grpc.server.leader.outstanding.appends.max = 128 (default)
2019-11-14 17:39:13,714 [9c88a047-7f73-4111-bf87-fe029dccbce6@group-B209632AD019-LeaderElection225] INFO  server.RaftServerConfigKeys (ConfUtils.java:logGet(43)) - raft.server.rpc.request.timeout = 3000ms (default)
2019-11-14 17:39:13,714 [9c88a047-7f73-4111-bf87-fe029dccbce6@group-B209632AD019-LeaderElection225] INFO  server.RaftServerConfigKeys (ConfUtils.java:logGet(43)) - raft.server.log.appender.install.snapshot.enabled = false (custom)
2019-11-14 17:39:13,714 [9c88a047-7f73-4111-bf87-fe029dccbce6@group-B209632AD019-LeaderElection225] INFO  impl.RoleInfo (RoleInfo.java:updateAndGet(143)) - 9c88a047-7f73-4111-bf87-fe029dccbce6: start LeaderState
2019-11-14 17:39:13,714 [9c88a047-7f73-4111-bf87-fe029dccbce6@group-B209632AD019-LeaderElection225] INFO  segmented.SegmentedRaftLogWorker (SegmentedRaftLogWorker.java:startLogSegment(385)) - 9c88a047-7f73-4111-bf87-fe029dccbce6@group-B209632AD019-SegmentedRaftLogWorker: Starting segment from index:0
2019-11-14 17:39:13,715 [9c88a047-7f73-4111-bf87-fe029dccbce6@group-B209632AD019-LeaderElection225] INFO  impl.RaftServerImpl (ServerState.java:setRaftConf(356)) - 9c88a047-7f73-4111-bf87-fe029dccbce6@group-B209632AD019: set configuration 0: [00aa4e63-81eb-4c33-a32e-b28e61c28a6d:192.168.157.194:43947, da9d3605-d5bb-4af4-b35f-64e6f231f8df:192.168.157.194:36645, 9c88a047-7f73-4111-bf87-fe029dccbce6:192.168.157.194:46499], old=null at 0
2019-11-14 17:39:13,716 [grpc-default-executor-5] INFO  ratis.XceiverServerRatis (XceiverServerRatis.java:handleLeaderChangedNotification(697)) - Leader change notification received for group: group-B209632AD019 with new leaderId: 9c88a047-7f73-4111-bf87-fe029dccbce6
2019-11-14 17:39:13,716 [grpc-default-executor-5] INFO  impl.RaftServerImpl (ServerState.java:setLeader(255)) - da9d3605-d5bb-4af4-b35f-64e6f231f8df@group-B209632AD019: change Leader from null to 9c88a047-7f73-4111-bf87-fe029dccbce6 at term 1 for appendEntries, leader elected after 1111ms
2019-11-14 17:39:13,716 [grpc-default-executor-2] INFO  ratis.XceiverServerRatis (XceiverServerRatis.java:handleLeaderChangedNotification(697)) - Leader change notification received for group: group-B209632AD019 with new leaderId: 9c88a047-7f73-4111-bf87-fe029dccbce6
2019-11-14 17:39:13,717 [grpc-default-executor-2] INFO  impl.RaftServerImpl (ServerState.java:setLeader(255)) - 00aa4e63-81eb-4c33-a32e-b28e61c28a6d@group-B209632AD019: change Leader from null to 9c88a047-7f73-4111-bf87-fe029dccbce6 at term 1 for appendEntries, leader elected after 1111ms
2019-11-14 17:39:13,719 [grpc-default-executor-2] INFO  impl.RaftServerImpl (ServerState.java:setRaftConf(356)) - da9d3605-d5bb-4af4-b35f-64e6f231f8df@group-B209632AD019: set configuration 0: [00aa4e63-81eb-4c33-a32e-b28e61c28a6d:192.168.157.194:43947, da9d3605-d5bb-4af4-b35f-64e6f231f8df:192.168.157.194:36645, 9c88a047-7f73-4111-bf87-fe029dccbce6:192.168.157.194:46499], old=null at 0
2019-11-14 17:39:13,719 [grpc-default-executor-2] INFO  segmented.SegmentedRaftLogWorker (SegmentedRaftLogWorker.java:startLogSegment(385)) - da9d3605-d5bb-4af4-b35f-64e6f231f8df@group-B209632AD019-SegmentedRaftLogWorker: Starting segment from index:0
2019-11-14 17:39:13,720 [grpc-default-executor-2] INFO  impl.RaftServerImpl (ServerState.java:setRaftConf(356)) - 00aa4e63-81eb-4c33-a32e-b28e61c28a6d@group-B209632AD019: set configuration 0: [00aa4e63-81eb-4c33-a32e-b28e61c28a6d:192.168.157.194:43947, da9d3605-d5bb-4af4-b35f-64e6f231f8df:192.168.157.194:36645, 9c88a047-7f73-4111-bf87-fe029dccbce6:192.168.157.194:46499], old=null at 0
2019-11-14 17:39:13,720 [grpc-default-executor-2] INFO  segmented.SegmentedRaftLogWorker (SegmentedRaftLogWorker.java:startLogSegment(385)) - 00aa4e63-81eb-4c33-a32e-b28e61c28a6d@group-B209632AD019-SegmentedRaftLogWorker: Starting segment from index:0
2019-11-14 17:39:13,773 [9c88a047-7f73-4111-bf87-fe029dccbce6@group-B209632AD019-SegmentedRaftLogWorker] INFO  segmented.SegmentedRaftLogWorker (SegmentedRaftLogWorker.java:execute(576)) - 9c88a047-7f73-4111-bf87-fe029dccbce6@group-B209632AD019-SegmentedRaftLogWorker: created new log segment /workdir/hadoop-ozone/integration-test/target/test-dir/MiniOzoneClusterImpl-76142843-c060-4c87-bf9f-3caeb3385afc/datanode-5/data/ratis/468def83-e12b-4ede-843f-b209632ad019/current/log_inprogress_0
2019-11-14 17:39:13,773 [da9d3605-d5bb-4af4-b35f-64e6f231f8df@group-B209632AD019-SegmentedRaftLogWorker] INFO  segmented.SegmentedRaftLogWorker (SegmentedRaftLogWorker.java:execute(576)) - da9d3605-d5bb-4af4-b35f-64e6f231f8df@group-B209632AD019-SegmentedRaftLogWorker: created new log segment /workdir/hadoop-ozone/integration-test/target/test-dir/MiniOzoneClusterImpl-76142843-c060-4c87-bf9f-3caeb3385afc/datanode-3/data/ratis/468def83-e12b-4ede-843f-b209632ad019/current/log_inprogress_0
2019-11-14 17:39:13,773 [00aa4e63-81eb-4c33-a32e-b28e61c28a6d@group-B209632AD019-SegmentedRaftLogWorker] INFO  segmented.SegmentedRaftLogWorker (SegmentedRaftLogWorker.java:execute(576)) - 00aa4e63-81eb-4c33-a32e-b28e61c28a6d@group-B209632AD019-SegmentedRaftLogWorker: created new log segment /workdir/hadoop-ozone/integration-test/target/test-dir/MiniOzoneClusterImpl-76142843-c060-4c87-bf9f-3caeb3385afc/datanode-7/data/ratis/468def83-e12b-4ede-843f-b209632ad019/current/log_inprogress_0
2019-11-14 17:39:16,959 [main] INFO  ozoneimpl.OzoneContainer (OzoneContainer.java:stop(244)) - Attempting to stop container services.
2019-11-14 17:39:16,959 [main] INFO  impl.RaftServerProxy (RaftServerProxy.java:lambda$close$4(314)) - da9d3605-d5bb-4af4-b35f-64e6f231f8df: close
2019-11-14 17:39:16,960 [main] INFO  impl.RaftServerImpl (RaftServerImpl.java:lambda$shutdown$3(250)) - da9d3605-d5bb-4af4-b35f-64e6f231f8df@group-7B11EE65685C: shutdown
2019-11-14 17:39:16,960 [ForkJoinPool.commonPool-worker-1] INFO  impl.RaftServerImpl (RaftServerImpl.java:lambda$shutdown$3(250)) - da9d3605-d5bb-4af4-b35f-64e6f231f8df@group-B209632AD019: shutdown
2019-11-14 17:39:16,960 [main] INFO  util.JmxRegister (JmxRegister.java:unregister(73)) - Successfully un-registered JMX Bean with object name Ratis:service=RaftServer,group=group-7B11EE65685C,id=da9d3605-d5bb-4af4-b35f-64e6f231f8df
2019-11-14 17:39:16,961 [ForkJoinPool.commonPool-worker-1] INFO  util.JmxRegister (JmxRegister.java:unregister(73)) - Successfully un-registered JMX Bean with object name Ratis:service=RaftServer,group=group-B209632AD019,id=da9d3605-d5bb-4af4-b35f-64e6f231f8df
2019-11-14 17:39:16,961 [main] INFO  impl.RoleInfo (RoleInfo.java:shutdownLeaderState(104)) - da9d3605-d5bb-4af4-b35f-64e6f231f8df: shutdown LeaderState
2019-11-14 17:39:16,961 [ForkJoinPool.commonPool-worker-1] INFO  impl.RoleInfo (RoleInfo.java:shutdownFollowerState(121)) - da9d3605-d5bb-4af4-b35f-64e6f231f8df: shutdown FollowerState
2019-11-14 17:39:16,962 [ForkJoinPool.commonPool-worker-1] INFO  impl.StateMachineUpdater (StateMachineUpdater.java:stopAndJoin(136)) - da9d3605-d5bb-4af4-b35f-64e6f231f8df@group-B209632AD019-StateMachineUpdater: set stopIndex = 0
2019-11-14 17:39:16,962 [Thread-4097] INFO  impl.FollowerState (FollowerState.java:run(120)) - da9d3605-d5bb-4af4-b35f-64e6f231f8df@group-B209632AD019-FollowerState was interrupted: java.lang.InterruptedException: sleep interrupted
2019-11-14 17:39:16,962 [main] INFO  impl.PendingRequests (PendingRequests.java:sendNotLeaderResponses(206)) - da9d3605-d5bb-4af4-b35f-64e6f231f8df@group-7B11EE65685C-PendingRequests: sendNotLeaderResponses
2019-11-14 17:39:16,962 [ForkJoinPool.commonPool-worker-1] INFO  impl.RaftServerImpl (ServerState.java:close(387)) - da9d3605-d5bb-4af4-b35f-64e6f231f8df@group-B209632AD019: closes. applyIndex: 0
2019-11-14 17:39:16,962 [main] INFO  impl.StateMachineUpdater (StateMachineUpdater.java:stopAndJoin(136)) - da9d3605-d5bb-4af4-b35f-64e6f231f8df@group-7B11EE65685C-StateMachineUpdater: set stopIndex = 0
2019-11-14 17:39:16,963 [da9d3605-d5bb-4af4-b35f-64e6f231f8df@group-B209632AD019-SegmentedRaftLogWorker] INFO  segmented.SegmentedRaftLogWorker (SegmentedRaftLogWorker.java:run(316)) - da9d3605-d5bb-4af4-b35f-64e6f231f8df@group-B209632AD019-SegmentedRaftLogWorker was interrupted, exiting. There are 0 tasks remaining in the queue.
2019-11-14 17:39:16,963 [main] INFO  impl.RaftServerImpl (ServerState.java:close(387)) - da9d3605-d5bb-4af4-b35f-64e6f231f8df@group-7B11EE65685C: closes. applyIndex: 0
2019-11-14 17:39:16,963 [ForkJoinPool.commonPool-worker-1] INFO  segmented.SegmentedRaftLogWorker (SegmentedRaftLogWorker.java:close(224)) - da9d3605-d5bb-4af4-b35f-64e6f231f8df@group-B209632AD019-SegmentedRaftLogWorker close()
2019-11-14 17:39:16,963 [da9d3605-d5bb-4af4-b35f-64e6f231f8df@group-7B11EE65685C-SegmentedRaftLogWorker] INFO  segmented.SegmentedRaftLogWorker (SegmentedRaftLogWorker.java:run(316)) - da9d3605-d5bb-4af4-b35f-64e6f231f8df@group-7B11EE65685C-SegmentedRaftLogWorker was interrupted, exiting. There are 0 tasks remaining in the queue.
2019-11-14 17:39:16,969 [main] INFO  segmented.SegmentedRaftLogWorker (SegmentedRaftLogWorker.java:close(224)) - da9d3605-d5bb-4af4-b35f-64e6f231f8df@group-7B11EE65685C-SegmentedRaftLogWorker close()
2019-11-14 17:39:16,969 [main] INFO  server.GrpcService (GrpcService.java:closeImpl(164)) - da9d3605-d5bb-4af4-b35f-64e6f231f8df: shutdown server with port 36645 now
2019-11-14 17:39:16,971 [grpc-default-executor-2] WARN  server.GrpcServerProtocolService (LogUtils.java:warn(134)) - da9d3605-d5bb-4af4-b35f-64e6f231f8df: installSnapshot onError, lastRequest: 9c88a047-7f73-4111-bf87-fe029dccbce6->da9d3605-d5bb-4af4-b35f-64e6f231f8df#7-t1, previous=(t:1, i:0), leaderCommit=0, initializing? false, entries: <empty>: org.apache.ratis.thirdparty.io.grpc.StatusRuntimeException: CANCELLED: cancelled before receiving half close
2019-11-14 17:39:16,971 [main] INFO  server.GrpcService (GrpcService.java:closeImpl(172)) - da9d3605-d5bb-4af4-b35f-64e6f231f8df: shutdown server with port 36645 successfully
2019-11-14 17:39:16,971 [grpc-default-executor-5] WARN  server.GrpcLogAppender (LogUtils.java:warn(134)) - 9c88a047-7f73-4111-bf87-fe029dccbce6@group-B209632AD019->da9d3605-d5bb-4af4-b35f-64e6f231f8df-AppendLogResponseHandler: Failed appendEntries: org.apache.ratis.thirdparty.io.grpc.StatusRuntimeException: CANCELLED: HTTP/2 error code: CANCEL
Received Rst Stream
2019-11-14 17:39:16,971 [grpc-default-executor-5] INFO  impl.FollowerInfo (FollowerInfo.java:lambda$new$0(51)) - 9c88a047-7f73-4111-bf87-fe029dccbce6@group-B209632AD019->da9d3605-d5bb-4af4-b35f-64e6f231f8df: nextIndex: updateUnconditionally 1 -> 0
2019-11-14 17:39:16,975 [refreshUsed-/workdir/hadoop-ozone/integration-test/target/test-dir/MiniOzoneClusterImpl-76142843-c060-4c87-bf9f-3caeb3385afc/datanode-3/data/containers] WARN  fs.CachingGetSpaceUsed (CachingGetSpaceUsed.java:run(183)) - Thread Interrupted waiting to refresh disk information: sleep interrupted
2019-11-14 17:39:16,989 [main] INFO  utils.BackgroundService (BackgroundService.java:shutdown(151)) - Shutting down service BlockDeletingService
2019-11-14 17:39:16,996 [main] INFO  statemachine.DatanodeStateMachine (DatanodeStateMachine.java:stopDaemon(395)) - Ozone container server stopped.
2019-11-14 17:39:16,997 [main] INFO  handler.ContextHandler (ContextHandler.java:doStop(910)) - Stopped o.e.j.w.WebAppContext@1be52861{/,null,UNAVAILABLE}{/hddsDatanode}
2019-11-14 17:39:16,998 [main] INFO  server.AbstractConnector (AbstractConnector.java:doStop(318)) - Stopped ServerConnector@5fb5ad40{HTTP/1.1,[http/1.1]}{0.0.0.0:0}
2019-11-14 17:39:16,998 [main] INFO  handler.ContextHandler (ContextHandler.java:doStop(910)) - Stopped o.e.j.s.ServletContextHandler@2f8c4fae{/static,jar:file:/home/user/.m2/repository/org/apache/hadoop/hadoop-hdds-container-service/0.5.0-SNAPSHOT/hadoop-hdds-container-service-0.5.0-SNAPSHOT.jar!/webapps/static,UNAVAILABLE}
2019-11-14 17:39:16,999 [main] INFO  handler.ContextHandler (ContextHandler.java:doStop(910)) - Stopped o.e.j.s.ServletContextHandler@62ea8931{/logs,file:///workdir/hadoop-ozone/integration-test/target/log,UNAVAILABLE}
2019-11-14 17:39:17,300 [grpc-default-executor-3] WARN  server.GrpcLogAppender (LogUtils.java:warn(134)) - 9c88a047-7f73-4111-bf87-fe029dccbce6@group-B209632AD019->da9d3605-d5bb-4af4-b35f-64e6f231f8df-AppendLogResponseHandler: Failed appendEntries: org.apache.ratis.thirdparty.io.grpc.StatusRuntimeException: UNAVAILABLE: io exception
2019-11-14 17:39:17,301 [grpc-default-executor-3] INFO  impl.FollowerInfo (FollowerInfo.java:lambda$new$0(51)) - 9c88a047-7f73-4111-bf87-fe029dccbce6@group-B209632AD019->da9d3605-d5bb-4af4-b35f-64e6f231f8df: nextIndex: updateUnconditionally 0 -> 0
2019-11-14 17:39:17,801 [grpc-default-executor-3] WARN  server.GrpcLogAppender (LogUtils.java:warn(134)) - 9c88a047-7f73-4111-bf87-fe029dccbce6@group-B209632AD019->da9d3605-d5bb-4af4-b35f-64e6f231f8df-AppendLogResponseHandler: Failed appendEntries: org.apache.ratis.thirdparty.io.grpc.StatusRuntimeException: UNAVAILABLE: io exception
2019-11-14 17:39:17,801 [grpc-default-executor-3] INFO  impl.FollowerInfo (FollowerInfo.java:lambda$new$0(51)) - 9c88a047-7f73-4111-bf87-fe029dccbce6@group-B209632AD019->da9d3605-d5bb-4af4-b35f-64e6f231f8df: nextIndex: updateUnconditionally 0 -> 0
2019-11-14 17:39:18,032 [main] WARN  io.KeyOutputStream (KeyOutputStream.java:handleException(274)) - Encountered exception java.io.IOException: Unexpected Storage Container Exception: java.util.concurrent.CompletionException: java.util.concurrent.CompletionException: org.apache.ratis.protocol.GroupMismatchException: 9c88a047-7f73-4111-bf87-fe029dccbce6: group-A44B5930BC4A not found. on the pipeline Pipeline[ Id: dcff57ac-9940-43b7-84fe-a44b5930bc4a, Nodes: da9d3605-d5bb-4af4-b35f-64e6f231f8df{ip: 192.168.157.194, host: pr-hdds-2482-j87dr-2776293630, networkLocation: /rack1, certSerialId: null}9c88a047-7f73-4111-bf87-fe029dccbce6{ip: 192.168.157.194, host: pr-hdds-2482-j87dr-2776293630, networkLocation: /rack1, certSerialId: null}00aa4e63-81eb-4c33-a32e-b28e61c28a6d{ip: 192.168.157.194, host: pr-hdds-2482-j87dr-2776293630, networkLocation: /rack1, certSerialId: null}, Type:RATIS, Factor:THREE, State:OPEN]. The last committed block length is 1048576, uncommitted data length is 2097152 retry count 0
2019-11-14 17:39:18,032 [main] INFO  io.BlockOutputStreamEntryPool (BlockOutputStreamEntryPool.java:allocateNewBlock(257)) - Allocating block with ExcludeList {datanodes = [], containerIds = [], pipelineIds = [PipelineID=dcff57ac-9940-43b7-84fe-a44b5930bc4a]}
2019-11-14 17:39:18,301 [grpc-default-executor-2] WARN  server.GrpcLogAppender (LogUtils.java:warn(134)) - 9c88a047-7f73-4111-bf87-fe029dccbce6@group-B209632AD019->da9d3605-d5bb-4af4-b35f-64e6f231f8df-AppendLogResponseHandler: Failed appendEntries: org.apache.ratis.thirdparty.io.grpc.StatusRuntimeException: UNAVAILABLE: io exception
2019-11-14 17:39:18,301 [grpc-default-executor-2] INFO  impl.FollowerInfo (FollowerInfo.java:lambda$new$0(51)) - 9c88a047-7f73-4111-bf87-fe029dccbce6@group-B209632AD019->da9d3605-d5bb-4af4-b35f-64e6f231f8df: nextIndex: updateUnconditionally 0 -> 0
2019-11-14 17:39:18,465 [main] INFO  ozone.MiniOzoneClusterImpl (MiniOzoneClusterImpl.java:shutdown(352)) - Shutting down the Mini Ozone Cluster
2019-11-14 17:39:18,465 [main] INFO  ozone.MiniOzoneClusterImpl (MiniOzoneClusterImpl.java:stop(368)) - Stopping the Mini Ozone Cluster
2019-11-14 17:39:18,465 [main] INFO  ozone.MiniOzoneClusterImpl (MiniOzoneClusterImpl.java:stopOM(438)) - Stopping the OzoneManager
2019-11-14 17:39:18,465 [main] INFO  ipc.Server (Server.java:stop(3082)) - Stopping server on 37932
2019-11-14 17:39:18,481 [main] INFO  ratis.OzoneManagerDoubleBuffer (OzoneManagerDoubleBuffer.java:stop(261)) - Stopping OMDoubleBuffer flush thread
2019-11-14 17:39:18,481 [IPC Server Responder] INFO  ipc.Server (Server.java:run(1319)) - Stopping IPC Server Responder
2019-11-14 17:39:18,485 [OMDoubleBufferFlushThread] INFO  ratis.OzoneManagerDoubleBuffer (OzoneManagerDoubleBuffer.java:flushTransactions(199)) - OMDoubleBuffer flush thread OMDoubleBufferFlushThread is interrupted and will exit. OMDoubleBufferFlushThread
2019-11-14 17:39:18,483 [IPC Server listener on 37932] INFO  ipc.Server (Server.java:run(1185)) - Stopping IPC Server listener on 37932
2019-11-14 17:39:18,492 [main] INFO  utils.BackgroundService (BackgroundService.java:shutdown(151)) - Shutting down service KeyDeletingService
2019-11-14 17:39:18,511 [main] INFO  handler.ContextHandler (ContextHandler.java:doStop(910)) - Stopped o.e.j.w.WebAppContext@2d206a71{/,null,UNAVAILABLE}{/ozoneManager}
2019-11-14 17:39:18,511 [main] INFO  server.AbstractConnector (AbstractConnector.java:doStop(318)) - Stopped ServerConnector@37e7c4cc{HTTP/1.1,[http/1.1]}{0.0.0.0:0}
2019-11-14 17:39:18,512 [main] INFO  handler.ContextHandler (ContextHandler.java:doStop(910)) - Stopped o.e.j.s.ServletContextHandler@37d3e140{/static,file:///workdir/hadoop-ozone/integration-test/target/test-classes/webapps/static,UNAVAILABLE}
2019-11-14 17:39:18,512 [main] INFO  handler.ContextHandler (ContextHandler.java:doStop(910)) - Stopped o.e.j.s.ServletContextHandler@584ca390{/logs,file:///workdir/hadoop-ozone/integration-test/target/log,UNAVAILABLE}
2019-11-14 17:39:18,526 [main] INFO  ozone.MiniOzoneClusterImpl (MiniOzoneClusterImpl.java:stopDatanodes(415)) - Stopping the HddsDatanodes
2019-11-14 17:39:18,710 [Datanode State Machine Thread - 0] INFO  statemachine.DatanodeStateMachine (DatanodeStateMachine.java:lambda$startDaemon$0(350)) - Ozone container server started.
2019-11-14 17:39:18,801 [grpc-default-executor-3] WARN  server.GrpcLogAppender (LogUtils.java:warn(134)) - 9c88a047-7f73-4111-bf87-fe029dccbce6@group-B209632AD019->da9d3605-d5bb-4af4-b35f-64e6f231f8df-AppendLogResponseHandler: Failed appendEntries: org.apache.ratis.thirdparty.io.grpc.StatusRuntimeException: UNAVAILABLE: io exception
2019-11-14 17:39:18,802 [grpc-default-executor-3] INFO  impl.FollowerInfo (FollowerInfo.java:lambda$new$0(51)) - 9c88a047-7f73-4111-bf87-fe029dccbce6@group-B209632AD019->da9d3605-d5bb-4af4-b35f-64e6f231f8df: nextIndex: updateUnconditionally 0 -> 0
2019-11-14 17:39:19,238 [Datanode State Machine Thread - 0] INFO  statemachine.DatanodeStateMachine (DatanodeStateMachine.java:lambda$startDaemon$0(350)) - Ozone container server started.
2019-11-14 17:39:19,303 [grpc-default-executor-5] WARN  server.GrpcLogAppender (LogUtils.java:warn(134)) - 9c88a047-7f73-4111-bf87-fe029dccbce6@group-B209632AD019->da9d3605-d5bb-4af4-b35f-64e6f231f8df-AppendLogResponseHandler: Failed appendEntries: org.apache.ratis.thirdparty.io.grpc.StatusRuntimeException: UNAVAILABLE: io exception
2019-11-14 17:39:19,303 [grpc-default-executor-5] INFO  impl.FollowerInfo (FollowerInfo.java:lambda$new$0(51)) - 9c88a047-7f73-4111-bf87-fe029dccbce6@group-B209632AD019->da9d3605-d5bb-4af4-b35f-64e6f231f8df: nextIndex: updateUnconditionally 0 -> 0
2019-11-14 17:39:19,803 [grpc-default-executor-5] WARN  server.GrpcLogAppender (LogUtils.java:warn(134)) - 9c88a047-7f73-4111-bf87-fe029dccbce6@group-B209632AD019->da9d3605-d5bb-4af4-b35f-64e6f231f8df-AppendLogResponseHandler: Failed appendEntries: org.apache.ratis.thirdparty.io.grpc.StatusRuntimeException: UNAVAILABLE: io exception
2019-11-14 17:39:19,803 [grpc-default-executor-5] INFO  impl.FollowerInfo (FollowerInfo.java:lambda$new$0(51)) - 9c88a047-7f73-4111-bf87-fe029dccbce6@group-B209632AD019->da9d3605-d5bb-4af4-b35f-64e6f231f8df: nextIndex: updateUnconditionally 0 -> 0
2019-11-14 17:39:20,303 [grpc-default-executor-3] WARN  server.GrpcLogAppender (LogUtils.java:warn(134)) - 9c88a047-7f73-4111-bf87-fe029dccbce6@group-B209632AD019->da9d3605-d5bb-4af4-b35f-64e6f231f8df-AppendLogResponseHandler: Failed appendEntries: org.apache.ratis.thirdparty.io.grpc.StatusRuntimeException: UNAVAILABLE: io exception
2019-11-14 17:39:20,303 [grpc-default-executor-3] INFO  impl.FollowerInfo (FollowerInfo.java:lambda$new$0(51)) - 9c88a047-7f73-4111-bf87-fe029dccbce6@group-B209632AD019->da9d3605-d5bb-4af4-b35f-64e6f231f8df: nextIndex: updateUnconditionally 0 -> 0
2019-11-14 17:39:20,804 [grpc-default-executor-2] WARN  server.GrpcLogAppender (LogUtils.java:warn(134)) - 9c88a047-7f73-4111-bf87-fe029dccbce6@group-B209632AD019->da9d3605-d5bb-4af4-b35f-64e6f231f8df-AppendLogResponseHandler: Failed appendEntries: org.apache.ratis.thirdparty.io.grpc.StatusRuntimeException: UNAVAILABLE: io exception
2019-11-14 17:39:20,804 [grpc-default-executor-2] INFO  impl.FollowerInfo (FollowerInfo.java:lambda$new$0(51)) - 9c88a047-7f73-4111-bf87-fe029dccbce6@group-B209632AD019->da9d3605-d5bb-4af4-b35f-64e6f231f8df: nextIndex: updateUnconditionally 0 -> 0
2019-11-14 17:39:21,306 [grpc-default-executor-5] WARN  server.GrpcLogAppender (LogUtils.java:warn(134)) - 9c88a047-7f73-4111-bf87-fe029dccbce6@group-B209632AD019->da9d3605-d5bb-4af4-b35f-64e6f231f8df-AppendLogResponseHandler: Failed appendEntries: org.apache.ratis.thirdparty.io.grpc.StatusRuntimeException: UNAVAILABLE: io exception
2019-11-14 17:39:21,307 [grpc-default-executor-5] INFO  impl.FollowerInfo (FollowerInfo.java:lambda$new$0(51)) - 9c88a047-7f73-4111-bf87-fe029dccbce6@group-B209632AD019->da9d3605-d5bb-4af4-b35f-64e6f231f8df: nextIndex: updateUnconditionally 0 -> 0
2019-11-14 17:39:21,805 [grpc-default-executor-3] WARN  server.GrpcLogAppender (LogUtils.java:warn(134)) - 9c88a047-7f73-4111-bf87-fe029dccbce6@group-B209632AD019->da9d3605-d5bb-4af4-b35f-64e6f231f8df-AppendLogResponseHandler: Failed appendEntries: org.apache.ratis.thirdparty.io.grpc.StatusRuntimeException: UNAVAILABLE: io exception
2019-11-14 17:39:21,806 [grpc-default-executor-3] INFO  impl.FollowerInfo (FollowerInfo.java:lambda$new$0(51)) - 9c88a047-7f73-4111-bf87-fe029dccbce6@group-B209632AD019->da9d3605-d5bb-4af4-b35f-64e6f231f8df: nextIndex: updateUnconditionally 0 -> 0
2019-11-14 17:39:22,306 [grpc-default-executor-5] WARN  server.GrpcLogAppender (LogUtils.java:warn(134)) - 9c88a047-7f73-4111-bf87-fe029dccbce6@group-B209632AD019->da9d3605-d5bb-4af4-b35f-64e6f231f8df-AppendLogResponseHandler: Failed appendEntries: org.apache.ratis.thirdparty.io.grpc.StatusRuntimeException: UNAVAILABLE: io exception
2019-11-14 17:39:22,307 [grpc-default-executor-5] INFO  impl.FollowerInfo (FollowerInfo.java:lambda$new$0(51)) - 9c88a047-7f73-4111-bf87-fe029dccbce6@group-B209632AD019->da9d3605-d5bb-4af4-b35f-64e6f231f8df: nextIndex: updateUnconditionally 0 -> 0
2019-11-14 17:39:22,806 [grpc-default-executor-3] WARN  server.GrpcLogAppender (LogUtils.java:warn(134)) - 9c88a047-7f73-4111-bf87-fe029dccbce6@group-B209632AD019->da9d3605-d5bb-4af4-b35f-64e6f231f8df-AppendLogResponseHandler: Failed appendEntries: org.apache.ratis.thirdparty.io.grpc.StatusRuntimeException: UNAVAILABLE: io exception
2019-11-14 17:39:22,807 [grpc-default-executor-3] INFO  impl.FollowerInfo (FollowerInfo.java:lambda$new$0(51)) - 9c88a047-7f73-4111-bf87-fe029dccbce6@group-B209632AD019->da9d3605-d5bb-4af4-b35f-64e6f231f8df: nextIndex: updateUnconditionally 0 -> 0
2019-11-14 17:39:23,307 [grpc-default-executor-2] WARN  server.GrpcLogAppender (LogUtils.java:warn(134)) - 9c88a047-7f73-4111-bf87-fe029dccbce6@group-B209632AD019->da9d3605-d5bb-4af4-b35f-64e6f231f8df-AppendLogResponseHandler: Failed appendEntries: org.apache.ratis.thirdparty.io.grpc.StatusRuntimeException: UNAVAILABLE: io exception
2019-11-14 17:39:23,308 [grpc-default-executor-2] INFO  impl.FollowerInfo (FollowerInfo.java:lambda$new$0(51)) - 9c88a047-7f73-4111-bf87-fe029dccbce6@group-B209632AD019->da9d3605-d5bb-4af4-b35f-64e6f231f8df: nextIndex: updateUnconditionally 0 -> 0
2019-11-14 17:39:23,527 [ForkJoinPool.commonPool-worker-1] INFO  ozoneimpl.OzoneContainer (OzoneContainer.java:stop(244)) - Attempting to stop container services.
2019-11-14 17:39:23,527 [main] INFO  ozoneimpl.OzoneContainer (OzoneContainer.java:stop(244)) - Attempting to stop container services.
2019-11-14 17:39:23,531 [main] INFO  impl.RaftServerProxy (RaftServerProxy.java:lambda$close$4(314)) - 9c88a047-7f73-4111-bf87-fe029dccbce6: close
2019-11-14 17:39:23,531 [ForkJoinPool.commonPool-worker-1] INFO  impl.RaftServerProxy (RaftServerProxy.java:lambda$close$4(314)) - 4fcb6245-7b52-48ea-a68b-fda0132084cd: close
2019-11-14 17:39:23,532 [main] INFO  impl.RaftServerImpl (RaftServerImpl.java:lambda$shutdown$3(250)) - 9c88a047-7f73-4111-bf87-fe029dccbce6@group-B209632AD019: shutdown
2019-11-14 17:39:23,532 [ForkJoinPool.commonPool-worker-1] INFO  impl.RaftServerImpl (RaftServerImpl.java:lambda$shutdown$3(250)) - 4fcb6245-7b52-48ea-a68b-fda0132084cd@group-8A7698DEED1E: shutdown
2019-11-14 17:39:23,532 [main] INFO  util.JmxRegister (JmxRegister.java:unregister(73)) - Successfully un-registered JMX Bean with object name Ratis:service=RaftServer,group=group-B209632AD019,id=9c88a047-7f73-4111-bf87-fe029dccbce6
2019-11-14 17:39:23,532 [ForkJoinPool.commonPool-worker-1] INFO  util.JmxRegister (JmxRegister.java:unregister(73)) - Successfully un-registered JMX Bean with object name Ratis:service=RaftServer,group=group-8A7698DEED1E,id=4fcb6245-7b52-48ea-a68b-fda0132084cd
2019-11-14 17:39:23,533 [main] INFO  impl.RoleInfo (RoleInfo.java:shutdownLeaderState(104)) - 9c88a047-7f73-4111-bf87-fe029dccbce6: shutdown LeaderState
2019-11-14 17:39:23,533 [ForkJoinPool.commonPool-worker-1] INFO  impl.RoleInfo (RoleInfo.java:shutdownLeaderState(104)) - 4fcb6245-7b52-48ea-a68b-fda0132084cd: shutdown LeaderState
2019-11-14 17:39:23,541 [main] INFO  impl.PendingRequests (PendingRequests.java:sendNotLeaderResponses(206)) - 9c88a047-7f73-4111-bf87-fe029dccbce6@group-B209632AD019-PendingRequests: sendNotLeaderResponses
2019-11-14 17:39:23,541 [org.apache.ratis.server.impl.LogAppender$AppenderDaemon$$Lambda$459/712830018@5f6f307d] WARN  server.GrpcLogAppender (GrpcLogAppender.java:mayWait(151)) - 9c88a047-7f73-4111-bf87-fe029dccbce6@group-B209632AD019->da9d3605-d5bb-4af4-b35f-64e6f231f8df-GrpcLogAppender: Wait interrupted by java.lang.InterruptedException
2019-11-14 17:39:23,541 [org.apache.ratis.server.impl.LogAppender$AppenderDaemon$$Lambda$459/712830018@5262018a] WARN  server.GrpcLogAppender (GrpcLogAppender.java:mayWait(151)) - 4fcb6245-7b52-48ea-a68b-fda0132084cd@group-8A7698DEED1E->1e2d7e4d-6af1-461d-8b85-f444d5672a79-GrpcLogAppender: Wait interrupted by java.lang.InterruptedException
2019-11-14 17:39:23,541 [org.apache.ratis.server.impl.LogAppender$AppenderDaemon$$Lambda$459/712830018@17609d02] WARN  server.GrpcLogAppender (GrpcLogAppender.java:mayWait(151)) - 4fcb6245-7b52-48ea-a68b-fda0132084cd@group-8A7698DEED1E->9f70b324-be48-4d43-8f47-cd647748f9c6-GrpcLogAppender: Wait interrupted by java.lang.InterruptedException
2019-11-14 17:39:23,541 [ForkJoinPool.commonPool-worker-1] INFO  impl.PendingRequests (PendingRequests.java:sendNotLeaderResponses(206)) - 4fcb6245-7b52-48ea-a68b-fda0132084cd@group-8A7698DEED1E-PendingRequests: sendNotLeaderResponses
2019-11-14 17:39:23,541 [org.apache.ratis.server.impl.LogAppender$AppenderDaemon$$Lambda$459/712830018@1a6dad54] WARN  server.GrpcLogAppender (GrpcLogAppender.java:mayWait(151)) - 9c88a047-7f73-4111-bf87-fe029dccbce6@group-B209632AD019->00aa4e63-81eb-4c33-a32e-b28e61c28a6d-GrpcLogAppender: Wait interrupted by java.lang.InterruptedException
2019-11-14 17:39:23,549 [ForkJoinPool.commonPool-worker-1] INFO  impl.StateMachineUpdater (StateMachineUpdater.java:stopAndJoin(136)) - 4fcb6245-7b52-48ea-a68b-fda0132084cd@group-8A7698DEED1E-StateMachineUpdater: set stopIndex = 7
2019-11-14 17:39:23,549 [grpc-default-executor-2] INFO  server.GrpcServerProtocolService (GrpcServerProtocolService.java:onCompleted(113)) - 1e2d7e4d-6af1-461d-8b85-f444d5672a79: Completed APPEND_ENTRIES, lastRequest: 4fcb6245-7b52-48ea-a68b-fda0132084cd->1e2d7e4d-6af1-461d-8b85-f444d5672a79#31-t3, previous=(t:3, i:7), leaderCommit=7, initializing? false, entries: <empty>
2019-11-14 17:39:23,545 [grpc-default-executor-3] INFO  server.GrpcServerProtocolService (GrpcServerProtocolService.java:onCompleted(113)) - 9f70b324-be48-4d43-8f47-cd647748f9c6: Completed APPEND_ENTRIES, lastRequest: 4fcb6245-7b52-48ea-a68b-fda0132084cd->9f70b324-be48-4d43-8f47-cd647748f9c6#31-t3, previous=(t:3, i:7), leaderCommit=7, initializing? false, entries: <empty>
2019-11-14 17:39:23,550 [grpc-default-executor-2] INFO  server.GrpcServerProtocolService (GrpcServerProtocolService.java:onCompleted(113)) - 00aa4e63-81eb-4c33-a32e-b28e61c28a6d: Completed APPEND_ENTRIES, lastRequest: 9c88a047-7f73-4111-bf87-fe029dccbce6->00aa4e63-81eb-4c33-a32e-b28e61c28a6d#20-t1, previous=(t:1, i:0), leaderCommit=0, initializing? false, entries: <empty>
2019-11-14 17:39:23,542 [main] INFO  impl.StateMachineUpdater (StateMachineUpdater.java:stopAndJoin(136)) - 9c88a047-7f73-4111-bf87-fe029dccbce6@group-B209632AD019-StateMachineUpdater: set stopIndex = 0
2019-11-14 17:39:23,550 [grpc-default-executor-5] INFO  server.GrpcLogAppender (GrpcLogAppender.java:onCompleted(308)) - 4fcb6245-7b52-48ea-a68b-fda0132084cd@group-8A7698DEED1E->9f70b324-be48-4d43-8f47-cd647748f9c6-AppendLogResponseHandler: follower responses appendEntries COMPLETED
2019-11-14 17:39:23,550 [grpc-default-executor-3] INFO  server.GrpcLogAppender (GrpcLogAppender.java:onCompleted(308)) - 9c88a047-7f73-4111-bf87-fe029dccbce6@group-B209632AD019->00aa4e63-81eb-4c33-a32e-b28e61c28a6d-AppendLogResponseHandler: follower responses appendEntries COMPLETED
2019-11-14 17:39:23,550 [grpc-default-executor-2] INFO  server.GrpcLogAppender (GrpcLogAppender.java:onCompleted(308)) - 4fcb6245-7b52-48ea-a68b-fda0132084cd@group-8A7698DEED1E->1e2d7e4d-6af1-461d-8b85-f444d5672a79-AppendLogResponseHandler: follower responses appendEntries COMPLETED
2019-11-14 17:39:23,549 [4fcb6245-7b52-48ea-a68b-fda0132084cd@group-8A7698DEED1E-StateMachineUpdater] INFO  ratis.ContainerStateMachine (ContainerStateMachine.java:takeSnapshot(285)) - group-8A7698DEED1E: Taking a snapshot at:(t:3, i:7) file /workdir/hadoop-ozone/integration-test/target/test-dir/MiniOzoneClusterImpl-76142843-c060-4c87-bf9f-3caeb3385afc/datanode-2/data/ratis/0c7b9cf5-1cd8-4c88-851f-8a7698deed1e/sm/snapshot.3_7
2019-11-14 17:39:23,550 [main] INFO  impl.RaftServerImpl (ServerState.java:close(387)) - 9c88a047-7f73-4111-bf87-fe029dccbce6@group-B209632AD019: closes. applyIndex: 0
2019-11-14 17:39:23,551 [grpc-default-executor-5] INFO  impl.FollowerInfo (FollowerInfo.java:lambda$new$0(51)) - 4fcb6245-7b52-48ea-a68b-fda0132084cd@group-8A7698DEED1E->9f70b324-be48-4d43-8f47-cd647748f9c6: nextIndex: updateUnconditionally 8 -> 7
2019-11-14 17:39:23,551 [grpc-default-executor-2] INFO  impl.FollowerInfo (FollowerInfo.java:lambda$new$0(51)) - 4fcb6245-7b52-48ea-a68b-fda0132084cd@group-8A7698DEED1E->1e2d7e4d-6af1-461d-8b85-f444d5672a79: nextIndex: updateUnconditionally 8 -> 7
2019-11-14 17:39:23,551 [grpc-default-executor-3] INFO  impl.FollowerInfo (FollowerInfo.java:lambda$new$0(51)) - 9c88a047-7f73-4111-bf87-fe029dccbce6@group-B209632AD019->00aa4e63-81eb-4c33-a32e-b28e61c28a6d: nextIndex: updateUnconditionally 1 -> 0
2019-11-14 17:39:23,552 [9c88a047-7f73-4111-bf87-fe029dccbce6@group-B209632AD019-SegmentedRaftLogWorker] INFO  segmented.SegmentedRaftLogWorker (SegmentedRaftLogWorker.java:run(316)) - 9c88a047-7f73-4111-bf87-fe029dccbce6@group-B209632AD019-SegmentedRaftLogWorker was interrupted, exiting. There are 0 tasks remaining in the queue.
2019-11-14 17:39:23,562 [main] INFO  segmented.SegmentedRaftLogWorker (SegmentedRaftLogWorker.java:close(224)) - 9c88a047-7f73-4111-bf87-fe029dccbce6@group-B209632AD019-SegmentedRaftLogWorker close()
2019-11-14 17:39:23,564 [main] INFO  impl.RaftServerImpl (RaftServerImpl.java:lambda$shutdown$3(250)) - 9c88a047-7f73-4111-bf87-fe029dccbce6@group-BAF0D31D5566: shutdown
2019-11-14 17:39:23,565 [main] INFO  util.JmxRegister (JmxRegister.java:unregister(73)) - Successfully un-registered JMX Bean with object name Ratis:service=RaftServer,group=group-BAF0D31D5566,id=9c88a047-7f73-4111-bf87-fe029dccbce6
2019-11-14 17:39:23,565 [main] INFO  impl.RoleInfo (RoleInfo.java:shutdownLeaderState(104)) - 9c88a047-7f73-4111-bf87-fe029dccbce6: shutdown LeaderState
2019-11-14 17:39:23,566 [main] INFO  impl.PendingRequests (PendingRequests.java:sendNotLeaderResponses(206)) - 9c88a047-7f73-4111-bf87-fe029dccbce6@group-BAF0D31D5566-PendingRequests: sendNotLeaderResponses
2019-11-14 17:39:23,566 [main] INFO  impl.StateMachineUpdater (StateMachineUpdater.java:stopAndJoin(136)) - 9c88a047-7f73-4111-bf87-fe029dccbce6@group-BAF0D31D5566-StateMachineUpdater: set stopIndex = 0
2019-11-14 17:39:23,566 [main] INFO  impl.RaftServerImpl (ServerState.java:close(387)) - 9c88a047-7f73-4111-bf87-fe029dccbce6@group-BAF0D31D5566: closes. applyIndex: 0
2019-11-14 17:39:23,567 [9c88a047-7f73-4111-bf87-fe029dccbce6@group-BAF0D31D5566-SegmentedRaftLogWorker] INFO  segmented.SegmentedRaftLogWorker (SegmentedRaftLogWorker.java:run(316)) - 9c88a047-7f73-4111-bf87-fe029dccbce6@group-BAF0D31D5566-SegmentedRaftLogWorker was interrupted, exiting. There are 0 tasks remaining in the queue.
2019-11-14 17:39:23,567 [main] INFO  segmented.SegmentedRaftLogWorker (SegmentedRaftLogWorker.java:close(224)) - 9c88a047-7f73-4111-bf87-fe029dccbce6@group-BAF0D31D5566-SegmentedRaftLogWorker close()
2019-11-14 17:39:23,568 [main] INFO  server.GrpcService (GrpcService.java:closeImpl(164)) - 9c88a047-7f73-4111-bf87-fe029dccbce6: shutdown server with port 46499 now
2019-11-14 17:39:23,569 [main] INFO  server.GrpcService (GrpcService.java:closeImpl(172)) - 9c88a047-7f73-4111-bf87-fe029dccbce6: shutdown server with port 46499 successfully
2019-11-14 17:39:23,584 [refreshUsed-/workdir/hadoop-ozone/integration-test/target/test-dir/MiniOzoneClusterImpl-76142843-c060-4c87-bf9f-3caeb3385afc/datanode-5/data/containers] WARN  fs.CachingGetSpaceUsed (CachingGetSpaceUsed.java:run(183)) - Thread Interrupted waiting to refresh disk information: sleep interrupted
2019-11-14 17:39:23,584 [4fcb6245-7b52-48ea-a68b-fda0132084cd@group-8A7698DEED1E-StateMachineUpdater] INFO  ratis.ContainerStateMachine (ContainerStateMachine.java:takeSnapshot(296)) - group-8A7698DEED1E: Finished taking a snapshot at:(t:3, i:7) file:/workdir/hadoop-ozone/integration-test/target/test-dir/MiniOzoneClusterImpl-76142843-c060-4c87-bf9f-3caeb3385afc/datanode-2/data/ratis/0c7b9cf5-1cd8-4c88-851f-8a7698deed1e/sm/snapshot.3_7 time:35
2019-11-14 17:39:23,584 [4fcb6245-7b52-48ea-a68b-fda0132084cd@group-8A7698DEED1E-StateMachineUpdater] INFO  impl.StateMachineUpdater (StateMachineUpdater.java:takeSnapshot(269)) - 4fcb6245-7b52-48ea-a68b-fda0132084cd@group-8A7698DEED1E-StateMachineUpdater: Took a snapshot at index 7
2019-11-14 17:39:23,585 [4fcb6245-7b52-48ea-a68b-fda0132084cd@group-8A7698DEED1E-StateMachineUpdater] INFO  impl.StateMachineUpdater (StateMachineUpdater.java:lambda$new$0(84)) - 4fcb6245-7b52-48ea-a68b-fda0132084cd@group-8A7698DEED1E-StateMachineUpdater: snapshotIndex: updateIncreasingly -1 -> 7
2019-11-14 17:39:23,585 [ForkJoinPool.commonPool-worker-1] INFO  impl.RaftServerImpl (ServerState.java:close(387)) - 4fcb6245-7b52-48ea-a68b-fda0132084cd@group-8A7698DEED1E: closes. applyIndex: 7
2019-11-14 17:39:23,585 [4fcb6245-7b52-48ea-a68b-fda0132084cd@group-8A7698DEED1E-SegmentedRaftLogWorker] INFO  segmented.SegmentedRaftLogWorker (SegmentedRaftLogWorker.java:run(316)) - 4fcb6245-7b52-48ea-a68b-fda0132084cd@group-8A7698DEED1E-SegmentedRaftLogWorker was interrupted, exiting. There are 0 tasks remaining in the queue.
2019-11-14 17:39:23,586 [ForkJoinPool.commonPool-worker-1] INFO  segmented.SegmentedRaftLogWorker (SegmentedRaftLogWorker.java:close(224)) - 4fcb6245-7b52-48ea-a68b-fda0132084cd@group-8A7698DEED1E-SegmentedRaftLogWorker close()
2019-11-14 17:39:23,586 [ForkJoinPool.commonPool-worker-1] INFO  impl.RaftServerImpl (RaftServerImpl.java:lambda$shutdown$3(250)) - 4fcb6245-7b52-48ea-a68b-fda0132084cd@group-C2ABFF70BF66: shutdown
2019-11-14 17:39:23,586 [ForkJoinPool.commonPool-worker-1] INFO  util.JmxRegister (JmxRegister.java:unregister(73)) - Successfully un-registered JMX Bean with object name Ratis:service=RaftServer,group=group-C2ABFF70BF66,id=4fcb6245-7b52-48ea-a68b-fda0132084cd
2019-11-14 17:39:23,586 [ForkJoinPool.commonPool-worker-1] INFO  impl.RoleInfo (RoleInfo.java:shutdownLeaderState(104)) - 4fcb6245-7b52-48ea-a68b-fda0132084cd: shutdown LeaderState
2019-11-14 17:39:23,587 [ForkJoinPool.commonPool-worker-1] INFO  impl.PendingRequests (PendingRequests.java:sendNotLeaderResponses(206)) - 4fcb6245-7b52-48ea-a68b-fda0132084cd@group-C2ABFF70BF66-PendingRequests: sendNotLeaderResponses
2019-11-14 17:39:23,587 [ForkJoinPool.commonPool-worker-1] INFO  impl.StateMachineUpdater (StateMachineUpdater.java:stopAndJoin(136)) - 4fcb6245-7b52-48ea-a68b-fda0132084cd@group-C2ABFF70BF66-StateMachineUpdater: set stopIndex = 0
2019-11-14 17:39:23,587 [ForkJoinPool.commonPool-worker-1] INFO  impl.RaftServerImpl (ServerState.java:close(387)) - 4fcb6245-7b52-48ea-a68b-fda0132084cd@group-C2ABFF70BF66: closes. applyIndex: 0
2019-11-14 17:39:23,588 [4fcb6245-7b52-48ea-a68b-fda0132084cd@group-C2ABFF70BF66-SegmentedRaftLogWorker] INFO  segmented.SegmentedRaftLogWorker (SegmentedRaftLogWorker.java:run(316)) - 4fcb6245-7b52-48ea-a68b-fda0132084cd@group-C2ABFF70BF66-SegmentedRaftLogWorker was interrupted, exiting. There are 0 tasks remaining in the queue.
2019-11-14 17:39:23,588 [ForkJoinPool.commonPool-worker-1] INFO  segmented.SegmentedRaftLogWorker (SegmentedRaftLogWorker.java:close(224)) - 4fcb6245-7b52-48ea-a68b-fda0132084cd@group-C2ABFF70BF66-SegmentedRaftLogWorker close()
2019-11-14 17:39:23,588 [ForkJoinPool.commonPool-worker-1] INFO  server.GrpcService (GrpcService.java:closeImpl(164)) - 4fcb6245-7b52-48ea-a68b-fda0132084cd: shutdown server with port 33953 now
2019-11-14 17:39:23,589 [ForkJoinPool.commonPool-worker-1] INFO  server.GrpcService (GrpcService.java:closeImpl(172)) - 4fcb6245-7b52-48ea-a68b-fda0132084cd: shutdown server with port 33953 successfully
2019-11-14 17:39:23,591 [refreshUsed-/workdir/hadoop-ozone/integration-test/target/test-dir/MiniOzoneClusterImpl-76142843-c060-4c87-bf9f-3caeb3385afc/datanode-2/data/containers] WARN  fs.CachingGetSpaceUsed (CachingGetSpaceUsed.java:run(183)) - Thread Interrupted waiting to refresh disk information: sleep interrupted
2019-11-14 17:39:23,606 [ForkJoinPool.commonPool-worker-1] INFO  utils.BackgroundService (BackgroundService.java:shutdown(151)) - Shutting down service BlockDeletingService
2019-11-14 17:39:23,606 [main] INFO  utils.BackgroundService (BackgroundService.java:shutdown(151)) - Shutting down service BlockDeletingService
2019-11-14 17:39:23,627 [ForkJoinPool.commonPool-worker-1] INFO  statemachine.DatanodeStateMachine (DatanodeStateMachine.java:stopDaemon(395)) - Ozone container server stopped.
2019-11-14 17:39:23,631 [main] INFO  statemachine.DatanodeStateMachine (DatanodeStateMachine.java:stopDaemon(395)) - Ozone container server stopped.
2019-11-14 17:39:23,635 [ForkJoinPool.commonPool-worker-1] INFO  handler.ContextHandler (ContextHandler.java:doStop(910)) - Stopped o.e.j.w.WebAppContext@34009349{/,null,UNAVAILABLE}{/hddsDatanode}
2019-11-14 17:39:23,635 [main] INFO  handler.ContextHandler (ContextHandler.java:doStop(910)) - Stopped o.e.j.w.WebAppContext@50122012{/,null,UNAVAILABLE}{/hddsDatanode}
2019-11-14 17:39:23,636 [ForkJoinPool.commonPool-worker-1] INFO  server.AbstractConnector (AbstractConnector.java:doStop(318)) - Stopped ServerConnector@3f68a7f8{HTTP/1.1,[http/1.1]}{0.0.0.0:0}
2019-11-14 17:39:23,638 [main] INFO  server.AbstractConnector (AbstractConnector.java:doStop(318)) - Stopped ServerConnector@569348e1{HTTP/1.1,[http/1.1]}{0.0.0.0:0}
2019-11-14 17:39:23,638 [ForkJoinPool.commonPool-worker-1] INFO  handler.ContextHandler (ContextHandler.java:doStop(910)) - Stopped o.e.j.s.ServletContextHandler@4ee8051c{/static,jar:file:/home/user/.m2/repository/org/apache/hadoop/hadoop-hdds-container-service/0.5.0-SNAPSHOT/hadoop-hdds-container-service-0.5.0-SNAPSHOT.jar!/webapps/static,UNAVAILABLE}
2019-11-14 17:39:23,638 [main] INFO  handler.ContextHandler (ContextHandler.java:doStop(910)) - Stopped o.e.j.s.ServletContextHandler@77896335{/static,jar:file:/home/user/.m2/repository/org/apache/hadoop/hadoop-hdds-container-service/0.5.0-SNAPSHOT/hadoop-hdds-container-service-0.5.0-SNAPSHOT.jar!/webapps/static,UNAVAILABLE}
2019-11-14 17:39:23,640 [ForkJoinPool.commonPool-worker-1] INFO  handler.ContextHandler (ContextHandler.java:doStop(910)) - Stopped o.e.j.s.ServletContextHandler@6e3dd5ce{/logs,file:///workdir/hadoop-ozone/integration-test/target/log,UNAVAILABLE}
2019-11-14 17:39:23,640 [main] INFO  handler.ContextHandler (ContextHandler.java:doStop(910)) - Stopped o.e.j.s.ServletContextHandler@16f15ae9{/logs,file:///workdir/hadoop-ozone/integration-test/target/log,UNAVAILABLE}
2019-11-14 17:39:24,177 [Datanode State Machine Thread - 0] INFO  statemachine.DatanodeStateMachine (DatanodeStateMachine.java:lambda$startDaemon$0(350)) - Ozone container server started.
2019-11-14 17:39:24,306 [Datanode State Machine Thread - 0] INFO  statemachine.DatanodeStateMachine (DatanodeStateMachine.java:lambda$startDaemon$0(350)) - Ozone container server started.
2019-11-14 17:39:24,518 [Thread-4096] INFO  impl.FollowerState (FollowerState.java:run(111)) - 00aa4e63-81eb-4c33-a32e-b28e61c28a6d@group-B209632AD019-FollowerState: change to CANDIDATE, lastRpcTime:1200ms, electionTimeout:1171ms
2019-11-14 17:39:24,518 [Thread-4096] INFO  impl.RoleInfo (RoleInfo.java:shutdownFollowerState(121)) - 00aa4e63-81eb-4c33-a32e-b28e61c28a6d: shutdown FollowerState
2019-11-14 17:39:24,518 [Thread-4096] INFO  impl.RaftServerImpl (RaftServerImpl.java:setRole(173)) - 00aa4e63-81eb-4c33-a32e-b28e61c28a6d@group-B209632AD019: changes role from  FOLLOWER to CANDIDATE at term 1 for changeToCandidate
2019-11-14 17:39:24,518 [Thread-4096] INFO  impl.RoleInfo (RoleInfo.java:updateAndGet(143)) - 00aa4e63-81eb-4c33-a32e-b28e61c28a6d: start LeaderElection
2019-11-14 17:39:24,519 [00aa4e63-81eb-4c33-a32e-b28e61c28a6d@group-B209632AD019-LeaderElection226] INFO  impl.RaftServerImpl (ServerState.java:setLeader(255)) - 00aa4e63-81eb-4c33-a32e-b28e61c28a6d@group-B209632AD019: change Leader from 9c88a047-7f73-4111-bf87-fe029dccbce6 to null at term 1 for initElection
2019-11-14 17:39:24,543 [00aa4e63-81eb-4c33-a32e-b28e61c28a6d@group-B209632AD019-LeaderElection226] INFO  impl.LeaderElection (LeaderElection.java:askForVotes(178)) - 00aa4e63-81eb-4c33-a32e-b28e61c28a6d@group-B209632AD019-LeaderElection226: begin an election at term 2 for 0: [00aa4e63-81eb-4c33-a32e-b28e61c28a6d:192.168.157.194:43947, da9d3605-d5bb-4af4-b35f-64e6f231f8df:192.168.157.194:36645, 9c88a047-7f73-4111-bf87-fe029dccbce6:192.168.157.194:46499], old=null
2019-11-14 17:39:24,545 [00aa4e63-81eb-4c33-a32e-b28e61c28a6d@group-B209632AD019-LeaderElection226] INFO  impl.LeaderElection (LogUtils.java:infoOrTrace(149)) - 00aa4e63-81eb-4c33-a32e-b28e61c28a6d@group-B209632AD019-LeaderElection226 got exception when requesting votes: {}
java.util.concurrent.ExecutionException: org.apache.ratis.thirdparty.io.grpc.StatusRuntimeException: UNAVAILABLE: io exception
	at java.util.concurrent.FutureTask.report(FutureTask.java:122)
	at java.util.concurrent.FutureTask.get(FutureTask.java:192)
	at org.apache.ratis.server.impl.LeaderElection.waitForResults(LeaderElection.java:259)
	at org.apache.ratis.server.impl.LeaderElection.askForVotes(LeaderElection.java:197)
	at org.apache.ratis.server.impl.LeaderElection.run(LeaderElection.java:133)
	at java.lang.Thread.run(Thread.java:748)
Caused by: org.apache.ratis.thirdparty.io.grpc.StatusRuntimeException: UNAVAILABLE: io exception
	at org.apache.ratis.thirdparty.io.grpc.stub.ClientCalls.toStatusRuntimeException(ClientCalls.java:233)
	at org.apache.ratis.thirdparty.io.grpc.stub.ClientCalls.getUnchecked(ClientCalls.java:214)
	at org.apache.ratis.thirdparty.io.grpc.stub.ClientCalls.blockingUnaryCall(ClientCalls.java:139)
	at org.apache.ratis.proto.grpc.RaftServerProtocolServiceGrpc$RaftServerProtocolServiceBlockingStub.requestVote(RaftServerProtocolServiceGrpc.java:265)
	at org.apache.ratis.grpc.server.GrpcServerProtocolClient.requestVote(GrpcServerProtocolClient.java:99)
	at org.apache.ratis.grpc.server.GrpcService.requestVote(GrpcService.java:204)
	at org.apache.ratis.server.impl.LeaderElection.lambda$submitRequests$1(LeaderElection.java:234)
	at java.util.concurrent.FutureTask.run(FutureTask.java:266)
	at java.util.concurrent.Executors$RunnableAdapter.call(Executors.java:511)
	at java.util.concurrent.FutureTask.run(FutureTask.java:266)
	at java.util.concurrent.ThreadPoolExecutor.runWorker(ThreadPoolExecutor.java:1149)
	at java.util.concurrent.ThreadPoolExecutor$Worker.run(ThreadPoolExecutor.java:624)
	... 1 more
Caused by: org.apache.ratis.thirdparty.io.netty.channel.AbstractChannel$AnnotatedConnectException: Connection refused: /192.168.157.194:46499
	at sun.nio.ch.SocketChannelImpl.checkConnect(Native Method)
	at sun.nio.ch.SocketChannelImpl.finishConnect(SocketChannelImpl.java:717)
	at org.apache.ratis.thirdparty.io.netty.channel.socket.nio.NioSocketChannel.doFinishConnect(NioSocketChannel.java:327)
	at org.apache.ratis.thirdparty.io.netty.channel.nio.AbstractNioChannel$AbstractNioUnsafe.finishConnect(AbstractNioChannel.java:340)
	at org.apache.ratis.thirdparty.io.netty.channel.nio.NioEventLoop.processSelectedKey(NioEventLoop.java:632)
	at org.apache.ratis.thirdparty.io.netty.channel.nio.NioEventLoop.processSelectedKeysOptimized(NioEventLoop.java:579)
	at org.apache.ratis.thirdparty.io.netty.channel.nio.NioEventLoop.processSelectedKeys(NioEventLoop.java:496)
	at org.apache.ratis.thirdparty.io.netty.channel.nio.NioEventLoop.run(NioEventLoop.java:458)
	at org.apache.ratis.thirdparty.io.netty.util.concurrent.SingleThreadEventExecutor$5.run(SingleThreadEventExecutor.java:897)
	at org.apache.ratis.thirdparty.io.netty.util.concurrent.FastThreadLocalRunnable.run(FastThreadLocalRunnable.java:30)
	... 1 more
Caused by: java.net.ConnectException: Connection refused
	... 11 more
2019-11-14 17:39:24,546 [00aa4e63-81eb-4c33-a32e-b28e61c28a6d@group-B209632AD019-LeaderElection226] INFO  impl.LeaderElection (LogUtils.java:infoOrTrace(149)) - 00aa4e63-81eb-4c33-a32e-b28e61c28a6d@group-B209632AD019-LeaderElection226 got exception when requesting votes: {}
java.util.concurrent.ExecutionException: org.apache.ratis.thirdparty.io.grpc.StatusRuntimeException: UNAVAILABLE: io exception
	at java.util.concurrent.FutureTask.report(FutureTask.java:122)
	at java.util.concurrent.FutureTask.get(FutureTask.java:192)
	at org.apache.ratis.server.impl.LeaderElection.waitForResults(LeaderElection.java:259)
	at org.apache.ratis.server.impl.LeaderElection.askForVotes(LeaderElection.java:197)
	at org.apache.ratis.server.impl.LeaderElection.run(LeaderElection.java:133)
	at java.lang.Thread.run(Thread.java:748)
Caused by: org.apache.ratis.thirdparty.io.grpc.StatusRuntimeException: UNAVAILABLE: io exception
	at org.apache.ratis.thirdparty.io.grpc.stub.ClientCalls.toStatusRuntimeException(ClientCalls.java:233)
	at org.apache.ratis.thirdparty.io.grpc.stub.ClientCalls.getUnchecked(ClientCalls.java:214)
	at org.apache.ratis.thirdparty.io.grpc.stub.ClientCalls.blockingUnaryCall(ClientCalls.java:139)
	at org.apache.ratis.proto.grpc.RaftServerProtocolServiceGrpc$RaftServerProtocolServiceBlockingStub.requestVote(RaftServerProtocolServiceGrpc.java:265)
	at org.apache.ratis.grpc.server.GrpcServerProtocolClient.requestVote(GrpcServerProtocolClient.java:99)
	at org.apache.ratis.grpc.server.GrpcService.requestVote(GrpcService.java:204)
	at org.apache.ratis.server.impl.LeaderElection.lambda$submitRequests$1(LeaderElection.java:234)
	at java.util.concurrent.FutureTask.run(FutureTask.java:266)
	at java.util.concurrent.Executors$RunnableAdapter.call(Executors.java:511)
	at java.util.concurrent.FutureTask.run(FutureTask.java:266)
	at java.util.concurrent.ThreadPoolExecutor.runWorker(ThreadPoolExecutor.java:1149)
	at java.util.concurrent.ThreadPoolExecutor$Worker.run(ThreadPoolExecutor.java:624)
	... 1 more
Caused by: org.apache.ratis.thirdparty.io.netty.channel.AbstractChannel$AnnotatedConnectException: Connection refused: /192.168.157.194:36645
	at sun.nio.ch.SocketChannelImpl.checkConnect(Native Method)
	at sun.nio.ch.SocketChannelImpl.finishConnect(SocketChannelImpl.java:717)
	at org.apache.ratis.thirdparty.io.netty.channel.socket.nio.NioSocketChannel.doFinishConnect(NioSocketChannel.java:327)
	at org.apache.ratis.thirdparty.io.netty.channel.nio.AbstractNioChannel$AbstractNioUnsafe.finishConnect(AbstractNioChannel.java:340)
	at org.apache.ratis.thirdparty.io.netty.channel.nio.NioEventLoop.processSelectedKey(NioEventLoop.java:632)
	at org.apache.ratis.thirdparty.io.netty.channel.nio.NioEventLoop.processSelectedKeysOptimized(NioEventLoop.java:579)
	at org.apache.ratis.thirdparty.io.netty.channel.nio.NioEventLoop.processSelectedKeys(NioEventLoop.java:496)
	at org.apache.ratis.thirdparty.io.netty.channel.nio.NioEventLoop.run(NioEventLoop.java:458)
	at org.apache.ratis.thirdparty.io.netty.util.concurrent.SingleThreadEventExecutor$5.run(SingleThreadEventExecutor.java:897)
	at org.apache.ratis.thirdparty.io.netty.util.concurrent.FastThreadLocalRunnable.run(FastThreadLocalRunnable.java:30)
	... 1 more
Caused by: java.net.ConnectException: Connection refused
	... 11 more
2019-11-14 17:39:24,546 [00aa4e63-81eb-4c33-a32e-b28e61c28a6d@group-B209632AD019-LeaderElection226] INFO  impl.LeaderElection (LeaderElection.java:logAndReturn(56)) - 00aa4e63-81eb-4c33-a32e-b28e61c28a6d@group-B209632AD019-LeaderElection226: Election REJECTED; received 0 response(s) [] and 2 exception(s); 00aa4e63-81eb-4c33-a32e-b28e61c28a6d@group-B209632AD019:t2, leader=null, voted=00aa4e63-81eb-4c33-a32e-b28e61c28a6d, raftlog=00aa4e63-81eb-4c33-a32e-b28e61c28a6d@group-B209632AD019-SegmentedRaftLog:OPENED:c0,f0,i0, conf=0: [00aa4e63-81eb-4c33-a32e-b28e61c28a6d:192.168.157.194:43947, da9d3605-d5bb-4af4-b35f-64e6f231f8df:192.168.157.194:36645, 9c88a047-7f73-4111-bf87-fe029dccbce6:192.168.157.194:46499], old=null
2019-11-14 17:39:24,546 [00aa4e63-81eb-4c33-a32e-b28e61c28a6d@group-B209632AD019-LeaderElection226] INFO  impl.LeaderElection (LogUtils.java:infoOrTrace(149)) -   Exception 0: {}
java.util.concurrent.ExecutionException: org.apache.ratis.thirdparty.io.grpc.StatusRuntimeException: UNAVAILABLE: io exception
	at java.util.concurrent.FutureTask.report(FutureTask.java:122)
	at java.util.concurrent.FutureTask.get(FutureTask.java:192)
	at org.apache.ratis.server.impl.LeaderElection.waitForResults(LeaderElection.java:259)
	at org.apache.ratis.server.impl.LeaderElection.askForVotes(LeaderElection.java:197)
	at org.apache.ratis.server.impl.LeaderElection.run(LeaderElection.java:133)
	at java.lang.Thread.run(Thread.java:748)
Caused by: org.apache.ratis.thirdparty.io.grpc.StatusRuntimeException: UNAVAILABLE: io exception
	at org.apache.ratis.thirdparty.io.grpc.stub.ClientCalls.toStatusRuntimeException(ClientCalls.java:233)
	at org.apache.ratis.thirdparty.io.grpc.stub.ClientCalls.getUnchecked(ClientCalls.java:214)
	at org.apache.ratis.thirdparty.io.grpc.stub.ClientCalls.blockingUnaryCall(ClientCalls.java:139)
	at org.apache.ratis.proto.grpc.RaftServerProtocolServiceGrpc$RaftServerProtocolServiceBlockingStub.requestVote(RaftServerProtocolServiceGrpc.java:265)
	at org.apache.ratis.grpc.server.GrpcServerProtocolClient.requestVote(GrpcServerProtocolClient.java:99)
	at org.apache.ratis.grpc.server.GrpcService.requestVote(GrpcService.java:204)
	at org.apache.ratis.server.impl.LeaderElection.lambda$submitRequests$1(LeaderElection.java:234)
	at java.util.concurrent.FutureTask.run(FutureTask.java:266)
	at java.util.concurrent.Executors$RunnableAdapter.call(Executors.java:511)
	at java.util.concurrent.FutureTask.run(FutureTask.java:266)
	at java.util.concurrent.ThreadPoolExecutor.runWorker(ThreadPoolExecutor.java:1149)
	at java.util.concurrent.ThreadPoolExecutor$Worker.run(ThreadPoolExecutor.java:624)
	... 1 more
Caused by: org.apache.ratis.thirdparty.io.netty.channel.AbstractChannel$AnnotatedConnectException: Connection refused: /192.168.157.194:46499
	at sun.nio.ch.SocketChannelImpl.checkConnect(Native Method)
	at sun.nio.ch.SocketChannelImpl.finishConnect(SocketChannelImpl.java:717)
	at org.apache.ratis.thirdparty.io.netty.channel.socket.nio.NioSocketChannel.doFinishConnect(NioSocketChannel.java:327)
	at org.apache.ratis.thirdparty.io.netty.channel.nio.AbstractNioChannel$AbstractNioUnsafe.finishConnect(AbstractNioChannel.java:340)
	at org.apache.ratis.thirdparty.io.netty.channel.nio.NioEventLoop.processSelectedKey(NioEventLoop.java:632)
	at org.apache.ratis.thirdparty.io.netty.channel.nio.NioEventLoop.processSelectedKeysOptimized(NioEventLoop.java:579)
	at org.apache.ratis.thirdparty.io.netty.channel.nio.NioEventLoop.processSelectedKeys(NioEventLoop.java:496)
	at org.apache.ratis.thirdparty.io.netty.channel.nio.NioEventLoop.run(NioEventLoop.java:458)
	at org.apache.ratis.thirdparty.io.netty.util.concurrent.SingleThreadEventExecutor$5.run(SingleThreadEventExecutor.java:897)
	at org.apache.ratis.thirdparty.io.netty.util.concurrent.FastThreadLocalRunnable.run(FastThreadLocalRunnable.java:30)
	... 1 more
Caused by: java.net.ConnectException: Connection refused
	... 11 more
2019-11-14 17:39:24,547 [00aa4e63-81eb-4c33-a32e-b28e61c28a6d@group-B209632AD019-LeaderElection226] INFO  impl.LeaderElection (LogUtils.java:infoOrTrace(149)) -   Exception 1: {}
java.util.concurrent.ExecutionException: org.apache.ratis.thirdparty.io.grpc.StatusRuntimeException: UNAVAILABLE: io exception
	at java.util.concurrent.FutureTask.report(FutureTask.java:122)
	at java.util.concurrent.FutureTask.get(FutureTask.java:192)
	at org.apache.ratis.server.impl.LeaderElection.waitForResults(LeaderElection.java:259)
	at org.apache.ratis.server.impl.LeaderElection.askForVotes(LeaderElection.java:197)
	at org.apache.ratis.server.impl.LeaderElection.run(LeaderElection.java:133)
	at java.lang.Thread.run(Thread.java:748)
Caused by: org.apache.ratis.thirdparty.io.grpc.StatusRuntimeException: UNAVAILABLE: io exception
	at org.apache.ratis.thirdparty.io.grpc.stub.ClientCalls.toStatusRuntimeException(ClientCalls.java:233)
	at org.apache.ratis.thirdparty.io.grpc.stub.ClientCalls.getUnchecked(ClientCalls.java:214)
	at org.apache.ratis.thirdparty.io.grpc.stub.ClientCalls.blockingUnaryCall(ClientCalls.java:139)
	at org.apache.ratis.proto.grpc.RaftServerProtocolServiceGrpc$RaftServerProtocolServiceBlockingStub.requestVote(RaftServerProtocolServiceGrpc.java:265)
	at org.apache.ratis.grpc.server.GrpcServerProtocolClient.requestVote(GrpcServerProtocolClient.java:99)
	at org.apache.ratis.grpc.server.GrpcService.requestVote(GrpcService.java:204)
	at org.apache.ratis.server.impl.LeaderElection.lambda$submitRequests$1(LeaderElection.java:234)
	at java.util.concurrent.FutureTask.run(FutureTask.java:266)
	at java.util.concurrent.Executors$RunnableAdapter.call(Executors.java:511)
	at java.util.concurrent.FutureTask.run(FutureTask.java:266)
	at java.util.concurrent.ThreadPoolExecutor.runWorker(ThreadPoolExecutor.java:1149)
	at java.util.concurrent.ThreadPoolExecutor$Worker.run(ThreadPoolExecutor.java:624)
	... 1 more
Caused by: org.apache.ratis.thirdparty.io.netty.channel.AbstractChannel$AnnotatedConnectException: Connection refused: /192.168.157.194:36645
	at sun.nio.ch.SocketChannelImpl.checkConnect(Native Method)
	at sun.nio.ch.SocketChannelImpl.finishConnect(SocketChannelImpl.java:717)
	at org.apache.ratis.thirdparty.io.netty.channel.socket.nio.NioSocketChannel.doFinishConnect(NioSocketChannel.java:327)
	at org.apache.ratis.thirdparty.io.netty.channel.nio.AbstractNioChannel$AbstractNioUnsafe.finishConnect(AbstractNioChannel.java:340)
	at org.apache.ratis.thirdparty.io.netty.channel.nio.NioEventLoop.processSelectedKey(NioEventLoop.java:632)
	at org.apache.ratis.thirdparty.io.netty.channel.nio.NioEventLoop.processSelectedKeysOptimized(NioEventLoop.java:579)
	at org.apache.ratis.thirdparty.io.netty.channel.nio.NioEventLoop.processSelectedKeys(NioEventLoop.java:496)
	at org.apache.ratis.thirdparty.io.netty.channel.nio.NioEventLoop.run(NioEventLoop.java:458)
	at org.apache.ratis.thirdparty.io.netty.util.concurrent.SingleThreadEventExecutor$5.run(SingleThreadEventExecutor.java:897)
	at org.apache.ratis.thirdparty.io.netty.util.concurrent.FastThreadLocalRunnable.run(FastThreadLocalRunnable.java:30)
	... 1 more
Caused by: java.net.ConnectException: Connection refused
	... 11 more
2019-11-14 17:39:24,547 [00aa4e63-81eb-4c33-a32e-b28e61c28a6d@group-B209632AD019-LeaderElection226] INFO  impl.RaftServerImpl (RaftServerImpl.java:setRole(173)) - 00aa4e63-81eb-4c33-a32e-b28e61c28a6d@group-B209632AD019: changes role from CANDIDATE to FOLLOWER at term 2 for DISCOVERED_A_NEW_TERM
2019-11-14 17:39:24,547 [00aa4e63-81eb-4c33-a32e-b28e61c28a6d@group-B209632AD019-LeaderElection226] INFO  impl.RoleInfo (RoleInfo.java:shutdownLeaderElection(134)) - 00aa4e63-81eb-4c33-a32e-b28e61c28a6d: shutdown LeaderElection
2019-11-14 17:39:24,547 [00aa4e63-81eb-4c33-a32e-b28e61c28a6d@group-B209632AD019-LeaderElection226] INFO  impl.RoleInfo (RoleInfo.java:updateAndGet(143)) - 00aa4e63-81eb-4c33-a32e-b28e61c28a6d: start FollowerState
2019-11-14 17:39:25,411 [Thread-3970] INFO  impl.FollowerState (FollowerState.java:run(111)) - 1e2d7e4d-6af1-461d-8b85-f444d5672a79@group-8A7698DEED1E-FollowerState: change to CANDIDATE, lastRpcTime:2116ms, electionTimeout:1105ms
2019-11-14 17:39:25,412 [Thread-3970] INFO  impl.RoleInfo (RoleInfo.java:shutdownFollowerState(121)) - 1e2d7e4d-6af1-461d-8b85-f444d5672a79: shutdown FollowerState
2019-11-14 17:39:25,412 [Thread-3970] INFO  impl.RaftServerImpl (RaftServerImpl.java:setRole(173)) - 1e2d7e4d-6af1-461d-8b85-f444d5672a79@group-8A7698DEED1E: changes role from  FOLLOWER to CANDIDATE at term 3 for changeToCandidate
2019-11-14 17:39:25,412 [Thread-3970] INFO  impl.RoleInfo (RoleInfo.java:updateAndGet(143)) - 1e2d7e4d-6af1-461d-8b85-f444d5672a79: start LeaderElection
2019-11-14 17:39:25,413 [1e2d7e4d-6af1-461d-8b85-f444d5672a79@group-8A7698DEED1E-LeaderElection227] INFO  impl.RaftServerImpl (ServerState.java:setLeader(255)) - 1e2d7e4d-6af1-461d-8b85-f444d5672a79@group-8A7698DEED1E: change Leader from 4fcb6245-7b52-48ea-a68b-fda0132084cd to null at term 3 for initElection
2019-11-14 17:39:25,436 [1e2d7e4d-6af1-461d-8b85-f444d5672a79@group-8A7698DEED1E-LeaderElection227] INFO  impl.LeaderElection (LeaderElection.java:askForVotes(178)) - 1e2d7e4d-6af1-461d-8b85-f444d5672a79@group-8A7698DEED1E-LeaderElection227: begin an election at term 4 for 0: [4fcb6245-7b52-48ea-a68b-fda0132084cd:192.168.157.194:33953, 9f70b324-be48-4d43-8f47-cd647748f9c6:192.168.157.194:39672, 1e2d7e4d-6af1-461d-8b85-f444d5672a79:192.168.157.194:43154], old=null
2019-11-14 17:39:25,437 [Thread-3969] INFO  impl.FollowerState (FollowerState.java:run(111)) - 9f70b324-be48-4d43-8f47-cd647748f9c6@group-8A7698DEED1E-FollowerState: change to CANDIDATE, lastRpcTime:2142ms, electionTimeout:1197ms
2019-11-14 17:39:25,437 [Thread-3969] INFO  impl.RoleInfo (RoleInfo.java:shutdownFollowerState(121)) - 9f70b324-be48-4d43-8f47-cd647748f9c6: shutdown FollowerState
2019-11-14 17:39:25,437 [Thread-3969] INFO  impl.RaftServerImpl (RaftServerImpl.java:setRole(173)) - 9f70b324-be48-4d43-8f47-cd647748f9c6@group-8A7698DEED1E: changes role from  FOLLOWER to CANDIDATE at term 3 for changeToCandidate
2019-11-14 17:39:25,438 [Thread-3969] INFO  impl.RoleInfo (RoleInfo.java:updateAndGet(143)) - 9f70b324-be48-4d43-8f47-cd647748f9c6: start LeaderElection
2019-11-14 17:39:25,438 [9f70b324-be48-4d43-8f47-cd647748f9c6@group-8A7698DEED1E-LeaderElection228] INFO  impl.RaftServerImpl (ServerState.java:setLeader(255)) - 9f70b324-be48-4d43-8f47-cd647748f9c6@group-8A7698DEED1E: change Leader from 4fcb6245-7b52-48ea-a68b-fda0132084cd to null at term 3 for initElection
2019-11-14 17:39:25,439 [1e2d7e4d-6af1-461d-8b85-f444d5672a79@group-8A7698DEED1E-LeaderElection227] INFO  impl.LeaderElection (LogUtils.java:infoOrTrace(149)) - 1e2d7e4d-6af1-461d-8b85-f444d5672a79@group-8A7698DEED1E-LeaderElection227 got exception when requesting votes: {}
java.util.concurrent.ExecutionException: org.apache.ratis.thirdparty.io.grpc.StatusRuntimeException: UNAVAILABLE: io exception
	at java.util.concurrent.FutureTask.report(FutureTask.java:122)
	at java.util.concurrent.FutureTask.get(FutureTask.java:192)
	at org.apache.ratis.server.impl.LeaderElection.waitForResults(LeaderElection.java:259)
	at org.apache.ratis.server.impl.LeaderElection.askForVotes(LeaderElection.java:197)
	at org.apache.ratis.server.impl.LeaderElection.run(LeaderElection.java:133)
	at java.lang.Thread.run(Thread.java:748)
Caused by: org.apache.ratis.thirdparty.io.grpc.StatusRuntimeException: UNAVAILABLE: io exception
	at org.apache.ratis.thirdparty.io.grpc.stub.ClientCalls.toStatusRuntimeException(ClientCalls.java:233)
	at org.apache.ratis.thirdparty.io.grpc.stub.ClientCalls.getUnchecked(ClientCalls.java:214)
	at org.apache.ratis.thirdparty.io.grpc.stub.ClientCalls.blockingUnaryCall(ClientCalls.java:139)
	at org.apache.ratis.proto.grpc.RaftServerProtocolServiceGrpc$RaftServerProtocolServiceBlockingStub.requestVote(RaftServerProtocolServiceGrpc.java:265)
	at org.apache.ratis.grpc.server.GrpcServerProtocolClient.requestVote(GrpcServerProtocolClient.java:99)
	at org.apache.ratis.grpc.server.GrpcService.requestVote(GrpcService.java:204)
	at org.apache.ratis.server.impl.LeaderElection.lambda$submitRequests$1(LeaderElection.java:234)
	at java.util.concurrent.FutureTask.run(FutureTask.java:266)
	at java.util.concurrent.Executors$RunnableAdapter.call(Executors.java:511)
	at java.util.concurrent.FutureTask.run(FutureTask.java:266)
	at java.util.concurrent.ThreadPoolExecutor.runWorker(ThreadPoolExecutor.java:1149)
	at java.util.concurrent.ThreadPoolExecutor$Worker.run(ThreadPoolExecutor.java:624)
	... 1 more
Caused by: org.apache.ratis.thirdparty.io.netty.channel.AbstractChannel$AnnotatedConnectException: Connection refused: /192.168.157.194:33953
	at sun.nio.ch.SocketChannelImpl.checkConnect(Native Method)
	at sun.nio.ch.SocketChannelImpl.finishConnect(SocketChannelImpl.java:717)
	at org.apache.ratis.thirdparty.io.netty.channel.socket.nio.NioSocketChannel.doFinishConnect(NioSocketChannel.java:327)
	at org.apache.ratis.thirdparty.io.netty.channel.nio.AbstractNioChannel$AbstractNioUnsafe.finishConnect(AbstractNioChannel.java:340)
	at org.apache.ratis.thirdparty.io.netty.channel.nio.NioEventLoop.processSelectedKey(NioEventLoop.java:632)
	at org.apache.ratis.thirdparty.io.netty.channel.nio.NioEventLoop.processSelectedKeysOptimized(NioEventLoop.java:579)
	at org.apache.ratis.thirdparty.io.netty.channel.nio.NioEventLoop.processSelectedKeys(NioEventLoop.java:496)
	at org.apache.ratis.thirdparty.io.netty.channel.nio.NioEventLoop.run(NioEventLoop.java:458)
	at org.apache.ratis.thirdparty.io.netty.util.concurrent.SingleThreadEventExecutor$5.run(SingleThreadEventExecutor.java:897)
	at org.apache.ratis.thirdparty.io.netty.util.concurrent.FastThreadLocalRunnable.run(FastThreadLocalRunnable.java:30)
	... 1 more
Caused by: java.net.ConnectException: Connection refused
	... 11 more
2019-11-14 17:39:25,462 [9f70b324-be48-4d43-8f47-cd647748f9c6@group-8A7698DEED1E-LeaderElection228] INFO  impl.LeaderElection (LeaderElection.java:askForVotes(178)) - 9f70b324-be48-4d43-8f47-cd647748f9c6@group-8A7698DEED1E-LeaderElection228: begin an election at term 4 for 0: [4fcb6245-7b52-48ea-a68b-fda0132084cd:192.168.157.194:33953, 9f70b324-be48-4d43-8f47-cd647748f9c6:192.168.157.194:39672, 1e2d7e4d-6af1-461d-8b85-f444d5672a79:192.168.157.194:43154], old=null
2019-11-14 17:39:25,463 [1e2d7e4d-6af1-461d-8b85-f444d5672a79@group-8A7698DEED1E-LeaderElection227] INFO  impl.LeaderElection (LeaderElection.java:logAndReturn(56)) - 1e2d7e4d-6af1-461d-8b85-f444d5672a79@group-8A7698DEED1E-LeaderElection227: Election REJECTED; received 1 response(s) [1e2d7e4d-6af1-461d-8b85-f444d5672a79<-9f70b324-be48-4d43-8f47-cd647748f9c6#0:FAIL-t4] and 1 exception(s); 1e2d7e4d-6af1-461d-8b85-f444d5672a79@group-8A7698DEED1E:t4, leader=null, voted=1e2d7e4d-6af1-461d-8b85-f444d5672a79, raftlog=1e2d7e4d-6af1-461d-8b85-f444d5672a79@group-8A7698DEED1E-SegmentedRaftLog:OPENED:c7,f7,i7, conf=0: [4fcb6245-7b52-48ea-a68b-fda0132084cd:192.168.157.194:33953, 9f70b324-be48-4d43-8f47-cd647748f9c6:192.168.157.194:39672, 1e2d7e4d-6af1-461d-8b85-f444d5672a79:192.168.157.194:43154], old=null
2019-11-14 17:39:25,463 [1e2d7e4d-6af1-461d-8b85-f444d5672a79@group-8A7698DEED1E-LeaderElection227] INFO  impl.LeaderElection (LogUtils.java:infoOrTrace(149)) -   Exception 0: {}
java.util.concurrent.ExecutionException: org.apache.ratis.thirdparty.io.grpc.StatusRuntimeException: UNAVAILABLE: io exception
	at java.util.concurrent.FutureTask.report(FutureTask.java:122)
	at java.util.concurrent.FutureTask.get(FutureTask.java:192)
	at org.apache.ratis.server.impl.LeaderElection.waitForResults(LeaderElection.java:259)
	at org.apache.ratis.server.impl.LeaderElection.askForVotes(LeaderElection.java:197)
	at org.apache.ratis.server.impl.LeaderElection.run(LeaderElection.java:133)
	at java.lang.Thread.run(Thread.java:748)
Caused by: org.apache.ratis.thirdparty.io.grpc.StatusRuntimeException: UNAVAILABLE: io exception
	at org.apache.ratis.thirdparty.io.grpc.stub.ClientCalls.toStatusRuntimeException(ClientCalls.java:233)
	at org.apache.ratis.thirdparty.io.grpc.stub.ClientCalls.getUnchecked(ClientCalls.java:214)
	at org.apache.ratis.thirdparty.io.grpc.stub.ClientCalls.blockingUnaryCall(ClientCalls.java:139)
	at org.apache.ratis.proto.grpc.RaftServerProtocolServiceGrpc$RaftServerProtocolServiceBlockingStub.requestVote(RaftServerProtocolServiceGrpc.java:265)
	at org.apache.ratis.grpc.server.GrpcServerProtocolClient.requestVote(GrpcServerProtocolClient.java:99)
	at org.apache.ratis.grpc.server.GrpcService.requestVote(GrpcService.java:204)
	at org.apache.ratis.server.impl.LeaderElection.lambda$submitRequests$1(LeaderElection.java:234)
	at java.util.concurrent.FutureTask.run(FutureTask.java:266)
	at java.util.concurrent.Executors$RunnableAdapter.call(Executors.java:511)
	at java.util.concurrent.FutureTask.run(FutureTask.java:266)
	at java.util.concurrent.ThreadPoolExecutor.runWorker(ThreadPoolExecutor.java:1149)
	at java.util.concurrent.ThreadPoolExecutor$Worker.run(ThreadPoolExecutor.java:624)
	... 1 more
Caused by: org.apache.ratis.thirdparty.io.netty.channel.AbstractChannel$AnnotatedConnectException: Connection refused: /192.168.157.194:33953
	at sun.nio.ch.SocketChannelImpl.checkConnect(Native Method)
	at sun.nio.ch.SocketChannelImpl.finishConnect(SocketChannelImpl.java:717)
	at org.apache.ratis.thirdparty.io.netty.channel.socket.nio.NioSocketChannel.doFinishConnect(NioSocketChannel.java:327)
	at org.apache.ratis.thirdparty.io.netty.channel.nio.AbstractNioChannel$AbstractNioUnsafe.finishConnect(AbstractNioChannel.java:340)
	at org.apache.ratis.thirdparty.io.netty.channel.nio.NioEventLoop.processSelectedKey(NioEventLoop.java:632)
	at org.apache.ratis.thirdparty.io.netty.channel.nio.NioEventLoop.processSelectedKeysOptimized(NioEventLoop.java:579)
	at org.apache.ratis.thirdparty.io.netty.channel.nio.NioEventLoop.processSelectedKeys(NioEventLoop.java:496)
	at org.apache.ratis.thirdparty.io.netty.channel.nio.NioEventLoop.run(NioEventLoop.java:458)
	at org.apache.ratis.thirdparty.io.netty.util.concurrent.SingleThreadEventExecutor$5.run(SingleThreadEventExecutor.java:897)
	at org.apache.ratis.thirdparty.io.netty.util.concurrent.FastThreadLocalRunnable.run(FastThreadLocalRunnable.java:30)
	... 1 more
Caused by: java.net.ConnectException: Connection refused
	... 11 more
2019-11-14 17:39:25,463 [1e2d7e4d-6af1-461d-8b85-f444d5672a79@group-8A7698DEED1E-LeaderElection227] INFO  impl.RaftServerImpl (RaftServerImpl.java:setRole(173)) - 1e2d7e4d-6af1-461d-8b85-f444d5672a79@group-8A7698DEED1E: changes role from CANDIDATE to FOLLOWER at term 4 for DISCOVERED_A_NEW_TERM
2019-11-14 17:39:25,464 [1e2d7e4d-6af1-461d-8b85-f444d5672a79@group-8A7698DEED1E-LeaderElection227] INFO  impl.RoleInfo (RoleInfo.java:shutdownLeaderElection(134)) - 1e2d7e4d-6af1-461d-8b85-f444d5672a79: shutdown LeaderElection
2019-11-14 17:39:25,464 [1e2d7e4d-6af1-461d-8b85-f444d5672a79@group-8A7698DEED1E-LeaderElection227] INFO  impl.RoleInfo (RoleInfo.java:updateAndGet(143)) - 1e2d7e4d-6af1-461d-8b85-f444d5672a79: start FollowerState
2019-11-14 17:39:25,464 [9f70b324-be48-4d43-8f47-cd647748f9c6@group-8A7698DEED1E-LeaderElection228] INFO  impl.LeaderElection (LogUtils.java:infoOrTrace(149)) - 9f70b324-be48-4d43-8f47-cd647748f9c6@group-8A7698DEED1E-LeaderElection228 got exception when requesting votes: {}
java.util.concurrent.ExecutionException: org.apache.ratis.thirdparty.io.grpc.StatusRuntimeException: UNAVAILABLE: io exception
	at java.util.concurrent.FutureTask.report(FutureTask.java:122)
	at java.util.concurrent.FutureTask.get(FutureTask.java:192)
	at org.apache.ratis.server.impl.LeaderElection.waitForResults(LeaderElection.java:259)
	at org.apache.ratis.server.impl.LeaderElection.askForVotes(LeaderElection.java:197)
	at org.apache.ratis.server.impl.LeaderElection.run(LeaderElection.java:133)
	at java.lang.Thread.run(Thread.java:748)
Caused by: org.apache.ratis.thirdparty.io.grpc.StatusRuntimeException: UNAVAILABLE: io exception
	at org.apache.ratis.thirdparty.io.grpc.stub.ClientCalls.toStatusRuntimeException(ClientCalls.java:233)
	at org.apache.ratis.thirdparty.io.grpc.stub.ClientCalls.getUnchecked(ClientCalls.java:214)
	at org.apache.ratis.thirdparty.io.grpc.stub.ClientCalls.blockingUnaryCall(ClientCalls.java:139)
	at org.apache.ratis.proto.grpc.RaftServerProtocolServiceGrpc$RaftServerProtocolServiceBlockingStub.requestVote(RaftServerProtocolServiceGrpc.java:265)
	at org.apache.ratis.grpc.server.GrpcServerProtocolClient.requestVote(GrpcServerProtocolClient.java:99)
	at org.apache.ratis.grpc.server.GrpcService.requestVote(GrpcService.java:204)
	at org.apache.ratis.server.impl.LeaderElection.lambda$submitRequests$1(LeaderElection.java:234)
	at java.util.concurrent.FutureTask.run(FutureTask.java:266)
	at java.util.concurrent.Executors$RunnableAdapter.call(Executors.java:511)
	at java.util.concurrent.FutureTask.run(FutureTask.java:266)
	at java.util.concurrent.ThreadPoolExecutor.runWorker(ThreadPoolExecutor.java:1149)
	at java.util.concurrent.ThreadPoolExecutor$Worker.run(ThreadPoolExecutor.java:624)
	... 1 more
Caused by: org.apache.ratis.thirdparty.io.netty.channel.AbstractChannel$AnnotatedConnectException: Connection refused: /192.168.157.194:33953
	at sun.nio.ch.SocketChannelImpl.checkConnect(Native Method)
	at sun.nio.ch.SocketChannelImpl.finishConnect(SocketChannelImpl.java:717)
	at org.apache.ratis.thirdparty.io.netty.channel.socket.nio.NioSocketChannel.doFinishConnect(NioSocketChannel.java:327)
	at org.apache.ratis.thirdparty.io.netty.channel.nio.AbstractNioChannel$AbstractNioUnsafe.finishConnect(AbstractNioChannel.java:340)
	at org.apache.ratis.thirdparty.io.netty.channel.nio.NioEventLoop.processSelectedKey(NioEventLoop.java:632)
	at org.apache.ratis.thirdparty.io.netty.channel.nio.NioEventLoop.processSelectedKeysOptimized(NioEventLoop.java:579)
	at org.apache.ratis.thirdparty.io.netty.channel.nio.NioEventLoop.processSelectedKeys(NioEventLoop.java:496)
	at org.apache.ratis.thirdparty.io.netty.channel.nio.NioEventLoop.run(NioEventLoop.java:458)
	at org.apache.ratis.thirdparty.io.netty.util.concurrent.SingleThreadEventExecutor$5.run(SingleThreadEventExecutor.java:897)
	at org.apache.ratis.thirdparty.io.netty.util.concurrent.FastThreadLocalRunnable.run(FastThreadLocalRunnable.java:30)
	... 1 more
Caused by: java.net.ConnectException: Connection refused
	... 11 more
2019-11-14 17:39:25,466 [9f70b324-be48-4d43-8f47-cd647748f9c6@group-8A7698DEED1E-LeaderElection228] INFO  impl.LeaderElection (LeaderElection.java:logAndReturn(56)) - 9f70b324-be48-4d43-8f47-cd647748f9c6@group-8A7698DEED1E-LeaderElection228: Election REJECTED; received 1 response(s) [9f70b324-be48-4d43-8f47-cd647748f9c6<-1e2d7e4d-6af1-461d-8b85-f444d5672a79#0:FAIL-t4] and 1 exception(s); 9f70b324-be48-4d43-8f47-cd647748f9c6@group-8A7698DEED1E:t4, leader=null, voted=9f70b324-be48-4d43-8f47-cd647748f9c6, raftlog=9f70b324-be48-4d43-8f47-cd647748f9c6@group-8A7698DEED1E-SegmentedRaftLog:OPENED:c7,f7,i7, conf=0: [4fcb6245-7b52-48ea-a68b-fda0132084cd:192.168.157.194:33953, 9f70b324-be48-4d43-8f47-cd647748f9c6:192.168.157.194:39672, 1e2d7e4d-6af1-461d-8b85-f444d5672a79:192.168.157.194:43154], old=null
2019-11-14 17:39:25,466 [9f70b324-be48-4d43-8f47-cd647748f9c6@group-8A7698DEED1E-LeaderElection228] INFO  impl.LeaderElection (LogUtils.java:infoOrTrace(149)) -   Exception 0: {}
java.util.concurrent.ExecutionException: org.apache.ratis.thirdparty.io.grpc.StatusRuntimeException: UNAVAILABLE: io exception
	at java.util.concurrent.FutureTask.report(FutureTask.java:122)
	at java.util.concurrent.FutureTask.get(FutureTask.java:192)
	at org.apache.ratis.server.impl.LeaderElection.waitForResults(LeaderElection.java:259)
	at org.apache.ratis.server.impl.LeaderElection.askForVotes(LeaderElection.java:197)
	at org.apache.ratis.server.impl.LeaderElection.run(LeaderElection.java:133)
	at java.lang.Thread.run(Thread.java:748)
Caused by: org.apache.ratis.thirdparty.io.grpc.StatusRuntimeException: UNAVAILABLE: io exception
	at org.apache.ratis.thirdparty.io.grpc.stub.ClientCalls.toStatusRuntimeException(ClientCalls.java:233)
	at org.apache.ratis.thirdparty.io.grpc.stub.ClientCalls.getUnchecked(ClientCalls.java:214)
	at org.apache.ratis.thirdparty.io.grpc.stub.ClientCalls.blockingUnaryCall(ClientCalls.java:139)
	at org.apache.ratis.proto.grpc.RaftServerProtocolServiceGrpc$RaftServerProtocolServiceBlockingStub.requestVote(RaftServerProtocolServiceGrpc.java:265)
	at org.apache.ratis.grpc.server.GrpcServerProtocolClient.requestVote(GrpcServerProtocolClient.java:99)
	at org.apache.ratis.grpc.server.GrpcService.requestVote(GrpcService.java:204)
	at org.apache.ratis.server.impl.LeaderElection.lambda$submitRequests$1(LeaderElection.java:234)
	at java.util.concurrent.FutureTask.run(FutureTask.java:266)
	at java.util.concurrent.Executors$RunnableAdapter.call(Executors.java:511)
	at java.util.concurrent.FutureTask.run(FutureTask.java:266)
	at java.util.concurrent.ThreadPoolExecutor.runWorker(ThreadPoolExecutor.java:1149)
	at java.util.concurrent.ThreadPoolExecutor$Worker.run(ThreadPoolExecutor.java:624)
	... 1 more
Caused by: org.apache.ratis.thirdparty.io.netty.channel.AbstractChannel$AnnotatedConnectException: Connection refused: /192.168.157.194:33953
	at sun.nio.ch.SocketChannelImpl.checkConnect(Native Method)
	at sun.nio.ch.SocketChannelImpl.finishConnect(SocketChannelImpl.java:717)
	at org.apache.ratis.thirdparty.io.netty.channel.socket.nio.NioSocketChannel.doFinishConnect(NioSocketChannel.java:327)
	at org.apache.ratis.thirdparty.io.netty.channel.nio.AbstractNioChannel$AbstractNioUnsafe.finishConnect(AbstractNioChannel.java:340)
	at org.apache.ratis.thirdparty.io.netty.channel.nio.NioEventLoop.processSelectedKey(NioEventLoop.java:632)
	at org.apache.ratis.thirdparty.io.netty.channel.nio.NioEventLoop.processSelectedKeysOptimized(NioEventLoop.java:579)
	at org.apache.ratis.thirdparty.io.netty.channel.nio.NioEventLoop.processSelectedKeys(NioEventLoop.java:496)
	at org.apache.ratis.thirdparty.io.netty.channel.nio.NioEventLoop.run(NioEventLoop.java:458)
	at org.apache.ratis.thirdparty.io.netty.util.concurrent.SingleThreadEventExecutor$5.run(SingleThreadEventExecutor.java:897)
	at org.apache.ratis.thirdparty.io.netty.util.concurrent.FastThreadLocalRunnable.run(FastThreadLocalRunnable.java:30)
	... 1 more
Caused by: java.net.ConnectException: Connection refused
	... 11 more
2019-11-14 17:39:25,466 [9f70b324-be48-4d43-8f47-cd647748f9c6@group-8A7698DEED1E-LeaderElection228] INFO  impl.RaftServerImpl (RaftServerImpl.java:setRole(173)) - 9f70b324-be48-4d43-8f47-cd647748f9c6@group-8A7698DEED1E: changes role from CANDIDATE to FOLLOWER at term 4 for DISCOVERED_A_NEW_TERM
2019-11-14 17:39:25,467 [9f70b324-be48-4d43-8f47-cd647748f9c6@group-8A7698DEED1E-LeaderElection228] INFO  impl.RoleInfo (RoleInfo.java:shutdownLeaderElection(134)) - 9f70b324-be48-4d43-8f47-cd647748f9c6: shutdown LeaderElection
2019-11-14 17:39:25,467 [9f70b324-be48-4d43-8f47-cd647748f9c6@group-8A7698DEED1E-LeaderElection228] INFO  impl.RoleInfo (RoleInfo.java:updateAndGet(143)) - 9f70b324-be48-4d43-8f47-cd647748f9c6: start FollowerState
2019-11-14 17:39:25,652 [Thread-4238] INFO  impl.FollowerState (FollowerState.java:run(111)) - 00aa4e63-81eb-4c33-a32e-b28e61c28a6d@group-B209632AD019-FollowerState: change to CANDIDATE, lastRpcTime:1104ms, electionTimeout:1104ms
2019-11-14 17:39:25,652 [Thread-4238] INFO  impl.RoleInfo (RoleInfo.java:shutdownFollowerState(121)) - 00aa4e63-81eb-4c33-a32e-b28e61c28a6d: shutdown FollowerState
2019-11-14 17:39:25,652 [Thread-4238] INFO  impl.RaftServerImpl (RaftServerImpl.java:setRole(173)) - 00aa4e63-81eb-4c33-a32e-b28e61c28a6d@group-B209632AD019: changes role from  FOLLOWER to CANDIDATE at term 2 for changeToCandidate
2019-11-14 17:39:25,652 [Thread-4238] INFO  impl.RoleInfo (RoleInfo.java:updateAndGet(143)) - 00aa4e63-81eb-4c33-a32e-b28e61c28a6d: start LeaderElection
2019-11-14 17:39:25,676 [00aa4e63-81eb-4c33-a32e-b28e61c28a6d@group-B209632AD019-LeaderElection229] INFO  impl.LeaderElection (LeaderElection.java:askForVotes(178)) - 00aa4e63-81eb-4c33-a32e-b28e61c28a6d@group-B209632AD019-LeaderElection229: begin an election at term 3 for 0: [00aa4e63-81eb-4c33-a32e-b28e61c28a6d:192.168.157.194:43947, da9d3605-d5bb-4af4-b35f-64e6f231f8df:192.168.157.194:36645, 9c88a047-7f73-4111-bf87-fe029dccbce6:192.168.157.194:46499], old=null
2019-11-14 17:39:25,677 [00aa4e63-81eb-4c33-a32e-b28e61c28a6d@group-B209632AD019-LeaderElection229] INFO  impl.LeaderElection (LogUtils.java:infoOrTrace(149)) - 00aa4e63-81eb-4c33-a32e-b28e61c28a6d@group-B209632AD019-LeaderElection229 got exception when requesting votes: {}
java.util.concurrent.ExecutionException: org.apache.ratis.thirdparty.io.grpc.StatusRuntimeException: UNAVAILABLE: io exception
	at java.util.concurrent.FutureTask.report(FutureTask.java:122)
	at java.util.concurrent.FutureTask.get(FutureTask.java:192)
	at org.apache.ratis.server.impl.LeaderElection.waitForResults(LeaderElection.java:259)
	at org.apache.ratis.server.impl.LeaderElection.askForVotes(LeaderElection.java:197)
	at org.apache.ratis.server.impl.LeaderElection.run(LeaderElection.java:133)
	at java.lang.Thread.run(Thread.java:748)
Caused by: org.apache.ratis.thirdparty.io.grpc.StatusRuntimeException: UNAVAILABLE: io exception
	at org.apache.ratis.thirdparty.io.grpc.stub.ClientCalls.toStatusRuntimeException(ClientCalls.java:233)
	at org.apache.ratis.thirdparty.io.grpc.stub.ClientCalls.getUnchecked(ClientCalls.java:214)
	at org.apache.ratis.thirdparty.io.grpc.stub.ClientCalls.blockingUnaryCall(ClientCalls.java:139)
	at org.apache.ratis.proto.grpc.RaftServerProtocolServiceGrpc$RaftServerProtocolServiceBlockingStub.requestVote(RaftServerProtocolServiceGrpc.java:265)
	at org.apache.ratis.grpc.server.GrpcServerProtocolClient.requestVote(GrpcServerProtocolClient.java:99)
	at org.apache.ratis.grpc.server.GrpcService.requestVote(GrpcService.java:204)
	at org.apache.ratis.server.impl.LeaderElection.lambda$submitRequests$1(LeaderElection.java:234)
	at java.util.concurrent.FutureTask.run(FutureTask.java:266)
	at java.util.concurrent.Executors$RunnableAdapter.call(Executors.java:511)
	at java.util.concurrent.FutureTask.run(FutureTask.java:266)
	at java.util.concurrent.ThreadPoolExecutor.runWorker(ThreadPoolExecutor.java:1149)
	at java.util.concurrent.ThreadPoolExecutor$Worker.run(ThreadPoolExecutor.java:624)
	... 1 more
Caused by: org.apache.ratis.thirdparty.io.netty.channel.AbstractChannel$AnnotatedConnectException: Connection refused: /192.168.157.194:36645
	at sun.nio.ch.SocketChannelImpl.checkConnect(Native Method)
	at sun.nio.ch.SocketChannelImpl.finishConnect(SocketChannelImpl.java:717)
	at org.apache.ratis.thirdparty.io.netty.channel.socket.nio.NioSocketChannel.doFinishConnect(NioSocketChannel.java:327)
	at org.apache.ratis.thirdparty.io.netty.channel.nio.AbstractNioChannel$AbstractNioUnsafe.finishConnect(AbstractNioChannel.java:340)
	at org.apache.ratis.thirdparty.io.netty.channel.nio.NioEventLoop.processSelectedKey(NioEventLoop.java:632)
	at org.apache.ratis.thirdparty.io.netty.channel.nio.NioEventLoop.processSelectedKeysOptimized(NioEventLoop.java:579)
	at org.apache.ratis.thirdparty.io.netty.channel.nio.NioEventLoop.processSelectedKeys(NioEventLoop.java:496)
	at org.apache.ratis.thirdparty.io.netty.channel.nio.NioEventLoop.run(NioEventLoop.java:458)
	at org.apache.ratis.thirdparty.io.netty.util.concurrent.SingleThreadEventExecutor$5.run(SingleThreadEventExecutor.java:897)
	at org.apache.ratis.thirdparty.io.netty.util.concurrent.FastThreadLocalRunnable.run(FastThreadLocalRunnable.java:30)
	... 1 more
Caused by: java.net.ConnectException: Connection refused
	... 11 more
2019-11-14 17:39:25,677 [00aa4e63-81eb-4c33-a32e-b28e61c28a6d@group-B209632AD019-LeaderElection229] INFO  impl.LeaderElection (LogUtils.java:infoOrTrace(149)) - 00aa4e63-81eb-4c33-a32e-b28e61c28a6d@group-B209632AD019-LeaderElection229 got exception when requesting votes: {}
java.util.concurrent.ExecutionException: org.apache.ratis.thirdparty.io.grpc.StatusRuntimeException: UNAVAILABLE: io exception
	at java.util.concurrent.FutureTask.report(FutureTask.java:122)
	at java.util.concurrent.FutureTask.get(FutureTask.java:192)
	at org.apache.ratis.server.impl.LeaderElection.waitForResults(LeaderElection.java:259)
	at org.apache.ratis.server.impl.LeaderElection.askForVotes(LeaderElection.java:197)
	at org.apache.ratis.server.impl.LeaderElection.run(LeaderElection.java:133)
	at java.lang.Thread.run(Thread.java:748)
Caused by: org.apache.ratis.thirdparty.io.grpc.StatusRuntimeException: UNAVAILABLE: io exception
	at org.apache.ratis.thirdparty.io.grpc.stub.ClientCalls.toStatusRuntimeException(ClientCalls.java:233)
	at org.apache.ratis.thirdparty.io.grpc.stub.ClientCalls.getUnchecked(ClientCalls.java:214)
	at org.apache.ratis.thirdparty.io.grpc.stub.ClientCalls.blockingUnaryCall(ClientCalls.java:139)
	at org.apache.ratis.proto.grpc.RaftServerProtocolServiceGrpc$RaftServerProtocolServiceBlockingStub.requestVote(RaftServerProtocolServiceGrpc.java:265)
	at org.apache.ratis.grpc.server.GrpcServerProtocolClient.requestVote(GrpcServerProtocolClient.java:99)
	at org.apache.ratis.grpc.server.GrpcService.requestVote(GrpcService.java:204)
	at org.apache.ratis.server.impl.LeaderElection.lambda$submitRequests$1(LeaderElection.java:234)
	at java.util.concurrent.FutureTask.run(FutureTask.java:266)
	at java.util.concurrent.Executors$RunnableAdapter.call(Executors.java:511)
	at java.util.concurrent.FutureTask.run(FutureTask.java:266)
	at java.util.concurrent.ThreadPoolExecutor.runWorker(ThreadPoolExecutor.java:1149)
	at java.util.concurrent.ThreadPoolExecutor$Worker.run(ThreadPoolExecutor.java:624)
	... 1 more
Caused by: org.apache.ratis.thirdparty.io.netty.channel.AbstractChannel$AnnotatedConnectException: Connection refused: /192.168.157.194:46499
	at sun.nio.ch.SocketChannelImpl.checkConnect(Native Method)
	at sun.nio.ch.SocketChannelImpl.finishConnect(SocketChannelImpl.java:717)
	at org.apache.ratis.thirdparty.io.netty.channel.socket.nio.NioSocketChannel.doFinishConnect(NioSocketChannel.java:327)
	at org.apache.ratis.thirdparty.io.netty.channel.nio.AbstractNioChannel$AbstractNioUnsafe.finishConnect(AbstractNioChannel.java:340)
	at org.apache.ratis.thirdparty.io.netty.channel.nio.NioEventLoop.processSelectedKey(NioEventLoop.java:632)
	at org.apache.ratis.thirdparty.io.netty.channel.nio.NioEventLoop.processSelectedKeysOptimized(NioEventLoop.java:579)
	at org.apache.ratis.thirdparty.io.netty.channel.nio.NioEventLoop.processSelectedKeys(NioEventLoop.java:496)
	at org.apache.ratis.thirdparty.io.netty.channel.nio.NioEventLoop.run(NioEventLoop.java:458)
	at org.apache.ratis.thirdparty.io.netty.util.concurrent.SingleThreadEventExecutor$5.run(SingleThreadEventExecutor.java:897)
	at org.apache.ratis.thirdparty.io.netty.util.concurrent.FastThreadLocalRunnable.run(FastThreadLocalRunnable.java:30)
	... 1 more
Caused by: java.net.ConnectException: Connection refused
	... 11 more
2019-11-14 17:39:25,678 [00aa4e63-81eb-4c33-a32e-b28e61c28a6d@group-B209632AD019-LeaderElection229] INFO  impl.LeaderElection (LeaderElection.java:logAndReturn(56)) - 00aa4e63-81eb-4c33-a32e-b28e61c28a6d@group-B209632AD019-LeaderElection229: Election REJECTED; received 0 response(s) [] and 2 exception(s); 00aa4e63-81eb-4c33-a32e-b28e61c28a6d@group-B209632AD019:t3, leader=null, voted=00aa4e63-81eb-4c33-a32e-b28e61c28a6d, raftlog=00aa4e63-81eb-4c33-a32e-b28e61c28a6d@group-B209632AD019-SegmentedRaftLog:OPENED:c0,f0,i0, conf=0: [00aa4e63-81eb-4c33-a32e-b28e61c28a6d:192.168.157.194:43947, da9d3605-d5bb-4af4-b35f-64e6f231f8df:192.168.157.194:36645, 9c88a047-7f73-4111-bf87-fe029dccbce6:192.168.157.194:46499], old=null
2019-11-14 17:39:25,678 [00aa4e63-81eb-4c33-a32e-b28e61c28a6d@group-B209632AD019-LeaderElection229] INFO  impl.LeaderElection (LogUtils.java:infoOrTrace(149)) -   Exception 0: {}
java.util.concurrent.ExecutionException: org.apache.ratis.thirdparty.io.grpc.StatusRuntimeException: UNAVAILABLE: io exception
	at java.util.concurrent.FutureTask.report(FutureTask.java:122)
	at java.util.concurrent.FutureTask.get(FutureTask.java:192)
	at org.apache.ratis.server.impl.LeaderElection.waitForResults(LeaderElection.java:259)
	at org.apache.ratis.server.impl.LeaderElection.askForVotes(LeaderElection.java:197)
	at org.apache.ratis.server.impl.LeaderElection.run(LeaderElection.java:133)
	at java.lang.Thread.run(Thread.java:748)
Caused by: org.apache.ratis.thirdparty.io.grpc.StatusRuntimeException: UNAVAILABLE: io exception
	at org.apache.ratis.thirdparty.io.grpc.stub.ClientCalls.toStatusRuntimeException(ClientCalls.java:233)
	at org.apache.ratis.thirdparty.io.grpc.stub.ClientCalls.getUnchecked(ClientCalls.java:214)
	at org.apache.ratis.thirdparty.io.grpc.stub.ClientCalls.blockingUnaryCall(ClientCalls.java:139)
	at org.apache.ratis.proto.grpc.RaftServerProtocolServiceGrpc$RaftServerProtocolServiceBlockingStub.requestVote(RaftServerProtocolServiceGrpc.java:265)
	at org.apache.ratis.grpc.server.GrpcServerProtocolClient.requestVote(GrpcServerProtocolClient.java:99)
	at org.apache.ratis.grpc.server.GrpcService.requestVote(GrpcService.java:204)
	at org.apache.ratis.server.impl.LeaderElection.lambda$submitRequests$1(LeaderElection.java:234)
	at java.util.concurrent.FutureTask.run(FutureTask.java:266)
	at java.util.concurrent.Executors$RunnableAdapter.call(Executors.java:511)
	at java.util.concurrent.FutureTask.run(FutureTask.java:266)
	at java.util.concurrent.ThreadPoolExecutor.runWorker(ThreadPoolExecutor.java:1149)
	at java.util.concurrent.ThreadPoolExecutor$Worker.run(ThreadPoolExecutor.java:624)
	... 1 more
Caused by: org.apache.ratis.thirdparty.io.netty.channel.AbstractChannel$AnnotatedConnectException: Connection refused: /192.168.157.194:36645
	at sun.nio.ch.SocketChannelImpl.checkConnect(Native Method)
	at sun.nio.ch.SocketChannelImpl.finishConnect(SocketChannelImpl.java:717)
	at org.apache.ratis.thirdparty.io.netty.channel.socket.nio.NioSocketChannel.doFinishConnect(NioSocketChannel.java:327)
	at org.apache.ratis.thirdparty.io.netty.channel.nio.AbstractNioChannel$AbstractNioUnsafe.finishConnect(AbstractNioChannel.java:340)
	at org.apache.ratis.thirdparty.io.netty.channel.nio.NioEventLoop.processSelectedKey(NioEventLoop.java:632)
	at org.apache.ratis.thirdparty.io.netty.channel.nio.NioEventLoop.processSelectedKeysOptimized(NioEventLoop.java:579)
	at org.apache.ratis.thirdparty.io.netty.channel.nio.NioEventLoop.processSelectedKeys(NioEventLoop.java:496)
	at org.apache.ratis.thirdparty.io.netty.channel.nio.NioEventLoop.run(NioEventLoop.java:458)
	at org.apache.ratis.thirdparty.io.netty.util.concurrent.SingleThreadEventExecutor$5.run(SingleThreadEventExecutor.java:897)
	at org.apache.ratis.thirdparty.io.netty.util.concurrent.FastThreadLocalRunnable.run(FastThreadLocalRunnable.java:30)
	... 1 more
Caused by: java.net.ConnectException: Connection refused
	... 11 more
2019-11-14 17:39:25,678 [00aa4e63-81eb-4c33-a32e-b28e61c28a6d@group-B209632AD019-LeaderElection229] INFO  impl.LeaderElection (LogUtils.java:infoOrTrace(149)) -   Exception 1: {}
java.util.concurrent.ExecutionException: org.apache.ratis.thirdparty.io.grpc.StatusRuntimeException: UNAVAILABLE: io exception
	at java.util.concurrent.FutureTask.report(FutureTask.java:122)
	at java.util.concurrent.FutureTask.get(FutureTask.java:192)
	at org.apache.ratis.server.impl.LeaderElection.waitForResults(LeaderElection.java:259)
	at org.apache.ratis.server.impl.LeaderElection.askForVotes(LeaderElection.java:197)
	at org.apache.ratis.server.impl.LeaderElection.run(LeaderElection.java:133)
	at java.lang.Thread.run(Thread.java:748)
Caused by: org.apache.ratis.thirdparty.io.grpc.StatusRuntimeException: UNAVAILABLE: io exception
	at org.apache.ratis.thirdparty.io.grpc.stub.ClientCalls.toStatusRuntimeException(ClientCalls.java:233)
	at org.apache.ratis.thirdparty.io.grpc.stub.ClientCalls.getUnchecked(ClientCalls.java:214)
	at org.apache.ratis.thirdparty.io.grpc.stub.ClientCalls.blockingUnaryCall(ClientCalls.java:139)
	at org.apache.ratis.proto.grpc.RaftServerProtocolServiceGrpc$RaftServerProtocolServiceBlockingStub.requestVote(RaftServerProtocolServiceGrpc.java:265)
	at org.apache.ratis.grpc.server.GrpcServerProtocolClient.requestVote(GrpcServerProtocolClient.java:99)
	at org.apache.ratis.grpc.server.GrpcService.requestVote(GrpcService.java:204)
	at org.apache.ratis.server.impl.LeaderElection.lambda$submitRequests$1(LeaderElection.java:234)
	at java.util.concurrent.FutureTask.run(FutureTask.java:266)
	at java.util.concurrent.Executors$RunnableAdapter.call(Executors.java:511)
	at java.util.concurrent.FutureTask.run(FutureTask.java:266)
	at java.util.concurrent.ThreadPoolExecutor.runWorker(ThreadPoolExecutor.java:1149)
	at java.util.concurrent.ThreadPoolExecutor$Worker.run(ThreadPoolExecutor.java:624)
	... 1 more
Caused by: org.apache.ratis.thirdparty.io.netty.channel.AbstractChannel$AnnotatedConnectException: Connection refused: /192.168.157.194:46499
	at sun.nio.ch.SocketChannelImpl.checkConnect(Native Method)
	at sun.nio.ch.SocketChannelImpl.finishConnect(SocketChannelImpl.java:717)
	at org.apache.ratis.thirdparty.io.netty.channel.socket.nio.NioSocketChannel.doFinishConnect(NioSocketChannel.java:327)
	at org.apache.ratis.thirdparty.io.netty.channel.nio.AbstractNioChannel$AbstractNioUnsafe.finishConnect(AbstractNioChannel.java:340)
	at org.apache.ratis.thirdparty.io.netty.channel.nio.NioEventLoop.processSelectedKey(NioEventLoop.java:632)
	at org.apache.ratis.thirdparty.io.netty.channel.nio.NioEventLoop.processSelectedKeysOptimized(NioEventLoop.java:579)
	at org.apache.ratis.thirdparty.io.netty.channel.nio.NioEventLoop.processSelectedKeys(NioEventLoop.java:496)
	at org.apache.ratis.thirdparty.io.netty.channel.nio.NioEventLoop.run(NioEventLoop.java:458)
	at org.apache.ratis.thirdparty.io.netty.util.concurrent.SingleThreadEventExecutor$5.run(SingleThreadEventExecutor.java:897)
	at org.apache.ratis.thirdparty.io.netty.util.concurrent.FastThreadLocalRunnable.run(FastThreadLocalRunnable.java:30)
	... 1 more
Caused by: java.net.ConnectException: Connection refused
	... 11 more
2019-11-14 17:39:25,678 [00aa4e63-81eb-4c33-a32e-b28e61c28a6d@group-B209632AD019-LeaderElection229] INFO  impl.RaftServerImpl (RaftServerImpl.java:setRole(173)) - 00aa4e63-81eb-4c33-a32e-b28e61c28a6d@group-B209632AD019: changes role from CANDIDATE to FOLLOWER at term 3 for DISCOVERED_A_NEW_TERM
2019-11-14 17:39:25,678 [00aa4e63-81eb-4c33-a32e-b28e61c28a6d@group-B209632AD019-LeaderElection229] INFO  impl.RoleInfo (RoleInfo.java:shutdownLeaderElection(134)) - 00aa4e63-81eb-4c33-a32e-b28e61c28a6d: shutdown LeaderElection
2019-11-14 17:39:25,679 [00aa4e63-81eb-4c33-a32e-b28e61c28a6d@group-B209632AD019-LeaderElection229] INFO  impl.RoleInfo (RoleInfo.java:updateAndGet(143)) - 00aa4e63-81eb-4c33-a32e-b28e61c28a6d: start FollowerState
2019-11-14 17:39:26,491 [Thread-4250] INFO  impl.FollowerState (FollowerState.java:run(111)) - 9f70b324-be48-4d43-8f47-cd647748f9c6@group-8A7698DEED1E-FollowerState: change to CANDIDATE, lastRpcTime:1024ms, electionTimeout:1024ms
2019-11-14 17:39:26,492 [Thread-4250] INFO  impl.RoleInfo (RoleInfo.java:shutdownFollowerState(121)) - 9f70b324-be48-4d43-8f47-cd647748f9c6: shutdown FollowerState
2019-11-14 17:39:26,492 [Thread-4250] INFO  impl.RaftServerImpl (RaftServerImpl.java:setRole(173)) - 9f70b324-be48-4d43-8f47-cd647748f9c6@group-8A7698DEED1E: changes role from  FOLLOWER to CANDIDATE at term 4 for changeToCandidate
2019-11-14 17:39:26,492 [Thread-4250] INFO  impl.RoleInfo (RoleInfo.java:updateAndGet(143)) - 9f70b324-be48-4d43-8f47-cd647748f9c6: start LeaderElection
2019-11-14 17:39:26,517 [9f70b324-be48-4d43-8f47-cd647748f9c6@group-8A7698DEED1E-LeaderElection230] INFO  impl.LeaderElection (LeaderElection.java:askForVotes(178)) - 9f70b324-be48-4d43-8f47-cd647748f9c6@group-8A7698DEED1E-LeaderElection230: begin an election at term 5 for 0: [4fcb6245-7b52-48ea-a68b-fda0132084cd:192.168.157.194:33953, 9f70b324-be48-4d43-8f47-cd647748f9c6:192.168.157.194:39672, 1e2d7e4d-6af1-461d-8b85-f444d5672a79:192.168.157.194:43154], old=null
2019-11-14 17:39:26,519 [9f70b324-be48-4d43-8f47-cd647748f9c6@group-8A7698DEED1E-LeaderElection230] INFO  impl.LeaderElection (LogUtils.java:infoOrTrace(149)) - 9f70b324-be48-4d43-8f47-cd647748f9c6@group-8A7698DEED1E-LeaderElection230 got exception when requesting votes: {}
java.util.concurrent.ExecutionException: org.apache.ratis.thirdparty.io.grpc.StatusRuntimeException: UNAVAILABLE: io exception
	at java.util.concurrent.FutureTask.report(FutureTask.java:122)
	at java.util.concurrent.FutureTask.get(FutureTask.java:192)
	at org.apache.ratis.server.impl.LeaderElection.waitForResults(LeaderElection.java:259)
	at org.apache.ratis.server.impl.LeaderElection.askForVotes(LeaderElection.java:197)
	at org.apache.ratis.server.impl.LeaderElection.run(LeaderElection.java:133)
	at java.lang.Thread.run(Thread.java:748)
Caused by: org.apache.ratis.thirdparty.io.grpc.StatusRuntimeException: UNAVAILABLE: io exception
	at org.apache.ratis.thirdparty.io.grpc.stub.ClientCalls.toStatusRuntimeException(ClientCalls.java:233)
	at org.apache.ratis.thirdparty.io.grpc.stub.ClientCalls.getUnchecked(ClientCalls.java:214)
	at org.apache.ratis.thirdparty.io.grpc.stub.ClientCalls.blockingUnaryCall(ClientCalls.java:139)
	at org.apache.ratis.proto.grpc.RaftServerProtocolServiceGrpc$RaftServerProtocolServiceBlockingStub.requestVote(RaftServerProtocolServiceGrpc.java:265)
	at org.apache.ratis.grpc.server.GrpcServerProtocolClient.requestVote(GrpcServerProtocolClient.java:99)
	at org.apache.ratis.grpc.server.GrpcService.requestVote(GrpcService.java:204)
	at org.apache.ratis.server.impl.LeaderElection.lambda$submitRequests$1(LeaderElection.java:234)
	at java.util.concurrent.FutureTask.run(FutureTask.java:266)
	at java.util.concurrent.Executors$RunnableAdapter.call(Executors.java:511)
	at java.util.concurrent.FutureTask.run(FutureTask.java:266)
	at java.util.concurrent.ThreadPoolExecutor.runWorker(ThreadPoolExecutor.java:1149)
	at java.util.concurrent.ThreadPoolExecutor$Worker.run(ThreadPoolExecutor.java:624)
	... 1 more
Caused by: org.apache.ratis.thirdparty.io.netty.channel.AbstractChannel$AnnotatedConnectException: Connection refused: /192.168.157.194:33953
	at sun.nio.ch.SocketChannelImpl.checkConnect(Native Method)
	at sun.nio.ch.SocketChannelImpl.finishConnect(SocketChannelImpl.java:717)
	at org.apache.ratis.thirdparty.io.netty.channel.socket.nio.NioSocketChannel.doFinishConnect(NioSocketChannel.java:327)
	at org.apache.ratis.thirdparty.io.netty.channel.nio.AbstractNioChannel$AbstractNioUnsafe.finishConnect(AbstractNioChannel.java:340)
	at org.apache.ratis.thirdparty.io.netty.channel.nio.NioEventLoop.processSelectedKey(NioEventLoop.java:632)
	at org.apache.ratis.thirdparty.io.netty.channel.nio.NioEventLoop.processSelectedKeysOptimized(NioEventLoop.java:579)
	at org.apache.ratis.thirdparty.io.netty.channel.nio.NioEventLoop.processSelectedKeys(NioEventLoop.java:496)
	at org.apache.ratis.thirdparty.io.netty.channel.nio.NioEventLoop.run(NioEventLoop.java:458)
	at org.apache.ratis.thirdparty.io.netty.util.concurrent.SingleThreadEventExecutor$5.run(SingleThreadEventExecutor.java:897)
	at org.apache.ratis.thirdparty.io.netty.util.concurrent.FastThreadLocalRunnable.run(FastThreadLocalRunnable.java:30)
	... 1 more
Caused by: java.net.ConnectException: Connection refused
	... 11 more
2019-11-14 17:39:26,522 [grpc-default-executor-3] INFO  impl.RaftServerImpl (RaftServerImpl.java:setRole(173)) - 1e2d7e4d-6af1-461d-8b85-f444d5672a79@group-8A7698DEED1E: changes role from  FOLLOWER to FOLLOWER at term 5 for recognizeCandidate:9f70b324-be48-4d43-8f47-cd647748f9c6
2019-11-14 17:39:26,522 [grpc-default-executor-3] INFO  impl.RoleInfo (RoleInfo.java:shutdownFollowerState(121)) - 1e2d7e4d-6af1-461d-8b85-f444d5672a79: shutdown FollowerState
2019-11-14 17:39:26,522 [grpc-default-executor-3] INFO  impl.RoleInfo (RoleInfo.java:updateAndGet(143)) - 1e2d7e4d-6af1-461d-8b85-f444d5672a79: start FollowerState
2019-11-14 17:39:26,522 [Thread-4249] INFO  impl.FollowerState (FollowerState.java:run(120)) - 1e2d7e4d-6af1-461d-8b85-f444d5672a79@group-8A7698DEED1E-FollowerState was interrupted: java.lang.InterruptedException: sleep interrupted
2019-11-14 17:39:26,539 [9f70b324-be48-4d43-8f47-cd647748f9c6@group-8A7698DEED1E-LeaderElection230] INFO  impl.LeaderElection (LeaderElection.java:logAndReturn(56)) - 9f70b324-be48-4d43-8f47-cd647748f9c6@group-8A7698DEED1E-LeaderElection230: Election PASSED; received 1 response(s) [9f70b324-be48-4d43-8f47-cd647748f9c6<-1e2d7e4d-6af1-461d-8b85-f444d5672a79#0:OK-t5] and 1 exception(s); 9f70b324-be48-4d43-8f47-cd647748f9c6@group-8A7698DEED1E:t5, leader=null, voted=9f70b324-be48-4d43-8f47-cd647748f9c6, raftlog=9f70b324-be48-4d43-8f47-cd647748f9c6@group-8A7698DEED1E-SegmentedRaftLog:OPENED:c7,f7,i7, conf=0: [4fcb6245-7b52-48ea-a68b-fda0132084cd:192.168.157.194:33953, 9f70b324-be48-4d43-8f47-cd647748f9c6:192.168.157.194:39672, 1e2d7e4d-6af1-461d-8b85-f444d5672a79:192.168.157.194:43154], old=null
2019-11-14 17:39:26,539 [9f70b324-be48-4d43-8f47-cd647748f9c6@group-8A7698DEED1E-LeaderElection230] INFO  impl.LeaderElection (LogUtils.java:infoOrTrace(149)) -   Exception 0: {}
java.util.concurrent.ExecutionException: org.apache.ratis.thirdparty.io.grpc.StatusRuntimeException: UNAVAILABLE: io exception
	at java.util.concurrent.FutureTask.report(FutureTask.java:122)
	at java.util.concurrent.FutureTask.get(FutureTask.java:192)
	at org.apache.ratis.server.impl.LeaderElection.waitForResults(LeaderElection.java:259)
	at org.apache.ratis.server.impl.LeaderElection.askForVotes(LeaderElection.java:197)
	at org.apache.ratis.server.impl.LeaderElection.run(LeaderElection.java:133)
	at java.lang.Thread.run(Thread.java:748)
Caused by: org.apache.ratis.thirdparty.io.grpc.StatusRuntimeException: UNAVAILABLE: io exception
	at org.apache.ratis.thirdparty.io.grpc.stub.ClientCalls.toStatusRuntimeException(ClientCalls.java:233)
	at org.apache.ratis.thirdparty.io.grpc.stub.ClientCalls.getUnchecked(ClientCalls.java:214)
	at org.apache.ratis.thirdparty.io.grpc.stub.ClientCalls.blockingUnaryCall(ClientCalls.java:139)
	at org.apache.ratis.proto.grpc.RaftServerProtocolServiceGrpc$RaftServerProtocolServiceBlockingStub.requestVote(RaftServerProtocolServiceGrpc.java:265)
	at org.apache.ratis.grpc.server.GrpcServerProtocolClient.requestVote(GrpcServerProtocolClient.java:99)
	at org.apache.ratis.grpc.server.GrpcService.requestVote(GrpcService.java:204)
	at org.apache.ratis.server.impl.LeaderElection.lambda$submitRequests$1(LeaderElection.java:234)
	at java.util.concurrent.FutureTask.run(FutureTask.java:266)
	at java.util.concurrent.Executors$RunnableAdapter.call(Executors.java:511)
	at java.util.concurrent.FutureTask.run(FutureTask.java:266)
	at java.util.concurrent.ThreadPoolExecutor.runWorker(ThreadPoolExecutor.java:1149)
	at java.util.concurrent.ThreadPoolExecutor$Worker.run(ThreadPoolExecutor.java:624)
	... 1 more
Caused by: org.apache.ratis.thirdparty.io.netty.channel.AbstractChannel$AnnotatedConnectException: Connection refused: /192.168.157.194:33953
	at sun.nio.ch.SocketChannelImpl.checkConnect(Native Method)
	at sun.nio.ch.SocketChannelImpl.finishConnect(SocketChannelImpl.java:717)
	at org.apache.ratis.thirdparty.io.netty.channel.socket.nio.NioSocketChannel.doFinishConnect(NioSocketChannel.java:327)
	at org.apache.ratis.thirdparty.io.netty.channel.nio.AbstractNioChannel$AbstractNioUnsafe.finishConnect(AbstractNioChannel.java:340)
	at org.apache.ratis.thirdparty.io.netty.channel.nio.NioEventLoop.processSelectedKey(NioEventLoop.java:632)
	at org.apache.ratis.thirdparty.io.netty.channel.nio.NioEventLoop.processSelectedKeysOptimized(NioEventLoop.java:579)
	at org.apache.ratis.thirdparty.io.netty.channel.nio.NioEventLoop.processSelectedKeys(NioEventLoop.java:496)
	at org.apache.ratis.thirdparty.io.netty.channel.nio.NioEventLoop.run(NioEventLoop.java:458)
	at org.apache.ratis.thirdparty.io.netty.util.concurrent.SingleThreadEventExecutor$5.run(SingleThreadEventExecutor.java:897)
	at org.apache.ratis.thirdparty.io.netty.util.concurrent.FastThreadLocalRunnable.run(FastThreadLocalRunnable.java:30)
	... 1 more
Caused by: java.net.ConnectException: Connection refused
	... 11 more
2019-11-14 17:39:26,540 [9f70b324-be48-4d43-8f47-cd647748f9c6@group-8A7698DEED1E-LeaderElection230] INFO  impl.RoleInfo (RoleInfo.java:shutdownLeaderElection(134)) - 9f70b324-be48-4d43-8f47-cd647748f9c6: shutdown LeaderElection
2019-11-14 17:39:26,540 [9f70b324-be48-4d43-8f47-cd647748f9c6@group-8A7698DEED1E-LeaderElection230] INFO  impl.RaftServerImpl (RaftServerImpl.java:setRole(173)) - 9f70b324-be48-4d43-8f47-cd647748f9c6@group-8A7698DEED1E: changes role from CANDIDATE to LEADER at term 5 for changeToLeader
2019-11-14 17:39:26,540 [9f70b324-be48-4d43-8f47-cd647748f9c6@group-8A7698DEED1E-LeaderElection230] INFO  ratis.XceiverServerRatis (XceiverServerRatis.java:handleLeaderChangedNotification(697)) - Leader change notification received for group: group-8A7698DEED1E with new leaderId: 9f70b324-be48-4d43-8f47-cd647748f9c6
2019-11-14 17:39:26,541 [9f70b324-be48-4d43-8f47-cd647748f9c6@group-8A7698DEED1E-LeaderElection230] INFO  impl.RaftServerImpl (ServerState.java:setLeader(255)) - 9f70b324-be48-4d43-8f47-cd647748f9c6@group-8A7698DEED1E: change Leader from null to 9f70b324-be48-4d43-8f47-cd647748f9c6 at term 5 for becomeLeader, leader elected after 1102ms
2019-11-14 17:39:26,541 [9f70b324-be48-4d43-8f47-cd647748f9c6@group-8A7698DEED1E-LeaderElection230] INFO  server.RaftServerConfigKeys (ConfUtils.java:logGet(43)) - raft.server.staging.catchup.gap = 1000 (default)
2019-11-14 17:39:26,541 [9f70b324-be48-4d43-8f47-cd647748f9c6@group-8A7698DEED1E-LeaderElection230] INFO  server.RaftServerConfigKeys (ConfUtils.java:logGet(43)) - raft.server.rpc.sleep.time = 25ms (default)
2019-11-14 17:39:26,542 [9f70b324-be48-4d43-8f47-cd647748f9c6@group-8A7698DEED1E-LeaderElection230] INFO  server.RaftServerConfigKeys (ConfUtils.java:logGet(43)) - raft.server.write.element-limit = 4096 (default)
2019-11-14 17:39:26,542 [9f70b324-be48-4d43-8f47-cd647748f9c6@group-8A7698DEED1E-LeaderElection230] INFO  server.RaftServerConfigKeys (ConfUtils.java:logGet(43)) - raft.server.watch.timeout = 10s (default)
2019-11-14 17:39:26,542 [9f70b324-be48-4d43-8f47-cd647748f9c6@group-8A7698DEED1E-LeaderElection230] INFO  server.RaftServerConfigKeys (ConfUtils.java:logGet(43)) - raft.server.watch.timeout.denomination = 1s (default)
2019-11-14 17:39:26,542 [9f70b324-be48-4d43-8f47-cd647748f9c6@group-8A7698DEED1E-LeaderElection230] INFO  server.RaftServerConfigKeys (ConfUtils.java:logGet(43)) - raft.server.watch.element-limit = 65536 (default)
2019-11-14 17:39:26,543 [9f70b324-be48-4d43-8f47-cd647748f9c6@group-8A7698DEED1E-LeaderElection230] INFO  server.RaftServerConfigKeys (ConfUtils.java:logGet(43)) - raft.server.log.appender.snapshot.chunk.size.max = 16MB (=16777216) (default)
2019-11-14 17:39:26,543 [9f70b324-be48-4d43-8f47-cd647748f9c6@group-8A7698DEED1E-LeaderElection230] INFO  server.RaftServerConfigKeys (ConfUtils.java:logGet(43)) - raft.server.log.appender.buffer.byte-limit = 33554432 (custom)
2019-11-14 17:39:26,543 [9f70b324-be48-4d43-8f47-cd647748f9c6@group-8A7698DEED1E-LeaderElection230] INFO  server.RaftServerConfigKeys (ConfUtils.java:logGet(43)) - raft.server.log.appender.buffer.element-limit = 1 (custom)
2019-11-14 17:39:26,543 [9f70b324-be48-4d43-8f47-cd647748f9c6@group-8A7698DEED1E-LeaderElection230] INFO  grpc.GrpcConfigKeys$Server (ConfUtils.java:logGet(43)) - raft.grpc.server.leader.outstanding.appends.max = 128 (default)
2019-11-14 17:39:26,543 [9f70b324-be48-4d43-8f47-cd647748f9c6@group-8A7698DEED1E-LeaderElection230] INFO  server.RaftServerConfigKeys (ConfUtils.java:logGet(43)) - raft.server.rpc.request.timeout = 3000ms (default)
2019-11-14 17:39:26,544 [9f70b324-be48-4d43-8f47-cd647748f9c6@group-8A7698DEED1E-LeaderElection230] INFO  server.RaftServerConfigKeys (ConfUtils.java:logGet(43)) - raft.server.log.appender.install.snapshot.enabled = false (custom)
2019-11-14 17:39:26,544 [9f70b324-be48-4d43-8f47-cd647748f9c6@group-8A7698DEED1E-LeaderElection230] WARN  impl.MetricRegistriesImpl (MetricRegistriesImpl.java:lambda$create$1(61)) - First MetricRegistry has been created without registering reporters. You may need to call MetricRegistries.global().addReportRegistration(...) before.
2019-11-14 17:39:26,544 [9f70b324-be48-4d43-8f47-cd647748f9c6@group-8A7698DEED1E-LeaderElection230] INFO  server.RaftServerConfigKeys (ConfUtils.java:logGet(43)) - raft.server.log.appender.snapshot.chunk.size.max = 16MB (=16777216) (default)
2019-11-14 17:39:26,544 [9f70b324-be48-4d43-8f47-cd647748f9c6@group-8A7698DEED1E-LeaderElection230] INFO  server.RaftServerConfigKeys (ConfUtils.java:logGet(43)) - raft.server.log.appender.buffer.byte-limit = 33554432 (custom)
2019-11-14 17:39:26,544 [9f70b324-be48-4d43-8f47-cd647748f9c6@group-8A7698DEED1E-LeaderElection230] INFO  server.RaftServerConfigKeys (ConfUtils.java:logGet(43)) - raft.server.log.appender.buffer.element-limit = 1 (custom)
2019-11-14 17:39:26,544 [9f70b324-be48-4d43-8f47-cd647748f9c6@group-8A7698DEED1E-LeaderElection230] INFO  grpc.GrpcConfigKeys$Server (ConfUtils.java:logGet(43)) - raft.grpc.server.leader.outstanding.appends.max = 128 (default)
2019-11-14 17:39:26,545 [9f70b324-be48-4d43-8f47-cd647748f9c6@group-8A7698DEED1E-LeaderElection230] INFO  server.RaftServerConfigKeys (ConfUtils.java:logGet(43)) - raft.server.rpc.request.timeout = 3000ms (default)
2019-11-14 17:39:26,545 [9f70b324-be48-4d43-8f47-cd647748f9c6@group-8A7698DEED1E-LeaderElection230] INFO  server.RaftServerConfigKeys (ConfUtils.java:logGet(43)) - raft.server.log.appender.install.snapshot.enabled = false (custom)
2019-11-14 17:39:26,545 [9f70b324-be48-4d43-8f47-cd647748f9c6@group-8A7698DEED1E-LeaderElection230] INFO  impl.RoleInfo (RoleInfo.java:updateAndGet(143)) - 9f70b324-be48-4d43-8f47-cd647748f9c6: start LeaderState
2019-11-14 17:39:26,545 [9f70b324-be48-4d43-8f47-cd647748f9c6@group-8A7698DEED1E-LeaderElection230] INFO  segmented.SegmentedRaftLogWorker (SegmentedRaftLogWorker.java:rollLogSegment(390)) - 9f70b324-be48-4d43-8f47-cd647748f9c6@group-8A7698DEED1E-SegmentedRaftLogWorker: Rolling segment log-0_7 to index:7
2019-11-14 17:39:26,547 [9f70b324-be48-4d43-8f47-cd647748f9c6@group-8A7698DEED1E-LeaderElection230] INFO  impl.RaftServerImpl (ServerState.java:setRaftConf(356)) - 9f70b324-be48-4d43-8f47-cd647748f9c6@group-8A7698DEED1E: set configuration 8: [4fcb6245-7b52-48ea-a68b-fda0132084cd:192.168.157.194:33953, 9f70b324-be48-4d43-8f47-cd647748f9c6:192.168.157.194:39672, 1e2d7e4d-6af1-461d-8b85-f444d5672a79:192.168.157.194:43154], old=null at 8
2019-11-14 17:39:26,547 [grpc-default-executor-3] WARN  server.GrpcLogAppender (LogUtils.java:warn(134)) - 9f70b324-be48-4d43-8f47-cd647748f9c6@group-8A7698DEED1E->4fcb6245-7b52-48ea-a68b-fda0132084cd-AppendLogResponseHandler: Failed appendEntries: org.apache.ratis.thirdparty.io.grpc.StatusRuntimeException: UNAVAILABLE: io exception
2019-11-14 17:39:26,547 [9f70b324-be48-4d43-8f47-cd647748f9c6@group-8A7698DEED1E-SegmentedRaftLogWorker] INFO  segmented.SegmentedRaftLogWorker (SegmentedRaftLogWorker.java:execute(533)) - 9f70b324-be48-4d43-8f47-cd647748f9c6@group-8A7698DEED1E-SegmentedRaftLogWorker: Rolled log segment from /workdir/hadoop-ozone/integration-test/target/test-dir/MiniOzoneClusterImpl-76142843-c060-4c87-bf9f-3caeb3385afc/datanode-1/data/ratis/0c7b9cf5-1cd8-4c88-851f-8a7698deed1e/current/log_inprogress_0 to /workdir/hadoop-ozone/integration-test/target/test-dir/MiniOzoneClusterImpl-76142843-c060-4c87-bf9f-3caeb3385afc/datanode-1/data/ratis/0c7b9cf5-1cd8-4c88-851f-8a7698deed1e/current/log_0-7
2019-11-14 17:39:26,547 [grpc-default-executor-3] INFO  impl.FollowerInfo (FollowerInfo.java:lambda$new$0(51)) - 9f70b324-be48-4d43-8f47-cd647748f9c6@group-8A7698DEED1E->4fcb6245-7b52-48ea-a68b-fda0132084cd: nextIndex: updateUnconditionally 8 -> 1
2019-11-14 17:39:26,547 [grpc-default-executor-2] INFO  ratis.XceiverServerRatis (XceiverServerRatis.java:handleLeaderChangedNotification(697)) - Leader change notification received for group: group-8A7698DEED1E with new leaderId: 9f70b324-be48-4d43-8f47-cd647748f9c6
2019-11-14 17:39:27,436 [grpc-default-executor-2] INFO  impl.RaftServerImpl (ServerState.java:setLeader(255)) - 1e2d7e4d-6af1-461d-8b85-f444d5672a79@group-8A7698DEED1E: change Leader from null to 9f70b324-be48-4d43-8f47-cd647748f9c6 at term 5 for appendEntries, leader elected after 1134ms
2019-11-14 17:39:27,466 [Thread-4254] WARN  util.JavaUtils (JavaUtils.java:sleep(246)) - Unexpected long sleep: sleep(1047ms) actually took 1756ms which is over the threshold 300ms
2019-11-14 17:39:27,543 [9f70b324-be48-4d43-8f47-cd647748f9c6@group-8A7698DEED1E-SegmentedRaftLogWorker] INFO  segmented.SegmentedRaftLogWorker (SegmentedRaftLogWorker.java:execute(576)) - 9f70b324-be48-4d43-8f47-cd647748f9c6@group-8A7698DEED1E-SegmentedRaftLogWorker: created new log segment /workdir/hadoop-ozone/integration-test/target/test-dir/MiniOzoneClusterImpl-76142843-c060-4c87-bf9f-3caeb3385afc/datanode-1/data/ratis/0c7b9cf5-1cd8-4c88-851f-8a7698deed1e/current/log_inprogress_8
2019-11-14 17:39:27,551 [grpc-default-executor-3] WARN  server.GrpcLogAppender (LogUtils.java:warn(134)) - 9f70b324-be48-4d43-8f47-cd647748f9c6@group-8A7698DEED1E->4fcb6245-7b52-48ea-a68b-fda0132084cd-AppendLogResponseHandler: Failed appendEntries: org.apache.ratis.thirdparty.io.grpc.StatusRuntimeException: UNAVAILABLE: io exception
2019-11-14 17:39:27,649 [grpc-default-executor-5] INFO  impl.RaftServerImpl (ServerState.java:setRaftConf(356)) - 1e2d7e4d-6af1-461d-8b85-f444d5672a79@group-8A7698DEED1E: set configuration 8: [4fcb6245-7b52-48ea-a68b-fda0132084cd:192.168.157.194:33953, 9f70b324-be48-4d43-8f47-cd647748f9c6:192.168.157.194:39672, 1e2d7e4d-6af1-461d-8b85-f444d5672a79:192.168.157.194:43154], old=null at 8
2019-11-14 17:39:27,654 [grpc-default-executor-5] INFO  segmented.SegmentedRaftLogWorker (SegmentedRaftLogWorker.java:rollLogSegment(390)) - 1e2d7e4d-6af1-461d-8b85-f444d5672a79@group-8A7698DEED1E-SegmentedRaftLogWorker: Rolling segment log-0_7 to index:7
2019-11-14 17:39:27,701 [1e2d7e4d-6af1-461d-8b85-f444d5672a79@group-8A7698DEED1E-SegmentedRaftLogWorker] INFO  segmented.SegmentedRaftLogWorker (SegmentedRaftLogWorker.java:execute(533)) - 1e2d7e4d-6af1-461d-8b85-f444d5672a79@group-8A7698DEED1E-SegmentedRaftLogWorker: Rolled log segment from /workdir/hadoop-ozone/integration-test/target/test-dir/MiniOzoneClusterImpl-76142843-c060-4c87-bf9f-3caeb3385afc/datanode-0/data/ratis/0c7b9cf5-1cd8-4c88-851f-8a7698deed1e/current/log_inprogress_0 to /workdir/hadoop-ozone/integration-test/target/test-dir/MiniOzoneClusterImpl-76142843-c060-4c87-bf9f-3caeb3385afc/datanode-0/data/ratis/0c7b9cf5-1cd8-4c88-851f-8a7698deed1e/current/log_0-7
2019-11-14 17:39:27,791 [grpc-default-executor-3] INFO  impl.FollowerInfo (FollowerInfo.java:lambda$new$0(51)) - 9f70b324-be48-4d43-8f47-cd647748f9c6@group-8A7698DEED1E->4fcb6245-7b52-48ea-a68b-fda0132084cd: nextIndex: updateUnconditionally 1 -> 0
2019-11-14 17:39:27,801 [1e2d7e4d-6af1-461d-8b85-f444d5672a79@group-8A7698DEED1E-SegmentedRaftLogWorker] INFO  segmented.SegmentedRaftLogWorker (SegmentedRaftLogWorker.java:execute(576)) - 1e2d7e4d-6af1-461d-8b85-f444d5672a79@group-8A7698DEED1E-SegmentedRaftLogWorker: created new log segment /workdir/hadoop-ozone/integration-test/target/test-dir/MiniOzoneClusterImpl-76142843-c060-4c87-bf9f-3caeb3385afc/datanode-0/data/ratis/0c7b9cf5-1cd8-4c88-851f-8a7698deed1e/current/log_inprogress_8
2019-11-14 17:39:27,847 [grpc-default-executor-2] WARN  server.GrpcLogAppender (LogUtils.java:warn(134)) - 9f70b324-be48-4d43-8f47-cd647748f9c6@group-8A7698DEED1E->4fcb6245-7b52-48ea-a68b-fda0132084cd-AppendLogResponseHandler: Failed appendEntries: org.apache.ratis.thirdparty.io.grpc.StatusRuntimeException: UNAVAILABLE: io exception
2019-11-14 17:39:27,847 [grpc-default-executor-2] INFO  impl.FollowerInfo (FollowerInfo.java:lambda$new$0(51)) - 9f70b324-be48-4d43-8f47-cd647748f9c6@group-8A7698DEED1E->4fcb6245-7b52-48ea-a68b-fda0132084cd: nextIndex: updateUnconditionally 1 -> 0
2019-11-14 17:39:27,860 [grpc-default-executor-3] WARN  server.GrpcLogAppender (LogUtils.java:warn(134)) - 9f70b324-be48-4d43-8f47-cd647748f9c6@group-8A7698DEED1E->4fcb6245-7b52-48ea-a68b-fda0132084cd-AppendLogResponseHandler: Failed appendEntries: org.apache.ratis.thirdparty.io.grpc.StatusRuntimeException: UNAVAILABLE: io exception
2019-11-14 17:39:27,861 [grpc-default-executor-3] INFO  impl.FollowerInfo (FollowerInfo.java:lambda$new$0(51)) - 9f70b324-be48-4d43-8f47-cd647748f9c6@group-8A7698DEED1E->4fcb6245-7b52-48ea-a68b-fda0132084cd: nextIndex: updateUnconditionally 1 -> 0
2019-11-14 17:39:28,361 [grpc-default-executor-5] WARN  server.GrpcLogAppender (LogUtils.java:warn(134)) - 9f70b324-be48-4d43-8f47-cd647748f9c6@group-8A7698DEED1E->4fcb6245-7b52-48ea-a68b-fda0132084cd-AppendLogResponseHandler: Failed appendEntries: org.apache.ratis.thirdparty.io.grpc.StatusRuntimeException: UNAVAILABLE: io exception
2019-11-14 17:39:28,361 [grpc-default-executor-5] INFO  impl.FollowerInfo (FollowerInfo.java:lambda$new$0(51)) - 9f70b324-be48-4d43-8f47-cd647748f9c6@group-8A7698DEED1E->4fcb6245-7b52-48ea-a68b-fda0132084cd: nextIndex: updateUnconditionally 0 -> 0
2019-11-14 17:39:28,575 [Thread-4254] INFO  impl.FollowerState (FollowerState.java:run(111)) - 00aa4e63-81eb-4c33-a32e-b28e61c28a6d@group-B209632AD019-FollowerState: change to CANDIDATE, lastRpcTime:2896ms, electionTimeout:1109ms
2019-11-14 17:39:28,575 [Thread-4254] INFO  impl.RoleInfo (RoleInfo.java:shutdownFollowerState(121)) - 00aa4e63-81eb-4c33-a32e-b28e61c28a6d: shutdown FollowerState
2019-11-14 17:39:28,576 [Thread-4254] INFO  impl.RaftServerImpl (RaftServerImpl.java:setRole(173)) - 00aa4e63-81eb-4c33-a32e-b28e61c28a6d@group-B209632AD019: changes role from  FOLLOWER to CANDIDATE at term 3 for changeToCandidate
2019-11-14 17:39:28,576 [Thread-4254] INFO  impl.RoleInfo (RoleInfo.java:updateAndGet(143)) - 00aa4e63-81eb-4c33-a32e-b28e61c28a6d: start LeaderElection
2019-11-14 17:39:28,600 [00aa4e63-81eb-4c33-a32e-b28e61c28a6d@group-B209632AD019-LeaderElection231] INFO  impl.LeaderElection (LeaderElection.java:askForVotes(178)) - 00aa4e63-81eb-4c33-a32e-b28e61c28a6d@group-B209632AD019-LeaderElection231: begin an election at term 4 for 0: [00aa4e63-81eb-4c33-a32e-b28e61c28a6d:192.168.157.194:43947, da9d3605-d5bb-4af4-b35f-64e6f231f8df:192.168.157.194:36645, 9c88a047-7f73-4111-bf87-fe029dccbce6:192.168.157.194:46499], old=null
2019-11-14 17:39:28,601 [00aa4e63-81eb-4c33-a32e-b28e61c28a6d@group-B209632AD019-LeaderElection231] INFO  impl.LeaderElection (LogUtils.java:infoOrTrace(149)) - 00aa4e63-81eb-4c33-a32e-b28e61c28a6d@group-B209632AD019-LeaderElection231 got exception when requesting votes: {}
java.util.concurrent.ExecutionException: org.apache.ratis.thirdparty.io.grpc.StatusRuntimeException: UNAVAILABLE: io exception
	at java.util.concurrent.FutureTask.report(FutureTask.java:122)
	at java.util.concurrent.FutureTask.get(FutureTask.java:192)
	at org.apache.ratis.server.impl.LeaderElection.waitForResults(LeaderElection.java:259)
	at org.apache.ratis.server.impl.LeaderElection.askForVotes(LeaderElection.java:197)
	at org.apache.ratis.server.impl.LeaderElection.run(LeaderElection.java:133)
	at java.lang.Thread.run(Thread.java:748)
Caused by: org.apache.ratis.thirdparty.io.grpc.StatusRuntimeException: UNAVAILABLE: io exception
	at org.apache.ratis.thirdparty.io.grpc.stub.ClientCalls.toStatusRuntimeException(ClientCalls.java:233)
	at org.apache.ratis.thirdparty.io.grpc.stub.ClientCalls.getUnchecked(ClientCalls.java:214)
	at org.apache.ratis.thirdparty.io.grpc.stub.ClientCalls.blockingUnaryCall(ClientCalls.java:139)
	at org.apache.ratis.proto.grpc.RaftServerProtocolServiceGrpc$RaftServerProtocolServiceBlockingStub.requestVote(RaftServerProtocolServiceGrpc.java:265)
	at org.apache.ratis.grpc.server.GrpcServerProtocolClient.requestVote(GrpcServerProtocolClient.java:99)
	at org.apache.ratis.grpc.server.GrpcService.requestVote(GrpcService.java:204)
	at org.apache.ratis.server.impl.LeaderElection.lambda$submitRequests$1(LeaderElection.java:234)
	at java.util.concurrent.FutureTask.run(FutureTask.java:266)
	at java.util.concurrent.Executors$RunnableAdapter.call(Executors.java:511)
	at java.util.concurrent.FutureTask.run(FutureTask.java:266)
	at java.util.concurrent.ThreadPoolExecutor.runWorker(ThreadPoolExecutor.java:1149)
	at java.util.concurrent.ThreadPoolExecutor$Worker.run(ThreadPoolExecutor.java:624)
	... 1 more
Caused by: org.apache.ratis.thirdparty.io.netty.channel.AbstractChannel$AnnotatedConnectException: Connection refused: /192.168.157.194:36645
	at sun.nio.ch.SocketChannelImpl.checkConnect(Native Method)
	at sun.nio.ch.SocketChannelImpl.finishConnect(SocketChannelImpl.java:717)
	at org.apache.ratis.thirdparty.io.netty.channel.socket.nio.NioSocketChannel.doFinishConnect(NioSocketChannel.java:327)
	at org.apache.ratis.thirdparty.io.netty.channel.nio.AbstractNioChannel$AbstractNioUnsafe.finishConnect(AbstractNioChannel.java:340)
	at org.apache.ratis.thirdparty.io.netty.channel.nio.NioEventLoop.processSelectedKey(NioEventLoop.java:632)
	at org.apache.ratis.thirdparty.io.netty.channel.nio.NioEventLoop.processSelectedKeysOptimized(NioEventLoop.java:579)
	at org.apache.ratis.thirdparty.io.netty.channel.nio.NioEventLoop.processSelectedKeys(NioEventLoop.java:496)
	at org.apache.ratis.thirdparty.io.netty.channel.nio.NioEventLoop.run(NioEventLoop.java:458)
	at org.apache.ratis.thirdparty.io.netty.util.concurrent.SingleThreadEventExecutor$5.run(SingleThreadEventExecutor.java:897)
	at org.apache.ratis.thirdparty.io.netty.util.concurrent.FastThreadLocalRunnable.run(FastThreadLocalRunnable.java:30)
	... 1 more
Caused by: java.net.ConnectException: Connection refused
	... 11 more
2019-11-14 17:39:28,602 [00aa4e63-81eb-4c33-a32e-b28e61c28a6d@group-B209632AD019-LeaderElection231] INFO  impl.LeaderElection (LogUtils.java:infoOrTrace(149)) - 00aa4e63-81eb-4c33-a32e-b28e61c28a6d@group-B209632AD019-LeaderElection231 got exception when requesting votes: {}
java.util.concurrent.ExecutionException: org.apache.ratis.thirdparty.io.grpc.StatusRuntimeException: UNAVAILABLE: io exception
	at java.util.concurrent.FutureTask.report(FutureTask.java:122)
	at java.util.concurrent.FutureTask.get(FutureTask.java:192)
	at org.apache.ratis.server.impl.LeaderElection.waitForResults(LeaderElection.java:259)
	at org.apache.ratis.server.impl.LeaderElection.askForVotes(LeaderElection.java:197)
	at org.apache.ratis.server.impl.LeaderElection.run(LeaderElection.java:133)
	at java.lang.Thread.run(Thread.java:748)
Caused by: org.apache.ratis.thirdparty.io.grpc.StatusRuntimeException: UNAVAILABLE: io exception
	at org.apache.ratis.thirdparty.io.grpc.stub.ClientCalls.toStatusRuntimeException(ClientCalls.java:233)
	at org.apache.ratis.thirdparty.io.grpc.stub.ClientCalls.getUnchecked(ClientCalls.java:214)
	at org.apache.ratis.thirdparty.io.grpc.stub.ClientCalls.blockingUnaryCall(ClientCalls.java:139)
	at org.apache.ratis.proto.grpc.RaftServerProtocolServiceGrpc$RaftServerProtocolServiceBlockingStub.requestVote(RaftServerProtocolServiceGrpc.java:265)
	at org.apache.ratis.grpc.server.GrpcServerProtocolClient.requestVote(GrpcServerProtocolClient.java:99)
	at org.apache.ratis.grpc.server.GrpcService.requestVote(GrpcService.java:204)
	at org.apache.ratis.server.impl.LeaderElection.lambda$submitRequests$1(LeaderElection.java:234)
	at java.util.concurrent.FutureTask.run(FutureTask.java:266)
	at java.util.concurrent.Executors$RunnableAdapter.call(Executors.java:511)
	at java.util.concurrent.FutureTask.run(FutureTask.java:266)
	at java.util.concurrent.ThreadPoolExecutor.runWorker(ThreadPoolExecutor.java:1149)
	at java.util.concurrent.ThreadPoolExecutor$Worker.run(ThreadPoolExecutor.java:624)
	... 1 more
Caused by: org.apache.ratis.thirdparty.io.netty.channel.AbstractChannel$AnnotatedConnectException: Connection refused: /192.168.157.194:46499
	at sun.nio.ch.SocketChannelImpl.checkConnect(Native Method)
	at sun.nio.ch.SocketChannelImpl.finishConnect(SocketChannelImpl.java:717)
	at org.apache.ratis.thirdparty.io.netty.channel.socket.nio.NioSocketChannel.doFinishConnect(NioSocketChannel.java:327)
	at org.apache.ratis.thirdparty.io.netty.channel.nio.AbstractNioChannel$AbstractNioUnsafe.finishConnect(AbstractNioChannel.java:340)
	at org.apache.ratis.thirdparty.io.netty.channel.nio.NioEventLoop.processSelectedKey(NioEventLoop.java:632)
	at org.apache.ratis.thirdparty.io.netty.channel.nio.NioEventLoop.processSelectedKeysOptimized(NioEventLoop.java:579)
	at org.apache.ratis.thirdparty.io.netty.channel.nio.NioEventLoop.processSelectedKeys(NioEventLoop.java:496)
	at org.apache.ratis.thirdparty.io.netty.channel.nio.NioEventLoop.run(NioEventLoop.java:458)
	at org.apache.ratis.thirdparty.io.netty.util.concurrent.SingleThreadEventExecutor$5.run(SingleThreadEventExecutor.java:897)
	at org.apache.ratis.thirdparty.io.netty.util.concurrent.FastThreadLocalRunnable.run(FastThreadLocalRunnable.java:30)
	... 1 more
Caused by: java.net.ConnectException: Connection refused
	... 11 more
2019-11-14 17:39:28,602 [00aa4e63-81eb-4c33-a32e-b28e61c28a6d@group-B209632AD019-LeaderElection231] INFO  impl.LeaderElection (LeaderElection.java:logAndReturn(56)) - 00aa4e63-81eb-4c33-a32e-b28e61c28a6d@group-B209632AD019-LeaderElection231: Election REJECTED; received 0 response(s) [] and 2 exception(s); 00aa4e63-81eb-4c33-a32e-b28e61c28a6d@group-B209632AD019:t4, leader=null, voted=00aa4e63-81eb-4c33-a32e-b28e61c28a6d, raftlog=00aa4e63-81eb-4c33-a32e-b28e61c28a6d@group-B209632AD019-SegmentedRaftLog:OPENED:c0,f0,i0, conf=0: [00aa4e63-81eb-4c33-a32e-b28e61c28a6d:192.168.157.194:43947, da9d3605-d5bb-4af4-b35f-64e6f231f8df:192.168.157.194:36645, 9c88a047-7f73-4111-bf87-fe029dccbce6:192.168.157.194:46499], old=null
2019-11-14 17:39:28,602 [00aa4e63-81eb-4c33-a32e-b28e61c28a6d@group-B209632AD019-LeaderElection231] INFO  impl.LeaderElection (LogUtils.java:infoOrTrace(149)) -   Exception 0: {}
java.util.concurrent.ExecutionException: org.apache.ratis.thirdparty.io.grpc.StatusRuntimeException: UNAVAILABLE: io exception
	at java.util.concurrent.FutureTask.report(FutureTask.java:122)
	at java.util.concurrent.FutureTask.get(FutureTask.java:192)
	at org.apache.ratis.server.impl.LeaderElection.waitForResults(LeaderElection.java:259)
	at org.apache.ratis.server.impl.LeaderElection.askForVotes(LeaderElection.java:197)
	at org.apache.ratis.server.impl.LeaderElection.run(LeaderElection.java:133)
	at java.lang.Thread.run(Thread.java:748)
Caused by: org.apache.ratis.thirdparty.io.grpc.StatusRuntimeException: UNAVAILABLE: io exception
	at org.apache.ratis.thirdparty.io.grpc.stub.ClientCalls.toStatusRuntimeException(ClientCalls.java:233)
	at org.apache.ratis.thirdparty.io.grpc.stub.ClientCalls.getUnchecked(ClientCalls.java:214)
	at org.apache.ratis.thirdparty.io.grpc.stub.ClientCalls.blockingUnaryCall(ClientCalls.java:139)
	at org.apache.ratis.proto.grpc.RaftServerProtocolServiceGrpc$RaftServerProtocolServiceBlockingStub.requestVote(RaftServerProtocolServiceGrpc.java:265)
	at org.apache.ratis.grpc.server.GrpcServerProtocolClient.requestVote(GrpcServerProtocolClient.java:99)
	at org.apache.ratis.grpc.server.GrpcService.requestVote(GrpcService.java:204)
	at org.apache.ratis.server.impl.LeaderElection.lambda$submitRequests$1(LeaderElection.java:234)
	at java.util.concurrent.FutureTask.run(FutureTask.java:266)
	at java.util.concurrent.Executors$RunnableAdapter.call(Executors.java:511)
	at java.util.concurrent.FutureTask.run(FutureTask.java:266)
	at java.util.concurrent.ThreadPoolExecutor.runWorker(ThreadPoolExecutor.java:1149)
	at java.util.concurrent.ThreadPoolExecutor$Worker.run(ThreadPoolExecutor.java:624)
	... 1 more
Caused by: org.apache.ratis.thirdparty.io.netty.channel.AbstractChannel$AnnotatedConnectException: Connection refused: /192.168.157.194:36645
	at sun.nio.ch.SocketChannelImpl.checkConnect(Native Method)
	at sun.nio.ch.SocketChannelImpl.finishConnect(SocketChannelImpl.java:717)
	at org.apache.ratis.thirdparty.io.netty.channel.socket.nio.NioSocketChannel.doFinishConnect(NioSocketChannel.java:327)
	at org.apache.ratis.thirdparty.io.netty.channel.nio.AbstractNioChannel$AbstractNioUnsafe.finishConnect(AbstractNioChannel.java:340)
	at org.apache.ratis.thirdparty.io.netty.channel.nio.NioEventLoop.processSelectedKey(NioEventLoop.java:632)
	at org.apache.ratis.thirdparty.io.netty.channel.nio.NioEventLoop.processSelectedKeysOptimized(NioEventLoop.java:579)
	at org.apache.ratis.thirdparty.io.netty.channel.nio.NioEventLoop.processSelectedKeys(NioEventLoop.java:496)
	at org.apache.ratis.thirdparty.io.netty.channel.nio.NioEventLoop.run(NioEventLoop.java:458)
	at org.apache.ratis.thirdparty.io.netty.util.concurrent.SingleThreadEventExecutor$5.run(SingleThreadEventExecutor.java:897)
	at org.apache.ratis.thirdparty.io.netty.util.concurrent.FastThreadLocalRunnable.run(FastThreadLocalRunnable.java:30)
	... 1 more
Caused by: java.net.ConnectException: Connection refused
	... 11 more
2019-11-14 17:39:28,602 [00aa4e63-81eb-4c33-a32e-b28e61c28a6d@group-B209632AD019-LeaderElection231] INFO  impl.LeaderElection (LogUtils.java:infoOrTrace(149)) -   Exception 1: {}
java.util.concurrent.ExecutionException: org.apache.ratis.thirdparty.io.grpc.StatusRuntimeException: UNAVAILABLE: io exception
	at java.util.concurrent.FutureTask.report(FutureTask.java:122)
	at java.util.concurrent.FutureTask.get(FutureTask.java:192)
	at org.apache.ratis.server.impl.LeaderElection.waitForResults(LeaderElection.java:259)
	at org.apache.ratis.server.impl.LeaderElection.askForVotes(LeaderElection.java:197)
	at org.apache.ratis.server.impl.LeaderElection.run(LeaderElection.java:133)
	at java.lang.Thread.run(Thread.java:748)
Caused by: org.apache.ratis.thirdparty.io.grpc.StatusRuntimeException: UNAVAILABLE: io exception
	at org.apache.ratis.thirdparty.io.grpc.stub.ClientCalls.toStatusRuntimeException(ClientCalls.java:233)
	at org.apache.ratis.thirdparty.io.grpc.stub.ClientCalls.getUnchecked(ClientCalls.java:214)
	at org.apache.ratis.thirdparty.io.grpc.stub.ClientCalls.blockingUnaryCall(ClientCalls.java:139)
	at org.apache.ratis.proto.grpc.RaftServerProtocolServiceGrpc$RaftServerProtocolServiceBlockingStub.requestVote(RaftServerProtocolServiceGrpc.java:265)
	at org.apache.ratis.grpc.server.GrpcServerProtocolClient.requestVote(GrpcServerProtocolClient.java:99)
	at org.apache.ratis.grpc.server.GrpcService.requestVote(GrpcService.java:204)
	at org.apache.ratis.server.impl.LeaderElection.lambda$submitRequests$1(LeaderElection.java:234)
	at java.util.concurrent.FutureTask.run(FutureTask.java:266)
	at java.util.concurrent.Executors$RunnableAdapter.call(Executors.java:511)
	at java.util.concurrent.FutureTask.run(FutureTask.java:266)
	at java.util.concurrent.ThreadPoolExecutor.runWorker(ThreadPoolExecutor.java:1149)
	at java.util.concurrent.ThreadPoolExecutor$Worker.run(ThreadPoolExecutor.java:624)
	... 1 more
Caused by: org.apache.ratis.thirdparty.io.netty.channel.AbstractChannel$AnnotatedConnectException: Connection refused: /192.168.157.194:46499
	at sun.nio.ch.SocketChannelImpl.checkConnect(Native Method)
	at sun.nio.ch.SocketChannelImpl.finishConnect(SocketChannelImpl.java:717)
	at org.apache.ratis.thirdparty.io.netty.channel.socket.nio.NioSocketChannel.doFinishConnect(NioSocketChannel.java:327)
	at org.apache.ratis.thirdparty.io.netty.channel.nio.AbstractNioChannel$AbstractNioUnsafe.finishConnect(AbstractNioChannel.java:340)
	at org.apache.ratis.thirdparty.io.netty.channel.nio.NioEventLoop.processSelectedKey(NioEventLoop.java:632)
	at org.apache.ratis.thirdparty.io.netty.channel.nio.NioEventLoop.processSelectedKeysOptimized(NioEventLoop.java:579)
	at org.apache.ratis.thirdparty.io.netty.channel.nio.NioEventLoop.processSelectedKeys(NioEventLoop.java:496)
	at org.apache.ratis.thirdparty.io.netty.channel.nio.NioEventLoop.run(NioEventLoop.java:458)
	at org.apache.ratis.thirdparty.io.netty.util.concurrent.SingleThreadEventExecutor$5.run(SingleThreadEventExecutor.java:897)
	at org.apache.ratis.thirdparty.io.netty.util.concurrent.FastThreadLocalRunnable.run(FastThreadLocalRunnable.java:30)
	... 1 more
Caused by: java.net.ConnectException: Connection refused
	... 11 more
2019-11-14 17:39:28,603 [00aa4e63-81eb-4c33-a32e-b28e61c28a6d@group-B209632AD019-LeaderElection231] INFO  impl.RaftServerImpl (RaftServerImpl.java:setRole(173)) - 00aa4e63-81eb-4c33-a32e-b28e61c28a6d@group-B209632AD019: changes role from CANDIDATE to FOLLOWER at term 4 for DISCOVERED_A_NEW_TERM
2019-11-14 17:39:28,603 [00aa4e63-81eb-4c33-a32e-b28e61c28a6d@group-B209632AD019-LeaderElection231] INFO  impl.RoleInfo (RoleInfo.java:shutdownLeaderElection(134)) - 00aa4e63-81eb-4c33-a32e-b28e61c28a6d: shutdown LeaderElection
2019-11-14 17:39:28,603 [00aa4e63-81eb-4c33-a32e-b28e61c28a6d@group-B209632AD019-LeaderElection231] INFO  impl.RoleInfo (RoleInfo.java:updateAndGet(143)) - 00aa4e63-81eb-4c33-a32e-b28e61c28a6d: start FollowerState
2019-11-14 17:39:28,643 [main] INFO  ozoneimpl.OzoneContainer (OzoneContainer.java:stop(244)) - Attempting to stop container services.
2019-11-14 17:39:28,643 [ForkJoinPool.commonPool-worker-1] INFO  ozoneimpl.OzoneContainer (OzoneContainer.java:stop(244)) - Attempting to stop container services.
2019-11-14 17:39:28,643 [main] INFO  impl.RaftServerProxy (RaftServerProxy.java:lambda$close$4(314)) - 6301bead-719a-4dde-94bc-f4c716ecb4e0: close
2019-11-14 17:39:28,644 [ForkJoinPool.commonPool-worker-1] INFO  impl.RaftServerProxy (RaftServerProxy.java:lambda$close$4(314)) - 521325b2-2ced-4cee-b44f-acc523c049d7: close
2019-11-14 17:39:28,644 [main] INFO  impl.RaftServerImpl (RaftServerImpl.java:lambda$shutdown$3(250)) - 6301bead-719a-4dde-94bc-f4c716ecb4e0@group-E044E43238B9: shutdown
2019-11-14 17:39:28,644 [ForkJoinPool.commonPool-worker-1] INFO  impl.RaftServerImpl (RaftServerImpl.java:lambda$shutdown$3(250)) - 521325b2-2ced-4cee-b44f-acc523c049d7@group-7296588302B5: shutdown
2019-11-14 17:39:28,644 [main] INFO  util.JmxRegister (JmxRegister.java:unregister(73)) - Successfully un-registered JMX Bean with object name Ratis:service=RaftServer,group=group-E044E43238B9,id=6301bead-719a-4dde-94bc-f4c716ecb4e0
2019-11-14 17:39:28,645 [ForkJoinPool.commonPool-worker-1] INFO  util.JmxRegister (JmxRegister.java:unregister(73)) - Successfully un-registered JMX Bean with object name Ratis:service=RaftServer,group=group-7296588302B5,id=521325b2-2ced-4cee-b44f-acc523c049d7
2019-11-14 17:39:28,645 [main] INFO  impl.RoleInfo (RoleInfo.java:shutdownLeaderState(104)) - 6301bead-719a-4dde-94bc-f4c716ecb4e0: shutdown LeaderState
2019-11-14 17:39:28,645 [ForkJoinPool.commonPool-worker-1] INFO  impl.RoleInfo (RoleInfo.java:shutdownLeaderState(104)) - 521325b2-2ced-4cee-b44f-acc523c049d7: shutdown LeaderState
2019-11-14 17:39:28,645 [main] INFO  impl.PendingRequests (PendingRequests.java:sendNotLeaderResponses(206)) - 6301bead-719a-4dde-94bc-f4c716ecb4e0@group-E044E43238B9-PendingRequests: sendNotLeaderResponses
2019-11-14 17:39:28,646 [ForkJoinPool.commonPool-worker-1] INFO  impl.PendingRequests (PendingRequests.java:sendNotLeaderResponses(206)) - 521325b2-2ced-4cee-b44f-acc523c049d7@group-7296588302B5-PendingRequests: sendNotLeaderResponses
2019-11-14 17:39:28,646 [main] INFO  impl.StateMachineUpdater (StateMachineUpdater.java:stopAndJoin(136)) - 6301bead-719a-4dde-94bc-f4c716ecb4e0@group-E044E43238B9-StateMachineUpdater: set stopIndex = 0
2019-11-14 17:39:28,646 [ForkJoinPool.commonPool-worker-1] INFO  impl.StateMachineUpdater (StateMachineUpdater.java:stopAndJoin(136)) - 521325b2-2ced-4cee-b44f-acc523c049d7@group-7296588302B5-StateMachineUpdater: set stopIndex = 0
2019-11-14 17:39:28,646 [main] INFO  impl.RaftServerImpl (ServerState.java:close(387)) - 6301bead-719a-4dde-94bc-f4c716ecb4e0@group-E044E43238B9: closes. applyIndex: 0
2019-11-14 17:39:28,647 [ForkJoinPool.commonPool-worker-1] INFO  impl.RaftServerImpl (ServerState.java:close(387)) - 521325b2-2ced-4cee-b44f-acc523c049d7@group-7296588302B5: closes. applyIndex: 0
2019-11-14 17:39:28,647 [6301bead-719a-4dde-94bc-f4c716ecb4e0@group-E044E43238B9-SegmentedRaftLogWorker] INFO  segmented.SegmentedRaftLogWorker (SegmentedRaftLogWorker.java:run(316)) - 6301bead-719a-4dde-94bc-f4c716ecb4e0@group-E044E43238B9-SegmentedRaftLogWorker was interrupted, exiting. There are 0 tasks remaining in the queue.
2019-11-14 17:39:28,647 [521325b2-2ced-4cee-b44f-acc523c049d7@group-7296588302B5-SegmentedRaftLogWorker] INFO  segmented.SegmentedRaftLogWorker (SegmentedRaftLogWorker.java:run(316)) - 521325b2-2ced-4cee-b44f-acc523c049d7@group-7296588302B5-SegmentedRaftLogWorker was interrupted, exiting. There are 0 tasks remaining in the queue.
2019-11-14 17:39:28,648 [main] INFO  segmented.SegmentedRaftLogWorker (SegmentedRaftLogWorker.java:close(224)) - 6301bead-719a-4dde-94bc-f4c716ecb4e0@group-E044E43238B9-SegmentedRaftLogWorker close()
2019-11-14 17:39:28,648 [ForkJoinPool.commonPool-worker-1] INFO  segmented.SegmentedRaftLogWorker (SegmentedRaftLogWorker.java:close(224)) - 521325b2-2ced-4cee-b44f-acc523c049d7@group-7296588302B5-SegmentedRaftLogWorker close()
2019-11-14 17:39:28,648 [main] INFO  server.GrpcService (GrpcService.java:closeImpl(164)) - 6301bead-719a-4dde-94bc-f4c716ecb4e0: shutdown server with port 46043 now
2019-11-14 17:39:28,648 [ForkJoinPool.commonPool-worker-1] INFO  impl.RaftServerImpl (RaftServerImpl.java:lambda$shutdown$3(250)) - 521325b2-2ced-4cee-b44f-acc523c049d7@group-28F059BB15A6: shutdown
2019-11-14 17:39:28,649 [ForkJoinPool.commonPool-worker-1] INFO  util.JmxRegister (JmxRegister.java:unregister(73)) - Successfully un-registered JMX Bean with object name Ratis:service=RaftServer,group=group-28F059BB15A6,id=521325b2-2ced-4cee-b44f-acc523c049d7
2019-11-14 17:39:28,649 [main] INFO  server.GrpcService (GrpcService.java:closeImpl(172)) - 6301bead-719a-4dde-94bc-f4c716ecb4e0: shutdown server with port 46043 successfully
2019-11-14 17:39:28,649 [ForkJoinPool.commonPool-worker-1] INFO  impl.RoleInfo (RoleInfo.java:shutdownLeaderState(104)) - 521325b2-2ced-4cee-b44f-acc523c049d7: shutdown LeaderState
2019-11-14 17:39:28,655 [ForkJoinPool.commonPool-worker-1] INFO  impl.PendingRequests (PendingRequests.java:sendNotLeaderResponses(206)) - 521325b2-2ced-4cee-b44f-acc523c049d7@group-28F059BB15A6-PendingRequests: sendNotLeaderResponses
2019-11-14 17:39:28,655 [org.apache.ratis.server.impl.LogAppender$AppenderDaemon$$Lambda$459/712830018@96b2fe1] WARN  server.GrpcLogAppender (GrpcLogAppender.java:mayWait(151)) - 521325b2-2ced-4cee-b44f-acc523c049d7@group-28F059BB15A6->d0d029c9-c080-45aa-9428-ec9c2afb2e55-GrpcLogAppender: Wait interrupted by java.lang.InterruptedException
2019-11-14 17:39:28,655 [ForkJoinPool.commonPool-worker-1] INFO  impl.StateMachineUpdater (StateMachineUpdater.java:stopAndJoin(136)) - 521325b2-2ced-4cee-b44f-acc523c049d7@group-28F059BB15A6-StateMachineUpdater: set stopIndex = 0
2019-11-14 17:39:28,655 [org.apache.ratis.server.impl.LogAppender$AppenderDaemon$$Lambda$459/712830018@4c69b808] WARN  server.GrpcLogAppender (GrpcLogAppender.java:mayWait(151)) - 521325b2-2ced-4cee-b44f-acc523c049d7@group-28F059BB15A6->d0c52919-9387-42b7-9191-3f4b0bb9b568-GrpcLogAppender: Wait interrupted by java.lang.InterruptedException
2019-11-14 17:39:28,656 [ForkJoinPool.commonPool-worker-1] INFO  impl.RaftServerImpl (ServerState.java:close(387)) - 521325b2-2ced-4cee-b44f-acc523c049d7@group-28F059BB15A6: closes. applyIndex: 0
2019-11-14 17:39:28,656 [grpc-default-executor-3] INFO  server.GrpcServerProtocolService (GrpcServerProtocolService.java:onCompleted(113)) - d0d029c9-c080-45aa-9428-ec9c2afb2e55: Completed APPEND_ENTRIES, lastRequest: 521325b2-2ced-4cee-b44f-acc523c049d7->d0d029c9-c080-45aa-9428-ec9c2afb2e55#29-t1, previous=(t:1, i:0), leaderCommit=0, initializing? false, entries: <empty>
2019-11-14 17:39:28,656 [grpc-default-executor-5] INFO  server.GrpcServerProtocolService (GrpcServerProtocolService.java:onCompleted(113)) - d0c52919-9387-42b7-9191-3f4b0bb9b568: Completed APPEND_ENTRIES, lastRequest: 521325b2-2ced-4cee-b44f-acc523c049d7->d0c52919-9387-42b7-9191-3f4b0bb9b568#29-t1, previous=(t:1, i:0), leaderCommit=0, initializing? false, entries: <empty>
2019-11-14 17:39:28,656 [refreshUsed-/workdir/hadoop-ozone/integration-test/target/test-dir/MiniOzoneClusterImpl-76142843-c060-4c87-bf9f-3caeb3385afc/datanode-6/data/containers] WARN  fs.CachingGetSpaceUsed (CachingGetSpaceUsed.java:run(183)) - Thread Interrupted waiting to refresh disk information: sleep interrupted
2019-11-14 17:39:28,657 [521325b2-2ced-4cee-b44f-acc523c049d7@group-28F059BB15A6-SegmentedRaftLogWorker] INFO  segmented.SegmentedRaftLogWorker (SegmentedRaftLogWorker.java:run(316)) - 521325b2-2ced-4cee-b44f-acc523c049d7@group-28F059BB15A6-SegmentedRaftLogWorker was interrupted, exiting. There are 0 tasks remaining in the queue.
2019-11-14 17:39:28,657 [grpc-default-executor-5] INFO  server.GrpcLogAppender (GrpcLogAppender.java:onCompleted(308)) - 521325b2-2ced-4cee-b44f-acc523c049d7@group-28F059BB15A6->d0c52919-9387-42b7-9191-3f4b0bb9b568-AppendLogResponseHandler: follower responses appendEntries COMPLETED
2019-11-14 17:39:28,657 [grpc-default-executor-3] INFO  server.GrpcLogAppender (GrpcLogAppender.java:onCompleted(308)) - 521325b2-2ced-4cee-b44f-acc523c049d7@group-28F059BB15A6->d0d029c9-c080-45aa-9428-ec9c2afb2e55-AppendLogResponseHandler: follower responses appendEntries COMPLETED
2019-11-14 17:39:28,657 [ForkJoinPool.commonPool-worker-1] INFO  segmented.SegmentedRaftLogWorker (SegmentedRaftLogWorker.java:close(224)) - 521325b2-2ced-4cee-b44f-acc523c049d7@group-28F059BB15A6-SegmentedRaftLogWorker close()
2019-11-14 17:39:28,658 [grpc-default-executor-5] INFO  impl.FollowerInfo (FollowerInfo.java:lambda$new$0(51)) - 521325b2-2ced-4cee-b44f-acc523c049d7@group-28F059BB15A6->d0c52919-9387-42b7-9191-3f4b0bb9b568: nextIndex: updateUnconditionally 1 -> 0
2019-11-14 17:39:28,658 [grpc-default-executor-3] INFO  impl.FollowerInfo (FollowerInfo.java:lambda$new$0(51)) - 521325b2-2ced-4cee-b44f-acc523c049d7@group-28F059BB15A6->d0d029c9-c080-45aa-9428-ec9c2afb2e55: nextIndex: updateUnconditionally 1 -> 0
2019-11-14 17:39:28,658 [ForkJoinPool.commonPool-worker-1] INFO  server.GrpcService (GrpcService.java:closeImpl(164)) - 521325b2-2ced-4cee-b44f-acc523c049d7: shutdown server with port 33976 now
2019-11-14 17:39:28,659 [ForkJoinPool.commonPool-worker-1] INFO  server.GrpcService (GrpcService.java:closeImpl(172)) - 521325b2-2ced-4cee-b44f-acc523c049d7: shutdown server with port 33976 successfully
2019-11-14 17:39:28,662 [refreshUsed-/workdir/hadoop-ozone/integration-test/target/test-dir/MiniOzoneClusterImpl-76142843-c060-4c87-bf9f-3caeb3385afc/datanode-4/data/containers] WARN  fs.CachingGetSpaceUsed (CachingGetSpaceUsed.java:run(183)) - Thread Interrupted waiting to refresh disk information: sleep interrupted
2019-11-14 17:39:28,677 [main] INFO  utils.BackgroundService (BackgroundService.java:shutdown(151)) - Shutting down service BlockDeletingService
2019-11-14 17:39:28,680 [main] INFO  statemachine.DatanodeStateMachine (DatanodeStateMachine.java:stopDaemon(395)) - Ozone container server stopped.
2019-11-14 17:39:28,681 [ForkJoinPool.commonPool-worker-1] INFO  utils.BackgroundService (BackgroundService.java:shutdown(151)) - Shutting down service BlockDeletingService
2019-11-14 17:39:28,682 [ForkJoinPool.commonPool-worker-1] INFO  statemachine.DatanodeStateMachine (DatanodeStateMachine.java:stopDaemon(395)) - Ozone container server stopped.
2019-11-14 17:39:28,682 [main] INFO  handler.ContextHandler (ContextHandler.java:doStop(910)) - Stopped o.e.j.w.WebAppContext@2baac4a7{/,null,UNAVAILABLE}{/hddsDatanode}
2019-11-14 17:39:28,688 [ForkJoinPool.commonPool-worker-1] INFO  handler.ContextHandler (ContextHandler.java:doStop(910)) - Stopped o.e.j.w.WebAppContext@4b28a7bf{/,null,UNAVAILABLE}{/hddsDatanode}
2019-11-14 17:39:28,688 [main] INFO  server.AbstractConnector (AbstractConnector.java:doStop(318)) - Stopped ServerConnector@23ad2d17{HTTP/1.1,[http/1.1]}{0.0.0.0:0}
2019-11-14 17:39:28,689 [ForkJoinPool.commonPool-worker-1] INFO  server.AbstractConnector (AbstractConnector.java:doStop(318)) - Stopped ServerConnector@d36c1c3{HTTP/1.1,[http/1.1]}{0.0.0.0:0}
2019-11-14 17:39:28,689 [main] INFO  handler.ContextHandler (ContextHandler.java:doStop(910)) - Stopped o.e.j.s.ServletContextHandler@6ed18d80{/static,jar:file:/home/user/.m2/repository/org/apache/hadoop/hadoop-hdds-container-service/0.5.0-SNAPSHOT/hadoop-hdds-container-service-0.5.0-SNAPSHOT.jar!/webapps/static,UNAVAILABLE}
2019-11-14 17:39:28,690 [ForkJoinPool.commonPool-worker-1] INFO  handler.ContextHandler (ContextHandler.java:doStop(910)) - Stopped o.e.j.s.ServletContextHandler@341c6ac2{/static,jar:file:/home/user/.m2/repository/org/apache/hadoop/hadoop-hdds-container-service/0.5.0-SNAPSHOT/hadoop-hdds-container-service-0.5.0-SNAPSHOT.jar!/webapps/static,UNAVAILABLE}
2019-11-14 17:39:28,690 [main] INFO  handler.ContextHandler (ContextHandler.java:doStop(910)) - Stopped o.e.j.s.ServletContextHandler@3030836d{/logs,file:///workdir/hadoop-ozone/integration-test/target/log,UNAVAILABLE}
2019-11-14 17:39:28,692 [ForkJoinPool.commonPool-worker-1] INFO  handler.ContextHandler (ContextHandler.java:doStop(910)) - Stopped o.e.j.s.ServletContextHandler@6f15f52a{/logs,file:///workdir/hadoop-ozone/integration-test/target/log,UNAVAILABLE}
2019-11-14 17:39:28,861 [grpc-default-executor-2] WARN  server.GrpcLogAppender (LogUtils.java:warn(134)) - 9f70b324-be48-4d43-8f47-cd647748f9c6@group-8A7698DEED1E->4fcb6245-7b52-48ea-a68b-fda0132084cd-AppendLogResponseHandler: Failed appendEntries: org.apache.ratis.thirdparty.io.grpc.StatusRuntimeException: UNAVAILABLE: io exception
2019-11-14 17:39:28,862 [grpc-default-executor-2] INFO  impl.FollowerInfo (FollowerInfo.java:lambda$new$0(51)) - 9f70b324-be48-4d43-8f47-cd647748f9c6@group-8A7698DEED1E->4fcb6245-7b52-48ea-a68b-fda0132084cd: nextIndex: updateUnconditionally 0 -> 0
2019-11-14 17:39:29,362 [grpc-default-executor-7] WARN  server.GrpcLogAppender (LogUtils.java:warn(134)) - 9f70b324-be48-4d43-8f47-cd647748f9c6@group-8A7698DEED1E->4fcb6245-7b52-48ea-a68b-fda0132084cd-AppendLogResponseHandler: Failed appendEntries: org.apache.ratis.thirdparty.io.grpc.StatusRuntimeException: UNAVAILABLE: io exception
2019-11-14 17:39:29,363 [grpc-default-executor-7] INFO  impl.FollowerInfo (FollowerInfo.java:lambda$new$0(51)) - 9f70b324-be48-4d43-8f47-cd647748f9c6@group-8A7698DEED1E->4fcb6245-7b52-48ea-a68b-fda0132084cd: nextIndex: updateUnconditionally 0 -> 0
2019-11-14 17:39:29,432 [Datanode State Machine Thread - 0] INFO  statemachine.DatanodeStateMachine (DatanodeStateMachine.java:lambda$startDaemon$0(350)) - Ozone container server started.
2019-11-14 17:39:29,445 [Datanode State Machine Thread - 0] INFO  statemachine.DatanodeStateMachine (DatanodeStateMachine.java:lambda$startDaemon$0(350)) - Ozone container server started.
2019-11-14 17:39:29,655 [Thread-4277] INFO  impl.FollowerState (FollowerState.java:run(111)) - 00aa4e63-81eb-4c33-a32e-b28e61c28a6d@group-B209632AD019-FollowerState: change to CANDIDATE, lastRpcTime:1052ms, electionTimeout:1052ms
2019-11-14 17:39:29,655 [Thread-4277] INFO  impl.RoleInfo (RoleInfo.java:shutdownFollowerState(121)) - 00aa4e63-81eb-4c33-a32e-b28e61c28a6d: shutdown FollowerState
2019-11-14 17:39:29,655 [Thread-4277] INFO  impl.RaftServerImpl (RaftServerImpl.java:setRole(173)) - 00aa4e63-81eb-4c33-a32e-b28e61c28a6d@group-B209632AD019: changes role from  FOLLOWER to CANDIDATE at term 4 for changeToCandidate
2019-11-14 17:39:29,656 [Thread-4277] INFO  impl.RoleInfo (RoleInfo.java:updateAndGet(143)) - 00aa4e63-81eb-4c33-a32e-b28e61c28a6d: start LeaderElection
2019-11-14 17:39:29,680 [00aa4e63-81eb-4c33-a32e-b28e61c28a6d@group-B209632AD019-LeaderElection232] INFO  impl.LeaderElection (LeaderElection.java:askForVotes(178)) - 00aa4e63-81eb-4c33-a32e-b28e61c28a6d@group-B209632AD019-LeaderElection232: begin an election at term 5 for 0: [00aa4e63-81eb-4c33-a32e-b28e61c28a6d:192.168.157.194:43947, da9d3605-d5bb-4af4-b35f-64e6f231f8df:192.168.157.194:36645, 9c88a047-7f73-4111-bf87-fe029dccbce6:192.168.157.194:46499], old=null
2019-11-14 17:39:29,681 [00aa4e63-81eb-4c33-a32e-b28e61c28a6d@group-B209632AD019-LeaderElection232] INFO  impl.LeaderElection (LogUtils.java:infoOrTrace(149)) - 00aa4e63-81eb-4c33-a32e-b28e61c28a6d@group-B209632AD019-LeaderElection232 got exception when requesting votes: {}
java.util.concurrent.ExecutionException: org.apache.ratis.thirdparty.io.grpc.StatusRuntimeException: UNAVAILABLE: io exception
	at java.util.concurrent.FutureTask.report(FutureTask.java:122)
	at java.util.concurrent.FutureTask.get(FutureTask.java:192)
	at org.apache.ratis.server.impl.LeaderElection.waitForResults(LeaderElection.java:259)
	at org.apache.ratis.server.impl.LeaderElection.askForVotes(LeaderElection.java:197)
	at org.apache.ratis.server.impl.LeaderElection.run(LeaderElection.java:133)
	at java.lang.Thread.run(Thread.java:748)
Caused by: org.apache.ratis.thirdparty.io.grpc.StatusRuntimeException: UNAVAILABLE: io exception
	at org.apache.ratis.thirdparty.io.grpc.stub.ClientCalls.toStatusRuntimeException(ClientCalls.java:233)
	at org.apache.ratis.thirdparty.io.grpc.stub.ClientCalls.getUnchecked(ClientCalls.java:214)
	at org.apache.ratis.thirdparty.io.grpc.stub.ClientCalls.blockingUnaryCall(ClientCalls.java:139)
	at org.apache.ratis.proto.grpc.RaftServerProtocolServiceGrpc$RaftServerProtocolServiceBlockingStub.requestVote(RaftServerProtocolServiceGrpc.java:265)
	at org.apache.ratis.grpc.server.GrpcServerProtocolClient.requestVote(GrpcServerProtocolClient.java:99)
	at org.apache.ratis.grpc.server.GrpcService.requestVote(GrpcService.java:204)
	at org.apache.ratis.server.impl.LeaderElection.lambda$submitRequests$1(LeaderElection.java:234)
	at java.util.concurrent.FutureTask.run(FutureTask.java:266)
	at java.util.concurrent.Executors$RunnableAdapter.call(Executors.java:511)
	at java.util.concurrent.FutureTask.run(FutureTask.java:266)
	at java.util.concurrent.ThreadPoolExecutor.runWorker(ThreadPoolExecutor.java:1149)
	at java.util.concurrent.ThreadPoolExecutor$Worker.run(ThreadPoolExecutor.java:624)
	... 1 more
Caused by: org.apache.ratis.thirdparty.io.netty.channel.AbstractChannel$AnnotatedConnectException: Connection refused: /192.168.157.194:36645
	at sun.nio.ch.SocketChannelImpl.checkConnect(Native Method)
	at sun.nio.ch.SocketChannelImpl.finishConnect(SocketChannelImpl.java:717)
	at org.apache.ratis.thirdparty.io.netty.channel.socket.nio.NioSocketChannel.doFinishConnect(NioSocketChannel.java:327)
	at org.apache.ratis.thirdparty.io.netty.channel.nio.AbstractNioChannel$AbstractNioUnsafe.finishConnect(AbstractNioChannel.java:340)
	at org.apache.ratis.thirdparty.io.netty.channel.nio.NioEventLoop.processSelectedKey(NioEventLoop.java:632)
	at org.apache.ratis.thirdparty.io.netty.channel.nio.NioEventLoop.processSelectedKeysOptimized(NioEventLoop.java:579)
	at org.apache.ratis.thirdparty.io.netty.channel.nio.NioEventLoop.processSelectedKeys(NioEventLoop.java:496)
	at org.apache.ratis.thirdparty.io.netty.channel.nio.NioEventLoop.run(NioEventLoop.java:458)
	at org.apache.ratis.thirdparty.io.netty.util.concurrent.SingleThreadEventExecutor$5.run(SingleThreadEventExecutor.java:897)
	at org.apache.ratis.thirdparty.io.netty.util.concurrent.FastThreadLocalRunnable.run(FastThreadLocalRunnable.java:30)
	... 1 more
Caused by: java.net.ConnectException: Connection refused
	... 11 more
2019-11-14 17:39:29,681 [00aa4e63-81eb-4c33-a32e-b28e61c28a6d@group-B209632AD019-LeaderElection232] INFO  impl.LeaderElection (LogUtils.java:infoOrTrace(149)) - 00aa4e63-81eb-4c33-a32e-b28e61c28a6d@group-B209632AD019-LeaderElection232 got exception when requesting votes: {}
java.util.concurrent.ExecutionException: org.apache.ratis.thirdparty.io.grpc.StatusRuntimeException: UNAVAILABLE: io exception
	at java.util.concurrent.FutureTask.report(FutureTask.java:122)
	at java.util.concurrent.FutureTask.get(FutureTask.java:192)
	at org.apache.ratis.server.impl.LeaderElection.waitForResults(LeaderElection.java:259)
	at org.apache.ratis.server.impl.LeaderElection.askForVotes(LeaderElection.java:197)
	at org.apache.ratis.server.impl.LeaderElection.run(LeaderElection.java:133)
	at java.lang.Thread.run(Thread.java:748)
Caused by: org.apache.ratis.thirdparty.io.grpc.StatusRuntimeException: UNAVAILABLE: io exception
	at org.apache.ratis.thirdparty.io.grpc.stub.ClientCalls.toStatusRuntimeException(ClientCalls.java:233)
	at org.apache.ratis.thirdparty.io.grpc.stub.ClientCalls.getUnchecked(ClientCalls.java:214)
	at org.apache.ratis.thirdparty.io.grpc.stub.ClientCalls.blockingUnaryCall(ClientCalls.java:139)
	at org.apache.ratis.proto.grpc.RaftServerProtocolServiceGrpc$RaftServerProtocolServiceBlockingStub.requestVote(RaftServerProtocolServiceGrpc.java:265)
	at org.apache.ratis.grpc.server.GrpcServerProtocolClient.requestVote(GrpcServerProtocolClient.java:99)
	at org.apache.ratis.grpc.server.GrpcService.requestVote(GrpcService.java:204)
	at org.apache.ratis.server.impl.LeaderElection.lambda$submitRequests$1(LeaderElection.java:234)
	at java.util.concurrent.FutureTask.run(FutureTask.java:266)
	at java.util.concurrent.Executors$RunnableAdapter.call(Executors.java:511)
	at java.util.concurrent.FutureTask.run(FutureTask.java:266)
	at java.util.concurrent.ThreadPoolExecutor.runWorker(ThreadPoolExecutor.java:1149)
	at java.util.concurrent.ThreadPoolExecutor$Worker.run(ThreadPoolExecutor.java:624)
	... 1 more
Caused by: org.apache.ratis.thirdparty.io.netty.channel.AbstractChannel$AnnotatedConnectException: Connection refused: /192.168.157.194:46499
	at sun.nio.ch.SocketChannelImpl.checkConnect(Native Method)
	at sun.nio.ch.SocketChannelImpl.finishConnect(SocketChannelImpl.java:717)
	at org.apache.ratis.thirdparty.io.netty.channel.socket.nio.NioSocketChannel.doFinishConnect(NioSocketChannel.java:327)
	at org.apache.ratis.thirdparty.io.netty.channel.nio.AbstractNioChannel$AbstractNioUnsafe.finishConnect(AbstractNioChannel.java:340)
	at org.apache.ratis.thirdparty.io.netty.channel.nio.NioEventLoop.processSelectedKey(NioEventLoop.java:632)
	at org.apache.ratis.thirdparty.io.netty.channel.nio.NioEventLoop.processSelectedKeysOptimized(NioEventLoop.java:579)
	at org.apache.ratis.thirdparty.io.netty.channel.nio.NioEventLoop.processSelectedKeys(NioEventLoop.java:496)
	at org.apache.ratis.thirdparty.io.netty.channel.nio.NioEventLoop.run(NioEventLoop.java:458)
	at org.apache.ratis.thirdparty.io.netty.util.concurrent.SingleThreadEventExecutor$5.run(SingleThreadEventExecutor.java:897)
	at org.apache.ratis.thirdparty.io.netty.util.concurrent.FastThreadLocalRunnable.run(FastThreadLocalRunnable.java:30)
	... 1 more
Caused by: java.net.ConnectException: Connection refused
	... 11 more
2019-11-14 17:39:29,682 [00aa4e63-81eb-4c33-a32e-b28e61c28a6d@group-B209632AD019-LeaderElection232] INFO  impl.LeaderElection (LeaderElection.java:logAndReturn(56)) - 00aa4e63-81eb-4c33-a32e-b28e61c28a6d@group-B209632AD019-LeaderElection232: Election REJECTED; received 0 response(s) [] and 2 exception(s); 00aa4e63-81eb-4c33-a32e-b28e61c28a6d@group-B209632AD019:t5, leader=null, voted=00aa4e63-81eb-4c33-a32e-b28e61c28a6d, raftlog=00aa4e63-81eb-4c33-a32e-b28e61c28a6d@group-B209632AD019-SegmentedRaftLog:OPENED:c0,f0,i0, conf=0: [00aa4e63-81eb-4c33-a32e-b28e61c28a6d:192.168.157.194:43947, da9d3605-d5bb-4af4-b35f-64e6f231f8df:192.168.157.194:36645, 9c88a047-7f73-4111-bf87-fe029dccbce6:192.168.157.194:46499], old=null
2019-11-14 17:39:29,682 [00aa4e63-81eb-4c33-a32e-b28e61c28a6d@group-B209632AD019-LeaderElection232] INFO  impl.LeaderElection (LogUtils.java:infoOrTrace(149)) -   Exception 0: {}
java.util.concurrent.ExecutionException: org.apache.ratis.thirdparty.io.grpc.StatusRuntimeException: UNAVAILABLE: io exception
	at java.util.concurrent.FutureTask.report(FutureTask.java:122)
	at java.util.concurrent.FutureTask.get(FutureTask.java:192)
	at org.apache.ratis.server.impl.LeaderElection.waitForResults(LeaderElection.java:259)
	at org.apache.ratis.server.impl.LeaderElection.askForVotes(LeaderElection.java:197)
	at org.apache.ratis.server.impl.LeaderElection.run(LeaderElection.java:133)
	at java.lang.Thread.run(Thread.java:748)
Caused by: org.apache.ratis.thirdparty.io.grpc.StatusRuntimeException: UNAVAILABLE: io exception
	at org.apache.ratis.thirdparty.io.grpc.stub.ClientCalls.toStatusRuntimeException(ClientCalls.java:233)
	at org.apache.ratis.thirdparty.io.grpc.stub.ClientCalls.getUnchecked(ClientCalls.java:214)
	at org.apache.ratis.thirdparty.io.grpc.stub.ClientCalls.blockingUnaryCall(ClientCalls.java:139)
	at org.apache.ratis.proto.grpc.RaftServerProtocolServiceGrpc$RaftServerProtocolServiceBlockingStub.requestVote(RaftServerProtocolServiceGrpc.java:265)
	at org.apache.ratis.grpc.server.GrpcServerProtocolClient.requestVote(GrpcServerProtocolClient.java:99)
	at org.apache.ratis.grpc.server.GrpcService.requestVote(GrpcService.java:204)
	at org.apache.ratis.server.impl.LeaderElection.lambda$submitRequests$1(LeaderElection.java:234)
	at java.util.concurrent.FutureTask.run(FutureTask.java:266)
	at java.util.concurrent.Executors$RunnableAdapter.call(Executors.java:511)
	at java.util.concurrent.FutureTask.run(FutureTask.java:266)
	at java.util.concurrent.ThreadPoolExecutor.runWorker(ThreadPoolExecutor.java:1149)
	at java.util.concurrent.ThreadPoolExecutor$Worker.run(ThreadPoolExecutor.java:624)
	... 1 more
Caused by: org.apache.ratis.thirdparty.io.netty.channel.AbstractChannel$AnnotatedConnectException: Connection refused: /192.168.157.194:36645
	at sun.nio.ch.SocketChannelImpl.checkConnect(Native Method)
	at sun.nio.ch.SocketChannelImpl.finishConnect(SocketChannelImpl.java:717)
	at org.apache.ratis.thirdparty.io.netty.channel.socket.nio.NioSocketChannel.doFinishConnect(NioSocketChannel.java:327)
	at org.apache.ratis.thirdparty.io.netty.channel.nio.AbstractNioChannel$AbstractNioUnsafe.finishConnect(AbstractNioChannel.java:340)
	at org.apache.ratis.thirdparty.io.netty.channel.nio.NioEventLoop.processSelectedKey(NioEventLoop.java:632)
	at org.apache.ratis.thirdparty.io.netty.channel.nio.NioEventLoop.processSelectedKeysOptimized(NioEventLoop.java:579)
	at org.apache.ratis.thirdparty.io.netty.channel.nio.NioEventLoop.processSelectedKeys(NioEventLoop.java:496)
	at org.apache.ratis.thirdparty.io.netty.channel.nio.NioEventLoop.run(NioEventLoop.java:458)
	at org.apache.ratis.thirdparty.io.netty.util.concurrent.SingleThreadEventExecutor$5.run(SingleThreadEventExecutor.java:897)
	at org.apache.ratis.thirdparty.io.netty.util.concurrent.FastThreadLocalRunnable.run(FastThreadLocalRunnable.java:30)
	... 1 more
Caused by: java.net.ConnectException: Connection refused
	... 11 more
2019-11-14 17:39:29,682 [00aa4e63-81eb-4c33-a32e-b28e61c28a6d@group-B209632AD019-LeaderElection232] INFO  impl.LeaderElection (LogUtils.java:infoOrTrace(149)) -   Exception 1: {}
java.util.concurrent.ExecutionException: org.apache.ratis.thirdparty.io.grpc.StatusRuntimeException: UNAVAILABLE: io exception
	at java.util.concurrent.FutureTask.report(FutureTask.java:122)
	at java.util.concurrent.FutureTask.get(FutureTask.java:192)
	at org.apache.ratis.server.impl.LeaderElection.waitForResults(LeaderElection.java:259)
	at org.apache.ratis.server.impl.LeaderElection.askForVotes(LeaderElection.java:197)
	at org.apache.ratis.server.impl.LeaderElection.run(LeaderElection.java:133)
	at java.lang.Thread.run(Thread.java:748)
Caused by: org.apache.ratis.thirdparty.io.grpc.StatusRuntimeException: UNAVAILABLE: io exception
	at org.apache.ratis.thirdparty.io.grpc.stub.ClientCalls.toStatusRuntimeException(ClientCalls.java:233)
	at org.apache.ratis.thirdparty.io.grpc.stub.ClientCalls.getUnchecked(ClientCalls.java:214)
	at org.apache.ratis.thirdparty.io.grpc.stub.ClientCalls.blockingUnaryCall(ClientCalls.java:139)
	at org.apache.ratis.proto.grpc.RaftServerProtocolServiceGrpc$RaftServerProtocolServiceBlockingStub.requestVote(RaftServerProtocolServiceGrpc.java:265)
	at org.apache.ratis.grpc.server.GrpcServerProtocolClient.requestVote(GrpcServerProtocolClient.java:99)
	at org.apache.ratis.grpc.server.GrpcService.requestVote(GrpcService.java:204)
	at org.apache.ratis.server.impl.LeaderElection.lambda$submitRequests$1(LeaderElection.java:234)
	at java.util.concurrent.FutureTask.run(FutureTask.java:266)
	at java.util.concurrent.Executors$RunnableAdapter.call(Executors.java:511)
	at java.util.concurrent.FutureTask.run(FutureTask.java:266)
	at java.util.concurrent.ThreadPoolExecutor.runWorker(ThreadPoolExecutor.java:1149)
	at java.util.concurrent.ThreadPoolExecutor$Worker.run(ThreadPoolExecutor.java:624)
	... 1 more
Caused by: org.apache.ratis.thirdparty.io.netty.channel.AbstractChannel$AnnotatedConnectException: Connection refused: /192.168.157.194:46499
	at sun.nio.ch.SocketChannelImpl.checkConnect(Native Method)
	at sun.nio.ch.SocketChannelImpl.finishConnect(SocketChannelImpl.java:717)
	at org.apache.ratis.thirdparty.io.netty.channel.socket.nio.NioSocketChannel.doFinishConnect(NioSocketChannel.java:327)
	at org.apache.ratis.thirdparty.io.netty.channel.nio.AbstractNioChannel$AbstractNioUnsafe.finishConnect(AbstractNioChannel.java:340)
	at org.apache.ratis.thirdparty.io.netty.channel.nio.NioEventLoop.processSelectedKey(NioEventLoop.java:632)
	at org.apache.ratis.thirdparty.io.netty.channel.nio.NioEventLoop.processSelectedKeysOptimized(NioEventLoop.java:579)
	at org.apache.ratis.thirdparty.io.netty.channel.nio.NioEventLoop.processSelectedKeys(NioEventLoop.java:496)
	at org.apache.ratis.thirdparty.io.netty.channel.nio.NioEventLoop.run(NioEventLoop.java:458)
	at org.apache.ratis.thirdparty.io.netty.util.concurrent.SingleThreadEventExecutor$5.run(SingleThreadEventExecutor.java:897)
	at org.apache.ratis.thirdparty.io.netty.util.concurrent.FastThreadLocalRunnable.run(FastThreadLocalRunnable.java:30)
	... 1 more
Caused by: java.net.ConnectException: Connection refused
	... 11 more
2019-11-14 17:39:29,682 [00aa4e63-81eb-4c33-a32e-b28e61c28a6d@group-B209632AD019-LeaderElection232] INFO  impl.RaftServerImpl (RaftServerImpl.java:setRole(173)) - 00aa4e63-81eb-4c33-a32e-b28e61c28a6d@group-B209632AD019: changes role from CANDIDATE to FOLLOWER at term 5 for DISCOVERED_A_NEW_TERM
2019-11-14 17:39:29,682 [00aa4e63-81eb-4c33-a32e-b28e61c28a6d@group-B209632AD019-LeaderElection232] INFO  impl.RoleInfo (RoleInfo.java:shutdownLeaderElection(134)) - 00aa4e63-81eb-4c33-a32e-b28e61c28a6d: shutdown LeaderElection
2019-11-14 17:39:29,682 [00aa4e63-81eb-4c33-a32e-b28e61c28a6d@group-B209632AD019-LeaderElection232] INFO  impl.RoleInfo (RoleInfo.java:updateAndGet(143)) - 00aa4e63-81eb-4c33-a32e-b28e61c28a6d: start FollowerState
2019-11-14 17:39:29,768 [Thread-4075] INFO  impl.FollowerState (FollowerState.java:run(111)) - d0d029c9-c080-45aa-9428-ec9c2afb2e55@group-28F059BB15A6-FollowerState: change to CANDIDATE, lastRpcTime:1494ms, electionTimeout:1153ms
2019-11-14 17:39:29,768 [Thread-4075] INFO  impl.RoleInfo (RoleInfo.java:shutdownFollowerState(121)) - d0d029c9-c080-45aa-9428-ec9c2afb2e55: shutdown FollowerState
2019-11-14 17:39:29,768 [Thread-4075] INFO  impl.RaftServerImpl (RaftServerImpl.java:setRole(173)) - d0d029c9-c080-45aa-9428-ec9c2afb2e55@group-28F059BB15A6: changes role from  FOLLOWER to CANDIDATE at term 1 for changeToCandidate
2019-11-14 17:39:29,768 [Thread-4075] INFO  impl.RoleInfo (RoleInfo.java:updateAndGet(143)) - d0d029c9-c080-45aa-9428-ec9c2afb2e55: start LeaderElection
2019-11-14 17:39:29,768 [d0d029c9-c080-45aa-9428-ec9c2afb2e55@group-28F059BB15A6-LeaderElection233] INFO  impl.RaftServerImpl (ServerState.java:setLeader(255)) - d0d029c9-c080-45aa-9428-ec9c2afb2e55@group-28F059BB15A6: change Leader from 521325b2-2ced-4cee-b44f-acc523c049d7 to null at term 1 for initElection
2019-11-14 17:39:29,795 [d0d029c9-c080-45aa-9428-ec9c2afb2e55@group-28F059BB15A6-LeaderElection233] INFO  impl.LeaderElection (LeaderElection.java:askForVotes(178)) - d0d029c9-c080-45aa-9428-ec9c2afb2e55@group-28F059BB15A6-LeaderElection233: begin an election at term 2 for 0: [d0c52919-9387-42b7-9191-3f4b0bb9b568:192.168.157.194:42749, d0d029c9-c080-45aa-9428-ec9c2afb2e55:192.168.157.194:41166, 521325b2-2ced-4cee-b44f-acc523c049d7:192.168.157.194:33976], old=null
2019-11-14 17:39:29,796 [d0d029c9-c080-45aa-9428-ec9c2afb2e55@group-28F059BB15A6-LeaderElection233] INFO  impl.LeaderElection (LogUtils.java:infoOrTrace(149)) - d0d029c9-c080-45aa-9428-ec9c2afb2e55@group-28F059BB15A6-LeaderElection233 got exception when requesting votes: {}
java.util.concurrent.ExecutionException: org.apache.ratis.thirdparty.io.grpc.StatusRuntimeException: UNAVAILABLE: io exception
	at java.util.concurrent.FutureTask.report(FutureTask.java:122)
	at java.util.concurrent.FutureTask.get(FutureTask.java:192)
	at org.apache.ratis.server.impl.LeaderElection.waitForResults(LeaderElection.java:259)
	at org.apache.ratis.server.impl.LeaderElection.askForVotes(LeaderElection.java:197)
	at org.apache.ratis.server.impl.LeaderElection.run(LeaderElection.java:133)
	at java.lang.Thread.run(Thread.java:748)
Caused by: org.apache.ratis.thirdparty.io.grpc.StatusRuntimeException: UNAVAILABLE: io exception
	at org.apache.ratis.thirdparty.io.grpc.stub.ClientCalls.toStatusRuntimeException(ClientCalls.java:233)
	at org.apache.ratis.thirdparty.io.grpc.stub.ClientCalls.getUnchecked(ClientCalls.java:214)
	at org.apache.ratis.thirdparty.io.grpc.stub.ClientCalls.blockingUnaryCall(ClientCalls.java:139)
	at org.apache.ratis.proto.grpc.RaftServerProtocolServiceGrpc$RaftServerProtocolServiceBlockingStub.requestVote(RaftServerProtocolServiceGrpc.java:265)
	at org.apache.ratis.grpc.server.GrpcServerProtocolClient.requestVote(GrpcServerProtocolClient.java:99)
	at org.apache.ratis.grpc.server.GrpcService.requestVote(GrpcService.java:204)
	at org.apache.ratis.server.impl.LeaderElection.lambda$submitRequests$1(LeaderElection.java:234)
	at java.util.concurrent.FutureTask.run(FutureTask.java:266)
	at java.util.concurrent.Executors$RunnableAdapter.call(Executors.java:511)
	at java.util.concurrent.FutureTask.run(FutureTask.java:266)
	at java.util.concurrent.ThreadPoolExecutor.runWorker(ThreadPoolExecutor.java:1149)
	at java.util.concurrent.ThreadPoolExecutor$Worker.run(ThreadPoolExecutor.java:624)
	... 1 more
Caused by: org.apache.ratis.thirdparty.io.netty.channel.AbstractChannel$AnnotatedConnectException: Connection refused: /192.168.157.194:33976
	at sun.nio.ch.SocketChannelImpl.checkConnect(Native Method)
	at sun.nio.ch.SocketChannelImpl.finishConnect(SocketChannelImpl.java:717)
	at org.apache.ratis.thirdparty.io.netty.channel.socket.nio.NioSocketChannel.doFinishConnect(NioSocketChannel.java:327)
	at org.apache.ratis.thirdparty.io.netty.channel.nio.AbstractNioChannel$AbstractNioUnsafe.finishConnect(AbstractNioChannel.java:340)
	at org.apache.ratis.thirdparty.io.netty.channel.nio.NioEventLoop.processSelectedKey(NioEventLoop.java:632)
	at org.apache.ratis.thirdparty.io.netty.channel.nio.NioEventLoop.processSelectedKeysOptimized(NioEventLoop.java:579)
	at org.apache.ratis.thirdparty.io.netty.channel.nio.NioEventLoop.processSelectedKeys(NioEventLoop.java:496)
	at org.apache.ratis.thirdparty.io.netty.channel.nio.NioEventLoop.run(NioEventLoop.java:458)
	at org.apache.ratis.thirdparty.io.netty.util.concurrent.SingleThreadEventExecutor$5.run(SingleThreadEventExecutor.java:897)
	at org.apache.ratis.thirdparty.io.netty.util.concurrent.FastThreadLocalRunnable.run(FastThreadLocalRunnable.java:30)
	... 1 more
Caused by: java.net.ConnectException: Connection refused
	... 11 more
2019-11-14 17:39:29,798 [grpc-default-executor-5] INFO  impl.RaftServerImpl (ServerState.java:setLeader(255)) - d0c52919-9387-42b7-9191-3f4b0bb9b568@group-28F059BB15A6: change Leader from 521325b2-2ced-4cee-b44f-acc523c049d7 to null at term 2 for updateCurrentTerm
2019-11-14 17:39:29,798 [grpc-default-executor-5] INFO  impl.RaftServerImpl (RaftServerImpl.java:setRole(173)) - d0c52919-9387-42b7-9191-3f4b0bb9b568@group-28F059BB15A6: changes role from  FOLLOWER to FOLLOWER at term 2 for recognizeCandidate:d0d029c9-c080-45aa-9428-ec9c2afb2e55
2019-11-14 17:39:29,798 [grpc-default-executor-5] INFO  impl.RoleInfo (RoleInfo.java:shutdownFollowerState(121)) - d0c52919-9387-42b7-9191-3f4b0bb9b568: shutdown FollowerState
2019-11-14 17:39:29,798 [grpc-default-executor-5] INFO  impl.RoleInfo (RoleInfo.java:updateAndGet(143)) - d0c52919-9387-42b7-9191-3f4b0bb9b568: start FollowerState
2019-11-14 17:39:29,798 [Thread-4076] INFO  impl.FollowerState (FollowerState.java:run(120)) - d0c52919-9387-42b7-9191-3f4b0bb9b568@group-28F059BB15A6-FollowerState was interrupted: java.lang.InterruptedException: sleep interrupted
2019-11-14 17:39:29,834 [d0d029c9-c080-45aa-9428-ec9c2afb2e55@group-28F059BB15A6-LeaderElection233] INFO  impl.LeaderElection (LeaderElection.java:logAndReturn(56)) - d0d029c9-c080-45aa-9428-ec9c2afb2e55@group-28F059BB15A6-LeaderElection233: Election PASSED; received 1 response(s) [d0d029c9-c080-45aa-9428-ec9c2afb2e55<-d0c52919-9387-42b7-9191-3f4b0bb9b568#0:OK-t2] and 1 exception(s); d0d029c9-c080-45aa-9428-ec9c2afb2e55@group-28F059BB15A6:t2, leader=null, voted=d0d029c9-c080-45aa-9428-ec9c2afb2e55, raftlog=d0d029c9-c080-45aa-9428-ec9c2afb2e55@group-28F059BB15A6-SegmentedRaftLog:OPENED:c0,f0,i0, conf=0: [d0c52919-9387-42b7-9191-3f4b0bb9b568:192.168.157.194:42749, d0d029c9-c080-45aa-9428-ec9c2afb2e55:192.168.157.194:41166, 521325b2-2ced-4cee-b44f-acc523c049d7:192.168.157.194:33976], old=null
2019-11-14 17:39:29,834 [d0d029c9-c080-45aa-9428-ec9c2afb2e55@group-28F059BB15A6-LeaderElection233] INFO  impl.LeaderElection (LogUtils.java:infoOrTrace(149)) -   Exception 0: {}
java.util.concurrent.ExecutionException: org.apache.ratis.thirdparty.io.grpc.StatusRuntimeException: UNAVAILABLE: io exception
	at java.util.concurrent.FutureTask.report(FutureTask.java:122)
	at java.util.concurrent.FutureTask.get(FutureTask.java:192)
	at org.apache.ratis.server.impl.LeaderElection.waitForResults(LeaderElection.java:259)
	at org.apache.ratis.server.impl.LeaderElection.askForVotes(LeaderElection.java:197)
	at org.apache.ratis.server.impl.LeaderElection.run(LeaderElection.java:133)
	at java.lang.Thread.run(Thread.java:748)
Caused by: org.apache.ratis.thirdparty.io.grpc.StatusRuntimeException: UNAVAILABLE: io exception
	at org.apache.ratis.thirdparty.io.grpc.stub.ClientCalls.toStatusRuntimeException(ClientCalls.java:233)
	at org.apache.ratis.thirdparty.io.grpc.stub.ClientCalls.getUnchecked(ClientCalls.java:214)
	at org.apache.ratis.thirdparty.io.grpc.stub.ClientCalls.blockingUnaryCall(ClientCalls.java:139)
	at org.apache.ratis.proto.grpc.RaftServerProtocolServiceGrpc$RaftServerProtocolServiceBlockingStub.requestVote(RaftServerProtocolServiceGrpc.java:265)
	at org.apache.ratis.grpc.server.GrpcServerProtocolClient.requestVote(GrpcServerProtocolClient.java:99)
	at org.apache.ratis.grpc.server.GrpcService.requestVote(GrpcService.java:204)
	at org.apache.ratis.server.impl.LeaderElection.lambda$submitRequests$1(LeaderElection.java:234)
	at java.util.concurrent.FutureTask.run(FutureTask.java:266)
	at java.util.concurrent.Executors$RunnableAdapter.call(Executors.java:511)
	at java.util.concurrent.FutureTask.run(FutureTask.java:266)
	at java.util.concurrent.ThreadPoolExecutor.runWorker(ThreadPoolExecutor.java:1149)
	at java.util.concurrent.ThreadPoolExecutor$Worker.run(ThreadPoolExecutor.java:624)
	... 1 more
Caused by: org.apache.ratis.thirdparty.io.netty.channel.AbstractChannel$AnnotatedConnectException: Connection refused: /192.168.157.194:33976
	at sun.nio.ch.SocketChannelImpl.checkConnect(Native Method)
	at sun.nio.ch.SocketChannelImpl.finishConnect(SocketChannelImpl.java:717)
	at org.apache.ratis.thirdparty.io.netty.channel.socket.nio.NioSocketChannel.doFinishConnect(NioSocketChannel.java:327)
	at org.apache.ratis.thirdparty.io.netty.channel.nio.AbstractNioChannel$AbstractNioUnsafe.finishConnect(AbstractNioChannel.java:340)
	at org.apache.ratis.thirdparty.io.netty.channel.nio.NioEventLoop.processSelectedKey(NioEventLoop.java:632)
	at org.apache.ratis.thirdparty.io.netty.channel.nio.NioEventLoop.processSelectedKeysOptimized(NioEventLoop.java:579)
	at org.apache.ratis.thirdparty.io.netty.channel.nio.NioEventLoop.processSelectedKeys(NioEventLoop.java:496)
	at org.apache.ratis.thirdparty.io.netty.channel.nio.NioEventLoop.run(NioEventLoop.java:458)
	at org.apache.ratis.thirdparty.io.netty.util.concurrent.SingleThreadEventExecutor$5.run(SingleThreadEventExecutor.java:897)
	at org.apache.ratis.thirdparty.io.netty.util.concurrent.FastThreadLocalRunnable.run(FastThreadLocalRunnable.java:30)
	... 1 more
Caused by: java.net.ConnectException: Connection refused
	... 11 more
2019-11-14 17:39:29,834 [d0d029c9-c080-45aa-9428-ec9c2afb2e55@group-28F059BB15A6-LeaderElection233] INFO  impl.RoleInfo (RoleInfo.java:shutdownLeaderElection(134)) - d0d029c9-c080-45aa-9428-ec9c2afb2e55: shutdown LeaderElection
2019-11-14 17:39:29,834 [d0d029c9-c080-45aa-9428-ec9c2afb2e55@group-28F059BB15A6-LeaderElection233] INFO  impl.RaftServerImpl (RaftServerImpl.java:setRole(173)) - d0d029c9-c080-45aa-9428-ec9c2afb2e55@group-28F059BB15A6: changes role from CANDIDATE to LEADER at term 2 for changeToLeader
2019-11-14 17:39:29,834 [d0d029c9-c080-45aa-9428-ec9c2afb2e55@group-28F059BB15A6-LeaderElection233] INFO  ratis.XceiverServerRatis (XceiverServerRatis.java:handleLeaderChangedNotification(697)) - Leader change notification received for group: group-28F059BB15A6 with new leaderId: d0d029c9-c080-45aa-9428-ec9c2afb2e55
2019-11-14 17:39:29,835 [d0d029c9-c080-45aa-9428-ec9c2afb2e55@group-28F059BB15A6-LeaderElection233] INFO  impl.RaftServerImpl (ServerState.java:setLeader(255)) - d0d029c9-c080-45aa-9428-ec9c2afb2e55@group-28F059BB15A6: change Leader from null to d0d029c9-c080-45aa-9428-ec9c2afb2e55 at term 2 for becomeLeader, leader elected after 66ms
2019-11-14 17:39:29,835 [d0d029c9-c080-45aa-9428-ec9c2afb2e55@group-28F059BB15A6-LeaderElection233] INFO  server.RaftServerConfigKeys (ConfUtils.java:logGet(43)) - raft.server.staging.catchup.gap = 1000 (default)
2019-11-14 17:39:29,835 [d0d029c9-c080-45aa-9428-ec9c2afb2e55@group-28F059BB15A6-LeaderElection233] INFO  server.RaftServerConfigKeys (ConfUtils.java:logGet(43)) - raft.server.rpc.sleep.time = 25ms (default)
2019-11-14 17:39:29,835 [d0d029c9-c080-45aa-9428-ec9c2afb2e55@group-28F059BB15A6-LeaderElection233] INFO  server.RaftServerConfigKeys (ConfUtils.java:logGet(43)) - raft.server.write.element-limit = 4096 (default)
2019-11-14 17:39:29,835 [d0d029c9-c080-45aa-9428-ec9c2afb2e55@group-28F059BB15A6-LeaderElection233] INFO  server.RaftServerConfigKeys (ConfUtils.java:logGet(43)) - raft.server.watch.timeout = 10s (default)
2019-11-14 17:39:29,835 [d0d029c9-c080-45aa-9428-ec9c2afb2e55@group-28F059BB15A6-LeaderElection233] INFO  server.RaftServerConfigKeys (ConfUtils.java:logGet(43)) - raft.server.watch.timeout.denomination = 1s (default)
2019-11-14 17:39:29,835 [d0d029c9-c080-45aa-9428-ec9c2afb2e55@group-28F059BB15A6-LeaderElection233] INFO  server.RaftServerConfigKeys (ConfUtils.java:logGet(43)) - raft.server.watch.element-limit = 65536 (default)
2019-11-14 17:39:29,836 [d0d029c9-c080-45aa-9428-ec9c2afb2e55@group-28F059BB15A6-LeaderElection233] INFO  server.RaftServerConfigKeys (ConfUtils.java:logGet(43)) - raft.server.log.appender.snapshot.chunk.size.max = 16MB (=16777216) (default)
2019-11-14 17:39:29,836 [d0d029c9-c080-45aa-9428-ec9c2afb2e55@group-28F059BB15A6-LeaderElection233] INFO  server.RaftServerConfigKeys (ConfUtils.java:logGet(43)) - raft.server.log.appender.buffer.byte-limit = 33554432 (custom)
2019-11-14 17:39:29,836 [d0d029c9-c080-45aa-9428-ec9c2afb2e55@group-28F059BB15A6-LeaderElection233] INFO  server.RaftServerConfigKeys (ConfUtils.java:logGet(43)) - raft.server.log.appender.buffer.element-limit = 1 (custom)
2019-11-14 17:39:29,836 [d0d029c9-c080-45aa-9428-ec9c2afb2e55@group-28F059BB15A6-LeaderElection233] INFO  grpc.GrpcConfigKeys$Server (ConfUtils.java:logGet(43)) - raft.grpc.server.leader.outstanding.appends.max = 128 (default)
2019-11-14 17:39:29,836 [d0d029c9-c080-45aa-9428-ec9c2afb2e55@group-28F059BB15A6-LeaderElection233] INFO  server.RaftServerConfigKeys (ConfUtils.java:logGet(43)) - raft.server.rpc.request.timeout = 3000ms (default)
2019-11-14 17:39:29,836 [d0d029c9-c080-45aa-9428-ec9c2afb2e55@group-28F059BB15A6-LeaderElection233] INFO  server.RaftServerConfigKeys (ConfUtils.java:logGet(43)) - raft.server.log.appender.install.snapshot.enabled = false (custom)
2019-11-14 17:39:29,836 [d0d029c9-c080-45aa-9428-ec9c2afb2e55@group-28F059BB15A6-LeaderElection233] WARN  impl.MetricRegistriesImpl (MetricRegistriesImpl.java:lambda$create$1(61)) - First MetricRegistry has been created without registering reporters. You may need to call MetricRegistries.global().addReportRegistration(...) before.
2019-11-14 17:39:29,837 [d0d029c9-c080-45aa-9428-ec9c2afb2e55@group-28F059BB15A6-LeaderElection233] INFO  server.RaftServerConfigKeys (ConfUtils.java:logGet(43)) - raft.server.log.appender.snapshot.chunk.size.max = 16MB (=16777216) (default)
2019-11-14 17:39:29,837 [d0d029c9-c080-45aa-9428-ec9c2afb2e55@group-28F059BB15A6-LeaderElection233] INFO  server.RaftServerConfigKeys (ConfUtils.java:logGet(43)) - raft.server.log.appender.buffer.byte-limit = 33554432 (custom)
2019-11-14 17:39:29,837 [d0d029c9-c080-45aa-9428-ec9c2afb2e55@group-28F059BB15A6-LeaderElection233] INFO  server.RaftServerConfigKeys (ConfUtils.java:logGet(43)) - raft.server.log.appender.buffer.element-limit = 1 (custom)
2019-11-14 17:39:29,837 [d0d029c9-c080-45aa-9428-ec9c2afb2e55@group-28F059BB15A6-LeaderElection233] INFO  grpc.GrpcConfigKeys$Server (ConfUtils.java:logGet(43)) - raft.grpc.server.leader.outstanding.appends.max = 128 (default)
2019-11-14 17:39:29,837 [d0d029c9-c080-45aa-9428-ec9c2afb2e55@group-28F059BB15A6-LeaderElection233] INFO  server.RaftServerConfigKeys (ConfUtils.java:logGet(43)) - raft.server.rpc.request.timeout = 3000ms (default)
2019-11-14 17:39:29,837 [d0d029c9-c080-45aa-9428-ec9c2afb2e55@group-28F059BB15A6-LeaderElection233] INFO  server.RaftServerConfigKeys (ConfUtils.java:logGet(43)) - raft.server.log.appender.install.snapshot.enabled = false (custom)
2019-11-14 17:39:29,837 [d0d029c9-c080-45aa-9428-ec9c2afb2e55@group-28F059BB15A6-LeaderElection233] INFO  impl.RoleInfo (RoleInfo.java:updateAndGet(143)) - d0d029c9-c080-45aa-9428-ec9c2afb2e55: start LeaderState
2019-11-14 17:39:29,838 [d0d029c9-c080-45aa-9428-ec9c2afb2e55@group-28F059BB15A6-LeaderElection233] INFO  segmented.SegmentedRaftLogWorker (SegmentedRaftLogWorker.java:rollLogSegment(390)) - d0d029c9-c080-45aa-9428-ec9c2afb2e55@group-28F059BB15A6-SegmentedRaftLogWorker: Rolling segment log-0_0 to index:0
2019-11-14 17:39:29,838 [d0d029c9-c080-45aa-9428-ec9c2afb2e55@group-28F059BB15A6-LeaderElection233] INFO  impl.RaftServerImpl (ServerState.java:setRaftConf(356)) - d0d029c9-c080-45aa-9428-ec9c2afb2e55@group-28F059BB15A6: set configuration 1: [d0c52919-9387-42b7-9191-3f4b0bb9b568:192.168.157.194:42749, d0d029c9-c080-45aa-9428-ec9c2afb2e55:192.168.157.194:41166, 521325b2-2ced-4cee-b44f-acc523c049d7:192.168.157.194:33976], old=null at 1
2019-11-14 17:39:29,838 [d0d029c9-c080-45aa-9428-ec9c2afb2e55@group-28F059BB15A6-SegmentedRaftLogWorker] INFO  segmented.SegmentedRaftLogWorker (SegmentedRaftLogWorker.java:execute(533)) - d0d029c9-c080-45aa-9428-ec9c2afb2e55@group-28F059BB15A6-SegmentedRaftLogWorker: Rolled log segment from /workdir/hadoop-ozone/integration-test/target/test-dir/MiniOzoneClusterImpl-76142843-c060-4c87-bf9f-3caeb3385afc/datanode-8/data/ratis/ca9d7718-40ec-45c6-a8b8-28f059bb15a6/current/log_inprogress_0 to /workdir/hadoop-ozone/integration-test/target/test-dir/MiniOzoneClusterImpl-76142843-c060-4c87-bf9f-3caeb3385afc/datanode-8/data/ratis/ca9d7718-40ec-45c6-a8b8-28f059bb15a6/current/log_0-0
2019-11-14 17:39:29,838 [grpc-default-executor-5] WARN  server.GrpcLogAppender (LogUtils.java:warn(134)) - d0d029c9-c080-45aa-9428-ec9c2afb2e55@group-28F059BB15A6->521325b2-2ced-4cee-b44f-acc523c049d7-AppendLogResponseHandler: Failed appendEntries: org.apache.ratis.thirdparty.io.grpc.StatusRuntimeException: UNAVAILABLE: io exception
2019-11-14 17:39:29,839 [grpc-default-executor-5] INFO  impl.FollowerInfo (FollowerInfo.java:lambda$new$0(51)) - d0d029c9-c080-45aa-9428-ec9c2afb2e55@group-28F059BB15A6->521325b2-2ced-4cee-b44f-acc523c049d7: nextIndex: updateUnconditionally 1 -> 0
2019-11-14 17:39:29,839 [grpc-default-executor-7] INFO  ratis.XceiverServerRatis (XceiverServerRatis.java:handleLeaderChangedNotification(697)) - Leader change notification received for group: group-28F059BB15A6 with new leaderId: d0d029c9-c080-45aa-9428-ec9c2afb2e55
2019-11-14 17:39:29,839 [grpc-default-executor-7] INFO  impl.RaftServerImpl (ServerState.java:setLeader(255)) - d0c52919-9387-42b7-9191-3f4b0bb9b568@group-28F059BB15A6: change Leader from null to d0d029c9-c080-45aa-9428-ec9c2afb2e55 at term 2 for appendEntries, leader elected after 41ms
2019-11-14 17:39:29,876 [grpc-default-executor-7] INFO  impl.RaftServerImpl (ServerState.java:setRaftConf(356)) - d0c52919-9387-42b7-9191-3f4b0bb9b568@group-28F059BB15A6: set configuration 1: [d0c52919-9387-42b7-9191-3f4b0bb9b568:192.168.157.194:42749, d0d029c9-c080-45aa-9428-ec9c2afb2e55:192.168.157.194:41166, 521325b2-2ced-4cee-b44f-acc523c049d7:192.168.157.194:33976], old=null at 1
2019-11-14 17:39:29,877 [grpc-default-executor-7] INFO  segmented.SegmentedRaftLogWorker (SegmentedRaftLogWorker.java:rollLogSegment(390)) - d0c52919-9387-42b7-9191-3f4b0bb9b568@group-28F059BB15A6-SegmentedRaftLogWorker: Rolling segment log-0_0 to index:0
2019-11-14 17:39:29,878 [d0c52919-9387-42b7-9191-3f4b0bb9b568@group-28F059BB15A6-SegmentedRaftLogWorker] INFO  segmented.SegmentedRaftLogWorker (SegmentedRaftLogWorker.java:execute(533)) - d0c52919-9387-42b7-9191-3f4b0bb9b568@group-28F059BB15A6-SegmentedRaftLogWorker: Rolled log segment from /workdir/hadoop-ozone/integration-test/target/test-dir/MiniOzoneClusterImpl-76142843-c060-4c87-bf9f-3caeb3385afc/datanode-9/data/ratis/ca9d7718-40ec-45c6-a8b8-28f059bb15a6/current/log_inprogress_0 to /workdir/hadoop-ozone/integration-test/target/test-dir/MiniOzoneClusterImpl-76142843-c060-4c87-bf9f-3caeb3385afc/datanode-9/data/ratis/ca9d7718-40ec-45c6-a8b8-28f059bb15a6/current/log_0-0
2019-11-14 17:39:29,878 [grpc-default-executor-5] WARN  server.GrpcLogAppender (LogUtils.java:warn(134)) - 9f70b324-be48-4d43-8f47-cd647748f9c6@group-8A7698DEED1E->4fcb6245-7b52-48ea-a68b-fda0132084cd-AppendLogResponseHandler: Failed appendEntries: org.apache.ratis.thirdparty.io.grpc.StatusRuntimeException: UNAVAILABLE: io exception
2019-11-14 17:39:29,878 [grpc-default-executor-5] INFO  impl.FollowerInfo (FollowerInfo.java:lambda$new$0(51)) - 9f70b324-be48-4d43-8f47-cd647748f9c6@group-8A7698DEED1E->4fcb6245-7b52-48ea-a68b-fda0132084cd: nextIndex: updateUnconditionally 0 -> 0
2019-11-14 17:39:29,900 [d0d029c9-c080-45aa-9428-ec9c2afb2e55@group-28F059BB15A6-SegmentedRaftLogWorker] INFO  segmented.SegmentedRaftLogWorker (SegmentedRaftLogWorker.java:execute(576)) - d0d029c9-c080-45aa-9428-ec9c2afb2e55@group-28F059BB15A6-SegmentedRaftLogWorker: created new log segment /workdir/hadoop-ozone/integration-test/target/test-dir/MiniOzoneClusterImpl-76142843-c060-4c87-bf9f-3caeb3385afc/datanode-8/data/ratis/ca9d7718-40ec-45c6-a8b8-28f059bb15a6/current/log_inprogress_1
2019-11-14 17:39:29,925 [d0c52919-9387-42b7-9191-3f4b0bb9b568@group-28F059BB15A6-SegmentedRaftLogWorker] INFO  segmented.SegmentedRaftLogWorker (SegmentedRaftLogWorker.java:execute(576)) - d0c52919-9387-42b7-9191-3f4b0bb9b568@group-28F059BB15A6-SegmentedRaftLogWorker: created new log segment /workdir/hadoop-ozone/integration-test/target/test-dir/MiniOzoneClusterImpl-76142843-c060-4c87-bf9f-3caeb3385afc/datanode-9/data/ratis/ca9d7718-40ec-45c6-a8b8-28f059bb15a6/current/log_inprogress_1
2019-11-14 17:39:29,940 [grpc-default-executor-7] WARN  server.GrpcLogAppender (LogUtils.java:warn(134)) - d0d029c9-c080-45aa-9428-ec9c2afb2e55@group-28F059BB15A6->521325b2-2ced-4cee-b44f-acc523c049d7-AppendLogResponseHandler: Failed appendEntries: org.apache.ratis.thirdparty.io.grpc.StatusRuntimeException: UNAVAILABLE: io exception
2019-11-14 17:39:29,940 [grpc-default-executor-7] INFO  impl.FollowerInfo (FollowerInfo.java:lambda$new$0(51)) - d0d029c9-c080-45aa-9428-ec9c2afb2e55@group-28F059BB15A6->521325b2-2ced-4cee-b44f-acc523c049d7: nextIndex: updateUnconditionally 1 -> 0
2019-11-14 17:39:29,961 [grpc-default-executor-7] WARN  server.GrpcLogAppender (LogUtils.java:warn(134)) - d0d029c9-c080-45aa-9428-ec9c2afb2e55@group-28F059BB15A6->521325b2-2ced-4cee-b44f-acc523c049d7-AppendLogResponseHandler: Failed appendEntries: org.apache.ratis.thirdparty.io.grpc.StatusRuntimeException: UNAVAILABLE: io exception
2019-11-14 17:39:29,961 [grpc-default-executor-7] INFO  impl.FollowerInfo (FollowerInfo.java:lambda$new$0(51)) - d0d029c9-c080-45aa-9428-ec9c2afb2e55@group-28F059BB15A6->521325b2-2ced-4cee-b44f-acc523c049d7: nextIndex: updateUnconditionally 1 -> 0
2019-11-14 17:39:30,378 [grpc-default-executor-7] WARN  server.GrpcLogAppender (LogUtils.java:warn(134)) - 9f70b324-be48-4d43-8f47-cd647748f9c6@group-8A7698DEED1E->4fcb6245-7b52-48ea-a68b-fda0132084cd-AppendLogResponseHandler: Failed appendEntries: org.apache.ratis.thirdparty.io.grpc.StatusRuntimeException: UNAVAILABLE: io exception
2019-11-14 17:39:30,379 [grpc-default-executor-7] INFO  impl.FollowerInfo (FollowerInfo.java:lambda$new$0(51)) - 9f70b324-be48-4d43-8f47-cd647748f9c6@group-8A7698DEED1E->4fcb6245-7b52-48ea-a68b-fda0132084cd: nextIndex: updateUnconditionally 0 -> 0
2019-11-14 17:39:30,463 [grpc-default-executor-3] WARN  server.GrpcLogAppender (LogUtils.java:warn(134)) - d0d029c9-c080-45aa-9428-ec9c2afb2e55@group-28F059BB15A6->521325b2-2ced-4cee-b44f-acc523c049d7-AppendLogResponseHandler: Failed appendEntries: org.apache.ratis.thirdparty.io.grpc.StatusRuntimeException: UNAVAILABLE: io exception
2019-11-14 17:39:30,464 [grpc-default-executor-3] INFO  impl.FollowerInfo (FollowerInfo.java:lambda$new$0(51)) - d0d029c9-c080-45aa-9428-ec9c2afb2e55@group-28F059BB15A6->521325b2-2ced-4cee-b44f-acc523c049d7: nextIndex: updateUnconditionally 0 -> 0
2019-11-14 17:39:30,702 [Thread-4283] INFO  impl.FollowerState (FollowerState.java:run(111)) - 00aa4e63-81eb-4c33-a32e-b28e61c28a6d@group-B209632AD019-FollowerState: change to CANDIDATE, lastRpcTime:1019ms, electionTimeout:1019ms
2019-11-14 17:39:30,702 [Thread-4283] INFO  impl.RoleInfo (RoleInfo.java:shutdownFollowerState(121)) - 00aa4e63-81eb-4c33-a32e-b28e61c28a6d: shutdown FollowerState
2019-11-14 17:39:30,702 [Thread-4283] INFO  impl.RaftServerImpl (RaftServerImpl.java:setRole(173)) - 00aa4e63-81eb-4c33-a32e-b28e61c28a6d@group-B209632AD019: changes role from  FOLLOWER to CANDIDATE at term 5 for changeToCandidate
2019-11-14 17:39:30,702 [Thread-4283] INFO  impl.RoleInfo (RoleInfo.java:updateAndGet(143)) - 00aa4e63-81eb-4c33-a32e-b28e61c28a6d: start LeaderElection
2019-11-14 17:39:30,734 [00aa4e63-81eb-4c33-a32e-b28e61c28a6d@group-B209632AD019-LeaderElection234] INFO  impl.LeaderElection (LeaderElection.java:askForVotes(178)) - 00aa4e63-81eb-4c33-a32e-b28e61c28a6d@group-B209632AD019-LeaderElection234: begin an election at term 6 for 0: [00aa4e63-81eb-4c33-a32e-b28e61c28a6d:192.168.157.194:43947, da9d3605-d5bb-4af4-b35f-64e6f231f8df:192.168.157.194:36645, 9c88a047-7f73-4111-bf87-fe029dccbce6:192.168.157.194:46499], old=null
2019-11-14 17:39:30,735 [00aa4e63-81eb-4c33-a32e-b28e61c28a6d@group-B209632AD019-LeaderElection234] INFO  impl.LeaderElection (LogUtils.java:infoOrTrace(149)) - 00aa4e63-81eb-4c33-a32e-b28e61c28a6d@group-B209632AD019-LeaderElection234 got exception when requesting votes: {}
java.util.concurrent.ExecutionException: org.apache.ratis.thirdparty.io.grpc.StatusRuntimeException: UNAVAILABLE: io exception
	at java.util.concurrent.FutureTask.report(FutureTask.java:122)
	at java.util.concurrent.FutureTask.get(FutureTask.java:192)
	at org.apache.ratis.server.impl.LeaderElection.waitForResults(LeaderElection.java:259)
	at org.apache.ratis.server.impl.LeaderElection.askForVotes(LeaderElection.java:197)
	at org.apache.ratis.server.impl.LeaderElection.run(LeaderElection.java:133)
	at java.lang.Thread.run(Thread.java:748)
Caused by: org.apache.ratis.thirdparty.io.grpc.StatusRuntimeException: UNAVAILABLE: io exception
	at org.apache.ratis.thirdparty.io.grpc.stub.ClientCalls.toStatusRuntimeException(ClientCalls.java:233)
	at org.apache.ratis.thirdparty.io.grpc.stub.ClientCalls.getUnchecked(ClientCalls.java:214)
	at org.apache.ratis.thirdparty.io.grpc.stub.ClientCalls.blockingUnaryCall(ClientCalls.java:139)
	at org.apache.ratis.proto.grpc.RaftServerProtocolServiceGrpc$RaftServerProtocolServiceBlockingStub.requestVote(RaftServerProtocolServiceGrpc.java:265)
	at org.apache.ratis.grpc.server.GrpcServerProtocolClient.requestVote(GrpcServerProtocolClient.java:99)
	at org.apache.ratis.grpc.server.GrpcService.requestVote(GrpcService.java:204)
	at org.apache.ratis.server.impl.LeaderElection.lambda$submitRequests$1(LeaderElection.java:234)
	at java.util.concurrent.FutureTask.run(FutureTask.java:266)
	at java.util.concurrent.Executors$RunnableAdapter.call(Executors.java:511)
	at java.util.concurrent.FutureTask.run(FutureTask.java:266)
	at java.util.concurrent.ThreadPoolExecutor.runWorker(ThreadPoolExecutor.java:1149)
	at java.util.concurrent.ThreadPoolExecutor$Worker.run(ThreadPoolExecutor.java:624)
	... 1 more
Caused by: org.apache.ratis.thirdparty.io.netty.channel.AbstractChannel$AnnotatedConnectException: Connection refused: /192.168.157.194:36645
	at sun.nio.ch.SocketChannelImpl.checkConnect(Native Method)
	at sun.nio.ch.SocketChannelImpl.finishConnect(SocketChannelImpl.java:717)
	at org.apache.ratis.thirdparty.io.netty.channel.socket.nio.NioSocketChannel.doFinishConnect(NioSocketChannel.java:327)
	at org.apache.ratis.thirdparty.io.netty.channel.nio.AbstractNioChannel$AbstractNioUnsafe.finishConnect(AbstractNioChannel.java:340)
	at org.apache.ratis.thirdparty.io.netty.channel.nio.NioEventLoop.processSelectedKey(NioEventLoop.java:632)
	at org.apache.ratis.thirdparty.io.netty.channel.nio.NioEventLoop.processSelectedKeysOptimized(NioEventLoop.java:579)
	at org.apache.ratis.thirdparty.io.netty.channel.nio.NioEventLoop.processSelectedKeys(NioEventLoop.java:496)
	at org.apache.ratis.thirdparty.io.netty.channel.nio.NioEventLoop.run(NioEventLoop.java:458)
	at org.apache.ratis.thirdparty.io.netty.util.concurrent.SingleThreadEventExecutor$5.run(SingleThreadEventExecutor.java:897)
	at org.apache.ratis.thirdparty.io.netty.util.concurrent.FastThreadLocalRunnable.run(FastThreadLocalRunnable.java:30)
	... 1 more
Caused by: java.net.ConnectException: Connection refused
	... 11 more
2019-11-14 17:39:30,736 [00aa4e63-81eb-4c33-a32e-b28e61c28a6d@group-B209632AD019-LeaderElection234] INFO  impl.LeaderElection (LogUtils.java:infoOrTrace(149)) - 00aa4e63-81eb-4c33-a32e-b28e61c28a6d@group-B209632AD019-LeaderElection234 got exception when requesting votes: {}
java.util.concurrent.ExecutionException: org.apache.ratis.thirdparty.io.grpc.StatusRuntimeException: UNAVAILABLE: io exception
	at java.util.concurrent.FutureTask.report(FutureTask.java:122)
	at java.util.concurrent.FutureTask.get(FutureTask.java:192)
	at org.apache.ratis.server.impl.LeaderElection.waitForResults(LeaderElection.java:259)
	at org.apache.ratis.server.impl.LeaderElection.askForVotes(LeaderElection.java:197)
	at org.apache.ratis.server.impl.LeaderElection.run(LeaderElection.java:133)
	at java.lang.Thread.run(Thread.java:748)
Caused by: org.apache.ratis.thirdparty.io.grpc.StatusRuntimeException: UNAVAILABLE: io exception
	at org.apache.ratis.thirdparty.io.grpc.stub.ClientCalls.toStatusRuntimeException(ClientCalls.java:233)
	at org.apache.ratis.thirdparty.io.grpc.stub.ClientCalls.getUnchecked(ClientCalls.java:214)
	at org.apache.ratis.thirdparty.io.grpc.stub.ClientCalls.blockingUnaryCall(ClientCalls.java:139)
	at org.apache.ratis.proto.grpc.RaftServerProtocolServiceGrpc$RaftServerProtocolServiceBlockingStub.requestVote(RaftServerProtocolServiceGrpc.java:265)
	at org.apache.ratis.grpc.server.GrpcServerProtocolClient.requestVote(GrpcServerProtocolClient.java:99)
	at org.apache.ratis.grpc.server.GrpcService.requestVote(GrpcService.java:204)
	at org.apache.ratis.server.impl.LeaderElection.lambda$submitRequests$1(LeaderElection.java:234)
	at java.util.concurrent.FutureTask.run(FutureTask.java:266)
	at java.util.concurrent.Executors$RunnableAdapter.call(Executors.java:511)
	at java.util.concurrent.FutureTask.run(FutureTask.java:266)
	at java.util.concurrent.ThreadPoolExecutor.runWorker(ThreadPoolExecutor.java:1149)
	at java.util.concurrent.ThreadPoolExecutor$Worker.run(ThreadPoolExecutor.java:624)
	... 1 more
Caused by: org.apache.ratis.thirdparty.io.netty.channel.AbstractChannel$AnnotatedConnectException: Connection refused: /192.168.157.194:46499
	at sun.nio.ch.SocketChannelImpl.checkConnect(Native Method)
	at sun.nio.ch.SocketChannelImpl.finishConnect(SocketChannelImpl.java:717)
	at org.apache.ratis.thirdparty.io.netty.channel.socket.nio.NioSocketChannel.doFinishConnect(NioSocketChannel.java:327)
	at org.apache.ratis.thirdparty.io.netty.channel.nio.AbstractNioChannel$AbstractNioUnsafe.finishConnect(AbstractNioChannel.java:340)
	at org.apache.ratis.thirdparty.io.netty.channel.nio.NioEventLoop.processSelectedKey(NioEventLoop.java:632)
	at org.apache.ratis.thirdparty.io.netty.channel.nio.NioEventLoop.processSelectedKeysOptimized(NioEventLoop.java:579)
	at org.apache.ratis.thirdparty.io.netty.channel.nio.NioEventLoop.processSelectedKeys(NioEventLoop.java:496)
	at org.apache.ratis.thirdparty.io.netty.channel.nio.NioEventLoop.run(NioEventLoop.java:458)
	at org.apache.ratis.thirdparty.io.netty.util.concurrent.SingleThreadEventExecutor$5.run(SingleThreadEventExecutor.java:897)
	at org.apache.ratis.thirdparty.io.netty.util.concurrent.FastThreadLocalRunnable.run(FastThreadLocalRunnable.java:30)
	... 1 more
Caused by: java.net.ConnectException: Connection refused
	... 11 more
2019-11-14 17:39:30,737 [00aa4e63-81eb-4c33-a32e-b28e61c28a6d@group-B209632AD019-LeaderElection234] INFO  impl.LeaderElection (LeaderElection.java:logAndReturn(56)) - 00aa4e63-81eb-4c33-a32e-b28e61c28a6d@group-B209632AD019-LeaderElection234: Election REJECTED; received 0 response(s) [] and 2 exception(s); 00aa4e63-81eb-4c33-a32e-b28e61c28a6d@group-B209632AD019:t6, leader=null, voted=00aa4e63-81eb-4c33-a32e-b28e61c28a6d, raftlog=00aa4e63-81eb-4c33-a32e-b28e61c28a6d@group-B209632AD019-SegmentedRaftLog:OPENED:c0,f0,i0, conf=0: [00aa4e63-81eb-4c33-a32e-b28e61c28a6d:192.168.157.194:43947, da9d3605-d5bb-4af4-b35f-64e6f231f8df:192.168.157.194:36645, 9c88a047-7f73-4111-bf87-fe029dccbce6:192.168.157.194:46499], old=null
2019-11-14 17:39:30,737 [00aa4e63-81eb-4c33-a32e-b28e61c28a6d@group-B209632AD019-LeaderElection234] INFO  impl.LeaderElection (LogUtils.java:infoOrTrace(149)) -   Exception 0: {}
java.util.concurrent.ExecutionException: org.apache.ratis.thirdparty.io.grpc.StatusRuntimeException: UNAVAILABLE: io exception
	at java.util.concurrent.FutureTask.report(FutureTask.java:122)
	at java.util.concurrent.FutureTask.get(FutureTask.java:192)
	at org.apache.ratis.server.impl.LeaderElection.waitForResults(LeaderElection.java:259)
	at org.apache.ratis.server.impl.LeaderElection.askForVotes(LeaderElection.java:197)
	at org.apache.ratis.server.impl.LeaderElection.run(LeaderElection.java:133)
	at java.lang.Thread.run(Thread.java:748)
Caused by: org.apache.ratis.thirdparty.io.grpc.StatusRuntimeException: UNAVAILABLE: io exception
	at org.apache.ratis.thirdparty.io.grpc.stub.ClientCalls.toStatusRuntimeException(ClientCalls.java:233)
	at org.apache.ratis.thirdparty.io.grpc.stub.ClientCalls.getUnchecked(ClientCalls.java:214)
	at org.apache.ratis.thirdparty.io.grpc.stub.ClientCalls.blockingUnaryCall(ClientCalls.java:139)
	at org.apache.ratis.proto.grpc.RaftServerProtocolServiceGrpc$RaftServerProtocolServiceBlockingStub.requestVote(RaftServerProtocolServiceGrpc.java:265)
	at org.apache.ratis.grpc.server.GrpcServerProtocolClient.requestVote(GrpcServerProtocolClient.java:99)
	at org.apache.ratis.grpc.server.GrpcService.requestVote(GrpcService.java:204)
	at org.apache.ratis.server.impl.LeaderElection.lambda$submitRequests$1(LeaderElection.java:234)
	at java.util.concurrent.FutureTask.run(FutureTask.java:266)
	at java.util.concurrent.Executors$RunnableAdapter.call(Executors.java:511)
	at java.util.concurrent.FutureTask.run(FutureTask.java:266)
	at java.util.concurrent.ThreadPoolExecutor.runWorker(ThreadPoolExecutor.java:1149)
	at java.util.concurrent.ThreadPoolExecutor$Worker.run(ThreadPoolExecutor.java:624)
	... 1 more
Caused by: org.apache.ratis.thirdparty.io.netty.channel.AbstractChannel$AnnotatedConnectException: Connection refused: /192.168.157.194:36645
	at sun.nio.ch.SocketChannelImpl.checkConnect(Native Method)
	at sun.nio.ch.SocketChannelImpl.finishConnect(SocketChannelImpl.java:717)
	at org.apache.ratis.thirdparty.io.netty.channel.socket.nio.NioSocketChannel.doFinishConnect(NioSocketChannel.java:327)
	at org.apache.ratis.thirdparty.io.netty.channel.nio.AbstractNioChannel$AbstractNioUnsafe.finishConnect(AbstractNioChannel.java:340)
	at org.apache.ratis.thirdparty.io.netty.channel.nio.NioEventLoop.processSelectedKey(NioEventLoop.java:632)
	at org.apache.ratis.thirdparty.io.netty.channel.nio.NioEventLoop.processSelectedKeysOptimized(NioEventLoop.java:579)
	at org.apache.ratis.thirdparty.io.netty.channel.nio.NioEventLoop.processSelectedKeys(NioEventLoop.java:496)
	at org.apache.ratis.thirdparty.io.netty.channel.nio.NioEventLoop.run(NioEventLoop.java:458)
	at org.apache.ratis.thirdparty.io.netty.util.concurrent.SingleThreadEventExecutor$5.run(SingleThreadEventExecutor.java:897)
	at org.apache.ratis.thirdparty.io.netty.util.concurrent.FastThreadLocalRunnable.run(FastThreadLocalRunnable.java:30)
	... 1 more
Caused by: java.net.ConnectException: Connection refused
	... 11 more
2019-11-14 17:39:30,737 [00aa4e63-81eb-4c33-a32e-b28e61c28a6d@group-B209632AD019-LeaderElection234] INFO  impl.LeaderElection (LogUtils.java:infoOrTrace(149)) -   Exception 1: {}
java.util.concurrent.ExecutionException: org.apache.ratis.thirdparty.io.grpc.StatusRuntimeException: UNAVAILABLE: io exception
	at java.util.concurrent.FutureTask.report(FutureTask.java:122)
	at java.util.concurrent.FutureTask.get(FutureTask.java:192)
	at org.apache.ratis.server.impl.LeaderElection.waitForResults(LeaderElection.java:259)
	at org.apache.ratis.server.impl.LeaderElection.askForVotes(LeaderElection.java:197)
	at org.apache.ratis.server.impl.LeaderElection.run(LeaderElection.java:133)
	at java.lang.Thread.run(Thread.java:748)
Caused by: org.apache.ratis.thirdparty.io.grpc.StatusRuntimeException: UNAVAILABLE: io exception
	at org.apache.ratis.thirdparty.io.grpc.stub.ClientCalls.toStatusRuntimeException(ClientCalls.java:233)
	at org.apache.ratis.thirdparty.io.grpc.stub.ClientCalls.getUnchecked(ClientCalls.java:214)
	at org.apache.ratis.thirdparty.io.grpc.stub.ClientCalls.blockingUnaryCall(ClientCalls.java:139)
	at org.apache.ratis.proto.grpc.RaftServerProtocolServiceGrpc$RaftServerProtocolServiceBlockingStub.requestVote(RaftServerProtocolServiceGrpc.java:265)
	at org.apache.ratis.grpc.server.GrpcServerProtocolClient.requestVote(GrpcServerProtocolClient.java:99)
	at org.apache.ratis.grpc.server.GrpcService.requestVote(GrpcService.java:204)
	at org.apache.ratis.server.impl.LeaderElection.lambda$submitRequests$1(LeaderElection.java:234)
	at java.util.concurrent.FutureTask.run(FutureTask.java:266)
	at java.util.concurrent.Executors$RunnableAdapter.call(Executors.java:511)
	at java.util.concurrent.FutureTask.run(FutureTask.java:266)
	at java.util.concurrent.ThreadPoolExecutor.runWorker(ThreadPoolExecutor.java:1149)
	at java.util.concurrent.ThreadPoolExecutor$Worker.run(ThreadPoolExecutor.java:624)
	... 1 more
Caused by: org.apache.ratis.thirdparty.io.netty.channel.AbstractChannel$AnnotatedConnectException: Connection refused: /192.168.157.194:46499
	at sun.nio.ch.SocketChannelImpl.checkConnect(Native Method)
	at sun.nio.ch.SocketChannelImpl.finishConnect(SocketChannelImpl.java:717)
	at org.apache.ratis.thirdparty.io.netty.channel.socket.nio.NioSocketChannel.doFinishConnect(NioSocketChannel.java:327)
	at org.apache.ratis.thirdparty.io.netty.channel.nio.AbstractNioChannel$AbstractNioUnsafe.finishConnect(AbstractNioChannel.java:340)
	at org.apache.ratis.thirdparty.io.netty.channel.nio.NioEventLoop.processSelectedKey(NioEventLoop.java:632)
	at org.apache.ratis.thirdparty.io.netty.channel.nio.NioEventLoop.processSelectedKeysOptimized(NioEventLoop.java:579)
	at org.apache.ratis.thirdparty.io.netty.channel.nio.NioEventLoop.processSelectedKeys(NioEventLoop.java:496)
	at org.apache.ratis.thirdparty.io.netty.channel.nio.NioEventLoop.run(NioEventLoop.java:458)
	at org.apache.ratis.thirdparty.io.netty.util.concurrent.SingleThreadEventExecutor$5.run(SingleThreadEventExecutor.java:897)
	at org.apache.ratis.thirdparty.io.netty.util.concurrent.FastThreadLocalRunnable.run(FastThreadLocalRunnable.java:30)
	... 1 more
Caused by: java.net.ConnectException: Connection refused
	... 11 more
2019-11-14 17:39:30,737 [00aa4e63-81eb-4c33-a32e-b28e61c28a6d@group-B209632AD019-LeaderElection234] INFO  impl.RaftServerImpl (RaftServerImpl.java:setRole(173)) - 00aa4e63-81eb-4c33-a32e-b28e61c28a6d@group-B209632AD019: changes role from CANDIDATE to FOLLOWER at term 6 for DISCOVERED_A_NEW_TERM
2019-11-14 17:39:30,738 [00aa4e63-81eb-4c33-a32e-b28e61c28a6d@group-B209632AD019-LeaderElection234] INFO  impl.RoleInfo (RoleInfo.java:shutdownLeaderElection(134)) - 00aa4e63-81eb-4c33-a32e-b28e61c28a6d: shutdown LeaderElection
2019-11-14 17:39:30,738 [00aa4e63-81eb-4c33-a32e-b28e61c28a6d@group-B209632AD019-LeaderElection234] INFO  impl.RoleInfo (RoleInfo.java:updateAndGet(143)) - 00aa4e63-81eb-4c33-a32e-b28e61c28a6d: start FollowerState
2019-11-14 17:39:30,879 [grpc-default-executor-7] WARN  server.GrpcLogAppender (LogUtils.java:warn(134)) - 9f70b324-be48-4d43-8f47-cd647748f9c6@group-8A7698DEED1E->4fcb6245-7b52-48ea-a68b-fda0132084cd-AppendLogResponseHandler: Failed appendEntries: org.apache.ratis.thirdparty.io.grpc.StatusRuntimeException: UNAVAILABLE: io exception
2019-11-14 17:39:30,879 [grpc-default-executor-7] INFO  impl.FollowerInfo (FollowerInfo.java:lambda$new$0(51)) - 9f70b324-be48-4d43-8f47-cd647748f9c6@group-8A7698DEED1E->4fcb6245-7b52-48ea-a68b-fda0132084cd: nextIndex: updateUnconditionally 0 -> 0
2019-11-14 17:39:30,962 [grpc-default-executor-3] WARN  server.GrpcLogAppender (LogUtils.java:warn(134)) - d0d029c9-c080-45aa-9428-ec9c2afb2e55@group-28F059BB15A6->521325b2-2ced-4cee-b44f-acc523c049d7-AppendLogResponseHandler: Failed appendEntries: org.apache.ratis.thirdparty.io.grpc.StatusRuntimeException: UNAVAILABLE: io exception
2019-11-14 17:39:30,962 [grpc-default-executor-3] INFO  impl.FollowerInfo (FollowerInfo.java:lambda$new$0(51)) - d0d029c9-c080-45aa-9428-ec9c2afb2e55@group-28F059BB15A6->521325b2-2ced-4cee-b44f-acc523c049d7: nextIndex: updateUnconditionally 0 -> 0
2019-11-14 17:39:31,382 [grpc-default-executor-3] WARN  server.GrpcLogAppender (LogUtils.java:warn(134)) - 9f70b324-be48-4d43-8f47-cd647748f9c6@group-8A7698DEED1E->4fcb6245-7b52-48ea-a68b-fda0132084cd-AppendLogResponseHandler: Failed appendEntries: org.apache.ratis.thirdparty.io.grpc.StatusRuntimeException: UNAVAILABLE: io exception
2019-11-14 17:39:31,382 [grpc-default-executor-3] INFO  impl.FollowerInfo (FollowerInfo.java:lambda$new$0(51)) - 9f70b324-be48-4d43-8f47-cd647748f9c6@group-8A7698DEED1E->4fcb6245-7b52-48ea-a68b-fda0132084cd: nextIndex: updateUnconditionally 0 -> 0
2019-11-14 17:39:31,462 [grpc-default-executor-2] WARN  server.GrpcLogAppender (LogUtils.java:warn(134)) - d0d029c9-c080-45aa-9428-ec9c2afb2e55@group-28F059BB15A6->521325b2-2ced-4cee-b44f-acc523c049d7-AppendLogResponseHandler: Failed appendEntries: org.apache.ratis.thirdparty.io.grpc.StatusRuntimeException: UNAVAILABLE: io exception
2019-11-14 17:39:31,462 [grpc-default-executor-2] INFO  impl.FollowerInfo (FollowerInfo.java:lambda$new$0(51)) - d0d029c9-c080-45aa-9428-ec9c2afb2e55@group-28F059BB15A6->521325b2-2ced-4cee-b44f-acc523c049d7: nextIndex: updateUnconditionally 0 -> 0
2019-11-14 17:39:31,885 [grpc-default-executor-2] WARN  server.GrpcLogAppender (LogUtils.java:warn(134)) - 9f70b324-be48-4d43-8f47-cd647748f9c6@group-8A7698DEED1E->4fcb6245-7b52-48ea-a68b-fda0132084cd-AppendLogResponseHandler: Failed appendEntries: org.apache.ratis.thirdparty.io.grpc.StatusRuntimeException: UNAVAILABLE: io exception
2019-11-14 17:39:31,886 [grpc-default-executor-2] INFO  impl.FollowerInfo (FollowerInfo.java:lambda$new$0(51)) - 9f70b324-be48-4d43-8f47-cd647748f9c6@group-8A7698DEED1E->4fcb6245-7b52-48ea-a68b-fda0132084cd: nextIndex: updateUnconditionally 0 -> 0
2019-11-14 17:39:31,919 [Thread-4300] INFO  impl.FollowerState (FollowerState.java:run(111)) - 00aa4e63-81eb-4c33-a32e-b28e61c28a6d@group-B209632AD019-FollowerState: change to CANDIDATE, lastRpcTime:1181ms, electionTimeout:1181ms
2019-11-14 17:39:31,919 [Thread-4300] INFO  impl.RoleInfo (RoleInfo.java:shutdownFollowerState(121)) - 00aa4e63-81eb-4c33-a32e-b28e61c28a6d: shutdown FollowerState
2019-11-14 17:39:31,920 [Thread-4300] INFO  impl.RaftServerImpl (RaftServerImpl.java:setRole(173)) - 00aa4e63-81eb-4c33-a32e-b28e61c28a6d@group-B209632AD019: changes role from  FOLLOWER to CANDIDATE at term 6 for changeToCandidate
2019-11-14 17:39:31,920 [Thread-4300] INFO  impl.RoleInfo (RoleInfo.java:updateAndGet(143)) - 00aa4e63-81eb-4c33-a32e-b28e61c28a6d: start LeaderElection
2019-11-14 17:39:31,952 [00aa4e63-81eb-4c33-a32e-b28e61c28a6d@group-B209632AD019-LeaderElection235] INFO  impl.LeaderElection (LeaderElection.java:askForVotes(178)) - 00aa4e63-81eb-4c33-a32e-b28e61c28a6d@group-B209632AD019-LeaderElection235: begin an election at term 7 for 0: [00aa4e63-81eb-4c33-a32e-b28e61c28a6d:192.168.157.194:43947, da9d3605-d5bb-4af4-b35f-64e6f231f8df:192.168.157.194:36645, 9c88a047-7f73-4111-bf87-fe029dccbce6:192.168.157.194:46499], old=null
2019-11-14 17:39:31,954 [00aa4e63-81eb-4c33-a32e-b28e61c28a6d@group-B209632AD019-LeaderElection235] INFO  impl.LeaderElection (LogUtils.java:infoOrTrace(149)) - 00aa4e63-81eb-4c33-a32e-b28e61c28a6d@group-B209632AD019-LeaderElection235 got exception when requesting votes: {}
java.util.concurrent.ExecutionException: org.apache.ratis.thirdparty.io.grpc.StatusRuntimeException: UNAVAILABLE: io exception
	at java.util.concurrent.FutureTask.report(FutureTask.java:122)
	at java.util.concurrent.FutureTask.get(FutureTask.java:192)
	at org.apache.ratis.server.impl.LeaderElection.waitForResults(LeaderElection.java:259)
	at org.apache.ratis.server.impl.LeaderElection.askForVotes(LeaderElection.java:197)
	at org.apache.ratis.server.impl.LeaderElection.run(LeaderElection.java:133)
	at java.lang.Thread.run(Thread.java:748)
Caused by: org.apache.ratis.thirdparty.io.grpc.StatusRuntimeException: UNAVAILABLE: io exception
	at org.apache.ratis.thirdparty.io.grpc.stub.ClientCalls.toStatusRuntimeException(ClientCalls.java:233)
	at org.apache.ratis.thirdparty.io.grpc.stub.ClientCalls.getUnchecked(ClientCalls.java:214)
	at org.apache.ratis.thirdparty.io.grpc.stub.ClientCalls.blockingUnaryCall(ClientCalls.java:139)
	at org.apache.ratis.proto.grpc.RaftServerProtocolServiceGrpc$RaftServerProtocolServiceBlockingStub.requestVote(RaftServerProtocolServiceGrpc.java:265)
	at org.apache.ratis.grpc.server.GrpcServerProtocolClient.requestVote(GrpcServerProtocolClient.java:99)
	at org.apache.ratis.grpc.server.GrpcService.requestVote(GrpcService.java:204)
	at org.apache.ratis.server.impl.LeaderElection.lambda$submitRequests$1(LeaderElection.java:234)
	at java.util.concurrent.FutureTask.run(FutureTask.java:266)
	at java.util.concurrent.Executors$RunnableAdapter.call(Executors.java:511)
	at java.util.concurrent.FutureTask.run(FutureTask.java:266)
	at java.util.concurrent.ThreadPoolExecutor.runWorker(ThreadPoolExecutor.java:1149)
	at java.util.concurrent.ThreadPoolExecutor$Worker.run(ThreadPoolExecutor.java:624)
	... 1 more
Caused by: org.apache.ratis.thirdparty.io.netty.channel.AbstractChannel$AnnotatedConnectException: Connection refused: /192.168.157.194:36645
	at sun.nio.ch.SocketChannelImpl.checkConnect(Native Method)
	at sun.nio.ch.SocketChannelImpl.finishConnect(SocketChannelImpl.java:717)
	at org.apache.ratis.thirdparty.io.netty.channel.socket.nio.NioSocketChannel.doFinishConnect(NioSocketChannel.java:327)
	at org.apache.ratis.thirdparty.io.netty.channel.nio.AbstractNioChannel$AbstractNioUnsafe.finishConnect(AbstractNioChannel.java:340)
	at org.apache.ratis.thirdparty.io.netty.channel.nio.NioEventLoop.processSelectedKey(NioEventLoop.java:632)
	at org.apache.ratis.thirdparty.io.netty.channel.nio.NioEventLoop.processSelectedKeysOptimized(NioEventLoop.java:579)
	at org.apache.ratis.thirdparty.io.netty.channel.nio.NioEventLoop.processSelectedKeys(NioEventLoop.java:496)
	at org.apache.ratis.thirdparty.io.netty.channel.nio.NioEventLoop.run(NioEventLoop.java:458)
	at org.apache.ratis.thirdparty.io.netty.util.concurrent.SingleThreadEventExecutor$5.run(SingleThreadEventExecutor.java:897)
	at org.apache.ratis.thirdparty.io.netty.util.concurrent.FastThreadLocalRunnable.run(FastThreadLocalRunnable.java:30)
	... 1 more
Caused by: java.net.ConnectException: Connection refused
	... 11 more
2019-11-14 17:39:31,955 [00aa4e63-81eb-4c33-a32e-b28e61c28a6d@group-B209632AD019-LeaderElection235] INFO  impl.LeaderElection (LogUtils.java:infoOrTrace(149)) - 00aa4e63-81eb-4c33-a32e-b28e61c28a6d@group-B209632AD019-LeaderElection235 got exception when requesting votes: {}
java.util.concurrent.ExecutionException: org.apache.ratis.thirdparty.io.grpc.StatusRuntimeException: UNAVAILABLE: io exception
	at java.util.concurrent.FutureTask.report(FutureTask.java:122)
	at java.util.concurrent.FutureTask.get(FutureTask.java:192)
	at org.apache.ratis.server.impl.LeaderElection.waitForResults(LeaderElection.java:259)
	at org.apache.ratis.server.impl.LeaderElection.askForVotes(LeaderElection.java:197)
	at org.apache.ratis.server.impl.LeaderElection.run(LeaderElection.java:133)
	at java.lang.Thread.run(Thread.java:748)
Caused by: org.apache.ratis.thirdparty.io.grpc.StatusRuntimeException: UNAVAILABLE: io exception
	at org.apache.ratis.thirdparty.io.grpc.stub.ClientCalls.toStatusRuntimeException(ClientCalls.java:233)
	at org.apache.ratis.thirdparty.io.grpc.stub.ClientCalls.getUnchecked(ClientCalls.java:214)
	at org.apache.ratis.thirdparty.io.grpc.stub.ClientCalls.blockingUnaryCall(ClientCalls.java:139)
	at org.apache.ratis.proto.grpc.RaftServerProtocolServiceGrpc$RaftServerProtocolServiceBlockingStub.requestVote(RaftServerProtocolServiceGrpc.java:265)
	at org.apache.ratis.grpc.server.GrpcServerProtocolClient.requestVote(GrpcServerProtocolClient.java:99)
	at org.apache.ratis.grpc.server.GrpcService.requestVote(GrpcService.java:204)
	at org.apache.ratis.server.impl.LeaderElection.lambda$submitRequests$1(LeaderElection.java:234)
	at java.util.concurrent.FutureTask.run(FutureTask.java:266)
	at java.util.concurrent.Executors$RunnableAdapter.call(Executors.java:511)
	at java.util.concurrent.FutureTask.run(FutureTask.java:266)
	at java.util.concurrent.ThreadPoolExecutor.runWorker(ThreadPoolExecutor.java:1149)
	at java.util.concurrent.ThreadPoolExecutor$Worker.run(ThreadPoolExecutor.java:624)
	... 1 more
Caused by: org.apache.ratis.thirdparty.io.netty.channel.AbstractChannel$AnnotatedConnectException: Connection refused: /192.168.157.194:46499
	at sun.nio.ch.SocketChannelImpl.checkConnect(Native Method)
	at sun.nio.ch.SocketChannelImpl.finishConnect(SocketChannelImpl.java:717)
	at org.apache.ratis.thirdparty.io.netty.channel.socket.nio.NioSocketChannel.doFinishConnect(NioSocketChannel.java:327)
	at org.apache.ratis.thirdparty.io.netty.channel.nio.AbstractNioChannel$AbstractNioUnsafe.finishConnect(AbstractNioChannel.java:340)
	at org.apache.ratis.thirdparty.io.netty.channel.nio.NioEventLoop.processSelectedKey(NioEventLoop.java:632)
	at org.apache.ratis.thirdparty.io.netty.channel.nio.NioEventLoop.processSelectedKeysOptimized(NioEventLoop.java:579)
	at org.apache.ratis.thirdparty.io.netty.channel.nio.NioEventLoop.processSelectedKeys(NioEventLoop.java:496)
	at org.apache.ratis.thirdparty.io.netty.channel.nio.NioEventLoop.run(NioEventLoop.java:458)
	at org.apache.ratis.thirdparty.io.netty.util.concurrent.SingleThreadEventExecutor$5.run(SingleThreadEventExecutor.java:897)
	at org.apache.ratis.thirdparty.io.netty.util.concurrent.FastThreadLocalRunnable.run(FastThreadLocalRunnable.java:30)
	... 1 more
Caused by: java.net.ConnectException: Connection refused
	... 11 more
2019-11-14 17:39:31,955 [00aa4e63-81eb-4c33-a32e-b28e61c28a6d@group-B209632AD019-LeaderElection235] INFO  impl.LeaderElection (LeaderElection.java:logAndReturn(56)) - 00aa4e63-81eb-4c33-a32e-b28e61c28a6d@group-B209632AD019-LeaderElection235: Election REJECTED; received 0 response(s) [] and 2 exception(s); 00aa4e63-81eb-4c33-a32e-b28e61c28a6d@group-B209632AD019:t7, leader=null, voted=00aa4e63-81eb-4c33-a32e-b28e61c28a6d, raftlog=00aa4e63-81eb-4c33-a32e-b28e61c28a6d@group-B209632AD019-SegmentedRaftLog:OPENED:c0,f0,i0, conf=0: [00aa4e63-81eb-4c33-a32e-b28e61c28a6d:192.168.157.194:43947, da9d3605-d5bb-4af4-b35f-64e6f231f8df:192.168.157.194:36645, 9c88a047-7f73-4111-bf87-fe029dccbce6:192.168.157.194:46499], old=null
2019-11-14 17:39:31,955 [00aa4e63-81eb-4c33-a32e-b28e61c28a6d@group-B209632AD019-LeaderElection235] INFO  impl.LeaderElection (LogUtils.java:infoOrTrace(149)) -   Exception 0: {}
java.util.concurrent.ExecutionException: org.apache.ratis.thirdparty.io.grpc.StatusRuntimeException: UNAVAILABLE: io exception
	at java.util.concurrent.FutureTask.report(FutureTask.java:122)
	at java.util.concurrent.FutureTask.get(FutureTask.java:192)
	at org.apache.ratis.server.impl.LeaderElection.waitForResults(LeaderElection.java:259)
	at org.apache.ratis.server.impl.LeaderElection.askForVotes(LeaderElection.java:197)
	at org.apache.ratis.server.impl.LeaderElection.run(LeaderElection.java:133)
	at java.lang.Thread.run(Thread.java:748)
Caused by: org.apache.ratis.thirdparty.io.grpc.StatusRuntimeException: UNAVAILABLE: io exception
	at org.apache.ratis.thirdparty.io.grpc.stub.ClientCalls.toStatusRuntimeException(ClientCalls.java:233)
	at org.apache.ratis.thirdparty.io.grpc.stub.ClientCalls.getUnchecked(ClientCalls.java:214)
	at org.apache.ratis.thirdparty.io.grpc.stub.ClientCalls.blockingUnaryCall(ClientCalls.java:139)
	at org.apache.ratis.proto.grpc.RaftServerProtocolServiceGrpc$RaftServerProtocolServiceBlockingStub.requestVote(RaftServerProtocolServiceGrpc.java:265)
	at org.apache.ratis.grpc.server.GrpcServerProtocolClient.requestVote(GrpcServerProtocolClient.java:99)
	at org.apache.ratis.grpc.server.GrpcService.requestVote(GrpcService.java:204)
	at org.apache.ratis.server.impl.LeaderElection.lambda$submitRequests$1(LeaderElection.java:234)
	at java.util.concurrent.FutureTask.run(FutureTask.java:266)
	at java.util.concurrent.Executors$RunnableAdapter.call(Executors.java:511)
	at java.util.concurrent.FutureTask.run(FutureTask.java:266)
	at java.util.concurrent.ThreadPoolExecutor.runWorker(ThreadPoolExecutor.java:1149)
	at java.util.concurrent.ThreadPoolExecutor$Worker.run(ThreadPoolExecutor.java:624)
	... 1 more
Caused by: org.apache.ratis.thirdparty.io.netty.channel.AbstractChannel$AnnotatedConnectException: Connection refused: /192.168.157.194:36645
	at sun.nio.ch.SocketChannelImpl.checkConnect(Native Method)
	at sun.nio.ch.SocketChannelImpl.finishConnect(SocketChannelImpl.java:717)
	at org.apache.ratis.thirdparty.io.netty.channel.socket.nio.NioSocketChannel.doFinishConnect(NioSocketChannel.java:327)
	at org.apache.ratis.thirdparty.io.netty.channel.nio.AbstractNioChannel$AbstractNioUnsafe.finishConnect(AbstractNioChannel.java:340)
	at org.apache.ratis.thirdparty.io.netty.channel.nio.NioEventLoop.processSelectedKey(NioEventLoop.java:632)
	at org.apache.ratis.thirdparty.io.netty.channel.nio.NioEventLoop.processSelectedKeysOptimized(NioEventLoop.java:579)
	at org.apache.ratis.thirdparty.io.netty.channel.nio.NioEventLoop.processSelectedKeys(NioEventLoop.java:496)
	at org.apache.ratis.thirdparty.io.netty.channel.nio.NioEventLoop.run(NioEventLoop.java:458)
	at org.apache.ratis.thirdparty.io.netty.util.concurrent.SingleThreadEventExecutor$5.run(SingleThreadEventExecutor.java:897)
	at org.apache.ratis.thirdparty.io.netty.util.concurrent.FastThreadLocalRunnable.run(FastThreadLocalRunnable.java:30)
	... 1 more
Caused by: java.net.ConnectException: Connection refused
	... 11 more
2019-11-14 17:39:31,956 [00aa4e63-81eb-4c33-a32e-b28e61c28a6d@group-B209632AD019-LeaderElection235] INFO  impl.LeaderElection (LogUtils.java:infoOrTrace(149)) -   Exception 1: {}
java.util.concurrent.ExecutionException: org.apache.ratis.thirdparty.io.grpc.StatusRuntimeException: UNAVAILABLE: io exception
	at java.util.concurrent.FutureTask.report(FutureTask.java:122)
	at java.util.concurrent.FutureTask.get(FutureTask.java:192)
	at org.apache.ratis.server.impl.LeaderElection.waitForResults(LeaderElection.java:259)
	at org.apache.ratis.server.impl.LeaderElection.askForVotes(LeaderElection.java:197)
	at org.apache.ratis.server.impl.LeaderElection.run(LeaderElection.java:133)
	at java.lang.Thread.run(Thread.java:748)
Caused by: org.apache.ratis.thirdparty.io.grpc.StatusRuntimeException: UNAVAILABLE: io exception
	at org.apache.ratis.thirdparty.io.grpc.stub.ClientCalls.toStatusRuntimeException(ClientCalls.java:233)
	at org.apache.ratis.thirdparty.io.grpc.stub.ClientCalls.getUnchecked(ClientCalls.java:214)
	at org.apache.ratis.thirdparty.io.grpc.stub.ClientCalls.blockingUnaryCall(ClientCalls.java:139)
	at org.apache.ratis.proto.grpc.RaftServerProtocolServiceGrpc$RaftServerProtocolServiceBlockingStub.requestVote(RaftServerProtocolServiceGrpc.java:265)
	at org.apache.ratis.grpc.server.GrpcServerProtocolClient.requestVote(GrpcServerProtocolClient.java:99)
	at org.apache.ratis.grpc.server.GrpcService.requestVote(GrpcService.java:204)
	at org.apache.ratis.server.impl.LeaderElection.lambda$submitRequests$1(LeaderElection.java:234)
	at java.util.concurrent.FutureTask.run(FutureTask.java:266)
	at java.util.concurrent.Executors$RunnableAdapter.call(Executors.java:511)
	at java.util.concurrent.FutureTask.run(FutureTask.java:266)
	at java.util.concurrent.ThreadPoolExecutor.runWorker(ThreadPoolExecutor.java:1149)
	at java.util.concurrent.ThreadPoolExecutor$Worker.run(ThreadPoolExecutor.java:624)
	... 1 more
Caused by: org.apache.ratis.thirdparty.io.netty.channel.AbstractChannel$AnnotatedConnectException: Connection refused: /192.168.157.194:46499
	at sun.nio.ch.SocketChannelImpl.checkConnect(Native Method)
	at sun.nio.ch.SocketChannelImpl.finishConnect(SocketChannelImpl.java:717)
	at org.apache.ratis.thirdparty.io.netty.channel.socket.nio.NioSocketChannel.doFinishConnect(NioSocketChannel.java:327)
	at org.apache.ratis.thirdparty.io.netty.channel.nio.AbstractNioChannel$AbstractNioUnsafe.finishConnect(AbstractNioChannel.java:340)
	at org.apache.ratis.thirdparty.io.netty.channel.nio.NioEventLoop.processSelectedKey(NioEventLoop.java:632)
	at org.apache.ratis.thirdparty.io.netty.channel.nio.NioEventLoop.processSelectedKeysOptimized(NioEventLoop.java:579)
	at org.apache.ratis.thirdparty.io.netty.channel.nio.NioEventLoop.processSelectedKeys(NioEventLoop.java:496)
	at org.apache.ratis.thirdparty.io.netty.channel.nio.NioEventLoop.run(NioEventLoop.java:458)
	at org.apache.ratis.thirdparty.io.netty.util.concurrent.SingleThreadEventExecutor$5.run(SingleThreadEventExecutor.java:897)
	at org.apache.ratis.thirdparty.io.netty.util.concurrent.FastThreadLocalRunnable.run(FastThreadLocalRunnable.java:30)
	... 1 more
Caused by: java.net.ConnectException: Connection refused
	... 11 more
2019-11-14 17:39:31,956 [00aa4e63-81eb-4c33-a32e-b28e61c28a6d@group-B209632AD019-LeaderElection235] INFO  impl.RaftServerImpl (RaftServerImpl.java:setRole(173)) - 00aa4e63-81eb-4c33-a32e-b28e61c28a6d@group-B209632AD019: changes role from CANDIDATE to FOLLOWER at term 7 for DISCOVERED_A_NEW_TERM
2019-11-14 17:39:31,957 [00aa4e63-81eb-4c33-a32e-b28e61c28a6d@group-B209632AD019-LeaderElection235] INFO  impl.RoleInfo (RoleInfo.java:shutdownLeaderElection(134)) - 00aa4e63-81eb-4c33-a32e-b28e61c28a6d: shutdown LeaderElection
2019-11-14 17:39:31,957 [00aa4e63-81eb-4c33-a32e-b28e61c28a6d@group-B209632AD019-LeaderElection235] INFO  impl.RoleInfo (RoleInfo.java:updateAndGet(143)) - 00aa4e63-81eb-4c33-a32e-b28e61c28a6d: start FollowerState
2019-11-14 17:39:31,963 [grpc-default-executor-7] WARN  server.GrpcLogAppender (LogUtils.java:warn(134)) - d0d029c9-c080-45aa-9428-ec9c2afb2e55@group-28F059BB15A6->521325b2-2ced-4cee-b44f-acc523c049d7-AppendLogResponseHandler: Failed appendEntries: org.apache.ratis.thirdparty.io.grpc.StatusRuntimeException: UNAVAILABLE: io exception
2019-11-14 17:39:31,964 [grpc-default-executor-7] INFO  impl.FollowerInfo (FollowerInfo.java:lambda$new$0(51)) - d0d029c9-c080-45aa-9428-ec9c2afb2e55@group-28F059BB15A6->521325b2-2ced-4cee-b44f-acc523c049d7: nextIndex: updateUnconditionally 0 -> 0
2019-11-14 17:39:32,386 [grpc-default-executor-7] WARN  server.GrpcLogAppender (LogUtils.java:warn(134)) - 9f70b324-be48-4d43-8f47-cd647748f9c6@group-8A7698DEED1E->4fcb6245-7b52-48ea-a68b-fda0132084cd-AppendLogResponseHandler: Failed appendEntries: org.apache.ratis.thirdparty.io.grpc.StatusRuntimeException: UNAVAILABLE: io exception
2019-11-14 17:39:32,386 [grpc-default-executor-7] INFO  impl.FollowerInfo (FollowerInfo.java:lambda$new$0(51)) - 9f70b324-be48-4d43-8f47-cd647748f9c6@group-8A7698DEED1E->4fcb6245-7b52-48ea-a68b-fda0132084cd: nextIndex: updateUnconditionally 0 -> 0
2019-11-14 17:39:32,472 [grpc-default-executor-3] WARN  server.GrpcLogAppender (LogUtils.java:warn(134)) - d0d029c9-c080-45aa-9428-ec9c2afb2e55@group-28F059BB15A6->521325b2-2ced-4cee-b44f-acc523c049d7-AppendLogResponseHandler: Failed appendEntries: org.apache.ratis.thirdparty.io.grpc.StatusRuntimeException: UNAVAILABLE: io exception
2019-11-14 17:39:32,473 [grpc-default-executor-3] INFO  impl.FollowerInfo (FollowerInfo.java:lambda$new$0(51)) - d0d029c9-c080-45aa-9428-ec9c2afb2e55@group-28F059BB15A6->521325b2-2ced-4cee-b44f-acc523c049d7: nextIndex: updateUnconditionally 0 -> 0
2019-11-14 17:39:32,888 [grpc-default-executor-3] WARN  server.GrpcLogAppender (LogUtils.java:warn(134)) - 9f70b324-be48-4d43-8f47-cd647748f9c6@group-8A7698DEED1E->4fcb6245-7b52-48ea-a68b-fda0132084cd-AppendLogResponseHandler: Failed appendEntries: org.apache.ratis.thirdparty.io.grpc.StatusRuntimeException: UNAVAILABLE: io exception
2019-11-14 17:39:32,888 [grpc-default-executor-3] INFO  impl.FollowerInfo (FollowerInfo.java:lambda$new$0(51)) - 9f70b324-be48-4d43-8f47-cd647748f9c6@group-8A7698DEED1E->4fcb6245-7b52-48ea-a68b-fda0132084cd: nextIndex: updateUnconditionally 0 -> 0
2019-11-14 17:39:32,964 [grpc-default-executor-2] WARN  server.GrpcLogAppender (LogUtils.java:warn(134)) - d0d029c9-c080-45aa-9428-ec9c2afb2e55@group-28F059BB15A6->521325b2-2ced-4cee-b44f-acc523c049d7-AppendLogResponseHandler: Failed appendEntries: org.apache.ratis.thirdparty.io.grpc.StatusRuntimeException: UNAVAILABLE: io exception
2019-11-14 17:39:32,964 [grpc-default-executor-2] INFO  impl.FollowerInfo (FollowerInfo.java:lambda$new$0(51)) - d0d029c9-c080-45aa-9428-ec9c2afb2e55@group-28F059BB15A6->521325b2-2ced-4cee-b44f-acc523c049d7: nextIndex: updateUnconditionally 0 -> 0
2019-11-14 17:39:33,040 [Thread-4309] INFO  impl.FollowerState (FollowerState.java:run(111)) - 00aa4e63-81eb-4c33-a32e-b28e61c28a6d@group-B209632AD019-FollowerState: change to CANDIDATE, lastRpcTime:1083ms, electionTimeout:1083ms
2019-11-14 17:39:33,041 [Thread-4309] INFO  impl.RoleInfo (RoleInfo.java:shutdownFollowerState(121)) - 00aa4e63-81eb-4c33-a32e-b28e61c28a6d: shutdown FollowerState
2019-11-14 17:39:33,041 [Thread-4309] INFO  impl.RaftServerImpl (RaftServerImpl.java:setRole(173)) - 00aa4e63-81eb-4c33-a32e-b28e61c28a6d@group-B209632AD019: changes role from  FOLLOWER to CANDIDATE at term 7 for changeToCandidate
2019-11-14 17:39:33,041 [Thread-4309] INFO  impl.RoleInfo (RoleInfo.java:updateAndGet(143)) - 00aa4e63-81eb-4c33-a32e-b28e61c28a6d: start LeaderElection
2019-11-14 17:39:33,068 [00aa4e63-81eb-4c33-a32e-b28e61c28a6d@group-B209632AD019-LeaderElection236] INFO  impl.LeaderElection (LeaderElection.java:askForVotes(178)) - 00aa4e63-81eb-4c33-a32e-b28e61c28a6d@group-B209632AD019-LeaderElection236: begin an election at term 8 for 0: [00aa4e63-81eb-4c33-a32e-b28e61c28a6d:192.168.157.194:43947, da9d3605-d5bb-4af4-b35f-64e6f231f8df:192.168.157.194:36645, 9c88a047-7f73-4111-bf87-fe029dccbce6:192.168.157.194:46499], old=null
2019-11-14 17:39:33,070 [00aa4e63-81eb-4c33-a32e-b28e61c28a6d@group-B209632AD019-LeaderElection236] INFO  impl.LeaderElection (LogUtils.java:infoOrTrace(149)) - 00aa4e63-81eb-4c33-a32e-b28e61c28a6d@group-B209632AD019-LeaderElection236 got exception when requesting votes: {}
java.util.concurrent.ExecutionException: org.apache.ratis.thirdparty.io.grpc.StatusRuntimeException: UNAVAILABLE: io exception
	at java.util.concurrent.FutureTask.report(FutureTask.java:122)
	at java.util.concurrent.FutureTask.get(FutureTask.java:192)
	at org.apache.ratis.server.impl.LeaderElection.waitForResults(LeaderElection.java:259)
	at org.apache.ratis.server.impl.LeaderElection.askForVotes(LeaderElection.java:197)
	at org.apache.ratis.server.impl.LeaderElection.run(LeaderElection.java:133)
	at java.lang.Thread.run(Thread.java:748)
Caused by: org.apache.ratis.thirdparty.io.grpc.StatusRuntimeException: UNAVAILABLE: io exception
	at org.apache.ratis.thirdparty.io.grpc.stub.ClientCalls.toStatusRuntimeException(ClientCalls.java:233)
	at org.apache.ratis.thirdparty.io.grpc.stub.ClientCalls.getUnchecked(ClientCalls.java:214)
	at org.apache.ratis.thirdparty.io.grpc.stub.ClientCalls.blockingUnaryCall(ClientCalls.java:139)
	at org.apache.ratis.proto.grpc.RaftServerProtocolServiceGrpc$RaftServerProtocolServiceBlockingStub.requestVote(RaftServerProtocolServiceGrpc.java:265)
	at org.apache.ratis.grpc.server.GrpcServerProtocolClient.requestVote(GrpcServerProtocolClient.java:99)
	at org.apache.ratis.grpc.server.GrpcService.requestVote(GrpcService.java:204)
	at org.apache.ratis.server.impl.LeaderElection.lambda$submitRequests$1(LeaderElection.java:234)
	at java.util.concurrent.FutureTask.run(FutureTask.java:266)
	at java.util.concurrent.Executors$RunnableAdapter.call(Executors.java:511)
	at java.util.concurrent.FutureTask.run(FutureTask.java:266)
	at java.util.concurrent.ThreadPoolExecutor.runWorker(ThreadPoolExecutor.java:1149)
	at java.util.concurrent.ThreadPoolExecutor$Worker.run(ThreadPoolExecutor.java:624)
	... 1 more
Caused by: org.apache.ratis.thirdparty.io.netty.channel.AbstractChannel$AnnotatedConnectException: Connection refused: /192.168.157.194:36645
	at sun.nio.ch.SocketChannelImpl.checkConnect(Native Method)
	at sun.nio.ch.SocketChannelImpl.finishConnect(SocketChannelImpl.java:717)
	at org.apache.ratis.thirdparty.io.netty.channel.socket.nio.NioSocketChannel.doFinishConnect(NioSocketChannel.java:327)
	at org.apache.ratis.thirdparty.io.netty.channel.nio.AbstractNioChannel$AbstractNioUnsafe.finishConnect(AbstractNioChannel.java:340)
	at org.apache.ratis.thirdparty.io.netty.channel.nio.NioEventLoop.processSelectedKey(NioEventLoop.java:632)
	at org.apache.ratis.thirdparty.io.netty.channel.nio.NioEventLoop.processSelectedKeysOptimized(NioEventLoop.java:579)
	at org.apache.ratis.thirdparty.io.netty.channel.nio.NioEventLoop.processSelectedKeys(NioEventLoop.java:496)
	at org.apache.ratis.thirdparty.io.netty.channel.nio.NioEventLoop.run(NioEventLoop.java:458)
	at org.apache.ratis.thirdparty.io.netty.util.concurrent.SingleThreadEventExecutor$5.run(SingleThreadEventExecutor.java:897)
	at org.apache.ratis.thirdparty.io.netty.util.concurrent.FastThreadLocalRunnable.run(FastThreadLocalRunnable.java:30)
	... 1 more
Caused by: java.net.ConnectException: Connection refused
	... 11 more
2019-11-14 17:39:33,071 [00aa4e63-81eb-4c33-a32e-b28e61c28a6d@group-B209632AD019-LeaderElection236] INFO  impl.LeaderElection (LogUtils.java:infoOrTrace(149)) - 00aa4e63-81eb-4c33-a32e-b28e61c28a6d@group-B209632AD019-LeaderElection236 got exception when requesting votes: {}
java.util.concurrent.ExecutionException: org.apache.ratis.thirdparty.io.grpc.StatusRuntimeException: UNAVAILABLE: io exception
	at java.util.concurrent.FutureTask.report(FutureTask.java:122)
	at java.util.concurrent.FutureTask.get(FutureTask.java:192)
	at org.apache.ratis.server.impl.LeaderElection.waitForResults(LeaderElection.java:259)
	at org.apache.ratis.server.impl.LeaderElection.askForVotes(LeaderElection.java:197)
	at org.apache.ratis.server.impl.LeaderElection.run(LeaderElection.java:133)
	at java.lang.Thread.run(Thread.java:748)
Caused by: org.apache.ratis.thirdparty.io.grpc.StatusRuntimeException: UNAVAILABLE: io exception
	at org.apache.ratis.thirdparty.io.grpc.stub.ClientCalls.toStatusRuntimeException(ClientCalls.java:233)
	at org.apache.ratis.thirdparty.io.grpc.stub.ClientCalls.getUnchecked(ClientCalls.java:214)
	at org.apache.ratis.thirdparty.io.grpc.stub.ClientCalls.blockingUnaryCall(ClientCalls.java:139)
	at org.apache.ratis.proto.grpc.RaftServerProtocolServiceGrpc$RaftServerProtocolServiceBlockingStub.requestVote(RaftServerProtocolServiceGrpc.java:265)
	at org.apache.ratis.grpc.server.GrpcServerProtocolClient.requestVote(GrpcServerProtocolClient.java:99)
	at org.apache.ratis.grpc.server.GrpcService.requestVote(GrpcService.java:204)
	at org.apache.ratis.server.impl.LeaderElection.lambda$submitRequests$1(LeaderElection.java:234)
	at java.util.concurrent.FutureTask.run(FutureTask.java:266)
	at java.util.concurrent.Executors$RunnableAdapter.call(Executors.java:511)
	at java.util.concurrent.FutureTask.run(FutureTask.java:266)
	at java.util.concurrent.ThreadPoolExecutor.runWorker(ThreadPoolExecutor.java:1149)
	at java.util.concurrent.ThreadPoolExecutor$Worker.run(ThreadPoolExecutor.java:624)
	... 1 more
Caused by: org.apache.ratis.thirdparty.io.netty.channel.AbstractChannel$AnnotatedConnectException: Connection refused: /192.168.157.194:46499
	at sun.nio.ch.SocketChannelImpl.checkConnect(Native Method)
	at sun.nio.ch.SocketChannelImpl.finishConnect(SocketChannelImpl.java:717)
	at org.apache.ratis.thirdparty.io.netty.channel.socket.nio.NioSocketChannel.doFinishConnect(NioSocketChannel.java:327)
	at org.apache.ratis.thirdparty.io.netty.channel.nio.AbstractNioChannel$AbstractNioUnsafe.finishConnect(AbstractNioChannel.java:340)
	at org.apache.ratis.thirdparty.io.netty.channel.nio.NioEventLoop.processSelectedKey(NioEventLoop.java:632)
	at org.apache.ratis.thirdparty.io.netty.channel.nio.NioEventLoop.processSelectedKeysOptimized(NioEventLoop.java:579)
	at org.apache.ratis.thirdparty.io.netty.channel.nio.NioEventLoop.processSelectedKeys(NioEventLoop.java:496)
	at org.apache.ratis.thirdparty.io.netty.channel.nio.NioEventLoop.run(NioEventLoop.java:458)
	at org.apache.ratis.thirdparty.io.netty.util.concurrent.SingleThreadEventExecutor$5.run(SingleThreadEventExecutor.java:897)
	at org.apache.ratis.thirdparty.io.netty.util.concurrent.FastThreadLocalRunnable.run(FastThreadLocalRunnable.java:30)
	... 1 more
Caused by: java.net.ConnectException: Connection refused
	... 11 more
2019-11-14 17:39:33,072 [00aa4e63-81eb-4c33-a32e-b28e61c28a6d@group-B209632AD019-LeaderElection236] INFO  impl.LeaderElection (LeaderElection.java:logAndReturn(56)) - 00aa4e63-81eb-4c33-a32e-b28e61c28a6d@group-B209632AD019-LeaderElection236: Election REJECTED; received 0 response(s) [] and 2 exception(s); 00aa4e63-81eb-4c33-a32e-b28e61c28a6d@group-B209632AD019:t8, leader=null, voted=00aa4e63-81eb-4c33-a32e-b28e61c28a6d, raftlog=00aa4e63-81eb-4c33-a32e-b28e61c28a6d@group-B209632AD019-SegmentedRaftLog:OPENED:c0,f0,i0, conf=0: [00aa4e63-81eb-4c33-a32e-b28e61c28a6d:192.168.157.194:43947, da9d3605-d5bb-4af4-b35f-64e6f231f8df:192.168.157.194:36645, 9c88a047-7f73-4111-bf87-fe029dccbce6:192.168.157.194:46499], old=null
2019-11-14 17:39:33,072 [00aa4e63-81eb-4c33-a32e-b28e61c28a6d@group-B209632AD019-LeaderElection236] INFO  impl.LeaderElection (LogUtils.java:infoOrTrace(149)) -   Exception 0: {}
java.util.concurrent.ExecutionException: org.apache.ratis.thirdparty.io.grpc.StatusRuntimeException: UNAVAILABLE: io exception
	at java.util.concurrent.FutureTask.report(FutureTask.java:122)
	at java.util.concurrent.FutureTask.get(FutureTask.java:192)
	at org.apache.ratis.server.impl.LeaderElection.waitForResults(LeaderElection.java:259)
	at org.apache.ratis.server.impl.LeaderElection.askForVotes(LeaderElection.java:197)
	at org.apache.ratis.server.impl.LeaderElection.run(LeaderElection.java:133)
	at java.lang.Thread.run(Thread.java:748)
Caused by: org.apache.ratis.thirdparty.io.grpc.StatusRuntimeException: UNAVAILABLE: io exception
	at org.apache.ratis.thirdparty.io.grpc.stub.ClientCalls.toStatusRuntimeException(ClientCalls.java:233)
	at org.apache.ratis.thirdparty.io.grpc.stub.ClientCalls.getUnchecked(ClientCalls.java:214)
	at org.apache.ratis.thirdparty.io.grpc.stub.ClientCalls.blockingUnaryCall(ClientCalls.java:139)
	at org.apache.ratis.proto.grpc.RaftServerProtocolServiceGrpc$RaftServerProtocolServiceBlockingStub.requestVote(RaftServerProtocolServiceGrpc.java:265)
	at org.apache.ratis.grpc.server.GrpcServerProtocolClient.requestVote(GrpcServerProtocolClient.java:99)
	at org.apache.ratis.grpc.server.GrpcService.requestVote(GrpcService.java:204)
	at org.apache.ratis.server.impl.LeaderElection.lambda$submitRequests$1(LeaderElection.java:234)
	at java.util.concurrent.FutureTask.run(FutureTask.java:266)
	at java.util.concurrent.Executors$RunnableAdapter.call(Executors.java:511)
	at java.util.concurrent.FutureTask.run(FutureTask.java:266)
	at java.util.concurrent.ThreadPoolExecutor.runWorker(ThreadPoolExecutor.java:1149)
	at java.util.concurrent.ThreadPoolExecutor$Worker.run(ThreadPoolExecutor.java:624)
	... 1 more
Caused by: org.apache.ratis.thirdparty.io.netty.channel.AbstractChannel$AnnotatedConnectException: Connection refused: /192.168.157.194:36645
	at sun.nio.ch.SocketChannelImpl.checkConnect(Native Method)
	at sun.nio.ch.SocketChannelImpl.finishConnect(SocketChannelImpl.java:717)
	at org.apache.ratis.thirdparty.io.netty.channel.socket.nio.NioSocketChannel.doFinishConnect(NioSocketChannel.java:327)
	at org.apache.ratis.thirdparty.io.netty.channel.nio.AbstractNioChannel$AbstractNioUnsafe.finishConnect(AbstractNioChannel.java:340)
	at org.apache.ratis.thirdparty.io.netty.channel.nio.NioEventLoop.processSelectedKey(NioEventLoop.java:632)
	at org.apache.ratis.thirdparty.io.netty.channel.nio.NioEventLoop.processSelectedKeysOptimized(NioEventLoop.java:579)
	at org.apache.ratis.thirdparty.io.netty.channel.nio.NioEventLoop.processSelectedKeys(NioEventLoop.java:496)
	at org.apache.ratis.thirdparty.io.netty.channel.nio.NioEventLoop.run(NioEventLoop.java:458)
	at org.apache.ratis.thirdparty.io.netty.util.concurrent.SingleThreadEventExecutor$5.run(SingleThreadEventExecutor.java:897)
	at org.apache.ratis.thirdparty.io.netty.util.concurrent.FastThreadLocalRunnable.run(FastThreadLocalRunnable.java:30)
	... 1 more
Caused by: java.net.ConnectException: Connection refused
	... 11 more
2019-11-14 17:39:33,072 [00aa4e63-81eb-4c33-a32e-b28e61c28a6d@group-B209632AD019-LeaderElection236] INFO  impl.LeaderElection (LogUtils.java:infoOrTrace(149)) -   Exception 1: {}
java.util.concurrent.ExecutionException: org.apache.ratis.thirdparty.io.grpc.StatusRuntimeException: UNAVAILABLE: io exception
	at java.util.concurrent.FutureTask.report(FutureTask.java:122)
	at java.util.concurrent.FutureTask.get(FutureTask.java:192)
	at org.apache.ratis.server.impl.LeaderElection.waitForResults(LeaderElection.java:259)
	at org.apache.ratis.server.impl.LeaderElection.askForVotes(LeaderElection.java:197)
	at org.apache.ratis.server.impl.LeaderElection.run(LeaderElection.java:133)
	at java.lang.Thread.run(Thread.java:748)
Caused by: org.apache.ratis.thirdparty.io.grpc.StatusRuntimeException: UNAVAILABLE: io exception
	at org.apache.ratis.thirdparty.io.grpc.stub.ClientCalls.toStatusRuntimeException(ClientCalls.java:233)
	at org.apache.ratis.thirdparty.io.grpc.stub.ClientCalls.getUnchecked(ClientCalls.java:214)
	at org.apache.ratis.thirdparty.io.grpc.stub.ClientCalls.blockingUnaryCall(ClientCalls.java:139)
	at org.apache.ratis.proto.grpc.RaftServerProtocolServiceGrpc$RaftServerProtocolServiceBlockingStub.requestVote(RaftServerProtocolServiceGrpc.java:265)
	at org.apache.ratis.grpc.server.GrpcServerProtocolClient.requestVote(GrpcServerProtocolClient.java:99)
	at org.apache.ratis.grpc.server.GrpcService.requestVote(GrpcService.java:204)
	at org.apache.ratis.server.impl.LeaderElection.lambda$submitRequests$1(LeaderElection.java:234)
	at java.util.concurrent.FutureTask.run(FutureTask.java:266)
	at java.util.concurrent.Executors$RunnableAdapter.call(Executors.java:511)
	at java.util.concurrent.FutureTask.run(FutureTask.java:266)
	at java.util.concurrent.ThreadPoolExecutor.runWorker(ThreadPoolExecutor.java:1149)
	at java.util.concurrent.ThreadPoolExecutor$Worker.run(ThreadPoolExecutor.java:624)
	... 1 more
Caused by: org.apache.ratis.thirdparty.io.netty.channel.AbstractChannel$AnnotatedConnectException: Connection refused: /192.168.157.194:46499
	at sun.nio.ch.SocketChannelImpl.checkConnect(Native Method)
	at sun.nio.ch.SocketChannelImpl.finishConnect(SocketChannelImpl.java:717)
	at org.apache.ratis.thirdparty.io.netty.channel.socket.nio.NioSocketChannel.doFinishConnect(NioSocketChannel.java:327)
	at org.apache.ratis.thirdparty.io.netty.channel.nio.AbstractNioChannel$AbstractNioUnsafe.finishConnect(AbstractNioChannel.java:340)
	at org.apache.ratis.thirdparty.io.netty.channel.nio.NioEventLoop.processSelectedKey(NioEventLoop.java:632)
	at org.apache.ratis.thirdparty.io.netty.channel.nio.NioEventLoop.processSelectedKeysOptimized(NioEventLoop.java:579)
	at org.apache.ratis.thirdparty.io.netty.channel.nio.NioEventLoop.processSelectedKeys(NioEventLoop.java:496)
	at org.apache.ratis.thirdparty.io.netty.channel.nio.NioEventLoop.run(NioEventLoop.java:458)
	at org.apache.ratis.thirdparty.io.netty.util.concurrent.SingleThreadEventExecutor$5.run(SingleThreadEventExecutor.java:897)
	at org.apache.ratis.thirdparty.io.netty.util.concurrent.FastThreadLocalRunnable.run(FastThreadLocalRunnable.java:30)
	... 1 more
Caused by: java.net.ConnectException: Connection refused
	... 11 more
2019-11-14 17:39:33,073 [00aa4e63-81eb-4c33-a32e-b28e61c28a6d@group-B209632AD019-LeaderElection236] INFO  impl.RaftServerImpl (RaftServerImpl.java:setRole(173)) - 00aa4e63-81eb-4c33-a32e-b28e61c28a6d@group-B209632AD019: changes role from CANDIDATE to FOLLOWER at term 8 for DISCOVERED_A_NEW_TERM
2019-11-14 17:39:33,073 [00aa4e63-81eb-4c33-a32e-b28e61c28a6d@group-B209632AD019-LeaderElection236] INFO  impl.RoleInfo (RoleInfo.java:shutdownLeaderElection(134)) - 00aa4e63-81eb-4c33-a32e-b28e61c28a6d: shutdown LeaderElection
2019-11-14 17:39:33,073 [00aa4e63-81eb-4c33-a32e-b28e61c28a6d@group-B209632AD019-LeaderElection236] INFO  impl.RoleInfo (RoleInfo.java:updateAndGet(143)) - 00aa4e63-81eb-4c33-a32e-b28e61c28a6d: start FollowerState
2019-11-14 17:39:33,390 [grpc-default-executor-7] WARN  server.GrpcLogAppender (LogUtils.java:warn(134)) - 9f70b324-be48-4d43-8f47-cd647748f9c6@group-8A7698DEED1E->4fcb6245-7b52-48ea-a68b-fda0132084cd-AppendLogResponseHandler: Failed appendEntries: org.apache.ratis.thirdparty.io.grpc.StatusRuntimeException: UNAVAILABLE: io exception
2019-11-14 17:39:33,391 [grpc-default-executor-7] INFO  impl.FollowerInfo (FollowerInfo.java:lambda$new$0(51)) - 9f70b324-be48-4d43-8f47-cd647748f9c6@group-8A7698DEED1E->4fcb6245-7b52-48ea-a68b-fda0132084cd: nextIndex: updateUnconditionally 0 -> 0
2019-11-14 17:39:33,465 [grpc-default-executor-3] WARN  server.GrpcLogAppender (LogUtils.java:warn(134)) - d0d029c9-c080-45aa-9428-ec9c2afb2e55@group-28F059BB15A6->521325b2-2ced-4cee-b44f-acc523c049d7-AppendLogResponseHandler: Failed appendEntries: org.apache.ratis.thirdparty.io.grpc.StatusRuntimeException: UNAVAILABLE: io exception
2019-11-14 17:39:33,465 [grpc-default-executor-3] INFO  impl.FollowerInfo (FollowerInfo.java:lambda$new$0(51)) - d0d029c9-c080-45aa-9428-ec9c2afb2e55@group-28F059BB15A6->521325b2-2ced-4cee-b44f-acc523c049d7: nextIndex: updateUnconditionally 0 -> 0
2019-11-14 17:39:33,694 [ForkJoinPool.commonPool-worker-1] INFO  ozoneimpl.OzoneContainer (OzoneContainer.java:stop(244)) - Attempting to stop container services.
2019-11-14 17:39:33,695 [main] INFO  ozoneimpl.OzoneContainer (OzoneContainer.java:stop(244)) - Attempting to stop container services.
2019-11-14 17:39:33,695 [ForkJoinPool.commonPool-worker-1] INFO  impl.RaftServerProxy (RaftServerProxy.java:lambda$close$4(314)) - 1e2d7e4d-6af1-461d-8b85-f444d5672a79: close
2019-11-14 17:39:33,696 [main] INFO  impl.RaftServerProxy (RaftServerProxy.java:lambda$close$4(314)) - d0d029c9-c080-45aa-9428-ec9c2afb2e55: close
2019-11-14 17:39:33,696 [ForkJoinPool.commonPool-worker-1] INFO  impl.RaftServerImpl (RaftServerImpl.java:lambda$shutdown$3(250)) - 1e2d7e4d-6af1-461d-8b85-f444d5672a79@group-8A7698DEED1E: shutdown
2019-11-14 17:39:33,697 [main] INFO  impl.RaftServerImpl (RaftServerImpl.java:lambda$shutdown$3(250)) - d0d029c9-c080-45aa-9428-ec9c2afb2e55@group-28F059BB15A6: shutdown
2019-11-14 17:39:33,697 [ForkJoinPool.commonPool-worker-1] INFO  util.JmxRegister (JmxRegister.java:unregister(73)) - Successfully un-registered JMX Bean with object name Ratis:service=RaftServer,group=group-8A7698DEED1E,id=1e2d7e4d-6af1-461d-8b85-f444d5672a79
2019-11-14 17:39:33,697 [main] INFO  util.JmxRegister (JmxRegister.java:unregister(73)) - Successfully un-registered JMX Bean with object name Ratis:service=RaftServer,group=group-28F059BB15A6,id=d0d029c9-c080-45aa-9428-ec9c2afb2e55
2019-11-14 17:39:33,697 [ForkJoinPool.commonPool-worker-1] INFO  impl.RoleInfo (RoleInfo.java:shutdownFollowerState(121)) - 1e2d7e4d-6af1-461d-8b85-f444d5672a79: shutdown FollowerState
2019-11-14 17:39:33,698 [main] INFO  impl.RoleInfo (RoleInfo.java:shutdownLeaderState(104)) - d0d029c9-c080-45aa-9428-ec9c2afb2e55: shutdown LeaderState
2019-11-14 17:39:33,698 [1e2d7e4d-6af1-461d-8b85-f444d5672a79@group-8A7698DEED1E-StateMachineUpdater] INFO  ratis.ContainerStateMachine (ContainerStateMachine.java:takeSnapshot(285)) - group-8A7698DEED1E: Taking a snapshot at:(t:3, i:4) file /workdir/hadoop-ozone/integration-test/target/test-dir/MiniOzoneClusterImpl-76142843-c060-4c87-bf9f-3caeb3385afc/datanode-0/data/ratis/0c7b9cf5-1cd8-4c88-851f-8a7698deed1e/sm/snapshot.3_4
2019-11-14 17:39:33,698 [Thread-4262] INFO  impl.FollowerState (FollowerState.java:run(120)) - 1e2d7e4d-6af1-461d-8b85-f444d5672a79@group-8A7698DEED1E-FollowerState was interrupted: java.lang.InterruptedException: sleep interrupted
2019-11-14 17:39:33,698 [ForkJoinPool.commonPool-worker-1] INFO  impl.StateMachineUpdater (StateMachineUpdater.java:stopAndJoin(136)) - 1e2d7e4d-6af1-461d-8b85-f444d5672a79@group-8A7698DEED1E-StateMachineUpdater: set stopIndex = 9
2019-11-14 17:39:33,703 [main] INFO  impl.PendingRequests (PendingRequests.java:sendNotLeaderResponses(206)) - d0d029c9-c080-45aa-9428-ec9c2afb2e55@group-28F059BB15A6-PendingRequests: sendNotLeaderResponses
2019-11-14 17:39:33,703 [org.apache.ratis.server.impl.LogAppender$AppenderDaemon$$Lambda$459/712830018@10b5525b] WARN  server.GrpcLogAppender (GrpcLogAppender.java:mayWait(151)) - d0d029c9-c080-45aa-9428-ec9c2afb2e55@group-28F059BB15A6->521325b2-2ced-4cee-b44f-acc523c049d7-GrpcLogAppender: Wait interrupted by java.lang.InterruptedException
2019-11-14 17:39:33,701 [org.apache.ratis.server.impl.LogAppender$AppenderDaemon$$Lambda$459/712830018@6eeb3fa7] WARN  server.GrpcLogAppender (GrpcLogAppender.java:mayWait(151)) - d0d029c9-c080-45aa-9428-ec9c2afb2e55@group-28F059BB15A6->d0c52919-9387-42b7-9191-3f4b0bb9b568-GrpcLogAppender: Wait interrupted by java.lang.InterruptedException
2019-11-14 17:39:33,705 [main] INFO  impl.StateMachineUpdater (StateMachineUpdater.java:stopAndJoin(136)) - d0d029c9-c080-45aa-9428-ec9c2afb2e55@group-28F059BB15A6-StateMachineUpdater: set stopIndex = 2
2019-11-14 17:39:33,706 [main] INFO  impl.RaftServerImpl (ServerState.java:close(387)) - d0d029c9-c080-45aa-9428-ec9c2afb2e55@group-28F059BB15A6: closes. applyIndex: 2
2019-11-14 17:39:33,706 [grpc-default-executor-3] INFO  server.GrpcServerProtocolService (GrpcServerProtocolService.java:onCompleted(113)) - d0c52919-9387-42b7-9191-3f4b0bb9b568: Completed APPEND_ENTRIES, lastRequest: d0d029c9-c080-45aa-9428-ec9c2afb2e55->d0c52919-9387-42b7-9191-3f4b0bb9b568#9-t2, previous=(t:2, i:2), leaderCommit=2, initializing? false, entries: <empty>
2019-11-14 17:39:33,706 [d0d029c9-c080-45aa-9428-ec9c2afb2e55@group-28F059BB15A6-SegmentedRaftLogWorker] INFO  segmented.SegmentedRaftLogWorker (SegmentedRaftLogWorker.java:run(316)) - d0d029c9-c080-45aa-9428-ec9c2afb2e55@group-28F059BB15A6-SegmentedRaftLogWorker was interrupted, exiting. There are 0 tasks remaining in the queue.
2019-11-14 17:39:33,707 [main] INFO  segmented.SegmentedRaftLogWorker (SegmentedRaftLogWorker.java:close(224)) - d0d029c9-c080-45aa-9428-ec9c2afb2e55@group-28F059BB15A6-SegmentedRaftLogWorker close()
2019-11-14 17:39:33,707 [grpc-default-executor-3] INFO  server.GrpcLogAppender (GrpcLogAppender.java:onCompleted(308)) - d0d029c9-c080-45aa-9428-ec9c2afb2e55@group-28F059BB15A6->d0c52919-9387-42b7-9191-3f4b0bb9b568-AppendLogResponseHandler: follower responses appendEntries COMPLETED
2019-11-14 17:39:33,707 [main] INFO  impl.RaftServerImpl (RaftServerImpl.java:lambda$shutdown$3(250)) - d0d029c9-c080-45aa-9428-ec9c2afb2e55@group-33E2797DB71F: shutdown
2019-11-14 17:39:33,708 [main] INFO  util.JmxRegister (JmxRegister.java:unregister(73)) - Successfully un-registered JMX Bean with object name Ratis:service=RaftServer,group=group-33E2797DB71F,id=d0d029c9-c080-45aa-9428-ec9c2afb2e55
2019-11-14 17:39:33,708 [grpc-default-executor-3] INFO  impl.FollowerInfo (FollowerInfo.java:lambda$new$0(51)) - d0d029c9-c080-45aa-9428-ec9c2afb2e55@group-28F059BB15A6->d0c52919-9387-42b7-9191-3f4b0bb9b568: nextIndex: updateUnconditionally 3 -> 2
2019-11-14 17:39:33,708 [main] INFO  impl.RoleInfo (RoleInfo.java:shutdownLeaderState(104)) - d0d029c9-c080-45aa-9428-ec9c2afb2e55: shutdown LeaderState
2019-11-14 17:39:33,709 [main] INFO  impl.PendingRequests (PendingRequests.java:sendNotLeaderResponses(206)) - d0d029c9-c080-45aa-9428-ec9c2afb2e55@group-33E2797DB71F-PendingRequests: sendNotLeaderResponses
2019-11-14 17:39:33,709 [main] INFO  impl.StateMachineUpdater (StateMachineUpdater.java:stopAndJoin(136)) - d0d029c9-c080-45aa-9428-ec9c2afb2e55@group-33E2797DB71F-StateMachineUpdater: set stopIndex = 0
2019-11-14 17:39:33,710 [main] INFO  impl.RaftServerImpl (ServerState.java:close(387)) - d0d029c9-c080-45aa-9428-ec9c2afb2e55@group-33E2797DB71F: closes. applyIndex: 0
2019-11-14 17:39:33,710 [d0d029c9-c080-45aa-9428-ec9c2afb2e55@group-33E2797DB71F-SegmentedRaftLogWorker] INFO  segmented.SegmentedRaftLogWorker (SegmentedRaftLogWorker.java:run(316)) - d0d029c9-c080-45aa-9428-ec9c2afb2e55@group-33E2797DB71F-SegmentedRaftLogWorker was interrupted, exiting. There are 0 tasks remaining in the queue.
2019-11-14 17:39:33,711 [main] INFO  segmented.SegmentedRaftLogWorker (SegmentedRaftLogWorker.java:close(224)) - d0d029c9-c080-45aa-9428-ec9c2afb2e55@group-33E2797DB71F-SegmentedRaftLogWorker close()
2019-11-14 17:39:33,711 [main] INFO  server.GrpcService (GrpcService.java:closeImpl(164)) - d0d029c9-c080-45aa-9428-ec9c2afb2e55: shutdown server with port 41166 now
2019-11-14 17:39:33,712 [main] INFO  server.GrpcService (GrpcService.java:closeImpl(172)) - d0d029c9-c080-45aa-9428-ec9c2afb2e55: shutdown server with port 41166 successfully
2019-11-14 17:39:33,727 [refreshUsed-/workdir/hadoop-ozone/integration-test/target/test-dir/MiniOzoneClusterImpl-76142843-c060-4c87-bf9f-3caeb3385afc/datanode-8/data/containers] WARN  fs.CachingGetSpaceUsed (CachingGetSpaceUsed.java:run(183)) - Thread Interrupted waiting to refresh disk information: sleep interrupted
2019-11-14 17:39:33,735 [1e2d7e4d-6af1-461d-8b85-f444d5672a79@group-8A7698DEED1E-StateMachineUpdater] INFO  ratis.ContainerStateMachine (ContainerStateMachine.java:takeSnapshot(296)) - group-8A7698DEED1E: Finished taking a snapshot at:(t:3, i:4) file:/workdir/hadoop-ozone/integration-test/target/test-dir/MiniOzoneClusterImpl-76142843-c060-4c87-bf9f-3caeb3385afc/datanode-0/data/ratis/0c7b9cf5-1cd8-4c88-851f-8a7698deed1e/sm/snapshot.3_4 time:37
2019-11-14 17:39:33,736 [1e2d7e4d-6af1-461d-8b85-f444d5672a79@group-8A7698DEED1E-StateMachineUpdater] INFO  impl.StateMachineUpdater (StateMachineUpdater.java:takeSnapshot(269)) - 1e2d7e4d-6af1-461d-8b85-f444d5672a79@group-8A7698DEED1E-StateMachineUpdater: Took a snapshot at index 4
2019-11-14 17:39:33,736 [1e2d7e4d-6af1-461d-8b85-f444d5672a79@group-8A7698DEED1E-StateMachineUpdater] INFO  impl.StateMachineUpdater (StateMachineUpdater.java:lambda$new$0(84)) - 1e2d7e4d-6af1-461d-8b85-f444d5672a79@group-8A7698DEED1E-StateMachineUpdater: snapshotIndex: updateIncreasingly -1 -> 4
2019-11-14 17:39:33,737 [1e2d7e4d-6af1-461d-8b85-f444d5672a79@group-8A7698DEED1E-StateMachineUpdater] INFO  ratis.ContainerStateMachine (ContainerStateMachine.java:takeSnapshot(285)) - group-8A7698DEED1E: Taking a snapshot at:(t:3, i:4) file /workdir/hadoop-ozone/integration-test/target/test-dir/MiniOzoneClusterImpl-76142843-c060-4c87-bf9f-3caeb3385afc/datanode-0/data/ratis/0c7b9cf5-1cd8-4c88-851f-8a7698deed1e/sm/snapshot.3_4
2019-11-14 17:39:33,745 [main] INFO  utils.BackgroundService (BackgroundService.java:shutdown(151)) - Shutting down service BlockDeletingService
2019-11-14 17:39:33,747 [main] INFO  statemachine.DatanodeStateMachine (DatanodeStateMachine.java:stopDaemon(395)) - Ozone container server stopped.
2019-11-14 17:39:33,749 [main] INFO  handler.ContextHandler (ContextHandler.java:doStop(910)) - Stopped o.e.j.w.WebAppContext@29bd85db{/,null,UNAVAILABLE}{/hddsDatanode}
2019-11-14 17:39:33,751 [main] INFO  server.AbstractConnector (AbstractConnector.java:doStop(318)) - Stopped ServerConnector@7caf1e5{HTTP/1.1,[http/1.1]}{0.0.0.0:0}
2019-11-14 17:39:33,751 [main] INFO  handler.ContextHandler (ContextHandler.java:doStop(910)) - Stopped o.e.j.s.ServletContextHandler@7af1d072{/static,jar:file:/home/user/.m2/repository/org/apache/hadoop/hadoop-hdds-container-service/0.5.0-SNAPSHOT/hadoop-hdds-container-service-0.5.0-SNAPSHOT.jar!/webapps/static,UNAVAILABLE}
2019-11-14 17:39:33,752 [main] INFO  handler.ContextHandler (ContextHandler.java:doStop(910)) - Stopped o.e.j.s.ServletContextHandler@159ac15f{/logs,file:///workdir/hadoop-ozone/integration-test/target/log,UNAVAILABLE}
2019-11-14 17:39:33,761 [1e2d7e4d-6af1-461d-8b85-f444d5672a79@group-8A7698DEED1E-StateMachineUpdater] INFO  ratis.ContainerStateMachine (ContainerStateMachine.java:takeSnapshot(296)) - group-8A7698DEED1E: Finished taking a snapshot at:(t:3, i:4) file:/workdir/hadoop-ozone/integration-test/target/test-dir/MiniOzoneClusterImpl-76142843-c060-4c87-bf9f-3caeb3385afc/datanode-0/data/ratis/0c7b9cf5-1cd8-4c88-851f-8a7698deed1e/sm/snapshot.3_4 time:24
2019-11-14 17:39:33,761 [1e2d7e4d-6af1-461d-8b85-f444d5672a79@group-8A7698DEED1E-StateMachineUpdater] INFO  impl.StateMachineUpdater (StateMachineUpdater.java:takeSnapshot(269)) - 1e2d7e4d-6af1-461d-8b85-f444d5672a79@group-8A7698DEED1E-StateMachineUpdater: Took a snapshot at index 4
2019-11-14 17:39:33,761 [1e2d7e4d-6af1-461d-8b85-f444d5672a79@group-8A7698DEED1E-StateMachineUpdater] INFO  impl.StateMachineUpdater (StateMachineUpdater.java:lambda$new$0(84)) - 1e2d7e4d-6af1-461d-8b85-f444d5672a79@group-8A7698DEED1E-StateMachineUpdater: snapshotIndex: updateIncreasingly 4 -> 4
2019-11-14 17:39:33,761 [ForkJoinPool.commonPool-worker-1] INFO  impl.RaftServerImpl (ServerState.java:close(387)) - 1e2d7e4d-6af1-461d-8b85-f444d5672a79@group-8A7698DEED1E: closes. applyIndex: 9
2019-11-14 17:39:33,762 [1e2d7e4d-6af1-461d-8b85-f444d5672a79@group-8A7698DEED1E-SegmentedRaftLogWorker] INFO  segmented.SegmentedRaftLogWorker (SegmentedRaftLogWorker.java:run(316)) - 1e2d7e4d-6af1-461d-8b85-f444d5672a79@group-8A7698DEED1E-SegmentedRaftLogWorker was interrupted, exiting. There are 0 tasks remaining in the queue.
2019-11-14 17:39:33,762 [ForkJoinPool.commonPool-worker-1] INFO  segmented.SegmentedRaftLogWorker (SegmentedRaftLogWorker.java:close(224)) - 1e2d7e4d-6af1-461d-8b85-f444d5672a79@group-8A7698DEED1E-SegmentedRaftLogWorker close()
2019-11-14 17:39:33,762 [ForkJoinPool.commonPool-worker-1] INFO  impl.RaftServerImpl (RaftServerImpl.java:lambda$shutdown$3(250)) - 1e2d7e4d-6af1-461d-8b85-f444d5672a79@group-EA3A918AE431: shutdown
2019-11-14 17:39:33,762 [ForkJoinPool.commonPool-worker-1] INFO  util.JmxRegister (JmxRegister.java:unregister(73)) - Successfully un-registered JMX Bean with object name Ratis:service=RaftServer,group=group-EA3A918AE431,id=1e2d7e4d-6af1-461d-8b85-f444d5672a79
2019-11-14 17:39:33,763 [ForkJoinPool.commonPool-worker-1] INFO  impl.RoleInfo (RoleInfo.java:shutdownLeaderState(104)) - 1e2d7e4d-6af1-461d-8b85-f444d5672a79: shutdown LeaderState
2019-11-14 17:39:33,763 [ForkJoinPool.commonPool-worker-1] INFO  impl.PendingRequests (PendingRequests.java:sendNotLeaderResponses(206)) - 1e2d7e4d-6af1-461d-8b85-f444d5672a79@group-EA3A918AE431-PendingRequests: sendNotLeaderResponses
2019-11-14 17:39:33,763 [ForkJoinPool.commonPool-worker-1] INFO  impl.StateMachineUpdater (StateMachineUpdater.java:stopAndJoin(136)) - 1e2d7e4d-6af1-461d-8b85-f444d5672a79@group-EA3A918AE431-StateMachineUpdater: set stopIndex = 0
2019-11-14 17:39:33,764 [ForkJoinPool.commonPool-worker-1] INFO  impl.RaftServerImpl (ServerState.java:close(387)) - 1e2d7e4d-6af1-461d-8b85-f444d5672a79@group-EA3A918AE431: closes. applyIndex: 0
2019-11-14 17:39:33,764 [1e2d7e4d-6af1-461d-8b85-f444d5672a79@group-EA3A918AE431-SegmentedRaftLogWorker] INFO  segmented.SegmentedRaftLogWorker (SegmentedRaftLogWorker.java:run(316)) - 1e2d7e4d-6af1-461d-8b85-f444d5672a79@group-EA3A918AE431-SegmentedRaftLogWorker was interrupted, exiting. There are 0 tasks remaining in the queue.
2019-11-14 17:39:33,764 [ForkJoinPool.commonPool-worker-1] INFO  segmented.SegmentedRaftLogWorker (SegmentedRaftLogWorker.java:close(224)) - 1e2d7e4d-6af1-461d-8b85-f444d5672a79@group-EA3A918AE431-SegmentedRaftLogWorker close()
2019-11-14 17:39:33,764 [ForkJoinPool.commonPool-worker-1] INFO  server.GrpcService (GrpcService.java:closeImpl(164)) - 1e2d7e4d-6af1-461d-8b85-f444d5672a79: shutdown server with port 43154 now
2019-11-14 17:39:33,765 [grpc-default-executor-2] WARN  server.GrpcServerProtocolService (LogUtils.java:warn(134)) - 1e2d7e4d-6af1-461d-8b85-f444d5672a79: installSnapshot onError, lastRequest: 9f70b324-be48-4d43-8f47-cd647748f9c6->1e2d7e4d-6af1-461d-8b85-f444d5672a79#13-t5, previous=(t:5, i:9), leaderCommit=9, initializing? false, entries: <empty>: org.apache.ratis.thirdparty.io.grpc.StatusRuntimeException: CANCELLED: cancelled before receiving half close
2019-11-14 17:39:33,765 [ForkJoinPool.commonPool-worker-1] INFO  server.GrpcService (GrpcService.java:closeImpl(172)) - 1e2d7e4d-6af1-461d-8b85-f444d5672a79: shutdown server with port 43154 successfully
2019-11-14 17:39:33,765 [grpc-default-executor-3] WARN  server.GrpcLogAppender (LogUtils.java:warn(134)) - 9f70b324-be48-4d43-8f47-cd647748f9c6@group-8A7698DEED1E->1e2d7e4d-6af1-461d-8b85-f444d5672a79-AppendLogResponseHandler: Failed appendEntries: org.apache.ratis.thirdparty.io.grpc.StatusRuntimeException: CANCELLED: HTTP/2 error code: CANCEL
Received Rst Stream
2019-11-14 17:39:33,766 [grpc-default-executor-3] INFO  impl.FollowerInfo (FollowerInfo.java:lambda$new$0(51)) - 9f70b324-be48-4d43-8f47-cd647748f9c6@group-8A7698DEED1E->1e2d7e4d-6af1-461d-8b85-f444d5672a79: nextIndex: updateUnconditionally 10 -> 9
2019-11-14 17:39:33,767 [refreshUsed-/workdir/hadoop-ozone/integration-test/target/test-dir/MiniOzoneClusterImpl-76142843-c060-4c87-bf9f-3caeb3385afc/datanode-0/data/containers] WARN  fs.CachingGetSpaceUsed (CachingGetSpaceUsed.java:run(183)) - Thread Interrupted waiting to refresh disk information: sleep interrupted
2019-11-14 17:39:33,785 [ForkJoinPool.commonPool-worker-1] INFO  utils.BackgroundService (BackgroundService.java:shutdown(151)) - Shutting down service BlockDeletingService
2019-11-14 17:39:33,787 [ForkJoinPool.commonPool-worker-1] INFO  statemachine.DatanodeStateMachine (DatanodeStateMachine.java:stopDaemon(395)) - Ozone container server stopped.
2019-11-14 17:39:33,791 [ForkJoinPool.commonPool-worker-1] INFO  handler.ContextHandler (ContextHandler.java:doStop(910)) - Stopped o.e.j.w.WebAppContext@47187f50{/,null,UNAVAILABLE}{/hddsDatanode}
2019-11-14 17:39:33,792 [ForkJoinPool.commonPool-worker-1] INFO  server.AbstractConnector (AbstractConnector.java:doStop(318)) - Stopped ServerConnector@78116659{HTTP/1.1,[http/1.1]}{0.0.0.0:0}
2019-11-14 17:39:33,793 [ForkJoinPool.commonPool-worker-1] INFO  handler.ContextHandler (ContextHandler.java:doStop(910)) - Stopped o.e.j.s.ServletContextHandler@147cc940{/static,jar:file:/home/user/.m2/repository/org/apache/hadoop/hadoop-hdds-container-service/0.5.0-SNAPSHOT/hadoop-hdds-container-service-0.5.0-SNAPSHOT.jar!/webapps/static,UNAVAILABLE}
2019-11-14 17:39:33,795 [ForkJoinPool.commonPool-worker-1] INFO  handler.ContextHandler (ContextHandler.java:doStop(910)) - Stopped o.e.j.s.ServletContextHandler@4bc9ca97{/logs,file:///workdir/hadoop-ozone/integration-test/target/log,UNAVAILABLE}
2019-11-14 17:39:33,890 [grpc-default-executor-7] WARN  server.GrpcLogAppender (LogUtils.java:warn(134)) - 9f70b324-be48-4d43-8f47-cd647748f9c6@group-8A7698DEED1E->4fcb6245-7b52-48ea-a68b-fda0132084cd-AppendLogResponseHandler: Failed appendEntries: org.apache.ratis.thirdparty.io.grpc.StatusRuntimeException: UNAVAILABLE: io exception
2019-11-14 17:39:33,891 [grpc-default-executor-7] INFO  impl.FollowerInfo (FollowerInfo.java:lambda$new$0(51)) - 9f70b324-be48-4d43-8f47-cd647748f9c6@group-8A7698DEED1E->4fcb6245-7b52-48ea-a68b-fda0132084cd: nextIndex: updateUnconditionally 0 -> 0
2019-11-14 17:39:33,901 [grpc-default-executor-3] WARN  server.GrpcLogAppender (LogUtils.java:warn(134)) - 9f70b324-be48-4d43-8f47-cd647748f9c6@group-8A7698DEED1E->1e2d7e4d-6af1-461d-8b85-f444d5672a79-AppendLogResponseHandler: Failed appendEntries: org.apache.ratis.thirdparty.io.grpc.StatusRuntimeException: UNAVAILABLE: io exception
2019-11-14 17:39:33,901 [grpc-default-executor-3] INFO  impl.FollowerInfo (FollowerInfo.java:lambda$new$0(51)) - 9f70b324-be48-4d43-8f47-cd647748f9c6@group-8A7698DEED1E->1e2d7e4d-6af1-461d-8b85-f444d5672a79: nextIndex: updateUnconditionally 9 -> 8
2019-11-14 17:39:34,270 [Thread-4318] INFO  impl.FollowerState (FollowerState.java:run(111)) - 00aa4e63-81eb-4c33-a32e-b28e61c28a6d@group-B209632AD019-FollowerState: change to CANDIDATE, lastRpcTime:1197ms, electionTimeout:1197ms
2019-11-14 17:39:34,271 [Thread-4318] INFO  impl.RoleInfo (RoleInfo.java:shutdownFollowerState(121)) - 00aa4e63-81eb-4c33-a32e-b28e61c28a6d: shutdown FollowerState
2019-11-14 17:39:34,271 [Thread-4318] INFO  impl.RaftServerImpl (RaftServerImpl.java:setRole(173)) - 00aa4e63-81eb-4c33-a32e-b28e61c28a6d@group-B209632AD019: changes role from  FOLLOWER to CANDIDATE at term 8 for changeToCandidate
2019-11-14 17:39:34,271 [Thread-4318] INFO  impl.RoleInfo (RoleInfo.java:updateAndGet(143)) - 00aa4e63-81eb-4c33-a32e-b28e61c28a6d: start LeaderElection
2019-11-14 17:39:34,296 [00aa4e63-81eb-4c33-a32e-b28e61c28a6d@group-B209632AD019-LeaderElection237] INFO  impl.LeaderElection (LeaderElection.java:askForVotes(178)) - 00aa4e63-81eb-4c33-a32e-b28e61c28a6d@group-B209632AD019-LeaderElection237: begin an election at term 9 for 0: [00aa4e63-81eb-4c33-a32e-b28e61c28a6d:192.168.157.194:43947, da9d3605-d5bb-4af4-b35f-64e6f231f8df:192.168.157.194:36645, 9c88a047-7f73-4111-bf87-fe029dccbce6:192.168.157.194:46499], old=null
2019-11-14 17:39:34,297 [00aa4e63-81eb-4c33-a32e-b28e61c28a6d@group-B209632AD019-LeaderElection237] INFO  impl.LeaderElection (LogUtils.java:infoOrTrace(149)) - 00aa4e63-81eb-4c33-a32e-b28e61c28a6d@group-B209632AD019-LeaderElection237 got exception when requesting votes: {}
java.util.concurrent.ExecutionException: org.apache.ratis.thirdparty.io.grpc.StatusRuntimeException: UNAVAILABLE: io exception
	at java.util.concurrent.FutureTask.report(FutureTask.java:122)
	at java.util.concurrent.FutureTask.get(FutureTask.java:192)
	at org.apache.ratis.server.impl.LeaderElection.waitForResults(LeaderElection.java:259)
	at org.apache.ratis.server.impl.LeaderElection.askForVotes(LeaderElection.java:197)
	at org.apache.ratis.server.impl.LeaderElection.run(LeaderElection.java:133)
	at java.lang.Thread.run(Thread.java:748)
Caused by: org.apache.ratis.thirdparty.io.grpc.StatusRuntimeException: UNAVAILABLE: io exception
	at org.apache.ratis.thirdparty.io.grpc.stub.ClientCalls.toStatusRuntimeException(ClientCalls.java:233)
	at org.apache.ratis.thirdparty.io.grpc.stub.ClientCalls.getUnchecked(ClientCalls.java:214)
	at org.apache.ratis.thirdparty.io.grpc.stub.ClientCalls.blockingUnaryCall(ClientCalls.java:139)
	at org.apache.ratis.proto.grpc.RaftServerProtocolServiceGrpc$RaftServerProtocolServiceBlockingStub.requestVote(RaftServerProtocolServiceGrpc.java:265)
	at org.apache.ratis.grpc.server.GrpcServerProtocolClient.requestVote(GrpcServerProtocolClient.java:99)
	at org.apache.ratis.grpc.server.GrpcService.requestVote(GrpcService.java:204)
	at org.apache.ratis.server.impl.LeaderElection.lambda$submitRequests$1(LeaderElection.java:234)
	at java.util.concurrent.FutureTask.run(FutureTask.java:266)
	at java.util.concurrent.Executors$RunnableAdapter.call(Executors.java:511)
	at java.util.concurrent.FutureTask.run(FutureTask.java:266)
	at java.util.concurrent.ThreadPoolExecutor.runWorker(ThreadPoolExecutor.java:1149)
	at java.util.concurrent.ThreadPoolExecutor$Worker.run(ThreadPoolExecutor.java:624)
	... 1 more
Caused by: org.apache.ratis.thirdparty.io.netty.channel.AbstractChannel$AnnotatedConnectException: Connection refused: /192.168.157.194:36645
	at sun.nio.ch.SocketChannelImpl.checkConnect(Native Method)
	at sun.nio.ch.SocketChannelImpl.finishConnect(SocketChannelImpl.java:717)
	at org.apache.ratis.thirdparty.io.netty.channel.socket.nio.NioSocketChannel.doFinishConnect(NioSocketChannel.java:327)
	at org.apache.ratis.thirdparty.io.netty.channel.nio.AbstractNioChannel$AbstractNioUnsafe.finishConnect(AbstractNioChannel.java:340)
	at org.apache.ratis.thirdparty.io.netty.channel.nio.NioEventLoop.processSelectedKey(NioEventLoop.java:632)
	at org.apache.ratis.thirdparty.io.netty.channel.nio.NioEventLoop.processSelectedKeysOptimized(NioEventLoop.java:579)
	at org.apache.ratis.thirdparty.io.netty.channel.nio.NioEventLoop.processSelectedKeys(NioEventLoop.java:496)
	at org.apache.ratis.thirdparty.io.netty.channel.nio.NioEventLoop.run(NioEventLoop.java:458)
	at org.apache.ratis.thirdparty.io.netty.util.concurrent.SingleThreadEventExecutor$5.run(SingleThreadEventExecutor.java:897)
	at org.apache.ratis.thirdparty.io.netty.util.concurrent.FastThreadLocalRunnable.run(FastThreadLocalRunnable.java:30)
	... 1 more
Caused by: java.net.ConnectException: Connection refused
	... 11 more
2019-11-14 17:39:34,298 [00aa4e63-81eb-4c33-a32e-b28e61c28a6d@group-B209632AD019-LeaderElection237] INFO  impl.LeaderElection (LogUtils.java:infoOrTrace(149)) - 00aa4e63-81eb-4c33-a32e-b28e61c28a6d@group-B209632AD019-LeaderElection237 got exception when requesting votes: {}
java.util.concurrent.ExecutionException: org.apache.ratis.thirdparty.io.grpc.StatusRuntimeException: UNAVAILABLE: io exception
	at java.util.concurrent.FutureTask.report(FutureTask.java:122)
	at java.util.concurrent.FutureTask.get(FutureTask.java:192)
	at org.apache.ratis.server.impl.LeaderElection.waitForResults(LeaderElection.java:259)
	at org.apache.ratis.server.impl.LeaderElection.askForVotes(LeaderElection.java:197)
	at org.apache.ratis.server.impl.LeaderElection.run(LeaderElection.java:133)
	at java.lang.Thread.run(Thread.java:748)
Caused by: org.apache.ratis.thirdparty.io.grpc.StatusRuntimeException: UNAVAILABLE: io exception
	at org.apache.ratis.thirdparty.io.grpc.stub.ClientCalls.toStatusRuntimeException(ClientCalls.java:233)
	at org.apache.ratis.thirdparty.io.grpc.stub.ClientCalls.getUnchecked(ClientCalls.java:214)
	at org.apache.ratis.thirdparty.io.grpc.stub.ClientCalls.blockingUnaryCall(ClientCalls.java:139)
	at org.apache.ratis.proto.grpc.RaftServerProtocolServiceGrpc$RaftServerProtocolServiceBlockingStub.requestVote(RaftServerProtocolServiceGrpc.java:265)
	at org.apache.ratis.grpc.server.GrpcServerProtocolClient.requestVote(GrpcServerProtocolClient.java:99)
	at org.apache.ratis.grpc.server.GrpcService.requestVote(GrpcService.java:204)
	at org.apache.ratis.server.impl.LeaderElection.lambda$submitRequests$1(LeaderElection.java:234)
	at java.util.concurrent.FutureTask.run(FutureTask.java:266)
	at java.util.concurrent.Executors$RunnableAdapter.call(Executors.java:511)
	at java.util.concurrent.FutureTask.run(FutureTask.java:266)
	at java.util.concurrent.ThreadPoolExecutor.runWorker(ThreadPoolExecutor.java:1149)
	at java.util.concurrent.ThreadPoolExecutor$Worker.run(ThreadPoolExecutor.java:624)
	... 1 more
Caused by: org.apache.ratis.thirdparty.io.netty.channel.AbstractChannel$AnnotatedConnectException: Connection refused: /192.168.157.194:46499
	at sun.nio.ch.SocketChannelImpl.checkConnect(Native Method)
	at sun.nio.ch.SocketChannelImpl.finishConnect(SocketChannelImpl.java:717)
	at org.apache.ratis.thirdparty.io.netty.channel.socket.nio.NioSocketChannel.doFinishConnect(NioSocketChannel.java:327)
	at org.apache.ratis.thirdparty.io.netty.channel.nio.AbstractNioChannel$AbstractNioUnsafe.finishConnect(AbstractNioChannel.java:340)
	at org.apache.ratis.thirdparty.io.netty.channel.nio.NioEventLoop.processSelectedKey(NioEventLoop.java:632)
	at org.apache.ratis.thirdparty.io.netty.channel.nio.NioEventLoop.processSelectedKeysOptimized(NioEventLoop.java:579)
	at org.apache.ratis.thirdparty.io.netty.channel.nio.NioEventLoop.processSelectedKeys(NioEventLoop.java:496)
	at org.apache.ratis.thirdparty.io.netty.channel.nio.NioEventLoop.run(NioEventLoop.java:458)
	at org.apache.ratis.thirdparty.io.netty.util.concurrent.SingleThreadEventExecutor$5.run(SingleThreadEventExecutor.java:897)
	at org.apache.ratis.thirdparty.io.netty.util.concurrent.FastThreadLocalRunnable.run(FastThreadLocalRunnable.java:30)
	... 1 more
Caused by: java.net.ConnectException: Connection refused
	... 11 more
2019-11-14 17:39:34,298 [00aa4e63-81eb-4c33-a32e-b28e61c28a6d@group-B209632AD019-LeaderElection237] INFO  impl.LeaderElection (LeaderElection.java:logAndReturn(56)) - 00aa4e63-81eb-4c33-a32e-b28e61c28a6d@group-B209632AD019-LeaderElection237: Election REJECTED; received 0 response(s) [] and 2 exception(s); 00aa4e63-81eb-4c33-a32e-b28e61c28a6d@group-B209632AD019:t9, leader=null, voted=00aa4e63-81eb-4c33-a32e-b28e61c28a6d, raftlog=00aa4e63-81eb-4c33-a32e-b28e61c28a6d@group-B209632AD019-SegmentedRaftLog:OPENED:c0,f0,i0, conf=0: [00aa4e63-81eb-4c33-a32e-b28e61c28a6d:192.168.157.194:43947, da9d3605-d5bb-4af4-b35f-64e6f231f8df:192.168.157.194:36645, 9c88a047-7f73-4111-bf87-fe029dccbce6:192.168.157.194:46499], old=null
2019-11-14 17:39:34,299 [00aa4e63-81eb-4c33-a32e-b28e61c28a6d@group-B209632AD019-LeaderElection237] INFO  impl.LeaderElection (LogUtils.java:infoOrTrace(149)) -   Exception 0: {}
java.util.concurrent.ExecutionException: org.apache.ratis.thirdparty.io.grpc.StatusRuntimeException: UNAVAILABLE: io exception
	at java.util.concurrent.FutureTask.report(FutureTask.java:122)
	at java.util.concurrent.FutureTask.get(FutureTask.java:192)
	at org.apache.ratis.server.impl.LeaderElection.waitForResults(LeaderElection.java:259)
	at org.apache.ratis.server.impl.LeaderElection.askForVotes(LeaderElection.java:197)
	at org.apache.ratis.server.impl.LeaderElection.run(LeaderElection.java:133)
	at java.lang.Thread.run(Thread.java:748)
Caused by: org.apache.ratis.thirdparty.io.grpc.StatusRuntimeException: UNAVAILABLE: io exception
	at org.apache.ratis.thirdparty.io.grpc.stub.ClientCalls.toStatusRuntimeException(ClientCalls.java:233)
	at org.apache.ratis.thirdparty.io.grpc.stub.ClientCalls.getUnchecked(ClientCalls.java:214)
	at org.apache.ratis.thirdparty.io.grpc.stub.ClientCalls.blockingUnaryCall(ClientCalls.java:139)
	at org.apache.ratis.proto.grpc.RaftServerProtocolServiceGrpc$RaftServerProtocolServiceBlockingStub.requestVote(RaftServerProtocolServiceGrpc.java:265)
	at org.apache.ratis.grpc.server.GrpcServerProtocolClient.requestVote(GrpcServerProtocolClient.java:99)
	at org.apache.ratis.grpc.server.GrpcService.requestVote(GrpcService.java:204)
	at org.apache.ratis.server.impl.LeaderElection.lambda$submitRequests$1(LeaderElection.java:234)
	at java.util.concurrent.FutureTask.run(FutureTask.java:266)
	at java.util.concurrent.Executors$RunnableAdapter.call(Executors.java:511)
	at java.util.concurrent.FutureTask.run(FutureTask.java:266)
	at java.util.concurrent.ThreadPoolExecutor.runWorker(ThreadPoolExecutor.java:1149)
	at java.util.concurrent.ThreadPoolExecutor$Worker.run(ThreadPoolExecutor.java:624)
	... 1 more
Caused by: org.apache.ratis.thirdparty.io.netty.channel.AbstractChannel$AnnotatedConnectException: Connection refused: /192.168.157.194:36645
	at sun.nio.ch.SocketChannelImpl.checkConnect(Native Method)
	at sun.nio.ch.SocketChannelImpl.finishConnect(SocketChannelImpl.java:717)
	at org.apache.ratis.thirdparty.io.netty.channel.socket.nio.NioSocketChannel.doFinishConnect(NioSocketChannel.java:327)
	at org.apache.ratis.thirdparty.io.netty.channel.nio.AbstractNioChannel$AbstractNioUnsafe.finishConnect(AbstractNioChannel.java:340)
	at org.apache.ratis.thirdparty.io.netty.channel.nio.NioEventLoop.processSelectedKey(NioEventLoop.java:632)
	at org.apache.ratis.thirdparty.io.netty.channel.nio.NioEventLoop.processSelectedKeysOptimized(NioEventLoop.java:579)
	at org.apache.ratis.thirdparty.io.netty.channel.nio.NioEventLoop.processSelectedKeys(NioEventLoop.java:496)
	at org.apache.ratis.thirdparty.io.netty.channel.nio.NioEventLoop.run(NioEventLoop.java:458)
	at org.apache.ratis.thirdparty.io.netty.util.concurrent.SingleThreadEventExecutor$5.run(SingleThreadEventExecutor.java:897)
	at org.apache.ratis.thirdparty.io.netty.util.concurrent.FastThreadLocalRunnable.run(FastThreadLocalRunnable.java:30)
	... 1 more
Caused by: java.net.ConnectException: Connection refused
	... 11 more
2019-11-14 17:39:34,299 [00aa4e63-81eb-4c33-a32e-b28e61c28a6d@group-B209632AD019-LeaderElection237] INFO  impl.LeaderElection (LogUtils.java:infoOrTrace(149)) -   Exception 1: {}
java.util.concurrent.ExecutionException: org.apache.ratis.thirdparty.io.grpc.StatusRuntimeException: UNAVAILABLE: io exception
	at java.util.concurrent.FutureTask.report(FutureTask.java:122)
	at java.util.concurrent.FutureTask.get(FutureTask.java:192)
	at org.apache.ratis.server.impl.LeaderElection.waitForResults(LeaderElection.java:259)
	at org.apache.ratis.server.impl.LeaderElection.askForVotes(LeaderElection.java:197)
	at org.apache.ratis.server.impl.LeaderElection.run(LeaderElection.java:133)
	at java.lang.Thread.run(Thread.java:748)
Caused by: org.apache.ratis.thirdparty.io.grpc.StatusRuntimeException: UNAVAILABLE: io exception
	at org.apache.ratis.thirdparty.io.grpc.stub.ClientCalls.toStatusRuntimeException(ClientCalls.java:233)
	at org.apache.ratis.thirdparty.io.grpc.stub.ClientCalls.getUnchecked(ClientCalls.java:214)
	at org.apache.ratis.thirdparty.io.grpc.stub.ClientCalls.blockingUnaryCall(ClientCalls.java:139)
	at org.apache.ratis.proto.grpc.RaftServerProtocolServiceGrpc$RaftServerProtocolServiceBlockingStub.requestVote(RaftServerProtocolServiceGrpc.java:265)
	at org.apache.ratis.grpc.server.GrpcServerProtocolClient.requestVote(GrpcServerProtocolClient.java:99)
	at org.apache.ratis.grpc.server.GrpcService.requestVote(GrpcService.java:204)
	at org.apache.ratis.server.impl.LeaderElection.lambda$submitRequests$1(LeaderElection.java:234)
	at java.util.concurrent.FutureTask.run(FutureTask.java:266)
	at java.util.concurrent.Executors$RunnableAdapter.call(Executors.java:511)
	at java.util.concurrent.FutureTask.run(FutureTask.java:266)
	at java.util.concurrent.ThreadPoolExecutor.runWorker(ThreadPoolExecutor.java:1149)
	at java.util.concurrent.ThreadPoolExecutor$Worker.run(ThreadPoolExecutor.java:624)
	... 1 more
Caused by: org.apache.ratis.thirdparty.io.netty.channel.AbstractChannel$AnnotatedConnectException: Connection refused: /192.168.157.194:46499
	at sun.nio.ch.SocketChannelImpl.checkConnect(Native Method)
	at sun.nio.ch.SocketChannelImpl.finishConnect(SocketChannelImpl.java:717)
	at org.apache.ratis.thirdparty.io.netty.channel.socket.nio.NioSocketChannel.doFinishConnect(NioSocketChannel.java:327)
	at org.apache.ratis.thirdparty.io.netty.channel.nio.AbstractNioChannel$AbstractNioUnsafe.finishConnect(AbstractNioChannel.java:340)
	at org.apache.ratis.thirdparty.io.netty.channel.nio.NioEventLoop.processSelectedKey(NioEventLoop.java:632)
	at org.apache.ratis.thirdparty.io.netty.channel.nio.NioEventLoop.processSelectedKeysOptimized(NioEventLoop.java:579)
	at org.apache.ratis.thirdparty.io.netty.channel.nio.NioEventLoop.processSelectedKeys(NioEventLoop.java:496)
	at org.apache.ratis.thirdparty.io.netty.channel.nio.NioEventLoop.run(NioEventLoop.java:458)
	at org.apache.ratis.thirdparty.io.netty.util.concurrent.SingleThreadEventExecutor$5.run(SingleThreadEventExecutor.java:897)
	at org.apache.ratis.thirdparty.io.netty.util.concurrent.FastThreadLocalRunnable.run(FastThreadLocalRunnable.java:30)
	... 1 more
Caused by: java.net.ConnectException: Connection refused
	... 11 more
2019-11-14 17:39:34,299 [00aa4e63-81eb-4c33-a32e-b28e61c28a6d@group-B209632AD019-LeaderElection237] INFO  impl.RaftServerImpl (RaftServerImpl.java:setRole(173)) - 00aa4e63-81eb-4c33-a32e-b28e61c28a6d@group-B209632AD019: changes role from CANDIDATE to FOLLOWER at term 9 for DISCOVERED_A_NEW_TERM
2019-11-14 17:39:34,299 [00aa4e63-81eb-4c33-a32e-b28e61c28a6d@group-B209632AD019-LeaderElection237] INFO  impl.RoleInfo (RoleInfo.java:shutdownLeaderElection(134)) - 00aa4e63-81eb-4c33-a32e-b28e61c28a6d: shutdown LeaderElection
2019-11-14 17:39:34,300 [00aa4e63-81eb-4c33-a32e-b28e61c28a6d@group-B209632AD019-LeaderElection237] INFO  impl.RoleInfo (RoleInfo.java:updateAndGet(143)) - 00aa4e63-81eb-4c33-a32e-b28e61c28a6d: start FollowerState
2019-11-14 17:39:34,391 [grpc-default-executor-3] WARN  server.GrpcLogAppender (LogUtils.java:warn(134)) - 9f70b324-be48-4d43-8f47-cd647748f9c6@group-8A7698DEED1E->4fcb6245-7b52-48ea-a68b-fda0132084cd-AppendLogResponseHandler: Failed appendEntries: org.apache.ratis.thirdparty.io.grpc.StatusRuntimeException: UNAVAILABLE: io exception
2019-11-14 17:39:34,391 [grpc-default-executor-3] INFO  impl.FollowerInfo (FollowerInfo.java:lambda$new$0(51)) - 9f70b324-be48-4d43-8f47-cd647748f9c6@group-8A7698DEED1E->4fcb6245-7b52-48ea-a68b-fda0132084cd: nextIndex: updateUnconditionally 0 -> 0
2019-11-14 17:39:34,402 [grpc-default-executor-2] WARN  server.GrpcLogAppender (LogUtils.java:warn(134)) - 9f70b324-be48-4d43-8f47-cd647748f9c6@group-8A7698DEED1E->1e2d7e4d-6af1-461d-8b85-f444d5672a79-AppendLogResponseHandler: Failed appendEntries: org.apache.ratis.thirdparty.io.grpc.StatusRuntimeException: UNAVAILABLE: io exception
2019-11-14 17:39:34,402 [grpc-default-executor-2] INFO  impl.FollowerInfo (FollowerInfo.java:lambda$new$0(51)) - 9f70b324-be48-4d43-8f47-cd647748f9c6@group-8A7698DEED1E->1e2d7e4d-6af1-461d-8b85-f444d5672a79: nextIndex: updateUnconditionally 8 -> 7
2019-11-14 17:39:34,446 [Datanode State Machine Thread - 0] INFO  statemachine.DatanodeStateMachine (DatanodeStateMachine.java:lambda$startDaemon$0(350)) - Ozone container server started.
2019-11-14 17:39:34,542 [Datanode State Machine Thread - 0] INFO  statemachine.DatanodeStateMachine (DatanodeStateMachine.java:lambda$startDaemon$0(350)) - Ozone container server started.
2019-11-14 17:39:34,892 [grpc-default-executor-7] WARN  server.GrpcLogAppender (LogUtils.java:warn(134)) - 9f70b324-be48-4d43-8f47-cd647748f9c6@group-8A7698DEED1E->4fcb6245-7b52-48ea-a68b-fda0132084cd-AppendLogResponseHandler: Failed appendEntries: org.apache.ratis.thirdparty.io.grpc.StatusRuntimeException: UNAVAILABLE: io exception
2019-11-14 17:39:34,892 [grpc-default-executor-7] INFO  impl.FollowerInfo (FollowerInfo.java:lambda$new$0(51)) - 9f70b324-be48-4d43-8f47-cd647748f9c6@group-8A7698DEED1E->4fcb6245-7b52-48ea-a68b-fda0132084cd: nextIndex: updateUnconditionally 0 -> 0
2019-11-14 17:39:34,902 [grpc-default-executor-3] WARN  server.GrpcLogAppender (LogUtils.java:warn(134)) - 9f70b324-be48-4d43-8f47-cd647748f9c6@group-8A7698DEED1E->1e2d7e4d-6af1-461d-8b85-f444d5672a79-AppendLogResponseHandler: Failed appendEntries: org.apache.ratis.thirdparty.io.grpc.StatusRuntimeException: UNAVAILABLE: io exception
2019-11-14 17:39:34,902 [grpc-default-executor-3] INFO  impl.FollowerInfo (FollowerInfo.java:lambda$new$0(51)) - 9f70b324-be48-4d43-8f47-cd647748f9c6@group-8A7698DEED1E->1e2d7e4d-6af1-461d-8b85-f444d5672a79: nextIndex: updateUnconditionally 7 -> 6
2019-11-14 17:39:35,306 [Thread-4324] INFO  impl.FollowerState (FollowerState.java:run(111)) - 00aa4e63-81eb-4c33-a32e-b28e61c28a6d@group-B209632AD019-FollowerState: change to CANDIDATE, lastRpcTime:1006ms, electionTimeout:1006ms
2019-11-14 17:39:35,306 [Thread-4324] INFO  impl.RoleInfo (RoleInfo.java:shutdownFollowerState(121)) - 00aa4e63-81eb-4c33-a32e-b28e61c28a6d: shutdown FollowerState
2019-11-14 17:39:35,306 [Thread-4324] INFO  impl.RaftServerImpl (RaftServerImpl.java:setRole(173)) - 00aa4e63-81eb-4c33-a32e-b28e61c28a6d@group-B209632AD019: changes role from  FOLLOWER to CANDIDATE at term 9 for changeToCandidate
2019-11-14 17:39:35,307 [Thread-4324] INFO  impl.RoleInfo (RoleInfo.java:updateAndGet(143)) - 00aa4e63-81eb-4c33-a32e-b28e61c28a6d: start LeaderElection
2019-11-14 17:39:35,331 [00aa4e63-81eb-4c33-a32e-b28e61c28a6d@group-B209632AD019-LeaderElection238] INFO  impl.LeaderElection (LeaderElection.java:askForVotes(178)) - 00aa4e63-81eb-4c33-a32e-b28e61c28a6d@group-B209632AD019-LeaderElection238: begin an election at term 10 for 0: [00aa4e63-81eb-4c33-a32e-b28e61c28a6d:192.168.157.194:43947, da9d3605-d5bb-4af4-b35f-64e6f231f8df:192.168.157.194:36645, 9c88a047-7f73-4111-bf87-fe029dccbce6:192.168.157.194:46499], old=null
2019-11-14 17:39:35,332 [00aa4e63-81eb-4c33-a32e-b28e61c28a6d@group-B209632AD019-LeaderElection238] INFO  impl.LeaderElection (LogUtils.java:infoOrTrace(149)) - 00aa4e63-81eb-4c33-a32e-b28e61c28a6d@group-B209632AD019-LeaderElection238 got exception when requesting votes: {}
java.util.concurrent.ExecutionException: org.apache.ratis.thirdparty.io.grpc.StatusRuntimeException: UNAVAILABLE: io exception
	at java.util.concurrent.FutureTask.report(FutureTask.java:122)
	at java.util.concurrent.FutureTask.get(FutureTask.java:192)
	at org.apache.ratis.server.impl.LeaderElection.waitForResults(LeaderElection.java:259)
	at org.apache.ratis.server.impl.LeaderElection.askForVotes(LeaderElection.java:197)
	at org.apache.ratis.server.impl.LeaderElection.run(LeaderElection.java:133)
	at java.lang.Thread.run(Thread.java:748)
Caused by: org.apache.ratis.thirdparty.io.grpc.StatusRuntimeException: UNAVAILABLE: io exception
	at org.apache.ratis.thirdparty.io.grpc.stub.ClientCalls.toStatusRuntimeException(ClientCalls.java:233)
	at org.apache.ratis.thirdparty.io.grpc.stub.ClientCalls.getUnchecked(ClientCalls.java:214)
	at org.apache.ratis.thirdparty.io.grpc.stub.ClientCalls.blockingUnaryCall(ClientCalls.java:139)
	at org.apache.ratis.proto.grpc.RaftServerProtocolServiceGrpc$RaftServerProtocolServiceBlockingStub.requestVote(RaftServerProtocolServiceGrpc.java:265)
	at org.apache.ratis.grpc.server.GrpcServerProtocolClient.requestVote(GrpcServerProtocolClient.java:99)
	at org.apache.ratis.grpc.server.GrpcService.requestVote(GrpcService.java:204)
	at org.apache.ratis.server.impl.LeaderElection.lambda$submitRequests$1(LeaderElection.java:234)
	at java.util.concurrent.FutureTask.run(FutureTask.java:266)
	at java.util.concurrent.Executors$RunnableAdapter.call(Executors.java:511)
	at java.util.concurrent.FutureTask.run(FutureTask.java:266)
	at java.util.concurrent.ThreadPoolExecutor.runWorker(ThreadPoolExecutor.java:1149)
	at java.util.concurrent.ThreadPoolExecutor$Worker.run(ThreadPoolExecutor.java:624)
	... 1 more
Caused by: org.apache.ratis.thirdparty.io.netty.channel.AbstractChannel$AnnotatedConnectException: Connection refused: /192.168.157.194:36645
	at sun.nio.ch.SocketChannelImpl.checkConnect(Native Method)
	at sun.nio.ch.SocketChannelImpl.finishConnect(SocketChannelImpl.java:717)
	at org.apache.ratis.thirdparty.io.netty.channel.socket.nio.NioSocketChannel.doFinishConnect(NioSocketChannel.java:327)
	at org.apache.ratis.thirdparty.io.netty.channel.nio.AbstractNioChannel$AbstractNioUnsafe.finishConnect(AbstractNioChannel.java:340)
	at org.apache.ratis.thirdparty.io.netty.channel.nio.NioEventLoop.processSelectedKey(NioEventLoop.java:632)
	at org.apache.ratis.thirdparty.io.netty.channel.nio.NioEventLoop.processSelectedKeysOptimized(NioEventLoop.java:579)
	at org.apache.ratis.thirdparty.io.netty.channel.nio.NioEventLoop.processSelectedKeys(NioEventLoop.java:496)
	at org.apache.ratis.thirdparty.io.netty.channel.nio.NioEventLoop.run(NioEventLoop.java:458)
	at org.apache.ratis.thirdparty.io.netty.util.concurrent.SingleThreadEventExecutor$5.run(SingleThreadEventExecutor.java:897)
	at org.apache.ratis.thirdparty.io.netty.util.concurrent.FastThreadLocalRunnable.run(FastThreadLocalRunnable.java:30)
	... 1 more
Caused by: java.net.ConnectException: Connection refused
	... 11 more
2019-11-14 17:39:35,332 [00aa4e63-81eb-4c33-a32e-b28e61c28a6d@group-B209632AD019-LeaderElection238] INFO  impl.LeaderElection (LogUtils.java:infoOrTrace(149)) - 00aa4e63-81eb-4c33-a32e-b28e61c28a6d@group-B209632AD019-LeaderElection238 got exception when requesting votes: {}
java.util.concurrent.ExecutionException: org.apache.ratis.thirdparty.io.grpc.StatusRuntimeException: UNAVAILABLE: io exception
	at java.util.concurrent.FutureTask.report(FutureTask.java:122)
	at java.util.concurrent.FutureTask.get(FutureTask.java:192)
	at org.apache.ratis.server.impl.LeaderElection.waitForResults(LeaderElection.java:259)
	at org.apache.ratis.server.impl.LeaderElection.askForVotes(LeaderElection.java:197)
	at org.apache.ratis.server.impl.LeaderElection.run(LeaderElection.java:133)
	at java.lang.Thread.run(Thread.java:748)
Caused by: org.apache.ratis.thirdparty.io.grpc.StatusRuntimeException: UNAVAILABLE: io exception
	at org.apache.ratis.thirdparty.io.grpc.stub.ClientCalls.toStatusRuntimeException(ClientCalls.java:233)
	at org.apache.ratis.thirdparty.io.grpc.stub.ClientCalls.getUnchecked(ClientCalls.java:214)
	at org.apache.ratis.thirdparty.io.grpc.stub.ClientCalls.blockingUnaryCall(ClientCalls.java:139)
	at org.apache.ratis.proto.grpc.RaftServerProtocolServiceGrpc$RaftServerProtocolServiceBlockingStub.requestVote(RaftServerProtocolServiceGrpc.java:265)
	at org.apache.ratis.grpc.server.GrpcServerProtocolClient.requestVote(GrpcServerProtocolClient.java:99)
	at org.apache.ratis.grpc.server.GrpcService.requestVote(GrpcService.java:204)
	at org.apache.ratis.server.impl.LeaderElection.lambda$submitRequests$1(LeaderElection.java:234)
	at java.util.concurrent.FutureTask.run(FutureTask.java:266)
	at java.util.concurrent.Executors$RunnableAdapter.call(Executors.java:511)
	at java.util.concurrent.FutureTask.run(FutureTask.java:266)
	at java.util.concurrent.ThreadPoolExecutor.runWorker(ThreadPoolExecutor.java:1149)
	at java.util.concurrent.ThreadPoolExecutor$Worker.run(ThreadPoolExecutor.java:624)
	... 1 more
Caused by: org.apache.ratis.thirdparty.io.netty.channel.AbstractChannel$AnnotatedConnectException: Connection refused: /192.168.157.194:46499
	at sun.nio.ch.SocketChannelImpl.checkConnect(Native Method)
	at sun.nio.ch.SocketChannelImpl.finishConnect(SocketChannelImpl.java:717)
	at org.apache.ratis.thirdparty.io.netty.channel.socket.nio.NioSocketChannel.doFinishConnect(NioSocketChannel.java:327)
	at org.apache.ratis.thirdparty.io.netty.channel.nio.AbstractNioChannel$AbstractNioUnsafe.finishConnect(AbstractNioChannel.java:340)
	at org.apache.ratis.thirdparty.io.netty.channel.nio.NioEventLoop.processSelectedKey(NioEventLoop.java:632)
	at org.apache.ratis.thirdparty.io.netty.channel.nio.NioEventLoop.processSelectedKeysOptimized(NioEventLoop.java:579)
	at org.apache.ratis.thirdparty.io.netty.channel.nio.NioEventLoop.processSelectedKeys(NioEventLoop.java:496)
	at org.apache.ratis.thirdparty.io.netty.channel.nio.NioEventLoop.run(NioEventLoop.java:458)
	at org.apache.ratis.thirdparty.io.netty.util.concurrent.SingleThreadEventExecutor$5.run(SingleThreadEventExecutor.java:897)
	at org.apache.ratis.thirdparty.io.netty.util.concurrent.FastThreadLocalRunnable.run(FastThreadLocalRunnable.java:30)
	... 1 more
Caused by: java.net.ConnectException: Connection refused
	... 11 more
2019-11-14 17:39:35,333 [00aa4e63-81eb-4c33-a32e-b28e61c28a6d@group-B209632AD019-LeaderElection238] INFO  impl.LeaderElection (LeaderElection.java:logAndReturn(56)) - 00aa4e63-81eb-4c33-a32e-b28e61c28a6d@group-B209632AD019-LeaderElection238: Election REJECTED; received 0 response(s) [] and 2 exception(s); 00aa4e63-81eb-4c33-a32e-b28e61c28a6d@group-B209632AD019:t10, leader=null, voted=00aa4e63-81eb-4c33-a32e-b28e61c28a6d, raftlog=00aa4e63-81eb-4c33-a32e-b28e61c28a6d@group-B209632AD019-SegmentedRaftLog:OPENED:c0,f0,i0, conf=0: [00aa4e63-81eb-4c33-a32e-b28e61c28a6d:192.168.157.194:43947, da9d3605-d5bb-4af4-b35f-64e6f231f8df:192.168.157.194:36645, 9c88a047-7f73-4111-bf87-fe029dccbce6:192.168.157.194:46499], old=null
2019-11-14 17:39:35,333 [00aa4e63-81eb-4c33-a32e-b28e61c28a6d@group-B209632AD019-LeaderElection238] INFO  impl.LeaderElection (LogUtils.java:infoOrTrace(149)) -   Exception 0: {}
java.util.concurrent.ExecutionException: org.apache.ratis.thirdparty.io.grpc.StatusRuntimeException: UNAVAILABLE: io exception
	at java.util.concurrent.FutureTask.report(FutureTask.java:122)
	at java.util.concurrent.FutureTask.get(FutureTask.java:192)
	at org.apache.ratis.server.impl.LeaderElection.waitForResults(LeaderElection.java:259)
	at org.apache.ratis.server.impl.LeaderElection.askForVotes(LeaderElection.java:197)
	at org.apache.ratis.server.impl.LeaderElection.run(LeaderElection.java:133)
	at java.lang.Thread.run(Thread.java:748)
Caused by: org.apache.ratis.thirdparty.io.grpc.StatusRuntimeException: UNAVAILABLE: io exception
	at org.apache.ratis.thirdparty.io.grpc.stub.ClientCalls.toStatusRuntimeException(ClientCalls.java:233)
	at org.apache.ratis.thirdparty.io.grpc.stub.ClientCalls.getUnchecked(ClientCalls.java:214)
	at org.apache.ratis.thirdparty.io.grpc.stub.ClientCalls.blockingUnaryCall(ClientCalls.java:139)
	at org.apache.ratis.proto.grpc.RaftServerProtocolServiceGrpc$RaftServerProtocolServiceBlockingStub.requestVote(RaftServerProtocolServiceGrpc.java:265)
	at org.apache.ratis.grpc.server.GrpcServerProtocolClient.requestVote(GrpcServerProtocolClient.java:99)
	at org.apache.ratis.grpc.server.GrpcService.requestVote(GrpcService.java:204)
	at org.apache.ratis.server.impl.LeaderElection.lambda$submitRequests$1(LeaderElection.java:234)
	at java.util.concurrent.FutureTask.run(FutureTask.java:266)
	at java.util.concurrent.Executors$RunnableAdapter.call(Executors.java:511)
	at java.util.concurrent.FutureTask.run(FutureTask.java:266)
	at java.util.concurrent.ThreadPoolExecutor.runWorker(ThreadPoolExecutor.java:1149)
	at java.util.concurrent.ThreadPoolExecutor$Worker.run(ThreadPoolExecutor.java:624)
	... 1 more
Caused by: org.apache.ratis.thirdparty.io.netty.channel.AbstractChannel$AnnotatedConnectException: Connection refused: /192.168.157.194:36645
	at sun.nio.ch.SocketChannelImpl.checkConnect(Native Method)
	at sun.nio.ch.SocketChannelImpl.finishConnect(SocketChannelImpl.java:717)
	at org.apache.ratis.thirdparty.io.netty.channel.socket.nio.NioSocketChannel.doFinishConnect(NioSocketChannel.java:327)
	at org.apache.ratis.thirdparty.io.netty.channel.nio.AbstractNioChannel$AbstractNioUnsafe.finishConnect(AbstractNioChannel.java:340)
	at org.apache.ratis.thirdparty.io.netty.channel.nio.NioEventLoop.processSelectedKey(NioEventLoop.java:632)
	at org.apache.ratis.thirdparty.io.netty.channel.nio.NioEventLoop.processSelectedKeysOptimized(NioEventLoop.java:579)
	at org.apache.ratis.thirdparty.io.netty.channel.nio.NioEventLoop.processSelectedKeys(NioEventLoop.java:496)
	at org.apache.ratis.thirdparty.io.netty.channel.nio.NioEventLoop.run(NioEventLoop.java:458)
	at org.apache.ratis.thirdparty.io.netty.util.concurrent.SingleThreadEventExecutor$5.run(SingleThreadEventExecutor.java:897)
	at org.apache.ratis.thirdparty.io.netty.util.concurrent.FastThreadLocalRunnable.run(FastThreadLocalRunnable.java:30)
	... 1 more
Caused by: java.net.ConnectException: Connection refused
	... 11 more
2019-11-14 17:39:35,333 [00aa4e63-81eb-4c33-a32e-b28e61c28a6d@group-B209632AD019-LeaderElection238] INFO  impl.LeaderElection (LogUtils.java:infoOrTrace(149)) -   Exception 1: {}
java.util.concurrent.ExecutionException: org.apache.ratis.thirdparty.io.grpc.StatusRuntimeException: UNAVAILABLE: io exception
	at java.util.concurrent.FutureTask.report(FutureTask.java:122)
	at java.util.concurrent.FutureTask.get(FutureTask.java:192)
	at org.apache.ratis.server.impl.LeaderElection.waitForResults(LeaderElection.java:259)
	at org.apache.ratis.server.impl.LeaderElection.askForVotes(LeaderElection.java:197)
	at org.apache.ratis.server.impl.LeaderElection.run(LeaderElection.java:133)
	at java.lang.Thread.run(Thread.java:748)
Caused by: org.apache.ratis.thirdparty.io.grpc.StatusRuntimeException: UNAVAILABLE: io exception
	at org.apache.ratis.thirdparty.io.grpc.stub.ClientCalls.toStatusRuntimeException(ClientCalls.java:233)
	at org.apache.ratis.thirdparty.io.grpc.stub.ClientCalls.getUnchecked(ClientCalls.java:214)
	at org.apache.ratis.thirdparty.io.grpc.stub.ClientCalls.blockingUnaryCall(ClientCalls.java:139)
	at org.apache.ratis.proto.grpc.RaftServerProtocolServiceGrpc$RaftServerProtocolServiceBlockingStub.requestVote(RaftServerProtocolServiceGrpc.java:265)
	at org.apache.ratis.grpc.server.GrpcServerProtocolClient.requestVote(GrpcServerProtocolClient.java:99)
	at org.apache.ratis.grpc.server.GrpcService.requestVote(GrpcService.java:204)
	at org.apache.ratis.server.impl.LeaderElection.lambda$submitRequests$1(LeaderElection.java:234)
	at java.util.concurrent.FutureTask.run(FutureTask.java:266)
	at java.util.concurrent.Executors$RunnableAdapter.call(Executors.java:511)
	at java.util.concurrent.FutureTask.run(FutureTask.java:266)
	at java.util.concurrent.ThreadPoolExecutor.runWorker(ThreadPoolExecutor.java:1149)
	at java.util.concurrent.ThreadPoolExecutor$Worker.run(ThreadPoolExecutor.java:624)
	... 1 more
Caused by: org.apache.ratis.thirdparty.io.netty.channel.AbstractChannel$AnnotatedConnectException: Connection refused: /192.168.157.194:46499
	at sun.nio.ch.SocketChannelImpl.checkConnect(Native Method)
	at sun.nio.ch.SocketChannelImpl.finishConnect(SocketChannelImpl.java:717)
	at org.apache.ratis.thirdparty.io.netty.channel.socket.nio.NioSocketChannel.doFinishConnect(NioSocketChannel.java:327)
	at org.apache.ratis.thirdparty.io.netty.channel.nio.AbstractNioChannel$AbstractNioUnsafe.finishConnect(AbstractNioChannel.java:340)
	at org.apache.ratis.thirdparty.io.netty.channel.nio.NioEventLoop.processSelectedKey(NioEventLoop.java:632)
	at org.apache.ratis.thirdparty.io.netty.channel.nio.NioEventLoop.processSelectedKeysOptimized(NioEventLoop.java:579)
	at org.apache.ratis.thirdparty.io.netty.channel.nio.NioEventLoop.processSelectedKeys(NioEventLoop.java:496)
	at org.apache.ratis.thirdparty.io.netty.channel.nio.NioEventLoop.run(NioEventLoop.java:458)
	at org.apache.ratis.thirdparty.io.netty.util.concurrent.SingleThreadEventExecutor$5.run(SingleThreadEventExecutor.java:897)
	at org.apache.ratis.thirdparty.io.netty.util.concurrent.FastThreadLocalRunnable.run(FastThreadLocalRunnable.java:30)
	... 1 more
Caused by: java.net.ConnectException: Connection refused
	... 11 more
2019-11-14 17:39:35,333 [00aa4e63-81eb-4c33-a32e-b28e61c28a6d@group-B209632AD019-LeaderElection238] INFO  impl.RaftServerImpl (RaftServerImpl.java:setRole(173)) - 00aa4e63-81eb-4c33-a32e-b28e61c28a6d@group-B209632AD019: changes role from CANDIDATE to FOLLOWER at term 10 for DISCOVERED_A_NEW_TERM
2019-11-14 17:39:35,333 [00aa4e63-81eb-4c33-a32e-b28e61c28a6d@group-B209632AD019-LeaderElection238] INFO  impl.RoleInfo (RoleInfo.java:shutdownLeaderElection(134)) - 00aa4e63-81eb-4c33-a32e-b28e61c28a6d: shutdown LeaderElection
2019-11-14 17:39:35,334 [00aa4e63-81eb-4c33-a32e-b28e61c28a6d@group-B209632AD019-LeaderElection238] INFO  impl.RoleInfo (RoleInfo.java:updateAndGet(143)) - 00aa4e63-81eb-4c33-a32e-b28e61c28a6d: start FollowerState
2019-11-14 17:39:35,362 [Thread-4287] INFO  impl.FollowerState (FollowerState.java:run(111)) - d0c52919-9387-42b7-9191-3f4b0bb9b568@group-28F059BB15A6-FollowerState: change to CANDIDATE, lastRpcTime:1882ms, electionTimeout:1141ms
2019-11-14 17:39:35,363 [Thread-4287] INFO  impl.RoleInfo (RoleInfo.java:shutdownFollowerState(121)) - d0c52919-9387-42b7-9191-3f4b0bb9b568: shutdown FollowerState
2019-11-14 17:39:35,363 [Thread-4287] INFO  impl.RaftServerImpl (RaftServerImpl.java:setRole(173)) - d0c52919-9387-42b7-9191-3f4b0bb9b568@group-28F059BB15A6: changes role from  FOLLOWER to CANDIDATE at term 2 for changeToCandidate
2019-11-14 17:39:35,363 [Thread-4287] INFO  impl.RoleInfo (RoleInfo.java:updateAndGet(143)) - d0c52919-9387-42b7-9191-3f4b0bb9b568: start LeaderElection
2019-11-14 17:39:35,363 [d0c52919-9387-42b7-9191-3f4b0bb9b568@group-28F059BB15A6-LeaderElection239] INFO  impl.RaftServerImpl (ServerState.java:setLeader(255)) - d0c52919-9387-42b7-9191-3f4b0bb9b568@group-28F059BB15A6: change Leader from d0d029c9-c080-45aa-9428-ec9c2afb2e55 to null at term 2 for initElection
2019-11-14 17:39:35,387 [d0c52919-9387-42b7-9191-3f4b0bb9b568@group-28F059BB15A6-LeaderElection239] INFO  impl.LeaderElection (LeaderElection.java:askForVotes(178)) - d0c52919-9387-42b7-9191-3f4b0bb9b568@group-28F059BB15A6-LeaderElection239: begin an election at term 3 for 1: [d0c52919-9387-42b7-9191-3f4b0bb9b568:192.168.157.194:42749, d0d029c9-c080-45aa-9428-ec9c2afb2e55:192.168.157.194:41166, 521325b2-2ced-4cee-b44f-acc523c049d7:192.168.157.194:33976], old=null
2019-11-14 17:39:35,389 [d0c52919-9387-42b7-9191-3f4b0bb9b568@group-28F059BB15A6-LeaderElection239] INFO  impl.LeaderElection (LogUtils.java:infoOrTrace(149)) - d0c52919-9387-42b7-9191-3f4b0bb9b568@group-28F059BB15A6-LeaderElection239 got exception when requesting votes: {}
java.util.concurrent.ExecutionException: org.apache.ratis.thirdparty.io.grpc.StatusRuntimeException: UNAVAILABLE: io exception
	at java.util.concurrent.FutureTask.report(FutureTask.java:122)
	at java.util.concurrent.FutureTask.get(FutureTask.java:192)
	at org.apache.ratis.server.impl.LeaderElection.waitForResults(LeaderElection.java:259)
	at org.apache.ratis.server.impl.LeaderElection.askForVotes(LeaderElection.java:197)
	at org.apache.ratis.server.impl.LeaderElection.run(LeaderElection.java:133)
	at java.lang.Thread.run(Thread.java:748)
Caused by: org.apache.ratis.thirdparty.io.grpc.StatusRuntimeException: UNAVAILABLE: io exception
	at org.apache.ratis.thirdparty.io.grpc.stub.ClientCalls.toStatusRuntimeException(ClientCalls.java:233)
	at org.apache.ratis.thirdparty.io.grpc.stub.ClientCalls.getUnchecked(ClientCalls.java:214)
	at org.apache.ratis.thirdparty.io.grpc.stub.ClientCalls.blockingUnaryCall(ClientCalls.java:139)
	at org.apache.ratis.proto.grpc.RaftServerProtocolServiceGrpc$RaftServerProtocolServiceBlockingStub.requestVote(RaftServerProtocolServiceGrpc.java:265)
	at org.apache.ratis.grpc.server.GrpcServerProtocolClient.requestVote(GrpcServerProtocolClient.java:99)
	at org.apache.ratis.grpc.server.GrpcService.requestVote(GrpcService.java:204)
	at org.apache.ratis.server.impl.LeaderElection.lambda$submitRequests$1(LeaderElection.java:234)
	at java.util.concurrent.FutureTask.run(FutureTask.java:266)
	at java.util.concurrent.Executors$RunnableAdapter.call(Executors.java:511)
	at java.util.concurrent.FutureTask.run(FutureTask.java:266)
	at java.util.concurrent.ThreadPoolExecutor.runWorker(ThreadPoolExecutor.java:1149)
	at java.util.concurrent.ThreadPoolExecutor$Worker.run(ThreadPoolExecutor.java:624)
	... 1 more
Caused by: org.apache.ratis.thirdparty.io.netty.channel.AbstractChannel$AnnotatedConnectException: Connection refused: /192.168.157.194:41166
	at sun.nio.ch.SocketChannelImpl.checkConnect(Native Method)
	at sun.nio.ch.SocketChannelImpl.finishConnect(SocketChannelImpl.java:717)
	at org.apache.ratis.thirdparty.io.netty.channel.socket.nio.NioSocketChannel.doFinishConnect(NioSocketChannel.java:327)
	at org.apache.ratis.thirdparty.io.netty.channel.nio.AbstractNioChannel$AbstractNioUnsafe.finishConnect(AbstractNioChannel.java:340)
	at org.apache.ratis.thirdparty.io.netty.channel.nio.NioEventLoop.processSelectedKey(NioEventLoop.java:632)
	at org.apache.ratis.thirdparty.io.netty.channel.nio.NioEventLoop.processSelectedKeysOptimized(NioEventLoop.java:579)
	at org.apache.ratis.thirdparty.io.netty.channel.nio.NioEventLoop.processSelectedKeys(NioEventLoop.java:496)
	at org.apache.ratis.thirdparty.io.netty.channel.nio.NioEventLoop.run(NioEventLoop.java:458)
	at org.apache.ratis.thirdparty.io.netty.util.concurrent.SingleThreadEventExecutor$5.run(SingleThreadEventExecutor.java:897)
	at org.apache.ratis.thirdparty.io.netty.util.concurrent.FastThreadLocalRunnable.run(FastThreadLocalRunnable.java:30)
	... 1 more
Caused by: java.net.ConnectException: Connection refused
	... 11 more
2019-11-14 17:39:35,389 [d0c52919-9387-42b7-9191-3f4b0bb9b568@group-28F059BB15A6-LeaderElection239] INFO  impl.LeaderElection (LogUtils.java:infoOrTrace(149)) - d0c52919-9387-42b7-9191-3f4b0bb9b568@group-28F059BB15A6-LeaderElection239 got exception when requesting votes: {}
java.util.concurrent.ExecutionException: org.apache.ratis.thirdparty.io.grpc.StatusRuntimeException: UNAVAILABLE: io exception
	at java.util.concurrent.FutureTask.report(FutureTask.java:122)
	at java.util.concurrent.FutureTask.get(FutureTask.java:192)
	at org.apache.ratis.server.impl.LeaderElection.waitForResults(LeaderElection.java:259)
	at org.apache.ratis.server.impl.LeaderElection.askForVotes(LeaderElection.java:197)
	at org.apache.ratis.server.impl.LeaderElection.run(LeaderElection.java:133)
	at java.lang.Thread.run(Thread.java:748)
Caused by: org.apache.ratis.thirdparty.io.grpc.StatusRuntimeException: UNAVAILABLE: io exception
	at org.apache.ratis.thirdparty.io.grpc.stub.ClientCalls.toStatusRuntimeException(ClientCalls.java:233)
	at org.apache.ratis.thirdparty.io.grpc.stub.ClientCalls.getUnchecked(ClientCalls.java:214)
	at org.apache.ratis.thirdparty.io.grpc.stub.ClientCalls.blockingUnaryCall(ClientCalls.java:139)
	at org.apache.ratis.proto.grpc.RaftServerProtocolServiceGrpc$RaftServerProtocolServiceBlockingStub.requestVote(RaftServerProtocolServiceGrpc.java:265)
	at org.apache.ratis.grpc.server.GrpcServerProtocolClient.requestVote(GrpcServerProtocolClient.java:99)
	at org.apache.ratis.grpc.server.GrpcService.requestVote(GrpcService.java:204)
	at org.apache.ratis.server.impl.LeaderElection.lambda$submitRequests$1(LeaderElection.java:234)
	at java.util.concurrent.FutureTask.run(FutureTask.java:266)
	at java.util.concurrent.Executors$RunnableAdapter.call(Executors.java:511)
	at java.util.concurrent.FutureTask.run(FutureTask.java:266)
	at java.util.concurrent.ThreadPoolExecutor.runWorker(ThreadPoolExecutor.java:1149)
	at java.util.concurrent.ThreadPoolExecutor$Worker.run(ThreadPoolExecutor.java:624)
	... 1 more
Caused by: org.apache.ratis.thirdparty.io.netty.channel.AbstractChannel$AnnotatedConnectException: Connection refused: /192.168.157.194:33976
	at sun.nio.ch.SocketChannelImpl.checkConnect(Native Method)
	at sun.nio.ch.SocketChannelImpl.finishConnect(SocketChannelImpl.java:717)
	at org.apache.ratis.thirdparty.io.netty.channel.socket.nio.NioSocketChannel.doFinishConnect(NioSocketChannel.java:327)
	at org.apache.ratis.thirdparty.io.netty.channel.nio.AbstractNioChannel$AbstractNioUnsafe.finishConnect(AbstractNioChannel.java:340)
	at org.apache.ratis.thirdparty.io.netty.channel.nio.NioEventLoop.processSelectedKey(NioEventLoop.java:632)
	at org.apache.ratis.thirdparty.io.netty.channel.nio.NioEventLoop.processSelectedKeysOptimized(NioEventLoop.java:579)
	at org.apache.ratis.thirdparty.io.netty.channel.nio.NioEventLoop.processSelectedKeys(NioEventLoop.java:496)
	at org.apache.ratis.thirdparty.io.netty.channel.nio.NioEventLoop.run(NioEventLoop.java:458)
	at org.apache.ratis.thirdparty.io.netty.util.concurrent.SingleThreadEventExecutor$5.run(SingleThreadEventExecutor.java:897)
	at org.apache.ratis.thirdparty.io.netty.util.concurrent.FastThreadLocalRunnable.run(FastThreadLocalRunnable.java:30)
	... 1 more
Caused by: java.net.ConnectException: Connection refused
	... 11 more
2019-11-14 17:39:35,390 [d0c52919-9387-42b7-9191-3f4b0bb9b568@group-28F059BB15A6-LeaderElection239] INFO  impl.LeaderElection (LeaderElection.java:logAndReturn(56)) - d0c52919-9387-42b7-9191-3f4b0bb9b568@group-28F059BB15A6-LeaderElection239: Election REJECTED; received 0 response(s) [] and 2 exception(s); d0c52919-9387-42b7-9191-3f4b0bb9b568@group-28F059BB15A6:t3, leader=null, voted=d0c52919-9387-42b7-9191-3f4b0bb9b568, raftlog=d0c52919-9387-42b7-9191-3f4b0bb9b568@group-28F059BB15A6-SegmentedRaftLog:OPENED:c2,f2,i2, conf=1: [d0c52919-9387-42b7-9191-3f4b0bb9b568:192.168.157.194:42749, d0d029c9-c080-45aa-9428-ec9c2afb2e55:192.168.157.194:41166, 521325b2-2ced-4cee-b44f-acc523c049d7:192.168.157.194:33976], old=null
2019-11-14 17:39:35,390 [d0c52919-9387-42b7-9191-3f4b0bb9b568@group-28F059BB15A6-LeaderElection239] INFO  impl.LeaderElection (LogUtils.java:infoOrTrace(149)) -   Exception 0: {}
java.util.concurrent.ExecutionException: org.apache.ratis.thirdparty.io.grpc.StatusRuntimeException: UNAVAILABLE: io exception
	at java.util.concurrent.FutureTask.report(FutureTask.java:122)
	at java.util.concurrent.FutureTask.get(FutureTask.java:192)
	at org.apache.ratis.server.impl.LeaderElection.waitForResults(LeaderElection.java:259)
	at org.apache.ratis.server.impl.LeaderElection.askForVotes(LeaderElection.java:197)
	at org.apache.ratis.server.impl.LeaderElection.run(LeaderElection.java:133)
	at java.lang.Thread.run(Thread.java:748)
Caused by: org.apache.ratis.thirdparty.io.grpc.StatusRuntimeException: UNAVAILABLE: io exception
	at org.apache.ratis.thirdparty.io.grpc.stub.ClientCalls.toStatusRuntimeException(ClientCalls.java:233)
	at org.apache.ratis.thirdparty.io.grpc.stub.ClientCalls.getUnchecked(ClientCalls.java:214)
	at org.apache.ratis.thirdparty.io.grpc.stub.ClientCalls.blockingUnaryCall(ClientCalls.java:139)
	at org.apache.ratis.proto.grpc.RaftServerProtocolServiceGrpc$RaftServerProtocolServiceBlockingStub.requestVote(RaftServerProtocolServiceGrpc.java:265)
	at org.apache.ratis.grpc.server.GrpcServerProtocolClient.requestVote(GrpcServerProtocolClient.java:99)
	at org.apache.ratis.grpc.server.GrpcService.requestVote(GrpcService.java:204)
	at org.apache.ratis.server.impl.LeaderElection.lambda$submitRequests$1(LeaderElection.java:234)
	at java.util.concurrent.FutureTask.run(FutureTask.java:266)
	at java.util.concurrent.Executors$RunnableAdapter.call(Executors.java:511)
	at java.util.concurrent.FutureTask.run(FutureTask.java:266)
	at java.util.concurrent.ThreadPoolExecutor.runWorker(ThreadPoolExecutor.java:1149)
	at java.util.concurrent.ThreadPoolExecutor$Worker.run(ThreadPoolExecutor.java:624)
	... 1 more
Caused by: org.apache.ratis.thirdparty.io.netty.channel.AbstractChannel$AnnotatedConnectException: Connection refused: /192.168.157.194:41166
	at sun.nio.ch.SocketChannelImpl.checkConnect(Native Method)
	at sun.nio.ch.SocketChannelImpl.finishConnect(SocketChannelImpl.java:717)
	at org.apache.ratis.thirdparty.io.netty.channel.socket.nio.NioSocketChannel.doFinishConnect(NioSocketChannel.java:327)
	at org.apache.ratis.thirdparty.io.netty.channel.nio.AbstractNioChannel$AbstractNioUnsafe.finishConnect(AbstractNioChannel.java:340)
	at org.apache.ratis.thirdparty.io.netty.channel.nio.NioEventLoop.processSelectedKey(NioEventLoop.java:632)
	at org.apache.ratis.thirdparty.io.netty.channel.nio.NioEventLoop.processSelectedKeysOptimized(NioEventLoop.java:579)
	at org.apache.ratis.thirdparty.io.netty.channel.nio.NioEventLoop.processSelectedKeys(NioEventLoop.java:496)
	at org.apache.ratis.thirdparty.io.netty.channel.nio.NioEventLoop.run(NioEventLoop.java:458)
	at org.apache.ratis.thirdparty.io.netty.util.concurrent.SingleThreadEventExecutor$5.run(SingleThreadEventExecutor.java:897)
	at org.apache.ratis.thirdparty.io.netty.util.concurrent.FastThreadLocalRunnable.run(FastThreadLocalRunnable.java:30)
	... 1 more
Caused by: java.net.ConnectException: Connection refused
	... 11 more
2019-11-14 17:39:35,390 [d0c52919-9387-42b7-9191-3f4b0bb9b568@group-28F059BB15A6-LeaderElection239] INFO  impl.LeaderElection (LogUtils.java:infoOrTrace(149)) -   Exception 1: {}
java.util.concurrent.ExecutionException: org.apache.ratis.thirdparty.io.grpc.StatusRuntimeException: UNAVAILABLE: io exception
	at java.util.concurrent.FutureTask.report(FutureTask.java:122)
	at java.util.concurrent.FutureTask.get(FutureTask.java:192)
	at org.apache.ratis.server.impl.LeaderElection.waitForResults(LeaderElection.java:259)
	at org.apache.ratis.server.impl.LeaderElection.askForVotes(LeaderElection.java:197)
	at org.apache.ratis.server.impl.LeaderElection.run(LeaderElection.java:133)
	at java.lang.Thread.run(Thread.java:748)
Caused by: org.apache.ratis.thirdparty.io.grpc.StatusRuntimeException: UNAVAILABLE: io exception
	at org.apache.ratis.thirdparty.io.grpc.stub.ClientCalls.toStatusRuntimeException(ClientCalls.java:233)
	at org.apache.ratis.thirdparty.io.grpc.stub.ClientCalls.getUnchecked(ClientCalls.java:214)
	at org.apache.ratis.thirdparty.io.grpc.stub.ClientCalls.blockingUnaryCall(ClientCalls.java:139)
	at org.apache.ratis.proto.grpc.RaftServerProtocolServiceGrpc$RaftServerProtocolServiceBlockingStub.requestVote(RaftServerProtocolServiceGrpc.java:265)
	at org.apache.ratis.grpc.server.GrpcServerProtocolClient.requestVote(GrpcServerProtocolClient.java:99)
	at org.apache.ratis.grpc.server.GrpcService.requestVote(GrpcService.java:204)
	at org.apache.ratis.server.impl.LeaderElection.lambda$submitRequests$1(LeaderElection.java:234)
	at java.util.concurrent.FutureTask.run(FutureTask.java:266)
	at java.util.concurrent.Executors$RunnableAdapter.call(Executors.java:511)
	at java.util.concurrent.FutureTask.run(FutureTask.java:266)
	at java.util.concurrent.ThreadPoolExecutor.runWorker(ThreadPoolExecutor.java:1149)
	at java.util.concurrent.ThreadPoolExecutor$Worker.run(ThreadPoolExecutor.java:624)
	... 1 more
Caused by: org.apache.ratis.thirdparty.io.netty.channel.AbstractChannel$AnnotatedConnectException: Connection refused: /192.168.157.194:33976
	at sun.nio.ch.SocketChannelImpl.checkConnect(Native Method)
	at sun.nio.ch.SocketChannelImpl.finishConnect(SocketChannelImpl.java:717)
	at org.apache.ratis.thirdparty.io.netty.channel.socket.nio.NioSocketChannel.doFinishConnect(NioSocketChannel.java:327)
	at org.apache.ratis.thirdparty.io.netty.channel.nio.AbstractNioChannel$AbstractNioUnsafe.finishConnect(AbstractNioChannel.java:340)
	at org.apache.ratis.thirdparty.io.netty.channel.nio.NioEventLoop.processSelectedKey(NioEventLoop.java:632)
	at org.apache.ratis.thirdparty.io.netty.channel.nio.NioEventLoop.processSelectedKeysOptimized(NioEventLoop.java:579)
	at org.apache.ratis.thirdparty.io.netty.channel.nio.NioEventLoop.processSelectedKeys(NioEventLoop.java:496)
	at org.apache.ratis.thirdparty.io.netty.channel.nio.NioEventLoop.run(NioEventLoop.java:458)
	at org.apache.ratis.thirdparty.io.netty.util.concurrent.SingleThreadEventExecutor$5.run(SingleThreadEventExecutor.java:897)
	at org.apache.ratis.thirdparty.io.netty.util.concurrent.FastThreadLocalRunnable.run(FastThreadLocalRunnable.java:30)
	... 1 more
Caused by: java.net.ConnectException: Connection refused
	... 11 more
2019-11-14 17:39:35,391 [d0c52919-9387-42b7-9191-3f4b0bb9b568@group-28F059BB15A6-LeaderElection239] INFO  impl.RaftServerImpl (RaftServerImpl.java:setRole(173)) - d0c52919-9387-42b7-9191-3f4b0bb9b568@group-28F059BB15A6: changes role from CANDIDATE to FOLLOWER at term 3 for DISCOVERED_A_NEW_TERM
2019-11-14 17:39:35,391 [d0c52919-9387-42b7-9191-3f4b0bb9b568@group-28F059BB15A6-LeaderElection239] INFO  impl.RoleInfo (RoleInfo.java:shutdownLeaderElection(134)) - d0c52919-9387-42b7-9191-3f4b0bb9b568: shutdown LeaderElection
2019-11-14 17:39:35,391 [d0c52919-9387-42b7-9191-3f4b0bb9b568@group-28F059BB15A6-LeaderElection239] INFO  impl.RoleInfo (RoleInfo.java:updateAndGet(143)) - d0c52919-9387-42b7-9191-3f4b0bb9b568: start FollowerState
2019-11-14 17:39:35,392 [grpc-default-executor-7] WARN  server.GrpcLogAppender (LogUtils.java:warn(134)) - 9f70b324-be48-4d43-8f47-cd647748f9c6@group-8A7698DEED1E->4fcb6245-7b52-48ea-a68b-fda0132084cd-AppendLogResponseHandler: Failed appendEntries: org.apache.ratis.thirdparty.io.grpc.StatusRuntimeException: UNAVAILABLE: io exception
2019-11-14 17:39:35,392 [grpc-default-executor-7] INFO  impl.FollowerInfo (FollowerInfo.java:lambda$new$0(51)) - 9f70b324-be48-4d43-8f47-cd647748f9c6@group-8A7698DEED1E->4fcb6245-7b52-48ea-a68b-fda0132084cd: nextIndex: updateUnconditionally 0 -> 0
2019-11-14 17:39:35,402 [grpc-default-executor-7] WARN  server.GrpcLogAppender (LogUtils.java:warn(134)) - 9f70b324-be48-4d43-8f47-cd647748f9c6@group-8A7698DEED1E->1e2d7e4d-6af1-461d-8b85-f444d5672a79-AppendLogResponseHandler: Failed appendEntries: org.apache.ratis.thirdparty.io.grpc.StatusRuntimeException: UNAVAILABLE: io exception
2019-11-14 17:39:35,403 [grpc-default-executor-7] INFO  impl.FollowerInfo (FollowerInfo.java:lambda$new$0(51)) - 9f70b324-be48-4d43-8f47-cd647748f9c6@group-8A7698DEED1E->1e2d7e4d-6af1-461d-8b85-f444d5672a79: nextIndex: updateUnconditionally 6 -> 5
2019-11-14 17:39:35,894 [grpc-default-executor-7] WARN  server.GrpcLogAppender (LogUtils.java:warn(134)) - 9f70b324-be48-4d43-8f47-cd647748f9c6@group-8A7698DEED1E->4fcb6245-7b52-48ea-a68b-fda0132084cd-AppendLogResponseHandler: Failed appendEntries: org.apache.ratis.thirdparty.io.grpc.StatusRuntimeException: UNAVAILABLE: io exception
2019-11-14 17:39:35,894 [grpc-default-executor-7] INFO  impl.FollowerInfo (FollowerInfo.java:lambda$new$0(51)) - 9f70b324-be48-4d43-8f47-cd647748f9c6@group-8A7698DEED1E->4fcb6245-7b52-48ea-a68b-fda0132084cd: nextIndex: updateUnconditionally 0 -> 0
2019-11-14 17:39:35,903 [grpc-default-executor-3] WARN  server.GrpcLogAppender (LogUtils.java:warn(134)) - 9f70b324-be48-4d43-8f47-cd647748f9c6@group-8A7698DEED1E->1e2d7e4d-6af1-461d-8b85-f444d5672a79-AppendLogResponseHandler: Failed appendEntries: org.apache.ratis.thirdparty.io.grpc.StatusRuntimeException: UNAVAILABLE: io exception
2019-11-14 17:39:35,903 [grpc-default-executor-3] INFO  impl.FollowerInfo (FollowerInfo.java:lambda$new$0(51)) - 9f70b324-be48-4d43-8f47-cd647748f9c6@group-8A7698DEED1E->1e2d7e4d-6af1-461d-8b85-f444d5672a79: nextIndex: updateUnconditionally 5 -> 4
2019-11-14 17:39:36,363 [Thread-4328] INFO  impl.FollowerState (FollowerState.java:run(111)) - 00aa4e63-81eb-4c33-a32e-b28e61c28a6d@group-B209632AD019-FollowerState: change to CANDIDATE, lastRpcTime:1029ms, electionTimeout:1029ms
2019-11-14 17:39:36,364 [Thread-4328] INFO  impl.RoleInfo (RoleInfo.java:shutdownFollowerState(121)) - 00aa4e63-81eb-4c33-a32e-b28e61c28a6d: shutdown FollowerState
2019-11-14 17:39:36,365 [Thread-4328] INFO  impl.RaftServerImpl (RaftServerImpl.java:setRole(173)) - 00aa4e63-81eb-4c33-a32e-b28e61c28a6d@group-B209632AD019: changes role from  FOLLOWER to CANDIDATE at term 10 for changeToCandidate
2019-11-14 17:39:36,365 [Thread-4328] INFO  impl.RoleInfo (RoleInfo.java:updateAndGet(143)) - 00aa4e63-81eb-4c33-a32e-b28e61c28a6d: start LeaderElection
2019-11-14 17:39:36,386 [00aa4e63-81eb-4c33-a32e-b28e61c28a6d@group-B209632AD019-LeaderElection240] INFO  impl.LeaderElection (LeaderElection.java:askForVotes(178)) - 00aa4e63-81eb-4c33-a32e-b28e61c28a6d@group-B209632AD019-LeaderElection240: begin an election at term 11 for 0: [00aa4e63-81eb-4c33-a32e-b28e61c28a6d:192.168.157.194:43947, da9d3605-d5bb-4af4-b35f-64e6f231f8df:192.168.157.194:36645, 9c88a047-7f73-4111-bf87-fe029dccbce6:192.168.157.194:46499], old=null
2019-11-14 17:39:36,389 [00aa4e63-81eb-4c33-a32e-b28e61c28a6d@group-B209632AD019-LeaderElection240] INFO  impl.LeaderElection (LogUtils.java:infoOrTrace(149)) - 00aa4e63-81eb-4c33-a32e-b28e61c28a6d@group-B209632AD019-LeaderElection240 got exception when requesting votes: {}
java.util.concurrent.ExecutionException: org.apache.ratis.thirdparty.io.grpc.StatusRuntimeException: UNAVAILABLE: io exception
	at java.util.concurrent.FutureTask.report(FutureTask.java:122)
	at java.util.concurrent.FutureTask.get(FutureTask.java:192)
	at org.apache.ratis.server.impl.LeaderElection.waitForResults(LeaderElection.java:259)
	at org.apache.ratis.server.impl.LeaderElection.askForVotes(LeaderElection.java:197)
	at org.apache.ratis.server.impl.LeaderElection.run(LeaderElection.java:133)
	at java.lang.Thread.run(Thread.java:748)
Caused by: org.apache.ratis.thirdparty.io.grpc.StatusRuntimeException: UNAVAILABLE: io exception
	at org.apache.ratis.thirdparty.io.grpc.stub.ClientCalls.toStatusRuntimeException(ClientCalls.java:233)
	at org.apache.ratis.thirdparty.io.grpc.stub.ClientCalls.getUnchecked(ClientCalls.java:214)
	at org.apache.ratis.thirdparty.io.grpc.stub.ClientCalls.blockingUnaryCall(ClientCalls.java:139)
	at org.apache.ratis.proto.grpc.RaftServerProtocolServiceGrpc$RaftServerProtocolServiceBlockingStub.requestVote(RaftServerProtocolServiceGrpc.java:265)
	at org.apache.ratis.grpc.server.GrpcServerProtocolClient.requestVote(GrpcServerProtocolClient.java:99)
	at org.apache.ratis.grpc.server.GrpcService.requestVote(GrpcService.java:204)
	at org.apache.ratis.server.impl.LeaderElection.lambda$submitRequests$1(LeaderElection.java:234)
	at java.util.concurrent.FutureTask.run(FutureTask.java:266)
	at java.util.concurrent.Executors$RunnableAdapter.call(Executors.java:511)
	at java.util.concurrent.FutureTask.run(FutureTask.java:266)
	at java.util.concurrent.ThreadPoolExecutor.runWorker(ThreadPoolExecutor.java:1149)
	at java.util.concurrent.ThreadPoolExecutor$Worker.run(ThreadPoolExecutor.java:624)
	... 1 more
Caused by: org.apache.ratis.thirdparty.io.netty.channel.AbstractChannel$AnnotatedConnectException: Connection refused: /192.168.157.194:46499
	at sun.nio.ch.SocketChannelImpl.checkConnect(Native Method)
	at sun.nio.ch.SocketChannelImpl.finishConnect(SocketChannelImpl.java:717)
	at org.apache.ratis.thirdparty.io.netty.channel.socket.nio.NioSocketChannel.doFinishConnect(NioSocketChannel.java:327)
	at org.apache.ratis.thirdparty.io.netty.channel.nio.AbstractNioChannel$AbstractNioUnsafe.finishConnect(AbstractNioChannel.java:340)
	at org.apache.ratis.thirdparty.io.netty.channel.nio.NioEventLoop.processSelectedKey(NioEventLoop.java:632)
	at org.apache.ratis.thirdparty.io.netty.channel.nio.NioEventLoop.processSelectedKeysOptimized(NioEventLoop.java:579)
	at org.apache.ratis.thirdparty.io.netty.channel.nio.NioEventLoop.processSelectedKeys(NioEventLoop.java:496)
	at org.apache.ratis.thirdparty.io.netty.channel.nio.NioEventLoop.run(NioEventLoop.java:458)
	at org.apache.ratis.thirdparty.io.netty.util.concurrent.SingleThreadEventExecutor$5.run(SingleThreadEventExecutor.java:897)
	at org.apache.ratis.thirdparty.io.netty.util.concurrent.FastThreadLocalRunnable.run(FastThreadLocalRunnable.java:30)
	... 1 more
Caused by: java.net.ConnectException: Connection refused
	... 11 more
2019-11-14 17:39:36,390 [00aa4e63-81eb-4c33-a32e-b28e61c28a6d@group-B209632AD019-LeaderElection240] INFO  impl.LeaderElection (LogUtils.java:infoOrTrace(149)) - 00aa4e63-81eb-4c33-a32e-b28e61c28a6d@group-B209632AD019-LeaderElection240 got exception when requesting votes: {}
java.util.concurrent.ExecutionException: org.apache.ratis.thirdparty.io.grpc.StatusRuntimeException: UNAVAILABLE: io exception
	at java.util.concurrent.FutureTask.report(FutureTask.java:122)
	at java.util.concurrent.FutureTask.get(FutureTask.java:192)
	at org.apache.ratis.server.impl.LeaderElection.waitForResults(LeaderElection.java:259)
	at org.apache.ratis.server.impl.LeaderElection.askForVotes(LeaderElection.java:197)
	at org.apache.ratis.server.impl.LeaderElection.run(LeaderElection.java:133)
	at java.lang.Thread.run(Thread.java:748)
Caused by: org.apache.ratis.thirdparty.io.grpc.StatusRuntimeException: UNAVAILABLE: io exception
	at org.apache.ratis.thirdparty.io.grpc.stub.ClientCalls.toStatusRuntimeException(ClientCalls.java:233)
	at org.apache.ratis.thirdparty.io.grpc.stub.ClientCalls.getUnchecked(ClientCalls.java:214)
	at org.apache.ratis.thirdparty.io.grpc.stub.ClientCalls.blockingUnaryCall(ClientCalls.java:139)
	at org.apache.ratis.proto.grpc.RaftServerProtocolServiceGrpc$RaftServerProtocolServiceBlockingStub.requestVote(RaftServerProtocolServiceGrpc.java:265)
	at org.apache.ratis.grpc.server.GrpcServerProtocolClient.requestVote(GrpcServerProtocolClient.java:99)
	at org.apache.ratis.grpc.server.GrpcService.requestVote(GrpcService.java:204)
	at org.apache.ratis.server.impl.LeaderElection.lambda$submitRequests$1(LeaderElection.java:234)
	at java.util.concurrent.FutureTask.run(FutureTask.java:266)
	at java.util.concurrent.Executors$RunnableAdapter.call(Executors.java:511)
	at java.util.concurrent.FutureTask.run(FutureTask.java:266)
	at java.util.concurrent.ThreadPoolExecutor.runWorker(ThreadPoolExecutor.java:1149)
	at java.util.concurrent.ThreadPoolExecutor$Worker.run(ThreadPoolExecutor.java:624)
	... 1 more
Caused by: org.apache.ratis.thirdparty.io.netty.channel.AbstractChannel$AnnotatedConnectException: Connection refused: /192.168.157.194:36645
	at sun.nio.ch.SocketChannelImpl.checkConnect(Native Method)
	at sun.nio.ch.SocketChannelImpl.finishConnect(SocketChannelImpl.java:717)
	at org.apache.ratis.thirdparty.io.netty.channel.socket.nio.NioSocketChannel.doFinishConnect(NioSocketChannel.java:327)
	at org.apache.ratis.thirdparty.io.netty.channel.nio.AbstractNioChannel$AbstractNioUnsafe.finishConnect(AbstractNioChannel.java:340)
	at org.apache.ratis.thirdparty.io.netty.channel.nio.NioEventLoop.processSelectedKey(NioEventLoop.java:632)
	at org.apache.ratis.thirdparty.io.netty.channel.nio.NioEventLoop.processSelectedKeysOptimized(NioEventLoop.java:579)
	at org.apache.ratis.thirdparty.io.netty.channel.nio.NioEventLoop.processSelectedKeys(NioEventLoop.java:496)
	at org.apache.ratis.thirdparty.io.netty.channel.nio.NioEventLoop.run(NioEventLoop.java:458)
	at org.apache.ratis.thirdparty.io.netty.util.concurrent.SingleThreadEventExecutor$5.run(SingleThreadEventExecutor.java:897)
	at org.apache.ratis.thirdparty.io.netty.util.concurrent.FastThreadLocalRunnable.run(FastThreadLocalRunnable.java:30)
	... 1 more
Caused by: java.net.ConnectException: Connection refused
	... 11 more
2019-11-14 17:39:36,390 [00aa4e63-81eb-4c33-a32e-b28e61c28a6d@group-B209632AD019-LeaderElection240] INFO  impl.LeaderElection (LeaderElection.java:logAndReturn(56)) - 00aa4e63-81eb-4c33-a32e-b28e61c28a6d@group-B209632AD019-LeaderElection240: Election REJECTED; received 0 response(s) [] and 2 exception(s); 00aa4e63-81eb-4c33-a32e-b28e61c28a6d@group-B209632AD019:t11, leader=null, voted=00aa4e63-81eb-4c33-a32e-b28e61c28a6d, raftlog=00aa4e63-81eb-4c33-a32e-b28e61c28a6d@group-B209632AD019-SegmentedRaftLog:OPENED:c0,f0,i0, conf=0: [00aa4e63-81eb-4c33-a32e-b28e61c28a6d:192.168.157.194:43947, da9d3605-d5bb-4af4-b35f-64e6f231f8df:192.168.157.194:36645, 9c88a047-7f73-4111-bf87-fe029dccbce6:192.168.157.194:46499], old=null
2019-11-14 17:39:36,390 [00aa4e63-81eb-4c33-a32e-b28e61c28a6d@group-B209632AD019-LeaderElection240] INFO  impl.LeaderElection (LogUtils.java:infoOrTrace(149)) -   Exception 0: {}
java.util.concurrent.ExecutionException: org.apache.ratis.thirdparty.io.grpc.StatusRuntimeException: UNAVAILABLE: io exception
	at java.util.concurrent.FutureTask.report(FutureTask.java:122)
	at java.util.concurrent.FutureTask.get(FutureTask.java:192)
	at org.apache.ratis.server.impl.LeaderElection.waitForResults(LeaderElection.java:259)
	at org.apache.ratis.server.impl.LeaderElection.askForVotes(LeaderElection.java:197)
	at org.apache.ratis.server.impl.LeaderElection.run(LeaderElection.java:133)
	at java.lang.Thread.run(Thread.java:748)
Caused by: org.apache.ratis.thirdparty.io.grpc.StatusRuntimeException: UNAVAILABLE: io exception
	at org.apache.ratis.thirdparty.io.grpc.stub.ClientCalls.toStatusRuntimeException(ClientCalls.java:233)
	at org.apache.ratis.thirdparty.io.grpc.stub.ClientCalls.getUnchecked(ClientCalls.java:214)
	at org.apache.ratis.thirdparty.io.grpc.stub.ClientCalls.blockingUnaryCall(ClientCalls.java:139)
	at org.apache.ratis.proto.grpc.RaftServerProtocolServiceGrpc$RaftServerProtocolServiceBlockingStub.requestVote(RaftServerProtocolServiceGrpc.java:265)
	at org.apache.ratis.grpc.server.GrpcServerProtocolClient.requestVote(GrpcServerProtocolClient.java:99)
	at org.apache.ratis.grpc.server.GrpcService.requestVote(GrpcService.java:204)
	at org.apache.ratis.server.impl.LeaderElection.lambda$submitRequests$1(LeaderElection.java:234)
	at java.util.concurrent.FutureTask.run(FutureTask.java:266)
	at java.util.concurrent.Executors$RunnableAdapter.call(Executors.java:511)
	at java.util.concurrent.FutureTask.run(FutureTask.java:266)
	at java.util.concurrent.ThreadPoolExecutor.runWorker(ThreadPoolExecutor.java:1149)
	at java.util.concurrent.ThreadPoolExecutor$Worker.run(ThreadPoolExecutor.java:624)
	... 1 more
Caused by: org.apache.ratis.thirdparty.io.netty.channel.AbstractChannel$AnnotatedConnectException: Connection refused: /192.168.157.194:46499
	at sun.nio.ch.SocketChannelImpl.checkConnect(Native Method)
	at sun.nio.ch.SocketChannelImpl.finishConnect(SocketChannelImpl.java:717)
	at org.apache.ratis.thirdparty.io.netty.channel.socket.nio.NioSocketChannel.doFinishConnect(NioSocketChannel.java:327)
	at org.apache.ratis.thirdparty.io.netty.channel.nio.AbstractNioChannel$AbstractNioUnsafe.finishConnect(AbstractNioChannel.java:340)
	at org.apache.ratis.thirdparty.io.netty.channel.nio.NioEventLoop.processSelectedKey(NioEventLoop.java:632)
	at org.apache.ratis.thirdparty.io.netty.channel.nio.NioEventLoop.processSelectedKeysOptimized(NioEventLoop.java:579)
	at org.apache.ratis.thirdparty.io.netty.channel.nio.NioEventLoop.processSelectedKeys(NioEventLoop.java:496)
	at org.apache.ratis.thirdparty.io.netty.channel.nio.NioEventLoop.run(NioEventLoop.java:458)
	at org.apache.ratis.thirdparty.io.netty.util.concurrent.SingleThreadEventExecutor$5.run(SingleThreadEventExecutor.java:897)
	at org.apache.ratis.thirdparty.io.netty.util.concurrent.FastThreadLocalRunnable.run(FastThreadLocalRunnable.java:30)
	... 1 more
Caused by: java.net.ConnectException: Connection refused
	... 11 more
2019-11-14 17:39:36,391 [00aa4e63-81eb-4c33-a32e-b28e61c28a6d@group-B209632AD019-LeaderElection240] INFO  impl.LeaderElection (LogUtils.java:infoOrTrace(149)) -   Exception 1: {}
java.util.concurrent.ExecutionException: org.apache.ratis.thirdparty.io.grpc.StatusRuntimeException: UNAVAILABLE: io exception
	at java.util.concurrent.FutureTask.report(FutureTask.java:122)
	at java.util.concurrent.FutureTask.get(FutureTask.java:192)
	at org.apache.ratis.server.impl.LeaderElection.waitForResults(LeaderElection.java:259)
	at org.apache.ratis.server.impl.LeaderElection.askForVotes(LeaderElection.java:197)
	at org.apache.ratis.server.impl.LeaderElection.run(LeaderElection.java:133)
	at java.lang.Thread.run(Thread.java:748)
Caused by: org.apache.ratis.thirdparty.io.grpc.StatusRuntimeException: UNAVAILABLE: io exception
	at org.apache.ratis.thirdparty.io.grpc.stub.ClientCalls.toStatusRuntimeException(ClientCalls.java:233)
	at org.apache.ratis.thirdparty.io.grpc.stub.ClientCalls.getUnchecked(ClientCalls.java:214)
	at org.apache.ratis.thirdparty.io.grpc.stub.ClientCalls.blockingUnaryCall(ClientCalls.java:139)
	at org.apache.ratis.proto.grpc.RaftServerProtocolServiceGrpc$RaftServerProtocolServiceBlockingStub.requestVote(RaftServerProtocolServiceGrpc.java:265)
	at org.apache.ratis.grpc.server.GrpcServerProtocolClient.requestVote(GrpcServerProtocolClient.java:99)
	at org.apache.ratis.grpc.server.GrpcService.requestVote(GrpcService.java:204)
	at org.apache.ratis.server.impl.LeaderElection.lambda$submitRequests$1(LeaderElection.java:234)
	at java.util.concurrent.FutureTask.run(FutureTask.java:266)
	at java.util.concurrent.Executors$RunnableAdapter.call(Executors.java:511)
	at java.util.concurrent.FutureTask.run(FutureTask.java:266)
	at java.util.concurrent.ThreadPoolExecutor.runWorker(ThreadPoolExecutor.java:1149)
	at java.util.concurrent.ThreadPoolExecutor$Worker.run(ThreadPoolExecutor.java:624)
	... 1 more
Caused by: org.apache.ratis.thirdparty.io.netty.channel.AbstractChannel$AnnotatedConnectException: Connection refused: /192.168.157.194:36645
	at sun.nio.ch.SocketChannelImpl.checkConnect(Native Method)
	at sun.nio.ch.SocketChannelImpl.finishConnect(SocketChannelImpl.java:717)
	at org.apache.ratis.thirdparty.io.netty.channel.socket.nio.NioSocketChannel.doFinishConnect(NioSocketChannel.java:327)
	at org.apache.ratis.thirdparty.io.netty.channel.nio.AbstractNioChannel$AbstractNioUnsafe.finishConnect(AbstractNioChannel.java:340)
	at org.apache.ratis.thirdparty.io.netty.channel.nio.NioEventLoop.processSelectedKey(NioEventLoop.java:632)
	at org.apache.ratis.thirdparty.io.netty.channel.nio.NioEventLoop.processSelectedKeysOptimized(NioEventLoop.java:579)
	at org.apache.ratis.thirdparty.io.netty.channel.nio.NioEventLoop.processSelectedKeys(NioEventLoop.java:496)
	at org.apache.ratis.thirdparty.io.netty.channel.nio.NioEventLoop.run(NioEventLoop.java:458)
	at org.apache.ratis.thirdparty.io.netty.util.concurrent.SingleThreadEventExecutor$5.run(SingleThreadEventExecutor.java:897)
	at org.apache.ratis.thirdparty.io.netty.util.concurrent.FastThreadLocalRunnable.run(FastThreadLocalRunnable.java:30)
	... 1 more
Caused by: java.net.ConnectException: Connection refused
	... 11 more
2019-11-14 17:39:36,391 [00aa4e63-81eb-4c33-a32e-b28e61c28a6d@group-B209632AD019-LeaderElection240] INFO  impl.RaftServerImpl (RaftServerImpl.java:setRole(173)) - 00aa4e63-81eb-4c33-a32e-b28e61c28a6d@group-B209632AD019: changes role from CANDIDATE to FOLLOWER at term 11 for DISCOVERED_A_NEW_TERM
2019-11-14 17:39:36,391 [00aa4e63-81eb-4c33-a32e-b28e61c28a6d@group-B209632AD019-LeaderElection240] INFO  impl.RoleInfo (RoleInfo.java:shutdownLeaderElection(134)) - 00aa4e63-81eb-4c33-a32e-b28e61c28a6d: shutdown LeaderElection
2019-11-14 17:39:36,392 [00aa4e63-81eb-4c33-a32e-b28e61c28a6d@group-B209632AD019-LeaderElection240] INFO  impl.RoleInfo (RoleInfo.java:updateAndGet(143)) - 00aa4e63-81eb-4c33-a32e-b28e61c28a6d: start FollowerState
2019-11-14 17:39:36,396 [grpc-default-executor-3] WARN  server.GrpcLogAppender (LogUtils.java:warn(134)) - 9f70b324-be48-4d43-8f47-cd647748f9c6@group-8A7698DEED1E->4fcb6245-7b52-48ea-a68b-fda0132084cd-AppendLogResponseHandler: Failed appendEntries: org.apache.ratis.thirdparty.io.grpc.StatusRuntimeException: UNAVAILABLE: io exception
2019-11-14 17:39:36,396 [grpc-default-executor-3] INFO  impl.FollowerInfo (FollowerInfo.java:lambda$new$0(51)) - 9f70b324-be48-4d43-8f47-cd647748f9c6@group-8A7698DEED1E->4fcb6245-7b52-48ea-a68b-fda0132084cd: nextIndex: updateUnconditionally 0 -> 0
2019-11-14 17:39:36,404 [grpc-default-executor-2] WARN  server.GrpcLogAppender (LogUtils.java:warn(134)) - 9f70b324-be48-4d43-8f47-cd647748f9c6@group-8A7698DEED1E->1e2d7e4d-6af1-461d-8b85-f444d5672a79-AppendLogResponseHandler: Failed appendEntries: org.apache.ratis.thirdparty.io.grpc.StatusRuntimeException: UNAVAILABLE: io exception
2019-11-14 17:39:36,404 [grpc-default-executor-2] INFO  impl.FollowerInfo (FollowerInfo.java:lambda$new$0(51)) - 9f70b324-be48-4d43-8f47-cd647748f9c6@group-8A7698DEED1E->1e2d7e4d-6af1-461d-8b85-f444d5672a79: nextIndex: updateUnconditionally 4 -> 3
2019-11-14 17:39:36,582 [Thread-4332] INFO  impl.FollowerState (FollowerState.java:run(111)) - d0c52919-9387-42b7-9191-3f4b0bb9b568@group-28F059BB15A6-FollowerState: change to CANDIDATE, lastRpcTime:1191ms, electionTimeout:1191ms
2019-11-14 17:39:36,582 [Thread-4332] INFO  impl.RoleInfo (RoleInfo.java:shutdownFollowerState(121)) - d0c52919-9387-42b7-9191-3f4b0bb9b568: shutdown FollowerState
2019-11-14 17:39:36,583 [Thread-4332] INFO  impl.RaftServerImpl (RaftServerImpl.java:setRole(173)) - d0c52919-9387-42b7-9191-3f4b0bb9b568@group-28F059BB15A6: changes role from  FOLLOWER to CANDIDATE at term 3 for changeToCandidate
2019-11-14 17:39:36,583 [Thread-4332] INFO  impl.RoleInfo (RoleInfo.java:updateAndGet(143)) - d0c52919-9387-42b7-9191-3f4b0bb9b568: start LeaderElection
2019-11-14 17:39:36,607 [d0c52919-9387-42b7-9191-3f4b0bb9b568@group-28F059BB15A6-LeaderElection241] INFO  impl.LeaderElection (LeaderElection.java:askForVotes(178)) - d0c52919-9387-42b7-9191-3f4b0bb9b568@group-28F059BB15A6-LeaderElection241: begin an election at term 4 for 1: [d0c52919-9387-42b7-9191-3f4b0bb9b568:192.168.157.194:42749, d0d029c9-c080-45aa-9428-ec9c2afb2e55:192.168.157.194:41166, 521325b2-2ced-4cee-b44f-acc523c049d7:192.168.157.194:33976], old=null
2019-11-14 17:39:36,608 [d0c52919-9387-42b7-9191-3f4b0bb9b568@group-28F059BB15A6-LeaderElection241] INFO  impl.LeaderElection (LogUtils.java:infoOrTrace(149)) - d0c52919-9387-42b7-9191-3f4b0bb9b568@group-28F059BB15A6-LeaderElection241 got exception when requesting votes: {}
java.util.concurrent.ExecutionException: org.apache.ratis.thirdparty.io.grpc.StatusRuntimeException: UNAVAILABLE: io exception
	at java.util.concurrent.FutureTask.report(FutureTask.java:122)
	at java.util.concurrent.FutureTask.get(FutureTask.java:192)
	at org.apache.ratis.server.impl.LeaderElection.waitForResults(LeaderElection.java:259)
	at org.apache.ratis.server.impl.LeaderElection.askForVotes(LeaderElection.java:197)
	at org.apache.ratis.server.impl.LeaderElection.run(LeaderElection.java:133)
	at java.lang.Thread.run(Thread.java:748)
Caused by: org.apache.ratis.thirdparty.io.grpc.StatusRuntimeException: UNAVAILABLE: io exception
	at org.apache.ratis.thirdparty.io.grpc.stub.ClientCalls.toStatusRuntimeException(ClientCalls.java:233)
	at org.apache.ratis.thirdparty.io.grpc.stub.ClientCalls.getUnchecked(ClientCalls.java:214)
	at org.apache.ratis.thirdparty.io.grpc.stub.ClientCalls.blockingUnaryCall(ClientCalls.java:139)
	at org.apache.ratis.proto.grpc.RaftServerProtocolServiceGrpc$RaftServerProtocolServiceBlockingStub.requestVote(RaftServerProtocolServiceGrpc.java:265)
	at org.apache.ratis.grpc.server.GrpcServerProtocolClient.requestVote(GrpcServerProtocolClient.java:99)
	at org.apache.ratis.grpc.server.GrpcService.requestVote(GrpcService.java:204)
	at org.apache.ratis.server.impl.LeaderElection.lambda$submitRequests$1(LeaderElection.java:234)
	at java.util.concurrent.FutureTask.run(FutureTask.java:266)
	at java.util.concurrent.Executors$RunnableAdapter.call(Executors.java:511)
	at java.util.concurrent.FutureTask.run(FutureTask.java:266)
	at java.util.concurrent.ThreadPoolExecutor.runWorker(ThreadPoolExecutor.java:1149)
	at java.util.concurrent.ThreadPoolExecutor$Worker.run(ThreadPoolExecutor.java:624)
	... 1 more
Caused by: org.apache.ratis.thirdparty.io.netty.channel.AbstractChannel$AnnotatedConnectException: Connection refused: /192.168.157.194:41166
	at sun.nio.ch.SocketChannelImpl.checkConnect(Native Method)
	at sun.nio.ch.SocketChannelImpl.finishConnect(SocketChannelImpl.java:717)
	at org.apache.ratis.thirdparty.io.netty.channel.socket.nio.NioSocketChannel.doFinishConnect(NioSocketChannel.java:327)
	at org.apache.ratis.thirdparty.io.netty.channel.nio.AbstractNioChannel$AbstractNioUnsafe.finishConnect(AbstractNioChannel.java:340)
	at org.apache.ratis.thirdparty.io.netty.channel.nio.NioEventLoop.processSelectedKey(NioEventLoop.java:632)
	at org.apache.ratis.thirdparty.io.netty.channel.nio.NioEventLoop.processSelectedKeysOptimized(NioEventLoop.java:579)
	at org.apache.ratis.thirdparty.io.netty.channel.nio.NioEventLoop.processSelectedKeys(NioEventLoop.java:496)
	at org.apache.ratis.thirdparty.io.netty.channel.nio.NioEventLoop.run(NioEventLoop.java:458)
	at org.apache.ratis.thirdparty.io.netty.util.concurrent.SingleThreadEventExecutor$5.run(SingleThreadEventExecutor.java:897)
	at org.apache.ratis.thirdparty.io.netty.util.concurrent.FastThreadLocalRunnable.run(FastThreadLocalRunnable.java:30)
	... 1 more
Caused by: java.net.ConnectException: Connection refused
	... 11 more
2019-11-14 17:39:36,609 [d0c52919-9387-42b7-9191-3f4b0bb9b568@group-28F059BB15A6-LeaderElection241] INFO  impl.LeaderElection (LogUtils.java:infoOrTrace(149)) - d0c52919-9387-42b7-9191-3f4b0bb9b568@group-28F059BB15A6-LeaderElection241 got exception when requesting votes: {}
java.util.concurrent.ExecutionException: org.apache.ratis.thirdparty.io.grpc.StatusRuntimeException: UNAVAILABLE: io exception
	at java.util.concurrent.FutureTask.report(FutureTask.java:122)
	at java.util.concurrent.FutureTask.get(FutureTask.java:192)
	at org.apache.ratis.server.impl.LeaderElection.waitForResults(LeaderElection.java:259)
	at org.apache.ratis.server.impl.LeaderElection.askForVotes(LeaderElection.java:197)
	at org.apache.ratis.server.impl.LeaderElection.run(LeaderElection.java:133)
	at java.lang.Thread.run(Thread.java:748)
Caused by: org.apache.ratis.thirdparty.io.grpc.StatusRuntimeException: UNAVAILABLE: io exception
	at org.apache.ratis.thirdparty.io.grpc.stub.ClientCalls.toStatusRuntimeException(ClientCalls.java:233)
	at org.apache.ratis.thirdparty.io.grpc.stub.ClientCalls.getUnchecked(ClientCalls.java:214)
	at org.apache.ratis.thirdparty.io.grpc.stub.ClientCalls.blockingUnaryCall(ClientCalls.java:139)
	at org.apache.ratis.proto.grpc.RaftServerProtocolServiceGrpc$RaftServerProtocolServiceBlockingStub.requestVote(RaftServerProtocolServiceGrpc.java:265)
	at org.apache.ratis.grpc.server.GrpcServerProtocolClient.requestVote(GrpcServerProtocolClient.java:99)
	at org.apache.ratis.grpc.server.GrpcService.requestVote(GrpcService.java:204)
	at org.apache.ratis.server.impl.LeaderElection.lambda$submitRequests$1(LeaderElection.java:234)
	at java.util.concurrent.FutureTask.run(FutureTask.java:266)
	at java.util.concurrent.Executors$RunnableAdapter.call(Executors.java:511)
	at java.util.concurrent.FutureTask.run(FutureTask.java:266)
	at java.util.concurrent.ThreadPoolExecutor.runWorker(ThreadPoolExecutor.java:1149)
	at java.util.concurrent.ThreadPoolExecutor$Worker.run(ThreadPoolExecutor.java:624)
	... 1 more
Caused by: org.apache.ratis.thirdparty.io.netty.channel.AbstractChannel$AnnotatedConnectException: Connection refused: /192.168.157.194:33976
	at sun.nio.ch.SocketChannelImpl.checkConnect(Native Method)
	at sun.nio.ch.SocketChannelImpl.finishConnect(SocketChannelImpl.java:717)
	at org.apache.ratis.thirdparty.io.netty.channel.socket.nio.NioSocketChannel.doFinishConnect(NioSocketChannel.java:327)
	at org.apache.ratis.thirdparty.io.netty.channel.nio.AbstractNioChannel$AbstractNioUnsafe.finishConnect(AbstractNioChannel.java:340)
	at org.apache.ratis.thirdparty.io.netty.channel.nio.NioEventLoop.processSelectedKey(NioEventLoop.java:632)
	at org.apache.ratis.thirdparty.io.netty.channel.nio.NioEventLoop.processSelectedKeysOptimized(NioEventLoop.java:579)
	at org.apache.ratis.thirdparty.io.netty.channel.nio.NioEventLoop.processSelectedKeys(NioEventLoop.java:496)
	at org.apache.ratis.thirdparty.io.netty.channel.nio.NioEventLoop.run(NioEventLoop.java:458)
	at org.apache.ratis.thirdparty.io.netty.util.concurrent.SingleThreadEventExecutor$5.run(SingleThreadEventExecutor.java:897)
	at org.apache.ratis.thirdparty.io.netty.util.concurrent.FastThreadLocalRunnable.run(FastThreadLocalRunnable.java:30)
	... 1 more
Caused by: java.net.ConnectException: Connection refused
	... 11 more
2019-11-14 17:39:36,609 [d0c52919-9387-42b7-9191-3f4b0bb9b568@group-28F059BB15A6-LeaderElection241] INFO  impl.LeaderElection (LeaderElection.java:logAndReturn(56)) - d0c52919-9387-42b7-9191-3f4b0bb9b568@group-28F059BB15A6-LeaderElection241: Election REJECTED; received 0 response(s) [] and 2 exception(s); d0c52919-9387-42b7-9191-3f4b0bb9b568@group-28F059BB15A6:t4, leader=null, voted=d0c52919-9387-42b7-9191-3f4b0bb9b568, raftlog=d0c52919-9387-42b7-9191-3f4b0bb9b568@group-28F059BB15A6-SegmentedRaftLog:OPENED:c2,f2,i2, conf=1: [d0c52919-9387-42b7-9191-3f4b0bb9b568:192.168.157.194:42749, d0d029c9-c080-45aa-9428-ec9c2afb2e55:192.168.157.194:41166, 521325b2-2ced-4cee-b44f-acc523c049d7:192.168.157.194:33976], old=null
2019-11-14 17:39:36,610 [d0c52919-9387-42b7-9191-3f4b0bb9b568@group-28F059BB15A6-LeaderElection241] INFO  impl.LeaderElection (LogUtils.java:infoOrTrace(149)) -   Exception 0: {}
java.util.concurrent.ExecutionException: org.apache.ratis.thirdparty.io.grpc.StatusRuntimeException: UNAVAILABLE: io exception
	at java.util.concurrent.FutureTask.report(FutureTask.java:122)
	at java.util.concurrent.FutureTask.get(FutureTask.java:192)
	at org.apache.ratis.server.impl.LeaderElection.waitForResults(LeaderElection.java:259)
	at org.apache.ratis.server.impl.LeaderElection.askForVotes(LeaderElection.java:197)
	at org.apache.ratis.server.impl.LeaderElection.run(LeaderElection.java:133)
	at java.lang.Thread.run(Thread.java:748)
Caused by: org.apache.ratis.thirdparty.io.grpc.StatusRuntimeException: UNAVAILABLE: io exception
	at org.apache.ratis.thirdparty.io.grpc.stub.ClientCalls.toStatusRuntimeException(ClientCalls.java:233)
	at org.apache.ratis.thirdparty.io.grpc.stub.ClientCalls.getUnchecked(ClientCalls.java:214)
	at org.apache.ratis.thirdparty.io.grpc.stub.ClientCalls.blockingUnaryCall(ClientCalls.java:139)
	at org.apache.ratis.proto.grpc.RaftServerProtocolServiceGrpc$RaftServerProtocolServiceBlockingStub.requestVote(RaftServerProtocolServiceGrpc.java:265)
	at org.apache.ratis.grpc.server.GrpcServerProtocolClient.requestVote(GrpcServerProtocolClient.java:99)
	at org.apache.ratis.grpc.server.GrpcService.requestVote(GrpcService.java:204)
	at org.apache.ratis.server.impl.LeaderElection.lambda$submitRequests$1(LeaderElection.java:234)
	at java.util.concurrent.FutureTask.run(FutureTask.java:266)
	at java.util.concurrent.Executors$RunnableAdapter.call(Executors.java:511)
	at java.util.concurrent.FutureTask.run(FutureTask.java:266)
	at java.util.concurrent.ThreadPoolExecutor.runWorker(ThreadPoolExecutor.java:1149)
	at java.util.concurrent.ThreadPoolExecutor$Worker.run(ThreadPoolExecutor.java:624)
	... 1 more
Caused by: org.apache.ratis.thirdparty.io.netty.channel.AbstractChannel$AnnotatedConnectException: Connection refused: /192.168.157.194:41166
	at sun.nio.ch.SocketChannelImpl.checkConnect(Native Method)
	at sun.nio.ch.SocketChannelImpl.finishConnect(SocketChannelImpl.java:717)
	at org.apache.ratis.thirdparty.io.netty.channel.socket.nio.NioSocketChannel.doFinishConnect(NioSocketChannel.java:327)
	at org.apache.ratis.thirdparty.io.netty.channel.nio.AbstractNioChannel$AbstractNioUnsafe.finishConnect(AbstractNioChannel.java:340)
	at org.apache.ratis.thirdparty.io.netty.channel.nio.NioEventLoop.processSelectedKey(NioEventLoop.java:632)
	at org.apache.ratis.thirdparty.io.netty.channel.nio.NioEventLoop.processSelectedKeysOptimized(NioEventLoop.java:579)
	at org.apache.ratis.thirdparty.io.netty.channel.nio.NioEventLoop.processSelectedKeys(NioEventLoop.java:496)
	at org.apache.ratis.thirdparty.io.netty.channel.nio.NioEventLoop.run(NioEventLoop.java:458)
	at org.apache.ratis.thirdparty.io.netty.util.concurrent.SingleThreadEventExecutor$5.run(SingleThreadEventExecutor.java:897)
	at org.apache.ratis.thirdparty.io.netty.util.concurrent.FastThreadLocalRunnable.run(FastThreadLocalRunnable.java:30)
	... 1 more
Caused by: java.net.ConnectException: Connection refused
	... 11 more
2019-11-14 17:39:36,610 [d0c52919-9387-42b7-9191-3f4b0bb9b568@group-28F059BB15A6-LeaderElection241] INFO  impl.LeaderElection (LogUtils.java:infoOrTrace(149)) -   Exception 1: {}
java.util.concurrent.ExecutionException: org.apache.ratis.thirdparty.io.grpc.StatusRuntimeException: UNAVAILABLE: io exception
	at java.util.concurrent.FutureTask.report(FutureTask.java:122)
	at java.util.concurrent.FutureTask.get(FutureTask.java:192)
	at org.apache.ratis.server.impl.LeaderElection.waitForResults(LeaderElection.java:259)
	at org.apache.ratis.server.impl.LeaderElection.askForVotes(LeaderElection.java:197)
	at org.apache.ratis.server.impl.LeaderElection.run(LeaderElection.java:133)
	at java.lang.Thread.run(Thread.java:748)
Caused by: org.apache.ratis.thirdparty.io.grpc.StatusRuntimeException: UNAVAILABLE: io exception
	at org.apache.ratis.thirdparty.io.grpc.stub.ClientCalls.toStatusRuntimeException(ClientCalls.java:233)
	at org.apache.ratis.thirdparty.io.grpc.stub.ClientCalls.getUnchecked(ClientCalls.java:214)
	at org.apache.ratis.thirdparty.io.grpc.stub.ClientCalls.blockingUnaryCall(ClientCalls.java:139)
	at org.apache.ratis.proto.grpc.RaftServerProtocolServiceGrpc$RaftServerProtocolServiceBlockingStub.requestVote(RaftServerProtocolServiceGrpc.java:265)
	at org.apache.ratis.grpc.server.GrpcServerProtocolClient.requestVote(GrpcServerProtocolClient.java:99)
	at org.apache.ratis.grpc.server.GrpcService.requestVote(GrpcService.java:204)
	at org.apache.ratis.server.impl.LeaderElection.lambda$submitRequests$1(LeaderElection.java:234)
	at java.util.concurrent.FutureTask.run(FutureTask.java:266)
	at java.util.concurrent.Executors$RunnableAdapter.call(Executors.java:511)
	at java.util.concurrent.FutureTask.run(FutureTask.java:266)
	at java.util.concurrent.ThreadPoolExecutor.runWorker(ThreadPoolExecutor.java:1149)
	at java.util.concurrent.ThreadPoolExecutor$Worker.run(ThreadPoolExecutor.java:624)
	... 1 more
Caused by: org.apache.ratis.thirdparty.io.netty.channel.AbstractChannel$AnnotatedConnectException: Connection refused: /192.168.157.194:33976
	at sun.nio.ch.SocketChannelImpl.checkConnect(Native Method)
	at sun.nio.ch.SocketChannelImpl.finishConnect(SocketChannelImpl.java:717)
	at org.apache.ratis.thirdparty.io.netty.channel.socket.nio.NioSocketChannel.doFinishConnect(NioSocketChannel.java:327)
	at org.apache.ratis.thirdparty.io.netty.channel.nio.AbstractNioChannel$AbstractNioUnsafe.finishConnect(AbstractNioChannel.java:340)
	at org.apache.ratis.thirdparty.io.netty.channel.nio.NioEventLoop.processSelectedKey(NioEventLoop.java:632)
	at org.apache.ratis.thirdparty.io.netty.channel.nio.NioEventLoop.processSelectedKeysOptimized(NioEventLoop.java:579)
	at org.apache.ratis.thirdparty.io.netty.channel.nio.NioEventLoop.processSelectedKeys(NioEventLoop.java:496)
	at org.apache.ratis.thirdparty.io.netty.channel.nio.NioEventLoop.run(NioEventLoop.java:458)
	at org.apache.ratis.thirdparty.io.netty.util.concurrent.SingleThreadEventExecutor$5.run(SingleThreadEventExecutor.java:897)
	at org.apache.ratis.thirdparty.io.netty.util.concurrent.FastThreadLocalRunnable.run(FastThreadLocalRunnable.java:30)
	... 1 more
Caused by: java.net.ConnectException: Connection refused
	... 11 more
2019-11-14 17:39:36,611 [d0c52919-9387-42b7-9191-3f4b0bb9b568@group-28F059BB15A6-LeaderElection241] INFO  impl.RaftServerImpl (RaftServerImpl.java:setRole(173)) - d0c52919-9387-42b7-9191-3f4b0bb9b568@group-28F059BB15A6: changes role from CANDIDATE to FOLLOWER at term 4 for DISCOVERED_A_NEW_TERM
2019-11-14 17:39:36,611 [d0c52919-9387-42b7-9191-3f4b0bb9b568@group-28F059BB15A6-LeaderElection241] INFO  impl.RoleInfo (RoleInfo.java:shutdownLeaderElection(134)) - d0c52919-9387-42b7-9191-3f4b0bb9b568: shutdown LeaderElection
2019-11-14 17:39:36,611 [d0c52919-9387-42b7-9191-3f4b0bb9b568@group-28F059BB15A6-LeaderElection241] INFO  impl.RoleInfo (RoleInfo.java:updateAndGet(143)) - d0c52919-9387-42b7-9191-3f4b0bb9b568: start FollowerState
2019-11-14 17:39:36,897 [grpc-default-executor-2] WARN  server.GrpcLogAppender (LogUtils.java:warn(134)) - 9f70b324-be48-4d43-8f47-cd647748f9c6@group-8A7698DEED1E->4fcb6245-7b52-48ea-a68b-fda0132084cd-AppendLogResponseHandler: Failed appendEntries: org.apache.ratis.thirdparty.io.grpc.StatusRuntimeException: UNAVAILABLE: io exception
2019-11-14 17:39:36,898 [grpc-default-executor-2] INFO  impl.FollowerInfo (FollowerInfo.java:lambda$new$0(51)) - 9f70b324-be48-4d43-8f47-cd647748f9c6@group-8A7698DEED1E->4fcb6245-7b52-48ea-a68b-fda0132084cd: nextIndex: updateUnconditionally 0 -> 0
2019-11-14 17:39:36,904 [grpc-default-executor-7] WARN  server.GrpcLogAppender (LogUtils.java:warn(134)) - 9f70b324-be48-4d43-8f47-cd647748f9c6@group-8A7698DEED1E->1e2d7e4d-6af1-461d-8b85-f444d5672a79-AppendLogResponseHandler: Failed appendEntries: org.apache.ratis.thirdparty.io.grpc.StatusRuntimeException: UNAVAILABLE: io exception
2019-11-14 17:39:36,905 [grpc-default-executor-7] INFO  impl.FollowerInfo (FollowerInfo.java:lambda$new$0(51)) - 9f70b324-be48-4d43-8f47-cd647748f9c6@group-8A7698DEED1E->1e2d7e4d-6af1-461d-8b85-f444d5672a79: nextIndex: updateUnconditionally 3 -> 2
2019-11-14 17:39:37,402 [grpc-default-executor-7] WARN  server.GrpcLogAppender (LogUtils.java:warn(134)) - 9f70b324-be48-4d43-8f47-cd647748f9c6@group-8A7698DEED1E->4fcb6245-7b52-48ea-a68b-fda0132084cd-AppendLogResponseHandler: Failed appendEntries: org.apache.ratis.thirdparty.io.grpc.StatusRuntimeException: UNAVAILABLE: io exception
2019-11-14 17:39:37,403 [grpc-default-executor-7] INFO  impl.FollowerInfo (FollowerInfo.java:lambda$new$0(51)) - 9f70b324-be48-4d43-8f47-cd647748f9c6@group-8A7698DEED1E->4fcb6245-7b52-48ea-a68b-fda0132084cd: nextIndex: updateUnconditionally 0 -> 0
2019-11-14 17:39:37,405 [grpc-default-executor-3] WARN  server.GrpcLogAppender (LogUtils.java:warn(134)) - 9f70b324-be48-4d43-8f47-cd647748f9c6@group-8A7698DEED1E->1e2d7e4d-6af1-461d-8b85-f444d5672a79-AppendLogResponseHandler: Failed appendEntries: org.apache.ratis.thirdparty.io.grpc.StatusRuntimeException: UNAVAILABLE: io exception
2019-11-14 17:39:37,405 [grpc-default-executor-3] INFO  impl.FollowerInfo (FollowerInfo.java:lambda$new$0(51)) - 9f70b324-be48-4d43-8f47-cd647748f9c6@group-8A7698DEED1E->1e2d7e4d-6af1-461d-8b85-f444d5672a79: nextIndex: updateUnconditionally 2 -> 1
2019-11-14 17:39:37,445 [Thread-4336] INFO  impl.FollowerState (FollowerState.java:run(111)) - 00aa4e63-81eb-4c33-a32e-b28e61c28a6d@group-B209632AD019-FollowerState: change to CANDIDATE, lastRpcTime:1053ms, electionTimeout:1053ms
2019-11-14 17:39:37,445 [Thread-4336] INFO  impl.RoleInfo (RoleInfo.java:shutdownFollowerState(121)) - 00aa4e63-81eb-4c33-a32e-b28e61c28a6d: shutdown FollowerState
2019-11-14 17:39:37,445 [Thread-4336] INFO  impl.RaftServerImpl (RaftServerImpl.java:setRole(173)) - 00aa4e63-81eb-4c33-a32e-b28e61c28a6d@group-B209632AD019: changes role from  FOLLOWER to CANDIDATE at term 11 for changeToCandidate
2019-11-14 17:39:37,446 [Thread-4336] INFO  impl.RoleInfo (RoleInfo.java:updateAndGet(143)) - 00aa4e63-81eb-4c33-a32e-b28e61c28a6d: start LeaderElection
2019-11-14 17:39:37,472 [00aa4e63-81eb-4c33-a32e-b28e61c28a6d@group-B209632AD019-LeaderElection242] INFO  impl.LeaderElection (LeaderElection.java:askForVotes(178)) - 00aa4e63-81eb-4c33-a32e-b28e61c28a6d@group-B209632AD019-LeaderElection242: begin an election at term 12 for 0: [00aa4e63-81eb-4c33-a32e-b28e61c28a6d:192.168.157.194:43947, da9d3605-d5bb-4af4-b35f-64e6f231f8df:192.168.157.194:36645, 9c88a047-7f73-4111-bf87-fe029dccbce6:192.168.157.194:46499], old=null
2019-11-14 17:39:37,474 [00aa4e63-81eb-4c33-a32e-b28e61c28a6d@group-B209632AD019-LeaderElection242] INFO  impl.LeaderElection (LogUtils.java:infoOrTrace(149)) - 00aa4e63-81eb-4c33-a32e-b28e61c28a6d@group-B209632AD019-LeaderElection242 got exception when requesting votes: {}
java.util.concurrent.ExecutionException: org.apache.ratis.thirdparty.io.grpc.StatusRuntimeException: UNAVAILABLE: io exception
	at java.util.concurrent.FutureTask.report(FutureTask.java:122)
	at java.util.concurrent.FutureTask.get(FutureTask.java:192)
	at org.apache.ratis.server.impl.LeaderElection.waitForResults(LeaderElection.java:259)
	at org.apache.ratis.server.impl.LeaderElection.askForVotes(LeaderElection.java:197)
	at org.apache.ratis.server.impl.LeaderElection.run(LeaderElection.java:133)
	at java.lang.Thread.run(Thread.java:748)
Caused by: org.apache.ratis.thirdparty.io.grpc.StatusRuntimeException: UNAVAILABLE: io exception
	at org.apache.ratis.thirdparty.io.grpc.stub.ClientCalls.toStatusRuntimeException(ClientCalls.java:233)
	at org.apache.ratis.thirdparty.io.grpc.stub.ClientCalls.getUnchecked(ClientCalls.java:214)
	at org.apache.ratis.thirdparty.io.grpc.stub.ClientCalls.blockingUnaryCall(ClientCalls.java:139)
	at org.apache.ratis.proto.grpc.RaftServerProtocolServiceGrpc$RaftServerProtocolServiceBlockingStub.requestVote(RaftServerProtocolServiceGrpc.java:265)
	at org.apache.ratis.grpc.server.GrpcServerProtocolClient.requestVote(GrpcServerProtocolClient.java:99)
	at org.apache.ratis.grpc.server.GrpcService.requestVote(GrpcService.java:204)
	at org.apache.ratis.server.impl.LeaderElection.lambda$submitRequests$1(LeaderElection.java:234)
	at java.util.concurrent.FutureTask.run(FutureTask.java:266)
	at java.util.concurrent.Executors$RunnableAdapter.call(Executors.java:511)
	at java.util.concurrent.FutureTask.run(FutureTask.java:266)
	at java.util.concurrent.ThreadPoolExecutor.runWorker(ThreadPoolExecutor.java:1149)
	at java.util.concurrent.ThreadPoolExecutor$Worker.run(ThreadPoolExecutor.java:624)
	... 1 more
Caused by: org.apache.ratis.thirdparty.io.netty.channel.AbstractChannel$AnnotatedConnectException: Connection refused: /192.168.157.194:36645
	at sun.nio.ch.SocketChannelImpl.checkConnect(Native Method)
	at sun.nio.ch.SocketChannelImpl.finishConnect(SocketChannelImpl.java:717)
	at org.apache.ratis.thirdparty.io.netty.channel.socket.nio.NioSocketChannel.doFinishConnect(NioSocketChannel.java:327)
	at org.apache.ratis.thirdparty.io.netty.channel.nio.AbstractNioChannel$AbstractNioUnsafe.finishConnect(AbstractNioChannel.java:340)
	at org.apache.ratis.thirdparty.io.netty.channel.nio.NioEventLoop.processSelectedKey(NioEventLoop.java:632)
	at org.apache.ratis.thirdparty.io.netty.channel.nio.NioEventLoop.processSelectedKeysOptimized(NioEventLoop.java:579)
	at org.apache.ratis.thirdparty.io.netty.channel.nio.NioEventLoop.processSelectedKeys(NioEventLoop.java:496)
	at org.apache.ratis.thirdparty.io.netty.channel.nio.NioEventLoop.run(NioEventLoop.java:458)
	at org.apache.ratis.thirdparty.io.netty.util.concurrent.SingleThreadEventExecutor$5.run(SingleThreadEventExecutor.java:897)
	at org.apache.ratis.thirdparty.io.netty.util.concurrent.FastThreadLocalRunnable.run(FastThreadLocalRunnable.java:30)
	... 1 more
Caused by: java.net.ConnectException: Connection refused
	... 11 more
2019-11-14 17:39:37,474 [00aa4e63-81eb-4c33-a32e-b28e61c28a6d@group-B209632AD019-LeaderElection242] INFO  impl.LeaderElection (LogUtils.java:infoOrTrace(149)) - 00aa4e63-81eb-4c33-a32e-b28e61c28a6d@group-B209632AD019-LeaderElection242 got exception when requesting votes: {}
java.util.concurrent.ExecutionException: org.apache.ratis.thirdparty.io.grpc.StatusRuntimeException: UNAVAILABLE: io exception
	at java.util.concurrent.FutureTask.report(FutureTask.java:122)
	at java.util.concurrent.FutureTask.get(FutureTask.java:192)
	at org.apache.ratis.server.impl.LeaderElection.waitForResults(LeaderElection.java:259)
	at org.apache.ratis.server.impl.LeaderElection.askForVotes(LeaderElection.java:197)
	at org.apache.ratis.server.impl.LeaderElection.run(LeaderElection.java:133)
	at java.lang.Thread.run(Thread.java:748)
Caused by: org.apache.ratis.thirdparty.io.grpc.StatusRuntimeException: UNAVAILABLE: io exception
	at org.apache.ratis.thirdparty.io.grpc.stub.ClientCalls.toStatusRuntimeException(ClientCalls.java:233)
	at org.apache.ratis.thirdparty.io.grpc.stub.ClientCalls.getUnchecked(ClientCalls.java:214)
	at org.apache.ratis.thirdparty.io.grpc.stub.ClientCalls.blockingUnaryCall(ClientCalls.java:139)
	at org.apache.ratis.proto.grpc.RaftServerProtocolServiceGrpc$RaftServerProtocolServiceBlockingStub.requestVote(RaftServerProtocolServiceGrpc.java:265)
	at org.apache.ratis.grpc.server.GrpcServerProtocolClient.requestVote(GrpcServerProtocolClient.java:99)
	at org.apache.ratis.grpc.server.GrpcService.requestVote(GrpcService.java:204)
	at org.apache.ratis.server.impl.LeaderElection.lambda$submitRequests$1(LeaderElection.java:234)
	at java.util.concurrent.FutureTask.run(FutureTask.java:266)
	at java.util.concurrent.Executors$RunnableAdapter.call(Executors.java:511)
	at java.util.concurrent.FutureTask.run(FutureTask.java:266)
	at java.util.concurrent.ThreadPoolExecutor.runWorker(ThreadPoolExecutor.java:1149)
	at java.util.concurrent.ThreadPoolExecutor$Worker.run(ThreadPoolExecutor.java:624)
	... 1 more
Caused by: org.apache.ratis.thirdparty.io.netty.channel.AbstractChannel$AnnotatedConnectException: Connection refused: /192.168.157.194:46499
	at sun.nio.ch.SocketChannelImpl.checkConnect(Native Method)
	at sun.nio.ch.SocketChannelImpl.finishConnect(SocketChannelImpl.java:717)
	at org.apache.ratis.thirdparty.io.netty.channel.socket.nio.NioSocketChannel.doFinishConnect(NioSocketChannel.java:327)
	at org.apache.ratis.thirdparty.io.netty.channel.nio.AbstractNioChannel$AbstractNioUnsafe.finishConnect(AbstractNioChannel.java:340)
	at org.apache.ratis.thirdparty.io.netty.channel.nio.NioEventLoop.processSelectedKey(NioEventLoop.java:632)
	at org.apache.ratis.thirdparty.io.netty.channel.nio.NioEventLoop.processSelectedKeysOptimized(NioEventLoop.java:579)
	at org.apache.ratis.thirdparty.io.netty.channel.nio.NioEventLoop.processSelectedKeys(NioEventLoop.java:496)
	at org.apache.ratis.thirdparty.io.netty.channel.nio.NioEventLoop.run(NioEventLoop.java:458)
	at org.apache.ratis.thirdparty.io.netty.util.concurrent.SingleThreadEventExecutor$5.run(SingleThreadEventExecutor.java:897)
	at org.apache.ratis.thirdparty.io.netty.util.concurrent.FastThreadLocalRunnable.run(FastThreadLocalRunnable.java:30)
	... 1 more
Caused by: java.net.ConnectException: Connection refused
	... 11 more
2019-11-14 17:39:37,475 [00aa4e63-81eb-4c33-a32e-b28e61c28a6d@group-B209632AD019-LeaderElection242] INFO  impl.LeaderElection (LeaderElection.java:logAndReturn(56)) - 00aa4e63-81eb-4c33-a32e-b28e61c28a6d@group-B209632AD019-LeaderElection242: Election REJECTED; received 0 response(s) [] and 2 exception(s); 00aa4e63-81eb-4c33-a32e-b28e61c28a6d@group-B209632AD019:t12, leader=null, voted=00aa4e63-81eb-4c33-a32e-b28e61c28a6d, raftlog=00aa4e63-81eb-4c33-a32e-b28e61c28a6d@group-B209632AD019-SegmentedRaftLog:OPENED:c0,f0,i0, conf=0: [00aa4e63-81eb-4c33-a32e-b28e61c28a6d:192.168.157.194:43947, da9d3605-d5bb-4af4-b35f-64e6f231f8df:192.168.157.194:36645, 9c88a047-7f73-4111-bf87-fe029dccbce6:192.168.157.194:46499], old=null
2019-11-14 17:39:37,475 [00aa4e63-81eb-4c33-a32e-b28e61c28a6d@group-B209632AD019-LeaderElection242] INFO  impl.LeaderElection (LogUtils.java:infoOrTrace(149)) -   Exception 0: {}
java.util.concurrent.ExecutionException: org.apache.ratis.thirdparty.io.grpc.StatusRuntimeException: UNAVAILABLE: io exception
	at java.util.concurrent.FutureTask.report(FutureTask.java:122)
	at java.util.concurrent.FutureTask.get(FutureTask.java:192)
	at org.apache.ratis.server.impl.LeaderElection.waitForResults(LeaderElection.java:259)
	at org.apache.ratis.server.impl.LeaderElection.askForVotes(LeaderElection.java:197)
	at org.apache.ratis.server.impl.LeaderElection.run(LeaderElection.java:133)
	at java.lang.Thread.run(Thread.java:748)
Caused by: org.apache.ratis.thirdparty.io.grpc.StatusRuntimeException: UNAVAILABLE: io exception
	at org.apache.ratis.thirdparty.io.grpc.stub.ClientCalls.toStatusRuntimeException(ClientCalls.java:233)
	at org.apache.ratis.thirdparty.io.grpc.stub.ClientCalls.getUnchecked(ClientCalls.java:214)
	at org.apache.ratis.thirdparty.io.grpc.stub.ClientCalls.blockingUnaryCall(ClientCalls.java:139)
	at org.apache.ratis.proto.grpc.RaftServerProtocolServiceGrpc$RaftServerProtocolServiceBlockingStub.requestVote(RaftServerProtocolServiceGrpc.java:265)
	at org.apache.ratis.grpc.server.GrpcServerProtocolClient.requestVote(GrpcServerProtocolClient.java:99)
	at org.apache.ratis.grpc.server.GrpcService.requestVote(GrpcService.java:204)
	at org.apache.ratis.server.impl.LeaderElection.lambda$submitRequests$1(LeaderElection.java:234)
	at java.util.concurrent.FutureTask.run(FutureTask.java:266)
	at java.util.concurrent.Executors$RunnableAdapter.call(Executors.java:511)
	at java.util.concurrent.FutureTask.run(FutureTask.java:266)
	at java.util.concurrent.ThreadPoolExecutor.runWorker(ThreadPoolExecutor.java:1149)
	at java.util.concurrent.ThreadPoolExecutor$Worker.run(ThreadPoolExecutor.java:624)
	... 1 more
Caused by: org.apache.ratis.thirdparty.io.netty.channel.AbstractChannel$AnnotatedConnectException: Connection refused: /192.168.157.194:36645
	at sun.nio.ch.SocketChannelImpl.checkConnect(Native Method)
	at sun.nio.ch.SocketChannelImpl.finishConnect(SocketChannelImpl.java:717)
	at org.apache.ratis.thirdparty.io.netty.channel.socket.nio.NioSocketChannel.doFinishConnect(NioSocketChannel.java:327)
	at org.apache.ratis.thirdparty.io.netty.channel.nio.AbstractNioChannel$AbstractNioUnsafe.finishConnect(AbstractNioChannel.java:340)
	at org.apache.ratis.thirdparty.io.netty.channel.nio.NioEventLoop.processSelectedKey(NioEventLoop.java:632)
	at org.apache.ratis.thirdparty.io.netty.channel.nio.NioEventLoop.processSelectedKeysOptimized(NioEventLoop.java:579)
	at org.apache.ratis.thirdparty.io.netty.channel.nio.NioEventLoop.processSelectedKeys(NioEventLoop.java:496)
	at org.apache.ratis.thirdparty.io.netty.channel.nio.NioEventLoop.run(NioEventLoop.java:458)
	at org.apache.ratis.thirdparty.io.netty.util.concurrent.SingleThreadEventExecutor$5.run(SingleThreadEventExecutor.java:897)
	at org.apache.ratis.thirdparty.io.netty.util.concurrent.FastThreadLocalRunnable.run(FastThreadLocalRunnable.java:30)
	... 1 more
Caused by: java.net.ConnectException: Connection refused
	... 11 more
2019-11-14 17:39:37,475 [00aa4e63-81eb-4c33-a32e-b28e61c28a6d@group-B209632AD019-LeaderElection242] INFO  impl.LeaderElection (LogUtils.java:infoOrTrace(149)) -   Exception 1: {}
java.util.concurrent.ExecutionException: org.apache.ratis.thirdparty.io.grpc.StatusRuntimeException: UNAVAILABLE: io exception
	at java.util.concurrent.FutureTask.report(FutureTask.java:122)
	at java.util.concurrent.FutureTask.get(FutureTask.java:192)
	at org.apache.ratis.server.impl.LeaderElection.waitForResults(LeaderElection.java:259)
	at org.apache.ratis.server.impl.LeaderElection.askForVotes(LeaderElection.java:197)
	at org.apache.ratis.server.impl.LeaderElection.run(LeaderElection.java:133)
	at java.lang.Thread.run(Thread.java:748)
Caused by: org.apache.ratis.thirdparty.io.grpc.StatusRuntimeException: UNAVAILABLE: io exception
	at org.apache.ratis.thirdparty.io.grpc.stub.ClientCalls.toStatusRuntimeException(ClientCalls.java:233)
	at org.apache.ratis.thirdparty.io.grpc.stub.ClientCalls.getUnchecked(ClientCalls.java:214)
	at org.apache.ratis.thirdparty.io.grpc.stub.ClientCalls.blockingUnaryCall(ClientCalls.java:139)
	at org.apache.ratis.proto.grpc.RaftServerProtocolServiceGrpc$RaftServerProtocolServiceBlockingStub.requestVote(RaftServerProtocolServiceGrpc.java:265)
	at org.apache.ratis.grpc.server.GrpcServerProtocolClient.requestVote(GrpcServerProtocolClient.java:99)
	at org.apache.ratis.grpc.server.GrpcService.requestVote(GrpcService.java:204)
	at org.apache.ratis.server.impl.LeaderElection.lambda$submitRequests$1(LeaderElection.java:234)
	at java.util.concurrent.FutureTask.run(FutureTask.java:266)
	at java.util.concurrent.Executors$RunnableAdapter.call(Executors.java:511)
	at java.util.concurrent.FutureTask.run(FutureTask.java:266)
	at java.util.concurrent.ThreadPoolExecutor.runWorker(ThreadPoolExecutor.java:1149)
	at java.util.concurrent.ThreadPoolExecutor$Worker.run(ThreadPoolExecutor.java:624)
	... 1 more
Caused by: org.apache.ratis.thirdparty.io.netty.channel.AbstractChannel$AnnotatedConnectException: Connection refused: /192.168.157.194:46499
	at sun.nio.ch.SocketChannelImpl.checkConnect(Native Method)
	at sun.nio.ch.SocketChannelImpl.finishConnect(SocketChannelImpl.java:717)
	at org.apache.ratis.thirdparty.io.netty.channel.socket.nio.NioSocketChannel.doFinishConnect(NioSocketChannel.java:327)
	at org.apache.ratis.thirdparty.io.netty.channel.nio.AbstractNioChannel$AbstractNioUnsafe.finishConnect(AbstractNioChannel.java:340)
	at org.apache.ratis.thirdparty.io.netty.channel.nio.NioEventLoop.processSelectedKey(NioEventLoop.java:632)
	at org.apache.ratis.thirdparty.io.netty.channel.nio.NioEventLoop.processSelectedKeysOptimized(NioEventLoop.java:579)
	at org.apache.ratis.thirdparty.io.netty.channel.nio.NioEventLoop.processSelectedKeys(NioEventLoop.java:496)
	at org.apache.ratis.thirdparty.io.netty.channel.nio.NioEventLoop.run(NioEventLoop.java:458)
	at org.apache.ratis.thirdparty.io.netty.util.concurrent.SingleThreadEventExecutor$5.run(SingleThreadEventExecutor.java:897)
	at org.apache.ratis.thirdparty.io.netty.util.concurrent.FastThreadLocalRunnable.run(FastThreadLocalRunnable.java:30)
	... 1 more
Caused by: java.net.ConnectException: Connection refused
	... 11 more
2019-11-14 17:39:37,476 [00aa4e63-81eb-4c33-a32e-b28e61c28a6d@group-B209632AD019-LeaderElection242] INFO  impl.RaftServerImpl (RaftServerImpl.java:setRole(173)) - 00aa4e63-81eb-4c33-a32e-b28e61c28a6d@group-B209632AD019: changes role from CANDIDATE to FOLLOWER at term 12 for DISCOVERED_A_NEW_TERM
2019-11-14 17:39:37,476 [00aa4e63-81eb-4c33-a32e-b28e61c28a6d@group-B209632AD019-LeaderElection242] INFO  impl.RoleInfo (RoleInfo.java:shutdownLeaderElection(134)) - 00aa4e63-81eb-4c33-a32e-b28e61c28a6d: shutdown LeaderElection
2019-11-14 17:39:37,476 [00aa4e63-81eb-4c33-a32e-b28e61c28a6d@group-B209632AD019-LeaderElection242] INFO  impl.RoleInfo (RoleInfo.java:updateAndGet(143)) - 00aa4e63-81eb-4c33-a32e-b28e61c28a6d: start FollowerState
2019-11-14 17:39:37,786 [Thread-4340] INFO  impl.FollowerState (FollowerState.java:run(111)) - d0c52919-9387-42b7-9191-3f4b0bb9b568@group-28F059BB15A6-FollowerState: change to CANDIDATE, lastRpcTime:1175ms, electionTimeout:1175ms
2019-11-14 17:39:37,787 [Thread-4340] INFO  impl.RoleInfo (RoleInfo.java:shutdownFollowerState(121)) - d0c52919-9387-42b7-9191-3f4b0bb9b568: shutdown FollowerState
2019-11-14 17:39:37,787 [Thread-4340] INFO  impl.RaftServerImpl (RaftServerImpl.java:setRole(173)) - d0c52919-9387-42b7-9191-3f4b0bb9b568@group-28F059BB15A6: changes role from  FOLLOWER to CANDIDATE at term 4 for changeToCandidate
2019-11-14 17:39:37,787 [Thread-4340] INFO  impl.RoleInfo (RoleInfo.java:updateAndGet(143)) - d0c52919-9387-42b7-9191-3f4b0bb9b568: start LeaderElection
2019-11-14 17:39:37,812 [d0c52919-9387-42b7-9191-3f4b0bb9b568@group-28F059BB15A6-LeaderElection243] INFO  impl.LeaderElection (LeaderElection.java:askForVotes(178)) - d0c52919-9387-42b7-9191-3f4b0bb9b568@group-28F059BB15A6-LeaderElection243: begin an election at term 5 for 1: [d0c52919-9387-42b7-9191-3f4b0bb9b568:192.168.157.194:42749, d0d029c9-c080-45aa-9428-ec9c2afb2e55:192.168.157.194:41166, 521325b2-2ced-4cee-b44f-acc523c049d7:192.168.157.194:33976], old=null
2019-11-14 17:39:37,813 [d0c52919-9387-42b7-9191-3f4b0bb9b568@group-28F059BB15A6-LeaderElection243] INFO  impl.LeaderElection (LogUtils.java:infoOrTrace(149)) - d0c52919-9387-42b7-9191-3f4b0bb9b568@group-28F059BB15A6-LeaderElection243 got exception when requesting votes: {}
java.util.concurrent.ExecutionException: org.apache.ratis.thirdparty.io.grpc.StatusRuntimeException: UNAVAILABLE: io exception
	at java.util.concurrent.FutureTask.report(FutureTask.java:122)
	at java.util.concurrent.FutureTask.get(FutureTask.java:192)
	at org.apache.ratis.server.impl.LeaderElection.waitForResults(LeaderElection.java:259)
	at org.apache.ratis.server.impl.LeaderElection.askForVotes(LeaderElection.java:197)
	at org.apache.ratis.server.impl.LeaderElection.run(LeaderElection.java:133)
	at java.lang.Thread.run(Thread.java:748)
Caused by: org.apache.ratis.thirdparty.io.grpc.StatusRuntimeException: UNAVAILABLE: io exception
	at org.apache.ratis.thirdparty.io.grpc.stub.ClientCalls.toStatusRuntimeException(ClientCalls.java:233)
	at org.apache.ratis.thirdparty.io.grpc.stub.ClientCalls.getUnchecked(ClientCalls.java:214)
	at org.apache.ratis.thirdparty.io.grpc.stub.ClientCalls.blockingUnaryCall(ClientCalls.java:139)
	at org.apache.ratis.proto.grpc.RaftServerProtocolServiceGrpc$RaftServerProtocolServiceBlockingStub.requestVote(RaftServerProtocolServiceGrpc.java:265)
	at org.apache.ratis.grpc.server.GrpcServerProtocolClient.requestVote(GrpcServerProtocolClient.java:99)
	at org.apache.ratis.grpc.server.GrpcService.requestVote(GrpcService.java:204)
	at org.apache.ratis.server.impl.LeaderElection.lambda$submitRequests$1(LeaderElection.java:234)
	at java.util.concurrent.FutureTask.run(FutureTask.java:266)
	at java.util.concurrent.Executors$RunnableAdapter.call(Executors.java:511)
	at java.util.concurrent.FutureTask.run(FutureTask.java:266)
	at java.util.concurrent.ThreadPoolExecutor.runWorker(ThreadPoolExecutor.java:1149)
	at java.util.concurrent.ThreadPoolExecutor$Worker.run(ThreadPoolExecutor.java:624)
	... 1 more
Caused by: org.apache.ratis.thirdparty.io.netty.channel.AbstractChannel$AnnotatedConnectException: Connection refused: /192.168.157.194:41166
	at sun.nio.ch.SocketChannelImpl.checkConnect(Native Method)
	at sun.nio.ch.SocketChannelImpl.finishConnect(SocketChannelImpl.java:717)
	at org.apache.ratis.thirdparty.io.netty.channel.socket.nio.NioSocketChannel.doFinishConnect(NioSocketChannel.java:327)
	at org.apache.ratis.thirdparty.io.netty.channel.nio.AbstractNioChannel$AbstractNioUnsafe.finishConnect(AbstractNioChannel.java:340)
	at org.apache.ratis.thirdparty.io.netty.channel.nio.NioEventLoop.processSelectedKey(NioEventLoop.java:632)
	at org.apache.ratis.thirdparty.io.netty.channel.nio.NioEventLoop.processSelectedKeysOptimized(NioEventLoop.java:579)
	at org.apache.ratis.thirdparty.io.netty.channel.nio.NioEventLoop.processSelectedKeys(NioEventLoop.java:496)
	at org.apache.ratis.thirdparty.io.netty.channel.nio.NioEventLoop.run(NioEventLoop.java:458)
	at org.apache.ratis.thirdparty.io.netty.util.concurrent.SingleThreadEventExecutor$5.run(SingleThreadEventExecutor.java:897)
	at org.apache.ratis.thirdparty.io.netty.util.concurrent.FastThreadLocalRunnable.run(FastThreadLocalRunnable.java:30)
	... 1 more
Caused by: java.net.ConnectException: Connection refused
	... 11 more
2019-11-14 17:39:37,813 [d0c52919-9387-42b7-9191-3f4b0bb9b568@group-28F059BB15A6-LeaderElection243] INFO  impl.LeaderElection (LogUtils.java:infoOrTrace(149)) - d0c52919-9387-42b7-9191-3f4b0bb9b568@group-28F059BB15A6-LeaderElection243 got exception when requesting votes: {}
java.util.concurrent.ExecutionException: org.apache.ratis.thirdparty.io.grpc.StatusRuntimeException: UNAVAILABLE: io exception
	at java.util.concurrent.FutureTask.report(FutureTask.java:122)
	at java.util.concurrent.FutureTask.get(FutureTask.java:192)
	at org.apache.ratis.server.impl.LeaderElection.waitForResults(LeaderElection.java:259)
	at org.apache.ratis.server.impl.LeaderElection.askForVotes(LeaderElection.java:197)
	at org.apache.ratis.server.impl.LeaderElection.run(LeaderElection.java:133)
	at java.lang.Thread.run(Thread.java:748)
Caused by: org.apache.ratis.thirdparty.io.grpc.StatusRuntimeException: UNAVAILABLE: io exception
	at org.apache.ratis.thirdparty.io.grpc.stub.ClientCalls.toStatusRuntimeException(ClientCalls.java:233)
	at org.apache.ratis.thirdparty.io.grpc.stub.ClientCalls.getUnchecked(ClientCalls.java:214)
	at org.apache.ratis.thirdparty.io.grpc.stub.ClientCalls.blockingUnaryCall(ClientCalls.java:139)
	at org.apache.ratis.proto.grpc.RaftServerProtocolServiceGrpc$RaftServerProtocolServiceBlockingStub.requestVote(RaftServerProtocolServiceGrpc.java:265)
	at org.apache.ratis.grpc.server.GrpcServerProtocolClient.requestVote(GrpcServerProtocolClient.java:99)
	at org.apache.ratis.grpc.server.GrpcService.requestVote(GrpcService.java:204)
	at org.apache.ratis.server.impl.LeaderElection.lambda$submitRequests$1(LeaderElection.java:234)
	at java.util.concurrent.FutureTask.run(FutureTask.java:266)
	at java.util.concurrent.Executors$RunnableAdapter.call(Executors.java:511)
	at java.util.concurrent.FutureTask.run(FutureTask.java:266)
	at java.util.concurrent.ThreadPoolExecutor.runWorker(ThreadPoolExecutor.java:1149)
	at java.util.concurrent.ThreadPoolExecutor$Worker.run(ThreadPoolExecutor.java:624)
	... 1 more
Caused by: org.apache.ratis.thirdparty.io.netty.channel.AbstractChannel$AnnotatedConnectException: Connection refused: /192.168.157.194:33976
	at sun.nio.ch.SocketChannelImpl.checkConnect(Native Method)
	at sun.nio.ch.SocketChannelImpl.finishConnect(SocketChannelImpl.java:717)
	at org.apache.ratis.thirdparty.io.netty.channel.socket.nio.NioSocketChannel.doFinishConnect(NioSocketChannel.java:327)
	at org.apache.ratis.thirdparty.io.netty.channel.nio.AbstractNioChannel$AbstractNioUnsafe.finishConnect(AbstractNioChannel.java:340)
	at org.apache.ratis.thirdparty.io.netty.channel.nio.NioEventLoop.processSelectedKey(NioEventLoop.java:632)
	at org.apache.ratis.thirdparty.io.netty.channel.nio.NioEventLoop.processSelectedKeysOptimized(NioEventLoop.java:579)
	at org.apache.ratis.thirdparty.io.netty.channel.nio.NioEventLoop.processSelectedKeys(NioEventLoop.java:496)
	at org.apache.ratis.thirdparty.io.netty.channel.nio.NioEventLoop.run(NioEventLoop.java:458)
	at org.apache.ratis.thirdparty.io.netty.util.concurrent.SingleThreadEventExecutor$5.run(SingleThreadEventExecutor.java:897)
	at org.apache.ratis.thirdparty.io.netty.util.concurrent.FastThreadLocalRunnable.run(FastThreadLocalRunnable.java:30)
	... 1 more
Caused by: java.net.ConnectException: Connection refused
	... 11 more
2019-11-14 17:39:37,814 [d0c52919-9387-42b7-9191-3f4b0bb9b568@group-28F059BB15A6-LeaderElection243] INFO  impl.LeaderElection (LeaderElection.java:logAndReturn(56)) - d0c52919-9387-42b7-9191-3f4b0bb9b568@group-28F059BB15A6-LeaderElection243: Election REJECTED; received 0 response(s) [] and 2 exception(s); d0c52919-9387-42b7-9191-3f4b0bb9b568@group-28F059BB15A6:t5, leader=null, voted=d0c52919-9387-42b7-9191-3f4b0bb9b568, raftlog=d0c52919-9387-42b7-9191-3f4b0bb9b568@group-28F059BB15A6-SegmentedRaftLog:OPENED:c2,f2,i2, conf=1: [d0c52919-9387-42b7-9191-3f4b0bb9b568:192.168.157.194:42749, d0d029c9-c080-45aa-9428-ec9c2afb2e55:192.168.157.194:41166, 521325b2-2ced-4cee-b44f-acc523c049d7:192.168.157.194:33976], old=null
2019-11-14 17:39:37,814 [d0c52919-9387-42b7-9191-3f4b0bb9b568@group-28F059BB15A6-LeaderElection243] INFO  impl.LeaderElection (LogUtils.java:infoOrTrace(149)) -   Exception 0: {}
java.util.concurrent.ExecutionException: org.apache.ratis.thirdparty.io.grpc.StatusRuntimeException: UNAVAILABLE: io exception
	at java.util.concurrent.FutureTask.report(FutureTask.java:122)
	at java.util.concurrent.FutureTask.get(FutureTask.java:192)
	at org.apache.ratis.server.impl.LeaderElection.waitForResults(LeaderElection.java:259)
	at org.apache.ratis.server.impl.LeaderElection.askForVotes(LeaderElection.java:197)
	at org.apache.ratis.server.impl.LeaderElection.run(LeaderElection.java:133)
	at java.lang.Thread.run(Thread.java:748)
Caused by: org.apache.ratis.thirdparty.io.grpc.StatusRuntimeException: UNAVAILABLE: io exception
	at org.apache.ratis.thirdparty.io.grpc.stub.ClientCalls.toStatusRuntimeException(ClientCalls.java:233)
	at org.apache.ratis.thirdparty.io.grpc.stub.ClientCalls.getUnchecked(ClientCalls.java:214)
	at org.apache.ratis.thirdparty.io.grpc.stub.ClientCalls.blockingUnaryCall(ClientCalls.java:139)
	at org.apache.ratis.proto.grpc.RaftServerProtocolServiceGrpc$RaftServerProtocolServiceBlockingStub.requestVote(RaftServerProtocolServiceGrpc.java:265)
	at org.apache.ratis.grpc.server.GrpcServerProtocolClient.requestVote(GrpcServerProtocolClient.java:99)
	at org.apache.ratis.grpc.server.GrpcService.requestVote(GrpcService.java:204)
	at org.apache.ratis.server.impl.LeaderElection.lambda$submitRequests$1(LeaderElection.java:234)
	at java.util.concurrent.FutureTask.run(FutureTask.java:266)
	at java.util.concurrent.Executors$RunnableAdapter.call(Executors.java:511)
	at java.util.concurrent.FutureTask.run(FutureTask.java:266)
	at java.util.concurrent.ThreadPoolExecutor.runWorker(ThreadPoolExecutor.java:1149)
	at java.util.concurrent.ThreadPoolExecutor$Worker.run(ThreadPoolExecutor.java:624)
	... 1 more
Caused by: org.apache.ratis.thirdparty.io.netty.channel.AbstractChannel$AnnotatedConnectException: Connection refused: /192.168.157.194:41166
	at sun.nio.ch.SocketChannelImpl.checkConnect(Native Method)
	at sun.nio.ch.SocketChannelImpl.finishConnect(SocketChannelImpl.java:717)
	at org.apache.ratis.thirdparty.io.netty.channel.socket.nio.NioSocketChannel.doFinishConnect(NioSocketChannel.java:327)
	at org.apache.ratis.thirdparty.io.netty.channel.nio.AbstractNioChannel$AbstractNioUnsafe.finishConnect(AbstractNioChannel.java:340)
	at org.apache.ratis.thirdparty.io.netty.channel.nio.NioEventLoop.processSelectedKey(NioEventLoop.java:632)
	at org.apache.ratis.thirdparty.io.netty.channel.nio.NioEventLoop.processSelectedKeysOptimized(NioEventLoop.java:579)
	at org.apache.ratis.thirdparty.io.netty.channel.nio.NioEventLoop.processSelectedKeys(NioEventLoop.java:496)
	at org.apache.ratis.thirdparty.io.netty.channel.nio.NioEventLoop.run(NioEventLoop.java:458)
	at org.apache.ratis.thirdparty.io.netty.util.concurrent.SingleThreadEventExecutor$5.run(SingleThreadEventExecutor.java:897)
	at org.apache.ratis.thirdparty.io.netty.util.concurrent.FastThreadLocalRunnable.run(FastThreadLocalRunnable.java:30)
	... 1 more
Caused by: java.net.ConnectException: Connection refused
	... 11 more
2019-11-14 17:39:37,814 [d0c52919-9387-42b7-9191-3f4b0bb9b568@group-28F059BB15A6-LeaderElection243] INFO  impl.LeaderElection (LogUtils.java:infoOrTrace(149)) -   Exception 1: {}
java.util.concurrent.ExecutionException: org.apache.ratis.thirdparty.io.grpc.StatusRuntimeException: UNAVAILABLE: io exception
	at java.util.concurrent.FutureTask.report(FutureTask.java:122)
	at java.util.concurrent.FutureTask.get(FutureTask.java:192)
	at org.apache.ratis.server.impl.LeaderElection.waitForResults(LeaderElection.java:259)
	at org.apache.ratis.server.impl.LeaderElection.askForVotes(LeaderElection.java:197)
	at org.apache.ratis.server.impl.LeaderElection.run(LeaderElection.java:133)
	at java.lang.Thread.run(Thread.java:748)
Caused by: org.apache.ratis.thirdparty.io.grpc.StatusRuntimeException: UNAVAILABLE: io exception
	at org.apache.ratis.thirdparty.io.grpc.stub.ClientCalls.toStatusRuntimeException(ClientCalls.java:233)
	at org.apache.ratis.thirdparty.io.grpc.stub.ClientCalls.getUnchecked(ClientCalls.java:214)
	at org.apache.ratis.thirdparty.io.grpc.stub.ClientCalls.blockingUnaryCall(ClientCalls.java:139)
	at org.apache.ratis.proto.grpc.RaftServerProtocolServiceGrpc$RaftServerProtocolServiceBlockingStub.requestVote(RaftServerProtocolServiceGrpc.java:265)
	at org.apache.ratis.grpc.server.GrpcServerProtocolClient.requestVote(GrpcServerProtocolClient.java:99)
	at org.apache.ratis.grpc.server.GrpcService.requestVote(GrpcService.java:204)
	at org.apache.ratis.server.impl.LeaderElection.lambda$submitRequests$1(LeaderElection.java:234)
	at java.util.concurrent.FutureTask.run(FutureTask.java:266)
	at java.util.concurrent.Executors$RunnableAdapter.call(Executors.java:511)
	at java.util.concurrent.FutureTask.run(FutureTask.java:266)
	at java.util.concurrent.ThreadPoolExecutor.runWorker(ThreadPoolExecutor.java:1149)
	at java.util.concurrent.ThreadPoolExecutor$Worker.run(ThreadPoolExecutor.java:624)
	... 1 more
Caused by: org.apache.ratis.thirdparty.io.netty.channel.AbstractChannel$AnnotatedConnectException: Connection refused: /192.168.157.194:33976
	at sun.nio.ch.SocketChannelImpl.checkConnect(Native Method)
	at sun.nio.ch.SocketChannelImpl.finishConnect(SocketChannelImpl.java:717)
	at org.apache.ratis.thirdparty.io.netty.channel.socket.nio.NioSocketChannel.doFinishConnect(NioSocketChannel.java:327)
	at org.apache.ratis.thirdparty.io.netty.channel.nio.AbstractNioChannel$AbstractNioUnsafe.finishConnect(AbstractNioChannel.java:340)
	at org.apache.ratis.thirdparty.io.netty.channel.nio.NioEventLoop.processSelectedKey(NioEventLoop.java:632)
	at org.apache.ratis.thirdparty.io.netty.channel.nio.NioEventLoop.processSelectedKeysOptimized(NioEventLoop.java:579)
	at org.apache.ratis.thirdparty.io.netty.channel.nio.NioEventLoop.processSelectedKeys(NioEventLoop.java:496)
	at org.apache.ratis.thirdparty.io.netty.channel.nio.NioEventLoop.run(NioEventLoop.java:458)
	at org.apache.ratis.thirdparty.io.netty.util.concurrent.SingleThreadEventExecutor$5.run(SingleThreadEventExecutor.java:897)
	at org.apache.ratis.thirdparty.io.netty.util.concurrent.FastThreadLocalRunnable.run(FastThreadLocalRunnable.java:30)
	... 1 more
Caused by: java.net.ConnectException: Connection refused
	... 11 more
2019-11-14 17:39:37,815 [d0c52919-9387-42b7-9191-3f4b0bb9b568@group-28F059BB15A6-LeaderElection243] INFO  impl.RaftServerImpl (RaftServerImpl.java:setRole(173)) - d0c52919-9387-42b7-9191-3f4b0bb9b568@group-28F059BB15A6: changes role from CANDIDATE to FOLLOWER at term 5 for DISCOVERED_A_NEW_TERM
2019-11-14 17:39:37,815 [d0c52919-9387-42b7-9191-3f4b0bb9b568@group-28F059BB15A6-LeaderElection243] INFO  impl.RoleInfo (RoleInfo.java:shutdownLeaderElection(134)) - d0c52919-9387-42b7-9191-3f4b0bb9b568: shutdown LeaderElection
2019-11-14 17:39:37,815 [d0c52919-9387-42b7-9191-3f4b0bb9b568@group-28F059BB15A6-LeaderElection243] INFO  impl.RoleInfo (RoleInfo.java:updateAndGet(143)) - d0c52919-9387-42b7-9191-3f4b0bb9b568: start FollowerState
2019-11-14 17:39:37,900 [grpc-default-executor-2] WARN  server.GrpcLogAppender (LogUtils.java:warn(134)) - 9f70b324-be48-4d43-8f47-cd647748f9c6@group-8A7698DEED1E->4fcb6245-7b52-48ea-a68b-fda0132084cd-AppendLogResponseHandler: Failed appendEntries: org.apache.ratis.thirdparty.io.grpc.StatusRuntimeException: UNAVAILABLE: io exception
2019-11-14 17:39:37,900 [grpc-default-executor-2] INFO  impl.FollowerInfo (FollowerInfo.java:lambda$new$0(51)) - 9f70b324-be48-4d43-8f47-cd647748f9c6@group-8A7698DEED1E->4fcb6245-7b52-48ea-a68b-fda0132084cd: nextIndex: updateUnconditionally 0 -> 0
2019-11-14 17:39:37,906 [grpc-default-executor-7] WARN  server.GrpcLogAppender (LogUtils.java:warn(134)) - 9f70b324-be48-4d43-8f47-cd647748f9c6@group-8A7698DEED1E->1e2d7e4d-6af1-461d-8b85-f444d5672a79-AppendLogResponseHandler: Failed appendEntries: org.apache.ratis.thirdparty.io.grpc.StatusRuntimeException: UNAVAILABLE: io exception
2019-11-14 17:39:37,906 [grpc-default-executor-7] INFO  impl.FollowerInfo (FollowerInfo.java:lambda$new$0(51)) - 9f70b324-be48-4d43-8f47-cd647748f9c6@group-8A7698DEED1E->1e2d7e4d-6af1-461d-8b85-f444d5672a79: nextIndex: updateUnconditionally 1 -> 0
2019-11-14 17:39:38,403 [grpc-default-executor-7] WARN  server.GrpcLogAppender (LogUtils.java:warn(134)) - 9f70b324-be48-4d43-8f47-cd647748f9c6@group-8A7698DEED1E->4fcb6245-7b52-48ea-a68b-fda0132084cd-AppendLogResponseHandler: Failed appendEntries: org.apache.ratis.thirdparty.io.grpc.StatusRuntimeException: UNAVAILABLE: io exception
2019-11-14 17:39:38,404 [grpc-default-executor-7] INFO  impl.FollowerInfo (FollowerInfo.java:lambda$new$0(51)) - 9f70b324-be48-4d43-8f47-cd647748f9c6@group-8A7698DEED1E->4fcb6245-7b52-48ea-a68b-fda0132084cd: nextIndex: updateUnconditionally 0 -> 0
2019-11-14 17:39:38,406 [grpc-default-executor-2] WARN  server.GrpcLogAppender (LogUtils.java:warn(134)) - 9f70b324-be48-4d43-8f47-cd647748f9c6@group-8A7698DEED1E->1e2d7e4d-6af1-461d-8b85-f444d5672a79-AppendLogResponseHandler: Failed appendEntries: org.apache.ratis.thirdparty.io.grpc.StatusRuntimeException: UNAVAILABLE: io exception
2019-11-14 17:39:38,407 [grpc-default-executor-2] INFO  impl.FollowerInfo (FollowerInfo.java:lambda$new$0(51)) - 9f70b324-be48-4d43-8f47-cd647748f9c6@group-8A7698DEED1E->1e2d7e4d-6af1-461d-8b85-f444d5672a79: nextIndex: updateUnconditionally 0 -> 0
2019-11-14 17:39:38,674 [Thread-4344] INFO  impl.FollowerState (FollowerState.java:run(111)) - 00aa4e63-81eb-4c33-a32e-b28e61c28a6d@group-B209632AD019-FollowerState: change to CANDIDATE, lastRpcTime:1197ms, electionTimeout:1197ms
2019-11-14 17:39:38,674 [Thread-4344] INFO  impl.RoleInfo (RoleInfo.java:shutdownFollowerState(121)) - 00aa4e63-81eb-4c33-a32e-b28e61c28a6d: shutdown FollowerState
2019-11-14 17:39:38,675 [Thread-4344] INFO  impl.RaftServerImpl (RaftServerImpl.java:setRole(173)) - 00aa4e63-81eb-4c33-a32e-b28e61c28a6d@group-B209632AD019: changes role from  FOLLOWER to CANDIDATE at term 12 for changeToCandidate
2019-11-14 17:39:38,675 [Thread-4344] INFO  impl.RoleInfo (RoleInfo.java:updateAndGet(143)) - 00aa4e63-81eb-4c33-a32e-b28e61c28a6d: start LeaderElection
2019-11-14 17:39:38,701 [00aa4e63-81eb-4c33-a32e-b28e61c28a6d@group-B209632AD019-LeaderElection244] INFO  impl.LeaderElection (LeaderElection.java:askForVotes(178)) - 00aa4e63-81eb-4c33-a32e-b28e61c28a6d@group-B209632AD019-LeaderElection244: begin an election at term 13 for 0: [00aa4e63-81eb-4c33-a32e-b28e61c28a6d:192.168.157.194:43947, da9d3605-d5bb-4af4-b35f-64e6f231f8df:192.168.157.194:36645, 9c88a047-7f73-4111-bf87-fe029dccbce6:192.168.157.194:46499], old=null
2019-11-14 17:39:38,703 [00aa4e63-81eb-4c33-a32e-b28e61c28a6d@group-B209632AD019-LeaderElection244] INFO  impl.LeaderElection (LogUtils.java:infoOrTrace(149)) - 00aa4e63-81eb-4c33-a32e-b28e61c28a6d@group-B209632AD019-LeaderElection244 got exception when requesting votes: {}
java.util.concurrent.ExecutionException: org.apache.ratis.thirdparty.io.grpc.StatusRuntimeException: UNAVAILABLE: io exception
	at java.util.concurrent.FutureTask.report(FutureTask.java:122)
	at java.util.concurrent.FutureTask.get(FutureTask.java:192)
	at org.apache.ratis.server.impl.LeaderElection.waitForResults(LeaderElection.java:259)
	at org.apache.ratis.server.impl.LeaderElection.askForVotes(LeaderElection.java:197)
	at org.apache.ratis.server.impl.LeaderElection.run(LeaderElection.java:133)
	at java.lang.Thread.run(Thread.java:748)
Caused by: org.apache.ratis.thirdparty.io.grpc.StatusRuntimeException: UNAVAILABLE: io exception
	at org.apache.ratis.thirdparty.io.grpc.stub.ClientCalls.toStatusRuntimeException(ClientCalls.java:233)
	at org.apache.ratis.thirdparty.io.grpc.stub.ClientCalls.getUnchecked(ClientCalls.java:214)
	at org.apache.ratis.thirdparty.io.grpc.stub.ClientCalls.blockingUnaryCall(ClientCalls.java:139)
	at org.apache.ratis.proto.grpc.RaftServerProtocolServiceGrpc$RaftServerProtocolServiceBlockingStub.requestVote(RaftServerProtocolServiceGrpc.java:265)
	at org.apache.ratis.grpc.server.GrpcServerProtocolClient.requestVote(GrpcServerProtocolClient.java:99)
	at org.apache.ratis.grpc.server.GrpcService.requestVote(GrpcService.java:204)
	at org.apache.ratis.server.impl.LeaderElection.lambda$submitRequests$1(LeaderElection.java:234)
	at java.util.concurrent.FutureTask.run(FutureTask.java:266)
	at java.util.concurrent.Executors$RunnableAdapter.call(Executors.java:511)
	at java.util.concurrent.FutureTask.run(FutureTask.java:266)
	at java.util.concurrent.ThreadPoolExecutor.runWorker(ThreadPoolExecutor.java:1149)
	at java.util.concurrent.ThreadPoolExecutor$Worker.run(ThreadPoolExecutor.java:624)
	... 1 more
Caused by: org.apache.ratis.thirdparty.io.netty.channel.AbstractChannel$AnnotatedConnectException: Connection refused: /192.168.157.194:36645
	at sun.nio.ch.SocketChannelImpl.checkConnect(Native Method)
	at sun.nio.ch.SocketChannelImpl.finishConnect(SocketChannelImpl.java:717)
	at org.apache.ratis.thirdparty.io.netty.channel.socket.nio.NioSocketChannel.doFinishConnect(NioSocketChannel.java:327)
	at org.apache.ratis.thirdparty.io.netty.channel.nio.AbstractNioChannel$AbstractNioUnsafe.finishConnect(AbstractNioChannel.java:340)
	at org.apache.ratis.thirdparty.io.netty.channel.nio.NioEventLoop.processSelectedKey(NioEventLoop.java:632)
	at org.apache.ratis.thirdparty.io.netty.channel.nio.NioEventLoop.processSelectedKeysOptimized(NioEventLoop.java:579)
	at org.apache.ratis.thirdparty.io.netty.channel.nio.NioEventLoop.processSelectedKeys(NioEventLoop.java:496)
	at org.apache.ratis.thirdparty.io.netty.channel.nio.NioEventLoop.run(NioEventLoop.java:458)
	at org.apache.ratis.thirdparty.io.netty.util.concurrent.SingleThreadEventExecutor$5.run(SingleThreadEventExecutor.java:897)
	at org.apache.ratis.thirdparty.io.netty.util.concurrent.FastThreadLocalRunnable.run(FastThreadLocalRunnable.java:30)
	... 1 more
Caused by: java.net.ConnectException: Connection refused
	... 11 more
2019-11-14 17:39:38,704 [00aa4e63-81eb-4c33-a32e-b28e61c28a6d@group-B209632AD019-LeaderElection244] INFO  impl.LeaderElection (LogUtils.java:infoOrTrace(149)) - 00aa4e63-81eb-4c33-a32e-b28e61c28a6d@group-B209632AD019-LeaderElection244 got exception when requesting votes: {}
java.util.concurrent.ExecutionException: org.apache.ratis.thirdparty.io.grpc.StatusRuntimeException: UNAVAILABLE: io exception
	at java.util.concurrent.FutureTask.report(FutureTask.java:122)
	at java.util.concurrent.FutureTask.get(FutureTask.java:192)
	at org.apache.ratis.server.impl.LeaderElection.waitForResults(LeaderElection.java:259)
	at org.apache.ratis.server.impl.LeaderElection.askForVotes(LeaderElection.java:197)
	at org.apache.ratis.server.impl.LeaderElection.run(LeaderElection.java:133)
	at java.lang.Thread.run(Thread.java:748)
Caused by: org.apache.ratis.thirdparty.io.grpc.StatusRuntimeException: UNAVAILABLE: io exception
	at org.apache.ratis.thirdparty.io.grpc.stub.ClientCalls.toStatusRuntimeException(ClientCalls.java:233)
	at org.apache.ratis.thirdparty.io.grpc.stub.ClientCalls.getUnchecked(ClientCalls.java:214)
	at org.apache.ratis.thirdparty.io.grpc.stub.ClientCalls.blockingUnaryCall(ClientCalls.java:139)
	at org.apache.ratis.proto.grpc.RaftServerProtocolServiceGrpc$RaftServerProtocolServiceBlockingStub.requestVote(RaftServerProtocolServiceGrpc.java:265)
	at org.apache.ratis.grpc.server.GrpcServerProtocolClient.requestVote(GrpcServerProtocolClient.java:99)
	at org.apache.ratis.grpc.server.GrpcService.requestVote(GrpcService.java:204)
	at org.apache.ratis.server.impl.LeaderElection.lambda$submitRequests$1(LeaderElection.java:234)
	at java.util.concurrent.FutureTask.run(FutureTask.java:266)
	at java.util.concurrent.Executors$RunnableAdapter.call(Executors.java:511)
	at java.util.concurrent.FutureTask.run(FutureTask.java:266)
	at java.util.concurrent.ThreadPoolExecutor.runWorker(ThreadPoolExecutor.java:1149)
	at java.util.concurrent.ThreadPoolExecutor$Worker.run(ThreadPoolExecutor.java:624)
	... 1 more
Caused by: org.apache.ratis.thirdparty.io.netty.channel.AbstractChannel$AnnotatedConnectException: Connection refused: /192.168.157.194:46499
	at sun.nio.ch.SocketChannelImpl.checkConnect(Native Method)
	at sun.nio.ch.SocketChannelImpl.finishConnect(SocketChannelImpl.java:717)
	at org.apache.ratis.thirdparty.io.netty.channel.socket.nio.NioSocketChannel.doFinishConnect(NioSocketChannel.java:327)
	at org.apache.ratis.thirdparty.io.netty.channel.nio.AbstractNioChannel$AbstractNioUnsafe.finishConnect(AbstractNioChannel.java:340)
	at org.apache.ratis.thirdparty.io.netty.channel.nio.NioEventLoop.processSelectedKey(NioEventLoop.java:632)
	at org.apache.ratis.thirdparty.io.netty.channel.nio.NioEventLoop.processSelectedKeysOptimized(NioEventLoop.java:579)
	at org.apache.ratis.thirdparty.io.netty.channel.nio.NioEventLoop.processSelectedKeys(NioEventLoop.java:496)
	at org.apache.ratis.thirdparty.io.netty.channel.nio.NioEventLoop.run(NioEventLoop.java:458)
	at org.apache.ratis.thirdparty.io.netty.util.concurrent.SingleThreadEventExecutor$5.run(SingleThreadEventExecutor.java:897)
	at org.apache.ratis.thirdparty.io.netty.util.concurrent.FastThreadLocalRunnable.run(FastThreadLocalRunnable.java:30)
	... 1 more
Caused by: java.net.ConnectException: Connection refused
	... 11 more
2019-11-14 17:39:38,705 [00aa4e63-81eb-4c33-a32e-b28e61c28a6d@group-B209632AD019-LeaderElection244] INFO  impl.LeaderElection (LeaderElection.java:logAndReturn(56)) - 00aa4e63-81eb-4c33-a32e-b28e61c28a6d@group-B209632AD019-LeaderElection244: Election REJECTED; received 0 response(s) [] and 2 exception(s); 00aa4e63-81eb-4c33-a32e-b28e61c28a6d@group-B209632AD019:t13, leader=null, voted=00aa4e63-81eb-4c33-a32e-b28e61c28a6d, raftlog=00aa4e63-81eb-4c33-a32e-b28e61c28a6d@group-B209632AD019-SegmentedRaftLog:OPENED:c0,f0,i0, conf=0: [00aa4e63-81eb-4c33-a32e-b28e61c28a6d:192.168.157.194:43947, da9d3605-d5bb-4af4-b35f-64e6f231f8df:192.168.157.194:36645, 9c88a047-7f73-4111-bf87-fe029dccbce6:192.168.157.194:46499], old=null
2019-11-14 17:39:38,705 [00aa4e63-81eb-4c33-a32e-b28e61c28a6d@group-B209632AD019-LeaderElection244] INFO  impl.LeaderElection (LogUtils.java:infoOrTrace(149)) -   Exception 0: {}
java.util.concurrent.ExecutionException: org.apache.ratis.thirdparty.io.grpc.StatusRuntimeException: UNAVAILABLE: io exception
	at java.util.concurrent.FutureTask.report(FutureTask.java:122)
	at java.util.concurrent.FutureTask.get(FutureTask.java:192)
	at org.apache.ratis.server.impl.LeaderElection.waitForResults(LeaderElection.java:259)
	at org.apache.ratis.server.impl.LeaderElection.askForVotes(LeaderElection.java:197)
	at org.apache.ratis.server.impl.LeaderElection.run(LeaderElection.java:133)
	at java.lang.Thread.run(Thread.java:748)
Caused by: org.apache.ratis.thirdparty.io.grpc.StatusRuntimeException: UNAVAILABLE: io exception
	at org.apache.ratis.thirdparty.io.grpc.stub.ClientCalls.toStatusRuntimeException(ClientCalls.java:233)
	at org.apache.ratis.thirdparty.io.grpc.stub.ClientCalls.getUnchecked(ClientCalls.java:214)
	at org.apache.ratis.thirdparty.io.grpc.stub.ClientCalls.blockingUnaryCall(ClientCalls.java:139)
	at org.apache.ratis.proto.grpc.RaftServerProtocolServiceGrpc$RaftServerProtocolServiceBlockingStub.requestVote(RaftServerProtocolServiceGrpc.java:265)
	at org.apache.ratis.grpc.server.GrpcServerProtocolClient.requestVote(GrpcServerProtocolClient.java:99)
	at org.apache.ratis.grpc.server.GrpcService.requestVote(GrpcService.java:204)
	at org.apache.ratis.server.impl.LeaderElection.lambda$submitRequests$1(LeaderElection.java:234)
	at java.util.concurrent.FutureTask.run(FutureTask.java:266)
	at java.util.concurrent.Executors$RunnableAdapter.call(Executors.java:511)
	at java.util.concurrent.FutureTask.run(FutureTask.java:266)
	at java.util.concurrent.ThreadPoolExecutor.runWorker(ThreadPoolExecutor.java:1149)
	at java.util.concurrent.ThreadPoolExecutor$Worker.run(ThreadPoolExecutor.java:624)
	... 1 more
Caused by: org.apache.ratis.thirdparty.io.netty.channel.AbstractChannel$AnnotatedConnectException: Connection refused: /192.168.157.194:36645
	at sun.nio.ch.SocketChannelImpl.checkConnect(Native Method)
	at sun.nio.ch.SocketChannelImpl.finishConnect(SocketChannelImpl.java:717)
	at org.apache.ratis.thirdparty.io.netty.channel.socket.nio.NioSocketChannel.doFinishConnect(NioSocketChannel.java:327)
	at org.apache.ratis.thirdparty.io.netty.channel.nio.AbstractNioChannel$AbstractNioUnsafe.finishConnect(AbstractNioChannel.java:340)
	at org.apache.ratis.thirdparty.io.netty.channel.nio.NioEventLoop.processSelectedKey(NioEventLoop.java:632)
	at org.apache.ratis.thirdparty.io.netty.channel.nio.NioEventLoop.processSelectedKeysOptimized(NioEventLoop.java:579)
	at org.apache.ratis.thirdparty.io.netty.channel.nio.NioEventLoop.processSelectedKeys(NioEventLoop.java:496)
	at org.apache.ratis.thirdparty.io.netty.channel.nio.NioEventLoop.run(NioEventLoop.java:458)
	at org.apache.ratis.thirdparty.io.netty.util.concurrent.SingleThreadEventExecutor$5.run(SingleThreadEventExecutor.java:897)
	at org.apache.ratis.thirdparty.io.netty.util.concurrent.FastThreadLocalRunnable.run(FastThreadLocalRunnable.java:30)
	... 1 more
Caused by: java.net.ConnectException: Connection refused
	... 11 more
2019-11-14 17:39:38,705 [00aa4e63-81eb-4c33-a32e-b28e61c28a6d@group-B209632AD019-LeaderElection244] INFO  impl.LeaderElection (LogUtils.java:infoOrTrace(149)) -   Exception 1: {}
java.util.concurrent.ExecutionException: org.apache.ratis.thirdparty.io.grpc.StatusRuntimeException: UNAVAILABLE: io exception
	at java.util.concurrent.FutureTask.report(FutureTask.java:122)
	at java.util.concurrent.FutureTask.get(FutureTask.java:192)
	at org.apache.ratis.server.impl.LeaderElection.waitForResults(LeaderElection.java:259)
	at org.apache.ratis.server.impl.LeaderElection.askForVotes(LeaderElection.java:197)
	at org.apache.ratis.server.impl.LeaderElection.run(LeaderElection.java:133)
	at java.lang.Thread.run(Thread.java:748)
Caused by: org.apache.ratis.thirdparty.io.grpc.StatusRuntimeException: UNAVAILABLE: io exception
	at org.apache.ratis.thirdparty.io.grpc.stub.ClientCalls.toStatusRuntimeException(ClientCalls.java:233)
	at org.apache.ratis.thirdparty.io.grpc.stub.ClientCalls.getUnchecked(ClientCalls.java:214)
	at org.apache.ratis.thirdparty.io.grpc.stub.ClientCalls.blockingUnaryCall(ClientCalls.java:139)
	at org.apache.ratis.proto.grpc.RaftServerProtocolServiceGrpc$RaftServerProtocolServiceBlockingStub.requestVote(RaftServerProtocolServiceGrpc.java:265)
	at org.apache.ratis.grpc.server.GrpcServerProtocolClient.requestVote(GrpcServerProtocolClient.java:99)
	at org.apache.ratis.grpc.server.GrpcService.requestVote(GrpcService.java:204)
	at org.apache.ratis.server.impl.LeaderElection.lambda$submitRequests$1(LeaderElection.java:234)
	at java.util.concurrent.FutureTask.run(FutureTask.java:266)
	at java.util.concurrent.Executors$RunnableAdapter.call(Executors.java:511)
	at java.util.concurrent.FutureTask.run(FutureTask.java:266)
	at java.util.concurrent.ThreadPoolExecutor.runWorker(ThreadPoolExecutor.java:1149)
	at java.util.concurrent.ThreadPoolExecutor$Worker.run(ThreadPoolExecutor.java:624)
	... 1 more
Caused by: org.apache.ratis.thirdparty.io.netty.channel.AbstractChannel$AnnotatedConnectException: Connection refused: /192.168.157.194:46499
	at sun.nio.ch.SocketChannelImpl.checkConnect(Native Method)
	at sun.nio.ch.SocketChannelImpl.finishConnect(SocketChannelImpl.java:717)
	at org.apache.ratis.thirdparty.io.netty.channel.socket.nio.NioSocketChannel.doFinishConnect(NioSocketChannel.java:327)
	at org.apache.ratis.thirdparty.io.netty.channel.nio.AbstractNioChannel$AbstractNioUnsafe.finishConnect(AbstractNioChannel.java:340)
	at org.apache.ratis.thirdparty.io.netty.channel.nio.NioEventLoop.processSelectedKey(NioEventLoop.java:632)
	at org.apache.ratis.thirdparty.io.netty.channel.nio.NioEventLoop.processSelectedKeysOptimized(NioEventLoop.java:579)
	at org.apache.ratis.thirdparty.io.netty.channel.nio.NioEventLoop.processSelectedKeys(NioEventLoop.java:496)
	at org.apache.ratis.thirdparty.io.netty.channel.nio.NioEventLoop.run(NioEventLoop.java:458)
	at org.apache.ratis.thirdparty.io.netty.util.concurrent.SingleThreadEventExecutor$5.run(SingleThreadEventExecutor.java:897)
	at org.apache.ratis.thirdparty.io.netty.util.concurrent.FastThreadLocalRunnable.run(FastThreadLocalRunnable.java:30)
	... 1 more
Caused by: java.net.ConnectException: Connection refused
	... 11 more
2019-11-14 17:39:38,706 [00aa4e63-81eb-4c33-a32e-b28e61c28a6d@group-B209632AD019-LeaderElection244] INFO  impl.RaftServerImpl (RaftServerImpl.java:setRole(173)) - 00aa4e63-81eb-4c33-a32e-b28e61c28a6d@group-B209632AD019: changes role from CANDIDATE to FOLLOWER at term 13 for DISCOVERED_A_NEW_TERM
2019-11-14 17:39:38,706 [00aa4e63-81eb-4c33-a32e-b28e61c28a6d@group-B209632AD019-LeaderElection244] INFO  impl.RoleInfo (RoleInfo.java:shutdownLeaderElection(134)) - 00aa4e63-81eb-4c33-a32e-b28e61c28a6d: shutdown LeaderElection
2019-11-14 17:39:38,706 [00aa4e63-81eb-4c33-a32e-b28e61c28a6d@group-B209632AD019-LeaderElection244] INFO  impl.RoleInfo (RoleInfo.java:updateAndGet(143)) - 00aa4e63-81eb-4c33-a32e-b28e61c28a6d: start FollowerState
2019-11-14 17:39:38,754 [main] INFO  ozoneimpl.OzoneContainer (OzoneContainer.java:stop(244)) - Attempting to stop container services.
2019-11-14 17:39:38,755 [main] INFO  impl.RaftServerProxy (RaftServerProxy.java:lambda$close$4(314)) - d0c52919-9387-42b7-9191-3f4b0bb9b568: close
2019-11-14 17:39:38,756 [main] INFO  impl.RaftServerImpl (RaftServerImpl.java:lambda$shutdown$3(250)) - d0c52919-9387-42b7-9191-3f4b0bb9b568@group-28F059BB15A6: shutdown
2019-11-14 17:39:38,756 [main] INFO  util.JmxRegister (JmxRegister.java:unregister(73)) - Successfully un-registered JMX Bean with object name Ratis:service=RaftServer,group=group-28F059BB15A6,id=d0c52919-9387-42b7-9191-3f4b0bb9b568
2019-11-14 17:39:38,756 [main] INFO  impl.RoleInfo (RoleInfo.java:shutdownFollowerState(121)) - d0c52919-9387-42b7-9191-3f4b0bb9b568: shutdown FollowerState
2019-11-14 17:39:38,757 [main] INFO  impl.StateMachineUpdater (StateMachineUpdater.java:stopAndJoin(136)) - d0c52919-9387-42b7-9191-3f4b0bb9b568@group-28F059BB15A6-StateMachineUpdater: set stopIndex = 2
2019-11-14 17:39:38,757 [Thread-4348] INFO  impl.FollowerState (FollowerState.java:run(120)) - d0c52919-9387-42b7-9191-3f4b0bb9b568@group-28F059BB15A6-FollowerState was interrupted: java.lang.InterruptedException: sleep interrupted
2019-11-14 17:39:38,757 [main] INFO  impl.RaftServerImpl (ServerState.java:close(387)) - d0c52919-9387-42b7-9191-3f4b0bb9b568@group-28F059BB15A6: closes. applyIndex: 2
2019-11-14 17:39:38,758 [d0c52919-9387-42b7-9191-3f4b0bb9b568@group-28F059BB15A6-SegmentedRaftLogWorker] INFO  segmented.SegmentedRaftLogWorker (SegmentedRaftLogWorker.java:run(316)) - d0c52919-9387-42b7-9191-3f4b0bb9b568@group-28F059BB15A6-SegmentedRaftLogWorker was interrupted, exiting. There are 0 tasks remaining in the queue.
2019-11-14 17:39:38,759 [main] INFO  segmented.SegmentedRaftLogWorker (SegmentedRaftLogWorker.java:close(224)) - d0c52919-9387-42b7-9191-3f4b0bb9b568@group-28F059BB15A6-SegmentedRaftLogWorker close()
2019-11-14 17:39:38,759 [main] INFO  impl.RaftServerImpl (RaftServerImpl.java:lambda$shutdown$3(250)) - d0c52919-9387-42b7-9191-3f4b0bb9b568@group-C178A2F4DAA1: shutdown
2019-11-14 17:39:38,759 [main] INFO  util.JmxRegister (JmxRegister.java:unregister(73)) - Successfully un-registered JMX Bean with object name Ratis:service=RaftServer,group=group-C178A2F4DAA1,id=d0c52919-9387-42b7-9191-3f4b0bb9b568
2019-11-14 17:39:38,759 [main] INFO  impl.RoleInfo (RoleInfo.java:shutdownLeaderState(104)) - d0c52919-9387-42b7-9191-3f4b0bb9b568: shutdown LeaderState
2019-11-14 17:39:38,760 [main] INFO  impl.PendingRequests (PendingRequests.java:sendNotLeaderResponses(206)) - d0c52919-9387-42b7-9191-3f4b0bb9b568@group-C178A2F4DAA1-PendingRequests: sendNotLeaderResponses
2019-11-14 17:39:38,760 [main] INFO  impl.StateMachineUpdater (StateMachineUpdater.java:stopAndJoin(136)) - d0c52919-9387-42b7-9191-3f4b0bb9b568@group-C178A2F4DAA1-StateMachineUpdater: set stopIndex = 0
2019-11-14 17:39:38,761 [main] INFO  impl.RaftServerImpl (ServerState.java:close(387)) - d0c52919-9387-42b7-9191-3f4b0bb9b568@group-C178A2F4DAA1: closes. applyIndex: 0
2019-11-14 17:39:38,761 [d0c52919-9387-42b7-9191-3f4b0bb9b568@group-C178A2F4DAA1-SegmentedRaftLogWorker] INFO  segmented.SegmentedRaftLogWorker (SegmentedRaftLogWorker.java:run(316)) - d0c52919-9387-42b7-9191-3f4b0bb9b568@group-C178A2F4DAA1-SegmentedRaftLogWorker was interrupted, exiting. There are 0 tasks remaining in the queue.
2019-11-14 17:39:38,761 [main] INFO  segmented.SegmentedRaftLogWorker (SegmentedRaftLogWorker.java:close(224)) - d0c52919-9387-42b7-9191-3f4b0bb9b568@group-C178A2F4DAA1-SegmentedRaftLogWorker close()
2019-11-14 17:39:38,762 [main] INFO  server.GrpcService (GrpcService.java:closeImpl(164)) - d0c52919-9387-42b7-9191-3f4b0bb9b568: shutdown server with port 42749 now
2019-11-14 17:39:38,762 [main] INFO  server.GrpcService (GrpcService.java:closeImpl(172)) - d0c52919-9387-42b7-9191-3f4b0bb9b568: shutdown server with port 42749 successfully
2019-11-14 17:39:38,768 [refreshUsed-/workdir/hadoop-ozone/integration-test/target/test-dir/MiniOzoneClusterImpl-76142843-c060-4c87-bf9f-3caeb3385afc/datanode-9/data/containers] WARN  fs.CachingGetSpaceUsed (CachingGetSpaceUsed.java:run(183)) - Thread Interrupted waiting to refresh disk information: sleep interrupted
2019-11-14 17:39:38,785 [main] INFO  utils.BackgroundService (BackgroundService.java:shutdown(151)) - Shutting down service BlockDeletingService
2019-11-14 17:39:38,789 [main] INFO  statemachine.DatanodeStateMachine (DatanodeStateMachine.java:stopDaemon(395)) - Ozone container server stopped.
2019-11-14 17:39:38,791 [main] INFO  handler.ContextHandler (ContextHandler.java:doStop(910)) - Stopped o.e.j.w.WebAppContext@13ef7fa1{/,null,UNAVAILABLE}{/hddsDatanode}
2019-11-14 17:39:38,792 [main] INFO  server.AbstractConnector (AbstractConnector.java:doStop(318)) - Stopped ServerConnector@23b1aa9{HTTP/1.1,[http/1.1]}{0.0.0.0:0}
2019-11-14 17:39:38,793 [main] INFO  handler.ContextHandler (ContextHandler.java:doStop(910)) - Stopped o.e.j.s.ServletContextHandler@59e7564b{/static,jar:file:/home/user/.m2/repository/org/apache/hadoop/hadoop-hdds-container-service/0.5.0-SNAPSHOT/hadoop-hdds-container-service-0.5.0-SNAPSHOT.jar!/webapps/static,UNAVAILABLE}
2019-11-14 17:39:38,793 [main] INFO  handler.ContextHandler (ContextHandler.java:doStop(910)) - Stopped o.e.j.s.ServletContextHandler@6793f752{/logs,file:///workdir/hadoop-ozone/integration-test/target/log,UNAVAILABLE}
2019-11-14 17:39:38,796 [ForkJoinPool.commonPool-worker-1] INFO  ozoneimpl.OzoneContainer (OzoneContainer.java:stop(244)) - Attempting to stop container services.
2019-11-14 17:39:38,797 [ForkJoinPool.commonPool-worker-1] INFO  impl.RaftServerProxy (RaftServerProxy.java:lambda$close$4(314)) - 9f70b324-be48-4d43-8f47-cd647748f9c6: close
2019-11-14 17:39:38,797 [ForkJoinPool.commonPool-worker-1] INFO  impl.RaftServerImpl (RaftServerImpl.java:lambda$shutdown$3(250)) - 9f70b324-be48-4d43-8f47-cd647748f9c6@group-82ECACBE1008: shutdown
2019-11-14 17:39:38,797 [ForkJoinPool.commonPool-worker-1] INFO  util.JmxRegister (JmxRegister.java:unregister(73)) - Successfully un-registered JMX Bean with object name Ratis:service=RaftServer,group=group-82ECACBE1008,id=9f70b324-be48-4d43-8f47-cd647748f9c6
2019-11-14 17:39:38,797 [ForkJoinPool.commonPool-worker-1] INFO  impl.RoleInfo (RoleInfo.java:shutdownLeaderState(104)) - 9f70b324-be48-4d43-8f47-cd647748f9c6: shutdown LeaderState
2019-11-14 17:39:38,797 [ForkJoinPool.commonPool-worker-1] INFO  impl.PendingRequests (PendingRequests.java:sendNotLeaderResponses(206)) - 9f70b324-be48-4d43-8f47-cd647748f9c6@group-82ECACBE1008-PendingRequests: sendNotLeaderResponses
2019-11-14 17:39:38,797 [ForkJoinPool.commonPool-worker-1] INFO  impl.StateMachineUpdater (StateMachineUpdater.java:stopAndJoin(136)) - 9f70b324-be48-4d43-8f47-cd647748f9c6@group-82ECACBE1008-StateMachineUpdater: set stopIndex = 0
2019-11-14 17:39:38,798 [ForkJoinPool.commonPool-worker-1] INFO  impl.RaftServerImpl (ServerState.java:close(387)) - 9f70b324-be48-4d43-8f47-cd647748f9c6@group-82ECACBE1008: closes. applyIndex: 0
2019-11-14 17:39:38,798 [9f70b324-be48-4d43-8f47-cd647748f9c6@group-82ECACBE1008-SegmentedRaftLogWorker] INFO  segmented.SegmentedRaftLogWorker (SegmentedRaftLogWorker.java:run(316)) - 9f70b324-be48-4d43-8f47-cd647748f9c6@group-82ECACBE1008-SegmentedRaftLogWorker was interrupted, exiting. There are 0 tasks remaining in the queue.
2019-11-14 17:39:38,798 [ForkJoinPool.commonPool-worker-1] INFO  segmented.SegmentedRaftLogWorker (SegmentedRaftLogWorker.java:close(224)) - 9f70b324-be48-4d43-8f47-cd647748f9c6@group-82ECACBE1008-SegmentedRaftLogWorker close()
2019-11-14 17:39:38,798 [ForkJoinPool.commonPool-worker-1] INFO  impl.RaftServerImpl (RaftServerImpl.java:lambda$shutdown$3(250)) - 9f70b324-be48-4d43-8f47-cd647748f9c6@group-8A7698DEED1E: shutdown
2019-11-14 17:39:38,798 [ForkJoinPool.commonPool-worker-1] INFO  util.JmxRegister (JmxRegister.java:unregister(73)) - Successfully un-registered JMX Bean with object name Ratis:service=RaftServer,group=group-8A7698DEED1E,id=9f70b324-be48-4d43-8f47-cd647748f9c6
2019-11-14 17:39:38,799 [ForkJoinPool.commonPool-worker-1] INFO  impl.RoleInfo (RoleInfo.java:shutdownLeaderState(104)) - 9f70b324-be48-4d43-8f47-cd647748f9c6: shutdown LeaderState
2019-11-14 17:39:38,800 [ForkJoinPool.commonPool-worker-1] INFO  impl.PendingRequests (PendingRequests.java:sendNotLeaderResponses(206)) - 9f70b324-be48-4d43-8f47-cd647748f9c6@group-8A7698DEED1E-PendingRequests: sendNotLeaderResponses
2019-11-14 17:39:38,801 [org.apache.ratis.server.impl.LogAppender$AppenderDaemon$$Lambda$459/712830018@4c4a95b3] WARN  server.GrpcLogAppender (GrpcLogAppender.java:mayWait(151)) - 9f70b324-be48-4d43-8f47-cd647748f9c6@group-8A7698DEED1E->4fcb6245-7b52-48ea-a68b-fda0132084cd-GrpcLogAppender: Wait interrupted by java.lang.InterruptedException
2019-11-14 17:39:38,801 [org.apache.ratis.server.impl.LogAppender$AppenderDaemon$$Lambda$459/712830018@75d4636a] WARN  server.GrpcLogAppender (GrpcLogAppender.java:mayWait(151)) - 9f70b324-be48-4d43-8f47-cd647748f9c6@group-8A7698DEED1E->1e2d7e4d-6af1-461d-8b85-f444d5672a79-GrpcLogAppender: Wait interrupted by java.lang.InterruptedException
2019-11-14 17:39:38,801 [ForkJoinPool.commonPool-worker-1] INFO  impl.StateMachineUpdater (StateMachineUpdater.java:stopAndJoin(136)) - 9f70b324-be48-4d43-8f47-cd647748f9c6@group-8A7698DEED1E-StateMachineUpdater: set stopIndex = 9
2019-11-14 17:39:38,801 [9f70b324-be48-4d43-8f47-cd647748f9c6@group-8A7698DEED1E-StateMachineUpdater] INFO  ratis.ContainerStateMachine (ContainerStateMachine.java:takeSnapshot(285)) - group-8A7698DEED1E: Taking a snapshot at:(t:3, i:4) file /workdir/hadoop-ozone/integration-test/target/test-dir/MiniOzoneClusterImpl-76142843-c060-4c87-bf9f-3caeb3385afc/datanode-1/data/ratis/0c7b9cf5-1cd8-4c88-851f-8a7698deed1e/sm/snapshot.3_4
2019-11-14 17:39:38,825 [9f70b324-be48-4d43-8f47-cd647748f9c6@group-8A7698DEED1E-StateMachineUpdater] INFO  ratis.ContainerStateMachine (ContainerStateMachine.java:takeSnapshot(296)) - group-8A7698DEED1E: Finished taking a snapshot at:(t:3, i:4) file:/workdir/hadoop-ozone/integration-test/target/test-dir/MiniOzoneClusterImpl-76142843-c060-4c87-bf9f-3caeb3385afc/datanode-1/data/ratis/0c7b9cf5-1cd8-4c88-851f-8a7698deed1e/sm/snapshot.3_4 time:24
2019-11-14 17:39:38,825 [9f70b324-be48-4d43-8f47-cd647748f9c6@group-8A7698DEED1E-StateMachineUpdater] INFO  impl.StateMachineUpdater (StateMachineUpdater.java:takeSnapshot(269)) - 9f70b324-be48-4d43-8f47-cd647748f9c6@group-8A7698DEED1E-StateMachineUpdater: Took a snapshot at index 4
2019-11-14 17:39:38,825 [9f70b324-be48-4d43-8f47-cd647748f9c6@group-8A7698DEED1E-StateMachineUpdater] INFO  impl.StateMachineUpdater (StateMachineUpdater.java:lambda$new$0(84)) - 9f70b324-be48-4d43-8f47-cd647748f9c6@group-8A7698DEED1E-StateMachineUpdater: snapshotIndex: updateIncreasingly -1 -> 4
2019-11-14 17:39:38,826 [9f70b324-be48-4d43-8f47-cd647748f9c6@group-8A7698DEED1E-StateMachineUpdater] INFO  ratis.ContainerStateMachine (ContainerStateMachine.java:takeSnapshot(285)) - group-8A7698DEED1E: Taking a snapshot at:(t:3, i:4) file /workdir/hadoop-ozone/integration-test/target/test-dir/MiniOzoneClusterImpl-76142843-c060-4c87-bf9f-3caeb3385afc/datanode-1/data/ratis/0c7b9cf5-1cd8-4c88-851f-8a7698deed1e/sm/snapshot.3_4
2019-11-14 17:39:38,848 [9f70b324-be48-4d43-8f47-cd647748f9c6@group-8A7698DEED1E-StateMachineUpdater] INFO  ratis.ContainerStateMachine (ContainerStateMachine.java:takeSnapshot(296)) - group-8A7698DEED1E: Finished taking a snapshot at:(t:3, i:4) file:/workdir/hadoop-ozone/integration-test/target/test-dir/MiniOzoneClusterImpl-76142843-c060-4c87-bf9f-3caeb3385afc/datanode-1/data/ratis/0c7b9cf5-1cd8-4c88-851f-8a7698deed1e/sm/snapshot.3_4 time:23
2019-11-14 17:39:38,848 [9f70b324-be48-4d43-8f47-cd647748f9c6@group-8A7698DEED1E-StateMachineUpdater] INFO  impl.StateMachineUpdater (StateMachineUpdater.java:takeSnapshot(269)) - 9f70b324-be48-4d43-8f47-cd647748f9c6@group-8A7698DEED1E-StateMachineUpdater: Took a snapshot at index 4
2019-11-14 17:39:38,848 [9f70b324-be48-4d43-8f47-cd647748f9c6@group-8A7698DEED1E-StateMachineUpdater] INFO  impl.StateMachineUpdater (StateMachineUpdater.java:lambda$new$0(84)) - 9f70b324-be48-4d43-8f47-cd647748f9c6@group-8A7698DEED1E-StateMachineUpdater: snapshotIndex: updateIncreasingly 4 -> 4
2019-11-14 17:39:38,849 [ForkJoinPool.commonPool-worker-1] INFO  impl.RaftServerImpl (ServerState.java:close(387)) - 9f70b324-be48-4d43-8f47-cd647748f9c6@group-8A7698DEED1E: closes. applyIndex: 9
2019-11-14 17:39:38,849 [9f70b324-be48-4d43-8f47-cd647748f9c6@group-8A7698DEED1E-SegmentedRaftLogWorker] INFO  segmented.SegmentedRaftLogWorker (SegmentedRaftLogWorker.java:run(316)) - 9f70b324-be48-4d43-8f47-cd647748f9c6@group-8A7698DEED1E-SegmentedRaftLogWorker was interrupted, exiting. There are 0 tasks remaining in the queue.
2019-11-14 17:39:38,850 [ForkJoinPool.commonPool-worker-1] INFO  segmented.SegmentedRaftLogWorker (SegmentedRaftLogWorker.java:close(224)) - 9f70b324-be48-4d43-8f47-cd647748f9c6@group-8A7698DEED1E-SegmentedRaftLogWorker close()
2019-11-14 17:39:38,850 [ForkJoinPool.commonPool-worker-1] INFO  server.GrpcService (GrpcService.java:closeImpl(164)) - 9f70b324-be48-4d43-8f47-cd647748f9c6: shutdown server with port 39672 now
2019-11-14 17:39:38,850 [ForkJoinPool.commonPool-worker-1] INFO  server.GrpcService (GrpcService.java:closeImpl(172)) - 9f70b324-be48-4d43-8f47-cd647748f9c6: shutdown server with port 39672 successfully
2019-11-14 17:39:38,852 [refreshUsed-/workdir/hadoop-ozone/integration-test/target/test-dir/MiniOzoneClusterImpl-76142843-c060-4c87-bf9f-3caeb3385afc/datanode-1/data/containers] WARN  fs.CachingGetSpaceUsed (CachingGetSpaceUsed.java:run(183)) - Thread Interrupted waiting to refresh disk information: sleep interrupted
2019-11-14 17:39:38,870 [ForkJoinPool.commonPool-worker-1] INFO  utils.BackgroundService (BackgroundService.java:shutdown(151)) - Shutting down service BlockDeletingService
2019-11-14 17:39:38,872 [ForkJoinPool.commonPool-worker-1] INFO  statemachine.DatanodeStateMachine (DatanodeStateMachine.java:stopDaemon(395)) - Ozone container server stopped.
2019-11-14 17:39:38,882 [ForkJoinPool.commonPool-worker-1] INFO  handler.ContextHandler (ContextHandler.java:doStop(910)) - Stopped o.e.j.w.WebAppContext@13f40d71{/,null,UNAVAILABLE}{/hddsDatanode}
2019-11-14 17:39:38,882 [ForkJoinPool.commonPool-worker-1] INFO  server.AbstractConnector (AbstractConnector.java:doStop(318)) - Stopped ServerConnector@73a845cb{HTTP/1.1,[http/1.1]}{0.0.0.0:0}
2019-11-14 17:39:38,883 [ForkJoinPool.commonPool-worker-1] INFO  handler.ContextHandler (ContextHandler.java:doStop(910)) - Stopped o.e.j.s.ServletContextHandler@4c4c7d6c{/static,jar:file:/home/user/.m2/repository/org/apache/hadoop/hadoop-hdds-container-service/0.5.0-SNAPSHOT/hadoop-hdds-container-service-0.5.0-SNAPSHOT.jar!/webapps/static,UNAVAILABLE}
2019-11-14 17:39:38,885 [ForkJoinPool.commonPool-worker-1] INFO  handler.ContextHandler (ContextHandler.java:doStop(910)) - Stopped o.e.j.s.ServletContextHandler@1edfedf1{/logs,file:///workdir/hadoop-ozone/integration-test/target/log,UNAVAILABLE}
2019-11-14 17:39:39,449 [Datanode State Machine Thread - 0] INFO  statemachine.DatanodeStateMachine (DatanodeStateMachine.java:lambda$startDaemon$0(350)) - Ozone container server started.
2019-11-14 17:39:39,712 [Thread-4352] INFO  impl.FollowerState (FollowerState.java:run(111)) - 00aa4e63-81eb-4c33-a32e-b28e61c28a6d@group-B209632AD019-FollowerState: change to CANDIDATE, lastRpcTime:1006ms, electionTimeout:1006ms
2019-11-14 17:39:39,713 [Thread-4352] INFO  impl.RoleInfo (RoleInfo.java:shutdownFollowerState(121)) - 00aa4e63-81eb-4c33-a32e-b28e61c28a6d: shutdown FollowerState
2019-11-14 17:39:39,713 [Thread-4352] INFO  impl.RaftServerImpl (RaftServerImpl.java:setRole(173)) - 00aa4e63-81eb-4c33-a32e-b28e61c28a6d@group-B209632AD019: changes role from  FOLLOWER to CANDIDATE at term 13 for changeToCandidate
2019-11-14 17:39:39,713 [Thread-4352] INFO  impl.RoleInfo (RoleInfo.java:updateAndGet(143)) - 00aa4e63-81eb-4c33-a32e-b28e61c28a6d: start LeaderElection
2019-11-14 17:39:39,737 [00aa4e63-81eb-4c33-a32e-b28e61c28a6d@group-B209632AD019-LeaderElection245] INFO  impl.LeaderElection (LeaderElection.java:askForVotes(178)) - 00aa4e63-81eb-4c33-a32e-b28e61c28a6d@group-B209632AD019-LeaderElection245: begin an election at term 14 for 0: [00aa4e63-81eb-4c33-a32e-b28e61c28a6d:192.168.157.194:43947, da9d3605-d5bb-4af4-b35f-64e6f231f8df:192.168.157.194:36645, 9c88a047-7f73-4111-bf87-fe029dccbce6:192.168.157.194:46499], old=null
2019-11-14 17:39:39,738 [00aa4e63-81eb-4c33-a32e-b28e61c28a6d@group-B209632AD019-LeaderElection245] INFO  impl.LeaderElection (LogUtils.java:infoOrTrace(149)) - 00aa4e63-81eb-4c33-a32e-b28e61c28a6d@group-B209632AD019-LeaderElection245 got exception when requesting votes: {}
java.util.concurrent.ExecutionException: org.apache.ratis.thirdparty.io.grpc.StatusRuntimeException: UNAVAILABLE: io exception
	at java.util.concurrent.FutureTask.report(FutureTask.java:122)
	at java.util.concurrent.FutureTask.get(FutureTask.java:192)
	at org.apache.ratis.server.impl.LeaderElection.waitForResults(LeaderElection.java:259)
	at org.apache.ratis.server.impl.LeaderElection.askForVotes(LeaderElection.java:197)
	at org.apache.ratis.server.impl.LeaderElection.run(LeaderElection.java:133)
	at java.lang.Thread.run(Thread.java:748)
Caused by: org.apache.ratis.thirdparty.io.grpc.StatusRuntimeException: UNAVAILABLE: io exception
	at org.apache.ratis.thirdparty.io.grpc.stub.ClientCalls.toStatusRuntimeException(ClientCalls.java:233)
	at org.apache.ratis.thirdparty.io.grpc.stub.ClientCalls.getUnchecked(ClientCalls.java:214)
	at org.apache.ratis.thirdparty.io.grpc.stub.ClientCalls.blockingUnaryCall(ClientCalls.java:139)
	at org.apache.ratis.proto.grpc.RaftServerProtocolServiceGrpc$RaftServerProtocolServiceBlockingStub.requestVote(RaftServerProtocolServiceGrpc.java:265)
	at org.apache.ratis.grpc.server.GrpcServerProtocolClient.requestVote(GrpcServerProtocolClient.java:99)
	at org.apache.ratis.grpc.server.GrpcService.requestVote(GrpcService.java:204)
	at org.apache.ratis.server.impl.LeaderElection.lambda$submitRequests$1(LeaderElection.java:234)
	at java.util.concurrent.FutureTask.run(FutureTask.java:266)
	at java.util.concurrent.Executors$RunnableAdapter.call(Executors.java:511)
	at java.util.concurrent.FutureTask.run(FutureTask.java:266)
	at java.util.concurrent.ThreadPoolExecutor.runWorker(ThreadPoolExecutor.java:1149)
	at java.util.concurrent.ThreadPoolExecutor$Worker.run(ThreadPoolExecutor.java:624)
	... 1 more
Caused by: org.apache.ratis.thirdparty.io.netty.channel.AbstractChannel$AnnotatedConnectException: Connection refused: /192.168.157.194:36645
	at sun.nio.ch.SocketChannelImpl.checkConnect(Native Method)
	at sun.nio.ch.SocketChannelImpl.finishConnect(SocketChannelImpl.java:717)
	at org.apache.ratis.thirdparty.io.netty.channel.socket.nio.NioSocketChannel.doFinishConnect(NioSocketChannel.java:327)
	at org.apache.ratis.thirdparty.io.netty.channel.nio.AbstractNioChannel$AbstractNioUnsafe.finishConnect(AbstractNioChannel.java:340)
	at org.apache.ratis.thirdparty.io.netty.channel.nio.NioEventLoop.processSelectedKey(NioEventLoop.java:632)
	at org.apache.ratis.thirdparty.io.netty.channel.nio.NioEventLoop.processSelectedKeysOptimized(NioEventLoop.java:579)
	at org.apache.ratis.thirdparty.io.netty.channel.nio.NioEventLoop.processSelectedKeys(NioEventLoop.java:496)
	at org.apache.ratis.thirdparty.io.netty.channel.nio.NioEventLoop.run(NioEventLoop.java:458)
	at org.apache.ratis.thirdparty.io.netty.util.concurrent.SingleThreadEventExecutor$5.run(SingleThreadEventExecutor.java:897)
	at org.apache.ratis.thirdparty.io.netty.util.concurrent.FastThreadLocalRunnable.run(FastThreadLocalRunnable.java:30)
	... 1 more
Caused by: java.net.ConnectException: Connection refused
	... 11 more
2019-11-14 17:39:39,738 [00aa4e63-81eb-4c33-a32e-b28e61c28a6d@group-B209632AD019-LeaderElection245] INFO  impl.LeaderElection (LogUtils.java:infoOrTrace(149)) - 00aa4e63-81eb-4c33-a32e-b28e61c28a6d@group-B209632AD019-LeaderElection245 got exception when requesting votes: {}
java.util.concurrent.ExecutionException: org.apache.ratis.thirdparty.io.grpc.StatusRuntimeException: UNAVAILABLE: io exception
	at java.util.concurrent.FutureTask.report(FutureTask.java:122)
	at java.util.concurrent.FutureTask.get(FutureTask.java:192)
	at org.apache.ratis.server.impl.LeaderElection.waitForResults(LeaderElection.java:259)
	at org.apache.ratis.server.impl.LeaderElection.askForVotes(LeaderElection.java:197)
	at org.apache.ratis.server.impl.LeaderElection.run(LeaderElection.java:133)
	at java.lang.Thread.run(Thread.java:748)
Caused by: org.apache.ratis.thirdparty.io.grpc.StatusRuntimeException: UNAVAILABLE: io exception
	at org.apache.ratis.thirdparty.io.grpc.stub.ClientCalls.toStatusRuntimeException(ClientCalls.java:233)
	at org.apache.ratis.thirdparty.io.grpc.stub.ClientCalls.getUnchecked(ClientCalls.java:214)
	at org.apache.ratis.thirdparty.io.grpc.stub.ClientCalls.blockingUnaryCall(ClientCalls.java:139)
	at org.apache.ratis.proto.grpc.RaftServerProtocolServiceGrpc$RaftServerProtocolServiceBlockingStub.requestVote(RaftServerProtocolServiceGrpc.java:265)
	at org.apache.ratis.grpc.server.GrpcServerProtocolClient.requestVote(GrpcServerProtocolClient.java:99)
	at org.apache.ratis.grpc.server.GrpcService.requestVote(GrpcService.java:204)
	at org.apache.ratis.server.impl.LeaderElection.lambda$submitRequests$1(LeaderElection.java:234)
	at java.util.concurrent.FutureTask.run(FutureTask.java:266)
	at java.util.concurrent.Executors$RunnableAdapter.call(Executors.java:511)
	at java.util.concurrent.FutureTask.run(FutureTask.java:266)
	at java.util.concurrent.ThreadPoolExecutor.runWorker(ThreadPoolExecutor.java:1149)
	at java.util.concurrent.ThreadPoolExecutor$Worker.run(ThreadPoolExecutor.java:624)
	... 1 more
Caused by: org.apache.ratis.thirdparty.io.netty.channel.AbstractChannel$AnnotatedConnectException: Connection refused: /192.168.157.194:46499
	at sun.nio.ch.SocketChannelImpl.checkConnect(Native Method)
	at sun.nio.ch.SocketChannelImpl.finishConnect(SocketChannelImpl.java:717)
	at org.apache.ratis.thirdparty.io.netty.channel.socket.nio.NioSocketChannel.doFinishConnect(NioSocketChannel.java:327)
	at org.apache.ratis.thirdparty.io.netty.channel.nio.AbstractNioChannel$AbstractNioUnsafe.finishConnect(AbstractNioChannel.java:340)
	at org.apache.ratis.thirdparty.io.netty.channel.nio.NioEventLoop.processSelectedKey(NioEventLoop.java:632)
	at org.apache.ratis.thirdparty.io.netty.channel.nio.NioEventLoop.processSelectedKeysOptimized(NioEventLoop.java:579)
	at org.apache.ratis.thirdparty.io.netty.channel.nio.NioEventLoop.processSelectedKeys(NioEventLoop.java:496)
	at org.apache.ratis.thirdparty.io.netty.channel.nio.NioEventLoop.run(NioEventLoop.java:458)
	at org.apache.ratis.thirdparty.io.netty.util.concurrent.SingleThreadEventExecutor$5.run(SingleThreadEventExecutor.java:897)
	at org.apache.ratis.thirdparty.io.netty.util.concurrent.FastThreadLocalRunnable.run(FastThreadLocalRunnable.java:30)
	... 1 more
Caused by: java.net.ConnectException: Connection refused
	... 11 more
2019-11-14 17:39:39,738 [00aa4e63-81eb-4c33-a32e-b28e61c28a6d@group-B209632AD019-LeaderElection245] INFO  impl.LeaderElection (LeaderElection.java:logAndReturn(56)) - 00aa4e63-81eb-4c33-a32e-b28e61c28a6d@group-B209632AD019-LeaderElection245: Election REJECTED; received 0 response(s) [] and 2 exception(s); 00aa4e63-81eb-4c33-a32e-b28e61c28a6d@group-B209632AD019:t14, leader=null, voted=00aa4e63-81eb-4c33-a32e-b28e61c28a6d, raftlog=00aa4e63-81eb-4c33-a32e-b28e61c28a6d@group-B209632AD019-SegmentedRaftLog:OPENED:c0,f0,i0, conf=0: [00aa4e63-81eb-4c33-a32e-b28e61c28a6d:192.168.157.194:43947, da9d3605-d5bb-4af4-b35f-64e6f231f8df:192.168.157.194:36645, 9c88a047-7f73-4111-bf87-fe029dccbce6:192.168.157.194:46499], old=null
2019-11-14 17:39:39,739 [00aa4e63-81eb-4c33-a32e-b28e61c28a6d@group-B209632AD019-LeaderElection245] INFO  impl.LeaderElection (LogUtils.java:infoOrTrace(149)) -   Exception 0: {}
java.util.concurrent.ExecutionException: org.apache.ratis.thirdparty.io.grpc.StatusRuntimeException: UNAVAILABLE: io exception
	at java.util.concurrent.FutureTask.report(FutureTask.java:122)
	at java.util.concurrent.FutureTask.get(FutureTask.java:192)
	at org.apache.ratis.server.impl.LeaderElection.waitForResults(LeaderElection.java:259)
	at org.apache.ratis.server.impl.LeaderElection.askForVotes(LeaderElection.java:197)
	at org.apache.ratis.server.impl.LeaderElection.run(LeaderElection.java:133)
	at java.lang.Thread.run(Thread.java:748)
Caused by: org.apache.ratis.thirdparty.io.grpc.StatusRuntimeException: UNAVAILABLE: io exception
	at org.apache.ratis.thirdparty.io.grpc.stub.ClientCalls.toStatusRuntimeException(ClientCalls.java:233)
	at org.apache.ratis.thirdparty.io.grpc.stub.ClientCalls.getUnchecked(ClientCalls.java:214)
	at org.apache.ratis.thirdparty.io.grpc.stub.ClientCalls.blockingUnaryCall(ClientCalls.java:139)
	at org.apache.ratis.proto.grpc.RaftServerProtocolServiceGrpc$RaftServerProtocolServiceBlockingStub.requestVote(RaftServerProtocolServiceGrpc.java:265)
	at org.apache.ratis.grpc.server.GrpcServerProtocolClient.requestVote(GrpcServerProtocolClient.java:99)
	at org.apache.ratis.grpc.server.GrpcService.requestVote(GrpcService.java:204)
	at org.apache.ratis.server.impl.LeaderElection.lambda$submitRequests$1(LeaderElection.java:234)
	at java.util.concurrent.FutureTask.run(FutureTask.java:266)
	at java.util.concurrent.Executors$RunnableAdapter.call(Executors.java:511)
	at java.util.concurrent.FutureTask.run(FutureTask.java:266)
	at java.util.concurrent.ThreadPoolExecutor.runWorker(ThreadPoolExecutor.java:1149)
	at java.util.concurrent.ThreadPoolExecutor$Worker.run(ThreadPoolExecutor.java:624)
	... 1 more
Caused by: org.apache.ratis.thirdparty.io.netty.channel.AbstractChannel$AnnotatedConnectException: Connection refused: /192.168.157.194:36645
	at sun.nio.ch.SocketChannelImpl.checkConnect(Native Method)
	at sun.nio.ch.SocketChannelImpl.finishConnect(SocketChannelImpl.java:717)
	at org.apache.ratis.thirdparty.io.netty.channel.socket.nio.NioSocketChannel.doFinishConnect(NioSocketChannel.java:327)
	at org.apache.ratis.thirdparty.io.netty.channel.nio.AbstractNioChannel$AbstractNioUnsafe.finishConnect(AbstractNioChannel.java:340)
	at org.apache.ratis.thirdparty.io.netty.channel.nio.NioEventLoop.processSelectedKey(NioEventLoop.java:632)
	at org.apache.ratis.thirdparty.io.netty.channel.nio.NioEventLoop.processSelectedKeysOptimized(NioEventLoop.java:579)
	at org.apache.ratis.thirdparty.io.netty.channel.nio.NioEventLoop.processSelectedKeys(NioEventLoop.java:496)
	at org.apache.ratis.thirdparty.io.netty.channel.nio.NioEventLoop.run(NioEventLoop.java:458)
	at org.apache.ratis.thirdparty.io.netty.util.concurrent.SingleThreadEventExecutor$5.run(SingleThreadEventExecutor.java:897)
	at org.apache.ratis.thirdparty.io.netty.util.concurrent.FastThreadLocalRunnable.run(FastThreadLocalRunnable.java:30)
	... 1 more
Caused by: java.net.ConnectException: Connection refused
	... 11 more
2019-11-14 17:39:39,739 [00aa4e63-81eb-4c33-a32e-b28e61c28a6d@group-B209632AD019-LeaderElection245] INFO  impl.LeaderElection (LogUtils.java:infoOrTrace(149)) -   Exception 1: {}
java.util.concurrent.ExecutionException: org.apache.ratis.thirdparty.io.grpc.StatusRuntimeException: UNAVAILABLE: io exception
	at java.util.concurrent.FutureTask.report(FutureTask.java:122)
	at java.util.concurrent.FutureTask.get(FutureTask.java:192)
	at org.apache.ratis.server.impl.LeaderElection.waitForResults(LeaderElection.java:259)
	at org.apache.ratis.server.impl.LeaderElection.askForVotes(LeaderElection.java:197)
	at org.apache.ratis.server.impl.LeaderElection.run(LeaderElection.java:133)
	at java.lang.Thread.run(Thread.java:748)
Caused by: org.apache.ratis.thirdparty.io.grpc.StatusRuntimeException: UNAVAILABLE: io exception
	at org.apache.ratis.thirdparty.io.grpc.stub.ClientCalls.toStatusRuntimeException(ClientCalls.java:233)
	at org.apache.ratis.thirdparty.io.grpc.stub.ClientCalls.getUnchecked(ClientCalls.java:214)
	at org.apache.ratis.thirdparty.io.grpc.stub.ClientCalls.blockingUnaryCall(ClientCalls.java:139)
	at org.apache.ratis.proto.grpc.RaftServerProtocolServiceGrpc$RaftServerProtocolServiceBlockingStub.requestVote(RaftServerProtocolServiceGrpc.java:265)
	at org.apache.ratis.grpc.server.GrpcServerProtocolClient.requestVote(GrpcServerProtocolClient.java:99)
	at org.apache.ratis.grpc.server.GrpcService.requestVote(GrpcService.java:204)
	at org.apache.ratis.server.impl.LeaderElection.lambda$submitRequests$1(LeaderElection.java:234)
	at java.util.concurrent.FutureTask.run(FutureTask.java:266)
	at java.util.concurrent.Executors$RunnableAdapter.call(Executors.java:511)
	at java.util.concurrent.FutureTask.run(FutureTask.java:266)
	at java.util.concurrent.ThreadPoolExecutor.runWorker(ThreadPoolExecutor.java:1149)
	at java.util.concurrent.ThreadPoolExecutor$Worker.run(ThreadPoolExecutor.java:624)
	... 1 more
Caused by: org.apache.ratis.thirdparty.io.netty.channel.AbstractChannel$AnnotatedConnectException: Connection refused: /192.168.157.194:46499
	at sun.nio.ch.SocketChannelImpl.checkConnect(Native Method)
	at sun.nio.ch.SocketChannelImpl.finishConnect(SocketChannelImpl.java:717)
	at org.apache.ratis.thirdparty.io.netty.channel.socket.nio.NioSocketChannel.doFinishConnect(NioSocketChannel.java:327)
	at org.apache.ratis.thirdparty.io.netty.channel.nio.AbstractNioChannel$AbstractNioUnsafe.finishConnect(AbstractNioChannel.java:340)
	at org.apache.ratis.thirdparty.io.netty.channel.nio.NioEventLoop.processSelectedKey(NioEventLoop.java:632)
	at org.apache.ratis.thirdparty.io.netty.channel.nio.NioEventLoop.processSelectedKeysOptimized(NioEventLoop.java:579)
	at org.apache.ratis.thirdparty.io.netty.channel.nio.NioEventLoop.processSelectedKeys(NioEventLoop.java:496)
	at org.apache.ratis.thirdparty.io.netty.channel.nio.NioEventLoop.run(NioEventLoop.java:458)
	at org.apache.ratis.thirdparty.io.netty.util.concurrent.SingleThreadEventExecutor$5.run(SingleThreadEventExecutor.java:897)
	at org.apache.ratis.thirdparty.io.netty.util.concurrent.FastThreadLocalRunnable.run(FastThreadLocalRunnable.java:30)
	... 1 more
Caused by: java.net.ConnectException: Connection refused
	... 11 more
2019-11-14 17:39:39,739 [00aa4e63-81eb-4c33-a32e-b28e61c28a6d@group-B209632AD019-LeaderElection245] INFO  impl.RaftServerImpl (RaftServerImpl.java:setRole(173)) - 00aa4e63-81eb-4c33-a32e-b28e61c28a6d@group-B209632AD019: changes role from CANDIDATE to FOLLOWER at term 14 for DISCOVERED_A_NEW_TERM
2019-11-14 17:39:39,739 [00aa4e63-81eb-4c33-a32e-b28e61c28a6d@group-B209632AD019-LeaderElection245] INFO  impl.RoleInfo (RoleInfo.java:shutdownLeaderElection(134)) - 00aa4e63-81eb-4c33-a32e-b28e61c28a6d: shutdown LeaderElection
2019-11-14 17:39:39,739 [00aa4e63-81eb-4c33-a32e-b28e61c28a6d@group-B209632AD019-LeaderElection245] INFO  impl.RoleInfo (RoleInfo.java:updateAndGet(143)) - 00aa4e63-81eb-4c33-a32e-b28e61c28a6d: start FollowerState
2019-11-14 17:39:40,819 [Thread-4356] INFO  impl.FollowerState (FollowerState.java:run(111)) - 00aa4e63-81eb-4c33-a32e-b28e61c28a6d@group-B209632AD019-FollowerState: change to CANDIDATE, lastRpcTime:1080ms, electionTimeout:1080ms
2019-11-14 17:39:40,820 [Thread-4356] INFO  impl.RoleInfo (RoleInfo.java:shutdownFollowerState(121)) - 00aa4e63-81eb-4c33-a32e-b28e61c28a6d: shutdown FollowerState
2019-11-14 17:39:40,820 [Thread-4356] INFO  impl.RaftServerImpl (RaftServerImpl.java:setRole(173)) - 00aa4e63-81eb-4c33-a32e-b28e61c28a6d@group-B209632AD019: changes role from  FOLLOWER to CANDIDATE at term 14 for changeToCandidate
2019-11-14 17:39:40,820 [Thread-4356] INFO  impl.RoleInfo (RoleInfo.java:updateAndGet(143)) - 00aa4e63-81eb-4c33-a32e-b28e61c28a6d: start LeaderElection
2019-11-14 17:39:40,850 [00aa4e63-81eb-4c33-a32e-b28e61c28a6d@group-B209632AD019-LeaderElection246] INFO  impl.LeaderElection (LeaderElection.java:askForVotes(178)) - 00aa4e63-81eb-4c33-a32e-b28e61c28a6d@group-B209632AD019-LeaderElection246: begin an election at term 15 for 0: [00aa4e63-81eb-4c33-a32e-b28e61c28a6d:192.168.157.194:43947, da9d3605-d5bb-4af4-b35f-64e6f231f8df:192.168.157.194:36645, 9c88a047-7f73-4111-bf87-fe029dccbce6:192.168.157.194:46499], old=null
2019-11-14 17:39:40,851 [00aa4e63-81eb-4c33-a32e-b28e61c28a6d@group-B209632AD019-LeaderElection246] INFO  impl.LeaderElection (LogUtils.java:infoOrTrace(149)) - 00aa4e63-81eb-4c33-a32e-b28e61c28a6d@group-B209632AD019-LeaderElection246 got exception when requesting votes: {}
java.util.concurrent.ExecutionException: org.apache.ratis.thirdparty.io.grpc.StatusRuntimeException: UNAVAILABLE: io exception
	at java.util.concurrent.FutureTask.report(FutureTask.java:122)
	at java.util.concurrent.FutureTask.get(FutureTask.java:192)
	at org.apache.ratis.server.impl.LeaderElection.waitForResults(LeaderElection.java:259)
	at org.apache.ratis.server.impl.LeaderElection.askForVotes(LeaderElection.java:197)
	at org.apache.ratis.server.impl.LeaderElection.run(LeaderElection.java:133)
	at java.lang.Thread.run(Thread.java:748)
Caused by: org.apache.ratis.thirdparty.io.grpc.StatusRuntimeException: UNAVAILABLE: io exception
	at org.apache.ratis.thirdparty.io.grpc.stub.ClientCalls.toStatusRuntimeException(ClientCalls.java:233)
	at org.apache.ratis.thirdparty.io.grpc.stub.ClientCalls.getUnchecked(ClientCalls.java:214)
	at org.apache.ratis.thirdparty.io.grpc.stub.ClientCalls.blockingUnaryCall(ClientCalls.java:139)
	at org.apache.ratis.proto.grpc.RaftServerProtocolServiceGrpc$RaftServerProtocolServiceBlockingStub.requestVote(RaftServerProtocolServiceGrpc.java:265)
	at org.apache.ratis.grpc.server.GrpcServerProtocolClient.requestVote(GrpcServerProtocolClient.java:99)
	at org.apache.ratis.grpc.server.GrpcService.requestVote(GrpcService.java:204)
	at org.apache.ratis.server.impl.LeaderElection.lambda$submitRequests$1(LeaderElection.java:234)
	at java.util.concurrent.FutureTask.run(FutureTask.java:266)
	at java.util.concurrent.Executors$RunnableAdapter.call(Executors.java:511)
	at java.util.concurrent.FutureTask.run(FutureTask.java:266)
	at java.util.concurrent.ThreadPoolExecutor.runWorker(ThreadPoolExecutor.java:1149)
	at java.util.concurrent.ThreadPoolExecutor$Worker.run(ThreadPoolExecutor.java:624)
	... 1 more
Caused by: org.apache.ratis.thirdparty.io.netty.channel.AbstractChannel$AnnotatedConnectException: Connection refused: /192.168.157.194:46499
	at sun.nio.ch.SocketChannelImpl.checkConnect(Native Method)
	at sun.nio.ch.SocketChannelImpl.finishConnect(SocketChannelImpl.java:717)
	at org.apache.ratis.thirdparty.io.netty.channel.socket.nio.NioSocketChannel.doFinishConnect(NioSocketChannel.java:327)
	at org.apache.ratis.thirdparty.io.netty.channel.nio.AbstractNioChannel$AbstractNioUnsafe.finishConnect(AbstractNioChannel.java:340)
	at org.apache.ratis.thirdparty.io.netty.channel.nio.NioEventLoop.processSelectedKey(NioEventLoop.java:632)
	at org.apache.ratis.thirdparty.io.netty.channel.nio.NioEventLoop.processSelectedKeysOptimized(NioEventLoop.java:579)
	at org.apache.ratis.thirdparty.io.netty.channel.nio.NioEventLoop.processSelectedKeys(NioEventLoop.java:496)
	at org.apache.ratis.thirdparty.io.netty.channel.nio.NioEventLoop.run(NioEventLoop.java:458)
	at org.apache.ratis.thirdparty.io.netty.util.concurrent.SingleThreadEventExecutor$5.run(SingleThreadEventExecutor.java:897)
	at org.apache.ratis.thirdparty.io.netty.util.concurrent.FastThreadLocalRunnable.run(FastThreadLocalRunnable.java:30)
	... 1 more
Caused by: java.net.ConnectException: Connection refused
	... 11 more
2019-11-14 17:39:40,852 [00aa4e63-81eb-4c33-a32e-b28e61c28a6d@group-B209632AD019-LeaderElection246] INFO  impl.LeaderElection (LogUtils.java:infoOrTrace(149)) - 00aa4e63-81eb-4c33-a32e-b28e61c28a6d@group-B209632AD019-LeaderElection246 got exception when requesting votes: {}
java.util.concurrent.ExecutionException: org.apache.ratis.thirdparty.io.grpc.StatusRuntimeException: UNAVAILABLE: io exception
	at java.util.concurrent.FutureTask.report(FutureTask.java:122)
	at java.util.concurrent.FutureTask.get(FutureTask.java:192)
	at org.apache.ratis.server.impl.LeaderElection.waitForResults(LeaderElection.java:259)
	at org.apache.ratis.server.impl.LeaderElection.askForVotes(LeaderElection.java:197)
	at org.apache.ratis.server.impl.LeaderElection.run(LeaderElection.java:133)
	at java.lang.Thread.run(Thread.java:748)
Caused by: org.apache.ratis.thirdparty.io.grpc.StatusRuntimeException: UNAVAILABLE: io exception
	at org.apache.ratis.thirdparty.io.grpc.stub.ClientCalls.toStatusRuntimeException(ClientCalls.java:233)
	at org.apache.ratis.thirdparty.io.grpc.stub.ClientCalls.getUnchecked(ClientCalls.java:214)
	at org.apache.ratis.thirdparty.io.grpc.stub.ClientCalls.blockingUnaryCall(ClientCalls.java:139)
	at org.apache.ratis.proto.grpc.RaftServerProtocolServiceGrpc$RaftServerProtocolServiceBlockingStub.requestVote(RaftServerProtocolServiceGrpc.java:265)
	at org.apache.ratis.grpc.server.GrpcServerProtocolClient.requestVote(GrpcServerProtocolClient.java:99)
	at org.apache.ratis.grpc.server.GrpcService.requestVote(GrpcService.java:204)
	at org.apache.ratis.server.impl.LeaderElection.lambda$submitRequests$1(LeaderElection.java:234)
	at java.util.concurrent.FutureTask.run(FutureTask.java:266)
	at java.util.concurrent.Executors$RunnableAdapter.call(Executors.java:511)
	at java.util.concurrent.FutureTask.run(FutureTask.java:266)
	at java.util.concurrent.ThreadPoolExecutor.runWorker(ThreadPoolExecutor.java:1149)
	at java.util.concurrent.ThreadPoolExecutor$Worker.run(ThreadPoolExecutor.java:624)
	... 1 more
Caused by: org.apache.ratis.thirdparty.io.netty.channel.AbstractChannel$AnnotatedConnectException: Connection refused: /192.168.157.194:36645
	at sun.nio.ch.SocketChannelImpl.checkConnect(Native Method)
	at sun.nio.ch.SocketChannelImpl.finishConnect(SocketChannelImpl.java:717)
	at org.apache.ratis.thirdparty.io.netty.channel.socket.nio.NioSocketChannel.doFinishConnect(NioSocketChannel.java:327)
	at org.apache.ratis.thirdparty.io.netty.channel.nio.AbstractNioChannel$AbstractNioUnsafe.finishConnect(AbstractNioChannel.java:340)
	at org.apache.ratis.thirdparty.io.netty.channel.nio.NioEventLoop.processSelectedKey(NioEventLoop.java:632)
	at org.apache.ratis.thirdparty.io.netty.channel.nio.NioEventLoop.processSelectedKeysOptimized(NioEventLoop.java:579)
	at org.apache.ratis.thirdparty.io.netty.channel.nio.NioEventLoop.processSelectedKeys(NioEventLoop.java:496)
	at org.apache.ratis.thirdparty.io.netty.channel.nio.NioEventLoop.run(NioEventLoop.java:458)
	at org.apache.ratis.thirdparty.io.netty.util.concurrent.SingleThreadEventExecutor$5.run(SingleThreadEventExecutor.java:897)
	at org.apache.ratis.thirdparty.io.netty.util.concurrent.FastThreadLocalRunnable.run(FastThreadLocalRunnable.java:30)
	... 1 more
Caused by: java.net.ConnectException: Connection refused
	... 11 more
2019-11-14 17:39:40,852 [00aa4e63-81eb-4c33-a32e-b28e61c28a6d@group-B209632AD019-LeaderElection246] INFO  impl.LeaderElection (LeaderElection.java:logAndReturn(56)) - 00aa4e63-81eb-4c33-a32e-b28e61c28a6d@group-B209632AD019-LeaderElection246: Election REJECTED; received 0 response(s) [] and 2 exception(s); 00aa4e63-81eb-4c33-a32e-b28e61c28a6d@group-B209632AD019:t15, leader=null, voted=00aa4e63-81eb-4c33-a32e-b28e61c28a6d, raftlog=00aa4e63-81eb-4c33-a32e-b28e61c28a6d@group-B209632AD019-SegmentedRaftLog:OPENED:c0,f0,i0, conf=0: [00aa4e63-81eb-4c33-a32e-b28e61c28a6d:192.168.157.194:43947, da9d3605-d5bb-4af4-b35f-64e6f231f8df:192.168.157.194:36645, 9c88a047-7f73-4111-bf87-fe029dccbce6:192.168.157.194:46499], old=null
2019-11-14 17:39:40,852 [00aa4e63-81eb-4c33-a32e-b28e61c28a6d@group-B209632AD019-LeaderElection246] INFO  impl.LeaderElection (LogUtils.java:infoOrTrace(149)) -   Exception 0: {}
java.util.concurrent.ExecutionException: org.apache.ratis.thirdparty.io.grpc.StatusRuntimeException: UNAVAILABLE: io exception
	at java.util.concurrent.FutureTask.report(FutureTask.java:122)
	at java.util.concurrent.FutureTask.get(FutureTask.java:192)
	at org.apache.ratis.server.impl.LeaderElection.waitForResults(LeaderElection.java:259)
	at org.apache.ratis.server.impl.LeaderElection.askForVotes(LeaderElection.java:197)
	at org.apache.ratis.server.impl.LeaderElection.run(LeaderElection.java:133)
	at java.lang.Thread.run(Thread.java:748)
Caused by: org.apache.ratis.thirdparty.io.grpc.StatusRuntimeException: UNAVAILABLE: io exception
	at org.apache.ratis.thirdparty.io.grpc.stub.ClientCalls.toStatusRuntimeException(ClientCalls.java:233)
	at org.apache.ratis.thirdparty.io.grpc.stub.ClientCalls.getUnchecked(ClientCalls.java:214)
	at org.apache.ratis.thirdparty.io.grpc.stub.ClientCalls.blockingUnaryCall(ClientCalls.java:139)
	at org.apache.ratis.proto.grpc.RaftServerProtocolServiceGrpc$RaftServerProtocolServiceBlockingStub.requestVote(RaftServerProtocolServiceGrpc.java:265)
	at org.apache.ratis.grpc.server.GrpcServerProtocolClient.requestVote(GrpcServerProtocolClient.java:99)
	at org.apache.ratis.grpc.server.GrpcService.requestVote(GrpcService.java:204)
	at org.apache.ratis.server.impl.LeaderElection.lambda$submitRequests$1(LeaderElection.java:234)
	at java.util.concurrent.FutureTask.run(FutureTask.java:266)
	at java.util.concurrent.Executors$RunnableAdapter.call(Executors.java:511)
	at java.util.concurrent.FutureTask.run(FutureTask.java:266)
	at java.util.concurrent.ThreadPoolExecutor.runWorker(ThreadPoolExecutor.java:1149)
	at java.util.concurrent.ThreadPoolExecutor$Worker.run(ThreadPoolExecutor.java:624)
	... 1 more
Caused by: org.apache.ratis.thirdparty.io.netty.channel.AbstractChannel$AnnotatedConnectException: Connection refused: /192.168.157.194:46499
	at sun.nio.ch.SocketChannelImpl.checkConnect(Native Method)
	at sun.nio.ch.SocketChannelImpl.finishConnect(SocketChannelImpl.java:717)
	at org.apache.ratis.thirdparty.io.netty.channel.socket.nio.NioSocketChannel.doFinishConnect(NioSocketChannel.java:327)
	at org.apache.ratis.thirdparty.io.netty.channel.nio.AbstractNioChannel$AbstractNioUnsafe.finishConnect(AbstractNioChannel.java:340)
	at org.apache.ratis.thirdparty.io.netty.channel.nio.NioEventLoop.processSelectedKey(NioEventLoop.java:632)
	at org.apache.ratis.thirdparty.io.netty.channel.nio.NioEventLoop.processSelectedKeysOptimized(NioEventLoop.java:579)
	at org.apache.ratis.thirdparty.io.netty.channel.nio.NioEventLoop.processSelectedKeys(NioEventLoop.java:496)
	at org.apache.ratis.thirdparty.io.netty.channel.nio.NioEventLoop.run(NioEventLoop.java:458)
	at org.apache.ratis.thirdparty.io.netty.util.concurrent.SingleThreadEventExecutor$5.run(SingleThreadEventExecutor.java:897)
	at org.apache.ratis.thirdparty.io.netty.util.concurrent.FastThreadLocalRunnable.run(FastThreadLocalRunnable.java:30)
	... 1 more
Caused by: java.net.ConnectException: Connection refused
	... 11 more
2019-11-14 17:39:40,853 [00aa4e63-81eb-4c33-a32e-b28e61c28a6d@group-B209632AD019-LeaderElection246] INFO  impl.LeaderElection (LogUtils.java:infoOrTrace(149)) -   Exception 1: {}
java.util.concurrent.ExecutionException: org.apache.ratis.thirdparty.io.grpc.StatusRuntimeException: UNAVAILABLE: io exception
	at java.util.concurrent.FutureTask.report(FutureTask.java:122)
	at java.util.concurrent.FutureTask.get(FutureTask.java:192)
	at org.apache.ratis.server.impl.LeaderElection.waitForResults(LeaderElection.java:259)
	at org.apache.ratis.server.impl.LeaderElection.askForVotes(LeaderElection.java:197)
	at org.apache.ratis.server.impl.LeaderElection.run(LeaderElection.java:133)
	at java.lang.Thread.run(Thread.java:748)
Caused by: org.apache.ratis.thirdparty.io.grpc.StatusRuntimeException: UNAVAILABLE: io exception
	at org.apache.ratis.thirdparty.io.grpc.stub.ClientCalls.toStatusRuntimeException(ClientCalls.java:233)
	at org.apache.ratis.thirdparty.io.grpc.stub.ClientCalls.getUnchecked(ClientCalls.java:214)
	at org.apache.ratis.thirdparty.io.grpc.stub.ClientCalls.blockingUnaryCall(ClientCalls.java:139)
	at org.apache.ratis.proto.grpc.RaftServerProtocolServiceGrpc$RaftServerProtocolServiceBlockingStub.requestVote(RaftServerProtocolServiceGrpc.java:265)
	at org.apache.ratis.grpc.server.GrpcServerProtocolClient.requestVote(GrpcServerProtocolClient.java:99)
	at org.apache.ratis.grpc.server.GrpcService.requestVote(GrpcService.java:204)
	at org.apache.ratis.server.impl.LeaderElection.lambda$submitRequests$1(LeaderElection.java:234)
	at java.util.concurrent.FutureTask.run(FutureTask.java:266)
	at java.util.concurrent.Executors$RunnableAdapter.call(Executors.java:511)
	at java.util.concurrent.FutureTask.run(FutureTask.java:266)
	at java.util.concurrent.ThreadPoolExecutor.runWorker(ThreadPoolExecutor.java:1149)
	at java.util.concurrent.ThreadPoolExecutor$Worker.run(ThreadPoolExecutor.java:624)
	... 1 more
Caused by: org.apache.ratis.thirdparty.io.netty.channel.AbstractChannel$AnnotatedConnectException: Connection refused: /192.168.157.194:36645
	at sun.nio.ch.SocketChannelImpl.checkConnect(Native Method)
	at sun.nio.ch.SocketChannelImpl.finishConnect(SocketChannelImpl.java:717)
	at org.apache.ratis.thirdparty.io.netty.channel.socket.nio.NioSocketChannel.doFinishConnect(NioSocketChannel.java:327)
	at org.apache.ratis.thirdparty.io.netty.channel.nio.AbstractNioChannel$AbstractNioUnsafe.finishConnect(AbstractNioChannel.java:340)
	at org.apache.ratis.thirdparty.io.netty.channel.nio.NioEventLoop.processSelectedKey(NioEventLoop.java:632)
	at org.apache.ratis.thirdparty.io.netty.channel.nio.NioEventLoop.processSelectedKeysOptimized(NioEventLoop.java:579)
	at org.apache.ratis.thirdparty.io.netty.channel.nio.NioEventLoop.processSelectedKeys(NioEventLoop.java:496)
	at org.apache.ratis.thirdparty.io.netty.channel.nio.NioEventLoop.run(NioEventLoop.java:458)
	at org.apache.ratis.thirdparty.io.netty.util.concurrent.SingleThreadEventExecutor$5.run(SingleThreadEventExecutor.java:897)
	at org.apache.ratis.thirdparty.io.netty.util.concurrent.FastThreadLocalRunnable.run(FastThreadLocalRunnable.java:30)
	... 1 more
Caused by: java.net.ConnectException: Connection refused
	... 11 more
2019-11-14 17:39:40,853 [00aa4e63-81eb-4c33-a32e-b28e61c28a6d@group-B209632AD019-LeaderElection246] INFO  impl.RaftServerImpl (RaftServerImpl.java:setRole(173)) - 00aa4e63-81eb-4c33-a32e-b28e61c28a6d@group-B209632AD019: changes role from CANDIDATE to FOLLOWER at term 15 for DISCOVERED_A_NEW_TERM
2019-11-14 17:39:40,853 [00aa4e63-81eb-4c33-a32e-b28e61c28a6d@group-B209632AD019-LeaderElection246] INFO  impl.RoleInfo (RoleInfo.java:shutdownLeaderElection(134)) - 00aa4e63-81eb-4c33-a32e-b28e61c28a6d: shutdown LeaderElection
2019-11-14 17:39:40,853 [00aa4e63-81eb-4c33-a32e-b28e61c28a6d@group-B209632AD019-LeaderElection246] INFO  impl.RoleInfo (RoleInfo.java:updateAndGet(143)) - 00aa4e63-81eb-4c33-a32e-b28e61c28a6d: start FollowerState
2019-11-14 17:39:41,988 [Thread-4360] INFO  impl.FollowerState (FollowerState.java:run(111)) - 00aa4e63-81eb-4c33-a32e-b28e61c28a6d@group-B209632AD019-FollowerState: change to CANDIDATE, lastRpcTime:1134ms, electionTimeout:1134ms
2019-11-14 17:39:41,988 [Thread-4360] INFO  impl.RoleInfo (RoleInfo.java:shutdownFollowerState(121)) - 00aa4e63-81eb-4c33-a32e-b28e61c28a6d: shutdown FollowerState
2019-11-14 17:39:41,989 [Thread-4360] INFO  impl.RaftServerImpl (RaftServerImpl.java:setRole(173)) - 00aa4e63-81eb-4c33-a32e-b28e61c28a6d@group-B209632AD019: changes role from  FOLLOWER to CANDIDATE at term 15 for changeToCandidate
2019-11-14 17:39:41,989 [Thread-4360] INFO  impl.RoleInfo (RoleInfo.java:updateAndGet(143)) - 00aa4e63-81eb-4c33-a32e-b28e61c28a6d: start LeaderElection
2019-11-14 17:39:42,017 [00aa4e63-81eb-4c33-a32e-b28e61c28a6d@group-B209632AD019-LeaderElection247] INFO  impl.LeaderElection (LeaderElection.java:askForVotes(178)) - 00aa4e63-81eb-4c33-a32e-b28e61c28a6d@group-B209632AD019-LeaderElection247: begin an election at term 16 for 0: [00aa4e63-81eb-4c33-a32e-b28e61c28a6d:192.168.157.194:43947, da9d3605-d5bb-4af4-b35f-64e6f231f8df:192.168.157.194:36645, 9c88a047-7f73-4111-bf87-fe029dccbce6:192.168.157.194:46499], old=null
2019-11-14 17:39:42,019 [00aa4e63-81eb-4c33-a32e-b28e61c28a6d@group-B209632AD019-LeaderElection247] INFO  impl.LeaderElection (LogUtils.java:infoOrTrace(149)) - 00aa4e63-81eb-4c33-a32e-b28e61c28a6d@group-B209632AD019-LeaderElection247 got exception when requesting votes: {}
java.util.concurrent.ExecutionException: org.apache.ratis.thirdparty.io.grpc.StatusRuntimeException: UNAVAILABLE: io exception
	at java.util.concurrent.FutureTask.report(FutureTask.java:122)
	at java.util.concurrent.FutureTask.get(FutureTask.java:192)
	at org.apache.ratis.server.impl.LeaderElection.waitForResults(LeaderElection.java:259)
	at org.apache.ratis.server.impl.LeaderElection.askForVotes(LeaderElection.java:197)
	at org.apache.ratis.server.impl.LeaderElection.run(LeaderElection.java:133)
	at java.lang.Thread.run(Thread.java:748)
Caused by: org.apache.ratis.thirdparty.io.grpc.StatusRuntimeException: UNAVAILABLE: io exception
	at org.apache.ratis.thirdparty.io.grpc.stub.ClientCalls.toStatusRuntimeException(ClientCalls.java:233)
	at org.apache.ratis.thirdparty.io.grpc.stub.ClientCalls.getUnchecked(ClientCalls.java:214)
	at org.apache.ratis.thirdparty.io.grpc.stub.ClientCalls.blockingUnaryCall(ClientCalls.java:139)
	at org.apache.ratis.proto.grpc.RaftServerProtocolServiceGrpc$RaftServerProtocolServiceBlockingStub.requestVote(RaftServerProtocolServiceGrpc.java:265)
	at org.apache.ratis.grpc.server.GrpcServerProtocolClient.requestVote(GrpcServerProtocolClient.java:99)
	at org.apache.ratis.grpc.server.GrpcService.requestVote(GrpcService.java:204)
	at org.apache.ratis.server.impl.LeaderElection.lambda$submitRequests$1(LeaderElection.java:234)
	at java.util.concurrent.FutureTask.run(FutureTask.java:266)
	at java.util.concurrent.Executors$RunnableAdapter.call(Executors.java:511)
	at java.util.concurrent.FutureTask.run(FutureTask.java:266)
	at java.util.concurrent.ThreadPoolExecutor.runWorker(ThreadPoolExecutor.java:1149)
	at java.util.concurrent.ThreadPoolExecutor$Worker.run(ThreadPoolExecutor.java:624)
	... 1 more
Caused by: org.apache.ratis.thirdparty.io.netty.channel.AbstractChannel$AnnotatedConnectException: Connection refused: /192.168.157.194:36645
	at sun.nio.ch.SocketChannelImpl.checkConnect(Native Method)
	at sun.nio.ch.SocketChannelImpl.finishConnect(SocketChannelImpl.java:717)
	at org.apache.ratis.thirdparty.io.netty.channel.socket.nio.NioSocketChannel.doFinishConnect(NioSocketChannel.java:327)
	at org.apache.ratis.thirdparty.io.netty.channel.nio.AbstractNioChannel$AbstractNioUnsafe.finishConnect(AbstractNioChannel.java:340)
	at org.apache.ratis.thirdparty.io.netty.channel.nio.NioEventLoop.processSelectedKey(NioEventLoop.java:632)
	at org.apache.ratis.thirdparty.io.netty.channel.nio.NioEventLoop.processSelectedKeysOptimized(NioEventLoop.java:579)
	at org.apache.ratis.thirdparty.io.netty.channel.nio.NioEventLoop.processSelectedKeys(NioEventLoop.java:496)
	at org.apache.ratis.thirdparty.io.netty.channel.nio.NioEventLoop.run(NioEventLoop.java:458)
	at org.apache.ratis.thirdparty.io.netty.util.concurrent.SingleThreadEventExecutor$5.run(SingleThreadEventExecutor.java:897)
	at org.apache.ratis.thirdparty.io.netty.util.concurrent.FastThreadLocalRunnable.run(FastThreadLocalRunnable.java:30)
	... 1 more
Caused by: java.net.ConnectException: Connection refused
	... 11 more
2019-11-14 17:39:42,020 [00aa4e63-81eb-4c33-a32e-b28e61c28a6d@group-B209632AD019-LeaderElection247] INFO  impl.LeaderElection (LogUtils.java:infoOrTrace(149)) - 00aa4e63-81eb-4c33-a32e-b28e61c28a6d@group-B209632AD019-LeaderElection247 got exception when requesting votes: {}
java.util.concurrent.ExecutionException: org.apache.ratis.thirdparty.io.grpc.StatusRuntimeException: UNAVAILABLE: io exception
	at java.util.concurrent.FutureTask.report(FutureTask.java:122)
	at java.util.concurrent.FutureTask.get(FutureTask.java:192)
	at org.apache.ratis.server.impl.LeaderElection.waitForResults(LeaderElection.java:259)
	at org.apache.ratis.server.impl.LeaderElection.askForVotes(LeaderElection.java:197)
	at org.apache.ratis.server.impl.LeaderElection.run(LeaderElection.java:133)
	at java.lang.Thread.run(Thread.java:748)
Caused by: org.apache.ratis.thirdparty.io.grpc.StatusRuntimeException: UNAVAILABLE: io exception
	at org.apache.ratis.thirdparty.io.grpc.stub.ClientCalls.toStatusRuntimeException(ClientCalls.java:233)
	at org.apache.ratis.thirdparty.io.grpc.stub.ClientCalls.getUnchecked(ClientCalls.java:214)
	at org.apache.ratis.thirdparty.io.grpc.stub.ClientCalls.blockingUnaryCall(ClientCalls.java:139)
	at org.apache.ratis.proto.grpc.RaftServerProtocolServiceGrpc$RaftServerProtocolServiceBlockingStub.requestVote(RaftServerProtocolServiceGrpc.java:265)
	at org.apache.ratis.grpc.server.GrpcServerProtocolClient.requestVote(GrpcServerProtocolClient.java:99)
	at org.apache.ratis.grpc.server.GrpcService.requestVote(GrpcService.java:204)
	at org.apache.ratis.server.impl.LeaderElection.lambda$submitRequests$1(LeaderElection.java:234)
	at java.util.concurrent.FutureTask.run(FutureTask.java:266)
	at java.util.concurrent.Executors$RunnableAdapter.call(Executors.java:511)
	at java.util.concurrent.FutureTask.run(FutureTask.java:266)
	at java.util.concurrent.ThreadPoolExecutor.runWorker(ThreadPoolExecutor.java:1149)
	at java.util.concurrent.ThreadPoolExecutor$Worker.run(ThreadPoolExecutor.java:624)
	... 1 more
Caused by: org.apache.ratis.thirdparty.io.netty.channel.AbstractChannel$AnnotatedConnectException: Connection refused: /192.168.157.194:46499
	at sun.nio.ch.SocketChannelImpl.checkConnect(Native Method)
	at sun.nio.ch.SocketChannelImpl.finishConnect(SocketChannelImpl.java:717)
	at org.apache.ratis.thirdparty.io.netty.channel.socket.nio.NioSocketChannel.doFinishConnect(NioSocketChannel.java:327)
	at org.apache.ratis.thirdparty.io.netty.channel.nio.AbstractNioChannel$AbstractNioUnsafe.finishConnect(AbstractNioChannel.java:340)
	at org.apache.ratis.thirdparty.io.netty.channel.nio.NioEventLoop.processSelectedKey(NioEventLoop.java:632)
	at org.apache.ratis.thirdparty.io.netty.channel.nio.NioEventLoop.processSelectedKeysOptimized(NioEventLoop.java:579)
	at org.apache.ratis.thirdparty.io.netty.channel.nio.NioEventLoop.processSelectedKeys(NioEventLoop.java:496)
	at org.apache.ratis.thirdparty.io.netty.channel.nio.NioEventLoop.run(NioEventLoop.java:458)
	at org.apache.ratis.thirdparty.io.netty.util.concurrent.SingleThreadEventExecutor$5.run(SingleThreadEventExecutor.java:897)
	at org.apache.ratis.thirdparty.io.netty.util.concurrent.FastThreadLocalRunnable.run(FastThreadLocalRunnable.java:30)
	... 1 more
Caused by: java.net.ConnectException: Connection refused
	... 11 more
2019-11-14 17:39:42,021 [00aa4e63-81eb-4c33-a32e-b28e61c28a6d@group-B209632AD019-LeaderElection247] INFO  impl.LeaderElection (LeaderElection.java:logAndReturn(56)) - 00aa4e63-81eb-4c33-a32e-b28e61c28a6d@group-B209632AD019-LeaderElection247: Election REJECTED; received 0 response(s) [] and 2 exception(s); 00aa4e63-81eb-4c33-a32e-b28e61c28a6d@group-B209632AD019:t16, leader=null, voted=00aa4e63-81eb-4c33-a32e-b28e61c28a6d, raftlog=00aa4e63-81eb-4c33-a32e-b28e61c28a6d@group-B209632AD019-SegmentedRaftLog:OPENED:c0,f0,i0, conf=0: [00aa4e63-81eb-4c33-a32e-b28e61c28a6d:192.168.157.194:43947, da9d3605-d5bb-4af4-b35f-64e6f231f8df:192.168.157.194:36645, 9c88a047-7f73-4111-bf87-fe029dccbce6:192.168.157.194:46499], old=null
2019-11-14 17:39:42,021 [00aa4e63-81eb-4c33-a32e-b28e61c28a6d@group-B209632AD019-LeaderElection247] INFO  impl.LeaderElection (LogUtils.java:infoOrTrace(149)) -   Exception 0: {}
java.util.concurrent.ExecutionException: org.apache.ratis.thirdparty.io.grpc.StatusRuntimeException: UNAVAILABLE: io exception
	at java.util.concurrent.FutureTask.report(FutureTask.java:122)
	at java.util.concurrent.FutureTask.get(FutureTask.java:192)
	at org.apache.ratis.server.impl.LeaderElection.waitForResults(LeaderElection.java:259)
	at org.apache.ratis.server.impl.LeaderElection.askForVotes(LeaderElection.java:197)
	at org.apache.ratis.server.impl.LeaderElection.run(LeaderElection.java:133)
	at java.lang.Thread.run(Thread.java:748)
Caused by: org.apache.ratis.thirdparty.io.grpc.StatusRuntimeException: UNAVAILABLE: io exception
	at org.apache.ratis.thirdparty.io.grpc.stub.ClientCalls.toStatusRuntimeException(ClientCalls.java:233)
	at org.apache.ratis.thirdparty.io.grpc.stub.ClientCalls.getUnchecked(ClientCalls.java:214)
	at org.apache.ratis.thirdparty.io.grpc.stub.ClientCalls.blockingUnaryCall(ClientCalls.java:139)
	at org.apache.ratis.proto.grpc.RaftServerProtocolServiceGrpc$RaftServerProtocolServiceBlockingStub.requestVote(RaftServerProtocolServiceGrpc.java:265)
	at org.apache.ratis.grpc.server.GrpcServerProtocolClient.requestVote(GrpcServerProtocolClient.java:99)
	at org.apache.ratis.grpc.server.GrpcService.requestVote(GrpcService.java:204)
	at org.apache.ratis.server.impl.LeaderElection.lambda$submitRequests$1(LeaderElection.java:234)
	at java.util.concurrent.FutureTask.run(FutureTask.java:266)
	at java.util.concurrent.Executors$RunnableAdapter.call(Executors.java:511)
	at java.util.concurrent.FutureTask.run(FutureTask.java:266)
	at java.util.concurrent.ThreadPoolExecutor.runWorker(ThreadPoolExecutor.java:1149)
	at java.util.concurrent.ThreadPoolExecutor$Worker.run(ThreadPoolExecutor.java:624)
	... 1 more
Caused by: org.apache.ratis.thirdparty.io.netty.channel.AbstractChannel$AnnotatedConnectException: Connection refused: /192.168.157.194:36645
	at sun.nio.ch.SocketChannelImpl.checkConnect(Native Method)
	at sun.nio.ch.SocketChannelImpl.finishConnect(SocketChannelImpl.java:717)
	at org.apache.ratis.thirdparty.io.netty.channel.socket.nio.NioSocketChannel.doFinishConnect(NioSocketChannel.java:327)
	at org.apache.ratis.thirdparty.io.netty.channel.nio.AbstractNioChannel$AbstractNioUnsafe.finishConnect(AbstractNioChannel.java:340)
	at org.apache.ratis.thirdparty.io.netty.channel.nio.NioEventLoop.processSelectedKey(NioEventLoop.java:632)
	at org.apache.ratis.thirdparty.io.netty.channel.nio.NioEventLoop.processSelectedKeysOptimized(NioEventLoop.java:579)
	at org.apache.ratis.thirdparty.io.netty.channel.nio.NioEventLoop.processSelectedKeys(NioEventLoop.java:496)
	at org.apache.ratis.thirdparty.io.netty.channel.nio.NioEventLoop.run(NioEventLoop.java:458)
	at org.apache.ratis.thirdparty.io.netty.util.concurrent.SingleThreadEventExecutor$5.run(SingleThreadEventExecutor.java:897)
	at org.apache.ratis.thirdparty.io.netty.util.concurrent.FastThreadLocalRunnable.run(FastThreadLocalRunnable.java:30)
	... 1 more
Caused by: java.net.ConnectException: Connection refused
	... 11 more
2019-11-14 17:39:42,022 [00aa4e63-81eb-4c33-a32e-b28e61c28a6d@group-B209632AD019-LeaderElection247] INFO  impl.LeaderElection (LogUtils.java:infoOrTrace(149)) -   Exception 1: {}
java.util.concurrent.ExecutionException: org.apache.ratis.thirdparty.io.grpc.StatusRuntimeException: UNAVAILABLE: io exception
	at java.util.concurrent.FutureTask.report(FutureTask.java:122)
	at java.util.concurrent.FutureTask.get(FutureTask.java:192)
	at org.apache.ratis.server.impl.LeaderElection.waitForResults(LeaderElection.java:259)
	at org.apache.ratis.server.impl.LeaderElection.askForVotes(LeaderElection.java:197)
	at org.apache.ratis.server.impl.LeaderElection.run(LeaderElection.java:133)
	at java.lang.Thread.run(Thread.java:748)
Caused by: org.apache.ratis.thirdparty.io.grpc.StatusRuntimeException: UNAVAILABLE: io exception
	at org.apache.ratis.thirdparty.io.grpc.stub.ClientCalls.toStatusRuntimeException(ClientCalls.java:233)
	at org.apache.ratis.thirdparty.io.grpc.stub.ClientCalls.getUnchecked(ClientCalls.java:214)
	at org.apache.ratis.thirdparty.io.grpc.stub.ClientCalls.blockingUnaryCall(ClientCalls.java:139)
	at org.apache.ratis.proto.grpc.RaftServerProtocolServiceGrpc$RaftServerProtocolServiceBlockingStub.requestVote(RaftServerProtocolServiceGrpc.java:265)
	at org.apache.ratis.grpc.server.GrpcServerProtocolClient.requestVote(GrpcServerProtocolClient.java:99)
	at org.apache.ratis.grpc.server.GrpcService.requestVote(GrpcService.java:204)
	at org.apache.ratis.server.impl.LeaderElection.lambda$submitRequests$1(LeaderElection.java:234)
	at java.util.concurrent.FutureTask.run(FutureTask.java:266)
	at java.util.concurrent.Executors$RunnableAdapter.call(Executors.java:511)
	at java.util.concurrent.FutureTask.run(FutureTask.java:266)
	at java.util.concurrent.ThreadPoolExecutor.runWorker(ThreadPoolExecutor.java:1149)
	at java.util.concurrent.ThreadPoolExecutor$Worker.run(ThreadPoolExecutor.java:624)
	... 1 more
Caused by: org.apache.ratis.thirdparty.io.netty.channel.AbstractChannel$AnnotatedConnectException: Connection refused: /192.168.157.194:46499
	at sun.nio.ch.SocketChannelImpl.checkConnect(Native Method)
	at sun.nio.ch.SocketChannelImpl.finishConnect(SocketChannelImpl.java:717)
	at org.apache.ratis.thirdparty.io.netty.channel.socket.nio.NioSocketChannel.doFinishConnect(NioSocketChannel.java:327)
	at org.apache.ratis.thirdparty.io.netty.channel.nio.AbstractNioChannel$AbstractNioUnsafe.finishConnect(AbstractNioChannel.java:340)
	at org.apache.ratis.thirdparty.io.netty.channel.nio.NioEventLoop.processSelectedKey(NioEventLoop.java:632)
	at org.apache.ratis.thirdparty.io.netty.channel.nio.NioEventLoop.processSelectedKeysOptimized(NioEventLoop.java:579)
	at org.apache.ratis.thirdparty.io.netty.channel.nio.NioEventLoop.processSelectedKeys(NioEventLoop.java:496)
	at org.apache.ratis.thirdparty.io.netty.channel.nio.NioEventLoop.run(NioEventLoop.java:458)
	at org.apache.ratis.thirdparty.io.netty.util.concurrent.SingleThreadEventExecutor$5.run(SingleThreadEventExecutor.java:897)
	at org.apache.ratis.thirdparty.io.netty.util.concurrent.FastThreadLocalRunnable.run(FastThreadLocalRunnable.java:30)
	... 1 more
Caused by: java.net.ConnectException: Connection refused
	... 11 more
2019-11-14 17:39:42,022 [00aa4e63-81eb-4c33-a32e-b28e61c28a6d@group-B209632AD019-LeaderElection247] INFO  impl.RaftServerImpl (RaftServerImpl.java:setRole(173)) - 00aa4e63-81eb-4c33-a32e-b28e61c28a6d@group-B209632AD019: changes role from CANDIDATE to FOLLOWER at term 16 for DISCOVERED_A_NEW_TERM
2019-11-14 17:39:42,022 [00aa4e63-81eb-4c33-a32e-b28e61c28a6d@group-B209632AD019-LeaderElection247] INFO  impl.RoleInfo (RoleInfo.java:shutdownLeaderElection(134)) - 00aa4e63-81eb-4c33-a32e-b28e61c28a6d: shutdown LeaderElection
2019-11-14 17:39:42,022 [00aa4e63-81eb-4c33-a32e-b28e61c28a6d@group-B209632AD019-LeaderElection247] INFO  impl.RoleInfo (RoleInfo.java:updateAndGet(143)) - 00aa4e63-81eb-4c33-a32e-b28e61c28a6d: start FollowerState
2019-11-14 17:39:43,075 [Thread-4364] INFO  impl.FollowerState (FollowerState.java:run(111)) - 00aa4e63-81eb-4c33-a32e-b28e61c28a6d@group-B209632AD019-FollowerState: change to CANDIDATE, lastRpcTime:1052ms, electionTimeout:1052ms
2019-11-14 17:39:43,076 [Thread-4364] INFO  impl.RoleInfo (RoleInfo.java:shutdownFollowerState(121)) - 00aa4e63-81eb-4c33-a32e-b28e61c28a6d: shutdown FollowerState
2019-11-14 17:39:43,076 [Thread-4364] INFO  impl.RaftServerImpl (RaftServerImpl.java:setRole(173)) - 00aa4e63-81eb-4c33-a32e-b28e61c28a6d@group-B209632AD019: changes role from  FOLLOWER to CANDIDATE at term 16 for changeToCandidate
2019-11-14 17:39:43,077 [Thread-4364] INFO  impl.RoleInfo (RoleInfo.java:updateAndGet(143)) - 00aa4e63-81eb-4c33-a32e-b28e61c28a6d: start LeaderElection
2019-11-14 17:39:43,110 [00aa4e63-81eb-4c33-a32e-b28e61c28a6d@group-B209632AD019-LeaderElection248] INFO  impl.LeaderElection (LeaderElection.java:askForVotes(178)) - 00aa4e63-81eb-4c33-a32e-b28e61c28a6d@group-B209632AD019-LeaderElection248: begin an election at term 17 for 0: [00aa4e63-81eb-4c33-a32e-b28e61c28a6d:192.168.157.194:43947, da9d3605-d5bb-4af4-b35f-64e6f231f8df:192.168.157.194:36645, 9c88a047-7f73-4111-bf87-fe029dccbce6:192.168.157.194:46499], old=null
2019-11-14 17:39:43,114 [00aa4e63-81eb-4c33-a32e-b28e61c28a6d@group-B209632AD019-LeaderElection248] INFO  impl.LeaderElection (LogUtils.java:infoOrTrace(149)) - 00aa4e63-81eb-4c33-a32e-b28e61c28a6d@group-B209632AD019-LeaderElection248 got exception when requesting votes: {}
java.util.concurrent.ExecutionException: org.apache.ratis.thirdparty.io.grpc.StatusRuntimeException: UNAVAILABLE: io exception
	at java.util.concurrent.FutureTask.report(FutureTask.java:122)
	at java.util.concurrent.FutureTask.get(FutureTask.java:192)
	at org.apache.ratis.server.impl.LeaderElection.waitForResults(LeaderElection.java:259)
	at org.apache.ratis.server.impl.LeaderElection.askForVotes(LeaderElection.java:197)
	at org.apache.ratis.server.impl.LeaderElection.run(LeaderElection.java:133)
	at java.lang.Thread.run(Thread.java:748)
Caused by: org.apache.ratis.thirdparty.io.grpc.StatusRuntimeException: UNAVAILABLE: io exception
	at org.apache.ratis.thirdparty.io.grpc.stub.ClientCalls.toStatusRuntimeException(ClientCalls.java:233)
	at org.apache.ratis.thirdparty.io.grpc.stub.ClientCalls.getUnchecked(ClientCalls.java:214)
	at org.apache.ratis.thirdparty.io.grpc.stub.ClientCalls.blockingUnaryCall(ClientCalls.java:139)
	at org.apache.ratis.proto.grpc.RaftServerProtocolServiceGrpc$RaftServerProtocolServiceBlockingStub.requestVote(RaftServerProtocolServiceGrpc.java:265)
	at org.apache.ratis.grpc.server.GrpcServerProtocolClient.requestVote(GrpcServerProtocolClient.java:99)
	at org.apache.ratis.grpc.server.GrpcService.requestVote(GrpcService.java:204)
	at org.apache.ratis.server.impl.LeaderElection.lambda$submitRequests$1(LeaderElection.java:234)
	at java.util.concurrent.FutureTask.run(FutureTask.java:266)
	at java.util.concurrent.Executors$RunnableAdapter.call(Executors.java:511)
	at java.util.concurrent.FutureTask.run(FutureTask.java:266)
	at java.util.concurrent.ThreadPoolExecutor.runWorker(ThreadPoolExecutor.java:1149)
	at java.util.concurrent.ThreadPoolExecutor$Worker.run(ThreadPoolExecutor.java:624)
	... 1 more
Caused by: org.apache.ratis.thirdparty.io.netty.channel.AbstractChannel$AnnotatedConnectException: Connection refused: /192.168.157.194:46499
	at sun.nio.ch.SocketChannelImpl.checkConnect(Native Method)
	at sun.nio.ch.SocketChannelImpl.finishConnect(SocketChannelImpl.java:717)
	at org.apache.ratis.thirdparty.io.netty.channel.socket.nio.NioSocketChannel.doFinishConnect(NioSocketChannel.java:327)
	at org.apache.ratis.thirdparty.io.netty.channel.nio.AbstractNioChannel$AbstractNioUnsafe.finishConnect(AbstractNioChannel.java:340)
	at org.apache.ratis.thirdparty.io.netty.channel.nio.NioEventLoop.processSelectedKey(NioEventLoop.java:632)
	at org.apache.ratis.thirdparty.io.netty.channel.nio.NioEventLoop.processSelectedKeysOptimized(NioEventLoop.java:579)
	at org.apache.ratis.thirdparty.io.netty.channel.nio.NioEventLoop.processSelectedKeys(NioEventLoop.java:496)
	at org.apache.ratis.thirdparty.io.netty.channel.nio.NioEventLoop.run(NioEventLoop.java:458)
	at org.apache.ratis.thirdparty.io.netty.util.concurrent.SingleThreadEventExecutor$5.run(SingleThreadEventExecutor.java:897)
	at org.apache.ratis.thirdparty.io.netty.util.concurrent.FastThreadLocalRunnable.run(FastThreadLocalRunnable.java:30)
	... 1 more
Caused by: java.net.ConnectException: Connection refused
	... 11 more
2019-11-14 17:39:43,116 [00aa4e63-81eb-4c33-a32e-b28e61c28a6d@group-B209632AD019-LeaderElection248] INFO  impl.LeaderElection (LogUtils.java:infoOrTrace(149)) - 00aa4e63-81eb-4c33-a32e-b28e61c28a6d@group-B209632AD019-LeaderElection248 got exception when requesting votes: {}
java.util.concurrent.ExecutionException: org.apache.ratis.thirdparty.io.grpc.StatusRuntimeException: UNAVAILABLE: io exception
	at java.util.concurrent.FutureTask.report(FutureTask.java:122)
	at java.util.concurrent.FutureTask.get(FutureTask.java:192)
	at org.apache.ratis.server.impl.LeaderElection.waitForResults(LeaderElection.java:259)
	at org.apache.ratis.server.impl.LeaderElection.askForVotes(LeaderElection.java:197)
	at org.apache.ratis.server.impl.LeaderElection.run(LeaderElection.java:133)
	at java.lang.Thread.run(Thread.java:748)
Caused by: org.apache.ratis.thirdparty.io.grpc.StatusRuntimeException: UNAVAILABLE: io exception
	at org.apache.ratis.thirdparty.io.grpc.stub.ClientCalls.toStatusRuntimeException(ClientCalls.java:233)
	at org.apache.ratis.thirdparty.io.grpc.stub.ClientCalls.getUnchecked(ClientCalls.java:214)
	at org.apache.ratis.thirdparty.io.grpc.stub.ClientCalls.blockingUnaryCall(ClientCalls.java:139)
	at org.apache.ratis.proto.grpc.RaftServerProtocolServiceGrpc$RaftServerProtocolServiceBlockingStub.requestVote(RaftServerProtocolServiceGrpc.java:265)
	at org.apache.ratis.grpc.server.GrpcServerProtocolClient.requestVote(GrpcServerProtocolClient.java:99)
	at org.apache.ratis.grpc.server.GrpcService.requestVote(GrpcService.java:204)
	at org.apache.ratis.server.impl.LeaderElection.lambda$submitRequests$1(LeaderElection.java:234)
	at java.util.concurrent.FutureTask.run(FutureTask.java:266)
	at java.util.concurrent.Executors$RunnableAdapter.call(Executors.java:511)
	at java.util.concurrent.FutureTask.run(FutureTask.java:266)
	at java.util.concurrent.ThreadPoolExecutor.runWorker(ThreadPoolExecutor.java:1149)
	at java.util.concurrent.ThreadPoolExecutor$Worker.run(ThreadPoolExecutor.java:624)
	... 1 more
Caused by: org.apache.ratis.thirdparty.io.netty.channel.AbstractChannel$AnnotatedConnectException: Connection refused: /192.168.157.194:36645
	at sun.nio.ch.SocketChannelImpl.checkConnect(Native Method)
	at sun.nio.ch.SocketChannelImpl.finishConnect(SocketChannelImpl.java:717)
	at org.apache.ratis.thirdparty.io.netty.channel.socket.nio.NioSocketChannel.doFinishConnect(NioSocketChannel.java:327)
	at org.apache.ratis.thirdparty.io.netty.channel.nio.AbstractNioChannel$AbstractNioUnsafe.finishConnect(AbstractNioChannel.java:340)
	at org.apache.ratis.thirdparty.io.netty.channel.nio.NioEventLoop.processSelectedKey(NioEventLoop.java:632)
	at org.apache.ratis.thirdparty.io.netty.channel.nio.NioEventLoop.processSelectedKeysOptimized(NioEventLoop.java:579)
	at org.apache.ratis.thirdparty.io.netty.channel.nio.NioEventLoop.processSelectedKeys(NioEventLoop.java:496)
	at org.apache.ratis.thirdparty.io.netty.channel.nio.NioEventLoop.run(NioEventLoop.java:458)
	at org.apache.ratis.thirdparty.io.netty.util.concurrent.SingleThreadEventExecutor$5.run(SingleThreadEventExecutor.java:897)
	at org.apache.ratis.thirdparty.io.netty.util.concurrent.FastThreadLocalRunnable.run(FastThreadLocalRunnable.java:30)
	... 1 more
Caused by: java.net.ConnectException: Connection refused
	... 11 more
2019-11-14 17:39:43,118 [00aa4e63-81eb-4c33-a32e-b28e61c28a6d@group-B209632AD019-LeaderElection248] INFO  impl.LeaderElection (LeaderElection.java:logAndReturn(56)) - 00aa4e63-81eb-4c33-a32e-b28e61c28a6d@group-B209632AD019-LeaderElection248: Election REJECTED; received 0 response(s) [] and 2 exception(s); 00aa4e63-81eb-4c33-a32e-b28e61c28a6d@group-B209632AD019:t17, leader=null, voted=00aa4e63-81eb-4c33-a32e-b28e61c28a6d, raftlog=00aa4e63-81eb-4c33-a32e-b28e61c28a6d@group-B209632AD019-SegmentedRaftLog:OPENED:c0,f0,i0, conf=0: [00aa4e63-81eb-4c33-a32e-b28e61c28a6d:192.168.157.194:43947, da9d3605-d5bb-4af4-b35f-64e6f231f8df:192.168.157.194:36645, 9c88a047-7f73-4111-bf87-fe029dccbce6:192.168.157.194:46499], old=null
2019-11-14 17:39:43,118 [00aa4e63-81eb-4c33-a32e-b28e61c28a6d@group-B209632AD019-LeaderElection248] INFO  impl.LeaderElection (LogUtils.java:infoOrTrace(149)) -   Exception 0: {}
java.util.concurrent.ExecutionException: org.apache.ratis.thirdparty.io.grpc.StatusRuntimeException: UNAVAILABLE: io exception
	at java.util.concurrent.FutureTask.report(FutureTask.java:122)
	at java.util.concurrent.FutureTask.get(FutureTask.java:192)
	at org.apache.ratis.server.impl.LeaderElection.waitForResults(LeaderElection.java:259)
	at org.apache.ratis.server.impl.LeaderElection.askForVotes(LeaderElection.java:197)
	at org.apache.ratis.server.impl.LeaderElection.run(LeaderElection.java:133)
	at java.lang.Thread.run(Thread.java:748)
Caused by: org.apache.ratis.thirdparty.io.grpc.StatusRuntimeException: UNAVAILABLE: io exception
	at org.apache.ratis.thirdparty.io.grpc.stub.ClientCalls.toStatusRuntimeException(ClientCalls.java:233)
	at org.apache.ratis.thirdparty.io.grpc.stub.ClientCalls.getUnchecked(ClientCalls.java:214)
	at org.apache.ratis.thirdparty.io.grpc.stub.ClientCalls.blockingUnaryCall(ClientCalls.java:139)
	at org.apache.ratis.proto.grpc.RaftServerProtocolServiceGrpc$RaftServerProtocolServiceBlockingStub.requestVote(RaftServerProtocolServiceGrpc.java:265)
	at org.apache.ratis.grpc.server.GrpcServerProtocolClient.requestVote(GrpcServerProtocolClient.java:99)
	at org.apache.ratis.grpc.server.GrpcService.requestVote(GrpcService.java:204)
	at org.apache.ratis.server.impl.LeaderElection.lambda$submitRequests$1(LeaderElection.java:234)
	at java.util.concurrent.FutureTask.run(FutureTask.java:266)
	at java.util.concurrent.Executors$RunnableAdapter.call(Executors.java:511)
	at java.util.concurrent.FutureTask.run(FutureTask.java:266)
	at java.util.concurrent.ThreadPoolExecutor.runWorker(ThreadPoolExecutor.java:1149)
	at java.util.concurrent.ThreadPoolExecutor$Worker.run(ThreadPoolExecutor.java:624)
	... 1 more
Caused by: org.apache.ratis.thirdparty.io.netty.channel.AbstractChannel$AnnotatedConnectException: Connection refused: /192.168.157.194:46499
	at sun.nio.ch.SocketChannelImpl.checkConnect(Native Method)
	at sun.nio.ch.SocketChannelImpl.finishConnect(SocketChannelImpl.java:717)
	at org.apache.ratis.thirdparty.io.netty.channel.socket.nio.NioSocketChannel.doFinishConnect(NioSocketChannel.java:327)
	at org.apache.ratis.thirdparty.io.netty.channel.nio.AbstractNioChannel$AbstractNioUnsafe.finishConnect(AbstractNioChannel.java:340)
	at org.apache.ratis.thirdparty.io.netty.channel.nio.NioEventLoop.processSelectedKey(NioEventLoop.java:632)
	at org.apache.ratis.thirdparty.io.netty.channel.nio.NioEventLoop.processSelectedKeysOptimized(NioEventLoop.java:579)
	at org.apache.ratis.thirdparty.io.netty.channel.nio.NioEventLoop.processSelectedKeys(NioEventLoop.java:496)
	at org.apache.ratis.thirdparty.io.netty.channel.nio.NioEventLoop.run(NioEventLoop.java:458)
	at org.apache.ratis.thirdparty.io.netty.util.concurrent.SingleThreadEventExecutor$5.run(SingleThreadEventExecutor.java:897)
	at org.apache.ratis.thirdparty.io.netty.util.concurrent.FastThreadLocalRunnable.run(FastThreadLocalRunnable.java:30)
	... 1 more
Caused by: java.net.ConnectException: Connection refused
	... 11 more
2019-11-14 17:39:43,119 [00aa4e63-81eb-4c33-a32e-b28e61c28a6d@group-B209632AD019-LeaderElection248] INFO  impl.LeaderElection (LogUtils.java:infoOrTrace(149)) -   Exception 1: {}
java.util.concurrent.ExecutionException: org.apache.ratis.thirdparty.io.grpc.StatusRuntimeException: UNAVAILABLE: io exception
	at java.util.concurrent.FutureTask.report(FutureTask.java:122)
	at java.util.concurrent.FutureTask.get(FutureTask.java:192)
	at org.apache.ratis.server.impl.LeaderElection.waitForResults(LeaderElection.java:259)
	at org.apache.ratis.server.impl.LeaderElection.askForVotes(LeaderElection.java:197)
	at org.apache.ratis.server.impl.LeaderElection.run(LeaderElection.java:133)
	at java.lang.Thread.run(Thread.java:748)
Caused by: org.apache.ratis.thirdparty.io.grpc.StatusRuntimeException: UNAVAILABLE: io exception
	at org.apache.ratis.thirdparty.io.grpc.stub.ClientCalls.toStatusRuntimeException(ClientCalls.java:233)
	at org.apache.ratis.thirdparty.io.grpc.stub.ClientCalls.getUnchecked(ClientCalls.java:214)
	at org.apache.ratis.thirdparty.io.grpc.stub.ClientCalls.blockingUnaryCall(ClientCalls.java:139)
	at org.apache.ratis.proto.grpc.RaftServerProtocolServiceGrpc$RaftServerProtocolServiceBlockingStub.requestVote(RaftServerProtocolServiceGrpc.java:265)
	at org.apache.ratis.grpc.server.GrpcServerProtocolClient.requestVote(GrpcServerProtocolClient.java:99)
	at org.apache.ratis.grpc.server.GrpcService.requestVote(GrpcService.java:204)
	at org.apache.ratis.server.impl.LeaderElection.lambda$submitRequests$1(LeaderElection.java:234)
	at java.util.concurrent.FutureTask.run(FutureTask.java:266)
	at java.util.concurrent.Executors$RunnableAdapter.call(Executors.java:511)
	at java.util.concurrent.FutureTask.run(FutureTask.java:266)
	at java.util.concurrent.ThreadPoolExecutor.runWorker(ThreadPoolExecutor.java:1149)
	at java.util.concurrent.ThreadPoolExecutor$Worker.run(ThreadPoolExecutor.java:624)
	... 1 more
Caused by: org.apache.ratis.thirdparty.io.netty.channel.AbstractChannel$AnnotatedConnectException: Connection refused: /192.168.157.194:36645
	at sun.nio.ch.SocketChannelImpl.checkConnect(Native Method)
	at sun.nio.ch.SocketChannelImpl.finishConnect(SocketChannelImpl.java:717)
	at org.apache.ratis.thirdparty.io.netty.channel.socket.nio.NioSocketChannel.doFinishConnect(NioSocketChannel.java:327)
	at org.apache.ratis.thirdparty.io.netty.channel.nio.AbstractNioChannel$AbstractNioUnsafe.finishConnect(AbstractNioChannel.java:340)
	at org.apache.ratis.thirdparty.io.netty.channel.nio.NioEventLoop.processSelectedKey(NioEventLoop.java:632)
	at org.apache.ratis.thirdparty.io.netty.channel.nio.NioEventLoop.processSelectedKeysOptimized(NioEventLoop.java:579)
	at org.apache.ratis.thirdparty.io.netty.channel.nio.NioEventLoop.processSelectedKeys(NioEventLoop.java:496)
	at org.apache.ratis.thirdparty.io.netty.channel.nio.NioEventLoop.run(NioEventLoop.java:458)
	at org.apache.ratis.thirdparty.io.netty.util.concurrent.SingleThreadEventExecutor$5.run(SingleThreadEventExecutor.java:897)
	at org.apache.ratis.thirdparty.io.netty.util.concurrent.FastThreadLocalRunnable.run(FastThreadLocalRunnable.java:30)
	... 1 more
Caused by: java.net.ConnectException: Connection refused
	... 11 more
2019-11-14 17:39:43,120 [00aa4e63-81eb-4c33-a32e-b28e61c28a6d@group-B209632AD019-LeaderElection248] INFO  impl.RaftServerImpl (RaftServerImpl.java:setRole(173)) - 00aa4e63-81eb-4c33-a32e-b28e61c28a6d@group-B209632AD019: changes role from CANDIDATE to FOLLOWER at term 17 for DISCOVERED_A_NEW_TERM
2019-11-14 17:39:43,120 [00aa4e63-81eb-4c33-a32e-b28e61c28a6d@group-B209632AD019-LeaderElection248] INFO  impl.RoleInfo (RoleInfo.java:shutdownLeaderElection(134)) - 00aa4e63-81eb-4c33-a32e-b28e61c28a6d: shutdown LeaderElection
2019-11-14 17:39:43,121 [00aa4e63-81eb-4c33-a32e-b28e61c28a6d@group-B209632AD019-LeaderElection248] INFO  impl.RoleInfo (RoleInfo.java:updateAndGet(143)) - 00aa4e63-81eb-4c33-a32e-b28e61c28a6d: start FollowerState
2019-11-14 17:39:43,796 [main] INFO  ozoneimpl.OzoneContainer (OzoneContainer.java:stop(244)) - Attempting to stop container services.
2019-11-14 17:39:43,798 [main] INFO  impl.RaftServerProxy (RaftServerProxy.java:lambda$close$4(314)) - 00aa4e63-81eb-4c33-a32e-b28e61c28a6d: close
2019-11-14 17:39:43,799 [main] INFO  impl.RaftServerImpl (RaftServerImpl.java:lambda$shutdown$3(250)) - 00aa4e63-81eb-4c33-a32e-b28e61c28a6d@group-971197DE5FF9: shutdown
2019-11-14 17:39:43,799 [ForkJoinPool.commonPool-worker-0] INFO  impl.RaftServerImpl (RaftServerImpl.java:lambda$shutdown$3(250)) - 00aa4e63-81eb-4c33-a32e-b28e61c28a6d@group-B209632AD019: shutdown
2019-11-14 17:39:43,799 [main] INFO  util.JmxRegister (JmxRegister.java:unregister(73)) - Successfully un-registered JMX Bean with object name Ratis:service=RaftServer,group=group-971197DE5FF9,id=00aa4e63-81eb-4c33-a32e-b28e61c28a6d
2019-11-14 17:39:43,799 [ForkJoinPool.commonPool-worker-0] INFO  util.JmxRegister (JmxRegister.java:unregister(73)) - Successfully un-registered JMX Bean with object name Ratis:service=RaftServer,group=group-B209632AD019,id=00aa4e63-81eb-4c33-a32e-b28e61c28a6d
2019-11-14 17:39:43,800 [main] INFO  impl.RoleInfo (RoleInfo.java:shutdownLeaderState(104)) - 00aa4e63-81eb-4c33-a32e-b28e61c28a6d: shutdown LeaderState
2019-11-14 17:39:43,800 [ForkJoinPool.commonPool-worker-0] INFO  impl.RoleInfo (RoleInfo.java:shutdownFollowerState(121)) - 00aa4e63-81eb-4c33-a32e-b28e61c28a6d: shutdown FollowerState
2019-11-14 17:39:43,801 [ForkJoinPool.commonPool-worker-0] INFO  impl.StateMachineUpdater (StateMachineUpdater.java:stopAndJoin(136)) - 00aa4e63-81eb-4c33-a32e-b28e61c28a6d@group-B209632AD019-StateMachineUpdater: set stopIndex = 0
2019-11-14 17:39:43,801 [Thread-4368] INFO  impl.FollowerState (FollowerState.java:run(120)) - 00aa4e63-81eb-4c33-a32e-b28e61c28a6d@group-B209632AD019-FollowerState was interrupted: java.lang.InterruptedException: sleep interrupted
2019-11-14 17:39:43,801 [main] INFO  impl.PendingRequests (PendingRequests.java:sendNotLeaderResponses(206)) - 00aa4e63-81eb-4c33-a32e-b28e61c28a6d@group-971197DE5FF9-PendingRequests: sendNotLeaderResponses
2019-11-14 17:39:43,802 [ForkJoinPool.commonPool-worker-0] INFO  impl.RaftServerImpl (ServerState.java:close(387)) - 00aa4e63-81eb-4c33-a32e-b28e61c28a6d@group-B209632AD019: closes. applyIndex: 0
2019-11-14 17:39:43,802 [main] INFO  impl.StateMachineUpdater (StateMachineUpdater.java:stopAndJoin(136)) - 00aa4e63-81eb-4c33-a32e-b28e61c28a6d@group-971197DE5FF9-StateMachineUpdater: set stopIndex = 0
2019-11-14 17:39:43,802 [main] INFO  impl.RaftServerImpl (ServerState.java:close(387)) - 00aa4e63-81eb-4c33-a32e-b28e61c28a6d@group-971197DE5FF9: closes. applyIndex: 0
2019-11-14 17:39:43,802 [00aa4e63-81eb-4c33-a32e-b28e61c28a6d@group-B209632AD019-SegmentedRaftLogWorker] INFO  segmented.SegmentedRaftLogWorker (SegmentedRaftLogWorker.java:run(316)) - 00aa4e63-81eb-4c33-a32e-b28e61c28a6d@group-B209632AD019-SegmentedRaftLogWorker was interrupted, exiting. There are 0 tasks remaining in the queue.
2019-11-14 17:39:43,803 [00aa4e63-81eb-4c33-a32e-b28e61c28a6d@group-971197DE5FF9-SegmentedRaftLogWorker] INFO  segmented.SegmentedRaftLogWorker (SegmentedRaftLogWorker.java:run(316)) - 00aa4e63-81eb-4c33-a32e-b28e61c28a6d@group-971197DE5FF9-SegmentedRaftLogWorker was interrupted, exiting. There are 0 tasks remaining in the queue.
2019-11-14 17:39:43,803 [ForkJoinPool.commonPool-worker-0] INFO  segmented.SegmentedRaftLogWorker (SegmentedRaftLogWorker.java:close(224)) - 00aa4e63-81eb-4c33-a32e-b28e61c28a6d@group-B209632AD019-SegmentedRaftLogWorker close()
2019-11-14 17:39:43,803 [main] INFO  segmented.SegmentedRaftLogWorker (SegmentedRaftLogWorker.java:close(224)) - 00aa4e63-81eb-4c33-a32e-b28e61c28a6d@group-971197DE5FF9-SegmentedRaftLogWorker close()
2019-11-14 17:39:43,807 [main] INFO  server.GrpcService (GrpcService.java:closeImpl(164)) - 00aa4e63-81eb-4c33-a32e-b28e61c28a6d: shutdown server with port 43947 now
2019-11-14 17:39:43,808 [main] INFO  server.GrpcService (GrpcService.java:closeImpl(172)) - 00aa4e63-81eb-4c33-a32e-b28e61c28a6d: shutdown server with port 43947 successfully
2019-11-14 17:39:43,816 [refreshUsed-/workdir/hadoop-ozone/integration-test/target/test-dir/MiniOzoneClusterImpl-76142843-c060-4c87-bf9f-3caeb3385afc/datanode-7/data/containers] WARN  fs.CachingGetSpaceUsed (CachingGetSpaceUsed.java:run(183)) - Thread Interrupted waiting to refresh disk information: sleep interrupted
2019-11-14 17:39:43,836 [main] INFO  utils.BackgroundService (BackgroundService.java:shutdown(151)) - Shutting down service BlockDeletingService
2019-11-14 17:39:43,838 [main] INFO  statemachine.DatanodeStateMachine (DatanodeStateMachine.java:stopDaemon(395)) - Ozone container server stopped.
2019-11-14 17:39:43,840 [main] INFO  handler.ContextHandler (ContextHandler.java:doStop(910)) - Stopped o.e.j.w.WebAppContext@17fbfb02{/,null,UNAVAILABLE}{/hddsDatanode}
2019-11-14 17:39:43,842 [main] INFO  server.AbstractConnector (AbstractConnector.java:doStop(318)) - Stopped ServerConnector@8f2e3e6{HTTP/1.1,[http/1.1]}{0.0.0.0:0}
2019-11-14 17:39:43,842 [main] INFO  handler.ContextHandler (ContextHandler.java:doStop(910)) - Stopped o.e.j.s.ServletContextHandler@478967eb{/static,jar:file:/home/user/.m2/repository/org/apache/hadoop/hadoop-hdds-container-service/0.5.0-SNAPSHOT/hadoop-hdds-container-service-0.5.0-SNAPSHOT.jar!/webapps/static,UNAVAILABLE}
2019-11-14 17:39:43,843 [main] INFO  handler.ContextHandler (ContextHandler.java:doStop(910)) - Stopped o.e.j.s.ServletContextHandler@59328218{/logs,file:///workdir/hadoop-ozone/integration-test/target/log,UNAVAILABLE}
2019-11-14 17:39:43,844 [main] INFO  ozone.MiniOzoneClusterImpl (MiniOzoneClusterImpl.java:stopSCM(430)) - Stopping the StorageContainerManager
2019-11-14 17:39:43,844 [main] INFO  server.StorageContainerManager (StorageContainerManager.java:stop(804)) - Stopping Replication Manager Service.
2019-11-14 17:39:43,844 [main] INFO  container.ReplicationManager (ReplicationManager.java:stop(203)) - Stopping Replication Monitor Thread.
2019-11-14 17:39:43,845 [main] INFO  server.StorageContainerManager (StorageContainerManager.java:stop(811)) - Stopping Lease Manager of the command watchers
2019-11-14 17:39:43,845 [main] INFO  server.StorageContainerManager (StorageContainerManager.java:stop(818)) - Stopping datanode service RPC server
2019-11-14 17:39:43,845 [main] INFO  server.SCMDatanodeProtocolServer (SCMDatanodeProtocolServer.java:stop(346)) - Stopping the RPC server for DataNodes
2019-11-14 17:39:43,845 [main] INFO  ipc.Server (Server.java:stop(3082)) - Stopping server on 35323
2019-11-14 17:39:43,847 [IPC Server listener on 35323] INFO  ipc.Server (Server.java:run(1185)) - Stopping IPC Server listener on 35323
2019-11-14 17:39:43,848 [IPC Server Responder] INFO  ipc.Server (Server.java:run(1319)) - Stopping IPC Server Responder
2019-11-14 17:39:43,895 [SCM Heartbeat Processing Thread - 0] WARN  node.NodeStateManager (NodeStateManager.java:scheduleNextHealthCheck(646)) - Current Thread is interrupted, shutting down HB processing thread for Node Manager.
2019-11-14 17:39:43,896 [main] INFO  server.StorageContainerManager (StorageContainerManager.java:stop(826)) - Stopping block service RPC server
2019-11-14 17:39:43,896 [main] INFO  server.SCMBlockProtocolServer (SCMBlockProtocolServer.java:stop(155)) - Stopping the RPC server for Block Protocol
2019-11-14 17:39:43,896 [main] INFO  ipc.Server (Server.java:stop(3082)) - Stopping server on 42351
2019-11-14 17:39:43,899 [IPC Server listener on 42351] INFO  ipc.Server (Server.java:run(1185)) - Stopping IPC Server listener on 42351
2019-11-14 17:39:43,899 [main] INFO  server.StorageContainerManager (StorageContainerManager.java:stop(833)) - Stopping the StorageContainerLocationProtocol RPC server
2019-11-14 17:39:43,900 [IPC Server Responder] INFO  ipc.Server (Server.java:run(1319)) - Stopping IPC Server Responder
2019-11-14 17:39:43,900 [main] INFO  server.SCMClientProtocolServer (SCMClientProtocolServer.java:stop(169)) - Stopping the RPC server for Client Protocol
2019-11-14 17:39:43,901 [main] INFO  ipc.Server (Server.java:stop(3082)) - Stopping server on 36783
2019-11-14 17:39:43,903 [IPC Server listener on 36783] INFO  ipc.Server (Server.java:run(1185)) - Stopping IPC Server listener on 36783
2019-11-14 17:39:43,903 [main] INFO  server.StorageContainerManager (StorageContainerManager.java:stop(840)) - Stopping Storage Container Manager HTTP server.
2019-11-14 17:39:43,904 [IPC Server Responder] INFO  ipc.Server (Server.java:run(1319)) - Stopping IPC Server Responder
2019-11-14 17:39:43,905 [main] INFO  handler.ContextHandler (ContextHandler.java:doStop(910)) - Stopped o.e.j.w.WebAppContext@6c4ce583{/,null,UNAVAILABLE}{/scm}
2019-11-14 17:39:43,906 [main] INFO  server.AbstractConnector (AbstractConnector.java:doStop(318)) - Stopped ServerConnector@755b5f30{HTTP/1.1,[http/1.1]}{0.0.0.0:0}
2019-11-14 17:39:43,907 [main] INFO  handler.ContextHandler (ContextHandler.java:doStop(910)) - Stopped o.e.j.s.ServletContextHandler@1df9186f{/static,file:///workdir/hadoop-ozone/integration-test/target/test-classes/webapps/static,UNAVAILABLE}
2019-11-14 17:39:43,907 [main] INFO  handler.ContextHandler (ContextHandler.java:doStop(910)) - Stopped o.e.j.s.ServletContextHandler@d87d449{/logs,file:///workdir/hadoop-ozone/integration-test/target/log,UNAVAILABLE}
2019-11-14 17:39:43,908 [main] INFO  server.StorageContainerManager (StorageContainerManager.java:stop(851)) - Stopping Block Manager Service.
2019-11-14 17:39:43,908 [main] INFO  utils.BackgroundService (BackgroundService.java:shutdown(151)) - Shutting down service SCMBlockDeletingService
2019-11-14 17:39:43,909 [main] INFO  utils.BackgroundService (BackgroundService.java:shutdown(151)) - Shutting down service SCMBlockDeletingService
2019-11-14 17:39:43,909 [main] INFO  server.StorageContainerManager (StorageContainerManager.java:stop(873)) - Stopping SCM Event Queue.
2019-11-14 17:39:43,918 [main] INFO  impl.MetricsSystemImpl (MetricsSystemImpl.java:stop(210)) - Stopping HddsDatanode metrics system...
2019-11-14 17:39:43,938 [main] INFO  impl.MetricsSystemImpl (MetricsSystemImpl.java:stop(216)) - HddsDatanode metrics system stopped.
]]></system-out>
    <system-err><![CDATA[Nov 14, 2019 5:39:16 PM org.apache.ratis.thirdparty.io.grpc.internal.SerializingExecutor run
SEVERE: Exception while executing runnable org.apache.ratis.thirdparty.io.grpc.internal.ServerImpl$JumpToApplicationThreadServerStreamListener$1Closed@65ead178
org.apache.ratis.thirdparty.io.grpc.StatusRuntimeException: CANCELLED: call already cancelled
	at org.apache.ratis.thirdparty.io.grpc.Status.asRuntimeException(Status.java:517)
	at org.apache.ratis.thirdparty.io.grpc.stub.ServerCalls$ServerCallStreamObserverImpl.onCompleted(ServerCalls.java:356)
	at org.apache.ratis.grpc.server.GrpcServerProtocolService$ServerRequestStreamObserver.onError(GrpcServerProtocolService.java:121)
	at org.apache.ratis.thirdparty.io.grpc.stub.ServerCalls$StreamingServerCallHandler$StreamingServerCallListener.onCancel(ServerCalls.java:269)
	at org.apache.ratis.thirdparty.io.grpc.internal.ServerCallImpl$ServerStreamListenerImpl.closed(ServerCallImpl.java:293)
	at org.apache.ratis.thirdparty.io.grpc.internal.ServerImpl$JumpToApplicationThreadServerStreamListener$1Closed.runInContext(ServerImpl.java:741)
	at org.apache.ratis.thirdparty.io.grpc.internal.ContextRunnable.run(ContextRunnable.java:37)
	at org.apache.ratis.thirdparty.io.grpc.internal.SerializingExecutor.run(SerializingExecutor.java:123)
	at java.util.concurrent.ThreadPoolExecutor.runWorker(ThreadPoolExecutor.java:1149)
	at java.util.concurrent.ThreadPoolExecutor$Worker.run(ThreadPoolExecutor.java:624)
	at java.lang.Thread.run(Thread.java:748)

Nov 14, 2019 5:39:27 PM org.apache.ratis.thirdparty.io.grpc.internal.ManagedChannelOrphanWrapper$ManagedChannelReference cleanQueue
SEVERE: *~*~*~ Channel ManagedChannelImpl{logId=2670, target=192.168.157.194:44581} was not shutdown properly!!! ~*~*~*
    Make sure to call shutdown()/shutdownNow() and wait until awaitTermination() returns true.
java.lang.RuntimeException: ManagedChannel allocation site
	at org.apache.ratis.thirdparty.io.grpc.internal.ManagedChannelOrphanWrapper$ManagedChannelReference.<init>(ManagedChannelOrphanWrapper.java:103)
	at org.apache.ratis.thirdparty.io.grpc.internal.ManagedChannelOrphanWrapper.<init>(ManagedChannelOrphanWrapper.java:53)
	at org.apache.ratis.thirdparty.io.grpc.internal.ManagedChannelOrphanWrapper.<init>(ManagedChannelOrphanWrapper.java:44)
	at org.apache.ratis.thirdparty.io.grpc.internal.AbstractManagedChannelImplBuilder.build(AbstractManagedChannelImplBuilder.java:411)
	at org.apache.ratis.grpc.client.GrpcClientProtocolClient.<init>(GrpcClientProtocolClient.java:128)
	at org.apache.ratis.grpc.client.GrpcClientRpc.lambda$new$0(GrpcClientRpc.java:55)
	at org.apache.ratis.util.PeerProxyMap$PeerAndProxy.lambda$getProxy$0(PeerProxyMap.java:62)
	at org.apache.ratis.util.LifeCycle.startAndTransition(LifeCycle.java:202)
	at org.apache.ratis.util.PeerProxyMap$PeerAndProxy.getProxy(PeerProxyMap.java:61)
	at org.apache.ratis.util.PeerProxyMap.getProxy(PeerProxyMap.java:109)
	at org.apache.ratis.grpc.client.GrpcClientRpc.sendRequestAsync(GrpcClientRpc.java:66)
	at org.apache.ratis.client.impl.OrderedAsync.sendRequest(OrderedAsync.java:233)
	at org.apache.ratis.client.impl.OrderedAsync.sendRequestWithRetry(OrderedAsync.java:188)
	at org.apache.ratis.util.SlidingWindow$Client.sendOrDelayRequest(SlidingWindow.java:278)
	at org.apache.ratis.util.SlidingWindow$Client.retry(SlidingWindow.java:294)
	at org.apache.ratis.client.impl.OrderedAsync.lambda$scheduleWithTimeout$7(OrderedAsync.java:220)
	at org.apache.ratis.util.TimeoutScheduler.lambda$onTimeout$0(TimeoutScheduler.java:141)
	at org.apache.ratis.util.TimeoutScheduler.lambda$onTimeout$1(TimeoutScheduler.java:155)
	at org.apache.ratis.util.LogUtils.runAndLog(LogUtils.java:50)
	at org.apache.ratis.util.LogUtils$1.run(LogUtils.java:91)
	at java.util.concurrent.Executors$RunnableAdapter.call(Executors.java:511)
	at java.util.concurrent.FutureTask.run(FutureTask.java:266)
	at java.util.concurrent.ScheduledThreadPoolExecutor$ScheduledFutureTask.access$201(ScheduledThreadPoolExecutor.java:180)
	at java.util.concurrent.ScheduledThreadPoolExecutor$ScheduledFutureTask.run(ScheduledThreadPoolExecutor.java:293)
	at java.util.concurrent.ThreadPoolExecutor.runWorker(ThreadPoolExecutor.java:1149)
	at java.util.concurrent.ThreadPoolExecutor$Worker.run(ThreadPoolExecutor.java:624)
	at java.lang.Thread.run(Thread.java:748)

Nov 14, 2019 5:39:27 PM org.apache.ratis.thirdparty.io.grpc.internal.ManagedChannelOrphanWrapper$ManagedChannelReference cleanQueue
SEVERE: *~*~*~ Channel ManagedChannelImpl{logId=2684, target=192.168.157.194:39134} was not shutdown properly!!! ~*~*~*
    Make sure to call shutdown()/shutdownNow() and wait until awaitTermination() returns true.
java.lang.RuntimeException: ManagedChannel allocation site
	at org.apache.ratis.thirdparty.io.grpc.internal.ManagedChannelOrphanWrapper$ManagedChannelReference.<init>(ManagedChannelOrphanWrapper.java:103)
	at org.apache.ratis.thirdparty.io.grpc.internal.ManagedChannelOrphanWrapper.<init>(ManagedChannelOrphanWrapper.java:53)
	at org.apache.ratis.thirdparty.io.grpc.internal.ManagedChannelOrphanWrapper.<init>(ManagedChannelOrphanWrapper.java:44)
	at org.apache.ratis.thirdparty.io.grpc.internal.AbstractManagedChannelImplBuilder.build(AbstractManagedChannelImplBuilder.java:411)
	at org.apache.hadoop.hdds.scm.XceiverClientGrpc.connectToDatanode(XceiverClientGrpc.java:189)
	at org.apache.hadoop.hdds.scm.XceiverClientGrpc.reconnect(XceiverClientGrpc.java:468)
	at org.apache.hadoop.hdds.scm.XceiverClientGrpc.checkOpen(XceiverClientGrpc.java:459)
	at org.apache.hadoop.hdds.scm.XceiverClientGrpc.sendCommandAsync(XceiverClientGrpc.java:401)
	at org.apache.hadoop.hdds.scm.XceiverClientGrpc.sendCommandWithRetry(XceiverClientGrpc.java:320)
	at org.apache.hadoop.hdds.scm.XceiverClientGrpc.sendCommandWithTraceIDAndRetry(XceiverClientGrpc.java:265)
	at org.apache.hadoop.hdds.scm.XceiverClientGrpc.sendCommand(XceiverClientGrpc.java:248)
	at org.apache.hadoop.hdds.scm.storage.ContainerProtocolCalls.getBlock(ContainerProtocolCalls.java:118)
	at org.apache.hadoop.hdds.scm.storage.BlockInputStream.getChunkInfos(BlockInputStream.java:169)
	at org.apache.hadoop.hdds.scm.storage.BlockInputStream.initialize(BlockInputStream.java:118)
	at org.apache.hadoop.hdds.scm.storage.BlockInputStream.read(BlockInputStream.java:224)
	at org.apache.hadoop.ozone.client.io.KeyInputStream.read(KeyInputStream.java:173)
	at org.apache.hadoop.ozone.client.io.OzoneInputStream.read(OzoneInputStream.java:47)
	at java.io.InputStream.read(InputStream.java:101)
	at org.apache.hadoop.ozone.container.ContainerTestHelper.validateData(ContainerTestHelper.java:754)
	at org.apache.hadoop.ozone.client.rpc.TestFailureHandlingByClient.validateData(TestFailureHandlingByClient.java:413)
	at org.apache.hadoop.ozone.client.rpc.TestFailureHandlingByClient.testBlockWritesWithDnFailures(TestFailureHandlingByClient.java:172)
	at sun.reflect.NativeMethodAccessorImpl.invoke0(Native Method)
	at sun.reflect.NativeMethodAccessorImpl.invoke(NativeMethodAccessorImpl.java:62)
	at sun.reflect.DelegatingMethodAccessorImpl.invoke(DelegatingMethodAccessorImpl.java:43)
	at java.lang.reflect.Method.invoke(Method.java:498)
	at org.junit.runners.model.FrameworkMethod$1.runReflectiveCall(FrameworkMethod.java:47)
	at org.junit.internal.runners.model.ReflectiveCallable.run(ReflectiveCallable.java:12)
	at org.junit.runners.model.FrameworkMethod.invokeExplosively(FrameworkMethod.java:44)
	at org.junit.internal.runners.statements.InvokeMethod.evaluate(InvokeMethod.java:17)
	at org.junit.internal.runners.statements.RunAfters.evaluate(RunAfters.java:27)
	at org.junit.runners.ParentRunner.runLeaf(ParentRunner.java:271)
	at org.junit.runners.BlockJUnit4ClassRunner.runChild(BlockJUnit4ClassRunner.java:70)
	at org.junit.runners.BlockJUnit4ClassRunner.runChild(BlockJUnit4ClassRunner.java:50)
	at org.junit.runners.ParentRunner$3.run(ParentRunner.java:238)
	at org.junit.runners.ParentRunner$1.schedule(ParentRunner.java:63)
	at org.junit.runners.ParentRunner.runChildren(ParentRunner.java:236)
	at org.junit.runners.ParentRunner.access$000(ParentRunner.java:53)
	at org.junit.runners.ParentRunner$2.evaluate(ParentRunner.java:229)
	at org.junit.runners.ParentRunner.run(ParentRunner.java:309)
	at org.apache.maven.surefire.junit4.JUnit4Provider.execute(JUnit4Provider.java:365)
	at org.apache.maven.surefire.junit4.JUnit4Provider.executeWithRerun(JUnit4Provider.java:273)
	at org.apache.maven.surefire.junit4.JUnit4Provider.executeTestSet(JUnit4Provider.java:238)
	at org.apache.maven.surefire.junit4.JUnit4Provider.invoke(JUnit4Provider.java:159)
	at org.apache.maven.surefire.booter.ForkedBooter.invokeProviderInSameClassLoader(ForkedBooter.java:384)
	at org.apache.maven.surefire.booter.ForkedBooter.runSuitesInProcess(ForkedBooter.java:345)
	at org.apache.maven.surefire.booter.ForkedBooter.execute(ForkedBooter.java:126)
	at org.apache.maven.surefire.booter.ForkedBooter.main(ForkedBooter.java:418)

Nov 14, 2019 5:39:27 PM org.apache.ratis.thirdparty.io.grpc.internal.ManagedChannelOrphanWrapper$ManagedChannelReference cleanQueue
SEVERE: *~*~*~ Channel ManagedChannelImpl{logId=2691, target=192.168.157.194:40372} was not shutdown properly!!! ~*~*~*
    Make sure to call shutdown()/shutdownNow() and wait until awaitTermination() returns true.
java.lang.RuntimeException: ManagedChannel allocation site
	at org.apache.ratis.thirdparty.io.grpc.internal.ManagedChannelOrphanWrapper$ManagedChannelReference.<init>(ManagedChannelOrphanWrapper.java:103)
	at org.apache.ratis.thirdparty.io.grpc.internal.ManagedChannelOrphanWrapper.<init>(ManagedChannelOrphanWrapper.java:53)
	at org.apache.ratis.thirdparty.io.grpc.internal.ManagedChannelOrphanWrapper.<init>(ManagedChannelOrphanWrapper.java:44)
	at org.apache.ratis.thirdparty.io.grpc.internal.AbstractManagedChannelImplBuilder.build(AbstractManagedChannelImplBuilder.java:411)
	at org.apache.hadoop.hdds.scm.XceiverClientGrpc.connectToDatanode(XceiverClientGrpc.java:189)
	at org.apache.hadoop.hdds.scm.XceiverClientGrpc.reconnect(XceiverClientGrpc.java:468)
	at org.apache.hadoop.hdds.scm.XceiverClientGrpc.checkOpen(XceiverClientGrpc.java:459)
	at org.apache.hadoop.hdds.scm.XceiverClientGrpc.sendCommandAsync(XceiverClientGrpc.java:401)
	at org.apache.hadoop.hdds.scm.XceiverClientGrpc.sendCommandWithRetry(XceiverClientGrpc.java:320)
	at org.apache.hadoop.hdds.scm.XceiverClientGrpc.sendCommandWithTraceIDAndRetry(XceiverClientGrpc.java:265)
	at org.apache.hadoop.hdds.scm.XceiverClientGrpc.sendCommand(XceiverClientGrpc.java:248)
	at org.apache.hadoop.hdds.scm.storage.ContainerProtocolCalls.getBlock(ContainerProtocolCalls.java:118)
	at org.apache.hadoop.hdds.scm.storage.BlockInputStream.getChunkInfos(BlockInputStream.java:169)
	at org.apache.hadoop.hdds.scm.storage.BlockInputStream.initialize(BlockInputStream.java:118)
	at org.apache.hadoop.hdds.scm.storage.BlockInputStream.read(BlockInputStream.java:224)
	at org.apache.hadoop.ozone.client.io.KeyInputStream.read(KeyInputStream.java:173)
	at org.apache.hadoop.ozone.client.io.OzoneInputStream.read(OzoneInputStream.java:47)
	at java.io.InputStream.read(InputStream.java:101)
	at org.apache.hadoop.ozone.container.ContainerTestHelper.validateData(ContainerTestHelper.java:754)
	at org.apache.hadoop.ozone.client.rpc.TestFailureHandlingByClient.validateData(TestFailureHandlingByClient.java:413)
	at org.apache.hadoop.ozone.client.rpc.TestFailureHandlingByClient.testBlockWritesWithDnFailures(TestFailureHandlingByClient.java:172)
	at sun.reflect.NativeMethodAccessorImpl.invoke0(Native Method)
	at sun.reflect.NativeMethodAccessorImpl.invoke(NativeMethodAccessorImpl.java:62)
	at sun.reflect.DelegatingMethodAccessorImpl.invoke(DelegatingMethodAccessorImpl.java:43)
	at java.lang.reflect.Method.invoke(Method.java:498)
	at org.junit.runners.model.FrameworkMethod$1.runReflectiveCall(FrameworkMethod.java:47)
	at org.junit.internal.runners.model.ReflectiveCallable.run(ReflectiveCallable.java:12)
	at org.junit.runners.model.FrameworkMethod.invokeExplosively(FrameworkMethod.java:44)
	at org.junit.internal.runners.statements.InvokeMethod.evaluate(InvokeMethod.java:17)
	at org.junit.internal.runners.statements.RunAfters.evaluate(RunAfters.java:27)
	at org.junit.runners.ParentRunner.runLeaf(ParentRunner.java:271)
	at org.junit.runners.BlockJUnit4ClassRunner.runChild(BlockJUnit4ClassRunner.java:70)
	at org.junit.runners.BlockJUnit4ClassRunner.runChild(BlockJUnit4ClassRunner.java:50)
	at org.junit.runners.ParentRunner$3.run(ParentRunner.java:238)
	at org.junit.runners.ParentRunner$1.schedule(ParentRunner.java:63)
	at org.junit.runners.ParentRunner.runChildren(ParentRunner.java:236)
	at org.junit.runners.ParentRunner.access$000(ParentRunner.java:53)
	at org.junit.runners.ParentRunner$2.evaluate(ParentRunner.java:229)
	at org.junit.runners.ParentRunner.run(ParentRunner.java:309)
	at org.apache.maven.surefire.junit4.JUnit4Provider.execute(JUnit4Provider.java:365)
	at org.apache.maven.surefire.junit4.JUnit4Provider.executeWithRerun(JUnit4Provider.java:273)
	at org.apache.maven.surefire.junit4.JUnit4Provider.executeTestSet(JUnit4Provider.java:238)
	at org.apache.maven.surefire.junit4.JUnit4Provider.invoke(JUnit4Provider.java:159)
	at org.apache.maven.surefire.booter.ForkedBooter.invokeProviderInSameClassLoader(ForkedBooter.java:384)
	at org.apache.maven.surefire.booter.ForkedBooter.runSuitesInProcess(ForkedBooter.java:345)
	at org.apache.maven.surefire.booter.ForkedBooter.execute(ForkedBooter.java:126)
	at org.apache.maven.surefire.booter.ForkedBooter.main(ForkedBooter.java:418)

Nov 14, 2019 5:39:27 PM org.apache.ratis.thirdparty.io.grpc.internal.ManagedChannelOrphanWrapper$ManagedChannelReference cleanQueue
SEVERE: *~*~*~ Channel ManagedChannelImpl{logId=2689, target=192.168.157.194:39862} was not shutdown properly!!! ~*~*~*
    Make sure to call shutdown()/shutdownNow() and wait until awaitTermination() returns true.
java.lang.RuntimeException: ManagedChannel allocation site
	at org.apache.ratis.thirdparty.io.grpc.internal.ManagedChannelOrphanWrapper$ManagedChannelReference.<init>(ManagedChannelOrphanWrapper.java:103)
	at org.apache.ratis.thirdparty.io.grpc.internal.ManagedChannelOrphanWrapper.<init>(ManagedChannelOrphanWrapper.java:53)
	at org.apache.ratis.thirdparty.io.grpc.internal.ManagedChannelOrphanWrapper.<init>(ManagedChannelOrphanWrapper.java:44)
	at org.apache.ratis.thirdparty.io.grpc.internal.AbstractManagedChannelImplBuilder.build(AbstractManagedChannelImplBuilder.java:411)
	at org.apache.hadoop.hdds.scm.XceiverClientGrpc.connectToDatanode(XceiverClientGrpc.java:189)
	at org.apache.hadoop.hdds.scm.XceiverClientGrpc.connect(XceiverClientGrpc.java:138)
	at org.apache.hadoop.hdds.scm.XceiverClientManager$2.call(XceiverClientManager.java:242)
	at org.apache.hadoop.hdds.scm.XceiverClientManager$2.call(XceiverClientManager.java:226)
	at com.google.common.cache.LocalCache$LocalManualCache$1.load(LocalCache.java:4767)
	at com.google.common.cache.LocalCache$LoadingValueReference.loadFuture(LocalCache.java:3568)
	at com.google.common.cache.LocalCache$Segment.loadSync(LocalCache.java:2350)
	at com.google.common.cache.LocalCache$Segment.lockedGetOrLoad(LocalCache.java:2313)
	at com.google.common.cache.LocalCache$Segment.get(LocalCache.java:2228)
	at com.google.common.cache.LocalCache.get(LocalCache.java:3965)
	at com.google.common.cache.LocalCache$LocalManualCache.get(LocalCache.java:4764)
	at org.apache.hadoop.hdds.scm.XceiverClientManager.getClient(XceiverClientManager.java:226)
	at org.apache.hadoop.hdds.scm.XceiverClientManager.acquireClient(XceiverClientManager.java:172)
	at org.apache.hadoop.hdds.scm.XceiverClientManager.acquireClientForReadData(XceiverClientManager.java:162)
	at org.apache.hadoop.hdds.scm.storage.BlockInputStream.getChunkInfos(BlockInputStream.java:154)
	at org.apache.hadoop.hdds.scm.storage.BlockInputStream.initialize(BlockInputStream.java:118)
	at org.apache.hadoop.hdds.scm.storage.BlockInputStream.read(BlockInputStream.java:224)
	at org.apache.hadoop.ozone.client.io.KeyInputStream.read(KeyInputStream.java:173)
	at org.apache.hadoop.ozone.client.io.OzoneInputStream.read(OzoneInputStream.java:47)
	at java.io.InputStream.read(InputStream.java:101)
	at org.apache.hadoop.ozone.container.ContainerTestHelper.validateData(ContainerTestHelper.java:754)
	at org.apache.hadoop.ozone.client.rpc.TestFailureHandlingByClient.validateData(TestFailureHandlingByClient.java:413)
	at org.apache.hadoop.ozone.client.rpc.TestFailureHandlingByClient.testBlockWritesWithDnFailures(TestFailureHandlingByClient.java:172)
	at sun.reflect.NativeMethodAccessorImpl.invoke0(Native Method)
	at sun.reflect.NativeMethodAccessorImpl.invoke(NativeMethodAccessorImpl.java:62)
	at sun.reflect.DelegatingMethodAccessorImpl.invoke(DelegatingMethodAccessorImpl.java:43)
	at java.lang.reflect.Method.invoke(Method.java:498)
	at org.junit.runners.model.FrameworkMethod$1.runReflectiveCall(FrameworkMethod.java:47)
	at org.junit.internal.runners.model.ReflectiveCallable.run(ReflectiveCallable.java:12)
	at org.junit.runners.model.FrameworkMethod.invokeExplosively(FrameworkMethod.java:44)
	at org.junit.internal.runners.statements.InvokeMethod.evaluate(InvokeMethod.java:17)
	at org.junit.internal.runners.statements.RunAfters.evaluate(RunAfters.java:27)
	at org.junit.runners.ParentRunner.runLeaf(ParentRunner.java:271)
	at org.junit.runners.BlockJUnit4ClassRunner.runChild(BlockJUnit4ClassRunner.java:70)
	at org.junit.runners.BlockJUnit4ClassRunner.runChild(BlockJUnit4ClassRunner.java:50)
	at org.junit.runners.ParentRunner$3.run(ParentRunner.java:238)
	at org.junit.runners.ParentRunner$1.schedule(ParentRunner.java:63)
	at org.junit.runners.ParentRunner.runChildren(ParentRunner.java:236)
	at org.junit.runners.ParentRunner.access$000(ParentRunner.java:53)
	at org.junit.runners.ParentRunner$2.evaluate(ParentRunner.java:229)
	at org.junit.runners.ParentRunner.run(ParentRunner.java:309)
	at org.apache.maven.surefire.junit4.JUnit4Provider.execute(JUnit4Provider.java:365)
	at org.apache.maven.surefire.junit4.JUnit4Provider.executeWithRerun(JUnit4Provider.java:273)
	at org.apache.maven.surefire.junit4.JUnit4Provider.executeTestSet(JUnit4Provider.java:238)
	at org.apache.maven.surefire.junit4.JUnit4Provider.invoke(JUnit4Provider.java:159)
	at org.apache.maven.surefire.booter.ForkedBooter.invokeProviderInSameClassLoader(ForkedBooter.java:384)
	at org.apache.maven.surefire.booter.ForkedBooter.runSuitesInProcess(ForkedBooter.java:345)
	at org.apache.maven.surefire.booter.ForkedBooter.execute(ForkedBooter.java:126)
	at org.apache.maven.surefire.booter.ForkedBooter.main(ForkedBooter.java:418)

Nov 14, 2019 5:39:27 PM org.apache.ratis.thirdparty.io.grpc.internal.ManagedChannelOrphanWrapper$ManagedChannelReference cleanQueue
SEVERE: *~*~*~ Channel ManagedChannelImpl{logId=2680, target=192.168.157.194:46824} was not shutdown properly!!! ~*~*~*
    Make sure to call shutdown()/shutdownNow() and wait until awaitTermination() returns true.
java.lang.RuntimeException: ManagedChannel allocation site
	at org.apache.ratis.thirdparty.io.grpc.internal.ManagedChannelOrphanWrapper$ManagedChannelReference.<init>(ManagedChannelOrphanWrapper.java:103)
	at org.apache.ratis.thirdparty.io.grpc.internal.ManagedChannelOrphanWrapper.<init>(ManagedChannelOrphanWrapper.java:53)
	at org.apache.ratis.thirdparty.io.grpc.internal.ManagedChannelOrphanWrapper.<init>(ManagedChannelOrphanWrapper.java:44)
	at org.apache.ratis.thirdparty.io.grpc.internal.AbstractManagedChannelImplBuilder.build(AbstractManagedChannelImplBuilder.java:411)
	at org.apache.hadoop.hdds.scm.XceiverClientGrpc.connectToDatanode(XceiverClientGrpc.java:189)
	at org.apache.hadoop.hdds.scm.XceiverClientGrpc.connect(XceiverClientGrpc.java:138)
	at org.apache.hadoop.hdds.scm.XceiverClientManager$2.call(XceiverClientManager.java:242)
	at org.apache.hadoop.hdds.scm.XceiverClientManager$2.call(XceiverClientManager.java:226)
	at com.google.common.cache.LocalCache$LocalManualCache$1.load(LocalCache.java:4767)
	at com.google.common.cache.LocalCache$LoadingValueReference.loadFuture(LocalCache.java:3568)
	at com.google.common.cache.LocalCache$Segment.loadSync(LocalCache.java:2350)
	at com.google.common.cache.LocalCache$Segment.lockedGetOrLoad(LocalCache.java:2313)
	at com.google.common.cache.LocalCache$Segment.get(LocalCache.java:2228)
	at com.google.common.cache.LocalCache.get(LocalCache.java:3965)
	at com.google.common.cache.LocalCache$LocalManualCache.get(LocalCache.java:4764)
	at org.apache.hadoop.hdds.scm.XceiverClientManager.getClient(XceiverClientManager.java:226)
	at org.apache.hadoop.hdds.scm.XceiverClientManager.acquireClient(XceiverClientManager.java:172)
	at org.apache.hadoop.hdds.scm.XceiverClientManager.acquireClientForReadData(XceiverClientManager.java:162)
	at org.apache.hadoop.hdds.scm.storage.BlockInputStream.getChunkInfos(BlockInputStream.java:154)
	at org.apache.hadoop.hdds.scm.storage.BlockInputStream.initialize(BlockInputStream.java:118)
	at org.apache.hadoop.hdds.scm.storage.BlockInputStream.read(BlockInputStream.java:224)
	at org.apache.hadoop.ozone.client.io.KeyInputStream.read(KeyInputStream.java:173)
	at org.apache.hadoop.ozone.client.io.OzoneInputStream.read(OzoneInputStream.java:47)
	at java.io.InputStream.read(InputStream.java:101)
	at org.apache.hadoop.ozone.container.ContainerTestHelper.validateData(ContainerTestHelper.java:754)
	at org.apache.hadoop.ozone.client.rpc.TestFailureHandlingByClient.validateData(TestFailureHandlingByClient.java:413)
	at org.apache.hadoop.ozone.client.rpc.TestFailureHandlingByClient.testBlockWritesWithDnFailures(TestFailureHandlingByClient.java:172)
	at sun.reflect.NativeMethodAccessorImpl.invoke0(Native Method)
	at sun.reflect.NativeMethodAccessorImpl.invoke(NativeMethodAccessorImpl.java:62)
	at sun.reflect.DelegatingMethodAccessorImpl.invoke(DelegatingMethodAccessorImpl.java:43)
	at java.lang.reflect.Method.invoke(Method.java:498)
	at org.junit.runners.model.FrameworkMethod$1.runReflectiveCall(FrameworkMethod.java:47)
	at org.junit.internal.runners.model.ReflectiveCallable.run(ReflectiveCallable.java:12)
	at org.junit.runners.model.FrameworkMethod.invokeExplosively(FrameworkMethod.java:44)
	at org.junit.internal.runners.statements.InvokeMethod.evaluate(InvokeMethod.java:17)
	at org.junit.internal.runners.statements.RunAfters.evaluate(RunAfters.java:27)
	at org.junit.runners.ParentRunner.runLeaf(ParentRunner.java:271)
	at org.junit.runners.BlockJUnit4ClassRunner.runChild(BlockJUnit4ClassRunner.java:70)
	at org.junit.runners.BlockJUnit4ClassRunner.runChild(BlockJUnit4ClassRunner.java:50)
	at org.junit.runners.ParentRunner$3.run(ParentRunner.java:238)
	at org.junit.runners.ParentRunner$1.schedule(ParentRunner.java:63)
	at org.junit.runners.ParentRunner.runChildren(ParentRunner.java:236)
	at org.junit.runners.ParentRunner.access$000(ParentRunner.java:53)
	at org.junit.runners.ParentRunner$2.evaluate(ParentRunner.java:229)
	at org.junit.runners.ParentRunner.run(ParentRunner.java:309)
	at org.apache.maven.surefire.junit4.JUnit4Provider.execute(JUnit4Provider.java:365)
	at org.apache.maven.surefire.junit4.JUnit4Provider.executeWithRerun(JUnit4Provider.java:273)
	at org.apache.maven.surefire.junit4.JUnit4Provider.executeTestSet(JUnit4Provider.java:238)
	at org.apache.maven.surefire.junit4.JUnit4Provider.invoke(JUnit4Provider.java:159)
	at org.apache.maven.surefire.booter.ForkedBooter.invokeProviderInSameClassLoader(ForkedBooter.java:384)
	at org.apache.maven.surefire.booter.ForkedBooter.runSuitesInProcess(ForkedBooter.java:345)
	at org.apache.maven.surefire.booter.ForkedBooter.execute(ForkedBooter.java:126)
	at org.apache.maven.surefire.booter.ForkedBooter.main(ForkedBooter.java:418)

Nov 14, 2019 5:39:27 PM org.apache.ratis.thirdparty.io.grpc.internal.ManagedChannelOrphanWrapper$ManagedChannelReference cleanQueue
SEVERE: *~*~*~ Channel ManagedChannelImpl{logId=2675, target=192.168.157.194:36745} was not shutdown properly!!! ~*~*~*
    Make sure to call shutdown()/shutdownNow() and wait until awaitTermination() returns true.
java.lang.RuntimeException: ManagedChannel allocation site
	at org.apache.ratis.thirdparty.io.grpc.internal.ManagedChannelOrphanWrapper$ManagedChannelReference.<init>(ManagedChannelOrphanWrapper.java:103)
	at org.apache.ratis.thirdparty.io.grpc.internal.ManagedChannelOrphanWrapper.<init>(ManagedChannelOrphanWrapper.java:53)
	at org.apache.ratis.thirdparty.io.grpc.internal.ManagedChannelOrphanWrapper.<init>(ManagedChannelOrphanWrapper.java:44)
	at org.apache.ratis.thirdparty.io.grpc.internal.AbstractManagedChannelImplBuilder.build(AbstractManagedChannelImplBuilder.java:411)
	at org.apache.ratis.grpc.client.GrpcClientProtocolClient.<init>(GrpcClientProtocolClient.java:128)
	at org.apache.ratis.grpc.client.GrpcClientRpc.lambda$new$0(GrpcClientRpc.java:55)
	at org.apache.ratis.util.PeerProxyMap$PeerAndProxy.lambda$getProxy$0(PeerProxyMap.java:62)
	at org.apache.ratis.util.LifeCycle.startAndTransition(LifeCycle.java:202)
	at org.apache.ratis.util.PeerProxyMap$PeerAndProxy.getProxy(PeerProxyMap.java:61)
	at org.apache.ratis.util.PeerProxyMap.getProxy(PeerProxyMap.java:109)
	at org.apache.ratis.grpc.client.GrpcClientRpc.sendRequestAsync(GrpcClientRpc.java:66)
	at org.apache.ratis.client.impl.OrderedAsync.sendRequest(OrderedAsync.java:233)
	at org.apache.ratis.client.impl.OrderedAsync.sendRequestWithRetry(OrderedAsync.java:188)
	at org.apache.ratis.util.SlidingWindow$Client.sendOrDelayRequest(SlidingWindow.java:278)
	at org.apache.ratis.util.SlidingWindow$Client.submitNewRequest(SlidingWindow.java:257)
	at org.apache.ratis.client.impl.OrderedAsync.send(OrderedAsync.java:169)
	at org.apache.ratis.client.impl.OrderedAsync.newInstance(OrderedAsync.java:118)
	at org.apache.ratis.client.impl.RaftClientImpl.lambda$new$0(RaftClientImpl.java:102)
	at org.apache.ratis.util.MemoizedSupplier.get(MemoizedSupplier.java:62)
	at org.apache.ratis.client.impl.RaftClientImpl.getOrderedAsync(RaftClientImpl.java:119)
	at org.apache.ratis.client.impl.RaftClientImpl.sendAsync(RaftClientImpl.java:144)
	at org.apache.ratis.client.impl.RaftClientImpl.sendAsync(RaftClientImpl.java:124)
	at org.apache.hadoop.hdds.scm.XceiverClientRatis.sendRequestAsync(XceiverClientRatis.java:236)
	at org.apache.hadoop.hdds.scm.XceiverClientRatis.sendCommandAsync(XceiverClientRatis.java:317)
	at org.apache.hadoop.hdds.scm.storage.ContainerProtocolCalls.writeChunkAsync(ContainerProtocolCalls.java:310)
	at org.apache.hadoop.hdds.scm.storage.BlockOutputStream.writeChunkToContainer(BlockOutputStream.java:604)
	at org.apache.hadoop.hdds.scm.storage.BlockOutputStream.writeChunk(BlockOutputStream.java:462)
	at org.apache.hadoop.hdds.scm.storage.BlockOutputStream.handleFlush(BlockOutputStream.java:473)
	at org.apache.hadoop.hdds.scm.storage.BlockOutputStream.close(BlockOutputStream.java:496)
	at org.apache.hadoop.ozone.client.io.BlockOutputStreamEntry.close(BlockOutputStreamEntry.java:143)
	at org.apache.hadoop.ozone.client.io.KeyOutputStream.handleFlushOrClose(KeyOutputStream.java:435)
	at org.apache.hadoop.ozone.client.io.KeyOutputStream.close(KeyOutputStream.java:473)
	at org.apache.hadoop.ozone.client.io.OzoneOutputStream.close(OzoneOutputStream.java:60)
	at org.apache.hadoop.ozone.client.rpc.TestFailureHandlingByClient.testBlockWritesWithDnFailures(TestFailureHandlingByClient.java:163)
	at sun.reflect.NativeMethodAccessorImpl.invoke0(Native Method)
	at sun.reflect.NativeMethodAccessorImpl.invoke(NativeMethodAccessorImpl.java:62)
	at sun.reflect.DelegatingMethodAccessorImpl.invoke(DelegatingMethodAccessorImpl.java:43)
	at java.lang.reflect.Method.invoke(Method.java:498)
	at org.junit.runners.model.FrameworkMethod$1.runReflectiveCall(FrameworkMethod.java:47)
	at org.junit.internal.runners.model.ReflectiveCallable.run(ReflectiveCallable.java:12)
	at org.junit.runners.model.FrameworkMethod.invokeExplosively(FrameworkMethod.java:44)
	at org.junit.internal.runners.statements.InvokeMethod.evaluate(InvokeMethod.java:17)
	at org.junit.internal.runners.statements.RunAfters.evaluate(RunAfters.java:27)
	at org.junit.runners.ParentRunner.runLeaf(ParentRunner.java:271)
	at org.junit.runners.BlockJUnit4ClassRunner.runChild(BlockJUnit4ClassRunner.java:70)
	at org.junit.runners.BlockJUnit4ClassRunner.runChild(BlockJUnit4ClassRunner.java:50)
	at org.junit.runners.ParentRunner$3.run(ParentRunner.java:238)
	at org.junit.runners.ParentRunner$1.schedule(ParentRunner.java:63)
	at org.junit.runners.ParentRunner.runChildren(ParentRunner.java:236)
	at org.junit.runners.ParentRunner.access$000(ParentRunner.java:53)
	at org.junit.runners.ParentRunner$2.evaluate(ParentRunner.java:229)
	at org.junit.runners.ParentRunner.run(ParentRunner.java:309)
	at org.apache.maven.surefire.junit4.JUnit4Provider.execute(JUnit4Provider.java:365)
	at org.apache.maven.surefire.junit4.JUnit4Provider.executeWithRerun(JUnit4Provider.java:273)
	at org.apache.maven.surefire.junit4.JUnit4Provider.executeTestSet(JUnit4Provider.java:238)
	at org.apache.maven.surefire.junit4.JUnit4Provider.invoke(JUnit4Provider.java:159)
	at org.apache.maven.surefire.booter.ForkedBooter.invokeProviderInSameClassLoader(ForkedBooter.java:384)
	at org.apache.maven.surefire.booter.ForkedBooter.runSuitesInProcess(ForkedBooter.java:345)
	at org.apache.maven.surefire.booter.ForkedBooter.execute(ForkedBooter.java:126)
	at org.apache.maven.surefire.booter.ForkedBooter.main(ForkedBooter.java:418)

Nov 14, 2019 5:39:33 PM org.apache.ratis.thirdparty.io.grpc.internal.SerializingExecutor run
SEVERE: Exception while executing runnable org.apache.ratis.thirdparty.io.grpc.internal.ServerImpl$JumpToApplicationThreadServerStreamListener$1Closed@38cadb3c
org.apache.ratis.thirdparty.io.grpc.StatusRuntimeException: CANCELLED: call already cancelled
	at org.apache.ratis.thirdparty.io.grpc.Status.asRuntimeException(Status.java:517)
	at org.apache.ratis.thirdparty.io.grpc.stub.ServerCalls$ServerCallStreamObserverImpl.onCompleted(ServerCalls.java:356)
	at org.apache.ratis.grpc.server.GrpcServerProtocolService$ServerRequestStreamObserver.onError(GrpcServerProtocolService.java:121)
	at org.apache.ratis.thirdparty.io.grpc.stub.ServerCalls$StreamingServerCallHandler$StreamingServerCallListener.onCancel(ServerCalls.java:269)
	at org.apache.ratis.thirdparty.io.grpc.internal.ServerCallImpl$ServerStreamListenerImpl.closed(ServerCallImpl.java:293)
	at org.apache.ratis.thirdparty.io.grpc.internal.ServerImpl$JumpToApplicationThreadServerStreamListener$1Closed.runInContext(ServerImpl.java:741)
	at org.apache.ratis.thirdparty.io.grpc.internal.ContextRunnable.run(ContextRunnable.java:37)
	at org.apache.ratis.thirdparty.io.grpc.internal.SerializingExecutor.run(SerializingExecutor.java:123)
	at java.util.concurrent.ThreadPoolExecutor.runWorker(ThreadPoolExecutor.java:1149)
	at java.util.concurrent.ThreadPoolExecutor$Worker.run(ThreadPoolExecutor.java:624)
	at java.lang.Thread.run(Thread.java:748)

]]></system-err>
  </testcase>
</testsuite>