<?xml version="1.0" encoding="UTF-8"?>
<testsuite xmlns:xsi="http://www.w3.org/2001/XMLSchema-instance" xsi:noNamespaceSchemaLocation="https://maven.apache.org/surefire/maven-surefire-plugin/xsd/surefire-test-report.xsd" name="org.apache.hadoop.ozone.client.rpc.TestMultiBlockWritesWithDnFailures" time="90.561" tests="2" errors="1" skipped="0" failures="0">
  <properties>
    <property name="awt.toolkit" value="sun.awt.X11.XToolkit"/>
    <property name="file.encoding.pkg" value="sun.io"/>
    <property name="java.specification.version" value="1.8"/>
    <property name="sun.cpu.isalist" value=""/>
    <property name="sun.jnu.encoding" value="ANSI_X3.4-1968"/>
    <property name="java.class.path" value="/workdir/hadoop-ozone/integration-test/target/test-classes:/workdir/hadoop-ozone/integration-test/target/classes:/home/user/.m2/repository/org/apache/hadoop/hadoop-ozone-common/0.5.0-SNAPSHOT/hadoop-ozone-common-0.5.0-SNAPSHOT.jar:/home/user/.m2/repository/org/apache/commons/commons-compress/1.4.1/commons-compress-1.4.1.jar:/home/user/.m2/repository/org/tukaani/xz/1.0/xz-1.0.jar:/home/user/.m2/repository/org/apache/hadoop/hadoop-common/3.2.0/hadoop-common-3.2.0.jar:/home/user/.m2/repository/org/apache/hadoop/hadoop-hdfs/3.2.0/hadoop-hdfs-3.2.0.jar:/home/user/.m2/repository/org/apache/hadoop/hadoop-hdfs-client/3.2.0/hadoop-hdfs-client-3.2.0.jar:/home/user/.m2/repository/com/fasterxml/jackson/core/jackson-annotations/2.9.9/jackson-annotations-2.9.9.jar:/home/user/.m2/repository/org/apache/hadoop/hadoop-hdds-common/0.5.0-SNAPSHOT/hadoop-hdds-common-0.5.0-SNAPSHOT.jar:/home/user/.m2/repository/javax/annotation/javax.annotation-api/1.2/javax.annotation-api-1.2.jar:/home/user/.m2/repository/org/apache/ratis/ratis-server/0.5.0-d6d58d0-SNAPSHOT/ratis-server-0.5.0-d6d58d0-SNAPSHOT.jar:/home/user/.m2/repository/org/apache/ratis/ratis-thirdparty-misc/0.2.0/ratis-thirdparty-misc-0.2.0.jar:/home/user/.m2/repository/org/apache/ratis/ratis-proto/0.5.0-d6d58d0-SNAPSHOT/ratis-proto-0.5.0-d6d58d0-SNAPSHOT.jar:/home/user/.m2/repository/org/apache/ratis/ratis-common/0.5.0-d6d58d0-SNAPSHOT/ratis-common-0.5.0-d6d58d0-SNAPSHOT.jar:/home/user/.m2/repository/org/apache/ratis/ratis-client/0.5.0-d6d58d0-SNAPSHOT/ratis-client-0.5.0-d6d58d0-SNAPSHOT.jar:/home/user/.m2/repository/org/apache/ratis/ratis-metrics/0.5.0-d6d58d0-SNAPSHOT/ratis-metrics-0.5.0-d6d58d0-SNAPSHOT.jar:/home/user/.m2/repository/org/apache/ratis/ratis-netty/0.5.0-d6d58d0-SNAPSHOT/ratis-netty-0.5.0-d6d58d0-SNAPSHOT.jar:/home/user/.m2/repository/org/apache/ratis/ratis-grpc/0.5.0-d6d58d0-SNAPSHOT/ratis-grpc-0.5.0-d6d58d0-SNAPSHOT.jar:/home/user/.m2/repository/org/rocksdb/rocksdbjni/6.0.1/rocksdbjni-6.0.1.jar:/home/user/.m2/repository/org/apache/logging/log4j/log4j-api/2.11.0/log4j-api-2.11.0.jar:/home/user/.m2/repository/org/apache/logging/log4j/log4j-core/2.11.0/log4j-core-2.11.0.jar:/home/user/.m2/repository/com/lmax/disruptor/3.4.2/disruptor-3.4.2.jar:/home/user/.m2/repository/org/apache/commons/commons-pool2/2.6.0/commons-pool2-2.6.0.jar:/home/user/.m2/repository/org/bouncycastle/bcpkix-jdk15on/1.60/bcpkix-jdk15on-1.60.jar:/home/user/.m2/repository/commons-validator/commons-validator/1.6/commons-validator-1.6.jar:/home/user/.m2/repository/commons-digester/commons-digester/1.8.1/commons-digester-1.8.1.jar:/home/user/.m2/repository/io/jaegertracing/jaeger-client/0.34.0/jaeger-client-0.34.0.jar:/home/user/.m2/repository/io/jaegertracing/jaeger-thrift/0.34.0/jaeger-thrift-0.34.0.jar:/home/user/.m2/repository/org/apache/thrift/libthrift/0.12.0/libthrift-0.12.0.jar:/home/user/.m2/repository/com/squareup/okhttp3/okhttp/3.9.0/okhttp-3.9.0.jar:/home/user/.m2/repository/com/squareup/okio/okio/1.13.0/okio-1.13.0.jar:/home/user/.m2/repository/io/jaegertracing/jaeger-core/0.34.0/jaeger-core-0.34.0.jar:/home/user/.m2/repository/io/jaegertracing/jaeger-tracerresolver/0.34.0/jaeger-tracerresolver-0.34.0.jar:/home/user/.m2/repository/io/opentracing/contrib/opentracing-tracerresolver/0.1.5/opentracing-tracerresolver-0.1.5.jar:/home/user/.m2/repository/io/opentracing/opentracing-util/0.31.0/opentracing-util-0.31.0.jar:/home/user/.m2/repository/io/opentracing/opentracing-api/0.31.0/opentracing-api-0.31.0.jar:/home/user/.m2/repository/io/opentracing/opentracing-noop/0.31.0/opentracing-noop-0.31.0.jar:/home/user/.m2/repository/org/apache/hadoop/hadoop-hdds-server-framework/0.5.0-SNAPSHOT/hadoop-hdds-server-framework-0.5.0-SNAPSHOT.jar:/home/user/.m2/repository/org/apache/hadoop/hadoop-hdds-container-service/0.5.0-SNAPSHOT/hadoop-hdds-container-service-0.5.0-SNAPSHOT.jar:/home/user/.m2/repository/org/apache/hadoop/hadoop-hdds-client/0.5.0-SNAPSHOT/hadoop-hdds-client-0.5.0-SNAPSHOT.jar:/home/user/.m2/repository/org/apache/hadoop/hadoop-hdds-tools/0.5.0-SNAPSHOT/hadoop-hdds-tools-0.5.0-SNAPSHOT.jar:/home/user/.m2/repository/org/apache/hadoop/hadoop-hdds-server-scm/0.5.0-SNAPSHOT/hadoop-hdds-server-scm-0.5.0-SNAPSHOT.jar:/home/user/.m2/repository/org/apache/hadoop/hadoop-hdds-docs/0.5.0-SNAPSHOT/hadoop-hdds-docs-0.5.0-SNAPSHOT.jar:/home/user/.m2/repository/io/dropwizard/metrics/metrics-core/3.2.4/metrics-core-3.2.4.jar:/home/user/.m2/repository/org/hamcrest/hamcrest-all/1.3/hamcrest-all-1.3.jar:/home/user/.m2/repository/org/bouncycastle/bcprov-jdk15on/1.60/bcprov-jdk15on-1.60.jar:/home/user/.m2/repository/info/picocli/picocli/3.9.6/picocli-3.9.6.jar:/home/user/.m2/repository/com/google/protobuf/protobuf-java/2.5.0/protobuf-java-2.5.0.jar:/home/user/.m2/repository/com/google/guava/guava/11.0.2/guava-11.0.2.jar:/home/user/.m2/repository/org/apache/hadoop/hadoop-ozone-ozone-manager/0.5.0-SNAPSHOT/hadoop-ozone-ozone-manager-0.5.0-SNAPSHOT.jar:/home/user/.m2/repository/org/apache/hadoop/hadoop-minikdc/3.2.0/hadoop-minikdc-3.2.0.jar:/home/user/.m2/repository/commons-io/commons-io/2.5/commons-io-2.5.jar:/home/user/.m2/repository/org/apache/kerby/kerb-simplekdc/1.0.1/kerb-simplekdc-1.0.1.jar:/home/user/.m2/repository/org/apache/kerby/kerb-client/1.0.1/kerb-client-1.0.1.jar:/home/user/.m2/repository/org/apache/kerby/kerby-config/1.0.1/kerby-config-1.0.1.jar:/home/user/.m2/repository/org/apache/kerby/kerb-core/1.0.1/kerb-core-1.0.1.jar:/home/user/.m2/repository/org/apache/kerby/kerby-pkix/1.0.1/kerby-pkix-1.0.1.jar:/home/user/.m2/repository/org/apache/kerby/kerby-asn1/1.0.1/kerby-asn1-1.0.1.jar:/home/user/.m2/repository/org/apache/kerby/kerby-util/1.0.1/kerby-util-1.0.1.jar:/home/user/.m2/repository/org/apache/kerby/kerb-common/1.0.1/kerb-common-1.0.1.jar:/home/user/.m2/repository/org/apache/kerby/kerb-crypto/1.0.1/kerb-crypto-1.0.1.jar:/home/user/.m2/repository/org/apache/kerby/kerb-util/1.0.1/kerb-util-1.0.1.jar:/home/user/.m2/repository/org/apache/kerby/token-provider/1.0.1/token-provider-1.0.1.jar:/home/user/.m2/repository/org/apache/kerby/kerb-admin/1.0.1/kerb-admin-1.0.1.jar:/home/user/.m2/repository/org/apache/kerby/kerb-server/1.0.1/kerb-server-1.0.1.jar:/home/user/.m2/repository/org/apache/kerby/kerb-identity/1.0.1/kerb-identity-1.0.1.jar:/home/user/.m2/repository/org/apache/kerby/kerby-xdr/1.0.1/kerby-xdr-1.0.1.jar:/home/user/.m2/repository/org/slf4j/slf4j-log4j12/1.7.25/slf4j-log4j12-1.7.25.jar:/home/user/.m2/repository/org/apache/hadoop/hadoop-ozone-s3gateway/0.5.0-SNAPSHOT/hadoop-ozone-s3gateway-0.5.0-SNAPSHOT.jar:/home/user/.m2/repository/org/jboss/weld/servlet/weld-servlet/2.4.7.Final/weld-servlet-2.4.7.Final.jar:/home/user/.m2/repository/org/glassfish/jersey/containers/jersey-container-servlet-core/2.27/jersey-container-servlet-core-2.27.jar:/home/user/.m2/repository/org/glassfish/hk2/external/javax.inject/2.5.0-b42/javax.inject-2.5.0-b42.jar:/home/user/.m2/repository/org/glassfish/jersey/core/jersey-common/2.27/jersey-common-2.27.jar:/home/user/.m2/repository/org/glassfish/hk2/osgi-resource-locator/1.0.1/osgi-resource-locator-1.0.1.jar:/home/user/.m2/repository/javax/ws/rs/javax.ws.rs-api/2.1/javax.ws.rs-api-2.1.jar:/home/user/.m2/repository/org/glassfish/jersey/ext/cdi/jersey-cdi1x/2.27/jersey-cdi1x-2.27.jar:/home/user/.m2/repository/org/glassfish/jersey/inject/jersey-hk2/2.27/jersey-hk2-2.27.jar:/home/user/.m2/repository/org/glassfish/hk2/hk2-locator/2.5.0-b42/hk2-locator-2.5.0-b42.jar:/home/user/.m2/repository/org/javassist/javassist/3.22.0-CR2/javassist-3.22.0-CR2.jar:/home/user/.m2/repository/org/glassfish/hk2/hk2-api/2.5.0/hk2-api-2.5.0.jar:/home/user/.m2/repository/org/glassfish/hk2/external/jakarta.inject/2.5.0/jakarta.inject-2.5.0.jar:/home/user/.m2/repository/org/glassfish/hk2/hk2-utils/2.5.0/hk2-utils-2.5.0.jar:/home/user/.m2/repository/jakarta/annotation/jakarta.annotation-api/1.3.4/jakarta.annotation-api-1.3.4.jar:/home/user/.m2/repository/org/glassfish/hk2/external/aopalliance-repackaged/2.5.0/aopalliance-repackaged-2.5.0.jar:/home/user/.m2/repository/com/fasterxml/jackson/dataformat/jackson-dataformat-xml/2.9.0/jackson-dataformat-xml-2.9.0.jar:/home/user/.m2/repository/com/fasterxml/jackson/core/jackson-core/2.9.9/jackson-core-2.9.9.jar:/home/user/.m2/repository/com/fasterxml/jackson/module/jackson-module-jaxb-annotations/2.9.9/jackson-module-jaxb-annotations-2.9.9.jar:/home/user/.m2/repository/javax/enterprise/cdi-api/1.2/cdi-api-1.2.jar:/home/user/.m2/repository/javax/el/javax.el-api/3.0.0/javax.el-api-3.0.0.jar:/home/user/.m2/repository/javax/interceptor/javax.interceptor-api/1.2/javax.interceptor-api-1.2.jar:/home/user/.m2/repository/javax/inject/javax.inject/1/javax.inject-1.jar:/home/user/.m2/repository/com/sun/xml/bind/jaxb-impl/2.3.0.1/jaxb-impl-2.3.0.1.jar:/home/user/.m2/repository/com/sun/xml/bind/jaxb-core/2.3.0.1/jaxb-core-2.3.0.1.jar:/home/user/.m2/repository/javax/xml/bind/jaxb-api/2.3.0/jaxb-api-2.3.0.jar:/home/user/.m2/repository/javax/activation/activation/1.1.1/activation-1.1.1.jar:/home/user/.m2/repository/org/apache/hadoop/hadoop-ozone-csi/0.5.0-SNAPSHOT/hadoop-ozone-csi-0.5.0-SNAPSHOT.jar:/home/user/.m2/repository/com/google/protobuf/protobuf-java-util/3.5.1/protobuf-java-util-3.5.1.jar:/home/user/.m2/repository/org/apache/hadoop/hadoop-hdds-config/0.5.0-SNAPSHOT/hadoop-hdds-config-0.5.0-SNAPSHOT.jar:/home/user/.m2/repository/io/grpc/grpc-netty/1.17.1/grpc-netty-1.17.1.jar:/home/user/.m2/repository/io/grpc/grpc-core/1.17.1/grpc-core-1.17.1.jar:/home/user/.m2/repository/io/grpc/grpc-context/1.17.1/grpc-context-1.17.1.jar:/home/user/.m2/repository/com/google/errorprone/error_prone_annotations/2.2.0/error_prone_annotations-2.2.0.jar:/home/user/.m2/repository/org/codehaus/mojo/animal-sniffer-annotations/1.17/animal-sniffer-annotations-1.17.jar:/home/user/.m2/repository/io/opencensus/opencensus-api/0.17.0/opencensus-api-0.17.0.jar:/home/user/.m2/repository/io/opencensus/opencensus-contrib-grpc-metrics/0.17.0/opencensus-contrib-grpc-metrics-0.17.0.jar:/home/user/.m2/repository/io/netty/netty-codec-http2/4.1.30.Final/netty-codec-http2-4.1.30.Final.jar:/home/user/.m2/repository/io/netty/netty-codec-http/4.1.30.Final/netty-codec-http-4.1.30.Final.jar:/home/user/.m2/repository/io/netty/netty-codec/4.1.30.Final/netty-codec-4.1.30.Final.jar:/home/user/.m2/repository/io/netty/netty-handler/4.1.30.Final/netty-handler-4.1.30.Final.jar:/home/user/.m2/repository/io/netty/netty-handler-proxy/4.1.30.Final/netty-handler-proxy-4.1.30.Final.jar:/home/user/.m2/repository/io/netty/netty-codec-socks/4.1.30.Final/netty-codec-socks-4.1.30.Final.jar:/home/user/.m2/repository/io/netty/netty-transport-native-epoll/4.1.30.Final/netty-transport-native-epoll-4.1.30.Final.jar:/home/user/.m2/repository/io/netty/netty-common/4.1.30.Final/netty-common-4.1.30.Final.jar:/home/user/.m2/repository/io/netty/netty-buffer/4.1.30.Final/netty-buffer-4.1.30.Final.jar:/home/user/.m2/repository/io/netty/netty-transport/4.1.30.Final/netty-transport-4.1.30.Final.jar:/home/user/.m2/repository/io/netty/netty-resolver/4.1.30.Final/netty-resolver-4.1.30.Final.jar:/home/user/.m2/repository/io/netty/netty-transport-native-unix-common/4.1.30.Final/netty-transport-native-unix-common-4.1.30.Final.jar:/home/user/.m2/repository/io/grpc/grpc-protobuf/1.17.1/grpc-protobuf-1.17.1.jar:/home/user/.m2/repository/com/google/api/grpc/proto-google-common-protos/1.0.0/proto-google-common-protos-1.0.0.jar:/home/user/.m2/repository/io/grpc/grpc-protobuf-lite/1.17.1/grpc-protobuf-lite-1.17.1.jar:/home/user/.m2/repository/io/grpc/grpc-stub/1.17.1/grpc-stub-1.17.1.jar:/home/user/.m2/repository/org/apache/hadoop/hadoop-ozone-recon/0.5.0-SNAPSHOT/hadoop-ozone-recon-0.5.0-SNAPSHOT.jar:/home/user/.m2/repository/org/apache/hadoop/hadoop-ozone-reconcodegen/0.5.0-SNAPSHOT/hadoop-ozone-reconcodegen-0.5.0-SNAPSHOT.jar:/home/user/.m2/repository/com/google/inject/extensions/guice-multibindings/4.0/guice-multibindings-4.0.jar:/home/user/.m2/repository/com/google/inject/guice/4.0/guice-4.0.jar:/home/user/.m2/repository/aopalliance/aopalliance/1.0/aopalliance-1.0.jar:/home/user/.m2/repository/com/google/inject/extensions/guice-servlet/4.0/guice-servlet-4.0.jar:/home/user/.m2/repository/org/glassfish/jersey/containers/jersey-container-servlet/2.27/jersey-container-servlet-2.27.jar:/home/user/.m2/repository/org/glassfish/hk2/guice-bridge/2.5.0/guice-bridge-2.5.0.jar:/home/user/.m2/repository/org/glassfish/jersey/core/jersey-server/2.27/jersey-server-2.27.jar:/home/user/.m2/repository/org/glassfish/jersey/core/jersey-client/2.27/jersey-client-2.27.jar:/home/user/.m2/repository/org/glassfish/jersey/media/jersey-media-jaxb/2.27/jersey-media-jaxb-2.27.jar:/home/user/.m2/repository/javax/validation/validation-api/1.1.0.Final/validation-api-1.1.0.Final.jar:/home/user/.m2/repository/org/glassfish/jersey/media/jersey-media-json-jackson/2.27/jersey-media-json-jackson-2.27.jar:/home/user/.m2/repository/org/glassfish/jersey/ext/jersey-entity-filtering/2.27/jersey-entity-filtering-2.27.jar:/home/user/.m2/repository/com/google/inject/extensions/guice-assistedinject/4.0/guice-assistedinject-4.0.jar:/home/user/.m2/repository/org/jooq/jooq/3.11.10/jooq-3.11.10.jar:/home/user/.m2/repository/org/jooq/jooq-meta/3.11.10/jooq-meta-3.11.10.jar:/home/user/.m2/repository/org/jooq/jooq-codegen/3.11.10/jooq-codegen-3.11.10.jar:/home/user/.m2/repository/com/jolbox/bonecp/0.8.0.RELEASE/bonecp-0.8.0.RELEASE.jar:/home/user/.m2/repository/org/xerial/sqlite-jdbc/3.25.2/sqlite-jdbc-3.25.2.jar:/home/user/.m2/repository/org/springframework/spring-jdbc/5.1.3.RELEASE/spring-jdbc-5.1.3.RELEASE.jar:/home/user/.m2/repository/org/springframework/spring-beans/5.1.3.RELEASE/spring-beans-5.1.3.RELEASE.jar:/home/user/.m2/repository/org/springframework/spring-core/5.1.3.RELEASE/spring-core-5.1.3.RELEASE.jar:/home/user/.m2/repository/org/springframework/spring-jcl/5.1.3.RELEASE/spring-jcl-5.1.3.RELEASE.jar:/home/user/.m2/repository/org/springframework/spring-tx/5.1.3.RELEASE/spring-tx-5.1.3.RELEASE.jar:/home/user/.m2/repository/org/apache/hadoop/hadoop-ozone-client/0.5.0-SNAPSHOT/hadoop-ozone-client-0.5.0-SNAPSHOT.jar:/home/user/.m2/repository/commons-lang/commons-lang/2.6/commons-lang-2.6.jar:/home/user/.m2/repository/org/apache/hadoop/hadoop-ozone-ozone-manager/0.5.0-SNAPSHOT/hadoop-ozone-ozone-manager-0.5.0-SNAPSHOT-tests.jar:/home/user/.m2/repository/junit/junit/4.11/junit-4.11.jar:/home/user/.m2/repository/org/hamcrest/hamcrest-core/1.3/hamcrest-core-1.3.jar:/home/user/.m2/repository/org/openjdk/jmh/jmh-core/1.19/jmh-core-1.19.jar:/home/user/.m2/repository/net/sf/jopt-simple/jopt-simple/4.6/jopt-simple-4.6.jar:/home/user/.m2/repository/org/apache/commons/commons-math3/3.1.1/commons-math3-3.1.1.jar:/home/user/.m2/repository/org/openjdk/jmh/jmh-generator-annprocess/1.19/jmh-generator-annprocess-1.19.jar:/home/user/.m2/repository/org/mockito/mockito-all/1.8.5/mockito-all-1.8.5.jar:/home/user/.m2/repository/org/apache/hadoop/hadoop-kms/3.2.0/hadoop-kms-3.2.0.jar:/home/user/.m2/repository/org/apache/hadoop/hadoop-auth/3.2.0/hadoop-auth-3.2.0.jar:/home/user/.m2/repository/com/nimbusds/nimbus-jose-jwt/4.41.1/nimbus-jose-jwt-4.41.1.jar:/home/user/.m2/repository/com/github/stephenc/jcip/jcip-annotations/1.0-1/jcip-annotations-1.0-1.jar:/home/user/.m2/repository/net/minidev/json-smart/2.3/json-smart-2.3.jar:/home/user/.m2/repository/net/minidev/accessors-smart/1.2/accessors-smart-1.2.jar:/home/user/.m2/repository/org/ow2/asm/asm/5.0.4/asm-5.0.4.jar:/home/user/.m2/repository/org/apache/curator/curator-framework/2.12.0/curator-framework-2.12.0.jar:/home/user/.m2/repository/com/sun/jersey/jersey-core/1.19/jersey-core-1.19.jar:/home/user/.m2/repository/javax/ws/rs/jsr311-api/1.1.1/jsr311-api-1.1.1.jar:/home/user/.m2/repository/com/sun/jersey/jersey-server/1.19/jersey-server-1.19.jar:/home/user/.m2/repository/javax/servlet/javax.servlet-api/3.1.0/javax.servlet-api-3.1.0.jar:/home/user/.m2/repository/org/eclipse/jetty/jetty-server/9.3.25.v20180904/jetty-server-9.3.25.v20180904.jar:/home/user/.m2/repository/org/eclipse/jetty/jetty-http/9.3.25.v20180904/jetty-http-9.3.25.v20180904.jar:/home/user/.m2/repository/org/eclipse/jetty/jetty-io/9.3.25.v20180904/jetty-io-9.3.25.v20180904.jar:/home/user/.m2/repository/org/eclipse/jetty/jetty-webapp/9.3.25.v20180904/jetty-webapp-9.3.25.v20180904.jar:/home/user/.m2/repository/org/eclipse/jetty/jetty-xml/9.3.25.v20180904/jetty-xml-9.3.25.v20180904.jar:/home/user/.m2/repository/log4j/log4j/1.2.17/log4j-1.2.17.jar:/home/user/.m2/repository/org/slf4j/slf4j-api/1.7.25/slf4j-api-1.7.25.jar:/home/user/.m2/repository/org/slf4j/jul-to-slf4j/1.7.25/jul-to-slf4j-1.7.25.jar:/home/user/.m2/repository/org/eclipse/jetty/jetty-util/9.3.25.v20180904/jetty-util-9.3.25.v20180904.jar:/home/user/.m2/repository/com/fasterxml/jackson/core/jackson-databind/2.9.9/jackson-databind-2.9.9.jar:/home/user/.m2/repository/org/apache/hadoop/hadoop-kms/3.2.0/hadoop-kms-3.2.0-tests.jar:/home/user/.m2/repository/org/apache/hadoop/hadoop-hdds-server-scm/0.5.0-SNAPSHOT/hadoop-hdds-server-scm-0.5.0-SNAPSHOT-tests.jar:/home/user/.m2/repository/org/apache/hadoop/hadoop-hdds-container-service/0.5.0-SNAPSHOT/hadoop-hdds-container-service-0.5.0-SNAPSHOT-tests.jar:/home/user/.m2/repository/org/yaml/snakeyaml/1.16/snakeyaml-1.16.jar:/home/user/.m2/repository/org/apache/hadoop/hadoop-common/3.2.0/hadoop-common-3.2.0-tests.jar:/home/user/.m2/repository/org/apache/hadoop/hadoop-annotations/3.2.0/hadoop-annotations-3.2.0.jar:/usr/lib/jvm/java-1.8.0-openjdk-1.8.0.222.b10-1.el7_7.x86_64/jre/../lib/tools.jar:/home/user/.m2/repository/commons-cli/commons-cli/1.2/commons-cli-1.2.jar:/home/user/.m2/repository/org/apache/httpcomponents/httpclient/4.5.2/httpclient-4.5.2.jar:/home/user/.m2/repository/org/apache/httpcomponents/httpcore/4.4.4/httpcore-4.4.4.jar:/home/user/.m2/repository/commons-codec/commons-codec/1.11/commons-codec-1.11.jar:/home/user/.m2/repository/commons-net/commons-net/3.6/commons-net-3.6.jar:/home/user/.m2/repository/commons-collections/commons-collections/3.2.2/commons-collections-3.2.2.jar:/home/user/.m2/repository/org/eclipse/jetty/jetty-servlet/9.3.25.v20180904/jetty-servlet-9.3.25.v20180904.jar:/home/user/.m2/repository/org/eclipse/jetty/jetty-security/9.3.25.v20180904/jetty-security-9.3.25.v20180904.jar:/home/user/.m2/repository/javax/servlet/jsp/jsp-api/2.1/jsp-api-2.1.jar:/home/user/.m2/repository/com/sun/jersey/jersey-servlet/1.19/jersey-servlet-1.19.jar:/home/user/.m2/repository/com/sun/jersey/jersey-json/1.19/jersey-json-1.19.jar:/home/user/.m2/repository/org/codehaus/jettison/jettison/1.1/jettison-1.1.jar:/home/user/.m2/repository/org/codehaus/jackson/jackson-core-asl/1.9.13/jackson-core-asl-1.9.13.jar:/home/user/.m2/repository/org/codehaus/jackson/jackson-mapper-asl/1.9.13/jackson-mapper-asl-1.9.13.jar:/home/user/.m2/repository/org/codehaus/jackson/jackson-jaxrs/1.9.13/jackson-jaxrs-1.9.13.jar:/home/user/.m2/repository/org/codehaus/jackson/jackson-xc/1.9.13/jackson-xc-1.9.13.jar:/home/user/.m2/repository/commons-logging/commons-logging/1.1.3/commons-logging-1.1.3.jar:/home/user/.m2/repository/commons-beanutils/commons-beanutils/1.9.4/commons-beanutils-1.9.4.jar:/home/user/.m2/repository/org/apache/commons/commons-configuration2/2.1.1/commons-configuration2-2.1.1.jar:/home/user/.m2/repository/org/apache/commons/commons-lang3/3.7/commons-lang3-3.7.jar:/home/user/.m2/repository/org/apache/commons/commons-text/1.4/commons-text-1.4.jar:/home/user/.m2/repository/org/apache/avro/avro/1.7.7/avro-1.7.7.jar:/home/user/.m2/repository/com/thoughtworks/paranamer/paranamer/2.3/paranamer-2.3.jar:/home/user/.m2/repository/org/xerial/snappy/snappy-java/1.0.5/snappy-java-1.0.5.jar:/home/user/.m2/repository/com/google/re2j/re2j/1.1/re2j-1.1.jar:/home/user/.m2/repository/com/google/code/gson/gson/2.2.4/gson-2.2.4.jar:/home/user/.m2/repository/com/jcraft/jsch/0.1.54/jsch-0.1.54.jar:/home/user/.m2/repository/org/apache/curator/curator-client/2.12.0/curator-client-2.12.0.jar:/home/user/.m2/repository/org/apache/curator/curator-recipes/2.12.0/curator-recipes-2.12.0.jar:/home/user/.m2/repository/com/google/code/findbugs/jsr305/3.0.0/jsr305-3.0.0.jar:/home/user/.m2/repository/org/apache/htrace/htrace-core4/4.1.0-incubating/htrace-core4-4.1.0-incubating.jar:/home/user/.m2/repository/org/apache/zookeeper/zookeeper/3.4.13/zookeeper-3.4.13.jar:/home/user/.m2/repository/jline/jline/0.9.94/jline-0.9.94.jar:/home/user/.m2/repository/org/apache/yetus/audience-annotations/0.5.0/audience-annotations-0.5.0.jar:/home/user/.m2/repository/org/codehaus/woodstox/stax2-api/3.1.4/stax2-api-3.1.4.jar:/home/user/.m2/repository/com/fasterxml/woodstox/woodstox-core/5.0.3/woodstox-core-5.0.3.jar:/home/user/.m2/repository/dnsjava/dnsjava/2.1.7/dnsjava-2.1.7.jar:/home/user/.m2/repository/org/apache/hadoop/hadoop-hdfs/3.2.0/hadoop-hdfs-3.2.0-tests.jar:/home/user/.m2/repository/org/eclipse/jetty/jetty-util-ajax/9.3.25.v20180904/jetty-util-ajax-9.3.25.v20180904.jar:/home/user/.m2/repository/commons-daemon/commons-daemon/1.0.13/commons-daemon-1.0.13.jar:/home/user/.m2/repository/io/netty/netty/3.10.5.Final/netty-3.10.5.Final.jar:/home/user/.m2/repository/io/netty/netty-all/4.0.52.Final/netty-all-4.0.52.Final.jar:/home/user/.m2/repository/org/fusesource/leveldbjni/leveldbjni-all/1.8/leveldbjni-all-1.8.jar:"/>
    <property name="java.vm.vendor" value="Oracle Corporation"/>
    <property name="sun.arch.data.model" value="64"/>
    <property name="test.build.dir" value="/workdir/hadoop-ozone/integration-test/target/test-dir"/>
    <property name="test.cache.data" value=""/>
    <property name="java.vendor.url" value="http://java.oracle.com/"/>
    <property name="user.timezone" value=""/>
    <property name="java.vm.specification.version" value="1.8"/>
    <property name="os.name" value="Linux"/>
    <property name="test.build.data" value="/workdir/hadoop-ozone/integration-test/target/test-dir"/>
    <property name="user.country" value="US"/>
    <property name="sun.java.launcher" value="SUN_STANDARD"/>
    <property name="sun.boot.library.path" value="/usr/lib/jvm/java-1.8.0-openjdk-1.8.0.222.b10-1.el7_7.x86_64/jre/lib/amd64"/>
    <property name="sun.java.command" value="/workdir/hadoop-ozone/integration-test/target/surefire/surefirebooter4128413383145449176.jar /workdir/hadoop-ozone/integration-test/target/surefire 2019-11-14T17-03-57_507-jvmRun1 surefire616696497626731161tmp surefire_356756337169993625846tmp"/>
    <property name="surefire.test.class.path" value="/workdir/hadoop-ozone/integration-test/target/test-classes:/workdir/hadoop-ozone/integration-test/target/classes:/home/user/.m2/repository/org/apache/hadoop/hadoop-ozone-common/0.5.0-SNAPSHOT/hadoop-ozone-common-0.5.0-SNAPSHOT.jar:/home/user/.m2/repository/org/apache/commons/commons-compress/1.4.1/commons-compress-1.4.1.jar:/home/user/.m2/repository/org/tukaani/xz/1.0/xz-1.0.jar:/home/user/.m2/repository/org/apache/hadoop/hadoop-common/3.2.0/hadoop-common-3.2.0.jar:/home/user/.m2/repository/org/apache/hadoop/hadoop-hdfs/3.2.0/hadoop-hdfs-3.2.0.jar:/home/user/.m2/repository/org/apache/hadoop/hadoop-hdfs-client/3.2.0/hadoop-hdfs-client-3.2.0.jar:/home/user/.m2/repository/com/fasterxml/jackson/core/jackson-annotations/2.9.9/jackson-annotations-2.9.9.jar:/home/user/.m2/repository/org/apache/hadoop/hadoop-hdds-common/0.5.0-SNAPSHOT/hadoop-hdds-common-0.5.0-SNAPSHOT.jar:/home/user/.m2/repository/javax/annotation/javax.annotation-api/1.2/javax.annotation-api-1.2.jar:/home/user/.m2/repository/org/apache/ratis/ratis-server/0.5.0-d6d58d0-SNAPSHOT/ratis-server-0.5.0-d6d58d0-SNAPSHOT.jar:/home/user/.m2/repository/org/apache/ratis/ratis-thirdparty-misc/0.2.0/ratis-thirdparty-misc-0.2.0.jar:/home/user/.m2/repository/org/apache/ratis/ratis-proto/0.5.0-d6d58d0-SNAPSHOT/ratis-proto-0.5.0-d6d58d0-SNAPSHOT.jar:/home/user/.m2/repository/org/apache/ratis/ratis-common/0.5.0-d6d58d0-SNAPSHOT/ratis-common-0.5.0-d6d58d0-SNAPSHOT.jar:/home/user/.m2/repository/org/apache/ratis/ratis-client/0.5.0-d6d58d0-SNAPSHOT/ratis-client-0.5.0-d6d58d0-SNAPSHOT.jar:/home/user/.m2/repository/org/apache/ratis/ratis-metrics/0.5.0-d6d58d0-SNAPSHOT/ratis-metrics-0.5.0-d6d58d0-SNAPSHOT.jar:/home/user/.m2/repository/org/apache/ratis/ratis-netty/0.5.0-d6d58d0-SNAPSHOT/ratis-netty-0.5.0-d6d58d0-SNAPSHOT.jar:/home/user/.m2/repository/org/apache/ratis/ratis-grpc/0.5.0-d6d58d0-SNAPSHOT/ratis-grpc-0.5.0-d6d58d0-SNAPSHOT.jar:/home/user/.m2/repository/org/rocksdb/rocksdbjni/6.0.1/rocksdbjni-6.0.1.jar:/home/user/.m2/repository/org/apache/logging/log4j/log4j-api/2.11.0/log4j-api-2.11.0.jar:/home/user/.m2/repository/org/apache/logging/log4j/log4j-core/2.11.0/log4j-core-2.11.0.jar:/home/user/.m2/repository/com/lmax/disruptor/3.4.2/disruptor-3.4.2.jar:/home/user/.m2/repository/org/apache/commons/commons-pool2/2.6.0/commons-pool2-2.6.0.jar:/home/user/.m2/repository/org/bouncycastle/bcpkix-jdk15on/1.60/bcpkix-jdk15on-1.60.jar:/home/user/.m2/repository/commons-validator/commons-validator/1.6/commons-validator-1.6.jar:/home/user/.m2/repository/commons-digester/commons-digester/1.8.1/commons-digester-1.8.1.jar:/home/user/.m2/repository/io/jaegertracing/jaeger-client/0.34.0/jaeger-client-0.34.0.jar:/home/user/.m2/repository/io/jaegertracing/jaeger-thrift/0.34.0/jaeger-thrift-0.34.0.jar:/home/user/.m2/repository/org/apache/thrift/libthrift/0.12.0/libthrift-0.12.0.jar:/home/user/.m2/repository/com/squareup/okhttp3/okhttp/3.9.0/okhttp-3.9.0.jar:/home/user/.m2/repository/com/squareup/okio/okio/1.13.0/okio-1.13.0.jar:/home/user/.m2/repository/io/jaegertracing/jaeger-core/0.34.0/jaeger-core-0.34.0.jar:/home/user/.m2/repository/io/jaegertracing/jaeger-tracerresolver/0.34.0/jaeger-tracerresolver-0.34.0.jar:/home/user/.m2/repository/io/opentracing/contrib/opentracing-tracerresolver/0.1.5/opentracing-tracerresolver-0.1.5.jar:/home/user/.m2/repository/io/opentracing/opentracing-util/0.31.0/opentracing-util-0.31.0.jar:/home/user/.m2/repository/io/opentracing/opentracing-api/0.31.0/opentracing-api-0.31.0.jar:/home/user/.m2/repository/io/opentracing/opentracing-noop/0.31.0/opentracing-noop-0.31.0.jar:/home/user/.m2/repository/org/apache/hadoop/hadoop-hdds-server-framework/0.5.0-SNAPSHOT/hadoop-hdds-server-framework-0.5.0-SNAPSHOT.jar:/home/user/.m2/repository/org/apache/hadoop/hadoop-hdds-container-service/0.5.0-SNAPSHOT/hadoop-hdds-container-service-0.5.0-SNAPSHOT.jar:/home/user/.m2/repository/org/apache/hadoop/hadoop-hdds-client/0.5.0-SNAPSHOT/hadoop-hdds-client-0.5.0-SNAPSHOT.jar:/home/user/.m2/repository/org/apache/hadoop/hadoop-hdds-tools/0.5.0-SNAPSHOT/hadoop-hdds-tools-0.5.0-SNAPSHOT.jar:/home/user/.m2/repository/org/apache/hadoop/hadoop-hdds-server-scm/0.5.0-SNAPSHOT/hadoop-hdds-server-scm-0.5.0-SNAPSHOT.jar:/home/user/.m2/repository/org/apache/hadoop/hadoop-hdds-docs/0.5.0-SNAPSHOT/hadoop-hdds-docs-0.5.0-SNAPSHOT.jar:/home/user/.m2/repository/io/dropwizard/metrics/metrics-core/3.2.4/metrics-core-3.2.4.jar:/home/user/.m2/repository/org/hamcrest/hamcrest-all/1.3/hamcrest-all-1.3.jar:/home/user/.m2/repository/org/bouncycastle/bcprov-jdk15on/1.60/bcprov-jdk15on-1.60.jar:/home/user/.m2/repository/info/picocli/picocli/3.9.6/picocli-3.9.6.jar:/home/user/.m2/repository/com/google/protobuf/protobuf-java/2.5.0/protobuf-java-2.5.0.jar:/home/user/.m2/repository/com/google/guava/guava/11.0.2/guava-11.0.2.jar:/home/user/.m2/repository/org/apache/hadoop/hadoop-ozone-ozone-manager/0.5.0-SNAPSHOT/hadoop-ozone-ozone-manager-0.5.0-SNAPSHOT.jar:/home/user/.m2/repository/org/apache/hadoop/hadoop-minikdc/3.2.0/hadoop-minikdc-3.2.0.jar:/home/user/.m2/repository/commons-io/commons-io/2.5/commons-io-2.5.jar:/home/user/.m2/repository/org/apache/kerby/kerb-simplekdc/1.0.1/kerb-simplekdc-1.0.1.jar:/home/user/.m2/repository/org/apache/kerby/kerb-client/1.0.1/kerb-client-1.0.1.jar:/home/user/.m2/repository/org/apache/kerby/kerby-config/1.0.1/kerby-config-1.0.1.jar:/home/user/.m2/repository/org/apache/kerby/kerb-core/1.0.1/kerb-core-1.0.1.jar:/home/user/.m2/repository/org/apache/kerby/kerby-pkix/1.0.1/kerby-pkix-1.0.1.jar:/home/user/.m2/repository/org/apache/kerby/kerby-asn1/1.0.1/kerby-asn1-1.0.1.jar:/home/user/.m2/repository/org/apache/kerby/kerby-util/1.0.1/kerby-util-1.0.1.jar:/home/user/.m2/repository/org/apache/kerby/kerb-common/1.0.1/kerb-common-1.0.1.jar:/home/user/.m2/repository/org/apache/kerby/kerb-crypto/1.0.1/kerb-crypto-1.0.1.jar:/home/user/.m2/repository/org/apache/kerby/kerb-util/1.0.1/kerb-util-1.0.1.jar:/home/user/.m2/repository/org/apache/kerby/token-provider/1.0.1/token-provider-1.0.1.jar:/home/user/.m2/repository/org/apache/kerby/kerb-admin/1.0.1/kerb-admin-1.0.1.jar:/home/user/.m2/repository/org/apache/kerby/kerb-server/1.0.1/kerb-server-1.0.1.jar:/home/user/.m2/repository/org/apache/kerby/kerb-identity/1.0.1/kerb-identity-1.0.1.jar:/home/user/.m2/repository/org/apache/kerby/kerby-xdr/1.0.1/kerby-xdr-1.0.1.jar:/home/user/.m2/repository/org/slf4j/slf4j-log4j12/1.7.25/slf4j-log4j12-1.7.25.jar:/home/user/.m2/repository/org/apache/hadoop/hadoop-ozone-s3gateway/0.5.0-SNAPSHOT/hadoop-ozone-s3gateway-0.5.0-SNAPSHOT.jar:/home/user/.m2/repository/org/jboss/weld/servlet/weld-servlet/2.4.7.Final/weld-servlet-2.4.7.Final.jar:/home/user/.m2/repository/org/glassfish/jersey/containers/jersey-container-servlet-core/2.27/jersey-container-servlet-core-2.27.jar:/home/user/.m2/repository/org/glassfish/hk2/external/javax.inject/2.5.0-b42/javax.inject-2.5.0-b42.jar:/home/user/.m2/repository/org/glassfish/jersey/core/jersey-common/2.27/jersey-common-2.27.jar:/home/user/.m2/repository/org/glassfish/hk2/osgi-resource-locator/1.0.1/osgi-resource-locator-1.0.1.jar:/home/user/.m2/repository/javax/ws/rs/javax.ws.rs-api/2.1/javax.ws.rs-api-2.1.jar:/home/user/.m2/repository/org/glassfish/jersey/ext/cdi/jersey-cdi1x/2.27/jersey-cdi1x-2.27.jar:/home/user/.m2/repository/org/glassfish/jersey/inject/jersey-hk2/2.27/jersey-hk2-2.27.jar:/home/user/.m2/repository/org/glassfish/hk2/hk2-locator/2.5.0-b42/hk2-locator-2.5.0-b42.jar:/home/user/.m2/repository/org/javassist/javassist/3.22.0-CR2/javassist-3.22.0-CR2.jar:/home/user/.m2/repository/org/glassfish/hk2/hk2-api/2.5.0/hk2-api-2.5.0.jar:/home/user/.m2/repository/org/glassfish/hk2/external/jakarta.inject/2.5.0/jakarta.inject-2.5.0.jar:/home/user/.m2/repository/org/glassfish/hk2/hk2-utils/2.5.0/hk2-utils-2.5.0.jar:/home/user/.m2/repository/jakarta/annotation/jakarta.annotation-api/1.3.4/jakarta.annotation-api-1.3.4.jar:/home/user/.m2/repository/org/glassfish/hk2/external/aopalliance-repackaged/2.5.0/aopalliance-repackaged-2.5.0.jar:/home/user/.m2/repository/com/fasterxml/jackson/dataformat/jackson-dataformat-xml/2.9.0/jackson-dataformat-xml-2.9.0.jar:/home/user/.m2/repository/com/fasterxml/jackson/core/jackson-core/2.9.9/jackson-core-2.9.9.jar:/home/user/.m2/repository/com/fasterxml/jackson/module/jackson-module-jaxb-annotations/2.9.9/jackson-module-jaxb-annotations-2.9.9.jar:/home/user/.m2/repository/javax/enterprise/cdi-api/1.2/cdi-api-1.2.jar:/home/user/.m2/repository/javax/el/javax.el-api/3.0.0/javax.el-api-3.0.0.jar:/home/user/.m2/repository/javax/interceptor/javax.interceptor-api/1.2/javax.interceptor-api-1.2.jar:/home/user/.m2/repository/javax/inject/javax.inject/1/javax.inject-1.jar:/home/user/.m2/repository/com/sun/xml/bind/jaxb-impl/2.3.0.1/jaxb-impl-2.3.0.1.jar:/home/user/.m2/repository/com/sun/xml/bind/jaxb-core/2.3.0.1/jaxb-core-2.3.0.1.jar:/home/user/.m2/repository/javax/xml/bind/jaxb-api/2.3.0/jaxb-api-2.3.0.jar:/home/user/.m2/repository/javax/activation/activation/1.1.1/activation-1.1.1.jar:/home/user/.m2/repository/org/apache/hadoop/hadoop-ozone-csi/0.5.0-SNAPSHOT/hadoop-ozone-csi-0.5.0-SNAPSHOT.jar:/home/user/.m2/repository/com/google/protobuf/protobuf-java-util/3.5.1/protobuf-java-util-3.5.1.jar:/home/user/.m2/repository/org/apache/hadoop/hadoop-hdds-config/0.5.0-SNAPSHOT/hadoop-hdds-config-0.5.0-SNAPSHOT.jar:/home/user/.m2/repository/io/grpc/grpc-netty/1.17.1/grpc-netty-1.17.1.jar:/home/user/.m2/repository/io/grpc/grpc-core/1.17.1/grpc-core-1.17.1.jar:/home/user/.m2/repository/io/grpc/grpc-context/1.17.1/grpc-context-1.17.1.jar:/home/user/.m2/repository/com/google/errorprone/error_prone_annotations/2.2.0/error_prone_annotations-2.2.0.jar:/home/user/.m2/repository/org/codehaus/mojo/animal-sniffer-annotations/1.17/animal-sniffer-annotations-1.17.jar:/home/user/.m2/repository/io/opencensus/opencensus-api/0.17.0/opencensus-api-0.17.0.jar:/home/user/.m2/repository/io/opencensus/opencensus-contrib-grpc-metrics/0.17.0/opencensus-contrib-grpc-metrics-0.17.0.jar:/home/user/.m2/repository/io/netty/netty-codec-http2/4.1.30.Final/netty-codec-http2-4.1.30.Final.jar:/home/user/.m2/repository/io/netty/netty-codec-http/4.1.30.Final/netty-codec-http-4.1.30.Final.jar:/home/user/.m2/repository/io/netty/netty-codec/4.1.30.Final/netty-codec-4.1.30.Final.jar:/home/user/.m2/repository/io/netty/netty-handler/4.1.30.Final/netty-handler-4.1.30.Final.jar:/home/user/.m2/repository/io/netty/netty-handler-proxy/4.1.30.Final/netty-handler-proxy-4.1.30.Final.jar:/home/user/.m2/repository/io/netty/netty-codec-socks/4.1.30.Final/netty-codec-socks-4.1.30.Final.jar:/home/user/.m2/repository/io/netty/netty-transport-native-epoll/4.1.30.Final/netty-transport-native-epoll-4.1.30.Final.jar:/home/user/.m2/repository/io/netty/netty-common/4.1.30.Final/netty-common-4.1.30.Final.jar:/home/user/.m2/repository/io/netty/netty-buffer/4.1.30.Final/netty-buffer-4.1.30.Final.jar:/home/user/.m2/repository/io/netty/netty-transport/4.1.30.Final/netty-transport-4.1.30.Final.jar:/home/user/.m2/repository/io/netty/netty-resolver/4.1.30.Final/netty-resolver-4.1.30.Final.jar:/home/user/.m2/repository/io/netty/netty-transport-native-unix-common/4.1.30.Final/netty-transport-native-unix-common-4.1.30.Final.jar:/home/user/.m2/repository/io/grpc/grpc-protobuf/1.17.1/grpc-protobuf-1.17.1.jar:/home/user/.m2/repository/com/google/api/grpc/proto-google-common-protos/1.0.0/proto-google-common-protos-1.0.0.jar:/home/user/.m2/repository/io/grpc/grpc-protobuf-lite/1.17.1/grpc-protobuf-lite-1.17.1.jar:/home/user/.m2/repository/io/grpc/grpc-stub/1.17.1/grpc-stub-1.17.1.jar:/home/user/.m2/repository/org/apache/hadoop/hadoop-ozone-recon/0.5.0-SNAPSHOT/hadoop-ozone-recon-0.5.0-SNAPSHOT.jar:/home/user/.m2/repository/org/apache/hadoop/hadoop-ozone-reconcodegen/0.5.0-SNAPSHOT/hadoop-ozone-reconcodegen-0.5.0-SNAPSHOT.jar:/home/user/.m2/repository/com/google/inject/extensions/guice-multibindings/4.0/guice-multibindings-4.0.jar:/home/user/.m2/repository/com/google/inject/guice/4.0/guice-4.0.jar:/home/user/.m2/repository/aopalliance/aopalliance/1.0/aopalliance-1.0.jar:/home/user/.m2/repository/com/google/inject/extensions/guice-servlet/4.0/guice-servlet-4.0.jar:/home/user/.m2/repository/org/glassfish/jersey/containers/jersey-container-servlet/2.27/jersey-container-servlet-2.27.jar:/home/user/.m2/repository/org/glassfish/hk2/guice-bridge/2.5.0/guice-bridge-2.5.0.jar:/home/user/.m2/repository/org/glassfish/jersey/core/jersey-server/2.27/jersey-server-2.27.jar:/home/user/.m2/repository/org/glassfish/jersey/core/jersey-client/2.27/jersey-client-2.27.jar:/home/user/.m2/repository/org/glassfish/jersey/media/jersey-media-jaxb/2.27/jersey-media-jaxb-2.27.jar:/home/user/.m2/repository/javax/validation/validation-api/1.1.0.Final/validation-api-1.1.0.Final.jar:/home/user/.m2/repository/org/glassfish/jersey/media/jersey-media-json-jackson/2.27/jersey-media-json-jackson-2.27.jar:/home/user/.m2/repository/org/glassfish/jersey/ext/jersey-entity-filtering/2.27/jersey-entity-filtering-2.27.jar:/home/user/.m2/repository/com/google/inject/extensions/guice-assistedinject/4.0/guice-assistedinject-4.0.jar:/home/user/.m2/repository/org/jooq/jooq/3.11.10/jooq-3.11.10.jar:/home/user/.m2/repository/org/jooq/jooq-meta/3.11.10/jooq-meta-3.11.10.jar:/home/user/.m2/repository/org/jooq/jooq-codegen/3.11.10/jooq-codegen-3.11.10.jar:/home/user/.m2/repository/com/jolbox/bonecp/0.8.0.RELEASE/bonecp-0.8.0.RELEASE.jar:/home/user/.m2/repository/org/xerial/sqlite-jdbc/3.25.2/sqlite-jdbc-3.25.2.jar:/home/user/.m2/repository/org/springframework/spring-jdbc/5.1.3.RELEASE/spring-jdbc-5.1.3.RELEASE.jar:/home/user/.m2/repository/org/springframework/spring-beans/5.1.3.RELEASE/spring-beans-5.1.3.RELEASE.jar:/home/user/.m2/repository/org/springframework/spring-core/5.1.3.RELEASE/spring-core-5.1.3.RELEASE.jar:/home/user/.m2/repository/org/springframework/spring-jcl/5.1.3.RELEASE/spring-jcl-5.1.3.RELEASE.jar:/home/user/.m2/repository/org/springframework/spring-tx/5.1.3.RELEASE/spring-tx-5.1.3.RELEASE.jar:/home/user/.m2/repository/org/apache/hadoop/hadoop-ozone-client/0.5.0-SNAPSHOT/hadoop-ozone-client-0.5.0-SNAPSHOT.jar:/home/user/.m2/repository/commons-lang/commons-lang/2.6/commons-lang-2.6.jar:/home/user/.m2/repository/org/apache/hadoop/hadoop-ozone-ozone-manager/0.5.0-SNAPSHOT/hadoop-ozone-ozone-manager-0.5.0-SNAPSHOT-tests.jar:/home/user/.m2/repository/junit/junit/4.11/junit-4.11.jar:/home/user/.m2/repository/org/hamcrest/hamcrest-core/1.3/hamcrest-core-1.3.jar:/home/user/.m2/repository/org/openjdk/jmh/jmh-core/1.19/jmh-core-1.19.jar:/home/user/.m2/repository/net/sf/jopt-simple/jopt-simple/4.6/jopt-simple-4.6.jar:/home/user/.m2/repository/org/apache/commons/commons-math3/3.1.1/commons-math3-3.1.1.jar:/home/user/.m2/repository/org/openjdk/jmh/jmh-generator-annprocess/1.19/jmh-generator-annprocess-1.19.jar:/home/user/.m2/repository/org/mockito/mockito-all/1.8.5/mockito-all-1.8.5.jar:/home/user/.m2/repository/org/apache/hadoop/hadoop-kms/3.2.0/hadoop-kms-3.2.0.jar:/home/user/.m2/repository/org/apache/hadoop/hadoop-auth/3.2.0/hadoop-auth-3.2.0.jar:/home/user/.m2/repository/com/nimbusds/nimbus-jose-jwt/4.41.1/nimbus-jose-jwt-4.41.1.jar:/home/user/.m2/repository/com/github/stephenc/jcip/jcip-annotations/1.0-1/jcip-annotations-1.0-1.jar:/home/user/.m2/repository/net/minidev/json-smart/2.3/json-smart-2.3.jar:/home/user/.m2/repository/net/minidev/accessors-smart/1.2/accessors-smart-1.2.jar:/home/user/.m2/repository/org/ow2/asm/asm/5.0.4/asm-5.0.4.jar:/home/user/.m2/repository/org/apache/curator/curator-framework/2.12.0/curator-framework-2.12.0.jar:/home/user/.m2/repository/com/sun/jersey/jersey-core/1.19/jersey-core-1.19.jar:/home/user/.m2/repository/javax/ws/rs/jsr311-api/1.1.1/jsr311-api-1.1.1.jar:/home/user/.m2/repository/com/sun/jersey/jersey-server/1.19/jersey-server-1.19.jar:/home/user/.m2/repository/javax/servlet/javax.servlet-api/3.1.0/javax.servlet-api-3.1.0.jar:/home/user/.m2/repository/org/eclipse/jetty/jetty-server/9.3.25.v20180904/jetty-server-9.3.25.v20180904.jar:/home/user/.m2/repository/org/eclipse/jetty/jetty-http/9.3.25.v20180904/jetty-http-9.3.25.v20180904.jar:/home/user/.m2/repository/org/eclipse/jetty/jetty-io/9.3.25.v20180904/jetty-io-9.3.25.v20180904.jar:/home/user/.m2/repository/org/eclipse/jetty/jetty-webapp/9.3.25.v20180904/jetty-webapp-9.3.25.v20180904.jar:/home/user/.m2/repository/org/eclipse/jetty/jetty-xml/9.3.25.v20180904/jetty-xml-9.3.25.v20180904.jar:/home/user/.m2/repository/log4j/log4j/1.2.17/log4j-1.2.17.jar:/home/user/.m2/repository/org/slf4j/slf4j-api/1.7.25/slf4j-api-1.7.25.jar:/home/user/.m2/repository/org/slf4j/jul-to-slf4j/1.7.25/jul-to-slf4j-1.7.25.jar:/home/user/.m2/repository/org/eclipse/jetty/jetty-util/9.3.25.v20180904/jetty-util-9.3.25.v20180904.jar:/home/user/.m2/repository/com/fasterxml/jackson/core/jackson-databind/2.9.9/jackson-databind-2.9.9.jar:/home/user/.m2/repository/org/apache/hadoop/hadoop-kms/3.2.0/hadoop-kms-3.2.0-tests.jar:/home/user/.m2/repository/org/apache/hadoop/hadoop-hdds-server-scm/0.5.0-SNAPSHOT/hadoop-hdds-server-scm-0.5.0-SNAPSHOT-tests.jar:/home/user/.m2/repository/org/apache/hadoop/hadoop-hdds-container-service/0.5.0-SNAPSHOT/hadoop-hdds-container-service-0.5.0-SNAPSHOT-tests.jar:/home/user/.m2/repository/org/yaml/snakeyaml/1.16/snakeyaml-1.16.jar:/home/user/.m2/repository/org/apache/hadoop/hadoop-common/3.2.0/hadoop-common-3.2.0-tests.jar:/home/user/.m2/repository/org/apache/hadoop/hadoop-annotations/3.2.0/hadoop-annotations-3.2.0.jar:/usr/lib/jvm/java-1.8.0-openjdk-1.8.0.222.b10-1.el7_7.x86_64/jre/../lib/tools.jar:/home/user/.m2/repository/commons-cli/commons-cli/1.2/commons-cli-1.2.jar:/home/user/.m2/repository/org/apache/httpcomponents/httpclient/4.5.2/httpclient-4.5.2.jar:/home/user/.m2/repository/org/apache/httpcomponents/httpcore/4.4.4/httpcore-4.4.4.jar:/home/user/.m2/repository/commons-codec/commons-codec/1.11/commons-codec-1.11.jar:/home/user/.m2/repository/commons-net/commons-net/3.6/commons-net-3.6.jar:/home/user/.m2/repository/commons-collections/commons-collections/3.2.2/commons-collections-3.2.2.jar:/home/user/.m2/repository/org/eclipse/jetty/jetty-servlet/9.3.25.v20180904/jetty-servlet-9.3.25.v20180904.jar:/home/user/.m2/repository/org/eclipse/jetty/jetty-security/9.3.25.v20180904/jetty-security-9.3.25.v20180904.jar:/home/user/.m2/repository/javax/servlet/jsp/jsp-api/2.1/jsp-api-2.1.jar:/home/user/.m2/repository/com/sun/jersey/jersey-servlet/1.19/jersey-servlet-1.19.jar:/home/user/.m2/repository/com/sun/jersey/jersey-json/1.19/jersey-json-1.19.jar:/home/user/.m2/repository/org/codehaus/jettison/jettison/1.1/jettison-1.1.jar:/home/user/.m2/repository/org/codehaus/jackson/jackson-core-asl/1.9.13/jackson-core-asl-1.9.13.jar:/home/user/.m2/repository/org/codehaus/jackson/jackson-mapper-asl/1.9.13/jackson-mapper-asl-1.9.13.jar:/home/user/.m2/repository/org/codehaus/jackson/jackson-jaxrs/1.9.13/jackson-jaxrs-1.9.13.jar:/home/user/.m2/repository/org/codehaus/jackson/jackson-xc/1.9.13/jackson-xc-1.9.13.jar:/home/user/.m2/repository/commons-logging/commons-logging/1.1.3/commons-logging-1.1.3.jar:/home/user/.m2/repository/commons-beanutils/commons-beanutils/1.9.4/commons-beanutils-1.9.4.jar:/home/user/.m2/repository/org/apache/commons/commons-configuration2/2.1.1/commons-configuration2-2.1.1.jar:/home/user/.m2/repository/org/apache/commons/commons-lang3/3.7/commons-lang3-3.7.jar:/home/user/.m2/repository/org/apache/commons/commons-text/1.4/commons-text-1.4.jar:/home/user/.m2/repository/org/apache/avro/avro/1.7.7/avro-1.7.7.jar:/home/user/.m2/repository/com/thoughtworks/paranamer/paranamer/2.3/paranamer-2.3.jar:/home/user/.m2/repository/org/xerial/snappy/snappy-java/1.0.5/snappy-java-1.0.5.jar:/home/user/.m2/repository/com/google/re2j/re2j/1.1/re2j-1.1.jar:/home/user/.m2/repository/com/google/code/gson/gson/2.2.4/gson-2.2.4.jar:/home/user/.m2/repository/com/jcraft/jsch/0.1.54/jsch-0.1.54.jar:/home/user/.m2/repository/org/apache/curator/curator-client/2.12.0/curator-client-2.12.0.jar:/home/user/.m2/repository/org/apache/curator/curator-recipes/2.12.0/curator-recipes-2.12.0.jar:/home/user/.m2/repository/com/google/code/findbugs/jsr305/3.0.0/jsr305-3.0.0.jar:/home/user/.m2/repository/org/apache/htrace/htrace-core4/4.1.0-incubating/htrace-core4-4.1.0-incubating.jar:/home/user/.m2/repository/org/apache/zookeeper/zookeeper/3.4.13/zookeeper-3.4.13.jar:/home/user/.m2/repository/jline/jline/0.9.94/jline-0.9.94.jar:/home/user/.m2/repository/org/apache/yetus/audience-annotations/0.5.0/audience-annotations-0.5.0.jar:/home/user/.m2/repository/org/codehaus/woodstox/stax2-api/3.1.4/stax2-api-3.1.4.jar:/home/user/.m2/repository/com/fasterxml/woodstox/woodstox-core/5.0.3/woodstox-core-5.0.3.jar:/home/user/.m2/repository/dnsjava/dnsjava/2.1.7/dnsjava-2.1.7.jar:/home/user/.m2/repository/org/apache/hadoop/hadoop-hdfs/3.2.0/hadoop-hdfs-3.2.0-tests.jar:/home/user/.m2/repository/org/eclipse/jetty/jetty-util-ajax/9.3.25.v20180904/jetty-util-ajax-9.3.25.v20180904.jar:/home/user/.m2/repository/commons-daemon/commons-daemon/1.0.13/commons-daemon-1.0.13.jar:/home/user/.m2/repository/io/netty/netty/3.10.5.Final/netty-3.10.5.Final.jar:/home/user/.m2/repository/io/netty/netty-all/4.0.52.Final/netty-all-4.0.52.Final.jar:/home/user/.m2/repository/org/fusesource/leveldbjni/leveldbjni-all/1.8/leveldbjni-all-1.8.jar:"/>
    <property name="sun.cpu.endian" value="little"/>
    <property name="user.home" value="/home/user"/>
    <property name="user.language" value="en"/>
    <property name="java.specification.vendor" value="Oracle Corporation"/>
    <property name="java.home" value="/usr/lib/jvm/java-1.8.0-openjdk-1.8.0.222.b10-1.el7_7.x86_64/jre"/>
    <property name="surefire.excludesFile" value="/tools/ozone-bad-unit-tests"/>
    <property name="java.security.krb5.conf" value="/workdir/hadoop-ozone/integration-test/target/test-classes/krb5.conf"/>
    <property name="basedir" value="/workdir/hadoop-ozone/integration-test"/>
    <property name="file.separator" value="/"/>
    <property name="line.separator" value="&#10;"/>
    <property name="java.vm.specification.vendor" value="Oracle Corporation"/>
    <property name="java.specification.name" value="Java Platform API Specification"/>
    <property name="java.awt.graphicsenv" value="sun.awt.X11GraphicsEnvironment"/>
    <property name="surefire.real.class.path" value="/workdir/hadoop-ozone/integration-test/target/surefire/surefirebooter4128413383145449176.jar"/>
    <property name="hadoop.log.dir" value="/workdir/hadoop-ozone/integration-test/target/log"/>
    <property name="sun.boot.class.path" value="/usr/lib/jvm/java-1.8.0-openjdk-1.8.0.222.b10-1.el7_7.x86_64/jre/lib/resources.jar:/usr/lib/jvm/java-1.8.0-openjdk-1.8.0.222.b10-1.el7_7.x86_64/jre/lib/rt.jar:/usr/lib/jvm/java-1.8.0-openjdk-1.8.0.222.b10-1.el7_7.x86_64/jre/lib/sunrsasign.jar:/usr/lib/jvm/java-1.8.0-openjdk-1.8.0.222.b10-1.el7_7.x86_64/jre/lib/jsse.jar:/usr/lib/jvm/java-1.8.0-openjdk-1.8.0.222.b10-1.el7_7.x86_64/jre/lib/jce.jar:/usr/lib/jvm/java-1.8.0-openjdk-1.8.0.222.b10-1.el7_7.x86_64/jre/lib/charsets.jar:/usr/lib/jvm/java-1.8.0-openjdk-1.8.0.222.b10-1.el7_7.x86_64/jre/lib/jfr.jar:/usr/lib/jvm/java-1.8.0-openjdk-1.8.0.222.b10-1.el7_7.x86_64/jre/classes"/>
    <property name="sun.management.compiler" value="HotSpot 64-Bit Tiered Compilers"/>
    <property name="java.runtime.version" value="1.8.0_222-b10"/>
    <property name="java.net.preferIPv4Stack" value="true"/>
    <property name="user.name" value="jenkins1000"/>
    <property name="path.separator" value=":"/>
    <property name="java.security.egd" value="file:///dev/urandom"/>
    <property name="os.version" value="3.10.0-957.12.2.el7.x86_64"/>
    <property name="java.endorsed.dirs" value="/usr/lib/jvm/java-1.8.0-openjdk-1.8.0.222.b10-1.el7_7.x86_64/jre/lib/endorsed"/>
    <property name="java.runtime.name" value="OpenJDK Runtime Environment"/>
    <property name="file.encoding" value="ANSI_X3.4-1968"/>
    <property name="java.vm.name" value="OpenJDK 64-Bit Server VM"/>
    <property name="test.build.webapps" value=""/>
    <property name="localRepository" value="/home/user/.m2/repository"/>
    <property name="java.vendor.url.bug" value="http://bugreport.sun.com/bugreport/"/>
    <property name="java.io.tmpdir" value="/tmp"/>
    <property name="require.test.libhadoop" value=""/>
    <property name="java.version" value="1.8.0_222"/>
    <property name="user.dir" value="/workdir/hadoop-ozone/integration-test"/>
    <property name="os.arch" value="amd64"/>
    <property name="java.vm.specification.name" value="Java Virtual Machine Specification"/>
    <property name="test.build.classes" value="/workdir/hadoop-ozone/integration-test/target/test-classes"/>
    <property name="java.awt.printerjob" value="sun.print.PSPrinterJob"/>
    <property name="sun.os.patch.level" value="unknown"/>
    <property name="hadoop.tmp.dir" value="/workdir/hadoop-ozone/integration-test/target/tmp"/>
    <property name="java.library.path" value="/usr/lib:/workdir/hadoop-ozone/integration-test/target/native/target/usr/local/lib:/workdir/hadoop-ozone/integration-test/../../hadoop-common-project/hadoop-common/target/native/target/usr/local/lib:/usr/java/packages/lib/amd64:/usr/lib64:/lib64:/lib:/usr/lib"/>
    <property name="java.vm.info" value="mixed mode"/>
    <property name="java.vendor" value="Oracle Corporation"/>
    <property name="java.vm.version" value="25.222-b10"/>
    <property name="java.ext.dirs" value="/usr/lib/jvm/java-1.8.0-openjdk-1.8.0.222.b10-1.el7_7.x86_64/jre/lib/ext:/usr/java/packages/lib/ext"/>
    <property name="sun.io.unicode.encoding" value="UnicodeLittle"/>
    <property name="java.class.version" value="52.0"/>
  </properties>
  <testcase name="testMultiBlockWritesWithIntermittentDnFailures" classname="org.apache.hadoop.ozone.client.rpc.TestMultiBlockWritesWithDnFailures" time="65.091"/>
  <testcase name="testMultiBlockWritesWithDnFailures" classname="org.apache.hadoop.ozone.client.rpc.TestMultiBlockWritesWithDnFailures" time="25.41">
    <error message="Allocated 0 blocks. Requested 1 blocks" type="INTERNAL_ERROR org.apache.hadoop.ozone.om.exceptions.OMException">INTERNAL_ERROR org.apache.hadoop.ozone.om.exceptions.OMException: Allocated 0 blocks. Requested 1 blocks
	at org.apache.hadoop.ozone.om.protocolPB.OzoneManagerProtocolClientSideTranslatorPB.handleError(OzoneManagerProtocolClientSideTranslatorPB.java:761)
	at org.apache.hadoop.ozone.om.protocolPB.OzoneManagerProtocolClientSideTranslatorPB.allocateBlock(OzoneManagerProtocolClientSideTranslatorPB.java:793)
	at sun.reflect.NativeMethodAccessorImpl.invoke0(Native Method)
	at sun.reflect.NativeMethodAccessorImpl.invoke(NativeMethodAccessorImpl.java:62)
	at sun.reflect.DelegatingMethodAccessorImpl.invoke(DelegatingMethodAccessorImpl.java:43)
	at java.lang.reflect.Method.invoke(Method.java:498)
	at org.apache.hadoop.hdds.tracing.TraceAllMethod.invoke(TraceAllMethod.java:66)
	at com.sun.proxy.$Proxy36.allocateBlock(Unknown Source)
	at org.apache.hadoop.ozone.client.io.BlockOutputStreamEntryPool.allocateNewBlock(BlockOutputStreamEntryPool.java:259)
	at org.apache.hadoop.ozone.client.io.BlockOutputStreamEntryPool.allocateBlockIfNeeded(BlockOutputStreamEntryPool.java:307)
	at org.apache.hadoop.ozone.client.io.KeyOutputStream.handleWrite(KeyOutputStream.java:198)
	at org.apache.hadoop.ozone.client.io.KeyOutputStream.handleRetry(KeyOutputStream.java:375)
	at org.apache.hadoop.ozone.client.io.KeyOutputStream.handleException(KeyOutputStream.java:324)
	at org.apache.hadoop.ozone.client.io.KeyOutputStream.handleWrite(KeyOutputStream.java:228)
	at org.apache.hadoop.ozone.client.io.KeyOutputStream.write(KeyOutputStream.java:190)
	at org.apache.hadoop.ozone.client.io.OzoneOutputStream.write(OzoneOutputStream.java:49)
	at java.io.OutputStream.write(OutputStream.java:75)
	at org.apache.hadoop.ozone.client.rpc.TestMultiBlockWritesWithDnFailures.testMultiBlockWritesWithDnFailures(TestMultiBlockWritesWithDnFailures.java:123)
	at sun.reflect.NativeMethodAccessorImpl.invoke0(Native Method)
	at sun.reflect.NativeMethodAccessorImpl.invoke(NativeMethodAccessorImpl.java:62)
	at sun.reflect.DelegatingMethodAccessorImpl.invoke(DelegatingMethodAccessorImpl.java:43)
	at java.lang.reflect.Method.invoke(Method.java:498)
	at org.junit.runners.model.FrameworkMethod$1.runReflectiveCall(FrameworkMethod.java:47)
	at org.junit.internal.runners.model.ReflectiveCallable.run(ReflectiveCallable.java:12)
	at org.junit.runners.model.FrameworkMethod.invokeExplosively(FrameworkMethod.java:44)
	at org.junit.internal.runners.statements.InvokeMethod.evaluate(InvokeMethod.java:17)
	at org.junit.internal.runners.statements.RunAfters.evaluate(RunAfters.java:27)
	at org.junit.runners.ParentRunner.runLeaf(ParentRunner.java:271)
	at org.junit.runners.BlockJUnit4ClassRunner.runChild(BlockJUnit4ClassRunner.java:70)
	at org.junit.runners.BlockJUnit4ClassRunner.runChild(BlockJUnit4ClassRunner.java:50)
	at org.junit.runners.ParentRunner$3.run(ParentRunner.java:238)
	at org.junit.runners.ParentRunner$1.schedule(ParentRunner.java:63)
	at org.junit.runners.ParentRunner.runChildren(ParentRunner.java:236)
	at org.junit.runners.ParentRunner.access$000(ParentRunner.java:53)
	at org.junit.runners.ParentRunner$2.evaluate(ParentRunner.java:229)
	at org.junit.runners.ParentRunner.run(ParentRunner.java:309)
	at org.apache.maven.surefire.junit4.JUnit4Provider.execute(JUnit4Provider.java:365)
	at org.apache.maven.surefire.junit4.JUnit4Provider.executeWithRerun(JUnit4Provider.java:273)
	at org.apache.maven.surefire.junit4.JUnit4Provider.executeTestSet(JUnit4Provider.java:238)
	at org.apache.maven.surefire.junit4.JUnit4Provider.invoke(JUnit4Provider.java:159)
	at org.apache.maven.surefire.booter.ForkedBooter.invokeProviderInSameClassLoader(ForkedBooter.java:384)
	at org.apache.maven.surefire.booter.ForkedBooter.runSuitesInProcess(ForkedBooter.java:345)
	at org.apache.maven.surefire.booter.ForkedBooter.execute(ForkedBooter.java:126)
	at org.apache.maven.surefire.booter.ForkedBooter.main(ForkedBooter.java:418)
</error>
    <system-out><![CDATA[2019-11-14 17:40:50,268 [main] WARN  server.ServerUtils (ServerUtils.java:getScmDbDir(145)) - ozone.scm.db.dirs is not configured. We recommend adding this setting. Falling back to ozone.metadata.dirs instead.
2019-11-14 17:40:50,298 [main] WARN  server.ServerUtils (ServerUtils.java:getScmDbDir(145)) - ozone.scm.db.dirs is not configured. We recommend adding this setting. Falling back to ozone.metadata.dirs instead.
2019-11-14 17:40:50,299 [main] WARN  server.ServerUtils (ServerUtils.java:getScmDbDir(145)) - ozone.scm.db.dirs is not configured. We recommend adding this setting. Falling back to ozone.metadata.dirs instead.
2019-11-14 17:40:50,300 [main] INFO  db.DBStoreBuilder (DBStoreBuilder.java:addTable(127)) - using custom profile for table: deletedBlocks
2019-11-14 17:40:50,300 [main] INFO  db.DBStoreBuilder (DBStoreBuilder.java:processTables(183)) - Using default column profile:DBProfile.DISK for Table:deletedBlocks
2019-11-14 17:40:50,301 [main] INFO  db.DBStoreBuilder (DBStoreBuilder.java:addTable(127)) - using custom profile for table: validCerts
2019-11-14 17:40:50,301 [main] INFO  db.DBStoreBuilder (DBStoreBuilder.java:processTables(183)) - Using default column profile:DBProfile.DISK for Table:validCerts
2019-11-14 17:40:50,302 [main] INFO  db.DBStoreBuilder (DBStoreBuilder.java:addTable(127)) - using custom profile for table: revokedCerts
2019-11-14 17:40:50,302 [main] INFO  db.DBStoreBuilder (DBStoreBuilder.java:processTables(183)) - Using default column profile:DBProfile.DISK for Table:revokedCerts
2019-11-14 17:40:50,302 [main] INFO  db.DBStoreBuilder (DBStoreBuilder.java:addTable(127)) - using custom profile for table: default
2019-11-14 17:40:50,303 [main] INFO  db.DBStoreBuilder (DBStoreBuilder.java:processTables(189)) - Using default column profile:DBProfile.DISK for Table:default
2019-11-14 17:40:50,303 [main] INFO  db.DBStoreBuilder (DBStoreBuilder.java:getDbProfile(220)) - Using default options. DBProfile.DISK
2019-11-14 17:40:50,578 [main] INFO  net.NodeSchemaLoader (NodeSchemaLoader.java:loadSchemaFromFile(125)) - Loading file from sun.misc.CompoundEnumeration@b46e103
2019-11-14 17:40:50,578 [main] INFO  net.NodeSchemaLoader (NodeSchemaLoader.java:loadSchema(171)) - Loading network topology layer schema file
2019-11-14 17:40:50,585 [main] INFO  node.SCMNodeManager (SCMNodeManager.java:<init>(116)) - Entering startup safe mode.
2019-11-14 17:40:50,586 [main] INFO  algorithms.ContainerPlacementPolicyFactory (ContainerPlacementPolicyFactory.java:getPolicy(57)) - Create container placement policy of type org.apache.hadoop.hdds.scm.container.placement.algorithms.SCMContainerPlacementRandom
2019-11-14 17:40:50,586 [main] WARN  server.ServerUtils (ServerUtils.java:getScmDbDir(145)) - ozone.scm.db.dirs is not configured. We recommend adding this setting. Falling back to ozone.metadata.dirs instead.
2019-11-14 17:40:50,686 [main] INFO  pipeline.SCMPipelineManager (SCMPipelineManager.java:initializePipelineState(132)) - No pipeline exists in current db
2019-11-14 17:40:50,687 [main] WARN  server.ServerUtils (ServerUtils.java:getScmDbDir(145)) - ozone.scm.db.dirs is not configured. We recommend adding this setting. Falling back to ozone.metadata.dirs instead.
2019-11-14 17:40:50,789 [main] WARN  events.EventQueue (EventQueue.java:fireEvent(183)) - No event handler registered for event TypedEvent{payloadType=SafeModeStatus, name='SafeModeStatus'}
2019-11-14 17:40:50,790 [main] INFO  ipc.CallQueueManager (CallQueueManager.java:<init>(84)) - Using callQueue: class java.util.concurrent.LinkedBlockingQueue, queueCapacity: 2000, scheduler: class org.apache.hadoop.ipc.DefaultRpcScheduler, ipcBackoff: false.
2019-11-14 17:40:50,791 [Socket Reader #1 for port 44399] INFO  ipc.Server (Server.java:run(1074)) - Starting Socket Reader #1 for port 44399
2019-11-14 17:40:50,793 [main] INFO  ipc.CallQueueManager (CallQueueManager.java:<init>(84)) - Using callQueue: class java.util.concurrent.LinkedBlockingQueue, queueCapacity: 2000, scheduler: class org.apache.hadoop.ipc.DefaultRpcScheduler, ipcBackoff: false.
2019-11-14 17:40:50,794 [Socket Reader #1 for port 38926] INFO  ipc.Server (Server.java:run(1074)) - Starting Socket Reader #1 for port 38926
2019-11-14 17:40:50,796 [main] INFO  ipc.CallQueueManager (CallQueueManager.java:<init>(84)) - Using callQueue: class java.util.concurrent.LinkedBlockingQueue, queueCapacity: 2000, scheduler: class org.apache.hadoop.ipc.DefaultRpcScheduler, ipcBackoff: false.
2019-11-14 17:40:50,797 [Socket Reader #1 for port 45322] INFO  ipc.Server (Server.java:run(1074)) - Starting Socket Reader #1 for port 45322
2019-11-14 17:40:50,800 [main] INFO  hdfs.DFSUtil (DFSUtil.java:httpServerTemplateForNNAndJN(1641)) - Starting Web-server for scm at: http://0.0.0.0:0
2019-11-14 17:40:50,803 [main] INFO  server.AuthenticationFilter (AuthenticationFilter.java:constructSecretProvider(240)) - Unable to initialize FileSignerSecretProvider, falling back to use random secrets.
2019-11-14 17:40:50,804 [main] WARN  http.HttpRequestLog (HttpRequestLog.java:getRequestLog(97)) - Jetty request log can only be enabled using Log4j
2019-11-14 17:40:50,807 [main] INFO  http.HttpServer2 (HttpServer2.java:addGlobalFilter(975)) - Added global filter 'safety' (class=org.apache.hadoop.http.HttpServer2$QuotingInputFilter)
2019-11-14 17:40:50,808 [main] INFO  http.HttpServer2 (HttpServer2.java:addFilter(948)) - Added filter static_user_filter (class=org.apache.hadoop.http.lib.StaticUserWebFilter$StaticUserFilter) to context scm
2019-11-14 17:40:50,809 [main] INFO  http.HttpServer2 (HttpServer2.java:addFilter(958)) - Added filter static_user_filter (class=org.apache.hadoop.http.lib.StaticUserWebFilter$StaticUserFilter) to context logs
2019-11-14 17:40:50,809 [main] INFO  http.HttpServer2 (HttpServer2.java:addFilter(958)) - Added filter static_user_filter (class=org.apache.hadoop.http.lib.StaticUserWebFilter$StaticUserFilter) to context static
2019-11-14 17:40:50,813 [main] INFO  server.StorageContainerManager (StorageContainerManager.java:start(766)) - StorageContainerLocationProtocol RPC server is listening at /0.0.0.0:45322
2019-11-14 17:40:50,816 [main] WARN  impl.MetricsConfig (MetricsConfig.java:loadFirst(134)) - Cannot locate configuration: tried hadoop-metrics2-storagecontainermanager.properties,hadoop-metrics2.properties
2019-11-14 17:40:50,818 [main] INFO  impl.MetricsSystemImpl (MetricsSystemImpl.java:startTimer(374)) - Scheduled Metric snapshot period at 10 second(s).
2019-11-14 17:40:50,818 [main] INFO  impl.MetricsSystemImpl (MetricsSystemImpl.java:start(191)) - StorageContainerManager metrics system started
2019-11-14 17:40:50,969 [main] WARN  impl.MetricsSystemImpl (MetricsSystemImpl.java:register(276)) - Sink prometheus already exists!
2019-11-14 17:40:50,977 [main] INFO  server.SCMClientProtocolServer (SCMClientProtocolServer.java:start(160)) - RPC server for Client  is listening at /0.0.0.0:45322
2019-11-14 17:40:50,978 [IPC Server Responder] INFO  ipc.Server (Server.java:run(1314)) - IPC Server Responder: starting
2019-11-14 17:40:50,979 [IPC Server listener on 45322] INFO  ipc.Server (Server.java:run(1153)) - IPC Server listener on 45322: starting
2019-11-14 17:40:50,982 [main] INFO  server.StorageContainerManager (StorageContainerManager.java:start(776)) - ScmBlockLocationProtocol RPC server is listening at /0.0.0.0:38926
2019-11-14 17:40:50,983 [main] INFO  server.SCMBlockProtocolServer (SCMBlockProtocolServer.java:start(146)) - RPC server for Block Protocol is listening at /0.0.0.0:38926
2019-11-14 17:40:50,983 [IPC Server Responder] INFO  ipc.Server (Server.java:run(1314)) - IPC Server Responder: starting
2019-11-14 17:40:50,983 [IPC Server listener on 38926] INFO  ipc.Server (Server.java:run(1153)) - IPC Server listener on 38926: starting
2019-11-14 17:40:50,987 [main] INFO  server.StorageContainerManager (StorageContainerManager.java:start(780)) - ScmDatanodeProtocl RPC server is listening at /0.0.0.0:44399
2019-11-14 17:40:50,987 [main] INFO  server.SCMDatanodeProtocolServer (SCMDatanodeProtocolServer.java:start(169)) - RPC server for DataNodes is listening at /0.0.0.0:44399
2019-11-14 17:40:50,988 [IPC Server Responder] INFO  ipc.Server (Server.java:run(1314)) - IPC Server Responder: starting
2019-11-14 17:40:50,988 [IPC Server listener on 44399] INFO  ipc.Server (Server.java:run(1153)) - IPC Server listener on 44399: starting
2019-11-14 17:40:50,992 [main] INFO  http.HttpServer2 (HttpServer2.java:bindListener(1191)) - Jetty bound to port 40451
2019-11-14 17:40:50,992 [main] INFO  server.Server (Server.java:doStart(351)) - jetty-9.3.25.v20180904, build timestamp: 2018-09-04T21:11:46Z, git hash: 3ce520221d0240229c862b122d2b06c12a625732
2019-11-14 17:40:50,995 [main] INFO  handler.ContextHandler (ContextHandler.java:doStart(781)) - Started o.e.j.s.ServletContextHandler@7c1447b5{/logs,file:///workdir/hadoop-ozone/integration-test/target/log,AVAILABLE}
2019-11-14 17:40:50,995 [main] INFO  handler.ContextHandler (ContextHandler.java:doStart(781)) - Started o.e.j.s.ServletContextHandler@24a2e565{/static,file:///workdir/hadoop-ozone/integration-test/target/test-classes/webapps/static,AVAILABLE}
2019-11-14 17:40:51,001 [main] INFO  handler.ContextHandler (ContextHandler.java:doStart(781)) - Started o.e.j.w.WebAppContext@73a8e994{/,file:///workdir/hadoop-ozone/integration-test/target/test-classes/webapps/scm/,AVAILABLE}{/scm}
2019-11-14 17:40:51,001 [main] INFO  server.AbstractConnector (AbstractConnector.java:doStart(278)) - Started ServerConnector@1a1cc163{HTTP/1.1,[http/1.1]}{0.0.0.0:40451}
2019-11-14 17:40:51,002 [main] INFO  server.Server (Server.java:doStart(419)) - Started @66258ms
2019-11-14 17:40:51,002 [main] WARN  impl.MetricsSystemImpl (MetricsSystemImpl.java:register(276)) - Sink prometheus already exists!
2019-11-14 17:40:51,003 [main] INFO  server.BaseHttpServer (BaseHttpServer.java:updateConnectorAddress(215)) - HTTP server of SCM is listening at http://0.0.0.0:40451
2019-11-14 17:40:51,005 [main] WARN  server.ServerUtils (ServerUtils.java:getDBPath(222)) - ozone.om.db.dirs is not configured. We recommend adding this setting. Falling back to ozone.metadata.dirs instead.
2019-11-14 17:40:51,005 [org.apache.hadoop.util.JvmPauseMonitor$Monitor@42383cb0] INFO  util.JvmPauseMonitor (JvmPauseMonitor.java:run(188)) - Starting JVM pause monitor
2019-11-14 17:40:51,028 [main] INFO  ha.OMHANodeDetails (OMHANodeDetails.java:loadOMHAConfig(190)) - Configuration either no ozone.om.address set. Falling back to the default OM address /127.0.0.1:0
2019-11-14 17:40:51,029 [main] INFO  ha.OMHANodeDetails (OMHANodeDetails.java:getOMNodeDetails(220)) - OM Service ID is not set. Setting it to the default ID: omServiceIdDefault
2019-11-14 17:40:51,029 [main] WARN  server.ServerUtils (ServerUtils.java:getDBPath(222)) - ozone.om.db.dirs is not configured. We recommend adding this setting. Falling back to ozone.metadata.dirs instead.
2019-11-14 17:40:51,030 [main] WARN  server.ServerUtils (ServerUtils.java:getDBPath(222)) - ozone.om.db.dirs is not configured. We recommend adding this setting. Falling back to ozone.metadata.dirs instead.
2019-11-14 17:40:51,037 [main] WARN  server.ServerUtils (ServerUtils.java:getDBPath(222)) - ozone.om.db.dirs is not configured. We recommend adding this setting. Falling back to ozone.metadata.dirs instead.
2019-11-14 17:40:51,038 [main] INFO  db.DBStoreBuilder (DBStoreBuilder.java:addTable(127)) - using custom profile for table: userTable
2019-11-14 17:40:51,038 [main] INFO  db.DBStoreBuilder (DBStoreBuilder.java:processTables(183)) - Using default column profile:DBProfile.DISK for Table:userTable
2019-11-14 17:40:51,038 [main] INFO  db.DBStoreBuilder (DBStoreBuilder.java:addTable(127)) - using custom profile for table: volumeTable
2019-11-14 17:40:51,038 [main] INFO  db.DBStoreBuilder (DBStoreBuilder.java:processTables(183)) - Using default column profile:DBProfile.DISK for Table:volumeTable
2019-11-14 17:40:51,038 [main] INFO  db.DBStoreBuilder (DBStoreBuilder.java:addTable(127)) - using custom profile for table: bucketTable
2019-11-14 17:40:51,038 [main] INFO  db.DBStoreBuilder (DBStoreBuilder.java:processTables(183)) - Using default column profile:DBProfile.DISK for Table:bucketTable
2019-11-14 17:40:51,039 [main] INFO  db.DBStoreBuilder (DBStoreBuilder.java:addTable(127)) - using custom profile for table: keyTable
2019-11-14 17:40:51,039 [main] INFO  db.DBStoreBuilder (DBStoreBuilder.java:processTables(183)) - Using default column profile:DBProfile.DISK for Table:keyTable
2019-11-14 17:40:51,039 [main] INFO  db.DBStoreBuilder (DBStoreBuilder.java:addTable(127)) - using custom profile for table: deletedTable
2019-11-14 17:40:51,039 [main] INFO  db.DBStoreBuilder (DBStoreBuilder.java:processTables(183)) - Using default column profile:DBProfile.DISK for Table:deletedTable
2019-11-14 17:40:51,039 [main] INFO  db.DBStoreBuilder (DBStoreBuilder.java:addTable(127)) - using custom profile for table: openKeyTable
2019-11-14 17:40:51,040 [main] INFO  db.DBStoreBuilder (DBStoreBuilder.java:processTables(183)) - Using default column profile:DBProfile.DISK for Table:openKeyTable
2019-11-14 17:40:51,040 [main] INFO  db.DBStoreBuilder (DBStoreBuilder.java:addTable(127)) - using custom profile for table: s3Table
2019-11-14 17:40:51,040 [main] INFO  db.DBStoreBuilder (DBStoreBuilder.java:processTables(183)) - Using default column profile:DBProfile.DISK for Table:s3Table
2019-11-14 17:40:51,040 [main] INFO  db.DBStoreBuilder (DBStoreBuilder.java:addTable(127)) - using custom profile for table: multipartInfoTable
2019-11-14 17:40:51,040 [main] INFO  db.DBStoreBuilder (DBStoreBuilder.java:processTables(183)) - Using default column profile:DBProfile.DISK for Table:multipartInfoTable
2019-11-14 17:40:51,040 [main] INFO  db.DBStoreBuilder (DBStoreBuilder.java:addTable(127)) - using custom profile for table: dTokenTable
2019-11-14 17:40:51,041 [main] INFO  db.DBStoreBuilder (DBStoreBuilder.java:processTables(183)) - Using default column profile:DBProfile.DISK for Table:dTokenTable
2019-11-14 17:40:51,041 [main] INFO  db.DBStoreBuilder (DBStoreBuilder.java:addTable(127)) - using custom profile for table: s3SecretTable
2019-11-14 17:40:51,041 [main] INFO  db.DBStoreBuilder (DBStoreBuilder.java:processTables(183)) - Using default column profile:DBProfile.DISK for Table:s3SecretTable
2019-11-14 17:40:51,041 [main] INFO  db.DBStoreBuilder (DBStoreBuilder.java:addTable(127)) - using custom profile for table: prefixTable
2019-11-14 17:40:51,041 [main] INFO  db.DBStoreBuilder (DBStoreBuilder.java:processTables(183)) - Using default column profile:DBProfile.DISK for Table:prefixTable
2019-11-14 17:40:51,042 [main] INFO  db.DBStoreBuilder (DBStoreBuilder.java:addTable(127)) - using custom profile for table: default
2019-11-14 17:40:51,042 [main] INFO  db.DBStoreBuilder (DBStoreBuilder.java:processTables(189)) - Using default column profile:DBProfile.DISK for Table:default
2019-11-14 17:40:51,042 [main] INFO  db.DBStoreBuilder (DBStoreBuilder.java:getDbProfile(220)) - Using default options. DBProfile.DISK
2019-11-14 17:40:51,703 [main] INFO  ipc.CallQueueManager (CallQueueManager.java:<init>(84)) - Using callQueue: class java.util.concurrent.LinkedBlockingQueue, queueCapacity: 2000, scheduler: class org.apache.hadoop.ipc.DefaultRpcScheduler, ipcBackoff: false.
2019-11-14 17:40:51,704 [Socket Reader #1 for port 43439] INFO  ipc.Server (Server.java:run(1074)) - Starting Socket Reader #1 for port 43439
2019-11-14 17:40:51,724 [main] INFO  om.OzoneManager (OzoneManager.java:start(1077)) - OzoneManager RPC server is listening at localhost/127.0.0.1:43439
2019-11-14 17:40:51,724 [main] INFO  impl.MetricsSystemImpl (MetricsSystemImpl.java:init(158)) - OzoneManager metrics system started (again)
2019-11-14 17:40:51,726 [IPC Server Responder] INFO  ipc.Server (Server.java:run(1314)) - IPC Server Responder: starting
2019-11-14 17:40:51,726 [IPC Server listener on 43439] INFO  ipc.Server (Server.java:run(1153)) - IPC Server listener on 43439: starting
2019-11-14 17:40:51,733 [main] INFO  hdfs.DFSUtil (DFSUtil.java:httpServerTemplateForNNAndJN(1641)) - Starting Web-server for ozoneManager at: http://0.0.0.0:0
2019-11-14 17:40:51,735 [main] INFO  server.AuthenticationFilter (AuthenticationFilter.java:constructSecretProvider(240)) - Unable to initialize FileSignerSecretProvider, falling back to use random secrets.
2019-11-14 17:40:51,736 [main] WARN  http.HttpRequestLog (HttpRequestLog.java:getRequestLog(97)) - Jetty request log can only be enabled using Log4j
2019-11-14 17:40:51,738 [main] INFO  http.HttpServer2 (HttpServer2.java:addGlobalFilter(975)) - Added global filter 'safety' (class=org.apache.hadoop.http.HttpServer2$QuotingInputFilter)
2019-11-14 17:40:51,739 [main] INFO  http.HttpServer2 (HttpServer2.java:addFilter(948)) - Added filter static_user_filter (class=org.apache.hadoop.http.lib.StaticUserWebFilter$StaticUserFilter) to context ozoneManager
2019-11-14 17:40:51,739 [main] INFO  http.HttpServer2 (HttpServer2.java:addFilter(958)) - Added filter static_user_filter (class=org.apache.hadoop.http.lib.StaticUserWebFilter$StaticUserFilter) to context logs
2019-11-14 17:40:51,739 [main] INFO  http.HttpServer2 (HttpServer2.java:addFilter(958)) - Added filter static_user_filter (class=org.apache.hadoop.http.lib.StaticUserWebFilter$StaticUserFilter) to context static
2019-11-14 17:40:51,740 [main] INFO  http.HttpServer2 (HttpServer2.java:bindListener(1191)) - Jetty bound to port 46069
2019-11-14 17:40:51,741 [main] INFO  server.Server (Server.java:doStart(351)) - jetty-9.3.25.v20180904, build timestamp: 2018-09-04T21:11:46Z, git hash: 3ce520221d0240229c862b122d2b06c12a625732
2019-11-14 17:40:51,743 [main] INFO  handler.ContextHandler (ContextHandler.java:doStart(781)) - Started o.e.j.s.ServletContextHandler@21b6c9c2{/logs,file:///workdir/hadoop-ozone/integration-test/target/log,AVAILABLE}
2019-11-14 17:40:51,744 [main] INFO  handler.ContextHandler (ContextHandler.java:doStart(781)) - Started o.e.j.s.ServletContextHandler@3b95a6db{/static,file:///workdir/hadoop-ozone/integration-test/target/test-classes/webapps/static,AVAILABLE}
2019-11-14 17:40:51,750 [main] INFO  handler.ContextHandler (ContextHandler.java:doStart(781)) - Started o.e.j.w.WebAppContext@17e9bc9e{/,file:///workdir/hadoop-ozone/integration-test/target/test-classes/webapps/ozoneManager/,AVAILABLE}{/ozoneManager}
2019-11-14 17:40:51,750 [main] INFO  server.AbstractConnector (AbstractConnector.java:doStart(278)) - Started ServerConnector@36b9cb99{HTTP/1.1,[http/1.1]}{0.0.0.0:46069}
2019-11-14 17:40:51,751 [main] INFO  server.Server (Server.java:doStart(419)) - Started @67007ms
2019-11-14 17:40:51,751 [main] WARN  impl.MetricsSystemImpl (MetricsSystemImpl.java:register(276)) - Sink prometheus already exists!
2019-11-14 17:40:51,752 [main] INFO  server.BaseHttpServer (BaseHttpServer.java:updateConnectorAddress(215)) - HTTP server of OZONEMANAGER is listening at http://0.0.0.0:46069
2019-11-14 17:40:51,770 [main] INFO  impl.MetricsSystemImpl (MetricsSystemImpl.java:init(158)) - HddsDatanode metrics system started (again)
2019-11-14 17:40:51,772 [main] INFO  ozone.HddsDatanodeService (HddsDatanodeService.java:start(186)) - HddsDatanodeService host:pr-hdds-2482-j87dr-2776293630 ip:192.168.157.194
2019-11-14 17:40:51,780 [main] INFO  volume.HddsVolume (HddsVolume.java:<init>(176)) - Creating Volume: /workdir/hadoop-ozone/integration-test/target/test-dir/MiniOzoneClusterImpl-30cd45ce-4337-4039-bf7d-2128eab36bad/datanode-0/data/containers/hdds of  storage type : DISK and capacity : 1482555576320
2019-11-14 17:40:51,780 [main] INFO  volume.VolumeSet (VolumeSet.java:initializeVolumeSet(170)) - Added Volume : /workdir/hadoop-ozone/integration-test/target/test-dir/MiniOzoneClusterImpl-30cd45ce-4337-4039-bf7d-2128eab36bad/datanode-0/data/containers/hdds to VolumeSet
2019-11-14 17:40:51,780 [main] INFO  volume.ThrottledAsyncChecker (ThrottledAsyncChecker.java:schedule(141)) - Scheduling a check for /workdir/hadoop-ozone/integration-test/target/test-dir/MiniOzoneClusterImpl-30cd45ce-4337-4039-bf7d-2128eab36bad/datanode-0/data/containers/hdds
2019-11-14 17:40:51,781 [main] INFO  volume.HddsVolumeChecker (HddsVolumeChecker.java:checkAllVolumes(204)) - Scheduled health check for volume /workdir/hadoop-ozone/integration-test/target/test-dir/MiniOzoneClusterImpl-30cd45ce-4337-4039-bf7d-2128eab36bad/datanode-0/data/containers/hdds
2019-11-14 17:40:51,799 [main] INFO  impl.RaftServerProxy (ConfUtils.java:logGet(43)) - raft.rpc.type = GRPC (default)
2019-11-14 17:40:51,799 [main] INFO  grpc.GrpcFactory (GrpcFactory.java:checkPooledByteBufAllocatorUseCacheForAllThreads(45)) - PERFORMANCE WARNING: useCacheForAllThreads is true that may cause Netty to create a lot garbage objects and, as a result, trigger GC.
	It is recommended to disable useCacheForAllThreads by setting -Dorg.apache.ratis.thirdparty.io.netty.allocator.useCacheForAllThreads=false in command line.
2019-11-14 17:40:51,799 [main] INFO  grpc.GrpcConfigKeys$Server (ConfUtils.java:logGet(43)) - raft.grpc.server.port = 0 (default)
2019-11-14 17:40:51,799 [main] INFO  server.GrpcService (ConfUtils.java:logGet(43)) - raft.grpc.message.size.max = 33570816 (custom)
2019-11-14 17:40:51,800 [main] INFO  server.RaftServerConfigKeys (ConfUtils.java:logGet(43)) - raft.server.log.appender.buffer.byte-limit = 33554432 (custom)
2019-11-14 17:40:51,800 [main] INFO  server.GrpcService (ConfUtils.java:logGet(43)) - raft.grpc.flow.control.window = 1MB (=1048576) (default)
2019-11-14 17:40:51,800 [main] INFO  server.RaftServerConfigKeys (ConfUtils.java:logGet(43)) - raft.server.rpc.request.timeout = 3000ms (default)
2019-11-14 17:40:51,801 [main] INFO  server.RaftServerConfigKeys (ConfUtils.java:logGet(43)) - raft.server.storage.dir = [/workdir/hadoop-ozone/integration-test/target/test-dir/MiniOzoneClusterImpl-30cd45ce-4337-4039-bf7d-2128eab36bad/datanode-0/data/ratis] (custom)
2019-11-14 17:40:51,802 [main] INFO  hdfs.DFSUtil (DFSUtil.java:httpServerTemplateForNNAndJN(1641)) - Starting Web-server for hddsDatanode at: http://0.0.0.0:0
2019-11-14 17:40:51,804 [main] INFO  server.AuthenticationFilter (AuthenticationFilter.java:constructSecretProvider(240)) - Unable to initialize FileSignerSecretProvider, falling back to use random secrets.
2019-11-14 17:40:51,804 [main] WARN  http.HttpRequestLog (HttpRequestLog.java:getRequestLog(97)) - Jetty request log can only be enabled using Log4j
2019-11-14 17:40:51,805 [main] INFO  http.HttpServer2 (HttpServer2.java:addGlobalFilter(975)) - Added global filter 'safety' (class=org.apache.hadoop.http.HttpServer2$QuotingInputFilter)
2019-11-14 17:40:51,806 [main] INFO  http.HttpServer2 (HttpServer2.java:addFilter(948)) - Added filter static_user_filter (class=org.apache.hadoop.http.lib.StaticUserWebFilter$StaticUserFilter) to context hddsDatanode
2019-11-14 17:40:51,806 [main] INFO  http.HttpServer2 (HttpServer2.java:addFilter(958)) - Added filter static_user_filter (class=org.apache.hadoop.http.lib.StaticUserWebFilter$StaticUserFilter) to context logs
2019-11-14 17:40:51,806 [main] INFO  http.HttpServer2 (HttpServer2.java:addFilter(958)) - Added filter static_user_filter (class=org.apache.hadoop.http.lib.StaticUserWebFilter$StaticUserFilter) to context static
2019-11-14 17:40:51,807 [main] INFO  http.HttpServer2 (HttpServer2.java:bindListener(1191)) - Jetty bound to port 35025
2019-11-14 17:40:51,807 [main] INFO  server.Server (Server.java:doStart(351)) - jetty-9.3.25.v20180904, build timestamp: 2018-09-04T21:11:46Z, git hash: 3ce520221d0240229c862b122d2b06c12a625732
2019-11-14 17:40:51,809 [main] INFO  handler.ContextHandler (ContextHandler.java:doStart(781)) - Started o.e.j.s.ServletContextHandler@1e1eeedd{/logs,file:///workdir/hadoop-ozone/integration-test/target/log,AVAILABLE}
2019-11-14 17:40:51,809 [main] INFO  handler.ContextHandler (ContextHandler.java:doStart(781)) - Started o.e.j.s.ServletContextHandler@7ec95456{/static,jar:file:/home/user/.m2/repository/org/apache/hadoop/hadoop-hdds-container-service/0.5.0-SNAPSHOT/hadoop-hdds-container-service-0.5.0-SNAPSHOT.jar!/webapps/static,AVAILABLE}
2019-11-14 17:40:51,842 [main] INFO  handler.ContextHandler (ContextHandler.java:doStart(781)) - Started o.e.j.w.WebAppContext@4a92c6a9{/,file:///tmp/jetty-0.0.0.0-35025-hddsDatanode-_-any-8454842492287772052.dir/webapp/,AVAILABLE}{/hddsDatanode}
2019-11-14 17:40:51,842 [main] INFO  server.AbstractConnector (AbstractConnector.java:doStart(278)) - Started ServerConnector@5c9934da{HTTP/1.1,[http/1.1]}{0.0.0.0:35025}
2019-11-14 17:40:51,843 [main] INFO  server.Server (Server.java:doStart(419)) - Started @67100ms
2019-11-14 17:40:51,844 [main] WARN  impl.MetricsSystemImpl (MetricsSystemImpl.java:register(276)) - Sink prometheus already exists!
2019-11-14 17:40:51,845 [main] INFO  server.BaseHttpServer (BaseHttpServer.java:updateConnectorAddress(215)) - HTTP server of HDDSDATANODE is listening at http://0.0.0.0:35025
2019-11-14 17:40:51,845 [main] INFO  impl.MetricsSystemImpl (MetricsSystemImpl.java:init(158)) - HddsDatanode metrics system started (again)
2019-11-14 17:40:51,848 [org.apache.hadoop.util.JvmPauseMonitor$Monitor@dbf1c9f] INFO  util.JvmPauseMonitor (JvmPauseMonitor.java:run(188)) - Starting JVM pause monitor
2019-11-14 17:40:51,849 [main] INFO  ozone.HddsDatanodeService (HddsDatanodeService.java:start(186)) - HddsDatanodeService host:pr-hdds-2482-j87dr-2776293630 ip:192.168.157.194
2019-11-14 17:40:51,850 [Datanode State Machine Thread - 0] INFO  datanode.InitDatanodeState (InitDatanodeState.java:persistContainerDatanodeDetails(140)) - DatanodeDetails is persisted to /workdir/hadoop-ozone/integration-test/target/test-dir/MiniOzoneClusterImpl-30cd45ce-4337-4039-bf7d-2128eab36bad/datanode-0/meta/datanode.id
2019-11-14 17:40:51,856 [main] INFO  volume.HddsVolume (HddsVolume.java:<init>(176)) - Creating Volume: /workdir/hadoop-ozone/integration-test/target/test-dir/MiniOzoneClusterImpl-30cd45ce-4337-4039-bf7d-2128eab36bad/datanode-1/data/containers/hdds of  storage type : DISK and capacity : 1482555576320
2019-11-14 17:40:51,857 [main] INFO  volume.VolumeSet (VolumeSet.java:initializeVolumeSet(170)) - Added Volume : /workdir/hadoop-ozone/integration-test/target/test-dir/MiniOzoneClusterImpl-30cd45ce-4337-4039-bf7d-2128eab36bad/datanode-1/data/containers/hdds to VolumeSet
2019-11-14 17:40:51,857 [main] INFO  volume.ThrottledAsyncChecker (ThrottledAsyncChecker.java:schedule(141)) - Scheduling a check for /workdir/hadoop-ozone/integration-test/target/test-dir/MiniOzoneClusterImpl-30cd45ce-4337-4039-bf7d-2128eab36bad/datanode-1/data/containers/hdds
2019-11-14 17:40:51,858 [main] INFO  volume.HddsVolumeChecker (HddsVolumeChecker.java:checkAllVolumes(204)) - Scheduled health check for volume /workdir/hadoop-ozone/integration-test/target/test-dir/MiniOzoneClusterImpl-30cd45ce-4337-4039-bf7d-2128eab36bad/datanode-1/data/containers/hdds
2019-11-14 17:40:51,885 [main] INFO  impl.RaftServerProxy (ConfUtils.java:logGet(43)) - raft.rpc.type = GRPC (default)
2019-11-14 17:40:51,885 [main] INFO  grpc.GrpcFactory (GrpcFactory.java:checkPooledByteBufAllocatorUseCacheForAllThreads(45)) - PERFORMANCE WARNING: useCacheForAllThreads is true that may cause Netty to create a lot garbage objects and, as a result, trigger GC.
	It is recommended to disable useCacheForAllThreads by setting -Dorg.apache.ratis.thirdparty.io.netty.allocator.useCacheForAllThreads=false in command line.
2019-11-14 17:40:51,885 [main] INFO  grpc.GrpcConfigKeys$Server (ConfUtils.java:logGet(43)) - raft.grpc.server.port = 0 (default)
2019-11-14 17:40:51,886 [main] INFO  server.GrpcService (ConfUtils.java:logGet(43)) - raft.grpc.message.size.max = 33570816 (custom)
2019-11-14 17:40:51,886 [main] INFO  server.RaftServerConfigKeys (ConfUtils.java:logGet(43)) - raft.server.log.appender.buffer.byte-limit = 33554432 (custom)
2019-11-14 17:40:51,886 [main] INFO  server.GrpcService (ConfUtils.java:logGet(43)) - raft.grpc.flow.control.window = 1MB (=1048576) (default)
2019-11-14 17:40:51,886 [main] INFO  server.RaftServerConfigKeys (ConfUtils.java:logGet(43)) - raft.server.rpc.request.timeout = 3000ms (default)
2019-11-14 17:40:51,887 [main] INFO  server.RaftServerConfigKeys (ConfUtils.java:logGet(43)) - raft.server.storage.dir = [/workdir/hadoop-ozone/integration-test/target/test-dir/MiniOzoneClusterImpl-30cd45ce-4337-4039-bf7d-2128eab36bad/datanode-1/data/ratis] (custom)
2019-11-14 17:40:51,889 [main] INFO  hdfs.DFSUtil (DFSUtil.java:httpServerTemplateForNNAndJN(1641)) - Starting Web-server for hddsDatanode at: http://0.0.0.0:0
2019-11-14 17:40:51,891 [main] INFO  server.AuthenticationFilter (AuthenticationFilter.java:constructSecretProvider(240)) - Unable to initialize FileSignerSecretProvider, falling back to use random secrets.
2019-11-14 17:40:51,892 [main] WARN  http.HttpRequestLog (HttpRequestLog.java:getRequestLog(97)) - Jetty request log can only be enabled using Log4j
2019-11-14 17:40:51,893 [main] INFO  http.HttpServer2 (HttpServer2.java:addGlobalFilter(975)) - Added global filter 'safety' (class=org.apache.hadoop.http.HttpServer2$QuotingInputFilter)
2019-11-14 17:40:51,894 [main] INFO  http.HttpServer2 (HttpServer2.java:addFilter(948)) - Added filter static_user_filter (class=org.apache.hadoop.http.lib.StaticUserWebFilter$StaticUserFilter) to context hddsDatanode
2019-11-14 17:40:51,894 [main] INFO  http.HttpServer2 (HttpServer2.java:addFilter(958)) - Added filter static_user_filter (class=org.apache.hadoop.http.lib.StaticUserWebFilter$StaticUserFilter) to context logs
2019-11-14 17:40:51,895 [main] INFO  http.HttpServer2 (HttpServer2.java:addFilter(958)) - Added filter static_user_filter (class=org.apache.hadoop.http.lib.StaticUserWebFilter$StaticUserFilter) to context static
2019-11-14 17:40:51,896 [main] INFO  http.HttpServer2 (HttpServer2.java:bindListener(1191)) - Jetty bound to port 42881
2019-11-14 17:40:51,896 [main] INFO  server.Server (Server.java:doStart(351)) - jetty-9.3.25.v20180904, build timestamp: 2018-09-04T21:11:46Z, git hash: 3ce520221d0240229c862b122d2b06c12a625732
2019-11-14 17:40:51,898 [main] INFO  handler.ContextHandler (ContextHandler.java:doStart(781)) - Started o.e.j.s.ServletContextHandler@558b4942{/logs,file:///workdir/hadoop-ozone/integration-test/target/log,AVAILABLE}
2019-11-14 17:40:51,899 [main] INFO  handler.ContextHandler (ContextHandler.java:doStart(781)) - Started o.e.j.s.ServletContextHandler@70025b99{/static,jar:file:/home/user/.m2/repository/org/apache/hadoop/hadoop-hdds-container-service/0.5.0-SNAPSHOT/hadoop-hdds-container-service-0.5.0-SNAPSHOT.jar!/webapps/static,AVAILABLE}
2019-11-14 17:40:51,938 [main] INFO  handler.ContextHandler (ContextHandler.java:doStart(781)) - Started o.e.j.w.WebAppContext@2ceee4b6{/,file:///tmp/jetty-0.0.0.0-42881-hddsDatanode-_-any-3165545763087900155.dir/webapp/,AVAILABLE}{/hddsDatanode}
2019-11-14 17:40:51,938 [main] INFO  server.AbstractConnector (AbstractConnector.java:doStart(278)) - Started ServerConnector@12a470dd{HTTP/1.1,[http/1.1]}{0.0.0.0:42881}
2019-11-14 17:40:51,939 [main] INFO  server.Server (Server.java:doStart(419)) - Started @67195ms
2019-11-14 17:40:51,939 [main] WARN  impl.MetricsSystemImpl (MetricsSystemImpl.java:register(276)) - Sink prometheus already exists!
2019-11-14 17:40:51,940 [main] INFO  server.BaseHttpServer (BaseHttpServer.java:updateConnectorAddress(215)) - HTTP server of HDDSDATANODE is listening at http://0.0.0.0:42881
2019-11-14 17:40:51,941 [main] INFO  impl.MetricsSystemImpl (MetricsSystemImpl.java:init(158)) - HddsDatanode metrics system started (again)
2019-11-14 17:40:51,944 [org.apache.hadoop.util.JvmPauseMonitor$Monitor@7c2701a5] INFO  util.JvmPauseMonitor (JvmPauseMonitor.java:run(188)) - Starting JVM pause monitor
2019-11-14 17:40:51,944 [main] INFO  ozone.HddsDatanodeService (HddsDatanodeService.java:start(186)) - HddsDatanodeService host:pr-hdds-2482-j87dr-2776293630 ip:192.168.157.194
2019-11-14 17:40:51,945 [Datanode State Machine Thread - 0] INFO  datanode.InitDatanodeState (InitDatanodeState.java:persistContainerDatanodeDetails(140)) - DatanodeDetails is persisted to /workdir/hadoop-ozone/integration-test/target/test-dir/MiniOzoneClusterImpl-30cd45ce-4337-4039-bf7d-2128eab36bad/datanode-1/meta/datanode.id
2019-11-14 17:40:51,952 [main] INFO  volume.HddsVolume (HddsVolume.java:<init>(176)) - Creating Volume: /workdir/hadoop-ozone/integration-test/target/test-dir/MiniOzoneClusterImpl-30cd45ce-4337-4039-bf7d-2128eab36bad/datanode-2/data/containers/hdds of  storage type : DISK and capacity : 1482555576320
2019-11-14 17:40:51,952 [main] INFO  volume.VolumeSet (VolumeSet.java:initializeVolumeSet(170)) - Added Volume : /workdir/hadoop-ozone/integration-test/target/test-dir/MiniOzoneClusterImpl-30cd45ce-4337-4039-bf7d-2128eab36bad/datanode-2/data/containers/hdds to VolumeSet
2019-11-14 17:40:51,952 [main] INFO  volume.ThrottledAsyncChecker (ThrottledAsyncChecker.java:schedule(141)) - Scheduling a check for /workdir/hadoop-ozone/integration-test/target/test-dir/MiniOzoneClusterImpl-30cd45ce-4337-4039-bf7d-2128eab36bad/datanode-2/data/containers/hdds
2019-11-14 17:40:51,953 [main] INFO  volume.HddsVolumeChecker (HddsVolumeChecker.java:checkAllVolumes(204)) - Scheduled health check for volume /workdir/hadoop-ozone/integration-test/target/test-dir/MiniOzoneClusterImpl-30cd45ce-4337-4039-bf7d-2128eab36bad/datanode-2/data/containers/hdds
2019-11-14 17:40:51,973 [main] INFO  impl.RaftServerProxy (ConfUtils.java:logGet(43)) - raft.rpc.type = GRPC (default)
2019-11-14 17:40:51,973 [main] INFO  grpc.GrpcFactory (GrpcFactory.java:checkPooledByteBufAllocatorUseCacheForAllThreads(45)) - PERFORMANCE WARNING: useCacheForAllThreads is true that may cause Netty to create a lot garbage objects and, as a result, trigger GC.
	It is recommended to disable useCacheForAllThreads by setting -Dorg.apache.ratis.thirdparty.io.netty.allocator.useCacheForAllThreads=false in command line.
2019-11-14 17:40:51,973 [main] INFO  grpc.GrpcConfigKeys$Server (ConfUtils.java:logGet(43)) - raft.grpc.server.port = 0 (default)
2019-11-14 17:40:51,973 [main] INFO  server.GrpcService (ConfUtils.java:logGet(43)) - raft.grpc.message.size.max = 33570816 (custom)
2019-11-14 17:40:51,974 [main] INFO  server.RaftServerConfigKeys (ConfUtils.java:logGet(43)) - raft.server.log.appender.buffer.byte-limit = 33554432 (custom)
2019-11-14 17:40:51,974 [main] INFO  server.GrpcService (ConfUtils.java:logGet(43)) - raft.grpc.flow.control.window = 1MB (=1048576) (default)
2019-11-14 17:40:51,974 [main] INFO  server.RaftServerConfigKeys (ConfUtils.java:logGet(43)) - raft.server.rpc.request.timeout = 3000ms (default)
2019-11-14 17:40:51,975 [main] INFO  server.RaftServerConfigKeys (ConfUtils.java:logGet(43)) - raft.server.storage.dir = [/workdir/hadoop-ozone/integration-test/target/test-dir/MiniOzoneClusterImpl-30cd45ce-4337-4039-bf7d-2128eab36bad/datanode-2/data/ratis] (custom)
2019-11-14 17:40:51,976 [main] INFO  hdfs.DFSUtil (DFSUtil.java:httpServerTemplateForNNAndJN(1641)) - Starting Web-server for hddsDatanode at: http://0.0.0.0:0
2019-11-14 17:40:51,978 [main] INFO  server.AuthenticationFilter (AuthenticationFilter.java:constructSecretProvider(240)) - Unable to initialize FileSignerSecretProvider, falling back to use random secrets.
2019-11-14 17:40:51,978 [main] WARN  http.HttpRequestLog (HttpRequestLog.java:getRequestLog(97)) - Jetty request log can only be enabled using Log4j
2019-11-14 17:40:51,980 [main] INFO  http.HttpServer2 (HttpServer2.java:addGlobalFilter(975)) - Added global filter 'safety' (class=org.apache.hadoop.http.HttpServer2$QuotingInputFilter)
2019-11-14 17:40:51,980 [main] INFO  http.HttpServer2 (HttpServer2.java:addFilter(948)) - Added filter static_user_filter (class=org.apache.hadoop.http.lib.StaticUserWebFilter$StaticUserFilter) to context hddsDatanode
2019-11-14 17:40:51,981 [main] INFO  http.HttpServer2 (HttpServer2.java:addFilter(958)) - Added filter static_user_filter (class=org.apache.hadoop.http.lib.StaticUserWebFilter$StaticUserFilter) to context logs
2019-11-14 17:40:51,981 [main] INFO  http.HttpServer2 (HttpServer2.java:addFilter(958)) - Added filter static_user_filter (class=org.apache.hadoop.http.lib.StaticUserWebFilter$StaticUserFilter) to context static
2019-11-14 17:40:51,982 [main] INFO  http.HttpServer2 (HttpServer2.java:bindListener(1191)) - Jetty bound to port 46082
2019-11-14 17:40:51,982 [main] INFO  server.Server (Server.java:doStart(351)) - jetty-9.3.25.v20180904, build timestamp: 2018-09-04T21:11:46Z, git hash: 3ce520221d0240229c862b122d2b06c12a625732
2019-11-14 17:40:51,984 [main] INFO  handler.ContextHandler (ContextHandler.java:doStart(781)) - Started o.e.j.s.ServletContextHandler@46dcbeab{/logs,file:///workdir/hadoop-ozone/integration-test/target/log,AVAILABLE}
2019-11-14 17:40:51,984 [main] INFO  handler.ContextHandler (ContextHandler.java:doStart(781)) - Started o.e.j.s.ServletContextHandler@152c4495{/static,jar:file:/home/user/.m2/repository/org/apache/hadoop/hadoop-hdds-container-service/0.5.0-SNAPSHOT/hadoop-hdds-container-service-0.5.0-SNAPSHOT.jar!/webapps/static,AVAILABLE}
2019-11-14 17:40:52,021 [main] INFO  handler.ContextHandler (ContextHandler.java:doStart(781)) - Started o.e.j.w.WebAppContext@fb0a08c{/,file:///tmp/jetty-0.0.0.0-46082-hddsDatanode-_-any-7125272899486145074.dir/webapp/,AVAILABLE}{/hddsDatanode}
2019-11-14 17:40:52,021 [main] INFO  server.AbstractConnector (AbstractConnector.java:doStart(278)) - Started ServerConnector@1faf386c{HTTP/1.1,[http/1.1]}{0.0.0.0:46082}
2019-11-14 17:40:52,022 [main] INFO  server.Server (Server.java:doStart(419)) - Started @67279ms
2019-11-14 17:40:52,023 [main] WARN  impl.MetricsSystemImpl (MetricsSystemImpl.java:register(276)) - Sink prometheus already exists!
2019-11-14 17:40:52,024 [main] INFO  server.BaseHttpServer (BaseHttpServer.java:updateConnectorAddress(215)) - HTTP server of HDDSDATANODE is listening at http://0.0.0.0:46082
2019-11-14 17:40:52,025 [main] INFO  impl.MetricsSystemImpl (MetricsSystemImpl.java:init(158)) - HddsDatanode metrics system started (again)
2019-11-14 17:40:52,028 [org.apache.hadoop.util.JvmPauseMonitor$Monitor@7214506d] INFO  util.JvmPauseMonitor (JvmPauseMonitor.java:run(188)) - Starting JVM pause monitor
2019-11-14 17:40:52,028 [main] INFO  ozone.HddsDatanodeService (HddsDatanodeService.java:start(186)) - HddsDatanodeService host:pr-hdds-2482-j87dr-2776293630 ip:192.168.157.194
2019-11-14 17:40:52,029 [Datanode State Machine Thread - 0] INFO  datanode.InitDatanodeState (InitDatanodeState.java:persistContainerDatanodeDetails(140)) - DatanodeDetails is persisted to /workdir/hadoop-ozone/integration-test/target/test-dir/MiniOzoneClusterImpl-30cd45ce-4337-4039-bf7d-2128eab36bad/datanode-2/meta/datanode.id
2019-11-14 17:40:52,036 [main] INFO  volume.HddsVolume (HddsVolume.java:<init>(176)) - Creating Volume: /workdir/hadoop-ozone/integration-test/target/test-dir/MiniOzoneClusterImpl-30cd45ce-4337-4039-bf7d-2128eab36bad/datanode-3/data/containers/hdds of  storage type : DISK and capacity : 1482555576320
2019-11-14 17:40:52,036 [main] INFO  volume.VolumeSet (VolumeSet.java:initializeVolumeSet(170)) - Added Volume : /workdir/hadoop-ozone/integration-test/target/test-dir/MiniOzoneClusterImpl-30cd45ce-4337-4039-bf7d-2128eab36bad/datanode-3/data/containers/hdds to VolumeSet
2019-11-14 17:40:52,036 [main] INFO  volume.ThrottledAsyncChecker (ThrottledAsyncChecker.java:schedule(141)) - Scheduling a check for /workdir/hadoop-ozone/integration-test/target/test-dir/MiniOzoneClusterImpl-30cd45ce-4337-4039-bf7d-2128eab36bad/datanode-3/data/containers/hdds
2019-11-14 17:40:52,037 [main] INFO  volume.HddsVolumeChecker (HddsVolumeChecker.java:checkAllVolumes(204)) - Scheduled health check for volume /workdir/hadoop-ozone/integration-test/target/test-dir/MiniOzoneClusterImpl-30cd45ce-4337-4039-bf7d-2128eab36bad/datanode-3/data/containers/hdds
2019-11-14 17:40:52,057 [main] INFO  impl.RaftServerProxy (ConfUtils.java:logGet(43)) - raft.rpc.type = GRPC (default)
2019-11-14 17:40:52,057 [main] INFO  grpc.GrpcFactory (GrpcFactory.java:checkPooledByteBufAllocatorUseCacheForAllThreads(45)) - PERFORMANCE WARNING: useCacheForAllThreads is true that may cause Netty to create a lot garbage objects and, as a result, trigger GC.
	It is recommended to disable useCacheForAllThreads by setting -Dorg.apache.ratis.thirdparty.io.netty.allocator.useCacheForAllThreads=false in command line.
2019-11-14 17:40:52,057 [main] INFO  grpc.GrpcConfigKeys$Server (ConfUtils.java:logGet(43)) - raft.grpc.server.port = 0 (default)
2019-11-14 17:40:52,058 [main] INFO  server.GrpcService (ConfUtils.java:logGet(43)) - raft.grpc.message.size.max = 33570816 (custom)
2019-11-14 17:40:52,058 [main] INFO  server.RaftServerConfigKeys (ConfUtils.java:logGet(43)) - raft.server.log.appender.buffer.byte-limit = 33554432 (custom)
2019-11-14 17:40:52,058 [main] INFO  server.GrpcService (ConfUtils.java:logGet(43)) - raft.grpc.flow.control.window = 1MB (=1048576) (default)
2019-11-14 17:40:52,059 [main] INFO  server.RaftServerConfigKeys (ConfUtils.java:logGet(43)) - raft.server.rpc.request.timeout = 3000ms (default)
2019-11-14 17:40:52,059 [main] INFO  server.RaftServerConfigKeys (ConfUtils.java:logGet(43)) - raft.server.storage.dir = [/workdir/hadoop-ozone/integration-test/target/test-dir/MiniOzoneClusterImpl-30cd45ce-4337-4039-bf7d-2128eab36bad/datanode-3/data/ratis] (custom)
2019-11-14 17:40:52,061 [main] INFO  hdfs.DFSUtil (DFSUtil.java:httpServerTemplateForNNAndJN(1641)) - Starting Web-server for hddsDatanode at: http://0.0.0.0:0
2019-11-14 17:40:52,063 [main] INFO  server.AuthenticationFilter (AuthenticationFilter.java:constructSecretProvider(240)) - Unable to initialize FileSignerSecretProvider, falling back to use random secrets.
2019-11-14 17:40:52,063 [main] WARN  http.HttpRequestLog (HttpRequestLog.java:getRequestLog(97)) - Jetty request log can only be enabled using Log4j
2019-11-14 17:40:52,065 [main] INFO  http.HttpServer2 (HttpServer2.java:addGlobalFilter(975)) - Added global filter 'safety' (class=org.apache.hadoop.http.HttpServer2$QuotingInputFilter)
2019-11-14 17:40:52,066 [main] INFO  http.HttpServer2 (HttpServer2.java:addFilter(948)) - Added filter static_user_filter (class=org.apache.hadoop.http.lib.StaticUserWebFilter$StaticUserFilter) to context hddsDatanode
2019-11-14 17:40:52,066 [main] INFO  http.HttpServer2 (HttpServer2.java:addFilter(958)) - Added filter static_user_filter (class=org.apache.hadoop.http.lib.StaticUserWebFilter$StaticUserFilter) to context logs
2019-11-14 17:40:52,067 [main] INFO  http.HttpServer2 (HttpServer2.java:addFilter(958)) - Added filter static_user_filter (class=org.apache.hadoop.http.lib.StaticUserWebFilter$StaticUserFilter) to context static
2019-11-14 17:40:52,068 [main] INFO  http.HttpServer2 (HttpServer2.java:bindListener(1191)) - Jetty bound to port 37147
2019-11-14 17:40:52,068 [main] INFO  server.Server (Server.java:doStart(351)) - jetty-9.3.25.v20180904, build timestamp: 2018-09-04T21:11:46Z, git hash: 3ce520221d0240229c862b122d2b06c12a625732
2019-11-14 17:40:52,070 [main] INFO  handler.ContextHandler (ContextHandler.java:doStart(781)) - Started o.e.j.s.ServletContextHandler@4dde8976{/logs,file:///workdir/hadoop-ozone/integration-test/target/log,AVAILABLE}
2019-11-14 17:40:52,071 [main] INFO  handler.ContextHandler (ContextHandler.java:doStart(781)) - Started o.e.j.s.ServletContextHandler@3b4825f0{/static,jar:file:/home/user/.m2/repository/org/apache/hadoop/hadoop-hdds-container-service/0.5.0-SNAPSHOT/hadoop-hdds-container-service-0.5.0-SNAPSHOT.jar!/webapps/static,AVAILABLE}
2019-11-14 17:40:52,116 [main] INFO  handler.ContextHandler (ContextHandler.java:doStart(781)) - Started o.e.j.w.WebAppContext@35ef439e{/,file:///tmp/jetty-0.0.0.0-37147-hddsDatanode-_-any-7861058900124288927.dir/webapp/,AVAILABLE}{/hddsDatanode}
2019-11-14 17:40:52,117 [main] INFO  server.AbstractConnector (AbstractConnector.java:doStart(278)) - Started ServerConnector@4997552e{HTTP/1.1,[http/1.1]}{0.0.0.0:37147}
2019-11-14 17:40:52,118 [main] INFO  server.Server (Server.java:doStart(419)) - Started @67374ms
2019-11-14 17:40:52,118 [main] WARN  impl.MetricsSystemImpl (MetricsSystemImpl.java:register(276)) - Sink prometheus already exists!
2019-11-14 17:40:52,119 [main] INFO  server.BaseHttpServer (BaseHttpServer.java:updateConnectorAddress(215)) - HTTP server of HDDSDATANODE is listening at http://0.0.0.0:37147
2019-11-14 17:40:52,119 [main] INFO  impl.MetricsSystemImpl (MetricsSystemImpl.java:init(158)) - HddsDatanode metrics system started (again)
2019-11-14 17:40:52,123 [org.apache.hadoop.util.JvmPauseMonitor$Monitor@311f8806] INFO  util.JvmPauseMonitor (JvmPauseMonitor.java:run(188)) - Starting JVM pause monitor
2019-11-14 17:40:52,124 [main] INFO  ozone.HddsDatanodeService (HddsDatanodeService.java:start(186)) - HddsDatanodeService host:pr-hdds-2482-j87dr-2776293630 ip:192.168.157.194
2019-11-14 17:40:52,125 [Datanode State Machine Thread - 0] INFO  datanode.InitDatanodeState (InitDatanodeState.java:persistContainerDatanodeDetails(140)) - DatanodeDetails is persisted to /workdir/hadoop-ozone/integration-test/target/test-dir/MiniOzoneClusterImpl-30cd45ce-4337-4039-bf7d-2128eab36bad/datanode-3/meta/datanode.id
2019-11-14 17:40:52,132 [main] INFO  volume.HddsVolume (HddsVolume.java:<init>(176)) - Creating Volume: /workdir/hadoop-ozone/integration-test/target/test-dir/MiniOzoneClusterImpl-30cd45ce-4337-4039-bf7d-2128eab36bad/datanode-4/data/containers/hdds of  storage type : DISK and capacity : 1482555576320
2019-11-14 17:40:52,132 [main] INFO  volume.VolumeSet (VolumeSet.java:initializeVolumeSet(170)) - Added Volume : /workdir/hadoop-ozone/integration-test/target/test-dir/MiniOzoneClusterImpl-30cd45ce-4337-4039-bf7d-2128eab36bad/datanode-4/data/containers/hdds to VolumeSet
2019-11-14 17:40:52,133 [main] INFO  volume.ThrottledAsyncChecker (ThrottledAsyncChecker.java:schedule(141)) - Scheduling a check for /workdir/hadoop-ozone/integration-test/target/test-dir/MiniOzoneClusterImpl-30cd45ce-4337-4039-bf7d-2128eab36bad/datanode-4/data/containers/hdds
2019-11-14 17:40:52,133 [main] INFO  volume.HddsVolumeChecker (HddsVolumeChecker.java:checkAllVolumes(204)) - Scheduled health check for volume /workdir/hadoop-ozone/integration-test/target/test-dir/MiniOzoneClusterImpl-30cd45ce-4337-4039-bf7d-2128eab36bad/datanode-4/data/containers/hdds
2019-11-14 17:40:52,152 [main] INFO  impl.RaftServerProxy (ConfUtils.java:logGet(43)) - raft.rpc.type = GRPC (default)
2019-11-14 17:40:52,152 [main] INFO  grpc.GrpcFactory (GrpcFactory.java:checkPooledByteBufAllocatorUseCacheForAllThreads(45)) - PERFORMANCE WARNING: useCacheForAllThreads is true that may cause Netty to create a lot garbage objects and, as a result, trigger GC.
	It is recommended to disable useCacheForAllThreads by setting -Dorg.apache.ratis.thirdparty.io.netty.allocator.useCacheForAllThreads=false in command line.
2019-11-14 17:40:52,152 [main] INFO  grpc.GrpcConfigKeys$Server (ConfUtils.java:logGet(43)) - raft.grpc.server.port = 0 (default)
2019-11-14 17:40:52,153 [main] INFO  server.GrpcService (ConfUtils.java:logGet(43)) - raft.grpc.message.size.max = 33570816 (custom)
2019-11-14 17:40:52,153 [main] INFO  server.RaftServerConfigKeys (ConfUtils.java:logGet(43)) - raft.server.log.appender.buffer.byte-limit = 33554432 (custom)
2019-11-14 17:40:52,153 [main] INFO  server.GrpcService (ConfUtils.java:logGet(43)) - raft.grpc.flow.control.window = 1MB (=1048576) (default)
2019-11-14 17:40:52,153 [main] INFO  server.RaftServerConfigKeys (ConfUtils.java:logGet(43)) - raft.server.rpc.request.timeout = 3000ms (default)
2019-11-14 17:40:52,154 [main] INFO  server.RaftServerConfigKeys (ConfUtils.java:logGet(43)) - raft.server.storage.dir = [/workdir/hadoop-ozone/integration-test/target/test-dir/MiniOzoneClusterImpl-30cd45ce-4337-4039-bf7d-2128eab36bad/datanode-4/data/ratis] (custom)
2019-11-14 17:40:52,156 [main] INFO  hdfs.DFSUtil (DFSUtil.java:httpServerTemplateForNNAndJN(1641)) - Starting Web-server for hddsDatanode at: http://0.0.0.0:0
2019-11-14 17:40:52,158 [main] INFO  server.AuthenticationFilter (AuthenticationFilter.java:constructSecretProvider(240)) - Unable to initialize FileSignerSecretProvider, falling back to use random secrets.
2019-11-14 17:40:52,158 [main] WARN  http.HttpRequestLog (HttpRequestLog.java:getRequestLog(97)) - Jetty request log can only be enabled using Log4j
2019-11-14 17:40:52,160 [main] INFO  http.HttpServer2 (HttpServer2.java:addGlobalFilter(975)) - Added global filter 'safety' (class=org.apache.hadoop.http.HttpServer2$QuotingInputFilter)
2019-11-14 17:40:52,161 [main] INFO  http.HttpServer2 (HttpServer2.java:addFilter(948)) - Added filter static_user_filter (class=org.apache.hadoop.http.lib.StaticUserWebFilter$StaticUserFilter) to context hddsDatanode
2019-11-14 17:40:52,161 [main] INFO  http.HttpServer2 (HttpServer2.java:addFilter(958)) - Added filter static_user_filter (class=org.apache.hadoop.http.lib.StaticUserWebFilter$StaticUserFilter) to context static
2019-11-14 17:40:52,162 [main] INFO  http.HttpServer2 (HttpServer2.java:addFilter(958)) - Added filter static_user_filter (class=org.apache.hadoop.http.lib.StaticUserWebFilter$StaticUserFilter) to context logs
2019-11-14 17:40:52,163 [main] INFO  http.HttpServer2 (HttpServer2.java:bindListener(1191)) - Jetty bound to port 45378
2019-11-14 17:40:52,163 [main] INFO  server.Server (Server.java:doStart(351)) - jetty-9.3.25.v20180904, build timestamp: 2018-09-04T21:11:46Z, git hash: 3ce520221d0240229c862b122d2b06c12a625732
2019-11-14 17:40:52,165 [main] INFO  handler.ContextHandler (ContextHandler.java:doStart(781)) - Started o.e.j.s.ServletContextHandler@6361b799{/logs,file:///workdir/hadoop-ozone/integration-test/target/log,AVAILABLE}
2019-11-14 17:40:52,166 [main] INFO  handler.ContextHandler (ContextHandler.java:doStart(781)) - Started o.e.j.s.ServletContextHandler@d919544{/static,jar:file:/home/user/.m2/repository/org/apache/hadoop/hadoop-hdds-container-service/0.5.0-SNAPSHOT/hadoop-hdds-container-service-0.5.0-SNAPSHOT.jar!/webapps/static,AVAILABLE}
2019-11-14 17:40:52,216 [main] INFO  handler.ContextHandler (ContextHandler.java:doStart(781)) - Started o.e.j.w.WebAppContext@2007435e{/,file:///tmp/jetty-0.0.0.0-45378-hddsDatanode-_-any-7515510311695388981.dir/webapp/,AVAILABLE}{/hddsDatanode}
2019-11-14 17:40:52,216 [main] INFO  server.AbstractConnector (AbstractConnector.java:doStart(278)) - Started ServerConnector@da28d03{HTTP/1.1,[http/1.1]}{0.0.0.0:45378}
2019-11-14 17:40:52,217 [main] INFO  server.Server (Server.java:doStart(419)) - Started @67474ms
2019-11-14 17:40:52,218 [main] WARN  impl.MetricsSystemImpl (MetricsSystemImpl.java:register(276)) - Sink prometheus already exists!
2019-11-14 17:40:52,219 [main] INFO  server.BaseHttpServer (BaseHttpServer.java:updateConnectorAddress(215)) - HTTP server of HDDSDATANODE is listening at http://0.0.0.0:45378
2019-11-14 17:40:52,219 [main] INFO  impl.MetricsSystemImpl (MetricsSystemImpl.java:init(158)) - HddsDatanode metrics system started (again)
2019-11-14 17:40:52,223 [org.apache.hadoop.util.JvmPauseMonitor$Monitor@1a9bc8ca] INFO  util.JvmPauseMonitor (JvmPauseMonitor.java:run(188)) - Starting JVM pause monitor
2019-11-14 17:40:52,223 [main] INFO  ozone.HddsDatanodeService (HddsDatanodeService.java:start(186)) - HddsDatanodeService host:pr-hdds-2482-j87dr-2776293630 ip:192.168.157.194
2019-11-14 17:40:52,224 [Datanode State Machine Thread - 0] INFO  datanode.InitDatanodeState (InitDatanodeState.java:persistContainerDatanodeDetails(140)) - DatanodeDetails is persisted to /workdir/hadoop-ozone/integration-test/target/test-dir/MiniOzoneClusterImpl-30cd45ce-4337-4039-bf7d-2128eab36bad/datanode-4/meta/datanode.id
2019-11-14 17:40:52,232 [main] INFO  volume.HddsVolume (HddsVolume.java:<init>(176)) - Creating Volume: /workdir/hadoop-ozone/integration-test/target/test-dir/MiniOzoneClusterImpl-30cd45ce-4337-4039-bf7d-2128eab36bad/datanode-5/data/containers/hdds of  storage type : DISK and capacity : 1482555576320
2019-11-14 17:40:52,232 [main] INFO  volume.VolumeSet (VolumeSet.java:initializeVolumeSet(170)) - Added Volume : /workdir/hadoop-ozone/integration-test/target/test-dir/MiniOzoneClusterImpl-30cd45ce-4337-4039-bf7d-2128eab36bad/datanode-5/data/containers/hdds to VolumeSet
2019-11-14 17:40:52,233 [main] INFO  volume.ThrottledAsyncChecker (ThrottledAsyncChecker.java:schedule(141)) - Scheduling a check for /workdir/hadoop-ozone/integration-test/target/test-dir/MiniOzoneClusterImpl-30cd45ce-4337-4039-bf7d-2128eab36bad/datanode-5/data/containers/hdds
2019-11-14 17:40:52,233 [main] INFO  volume.HddsVolumeChecker (HddsVolumeChecker.java:checkAllVolumes(204)) - Scheduled health check for volume /workdir/hadoop-ozone/integration-test/target/test-dir/MiniOzoneClusterImpl-30cd45ce-4337-4039-bf7d-2128eab36bad/datanode-5/data/containers/hdds
2019-11-14 17:40:52,254 [main] INFO  impl.RaftServerProxy (ConfUtils.java:logGet(43)) - raft.rpc.type = GRPC (default)
2019-11-14 17:40:52,254 [main] INFO  grpc.GrpcFactory (GrpcFactory.java:checkPooledByteBufAllocatorUseCacheForAllThreads(45)) - PERFORMANCE WARNING: useCacheForAllThreads is true that may cause Netty to create a lot garbage objects and, as a result, trigger GC.
	It is recommended to disable useCacheForAllThreads by setting -Dorg.apache.ratis.thirdparty.io.netty.allocator.useCacheForAllThreads=false in command line.
2019-11-14 17:40:52,254 [main] INFO  grpc.GrpcConfigKeys$Server (ConfUtils.java:logGet(43)) - raft.grpc.server.port = 0 (default)
2019-11-14 17:40:52,254 [main] INFO  server.GrpcService (ConfUtils.java:logGet(43)) - raft.grpc.message.size.max = 33570816 (custom)
2019-11-14 17:40:52,255 [main] INFO  server.RaftServerConfigKeys (ConfUtils.java:logGet(43)) - raft.server.log.appender.buffer.byte-limit = 33554432 (custom)
2019-11-14 17:40:52,255 [main] INFO  server.GrpcService (ConfUtils.java:logGet(43)) - raft.grpc.flow.control.window = 1MB (=1048576) (default)
2019-11-14 17:40:52,255 [main] INFO  server.RaftServerConfigKeys (ConfUtils.java:logGet(43)) - raft.server.rpc.request.timeout = 3000ms (default)
2019-11-14 17:40:52,256 [main] INFO  server.RaftServerConfigKeys (ConfUtils.java:logGet(43)) - raft.server.storage.dir = [/workdir/hadoop-ozone/integration-test/target/test-dir/MiniOzoneClusterImpl-30cd45ce-4337-4039-bf7d-2128eab36bad/datanode-5/data/ratis] (custom)
2019-11-14 17:40:52,259 [main] INFO  hdfs.DFSUtil (DFSUtil.java:httpServerTemplateForNNAndJN(1641)) - Starting Web-server for hddsDatanode at: http://0.0.0.0:0
2019-11-14 17:40:52,260 [main] INFO  server.AuthenticationFilter (AuthenticationFilter.java:constructSecretProvider(240)) - Unable to initialize FileSignerSecretProvider, falling back to use random secrets.
2019-11-14 17:40:52,261 [main] WARN  http.HttpRequestLog (HttpRequestLog.java:getRequestLog(97)) - Jetty request log can only be enabled using Log4j
2019-11-14 17:40:52,262 [main] INFO  http.HttpServer2 (HttpServer2.java:addGlobalFilter(975)) - Added global filter 'safety' (class=org.apache.hadoop.http.HttpServer2$QuotingInputFilter)
2019-11-14 17:40:52,263 [main] INFO  http.HttpServer2 (HttpServer2.java:addFilter(948)) - Added filter static_user_filter (class=org.apache.hadoop.http.lib.StaticUserWebFilter$StaticUserFilter) to context hddsDatanode
2019-11-14 17:40:52,263 [main] INFO  http.HttpServer2 (HttpServer2.java:addFilter(958)) - Added filter static_user_filter (class=org.apache.hadoop.http.lib.StaticUserWebFilter$StaticUserFilter) to context logs
2019-11-14 17:40:52,263 [main] INFO  http.HttpServer2 (HttpServer2.java:addFilter(958)) - Added filter static_user_filter (class=org.apache.hadoop.http.lib.StaticUserWebFilter$StaticUserFilter) to context static
2019-11-14 17:40:52,264 [main] INFO  http.HttpServer2 (HttpServer2.java:bindListener(1191)) - Jetty bound to port 38131
2019-11-14 17:40:52,265 [main] INFO  server.Server (Server.java:doStart(351)) - jetty-9.3.25.v20180904, build timestamp: 2018-09-04T21:11:46Z, git hash: 3ce520221d0240229c862b122d2b06c12a625732
2019-11-14 17:40:52,267 [main] INFO  handler.ContextHandler (ContextHandler.java:doStart(781)) - Started o.e.j.s.ServletContextHandler@57ddd45b{/logs,file:///workdir/hadoop-ozone/integration-test/target/log,AVAILABLE}
2019-11-14 17:40:52,267 [main] INFO  handler.ContextHandler (ContextHandler.java:doStart(781)) - Started o.e.j.s.ServletContextHandler@2fb25f4c{/static,jar:file:/home/user/.m2/repository/org/apache/hadoop/hadoop-hdds-container-service/0.5.0-SNAPSHOT/hadoop-hdds-container-service-0.5.0-SNAPSHOT.jar!/webapps/static,AVAILABLE}
2019-11-14 17:40:52,306 [main] INFO  handler.ContextHandler (ContextHandler.java:doStart(781)) - Started o.e.j.w.WebAppContext@59c04bee{/,file:///tmp/jetty-0.0.0.0-38131-hddsDatanode-_-any-5041434211253903783.dir/webapp/,AVAILABLE}{/hddsDatanode}
2019-11-14 17:40:52,306 [main] INFO  server.AbstractConnector (AbstractConnector.java:doStart(278)) - Started ServerConnector@45900b64{HTTP/1.1,[http/1.1]}{0.0.0.0:38131}
2019-11-14 17:40:52,307 [main] INFO  server.Server (Server.java:doStart(419)) - Started @67563ms
2019-11-14 17:40:52,307 [main] WARN  impl.MetricsSystemImpl (MetricsSystemImpl.java:register(276)) - Sink prometheus already exists!
2019-11-14 17:40:52,308 [main] INFO  server.BaseHttpServer (BaseHttpServer.java:updateConnectorAddress(215)) - HTTP server of HDDSDATANODE is listening at http://0.0.0.0:38131
2019-11-14 17:40:52,308 [main] INFO  ozone.MiniOzoneClusterImpl (MiniOzoneClusterImpl.java:lambda$waitForClusterToBeReady$2(171)) - Waiting for cluster to be ready. Got 0 of 6 DN Heartbeats.
2019-11-14 17:40:52,310 [org.apache.hadoop.util.JvmPauseMonitor$Monitor@717f2e41] INFO  util.JvmPauseMonitor (JvmPauseMonitor.java:run(188)) - Starting JVM pause monitor
2019-11-14 17:40:52,313 [Datanode State Machine Thread - 0] INFO  datanode.InitDatanodeState (InitDatanodeState.java:persistContainerDatanodeDetails(140)) - DatanodeDetails is persisted to /workdir/hadoop-ozone/integration-test/target/test-dir/MiniOzoneClusterImpl-30cd45ce-4337-4039-bf7d-2128eab36bad/datanode-5/meta/datanode.id
2019-11-14 17:40:53,309 [main] INFO  ozone.MiniOzoneClusterImpl (MiniOzoneClusterImpl.java:lambda$waitForClusterToBeReady$2(171)) - Waiting for cluster to be ready. Got 0 of 6 DN Heartbeats.
2019-11-14 17:40:53,880 [Datanode State Machine Thread - 0] INFO  ozoneimpl.OzoneContainer (OzoneContainer.java:start(230)) - Attempting to start container services.
2019-11-14 17:40:53,880 [Datanode State Machine Thread - 0] INFO  ozoneimpl.OzoneContainer (OzoneContainer.java:startContainerScrub(194)) - Background container scanner has been disabled.
2019-11-14 17:40:53,881 [Datanode State Machine Thread - 0] INFO  ratis.XceiverServerRatis (XceiverServerRatis.java:start(421)) - Starting XceiverServerRatis d20af944-8902-4729-9038-f1b3d5904c1c at port 0
2019-11-14 17:40:53,889 [Datanode State Machine Thread - 0] INFO  impl.RaftServerProxy (RaftServerProxy.java:lambda$start$3(299)) - d20af944-8902-4729-9038-f1b3d5904c1c: start RPC server
2019-11-14 17:40:53,892 [Datanode State Machine Thread - 0] INFO  server.GrpcService (GrpcService.java:startImpl(158)) - d20af944-8902-4729-9038-f1b3d5904c1c: GrpcService started, listening on 0.0.0.0/0.0.0.0:42191
2019-11-14 17:40:53,892 [Datanode State Machine Thread - 0] INFO  ratis.XceiverServerRatis (XceiverServerRatis.java:start(431)) - XceiverServerRatis d20af944-8902-4729-9038-f1b3d5904c1c is started using port 42191
2019-11-14 17:40:53,893 [Datanode State Machine Thread - 0] INFO  server.XceiverServerGrpc (XceiverServerGrpc.java:start(145)) - XceiverServerGrpc d20af944-8902-4729-9038-f1b3d5904c1c is started using port 37443
2019-11-14 17:40:53,969 [Datanode State Machine Thread - 0] INFO  ozoneimpl.OzoneContainer (OzoneContainer.java:start(230)) - Attempting to start container services.
2019-11-14 17:40:53,970 [Datanode State Machine Thread - 0] INFO  ozoneimpl.OzoneContainer (OzoneContainer.java:startContainerScrub(194)) - Background container scanner has been disabled.
2019-11-14 17:40:53,970 [Datanode State Machine Thread - 0] INFO  ratis.XceiverServerRatis (XceiverServerRatis.java:start(421)) - Starting XceiverServerRatis b1eef20d-d56e-4525-87fc-77ff197a940a at port 0
2019-11-14 17:40:53,982 [Datanode State Machine Thread - 0] INFO  impl.RaftServerProxy (RaftServerProxy.java:lambda$start$3(299)) - b1eef20d-d56e-4525-87fc-77ff197a940a: start RPC server
2019-11-14 17:40:53,983 [Datanode State Machine Thread - 0] INFO  server.GrpcService (GrpcService.java:startImpl(158)) - b1eef20d-d56e-4525-87fc-77ff197a940a: GrpcService started, listening on 0.0.0.0/0.0.0.0:38023
2019-11-14 17:40:53,983 [Datanode State Machine Thread - 0] INFO  ratis.XceiverServerRatis (XceiverServerRatis.java:start(431)) - XceiverServerRatis b1eef20d-d56e-4525-87fc-77ff197a940a is started using port 38023
2019-11-14 17:40:53,984 [Datanode State Machine Thread - 0] INFO  server.XceiverServerGrpc (XceiverServerGrpc.java:start(145)) - XceiverServerGrpc b1eef20d-d56e-4525-87fc-77ff197a940a is started using port 33985
2019-11-14 17:40:54,054 [Datanode State Machine Thread - 0] INFO  ozoneimpl.OzoneContainer (OzoneContainer.java:start(230)) - Attempting to start container services.
2019-11-14 17:40:54,054 [Datanode State Machine Thread - 0] INFO  ozoneimpl.OzoneContainer (OzoneContainer.java:startContainerScrub(194)) - Background container scanner has been disabled.
2019-11-14 17:40:54,054 [Datanode State Machine Thread - 0] INFO  ratis.XceiverServerRatis (XceiverServerRatis.java:start(421)) - Starting XceiverServerRatis 85330d09-12c2-4b50-bc83-acecbbd5cc6d at port 0
2019-11-14 17:40:54,063 [Datanode State Machine Thread - 0] INFO  impl.RaftServerProxy (RaftServerProxy.java:lambda$start$3(299)) - 85330d09-12c2-4b50-bc83-acecbbd5cc6d: start RPC server
2019-11-14 17:40:54,064 [Datanode State Machine Thread - 0] INFO  server.GrpcService (GrpcService.java:startImpl(158)) - 85330d09-12c2-4b50-bc83-acecbbd5cc6d: GrpcService started, listening on 0.0.0.0/0.0.0.0:44898
2019-11-14 17:40:54,064 [Datanode State Machine Thread - 0] INFO  ratis.XceiverServerRatis (XceiverServerRatis.java:start(431)) - XceiverServerRatis 85330d09-12c2-4b50-bc83-acecbbd5cc6d is started using port 44898
2019-11-14 17:40:54,066 [Datanode State Machine Thread - 0] INFO  server.XceiverServerGrpc (XceiverServerGrpc.java:start(145)) - XceiverServerGrpc 85330d09-12c2-4b50-bc83-acecbbd5cc6d is started using port 46561
2019-11-14 17:40:54,197 [Datanode State Machine Thread - 0] INFO  ozoneimpl.OzoneContainer (OzoneContainer.java:start(230)) - Attempting to start container services.
2019-11-14 17:40:54,198 [Datanode State Machine Thread - 0] INFO  ozoneimpl.OzoneContainer (OzoneContainer.java:startContainerScrub(194)) - Background container scanner has been disabled.
2019-11-14 17:40:54,198 [Datanode State Machine Thread - 0] INFO  ratis.XceiverServerRatis (XceiverServerRatis.java:start(421)) - Starting XceiverServerRatis 71bec8dd-fabd-4ede-a8a1-a5a2039dbf17 at port 0
2019-11-14 17:40:54,209 [Datanode State Machine Thread - 0] INFO  impl.RaftServerProxy (RaftServerProxy.java:lambda$start$3(299)) - 71bec8dd-fabd-4ede-a8a1-a5a2039dbf17: start RPC server
2019-11-14 17:40:54,211 [Datanode State Machine Thread - 0] INFO  server.GrpcService (GrpcService.java:startImpl(158)) - 71bec8dd-fabd-4ede-a8a1-a5a2039dbf17: GrpcService started, listening on 0.0.0.0/0.0.0.0:34443
2019-11-14 17:40:54,211 [Datanode State Machine Thread - 0] INFO  ratis.XceiverServerRatis (XceiverServerRatis.java:start(431)) - XceiverServerRatis 71bec8dd-fabd-4ede-a8a1-a5a2039dbf17 is started using port 34443
2019-11-14 17:40:54,212 [Datanode State Machine Thread - 0] INFO  server.XceiverServerGrpc (XceiverServerGrpc.java:start(145)) - XceiverServerGrpc 71bec8dd-fabd-4ede-a8a1-a5a2039dbf17 is started using port 37638
2019-11-14 17:40:54,247 [Datanode State Machine Thread - 0] INFO  ozoneimpl.OzoneContainer (OzoneContainer.java:start(230)) - Attempting to start container services.
2019-11-14 17:40:54,247 [Datanode State Machine Thread - 0] INFO  ozoneimpl.OzoneContainer (OzoneContainer.java:startContainerScrub(194)) - Background container scanner has been disabled.
2019-11-14 17:40:54,247 [Datanode State Machine Thread - 0] INFO  ratis.XceiverServerRatis (XceiverServerRatis.java:start(421)) - Starting XceiverServerRatis b8551fbf-2c11-4c1f-914e-c2dd536d81a3 at port 0
2019-11-14 17:40:54,258 [Datanode State Machine Thread - 0] INFO  impl.RaftServerProxy (RaftServerProxy.java:lambda$start$3(299)) - b8551fbf-2c11-4c1f-914e-c2dd536d81a3: start RPC server
2019-11-14 17:40:54,260 [Datanode State Machine Thread - 0] INFO  server.GrpcService (GrpcService.java:startImpl(158)) - b8551fbf-2c11-4c1f-914e-c2dd536d81a3: GrpcService started, listening on 0.0.0.0/0.0.0.0:42907
2019-11-14 17:40:54,260 [Datanode State Machine Thread - 0] INFO  ratis.XceiverServerRatis (XceiverServerRatis.java:start(431)) - XceiverServerRatis b8551fbf-2c11-4c1f-914e-c2dd536d81a3 is started using port 42907
2019-11-14 17:40:54,261 [Datanode State Machine Thread - 0] INFO  server.XceiverServerGrpc (XceiverServerGrpc.java:start(145)) - XceiverServerGrpc b8551fbf-2c11-4c1f-914e-c2dd536d81a3 is started using port 35502
2019-11-14 17:40:54,310 [main] INFO  ozone.MiniOzoneClusterImpl (MiniOzoneClusterImpl.java:lambda$waitForClusterToBeReady$2(171)) - Waiting for cluster to be ready. Got 0 of 6 DN Heartbeats.
2019-11-14 17:40:54,339 [Datanode State Machine Thread - 0] INFO  ozoneimpl.OzoneContainer (OzoneContainer.java:start(230)) - Attempting to start container services.
2019-11-14 17:40:54,340 [Datanode State Machine Thread - 0] INFO  ozoneimpl.OzoneContainer (OzoneContainer.java:startContainerScrub(194)) - Background container scanner has been disabled.
2019-11-14 17:40:54,340 [Datanode State Machine Thread - 0] INFO  ratis.XceiverServerRatis (XceiverServerRatis.java:start(421)) - Starting XceiverServerRatis 90a583a1-bf80-46e7-94ec-70238bb9c970 at port 0
2019-11-14 17:40:54,349 [Datanode State Machine Thread - 0] INFO  impl.RaftServerProxy (RaftServerProxy.java:lambda$start$3(299)) - 90a583a1-bf80-46e7-94ec-70238bb9c970: start RPC server
2019-11-14 17:40:54,351 [Datanode State Machine Thread - 0] INFO  server.GrpcService (GrpcService.java:startImpl(158)) - 90a583a1-bf80-46e7-94ec-70238bb9c970: GrpcService started, listening on 0.0.0.0/0.0.0.0:35138
2019-11-14 17:40:54,351 [Datanode State Machine Thread - 0] INFO  ratis.XceiverServerRatis (XceiverServerRatis.java:start(431)) - XceiverServerRatis 90a583a1-bf80-46e7-94ec-70238bb9c970 is started using port 35138
2019-11-14 17:40:54,352 [Datanode State Machine Thread - 0] INFO  server.XceiverServerGrpc (XceiverServerGrpc.java:start(145)) - XceiverServerGrpc 90a583a1-bf80-46e7-94ec-70238bb9c970 is started using port 40546
2019-11-14 17:40:55,310 [main] INFO  ozone.MiniOzoneClusterImpl (MiniOzoneClusterImpl.java:lambda$waitForClusterToBeReady$2(171)) - Waiting for cluster to be ready. Got 0 of 6 DN Heartbeats.
2019-11-14 17:40:55,853 [IPC Server handler 3 on 44399] INFO  net.NetworkTopology (NetworkTopologyImpl.java:add(111)) - Added a new node: /default-rack/d20af944-8902-4729-9038-f1b3d5904c1c
2019-11-14 17:40:55,855 [IPC Server handler 3 on 44399] INFO  node.SCMNodeManager (SCMNodeManager.java:register(267)) - Registered Data node : d20af944-8902-4729-9038-f1b3d5904c1c{ip: 192.168.157.194, host: pr-hdds-2482-j87dr-2776293630, networkLocation: /default-rack, certSerialId: null}
2019-11-14 17:40:55,856 [EventQueue-NodeRegistrationContainerReportForDataNodeSafeModeRule] INFO  safemode.SCMSafeModeManager (DataNodeSafeModeRule.java:process(71)) - SCM in safe mode. 1 DataNodes registered, 1 required.
2019-11-14 17:40:55,858 [EventQueue-NodeRegistrationContainerReportForDataNodeSafeModeRule] INFO  safemode.SCMSafeModeManager (SCMSafeModeManager.java:validateSafeModeExitRules(177)) - ScmSafeModeManager, all rules are successfully validated
2019-11-14 17:40:55,858 [EventQueue-NodeRegistrationContainerReportForDataNodeSafeModeRule] INFO  safemode.SCMSafeModeManager (SCMSafeModeManager.java:exitSafeMode(193)) - SCM exiting safe mode.
2019-11-14 17:40:55,876 [grpc-default-executor-4] INFO  impl.RaftServerProxy (RaftServerProxy.java:addNew(89)) - d20af944-8902-4729-9038-f1b3d5904c1c: addNew group-6BBC389FFB49:[d20af944-8902-4729-9038-f1b3d5904c1c:192.168.157.194:42191] returns group-6BBC389FFB49:java.util.concurrent.CompletableFuture@13cf7e03[Not completed]
2019-11-14 17:40:55,880 [pool-153-thread-1] INFO  impl.RaftServerImpl (RaftServerImpl.java:<init>(98)) - d20af944-8902-4729-9038-f1b3d5904c1c: new RaftServerImpl for group-6BBC389FFB49:[d20af944-8902-4729-9038-f1b3d5904c1c:192.168.157.194:42191] with ContainerStateMachine:uninitialized
2019-11-14 17:40:55,880 [pool-153-thread-1] INFO  server.RaftServerConfigKeys (ConfUtils.java:logGet(43)) - raft.server.rpc.timeout.min = 1s (custom)
2019-11-14 17:40:55,880 [pool-153-thread-1] INFO  server.RaftServerConfigKeys (ConfUtils.java:logGet(43)) - raft.server.rpc.timeout.max = 1200ms (custom)
2019-11-14 17:40:55,880 [pool-153-thread-1] INFO  server.RaftServerConfigKeys (ConfUtils.java:logGet(43)) - raft.server.rpcslowness.timeout = 120s (custom)
2019-11-14 17:40:55,880 [pool-153-thread-1] INFO  server.RaftServerConfigKeys (ConfUtils.java:logGet(43)) - raft.server.sleep.deviation.threshold = 300 (default)
2019-11-14 17:40:55,881 [pool-153-thread-1] INFO  server.RaftServerConfigKeys (ConfUtils.java:logGet(43)) - raft.server.log.appender.install.snapshot.enabled = false (custom)
2019-11-14 17:40:55,881 [pool-153-thread-1] INFO  impl.RaftServerImpl (ServerState.java:<init>(103)) - d20af944-8902-4729-9038-f1b3d5904c1c@group-6BBC389FFB49: ConfigurationManager, init=-1: [d20af944-8902-4729-9038-f1b3d5904c1c:192.168.157.194:42191], old=null, confs=<EMPTY_MAP>
2019-11-14 17:40:55,881 [pool-153-thread-1] INFO  server.RaftServerConfigKeys (ConfUtils.java:logGet(43)) - raft.server.storage.dir = [/workdir/hadoop-ozone/integration-test/target/test-dir/MiniOzoneClusterImpl-30cd45ce-4337-4039-bf7d-2128eab36bad/datanode-0/data/ratis] (custom)
2019-11-14 17:40:55,881 [pool-153-thread-1] INFO  server.RaftServerConfigKeys (ConfUtils.java:logGet(43)) - raft.server.log.corruption.policy = EXCEPTION (default)
2019-11-14 17:40:55,882 [pool-153-thread-1] INFO  storage.RaftStorageDirectory (RaftStorageDirectory.java:analyzeStorage(246)) - The storage directory /workdir/hadoop-ozone/integration-test/target/test-dir/MiniOzoneClusterImpl-30cd45ce-4337-4039-bf7d-2128eab36bad/datanode-0/data/ratis/ae8131e7-5671-4e4a-b256-6bbc389ffb49 does not exist. Creating ...
2019-11-14 17:40:55,914 [pool-153-thread-1] INFO  storage.RaftStorageDirectory (RaftStorageDirectory.java:tryLock(328)) - Lock on /workdir/hadoop-ozone/integration-test/target/test-dir/MiniOzoneClusterImpl-30cd45ce-4337-4039-bf7d-2128eab36bad/datanode-0/data/ratis/ae8131e7-5671-4e4a-b256-6bbc389ffb49/in_use.lock acquired by nodename 20249@pr-hdds-2482-j87dr-2776293630
2019-11-14 17:40:55,940 [pool-153-thread-1] INFO  storage.RaftStorage (RaftStorage.java:format(84)) - Storage directory /workdir/hadoop-ozone/integration-test/target/test-dir/MiniOzoneClusterImpl-30cd45ce-4337-4039-bf7d-2128eab36bad/datanode-0/data/ratis/ae8131e7-5671-4e4a-b256-6bbc389ffb49 has been successfully formatted.
2019-11-14 17:40:55,940 [pool-153-thread-1] INFO  ratis.ContainerStateMachine (ContainerStateMachine.java:loadSnapshot(223)) - group-6BBC389FFB49: The snapshot info is null. Setting the last applied indexto:(t:0, i:~)
2019-11-14 17:40:55,940 [pool-153-thread-1] INFO  server.RaftServerConfigKeys (ConfUtils.java:logGet(43)) - raft.server.notification.no-leader.timeout = 120s (custom)
2019-11-14 17:40:55,940 [pool-153-thread-1] INFO  server.RaftServerConfigKeys (ConfUtils.java:logGet(43)) - raft.server.log.use.memory = false (default)
2019-11-14 17:40:55,941 [pool-153-thread-1] INFO  server.RaftServerConfigKeys (ConfUtils.java:logGet(43)) - raft.server.log.purge.gap = 1000000 (custom)
2019-11-14 17:40:55,941 [pool-153-thread-1] INFO  server.RaftServerConfigKeys (ConfUtils.java:logGet(43)) - raft.server.log.appender.buffer.byte-limit = 33554432 (custom)
2019-11-14 17:40:55,941 [pool-153-thread-1] INFO  server.RaftServerConfigKeys (ConfUtils.java:logGet(43)) - raft.server.log.segment.size.max = 1048576 (custom)
2019-11-14 17:40:55,941 [pool-153-thread-1] WARN  impl.MetricRegistriesImpl (MetricRegistriesImpl.java:lambda$create$1(61)) - First MetricRegistry has been created without registering reporters. You may need to call MetricRegistries.global().addReportRegistration(...) before.
2019-11-14 17:40:55,941 [pool-153-thread-1] INFO  server.RaftServerConfigKeys (ConfUtils.java:logGet(43)) - raft.server.log.segment.cache.num.max = 2 (custom)
2019-11-14 17:40:55,942 [pool-153-thread-1] INFO  segmented.SegmentedRaftLogWorker (SegmentedRaftLogWorker.java:<init>(173)) - new d20af944-8902-4729-9038-f1b3d5904c1c@group-6BBC389FFB49-SegmentedRaftLogWorker for RaftStorage:Storage Directory /workdir/hadoop-ozone/integration-test/target/test-dir/MiniOzoneClusterImpl-30cd45ce-4337-4039-bf7d-2128eab36bad/datanode-0/data/ratis/ae8131e7-5671-4e4a-b256-6bbc389ffb49
2019-11-14 17:40:55,942 [pool-153-thread-1] INFO  server.RaftServerConfigKeys (ConfUtils.java:logGet(43)) - raft.server.log.queue.byte-limit = 2147483647 (custom)
2019-11-14 17:40:55,942 [pool-153-thread-1] INFO  server.RaftServerConfigKeys (ConfUtils.java:logGet(43)) - raft.server.log.queue.element-limit = 1024 (custom)
2019-11-14 17:40:55,942 [pool-153-thread-1] INFO  server.RaftServerConfigKeys (ConfUtils.java:logGet(43)) - raft.server.log.segment.size.max = 1048576 (custom)
2019-11-14 17:40:55,942 [pool-153-thread-1] INFO  server.RaftServerConfigKeys (ConfUtils.java:logGet(43)) - raft.server.log.preallocated.size = 16384 (custom)
2019-11-14 17:40:55,942 [pool-153-thread-1] INFO  server.RaftServerConfigKeys (ConfUtils.java:logGet(43)) - raft.server.log.write.buffer.size = 33554432 (custom)
2019-11-14 17:40:55,943 [pool-153-thread-1] INFO  server.RaftServerConfigKeys (ConfUtils.java:logGet(43)) - raft.server.log.force.sync.num = 128 (default)
2019-11-14 17:40:55,943 [pool-153-thread-1] INFO  server.RaftServerConfigKeys (ConfUtils.java:logGet(43)) - raft.server.log.statemachine.data.sync = true (default)
2019-11-14 17:40:55,943 [pool-153-thread-1] INFO  server.RaftServerConfigKeys (ConfUtils.java:logGet(43)) - raft.server.log.statemachine.data.sync.timeout = 10s (default)
2019-11-14 17:40:55,943 [pool-153-thread-1] INFO  server.RaftServerConfigKeys (ConfUtils.java:logGet(43)) - raft.server.log.statemachine.data.sync.timeout.retry = -1 (default)
2019-11-14 17:40:55,943 [pool-153-thread-1] INFO  server.RaftServerConfigKeys (ConfUtils.java:logGet(43)) - raft.server.log.statemachine.data.caching.enabled = true (custom)
2019-11-14 17:40:55,944 [pool-153-thread-1] INFO  segmented.SegmentedRaftLogWorker (SegmentedRaftLogWorker.java:lambda$new$0(128)) - d20af944-8902-4729-9038-f1b3d5904c1c@group-6BBC389FFB49-SegmentedRaftLogWorker: flushIndex: setUnconditionally 0 -> -1
2019-11-14 17:40:55,944 [pool-153-thread-1] INFO  server.RaftServerConfigKeys (ConfUtils.java:logGet(43)) - raft.server.snapshot.auto.trigger.enabled = true (custom)
2019-11-14 17:40:55,944 [pool-153-thread-1] INFO  server.RaftServerConfigKeys (ConfUtils.java:logGet(43)) - raft.server.snapshot.auto.trigger.threshold = 10000 (custom)
2019-11-14 17:40:55,945 [pool-153-thread-1] INFO  server.RaftServerConfigKeys (ConfUtils.java:logGet(43)) - raft.server.snapshot.retention.file.num = 5 (custom)
2019-11-14 17:40:55,945 [pool-153-thread-1] INFO  server.RaftServerConfigKeys (ConfUtils.java:logGet(43)) - raft.server.retrycache.expirytime = 600000ms (custom)
2019-11-14 17:40:55,945 [IPC Server handler 6 on 44399] INFO  net.NetworkTopology (NetworkTopologyImpl.java:add(111)) - Added a new node: /default-rack/b1eef20d-d56e-4525-87fc-77ff197a940a
2019-11-14 17:40:55,945 [pool-153-thread-1] WARN  impl.MetricRegistriesImpl (MetricRegistriesImpl.java:lambda$create$1(61)) - First MetricRegistry has been created without registering reporters. You may need to call MetricRegistries.global().addReportRegistration(...) before.
2019-11-14 17:40:55,945 [IPC Server handler 6 on 44399] INFO  node.SCMNodeManager (SCMNodeManager.java:register(267)) - Registered Data node : b1eef20d-d56e-4525-87fc-77ff197a940a{ip: 192.168.157.194, host: pr-hdds-2482-j87dr-2776293630, networkLocation: /default-rack, certSerialId: null}
2019-11-14 17:40:55,945 [pool-153-thread-1] WARN  impl.MetricRegistriesImpl (MetricRegistriesImpl.java:lambda$create$1(61)) - First MetricRegistry has been created without registering reporters. You may need to call MetricRegistries.global().addReportRegistration(...) before.
2019-11-14 17:40:55,946 [pool-153-thread-1] INFO  impl.RaftServerImpl (RaftServerImpl.java:start(184)) - d20af944-8902-4729-9038-f1b3d5904c1c@group-6BBC389FFB49: start as a follower, conf=-1: [d20af944-8902-4729-9038-f1b3d5904c1c:192.168.157.194:42191], old=null
2019-11-14 17:40:55,946 [pool-153-thread-1] INFO  impl.RaftServerImpl (RaftServerImpl.java:setRole(173)) - d20af944-8902-4729-9038-f1b3d5904c1c@group-6BBC389FFB49: changes role from      null to FOLLOWER at term 0 for startAsFollower
2019-11-14 17:40:55,946 [pool-153-thread-1] INFO  impl.RoleInfo (RoleInfo.java:updateAndGet(143)) - d20af944-8902-4729-9038-f1b3d5904c1c: start FollowerState
2019-11-14 17:40:55,947 [pool-153-thread-1] INFO  util.JmxRegister (JmxRegister.java:tryRegister(44)) - Successfully registered JMX Bean with object name Ratis:service=RaftServer,group=group-6BBC389FFB49,id=d20af944-8902-4729-9038-f1b3d5904c1c
2019-11-14 17:40:55,947 [pool-153-thread-1] WARN  impl.MetricRegistriesImpl (MetricRegistriesImpl.java:lambda$create$1(61)) - First MetricRegistry has been created without registering reporters. You may need to call MetricRegistries.global().addReportRegistration(...) before.
2019-11-14 17:40:55,952 [RatisPipelineUtilsThread] INFO  pipeline.PipelineStateManager (PipelineStateManager.java:addPipeline(55)) - Created pipeline Pipeline[ Id: ae8131e7-5671-4e4a-b256-6bbc389ffb49, Nodes: d20af944-8902-4729-9038-f1b3d5904c1c{ip: 192.168.157.194, host: pr-hdds-2482-j87dr-2776293630, networkLocation: /default-rack, certSerialId: null}, Type:RATIS, Factor:ONE, State:ALLOCATED]
2019-11-14 17:40:55,960 [grpc-default-executor-4] INFO  impl.RaftServerProxy (RaftServerProxy.java:addNew(89)) - b1eef20d-d56e-4525-87fc-77ff197a940a: addNew group-9111F72BDA9E:[b1eef20d-d56e-4525-87fc-77ff197a940a:192.168.157.194:38023] returns group-9111F72BDA9E:java.util.concurrent.CompletableFuture@79ab2e86[Not completed]
2019-11-14 17:40:55,961 [pool-163-thread-1] INFO  impl.RaftServerImpl (RaftServerImpl.java:<init>(98)) - b1eef20d-d56e-4525-87fc-77ff197a940a: new RaftServerImpl for group-9111F72BDA9E:[b1eef20d-d56e-4525-87fc-77ff197a940a:192.168.157.194:38023] with ContainerStateMachine:uninitialized
2019-11-14 17:40:55,961 [pool-163-thread-1] INFO  server.RaftServerConfigKeys (ConfUtils.java:logGet(43)) - raft.server.rpc.timeout.min = 1s (custom)
2019-11-14 17:40:55,961 [pool-163-thread-1] INFO  server.RaftServerConfigKeys (ConfUtils.java:logGet(43)) - raft.server.rpc.timeout.max = 1200ms (custom)
2019-11-14 17:40:55,961 [pool-163-thread-1] INFO  server.RaftServerConfigKeys (ConfUtils.java:logGet(43)) - raft.server.rpcslowness.timeout = 120s (custom)
2019-11-14 17:40:55,961 [pool-163-thread-1] INFO  server.RaftServerConfigKeys (ConfUtils.java:logGet(43)) - raft.server.sleep.deviation.threshold = 300 (default)
2019-11-14 17:40:55,961 [pool-163-thread-1] INFO  server.RaftServerConfigKeys (ConfUtils.java:logGet(43)) - raft.server.log.appender.install.snapshot.enabled = false (custom)
2019-11-14 17:40:55,962 [pool-163-thread-1] INFO  impl.RaftServerImpl (ServerState.java:<init>(103)) - b1eef20d-d56e-4525-87fc-77ff197a940a@group-9111F72BDA9E: ConfigurationManager, init=-1: [b1eef20d-d56e-4525-87fc-77ff197a940a:192.168.157.194:38023], old=null, confs=<EMPTY_MAP>
2019-11-14 17:40:55,962 [pool-163-thread-1] INFO  server.RaftServerConfigKeys (ConfUtils.java:logGet(43)) - raft.server.storage.dir = [/workdir/hadoop-ozone/integration-test/target/test-dir/MiniOzoneClusterImpl-30cd45ce-4337-4039-bf7d-2128eab36bad/datanode-1/data/ratis] (custom)
2019-11-14 17:40:55,962 [pool-163-thread-1] INFO  server.RaftServerConfigKeys (ConfUtils.java:logGet(43)) - raft.server.log.corruption.policy = EXCEPTION (default)
2019-11-14 17:40:55,962 [pool-163-thread-1] INFO  storage.RaftStorageDirectory (RaftStorageDirectory.java:analyzeStorage(246)) - The storage directory /workdir/hadoop-ozone/integration-test/target/test-dir/MiniOzoneClusterImpl-30cd45ce-4337-4039-bf7d-2128eab36bad/datanode-1/data/ratis/1d9a4b72-fa4b-4347-907b-9111f72bda9e does not exist. Creating ...
2019-11-14 17:40:55,990 [pool-163-thread-1] INFO  storage.RaftStorageDirectory (RaftStorageDirectory.java:tryLock(328)) - Lock on /workdir/hadoop-ozone/integration-test/target/test-dir/MiniOzoneClusterImpl-30cd45ce-4337-4039-bf7d-2128eab36bad/datanode-1/data/ratis/1d9a4b72-fa4b-4347-907b-9111f72bda9e/in_use.lock acquired by nodename 20249@pr-hdds-2482-j87dr-2776293630
2019-11-14 17:40:56,015 [pool-163-thread-1] INFO  storage.RaftStorage (RaftStorage.java:format(84)) - Storage directory /workdir/hadoop-ozone/integration-test/target/test-dir/MiniOzoneClusterImpl-30cd45ce-4337-4039-bf7d-2128eab36bad/datanode-1/data/ratis/1d9a4b72-fa4b-4347-907b-9111f72bda9e has been successfully formatted.
2019-11-14 17:40:56,016 [pool-163-thread-1] INFO  ratis.ContainerStateMachine (ContainerStateMachine.java:loadSnapshot(223)) - group-9111F72BDA9E: The snapshot info is null. Setting the last applied indexto:(t:0, i:~)
2019-11-14 17:40:56,016 [pool-163-thread-1] INFO  server.RaftServerConfigKeys (ConfUtils.java:logGet(43)) - raft.server.notification.no-leader.timeout = 120s (custom)
2019-11-14 17:40:56,016 [pool-163-thread-1] INFO  server.RaftServerConfigKeys (ConfUtils.java:logGet(43)) - raft.server.log.use.memory = false (default)
2019-11-14 17:40:56,016 [pool-163-thread-1] INFO  server.RaftServerConfigKeys (ConfUtils.java:logGet(43)) - raft.server.log.purge.gap = 1000000 (custom)
2019-11-14 17:40:56,016 [pool-163-thread-1] INFO  server.RaftServerConfigKeys (ConfUtils.java:logGet(43)) - raft.server.log.appender.buffer.byte-limit = 33554432 (custom)
2019-11-14 17:40:56,016 [pool-163-thread-1] INFO  server.RaftServerConfigKeys (ConfUtils.java:logGet(43)) - raft.server.log.segment.size.max = 1048576 (custom)
2019-11-14 17:40:56,016 [pool-163-thread-1] WARN  impl.MetricRegistriesImpl (MetricRegistriesImpl.java:lambda$create$1(61)) - First MetricRegistry has been created without registering reporters. You may need to call MetricRegistries.global().addReportRegistration(...) before.
2019-11-14 17:40:56,016 [pool-163-thread-1] INFO  server.RaftServerConfigKeys (ConfUtils.java:logGet(43)) - raft.server.log.segment.cache.num.max = 2 (custom)
2019-11-14 17:40:56,016 [pool-163-thread-1] INFO  segmented.SegmentedRaftLogWorker (SegmentedRaftLogWorker.java:<init>(173)) - new b1eef20d-d56e-4525-87fc-77ff197a940a@group-9111F72BDA9E-SegmentedRaftLogWorker for RaftStorage:Storage Directory /workdir/hadoop-ozone/integration-test/target/test-dir/MiniOzoneClusterImpl-30cd45ce-4337-4039-bf7d-2128eab36bad/datanode-1/data/ratis/1d9a4b72-fa4b-4347-907b-9111f72bda9e
2019-11-14 17:40:56,017 [pool-163-thread-1] INFO  server.RaftServerConfigKeys (ConfUtils.java:logGet(43)) - raft.server.log.queue.byte-limit = 2147483647 (custom)
2019-11-14 17:40:56,017 [pool-163-thread-1] INFO  server.RaftServerConfigKeys (ConfUtils.java:logGet(43)) - raft.server.log.queue.element-limit = 1024 (custom)
2019-11-14 17:40:56,017 [pool-163-thread-1] INFO  server.RaftServerConfigKeys (ConfUtils.java:logGet(43)) - raft.server.log.segment.size.max = 1048576 (custom)
2019-11-14 17:40:56,017 [pool-163-thread-1] INFO  server.RaftServerConfigKeys (ConfUtils.java:logGet(43)) - raft.server.log.preallocated.size = 16384 (custom)
2019-11-14 17:40:56,017 [pool-163-thread-1] INFO  server.RaftServerConfigKeys (ConfUtils.java:logGet(43)) - raft.server.log.write.buffer.size = 33554432 (custom)
2019-11-14 17:40:56,017 [pool-163-thread-1] INFO  server.RaftServerConfigKeys (ConfUtils.java:logGet(43)) - raft.server.log.force.sync.num = 128 (default)
2019-11-14 17:40:56,017 [pool-163-thread-1] INFO  server.RaftServerConfigKeys (ConfUtils.java:logGet(43)) - raft.server.log.statemachine.data.sync = true (default)
2019-11-14 17:40:56,017 [pool-163-thread-1] INFO  server.RaftServerConfigKeys (ConfUtils.java:logGet(43)) - raft.server.log.statemachine.data.sync.timeout = 10s (default)
2019-11-14 17:40:56,017 [pool-163-thread-1] INFO  server.RaftServerConfigKeys (ConfUtils.java:logGet(43)) - raft.server.log.statemachine.data.sync.timeout.retry = -1 (default)
2019-11-14 17:40:56,018 [pool-163-thread-1] INFO  server.RaftServerConfigKeys (ConfUtils.java:logGet(43)) - raft.server.log.statemachine.data.caching.enabled = true (custom)
2019-11-14 17:40:56,018 [pool-163-thread-1] INFO  segmented.SegmentedRaftLogWorker (SegmentedRaftLogWorker.java:lambda$new$0(128)) - b1eef20d-d56e-4525-87fc-77ff197a940a@group-9111F72BDA9E-SegmentedRaftLogWorker: flushIndex: setUnconditionally 0 -> -1
2019-11-14 17:40:56,018 [pool-163-thread-1] INFO  server.RaftServerConfigKeys (ConfUtils.java:logGet(43)) - raft.server.snapshot.auto.trigger.enabled = true (custom)
2019-11-14 17:40:56,018 [pool-163-thread-1] INFO  server.RaftServerConfigKeys (ConfUtils.java:logGet(43)) - raft.server.snapshot.auto.trigger.threshold = 10000 (custom)
2019-11-14 17:40:56,018 [pool-163-thread-1] INFO  server.RaftServerConfigKeys (ConfUtils.java:logGet(43)) - raft.server.snapshot.retention.file.num = 5 (custom)
2019-11-14 17:40:56,018 [pool-163-thread-1] INFO  server.RaftServerConfigKeys (ConfUtils.java:logGet(43)) - raft.server.retrycache.expirytime = 600000ms (custom)
2019-11-14 17:40:56,019 [pool-163-thread-1] WARN  impl.MetricRegistriesImpl (MetricRegistriesImpl.java:lambda$create$1(61)) - First MetricRegistry has been created without registering reporters. You may need to call MetricRegistries.global().addReportRegistration(...) before.
2019-11-14 17:40:56,019 [pool-163-thread-1] WARN  impl.MetricRegistriesImpl (MetricRegistriesImpl.java:lambda$create$1(61)) - First MetricRegistry has been created without registering reporters. You may need to call MetricRegistries.global().addReportRegistration(...) before.
2019-11-14 17:40:56,019 [pool-163-thread-1] INFO  impl.RaftServerImpl (RaftServerImpl.java:start(184)) - b1eef20d-d56e-4525-87fc-77ff197a940a@group-9111F72BDA9E: start as a follower, conf=-1: [b1eef20d-d56e-4525-87fc-77ff197a940a:192.168.157.194:38023], old=null
2019-11-14 17:40:56,019 [pool-163-thread-1] INFO  impl.RaftServerImpl (RaftServerImpl.java:setRole(173)) - b1eef20d-d56e-4525-87fc-77ff197a940a@group-9111F72BDA9E: changes role from      null to FOLLOWER at term 0 for startAsFollower
2019-11-14 17:40:56,019 [pool-163-thread-1] INFO  impl.RoleInfo (RoleInfo.java:updateAndGet(143)) - b1eef20d-d56e-4525-87fc-77ff197a940a: start FollowerState
2019-11-14 17:40:56,019 [pool-163-thread-1] INFO  util.JmxRegister (JmxRegister.java:tryRegister(44)) - Successfully registered JMX Bean with object name Ratis:service=RaftServer,group=group-9111F72BDA9E,id=b1eef20d-d56e-4525-87fc-77ff197a940a
2019-11-14 17:40:56,020 [pool-163-thread-1] WARN  impl.MetricRegistriesImpl (MetricRegistriesImpl.java:lambda$create$1(61)) - First MetricRegistry has been created without registering reporters. You may need to call MetricRegistries.global().addReportRegistration(...) before.
2019-11-14 17:40:56,022 [RatisPipelineUtilsThread] INFO  pipeline.PipelineStateManager (PipelineStateManager.java:addPipeline(55)) - Created pipeline Pipeline[ Id: 1d9a4b72-fa4b-4347-907b-9111f72bda9e, Nodes: b1eef20d-d56e-4525-87fc-77ff197a940a{ip: 192.168.157.194, host: pr-hdds-2482-j87dr-2776293630, networkLocation: /default-rack, certSerialId: null}, Type:RATIS, Factor:ONE, State:ALLOCATED]
2019-11-14 17:40:56,029 [IPC Server handler 0 on 44399] INFO  net.NetworkTopology (NetworkTopologyImpl.java:add(111)) - Added a new node: /default-rack/85330d09-12c2-4b50-bc83-acecbbd5cc6d
2019-11-14 17:40:56,029 [IPC Server handler 0 on 44399] INFO  node.SCMNodeManager (SCMNodeManager.java:register(267)) - Registered Data node : 85330d09-12c2-4b50-bc83-acecbbd5cc6d{ip: 192.168.157.194, host: pr-hdds-2482-j87dr-2776293630, networkLocation: /default-rack, certSerialId: null}
2019-11-14 17:40:56,035 [grpc-default-executor-4] INFO  impl.RaftServerProxy (RaftServerProxy.java:addNew(89)) - 85330d09-12c2-4b50-bc83-acecbbd5cc6d: addNew group-90F92BFD46F7:[85330d09-12c2-4b50-bc83-acecbbd5cc6d:192.168.157.194:44898] returns group-90F92BFD46F7:java.util.concurrent.CompletableFuture@5a9f9ae7[Not completed]
2019-11-14 17:40:56,037 [pool-173-thread-1] INFO  impl.RaftServerImpl (RaftServerImpl.java:<init>(98)) - 85330d09-12c2-4b50-bc83-acecbbd5cc6d: new RaftServerImpl for group-90F92BFD46F7:[85330d09-12c2-4b50-bc83-acecbbd5cc6d:192.168.157.194:44898] with ContainerStateMachine:uninitialized
2019-11-14 17:40:56,037 [pool-173-thread-1] INFO  server.RaftServerConfigKeys (ConfUtils.java:logGet(43)) - raft.server.rpc.timeout.min = 1s (custom)
2019-11-14 17:40:56,037 [pool-173-thread-1] INFO  server.RaftServerConfigKeys (ConfUtils.java:logGet(43)) - raft.server.rpc.timeout.max = 1200ms (custom)
2019-11-14 17:40:56,037 [pool-173-thread-1] INFO  server.RaftServerConfigKeys (ConfUtils.java:logGet(43)) - raft.server.rpcslowness.timeout = 120s (custom)
2019-11-14 17:40:56,037 [pool-173-thread-1] INFO  server.RaftServerConfigKeys (ConfUtils.java:logGet(43)) - raft.server.sleep.deviation.threshold = 300 (default)
2019-11-14 17:40:56,037 [pool-173-thread-1] INFO  server.RaftServerConfigKeys (ConfUtils.java:logGet(43)) - raft.server.log.appender.install.snapshot.enabled = false (custom)
2019-11-14 17:40:56,038 [pool-173-thread-1] INFO  impl.RaftServerImpl (ServerState.java:<init>(103)) - 85330d09-12c2-4b50-bc83-acecbbd5cc6d@group-90F92BFD46F7: ConfigurationManager, init=-1: [85330d09-12c2-4b50-bc83-acecbbd5cc6d:192.168.157.194:44898], old=null, confs=<EMPTY_MAP>
2019-11-14 17:40:56,038 [pool-173-thread-1] INFO  server.RaftServerConfigKeys (ConfUtils.java:logGet(43)) - raft.server.storage.dir = [/workdir/hadoop-ozone/integration-test/target/test-dir/MiniOzoneClusterImpl-30cd45ce-4337-4039-bf7d-2128eab36bad/datanode-2/data/ratis] (custom)
2019-11-14 17:40:56,038 [pool-173-thread-1] INFO  server.RaftServerConfigKeys (ConfUtils.java:logGet(43)) - raft.server.log.corruption.policy = EXCEPTION (default)
2019-11-14 17:40:56,038 [pool-173-thread-1] INFO  storage.RaftStorageDirectory (RaftStorageDirectory.java:analyzeStorage(246)) - The storage directory /workdir/hadoop-ozone/integration-test/target/test-dir/MiniOzoneClusterImpl-30cd45ce-4337-4039-bf7d-2128eab36bad/datanode-2/data/ratis/d4fb63b5-64da-4e4c-b5ee-90f92bfd46f7 does not exist. Creating ...
2019-11-14 17:40:56,066 [pool-173-thread-1] INFO  storage.RaftStorageDirectory (RaftStorageDirectory.java:tryLock(328)) - Lock on /workdir/hadoop-ozone/integration-test/target/test-dir/MiniOzoneClusterImpl-30cd45ce-4337-4039-bf7d-2128eab36bad/datanode-2/data/ratis/d4fb63b5-64da-4e4c-b5ee-90f92bfd46f7/in_use.lock acquired by nodename 20249@pr-hdds-2482-j87dr-2776293630
2019-11-14 17:40:56,091 [pool-173-thread-1] INFO  storage.RaftStorage (RaftStorage.java:format(84)) - Storage directory /workdir/hadoop-ozone/integration-test/target/test-dir/MiniOzoneClusterImpl-30cd45ce-4337-4039-bf7d-2128eab36bad/datanode-2/data/ratis/d4fb63b5-64da-4e4c-b5ee-90f92bfd46f7 has been successfully formatted.
2019-11-14 17:40:56,091 [pool-173-thread-1] INFO  ratis.ContainerStateMachine (ContainerStateMachine.java:loadSnapshot(223)) - group-90F92BFD46F7: The snapshot info is null. Setting the last applied indexto:(t:0, i:~)
2019-11-14 17:40:56,092 [pool-173-thread-1] INFO  server.RaftServerConfigKeys (ConfUtils.java:logGet(43)) - raft.server.notification.no-leader.timeout = 120s (custom)
2019-11-14 17:40:56,092 [pool-173-thread-1] INFO  server.RaftServerConfigKeys (ConfUtils.java:logGet(43)) - raft.server.log.use.memory = false (default)
2019-11-14 17:40:56,092 [pool-173-thread-1] INFO  server.RaftServerConfigKeys (ConfUtils.java:logGet(43)) - raft.server.log.purge.gap = 1000000 (custom)
2019-11-14 17:40:56,092 [pool-173-thread-1] INFO  server.RaftServerConfigKeys (ConfUtils.java:logGet(43)) - raft.server.log.appender.buffer.byte-limit = 33554432 (custom)
2019-11-14 17:40:56,092 [pool-173-thread-1] INFO  server.RaftServerConfigKeys (ConfUtils.java:logGet(43)) - raft.server.log.segment.size.max = 1048576 (custom)
2019-11-14 17:40:56,092 [pool-173-thread-1] WARN  impl.MetricRegistriesImpl (MetricRegistriesImpl.java:lambda$create$1(61)) - First MetricRegistry has been created without registering reporters. You may need to call MetricRegistries.global().addReportRegistration(...) before.
2019-11-14 17:40:56,092 [pool-173-thread-1] INFO  server.RaftServerConfigKeys (ConfUtils.java:logGet(43)) - raft.server.log.segment.cache.num.max = 2 (custom)
2019-11-14 17:40:56,093 [pool-173-thread-1] INFO  segmented.SegmentedRaftLogWorker (SegmentedRaftLogWorker.java:<init>(173)) - new 85330d09-12c2-4b50-bc83-acecbbd5cc6d@group-90F92BFD46F7-SegmentedRaftLogWorker for RaftStorage:Storage Directory /workdir/hadoop-ozone/integration-test/target/test-dir/MiniOzoneClusterImpl-30cd45ce-4337-4039-bf7d-2128eab36bad/datanode-2/data/ratis/d4fb63b5-64da-4e4c-b5ee-90f92bfd46f7
2019-11-14 17:40:56,093 [pool-173-thread-1] INFO  server.RaftServerConfigKeys (ConfUtils.java:logGet(43)) - raft.server.log.queue.byte-limit = 2147483647 (custom)
2019-11-14 17:40:56,093 [pool-173-thread-1] INFO  server.RaftServerConfigKeys (ConfUtils.java:logGet(43)) - raft.server.log.queue.element-limit = 1024 (custom)
2019-11-14 17:40:56,093 [pool-173-thread-1] INFO  server.RaftServerConfigKeys (ConfUtils.java:logGet(43)) - raft.server.log.segment.size.max = 1048576 (custom)
2019-11-14 17:40:56,093 [pool-173-thread-1] INFO  server.RaftServerConfigKeys (ConfUtils.java:logGet(43)) - raft.server.log.preallocated.size = 16384 (custom)
2019-11-14 17:40:56,093 [pool-173-thread-1] INFO  server.RaftServerConfigKeys (ConfUtils.java:logGet(43)) - raft.server.log.write.buffer.size = 33554432 (custom)
2019-11-14 17:40:56,093 [pool-173-thread-1] INFO  server.RaftServerConfigKeys (ConfUtils.java:logGet(43)) - raft.server.log.force.sync.num = 128 (default)
2019-11-14 17:40:56,093 [pool-173-thread-1] INFO  server.RaftServerConfigKeys (ConfUtils.java:logGet(43)) - raft.server.log.statemachine.data.sync = true (default)
2019-11-14 17:40:56,094 [pool-173-thread-1] INFO  server.RaftServerConfigKeys (ConfUtils.java:logGet(43)) - raft.server.log.statemachine.data.sync.timeout = 10s (default)
2019-11-14 17:40:56,094 [pool-173-thread-1] INFO  server.RaftServerConfigKeys (ConfUtils.java:logGet(43)) - raft.server.log.statemachine.data.sync.timeout.retry = -1 (default)
2019-11-14 17:40:56,094 [pool-173-thread-1] INFO  server.RaftServerConfigKeys (ConfUtils.java:logGet(43)) - raft.server.log.statemachine.data.caching.enabled = true (custom)
2019-11-14 17:40:56,094 [pool-173-thread-1] INFO  segmented.SegmentedRaftLogWorker (SegmentedRaftLogWorker.java:lambda$new$0(128)) - 85330d09-12c2-4b50-bc83-acecbbd5cc6d@group-90F92BFD46F7-SegmentedRaftLogWorker: flushIndex: setUnconditionally 0 -> -1
2019-11-14 17:40:56,095 [pool-173-thread-1] INFO  server.RaftServerConfigKeys (ConfUtils.java:logGet(43)) - raft.server.snapshot.auto.trigger.enabled = true (custom)
2019-11-14 17:40:56,095 [pool-173-thread-1] INFO  server.RaftServerConfigKeys (ConfUtils.java:logGet(43)) - raft.server.snapshot.auto.trigger.threshold = 10000 (custom)
2019-11-14 17:40:56,095 [pool-173-thread-1] INFO  server.RaftServerConfigKeys (ConfUtils.java:logGet(43)) - raft.server.snapshot.retention.file.num = 5 (custom)
2019-11-14 17:40:56,095 [pool-173-thread-1] INFO  server.RaftServerConfigKeys (ConfUtils.java:logGet(43)) - raft.server.retrycache.expirytime = 600000ms (custom)
2019-11-14 17:40:56,095 [pool-173-thread-1] WARN  impl.MetricRegistriesImpl (MetricRegistriesImpl.java:lambda$create$1(61)) - First MetricRegistry has been created without registering reporters. You may need to call MetricRegistries.global().addReportRegistration(...) before.
2019-11-14 17:40:56,095 [pool-173-thread-1] WARN  impl.MetricRegistriesImpl (MetricRegistriesImpl.java:lambda$create$1(61)) - First MetricRegistry has been created without registering reporters. You may need to call MetricRegistries.global().addReportRegistration(...) before.
2019-11-14 17:40:56,095 [pool-173-thread-1] INFO  impl.RaftServerImpl (RaftServerImpl.java:start(184)) - 85330d09-12c2-4b50-bc83-acecbbd5cc6d@group-90F92BFD46F7: start as a follower, conf=-1: [85330d09-12c2-4b50-bc83-acecbbd5cc6d:192.168.157.194:44898], old=null
2019-11-14 17:40:56,096 [pool-173-thread-1] INFO  impl.RaftServerImpl (RaftServerImpl.java:setRole(173)) - 85330d09-12c2-4b50-bc83-acecbbd5cc6d@group-90F92BFD46F7: changes role from      null to FOLLOWER at term 0 for startAsFollower
2019-11-14 17:40:56,096 [pool-173-thread-1] INFO  impl.RoleInfo (RoleInfo.java:updateAndGet(143)) - 85330d09-12c2-4b50-bc83-acecbbd5cc6d: start FollowerState
2019-11-14 17:40:56,096 [pool-173-thread-1] INFO  util.JmxRegister (JmxRegister.java:tryRegister(44)) - Successfully registered JMX Bean with object name Ratis:service=RaftServer,group=group-90F92BFD46F7,id=85330d09-12c2-4b50-bc83-acecbbd5cc6d
2019-11-14 17:40:56,096 [pool-173-thread-1] WARN  impl.MetricRegistriesImpl (MetricRegistriesImpl.java:lambda$create$1(61)) - First MetricRegistry has been created without registering reporters. You may need to call MetricRegistries.global().addReportRegistration(...) before.
2019-11-14 17:40:56,099 [RatisPipelineUtilsThread] INFO  pipeline.PipelineStateManager (PipelineStateManager.java:addPipeline(55)) - Created pipeline Pipeline[ Id: d4fb63b5-64da-4e4c-b5ee-90f92bfd46f7, Nodes: 85330d09-12c2-4b50-bc83-acecbbd5cc6d{ip: 192.168.157.194, host: pr-hdds-2482-j87dr-2776293630, networkLocation: /default-rack, certSerialId: null}, Type:RATIS, Factor:ONE, State:ALLOCATED]
2019-11-14 17:40:56,108 [grpc-default-executor-3] INFO  impl.RaftServerProxy (RaftServerProxy.java:addNew(89)) - b1eef20d-d56e-4525-87fc-77ff197a940a: addNew group-5106DD31A981:[b1eef20d-d56e-4525-87fc-77ff197a940a:192.168.157.194:38023, 85330d09-12c2-4b50-bc83-acecbbd5cc6d:192.168.157.194:44898, d20af944-8902-4729-9038-f1b3d5904c1c:192.168.157.194:42191] returns group-5106DD31A981:java.util.concurrent.CompletableFuture@238e483[Not completed]
2019-11-14 17:40:56,109 [grpc-default-executor-3] INFO  impl.RaftServerProxy (RaftServerProxy.java:addNew(89)) - d20af944-8902-4729-9038-f1b3d5904c1c: addNew group-5106DD31A981:[b1eef20d-d56e-4525-87fc-77ff197a940a:192.168.157.194:38023, 85330d09-12c2-4b50-bc83-acecbbd5cc6d:192.168.157.194:44898, d20af944-8902-4729-9038-f1b3d5904c1c:192.168.157.194:42191] returns group-5106DD31A981:java.util.concurrent.CompletableFuture@5bff4c1b[Not completed]
2019-11-14 17:40:56,109 [grpc-default-executor-2] INFO  impl.RaftServerProxy (RaftServerProxy.java:addNew(89)) - 85330d09-12c2-4b50-bc83-acecbbd5cc6d: addNew group-5106DD31A981:[b1eef20d-d56e-4525-87fc-77ff197a940a:192.168.157.194:38023, 85330d09-12c2-4b50-bc83-acecbbd5cc6d:192.168.157.194:44898, d20af944-8902-4729-9038-f1b3d5904c1c:192.168.157.194:42191] returns group-5106DD31A981:java.util.concurrent.CompletableFuture@6c69e874[Not completed]
2019-11-14 17:40:56,109 [pool-163-thread-1] INFO  impl.RaftServerImpl (RaftServerImpl.java:<init>(98)) - b1eef20d-d56e-4525-87fc-77ff197a940a: new RaftServerImpl for group-5106DD31A981:[b1eef20d-d56e-4525-87fc-77ff197a940a:192.168.157.194:38023, 85330d09-12c2-4b50-bc83-acecbbd5cc6d:192.168.157.194:44898, d20af944-8902-4729-9038-f1b3d5904c1c:192.168.157.194:42191] with ContainerStateMachine:uninitialized
2019-11-14 17:40:56,110 [pool-163-thread-1] INFO  server.RaftServerConfigKeys (ConfUtils.java:logGet(43)) - raft.server.rpc.timeout.min = 1s (custom)
2019-11-14 17:40:56,110 [pool-163-thread-1] INFO  server.RaftServerConfigKeys (ConfUtils.java:logGet(43)) - raft.server.rpc.timeout.max = 1200ms (custom)
2019-11-14 17:40:56,110 [pool-163-thread-1] INFO  server.RaftServerConfigKeys (ConfUtils.java:logGet(43)) - raft.server.rpcslowness.timeout = 120s (custom)
2019-11-14 17:40:56,110 [pool-163-thread-1] INFO  server.RaftServerConfigKeys (ConfUtils.java:logGet(43)) - raft.server.sleep.deviation.threshold = 300 (default)
2019-11-14 17:40:56,110 [pool-163-thread-1] INFO  server.RaftServerConfigKeys (ConfUtils.java:logGet(43)) - raft.server.log.appender.install.snapshot.enabled = false (custom)
2019-11-14 17:40:56,110 [pool-163-thread-1] INFO  impl.RaftServerImpl (ServerState.java:<init>(103)) - b1eef20d-d56e-4525-87fc-77ff197a940a@group-5106DD31A981: ConfigurationManager, init=-1: [b1eef20d-d56e-4525-87fc-77ff197a940a:192.168.157.194:38023, 85330d09-12c2-4b50-bc83-acecbbd5cc6d:192.168.157.194:44898, d20af944-8902-4729-9038-f1b3d5904c1c:192.168.157.194:42191], old=null, confs=<EMPTY_MAP>
2019-11-14 17:40:56,110 [pool-153-thread-1] INFO  impl.RaftServerImpl (RaftServerImpl.java:<init>(98)) - d20af944-8902-4729-9038-f1b3d5904c1c: new RaftServerImpl for group-5106DD31A981:[b1eef20d-d56e-4525-87fc-77ff197a940a:192.168.157.194:38023, 85330d09-12c2-4b50-bc83-acecbbd5cc6d:192.168.157.194:44898, d20af944-8902-4729-9038-f1b3d5904c1c:192.168.157.194:42191] with ContainerStateMachine:uninitialized
2019-11-14 17:40:56,110 [pool-163-thread-1] INFO  server.RaftServerConfigKeys (ConfUtils.java:logGet(43)) - raft.server.storage.dir = [/workdir/hadoop-ozone/integration-test/target/test-dir/MiniOzoneClusterImpl-30cd45ce-4337-4039-bf7d-2128eab36bad/datanode-1/data/ratis] (custom)
2019-11-14 17:40:56,110 [pool-153-thread-1] INFO  server.RaftServerConfigKeys (ConfUtils.java:logGet(43)) - raft.server.rpc.timeout.min = 1s (custom)
2019-11-14 17:40:56,111 [pool-153-thread-1] INFO  server.RaftServerConfigKeys (ConfUtils.java:logGet(43)) - raft.server.rpc.timeout.max = 1200ms (custom)
2019-11-14 17:40:56,111 [pool-163-thread-1] INFO  server.RaftServerConfigKeys (ConfUtils.java:logGet(43)) - raft.server.log.corruption.policy = EXCEPTION (default)
2019-11-14 17:40:56,111 [pool-153-thread-1] INFO  server.RaftServerConfigKeys (ConfUtils.java:logGet(43)) - raft.server.rpcslowness.timeout = 120s (custom)
2019-11-14 17:40:56,111 [pool-173-thread-1] INFO  impl.RaftServerImpl (RaftServerImpl.java:<init>(98)) - 85330d09-12c2-4b50-bc83-acecbbd5cc6d: new RaftServerImpl for group-5106DD31A981:[b1eef20d-d56e-4525-87fc-77ff197a940a:192.168.157.194:38023, 85330d09-12c2-4b50-bc83-acecbbd5cc6d:192.168.157.194:44898, d20af944-8902-4729-9038-f1b3d5904c1c:192.168.157.194:42191] with ContainerStateMachine:uninitialized
2019-11-14 17:40:56,111 [pool-163-thread-1] INFO  storage.RaftStorageDirectory (RaftStorageDirectory.java:analyzeStorage(246)) - The storage directory /workdir/hadoop-ozone/integration-test/target/test-dir/MiniOzoneClusterImpl-30cd45ce-4337-4039-bf7d-2128eab36bad/datanode-1/data/ratis/92c5c384-88a1-4b68-bd3a-5106dd31a981 does not exist. Creating ...
2019-11-14 17:40:56,111 [pool-153-thread-1] INFO  server.RaftServerConfigKeys (ConfUtils.java:logGet(43)) - raft.server.sleep.deviation.threshold = 300 (default)
2019-11-14 17:40:56,111 [pool-173-thread-1] INFO  server.RaftServerConfigKeys (ConfUtils.java:logGet(43)) - raft.server.rpc.timeout.min = 1s (custom)
2019-11-14 17:40:56,111 [pool-153-thread-1] INFO  server.RaftServerConfigKeys (ConfUtils.java:logGet(43)) - raft.server.log.appender.install.snapshot.enabled = false (custom)
2019-11-14 17:40:56,112 [pool-173-thread-1] INFO  server.RaftServerConfigKeys (ConfUtils.java:logGet(43)) - raft.server.rpc.timeout.max = 1200ms (custom)
2019-11-14 17:40:56,112 [pool-153-thread-1] INFO  impl.RaftServerImpl (ServerState.java:<init>(103)) - d20af944-8902-4729-9038-f1b3d5904c1c@group-5106DD31A981: ConfigurationManager, init=-1: [b1eef20d-d56e-4525-87fc-77ff197a940a:192.168.157.194:38023, 85330d09-12c2-4b50-bc83-acecbbd5cc6d:192.168.157.194:44898, d20af944-8902-4729-9038-f1b3d5904c1c:192.168.157.194:42191], old=null, confs=<EMPTY_MAP>
2019-11-14 17:40:56,112 [pool-173-thread-1] INFO  server.RaftServerConfigKeys (ConfUtils.java:logGet(43)) - raft.server.rpcslowness.timeout = 120s (custom)
2019-11-14 17:40:56,112 [pool-153-thread-1] INFO  server.RaftServerConfigKeys (ConfUtils.java:logGet(43)) - raft.server.storage.dir = [/workdir/hadoop-ozone/integration-test/target/test-dir/MiniOzoneClusterImpl-30cd45ce-4337-4039-bf7d-2128eab36bad/datanode-0/data/ratis] (custom)
2019-11-14 17:40:56,112 [pool-173-thread-1] INFO  server.RaftServerConfigKeys (ConfUtils.java:logGet(43)) - raft.server.sleep.deviation.threshold = 300 (default)
2019-11-14 17:40:56,112 [pool-173-thread-1] INFO  server.RaftServerConfigKeys (ConfUtils.java:logGet(43)) - raft.server.log.appender.install.snapshot.enabled = false (custom)
2019-11-14 17:40:56,112 [pool-153-thread-1] INFO  server.RaftServerConfigKeys (ConfUtils.java:logGet(43)) - raft.server.log.corruption.policy = EXCEPTION (default)
2019-11-14 17:40:56,112 [pool-173-thread-1] INFO  impl.RaftServerImpl (ServerState.java:<init>(103)) - 85330d09-12c2-4b50-bc83-acecbbd5cc6d@group-5106DD31A981: ConfigurationManager, init=-1: [b1eef20d-d56e-4525-87fc-77ff197a940a:192.168.157.194:38023, 85330d09-12c2-4b50-bc83-acecbbd5cc6d:192.168.157.194:44898, d20af944-8902-4729-9038-f1b3d5904c1c:192.168.157.194:42191], old=null, confs=<EMPTY_MAP>
2019-11-14 17:40:56,113 [pool-153-thread-1] INFO  storage.RaftStorageDirectory (RaftStorageDirectory.java:analyzeStorage(246)) - The storage directory /workdir/hadoop-ozone/integration-test/target/test-dir/MiniOzoneClusterImpl-30cd45ce-4337-4039-bf7d-2128eab36bad/datanode-0/data/ratis/92c5c384-88a1-4b68-bd3a-5106dd31a981 does not exist. Creating ...
2019-11-14 17:40:56,113 [pool-173-thread-1] INFO  server.RaftServerConfigKeys (ConfUtils.java:logGet(43)) - raft.server.storage.dir = [/workdir/hadoop-ozone/integration-test/target/test-dir/MiniOzoneClusterImpl-30cd45ce-4337-4039-bf7d-2128eab36bad/datanode-2/data/ratis] (custom)
2019-11-14 17:40:56,113 [pool-173-thread-1] INFO  server.RaftServerConfigKeys (ConfUtils.java:logGet(43)) - raft.server.log.corruption.policy = EXCEPTION (default)
2019-11-14 17:40:56,113 [pool-173-thread-1] INFO  storage.RaftStorageDirectory (RaftStorageDirectory.java:analyzeStorage(246)) - The storage directory /workdir/hadoop-ozone/integration-test/target/test-dir/MiniOzoneClusterImpl-30cd45ce-4337-4039-bf7d-2128eab36bad/datanode-2/data/ratis/92c5c384-88a1-4b68-bd3a-5106dd31a981 does not exist. Creating ...
2019-11-14 17:40:56,125 [IPC Server handler 1 on 44399] INFO  net.NetworkTopology (NetworkTopologyImpl.java:add(111)) - Added a new node: /default-rack/71bec8dd-fabd-4ede-a8a1-a5a2039dbf17
2019-11-14 17:40:56,125 [IPC Server handler 1 on 44399] INFO  node.SCMNodeManager (SCMNodeManager.java:register(267)) - Registered Data node : 71bec8dd-fabd-4ede-a8a1-a5a2039dbf17{ip: 192.168.157.194, host: pr-hdds-2482-j87dr-2776293630, networkLocation: /default-rack, certSerialId: null}
2019-11-14 17:40:56,133 [pool-163-thread-1] INFO  storage.RaftStorageDirectory (RaftStorageDirectory.java:tryLock(328)) - Lock on /workdir/hadoop-ozone/integration-test/target/test-dir/MiniOzoneClusterImpl-30cd45ce-4337-4039-bf7d-2128eab36bad/datanode-1/data/ratis/92c5c384-88a1-4b68-bd3a-5106dd31a981/in_use.lock acquired by nodename 20249@pr-hdds-2482-j87dr-2776293630
2019-11-14 17:40:56,133 [pool-153-thread-1] INFO  storage.RaftStorageDirectory (RaftStorageDirectory.java:tryLock(328)) - Lock on /workdir/hadoop-ozone/integration-test/target/test-dir/MiniOzoneClusterImpl-30cd45ce-4337-4039-bf7d-2128eab36bad/datanode-0/data/ratis/92c5c384-88a1-4b68-bd3a-5106dd31a981/in_use.lock acquired by nodename 20249@pr-hdds-2482-j87dr-2776293630
2019-11-14 17:40:56,133 [pool-173-thread-1] INFO  storage.RaftStorageDirectory (RaftStorageDirectory.java:tryLock(328)) - Lock on /workdir/hadoop-ozone/integration-test/target/test-dir/MiniOzoneClusterImpl-30cd45ce-4337-4039-bf7d-2128eab36bad/datanode-2/data/ratis/92c5c384-88a1-4b68-bd3a-5106dd31a981/in_use.lock acquired by nodename 20249@pr-hdds-2482-j87dr-2776293630
2019-11-14 17:40:56,159 [pool-163-thread-1] INFO  storage.RaftStorage (RaftStorage.java:format(84)) - Storage directory /workdir/hadoop-ozone/integration-test/target/test-dir/MiniOzoneClusterImpl-30cd45ce-4337-4039-bf7d-2128eab36bad/datanode-1/data/ratis/92c5c384-88a1-4b68-bd3a-5106dd31a981 has been successfully formatted.
2019-11-14 17:40:56,159 [pool-173-thread-1] INFO  storage.RaftStorage (RaftStorage.java:format(84)) - Storage directory /workdir/hadoop-ozone/integration-test/target/test-dir/MiniOzoneClusterImpl-30cd45ce-4337-4039-bf7d-2128eab36bad/datanode-2/data/ratis/92c5c384-88a1-4b68-bd3a-5106dd31a981 has been successfully formatted.
2019-11-14 17:40:56,159 [pool-163-thread-1] INFO  ratis.ContainerStateMachine (ContainerStateMachine.java:loadSnapshot(223)) - group-5106DD31A981: The snapshot info is null. Setting the last applied indexto:(t:0, i:~)
2019-11-14 17:40:56,159 [pool-153-thread-1] INFO  storage.RaftStorage (RaftStorage.java:format(84)) - Storage directory /workdir/hadoop-ozone/integration-test/target/test-dir/MiniOzoneClusterImpl-30cd45ce-4337-4039-bf7d-2128eab36bad/datanode-0/data/ratis/92c5c384-88a1-4b68-bd3a-5106dd31a981 has been successfully formatted.
2019-11-14 17:40:56,160 [pool-163-thread-1] INFO  server.RaftServerConfigKeys (ConfUtils.java:logGet(43)) - raft.server.notification.no-leader.timeout = 120s (custom)
2019-11-14 17:40:56,160 [pool-173-thread-1] INFO  ratis.ContainerStateMachine (ContainerStateMachine.java:loadSnapshot(223)) - group-5106DD31A981: The snapshot info is null. Setting the last applied indexto:(t:0, i:~)
2019-11-14 17:40:56,160 [pool-153-thread-1] INFO  ratis.ContainerStateMachine (ContainerStateMachine.java:loadSnapshot(223)) - group-5106DD31A981: The snapshot info is null. Setting the last applied indexto:(t:0, i:~)
2019-11-14 17:40:56,160 [pool-163-thread-1] INFO  server.RaftServerConfigKeys (ConfUtils.java:logGet(43)) - raft.server.log.use.memory = false (default)
2019-11-14 17:40:56,160 [pool-153-thread-1] INFO  server.RaftServerConfigKeys (ConfUtils.java:logGet(43)) - raft.server.notification.no-leader.timeout = 120s (custom)
2019-11-14 17:40:56,160 [pool-173-thread-1] INFO  server.RaftServerConfigKeys (ConfUtils.java:logGet(43)) - raft.server.notification.no-leader.timeout = 120s (custom)
2019-11-14 17:40:56,160 [pool-153-thread-1] INFO  server.RaftServerConfigKeys (ConfUtils.java:logGet(43)) - raft.server.log.use.memory = false (default)
2019-11-14 17:40:56,160 [pool-163-thread-1] INFO  server.RaftServerConfigKeys (ConfUtils.java:logGet(43)) - raft.server.log.purge.gap = 1000000 (custom)
2019-11-14 17:40:56,161 [pool-153-thread-1] INFO  server.RaftServerConfigKeys (ConfUtils.java:logGet(43)) - raft.server.log.purge.gap = 1000000 (custom)
2019-11-14 17:40:56,161 [pool-173-thread-1] INFO  server.RaftServerConfigKeys (ConfUtils.java:logGet(43)) - raft.server.log.use.memory = false (default)
2019-11-14 17:40:56,161 [pool-153-thread-1] INFO  server.RaftServerConfigKeys (ConfUtils.java:logGet(43)) - raft.server.log.appender.buffer.byte-limit = 33554432 (custom)
2019-11-14 17:40:56,161 [pool-163-thread-1] INFO  server.RaftServerConfigKeys (ConfUtils.java:logGet(43)) - raft.server.log.appender.buffer.byte-limit = 33554432 (custom)
2019-11-14 17:40:56,161 [pool-153-thread-1] INFO  server.RaftServerConfigKeys (ConfUtils.java:logGet(43)) - raft.server.log.segment.size.max = 1048576 (custom)
2019-11-14 17:40:56,161 [pool-173-thread-1] INFO  server.RaftServerConfigKeys (ConfUtils.java:logGet(43)) - raft.server.log.purge.gap = 1000000 (custom)
2019-11-14 17:40:56,162 [pool-153-thread-1] INFO  server.RaftServerConfigKeys (ConfUtils.java:logGet(43)) - raft.server.log.segment.cache.num.max = 2 (custom)
2019-11-14 17:40:56,161 [pool-163-thread-1] INFO  server.RaftServerConfigKeys (ConfUtils.java:logGet(43)) - raft.server.log.segment.size.max = 1048576 (custom)
2019-11-14 17:40:56,162 [pool-153-thread-1] INFO  segmented.SegmentedRaftLogWorker (SegmentedRaftLogWorker.java:<init>(173)) - new d20af944-8902-4729-9038-f1b3d5904c1c@group-5106DD31A981-SegmentedRaftLogWorker for RaftStorage:Storage Directory /workdir/hadoop-ozone/integration-test/target/test-dir/MiniOzoneClusterImpl-30cd45ce-4337-4039-bf7d-2128eab36bad/datanode-0/data/ratis/92c5c384-88a1-4b68-bd3a-5106dd31a981
2019-11-14 17:40:56,162 [pool-173-thread-1] INFO  server.RaftServerConfigKeys (ConfUtils.java:logGet(43)) - raft.server.log.appender.buffer.byte-limit = 33554432 (custom)
2019-11-14 17:40:56,162 [pool-153-thread-1] INFO  server.RaftServerConfigKeys (ConfUtils.java:logGet(43)) - raft.server.log.queue.byte-limit = 2147483647 (custom)
2019-11-14 17:40:56,162 [pool-163-thread-1] INFO  server.RaftServerConfigKeys (ConfUtils.java:logGet(43)) - raft.server.log.segment.cache.num.max = 2 (custom)
2019-11-14 17:40:56,162 [pool-153-thread-1] INFO  server.RaftServerConfigKeys (ConfUtils.java:logGet(43)) - raft.server.log.queue.element-limit = 1024 (custom)
2019-11-14 17:40:56,162 [pool-173-thread-1] INFO  server.RaftServerConfigKeys (ConfUtils.java:logGet(43)) - raft.server.log.segment.size.max = 1048576 (custom)
2019-11-14 17:40:56,163 [pool-153-thread-1] INFO  server.RaftServerConfigKeys (ConfUtils.java:logGet(43)) - raft.server.log.segment.size.max = 1048576 (custom)
2019-11-14 17:40:56,162 [pool-163-thread-1] INFO  segmented.SegmentedRaftLogWorker (SegmentedRaftLogWorker.java:<init>(173)) - new b1eef20d-d56e-4525-87fc-77ff197a940a@group-5106DD31A981-SegmentedRaftLogWorker for RaftStorage:Storage Directory /workdir/hadoop-ozone/integration-test/target/test-dir/MiniOzoneClusterImpl-30cd45ce-4337-4039-bf7d-2128eab36bad/datanode-1/data/ratis/92c5c384-88a1-4b68-bd3a-5106dd31a981
2019-11-14 17:40:56,163 [pool-153-thread-1] INFO  server.RaftServerConfigKeys (ConfUtils.java:logGet(43)) - raft.server.log.preallocated.size = 16384 (custom)
2019-11-14 17:40:56,163 [pool-173-thread-1] INFO  server.RaftServerConfigKeys (ConfUtils.java:logGet(43)) - raft.server.log.segment.cache.num.max = 2 (custom)
2019-11-14 17:40:56,163 [pool-153-thread-1] INFO  server.RaftServerConfigKeys (ConfUtils.java:logGet(43)) - raft.server.log.write.buffer.size = 33554432 (custom)
2019-11-14 17:40:56,163 [pool-163-thread-1] INFO  server.RaftServerConfigKeys (ConfUtils.java:logGet(43)) - raft.server.log.queue.byte-limit = 2147483647 (custom)
2019-11-14 17:40:56,163 [pool-153-thread-1] INFO  server.RaftServerConfigKeys (ConfUtils.java:logGet(43)) - raft.server.log.force.sync.num = 128 (default)
2019-11-14 17:40:56,163 [pool-173-thread-1] INFO  segmented.SegmentedRaftLogWorker (SegmentedRaftLogWorker.java:<init>(173)) - new 85330d09-12c2-4b50-bc83-acecbbd5cc6d@group-5106DD31A981-SegmentedRaftLogWorker for RaftStorage:Storage Directory /workdir/hadoop-ozone/integration-test/target/test-dir/MiniOzoneClusterImpl-30cd45ce-4337-4039-bf7d-2128eab36bad/datanode-2/data/ratis/92c5c384-88a1-4b68-bd3a-5106dd31a981
2019-11-14 17:40:56,164 [pool-153-thread-1] INFO  server.RaftServerConfigKeys (ConfUtils.java:logGet(43)) - raft.server.log.statemachine.data.sync = true (default)
2019-11-14 17:40:56,164 [pool-163-thread-1] INFO  server.RaftServerConfigKeys (ConfUtils.java:logGet(43)) - raft.server.log.queue.element-limit = 1024 (custom)
2019-11-14 17:40:56,164 [pool-153-thread-1] INFO  server.RaftServerConfigKeys (ConfUtils.java:logGet(43)) - raft.server.log.statemachine.data.sync.timeout = 10s (default)
2019-11-14 17:40:56,164 [pool-153-thread-1] INFO  server.RaftServerConfigKeys (ConfUtils.java:logGet(43)) - raft.server.log.statemachine.data.sync.timeout.retry = -1 (default)
2019-11-14 17:40:56,164 [pool-173-thread-1] INFO  server.RaftServerConfigKeys (ConfUtils.java:logGet(43)) - raft.server.log.queue.byte-limit = 2147483647 (custom)
2019-11-14 17:40:56,164 [pool-153-thread-1] INFO  server.RaftServerConfigKeys (ConfUtils.java:logGet(43)) - raft.server.log.statemachine.data.caching.enabled = true (custom)
2019-11-14 17:40:56,164 [pool-163-thread-1] INFO  server.RaftServerConfigKeys (ConfUtils.java:logGet(43)) - raft.server.log.segment.size.max = 1048576 (custom)
2019-11-14 17:40:56,165 [pool-173-thread-1] INFO  server.RaftServerConfigKeys (ConfUtils.java:logGet(43)) - raft.server.log.queue.element-limit = 1024 (custom)
2019-11-14 17:40:56,165 [pool-153-thread-1] INFO  segmented.SegmentedRaftLogWorker (SegmentedRaftLogWorker.java:lambda$new$0(128)) - d20af944-8902-4729-9038-f1b3d5904c1c@group-5106DD31A981-SegmentedRaftLogWorker: flushIndex: setUnconditionally 0 -> -1
2019-11-14 17:40:56,165 [pool-163-thread-1] INFO  server.RaftServerConfigKeys (ConfUtils.java:logGet(43)) - raft.server.log.preallocated.size = 16384 (custom)
2019-11-14 17:40:56,165 [pool-173-thread-1] INFO  server.RaftServerConfigKeys (ConfUtils.java:logGet(43)) - raft.server.log.segment.size.max = 1048576 (custom)
2019-11-14 17:40:56,165 [pool-153-thread-1] INFO  server.RaftServerConfigKeys (ConfUtils.java:logGet(43)) - raft.server.snapshot.auto.trigger.enabled = true (custom)
2019-11-14 17:40:56,165 [pool-163-thread-1] INFO  server.RaftServerConfigKeys (ConfUtils.java:logGet(43)) - raft.server.log.write.buffer.size = 33554432 (custom)
2019-11-14 17:40:56,166 [pool-153-thread-1] INFO  server.RaftServerConfigKeys (ConfUtils.java:logGet(43)) - raft.server.snapshot.auto.trigger.threshold = 10000 (custom)
2019-11-14 17:40:56,165 [pool-173-thread-1] INFO  server.RaftServerConfigKeys (ConfUtils.java:logGet(43)) - raft.server.log.preallocated.size = 16384 (custom)
2019-11-14 17:40:56,166 [pool-153-thread-1] INFO  server.RaftServerConfigKeys (ConfUtils.java:logGet(43)) - raft.server.snapshot.retention.file.num = 5 (custom)
2019-11-14 17:40:56,166 [pool-163-thread-1] INFO  server.RaftServerConfigKeys (ConfUtils.java:logGet(43)) - raft.server.log.force.sync.num = 128 (default)
2019-11-14 17:40:56,166 [pool-153-thread-1] INFO  server.RaftServerConfigKeys (ConfUtils.java:logGet(43)) - raft.server.retrycache.expirytime = 600000ms (custom)
2019-11-14 17:40:56,166 [pool-173-thread-1] INFO  server.RaftServerConfigKeys (ConfUtils.java:logGet(43)) - raft.server.log.write.buffer.size = 33554432 (custom)
2019-11-14 17:40:56,167 [pool-153-thread-1] WARN  impl.MetricRegistriesImpl (MetricRegistriesImpl.java:lambda$create$1(61)) - First MetricRegistry has been created without registering reporters. You may need to call MetricRegistries.global().addReportRegistration(...) before.
2019-11-14 17:40:56,166 [pool-163-thread-1] INFO  server.RaftServerConfigKeys (ConfUtils.java:logGet(43)) - raft.server.log.statemachine.data.sync = true (default)
2019-11-14 17:40:56,167 [pool-153-thread-1] WARN  impl.MetricRegistriesImpl (MetricRegistriesImpl.java:lambda$create$1(61)) - First MetricRegistry has been created without registering reporters. You may need to call MetricRegistries.global().addReportRegistration(...) before.
2019-11-14 17:40:56,167 [pool-173-thread-1] INFO  server.RaftServerConfigKeys (ConfUtils.java:logGet(43)) - raft.server.log.force.sync.num = 128 (default)
2019-11-14 17:40:56,167 [pool-153-thread-1] INFO  impl.RaftServerImpl (RaftServerImpl.java:start(184)) - d20af944-8902-4729-9038-f1b3d5904c1c@group-5106DD31A981: start as a follower, conf=-1: [b1eef20d-d56e-4525-87fc-77ff197a940a:192.168.157.194:38023, 85330d09-12c2-4b50-bc83-acecbbd5cc6d:192.168.157.194:44898, d20af944-8902-4729-9038-f1b3d5904c1c:192.168.157.194:42191], old=null
2019-11-14 17:40:56,167 [pool-163-thread-1] INFO  server.RaftServerConfigKeys (ConfUtils.java:logGet(43)) - raft.server.log.statemachine.data.sync.timeout = 10s (default)
2019-11-14 17:40:56,167 [pool-153-thread-1] INFO  impl.RaftServerImpl (RaftServerImpl.java:setRole(173)) - d20af944-8902-4729-9038-f1b3d5904c1c@group-5106DD31A981: changes role from      null to FOLLOWER at term 0 for startAsFollower
2019-11-14 17:40:56,167 [pool-173-thread-1] INFO  server.RaftServerConfigKeys (ConfUtils.java:logGet(43)) - raft.server.log.statemachine.data.sync = true (default)
2019-11-14 17:40:56,168 [pool-153-thread-1] INFO  impl.RoleInfo (RoleInfo.java:updateAndGet(143)) - d20af944-8902-4729-9038-f1b3d5904c1c: start FollowerState
2019-11-14 17:40:56,167 [pool-163-thread-1] INFO  server.RaftServerConfigKeys (ConfUtils.java:logGet(43)) - raft.server.log.statemachine.data.sync.timeout.retry = -1 (default)
2019-11-14 17:40:56,168 [pool-173-thread-1] INFO  server.RaftServerConfigKeys (ConfUtils.java:logGet(43)) - raft.server.log.statemachine.data.sync.timeout = 10s (default)
2019-11-14 17:40:56,168 [pool-163-thread-1] INFO  server.RaftServerConfigKeys (ConfUtils.java:logGet(43)) - raft.server.log.statemachine.data.caching.enabled = true (custom)
2019-11-14 17:40:56,168 [pool-153-thread-1] INFO  util.JmxRegister (JmxRegister.java:tryRegister(44)) - Successfully registered JMX Bean with object name Ratis:service=RaftServer,group=group-5106DD31A981,id=d20af944-8902-4729-9038-f1b3d5904c1c
2019-11-14 17:40:56,168 [pool-173-thread-1] INFO  server.RaftServerConfigKeys (ConfUtils.java:logGet(43)) - raft.server.log.statemachine.data.sync.timeout.retry = -1 (default)
2019-11-14 17:40:56,168 [pool-163-thread-1] INFO  segmented.SegmentedRaftLogWorker (SegmentedRaftLogWorker.java:lambda$new$0(128)) - b1eef20d-d56e-4525-87fc-77ff197a940a@group-5106DD31A981-SegmentedRaftLogWorker: flushIndex: setUnconditionally 0 -> -1
2019-11-14 17:40:56,168 [pool-153-thread-1] WARN  impl.MetricRegistriesImpl (MetricRegistriesImpl.java:lambda$create$1(61)) - First MetricRegistry has been created without registering reporters. You may need to call MetricRegistries.global().addReportRegistration(...) before.
2019-11-14 17:40:56,169 [pool-173-thread-1] INFO  server.RaftServerConfigKeys (ConfUtils.java:logGet(43)) - raft.server.log.statemachine.data.caching.enabled = true (custom)
2019-11-14 17:40:56,169 [pool-163-thread-1] INFO  server.RaftServerConfigKeys (ConfUtils.java:logGet(43)) - raft.server.snapshot.auto.trigger.enabled = true (custom)
2019-11-14 17:40:56,169 [pool-173-thread-1] INFO  segmented.SegmentedRaftLogWorker (SegmentedRaftLogWorker.java:lambda$new$0(128)) - 85330d09-12c2-4b50-bc83-acecbbd5cc6d@group-5106DD31A981-SegmentedRaftLogWorker: flushIndex: setUnconditionally 0 -> -1
2019-11-14 17:40:56,169 [pool-163-thread-1] INFO  server.RaftServerConfigKeys (ConfUtils.java:logGet(43)) - raft.server.snapshot.auto.trigger.threshold = 10000 (custom)
2019-11-14 17:40:56,170 [pool-163-thread-1] INFO  server.RaftServerConfigKeys (ConfUtils.java:logGet(43)) - raft.server.snapshot.retention.file.num = 5 (custom)
2019-11-14 17:40:56,170 [pool-173-thread-1] INFO  server.RaftServerConfigKeys (ConfUtils.java:logGet(43)) - raft.server.snapshot.auto.trigger.enabled = true (custom)
2019-11-14 17:40:56,170 [pool-163-thread-1] INFO  server.RaftServerConfigKeys (ConfUtils.java:logGet(43)) - raft.server.retrycache.expirytime = 600000ms (custom)
2019-11-14 17:40:56,170 [pool-173-thread-1] INFO  server.RaftServerConfigKeys (ConfUtils.java:logGet(43)) - raft.server.snapshot.auto.trigger.threshold = 10000 (custom)
2019-11-14 17:40:56,170 [pool-163-thread-1] WARN  impl.MetricRegistriesImpl (MetricRegistriesImpl.java:lambda$create$1(61)) - First MetricRegistry has been created without registering reporters. You may need to call MetricRegistries.global().addReportRegistration(...) before.
2019-11-14 17:40:56,170 [pool-173-thread-1] INFO  server.RaftServerConfigKeys (ConfUtils.java:logGet(43)) - raft.server.snapshot.retention.file.num = 5 (custom)
2019-11-14 17:40:56,170 [pool-163-thread-1] WARN  impl.MetricRegistriesImpl (MetricRegistriesImpl.java:lambda$create$1(61)) - First MetricRegistry has been created without registering reporters. You may need to call MetricRegistries.global().addReportRegistration(...) before.
2019-11-14 17:40:56,171 [pool-173-thread-1] INFO  server.RaftServerConfigKeys (ConfUtils.java:logGet(43)) - raft.server.retrycache.expirytime = 600000ms (custom)
2019-11-14 17:40:56,171 [pool-163-thread-1] INFO  impl.RaftServerImpl (RaftServerImpl.java:start(184)) - b1eef20d-d56e-4525-87fc-77ff197a940a@group-5106DD31A981: start as a follower, conf=-1: [b1eef20d-d56e-4525-87fc-77ff197a940a:192.168.157.194:38023, 85330d09-12c2-4b50-bc83-acecbbd5cc6d:192.168.157.194:44898, d20af944-8902-4729-9038-f1b3d5904c1c:192.168.157.194:42191], old=null
2019-11-14 17:40:56,171 [pool-173-thread-1] WARN  impl.MetricRegistriesImpl (MetricRegistriesImpl.java:lambda$create$1(61)) - First MetricRegistry has been created without registering reporters. You may need to call MetricRegistries.global().addReportRegistration(...) before.
2019-11-14 17:40:56,171 [pool-163-thread-1] INFO  impl.RaftServerImpl (RaftServerImpl.java:setRole(173)) - b1eef20d-d56e-4525-87fc-77ff197a940a@group-5106DD31A981: changes role from      null to FOLLOWER at term 0 for startAsFollower
2019-11-14 17:40:56,171 [pool-173-thread-1] WARN  impl.MetricRegistriesImpl (MetricRegistriesImpl.java:lambda$create$1(61)) - First MetricRegistry has been created without registering reporters. You may need to call MetricRegistries.global().addReportRegistration(...) before.
2019-11-14 17:40:56,171 [pool-163-thread-1] INFO  impl.RoleInfo (RoleInfo.java:updateAndGet(143)) - b1eef20d-d56e-4525-87fc-77ff197a940a: start FollowerState
2019-11-14 17:40:56,171 [pool-173-thread-1] INFO  impl.RaftServerImpl (RaftServerImpl.java:start(184)) - 85330d09-12c2-4b50-bc83-acecbbd5cc6d@group-5106DD31A981: start as a follower, conf=-1: [b1eef20d-d56e-4525-87fc-77ff197a940a:192.168.157.194:38023, 85330d09-12c2-4b50-bc83-acecbbd5cc6d:192.168.157.194:44898, d20af944-8902-4729-9038-f1b3d5904c1c:192.168.157.194:42191], old=null
2019-11-14 17:40:56,172 [pool-173-thread-1] INFO  impl.RaftServerImpl (RaftServerImpl.java:setRole(173)) - 85330d09-12c2-4b50-bc83-acecbbd5cc6d@group-5106DD31A981: changes role from      null to FOLLOWER at term 0 for startAsFollower
2019-11-14 17:40:56,172 [pool-173-thread-1] INFO  impl.RoleInfo (RoleInfo.java:updateAndGet(143)) - 85330d09-12c2-4b50-bc83-acecbbd5cc6d: start FollowerState
2019-11-14 17:40:56,172 [pool-163-thread-1] INFO  util.JmxRegister (JmxRegister.java:tryRegister(44)) - Successfully registered JMX Bean with object name Ratis:service=RaftServer,group=group-5106DD31A981,id=b1eef20d-d56e-4525-87fc-77ff197a940a
2019-11-14 17:40:56,172 [pool-163-thread-1] WARN  impl.MetricRegistriesImpl (MetricRegistriesImpl.java:lambda$create$1(61)) - First MetricRegistry has been created without registering reporters. You may need to call MetricRegistries.global().addReportRegistration(...) before.
2019-11-14 17:40:56,172 [pool-173-thread-1] INFO  util.JmxRegister (JmxRegister.java:tryRegister(44)) - Successfully registered JMX Bean with object name Ratis:service=RaftServer,group=group-5106DD31A981,id=85330d09-12c2-4b50-bc83-acecbbd5cc6d
2019-11-14 17:40:56,172 [pool-173-thread-1] WARN  impl.MetricRegistriesImpl (MetricRegistriesImpl.java:lambda$create$1(61)) - First MetricRegistry has been created without registering reporters. You may need to call MetricRegistries.global().addReportRegistration(...) before.
2019-11-14 17:40:56,176 [RatisPipelineUtilsThread] INFO  pipeline.PipelineStateManager (PipelineStateManager.java:addPipeline(55)) - Created pipeline Pipeline[ Id: 92c5c384-88a1-4b68-bd3a-5106dd31a981, Nodes: d20af944-8902-4729-9038-f1b3d5904c1c{ip: 192.168.157.194, host: pr-hdds-2482-j87dr-2776293630, networkLocation: /default-rack, certSerialId: null}b1eef20d-d56e-4525-87fc-77ff197a940a{ip: 192.168.157.194, host: pr-hdds-2482-j87dr-2776293630, networkLocation: /default-rack, certSerialId: null}85330d09-12c2-4b50-bc83-acecbbd5cc6d{ip: 192.168.157.194, host: pr-hdds-2482-j87dr-2776293630, networkLocation: /default-rack, certSerialId: null}, Type:RATIS, Factor:THREE, State:ALLOCATED]
2019-11-14 17:40:56,223 [IPC Server handler 4 on 44399] INFO  net.NetworkTopology (NetworkTopologyImpl.java:add(111)) - Added a new node: /default-rack/b8551fbf-2c11-4c1f-914e-c2dd536d81a3
2019-11-14 17:40:56,224 [IPC Server handler 4 on 44399] INFO  node.SCMNodeManager (SCMNodeManager.java:register(267)) - Registered Data node : b8551fbf-2c11-4c1f-914e-c2dd536d81a3{ip: 192.168.157.194, host: pr-hdds-2482-j87dr-2776293630, networkLocation: /default-rack, certSerialId: null}
2019-11-14 17:40:56,232 [grpc-default-executor-2] INFO  impl.RaftServerProxy (RaftServerProxy.java:addNew(89)) - 71bec8dd-fabd-4ede-a8a1-a5a2039dbf17: addNew group-207949302BE2:[71bec8dd-fabd-4ede-a8a1-a5a2039dbf17:192.168.157.194:34443] returns group-207949302BE2:java.util.concurrent.CompletableFuture@1264203b[Not completed]
2019-11-14 17:40:56,233 [pool-183-thread-1] INFO  impl.RaftServerImpl (RaftServerImpl.java:<init>(98)) - 71bec8dd-fabd-4ede-a8a1-a5a2039dbf17: new RaftServerImpl for group-207949302BE2:[71bec8dd-fabd-4ede-a8a1-a5a2039dbf17:192.168.157.194:34443] with ContainerStateMachine:uninitialized
2019-11-14 17:40:56,234 [pool-183-thread-1] INFO  server.RaftServerConfigKeys (ConfUtils.java:logGet(43)) - raft.server.rpc.timeout.min = 1s (custom)
2019-11-14 17:40:56,234 [pool-183-thread-1] INFO  server.RaftServerConfigKeys (ConfUtils.java:logGet(43)) - raft.server.rpc.timeout.max = 1200ms (custom)
2019-11-14 17:40:56,234 [pool-183-thread-1] INFO  server.RaftServerConfigKeys (ConfUtils.java:logGet(43)) - raft.server.rpcslowness.timeout = 120s (custom)
2019-11-14 17:40:56,234 [pool-183-thread-1] INFO  server.RaftServerConfigKeys (ConfUtils.java:logGet(43)) - raft.server.sleep.deviation.threshold = 300 (default)
2019-11-14 17:40:56,234 [pool-183-thread-1] INFO  server.RaftServerConfigKeys (ConfUtils.java:logGet(43)) - raft.server.log.appender.install.snapshot.enabled = false (custom)
2019-11-14 17:40:56,234 [pool-183-thread-1] INFO  impl.RaftServerImpl (ServerState.java:<init>(103)) - 71bec8dd-fabd-4ede-a8a1-a5a2039dbf17@group-207949302BE2: ConfigurationManager, init=-1: [71bec8dd-fabd-4ede-a8a1-a5a2039dbf17:192.168.157.194:34443], old=null, confs=<EMPTY_MAP>
2019-11-14 17:40:56,235 [pool-183-thread-1] INFO  server.RaftServerConfigKeys (ConfUtils.java:logGet(43)) - raft.server.storage.dir = [/workdir/hadoop-ozone/integration-test/target/test-dir/MiniOzoneClusterImpl-30cd45ce-4337-4039-bf7d-2128eab36bad/datanode-3/data/ratis] (custom)
2019-11-14 17:40:56,235 [pool-183-thread-1] INFO  server.RaftServerConfigKeys (ConfUtils.java:logGet(43)) - raft.server.log.corruption.policy = EXCEPTION (default)
2019-11-14 17:40:56,235 [pool-183-thread-1] INFO  storage.RaftStorageDirectory (RaftStorageDirectory.java:analyzeStorage(246)) - The storage directory /workdir/hadoop-ozone/integration-test/target/test-dir/MiniOzoneClusterImpl-30cd45ce-4337-4039-bf7d-2128eab36bad/datanode-3/data/ratis/e03d25b4-aef4-4a89-8304-207949302be2 does not exist. Creating ...
2019-11-14 17:40:56,259 [pool-183-thread-1] INFO  storage.RaftStorageDirectory (RaftStorageDirectory.java:tryLock(328)) - Lock on /workdir/hadoop-ozone/integration-test/target/test-dir/MiniOzoneClusterImpl-30cd45ce-4337-4039-bf7d-2128eab36bad/datanode-3/data/ratis/e03d25b4-aef4-4a89-8304-207949302be2/in_use.lock acquired by nodename 20249@pr-hdds-2482-j87dr-2776293630
2019-11-14 17:40:56,285 [pool-183-thread-1] INFO  storage.RaftStorage (RaftStorage.java:format(84)) - Storage directory /workdir/hadoop-ozone/integration-test/target/test-dir/MiniOzoneClusterImpl-30cd45ce-4337-4039-bf7d-2128eab36bad/datanode-3/data/ratis/e03d25b4-aef4-4a89-8304-207949302be2 has been successfully formatted.
2019-11-14 17:40:56,285 [pool-183-thread-1] INFO  ratis.ContainerStateMachine (ContainerStateMachine.java:loadSnapshot(223)) - group-207949302BE2: The snapshot info is null. Setting the last applied indexto:(t:0, i:~)
2019-11-14 17:40:56,285 [pool-183-thread-1] INFO  server.RaftServerConfigKeys (ConfUtils.java:logGet(43)) - raft.server.notification.no-leader.timeout = 120s (custom)
2019-11-14 17:40:56,285 [pool-183-thread-1] INFO  server.RaftServerConfigKeys (ConfUtils.java:logGet(43)) - raft.server.log.use.memory = false (default)
2019-11-14 17:40:56,286 [pool-183-thread-1] INFO  server.RaftServerConfigKeys (ConfUtils.java:logGet(43)) - raft.server.log.purge.gap = 1000000 (custom)
2019-11-14 17:40:56,286 [pool-183-thread-1] INFO  server.RaftServerConfigKeys (ConfUtils.java:logGet(43)) - raft.server.log.appender.buffer.byte-limit = 33554432 (custom)
2019-11-14 17:40:56,286 [pool-183-thread-1] INFO  server.RaftServerConfigKeys (ConfUtils.java:logGet(43)) - raft.server.log.segment.size.max = 1048576 (custom)
2019-11-14 17:40:56,286 [pool-183-thread-1] WARN  impl.MetricRegistriesImpl (MetricRegistriesImpl.java:lambda$create$1(61)) - First MetricRegistry has been created without registering reporters. You may need to call MetricRegistries.global().addReportRegistration(...) before.
2019-11-14 17:40:56,286 [pool-183-thread-1] INFO  server.RaftServerConfigKeys (ConfUtils.java:logGet(43)) - raft.server.log.segment.cache.num.max = 2 (custom)
2019-11-14 17:40:56,286 [pool-183-thread-1] INFO  segmented.SegmentedRaftLogWorker (SegmentedRaftLogWorker.java:<init>(173)) - new 71bec8dd-fabd-4ede-a8a1-a5a2039dbf17@group-207949302BE2-SegmentedRaftLogWorker for RaftStorage:Storage Directory /workdir/hadoop-ozone/integration-test/target/test-dir/MiniOzoneClusterImpl-30cd45ce-4337-4039-bf7d-2128eab36bad/datanode-3/data/ratis/e03d25b4-aef4-4a89-8304-207949302be2
2019-11-14 17:40:56,287 [pool-183-thread-1] INFO  server.RaftServerConfigKeys (ConfUtils.java:logGet(43)) - raft.server.log.queue.byte-limit = 2147483647 (custom)
2019-11-14 17:40:56,287 [pool-183-thread-1] INFO  server.RaftServerConfigKeys (ConfUtils.java:logGet(43)) - raft.server.log.queue.element-limit = 1024 (custom)
2019-11-14 17:40:56,287 [pool-183-thread-1] INFO  server.RaftServerConfigKeys (ConfUtils.java:logGet(43)) - raft.server.log.segment.size.max = 1048576 (custom)
2019-11-14 17:40:56,287 [pool-183-thread-1] INFO  server.RaftServerConfigKeys (ConfUtils.java:logGet(43)) - raft.server.log.preallocated.size = 16384 (custom)
2019-11-14 17:40:56,287 [pool-183-thread-1] INFO  server.RaftServerConfigKeys (ConfUtils.java:logGet(43)) - raft.server.log.write.buffer.size = 33554432 (custom)
2019-11-14 17:40:56,287 [pool-183-thread-1] INFO  server.RaftServerConfigKeys (ConfUtils.java:logGet(43)) - raft.server.log.force.sync.num = 128 (default)
2019-11-14 17:40:56,287 [pool-183-thread-1] INFO  server.RaftServerConfigKeys (ConfUtils.java:logGet(43)) - raft.server.log.statemachine.data.sync = true (default)
2019-11-14 17:40:56,287 [pool-183-thread-1] INFO  server.RaftServerConfigKeys (ConfUtils.java:logGet(43)) - raft.server.log.statemachine.data.sync.timeout = 10s (default)
2019-11-14 17:40:56,288 [pool-183-thread-1] INFO  server.RaftServerConfigKeys (ConfUtils.java:logGet(43)) - raft.server.log.statemachine.data.sync.timeout.retry = -1 (default)
2019-11-14 17:40:56,288 [pool-183-thread-1] INFO  server.RaftServerConfigKeys (ConfUtils.java:logGet(43)) - raft.server.log.statemachine.data.caching.enabled = true (custom)
2019-11-14 17:40:56,288 [pool-183-thread-1] INFO  segmented.SegmentedRaftLogWorker (SegmentedRaftLogWorker.java:lambda$new$0(128)) - 71bec8dd-fabd-4ede-a8a1-a5a2039dbf17@group-207949302BE2-SegmentedRaftLogWorker: flushIndex: setUnconditionally 0 -> -1
2019-11-14 17:40:56,289 [pool-183-thread-1] INFO  server.RaftServerConfigKeys (ConfUtils.java:logGet(43)) - raft.server.snapshot.auto.trigger.enabled = true (custom)
2019-11-14 17:40:56,289 [pool-183-thread-1] INFO  server.RaftServerConfigKeys (ConfUtils.java:logGet(43)) - raft.server.snapshot.auto.trigger.threshold = 10000 (custom)
2019-11-14 17:40:56,289 [pool-183-thread-1] INFO  server.RaftServerConfigKeys (ConfUtils.java:logGet(43)) - raft.server.snapshot.retention.file.num = 5 (custom)
2019-11-14 17:40:56,289 [pool-183-thread-1] INFO  server.RaftServerConfigKeys (ConfUtils.java:logGet(43)) - raft.server.retrycache.expirytime = 600000ms (custom)
2019-11-14 17:40:56,289 [pool-183-thread-1] WARN  impl.MetricRegistriesImpl (MetricRegistriesImpl.java:lambda$create$1(61)) - First MetricRegistry has been created without registering reporters. You may need to call MetricRegistries.global().addReportRegistration(...) before.
2019-11-14 17:40:56,289 [pool-183-thread-1] WARN  impl.MetricRegistriesImpl (MetricRegistriesImpl.java:lambda$create$1(61)) - First MetricRegistry has been created without registering reporters. You may need to call MetricRegistries.global().addReportRegistration(...) before.
2019-11-14 17:40:56,290 [pool-183-thread-1] INFO  impl.RaftServerImpl (RaftServerImpl.java:start(184)) - 71bec8dd-fabd-4ede-a8a1-a5a2039dbf17@group-207949302BE2: start as a follower, conf=-1: [71bec8dd-fabd-4ede-a8a1-a5a2039dbf17:192.168.157.194:34443], old=null
2019-11-14 17:40:56,290 [pool-183-thread-1] INFO  impl.RaftServerImpl (RaftServerImpl.java:setRole(173)) - 71bec8dd-fabd-4ede-a8a1-a5a2039dbf17@group-207949302BE2: changes role from      null to FOLLOWER at term 0 for startAsFollower
2019-11-14 17:40:56,290 [pool-183-thread-1] INFO  impl.RoleInfo (RoleInfo.java:updateAndGet(143)) - 71bec8dd-fabd-4ede-a8a1-a5a2039dbf17: start FollowerState
2019-11-14 17:40:56,290 [pool-183-thread-1] INFO  util.JmxRegister (JmxRegister.java:tryRegister(44)) - Successfully registered JMX Bean with object name Ratis:service=RaftServer,group=group-207949302BE2,id=71bec8dd-fabd-4ede-a8a1-a5a2039dbf17
2019-11-14 17:40:56,290 [pool-183-thread-1] WARN  impl.MetricRegistriesImpl (MetricRegistriesImpl.java:lambda$create$1(61)) - First MetricRegistry has been created without registering reporters. You may need to call MetricRegistries.global().addReportRegistration(...) before.
2019-11-14 17:40:56,293 [RatisPipelineUtilsThread] INFO  pipeline.PipelineStateManager (PipelineStateManager.java:addPipeline(55)) - Created pipeline Pipeline[ Id: e03d25b4-aef4-4a89-8304-207949302be2, Nodes: 71bec8dd-fabd-4ede-a8a1-a5a2039dbf17{ip: 192.168.157.194, host: pr-hdds-2482-j87dr-2776293630, networkLocation: /default-rack, certSerialId: null}, Type:RATIS, Factor:ONE, State:ALLOCATED]
2019-11-14 17:40:56,299 [grpc-default-executor-2] INFO  impl.RaftServerProxy (RaftServerProxy.java:addNew(89)) - b8551fbf-2c11-4c1f-914e-c2dd536d81a3: addNew group-251F74DE240A:[b8551fbf-2c11-4c1f-914e-c2dd536d81a3:192.168.157.194:42907] returns group-251F74DE240A:java.util.concurrent.CompletableFuture@74e12ada[Not completed]
2019-11-14 17:40:56,301 [pool-193-thread-1] INFO  impl.RaftServerImpl (RaftServerImpl.java:<init>(98)) - b8551fbf-2c11-4c1f-914e-c2dd536d81a3: new RaftServerImpl for group-251F74DE240A:[b8551fbf-2c11-4c1f-914e-c2dd536d81a3:192.168.157.194:42907] with ContainerStateMachine:uninitialized
2019-11-14 17:40:56,301 [pool-193-thread-1] INFO  server.RaftServerConfigKeys (ConfUtils.java:logGet(43)) - raft.server.rpc.timeout.min = 1s (custom)
2019-11-14 17:40:56,301 [pool-193-thread-1] INFO  server.RaftServerConfigKeys (ConfUtils.java:logGet(43)) - raft.server.rpc.timeout.max = 1200ms (custom)
2019-11-14 17:40:56,301 [pool-193-thread-1] INFO  server.RaftServerConfigKeys (ConfUtils.java:logGet(43)) - raft.server.rpcslowness.timeout = 120s (custom)
2019-11-14 17:40:56,301 [pool-193-thread-1] INFO  server.RaftServerConfigKeys (ConfUtils.java:logGet(43)) - raft.server.sleep.deviation.threshold = 300 (default)
2019-11-14 17:40:56,302 [pool-193-thread-1] INFO  server.RaftServerConfigKeys (ConfUtils.java:logGet(43)) - raft.server.log.appender.install.snapshot.enabled = false (custom)
2019-11-14 17:40:56,302 [pool-193-thread-1] INFO  impl.RaftServerImpl (ServerState.java:<init>(103)) - b8551fbf-2c11-4c1f-914e-c2dd536d81a3@group-251F74DE240A: ConfigurationManager, init=-1: [b8551fbf-2c11-4c1f-914e-c2dd536d81a3:192.168.157.194:42907], old=null, confs=<EMPTY_MAP>
2019-11-14 17:40:56,302 [pool-193-thread-1] INFO  server.RaftServerConfigKeys (ConfUtils.java:logGet(43)) - raft.server.storage.dir = [/workdir/hadoop-ozone/integration-test/target/test-dir/MiniOzoneClusterImpl-30cd45ce-4337-4039-bf7d-2128eab36bad/datanode-4/data/ratis] (custom)
2019-11-14 17:40:56,302 [pool-193-thread-1] INFO  server.RaftServerConfigKeys (ConfUtils.java:logGet(43)) - raft.server.log.corruption.policy = EXCEPTION (default)
2019-11-14 17:40:56,302 [pool-193-thread-1] INFO  storage.RaftStorageDirectory (RaftStorageDirectory.java:analyzeStorage(246)) - The storage directory /workdir/hadoop-ozone/integration-test/target/test-dir/MiniOzoneClusterImpl-30cd45ce-4337-4039-bf7d-2128eab36bad/datanode-4/data/ratis/1d02296b-cea6-4044-b7ef-251f74de240a does not exist. Creating ...
2019-11-14 17:40:56,310 [IPC Server handler 2 on 44399] INFO  net.NetworkTopology (NetworkTopologyImpl.java:add(111)) - Added a new node: /default-rack/90a583a1-bf80-46e7-94ec-70238bb9c970
2019-11-14 17:40:56,310 [IPC Server handler 2 on 44399] INFO  node.SCMNodeManager (SCMNodeManager.java:register(267)) - Registered Data node : 90a583a1-bf80-46e7-94ec-70238bb9c970{ip: 192.168.157.194, host: pr-hdds-2482-j87dr-2776293630, networkLocation: /default-rack, certSerialId: null}
2019-11-14 17:40:56,327 [pool-193-thread-1] INFO  storage.RaftStorageDirectory (RaftStorageDirectory.java:tryLock(328)) - Lock on /workdir/hadoop-ozone/integration-test/target/test-dir/MiniOzoneClusterImpl-30cd45ce-4337-4039-bf7d-2128eab36bad/datanode-4/data/ratis/1d02296b-cea6-4044-b7ef-251f74de240a/in_use.lock acquired by nodename 20249@pr-hdds-2482-j87dr-2776293630
2019-11-14 17:40:56,352 [pool-193-thread-1] INFO  storage.RaftStorage (RaftStorage.java:format(84)) - Storage directory /workdir/hadoop-ozone/integration-test/target/test-dir/MiniOzoneClusterImpl-30cd45ce-4337-4039-bf7d-2128eab36bad/datanode-4/data/ratis/1d02296b-cea6-4044-b7ef-251f74de240a has been successfully formatted.
2019-11-14 17:40:56,353 [pool-193-thread-1] INFO  ratis.ContainerStateMachine (ContainerStateMachine.java:loadSnapshot(223)) - group-251F74DE240A: The snapshot info is null. Setting the last applied indexto:(t:0, i:~)
2019-11-14 17:40:56,353 [pool-193-thread-1] INFO  server.RaftServerConfigKeys (ConfUtils.java:logGet(43)) - raft.server.notification.no-leader.timeout = 120s (custom)
2019-11-14 17:40:56,353 [pool-193-thread-1] INFO  server.RaftServerConfigKeys (ConfUtils.java:logGet(43)) - raft.server.log.use.memory = false (default)
2019-11-14 17:40:56,353 [pool-193-thread-1] INFO  server.RaftServerConfigKeys (ConfUtils.java:logGet(43)) - raft.server.log.purge.gap = 1000000 (custom)
2019-11-14 17:40:56,353 [pool-193-thread-1] INFO  server.RaftServerConfigKeys (ConfUtils.java:logGet(43)) - raft.server.log.appender.buffer.byte-limit = 33554432 (custom)
2019-11-14 17:40:56,353 [pool-193-thread-1] INFO  server.RaftServerConfigKeys (ConfUtils.java:logGet(43)) - raft.server.log.segment.size.max = 1048576 (custom)
2019-11-14 17:40:56,354 [pool-193-thread-1] WARN  impl.MetricRegistriesImpl (MetricRegistriesImpl.java:lambda$create$1(61)) - First MetricRegistry has been created without registering reporters. You may need to call MetricRegistries.global().addReportRegistration(...) before.
2019-11-14 17:40:56,354 [pool-193-thread-1] INFO  server.RaftServerConfigKeys (ConfUtils.java:logGet(43)) - raft.server.log.segment.cache.num.max = 2 (custom)
2019-11-14 17:40:56,354 [pool-193-thread-1] INFO  segmented.SegmentedRaftLogWorker (SegmentedRaftLogWorker.java:<init>(173)) - new b8551fbf-2c11-4c1f-914e-c2dd536d81a3@group-251F74DE240A-SegmentedRaftLogWorker for RaftStorage:Storage Directory /workdir/hadoop-ozone/integration-test/target/test-dir/MiniOzoneClusterImpl-30cd45ce-4337-4039-bf7d-2128eab36bad/datanode-4/data/ratis/1d02296b-cea6-4044-b7ef-251f74de240a
2019-11-14 17:40:56,354 [pool-193-thread-1] INFO  server.RaftServerConfigKeys (ConfUtils.java:logGet(43)) - raft.server.log.queue.byte-limit = 2147483647 (custom)
2019-11-14 17:40:56,354 [pool-193-thread-1] INFO  server.RaftServerConfigKeys (ConfUtils.java:logGet(43)) - raft.server.log.queue.element-limit = 1024 (custom)
2019-11-14 17:40:56,354 [pool-193-thread-1] INFO  server.RaftServerConfigKeys (ConfUtils.java:logGet(43)) - raft.server.log.segment.size.max = 1048576 (custom)
2019-11-14 17:40:56,354 [pool-193-thread-1] INFO  server.RaftServerConfigKeys (ConfUtils.java:logGet(43)) - raft.server.log.preallocated.size = 16384 (custom)
2019-11-14 17:40:56,354 [pool-193-thread-1] INFO  server.RaftServerConfigKeys (ConfUtils.java:logGet(43)) - raft.server.log.write.buffer.size = 33554432 (custom)
2019-11-14 17:40:56,354 [pool-193-thread-1] INFO  server.RaftServerConfigKeys (ConfUtils.java:logGet(43)) - raft.server.log.force.sync.num = 128 (default)
2019-11-14 17:40:56,355 [pool-193-thread-1] INFO  server.RaftServerConfigKeys (ConfUtils.java:logGet(43)) - raft.server.log.statemachine.data.sync = true (default)
2019-11-14 17:40:56,355 [pool-193-thread-1] INFO  server.RaftServerConfigKeys (ConfUtils.java:logGet(43)) - raft.server.log.statemachine.data.sync.timeout = 10s (default)
2019-11-14 17:40:56,355 [pool-193-thread-1] INFO  server.RaftServerConfigKeys (ConfUtils.java:logGet(43)) - raft.server.log.statemachine.data.sync.timeout.retry = -1 (default)
2019-11-14 17:40:56,355 [pool-193-thread-1] INFO  server.RaftServerConfigKeys (ConfUtils.java:logGet(43)) - raft.server.log.statemachine.data.caching.enabled = true (custom)
2019-11-14 17:40:56,355 [pool-193-thread-1] INFO  segmented.SegmentedRaftLogWorker (SegmentedRaftLogWorker.java:lambda$new$0(128)) - b8551fbf-2c11-4c1f-914e-c2dd536d81a3@group-251F74DE240A-SegmentedRaftLogWorker: flushIndex: setUnconditionally 0 -> -1
2019-11-14 17:40:56,356 [pool-193-thread-1] INFO  server.RaftServerConfigKeys (ConfUtils.java:logGet(43)) - raft.server.snapshot.auto.trigger.enabled = true (custom)
2019-11-14 17:40:56,356 [pool-193-thread-1] INFO  server.RaftServerConfigKeys (ConfUtils.java:logGet(43)) - raft.server.snapshot.auto.trigger.threshold = 10000 (custom)
2019-11-14 17:40:56,356 [pool-193-thread-1] INFO  server.RaftServerConfigKeys (ConfUtils.java:logGet(43)) - raft.server.snapshot.retention.file.num = 5 (custom)
2019-11-14 17:40:56,356 [pool-193-thread-1] INFO  server.RaftServerConfigKeys (ConfUtils.java:logGet(43)) - raft.server.retrycache.expirytime = 600000ms (custom)
2019-11-14 17:40:56,356 [pool-193-thread-1] WARN  impl.MetricRegistriesImpl (MetricRegistriesImpl.java:lambda$create$1(61)) - First MetricRegistry has been created without registering reporters. You may need to call MetricRegistries.global().addReportRegistration(...) before.
2019-11-14 17:40:56,356 [pool-193-thread-1] WARN  impl.MetricRegistriesImpl (MetricRegistriesImpl.java:lambda$create$1(61)) - First MetricRegistry has been created without registering reporters. You may need to call MetricRegistries.global().addReportRegistration(...) before.
2019-11-14 17:40:56,357 [pool-193-thread-1] INFO  impl.RaftServerImpl (RaftServerImpl.java:start(184)) - b8551fbf-2c11-4c1f-914e-c2dd536d81a3@group-251F74DE240A: start as a follower, conf=-1: [b8551fbf-2c11-4c1f-914e-c2dd536d81a3:192.168.157.194:42907], old=null
2019-11-14 17:40:56,357 [pool-193-thread-1] INFO  impl.RaftServerImpl (RaftServerImpl.java:setRole(173)) - b8551fbf-2c11-4c1f-914e-c2dd536d81a3@group-251F74DE240A: changes role from      null to FOLLOWER at term 0 for startAsFollower
2019-11-14 17:40:56,357 [pool-193-thread-1] INFO  impl.RoleInfo (RoleInfo.java:updateAndGet(143)) - b8551fbf-2c11-4c1f-914e-c2dd536d81a3: start FollowerState
2019-11-14 17:40:56,357 [pool-193-thread-1] INFO  util.JmxRegister (JmxRegister.java:tryRegister(44)) - Successfully registered JMX Bean with object name Ratis:service=RaftServer,group=group-251F74DE240A,id=b8551fbf-2c11-4c1f-914e-c2dd536d81a3
2019-11-14 17:40:56,357 [pool-193-thread-1] WARN  impl.MetricRegistriesImpl (MetricRegistriesImpl.java:lambda$create$1(61)) - First MetricRegistry has been created without registering reporters. You may need to call MetricRegistries.global().addReportRegistration(...) before.
2019-11-14 17:40:56,360 [RatisPipelineUtilsThread] INFO  pipeline.PipelineStateManager (PipelineStateManager.java:addPipeline(55)) - Created pipeline Pipeline[ Id: 1d02296b-cea6-4044-b7ef-251f74de240a, Nodes: b8551fbf-2c11-4c1f-914e-c2dd536d81a3{ip: 192.168.157.194, host: pr-hdds-2482-j87dr-2776293630, networkLocation: /default-rack, certSerialId: null}, Type:RATIS, Factor:ONE, State:ALLOCATED]
2019-11-14 17:40:56,368 [grpc-default-executor-2] INFO  impl.RaftServerProxy (RaftServerProxy.java:addNew(89)) - 90a583a1-bf80-46e7-94ec-70238bb9c970: addNew group-A71879313D38:[90a583a1-bf80-46e7-94ec-70238bb9c970:192.168.157.194:35138] returns group-A71879313D38:java.util.concurrent.CompletableFuture@e31dce5[Not completed]
2019-11-14 17:40:56,369 [pool-203-thread-1] INFO  impl.RaftServerImpl (RaftServerImpl.java:<init>(98)) - 90a583a1-bf80-46e7-94ec-70238bb9c970: new RaftServerImpl for group-A71879313D38:[90a583a1-bf80-46e7-94ec-70238bb9c970:192.168.157.194:35138] with ContainerStateMachine:uninitialized
2019-11-14 17:40:56,369 [pool-203-thread-1] INFO  server.RaftServerConfigKeys (ConfUtils.java:logGet(43)) - raft.server.rpc.timeout.min = 1s (custom)
2019-11-14 17:40:56,369 [pool-203-thread-1] INFO  server.RaftServerConfigKeys (ConfUtils.java:logGet(43)) - raft.server.rpc.timeout.max = 1200ms (custom)
2019-11-14 17:40:56,370 [pool-203-thread-1] INFO  server.RaftServerConfigKeys (ConfUtils.java:logGet(43)) - raft.server.rpcslowness.timeout = 120s (custom)
2019-11-14 17:40:56,370 [pool-203-thread-1] INFO  server.RaftServerConfigKeys (ConfUtils.java:logGet(43)) - raft.server.sleep.deviation.threshold = 300 (default)
2019-11-14 17:40:56,370 [pool-203-thread-1] INFO  server.RaftServerConfigKeys (ConfUtils.java:logGet(43)) - raft.server.log.appender.install.snapshot.enabled = false (custom)
2019-11-14 17:40:56,370 [pool-203-thread-1] INFO  impl.RaftServerImpl (ServerState.java:<init>(103)) - 90a583a1-bf80-46e7-94ec-70238bb9c970@group-A71879313D38: ConfigurationManager, init=-1: [90a583a1-bf80-46e7-94ec-70238bb9c970:192.168.157.194:35138], old=null, confs=<EMPTY_MAP>
2019-11-14 17:40:56,370 [pool-203-thread-1] INFO  server.RaftServerConfigKeys (ConfUtils.java:logGet(43)) - raft.server.storage.dir = [/workdir/hadoop-ozone/integration-test/target/test-dir/MiniOzoneClusterImpl-30cd45ce-4337-4039-bf7d-2128eab36bad/datanode-5/data/ratis] (custom)
2019-11-14 17:40:56,370 [pool-203-thread-1] INFO  server.RaftServerConfigKeys (ConfUtils.java:logGet(43)) - raft.server.log.corruption.policy = EXCEPTION (default)
2019-11-14 17:40:56,371 [pool-203-thread-1] INFO  storage.RaftStorageDirectory (RaftStorageDirectory.java:analyzeStorage(246)) - The storage directory /workdir/hadoop-ozone/integration-test/target/test-dir/MiniOzoneClusterImpl-30cd45ce-4337-4039-bf7d-2128eab36bad/datanode-5/data/ratis/d9c48cb5-55a2-4964-8696-a71879313d38 does not exist. Creating ...
2019-11-14 17:40:56,394 [pool-203-thread-1] INFO  storage.RaftStorageDirectory (RaftStorageDirectory.java:tryLock(328)) - Lock on /workdir/hadoop-ozone/integration-test/target/test-dir/MiniOzoneClusterImpl-30cd45ce-4337-4039-bf7d-2128eab36bad/datanode-5/data/ratis/d9c48cb5-55a2-4964-8696-a71879313d38/in_use.lock acquired by nodename 20249@pr-hdds-2482-j87dr-2776293630
2019-11-14 17:40:56,420 [pool-203-thread-1] INFO  storage.RaftStorage (RaftStorage.java:format(84)) - Storage directory /workdir/hadoop-ozone/integration-test/target/test-dir/MiniOzoneClusterImpl-30cd45ce-4337-4039-bf7d-2128eab36bad/datanode-5/data/ratis/d9c48cb5-55a2-4964-8696-a71879313d38 has been successfully formatted.
2019-11-14 17:40:56,420 [pool-203-thread-1] INFO  ratis.ContainerStateMachine (ContainerStateMachine.java:loadSnapshot(223)) - group-A71879313D38: The snapshot info is null. Setting the last applied indexto:(t:0, i:~)
2019-11-14 17:40:56,420 [pool-203-thread-1] INFO  server.RaftServerConfigKeys (ConfUtils.java:logGet(43)) - raft.server.notification.no-leader.timeout = 120s (custom)
2019-11-14 17:40:56,420 [pool-203-thread-1] INFO  server.RaftServerConfigKeys (ConfUtils.java:logGet(43)) - raft.server.log.use.memory = false (default)
2019-11-14 17:40:56,420 [pool-203-thread-1] INFO  server.RaftServerConfigKeys (ConfUtils.java:logGet(43)) - raft.server.log.purge.gap = 1000000 (custom)
2019-11-14 17:40:56,421 [pool-203-thread-1] INFO  server.RaftServerConfigKeys (ConfUtils.java:logGet(43)) - raft.server.log.appender.buffer.byte-limit = 33554432 (custom)
2019-11-14 17:40:56,421 [pool-203-thread-1] INFO  server.RaftServerConfigKeys (ConfUtils.java:logGet(43)) - raft.server.log.segment.size.max = 1048576 (custom)
2019-11-14 17:40:56,421 [pool-203-thread-1] WARN  impl.MetricRegistriesImpl (MetricRegistriesImpl.java:lambda$create$1(61)) - First MetricRegistry has been created without registering reporters. You may need to call MetricRegistries.global().addReportRegistration(...) before.
2019-11-14 17:40:56,421 [pool-203-thread-1] INFO  server.RaftServerConfigKeys (ConfUtils.java:logGet(43)) - raft.server.log.segment.cache.num.max = 2 (custom)
2019-11-14 17:40:56,421 [pool-203-thread-1] INFO  segmented.SegmentedRaftLogWorker (SegmentedRaftLogWorker.java:<init>(173)) - new 90a583a1-bf80-46e7-94ec-70238bb9c970@group-A71879313D38-SegmentedRaftLogWorker for RaftStorage:Storage Directory /workdir/hadoop-ozone/integration-test/target/test-dir/MiniOzoneClusterImpl-30cd45ce-4337-4039-bf7d-2128eab36bad/datanode-5/data/ratis/d9c48cb5-55a2-4964-8696-a71879313d38
2019-11-14 17:40:56,421 [pool-203-thread-1] INFO  server.RaftServerConfigKeys (ConfUtils.java:logGet(43)) - raft.server.log.queue.byte-limit = 2147483647 (custom)
2019-11-14 17:40:56,422 [pool-203-thread-1] INFO  server.RaftServerConfigKeys (ConfUtils.java:logGet(43)) - raft.server.log.queue.element-limit = 1024 (custom)
2019-11-14 17:40:56,422 [pool-203-thread-1] INFO  server.RaftServerConfigKeys (ConfUtils.java:logGet(43)) - raft.server.log.segment.size.max = 1048576 (custom)
2019-11-14 17:40:56,422 [pool-203-thread-1] INFO  server.RaftServerConfigKeys (ConfUtils.java:logGet(43)) - raft.server.log.preallocated.size = 16384 (custom)
2019-11-14 17:40:56,422 [pool-203-thread-1] INFO  server.RaftServerConfigKeys (ConfUtils.java:logGet(43)) - raft.server.log.write.buffer.size = 33554432 (custom)
2019-11-14 17:40:56,422 [pool-203-thread-1] INFO  server.RaftServerConfigKeys (ConfUtils.java:logGet(43)) - raft.server.log.force.sync.num = 128 (default)
2019-11-14 17:40:56,422 [pool-203-thread-1] INFO  server.RaftServerConfigKeys (ConfUtils.java:logGet(43)) - raft.server.log.statemachine.data.sync = true (default)
2019-11-14 17:40:56,423 [pool-203-thread-1] INFO  server.RaftServerConfigKeys (ConfUtils.java:logGet(43)) - raft.server.log.statemachine.data.sync.timeout = 10s (default)
2019-11-14 17:40:56,423 [pool-203-thread-1] INFO  server.RaftServerConfigKeys (ConfUtils.java:logGet(43)) - raft.server.log.statemachine.data.sync.timeout.retry = -1 (default)
2019-11-14 17:40:56,423 [pool-203-thread-1] INFO  server.RaftServerConfigKeys (ConfUtils.java:logGet(43)) - raft.server.log.statemachine.data.caching.enabled = true (custom)
2019-11-14 17:40:56,423 [pool-203-thread-1] INFO  segmented.SegmentedRaftLogWorker (SegmentedRaftLogWorker.java:lambda$new$0(128)) - 90a583a1-bf80-46e7-94ec-70238bb9c970@group-A71879313D38-SegmentedRaftLogWorker: flushIndex: setUnconditionally 0 -> -1
2019-11-14 17:40:56,424 [pool-203-thread-1] INFO  server.RaftServerConfigKeys (ConfUtils.java:logGet(43)) - raft.server.snapshot.auto.trigger.enabled = true (custom)
2019-11-14 17:40:56,424 [pool-203-thread-1] INFO  server.RaftServerConfigKeys (ConfUtils.java:logGet(43)) - raft.server.snapshot.auto.trigger.threshold = 10000 (custom)
2019-11-14 17:40:56,424 [pool-203-thread-1] INFO  server.RaftServerConfigKeys (ConfUtils.java:logGet(43)) - raft.server.snapshot.retention.file.num = 5 (custom)
2019-11-14 17:40:56,424 [pool-203-thread-1] INFO  server.RaftServerConfigKeys (ConfUtils.java:logGet(43)) - raft.server.retrycache.expirytime = 600000ms (custom)
2019-11-14 17:40:56,424 [pool-203-thread-1] WARN  impl.MetricRegistriesImpl (MetricRegistriesImpl.java:lambda$create$1(61)) - First MetricRegistry has been created without registering reporters. You may need to call MetricRegistries.global().addReportRegistration(...) before.
2019-11-14 17:40:56,425 [pool-203-thread-1] WARN  impl.MetricRegistriesImpl (MetricRegistriesImpl.java:lambda$create$1(61)) - First MetricRegistry has been created without registering reporters. You may need to call MetricRegistries.global().addReportRegistration(...) before.
2019-11-14 17:40:56,425 [pool-203-thread-1] INFO  impl.RaftServerImpl (RaftServerImpl.java:start(184)) - 90a583a1-bf80-46e7-94ec-70238bb9c970@group-A71879313D38: start as a follower, conf=-1: [90a583a1-bf80-46e7-94ec-70238bb9c970:192.168.157.194:35138], old=null
2019-11-14 17:40:56,425 [pool-203-thread-1] INFO  impl.RaftServerImpl (RaftServerImpl.java:setRole(173)) - 90a583a1-bf80-46e7-94ec-70238bb9c970@group-A71879313D38: changes role from      null to FOLLOWER at term 0 for startAsFollower
2019-11-14 17:40:56,425 [pool-203-thread-1] INFO  impl.RoleInfo (RoleInfo.java:updateAndGet(143)) - 90a583a1-bf80-46e7-94ec-70238bb9c970: start FollowerState
2019-11-14 17:40:56,426 [pool-203-thread-1] INFO  util.JmxRegister (JmxRegister.java:tryRegister(44)) - Successfully registered JMX Bean with object name Ratis:service=RaftServer,group=group-A71879313D38,id=90a583a1-bf80-46e7-94ec-70238bb9c970
2019-11-14 17:40:56,426 [pool-203-thread-1] WARN  impl.MetricRegistriesImpl (MetricRegistriesImpl.java:lambda$create$1(61)) - First MetricRegistry has been created without registering reporters. You may need to call MetricRegistries.global().addReportRegistration(...) before.
2019-11-14 17:40:56,428 [RatisPipelineUtilsThread] INFO  pipeline.PipelineStateManager (PipelineStateManager.java:addPipeline(55)) - Created pipeline Pipeline[ Id: d9c48cb5-55a2-4964-8696-a71879313d38, Nodes: 90a583a1-bf80-46e7-94ec-70238bb9c970{ip: 192.168.157.194, host: pr-hdds-2482-j87dr-2776293630, networkLocation: /default-rack, certSerialId: null}, Type:RATIS, Factor:ONE, State:ALLOCATED]
2019-11-14 17:40:56,440 [grpc-default-executor-2] INFO  impl.RaftServerProxy (RaftServerProxy.java:addNew(89)) - 71bec8dd-fabd-4ede-a8a1-a5a2039dbf17: addNew group-51996E38C70D:[71bec8dd-fabd-4ede-a8a1-a5a2039dbf17:192.168.157.194:34443, b8551fbf-2c11-4c1f-914e-c2dd536d81a3:192.168.157.194:42907, 90a583a1-bf80-46e7-94ec-70238bb9c970:192.168.157.194:35138] returns group-51996E38C70D:java.util.concurrent.CompletableFuture@9faf468[Not completed]
2019-11-14 17:40:56,440 [grpc-default-executor-4] INFO  impl.RaftServerProxy (RaftServerProxy.java:addNew(89)) - b8551fbf-2c11-4c1f-914e-c2dd536d81a3: addNew group-51996E38C70D:[71bec8dd-fabd-4ede-a8a1-a5a2039dbf17:192.168.157.194:34443, b8551fbf-2c11-4c1f-914e-c2dd536d81a3:192.168.157.194:42907, 90a583a1-bf80-46e7-94ec-70238bb9c970:192.168.157.194:35138] returns group-51996E38C70D:java.util.concurrent.CompletableFuture@584d49ec[Not completed]
2019-11-14 17:40:56,440 [grpc-default-executor-2] INFO  impl.RaftServerProxy (RaftServerProxy.java:addNew(89)) - 90a583a1-bf80-46e7-94ec-70238bb9c970: addNew group-51996E38C70D:[71bec8dd-fabd-4ede-a8a1-a5a2039dbf17:192.168.157.194:34443, b8551fbf-2c11-4c1f-914e-c2dd536d81a3:192.168.157.194:42907, 90a583a1-bf80-46e7-94ec-70238bb9c970:192.168.157.194:35138] returns group-51996E38C70D:java.util.concurrent.CompletableFuture@bca91b1[Not completed]
2019-11-14 17:40:56,441 [pool-183-thread-1] INFO  impl.RaftServerImpl (RaftServerImpl.java:<init>(98)) - 71bec8dd-fabd-4ede-a8a1-a5a2039dbf17: new RaftServerImpl for group-51996E38C70D:[71bec8dd-fabd-4ede-a8a1-a5a2039dbf17:192.168.157.194:34443, b8551fbf-2c11-4c1f-914e-c2dd536d81a3:192.168.157.194:42907, 90a583a1-bf80-46e7-94ec-70238bb9c970:192.168.157.194:35138] with ContainerStateMachine:uninitialized
2019-11-14 17:40:56,441 [pool-183-thread-1] INFO  server.RaftServerConfigKeys (ConfUtils.java:logGet(43)) - raft.server.rpc.timeout.min = 1s (custom)
2019-11-14 17:40:56,441 [pool-183-thread-1] INFO  server.RaftServerConfigKeys (ConfUtils.java:logGet(43)) - raft.server.rpc.timeout.max = 1200ms (custom)
2019-11-14 17:40:56,442 [pool-183-thread-1] INFO  server.RaftServerConfigKeys (ConfUtils.java:logGet(43)) - raft.server.rpcslowness.timeout = 120s (custom)
2019-11-14 17:40:56,442 [pool-183-thread-1] INFO  server.RaftServerConfigKeys (ConfUtils.java:logGet(43)) - raft.server.sleep.deviation.threshold = 300 (default)
2019-11-14 17:40:56,442 [pool-183-thread-1] INFO  server.RaftServerConfigKeys (ConfUtils.java:logGet(43)) - raft.server.log.appender.install.snapshot.enabled = false (custom)
2019-11-14 17:40:56,442 [pool-183-thread-1] INFO  impl.RaftServerImpl (ServerState.java:<init>(103)) - 71bec8dd-fabd-4ede-a8a1-a5a2039dbf17@group-51996E38C70D: ConfigurationManager, init=-1: [71bec8dd-fabd-4ede-a8a1-a5a2039dbf17:192.168.157.194:34443, b8551fbf-2c11-4c1f-914e-c2dd536d81a3:192.168.157.194:42907, 90a583a1-bf80-46e7-94ec-70238bb9c970:192.168.157.194:35138], old=null, confs=<EMPTY_MAP>
2019-11-14 17:40:56,442 [pool-183-thread-1] INFO  server.RaftServerConfigKeys (ConfUtils.java:logGet(43)) - raft.server.storage.dir = [/workdir/hadoop-ozone/integration-test/target/test-dir/MiniOzoneClusterImpl-30cd45ce-4337-4039-bf7d-2128eab36bad/datanode-3/data/ratis] (custom)
2019-11-14 17:40:56,442 [pool-203-thread-1] INFO  impl.RaftServerImpl (RaftServerImpl.java:<init>(98)) - 90a583a1-bf80-46e7-94ec-70238bb9c970: new RaftServerImpl for group-51996E38C70D:[71bec8dd-fabd-4ede-a8a1-a5a2039dbf17:192.168.157.194:34443, b8551fbf-2c11-4c1f-914e-c2dd536d81a3:192.168.157.194:42907, 90a583a1-bf80-46e7-94ec-70238bb9c970:192.168.157.194:35138] with ContainerStateMachine:uninitialized
2019-11-14 17:40:56,442 [pool-203-thread-1] INFO  server.RaftServerConfigKeys (ConfUtils.java:logGet(43)) - raft.server.rpc.timeout.min = 1s (custom)
2019-11-14 17:40:56,443 [pool-183-thread-1] INFO  server.RaftServerConfigKeys (ConfUtils.java:logGet(43)) - raft.server.log.corruption.policy = EXCEPTION (default)
2019-11-14 17:40:56,443 [pool-203-thread-1] INFO  server.RaftServerConfigKeys (ConfUtils.java:logGet(43)) - raft.server.rpc.timeout.max = 1200ms (custom)
2019-11-14 17:40:56,443 [pool-203-thread-1] INFO  server.RaftServerConfigKeys (ConfUtils.java:logGet(43)) - raft.server.rpcslowness.timeout = 120s (custom)
2019-11-14 17:40:56,443 [pool-183-thread-1] INFO  storage.RaftStorageDirectory (RaftStorageDirectory.java:analyzeStorage(246)) - The storage directory /workdir/hadoop-ozone/integration-test/target/test-dir/MiniOzoneClusterImpl-30cd45ce-4337-4039-bf7d-2128eab36bad/datanode-3/data/ratis/09c220b9-9f2a-4acf-96de-51996e38c70d does not exist. Creating ...
2019-11-14 17:40:56,443 [pool-203-thread-1] INFO  server.RaftServerConfigKeys (ConfUtils.java:logGet(43)) - raft.server.sleep.deviation.threshold = 300 (default)
2019-11-14 17:40:56,443 [pool-203-thread-1] INFO  server.RaftServerConfigKeys (ConfUtils.java:logGet(43)) - raft.server.log.appender.install.snapshot.enabled = false (custom)
2019-11-14 17:40:56,443 [pool-193-thread-1] INFO  impl.RaftServerImpl (RaftServerImpl.java:<init>(98)) - b8551fbf-2c11-4c1f-914e-c2dd536d81a3: new RaftServerImpl for group-51996E38C70D:[71bec8dd-fabd-4ede-a8a1-a5a2039dbf17:192.168.157.194:34443, b8551fbf-2c11-4c1f-914e-c2dd536d81a3:192.168.157.194:42907, 90a583a1-bf80-46e7-94ec-70238bb9c970:192.168.157.194:35138] with ContainerStateMachine:uninitialized
2019-11-14 17:40:56,443 [pool-203-thread-1] INFO  impl.RaftServerImpl (ServerState.java:<init>(103)) - 90a583a1-bf80-46e7-94ec-70238bb9c970@group-51996E38C70D: ConfigurationManager, init=-1: [71bec8dd-fabd-4ede-a8a1-a5a2039dbf17:192.168.157.194:34443, b8551fbf-2c11-4c1f-914e-c2dd536d81a3:192.168.157.194:42907, 90a583a1-bf80-46e7-94ec-70238bb9c970:192.168.157.194:35138], old=null, confs=<EMPTY_MAP>
2019-11-14 17:40:56,443 [pool-193-thread-1] INFO  server.RaftServerConfigKeys (ConfUtils.java:logGet(43)) - raft.server.rpc.timeout.min = 1s (custom)
2019-11-14 17:40:56,444 [pool-203-thread-1] INFO  server.RaftServerConfigKeys (ConfUtils.java:logGet(43)) - raft.server.storage.dir = [/workdir/hadoop-ozone/integration-test/target/test-dir/MiniOzoneClusterImpl-30cd45ce-4337-4039-bf7d-2128eab36bad/datanode-5/data/ratis] (custom)
2019-11-14 17:40:56,444 [pool-193-thread-1] INFO  server.RaftServerConfigKeys (ConfUtils.java:logGet(43)) - raft.server.rpc.timeout.max = 1200ms (custom)
2019-11-14 17:40:56,444 [pool-193-thread-1] INFO  server.RaftServerConfigKeys (ConfUtils.java:logGet(43)) - raft.server.rpcslowness.timeout = 120s (custom)
2019-11-14 17:40:56,444 [pool-203-thread-1] INFO  server.RaftServerConfigKeys (ConfUtils.java:logGet(43)) - raft.server.log.corruption.policy = EXCEPTION (default)
2019-11-14 17:40:56,444 [pool-193-thread-1] INFO  server.RaftServerConfigKeys (ConfUtils.java:logGet(43)) - raft.server.sleep.deviation.threshold = 300 (default)
2019-11-14 17:40:56,444 [pool-193-thread-1] INFO  server.RaftServerConfigKeys (ConfUtils.java:logGet(43)) - raft.server.log.appender.install.snapshot.enabled = false (custom)
2019-11-14 17:40:56,444 [pool-203-thread-1] INFO  storage.RaftStorageDirectory (RaftStorageDirectory.java:analyzeStorage(246)) - The storage directory /workdir/hadoop-ozone/integration-test/target/test-dir/MiniOzoneClusterImpl-30cd45ce-4337-4039-bf7d-2128eab36bad/datanode-5/data/ratis/09c220b9-9f2a-4acf-96de-51996e38c70d does not exist. Creating ...
2019-11-14 17:40:56,444 [pool-193-thread-1] INFO  impl.RaftServerImpl (ServerState.java:<init>(103)) - b8551fbf-2c11-4c1f-914e-c2dd536d81a3@group-51996E38C70D: ConfigurationManager, init=-1: [71bec8dd-fabd-4ede-a8a1-a5a2039dbf17:192.168.157.194:34443, b8551fbf-2c11-4c1f-914e-c2dd536d81a3:192.168.157.194:42907, 90a583a1-bf80-46e7-94ec-70238bb9c970:192.168.157.194:35138], old=null, confs=<EMPTY_MAP>
2019-11-14 17:40:56,445 [pool-193-thread-1] INFO  server.RaftServerConfigKeys (ConfUtils.java:logGet(43)) - raft.server.storage.dir = [/workdir/hadoop-ozone/integration-test/target/test-dir/MiniOzoneClusterImpl-30cd45ce-4337-4039-bf7d-2128eab36bad/datanode-4/data/ratis] (custom)
2019-11-14 17:40:56,445 [pool-193-thread-1] INFO  server.RaftServerConfigKeys (ConfUtils.java:logGet(43)) - raft.server.log.corruption.policy = EXCEPTION (default)
2019-11-14 17:40:56,445 [pool-193-thread-1] INFO  storage.RaftStorageDirectory (RaftStorageDirectory.java:analyzeStorage(246)) - The storage directory /workdir/hadoop-ozone/integration-test/target/test-dir/MiniOzoneClusterImpl-30cd45ce-4337-4039-bf7d-2128eab36bad/datanode-4/data/ratis/09c220b9-9f2a-4acf-96de-51996e38c70d does not exist. Creating ...
2019-11-14 17:40:56,471 [pool-193-thread-1] INFO  storage.RaftStorageDirectory (RaftStorageDirectory.java:tryLock(328)) - Lock on /workdir/hadoop-ozone/integration-test/target/test-dir/MiniOzoneClusterImpl-30cd45ce-4337-4039-bf7d-2128eab36bad/datanode-4/data/ratis/09c220b9-9f2a-4acf-96de-51996e38c70d/in_use.lock acquired by nodename 20249@pr-hdds-2482-j87dr-2776293630
2019-11-14 17:40:56,471 [pool-203-thread-1] INFO  storage.RaftStorageDirectory (RaftStorageDirectory.java:tryLock(328)) - Lock on /workdir/hadoop-ozone/integration-test/target/test-dir/MiniOzoneClusterImpl-30cd45ce-4337-4039-bf7d-2128eab36bad/datanode-5/data/ratis/09c220b9-9f2a-4acf-96de-51996e38c70d/in_use.lock acquired by nodename 20249@pr-hdds-2482-j87dr-2776293630
2019-11-14 17:40:56,471 [pool-183-thread-1] INFO  storage.RaftStorageDirectory (RaftStorageDirectory.java:tryLock(328)) - Lock on /workdir/hadoop-ozone/integration-test/target/test-dir/MiniOzoneClusterImpl-30cd45ce-4337-4039-bf7d-2128eab36bad/datanode-3/data/ratis/09c220b9-9f2a-4acf-96de-51996e38c70d/in_use.lock acquired by nodename 20249@pr-hdds-2482-j87dr-2776293630
2019-11-14 17:40:56,497 [pool-203-thread-1] INFO  storage.RaftStorage (RaftStorage.java:format(84)) - Storage directory /workdir/hadoop-ozone/integration-test/target/test-dir/MiniOzoneClusterImpl-30cd45ce-4337-4039-bf7d-2128eab36bad/datanode-5/data/ratis/09c220b9-9f2a-4acf-96de-51996e38c70d has been successfully formatted.
2019-11-14 17:40:56,497 [pool-193-thread-1] INFO  storage.RaftStorage (RaftStorage.java:format(84)) - Storage directory /workdir/hadoop-ozone/integration-test/target/test-dir/MiniOzoneClusterImpl-30cd45ce-4337-4039-bf7d-2128eab36bad/datanode-4/data/ratis/09c220b9-9f2a-4acf-96de-51996e38c70d has been successfully formatted.
2019-11-14 17:40:56,497 [pool-183-thread-1] INFO  storage.RaftStorage (RaftStorage.java:format(84)) - Storage directory /workdir/hadoop-ozone/integration-test/target/test-dir/MiniOzoneClusterImpl-30cd45ce-4337-4039-bf7d-2128eab36bad/datanode-3/data/ratis/09c220b9-9f2a-4acf-96de-51996e38c70d has been successfully formatted.
2019-11-14 17:40:56,497 [pool-193-thread-1] INFO  ratis.ContainerStateMachine (ContainerStateMachine.java:loadSnapshot(223)) - group-51996E38C70D: The snapshot info is null. Setting the last applied indexto:(t:0, i:~)
2019-11-14 17:40:56,497 [pool-203-thread-1] INFO  ratis.ContainerStateMachine (ContainerStateMachine.java:loadSnapshot(223)) - group-51996E38C70D: The snapshot info is null. Setting the last applied indexto:(t:0, i:~)
2019-11-14 17:40:56,497 [pool-193-thread-1] INFO  server.RaftServerConfigKeys (ConfUtils.java:logGet(43)) - raft.server.notification.no-leader.timeout = 120s (custom)
2019-11-14 17:40:56,497 [pool-183-thread-1] INFO  ratis.ContainerStateMachine (ContainerStateMachine.java:loadSnapshot(223)) - group-51996E38C70D: The snapshot info is null. Setting the last applied indexto:(t:0, i:~)
2019-11-14 17:40:56,498 [pool-193-thread-1] INFO  server.RaftServerConfigKeys (ConfUtils.java:logGet(43)) - raft.server.log.use.memory = false (default)
2019-11-14 17:40:56,498 [pool-203-thread-1] INFO  server.RaftServerConfigKeys (ConfUtils.java:logGet(43)) - raft.server.notification.no-leader.timeout = 120s (custom)
2019-11-14 17:40:56,498 [pool-193-thread-1] INFO  server.RaftServerConfigKeys (ConfUtils.java:logGet(43)) - raft.server.log.purge.gap = 1000000 (custom)
2019-11-14 17:40:56,498 [pool-183-thread-1] INFO  server.RaftServerConfigKeys (ConfUtils.java:logGet(43)) - raft.server.notification.no-leader.timeout = 120s (custom)
2019-11-14 17:40:56,498 [pool-193-thread-1] INFO  server.RaftServerConfigKeys (ConfUtils.java:logGet(43)) - raft.server.log.appender.buffer.byte-limit = 33554432 (custom)
2019-11-14 17:40:56,498 [pool-203-thread-1] INFO  server.RaftServerConfigKeys (ConfUtils.java:logGet(43)) - raft.server.log.use.memory = false (default)
2019-11-14 17:40:56,499 [pool-193-thread-1] INFO  server.RaftServerConfigKeys (ConfUtils.java:logGet(43)) - raft.server.log.segment.size.max = 1048576 (custom)
2019-11-14 17:40:56,498 [pool-183-thread-1] INFO  server.RaftServerConfigKeys (ConfUtils.java:logGet(43)) - raft.server.log.use.memory = false (default)
2019-11-14 17:40:56,499 [pool-193-thread-1] INFO  server.RaftServerConfigKeys (ConfUtils.java:logGet(43)) - raft.server.log.segment.cache.num.max = 2 (custom)
2019-11-14 17:40:56,499 [pool-203-thread-1] INFO  server.RaftServerConfigKeys (ConfUtils.java:logGet(43)) - raft.server.log.purge.gap = 1000000 (custom)
2019-11-14 17:40:56,499 [pool-193-thread-1] INFO  segmented.SegmentedRaftLogWorker (SegmentedRaftLogWorker.java:<init>(173)) - new b8551fbf-2c11-4c1f-914e-c2dd536d81a3@group-51996E38C70D-SegmentedRaftLogWorker for RaftStorage:Storage Directory /workdir/hadoop-ozone/integration-test/target/test-dir/MiniOzoneClusterImpl-30cd45ce-4337-4039-bf7d-2128eab36bad/datanode-4/data/ratis/09c220b9-9f2a-4acf-96de-51996e38c70d
2019-11-14 17:40:56,499 [pool-183-thread-1] INFO  server.RaftServerConfigKeys (ConfUtils.java:logGet(43)) - raft.server.log.purge.gap = 1000000 (custom)
2019-11-14 17:40:56,499 [pool-193-thread-1] INFO  server.RaftServerConfigKeys (ConfUtils.java:logGet(43)) - raft.server.log.queue.byte-limit = 2147483647 (custom)
2019-11-14 17:40:56,499 [pool-203-thread-1] INFO  server.RaftServerConfigKeys (ConfUtils.java:logGet(43)) - raft.server.log.appender.buffer.byte-limit = 33554432 (custom)
2019-11-14 17:40:56,500 [pool-193-thread-1] INFO  server.RaftServerConfigKeys (ConfUtils.java:logGet(43)) - raft.server.log.queue.element-limit = 1024 (custom)
2019-11-14 17:40:56,499 [pool-183-thread-1] INFO  server.RaftServerConfigKeys (ConfUtils.java:logGet(43)) - raft.server.log.appender.buffer.byte-limit = 33554432 (custom)
2019-11-14 17:40:56,500 [pool-193-thread-1] INFO  server.RaftServerConfigKeys (ConfUtils.java:logGet(43)) - raft.server.log.segment.size.max = 1048576 (custom)
2019-11-14 17:40:56,500 [pool-203-thread-1] INFO  server.RaftServerConfigKeys (ConfUtils.java:logGet(43)) - raft.server.log.segment.size.max = 1048576 (custom)
2019-11-14 17:40:56,500 [pool-193-thread-1] INFO  server.RaftServerConfigKeys (ConfUtils.java:logGet(43)) - raft.server.log.preallocated.size = 16384 (custom)
2019-11-14 17:40:56,500 [pool-183-thread-1] INFO  server.RaftServerConfigKeys (ConfUtils.java:logGet(43)) - raft.server.log.segment.size.max = 1048576 (custom)
2019-11-14 17:40:56,500 [pool-193-thread-1] INFO  server.RaftServerConfigKeys (ConfUtils.java:logGet(43)) - raft.server.log.write.buffer.size = 33554432 (custom)
2019-11-14 17:40:56,501 [pool-193-thread-1] INFO  server.RaftServerConfigKeys (ConfUtils.java:logGet(43)) - raft.server.log.force.sync.num = 128 (default)
2019-11-14 17:40:56,500 [pool-203-thread-1] INFO  server.RaftServerConfigKeys (ConfUtils.java:logGet(43)) - raft.server.log.segment.cache.num.max = 2 (custom)
2019-11-14 17:40:56,501 [pool-193-thread-1] INFO  server.RaftServerConfigKeys (ConfUtils.java:logGet(43)) - raft.server.log.statemachine.data.sync = true (default)
2019-11-14 17:40:56,500 [pool-183-thread-1] INFO  server.RaftServerConfigKeys (ConfUtils.java:logGet(43)) - raft.server.log.segment.cache.num.max = 2 (custom)
2019-11-14 17:40:56,501 [pool-193-thread-1] INFO  server.RaftServerConfigKeys (ConfUtils.java:logGet(43)) - raft.server.log.statemachine.data.sync.timeout = 10s (default)
2019-11-14 17:40:56,501 [pool-203-thread-1] INFO  segmented.SegmentedRaftLogWorker (SegmentedRaftLogWorker.java:<init>(173)) - new 90a583a1-bf80-46e7-94ec-70238bb9c970@group-51996E38C70D-SegmentedRaftLogWorker for RaftStorage:Storage Directory /workdir/hadoop-ozone/integration-test/target/test-dir/MiniOzoneClusterImpl-30cd45ce-4337-4039-bf7d-2128eab36bad/datanode-5/data/ratis/09c220b9-9f2a-4acf-96de-51996e38c70d
2019-11-14 17:40:56,501 [pool-193-thread-1] INFO  server.RaftServerConfigKeys (ConfUtils.java:logGet(43)) - raft.server.log.statemachine.data.sync.timeout.retry = -1 (default)
2019-11-14 17:40:56,501 [pool-183-thread-1] INFO  segmented.SegmentedRaftLogWorker (SegmentedRaftLogWorker.java:<init>(173)) - new 71bec8dd-fabd-4ede-a8a1-a5a2039dbf17@group-51996E38C70D-SegmentedRaftLogWorker for RaftStorage:Storage Directory /workdir/hadoop-ozone/integration-test/target/test-dir/MiniOzoneClusterImpl-30cd45ce-4337-4039-bf7d-2128eab36bad/datanode-3/data/ratis/09c220b9-9f2a-4acf-96de-51996e38c70d
2019-11-14 17:40:56,502 [pool-193-thread-1] INFO  server.RaftServerConfigKeys (ConfUtils.java:logGet(43)) - raft.server.log.statemachine.data.caching.enabled = true (custom)
2019-11-14 17:40:56,501 [pool-203-thread-1] INFO  server.RaftServerConfigKeys (ConfUtils.java:logGet(43)) - raft.server.log.queue.byte-limit = 2147483647 (custom)
2019-11-14 17:40:56,502 [pool-183-thread-1] INFO  server.RaftServerConfigKeys (ConfUtils.java:logGet(43)) - raft.server.log.queue.byte-limit = 2147483647 (custom)
2019-11-14 17:40:56,502 [pool-193-thread-1] INFO  segmented.SegmentedRaftLogWorker (SegmentedRaftLogWorker.java:lambda$new$0(128)) - b8551fbf-2c11-4c1f-914e-c2dd536d81a3@group-51996E38C70D-SegmentedRaftLogWorker: flushIndex: setUnconditionally 0 -> -1
2019-11-14 17:40:56,502 [pool-203-thread-1] INFO  server.RaftServerConfigKeys (ConfUtils.java:logGet(43)) - raft.server.log.queue.element-limit = 1024 (custom)
2019-11-14 17:40:56,502 [pool-183-thread-1] INFO  server.RaftServerConfigKeys (ConfUtils.java:logGet(43)) - raft.server.log.queue.element-limit = 1024 (custom)
2019-11-14 17:40:56,502 [pool-193-thread-1] INFO  server.RaftServerConfigKeys (ConfUtils.java:logGet(43)) - raft.server.snapshot.auto.trigger.enabled = true (custom)
2019-11-14 17:40:56,502 [pool-203-thread-1] INFO  server.RaftServerConfigKeys (ConfUtils.java:logGet(43)) - raft.server.log.segment.size.max = 1048576 (custom)
2019-11-14 17:40:56,503 [pool-193-thread-1] INFO  server.RaftServerConfigKeys (ConfUtils.java:logGet(43)) - raft.server.snapshot.auto.trigger.threshold = 10000 (custom)
2019-11-14 17:40:56,503 [pool-183-thread-1] INFO  server.RaftServerConfigKeys (ConfUtils.java:logGet(43)) - raft.server.log.segment.size.max = 1048576 (custom)
2019-11-14 17:40:56,503 [pool-193-thread-1] INFO  server.RaftServerConfigKeys (ConfUtils.java:logGet(43)) - raft.server.snapshot.retention.file.num = 5 (custom)
2019-11-14 17:40:56,503 [pool-203-thread-1] INFO  server.RaftServerConfigKeys (ConfUtils.java:logGet(43)) - raft.server.log.preallocated.size = 16384 (custom)
2019-11-14 17:40:56,503 [pool-193-thread-1] INFO  server.RaftServerConfigKeys (ConfUtils.java:logGet(43)) - raft.server.retrycache.expirytime = 600000ms (custom)
2019-11-14 17:40:56,503 [pool-183-thread-1] INFO  server.RaftServerConfigKeys (ConfUtils.java:logGet(43)) - raft.server.log.preallocated.size = 16384 (custom)
2019-11-14 17:40:56,504 [pool-193-thread-1] WARN  impl.MetricRegistriesImpl (MetricRegistriesImpl.java:lambda$create$1(61)) - First MetricRegistry has been created without registering reporters. You may need to call MetricRegistries.global().addReportRegistration(...) before.
2019-11-14 17:40:56,503 [pool-203-thread-1] INFO  server.RaftServerConfigKeys (ConfUtils.java:logGet(43)) - raft.server.log.write.buffer.size = 33554432 (custom)
2019-11-14 17:40:56,504 [pool-193-thread-1] WARN  impl.MetricRegistriesImpl (MetricRegistriesImpl.java:lambda$create$1(61)) - First MetricRegistry has been created without registering reporters. You may need to call MetricRegistries.global().addReportRegistration(...) before.
2019-11-14 17:40:56,504 [pool-183-thread-1] INFO  server.RaftServerConfigKeys (ConfUtils.java:logGet(43)) - raft.server.log.write.buffer.size = 33554432 (custom)
2019-11-14 17:40:56,504 [pool-193-thread-1] INFO  impl.RaftServerImpl (RaftServerImpl.java:start(184)) - b8551fbf-2c11-4c1f-914e-c2dd536d81a3@group-51996E38C70D: start as a follower, conf=-1: [71bec8dd-fabd-4ede-a8a1-a5a2039dbf17:192.168.157.194:34443, b8551fbf-2c11-4c1f-914e-c2dd536d81a3:192.168.157.194:42907, 90a583a1-bf80-46e7-94ec-70238bb9c970:192.168.157.194:35138], old=null
2019-11-14 17:40:56,504 [pool-203-thread-1] INFO  server.RaftServerConfigKeys (ConfUtils.java:logGet(43)) - raft.server.log.force.sync.num = 128 (default)
2019-11-14 17:40:56,504 [pool-193-thread-1] INFO  impl.RaftServerImpl (RaftServerImpl.java:setRole(173)) - b8551fbf-2c11-4c1f-914e-c2dd536d81a3@group-51996E38C70D: changes role from      null to FOLLOWER at term 0 for startAsFollower
2019-11-14 17:40:56,504 [pool-183-thread-1] INFO  server.RaftServerConfigKeys (ConfUtils.java:logGet(43)) - raft.server.log.force.sync.num = 128 (default)
2019-11-14 17:40:56,505 [pool-193-thread-1] INFO  impl.RoleInfo (RoleInfo.java:updateAndGet(143)) - b8551fbf-2c11-4c1f-914e-c2dd536d81a3: start FollowerState
2019-11-14 17:40:56,504 [pool-203-thread-1] INFO  server.RaftServerConfigKeys (ConfUtils.java:logGet(43)) - raft.server.log.statemachine.data.sync = true (default)
2019-11-14 17:40:56,505 [pool-183-thread-1] INFO  server.RaftServerConfigKeys (ConfUtils.java:logGet(43)) - raft.server.log.statemachine.data.sync = true (default)
2019-11-14 17:40:56,505 [pool-203-thread-1] INFO  server.RaftServerConfigKeys (ConfUtils.java:logGet(43)) - raft.server.log.statemachine.data.sync.timeout = 10s (default)
2019-11-14 17:40:56,505 [pool-193-thread-1] INFO  util.JmxRegister (JmxRegister.java:tryRegister(44)) - Successfully registered JMX Bean with object name Ratis:service=RaftServer,group=group-51996E38C70D,id=b8551fbf-2c11-4c1f-914e-c2dd536d81a3
2019-11-14 17:40:56,505 [pool-183-thread-1] INFO  server.RaftServerConfigKeys (ConfUtils.java:logGet(43)) - raft.server.log.statemachine.data.sync.timeout = 10s (default)
2019-11-14 17:40:56,505 [pool-193-thread-1] WARN  impl.MetricRegistriesImpl (MetricRegistriesImpl.java:lambda$create$1(61)) - First MetricRegistry has been created without registering reporters. You may need to call MetricRegistries.global().addReportRegistration(...) before.
2019-11-14 17:40:56,505 [pool-203-thread-1] INFO  server.RaftServerConfigKeys (ConfUtils.java:logGet(43)) - raft.server.log.statemachine.data.sync.timeout.retry = -1 (default)
2019-11-14 17:40:56,505 [pool-183-thread-1] INFO  server.RaftServerConfigKeys (ConfUtils.java:logGet(43)) - raft.server.log.statemachine.data.sync.timeout.retry = -1 (default)
2019-11-14 17:40:56,506 [pool-203-thread-1] INFO  server.RaftServerConfigKeys (ConfUtils.java:logGet(43)) - raft.server.log.statemachine.data.caching.enabled = true (custom)
2019-11-14 17:40:56,506 [pool-183-thread-1] INFO  server.RaftServerConfigKeys (ConfUtils.java:logGet(43)) - raft.server.log.statemachine.data.caching.enabled = true (custom)
2019-11-14 17:40:56,506 [pool-203-thread-1] INFO  segmented.SegmentedRaftLogWorker (SegmentedRaftLogWorker.java:lambda$new$0(128)) - 90a583a1-bf80-46e7-94ec-70238bb9c970@group-51996E38C70D-SegmentedRaftLogWorker: flushIndex: setUnconditionally 0 -> -1
2019-11-14 17:40:56,506 [pool-183-thread-1] INFO  segmented.SegmentedRaftLogWorker (SegmentedRaftLogWorker.java:lambda$new$0(128)) - 71bec8dd-fabd-4ede-a8a1-a5a2039dbf17@group-51996E38C70D-SegmentedRaftLogWorker: flushIndex: setUnconditionally 0 -> -1
2019-11-14 17:40:56,507 [pool-203-thread-1] INFO  server.RaftServerConfigKeys (ConfUtils.java:logGet(43)) - raft.server.snapshot.auto.trigger.enabled = true (custom)
2019-11-14 17:40:56,507 [pool-203-thread-1] INFO  server.RaftServerConfigKeys (ConfUtils.java:logGet(43)) - raft.server.snapshot.auto.trigger.threshold = 10000 (custom)
2019-11-14 17:40:56,507 [pool-183-thread-1] INFO  server.RaftServerConfigKeys (ConfUtils.java:logGet(43)) - raft.server.snapshot.auto.trigger.enabled = true (custom)
2019-11-14 17:40:56,507 [pool-203-thread-1] INFO  server.RaftServerConfigKeys (ConfUtils.java:logGet(43)) - raft.server.snapshot.retention.file.num = 5 (custom)
2019-11-14 17:40:56,507 [pool-183-thread-1] INFO  server.RaftServerConfigKeys (ConfUtils.java:logGet(43)) - raft.server.snapshot.auto.trigger.threshold = 10000 (custom)
2019-11-14 17:40:56,507 [pool-203-thread-1] INFO  server.RaftServerConfigKeys (ConfUtils.java:logGet(43)) - raft.server.retrycache.expirytime = 600000ms (custom)
2019-11-14 17:40:56,507 [pool-183-thread-1] INFO  server.RaftServerConfigKeys (ConfUtils.java:logGet(43)) - raft.server.snapshot.retention.file.num = 5 (custom)
2019-11-14 17:40:56,507 [pool-203-thread-1] WARN  impl.MetricRegistriesImpl (MetricRegistriesImpl.java:lambda$create$1(61)) - First MetricRegistry has been created without registering reporters. You may need to call MetricRegistries.global().addReportRegistration(...) before.
2019-11-14 17:40:56,507 [pool-183-thread-1] INFO  server.RaftServerConfigKeys (ConfUtils.java:logGet(43)) - raft.server.retrycache.expirytime = 600000ms (custom)
2019-11-14 17:40:56,508 [pool-203-thread-1] WARN  impl.MetricRegistriesImpl (MetricRegistriesImpl.java:lambda$create$1(61)) - First MetricRegistry has been created without registering reporters. You may need to call MetricRegistries.global().addReportRegistration(...) before.
2019-11-14 17:40:56,508 [pool-183-thread-1] WARN  impl.MetricRegistriesImpl (MetricRegistriesImpl.java:lambda$create$1(61)) - First MetricRegistry has been created without registering reporters. You may need to call MetricRegistries.global().addReportRegistration(...) before.
2019-11-14 17:40:56,508 [pool-203-thread-1] INFO  impl.RaftServerImpl (RaftServerImpl.java:start(184)) - 90a583a1-bf80-46e7-94ec-70238bb9c970@group-51996E38C70D: start as a follower, conf=-1: [71bec8dd-fabd-4ede-a8a1-a5a2039dbf17:192.168.157.194:34443, b8551fbf-2c11-4c1f-914e-c2dd536d81a3:192.168.157.194:42907, 90a583a1-bf80-46e7-94ec-70238bb9c970:192.168.157.194:35138], old=null
2019-11-14 17:40:56,508 [pool-183-thread-1] WARN  impl.MetricRegistriesImpl (MetricRegistriesImpl.java:lambda$create$1(61)) - First MetricRegistry has been created without registering reporters. You may need to call MetricRegistries.global().addReportRegistration(...) before.
2019-11-14 17:40:56,508 [pool-203-thread-1] INFO  impl.RaftServerImpl (RaftServerImpl.java:setRole(173)) - 90a583a1-bf80-46e7-94ec-70238bb9c970@group-51996E38C70D: changes role from      null to FOLLOWER at term 0 for startAsFollower
2019-11-14 17:40:56,508 [pool-183-thread-1] INFO  impl.RaftServerImpl (RaftServerImpl.java:start(184)) - 71bec8dd-fabd-4ede-a8a1-a5a2039dbf17@group-51996E38C70D: start as a follower, conf=-1: [71bec8dd-fabd-4ede-a8a1-a5a2039dbf17:192.168.157.194:34443, b8551fbf-2c11-4c1f-914e-c2dd536d81a3:192.168.157.194:42907, 90a583a1-bf80-46e7-94ec-70238bb9c970:192.168.157.194:35138], old=null
2019-11-14 17:40:56,508 [pool-203-thread-1] INFO  impl.RoleInfo (RoleInfo.java:updateAndGet(143)) - 90a583a1-bf80-46e7-94ec-70238bb9c970: start FollowerState
2019-11-14 17:40:56,508 [pool-183-thread-1] INFO  impl.RaftServerImpl (RaftServerImpl.java:setRole(173)) - 71bec8dd-fabd-4ede-a8a1-a5a2039dbf17@group-51996E38C70D: changes role from      null to FOLLOWER at term 0 for startAsFollower
2019-11-14 17:40:56,509 [pool-183-thread-1] INFO  impl.RoleInfo (RoleInfo.java:updateAndGet(143)) - 71bec8dd-fabd-4ede-a8a1-a5a2039dbf17: start FollowerState
2019-11-14 17:40:56,509 [pool-203-thread-1] INFO  util.JmxRegister (JmxRegister.java:tryRegister(44)) - Successfully registered JMX Bean with object name Ratis:service=RaftServer,group=group-51996E38C70D,id=90a583a1-bf80-46e7-94ec-70238bb9c970
2019-11-14 17:40:56,509 [pool-203-thread-1] WARN  impl.MetricRegistriesImpl (MetricRegistriesImpl.java:lambda$create$1(61)) - First MetricRegistry has been created without registering reporters. You may need to call MetricRegistries.global().addReportRegistration(...) before.
2019-11-14 17:40:56,509 [pool-183-thread-1] INFO  util.JmxRegister (JmxRegister.java:tryRegister(44)) - Successfully registered JMX Bean with object name Ratis:service=RaftServer,group=group-51996E38C70D,id=71bec8dd-fabd-4ede-a8a1-a5a2039dbf17
2019-11-14 17:40:56,509 [pool-183-thread-1] WARN  impl.MetricRegistriesImpl (MetricRegistriesImpl.java:lambda$create$1(61)) - First MetricRegistry has been created without registering reporters. You may need to call MetricRegistries.global().addReportRegistration(...) before.
2019-11-14 17:40:56,512 [RatisPipelineUtilsThread] INFO  pipeline.PipelineStateManager (PipelineStateManager.java:addPipeline(55)) - Created pipeline Pipeline[ Id: 09c220b9-9f2a-4acf-96de-51996e38c70d, Nodes: 90a583a1-bf80-46e7-94ec-70238bb9c970{ip: 192.168.157.194, host: pr-hdds-2482-j87dr-2776293630, networkLocation: /default-rack, certSerialId: null}71bec8dd-fabd-4ede-a8a1-a5a2039dbf17{ip: 192.168.157.194, host: pr-hdds-2482-j87dr-2776293630, networkLocation: /default-rack, certSerialId: null}b8551fbf-2c11-4c1f-914e-c2dd536d81a3{ip: 192.168.157.194, host: pr-hdds-2482-j87dr-2776293630, networkLocation: /default-rack, certSerialId: null}, Type:RATIS, Factor:THREE, State:ALLOCATED]
2019-11-14 17:40:56,513 [main] INFO  ozone.MiniOzoneClusterImpl (MiniOzoneClusterImpl.java:lambda$waitForClusterToBeReady$2(163)) - Waiting for 8 number of pipelines out of 8, to report a leader.
2019-11-14 17:40:56,995 [Thread-1447] INFO  impl.FollowerState (FollowerState.java:run(111)) - d20af944-8902-4729-9038-f1b3d5904c1c@group-6BBC389FFB49-FollowerState: change to CANDIDATE, lastRpcTime:1048ms, electionTimeout:1048ms
2019-11-14 17:40:56,995 [Thread-1447] INFO  impl.RoleInfo (RoleInfo.java:shutdownFollowerState(121)) - d20af944-8902-4729-9038-f1b3d5904c1c: shutdown FollowerState
2019-11-14 17:40:56,995 [Thread-1447] INFO  impl.RaftServerImpl (RaftServerImpl.java:setRole(173)) - d20af944-8902-4729-9038-f1b3d5904c1c@group-6BBC389FFB49: changes role from  FOLLOWER to CANDIDATE at term 0 for changeToCandidate
2019-11-14 17:40:56,995 [Thread-1447] INFO  impl.RoleInfo (RoleInfo.java:updateAndGet(143)) - d20af944-8902-4729-9038-f1b3d5904c1c: start LeaderElection
2019-11-14 17:40:57,018 [d20af944-8902-4729-9038-f1b3d5904c1c@group-6BBC389FFB49-LeaderElection70] INFO  impl.LeaderElection (LeaderElection.java:askForVotes(178)) - d20af944-8902-4729-9038-f1b3d5904c1c@group-6BBC389FFB49-LeaderElection70: begin an election at term 1 for -1: [d20af944-8902-4729-9038-f1b3d5904c1c:192.168.157.194:42191], old=null
2019-11-14 17:40:57,018 [d20af944-8902-4729-9038-f1b3d5904c1c@group-6BBC389FFB49-LeaderElection70] INFO  impl.RoleInfo (RoleInfo.java:shutdownLeaderElection(134)) - d20af944-8902-4729-9038-f1b3d5904c1c: shutdown LeaderElection
2019-11-14 17:40:57,018 [d20af944-8902-4729-9038-f1b3d5904c1c@group-6BBC389FFB49-LeaderElection70] INFO  impl.RaftServerImpl (RaftServerImpl.java:setRole(173)) - d20af944-8902-4729-9038-f1b3d5904c1c@group-6BBC389FFB49: changes role from CANDIDATE to LEADER at term 1 for changeToLeader
2019-11-14 17:40:57,019 [d20af944-8902-4729-9038-f1b3d5904c1c@group-6BBC389FFB49-LeaderElection70] INFO  ratis.XceiverServerRatis (XceiverServerRatis.java:handleLeaderChangedNotification(697)) - Leader change notification received for group: group-6BBC389FFB49 with new leaderId: d20af944-8902-4729-9038-f1b3d5904c1c
2019-11-14 17:40:57,019 [d20af944-8902-4729-9038-f1b3d5904c1c@group-6BBC389FFB49-LeaderElection70] INFO  impl.RaftServerImpl (ServerState.java:setLeader(255)) - d20af944-8902-4729-9038-f1b3d5904c1c@group-6BBC389FFB49: change Leader from null to d20af944-8902-4729-9038-f1b3d5904c1c at term 1 for becomeLeader, leader elected after 1078ms
2019-11-14 17:40:57,019 [d20af944-8902-4729-9038-f1b3d5904c1c@group-6BBC389FFB49-LeaderElection70] INFO  server.RaftServerConfigKeys (ConfUtils.java:logGet(43)) - raft.server.staging.catchup.gap = 1000 (default)
2019-11-14 17:40:57,019 [d20af944-8902-4729-9038-f1b3d5904c1c@group-6BBC389FFB49-LeaderElection70] INFO  server.RaftServerConfigKeys (ConfUtils.java:logGet(43)) - raft.server.rpc.sleep.time = 25ms (default)
2019-11-14 17:40:57,021 [d20af944-8902-4729-9038-f1b3d5904c1c@group-6BBC389FFB49-LeaderElection70] INFO  server.RaftServerConfigKeys (ConfUtils.java:logGet(43)) - raft.server.write.element-limit = 4096 (default)
2019-11-14 17:40:57,022 [d20af944-8902-4729-9038-f1b3d5904c1c@group-6BBC389FFB49-LeaderElection70] INFO  server.RaftServerConfigKeys (ConfUtils.java:logGet(43)) - raft.server.watch.timeout = 10s (default)
2019-11-14 17:40:57,022 [d20af944-8902-4729-9038-f1b3d5904c1c@group-6BBC389FFB49-LeaderElection70] INFO  server.RaftServerConfigKeys (ConfUtils.java:logGet(43)) - raft.server.watch.timeout.denomination = 1s (default)
2019-11-14 17:40:57,022 [d20af944-8902-4729-9038-f1b3d5904c1c@group-6BBC389FFB49-LeaderElection70] INFO  server.RaftServerConfigKeys (ConfUtils.java:logGet(43)) - raft.server.watch.element-limit = 65536 (default)
2019-11-14 17:40:57,022 [d20af944-8902-4729-9038-f1b3d5904c1c@group-6BBC389FFB49-LeaderElection70] INFO  impl.RoleInfo (RoleInfo.java:updateAndGet(143)) - d20af944-8902-4729-9038-f1b3d5904c1c: start LeaderState
2019-11-14 17:40:57,023 [d20af944-8902-4729-9038-f1b3d5904c1c@group-6BBC389FFB49-LeaderElection70] INFO  segmented.SegmentedRaftLogWorker (SegmentedRaftLogWorker.java:startLogSegment(385)) - d20af944-8902-4729-9038-f1b3d5904c1c@group-6BBC389FFB49-SegmentedRaftLogWorker: Starting segment from index:0
2019-11-14 17:40:57,023 [EventQueue-PipelineReportForPipelineReportHandler] INFO  pipeline.PipelineStateManager (PipelineStateManager.java:openPipeline(134)) - Pipeline Pipeline[ Id: ae8131e7-5671-4e4a-b256-6bbc389ffb49, Nodes: d20af944-8902-4729-9038-f1b3d5904c1c{ip: 192.168.157.194, host: pr-hdds-2482-j87dr-2776293630, networkLocation: /default-rack, certSerialId: null}, Type:RATIS, Factor:ONE, State:OPEN] moved to OPEN state
2019-11-14 17:40:57,023 [d20af944-8902-4729-9038-f1b3d5904c1c@group-6BBC389FFB49-LeaderElection70] INFO  impl.RaftServerImpl (ServerState.java:setRaftConf(356)) - d20af944-8902-4729-9038-f1b3d5904c1c@group-6BBC389FFB49: set configuration 0: [d20af944-8902-4729-9038-f1b3d5904c1c:192.168.157.194:42191], old=null at 0
2019-11-14 17:40:57,075 [d20af944-8902-4729-9038-f1b3d5904c1c@group-6BBC389FFB49-SegmentedRaftLogWorker] INFO  segmented.SegmentedRaftLogWorker (SegmentedRaftLogWorker.java:execute(576)) - d20af944-8902-4729-9038-f1b3d5904c1c@group-6BBC389FFB49-SegmentedRaftLogWorker: created new log segment /workdir/hadoop-ozone/integration-test/target/test-dir/MiniOzoneClusterImpl-30cd45ce-4337-4039-bf7d-2128eab36bad/datanode-0/data/ratis/ae8131e7-5671-4e4a-b256-6bbc389ffb49/current/log_inprogress_0
2019-11-14 17:40:57,146 [Thread-1453] INFO  impl.FollowerState (FollowerState.java:run(111)) - 85330d09-12c2-4b50-bc83-acecbbd5cc6d@group-90F92BFD46F7-FollowerState: change to CANDIDATE, lastRpcTime:1050ms, electionTimeout:1050ms
2019-11-14 17:40:57,146 [Thread-1453] INFO  impl.RoleInfo (RoleInfo.java:shutdownFollowerState(121)) - 85330d09-12c2-4b50-bc83-acecbbd5cc6d: shutdown FollowerState
2019-11-14 17:40:57,147 [Thread-1453] INFO  impl.RaftServerImpl (RaftServerImpl.java:setRole(173)) - 85330d09-12c2-4b50-bc83-acecbbd5cc6d@group-90F92BFD46F7: changes role from  FOLLOWER to CANDIDATE at term 0 for changeToCandidate
2019-11-14 17:40:57,147 [Thread-1453] INFO  impl.RoleInfo (RoleInfo.java:updateAndGet(143)) - 85330d09-12c2-4b50-bc83-acecbbd5cc6d: start LeaderElection
2019-11-14 17:40:57,167 [Thread-1450] INFO  impl.FollowerState (FollowerState.java:run(111)) - b1eef20d-d56e-4525-87fc-77ff197a940a@group-9111F72BDA9E-FollowerState: change to CANDIDATE, lastRpcTime:1148ms, electionTimeout:1148ms
2019-11-14 17:40:57,168 [Thread-1450] INFO  impl.RoleInfo (RoleInfo.java:shutdownFollowerState(121)) - b1eef20d-d56e-4525-87fc-77ff197a940a: shutdown FollowerState
2019-11-14 17:40:57,168 [Thread-1450] INFO  impl.RaftServerImpl (RaftServerImpl.java:setRole(173)) - b1eef20d-d56e-4525-87fc-77ff197a940a@group-9111F72BDA9E: changes role from  FOLLOWER to CANDIDATE at term 0 for changeToCandidate
2019-11-14 17:40:57,168 [Thread-1450] INFO  impl.RoleInfo (RoleInfo.java:updateAndGet(143)) - b1eef20d-d56e-4525-87fc-77ff197a940a: start LeaderElection
2019-11-14 17:40:57,175 [85330d09-12c2-4b50-bc83-acecbbd5cc6d@group-90F92BFD46F7-LeaderElection71] INFO  impl.LeaderElection (LeaderElection.java:askForVotes(178)) - 85330d09-12c2-4b50-bc83-acecbbd5cc6d@group-90F92BFD46F7-LeaderElection71: begin an election at term 1 for -1: [85330d09-12c2-4b50-bc83-acecbbd5cc6d:192.168.157.194:44898], old=null
2019-11-14 17:40:57,175 [85330d09-12c2-4b50-bc83-acecbbd5cc6d@group-90F92BFD46F7-LeaderElection71] INFO  impl.RoleInfo (RoleInfo.java:shutdownLeaderElection(134)) - 85330d09-12c2-4b50-bc83-acecbbd5cc6d: shutdown LeaderElection
2019-11-14 17:40:57,175 [85330d09-12c2-4b50-bc83-acecbbd5cc6d@group-90F92BFD46F7-LeaderElection71] INFO  impl.RaftServerImpl (RaftServerImpl.java:setRole(173)) - 85330d09-12c2-4b50-bc83-acecbbd5cc6d@group-90F92BFD46F7: changes role from CANDIDATE to LEADER at term 1 for changeToLeader
2019-11-14 17:40:57,175 [85330d09-12c2-4b50-bc83-acecbbd5cc6d@group-90F92BFD46F7-LeaderElection71] INFO  ratis.XceiverServerRatis (XceiverServerRatis.java:handleLeaderChangedNotification(697)) - Leader change notification received for group: group-90F92BFD46F7 with new leaderId: 85330d09-12c2-4b50-bc83-acecbbd5cc6d
2019-11-14 17:40:57,176 [85330d09-12c2-4b50-bc83-acecbbd5cc6d@group-90F92BFD46F7-LeaderElection71] INFO  impl.RaftServerImpl (ServerState.java:setLeader(255)) - 85330d09-12c2-4b50-bc83-acecbbd5cc6d@group-90F92BFD46F7: change Leader from null to 85330d09-12c2-4b50-bc83-acecbbd5cc6d at term 1 for becomeLeader, leader elected after 1083ms
2019-11-14 17:40:57,176 [85330d09-12c2-4b50-bc83-acecbbd5cc6d@group-90F92BFD46F7-LeaderElection71] INFO  server.RaftServerConfigKeys (ConfUtils.java:logGet(43)) - raft.server.staging.catchup.gap = 1000 (default)
2019-11-14 17:40:57,176 [85330d09-12c2-4b50-bc83-acecbbd5cc6d@group-90F92BFD46F7-LeaderElection71] INFO  server.RaftServerConfigKeys (ConfUtils.java:logGet(43)) - raft.server.rpc.sleep.time = 25ms (default)
2019-11-14 17:40:57,177 [85330d09-12c2-4b50-bc83-acecbbd5cc6d@group-90F92BFD46F7-LeaderElection71] INFO  server.RaftServerConfigKeys (ConfUtils.java:logGet(43)) - raft.server.write.element-limit = 4096 (default)
2019-11-14 17:40:57,178 [85330d09-12c2-4b50-bc83-acecbbd5cc6d@group-90F92BFD46F7-LeaderElection71] INFO  server.RaftServerConfigKeys (ConfUtils.java:logGet(43)) - raft.server.watch.timeout = 10s (default)
2019-11-14 17:40:57,178 [85330d09-12c2-4b50-bc83-acecbbd5cc6d@group-90F92BFD46F7-LeaderElection71] INFO  server.RaftServerConfigKeys (ConfUtils.java:logGet(43)) - raft.server.watch.timeout.denomination = 1s (default)
2019-11-14 17:40:57,178 [85330d09-12c2-4b50-bc83-acecbbd5cc6d@group-90F92BFD46F7-LeaderElection71] INFO  server.RaftServerConfigKeys (ConfUtils.java:logGet(43)) - raft.server.watch.element-limit = 65536 (default)
2019-11-14 17:40:57,178 [85330d09-12c2-4b50-bc83-acecbbd5cc6d@group-90F92BFD46F7-LeaderElection71] INFO  impl.RoleInfo (RoleInfo.java:updateAndGet(143)) - 85330d09-12c2-4b50-bc83-acecbbd5cc6d: start LeaderState
2019-11-14 17:40:57,178 [85330d09-12c2-4b50-bc83-acecbbd5cc6d@group-90F92BFD46F7-LeaderElection71] INFO  segmented.SegmentedRaftLogWorker (SegmentedRaftLogWorker.java:startLogSegment(385)) - 85330d09-12c2-4b50-bc83-acecbbd5cc6d@group-90F92BFD46F7-SegmentedRaftLogWorker: Starting segment from index:0
2019-11-14 17:40:57,179 [85330d09-12c2-4b50-bc83-acecbbd5cc6d@group-90F92BFD46F7-LeaderElection71] INFO  impl.RaftServerImpl (ServerState.java:setRaftConf(356)) - 85330d09-12c2-4b50-bc83-acecbbd5cc6d@group-90F92BFD46F7: set configuration 0: [85330d09-12c2-4b50-bc83-acecbbd5cc6d:192.168.157.194:44898], old=null at 0
2019-11-14 17:40:57,179 [EventQueue-PipelineReportForPipelineReportHandler] INFO  pipeline.PipelineStateManager (PipelineStateManager.java:openPipeline(134)) - Pipeline Pipeline[ Id: d4fb63b5-64da-4e4c-b5ee-90f92bfd46f7, Nodes: 85330d09-12c2-4b50-bc83-acecbbd5cc6d{ip: 192.168.157.194, host: pr-hdds-2482-j87dr-2776293630, networkLocation: /default-rack, certSerialId: null}, Type:RATIS, Factor:ONE, State:OPEN] moved to OPEN state
2019-11-14 17:40:57,196 [b1eef20d-d56e-4525-87fc-77ff197a940a@group-9111F72BDA9E-LeaderElection72] INFO  impl.LeaderElection (LeaderElection.java:askForVotes(178)) - b1eef20d-d56e-4525-87fc-77ff197a940a@group-9111F72BDA9E-LeaderElection72: begin an election at term 1 for -1: [b1eef20d-d56e-4525-87fc-77ff197a940a:192.168.157.194:38023], old=null
2019-11-14 17:40:57,196 [b1eef20d-d56e-4525-87fc-77ff197a940a@group-9111F72BDA9E-LeaderElection72] INFO  impl.RoleInfo (RoleInfo.java:shutdownLeaderElection(134)) - b1eef20d-d56e-4525-87fc-77ff197a940a: shutdown LeaderElection
2019-11-14 17:40:57,196 [b1eef20d-d56e-4525-87fc-77ff197a940a@group-9111F72BDA9E-LeaderElection72] INFO  impl.RaftServerImpl (RaftServerImpl.java:setRole(173)) - b1eef20d-d56e-4525-87fc-77ff197a940a@group-9111F72BDA9E: changes role from CANDIDATE to LEADER at term 1 for changeToLeader
2019-11-14 17:40:57,196 [b1eef20d-d56e-4525-87fc-77ff197a940a@group-9111F72BDA9E-LeaderElection72] INFO  ratis.XceiverServerRatis (XceiverServerRatis.java:handleLeaderChangedNotification(697)) - Leader change notification received for group: group-9111F72BDA9E with new leaderId: b1eef20d-d56e-4525-87fc-77ff197a940a
2019-11-14 17:40:57,197 [b1eef20d-d56e-4525-87fc-77ff197a940a@group-9111F72BDA9E-LeaderElection72] INFO  impl.RaftServerImpl (ServerState.java:setLeader(255)) - b1eef20d-d56e-4525-87fc-77ff197a940a@group-9111F72BDA9E: change Leader from null to b1eef20d-d56e-4525-87fc-77ff197a940a at term 1 for becomeLeader, leader elected after 1180ms
2019-11-14 17:40:57,197 [b1eef20d-d56e-4525-87fc-77ff197a940a@group-9111F72BDA9E-LeaderElection72] INFO  server.RaftServerConfigKeys (ConfUtils.java:logGet(43)) - raft.server.staging.catchup.gap = 1000 (default)
2019-11-14 17:40:57,197 [b1eef20d-d56e-4525-87fc-77ff197a940a@group-9111F72BDA9E-LeaderElection72] INFO  server.RaftServerConfigKeys (ConfUtils.java:logGet(43)) - raft.server.rpc.sleep.time = 25ms (default)
2019-11-14 17:40:57,211 [b1eef20d-d56e-4525-87fc-77ff197a940a@group-9111F72BDA9E-LeaderElection72] INFO  server.RaftServerConfigKeys (ConfUtils.java:logGet(43)) - raft.server.write.element-limit = 4096 (default)
2019-11-14 17:40:57,212 [b1eef20d-d56e-4525-87fc-77ff197a940a@group-9111F72BDA9E-LeaderElection72] INFO  server.RaftServerConfigKeys (ConfUtils.java:logGet(43)) - raft.server.watch.timeout = 10s (default)
2019-11-14 17:40:57,212 [b1eef20d-d56e-4525-87fc-77ff197a940a@group-9111F72BDA9E-LeaderElection72] INFO  server.RaftServerConfigKeys (ConfUtils.java:logGet(43)) - raft.server.watch.timeout.denomination = 1s (default)
2019-11-14 17:40:57,212 [b1eef20d-d56e-4525-87fc-77ff197a940a@group-9111F72BDA9E-LeaderElection72] INFO  server.RaftServerConfigKeys (ConfUtils.java:logGet(43)) - raft.server.watch.element-limit = 65536 (default)
2019-11-14 17:40:57,212 [b1eef20d-d56e-4525-87fc-77ff197a940a@group-9111F72BDA9E-LeaderElection72] INFO  impl.RoleInfo (RoleInfo.java:updateAndGet(143)) - b1eef20d-d56e-4525-87fc-77ff197a940a: start LeaderState
2019-11-14 17:40:57,212 [EventQueue-PipelineReportForPipelineReportHandler] INFO  pipeline.PipelineStateManager (PipelineStateManager.java:openPipeline(134)) - Pipeline Pipeline[ Id: 1d9a4b72-fa4b-4347-907b-9111f72bda9e, Nodes: b1eef20d-d56e-4525-87fc-77ff197a940a{ip: 192.168.157.194, host: pr-hdds-2482-j87dr-2776293630, networkLocation: /default-rack, certSerialId: null}, Type:RATIS, Factor:ONE, State:OPEN] moved to OPEN state
2019-11-14 17:40:57,212 [b1eef20d-d56e-4525-87fc-77ff197a940a@group-9111F72BDA9E-LeaderElection72] INFO  segmented.SegmentedRaftLogWorker (SegmentedRaftLogWorker.java:startLogSegment(385)) - b1eef20d-d56e-4525-87fc-77ff197a940a@group-9111F72BDA9E-SegmentedRaftLogWorker: Starting segment from index:0
2019-11-14 17:40:57,213 [b1eef20d-d56e-4525-87fc-77ff197a940a@group-9111F72BDA9E-LeaderElection72] INFO  impl.RaftServerImpl (ServerState.java:setRaftConf(356)) - b1eef20d-d56e-4525-87fc-77ff197a940a@group-9111F72BDA9E: set configuration 0: [b1eef20d-d56e-4525-87fc-77ff197a940a:192.168.157.194:38023], old=null at 0
2019-11-14 17:40:57,227 [Thread-1460] INFO  impl.FollowerState (FollowerState.java:run(111)) - b1eef20d-d56e-4525-87fc-77ff197a940a@group-5106DD31A981-FollowerState: change to CANDIDATE, lastRpcTime:1055ms, electionTimeout:1055ms
2019-11-14 17:40:57,227 [Thread-1460] INFO  impl.RoleInfo (RoleInfo.java:shutdownFollowerState(121)) - b1eef20d-d56e-4525-87fc-77ff197a940a: shutdown FollowerState
2019-11-14 17:40:57,227 [Thread-1460] INFO  impl.RaftServerImpl (RaftServerImpl.java:setRole(173)) - b1eef20d-d56e-4525-87fc-77ff197a940a@group-5106DD31A981: changes role from  FOLLOWER to CANDIDATE at term 0 for changeToCandidate
2019-11-14 17:40:57,227 [Thread-1460] INFO  impl.RoleInfo (RoleInfo.java:updateAndGet(143)) - b1eef20d-d56e-4525-87fc-77ff197a940a: start LeaderElection
2019-11-14 17:40:57,246 [85330d09-12c2-4b50-bc83-acecbbd5cc6d@group-90F92BFD46F7-SegmentedRaftLogWorker] INFO  segmented.SegmentedRaftLogWorker (SegmentedRaftLogWorker.java:execute(576)) - 85330d09-12c2-4b50-bc83-acecbbd5cc6d@group-90F92BFD46F7-SegmentedRaftLogWorker: created new log segment /workdir/hadoop-ozone/integration-test/target/test-dir/MiniOzoneClusterImpl-30cd45ce-4337-4039-bf7d-2128eab36bad/datanode-2/data/ratis/d4fb63b5-64da-4e4c-b5ee-90f92bfd46f7/current/log_inprogress_0
2019-11-14 17:40:57,268 [b1eef20d-d56e-4525-87fc-77ff197a940a@group-9111F72BDA9E-SegmentedRaftLogWorker] INFO  segmented.SegmentedRaftLogWorker (SegmentedRaftLogWorker.java:execute(576)) - b1eef20d-d56e-4525-87fc-77ff197a940a@group-9111F72BDA9E-SegmentedRaftLogWorker: created new log segment /workdir/hadoop-ozone/integration-test/target/test-dir/MiniOzoneClusterImpl-30cd45ce-4337-4039-bf7d-2128eab36bad/datanode-1/data/ratis/1d9a4b72-fa4b-4347-907b-9111f72bda9e/current/log_inprogress_0
2019-11-14 17:40:57,269 [b1eef20d-d56e-4525-87fc-77ff197a940a@group-5106DD31A981-LeaderElection73] INFO  impl.LeaderElection (LeaderElection.java:askForVotes(178)) - b1eef20d-d56e-4525-87fc-77ff197a940a@group-5106DD31A981-LeaderElection73: begin an election at term 1 for -1: [b1eef20d-d56e-4525-87fc-77ff197a940a:192.168.157.194:38023, 85330d09-12c2-4b50-bc83-acecbbd5cc6d:192.168.157.194:44898, d20af944-8902-4729-9038-f1b3d5904c1c:192.168.157.194:42191], old=null
2019-11-14 17:40:57,275 [grpc-default-executor-2] INFO  impl.RaftServerImpl (RaftServerImpl.java:setRole(173)) - d20af944-8902-4729-9038-f1b3d5904c1c@group-5106DD31A981: changes role from  FOLLOWER to FOLLOWER at term 1 for recognizeCandidate:b1eef20d-d56e-4525-87fc-77ff197a940a
2019-11-14 17:40:57,275 [grpc-default-executor-4] INFO  impl.RaftServerImpl (RaftServerImpl.java:setRole(173)) - 85330d09-12c2-4b50-bc83-acecbbd5cc6d@group-5106DD31A981: changes role from  FOLLOWER to FOLLOWER at term 1 for recognizeCandidate:b1eef20d-d56e-4525-87fc-77ff197a940a
2019-11-14 17:40:57,276 [grpc-default-executor-2] INFO  impl.RoleInfo (RoleInfo.java:shutdownFollowerState(121)) - d20af944-8902-4729-9038-f1b3d5904c1c: shutdown FollowerState
2019-11-14 17:40:57,276 [grpc-default-executor-4] INFO  impl.RoleInfo (RoleInfo.java:shutdownFollowerState(121)) - 85330d09-12c2-4b50-bc83-acecbbd5cc6d: shutdown FollowerState
2019-11-14 17:40:57,276 [grpc-default-executor-2] INFO  impl.RoleInfo (RoleInfo.java:updateAndGet(143)) - d20af944-8902-4729-9038-f1b3d5904c1c: start FollowerState
2019-11-14 17:40:57,276 [Thread-1456] INFO  impl.FollowerState (FollowerState.java:run(120)) - d20af944-8902-4729-9038-f1b3d5904c1c@group-5106DD31A981-FollowerState was interrupted: java.lang.InterruptedException: sleep interrupted
2019-11-14 17:40:57,276 [Thread-1461] INFO  impl.FollowerState (FollowerState.java:run(120)) - 85330d09-12c2-4b50-bc83-acecbbd5cc6d@group-5106DD31A981-FollowerState was interrupted: java.lang.InterruptedException: sleep interrupted
2019-11-14 17:40:57,276 [grpc-default-executor-4] INFO  impl.RoleInfo (RoleInfo.java:updateAndGet(143)) - 85330d09-12c2-4b50-bc83-acecbbd5cc6d: start FollowerState
2019-11-14 17:40:57,303 [b1eef20d-d56e-4525-87fc-77ff197a940a@group-5106DD31A981-LeaderElection73] INFO  impl.LeaderElection (LeaderElection.java:logAndReturn(56)) - b1eef20d-d56e-4525-87fc-77ff197a940a@group-5106DD31A981-LeaderElection73: Election PASSED; received 1 response(s) [b1eef20d-d56e-4525-87fc-77ff197a940a<-85330d09-12c2-4b50-bc83-acecbbd5cc6d#0:OK-t1] and 0 exception(s); b1eef20d-d56e-4525-87fc-77ff197a940a@group-5106DD31A981:t1, leader=null, voted=b1eef20d-d56e-4525-87fc-77ff197a940a, raftlog=b1eef20d-d56e-4525-87fc-77ff197a940a@group-5106DD31A981-SegmentedRaftLog:OPENED:c-1,f-1,i0, conf=-1: [b1eef20d-d56e-4525-87fc-77ff197a940a:192.168.157.194:38023, 85330d09-12c2-4b50-bc83-acecbbd5cc6d:192.168.157.194:44898, d20af944-8902-4729-9038-f1b3d5904c1c:192.168.157.194:42191], old=null
2019-11-14 17:40:57,304 [b1eef20d-d56e-4525-87fc-77ff197a940a@group-5106DD31A981-LeaderElection73] INFO  impl.RoleInfo (RoleInfo.java:shutdownLeaderElection(134)) - b1eef20d-d56e-4525-87fc-77ff197a940a: shutdown LeaderElection
2019-11-14 17:40:57,304 [b1eef20d-d56e-4525-87fc-77ff197a940a@group-5106DD31A981-LeaderElection73] INFO  impl.RaftServerImpl (RaftServerImpl.java:setRole(173)) - b1eef20d-d56e-4525-87fc-77ff197a940a@group-5106DD31A981: changes role from CANDIDATE to LEADER at term 1 for changeToLeader
2019-11-14 17:40:57,304 [b1eef20d-d56e-4525-87fc-77ff197a940a@group-5106DD31A981-LeaderElection73] INFO  ratis.XceiverServerRatis (XceiverServerRatis.java:handleLeaderChangedNotification(697)) - Leader change notification received for group: group-5106DD31A981 with new leaderId: b1eef20d-d56e-4525-87fc-77ff197a940a
2019-11-14 17:40:57,304 [b1eef20d-d56e-4525-87fc-77ff197a940a@group-5106DD31A981-LeaderElection73] INFO  impl.RaftServerImpl (ServerState.java:setLeader(255)) - b1eef20d-d56e-4525-87fc-77ff197a940a@group-5106DD31A981: change Leader from null to b1eef20d-d56e-4525-87fc-77ff197a940a at term 1 for becomeLeader, leader elected after 1144ms
2019-11-14 17:40:57,304 [b1eef20d-d56e-4525-87fc-77ff197a940a@group-5106DD31A981-LeaderElection73] INFO  server.RaftServerConfigKeys (ConfUtils.java:logGet(43)) - raft.server.staging.catchup.gap = 1000 (default)
2019-11-14 17:40:57,304 [b1eef20d-d56e-4525-87fc-77ff197a940a@group-5106DD31A981-LeaderElection73] INFO  server.RaftServerConfigKeys (ConfUtils.java:logGet(43)) - raft.server.rpc.sleep.time = 25ms (default)
2019-11-14 17:40:57,305 [b1eef20d-d56e-4525-87fc-77ff197a940a@group-5106DD31A981-LeaderElection73] INFO  server.RaftServerConfigKeys (ConfUtils.java:logGet(43)) - raft.server.write.element-limit = 4096 (default)
2019-11-14 17:40:57,305 [b1eef20d-d56e-4525-87fc-77ff197a940a@group-5106DD31A981-LeaderElection73] INFO  server.RaftServerConfigKeys (ConfUtils.java:logGet(43)) - raft.server.watch.timeout = 10s (default)
2019-11-14 17:40:57,305 [b1eef20d-d56e-4525-87fc-77ff197a940a@group-5106DD31A981-LeaderElection73] INFO  server.RaftServerConfigKeys (ConfUtils.java:logGet(43)) - raft.server.watch.timeout.denomination = 1s (default)
2019-11-14 17:40:57,305 [b1eef20d-d56e-4525-87fc-77ff197a940a@group-5106DD31A981-LeaderElection73] INFO  server.RaftServerConfigKeys (ConfUtils.java:logGet(43)) - raft.server.watch.element-limit = 65536 (default)
2019-11-14 17:40:57,305 [b1eef20d-d56e-4525-87fc-77ff197a940a@group-5106DD31A981-LeaderElection73] INFO  server.RaftServerConfigKeys (ConfUtils.java:logGet(43)) - raft.server.log.appender.snapshot.chunk.size.max = 16MB (=16777216) (default)
2019-11-14 17:40:57,305 [EventQueue-PipelineReportForPipelineReportHandler] INFO  pipeline.PipelineStateManager (PipelineStateManager.java:openPipeline(134)) - Pipeline Pipeline[ Id: 92c5c384-88a1-4b68-bd3a-5106dd31a981, Nodes: d20af944-8902-4729-9038-f1b3d5904c1c{ip: 192.168.157.194, host: pr-hdds-2482-j87dr-2776293630, networkLocation: /default-rack, certSerialId: null}b1eef20d-d56e-4525-87fc-77ff197a940a{ip: 192.168.157.194, host: pr-hdds-2482-j87dr-2776293630, networkLocation: /default-rack, certSerialId: null}85330d09-12c2-4b50-bc83-acecbbd5cc6d{ip: 192.168.157.194, host: pr-hdds-2482-j87dr-2776293630, networkLocation: /default-rack, certSerialId: null}, Type:RATIS, Factor:THREE, State:OPEN] moved to OPEN state
2019-11-14 17:40:57,306 [b1eef20d-d56e-4525-87fc-77ff197a940a@group-5106DD31A981-LeaderElection73] INFO  server.RaftServerConfigKeys (ConfUtils.java:logGet(43)) - raft.server.log.appender.buffer.byte-limit = 33554432 (custom)
2019-11-14 17:40:57,306 [b1eef20d-d56e-4525-87fc-77ff197a940a@group-5106DD31A981-LeaderElection73] INFO  server.RaftServerConfigKeys (ConfUtils.java:logGet(43)) - raft.server.log.appender.buffer.element-limit = 1 (custom)
2019-11-14 17:40:57,306 [b1eef20d-d56e-4525-87fc-77ff197a940a@group-5106DD31A981-LeaderElection73] INFO  grpc.GrpcConfigKeys$Server (ConfUtils.java:logGet(43)) - raft.grpc.server.leader.outstanding.appends.max = 128 (default)
2019-11-14 17:40:57,307 [b1eef20d-d56e-4525-87fc-77ff197a940a@group-5106DD31A981-LeaderElection73] INFO  server.RaftServerConfigKeys (ConfUtils.java:logGet(43)) - raft.server.rpc.request.timeout = 3000ms (default)
2019-11-14 17:40:57,307 [b1eef20d-d56e-4525-87fc-77ff197a940a@group-5106DD31A981-LeaderElection73] INFO  server.RaftServerConfigKeys (ConfUtils.java:logGet(43)) - raft.server.log.appender.install.snapshot.enabled = false (custom)
2019-11-14 17:40:57,307 [b1eef20d-d56e-4525-87fc-77ff197a940a@group-5106DD31A981-LeaderElection73] WARN  impl.MetricRegistriesImpl (MetricRegistriesImpl.java:lambda$create$1(61)) - First MetricRegistry has been created without registering reporters. You may need to call MetricRegistries.global().addReportRegistration(...) before.
2019-11-14 17:40:57,307 [b1eef20d-d56e-4525-87fc-77ff197a940a@group-5106DD31A981-LeaderElection73] INFO  server.RaftServerConfigKeys (ConfUtils.java:logGet(43)) - raft.server.log.appender.snapshot.chunk.size.max = 16MB (=16777216) (default)
2019-11-14 17:40:57,307 [b1eef20d-d56e-4525-87fc-77ff197a940a@group-5106DD31A981-LeaderElection73] INFO  server.RaftServerConfigKeys (ConfUtils.java:logGet(43)) - raft.server.log.appender.buffer.byte-limit = 33554432 (custom)
2019-11-14 17:40:57,307 [b1eef20d-d56e-4525-87fc-77ff197a940a@group-5106DD31A981-LeaderElection73] INFO  server.RaftServerConfigKeys (ConfUtils.java:logGet(43)) - raft.server.log.appender.buffer.element-limit = 1 (custom)
2019-11-14 17:40:57,308 [b1eef20d-d56e-4525-87fc-77ff197a940a@group-5106DD31A981-LeaderElection73] INFO  grpc.GrpcConfigKeys$Server (ConfUtils.java:logGet(43)) - raft.grpc.server.leader.outstanding.appends.max = 128 (default)
2019-11-14 17:40:57,308 [b1eef20d-d56e-4525-87fc-77ff197a940a@group-5106DD31A981-LeaderElection73] INFO  server.RaftServerConfigKeys (ConfUtils.java:logGet(43)) - raft.server.rpc.request.timeout = 3000ms (default)
2019-11-14 17:40:57,308 [b1eef20d-d56e-4525-87fc-77ff197a940a@group-5106DD31A981-LeaderElection73] INFO  server.RaftServerConfigKeys (ConfUtils.java:logGet(43)) - raft.server.log.appender.install.snapshot.enabled = false (custom)
2019-11-14 17:40:57,308 [b1eef20d-d56e-4525-87fc-77ff197a940a@group-5106DD31A981-LeaderElection73] INFO  impl.RoleInfo (RoleInfo.java:updateAndGet(143)) - b1eef20d-d56e-4525-87fc-77ff197a940a: start LeaderState
2019-11-14 17:40:57,309 [b1eef20d-d56e-4525-87fc-77ff197a940a@group-5106DD31A981-LeaderElection73] INFO  segmented.SegmentedRaftLogWorker (SegmentedRaftLogWorker.java:startLogSegment(385)) - b1eef20d-d56e-4525-87fc-77ff197a940a@group-5106DD31A981-SegmentedRaftLogWorker: Starting segment from index:0
2019-11-14 17:40:57,309 [b1eef20d-d56e-4525-87fc-77ff197a940a@group-5106DD31A981-LeaderElection73] INFO  impl.RaftServerImpl (ServerState.java:setRaftConf(356)) - b1eef20d-d56e-4525-87fc-77ff197a940a@group-5106DD31A981: set configuration 0: [b1eef20d-d56e-4525-87fc-77ff197a940a:192.168.157.194:38023, 85330d09-12c2-4b50-bc83-acecbbd5cc6d:192.168.157.194:44898, d20af944-8902-4729-9038-f1b3d5904c1c:192.168.157.194:42191], old=null at 0
2019-11-14 17:40:57,344 [grpc-default-executor-4] INFO  ratis.XceiverServerRatis (XceiverServerRatis.java:handleLeaderChangedNotification(697)) - Leader change notification received for group: group-5106DD31A981 with new leaderId: b1eef20d-d56e-4525-87fc-77ff197a940a
2019-11-14 17:40:57,344 [grpc-default-executor-4] INFO  impl.RaftServerImpl (ServerState.java:setLeader(255)) - d20af944-8902-4729-9038-f1b3d5904c1c@group-5106DD31A981: change Leader from null to b1eef20d-d56e-4525-87fc-77ff197a940a at term 1 for appendEntries, leader elected after 1183ms
2019-11-14 17:40:57,344 [grpc-default-executor-2] INFO  ratis.XceiverServerRatis (XceiverServerRatis.java:handleLeaderChangedNotification(697)) - Leader change notification received for group: group-5106DD31A981 with new leaderId: b1eef20d-d56e-4525-87fc-77ff197a940a
2019-11-14 17:40:57,345 [grpc-default-executor-2] INFO  impl.RaftServerImpl (ServerState.java:setLeader(255)) - 85330d09-12c2-4b50-bc83-acecbbd5cc6d@group-5106DD31A981: change Leader from null to b1eef20d-d56e-4525-87fc-77ff197a940a at term 1 for appendEntries, leader elected after 1183ms
2019-11-14 17:40:57,347 [grpc-default-executor-2] INFO  impl.RaftServerImpl (ServerState.java:setRaftConf(356)) - d20af944-8902-4729-9038-f1b3d5904c1c@group-5106DD31A981: set configuration 0: [b1eef20d-d56e-4525-87fc-77ff197a940a:192.168.157.194:38023, 85330d09-12c2-4b50-bc83-acecbbd5cc6d:192.168.157.194:44898, d20af944-8902-4729-9038-f1b3d5904c1c:192.168.157.194:42191], old=null at 0
2019-11-14 17:40:57,347 [grpc-default-executor-4] INFO  impl.RaftServerImpl (ServerState.java:setRaftConf(356)) - 85330d09-12c2-4b50-bc83-acecbbd5cc6d@group-5106DD31A981: set configuration 0: [b1eef20d-d56e-4525-87fc-77ff197a940a:192.168.157.194:38023, 85330d09-12c2-4b50-bc83-acecbbd5cc6d:192.168.157.194:44898, d20af944-8902-4729-9038-f1b3d5904c1c:192.168.157.194:42191], old=null at 0
2019-11-14 17:40:57,347 [grpc-default-executor-2] INFO  segmented.SegmentedRaftLogWorker (SegmentedRaftLogWorker.java:startLogSegment(385)) - d20af944-8902-4729-9038-f1b3d5904c1c@group-5106DD31A981-SegmentedRaftLogWorker: Starting segment from index:0
2019-11-14 17:40:57,347 [grpc-default-executor-4] INFO  segmented.SegmentedRaftLogWorker (SegmentedRaftLogWorker.java:startLogSegment(385)) - 85330d09-12c2-4b50-bc83-acecbbd5cc6d@group-5106DD31A981-SegmentedRaftLogWorker: Starting segment from index:0
2019-11-14 17:40:57,366 [b1eef20d-d56e-4525-87fc-77ff197a940a@group-5106DD31A981-SegmentedRaftLogWorker] INFO  segmented.SegmentedRaftLogWorker (SegmentedRaftLogWorker.java:execute(576)) - b1eef20d-d56e-4525-87fc-77ff197a940a@group-5106DD31A981-SegmentedRaftLogWorker: created new log segment /workdir/hadoop-ozone/integration-test/target/test-dir/MiniOzoneClusterImpl-30cd45ce-4337-4039-bf7d-2128eab36bad/datanode-1/data/ratis/92c5c384-88a1-4b68-bd3a-5106dd31a981/current/log_inprogress_0
2019-11-14 17:40:57,403 [85330d09-12c2-4b50-bc83-acecbbd5cc6d@group-5106DD31A981-SegmentedRaftLogWorker] INFO  segmented.SegmentedRaftLogWorker (SegmentedRaftLogWorker.java:execute(576)) - 85330d09-12c2-4b50-bc83-acecbbd5cc6d@group-5106DD31A981-SegmentedRaftLogWorker: created new log segment /workdir/hadoop-ozone/integration-test/target/test-dir/MiniOzoneClusterImpl-30cd45ce-4337-4039-bf7d-2128eab36bad/datanode-2/data/ratis/92c5c384-88a1-4b68-bd3a-5106dd31a981/current/log_inprogress_0
2019-11-14 17:40:57,403 [d20af944-8902-4729-9038-f1b3d5904c1c@group-5106DD31A981-SegmentedRaftLogWorker] INFO  segmented.SegmentedRaftLogWorker (SegmentedRaftLogWorker.java:execute(576)) - d20af944-8902-4729-9038-f1b3d5904c1c@group-5106DD31A981-SegmentedRaftLogWorker: created new log segment /workdir/hadoop-ozone/integration-test/target/test-dir/MiniOzoneClusterImpl-30cd45ce-4337-4039-bf7d-2128eab36bad/datanode-0/data/ratis/92c5c384-88a1-4b68-bd3a-5106dd31a981/current/log_inprogress_0
2019-11-14 17:40:57,478 [Thread-1465] INFO  impl.FollowerState (FollowerState.java:run(111)) - 71bec8dd-fabd-4ede-a8a1-a5a2039dbf17@group-207949302BE2-FollowerState: change to CANDIDATE, lastRpcTime:1188ms, electionTimeout:1188ms
2019-11-14 17:40:57,479 [Thread-1465] INFO  impl.RoleInfo (RoleInfo.java:shutdownFollowerState(121)) - 71bec8dd-fabd-4ede-a8a1-a5a2039dbf17: shutdown FollowerState
2019-11-14 17:40:57,479 [Thread-1465] INFO  impl.RaftServerImpl (RaftServerImpl.java:setRole(173)) - 71bec8dd-fabd-4ede-a8a1-a5a2039dbf17@group-207949302BE2: changes role from  FOLLOWER to CANDIDATE at term 0 for changeToCandidate
2019-11-14 17:40:57,479 [Thread-1465] INFO  impl.RoleInfo (RoleInfo.java:updateAndGet(143)) - 71bec8dd-fabd-4ede-a8a1-a5a2039dbf17: start LeaderElection
2019-11-14 17:40:57,513 [main] INFO  ozone.MiniOzoneClusterImpl (MiniOzoneClusterImpl.java:lambda$waitForClusterToBeReady$2(163)) - Waiting for 4 number of pipelines out of 8, to report a leader.
2019-11-14 17:40:57,517 [71bec8dd-fabd-4ede-a8a1-a5a2039dbf17@group-207949302BE2-LeaderElection74] INFO  impl.LeaderElection (LeaderElection.java:askForVotes(178)) - 71bec8dd-fabd-4ede-a8a1-a5a2039dbf17@group-207949302BE2-LeaderElection74: begin an election at term 1 for -1: [71bec8dd-fabd-4ede-a8a1-a5a2039dbf17:192.168.157.194:34443], old=null
2019-11-14 17:40:57,518 [71bec8dd-fabd-4ede-a8a1-a5a2039dbf17@group-207949302BE2-LeaderElection74] INFO  impl.RoleInfo (RoleInfo.java:shutdownLeaderElection(134)) - 71bec8dd-fabd-4ede-a8a1-a5a2039dbf17: shutdown LeaderElection
2019-11-14 17:40:57,518 [71bec8dd-fabd-4ede-a8a1-a5a2039dbf17@group-207949302BE2-LeaderElection74] INFO  impl.RaftServerImpl (RaftServerImpl.java:setRole(173)) - 71bec8dd-fabd-4ede-a8a1-a5a2039dbf17@group-207949302BE2: changes role from CANDIDATE to LEADER at term 1 for changeToLeader
2019-11-14 17:40:57,518 [71bec8dd-fabd-4ede-a8a1-a5a2039dbf17@group-207949302BE2-LeaderElection74] INFO  ratis.XceiverServerRatis (XceiverServerRatis.java:handleLeaderChangedNotification(697)) - Leader change notification received for group: group-207949302BE2 with new leaderId: 71bec8dd-fabd-4ede-a8a1-a5a2039dbf17
2019-11-14 17:40:57,518 [71bec8dd-fabd-4ede-a8a1-a5a2039dbf17@group-207949302BE2-LeaderElection74] INFO  impl.RaftServerImpl (ServerState.java:setLeader(255)) - 71bec8dd-fabd-4ede-a8a1-a5a2039dbf17@group-207949302BE2: change Leader from null to 71bec8dd-fabd-4ede-a8a1-a5a2039dbf17 at term 1 for becomeLeader, leader elected after 1232ms
2019-11-14 17:40:57,518 [Thread-1468] INFO  impl.FollowerState (FollowerState.java:run(111)) - b8551fbf-2c11-4c1f-914e-c2dd536d81a3@group-251F74DE240A-FollowerState: change to CANDIDATE, lastRpcTime:1161ms, electionTimeout:1161ms
2019-11-14 17:40:57,518 [71bec8dd-fabd-4ede-a8a1-a5a2039dbf17@group-207949302BE2-LeaderElection74] INFO  server.RaftServerConfigKeys (ConfUtils.java:logGet(43)) - raft.server.staging.catchup.gap = 1000 (default)
2019-11-14 17:40:57,520 [Thread-1468] INFO  impl.RoleInfo (RoleInfo.java:shutdownFollowerState(121)) - b8551fbf-2c11-4c1f-914e-c2dd536d81a3: shutdown FollowerState
2019-11-14 17:40:57,520 [71bec8dd-fabd-4ede-a8a1-a5a2039dbf17@group-207949302BE2-LeaderElection74] INFO  server.RaftServerConfigKeys (ConfUtils.java:logGet(43)) - raft.server.rpc.sleep.time = 25ms (default)
2019-11-14 17:40:57,520 [Thread-1468] INFO  impl.RaftServerImpl (RaftServerImpl.java:setRole(173)) - b8551fbf-2c11-4c1f-914e-c2dd536d81a3@group-251F74DE240A: changes role from  FOLLOWER to CANDIDATE at term 0 for changeToCandidate
2019-11-14 17:40:57,520 [71bec8dd-fabd-4ede-a8a1-a5a2039dbf17@group-207949302BE2-LeaderElection74] INFO  server.RaftServerConfigKeys (ConfUtils.java:logGet(43)) - raft.server.write.element-limit = 4096 (default)
2019-11-14 17:40:57,520 [Thread-1468] INFO  impl.RoleInfo (RoleInfo.java:updateAndGet(143)) - b8551fbf-2c11-4c1f-914e-c2dd536d81a3: start LeaderElection
2019-11-14 17:40:57,521 [71bec8dd-fabd-4ede-a8a1-a5a2039dbf17@group-207949302BE2-LeaderElection74] INFO  server.RaftServerConfigKeys (ConfUtils.java:logGet(43)) - raft.server.watch.timeout = 10s (default)
2019-11-14 17:40:57,521 [71bec8dd-fabd-4ede-a8a1-a5a2039dbf17@group-207949302BE2-LeaderElection74] INFO  server.RaftServerConfigKeys (ConfUtils.java:logGet(43)) - raft.server.watch.timeout.denomination = 1s (default)
2019-11-14 17:40:57,521 [71bec8dd-fabd-4ede-a8a1-a5a2039dbf17@group-207949302BE2-LeaderElection74] INFO  server.RaftServerConfigKeys (ConfUtils.java:logGet(43)) - raft.server.watch.element-limit = 65536 (default)
2019-11-14 17:40:57,524 [71bec8dd-fabd-4ede-a8a1-a5a2039dbf17@group-207949302BE2-LeaderElection74] INFO  impl.RoleInfo (RoleInfo.java:updateAndGet(143)) - 71bec8dd-fabd-4ede-a8a1-a5a2039dbf17: start LeaderState
2019-11-14 17:40:57,524 [71bec8dd-fabd-4ede-a8a1-a5a2039dbf17@group-207949302BE2-LeaderElection74] INFO  segmented.SegmentedRaftLogWorker (SegmentedRaftLogWorker.java:startLogSegment(385)) - 71bec8dd-fabd-4ede-a8a1-a5a2039dbf17@group-207949302BE2-SegmentedRaftLogWorker: Starting segment from index:0
2019-11-14 17:40:57,524 [EventQueue-PipelineReportForPipelineReportHandler] INFO  pipeline.PipelineStateManager (PipelineStateManager.java:openPipeline(134)) - Pipeline Pipeline[ Id: e03d25b4-aef4-4a89-8304-207949302be2, Nodes: 71bec8dd-fabd-4ede-a8a1-a5a2039dbf17{ip: 192.168.157.194, host: pr-hdds-2482-j87dr-2776293630, networkLocation: /default-rack, certSerialId: null}, Type:RATIS, Factor:ONE, State:OPEN] moved to OPEN state
2019-11-14 17:40:57,525 [71bec8dd-fabd-4ede-a8a1-a5a2039dbf17@group-207949302BE2-LeaderElection74] INFO  impl.RaftServerImpl (ServerState.java:setRaftConf(356)) - 71bec8dd-fabd-4ede-a8a1-a5a2039dbf17@group-207949302BE2: set configuration 0: [71bec8dd-fabd-4ede-a8a1-a5a2039dbf17:192.168.157.194:34443], old=null at 0
2019-11-14 17:40:57,543 [Thread-1474] INFO  impl.FollowerState (FollowerState.java:run(111)) - b8551fbf-2c11-4c1f-914e-c2dd536d81a3@group-51996E38C70D-FollowerState: change to CANDIDATE, lastRpcTime:1038ms, electionTimeout:1038ms
2019-11-14 17:40:57,543 [Thread-1474] INFO  impl.RoleInfo (RoleInfo.java:shutdownFollowerState(121)) - b8551fbf-2c11-4c1f-914e-c2dd536d81a3: shutdown FollowerState
2019-11-14 17:40:57,543 [Thread-1474] INFO  impl.RaftServerImpl (RaftServerImpl.java:setRole(173)) - b8551fbf-2c11-4c1f-914e-c2dd536d81a3@group-51996E38C70D: changes role from  FOLLOWER to CANDIDATE at term 0 for changeToCandidate
2019-11-14 17:40:57,544 [Thread-1474] INFO  impl.RoleInfo (RoleInfo.java:updateAndGet(143)) - b8551fbf-2c11-4c1f-914e-c2dd536d81a3: start LeaderElection
2019-11-14 17:40:57,556 [b8551fbf-2c11-4c1f-914e-c2dd536d81a3@group-251F74DE240A-LeaderElection75] INFO  impl.LeaderElection (LeaderElection.java:askForVotes(178)) - b8551fbf-2c11-4c1f-914e-c2dd536d81a3@group-251F74DE240A-LeaderElection75: begin an election at term 1 for -1: [b8551fbf-2c11-4c1f-914e-c2dd536d81a3:192.168.157.194:42907], old=null
2019-11-14 17:40:57,556 [b8551fbf-2c11-4c1f-914e-c2dd536d81a3@group-251F74DE240A-LeaderElection75] INFO  impl.RoleInfo (RoleInfo.java:shutdownLeaderElection(134)) - b8551fbf-2c11-4c1f-914e-c2dd536d81a3: shutdown LeaderElection
2019-11-14 17:40:57,556 [b8551fbf-2c11-4c1f-914e-c2dd536d81a3@group-251F74DE240A-LeaderElection75] INFO  impl.RaftServerImpl (RaftServerImpl.java:setRole(173)) - b8551fbf-2c11-4c1f-914e-c2dd536d81a3@group-251F74DE240A: changes role from CANDIDATE to LEADER at term 1 for changeToLeader
2019-11-14 17:40:57,556 [b8551fbf-2c11-4c1f-914e-c2dd536d81a3@group-251F74DE240A-LeaderElection75] INFO  ratis.XceiverServerRatis (XceiverServerRatis.java:handleLeaderChangedNotification(697)) - Leader change notification received for group: group-251F74DE240A with new leaderId: b8551fbf-2c11-4c1f-914e-c2dd536d81a3
2019-11-14 17:40:57,556 [b8551fbf-2c11-4c1f-914e-c2dd536d81a3@group-251F74DE240A-LeaderElection75] INFO  impl.RaftServerImpl (ServerState.java:setLeader(255)) - b8551fbf-2c11-4c1f-914e-c2dd536d81a3@group-251F74DE240A: change Leader from null to b8551fbf-2c11-4c1f-914e-c2dd536d81a3 at term 1 for becomeLeader, leader elected after 1203ms
2019-11-14 17:40:57,556 [b8551fbf-2c11-4c1f-914e-c2dd536d81a3@group-251F74DE240A-LeaderElection75] INFO  server.RaftServerConfigKeys (ConfUtils.java:logGet(43)) - raft.server.staging.catchup.gap = 1000 (default)
2019-11-14 17:40:57,557 [b8551fbf-2c11-4c1f-914e-c2dd536d81a3@group-251F74DE240A-LeaderElection75] INFO  server.RaftServerConfigKeys (ConfUtils.java:logGet(43)) - raft.server.rpc.sleep.time = 25ms (default)
2019-11-14 17:40:57,558 [b8551fbf-2c11-4c1f-914e-c2dd536d81a3@group-251F74DE240A-LeaderElection75] INFO  server.RaftServerConfigKeys (ConfUtils.java:logGet(43)) - raft.server.write.element-limit = 4096 (default)
2019-11-14 17:40:57,558 [b8551fbf-2c11-4c1f-914e-c2dd536d81a3@group-251F74DE240A-LeaderElection75] INFO  server.RaftServerConfigKeys (ConfUtils.java:logGet(43)) - raft.server.watch.timeout = 10s (default)
2019-11-14 17:40:57,559 [b8551fbf-2c11-4c1f-914e-c2dd536d81a3@group-251F74DE240A-LeaderElection75] INFO  server.RaftServerConfigKeys (ConfUtils.java:logGet(43)) - raft.server.watch.timeout.denomination = 1s (default)
2019-11-14 17:40:57,559 [b8551fbf-2c11-4c1f-914e-c2dd536d81a3@group-251F74DE240A-LeaderElection75] INFO  server.RaftServerConfigKeys (ConfUtils.java:logGet(43)) - raft.server.watch.element-limit = 65536 (default)
2019-11-14 17:40:57,559 [b8551fbf-2c11-4c1f-914e-c2dd536d81a3@group-251F74DE240A-LeaderElection75] INFO  impl.RoleInfo (RoleInfo.java:updateAndGet(143)) - b8551fbf-2c11-4c1f-914e-c2dd536d81a3: start LeaderState
2019-11-14 17:40:57,559 [b8551fbf-2c11-4c1f-914e-c2dd536d81a3@group-251F74DE240A-LeaderElection75] INFO  segmented.SegmentedRaftLogWorker (SegmentedRaftLogWorker.java:startLogSegment(385)) - b8551fbf-2c11-4c1f-914e-c2dd536d81a3@group-251F74DE240A-SegmentedRaftLogWorker: Starting segment from index:0
2019-11-14 17:40:57,559 [EventQueue-PipelineReportForPipelineReportHandler] INFO  pipeline.PipelineStateManager (PipelineStateManager.java:openPipeline(134)) - Pipeline Pipeline[ Id: 1d02296b-cea6-4044-b7ef-251f74de240a, Nodes: b8551fbf-2c11-4c1f-914e-c2dd536d81a3{ip: 192.168.157.194, host: pr-hdds-2482-j87dr-2776293630, networkLocation: /default-rack, certSerialId: null}, Type:RATIS, Factor:ONE, State:OPEN] moved to OPEN state
2019-11-14 17:40:57,560 [b8551fbf-2c11-4c1f-914e-c2dd536d81a3@group-251F74DE240A-LeaderElection75] INFO  impl.RaftServerImpl (ServerState.java:setRaftConf(356)) - b8551fbf-2c11-4c1f-914e-c2dd536d81a3@group-251F74DE240A: set configuration 0: [b8551fbf-2c11-4c1f-914e-c2dd536d81a3:192.168.157.194:42907], old=null at 0
2019-11-14 17:40:57,569 [Thread-1471] INFO  impl.FollowerState (FollowerState.java:run(111)) - 90a583a1-bf80-46e7-94ec-70238bb9c970@group-A71879313D38-FollowerState: change to CANDIDATE, lastRpcTime:1143ms, electionTimeout:1143ms
2019-11-14 17:40:57,569 [Thread-1471] INFO  impl.RoleInfo (RoleInfo.java:shutdownFollowerState(121)) - 90a583a1-bf80-46e7-94ec-70238bb9c970: shutdown FollowerState
2019-11-14 17:40:57,569 [Thread-1471] INFO  impl.RaftServerImpl (RaftServerImpl.java:setRole(173)) - 90a583a1-bf80-46e7-94ec-70238bb9c970@group-A71879313D38: changes role from  FOLLOWER to CANDIDATE at term 0 for changeToCandidate
2019-11-14 17:40:57,569 [Thread-1471] INFO  impl.RoleInfo (RoleInfo.java:updateAndGet(143)) - 90a583a1-bf80-46e7-94ec-70238bb9c970: start LeaderElection
2019-11-14 17:40:57,597 [71bec8dd-fabd-4ede-a8a1-a5a2039dbf17@group-207949302BE2-SegmentedRaftLogWorker] INFO  segmented.SegmentedRaftLogWorker (SegmentedRaftLogWorker.java:execute(576)) - 71bec8dd-fabd-4ede-a8a1-a5a2039dbf17@group-207949302BE2-SegmentedRaftLogWorker: created new log segment /workdir/hadoop-ozone/integration-test/target/test-dir/MiniOzoneClusterImpl-30cd45ce-4337-4039-bf7d-2128eab36bad/datanode-3/data/ratis/e03d25b4-aef4-4a89-8304-207949302be2/current/log_inprogress_0
2019-11-14 17:40:57,597 [b8551fbf-2c11-4c1f-914e-c2dd536d81a3@group-51996E38C70D-LeaderElection76] INFO  impl.LeaderElection (LeaderElection.java:askForVotes(178)) - b8551fbf-2c11-4c1f-914e-c2dd536d81a3@group-51996E38C70D-LeaderElection76: begin an election at term 1 for -1: [71bec8dd-fabd-4ede-a8a1-a5a2039dbf17:192.168.157.194:34443, b8551fbf-2c11-4c1f-914e-c2dd536d81a3:192.168.157.194:42907, 90a583a1-bf80-46e7-94ec-70238bb9c970:192.168.157.194:35138], old=null
2019-11-14 17:40:57,604 [grpc-default-executor-2] INFO  impl.RaftServerImpl (RaftServerImpl.java:setRole(173)) - 90a583a1-bf80-46e7-94ec-70238bb9c970@group-51996E38C70D: changes role from  FOLLOWER to FOLLOWER at term 1 for recognizeCandidate:b8551fbf-2c11-4c1f-914e-c2dd536d81a3
2019-11-14 17:40:57,604 [grpc-default-executor-4] INFO  impl.RaftServerImpl (RaftServerImpl.java:setRole(173)) - 71bec8dd-fabd-4ede-a8a1-a5a2039dbf17@group-51996E38C70D: changes role from  FOLLOWER to FOLLOWER at term 1 for recognizeCandidate:b8551fbf-2c11-4c1f-914e-c2dd536d81a3
2019-11-14 17:40:57,605 [grpc-default-executor-2] INFO  impl.RoleInfo (RoleInfo.java:shutdownFollowerState(121)) - 90a583a1-bf80-46e7-94ec-70238bb9c970: shutdown FollowerState
2019-11-14 17:40:57,605 [grpc-default-executor-4] INFO  impl.RoleInfo (RoleInfo.java:shutdownFollowerState(121)) - 71bec8dd-fabd-4ede-a8a1-a5a2039dbf17: shutdown FollowerState
2019-11-14 17:40:57,605 [grpc-default-executor-2] INFO  impl.RoleInfo (RoleInfo.java:updateAndGet(143)) - 90a583a1-bf80-46e7-94ec-70238bb9c970: start FollowerState
2019-11-14 17:40:57,605 [Thread-1478] INFO  impl.FollowerState (FollowerState.java:run(120)) - 90a583a1-bf80-46e7-94ec-70238bb9c970@group-51996E38C70D-FollowerState was interrupted: java.lang.InterruptedException: sleep interrupted
2019-11-14 17:40:57,605 [Thread-1479] INFO  impl.FollowerState (FollowerState.java:run(120)) - 71bec8dd-fabd-4ede-a8a1-a5a2039dbf17@group-51996E38C70D-FollowerState was interrupted: java.lang.InterruptedException: sleep interrupted
2019-11-14 17:40:57,605 [grpc-default-executor-4] INFO  impl.RoleInfo (RoleInfo.java:updateAndGet(143)) - 71bec8dd-fabd-4ede-a8a1-a5a2039dbf17: start FollowerState
2019-11-14 17:40:57,619 [b8551fbf-2c11-4c1f-914e-c2dd536d81a3@group-251F74DE240A-SegmentedRaftLogWorker] INFO  segmented.SegmentedRaftLogWorker (SegmentedRaftLogWorker.java:execute(576)) - b8551fbf-2c11-4c1f-914e-c2dd536d81a3@group-251F74DE240A-SegmentedRaftLogWorker: created new log segment /workdir/hadoop-ozone/integration-test/target/test-dir/MiniOzoneClusterImpl-30cd45ce-4337-4039-bf7d-2128eab36bad/datanode-4/data/ratis/1d02296b-cea6-4044-b7ef-251f74de240a/current/log_inprogress_0
2019-11-14 17:40:57,619 [90a583a1-bf80-46e7-94ec-70238bb9c970@group-A71879313D38-LeaderElection77] INFO  impl.LeaderElection (LeaderElection.java:askForVotes(178)) - 90a583a1-bf80-46e7-94ec-70238bb9c970@group-A71879313D38-LeaderElection77: begin an election at term 1 for -1: [90a583a1-bf80-46e7-94ec-70238bb9c970:192.168.157.194:35138], old=null
2019-11-14 17:40:57,619 [90a583a1-bf80-46e7-94ec-70238bb9c970@group-A71879313D38-LeaderElection77] INFO  impl.RoleInfo (RoleInfo.java:shutdownLeaderElection(134)) - 90a583a1-bf80-46e7-94ec-70238bb9c970: shutdown LeaderElection
2019-11-14 17:40:57,619 [90a583a1-bf80-46e7-94ec-70238bb9c970@group-A71879313D38-LeaderElection77] INFO  impl.RaftServerImpl (RaftServerImpl.java:setRole(173)) - 90a583a1-bf80-46e7-94ec-70238bb9c970@group-A71879313D38: changes role from CANDIDATE to LEADER at term 1 for changeToLeader
2019-11-14 17:40:57,619 [90a583a1-bf80-46e7-94ec-70238bb9c970@group-A71879313D38-LeaderElection77] INFO  ratis.XceiverServerRatis (XceiverServerRatis.java:handleLeaderChangedNotification(697)) - Leader change notification received for group: group-A71879313D38 with new leaderId: 90a583a1-bf80-46e7-94ec-70238bb9c970
2019-11-14 17:40:57,619 [90a583a1-bf80-46e7-94ec-70238bb9c970@group-A71879313D38-LeaderElection77] INFO  impl.RaftServerImpl (ServerState.java:setLeader(255)) - 90a583a1-bf80-46e7-94ec-70238bb9c970@group-A71879313D38: change Leader from null to 90a583a1-bf80-46e7-94ec-70238bb9c970 at term 1 for becomeLeader, leader elected after 1199ms
2019-11-14 17:40:57,620 [90a583a1-bf80-46e7-94ec-70238bb9c970@group-A71879313D38-LeaderElection77] INFO  server.RaftServerConfigKeys (ConfUtils.java:logGet(43)) - raft.server.staging.catchup.gap = 1000 (default)
2019-11-14 17:40:57,620 [b8551fbf-2c11-4c1f-914e-c2dd536d81a3@group-51996E38C70D-LeaderElection76] INFO  impl.LeaderElection (LeaderElection.java:logAndReturn(56)) - b8551fbf-2c11-4c1f-914e-c2dd536d81a3@group-51996E38C70D-LeaderElection76: Election PASSED; received 1 response(s) [b8551fbf-2c11-4c1f-914e-c2dd536d81a3<-90a583a1-bf80-46e7-94ec-70238bb9c970#0:OK-t1] and 0 exception(s); b8551fbf-2c11-4c1f-914e-c2dd536d81a3@group-51996E38C70D:t1, leader=null, voted=b8551fbf-2c11-4c1f-914e-c2dd536d81a3, raftlog=b8551fbf-2c11-4c1f-914e-c2dd536d81a3@group-51996E38C70D-SegmentedRaftLog:OPENED:c-1,f-1,i0, conf=-1: [71bec8dd-fabd-4ede-a8a1-a5a2039dbf17:192.168.157.194:34443, b8551fbf-2c11-4c1f-914e-c2dd536d81a3:192.168.157.194:42907, 90a583a1-bf80-46e7-94ec-70238bb9c970:192.168.157.194:35138], old=null
2019-11-14 17:40:57,622 [90a583a1-bf80-46e7-94ec-70238bb9c970@group-A71879313D38-LeaderElection77] INFO  server.RaftServerConfigKeys (ConfUtils.java:logGet(43)) - raft.server.rpc.sleep.time = 25ms (default)
2019-11-14 17:40:57,622 [b8551fbf-2c11-4c1f-914e-c2dd536d81a3@group-51996E38C70D-LeaderElection76] INFO  impl.RoleInfo (RoleInfo.java:shutdownLeaderElection(134)) - b8551fbf-2c11-4c1f-914e-c2dd536d81a3: shutdown LeaderElection
2019-11-14 17:40:57,622 [90a583a1-bf80-46e7-94ec-70238bb9c970@group-A71879313D38-LeaderElection77] INFO  server.RaftServerConfigKeys (ConfUtils.java:logGet(43)) - raft.server.write.element-limit = 4096 (default)
2019-11-14 17:40:57,622 [b8551fbf-2c11-4c1f-914e-c2dd536d81a3@group-51996E38C70D-LeaderElection76] INFO  impl.RaftServerImpl (RaftServerImpl.java:setRole(173)) - b8551fbf-2c11-4c1f-914e-c2dd536d81a3@group-51996E38C70D: changes role from CANDIDATE to LEADER at term 1 for changeToLeader
2019-11-14 17:40:57,622 [90a583a1-bf80-46e7-94ec-70238bb9c970@group-A71879313D38-LeaderElection77] INFO  server.RaftServerConfigKeys (ConfUtils.java:logGet(43)) - raft.server.watch.timeout = 10s (default)
2019-11-14 17:40:57,622 [b8551fbf-2c11-4c1f-914e-c2dd536d81a3@group-51996E38C70D-LeaderElection76] INFO  ratis.XceiverServerRatis (XceiverServerRatis.java:handleLeaderChangedNotification(697)) - Leader change notification received for group: group-51996E38C70D with new leaderId: b8551fbf-2c11-4c1f-914e-c2dd536d81a3
2019-11-14 17:40:57,622 [90a583a1-bf80-46e7-94ec-70238bb9c970@group-A71879313D38-LeaderElection77] INFO  server.RaftServerConfigKeys (ConfUtils.java:logGet(43)) - raft.server.watch.timeout.denomination = 1s (default)
2019-11-14 17:40:57,623 [b8551fbf-2c11-4c1f-914e-c2dd536d81a3@group-51996E38C70D-LeaderElection76] INFO  impl.RaftServerImpl (ServerState.java:setLeader(255)) - b8551fbf-2c11-4c1f-914e-c2dd536d81a3@group-51996E38C70D: change Leader from null to b8551fbf-2c11-4c1f-914e-c2dd536d81a3 at term 1 for becomeLeader, leader elected after 1124ms
2019-11-14 17:40:57,623 [90a583a1-bf80-46e7-94ec-70238bb9c970@group-A71879313D38-LeaderElection77] INFO  server.RaftServerConfigKeys (ConfUtils.java:logGet(43)) - raft.server.watch.element-limit = 65536 (default)
2019-11-14 17:40:57,623 [b8551fbf-2c11-4c1f-914e-c2dd536d81a3@group-51996E38C70D-LeaderElection76] INFO  server.RaftServerConfigKeys (ConfUtils.java:logGet(43)) - raft.server.staging.catchup.gap = 1000 (default)
2019-11-14 17:40:57,623 [90a583a1-bf80-46e7-94ec-70238bb9c970@group-A71879313D38-LeaderElection77] INFO  impl.RoleInfo (RoleInfo.java:updateAndGet(143)) - 90a583a1-bf80-46e7-94ec-70238bb9c970: start LeaderState
2019-11-14 17:40:57,623 [b8551fbf-2c11-4c1f-914e-c2dd536d81a3@group-51996E38C70D-LeaderElection76] INFO  server.RaftServerConfigKeys (ConfUtils.java:logGet(43)) - raft.server.rpc.sleep.time = 25ms (default)
2019-11-14 17:40:57,623 [EventQueue-PipelineReportForPipelineReportHandler] INFO  pipeline.PipelineStateManager (PipelineStateManager.java:openPipeline(134)) - Pipeline Pipeline[ Id: d9c48cb5-55a2-4964-8696-a71879313d38, Nodes: 90a583a1-bf80-46e7-94ec-70238bb9c970{ip: 192.168.157.194, host: pr-hdds-2482-j87dr-2776293630, networkLocation: /default-rack, certSerialId: null}, Type:RATIS, Factor:ONE, State:OPEN] moved to OPEN state
2019-11-14 17:40:57,623 [b8551fbf-2c11-4c1f-914e-c2dd536d81a3@group-51996E38C70D-LeaderElection76] INFO  server.RaftServerConfigKeys (ConfUtils.java:logGet(43)) - raft.server.write.element-limit = 4096 (default)
2019-11-14 17:40:57,623 [90a583a1-bf80-46e7-94ec-70238bb9c970@group-A71879313D38-LeaderElection77] INFO  segmented.SegmentedRaftLogWorker (SegmentedRaftLogWorker.java:startLogSegment(385)) - 90a583a1-bf80-46e7-94ec-70238bb9c970@group-A71879313D38-SegmentedRaftLogWorker: Starting segment from index:0
2019-11-14 17:40:57,623 [b8551fbf-2c11-4c1f-914e-c2dd536d81a3@group-51996E38C70D-LeaderElection76] INFO  server.RaftServerConfigKeys (ConfUtils.java:logGet(43)) - raft.server.watch.timeout = 10s (default)
2019-11-14 17:40:57,624 [b8551fbf-2c11-4c1f-914e-c2dd536d81a3@group-51996E38C70D-LeaderElection76] INFO  server.RaftServerConfigKeys (ConfUtils.java:logGet(43)) - raft.server.watch.timeout.denomination = 1s (default)
2019-11-14 17:40:57,624 [EventQueue-PipelineReportForPipelineReportHandler] INFO  pipeline.PipelineStateManager (PipelineStateManager.java:openPipeline(134)) - Pipeline Pipeline[ Id: 09c220b9-9f2a-4acf-96de-51996e38c70d, Nodes: 90a583a1-bf80-46e7-94ec-70238bb9c970{ip: 192.168.157.194, host: pr-hdds-2482-j87dr-2776293630, networkLocation: /default-rack, certSerialId: null}71bec8dd-fabd-4ede-a8a1-a5a2039dbf17{ip: 192.168.157.194, host: pr-hdds-2482-j87dr-2776293630, networkLocation: /default-rack, certSerialId: null}b8551fbf-2c11-4c1f-914e-c2dd536d81a3{ip: 192.168.157.194, host: pr-hdds-2482-j87dr-2776293630, networkLocation: /default-rack, certSerialId: null}, Type:RATIS, Factor:THREE, State:OPEN] moved to OPEN state
2019-11-14 17:40:57,624 [b8551fbf-2c11-4c1f-914e-c2dd536d81a3@group-51996E38C70D-LeaderElection76] INFO  server.RaftServerConfigKeys (ConfUtils.java:logGet(43)) - raft.server.watch.element-limit = 65536 (default)
2019-11-14 17:40:57,624 [90a583a1-bf80-46e7-94ec-70238bb9c970@group-A71879313D38-LeaderElection77] INFO  impl.RaftServerImpl (ServerState.java:setRaftConf(356)) - 90a583a1-bf80-46e7-94ec-70238bb9c970@group-A71879313D38: set configuration 0: [90a583a1-bf80-46e7-94ec-70238bb9c970:192.168.157.194:35138], old=null at 0
2019-11-14 17:40:57,624 [b8551fbf-2c11-4c1f-914e-c2dd536d81a3@group-51996E38C70D-LeaderElection76] INFO  server.RaftServerConfigKeys (ConfUtils.java:logGet(43)) - raft.server.log.appender.snapshot.chunk.size.max = 16MB (=16777216) (default)
2019-11-14 17:40:57,624 [b8551fbf-2c11-4c1f-914e-c2dd536d81a3@group-51996E38C70D-LeaderElection76] INFO  server.RaftServerConfigKeys (ConfUtils.java:logGet(43)) - raft.server.log.appender.buffer.byte-limit = 33554432 (custom)
2019-11-14 17:40:57,625 [b8551fbf-2c11-4c1f-914e-c2dd536d81a3@group-51996E38C70D-LeaderElection76] INFO  server.RaftServerConfigKeys (ConfUtils.java:logGet(43)) - raft.server.log.appender.buffer.element-limit = 1 (custom)
2019-11-14 17:40:57,625 [b8551fbf-2c11-4c1f-914e-c2dd536d81a3@group-51996E38C70D-LeaderElection76] INFO  grpc.GrpcConfigKeys$Server (ConfUtils.java:logGet(43)) - raft.grpc.server.leader.outstanding.appends.max = 128 (default)
2019-11-14 17:40:57,625 [b8551fbf-2c11-4c1f-914e-c2dd536d81a3@group-51996E38C70D-LeaderElection76] INFO  server.RaftServerConfigKeys (ConfUtils.java:logGet(43)) - raft.server.rpc.request.timeout = 3000ms (default)
2019-11-14 17:40:57,625 [b8551fbf-2c11-4c1f-914e-c2dd536d81a3@group-51996E38C70D-LeaderElection76] INFO  server.RaftServerConfigKeys (ConfUtils.java:logGet(43)) - raft.server.log.appender.install.snapshot.enabled = false (custom)
2019-11-14 17:40:57,625 [b8551fbf-2c11-4c1f-914e-c2dd536d81a3@group-51996E38C70D-LeaderElection76] WARN  impl.MetricRegistriesImpl (MetricRegistriesImpl.java:lambda$create$1(61)) - First MetricRegistry has been created without registering reporters. You may need to call MetricRegistries.global().addReportRegistration(...) before.
2019-11-14 17:40:57,626 [b8551fbf-2c11-4c1f-914e-c2dd536d81a3@group-51996E38C70D-LeaderElection76] INFO  server.RaftServerConfigKeys (ConfUtils.java:logGet(43)) - raft.server.log.appender.snapshot.chunk.size.max = 16MB (=16777216) (default)
2019-11-14 17:40:57,626 [b8551fbf-2c11-4c1f-914e-c2dd536d81a3@group-51996E38C70D-LeaderElection76] INFO  server.RaftServerConfigKeys (ConfUtils.java:logGet(43)) - raft.server.log.appender.buffer.byte-limit = 33554432 (custom)
2019-11-14 17:40:57,626 [b8551fbf-2c11-4c1f-914e-c2dd536d81a3@group-51996E38C70D-LeaderElection76] INFO  server.RaftServerConfigKeys (ConfUtils.java:logGet(43)) - raft.server.log.appender.buffer.element-limit = 1 (custom)
2019-11-14 17:40:57,626 [b8551fbf-2c11-4c1f-914e-c2dd536d81a3@group-51996E38C70D-LeaderElection76] INFO  grpc.GrpcConfigKeys$Server (ConfUtils.java:logGet(43)) - raft.grpc.server.leader.outstanding.appends.max = 128 (default)
2019-11-14 17:40:57,626 [b8551fbf-2c11-4c1f-914e-c2dd536d81a3@group-51996E38C70D-LeaderElection76] INFO  server.RaftServerConfigKeys (ConfUtils.java:logGet(43)) - raft.server.rpc.request.timeout = 3000ms (default)
2019-11-14 17:40:57,626 [b8551fbf-2c11-4c1f-914e-c2dd536d81a3@group-51996E38C70D-LeaderElection76] INFO  server.RaftServerConfigKeys (ConfUtils.java:logGet(43)) - raft.server.log.appender.install.snapshot.enabled = false (custom)
2019-11-14 17:40:57,626 [b8551fbf-2c11-4c1f-914e-c2dd536d81a3@group-51996E38C70D-LeaderElection76] INFO  impl.RoleInfo (RoleInfo.java:updateAndGet(143)) - b8551fbf-2c11-4c1f-914e-c2dd536d81a3: start LeaderState
2019-11-14 17:40:57,627 [b8551fbf-2c11-4c1f-914e-c2dd536d81a3@group-51996E38C70D-LeaderElection76] INFO  segmented.SegmentedRaftLogWorker (SegmentedRaftLogWorker.java:startLogSegment(385)) - b8551fbf-2c11-4c1f-914e-c2dd536d81a3@group-51996E38C70D-SegmentedRaftLogWorker: Starting segment from index:0
2019-11-14 17:40:57,627 [b8551fbf-2c11-4c1f-914e-c2dd536d81a3@group-51996E38C70D-LeaderElection76] INFO  impl.RaftServerImpl (ServerState.java:setRaftConf(356)) - b8551fbf-2c11-4c1f-914e-c2dd536d81a3@group-51996E38C70D: set configuration 0: [71bec8dd-fabd-4ede-a8a1-a5a2039dbf17:192.168.157.194:34443, b8551fbf-2c11-4c1f-914e-c2dd536d81a3:192.168.157.194:42907, 90a583a1-bf80-46e7-94ec-70238bb9c970:192.168.157.194:35138], old=null at 0
2019-11-14 17:40:57,669 [grpc-default-executor-4] INFO  ratis.XceiverServerRatis (XceiverServerRatis.java:handleLeaderChangedNotification(697)) - Leader change notification received for group: group-51996E38C70D with new leaderId: b8551fbf-2c11-4c1f-914e-c2dd536d81a3
2019-11-14 17:40:57,669 [grpc-default-executor-2] INFO  ratis.XceiverServerRatis (XceiverServerRatis.java:handleLeaderChangedNotification(697)) - Leader change notification received for group: group-51996E38C70D with new leaderId: b8551fbf-2c11-4c1f-914e-c2dd536d81a3
2019-11-14 17:40:57,669 [grpc-default-executor-4] INFO  impl.RaftServerImpl (ServerState.java:setLeader(255)) - 90a583a1-bf80-46e7-94ec-70238bb9c970@group-51996E38C70D: change Leader from null to b8551fbf-2c11-4c1f-914e-c2dd536d81a3 at term 1 for appendEntries, leader elected after 1171ms
2019-11-14 17:40:57,669 [grpc-default-executor-2] INFO  impl.RaftServerImpl (ServerState.java:setLeader(255)) - 71bec8dd-fabd-4ede-a8a1-a5a2039dbf17@group-51996E38C70D: change Leader from null to b8551fbf-2c11-4c1f-914e-c2dd536d81a3 at term 1 for appendEntries, leader elected after 1171ms
2019-11-14 17:40:57,671 [grpc-default-executor-4] INFO  impl.RaftServerImpl (ServerState.java:setRaftConf(356)) - 71bec8dd-fabd-4ede-a8a1-a5a2039dbf17@group-51996E38C70D: set configuration 0: [71bec8dd-fabd-4ede-a8a1-a5a2039dbf17:192.168.157.194:34443, b8551fbf-2c11-4c1f-914e-c2dd536d81a3:192.168.157.194:42907, 90a583a1-bf80-46e7-94ec-70238bb9c970:192.168.157.194:35138], old=null at 0
2019-11-14 17:40:57,671 [grpc-default-executor-2] INFO  impl.RaftServerImpl (ServerState.java:setRaftConf(356)) - 90a583a1-bf80-46e7-94ec-70238bb9c970@group-51996E38C70D: set configuration 0: [71bec8dd-fabd-4ede-a8a1-a5a2039dbf17:192.168.157.194:34443, b8551fbf-2c11-4c1f-914e-c2dd536d81a3:192.168.157.194:42907, 90a583a1-bf80-46e7-94ec-70238bb9c970:192.168.157.194:35138], old=null at 0
2019-11-14 17:40:57,672 [grpc-default-executor-4] INFO  segmented.SegmentedRaftLogWorker (SegmentedRaftLogWorker.java:startLogSegment(385)) - 71bec8dd-fabd-4ede-a8a1-a5a2039dbf17@group-51996E38C70D-SegmentedRaftLogWorker: Starting segment from index:0
2019-11-14 17:40:57,672 [grpc-default-executor-2] INFO  segmented.SegmentedRaftLogWorker (SegmentedRaftLogWorker.java:startLogSegment(385)) - 90a583a1-bf80-46e7-94ec-70238bb9c970@group-51996E38C70D-SegmentedRaftLogWorker: Starting segment from index:0
2019-11-14 17:40:57,688 [b8551fbf-2c11-4c1f-914e-c2dd536d81a3@group-51996E38C70D-SegmentedRaftLogWorker] INFO  segmented.SegmentedRaftLogWorker (SegmentedRaftLogWorker.java:execute(576)) - b8551fbf-2c11-4c1f-914e-c2dd536d81a3@group-51996E38C70D-SegmentedRaftLogWorker: created new log segment /workdir/hadoop-ozone/integration-test/target/test-dir/MiniOzoneClusterImpl-30cd45ce-4337-4039-bf7d-2128eab36bad/datanode-4/data/ratis/09c220b9-9f2a-4acf-96de-51996e38c70d/current/log_inprogress_0
2019-11-14 17:40:57,688 [90a583a1-bf80-46e7-94ec-70238bb9c970@group-A71879313D38-SegmentedRaftLogWorker] INFO  segmented.SegmentedRaftLogWorker (SegmentedRaftLogWorker.java:execute(576)) - 90a583a1-bf80-46e7-94ec-70238bb9c970@group-A71879313D38-SegmentedRaftLogWorker: created new log segment /workdir/hadoop-ozone/integration-test/target/test-dir/MiniOzoneClusterImpl-30cd45ce-4337-4039-bf7d-2128eab36bad/datanode-5/data/ratis/d9c48cb5-55a2-4964-8696-a71879313d38/current/log_inprogress_0
2019-11-14 17:40:57,713 [71bec8dd-fabd-4ede-a8a1-a5a2039dbf17@group-51996E38C70D-SegmentedRaftLogWorker] INFO  segmented.SegmentedRaftLogWorker (SegmentedRaftLogWorker.java:execute(576)) - 71bec8dd-fabd-4ede-a8a1-a5a2039dbf17@group-51996E38C70D-SegmentedRaftLogWorker: created new log segment /workdir/hadoop-ozone/integration-test/target/test-dir/MiniOzoneClusterImpl-30cd45ce-4337-4039-bf7d-2128eab36bad/datanode-3/data/ratis/09c220b9-9f2a-4acf-96de-51996e38c70d/current/log_inprogress_0
2019-11-14 17:40:57,728 [90a583a1-bf80-46e7-94ec-70238bb9c970@group-51996E38C70D-SegmentedRaftLogWorker] INFO  segmented.SegmentedRaftLogWorker (SegmentedRaftLogWorker.java:execute(576)) - 90a583a1-bf80-46e7-94ec-70238bb9c970@group-51996E38C70D-SegmentedRaftLogWorker: created new log segment /workdir/hadoop-ozone/integration-test/target/test-dir/MiniOzoneClusterImpl-30cd45ce-4337-4039-bf7d-2128eab36bad/datanode-5/data/ratis/09c220b9-9f2a-4acf-96de-51996e38c70d/current/log_inprogress_0
2019-11-14 17:40:58,514 [main] INFO  ozone.MiniOzoneClusterImpl (MiniOzoneClusterImpl.java:lambda$waitForClusterToBeReady$2(171)) - Cluster is ready. Got 6 of 6 DN Heartbeats.
2019-11-14 17:40:58,540 [main] INFO  rpc.RpcClient (RpcClient.java:createVolume(292)) - Creating Volume: datanodefailurehandlingtest, with jenkins1000 as owner.
2019-11-14 17:40:58,543 [IPC Server handler 2 on 43439] INFO  volume.OMVolumeCreateRequest (OMVolumeCreateRequest.java:validateAndUpdateCache(193)) - created volume:datanodefailurehandlingtest for user:jenkins1000
2019-11-14 17:40:58,565 [main] INFO  rpc.RpcClient (RpcClient.java:createBucket(431)) - Creating Bucket: datanodefailurehandlingtest/datanodefailurehandlingtest, with Versioning false and Storage Type set to DISK and Encryption set to false 
2019-11-14 17:40:58,870 [Thread-1445] INFO  container.ReplicationManager (ReplicationManager.java:start(162)) - Starting Replication Monitor Thread.
2019-11-14 17:40:58,870 [Thread-1445] INFO  pipeline.SCMPipelineManager (SCMPipelineManager.java:finalizeAndDestroyPipeline(315)) - destroying pipeline:Pipeline[ Id: d9c48cb5-55a2-4964-8696-a71879313d38, Nodes: 90a583a1-bf80-46e7-94ec-70238bb9c970{ip: 192.168.157.194, host: pr-hdds-2482-j87dr-2776293630, networkLocation: /default-rack, certSerialId: null}, Type:RATIS, Factor:ONE, State:OPEN]
2019-11-14 17:40:58,872 [Thread-1445] INFO  pipeline.PipelineStateManager (PipelineStateManager.java:finalizePipeline(121)) - Pipeline Pipeline[ Id: d9c48cb5-55a2-4964-8696-a71879313d38, Nodes: 90a583a1-bf80-46e7-94ec-70238bb9c970{ip: 192.168.157.194, host: pr-hdds-2482-j87dr-2776293630, networkLocation: /default-rack, certSerialId: null}, Type:RATIS, Factor:ONE, State:CLOSED] moved to CLOSED state
2019-11-14 17:40:58,872 [ReplicationMonitor] INFO  container.ReplicationManager (ReplicationManager.java:run(225)) - Replication Monitor Thread took 0 milliseconds for processing 1 containers.
2019-11-14 17:40:58,884 [grpc-default-executor-4] INFO  impl.RaftServerProxy (RaftServerProxy.java:remove(95)) - 90a583a1-bf80-46e7-94ec-70238bb9c970: remove    LEADER 90a583a1-bf80-46e7-94ec-70238bb9c970@group-A71879313D38:t1, leader=90a583a1-bf80-46e7-94ec-70238bb9c970, voted=90a583a1-bf80-46e7-94ec-70238bb9c970, raftlog=90a583a1-bf80-46e7-94ec-70238bb9c970@group-A71879313D38-SegmentedRaftLog:OPENED:c0,f0,i0, conf=0: [90a583a1-bf80-46e7-94ec-70238bb9c970:192.168.157.194:35138], old=null RUNNING
2019-11-14 17:40:58,885 [grpc-default-executor-4] INFO  impl.RaftServerImpl (RaftServerImpl.java:lambda$shutdown$3(250)) - 90a583a1-bf80-46e7-94ec-70238bb9c970@group-A71879313D38: shutdown
2019-11-14 17:40:58,885 [grpc-default-executor-4] INFO  util.JmxRegister (JmxRegister.java:unregister(73)) - Successfully un-registered JMX Bean with object name Ratis:service=RaftServer,group=group-A71879313D38,id=90a583a1-bf80-46e7-94ec-70238bb9c970
2019-11-14 17:40:58,885 [grpc-default-executor-4] INFO  impl.RoleInfo (RoleInfo.java:shutdownLeaderState(104)) - 90a583a1-bf80-46e7-94ec-70238bb9c970: shutdown LeaderState
2019-11-14 17:40:58,885 [grpc-default-executor-4] INFO  impl.PendingRequests (PendingRequests.java:sendNotLeaderResponses(206)) - 90a583a1-bf80-46e7-94ec-70238bb9c970@group-A71879313D38-PendingRequests: sendNotLeaderResponses
2019-11-14 17:40:58,886 [grpc-default-executor-4] INFO  impl.StateMachineUpdater (StateMachineUpdater.java:stopAndJoin(136)) - 90a583a1-bf80-46e7-94ec-70238bb9c970@group-A71879313D38-StateMachineUpdater: set stopIndex = 0
2019-11-14 17:40:58,886 [grpc-default-executor-4] INFO  impl.RaftServerImpl (ServerState.java:close(387)) - 90a583a1-bf80-46e7-94ec-70238bb9c970@group-A71879313D38: closes. applyIndex: 0
2019-11-14 17:40:58,886 [90a583a1-bf80-46e7-94ec-70238bb9c970@group-A71879313D38-SegmentedRaftLogWorker] INFO  segmented.SegmentedRaftLogWorker (SegmentedRaftLogWorker.java:run(316)) - 90a583a1-bf80-46e7-94ec-70238bb9c970@group-A71879313D38-SegmentedRaftLogWorker was interrupted, exiting. There are 0 tasks remaining in the queue.
2019-11-14 17:40:58,896 [grpc-default-executor-4] INFO  segmented.SegmentedRaftLogWorker (SegmentedRaftLogWorker.java:close(224)) - 90a583a1-bf80-46e7-94ec-70238bb9c970@group-A71879313D38-SegmentedRaftLogWorker close()
2019-11-14 17:40:58,904 [Thread-1445] INFO  pipeline.PipelineStateManager (PipelineStateManager.java:removePipeline(106)) - Pipeline Pipeline[ Id: d9c48cb5-55a2-4964-8696-a71879313d38, Nodes: 90a583a1-bf80-46e7-94ec-70238bb9c970{ip: 192.168.157.194, host: pr-hdds-2482-j87dr-2776293630, networkLocation: /default-rack, certSerialId: null}, Type:RATIS, Factor:ONE, State:CLOSED] removed from db
2019-11-14 17:40:58,905 [Thread-1445] INFO  pipeline.SCMPipelineManager (SCMPipelineManager.java:finalizeAndDestroyPipeline(315)) - destroying pipeline:Pipeline[ Id: ae8131e7-5671-4e4a-b256-6bbc389ffb49, Nodes: d20af944-8902-4729-9038-f1b3d5904c1c{ip: 192.168.157.194, host: pr-hdds-2482-j87dr-2776293630, networkLocation: /default-rack, certSerialId: null}, Type:RATIS, Factor:ONE, State:OPEN]
2019-11-14 17:40:58,910 [grpc-default-executor-4] INFO  impl.RaftServerProxy (RaftServerProxy.java:addNew(89)) - 90a583a1-bf80-46e7-94ec-70238bb9c970: addNew group-A914BE545FC5:[90a583a1-bf80-46e7-94ec-70238bb9c970:192.168.157.194:35138] returns group-A914BE545FC5:java.util.concurrent.CompletableFuture@23c156f6[Not completed]
2019-11-14 17:40:58,913 [pool-203-thread-1] INFO  impl.RaftServerImpl (RaftServerImpl.java:<init>(98)) - 90a583a1-bf80-46e7-94ec-70238bb9c970: new RaftServerImpl for group-A914BE545FC5:[90a583a1-bf80-46e7-94ec-70238bb9c970:192.168.157.194:35138] with ContainerStateMachine:uninitialized
2019-11-14 17:40:58,913 [pool-203-thread-1] INFO  server.RaftServerConfigKeys (ConfUtils.java:logGet(43)) - raft.server.rpc.timeout.min = 1s (custom)
2019-11-14 17:40:58,913 [pool-203-thread-1] INFO  server.RaftServerConfigKeys (ConfUtils.java:logGet(43)) - raft.server.rpc.timeout.max = 1200ms (custom)
2019-11-14 17:40:58,913 [pool-203-thread-1] INFO  server.RaftServerConfigKeys (ConfUtils.java:logGet(43)) - raft.server.rpcslowness.timeout = 120s (custom)
2019-11-14 17:40:58,914 [pool-203-thread-1] INFO  server.RaftServerConfigKeys (ConfUtils.java:logGet(43)) - raft.server.sleep.deviation.threshold = 300 (default)
2019-11-14 17:40:58,914 [pool-203-thread-1] INFO  server.RaftServerConfigKeys (ConfUtils.java:logGet(43)) - raft.server.log.appender.install.snapshot.enabled = false (custom)
2019-11-14 17:40:58,914 [pool-203-thread-1] INFO  impl.RaftServerImpl (ServerState.java:<init>(103)) - 90a583a1-bf80-46e7-94ec-70238bb9c970@group-A914BE545FC5: ConfigurationManager, init=-1: [90a583a1-bf80-46e7-94ec-70238bb9c970:192.168.157.194:35138], old=null, confs=<EMPTY_MAP>
2019-11-14 17:40:58,914 [pool-203-thread-1] INFO  server.RaftServerConfigKeys (ConfUtils.java:logGet(43)) - raft.server.storage.dir = [/workdir/hadoop-ozone/integration-test/target/test-dir/MiniOzoneClusterImpl-30cd45ce-4337-4039-bf7d-2128eab36bad/datanode-5/data/ratis] (custom)
2019-11-14 17:40:58,914 [pool-203-thread-1] INFO  server.RaftServerConfigKeys (ConfUtils.java:logGet(43)) - raft.server.log.corruption.policy = EXCEPTION (default)
2019-11-14 17:40:58,915 [pool-203-thread-1] INFO  storage.RaftStorageDirectory (RaftStorageDirectory.java:analyzeStorage(246)) - The storage directory /workdir/hadoop-ozone/integration-test/target/test-dir/MiniOzoneClusterImpl-30cd45ce-4337-4039-bf7d-2128eab36bad/datanode-5/data/ratis/e8b2d318-71f4-4468-a6c6-a914be545fc5 does not exist. Creating ...
2019-11-14 17:40:58,943 [pool-203-thread-1] INFO  storage.RaftStorageDirectory (RaftStorageDirectory.java:tryLock(328)) - Lock on /workdir/hadoop-ozone/integration-test/target/test-dir/MiniOzoneClusterImpl-30cd45ce-4337-4039-bf7d-2128eab36bad/datanode-5/data/ratis/e8b2d318-71f4-4468-a6c6-a914be545fc5/in_use.lock acquired by nodename 20249@pr-hdds-2482-j87dr-2776293630
2019-11-14 17:40:58,955 [pool-203-thread-1] INFO  storage.RaftStorage (RaftStorage.java:format(84)) - Storage directory /workdir/hadoop-ozone/integration-test/target/test-dir/MiniOzoneClusterImpl-30cd45ce-4337-4039-bf7d-2128eab36bad/datanode-5/data/ratis/e8b2d318-71f4-4468-a6c6-a914be545fc5 has been successfully formatted.
2019-11-14 17:40:58,956 [pool-203-thread-1] INFO  ratis.ContainerStateMachine (ContainerStateMachine.java:loadSnapshot(223)) - group-A914BE545FC5: The snapshot info is null. Setting the last applied indexto:(t:0, i:~)
2019-11-14 17:40:58,956 [pool-203-thread-1] INFO  server.RaftServerConfigKeys (ConfUtils.java:logGet(43)) - raft.server.notification.no-leader.timeout = 120s (custom)
2019-11-14 17:40:58,956 [pool-203-thread-1] INFO  server.RaftServerConfigKeys (ConfUtils.java:logGet(43)) - raft.server.log.use.memory = false (default)
2019-11-14 17:40:58,956 [pool-203-thread-1] INFO  server.RaftServerConfigKeys (ConfUtils.java:logGet(43)) - raft.server.log.purge.gap = 1000000 (custom)
2019-11-14 17:40:58,956 [pool-203-thread-1] INFO  server.RaftServerConfigKeys (ConfUtils.java:logGet(43)) - raft.server.log.appender.buffer.byte-limit = 33554432 (custom)
2019-11-14 17:40:58,956 [pool-203-thread-1] INFO  server.RaftServerConfigKeys (ConfUtils.java:logGet(43)) - raft.server.log.segment.size.max = 1048576 (custom)
2019-11-14 17:40:58,957 [pool-203-thread-1] INFO  server.RaftServerConfigKeys (ConfUtils.java:logGet(43)) - raft.server.log.segment.cache.num.max = 2 (custom)
2019-11-14 17:40:58,957 [pool-203-thread-1] INFO  segmented.SegmentedRaftLogWorker (SegmentedRaftLogWorker.java:<init>(173)) - new 90a583a1-bf80-46e7-94ec-70238bb9c970@group-A914BE545FC5-SegmentedRaftLogWorker for RaftStorage:Storage Directory /workdir/hadoop-ozone/integration-test/target/test-dir/MiniOzoneClusterImpl-30cd45ce-4337-4039-bf7d-2128eab36bad/datanode-5/data/ratis/e8b2d318-71f4-4468-a6c6-a914be545fc5
2019-11-14 17:40:58,957 [pool-203-thread-1] INFO  server.RaftServerConfigKeys (ConfUtils.java:logGet(43)) - raft.server.log.queue.byte-limit = 2147483647 (custom)
2019-11-14 17:40:58,957 [pool-203-thread-1] INFO  server.RaftServerConfigKeys (ConfUtils.java:logGet(43)) - raft.server.log.queue.element-limit = 1024 (custom)
2019-11-14 17:40:58,957 [pool-203-thread-1] INFO  server.RaftServerConfigKeys (ConfUtils.java:logGet(43)) - raft.server.log.segment.size.max = 1048576 (custom)
2019-11-14 17:40:58,957 [pool-203-thread-1] INFO  server.RaftServerConfigKeys (ConfUtils.java:logGet(43)) - raft.server.log.preallocated.size = 16384 (custom)
2019-11-14 17:40:58,957 [pool-203-thread-1] INFO  server.RaftServerConfigKeys (ConfUtils.java:logGet(43)) - raft.server.log.write.buffer.size = 33554432 (custom)
2019-11-14 17:40:58,958 [pool-203-thread-1] INFO  server.RaftServerConfigKeys (ConfUtils.java:logGet(43)) - raft.server.log.force.sync.num = 128 (default)
2019-11-14 17:40:58,958 [pool-203-thread-1] INFO  server.RaftServerConfigKeys (ConfUtils.java:logGet(43)) - raft.server.log.statemachine.data.sync = true (default)
2019-11-14 17:40:58,958 [pool-203-thread-1] INFO  server.RaftServerConfigKeys (ConfUtils.java:logGet(43)) - raft.server.log.statemachine.data.sync.timeout = 10s (default)
2019-11-14 17:40:58,958 [pool-203-thread-1] INFO  server.RaftServerConfigKeys (ConfUtils.java:logGet(43)) - raft.server.log.statemachine.data.sync.timeout.retry = -1 (default)
2019-11-14 17:40:58,958 [pool-203-thread-1] INFO  server.RaftServerConfigKeys (ConfUtils.java:logGet(43)) - raft.server.log.statemachine.data.caching.enabled = true (custom)
2019-11-14 17:40:58,958 [pool-203-thread-1] INFO  segmented.SegmentedRaftLogWorker (SegmentedRaftLogWorker.java:lambda$new$0(128)) - 90a583a1-bf80-46e7-94ec-70238bb9c970@group-A914BE545FC5-SegmentedRaftLogWorker: flushIndex: setUnconditionally 0 -> -1
2019-11-14 17:40:58,959 [pool-203-thread-1] INFO  server.RaftServerConfigKeys (ConfUtils.java:logGet(43)) - raft.server.snapshot.auto.trigger.enabled = true (custom)
2019-11-14 17:40:58,959 [pool-203-thread-1] INFO  server.RaftServerConfigKeys (ConfUtils.java:logGet(43)) - raft.server.snapshot.auto.trigger.threshold = 10000 (custom)
2019-11-14 17:40:58,959 [pool-203-thread-1] INFO  server.RaftServerConfigKeys (ConfUtils.java:logGet(43)) - raft.server.snapshot.retention.file.num = 5 (custom)
2019-11-14 17:40:58,959 [pool-203-thread-1] INFO  server.RaftServerConfigKeys (ConfUtils.java:logGet(43)) - raft.server.retrycache.expirytime = 600000ms (custom)
2019-11-14 17:40:58,959 [pool-203-thread-1] WARN  impl.MetricRegistriesImpl (MetricRegistriesImpl.java:lambda$create$1(61)) - First MetricRegistry has been created without registering reporters. You may need to call MetricRegistries.global().addReportRegistration(...) before.
2019-11-14 17:40:58,959 [pool-203-thread-1] WARN  impl.MetricRegistriesImpl (MetricRegistriesImpl.java:lambda$create$1(61)) - First MetricRegistry has been created without registering reporters. You may need to call MetricRegistries.global().addReportRegistration(...) before.
2019-11-14 17:40:58,960 [pool-203-thread-1] INFO  impl.RaftServerImpl (RaftServerImpl.java:start(184)) - 90a583a1-bf80-46e7-94ec-70238bb9c970@group-A914BE545FC5: start as a follower, conf=-1: [90a583a1-bf80-46e7-94ec-70238bb9c970:192.168.157.194:35138], old=null
2019-11-14 17:40:58,960 [pool-203-thread-1] INFO  impl.RaftServerImpl (RaftServerImpl.java:setRole(173)) - 90a583a1-bf80-46e7-94ec-70238bb9c970@group-A914BE545FC5: changes role from      null to FOLLOWER at term 0 for startAsFollower
2019-11-14 17:40:58,960 [pool-203-thread-1] INFO  impl.RoleInfo (RoleInfo.java:updateAndGet(143)) - 90a583a1-bf80-46e7-94ec-70238bb9c970: start FollowerState
2019-11-14 17:40:58,960 [pool-203-thread-1] INFO  util.JmxRegister (JmxRegister.java:tryRegister(44)) - Successfully registered JMX Bean with object name Ratis:service=RaftServer,group=group-A914BE545FC5,id=90a583a1-bf80-46e7-94ec-70238bb9c970
2019-11-14 17:40:58,961 [pool-203-thread-1] WARN  impl.MetricRegistriesImpl (MetricRegistriesImpl.java:lambda$create$1(61)) - First MetricRegistry has been created without registering reporters. You may need to call MetricRegistries.global().addReportRegistration(...) before.
2019-11-14 17:40:58,963 [RatisPipelineUtilsThread] INFO  pipeline.PipelineStateManager (PipelineStateManager.java:addPipeline(55)) - Created pipeline Pipeline[ Id: e8b2d318-71f4-4468-a6c6-a914be545fc5, Nodes: 90a583a1-bf80-46e7-94ec-70238bb9c970{ip: 192.168.157.194, host: pr-hdds-2482-j87dr-2776293630, networkLocation: /default-rack, certSerialId: null}, Type:RATIS, Factor:ONE, State:ALLOCATED]
2019-11-14 17:40:58,966 [Thread-1445] INFO  pipeline.PipelineStateManager (PipelineStateManager.java:finalizePipeline(121)) - Pipeline Pipeline[ Id: ae8131e7-5671-4e4a-b256-6bbc389ffb49, Nodes: d20af944-8902-4729-9038-f1b3d5904c1c{ip: 192.168.157.194, host: pr-hdds-2482-j87dr-2776293630, networkLocation: /default-rack, certSerialId: null}, Type:RATIS, Factor:ONE, State:CLOSED] moved to CLOSED state
2019-11-14 17:40:58,970 [grpc-default-executor-3] INFO  impl.RaftServerProxy (RaftServerProxy.java:remove(95)) - d20af944-8902-4729-9038-f1b3d5904c1c: remove    LEADER d20af944-8902-4729-9038-f1b3d5904c1c@group-6BBC389FFB49:t1, leader=d20af944-8902-4729-9038-f1b3d5904c1c, voted=d20af944-8902-4729-9038-f1b3d5904c1c, raftlog=d20af944-8902-4729-9038-f1b3d5904c1c@group-6BBC389FFB49-SegmentedRaftLog:OPENED:c0,f0,i0, conf=0: [d20af944-8902-4729-9038-f1b3d5904c1c:192.168.157.194:42191], old=null RUNNING
2019-11-14 17:40:58,970 [grpc-default-executor-3] INFO  impl.RaftServerImpl (RaftServerImpl.java:lambda$shutdown$3(250)) - d20af944-8902-4729-9038-f1b3d5904c1c@group-6BBC389FFB49: shutdown
2019-11-14 17:40:58,971 [grpc-default-executor-3] INFO  util.JmxRegister (JmxRegister.java:unregister(73)) - Successfully un-registered JMX Bean with object name Ratis:service=RaftServer,group=group-6BBC389FFB49,id=d20af944-8902-4729-9038-f1b3d5904c1c
2019-11-14 17:40:58,971 [grpc-default-executor-3] INFO  impl.RoleInfo (RoleInfo.java:shutdownLeaderState(104)) - d20af944-8902-4729-9038-f1b3d5904c1c: shutdown LeaderState
2019-11-14 17:40:58,971 [grpc-default-executor-3] INFO  impl.PendingRequests (PendingRequests.java:sendNotLeaderResponses(206)) - d20af944-8902-4729-9038-f1b3d5904c1c@group-6BBC389FFB49-PendingRequests: sendNotLeaderResponses
2019-11-14 17:40:58,971 [grpc-default-executor-3] INFO  impl.StateMachineUpdater (StateMachineUpdater.java:stopAndJoin(136)) - d20af944-8902-4729-9038-f1b3d5904c1c@group-6BBC389FFB49-StateMachineUpdater: set stopIndex = 0
2019-11-14 17:40:58,972 [grpc-default-executor-3] INFO  impl.RaftServerImpl (ServerState.java:close(387)) - d20af944-8902-4729-9038-f1b3d5904c1c@group-6BBC389FFB49: closes. applyIndex: 0
2019-11-14 17:40:58,972 [d20af944-8902-4729-9038-f1b3d5904c1c@group-6BBC389FFB49-SegmentedRaftLogWorker] INFO  segmented.SegmentedRaftLogWorker (SegmentedRaftLogWorker.java:run(316)) - d20af944-8902-4729-9038-f1b3d5904c1c@group-6BBC389FFB49-SegmentedRaftLogWorker was interrupted, exiting. There are 0 tasks remaining in the queue.
2019-11-14 17:40:58,979 [grpc-default-executor-3] INFO  segmented.SegmentedRaftLogWorker (SegmentedRaftLogWorker.java:close(224)) - d20af944-8902-4729-9038-f1b3d5904c1c@group-6BBC389FFB49-SegmentedRaftLogWorker close()
2019-11-14 17:40:58,994 [Thread-1445] INFO  pipeline.PipelineStateManager (PipelineStateManager.java:removePipeline(106)) - Pipeline Pipeline[ Id: ae8131e7-5671-4e4a-b256-6bbc389ffb49, Nodes: d20af944-8902-4729-9038-f1b3d5904c1c{ip: 192.168.157.194, host: pr-hdds-2482-j87dr-2776293630, networkLocation: /default-rack, certSerialId: null}, Type:RATIS, Factor:ONE, State:CLOSED] removed from db
2019-11-14 17:40:58,995 [Thread-1445] INFO  pipeline.SCMPipelineManager (SCMPipelineManager.java:finalizeAndDestroyPipeline(315)) - destroying pipeline:Pipeline[ Id: 92c5c384-88a1-4b68-bd3a-5106dd31a981, Nodes: d20af944-8902-4729-9038-f1b3d5904c1c{ip: 192.168.157.194, host: pr-hdds-2482-j87dr-2776293630, networkLocation: /default-rack, certSerialId: null}b1eef20d-d56e-4525-87fc-77ff197a940a{ip: 192.168.157.194, host: pr-hdds-2482-j87dr-2776293630, networkLocation: /default-rack, certSerialId: null}85330d09-12c2-4b50-bc83-acecbbd5cc6d{ip: 192.168.157.194, host: pr-hdds-2482-j87dr-2776293630, networkLocation: /default-rack, certSerialId: null}, Type:RATIS, Factor:THREE, State:OPEN]
2019-11-14 17:40:59,005 [grpc-default-executor-3] INFO  impl.RaftServerProxy (RaftServerProxy.java:addNew(89)) - d20af944-8902-4729-9038-f1b3d5904c1c: addNew group-A4E787492910:[d20af944-8902-4729-9038-f1b3d5904c1c:192.168.157.194:42191] returns group-A4E787492910:java.util.concurrent.CompletableFuture@2b6f7680[Not completed]
2019-11-14 17:40:59,006 [pool-153-thread-1] INFO  impl.RaftServerImpl (RaftServerImpl.java:<init>(98)) - d20af944-8902-4729-9038-f1b3d5904c1c: new RaftServerImpl for group-A4E787492910:[d20af944-8902-4729-9038-f1b3d5904c1c:192.168.157.194:42191] with ContainerStateMachine:uninitialized
2019-11-14 17:40:59,006 [pool-153-thread-1] INFO  server.RaftServerConfigKeys (ConfUtils.java:logGet(43)) - raft.server.rpc.timeout.min = 1s (custom)
2019-11-14 17:40:59,007 [pool-153-thread-1] INFO  server.RaftServerConfigKeys (ConfUtils.java:logGet(43)) - raft.server.rpc.timeout.max = 1200ms (custom)
2019-11-14 17:40:59,007 [pool-153-thread-1] INFO  server.RaftServerConfigKeys (ConfUtils.java:logGet(43)) - raft.server.rpcslowness.timeout = 120s (custom)
2019-11-14 17:40:59,007 [pool-153-thread-1] INFO  server.RaftServerConfigKeys (ConfUtils.java:logGet(43)) - raft.server.sleep.deviation.threshold = 300 (default)
2019-11-14 17:40:59,007 [pool-153-thread-1] INFO  server.RaftServerConfigKeys (ConfUtils.java:logGet(43)) - raft.server.log.appender.install.snapshot.enabled = false (custom)
2019-11-14 17:40:59,007 [pool-153-thread-1] INFO  impl.RaftServerImpl (ServerState.java:<init>(103)) - d20af944-8902-4729-9038-f1b3d5904c1c@group-A4E787492910: ConfigurationManager, init=-1: [d20af944-8902-4729-9038-f1b3d5904c1c:192.168.157.194:42191], old=null, confs=<EMPTY_MAP>
2019-11-14 17:40:59,007 [pool-153-thread-1] INFO  server.RaftServerConfigKeys (ConfUtils.java:logGet(43)) - raft.server.storage.dir = [/workdir/hadoop-ozone/integration-test/target/test-dir/MiniOzoneClusterImpl-30cd45ce-4337-4039-bf7d-2128eab36bad/datanode-0/data/ratis] (custom)
2019-11-14 17:40:59,018 [pool-153-thread-1] INFO  server.RaftServerConfigKeys (ConfUtils.java:logGet(43)) - raft.server.log.corruption.policy = EXCEPTION (default)
2019-11-14 17:40:59,019 [pool-153-thread-1] INFO  storage.RaftStorageDirectory (RaftStorageDirectory.java:analyzeStorage(246)) - The storage directory /workdir/hadoop-ozone/integration-test/target/test-dir/MiniOzoneClusterImpl-30cd45ce-4337-4039-bf7d-2128eab36bad/datanode-0/data/ratis/c5b6d211-6b06-4de4-b7b7-a4e787492910 does not exist. Creating ...
2019-11-14 17:40:59,035 [pool-153-thread-1] INFO  storage.RaftStorageDirectory (RaftStorageDirectory.java:tryLock(328)) - Lock on /workdir/hadoop-ozone/integration-test/target/test-dir/MiniOzoneClusterImpl-30cd45ce-4337-4039-bf7d-2128eab36bad/datanode-0/data/ratis/c5b6d211-6b06-4de4-b7b7-a4e787492910/in_use.lock acquired by nodename 20249@pr-hdds-2482-j87dr-2776293630
2019-11-14 17:40:59,058 [pool-153-thread-1] INFO  storage.RaftStorage (RaftStorage.java:format(84)) - Storage directory /workdir/hadoop-ozone/integration-test/target/test-dir/MiniOzoneClusterImpl-30cd45ce-4337-4039-bf7d-2128eab36bad/datanode-0/data/ratis/c5b6d211-6b06-4de4-b7b7-a4e787492910 has been successfully formatted.
2019-11-14 17:40:59,058 [pool-153-thread-1] INFO  ratis.ContainerStateMachine (ContainerStateMachine.java:loadSnapshot(223)) - group-A4E787492910: The snapshot info is null. Setting the last applied indexto:(t:0, i:~)
2019-11-14 17:40:59,058 [pool-153-thread-1] INFO  server.RaftServerConfigKeys (ConfUtils.java:logGet(43)) - raft.server.notification.no-leader.timeout = 120s (custom)
2019-11-14 17:40:59,058 [pool-153-thread-1] INFO  server.RaftServerConfigKeys (ConfUtils.java:logGet(43)) - raft.server.log.use.memory = false (default)
2019-11-14 17:40:59,058 [pool-153-thread-1] INFO  server.RaftServerConfigKeys (ConfUtils.java:logGet(43)) - raft.server.log.purge.gap = 1000000 (custom)
2019-11-14 17:40:59,058 [pool-153-thread-1] INFO  server.RaftServerConfigKeys (ConfUtils.java:logGet(43)) - raft.server.log.appender.buffer.byte-limit = 33554432 (custom)
2019-11-14 17:40:59,059 [pool-153-thread-1] INFO  server.RaftServerConfigKeys (ConfUtils.java:logGet(43)) - raft.server.log.segment.size.max = 1048576 (custom)
2019-11-14 17:40:59,059 [pool-153-thread-1] INFO  server.RaftServerConfigKeys (ConfUtils.java:logGet(43)) - raft.server.log.segment.cache.num.max = 2 (custom)
2019-11-14 17:40:59,059 [pool-153-thread-1] INFO  segmented.SegmentedRaftLogWorker (SegmentedRaftLogWorker.java:<init>(173)) - new d20af944-8902-4729-9038-f1b3d5904c1c@group-A4E787492910-SegmentedRaftLogWorker for RaftStorage:Storage Directory /workdir/hadoop-ozone/integration-test/target/test-dir/MiniOzoneClusterImpl-30cd45ce-4337-4039-bf7d-2128eab36bad/datanode-0/data/ratis/c5b6d211-6b06-4de4-b7b7-a4e787492910
2019-11-14 17:40:59,059 [pool-153-thread-1] INFO  server.RaftServerConfigKeys (ConfUtils.java:logGet(43)) - raft.server.log.queue.byte-limit = 2147483647 (custom)
2019-11-14 17:40:59,059 [pool-153-thread-1] INFO  server.RaftServerConfigKeys (ConfUtils.java:logGet(43)) - raft.server.log.queue.element-limit = 1024 (custom)
2019-11-14 17:40:59,059 [pool-153-thread-1] INFO  server.RaftServerConfigKeys (ConfUtils.java:logGet(43)) - raft.server.log.segment.size.max = 1048576 (custom)
2019-11-14 17:40:59,059 [pool-153-thread-1] INFO  server.RaftServerConfigKeys (ConfUtils.java:logGet(43)) - raft.server.log.preallocated.size = 16384 (custom)
2019-11-14 17:40:59,059 [pool-153-thread-1] INFO  server.RaftServerConfigKeys (ConfUtils.java:logGet(43)) - raft.server.log.write.buffer.size = 33554432 (custom)
2019-11-14 17:40:59,059 [pool-153-thread-1] INFO  server.RaftServerConfigKeys (ConfUtils.java:logGet(43)) - raft.server.log.force.sync.num = 128 (default)
2019-11-14 17:40:59,059 [pool-153-thread-1] INFO  server.RaftServerConfigKeys (ConfUtils.java:logGet(43)) - raft.server.log.statemachine.data.sync = true (default)
2019-11-14 17:40:59,060 [pool-153-thread-1] INFO  server.RaftServerConfigKeys (ConfUtils.java:logGet(43)) - raft.server.log.statemachine.data.sync.timeout = 10s (default)
2019-11-14 17:40:59,060 [pool-153-thread-1] INFO  server.RaftServerConfigKeys (ConfUtils.java:logGet(43)) - raft.server.log.statemachine.data.sync.timeout.retry = -1 (default)
2019-11-14 17:40:59,060 [pool-153-thread-1] INFO  server.RaftServerConfigKeys (ConfUtils.java:logGet(43)) - raft.server.log.statemachine.data.caching.enabled = true (custom)
2019-11-14 17:40:59,069 [pool-153-thread-1] INFO  segmented.SegmentedRaftLogWorker (SegmentedRaftLogWorker.java:lambda$new$0(128)) - d20af944-8902-4729-9038-f1b3d5904c1c@group-A4E787492910-SegmentedRaftLogWorker: flushIndex: setUnconditionally 0 -> -1
2019-11-14 17:40:59,069 [pool-153-thread-1] INFO  server.RaftServerConfigKeys (ConfUtils.java:logGet(43)) - raft.server.snapshot.auto.trigger.enabled = true (custom)
2019-11-14 17:40:59,070 [pool-153-thread-1] INFO  server.RaftServerConfigKeys (ConfUtils.java:logGet(43)) - raft.server.snapshot.auto.trigger.threshold = 10000 (custom)
2019-11-14 17:40:59,070 [pool-153-thread-1] INFO  server.RaftServerConfigKeys (ConfUtils.java:logGet(43)) - raft.server.snapshot.retention.file.num = 5 (custom)
2019-11-14 17:40:59,070 [pool-153-thread-1] INFO  server.RaftServerConfigKeys (ConfUtils.java:logGet(43)) - raft.server.retrycache.expirytime = 600000ms (custom)
2019-11-14 17:40:59,070 [pool-153-thread-1] WARN  impl.MetricRegistriesImpl (MetricRegistriesImpl.java:lambda$create$1(61)) - First MetricRegistry has been created without registering reporters. You may need to call MetricRegistries.global().addReportRegistration(...) before.
2019-11-14 17:40:59,070 [pool-153-thread-1] WARN  impl.MetricRegistriesImpl (MetricRegistriesImpl.java:lambda$create$1(61)) - First MetricRegistry has been created without registering reporters. You may need to call MetricRegistries.global().addReportRegistration(...) before.
2019-11-14 17:40:59,070 [pool-153-thread-1] INFO  impl.RaftServerImpl (RaftServerImpl.java:start(184)) - d20af944-8902-4729-9038-f1b3d5904c1c@group-A4E787492910: start as a follower, conf=-1: [d20af944-8902-4729-9038-f1b3d5904c1c:192.168.157.194:42191], old=null
2019-11-14 17:40:59,070 [pool-153-thread-1] INFO  impl.RaftServerImpl (RaftServerImpl.java:setRole(173)) - d20af944-8902-4729-9038-f1b3d5904c1c@group-A4E787492910: changes role from      null to FOLLOWER at term 0 for startAsFollower
2019-11-14 17:40:59,070 [pool-153-thread-1] INFO  impl.RoleInfo (RoleInfo.java:updateAndGet(143)) - d20af944-8902-4729-9038-f1b3d5904c1c: start FollowerState
2019-11-14 17:40:59,071 [pool-153-thread-1] INFO  util.JmxRegister (JmxRegister.java:tryRegister(44)) - Successfully registered JMX Bean with object name Ratis:service=RaftServer,group=group-A4E787492910,id=d20af944-8902-4729-9038-f1b3d5904c1c
2019-11-14 17:40:59,071 [pool-153-thread-1] WARN  impl.MetricRegistriesImpl (MetricRegistriesImpl.java:lambda$create$1(61)) - First MetricRegistry has been created without registering reporters. You may need to call MetricRegistries.global().addReportRegistration(...) before.
2019-11-14 17:40:59,073 [RatisPipelineUtilsThread] INFO  pipeline.PipelineStateManager (PipelineStateManager.java:addPipeline(55)) - Created pipeline Pipeline[ Id: c5b6d211-6b06-4de4-b7b7-a4e787492910, Nodes: d20af944-8902-4729-9038-f1b3d5904c1c{ip: 192.168.157.194, host: pr-hdds-2482-j87dr-2776293630, networkLocation: /default-rack, certSerialId: null}, Type:RATIS, Factor:ONE, State:ALLOCATED]
2019-11-14 17:40:59,077 [Thread-1445] INFO  pipeline.PipelineStateManager (PipelineStateManager.java:finalizePipeline(121)) - Pipeline Pipeline[ Id: 92c5c384-88a1-4b68-bd3a-5106dd31a981, Nodes: d20af944-8902-4729-9038-f1b3d5904c1c{ip: 192.168.157.194, host: pr-hdds-2482-j87dr-2776293630, networkLocation: /default-rack, certSerialId: null}b1eef20d-d56e-4525-87fc-77ff197a940a{ip: 192.168.157.194, host: pr-hdds-2482-j87dr-2776293630, networkLocation: /default-rack, certSerialId: null}85330d09-12c2-4b50-bc83-acecbbd5cc6d{ip: 192.168.157.194, host: pr-hdds-2482-j87dr-2776293630, networkLocation: /default-rack, certSerialId: null}, Type:RATIS, Factor:THREE, State:CLOSED] moved to CLOSED state
2019-11-14 17:40:59,078 [EventQueue-CloseContainerForCloseContainerEventHandler] INFO  container.CloseContainerEventHandler (CloseContainerEventHandler.java:onMessage(61)) - Close container Event triggered for container : #1
2019-11-14 17:40:59,082 [grpc-default-executor-4] INFO  impl.RaftServerProxy (RaftServerProxy.java:remove(95)) - d20af944-8902-4729-9038-f1b3d5904c1c: remove  FOLLOWER d20af944-8902-4729-9038-f1b3d5904c1c@group-5106DD31A981:t1, leader=b1eef20d-d56e-4525-87fc-77ff197a940a, voted=b1eef20d-d56e-4525-87fc-77ff197a940a, raftlog=d20af944-8902-4729-9038-f1b3d5904c1c@group-5106DD31A981-SegmentedRaftLog:OPENED:c4,f7,i7, conf=0: [b1eef20d-d56e-4525-87fc-77ff197a940a:192.168.157.194:38023, 85330d09-12c2-4b50-bc83-acecbbd5cc6d:192.168.157.194:44898, d20af944-8902-4729-9038-f1b3d5904c1c:192.168.157.194:42191], old=null RUNNING
2019-11-14 17:40:59,082 [grpc-default-executor-4] INFO  impl.RaftServerImpl (RaftServerImpl.java:lambda$shutdown$3(250)) - d20af944-8902-4729-9038-f1b3d5904c1c@group-5106DD31A981: shutdown
2019-11-14 17:40:59,082 [grpc-default-executor-4] INFO  util.JmxRegister (JmxRegister.java:unregister(73)) - Successfully un-registered JMX Bean with object name Ratis:service=RaftServer,group=group-5106DD31A981,id=d20af944-8902-4729-9038-f1b3d5904c1c
2019-11-14 17:40:59,082 [grpc-default-executor-4] INFO  impl.RoleInfo (RoleInfo.java:shutdownFollowerState(121)) - d20af944-8902-4729-9038-f1b3d5904c1c: shutdown FollowerState
2019-11-14 17:40:59,082 [grpc-default-executor-4] INFO  impl.StateMachineUpdater (StateMachineUpdater.java:stopAndJoin(136)) - d20af944-8902-4729-9038-f1b3d5904c1c@group-5106DD31A981-StateMachineUpdater: set stopIndex = 4
2019-11-14 17:40:59,082 [Thread-1491] INFO  impl.FollowerState (FollowerState.java:run(120)) - d20af944-8902-4729-9038-f1b3d5904c1c@group-5106DD31A981-FollowerState was interrupted: java.lang.InterruptedException: sleep interrupted
2019-11-14 17:40:59,082 [d20af944-8902-4729-9038-f1b3d5904c1c@group-5106DD31A981-StateMachineUpdater] INFO  ratis.ContainerStateMachine (ContainerStateMachine.java:takeSnapshot(285)) - group-5106DD31A981: Taking a snapshot at:(t:1, i:1) file /workdir/hadoop-ozone/integration-test/target/test-dir/MiniOzoneClusterImpl-30cd45ce-4337-4039-bf7d-2128eab36bad/datanode-0/data/ratis/92c5c384-88a1-4b68-bd3a-5106dd31a981/sm/snapshot.1_1
2019-11-14 17:40:59,116 [d20af944-8902-4729-9038-f1b3d5904c1c@group-5106DD31A981-StateMachineUpdater] INFO  ratis.ContainerStateMachine (ContainerStateMachine.java:takeSnapshot(296)) - group-5106DD31A981: Finished taking a snapshot at:(t:1, i:1) file:/workdir/hadoop-ozone/integration-test/target/test-dir/MiniOzoneClusterImpl-30cd45ce-4337-4039-bf7d-2128eab36bad/datanode-0/data/ratis/92c5c384-88a1-4b68-bd3a-5106dd31a981/sm/snapshot.1_1 time:33
2019-11-14 17:40:59,116 [d20af944-8902-4729-9038-f1b3d5904c1c@group-5106DD31A981-StateMachineUpdater] INFO  impl.StateMachineUpdater (StateMachineUpdater.java:takeSnapshot(269)) - d20af944-8902-4729-9038-f1b3d5904c1c@group-5106DD31A981-StateMachineUpdater: Took a snapshot at index 1
2019-11-14 17:40:59,116 [d20af944-8902-4729-9038-f1b3d5904c1c@group-5106DD31A981-StateMachineUpdater] INFO  impl.StateMachineUpdater (StateMachineUpdater.java:lambda$new$0(84)) - d20af944-8902-4729-9038-f1b3d5904c1c@group-5106DD31A981-StateMachineUpdater: snapshotIndex: updateIncreasingly -1 -> 1
2019-11-14 17:40:59,116 [d20af944-8902-4729-9038-f1b3d5904c1c@group-5106DD31A981-StateMachineUpdater] INFO  ratis.ContainerStateMachine (ContainerStateMachine.java:takeSnapshot(285)) - group-5106DD31A981: Taking a snapshot at:(t:1, i:3) file /workdir/hadoop-ozone/integration-test/target/test-dir/MiniOzoneClusterImpl-30cd45ce-4337-4039-bf7d-2128eab36bad/datanode-0/data/ratis/92c5c384-88a1-4b68-bd3a-5106dd31a981/sm/snapshot.1_3
2019-11-14 17:40:59,138 [d20af944-8902-4729-9038-f1b3d5904c1c@group-5106DD31A981-StateMachineUpdater] INFO  ratis.ContainerStateMachine (ContainerStateMachine.java:takeSnapshot(296)) - group-5106DD31A981: Finished taking a snapshot at:(t:1, i:3) file:/workdir/hadoop-ozone/integration-test/target/test-dir/MiniOzoneClusterImpl-30cd45ce-4337-4039-bf7d-2128eab36bad/datanode-0/data/ratis/92c5c384-88a1-4b68-bd3a-5106dd31a981/sm/snapshot.1_3 time:22
2019-11-14 17:40:59,139 [d20af944-8902-4729-9038-f1b3d5904c1c@group-5106DD31A981-StateMachineUpdater] INFO  impl.StateMachineUpdater (StateMachineUpdater.java:takeSnapshot(269)) - d20af944-8902-4729-9038-f1b3d5904c1c@group-5106DD31A981-StateMachineUpdater: Took a snapshot at index 3
2019-11-14 17:40:59,139 [d20af944-8902-4729-9038-f1b3d5904c1c@group-5106DD31A981-StateMachineUpdater] INFO  impl.StateMachineUpdater (StateMachineUpdater.java:lambda$new$0(84)) - d20af944-8902-4729-9038-f1b3d5904c1c@group-5106DD31A981-StateMachineUpdater: snapshotIndex: updateIncreasingly 1 -> 3
2019-11-14 17:40:59,139 [grpc-default-executor-4] INFO  impl.RaftServerImpl (ServerState.java:close(387)) - d20af944-8902-4729-9038-f1b3d5904c1c@group-5106DD31A981: closes. applyIndex: 4
2019-11-14 17:40:59,139 [d20af944-8902-4729-9038-f1b3d5904c1c@group-5106DD31A981-SegmentedRaftLogWorker] INFO  segmented.SegmentedRaftLogWorker (SegmentedRaftLogWorker.java:run(316)) - d20af944-8902-4729-9038-f1b3d5904c1c@group-5106DD31A981-SegmentedRaftLogWorker was interrupted, exiting. There are 0 tasks remaining in the queue.
2019-11-14 17:40:59,150 [grpc-default-executor-4] INFO  segmented.SegmentedRaftLogWorker (SegmentedRaftLogWorker.java:close(224)) - d20af944-8902-4729-9038-f1b3d5904c1c@group-5106DD31A981-SegmentedRaftLogWorker close()
2019-11-14 17:40:59,191 [grpc-default-executor-4] INFO  interfaces.Container (KeyValueContainer.java:flushAndSyncDB(400)) - Container 1 is synced with bcsId 4.
2019-11-14 17:40:59,191 [grpc-default-executor-4] INFO  interfaces.Container (KeyValueContainer.java:flushAndSyncDB(400)) - Container 1 is synced with bcsId 4.
2019-11-14 17:40:59,218 [EventQueue-IncrementalContainerReportForIncrementalContainerReportHandler] INFO  container.IncrementalContainerReportHandler (AbstractContainerReportHandler.java:updateContainerState(171)) - Moving container #1 to QUASI_CLOSED state, datanode d20af944-8902-4729-9038-f1b3d5904c1c{ip: 192.168.157.194, host: pr-hdds-2482-j87dr-2776293630, networkLocation: /default-rack, certSerialId: null} reported QUASI_CLOSED replica.
2019-11-14 17:40:59,224 [grpc-default-executor-3] INFO  impl.RaftServerProxy (RaftServerProxy.java:remove(95)) - b1eef20d-d56e-4525-87fc-77ff197a940a: remove    LEADER b1eef20d-d56e-4525-87fc-77ff197a940a@group-5106DD31A981:t1, leader=b1eef20d-d56e-4525-87fc-77ff197a940a, voted=b1eef20d-d56e-4525-87fc-77ff197a940a, raftlog=b1eef20d-d56e-4525-87fc-77ff197a940a@group-5106DD31A981-SegmentedRaftLog:OPENED:c11,f11,i14, conf=0: [b1eef20d-d56e-4525-87fc-77ff197a940a:192.168.157.194:38023, 85330d09-12c2-4b50-bc83-acecbbd5cc6d:192.168.157.194:44898, d20af944-8902-4729-9038-f1b3d5904c1c:192.168.157.194:42191], old=null RUNNING
2019-11-14 17:40:59,224 [grpc-default-executor-3] INFO  impl.RaftServerImpl (RaftServerImpl.java:lambda$shutdown$3(250)) - b1eef20d-d56e-4525-87fc-77ff197a940a@group-5106DD31A981: shutdown
2019-11-14 17:40:59,225 [grpc-default-executor-3] INFO  util.JmxRegister (JmxRegister.java:unregister(73)) - Successfully un-registered JMX Bean with object name Ratis:service=RaftServer,group=group-5106DD31A981,id=b1eef20d-d56e-4525-87fc-77ff197a940a
2019-11-14 17:40:59,225 [grpc-default-executor-3] INFO  impl.RoleInfo (RoleInfo.java:shutdownLeaderState(104)) - b1eef20d-d56e-4525-87fc-77ff197a940a: shutdown LeaderState
2019-11-14 17:40:59,227 [grpc-default-executor-3] INFO  impl.PendingRequests (PendingRequests.java:sendNotLeaderResponses(206)) - b1eef20d-d56e-4525-87fc-77ff197a940a@group-5106DD31A981-PendingRequests: sendNotLeaderResponses
2019-11-14 17:40:59,227 [org.apache.ratis.server.impl.LogAppender$AppenderDaemon$$Lambda$445/1390678221@79642f27] WARN  server.GrpcLogAppender (GrpcLogAppender.java:mayWait(151)) - b1eef20d-d56e-4525-87fc-77ff197a940a@group-5106DD31A981->85330d09-12c2-4b50-bc83-acecbbd5cc6d-GrpcLogAppender: Wait interrupted by java.lang.InterruptedException
2019-11-14 17:40:59,227 [org.apache.ratis.server.impl.LogAppender$AppenderDaemon$$Lambda$445/1390678221@3c66be6f] WARN  server.GrpcLogAppender (GrpcLogAppender.java:mayWait(151)) - b1eef20d-d56e-4525-87fc-77ff197a940a@group-5106DD31A981->d20af944-8902-4729-9038-f1b3d5904c1c-GrpcLogAppender: Wait interrupted by java.lang.InterruptedException
2019-11-14 17:40:59,229 [b1eef20d-d56e-4525-87fc-77ff197a940a@group-5106DD31A981-StateMachineUpdater] INFO  ratis.ContainerStateMachine (ContainerStateMachine.java:takeSnapshot(285)) - group-5106DD31A981: Taking a snapshot at:(t:1, i:11) file /workdir/hadoop-ozone/integration-test/target/test-dir/MiniOzoneClusterImpl-30cd45ce-4337-4039-bf7d-2128eab36bad/datanode-1/data/ratis/92c5c384-88a1-4b68-bd3a-5106dd31a981/sm/snapshot.1_11
2019-11-14 17:40:59,229 [grpc-default-executor-4] INFO  server.GrpcServerProtocolService (GrpcServerProtocolService.java:onCompleted(113)) - 85330d09-12c2-4b50-bc83-acecbbd5cc6d: Completed APPEND_ENTRIES, lastRequest: b1eef20d-d56e-4525-87fc-77ff197a940a->85330d09-12c2-4b50-bc83-acecbbd5cc6d#17-t1, previous=(t:1, i:13), leaderCommit=11, initializing? false, entries: size=1, first=(t:1, i:14), METADATAENTRY(c11)
2019-11-14 17:40:59,229 [grpc-default-executor-3] INFO  impl.StateMachineUpdater (StateMachineUpdater.java:stopAndJoin(136)) - b1eef20d-d56e-4525-87fc-77ff197a940a@group-5106DD31A981-StateMachineUpdater: set stopIndex = 11
2019-11-14 17:40:59,230 [grpc-default-executor-2] INFO  server.GrpcServerProtocolService (GrpcServerProtocolService.java:onCompleted(113)) - d20af944-8902-4729-9038-f1b3d5904c1c: Completed APPEND_ENTRIES, lastRequest: b1eef20d-d56e-4525-87fc-77ff197a940a->d20af944-8902-4729-9038-f1b3d5904c1c#17-t1, previous=(t:1, i:13), leaderCommit=11, initializing? false, entries: size=1, first=(t:1, i:14), METADATAENTRY(c11)
2019-11-14 17:40:59,230 [grpc-default-executor-2] INFO  server.GrpcLogAppender (GrpcLogAppender.java:onCompleted(308)) - b1eef20d-d56e-4525-87fc-77ff197a940a@group-5106DD31A981->85330d09-12c2-4b50-bc83-acecbbd5cc6d-AppendLogResponseHandler: follower responses appendEntries COMPLETED
2019-11-14 17:40:59,230 [grpc-default-executor-4] INFO  server.GrpcLogAppender (GrpcLogAppender.java:onCompleted(308)) - b1eef20d-d56e-4525-87fc-77ff197a940a@group-5106DD31A981->d20af944-8902-4729-9038-f1b3d5904c1c-AppendLogResponseHandler: follower responses appendEntries COMPLETED
2019-11-14 17:40:59,230 [grpc-default-executor-2] INFO  impl.FollowerInfo (FollowerInfo.java:lambda$new$0(51)) - b1eef20d-d56e-4525-87fc-77ff197a940a@group-5106DD31A981->85330d09-12c2-4b50-bc83-acecbbd5cc6d: nextIndex: updateUnconditionally 15 -> 12
2019-11-14 17:40:59,231 [Thread-1578] INFO  client.GrpcClientProtocolService (GrpcClientProtocolService.java:lambda$processClientRequest$0(279)) - Failed RaftClientRequest:client-0BFC76EA70FF->b1eef20d-d56e-4525-87fc-77ff197a940a@group-5106DD31A981, cid=123, seq=0, Watch-ALL_COMMITTED(9), Message:<EMPTY>, reply=RaftClientReply:client-0BFC76EA70FF->b1eef20d-d56e-4525-87fc-77ff197a940a@group-5106DD31A981, cid=123, FAILED org.apache.ratis.protocol.NotLeaderException: Server b1eef20d-d56e-4525-87fc-77ff197a940a@group-5106DD31A981 is not the leader, logIndex=0, commits[b1eef20d-d56e-4525-87fc-77ff197a940a:c11]
2019-11-14 17:40:59,230 [grpc-default-executor-4] INFO  impl.FollowerInfo (FollowerInfo.java:lambda$new$0(51)) - b1eef20d-d56e-4525-87fc-77ff197a940a@group-5106DD31A981->d20af944-8902-4729-9038-f1b3d5904c1c: nextIndex: updateUnconditionally 15 -> 8
2019-11-14 17:40:59,249 [b1eef20d-d56e-4525-87fc-77ff197a940a@group-5106DD31A981-StateMachineUpdater] INFO  ratis.ContainerStateMachine (ContainerStateMachine.java:takeSnapshot(296)) - group-5106DD31A981: Finished taking a snapshot at:(t:1, i:11) file:/workdir/hadoop-ozone/integration-test/target/test-dir/MiniOzoneClusterImpl-30cd45ce-4337-4039-bf7d-2128eab36bad/datanode-1/data/ratis/92c5c384-88a1-4b68-bd3a-5106dd31a981/sm/snapshot.1_11 time:20
2019-11-14 17:40:59,249 [b1eef20d-d56e-4525-87fc-77ff197a940a@group-5106DD31A981-StateMachineUpdater] INFO  impl.StateMachineUpdater (StateMachineUpdater.java:takeSnapshot(269)) - b1eef20d-d56e-4525-87fc-77ff197a940a@group-5106DD31A981-StateMachineUpdater: Took a snapshot at index 11
2019-11-14 17:40:59,249 [b1eef20d-d56e-4525-87fc-77ff197a940a@group-5106DD31A981-StateMachineUpdater] INFO  impl.StateMachineUpdater (StateMachineUpdater.java:lambda$new$0(84)) - b1eef20d-d56e-4525-87fc-77ff197a940a@group-5106DD31A981-StateMachineUpdater: snapshotIndex: updateIncreasingly -1 -> 11
2019-11-14 17:40:59,250 [grpc-default-executor-3] INFO  impl.RaftServerImpl (ServerState.java:close(387)) - b1eef20d-d56e-4525-87fc-77ff197a940a@group-5106DD31A981: closes. applyIndex: 11
2019-11-14 17:40:59,250 [b1eef20d-d56e-4525-87fc-77ff197a940a@group-5106DD31A981-SegmentedRaftLogWorker] INFO  segmented.SegmentedRaftLogWorker (SegmentedRaftLogWorker.java:run(316)) - b1eef20d-d56e-4525-87fc-77ff197a940a@group-5106DD31A981-SegmentedRaftLogWorker was interrupted, exiting. There are 0 tasks remaining in the queue.
2019-11-14 17:40:59,252 [grpc-default-executor-3] INFO  segmented.SegmentedRaftLogWorker (SegmentedRaftLogWorker.java:close(224)) - b1eef20d-d56e-4525-87fc-77ff197a940a@group-5106DD31A981-SegmentedRaftLogWorker close()
2019-11-14 17:40:59,294 [grpc-default-executor-3] INFO  interfaces.Container (KeyValueContainer.java:flushAndSyncDB(400)) - Container 1 is synced with bcsId 11.
2019-11-14 17:40:59,296 [grpc-default-executor-3] INFO  interfaces.Container (KeyValueContainer.java:flushAndSyncDB(400)) - Container 1 is synced with bcsId 11.
2019-11-14 17:40:59,326 [grpc-default-executor-3] INFO  impl.RaftServerProxy (RaftServerProxy.java:remove(95)) - 85330d09-12c2-4b50-bc83-acecbbd5cc6d: remove  FOLLOWER 85330d09-12c2-4b50-bc83-acecbbd5cc6d@group-5106DD31A981:t1, leader=b1eef20d-d56e-4525-87fc-77ff197a940a, voted=b1eef20d-d56e-4525-87fc-77ff197a940a, raftlog=85330d09-12c2-4b50-bc83-acecbbd5cc6d@group-5106DD31A981-SegmentedRaftLog:OPENED:c11,f14,i14, conf=0: [b1eef20d-d56e-4525-87fc-77ff197a940a:192.168.157.194:38023, 85330d09-12c2-4b50-bc83-acecbbd5cc6d:192.168.157.194:44898, d20af944-8902-4729-9038-f1b3d5904c1c:192.168.157.194:42191], old=null RUNNING
2019-11-14 17:40:59,326 [grpc-default-executor-3] INFO  impl.RaftServerImpl (RaftServerImpl.java:lambda$shutdown$3(250)) - 85330d09-12c2-4b50-bc83-acecbbd5cc6d@group-5106DD31A981: shutdown
2019-11-14 17:40:59,326 [grpc-default-executor-3] INFO  util.JmxRegister (JmxRegister.java:unregister(73)) - Successfully un-registered JMX Bean with object name Ratis:service=RaftServer,group=group-5106DD31A981,id=85330d09-12c2-4b50-bc83-acecbbd5cc6d
2019-11-14 17:40:59,327 [grpc-default-executor-3] INFO  impl.RoleInfo (RoleInfo.java:shutdownFollowerState(121)) - 85330d09-12c2-4b50-bc83-acecbbd5cc6d: shutdown FollowerState
2019-11-14 17:40:59,327 [grpc-default-executor-3] INFO  impl.StateMachineUpdater (StateMachineUpdater.java:stopAndJoin(136)) - 85330d09-12c2-4b50-bc83-acecbbd5cc6d@group-5106DD31A981-StateMachineUpdater: set stopIndex = 11
2019-11-14 17:40:59,327 [85330d09-12c2-4b50-bc83-acecbbd5cc6d@group-5106DD31A981-StateMachineUpdater] INFO  ratis.ContainerStateMachine (ContainerStateMachine.java:takeSnapshot(285)) - group-5106DD31A981: Taking a snapshot at:(t:1, i:11) file /workdir/hadoop-ozone/integration-test/target/test-dir/MiniOzoneClusterImpl-30cd45ce-4337-4039-bf7d-2128eab36bad/datanode-2/data/ratis/92c5c384-88a1-4b68-bd3a-5106dd31a981/sm/snapshot.1_11
2019-11-14 17:40:59,327 [Thread-1492] INFO  impl.FollowerState (FollowerState.java:run(120)) - 85330d09-12c2-4b50-bc83-acecbbd5cc6d@group-5106DD31A981-FollowerState was interrupted: java.lang.InterruptedException: sleep interrupted
2019-11-14 17:40:59,354 [85330d09-12c2-4b50-bc83-acecbbd5cc6d@group-5106DD31A981-StateMachineUpdater] INFO  ratis.ContainerStateMachine (ContainerStateMachine.java:takeSnapshot(296)) - group-5106DD31A981: Finished taking a snapshot at:(t:1, i:11) file:/workdir/hadoop-ozone/integration-test/target/test-dir/MiniOzoneClusterImpl-30cd45ce-4337-4039-bf7d-2128eab36bad/datanode-2/data/ratis/92c5c384-88a1-4b68-bd3a-5106dd31a981/sm/snapshot.1_11 time:26
2019-11-14 17:40:59,354 [85330d09-12c2-4b50-bc83-acecbbd5cc6d@group-5106DD31A981-StateMachineUpdater] INFO  impl.StateMachineUpdater (StateMachineUpdater.java:takeSnapshot(269)) - 85330d09-12c2-4b50-bc83-acecbbd5cc6d@group-5106DD31A981-StateMachineUpdater: Took a snapshot at index 11
2019-11-14 17:40:59,354 [85330d09-12c2-4b50-bc83-acecbbd5cc6d@group-5106DD31A981-StateMachineUpdater] INFO  impl.StateMachineUpdater (StateMachineUpdater.java:lambda$new$0(84)) - 85330d09-12c2-4b50-bc83-acecbbd5cc6d@group-5106DD31A981-StateMachineUpdater: snapshotIndex: updateIncreasingly -1 -> 11
2019-11-14 17:40:59,355 [grpc-default-executor-3] INFO  impl.RaftServerImpl (ServerState.java:close(387)) - 85330d09-12c2-4b50-bc83-acecbbd5cc6d@group-5106DD31A981: closes. applyIndex: 11
2019-11-14 17:40:59,355 [85330d09-12c2-4b50-bc83-acecbbd5cc6d@group-5106DD31A981-SegmentedRaftLogWorker] INFO  segmented.SegmentedRaftLogWorker (SegmentedRaftLogWorker.java:run(316)) - 85330d09-12c2-4b50-bc83-acecbbd5cc6d@group-5106DD31A981-SegmentedRaftLogWorker was interrupted, exiting. There are 0 tasks remaining in the queue.
2019-11-14 17:40:59,357 [grpc-default-executor-3] INFO  segmented.SegmentedRaftLogWorker (SegmentedRaftLogWorker.java:close(224)) - 85330d09-12c2-4b50-bc83-acecbbd5cc6d@group-5106DD31A981-SegmentedRaftLogWorker close()
2019-11-14 17:40:59,401 [grpc-default-executor-3] INFO  interfaces.Container (KeyValueContainer.java:flushAndSyncDB(400)) - Container 1 is synced with bcsId 11.
2019-11-14 17:40:59,401 [grpc-default-executor-3] INFO  interfaces.Container (KeyValueContainer.java:flushAndSyncDB(400)) - Container 1 is synced with bcsId 11.
2019-11-14 17:40:59,427 [Thread-1445] INFO  pipeline.PipelineStateManager (PipelineStateManager.java:removePipeline(106)) - Pipeline Pipeline[ Id: 92c5c384-88a1-4b68-bd3a-5106dd31a981, Nodes: d20af944-8902-4729-9038-f1b3d5904c1c{ip: 192.168.157.194, host: pr-hdds-2482-j87dr-2776293630, networkLocation: /default-rack, certSerialId: null}b1eef20d-d56e-4525-87fc-77ff197a940a{ip: 192.168.157.194, host: pr-hdds-2482-j87dr-2776293630, networkLocation: /default-rack, certSerialId: null}85330d09-12c2-4b50-bc83-acecbbd5cc6d{ip: 192.168.157.194, host: pr-hdds-2482-j87dr-2776293630, networkLocation: /default-rack, certSerialId: null}, Type:RATIS, Factor:THREE, State:CLOSED] removed from db
2019-11-14 17:40:59,427 [Thread-1445] INFO  pipeline.SCMPipelineManager (SCMPipelineManager.java:finalizeAndDestroyPipeline(315)) - destroying pipeline:Pipeline[ Id: d4fb63b5-64da-4e4c-b5ee-90f92bfd46f7, Nodes: 85330d09-12c2-4b50-bc83-acecbbd5cc6d{ip: 192.168.157.194, host: pr-hdds-2482-j87dr-2776293630, networkLocation: /default-rack, certSerialId: null}, Type:RATIS, Factor:ONE, State:OPEN]
2019-11-14 17:40:59,435 [grpc-default-executor-2] INFO  impl.RaftServerProxy (RaftServerProxy.java:addNew(89)) - b1eef20d-d56e-4525-87fc-77ff197a940a: addNew group-57A242E0C858:[b1eef20d-d56e-4525-87fc-77ff197a940a:192.168.157.194:38023, 85330d09-12c2-4b50-bc83-acecbbd5cc6d:192.168.157.194:44898, d20af944-8902-4729-9038-f1b3d5904c1c:192.168.157.194:42191] returns group-57A242E0C858:java.util.concurrent.CompletableFuture@e47dfd4[Not completed]
2019-11-14 17:40:59,435 [grpc-default-executor-4] INFO  impl.RaftServerProxy (RaftServerProxy.java:addNew(89)) - d20af944-8902-4729-9038-f1b3d5904c1c: addNew group-57A242E0C858:[b1eef20d-d56e-4525-87fc-77ff197a940a:192.168.157.194:38023, 85330d09-12c2-4b50-bc83-acecbbd5cc6d:192.168.157.194:44898, d20af944-8902-4729-9038-f1b3d5904c1c:192.168.157.194:42191] returns group-57A242E0C858:java.util.concurrent.CompletableFuture@6c69273e[Not completed]
2019-11-14 17:40:59,435 [grpc-default-executor-3] INFO  impl.RaftServerProxy (RaftServerProxy.java:addNew(89)) - 85330d09-12c2-4b50-bc83-acecbbd5cc6d: addNew group-57A242E0C858:[b1eef20d-d56e-4525-87fc-77ff197a940a:192.168.157.194:38023, 85330d09-12c2-4b50-bc83-acecbbd5cc6d:192.168.157.194:44898, d20af944-8902-4729-9038-f1b3d5904c1c:192.168.157.194:42191] returns group-57A242E0C858:java.util.concurrent.CompletableFuture@39ade6dd[Not completed]
2019-11-14 17:40:59,436 [pool-153-thread-1] INFO  impl.RaftServerImpl (RaftServerImpl.java:<init>(98)) - d20af944-8902-4729-9038-f1b3d5904c1c: new RaftServerImpl for group-57A242E0C858:[b1eef20d-d56e-4525-87fc-77ff197a940a:192.168.157.194:38023, 85330d09-12c2-4b50-bc83-acecbbd5cc6d:192.168.157.194:44898, d20af944-8902-4729-9038-f1b3d5904c1c:192.168.157.194:42191] with ContainerStateMachine:uninitialized
2019-11-14 17:40:59,436 [pool-153-thread-1] INFO  server.RaftServerConfigKeys (ConfUtils.java:logGet(43)) - raft.server.rpc.timeout.min = 1s (custom)
2019-11-14 17:40:59,436 [pool-153-thread-1] INFO  server.RaftServerConfigKeys (ConfUtils.java:logGet(43)) - raft.server.rpc.timeout.max = 1200ms (custom)
2019-11-14 17:40:59,436 [pool-153-thread-1] INFO  server.RaftServerConfigKeys (ConfUtils.java:logGet(43)) - raft.server.rpcslowness.timeout = 120s (custom)
2019-11-14 17:40:59,436 [pool-153-thread-1] INFO  server.RaftServerConfigKeys (ConfUtils.java:logGet(43)) - raft.server.sleep.deviation.threshold = 300 (default)
2019-11-14 17:40:59,436 [pool-153-thread-1] INFO  server.RaftServerConfigKeys (ConfUtils.java:logGet(43)) - raft.server.log.appender.install.snapshot.enabled = false (custom)
2019-11-14 17:40:59,436 [pool-173-thread-1] INFO  impl.RaftServerImpl (RaftServerImpl.java:<init>(98)) - 85330d09-12c2-4b50-bc83-acecbbd5cc6d: new RaftServerImpl for group-57A242E0C858:[b1eef20d-d56e-4525-87fc-77ff197a940a:192.168.157.194:38023, 85330d09-12c2-4b50-bc83-acecbbd5cc6d:192.168.157.194:44898, d20af944-8902-4729-9038-f1b3d5904c1c:192.168.157.194:42191] with ContainerStateMachine:uninitialized
2019-11-14 17:40:59,436 [pool-153-thread-1] INFO  impl.RaftServerImpl (ServerState.java:<init>(103)) - d20af944-8902-4729-9038-f1b3d5904c1c@group-57A242E0C858: ConfigurationManager, init=-1: [b1eef20d-d56e-4525-87fc-77ff197a940a:192.168.157.194:38023, 85330d09-12c2-4b50-bc83-acecbbd5cc6d:192.168.157.194:44898, d20af944-8902-4729-9038-f1b3d5904c1c:192.168.157.194:42191], old=null, confs=<EMPTY_MAP>
2019-11-14 17:40:59,436 [pool-173-thread-1] INFO  server.RaftServerConfigKeys (ConfUtils.java:logGet(43)) - raft.server.rpc.timeout.min = 1s (custom)
2019-11-14 17:40:59,437 [pool-153-thread-1] INFO  server.RaftServerConfigKeys (ConfUtils.java:logGet(43)) - raft.server.storage.dir = [/workdir/hadoop-ozone/integration-test/target/test-dir/MiniOzoneClusterImpl-30cd45ce-4337-4039-bf7d-2128eab36bad/datanode-0/data/ratis] (custom)
2019-11-14 17:40:59,437 [pool-173-thread-1] INFO  server.RaftServerConfigKeys (ConfUtils.java:logGet(43)) - raft.server.rpc.timeout.max = 1200ms (custom)
2019-11-14 17:40:59,437 [pool-153-thread-1] INFO  server.RaftServerConfigKeys (ConfUtils.java:logGet(43)) - raft.server.log.corruption.policy = EXCEPTION (default)
2019-11-14 17:40:59,437 [pool-163-thread-1] INFO  impl.RaftServerImpl (RaftServerImpl.java:<init>(98)) - b1eef20d-d56e-4525-87fc-77ff197a940a: new RaftServerImpl for group-57A242E0C858:[b1eef20d-d56e-4525-87fc-77ff197a940a:192.168.157.194:38023, 85330d09-12c2-4b50-bc83-acecbbd5cc6d:192.168.157.194:44898, d20af944-8902-4729-9038-f1b3d5904c1c:192.168.157.194:42191] with ContainerStateMachine:uninitialized
2019-11-14 17:40:59,437 [pool-173-thread-1] INFO  server.RaftServerConfigKeys (ConfUtils.java:logGet(43)) - raft.server.rpcslowness.timeout = 120s (custom)
2019-11-14 17:40:59,437 [pool-163-thread-1] INFO  server.RaftServerConfigKeys (ConfUtils.java:logGet(43)) - raft.server.rpc.timeout.min = 1s (custom)
2019-11-14 17:40:59,437 [pool-153-thread-1] INFO  storage.RaftStorageDirectory (RaftStorageDirectory.java:analyzeStorage(246)) - The storage directory /workdir/hadoop-ozone/integration-test/target/test-dir/MiniOzoneClusterImpl-30cd45ce-4337-4039-bf7d-2128eab36bad/datanode-0/data/ratis/eadedb53-ca1e-46f6-9712-57a242e0c858 does not exist. Creating ...
2019-11-14 17:40:59,437 [pool-163-thread-1] INFO  server.RaftServerConfigKeys (ConfUtils.java:logGet(43)) - raft.server.rpc.timeout.max = 1200ms (custom)
2019-11-14 17:40:59,437 [pool-173-thread-1] INFO  server.RaftServerConfigKeys (ConfUtils.java:logGet(43)) - raft.server.sleep.deviation.threshold = 300 (default)
2019-11-14 17:40:59,437 [pool-163-thread-1] INFO  server.RaftServerConfigKeys (ConfUtils.java:logGet(43)) - raft.server.rpcslowness.timeout = 120s (custom)
2019-11-14 17:40:59,437 [pool-173-thread-1] INFO  server.RaftServerConfigKeys (ConfUtils.java:logGet(43)) - raft.server.log.appender.install.snapshot.enabled = false (custom)
2019-11-14 17:40:59,437 [pool-163-thread-1] INFO  server.RaftServerConfigKeys (ConfUtils.java:logGet(43)) - raft.server.sleep.deviation.threshold = 300 (default)
2019-11-14 17:40:59,438 [pool-173-thread-1] INFO  impl.RaftServerImpl (ServerState.java:<init>(103)) - 85330d09-12c2-4b50-bc83-acecbbd5cc6d@group-57A242E0C858: ConfigurationManager, init=-1: [b1eef20d-d56e-4525-87fc-77ff197a940a:192.168.157.194:38023, 85330d09-12c2-4b50-bc83-acecbbd5cc6d:192.168.157.194:44898, d20af944-8902-4729-9038-f1b3d5904c1c:192.168.157.194:42191], old=null, confs=<EMPTY_MAP>
2019-11-14 17:40:59,438 [pool-163-thread-1] INFO  server.RaftServerConfigKeys (ConfUtils.java:logGet(43)) - raft.server.log.appender.install.snapshot.enabled = false (custom)
2019-11-14 17:40:59,438 [pool-173-thread-1] INFO  server.RaftServerConfigKeys (ConfUtils.java:logGet(43)) - raft.server.storage.dir = [/workdir/hadoop-ozone/integration-test/target/test-dir/MiniOzoneClusterImpl-30cd45ce-4337-4039-bf7d-2128eab36bad/datanode-2/data/ratis] (custom)
2019-11-14 17:40:59,438 [pool-163-thread-1] INFO  impl.RaftServerImpl (ServerState.java:<init>(103)) - b1eef20d-d56e-4525-87fc-77ff197a940a@group-57A242E0C858: ConfigurationManager, init=-1: [b1eef20d-d56e-4525-87fc-77ff197a940a:192.168.157.194:38023, 85330d09-12c2-4b50-bc83-acecbbd5cc6d:192.168.157.194:44898, d20af944-8902-4729-9038-f1b3d5904c1c:192.168.157.194:42191], old=null, confs=<EMPTY_MAP>
2019-11-14 17:40:59,438 [pool-163-thread-1] INFO  server.RaftServerConfigKeys (ConfUtils.java:logGet(43)) - raft.server.storage.dir = [/workdir/hadoop-ozone/integration-test/target/test-dir/MiniOzoneClusterImpl-30cd45ce-4337-4039-bf7d-2128eab36bad/datanode-1/data/ratis] (custom)
2019-11-14 17:40:59,438 [pool-173-thread-1] INFO  server.RaftServerConfigKeys (ConfUtils.java:logGet(43)) - raft.server.log.corruption.policy = EXCEPTION (default)
2019-11-14 17:40:59,438 [pool-163-thread-1] INFO  server.RaftServerConfigKeys (ConfUtils.java:logGet(43)) - raft.server.log.corruption.policy = EXCEPTION (default)
2019-11-14 17:40:59,438 [pool-173-thread-1] INFO  storage.RaftStorageDirectory (RaftStorageDirectory.java:analyzeStorage(246)) - The storage directory /workdir/hadoop-ozone/integration-test/target/test-dir/MiniOzoneClusterImpl-30cd45ce-4337-4039-bf7d-2128eab36bad/datanode-2/data/ratis/eadedb53-ca1e-46f6-9712-57a242e0c858 does not exist. Creating ...
2019-11-14 17:40:59,438 [pool-163-thread-1] INFO  storage.RaftStorageDirectory (RaftStorageDirectory.java:analyzeStorage(246)) - The storage directory /workdir/hadoop-ozone/integration-test/target/test-dir/MiniOzoneClusterImpl-30cd45ce-4337-4039-bf7d-2128eab36bad/datanode-1/data/ratis/eadedb53-ca1e-46f6-9712-57a242e0c858 does not exist. Creating ...
2019-11-14 17:40:59,461 [pool-173-thread-1] INFO  storage.RaftStorageDirectory (RaftStorageDirectory.java:tryLock(328)) - Lock on /workdir/hadoop-ozone/integration-test/target/test-dir/MiniOzoneClusterImpl-30cd45ce-4337-4039-bf7d-2128eab36bad/datanode-2/data/ratis/eadedb53-ca1e-46f6-9712-57a242e0c858/in_use.lock acquired by nodename 20249@pr-hdds-2482-j87dr-2776293630
2019-11-14 17:40:59,461 [pool-153-thread-1] INFO  storage.RaftStorageDirectory (RaftStorageDirectory.java:tryLock(328)) - Lock on /workdir/hadoop-ozone/integration-test/target/test-dir/MiniOzoneClusterImpl-30cd45ce-4337-4039-bf7d-2128eab36bad/datanode-0/data/ratis/eadedb53-ca1e-46f6-9712-57a242e0c858/in_use.lock acquired by nodename 20249@pr-hdds-2482-j87dr-2776293630
2019-11-14 17:40:59,461 [pool-163-thread-1] INFO  storage.RaftStorageDirectory (RaftStorageDirectory.java:tryLock(328)) - Lock on /workdir/hadoop-ozone/integration-test/target/test-dir/MiniOzoneClusterImpl-30cd45ce-4337-4039-bf7d-2128eab36bad/datanode-1/data/ratis/eadedb53-ca1e-46f6-9712-57a242e0c858/in_use.lock acquired by nodename 20249@pr-hdds-2482-j87dr-2776293630
2019-11-14 17:40:59,482 [pool-153-thread-1] INFO  storage.RaftStorage (RaftStorage.java:format(84)) - Storage directory /workdir/hadoop-ozone/integration-test/target/test-dir/MiniOzoneClusterImpl-30cd45ce-4337-4039-bf7d-2128eab36bad/datanode-0/data/ratis/eadedb53-ca1e-46f6-9712-57a242e0c858 has been successfully formatted.
2019-11-14 17:40:59,482 [pool-173-thread-1] INFO  storage.RaftStorage (RaftStorage.java:format(84)) - Storage directory /workdir/hadoop-ozone/integration-test/target/test-dir/MiniOzoneClusterImpl-30cd45ce-4337-4039-bf7d-2128eab36bad/datanode-2/data/ratis/eadedb53-ca1e-46f6-9712-57a242e0c858 has been successfully formatted.
2019-11-14 17:40:59,482 [pool-153-thread-1] INFO  ratis.ContainerStateMachine (ContainerStateMachine.java:loadSnapshot(223)) - group-57A242E0C858: The snapshot info is null. Setting the last applied indexto:(t:0, i:~)
2019-11-14 17:40:59,482 [pool-163-thread-1] INFO  storage.RaftStorage (RaftStorage.java:format(84)) - Storage directory /workdir/hadoop-ozone/integration-test/target/test-dir/MiniOzoneClusterImpl-30cd45ce-4337-4039-bf7d-2128eab36bad/datanode-1/data/ratis/eadedb53-ca1e-46f6-9712-57a242e0c858 has been successfully formatted.
2019-11-14 17:40:59,483 [pool-153-thread-1] INFO  server.RaftServerConfigKeys (ConfUtils.java:logGet(43)) - raft.server.notification.no-leader.timeout = 120s (custom)
2019-11-14 17:40:59,483 [pool-173-thread-1] INFO  ratis.ContainerStateMachine (ContainerStateMachine.java:loadSnapshot(223)) - group-57A242E0C858: The snapshot info is null. Setting the last applied indexto:(t:0, i:~)
2019-11-14 17:40:59,483 [pool-153-thread-1] INFO  server.RaftServerConfigKeys (ConfUtils.java:logGet(43)) - raft.server.log.use.memory = false (default)
2019-11-14 17:40:59,483 [pool-163-thread-1] INFO  ratis.ContainerStateMachine (ContainerStateMachine.java:loadSnapshot(223)) - group-57A242E0C858: The snapshot info is null. Setting the last applied indexto:(t:0, i:~)
2019-11-14 17:40:59,483 [pool-153-thread-1] INFO  server.RaftServerConfigKeys (ConfUtils.java:logGet(43)) - raft.server.log.purge.gap = 1000000 (custom)
2019-11-14 17:40:59,483 [pool-173-thread-1] INFO  server.RaftServerConfigKeys (ConfUtils.java:logGet(43)) - raft.server.notification.no-leader.timeout = 120s (custom)
2019-11-14 17:40:59,483 [pool-153-thread-1] INFO  server.RaftServerConfigKeys (ConfUtils.java:logGet(43)) - raft.server.log.appender.buffer.byte-limit = 33554432 (custom)
2019-11-14 17:40:59,483 [pool-163-thread-1] INFO  server.RaftServerConfigKeys (ConfUtils.java:logGet(43)) - raft.server.notification.no-leader.timeout = 120s (custom)
2019-11-14 17:40:59,483 [pool-153-thread-1] INFO  server.RaftServerConfigKeys (ConfUtils.java:logGet(43)) - raft.server.log.segment.size.max = 1048576 (custom)
2019-11-14 17:40:59,483 [pool-173-thread-1] INFO  server.RaftServerConfigKeys (ConfUtils.java:logGet(43)) - raft.server.log.use.memory = false (default)
2019-11-14 17:40:59,483 [pool-153-thread-1] INFO  server.RaftServerConfigKeys (ConfUtils.java:logGet(43)) - raft.server.log.segment.cache.num.max = 2 (custom)
2019-11-14 17:40:59,483 [pool-163-thread-1] INFO  server.RaftServerConfigKeys (ConfUtils.java:logGet(43)) - raft.server.log.use.memory = false (default)
2019-11-14 17:40:59,484 [pool-153-thread-1] INFO  segmented.SegmentedRaftLogWorker (SegmentedRaftLogWorker.java:<init>(173)) - new d20af944-8902-4729-9038-f1b3d5904c1c@group-57A242E0C858-SegmentedRaftLogWorker for RaftStorage:Storage Directory /workdir/hadoop-ozone/integration-test/target/test-dir/MiniOzoneClusterImpl-30cd45ce-4337-4039-bf7d-2128eab36bad/datanode-0/data/ratis/eadedb53-ca1e-46f6-9712-57a242e0c858
2019-11-14 17:40:59,484 [pool-173-thread-1] INFO  server.RaftServerConfigKeys (ConfUtils.java:logGet(43)) - raft.server.log.purge.gap = 1000000 (custom)
2019-11-14 17:40:59,484 [pool-153-thread-1] INFO  server.RaftServerConfigKeys (ConfUtils.java:logGet(43)) - raft.server.log.queue.byte-limit = 2147483647 (custom)
2019-11-14 17:40:59,484 [pool-163-thread-1] INFO  server.RaftServerConfigKeys (ConfUtils.java:logGet(43)) - raft.server.log.purge.gap = 1000000 (custom)
2019-11-14 17:40:59,484 [pool-153-thread-1] INFO  server.RaftServerConfigKeys (ConfUtils.java:logGet(43)) - raft.server.log.queue.element-limit = 1024 (custom)
2019-11-14 17:40:59,484 [pool-173-thread-1] INFO  server.RaftServerConfigKeys (ConfUtils.java:logGet(43)) - raft.server.log.appender.buffer.byte-limit = 33554432 (custom)
2019-11-14 17:40:59,484 [pool-153-thread-1] INFO  server.RaftServerConfigKeys (ConfUtils.java:logGet(43)) - raft.server.log.segment.size.max = 1048576 (custom)
2019-11-14 17:40:59,484 [pool-163-thread-1] INFO  server.RaftServerConfigKeys (ConfUtils.java:logGet(43)) - raft.server.log.appender.buffer.byte-limit = 33554432 (custom)
2019-11-14 17:40:59,484 [pool-153-thread-1] INFO  server.RaftServerConfigKeys (ConfUtils.java:logGet(43)) - raft.server.log.preallocated.size = 16384 (custom)
2019-11-14 17:40:59,484 [pool-173-thread-1] INFO  server.RaftServerConfigKeys (ConfUtils.java:logGet(43)) - raft.server.log.segment.size.max = 1048576 (custom)
2019-11-14 17:40:59,484 [pool-153-thread-1] INFO  server.RaftServerConfigKeys (ConfUtils.java:logGet(43)) - raft.server.log.write.buffer.size = 33554432 (custom)
2019-11-14 17:40:59,484 [pool-163-thread-1] INFO  server.RaftServerConfigKeys (ConfUtils.java:logGet(43)) - raft.server.log.segment.size.max = 1048576 (custom)
2019-11-14 17:40:59,485 [pool-153-thread-1] INFO  server.RaftServerConfigKeys (ConfUtils.java:logGet(43)) - raft.server.log.force.sync.num = 128 (default)
2019-11-14 17:40:59,485 [pool-173-thread-1] INFO  server.RaftServerConfigKeys (ConfUtils.java:logGet(43)) - raft.server.log.segment.cache.num.max = 2 (custom)
2019-11-14 17:40:59,485 [pool-153-thread-1] INFO  server.RaftServerConfigKeys (ConfUtils.java:logGet(43)) - raft.server.log.statemachine.data.sync = true (default)
2019-11-14 17:40:59,485 [pool-163-thread-1] INFO  server.RaftServerConfigKeys (ConfUtils.java:logGet(43)) - raft.server.log.segment.cache.num.max = 2 (custom)
2019-11-14 17:40:59,485 [pool-153-thread-1] INFO  server.RaftServerConfigKeys (ConfUtils.java:logGet(43)) - raft.server.log.statemachine.data.sync.timeout = 10s (default)
2019-11-14 17:40:59,485 [pool-173-thread-1] INFO  segmented.SegmentedRaftLogWorker (SegmentedRaftLogWorker.java:<init>(173)) - new 85330d09-12c2-4b50-bc83-acecbbd5cc6d@group-57A242E0C858-SegmentedRaftLogWorker for RaftStorage:Storage Directory /workdir/hadoop-ozone/integration-test/target/test-dir/MiniOzoneClusterImpl-30cd45ce-4337-4039-bf7d-2128eab36bad/datanode-2/data/ratis/eadedb53-ca1e-46f6-9712-57a242e0c858
2019-11-14 17:40:59,485 [pool-153-thread-1] INFO  server.RaftServerConfigKeys (ConfUtils.java:logGet(43)) - raft.server.log.statemachine.data.sync.timeout.retry = -1 (default)
2019-11-14 17:40:59,485 [pool-163-thread-1] INFO  segmented.SegmentedRaftLogWorker (SegmentedRaftLogWorker.java:<init>(173)) - new b1eef20d-d56e-4525-87fc-77ff197a940a@group-57A242E0C858-SegmentedRaftLogWorker for RaftStorage:Storage Directory /workdir/hadoop-ozone/integration-test/target/test-dir/MiniOzoneClusterImpl-30cd45ce-4337-4039-bf7d-2128eab36bad/datanode-1/data/ratis/eadedb53-ca1e-46f6-9712-57a242e0c858
2019-11-14 17:40:59,485 [pool-153-thread-1] INFO  server.RaftServerConfigKeys (ConfUtils.java:logGet(43)) - raft.server.log.statemachine.data.caching.enabled = true (custom)
2019-11-14 17:40:59,485 [pool-173-thread-1] INFO  server.RaftServerConfigKeys (ConfUtils.java:logGet(43)) - raft.server.log.queue.byte-limit = 2147483647 (custom)
2019-11-14 17:40:59,485 [pool-163-thread-1] INFO  server.RaftServerConfigKeys (ConfUtils.java:logGet(43)) - raft.server.log.queue.byte-limit = 2147483647 (custom)
2019-11-14 17:40:59,486 [pool-153-thread-1] INFO  segmented.SegmentedRaftLogWorker (SegmentedRaftLogWorker.java:lambda$new$0(128)) - d20af944-8902-4729-9038-f1b3d5904c1c@group-57A242E0C858-SegmentedRaftLogWorker: flushIndex: setUnconditionally 0 -> -1
2019-11-14 17:40:59,486 [pool-173-thread-1] INFO  server.RaftServerConfigKeys (ConfUtils.java:logGet(43)) - raft.server.log.queue.element-limit = 1024 (custom)
2019-11-14 17:40:59,486 [pool-163-thread-1] INFO  server.RaftServerConfigKeys (ConfUtils.java:logGet(43)) - raft.server.log.queue.element-limit = 1024 (custom)
2019-11-14 17:40:59,486 [pool-153-thread-1] INFO  server.RaftServerConfigKeys (ConfUtils.java:logGet(43)) - raft.server.snapshot.auto.trigger.enabled = true (custom)
2019-11-14 17:40:59,486 [pool-173-thread-1] INFO  server.RaftServerConfigKeys (ConfUtils.java:logGet(43)) - raft.server.log.segment.size.max = 1048576 (custom)
2019-11-14 17:40:59,486 [pool-153-thread-1] INFO  server.RaftServerConfigKeys (ConfUtils.java:logGet(43)) - raft.server.snapshot.auto.trigger.threshold = 10000 (custom)
2019-11-14 17:40:59,486 [pool-163-thread-1] INFO  server.RaftServerConfigKeys (ConfUtils.java:logGet(43)) - raft.server.log.segment.size.max = 1048576 (custom)
2019-11-14 17:40:59,486 [pool-153-thread-1] INFO  server.RaftServerConfigKeys (ConfUtils.java:logGet(43)) - raft.server.snapshot.retention.file.num = 5 (custom)
2019-11-14 17:40:59,486 [pool-173-thread-1] INFO  server.RaftServerConfigKeys (ConfUtils.java:logGet(43)) - raft.server.log.preallocated.size = 16384 (custom)
2019-11-14 17:40:59,486 [pool-153-thread-1] INFO  server.RaftServerConfigKeys (ConfUtils.java:logGet(43)) - raft.server.retrycache.expirytime = 600000ms (custom)
2019-11-14 17:40:59,486 [pool-163-thread-1] INFO  server.RaftServerConfigKeys (ConfUtils.java:logGet(43)) - raft.server.log.preallocated.size = 16384 (custom)
2019-11-14 17:40:59,488 [pool-153-thread-1] WARN  impl.MetricRegistriesImpl (MetricRegistriesImpl.java:lambda$create$1(61)) - First MetricRegistry has been created without registering reporters. You may need to call MetricRegistries.global().addReportRegistration(...) before.
2019-11-14 17:40:59,487 [pool-173-thread-1] INFO  server.RaftServerConfigKeys (ConfUtils.java:logGet(43)) - raft.server.log.write.buffer.size = 33554432 (custom)
2019-11-14 17:40:59,488 [pool-153-thread-1] WARN  impl.MetricRegistriesImpl (MetricRegistriesImpl.java:lambda$create$1(61)) - First MetricRegistry has been created without registering reporters. You may need to call MetricRegistries.global().addReportRegistration(...) before.
2019-11-14 17:40:59,488 [pool-163-thread-1] INFO  server.RaftServerConfigKeys (ConfUtils.java:logGet(43)) - raft.server.log.write.buffer.size = 33554432 (custom)
2019-11-14 17:40:59,488 [pool-153-thread-1] INFO  impl.RaftServerImpl (RaftServerImpl.java:start(184)) - d20af944-8902-4729-9038-f1b3d5904c1c@group-57A242E0C858: start as a follower, conf=-1: [b1eef20d-d56e-4525-87fc-77ff197a940a:192.168.157.194:38023, 85330d09-12c2-4b50-bc83-acecbbd5cc6d:192.168.157.194:44898, d20af944-8902-4729-9038-f1b3d5904c1c:192.168.157.194:42191], old=null
2019-11-14 17:40:59,488 [pool-163-thread-1] INFO  server.RaftServerConfigKeys (ConfUtils.java:logGet(43)) - raft.server.log.force.sync.num = 128 (default)
2019-11-14 17:40:59,488 [pool-173-thread-1] INFO  server.RaftServerConfigKeys (ConfUtils.java:logGet(43)) - raft.server.log.force.sync.num = 128 (default)
2019-11-14 17:40:59,488 [pool-163-thread-1] INFO  server.RaftServerConfigKeys (ConfUtils.java:logGet(43)) - raft.server.log.statemachine.data.sync = true (default)
2019-11-14 17:40:59,488 [pool-153-thread-1] INFO  impl.RaftServerImpl (RaftServerImpl.java:setRole(173)) - d20af944-8902-4729-9038-f1b3d5904c1c@group-57A242E0C858: changes role from      null to FOLLOWER at term 0 for startAsFollower
2019-11-14 17:40:59,489 [pool-163-thread-1] INFO  server.RaftServerConfigKeys (ConfUtils.java:logGet(43)) - raft.server.log.statemachine.data.sync.timeout = 10s (default)
2019-11-14 17:40:59,489 [pool-173-thread-1] INFO  server.RaftServerConfigKeys (ConfUtils.java:logGet(43)) - raft.server.log.statemachine.data.sync = true (default)
2019-11-14 17:40:59,489 [pool-163-thread-1] INFO  server.RaftServerConfigKeys (ConfUtils.java:logGet(43)) - raft.server.log.statemachine.data.sync.timeout.retry = -1 (default)
2019-11-14 17:40:59,489 [pool-153-thread-1] INFO  impl.RoleInfo (RoleInfo.java:updateAndGet(143)) - d20af944-8902-4729-9038-f1b3d5904c1c: start FollowerState
2019-11-14 17:40:59,489 [pool-163-thread-1] INFO  server.RaftServerConfigKeys (ConfUtils.java:logGet(43)) - raft.server.log.statemachine.data.caching.enabled = true (custom)
2019-11-14 17:40:59,489 [pool-173-thread-1] INFO  server.RaftServerConfigKeys (ConfUtils.java:logGet(43)) - raft.server.log.statemachine.data.sync.timeout = 10s (default)
2019-11-14 17:40:59,489 [pool-153-thread-1] INFO  util.JmxRegister (JmxRegister.java:tryRegister(44)) - Successfully registered JMX Bean with object name Ratis:service=RaftServer,group=group-57A242E0C858,id=d20af944-8902-4729-9038-f1b3d5904c1c
2019-11-14 17:40:59,489 [pool-163-thread-1] INFO  segmented.SegmentedRaftLogWorker (SegmentedRaftLogWorker.java:lambda$new$0(128)) - b1eef20d-d56e-4525-87fc-77ff197a940a@group-57A242E0C858-SegmentedRaftLogWorker: flushIndex: setUnconditionally 0 -> -1
2019-11-14 17:40:59,489 [pool-153-thread-1] WARN  impl.MetricRegistriesImpl (MetricRegistriesImpl.java:lambda$create$1(61)) - First MetricRegistry has been created without registering reporters. You may need to call MetricRegistries.global().addReportRegistration(...) before.
2019-11-14 17:40:59,490 [pool-163-thread-1] INFO  server.RaftServerConfigKeys (ConfUtils.java:logGet(43)) - raft.server.snapshot.auto.trigger.enabled = true (custom)
2019-11-14 17:40:59,489 [pool-173-thread-1] INFO  server.RaftServerConfigKeys (ConfUtils.java:logGet(43)) - raft.server.log.statemachine.data.sync.timeout.retry = -1 (default)
2019-11-14 17:40:59,490 [pool-163-thread-1] INFO  server.RaftServerConfigKeys (ConfUtils.java:logGet(43)) - raft.server.snapshot.auto.trigger.threshold = 10000 (custom)
2019-11-14 17:40:59,490 [pool-163-thread-1] INFO  server.RaftServerConfigKeys (ConfUtils.java:logGet(43)) - raft.server.snapshot.retention.file.num = 5 (custom)
2019-11-14 17:40:59,490 [pool-173-thread-1] INFO  server.RaftServerConfigKeys (ConfUtils.java:logGet(43)) - raft.server.log.statemachine.data.caching.enabled = true (custom)
2019-11-14 17:40:59,490 [pool-163-thread-1] INFO  server.RaftServerConfigKeys (ConfUtils.java:logGet(43)) - raft.server.retrycache.expirytime = 600000ms (custom)
2019-11-14 17:40:59,491 [pool-163-thread-1] WARN  impl.MetricRegistriesImpl (MetricRegistriesImpl.java:lambda$create$1(61)) - First MetricRegistry has been created without registering reporters. You may need to call MetricRegistries.global().addReportRegistration(...) before.
2019-11-14 17:40:59,491 [pool-173-thread-1] INFO  segmented.SegmentedRaftLogWorker (SegmentedRaftLogWorker.java:lambda$new$0(128)) - 85330d09-12c2-4b50-bc83-acecbbd5cc6d@group-57A242E0C858-SegmentedRaftLogWorker: flushIndex: setUnconditionally 0 -> -1
2019-11-14 17:40:59,491 [pool-163-thread-1] WARN  impl.MetricRegistriesImpl (MetricRegistriesImpl.java:lambda$create$1(61)) - First MetricRegistry has been created without registering reporters. You may need to call MetricRegistries.global().addReportRegistration(...) before.
2019-11-14 17:40:59,491 [pool-173-thread-1] INFO  server.RaftServerConfigKeys (ConfUtils.java:logGet(43)) - raft.server.snapshot.auto.trigger.enabled = true (custom)
2019-11-14 17:40:59,491 [pool-163-thread-1] INFO  impl.RaftServerImpl (RaftServerImpl.java:start(184)) - b1eef20d-d56e-4525-87fc-77ff197a940a@group-57A242E0C858: start as a follower, conf=-1: [b1eef20d-d56e-4525-87fc-77ff197a940a:192.168.157.194:38023, 85330d09-12c2-4b50-bc83-acecbbd5cc6d:192.168.157.194:44898, d20af944-8902-4729-9038-f1b3d5904c1c:192.168.157.194:42191], old=null
2019-11-14 17:40:59,491 [pool-173-thread-1] INFO  server.RaftServerConfigKeys (ConfUtils.java:logGet(43)) - raft.server.snapshot.auto.trigger.threshold = 10000 (custom)
2019-11-14 17:40:59,491 [pool-163-thread-1] INFO  impl.RaftServerImpl (RaftServerImpl.java:setRole(173)) - b1eef20d-d56e-4525-87fc-77ff197a940a@group-57A242E0C858: changes role from      null to FOLLOWER at term 0 for startAsFollower
2019-11-14 17:40:59,492 [pool-173-thread-1] INFO  server.RaftServerConfigKeys (ConfUtils.java:logGet(43)) - raft.server.snapshot.retention.file.num = 5 (custom)
2019-11-14 17:40:59,492 [pool-163-thread-1] INFO  impl.RoleInfo (RoleInfo.java:updateAndGet(143)) - b1eef20d-d56e-4525-87fc-77ff197a940a: start FollowerState
2019-11-14 17:40:59,492 [pool-173-thread-1] INFO  server.RaftServerConfigKeys (ConfUtils.java:logGet(43)) - raft.server.retrycache.expirytime = 600000ms (custom)
2019-11-14 17:40:59,492 [pool-173-thread-1] WARN  impl.MetricRegistriesImpl (MetricRegistriesImpl.java:lambda$create$1(61)) - First MetricRegistry has been created without registering reporters. You may need to call MetricRegistries.global().addReportRegistration(...) before.
2019-11-14 17:40:59,492 [pool-163-thread-1] INFO  util.JmxRegister (JmxRegister.java:tryRegister(44)) - Successfully registered JMX Bean with object name Ratis:service=RaftServer,group=group-57A242E0C858,id=b1eef20d-d56e-4525-87fc-77ff197a940a
2019-11-14 17:40:59,493 [pool-173-thread-1] WARN  impl.MetricRegistriesImpl (MetricRegistriesImpl.java:lambda$create$1(61)) - First MetricRegistry has been created without registering reporters. You may need to call MetricRegistries.global().addReportRegistration(...) before.
2019-11-14 17:40:59,493 [pool-163-thread-1] WARN  impl.MetricRegistriesImpl (MetricRegistriesImpl.java:lambda$create$1(61)) - First MetricRegistry has been created without registering reporters. You may need to call MetricRegistries.global().addReportRegistration(...) before.
2019-11-14 17:40:59,493 [pool-173-thread-1] INFO  impl.RaftServerImpl (RaftServerImpl.java:start(184)) - 85330d09-12c2-4b50-bc83-acecbbd5cc6d@group-57A242E0C858: start as a follower, conf=-1: [b1eef20d-d56e-4525-87fc-77ff197a940a:192.168.157.194:38023, 85330d09-12c2-4b50-bc83-acecbbd5cc6d:192.168.157.194:44898, d20af944-8902-4729-9038-f1b3d5904c1c:192.168.157.194:42191], old=null
2019-11-14 17:40:59,493 [pool-173-thread-1] INFO  impl.RaftServerImpl (RaftServerImpl.java:setRole(173)) - 85330d09-12c2-4b50-bc83-acecbbd5cc6d@group-57A242E0C858: changes role from      null to FOLLOWER at term 0 for startAsFollower
2019-11-14 17:40:59,493 [pool-173-thread-1] INFO  impl.RoleInfo (RoleInfo.java:updateAndGet(143)) - 85330d09-12c2-4b50-bc83-acecbbd5cc6d: start FollowerState
2019-11-14 17:40:59,494 [pool-173-thread-1] INFO  util.JmxRegister (JmxRegister.java:tryRegister(44)) - Successfully registered JMX Bean with object name Ratis:service=RaftServer,group=group-57A242E0C858,id=85330d09-12c2-4b50-bc83-acecbbd5cc6d
2019-11-14 17:40:59,494 [pool-173-thread-1] WARN  impl.MetricRegistriesImpl (MetricRegistriesImpl.java:lambda$create$1(61)) - First MetricRegistry has been created without registering reporters. You may need to call MetricRegistries.global().addReportRegistration(...) before.
2019-11-14 17:40:59,496 [RatisPipelineUtilsThread] INFO  pipeline.PipelineStateManager (PipelineStateManager.java:addPipeline(55)) - Created pipeline Pipeline[ Id: eadedb53-ca1e-46f6-9712-57a242e0c858, Nodes: d20af944-8902-4729-9038-f1b3d5904c1c{ip: 192.168.157.194, host: pr-hdds-2482-j87dr-2776293630, networkLocation: /default-rack, certSerialId: null}b1eef20d-d56e-4525-87fc-77ff197a940a{ip: 192.168.157.194, host: pr-hdds-2482-j87dr-2776293630, networkLocation: /default-rack, certSerialId: null}85330d09-12c2-4b50-bc83-acecbbd5cc6d{ip: 192.168.157.194, host: pr-hdds-2482-j87dr-2776293630, networkLocation: /default-rack, certSerialId: null}, Type:RATIS, Factor:THREE, State:ALLOCATED]
2019-11-14 17:40:59,498 [Thread-1445] INFO  pipeline.PipelineStateManager (PipelineStateManager.java:finalizePipeline(121)) - Pipeline Pipeline[ Id: d4fb63b5-64da-4e4c-b5ee-90f92bfd46f7, Nodes: 85330d09-12c2-4b50-bc83-acecbbd5cc6d{ip: 192.168.157.194, host: pr-hdds-2482-j87dr-2776293630, networkLocation: /default-rack, certSerialId: null}, Type:RATIS, Factor:ONE, State:CLOSED] moved to CLOSED state
2019-11-14 17:40:59,501 [grpc-default-executor-3] INFO  impl.RaftServerProxy (RaftServerProxy.java:remove(95)) - 85330d09-12c2-4b50-bc83-acecbbd5cc6d: remove    LEADER 85330d09-12c2-4b50-bc83-acecbbd5cc6d@group-90F92BFD46F7:t1, leader=85330d09-12c2-4b50-bc83-acecbbd5cc6d, voted=85330d09-12c2-4b50-bc83-acecbbd5cc6d, raftlog=85330d09-12c2-4b50-bc83-acecbbd5cc6d@group-90F92BFD46F7-SegmentedRaftLog:OPENED:c0,f0,i0, conf=0: [85330d09-12c2-4b50-bc83-acecbbd5cc6d:192.168.157.194:44898], old=null RUNNING
2019-11-14 17:40:59,502 [grpc-default-executor-3] INFO  impl.RaftServerImpl (RaftServerImpl.java:lambda$shutdown$3(250)) - 85330d09-12c2-4b50-bc83-acecbbd5cc6d@group-90F92BFD46F7: shutdown
2019-11-14 17:40:59,502 [grpc-default-executor-3] INFO  util.JmxRegister (JmxRegister.java:unregister(73)) - Successfully un-registered JMX Bean with object name Ratis:service=RaftServer,group=group-90F92BFD46F7,id=85330d09-12c2-4b50-bc83-acecbbd5cc6d
2019-11-14 17:40:59,502 [grpc-default-executor-3] INFO  impl.RoleInfo (RoleInfo.java:shutdownLeaderState(104)) - 85330d09-12c2-4b50-bc83-acecbbd5cc6d: shutdown LeaderState
2019-11-14 17:40:59,502 [grpc-default-executor-3] INFO  impl.PendingRequests (PendingRequests.java:sendNotLeaderResponses(206)) - 85330d09-12c2-4b50-bc83-acecbbd5cc6d@group-90F92BFD46F7-PendingRequests: sendNotLeaderResponses
2019-11-14 17:40:59,502 [grpc-default-executor-3] INFO  impl.StateMachineUpdater (StateMachineUpdater.java:stopAndJoin(136)) - 85330d09-12c2-4b50-bc83-acecbbd5cc6d@group-90F92BFD46F7-StateMachineUpdater: set stopIndex = 0
2019-11-14 17:40:59,503 [grpc-default-executor-3] INFO  impl.RaftServerImpl (ServerState.java:close(387)) - 85330d09-12c2-4b50-bc83-acecbbd5cc6d@group-90F92BFD46F7: closes. applyIndex: 0
2019-11-14 17:40:59,503 [85330d09-12c2-4b50-bc83-acecbbd5cc6d@group-90F92BFD46F7-SegmentedRaftLogWorker] INFO  segmented.SegmentedRaftLogWorker (SegmentedRaftLogWorker.java:run(316)) - 85330d09-12c2-4b50-bc83-acecbbd5cc6d@group-90F92BFD46F7-SegmentedRaftLogWorker was interrupted, exiting. There are 0 tasks remaining in the queue.
2019-11-14 17:40:59,504 [grpc-default-executor-3] INFO  segmented.SegmentedRaftLogWorker (SegmentedRaftLogWorker.java:close(224)) - 85330d09-12c2-4b50-bc83-acecbbd5cc6d@group-90F92BFD46F7-SegmentedRaftLogWorker close()
2019-11-14 17:40:59,509 [Thread-1445] INFO  pipeline.PipelineStateManager (PipelineStateManager.java:removePipeline(106)) - Pipeline Pipeline[ Id: d4fb63b5-64da-4e4c-b5ee-90f92bfd46f7, Nodes: 85330d09-12c2-4b50-bc83-acecbbd5cc6d{ip: 192.168.157.194, host: pr-hdds-2482-j87dr-2776293630, networkLocation: /default-rack, certSerialId: null}, Type:RATIS, Factor:ONE, State:CLOSED] removed from db
2019-11-14 17:40:59,509 [Thread-1445] INFO  pipeline.SCMPipelineManager (SCMPipelineManager.java:finalizeAndDestroyPipeline(315)) - destroying pipeline:Pipeline[ Id: e03d25b4-aef4-4a89-8304-207949302be2, Nodes: 71bec8dd-fabd-4ede-a8a1-a5a2039dbf17{ip: 192.168.157.194, host: pr-hdds-2482-j87dr-2776293630, networkLocation: /default-rack, certSerialId: null}, Type:RATIS, Factor:ONE, State:OPEN]
2019-11-14 17:40:59,513 [grpc-default-executor-3] INFO  impl.RaftServerProxy (RaftServerProxy.java:addNew(89)) - 85330d09-12c2-4b50-bc83-acecbbd5cc6d: addNew group-60932659C8E4:[85330d09-12c2-4b50-bc83-acecbbd5cc6d:192.168.157.194:44898] returns group-60932659C8E4:java.util.concurrent.CompletableFuture@7a18b872[Not completed]
2019-11-14 17:40:59,515 [pool-173-thread-1] INFO  impl.RaftServerImpl (RaftServerImpl.java:<init>(98)) - 85330d09-12c2-4b50-bc83-acecbbd5cc6d: new RaftServerImpl for group-60932659C8E4:[85330d09-12c2-4b50-bc83-acecbbd5cc6d:192.168.157.194:44898] with ContainerStateMachine:uninitialized
2019-11-14 17:40:59,516 [pool-173-thread-1] INFO  server.RaftServerConfigKeys (ConfUtils.java:logGet(43)) - raft.server.rpc.timeout.min = 1s (custom)
2019-11-14 17:40:59,516 [pool-173-thread-1] INFO  server.RaftServerConfigKeys (ConfUtils.java:logGet(43)) - raft.server.rpc.timeout.max = 1200ms (custom)
2019-11-14 17:40:59,516 [pool-173-thread-1] INFO  server.RaftServerConfigKeys (ConfUtils.java:logGet(43)) - raft.server.rpcslowness.timeout = 120s (custom)
2019-11-14 17:40:59,516 [pool-173-thread-1] INFO  server.RaftServerConfigKeys (ConfUtils.java:logGet(43)) - raft.server.sleep.deviation.threshold = 300 (default)
2019-11-14 17:40:59,516 [pool-173-thread-1] INFO  server.RaftServerConfigKeys (ConfUtils.java:logGet(43)) - raft.server.log.appender.install.snapshot.enabled = false (custom)
2019-11-14 17:40:59,517 [pool-173-thread-1] INFO  impl.RaftServerImpl (ServerState.java:<init>(103)) - 85330d09-12c2-4b50-bc83-acecbbd5cc6d@group-60932659C8E4: ConfigurationManager, init=-1: [85330d09-12c2-4b50-bc83-acecbbd5cc6d:192.168.157.194:44898], old=null, confs=<EMPTY_MAP>
2019-11-14 17:40:59,517 [pool-173-thread-1] INFO  server.RaftServerConfigKeys (ConfUtils.java:logGet(43)) - raft.server.storage.dir = [/workdir/hadoop-ozone/integration-test/target/test-dir/MiniOzoneClusterImpl-30cd45ce-4337-4039-bf7d-2128eab36bad/datanode-2/data/ratis] (custom)
2019-11-14 17:40:59,517 [pool-173-thread-1] INFO  server.RaftServerConfigKeys (ConfUtils.java:logGet(43)) - raft.server.log.corruption.policy = EXCEPTION (default)
2019-11-14 17:40:59,517 [pool-173-thread-1] INFO  storage.RaftStorageDirectory (RaftStorageDirectory.java:analyzeStorage(246)) - The storage directory /workdir/hadoop-ozone/integration-test/target/test-dir/MiniOzoneClusterImpl-30cd45ce-4337-4039-bf7d-2128eab36bad/datanode-2/data/ratis/1bd1027e-352e-4644-ae8b-60932659c8e4 does not exist. Creating ...
2019-11-14 17:40:59,541 [pool-173-thread-1] INFO  storage.RaftStorageDirectory (RaftStorageDirectory.java:tryLock(328)) - Lock on /workdir/hadoop-ozone/integration-test/target/test-dir/MiniOzoneClusterImpl-30cd45ce-4337-4039-bf7d-2128eab36bad/datanode-2/data/ratis/1bd1027e-352e-4644-ae8b-60932659c8e4/in_use.lock acquired by nodename 20249@pr-hdds-2482-j87dr-2776293630
2019-11-14 17:40:59,581 [pool-173-thread-1] INFO  storage.RaftStorage (RaftStorage.java:format(84)) - Storage directory /workdir/hadoop-ozone/integration-test/target/test-dir/MiniOzoneClusterImpl-30cd45ce-4337-4039-bf7d-2128eab36bad/datanode-2/data/ratis/1bd1027e-352e-4644-ae8b-60932659c8e4 has been successfully formatted.
2019-11-14 17:40:59,581 [pool-173-thread-1] INFO  ratis.ContainerStateMachine (ContainerStateMachine.java:loadSnapshot(223)) - group-60932659C8E4: The snapshot info is null. Setting the last applied indexto:(t:0, i:~)
2019-11-14 17:40:59,581 [pool-173-thread-1] INFO  server.RaftServerConfigKeys (ConfUtils.java:logGet(43)) - raft.server.notification.no-leader.timeout = 120s (custom)
2019-11-14 17:40:59,581 [pool-173-thread-1] INFO  server.RaftServerConfigKeys (ConfUtils.java:logGet(43)) - raft.server.log.use.memory = false (default)
2019-11-14 17:40:59,581 [pool-173-thread-1] INFO  server.RaftServerConfigKeys (ConfUtils.java:logGet(43)) - raft.server.log.purge.gap = 1000000 (custom)
2019-11-14 17:40:59,581 [pool-173-thread-1] INFO  server.RaftServerConfigKeys (ConfUtils.java:logGet(43)) - raft.server.log.appender.buffer.byte-limit = 33554432 (custom)
2019-11-14 17:40:59,582 [pool-173-thread-1] INFO  server.RaftServerConfigKeys (ConfUtils.java:logGet(43)) - raft.server.log.segment.size.max = 1048576 (custom)
2019-11-14 17:40:59,582 [pool-173-thread-1] INFO  server.RaftServerConfigKeys (ConfUtils.java:logGet(43)) - raft.server.log.segment.cache.num.max = 2 (custom)
2019-11-14 17:40:59,582 [pool-173-thread-1] INFO  segmented.SegmentedRaftLogWorker (SegmentedRaftLogWorker.java:<init>(173)) - new 85330d09-12c2-4b50-bc83-acecbbd5cc6d@group-60932659C8E4-SegmentedRaftLogWorker for RaftStorage:Storage Directory /workdir/hadoop-ozone/integration-test/target/test-dir/MiniOzoneClusterImpl-30cd45ce-4337-4039-bf7d-2128eab36bad/datanode-2/data/ratis/1bd1027e-352e-4644-ae8b-60932659c8e4
2019-11-14 17:40:59,582 [pool-173-thread-1] INFO  server.RaftServerConfigKeys (ConfUtils.java:logGet(43)) - raft.server.log.queue.byte-limit = 2147483647 (custom)
2019-11-14 17:40:59,582 [pool-173-thread-1] INFO  server.RaftServerConfigKeys (ConfUtils.java:logGet(43)) - raft.server.log.queue.element-limit = 1024 (custom)
2019-11-14 17:40:59,582 [pool-173-thread-1] INFO  server.RaftServerConfigKeys (ConfUtils.java:logGet(43)) - raft.server.log.segment.size.max = 1048576 (custom)
2019-11-14 17:40:59,582 [pool-173-thread-1] INFO  server.RaftServerConfigKeys (ConfUtils.java:logGet(43)) - raft.server.log.preallocated.size = 16384 (custom)
2019-11-14 17:40:59,582 [pool-173-thread-1] INFO  server.RaftServerConfigKeys (ConfUtils.java:logGet(43)) - raft.server.log.write.buffer.size = 33554432 (custom)
2019-11-14 17:40:59,582 [pool-173-thread-1] INFO  server.RaftServerConfigKeys (ConfUtils.java:logGet(43)) - raft.server.log.force.sync.num = 128 (default)
2019-11-14 17:40:59,582 [pool-173-thread-1] INFO  server.RaftServerConfigKeys (ConfUtils.java:logGet(43)) - raft.server.log.statemachine.data.sync = true (default)
2019-11-14 17:40:59,582 [pool-173-thread-1] INFO  server.RaftServerConfigKeys (ConfUtils.java:logGet(43)) - raft.server.log.statemachine.data.sync.timeout = 10s (default)
2019-11-14 17:40:59,583 [pool-173-thread-1] INFO  server.RaftServerConfigKeys (ConfUtils.java:logGet(43)) - raft.server.log.statemachine.data.sync.timeout.retry = -1 (default)
2019-11-14 17:40:59,583 [pool-173-thread-1] INFO  server.RaftServerConfigKeys (ConfUtils.java:logGet(43)) - raft.server.log.statemachine.data.caching.enabled = true (custom)
2019-11-14 17:40:59,583 [pool-173-thread-1] INFO  segmented.SegmentedRaftLogWorker (SegmentedRaftLogWorker.java:lambda$new$0(128)) - 85330d09-12c2-4b50-bc83-acecbbd5cc6d@group-60932659C8E4-SegmentedRaftLogWorker: flushIndex: setUnconditionally 0 -> -1
2019-11-14 17:40:59,583 [pool-173-thread-1] INFO  server.RaftServerConfigKeys (ConfUtils.java:logGet(43)) - raft.server.snapshot.auto.trigger.enabled = true (custom)
2019-11-14 17:40:59,583 [pool-173-thread-1] INFO  server.RaftServerConfigKeys (ConfUtils.java:logGet(43)) - raft.server.snapshot.auto.trigger.threshold = 10000 (custom)
2019-11-14 17:40:59,583 [pool-173-thread-1] INFO  server.RaftServerConfigKeys (ConfUtils.java:logGet(43)) - raft.server.snapshot.retention.file.num = 5 (custom)
2019-11-14 17:40:59,583 [pool-173-thread-1] INFO  server.RaftServerConfigKeys (ConfUtils.java:logGet(43)) - raft.server.retrycache.expirytime = 600000ms (custom)
2019-11-14 17:40:59,583 [pool-173-thread-1] WARN  impl.MetricRegistriesImpl (MetricRegistriesImpl.java:lambda$create$1(61)) - First MetricRegistry has been created without registering reporters. You may need to call MetricRegistries.global().addReportRegistration(...) before.
2019-11-14 17:40:59,584 [pool-173-thread-1] WARN  impl.MetricRegistriesImpl (MetricRegistriesImpl.java:lambda$create$1(61)) - First MetricRegistry has been created without registering reporters. You may need to call MetricRegistries.global().addReportRegistration(...) before.
2019-11-14 17:40:59,584 [pool-173-thread-1] INFO  impl.RaftServerImpl (RaftServerImpl.java:start(184)) - 85330d09-12c2-4b50-bc83-acecbbd5cc6d@group-60932659C8E4: start as a follower, conf=-1: [85330d09-12c2-4b50-bc83-acecbbd5cc6d:192.168.157.194:44898], old=null
2019-11-14 17:40:59,584 [pool-173-thread-1] INFO  impl.RaftServerImpl (RaftServerImpl.java:setRole(173)) - 85330d09-12c2-4b50-bc83-acecbbd5cc6d@group-60932659C8E4: changes role from      null to FOLLOWER at term 0 for startAsFollower
2019-11-14 17:40:59,584 [pool-173-thread-1] INFO  impl.RoleInfo (RoleInfo.java:updateAndGet(143)) - 85330d09-12c2-4b50-bc83-acecbbd5cc6d: start FollowerState
2019-11-14 17:40:59,584 [pool-173-thread-1] INFO  util.JmxRegister (JmxRegister.java:tryRegister(44)) - Successfully registered JMX Bean with object name Ratis:service=RaftServer,group=group-60932659C8E4,id=85330d09-12c2-4b50-bc83-acecbbd5cc6d
2019-11-14 17:40:59,584 [pool-173-thread-1] WARN  impl.MetricRegistriesImpl (MetricRegistriesImpl.java:lambda$create$1(61)) - First MetricRegistry has been created without registering reporters. You may need to call MetricRegistries.global().addReportRegistration(...) before.
2019-11-14 17:40:59,587 [RatisPipelineUtilsThread] INFO  pipeline.PipelineStateManager (PipelineStateManager.java:addPipeline(55)) - Created pipeline Pipeline[ Id: 1bd1027e-352e-4644-ae8b-60932659c8e4, Nodes: 85330d09-12c2-4b50-bc83-acecbbd5cc6d{ip: 192.168.157.194, host: pr-hdds-2482-j87dr-2776293630, networkLocation: /default-rack, certSerialId: null}, Type:RATIS, Factor:ONE, State:ALLOCATED]
2019-11-14 17:40:59,589 [Thread-1445] INFO  pipeline.PipelineStateManager (PipelineStateManager.java:finalizePipeline(121)) - Pipeline Pipeline[ Id: e03d25b4-aef4-4a89-8304-207949302be2, Nodes: 71bec8dd-fabd-4ede-a8a1-a5a2039dbf17{ip: 192.168.157.194, host: pr-hdds-2482-j87dr-2776293630, networkLocation: /default-rack, certSerialId: null}, Type:RATIS, Factor:ONE, State:CLOSED] moved to CLOSED state
2019-11-14 17:40:59,593 [grpc-default-executor-3] INFO  impl.RaftServerProxy (RaftServerProxy.java:remove(95)) - 71bec8dd-fabd-4ede-a8a1-a5a2039dbf17: remove    LEADER 71bec8dd-fabd-4ede-a8a1-a5a2039dbf17@group-207949302BE2:t1, leader=71bec8dd-fabd-4ede-a8a1-a5a2039dbf17, voted=71bec8dd-fabd-4ede-a8a1-a5a2039dbf17, raftlog=71bec8dd-fabd-4ede-a8a1-a5a2039dbf17@group-207949302BE2-SegmentedRaftLog:OPENED:c0,f0,i0, conf=0: [71bec8dd-fabd-4ede-a8a1-a5a2039dbf17:192.168.157.194:34443], old=null RUNNING
2019-11-14 17:40:59,593 [grpc-default-executor-3] INFO  impl.RaftServerImpl (RaftServerImpl.java:lambda$shutdown$3(250)) - 71bec8dd-fabd-4ede-a8a1-a5a2039dbf17@group-207949302BE2: shutdown
2019-11-14 17:40:59,593 [grpc-default-executor-3] INFO  util.JmxRegister (JmxRegister.java:unregister(73)) - Successfully un-registered JMX Bean with object name Ratis:service=RaftServer,group=group-207949302BE2,id=71bec8dd-fabd-4ede-a8a1-a5a2039dbf17
2019-11-14 17:40:59,593 [grpc-default-executor-3] INFO  impl.RoleInfo (RoleInfo.java:shutdownLeaderState(104)) - 71bec8dd-fabd-4ede-a8a1-a5a2039dbf17: shutdown LeaderState
2019-11-14 17:40:59,593 [grpc-default-executor-3] INFO  impl.PendingRequests (PendingRequests.java:sendNotLeaderResponses(206)) - 71bec8dd-fabd-4ede-a8a1-a5a2039dbf17@group-207949302BE2-PendingRequests: sendNotLeaderResponses
2019-11-14 17:40:59,594 [grpc-default-executor-3] INFO  impl.StateMachineUpdater (StateMachineUpdater.java:stopAndJoin(136)) - 71bec8dd-fabd-4ede-a8a1-a5a2039dbf17@group-207949302BE2-StateMachineUpdater: set stopIndex = 0
2019-11-14 17:40:59,594 [grpc-default-executor-3] INFO  impl.RaftServerImpl (ServerState.java:close(387)) - 71bec8dd-fabd-4ede-a8a1-a5a2039dbf17@group-207949302BE2: closes. applyIndex: 0
2019-11-14 17:40:59,594 [71bec8dd-fabd-4ede-a8a1-a5a2039dbf17@group-207949302BE2-SegmentedRaftLogWorker] INFO  segmented.SegmentedRaftLogWorker (SegmentedRaftLogWorker.java:run(316)) - 71bec8dd-fabd-4ede-a8a1-a5a2039dbf17@group-207949302BE2-SegmentedRaftLogWorker was interrupted, exiting. There are 0 tasks remaining in the queue.
2019-11-14 17:40:59,595 [grpc-default-executor-3] INFO  segmented.SegmentedRaftLogWorker (SegmentedRaftLogWorker.java:close(224)) - 71bec8dd-fabd-4ede-a8a1-a5a2039dbf17@group-207949302BE2-SegmentedRaftLogWorker close()
2019-11-14 17:40:59,599 [Thread-1445] INFO  pipeline.PipelineStateManager (PipelineStateManager.java:removePipeline(106)) - Pipeline Pipeline[ Id: e03d25b4-aef4-4a89-8304-207949302be2, Nodes: 71bec8dd-fabd-4ede-a8a1-a5a2039dbf17{ip: 192.168.157.194, host: pr-hdds-2482-j87dr-2776293630, networkLocation: /default-rack, certSerialId: null}, Type:RATIS, Factor:ONE, State:CLOSED] removed from db
2019-11-14 17:40:59,599 [Thread-1445] INFO  pipeline.SCMPipelineManager (SCMPipelineManager.java:finalizeAndDestroyPipeline(315)) - destroying pipeline:Pipeline[ Id: 09c220b9-9f2a-4acf-96de-51996e38c70d, Nodes: 90a583a1-bf80-46e7-94ec-70238bb9c970{ip: 192.168.157.194, host: pr-hdds-2482-j87dr-2776293630, networkLocation: /default-rack, certSerialId: null}71bec8dd-fabd-4ede-a8a1-a5a2039dbf17{ip: 192.168.157.194, host: pr-hdds-2482-j87dr-2776293630, networkLocation: /default-rack, certSerialId: null}b8551fbf-2c11-4c1f-914e-c2dd536d81a3{ip: 192.168.157.194, host: pr-hdds-2482-j87dr-2776293630, networkLocation: /default-rack, certSerialId: null}, Type:RATIS, Factor:THREE, State:OPEN]
2019-11-14 17:40:59,603 [grpc-default-executor-3] INFO  impl.RaftServerProxy (RaftServerProxy.java:addNew(89)) - 71bec8dd-fabd-4ede-a8a1-a5a2039dbf17: addNew group-FA619CD666BB:[71bec8dd-fabd-4ede-a8a1-a5a2039dbf17:192.168.157.194:34443] returns group-FA619CD666BB:java.util.concurrent.CompletableFuture@bec051a[Not completed]
2019-11-14 17:40:59,604 [pool-183-thread-1] INFO  impl.RaftServerImpl (RaftServerImpl.java:<init>(98)) - 71bec8dd-fabd-4ede-a8a1-a5a2039dbf17: new RaftServerImpl for group-FA619CD666BB:[71bec8dd-fabd-4ede-a8a1-a5a2039dbf17:192.168.157.194:34443] with ContainerStateMachine:uninitialized
2019-11-14 17:40:59,605 [pool-183-thread-1] INFO  server.RaftServerConfigKeys (ConfUtils.java:logGet(43)) - raft.server.rpc.timeout.min = 1s (custom)
2019-11-14 17:40:59,605 [pool-183-thread-1] INFO  server.RaftServerConfigKeys (ConfUtils.java:logGet(43)) - raft.server.rpc.timeout.max = 1200ms (custom)
2019-11-14 17:40:59,605 [pool-183-thread-1] INFO  server.RaftServerConfigKeys (ConfUtils.java:logGet(43)) - raft.server.rpcslowness.timeout = 120s (custom)
2019-11-14 17:40:59,605 [pool-183-thread-1] INFO  server.RaftServerConfigKeys (ConfUtils.java:logGet(43)) - raft.server.sleep.deviation.threshold = 300 (default)
2019-11-14 17:40:59,605 [pool-183-thread-1] INFO  server.RaftServerConfigKeys (ConfUtils.java:logGet(43)) - raft.server.log.appender.install.snapshot.enabled = false (custom)
2019-11-14 17:40:59,605 [pool-183-thread-1] INFO  impl.RaftServerImpl (ServerState.java:<init>(103)) - 71bec8dd-fabd-4ede-a8a1-a5a2039dbf17@group-FA619CD666BB: ConfigurationManager, init=-1: [71bec8dd-fabd-4ede-a8a1-a5a2039dbf17:192.168.157.194:34443], old=null, confs=<EMPTY_MAP>
2019-11-14 17:40:59,605 [pool-183-thread-1] INFO  server.RaftServerConfigKeys (ConfUtils.java:logGet(43)) - raft.server.storage.dir = [/workdir/hadoop-ozone/integration-test/target/test-dir/MiniOzoneClusterImpl-30cd45ce-4337-4039-bf7d-2128eab36bad/datanode-3/data/ratis] (custom)
2019-11-14 17:40:59,605 [pool-183-thread-1] INFO  server.RaftServerConfigKeys (ConfUtils.java:logGet(43)) - raft.server.log.corruption.policy = EXCEPTION (default)
2019-11-14 17:40:59,605 [pool-183-thread-1] INFO  storage.RaftStorageDirectory (RaftStorageDirectory.java:analyzeStorage(246)) - The storage directory /workdir/hadoop-ozone/integration-test/target/test-dir/MiniOzoneClusterImpl-30cd45ce-4337-4039-bf7d-2128eab36bad/datanode-3/data/ratis/8dbaf69b-8bde-40ef-a4f1-fa619cd666bb does not exist. Creating ...
2019-11-14 17:40:59,635 [pool-183-thread-1] INFO  storage.RaftStorageDirectory (RaftStorageDirectory.java:tryLock(328)) - Lock on /workdir/hadoop-ozone/integration-test/target/test-dir/MiniOzoneClusterImpl-30cd45ce-4337-4039-bf7d-2128eab36bad/datanode-3/data/ratis/8dbaf69b-8bde-40ef-a4f1-fa619cd666bb/in_use.lock acquired by nodename 20249@pr-hdds-2482-j87dr-2776293630
2019-11-14 17:40:59,652 [pool-183-thread-1] INFO  storage.RaftStorage (RaftStorage.java:format(84)) - Storage directory /workdir/hadoop-ozone/integration-test/target/test-dir/MiniOzoneClusterImpl-30cd45ce-4337-4039-bf7d-2128eab36bad/datanode-3/data/ratis/8dbaf69b-8bde-40ef-a4f1-fa619cd666bb has been successfully formatted.
2019-11-14 17:40:59,652 [pool-183-thread-1] INFO  ratis.ContainerStateMachine (ContainerStateMachine.java:loadSnapshot(223)) - group-FA619CD666BB: The snapshot info is null. Setting the last applied indexto:(t:0, i:~)
2019-11-14 17:40:59,652 [pool-183-thread-1] INFO  server.RaftServerConfigKeys (ConfUtils.java:logGet(43)) - raft.server.notification.no-leader.timeout = 120s (custom)
2019-11-14 17:40:59,652 [pool-183-thread-1] INFO  server.RaftServerConfigKeys (ConfUtils.java:logGet(43)) - raft.server.log.use.memory = false (default)
2019-11-14 17:40:59,653 [pool-183-thread-1] INFO  server.RaftServerConfigKeys (ConfUtils.java:logGet(43)) - raft.server.log.purge.gap = 1000000 (custom)
2019-11-14 17:40:59,653 [pool-183-thread-1] INFO  server.RaftServerConfigKeys (ConfUtils.java:logGet(43)) - raft.server.log.appender.buffer.byte-limit = 33554432 (custom)
2019-11-14 17:40:59,653 [pool-183-thread-1] INFO  server.RaftServerConfigKeys (ConfUtils.java:logGet(43)) - raft.server.log.segment.size.max = 1048576 (custom)
2019-11-14 17:40:59,653 [pool-183-thread-1] INFO  server.RaftServerConfigKeys (ConfUtils.java:logGet(43)) - raft.server.log.segment.cache.num.max = 2 (custom)
2019-11-14 17:40:59,653 [pool-183-thread-1] INFO  segmented.SegmentedRaftLogWorker (SegmentedRaftLogWorker.java:<init>(173)) - new 71bec8dd-fabd-4ede-a8a1-a5a2039dbf17@group-FA619CD666BB-SegmentedRaftLogWorker for RaftStorage:Storage Directory /workdir/hadoop-ozone/integration-test/target/test-dir/MiniOzoneClusterImpl-30cd45ce-4337-4039-bf7d-2128eab36bad/datanode-3/data/ratis/8dbaf69b-8bde-40ef-a4f1-fa619cd666bb
2019-11-14 17:40:59,653 [pool-183-thread-1] INFO  server.RaftServerConfigKeys (ConfUtils.java:logGet(43)) - raft.server.log.queue.byte-limit = 2147483647 (custom)
2019-11-14 17:40:59,653 [pool-183-thread-1] INFO  server.RaftServerConfigKeys (ConfUtils.java:logGet(43)) - raft.server.log.queue.element-limit = 1024 (custom)
2019-11-14 17:40:59,653 [pool-183-thread-1] INFO  server.RaftServerConfigKeys (ConfUtils.java:logGet(43)) - raft.server.log.segment.size.max = 1048576 (custom)
2019-11-14 17:40:59,653 [pool-183-thread-1] INFO  server.RaftServerConfigKeys (ConfUtils.java:logGet(43)) - raft.server.log.preallocated.size = 16384 (custom)
2019-11-14 17:40:59,653 [pool-183-thread-1] INFO  server.RaftServerConfigKeys (ConfUtils.java:logGet(43)) - raft.server.log.write.buffer.size = 33554432 (custom)
2019-11-14 17:40:59,653 [pool-183-thread-1] INFO  server.RaftServerConfigKeys (ConfUtils.java:logGet(43)) - raft.server.log.force.sync.num = 128 (default)
2019-11-14 17:40:59,653 [pool-183-thread-1] INFO  server.RaftServerConfigKeys (ConfUtils.java:logGet(43)) - raft.server.log.statemachine.data.sync = true (default)
2019-11-14 17:40:59,654 [pool-183-thread-1] INFO  server.RaftServerConfigKeys (ConfUtils.java:logGet(43)) - raft.server.log.statemachine.data.sync.timeout = 10s (default)
2019-11-14 17:40:59,654 [pool-183-thread-1] INFO  server.RaftServerConfigKeys (ConfUtils.java:logGet(43)) - raft.server.log.statemachine.data.sync.timeout.retry = -1 (default)
2019-11-14 17:40:59,654 [pool-183-thread-1] INFO  server.RaftServerConfigKeys (ConfUtils.java:logGet(43)) - raft.server.log.statemachine.data.caching.enabled = true (custom)
2019-11-14 17:40:59,654 [pool-183-thread-1] INFO  segmented.SegmentedRaftLogWorker (SegmentedRaftLogWorker.java:lambda$new$0(128)) - 71bec8dd-fabd-4ede-a8a1-a5a2039dbf17@group-FA619CD666BB-SegmentedRaftLogWorker: flushIndex: setUnconditionally 0 -> -1
2019-11-14 17:40:59,654 [pool-183-thread-1] INFO  server.RaftServerConfigKeys (ConfUtils.java:logGet(43)) - raft.server.snapshot.auto.trigger.enabled = true (custom)
2019-11-14 17:40:59,654 [pool-183-thread-1] INFO  server.RaftServerConfigKeys (ConfUtils.java:logGet(43)) - raft.server.snapshot.auto.trigger.threshold = 10000 (custom)
2019-11-14 17:40:59,654 [pool-183-thread-1] INFO  server.RaftServerConfigKeys (ConfUtils.java:logGet(43)) - raft.server.snapshot.retention.file.num = 5 (custom)
2019-11-14 17:40:59,654 [pool-183-thread-1] INFO  server.RaftServerConfigKeys (ConfUtils.java:logGet(43)) - raft.server.retrycache.expirytime = 600000ms (custom)
2019-11-14 17:40:59,655 [pool-183-thread-1] WARN  impl.MetricRegistriesImpl (MetricRegistriesImpl.java:lambda$create$1(61)) - First MetricRegistry has been created without registering reporters. You may need to call MetricRegistries.global().addReportRegistration(...) before.
2019-11-14 17:40:59,655 [pool-183-thread-1] WARN  impl.MetricRegistriesImpl (MetricRegistriesImpl.java:lambda$create$1(61)) - First MetricRegistry has been created without registering reporters. You may need to call MetricRegistries.global().addReportRegistration(...) before.
2019-11-14 17:40:59,655 [pool-183-thread-1] INFO  impl.RaftServerImpl (RaftServerImpl.java:start(184)) - 71bec8dd-fabd-4ede-a8a1-a5a2039dbf17@group-FA619CD666BB: start as a follower, conf=-1: [71bec8dd-fabd-4ede-a8a1-a5a2039dbf17:192.168.157.194:34443], old=null
2019-11-14 17:40:59,655 [pool-183-thread-1] INFO  impl.RaftServerImpl (RaftServerImpl.java:setRole(173)) - 71bec8dd-fabd-4ede-a8a1-a5a2039dbf17@group-FA619CD666BB: changes role from      null to FOLLOWER at term 0 for startAsFollower
2019-11-14 17:40:59,655 [pool-183-thread-1] INFO  impl.RoleInfo (RoleInfo.java:updateAndGet(143)) - 71bec8dd-fabd-4ede-a8a1-a5a2039dbf17: start FollowerState
2019-11-14 17:40:59,655 [pool-183-thread-1] INFO  util.JmxRegister (JmxRegister.java:tryRegister(44)) - Successfully registered JMX Bean with object name Ratis:service=RaftServer,group=group-FA619CD666BB,id=71bec8dd-fabd-4ede-a8a1-a5a2039dbf17
2019-11-14 17:40:59,655 [pool-183-thread-1] WARN  impl.MetricRegistriesImpl (MetricRegistriesImpl.java:lambda$create$1(61)) - First MetricRegistry has been created without registering reporters. You may need to call MetricRegistries.global().addReportRegistration(...) before.
2019-11-14 17:40:59,658 [RatisPipelineUtilsThread] INFO  pipeline.PipelineStateManager (PipelineStateManager.java:addPipeline(55)) - Created pipeline Pipeline[ Id: 8dbaf69b-8bde-40ef-a4f1-fa619cd666bb, Nodes: 71bec8dd-fabd-4ede-a8a1-a5a2039dbf17{ip: 192.168.157.194, host: pr-hdds-2482-j87dr-2776293630, networkLocation: /default-rack, certSerialId: null}, Type:RATIS, Factor:ONE, State:ALLOCATED]
2019-11-14 17:40:59,660 [Thread-1445] INFO  pipeline.PipelineStateManager (PipelineStateManager.java:finalizePipeline(121)) - Pipeline Pipeline[ Id: 09c220b9-9f2a-4acf-96de-51996e38c70d, Nodes: 90a583a1-bf80-46e7-94ec-70238bb9c970{ip: 192.168.157.194, host: pr-hdds-2482-j87dr-2776293630, networkLocation: /default-rack, certSerialId: null}71bec8dd-fabd-4ede-a8a1-a5a2039dbf17{ip: 192.168.157.194, host: pr-hdds-2482-j87dr-2776293630, networkLocation: /default-rack, certSerialId: null}b8551fbf-2c11-4c1f-914e-c2dd536d81a3{ip: 192.168.157.194, host: pr-hdds-2482-j87dr-2776293630, networkLocation: /default-rack, certSerialId: null}, Type:RATIS, Factor:THREE, State:CLOSED] moved to CLOSED state
2019-11-14 17:40:59,664 [grpc-default-executor-3] INFO  impl.RaftServerProxy (RaftServerProxy.java:remove(95)) - 90a583a1-bf80-46e7-94ec-70238bb9c970: remove  FOLLOWER 90a583a1-bf80-46e7-94ec-70238bb9c970@group-51996E38C70D:t1, leader=b8551fbf-2c11-4c1f-914e-c2dd536d81a3, voted=b8551fbf-2c11-4c1f-914e-c2dd536d81a3, raftlog=90a583a1-bf80-46e7-94ec-70238bb9c970@group-51996E38C70D-SegmentedRaftLog:OPENED:c0,f0,i0, conf=0: [71bec8dd-fabd-4ede-a8a1-a5a2039dbf17:192.168.157.194:34443, b8551fbf-2c11-4c1f-914e-c2dd536d81a3:192.168.157.194:42907, 90a583a1-bf80-46e7-94ec-70238bb9c970:192.168.157.194:35138], old=null RUNNING
2019-11-14 17:40:59,664 [grpc-default-executor-3] INFO  impl.RaftServerImpl (RaftServerImpl.java:lambda$shutdown$3(250)) - 90a583a1-bf80-46e7-94ec-70238bb9c970@group-51996E38C70D: shutdown
2019-11-14 17:40:59,664 [grpc-default-executor-3] INFO  util.JmxRegister (JmxRegister.java:unregister(73)) - Successfully un-registered JMX Bean with object name Ratis:service=RaftServer,group=group-51996E38C70D,id=90a583a1-bf80-46e7-94ec-70238bb9c970
2019-11-14 17:40:59,664 [grpc-default-executor-3] INFO  impl.RoleInfo (RoleInfo.java:shutdownFollowerState(121)) - 90a583a1-bf80-46e7-94ec-70238bb9c970: shutdown FollowerState
2019-11-14 17:40:59,665 [grpc-default-executor-3] INFO  impl.StateMachineUpdater (StateMachineUpdater.java:stopAndJoin(136)) - 90a583a1-bf80-46e7-94ec-70238bb9c970@group-51996E38C70D-StateMachineUpdater: set stopIndex = 0
2019-11-14 17:40:59,665 [Thread-1509] INFO  impl.FollowerState (FollowerState.java:run(120)) - 90a583a1-bf80-46e7-94ec-70238bb9c970@group-51996E38C70D-FollowerState was interrupted: java.lang.InterruptedException: sleep interrupted
2019-11-14 17:40:59,665 [grpc-default-executor-3] INFO  impl.RaftServerImpl (ServerState.java:close(387)) - 90a583a1-bf80-46e7-94ec-70238bb9c970@group-51996E38C70D: closes. applyIndex: 0
2019-11-14 17:40:59,665 [90a583a1-bf80-46e7-94ec-70238bb9c970@group-51996E38C70D-SegmentedRaftLogWorker] INFO  segmented.SegmentedRaftLogWorker (SegmentedRaftLogWorker.java:run(316)) - 90a583a1-bf80-46e7-94ec-70238bb9c970@group-51996E38C70D-SegmentedRaftLogWorker was interrupted, exiting. There are 0 tasks remaining in the queue.
2019-11-14 17:40:59,671 [grpc-default-executor-3] INFO  segmented.SegmentedRaftLogWorker (SegmentedRaftLogWorker.java:close(224)) - 90a583a1-bf80-46e7-94ec-70238bb9c970@group-51996E38C70D-SegmentedRaftLogWorker close()
2019-11-14 17:40:59,677 [grpc-default-executor-3] INFO  impl.RaftServerProxy (RaftServerProxy.java:remove(95)) - 71bec8dd-fabd-4ede-a8a1-a5a2039dbf17: remove  FOLLOWER 71bec8dd-fabd-4ede-a8a1-a5a2039dbf17@group-51996E38C70D:t1, leader=b8551fbf-2c11-4c1f-914e-c2dd536d81a3, voted=b8551fbf-2c11-4c1f-914e-c2dd536d81a3, raftlog=71bec8dd-fabd-4ede-a8a1-a5a2039dbf17@group-51996E38C70D-SegmentedRaftLog:OPENED:c0,f0,i0, conf=0: [71bec8dd-fabd-4ede-a8a1-a5a2039dbf17:192.168.157.194:34443, b8551fbf-2c11-4c1f-914e-c2dd536d81a3:192.168.157.194:42907, 90a583a1-bf80-46e7-94ec-70238bb9c970:192.168.157.194:35138], old=null RUNNING
2019-11-14 17:40:59,678 [grpc-default-executor-3] INFO  impl.RaftServerImpl (RaftServerImpl.java:lambda$shutdown$3(250)) - 71bec8dd-fabd-4ede-a8a1-a5a2039dbf17@group-51996E38C70D: shutdown
2019-11-14 17:40:59,678 [grpc-default-executor-3] INFO  util.JmxRegister (JmxRegister.java:unregister(73)) - Successfully un-registered JMX Bean with object name Ratis:service=RaftServer,group=group-51996E38C70D,id=71bec8dd-fabd-4ede-a8a1-a5a2039dbf17
2019-11-14 17:40:59,678 [grpc-default-executor-3] INFO  impl.RoleInfo (RoleInfo.java:shutdownFollowerState(121)) - 71bec8dd-fabd-4ede-a8a1-a5a2039dbf17: shutdown FollowerState
2019-11-14 17:40:59,678 [grpc-default-executor-3] INFO  impl.StateMachineUpdater (StateMachineUpdater.java:stopAndJoin(136)) - 71bec8dd-fabd-4ede-a8a1-a5a2039dbf17@group-51996E38C70D-StateMachineUpdater: set stopIndex = 0
2019-11-14 17:40:59,678 [Thread-1510] INFO  impl.FollowerState (FollowerState.java:run(120)) - 71bec8dd-fabd-4ede-a8a1-a5a2039dbf17@group-51996E38C70D-FollowerState was interrupted: java.lang.InterruptedException: sleep interrupted
2019-11-14 17:40:59,678 [grpc-default-executor-3] INFO  impl.RaftServerImpl (ServerState.java:close(387)) - 71bec8dd-fabd-4ede-a8a1-a5a2039dbf17@group-51996E38C70D: closes. applyIndex: 0
2019-11-14 17:40:59,678 [71bec8dd-fabd-4ede-a8a1-a5a2039dbf17@group-51996E38C70D-SegmentedRaftLogWorker] INFO  segmented.SegmentedRaftLogWorker (SegmentedRaftLogWorker.java:run(316)) - 71bec8dd-fabd-4ede-a8a1-a5a2039dbf17@group-51996E38C70D-SegmentedRaftLogWorker was interrupted, exiting. There are 0 tasks remaining in the queue.
2019-11-14 17:40:59,679 [grpc-default-executor-3] INFO  segmented.SegmentedRaftLogWorker (SegmentedRaftLogWorker.java:close(224)) - 71bec8dd-fabd-4ede-a8a1-a5a2039dbf17@group-51996E38C70D-SegmentedRaftLogWorker close()
2019-11-14 17:40:59,685 [grpc-default-executor-3] INFO  impl.RaftServerProxy (RaftServerProxy.java:remove(95)) - b8551fbf-2c11-4c1f-914e-c2dd536d81a3: remove    LEADER b8551fbf-2c11-4c1f-914e-c2dd536d81a3@group-51996E38C70D:t1, leader=b8551fbf-2c11-4c1f-914e-c2dd536d81a3, voted=b8551fbf-2c11-4c1f-914e-c2dd536d81a3, raftlog=b8551fbf-2c11-4c1f-914e-c2dd536d81a3@group-51996E38C70D-SegmentedRaftLog:OPENED:c0,f0,i0, conf=0: [71bec8dd-fabd-4ede-a8a1-a5a2039dbf17:192.168.157.194:34443, b8551fbf-2c11-4c1f-914e-c2dd536d81a3:192.168.157.194:42907, 90a583a1-bf80-46e7-94ec-70238bb9c970:192.168.157.194:35138], old=null RUNNING
2019-11-14 17:40:59,685 [grpc-default-executor-3] INFO  impl.RaftServerImpl (RaftServerImpl.java:lambda$shutdown$3(250)) - b8551fbf-2c11-4c1f-914e-c2dd536d81a3@group-51996E38C70D: shutdown
2019-11-14 17:40:59,685 [grpc-default-executor-3] INFO  util.JmxRegister (JmxRegister.java:unregister(73)) - Successfully un-registered JMX Bean with object name Ratis:service=RaftServer,group=group-51996E38C70D,id=b8551fbf-2c11-4c1f-914e-c2dd536d81a3
2019-11-14 17:40:59,685 [grpc-default-executor-3] INFO  impl.RoleInfo (RoleInfo.java:shutdownLeaderState(104)) - b8551fbf-2c11-4c1f-914e-c2dd536d81a3: shutdown LeaderState
2019-11-14 17:40:59,687 [grpc-default-executor-3] INFO  impl.PendingRequests (PendingRequests.java:sendNotLeaderResponses(206)) - b8551fbf-2c11-4c1f-914e-c2dd536d81a3@group-51996E38C70D-PendingRequests: sendNotLeaderResponses
2019-11-14 17:40:59,687 [org.apache.ratis.server.impl.LogAppender$AppenderDaemon$$Lambda$445/1390678221@36c63558] WARN  server.GrpcLogAppender (GrpcLogAppender.java:mayWait(151)) - b8551fbf-2c11-4c1f-914e-c2dd536d81a3@group-51996E38C70D->71bec8dd-fabd-4ede-a8a1-a5a2039dbf17-GrpcLogAppender: Wait interrupted by java.lang.InterruptedException
2019-11-14 17:40:59,687 [org.apache.ratis.server.impl.LogAppender$AppenderDaemon$$Lambda$445/1390678221@73c4bde4] WARN  server.GrpcLogAppender (GrpcLogAppender.java:mayWait(151)) - b8551fbf-2c11-4c1f-914e-c2dd536d81a3@group-51996E38C70D->90a583a1-bf80-46e7-94ec-70238bb9c970-GrpcLogAppender: Wait interrupted by java.lang.InterruptedException
2019-11-14 17:40:59,688 [grpc-default-executor-3] INFO  impl.StateMachineUpdater (StateMachineUpdater.java:stopAndJoin(136)) - b8551fbf-2c11-4c1f-914e-c2dd536d81a3@group-51996E38C70D-StateMachineUpdater: set stopIndex = 0
2019-11-14 17:40:59,688 [grpc-default-executor-4] INFO  server.GrpcServerProtocolService (GrpcServerProtocolService.java:onCompleted(113)) - 71bec8dd-fabd-4ede-a8a1-a5a2039dbf17: Completed APPEND_ENTRIES, lastRequest: b8551fbf-2c11-4c1f-914e-c2dd536d81a3->71bec8dd-fabd-4ede-a8a1-a5a2039dbf17#4-t1, previous=(t:1, i:0), leaderCommit=0, initializing? false, entries: <empty>
2019-11-14 17:40:59,688 [grpc-default-executor-2] INFO  server.GrpcServerProtocolService (GrpcServerProtocolService.java:onCompleted(113)) - 90a583a1-bf80-46e7-94ec-70238bb9c970: Completed APPEND_ENTRIES, lastRequest: b8551fbf-2c11-4c1f-914e-c2dd536d81a3->90a583a1-bf80-46e7-94ec-70238bb9c970#4-t1, previous=(t:1, i:0), leaderCommit=0, initializing? false, entries: <empty>
2019-11-14 17:40:59,688 [grpc-default-executor-3] INFO  impl.RaftServerImpl (ServerState.java:close(387)) - b8551fbf-2c11-4c1f-914e-c2dd536d81a3@group-51996E38C70D: closes. applyIndex: 0
2019-11-14 17:40:59,688 [grpc-default-executor-2] INFO  server.GrpcLogAppender (GrpcLogAppender.java:onCompleted(308)) - b8551fbf-2c11-4c1f-914e-c2dd536d81a3@group-51996E38C70D->71bec8dd-fabd-4ede-a8a1-a5a2039dbf17-AppendLogResponseHandler: follower responses appendEntries COMPLETED
2019-11-14 17:40:59,688 [b8551fbf-2c11-4c1f-914e-c2dd536d81a3@group-51996E38C70D-SegmentedRaftLogWorker] INFO  segmented.SegmentedRaftLogWorker (SegmentedRaftLogWorker.java:run(316)) - b8551fbf-2c11-4c1f-914e-c2dd536d81a3@group-51996E38C70D-SegmentedRaftLogWorker was interrupted, exiting. There are 0 tasks remaining in the queue.
2019-11-14 17:40:59,688 [grpc-default-executor-4] INFO  server.GrpcLogAppender (GrpcLogAppender.java:onCompleted(308)) - b8551fbf-2c11-4c1f-914e-c2dd536d81a3@group-51996E38C70D->90a583a1-bf80-46e7-94ec-70238bb9c970-AppendLogResponseHandler: follower responses appendEntries COMPLETED
2019-11-14 17:40:59,689 [grpc-default-executor-3] INFO  segmented.SegmentedRaftLogWorker (SegmentedRaftLogWorker.java:close(224)) - b8551fbf-2c11-4c1f-914e-c2dd536d81a3@group-51996E38C70D-SegmentedRaftLogWorker close()
2019-11-14 17:40:59,689 [grpc-default-executor-2] INFO  impl.FollowerInfo (FollowerInfo.java:lambda$new$0(51)) - b8551fbf-2c11-4c1f-914e-c2dd536d81a3@group-51996E38C70D->71bec8dd-fabd-4ede-a8a1-a5a2039dbf17: nextIndex: updateUnconditionally 1 -> 0
2019-11-14 17:40:59,690 [grpc-default-executor-4] INFO  impl.FollowerInfo (FollowerInfo.java:lambda$new$0(51)) - b8551fbf-2c11-4c1f-914e-c2dd536d81a3@group-51996E38C70D->90a583a1-bf80-46e7-94ec-70238bb9c970: nextIndex: updateUnconditionally 1 -> 0
2019-11-14 17:40:59,692 [Thread-1445] INFO  pipeline.PipelineStateManager (PipelineStateManager.java:removePipeline(106)) - Pipeline Pipeline[ Id: 09c220b9-9f2a-4acf-96de-51996e38c70d, Nodes: 90a583a1-bf80-46e7-94ec-70238bb9c970{ip: 192.168.157.194, host: pr-hdds-2482-j87dr-2776293630, networkLocation: /default-rack, certSerialId: null}71bec8dd-fabd-4ede-a8a1-a5a2039dbf17{ip: 192.168.157.194, host: pr-hdds-2482-j87dr-2776293630, networkLocation: /default-rack, certSerialId: null}b8551fbf-2c11-4c1f-914e-c2dd536d81a3{ip: 192.168.157.194, host: pr-hdds-2482-j87dr-2776293630, networkLocation: /default-rack, certSerialId: null}, Type:RATIS, Factor:THREE, State:CLOSED] removed from db
2019-11-14 17:40:59,696 [grpc-default-executor-4] INFO  impl.RaftServerProxy (RaftServerProxy.java:addNew(89)) - 71bec8dd-fabd-4ede-a8a1-a5a2039dbf17: addNew group-B125806C2B30:[71bec8dd-fabd-4ede-a8a1-a5a2039dbf17:192.168.157.194:34443, b8551fbf-2c11-4c1f-914e-c2dd536d81a3:192.168.157.194:42907, 90a583a1-bf80-46e7-94ec-70238bb9c970:192.168.157.194:35138] returns group-B125806C2B30:java.util.concurrent.CompletableFuture@3505994e[Not completed]
2019-11-14 17:40:59,696 [grpc-default-executor-3] INFO  impl.RaftServerProxy (RaftServerProxy.java:addNew(89)) - b8551fbf-2c11-4c1f-914e-c2dd536d81a3: addNew group-B125806C2B30:[71bec8dd-fabd-4ede-a8a1-a5a2039dbf17:192.168.157.194:34443, b8551fbf-2c11-4c1f-914e-c2dd536d81a3:192.168.157.194:42907, 90a583a1-bf80-46e7-94ec-70238bb9c970:192.168.157.194:35138] returns group-B125806C2B30:java.util.concurrent.CompletableFuture@1324b9dc[Not completed]
2019-11-14 17:40:59,696 [grpc-default-executor-2] INFO  impl.RaftServerProxy (RaftServerProxy.java:addNew(89)) - 90a583a1-bf80-46e7-94ec-70238bb9c970: addNew group-B125806C2B30:[71bec8dd-fabd-4ede-a8a1-a5a2039dbf17:192.168.157.194:34443, b8551fbf-2c11-4c1f-914e-c2dd536d81a3:192.168.157.194:42907, 90a583a1-bf80-46e7-94ec-70238bb9c970:192.168.157.194:35138] returns group-B125806C2B30:java.util.concurrent.CompletableFuture@7e0a1ef1[Not completed]
2019-11-14 17:40:59,697 [pool-193-thread-1] INFO  impl.RaftServerImpl (RaftServerImpl.java:<init>(98)) - b8551fbf-2c11-4c1f-914e-c2dd536d81a3: new RaftServerImpl for group-B125806C2B30:[71bec8dd-fabd-4ede-a8a1-a5a2039dbf17:192.168.157.194:34443, b8551fbf-2c11-4c1f-914e-c2dd536d81a3:192.168.157.194:42907, 90a583a1-bf80-46e7-94ec-70238bb9c970:192.168.157.194:35138] with ContainerStateMachine:uninitialized
2019-11-14 17:40:59,697 [pool-193-thread-1] INFO  server.RaftServerConfigKeys (ConfUtils.java:logGet(43)) - raft.server.rpc.timeout.min = 1s (custom)
2019-11-14 17:40:59,697 [pool-193-thread-1] INFO  server.RaftServerConfigKeys (ConfUtils.java:logGet(43)) - raft.server.rpc.timeout.max = 1200ms (custom)
2019-11-14 17:40:59,697 [pool-193-thread-1] INFO  server.RaftServerConfigKeys (ConfUtils.java:logGet(43)) - raft.server.rpcslowness.timeout = 120s (custom)
2019-11-14 17:40:59,698 [pool-193-thread-1] INFO  server.RaftServerConfigKeys (ConfUtils.java:logGet(43)) - raft.server.sleep.deviation.threshold = 300 (default)
2019-11-14 17:40:59,698 [pool-193-thread-1] INFO  server.RaftServerConfigKeys (ConfUtils.java:logGet(43)) - raft.server.log.appender.install.snapshot.enabled = false (custom)
2019-11-14 17:40:59,698 [pool-203-thread-1] INFO  impl.RaftServerImpl (RaftServerImpl.java:<init>(98)) - 90a583a1-bf80-46e7-94ec-70238bb9c970: new RaftServerImpl for group-B125806C2B30:[71bec8dd-fabd-4ede-a8a1-a5a2039dbf17:192.168.157.194:34443, b8551fbf-2c11-4c1f-914e-c2dd536d81a3:192.168.157.194:42907, 90a583a1-bf80-46e7-94ec-70238bb9c970:192.168.157.194:35138] with ContainerStateMachine:uninitialized
2019-11-14 17:40:59,698 [pool-193-thread-1] INFO  impl.RaftServerImpl (ServerState.java:<init>(103)) - b8551fbf-2c11-4c1f-914e-c2dd536d81a3@group-B125806C2B30: ConfigurationManager, init=-1: [71bec8dd-fabd-4ede-a8a1-a5a2039dbf17:192.168.157.194:34443, b8551fbf-2c11-4c1f-914e-c2dd536d81a3:192.168.157.194:42907, 90a583a1-bf80-46e7-94ec-70238bb9c970:192.168.157.194:35138], old=null, confs=<EMPTY_MAP>
2019-11-14 17:40:59,698 [pool-203-thread-1] INFO  server.RaftServerConfigKeys (ConfUtils.java:logGet(43)) - raft.server.rpc.timeout.min = 1s (custom)
2019-11-14 17:40:59,698 [pool-193-thread-1] INFO  server.RaftServerConfigKeys (ConfUtils.java:logGet(43)) - raft.server.storage.dir = [/workdir/hadoop-ozone/integration-test/target/test-dir/MiniOzoneClusterImpl-30cd45ce-4337-4039-bf7d-2128eab36bad/datanode-4/data/ratis] (custom)
2019-11-14 17:40:59,698 [pool-203-thread-1] INFO  server.RaftServerConfigKeys (ConfUtils.java:logGet(43)) - raft.server.rpc.timeout.max = 1200ms (custom)
2019-11-14 17:40:59,698 [pool-203-thread-1] INFO  server.RaftServerConfigKeys (ConfUtils.java:logGet(43)) - raft.server.rpcslowness.timeout = 120s (custom)
2019-11-14 17:40:59,698 [pool-193-thread-1] INFO  server.RaftServerConfigKeys (ConfUtils.java:logGet(43)) - raft.server.log.corruption.policy = EXCEPTION (default)
2019-11-14 17:40:59,698 [pool-203-thread-1] INFO  server.RaftServerConfigKeys (ConfUtils.java:logGet(43)) - raft.server.sleep.deviation.threshold = 300 (default)
2019-11-14 17:40:59,698 [pool-203-thread-1] INFO  server.RaftServerConfigKeys (ConfUtils.java:logGet(43)) - raft.server.log.appender.install.snapshot.enabled = false (custom)
2019-11-14 17:40:59,698 [pool-183-thread-1] INFO  impl.RaftServerImpl (RaftServerImpl.java:<init>(98)) - 71bec8dd-fabd-4ede-a8a1-a5a2039dbf17: new RaftServerImpl for group-B125806C2B30:[71bec8dd-fabd-4ede-a8a1-a5a2039dbf17:192.168.157.194:34443, b8551fbf-2c11-4c1f-914e-c2dd536d81a3:192.168.157.194:42907, 90a583a1-bf80-46e7-94ec-70238bb9c970:192.168.157.194:35138] with ContainerStateMachine:uninitialized
2019-11-14 17:40:59,698 [pool-193-thread-1] INFO  storage.RaftStorageDirectory (RaftStorageDirectory.java:analyzeStorage(246)) - The storage directory /workdir/hadoop-ozone/integration-test/target/test-dir/MiniOzoneClusterImpl-30cd45ce-4337-4039-bf7d-2128eab36bad/datanode-4/data/ratis/5af5e4d3-78e0-4159-a1bb-b125806c2b30 does not exist. Creating ...
2019-11-14 17:40:59,699 [pool-183-thread-1] INFO  server.RaftServerConfigKeys (ConfUtils.java:logGet(43)) - raft.server.rpc.timeout.min = 1s (custom)
2019-11-14 17:40:59,698 [pool-203-thread-1] INFO  impl.RaftServerImpl (ServerState.java:<init>(103)) - 90a583a1-bf80-46e7-94ec-70238bb9c970@group-B125806C2B30: ConfigurationManager, init=-1: [71bec8dd-fabd-4ede-a8a1-a5a2039dbf17:192.168.157.194:34443, b8551fbf-2c11-4c1f-914e-c2dd536d81a3:192.168.157.194:42907, 90a583a1-bf80-46e7-94ec-70238bb9c970:192.168.157.194:35138], old=null, confs=<EMPTY_MAP>
2019-11-14 17:40:59,699 [pool-183-thread-1] INFO  server.RaftServerConfigKeys (ConfUtils.java:logGet(43)) - raft.server.rpc.timeout.max = 1200ms (custom)
2019-11-14 17:40:59,699 [pool-203-thread-1] INFO  server.RaftServerConfigKeys (ConfUtils.java:logGet(43)) - raft.server.storage.dir = [/workdir/hadoop-ozone/integration-test/target/test-dir/MiniOzoneClusterImpl-30cd45ce-4337-4039-bf7d-2128eab36bad/datanode-5/data/ratis] (custom)
2019-11-14 17:40:59,699 [pool-183-thread-1] INFO  server.RaftServerConfigKeys (ConfUtils.java:logGet(43)) - raft.server.rpcslowness.timeout = 120s (custom)
2019-11-14 17:40:59,699 [pool-183-thread-1] INFO  server.RaftServerConfigKeys (ConfUtils.java:logGet(43)) - raft.server.sleep.deviation.threshold = 300 (default)
2019-11-14 17:40:59,699 [pool-203-thread-1] INFO  server.RaftServerConfigKeys (ConfUtils.java:logGet(43)) - raft.server.log.corruption.policy = EXCEPTION (default)
2019-11-14 17:40:59,699 [pool-183-thread-1] INFO  server.RaftServerConfigKeys (ConfUtils.java:logGet(43)) - raft.server.log.appender.install.snapshot.enabled = false (custom)
2019-11-14 17:40:59,699 [pool-203-thread-1] INFO  storage.RaftStorageDirectory (RaftStorageDirectory.java:analyzeStorage(246)) - The storage directory /workdir/hadoop-ozone/integration-test/target/test-dir/MiniOzoneClusterImpl-30cd45ce-4337-4039-bf7d-2128eab36bad/datanode-5/data/ratis/5af5e4d3-78e0-4159-a1bb-b125806c2b30 does not exist. Creating ...
2019-11-14 17:40:59,700 [pool-183-thread-1] INFO  impl.RaftServerImpl (ServerState.java:<init>(103)) - 71bec8dd-fabd-4ede-a8a1-a5a2039dbf17@group-B125806C2B30: ConfigurationManager, init=-1: [71bec8dd-fabd-4ede-a8a1-a5a2039dbf17:192.168.157.194:34443, b8551fbf-2c11-4c1f-914e-c2dd536d81a3:192.168.157.194:42907, 90a583a1-bf80-46e7-94ec-70238bb9c970:192.168.157.194:35138], old=null, confs=<EMPTY_MAP>
2019-11-14 17:40:59,700 [pool-183-thread-1] INFO  server.RaftServerConfigKeys (ConfUtils.java:logGet(43)) - raft.server.storage.dir = [/workdir/hadoop-ozone/integration-test/target/test-dir/MiniOzoneClusterImpl-30cd45ce-4337-4039-bf7d-2128eab36bad/datanode-3/data/ratis] (custom)
2019-11-14 17:40:59,700 [pool-183-thread-1] INFO  server.RaftServerConfigKeys (ConfUtils.java:logGet(43)) - raft.server.log.corruption.policy = EXCEPTION (default)
2019-11-14 17:40:59,700 [pool-183-thread-1] INFO  storage.RaftStorageDirectory (RaftStorageDirectory.java:analyzeStorage(246)) - The storage directory /workdir/hadoop-ozone/integration-test/target/test-dir/MiniOzoneClusterImpl-30cd45ce-4337-4039-bf7d-2128eab36bad/datanode-3/data/ratis/5af5e4d3-78e0-4159-a1bb-b125806c2b30 does not exist. Creating ...
2019-11-14 17:40:59,728 [pool-183-thread-1] INFO  storage.RaftStorageDirectory (RaftStorageDirectory.java:tryLock(328)) - Lock on /workdir/hadoop-ozone/integration-test/target/test-dir/MiniOzoneClusterImpl-30cd45ce-4337-4039-bf7d-2128eab36bad/datanode-3/data/ratis/5af5e4d3-78e0-4159-a1bb-b125806c2b30/in_use.lock acquired by nodename 20249@pr-hdds-2482-j87dr-2776293630
2019-11-14 17:40:59,728 [pool-203-thread-1] INFO  storage.RaftStorageDirectory (RaftStorageDirectory.java:tryLock(328)) - Lock on /workdir/hadoop-ozone/integration-test/target/test-dir/MiniOzoneClusterImpl-30cd45ce-4337-4039-bf7d-2128eab36bad/datanode-5/data/ratis/5af5e4d3-78e0-4159-a1bb-b125806c2b30/in_use.lock acquired by nodename 20249@pr-hdds-2482-j87dr-2776293630
2019-11-14 17:40:59,728 [pool-193-thread-1] INFO  storage.RaftStorageDirectory (RaftStorageDirectory.java:tryLock(328)) - Lock on /workdir/hadoop-ozone/integration-test/target/test-dir/MiniOzoneClusterImpl-30cd45ce-4337-4039-bf7d-2128eab36bad/datanode-4/data/ratis/5af5e4d3-78e0-4159-a1bb-b125806c2b30/in_use.lock acquired by nodename 20249@pr-hdds-2482-j87dr-2776293630
2019-11-14 17:40:59,745 [pool-193-thread-1] INFO  storage.RaftStorage (RaftStorage.java:format(84)) - Storage directory /workdir/hadoop-ozone/integration-test/target/test-dir/MiniOzoneClusterImpl-30cd45ce-4337-4039-bf7d-2128eab36bad/datanode-4/data/ratis/5af5e4d3-78e0-4159-a1bb-b125806c2b30 has been successfully formatted.
2019-11-14 17:40:59,745 [pool-183-thread-1] INFO  storage.RaftStorage (RaftStorage.java:format(84)) - Storage directory /workdir/hadoop-ozone/integration-test/target/test-dir/MiniOzoneClusterImpl-30cd45ce-4337-4039-bf7d-2128eab36bad/datanode-3/data/ratis/5af5e4d3-78e0-4159-a1bb-b125806c2b30 has been successfully formatted.
2019-11-14 17:40:59,745 [pool-203-thread-1] INFO  storage.RaftStorage (RaftStorage.java:format(84)) - Storage directory /workdir/hadoop-ozone/integration-test/target/test-dir/MiniOzoneClusterImpl-30cd45ce-4337-4039-bf7d-2128eab36bad/datanode-5/data/ratis/5af5e4d3-78e0-4159-a1bb-b125806c2b30 has been successfully formatted.
2019-11-14 17:40:59,746 [pool-183-thread-1] INFO  ratis.ContainerStateMachine (ContainerStateMachine.java:loadSnapshot(223)) - group-B125806C2B30: The snapshot info is null. Setting the last applied indexto:(t:0, i:~)
2019-11-14 17:40:59,746 [pool-193-thread-1] INFO  ratis.ContainerStateMachine (ContainerStateMachine.java:loadSnapshot(223)) - group-B125806C2B30: The snapshot info is null. Setting the last applied indexto:(t:0, i:~)
2019-11-14 17:40:59,746 [pool-183-thread-1] INFO  server.RaftServerConfigKeys (ConfUtils.java:logGet(43)) - raft.server.notification.no-leader.timeout = 120s (custom)
2019-11-14 17:40:59,746 [pool-203-thread-1] INFO  ratis.ContainerStateMachine (ContainerStateMachine.java:loadSnapshot(223)) - group-B125806C2B30: The snapshot info is null. Setting the last applied indexto:(t:0, i:~)
2019-11-14 17:40:59,746 [pool-183-thread-1] INFO  server.RaftServerConfigKeys (ConfUtils.java:logGet(43)) - raft.server.log.use.memory = false (default)
2019-11-14 17:40:59,746 [pool-193-thread-1] INFO  server.RaftServerConfigKeys (ConfUtils.java:logGet(43)) - raft.server.notification.no-leader.timeout = 120s (custom)
2019-11-14 17:40:59,746 [pool-183-thread-1] INFO  server.RaftServerConfigKeys (ConfUtils.java:logGet(43)) - raft.server.log.purge.gap = 1000000 (custom)
2019-11-14 17:40:59,746 [pool-203-thread-1] INFO  server.RaftServerConfigKeys (ConfUtils.java:logGet(43)) - raft.server.notification.no-leader.timeout = 120s (custom)
2019-11-14 17:40:59,746 [pool-183-thread-1] INFO  server.RaftServerConfigKeys (ConfUtils.java:logGet(43)) - raft.server.log.appender.buffer.byte-limit = 33554432 (custom)
2019-11-14 17:40:59,746 [pool-193-thread-1] INFO  server.RaftServerConfigKeys (ConfUtils.java:logGet(43)) - raft.server.log.use.memory = false (default)
2019-11-14 17:40:59,746 [pool-183-thread-1] INFO  server.RaftServerConfigKeys (ConfUtils.java:logGet(43)) - raft.server.log.segment.size.max = 1048576 (custom)
2019-11-14 17:40:59,746 [pool-203-thread-1] INFO  server.RaftServerConfigKeys (ConfUtils.java:logGet(43)) - raft.server.log.use.memory = false (default)
2019-11-14 17:40:59,747 [pool-183-thread-1] INFO  server.RaftServerConfigKeys (ConfUtils.java:logGet(43)) - raft.server.log.segment.cache.num.max = 2 (custom)
2019-11-14 17:40:59,747 [pool-193-thread-1] INFO  server.RaftServerConfigKeys (ConfUtils.java:logGet(43)) - raft.server.log.purge.gap = 1000000 (custom)
2019-11-14 17:40:59,747 [pool-183-thread-1] INFO  segmented.SegmentedRaftLogWorker (SegmentedRaftLogWorker.java:<init>(173)) - new 71bec8dd-fabd-4ede-a8a1-a5a2039dbf17@group-B125806C2B30-SegmentedRaftLogWorker for RaftStorage:Storage Directory /workdir/hadoop-ozone/integration-test/target/test-dir/MiniOzoneClusterImpl-30cd45ce-4337-4039-bf7d-2128eab36bad/datanode-3/data/ratis/5af5e4d3-78e0-4159-a1bb-b125806c2b30
2019-11-14 17:40:59,747 [pool-203-thread-1] INFO  server.RaftServerConfigKeys (ConfUtils.java:logGet(43)) - raft.server.log.purge.gap = 1000000 (custom)
2019-11-14 17:40:59,747 [pool-183-thread-1] INFO  server.RaftServerConfigKeys (ConfUtils.java:logGet(43)) - raft.server.log.queue.byte-limit = 2147483647 (custom)
2019-11-14 17:40:59,747 [pool-193-thread-1] INFO  server.RaftServerConfigKeys (ConfUtils.java:logGet(43)) - raft.server.log.appender.buffer.byte-limit = 33554432 (custom)
2019-11-14 17:40:59,747 [pool-183-thread-1] INFO  server.RaftServerConfigKeys (ConfUtils.java:logGet(43)) - raft.server.log.queue.element-limit = 1024 (custom)
2019-11-14 17:40:59,747 [pool-203-thread-1] INFO  server.RaftServerConfigKeys (ConfUtils.java:logGet(43)) - raft.server.log.appender.buffer.byte-limit = 33554432 (custom)
2019-11-14 17:40:59,747 [pool-183-thread-1] INFO  server.RaftServerConfigKeys (ConfUtils.java:logGet(43)) - raft.server.log.segment.size.max = 1048576 (custom)
2019-11-14 17:40:59,747 [pool-193-thread-1] INFO  server.RaftServerConfigKeys (ConfUtils.java:logGet(43)) - raft.server.log.segment.size.max = 1048576 (custom)
2019-11-14 17:40:59,747 [pool-183-thread-1] INFO  server.RaftServerConfigKeys (ConfUtils.java:logGet(43)) - raft.server.log.preallocated.size = 16384 (custom)
2019-11-14 17:40:59,747 [pool-203-thread-1] INFO  server.RaftServerConfigKeys (ConfUtils.java:logGet(43)) - raft.server.log.segment.size.max = 1048576 (custom)
2019-11-14 17:40:59,748 [pool-183-thread-1] INFO  server.RaftServerConfigKeys (ConfUtils.java:logGet(43)) - raft.server.log.write.buffer.size = 33554432 (custom)
2019-11-14 17:40:59,748 [pool-193-thread-1] INFO  server.RaftServerConfigKeys (ConfUtils.java:logGet(43)) - raft.server.log.segment.cache.num.max = 2 (custom)
2019-11-14 17:40:59,748 [pool-183-thread-1] INFO  server.RaftServerConfigKeys (ConfUtils.java:logGet(43)) - raft.server.log.force.sync.num = 128 (default)
2019-11-14 17:40:59,748 [pool-203-thread-1] INFO  server.RaftServerConfigKeys (ConfUtils.java:logGet(43)) - raft.server.log.segment.cache.num.max = 2 (custom)
2019-11-14 17:40:59,748 [pool-183-thread-1] INFO  server.RaftServerConfigKeys (ConfUtils.java:logGet(43)) - raft.server.log.statemachine.data.sync = true (default)
2019-11-14 17:40:59,748 [pool-193-thread-1] INFO  segmented.SegmentedRaftLogWorker (SegmentedRaftLogWorker.java:<init>(173)) - new b8551fbf-2c11-4c1f-914e-c2dd536d81a3@group-B125806C2B30-SegmentedRaftLogWorker for RaftStorage:Storage Directory /workdir/hadoop-ozone/integration-test/target/test-dir/MiniOzoneClusterImpl-30cd45ce-4337-4039-bf7d-2128eab36bad/datanode-4/data/ratis/5af5e4d3-78e0-4159-a1bb-b125806c2b30
2019-11-14 17:40:59,748 [pool-183-thread-1] INFO  server.RaftServerConfigKeys (ConfUtils.java:logGet(43)) - raft.server.log.statemachine.data.sync.timeout = 10s (default)
2019-11-14 17:40:59,748 [pool-203-thread-1] INFO  segmented.SegmentedRaftLogWorker (SegmentedRaftLogWorker.java:<init>(173)) - new 90a583a1-bf80-46e7-94ec-70238bb9c970@group-B125806C2B30-SegmentedRaftLogWorker for RaftStorage:Storage Directory /workdir/hadoop-ozone/integration-test/target/test-dir/MiniOzoneClusterImpl-30cd45ce-4337-4039-bf7d-2128eab36bad/datanode-5/data/ratis/5af5e4d3-78e0-4159-a1bb-b125806c2b30
2019-11-14 17:40:59,748 [pool-183-thread-1] INFO  server.RaftServerConfigKeys (ConfUtils.java:logGet(43)) - raft.server.log.statemachine.data.sync.timeout.retry = -1 (default)
2019-11-14 17:40:59,748 [pool-193-thread-1] INFO  server.RaftServerConfigKeys (ConfUtils.java:logGet(43)) - raft.server.log.queue.byte-limit = 2147483647 (custom)
2019-11-14 17:40:59,749 [pool-183-thread-1] INFO  server.RaftServerConfigKeys (ConfUtils.java:logGet(43)) - raft.server.log.statemachine.data.caching.enabled = true (custom)
2019-11-14 17:40:59,748 [pool-203-thread-1] INFO  server.RaftServerConfigKeys (ConfUtils.java:logGet(43)) - raft.server.log.queue.byte-limit = 2147483647 (custom)
2019-11-14 17:40:59,749 [pool-193-thread-1] INFO  server.RaftServerConfigKeys (ConfUtils.java:logGet(43)) - raft.server.log.queue.element-limit = 1024 (custom)
2019-11-14 17:40:59,749 [pool-183-thread-1] INFO  segmented.SegmentedRaftLogWorker (SegmentedRaftLogWorker.java:lambda$new$0(128)) - 71bec8dd-fabd-4ede-a8a1-a5a2039dbf17@group-B125806C2B30-SegmentedRaftLogWorker: flushIndex: setUnconditionally 0 -> -1
2019-11-14 17:40:59,749 [pool-203-thread-1] INFO  server.RaftServerConfigKeys (ConfUtils.java:logGet(43)) - raft.server.log.queue.element-limit = 1024 (custom)
2019-11-14 17:40:59,749 [pool-203-thread-1] INFO  server.RaftServerConfigKeys (ConfUtils.java:logGet(43)) - raft.server.log.segment.size.max = 1048576 (custom)
2019-11-14 17:40:59,749 [pool-193-thread-1] INFO  server.RaftServerConfigKeys (ConfUtils.java:logGet(43)) - raft.server.log.segment.size.max = 1048576 (custom)
2019-11-14 17:40:59,749 [pool-203-thread-1] INFO  server.RaftServerConfigKeys (ConfUtils.java:logGet(43)) - raft.server.log.preallocated.size = 16384 (custom)
2019-11-14 17:40:59,749 [pool-183-thread-1] INFO  server.RaftServerConfigKeys (ConfUtils.java:logGet(43)) - raft.server.snapshot.auto.trigger.enabled = true (custom)
2019-11-14 17:40:59,749 [pool-203-thread-1] INFO  server.RaftServerConfigKeys (ConfUtils.java:logGet(43)) - raft.server.log.write.buffer.size = 33554432 (custom)
2019-11-14 17:40:59,749 [pool-193-thread-1] INFO  server.RaftServerConfigKeys (ConfUtils.java:logGet(43)) - raft.server.log.preallocated.size = 16384 (custom)
2019-11-14 17:40:59,749 [pool-203-thread-1] INFO  server.RaftServerConfigKeys (ConfUtils.java:logGet(43)) - raft.server.log.force.sync.num = 128 (default)
2019-11-14 17:40:59,749 [pool-183-thread-1] INFO  server.RaftServerConfigKeys (ConfUtils.java:logGet(43)) - raft.server.snapshot.auto.trigger.threshold = 10000 (custom)
2019-11-14 17:40:59,750 [pool-203-thread-1] INFO  server.RaftServerConfigKeys (ConfUtils.java:logGet(43)) - raft.server.log.statemachine.data.sync = true (default)
2019-11-14 17:40:59,750 [pool-193-thread-1] INFO  server.RaftServerConfigKeys (ConfUtils.java:logGet(43)) - raft.server.log.write.buffer.size = 33554432 (custom)
2019-11-14 17:40:59,750 [pool-203-thread-1] INFO  server.RaftServerConfigKeys (ConfUtils.java:logGet(43)) - raft.server.log.statemachine.data.sync.timeout = 10s (default)
2019-11-14 17:40:59,750 [pool-183-thread-1] INFO  server.RaftServerConfigKeys (ConfUtils.java:logGet(43)) - raft.server.snapshot.retention.file.num = 5 (custom)
2019-11-14 17:40:59,750 [pool-203-thread-1] INFO  server.RaftServerConfigKeys (ConfUtils.java:logGet(43)) - raft.server.log.statemachine.data.sync.timeout.retry = -1 (default)
2019-11-14 17:40:59,750 [pool-193-thread-1] INFO  server.RaftServerConfigKeys (ConfUtils.java:logGet(43)) - raft.server.log.force.sync.num = 128 (default)
2019-11-14 17:40:59,750 [pool-203-thread-1] INFO  server.RaftServerConfigKeys (ConfUtils.java:logGet(43)) - raft.server.log.statemachine.data.caching.enabled = true (custom)
2019-11-14 17:40:59,750 [pool-183-thread-1] INFO  server.RaftServerConfigKeys (ConfUtils.java:logGet(43)) - raft.server.retrycache.expirytime = 600000ms (custom)
2019-11-14 17:40:59,750 [pool-193-thread-1] INFO  server.RaftServerConfigKeys (ConfUtils.java:logGet(43)) - raft.server.log.statemachine.data.sync = true (default)
2019-11-14 17:40:59,750 [pool-183-thread-1] WARN  impl.MetricRegistriesImpl (MetricRegistriesImpl.java:lambda$create$1(61)) - First MetricRegistry has been created without registering reporters. You may need to call MetricRegistries.global().addReportRegistration(...) before.
2019-11-14 17:40:59,750 [pool-203-thread-1] INFO  segmented.SegmentedRaftLogWorker (SegmentedRaftLogWorker.java:lambda$new$0(128)) - 90a583a1-bf80-46e7-94ec-70238bb9c970@group-B125806C2B30-SegmentedRaftLogWorker: flushIndex: setUnconditionally 0 -> -1
2019-11-14 17:40:59,751 [pool-183-thread-1] WARN  impl.MetricRegistriesImpl (MetricRegistriesImpl.java:lambda$create$1(61)) - First MetricRegistry has been created without registering reporters. You may need to call MetricRegistries.global().addReportRegistration(...) before.
2019-11-14 17:40:59,750 [pool-193-thread-1] INFO  server.RaftServerConfigKeys (ConfUtils.java:logGet(43)) - raft.server.log.statemachine.data.sync.timeout = 10s (default)
2019-11-14 17:40:59,751 [pool-203-thread-1] INFO  server.RaftServerConfigKeys (ConfUtils.java:logGet(43)) - raft.server.snapshot.auto.trigger.enabled = true (custom)
2019-11-14 17:40:59,751 [pool-183-thread-1] INFO  impl.RaftServerImpl (RaftServerImpl.java:start(184)) - 71bec8dd-fabd-4ede-a8a1-a5a2039dbf17@group-B125806C2B30: start as a follower, conf=-1: [71bec8dd-fabd-4ede-a8a1-a5a2039dbf17:192.168.157.194:34443, b8551fbf-2c11-4c1f-914e-c2dd536d81a3:192.168.157.194:42907, 90a583a1-bf80-46e7-94ec-70238bb9c970:192.168.157.194:35138], old=null
2019-11-14 17:40:59,751 [pool-193-thread-1] INFO  server.RaftServerConfigKeys (ConfUtils.java:logGet(43)) - raft.server.log.statemachine.data.sync.timeout.retry = -1 (default)
2019-11-14 17:40:59,751 [pool-183-thread-1] INFO  impl.RaftServerImpl (RaftServerImpl.java:setRole(173)) - 71bec8dd-fabd-4ede-a8a1-a5a2039dbf17@group-B125806C2B30: changes role from      null to FOLLOWER at term 0 for startAsFollower
2019-11-14 17:40:59,751 [pool-203-thread-1] INFO  server.RaftServerConfigKeys (ConfUtils.java:logGet(43)) - raft.server.snapshot.auto.trigger.threshold = 10000 (custom)
2019-11-14 17:40:59,751 [pool-183-thread-1] INFO  impl.RoleInfo (RoleInfo.java:updateAndGet(143)) - 71bec8dd-fabd-4ede-a8a1-a5a2039dbf17: start FollowerState
2019-11-14 17:40:59,751 [pool-193-thread-1] INFO  server.RaftServerConfigKeys (ConfUtils.java:logGet(43)) - raft.server.log.statemachine.data.caching.enabled = true (custom)
2019-11-14 17:40:59,751 [pool-203-thread-1] INFO  server.RaftServerConfigKeys (ConfUtils.java:logGet(43)) - raft.server.snapshot.retention.file.num = 5 (custom)
2019-11-14 17:40:59,751 [pool-203-thread-1] INFO  server.RaftServerConfigKeys (ConfUtils.java:logGet(43)) - raft.server.retrycache.expirytime = 600000ms (custom)
2019-11-14 17:40:59,760 [pool-183-thread-1] INFO  util.JmxRegister (JmxRegister.java:tryRegister(44)) - Successfully registered JMX Bean with object name Ratis:service=RaftServer,group=group-B125806C2B30,id=71bec8dd-fabd-4ede-a8a1-a5a2039dbf17
2019-11-14 17:40:59,760 [pool-203-thread-1] WARN  impl.MetricRegistriesImpl (MetricRegistriesImpl.java:lambda$create$1(61)) - First MetricRegistry has been created without registering reporters. You may need to call MetricRegistries.global().addReportRegistration(...) before.
2019-11-14 17:40:59,751 [pool-193-thread-1] INFO  segmented.SegmentedRaftLogWorker (SegmentedRaftLogWorker.java:lambda$new$0(128)) - b8551fbf-2c11-4c1f-914e-c2dd536d81a3@group-B125806C2B30-SegmentedRaftLogWorker: flushIndex: setUnconditionally 0 -> -1
2019-11-14 17:40:59,760 [pool-203-thread-1] WARN  impl.MetricRegistriesImpl (MetricRegistriesImpl.java:lambda$create$1(61)) - First MetricRegistry has been created without registering reporters. You may need to call MetricRegistries.global().addReportRegistration(...) before.
2019-11-14 17:40:59,760 [pool-183-thread-1] WARN  impl.MetricRegistriesImpl (MetricRegistriesImpl.java:lambda$create$1(61)) - First MetricRegistry has been created without registering reporters. You may need to call MetricRegistries.global().addReportRegistration(...) before.
2019-11-14 17:40:59,761 [pool-203-thread-1] INFO  impl.RaftServerImpl (RaftServerImpl.java:start(184)) - 90a583a1-bf80-46e7-94ec-70238bb9c970@group-B125806C2B30: start as a follower, conf=-1: [71bec8dd-fabd-4ede-a8a1-a5a2039dbf17:192.168.157.194:34443, b8551fbf-2c11-4c1f-914e-c2dd536d81a3:192.168.157.194:42907, 90a583a1-bf80-46e7-94ec-70238bb9c970:192.168.157.194:35138], old=null
2019-11-14 17:40:59,761 [pool-193-thread-1] INFO  server.RaftServerConfigKeys (ConfUtils.java:logGet(43)) - raft.server.snapshot.auto.trigger.enabled = true (custom)
2019-11-14 17:40:59,761 [pool-203-thread-1] INFO  impl.RaftServerImpl (RaftServerImpl.java:setRole(173)) - 90a583a1-bf80-46e7-94ec-70238bb9c970@group-B125806C2B30: changes role from      null to FOLLOWER at term 0 for startAsFollower
2019-11-14 17:40:59,761 [pool-193-thread-1] INFO  server.RaftServerConfigKeys (ConfUtils.java:logGet(43)) - raft.server.snapshot.auto.trigger.threshold = 10000 (custom)
2019-11-14 17:40:59,761 [pool-203-thread-1] INFO  impl.RoleInfo (RoleInfo.java:updateAndGet(143)) - 90a583a1-bf80-46e7-94ec-70238bb9c970: start FollowerState
2019-11-14 17:40:59,761 [pool-193-thread-1] INFO  server.RaftServerConfigKeys (ConfUtils.java:logGet(43)) - raft.server.snapshot.retention.file.num = 5 (custom)
2019-11-14 17:40:59,768 [pool-193-thread-1] INFO  server.RaftServerConfigKeys (ConfUtils.java:logGet(43)) - raft.server.retrycache.expirytime = 600000ms (custom)
2019-11-14 17:40:59,768 [pool-203-thread-1] INFO  util.JmxRegister (JmxRegister.java:tryRegister(44)) - Successfully registered JMX Bean with object name Ratis:service=RaftServer,group=group-B125806C2B30,id=90a583a1-bf80-46e7-94ec-70238bb9c970
2019-11-14 17:40:59,768 [pool-193-thread-1] WARN  impl.MetricRegistriesImpl (MetricRegistriesImpl.java:lambda$create$1(61)) - First MetricRegistry has been created without registering reporters. You may need to call MetricRegistries.global().addReportRegistration(...) before.
2019-11-14 17:40:59,768 [pool-203-thread-1] WARN  impl.MetricRegistriesImpl (MetricRegistriesImpl.java:lambda$create$1(61)) - First MetricRegistry has been created without registering reporters. You may need to call MetricRegistries.global().addReportRegistration(...) before.
2019-11-14 17:40:59,768 [pool-193-thread-1] WARN  impl.MetricRegistriesImpl (MetricRegistriesImpl.java:lambda$create$1(61)) - First MetricRegistry has been created without registering reporters. You may need to call MetricRegistries.global().addReportRegistration(...) before.
2019-11-14 17:40:59,768 [pool-193-thread-1] INFO  impl.RaftServerImpl (RaftServerImpl.java:start(184)) - b8551fbf-2c11-4c1f-914e-c2dd536d81a3@group-B125806C2B30: start as a follower, conf=-1: [71bec8dd-fabd-4ede-a8a1-a5a2039dbf17:192.168.157.194:34443, b8551fbf-2c11-4c1f-914e-c2dd536d81a3:192.168.157.194:42907, 90a583a1-bf80-46e7-94ec-70238bb9c970:192.168.157.194:35138], old=null
2019-11-14 17:40:59,769 [pool-193-thread-1] INFO  impl.RaftServerImpl (RaftServerImpl.java:setRole(173)) - b8551fbf-2c11-4c1f-914e-c2dd536d81a3@group-B125806C2B30: changes role from      null to FOLLOWER at term 0 for startAsFollower
2019-11-14 17:40:59,769 [pool-193-thread-1] INFO  impl.RoleInfo (RoleInfo.java:updateAndGet(143)) - b8551fbf-2c11-4c1f-914e-c2dd536d81a3: start FollowerState
2019-11-14 17:40:59,769 [pool-193-thread-1] INFO  util.JmxRegister (JmxRegister.java:tryRegister(44)) - Successfully registered JMX Bean with object name Ratis:service=RaftServer,group=group-B125806C2B30,id=b8551fbf-2c11-4c1f-914e-c2dd536d81a3
2019-11-14 17:40:59,769 [pool-193-thread-1] WARN  impl.MetricRegistriesImpl (MetricRegistriesImpl.java:lambda$create$1(61)) - First MetricRegistry has been created without registering reporters. You may need to call MetricRegistries.global().addReportRegistration(...) before.
2019-11-14 17:40:59,771 [RatisPipelineUtilsThread] INFO  pipeline.PipelineStateManager (PipelineStateManager.java:addPipeline(55)) - Created pipeline Pipeline[ Id: 5af5e4d3-78e0-4159-a1bb-b125806c2b30, Nodes: 90a583a1-bf80-46e7-94ec-70238bb9c970{ip: 192.168.157.194, host: pr-hdds-2482-j87dr-2776293630, networkLocation: /default-rack, certSerialId: null}71bec8dd-fabd-4ede-a8a1-a5a2039dbf17{ip: 192.168.157.194, host: pr-hdds-2482-j87dr-2776293630, networkLocation: /default-rack, certSerialId: null}b8551fbf-2c11-4c1f-914e-c2dd536d81a3{ip: 192.168.157.194, host: pr-hdds-2482-j87dr-2776293630, networkLocation: /default-rack, certSerialId: null}, Type:RATIS, Factor:THREE, State:ALLOCATED]
2019-11-14 17:41:00,058 [Thread-1551] INFO  impl.FollowerState (FollowerState.java:run(111)) - 90a583a1-bf80-46e7-94ec-70238bb9c970@group-A914BE545FC5-FollowerState: change to CANDIDATE, lastRpcTime:1098ms, electionTimeout:1098ms
2019-11-14 17:41:00,059 [Thread-1551] INFO  impl.RoleInfo (RoleInfo.java:shutdownFollowerState(121)) - 90a583a1-bf80-46e7-94ec-70238bb9c970: shutdown FollowerState
2019-11-14 17:41:00,059 [Thread-1551] INFO  impl.RaftServerImpl (RaftServerImpl.java:setRole(173)) - 90a583a1-bf80-46e7-94ec-70238bb9c970@group-A914BE545FC5: changes role from  FOLLOWER to CANDIDATE at term 0 for changeToCandidate
2019-11-14 17:41:00,059 [Thread-1551] INFO  impl.RoleInfo (RoleInfo.java:updateAndGet(143)) - 90a583a1-bf80-46e7-94ec-70238bb9c970: start LeaderElection
2019-11-14 17:41:00,081 [90a583a1-bf80-46e7-94ec-70238bb9c970@group-A914BE545FC5-LeaderElection78] INFO  impl.LeaderElection (LeaderElection.java:askForVotes(178)) - 90a583a1-bf80-46e7-94ec-70238bb9c970@group-A914BE545FC5-LeaderElection78: begin an election at term 1 for -1: [90a583a1-bf80-46e7-94ec-70238bb9c970:192.168.157.194:35138], old=null
2019-11-14 17:41:00,081 [90a583a1-bf80-46e7-94ec-70238bb9c970@group-A914BE545FC5-LeaderElection78] INFO  impl.RoleInfo (RoleInfo.java:shutdownLeaderElection(134)) - 90a583a1-bf80-46e7-94ec-70238bb9c970: shutdown LeaderElection
2019-11-14 17:41:00,081 [90a583a1-bf80-46e7-94ec-70238bb9c970@group-A914BE545FC5-LeaderElection78] INFO  impl.RaftServerImpl (RaftServerImpl.java:setRole(173)) - 90a583a1-bf80-46e7-94ec-70238bb9c970@group-A914BE545FC5: changes role from CANDIDATE to LEADER at term 1 for changeToLeader
2019-11-14 17:41:00,081 [90a583a1-bf80-46e7-94ec-70238bb9c970@group-A914BE545FC5-LeaderElection78] INFO  ratis.XceiverServerRatis (XceiverServerRatis.java:handleLeaderChangedNotification(697)) - Leader change notification received for group: group-A914BE545FC5 with new leaderId: 90a583a1-bf80-46e7-94ec-70238bb9c970
2019-11-14 17:41:00,081 [90a583a1-bf80-46e7-94ec-70238bb9c970@group-A914BE545FC5-LeaderElection78] INFO  impl.RaftServerImpl (ServerState.java:setLeader(255)) - 90a583a1-bf80-46e7-94ec-70238bb9c970@group-A914BE545FC5: change Leader from null to 90a583a1-bf80-46e7-94ec-70238bb9c970 at term 1 for becomeLeader, leader elected after 1125ms
2019-11-14 17:41:00,081 [90a583a1-bf80-46e7-94ec-70238bb9c970@group-A914BE545FC5-LeaderElection78] INFO  server.RaftServerConfigKeys (ConfUtils.java:logGet(43)) - raft.server.staging.catchup.gap = 1000 (default)
2019-11-14 17:41:00,082 [90a583a1-bf80-46e7-94ec-70238bb9c970@group-A914BE545FC5-LeaderElection78] INFO  server.RaftServerConfigKeys (ConfUtils.java:logGet(43)) - raft.server.rpc.sleep.time = 25ms (default)
2019-11-14 17:41:00,082 [90a583a1-bf80-46e7-94ec-70238bb9c970@group-A914BE545FC5-LeaderElection78] INFO  server.RaftServerConfigKeys (ConfUtils.java:logGet(43)) - raft.server.write.element-limit = 4096 (default)
2019-11-14 17:41:00,082 [90a583a1-bf80-46e7-94ec-70238bb9c970@group-A914BE545FC5-LeaderElection78] INFO  server.RaftServerConfigKeys (ConfUtils.java:logGet(43)) - raft.server.watch.timeout = 10s (default)
2019-11-14 17:41:00,082 [90a583a1-bf80-46e7-94ec-70238bb9c970@group-A914BE545FC5-LeaderElection78] INFO  server.RaftServerConfigKeys (ConfUtils.java:logGet(43)) - raft.server.watch.timeout.denomination = 1s (default)
2019-11-14 17:41:00,082 [90a583a1-bf80-46e7-94ec-70238bb9c970@group-A914BE545FC5-LeaderElection78] INFO  server.RaftServerConfigKeys (ConfUtils.java:logGet(43)) - raft.server.watch.element-limit = 65536 (default)
2019-11-14 17:41:00,082 [90a583a1-bf80-46e7-94ec-70238bb9c970@group-A914BE545FC5-LeaderElection78] INFO  impl.RoleInfo (RoleInfo.java:updateAndGet(143)) - 90a583a1-bf80-46e7-94ec-70238bb9c970: start LeaderState
2019-11-14 17:41:00,082 [90a583a1-bf80-46e7-94ec-70238bb9c970@group-A914BE545FC5-LeaderElection78] INFO  segmented.SegmentedRaftLogWorker (SegmentedRaftLogWorker.java:startLogSegment(385)) - 90a583a1-bf80-46e7-94ec-70238bb9c970@group-A914BE545FC5-SegmentedRaftLogWorker: Starting segment from index:0
2019-11-14 17:41:00,082 [EventQueue-PipelineReportForPipelineReportHandler] INFO  pipeline.PipelineStateManager (PipelineStateManager.java:openPipeline(134)) - Pipeline Pipeline[ Id: e8b2d318-71f4-4468-a6c6-a914be545fc5, Nodes: 90a583a1-bf80-46e7-94ec-70238bb9c970{ip: 192.168.157.194, host: pr-hdds-2482-j87dr-2776293630, networkLocation: /default-rack, certSerialId: null}, Type:RATIS, Factor:ONE, State:OPEN] moved to OPEN state
2019-11-14 17:41:00,083 [90a583a1-bf80-46e7-94ec-70238bb9c970@group-A914BE545FC5-LeaderElection78] INFO  impl.RaftServerImpl (ServerState.java:setRaftConf(356)) - 90a583a1-bf80-46e7-94ec-70238bb9c970@group-A914BE545FC5: set configuration 0: [90a583a1-bf80-46e7-94ec-70238bb9c970:192.168.157.194:35138], old=null at 0
2019-11-14 17:41:00,142 [90a583a1-bf80-46e7-94ec-70238bb9c970@group-A914BE545FC5-SegmentedRaftLogWorker] INFO  segmented.SegmentedRaftLogWorker (SegmentedRaftLogWorker.java:execute(576)) - 90a583a1-bf80-46e7-94ec-70238bb9c970@group-A914BE545FC5-SegmentedRaftLogWorker: created new log segment /workdir/hadoop-ozone/integration-test/target/test-dir/MiniOzoneClusterImpl-30cd45ce-4337-4039-bf7d-2128eab36bad/datanode-5/data/ratis/e8b2d318-71f4-4468-a6c6-a914be545fc5/current/log_inprogress_0
2019-11-14 17:41:00,206 [Thread-1561] INFO  impl.FollowerState (FollowerState.java:run(111)) - d20af944-8902-4729-9038-f1b3d5904c1c@group-A4E787492910-FollowerState: change to CANDIDATE, lastRpcTime:1135ms, electionTimeout:1135ms
2019-11-14 17:41:00,206 [Thread-1561] INFO  impl.RoleInfo (RoleInfo.java:shutdownFollowerState(121)) - d20af944-8902-4729-9038-f1b3d5904c1c: shutdown FollowerState
2019-11-14 17:41:00,206 [Thread-1561] INFO  impl.RaftServerImpl (RaftServerImpl.java:setRole(173)) - d20af944-8902-4729-9038-f1b3d5904c1c@group-A4E787492910: changes role from  FOLLOWER to CANDIDATE at term 0 for changeToCandidate
2019-11-14 17:41:00,206 [Thread-1561] INFO  impl.RoleInfo (RoleInfo.java:updateAndGet(143)) - d20af944-8902-4729-9038-f1b3d5904c1c: start LeaderElection
2019-11-14 17:41:00,233 [d20af944-8902-4729-9038-f1b3d5904c1c@group-A4E787492910-LeaderElection79] INFO  impl.LeaderElection (LeaderElection.java:askForVotes(178)) - d20af944-8902-4729-9038-f1b3d5904c1c@group-A4E787492910-LeaderElection79: begin an election at term 1 for -1: [d20af944-8902-4729-9038-f1b3d5904c1c:192.168.157.194:42191], old=null
2019-11-14 17:41:00,233 [d20af944-8902-4729-9038-f1b3d5904c1c@group-A4E787492910-LeaderElection79] INFO  impl.RoleInfo (RoleInfo.java:shutdownLeaderElection(134)) - d20af944-8902-4729-9038-f1b3d5904c1c: shutdown LeaderElection
2019-11-14 17:41:00,233 [d20af944-8902-4729-9038-f1b3d5904c1c@group-A4E787492910-LeaderElection79] INFO  impl.RaftServerImpl (RaftServerImpl.java:setRole(173)) - d20af944-8902-4729-9038-f1b3d5904c1c@group-A4E787492910: changes role from CANDIDATE to LEADER at term 1 for changeToLeader
2019-11-14 17:41:00,233 [d20af944-8902-4729-9038-f1b3d5904c1c@group-A4E787492910-LeaderElection79] INFO  ratis.XceiverServerRatis (XceiverServerRatis.java:handleLeaderChangedNotification(697)) - Leader change notification received for group: group-A4E787492910 with new leaderId: d20af944-8902-4729-9038-f1b3d5904c1c
2019-11-14 17:41:00,234 [d20af944-8902-4729-9038-f1b3d5904c1c@group-A4E787492910-LeaderElection79] INFO  impl.RaftServerImpl (ServerState.java:setLeader(255)) - d20af944-8902-4729-9038-f1b3d5904c1c@group-A4E787492910: change Leader from null to d20af944-8902-4729-9038-f1b3d5904c1c at term 1 for becomeLeader, leader elected after 1175ms
2019-11-14 17:41:00,234 [d20af944-8902-4729-9038-f1b3d5904c1c@group-A4E787492910-LeaderElection79] INFO  server.RaftServerConfigKeys (ConfUtils.java:logGet(43)) - raft.server.staging.catchup.gap = 1000 (default)
2019-11-14 17:41:00,234 [d20af944-8902-4729-9038-f1b3d5904c1c@group-A4E787492910-LeaderElection79] INFO  server.RaftServerConfigKeys (ConfUtils.java:logGet(43)) - raft.server.rpc.sleep.time = 25ms (default)
2019-11-14 17:41:00,234 [d20af944-8902-4729-9038-f1b3d5904c1c@group-A4E787492910-LeaderElection79] INFO  server.RaftServerConfigKeys (ConfUtils.java:logGet(43)) - raft.server.write.element-limit = 4096 (default)
2019-11-14 17:41:00,234 [d20af944-8902-4729-9038-f1b3d5904c1c@group-A4E787492910-LeaderElection79] INFO  server.RaftServerConfigKeys (ConfUtils.java:logGet(43)) - raft.server.watch.timeout = 10s (default)
2019-11-14 17:41:00,234 [d20af944-8902-4729-9038-f1b3d5904c1c@group-A4E787492910-LeaderElection79] INFO  server.RaftServerConfigKeys (ConfUtils.java:logGet(43)) - raft.server.watch.timeout.denomination = 1s (default)
2019-11-14 17:41:00,235 [d20af944-8902-4729-9038-f1b3d5904c1c@group-A4E787492910-LeaderElection79] INFO  server.RaftServerConfigKeys (ConfUtils.java:logGet(43)) - raft.server.watch.element-limit = 65536 (default)
2019-11-14 17:41:00,235 [EventQueue-PipelineReportForPipelineReportHandler] INFO  pipeline.PipelineStateManager (PipelineStateManager.java:openPipeline(134)) - Pipeline Pipeline[ Id: c5b6d211-6b06-4de4-b7b7-a4e787492910, Nodes: d20af944-8902-4729-9038-f1b3d5904c1c{ip: 192.168.157.194, host: pr-hdds-2482-j87dr-2776293630, networkLocation: /default-rack, certSerialId: null}, Type:RATIS, Factor:ONE, State:OPEN] moved to OPEN state
2019-11-14 17:41:00,235 [d20af944-8902-4729-9038-f1b3d5904c1c@group-A4E787492910-LeaderElection79] INFO  impl.RoleInfo (RoleInfo.java:updateAndGet(143)) - d20af944-8902-4729-9038-f1b3d5904c1c: start LeaderState
2019-11-14 17:41:00,235 [d20af944-8902-4729-9038-f1b3d5904c1c@group-A4E787492910-LeaderElection79] INFO  segmented.SegmentedRaftLogWorker (SegmentedRaftLogWorker.java:startLogSegment(385)) - d20af944-8902-4729-9038-f1b3d5904c1c@group-A4E787492910-SegmentedRaftLogWorker: Starting segment from index:0
2019-11-14 17:41:00,236 [d20af944-8902-4729-9038-f1b3d5904c1c@group-A4E787492910-LeaderElection79] INFO  impl.RaftServerImpl (ServerState.java:setRaftConf(356)) - d20af944-8902-4729-9038-f1b3d5904c1c@group-A4E787492910: set configuration 0: [d20af944-8902-4729-9038-f1b3d5904c1c:192.168.157.194:42191], old=null at 0
2019-11-14 17:41:00,287 [main] WARN  scm.XceiverClientRatis (XceiverClientRatis.java:watchForCommit(277)) - 3 way commit failed on pipeline Pipeline[ Id: 92c5c384-88a1-4b68-bd3a-5106dd31a981, Nodes: d20af944-8902-4729-9038-f1b3d5904c1c{ip: 192.168.157.194, host: pr-hdds-2482-j87dr-2776293630, networkLocation: /default-rack, certSerialId: null}b1eef20d-d56e-4525-87fc-77ff197a940a{ip: 192.168.157.194, host: pr-hdds-2482-j87dr-2776293630, networkLocation: /default-rack, certSerialId: null}85330d09-12c2-4b50-bc83-acecbbd5cc6d{ip: 192.168.157.194, host: pr-hdds-2482-j87dr-2776293630, networkLocation: /default-rack, certSerialId: null}, Type:RATIS, Factor:THREE, State:OPEN]
java.util.concurrent.ExecutionException: org.apache.ratis.protocol.GroupMismatchException: 85330d09-12c2-4b50-bc83-acecbbd5cc6d: group-5106DD31A981 not found.
	at java.util.concurrent.CompletableFuture.reportGet(CompletableFuture.java:357)
	at java.util.concurrent.CompletableFuture.get(CompletableFuture.java:1915)
	at org.apache.hadoop.hdds.scm.XceiverClientRatis.watchForCommit(XceiverClientRatis.java:274)
	at org.apache.hadoop.hdds.scm.storage.CommitWatcher.watchForCommit(CommitWatcher.java:198)
	at org.apache.hadoop.hdds.scm.storage.CommitWatcher.watchOnFirstIndex(CommitWatcher.java:137)
	at org.apache.hadoop.hdds.scm.storage.BlockOutputStream.watchForCommit(BlockOutputStream.java:346)
	at org.apache.hadoop.hdds.scm.storage.BlockOutputStream.handleFullBuffer(BlockOutputStream.java:323)
	at org.apache.hadoop.hdds.scm.storage.BlockOutputStream.write(BlockOutputStream.java:250)
	at org.apache.hadoop.ozone.client.io.BlockOutputStreamEntry.write(BlockOutputStreamEntry.java:129)
	at org.apache.hadoop.ozone.client.io.KeyOutputStream.handleWrite(KeyOutputStream.java:208)
	at org.apache.hadoop.ozone.client.io.KeyOutputStream.write(KeyOutputStream.java:190)
	at org.apache.hadoop.ozone.client.io.OzoneOutputStream.write(OzoneOutputStream.java:49)
	at java.io.OutputStream.write(OutputStream.java:75)
	at org.apache.hadoop.ozone.client.rpc.TestMultiBlockWritesWithDnFailures.testMultiBlockWritesWithDnFailures(TestMultiBlockWritesWithDnFailures.java:123)
	at sun.reflect.NativeMethodAccessorImpl.invoke0(Native Method)
	at sun.reflect.NativeMethodAccessorImpl.invoke(NativeMethodAccessorImpl.java:62)
	at sun.reflect.DelegatingMethodAccessorImpl.invoke(DelegatingMethodAccessorImpl.java:43)
	at java.lang.reflect.Method.invoke(Method.java:498)
	at org.junit.runners.model.FrameworkMethod$1.runReflectiveCall(FrameworkMethod.java:47)
	at org.junit.internal.runners.model.ReflectiveCallable.run(ReflectiveCallable.java:12)
	at org.junit.runners.model.FrameworkMethod.invokeExplosively(FrameworkMethod.java:44)
	at org.junit.internal.runners.statements.InvokeMethod.evaluate(InvokeMethod.java:17)
	at org.junit.internal.runners.statements.RunAfters.evaluate(RunAfters.java:27)
	at org.junit.runners.ParentRunner.runLeaf(ParentRunner.java:271)
	at org.junit.runners.BlockJUnit4ClassRunner.runChild(BlockJUnit4ClassRunner.java:70)
	at org.junit.runners.BlockJUnit4ClassRunner.runChild(BlockJUnit4ClassRunner.java:50)
	at org.junit.runners.ParentRunner$3.run(ParentRunner.java:238)
	at org.junit.runners.ParentRunner$1.schedule(ParentRunner.java:63)
	at org.junit.runners.ParentRunner.runChildren(ParentRunner.java:236)
	at org.junit.runners.ParentRunner.access$000(ParentRunner.java:53)
	at org.junit.runners.ParentRunner$2.evaluate(ParentRunner.java:229)
	at org.junit.runners.ParentRunner.run(ParentRunner.java:309)
	at org.apache.maven.surefire.junit4.JUnit4Provider.execute(JUnit4Provider.java:365)
	at org.apache.maven.surefire.junit4.JUnit4Provider.executeWithRerun(JUnit4Provider.java:273)
	at org.apache.maven.surefire.junit4.JUnit4Provider.executeTestSet(JUnit4Provider.java:238)
	at org.apache.maven.surefire.junit4.JUnit4Provider.invoke(JUnit4Provider.java:159)
	at org.apache.maven.surefire.booter.ForkedBooter.invokeProviderInSameClassLoader(ForkedBooter.java:384)
	at org.apache.maven.surefire.booter.ForkedBooter.runSuitesInProcess(ForkedBooter.java:345)
	at org.apache.maven.surefire.booter.ForkedBooter.execute(ForkedBooter.java:126)
	at org.apache.maven.surefire.booter.ForkedBooter.main(ForkedBooter.java:418)
Caused by: org.apache.ratis.protocol.GroupMismatchException: 85330d09-12c2-4b50-bc83-acecbbd5cc6d: group-5106DD31A981 not found.
	at org.apache.ratis.server.impl.RaftServerProxy$ImplMap.get(RaftServerProxy.java:122)
	at org.apache.ratis.server.impl.RaftServerProxy.getImplFuture(RaftServerProxy.java:269)
	at org.apache.ratis.server.impl.RaftServerProxy.submitRequest(RaftServerProxy.java:327)
	at org.apache.ratis.server.impl.RaftServerProxy.submitClientRequestAsync(RaftServerProxy.java:333)
	at org.apache.ratis.grpc.client.GrpcClientProtocolService$RequestStreamObserver.processClientRequest(GrpcClientProtocolService.java:221)
	at org.apache.ratis.grpc.client.GrpcClientProtocolService$UnorderedRequestStreamObserver.processClientRequest(GrpcClientProtocolService.java:277)
	at org.apache.ratis.grpc.client.GrpcClientProtocolService$RequestStreamObserver.onNext(GrpcClientProtocolService.java:241)
	at org.apache.ratis.grpc.client.GrpcClientProtocolService$RequestStreamObserver.onNext(GrpcClientProtocolService.java:168)
	at org.apache.ratis.thirdparty.io.grpc.stub.ServerCalls$StreamingServerCallHandler$StreamingServerCallListener.onMessage(ServerCalls.java:248)
	at org.apache.ratis.thirdparty.io.grpc.internal.ServerCallImpl$ServerStreamListenerImpl.messagesAvailable(ServerCallImpl.java:263)
	at org.apache.ratis.thirdparty.io.grpc.internal.ServerImpl$JumpToApplicationThreadServerStreamListener$1MessagesAvailable.runInContext(ServerImpl.java:686)
	at org.apache.ratis.thirdparty.io.grpc.internal.ContextRunnable.run(ContextRunnable.java:37)
	at org.apache.ratis.thirdparty.io.grpc.internal.SerializingExecutor.run(SerializingExecutor.java:123)
	at java.util.concurrent.ThreadPoolExecutor.runWorker(ThreadPoolExecutor.java:1149)
	at java.util.concurrent.ThreadPoolExecutor$Worker.run(ThreadPoolExecutor.java:624)
	at java.lang.Thread.run(Thread.java:748)
2019-11-14 17:41:00,288 [main] WARN  storage.CommitWatcher (CommitWatcher.java:watchForCommit(207)) - watchForCommit failed for index 9
java.util.concurrent.ExecutionException: org.apache.ratis.protocol.GroupMismatchException: 85330d09-12c2-4b50-bc83-acecbbd5cc6d: group-5106DD31A981 not found.
	at java.util.concurrent.CompletableFuture.reportGet(CompletableFuture.java:357)
	at java.util.concurrent.CompletableFuture.get(CompletableFuture.java:1915)
	at org.apache.hadoop.hdds.scm.XceiverClientRatis.watchForCommit(XceiverClientRatis.java:274)
	at org.apache.hadoop.hdds.scm.storage.CommitWatcher.watchForCommit(CommitWatcher.java:198)
	at org.apache.hadoop.hdds.scm.storage.CommitWatcher.watchOnFirstIndex(CommitWatcher.java:137)
	at org.apache.hadoop.hdds.scm.storage.BlockOutputStream.watchForCommit(BlockOutputStream.java:346)
	at org.apache.hadoop.hdds.scm.storage.BlockOutputStream.handleFullBuffer(BlockOutputStream.java:323)
	at org.apache.hadoop.hdds.scm.storage.BlockOutputStream.write(BlockOutputStream.java:250)
	at org.apache.hadoop.ozone.client.io.BlockOutputStreamEntry.write(BlockOutputStreamEntry.java:129)
	at org.apache.hadoop.ozone.client.io.KeyOutputStream.handleWrite(KeyOutputStream.java:208)
	at org.apache.hadoop.ozone.client.io.KeyOutputStream.write(KeyOutputStream.java:190)
	at org.apache.hadoop.ozone.client.io.OzoneOutputStream.write(OzoneOutputStream.java:49)
	at java.io.OutputStream.write(OutputStream.java:75)
	at org.apache.hadoop.ozone.client.rpc.TestMultiBlockWritesWithDnFailures.testMultiBlockWritesWithDnFailures(TestMultiBlockWritesWithDnFailures.java:123)
	at sun.reflect.NativeMethodAccessorImpl.invoke0(Native Method)
	at sun.reflect.NativeMethodAccessorImpl.invoke(NativeMethodAccessorImpl.java:62)
	at sun.reflect.DelegatingMethodAccessorImpl.invoke(DelegatingMethodAccessorImpl.java:43)
	at java.lang.reflect.Method.invoke(Method.java:498)
	at org.junit.runners.model.FrameworkMethod$1.runReflectiveCall(FrameworkMethod.java:47)
	at org.junit.internal.runners.model.ReflectiveCallable.run(ReflectiveCallable.java:12)
	at org.junit.runners.model.FrameworkMethod.invokeExplosively(FrameworkMethod.java:44)
	at org.junit.internal.runners.statements.InvokeMethod.evaluate(InvokeMethod.java:17)
	at org.junit.internal.runners.statements.RunAfters.evaluate(RunAfters.java:27)
	at org.junit.runners.ParentRunner.runLeaf(ParentRunner.java:271)
	at org.junit.runners.BlockJUnit4ClassRunner.runChild(BlockJUnit4ClassRunner.java:70)
	at org.junit.runners.BlockJUnit4ClassRunner.runChild(BlockJUnit4ClassRunner.java:50)
	at org.junit.runners.ParentRunner$3.run(ParentRunner.java:238)
	at org.junit.runners.ParentRunner$1.schedule(ParentRunner.java:63)
	at org.junit.runners.ParentRunner.runChildren(ParentRunner.java:236)
	at org.junit.runners.ParentRunner.access$000(ParentRunner.java:53)
	at org.junit.runners.ParentRunner$2.evaluate(ParentRunner.java:229)
	at org.junit.runners.ParentRunner.run(ParentRunner.java:309)
	at org.apache.maven.surefire.junit4.JUnit4Provider.execute(JUnit4Provider.java:365)
	at org.apache.maven.surefire.junit4.JUnit4Provider.executeWithRerun(JUnit4Provider.java:273)
	at org.apache.maven.surefire.junit4.JUnit4Provider.executeTestSet(JUnit4Provider.java:238)
	at org.apache.maven.surefire.junit4.JUnit4Provider.invoke(JUnit4Provider.java:159)
	at org.apache.maven.surefire.booter.ForkedBooter.invokeProviderInSameClassLoader(ForkedBooter.java:384)
	at org.apache.maven.surefire.booter.ForkedBooter.runSuitesInProcess(ForkedBooter.java:345)
	at org.apache.maven.surefire.booter.ForkedBooter.execute(ForkedBooter.java:126)
	at org.apache.maven.surefire.booter.ForkedBooter.main(ForkedBooter.java:418)
Caused by: org.apache.ratis.protocol.GroupMismatchException: 85330d09-12c2-4b50-bc83-acecbbd5cc6d: group-5106DD31A981 not found.
	at org.apache.ratis.server.impl.RaftServerProxy$ImplMap.get(RaftServerProxy.java:122)
	at org.apache.ratis.server.impl.RaftServerProxy.getImplFuture(RaftServerProxy.java:269)
	at org.apache.ratis.server.impl.RaftServerProxy.submitRequest(RaftServerProxy.java:327)
	at org.apache.ratis.server.impl.RaftServerProxy.submitClientRequestAsync(RaftServerProxy.java:333)
	at org.apache.ratis.grpc.client.GrpcClientProtocolService$RequestStreamObserver.processClientRequest(GrpcClientProtocolService.java:221)
	at org.apache.ratis.grpc.client.GrpcClientProtocolService$UnorderedRequestStreamObserver.processClientRequest(GrpcClientProtocolService.java:277)
	at org.apache.ratis.grpc.client.GrpcClientProtocolService$RequestStreamObserver.onNext(GrpcClientProtocolService.java:241)
	at org.apache.ratis.grpc.client.GrpcClientProtocolService$RequestStreamObserver.onNext(GrpcClientProtocolService.java:168)
	at org.apache.ratis.thirdparty.io.grpc.stub.ServerCalls$StreamingServerCallHandler$StreamingServerCallListener.onMessage(ServerCalls.java:248)
	at org.apache.ratis.thirdparty.io.grpc.internal.ServerCallImpl$ServerStreamListenerImpl.messagesAvailable(ServerCallImpl.java:263)
	at org.apache.ratis.thirdparty.io.grpc.internal.ServerImpl$JumpToApplicationThreadServerStreamListener$1MessagesAvailable.runInContext(ServerImpl.java:686)
	at org.apache.ratis.thirdparty.io.grpc.internal.ContextRunnable.run(ContextRunnable.java:37)
	at org.apache.ratis.thirdparty.io.grpc.internal.SerializingExecutor.run(SerializingExecutor.java:123)
	at java.util.concurrent.ThreadPoolExecutor.runWorker(ThreadPoolExecutor.java:1149)
	at java.util.concurrent.ThreadPoolExecutor$Worker.run(ThreadPoolExecutor.java:624)
	at java.lang.Thread.run(Thread.java:748)
2019-11-14 17:41:00,288 [d20af944-8902-4729-9038-f1b3d5904c1c@group-A4E787492910-SegmentedRaftLogWorker] INFO  segmented.SegmentedRaftLogWorker (SegmentedRaftLogWorker.java:execute(576)) - d20af944-8902-4729-9038-f1b3d5904c1c@group-A4E787492910-SegmentedRaftLogWorker: created new log segment /workdir/hadoop-ozone/integration-test/target/test-dir/MiniOzoneClusterImpl-30cd45ce-4337-4039-bf7d-2128eab36bad/datanode-0/data/ratis/c5b6d211-6b06-4de4-b7b7-a4e787492910/current/log_inprogress_0
2019-11-14 17:41:00,289 [main] WARN  io.KeyOutputStream (KeyOutputStream.java:handleException(274)) - Encountered exception java.io.IOException: Unexpected Storage Container Exception: java.io.IOException: Unexpected Storage Container Exception: java.util.concurrent.ExecutionException: org.apache.ratis.protocol.GroupMismatchException: 85330d09-12c2-4b50-bc83-acecbbd5cc6d: group-5106DD31A981 not found. on the pipeline Pipeline[ Id: 92c5c384-88a1-4b68-bd3a-5106dd31a981, Nodes: d20af944-8902-4729-9038-f1b3d5904c1c{ip: 192.168.157.194, host: pr-hdds-2482-j87dr-2776293630, networkLocation: /default-rack, certSerialId: null}b1eef20d-d56e-4525-87fc-77ff197a940a{ip: 192.168.157.194, host: pr-hdds-2482-j87dr-2776293630, networkLocation: /default-rack, certSerialId: null}85330d09-12c2-4b50-bc83-acecbbd5cc6d{ip: 192.168.157.194, host: pr-hdds-2482-j87dr-2776293630, networkLocation: /default-rack, certSerialId: null}, Type:RATIS, Factor:THREE, State:OPEN]. The last committed block length is 2097152, uncommitted data length is 2097152 retry count 0
2019-11-14 17:41:00,290 [main] INFO  io.BlockOutputStreamEntryPool (BlockOutputStreamEntryPool.java:allocateNewBlock(257)) - Allocating block with ExcludeList {datanodes = [], containerIds = [], pipelineIds = [PipelineID=92c5c384-88a1-4b68-bd3a-5106dd31a981]}
2019-11-14 17:41:00,296 [IPC Server handler 5 on 38926] WARN  block.BlockManagerImpl (BlockManagerImpl.java:allocateBlock(200)) - Pipeline creation failed for type:RATIS factor:THREE. Retrying get pipelines call once.
org.apache.hadoop.hdds.scm.pipeline.InsufficientDatanodesException: Cannot create pipeline of factor 3 using 0 nodes.
	at org.apache.hadoop.hdds.scm.pipeline.RatisPipelineProvider.create(RatisPipelineProvider.java:153)
	at org.apache.hadoop.hdds.scm.pipeline.PipelineFactory.create(PipelineFactory.java:58)
	at org.apache.hadoop.hdds.scm.pipeline.SCMPipelineManager.createPipeline(SCMPipelineManager.java:155)
	at org.apache.hadoop.hdds.scm.block.BlockManagerImpl.allocateBlock(BlockManagerImpl.java:198)
	at org.apache.hadoop.hdds.scm.server.SCMBlockProtocolServer.allocateBlock(SCMBlockProtocolServer.java:187)
	at org.apache.hadoop.hdds.scm.protocol.ScmBlockLocationProtocolServerSideTranslatorPB.allocateScmBlock(ScmBlockLocationProtocolServerSideTranslatorPB.java:159)
	at org.apache.hadoop.hdds.scm.protocol.ScmBlockLocationProtocolServerSideTranslatorPB.processMessage(ScmBlockLocationProtocolServerSideTranslatorPB.java:117)
	at org.apache.hadoop.hdds.server.OzoneProtocolMessageDispatcher.processRequest(OzoneProtocolMessageDispatcher.java:72)
	at org.apache.hadoop.hdds.scm.protocol.ScmBlockLocationProtocolServerSideTranslatorPB.send(ScmBlockLocationProtocolServerSideTranslatorPB.java:98)
	at org.apache.hadoop.hdds.protocol.proto.ScmBlockLocationProtocolProtos$ScmBlockLocationProtocolService$2.callBlockingMethod(ScmBlockLocationProtocolProtos.java:13157)
	at org.apache.hadoop.ipc.ProtobufRpcEngine$Server$ProtoBufRpcInvoker.call(ProtobufRpcEngine.java:524)
	at org.apache.hadoop.ipc.RPC$Server.call(RPC.java:1025)
	at org.apache.hadoop.ipc.Server$RpcCall.run(Server.java:876)
	at org.apache.hadoop.ipc.Server$RpcCall.run(Server.java:822)
	at java.security.AccessController.doPrivileged(Native Method)
	at javax.security.auth.Subject.doAs(Subject.java:422)
	at org.apache.hadoop.security.UserGroupInformation.doAs(UserGroupInformation.java:1730)
	at org.apache.hadoop.ipc.Server$Handler.run(Server.java:2682)
2019-11-14 17:41:00,297 [IPC Server handler 5 on 38926] INFO  block.BlockManagerImpl (BlockManagerImpl.java:allocateBlock(212)) - Could not find available pipeline of type:RATIS and factor:THREE even after retrying
2019-11-14 17:41:00,298 [IPC Server handler 5 on 38926] ERROR block.BlockManagerImpl (BlockManagerImpl.java:allocateBlock(236)) - Unable to allocate a block for the size: 4194304, type: RATIS, factor: THREE
2019-11-14 17:41:00,301 [main] ERROR io.BlockOutputStreamEntryPool (BlockOutputStreamEntryPool.java:allocateBlockIfNeeded(310)) - Try to allocate more blocks for write failed, already allocated 0 blocks for this write.
INTERNAL_ERROR org.apache.hadoop.ozone.om.exceptions.OMException: Allocated 0 blocks. Requested 1 blocks
	at org.apache.hadoop.ozone.om.protocolPB.OzoneManagerProtocolClientSideTranslatorPB.handleError(OzoneManagerProtocolClientSideTranslatorPB.java:761)
	at org.apache.hadoop.ozone.om.protocolPB.OzoneManagerProtocolClientSideTranslatorPB.allocateBlock(OzoneManagerProtocolClientSideTranslatorPB.java:793)
	at sun.reflect.NativeMethodAccessorImpl.invoke0(Native Method)
	at sun.reflect.NativeMethodAccessorImpl.invoke(NativeMethodAccessorImpl.java:62)
	at sun.reflect.DelegatingMethodAccessorImpl.invoke(DelegatingMethodAccessorImpl.java:43)
	at java.lang.reflect.Method.invoke(Method.java:498)
	at org.apache.hadoop.hdds.tracing.TraceAllMethod.invoke(TraceAllMethod.java:66)
	at com.sun.proxy.$Proxy36.allocateBlock(Unknown Source)
	at org.apache.hadoop.ozone.client.io.BlockOutputStreamEntryPool.allocateNewBlock(BlockOutputStreamEntryPool.java:259)
	at org.apache.hadoop.ozone.client.io.BlockOutputStreamEntryPool.allocateBlockIfNeeded(BlockOutputStreamEntryPool.java:307)
	at org.apache.hadoop.ozone.client.io.KeyOutputStream.handleWrite(KeyOutputStream.java:198)
	at org.apache.hadoop.ozone.client.io.KeyOutputStream.handleRetry(KeyOutputStream.java:375)
	at org.apache.hadoop.ozone.client.io.KeyOutputStream.handleException(KeyOutputStream.java:324)
	at org.apache.hadoop.ozone.client.io.KeyOutputStream.handleWrite(KeyOutputStream.java:228)
	at org.apache.hadoop.ozone.client.io.KeyOutputStream.write(KeyOutputStream.java:190)
	at org.apache.hadoop.ozone.client.io.OzoneOutputStream.write(OzoneOutputStream.java:49)
	at java.io.OutputStream.write(OutputStream.java:75)
	at org.apache.hadoop.ozone.client.rpc.TestMultiBlockWritesWithDnFailures.testMultiBlockWritesWithDnFailures(TestMultiBlockWritesWithDnFailures.java:123)
	at sun.reflect.NativeMethodAccessorImpl.invoke0(Native Method)
	at sun.reflect.NativeMethodAccessorImpl.invoke(NativeMethodAccessorImpl.java:62)
	at sun.reflect.DelegatingMethodAccessorImpl.invoke(DelegatingMethodAccessorImpl.java:43)
	at java.lang.reflect.Method.invoke(Method.java:498)
	at org.junit.runners.model.FrameworkMethod$1.runReflectiveCall(FrameworkMethod.java:47)
	at org.junit.internal.runners.model.ReflectiveCallable.run(ReflectiveCallable.java:12)
	at org.junit.runners.model.FrameworkMethod.invokeExplosively(FrameworkMethod.java:44)
	at org.junit.internal.runners.statements.InvokeMethod.evaluate(InvokeMethod.java:17)
	at org.junit.internal.runners.statements.RunAfters.evaluate(RunAfters.java:27)
	at org.junit.runners.ParentRunner.runLeaf(ParentRunner.java:271)
	at org.junit.runners.BlockJUnit4ClassRunner.runChild(BlockJUnit4ClassRunner.java:70)
	at org.junit.runners.BlockJUnit4ClassRunner.runChild(BlockJUnit4ClassRunner.java:50)
	at org.junit.runners.ParentRunner$3.run(ParentRunner.java:238)
	at org.junit.runners.ParentRunner$1.schedule(ParentRunner.java:63)
	at org.junit.runners.ParentRunner.runChildren(ParentRunner.java:236)
	at org.junit.runners.ParentRunner.access$000(ParentRunner.java:53)
	at org.junit.runners.ParentRunner$2.evaluate(ParentRunner.java:229)
	at org.junit.runners.ParentRunner.run(ParentRunner.java:309)
	at org.apache.maven.surefire.junit4.JUnit4Provider.execute(JUnit4Provider.java:365)
	at org.apache.maven.surefire.junit4.JUnit4Provider.executeWithRerun(JUnit4Provider.java:273)
	at org.apache.maven.surefire.junit4.JUnit4Provider.executeTestSet(JUnit4Provider.java:238)
	at org.apache.maven.surefire.junit4.JUnit4Provider.invoke(JUnit4Provider.java:159)
	at org.apache.maven.surefire.booter.ForkedBooter.invokeProviderInSameClassLoader(ForkedBooter.java:384)
	at org.apache.maven.surefire.booter.ForkedBooter.runSuitesInProcess(ForkedBooter.java:345)
	at org.apache.maven.surefire.booter.ForkedBooter.execute(ForkedBooter.java:126)
	at org.apache.maven.surefire.booter.ForkedBooter.main(ForkedBooter.java:418)
2019-11-14 17:41:00,302 [main] INFO  ozone.MiniOzoneClusterImpl (MiniOzoneClusterImpl.java:shutdown(352)) - Shutting down the Mini Ozone Cluster
2019-11-14 17:41:00,303 [main] INFO  ozone.MiniOzoneClusterImpl (MiniOzoneClusterImpl.java:stop(368)) - Stopping the Mini Ozone Cluster
2019-11-14 17:41:00,303 [main] INFO  ozone.MiniOzoneClusterImpl (MiniOzoneClusterImpl.java:stopOM(438)) - Stopping the OzoneManager
2019-11-14 17:41:00,303 [main] INFO  ipc.Server (Server.java:stop(3082)) - Stopping server on 43439
2019-11-14 17:41:00,308 [IPC Server listener on 43439] INFO  ipc.Server (Server.java:run(1185)) - Stopping IPC Server listener on 43439
2019-11-14 17:41:00,310 [IPC Server Responder] INFO  ipc.Server (Server.java:run(1319)) - Stopping IPC Server Responder
2019-11-14 17:41:00,308 [main] INFO  ratis.OzoneManagerDoubleBuffer (OzoneManagerDoubleBuffer.java:stop(261)) - Stopping OMDoubleBuffer flush thread
2019-11-14 17:41:00,311 [OMDoubleBufferFlushThread] INFO  ratis.OzoneManagerDoubleBuffer (OzoneManagerDoubleBuffer.java:flushTransactions(199)) - OMDoubleBuffer flush thread OMDoubleBufferFlushThread is interrupted and will exit. OMDoubleBufferFlushThread
2019-11-14 17:41:00,315 [main] INFO  utils.BackgroundService (BackgroundService.java:shutdown(151)) - Shutting down service KeyDeletingService
2019-11-14 17:41:00,327 [main] INFO  handler.ContextHandler (ContextHandler.java:doStop(910)) - Stopped o.e.j.w.WebAppContext@17e9bc9e{/,null,UNAVAILABLE}{/ozoneManager}
2019-11-14 17:41:00,327 [main] INFO  server.AbstractConnector (AbstractConnector.java:doStop(318)) - Stopped ServerConnector@36b9cb99{HTTP/1.1,[http/1.1]}{0.0.0.0:0}
2019-11-14 17:41:00,328 [main] INFO  handler.ContextHandler (ContextHandler.java:doStop(910)) - Stopped o.e.j.s.ServletContextHandler@3b95a6db{/static,file:///workdir/hadoop-ozone/integration-test/target/test-classes/webapps/static,UNAVAILABLE}
2019-11-14 17:41:00,328 [main] INFO  handler.ContextHandler (ContextHandler.java:doStop(910)) - Stopped o.e.j.s.ServletContextHandler@21b6c9c2{/logs,file:///workdir/hadoop-ozone/integration-test/target/log,UNAVAILABLE}
2019-11-14 17:41:00,330 [main] INFO  ozone.MiniOzoneClusterImpl (MiniOzoneClusterImpl.java:stopDatanodes(415)) - Stopping the HddsDatanodes
2019-11-14 17:41:00,513 [Thread-1588] INFO  impl.FollowerState (FollowerState.java:run(111)) - d20af944-8902-4729-9038-f1b3d5904c1c@group-57A242E0C858-FollowerState: change to CANDIDATE, lastRpcTime:1024ms, electionTimeout:1024ms
2019-11-14 17:41:00,514 [Thread-1588] INFO  impl.RoleInfo (RoleInfo.java:shutdownFollowerState(121)) - d20af944-8902-4729-9038-f1b3d5904c1c: shutdown FollowerState
2019-11-14 17:41:00,514 [Thread-1588] INFO  impl.RaftServerImpl (RaftServerImpl.java:setRole(173)) - d20af944-8902-4729-9038-f1b3d5904c1c@group-57A242E0C858: changes role from  FOLLOWER to CANDIDATE at term 0 for changeToCandidate
2019-11-14 17:41:00,514 [Thread-1588] INFO  impl.RoleInfo (RoleInfo.java:updateAndGet(143)) - d20af944-8902-4729-9038-f1b3d5904c1c: start LeaderElection
2019-11-14 17:41:00,518 [Datanode State Machine Thread - 0] INFO  statemachine.DatanodeStateMachine (DatanodeStateMachine.java:lambda$startDaemon$0(350)) - Ozone container server started.
2019-11-14 17:41:00,524 [Thread-1591] INFO  impl.FollowerState (FollowerState.java:run(111)) - b1eef20d-d56e-4525-87fc-77ff197a940a@group-57A242E0C858-FollowerState: change to CANDIDATE, lastRpcTime:1032ms, electionTimeout:1032ms
2019-11-14 17:41:00,524 [Thread-1591] INFO  impl.RoleInfo (RoleInfo.java:shutdownFollowerState(121)) - b1eef20d-d56e-4525-87fc-77ff197a940a: shutdown FollowerState
2019-11-14 17:41:00,525 [Thread-1591] INFO  impl.RaftServerImpl (RaftServerImpl.java:setRole(173)) - b1eef20d-d56e-4525-87fc-77ff197a940a@group-57A242E0C858: changes role from  FOLLOWER to CANDIDATE at term 0 for changeToCandidate
2019-11-14 17:41:00,525 [Thread-1591] INFO  impl.RoleInfo (RoleInfo.java:updateAndGet(143)) - b1eef20d-d56e-4525-87fc-77ff197a940a: start LeaderElection
2019-11-14 17:41:00,543 [d20af944-8902-4729-9038-f1b3d5904c1c@group-57A242E0C858-LeaderElection80] INFO  impl.LeaderElection (LeaderElection.java:askForVotes(178)) - d20af944-8902-4729-9038-f1b3d5904c1c@group-57A242E0C858-LeaderElection80: begin an election at term 1 for -1: [b1eef20d-d56e-4525-87fc-77ff197a940a:192.168.157.194:38023, 85330d09-12c2-4b50-bc83-acecbbd5cc6d:192.168.157.194:44898, d20af944-8902-4729-9038-f1b3d5904c1c:192.168.157.194:42191], old=null
2019-11-14 17:41:00,546 [b1eef20d-d56e-4525-87fc-77ff197a940a@group-57A242E0C858-LeaderElection81] INFO  impl.LeaderElection (LeaderElection.java:askForVotes(178)) - b1eef20d-d56e-4525-87fc-77ff197a940a@group-57A242E0C858-LeaderElection81: begin an election at term 1 for -1: [b1eef20d-d56e-4525-87fc-77ff197a940a:192.168.157.194:38023, 85330d09-12c2-4b50-bc83-acecbbd5cc6d:192.168.157.194:44898, d20af944-8902-4729-9038-f1b3d5904c1c:192.168.157.194:42191], old=null
2019-11-14 17:41:00,549 [grpc-default-executor-4] INFO  impl.RaftServerImpl (RaftServerImpl.java:setRole(173)) - 85330d09-12c2-4b50-bc83-acecbbd5cc6d@group-57A242E0C858: changes role from  FOLLOWER to FOLLOWER at term 1 for recognizeCandidate:d20af944-8902-4729-9038-f1b3d5904c1c
2019-11-14 17:41:00,549 [grpc-default-executor-4] INFO  impl.RoleInfo (RoleInfo.java:shutdownFollowerState(121)) - 85330d09-12c2-4b50-bc83-acecbbd5cc6d: shutdown FollowerState
2019-11-14 17:41:00,549 [grpc-default-executor-4] INFO  impl.RoleInfo (RoleInfo.java:updateAndGet(143)) - 85330d09-12c2-4b50-bc83-acecbbd5cc6d: start FollowerState
2019-11-14 17:41:00,549 [Thread-1594] INFO  impl.FollowerState (FollowerState.java:run(120)) - 85330d09-12c2-4b50-bc83-acecbbd5cc6d@group-57A242E0C858-FollowerState was interrupted: java.lang.InterruptedException: sleep interrupted
2019-11-14 17:41:00,569 [d20af944-8902-4729-9038-f1b3d5904c1c@group-57A242E0C858-LeaderElection80] INFO  impl.LeaderElection (LeaderElection.java:logAndReturn(56)) - d20af944-8902-4729-9038-f1b3d5904c1c@group-57A242E0C858-LeaderElection80: Election PASSED; received 2 response(s) [d20af944-8902-4729-9038-f1b3d5904c1c<-b1eef20d-d56e-4525-87fc-77ff197a940a#0:FAIL-t1, d20af944-8902-4729-9038-f1b3d5904c1c<-85330d09-12c2-4b50-bc83-acecbbd5cc6d#0:OK-t1] and 0 exception(s); d20af944-8902-4729-9038-f1b3d5904c1c@group-57A242E0C858:t1, leader=null, voted=d20af944-8902-4729-9038-f1b3d5904c1c, raftlog=d20af944-8902-4729-9038-f1b3d5904c1c@group-57A242E0C858-SegmentedRaftLog:OPENED:c-1,f-1,i0, conf=-1: [b1eef20d-d56e-4525-87fc-77ff197a940a:192.168.157.194:38023, 85330d09-12c2-4b50-bc83-acecbbd5cc6d:192.168.157.194:44898, d20af944-8902-4729-9038-f1b3d5904c1c:192.168.157.194:42191], old=null
2019-11-14 17:41:00,569 [d20af944-8902-4729-9038-f1b3d5904c1c@group-57A242E0C858-LeaderElection80] INFO  impl.RoleInfo (RoleInfo.java:shutdownLeaderElection(134)) - d20af944-8902-4729-9038-f1b3d5904c1c: shutdown LeaderElection
2019-11-14 17:41:00,570 [b1eef20d-d56e-4525-87fc-77ff197a940a@group-57A242E0C858-LeaderElection81] INFO  impl.LeaderElection (LeaderElection.java:logAndReturn(56)) - b1eef20d-d56e-4525-87fc-77ff197a940a@group-57A242E0C858-LeaderElection81: Election REJECTED; received 2 response(s) [b1eef20d-d56e-4525-87fc-77ff197a940a<-85330d09-12c2-4b50-bc83-acecbbd5cc6d#0:FAIL-t1, b1eef20d-d56e-4525-87fc-77ff197a940a<-d20af944-8902-4729-9038-f1b3d5904c1c#0:FAIL-t1] and 0 exception(s); b1eef20d-d56e-4525-87fc-77ff197a940a@group-57A242E0C858:t1, leader=null, voted=b1eef20d-d56e-4525-87fc-77ff197a940a, raftlog=b1eef20d-d56e-4525-87fc-77ff197a940a@group-57A242E0C858-SegmentedRaftLog:OPENED:c-1,f-1,i0, conf=-1: [b1eef20d-d56e-4525-87fc-77ff197a940a:192.168.157.194:38023, 85330d09-12c2-4b50-bc83-acecbbd5cc6d:192.168.157.194:44898, d20af944-8902-4729-9038-f1b3d5904c1c:192.168.157.194:42191], old=null
2019-11-14 17:41:00,570 [d20af944-8902-4729-9038-f1b3d5904c1c@group-57A242E0C858-LeaderElection80] INFO  impl.RaftServerImpl (RaftServerImpl.java:setRole(173)) - d20af944-8902-4729-9038-f1b3d5904c1c@group-57A242E0C858: changes role from CANDIDATE to LEADER at term 1 for changeToLeader
2019-11-14 17:41:00,570 [b1eef20d-d56e-4525-87fc-77ff197a940a@group-57A242E0C858-LeaderElection81] INFO  impl.RaftServerImpl (RaftServerImpl.java:setRole(173)) - b1eef20d-d56e-4525-87fc-77ff197a940a@group-57A242E0C858: changes role from CANDIDATE to FOLLOWER at term 1 for DISCOVERED_A_NEW_TERM
2019-11-14 17:41:00,570 [d20af944-8902-4729-9038-f1b3d5904c1c@group-57A242E0C858-LeaderElection80] INFO  ratis.XceiverServerRatis (XceiverServerRatis.java:handleLeaderChangedNotification(697)) - Leader change notification received for group: group-57A242E0C858 with new leaderId: d20af944-8902-4729-9038-f1b3d5904c1c
2019-11-14 17:41:00,570 [b1eef20d-d56e-4525-87fc-77ff197a940a@group-57A242E0C858-LeaderElection81] INFO  impl.RoleInfo (RoleInfo.java:shutdownLeaderElection(134)) - b1eef20d-d56e-4525-87fc-77ff197a940a: shutdown LeaderElection
2019-11-14 17:41:00,570 [d20af944-8902-4729-9038-f1b3d5904c1c@group-57A242E0C858-LeaderElection80] INFO  impl.RaftServerImpl (ServerState.java:setLeader(255)) - d20af944-8902-4729-9038-f1b3d5904c1c@group-57A242E0C858: change Leader from null to d20af944-8902-4729-9038-f1b3d5904c1c at term 1 for becomeLeader, leader elected after 1087ms
2019-11-14 17:41:00,570 [b1eef20d-d56e-4525-87fc-77ff197a940a@group-57A242E0C858-LeaderElection81] INFO  impl.RoleInfo (RoleInfo.java:updateAndGet(143)) - b1eef20d-d56e-4525-87fc-77ff197a940a: start FollowerState
2019-11-14 17:41:00,570 [d20af944-8902-4729-9038-f1b3d5904c1c@group-57A242E0C858-LeaderElection80] INFO  server.RaftServerConfigKeys (ConfUtils.java:logGet(43)) - raft.server.staging.catchup.gap = 1000 (default)
2019-11-14 17:41:00,571 [d20af944-8902-4729-9038-f1b3d5904c1c@group-57A242E0C858-LeaderElection80] INFO  server.RaftServerConfigKeys (ConfUtils.java:logGet(43)) - raft.server.rpc.sleep.time = 25ms (default)
2019-11-14 17:41:00,571 [d20af944-8902-4729-9038-f1b3d5904c1c@group-57A242E0C858-LeaderElection80] INFO  server.RaftServerConfigKeys (ConfUtils.java:logGet(43)) - raft.server.write.element-limit = 4096 (default)
2019-11-14 17:41:00,571 [d20af944-8902-4729-9038-f1b3d5904c1c@group-57A242E0C858-LeaderElection80] INFO  server.RaftServerConfigKeys (ConfUtils.java:logGet(43)) - raft.server.watch.timeout = 10s (default)
2019-11-14 17:41:00,571 [d20af944-8902-4729-9038-f1b3d5904c1c@group-57A242E0C858-LeaderElection80] INFO  server.RaftServerConfigKeys (ConfUtils.java:logGet(43)) - raft.server.watch.timeout.denomination = 1s (default)
2019-11-14 17:41:00,571 [d20af944-8902-4729-9038-f1b3d5904c1c@group-57A242E0C858-LeaderElection80] INFO  server.RaftServerConfigKeys (ConfUtils.java:logGet(43)) - raft.server.watch.element-limit = 65536 (default)
2019-11-14 17:41:00,571 [d20af944-8902-4729-9038-f1b3d5904c1c@group-57A242E0C858-LeaderElection80] INFO  server.RaftServerConfigKeys (ConfUtils.java:logGet(43)) - raft.server.log.appender.snapshot.chunk.size.max = 16MB (=16777216) (default)
2019-11-14 17:41:00,571 [EventQueue-PipelineReportForPipelineReportHandler] INFO  pipeline.PipelineStateManager (PipelineStateManager.java:openPipeline(134)) - Pipeline Pipeline[ Id: eadedb53-ca1e-46f6-9712-57a242e0c858, Nodes: d20af944-8902-4729-9038-f1b3d5904c1c{ip: 192.168.157.194, host: pr-hdds-2482-j87dr-2776293630, networkLocation: /default-rack, certSerialId: null}b1eef20d-d56e-4525-87fc-77ff197a940a{ip: 192.168.157.194, host: pr-hdds-2482-j87dr-2776293630, networkLocation: /default-rack, certSerialId: null}85330d09-12c2-4b50-bc83-acecbbd5cc6d{ip: 192.168.157.194, host: pr-hdds-2482-j87dr-2776293630, networkLocation: /default-rack, certSerialId: null}, Type:RATIS, Factor:THREE, State:OPEN] moved to OPEN state
2019-11-14 17:41:00,572 [d20af944-8902-4729-9038-f1b3d5904c1c@group-57A242E0C858-LeaderElection80] INFO  server.RaftServerConfigKeys (ConfUtils.java:logGet(43)) - raft.server.log.appender.buffer.byte-limit = 33554432 (custom)
2019-11-14 17:41:00,572 [d20af944-8902-4729-9038-f1b3d5904c1c@group-57A242E0C858-LeaderElection80] INFO  server.RaftServerConfigKeys (ConfUtils.java:logGet(43)) - raft.server.log.appender.buffer.element-limit = 1 (custom)
2019-11-14 17:41:00,572 [d20af944-8902-4729-9038-f1b3d5904c1c@group-57A242E0C858-LeaderElection80] INFO  grpc.GrpcConfigKeys$Server (ConfUtils.java:logGet(43)) - raft.grpc.server.leader.outstanding.appends.max = 128 (default)
2019-11-14 17:41:00,572 [d20af944-8902-4729-9038-f1b3d5904c1c@group-57A242E0C858-LeaderElection80] INFO  server.RaftServerConfigKeys (ConfUtils.java:logGet(43)) - raft.server.rpc.request.timeout = 3000ms (default)
2019-11-14 17:41:00,572 [d20af944-8902-4729-9038-f1b3d5904c1c@group-57A242E0C858-LeaderElection80] INFO  server.RaftServerConfigKeys (ConfUtils.java:logGet(43)) - raft.server.log.appender.install.snapshot.enabled = false (custom)
2019-11-14 17:41:00,572 [d20af944-8902-4729-9038-f1b3d5904c1c@group-57A242E0C858-LeaderElection80] WARN  impl.MetricRegistriesImpl (MetricRegistriesImpl.java:lambda$create$1(61)) - First MetricRegistry has been created without registering reporters. You may need to call MetricRegistries.global().addReportRegistration(...) before.
2019-11-14 17:41:00,572 [d20af944-8902-4729-9038-f1b3d5904c1c@group-57A242E0C858-LeaderElection80] INFO  server.RaftServerConfigKeys (ConfUtils.java:logGet(43)) - raft.server.log.appender.snapshot.chunk.size.max = 16MB (=16777216) (default)
2019-11-14 17:41:00,573 [d20af944-8902-4729-9038-f1b3d5904c1c@group-57A242E0C858-LeaderElection80] INFO  server.RaftServerConfigKeys (ConfUtils.java:logGet(43)) - raft.server.log.appender.buffer.byte-limit = 33554432 (custom)
2019-11-14 17:41:00,573 [d20af944-8902-4729-9038-f1b3d5904c1c@group-57A242E0C858-LeaderElection80] INFO  server.RaftServerConfigKeys (ConfUtils.java:logGet(43)) - raft.server.log.appender.buffer.element-limit = 1 (custom)
2019-11-14 17:41:00,573 [d20af944-8902-4729-9038-f1b3d5904c1c@group-57A242E0C858-LeaderElection80] INFO  grpc.GrpcConfigKeys$Server (ConfUtils.java:logGet(43)) - raft.grpc.server.leader.outstanding.appends.max = 128 (default)
2019-11-14 17:41:00,573 [d20af944-8902-4729-9038-f1b3d5904c1c@group-57A242E0C858-LeaderElection80] INFO  server.RaftServerConfigKeys (ConfUtils.java:logGet(43)) - raft.server.rpc.request.timeout = 3000ms (default)
2019-11-14 17:41:00,573 [d20af944-8902-4729-9038-f1b3d5904c1c@group-57A242E0C858-LeaderElection80] INFO  server.RaftServerConfigKeys (ConfUtils.java:logGet(43)) - raft.server.log.appender.install.snapshot.enabled = false (custom)
2019-11-14 17:41:00,573 [d20af944-8902-4729-9038-f1b3d5904c1c@group-57A242E0C858-LeaderElection80] INFO  impl.RoleInfo (RoleInfo.java:updateAndGet(143)) - d20af944-8902-4729-9038-f1b3d5904c1c: start LeaderState
2019-11-14 17:41:00,573 [d20af944-8902-4729-9038-f1b3d5904c1c@group-57A242E0C858-LeaderElection80] INFO  segmented.SegmentedRaftLogWorker (SegmentedRaftLogWorker.java:startLogSegment(385)) - d20af944-8902-4729-9038-f1b3d5904c1c@group-57A242E0C858-SegmentedRaftLogWorker: Starting segment from index:0
2019-11-14 17:41:00,574 [d20af944-8902-4729-9038-f1b3d5904c1c@group-57A242E0C858-LeaderElection80] INFO  impl.RaftServerImpl (ServerState.java:setRaftConf(356)) - d20af944-8902-4729-9038-f1b3d5904c1c@group-57A242E0C858: set configuration 0: [b1eef20d-d56e-4525-87fc-77ff197a940a:192.168.157.194:38023, 85330d09-12c2-4b50-bc83-acecbbd5cc6d:192.168.157.194:44898, d20af944-8902-4729-9038-f1b3d5904c1c:192.168.157.194:42191], old=null at 0
2019-11-14 17:41:00,576 [grpc-default-executor-4] INFO  ratis.XceiverServerRatis (XceiverServerRatis.java:handleLeaderChangedNotification(697)) - Leader change notification received for group: group-57A242E0C858 with new leaderId: d20af944-8902-4729-9038-f1b3d5904c1c
2019-11-14 17:41:00,576 [grpc-default-executor-3] INFO  ratis.XceiverServerRatis (XceiverServerRatis.java:handleLeaderChangedNotification(697)) - Leader change notification received for group: group-57A242E0C858 with new leaderId: d20af944-8902-4729-9038-f1b3d5904c1c
2019-11-14 17:41:00,576 [grpc-default-executor-4] INFO  impl.RaftServerImpl (ServerState.java:setLeader(255)) - 85330d09-12c2-4b50-bc83-acecbbd5cc6d@group-57A242E0C858: change Leader from null to d20af944-8902-4729-9038-f1b3d5904c1c at term 1 for appendEntries, leader elected after 1093ms
2019-11-14 17:41:00,576 [grpc-default-executor-3] INFO  impl.RaftServerImpl (ServerState.java:setLeader(255)) - b1eef20d-d56e-4525-87fc-77ff197a940a@group-57A242E0C858: change Leader from null to d20af944-8902-4729-9038-f1b3d5904c1c at term 1 for appendEntries, leader elected after 1092ms
2019-11-14 17:41:00,578 [grpc-default-executor-3] INFO  impl.RaftServerImpl (ServerState.java:setRaftConf(356)) - b1eef20d-d56e-4525-87fc-77ff197a940a@group-57A242E0C858: set configuration 0: [b1eef20d-d56e-4525-87fc-77ff197a940a:192.168.157.194:38023, 85330d09-12c2-4b50-bc83-acecbbd5cc6d:192.168.157.194:44898, d20af944-8902-4729-9038-f1b3d5904c1c:192.168.157.194:42191], old=null at 0
2019-11-14 17:41:00,578 [grpc-default-executor-4] INFO  impl.RaftServerImpl (ServerState.java:setRaftConf(356)) - 85330d09-12c2-4b50-bc83-acecbbd5cc6d@group-57A242E0C858: set configuration 0: [b1eef20d-d56e-4525-87fc-77ff197a940a:192.168.157.194:38023, 85330d09-12c2-4b50-bc83-acecbbd5cc6d:192.168.157.194:44898, d20af944-8902-4729-9038-f1b3d5904c1c:192.168.157.194:42191], old=null at 0
2019-11-14 17:41:00,578 [grpc-default-executor-3] INFO  segmented.SegmentedRaftLogWorker (SegmentedRaftLogWorker.java:startLogSegment(385)) - b1eef20d-d56e-4525-87fc-77ff197a940a@group-57A242E0C858-SegmentedRaftLogWorker: Starting segment from index:0
2019-11-14 17:41:00,579 [grpc-default-executor-4] INFO  segmented.SegmentedRaftLogWorker (SegmentedRaftLogWorker.java:startLogSegment(385)) - 85330d09-12c2-4b50-bc83-acecbbd5cc6d@group-57A242E0C858-SegmentedRaftLogWorker: Starting segment from index:0
2019-11-14 17:41:00,630 [d20af944-8902-4729-9038-f1b3d5904c1c@group-57A242E0C858-SegmentedRaftLogWorker] INFO  segmented.SegmentedRaftLogWorker (SegmentedRaftLogWorker.java:execute(576)) - d20af944-8902-4729-9038-f1b3d5904c1c@group-57A242E0C858-SegmentedRaftLogWorker: created new log segment /workdir/hadoop-ozone/integration-test/target/test-dir/MiniOzoneClusterImpl-30cd45ce-4337-4039-bf7d-2128eab36bad/datanode-0/data/ratis/eadedb53-ca1e-46f6-9712-57a242e0c858/current/log_inprogress_0
2019-11-14 17:41:00,630 [85330d09-12c2-4b50-bc83-acecbbd5cc6d@group-57A242E0C858-SegmentedRaftLogWorker] INFO  segmented.SegmentedRaftLogWorker (SegmentedRaftLogWorker.java:execute(576)) - 85330d09-12c2-4b50-bc83-acecbbd5cc6d@group-57A242E0C858-SegmentedRaftLogWorker: created new log segment /workdir/hadoop-ozone/integration-test/target/test-dir/MiniOzoneClusterImpl-30cd45ce-4337-4039-bf7d-2128eab36bad/datanode-2/data/ratis/eadedb53-ca1e-46f6-9712-57a242e0c858/current/log_inprogress_0
2019-11-14 17:41:00,630 [b1eef20d-d56e-4525-87fc-77ff197a940a@group-57A242E0C858-SegmentedRaftLogWorker] INFO  segmented.SegmentedRaftLogWorker (SegmentedRaftLogWorker.java:execute(576)) - b1eef20d-d56e-4525-87fc-77ff197a940a@group-57A242E0C858-SegmentedRaftLogWorker: created new log segment /workdir/hadoop-ozone/integration-test/target/test-dir/MiniOzoneClusterImpl-30cd45ce-4337-4039-bf7d-2128eab36bad/datanode-1/data/ratis/eadedb53-ca1e-46f6-9712-57a242e0c858/current/log_inprogress_0
2019-11-14 17:41:00,700 [Thread-1602] INFO  impl.FollowerState (FollowerState.java:run(111)) - 71bec8dd-fabd-4ede-a8a1-a5a2039dbf17@group-FA619CD666BB-FollowerState: change to CANDIDATE, lastRpcTime:1045ms, electionTimeout:1045ms
2019-11-14 17:41:00,700 [Thread-1602] INFO  impl.RoleInfo (RoleInfo.java:shutdownFollowerState(121)) - 71bec8dd-fabd-4ede-a8a1-a5a2039dbf17: shutdown FollowerState
2019-11-14 17:41:00,701 [Thread-1602] INFO  impl.RaftServerImpl (RaftServerImpl.java:setRole(173)) - 71bec8dd-fabd-4ede-a8a1-a5a2039dbf17@group-FA619CD666BB: changes role from  FOLLOWER to CANDIDATE at term 0 for changeToCandidate
2019-11-14 17:41:00,701 [Thread-1602] INFO  impl.RoleInfo (RoleInfo.java:updateAndGet(143)) - 71bec8dd-fabd-4ede-a8a1-a5a2039dbf17: start LeaderElection
2019-11-14 17:41:00,732 [Thread-1598] INFO  impl.FollowerState (FollowerState.java:run(111)) - 85330d09-12c2-4b50-bc83-acecbbd5cc6d@group-60932659C8E4-FollowerState: change to CANDIDATE, lastRpcTime:1148ms, electionTimeout:1148ms
2019-11-14 17:41:00,733 [Thread-1598] INFO  impl.RoleInfo (RoleInfo.java:shutdownFollowerState(121)) - 85330d09-12c2-4b50-bc83-acecbbd5cc6d: shutdown FollowerState
2019-11-14 17:41:00,733 [Thread-1598] INFO  impl.RaftServerImpl (RaftServerImpl.java:setRole(173)) - 85330d09-12c2-4b50-bc83-acecbbd5cc6d@group-60932659C8E4: changes role from  FOLLOWER to CANDIDATE at term 0 for changeToCandidate
2019-11-14 17:41:00,733 [Thread-1598] INFO  impl.RoleInfo (RoleInfo.java:updateAndGet(143)) - 85330d09-12c2-4b50-bc83-acecbbd5cc6d: start LeaderElection
2019-11-14 17:41:00,735 [71bec8dd-fabd-4ede-a8a1-a5a2039dbf17@group-FA619CD666BB-LeaderElection82] INFO  impl.LeaderElection (LeaderElection.java:askForVotes(178)) - 71bec8dd-fabd-4ede-a8a1-a5a2039dbf17@group-FA619CD666BB-LeaderElection82: begin an election at term 1 for -1: [71bec8dd-fabd-4ede-a8a1-a5a2039dbf17:192.168.157.194:34443], old=null
2019-11-14 17:41:00,735 [71bec8dd-fabd-4ede-a8a1-a5a2039dbf17@group-FA619CD666BB-LeaderElection82] INFO  impl.RoleInfo (RoleInfo.java:shutdownLeaderElection(134)) - 71bec8dd-fabd-4ede-a8a1-a5a2039dbf17: shutdown LeaderElection
2019-11-14 17:41:00,735 [71bec8dd-fabd-4ede-a8a1-a5a2039dbf17@group-FA619CD666BB-LeaderElection82] INFO  impl.RaftServerImpl (RaftServerImpl.java:setRole(173)) - 71bec8dd-fabd-4ede-a8a1-a5a2039dbf17@group-FA619CD666BB: changes role from CANDIDATE to LEADER at term 1 for changeToLeader
2019-11-14 17:41:00,735 [71bec8dd-fabd-4ede-a8a1-a5a2039dbf17@group-FA619CD666BB-LeaderElection82] INFO  ratis.XceiverServerRatis (XceiverServerRatis.java:handleLeaderChangedNotification(697)) - Leader change notification received for group: group-FA619CD666BB with new leaderId: 71bec8dd-fabd-4ede-a8a1-a5a2039dbf17
2019-11-14 17:41:00,736 [71bec8dd-fabd-4ede-a8a1-a5a2039dbf17@group-FA619CD666BB-LeaderElection82] INFO  impl.RaftServerImpl (ServerState.java:setLeader(255)) - 71bec8dd-fabd-4ede-a8a1-a5a2039dbf17@group-FA619CD666BB: change Leader from null to 71bec8dd-fabd-4ede-a8a1-a5a2039dbf17 at term 1 for becomeLeader, leader elected after 1083ms
2019-11-14 17:41:00,736 [71bec8dd-fabd-4ede-a8a1-a5a2039dbf17@group-FA619CD666BB-LeaderElection82] INFO  server.RaftServerConfigKeys (ConfUtils.java:logGet(43)) - raft.server.staging.catchup.gap = 1000 (default)
2019-11-14 17:41:00,736 [71bec8dd-fabd-4ede-a8a1-a5a2039dbf17@group-FA619CD666BB-LeaderElection82] INFO  server.RaftServerConfigKeys (ConfUtils.java:logGet(43)) - raft.server.rpc.sleep.time = 25ms (default)
2019-11-14 17:41:00,736 [71bec8dd-fabd-4ede-a8a1-a5a2039dbf17@group-FA619CD666BB-LeaderElection82] INFO  server.RaftServerConfigKeys (ConfUtils.java:logGet(43)) - raft.server.write.element-limit = 4096 (default)
2019-11-14 17:41:00,736 [71bec8dd-fabd-4ede-a8a1-a5a2039dbf17@group-FA619CD666BB-LeaderElection82] INFO  server.RaftServerConfigKeys (ConfUtils.java:logGet(43)) - raft.server.watch.timeout = 10s (default)
2019-11-14 17:41:00,736 [71bec8dd-fabd-4ede-a8a1-a5a2039dbf17@group-FA619CD666BB-LeaderElection82] INFO  server.RaftServerConfigKeys (ConfUtils.java:logGet(43)) - raft.server.watch.timeout.denomination = 1s (default)
2019-11-14 17:41:00,736 [71bec8dd-fabd-4ede-a8a1-a5a2039dbf17@group-FA619CD666BB-LeaderElection82] INFO  server.RaftServerConfigKeys (ConfUtils.java:logGet(43)) - raft.server.watch.element-limit = 65536 (default)
2019-11-14 17:41:00,737 [71bec8dd-fabd-4ede-a8a1-a5a2039dbf17@group-FA619CD666BB-LeaderElection82] INFO  impl.RoleInfo (RoleInfo.java:updateAndGet(143)) - 71bec8dd-fabd-4ede-a8a1-a5a2039dbf17: start LeaderState
2019-11-14 17:41:00,737 [71bec8dd-fabd-4ede-a8a1-a5a2039dbf17@group-FA619CD666BB-LeaderElection82] INFO  segmented.SegmentedRaftLogWorker (SegmentedRaftLogWorker.java:startLogSegment(385)) - 71bec8dd-fabd-4ede-a8a1-a5a2039dbf17@group-FA619CD666BB-SegmentedRaftLogWorker: Starting segment from index:0
2019-11-14 17:41:00,737 [71bec8dd-fabd-4ede-a8a1-a5a2039dbf17@group-FA619CD666BB-LeaderElection82] INFO  impl.RaftServerImpl (ServerState.java:setRaftConf(356)) - 71bec8dd-fabd-4ede-a8a1-a5a2039dbf17@group-FA619CD666BB: set configuration 0: [71bec8dd-fabd-4ede-a8a1-a5a2039dbf17:192.168.157.194:34443], old=null at 0
2019-11-14 17:41:00,757 [85330d09-12c2-4b50-bc83-acecbbd5cc6d@group-60932659C8E4-LeaderElection83] INFO  impl.LeaderElection (LeaderElection.java:askForVotes(178)) - 85330d09-12c2-4b50-bc83-acecbbd5cc6d@group-60932659C8E4-LeaderElection83: begin an election at term 1 for -1: [85330d09-12c2-4b50-bc83-acecbbd5cc6d:192.168.157.194:44898], old=null
2019-11-14 17:41:00,758 [85330d09-12c2-4b50-bc83-acecbbd5cc6d@group-60932659C8E4-LeaderElection83] INFO  impl.RoleInfo (RoleInfo.java:shutdownLeaderElection(134)) - 85330d09-12c2-4b50-bc83-acecbbd5cc6d: shutdown LeaderElection
2019-11-14 17:41:00,758 [85330d09-12c2-4b50-bc83-acecbbd5cc6d@group-60932659C8E4-LeaderElection83] INFO  impl.RaftServerImpl (RaftServerImpl.java:setRole(173)) - 85330d09-12c2-4b50-bc83-acecbbd5cc6d@group-60932659C8E4: changes role from CANDIDATE to LEADER at term 1 for changeToLeader
2019-11-14 17:41:00,758 [85330d09-12c2-4b50-bc83-acecbbd5cc6d@group-60932659C8E4-LeaderElection83] INFO  ratis.XceiverServerRatis (XceiverServerRatis.java:handleLeaderChangedNotification(697)) - Leader change notification received for group: group-60932659C8E4 with new leaderId: 85330d09-12c2-4b50-bc83-acecbbd5cc6d
2019-11-14 17:41:00,758 [85330d09-12c2-4b50-bc83-acecbbd5cc6d@group-60932659C8E4-LeaderElection83] INFO  impl.RaftServerImpl (ServerState.java:setLeader(255)) - 85330d09-12c2-4b50-bc83-acecbbd5cc6d@group-60932659C8E4: change Leader from null to 85330d09-12c2-4b50-bc83-acecbbd5cc6d at term 1 for becomeLeader, leader elected after 1176ms
2019-11-14 17:41:00,758 [85330d09-12c2-4b50-bc83-acecbbd5cc6d@group-60932659C8E4-LeaderElection83] INFO  server.RaftServerConfigKeys (ConfUtils.java:logGet(43)) - raft.server.staging.catchup.gap = 1000 (default)
2019-11-14 17:41:00,758 [85330d09-12c2-4b50-bc83-acecbbd5cc6d@group-60932659C8E4-LeaderElection83] INFO  server.RaftServerConfigKeys (ConfUtils.java:logGet(43)) - raft.server.rpc.sleep.time = 25ms (default)
2019-11-14 17:41:00,759 [85330d09-12c2-4b50-bc83-acecbbd5cc6d@group-60932659C8E4-LeaderElection83] INFO  server.RaftServerConfigKeys (ConfUtils.java:logGet(43)) - raft.server.write.element-limit = 4096 (default)
2019-11-14 17:41:00,759 [85330d09-12c2-4b50-bc83-acecbbd5cc6d@group-60932659C8E4-LeaderElection83] INFO  server.RaftServerConfigKeys (ConfUtils.java:logGet(43)) - raft.server.watch.timeout = 10s (default)
2019-11-14 17:41:00,759 [85330d09-12c2-4b50-bc83-acecbbd5cc6d@group-60932659C8E4-LeaderElection83] INFO  server.RaftServerConfigKeys (ConfUtils.java:logGet(43)) - raft.server.watch.timeout.denomination = 1s (default)
2019-11-14 17:41:00,759 [85330d09-12c2-4b50-bc83-acecbbd5cc6d@group-60932659C8E4-LeaderElection83] INFO  server.RaftServerConfigKeys (ConfUtils.java:logGet(43)) - raft.server.watch.element-limit = 65536 (default)
2019-11-14 17:41:00,759 [85330d09-12c2-4b50-bc83-acecbbd5cc6d@group-60932659C8E4-LeaderElection83] INFO  impl.RoleInfo (RoleInfo.java:updateAndGet(143)) - 85330d09-12c2-4b50-bc83-acecbbd5cc6d: start LeaderState
2019-11-14 17:41:00,760 [85330d09-12c2-4b50-bc83-acecbbd5cc6d@group-60932659C8E4-LeaderElection83] INFO  segmented.SegmentedRaftLogWorker (SegmentedRaftLogWorker.java:startLogSegment(385)) - 85330d09-12c2-4b50-bc83-acecbbd5cc6d@group-60932659C8E4-SegmentedRaftLogWorker: Starting segment from index:0
2019-11-14 17:41:00,760 [EventQueue-PipelineReportForPipelineReportHandler] INFO  pipeline.PipelineStateManager (PipelineStateManager.java:openPipeline(134)) - Pipeline Pipeline[ Id: 1bd1027e-352e-4644-ae8b-60932659c8e4, Nodes: 85330d09-12c2-4b50-bc83-acecbbd5cc6d{ip: 192.168.157.194, host: pr-hdds-2482-j87dr-2776293630, networkLocation: /default-rack, certSerialId: null}, Type:RATIS, Factor:ONE, State:OPEN] moved to OPEN state
2019-11-14 17:41:00,760 [85330d09-12c2-4b50-bc83-acecbbd5cc6d@group-60932659C8E4-LeaderElection83] INFO  impl.RaftServerImpl (ServerState.java:setRaftConf(356)) - 85330d09-12c2-4b50-bc83-acecbbd5cc6d@group-60932659C8E4: set configuration 0: [85330d09-12c2-4b50-bc83-acecbbd5cc6d:192.168.157.194:44898], old=null at 0
2019-11-14 17:41:00,798 [Thread-1614] INFO  impl.FollowerState (FollowerState.java:run(111)) - b8551fbf-2c11-4c1f-914e-c2dd536d81a3@group-B125806C2B30-FollowerState: change to CANDIDATE, lastRpcTime:1029ms, electionTimeout:1029ms
2019-11-14 17:41:00,798 [Thread-1614] INFO  impl.RoleInfo (RoleInfo.java:shutdownFollowerState(121)) - b8551fbf-2c11-4c1f-914e-c2dd536d81a3: shutdown FollowerState
2019-11-14 17:41:00,799 [Thread-1614] INFO  impl.RaftServerImpl (RaftServerImpl.java:setRole(173)) - b8551fbf-2c11-4c1f-914e-c2dd536d81a3@group-B125806C2B30: changes role from  FOLLOWER to CANDIDATE at term 0 for changeToCandidate
2019-11-14 17:41:00,799 [Thread-1614] INFO  impl.RoleInfo (RoleInfo.java:updateAndGet(143)) - b8551fbf-2c11-4c1f-914e-c2dd536d81a3: start LeaderElection
2019-11-14 17:41:00,799 [71bec8dd-fabd-4ede-a8a1-a5a2039dbf17@group-FA619CD666BB-SegmentedRaftLogWorker] INFO  segmented.SegmentedRaftLogWorker (SegmentedRaftLogWorker.java:execute(576)) - 71bec8dd-fabd-4ede-a8a1-a5a2039dbf17@group-FA619CD666BB-SegmentedRaftLogWorker: created new log segment /workdir/hadoop-ozone/integration-test/target/test-dir/MiniOzoneClusterImpl-30cd45ce-4337-4039-bf7d-2128eab36bad/datanode-3/data/ratis/8dbaf69b-8bde-40ef-a4f1-fa619cd666bb/current/log_inprogress_0
2019-11-14 17:41:00,806 [Thread-1611] INFO  impl.FollowerState (FollowerState.java:run(111)) - 90a583a1-bf80-46e7-94ec-70238bb9c970@group-B125806C2B30-FollowerState: change to CANDIDATE, lastRpcTime:1045ms, electionTimeout:1038ms
2019-11-14 17:41:00,807 [Thread-1611] INFO  impl.RoleInfo (RoleInfo.java:shutdownFollowerState(121)) - 90a583a1-bf80-46e7-94ec-70238bb9c970: shutdown FollowerState
2019-11-14 17:41:00,807 [Thread-1611] INFO  impl.RaftServerImpl (RaftServerImpl.java:setRole(173)) - 90a583a1-bf80-46e7-94ec-70238bb9c970@group-B125806C2B30: changes role from  FOLLOWER to CANDIDATE at term 0 for changeToCandidate
2019-11-14 17:41:00,807 [Thread-1611] INFO  impl.RoleInfo (RoleInfo.java:updateAndGet(143)) - 90a583a1-bf80-46e7-94ec-70238bb9c970: start LeaderElection
2019-11-14 17:41:00,817 [85330d09-12c2-4b50-bc83-acecbbd5cc6d@group-60932659C8E4-SegmentedRaftLogWorker] INFO  segmented.SegmentedRaftLogWorker (SegmentedRaftLogWorker.java:execute(576)) - 85330d09-12c2-4b50-bc83-acecbbd5cc6d@group-60932659C8E4-SegmentedRaftLogWorker: created new log segment /workdir/hadoop-ozone/integration-test/target/test-dir/MiniOzoneClusterImpl-30cd45ce-4337-4039-bf7d-2128eab36bad/datanode-2/data/ratis/1bd1027e-352e-4644-ae8b-60932659c8e4/current/log_inprogress_0
2019-11-14 17:41:00,822 [Thread-1608] INFO  impl.FollowerState (FollowerState.java:run(111)) - 71bec8dd-fabd-4ede-a8a1-a5a2039dbf17@group-B125806C2B30-FollowerState: change to CANDIDATE, lastRpcTime:1070ms, electionTimeout:1070ms
2019-11-14 17:41:00,822 [Thread-1608] INFO  impl.RoleInfo (RoleInfo.java:shutdownFollowerState(121)) - 71bec8dd-fabd-4ede-a8a1-a5a2039dbf17: shutdown FollowerState
2019-11-14 17:41:00,822 [Thread-1608] INFO  impl.RaftServerImpl (RaftServerImpl.java:setRole(173)) - 71bec8dd-fabd-4ede-a8a1-a5a2039dbf17@group-B125806C2B30: changes role from  FOLLOWER to CANDIDATE at term 0 for changeToCandidate
2019-11-14 17:41:00,822 [Thread-1608] INFO  impl.RoleInfo (RoleInfo.java:updateAndGet(143)) - 71bec8dd-fabd-4ede-a8a1-a5a2039dbf17: start LeaderElection
2019-11-14 17:41:00,829 [90a583a1-bf80-46e7-94ec-70238bb9c970@group-B125806C2B30-LeaderElection85] INFO  impl.LeaderElection (LeaderElection.java:askForVotes(178)) - 90a583a1-bf80-46e7-94ec-70238bb9c970@group-B125806C2B30-LeaderElection85: begin an election at term 1 for -1: [71bec8dd-fabd-4ede-a8a1-a5a2039dbf17:192.168.157.194:34443, b8551fbf-2c11-4c1f-914e-c2dd536d81a3:192.168.157.194:42907, 90a583a1-bf80-46e7-94ec-70238bb9c970:192.168.157.194:35138], old=null
2019-11-14 17:41:00,829 [b8551fbf-2c11-4c1f-914e-c2dd536d81a3@group-B125806C2B30-LeaderElection84] INFO  impl.LeaderElection (LeaderElection.java:askForVotes(178)) - b8551fbf-2c11-4c1f-914e-c2dd536d81a3@group-B125806C2B30-LeaderElection84: begin an election at term 1 for -1: [71bec8dd-fabd-4ede-a8a1-a5a2039dbf17:192.168.157.194:34443, b8551fbf-2c11-4c1f-914e-c2dd536d81a3:192.168.157.194:42907, 90a583a1-bf80-46e7-94ec-70238bb9c970:192.168.157.194:35138], old=null
2019-11-14 17:41:00,852 [71bec8dd-fabd-4ede-a8a1-a5a2039dbf17@group-B125806C2B30-LeaderElection86] INFO  impl.LeaderElection (LeaderElection.java:askForVotes(178)) - 71bec8dd-fabd-4ede-a8a1-a5a2039dbf17@group-B125806C2B30-LeaderElection86: begin an election at term 1 for -1: [71bec8dd-fabd-4ede-a8a1-a5a2039dbf17:192.168.157.194:34443, b8551fbf-2c11-4c1f-914e-c2dd536d81a3:192.168.157.194:42907, 90a583a1-bf80-46e7-94ec-70238bb9c970:192.168.157.194:35138], old=null
2019-11-14 17:41:00,853 [b8551fbf-2c11-4c1f-914e-c2dd536d81a3@group-B125806C2B30-LeaderElection84] INFO  impl.LeaderElection (LeaderElection.java:logAndReturn(56)) - b8551fbf-2c11-4c1f-914e-c2dd536d81a3@group-B125806C2B30-LeaderElection84: Election REJECTED; received 2 response(s) [b8551fbf-2c11-4c1f-914e-c2dd536d81a3<-71bec8dd-fabd-4ede-a8a1-a5a2039dbf17#0:FAIL-t1, b8551fbf-2c11-4c1f-914e-c2dd536d81a3<-90a583a1-bf80-46e7-94ec-70238bb9c970#0:FAIL-t1] and 0 exception(s); b8551fbf-2c11-4c1f-914e-c2dd536d81a3@group-B125806C2B30:t1, leader=null, voted=b8551fbf-2c11-4c1f-914e-c2dd536d81a3, raftlog=b8551fbf-2c11-4c1f-914e-c2dd536d81a3@group-B125806C2B30-SegmentedRaftLog:OPENED:c-1,f-1,i0, conf=-1: [71bec8dd-fabd-4ede-a8a1-a5a2039dbf17:192.168.157.194:34443, b8551fbf-2c11-4c1f-914e-c2dd536d81a3:192.168.157.194:42907, 90a583a1-bf80-46e7-94ec-70238bb9c970:192.168.157.194:35138], old=null
2019-11-14 17:41:00,853 [90a583a1-bf80-46e7-94ec-70238bb9c970@group-B125806C2B30-LeaderElection85] INFO  impl.LeaderElection (LeaderElection.java:logAndReturn(56)) - 90a583a1-bf80-46e7-94ec-70238bb9c970@group-B125806C2B30-LeaderElection85: Election REJECTED; received 2 response(s) [90a583a1-bf80-46e7-94ec-70238bb9c970<-71bec8dd-fabd-4ede-a8a1-a5a2039dbf17#0:FAIL-t1, 90a583a1-bf80-46e7-94ec-70238bb9c970<-b8551fbf-2c11-4c1f-914e-c2dd536d81a3#0:FAIL-t1] and 0 exception(s); 90a583a1-bf80-46e7-94ec-70238bb9c970@group-B125806C2B30:t1, leader=null, voted=90a583a1-bf80-46e7-94ec-70238bb9c970, raftlog=90a583a1-bf80-46e7-94ec-70238bb9c970@group-B125806C2B30-SegmentedRaftLog:OPENED:c-1,f-1,i0, conf=-1: [71bec8dd-fabd-4ede-a8a1-a5a2039dbf17:192.168.157.194:34443, b8551fbf-2c11-4c1f-914e-c2dd536d81a3:192.168.157.194:42907, 90a583a1-bf80-46e7-94ec-70238bb9c970:192.168.157.194:35138], old=null
2019-11-14 17:41:00,853 [b8551fbf-2c11-4c1f-914e-c2dd536d81a3@group-B125806C2B30-LeaderElection84] INFO  impl.RaftServerImpl (RaftServerImpl.java:setRole(173)) - b8551fbf-2c11-4c1f-914e-c2dd536d81a3@group-B125806C2B30: changes role from CANDIDATE to FOLLOWER at term 1 for DISCOVERED_A_NEW_TERM
2019-11-14 17:41:00,854 [90a583a1-bf80-46e7-94ec-70238bb9c970@group-B125806C2B30-LeaderElection85] INFO  impl.RaftServerImpl (RaftServerImpl.java:setRole(173)) - 90a583a1-bf80-46e7-94ec-70238bb9c970@group-B125806C2B30: changes role from CANDIDATE to FOLLOWER at term 1 for DISCOVERED_A_NEW_TERM
2019-11-14 17:41:00,854 [b8551fbf-2c11-4c1f-914e-c2dd536d81a3@group-B125806C2B30-LeaderElection84] INFO  impl.RoleInfo (RoleInfo.java:shutdownLeaderElection(134)) - b8551fbf-2c11-4c1f-914e-c2dd536d81a3: shutdown LeaderElection
2019-11-14 17:41:00,854 [90a583a1-bf80-46e7-94ec-70238bb9c970@group-B125806C2B30-LeaderElection85] INFO  impl.RoleInfo (RoleInfo.java:shutdownLeaderElection(134)) - 90a583a1-bf80-46e7-94ec-70238bb9c970: shutdown LeaderElection
2019-11-14 17:41:00,854 [b8551fbf-2c11-4c1f-914e-c2dd536d81a3@group-B125806C2B30-LeaderElection84] INFO  impl.RoleInfo (RoleInfo.java:updateAndGet(143)) - b8551fbf-2c11-4c1f-914e-c2dd536d81a3: start FollowerState
2019-11-14 17:41:00,854 [90a583a1-bf80-46e7-94ec-70238bb9c970@group-B125806C2B30-LeaderElection85] INFO  impl.RoleInfo (RoleInfo.java:updateAndGet(143)) - 90a583a1-bf80-46e7-94ec-70238bb9c970: start FollowerState
2019-11-14 17:41:00,859 [71bec8dd-fabd-4ede-a8a1-a5a2039dbf17@group-B125806C2B30-LeaderElection86] INFO  impl.LeaderElection (LeaderElection.java:logAndReturn(56)) - 71bec8dd-fabd-4ede-a8a1-a5a2039dbf17@group-B125806C2B30-LeaderElection86: Election REJECTED; received 2 response(s) [71bec8dd-fabd-4ede-a8a1-a5a2039dbf17<-b8551fbf-2c11-4c1f-914e-c2dd536d81a3#0:FAIL-t1, 71bec8dd-fabd-4ede-a8a1-a5a2039dbf17<-90a583a1-bf80-46e7-94ec-70238bb9c970#0:FAIL-t1] and 0 exception(s); 71bec8dd-fabd-4ede-a8a1-a5a2039dbf17@group-B125806C2B30:t1, leader=null, voted=71bec8dd-fabd-4ede-a8a1-a5a2039dbf17, raftlog=71bec8dd-fabd-4ede-a8a1-a5a2039dbf17@group-B125806C2B30-SegmentedRaftLog:OPENED:c-1,f-1,i0, conf=-1: [71bec8dd-fabd-4ede-a8a1-a5a2039dbf17:192.168.157.194:34443, b8551fbf-2c11-4c1f-914e-c2dd536d81a3:192.168.157.194:42907, 90a583a1-bf80-46e7-94ec-70238bb9c970:192.168.157.194:35138], old=null
2019-11-14 17:41:00,859 [71bec8dd-fabd-4ede-a8a1-a5a2039dbf17@group-B125806C2B30-LeaderElection86] INFO  impl.RaftServerImpl (RaftServerImpl.java:setRole(173)) - 71bec8dd-fabd-4ede-a8a1-a5a2039dbf17@group-B125806C2B30: changes role from CANDIDATE to FOLLOWER at term 1 for DISCOVERED_A_NEW_TERM
2019-11-14 17:41:00,859 [71bec8dd-fabd-4ede-a8a1-a5a2039dbf17@group-B125806C2B30-LeaderElection86] INFO  impl.RoleInfo (RoleInfo.java:shutdownLeaderElection(134)) - 71bec8dd-fabd-4ede-a8a1-a5a2039dbf17: shutdown LeaderElection
2019-11-14 17:41:00,860 [71bec8dd-fabd-4ede-a8a1-a5a2039dbf17@group-B125806C2B30-LeaderElection86] INFO  impl.RoleInfo (RoleInfo.java:updateAndGet(143)) - 71bec8dd-fabd-4ede-a8a1-a5a2039dbf17: start FollowerState
2019-11-14 17:41:01,326 [Datanode State Machine Thread - 0] INFO  statemachine.DatanodeStateMachine (DatanodeStateMachine.java:lambda$startDaemon$0(350)) - Ozone container server started.
2019-11-14 17:41:01,874 [Thread-1650] INFO  impl.FollowerState (FollowerState.java:run(111)) - b8551fbf-2c11-4c1f-914e-c2dd536d81a3@group-B125806C2B30-FollowerState: change to CANDIDATE, lastRpcTime:1020ms, electionTimeout:1020ms
2019-11-14 17:41:01,875 [Thread-1650] INFO  impl.RoleInfo (RoleInfo.java:shutdownFollowerState(121)) - b8551fbf-2c11-4c1f-914e-c2dd536d81a3: shutdown FollowerState
2019-11-14 17:41:01,875 [Thread-1650] INFO  impl.RaftServerImpl (RaftServerImpl.java:setRole(173)) - b8551fbf-2c11-4c1f-914e-c2dd536d81a3@group-B125806C2B30: changes role from  FOLLOWER to CANDIDATE at term 1 for changeToCandidate
2019-11-14 17:41:01,875 [Thread-1650] INFO  impl.RoleInfo (RoleInfo.java:updateAndGet(143)) - b8551fbf-2c11-4c1f-914e-c2dd536d81a3: start LeaderElection
2019-11-14 17:41:01,892 [b8551fbf-2c11-4c1f-914e-c2dd536d81a3@group-B125806C2B30-LeaderElection87] INFO  impl.LeaderElection (LeaderElection.java:askForVotes(178)) - b8551fbf-2c11-4c1f-914e-c2dd536d81a3@group-B125806C2B30-LeaderElection87: begin an election at term 2 for -1: [71bec8dd-fabd-4ede-a8a1-a5a2039dbf17:192.168.157.194:34443, b8551fbf-2c11-4c1f-914e-c2dd536d81a3:192.168.157.194:42907, 90a583a1-bf80-46e7-94ec-70238bb9c970:192.168.157.194:35138], old=null
2019-11-14 17:41:01,895 [grpc-default-executor-1] INFO  impl.RaftServerImpl (RaftServerImpl.java:setRole(173)) - 90a583a1-bf80-46e7-94ec-70238bb9c970@group-B125806C2B30: changes role from  FOLLOWER to FOLLOWER at term 2 for recognizeCandidate:b8551fbf-2c11-4c1f-914e-c2dd536d81a3
2019-11-14 17:41:01,895 [grpc-default-executor-2] INFO  impl.RaftServerImpl (RaftServerImpl.java:setRole(173)) - 71bec8dd-fabd-4ede-a8a1-a5a2039dbf17@group-B125806C2B30: changes role from  FOLLOWER to FOLLOWER at term 2 for recognizeCandidate:b8551fbf-2c11-4c1f-914e-c2dd536d81a3
2019-11-14 17:41:01,895 [grpc-default-executor-1] INFO  impl.RoleInfo (RoleInfo.java:shutdownFollowerState(121)) - 90a583a1-bf80-46e7-94ec-70238bb9c970: shutdown FollowerState
2019-11-14 17:41:01,895 [grpc-default-executor-2] INFO  impl.RoleInfo (RoleInfo.java:shutdownFollowerState(121)) - 71bec8dd-fabd-4ede-a8a1-a5a2039dbf17: shutdown FollowerState
2019-11-14 17:41:01,895 [Thread-1651] INFO  impl.FollowerState (FollowerState.java:run(120)) - 90a583a1-bf80-46e7-94ec-70238bb9c970@group-B125806C2B30-FollowerState was interrupted: java.lang.InterruptedException: sleep interrupted
2019-11-14 17:41:01,895 [Thread-1652] INFO  impl.FollowerState (FollowerState.java:run(120)) - 71bec8dd-fabd-4ede-a8a1-a5a2039dbf17@group-B125806C2B30-FollowerState was interrupted: java.lang.InterruptedException: sleep interrupted
2019-11-14 17:41:01,895 [grpc-default-executor-1] INFO  impl.RoleInfo (RoleInfo.java:updateAndGet(143)) - 90a583a1-bf80-46e7-94ec-70238bb9c970: start FollowerState
2019-11-14 17:41:01,895 [grpc-default-executor-2] INFO  impl.RoleInfo (RoleInfo.java:updateAndGet(143)) - 71bec8dd-fabd-4ede-a8a1-a5a2039dbf17: start FollowerState
2019-11-14 17:41:01,909 [b8551fbf-2c11-4c1f-914e-c2dd536d81a3@group-B125806C2B30-LeaderElection87] INFO  impl.LeaderElection (LeaderElection.java:logAndReturn(56)) - b8551fbf-2c11-4c1f-914e-c2dd536d81a3@group-B125806C2B30-LeaderElection87: Election PASSED; received 1 response(s) [b8551fbf-2c11-4c1f-914e-c2dd536d81a3<-71bec8dd-fabd-4ede-a8a1-a5a2039dbf17#0:OK-t2] and 0 exception(s); b8551fbf-2c11-4c1f-914e-c2dd536d81a3@group-B125806C2B30:t2, leader=null, voted=b8551fbf-2c11-4c1f-914e-c2dd536d81a3, raftlog=b8551fbf-2c11-4c1f-914e-c2dd536d81a3@group-B125806C2B30-SegmentedRaftLog:OPENED:c-1,f-1,i0, conf=-1: [71bec8dd-fabd-4ede-a8a1-a5a2039dbf17:192.168.157.194:34443, b8551fbf-2c11-4c1f-914e-c2dd536d81a3:192.168.157.194:42907, 90a583a1-bf80-46e7-94ec-70238bb9c970:192.168.157.194:35138], old=null
2019-11-14 17:41:01,909 [b8551fbf-2c11-4c1f-914e-c2dd536d81a3@group-B125806C2B30-LeaderElection87] INFO  impl.RoleInfo (RoleInfo.java:shutdownLeaderElection(134)) - b8551fbf-2c11-4c1f-914e-c2dd536d81a3: shutdown LeaderElection
2019-11-14 17:41:01,910 [b8551fbf-2c11-4c1f-914e-c2dd536d81a3@group-B125806C2B30-LeaderElection87] INFO  impl.RaftServerImpl (RaftServerImpl.java:setRole(173)) - b8551fbf-2c11-4c1f-914e-c2dd536d81a3@group-B125806C2B30: changes role from CANDIDATE to LEADER at term 2 for changeToLeader
2019-11-14 17:41:01,910 [b8551fbf-2c11-4c1f-914e-c2dd536d81a3@group-B125806C2B30-LeaderElection87] INFO  ratis.XceiverServerRatis (XceiverServerRatis.java:handleLeaderChangedNotification(697)) - Leader change notification received for group: group-B125806C2B30 with new leaderId: b8551fbf-2c11-4c1f-914e-c2dd536d81a3
2019-11-14 17:41:01,910 [b8551fbf-2c11-4c1f-914e-c2dd536d81a3@group-B125806C2B30-LeaderElection87] INFO  impl.RaftServerImpl (ServerState.java:setLeader(255)) - b8551fbf-2c11-4c1f-914e-c2dd536d81a3@group-B125806C2B30: change Leader from null to b8551fbf-2c11-4c1f-914e-c2dd536d81a3 at term 2 for becomeLeader, leader elected after 2163ms
2019-11-14 17:41:01,910 [b8551fbf-2c11-4c1f-914e-c2dd536d81a3@group-B125806C2B30-LeaderElection87] INFO  server.RaftServerConfigKeys (ConfUtils.java:logGet(43)) - raft.server.staging.catchup.gap = 1000 (default)
2019-11-14 17:41:01,910 [b8551fbf-2c11-4c1f-914e-c2dd536d81a3@group-B125806C2B30-LeaderElection87] INFO  server.RaftServerConfigKeys (ConfUtils.java:logGet(43)) - raft.server.rpc.sleep.time = 25ms (default)
2019-11-14 17:41:01,910 [b8551fbf-2c11-4c1f-914e-c2dd536d81a3@group-B125806C2B30-LeaderElection87] INFO  server.RaftServerConfigKeys (ConfUtils.java:logGet(43)) - raft.server.write.element-limit = 4096 (default)
2019-11-14 17:41:01,911 [b8551fbf-2c11-4c1f-914e-c2dd536d81a3@group-B125806C2B30-LeaderElection87] INFO  server.RaftServerConfigKeys (ConfUtils.java:logGet(43)) - raft.server.watch.timeout = 10s (default)
2019-11-14 17:41:01,911 [b8551fbf-2c11-4c1f-914e-c2dd536d81a3@group-B125806C2B30-LeaderElection87] INFO  server.RaftServerConfigKeys (ConfUtils.java:logGet(43)) - raft.server.watch.timeout.denomination = 1s (default)
2019-11-14 17:41:01,911 [b8551fbf-2c11-4c1f-914e-c2dd536d81a3@group-B125806C2B30-LeaderElection87] INFO  server.RaftServerConfigKeys (ConfUtils.java:logGet(43)) - raft.server.watch.element-limit = 65536 (default)
2019-11-14 17:41:01,911 [EventQueue-PipelineReportForPipelineReportHandler] INFO  pipeline.PipelineStateManager (PipelineStateManager.java:openPipeline(134)) - Pipeline Pipeline[ Id: 5af5e4d3-78e0-4159-a1bb-b125806c2b30, Nodes: 90a583a1-bf80-46e7-94ec-70238bb9c970{ip: 192.168.157.194, host: pr-hdds-2482-j87dr-2776293630, networkLocation: /default-rack, certSerialId: null}71bec8dd-fabd-4ede-a8a1-a5a2039dbf17{ip: 192.168.157.194, host: pr-hdds-2482-j87dr-2776293630, networkLocation: /default-rack, certSerialId: null}b8551fbf-2c11-4c1f-914e-c2dd536d81a3{ip: 192.168.157.194, host: pr-hdds-2482-j87dr-2776293630, networkLocation: /default-rack, certSerialId: null}, Type:RATIS, Factor:THREE, State:OPEN] moved to OPEN state
2019-11-14 17:41:01,911 [b8551fbf-2c11-4c1f-914e-c2dd536d81a3@group-B125806C2B30-LeaderElection87] INFO  server.RaftServerConfigKeys (ConfUtils.java:logGet(43)) - raft.server.log.appender.snapshot.chunk.size.max = 16MB (=16777216) (default)
2019-11-14 17:41:01,911 [b8551fbf-2c11-4c1f-914e-c2dd536d81a3@group-B125806C2B30-LeaderElection87] INFO  server.RaftServerConfigKeys (ConfUtils.java:logGet(43)) - raft.server.log.appender.buffer.byte-limit = 33554432 (custom)
2019-11-14 17:41:01,912 [b8551fbf-2c11-4c1f-914e-c2dd536d81a3@group-B125806C2B30-LeaderElection87] INFO  server.RaftServerConfigKeys (ConfUtils.java:logGet(43)) - raft.server.log.appender.buffer.element-limit = 1 (custom)
2019-11-14 17:41:01,912 [b8551fbf-2c11-4c1f-914e-c2dd536d81a3@group-B125806C2B30-LeaderElection87] INFO  grpc.GrpcConfigKeys$Server (ConfUtils.java:logGet(43)) - raft.grpc.server.leader.outstanding.appends.max = 128 (default)
2019-11-14 17:41:01,912 [b8551fbf-2c11-4c1f-914e-c2dd536d81a3@group-B125806C2B30-LeaderElection87] INFO  server.RaftServerConfigKeys (ConfUtils.java:logGet(43)) - raft.server.rpc.request.timeout = 3000ms (default)
2019-11-14 17:41:01,912 [b8551fbf-2c11-4c1f-914e-c2dd536d81a3@group-B125806C2B30-LeaderElection87] INFO  server.RaftServerConfigKeys (ConfUtils.java:logGet(43)) - raft.server.log.appender.install.snapshot.enabled = false (custom)
2019-11-14 17:41:01,912 [b8551fbf-2c11-4c1f-914e-c2dd536d81a3@group-B125806C2B30-LeaderElection87] WARN  impl.MetricRegistriesImpl (MetricRegistriesImpl.java:lambda$create$1(61)) - First MetricRegistry has been created without registering reporters. You may need to call MetricRegistries.global().addReportRegistration(...) before.
2019-11-14 17:41:01,912 [b8551fbf-2c11-4c1f-914e-c2dd536d81a3@group-B125806C2B30-LeaderElection87] INFO  server.RaftServerConfigKeys (ConfUtils.java:logGet(43)) - raft.server.log.appender.snapshot.chunk.size.max = 16MB (=16777216) (default)
2019-11-14 17:41:01,913 [b8551fbf-2c11-4c1f-914e-c2dd536d81a3@group-B125806C2B30-LeaderElection87] INFO  server.RaftServerConfigKeys (ConfUtils.java:logGet(43)) - raft.server.log.appender.buffer.byte-limit = 33554432 (custom)
2019-11-14 17:41:01,913 [b8551fbf-2c11-4c1f-914e-c2dd536d81a3@group-B125806C2B30-LeaderElection87] INFO  server.RaftServerConfigKeys (ConfUtils.java:logGet(43)) - raft.server.log.appender.buffer.element-limit = 1 (custom)
2019-11-14 17:41:01,913 [b8551fbf-2c11-4c1f-914e-c2dd536d81a3@group-B125806C2B30-LeaderElection87] INFO  grpc.GrpcConfigKeys$Server (ConfUtils.java:logGet(43)) - raft.grpc.server.leader.outstanding.appends.max = 128 (default)
2019-11-14 17:41:01,913 [b8551fbf-2c11-4c1f-914e-c2dd536d81a3@group-B125806C2B30-LeaderElection87] INFO  server.RaftServerConfigKeys (ConfUtils.java:logGet(43)) - raft.server.rpc.request.timeout = 3000ms (default)
2019-11-14 17:41:01,913 [b8551fbf-2c11-4c1f-914e-c2dd536d81a3@group-B125806C2B30-LeaderElection87] INFO  server.RaftServerConfigKeys (ConfUtils.java:logGet(43)) - raft.server.log.appender.install.snapshot.enabled = false (custom)
2019-11-14 17:41:01,913 [b8551fbf-2c11-4c1f-914e-c2dd536d81a3@group-B125806C2B30-LeaderElection87] INFO  impl.RoleInfo (RoleInfo.java:updateAndGet(143)) - b8551fbf-2c11-4c1f-914e-c2dd536d81a3: start LeaderState
2019-11-14 17:41:01,914 [b8551fbf-2c11-4c1f-914e-c2dd536d81a3@group-B125806C2B30-LeaderElection87] INFO  segmented.SegmentedRaftLogWorker (SegmentedRaftLogWorker.java:startLogSegment(385)) - b8551fbf-2c11-4c1f-914e-c2dd536d81a3@group-B125806C2B30-SegmentedRaftLogWorker: Starting segment from index:0
2019-11-14 17:41:01,914 [b8551fbf-2c11-4c1f-914e-c2dd536d81a3@group-B125806C2B30-LeaderElection87] INFO  impl.RaftServerImpl (ServerState.java:setRaftConf(356)) - b8551fbf-2c11-4c1f-914e-c2dd536d81a3@group-B125806C2B30: set configuration 0: [71bec8dd-fabd-4ede-a8a1-a5a2039dbf17:192.168.157.194:34443, b8551fbf-2c11-4c1f-914e-c2dd536d81a3:192.168.157.194:42907, 90a583a1-bf80-46e7-94ec-70238bb9c970:192.168.157.194:35138], old=null at 0
2019-11-14 17:41:01,921 [grpc-default-executor-1] INFO  ratis.XceiverServerRatis (XceiverServerRatis.java:handleLeaderChangedNotification(697)) - Leader change notification received for group: group-B125806C2B30 with new leaderId: b8551fbf-2c11-4c1f-914e-c2dd536d81a3
2019-11-14 17:41:01,921 [grpc-default-executor-2] INFO  ratis.XceiverServerRatis (XceiverServerRatis.java:handleLeaderChangedNotification(697)) - Leader change notification received for group: group-B125806C2B30 with new leaderId: b8551fbf-2c11-4c1f-914e-c2dd536d81a3
2019-11-14 17:41:01,921 [grpc-default-executor-1] INFO  impl.RaftServerImpl (ServerState.java:setLeader(255)) - 71bec8dd-fabd-4ede-a8a1-a5a2039dbf17@group-B125806C2B30: change Leader from null to b8551fbf-2c11-4c1f-914e-c2dd536d81a3 at term 2 for appendEntries, leader elected after 2175ms
2019-11-14 17:41:01,921 [grpc-default-executor-2] INFO  impl.RaftServerImpl (ServerState.java:setLeader(255)) - 90a583a1-bf80-46e7-94ec-70238bb9c970@group-B125806C2B30: change Leader from null to b8551fbf-2c11-4c1f-914e-c2dd536d81a3 at term 2 for appendEntries, leader elected after 2174ms
2019-11-14 17:41:01,923 [grpc-default-executor-2] INFO  impl.RaftServerImpl (ServerState.java:setRaftConf(356)) - 71bec8dd-fabd-4ede-a8a1-a5a2039dbf17@group-B125806C2B30: set configuration 0: [71bec8dd-fabd-4ede-a8a1-a5a2039dbf17:192.168.157.194:34443, b8551fbf-2c11-4c1f-914e-c2dd536d81a3:192.168.157.194:42907, 90a583a1-bf80-46e7-94ec-70238bb9c970:192.168.157.194:35138], old=null at 0
2019-11-14 17:41:01,924 [grpc-default-executor-1] INFO  impl.RaftServerImpl (ServerState.java:setRaftConf(356)) - 90a583a1-bf80-46e7-94ec-70238bb9c970@group-B125806C2B30: set configuration 0: [71bec8dd-fabd-4ede-a8a1-a5a2039dbf17:192.168.157.194:34443, b8551fbf-2c11-4c1f-914e-c2dd536d81a3:192.168.157.194:42907, 90a583a1-bf80-46e7-94ec-70238bb9c970:192.168.157.194:35138], old=null at 0
2019-11-14 17:41:01,924 [grpc-default-executor-2] INFO  segmented.SegmentedRaftLogWorker (SegmentedRaftLogWorker.java:startLogSegment(385)) - 71bec8dd-fabd-4ede-a8a1-a5a2039dbf17@group-B125806C2B30-SegmentedRaftLogWorker: Starting segment from index:0
2019-11-14 17:41:01,924 [grpc-default-executor-1] INFO  segmented.SegmentedRaftLogWorker (SegmentedRaftLogWorker.java:startLogSegment(385)) - 90a583a1-bf80-46e7-94ec-70238bb9c970@group-B125806C2B30-SegmentedRaftLogWorker: Starting segment from index:0
2019-11-14 17:41:01,973 [b8551fbf-2c11-4c1f-914e-c2dd536d81a3@group-B125806C2B30-SegmentedRaftLogWorker] INFO  segmented.SegmentedRaftLogWorker (SegmentedRaftLogWorker.java:execute(576)) - b8551fbf-2c11-4c1f-914e-c2dd536d81a3@group-B125806C2B30-SegmentedRaftLogWorker: created new log segment /workdir/hadoop-ozone/integration-test/target/test-dir/MiniOzoneClusterImpl-30cd45ce-4337-4039-bf7d-2128eab36bad/datanode-4/data/ratis/5af5e4d3-78e0-4159-a1bb-b125806c2b30/current/log_inprogress_0
2019-11-14 17:41:01,973 [71bec8dd-fabd-4ede-a8a1-a5a2039dbf17@group-B125806C2B30-SegmentedRaftLogWorker] INFO  segmented.SegmentedRaftLogWorker (SegmentedRaftLogWorker.java:execute(576)) - 71bec8dd-fabd-4ede-a8a1-a5a2039dbf17@group-B125806C2B30-SegmentedRaftLogWorker: created new log segment /workdir/hadoop-ozone/integration-test/target/test-dir/MiniOzoneClusterImpl-30cd45ce-4337-4039-bf7d-2128eab36bad/datanode-3/data/ratis/5af5e4d3-78e0-4159-a1bb-b125806c2b30/current/log_inprogress_0
2019-11-14 17:41:01,973 [90a583a1-bf80-46e7-94ec-70238bb9c970@group-B125806C2B30-SegmentedRaftLogWorker] INFO  segmented.SegmentedRaftLogWorker (SegmentedRaftLogWorker.java:execute(576)) - 90a583a1-bf80-46e7-94ec-70238bb9c970@group-B125806C2B30-SegmentedRaftLogWorker: created new log segment /workdir/hadoop-ozone/integration-test/target/test-dir/MiniOzoneClusterImpl-30cd45ce-4337-4039-bf7d-2128eab36bad/datanode-5/data/ratis/5af5e4d3-78e0-4159-a1bb-b125806c2b30/current/log_inprogress_0
2019-11-14 17:41:05,332 [ForkJoinPool.commonPool-worker-1] INFO  ozoneimpl.OzoneContainer (OzoneContainer.java:stop(244)) - Attempting to stop container services.
2019-11-14 17:41:05,332 [main] INFO  ozoneimpl.OzoneContainer (OzoneContainer.java:stop(244)) - Attempting to stop container services.
2019-11-14 17:41:05,334 [ForkJoinPool.commonPool-worker-1] INFO  impl.RaftServerProxy (RaftServerProxy.java:lambda$close$4(314)) - b1eef20d-d56e-4525-87fc-77ff197a940a: close
2019-11-14 17:41:05,334 [main] INFO  impl.RaftServerProxy (RaftServerProxy.java:lambda$close$4(314)) - 71bec8dd-fabd-4ede-a8a1-a5a2039dbf17: close
2019-11-14 17:41:05,335 [ForkJoinPool.commonPool-worker-1] INFO  impl.RaftServerImpl (RaftServerImpl.java:lambda$shutdown$3(250)) - b1eef20d-d56e-4525-87fc-77ff197a940a@group-9111F72BDA9E: shutdown
2019-11-14 17:41:05,335 [main] INFO  impl.RaftServerImpl (RaftServerImpl.java:lambda$shutdown$3(250)) - 71bec8dd-fabd-4ede-a8a1-a5a2039dbf17@group-FA619CD666BB: shutdown
2019-11-14 17:41:05,335 [ForkJoinPool.commonPool-worker-1] INFO  util.JmxRegister (JmxRegister.java:unregister(73)) - Successfully un-registered JMX Bean with object name Ratis:service=RaftServer,group=group-9111F72BDA9E,id=b1eef20d-d56e-4525-87fc-77ff197a940a
2019-11-14 17:41:05,335 [main] INFO  util.JmxRegister (JmxRegister.java:unregister(73)) - Successfully un-registered JMX Bean with object name Ratis:service=RaftServer,group=group-FA619CD666BB,id=71bec8dd-fabd-4ede-a8a1-a5a2039dbf17
2019-11-14 17:41:05,336 [ForkJoinPool.commonPool-worker-1] INFO  impl.RoleInfo (RoleInfo.java:shutdownLeaderState(104)) - b1eef20d-d56e-4525-87fc-77ff197a940a: shutdown LeaderState
2019-11-14 17:41:05,336 [main] INFO  impl.RoleInfo (RoleInfo.java:shutdownLeaderState(104)) - 71bec8dd-fabd-4ede-a8a1-a5a2039dbf17: shutdown LeaderState
2019-11-14 17:41:05,336 [ForkJoinPool.commonPool-worker-1] INFO  impl.PendingRequests (PendingRequests.java:sendNotLeaderResponses(206)) - b1eef20d-d56e-4525-87fc-77ff197a940a@group-9111F72BDA9E-PendingRequests: sendNotLeaderResponses
2019-11-14 17:41:05,337 [main] INFO  impl.PendingRequests (PendingRequests.java:sendNotLeaderResponses(206)) - 71bec8dd-fabd-4ede-a8a1-a5a2039dbf17@group-FA619CD666BB-PendingRequests: sendNotLeaderResponses
2019-11-14 17:41:05,337 [main] INFO  impl.StateMachineUpdater (StateMachineUpdater.java:stopAndJoin(136)) - 71bec8dd-fabd-4ede-a8a1-a5a2039dbf17@group-FA619CD666BB-StateMachineUpdater: set stopIndex = 0
2019-11-14 17:41:05,337 [ForkJoinPool.commonPool-worker-1] INFO  impl.StateMachineUpdater (StateMachineUpdater.java:stopAndJoin(136)) - b1eef20d-d56e-4525-87fc-77ff197a940a@group-9111F72BDA9E-StateMachineUpdater: set stopIndex = 0
2019-11-14 17:41:05,338 [main] INFO  impl.RaftServerImpl (ServerState.java:close(387)) - 71bec8dd-fabd-4ede-a8a1-a5a2039dbf17@group-FA619CD666BB: closes. applyIndex: 0
2019-11-14 17:41:05,338 [ForkJoinPool.commonPool-worker-1] INFO  impl.RaftServerImpl (ServerState.java:close(387)) - b1eef20d-d56e-4525-87fc-77ff197a940a@group-9111F72BDA9E: closes. applyIndex: 0
2019-11-14 17:41:05,339 [71bec8dd-fabd-4ede-a8a1-a5a2039dbf17@group-FA619CD666BB-SegmentedRaftLogWorker] INFO  segmented.SegmentedRaftLogWorker (SegmentedRaftLogWorker.java:run(316)) - 71bec8dd-fabd-4ede-a8a1-a5a2039dbf17@group-FA619CD666BB-SegmentedRaftLogWorker was interrupted, exiting. There are 0 tasks remaining in the queue.
2019-11-14 17:41:05,339 [b1eef20d-d56e-4525-87fc-77ff197a940a@group-9111F72BDA9E-SegmentedRaftLogWorker] INFO  segmented.SegmentedRaftLogWorker (SegmentedRaftLogWorker.java:run(316)) - b1eef20d-d56e-4525-87fc-77ff197a940a@group-9111F72BDA9E-SegmentedRaftLogWorker was interrupted, exiting. There are 0 tasks remaining in the queue.
2019-11-14 17:41:05,341 [main] INFO  segmented.SegmentedRaftLogWorker (SegmentedRaftLogWorker.java:close(224)) - 71bec8dd-fabd-4ede-a8a1-a5a2039dbf17@group-FA619CD666BB-SegmentedRaftLogWorker close()
2019-11-14 17:41:05,341 [ForkJoinPool.commonPool-worker-1] INFO  segmented.SegmentedRaftLogWorker (SegmentedRaftLogWorker.java:close(224)) - b1eef20d-d56e-4525-87fc-77ff197a940a@group-9111F72BDA9E-SegmentedRaftLogWorker close()
2019-11-14 17:41:05,343 [main] INFO  impl.RaftServerImpl (RaftServerImpl.java:lambda$shutdown$3(250)) - 71bec8dd-fabd-4ede-a8a1-a5a2039dbf17@group-B125806C2B30: shutdown
2019-11-14 17:41:05,344 [ForkJoinPool.commonPool-worker-1] INFO  impl.RaftServerImpl (RaftServerImpl.java:lambda$shutdown$3(250)) - b1eef20d-d56e-4525-87fc-77ff197a940a@group-57A242E0C858: shutdown
2019-11-14 17:41:05,344 [main] INFO  util.JmxRegister (JmxRegister.java:unregister(73)) - Successfully un-registered JMX Bean with object name Ratis:service=RaftServer,group=group-B125806C2B30,id=71bec8dd-fabd-4ede-a8a1-a5a2039dbf17
2019-11-14 17:41:05,345 [ForkJoinPool.commonPool-worker-1] INFO  util.JmxRegister (JmxRegister.java:unregister(73)) - Successfully un-registered JMX Bean with object name Ratis:service=RaftServer,group=group-57A242E0C858,id=b1eef20d-d56e-4525-87fc-77ff197a940a
2019-11-14 17:41:05,345 [main] INFO  impl.RoleInfo (RoleInfo.java:shutdownFollowerState(121)) - 71bec8dd-fabd-4ede-a8a1-a5a2039dbf17: shutdown FollowerState
2019-11-14 17:41:05,345 [ForkJoinPool.commonPool-worker-1] INFO  impl.RoleInfo (RoleInfo.java:shutdownFollowerState(121)) - b1eef20d-d56e-4525-87fc-77ff197a940a: shutdown FollowerState
2019-11-14 17:41:05,346 [Thread-1661] INFO  impl.FollowerState (FollowerState.java:run(120)) - 71bec8dd-fabd-4ede-a8a1-a5a2039dbf17@group-B125806C2B30-FollowerState was interrupted: java.lang.InterruptedException: sleep interrupted
2019-11-14 17:41:05,346 [main] INFO  impl.StateMachineUpdater (StateMachineUpdater.java:stopAndJoin(136)) - 71bec8dd-fabd-4ede-a8a1-a5a2039dbf17@group-B125806C2B30-StateMachineUpdater: set stopIndex = 0
2019-11-14 17:41:05,346 [Thread-1629] INFO  impl.FollowerState (FollowerState.java:run(120)) - b1eef20d-d56e-4525-87fc-77ff197a940a@group-57A242E0C858-FollowerState was interrupted: java.lang.InterruptedException: sleep interrupted
2019-11-14 17:41:05,346 [ForkJoinPool.commonPool-worker-1] INFO  impl.StateMachineUpdater (StateMachineUpdater.java:stopAndJoin(136)) - b1eef20d-d56e-4525-87fc-77ff197a940a@group-57A242E0C858-StateMachineUpdater: set stopIndex = 0
2019-11-14 17:41:05,346 [main] INFO  impl.RaftServerImpl (ServerState.java:close(387)) - 71bec8dd-fabd-4ede-a8a1-a5a2039dbf17@group-B125806C2B30: closes. applyIndex: 0
2019-11-14 17:41:05,347 [ForkJoinPool.commonPool-worker-1] INFO  impl.RaftServerImpl (ServerState.java:close(387)) - b1eef20d-d56e-4525-87fc-77ff197a940a@group-57A242E0C858: closes. applyIndex: 0
2019-11-14 17:41:05,347 [71bec8dd-fabd-4ede-a8a1-a5a2039dbf17@group-B125806C2B30-SegmentedRaftLogWorker] INFO  segmented.SegmentedRaftLogWorker (SegmentedRaftLogWorker.java:run(316)) - 71bec8dd-fabd-4ede-a8a1-a5a2039dbf17@group-B125806C2B30-SegmentedRaftLogWorker was interrupted, exiting. There are 0 tasks remaining in the queue.
2019-11-14 17:41:05,349 [b1eef20d-d56e-4525-87fc-77ff197a940a@group-57A242E0C858-SegmentedRaftLogWorker] INFO  segmented.SegmentedRaftLogWorker (SegmentedRaftLogWorker.java:run(316)) - b1eef20d-d56e-4525-87fc-77ff197a940a@group-57A242E0C858-SegmentedRaftLogWorker was interrupted, exiting. There are 0 tasks remaining in the queue.
2019-11-14 17:41:05,349 [main] INFO  segmented.SegmentedRaftLogWorker (SegmentedRaftLogWorker.java:close(224)) - 71bec8dd-fabd-4ede-a8a1-a5a2039dbf17@group-B125806C2B30-SegmentedRaftLogWorker close()
2019-11-14 17:41:05,350 [ForkJoinPool.commonPool-worker-1] INFO  segmented.SegmentedRaftLogWorker (SegmentedRaftLogWorker.java:close(224)) - b1eef20d-d56e-4525-87fc-77ff197a940a@group-57A242E0C858-SegmentedRaftLogWorker close()
2019-11-14 17:41:05,353 [main] INFO  server.GrpcService (GrpcService.java:closeImpl(164)) - 71bec8dd-fabd-4ede-a8a1-a5a2039dbf17: shutdown server with port 34443 now
2019-11-14 17:41:05,355 [ForkJoinPool.commonPool-worker-1] INFO  server.GrpcService (GrpcService.java:closeImpl(164)) - b1eef20d-d56e-4525-87fc-77ff197a940a: shutdown server with port 38023 now
2019-11-14 17:41:05,357 [grpc-default-executor-4] WARN  server.GrpcServerProtocolService (LogUtils.java:warn(134)) - 71bec8dd-fabd-4ede-a8a1-a5a2039dbf17: installSnapshot onError, lastRequest: b8551fbf-2c11-4c1f-914e-c2dd536d81a3->71bec8dd-fabd-4ede-a8a1-a5a2039dbf17#7-t2, previous=(t:2, i:0), leaderCommit=0, initializing? false, entries: <empty>: org.apache.ratis.thirdparty.io.grpc.StatusRuntimeException: CANCELLED: cancelled before receiving half close
2019-11-14 17:41:05,357 [main] INFO  server.GrpcService (GrpcService.java:closeImpl(172)) - 71bec8dd-fabd-4ede-a8a1-a5a2039dbf17: shutdown server with port 34443 successfully
2019-11-14 17:41:05,357 [grpc-default-executor-3] WARN  server.GrpcServerProtocolService (LogUtils.java:warn(134)) - b1eef20d-d56e-4525-87fc-77ff197a940a: installSnapshot onError, lastRequest: d20af944-8902-4729-9038-f1b3d5904c1c->b1eef20d-d56e-4525-87fc-77ff197a940a#10-t1, previous=(t:1, i:0), leaderCommit=0, initializing? false, entries: <empty>: org.apache.ratis.thirdparty.io.grpc.StatusRuntimeException: CANCELLED: cancelled before receiving half close
2019-11-14 17:41:05,358 [ForkJoinPool.commonPool-worker-1] INFO  server.GrpcService (GrpcService.java:closeImpl(172)) - b1eef20d-d56e-4525-87fc-77ff197a940a: shutdown server with port 38023 successfully
2019-11-14 17:41:05,358 [grpc-default-executor-6] WARN  server.GrpcLogAppender (LogUtils.java:warn(134)) - d20af944-8902-4729-9038-f1b3d5904c1c@group-57A242E0C858->b1eef20d-d56e-4525-87fc-77ff197a940a-AppendLogResponseHandler: Failed appendEntries: org.apache.ratis.thirdparty.io.grpc.StatusRuntimeException: CANCELLED: HTTP/2 error code: CANCEL
Received Rst Stream
2019-11-14 17:41:05,358 [grpc-default-executor-2] WARN  server.GrpcLogAppender (LogUtils.java:warn(134)) - b8551fbf-2c11-4c1f-914e-c2dd536d81a3@group-B125806C2B30->71bec8dd-fabd-4ede-a8a1-a5a2039dbf17-AppendLogResponseHandler: Failed appendEntries: org.apache.ratis.thirdparty.io.grpc.StatusRuntimeException: CANCELLED: HTTP/2 error code: CANCEL
Received Rst Stream
2019-11-14 17:41:05,359 [grpc-default-executor-2] INFO  impl.FollowerInfo (FollowerInfo.java:lambda$new$0(51)) - b8551fbf-2c11-4c1f-914e-c2dd536d81a3@group-B125806C2B30->71bec8dd-fabd-4ede-a8a1-a5a2039dbf17: nextIndex: updateUnconditionally 1 -> 0
2019-11-14 17:41:05,359 [grpc-default-executor-6] INFO  impl.FollowerInfo (FollowerInfo.java:lambda$new$0(51)) - d20af944-8902-4729-9038-f1b3d5904c1c@group-57A242E0C858->b1eef20d-d56e-4525-87fc-77ff197a940a: nextIndex: updateUnconditionally 1 -> 0
2019-11-14 17:41:05,365 [refreshUsed-/workdir/hadoop-ozone/integration-test/target/test-dir/MiniOzoneClusterImpl-30cd45ce-4337-4039-bf7d-2128eab36bad/datanode-3/data/containers] WARN  fs.CachingGetSpaceUsed (CachingGetSpaceUsed.java:run(183)) - Thread Interrupted waiting to refresh disk information: sleep interrupted
2019-11-14 17:41:05,366 [refreshUsed-/workdir/hadoop-ozone/integration-test/target/test-dir/MiniOzoneClusterImpl-30cd45ce-4337-4039-bf7d-2128eab36bad/datanode-1/data/containers] WARN  fs.CachingGetSpaceUsed (CachingGetSpaceUsed.java:run(183)) - Thread Interrupted waiting to refresh disk information: sleep interrupted
2019-11-14 17:41:05,379 [ForkJoinPool.commonPool-worker-1] INFO  utils.BackgroundService (BackgroundService.java:shutdown(151)) - Shutting down service BlockDeletingService
2019-11-14 17:41:05,384 [ForkJoinPool.commonPool-worker-1] INFO  statemachine.DatanodeStateMachine (DatanodeStateMachine.java:stopDaemon(395)) - Ozone container server stopped.
2019-11-14 17:41:05,389 [ForkJoinPool.commonPool-worker-1] INFO  handler.ContextHandler (ContextHandler.java:doStop(910)) - Stopped o.e.j.w.WebAppContext@2ceee4b6{/,null,UNAVAILABLE}{/hddsDatanode}
2019-11-14 17:41:05,389 [ForkJoinPool.commonPool-worker-1] INFO  server.AbstractConnector (AbstractConnector.java:doStop(318)) - Stopped ServerConnector@12a470dd{HTTP/1.1,[http/1.1]}{0.0.0.0:0}
2019-11-14 17:41:05,390 [ForkJoinPool.commonPool-worker-1] INFO  handler.ContextHandler (ContextHandler.java:doStop(910)) - Stopped o.e.j.s.ServletContextHandler@70025b99{/static,jar:file:/home/user/.m2/repository/org/apache/hadoop/hadoop-hdds-container-service/0.5.0-SNAPSHOT/hadoop-hdds-container-service-0.5.0-SNAPSHOT.jar!/webapps/static,UNAVAILABLE}
2019-11-14 17:41:05,392 [ForkJoinPool.commonPool-worker-1] INFO  handler.ContextHandler (ContextHandler.java:doStop(910)) - Stopped o.e.j.s.ServletContextHandler@558b4942{/logs,file:///workdir/hadoop-ozone/integration-test/target/log,UNAVAILABLE}
2019-11-14 17:41:05,393 [main] INFO  utils.BackgroundService (BackgroundService.java:shutdown(151)) - Shutting down service BlockDeletingService
2019-11-14 17:41:05,396 [main] INFO  statemachine.DatanodeStateMachine (DatanodeStateMachine.java:stopDaemon(395)) - Ozone container server stopped.
2019-11-14 17:41:05,397 [main] INFO  handler.ContextHandler (ContextHandler.java:doStop(910)) - Stopped o.e.j.w.WebAppContext@35ef439e{/,null,UNAVAILABLE}{/hddsDatanode}
2019-11-14 17:41:05,398 [main] INFO  server.AbstractConnector (AbstractConnector.java:doStop(318)) - Stopped ServerConnector@4997552e{HTTP/1.1,[http/1.1]}{0.0.0.0:0}
2019-11-14 17:41:05,398 [main] INFO  handler.ContextHandler (ContextHandler.java:doStop(910)) - Stopped o.e.j.s.ServletContextHandler@3b4825f0{/static,jar:file:/home/user/.m2/repository/org/apache/hadoop/hadoop-hdds-container-service/0.5.0-SNAPSHOT/hadoop-hdds-container-service-0.5.0-SNAPSHOT.jar!/webapps/static,UNAVAILABLE}
2019-11-14 17:41:05,398 [main] INFO  handler.ContextHandler (ContextHandler.java:doStop(910)) - Stopped o.e.j.s.ServletContextHandler@4dde8976{/logs,file:///workdir/hadoop-ozone/integration-test/target/log,UNAVAILABLE}
2019-11-14 17:41:05,508 [grpc-default-executor-3] WARN  server.GrpcLogAppender (LogUtils.java:warn(134)) - b8551fbf-2c11-4c1f-914e-c2dd536d81a3@group-B125806C2B30->71bec8dd-fabd-4ede-a8a1-a5a2039dbf17-AppendLogResponseHandler: Failed appendEntries: org.apache.ratis.thirdparty.io.grpc.StatusRuntimeException: UNAVAILABLE: io exception
2019-11-14 17:41:05,509 [grpc-default-executor-3] INFO  impl.FollowerInfo (FollowerInfo.java:lambda$new$0(51)) - b8551fbf-2c11-4c1f-914e-c2dd536d81a3@group-B125806C2B30->71bec8dd-fabd-4ede-a8a1-a5a2039dbf17: nextIndex: updateUnconditionally 0 -> 0
2019-11-14 17:41:05,671 [grpc-default-executor-2] WARN  server.GrpcLogAppender (LogUtils.java:warn(134)) - d20af944-8902-4729-9038-f1b3d5904c1c@group-57A242E0C858->b1eef20d-d56e-4525-87fc-77ff197a940a-AppendLogResponseHandler: Failed appendEntries: org.apache.ratis.thirdparty.io.grpc.StatusRuntimeException: UNAVAILABLE: io exception
2019-11-14 17:41:05,671 [grpc-default-executor-2] INFO  impl.FollowerInfo (FollowerInfo.java:lambda$new$0(51)) - d20af944-8902-4729-9038-f1b3d5904c1c@group-57A242E0C858->b1eef20d-d56e-4525-87fc-77ff197a940a: nextIndex: updateUnconditionally 0 -> 0
2019-11-14 17:41:05,759 [Datanode State Machine Thread - 0] INFO  statemachine.DatanodeStateMachine (DatanodeStateMachine.java:lambda$startDaemon$0(350)) - Ozone container server started.
2019-11-14 17:41:06,008 [grpc-default-executor-4] WARN  server.GrpcLogAppender (LogUtils.java:warn(134)) - b8551fbf-2c11-4c1f-914e-c2dd536d81a3@group-B125806C2B30->71bec8dd-fabd-4ede-a8a1-a5a2039dbf17-AppendLogResponseHandler: Failed appendEntries: org.apache.ratis.thirdparty.io.grpc.StatusRuntimeException: UNAVAILABLE: io exception
2019-11-14 17:41:06,008 [grpc-default-executor-4] INFO  impl.FollowerInfo (FollowerInfo.java:lambda$new$0(51)) - b8551fbf-2c11-4c1f-914e-c2dd536d81a3@group-B125806C2B30->71bec8dd-fabd-4ede-a8a1-a5a2039dbf17: nextIndex: updateUnconditionally 0 -> 0
2019-11-14 17:41:06,083 [Datanode State Machine Thread - 0] INFO  statemachine.DatanodeStateMachine (DatanodeStateMachine.java:lambda$startDaemon$0(350)) - Ozone container server started.
2019-11-14 17:41:06,171 [grpc-default-executor-6] WARN  server.GrpcLogAppender (LogUtils.java:warn(134)) - d20af944-8902-4729-9038-f1b3d5904c1c@group-57A242E0C858->b1eef20d-d56e-4525-87fc-77ff197a940a-AppendLogResponseHandler: Failed appendEntries: org.apache.ratis.thirdparty.io.grpc.StatusRuntimeException: UNAVAILABLE: io exception
2019-11-14 17:41:06,172 [grpc-default-executor-6] INFO  impl.FollowerInfo (FollowerInfo.java:lambda$new$0(51)) - d20af944-8902-4729-9038-f1b3d5904c1c@group-57A242E0C858->b1eef20d-d56e-4525-87fc-77ff197a940a: nextIndex: updateUnconditionally 0 -> 0
2019-11-14 17:41:06,508 [grpc-default-executor-2] WARN  server.GrpcLogAppender (LogUtils.java:warn(134)) - b8551fbf-2c11-4c1f-914e-c2dd536d81a3@group-B125806C2B30->71bec8dd-fabd-4ede-a8a1-a5a2039dbf17-AppendLogResponseHandler: Failed appendEntries: org.apache.ratis.thirdparty.io.grpc.StatusRuntimeException: UNAVAILABLE: io exception
2019-11-14 17:41:06,509 [grpc-default-executor-2] INFO  impl.FollowerInfo (FollowerInfo.java:lambda$new$0(51)) - b8551fbf-2c11-4c1f-914e-c2dd536d81a3@group-B125806C2B30->71bec8dd-fabd-4ede-a8a1-a5a2039dbf17: nextIndex: updateUnconditionally 0 -> 0
2019-11-14 17:41:06,672 [grpc-default-executor-4] WARN  server.GrpcLogAppender (LogUtils.java:warn(134)) - d20af944-8902-4729-9038-f1b3d5904c1c@group-57A242E0C858->b1eef20d-d56e-4525-87fc-77ff197a940a-AppendLogResponseHandler: Failed appendEntries: org.apache.ratis.thirdparty.io.grpc.StatusRuntimeException: UNAVAILABLE: io exception
2019-11-14 17:41:06,673 [grpc-default-executor-4] INFO  impl.FollowerInfo (FollowerInfo.java:lambda$new$0(51)) - d20af944-8902-4729-9038-f1b3d5904c1c@group-57A242E0C858->b1eef20d-d56e-4525-87fc-77ff197a940a: nextIndex: updateUnconditionally 0 -> 0
2019-11-14 17:41:07,009 [grpc-default-executor-6] WARN  server.GrpcLogAppender (LogUtils.java:warn(134)) - b8551fbf-2c11-4c1f-914e-c2dd536d81a3@group-B125806C2B30->71bec8dd-fabd-4ede-a8a1-a5a2039dbf17-AppendLogResponseHandler: Failed appendEntries: org.apache.ratis.thirdparty.io.grpc.StatusRuntimeException: UNAVAILABLE: io exception
2019-11-14 17:41:07,010 [grpc-default-executor-6] INFO  impl.FollowerInfo (FollowerInfo.java:lambda$new$0(51)) - b8551fbf-2c11-4c1f-914e-c2dd536d81a3@group-B125806C2B30->71bec8dd-fabd-4ede-a8a1-a5a2039dbf17: nextIndex: updateUnconditionally 0 -> 0
2019-11-14 17:41:07,173 [grpc-default-executor-6] WARN  server.GrpcLogAppender (LogUtils.java:warn(134)) - d20af944-8902-4729-9038-f1b3d5904c1c@group-57A242E0C858->b1eef20d-d56e-4525-87fc-77ff197a940a-AppendLogResponseHandler: Failed appendEntries: org.apache.ratis.thirdparty.io.grpc.StatusRuntimeException: UNAVAILABLE: io exception
2019-11-14 17:41:07,173 [grpc-default-executor-6] INFO  impl.FollowerInfo (FollowerInfo.java:lambda$new$0(51)) - d20af944-8902-4729-9038-f1b3d5904c1c@group-57A242E0C858->b1eef20d-d56e-4525-87fc-77ff197a940a: nextIndex: updateUnconditionally 0 -> 0
2019-11-14 17:41:07,512 [grpc-default-executor-6] WARN  server.GrpcLogAppender (LogUtils.java:warn(134)) - b8551fbf-2c11-4c1f-914e-c2dd536d81a3@group-B125806C2B30->71bec8dd-fabd-4ede-a8a1-a5a2039dbf17-AppendLogResponseHandler: Failed appendEntries: org.apache.ratis.thirdparty.io.grpc.StatusRuntimeException: UNAVAILABLE: io exception
2019-11-14 17:41:07,513 [grpc-default-executor-6] INFO  impl.FollowerInfo (FollowerInfo.java:lambda$new$0(51)) - b8551fbf-2c11-4c1f-914e-c2dd536d81a3@group-B125806C2B30->71bec8dd-fabd-4ede-a8a1-a5a2039dbf17: nextIndex: updateUnconditionally 0 -> 0
2019-11-14 17:41:07,674 [grpc-default-executor-4] WARN  server.GrpcLogAppender (LogUtils.java:warn(134)) - d20af944-8902-4729-9038-f1b3d5904c1c@group-57A242E0C858->b1eef20d-d56e-4525-87fc-77ff197a940a-AppendLogResponseHandler: Failed appendEntries: org.apache.ratis.thirdparty.io.grpc.StatusRuntimeException: UNAVAILABLE: io exception
2019-11-14 17:41:07,674 [grpc-default-executor-4] INFO  impl.FollowerInfo (FollowerInfo.java:lambda$new$0(51)) - d20af944-8902-4729-9038-f1b3d5904c1c@group-57A242E0C858->b1eef20d-d56e-4525-87fc-77ff197a940a: nextIndex: updateUnconditionally 0 -> 0
2019-11-14 17:41:08,013 [grpc-default-executor-4] WARN  server.GrpcLogAppender (LogUtils.java:warn(134)) - b8551fbf-2c11-4c1f-914e-c2dd536d81a3@group-B125806C2B30->71bec8dd-fabd-4ede-a8a1-a5a2039dbf17-AppendLogResponseHandler: Failed appendEntries: org.apache.ratis.thirdparty.io.grpc.StatusRuntimeException: UNAVAILABLE: io exception
2019-11-14 17:41:08,013 [grpc-default-executor-4] INFO  impl.FollowerInfo (FollowerInfo.java:lambda$new$0(51)) - b8551fbf-2c11-4c1f-914e-c2dd536d81a3@group-B125806C2B30->71bec8dd-fabd-4ede-a8a1-a5a2039dbf17: nextIndex: updateUnconditionally 0 -> 0
2019-11-14 17:41:08,177 [grpc-default-executor-4] WARN  server.GrpcLogAppender (LogUtils.java:warn(134)) - d20af944-8902-4729-9038-f1b3d5904c1c@group-57A242E0C858->b1eef20d-d56e-4525-87fc-77ff197a940a-AppendLogResponseHandler: Failed appendEntries: org.apache.ratis.thirdparty.io.grpc.StatusRuntimeException: UNAVAILABLE: io exception
2019-11-14 17:41:08,178 [grpc-default-executor-4] INFO  impl.FollowerInfo (FollowerInfo.java:lambda$new$0(51)) - d20af944-8902-4729-9038-f1b3d5904c1c@group-57A242E0C858->b1eef20d-d56e-4525-87fc-77ff197a940a: nextIndex: updateUnconditionally 0 -> 0
2019-11-14 17:41:08,517 [grpc-default-executor-2] WARN  server.GrpcLogAppender (LogUtils.java:warn(134)) - b8551fbf-2c11-4c1f-914e-c2dd536d81a3@group-B125806C2B30->71bec8dd-fabd-4ede-a8a1-a5a2039dbf17-AppendLogResponseHandler: Failed appendEntries: org.apache.ratis.thirdparty.io.grpc.StatusRuntimeException: UNAVAILABLE: io exception
2019-11-14 17:41:08,518 [grpc-default-executor-2] INFO  impl.FollowerInfo (FollowerInfo.java:lambda$new$0(51)) - b8551fbf-2c11-4c1f-914e-c2dd536d81a3@group-B125806C2B30->71bec8dd-fabd-4ede-a8a1-a5a2039dbf17: nextIndex: updateUnconditionally 0 -> 0
2019-11-14 17:41:08,678 [grpc-default-executor-6] WARN  server.GrpcLogAppender (LogUtils.java:warn(134)) - d20af944-8902-4729-9038-f1b3d5904c1c@group-57A242E0C858->b1eef20d-d56e-4525-87fc-77ff197a940a-AppendLogResponseHandler: Failed appendEntries: org.apache.ratis.thirdparty.io.grpc.StatusRuntimeException: UNAVAILABLE: io exception
2019-11-14 17:41:08,678 [grpc-default-executor-6] INFO  impl.FollowerInfo (FollowerInfo.java:lambda$new$0(51)) - d20af944-8902-4729-9038-f1b3d5904c1c@group-57A242E0C858->b1eef20d-d56e-4525-87fc-77ff197a940a: nextIndex: updateUnconditionally 0 -> 0
2019-11-14 17:41:09,020 [grpc-default-executor-6] WARN  server.GrpcLogAppender (LogUtils.java:warn(134)) - b8551fbf-2c11-4c1f-914e-c2dd536d81a3@group-B125806C2B30->71bec8dd-fabd-4ede-a8a1-a5a2039dbf17-AppendLogResponseHandler: Failed appendEntries: org.apache.ratis.thirdparty.io.grpc.StatusRuntimeException: UNAVAILABLE: io exception
2019-11-14 17:41:09,020 [grpc-default-executor-6] INFO  impl.FollowerInfo (FollowerInfo.java:lambda$new$0(51)) - b8551fbf-2c11-4c1f-914e-c2dd536d81a3@group-B125806C2B30->71bec8dd-fabd-4ede-a8a1-a5a2039dbf17: nextIndex: updateUnconditionally 0 -> 0
2019-11-14 17:41:09,179 [grpc-default-executor-4] WARN  server.GrpcLogAppender (LogUtils.java:warn(134)) - d20af944-8902-4729-9038-f1b3d5904c1c@group-57A242E0C858->b1eef20d-d56e-4525-87fc-77ff197a940a-AppendLogResponseHandler: Failed appendEntries: org.apache.ratis.thirdparty.io.grpc.StatusRuntimeException: UNAVAILABLE: io exception
2019-11-14 17:41:09,179 [grpc-default-executor-4] INFO  impl.FollowerInfo (FollowerInfo.java:lambda$new$0(51)) - d20af944-8902-4729-9038-f1b3d5904c1c@group-57A242E0C858->b1eef20d-d56e-4525-87fc-77ff197a940a: nextIndex: updateUnconditionally 0 -> 0
2019-11-14 17:41:09,519 [grpc-default-executor-2] WARN  server.GrpcLogAppender (LogUtils.java:warn(134)) - b8551fbf-2c11-4c1f-914e-c2dd536d81a3@group-B125806C2B30->71bec8dd-fabd-4ede-a8a1-a5a2039dbf17-AppendLogResponseHandler: Failed appendEntries: org.apache.ratis.thirdparty.io.grpc.StatusRuntimeException: UNAVAILABLE: io exception
2019-11-14 17:41:09,519 [grpc-default-executor-2] INFO  impl.FollowerInfo (FollowerInfo.java:lambda$new$0(51)) - b8551fbf-2c11-4c1f-914e-c2dd536d81a3@group-B125806C2B30->71bec8dd-fabd-4ede-a8a1-a5a2039dbf17: nextIndex: updateUnconditionally 0 -> 0
2019-11-14 17:41:09,680 [grpc-default-executor-6] WARN  server.GrpcLogAppender (LogUtils.java:warn(134)) - d20af944-8902-4729-9038-f1b3d5904c1c@group-57A242E0C858->b1eef20d-d56e-4525-87fc-77ff197a940a-AppendLogResponseHandler: Failed appendEntries: org.apache.ratis.thirdparty.io.grpc.StatusRuntimeException: UNAVAILABLE: io exception
2019-11-14 17:41:09,680 [grpc-default-executor-6] INFO  impl.FollowerInfo (FollowerInfo.java:lambda$new$0(51)) - d20af944-8902-4729-9038-f1b3d5904c1c@group-57A242E0C858->b1eef20d-d56e-4525-87fc-77ff197a940a: nextIndex: updateUnconditionally 0 -> 0
2019-11-14 17:41:10,020 [grpc-default-executor-4] WARN  server.GrpcLogAppender (LogUtils.java:warn(134)) - b8551fbf-2c11-4c1f-914e-c2dd536d81a3@group-B125806C2B30->71bec8dd-fabd-4ede-a8a1-a5a2039dbf17-AppendLogResponseHandler: Failed appendEntries: org.apache.ratis.thirdparty.io.grpc.StatusRuntimeException: UNAVAILABLE: io exception
2019-11-14 17:41:10,020 [grpc-default-executor-4] INFO  impl.FollowerInfo (FollowerInfo.java:lambda$new$0(51)) - b8551fbf-2c11-4c1f-914e-c2dd536d81a3@group-B125806C2B30->71bec8dd-fabd-4ede-a8a1-a5a2039dbf17: nextIndex: updateUnconditionally 0 -> 0
2019-11-14 17:41:10,180 [grpc-default-executor-6] WARN  server.GrpcLogAppender (LogUtils.java:warn(134)) - d20af944-8902-4729-9038-f1b3d5904c1c@group-57A242E0C858->b1eef20d-d56e-4525-87fc-77ff197a940a-AppendLogResponseHandler: Failed appendEntries: org.apache.ratis.thirdparty.io.grpc.StatusRuntimeException: UNAVAILABLE: io exception
2019-11-14 17:41:10,181 [grpc-default-executor-6] INFO  impl.FollowerInfo (FollowerInfo.java:lambda$new$0(51)) - d20af944-8902-4729-9038-f1b3d5904c1c@group-57A242E0C858->b1eef20d-d56e-4525-87fc-77ff197a940a: nextIndex: updateUnconditionally 0 -> 0
2019-11-14 17:41:10,394 [ForkJoinPool.commonPool-worker-1] INFO  ozoneimpl.OzoneContainer (OzoneContainer.java:stop(244)) - Attempting to stop container services.
2019-11-14 17:41:10,395 [ForkJoinPool.commonPool-worker-1] INFO  impl.RaftServerProxy (RaftServerProxy.java:lambda$close$4(314)) - 85330d09-12c2-4b50-bc83-acecbbd5cc6d: close
2019-11-14 17:41:10,396 [ForkJoinPool.commonPool-worker-1] INFO  impl.RaftServerImpl (RaftServerImpl.java:lambda$shutdown$3(250)) - 85330d09-12c2-4b50-bc83-acecbbd5cc6d@group-60932659C8E4: shutdown
2019-11-14 17:41:10,396 [ForkJoinPool.commonPool-worker-1] INFO  util.JmxRegister (JmxRegister.java:unregister(73)) - Successfully un-registered JMX Bean with object name Ratis:service=RaftServer,group=group-60932659C8E4,id=85330d09-12c2-4b50-bc83-acecbbd5cc6d
2019-11-14 17:41:10,397 [ForkJoinPool.commonPool-worker-1] INFO  impl.RoleInfo (RoleInfo.java:shutdownLeaderState(104)) - 85330d09-12c2-4b50-bc83-acecbbd5cc6d: shutdown LeaderState
2019-11-14 17:41:10,397 [ForkJoinPool.commonPool-worker-1] INFO  impl.PendingRequests (PendingRequests.java:sendNotLeaderResponses(206)) - 85330d09-12c2-4b50-bc83-acecbbd5cc6d@group-60932659C8E4-PendingRequests: sendNotLeaderResponses
2019-11-14 17:41:10,398 [ForkJoinPool.commonPool-worker-1] INFO  impl.StateMachineUpdater (StateMachineUpdater.java:stopAndJoin(136)) - 85330d09-12c2-4b50-bc83-acecbbd5cc6d@group-60932659C8E4-StateMachineUpdater: set stopIndex = 0
2019-11-14 17:41:10,399 [ForkJoinPool.commonPool-worker-1] INFO  impl.RaftServerImpl (ServerState.java:close(387)) - 85330d09-12c2-4b50-bc83-acecbbd5cc6d@group-60932659C8E4: closes. applyIndex: 0
2019-11-14 17:41:10,399 [85330d09-12c2-4b50-bc83-acecbbd5cc6d@group-60932659C8E4-SegmentedRaftLogWorker] INFO  segmented.SegmentedRaftLogWorker (SegmentedRaftLogWorker.java:run(316)) - 85330d09-12c2-4b50-bc83-acecbbd5cc6d@group-60932659C8E4-SegmentedRaftLogWorker was interrupted, exiting. There are 0 tasks remaining in the queue.
2019-11-14 17:41:10,401 [ForkJoinPool.commonPool-worker-1] INFO  segmented.SegmentedRaftLogWorker (SegmentedRaftLogWorker.java:close(224)) - 85330d09-12c2-4b50-bc83-acecbbd5cc6d@group-60932659C8E4-SegmentedRaftLogWorker close()
2019-11-14 17:41:10,402 [main] INFO  ozoneimpl.OzoneContainer (OzoneContainer.java:stop(244)) - Attempting to stop container services.
2019-11-14 17:41:10,403 [ForkJoinPool.commonPool-worker-1] INFO  impl.RaftServerImpl (RaftServerImpl.java:lambda$shutdown$3(250)) - 85330d09-12c2-4b50-bc83-acecbbd5cc6d@group-57A242E0C858: shutdown
2019-11-14 17:41:10,404 [main] INFO  impl.RaftServerProxy (RaftServerProxy.java:lambda$close$4(314)) - 90a583a1-bf80-46e7-94ec-70238bb9c970: close
2019-11-14 17:41:10,404 [ForkJoinPool.commonPool-worker-1] INFO  util.JmxRegister (JmxRegister.java:unregister(73)) - Successfully un-registered JMX Bean with object name Ratis:service=RaftServer,group=group-57A242E0C858,id=85330d09-12c2-4b50-bc83-acecbbd5cc6d
2019-11-14 17:41:10,404 [main] INFO  impl.RaftServerImpl (RaftServerImpl.java:lambda$shutdown$3(250)) - 90a583a1-bf80-46e7-94ec-70238bb9c970@group-A914BE545FC5: shutdown
2019-11-14 17:41:10,405 [ForkJoinPool.commonPool-worker-1] INFO  impl.RoleInfo (RoleInfo.java:shutdownFollowerState(121)) - 85330d09-12c2-4b50-bc83-acecbbd5cc6d: shutdown FollowerState
2019-11-14 17:41:10,405 [main] INFO  util.JmxRegister (JmxRegister.java:unregister(73)) - Successfully un-registered JMX Bean with object name Ratis:service=RaftServer,group=group-A914BE545FC5,id=90a583a1-bf80-46e7-94ec-70238bb9c970
2019-11-14 17:41:10,405 [Thread-1628] INFO  impl.FollowerState (FollowerState.java:run(120)) - 85330d09-12c2-4b50-bc83-acecbbd5cc6d@group-57A242E0C858-FollowerState was interrupted: java.lang.InterruptedException: sleep interrupted
2019-11-14 17:41:10,405 [ForkJoinPool.commonPool-worker-1] INFO  impl.StateMachineUpdater (StateMachineUpdater.java:stopAndJoin(136)) - 85330d09-12c2-4b50-bc83-acecbbd5cc6d@group-57A242E0C858-StateMachineUpdater: set stopIndex = 0
2019-11-14 17:41:10,406 [main] INFO  impl.RoleInfo (RoleInfo.java:shutdownLeaderState(104)) - 90a583a1-bf80-46e7-94ec-70238bb9c970: shutdown LeaderState
2019-11-14 17:41:10,406 [ForkJoinPool.commonPool-worker-1] INFO  impl.RaftServerImpl (ServerState.java:close(387)) - 85330d09-12c2-4b50-bc83-acecbbd5cc6d@group-57A242E0C858: closes. applyIndex: 0
2019-11-14 17:41:10,406 [main] INFO  impl.PendingRequests (PendingRequests.java:sendNotLeaderResponses(206)) - 90a583a1-bf80-46e7-94ec-70238bb9c970@group-A914BE545FC5-PendingRequests: sendNotLeaderResponses
2019-11-14 17:41:10,407 [85330d09-12c2-4b50-bc83-acecbbd5cc6d@group-57A242E0C858-SegmentedRaftLogWorker] INFO  segmented.SegmentedRaftLogWorker (SegmentedRaftLogWorker.java:run(316)) - 85330d09-12c2-4b50-bc83-acecbbd5cc6d@group-57A242E0C858-SegmentedRaftLogWorker was interrupted, exiting. There are 0 tasks remaining in the queue.
2019-11-14 17:41:10,407 [main] INFO  impl.StateMachineUpdater (StateMachineUpdater.java:stopAndJoin(136)) - 90a583a1-bf80-46e7-94ec-70238bb9c970@group-A914BE545FC5-StateMachineUpdater: set stopIndex = 0
2019-11-14 17:41:10,409 [ForkJoinPool.commonPool-worker-1] INFO  segmented.SegmentedRaftLogWorker (SegmentedRaftLogWorker.java:close(224)) - 85330d09-12c2-4b50-bc83-acecbbd5cc6d@group-57A242E0C858-SegmentedRaftLogWorker close()
2019-11-14 17:41:10,409 [main] INFO  impl.RaftServerImpl (ServerState.java:close(387)) - 90a583a1-bf80-46e7-94ec-70238bb9c970@group-A914BE545FC5: closes. applyIndex: 0
2019-11-14 17:41:10,410 [ForkJoinPool.commonPool-worker-1] INFO  server.GrpcService (GrpcService.java:closeImpl(164)) - 85330d09-12c2-4b50-bc83-acecbbd5cc6d: shutdown server with port 44898 now
2019-11-14 17:41:10,411 [90a583a1-bf80-46e7-94ec-70238bb9c970@group-A914BE545FC5-SegmentedRaftLogWorker] INFO  segmented.SegmentedRaftLogWorker (SegmentedRaftLogWorker.java:run(316)) - 90a583a1-bf80-46e7-94ec-70238bb9c970@group-A914BE545FC5-SegmentedRaftLogWorker was interrupted, exiting. There are 0 tasks remaining in the queue.
2019-11-14 17:41:10,412 [main] INFO  segmented.SegmentedRaftLogWorker (SegmentedRaftLogWorker.java:close(224)) - 90a583a1-bf80-46e7-94ec-70238bb9c970@group-A914BE545FC5-SegmentedRaftLogWorker close()
2019-11-14 17:41:10,414 [main] INFO  impl.RaftServerImpl (RaftServerImpl.java:lambda$shutdown$3(250)) - 90a583a1-bf80-46e7-94ec-70238bb9c970@group-B125806C2B30: shutdown
2019-11-14 17:41:10,414 [main] INFO  util.JmxRegister (JmxRegister.java:unregister(73)) - Successfully un-registered JMX Bean with object name Ratis:service=RaftServer,group=group-B125806C2B30,id=90a583a1-bf80-46e7-94ec-70238bb9c970
2019-11-14 17:41:10,415 [ForkJoinPool.commonPool-worker-1] INFO  server.GrpcService (GrpcService.java:closeImpl(172)) - 85330d09-12c2-4b50-bc83-acecbbd5cc6d: shutdown server with port 44898 successfully
2019-11-14 17:41:10,415 [main] INFO  impl.RoleInfo (RoleInfo.java:shutdownFollowerState(121)) - 90a583a1-bf80-46e7-94ec-70238bb9c970: shutdown FollowerState
2019-11-14 17:41:10,416 [main] INFO  impl.StateMachineUpdater (StateMachineUpdater.java:stopAndJoin(136)) - 90a583a1-bf80-46e7-94ec-70238bb9c970@group-B125806C2B30-StateMachineUpdater: set stopIndex = 0
2019-11-14 17:41:10,415 [grpc-default-executor-3] WARN  server.GrpcServerProtocolService (LogUtils.java:warn(134)) - 85330d09-12c2-4b50-bc83-acecbbd5cc6d: installSnapshot onError, lastRequest: d20af944-8902-4729-9038-f1b3d5904c1c->85330d09-12c2-4b50-bc83-acecbbd5cc6d#20-t1, previous=(t:1, i:0), leaderCommit=0, initializing? false, entries: <empty>: org.apache.ratis.thirdparty.io.grpc.StatusRuntimeException: CANCELLED: cancelled before receiving half close
2019-11-14 17:41:10,415 [grpc-default-executor-2] WARN  server.GrpcLogAppender (LogUtils.java:warn(134)) - d20af944-8902-4729-9038-f1b3d5904c1c@group-57A242E0C858->85330d09-12c2-4b50-bc83-acecbbd5cc6d-AppendLogResponseHandler: Failed appendEntries: org.apache.ratis.thirdparty.io.grpc.StatusRuntimeException: CANCELLED: HTTP/2 error code: CANCEL
Received Rst Stream
2019-11-14 17:41:10,416 [main] INFO  impl.RaftServerImpl (ServerState.java:close(387)) - 90a583a1-bf80-46e7-94ec-70238bb9c970@group-B125806C2B30: closes. applyIndex: 0
2019-11-14 17:41:10,416 [Thread-1660] INFO  impl.FollowerState (FollowerState.java:run(120)) - 90a583a1-bf80-46e7-94ec-70238bb9c970@group-B125806C2B30-FollowerState was interrupted: java.lang.InterruptedException: sleep interrupted
2019-11-14 17:41:10,417 [grpc-default-executor-2] INFO  impl.FollowerInfo (FollowerInfo.java:lambda$new$0(51)) - d20af944-8902-4729-9038-f1b3d5904c1c@group-57A242E0C858->85330d09-12c2-4b50-bc83-acecbbd5cc6d: nextIndex: updateUnconditionally 1 -> 0
2019-11-14 17:41:10,417 [90a583a1-bf80-46e7-94ec-70238bb9c970@group-B125806C2B30-SegmentedRaftLogWorker] INFO  segmented.SegmentedRaftLogWorker (SegmentedRaftLogWorker.java:run(316)) - 90a583a1-bf80-46e7-94ec-70238bb9c970@group-B125806C2B30-SegmentedRaftLogWorker was interrupted, exiting. There are 0 tasks remaining in the queue.
2019-11-14 17:41:10,418 [refreshUsed-/workdir/hadoop-ozone/integration-test/target/test-dir/MiniOzoneClusterImpl-30cd45ce-4337-4039-bf7d-2128eab36bad/datanode-2/data/containers] WARN  fs.CachingGetSpaceUsed (CachingGetSpaceUsed.java:run(183)) - Thread Interrupted waiting to refresh disk information: sleep interrupted
2019-11-14 17:41:10,419 [main] INFO  segmented.SegmentedRaftLogWorker (SegmentedRaftLogWorker.java:close(224)) - 90a583a1-bf80-46e7-94ec-70238bb9c970@group-B125806C2B30-SegmentedRaftLogWorker close()
2019-11-14 17:41:10,422 [main] INFO  server.GrpcService (GrpcService.java:closeImpl(164)) - 90a583a1-bf80-46e7-94ec-70238bb9c970: shutdown server with port 35138 now
2019-11-14 17:41:10,423 [grpc-default-executor-2] WARN  server.GrpcServerProtocolService (LogUtils.java:warn(134)) - 90a583a1-bf80-46e7-94ec-70238bb9c970: installSnapshot onError, lastRequest: b8551fbf-2c11-4c1f-914e-c2dd536d81a3->90a583a1-bf80-46e7-94ec-70238bb9c970#17-t2, previous=(t:2, i:0), leaderCommit=0, initializing? false, entries: <empty>: org.apache.ratis.thirdparty.io.grpc.StatusRuntimeException: CANCELLED: cancelled before receiving half close
2019-11-14 17:41:10,424 [grpc-default-executor-4] WARN  server.GrpcLogAppender (LogUtils.java:warn(134)) - b8551fbf-2c11-4c1f-914e-c2dd536d81a3@group-B125806C2B30->90a583a1-bf80-46e7-94ec-70238bb9c970-AppendLogResponseHandler: Failed appendEntries: org.apache.ratis.thirdparty.io.grpc.StatusRuntimeException: CANCELLED: HTTP/2 error code: CANCEL
Received Rst Stream
2019-11-14 17:41:10,424 [main] INFO  server.GrpcService (GrpcService.java:closeImpl(172)) - 90a583a1-bf80-46e7-94ec-70238bb9c970: shutdown server with port 35138 successfully
2019-11-14 17:41:10,424 [grpc-default-executor-4] INFO  impl.FollowerInfo (FollowerInfo.java:lambda$new$0(51)) - b8551fbf-2c11-4c1f-914e-c2dd536d81a3@group-B125806C2B30->90a583a1-bf80-46e7-94ec-70238bb9c970: nextIndex: updateUnconditionally 1 -> 0
2019-11-14 17:41:10,430 [refreshUsed-/workdir/hadoop-ozone/integration-test/target/test-dir/MiniOzoneClusterImpl-30cd45ce-4337-4039-bf7d-2128eab36bad/datanode-5/data/containers] WARN  fs.CachingGetSpaceUsed (CachingGetSpaceUsed.java:run(183)) - Thread Interrupted waiting to refresh disk information: sleep interrupted
2019-11-14 17:41:10,449 [ForkJoinPool.commonPool-worker-1] INFO  utils.BackgroundService (BackgroundService.java:shutdown(151)) - Shutting down service BlockDeletingService
2019-11-14 17:41:10,450 [main] INFO  utils.BackgroundService (BackgroundService.java:shutdown(151)) - Shutting down service BlockDeletingService
2019-11-14 17:41:10,453 [ForkJoinPool.commonPool-worker-1] INFO  statemachine.DatanodeStateMachine (DatanodeStateMachine.java:stopDaemon(395)) - Ozone container server stopped.
2019-11-14 17:41:10,455 [main] INFO  statemachine.DatanodeStateMachine (DatanodeStateMachine.java:stopDaemon(395)) - Ozone container server stopped.
2019-11-14 17:41:10,460 [main] INFO  handler.ContextHandler (ContextHandler.java:doStop(910)) - Stopped o.e.j.w.WebAppContext@59c04bee{/,null,UNAVAILABLE}{/hddsDatanode}
2019-11-14 17:41:10,460 [ForkJoinPool.commonPool-worker-1] INFO  handler.ContextHandler (ContextHandler.java:doStop(910)) - Stopped o.e.j.w.WebAppContext@fb0a08c{/,null,UNAVAILABLE}{/hddsDatanode}
2019-11-14 17:41:10,461 [ForkJoinPool.commonPool-worker-1] INFO  server.AbstractConnector (AbstractConnector.java:doStop(318)) - Stopped ServerConnector@1faf386c{HTTP/1.1,[http/1.1]}{0.0.0.0:0}
2019-11-14 17:41:10,461 [main] INFO  server.AbstractConnector (AbstractConnector.java:doStop(318)) - Stopped ServerConnector@45900b64{HTTP/1.1,[http/1.1]}{0.0.0.0:0}
2019-11-14 17:41:10,462 [ForkJoinPool.commonPool-worker-1] INFO  handler.ContextHandler (ContextHandler.java:doStop(910)) - Stopped o.e.j.s.ServletContextHandler@152c4495{/static,jar:file:/home/user/.m2/repository/org/apache/hadoop/hadoop-hdds-container-service/0.5.0-SNAPSHOT/hadoop-hdds-container-service-0.5.0-SNAPSHOT.jar!/webapps/static,UNAVAILABLE}
2019-11-14 17:41:10,464 [main] INFO  handler.ContextHandler (ContextHandler.java:doStop(910)) - Stopped o.e.j.s.ServletContextHandler@2fb25f4c{/static,jar:file:/home/user/.m2/repository/org/apache/hadoop/hadoop-hdds-container-service/0.5.0-SNAPSHOT/hadoop-hdds-container-service-0.5.0-SNAPSHOT.jar!/webapps/static,UNAVAILABLE}
2019-11-14 17:41:10,464 [ForkJoinPool.commonPool-worker-1] INFO  handler.ContextHandler (ContextHandler.java:doStop(910)) - Stopped o.e.j.s.ServletContextHandler@46dcbeab{/logs,file:///workdir/hadoop-ozone/integration-test/target/log,UNAVAILABLE}
2019-11-14 17:41:10,464 [main] INFO  handler.ContextHandler (ContextHandler.java:doStop(910)) - Stopped o.e.j.s.ServletContextHandler@57ddd45b{/logs,file:///workdir/hadoop-ozone/integration-test/target/log,UNAVAILABLE}
2019-11-14 17:41:10,521 [grpc-default-executor-3] WARN  server.GrpcLogAppender (LogUtils.java:warn(134)) - b8551fbf-2c11-4c1f-914e-c2dd536d81a3@group-B125806C2B30->71bec8dd-fabd-4ede-a8a1-a5a2039dbf17-AppendLogResponseHandler: Failed appendEntries: org.apache.ratis.thirdparty.io.grpc.StatusRuntimeException: UNAVAILABLE: io exception
2019-11-14 17:41:10,521 [grpc-default-executor-3] INFO  impl.FollowerInfo (FollowerInfo.java:lambda$new$0(51)) - b8551fbf-2c11-4c1f-914e-c2dd536d81a3@group-B125806C2B30->71bec8dd-fabd-4ede-a8a1-a5a2039dbf17: nextIndex: updateUnconditionally 0 -> 0
2019-11-14 17:41:10,530 [grpc-default-executor-4] WARN  server.GrpcLogAppender (LogUtils.java:warn(134)) - b8551fbf-2c11-4c1f-914e-c2dd536d81a3@group-B125806C2B30->90a583a1-bf80-46e7-94ec-70238bb9c970-AppendLogResponseHandler: Failed appendEntries: org.apache.ratis.thirdparty.io.grpc.StatusRuntimeException: UNAVAILABLE: io exception
2019-11-14 17:41:10,531 [grpc-default-executor-4] INFO  impl.FollowerInfo (FollowerInfo.java:lambda$new$0(51)) - b8551fbf-2c11-4c1f-914e-c2dd536d81a3@group-B125806C2B30->90a583a1-bf80-46e7-94ec-70238bb9c970: nextIndex: updateUnconditionally 0 -> 0
2019-11-14 17:41:10,572 [Datanode State Machine Thread - 0] INFO  statemachine.DatanodeStateMachine (DatanodeStateMachine.java:lambda$startDaemon$0(350)) - Ozone container server started.
2019-11-14 17:41:10,680 [grpc-default-executor-2] WARN  server.GrpcLogAppender (LogUtils.java:warn(134)) - d20af944-8902-4729-9038-f1b3d5904c1c@group-57A242E0C858->b1eef20d-d56e-4525-87fc-77ff197a940a-AppendLogResponseHandler: Failed appendEntries: org.apache.ratis.thirdparty.io.grpc.StatusRuntimeException: UNAVAILABLE: io exception
2019-11-14 17:41:10,681 [grpc-default-executor-2] INFO  impl.FollowerInfo (FollowerInfo.java:lambda$new$0(51)) - d20af944-8902-4729-9038-f1b3d5904c1c@group-57A242E0C858->b1eef20d-d56e-4525-87fc-77ff197a940a: nextIndex: updateUnconditionally 0 -> 0
2019-11-14 17:41:10,690 [grpc-default-executor-3] WARN  server.GrpcLogAppender (LogUtils.java:warn(134)) - d20af944-8902-4729-9038-f1b3d5904c1c@group-57A242E0C858->85330d09-12c2-4b50-bc83-acecbbd5cc6d-AppendLogResponseHandler: Failed appendEntries: org.apache.ratis.thirdparty.io.grpc.StatusRuntimeException: UNAVAILABLE: io exception
2019-11-14 17:41:10,691 [grpc-default-executor-3] INFO  impl.FollowerInfo (FollowerInfo.java:lambda$new$0(51)) - d20af944-8902-4729-9038-f1b3d5904c1c@group-57A242E0C858->85330d09-12c2-4b50-bc83-acecbbd5cc6d: nextIndex: updateUnconditionally 0 -> 0
2019-11-14 17:41:10,912 [Datanode State Machine Thread - 0] INFO  statemachine.DatanodeStateMachine (DatanodeStateMachine.java:lambda$startDaemon$0(350)) - Ozone container server started.
2019-11-14 17:41:11,021 [grpc-default-executor-4] WARN  server.GrpcLogAppender (LogUtils.java:warn(134)) - b8551fbf-2c11-4c1f-914e-c2dd536d81a3@group-B125806C2B30->71bec8dd-fabd-4ede-a8a1-a5a2039dbf17-AppendLogResponseHandler: Failed appendEntries: org.apache.ratis.thirdparty.io.grpc.StatusRuntimeException: UNAVAILABLE: io exception
2019-11-14 17:41:11,022 [grpc-default-executor-4] INFO  impl.FollowerInfo (FollowerInfo.java:lambda$new$0(51)) - b8551fbf-2c11-4c1f-914e-c2dd536d81a3@group-B125806C2B30->71bec8dd-fabd-4ede-a8a1-a5a2039dbf17: nextIndex: updateUnconditionally 0 -> 0
2019-11-14 17:41:11,031 [grpc-default-executor-2] WARN  server.GrpcLogAppender (LogUtils.java:warn(134)) - b8551fbf-2c11-4c1f-914e-c2dd536d81a3@group-B125806C2B30->90a583a1-bf80-46e7-94ec-70238bb9c970-AppendLogResponseHandler: Failed appendEntries: org.apache.ratis.thirdparty.io.grpc.StatusRuntimeException: UNAVAILABLE: io exception
2019-11-14 17:41:11,031 [grpc-default-executor-2] INFO  impl.FollowerInfo (FollowerInfo.java:lambda$new$0(51)) - b8551fbf-2c11-4c1f-914e-c2dd536d81a3@group-B125806C2B30->90a583a1-bf80-46e7-94ec-70238bb9c970: nextIndex: updateUnconditionally 0 -> 0
2019-11-14 17:41:11,181 [grpc-default-executor-3] WARN  server.GrpcLogAppender (LogUtils.java:warn(134)) - d20af944-8902-4729-9038-f1b3d5904c1c@group-57A242E0C858->b1eef20d-d56e-4525-87fc-77ff197a940a-AppendLogResponseHandler: Failed appendEntries: org.apache.ratis.thirdparty.io.grpc.StatusRuntimeException: UNAVAILABLE: io exception
2019-11-14 17:41:11,182 [grpc-default-executor-3] INFO  impl.FollowerInfo (FollowerInfo.java:lambda$new$0(51)) - d20af944-8902-4729-9038-f1b3d5904c1c@group-57A242E0C858->b1eef20d-d56e-4525-87fc-77ff197a940a: nextIndex: updateUnconditionally 0 -> 0
2019-11-14 17:41:11,191 [grpc-default-executor-4] WARN  server.GrpcLogAppender (LogUtils.java:warn(134)) - d20af944-8902-4729-9038-f1b3d5904c1c@group-57A242E0C858->85330d09-12c2-4b50-bc83-acecbbd5cc6d-AppendLogResponseHandler: Failed appendEntries: org.apache.ratis.thirdparty.io.grpc.StatusRuntimeException: UNAVAILABLE: io exception
2019-11-14 17:41:11,191 [grpc-default-executor-4] INFO  impl.FollowerInfo (FollowerInfo.java:lambda$new$0(51)) - d20af944-8902-4729-9038-f1b3d5904c1c@group-57A242E0C858->85330d09-12c2-4b50-bc83-acecbbd5cc6d: nextIndex: updateUnconditionally 0 -> 0
2019-11-14 17:41:11,522 [grpc-default-executor-2] WARN  server.GrpcLogAppender (LogUtils.java:warn(134)) - b8551fbf-2c11-4c1f-914e-c2dd536d81a3@group-B125806C2B30->71bec8dd-fabd-4ede-a8a1-a5a2039dbf17-AppendLogResponseHandler: Failed appendEntries: org.apache.ratis.thirdparty.io.grpc.StatusRuntimeException: UNAVAILABLE: io exception
2019-11-14 17:41:11,522 [grpc-default-executor-2] INFO  impl.FollowerInfo (FollowerInfo.java:lambda$new$0(51)) - b8551fbf-2c11-4c1f-914e-c2dd536d81a3@group-B125806C2B30->71bec8dd-fabd-4ede-a8a1-a5a2039dbf17: nextIndex: updateUnconditionally 0 -> 0
2019-11-14 17:41:11,532 [grpc-default-executor-3] WARN  server.GrpcLogAppender (LogUtils.java:warn(134)) - b8551fbf-2c11-4c1f-914e-c2dd536d81a3@group-B125806C2B30->90a583a1-bf80-46e7-94ec-70238bb9c970-AppendLogResponseHandler: Failed appendEntries: org.apache.ratis.thirdparty.io.grpc.StatusRuntimeException: UNAVAILABLE: io exception
2019-11-14 17:41:11,532 [grpc-default-executor-3] INFO  impl.FollowerInfo (FollowerInfo.java:lambda$new$0(51)) - b8551fbf-2c11-4c1f-914e-c2dd536d81a3@group-B125806C2B30->90a583a1-bf80-46e7-94ec-70238bb9c970: nextIndex: updateUnconditionally 0 -> 0
2019-11-14 17:41:11,682 [grpc-default-executor-4] WARN  server.GrpcLogAppender (LogUtils.java:warn(134)) - d20af944-8902-4729-9038-f1b3d5904c1c@group-57A242E0C858->b1eef20d-d56e-4525-87fc-77ff197a940a-AppendLogResponseHandler: Failed appendEntries: org.apache.ratis.thirdparty.io.grpc.StatusRuntimeException: UNAVAILABLE: io exception
2019-11-14 17:41:11,682 [grpc-default-executor-4] INFO  impl.FollowerInfo (FollowerInfo.java:lambda$new$0(51)) - d20af944-8902-4729-9038-f1b3d5904c1c@group-57A242E0C858->b1eef20d-d56e-4525-87fc-77ff197a940a: nextIndex: updateUnconditionally 0 -> 0
2019-11-14 17:41:11,692 [grpc-default-executor-2] WARN  server.GrpcLogAppender (LogUtils.java:warn(134)) - d20af944-8902-4729-9038-f1b3d5904c1c@group-57A242E0C858->85330d09-12c2-4b50-bc83-acecbbd5cc6d-AppendLogResponseHandler: Failed appendEntries: org.apache.ratis.thirdparty.io.grpc.StatusRuntimeException: UNAVAILABLE: io exception
2019-11-14 17:41:11,692 [grpc-default-executor-2] INFO  impl.FollowerInfo (FollowerInfo.java:lambda$new$0(51)) - d20af944-8902-4729-9038-f1b3d5904c1c@group-57A242E0C858->85330d09-12c2-4b50-bc83-acecbbd5cc6d: nextIndex: updateUnconditionally 0 -> 0
2019-11-14 17:41:12,023 [grpc-default-executor-3] WARN  server.GrpcLogAppender (LogUtils.java:warn(134)) - b8551fbf-2c11-4c1f-914e-c2dd536d81a3@group-B125806C2B30->71bec8dd-fabd-4ede-a8a1-a5a2039dbf17-AppendLogResponseHandler: Failed appendEntries: org.apache.ratis.thirdparty.io.grpc.StatusRuntimeException: UNAVAILABLE: io exception
2019-11-14 17:41:12,023 [grpc-default-executor-3] INFO  impl.FollowerInfo (FollowerInfo.java:lambda$new$0(51)) - b8551fbf-2c11-4c1f-914e-c2dd536d81a3@group-B125806C2B30->71bec8dd-fabd-4ede-a8a1-a5a2039dbf17: nextIndex: updateUnconditionally 0 -> 0
2019-11-14 17:41:12,032 [grpc-default-executor-4] WARN  server.GrpcLogAppender (LogUtils.java:warn(134)) - b8551fbf-2c11-4c1f-914e-c2dd536d81a3@group-B125806C2B30->90a583a1-bf80-46e7-94ec-70238bb9c970-AppendLogResponseHandler: Failed appendEntries: org.apache.ratis.thirdparty.io.grpc.StatusRuntimeException: UNAVAILABLE: io exception
2019-11-14 17:41:12,033 [grpc-default-executor-4] INFO  impl.FollowerInfo (FollowerInfo.java:lambda$new$0(51)) - b8551fbf-2c11-4c1f-914e-c2dd536d81a3@group-B125806C2B30->90a583a1-bf80-46e7-94ec-70238bb9c970: nextIndex: updateUnconditionally 0 -> 0
2019-11-14 17:41:12,182 [grpc-default-executor-2] WARN  server.GrpcLogAppender (LogUtils.java:warn(134)) - d20af944-8902-4729-9038-f1b3d5904c1c@group-57A242E0C858->b1eef20d-d56e-4525-87fc-77ff197a940a-AppendLogResponseHandler: Failed appendEntries: org.apache.ratis.thirdparty.io.grpc.StatusRuntimeException: UNAVAILABLE: io exception
2019-11-14 17:41:12,183 [grpc-default-executor-2] INFO  impl.FollowerInfo (FollowerInfo.java:lambda$new$0(51)) - d20af944-8902-4729-9038-f1b3d5904c1c@group-57A242E0C858->b1eef20d-d56e-4525-87fc-77ff197a940a: nextIndex: updateUnconditionally 0 -> 0
2019-11-14 17:41:12,192 [grpc-default-executor-3] WARN  server.GrpcLogAppender (LogUtils.java:warn(134)) - d20af944-8902-4729-9038-f1b3d5904c1c@group-57A242E0C858->85330d09-12c2-4b50-bc83-acecbbd5cc6d-AppendLogResponseHandler: Failed appendEntries: org.apache.ratis.thirdparty.io.grpc.StatusRuntimeException: UNAVAILABLE: io exception
2019-11-14 17:41:12,193 [grpc-default-executor-3] INFO  impl.FollowerInfo (FollowerInfo.java:lambda$new$0(51)) - d20af944-8902-4729-9038-f1b3d5904c1c@group-57A242E0C858->85330d09-12c2-4b50-bc83-acecbbd5cc6d: nextIndex: updateUnconditionally 0 -> 0
2019-11-14 17:41:12,528 [grpc-default-executor-4] WARN  server.GrpcLogAppender (LogUtils.java:warn(134)) - b8551fbf-2c11-4c1f-914e-c2dd536d81a3@group-B125806C2B30->71bec8dd-fabd-4ede-a8a1-a5a2039dbf17-AppendLogResponseHandler: Failed appendEntries: org.apache.ratis.thirdparty.io.grpc.StatusRuntimeException: UNAVAILABLE: io exception
2019-11-14 17:41:12,529 [grpc-default-executor-4] INFO  impl.FollowerInfo (FollowerInfo.java:lambda$new$0(51)) - b8551fbf-2c11-4c1f-914e-c2dd536d81a3@group-B125806C2B30->71bec8dd-fabd-4ede-a8a1-a5a2039dbf17: nextIndex: updateUnconditionally 0 -> 0
2019-11-14 17:41:12,533 [grpc-default-executor-3] WARN  server.GrpcLogAppender (LogUtils.java:warn(134)) - b8551fbf-2c11-4c1f-914e-c2dd536d81a3@group-B125806C2B30->90a583a1-bf80-46e7-94ec-70238bb9c970-AppendLogResponseHandler: Failed appendEntries: org.apache.ratis.thirdparty.io.grpc.StatusRuntimeException: UNAVAILABLE: io exception
2019-11-14 17:41:12,533 [grpc-default-executor-3] INFO  impl.FollowerInfo (FollowerInfo.java:lambda$new$0(51)) - b8551fbf-2c11-4c1f-914e-c2dd536d81a3@group-B125806C2B30->90a583a1-bf80-46e7-94ec-70238bb9c970: nextIndex: updateUnconditionally 0 -> 0
2019-11-14 17:41:12,683 [grpc-default-executor-2] WARN  server.GrpcLogAppender (LogUtils.java:warn(134)) - d20af944-8902-4729-9038-f1b3d5904c1c@group-57A242E0C858->b1eef20d-d56e-4525-87fc-77ff197a940a-AppendLogResponseHandler: Failed appendEntries: org.apache.ratis.thirdparty.io.grpc.StatusRuntimeException: UNAVAILABLE: io exception
2019-11-14 17:41:12,684 [grpc-default-executor-2] INFO  impl.FollowerInfo (FollowerInfo.java:lambda$new$0(51)) - d20af944-8902-4729-9038-f1b3d5904c1c@group-57A242E0C858->b1eef20d-d56e-4525-87fc-77ff197a940a: nextIndex: updateUnconditionally 0 -> 0
2019-11-14 17:41:12,693 [grpc-default-executor-4] WARN  server.GrpcLogAppender (LogUtils.java:warn(134)) - d20af944-8902-4729-9038-f1b3d5904c1c@group-57A242E0C858->85330d09-12c2-4b50-bc83-acecbbd5cc6d-AppendLogResponseHandler: Failed appendEntries: org.apache.ratis.thirdparty.io.grpc.StatusRuntimeException: UNAVAILABLE: io exception
2019-11-14 17:41:12,693 [grpc-default-executor-4] INFO  impl.FollowerInfo (FollowerInfo.java:lambda$new$0(51)) - d20af944-8902-4729-9038-f1b3d5904c1c@group-57A242E0C858->85330d09-12c2-4b50-bc83-acecbbd5cc6d: nextIndex: updateUnconditionally 0 -> 0
2019-11-14 17:41:13,028 [grpc-default-executor-3] WARN  server.GrpcLogAppender (LogUtils.java:warn(134)) - b8551fbf-2c11-4c1f-914e-c2dd536d81a3@group-B125806C2B30->71bec8dd-fabd-4ede-a8a1-a5a2039dbf17-AppendLogResponseHandler: Failed appendEntries: org.apache.ratis.thirdparty.io.grpc.StatusRuntimeException: UNAVAILABLE: io exception
2019-11-14 17:41:13,029 [grpc-default-executor-3] INFO  impl.FollowerInfo (FollowerInfo.java:lambda$new$0(51)) - b8551fbf-2c11-4c1f-914e-c2dd536d81a3@group-B125806C2B30->71bec8dd-fabd-4ede-a8a1-a5a2039dbf17: nextIndex: updateUnconditionally 0 -> 0
2019-11-14 17:41:13,034 [grpc-default-executor-2] WARN  server.GrpcLogAppender (LogUtils.java:warn(134)) - b8551fbf-2c11-4c1f-914e-c2dd536d81a3@group-B125806C2B30->90a583a1-bf80-46e7-94ec-70238bb9c970-AppendLogResponseHandler: Failed appendEntries: org.apache.ratis.thirdparty.io.grpc.StatusRuntimeException: UNAVAILABLE: io exception
2019-11-14 17:41:13,034 [grpc-default-executor-2] INFO  impl.FollowerInfo (FollowerInfo.java:lambda$new$0(51)) - b8551fbf-2c11-4c1f-914e-c2dd536d81a3@group-B125806C2B30->90a583a1-bf80-46e7-94ec-70238bb9c970: nextIndex: updateUnconditionally 0 -> 0
2019-11-14 17:41:13,184 [grpc-default-executor-4] WARN  server.GrpcLogAppender (LogUtils.java:warn(134)) - d20af944-8902-4729-9038-f1b3d5904c1c@group-57A242E0C858->b1eef20d-d56e-4525-87fc-77ff197a940a-AppendLogResponseHandler: Failed appendEntries: org.apache.ratis.thirdparty.io.grpc.StatusRuntimeException: UNAVAILABLE: io exception
2019-11-14 17:41:13,184 [grpc-default-executor-4] INFO  impl.FollowerInfo (FollowerInfo.java:lambda$new$0(51)) - d20af944-8902-4729-9038-f1b3d5904c1c@group-57A242E0C858->b1eef20d-d56e-4525-87fc-77ff197a940a: nextIndex: updateUnconditionally 0 -> 0
2019-11-14 17:41:13,193 [grpc-default-executor-3] WARN  server.GrpcLogAppender (LogUtils.java:warn(134)) - d20af944-8902-4729-9038-f1b3d5904c1c@group-57A242E0C858->85330d09-12c2-4b50-bc83-acecbbd5cc6d-AppendLogResponseHandler: Failed appendEntries: org.apache.ratis.thirdparty.io.grpc.StatusRuntimeException: UNAVAILABLE: io exception
2019-11-14 17:41:13,194 [grpc-default-executor-3] INFO  impl.FollowerInfo (FollowerInfo.java:lambda$new$0(51)) - d20af944-8902-4729-9038-f1b3d5904c1c@group-57A242E0C858->85330d09-12c2-4b50-bc83-acecbbd5cc6d: nextIndex: updateUnconditionally 0 -> 0
2019-11-14 17:41:13,527 [grpc-default-executor-2] WARN  server.GrpcLogAppender (LogUtils.java:warn(134)) - b8551fbf-2c11-4c1f-914e-c2dd536d81a3@group-B125806C2B30->71bec8dd-fabd-4ede-a8a1-a5a2039dbf17-AppendLogResponseHandler: Failed appendEntries: org.apache.ratis.thirdparty.io.grpc.StatusRuntimeException: UNAVAILABLE: io exception
2019-11-14 17:41:13,528 [grpc-default-executor-2] INFO  impl.FollowerInfo (FollowerInfo.java:lambda$new$0(51)) - b8551fbf-2c11-4c1f-914e-c2dd536d81a3@group-B125806C2B30->71bec8dd-fabd-4ede-a8a1-a5a2039dbf17: nextIndex: updateUnconditionally 0 -> 0
2019-11-14 17:41:13,534 [grpc-default-executor-4] WARN  server.GrpcLogAppender (LogUtils.java:warn(134)) - b8551fbf-2c11-4c1f-914e-c2dd536d81a3@group-B125806C2B30->90a583a1-bf80-46e7-94ec-70238bb9c970-AppendLogResponseHandler: Failed appendEntries: org.apache.ratis.thirdparty.io.grpc.StatusRuntimeException: UNAVAILABLE: io exception
2019-11-14 17:41:13,535 [grpc-default-executor-4] INFO  impl.FollowerInfo (FollowerInfo.java:lambda$new$0(51)) - b8551fbf-2c11-4c1f-914e-c2dd536d81a3@group-B125806C2B30->90a583a1-bf80-46e7-94ec-70238bb9c970: nextIndex: updateUnconditionally 0 -> 0
2019-11-14 17:41:13,685 [grpc-default-executor-3] WARN  server.GrpcLogAppender (LogUtils.java:warn(134)) - d20af944-8902-4729-9038-f1b3d5904c1c@group-57A242E0C858->b1eef20d-d56e-4525-87fc-77ff197a940a-AppendLogResponseHandler: Failed appendEntries: org.apache.ratis.thirdparty.io.grpc.StatusRuntimeException: UNAVAILABLE: io exception
2019-11-14 17:41:13,686 [grpc-default-executor-3] INFO  impl.FollowerInfo (FollowerInfo.java:lambda$new$0(51)) - d20af944-8902-4729-9038-f1b3d5904c1c@group-57A242E0C858->b1eef20d-d56e-4525-87fc-77ff197a940a: nextIndex: updateUnconditionally 0 -> 0
2019-11-14 17:41:13,694 [grpc-default-executor-2] WARN  server.GrpcLogAppender (LogUtils.java:warn(134)) - d20af944-8902-4729-9038-f1b3d5904c1c@group-57A242E0C858->85330d09-12c2-4b50-bc83-acecbbd5cc6d-AppendLogResponseHandler: Failed appendEntries: org.apache.ratis.thirdparty.io.grpc.StatusRuntimeException: UNAVAILABLE: io exception
2019-11-14 17:41:13,695 [grpc-default-executor-2] INFO  impl.FollowerInfo (FollowerInfo.java:lambda$new$0(51)) - d20af944-8902-4729-9038-f1b3d5904c1c@group-57A242E0C858->85330d09-12c2-4b50-bc83-acecbbd5cc6d: nextIndex: updateUnconditionally 0 -> 0
2019-11-14 17:41:14,028 [grpc-default-executor-4] WARN  server.GrpcLogAppender (LogUtils.java:warn(134)) - b8551fbf-2c11-4c1f-914e-c2dd536d81a3@group-B125806C2B30->71bec8dd-fabd-4ede-a8a1-a5a2039dbf17-AppendLogResponseHandler: Failed appendEntries: org.apache.ratis.thirdparty.io.grpc.StatusRuntimeException: UNAVAILABLE: io exception
2019-11-14 17:41:14,028 [grpc-default-executor-4] INFO  impl.FollowerInfo (FollowerInfo.java:lambda$new$0(51)) - b8551fbf-2c11-4c1f-914e-c2dd536d81a3@group-B125806C2B30->71bec8dd-fabd-4ede-a8a1-a5a2039dbf17: nextIndex: updateUnconditionally 0 -> 0
2019-11-14 17:41:14,035 [grpc-default-executor-3] WARN  server.GrpcLogAppender (LogUtils.java:warn(134)) - b8551fbf-2c11-4c1f-914e-c2dd536d81a3@group-B125806C2B30->90a583a1-bf80-46e7-94ec-70238bb9c970-AppendLogResponseHandler: Failed appendEntries: org.apache.ratis.thirdparty.io.grpc.StatusRuntimeException: UNAVAILABLE: io exception
2019-11-14 17:41:14,035 [grpc-default-executor-3] INFO  impl.FollowerInfo (FollowerInfo.java:lambda$new$0(51)) - b8551fbf-2c11-4c1f-914e-c2dd536d81a3@group-B125806C2B30->90a583a1-bf80-46e7-94ec-70238bb9c970: nextIndex: updateUnconditionally 0 -> 0
2019-11-14 17:41:14,185 [grpc-default-executor-2] WARN  server.GrpcLogAppender (LogUtils.java:warn(134)) - d20af944-8902-4729-9038-f1b3d5904c1c@group-57A242E0C858->b1eef20d-d56e-4525-87fc-77ff197a940a-AppendLogResponseHandler: Failed appendEntries: org.apache.ratis.thirdparty.io.grpc.StatusRuntimeException: UNAVAILABLE: io exception
2019-11-14 17:41:14,186 [grpc-default-executor-2] INFO  impl.FollowerInfo (FollowerInfo.java:lambda$new$0(51)) - d20af944-8902-4729-9038-f1b3d5904c1c@group-57A242E0C858->b1eef20d-d56e-4525-87fc-77ff197a940a: nextIndex: updateUnconditionally 0 -> 0
2019-11-14 17:41:14,195 [grpc-default-executor-4] WARN  server.GrpcLogAppender (LogUtils.java:warn(134)) - d20af944-8902-4729-9038-f1b3d5904c1c@group-57A242E0C858->85330d09-12c2-4b50-bc83-acecbbd5cc6d-AppendLogResponseHandler: Failed appendEntries: org.apache.ratis.thirdparty.io.grpc.StatusRuntimeException: UNAVAILABLE: io exception
2019-11-14 17:41:14,195 [grpc-default-executor-4] INFO  impl.FollowerInfo (FollowerInfo.java:lambda$new$0(51)) - d20af944-8902-4729-9038-f1b3d5904c1c@group-57A242E0C858->85330d09-12c2-4b50-bc83-acecbbd5cc6d: nextIndex: updateUnconditionally 0 -> 0
2019-11-14 17:41:14,529 [grpc-default-executor-3] WARN  server.GrpcLogAppender (LogUtils.java:warn(134)) - b8551fbf-2c11-4c1f-914e-c2dd536d81a3@group-B125806C2B30->71bec8dd-fabd-4ede-a8a1-a5a2039dbf17-AppendLogResponseHandler: Failed appendEntries: org.apache.ratis.thirdparty.io.grpc.StatusRuntimeException: UNAVAILABLE: io exception
2019-11-14 17:41:14,529 [grpc-default-executor-3] INFO  impl.FollowerInfo (FollowerInfo.java:lambda$new$0(51)) - b8551fbf-2c11-4c1f-914e-c2dd536d81a3@group-B125806C2B30->71bec8dd-fabd-4ede-a8a1-a5a2039dbf17: nextIndex: updateUnconditionally 0 -> 0
2019-11-14 17:41:14,535 [grpc-default-executor-2] WARN  server.GrpcLogAppender (LogUtils.java:warn(134)) - b8551fbf-2c11-4c1f-914e-c2dd536d81a3@group-B125806C2B30->90a583a1-bf80-46e7-94ec-70238bb9c970-AppendLogResponseHandler: Failed appendEntries: org.apache.ratis.thirdparty.io.grpc.StatusRuntimeException: UNAVAILABLE: io exception
2019-11-14 17:41:14,536 [grpc-default-executor-2] INFO  impl.FollowerInfo (FollowerInfo.java:lambda$new$0(51)) - b8551fbf-2c11-4c1f-914e-c2dd536d81a3@group-B125806C2B30->90a583a1-bf80-46e7-94ec-70238bb9c970: nextIndex: updateUnconditionally 0 -> 0
2019-11-14 17:41:14,689 [grpc-default-executor-4] WARN  server.GrpcLogAppender (LogUtils.java:warn(134)) - d20af944-8902-4729-9038-f1b3d5904c1c@group-57A242E0C858->b1eef20d-d56e-4525-87fc-77ff197a940a-AppendLogResponseHandler: Failed appendEntries: org.apache.ratis.thirdparty.io.grpc.StatusRuntimeException: UNAVAILABLE: io exception
2019-11-14 17:41:14,690 [grpc-default-executor-4] INFO  impl.FollowerInfo (FollowerInfo.java:lambda$new$0(51)) - d20af944-8902-4729-9038-f1b3d5904c1c@group-57A242E0C858->b1eef20d-d56e-4525-87fc-77ff197a940a: nextIndex: updateUnconditionally 0 -> 0
2019-11-14 17:41:14,696 [grpc-default-executor-3] WARN  server.GrpcLogAppender (LogUtils.java:warn(134)) - d20af944-8902-4729-9038-f1b3d5904c1c@group-57A242E0C858->85330d09-12c2-4b50-bc83-acecbbd5cc6d-AppendLogResponseHandler: Failed appendEntries: org.apache.ratis.thirdparty.io.grpc.StatusRuntimeException: UNAVAILABLE: io exception
2019-11-14 17:41:14,696 [grpc-default-executor-3] INFO  impl.FollowerInfo (FollowerInfo.java:lambda$new$0(51)) - d20af944-8902-4729-9038-f1b3d5904c1c@group-57A242E0C858->85330d09-12c2-4b50-bc83-acecbbd5cc6d: nextIndex: updateUnconditionally 0 -> 0
2019-11-14 17:41:15,030 [grpc-default-executor-2] WARN  server.GrpcLogAppender (LogUtils.java:warn(134)) - b8551fbf-2c11-4c1f-914e-c2dd536d81a3@group-B125806C2B30->71bec8dd-fabd-4ede-a8a1-a5a2039dbf17-AppendLogResponseHandler: Failed appendEntries: org.apache.ratis.thirdparty.io.grpc.StatusRuntimeException: UNAVAILABLE: io exception
2019-11-14 17:41:15,031 [grpc-default-executor-2] INFO  impl.FollowerInfo (FollowerInfo.java:lambda$new$0(51)) - b8551fbf-2c11-4c1f-914e-c2dd536d81a3@group-B125806C2B30->71bec8dd-fabd-4ede-a8a1-a5a2039dbf17: nextIndex: updateUnconditionally 0 -> 0
2019-11-14 17:41:15,037 [grpc-default-executor-4] WARN  server.GrpcLogAppender (LogUtils.java:warn(134)) - b8551fbf-2c11-4c1f-914e-c2dd536d81a3@group-B125806C2B30->90a583a1-bf80-46e7-94ec-70238bb9c970-AppendLogResponseHandler: Failed appendEntries: org.apache.ratis.thirdparty.io.grpc.StatusRuntimeException: UNAVAILABLE: io exception
2019-11-14 17:41:15,038 [grpc-default-executor-4] INFO  impl.FollowerInfo (FollowerInfo.java:lambda$new$0(51)) - b8551fbf-2c11-4c1f-914e-c2dd536d81a3@group-B125806C2B30->90a583a1-bf80-46e7-94ec-70238bb9c970: nextIndex: updateUnconditionally 0 -> 0
2019-11-14 17:41:15,189 [grpc-default-executor-3] WARN  server.GrpcLogAppender (LogUtils.java:warn(134)) - d20af944-8902-4729-9038-f1b3d5904c1c@group-57A242E0C858->b1eef20d-d56e-4525-87fc-77ff197a940a-AppendLogResponseHandler: Failed appendEntries: org.apache.ratis.thirdparty.io.grpc.StatusRuntimeException: UNAVAILABLE: io exception
2019-11-14 17:41:15,189 [grpc-default-executor-3] INFO  impl.FollowerInfo (FollowerInfo.java:lambda$new$0(51)) - d20af944-8902-4729-9038-f1b3d5904c1c@group-57A242E0C858->b1eef20d-d56e-4525-87fc-77ff197a940a: nextIndex: updateUnconditionally 0 -> 0
2019-11-14 17:41:15,196 [grpc-default-executor-2] WARN  server.GrpcLogAppender (LogUtils.java:warn(134)) - d20af944-8902-4729-9038-f1b3d5904c1c@group-57A242E0C858->85330d09-12c2-4b50-bc83-acecbbd5cc6d-AppendLogResponseHandler: Failed appendEntries: org.apache.ratis.thirdparty.io.grpc.StatusRuntimeException: UNAVAILABLE: io exception
2019-11-14 17:41:15,196 [grpc-default-executor-2] INFO  impl.FollowerInfo (FollowerInfo.java:lambda$new$0(51)) - d20af944-8902-4729-9038-f1b3d5904c1c@group-57A242E0C858->85330d09-12c2-4b50-bc83-acecbbd5cc6d: nextIndex: updateUnconditionally 0 -> 0
2019-11-14 17:41:15,469 [ForkJoinPool.commonPool-worker-1] INFO  ozoneimpl.OzoneContainer (OzoneContainer.java:stop(244)) - Attempting to stop container services.
2019-11-14 17:41:15,469 [main] INFO  ozoneimpl.OzoneContainer (OzoneContainer.java:stop(244)) - Attempting to stop container services.
2019-11-14 17:41:15,470 [ForkJoinPool.commonPool-worker-1] INFO  impl.RaftServerProxy (RaftServerProxy.java:lambda$close$4(314)) - d20af944-8902-4729-9038-f1b3d5904c1c: close
2019-11-14 17:41:15,471 [main] INFO  impl.RaftServerProxy (RaftServerProxy.java:lambda$close$4(314)) - b8551fbf-2c11-4c1f-914e-c2dd536d81a3: close
2019-11-14 17:41:15,472 [ForkJoinPool.commonPool-worker-1] INFO  impl.RaftServerImpl (RaftServerImpl.java:lambda$shutdown$3(250)) - d20af944-8902-4729-9038-f1b3d5904c1c@group-A4E787492910: shutdown
2019-11-14 17:41:15,472 [main] INFO  impl.RaftServerImpl (RaftServerImpl.java:lambda$shutdown$3(250)) - b8551fbf-2c11-4c1f-914e-c2dd536d81a3@group-B125806C2B30: shutdown
2019-11-14 17:41:15,472 [ForkJoinPool.commonPool-worker-1] INFO  util.JmxRegister (JmxRegister.java:unregister(73)) - Successfully un-registered JMX Bean with object name Ratis:service=RaftServer,group=group-A4E787492910,id=d20af944-8902-4729-9038-f1b3d5904c1c
2019-11-14 17:41:15,472 [main] INFO  util.JmxRegister (JmxRegister.java:unregister(73)) - Successfully un-registered JMX Bean with object name Ratis:service=RaftServer,group=group-B125806C2B30,id=b8551fbf-2c11-4c1f-914e-c2dd536d81a3
2019-11-14 17:41:15,473 [ForkJoinPool.commonPool-worker-1] INFO  impl.RoleInfo (RoleInfo.java:shutdownLeaderState(104)) - d20af944-8902-4729-9038-f1b3d5904c1c: shutdown LeaderState
2019-11-14 17:41:15,473 [main] INFO  impl.RoleInfo (RoleInfo.java:shutdownLeaderState(104)) - b8551fbf-2c11-4c1f-914e-c2dd536d81a3: shutdown LeaderState
2019-11-14 17:41:15,473 [ForkJoinPool.commonPool-worker-1] INFO  impl.PendingRequests (PendingRequests.java:sendNotLeaderResponses(206)) - d20af944-8902-4729-9038-f1b3d5904c1c@group-A4E787492910-PendingRequests: sendNotLeaderResponses
2019-11-14 17:41:15,488 [org.apache.ratis.server.impl.LogAppender$AppenderDaemon$$Lambda$445/1390678221@24e97bab] WARN  server.GrpcLogAppender (GrpcLogAppender.java:mayWait(151)) - b8551fbf-2c11-4c1f-914e-c2dd536d81a3@group-B125806C2B30->90a583a1-bf80-46e7-94ec-70238bb9c970-GrpcLogAppender: Wait interrupted by java.lang.InterruptedException
2019-11-14 17:41:15,488 [org.apache.ratis.server.impl.LogAppender$AppenderDaemon$$Lambda$445/1390678221@61ebf9f2] WARN  server.GrpcLogAppender (GrpcLogAppender.java:mayWait(151)) - b8551fbf-2c11-4c1f-914e-c2dd536d81a3@group-B125806C2B30->71bec8dd-fabd-4ede-a8a1-a5a2039dbf17-GrpcLogAppender: Wait interrupted by java.lang.InterruptedException
2019-11-14 17:41:15,488 [main] INFO  impl.PendingRequests (PendingRequests.java:sendNotLeaderResponses(206)) - b8551fbf-2c11-4c1f-914e-c2dd536d81a3@group-B125806C2B30-PendingRequests: sendNotLeaderResponses
2019-11-14 17:41:15,489 [ForkJoinPool.commonPool-worker-1] INFO  impl.StateMachineUpdater (StateMachineUpdater.java:stopAndJoin(136)) - d20af944-8902-4729-9038-f1b3d5904c1c@group-A4E787492910-StateMachineUpdater: set stopIndex = 0
2019-11-14 17:41:15,489 [main] INFO  impl.StateMachineUpdater (StateMachineUpdater.java:stopAndJoin(136)) - b8551fbf-2c11-4c1f-914e-c2dd536d81a3@group-B125806C2B30-StateMachineUpdater: set stopIndex = 0
2019-11-14 17:41:15,491 [main] INFO  impl.RaftServerImpl (ServerState.java:close(387)) - b8551fbf-2c11-4c1f-914e-c2dd536d81a3@group-B125806C2B30: closes. applyIndex: 0
2019-11-14 17:41:15,492 [b8551fbf-2c11-4c1f-914e-c2dd536d81a3@group-B125806C2B30-SegmentedRaftLogWorker] INFO  segmented.SegmentedRaftLogWorker (SegmentedRaftLogWorker.java:run(316)) - b8551fbf-2c11-4c1f-914e-c2dd536d81a3@group-B125806C2B30-SegmentedRaftLogWorker was interrupted, exiting. There are 0 tasks remaining in the queue.
2019-11-14 17:41:15,492 [ForkJoinPool.commonPool-worker-1] INFO  impl.RaftServerImpl (ServerState.java:close(387)) - d20af944-8902-4729-9038-f1b3d5904c1c@group-A4E787492910: closes. applyIndex: 0
2019-11-14 17:41:15,493 [main] INFO  segmented.SegmentedRaftLogWorker (SegmentedRaftLogWorker.java:close(224)) - b8551fbf-2c11-4c1f-914e-c2dd536d81a3@group-B125806C2B30-SegmentedRaftLogWorker close()
2019-11-14 17:41:15,494 [d20af944-8902-4729-9038-f1b3d5904c1c@group-A4E787492910-SegmentedRaftLogWorker] INFO  segmented.SegmentedRaftLogWorker (SegmentedRaftLogWorker.java:run(316)) - d20af944-8902-4729-9038-f1b3d5904c1c@group-A4E787492910-SegmentedRaftLogWorker was interrupted, exiting. There are 0 tasks remaining in the queue.
2019-11-14 17:41:15,495 [main] INFO  impl.RaftServerImpl (RaftServerImpl.java:lambda$shutdown$3(250)) - b8551fbf-2c11-4c1f-914e-c2dd536d81a3@group-251F74DE240A: shutdown
2019-11-14 17:41:15,496 [ForkJoinPool.commonPool-worker-1] INFO  segmented.SegmentedRaftLogWorker (SegmentedRaftLogWorker.java:close(224)) - d20af944-8902-4729-9038-f1b3d5904c1c@group-A4E787492910-SegmentedRaftLogWorker close()
2019-11-14 17:41:15,496 [main] INFO  util.JmxRegister (JmxRegister.java:unregister(73)) - Successfully un-registered JMX Bean with object name Ratis:service=RaftServer,group=group-251F74DE240A,id=b8551fbf-2c11-4c1f-914e-c2dd536d81a3
2019-11-14 17:41:15,497 [ForkJoinPool.commonPool-worker-1] INFO  impl.RaftServerImpl (RaftServerImpl.java:lambda$shutdown$3(250)) - d20af944-8902-4729-9038-f1b3d5904c1c@group-57A242E0C858: shutdown
2019-11-14 17:41:15,498 [main] INFO  impl.RoleInfo (RoleInfo.java:shutdownLeaderState(104)) - b8551fbf-2c11-4c1f-914e-c2dd536d81a3: shutdown LeaderState
2019-11-14 17:41:15,498 [ForkJoinPool.commonPool-worker-1] INFO  util.JmxRegister (JmxRegister.java:unregister(73)) - Successfully un-registered JMX Bean with object name Ratis:service=RaftServer,group=group-57A242E0C858,id=d20af944-8902-4729-9038-f1b3d5904c1c
2019-11-14 17:41:15,498 [main] INFO  impl.PendingRequests (PendingRequests.java:sendNotLeaderResponses(206)) - b8551fbf-2c11-4c1f-914e-c2dd536d81a3@group-251F74DE240A-PendingRequests: sendNotLeaderResponses
2019-11-14 17:41:15,498 [ForkJoinPool.commonPool-worker-1] INFO  impl.RoleInfo (RoleInfo.java:shutdownLeaderState(104)) - d20af944-8902-4729-9038-f1b3d5904c1c: shutdown LeaderState
2019-11-14 17:41:15,499 [main] INFO  impl.StateMachineUpdater (StateMachineUpdater.java:stopAndJoin(136)) - b8551fbf-2c11-4c1f-914e-c2dd536d81a3@group-251F74DE240A-StateMachineUpdater: set stopIndex = 0
2019-11-14 17:41:15,499 [org.apache.ratis.server.impl.LogAppender$AppenderDaemon$$Lambda$445/1390678221@65b6764b] WARN  server.GrpcLogAppender (GrpcLogAppender.java:mayWait(151)) - d20af944-8902-4729-9038-f1b3d5904c1c@group-57A242E0C858->85330d09-12c2-4b50-bc83-acecbbd5cc6d-GrpcLogAppender: Wait interrupted by java.lang.InterruptedException
2019-11-14 17:41:15,499 [org.apache.ratis.server.impl.LogAppender$AppenderDaemon$$Lambda$445/1390678221@20b4fc39] WARN  server.GrpcLogAppender (GrpcLogAppender.java:mayWait(151)) - d20af944-8902-4729-9038-f1b3d5904c1c@group-57A242E0C858->b1eef20d-d56e-4525-87fc-77ff197a940a-GrpcLogAppender: Wait interrupted by java.lang.InterruptedException
2019-11-14 17:41:15,499 [ForkJoinPool.commonPool-worker-1] INFO  impl.PendingRequests (PendingRequests.java:sendNotLeaderResponses(206)) - d20af944-8902-4729-9038-f1b3d5904c1c@group-57A242E0C858-PendingRequests: sendNotLeaderResponses
2019-11-14 17:41:15,500 [ForkJoinPool.commonPool-worker-1] INFO  impl.StateMachineUpdater (StateMachineUpdater.java:stopAndJoin(136)) - d20af944-8902-4729-9038-f1b3d5904c1c@group-57A242E0C858-StateMachineUpdater: set stopIndex = 0
2019-11-14 17:41:15,500 [main] INFO  impl.RaftServerImpl (ServerState.java:close(387)) - b8551fbf-2c11-4c1f-914e-c2dd536d81a3@group-251F74DE240A: closes. applyIndex: 0
2019-11-14 17:41:15,500 [ForkJoinPool.commonPool-worker-1] INFO  impl.RaftServerImpl (ServerState.java:close(387)) - d20af944-8902-4729-9038-f1b3d5904c1c@group-57A242E0C858: closes. applyIndex: 0
2019-11-14 17:41:15,501 [b8551fbf-2c11-4c1f-914e-c2dd536d81a3@group-251F74DE240A-SegmentedRaftLogWorker] INFO  segmented.SegmentedRaftLogWorker (SegmentedRaftLogWorker.java:run(316)) - b8551fbf-2c11-4c1f-914e-c2dd536d81a3@group-251F74DE240A-SegmentedRaftLogWorker was interrupted, exiting. There are 0 tasks remaining in the queue.
2019-11-14 17:41:15,501 [main] INFO  segmented.SegmentedRaftLogWorker (SegmentedRaftLogWorker.java:close(224)) - b8551fbf-2c11-4c1f-914e-c2dd536d81a3@group-251F74DE240A-SegmentedRaftLogWorker close()
2019-11-14 17:41:15,501 [d20af944-8902-4729-9038-f1b3d5904c1c@group-57A242E0C858-SegmentedRaftLogWorker] INFO  segmented.SegmentedRaftLogWorker (SegmentedRaftLogWorker.java:run(316)) - d20af944-8902-4729-9038-f1b3d5904c1c@group-57A242E0C858-SegmentedRaftLogWorker was interrupted, exiting. There are 0 tasks remaining in the queue.
2019-11-14 17:41:15,502 [main] INFO  server.GrpcService (GrpcService.java:closeImpl(164)) - b8551fbf-2c11-4c1f-914e-c2dd536d81a3: shutdown server with port 42907 now
2019-11-14 17:41:15,503 [ForkJoinPool.commonPool-worker-1] INFO  segmented.SegmentedRaftLogWorker (SegmentedRaftLogWorker.java:close(224)) - d20af944-8902-4729-9038-f1b3d5904c1c@group-57A242E0C858-SegmentedRaftLogWorker close()
2019-11-14 17:41:15,504 [ForkJoinPool.commonPool-worker-1] INFO  server.GrpcService (GrpcService.java:closeImpl(164)) - d20af944-8902-4729-9038-f1b3d5904c1c: shutdown server with port 42191 now
2019-11-14 17:41:15,504 [main] INFO  server.GrpcService (GrpcService.java:closeImpl(172)) - b8551fbf-2c11-4c1f-914e-c2dd536d81a3: shutdown server with port 42907 successfully
2019-11-14 17:41:15,504 [ForkJoinPool.commonPool-worker-1] INFO  server.GrpcService (GrpcService.java:closeImpl(172)) - d20af944-8902-4729-9038-f1b3d5904c1c: shutdown server with port 42191 successfully
2019-11-14 17:41:15,509 [refreshUsed-/workdir/hadoop-ozone/integration-test/target/test-dir/MiniOzoneClusterImpl-30cd45ce-4337-4039-bf7d-2128eab36bad/datanode-4/data/containers] WARN  fs.CachingGetSpaceUsed (CachingGetSpaceUsed.java:run(183)) - Thread Interrupted waiting to refresh disk information: sleep interrupted
2019-11-14 17:41:15,509 [refreshUsed-/workdir/hadoop-ozone/integration-test/target/test-dir/MiniOzoneClusterImpl-30cd45ce-4337-4039-bf7d-2128eab36bad/datanode-0/data/containers] WARN  fs.CachingGetSpaceUsed (CachingGetSpaceUsed.java:run(183)) - Thread Interrupted waiting to refresh disk information: sleep interrupted
2019-11-14 17:41:15,533 [main] INFO  utils.BackgroundService (BackgroundService.java:shutdown(151)) - Shutting down service BlockDeletingService
2019-11-14 17:41:15,533 [ForkJoinPool.commonPool-worker-1] INFO  utils.BackgroundService (BackgroundService.java:shutdown(151)) - Shutting down service BlockDeletingService
2019-11-14 17:41:15,535 [main] INFO  statemachine.DatanodeStateMachine (DatanodeStateMachine.java:stopDaemon(395)) - Ozone container server stopped.
2019-11-14 17:41:15,537 [ForkJoinPool.commonPool-worker-1] INFO  statemachine.DatanodeStateMachine (DatanodeStateMachine.java:stopDaemon(395)) - Ozone container server stopped.
2019-11-14 17:41:15,539 [ForkJoinPool.commonPool-worker-1] INFO  handler.ContextHandler (ContextHandler.java:doStop(910)) - Stopped o.e.j.w.WebAppContext@4a92c6a9{/,null,UNAVAILABLE}{/hddsDatanode}
2019-11-14 17:41:15,539 [main] INFO  handler.ContextHandler (ContextHandler.java:doStop(910)) - Stopped o.e.j.w.WebAppContext@2007435e{/,null,UNAVAILABLE}{/hddsDatanode}
2019-11-14 17:41:15,540 [ForkJoinPool.commonPool-worker-1] INFO  server.AbstractConnector (AbstractConnector.java:doStop(318)) - Stopped ServerConnector@5c9934da{HTTP/1.1,[http/1.1]}{0.0.0.0:0}
2019-11-14 17:41:15,540 [main] INFO  server.AbstractConnector (AbstractConnector.java:doStop(318)) - Stopped ServerConnector@da28d03{HTTP/1.1,[http/1.1]}{0.0.0.0:0}
2019-11-14 17:41:15,541 [ForkJoinPool.commonPool-worker-1] INFO  handler.ContextHandler (ContextHandler.java:doStop(910)) - Stopped o.e.j.s.ServletContextHandler@7ec95456{/static,jar:file:/home/user/.m2/repository/org/apache/hadoop/hadoop-hdds-container-service/0.5.0-SNAPSHOT/hadoop-hdds-container-service-0.5.0-SNAPSHOT.jar!/webapps/static,UNAVAILABLE}
2019-11-14 17:41:15,541 [main] INFO  handler.ContextHandler (ContextHandler.java:doStop(910)) - Stopped o.e.j.s.ServletContextHandler@d919544{/static,jar:file:/home/user/.m2/repository/org/apache/hadoop/hadoop-hdds-container-service/0.5.0-SNAPSHOT/hadoop-hdds-container-service-0.5.0-SNAPSHOT.jar!/webapps/static,UNAVAILABLE}
2019-11-14 17:41:15,542 [ForkJoinPool.commonPool-worker-1] INFO  handler.ContextHandler (ContextHandler.java:doStop(910)) - Stopped o.e.j.s.ServletContextHandler@1e1eeedd{/logs,file:///workdir/hadoop-ozone/integration-test/target/log,UNAVAILABLE}
2019-11-14 17:41:15,542 [main] INFO  handler.ContextHandler (ContextHandler.java:doStop(910)) - Stopped o.e.j.s.ServletContextHandler@6361b799{/logs,file:///workdir/hadoop-ozone/integration-test/target/log,UNAVAILABLE}
2019-11-14 17:41:15,544 [main] INFO  ozone.MiniOzoneClusterImpl (MiniOzoneClusterImpl.java:stopSCM(430)) - Stopping the StorageContainerManager
2019-11-14 17:41:15,544 [main] INFO  server.StorageContainerManager (StorageContainerManager.java:stop(804)) - Stopping Replication Manager Service.
2019-11-14 17:41:15,544 [main] INFO  container.ReplicationManager (ReplicationManager.java:stop(203)) - Stopping Replication Monitor Thread.
2019-11-14 17:41:15,544 [main] INFO  server.StorageContainerManager (StorageContainerManager.java:stop(811)) - Stopping Lease Manager of the command watchers
2019-11-14 17:41:15,545 [main] INFO  server.StorageContainerManager (StorageContainerManager.java:stop(818)) - Stopping datanode service RPC server
2019-11-14 17:41:15,545 [main] INFO  server.SCMDatanodeProtocolServer (SCMDatanodeProtocolServer.java:stop(346)) - Stopping the RPC server for DataNodes
2019-11-14 17:41:15,545 [main] INFO  ipc.Server (Server.java:stop(3082)) - Stopping server on 44399
2019-11-14 17:41:15,548 [IPC Server listener on 44399] INFO  ipc.Server (Server.java:run(1185)) - Stopping IPC Server listener on 44399
2019-11-14 17:41:15,548 [IPC Server Responder] INFO  ipc.Server (Server.java:run(1319)) - Stopping IPC Server Responder
2019-11-14 17:41:15,593 [SCM Heartbeat Processing Thread - 0] WARN  node.NodeStateManager (NodeStateManager.java:scheduleNextHealthCheck(646)) - Current Thread is interrupted, shutting down HB processing thread for Node Manager.
2019-11-14 17:41:15,594 [main] INFO  server.StorageContainerManager (StorageContainerManager.java:stop(826)) - Stopping block service RPC server
2019-11-14 17:41:15,594 [main] INFO  server.SCMBlockProtocolServer (SCMBlockProtocolServer.java:stop(155)) - Stopping the RPC server for Block Protocol
2019-11-14 17:41:15,594 [main] INFO  ipc.Server (Server.java:stop(3082)) - Stopping server on 38926
2019-11-14 17:41:15,596 [IPC Server listener on 38926] INFO  ipc.Server (Server.java:run(1185)) - Stopping IPC Server listener on 38926
2019-11-14 17:41:15,596 [main] INFO  server.StorageContainerManager (StorageContainerManager.java:stop(833)) - Stopping the StorageContainerLocationProtocol RPC server
2019-11-14 17:41:15,596 [IPC Server Responder] INFO  ipc.Server (Server.java:run(1319)) - Stopping IPC Server Responder
2019-11-14 17:41:15,596 [main] INFO  server.SCMClientProtocolServer (SCMClientProtocolServer.java:stop(169)) - Stopping the RPC server for Client Protocol
2019-11-14 17:41:15,597 [main] INFO  ipc.Server (Server.java:stop(3082)) - Stopping server on 45322
2019-11-14 17:41:15,599 [IPC Server listener on 45322] INFO  ipc.Server (Server.java:run(1185)) - Stopping IPC Server listener on 45322
2019-11-14 17:41:15,599 [main] INFO  server.StorageContainerManager (StorageContainerManager.java:stop(840)) - Stopping Storage Container Manager HTTP server.
2019-11-14 17:41:15,600 [IPC Server Responder] INFO  ipc.Server (Server.java:run(1319)) - Stopping IPC Server Responder
2019-11-14 17:41:15,602 [main] INFO  handler.ContextHandler (ContextHandler.java:doStop(910)) - Stopped o.e.j.w.WebAppContext@73a8e994{/,null,UNAVAILABLE}{/scm}
2019-11-14 17:41:15,602 [main] INFO  server.AbstractConnector (AbstractConnector.java:doStop(318)) - Stopped ServerConnector@1a1cc163{HTTP/1.1,[http/1.1]}{0.0.0.0:0}
2019-11-14 17:41:15,603 [main] INFO  handler.ContextHandler (ContextHandler.java:doStop(910)) - Stopped o.e.j.s.ServletContextHandler@24a2e565{/static,file:///workdir/hadoop-ozone/integration-test/target/test-classes/webapps/static,UNAVAILABLE}
2019-11-14 17:41:15,603 [main] INFO  handler.ContextHandler (ContextHandler.java:doStop(910)) - Stopped o.e.j.s.ServletContextHandler@7c1447b5{/logs,file:///workdir/hadoop-ozone/integration-test/target/log,UNAVAILABLE}
2019-11-14 17:41:15,604 [main] INFO  server.StorageContainerManager (StorageContainerManager.java:stop(851)) - Stopping Block Manager Service.
2019-11-14 17:41:15,604 [main] INFO  utils.BackgroundService (BackgroundService.java:shutdown(151)) - Shutting down service SCMBlockDeletingService
2019-11-14 17:41:15,605 [main] INFO  utils.BackgroundService (BackgroundService.java:shutdown(151)) - Shutting down service SCMBlockDeletingService
2019-11-14 17:41:15,605 [main] INFO  server.StorageContainerManager (StorageContainerManager.java:stop(873)) - Stopping SCM Event Queue.
2019-11-14 17:41:15,612 [main] INFO  impl.MetricsSystemImpl (MetricsSystemImpl.java:stop(210)) - Stopping HddsDatanode metrics system...
2019-11-14 17:41:15,624 [main] INFO  impl.MetricsSystemImpl (MetricsSystemImpl.java:stop(216)) - HddsDatanode metrics system stopped.
]]></system-out>
    <system-err><![CDATA[Nov 14, 2019 5:41:05 PM org.apache.ratis.thirdparty.io.grpc.internal.SerializingExecutor run
SEVERE: Exception while executing runnable org.apache.ratis.thirdparty.io.grpc.internal.ServerImpl$JumpToApplicationThreadServerStreamListener$1Closed@13609fb8
org.apache.ratis.thirdparty.io.grpc.StatusRuntimeException: CANCELLED: call already cancelled
	at org.apache.ratis.thirdparty.io.grpc.Status.asRuntimeException(Status.java:517)
	at org.apache.ratis.thirdparty.io.grpc.stub.ServerCalls$ServerCallStreamObserverImpl.onCompleted(ServerCalls.java:356)
	at org.apache.ratis.grpc.server.GrpcServerProtocolService$ServerRequestStreamObserver.onError(GrpcServerProtocolService.java:121)
	at org.apache.ratis.thirdparty.io.grpc.stub.ServerCalls$StreamingServerCallHandler$StreamingServerCallListener.onCancel(ServerCalls.java:269)
	at org.apache.ratis.thirdparty.io.grpc.internal.ServerCallImpl$ServerStreamListenerImpl.closed(ServerCallImpl.java:293)
	at org.apache.ratis.thirdparty.io.grpc.internal.ServerImpl$JumpToApplicationThreadServerStreamListener$1Closed.runInContext(ServerImpl.java:741)
	at org.apache.ratis.thirdparty.io.grpc.internal.ContextRunnable.run(ContextRunnable.java:37)
	at org.apache.ratis.thirdparty.io.grpc.internal.SerializingExecutor.run(SerializingExecutor.java:123)
	at java.util.concurrent.ThreadPoolExecutor.runWorker(ThreadPoolExecutor.java:1149)
	at java.util.concurrent.ThreadPoolExecutor$Worker.run(ThreadPoolExecutor.java:624)
	at java.lang.Thread.run(Thread.java:748)

Nov 14, 2019 5:41:05 PM org.apache.ratis.thirdparty.io.grpc.internal.SerializingExecutor run
SEVERE: Exception while executing runnable org.apache.ratis.thirdparty.io.grpc.internal.ServerImpl$JumpToApplicationThreadServerStreamListener$1Closed@4d940cd9
org.apache.ratis.thirdparty.io.grpc.StatusRuntimeException: CANCELLED: call already cancelled
	at org.apache.ratis.thirdparty.io.grpc.Status.asRuntimeException(Status.java:517)
	at org.apache.ratis.thirdparty.io.grpc.stub.ServerCalls$ServerCallStreamObserverImpl.onCompleted(ServerCalls.java:356)
	at org.apache.ratis.grpc.server.GrpcServerProtocolService$ServerRequestStreamObserver.onError(GrpcServerProtocolService.java:121)
	at org.apache.ratis.thirdparty.io.grpc.stub.ServerCalls$StreamingServerCallHandler$StreamingServerCallListener.onCancel(ServerCalls.java:269)
	at org.apache.ratis.thirdparty.io.grpc.internal.ServerCallImpl$ServerStreamListenerImpl.closed(ServerCallImpl.java:293)
	at org.apache.ratis.thirdparty.io.grpc.internal.ServerImpl$JumpToApplicationThreadServerStreamListener$1Closed.runInContext(ServerImpl.java:741)
	at org.apache.ratis.thirdparty.io.grpc.internal.ContextRunnable.run(ContextRunnable.java:37)
	at org.apache.ratis.thirdparty.io.grpc.internal.SerializingExecutor.run(SerializingExecutor.java:123)
	at java.util.concurrent.ThreadPoolExecutor.runWorker(ThreadPoolExecutor.java:1149)
	at java.util.concurrent.ThreadPoolExecutor$Worker.run(ThreadPoolExecutor.java:624)
	at java.lang.Thread.run(Thread.java:748)

Nov 14, 2019 5:41:10 PM org.apache.ratis.thirdparty.io.grpc.internal.SerializingExecutor run
SEVERE: Exception while executing runnable org.apache.ratis.thirdparty.io.grpc.internal.ServerImpl$JumpToApplicationThreadServerStreamListener$1Closed@3dc38eea
org.apache.ratis.thirdparty.io.grpc.StatusRuntimeException: CANCELLED: call already cancelled
	at org.apache.ratis.thirdparty.io.grpc.Status.asRuntimeException(Status.java:517)
	at org.apache.ratis.thirdparty.io.grpc.stub.ServerCalls$ServerCallStreamObserverImpl.onCompleted(ServerCalls.java:356)
	at org.apache.ratis.grpc.server.GrpcServerProtocolService$ServerRequestStreamObserver.onError(GrpcServerProtocolService.java:121)
	at org.apache.ratis.thirdparty.io.grpc.stub.ServerCalls$StreamingServerCallHandler$StreamingServerCallListener.onCancel(ServerCalls.java:269)
	at org.apache.ratis.thirdparty.io.grpc.internal.ServerCallImpl$ServerStreamListenerImpl.closed(ServerCallImpl.java:293)
	at org.apache.ratis.thirdparty.io.grpc.internal.ServerImpl$JumpToApplicationThreadServerStreamListener$1Closed.runInContext(ServerImpl.java:741)
	at org.apache.ratis.thirdparty.io.grpc.internal.ContextRunnable.run(ContextRunnable.java:37)
	at org.apache.ratis.thirdparty.io.grpc.internal.SerializingExecutor.run(SerializingExecutor.java:123)
	at java.util.concurrent.ThreadPoolExecutor.runWorker(ThreadPoolExecutor.java:1149)
	at java.util.concurrent.ThreadPoolExecutor$Worker.run(ThreadPoolExecutor.java:624)
	at java.lang.Thread.run(Thread.java:748)

Nov 14, 2019 5:41:10 PM org.apache.ratis.thirdparty.io.grpc.internal.SerializingExecutor run
SEVERE: Exception while executing runnable org.apache.ratis.thirdparty.io.grpc.internal.ServerImpl$JumpToApplicationThreadServerStreamListener$1Closed@29b4d808
org.apache.ratis.thirdparty.io.grpc.StatusRuntimeException: CANCELLED: call already cancelled
	at org.apache.ratis.thirdparty.io.grpc.Status.asRuntimeException(Status.java:517)
	at org.apache.ratis.thirdparty.io.grpc.stub.ServerCalls$ServerCallStreamObserverImpl.onCompleted(ServerCalls.java:356)
	at org.apache.ratis.grpc.server.GrpcServerProtocolService$ServerRequestStreamObserver.onError(GrpcServerProtocolService.java:121)
	at org.apache.ratis.thirdparty.io.grpc.stub.ServerCalls$StreamingServerCallHandler$StreamingServerCallListener.onCancel(ServerCalls.java:269)
	at org.apache.ratis.thirdparty.io.grpc.internal.ServerCallImpl$ServerStreamListenerImpl.closed(ServerCallImpl.java:293)
	at org.apache.ratis.thirdparty.io.grpc.internal.ServerImpl$JumpToApplicationThreadServerStreamListener$1Closed.runInContext(ServerImpl.java:741)
	at org.apache.ratis.thirdparty.io.grpc.internal.ContextRunnable.run(ContextRunnable.java:37)
	at org.apache.ratis.thirdparty.io.grpc.internal.SerializingExecutor.run(SerializingExecutor.java:123)
	at java.util.concurrent.ThreadPoolExecutor.runWorker(ThreadPoolExecutor.java:1149)
	at java.util.concurrent.ThreadPoolExecutor$Worker.run(ThreadPoolExecutor.java:624)
	at java.lang.Thread.run(Thread.java:748)

]]></system-err>
  </testcase>
</testsuite>