<?xml version="1.0" encoding="UTF-8"?>
<testsuite xmlns:xsi="http://www.w3.org/2001/XMLSchema-instance" xsi:noNamespaceSchemaLocation="https://maven.apache.org/surefire/maven-surefire-plugin/xsd/surefire-test-report.xsd" name="org.apache.hadoop.ozone.client.rpc.TestFailureHandlingByClient" time="276.217" tests="5" errors="1" skipped="0" failures="0">
  <properties>
    <property name="awt.toolkit" value="sun.awt.X11.XToolkit"/>
    <property name="file.encoding.pkg" value="sun.io"/>
    <property name="java.specification.version" value="1.8"/>
    <property name="sun.cpu.isalist" value=""/>
    <property name="sun.jnu.encoding" value="ANSI_X3.4-1968"/>
    <property name="java.class.path" value="/workdir/hadoop-ozone/integration-test/target/test-classes:/workdir/hadoop-ozone/integration-test/target/classes:/home/user/.m2/repository/org/apache/hadoop/hadoop-ozone-common/0.5.0-SNAPSHOT/hadoop-ozone-common-0.5.0-SNAPSHOT.jar:/home/user/.m2/repository/org/apache/commons/commons-compress/1.4.1/commons-compress-1.4.1.jar:/home/user/.m2/repository/org/tukaani/xz/1.0/xz-1.0.jar:/home/user/.m2/repository/org/apache/hadoop/hadoop-common/3.2.0/hadoop-common-3.2.0.jar:/home/user/.m2/repository/org/apache/hadoop/hadoop-hdfs/3.2.0/hadoop-hdfs-3.2.0.jar:/home/user/.m2/repository/org/apache/hadoop/hadoop-hdfs-client/3.2.0/hadoop-hdfs-client-3.2.0.jar:/home/user/.m2/repository/com/fasterxml/jackson/core/jackson-annotations/2.9.9/jackson-annotations-2.9.9.jar:/home/user/.m2/repository/org/apache/hadoop/hadoop-hdds-common/0.5.0-SNAPSHOT/hadoop-hdds-common-0.5.0-SNAPSHOT.jar:/home/user/.m2/repository/javax/annotation/javax.annotation-api/1.2/javax.annotation-api-1.2.jar:/home/user/.m2/repository/org/apache/ratis/ratis-server/0.5.0-d6d58d0-SNAPSHOT/ratis-server-0.5.0-d6d58d0-SNAPSHOT.jar:/home/user/.m2/repository/org/apache/ratis/ratis-thirdparty-misc/0.2.0/ratis-thirdparty-misc-0.2.0.jar:/home/user/.m2/repository/org/apache/ratis/ratis-proto/0.5.0-d6d58d0-SNAPSHOT/ratis-proto-0.5.0-d6d58d0-SNAPSHOT.jar:/home/user/.m2/repository/org/apache/ratis/ratis-common/0.5.0-d6d58d0-SNAPSHOT/ratis-common-0.5.0-d6d58d0-SNAPSHOT.jar:/home/user/.m2/repository/org/apache/ratis/ratis-client/0.5.0-d6d58d0-SNAPSHOT/ratis-client-0.5.0-d6d58d0-SNAPSHOT.jar:/home/user/.m2/repository/org/apache/ratis/ratis-metrics/0.5.0-d6d58d0-SNAPSHOT/ratis-metrics-0.5.0-d6d58d0-SNAPSHOT.jar:/home/user/.m2/repository/org/apache/ratis/ratis-netty/0.5.0-d6d58d0-SNAPSHOT/ratis-netty-0.5.0-d6d58d0-SNAPSHOT.jar:/home/user/.m2/repository/org/apache/ratis/ratis-grpc/0.5.0-d6d58d0-SNAPSHOT/ratis-grpc-0.5.0-d6d58d0-SNAPSHOT.jar:/home/user/.m2/repository/org/rocksdb/rocksdbjni/6.0.1/rocksdbjni-6.0.1.jar:/home/user/.m2/repository/org/apache/logging/log4j/log4j-api/2.11.0/log4j-api-2.11.0.jar:/home/user/.m2/repository/org/apache/logging/log4j/log4j-core/2.11.0/log4j-core-2.11.0.jar:/home/user/.m2/repository/com/lmax/disruptor/3.4.2/disruptor-3.4.2.jar:/home/user/.m2/repository/org/apache/commons/commons-pool2/2.6.0/commons-pool2-2.6.0.jar:/home/user/.m2/repository/org/bouncycastle/bcpkix-jdk15on/1.60/bcpkix-jdk15on-1.60.jar:/home/user/.m2/repository/commons-validator/commons-validator/1.6/commons-validator-1.6.jar:/home/user/.m2/repository/commons-digester/commons-digester/1.8.1/commons-digester-1.8.1.jar:/home/user/.m2/repository/io/jaegertracing/jaeger-client/0.34.0/jaeger-client-0.34.0.jar:/home/user/.m2/repository/io/jaegertracing/jaeger-thrift/0.34.0/jaeger-thrift-0.34.0.jar:/home/user/.m2/repository/org/apache/thrift/libthrift/0.12.0/libthrift-0.12.0.jar:/home/user/.m2/repository/com/squareup/okhttp3/okhttp/3.9.0/okhttp-3.9.0.jar:/home/user/.m2/repository/com/squareup/okio/okio/1.13.0/okio-1.13.0.jar:/home/user/.m2/repository/io/jaegertracing/jaeger-core/0.34.0/jaeger-core-0.34.0.jar:/home/user/.m2/repository/io/jaegertracing/jaeger-tracerresolver/0.34.0/jaeger-tracerresolver-0.34.0.jar:/home/user/.m2/repository/io/opentracing/contrib/opentracing-tracerresolver/0.1.5/opentracing-tracerresolver-0.1.5.jar:/home/user/.m2/repository/io/opentracing/opentracing-util/0.31.0/opentracing-util-0.31.0.jar:/home/user/.m2/repository/io/opentracing/opentracing-api/0.31.0/opentracing-api-0.31.0.jar:/home/user/.m2/repository/io/opentracing/opentracing-noop/0.31.0/opentracing-noop-0.31.0.jar:/home/user/.m2/repository/org/apache/hadoop/hadoop-hdds-server-framework/0.5.0-SNAPSHOT/hadoop-hdds-server-framework-0.5.0-SNAPSHOT.jar:/home/user/.m2/repository/org/apache/hadoop/hadoop-hdds-container-service/0.5.0-SNAPSHOT/hadoop-hdds-container-service-0.5.0-SNAPSHOT.jar:/home/user/.m2/repository/org/apache/hadoop/hadoop-hdds-client/0.5.0-SNAPSHOT/hadoop-hdds-client-0.5.0-SNAPSHOT.jar:/home/user/.m2/repository/org/apache/hadoop/hadoop-hdds-tools/0.5.0-SNAPSHOT/hadoop-hdds-tools-0.5.0-SNAPSHOT.jar:/home/user/.m2/repository/org/apache/hadoop/hadoop-hdds-server-scm/0.5.0-SNAPSHOT/hadoop-hdds-server-scm-0.5.0-SNAPSHOT.jar:/home/user/.m2/repository/org/apache/hadoop/hadoop-hdds-docs/0.5.0-SNAPSHOT/hadoop-hdds-docs-0.5.0-SNAPSHOT.jar:/home/user/.m2/repository/io/dropwizard/metrics/metrics-core/3.2.4/metrics-core-3.2.4.jar:/home/user/.m2/repository/org/hamcrest/hamcrest-all/1.3/hamcrest-all-1.3.jar:/home/user/.m2/repository/org/bouncycastle/bcprov-jdk15on/1.60/bcprov-jdk15on-1.60.jar:/home/user/.m2/repository/info/picocli/picocli/3.9.6/picocli-3.9.6.jar:/home/user/.m2/repository/com/google/protobuf/protobuf-java/2.5.0/protobuf-java-2.5.0.jar:/home/user/.m2/repository/com/google/guava/guava/11.0.2/guava-11.0.2.jar:/home/user/.m2/repository/org/apache/hadoop/hadoop-ozone-ozone-manager/0.5.0-SNAPSHOT/hadoop-ozone-ozone-manager-0.5.0-SNAPSHOT.jar:/home/user/.m2/repository/org/apache/hadoop/hadoop-minikdc/3.2.0/hadoop-minikdc-3.2.0.jar:/home/user/.m2/repository/commons-io/commons-io/2.5/commons-io-2.5.jar:/home/user/.m2/repository/org/apache/kerby/kerb-simplekdc/1.0.1/kerb-simplekdc-1.0.1.jar:/home/user/.m2/repository/org/apache/kerby/kerb-client/1.0.1/kerb-client-1.0.1.jar:/home/user/.m2/repository/org/apache/kerby/kerby-config/1.0.1/kerby-config-1.0.1.jar:/home/user/.m2/repository/org/apache/kerby/kerb-core/1.0.1/kerb-core-1.0.1.jar:/home/user/.m2/repository/org/apache/kerby/kerby-pkix/1.0.1/kerby-pkix-1.0.1.jar:/home/user/.m2/repository/org/apache/kerby/kerby-asn1/1.0.1/kerby-asn1-1.0.1.jar:/home/user/.m2/repository/org/apache/kerby/kerby-util/1.0.1/kerby-util-1.0.1.jar:/home/user/.m2/repository/org/apache/kerby/kerb-common/1.0.1/kerb-common-1.0.1.jar:/home/user/.m2/repository/org/apache/kerby/kerb-crypto/1.0.1/kerb-crypto-1.0.1.jar:/home/user/.m2/repository/org/apache/kerby/kerb-util/1.0.1/kerb-util-1.0.1.jar:/home/user/.m2/repository/org/apache/kerby/token-provider/1.0.1/token-provider-1.0.1.jar:/home/user/.m2/repository/org/apache/kerby/kerb-admin/1.0.1/kerb-admin-1.0.1.jar:/home/user/.m2/repository/org/apache/kerby/kerb-server/1.0.1/kerb-server-1.0.1.jar:/home/user/.m2/repository/org/apache/kerby/kerb-identity/1.0.1/kerb-identity-1.0.1.jar:/home/user/.m2/repository/org/apache/kerby/kerby-xdr/1.0.1/kerby-xdr-1.0.1.jar:/home/user/.m2/repository/org/slf4j/slf4j-log4j12/1.7.25/slf4j-log4j12-1.7.25.jar:/home/user/.m2/repository/org/apache/hadoop/hadoop-ozone-s3gateway/0.5.0-SNAPSHOT/hadoop-ozone-s3gateway-0.5.0-SNAPSHOT.jar:/home/user/.m2/repository/org/jboss/weld/servlet/weld-servlet/2.4.7.Final/weld-servlet-2.4.7.Final.jar:/home/user/.m2/repository/org/glassfish/jersey/containers/jersey-container-servlet-core/2.27/jersey-container-servlet-core-2.27.jar:/home/user/.m2/repository/org/glassfish/hk2/external/javax.inject/2.5.0-b42/javax.inject-2.5.0-b42.jar:/home/user/.m2/repository/org/glassfish/jersey/core/jersey-common/2.27/jersey-common-2.27.jar:/home/user/.m2/repository/org/glassfish/hk2/osgi-resource-locator/1.0.1/osgi-resource-locator-1.0.1.jar:/home/user/.m2/repository/javax/ws/rs/javax.ws.rs-api/2.1/javax.ws.rs-api-2.1.jar:/home/user/.m2/repository/org/glassfish/jersey/ext/cdi/jersey-cdi1x/2.27/jersey-cdi1x-2.27.jar:/home/user/.m2/repository/org/glassfish/jersey/inject/jersey-hk2/2.27/jersey-hk2-2.27.jar:/home/user/.m2/repository/org/glassfish/hk2/hk2-locator/2.5.0-b42/hk2-locator-2.5.0-b42.jar:/home/user/.m2/repository/org/javassist/javassist/3.22.0-CR2/javassist-3.22.0-CR2.jar:/home/user/.m2/repository/org/glassfish/hk2/hk2-api/2.5.0/hk2-api-2.5.0.jar:/home/user/.m2/repository/org/glassfish/hk2/external/jakarta.inject/2.5.0/jakarta.inject-2.5.0.jar:/home/user/.m2/repository/org/glassfish/hk2/hk2-utils/2.5.0/hk2-utils-2.5.0.jar:/home/user/.m2/repository/jakarta/annotation/jakarta.annotation-api/1.3.4/jakarta.annotation-api-1.3.4.jar:/home/user/.m2/repository/org/glassfish/hk2/external/aopalliance-repackaged/2.5.0/aopalliance-repackaged-2.5.0.jar:/home/user/.m2/repository/com/fasterxml/jackson/dataformat/jackson-dataformat-xml/2.9.0/jackson-dataformat-xml-2.9.0.jar:/home/user/.m2/repository/com/fasterxml/jackson/core/jackson-core/2.9.9/jackson-core-2.9.9.jar:/home/user/.m2/repository/com/fasterxml/jackson/module/jackson-module-jaxb-annotations/2.9.9/jackson-module-jaxb-annotations-2.9.9.jar:/home/user/.m2/repository/javax/enterprise/cdi-api/1.2/cdi-api-1.2.jar:/home/user/.m2/repository/javax/el/javax.el-api/3.0.0/javax.el-api-3.0.0.jar:/home/user/.m2/repository/javax/interceptor/javax.interceptor-api/1.2/javax.interceptor-api-1.2.jar:/home/user/.m2/repository/javax/inject/javax.inject/1/javax.inject-1.jar:/home/user/.m2/repository/com/sun/xml/bind/jaxb-impl/2.3.0.1/jaxb-impl-2.3.0.1.jar:/home/user/.m2/repository/com/sun/xml/bind/jaxb-core/2.3.0.1/jaxb-core-2.3.0.1.jar:/home/user/.m2/repository/javax/xml/bind/jaxb-api/2.3.0/jaxb-api-2.3.0.jar:/home/user/.m2/repository/javax/activation/activation/1.1.1/activation-1.1.1.jar:/home/user/.m2/repository/org/apache/hadoop/hadoop-ozone-csi/0.5.0-SNAPSHOT/hadoop-ozone-csi-0.5.0-SNAPSHOT.jar:/home/user/.m2/repository/com/google/protobuf/protobuf-java-util/3.5.1/protobuf-java-util-3.5.1.jar:/home/user/.m2/repository/org/apache/hadoop/hadoop-hdds-config/0.5.0-SNAPSHOT/hadoop-hdds-config-0.5.0-SNAPSHOT.jar:/home/user/.m2/repository/io/grpc/grpc-netty/1.17.1/grpc-netty-1.17.1.jar:/home/user/.m2/repository/io/grpc/grpc-core/1.17.1/grpc-core-1.17.1.jar:/home/user/.m2/repository/io/grpc/grpc-context/1.17.1/grpc-context-1.17.1.jar:/home/user/.m2/repository/com/google/errorprone/error_prone_annotations/2.2.0/error_prone_annotations-2.2.0.jar:/home/user/.m2/repository/org/codehaus/mojo/animal-sniffer-annotations/1.17/animal-sniffer-annotations-1.17.jar:/home/user/.m2/repository/io/opencensus/opencensus-api/0.17.0/opencensus-api-0.17.0.jar:/home/user/.m2/repository/io/opencensus/opencensus-contrib-grpc-metrics/0.17.0/opencensus-contrib-grpc-metrics-0.17.0.jar:/home/user/.m2/repository/io/netty/netty-codec-http2/4.1.30.Final/netty-codec-http2-4.1.30.Final.jar:/home/user/.m2/repository/io/netty/netty-codec-http/4.1.30.Final/netty-codec-http-4.1.30.Final.jar:/home/user/.m2/repository/io/netty/netty-codec/4.1.30.Final/netty-codec-4.1.30.Final.jar:/home/user/.m2/repository/io/netty/netty-handler/4.1.30.Final/netty-handler-4.1.30.Final.jar:/home/user/.m2/repository/io/netty/netty-handler-proxy/4.1.30.Final/netty-handler-proxy-4.1.30.Final.jar:/home/user/.m2/repository/io/netty/netty-codec-socks/4.1.30.Final/netty-codec-socks-4.1.30.Final.jar:/home/user/.m2/repository/io/netty/netty-transport-native-epoll/4.1.30.Final/netty-transport-native-epoll-4.1.30.Final.jar:/home/user/.m2/repository/io/netty/netty-common/4.1.30.Final/netty-common-4.1.30.Final.jar:/home/user/.m2/repository/io/netty/netty-buffer/4.1.30.Final/netty-buffer-4.1.30.Final.jar:/home/user/.m2/repository/io/netty/netty-transport/4.1.30.Final/netty-transport-4.1.30.Final.jar:/home/user/.m2/repository/io/netty/netty-resolver/4.1.30.Final/netty-resolver-4.1.30.Final.jar:/home/user/.m2/repository/io/netty/netty-transport-native-unix-common/4.1.30.Final/netty-transport-native-unix-common-4.1.30.Final.jar:/home/user/.m2/repository/io/grpc/grpc-protobuf/1.17.1/grpc-protobuf-1.17.1.jar:/home/user/.m2/repository/com/google/api/grpc/proto-google-common-protos/1.0.0/proto-google-common-protos-1.0.0.jar:/home/user/.m2/repository/io/grpc/grpc-protobuf-lite/1.17.1/grpc-protobuf-lite-1.17.1.jar:/home/user/.m2/repository/io/grpc/grpc-stub/1.17.1/grpc-stub-1.17.1.jar:/home/user/.m2/repository/org/apache/hadoop/hadoop-ozone-recon/0.5.0-SNAPSHOT/hadoop-ozone-recon-0.5.0-SNAPSHOT.jar:/home/user/.m2/repository/org/apache/hadoop/hadoop-ozone-reconcodegen/0.5.0-SNAPSHOT/hadoop-ozone-reconcodegen-0.5.0-SNAPSHOT.jar:/home/user/.m2/repository/com/google/inject/extensions/guice-multibindings/4.0/guice-multibindings-4.0.jar:/home/user/.m2/repository/com/google/inject/guice/4.0/guice-4.0.jar:/home/user/.m2/repository/aopalliance/aopalliance/1.0/aopalliance-1.0.jar:/home/user/.m2/repository/com/google/inject/extensions/guice-servlet/4.0/guice-servlet-4.0.jar:/home/user/.m2/repository/org/glassfish/jersey/containers/jersey-container-servlet/2.27/jersey-container-servlet-2.27.jar:/home/user/.m2/repository/org/glassfish/hk2/guice-bridge/2.5.0/guice-bridge-2.5.0.jar:/home/user/.m2/repository/org/glassfish/jersey/core/jersey-server/2.27/jersey-server-2.27.jar:/home/user/.m2/repository/org/glassfish/jersey/core/jersey-client/2.27/jersey-client-2.27.jar:/home/user/.m2/repository/org/glassfish/jersey/media/jersey-media-jaxb/2.27/jersey-media-jaxb-2.27.jar:/home/user/.m2/repository/javax/validation/validation-api/1.1.0.Final/validation-api-1.1.0.Final.jar:/home/user/.m2/repository/org/glassfish/jersey/media/jersey-media-json-jackson/2.27/jersey-media-json-jackson-2.27.jar:/home/user/.m2/repository/org/glassfish/jersey/ext/jersey-entity-filtering/2.27/jersey-entity-filtering-2.27.jar:/home/user/.m2/repository/com/google/inject/extensions/guice-assistedinject/4.0/guice-assistedinject-4.0.jar:/home/user/.m2/repository/org/jooq/jooq/3.11.10/jooq-3.11.10.jar:/home/user/.m2/repository/org/jooq/jooq-meta/3.11.10/jooq-meta-3.11.10.jar:/home/user/.m2/repository/org/jooq/jooq-codegen/3.11.10/jooq-codegen-3.11.10.jar:/home/user/.m2/repository/com/jolbox/bonecp/0.8.0.RELEASE/bonecp-0.8.0.RELEASE.jar:/home/user/.m2/repository/org/xerial/sqlite-jdbc/3.25.2/sqlite-jdbc-3.25.2.jar:/home/user/.m2/repository/org/springframework/spring-jdbc/5.1.3.RELEASE/spring-jdbc-5.1.3.RELEASE.jar:/home/user/.m2/repository/org/springframework/spring-beans/5.1.3.RELEASE/spring-beans-5.1.3.RELEASE.jar:/home/user/.m2/repository/org/springframework/spring-core/5.1.3.RELEASE/spring-core-5.1.3.RELEASE.jar:/home/user/.m2/repository/org/springframework/spring-jcl/5.1.3.RELEASE/spring-jcl-5.1.3.RELEASE.jar:/home/user/.m2/repository/org/springframework/spring-tx/5.1.3.RELEASE/spring-tx-5.1.3.RELEASE.jar:/home/user/.m2/repository/org/apache/hadoop/hadoop-ozone-client/0.5.0-SNAPSHOT/hadoop-ozone-client-0.5.0-SNAPSHOT.jar:/home/user/.m2/repository/commons-lang/commons-lang/2.6/commons-lang-2.6.jar:/home/user/.m2/repository/org/apache/hadoop/hadoop-ozone-ozone-manager/0.5.0-SNAPSHOT/hadoop-ozone-ozone-manager-0.5.0-SNAPSHOT-tests.jar:/home/user/.m2/repository/junit/junit/4.11/junit-4.11.jar:/home/user/.m2/repository/org/hamcrest/hamcrest-core/1.3/hamcrest-core-1.3.jar:/home/user/.m2/repository/org/openjdk/jmh/jmh-core/1.19/jmh-core-1.19.jar:/home/user/.m2/repository/net/sf/jopt-simple/jopt-simple/4.6/jopt-simple-4.6.jar:/home/user/.m2/repository/org/apache/commons/commons-math3/3.1.1/commons-math3-3.1.1.jar:/home/user/.m2/repository/org/openjdk/jmh/jmh-generator-annprocess/1.19/jmh-generator-annprocess-1.19.jar:/home/user/.m2/repository/org/mockito/mockito-all/1.8.5/mockito-all-1.8.5.jar:/home/user/.m2/repository/org/apache/hadoop/hadoop-kms/3.2.0/hadoop-kms-3.2.0.jar:/home/user/.m2/repository/org/apache/hadoop/hadoop-auth/3.2.0/hadoop-auth-3.2.0.jar:/home/user/.m2/repository/com/nimbusds/nimbus-jose-jwt/4.41.1/nimbus-jose-jwt-4.41.1.jar:/home/user/.m2/repository/com/github/stephenc/jcip/jcip-annotations/1.0-1/jcip-annotations-1.0-1.jar:/home/user/.m2/repository/net/minidev/json-smart/2.3/json-smart-2.3.jar:/home/user/.m2/repository/net/minidev/accessors-smart/1.2/accessors-smart-1.2.jar:/home/user/.m2/repository/org/ow2/asm/asm/5.0.4/asm-5.0.4.jar:/home/user/.m2/repository/org/apache/curator/curator-framework/2.12.0/curator-framework-2.12.0.jar:/home/user/.m2/repository/com/sun/jersey/jersey-core/1.19/jersey-core-1.19.jar:/home/user/.m2/repository/javax/ws/rs/jsr311-api/1.1.1/jsr311-api-1.1.1.jar:/home/user/.m2/repository/com/sun/jersey/jersey-server/1.19/jersey-server-1.19.jar:/home/user/.m2/repository/javax/servlet/javax.servlet-api/3.1.0/javax.servlet-api-3.1.0.jar:/home/user/.m2/repository/org/eclipse/jetty/jetty-server/9.3.25.v20180904/jetty-server-9.3.25.v20180904.jar:/home/user/.m2/repository/org/eclipse/jetty/jetty-http/9.3.25.v20180904/jetty-http-9.3.25.v20180904.jar:/home/user/.m2/repository/org/eclipse/jetty/jetty-io/9.3.25.v20180904/jetty-io-9.3.25.v20180904.jar:/home/user/.m2/repository/org/eclipse/jetty/jetty-webapp/9.3.25.v20180904/jetty-webapp-9.3.25.v20180904.jar:/home/user/.m2/repository/org/eclipse/jetty/jetty-xml/9.3.25.v20180904/jetty-xml-9.3.25.v20180904.jar:/home/user/.m2/repository/log4j/log4j/1.2.17/log4j-1.2.17.jar:/home/user/.m2/repository/org/slf4j/slf4j-api/1.7.25/slf4j-api-1.7.25.jar:/home/user/.m2/repository/org/slf4j/jul-to-slf4j/1.7.25/jul-to-slf4j-1.7.25.jar:/home/user/.m2/repository/org/eclipse/jetty/jetty-util/9.3.25.v20180904/jetty-util-9.3.25.v20180904.jar:/home/user/.m2/repository/com/fasterxml/jackson/core/jackson-databind/2.9.9/jackson-databind-2.9.9.jar:/home/user/.m2/repository/org/apache/hadoop/hadoop-kms/3.2.0/hadoop-kms-3.2.0-tests.jar:/home/user/.m2/repository/org/apache/hadoop/hadoop-hdds-server-scm/0.5.0-SNAPSHOT/hadoop-hdds-server-scm-0.5.0-SNAPSHOT-tests.jar:/home/user/.m2/repository/org/apache/hadoop/hadoop-hdds-container-service/0.5.0-SNAPSHOT/hadoop-hdds-container-service-0.5.0-SNAPSHOT-tests.jar:/home/user/.m2/repository/org/yaml/snakeyaml/1.16/snakeyaml-1.16.jar:/home/user/.m2/repository/org/apache/hadoop/hadoop-common/3.2.0/hadoop-common-3.2.0-tests.jar:/home/user/.m2/repository/org/apache/hadoop/hadoop-annotations/3.2.0/hadoop-annotations-3.2.0.jar:/usr/lib/jvm/java-1.8.0-openjdk-1.8.0.222.b10-1.el7_7.x86_64/jre/../lib/tools.jar:/home/user/.m2/repository/commons-cli/commons-cli/1.2/commons-cli-1.2.jar:/home/user/.m2/repository/org/apache/httpcomponents/httpclient/4.5.2/httpclient-4.5.2.jar:/home/user/.m2/repository/org/apache/httpcomponents/httpcore/4.4.4/httpcore-4.4.4.jar:/home/user/.m2/repository/commons-codec/commons-codec/1.11/commons-codec-1.11.jar:/home/user/.m2/repository/commons-net/commons-net/3.6/commons-net-3.6.jar:/home/user/.m2/repository/commons-collections/commons-collections/3.2.2/commons-collections-3.2.2.jar:/home/user/.m2/repository/org/eclipse/jetty/jetty-servlet/9.3.25.v20180904/jetty-servlet-9.3.25.v20180904.jar:/home/user/.m2/repository/org/eclipse/jetty/jetty-security/9.3.25.v20180904/jetty-security-9.3.25.v20180904.jar:/home/user/.m2/repository/javax/servlet/jsp/jsp-api/2.1/jsp-api-2.1.jar:/home/user/.m2/repository/com/sun/jersey/jersey-servlet/1.19/jersey-servlet-1.19.jar:/home/user/.m2/repository/com/sun/jersey/jersey-json/1.19/jersey-json-1.19.jar:/home/user/.m2/repository/org/codehaus/jettison/jettison/1.1/jettison-1.1.jar:/home/user/.m2/repository/org/codehaus/jackson/jackson-core-asl/1.9.13/jackson-core-asl-1.9.13.jar:/home/user/.m2/repository/org/codehaus/jackson/jackson-mapper-asl/1.9.13/jackson-mapper-asl-1.9.13.jar:/home/user/.m2/repository/org/codehaus/jackson/jackson-jaxrs/1.9.13/jackson-jaxrs-1.9.13.jar:/home/user/.m2/repository/org/codehaus/jackson/jackson-xc/1.9.13/jackson-xc-1.9.13.jar:/home/user/.m2/repository/commons-logging/commons-logging/1.1.3/commons-logging-1.1.3.jar:/home/user/.m2/repository/commons-beanutils/commons-beanutils/1.9.4/commons-beanutils-1.9.4.jar:/home/user/.m2/repository/org/apache/commons/commons-configuration2/2.1.1/commons-configuration2-2.1.1.jar:/home/user/.m2/repository/org/apache/commons/commons-lang3/3.7/commons-lang3-3.7.jar:/home/user/.m2/repository/org/apache/commons/commons-text/1.4/commons-text-1.4.jar:/home/user/.m2/repository/org/apache/avro/avro/1.7.7/avro-1.7.7.jar:/home/user/.m2/repository/com/thoughtworks/paranamer/paranamer/2.3/paranamer-2.3.jar:/home/user/.m2/repository/org/xerial/snappy/snappy-java/1.0.5/snappy-java-1.0.5.jar:/home/user/.m2/repository/com/google/re2j/re2j/1.1/re2j-1.1.jar:/home/user/.m2/repository/com/google/code/gson/gson/2.2.4/gson-2.2.4.jar:/home/user/.m2/repository/com/jcraft/jsch/0.1.54/jsch-0.1.54.jar:/home/user/.m2/repository/org/apache/curator/curator-client/2.12.0/curator-client-2.12.0.jar:/home/user/.m2/repository/org/apache/curator/curator-recipes/2.12.0/curator-recipes-2.12.0.jar:/home/user/.m2/repository/com/google/code/findbugs/jsr305/3.0.0/jsr305-3.0.0.jar:/home/user/.m2/repository/org/apache/htrace/htrace-core4/4.1.0-incubating/htrace-core4-4.1.0-incubating.jar:/home/user/.m2/repository/org/apache/zookeeper/zookeeper/3.4.13/zookeeper-3.4.13.jar:/home/user/.m2/repository/jline/jline/0.9.94/jline-0.9.94.jar:/home/user/.m2/repository/org/apache/yetus/audience-annotations/0.5.0/audience-annotations-0.5.0.jar:/home/user/.m2/repository/org/codehaus/woodstox/stax2-api/3.1.4/stax2-api-3.1.4.jar:/home/user/.m2/repository/com/fasterxml/woodstox/woodstox-core/5.0.3/woodstox-core-5.0.3.jar:/home/user/.m2/repository/dnsjava/dnsjava/2.1.7/dnsjava-2.1.7.jar:/home/user/.m2/repository/org/apache/hadoop/hadoop-hdfs/3.2.0/hadoop-hdfs-3.2.0-tests.jar:/home/user/.m2/repository/org/eclipse/jetty/jetty-util-ajax/9.3.25.v20180904/jetty-util-ajax-9.3.25.v20180904.jar:/home/user/.m2/repository/commons-daemon/commons-daemon/1.0.13/commons-daemon-1.0.13.jar:/home/user/.m2/repository/io/netty/netty/3.10.5.Final/netty-3.10.5.Final.jar:/home/user/.m2/repository/io/netty/netty-all/4.0.52.Final/netty-all-4.0.52.Final.jar:/home/user/.m2/repository/org/fusesource/leveldbjni/leveldbjni-all/1.8/leveldbjni-all-1.8.jar:"/>
    <property name="java.vm.vendor" value="Oracle Corporation"/>
    <property name="sun.arch.data.model" value="64"/>
    <property name="test.build.dir" value="/workdir/hadoop-ozone/integration-test/target/test-dir"/>
    <property name="test.cache.data" value=""/>
    <property name="java.vendor.url" value="http://java.oracle.com/"/>
    <property name="user.timezone" value=""/>
    <property name="java.vm.specification.version" value="1.8"/>
    <property name="os.name" value="Linux"/>
    <property name="test.build.data" value="/workdir/hadoop-ozone/integration-test/target/test-dir"/>
    <property name="user.country" value="US"/>
    <property name="sun.java.launcher" value="SUN_STANDARD"/>
    <property name="sun.boot.library.path" value="/usr/lib/jvm/java-1.8.0-openjdk-1.8.0.222.b10-1.el7_7.x86_64/jre/lib/amd64"/>
    <property name="sun.java.command" value="/workdir/hadoop-ozone/integration-test/target/surefire/surefirebooter5467394244835994616.jar /workdir/hadoop-ozone/integration-test/target/surefire 2019-11-14T03-13-26_644-jvmRun1 surefire855632409858044266tmp surefire_347704226272264527143tmp"/>
    <property name="surefire.test.class.path" value="/workdir/hadoop-ozone/integration-test/target/test-classes:/workdir/hadoop-ozone/integration-test/target/classes:/home/user/.m2/repository/org/apache/hadoop/hadoop-ozone-common/0.5.0-SNAPSHOT/hadoop-ozone-common-0.5.0-SNAPSHOT.jar:/home/user/.m2/repository/org/apache/commons/commons-compress/1.4.1/commons-compress-1.4.1.jar:/home/user/.m2/repository/org/tukaani/xz/1.0/xz-1.0.jar:/home/user/.m2/repository/org/apache/hadoop/hadoop-common/3.2.0/hadoop-common-3.2.0.jar:/home/user/.m2/repository/org/apache/hadoop/hadoop-hdfs/3.2.0/hadoop-hdfs-3.2.0.jar:/home/user/.m2/repository/org/apache/hadoop/hadoop-hdfs-client/3.2.0/hadoop-hdfs-client-3.2.0.jar:/home/user/.m2/repository/com/fasterxml/jackson/core/jackson-annotations/2.9.9/jackson-annotations-2.9.9.jar:/home/user/.m2/repository/org/apache/hadoop/hadoop-hdds-common/0.5.0-SNAPSHOT/hadoop-hdds-common-0.5.0-SNAPSHOT.jar:/home/user/.m2/repository/javax/annotation/javax.annotation-api/1.2/javax.annotation-api-1.2.jar:/home/user/.m2/repository/org/apache/ratis/ratis-server/0.5.0-d6d58d0-SNAPSHOT/ratis-server-0.5.0-d6d58d0-SNAPSHOT.jar:/home/user/.m2/repository/org/apache/ratis/ratis-thirdparty-misc/0.2.0/ratis-thirdparty-misc-0.2.0.jar:/home/user/.m2/repository/org/apache/ratis/ratis-proto/0.5.0-d6d58d0-SNAPSHOT/ratis-proto-0.5.0-d6d58d0-SNAPSHOT.jar:/home/user/.m2/repository/org/apache/ratis/ratis-common/0.5.0-d6d58d0-SNAPSHOT/ratis-common-0.5.0-d6d58d0-SNAPSHOT.jar:/home/user/.m2/repository/org/apache/ratis/ratis-client/0.5.0-d6d58d0-SNAPSHOT/ratis-client-0.5.0-d6d58d0-SNAPSHOT.jar:/home/user/.m2/repository/org/apache/ratis/ratis-metrics/0.5.0-d6d58d0-SNAPSHOT/ratis-metrics-0.5.0-d6d58d0-SNAPSHOT.jar:/home/user/.m2/repository/org/apache/ratis/ratis-netty/0.5.0-d6d58d0-SNAPSHOT/ratis-netty-0.5.0-d6d58d0-SNAPSHOT.jar:/home/user/.m2/repository/org/apache/ratis/ratis-grpc/0.5.0-d6d58d0-SNAPSHOT/ratis-grpc-0.5.0-d6d58d0-SNAPSHOT.jar:/home/user/.m2/repository/org/rocksdb/rocksdbjni/6.0.1/rocksdbjni-6.0.1.jar:/home/user/.m2/repository/org/apache/logging/log4j/log4j-api/2.11.0/log4j-api-2.11.0.jar:/home/user/.m2/repository/org/apache/logging/log4j/log4j-core/2.11.0/log4j-core-2.11.0.jar:/home/user/.m2/repository/com/lmax/disruptor/3.4.2/disruptor-3.4.2.jar:/home/user/.m2/repository/org/apache/commons/commons-pool2/2.6.0/commons-pool2-2.6.0.jar:/home/user/.m2/repository/org/bouncycastle/bcpkix-jdk15on/1.60/bcpkix-jdk15on-1.60.jar:/home/user/.m2/repository/commons-validator/commons-validator/1.6/commons-validator-1.6.jar:/home/user/.m2/repository/commons-digester/commons-digester/1.8.1/commons-digester-1.8.1.jar:/home/user/.m2/repository/io/jaegertracing/jaeger-client/0.34.0/jaeger-client-0.34.0.jar:/home/user/.m2/repository/io/jaegertracing/jaeger-thrift/0.34.0/jaeger-thrift-0.34.0.jar:/home/user/.m2/repository/org/apache/thrift/libthrift/0.12.0/libthrift-0.12.0.jar:/home/user/.m2/repository/com/squareup/okhttp3/okhttp/3.9.0/okhttp-3.9.0.jar:/home/user/.m2/repository/com/squareup/okio/okio/1.13.0/okio-1.13.0.jar:/home/user/.m2/repository/io/jaegertracing/jaeger-core/0.34.0/jaeger-core-0.34.0.jar:/home/user/.m2/repository/io/jaegertracing/jaeger-tracerresolver/0.34.0/jaeger-tracerresolver-0.34.0.jar:/home/user/.m2/repository/io/opentracing/contrib/opentracing-tracerresolver/0.1.5/opentracing-tracerresolver-0.1.5.jar:/home/user/.m2/repository/io/opentracing/opentracing-util/0.31.0/opentracing-util-0.31.0.jar:/home/user/.m2/repository/io/opentracing/opentracing-api/0.31.0/opentracing-api-0.31.0.jar:/home/user/.m2/repository/io/opentracing/opentracing-noop/0.31.0/opentracing-noop-0.31.0.jar:/home/user/.m2/repository/org/apache/hadoop/hadoop-hdds-server-framework/0.5.0-SNAPSHOT/hadoop-hdds-server-framework-0.5.0-SNAPSHOT.jar:/home/user/.m2/repository/org/apache/hadoop/hadoop-hdds-container-service/0.5.0-SNAPSHOT/hadoop-hdds-container-service-0.5.0-SNAPSHOT.jar:/home/user/.m2/repository/org/apache/hadoop/hadoop-hdds-client/0.5.0-SNAPSHOT/hadoop-hdds-client-0.5.0-SNAPSHOT.jar:/home/user/.m2/repository/org/apache/hadoop/hadoop-hdds-tools/0.5.0-SNAPSHOT/hadoop-hdds-tools-0.5.0-SNAPSHOT.jar:/home/user/.m2/repository/org/apache/hadoop/hadoop-hdds-server-scm/0.5.0-SNAPSHOT/hadoop-hdds-server-scm-0.5.0-SNAPSHOT.jar:/home/user/.m2/repository/org/apache/hadoop/hadoop-hdds-docs/0.5.0-SNAPSHOT/hadoop-hdds-docs-0.5.0-SNAPSHOT.jar:/home/user/.m2/repository/io/dropwizard/metrics/metrics-core/3.2.4/metrics-core-3.2.4.jar:/home/user/.m2/repository/org/hamcrest/hamcrest-all/1.3/hamcrest-all-1.3.jar:/home/user/.m2/repository/org/bouncycastle/bcprov-jdk15on/1.60/bcprov-jdk15on-1.60.jar:/home/user/.m2/repository/info/picocli/picocli/3.9.6/picocli-3.9.6.jar:/home/user/.m2/repository/com/google/protobuf/protobuf-java/2.5.0/protobuf-java-2.5.0.jar:/home/user/.m2/repository/com/google/guava/guava/11.0.2/guava-11.0.2.jar:/home/user/.m2/repository/org/apache/hadoop/hadoop-ozone-ozone-manager/0.5.0-SNAPSHOT/hadoop-ozone-ozone-manager-0.5.0-SNAPSHOT.jar:/home/user/.m2/repository/org/apache/hadoop/hadoop-minikdc/3.2.0/hadoop-minikdc-3.2.0.jar:/home/user/.m2/repository/commons-io/commons-io/2.5/commons-io-2.5.jar:/home/user/.m2/repository/org/apache/kerby/kerb-simplekdc/1.0.1/kerb-simplekdc-1.0.1.jar:/home/user/.m2/repository/org/apache/kerby/kerb-client/1.0.1/kerb-client-1.0.1.jar:/home/user/.m2/repository/org/apache/kerby/kerby-config/1.0.1/kerby-config-1.0.1.jar:/home/user/.m2/repository/org/apache/kerby/kerb-core/1.0.1/kerb-core-1.0.1.jar:/home/user/.m2/repository/org/apache/kerby/kerby-pkix/1.0.1/kerby-pkix-1.0.1.jar:/home/user/.m2/repository/org/apache/kerby/kerby-asn1/1.0.1/kerby-asn1-1.0.1.jar:/home/user/.m2/repository/org/apache/kerby/kerby-util/1.0.1/kerby-util-1.0.1.jar:/home/user/.m2/repository/org/apache/kerby/kerb-common/1.0.1/kerb-common-1.0.1.jar:/home/user/.m2/repository/org/apache/kerby/kerb-crypto/1.0.1/kerb-crypto-1.0.1.jar:/home/user/.m2/repository/org/apache/kerby/kerb-util/1.0.1/kerb-util-1.0.1.jar:/home/user/.m2/repository/org/apache/kerby/token-provider/1.0.1/token-provider-1.0.1.jar:/home/user/.m2/repository/org/apache/kerby/kerb-admin/1.0.1/kerb-admin-1.0.1.jar:/home/user/.m2/repository/org/apache/kerby/kerb-server/1.0.1/kerb-server-1.0.1.jar:/home/user/.m2/repository/org/apache/kerby/kerb-identity/1.0.1/kerb-identity-1.0.1.jar:/home/user/.m2/repository/org/apache/kerby/kerby-xdr/1.0.1/kerby-xdr-1.0.1.jar:/home/user/.m2/repository/org/slf4j/slf4j-log4j12/1.7.25/slf4j-log4j12-1.7.25.jar:/home/user/.m2/repository/org/apache/hadoop/hadoop-ozone-s3gateway/0.5.0-SNAPSHOT/hadoop-ozone-s3gateway-0.5.0-SNAPSHOT.jar:/home/user/.m2/repository/org/jboss/weld/servlet/weld-servlet/2.4.7.Final/weld-servlet-2.4.7.Final.jar:/home/user/.m2/repository/org/glassfish/jersey/containers/jersey-container-servlet-core/2.27/jersey-container-servlet-core-2.27.jar:/home/user/.m2/repository/org/glassfish/hk2/external/javax.inject/2.5.0-b42/javax.inject-2.5.0-b42.jar:/home/user/.m2/repository/org/glassfish/jersey/core/jersey-common/2.27/jersey-common-2.27.jar:/home/user/.m2/repository/org/glassfish/hk2/osgi-resource-locator/1.0.1/osgi-resource-locator-1.0.1.jar:/home/user/.m2/repository/javax/ws/rs/javax.ws.rs-api/2.1/javax.ws.rs-api-2.1.jar:/home/user/.m2/repository/org/glassfish/jersey/ext/cdi/jersey-cdi1x/2.27/jersey-cdi1x-2.27.jar:/home/user/.m2/repository/org/glassfish/jersey/inject/jersey-hk2/2.27/jersey-hk2-2.27.jar:/home/user/.m2/repository/org/glassfish/hk2/hk2-locator/2.5.0-b42/hk2-locator-2.5.0-b42.jar:/home/user/.m2/repository/org/javassist/javassist/3.22.0-CR2/javassist-3.22.0-CR2.jar:/home/user/.m2/repository/org/glassfish/hk2/hk2-api/2.5.0/hk2-api-2.5.0.jar:/home/user/.m2/repository/org/glassfish/hk2/external/jakarta.inject/2.5.0/jakarta.inject-2.5.0.jar:/home/user/.m2/repository/org/glassfish/hk2/hk2-utils/2.5.0/hk2-utils-2.5.0.jar:/home/user/.m2/repository/jakarta/annotation/jakarta.annotation-api/1.3.4/jakarta.annotation-api-1.3.4.jar:/home/user/.m2/repository/org/glassfish/hk2/external/aopalliance-repackaged/2.5.0/aopalliance-repackaged-2.5.0.jar:/home/user/.m2/repository/com/fasterxml/jackson/dataformat/jackson-dataformat-xml/2.9.0/jackson-dataformat-xml-2.9.0.jar:/home/user/.m2/repository/com/fasterxml/jackson/core/jackson-core/2.9.9/jackson-core-2.9.9.jar:/home/user/.m2/repository/com/fasterxml/jackson/module/jackson-module-jaxb-annotations/2.9.9/jackson-module-jaxb-annotations-2.9.9.jar:/home/user/.m2/repository/javax/enterprise/cdi-api/1.2/cdi-api-1.2.jar:/home/user/.m2/repository/javax/el/javax.el-api/3.0.0/javax.el-api-3.0.0.jar:/home/user/.m2/repository/javax/interceptor/javax.interceptor-api/1.2/javax.interceptor-api-1.2.jar:/home/user/.m2/repository/javax/inject/javax.inject/1/javax.inject-1.jar:/home/user/.m2/repository/com/sun/xml/bind/jaxb-impl/2.3.0.1/jaxb-impl-2.3.0.1.jar:/home/user/.m2/repository/com/sun/xml/bind/jaxb-core/2.3.0.1/jaxb-core-2.3.0.1.jar:/home/user/.m2/repository/javax/xml/bind/jaxb-api/2.3.0/jaxb-api-2.3.0.jar:/home/user/.m2/repository/javax/activation/activation/1.1.1/activation-1.1.1.jar:/home/user/.m2/repository/org/apache/hadoop/hadoop-ozone-csi/0.5.0-SNAPSHOT/hadoop-ozone-csi-0.5.0-SNAPSHOT.jar:/home/user/.m2/repository/com/google/protobuf/protobuf-java-util/3.5.1/protobuf-java-util-3.5.1.jar:/home/user/.m2/repository/org/apache/hadoop/hadoop-hdds-config/0.5.0-SNAPSHOT/hadoop-hdds-config-0.5.0-SNAPSHOT.jar:/home/user/.m2/repository/io/grpc/grpc-netty/1.17.1/grpc-netty-1.17.1.jar:/home/user/.m2/repository/io/grpc/grpc-core/1.17.1/grpc-core-1.17.1.jar:/home/user/.m2/repository/io/grpc/grpc-context/1.17.1/grpc-context-1.17.1.jar:/home/user/.m2/repository/com/google/errorprone/error_prone_annotations/2.2.0/error_prone_annotations-2.2.0.jar:/home/user/.m2/repository/org/codehaus/mojo/animal-sniffer-annotations/1.17/animal-sniffer-annotations-1.17.jar:/home/user/.m2/repository/io/opencensus/opencensus-api/0.17.0/opencensus-api-0.17.0.jar:/home/user/.m2/repository/io/opencensus/opencensus-contrib-grpc-metrics/0.17.0/opencensus-contrib-grpc-metrics-0.17.0.jar:/home/user/.m2/repository/io/netty/netty-codec-http2/4.1.30.Final/netty-codec-http2-4.1.30.Final.jar:/home/user/.m2/repository/io/netty/netty-codec-http/4.1.30.Final/netty-codec-http-4.1.30.Final.jar:/home/user/.m2/repository/io/netty/netty-codec/4.1.30.Final/netty-codec-4.1.30.Final.jar:/home/user/.m2/repository/io/netty/netty-handler/4.1.30.Final/netty-handler-4.1.30.Final.jar:/home/user/.m2/repository/io/netty/netty-handler-proxy/4.1.30.Final/netty-handler-proxy-4.1.30.Final.jar:/home/user/.m2/repository/io/netty/netty-codec-socks/4.1.30.Final/netty-codec-socks-4.1.30.Final.jar:/home/user/.m2/repository/io/netty/netty-transport-native-epoll/4.1.30.Final/netty-transport-native-epoll-4.1.30.Final.jar:/home/user/.m2/repository/io/netty/netty-common/4.1.30.Final/netty-common-4.1.30.Final.jar:/home/user/.m2/repository/io/netty/netty-buffer/4.1.30.Final/netty-buffer-4.1.30.Final.jar:/home/user/.m2/repository/io/netty/netty-transport/4.1.30.Final/netty-transport-4.1.30.Final.jar:/home/user/.m2/repository/io/netty/netty-resolver/4.1.30.Final/netty-resolver-4.1.30.Final.jar:/home/user/.m2/repository/io/netty/netty-transport-native-unix-common/4.1.30.Final/netty-transport-native-unix-common-4.1.30.Final.jar:/home/user/.m2/repository/io/grpc/grpc-protobuf/1.17.1/grpc-protobuf-1.17.1.jar:/home/user/.m2/repository/com/google/api/grpc/proto-google-common-protos/1.0.0/proto-google-common-protos-1.0.0.jar:/home/user/.m2/repository/io/grpc/grpc-protobuf-lite/1.17.1/grpc-protobuf-lite-1.17.1.jar:/home/user/.m2/repository/io/grpc/grpc-stub/1.17.1/grpc-stub-1.17.1.jar:/home/user/.m2/repository/org/apache/hadoop/hadoop-ozone-recon/0.5.0-SNAPSHOT/hadoop-ozone-recon-0.5.0-SNAPSHOT.jar:/home/user/.m2/repository/org/apache/hadoop/hadoop-ozone-reconcodegen/0.5.0-SNAPSHOT/hadoop-ozone-reconcodegen-0.5.0-SNAPSHOT.jar:/home/user/.m2/repository/com/google/inject/extensions/guice-multibindings/4.0/guice-multibindings-4.0.jar:/home/user/.m2/repository/com/google/inject/guice/4.0/guice-4.0.jar:/home/user/.m2/repository/aopalliance/aopalliance/1.0/aopalliance-1.0.jar:/home/user/.m2/repository/com/google/inject/extensions/guice-servlet/4.0/guice-servlet-4.0.jar:/home/user/.m2/repository/org/glassfish/jersey/containers/jersey-container-servlet/2.27/jersey-container-servlet-2.27.jar:/home/user/.m2/repository/org/glassfish/hk2/guice-bridge/2.5.0/guice-bridge-2.5.0.jar:/home/user/.m2/repository/org/glassfish/jersey/core/jersey-server/2.27/jersey-server-2.27.jar:/home/user/.m2/repository/org/glassfish/jersey/core/jersey-client/2.27/jersey-client-2.27.jar:/home/user/.m2/repository/org/glassfish/jersey/media/jersey-media-jaxb/2.27/jersey-media-jaxb-2.27.jar:/home/user/.m2/repository/javax/validation/validation-api/1.1.0.Final/validation-api-1.1.0.Final.jar:/home/user/.m2/repository/org/glassfish/jersey/media/jersey-media-json-jackson/2.27/jersey-media-json-jackson-2.27.jar:/home/user/.m2/repository/org/glassfish/jersey/ext/jersey-entity-filtering/2.27/jersey-entity-filtering-2.27.jar:/home/user/.m2/repository/com/google/inject/extensions/guice-assistedinject/4.0/guice-assistedinject-4.0.jar:/home/user/.m2/repository/org/jooq/jooq/3.11.10/jooq-3.11.10.jar:/home/user/.m2/repository/org/jooq/jooq-meta/3.11.10/jooq-meta-3.11.10.jar:/home/user/.m2/repository/org/jooq/jooq-codegen/3.11.10/jooq-codegen-3.11.10.jar:/home/user/.m2/repository/com/jolbox/bonecp/0.8.0.RELEASE/bonecp-0.8.0.RELEASE.jar:/home/user/.m2/repository/org/xerial/sqlite-jdbc/3.25.2/sqlite-jdbc-3.25.2.jar:/home/user/.m2/repository/org/springframework/spring-jdbc/5.1.3.RELEASE/spring-jdbc-5.1.3.RELEASE.jar:/home/user/.m2/repository/org/springframework/spring-beans/5.1.3.RELEASE/spring-beans-5.1.3.RELEASE.jar:/home/user/.m2/repository/org/springframework/spring-core/5.1.3.RELEASE/spring-core-5.1.3.RELEASE.jar:/home/user/.m2/repository/org/springframework/spring-jcl/5.1.3.RELEASE/spring-jcl-5.1.3.RELEASE.jar:/home/user/.m2/repository/org/springframework/spring-tx/5.1.3.RELEASE/spring-tx-5.1.3.RELEASE.jar:/home/user/.m2/repository/org/apache/hadoop/hadoop-ozone-client/0.5.0-SNAPSHOT/hadoop-ozone-client-0.5.0-SNAPSHOT.jar:/home/user/.m2/repository/commons-lang/commons-lang/2.6/commons-lang-2.6.jar:/home/user/.m2/repository/org/apache/hadoop/hadoop-ozone-ozone-manager/0.5.0-SNAPSHOT/hadoop-ozone-ozone-manager-0.5.0-SNAPSHOT-tests.jar:/home/user/.m2/repository/junit/junit/4.11/junit-4.11.jar:/home/user/.m2/repository/org/hamcrest/hamcrest-core/1.3/hamcrest-core-1.3.jar:/home/user/.m2/repository/org/openjdk/jmh/jmh-core/1.19/jmh-core-1.19.jar:/home/user/.m2/repository/net/sf/jopt-simple/jopt-simple/4.6/jopt-simple-4.6.jar:/home/user/.m2/repository/org/apache/commons/commons-math3/3.1.1/commons-math3-3.1.1.jar:/home/user/.m2/repository/org/openjdk/jmh/jmh-generator-annprocess/1.19/jmh-generator-annprocess-1.19.jar:/home/user/.m2/repository/org/mockito/mockito-all/1.8.5/mockito-all-1.8.5.jar:/home/user/.m2/repository/org/apache/hadoop/hadoop-kms/3.2.0/hadoop-kms-3.2.0.jar:/home/user/.m2/repository/org/apache/hadoop/hadoop-auth/3.2.0/hadoop-auth-3.2.0.jar:/home/user/.m2/repository/com/nimbusds/nimbus-jose-jwt/4.41.1/nimbus-jose-jwt-4.41.1.jar:/home/user/.m2/repository/com/github/stephenc/jcip/jcip-annotations/1.0-1/jcip-annotations-1.0-1.jar:/home/user/.m2/repository/net/minidev/json-smart/2.3/json-smart-2.3.jar:/home/user/.m2/repository/net/minidev/accessors-smart/1.2/accessors-smart-1.2.jar:/home/user/.m2/repository/org/ow2/asm/asm/5.0.4/asm-5.0.4.jar:/home/user/.m2/repository/org/apache/curator/curator-framework/2.12.0/curator-framework-2.12.0.jar:/home/user/.m2/repository/com/sun/jersey/jersey-core/1.19/jersey-core-1.19.jar:/home/user/.m2/repository/javax/ws/rs/jsr311-api/1.1.1/jsr311-api-1.1.1.jar:/home/user/.m2/repository/com/sun/jersey/jersey-server/1.19/jersey-server-1.19.jar:/home/user/.m2/repository/javax/servlet/javax.servlet-api/3.1.0/javax.servlet-api-3.1.0.jar:/home/user/.m2/repository/org/eclipse/jetty/jetty-server/9.3.25.v20180904/jetty-server-9.3.25.v20180904.jar:/home/user/.m2/repository/org/eclipse/jetty/jetty-http/9.3.25.v20180904/jetty-http-9.3.25.v20180904.jar:/home/user/.m2/repository/org/eclipse/jetty/jetty-io/9.3.25.v20180904/jetty-io-9.3.25.v20180904.jar:/home/user/.m2/repository/org/eclipse/jetty/jetty-webapp/9.3.25.v20180904/jetty-webapp-9.3.25.v20180904.jar:/home/user/.m2/repository/org/eclipse/jetty/jetty-xml/9.3.25.v20180904/jetty-xml-9.3.25.v20180904.jar:/home/user/.m2/repository/log4j/log4j/1.2.17/log4j-1.2.17.jar:/home/user/.m2/repository/org/slf4j/slf4j-api/1.7.25/slf4j-api-1.7.25.jar:/home/user/.m2/repository/org/slf4j/jul-to-slf4j/1.7.25/jul-to-slf4j-1.7.25.jar:/home/user/.m2/repository/org/eclipse/jetty/jetty-util/9.3.25.v20180904/jetty-util-9.3.25.v20180904.jar:/home/user/.m2/repository/com/fasterxml/jackson/core/jackson-databind/2.9.9/jackson-databind-2.9.9.jar:/home/user/.m2/repository/org/apache/hadoop/hadoop-kms/3.2.0/hadoop-kms-3.2.0-tests.jar:/home/user/.m2/repository/org/apache/hadoop/hadoop-hdds-server-scm/0.5.0-SNAPSHOT/hadoop-hdds-server-scm-0.5.0-SNAPSHOT-tests.jar:/home/user/.m2/repository/org/apache/hadoop/hadoop-hdds-container-service/0.5.0-SNAPSHOT/hadoop-hdds-container-service-0.5.0-SNAPSHOT-tests.jar:/home/user/.m2/repository/org/yaml/snakeyaml/1.16/snakeyaml-1.16.jar:/home/user/.m2/repository/org/apache/hadoop/hadoop-common/3.2.0/hadoop-common-3.2.0-tests.jar:/home/user/.m2/repository/org/apache/hadoop/hadoop-annotations/3.2.0/hadoop-annotations-3.2.0.jar:/usr/lib/jvm/java-1.8.0-openjdk-1.8.0.222.b10-1.el7_7.x86_64/jre/../lib/tools.jar:/home/user/.m2/repository/commons-cli/commons-cli/1.2/commons-cli-1.2.jar:/home/user/.m2/repository/org/apache/httpcomponents/httpclient/4.5.2/httpclient-4.5.2.jar:/home/user/.m2/repository/org/apache/httpcomponents/httpcore/4.4.4/httpcore-4.4.4.jar:/home/user/.m2/repository/commons-codec/commons-codec/1.11/commons-codec-1.11.jar:/home/user/.m2/repository/commons-net/commons-net/3.6/commons-net-3.6.jar:/home/user/.m2/repository/commons-collections/commons-collections/3.2.2/commons-collections-3.2.2.jar:/home/user/.m2/repository/org/eclipse/jetty/jetty-servlet/9.3.25.v20180904/jetty-servlet-9.3.25.v20180904.jar:/home/user/.m2/repository/org/eclipse/jetty/jetty-security/9.3.25.v20180904/jetty-security-9.3.25.v20180904.jar:/home/user/.m2/repository/javax/servlet/jsp/jsp-api/2.1/jsp-api-2.1.jar:/home/user/.m2/repository/com/sun/jersey/jersey-servlet/1.19/jersey-servlet-1.19.jar:/home/user/.m2/repository/com/sun/jersey/jersey-json/1.19/jersey-json-1.19.jar:/home/user/.m2/repository/org/codehaus/jettison/jettison/1.1/jettison-1.1.jar:/home/user/.m2/repository/org/codehaus/jackson/jackson-core-asl/1.9.13/jackson-core-asl-1.9.13.jar:/home/user/.m2/repository/org/codehaus/jackson/jackson-mapper-asl/1.9.13/jackson-mapper-asl-1.9.13.jar:/home/user/.m2/repository/org/codehaus/jackson/jackson-jaxrs/1.9.13/jackson-jaxrs-1.9.13.jar:/home/user/.m2/repository/org/codehaus/jackson/jackson-xc/1.9.13/jackson-xc-1.9.13.jar:/home/user/.m2/repository/commons-logging/commons-logging/1.1.3/commons-logging-1.1.3.jar:/home/user/.m2/repository/commons-beanutils/commons-beanutils/1.9.4/commons-beanutils-1.9.4.jar:/home/user/.m2/repository/org/apache/commons/commons-configuration2/2.1.1/commons-configuration2-2.1.1.jar:/home/user/.m2/repository/org/apache/commons/commons-lang3/3.7/commons-lang3-3.7.jar:/home/user/.m2/repository/org/apache/commons/commons-text/1.4/commons-text-1.4.jar:/home/user/.m2/repository/org/apache/avro/avro/1.7.7/avro-1.7.7.jar:/home/user/.m2/repository/com/thoughtworks/paranamer/paranamer/2.3/paranamer-2.3.jar:/home/user/.m2/repository/org/xerial/snappy/snappy-java/1.0.5/snappy-java-1.0.5.jar:/home/user/.m2/repository/com/google/re2j/re2j/1.1/re2j-1.1.jar:/home/user/.m2/repository/com/google/code/gson/gson/2.2.4/gson-2.2.4.jar:/home/user/.m2/repository/com/jcraft/jsch/0.1.54/jsch-0.1.54.jar:/home/user/.m2/repository/org/apache/curator/curator-client/2.12.0/curator-client-2.12.0.jar:/home/user/.m2/repository/org/apache/curator/curator-recipes/2.12.0/curator-recipes-2.12.0.jar:/home/user/.m2/repository/com/google/code/findbugs/jsr305/3.0.0/jsr305-3.0.0.jar:/home/user/.m2/repository/org/apache/htrace/htrace-core4/4.1.0-incubating/htrace-core4-4.1.0-incubating.jar:/home/user/.m2/repository/org/apache/zookeeper/zookeeper/3.4.13/zookeeper-3.4.13.jar:/home/user/.m2/repository/jline/jline/0.9.94/jline-0.9.94.jar:/home/user/.m2/repository/org/apache/yetus/audience-annotations/0.5.0/audience-annotations-0.5.0.jar:/home/user/.m2/repository/org/codehaus/woodstox/stax2-api/3.1.4/stax2-api-3.1.4.jar:/home/user/.m2/repository/com/fasterxml/woodstox/woodstox-core/5.0.3/woodstox-core-5.0.3.jar:/home/user/.m2/repository/dnsjava/dnsjava/2.1.7/dnsjava-2.1.7.jar:/home/user/.m2/repository/org/apache/hadoop/hadoop-hdfs/3.2.0/hadoop-hdfs-3.2.0-tests.jar:/home/user/.m2/repository/org/eclipse/jetty/jetty-util-ajax/9.3.25.v20180904/jetty-util-ajax-9.3.25.v20180904.jar:/home/user/.m2/repository/commons-daemon/commons-daemon/1.0.13/commons-daemon-1.0.13.jar:/home/user/.m2/repository/io/netty/netty/3.10.5.Final/netty-3.10.5.Final.jar:/home/user/.m2/repository/io/netty/netty-all/4.0.52.Final/netty-all-4.0.52.Final.jar:/home/user/.m2/repository/org/fusesource/leveldbjni/leveldbjni-all/1.8/leveldbjni-all-1.8.jar:"/>
    <property name="sun.cpu.endian" value="little"/>
    <property name="user.home" value="/home/user"/>
    <property name="user.language" value="en"/>
    <property name="java.specification.vendor" value="Oracle Corporation"/>
    <property name="java.home" value="/usr/lib/jvm/java-1.8.0-openjdk-1.8.0.222.b10-1.el7_7.x86_64/jre"/>
    <property name="surefire.excludesFile" value="/tools/ozone-bad-unit-tests"/>
    <property name="java.security.krb5.conf" value="/workdir/hadoop-ozone/integration-test/target/test-classes/krb5.conf"/>
    <property name="basedir" value="/workdir/hadoop-ozone/integration-test"/>
    <property name="file.separator" value="/"/>
    <property name="line.separator" value="&#10;"/>
    <property name="java.vm.specification.vendor" value="Oracle Corporation"/>
    <property name="java.specification.name" value="Java Platform API Specification"/>
    <property name="java.awt.graphicsenv" value="sun.awt.X11GraphicsEnvironment"/>
    <property name="surefire.real.class.path" value="/workdir/hadoop-ozone/integration-test/target/surefire/surefirebooter5467394244835994616.jar"/>
    <property name="hadoop.log.dir" value="/workdir/hadoop-ozone/integration-test/target/log"/>
    <property name="sun.boot.class.path" value="/usr/lib/jvm/java-1.8.0-openjdk-1.8.0.222.b10-1.el7_7.x86_64/jre/lib/resources.jar:/usr/lib/jvm/java-1.8.0-openjdk-1.8.0.222.b10-1.el7_7.x86_64/jre/lib/rt.jar:/usr/lib/jvm/java-1.8.0-openjdk-1.8.0.222.b10-1.el7_7.x86_64/jre/lib/sunrsasign.jar:/usr/lib/jvm/java-1.8.0-openjdk-1.8.0.222.b10-1.el7_7.x86_64/jre/lib/jsse.jar:/usr/lib/jvm/java-1.8.0-openjdk-1.8.0.222.b10-1.el7_7.x86_64/jre/lib/jce.jar:/usr/lib/jvm/java-1.8.0-openjdk-1.8.0.222.b10-1.el7_7.x86_64/jre/lib/charsets.jar:/usr/lib/jvm/java-1.8.0-openjdk-1.8.0.222.b10-1.el7_7.x86_64/jre/lib/jfr.jar:/usr/lib/jvm/java-1.8.0-openjdk-1.8.0.222.b10-1.el7_7.x86_64/jre/classes"/>
    <property name="sun.management.compiler" value="HotSpot 64-Bit Tiered Compilers"/>
    <property name="java.runtime.version" value="1.8.0_222-b10"/>
    <property name="java.net.preferIPv4Stack" value="true"/>
    <property name="user.name" value="jenkins1000"/>
    <property name="path.separator" value=":"/>
    <property name="java.security.egd" value="file:///dev/urandom"/>
    <property name="os.version" value="3.10.0-957.12.2.el7.x86_64"/>
    <property name="java.endorsed.dirs" value="/usr/lib/jvm/java-1.8.0-openjdk-1.8.0.222.b10-1.el7_7.x86_64/jre/lib/endorsed"/>
    <property name="java.runtime.name" value="OpenJDK Runtime Environment"/>
    <property name="file.encoding" value="ANSI_X3.4-1968"/>
    <property name="java.vm.name" value="OpenJDK 64-Bit Server VM"/>
    <property name="test.build.webapps" value=""/>
    <property name="localRepository" value="/home/user/.m2/repository"/>
    <property name="java.vendor.url.bug" value="http://bugreport.sun.com/bugreport/"/>
    <property name="java.io.tmpdir" value="/tmp"/>
    <property name="require.test.libhadoop" value=""/>
    <property name="java.version" value="1.8.0_222"/>
    <property name="user.dir" value="/workdir/hadoop-ozone/integration-test"/>
    <property name="os.arch" value="amd64"/>
    <property name="java.vm.specification.name" value="Java Virtual Machine Specification"/>
    <property name="test.build.classes" value="/workdir/hadoop-ozone/integration-test/target/test-classes"/>
    <property name="java.awt.printerjob" value="sun.print.PSPrinterJob"/>
    <property name="sun.os.patch.level" value="unknown"/>
    <property name="hadoop.tmp.dir" value="/workdir/hadoop-ozone/integration-test/target/tmp"/>
    <property name="java.library.path" value="/usr/lib:/workdir/hadoop-ozone/integration-test/target/native/target/usr/local/lib:/workdir/hadoop-ozone/integration-test/../../hadoop-common-project/hadoop-common/target/native/target/usr/local/lib:/usr/java/packages/lib/amd64:/usr/lib64:/lib64:/lib:/usr/lib"/>
    <property name="java.vm.info" value="mixed mode"/>
    <property name="java.vendor" value="Oracle Corporation"/>
    <property name="java.vm.version" value="25.222-b10"/>
    <property name="java.ext.dirs" value="/usr/lib/jvm/java-1.8.0-openjdk-1.8.0.222.b10-1.el7_7.x86_64/jre/lib/ext:/usr/java/packages/lib/ext"/>
    <property name="sun.io.unicode.encoding" value="UnicodeLittle"/>
    <property name="java.class.version" value="52.0"/>
  </properties>
  <testcase name="testPipelineExclusionWithPipelineFailure" classname="org.apache.hadoop.ozone.client.rpc.TestFailureHandlingByClient" time="88.756"/>
  <testcase name="testContainerExclusionWithClosedContainerException" classname="org.apache.hadoop.ozone.client.rpc.TestFailureHandlingByClient" time="36.442">
    <error message="Allocated 0 blocks. Requested 1 blocks" type="INTERNAL_ERROR org.apache.hadoop.ozone.om.exceptions.OMException">INTERNAL_ERROR org.apache.hadoop.ozone.om.exceptions.OMException: Allocated 0 blocks. Requested 1 blocks
	at org.apache.hadoop.ozone.om.protocolPB.OzoneManagerProtocolClientSideTranslatorPB.handleError(OzoneManagerProtocolClientSideTranslatorPB.java:761)
	at org.apache.hadoop.ozone.om.protocolPB.OzoneManagerProtocolClientSideTranslatorPB.allocateBlock(OzoneManagerProtocolClientSideTranslatorPB.java:793)
	at sun.reflect.NativeMethodAccessorImpl.invoke0(Native Method)
	at sun.reflect.NativeMethodAccessorImpl.invoke(NativeMethodAccessorImpl.java:62)
	at sun.reflect.DelegatingMethodAccessorImpl.invoke(DelegatingMethodAccessorImpl.java:43)
	at java.lang.reflect.Method.invoke(Method.java:498)
	at org.apache.hadoop.hdds.tracing.TraceAllMethod.invoke(TraceAllMethod.java:66)
	at com.sun.proxy.$Proxy36.allocateBlock(Unknown Source)
	at org.apache.hadoop.ozone.client.io.BlockOutputStreamEntryPool.allocateNewBlock(BlockOutputStreamEntryPool.java:259)
	at org.apache.hadoop.ozone.client.io.BlockOutputStreamEntryPool.allocateBlockIfNeeded(BlockOutputStreamEntryPool.java:307)
	at org.apache.hadoop.ozone.client.io.KeyOutputStream.handleWrite(KeyOutputStream.java:198)
	at org.apache.hadoop.ozone.client.io.KeyOutputStream.handleRetry(KeyOutputStream.java:375)
	at org.apache.hadoop.ozone.client.io.KeyOutputStream.handleException(KeyOutputStream.java:324)
	at org.apache.hadoop.ozone.client.io.KeyOutputStream.handleFlushOrClose(KeyOutputStream.java:449)
	at org.apache.hadoop.ozone.client.io.KeyOutputStream.flush(KeyOutputStream.java:397)
	at org.apache.hadoop.ozone.client.io.OzoneOutputStream.flush(OzoneOutputStream.java:54)
	at org.apache.hadoop.ozone.client.rpc.TestFailureHandlingByClient.testContainerExclusionWithClosedContainerException(TestFailureHandlingByClient.java:241)
	at sun.reflect.NativeMethodAccessorImpl.invoke0(Native Method)
	at sun.reflect.NativeMethodAccessorImpl.invoke(NativeMethodAccessorImpl.java:62)
	at sun.reflect.DelegatingMethodAccessorImpl.invoke(DelegatingMethodAccessorImpl.java:43)
	at java.lang.reflect.Method.invoke(Method.java:498)
	at org.junit.runners.model.FrameworkMethod$1.runReflectiveCall(FrameworkMethod.java:47)
	at org.junit.internal.runners.model.ReflectiveCallable.run(ReflectiveCallable.java:12)
	at org.junit.runners.model.FrameworkMethod.invokeExplosively(FrameworkMethod.java:44)
	at org.junit.internal.runners.statements.InvokeMethod.evaluate(InvokeMethod.java:17)
	at org.junit.internal.runners.statements.RunAfters.evaluate(RunAfters.java:27)
	at org.junit.runners.ParentRunner.runLeaf(ParentRunner.java:271)
	at org.junit.runners.BlockJUnit4ClassRunner.runChild(BlockJUnit4ClassRunner.java:70)
	at org.junit.runners.BlockJUnit4ClassRunner.runChild(BlockJUnit4ClassRunner.java:50)
	at org.junit.runners.ParentRunner$3.run(ParentRunner.java:238)
	at org.junit.runners.ParentRunner$1.schedule(ParentRunner.java:63)
	at org.junit.runners.ParentRunner.runChildren(ParentRunner.java:236)
	at org.junit.runners.ParentRunner.access$000(ParentRunner.java:53)
	at org.junit.runners.ParentRunner$2.evaluate(ParentRunner.java:229)
	at org.junit.runners.ParentRunner.run(ParentRunner.java:309)
	at org.apache.maven.surefire.junit4.JUnit4Provider.execute(JUnit4Provider.java:365)
	at org.apache.maven.surefire.junit4.JUnit4Provider.executeWithRerun(JUnit4Provider.java:273)
	at org.apache.maven.surefire.junit4.JUnit4Provider.executeTestSet(JUnit4Provider.java:238)
	at org.apache.maven.surefire.junit4.JUnit4Provider.invoke(JUnit4Provider.java:159)
	at org.apache.maven.surefire.booter.ForkedBooter.invokeProviderInSameClassLoader(ForkedBooter.java:384)
	at org.apache.maven.surefire.booter.ForkedBooter.runSuitesInProcess(ForkedBooter.java:345)
	at org.apache.maven.surefire.booter.ForkedBooter.execute(ForkedBooter.java:126)
	at org.apache.maven.surefire.booter.ForkedBooter.main(ForkedBooter.java:418)
</error>
    <system-out><![CDATA[2019-11-14 03:47:06,594 [main] WARN  server.ServerUtils (ServerUtils.java:getScmDbDir(145)) - ozone.scm.db.dirs is not configured. We recommend adding this setting. Falling back to ozone.metadata.dirs instead.
2019-11-14 03:47:06,627 [main] WARN  server.ServerUtils (ServerUtils.java:getScmDbDir(145)) - ozone.scm.db.dirs is not configured. We recommend adding this setting. Falling back to ozone.metadata.dirs instead.
2019-11-14 03:47:06,627 [main] WARN  server.ServerUtils (ServerUtils.java:getScmDbDir(145)) - ozone.scm.db.dirs is not configured. We recommend adding this setting. Falling back to ozone.metadata.dirs instead.
2019-11-14 03:47:06,628 [main] INFO  db.DBStoreBuilder (DBStoreBuilder.java:addTable(127)) - using custom profile for table: deletedBlocks
2019-11-14 03:47:06,628 [main] INFO  db.DBStoreBuilder (DBStoreBuilder.java:processTables(183)) - Using default column profile:DBProfile.DISK for Table:deletedBlocks
2019-11-14 03:47:06,629 [main] INFO  db.DBStoreBuilder (DBStoreBuilder.java:addTable(127)) - using custom profile for table: validCerts
2019-11-14 03:47:06,629 [main] INFO  db.DBStoreBuilder (DBStoreBuilder.java:processTables(183)) - Using default column profile:DBProfile.DISK for Table:validCerts
2019-11-14 03:47:06,629 [main] INFO  db.DBStoreBuilder (DBStoreBuilder.java:addTable(127)) - using custom profile for table: revokedCerts
2019-11-14 03:47:06,630 [main] INFO  db.DBStoreBuilder (DBStoreBuilder.java:processTables(183)) - Using default column profile:DBProfile.DISK for Table:revokedCerts
2019-11-14 03:47:06,630 [main] INFO  db.DBStoreBuilder (DBStoreBuilder.java:addTable(127)) - using custom profile for table: default
2019-11-14 03:47:06,630 [main] INFO  db.DBStoreBuilder (DBStoreBuilder.java:processTables(189)) - Using default column profile:DBProfile.DISK for Table:default
2019-11-14 03:47:06,631 [main] INFO  db.DBStoreBuilder (DBStoreBuilder.java:getDbProfile(220)) - Using default options. DBProfile.DISK
2019-11-14 03:47:06,956 [main] INFO  net.NodeSchemaLoader (NodeSchemaLoader.java:loadSchemaFromFile(125)) - Loading file from sun.misc.CompoundEnumeration@51dae791
2019-11-14 03:47:06,956 [main] INFO  net.NodeSchemaLoader (NodeSchemaLoader.java:loadSchema(171)) - Loading network topology layer schema file
2019-11-14 03:47:06,960 [main] INFO  node.SCMNodeManager (SCMNodeManager.java:<init>(116)) - Entering startup safe mode.
2019-11-14 03:47:06,961 [main] INFO  algorithms.ContainerPlacementPolicyFactory (ContainerPlacementPolicyFactory.java:getPolicy(57)) - Create container placement policy of type org.apache.hadoop.hdds.scm.container.placement.algorithms.SCMContainerPlacementRandom
2019-11-14 03:47:06,961 [main] WARN  server.ServerUtils (ServerUtils.java:getScmDbDir(145)) - ozone.scm.db.dirs is not configured. We recommend adding this setting. Falling back to ozone.metadata.dirs instead.
2019-11-14 03:47:07,099 [main] INFO  pipeline.SCMPipelineManager (SCMPipelineManager.java:initializePipelineState(132)) - No pipeline exists in current db
2019-11-14 03:47:07,100 [main] WARN  server.ServerUtils (ServerUtils.java:getScmDbDir(145)) - ozone.scm.db.dirs is not configured. We recommend adding this setting. Falling back to ozone.metadata.dirs instead.
2019-11-14 03:47:07,236 [main] WARN  events.EventQueue (EventQueue.java:fireEvent(183)) - No event handler registered for event TypedEvent{payloadType=SafeModeStatus, name='SafeModeStatus'}
2019-11-14 03:47:07,237 [main] INFO  ipc.CallQueueManager (CallQueueManager.java:<init>(84)) - Using callQueue: class java.util.concurrent.LinkedBlockingQueue, queueCapacity: 2000, scheduler: class org.apache.hadoop.ipc.DefaultRpcScheduler, ipcBackoff: false.
2019-11-14 03:47:07,238 [Socket Reader #1 for port 36627] INFO  ipc.Server (Server.java:run(1074)) - Starting Socket Reader #1 for port 36627
2019-11-14 03:47:07,240 [main] INFO  ipc.CallQueueManager (CallQueueManager.java:<init>(84)) - Using callQueue: class java.util.concurrent.LinkedBlockingQueue, queueCapacity: 2000, scheduler: class org.apache.hadoop.ipc.DefaultRpcScheduler, ipcBackoff: false.
2019-11-14 03:47:07,240 [Socket Reader #1 for port 43287] INFO  ipc.Server (Server.java:run(1074)) - Starting Socket Reader #1 for port 43287
2019-11-14 03:47:07,242 [main] INFO  ipc.CallQueueManager (CallQueueManager.java:<init>(84)) - Using callQueue: class java.util.concurrent.LinkedBlockingQueue, queueCapacity: 2000, scheduler: class org.apache.hadoop.ipc.DefaultRpcScheduler, ipcBackoff: false.
2019-11-14 03:47:07,242 [Socket Reader #1 for port 42224] INFO  ipc.Server (Server.java:run(1074)) - Starting Socket Reader #1 for port 42224
2019-11-14 03:47:07,244 [main] INFO  hdfs.DFSUtil (DFSUtil.java:httpServerTemplateForNNAndJN(1641)) - Starting Web-server for scm at: http://0.0.0.0:0
2019-11-14 03:47:07,247 [main] INFO  server.AuthenticationFilter (AuthenticationFilter.java:constructSecretProvider(240)) - Unable to initialize FileSignerSecretProvider, falling back to use random secrets.
2019-11-14 03:47:07,248 [main] WARN  http.HttpRequestLog (HttpRequestLog.java:getRequestLog(97)) - Jetty request log can only be enabled using Log4j
2019-11-14 03:47:07,251 [main] INFO  http.HttpServer2 (HttpServer2.java:addGlobalFilter(975)) - Added global filter 'safety' (class=org.apache.hadoop.http.HttpServer2$QuotingInputFilter)
2019-11-14 03:47:07,252 [main] INFO  http.HttpServer2 (HttpServer2.java:addFilter(948)) - Added filter static_user_filter (class=org.apache.hadoop.http.lib.StaticUserWebFilter$StaticUserFilter) to context scm
2019-11-14 03:47:07,252 [main] INFO  http.HttpServer2 (HttpServer2.java:addFilter(958)) - Added filter static_user_filter (class=org.apache.hadoop.http.lib.StaticUserWebFilter$StaticUserFilter) to context logs
2019-11-14 03:47:07,253 [main] INFO  http.HttpServer2 (HttpServer2.java:addFilter(958)) - Added filter static_user_filter (class=org.apache.hadoop.http.lib.StaticUserWebFilter$StaticUserFilter) to context static
2019-11-14 03:47:07,256 [main] INFO  server.StorageContainerManager (StorageContainerManager.java:start(766)) - StorageContainerLocationProtocol RPC server is listening at /0.0.0.0:42224
2019-11-14 03:47:07,259 [main] WARN  impl.MetricsConfig (MetricsConfig.java:loadFirst(134)) - Cannot locate configuration: tried hadoop-metrics2-storagecontainermanager.properties,hadoop-metrics2.properties
2019-11-14 03:47:07,260 [main] INFO  impl.MetricsSystemImpl (MetricsSystemImpl.java:startTimer(374)) - Scheduled Metric snapshot period at 10 second(s).
2019-11-14 03:47:07,261 [main] INFO  impl.MetricsSystemImpl (MetricsSystemImpl.java:start(191)) - StorageContainerManager metrics system started
2019-11-14 03:47:07,302 [main] WARN  impl.MetricsSystemImpl (MetricsSystemImpl.java:register(276)) - Sink prometheus already exists!
2019-11-14 03:47:07,310 [main] INFO  server.SCMClientProtocolServer (SCMClientProtocolServer.java:start(160)) - RPC server for Client  is listening at /0.0.0.0:42224
2019-11-14 03:47:07,310 [IPC Server Responder] INFO  ipc.Server (Server.java:run(1314)) - IPC Server Responder: starting
2019-11-14 03:47:07,310 [IPC Server listener on 42224] INFO  ipc.Server (Server.java:run(1153)) - IPC Server listener on 42224: starting
2019-11-14 03:47:07,314 [main] INFO  server.StorageContainerManager (StorageContainerManager.java:start(776)) - ScmBlockLocationProtocol RPC server is listening at /0.0.0.0:43287
2019-11-14 03:47:07,314 [main] INFO  server.SCMBlockProtocolServer (SCMBlockProtocolServer.java:start(146)) - RPC server for Block Protocol is listening at /0.0.0.0:43287
2019-11-14 03:47:07,315 [IPC Server Responder] INFO  ipc.Server (Server.java:run(1314)) - IPC Server Responder: starting
2019-11-14 03:47:07,315 [IPC Server listener on 43287] INFO  ipc.Server (Server.java:run(1153)) - IPC Server listener on 43287: starting
2019-11-14 03:47:07,319 [main] INFO  server.StorageContainerManager (StorageContainerManager.java:start(780)) - ScmDatanodeProtocl RPC server is listening at /0.0.0.0:36627
2019-11-14 03:47:07,319 [main] INFO  server.SCMDatanodeProtocolServer (SCMDatanodeProtocolServer.java:start(169)) - RPC server for DataNodes is listening at /0.0.0.0:36627
2019-11-14 03:47:07,320 [IPC Server Responder] INFO  ipc.Server (Server.java:run(1314)) - IPC Server Responder: starting
2019-11-14 03:47:07,320 [IPC Server listener on 36627] INFO  ipc.Server (Server.java:run(1153)) - IPC Server listener on 36627: starting
2019-11-14 03:47:07,323 [main] INFO  http.HttpServer2 (HttpServer2.java:bindListener(1191)) - Jetty bound to port 34560
2019-11-14 03:47:07,323 [main] INFO  server.Server (Server.java:doStart(351)) - jetty-9.3.25.v20180904, build timestamp: 2018-09-04T21:11:46Z, git hash: 3ce520221d0240229c862b122d2b06c12a625732
2019-11-14 03:47:07,325 [main] INFO  handler.ContextHandler (ContextHandler.java:doStart(781)) - Started o.e.j.s.ServletContextHandler@69cd1085{/logs,file:///workdir/hadoop-ozone/integration-test/target/log,AVAILABLE}
2019-11-14 03:47:07,326 [main] INFO  handler.ContextHandler (ContextHandler.java:doStart(781)) - Started o.e.j.s.ServletContextHandler@40fa8766{/static,file:///workdir/hadoop-ozone/integration-test/target/test-classes/webapps/static,AVAILABLE}
2019-11-14 03:47:07,330 [main] INFO  handler.ContextHandler (ContextHandler.java:doStart(781)) - Started o.e.j.w.WebAppContext@3178219a{/,file:///workdir/hadoop-ozone/integration-test/target/test-classes/webapps/scm/,AVAILABLE}{/scm}
2019-11-14 03:47:07,330 [main] INFO  server.AbstractConnector (AbstractConnector.java:doStart(278)) - Started ServerConnector@2d85fb64{HTTP/1.1,[http/1.1]}{0.0.0.0:34560}
2019-11-14 03:47:07,331 [main] INFO  server.Server (Server.java:doStart(419)) - Started @89885ms
2019-11-14 03:47:07,331 [main] WARN  impl.MetricsSystemImpl (MetricsSystemImpl.java:register(276)) - Sink prometheus already exists!
2019-11-14 03:47:07,332 [main] INFO  server.BaseHttpServer (BaseHttpServer.java:updateConnectorAddress(215)) - HTTP server of SCM is listening at http://0.0.0.0:34560
2019-11-14 03:47:07,332 [main] WARN  server.ServerUtils (ServerUtils.java:getDBPath(222)) - ozone.om.db.dirs is not configured. We recommend adding this setting. Falling back to ozone.metadata.dirs instead.
2019-11-14 03:47:07,333 [org.apache.hadoop.util.JvmPauseMonitor$Monitor@497b560e] INFO  util.JvmPauseMonitor (JvmPauseMonitor.java:run(188)) - Starting JVM pause monitor
2019-11-14 03:47:07,359 [main] INFO  ha.OMHANodeDetails (OMHANodeDetails.java:loadOMHAConfig(190)) - Configuration either no ozone.om.address set. Falling back to the default OM address /127.0.0.1:0
2019-11-14 03:47:07,359 [main] INFO  ha.OMHANodeDetails (OMHANodeDetails.java:getOMNodeDetails(220)) - OM Service ID is not set. Setting it to the default ID: omServiceIdDefault
2019-11-14 03:47:07,360 [main] WARN  server.ServerUtils (ServerUtils.java:getDBPath(222)) - ozone.om.db.dirs is not configured. We recommend adding this setting. Falling back to ozone.metadata.dirs instead.
2019-11-14 03:47:07,360 [main] WARN  server.ServerUtils (ServerUtils.java:getDBPath(222)) - ozone.om.db.dirs is not configured. We recommend adding this setting. Falling back to ozone.metadata.dirs instead.
2019-11-14 03:47:07,367 [main] WARN  server.ServerUtils (ServerUtils.java:getDBPath(222)) - ozone.om.db.dirs is not configured. We recommend adding this setting. Falling back to ozone.metadata.dirs instead.
2019-11-14 03:47:07,368 [main] INFO  db.DBStoreBuilder (DBStoreBuilder.java:addTable(127)) - using custom profile for table: userTable
2019-11-14 03:47:07,368 [main] INFO  db.DBStoreBuilder (DBStoreBuilder.java:processTables(183)) - Using default column profile:DBProfile.DISK for Table:userTable
2019-11-14 03:47:07,368 [main] INFO  db.DBStoreBuilder (DBStoreBuilder.java:addTable(127)) - using custom profile for table: volumeTable
2019-11-14 03:47:07,368 [main] INFO  db.DBStoreBuilder (DBStoreBuilder.java:processTables(183)) - Using default column profile:DBProfile.DISK for Table:volumeTable
2019-11-14 03:47:07,368 [main] INFO  db.DBStoreBuilder (DBStoreBuilder.java:addTable(127)) - using custom profile for table: bucketTable
2019-11-14 03:47:07,368 [main] INFO  db.DBStoreBuilder (DBStoreBuilder.java:processTables(183)) - Using default column profile:DBProfile.DISK for Table:bucketTable
2019-11-14 03:47:07,369 [main] INFO  db.DBStoreBuilder (DBStoreBuilder.java:addTable(127)) - using custom profile for table: keyTable
2019-11-14 03:47:07,369 [main] INFO  db.DBStoreBuilder (DBStoreBuilder.java:processTables(183)) - Using default column profile:DBProfile.DISK for Table:keyTable
2019-11-14 03:47:07,369 [main] INFO  db.DBStoreBuilder (DBStoreBuilder.java:addTable(127)) - using custom profile for table: deletedTable
2019-11-14 03:47:07,369 [main] INFO  db.DBStoreBuilder (DBStoreBuilder.java:processTables(183)) - Using default column profile:DBProfile.DISK for Table:deletedTable
2019-11-14 03:47:07,369 [main] INFO  db.DBStoreBuilder (DBStoreBuilder.java:addTable(127)) - using custom profile for table: openKeyTable
2019-11-14 03:47:07,369 [main] INFO  db.DBStoreBuilder (DBStoreBuilder.java:processTables(183)) - Using default column profile:DBProfile.DISK for Table:openKeyTable
2019-11-14 03:47:07,369 [main] INFO  db.DBStoreBuilder (DBStoreBuilder.java:addTable(127)) - using custom profile for table: s3Table
2019-11-14 03:47:07,369 [main] INFO  db.DBStoreBuilder (DBStoreBuilder.java:processTables(183)) - Using default column profile:DBProfile.DISK for Table:s3Table
2019-11-14 03:47:07,370 [main] INFO  db.DBStoreBuilder (DBStoreBuilder.java:addTable(127)) - using custom profile for table: multipartInfoTable
2019-11-14 03:47:07,370 [main] INFO  db.DBStoreBuilder (DBStoreBuilder.java:processTables(183)) - Using default column profile:DBProfile.DISK for Table:multipartInfoTable
2019-11-14 03:47:07,370 [main] INFO  db.DBStoreBuilder (DBStoreBuilder.java:addTable(127)) - using custom profile for table: dTokenTable
2019-11-14 03:47:07,370 [main] INFO  db.DBStoreBuilder (DBStoreBuilder.java:processTables(183)) - Using default column profile:DBProfile.DISK for Table:dTokenTable
2019-11-14 03:47:07,370 [main] INFO  db.DBStoreBuilder (DBStoreBuilder.java:addTable(127)) - using custom profile for table: s3SecretTable
2019-11-14 03:47:07,370 [main] INFO  db.DBStoreBuilder (DBStoreBuilder.java:processTables(183)) - Using default column profile:DBProfile.DISK for Table:s3SecretTable
2019-11-14 03:47:07,371 [main] INFO  db.DBStoreBuilder (DBStoreBuilder.java:addTable(127)) - using custom profile for table: prefixTable
2019-11-14 03:47:07,371 [main] INFO  db.DBStoreBuilder (DBStoreBuilder.java:processTables(183)) - Using default column profile:DBProfile.DISK for Table:prefixTable
2019-11-14 03:47:07,371 [main] INFO  db.DBStoreBuilder (DBStoreBuilder.java:addTable(127)) - using custom profile for table: default
2019-11-14 03:47:07,371 [main] INFO  db.DBStoreBuilder (DBStoreBuilder.java:processTables(189)) - Using default column profile:DBProfile.DISK for Table:default
2019-11-14 03:47:07,371 [main] INFO  db.DBStoreBuilder (DBStoreBuilder.java:getDbProfile(220)) - Using default options. DBProfile.DISK
2019-11-14 03:47:08,162 [main] INFO  ipc.CallQueueManager (CallQueueManager.java:<init>(84)) - Using callQueue: class java.util.concurrent.LinkedBlockingQueue, queueCapacity: 2000, scheduler: class org.apache.hadoop.ipc.DefaultRpcScheduler, ipcBackoff: false.
2019-11-14 03:47:08,164 [Socket Reader #1 for port 40883] INFO  ipc.Server (Server.java:run(1074)) - Starting Socket Reader #1 for port 40883
2019-11-14 03:47:08,181 [main] INFO  om.OzoneManager (OzoneManager.java:start(1077)) - OzoneManager RPC server is listening at localhost/127.0.0.1:40883
2019-11-14 03:47:08,181 [main] INFO  impl.MetricsSystemImpl (MetricsSystemImpl.java:init(158)) - OzoneManager metrics system started (again)
2019-11-14 03:47:08,183 [IPC Server Responder] INFO  ipc.Server (Server.java:run(1314)) - IPC Server Responder: starting
2019-11-14 03:47:08,184 [IPC Server listener on 40883] INFO  ipc.Server (Server.java:run(1153)) - IPC Server listener on 40883: starting
2019-11-14 03:47:08,189 [main] INFO  hdfs.DFSUtil (DFSUtil.java:httpServerTemplateForNNAndJN(1641)) - Starting Web-server for ozoneManager at: http://0.0.0.0:0
2019-11-14 03:47:08,190 [main] INFO  server.AuthenticationFilter (AuthenticationFilter.java:constructSecretProvider(240)) - Unable to initialize FileSignerSecretProvider, falling back to use random secrets.
2019-11-14 03:47:08,191 [main] WARN  http.HttpRequestLog (HttpRequestLog.java:getRequestLog(97)) - Jetty request log can only be enabled using Log4j
2019-11-14 03:47:08,192 [main] INFO  http.HttpServer2 (HttpServer2.java:addGlobalFilter(975)) - Added global filter 'safety' (class=org.apache.hadoop.http.HttpServer2$QuotingInputFilter)
2019-11-14 03:47:08,193 [main] INFO  http.HttpServer2 (HttpServer2.java:addFilter(948)) - Added filter static_user_filter (class=org.apache.hadoop.http.lib.StaticUserWebFilter$StaticUserFilter) to context ozoneManager
2019-11-14 03:47:08,193 [main] INFO  http.HttpServer2 (HttpServer2.java:addFilter(958)) - Added filter static_user_filter (class=org.apache.hadoop.http.lib.StaticUserWebFilter$StaticUserFilter) to context static
2019-11-14 03:47:08,193 [main] INFO  http.HttpServer2 (HttpServer2.java:addFilter(958)) - Added filter static_user_filter (class=org.apache.hadoop.http.lib.StaticUserWebFilter$StaticUserFilter) to context logs
2019-11-14 03:47:08,194 [main] INFO  http.HttpServer2 (HttpServer2.java:bindListener(1191)) - Jetty bound to port 36182
2019-11-14 03:47:08,194 [main] INFO  server.Server (Server.java:doStart(351)) - jetty-9.3.25.v20180904, build timestamp: 2018-09-04T21:11:46Z, git hash: 3ce520221d0240229c862b122d2b06c12a625732
2019-11-14 03:47:08,196 [main] INFO  handler.ContextHandler (ContextHandler.java:doStart(781)) - Started o.e.j.s.ServletContextHandler@6d33a66e{/logs,file:///workdir/hadoop-ozone/integration-test/target/log,AVAILABLE}
2019-11-14 03:47:08,196 [main] INFO  handler.ContextHandler (ContextHandler.java:doStart(781)) - Started o.e.j.s.ServletContextHandler@5b20706{/static,file:///workdir/hadoop-ozone/integration-test/target/test-classes/webapps/static,AVAILABLE}
2019-11-14 03:47:08,200 [main] INFO  handler.ContextHandler (ContextHandler.java:doStart(781)) - Started o.e.j.w.WebAppContext@fb49fdf{/,file:///workdir/hadoop-ozone/integration-test/target/test-classes/webapps/ozoneManager/,AVAILABLE}{/ozoneManager}
2019-11-14 03:47:08,200 [main] INFO  server.AbstractConnector (AbstractConnector.java:doStart(278)) - Started ServerConnector@3a2e9f5b{HTTP/1.1,[http/1.1]}{0.0.0.0:36182}
2019-11-14 03:47:08,201 [main] INFO  server.Server (Server.java:doStart(419)) - Started @90755ms
2019-11-14 03:47:08,201 [main] WARN  impl.MetricsSystemImpl (MetricsSystemImpl.java:register(276)) - Sink prometheus already exists!
2019-11-14 03:47:08,202 [main] INFO  server.BaseHttpServer (BaseHttpServer.java:updateConnectorAddress(215)) - HTTP server of OZONEMANAGER is listening at http://0.0.0.0:36182
2019-11-14 03:47:08,234 [main] INFO  impl.MetricsSystemImpl (MetricsSystemImpl.java:init(158)) - HddsDatanode metrics system started (again)
2019-11-14 03:47:08,236 [main] INFO  ozone.HddsDatanodeService (HddsDatanodeService.java:start(186)) - HddsDatanodeService host:trunk-nightly-20191114-k5n9k-339518648 ip:192.168.157.206
2019-11-14 03:47:08,244 [main] INFO  volume.HddsVolume (HddsVolume.java:<init>(176)) - Creating Volume: /workdir/hadoop-ozone/integration-test/target/test-dir/MiniOzoneClusterImpl-db6fd866-6788-41aa-8e01-4626558b27a7/datanode-0/data/containers/hdds of  storage type : DISK and capacity : 1482555576320
2019-11-14 03:47:08,244 [main] INFO  volume.VolumeSet (VolumeSet.java:initializeVolumeSet(170)) - Added Volume : /workdir/hadoop-ozone/integration-test/target/test-dir/MiniOzoneClusterImpl-db6fd866-6788-41aa-8e01-4626558b27a7/datanode-0/data/containers/hdds to VolumeSet
2019-11-14 03:47:08,244 [main] INFO  volume.ThrottledAsyncChecker (ThrottledAsyncChecker.java:schedule(141)) - Scheduling a check for /workdir/hadoop-ozone/integration-test/target/test-dir/MiniOzoneClusterImpl-db6fd866-6788-41aa-8e01-4626558b27a7/datanode-0/data/containers/hdds
2019-11-14 03:47:08,245 [main] INFO  volume.HddsVolumeChecker (HddsVolumeChecker.java:checkAllVolumes(204)) - Scheduled health check for volume /workdir/hadoop-ozone/integration-test/target/test-dir/MiniOzoneClusterImpl-db6fd866-6788-41aa-8e01-4626558b27a7/datanode-0/data/containers/hdds
2019-11-14 03:47:08,260 [main] INFO  impl.RaftServerProxy (ConfUtils.java:logGet(43)) - raft.rpc.type = GRPC (default)
2019-11-14 03:47:08,260 [main] INFO  grpc.GrpcFactory (GrpcFactory.java:checkPooledByteBufAllocatorUseCacheForAllThreads(45)) - PERFORMANCE WARNING: useCacheForAllThreads is true that may cause Netty to create a lot garbage objects and, as a result, trigger GC.
	It is recommended to disable useCacheForAllThreads by setting -Dorg.apache.ratis.thirdparty.io.netty.allocator.useCacheForAllThreads=false in command line.
2019-11-14 03:47:08,260 [main] INFO  grpc.GrpcConfigKeys$Server (ConfUtils.java:logGet(43)) - raft.grpc.server.port = 0 (default)
2019-11-14 03:47:08,261 [main] INFO  server.GrpcService (ConfUtils.java:logGet(43)) - raft.grpc.message.size.max = 33570816 (custom)
2019-11-14 03:47:08,261 [main] INFO  server.RaftServerConfigKeys (ConfUtils.java:logGet(43)) - raft.server.log.appender.buffer.byte-limit = 33554432 (custom)
2019-11-14 03:47:08,261 [main] INFO  server.GrpcService (ConfUtils.java:logGet(43)) - raft.grpc.flow.control.window = 1MB (=1048576) (default)
2019-11-14 03:47:08,261 [main] INFO  server.RaftServerConfigKeys (ConfUtils.java:logGet(43)) - raft.server.rpc.request.timeout = 3000ms (default)
2019-11-14 03:47:08,262 [main] INFO  server.RaftServerConfigKeys (ConfUtils.java:logGet(43)) - raft.server.storage.dir = [/workdir/hadoop-ozone/integration-test/target/test-dir/MiniOzoneClusterImpl-db6fd866-6788-41aa-8e01-4626558b27a7/datanode-0/data/ratis] (custom)
2019-11-14 03:47:08,263 [main] INFO  hdfs.DFSUtil (DFSUtil.java:httpServerTemplateForNNAndJN(1641)) - Starting Web-server for hddsDatanode at: http://0.0.0.0:0
2019-11-14 03:47:08,265 [main] INFO  server.AuthenticationFilter (AuthenticationFilter.java:constructSecretProvider(240)) - Unable to initialize FileSignerSecretProvider, falling back to use random secrets.
2019-11-14 03:47:08,265 [main] WARN  http.HttpRequestLog (HttpRequestLog.java:getRequestLog(97)) - Jetty request log can only be enabled using Log4j
2019-11-14 03:47:08,267 [main] INFO  http.HttpServer2 (HttpServer2.java:addGlobalFilter(975)) - Added global filter 'safety' (class=org.apache.hadoop.http.HttpServer2$QuotingInputFilter)
2019-11-14 03:47:08,267 [main] INFO  http.HttpServer2 (HttpServer2.java:addFilter(948)) - Added filter static_user_filter (class=org.apache.hadoop.http.lib.StaticUserWebFilter$StaticUserFilter) to context hddsDatanode
2019-11-14 03:47:08,267 [main] INFO  http.HttpServer2 (HttpServer2.java:addFilter(958)) - Added filter static_user_filter (class=org.apache.hadoop.http.lib.StaticUserWebFilter$StaticUserFilter) to context static
2019-11-14 03:47:08,267 [main] INFO  http.HttpServer2 (HttpServer2.java:addFilter(958)) - Added filter static_user_filter (class=org.apache.hadoop.http.lib.StaticUserWebFilter$StaticUserFilter) to context logs
2019-11-14 03:47:08,268 [main] INFO  http.HttpServer2 (HttpServer2.java:bindListener(1191)) - Jetty bound to port 37094
2019-11-14 03:47:08,268 [main] INFO  server.Server (Server.java:doStart(351)) - jetty-9.3.25.v20180904, build timestamp: 2018-09-04T21:11:46Z, git hash: 3ce520221d0240229c862b122d2b06c12a625732
2019-11-14 03:47:08,270 [main] INFO  handler.ContextHandler (ContextHandler.java:doStart(781)) - Started o.e.j.s.ServletContextHandler@38b3f208{/logs,file:///workdir/hadoop-ozone/integration-test/target/log,AVAILABLE}
2019-11-14 03:47:08,270 [main] INFO  handler.ContextHandler (ContextHandler.java:doStart(781)) - Started o.e.j.s.ServletContextHandler@53b1a3f8{/static,jar:file:/home/user/.m2/repository/org/apache/hadoop/hadoop-hdds-container-service/0.5.0-SNAPSHOT/hadoop-hdds-container-service-0.5.0-SNAPSHOT.jar!/webapps/static,AVAILABLE}
2019-11-14 03:47:08,303 [main] INFO  handler.ContextHandler (ContextHandler.java:doStart(781)) - Started o.e.j.w.WebAppContext@163042ea{/,file:///tmp/jetty-0.0.0.0-37094-hddsDatanode-_-any-8983881249421079167.dir/webapp/,AVAILABLE}{/hddsDatanode}
2019-11-14 03:47:08,303 [main] INFO  server.AbstractConnector (AbstractConnector.java:doStart(278)) - Started ServerConnector@11d045b4{HTTP/1.1,[http/1.1]}{0.0.0.0:37094}
2019-11-14 03:47:08,304 [main] INFO  server.Server (Server.java:doStart(419)) - Started @90859ms
2019-11-14 03:47:08,304 [main] WARN  impl.MetricsSystemImpl (MetricsSystemImpl.java:register(276)) - Sink prometheus already exists!
2019-11-14 03:47:08,305 [main] INFO  server.BaseHttpServer (BaseHttpServer.java:updateConnectorAddress(215)) - HTTP server of HDDSDATANODE is listening at http://0.0.0.0:37094
2019-11-14 03:47:08,306 [main] INFO  impl.MetricsSystemImpl (MetricsSystemImpl.java:init(158)) - HddsDatanode metrics system started (again)
2019-11-14 03:47:08,309 [org.apache.hadoop.util.JvmPauseMonitor$Monitor@47e14932] INFO  util.JvmPauseMonitor (JvmPauseMonitor.java:run(188)) - Starting JVM pause monitor
2019-11-14 03:47:08,309 [main] INFO  ozone.HddsDatanodeService (HddsDatanodeService.java:start(186)) - HddsDatanodeService host:trunk-nightly-20191114-k5n9k-339518648 ip:192.168.157.206
2019-11-14 03:47:08,312 [Datanode State Machine Thread - 0] INFO  datanode.InitDatanodeState (InitDatanodeState.java:persistContainerDatanodeDetails(140)) - DatanodeDetails is persisted to /workdir/hadoop-ozone/integration-test/target/test-dir/MiniOzoneClusterImpl-db6fd866-6788-41aa-8e01-4626558b27a7/datanode-0/meta/datanode.id
2019-11-14 03:47:08,315 [main] INFO  volume.HddsVolume (HddsVolume.java:<init>(176)) - Creating Volume: /workdir/hadoop-ozone/integration-test/target/test-dir/MiniOzoneClusterImpl-db6fd866-6788-41aa-8e01-4626558b27a7/datanode-1/data/containers/hdds of  storage type : DISK and capacity : 1482555576320
2019-11-14 03:47:08,316 [main] INFO  volume.VolumeSet (VolumeSet.java:initializeVolumeSet(170)) - Added Volume : /workdir/hadoop-ozone/integration-test/target/test-dir/MiniOzoneClusterImpl-db6fd866-6788-41aa-8e01-4626558b27a7/datanode-1/data/containers/hdds to VolumeSet
2019-11-14 03:47:08,316 [main] INFO  volume.ThrottledAsyncChecker (ThrottledAsyncChecker.java:schedule(141)) - Scheduling a check for /workdir/hadoop-ozone/integration-test/target/test-dir/MiniOzoneClusterImpl-db6fd866-6788-41aa-8e01-4626558b27a7/datanode-1/data/containers/hdds
2019-11-14 03:47:08,317 [main] INFO  volume.HddsVolumeChecker (HddsVolumeChecker.java:checkAllVolumes(204)) - Scheduled health check for volume /workdir/hadoop-ozone/integration-test/target/test-dir/MiniOzoneClusterImpl-db6fd866-6788-41aa-8e01-4626558b27a7/datanode-1/data/containers/hdds
2019-11-14 03:47:08,337 [main] INFO  impl.RaftServerProxy (ConfUtils.java:logGet(43)) - raft.rpc.type = GRPC (default)
2019-11-14 03:47:08,337 [main] INFO  grpc.GrpcFactory (GrpcFactory.java:checkPooledByteBufAllocatorUseCacheForAllThreads(45)) - PERFORMANCE WARNING: useCacheForAllThreads is true that may cause Netty to create a lot garbage objects and, as a result, trigger GC.
	It is recommended to disable useCacheForAllThreads by setting -Dorg.apache.ratis.thirdparty.io.netty.allocator.useCacheForAllThreads=false in command line.
2019-11-14 03:47:08,337 [main] INFO  grpc.GrpcConfigKeys$Server (ConfUtils.java:logGet(43)) - raft.grpc.server.port = 0 (default)
2019-11-14 03:47:08,337 [main] INFO  server.GrpcService (ConfUtils.java:logGet(43)) - raft.grpc.message.size.max = 33570816 (custom)
2019-11-14 03:47:08,338 [main] INFO  server.RaftServerConfigKeys (ConfUtils.java:logGet(43)) - raft.server.log.appender.buffer.byte-limit = 33554432 (custom)
2019-11-14 03:47:08,338 [main] INFO  server.GrpcService (ConfUtils.java:logGet(43)) - raft.grpc.flow.control.window = 1MB (=1048576) (default)
2019-11-14 03:47:08,338 [main] INFO  server.RaftServerConfigKeys (ConfUtils.java:logGet(43)) - raft.server.rpc.request.timeout = 3000ms (default)
2019-11-14 03:47:08,339 [main] INFO  server.RaftServerConfigKeys (ConfUtils.java:logGet(43)) - raft.server.storage.dir = [/workdir/hadoop-ozone/integration-test/target/test-dir/MiniOzoneClusterImpl-db6fd866-6788-41aa-8e01-4626558b27a7/datanode-1/data/ratis] (custom)
2019-11-14 03:47:08,341 [main] INFO  hdfs.DFSUtil (DFSUtil.java:httpServerTemplateForNNAndJN(1641)) - Starting Web-server for hddsDatanode at: http://0.0.0.0:0
2019-11-14 03:47:08,343 [main] INFO  server.AuthenticationFilter (AuthenticationFilter.java:constructSecretProvider(240)) - Unable to initialize FileSignerSecretProvider, falling back to use random secrets.
2019-11-14 03:47:08,343 [main] WARN  http.HttpRequestLog (HttpRequestLog.java:getRequestLog(97)) - Jetty request log can only be enabled using Log4j
2019-11-14 03:47:08,345 [main] INFO  http.HttpServer2 (HttpServer2.java:addGlobalFilter(975)) - Added global filter 'safety' (class=org.apache.hadoop.http.HttpServer2$QuotingInputFilter)
2019-11-14 03:47:08,346 [main] INFO  http.HttpServer2 (HttpServer2.java:addFilter(948)) - Added filter static_user_filter (class=org.apache.hadoop.http.lib.StaticUserWebFilter$StaticUserFilter) to context hddsDatanode
2019-11-14 03:47:08,346 [main] INFO  http.HttpServer2 (HttpServer2.java:addFilter(958)) - Added filter static_user_filter (class=org.apache.hadoop.http.lib.StaticUserWebFilter$StaticUserFilter) to context logs
2019-11-14 03:47:08,346 [main] INFO  http.HttpServer2 (HttpServer2.java:addFilter(958)) - Added filter static_user_filter (class=org.apache.hadoop.http.lib.StaticUserWebFilter$StaticUserFilter) to context static
2019-11-14 03:47:08,347 [main] INFO  http.HttpServer2 (HttpServer2.java:bindListener(1191)) - Jetty bound to port 36263
2019-11-14 03:47:08,347 [main] INFO  server.Server (Server.java:doStart(351)) - jetty-9.3.25.v20180904, build timestamp: 2018-09-04T21:11:46Z, git hash: 3ce520221d0240229c862b122d2b06c12a625732
2019-11-14 03:47:08,350 [main] INFO  handler.ContextHandler (ContextHandler.java:doStart(781)) - Started o.e.j.s.ServletContextHandler@5c9934da{/logs,file:///workdir/hadoop-ozone/integration-test/target/log,AVAILABLE}
2019-11-14 03:47:08,351 [main] INFO  handler.ContextHandler (ContextHandler.java:doStart(781)) - Started o.e.j.s.ServletContextHandler@383caf89{/static,jar:file:/home/user/.m2/repository/org/apache/hadoop/hadoop-hdds-container-service/0.5.0-SNAPSHOT/hadoop-hdds-container-service-0.5.0-SNAPSHOT.jar!/webapps/static,AVAILABLE}
2019-11-14 03:47:08,389 [main] INFO  handler.ContextHandler (ContextHandler.java:doStart(781)) - Started o.e.j.w.WebAppContext@7efa3f63{/,file:///tmp/jetty-0.0.0.0-36263-hddsDatanode-_-any-3234503030954605084.dir/webapp/,AVAILABLE}{/hddsDatanode}
2019-11-14 03:47:08,390 [main] INFO  server.AbstractConnector (AbstractConnector.java:doStart(278)) - Started ServerConnector@7134b8a7{HTTP/1.1,[http/1.1]}{0.0.0.0:36263}
2019-11-14 03:47:08,390 [main] INFO  server.Server (Server.java:doStart(419)) - Started @90945ms
2019-11-14 03:47:08,390 [main] WARN  impl.MetricsSystemImpl (MetricsSystemImpl.java:register(276)) - Sink prometheus already exists!
2019-11-14 03:47:08,391 [main] INFO  server.BaseHttpServer (BaseHttpServer.java:updateConnectorAddress(215)) - HTTP server of HDDSDATANODE is listening at http://0.0.0.0:36263
2019-11-14 03:47:08,392 [main] INFO  impl.MetricsSystemImpl (MetricsSystemImpl.java:init(158)) - HddsDatanode metrics system started (again)
2019-11-14 03:47:08,394 [main] INFO  ozone.HddsDatanodeService (HddsDatanodeService.java:start(186)) - HddsDatanodeService host:trunk-nightly-20191114-k5n9k-339518648 ip:192.168.157.206
2019-11-14 03:47:08,394 [org.apache.hadoop.util.JvmPauseMonitor$Monitor@265f7844] INFO  util.JvmPauseMonitor (JvmPauseMonitor.java:run(188)) - Starting JVM pause monitor
2019-11-14 03:47:08,396 [Datanode State Machine Thread - 0] INFO  datanode.InitDatanodeState (InitDatanodeState.java:persistContainerDatanodeDetails(140)) - DatanodeDetails is persisted to /workdir/hadoop-ozone/integration-test/target/test-dir/MiniOzoneClusterImpl-db6fd866-6788-41aa-8e01-4626558b27a7/datanode-1/meta/datanode.id
2019-11-14 03:47:08,400 [main] INFO  volume.HddsVolume (HddsVolume.java:<init>(176)) - Creating Volume: /workdir/hadoop-ozone/integration-test/target/test-dir/MiniOzoneClusterImpl-db6fd866-6788-41aa-8e01-4626558b27a7/datanode-2/data/containers/hdds of  storage type : DISK and capacity : 1482555576320
2019-11-14 03:47:08,401 [main] INFO  volume.VolumeSet (VolumeSet.java:initializeVolumeSet(170)) - Added Volume : /workdir/hadoop-ozone/integration-test/target/test-dir/MiniOzoneClusterImpl-db6fd866-6788-41aa-8e01-4626558b27a7/datanode-2/data/containers/hdds to VolumeSet
2019-11-14 03:47:08,401 [main] INFO  volume.ThrottledAsyncChecker (ThrottledAsyncChecker.java:schedule(141)) - Scheduling a check for /workdir/hadoop-ozone/integration-test/target/test-dir/MiniOzoneClusterImpl-db6fd866-6788-41aa-8e01-4626558b27a7/datanode-2/data/containers/hdds
2019-11-14 03:47:08,401 [main] INFO  volume.HddsVolumeChecker (HddsVolumeChecker.java:checkAllVolumes(204)) - Scheduled health check for volume /workdir/hadoop-ozone/integration-test/target/test-dir/MiniOzoneClusterImpl-db6fd866-6788-41aa-8e01-4626558b27a7/datanode-2/data/containers/hdds
2019-11-14 03:47:08,414 [main] INFO  impl.RaftServerProxy (ConfUtils.java:logGet(43)) - raft.rpc.type = GRPC (default)
2019-11-14 03:47:08,415 [main] INFO  grpc.GrpcFactory (GrpcFactory.java:checkPooledByteBufAllocatorUseCacheForAllThreads(45)) - PERFORMANCE WARNING: useCacheForAllThreads is true that may cause Netty to create a lot garbage objects and, as a result, trigger GC.
	It is recommended to disable useCacheForAllThreads by setting -Dorg.apache.ratis.thirdparty.io.netty.allocator.useCacheForAllThreads=false in command line.
2019-11-14 03:47:08,415 [main] INFO  grpc.GrpcConfigKeys$Server (ConfUtils.java:logGet(43)) - raft.grpc.server.port = 0 (default)
2019-11-14 03:47:08,415 [main] INFO  server.GrpcService (ConfUtils.java:logGet(43)) - raft.grpc.message.size.max = 33570816 (custom)
2019-11-14 03:47:08,415 [main] INFO  server.RaftServerConfigKeys (ConfUtils.java:logGet(43)) - raft.server.log.appender.buffer.byte-limit = 33554432 (custom)
2019-11-14 03:47:08,415 [main] INFO  server.GrpcService (ConfUtils.java:logGet(43)) - raft.grpc.flow.control.window = 1MB (=1048576) (default)
2019-11-14 03:47:08,415 [main] INFO  server.RaftServerConfigKeys (ConfUtils.java:logGet(43)) - raft.server.rpc.request.timeout = 3000ms (default)
2019-11-14 03:47:08,416 [main] INFO  server.RaftServerConfigKeys (ConfUtils.java:logGet(43)) - raft.server.storage.dir = [/workdir/hadoop-ozone/integration-test/target/test-dir/MiniOzoneClusterImpl-db6fd866-6788-41aa-8e01-4626558b27a7/datanode-2/data/ratis] (custom)
2019-11-14 03:47:08,417 [main] INFO  hdfs.DFSUtil (DFSUtil.java:httpServerTemplateForNNAndJN(1641)) - Starting Web-server for hddsDatanode at: http://0.0.0.0:0
2019-11-14 03:47:08,419 [main] INFO  server.AuthenticationFilter (AuthenticationFilter.java:constructSecretProvider(240)) - Unable to initialize FileSignerSecretProvider, falling back to use random secrets.
2019-11-14 03:47:08,419 [main] WARN  http.HttpRequestLog (HttpRequestLog.java:getRequestLog(97)) - Jetty request log can only be enabled using Log4j
2019-11-14 03:47:08,422 [main] INFO  http.HttpServer2 (HttpServer2.java:addGlobalFilter(975)) - Added global filter 'safety' (class=org.apache.hadoop.http.HttpServer2$QuotingInputFilter)
2019-11-14 03:47:08,422 [main] INFO  http.HttpServer2 (HttpServer2.java:addFilter(948)) - Added filter static_user_filter (class=org.apache.hadoop.http.lib.StaticUserWebFilter$StaticUserFilter) to context hddsDatanode
2019-11-14 03:47:08,423 [main] INFO  http.HttpServer2 (HttpServer2.java:addFilter(958)) - Added filter static_user_filter (class=org.apache.hadoop.http.lib.StaticUserWebFilter$StaticUserFilter) to context static
2019-11-14 03:47:08,423 [main] INFO  http.HttpServer2 (HttpServer2.java:addFilter(958)) - Added filter static_user_filter (class=org.apache.hadoop.http.lib.StaticUserWebFilter$StaticUserFilter) to context logs
2019-11-14 03:47:08,424 [main] INFO  http.HttpServer2 (HttpServer2.java:bindListener(1191)) - Jetty bound to port 36649
2019-11-14 03:47:08,424 [main] INFO  server.Server (Server.java:doStart(351)) - jetty-9.3.25.v20180904, build timestamp: 2018-09-04T21:11:46Z, git hash: 3ce520221d0240229c862b122d2b06c12a625732
2019-11-14 03:47:08,427 [main] INFO  handler.ContextHandler (ContextHandler.java:doStart(781)) - Started o.e.j.s.ServletContextHandler@2ceee4b6{/logs,file:///workdir/hadoop-ozone/integration-test/target/log,AVAILABLE}
2019-11-14 03:47:08,428 [main] INFO  handler.ContextHandler (ContextHandler.java:doStart(781)) - Started o.e.j.s.ServletContextHandler@6968bcec{/static,jar:file:/home/user/.m2/repository/org/apache/hadoop/hadoop-hdds-container-service/0.5.0-SNAPSHOT/hadoop-hdds-container-service-0.5.0-SNAPSHOT.jar!/webapps/static,AVAILABLE}
2019-11-14 03:47:08,474 [main] INFO  handler.ContextHandler (ContextHandler.java:doStart(781)) - Started o.e.j.w.WebAppContext@2ead6ba4{/,file:///tmp/jetty-0.0.0.0-36649-hddsDatanode-_-any-3352386130254933807.dir/webapp/,AVAILABLE}{/hddsDatanode}
2019-11-14 03:47:08,474 [main] INFO  server.AbstractConnector (AbstractConnector.java:doStart(278)) - Started ServerConnector@31a2a9fa{HTTP/1.1,[http/1.1]}{0.0.0.0:36649}
2019-11-14 03:47:08,475 [main] INFO  server.Server (Server.java:doStart(419)) - Started @91029ms
2019-11-14 03:47:08,475 [main] WARN  impl.MetricsSystemImpl (MetricsSystemImpl.java:register(276)) - Sink prometheus already exists!
2019-11-14 03:47:08,476 [main] INFO  server.BaseHttpServer (BaseHttpServer.java:updateConnectorAddress(215)) - HTTP server of HDDSDATANODE is listening at http://0.0.0.0:36649
2019-11-14 03:47:08,477 [main] INFO  impl.MetricsSystemImpl (MetricsSystemImpl.java:init(158)) - HddsDatanode metrics system started (again)
2019-11-14 03:47:08,479 [main] INFO  ozone.HddsDatanodeService (HddsDatanodeService.java:start(186)) - HddsDatanodeService host:trunk-nightly-20191114-k5n9k-339518648 ip:192.168.157.206
2019-11-14 03:47:08,479 [org.apache.hadoop.util.JvmPauseMonitor$Monitor@5e8c58ba] INFO  util.JvmPauseMonitor (JvmPauseMonitor.java:run(188)) - Starting JVM pause monitor
2019-11-14 03:47:08,481 [Datanode State Machine Thread - 0] INFO  datanode.InitDatanodeState (InitDatanodeState.java:persistContainerDatanodeDetails(140)) - DatanodeDetails is persisted to /workdir/hadoop-ozone/integration-test/target/test-dir/MiniOzoneClusterImpl-db6fd866-6788-41aa-8e01-4626558b27a7/datanode-2/meta/datanode.id
2019-11-14 03:47:08,486 [main] INFO  volume.HddsVolume (HddsVolume.java:<init>(176)) - Creating Volume: /workdir/hadoop-ozone/integration-test/target/test-dir/MiniOzoneClusterImpl-db6fd866-6788-41aa-8e01-4626558b27a7/datanode-3/data/containers/hdds of  storage type : DISK and capacity : 1482555576320
2019-11-14 03:47:08,486 [main] INFO  volume.VolumeSet (VolumeSet.java:initializeVolumeSet(170)) - Added Volume : /workdir/hadoop-ozone/integration-test/target/test-dir/MiniOzoneClusterImpl-db6fd866-6788-41aa-8e01-4626558b27a7/datanode-3/data/containers/hdds to VolumeSet
2019-11-14 03:47:08,487 [main] INFO  volume.ThrottledAsyncChecker (ThrottledAsyncChecker.java:schedule(141)) - Scheduling a check for /workdir/hadoop-ozone/integration-test/target/test-dir/MiniOzoneClusterImpl-db6fd866-6788-41aa-8e01-4626558b27a7/datanode-3/data/containers/hdds
2019-11-14 03:47:08,487 [main] INFO  volume.HddsVolumeChecker (HddsVolumeChecker.java:checkAllVolumes(204)) - Scheduled health check for volume /workdir/hadoop-ozone/integration-test/target/test-dir/MiniOzoneClusterImpl-db6fd866-6788-41aa-8e01-4626558b27a7/datanode-3/data/containers/hdds
2019-11-14 03:47:08,502 [main] INFO  impl.RaftServerProxy (ConfUtils.java:logGet(43)) - raft.rpc.type = GRPC (default)
2019-11-14 03:47:08,502 [main] INFO  grpc.GrpcFactory (GrpcFactory.java:checkPooledByteBufAllocatorUseCacheForAllThreads(45)) - PERFORMANCE WARNING: useCacheForAllThreads is true that may cause Netty to create a lot garbage objects and, as a result, trigger GC.
	It is recommended to disable useCacheForAllThreads by setting -Dorg.apache.ratis.thirdparty.io.netty.allocator.useCacheForAllThreads=false in command line.
2019-11-14 03:47:08,503 [main] INFO  grpc.GrpcConfigKeys$Server (ConfUtils.java:logGet(43)) - raft.grpc.server.port = 0 (default)
2019-11-14 03:47:08,503 [main] INFO  server.GrpcService (ConfUtils.java:logGet(43)) - raft.grpc.message.size.max = 33570816 (custom)
2019-11-14 03:47:08,503 [main] INFO  server.RaftServerConfigKeys (ConfUtils.java:logGet(43)) - raft.server.log.appender.buffer.byte-limit = 33554432 (custom)
2019-11-14 03:47:08,503 [main] INFO  server.GrpcService (ConfUtils.java:logGet(43)) - raft.grpc.flow.control.window = 1MB (=1048576) (default)
2019-11-14 03:47:08,503 [main] INFO  server.RaftServerConfigKeys (ConfUtils.java:logGet(43)) - raft.server.rpc.request.timeout = 3000ms (default)
2019-11-14 03:47:08,504 [main] INFO  server.RaftServerConfigKeys (ConfUtils.java:logGet(43)) - raft.server.storage.dir = [/workdir/hadoop-ozone/integration-test/target/test-dir/MiniOzoneClusterImpl-db6fd866-6788-41aa-8e01-4626558b27a7/datanode-3/data/ratis] (custom)
2019-11-14 03:47:08,505 [main] INFO  hdfs.DFSUtil (DFSUtil.java:httpServerTemplateForNNAndJN(1641)) - Starting Web-server for hddsDatanode at: http://0.0.0.0:0
2019-11-14 03:47:08,507 [main] INFO  server.AuthenticationFilter (AuthenticationFilter.java:constructSecretProvider(240)) - Unable to initialize FileSignerSecretProvider, falling back to use random secrets.
2019-11-14 03:47:08,507 [main] WARN  http.HttpRequestLog (HttpRequestLog.java:getRequestLog(97)) - Jetty request log can only be enabled using Log4j
2019-11-14 03:47:08,508 [main] INFO  http.HttpServer2 (HttpServer2.java:addGlobalFilter(975)) - Added global filter 'safety' (class=org.apache.hadoop.http.HttpServer2$QuotingInputFilter)
2019-11-14 03:47:08,509 [main] INFO  http.HttpServer2 (HttpServer2.java:addFilter(948)) - Added filter static_user_filter (class=org.apache.hadoop.http.lib.StaticUserWebFilter$StaticUserFilter) to context hddsDatanode
2019-11-14 03:47:08,509 [main] INFO  http.HttpServer2 (HttpServer2.java:addFilter(958)) - Added filter static_user_filter (class=org.apache.hadoop.http.lib.StaticUserWebFilter$StaticUserFilter) to context logs
2019-11-14 03:47:08,509 [main] INFO  http.HttpServer2 (HttpServer2.java:addFilter(958)) - Added filter static_user_filter (class=org.apache.hadoop.http.lib.StaticUserWebFilter$StaticUserFilter) to context static
2019-11-14 03:47:08,510 [main] INFO  http.HttpServer2 (HttpServer2.java:bindListener(1191)) - Jetty bound to port 33663
2019-11-14 03:47:08,510 [main] INFO  server.Server (Server.java:doStart(351)) - jetty-9.3.25.v20180904, build timestamp: 2018-09-04T21:11:46Z, git hash: 3ce520221d0240229c862b122d2b06c12a625732
2019-11-14 03:47:08,512 [main] INFO  handler.ContextHandler (ContextHandler.java:doStart(781)) - Started o.e.j.s.ServletContextHandler@fb0a08c{/logs,file:///workdir/hadoop-ozone/integration-test/target/log,AVAILABLE}
2019-11-14 03:47:08,512 [main] INFO  handler.ContextHandler (ContextHandler.java:doStart(781)) - Started o.e.j.s.ServletContextHandler@4debbf0{/static,jar:file:/home/user/.m2/repository/org/apache/hadoop/hadoop-hdds-container-service/0.5.0-SNAPSHOT/hadoop-hdds-container-service-0.5.0-SNAPSHOT.jar!/webapps/static,AVAILABLE}
2019-11-14 03:47:08,545 [main] INFO  handler.ContextHandler (ContextHandler.java:doStart(781)) - Started o.e.j.w.WebAppContext@1860f3be{/,file:///tmp/jetty-0.0.0.0-33663-hddsDatanode-_-any-5415806288486302741.dir/webapp/,AVAILABLE}{/hddsDatanode}
2019-11-14 03:47:08,545 [main] INFO  server.AbstractConnector (AbstractConnector.java:doStart(278)) - Started ServerConnector@6cd15072{HTTP/1.1,[http/1.1]}{0.0.0.0:33663}
2019-11-14 03:47:08,546 [main] INFO  server.Server (Server.java:doStart(419)) - Started @91101ms
2019-11-14 03:47:08,546 [main] WARN  impl.MetricsSystemImpl (MetricsSystemImpl.java:register(276)) - Sink prometheus already exists!
2019-11-14 03:47:08,548 [main] INFO  server.BaseHttpServer (BaseHttpServer.java:updateConnectorAddress(215)) - HTTP server of HDDSDATANODE is listening at http://0.0.0.0:33663
2019-11-14 03:47:08,548 [main] INFO  impl.MetricsSystemImpl (MetricsSystemImpl.java:init(158)) - HddsDatanode metrics system started (again)
2019-11-14 03:47:08,552 [org.apache.hadoop.util.JvmPauseMonitor$Monitor@1d06a64b] INFO  util.JvmPauseMonitor (JvmPauseMonitor.java:run(188)) - Starting JVM pause monitor
2019-11-14 03:47:08,552 [main] INFO  ozone.HddsDatanodeService (HddsDatanodeService.java:start(186)) - HddsDatanodeService host:trunk-nightly-20191114-k5n9k-339518648 ip:192.168.157.206
2019-11-14 03:47:08,554 [Datanode State Machine Thread - 0] INFO  datanode.InitDatanodeState (InitDatanodeState.java:persistContainerDatanodeDetails(140)) - DatanodeDetails is persisted to /workdir/hadoop-ozone/integration-test/target/test-dir/MiniOzoneClusterImpl-db6fd866-6788-41aa-8e01-4626558b27a7/datanode-3/meta/datanode.id
2019-11-14 03:47:08,560 [main] INFO  volume.HddsVolume (HddsVolume.java:<init>(176)) - Creating Volume: /workdir/hadoop-ozone/integration-test/target/test-dir/MiniOzoneClusterImpl-db6fd866-6788-41aa-8e01-4626558b27a7/datanode-4/data/containers/hdds of  storage type : DISK and capacity : 1482555576320
2019-11-14 03:47:08,561 [main] INFO  volume.VolumeSet (VolumeSet.java:initializeVolumeSet(170)) - Added Volume : /workdir/hadoop-ozone/integration-test/target/test-dir/MiniOzoneClusterImpl-db6fd866-6788-41aa-8e01-4626558b27a7/datanode-4/data/containers/hdds to VolumeSet
2019-11-14 03:47:08,561 [main] INFO  volume.ThrottledAsyncChecker (ThrottledAsyncChecker.java:schedule(141)) - Scheduling a check for /workdir/hadoop-ozone/integration-test/target/test-dir/MiniOzoneClusterImpl-db6fd866-6788-41aa-8e01-4626558b27a7/datanode-4/data/containers/hdds
2019-11-14 03:47:08,562 [main] INFO  volume.HddsVolumeChecker (HddsVolumeChecker.java:checkAllVolumes(204)) - Scheduled health check for volume /workdir/hadoop-ozone/integration-test/target/test-dir/MiniOzoneClusterImpl-db6fd866-6788-41aa-8e01-4626558b27a7/datanode-4/data/containers/hdds
2019-11-14 03:47:08,580 [main] INFO  impl.RaftServerProxy (ConfUtils.java:logGet(43)) - raft.rpc.type = GRPC (default)
2019-11-14 03:47:08,580 [main] INFO  grpc.GrpcFactory (GrpcFactory.java:checkPooledByteBufAllocatorUseCacheForAllThreads(45)) - PERFORMANCE WARNING: useCacheForAllThreads is true that may cause Netty to create a lot garbage objects and, as a result, trigger GC.
	It is recommended to disable useCacheForAllThreads by setting -Dorg.apache.ratis.thirdparty.io.netty.allocator.useCacheForAllThreads=false in command line.
2019-11-14 03:47:08,580 [main] INFO  grpc.GrpcConfigKeys$Server (ConfUtils.java:logGet(43)) - raft.grpc.server.port = 0 (default)
2019-11-14 03:47:08,581 [main] INFO  server.GrpcService (ConfUtils.java:logGet(43)) - raft.grpc.message.size.max = 33570816 (custom)
2019-11-14 03:47:08,581 [main] INFO  server.RaftServerConfigKeys (ConfUtils.java:logGet(43)) - raft.server.log.appender.buffer.byte-limit = 33554432 (custom)
2019-11-14 03:47:08,581 [main] INFO  server.GrpcService (ConfUtils.java:logGet(43)) - raft.grpc.flow.control.window = 1MB (=1048576) (default)
2019-11-14 03:47:08,581 [main] INFO  server.RaftServerConfigKeys (ConfUtils.java:logGet(43)) - raft.server.rpc.request.timeout = 3000ms (default)
2019-11-14 03:47:08,582 [main] INFO  server.RaftServerConfigKeys (ConfUtils.java:logGet(43)) - raft.server.storage.dir = [/workdir/hadoop-ozone/integration-test/target/test-dir/MiniOzoneClusterImpl-db6fd866-6788-41aa-8e01-4626558b27a7/datanode-4/data/ratis] (custom)
2019-11-14 03:47:08,583 [main] INFO  hdfs.DFSUtil (DFSUtil.java:httpServerTemplateForNNAndJN(1641)) - Starting Web-server for hddsDatanode at: http://0.0.0.0:0
2019-11-14 03:47:08,585 [main] INFO  server.AuthenticationFilter (AuthenticationFilter.java:constructSecretProvider(240)) - Unable to initialize FileSignerSecretProvider, falling back to use random secrets.
2019-11-14 03:47:08,585 [main] WARN  http.HttpRequestLog (HttpRequestLog.java:getRequestLog(97)) - Jetty request log can only be enabled using Log4j
2019-11-14 03:47:08,586 [main] INFO  http.HttpServer2 (HttpServer2.java:addGlobalFilter(975)) - Added global filter 'safety' (class=org.apache.hadoop.http.HttpServer2$QuotingInputFilter)
2019-11-14 03:47:08,587 [main] INFO  http.HttpServer2 (HttpServer2.java:addFilter(948)) - Added filter static_user_filter (class=org.apache.hadoop.http.lib.StaticUserWebFilter$StaticUserFilter) to context hddsDatanode
2019-11-14 03:47:08,587 [main] INFO  http.HttpServer2 (HttpServer2.java:addFilter(958)) - Added filter static_user_filter (class=org.apache.hadoop.http.lib.StaticUserWebFilter$StaticUserFilter) to context logs
2019-11-14 03:47:08,587 [main] INFO  http.HttpServer2 (HttpServer2.java:addFilter(958)) - Added filter static_user_filter (class=org.apache.hadoop.http.lib.StaticUserWebFilter$StaticUserFilter) to context static
2019-11-14 03:47:08,588 [main] INFO  http.HttpServer2 (HttpServer2.java:bindListener(1191)) - Jetty bound to port 45419
2019-11-14 03:47:08,588 [main] INFO  server.Server (Server.java:doStart(351)) - jetty-9.3.25.v20180904, build timestamp: 2018-09-04T21:11:46Z, git hash: 3ce520221d0240229c862b122d2b06c12a625732
2019-11-14 03:47:08,590 [main] INFO  handler.ContextHandler (ContextHandler.java:doStart(781)) - Started o.e.j.s.ServletContextHandler@35ef439e{/logs,file:///workdir/hadoop-ozone/integration-test/target/log,AVAILABLE}
2019-11-14 03:47:08,590 [main] INFO  handler.ContextHandler (ContextHandler.java:doStart(781)) - Started o.e.j.s.ServletContextHandler@7bcecef6{/static,jar:file:/home/user/.m2/repository/org/apache/hadoop/hadoop-hdds-container-service/0.5.0-SNAPSHOT/hadoop-hdds-container-service-0.5.0-SNAPSHOT.jar!/webapps/static,AVAILABLE}
2019-11-14 03:47:08,623 [main] INFO  handler.ContextHandler (ContextHandler.java:doStart(781)) - Started o.e.j.w.WebAppContext@889a8a8{/,file:///tmp/jetty-0.0.0.0-45419-hddsDatanode-_-any-2173276203458333728.dir/webapp/,AVAILABLE}{/hddsDatanode}
2019-11-14 03:47:08,623 [main] INFO  server.AbstractConnector (AbstractConnector.java:doStart(278)) - Started ServerConnector@f29353f{HTTP/1.1,[http/1.1]}{0.0.0.0:45419}
2019-11-14 03:47:08,624 [main] INFO  server.Server (Server.java:doStart(419)) - Started @91179ms
2019-11-14 03:47:08,624 [main] WARN  impl.MetricsSystemImpl (MetricsSystemImpl.java:register(276)) - Sink prometheus already exists!
2019-11-14 03:47:08,625 [main] INFO  server.BaseHttpServer (BaseHttpServer.java:updateConnectorAddress(215)) - HTTP server of HDDSDATANODE is listening at http://0.0.0.0:45419
2019-11-14 03:47:08,626 [main] INFO  impl.MetricsSystemImpl (MetricsSystemImpl.java:init(158)) - HddsDatanode metrics system started (again)
2019-11-14 03:47:08,628 [main] INFO  ozone.HddsDatanodeService (HddsDatanodeService.java:start(186)) - HddsDatanodeService host:trunk-nightly-20191114-k5n9k-339518648 ip:192.168.157.206
2019-11-14 03:47:08,629 [org.apache.hadoop.util.JvmPauseMonitor$Monitor@5374bdeb] INFO  util.JvmPauseMonitor (JvmPauseMonitor.java:run(188)) - Starting JVM pause monitor
2019-11-14 03:47:08,631 [Datanode State Machine Thread - 0] INFO  datanode.InitDatanodeState (InitDatanodeState.java:persistContainerDatanodeDetails(140)) - DatanodeDetails is persisted to /workdir/hadoop-ozone/integration-test/target/test-dir/MiniOzoneClusterImpl-db6fd866-6788-41aa-8e01-4626558b27a7/datanode-4/meta/datanode.id
2019-11-14 03:47:08,636 [main] INFO  volume.HddsVolume (HddsVolume.java:<init>(176)) - Creating Volume: /workdir/hadoop-ozone/integration-test/target/test-dir/MiniOzoneClusterImpl-db6fd866-6788-41aa-8e01-4626558b27a7/datanode-5/data/containers/hdds of  storage type : DISK and capacity : 1482555576320
2019-11-14 03:47:08,636 [main] INFO  volume.VolumeSet (VolumeSet.java:initializeVolumeSet(170)) - Added Volume : /workdir/hadoop-ozone/integration-test/target/test-dir/MiniOzoneClusterImpl-db6fd866-6788-41aa-8e01-4626558b27a7/datanode-5/data/containers/hdds to VolumeSet
2019-11-14 03:47:08,637 [main] INFO  volume.ThrottledAsyncChecker (ThrottledAsyncChecker.java:schedule(141)) - Scheduling a check for /workdir/hadoop-ozone/integration-test/target/test-dir/MiniOzoneClusterImpl-db6fd866-6788-41aa-8e01-4626558b27a7/datanode-5/data/containers/hdds
2019-11-14 03:47:08,637 [main] INFO  volume.HddsVolumeChecker (HddsVolumeChecker.java:checkAllVolumes(204)) - Scheduled health check for volume /workdir/hadoop-ozone/integration-test/target/test-dir/MiniOzoneClusterImpl-db6fd866-6788-41aa-8e01-4626558b27a7/datanode-5/data/containers/hdds
2019-11-14 03:47:08,658 [main] INFO  impl.RaftServerProxy (ConfUtils.java:logGet(43)) - raft.rpc.type = GRPC (default)
2019-11-14 03:47:08,658 [main] INFO  grpc.GrpcFactory (GrpcFactory.java:checkPooledByteBufAllocatorUseCacheForAllThreads(45)) - PERFORMANCE WARNING: useCacheForAllThreads is true that may cause Netty to create a lot garbage objects and, as a result, trigger GC.
	It is recommended to disable useCacheForAllThreads by setting -Dorg.apache.ratis.thirdparty.io.netty.allocator.useCacheForAllThreads=false in command line.
2019-11-14 03:47:08,658 [main] INFO  grpc.GrpcConfigKeys$Server (ConfUtils.java:logGet(43)) - raft.grpc.server.port = 0 (default)
2019-11-14 03:47:08,659 [main] INFO  server.GrpcService (ConfUtils.java:logGet(43)) - raft.grpc.message.size.max = 33570816 (custom)
2019-11-14 03:47:08,659 [main] INFO  server.RaftServerConfigKeys (ConfUtils.java:logGet(43)) - raft.server.log.appender.buffer.byte-limit = 33554432 (custom)
2019-11-14 03:47:08,659 [main] INFO  server.GrpcService (ConfUtils.java:logGet(43)) - raft.grpc.flow.control.window = 1MB (=1048576) (default)
2019-11-14 03:47:08,660 [main] INFO  server.RaftServerConfigKeys (ConfUtils.java:logGet(43)) - raft.server.rpc.request.timeout = 3000ms (default)
2019-11-14 03:47:08,660 [main] INFO  server.RaftServerConfigKeys (ConfUtils.java:logGet(43)) - raft.server.storage.dir = [/workdir/hadoop-ozone/integration-test/target/test-dir/MiniOzoneClusterImpl-db6fd866-6788-41aa-8e01-4626558b27a7/datanode-5/data/ratis] (custom)
2019-11-14 03:47:08,664 [main] INFO  hdfs.DFSUtil (DFSUtil.java:httpServerTemplateForNNAndJN(1641)) - Starting Web-server for hddsDatanode at: http://0.0.0.0:0
2019-11-14 03:47:08,665 [main] INFO  server.AuthenticationFilter (AuthenticationFilter.java:constructSecretProvider(240)) - Unable to initialize FileSignerSecretProvider, falling back to use random secrets.
2019-11-14 03:47:08,666 [main] WARN  http.HttpRequestLog (HttpRequestLog.java:getRequestLog(97)) - Jetty request log can only be enabled using Log4j
2019-11-14 03:47:08,667 [main] INFO  http.HttpServer2 (HttpServer2.java:addGlobalFilter(975)) - Added global filter 'safety' (class=org.apache.hadoop.http.HttpServer2$QuotingInputFilter)
2019-11-14 03:47:08,668 [main] INFO  http.HttpServer2 (HttpServer2.java:addFilter(948)) - Added filter static_user_filter (class=org.apache.hadoop.http.lib.StaticUserWebFilter$StaticUserFilter) to context hddsDatanode
2019-11-14 03:47:08,668 [main] INFO  http.HttpServer2 (HttpServer2.java:addFilter(958)) - Added filter static_user_filter (class=org.apache.hadoop.http.lib.StaticUserWebFilter$StaticUserFilter) to context logs
2019-11-14 03:47:08,668 [main] INFO  http.HttpServer2 (HttpServer2.java:addFilter(958)) - Added filter static_user_filter (class=org.apache.hadoop.http.lib.StaticUserWebFilter$StaticUserFilter) to context static
2019-11-14 03:47:08,669 [main] INFO  http.HttpServer2 (HttpServer2.java:bindListener(1191)) - Jetty bound to port 45521
2019-11-14 03:47:08,669 [main] INFO  server.Server (Server.java:doStart(351)) - jetty-9.3.25.v20180904, build timestamp: 2018-09-04T21:11:46Z, git hash: 3ce520221d0240229c862b122d2b06c12a625732
2019-11-14 03:47:08,671 [main] INFO  handler.ContextHandler (ContextHandler.java:doStart(781)) - Started o.e.j.s.ServletContextHandler@10b4e7f8{/logs,file:///workdir/hadoop-ozone/integration-test/target/log,AVAILABLE}
2019-11-14 03:47:08,672 [main] INFO  handler.ContextHandler (ContextHandler.java:doStart(781)) - Started o.e.j.s.ServletContextHandler@66813e6e{/static,jar:file:/home/user/.m2/repository/org/apache/hadoop/hadoop-hdds-container-service/0.5.0-SNAPSHOT/hadoop-hdds-container-service-0.5.0-SNAPSHOT.jar!/webapps/static,AVAILABLE}
2019-11-14 03:47:08,713 [main] INFO  handler.ContextHandler (ContextHandler.java:doStart(781)) - Started o.e.j.w.WebAppContext@dd4aec3{/,file:///tmp/jetty-0.0.0.0-45521-hddsDatanode-_-any-8825141379712065620.dir/webapp/,AVAILABLE}{/hddsDatanode}
2019-11-14 03:47:08,713 [main] INFO  server.AbstractConnector (AbstractConnector.java:doStart(278)) - Started ServerConnector@4dac121d{HTTP/1.1,[http/1.1]}{0.0.0.0:45521}
2019-11-14 03:47:08,715 [main] INFO  server.Server (Server.java:doStart(419)) - Started @91269ms
2019-11-14 03:47:08,715 [main] WARN  impl.MetricsSystemImpl (MetricsSystemImpl.java:register(276)) - Sink prometheus already exists!
2019-11-14 03:47:08,716 [main] INFO  server.BaseHttpServer (BaseHttpServer.java:updateConnectorAddress(215)) - HTTP server of HDDSDATANODE is listening at http://0.0.0.0:45521
2019-11-14 03:47:08,716 [main] INFO  impl.MetricsSystemImpl (MetricsSystemImpl.java:init(158)) - HddsDatanode metrics system started (again)
2019-11-14 03:47:08,721 [org.apache.hadoop.util.JvmPauseMonitor$Monitor@28fe42c3] INFO  util.JvmPauseMonitor (JvmPauseMonitor.java:run(188)) - Starting JVM pause monitor
2019-11-14 03:47:08,721 [main] INFO  ozone.HddsDatanodeService (HddsDatanodeService.java:start(186)) - HddsDatanodeService host:trunk-nightly-20191114-k5n9k-339518648 ip:192.168.157.206
2019-11-14 03:47:08,726 [Datanode State Machine Thread - 0] INFO  datanode.InitDatanodeState (InitDatanodeState.java:persistContainerDatanodeDetails(140)) - DatanodeDetails is persisted to /workdir/hadoop-ozone/integration-test/target/test-dir/MiniOzoneClusterImpl-db6fd866-6788-41aa-8e01-4626558b27a7/datanode-5/meta/datanode.id
2019-11-14 03:47:08,730 [main] INFO  volume.HddsVolume (HddsVolume.java:<init>(176)) - Creating Volume: /workdir/hadoop-ozone/integration-test/target/test-dir/MiniOzoneClusterImpl-db6fd866-6788-41aa-8e01-4626558b27a7/datanode-6/data/containers/hdds of  storage type : DISK and capacity : 1482555576320
2019-11-14 03:47:08,730 [main] INFO  volume.VolumeSet (VolumeSet.java:initializeVolumeSet(170)) - Added Volume : /workdir/hadoop-ozone/integration-test/target/test-dir/MiniOzoneClusterImpl-db6fd866-6788-41aa-8e01-4626558b27a7/datanode-6/data/containers/hdds to VolumeSet
2019-11-14 03:47:08,730 [main] INFO  volume.ThrottledAsyncChecker (ThrottledAsyncChecker.java:schedule(141)) - Scheduling a check for /workdir/hadoop-ozone/integration-test/target/test-dir/MiniOzoneClusterImpl-db6fd866-6788-41aa-8e01-4626558b27a7/datanode-6/data/containers/hdds
2019-11-14 03:47:08,731 [main] INFO  volume.HddsVolumeChecker (HddsVolumeChecker.java:checkAllVolumes(204)) - Scheduled health check for volume /workdir/hadoop-ozone/integration-test/target/test-dir/MiniOzoneClusterImpl-db6fd866-6788-41aa-8e01-4626558b27a7/datanode-6/data/containers/hdds
2019-11-14 03:47:08,742 [main] INFO  impl.RaftServerProxy (ConfUtils.java:logGet(43)) - raft.rpc.type = GRPC (default)
2019-11-14 03:47:08,743 [main] INFO  grpc.GrpcFactory (GrpcFactory.java:checkPooledByteBufAllocatorUseCacheForAllThreads(45)) - PERFORMANCE WARNING: useCacheForAllThreads is true that may cause Netty to create a lot garbage objects and, as a result, trigger GC.
	It is recommended to disable useCacheForAllThreads by setting -Dorg.apache.ratis.thirdparty.io.netty.allocator.useCacheForAllThreads=false in command line.
2019-11-14 03:47:08,743 [main] INFO  grpc.GrpcConfigKeys$Server (ConfUtils.java:logGet(43)) - raft.grpc.server.port = 0 (default)
2019-11-14 03:47:08,743 [main] INFO  server.GrpcService (ConfUtils.java:logGet(43)) - raft.grpc.message.size.max = 33570816 (custom)
2019-11-14 03:47:08,743 [main] INFO  server.RaftServerConfigKeys (ConfUtils.java:logGet(43)) - raft.server.log.appender.buffer.byte-limit = 33554432 (custom)
2019-11-14 03:47:08,743 [main] INFO  server.GrpcService (ConfUtils.java:logGet(43)) - raft.grpc.flow.control.window = 1MB (=1048576) (default)
2019-11-14 03:47:08,744 [main] INFO  server.RaftServerConfigKeys (ConfUtils.java:logGet(43)) - raft.server.rpc.request.timeout = 3000ms (default)
2019-11-14 03:47:08,744 [main] INFO  server.RaftServerConfigKeys (ConfUtils.java:logGet(43)) - raft.server.storage.dir = [/workdir/hadoop-ozone/integration-test/target/test-dir/MiniOzoneClusterImpl-db6fd866-6788-41aa-8e01-4626558b27a7/datanode-6/data/ratis] (custom)
2019-11-14 03:47:08,746 [main] INFO  hdfs.DFSUtil (DFSUtil.java:httpServerTemplateForNNAndJN(1641)) - Starting Web-server for hddsDatanode at: http://0.0.0.0:0
2019-11-14 03:47:08,753 [main] INFO  server.AuthenticationFilter (AuthenticationFilter.java:constructSecretProvider(240)) - Unable to initialize FileSignerSecretProvider, falling back to use random secrets.
2019-11-14 03:47:08,754 [main] WARN  http.HttpRequestLog (HttpRequestLog.java:getRequestLog(97)) - Jetty request log can only be enabled using Log4j
2019-11-14 03:47:08,756 [main] INFO  http.HttpServer2 (HttpServer2.java:addGlobalFilter(975)) - Added global filter 'safety' (class=org.apache.hadoop.http.HttpServer2$QuotingInputFilter)
2019-11-14 03:47:08,757 [main] INFO  http.HttpServer2 (HttpServer2.java:addFilter(948)) - Added filter static_user_filter (class=org.apache.hadoop.http.lib.StaticUserWebFilter$StaticUserFilter) to context hddsDatanode
2019-11-14 03:47:08,757 [main] INFO  http.HttpServer2 (HttpServer2.java:addFilter(958)) - Added filter static_user_filter (class=org.apache.hadoop.http.lib.StaticUserWebFilter$StaticUserFilter) to context static
2019-11-14 03:47:08,757 [main] INFO  http.HttpServer2 (HttpServer2.java:addFilter(958)) - Added filter static_user_filter (class=org.apache.hadoop.http.lib.StaticUserWebFilter$StaticUserFilter) to context logs
2019-11-14 03:47:08,758 [main] INFO  http.HttpServer2 (HttpServer2.java:bindListener(1191)) - Jetty bound to port 32994
2019-11-14 03:47:08,759 [main] INFO  server.Server (Server.java:doStart(351)) - jetty-9.3.25.v20180904, build timestamp: 2018-09-04T21:11:46Z, git hash: 3ce520221d0240229c862b122d2b06c12a625732
2019-11-14 03:47:08,761 [main] INFO  handler.ContextHandler (ContextHandler.java:doStart(781)) - Started o.e.j.s.ServletContextHandler@59c04bee{/logs,file:///workdir/hadoop-ozone/integration-test/target/log,AVAILABLE}
2019-11-14 03:47:08,762 [main] INFO  handler.ContextHandler (ContextHandler.java:doStart(781)) - Started o.e.j.s.ServletContextHandler@f2a1813{/static,jar:file:/home/user/.m2/repository/org/apache/hadoop/hadoop-hdds-container-service/0.5.0-SNAPSHOT/hadoop-hdds-container-service-0.5.0-SNAPSHOT.jar!/webapps/static,AVAILABLE}
2019-11-14 03:47:08,812 [main] INFO  handler.ContextHandler (ContextHandler.java:doStart(781)) - Started o.e.j.w.WebAppContext@4b432e53{/,file:///tmp/jetty-0.0.0.0-32994-hddsDatanode-_-any-80655117066645520.dir/webapp/,AVAILABLE}{/hddsDatanode}
2019-11-14 03:47:08,813 [main] INFO  server.AbstractConnector (AbstractConnector.java:doStart(278)) - Started ServerConnector@2b916808{HTTP/1.1,[http/1.1]}{0.0.0.0:32994}
2019-11-14 03:47:08,816 [main] INFO  server.Server (Server.java:doStart(419)) - Started @91371ms
2019-11-14 03:47:08,817 [main] WARN  impl.MetricsSystemImpl (MetricsSystemImpl.java:register(276)) - Sink prometheus already exists!
2019-11-14 03:47:08,818 [main] INFO  server.BaseHttpServer (BaseHttpServer.java:updateConnectorAddress(215)) - HTTP server of HDDSDATANODE is listening at http://0.0.0.0:32994
2019-11-14 03:47:08,818 [main] INFO  impl.MetricsSystemImpl (MetricsSystemImpl.java:init(158)) - HddsDatanode metrics system started (again)
2019-11-14 03:47:08,822 [org.apache.hadoop.util.JvmPauseMonitor$Monitor@6b30b492] INFO  util.JvmPauseMonitor (JvmPauseMonitor.java:run(188)) - Starting JVM pause monitor
2019-11-14 03:47:08,823 [main] INFO  ozone.HddsDatanodeService (HddsDatanodeService.java:start(186)) - HddsDatanodeService host:trunk-nightly-20191114-k5n9k-339518648 ip:192.168.157.206
2019-11-14 03:47:08,824 [Datanode State Machine Thread - 0] INFO  datanode.InitDatanodeState (InitDatanodeState.java:persistContainerDatanodeDetails(140)) - DatanodeDetails is persisted to /workdir/hadoop-ozone/integration-test/target/test-dir/MiniOzoneClusterImpl-db6fd866-6788-41aa-8e01-4626558b27a7/datanode-6/meta/datanode.id
2019-11-14 03:47:08,831 [main] INFO  volume.HddsVolume (HddsVolume.java:<init>(176)) - Creating Volume: /workdir/hadoop-ozone/integration-test/target/test-dir/MiniOzoneClusterImpl-db6fd866-6788-41aa-8e01-4626558b27a7/datanode-7/data/containers/hdds of  storage type : DISK and capacity : 1482555576320
2019-11-14 03:47:08,831 [main] INFO  volume.VolumeSet (VolumeSet.java:initializeVolumeSet(170)) - Added Volume : /workdir/hadoop-ozone/integration-test/target/test-dir/MiniOzoneClusterImpl-db6fd866-6788-41aa-8e01-4626558b27a7/datanode-7/data/containers/hdds to VolumeSet
2019-11-14 03:47:08,831 [main] INFO  volume.ThrottledAsyncChecker (ThrottledAsyncChecker.java:schedule(141)) - Scheduling a check for /workdir/hadoop-ozone/integration-test/target/test-dir/MiniOzoneClusterImpl-db6fd866-6788-41aa-8e01-4626558b27a7/datanode-7/data/containers/hdds
2019-11-14 03:47:08,832 [main] INFO  volume.HddsVolumeChecker (HddsVolumeChecker.java:checkAllVolumes(204)) - Scheduled health check for volume /workdir/hadoop-ozone/integration-test/target/test-dir/MiniOzoneClusterImpl-db6fd866-6788-41aa-8e01-4626558b27a7/datanode-7/data/containers/hdds
2019-11-14 03:47:08,848 [main] INFO  impl.RaftServerProxy (ConfUtils.java:logGet(43)) - raft.rpc.type = GRPC (default)
2019-11-14 03:47:08,848 [main] INFO  grpc.GrpcFactory (GrpcFactory.java:checkPooledByteBufAllocatorUseCacheForAllThreads(45)) - PERFORMANCE WARNING: useCacheForAllThreads is true that may cause Netty to create a lot garbage objects and, as a result, trigger GC.
	It is recommended to disable useCacheForAllThreads by setting -Dorg.apache.ratis.thirdparty.io.netty.allocator.useCacheForAllThreads=false in command line.
2019-11-14 03:47:08,848 [main] INFO  grpc.GrpcConfigKeys$Server (ConfUtils.java:logGet(43)) - raft.grpc.server.port = 0 (default)
2019-11-14 03:47:08,849 [main] INFO  server.GrpcService (ConfUtils.java:logGet(43)) - raft.grpc.message.size.max = 33570816 (custom)
2019-11-14 03:47:08,849 [main] INFO  server.RaftServerConfigKeys (ConfUtils.java:logGet(43)) - raft.server.log.appender.buffer.byte-limit = 33554432 (custom)
2019-11-14 03:47:08,849 [main] INFO  server.GrpcService (ConfUtils.java:logGet(43)) - raft.grpc.flow.control.window = 1MB (=1048576) (default)
2019-11-14 03:47:08,849 [main] INFO  server.RaftServerConfigKeys (ConfUtils.java:logGet(43)) - raft.server.rpc.request.timeout = 3000ms (default)
2019-11-14 03:47:08,850 [main] INFO  server.RaftServerConfigKeys (ConfUtils.java:logGet(43)) - raft.server.storage.dir = [/workdir/hadoop-ozone/integration-test/target/test-dir/MiniOzoneClusterImpl-db6fd866-6788-41aa-8e01-4626558b27a7/datanode-7/data/ratis] (custom)
2019-11-14 03:47:08,851 [main] INFO  hdfs.DFSUtil (DFSUtil.java:httpServerTemplateForNNAndJN(1641)) - Starting Web-server for hddsDatanode at: http://0.0.0.0:0
2019-11-14 03:47:08,853 [main] INFO  server.AuthenticationFilter (AuthenticationFilter.java:constructSecretProvider(240)) - Unable to initialize FileSignerSecretProvider, falling back to use random secrets.
2019-11-14 03:47:08,853 [main] WARN  http.HttpRequestLog (HttpRequestLog.java:getRequestLog(97)) - Jetty request log can only be enabled using Log4j
2019-11-14 03:47:08,855 [main] INFO  http.HttpServer2 (HttpServer2.java:addGlobalFilter(975)) - Added global filter 'safety' (class=org.apache.hadoop.http.HttpServer2$QuotingInputFilter)
2019-11-14 03:47:08,855 [main] INFO  http.HttpServer2 (HttpServer2.java:addFilter(948)) - Added filter static_user_filter (class=org.apache.hadoop.http.lib.StaticUserWebFilter$StaticUserFilter) to context hddsDatanode
2019-11-14 03:47:08,856 [main] INFO  http.HttpServer2 (HttpServer2.java:addFilter(958)) - Added filter static_user_filter (class=org.apache.hadoop.http.lib.StaticUserWebFilter$StaticUserFilter) to context logs
2019-11-14 03:47:08,856 [main] INFO  http.HttpServer2 (HttpServer2.java:addFilter(958)) - Added filter static_user_filter (class=org.apache.hadoop.http.lib.StaticUserWebFilter$StaticUserFilter) to context static
2019-11-14 03:47:08,857 [main] INFO  http.HttpServer2 (HttpServer2.java:bindListener(1191)) - Jetty bound to port 44549
2019-11-14 03:47:08,857 [main] INFO  server.Server (Server.java:doStart(351)) - jetty-9.3.25.v20180904, build timestamp: 2018-09-04T21:11:46Z, git hash: 3ce520221d0240229c862b122d2b06c12a625732
2019-11-14 03:47:08,859 [main] INFO  handler.ContextHandler (ContextHandler.java:doStart(781)) - Started o.e.j.s.ServletContextHandler@1ec22831{/logs,file:///workdir/hadoop-ozone/integration-test/target/log,AVAILABLE}
2019-11-14 03:47:08,859 [main] INFO  handler.ContextHandler (ContextHandler.java:doStart(781)) - Started o.e.j.s.ServletContextHandler@516592b1{/static,jar:file:/home/user/.m2/repository/org/apache/hadoop/hadoop-hdds-container-service/0.5.0-SNAPSHOT/hadoop-hdds-container-service-0.5.0-SNAPSHOT.jar!/webapps/static,AVAILABLE}
2019-11-14 03:47:08,894 [main] INFO  handler.ContextHandler (ContextHandler.java:doStart(781)) - Started o.e.j.w.WebAppContext@5d5a51b1{/,file:///tmp/jetty-0.0.0.0-44549-hddsDatanode-_-any-4641828834692364046.dir/webapp/,AVAILABLE}{/hddsDatanode}
2019-11-14 03:47:08,894 [main] INFO  server.AbstractConnector (AbstractConnector.java:doStart(278)) - Started ServerConnector@4dc7cd1c{HTTP/1.1,[http/1.1]}{0.0.0.0:44549}
2019-11-14 03:47:08,895 [main] INFO  server.Server (Server.java:doStart(419)) - Started @91450ms
2019-11-14 03:47:08,895 [main] WARN  impl.MetricsSystemImpl (MetricsSystemImpl.java:register(276)) - Sink prometheus already exists!
2019-11-14 03:47:08,896 [main] INFO  server.BaseHttpServer (BaseHttpServer.java:updateConnectorAddress(215)) - HTTP server of HDDSDATANODE is listening at http://0.0.0.0:44549
2019-11-14 03:47:08,897 [main] INFO  impl.MetricsSystemImpl (MetricsSystemImpl.java:init(158)) - HddsDatanode metrics system started (again)
2019-11-14 03:47:08,900 [main] INFO  ozone.HddsDatanodeService (HddsDatanodeService.java:start(186)) - HddsDatanodeService host:trunk-nightly-20191114-k5n9k-339518648 ip:192.168.157.206
2019-11-14 03:47:08,900 [org.apache.hadoop.util.JvmPauseMonitor$Monitor@1f870fd6] INFO  util.JvmPauseMonitor (JvmPauseMonitor.java:run(188)) - Starting JVM pause monitor
2019-11-14 03:47:08,902 [Datanode State Machine Thread - 0] INFO  datanode.InitDatanodeState (InitDatanodeState.java:persistContainerDatanodeDetails(140)) - DatanodeDetails is persisted to /workdir/hadoop-ozone/integration-test/target/test-dir/MiniOzoneClusterImpl-db6fd866-6788-41aa-8e01-4626558b27a7/datanode-7/meta/datanode.id
2019-11-14 03:47:08,912 [main] INFO  volume.HddsVolume (HddsVolume.java:<init>(176)) - Creating Volume: /workdir/hadoop-ozone/integration-test/target/test-dir/MiniOzoneClusterImpl-db6fd866-6788-41aa-8e01-4626558b27a7/datanode-8/data/containers/hdds of  storage type : DISK and capacity : 1482555576320
2019-11-14 03:47:08,913 [main] INFO  volume.VolumeSet (VolumeSet.java:initializeVolumeSet(170)) - Added Volume : /workdir/hadoop-ozone/integration-test/target/test-dir/MiniOzoneClusterImpl-db6fd866-6788-41aa-8e01-4626558b27a7/datanode-8/data/containers/hdds to VolumeSet
2019-11-14 03:47:08,913 [main] INFO  volume.ThrottledAsyncChecker (ThrottledAsyncChecker.java:schedule(141)) - Scheduling a check for /workdir/hadoop-ozone/integration-test/target/test-dir/MiniOzoneClusterImpl-db6fd866-6788-41aa-8e01-4626558b27a7/datanode-8/data/containers/hdds
2019-11-14 03:47:08,913 [main] INFO  volume.HddsVolumeChecker (HddsVolumeChecker.java:checkAllVolumes(204)) - Scheduled health check for volume /workdir/hadoop-ozone/integration-test/target/test-dir/MiniOzoneClusterImpl-db6fd866-6788-41aa-8e01-4626558b27a7/datanode-8/data/containers/hdds
2019-11-14 03:47:08,926 [main] INFO  impl.RaftServerProxy (ConfUtils.java:logGet(43)) - raft.rpc.type = GRPC (default)
2019-11-14 03:47:08,926 [main] INFO  grpc.GrpcFactory (GrpcFactory.java:checkPooledByteBufAllocatorUseCacheForAllThreads(45)) - PERFORMANCE WARNING: useCacheForAllThreads is true that may cause Netty to create a lot garbage objects and, as a result, trigger GC.
	It is recommended to disable useCacheForAllThreads by setting -Dorg.apache.ratis.thirdparty.io.netty.allocator.useCacheForAllThreads=false in command line.
2019-11-14 03:47:08,926 [main] INFO  grpc.GrpcConfigKeys$Server (ConfUtils.java:logGet(43)) - raft.grpc.server.port = 0 (default)
2019-11-14 03:47:08,926 [main] INFO  server.GrpcService (ConfUtils.java:logGet(43)) - raft.grpc.message.size.max = 33570816 (custom)
2019-11-14 03:47:08,927 [main] INFO  server.RaftServerConfigKeys (ConfUtils.java:logGet(43)) - raft.server.log.appender.buffer.byte-limit = 33554432 (custom)
2019-11-14 03:47:08,927 [main] INFO  server.GrpcService (ConfUtils.java:logGet(43)) - raft.grpc.flow.control.window = 1MB (=1048576) (default)
2019-11-14 03:47:08,927 [main] INFO  server.RaftServerConfigKeys (ConfUtils.java:logGet(43)) - raft.server.rpc.request.timeout = 3000ms (default)
2019-11-14 03:47:08,927 [main] INFO  server.RaftServerConfigKeys (ConfUtils.java:logGet(43)) - raft.server.storage.dir = [/workdir/hadoop-ozone/integration-test/target/test-dir/MiniOzoneClusterImpl-db6fd866-6788-41aa-8e01-4626558b27a7/datanode-8/data/ratis] (custom)
2019-11-14 03:47:08,929 [main] INFO  hdfs.DFSUtil (DFSUtil.java:httpServerTemplateForNNAndJN(1641)) - Starting Web-server for hddsDatanode at: http://0.0.0.0:0
2019-11-14 03:47:08,930 [main] INFO  server.AuthenticationFilter (AuthenticationFilter.java:constructSecretProvider(240)) - Unable to initialize FileSignerSecretProvider, falling back to use random secrets.
2019-11-14 03:47:08,930 [main] WARN  http.HttpRequestLog (HttpRequestLog.java:getRequestLog(97)) - Jetty request log can only be enabled using Log4j
2019-11-14 03:47:08,931 [main] INFO  http.HttpServer2 (HttpServer2.java:addGlobalFilter(975)) - Added global filter 'safety' (class=org.apache.hadoop.http.HttpServer2$QuotingInputFilter)
2019-11-14 03:47:08,932 [main] INFO  http.HttpServer2 (HttpServer2.java:addFilter(948)) - Added filter static_user_filter (class=org.apache.hadoop.http.lib.StaticUserWebFilter$StaticUserFilter) to context hddsDatanode
2019-11-14 03:47:08,932 [main] INFO  http.HttpServer2 (HttpServer2.java:addFilter(958)) - Added filter static_user_filter (class=org.apache.hadoop.http.lib.StaticUserWebFilter$StaticUserFilter) to context static
2019-11-14 03:47:08,932 [main] INFO  http.HttpServer2 (HttpServer2.java:addFilter(958)) - Added filter static_user_filter (class=org.apache.hadoop.http.lib.StaticUserWebFilter$StaticUserFilter) to context logs
2019-11-14 03:47:08,933 [main] INFO  http.HttpServer2 (HttpServer2.java:bindListener(1191)) - Jetty bound to port 42373
2019-11-14 03:47:08,933 [main] INFO  server.Server (Server.java:doStart(351)) - jetty-9.3.25.v20180904, build timestamp: 2018-09-04T21:11:46Z, git hash: 3ce520221d0240229c862b122d2b06c12a625732
2019-11-14 03:47:08,935 [main] INFO  handler.ContextHandler (ContextHandler.java:doStart(781)) - Started o.e.j.s.ServletContextHandler@661fe025{/logs,file:///workdir/hadoop-ozone/integration-test/target/log,AVAILABLE}
2019-11-14 03:47:08,935 [main] INFO  handler.ContextHandler (ContextHandler.java:doStart(781)) - Started o.e.j.s.ServletContextHandler@38ee7a9d{/static,jar:file:/home/user/.m2/repository/org/apache/hadoop/hadoop-hdds-container-service/0.5.0-SNAPSHOT/hadoop-hdds-container-service-0.5.0-SNAPSHOT.jar!/webapps/static,AVAILABLE}
2019-11-14 03:47:08,960 [main] INFO  handler.ContextHandler (ContextHandler.java:doStart(781)) - Started o.e.j.w.WebAppContext@2b4d4327{/,file:///tmp/jetty-0.0.0.0-42373-hddsDatanode-_-any-7339754058406676068.dir/webapp/,AVAILABLE}{/hddsDatanode}
2019-11-14 03:47:08,960 [main] INFO  server.AbstractConnector (AbstractConnector.java:doStart(278)) - Started ServerConnector@16da1abc{HTTP/1.1,[http/1.1]}{0.0.0.0:42373}
2019-11-14 03:47:08,962 [main] INFO  server.Server (Server.java:doStart(419)) - Started @91516ms
2019-11-14 03:47:08,962 [main] WARN  impl.MetricsSystemImpl (MetricsSystemImpl.java:register(276)) - Sink prometheus already exists!
2019-11-14 03:47:08,963 [main] INFO  server.BaseHttpServer (BaseHttpServer.java:updateConnectorAddress(215)) - HTTP server of HDDSDATANODE is listening at http://0.0.0.0:42373
2019-11-14 03:47:08,963 [main] INFO  impl.MetricsSystemImpl (MetricsSystemImpl.java:init(158)) - HddsDatanode metrics system started (again)
2019-11-14 03:47:08,968 [org.apache.hadoop.util.JvmPauseMonitor$Monitor@6cb97df1] INFO  util.JvmPauseMonitor (JvmPauseMonitor.java:run(188)) - Starting JVM pause monitor
2019-11-14 03:47:08,968 [main] INFO  ozone.HddsDatanodeService (HddsDatanodeService.java:start(186)) - HddsDatanodeService host:trunk-nightly-20191114-k5n9k-339518648 ip:192.168.157.206
2019-11-14 03:47:08,969 [Datanode State Machine Thread - 0] INFO  datanode.InitDatanodeState (InitDatanodeState.java:persistContainerDatanodeDetails(140)) - DatanodeDetails is persisted to /workdir/hadoop-ozone/integration-test/target/test-dir/MiniOzoneClusterImpl-db6fd866-6788-41aa-8e01-4626558b27a7/datanode-8/meta/datanode.id
2019-11-14 03:47:08,975 [main] INFO  volume.HddsVolume (HddsVolume.java:<init>(176)) - Creating Volume: /workdir/hadoop-ozone/integration-test/target/test-dir/MiniOzoneClusterImpl-db6fd866-6788-41aa-8e01-4626558b27a7/datanode-9/data/containers/hdds of  storage type : DISK and capacity : 1482555576320
2019-11-14 03:47:08,975 [main] INFO  volume.VolumeSet (VolumeSet.java:initializeVolumeSet(170)) - Added Volume : /workdir/hadoop-ozone/integration-test/target/test-dir/MiniOzoneClusterImpl-db6fd866-6788-41aa-8e01-4626558b27a7/datanode-9/data/containers/hdds to VolumeSet
2019-11-14 03:47:08,976 [main] INFO  volume.ThrottledAsyncChecker (ThrottledAsyncChecker.java:schedule(141)) - Scheduling a check for /workdir/hadoop-ozone/integration-test/target/test-dir/MiniOzoneClusterImpl-db6fd866-6788-41aa-8e01-4626558b27a7/datanode-9/data/containers/hdds
2019-11-14 03:47:08,976 [main] INFO  volume.HddsVolumeChecker (HddsVolumeChecker.java:checkAllVolumes(204)) - Scheduled health check for volume /workdir/hadoop-ozone/integration-test/target/test-dir/MiniOzoneClusterImpl-db6fd866-6788-41aa-8e01-4626558b27a7/datanode-9/data/containers/hdds
2019-11-14 03:47:08,996 [main] INFO  impl.RaftServerProxy (ConfUtils.java:logGet(43)) - raft.rpc.type = GRPC (default)
2019-11-14 03:47:08,997 [main] INFO  grpc.GrpcFactory (GrpcFactory.java:checkPooledByteBufAllocatorUseCacheForAllThreads(45)) - PERFORMANCE WARNING: useCacheForAllThreads is true that may cause Netty to create a lot garbage objects and, as a result, trigger GC.
	It is recommended to disable useCacheForAllThreads by setting -Dorg.apache.ratis.thirdparty.io.netty.allocator.useCacheForAllThreads=false in command line.
2019-11-14 03:47:08,997 [main] INFO  grpc.GrpcConfigKeys$Server (ConfUtils.java:logGet(43)) - raft.grpc.server.port = 0 (default)
2019-11-14 03:47:08,997 [main] INFO  server.GrpcService (ConfUtils.java:logGet(43)) - raft.grpc.message.size.max = 33570816 (custom)
2019-11-14 03:47:08,997 [main] INFO  server.RaftServerConfigKeys (ConfUtils.java:logGet(43)) - raft.server.log.appender.buffer.byte-limit = 33554432 (custom)
2019-11-14 03:47:08,998 [main] INFO  server.GrpcService (ConfUtils.java:logGet(43)) - raft.grpc.flow.control.window = 1MB (=1048576) (default)
2019-11-14 03:47:08,998 [main] INFO  server.RaftServerConfigKeys (ConfUtils.java:logGet(43)) - raft.server.rpc.request.timeout = 3000ms (default)
2019-11-14 03:47:08,998 [main] INFO  server.RaftServerConfigKeys (ConfUtils.java:logGet(43)) - raft.server.storage.dir = [/workdir/hadoop-ozone/integration-test/target/test-dir/MiniOzoneClusterImpl-db6fd866-6788-41aa-8e01-4626558b27a7/datanode-9/data/ratis] (custom)
2019-11-14 03:47:09,000 [main] INFO  hdfs.DFSUtil (DFSUtil.java:httpServerTemplateForNNAndJN(1641)) - Starting Web-server for hddsDatanode at: http://0.0.0.0:0
2019-11-14 03:47:09,002 [main] INFO  server.AuthenticationFilter (AuthenticationFilter.java:constructSecretProvider(240)) - Unable to initialize FileSignerSecretProvider, falling back to use random secrets.
2019-11-14 03:47:09,002 [main] WARN  http.HttpRequestLog (HttpRequestLog.java:getRequestLog(97)) - Jetty request log can only be enabled using Log4j
2019-11-14 03:47:09,004 [main] INFO  http.HttpServer2 (HttpServer2.java:addGlobalFilter(975)) - Added global filter 'safety' (class=org.apache.hadoop.http.HttpServer2$QuotingInputFilter)
2019-11-14 03:47:09,005 [main] INFO  http.HttpServer2 (HttpServer2.java:addFilter(948)) - Added filter static_user_filter (class=org.apache.hadoop.http.lib.StaticUserWebFilter$StaticUserFilter) to context hddsDatanode
2019-11-14 03:47:09,005 [main] INFO  http.HttpServer2 (HttpServer2.java:addFilter(958)) - Added filter static_user_filter (class=org.apache.hadoop.http.lib.StaticUserWebFilter$StaticUserFilter) to context logs
2019-11-14 03:47:09,005 [main] INFO  http.HttpServer2 (HttpServer2.java:addFilter(958)) - Added filter static_user_filter (class=org.apache.hadoop.http.lib.StaticUserWebFilter$StaticUserFilter) to context static
2019-11-14 03:47:09,006 [main] INFO  http.HttpServer2 (HttpServer2.java:bindListener(1191)) - Jetty bound to port 37761
2019-11-14 03:47:09,006 [main] INFO  server.Server (Server.java:doStart(351)) - jetty-9.3.25.v20180904, build timestamp: 2018-09-04T21:11:46Z, git hash: 3ce520221d0240229c862b122d2b06c12a625732
2019-11-14 03:47:09,008 [main] INFO  handler.ContextHandler (ContextHandler.java:doStart(781)) - Started o.e.j.s.ServletContextHandler@17fede14{/logs,file:///workdir/hadoop-ozone/integration-test/target/log,AVAILABLE}
2019-11-14 03:47:09,009 [main] INFO  handler.ContextHandler (ContextHandler.java:doStart(781)) - Started o.e.j.s.ServletContextHandler@86d6bf7{/static,jar:file:/home/user/.m2/repository/org/apache/hadoop/hadoop-hdds-container-service/0.5.0-SNAPSHOT/hadoop-hdds-container-service-0.5.0-SNAPSHOT.jar!/webapps/static,AVAILABLE}
2019-11-14 03:47:09,047 [main] INFO  handler.ContextHandler (ContextHandler.java:doStart(781)) - Started o.e.j.w.WebAppContext@4816ee24{/,file:///tmp/jetty-0.0.0.0-37761-hddsDatanode-_-any-5669072856085656848.dir/webapp/,AVAILABLE}{/hddsDatanode}
2019-11-14 03:47:09,047 [main] INFO  server.AbstractConnector (AbstractConnector.java:doStart(278)) - Started ServerConnector@20d33ea{HTTP/1.1,[http/1.1]}{0.0.0.0:37761}
2019-11-14 03:47:09,049 [main] INFO  server.Server (Server.java:doStart(419)) - Started @91603ms
2019-11-14 03:47:09,049 [main] WARN  impl.MetricsSystemImpl (MetricsSystemImpl.java:register(276)) - Sink prometheus already exists!
2019-11-14 03:47:09,050 [main] INFO  server.BaseHttpServer (BaseHttpServer.java:updateConnectorAddress(215)) - HTTP server of HDDSDATANODE is listening at http://0.0.0.0:37761
2019-11-14 03:47:09,050 [main] INFO  ozone.MiniOzoneClusterImpl (MiniOzoneClusterImpl.java:lambda$waitForClusterToBeReady$2(171)) - Waiting for cluster to be ready. Got 0 of 10 DN Heartbeats.
2019-11-14 03:47:09,052 [org.apache.hadoop.util.JvmPauseMonitor$Monitor@11741621] INFO  util.JvmPauseMonitor (JvmPauseMonitor.java:run(188)) - Starting JVM pause monitor
2019-11-14 03:47:09,053 [Datanode State Machine Thread - 0] INFO  datanode.InitDatanodeState (InitDatanodeState.java:persistContainerDatanodeDetails(140)) - DatanodeDetails is persisted to /workdir/hadoop-ozone/integration-test/target/test-dir/MiniOzoneClusterImpl-db6fd866-6788-41aa-8e01-4626558b27a7/datanode-9/meta/datanode.id
2019-11-14 03:47:10,051 [main] INFO  ozone.MiniOzoneClusterImpl (MiniOzoneClusterImpl.java:lambda$waitForClusterToBeReady$2(171)) - Waiting for cluster to be ready. Got 0 of 10 DN Heartbeats.
2019-11-14 03:47:10,362 [Datanode State Machine Thread - 0] INFO  ozoneimpl.OzoneContainer (OzoneContainer.java:start(230)) - Attempting to start container services.
2019-11-14 03:47:10,363 [Datanode State Machine Thread - 0] INFO  ozoneimpl.OzoneContainer (OzoneContainer.java:startContainerScrub(194)) - Background container scanner has been disabled.
2019-11-14 03:47:10,363 [Datanode State Machine Thread - 0] INFO  ratis.XceiverServerRatis (XceiverServerRatis.java:start(421)) - Starting XceiverServerRatis 6c36bdee-0f85-4acd-86c8-ce53960cf4ab at port 0
2019-11-14 03:47:10,372 [Datanode State Machine Thread - 0] INFO  impl.RaftServerProxy (RaftServerProxy.java:lambda$start$3(299)) - 6c36bdee-0f85-4acd-86c8-ce53960cf4ab: start RPC server
2019-11-14 03:47:10,376 [Datanode State Machine Thread - 0] INFO  server.GrpcService (GrpcService.java:startImpl(158)) - 6c36bdee-0f85-4acd-86c8-ce53960cf4ab: GrpcService started, listening on 0.0.0.0/0.0.0.0:40913
2019-11-14 03:47:10,376 [Datanode State Machine Thread - 0] INFO  ratis.XceiverServerRatis (XceiverServerRatis.java:start(431)) - XceiverServerRatis 6c36bdee-0f85-4acd-86c8-ce53960cf4ab is started using port 40913
2019-11-14 03:47:10,378 [Datanode State Machine Thread - 0] INFO  server.XceiverServerGrpc (XceiverServerGrpc.java:start(145)) - XceiverServerGrpc 6c36bdee-0f85-4acd-86c8-ce53960cf4ab is started using port 33732
2019-11-14 03:47:10,421 [Datanode State Machine Thread - 0] INFO  ozoneimpl.OzoneContainer (OzoneContainer.java:start(230)) - Attempting to start container services.
2019-11-14 03:47:10,421 [Datanode State Machine Thread - 0] INFO  ozoneimpl.OzoneContainer (OzoneContainer.java:startContainerScrub(194)) - Background container scanner has been disabled.
2019-11-14 03:47:10,422 [Datanode State Machine Thread - 0] INFO  ratis.XceiverServerRatis (XceiverServerRatis.java:start(421)) - Starting XceiverServerRatis 78429c2b-19b5-43a0-84bb-c976fd750a70 at port 0
2019-11-14 03:47:10,430 [Datanode State Machine Thread - 0] INFO  impl.RaftServerProxy (RaftServerProxy.java:lambda$start$3(299)) - 78429c2b-19b5-43a0-84bb-c976fd750a70: start RPC server
2019-11-14 03:47:10,432 [Datanode State Machine Thread - 0] INFO  server.GrpcService (GrpcService.java:startImpl(158)) - 78429c2b-19b5-43a0-84bb-c976fd750a70: GrpcService started, listening on 0.0.0.0/0.0.0.0:33494
2019-11-14 03:47:10,433 [Datanode State Machine Thread - 0] INFO  ratis.XceiverServerRatis (XceiverServerRatis.java:start(431)) - XceiverServerRatis 78429c2b-19b5-43a0-84bb-c976fd750a70 is started using port 33494
2019-11-14 03:47:10,434 [Datanode State Machine Thread - 0] INFO  server.XceiverServerGrpc (XceiverServerGrpc.java:start(145)) - XceiverServerGrpc 78429c2b-19b5-43a0-84bb-c976fd750a70 is started using port 42833
2019-11-14 03:47:10,513 [Datanode State Machine Thread - 0] INFO  ozoneimpl.OzoneContainer (OzoneContainer.java:start(230)) - Attempting to start container services.
2019-11-14 03:47:10,514 [Datanode State Machine Thread - 0] INFO  ozoneimpl.OzoneContainer (OzoneContainer.java:startContainerScrub(194)) - Background container scanner has been disabled.
2019-11-14 03:47:10,514 [Datanode State Machine Thread - 0] INFO  ratis.XceiverServerRatis (XceiverServerRatis.java:start(421)) - Starting XceiverServerRatis d4b369d8-a85d-4b99-b953-37bddccdea6c at port 0
2019-11-14 03:47:10,525 [Datanode State Machine Thread - 0] INFO  impl.RaftServerProxy (RaftServerProxy.java:lambda$start$3(299)) - d4b369d8-a85d-4b99-b953-37bddccdea6c: start RPC server
2019-11-14 03:47:10,526 [Datanode State Machine Thread - 0] INFO  server.GrpcService (GrpcService.java:startImpl(158)) - d4b369d8-a85d-4b99-b953-37bddccdea6c: GrpcService started, listening on 0.0.0.0/0.0.0.0:40232
2019-11-14 03:47:10,526 [Datanode State Machine Thread - 0] INFO  ratis.XceiverServerRatis (XceiverServerRatis.java:start(431)) - XceiverServerRatis d4b369d8-a85d-4b99-b953-37bddccdea6c is started using port 40232
2019-11-14 03:47:10,527 [Datanode State Machine Thread - 0] INFO  server.XceiverServerGrpc (XceiverServerGrpc.java:start(145)) - XceiverServerGrpc d4b369d8-a85d-4b99-b953-37bddccdea6c is started using port 34722
2019-11-14 03:47:10,566 [Datanode State Machine Thread - 0] INFO  ozoneimpl.OzoneContainer (OzoneContainer.java:start(230)) - Attempting to start container services.
2019-11-14 03:47:10,567 [Datanode State Machine Thread - 0] INFO  ozoneimpl.OzoneContainer (OzoneContainer.java:startContainerScrub(194)) - Background container scanner has been disabled.
2019-11-14 03:47:10,567 [Datanode State Machine Thread - 0] INFO  ratis.XceiverServerRatis (XceiverServerRatis.java:start(421)) - Starting XceiverServerRatis d8a9c999-7748-4aa6-a9a9-ef73d9884e3c at port 0
2019-11-14 03:47:10,575 [Datanode State Machine Thread - 0] INFO  impl.RaftServerProxy (RaftServerProxy.java:lambda$start$3(299)) - d8a9c999-7748-4aa6-a9a9-ef73d9884e3c: start RPC server
2019-11-14 03:47:10,576 [Datanode State Machine Thread - 0] INFO  server.GrpcService (GrpcService.java:startImpl(158)) - d8a9c999-7748-4aa6-a9a9-ef73d9884e3c: GrpcService started, listening on 0.0.0.0/0.0.0.0:34054
2019-11-14 03:47:10,576 [Datanode State Machine Thread - 0] INFO  ratis.XceiverServerRatis (XceiverServerRatis.java:start(431)) - XceiverServerRatis d8a9c999-7748-4aa6-a9a9-ef73d9884e3c is started using port 34054
2019-11-14 03:47:10,577 [Datanode State Machine Thread - 0] INFO  server.XceiverServerGrpc (XceiverServerGrpc.java:start(145)) - XceiverServerGrpc d8a9c999-7748-4aa6-a9a9-ef73d9884e3c is started using port 41569
2019-11-14 03:47:10,654 [Datanode State Machine Thread - 0] INFO  ozoneimpl.OzoneContainer (OzoneContainer.java:start(230)) - Attempting to start container services.
2019-11-14 03:47:10,654 [Datanode State Machine Thread - 0] INFO  ozoneimpl.OzoneContainer (OzoneContainer.java:startContainerScrub(194)) - Background container scanner has been disabled.
2019-11-14 03:47:10,654 [Datanode State Machine Thread - 0] INFO  ratis.XceiverServerRatis (XceiverServerRatis.java:start(421)) - Starting XceiverServerRatis 534c162a-7c0e-49a3-b520-b6800e29086d at port 0
2019-11-14 03:47:10,663 [Datanode State Machine Thread - 0] INFO  impl.RaftServerProxy (RaftServerProxy.java:lambda$start$3(299)) - 534c162a-7c0e-49a3-b520-b6800e29086d: start RPC server
2019-11-14 03:47:10,663 [Datanode State Machine Thread - 0] INFO  server.GrpcService (GrpcService.java:startImpl(158)) - 534c162a-7c0e-49a3-b520-b6800e29086d: GrpcService started, listening on 0.0.0.0/0.0.0.0:46363
2019-11-14 03:47:10,663 [Datanode State Machine Thread - 0] INFO  ratis.XceiverServerRatis (XceiverServerRatis.java:start(431)) - XceiverServerRatis 534c162a-7c0e-49a3-b520-b6800e29086d is started using port 46363
2019-11-14 03:47:10,664 [Datanode State Machine Thread - 0] INFO  server.XceiverServerGrpc (XceiverServerGrpc.java:start(145)) - XceiverServerGrpc 534c162a-7c0e-49a3-b520-b6800e29086d is started using port 44608
2019-11-14 03:47:10,736 [Datanode State Machine Thread - 0] INFO  ozoneimpl.OzoneContainer (OzoneContainer.java:start(230)) - Attempting to start container services.
2019-11-14 03:47:10,739 [Datanode State Machine Thread - 0] INFO  ozoneimpl.OzoneContainer (OzoneContainer.java:startContainerScrub(194)) - Background container scanner has been disabled.
2019-11-14 03:47:10,740 [Datanode State Machine Thread - 0] INFO  ratis.XceiverServerRatis (XceiverServerRatis.java:start(421)) - Starting XceiverServerRatis 3a789c1e-652a-4343-9c47-49015e6a7e8b at port 0
2019-11-14 03:47:10,748 [Datanode State Machine Thread - 0] INFO  impl.RaftServerProxy (RaftServerProxy.java:lambda$start$3(299)) - 3a789c1e-652a-4343-9c47-49015e6a7e8b: start RPC server
2019-11-14 03:47:10,751 [Datanode State Machine Thread - 0] INFO  server.GrpcService (GrpcService.java:startImpl(158)) - 3a789c1e-652a-4343-9c47-49015e6a7e8b: GrpcService started, listening on 0.0.0.0/0.0.0.0:36955
2019-11-14 03:47:10,751 [Datanode State Machine Thread - 0] INFO  ratis.XceiverServerRatis (XceiverServerRatis.java:start(431)) - XceiverServerRatis 3a789c1e-652a-4343-9c47-49015e6a7e8b is started using port 36955
2019-11-14 03:47:10,751 [Datanode State Machine Thread - 0] INFO  server.XceiverServerGrpc (XceiverServerGrpc.java:start(145)) - XceiverServerGrpc 3a789c1e-652a-4343-9c47-49015e6a7e8b is started using port 35856
2019-11-14 03:47:10,847 [Datanode State Machine Thread - 0] INFO  ozoneimpl.OzoneContainer (OzoneContainer.java:start(230)) - Attempting to start container services.
2019-11-14 03:47:10,847 [Datanode State Machine Thread - 0] INFO  ozoneimpl.OzoneContainer (OzoneContainer.java:startContainerScrub(194)) - Background container scanner has been disabled.
2019-11-14 03:47:10,848 [Datanode State Machine Thread - 0] INFO  ratis.XceiverServerRatis (XceiverServerRatis.java:start(421)) - Starting XceiverServerRatis bf247637-7e59-4671-9487-192b6829a40a at port 0
2019-11-14 03:47:10,857 [Datanode State Machine Thread - 0] INFO  impl.RaftServerProxy (RaftServerProxy.java:lambda$start$3(299)) - bf247637-7e59-4671-9487-192b6829a40a: start RPC server
2019-11-14 03:47:10,858 [Datanode State Machine Thread - 0] INFO  server.GrpcService (GrpcService.java:startImpl(158)) - bf247637-7e59-4671-9487-192b6829a40a: GrpcService started, listening on 0.0.0.0/0.0.0.0:41118
2019-11-14 03:47:10,858 [Datanode State Machine Thread - 0] INFO  ratis.XceiverServerRatis (XceiverServerRatis.java:start(431)) - XceiverServerRatis bf247637-7e59-4671-9487-192b6829a40a is started using port 41118
2019-11-14 03:47:10,859 [Datanode State Machine Thread - 0] INFO  server.XceiverServerGrpc (XceiverServerGrpc.java:start(145)) - XceiverServerGrpc bf247637-7e59-4671-9487-192b6829a40a is started using port 35391
2019-11-14 03:47:10,925 [Datanode State Machine Thread - 0] INFO  ozoneimpl.OzoneContainer (OzoneContainer.java:start(230)) - Attempting to start container services.
2019-11-14 03:47:10,925 [Datanode State Machine Thread - 0] INFO  ozoneimpl.OzoneContainer (OzoneContainer.java:startContainerScrub(194)) - Background container scanner has been disabled.
2019-11-14 03:47:10,926 [Datanode State Machine Thread - 0] INFO  ratis.XceiverServerRatis (XceiverServerRatis.java:start(421)) - Starting XceiverServerRatis 6159a4a7-02ae-4457-ad8e-d99f5584798f at port 0
2019-11-14 03:47:10,934 [Datanode State Machine Thread - 0] INFO  impl.RaftServerProxy (RaftServerProxy.java:lambda$start$3(299)) - 6159a4a7-02ae-4457-ad8e-d99f5584798f: start RPC server
2019-11-14 03:47:10,937 [Datanode State Machine Thread - 0] INFO  server.GrpcService (GrpcService.java:startImpl(158)) - 6159a4a7-02ae-4457-ad8e-d99f5584798f: GrpcService started, listening on 0.0.0.0/0.0.0.0:36722
2019-11-14 03:47:10,937 [Datanode State Machine Thread - 0] INFO  ratis.XceiverServerRatis (XceiverServerRatis.java:start(431)) - XceiverServerRatis 6159a4a7-02ae-4457-ad8e-d99f5584798f is started using port 36722
2019-11-14 03:47:10,944 [Datanode State Machine Thread - 0] INFO  server.XceiverServerGrpc (XceiverServerGrpc.java:start(145)) - XceiverServerGrpc 6159a4a7-02ae-4457-ad8e-d99f5584798f is started using port 42248
2019-11-14 03:47:10,992 [Datanode State Machine Thread - 0] INFO  ozoneimpl.OzoneContainer (OzoneContainer.java:start(230)) - Attempting to start container services.
2019-11-14 03:47:10,993 [Datanode State Machine Thread - 0] INFO  ozoneimpl.OzoneContainer (OzoneContainer.java:startContainerScrub(194)) - Background container scanner has been disabled.
2019-11-14 03:47:10,993 [Datanode State Machine Thread - 0] INFO  ratis.XceiverServerRatis (XceiverServerRatis.java:start(421)) - Starting XceiverServerRatis ad307801-f957-4403-adfc-9cdab46587c3 at port 0
2019-11-14 03:47:11,002 [Datanode State Machine Thread - 0] INFO  impl.RaftServerProxy (RaftServerProxy.java:lambda$start$3(299)) - ad307801-f957-4403-adfc-9cdab46587c3: start RPC server
2019-11-14 03:47:11,003 [Datanode State Machine Thread - 0] INFO  server.GrpcService (GrpcService.java:startImpl(158)) - ad307801-f957-4403-adfc-9cdab46587c3: GrpcService started, listening on 0.0.0.0/0.0.0.0:36473
2019-11-14 03:47:11,003 [Datanode State Machine Thread - 0] INFO  ratis.XceiverServerRatis (XceiverServerRatis.java:start(431)) - XceiverServerRatis ad307801-f957-4403-adfc-9cdab46587c3 is started using port 36473
2019-11-14 03:47:11,003 [Datanode State Machine Thread - 0] INFO  server.XceiverServerGrpc (XceiverServerGrpc.java:start(145)) - XceiverServerGrpc ad307801-f957-4403-adfc-9cdab46587c3 is started using port 45406
2019-11-14 03:47:11,052 [main] INFO  ozone.MiniOzoneClusterImpl (MiniOzoneClusterImpl.java:lambda$waitForClusterToBeReady$2(171)) - Waiting for cluster to be ready. Got 0 of 10 DN Heartbeats.
2019-11-14 03:47:11,077 [Datanode State Machine Thread - 0] INFO  ozoneimpl.OzoneContainer (OzoneContainer.java:start(230)) - Attempting to start container services.
2019-11-14 03:47:11,078 [Datanode State Machine Thread - 0] INFO  ozoneimpl.OzoneContainer (OzoneContainer.java:startContainerScrub(194)) - Background container scanner has been disabled.
2019-11-14 03:47:11,078 [Datanode State Machine Thread - 0] INFO  ratis.XceiverServerRatis (XceiverServerRatis.java:start(421)) - Starting XceiverServerRatis 7901d021-b70d-41b4-a3ee-3511e4cb511a at port 0
2019-11-14 03:47:11,089 [Datanode State Machine Thread - 0] INFO  impl.RaftServerProxy (RaftServerProxy.java:lambda$start$3(299)) - 7901d021-b70d-41b4-a3ee-3511e4cb511a: start RPC server
2019-11-14 03:47:11,090 [Datanode State Machine Thread - 0] INFO  server.GrpcService (GrpcService.java:startImpl(158)) - 7901d021-b70d-41b4-a3ee-3511e4cb511a: GrpcService started, listening on 0.0.0.0/0.0.0.0:32814
2019-11-14 03:47:11,090 [Datanode State Machine Thread - 0] INFO  ratis.XceiverServerRatis (XceiverServerRatis.java:start(431)) - XceiverServerRatis 7901d021-b70d-41b4-a3ee-3511e4cb511a is started using port 32814
2019-11-14 03:47:11,107 [Datanode State Machine Thread - 0] INFO  server.XceiverServerGrpc (XceiverServerGrpc.java:start(145)) - XceiverServerGrpc 7901d021-b70d-41b4-a3ee-3511e4cb511a is started using port 43082
2019-11-14 03:47:12,052 [main] INFO  ozone.MiniOzoneClusterImpl (MiniOzoneClusterImpl.java:lambda$waitForClusterToBeReady$2(171)) - Waiting for cluster to be ready. Got 0 of 10 DN Heartbeats.
2019-11-14 03:47:12,315 [IPC Server handler 17 on 36627] INFO  net.NetworkTopology (NetworkTopologyImpl.java:add(111)) - Added a new node: /rack1/6c36bdee-0f85-4acd-86c8-ce53960cf4ab
2019-11-14 03:47:12,318 [IPC Server handler 17 on 36627] INFO  node.SCMNodeManager (SCMNodeManager.java:register(267)) - Registered Data node : 6c36bdee-0f85-4acd-86c8-ce53960cf4ab{ip: 192.168.157.206, host: trunk-nightly-20191114-k5n9k-339518648, networkLocation: /rack1, certSerialId: null}
2019-11-14 03:47:12,319 [EventQueue-NodeRegistrationContainerReportForDataNodeSafeModeRule] INFO  safemode.SCMSafeModeManager (DataNodeSafeModeRule.java:process(71)) - SCM in safe mode. 1 DataNodes registered, 1 required.
2019-11-14 03:47:12,322 [EventQueue-NodeRegistrationContainerReportForDataNodeSafeModeRule] INFO  safemode.SCMSafeModeManager (SCMSafeModeManager.java:validateSafeModeExitRules(177)) - ScmSafeModeManager, all rules are successfully validated
2019-11-14 03:47:12,322 [EventQueue-NodeRegistrationContainerReportForDataNodeSafeModeRule] INFO  safemode.SCMSafeModeManager (SCMSafeModeManager.java:exitSafeMode(193)) - SCM exiting safe mode.
2019-11-14 03:47:12,335 [grpc-default-executor-4] INFO  impl.RaftServerProxy (RaftServerProxy.java:addNew(89)) - 6c36bdee-0f85-4acd-86c8-ce53960cf4ab: addNew group-982116CC1A9D:[6c36bdee-0f85-4acd-86c8-ce53960cf4ab:192.168.157.206:40913] returns group-982116CC1A9D:java.util.concurrent.CompletableFuture@1027ce85[Not completed]
2019-11-14 03:47:12,339 [pool-149-thread-1] INFO  impl.RaftServerImpl (RaftServerImpl.java:<init>(98)) - 6c36bdee-0f85-4acd-86c8-ce53960cf4ab: new RaftServerImpl for group-982116CC1A9D:[6c36bdee-0f85-4acd-86c8-ce53960cf4ab:192.168.157.206:40913] with ContainerStateMachine:uninitialized
2019-11-14 03:47:12,340 [pool-149-thread-1] INFO  server.RaftServerConfigKeys (ConfUtils.java:logGet(43)) - raft.server.rpc.timeout.min = 1s (custom)
2019-11-14 03:47:12,340 [pool-149-thread-1] INFO  server.RaftServerConfigKeys (ConfUtils.java:logGet(43)) - raft.server.rpc.timeout.max = 1200ms (custom)
2019-11-14 03:47:12,340 [pool-149-thread-1] INFO  server.RaftServerConfigKeys (ConfUtils.java:logGet(43)) - raft.server.rpcslowness.timeout = 120s (custom)
2019-11-14 03:47:12,340 [pool-149-thread-1] INFO  server.RaftServerConfigKeys (ConfUtils.java:logGet(43)) - raft.server.sleep.deviation.threshold = 300 (default)
2019-11-14 03:47:12,340 [pool-149-thread-1] INFO  server.RaftServerConfigKeys (ConfUtils.java:logGet(43)) - raft.server.log.appender.install.snapshot.enabled = false (custom)
2019-11-14 03:47:12,341 [pool-149-thread-1] INFO  impl.RaftServerImpl (ServerState.java:<init>(103)) - 6c36bdee-0f85-4acd-86c8-ce53960cf4ab@group-982116CC1A9D: ConfigurationManager, init=-1: [6c36bdee-0f85-4acd-86c8-ce53960cf4ab:192.168.157.206:40913], old=null, confs=<EMPTY_MAP>
2019-11-14 03:47:12,341 [pool-149-thread-1] INFO  server.RaftServerConfigKeys (ConfUtils.java:logGet(43)) - raft.server.storage.dir = [/workdir/hadoop-ozone/integration-test/target/test-dir/MiniOzoneClusterImpl-db6fd866-6788-41aa-8e01-4626558b27a7/datanode-0/data/ratis] (custom)
2019-11-14 03:47:12,341 [pool-149-thread-1] INFO  server.RaftServerConfigKeys (ConfUtils.java:logGet(43)) - raft.server.log.corruption.policy = EXCEPTION (default)
2019-11-14 03:47:12,342 [pool-149-thread-1] INFO  storage.RaftStorageDirectory (RaftStorageDirectory.java:analyzeStorage(246)) - The storage directory /workdir/hadoop-ozone/integration-test/target/test-dir/MiniOzoneClusterImpl-db6fd866-6788-41aa-8e01-4626558b27a7/datanode-0/data/ratis/cacf8762-4eb9-4d63-8426-982116cc1a9d does not exist. Creating ...
2019-11-14 03:47:12,365 [pool-149-thread-1] INFO  storage.RaftStorageDirectory (RaftStorageDirectory.java:tryLock(328)) - Lock on /workdir/hadoop-ozone/integration-test/target/test-dir/MiniOzoneClusterImpl-db6fd866-6788-41aa-8e01-4626558b27a7/datanode-0/data/ratis/cacf8762-4eb9-4d63-8426-982116cc1a9d/in_use.lock acquired by nodename 10001@trunk-nightly-20191114-k5n9k-339518648
2019-11-14 03:47:12,390 [pool-149-thread-1] INFO  storage.RaftStorage (RaftStorage.java:format(84)) - Storage directory /workdir/hadoop-ozone/integration-test/target/test-dir/MiniOzoneClusterImpl-db6fd866-6788-41aa-8e01-4626558b27a7/datanode-0/data/ratis/cacf8762-4eb9-4d63-8426-982116cc1a9d has been successfully formatted.
2019-11-14 03:47:12,390 [pool-149-thread-1] INFO  ratis.ContainerStateMachine (ContainerStateMachine.java:loadSnapshot(223)) - group-982116CC1A9D: The snapshot info is null. Setting the last applied indexto:(t:0, i:~)
2019-11-14 03:47:12,390 [pool-149-thread-1] INFO  server.RaftServerConfigKeys (ConfUtils.java:logGet(43)) - raft.server.notification.no-leader.timeout = 120s (custom)
2019-11-14 03:47:12,390 [pool-149-thread-1] INFO  server.RaftServerConfigKeys (ConfUtils.java:logGet(43)) - raft.server.log.use.memory = false (default)
2019-11-14 03:47:12,391 [pool-149-thread-1] INFO  server.RaftServerConfigKeys (ConfUtils.java:logGet(43)) - raft.server.log.purge.gap = 1000000 (custom)
2019-11-14 03:47:12,391 [pool-149-thread-1] INFO  server.RaftServerConfigKeys (ConfUtils.java:logGet(43)) - raft.server.log.appender.buffer.byte-limit = 33554432 (custom)
2019-11-14 03:47:12,391 [pool-149-thread-1] INFO  server.RaftServerConfigKeys (ConfUtils.java:logGet(43)) - raft.server.log.segment.size.max = 1048576 (custom)
2019-11-14 03:47:12,391 [pool-149-thread-1] WARN  impl.MetricRegistriesImpl (MetricRegistriesImpl.java:lambda$create$1(61)) - First MetricRegistry has been created without registering reporters. You may need to call MetricRegistries.global().addReportRegistration(...) before.
2019-11-14 03:47:12,391 [pool-149-thread-1] INFO  server.RaftServerConfigKeys (ConfUtils.java:logGet(43)) - raft.server.log.segment.cache.num.max = 2 (custom)
2019-11-14 03:47:12,391 [pool-149-thread-1] INFO  segmented.SegmentedRaftLogWorker (SegmentedRaftLogWorker.java:<init>(173)) - new 6c36bdee-0f85-4acd-86c8-ce53960cf4ab@group-982116CC1A9D-SegmentedRaftLogWorker for RaftStorage:Storage Directory /workdir/hadoop-ozone/integration-test/target/test-dir/MiniOzoneClusterImpl-db6fd866-6788-41aa-8e01-4626558b27a7/datanode-0/data/ratis/cacf8762-4eb9-4d63-8426-982116cc1a9d
2019-11-14 03:47:12,392 [pool-149-thread-1] INFO  server.RaftServerConfigKeys (ConfUtils.java:logGet(43)) - raft.server.log.queue.byte-limit = 2147483647 (custom)
2019-11-14 03:47:12,392 [pool-149-thread-1] INFO  server.RaftServerConfigKeys (ConfUtils.java:logGet(43)) - raft.server.log.queue.element-limit = 1024 (custom)
2019-11-14 03:47:12,392 [pool-149-thread-1] INFO  server.RaftServerConfigKeys (ConfUtils.java:logGet(43)) - raft.server.log.segment.size.max = 1048576 (custom)
2019-11-14 03:47:12,392 [pool-149-thread-1] INFO  server.RaftServerConfigKeys (ConfUtils.java:logGet(43)) - raft.server.log.preallocated.size = 16384 (custom)
2019-11-14 03:47:12,392 [pool-149-thread-1] INFO  server.RaftServerConfigKeys (ConfUtils.java:logGet(43)) - raft.server.log.write.buffer.size = 33554432 (custom)
2019-11-14 03:47:12,392 [pool-149-thread-1] INFO  server.RaftServerConfigKeys (ConfUtils.java:logGet(43)) - raft.server.log.force.sync.num = 128 (default)
2019-11-14 03:47:12,392 [pool-149-thread-1] INFO  server.RaftServerConfigKeys (ConfUtils.java:logGet(43)) - raft.server.log.statemachine.data.sync = true (default)
2019-11-14 03:47:12,392 [pool-149-thread-1] INFO  server.RaftServerConfigKeys (ConfUtils.java:logGet(43)) - raft.server.log.statemachine.data.sync.timeout = 10s (default)
2019-11-14 03:47:12,392 [pool-149-thread-1] INFO  server.RaftServerConfigKeys (ConfUtils.java:logGet(43)) - raft.server.log.statemachine.data.sync.timeout.retry = -1 (default)
2019-11-14 03:47:12,393 [pool-149-thread-1] INFO  server.RaftServerConfigKeys (ConfUtils.java:logGet(43)) - raft.server.log.statemachine.data.caching.enabled = true (custom)
2019-11-14 03:47:12,393 [pool-149-thread-1] INFO  segmented.SegmentedRaftLogWorker (SegmentedRaftLogWorker.java:lambda$new$0(128)) - 6c36bdee-0f85-4acd-86c8-ce53960cf4ab@group-982116CC1A9D-SegmentedRaftLogWorker: flushIndex: setUnconditionally 0 -> -1
2019-11-14 03:47:12,394 [pool-149-thread-1] INFO  server.RaftServerConfigKeys (ConfUtils.java:logGet(43)) - raft.server.snapshot.auto.trigger.enabled = true (custom)
2019-11-14 03:47:12,394 [pool-149-thread-1] INFO  server.RaftServerConfigKeys (ConfUtils.java:logGet(43)) - raft.server.snapshot.auto.trigger.threshold = 10000 (custom)
2019-11-14 03:47:12,394 [pool-149-thread-1] INFO  server.RaftServerConfigKeys (ConfUtils.java:logGet(43)) - raft.server.snapshot.retention.file.num = 5 (custom)
2019-11-14 03:47:12,394 [pool-149-thread-1] INFO  server.RaftServerConfigKeys (ConfUtils.java:logGet(43)) - raft.server.retrycache.expirytime = 600000ms (custom)
2019-11-14 03:47:12,394 [pool-149-thread-1] WARN  impl.MetricRegistriesImpl (MetricRegistriesImpl.java:lambda$create$1(61)) - First MetricRegistry has been created without registering reporters. You may need to call MetricRegistries.global().addReportRegistration(...) before.
2019-11-14 03:47:12,395 [pool-149-thread-1] WARN  impl.MetricRegistriesImpl (MetricRegistriesImpl.java:lambda$create$1(61)) - First MetricRegistry has been created without registering reporters. You may need to call MetricRegistries.global().addReportRegistration(...) before.
2019-11-14 03:47:12,395 [pool-149-thread-1] INFO  impl.RaftServerImpl (RaftServerImpl.java:start(184)) - 6c36bdee-0f85-4acd-86c8-ce53960cf4ab@group-982116CC1A9D: start as a follower, conf=-1: [6c36bdee-0f85-4acd-86c8-ce53960cf4ab:192.168.157.206:40913], old=null
2019-11-14 03:47:12,395 [pool-149-thread-1] INFO  impl.RaftServerImpl (RaftServerImpl.java:setRole(173)) - 6c36bdee-0f85-4acd-86c8-ce53960cf4ab@group-982116CC1A9D: changes role from      null to FOLLOWER at term 0 for startAsFollower
2019-11-14 03:47:12,395 [pool-149-thread-1] INFO  impl.RoleInfo (RoleInfo.java:updateAndGet(143)) - 6c36bdee-0f85-4acd-86c8-ce53960cf4ab: start FollowerState
2019-11-14 03:47:12,396 [pool-149-thread-1] INFO  util.JmxRegister (JmxRegister.java:tryRegister(44)) - Successfully registered JMX Bean with object name Ratis:service=RaftServer,group=group-982116CC1A9D,id=6c36bdee-0f85-4acd-86c8-ce53960cf4ab
2019-11-14 03:47:12,396 [pool-149-thread-1] WARN  impl.MetricRegistriesImpl (MetricRegistriesImpl.java:lambda$create$1(61)) - First MetricRegistry has been created without registering reporters. You may need to call MetricRegistries.global().addReportRegistration(...) before.
2019-11-14 03:47:12,396 [IPC Server handler 3 on 36627] INFO  net.NetworkTopology (NetworkTopologyImpl.java:add(111)) - Added a new node: /rack1/78429c2b-19b5-43a0-84bb-c976fd750a70
2019-11-14 03:47:12,396 [IPC Server handler 3 on 36627] INFO  node.SCMNodeManager (SCMNodeManager.java:register(267)) - Registered Data node : 78429c2b-19b5-43a0-84bb-c976fd750a70{ip: 192.168.157.206, host: trunk-nightly-20191114-k5n9k-339518648, networkLocation: /rack1, certSerialId: null}
2019-11-14 03:47:12,400 [RatisPipelineUtilsThread] INFO  pipeline.PipelineStateManager (PipelineStateManager.java:addPipeline(55)) - Created pipeline Pipeline[ Id: cacf8762-4eb9-4d63-8426-982116cc1a9d, Nodes: 6c36bdee-0f85-4acd-86c8-ce53960cf4ab{ip: 192.168.157.206, host: trunk-nightly-20191114-k5n9k-339518648, networkLocation: /rack1, certSerialId: null}, Type:RATIS, Factor:ONE, State:ALLOCATED]
2019-11-14 03:47:12,407 [grpc-default-executor-4] INFO  impl.RaftServerProxy (RaftServerProxy.java:addNew(89)) - 78429c2b-19b5-43a0-84bb-c976fd750a70: addNew group-8C7334814B3B:[78429c2b-19b5-43a0-84bb-c976fd750a70:192.168.157.206:33494] returns group-8C7334814B3B:java.util.concurrent.CompletableFuture@1c1f5452[Not completed]
2019-11-14 03:47:12,408 [pool-159-thread-1] INFO  impl.RaftServerImpl (RaftServerImpl.java:<init>(98)) - 78429c2b-19b5-43a0-84bb-c976fd750a70: new RaftServerImpl for group-8C7334814B3B:[78429c2b-19b5-43a0-84bb-c976fd750a70:192.168.157.206:33494] with ContainerStateMachine:uninitialized
2019-11-14 03:47:12,408 [pool-159-thread-1] INFO  server.RaftServerConfigKeys (ConfUtils.java:logGet(43)) - raft.server.rpc.timeout.min = 1s (custom)
2019-11-14 03:47:12,408 [pool-159-thread-1] INFO  server.RaftServerConfigKeys (ConfUtils.java:logGet(43)) - raft.server.rpc.timeout.max = 1200ms (custom)
2019-11-14 03:47:12,408 [pool-159-thread-1] INFO  server.RaftServerConfigKeys (ConfUtils.java:logGet(43)) - raft.server.rpcslowness.timeout = 120s (custom)
2019-11-14 03:47:12,408 [pool-159-thread-1] INFO  server.RaftServerConfigKeys (ConfUtils.java:logGet(43)) - raft.server.sleep.deviation.threshold = 300 (default)
2019-11-14 03:47:12,408 [pool-159-thread-1] INFO  server.RaftServerConfigKeys (ConfUtils.java:logGet(43)) - raft.server.log.appender.install.snapshot.enabled = false (custom)
2019-11-14 03:47:12,409 [pool-159-thread-1] INFO  impl.RaftServerImpl (ServerState.java:<init>(103)) - 78429c2b-19b5-43a0-84bb-c976fd750a70@group-8C7334814B3B: ConfigurationManager, init=-1: [78429c2b-19b5-43a0-84bb-c976fd750a70:192.168.157.206:33494], old=null, confs=<EMPTY_MAP>
2019-11-14 03:47:12,409 [pool-159-thread-1] INFO  server.RaftServerConfigKeys (ConfUtils.java:logGet(43)) - raft.server.storage.dir = [/workdir/hadoop-ozone/integration-test/target/test-dir/MiniOzoneClusterImpl-db6fd866-6788-41aa-8e01-4626558b27a7/datanode-1/data/ratis] (custom)
2019-11-14 03:47:12,409 [pool-159-thread-1] INFO  server.RaftServerConfigKeys (ConfUtils.java:logGet(43)) - raft.server.log.corruption.policy = EXCEPTION (default)
2019-11-14 03:47:12,409 [pool-159-thread-1] INFO  storage.RaftStorageDirectory (RaftStorageDirectory.java:analyzeStorage(246)) - The storage directory /workdir/hadoop-ozone/integration-test/target/test-dir/MiniOzoneClusterImpl-db6fd866-6788-41aa-8e01-4626558b27a7/datanode-1/data/ratis/c2abd12d-7274-4742-90f9-8c7334814b3b does not exist. Creating ...
2019-11-14 03:47:12,423 [pool-159-thread-1] INFO  storage.RaftStorageDirectory (RaftStorageDirectory.java:tryLock(328)) - Lock on /workdir/hadoop-ozone/integration-test/target/test-dir/MiniOzoneClusterImpl-db6fd866-6788-41aa-8e01-4626558b27a7/datanode-1/data/ratis/c2abd12d-7274-4742-90f9-8c7334814b3b/in_use.lock acquired by nodename 10001@trunk-nightly-20191114-k5n9k-339518648
2019-11-14 03:47:12,438 [pool-159-thread-1] INFO  storage.RaftStorage (RaftStorage.java:format(84)) - Storage directory /workdir/hadoop-ozone/integration-test/target/test-dir/MiniOzoneClusterImpl-db6fd866-6788-41aa-8e01-4626558b27a7/datanode-1/data/ratis/c2abd12d-7274-4742-90f9-8c7334814b3b has been successfully formatted.
2019-11-14 03:47:12,438 [pool-159-thread-1] INFO  ratis.ContainerStateMachine (ContainerStateMachine.java:loadSnapshot(223)) - group-8C7334814B3B: The snapshot info is null. Setting the last applied indexto:(t:0, i:~)
2019-11-14 03:47:12,438 [pool-159-thread-1] INFO  server.RaftServerConfigKeys (ConfUtils.java:logGet(43)) - raft.server.notification.no-leader.timeout = 120s (custom)
2019-11-14 03:47:12,438 [pool-159-thread-1] INFO  server.RaftServerConfigKeys (ConfUtils.java:logGet(43)) - raft.server.log.use.memory = false (default)
2019-11-14 03:47:12,438 [pool-159-thread-1] INFO  server.RaftServerConfigKeys (ConfUtils.java:logGet(43)) - raft.server.log.purge.gap = 1000000 (custom)
2019-11-14 03:47:12,438 [pool-159-thread-1] INFO  server.RaftServerConfigKeys (ConfUtils.java:logGet(43)) - raft.server.log.appender.buffer.byte-limit = 33554432 (custom)
2019-11-14 03:47:12,439 [pool-159-thread-1] INFO  server.RaftServerConfigKeys (ConfUtils.java:logGet(43)) - raft.server.log.segment.size.max = 1048576 (custom)
2019-11-14 03:47:12,439 [pool-159-thread-1] WARN  impl.MetricRegistriesImpl (MetricRegistriesImpl.java:lambda$create$1(61)) - First MetricRegistry has been created without registering reporters. You may need to call MetricRegistries.global().addReportRegistration(...) before.
2019-11-14 03:47:12,439 [pool-159-thread-1] INFO  server.RaftServerConfigKeys (ConfUtils.java:logGet(43)) - raft.server.log.segment.cache.num.max = 2 (custom)
2019-11-14 03:47:12,439 [pool-159-thread-1] INFO  segmented.SegmentedRaftLogWorker (SegmentedRaftLogWorker.java:<init>(173)) - new 78429c2b-19b5-43a0-84bb-c976fd750a70@group-8C7334814B3B-SegmentedRaftLogWorker for RaftStorage:Storage Directory /workdir/hadoop-ozone/integration-test/target/test-dir/MiniOzoneClusterImpl-db6fd866-6788-41aa-8e01-4626558b27a7/datanode-1/data/ratis/c2abd12d-7274-4742-90f9-8c7334814b3b
2019-11-14 03:47:12,439 [pool-159-thread-1] INFO  server.RaftServerConfigKeys (ConfUtils.java:logGet(43)) - raft.server.log.queue.byte-limit = 2147483647 (custom)
2019-11-14 03:47:12,439 [pool-159-thread-1] INFO  server.RaftServerConfigKeys (ConfUtils.java:logGet(43)) - raft.server.log.queue.element-limit = 1024 (custom)
2019-11-14 03:47:12,439 [pool-159-thread-1] INFO  server.RaftServerConfigKeys (ConfUtils.java:logGet(43)) - raft.server.log.segment.size.max = 1048576 (custom)
2019-11-14 03:47:12,439 [pool-159-thread-1] INFO  server.RaftServerConfigKeys (ConfUtils.java:logGet(43)) - raft.server.log.preallocated.size = 16384 (custom)
2019-11-14 03:47:12,439 [pool-159-thread-1] INFO  server.RaftServerConfigKeys (ConfUtils.java:logGet(43)) - raft.server.log.write.buffer.size = 33554432 (custom)
2019-11-14 03:47:12,439 [pool-159-thread-1] INFO  server.RaftServerConfigKeys (ConfUtils.java:logGet(43)) - raft.server.log.force.sync.num = 128 (default)
2019-11-14 03:47:12,439 [pool-159-thread-1] INFO  server.RaftServerConfigKeys (ConfUtils.java:logGet(43)) - raft.server.log.statemachine.data.sync = true (default)
2019-11-14 03:47:12,439 [pool-159-thread-1] INFO  server.RaftServerConfigKeys (ConfUtils.java:logGet(43)) - raft.server.log.statemachine.data.sync.timeout = 10s (default)
2019-11-14 03:47:12,440 [pool-159-thread-1] INFO  server.RaftServerConfigKeys (ConfUtils.java:logGet(43)) - raft.server.log.statemachine.data.sync.timeout.retry = -1 (default)
2019-11-14 03:47:12,440 [pool-159-thread-1] INFO  server.RaftServerConfigKeys (ConfUtils.java:logGet(43)) - raft.server.log.statemachine.data.caching.enabled = true (custom)
2019-11-14 03:47:12,440 [pool-159-thread-1] INFO  segmented.SegmentedRaftLogWorker (SegmentedRaftLogWorker.java:lambda$new$0(128)) - 78429c2b-19b5-43a0-84bb-c976fd750a70@group-8C7334814B3B-SegmentedRaftLogWorker: flushIndex: setUnconditionally 0 -> -1
2019-11-14 03:47:12,440 [pool-159-thread-1] INFO  server.RaftServerConfigKeys (ConfUtils.java:logGet(43)) - raft.server.snapshot.auto.trigger.enabled = true (custom)
2019-11-14 03:47:12,440 [pool-159-thread-1] INFO  server.RaftServerConfigKeys (ConfUtils.java:logGet(43)) - raft.server.snapshot.auto.trigger.threshold = 10000 (custom)
2019-11-14 03:47:12,441 [pool-159-thread-1] INFO  server.RaftServerConfigKeys (ConfUtils.java:logGet(43)) - raft.server.snapshot.retention.file.num = 5 (custom)
2019-11-14 03:47:12,441 [pool-159-thread-1] INFO  server.RaftServerConfigKeys (ConfUtils.java:logGet(43)) - raft.server.retrycache.expirytime = 600000ms (custom)
2019-11-14 03:47:12,441 [pool-159-thread-1] WARN  impl.MetricRegistriesImpl (MetricRegistriesImpl.java:lambda$create$1(61)) - First MetricRegistry has been created without registering reporters. You may need to call MetricRegistries.global().addReportRegistration(...) before.
2019-11-14 03:47:12,441 [pool-159-thread-1] WARN  impl.MetricRegistriesImpl (MetricRegistriesImpl.java:lambda$create$1(61)) - First MetricRegistry has been created without registering reporters. You may need to call MetricRegistries.global().addReportRegistration(...) before.
2019-11-14 03:47:12,441 [pool-159-thread-1] INFO  impl.RaftServerImpl (RaftServerImpl.java:start(184)) - 78429c2b-19b5-43a0-84bb-c976fd750a70@group-8C7334814B3B: start as a follower, conf=-1: [78429c2b-19b5-43a0-84bb-c976fd750a70:192.168.157.206:33494], old=null
2019-11-14 03:47:12,441 [pool-159-thread-1] INFO  impl.RaftServerImpl (RaftServerImpl.java:setRole(173)) - 78429c2b-19b5-43a0-84bb-c976fd750a70@group-8C7334814B3B: changes role from      null to FOLLOWER at term 0 for startAsFollower
2019-11-14 03:47:12,441 [pool-159-thread-1] INFO  impl.RoleInfo (RoleInfo.java:updateAndGet(143)) - 78429c2b-19b5-43a0-84bb-c976fd750a70: start FollowerState
2019-11-14 03:47:12,442 [pool-159-thread-1] INFO  util.JmxRegister (JmxRegister.java:tryRegister(44)) - Successfully registered JMX Bean with object name Ratis:service=RaftServer,group=group-8C7334814B3B,id=78429c2b-19b5-43a0-84bb-c976fd750a70
2019-11-14 03:47:12,442 [pool-159-thread-1] WARN  impl.MetricRegistriesImpl (MetricRegistriesImpl.java:lambda$create$1(61)) - First MetricRegistry has been created without registering reporters. You may need to call MetricRegistries.global().addReportRegistration(...) before.
2019-11-14 03:47:12,445 [RatisPipelineUtilsThread] INFO  pipeline.PipelineStateManager (PipelineStateManager.java:addPipeline(55)) - Created pipeline Pipeline[ Id: c2abd12d-7274-4742-90f9-8c7334814b3b, Nodes: 78429c2b-19b5-43a0-84bb-c976fd750a70{ip: 192.168.157.206, host: trunk-nightly-20191114-k5n9k-339518648, networkLocation: /rack1, certSerialId: null}, Type:RATIS, Factor:ONE, State:ALLOCATED]
2019-11-14 03:47:12,480 [IPC Server handler 2 on 36627] INFO  net.NetworkTopology (NetworkTopologyImpl.java:add(111)) - Added a new node: /rack1/d4b369d8-a85d-4b99-b953-37bddccdea6c
2019-11-14 03:47:12,481 [IPC Server handler 2 on 36627] INFO  node.SCMNodeManager (SCMNodeManager.java:register(267)) - Registered Data node : d4b369d8-a85d-4b99-b953-37bddccdea6c{ip: 192.168.157.206, host: trunk-nightly-20191114-k5n9k-339518648, networkLocation: /rack1, certSerialId: null}
2019-11-14 03:47:12,488 [grpc-default-executor-4] INFO  impl.RaftServerProxy (RaftServerProxy.java:addNew(89)) - d4b369d8-a85d-4b99-b953-37bddccdea6c: addNew group-FB515A8E04DA:[d4b369d8-a85d-4b99-b953-37bddccdea6c:192.168.157.206:40232] returns group-FB515A8E04DA:java.util.concurrent.CompletableFuture@71549d7f[Not completed]
2019-11-14 03:47:12,489 [pool-169-thread-1] INFO  impl.RaftServerImpl (RaftServerImpl.java:<init>(98)) - d4b369d8-a85d-4b99-b953-37bddccdea6c: new RaftServerImpl for group-FB515A8E04DA:[d4b369d8-a85d-4b99-b953-37bddccdea6c:192.168.157.206:40232] with ContainerStateMachine:uninitialized
2019-11-14 03:47:12,489 [pool-169-thread-1] INFO  server.RaftServerConfigKeys (ConfUtils.java:logGet(43)) - raft.server.rpc.timeout.min = 1s (custom)
2019-11-14 03:47:12,489 [pool-169-thread-1] INFO  server.RaftServerConfigKeys (ConfUtils.java:logGet(43)) - raft.server.rpc.timeout.max = 1200ms (custom)
2019-11-14 03:47:12,490 [pool-169-thread-1] INFO  server.RaftServerConfigKeys (ConfUtils.java:logGet(43)) - raft.server.rpcslowness.timeout = 120s (custom)
2019-11-14 03:47:12,490 [pool-169-thread-1] INFO  server.RaftServerConfigKeys (ConfUtils.java:logGet(43)) - raft.server.sleep.deviation.threshold = 300 (default)
2019-11-14 03:47:12,490 [pool-169-thread-1] INFO  server.RaftServerConfigKeys (ConfUtils.java:logGet(43)) - raft.server.log.appender.install.snapshot.enabled = false (custom)
2019-11-14 03:47:12,490 [pool-169-thread-1] INFO  impl.RaftServerImpl (ServerState.java:<init>(103)) - d4b369d8-a85d-4b99-b953-37bddccdea6c@group-FB515A8E04DA: ConfigurationManager, init=-1: [d4b369d8-a85d-4b99-b953-37bddccdea6c:192.168.157.206:40232], old=null, confs=<EMPTY_MAP>
2019-11-14 03:47:12,490 [pool-169-thread-1] INFO  server.RaftServerConfigKeys (ConfUtils.java:logGet(43)) - raft.server.storage.dir = [/workdir/hadoop-ozone/integration-test/target/test-dir/MiniOzoneClusterImpl-db6fd866-6788-41aa-8e01-4626558b27a7/datanode-2/data/ratis] (custom)
2019-11-14 03:47:12,491 [pool-169-thread-1] INFO  server.RaftServerConfigKeys (ConfUtils.java:logGet(43)) - raft.server.log.corruption.policy = EXCEPTION (default)
2019-11-14 03:47:12,491 [pool-169-thread-1] INFO  storage.RaftStorageDirectory (RaftStorageDirectory.java:analyzeStorage(246)) - The storage directory /workdir/hadoop-ozone/integration-test/target/test-dir/MiniOzoneClusterImpl-db6fd866-6788-41aa-8e01-4626558b27a7/datanode-2/data/ratis/0eb02250-e861-4ec3-9831-fb515a8e04da does not exist. Creating ...
2019-11-14 03:47:12,506 [pool-169-thread-1] INFO  storage.RaftStorageDirectory (RaftStorageDirectory.java:tryLock(328)) - Lock on /workdir/hadoop-ozone/integration-test/target/test-dir/MiniOzoneClusterImpl-db6fd866-6788-41aa-8e01-4626558b27a7/datanode-2/data/ratis/0eb02250-e861-4ec3-9831-fb515a8e04da/in_use.lock acquired by nodename 10001@trunk-nightly-20191114-k5n9k-339518648
2019-11-14 03:47:12,521 [pool-169-thread-1] INFO  storage.RaftStorage (RaftStorage.java:format(84)) - Storage directory /workdir/hadoop-ozone/integration-test/target/test-dir/MiniOzoneClusterImpl-db6fd866-6788-41aa-8e01-4626558b27a7/datanode-2/data/ratis/0eb02250-e861-4ec3-9831-fb515a8e04da has been successfully formatted.
2019-11-14 03:47:12,521 [pool-169-thread-1] INFO  ratis.ContainerStateMachine (ContainerStateMachine.java:loadSnapshot(223)) - group-FB515A8E04DA: The snapshot info is null. Setting the last applied indexto:(t:0, i:~)
2019-11-14 03:47:12,521 [pool-169-thread-1] INFO  server.RaftServerConfigKeys (ConfUtils.java:logGet(43)) - raft.server.notification.no-leader.timeout = 120s (custom)
2019-11-14 03:47:12,521 [pool-169-thread-1] INFO  server.RaftServerConfigKeys (ConfUtils.java:logGet(43)) - raft.server.log.use.memory = false (default)
2019-11-14 03:47:12,521 [pool-169-thread-1] INFO  server.RaftServerConfigKeys (ConfUtils.java:logGet(43)) - raft.server.log.purge.gap = 1000000 (custom)
2019-11-14 03:47:12,522 [pool-169-thread-1] INFO  server.RaftServerConfigKeys (ConfUtils.java:logGet(43)) - raft.server.log.appender.buffer.byte-limit = 33554432 (custom)
2019-11-14 03:47:12,522 [pool-169-thread-1] INFO  server.RaftServerConfigKeys (ConfUtils.java:logGet(43)) - raft.server.log.segment.size.max = 1048576 (custom)
2019-11-14 03:47:12,522 [pool-169-thread-1] WARN  impl.MetricRegistriesImpl (MetricRegistriesImpl.java:lambda$create$1(61)) - First MetricRegistry has been created without registering reporters. You may need to call MetricRegistries.global().addReportRegistration(...) before.
2019-11-14 03:47:12,522 [pool-169-thread-1] INFO  server.RaftServerConfigKeys (ConfUtils.java:logGet(43)) - raft.server.log.segment.cache.num.max = 2 (custom)
2019-11-14 03:47:12,522 [pool-169-thread-1] INFO  segmented.SegmentedRaftLogWorker (SegmentedRaftLogWorker.java:<init>(173)) - new d4b369d8-a85d-4b99-b953-37bddccdea6c@group-FB515A8E04DA-SegmentedRaftLogWorker for RaftStorage:Storage Directory /workdir/hadoop-ozone/integration-test/target/test-dir/MiniOzoneClusterImpl-db6fd866-6788-41aa-8e01-4626558b27a7/datanode-2/data/ratis/0eb02250-e861-4ec3-9831-fb515a8e04da
2019-11-14 03:47:12,522 [pool-169-thread-1] INFO  server.RaftServerConfigKeys (ConfUtils.java:logGet(43)) - raft.server.log.queue.byte-limit = 2147483647 (custom)
2019-11-14 03:47:12,522 [pool-169-thread-1] INFO  server.RaftServerConfigKeys (ConfUtils.java:logGet(43)) - raft.server.log.queue.element-limit = 1024 (custom)
2019-11-14 03:47:12,523 [pool-169-thread-1] INFO  server.RaftServerConfigKeys (ConfUtils.java:logGet(43)) - raft.server.log.segment.size.max = 1048576 (custom)
2019-11-14 03:47:12,523 [pool-169-thread-1] INFO  server.RaftServerConfigKeys (ConfUtils.java:logGet(43)) - raft.server.log.preallocated.size = 16384 (custom)
2019-11-14 03:47:12,523 [pool-169-thread-1] INFO  server.RaftServerConfigKeys (ConfUtils.java:logGet(43)) - raft.server.log.write.buffer.size = 33554432 (custom)
2019-11-14 03:47:12,523 [pool-169-thread-1] INFO  server.RaftServerConfigKeys (ConfUtils.java:logGet(43)) - raft.server.log.force.sync.num = 128 (default)
2019-11-14 03:47:12,523 [pool-169-thread-1] INFO  server.RaftServerConfigKeys (ConfUtils.java:logGet(43)) - raft.server.log.statemachine.data.sync = true (default)
2019-11-14 03:47:12,523 [pool-169-thread-1] INFO  server.RaftServerConfigKeys (ConfUtils.java:logGet(43)) - raft.server.log.statemachine.data.sync.timeout = 10s (default)
2019-11-14 03:47:12,523 [pool-169-thread-1] INFO  server.RaftServerConfigKeys (ConfUtils.java:logGet(43)) - raft.server.log.statemachine.data.sync.timeout.retry = -1 (default)
2019-11-14 03:47:12,524 [pool-169-thread-1] INFO  server.RaftServerConfigKeys (ConfUtils.java:logGet(43)) - raft.server.log.statemachine.data.caching.enabled = true (custom)
2019-11-14 03:47:12,524 [pool-169-thread-1] INFO  segmented.SegmentedRaftLogWorker (SegmentedRaftLogWorker.java:lambda$new$0(128)) - d4b369d8-a85d-4b99-b953-37bddccdea6c@group-FB515A8E04DA-SegmentedRaftLogWorker: flushIndex: setUnconditionally 0 -> -1
2019-11-14 03:47:12,524 [pool-169-thread-1] INFO  server.RaftServerConfigKeys (ConfUtils.java:logGet(43)) - raft.server.snapshot.auto.trigger.enabled = true (custom)
2019-11-14 03:47:12,524 [pool-169-thread-1] INFO  server.RaftServerConfigKeys (ConfUtils.java:logGet(43)) - raft.server.snapshot.auto.trigger.threshold = 10000 (custom)
2019-11-14 03:47:12,524 [pool-169-thread-1] INFO  server.RaftServerConfigKeys (ConfUtils.java:logGet(43)) - raft.server.snapshot.retention.file.num = 5 (custom)
2019-11-14 03:47:12,524 [pool-169-thread-1] INFO  server.RaftServerConfigKeys (ConfUtils.java:logGet(43)) - raft.server.retrycache.expirytime = 600000ms (custom)
2019-11-14 03:47:12,525 [pool-169-thread-1] WARN  impl.MetricRegistriesImpl (MetricRegistriesImpl.java:lambda$create$1(61)) - First MetricRegistry has been created without registering reporters. You may need to call MetricRegistries.global().addReportRegistration(...) before.
2019-11-14 03:47:12,525 [pool-169-thread-1] WARN  impl.MetricRegistriesImpl (MetricRegistriesImpl.java:lambda$create$1(61)) - First MetricRegistry has been created without registering reporters. You may need to call MetricRegistries.global().addReportRegistration(...) before.
2019-11-14 03:47:12,525 [pool-169-thread-1] INFO  impl.RaftServerImpl (RaftServerImpl.java:start(184)) - d4b369d8-a85d-4b99-b953-37bddccdea6c@group-FB515A8E04DA: start as a follower, conf=-1: [d4b369d8-a85d-4b99-b953-37bddccdea6c:192.168.157.206:40232], old=null
2019-11-14 03:47:12,525 [pool-169-thread-1] INFO  impl.RaftServerImpl (RaftServerImpl.java:setRole(173)) - d4b369d8-a85d-4b99-b953-37bddccdea6c@group-FB515A8E04DA: changes role from      null to FOLLOWER at term 0 for startAsFollower
2019-11-14 03:47:12,525 [pool-169-thread-1] INFO  impl.RoleInfo (RoleInfo.java:updateAndGet(143)) - d4b369d8-a85d-4b99-b953-37bddccdea6c: start FollowerState
2019-11-14 03:47:12,526 [pool-169-thread-1] INFO  util.JmxRegister (JmxRegister.java:tryRegister(44)) - Successfully registered JMX Bean with object name Ratis:service=RaftServer,group=group-FB515A8E04DA,id=d4b369d8-a85d-4b99-b953-37bddccdea6c
2019-11-14 03:47:12,526 [pool-169-thread-1] WARN  impl.MetricRegistriesImpl (MetricRegistriesImpl.java:lambda$create$1(61)) - First MetricRegistry has been created without registering reporters. You may need to call MetricRegistries.global().addReportRegistration(...) before.
2019-11-14 03:47:12,529 [RatisPipelineUtilsThread] INFO  pipeline.PipelineStateManager (PipelineStateManager.java:addPipeline(55)) - Created pipeline Pipeline[ Id: 0eb02250-e861-4ec3-9831-fb515a8e04da, Nodes: d4b369d8-a85d-4b99-b953-37bddccdea6c{ip: 192.168.157.206, host: trunk-nightly-20191114-k5n9k-339518648, networkLocation: /rack1, certSerialId: null}, Type:RATIS, Factor:ONE, State:ALLOCATED]
2019-11-14 03:47:12,540 [grpc-default-executor-2] INFO  impl.RaftServerProxy (RaftServerProxy.java:addNew(89)) - 78429c2b-19b5-43a0-84bb-c976fd750a70: addNew group-4767E57A5C9A:[6c36bdee-0f85-4acd-86c8-ce53960cf4ab:192.168.157.206:40913, 78429c2b-19b5-43a0-84bb-c976fd750a70:192.168.157.206:33494, d4b369d8-a85d-4b99-b953-37bddccdea6c:192.168.157.206:40232] returns group-4767E57A5C9A:java.util.concurrent.CompletableFuture@11588ed[Not completed]
2019-11-14 03:47:12,541 [grpc-default-executor-6] INFO  impl.RaftServerProxy (RaftServerProxy.java:addNew(89)) - d4b369d8-a85d-4b99-b953-37bddccdea6c: addNew group-4767E57A5C9A:[6c36bdee-0f85-4acd-86c8-ce53960cf4ab:192.168.157.206:40913, 78429c2b-19b5-43a0-84bb-c976fd750a70:192.168.157.206:33494, d4b369d8-a85d-4b99-b953-37bddccdea6c:192.168.157.206:40232] returns group-4767E57A5C9A:java.util.concurrent.CompletableFuture@63f92c98[Not completed]
2019-11-14 03:47:12,541 [grpc-default-executor-6] INFO  impl.RaftServerProxy (RaftServerProxy.java:addNew(89)) - 6c36bdee-0f85-4acd-86c8-ce53960cf4ab: addNew group-4767E57A5C9A:[6c36bdee-0f85-4acd-86c8-ce53960cf4ab:192.168.157.206:40913, 78429c2b-19b5-43a0-84bb-c976fd750a70:192.168.157.206:33494, d4b369d8-a85d-4b99-b953-37bddccdea6c:192.168.157.206:40232] returns group-4767E57A5C9A:java.util.concurrent.CompletableFuture@7d4e85d7[Not completed]
2019-11-14 03:47:12,542 [pool-159-thread-1] INFO  impl.RaftServerImpl (RaftServerImpl.java:<init>(98)) - 78429c2b-19b5-43a0-84bb-c976fd750a70: new RaftServerImpl for group-4767E57A5C9A:[6c36bdee-0f85-4acd-86c8-ce53960cf4ab:192.168.157.206:40913, 78429c2b-19b5-43a0-84bb-c976fd750a70:192.168.157.206:33494, d4b369d8-a85d-4b99-b953-37bddccdea6c:192.168.157.206:40232] with ContainerStateMachine:uninitialized
2019-11-14 03:47:12,542 [pool-159-thread-1] INFO  server.RaftServerConfigKeys (ConfUtils.java:logGet(43)) - raft.server.rpc.timeout.min = 1s (custom)
2019-11-14 03:47:12,542 [pool-159-thread-1] INFO  server.RaftServerConfigKeys (ConfUtils.java:logGet(43)) - raft.server.rpc.timeout.max = 1200ms (custom)
2019-11-14 03:47:12,542 [pool-159-thread-1] INFO  server.RaftServerConfigKeys (ConfUtils.java:logGet(43)) - raft.server.rpcslowness.timeout = 120s (custom)
2019-11-14 03:47:12,542 [pool-159-thread-1] INFO  server.RaftServerConfigKeys (ConfUtils.java:logGet(43)) - raft.server.sleep.deviation.threshold = 300 (default)
2019-11-14 03:47:12,542 [pool-159-thread-1] INFO  server.RaftServerConfigKeys (ConfUtils.java:logGet(43)) - raft.server.log.appender.install.snapshot.enabled = false (custom)
2019-11-14 03:47:12,542 [pool-159-thread-1] INFO  impl.RaftServerImpl (ServerState.java:<init>(103)) - 78429c2b-19b5-43a0-84bb-c976fd750a70@group-4767E57A5C9A: ConfigurationManager, init=-1: [6c36bdee-0f85-4acd-86c8-ce53960cf4ab:192.168.157.206:40913, 78429c2b-19b5-43a0-84bb-c976fd750a70:192.168.157.206:33494, d4b369d8-a85d-4b99-b953-37bddccdea6c:192.168.157.206:40232], old=null, confs=<EMPTY_MAP>
2019-11-14 03:47:12,543 [pool-149-thread-1] INFO  impl.RaftServerImpl (RaftServerImpl.java:<init>(98)) - 6c36bdee-0f85-4acd-86c8-ce53960cf4ab: new RaftServerImpl for group-4767E57A5C9A:[6c36bdee-0f85-4acd-86c8-ce53960cf4ab:192.168.157.206:40913, 78429c2b-19b5-43a0-84bb-c976fd750a70:192.168.157.206:33494, d4b369d8-a85d-4b99-b953-37bddccdea6c:192.168.157.206:40232] with ContainerStateMachine:uninitialized
2019-11-14 03:47:12,543 [pool-159-thread-1] INFO  server.RaftServerConfigKeys (ConfUtils.java:logGet(43)) - raft.server.storage.dir = [/workdir/hadoop-ozone/integration-test/target/test-dir/MiniOzoneClusterImpl-db6fd866-6788-41aa-8e01-4626558b27a7/datanode-1/data/ratis] (custom)
2019-11-14 03:47:12,543 [pool-149-thread-1] INFO  server.RaftServerConfigKeys (ConfUtils.java:logGet(43)) - raft.server.rpc.timeout.min = 1s (custom)
2019-11-14 03:47:12,543 [pool-149-thread-1] INFO  server.RaftServerConfigKeys (ConfUtils.java:logGet(43)) - raft.server.rpc.timeout.max = 1200ms (custom)
2019-11-14 03:47:12,543 [pool-159-thread-1] INFO  server.RaftServerConfigKeys (ConfUtils.java:logGet(43)) - raft.server.log.corruption.policy = EXCEPTION (default)
2019-11-14 03:47:12,543 [pool-149-thread-1] INFO  server.RaftServerConfigKeys (ConfUtils.java:logGet(43)) - raft.server.rpcslowness.timeout = 120s (custom)
2019-11-14 03:47:12,543 [pool-159-thread-1] INFO  storage.RaftStorageDirectory (RaftStorageDirectory.java:analyzeStorage(246)) - The storage directory /workdir/hadoop-ozone/integration-test/target/test-dir/MiniOzoneClusterImpl-db6fd866-6788-41aa-8e01-4626558b27a7/datanode-1/data/ratis/d6c540fe-d211-4120-bc37-4767e57a5c9a does not exist. Creating ...
2019-11-14 03:47:12,543 [pool-169-thread-1] INFO  impl.RaftServerImpl (RaftServerImpl.java:<init>(98)) - d4b369d8-a85d-4b99-b953-37bddccdea6c: new RaftServerImpl for group-4767E57A5C9A:[6c36bdee-0f85-4acd-86c8-ce53960cf4ab:192.168.157.206:40913, 78429c2b-19b5-43a0-84bb-c976fd750a70:192.168.157.206:33494, d4b369d8-a85d-4b99-b953-37bddccdea6c:192.168.157.206:40232] with ContainerStateMachine:uninitialized
2019-11-14 03:47:12,543 [pool-149-thread-1] INFO  server.RaftServerConfigKeys (ConfUtils.java:logGet(43)) - raft.server.sleep.deviation.threshold = 300 (default)
2019-11-14 03:47:12,544 [pool-149-thread-1] INFO  server.RaftServerConfigKeys (ConfUtils.java:logGet(43)) - raft.server.log.appender.install.snapshot.enabled = false (custom)
2019-11-14 03:47:12,544 [pool-169-thread-1] INFO  server.RaftServerConfigKeys (ConfUtils.java:logGet(43)) - raft.server.rpc.timeout.min = 1s (custom)
2019-11-14 03:47:12,544 [pool-149-thread-1] INFO  impl.RaftServerImpl (ServerState.java:<init>(103)) - 6c36bdee-0f85-4acd-86c8-ce53960cf4ab@group-4767E57A5C9A: ConfigurationManager, init=-1: [6c36bdee-0f85-4acd-86c8-ce53960cf4ab:192.168.157.206:40913, 78429c2b-19b5-43a0-84bb-c976fd750a70:192.168.157.206:33494, d4b369d8-a85d-4b99-b953-37bddccdea6c:192.168.157.206:40232], old=null, confs=<EMPTY_MAP>
2019-11-14 03:47:12,544 [pool-169-thread-1] INFO  server.RaftServerConfigKeys (ConfUtils.java:logGet(43)) - raft.server.rpc.timeout.max = 1200ms (custom)
2019-11-14 03:47:12,544 [pool-149-thread-1] INFO  server.RaftServerConfigKeys (ConfUtils.java:logGet(43)) - raft.server.storage.dir = [/workdir/hadoop-ozone/integration-test/target/test-dir/MiniOzoneClusterImpl-db6fd866-6788-41aa-8e01-4626558b27a7/datanode-0/data/ratis] (custom)
2019-11-14 03:47:12,544 [pool-169-thread-1] INFO  server.RaftServerConfigKeys (ConfUtils.java:logGet(43)) - raft.server.rpcslowness.timeout = 120s (custom)
2019-11-14 03:47:12,544 [pool-169-thread-1] INFO  server.RaftServerConfigKeys (ConfUtils.java:logGet(43)) - raft.server.sleep.deviation.threshold = 300 (default)
2019-11-14 03:47:12,544 [pool-149-thread-1] INFO  server.RaftServerConfigKeys (ConfUtils.java:logGet(43)) - raft.server.log.corruption.policy = EXCEPTION (default)
2019-11-14 03:47:12,545 [pool-169-thread-1] INFO  server.RaftServerConfigKeys (ConfUtils.java:logGet(43)) - raft.server.log.appender.install.snapshot.enabled = false (custom)
2019-11-14 03:47:12,545 [pool-149-thread-1] INFO  storage.RaftStorageDirectory (RaftStorageDirectory.java:analyzeStorage(246)) - The storage directory /workdir/hadoop-ozone/integration-test/target/test-dir/MiniOzoneClusterImpl-db6fd866-6788-41aa-8e01-4626558b27a7/datanode-0/data/ratis/d6c540fe-d211-4120-bc37-4767e57a5c9a does not exist. Creating ...
2019-11-14 03:47:12,545 [pool-169-thread-1] INFO  impl.RaftServerImpl (ServerState.java:<init>(103)) - d4b369d8-a85d-4b99-b953-37bddccdea6c@group-4767E57A5C9A: ConfigurationManager, init=-1: [6c36bdee-0f85-4acd-86c8-ce53960cf4ab:192.168.157.206:40913, 78429c2b-19b5-43a0-84bb-c976fd750a70:192.168.157.206:33494, d4b369d8-a85d-4b99-b953-37bddccdea6c:192.168.157.206:40232], old=null, confs=<EMPTY_MAP>
2019-11-14 03:47:12,545 [pool-169-thread-1] INFO  server.RaftServerConfigKeys (ConfUtils.java:logGet(43)) - raft.server.storage.dir = [/workdir/hadoop-ozone/integration-test/target/test-dir/MiniOzoneClusterImpl-db6fd866-6788-41aa-8e01-4626558b27a7/datanode-2/data/ratis] (custom)
2019-11-14 03:47:12,545 [pool-169-thread-1] INFO  server.RaftServerConfigKeys (ConfUtils.java:logGet(43)) - raft.server.log.corruption.policy = EXCEPTION (default)
2019-11-14 03:47:12,546 [pool-169-thread-1] INFO  storage.RaftStorageDirectory (RaftStorageDirectory.java:analyzeStorage(246)) - The storage directory /workdir/hadoop-ozone/integration-test/target/test-dir/MiniOzoneClusterImpl-db6fd866-6788-41aa-8e01-4626558b27a7/datanode-2/data/ratis/d6c540fe-d211-4120-bc37-4767e57a5c9a does not exist. Creating ...
2019-11-14 03:47:12,553 [IPC Server handler 1 on 36627] INFO  net.NetworkTopology (NetworkTopologyImpl.java:add(111)) - Added a new node: /rack1/d8a9c999-7748-4aa6-a9a9-ef73d9884e3c
2019-11-14 03:47:12,553 [IPC Server handler 1 on 36627] INFO  node.SCMNodeManager (SCMNodeManager.java:register(267)) - Registered Data node : d8a9c999-7748-4aa6-a9a9-ef73d9884e3c{ip: 192.168.157.206, host: trunk-nightly-20191114-k5n9k-339518648, networkLocation: /rack1, certSerialId: null}
2019-11-14 03:47:12,557 [pool-159-thread-1] INFO  storage.RaftStorageDirectory (RaftStorageDirectory.java:tryLock(328)) - Lock on /workdir/hadoop-ozone/integration-test/target/test-dir/MiniOzoneClusterImpl-db6fd866-6788-41aa-8e01-4626558b27a7/datanode-1/data/ratis/d6c540fe-d211-4120-bc37-4767e57a5c9a/in_use.lock acquired by nodename 10001@trunk-nightly-20191114-k5n9k-339518648
2019-11-14 03:47:12,557 [pool-149-thread-1] INFO  storage.RaftStorageDirectory (RaftStorageDirectory.java:tryLock(328)) - Lock on /workdir/hadoop-ozone/integration-test/target/test-dir/MiniOzoneClusterImpl-db6fd866-6788-41aa-8e01-4626558b27a7/datanode-0/data/ratis/d6c540fe-d211-4120-bc37-4767e57a5c9a/in_use.lock acquired by nodename 10001@trunk-nightly-20191114-k5n9k-339518648
2019-11-14 03:47:12,557 [pool-169-thread-1] INFO  storage.RaftStorageDirectory (RaftStorageDirectory.java:tryLock(328)) - Lock on /workdir/hadoop-ozone/integration-test/target/test-dir/MiniOzoneClusterImpl-db6fd866-6788-41aa-8e01-4626558b27a7/datanode-2/data/ratis/d6c540fe-d211-4120-bc37-4767e57a5c9a/in_use.lock acquired by nodename 10001@trunk-nightly-20191114-k5n9k-339518648
2019-11-14 03:47:12,587 [pool-149-thread-1] INFO  storage.RaftStorage (RaftStorage.java:format(84)) - Storage directory /workdir/hadoop-ozone/integration-test/target/test-dir/MiniOzoneClusterImpl-db6fd866-6788-41aa-8e01-4626558b27a7/datanode-0/data/ratis/d6c540fe-d211-4120-bc37-4767e57a5c9a has been successfully formatted.
2019-11-14 03:47:12,587 [pool-169-thread-1] INFO  storage.RaftStorage (RaftStorage.java:format(84)) - Storage directory /workdir/hadoop-ozone/integration-test/target/test-dir/MiniOzoneClusterImpl-db6fd866-6788-41aa-8e01-4626558b27a7/datanode-2/data/ratis/d6c540fe-d211-4120-bc37-4767e57a5c9a has been successfully formatted.
2019-11-14 03:47:12,587 [pool-159-thread-1] INFO  storage.RaftStorage (RaftStorage.java:format(84)) - Storage directory /workdir/hadoop-ozone/integration-test/target/test-dir/MiniOzoneClusterImpl-db6fd866-6788-41aa-8e01-4626558b27a7/datanode-1/data/ratis/d6c540fe-d211-4120-bc37-4767e57a5c9a has been successfully formatted.
2019-11-14 03:47:12,587 [pool-149-thread-1] INFO  ratis.ContainerStateMachine (ContainerStateMachine.java:loadSnapshot(223)) - group-4767E57A5C9A: The snapshot info is null. Setting the last applied indexto:(t:0, i:~)
2019-11-14 03:47:12,587 [pool-159-thread-1] INFO  ratis.ContainerStateMachine (ContainerStateMachine.java:loadSnapshot(223)) - group-4767E57A5C9A: The snapshot info is null. Setting the last applied indexto:(t:0, i:~)
2019-11-14 03:47:12,587 [pool-169-thread-1] INFO  ratis.ContainerStateMachine (ContainerStateMachine.java:loadSnapshot(223)) - group-4767E57A5C9A: The snapshot info is null. Setting the last applied indexto:(t:0, i:~)
2019-11-14 03:47:12,587 [pool-159-thread-1] INFO  server.RaftServerConfigKeys (ConfUtils.java:logGet(43)) - raft.server.notification.no-leader.timeout = 120s (custom)
2019-11-14 03:47:12,587 [pool-149-thread-1] INFO  server.RaftServerConfigKeys (ConfUtils.java:logGet(43)) - raft.server.notification.no-leader.timeout = 120s (custom)
2019-11-14 03:47:12,588 [pool-159-thread-1] INFO  server.RaftServerConfigKeys (ConfUtils.java:logGet(43)) - raft.server.log.use.memory = false (default)
2019-11-14 03:47:12,588 [pool-169-thread-1] INFO  server.RaftServerConfigKeys (ConfUtils.java:logGet(43)) - raft.server.notification.no-leader.timeout = 120s (custom)
2019-11-14 03:47:12,588 [pool-159-thread-1] INFO  server.RaftServerConfigKeys (ConfUtils.java:logGet(43)) - raft.server.log.purge.gap = 1000000 (custom)
2019-11-14 03:47:12,588 [pool-159-thread-1] INFO  server.RaftServerConfigKeys (ConfUtils.java:logGet(43)) - raft.server.log.appender.buffer.byte-limit = 33554432 (custom)
2019-11-14 03:47:12,588 [pool-149-thread-1] INFO  server.RaftServerConfigKeys (ConfUtils.java:logGet(43)) - raft.server.log.use.memory = false (default)
2019-11-14 03:47:12,588 [pool-159-thread-1] INFO  server.RaftServerConfigKeys (ConfUtils.java:logGet(43)) - raft.server.log.segment.size.max = 1048576 (custom)
2019-11-14 03:47:12,588 [pool-169-thread-1] INFO  server.RaftServerConfigKeys (ConfUtils.java:logGet(43)) - raft.server.log.use.memory = false (default)
2019-11-14 03:47:12,588 [pool-159-thread-1] INFO  server.RaftServerConfigKeys (ConfUtils.java:logGet(43)) - raft.server.log.segment.cache.num.max = 2 (custom)
2019-11-14 03:47:12,588 [pool-149-thread-1] INFO  server.RaftServerConfigKeys (ConfUtils.java:logGet(43)) - raft.server.log.purge.gap = 1000000 (custom)
2019-11-14 03:47:12,589 [pool-159-thread-1] INFO  segmented.SegmentedRaftLogWorker (SegmentedRaftLogWorker.java:<init>(173)) - new 78429c2b-19b5-43a0-84bb-c976fd750a70@group-4767E57A5C9A-SegmentedRaftLogWorker for RaftStorage:Storage Directory /workdir/hadoop-ozone/integration-test/target/test-dir/MiniOzoneClusterImpl-db6fd866-6788-41aa-8e01-4626558b27a7/datanode-1/data/ratis/d6c540fe-d211-4120-bc37-4767e57a5c9a
2019-11-14 03:47:12,589 [pool-169-thread-1] INFO  server.RaftServerConfigKeys (ConfUtils.java:logGet(43)) - raft.server.log.purge.gap = 1000000 (custom)
2019-11-14 03:47:12,589 [pool-159-thread-1] INFO  server.RaftServerConfigKeys (ConfUtils.java:logGet(43)) - raft.server.log.queue.byte-limit = 2147483647 (custom)
2019-11-14 03:47:12,589 [pool-149-thread-1] INFO  server.RaftServerConfigKeys (ConfUtils.java:logGet(43)) - raft.server.log.appender.buffer.byte-limit = 33554432 (custom)
2019-11-14 03:47:12,589 [pool-159-thread-1] INFO  server.RaftServerConfigKeys (ConfUtils.java:logGet(43)) - raft.server.log.queue.element-limit = 1024 (custom)
2019-11-14 03:47:12,589 [pool-169-thread-1] INFO  server.RaftServerConfigKeys (ConfUtils.java:logGet(43)) - raft.server.log.appender.buffer.byte-limit = 33554432 (custom)
2019-11-14 03:47:12,589 [pool-159-thread-1] INFO  server.RaftServerConfigKeys (ConfUtils.java:logGet(43)) - raft.server.log.segment.size.max = 1048576 (custom)
2019-11-14 03:47:12,589 [pool-149-thread-1] INFO  server.RaftServerConfigKeys (ConfUtils.java:logGet(43)) - raft.server.log.segment.size.max = 1048576 (custom)
2019-11-14 03:47:12,590 [pool-159-thread-1] INFO  server.RaftServerConfigKeys (ConfUtils.java:logGet(43)) - raft.server.log.preallocated.size = 16384 (custom)
2019-11-14 03:47:12,590 [pool-169-thread-1] INFO  server.RaftServerConfigKeys (ConfUtils.java:logGet(43)) - raft.server.log.segment.size.max = 1048576 (custom)
2019-11-14 03:47:12,590 [pool-159-thread-1] INFO  server.RaftServerConfigKeys (ConfUtils.java:logGet(43)) - raft.server.log.write.buffer.size = 33554432 (custom)
2019-11-14 03:47:12,590 [pool-159-thread-1] INFO  server.RaftServerConfigKeys (ConfUtils.java:logGet(43)) - raft.server.log.force.sync.num = 128 (default)
2019-11-14 03:47:12,590 [pool-149-thread-1] INFO  server.RaftServerConfigKeys (ConfUtils.java:logGet(43)) - raft.server.log.segment.cache.num.max = 2 (custom)
2019-11-14 03:47:12,590 [pool-159-thread-1] INFO  server.RaftServerConfigKeys (ConfUtils.java:logGet(43)) - raft.server.log.statemachine.data.sync = true (default)
2019-11-14 03:47:12,590 [pool-169-thread-1] INFO  server.RaftServerConfigKeys (ConfUtils.java:logGet(43)) - raft.server.log.segment.cache.num.max = 2 (custom)
2019-11-14 03:47:12,590 [pool-159-thread-1] INFO  server.RaftServerConfigKeys (ConfUtils.java:logGet(43)) - raft.server.log.statemachine.data.sync.timeout = 10s (default)
2019-11-14 03:47:12,590 [pool-149-thread-1] INFO  segmented.SegmentedRaftLogWorker (SegmentedRaftLogWorker.java:<init>(173)) - new 6c36bdee-0f85-4acd-86c8-ce53960cf4ab@group-4767E57A5C9A-SegmentedRaftLogWorker for RaftStorage:Storage Directory /workdir/hadoop-ozone/integration-test/target/test-dir/MiniOzoneClusterImpl-db6fd866-6788-41aa-8e01-4626558b27a7/datanode-0/data/ratis/d6c540fe-d211-4120-bc37-4767e57a5c9a
2019-11-14 03:47:12,591 [pool-159-thread-1] INFO  server.RaftServerConfigKeys (ConfUtils.java:logGet(43)) - raft.server.log.statemachine.data.sync.timeout.retry = -1 (default)
2019-11-14 03:47:12,591 [pool-169-thread-1] INFO  segmented.SegmentedRaftLogWorker (SegmentedRaftLogWorker.java:<init>(173)) - new d4b369d8-a85d-4b99-b953-37bddccdea6c@group-4767E57A5C9A-SegmentedRaftLogWorker for RaftStorage:Storage Directory /workdir/hadoop-ozone/integration-test/target/test-dir/MiniOzoneClusterImpl-db6fd866-6788-41aa-8e01-4626558b27a7/datanode-2/data/ratis/d6c540fe-d211-4120-bc37-4767e57a5c9a
2019-11-14 03:47:12,591 [pool-159-thread-1] INFO  server.RaftServerConfigKeys (ConfUtils.java:logGet(43)) - raft.server.log.statemachine.data.caching.enabled = true (custom)
2019-11-14 03:47:12,591 [pool-149-thread-1] INFO  server.RaftServerConfigKeys (ConfUtils.java:logGet(43)) - raft.server.log.queue.byte-limit = 2147483647 (custom)
2019-11-14 03:47:12,591 [pool-159-thread-1] INFO  segmented.SegmentedRaftLogWorker (SegmentedRaftLogWorker.java:lambda$new$0(128)) - 78429c2b-19b5-43a0-84bb-c976fd750a70@group-4767E57A5C9A-SegmentedRaftLogWorker: flushIndex: setUnconditionally 0 -> -1
2019-11-14 03:47:12,591 [pool-169-thread-1] INFO  server.RaftServerConfigKeys (ConfUtils.java:logGet(43)) - raft.server.log.queue.byte-limit = 2147483647 (custom)
2019-11-14 03:47:12,591 [pool-149-thread-1] INFO  server.RaftServerConfigKeys (ConfUtils.java:logGet(43)) - raft.server.log.queue.element-limit = 1024 (custom)
2019-11-14 03:47:12,592 [pool-159-thread-1] INFO  server.RaftServerConfigKeys (ConfUtils.java:logGet(43)) - raft.server.snapshot.auto.trigger.enabled = true (custom)
2019-11-14 03:47:12,592 [pool-169-thread-1] INFO  server.RaftServerConfigKeys (ConfUtils.java:logGet(43)) - raft.server.log.queue.element-limit = 1024 (custom)
2019-11-14 03:47:12,592 [pool-159-thread-1] INFO  server.RaftServerConfigKeys (ConfUtils.java:logGet(43)) - raft.server.snapshot.auto.trigger.threshold = 10000 (custom)
2019-11-14 03:47:12,592 [pool-149-thread-1] INFO  server.RaftServerConfigKeys (ConfUtils.java:logGet(43)) - raft.server.log.segment.size.max = 1048576 (custom)
2019-11-14 03:47:12,592 [pool-159-thread-1] INFO  server.RaftServerConfigKeys (ConfUtils.java:logGet(43)) - raft.server.snapshot.retention.file.num = 5 (custom)
2019-11-14 03:47:12,592 [pool-169-thread-1] INFO  server.RaftServerConfigKeys (ConfUtils.java:logGet(43)) - raft.server.log.segment.size.max = 1048576 (custom)
2019-11-14 03:47:12,592 [pool-159-thread-1] INFO  server.RaftServerConfigKeys (ConfUtils.java:logGet(43)) - raft.server.retrycache.expirytime = 600000ms (custom)
2019-11-14 03:47:12,592 [pool-149-thread-1] INFO  server.RaftServerConfigKeys (ConfUtils.java:logGet(43)) - raft.server.log.preallocated.size = 16384 (custom)
2019-11-14 03:47:12,593 [pool-159-thread-1] WARN  impl.MetricRegistriesImpl (MetricRegistriesImpl.java:lambda$create$1(61)) - First MetricRegistry has been created without registering reporters. You may need to call MetricRegistries.global().addReportRegistration(...) before.
2019-11-14 03:47:12,592 [pool-169-thread-1] INFO  server.RaftServerConfigKeys (ConfUtils.java:logGet(43)) - raft.server.log.preallocated.size = 16384 (custom)
2019-11-14 03:47:12,593 [pool-159-thread-1] WARN  impl.MetricRegistriesImpl (MetricRegistriesImpl.java:lambda$create$1(61)) - First MetricRegistry has been created without registering reporters. You may need to call MetricRegistries.global().addReportRegistration(...) before.
2019-11-14 03:47:12,593 [pool-149-thread-1] INFO  server.RaftServerConfigKeys (ConfUtils.java:logGet(43)) - raft.server.log.write.buffer.size = 33554432 (custom)
2019-11-14 03:47:12,593 [pool-159-thread-1] INFO  impl.RaftServerImpl (RaftServerImpl.java:start(184)) - 78429c2b-19b5-43a0-84bb-c976fd750a70@group-4767E57A5C9A: start as a follower, conf=-1: [6c36bdee-0f85-4acd-86c8-ce53960cf4ab:192.168.157.206:40913, 78429c2b-19b5-43a0-84bb-c976fd750a70:192.168.157.206:33494, d4b369d8-a85d-4b99-b953-37bddccdea6c:192.168.157.206:40232], old=null
2019-11-14 03:47:12,593 [pool-169-thread-1] INFO  server.RaftServerConfigKeys (ConfUtils.java:logGet(43)) - raft.server.log.write.buffer.size = 33554432 (custom)
2019-11-14 03:47:12,593 [pool-159-thread-1] INFO  impl.RaftServerImpl (RaftServerImpl.java:setRole(173)) - 78429c2b-19b5-43a0-84bb-c976fd750a70@group-4767E57A5C9A: changes role from      null to FOLLOWER at term 0 for startAsFollower
2019-11-14 03:47:12,593 [pool-149-thread-1] INFO  server.RaftServerConfigKeys (ConfUtils.java:logGet(43)) - raft.server.log.force.sync.num = 128 (default)
2019-11-14 03:47:12,594 [pool-159-thread-1] INFO  impl.RoleInfo (RoleInfo.java:updateAndGet(143)) - 78429c2b-19b5-43a0-84bb-c976fd750a70: start FollowerState
2019-11-14 03:47:12,593 [pool-169-thread-1] INFO  server.RaftServerConfigKeys (ConfUtils.java:logGet(43)) - raft.server.log.force.sync.num = 128 (default)
2019-11-14 03:47:12,594 [pool-149-thread-1] INFO  server.RaftServerConfigKeys (ConfUtils.java:logGet(43)) - raft.server.log.statemachine.data.sync = true (default)
2019-11-14 03:47:12,594 [pool-159-thread-1] INFO  util.JmxRegister (JmxRegister.java:tryRegister(44)) - Successfully registered JMX Bean with object name Ratis:service=RaftServer,group=group-4767E57A5C9A,id=78429c2b-19b5-43a0-84bb-c976fd750a70
2019-11-14 03:47:12,594 [pool-169-thread-1] INFO  server.RaftServerConfigKeys (ConfUtils.java:logGet(43)) - raft.server.log.statemachine.data.sync = true (default)
2019-11-14 03:47:12,594 [pool-159-thread-1] WARN  impl.MetricRegistriesImpl (MetricRegistriesImpl.java:lambda$create$1(61)) - First MetricRegistry has been created without registering reporters. You may need to call MetricRegistries.global().addReportRegistration(...) before.
2019-11-14 03:47:12,594 [pool-149-thread-1] INFO  server.RaftServerConfigKeys (ConfUtils.java:logGet(43)) - raft.server.log.statemachine.data.sync.timeout = 10s (default)
2019-11-14 03:47:12,594 [pool-169-thread-1] INFO  server.RaftServerConfigKeys (ConfUtils.java:logGet(43)) - raft.server.log.statemachine.data.sync.timeout = 10s (default)
2019-11-14 03:47:12,595 [pool-149-thread-1] INFO  server.RaftServerConfigKeys (ConfUtils.java:logGet(43)) - raft.server.log.statemachine.data.sync.timeout.retry = -1 (default)
2019-11-14 03:47:12,595 [pool-169-thread-1] INFO  server.RaftServerConfigKeys (ConfUtils.java:logGet(43)) - raft.server.log.statemachine.data.sync.timeout.retry = -1 (default)
2019-11-14 03:47:12,595 [pool-149-thread-1] INFO  server.RaftServerConfigKeys (ConfUtils.java:logGet(43)) - raft.server.log.statemachine.data.caching.enabled = true (custom)
2019-11-14 03:47:12,595 [pool-169-thread-1] INFO  server.RaftServerConfigKeys (ConfUtils.java:logGet(43)) - raft.server.log.statemachine.data.caching.enabled = true (custom)
2019-11-14 03:47:12,595 [pool-149-thread-1] INFO  segmented.SegmentedRaftLogWorker (SegmentedRaftLogWorker.java:lambda$new$0(128)) - 6c36bdee-0f85-4acd-86c8-ce53960cf4ab@group-4767E57A5C9A-SegmentedRaftLogWorker: flushIndex: setUnconditionally 0 -> -1
2019-11-14 03:47:12,596 [pool-169-thread-1] INFO  segmented.SegmentedRaftLogWorker (SegmentedRaftLogWorker.java:lambda$new$0(128)) - d4b369d8-a85d-4b99-b953-37bddccdea6c@group-4767E57A5C9A-SegmentedRaftLogWorker: flushIndex: setUnconditionally 0 -> -1
2019-11-14 03:47:12,596 [pool-149-thread-1] INFO  server.RaftServerConfigKeys (ConfUtils.java:logGet(43)) - raft.server.snapshot.auto.trigger.enabled = true (custom)
2019-11-14 03:47:12,596 [pool-169-thread-1] INFO  server.RaftServerConfigKeys (ConfUtils.java:logGet(43)) - raft.server.snapshot.auto.trigger.enabled = true (custom)
2019-11-14 03:47:12,596 [pool-149-thread-1] INFO  server.RaftServerConfigKeys (ConfUtils.java:logGet(43)) - raft.server.snapshot.auto.trigger.threshold = 10000 (custom)
2019-11-14 03:47:12,596 [pool-169-thread-1] INFO  server.RaftServerConfigKeys (ConfUtils.java:logGet(43)) - raft.server.snapshot.auto.trigger.threshold = 10000 (custom)
2019-11-14 03:47:12,597 [pool-149-thread-1] INFO  server.RaftServerConfigKeys (ConfUtils.java:logGet(43)) - raft.server.snapshot.retention.file.num = 5 (custom)
2019-11-14 03:47:12,597 [pool-169-thread-1] INFO  server.RaftServerConfigKeys (ConfUtils.java:logGet(43)) - raft.server.snapshot.retention.file.num = 5 (custom)
2019-11-14 03:47:12,597 [pool-149-thread-1] INFO  server.RaftServerConfigKeys (ConfUtils.java:logGet(43)) - raft.server.retrycache.expirytime = 600000ms (custom)
2019-11-14 03:47:12,597 [pool-169-thread-1] INFO  server.RaftServerConfigKeys (ConfUtils.java:logGet(43)) - raft.server.retrycache.expirytime = 600000ms (custom)
2019-11-14 03:47:12,597 [pool-149-thread-1] WARN  impl.MetricRegistriesImpl (MetricRegistriesImpl.java:lambda$create$1(61)) - First MetricRegistry has been created without registering reporters. You may need to call MetricRegistries.global().addReportRegistration(...) before.
2019-11-14 03:47:12,597 [pool-169-thread-1] WARN  impl.MetricRegistriesImpl (MetricRegistriesImpl.java:lambda$create$1(61)) - First MetricRegistry has been created without registering reporters. You may need to call MetricRegistries.global().addReportRegistration(...) before.
2019-11-14 03:47:12,597 [pool-149-thread-1] WARN  impl.MetricRegistriesImpl (MetricRegistriesImpl.java:lambda$create$1(61)) - First MetricRegistry has been created without registering reporters. You may need to call MetricRegistries.global().addReportRegistration(...) before.
2019-11-14 03:47:12,597 [pool-169-thread-1] WARN  impl.MetricRegistriesImpl (MetricRegistriesImpl.java:lambda$create$1(61)) - First MetricRegistry has been created without registering reporters. You may need to call MetricRegistries.global().addReportRegistration(...) before.
2019-11-14 03:47:12,598 [pool-149-thread-1] INFO  impl.RaftServerImpl (RaftServerImpl.java:start(184)) - 6c36bdee-0f85-4acd-86c8-ce53960cf4ab@group-4767E57A5C9A: start as a follower, conf=-1: [6c36bdee-0f85-4acd-86c8-ce53960cf4ab:192.168.157.206:40913, 78429c2b-19b5-43a0-84bb-c976fd750a70:192.168.157.206:33494, d4b369d8-a85d-4b99-b953-37bddccdea6c:192.168.157.206:40232], old=null
2019-11-14 03:47:12,598 [pool-169-thread-1] INFO  impl.RaftServerImpl (RaftServerImpl.java:start(184)) - d4b369d8-a85d-4b99-b953-37bddccdea6c@group-4767E57A5C9A: start as a follower, conf=-1: [6c36bdee-0f85-4acd-86c8-ce53960cf4ab:192.168.157.206:40913, 78429c2b-19b5-43a0-84bb-c976fd750a70:192.168.157.206:33494, d4b369d8-a85d-4b99-b953-37bddccdea6c:192.168.157.206:40232], old=null
2019-11-14 03:47:12,598 [pool-149-thread-1] INFO  impl.RaftServerImpl (RaftServerImpl.java:setRole(173)) - 6c36bdee-0f85-4acd-86c8-ce53960cf4ab@group-4767E57A5C9A: changes role from      null to FOLLOWER at term 0 for startAsFollower
2019-11-14 03:47:12,598 [pool-169-thread-1] INFO  impl.RaftServerImpl (RaftServerImpl.java:setRole(173)) - d4b369d8-a85d-4b99-b953-37bddccdea6c@group-4767E57A5C9A: changes role from      null to FOLLOWER at term 0 for startAsFollower
2019-11-14 03:47:12,598 [pool-149-thread-1] INFO  impl.RoleInfo (RoleInfo.java:updateAndGet(143)) - 6c36bdee-0f85-4acd-86c8-ce53960cf4ab: start FollowerState
2019-11-14 03:47:12,598 [pool-169-thread-1] INFO  impl.RoleInfo (RoleInfo.java:updateAndGet(143)) - d4b369d8-a85d-4b99-b953-37bddccdea6c: start FollowerState
2019-11-14 03:47:12,599 [pool-149-thread-1] INFO  util.JmxRegister (JmxRegister.java:tryRegister(44)) - Successfully registered JMX Bean with object name Ratis:service=RaftServer,group=group-4767E57A5C9A,id=6c36bdee-0f85-4acd-86c8-ce53960cf4ab
2019-11-14 03:47:12,599 [pool-149-thread-1] WARN  impl.MetricRegistriesImpl (MetricRegistriesImpl.java:lambda$create$1(61)) - First MetricRegistry has been created without registering reporters. You may need to call MetricRegistries.global().addReportRegistration(...) before.
2019-11-14 03:47:12,599 [pool-169-thread-1] INFO  util.JmxRegister (JmxRegister.java:tryRegister(44)) - Successfully registered JMX Bean with object name Ratis:service=RaftServer,group=group-4767E57A5C9A,id=d4b369d8-a85d-4b99-b953-37bddccdea6c
2019-11-14 03:47:12,599 [pool-169-thread-1] WARN  impl.MetricRegistriesImpl (MetricRegistriesImpl.java:lambda$create$1(61)) - First MetricRegistry has been created without registering reporters. You may need to call MetricRegistries.global().addReportRegistration(...) before.
2019-11-14 03:47:12,603 [RatisPipelineUtilsThread] INFO  pipeline.PipelineStateManager (PipelineStateManager.java:addPipeline(55)) - Created pipeline Pipeline[ Id: d6c540fe-d211-4120-bc37-4767e57a5c9a, Nodes: d4b369d8-a85d-4b99-b953-37bddccdea6c{ip: 192.168.157.206, host: trunk-nightly-20191114-k5n9k-339518648, networkLocation: /rack1, certSerialId: null}78429c2b-19b5-43a0-84bb-c976fd750a70{ip: 192.168.157.206, host: trunk-nightly-20191114-k5n9k-339518648, networkLocation: /rack1, certSerialId: null}6c36bdee-0f85-4acd-86c8-ce53960cf4ab{ip: 192.168.157.206, host: trunk-nightly-20191114-k5n9k-339518648, networkLocation: /rack1, certSerialId: null}, Type:RATIS, Factor:THREE, State:ALLOCATED]
2019-11-14 03:47:12,629 [IPC Server handler 4 on 36627] INFO  net.NetworkTopology (NetworkTopologyImpl.java:add(111)) - Added a new node: /rack1/534c162a-7c0e-49a3-b520-b6800e29086d
2019-11-14 03:47:12,630 [IPC Server handler 4 on 36627] INFO  node.SCMNodeManager (SCMNodeManager.java:register(267)) - Registered Data node : 534c162a-7c0e-49a3-b520-b6800e29086d{ip: 192.168.157.206, host: trunk-nightly-20191114-k5n9k-339518648, networkLocation: /rack1, certSerialId: null}
2019-11-14 03:47:12,637 [grpc-default-executor-6] INFO  impl.RaftServerProxy (RaftServerProxy.java:addNew(89)) - d8a9c999-7748-4aa6-a9a9-ef73d9884e3c: addNew group-E7518B0472BF:[d8a9c999-7748-4aa6-a9a9-ef73d9884e3c:192.168.157.206:34054] returns group-E7518B0472BF:java.util.concurrent.CompletableFuture@48002b43[Not completed]
2019-11-14 03:47:12,638 [pool-179-thread-1] INFO  impl.RaftServerImpl (RaftServerImpl.java:<init>(98)) - d8a9c999-7748-4aa6-a9a9-ef73d9884e3c: new RaftServerImpl for group-E7518B0472BF:[d8a9c999-7748-4aa6-a9a9-ef73d9884e3c:192.168.157.206:34054] with ContainerStateMachine:uninitialized
2019-11-14 03:47:12,638 [pool-179-thread-1] INFO  server.RaftServerConfigKeys (ConfUtils.java:logGet(43)) - raft.server.rpc.timeout.min = 1s (custom)
2019-11-14 03:47:12,639 [pool-179-thread-1] INFO  server.RaftServerConfigKeys (ConfUtils.java:logGet(43)) - raft.server.rpc.timeout.max = 1200ms (custom)
2019-11-14 03:47:12,639 [pool-179-thread-1] INFO  server.RaftServerConfigKeys (ConfUtils.java:logGet(43)) - raft.server.rpcslowness.timeout = 120s (custom)
2019-11-14 03:47:12,639 [pool-179-thread-1] INFO  server.RaftServerConfigKeys (ConfUtils.java:logGet(43)) - raft.server.sleep.deviation.threshold = 300 (default)
2019-11-14 03:47:12,639 [pool-179-thread-1] INFO  server.RaftServerConfigKeys (ConfUtils.java:logGet(43)) - raft.server.log.appender.install.snapshot.enabled = false (custom)
2019-11-14 03:47:12,639 [pool-179-thread-1] INFO  impl.RaftServerImpl (ServerState.java:<init>(103)) - d8a9c999-7748-4aa6-a9a9-ef73d9884e3c@group-E7518B0472BF: ConfigurationManager, init=-1: [d8a9c999-7748-4aa6-a9a9-ef73d9884e3c:192.168.157.206:34054], old=null, confs=<EMPTY_MAP>
2019-11-14 03:47:12,640 [pool-179-thread-1] INFO  server.RaftServerConfigKeys (ConfUtils.java:logGet(43)) - raft.server.storage.dir = [/workdir/hadoop-ozone/integration-test/target/test-dir/MiniOzoneClusterImpl-db6fd866-6788-41aa-8e01-4626558b27a7/datanode-3/data/ratis] (custom)
2019-11-14 03:47:12,640 [pool-179-thread-1] INFO  server.RaftServerConfigKeys (ConfUtils.java:logGet(43)) - raft.server.log.corruption.policy = EXCEPTION (default)
2019-11-14 03:47:12,640 [pool-179-thread-1] INFO  storage.RaftStorageDirectory (RaftStorageDirectory.java:analyzeStorage(246)) - The storage directory /workdir/hadoop-ozone/integration-test/target/test-dir/MiniOzoneClusterImpl-db6fd866-6788-41aa-8e01-4626558b27a7/datanode-3/data/ratis/dc0450da-7ac2-4dfc-a80b-e7518b0472bf does not exist. Creating ...
2019-11-14 03:47:12,679 [pool-179-thread-1] INFO  storage.RaftStorageDirectory (RaftStorageDirectory.java:tryLock(328)) - Lock on /workdir/hadoop-ozone/integration-test/target/test-dir/MiniOzoneClusterImpl-db6fd866-6788-41aa-8e01-4626558b27a7/datanode-3/data/ratis/dc0450da-7ac2-4dfc-a80b-e7518b0472bf/in_use.lock acquired by nodename 10001@trunk-nightly-20191114-k5n9k-339518648
2019-11-14 03:47:12,704 [pool-179-thread-1] INFO  storage.RaftStorage (RaftStorage.java:format(84)) - Storage directory /workdir/hadoop-ozone/integration-test/target/test-dir/MiniOzoneClusterImpl-db6fd866-6788-41aa-8e01-4626558b27a7/datanode-3/data/ratis/dc0450da-7ac2-4dfc-a80b-e7518b0472bf has been successfully formatted.
2019-11-14 03:47:12,705 [pool-179-thread-1] INFO  ratis.ContainerStateMachine (ContainerStateMachine.java:loadSnapshot(223)) - group-E7518B0472BF: The snapshot info is null. Setting the last applied indexto:(t:0, i:~)
2019-11-14 03:47:12,705 [pool-179-thread-1] INFO  server.RaftServerConfigKeys (ConfUtils.java:logGet(43)) - raft.server.notification.no-leader.timeout = 120s (custom)
2019-11-14 03:47:12,705 [pool-179-thread-1] INFO  server.RaftServerConfigKeys (ConfUtils.java:logGet(43)) - raft.server.log.use.memory = false (default)
2019-11-14 03:47:12,705 [pool-179-thread-1] INFO  server.RaftServerConfigKeys (ConfUtils.java:logGet(43)) - raft.server.log.purge.gap = 1000000 (custom)
2019-11-14 03:47:12,705 [pool-179-thread-1] INFO  server.RaftServerConfigKeys (ConfUtils.java:logGet(43)) - raft.server.log.appender.buffer.byte-limit = 33554432 (custom)
2019-11-14 03:47:12,705 [pool-179-thread-1] INFO  server.RaftServerConfigKeys (ConfUtils.java:logGet(43)) - raft.server.log.segment.size.max = 1048576 (custom)
2019-11-14 03:47:12,705 [pool-179-thread-1] WARN  impl.MetricRegistriesImpl (MetricRegistriesImpl.java:lambda$create$1(61)) - First MetricRegistry has been created without registering reporters. You may need to call MetricRegistries.global().addReportRegistration(...) before.
2019-11-14 03:47:12,706 [pool-179-thread-1] INFO  server.RaftServerConfigKeys (ConfUtils.java:logGet(43)) - raft.server.log.segment.cache.num.max = 2 (custom)
2019-11-14 03:47:12,706 [pool-179-thread-1] INFO  segmented.SegmentedRaftLogWorker (SegmentedRaftLogWorker.java:<init>(173)) - new d8a9c999-7748-4aa6-a9a9-ef73d9884e3c@group-E7518B0472BF-SegmentedRaftLogWorker for RaftStorage:Storage Directory /workdir/hadoop-ozone/integration-test/target/test-dir/MiniOzoneClusterImpl-db6fd866-6788-41aa-8e01-4626558b27a7/datanode-3/data/ratis/dc0450da-7ac2-4dfc-a80b-e7518b0472bf
2019-11-14 03:47:12,706 [pool-179-thread-1] INFO  server.RaftServerConfigKeys (ConfUtils.java:logGet(43)) - raft.server.log.queue.byte-limit = 2147483647 (custom)
2019-11-14 03:47:12,706 [pool-179-thread-1] INFO  server.RaftServerConfigKeys (ConfUtils.java:logGet(43)) - raft.server.log.queue.element-limit = 1024 (custom)
2019-11-14 03:47:12,706 [pool-179-thread-1] INFO  server.RaftServerConfigKeys (ConfUtils.java:logGet(43)) - raft.server.log.segment.size.max = 1048576 (custom)
2019-11-14 03:47:12,706 [pool-179-thread-1] INFO  server.RaftServerConfigKeys (ConfUtils.java:logGet(43)) - raft.server.log.preallocated.size = 16384 (custom)
2019-11-14 03:47:12,707 [pool-179-thread-1] INFO  server.RaftServerConfigKeys (ConfUtils.java:logGet(43)) - raft.server.log.write.buffer.size = 33554432 (custom)
2019-11-14 03:47:12,707 [pool-179-thread-1] INFO  server.RaftServerConfigKeys (ConfUtils.java:logGet(43)) - raft.server.log.force.sync.num = 128 (default)
2019-11-14 03:47:12,707 [pool-179-thread-1] INFO  server.RaftServerConfigKeys (ConfUtils.java:logGet(43)) - raft.server.log.statemachine.data.sync = true (default)
2019-11-14 03:47:12,707 [pool-179-thread-1] INFO  server.RaftServerConfigKeys (ConfUtils.java:logGet(43)) - raft.server.log.statemachine.data.sync.timeout = 10s (default)
2019-11-14 03:47:12,707 [pool-179-thread-1] INFO  server.RaftServerConfigKeys (ConfUtils.java:logGet(43)) - raft.server.log.statemachine.data.sync.timeout.retry = -1 (default)
2019-11-14 03:47:12,707 [pool-179-thread-1] INFO  server.RaftServerConfigKeys (ConfUtils.java:logGet(43)) - raft.server.log.statemachine.data.caching.enabled = true (custom)
2019-11-14 03:47:12,708 [pool-179-thread-1] INFO  segmented.SegmentedRaftLogWorker (SegmentedRaftLogWorker.java:lambda$new$0(128)) - d8a9c999-7748-4aa6-a9a9-ef73d9884e3c@group-E7518B0472BF-SegmentedRaftLogWorker: flushIndex: setUnconditionally 0 -> -1
2019-11-14 03:47:12,708 [pool-179-thread-1] INFO  server.RaftServerConfigKeys (ConfUtils.java:logGet(43)) - raft.server.snapshot.auto.trigger.enabled = true (custom)
2019-11-14 03:47:12,708 [pool-179-thread-1] INFO  server.RaftServerConfigKeys (ConfUtils.java:logGet(43)) - raft.server.snapshot.auto.trigger.threshold = 10000 (custom)
2019-11-14 03:47:12,708 [pool-179-thread-1] INFO  server.RaftServerConfigKeys (ConfUtils.java:logGet(43)) - raft.server.snapshot.retention.file.num = 5 (custom)
2019-11-14 03:47:12,709 [pool-179-thread-1] INFO  server.RaftServerConfigKeys (ConfUtils.java:logGet(43)) - raft.server.retrycache.expirytime = 600000ms (custom)
2019-11-14 03:47:12,709 [pool-179-thread-1] WARN  impl.MetricRegistriesImpl (MetricRegistriesImpl.java:lambda$create$1(61)) - First MetricRegistry has been created without registering reporters. You may need to call MetricRegistries.global().addReportRegistration(...) before.
2019-11-14 03:47:12,709 [pool-179-thread-1] WARN  impl.MetricRegistriesImpl (MetricRegistriesImpl.java:lambda$create$1(61)) - First MetricRegistry has been created without registering reporters. You may need to call MetricRegistries.global().addReportRegistration(...) before.
2019-11-14 03:47:12,709 [pool-179-thread-1] INFO  impl.RaftServerImpl (RaftServerImpl.java:start(184)) - d8a9c999-7748-4aa6-a9a9-ef73d9884e3c@group-E7518B0472BF: start as a follower, conf=-1: [d8a9c999-7748-4aa6-a9a9-ef73d9884e3c:192.168.157.206:34054], old=null
2019-11-14 03:47:12,709 [pool-179-thread-1] INFO  impl.RaftServerImpl (RaftServerImpl.java:setRole(173)) - d8a9c999-7748-4aa6-a9a9-ef73d9884e3c@group-E7518B0472BF: changes role from      null to FOLLOWER at term 0 for startAsFollower
2019-11-14 03:47:12,709 [pool-179-thread-1] INFO  impl.RoleInfo (RoleInfo.java:updateAndGet(143)) - d8a9c999-7748-4aa6-a9a9-ef73d9884e3c: start FollowerState
2019-11-14 03:47:12,710 [pool-179-thread-1] INFO  util.JmxRegister (JmxRegister.java:tryRegister(44)) - Successfully registered JMX Bean with object name Ratis:service=RaftServer,group=group-E7518B0472BF,id=d8a9c999-7748-4aa6-a9a9-ef73d9884e3c
2019-11-14 03:47:12,710 [pool-179-thread-1] WARN  impl.MetricRegistriesImpl (MetricRegistriesImpl.java:lambda$create$1(61)) - First MetricRegistry has been created without registering reporters. You may need to call MetricRegistries.global().addReportRegistration(...) before.
2019-11-14 03:47:12,713 [RatisPipelineUtilsThread] INFO  pipeline.PipelineStateManager (PipelineStateManager.java:addPipeline(55)) - Created pipeline Pipeline[ Id: dc0450da-7ac2-4dfc-a80b-e7518b0472bf, Nodes: d8a9c999-7748-4aa6-a9a9-ef73d9884e3c{ip: 192.168.157.206, host: trunk-nightly-20191114-k5n9k-339518648, networkLocation: /rack1, certSerialId: null}, Type:RATIS, Factor:ONE, State:ALLOCATED]
2019-11-14 03:47:12,719 [grpc-default-executor-6] INFO  impl.RaftServerProxy (RaftServerProxy.java:addNew(89)) - 534c162a-7c0e-49a3-b520-b6800e29086d: addNew group-6FB600B66E63:[534c162a-7c0e-49a3-b520-b6800e29086d:192.168.157.206:46363] returns group-6FB600B66E63:java.util.concurrent.CompletableFuture@11686386[Not completed]
2019-11-14 03:47:12,721 [pool-189-thread-1] INFO  impl.RaftServerImpl (RaftServerImpl.java:<init>(98)) - 534c162a-7c0e-49a3-b520-b6800e29086d: new RaftServerImpl for group-6FB600B66E63:[534c162a-7c0e-49a3-b520-b6800e29086d:192.168.157.206:46363] with ContainerStateMachine:uninitialized
2019-11-14 03:47:12,721 [pool-189-thread-1] INFO  server.RaftServerConfigKeys (ConfUtils.java:logGet(43)) - raft.server.rpc.timeout.min = 1s (custom)
2019-11-14 03:47:12,721 [pool-189-thread-1] INFO  server.RaftServerConfigKeys (ConfUtils.java:logGet(43)) - raft.server.rpc.timeout.max = 1200ms (custom)
2019-11-14 03:47:12,721 [pool-189-thread-1] INFO  server.RaftServerConfigKeys (ConfUtils.java:logGet(43)) - raft.server.rpcslowness.timeout = 120s (custom)
2019-11-14 03:47:12,721 [pool-189-thread-1] INFO  server.RaftServerConfigKeys (ConfUtils.java:logGet(43)) - raft.server.sleep.deviation.threshold = 300 (default)
2019-11-14 03:47:12,721 [pool-189-thread-1] INFO  server.RaftServerConfigKeys (ConfUtils.java:logGet(43)) - raft.server.log.appender.install.snapshot.enabled = false (custom)
2019-11-14 03:47:12,722 [pool-189-thread-1] INFO  impl.RaftServerImpl (ServerState.java:<init>(103)) - 534c162a-7c0e-49a3-b520-b6800e29086d@group-6FB600B66E63: ConfigurationManager, init=-1: [534c162a-7c0e-49a3-b520-b6800e29086d:192.168.157.206:46363], old=null, confs=<EMPTY_MAP>
2019-11-14 03:47:12,722 [pool-189-thread-1] INFO  server.RaftServerConfigKeys (ConfUtils.java:logGet(43)) - raft.server.storage.dir = [/workdir/hadoop-ozone/integration-test/target/test-dir/MiniOzoneClusterImpl-db6fd866-6788-41aa-8e01-4626558b27a7/datanode-4/data/ratis] (custom)
2019-11-14 03:47:12,722 [IPC Server handler 5 on 36627] INFO  net.NetworkTopology (NetworkTopologyImpl.java:add(111)) - Added a new node: /rack1/3a789c1e-652a-4343-9c47-49015e6a7e8b
2019-11-14 03:47:12,722 [pool-189-thread-1] INFO  server.RaftServerConfigKeys (ConfUtils.java:logGet(43)) - raft.server.log.corruption.policy = EXCEPTION (default)
2019-11-14 03:47:12,722 [IPC Server handler 5 on 36627] INFO  node.SCMNodeManager (SCMNodeManager.java:register(267)) - Registered Data node : 3a789c1e-652a-4343-9c47-49015e6a7e8b{ip: 192.168.157.206, host: trunk-nightly-20191114-k5n9k-339518648, networkLocation: /rack1, certSerialId: null}
2019-11-14 03:47:12,722 [pool-189-thread-1] INFO  storage.RaftStorageDirectory (RaftStorageDirectory.java:analyzeStorage(246)) - The storage directory /workdir/hadoop-ozone/integration-test/target/test-dir/MiniOzoneClusterImpl-db6fd866-6788-41aa-8e01-4626558b27a7/datanode-4/data/ratis/45b7ec84-ef32-4977-9781-6fb600b66e63 does not exist. Creating ...
2019-11-14 03:47:12,746 [pool-189-thread-1] INFO  storage.RaftStorageDirectory (RaftStorageDirectory.java:tryLock(328)) - Lock on /workdir/hadoop-ozone/integration-test/target/test-dir/MiniOzoneClusterImpl-db6fd866-6788-41aa-8e01-4626558b27a7/datanode-4/data/ratis/45b7ec84-ef32-4977-9781-6fb600b66e63/in_use.lock acquired by nodename 10001@trunk-nightly-20191114-k5n9k-339518648
2019-11-14 03:47:12,772 [pool-189-thread-1] INFO  storage.RaftStorage (RaftStorage.java:format(84)) - Storage directory /workdir/hadoop-ozone/integration-test/target/test-dir/MiniOzoneClusterImpl-db6fd866-6788-41aa-8e01-4626558b27a7/datanode-4/data/ratis/45b7ec84-ef32-4977-9781-6fb600b66e63 has been successfully formatted.
2019-11-14 03:47:12,772 [pool-189-thread-1] INFO  ratis.ContainerStateMachine (ContainerStateMachine.java:loadSnapshot(223)) - group-6FB600B66E63: The snapshot info is null. Setting the last applied indexto:(t:0, i:~)
2019-11-14 03:47:12,772 [pool-189-thread-1] INFO  server.RaftServerConfigKeys (ConfUtils.java:logGet(43)) - raft.server.notification.no-leader.timeout = 120s (custom)
2019-11-14 03:47:12,772 [pool-189-thread-1] INFO  server.RaftServerConfigKeys (ConfUtils.java:logGet(43)) - raft.server.log.use.memory = false (default)
2019-11-14 03:47:12,772 [pool-189-thread-1] INFO  server.RaftServerConfigKeys (ConfUtils.java:logGet(43)) - raft.server.log.purge.gap = 1000000 (custom)
2019-11-14 03:47:12,772 [pool-189-thread-1] INFO  server.RaftServerConfigKeys (ConfUtils.java:logGet(43)) - raft.server.log.appender.buffer.byte-limit = 33554432 (custom)
2019-11-14 03:47:12,773 [pool-189-thread-1] INFO  server.RaftServerConfigKeys (ConfUtils.java:logGet(43)) - raft.server.log.segment.size.max = 1048576 (custom)
2019-11-14 03:47:12,773 [pool-189-thread-1] WARN  impl.MetricRegistriesImpl (MetricRegistriesImpl.java:lambda$create$1(61)) - First MetricRegistry has been created without registering reporters. You may need to call MetricRegistries.global().addReportRegistration(...) before.
2019-11-14 03:47:12,773 [pool-189-thread-1] INFO  server.RaftServerConfigKeys (ConfUtils.java:logGet(43)) - raft.server.log.segment.cache.num.max = 2 (custom)
2019-11-14 03:47:12,773 [pool-189-thread-1] INFO  segmented.SegmentedRaftLogWorker (SegmentedRaftLogWorker.java:<init>(173)) - new 534c162a-7c0e-49a3-b520-b6800e29086d@group-6FB600B66E63-SegmentedRaftLogWorker for RaftStorage:Storage Directory /workdir/hadoop-ozone/integration-test/target/test-dir/MiniOzoneClusterImpl-db6fd866-6788-41aa-8e01-4626558b27a7/datanode-4/data/ratis/45b7ec84-ef32-4977-9781-6fb600b66e63
2019-11-14 03:47:12,773 [pool-189-thread-1] INFO  server.RaftServerConfigKeys (ConfUtils.java:logGet(43)) - raft.server.log.queue.byte-limit = 2147483647 (custom)
2019-11-14 03:47:12,773 [pool-189-thread-1] INFO  server.RaftServerConfigKeys (ConfUtils.java:logGet(43)) - raft.server.log.queue.element-limit = 1024 (custom)
2019-11-14 03:47:12,773 [pool-189-thread-1] INFO  server.RaftServerConfigKeys (ConfUtils.java:logGet(43)) - raft.server.log.segment.size.max = 1048576 (custom)
2019-11-14 03:47:12,773 [pool-189-thread-1] INFO  server.RaftServerConfigKeys (ConfUtils.java:logGet(43)) - raft.server.log.preallocated.size = 16384 (custom)
2019-11-14 03:47:12,773 [pool-189-thread-1] INFO  server.RaftServerConfigKeys (ConfUtils.java:logGet(43)) - raft.server.log.write.buffer.size = 33554432 (custom)
2019-11-14 03:47:12,773 [pool-189-thread-1] INFO  server.RaftServerConfigKeys (ConfUtils.java:logGet(43)) - raft.server.log.force.sync.num = 128 (default)
2019-11-14 03:47:12,774 [pool-189-thread-1] INFO  server.RaftServerConfigKeys (ConfUtils.java:logGet(43)) - raft.server.log.statemachine.data.sync = true (default)
2019-11-14 03:47:12,774 [pool-189-thread-1] INFO  server.RaftServerConfigKeys (ConfUtils.java:logGet(43)) - raft.server.log.statemachine.data.sync.timeout = 10s (default)
2019-11-14 03:47:12,774 [pool-189-thread-1] INFO  server.RaftServerConfigKeys (ConfUtils.java:logGet(43)) - raft.server.log.statemachine.data.sync.timeout.retry = -1 (default)
2019-11-14 03:47:12,774 [pool-189-thread-1] INFO  server.RaftServerConfigKeys (ConfUtils.java:logGet(43)) - raft.server.log.statemachine.data.caching.enabled = true (custom)
2019-11-14 03:47:12,774 [pool-189-thread-1] INFO  segmented.SegmentedRaftLogWorker (SegmentedRaftLogWorker.java:lambda$new$0(128)) - 534c162a-7c0e-49a3-b520-b6800e29086d@group-6FB600B66E63-SegmentedRaftLogWorker: flushIndex: setUnconditionally 0 -> -1
2019-11-14 03:47:12,774 [pool-189-thread-1] INFO  server.RaftServerConfigKeys (ConfUtils.java:logGet(43)) - raft.server.snapshot.auto.trigger.enabled = true (custom)
2019-11-14 03:47:12,775 [pool-189-thread-1] INFO  server.RaftServerConfigKeys (ConfUtils.java:logGet(43)) - raft.server.snapshot.auto.trigger.threshold = 10000 (custom)
2019-11-14 03:47:12,775 [pool-189-thread-1] INFO  server.RaftServerConfigKeys (ConfUtils.java:logGet(43)) - raft.server.snapshot.retention.file.num = 5 (custom)
2019-11-14 03:47:12,775 [pool-189-thread-1] INFO  server.RaftServerConfigKeys (ConfUtils.java:logGet(43)) - raft.server.retrycache.expirytime = 600000ms (custom)
2019-11-14 03:47:12,775 [pool-189-thread-1] WARN  impl.MetricRegistriesImpl (MetricRegistriesImpl.java:lambda$create$1(61)) - First MetricRegistry has been created without registering reporters. You may need to call MetricRegistries.global().addReportRegistration(...) before.
2019-11-14 03:47:12,775 [pool-189-thread-1] WARN  impl.MetricRegistriesImpl (MetricRegistriesImpl.java:lambda$create$1(61)) - First MetricRegistry has been created without registering reporters. You may need to call MetricRegistries.global().addReportRegistration(...) before.
2019-11-14 03:47:12,775 [pool-189-thread-1] INFO  impl.RaftServerImpl (RaftServerImpl.java:start(184)) - 534c162a-7c0e-49a3-b520-b6800e29086d@group-6FB600B66E63: start as a follower, conf=-1: [534c162a-7c0e-49a3-b520-b6800e29086d:192.168.157.206:46363], old=null
2019-11-14 03:47:12,775 [pool-189-thread-1] INFO  impl.RaftServerImpl (RaftServerImpl.java:setRole(173)) - 534c162a-7c0e-49a3-b520-b6800e29086d@group-6FB600B66E63: changes role from      null to FOLLOWER at term 0 for startAsFollower
2019-11-14 03:47:12,775 [pool-189-thread-1] INFO  impl.RoleInfo (RoleInfo.java:updateAndGet(143)) - 534c162a-7c0e-49a3-b520-b6800e29086d: start FollowerState
2019-11-14 03:47:12,776 [pool-189-thread-1] INFO  util.JmxRegister (JmxRegister.java:tryRegister(44)) - Successfully registered JMX Bean with object name Ratis:service=RaftServer,group=group-6FB600B66E63,id=534c162a-7c0e-49a3-b520-b6800e29086d
2019-11-14 03:47:12,776 [pool-189-thread-1] WARN  impl.MetricRegistriesImpl (MetricRegistriesImpl.java:lambda$create$1(61)) - First MetricRegistry has been created without registering reporters. You may need to call MetricRegistries.global().addReportRegistration(...) before.
2019-11-14 03:47:12,778 [RatisPipelineUtilsThread] INFO  pipeline.PipelineStateManager (PipelineStateManager.java:addPipeline(55)) - Created pipeline Pipeline[ Id: 45b7ec84-ef32-4977-9781-6fb600b66e63, Nodes: 534c162a-7c0e-49a3-b520-b6800e29086d{ip: 192.168.157.206, host: trunk-nightly-20191114-k5n9k-339518648, networkLocation: /rack1, certSerialId: null}, Type:RATIS, Factor:ONE, State:ALLOCATED]
2019-11-14 03:47:12,785 [grpc-default-executor-6] INFO  impl.RaftServerProxy (RaftServerProxy.java:addNew(89)) - 3a789c1e-652a-4343-9c47-49015e6a7e8b: addNew group-D7BBB6886AC4:[3a789c1e-652a-4343-9c47-49015e6a7e8b:192.168.157.206:36955] returns group-D7BBB6886AC4:java.util.concurrent.CompletableFuture@3e3952c1[Not completed]
2019-11-14 03:47:12,787 [pool-199-thread-1] INFO  impl.RaftServerImpl (RaftServerImpl.java:<init>(98)) - 3a789c1e-652a-4343-9c47-49015e6a7e8b: new RaftServerImpl for group-D7BBB6886AC4:[3a789c1e-652a-4343-9c47-49015e6a7e8b:192.168.157.206:36955] with ContainerStateMachine:uninitialized
2019-11-14 03:47:12,788 [pool-199-thread-1] INFO  server.RaftServerConfigKeys (ConfUtils.java:logGet(43)) - raft.server.rpc.timeout.min = 1s (custom)
2019-11-14 03:47:12,788 [pool-199-thread-1] INFO  server.RaftServerConfigKeys (ConfUtils.java:logGet(43)) - raft.server.rpc.timeout.max = 1200ms (custom)
2019-11-14 03:47:12,788 [pool-199-thread-1] INFO  server.RaftServerConfigKeys (ConfUtils.java:logGet(43)) - raft.server.rpcslowness.timeout = 120s (custom)
2019-11-14 03:47:12,788 [pool-199-thread-1] INFO  server.RaftServerConfigKeys (ConfUtils.java:logGet(43)) - raft.server.sleep.deviation.threshold = 300 (default)
2019-11-14 03:47:12,788 [pool-199-thread-1] INFO  server.RaftServerConfigKeys (ConfUtils.java:logGet(43)) - raft.server.log.appender.install.snapshot.enabled = false (custom)
2019-11-14 03:47:12,788 [pool-199-thread-1] INFO  impl.RaftServerImpl (ServerState.java:<init>(103)) - 3a789c1e-652a-4343-9c47-49015e6a7e8b@group-D7BBB6886AC4: ConfigurationManager, init=-1: [3a789c1e-652a-4343-9c47-49015e6a7e8b:192.168.157.206:36955], old=null, confs=<EMPTY_MAP>
2019-11-14 03:47:12,789 [pool-199-thread-1] INFO  server.RaftServerConfigKeys (ConfUtils.java:logGet(43)) - raft.server.storage.dir = [/workdir/hadoop-ozone/integration-test/target/test-dir/MiniOzoneClusterImpl-db6fd866-6788-41aa-8e01-4626558b27a7/datanode-5/data/ratis] (custom)
2019-11-14 03:47:12,789 [pool-199-thread-1] INFO  server.RaftServerConfigKeys (ConfUtils.java:logGet(43)) - raft.server.log.corruption.policy = EXCEPTION (default)
2019-11-14 03:47:12,789 [pool-199-thread-1] INFO  storage.RaftStorageDirectory (RaftStorageDirectory.java:analyzeStorage(246)) - The storage directory /workdir/hadoop-ozone/integration-test/target/test-dir/MiniOzoneClusterImpl-db6fd866-6788-41aa-8e01-4626558b27a7/datanode-5/data/ratis/1b10afdd-ada4-4b78-bbb6-d7bbb6886ac4 does not exist. Creating ...
2019-11-14 03:47:12,814 [pool-199-thread-1] INFO  storage.RaftStorageDirectory (RaftStorageDirectory.java:tryLock(328)) - Lock on /workdir/hadoop-ozone/integration-test/target/test-dir/MiniOzoneClusterImpl-db6fd866-6788-41aa-8e01-4626558b27a7/datanode-5/data/ratis/1b10afdd-ada4-4b78-bbb6-d7bbb6886ac4/in_use.lock acquired by nodename 10001@trunk-nightly-20191114-k5n9k-339518648
2019-11-14 03:47:12,823 [IPC Server handler 6 on 36627] INFO  net.NetworkTopology (NetworkTopologyImpl.java:add(111)) - Added a new node: /rack1/bf247637-7e59-4671-9487-192b6829a40a
2019-11-14 03:47:12,824 [IPC Server handler 6 on 36627] INFO  node.SCMNodeManager (SCMNodeManager.java:register(267)) - Registered Data node : bf247637-7e59-4671-9487-192b6829a40a{ip: 192.168.157.206, host: trunk-nightly-20191114-k5n9k-339518648, networkLocation: /rack1, certSerialId: null}
2019-11-14 03:47:12,839 [pool-199-thread-1] INFO  storage.RaftStorage (RaftStorage.java:format(84)) - Storage directory /workdir/hadoop-ozone/integration-test/target/test-dir/MiniOzoneClusterImpl-db6fd866-6788-41aa-8e01-4626558b27a7/datanode-5/data/ratis/1b10afdd-ada4-4b78-bbb6-d7bbb6886ac4 has been successfully formatted.
2019-11-14 03:47:12,839 [pool-199-thread-1] INFO  ratis.ContainerStateMachine (ContainerStateMachine.java:loadSnapshot(223)) - group-D7BBB6886AC4: The snapshot info is null. Setting the last applied indexto:(t:0, i:~)
2019-11-14 03:47:12,840 [pool-199-thread-1] INFO  server.RaftServerConfigKeys (ConfUtils.java:logGet(43)) - raft.server.notification.no-leader.timeout = 120s (custom)
2019-11-14 03:47:12,840 [pool-199-thread-1] INFO  server.RaftServerConfigKeys (ConfUtils.java:logGet(43)) - raft.server.log.use.memory = false (default)
2019-11-14 03:47:12,840 [pool-199-thread-1] INFO  server.RaftServerConfigKeys (ConfUtils.java:logGet(43)) - raft.server.log.purge.gap = 1000000 (custom)
2019-11-14 03:47:12,840 [pool-199-thread-1] INFO  server.RaftServerConfigKeys (ConfUtils.java:logGet(43)) - raft.server.log.appender.buffer.byte-limit = 33554432 (custom)
2019-11-14 03:47:12,840 [pool-199-thread-1] INFO  server.RaftServerConfigKeys (ConfUtils.java:logGet(43)) - raft.server.log.segment.size.max = 1048576 (custom)
2019-11-14 03:47:12,840 [pool-199-thread-1] WARN  impl.MetricRegistriesImpl (MetricRegistriesImpl.java:lambda$create$1(61)) - First MetricRegistry has been created without registering reporters. You may need to call MetricRegistries.global().addReportRegistration(...) before.
2019-11-14 03:47:12,841 [pool-199-thread-1] INFO  server.RaftServerConfigKeys (ConfUtils.java:logGet(43)) - raft.server.log.segment.cache.num.max = 2 (custom)
2019-11-14 03:47:12,841 [pool-199-thread-1] INFO  segmented.SegmentedRaftLogWorker (SegmentedRaftLogWorker.java:<init>(173)) - new 3a789c1e-652a-4343-9c47-49015e6a7e8b@group-D7BBB6886AC4-SegmentedRaftLogWorker for RaftStorage:Storage Directory /workdir/hadoop-ozone/integration-test/target/test-dir/MiniOzoneClusterImpl-db6fd866-6788-41aa-8e01-4626558b27a7/datanode-5/data/ratis/1b10afdd-ada4-4b78-bbb6-d7bbb6886ac4
2019-11-14 03:47:12,841 [pool-199-thread-1] INFO  server.RaftServerConfigKeys (ConfUtils.java:logGet(43)) - raft.server.log.queue.byte-limit = 2147483647 (custom)
2019-11-14 03:47:12,841 [pool-199-thread-1] INFO  server.RaftServerConfigKeys (ConfUtils.java:logGet(43)) - raft.server.log.queue.element-limit = 1024 (custom)
2019-11-14 03:47:12,841 [pool-199-thread-1] INFO  server.RaftServerConfigKeys (ConfUtils.java:logGet(43)) - raft.server.log.segment.size.max = 1048576 (custom)
2019-11-14 03:47:12,841 [pool-199-thread-1] INFO  server.RaftServerConfigKeys (ConfUtils.java:logGet(43)) - raft.server.log.preallocated.size = 16384 (custom)
2019-11-14 03:47:12,842 [pool-199-thread-1] INFO  server.RaftServerConfigKeys (ConfUtils.java:logGet(43)) - raft.server.log.write.buffer.size = 33554432 (custom)
2019-11-14 03:47:12,842 [pool-199-thread-1] INFO  server.RaftServerConfigKeys (ConfUtils.java:logGet(43)) - raft.server.log.force.sync.num = 128 (default)
2019-11-14 03:47:12,842 [pool-199-thread-1] INFO  server.RaftServerConfigKeys (ConfUtils.java:logGet(43)) - raft.server.log.statemachine.data.sync = true (default)
2019-11-14 03:47:12,842 [pool-199-thread-1] INFO  server.RaftServerConfigKeys (ConfUtils.java:logGet(43)) - raft.server.log.statemachine.data.sync.timeout = 10s (default)
2019-11-14 03:47:12,842 [pool-199-thread-1] INFO  server.RaftServerConfigKeys (ConfUtils.java:logGet(43)) - raft.server.log.statemachine.data.sync.timeout.retry = -1 (default)
2019-11-14 03:47:12,842 [pool-199-thread-1] INFO  server.RaftServerConfigKeys (ConfUtils.java:logGet(43)) - raft.server.log.statemachine.data.caching.enabled = true (custom)
2019-11-14 03:47:12,843 [pool-199-thread-1] INFO  segmented.SegmentedRaftLogWorker (SegmentedRaftLogWorker.java:lambda$new$0(128)) - 3a789c1e-652a-4343-9c47-49015e6a7e8b@group-D7BBB6886AC4-SegmentedRaftLogWorker: flushIndex: setUnconditionally 0 -> -1
2019-11-14 03:47:12,843 [pool-199-thread-1] INFO  server.RaftServerConfigKeys (ConfUtils.java:logGet(43)) - raft.server.snapshot.auto.trigger.enabled = true (custom)
2019-11-14 03:47:12,843 [pool-199-thread-1] INFO  server.RaftServerConfigKeys (ConfUtils.java:logGet(43)) - raft.server.snapshot.auto.trigger.threshold = 10000 (custom)
2019-11-14 03:47:12,844 [pool-199-thread-1] INFO  server.RaftServerConfigKeys (ConfUtils.java:logGet(43)) - raft.server.snapshot.retention.file.num = 5 (custom)
2019-11-14 03:47:12,844 [pool-199-thread-1] INFO  server.RaftServerConfigKeys (ConfUtils.java:logGet(43)) - raft.server.retrycache.expirytime = 600000ms (custom)
2019-11-14 03:47:12,844 [pool-199-thread-1] WARN  impl.MetricRegistriesImpl (MetricRegistriesImpl.java:lambda$create$1(61)) - First MetricRegistry has been created without registering reporters. You may need to call MetricRegistries.global().addReportRegistration(...) before.
2019-11-14 03:47:12,844 [pool-199-thread-1] WARN  impl.MetricRegistriesImpl (MetricRegistriesImpl.java:lambda$create$1(61)) - First MetricRegistry has been created without registering reporters. You may need to call MetricRegistries.global().addReportRegistration(...) before.
2019-11-14 03:47:12,844 [pool-199-thread-1] INFO  impl.RaftServerImpl (RaftServerImpl.java:start(184)) - 3a789c1e-652a-4343-9c47-49015e6a7e8b@group-D7BBB6886AC4: start as a follower, conf=-1: [3a789c1e-652a-4343-9c47-49015e6a7e8b:192.168.157.206:36955], old=null
2019-11-14 03:47:12,845 [pool-199-thread-1] INFO  impl.RaftServerImpl (RaftServerImpl.java:setRole(173)) - 3a789c1e-652a-4343-9c47-49015e6a7e8b@group-D7BBB6886AC4: changes role from      null to FOLLOWER at term 0 for startAsFollower
2019-11-14 03:47:12,845 [pool-199-thread-1] INFO  impl.RoleInfo (RoleInfo.java:updateAndGet(143)) - 3a789c1e-652a-4343-9c47-49015e6a7e8b: start FollowerState
2019-11-14 03:47:12,845 [pool-199-thread-1] INFO  util.JmxRegister (JmxRegister.java:tryRegister(44)) - Successfully registered JMX Bean with object name Ratis:service=RaftServer,group=group-D7BBB6886AC4,id=3a789c1e-652a-4343-9c47-49015e6a7e8b
2019-11-14 03:47:12,845 [pool-199-thread-1] WARN  impl.MetricRegistriesImpl (MetricRegistriesImpl.java:lambda$create$1(61)) - First MetricRegistry has been created without registering reporters. You may need to call MetricRegistries.global().addReportRegistration(...) before.
2019-11-14 03:47:12,848 [RatisPipelineUtilsThread] INFO  pipeline.PipelineStateManager (PipelineStateManager.java:addPipeline(55)) - Created pipeline Pipeline[ Id: 1b10afdd-ada4-4b78-bbb6-d7bbb6886ac4, Nodes: 3a789c1e-652a-4343-9c47-49015e6a7e8b{ip: 192.168.157.206, host: trunk-nightly-20191114-k5n9k-339518648, networkLocation: /rack1, certSerialId: null}, Type:RATIS, Factor:ONE, State:ALLOCATED]
2019-11-14 03:47:12,855 [grpc-default-executor-6] INFO  impl.RaftServerProxy (RaftServerProxy.java:addNew(89)) - bf247637-7e59-4671-9487-192b6829a40a: addNew group-4573BDE8453A:[bf247637-7e59-4671-9487-192b6829a40a:192.168.157.206:41118] returns group-4573BDE8453A:java.util.concurrent.CompletableFuture@133a8875[Not completed]
2019-11-14 03:47:12,858 [pool-209-thread-1] INFO  impl.RaftServerImpl (RaftServerImpl.java:<init>(98)) - bf247637-7e59-4671-9487-192b6829a40a: new RaftServerImpl for group-4573BDE8453A:[bf247637-7e59-4671-9487-192b6829a40a:192.168.157.206:41118] with ContainerStateMachine:uninitialized
2019-11-14 03:47:12,858 [pool-209-thread-1] INFO  server.RaftServerConfigKeys (ConfUtils.java:logGet(43)) - raft.server.rpc.timeout.min = 1s (custom)
2019-11-14 03:47:12,858 [pool-209-thread-1] INFO  server.RaftServerConfigKeys (ConfUtils.java:logGet(43)) - raft.server.rpc.timeout.max = 1200ms (custom)
2019-11-14 03:47:12,858 [pool-209-thread-1] INFO  server.RaftServerConfigKeys (ConfUtils.java:logGet(43)) - raft.server.rpcslowness.timeout = 120s (custom)
2019-11-14 03:47:12,858 [pool-209-thread-1] INFO  server.RaftServerConfigKeys (ConfUtils.java:logGet(43)) - raft.server.sleep.deviation.threshold = 300 (default)
2019-11-14 03:47:12,858 [pool-209-thread-1] INFO  server.RaftServerConfigKeys (ConfUtils.java:logGet(43)) - raft.server.log.appender.install.snapshot.enabled = false (custom)
2019-11-14 03:47:12,859 [pool-209-thread-1] INFO  impl.RaftServerImpl (ServerState.java:<init>(103)) - bf247637-7e59-4671-9487-192b6829a40a@group-4573BDE8453A: ConfigurationManager, init=-1: [bf247637-7e59-4671-9487-192b6829a40a:192.168.157.206:41118], old=null, confs=<EMPTY_MAP>
2019-11-14 03:47:12,859 [pool-209-thread-1] INFO  server.RaftServerConfigKeys (ConfUtils.java:logGet(43)) - raft.server.storage.dir = [/workdir/hadoop-ozone/integration-test/target/test-dir/MiniOzoneClusterImpl-db6fd866-6788-41aa-8e01-4626558b27a7/datanode-6/data/ratis] (custom)
2019-11-14 03:47:12,859 [pool-209-thread-1] INFO  server.RaftServerConfigKeys (ConfUtils.java:logGet(43)) - raft.server.log.corruption.policy = EXCEPTION (default)
2019-11-14 03:47:12,859 [pool-209-thread-1] INFO  storage.RaftStorageDirectory (RaftStorageDirectory.java:analyzeStorage(246)) - The storage directory /workdir/hadoop-ozone/integration-test/target/test-dir/MiniOzoneClusterImpl-db6fd866-6788-41aa-8e01-4626558b27a7/datanode-6/data/ratis/3531ad62-39bc-41a7-ad09-4573bde8453a does not exist. Creating ...
2019-11-14 03:47:12,889 [pool-209-thread-1] INFO  storage.RaftStorageDirectory (RaftStorageDirectory.java:tryLock(328)) - Lock on /workdir/hadoop-ozone/integration-test/target/test-dir/MiniOzoneClusterImpl-db6fd866-6788-41aa-8e01-4626558b27a7/datanode-6/data/ratis/3531ad62-39bc-41a7-ad09-4573bde8453a/in_use.lock acquired by nodename 10001@trunk-nightly-20191114-k5n9k-339518648
2019-11-14 03:47:12,901 [IPC Server handler 19 on 36627] INFO  net.NetworkTopology (NetworkTopologyImpl.java:add(111)) - Added a new node: /rack1/6159a4a7-02ae-4457-ad8e-d99f5584798f
2019-11-14 03:47:12,901 [IPC Server handler 19 on 36627] INFO  node.SCMNodeManager (SCMNodeManager.java:register(267)) - Registered Data node : 6159a4a7-02ae-4457-ad8e-d99f5584798f{ip: 192.168.157.206, host: trunk-nightly-20191114-k5n9k-339518648, networkLocation: /rack1, certSerialId: null}
2019-11-14 03:47:12,915 [pool-209-thread-1] INFO  storage.RaftStorage (RaftStorage.java:format(84)) - Storage directory /workdir/hadoop-ozone/integration-test/target/test-dir/MiniOzoneClusterImpl-db6fd866-6788-41aa-8e01-4626558b27a7/datanode-6/data/ratis/3531ad62-39bc-41a7-ad09-4573bde8453a has been successfully formatted.
2019-11-14 03:47:12,915 [pool-209-thread-1] INFO  ratis.ContainerStateMachine (ContainerStateMachine.java:loadSnapshot(223)) - group-4573BDE8453A: The snapshot info is null. Setting the last applied indexto:(t:0, i:~)
2019-11-14 03:47:12,915 [pool-209-thread-1] INFO  server.RaftServerConfigKeys (ConfUtils.java:logGet(43)) - raft.server.notification.no-leader.timeout = 120s (custom)
2019-11-14 03:47:12,916 [pool-209-thread-1] INFO  server.RaftServerConfigKeys (ConfUtils.java:logGet(43)) - raft.server.log.use.memory = false (default)
2019-11-14 03:47:12,916 [pool-209-thread-1] INFO  server.RaftServerConfigKeys (ConfUtils.java:logGet(43)) - raft.server.log.purge.gap = 1000000 (custom)
2019-11-14 03:47:12,916 [pool-209-thread-1] INFO  server.RaftServerConfigKeys (ConfUtils.java:logGet(43)) - raft.server.log.appender.buffer.byte-limit = 33554432 (custom)
2019-11-14 03:47:12,916 [pool-209-thread-1] INFO  server.RaftServerConfigKeys (ConfUtils.java:logGet(43)) - raft.server.log.segment.size.max = 1048576 (custom)
2019-11-14 03:47:12,916 [pool-209-thread-1] WARN  impl.MetricRegistriesImpl (MetricRegistriesImpl.java:lambda$create$1(61)) - First MetricRegistry has been created without registering reporters. You may need to call MetricRegistries.global().addReportRegistration(...) before.
2019-11-14 03:47:12,916 [pool-209-thread-1] INFO  server.RaftServerConfigKeys (ConfUtils.java:logGet(43)) - raft.server.log.segment.cache.num.max = 2 (custom)
2019-11-14 03:47:12,917 [pool-209-thread-1] INFO  segmented.SegmentedRaftLogWorker (SegmentedRaftLogWorker.java:<init>(173)) - new bf247637-7e59-4671-9487-192b6829a40a@group-4573BDE8453A-SegmentedRaftLogWorker for RaftStorage:Storage Directory /workdir/hadoop-ozone/integration-test/target/test-dir/MiniOzoneClusterImpl-db6fd866-6788-41aa-8e01-4626558b27a7/datanode-6/data/ratis/3531ad62-39bc-41a7-ad09-4573bde8453a
2019-11-14 03:47:12,917 [pool-209-thread-1] INFO  server.RaftServerConfigKeys (ConfUtils.java:logGet(43)) - raft.server.log.queue.byte-limit = 2147483647 (custom)
2019-11-14 03:47:12,917 [pool-209-thread-1] INFO  server.RaftServerConfigKeys (ConfUtils.java:logGet(43)) - raft.server.log.queue.element-limit = 1024 (custom)
2019-11-14 03:47:12,917 [pool-209-thread-1] INFO  server.RaftServerConfigKeys (ConfUtils.java:logGet(43)) - raft.server.log.segment.size.max = 1048576 (custom)
2019-11-14 03:47:12,917 [pool-209-thread-1] INFO  server.RaftServerConfigKeys (ConfUtils.java:logGet(43)) - raft.server.log.preallocated.size = 16384 (custom)
2019-11-14 03:47:12,917 [pool-209-thread-1] INFO  server.RaftServerConfigKeys (ConfUtils.java:logGet(43)) - raft.server.log.write.buffer.size = 33554432 (custom)
2019-11-14 03:47:12,918 [pool-209-thread-1] INFO  server.RaftServerConfigKeys (ConfUtils.java:logGet(43)) - raft.server.log.force.sync.num = 128 (default)
2019-11-14 03:47:12,918 [pool-209-thread-1] INFO  server.RaftServerConfigKeys (ConfUtils.java:logGet(43)) - raft.server.log.statemachine.data.sync = true (default)
2019-11-14 03:47:12,918 [pool-209-thread-1] INFO  server.RaftServerConfigKeys (ConfUtils.java:logGet(43)) - raft.server.log.statemachine.data.sync.timeout = 10s (default)
2019-11-14 03:47:12,918 [pool-209-thread-1] INFO  server.RaftServerConfigKeys (ConfUtils.java:logGet(43)) - raft.server.log.statemachine.data.sync.timeout.retry = -1 (default)
2019-11-14 03:47:12,918 [pool-209-thread-1] INFO  server.RaftServerConfigKeys (ConfUtils.java:logGet(43)) - raft.server.log.statemachine.data.caching.enabled = true (custom)
2019-11-14 03:47:12,919 [pool-209-thread-1] INFO  segmented.SegmentedRaftLogWorker (SegmentedRaftLogWorker.java:lambda$new$0(128)) - bf247637-7e59-4671-9487-192b6829a40a@group-4573BDE8453A-SegmentedRaftLogWorker: flushIndex: setUnconditionally 0 -> -1
2019-11-14 03:47:12,919 [pool-209-thread-1] INFO  server.RaftServerConfigKeys (ConfUtils.java:logGet(43)) - raft.server.snapshot.auto.trigger.enabled = true (custom)
2019-11-14 03:47:12,919 [pool-209-thread-1] INFO  server.RaftServerConfigKeys (ConfUtils.java:logGet(43)) - raft.server.snapshot.auto.trigger.threshold = 10000 (custom)
2019-11-14 03:47:12,920 [pool-209-thread-1] INFO  server.RaftServerConfigKeys (ConfUtils.java:logGet(43)) - raft.server.snapshot.retention.file.num = 5 (custom)
2019-11-14 03:47:12,920 [pool-209-thread-1] INFO  server.RaftServerConfigKeys (ConfUtils.java:logGet(43)) - raft.server.retrycache.expirytime = 600000ms (custom)
2019-11-14 03:47:12,920 [pool-209-thread-1] WARN  impl.MetricRegistriesImpl (MetricRegistriesImpl.java:lambda$create$1(61)) - First MetricRegistry has been created without registering reporters. You may need to call MetricRegistries.global().addReportRegistration(...) before.
2019-11-14 03:47:12,920 [pool-209-thread-1] WARN  impl.MetricRegistriesImpl (MetricRegistriesImpl.java:lambda$create$1(61)) - First MetricRegistry has been created without registering reporters. You may need to call MetricRegistries.global().addReportRegistration(...) before.
2019-11-14 03:47:12,920 [pool-209-thread-1] INFO  impl.RaftServerImpl (RaftServerImpl.java:start(184)) - bf247637-7e59-4671-9487-192b6829a40a@group-4573BDE8453A: start as a follower, conf=-1: [bf247637-7e59-4671-9487-192b6829a40a:192.168.157.206:41118], old=null
2019-11-14 03:47:12,921 [pool-209-thread-1] INFO  impl.RaftServerImpl (RaftServerImpl.java:setRole(173)) - bf247637-7e59-4671-9487-192b6829a40a@group-4573BDE8453A: changes role from      null to FOLLOWER at term 0 for startAsFollower
2019-11-14 03:47:12,921 [pool-209-thread-1] INFO  impl.RoleInfo (RoleInfo.java:updateAndGet(143)) - bf247637-7e59-4671-9487-192b6829a40a: start FollowerState
2019-11-14 03:47:12,922 [pool-209-thread-1] INFO  util.JmxRegister (JmxRegister.java:tryRegister(44)) - Successfully registered JMX Bean with object name Ratis:service=RaftServer,group=group-4573BDE8453A,id=bf247637-7e59-4671-9487-192b6829a40a
2019-11-14 03:47:12,922 [pool-209-thread-1] WARN  impl.MetricRegistriesImpl (MetricRegistriesImpl.java:lambda$create$1(61)) - First MetricRegistry has been created without registering reporters. You may need to call MetricRegistries.global().addReportRegistration(...) before.
2019-11-14 03:47:12,925 [RatisPipelineUtilsThread] INFO  pipeline.PipelineStateManager (PipelineStateManager.java:addPipeline(55)) - Created pipeline Pipeline[ Id: 3531ad62-39bc-41a7-ad09-4573bde8453a, Nodes: bf247637-7e59-4671-9487-192b6829a40a{ip: 192.168.157.206, host: trunk-nightly-20191114-k5n9k-339518648, networkLocation: /rack1, certSerialId: null}, Type:RATIS, Factor:ONE, State:ALLOCATED]
2019-11-14 03:47:12,932 [grpc-default-executor-6] INFO  impl.RaftServerProxy (RaftServerProxy.java:addNew(89)) - 6159a4a7-02ae-4457-ad8e-d99f5584798f: addNew group-8056E98A2630:[6159a4a7-02ae-4457-ad8e-d99f5584798f:192.168.157.206:36722] returns group-8056E98A2630:java.util.concurrent.CompletableFuture@c33e4c2[Not completed]
2019-11-14 03:47:12,935 [pool-219-thread-1] INFO  impl.RaftServerImpl (RaftServerImpl.java:<init>(98)) - 6159a4a7-02ae-4457-ad8e-d99f5584798f: new RaftServerImpl for group-8056E98A2630:[6159a4a7-02ae-4457-ad8e-d99f5584798f:192.168.157.206:36722] with ContainerStateMachine:uninitialized
2019-11-14 03:47:12,935 [pool-219-thread-1] INFO  server.RaftServerConfigKeys (ConfUtils.java:logGet(43)) - raft.server.rpc.timeout.min = 1s (custom)
2019-11-14 03:47:12,935 [pool-219-thread-1] INFO  server.RaftServerConfigKeys (ConfUtils.java:logGet(43)) - raft.server.rpc.timeout.max = 1200ms (custom)
2019-11-14 03:47:12,935 [pool-219-thread-1] INFO  server.RaftServerConfigKeys (ConfUtils.java:logGet(43)) - raft.server.rpcslowness.timeout = 120s (custom)
2019-11-14 03:47:12,935 [pool-219-thread-1] INFO  server.RaftServerConfigKeys (ConfUtils.java:logGet(43)) - raft.server.sleep.deviation.threshold = 300 (default)
2019-11-14 03:47:12,935 [pool-219-thread-1] INFO  server.RaftServerConfigKeys (ConfUtils.java:logGet(43)) - raft.server.log.appender.install.snapshot.enabled = false (custom)
2019-11-14 03:47:12,935 [pool-219-thread-1] INFO  impl.RaftServerImpl (ServerState.java:<init>(103)) - 6159a4a7-02ae-4457-ad8e-d99f5584798f@group-8056E98A2630: ConfigurationManager, init=-1: [6159a4a7-02ae-4457-ad8e-d99f5584798f:192.168.157.206:36722], old=null, confs=<EMPTY_MAP>
2019-11-14 03:47:12,936 [pool-219-thread-1] INFO  server.RaftServerConfigKeys (ConfUtils.java:logGet(43)) - raft.server.storage.dir = [/workdir/hadoop-ozone/integration-test/target/test-dir/MiniOzoneClusterImpl-db6fd866-6788-41aa-8e01-4626558b27a7/datanode-7/data/ratis] (custom)
2019-11-14 03:47:12,936 [pool-219-thread-1] INFO  server.RaftServerConfigKeys (ConfUtils.java:logGet(43)) - raft.server.log.corruption.policy = EXCEPTION (default)
2019-11-14 03:47:12,936 [pool-219-thread-1] INFO  storage.RaftStorageDirectory (RaftStorageDirectory.java:analyzeStorage(246)) - The storage directory /workdir/hadoop-ozone/integration-test/target/test-dir/MiniOzoneClusterImpl-db6fd866-6788-41aa-8e01-4626558b27a7/datanode-7/data/ratis/18b9d58c-5f16-48f3-8d95-8056e98a2630 does not exist. Creating ...
2019-11-14 03:47:12,965 [pool-219-thread-1] INFO  storage.RaftStorageDirectory (RaftStorageDirectory.java:tryLock(328)) - Lock on /workdir/hadoop-ozone/integration-test/target/test-dir/MiniOzoneClusterImpl-db6fd866-6788-41aa-8e01-4626558b27a7/datanode-7/data/ratis/18b9d58c-5f16-48f3-8d95-8056e98a2630/in_use.lock acquired by nodename 10001@trunk-nightly-20191114-k5n9k-339518648
2019-11-14 03:47:12,968 [IPC Server handler 18 on 36627] INFO  net.NetworkTopology (NetworkTopologyImpl.java:add(111)) - Added a new node: /rack1/ad307801-f957-4403-adfc-9cdab46587c3
2019-11-14 03:47:12,968 [IPC Server handler 18 on 36627] INFO  node.SCMNodeManager (SCMNodeManager.java:register(267)) - Registered Data node : ad307801-f957-4403-adfc-9cdab46587c3{ip: 192.168.157.206, host: trunk-nightly-20191114-k5n9k-339518648, networkLocation: /rack1, certSerialId: null}
2019-11-14 03:47:12,991 [pool-219-thread-1] INFO  storage.RaftStorage (RaftStorage.java:format(84)) - Storage directory /workdir/hadoop-ozone/integration-test/target/test-dir/MiniOzoneClusterImpl-db6fd866-6788-41aa-8e01-4626558b27a7/datanode-7/data/ratis/18b9d58c-5f16-48f3-8d95-8056e98a2630 has been successfully formatted.
2019-11-14 03:47:12,991 [pool-219-thread-1] INFO  ratis.ContainerStateMachine (ContainerStateMachine.java:loadSnapshot(223)) - group-8056E98A2630: The snapshot info is null. Setting the last applied indexto:(t:0, i:~)
2019-11-14 03:47:12,991 [pool-219-thread-1] INFO  server.RaftServerConfigKeys (ConfUtils.java:logGet(43)) - raft.server.notification.no-leader.timeout = 120s (custom)
2019-11-14 03:47:12,991 [pool-219-thread-1] INFO  server.RaftServerConfigKeys (ConfUtils.java:logGet(43)) - raft.server.log.use.memory = false (default)
2019-11-14 03:47:12,991 [pool-219-thread-1] INFO  server.RaftServerConfigKeys (ConfUtils.java:logGet(43)) - raft.server.log.purge.gap = 1000000 (custom)
2019-11-14 03:47:12,992 [pool-219-thread-1] INFO  server.RaftServerConfigKeys (ConfUtils.java:logGet(43)) - raft.server.log.appender.buffer.byte-limit = 33554432 (custom)
2019-11-14 03:47:12,992 [pool-219-thread-1] INFO  server.RaftServerConfigKeys (ConfUtils.java:logGet(43)) - raft.server.log.segment.size.max = 1048576 (custom)
2019-11-14 03:47:12,992 [pool-219-thread-1] WARN  impl.MetricRegistriesImpl (MetricRegistriesImpl.java:lambda$create$1(61)) - First MetricRegistry has been created without registering reporters. You may need to call MetricRegistries.global().addReportRegistration(...) before.
2019-11-14 03:47:12,992 [pool-219-thread-1] INFO  server.RaftServerConfigKeys (ConfUtils.java:logGet(43)) - raft.server.log.segment.cache.num.max = 2 (custom)
2019-11-14 03:47:12,992 [pool-219-thread-1] INFO  segmented.SegmentedRaftLogWorker (SegmentedRaftLogWorker.java:<init>(173)) - new 6159a4a7-02ae-4457-ad8e-d99f5584798f@group-8056E98A2630-SegmentedRaftLogWorker for RaftStorage:Storage Directory /workdir/hadoop-ozone/integration-test/target/test-dir/MiniOzoneClusterImpl-db6fd866-6788-41aa-8e01-4626558b27a7/datanode-7/data/ratis/18b9d58c-5f16-48f3-8d95-8056e98a2630
2019-11-14 03:47:12,992 [pool-219-thread-1] INFO  server.RaftServerConfigKeys (ConfUtils.java:logGet(43)) - raft.server.log.queue.byte-limit = 2147483647 (custom)
2019-11-14 03:47:12,992 [pool-219-thread-1] INFO  server.RaftServerConfigKeys (ConfUtils.java:logGet(43)) - raft.server.log.queue.element-limit = 1024 (custom)
2019-11-14 03:47:12,993 [pool-219-thread-1] INFO  server.RaftServerConfigKeys (ConfUtils.java:logGet(43)) - raft.server.log.segment.size.max = 1048576 (custom)
2019-11-14 03:47:12,993 [pool-219-thread-1] INFO  server.RaftServerConfigKeys (ConfUtils.java:logGet(43)) - raft.server.log.preallocated.size = 16384 (custom)
2019-11-14 03:47:12,993 [pool-219-thread-1] INFO  server.RaftServerConfigKeys (ConfUtils.java:logGet(43)) - raft.server.log.write.buffer.size = 33554432 (custom)
2019-11-14 03:47:12,993 [pool-219-thread-1] INFO  server.RaftServerConfigKeys (ConfUtils.java:logGet(43)) - raft.server.log.force.sync.num = 128 (default)
2019-11-14 03:47:12,993 [pool-219-thread-1] INFO  server.RaftServerConfigKeys (ConfUtils.java:logGet(43)) - raft.server.log.statemachine.data.sync = true (default)
2019-11-14 03:47:12,993 [pool-219-thread-1] INFO  server.RaftServerConfigKeys (ConfUtils.java:logGet(43)) - raft.server.log.statemachine.data.sync.timeout = 10s (default)
2019-11-14 03:47:12,994 [pool-219-thread-1] INFO  server.RaftServerConfigKeys (ConfUtils.java:logGet(43)) - raft.server.log.statemachine.data.sync.timeout.retry = -1 (default)
2019-11-14 03:47:12,994 [pool-219-thread-1] INFO  server.RaftServerConfigKeys (ConfUtils.java:logGet(43)) - raft.server.log.statemachine.data.caching.enabled = true (custom)
2019-11-14 03:47:12,994 [pool-219-thread-1] INFO  segmented.SegmentedRaftLogWorker (SegmentedRaftLogWorker.java:lambda$new$0(128)) - 6159a4a7-02ae-4457-ad8e-d99f5584798f@group-8056E98A2630-SegmentedRaftLogWorker: flushIndex: setUnconditionally 0 -> -1
2019-11-14 03:47:12,995 [pool-219-thread-1] INFO  server.RaftServerConfigKeys (ConfUtils.java:logGet(43)) - raft.server.snapshot.auto.trigger.enabled = true (custom)
2019-11-14 03:47:12,995 [pool-219-thread-1] INFO  server.RaftServerConfigKeys (ConfUtils.java:logGet(43)) - raft.server.snapshot.auto.trigger.threshold = 10000 (custom)
2019-11-14 03:47:12,995 [pool-219-thread-1] INFO  server.RaftServerConfigKeys (ConfUtils.java:logGet(43)) - raft.server.snapshot.retention.file.num = 5 (custom)
2019-11-14 03:47:12,995 [pool-219-thread-1] INFO  server.RaftServerConfigKeys (ConfUtils.java:logGet(43)) - raft.server.retrycache.expirytime = 600000ms (custom)
2019-11-14 03:47:12,995 [pool-219-thread-1] WARN  impl.MetricRegistriesImpl (MetricRegistriesImpl.java:lambda$create$1(61)) - First MetricRegistry has been created without registering reporters. You may need to call MetricRegistries.global().addReportRegistration(...) before.
2019-11-14 03:47:12,995 [pool-219-thread-1] WARN  impl.MetricRegistriesImpl (MetricRegistriesImpl.java:lambda$create$1(61)) - First MetricRegistry has been created without registering reporters. You may need to call MetricRegistries.global().addReportRegistration(...) before.
2019-11-14 03:47:12,996 [pool-219-thread-1] INFO  impl.RaftServerImpl (RaftServerImpl.java:start(184)) - 6159a4a7-02ae-4457-ad8e-d99f5584798f@group-8056E98A2630: start as a follower, conf=-1: [6159a4a7-02ae-4457-ad8e-d99f5584798f:192.168.157.206:36722], old=null
2019-11-14 03:47:12,996 [pool-219-thread-1] INFO  impl.RaftServerImpl (RaftServerImpl.java:setRole(173)) - 6159a4a7-02ae-4457-ad8e-d99f5584798f@group-8056E98A2630: changes role from      null to FOLLOWER at term 0 for startAsFollower
2019-11-14 03:47:12,996 [pool-219-thread-1] INFO  impl.RoleInfo (RoleInfo.java:updateAndGet(143)) - 6159a4a7-02ae-4457-ad8e-d99f5584798f: start FollowerState
2019-11-14 03:47:12,997 [pool-219-thread-1] INFO  util.JmxRegister (JmxRegister.java:tryRegister(44)) - Successfully registered JMX Bean with object name Ratis:service=RaftServer,group=group-8056E98A2630,id=6159a4a7-02ae-4457-ad8e-d99f5584798f
2019-11-14 03:47:12,997 [pool-219-thread-1] WARN  impl.MetricRegistriesImpl (MetricRegistriesImpl.java:lambda$create$1(61)) - First MetricRegistry has been created without registering reporters. You may need to call MetricRegistries.global().addReportRegistration(...) before.
2019-11-14 03:47:12,999 [RatisPipelineUtilsThread] INFO  pipeline.PipelineStateManager (PipelineStateManager.java:addPipeline(55)) - Created pipeline Pipeline[ Id: 18b9d58c-5f16-48f3-8d95-8056e98a2630, Nodes: 6159a4a7-02ae-4457-ad8e-d99f5584798f{ip: 192.168.157.206, host: trunk-nightly-20191114-k5n9k-339518648, networkLocation: /rack1, certSerialId: null}, Type:RATIS, Factor:ONE, State:ALLOCATED]
2019-11-14 03:47:13,006 [grpc-default-executor-6] INFO  impl.RaftServerProxy (RaftServerProxy.java:addNew(89)) - ad307801-f957-4403-adfc-9cdab46587c3: addNew group-7935F9C52DEC:[ad307801-f957-4403-adfc-9cdab46587c3:192.168.157.206:36473] returns group-7935F9C52DEC:java.util.concurrent.CompletableFuture@2f09068d[Not completed]
2019-11-14 03:47:13,008 [pool-229-thread-1] INFO  impl.RaftServerImpl (RaftServerImpl.java:<init>(98)) - ad307801-f957-4403-adfc-9cdab46587c3: new RaftServerImpl for group-7935F9C52DEC:[ad307801-f957-4403-adfc-9cdab46587c3:192.168.157.206:36473] with ContainerStateMachine:uninitialized
2019-11-14 03:47:13,008 [pool-229-thread-1] INFO  server.RaftServerConfigKeys (ConfUtils.java:logGet(43)) - raft.server.rpc.timeout.min = 1s (custom)
2019-11-14 03:47:13,009 [pool-229-thread-1] INFO  server.RaftServerConfigKeys (ConfUtils.java:logGet(43)) - raft.server.rpc.timeout.max = 1200ms (custom)
2019-11-14 03:47:13,009 [pool-229-thread-1] INFO  server.RaftServerConfigKeys (ConfUtils.java:logGet(43)) - raft.server.rpcslowness.timeout = 120s (custom)
2019-11-14 03:47:13,009 [pool-229-thread-1] INFO  server.RaftServerConfigKeys (ConfUtils.java:logGet(43)) - raft.server.sleep.deviation.threshold = 300 (default)
2019-11-14 03:47:13,009 [pool-229-thread-1] INFO  server.RaftServerConfigKeys (ConfUtils.java:logGet(43)) - raft.server.log.appender.install.snapshot.enabled = false (custom)
2019-11-14 03:47:13,009 [pool-229-thread-1] INFO  impl.RaftServerImpl (ServerState.java:<init>(103)) - ad307801-f957-4403-adfc-9cdab46587c3@group-7935F9C52DEC: ConfigurationManager, init=-1: [ad307801-f957-4403-adfc-9cdab46587c3:192.168.157.206:36473], old=null, confs=<EMPTY_MAP>
2019-11-14 03:47:13,009 [pool-229-thread-1] INFO  server.RaftServerConfigKeys (ConfUtils.java:logGet(43)) - raft.server.storage.dir = [/workdir/hadoop-ozone/integration-test/target/test-dir/MiniOzoneClusterImpl-db6fd866-6788-41aa-8e01-4626558b27a7/datanode-8/data/ratis] (custom)
2019-11-14 03:47:13,010 [pool-229-thread-1] INFO  server.RaftServerConfigKeys (ConfUtils.java:logGet(43)) - raft.server.log.corruption.policy = EXCEPTION (default)
2019-11-14 03:47:13,010 [pool-229-thread-1] INFO  storage.RaftStorageDirectory (RaftStorageDirectory.java:analyzeStorage(246)) - The storage directory /workdir/hadoop-ozone/integration-test/target/test-dir/MiniOzoneClusterImpl-db6fd866-6788-41aa-8e01-4626558b27a7/datanode-8/data/ratis/6b577b97-b0d7-4fbd-8d87-7935f9c52dec does not exist. Creating ...
2019-11-14 03:47:13,033 [pool-229-thread-1] INFO  storage.RaftStorageDirectory (RaftStorageDirectory.java:tryLock(328)) - Lock on /workdir/hadoop-ozone/integration-test/target/test-dir/MiniOzoneClusterImpl-db6fd866-6788-41aa-8e01-4626558b27a7/datanode-8/data/ratis/6b577b97-b0d7-4fbd-8d87-7935f9c52dec/in_use.lock acquired by nodename 10001@trunk-nightly-20191114-k5n9k-339518648
2019-11-14 03:47:13,052 [IPC Server handler 17 on 36627] INFO  net.NetworkTopology (NetworkTopologyImpl.java:add(111)) - Added a new node: /rack1/7901d021-b70d-41b4-a3ee-3511e4cb511a
2019-11-14 03:47:13,052 [IPC Server handler 17 on 36627] INFO  node.SCMNodeManager (SCMNodeManager.java:register(267)) - Registered Data node : 7901d021-b70d-41b4-a3ee-3511e4cb511a{ip: 192.168.157.206, host: trunk-nightly-20191114-k5n9k-339518648, networkLocation: /rack1, certSerialId: null}
2019-11-14 03:47:13,058 [pool-229-thread-1] INFO  storage.RaftStorage (RaftStorage.java:format(84)) - Storage directory /workdir/hadoop-ozone/integration-test/target/test-dir/MiniOzoneClusterImpl-db6fd866-6788-41aa-8e01-4626558b27a7/datanode-8/data/ratis/6b577b97-b0d7-4fbd-8d87-7935f9c52dec has been successfully formatted.
2019-11-14 03:47:13,058 [pool-229-thread-1] INFO  ratis.ContainerStateMachine (ContainerStateMachine.java:loadSnapshot(223)) - group-7935F9C52DEC: The snapshot info is null. Setting the last applied indexto:(t:0, i:~)
2019-11-14 03:47:13,058 [pool-229-thread-1] INFO  server.RaftServerConfigKeys (ConfUtils.java:logGet(43)) - raft.server.notification.no-leader.timeout = 120s (custom)
2019-11-14 03:47:13,059 [pool-229-thread-1] INFO  server.RaftServerConfigKeys (ConfUtils.java:logGet(43)) - raft.server.log.use.memory = false (default)
2019-11-14 03:47:13,059 [pool-229-thread-1] INFO  server.RaftServerConfigKeys (ConfUtils.java:logGet(43)) - raft.server.log.purge.gap = 1000000 (custom)
2019-11-14 03:47:13,059 [pool-229-thread-1] INFO  server.RaftServerConfigKeys (ConfUtils.java:logGet(43)) - raft.server.log.appender.buffer.byte-limit = 33554432 (custom)
2019-11-14 03:47:13,059 [pool-229-thread-1] INFO  server.RaftServerConfigKeys (ConfUtils.java:logGet(43)) - raft.server.log.segment.size.max = 1048576 (custom)
2019-11-14 03:47:13,059 [pool-229-thread-1] WARN  impl.MetricRegistriesImpl (MetricRegistriesImpl.java:lambda$create$1(61)) - First MetricRegistry has been created without registering reporters. You may need to call MetricRegistries.global().addReportRegistration(...) before.
2019-11-14 03:47:13,060 [pool-229-thread-1] INFO  server.RaftServerConfigKeys (ConfUtils.java:logGet(43)) - raft.server.log.segment.cache.num.max = 2 (custom)
2019-11-14 03:47:13,060 [pool-229-thread-1] INFO  segmented.SegmentedRaftLogWorker (SegmentedRaftLogWorker.java:<init>(173)) - new ad307801-f957-4403-adfc-9cdab46587c3@group-7935F9C52DEC-SegmentedRaftLogWorker for RaftStorage:Storage Directory /workdir/hadoop-ozone/integration-test/target/test-dir/MiniOzoneClusterImpl-db6fd866-6788-41aa-8e01-4626558b27a7/datanode-8/data/ratis/6b577b97-b0d7-4fbd-8d87-7935f9c52dec
2019-11-14 03:47:13,060 [pool-229-thread-1] INFO  server.RaftServerConfigKeys (ConfUtils.java:logGet(43)) - raft.server.log.queue.byte-limit = 2147483647 (custom)
2019-11-14 03:47:13,060 [pool-229-thread-1] INFO  server.RaftServerConfigKeys (ConfUtils.java:logGet(43)) - raft.server.log.queue.element-limit = 1024 (custom)
2019-11-14 03:47:13,060 [pool-229-thread-1] INFO  server.RaftServerConfigKeys (ConfUtils.java:logGet(43)) - raft.server.log.segment.size.max = 1048576 (custom)
2019-11-14 03:47:13,060 [pool-229-thread-1] INFO  server.RaftServerConfigKeys (ConfUtils.java:logGet(43)) - raft.server.log.preallocated.size = 16384 (custom)
2019-11-14 03:47:13,060 [pool-229-thread-1] INFO  server.RaftServerConfigKeys (ConfUtils.java:logGet(43)) - raft.server.log.write.buffer.size = 33554432 (custom)
2019-11-14 03:47:13,061 [pool-229-thread-1] INFO  server.RaftServerConfigKeys (ConfUtils.java:logGet(43)) - raft.server.log.force.sync.num = 128 (default)
2019-11-14 03:47:13,061 [pool-229-thread-1] INFO  server.RaftServerConfigKeys (ConfUtils.java:logGet(43)) - raft.server.log.statemachine.data.sync = true (default)
2019-11-14 03:47:13,061 [pool-229-thread-1] INFO  server.RaftServerConfigKeys (ConfUtils.java:logGet(43)) - raft.server.log.statemachine.data.sync.timeout = 10s (default)
2019-11-14 03:47:13,061 [pool-229-thread-1] INFO  server.RaftServerConfigKeys (ConfUtils.java:logGet(43)) - raft.server.log.statemachine.data.sync.timeout.retry = -1 (default)
2019-11-14 03:47:13,061 [pool-229-thread-1] INFO  server.RaftServerConfigKeys (ConfUtils.java:logGet(43)) - raft.server.log.statemachine.data.caching.enabled = true (custom)
2019-11-14 03:47:13,062 [pool-229-thread-1] INFO  segmented.SegmentedRaftLogWorker (SegmentedRaftLogWorker.java:lambda$new$0(128)) - ad307801-f957-4403-adfc-9cdab46587c3@group-7935F9C52DEC-SegmentedRaftLogWorker: flushIndex: setUnconditionally 0 -> -1
2019-11-14 03:47:13,062 [pool-229-thread-1] INFO  server.RaftServerConfigKeys (ConfUtils.java:logGet(43)) - raft.server.snapshot.auto.trigger.enabled = true (custom)
2019-11-14 03:47:13,062 [pool-229-thread-1] INFO  server.RaftServerConfigKeys (ConfUtils.java:logGet(43)) - raft.server.snapshot.auto.trigger.threshold = 10000 (custom)
2019-11-14 03:47:13,062 [pool-229-thread-1] INFO  server.RaftServerConfigKeys (ConfUtils.java:logGet(43)) - raft.server.snapshot.retention.file.num = 5 (custom)
2019-11-14 03:47:13,062 [pool-229-thread-1] INFO  server.RaftServerConfigKeys (ConfUtils.java:logGet(43)) - raft.server.retrycache.expirytime = 600000ms (custom)
2019-11-14 03:47:13,063 [pool-229-thread-1] WARN  impl.MetricRegistriesImpl (MetricRegistriesImpl.java:lambda$create$1(61)) - First MetricRegistry has been created without registering reporters. You may need to call MetricRegistries.global().addReportRegistration(...) before.
2019-11-14 03:47:13,063 [pool-229-thread-1] WARN  impl.MetricRegistriesImpl (MetricRegistriesImpl.java:lambda$create$1(61)) - First MetricRegistry has been created without registering reporters. You may need to call MetricRegistries.global().addReportRegistration(...) before.
2019-11-14 03:47:13,063 [pool-229-thread-1] INFO  impl.RaftServerImpl (RaftServerImpl.java:start(184)) - ad307801-f957-4403-adfc-9cdab46587c3@group-7935F9C52DEC: start as a follower, conf=-1: [ad307801-f957-4403-adfc-9cdab46587c3:192.168.157.206:36473], old=null
2019-11-14 03:47:13,063 [pool-229-thread-1] INFO  impl.RaftServerImpl (RaftServerImpl.java:setRole(173)) - ad307801-f957-4403-adfc-9cdab46587c3@group-7935F9C52DEC: changes role from      null to FOLLOWER at term 0 for startAsFollower
2019-11-14 03:47:13,063 [pool-229-thread-1] INFO  impl.RoleInfo (RoleInfo.java:updateAndGet(143)) - ad307801-f957-4403-adfc-9cdab46587c3: start FollowerState
2019-11-14 03:47:13,064 [pool-229-thread-1] INFO  util.JmxRegister (JmxRegister.java:tryRegister(44)) - Successfully registered JMX Bean with object name Ratis:service=RaftServer,group=group-7935F9C52DEC,id=ad307801-f957-4403-adfc-9cdab46587c3
2019-11-14 03:47:13,064 [pool-229-thread-1] WARN  impl.MetricRegistriesImpl (MetricRegistriesImpl.java:lambda$create$1(61)) - First MetricRegistry has been created without registering reporters. You may need to call MetricRegistries.global().addReportRegistration(...) before.
2019-11-14 03:47:13,067 [RatisPipelineUtilsThread] INFO  pipeline.PipelineStateManager (PipelineStateManager.java:addPipeline(55)) - Created pipeline Pipeline[ Id: 6b577b97-b0d7-4fbd-8d87-7935f9c52dec, Nodes: ad307801-f957-4403-adfc-9cdab46587c3{ip: 192.168.157.206, host: trunk-nightly-20191114-k5n9k-339518648, networkLocation: /rack1, certSerialId: null}, Type:RATIS, Factor:ONE, State:ALLOCATED]
2019-11-14 03:47:13,084 [grpc-default-executor-6] INFO  impl.RaftServerProxy (RaftServerProxy.java:addNew(89)) - 7901d021-b70d-41b4-a3ee-3511e4cb511a: addNew group-021146B31509:[7901d021-b70d-41b4-a3ee-3511e4cb511a:192.168.157.206:32814] returns group-021146B31509:java.util.concurrent.CompletableFuture@5985d217[Not completed]
2019-11-14 03:47:13,086 [pool-239-thread-1] INFO  impl.RaftServerImpl (RaftServerImpl.java:<init>(98)) - 7901d021-b70d-41b4-a3ee-3511e4cb511a: new RaftServerImpl for group-021146B31509:[7901d021-b70d-41b4-a3ee-3511e4cb511a:192.168.157.206:32814] with ContainerStateMachine:uninitialized
2019-11-14 03:47:13,086 [pool-239-thread-1] INFO  server.RaftServerConfigKeys (ConfUtils.java:logGet(43)) - raft.server.rpc.timeout.min = 1s (custom)
2019-11-14 03:47:13,086 [pool-239-thread-1] INFO  server.RaftServerConfigKeys (ConfUtils.java:logGet(43)) - raft.server.rpc.timeout.max = 1200ms (custom)
2019-11-14 03:47:13,087 [pool-239-thread-1] INFO  server.RaftServerConfigKeys (ConfUtils.java:logGet(43)) - raft.server.rpcslowness.timeout = 120s (custom)
2019-11-14 03:47:13,087 [pool-239-thread-1] INFO  server.RaftServerConfigKeys (ConfUtils.java:logGet(43)) - raft.server.sleep.deviation.threshold = 300 (default)
2019-11-14 03:47:13,087 [pool-239-thread-1] INFO  server.RaftServerConfigKeys (ConfUtils.java:logGet(43)) - raft.server.log.appender.install.snapshot.enabled = false (custom)
2019-11-14 03:47:13,087 [pool-239-thread-1] INFO  impl.RaftServerImpl (ServerState.java:<init>(103)) - 7901d021-b70d-41b4-a3ee-3511e4cb511a@group-021146B31509: ConfigurationManager, init=-1: [7901d021-b70d-41b4-a3ee-3511e4cb511a:192.168.157.206:32814], old=null, confs=<EMPTY_MAP>
2019-11-14 03:47:13,087 [pool-239-thread-1] INFO  server.RaftServerConfigKeys (ConfUtils.java:logGet(43)) - raft.server.storage.dir = [/workdir/hadoop-ozone/integration-test/target/test-dir/MiniOzoneClusterImpl-db6fd866-6788-41aa-8e01-4626558b27a7/datanode-9/data/ratis] (custom)
2019-11-14 03:47:13,087 [pool-239-thread-1] INFO  server.RaftServerConfigKeys (ConfUtils.java:logGet(43)) - raft.server.log.corruption.policy = EXCEPTION (default)
2019-11-14 03:47:13,088 [pool-239-thread-1] INFO  storage.RaftStorageDirectory (RaftStorageDirectory.java:analyzeStorage(246)) - The storage directory /workdir/hadoop-ozone/integration-test/target/test-dir/MiniOzoneClusterImpl-db6fd866-6788-41aa-8e01-4626558b27a7/datanode-9/data/ratis/14668c44-d940-40ee-9f5d-021146b31509 does not exist. Creating ...
2019-11-14 03:47:13,117 [pool-239-thread-1] INFO  storage.RaftStorageDirectory (RaftStorageDirectory.java:tryLock(328)) - Lock on /workdir/hadoop-ozone/integration-test/target/test-dir/MiniOzoneClusterImpl-db6fd866-6788-41aa-8e01-4626558b27a7/datanode-9/data/ratis/14668c44-d940-40ee-9f5d-021146b31509/in_use.lock acquired by nodename 10001@trunk-nightly-20191114-k5n9k-339518648
2019-11-14 03:47:13,142 [pool-239-thread-1] INFO  storage.RaftStorage (RaftStorage.java:format(84)) - Storage directory /workdir/hadoop-ozone/integration-test/target/test-dir/MiniOzoneClusterImpl-db6fd866-6788-41aa-8e01-4626558b27a7/datanode-9/data/ratis/14668c44-d940-40ee-9f5d-021146b31509 has been successfully formatted.
2019-11-14 03:47:13,142 [pool-239-thread-1] INFO  ratis.ContainerStateMachine (ContainerStateMachine.java:loadSnapshot(223)) - group-021146B31509: The snapshot info is null. Setting the last applied indexto:(t:0, i:~)
2019-11-14 03:47:13,143 [pool-239-thread-1] INFO  server.RaftServerConfigKeys (ConfUtils.java:logGet(43)) - raft.server.notification.no-leader.timeout = 120s (custom)
2019-11-14 03:47:13,143 [pool-239-thread-1] INFO  server.RaftServerConfigKeys (ConfUtils.java:logGet(43)) - raft.server.log.use.memory = false (default)
2019-11-14 03:47:13,143 [pool-239-thread-1] INFO  server.RaftServerConfigKeys (ConfUtils.java:logGet(43)) - raft.server.log.purge.gap = 1000000 (custom)
2019-11-14 03:47:13,143 [pool-239-thread-1] INFO  server.RaftServerConfigKeys (ConfUtils.java:logGet(43)) - raft.server.log.appender.buffer.byte-limit = 33554432 (custom)
2019-11-14 03:47:13,143 [pool-239-thread-1] INFO  server.RaftServerConfigKeys (ConfUtils.java:logGet(43)) - raft.server.log.segment.size.max = 1048576 (custom)
2019-11-14 03:47:13,143 [pool-239-thread-1] WARN  impl.MetricRegistriesImpl (MetricRegistriesImpl.java:lambda$create$1(61)) - First MetricRegistry has been created without registering reporters. You may need to call MetricRegistries.global().addReportRegistration(...) before.
2019-11-14 03:47:13,144 [pool-239-thread-1] INFO  server.RaftServerConfigKeys (ConfUtils.java:logGet(43)) - raft.server.log.segment.cache.num.max = 2 (custom)
2019-11-14 03:47:13,144 [pool-239-thread-1] INFO  segmented.SegmentedRaftLogWorker (SegmentedRaftLogWorker.java:<init>(173)) - new 7901d021-b70d-41b4-a3ee-3511e4cb511a@group-021146B31509-SegmentedRaftLogWorker for RaftStorage:Storage Directory /workdir/hadoop-ozone/integration-test/target/test-dir/MiniOzoneClusterImpl-db6fd866-6788-41aa-8e01-4626558b27a7/datanode-9/data/ratis/14668c44-d940-40ee-9f5d-021146b31509
2019-11-14 03:47:13,144 [pool-239-thread-1] INFO  server.RaftServerConfigKeys (ConfUtils.java:logGet(43)) - raft.server.log.queue.byte-limit = 2147483647 (custom)
2019-11-14 03:47:13,144 [pool-239-thread-1] INFO  server.RaftServerConfigKeys (ConfUtils.java:logGet(43)) - raft.server.log.queue.element-limit = 1024 (custom)
2019-11-14 03:47:13,144 [pool-239-thread-1] INFO  server.RaftServerConfigKeys (ConfUtils.java:logGet(43)) - raft.server.log.segment.size.max = 1048576 (custom)
2019-11-14 03:47:13,144 [pool-239-thread-1] INFO  server.RaftServerConfigKeys (ConfUtils.java:logGet(43)) - raft.server.log.preallocated.size = 16384 (custom)
2019-11-14 03:47:13,144 [pool-239-thread-1] INFO  server.RaftServerConfigKeys (ConfUtils.java:logGet(43)) - raft.server.log.write.buffer.size = 33554432 (custom)
2019-11-14 03:47:13,144 [pool-239-thread-1] INFO  server.RaftServerConfigKeys (ConfUtils.java:logGet(43)) - raft.server.log.force.sync.num = 128 (default)
2019-11-14 03:47:13,144 [pool-239-thread-1] INFO  server.RaftServerConfigKeys (ConfUtils.java:logGet(43)) - raft.server.log.statemachine.data.sync = true (default)
2019-11-14 03:47:13,145 [pool-239-thread-1] INFO  server.RaftServerConfigKeys (ConfUtils.java:logGet(43)) - raft.server.log.statemachine.data.sync.timeout = 10s (default)
2019-11-14 03:47:13,145 [pool-239-thread-1] INFO  server.RaftServerConfigKeys (ConfUtils.java:logGet(43)) - raft.server.log.statemachine.data.sync.timeout.retry = -1 (default)
2019-11-14 03:47:13,145 [pool-239-thread-1] INFO  server.RaftServerConfigKeys (ConfUtils.java:logGet(43)) - raft.server.log.statemachine.data.caching.enabled = true (custom)
2019-11-14 03:47:13,145 [pool-239-thread-1] INFO  segmented.SegmentedRaftLogWorker (SegmentedRaftLogWorker.java:lambda$new$0(128)) - 7901d021-b70d-41b4-a3ee-3511e4cb511a@group-021146B31509-SegmentedRaftLogWorker: flushIndex: setUnconditionally 0 -> -1
2019-11-14 03:47:13,146 [pool-239-thread-1] INFO  server.RaftServerConfigKeys (ConfUtils.java:logGet(43)) - raft.server.snapshot.auto.trigger.enabled = true (custom)
2019-11-14 03:47:13,146 [pool-239-thread-1] INFO  server.RaftServerConfigKeys (ConfUtils.java:logGet(43)) - raft.server.snapshot.auto.trigger.threshold = 10000 (custom)
2019-11-14 03:47:13,146 [pool-239-thread-1] INFO  server.RaftServerConfigKeys (ConfUtils.java:logGet(43)) - raft.server.snapshot.retention.file.num = 5 (custom)
2019-11-14 03:47:13,146 [pool-239-thread-1] INFO  server.RaftServerConfigKeys (ConfUtils.java:logGet(43)) - raft.server.retrycache.expirytime = 600000ms (custom)
2019-11-14 03:47:13,146 [pool-239-thread-1] WARN  impl.MetricRegistriesImpl (MetricRegistriesImpl.java:lambda$create$1(61)) - First MetricRegistry has been created without registering reporters. You may need to call MetricRegistries.global().addReportRegistration(...) before.
2019-11-14 03:47:13,146 [pool-239-thread-1] WARN  impl.MetricRegistriesImpl (MetricRegistriesImpl.java:lambda$create$1(61)) - First MetricRegistry has been created without registering reporters. You may need to call MetricRegistries.global().addReportRegistration(...) before.
2019-11-14 03:47:13,147 [pool-239-thread-1] INFO  impl.RaftServerImpl (RaftServerImpl.java:start(184)) - 7901d021-b70d-41b4-a3ee-3511e4cb511a@group-021146B31509: start as a follower, conf=-1: [7901d021-b70d-41b4-a3ee-3511e4cb511a:192.168.157.206:32814], old=null
2019-11-14 03:47:13,147 [pool-239-thread-1] INFO  impl.RaftServerImpl (RaftServerImpl.java:setRole(173)) - 7901d021-b70d-41b4-a3ee-3511e4cb511a@group-021146B31509: changes role from      null to FOLLOWER at term 0 for startAsFollower
2019-11-14 03:47:13,147 [pool-239-thread-1] INFO  impl.RoleInfo (RoleInfo.java:updateAndGet(143)) - 7901d021-b70d-41b4-a3ee-3511e4cb511a: start FollowerState
2019-11-14 03:47:13,147 [pool-239-thread-1] INFO  util.JmxRegister (JmxRegister.java:tryRegister(44)) - Successfully registered JMX Bean with object name Ratis:service=RaftServer,group=group-021146B31509,id=7901d021-b70d-41b4-a3ee-3511e4cb511a
2019-11-14 03:47:13,148 [pool-239-thread-1] WARN  impl.MetricRegistriesImpl (MetricRegistriesImpl.java:lambda$create$1(61)) - First MetricRegistry has been created without registering reporters. You may need to call MetricRegistries.global().addReportRegistration(...) before.
2019-11-14 03:47:13,151 [RatisPipelineUtilsThread] INFO  pipeline.PipelineStateManager (PipelineStateManager.java:addPipeline(55)) - Created pipeline Pipeline[ Id: 14668c44-d940-40ee-9f5d-021146b31509, Nodes: 7901d021-b70d-41b4-a3ee-3511e4cb511a{ip: 192.168.157.206, host: trunk-nightly-20191114-k5n9k-339518648, networkLocation: /rack1, certSerialId: null}, Type:RATIS, Factor:ONE, State:ALLOCATED]
2019-11-14 03:47:13,161 [grpc-default-executor-4] INFO  impl.RaftServerProxy (RaftServerProxy.java:addNew(89)) - d8a9c999-7748-4aa6-a9a9-ef73d9884e3c: addNew group-60F1FEF89361:[d8a9c999-7748-4aa6-a9a9-ef73d9884e3c:192.168.157.206:34054, ad307801-f957-4403-adfc-9cdab46587c3:192.168.157.206:36473, bf247637-7e59-4671-9487-192b6829a40a:192.168.157.206:41118] returns group-60F1FEF89361:java.util.concurrent.CompletableFuture@7d58a899[Not completed]
2019-11-14 03:47:13,162 [grpc-default-executor-6] INFO  impl.RaftServerProxy (RaftServerProxy.java:addNew(89)) - bf247637-7e59-4671-9487-192b6829a40a: addNew group-60F1FEF89361:[d8a9c999-7748-4aa6-a9a9-ef73d9884e3c:192.168.157.206:34054, ad307801-f957-4403-adfc-9cdab46587c3:192.168.157.206:36473, bf247637-7e59-4671-9487-192b6829a40a:192.168.157.206:41118] returns group-60F1FEF89361:java.util.concurrent.CompletableFuture@7d012277[Not completed]
2019-11-14 03:47:13,161 [grpc-default-executor-2] INFO  impl.RaftServerProxy (RaftServerProxy.java:addNew(89)) - ad307801-f957-4403-adfc-9cdab46587c3: addNew group-60F1FEF89361:[d8a9c999-7748-4aa6-a9a9-ef73d9884e3c:192.168.157.206:34054, ad307801-f957-4403-adfc-9cdab46587c3:192.168.157.206:36473, bf247637-7e59-4671-9487-192b6829a40a:192.168.157.206:41118] returns group-60F1FEF89361:java.util.concurrent.CompletableFuture@1783a964[Not completed]
2019-11-14 03:47:13,164 [pool-209-thread-1] INFO  impl.RaftServerImpl (RaftServerImpl.java:<init>(98)) - bf247637-7e59-4671-9487-192b6829a40a: new RaftServerImpl for group-60F1FEF89361:[d8a9c999-7748-4aa6-a9a9-ef73d9884e3c:192.168.157.206:34054, ad307801-f957-4403-adfc-9cdab46587c3:192.168.157.206:36473, bf247637-7e59-4671-9487-192b6829a40a:192.168.157.206:41118] with ContainerStateMachine:uninitialized
2019-11-14 03:47:13,164 [pool-209-thread-1] INFO  server.RaftServerConfigKeys (ConfUtils.java:logGet(43)) - raft.server.rpc.timeout.min = 1s (custom)
2019-11-14 03:47:13,164 [pool-209-thread-1] INFO  server.RaftServerConfigKeys (ConfUtils.java:logGet(43)) - raft.server.rpc.timeout.max = 1200ms (custom)
2019-11-14 03:47:13,165 [pool-209-thread-1] INFO  server.RaftServerConfigKeys (ConfUtils.java:logGet(43)) - raft.server.rpcslowness.timeout = 120s (custom)
2019-11-14 03:47:13,165 [pool-209-thread-1] INFO  server.RaftServerConfigKeys (ConfUtils.java:logGet(43)) - raft.server.sleep.deviation.threshold = 300 (default)
2019-11-14 03:47:13,165 [pool-209-thread-1] INFO  server.RaftServerConfigKeys (ConfUtils.java:logGet(43)) - raft.server.log.appender.install.snapshot.enabled = false (custom)
2019-11-14 03:47:13,165 [pool-209-thread-1] INFO  impl.RaftServerImpl (ServerState.java:<init>(103)) - bf247637-7e59-4671-9487-192b6829a40a@group-60F1FEF89361: ConfigurationManager, init=-1: [d8a9c999-7748-4aa6-a9a9-ef73d9884e3c:192.168.157.206:34054, ad307801-f957-4403-adfc-9cdab46587c3:192.168.157.206:36473, bf247637-7e59-4671-9487-192b6829a40a:192.168.157.206:41118], old=null, confs=<EMPTY_MAP>
2019-11-14 03:47:13,165 [pool-229-thread-1] INFO  impl.RaftServerImpl (RaftServerImpl.java:<init>(98)) - ad307801-f957-4403-adfc-9cdab46587c3: new RaftServerImpl for group-60F1FEF89361:[d8a9c999-7748-4aa6-a9a9-ef73d9884e3c:192.168.157.206:34054, ad307801-f957-4403-adfc-9cdab46587c3:192.168.157.206:36473, bf247637-7e59-4671-9487-192b6829a40a:192.168.157.206:41118] with ContainerStateMachine:uninitialized
2019-11-14 03:47:13,165 [pool-209-thread-1] INFO  server.RaftServerConfigKeys (ConfUtils.java:logGet(43)) - raft.server.storage.dir = [/workdir/hadoop-ozone/integration-test/target/test-dir/MiniOzoneClusterImpl-db6fd866-6788-41aa-8e01-4626558b27a7/datanode-6/data/ratis] (custom)
2019-11-14 03:47:13,165 [pool-229-thread-1] INFO  server.RaftServerConfigKeys (ConfUtils.java:logGet(43)) - raft.server.rpc.timeout.min = 1s (custom)
2019-11-14 03:47:13,166 [pool-229-thread-1] INFO  server.RaftServerConfigKeys (ConfUtils.java:logGet(43)) - raft.server.rpc.timeout.max = 1200ms (custom)
2019-11-14 03:47:13,166 [pool-179-thread-1] INFO  impl.RaftServerImpl (RaftServerImpl.java:<init>(98)) - d8a9c999-7748-4aa6-a9a9-ef73d9884e3c: new RaftServerImpl for group-60F1FEF89361:[d8a9c999-7748-4aa6-a9a9-ef73d9884e3c:192.168.157.206:34054, ad307801-f957-4403-adfc-9cdab46587c3:192.168.157.206:36473, bf247637-7e59-4671-9487-192b6829a40a:192.168.157.206:41118] with ContainerStateMachine:uninitialized
2019-11-14 03:47:13,166 [pool-209-thread-1] INFO  server.RaftServerConfigKeys (ConfUtils.java:logGet(43)) - raft.server.log.corruption.policy = EXCEPTION (default)
2019-11-14 03:47:13,166 [pool-179-thread-1] INFO  server.RaftServerConfigKeys (ConfUtils.java:logGet(43)) - raft.server.rpc.timeout.min = 1s (custom)
2019-11-14 03:47:13,166 [pool-179-thread-1] INFO  server.RaftServerConfigKeys (ConfUtils.java:logGet(43)) - raft.server.rpc.timeout.max = 1200ms (custom)
2019-11-14 03:47:13,166 [pool-229-thread-1] INFO  server.RaftServerConfigKeys (ConfUtils.java:logGet(43)) - raft.server.rpcslowness.timeout = 120s (custom)
2019-11-14 03:47:13,166 [pool-179-thread-1] INFO  server.RaftServerConfigKeys (ConfUtils.java:logGet(43)) - raft.server.rpcslowness.timeout = 120s (custom)
2019-11-14 03:47:13,166 [pool-209-thread-1] INFO  storage.RaftStorageDirectory (RaftStorageDirectory.java:analyzeStorage(246)) - The storage directory /workdir/hadoop-ozone/integration-test/target/test-dir/MiniOzoneClusterImpl-db6fd866-6788-41aa-8e01-4626558b27a7/datanode-6/data/ratis/5b6408f2-cd0f-4820-9525-60f1fef89361 does not exist. Creating ...
2019-11-14 03:47:13,166 [pool-179-thread-1] INFO  server.RaftServerConfigKeys (ConfUtils.java:logGet(43)) - raft.server.sleep.deviation.threshold = 300 (default)
2019-11-14 03:47:13,167 [pool-179-thread-1] INFO  server.RaftServerConfigKeys (ConfUtils.java:logGet(43)) - raft.server.log.appender.install.snapshot.enabled = false (custom)
2019-11-14 03:47:13,166 [pool-229-thread-1] INFO  server.RaftServerConfigKeys (ConfUtils.java:logGet(43)) - raft.server.sleep.deviation.threshold = 300 (default)
2019-11-14 03:47:13,167 [pool-179-thread-1] INFO  impl.RaftServerImpl (ServerState.java:<init>(103)) - d8a9c999-7748-4aa6-a9a9-ef73d9884e3c@group-60F1FEF89361: ConfigurationManager, init=-1: [d8a9c999-7748-4aa6-a9a9-ef73d9884e3c:192.168.157.206:34054, ad307801-f957-4403-adfc-9cdab46587c3:192.168.157.206:36473, bf247637-7e59-4671-9487-192b6829a40a:192.168.157.206:41118], old=null, confs=<EMPTY_MAP>
2019-11-14 03:47:13,167 [pool-229-thread-1] INFO  server.RaftServerConfigKeys (ConfUtils.java:logGet(43)) - raft.server.log.appender.install.snapshot.enabled = false (custom)
2019-11-14 03:47:13,167 [pool-179-thread-1] INFO  server.RaftServerConfigKeys (ConfUtils.java:logGet(43)) - raft.server.storage.dir = [/workdir/hadoop-ozone/integration-test/target/test-dir/MiniOzoneClusterImpl-db6fd866-6788-41aa-8e01-4626558b27a7/datanode-3/data/ratis] (custom)
2019-11-14 03:47:13,167 [pool-229-thread-1] INFO  impl.RaftServerImpl (ServerState.java:<init>(103)) - ad307801-f957-4403-adfc-9cdab46587c3@group-60F1FEF89361: ConfigurationManager, init=-1: [d8a9c999-7748-4aa6-a9a9-ef73d9884e3c:192.168.157.206:34054, ad307801-f957-4403-adfc-9cdab46587c3:192.168.157.206:36473, bf247637-7e59-4671-9487-192b6829a40a:192.168.157.206:41118], old=null, confs=<EMPTY_MAP>
2019-11-14 03:47:13,167 [pool-179-thread-1] INFO  server.RaftServerConfigKeys (ConfUtils.java:logGet(43)) - raft.server.log.corruption.policy = EXCEPTION (default)
2019-11-14 03:47:13,167 [pool-229-thread-1] INFO  server.RaftServerConfigKeys (ConfUtils.java:logGet(43)) - raft.server.storage.dir = [/workdir/hadoop-ozone/integration-test/target/test-dir/MiniOzoneClusterImpl-db6fd866-6788-41aa-8e01-4626558b27a7/datanode-8/data/ratis] (custom)
2019-11-14 03:47:13,168 [pool-179-thread-1] INFO  storage.RaftStorageDirectory (RaftStorageDirectory.java:analyzeStorage(246)) - The storage directory /workdir/hadoop-ozone/integration-test/target/test-dir/MiniOzoneClusterImpl-db6fd866-6788-41aa-8e01-4626558b27a7/datanode-3/data/ratis/5b6408f2-cd0f-4820-9525-60f1fef89361 does not exist. Creating ...
2019-11-14 03:47:13,168 [pool-229-thread-1] INFO  server.RaftServerConfigKeys (ConfUtils.java:logGet(43)) - raft.server.log.corruption.policy = EXCEPTION (default)
2019-11-14 03:47:13,168 [pool-229-thread-1] INFO  storage.RaftStorageDirectory (RaftStorageDirectory.java:analyzeStorage(246)) - The storage directory /workdir/hadoop-ozone/integration-test/target/test-dir/MiniOzoneClusterImpl-db6fd866-6788-41aa-8e01-4626558b27a7/datanode-8/data/ratis/5b6408f2-cd0f-4820-9525-60f1fef89361 does not exist. Creating ...
2019-11-14 03:47:13,193 [pool-229-thread-1] INFO  storage.RaftStorageDirectory (RaftStorageDirectory.java:tryLock(328)) - Lock on /workdir/hadoop-ozone/integration-test/target/test-dir/MiniOzoneClusterImpl-db6fd866-6788-41aa-8e01-4626558b27a7/datanode-8/data/ratis/5b6408f2-cd0f-4820-9525-60f1fef89361/in_use.lock acquired by nodename 10001@trunk-nightly-20191114-k5n9k-339518648
2019-11-14 03:47:13,193 [pool-209-thread-1] INFO  storage.RaftStorageDirectory (RaftStorageDirectory.java:tryLock(328)) - Lock on /workdir/hadoop-ozone/integration-test/target/test-dir/MiniOzoneClusterImpl-db6fd866-6788-41aa-8e01-4626558b27a7/datanode-6/data/ratis/5b6408f2-cd0f-4820-9525-60f1fef89361/in_use.lock acquired by nodename 10001@trunk-nightly-20191114-k5n9k-339518648
2019-11-14 03:47:13,193 [pool-179-thread-1] INFO  storage.RaftStorageDirectory (RaftStorageDirectory.java:tryLock(328)) - Lock on /workdir/hadoop-ozone/integration-test/target/test-dir/MiniOzoneClusterImpl-db6fd866-6788-41aa-8e01-4626558b27a7/datanode-3/data/ratis/5b6408f2-cd0f-4820-9525-60f1fef89361/in_use.lock acquired by nodename 10001@trunk-nightly-20191114-k5n9k-339518648
2019-11-14 03:47:13,219 [pool-179-thread-1] INFO  storage.RaftStorage (RaftStorage.java:format(84)) - Storage directory /workdir/hadoop-ozone/integration-test/target/test-dir/MiniOzoneClusterImpl-db6fd866-6788-41aa-8e01-4626558b27a7/datanode-3/data/ratis/5b6408f2-cd0f-4820-9525-60f1fef89361 has been successfully formatted.
2019-11-14 03:47:13,219 [pool-209-thread-1] INFO  storage.RaftStorage (RaftStorage.java:format(84)) - Storage directory /workdir/hadoop-ozone/integration-test/target/test-dir/MiniOzoneClusterImpl-db6fd866-6788-41aa-8e01-4626558b27a7/datanode-6/data/ratis/5b6408f2-cd0f-4820-9525-60f1fef89361 has been successfully formatted.
2019-11-14 03:47:13,220 [pool-179-thread-1] INFO  ratis.ContainerStateMachine (ContainerStateMachine.java:loadSnapshot(223)) - group-60F1FEF89361: The snapshot info is null. Setting the last applied indexto:(t:0, i:~)
2019-11-14 03:47:13,219 [pool-229-thread-1] INFO  storage.RaftStorage (RaftStorage.java:format(84)) - Storage directory /workdir/hadoop-ozone/integration-test/target/test-dir/MiniOzoneClusterImpl-db6fd866-6788-41aa-8e01-4626558b27a7/datanode-8/data/ratis/5b6408f2-cd0f-4820-9525-60f1fef89361 has been successfully formatted.
2019-11-14 03:47:13,220 [pool-209-thread-1] INFO  ratis.ContainerStateMachine (ContainerStateMachine.java:loadSnapshot(223)) - group-60F1FEF89361: The snapshot info is null. Setting the last applied indexto:(t:0, i:~)
2019-11-14 03:47:13,220 [pool-179-thread-1] INFO  server.RaftServerConfigKeys (ConfUtils.java:logGet(43)) - raft.server.notification.no-leader.timeout = 120s (custom)
2019-11-14 03:47:13,220 [pool-209-thread-1] INFO  server.RaftServerConfigKeys (ConfUtils.java:logGet(43)) - raft.server.notification.no-leader.timeout = 120s (custom)
2019-11-14 03:47:13,220 [pool-229-thread-1] INFO  ratis.ContainerStateMachine (ContainerStateMachine.java:loadSnapshot(223)) - group-60F1FEF89361: The snapshot info is null. Setting the last applied indexto:(t:0, i:~)
2019-11-14 03:47:13,220 [pool-209-thread-1] INFO  server.RaftServerConfigKeys (ConfUtils.java:logGet(43)) - raft.server.log.use.memory = false (default)
2019-11-14 03:47:13,220 [pool-179-thread-1] INFO  server.RaftServerConfigKeys (ConfUtils.java:logGet(43)) - raft.server.log.use.memory = false (default)
2019-11-14 03:47:13,220 [pool-209-thread-1] INFO  server.RaftServerConfigKeys (ConfUtils.java:logGet(43)) - raft.server.log.purge.gap = 1000000 (custom)
2019-11-14 03:47:13,220 [pool-229-thread-1] INFO  server.RaftServerConfigKeys (ConfUtils.java:logGet(43)) - raft.server.notification.no-leader.timeout = 120s (custom)
2019-11-14 03:47:13,221 [pool-209-thread-1] INFO  server.RaftServerConfigKeys (ConfUtils.java:logGet(43)) - raft.server.log.appender.buffer.byte-limit = 33554432 (custom)
2019-11-14 03:47:13,221 [pool-179-thread-1] INFO  server.RaftServerConfigKeys (ConfUtils.java:logGet(43)) - raft.server.log.purge.gap = 1000000 (custom)
2019-11-14 03:47:13,221 [pool-209-thread-1] INFO  server.RaftServerConfigKeys (ConfUtils.java:logGet(43)) - raft.server.log.segment.size.max = 1048576 (custom)
2019-11-14 03:47:13,221 [pool-229-thread-1] INFO  server.RaftServerConfigKeys (ConfUtils.java:logGet(43)) - raft.server.log.use.memory = false (default)
2019-11-14 03:47:13,221 [pool-209-thread-1] INFO  server.RaftServerConfigKeys (ConfUtils.java:logGet(43)) - raft.server.log.segment.cache.num.max = 2 (custom)
2019-11-14 03:47:13,221 [pool-179-thread-1] INFO  server.RaftServerConfigKeys (ConfUtils.java:logGet(43)) - raft.server.log.appender.buffer.byte-limit = 33554432 (custom)
2019-11-14 03:47:13,221 [pool-209-thread-1] INFO  segmented.SegmentedRaftLogWorker (SegmentedRaftLogWorker.java:<init>(173)) - new bf247637-7e59-4671-9487-192b6829a40a@group-60F1FEF89361-SegmentedRaftLogWorker for RaftStorage:Storage Directory /workdir/hadoop-ozone/integration-test/target/test-dir/MiniOzoneClusterImpl-db6fd866-6788-41aa-8e01-4626558b27a7/datanode-6/data/ratis/5b6408f2-cd0f-4820-9525-60f1fef89361
2019-11-14 03:47:13,221 [pool-229-thread-1] INFO  server.RaftServerConfigKeys (ConfUtils.java:logGet(43)) - raft.server.log.purge.gap = 1000000 (custom)
2019-11-14 03:47:13,222 [pool-209-thread-1] INFO  server.RaftServerConfigKeys (ConfUtils.java:logGet(43)) - raft.server.log.queue.byte-limit = 2147483647 (custom)
2019-11-14 03:47:13,222 [pool-179-thread-1] INFO  server.RaftServerConfigKeys (ConfUtils.java:logGet(43)) - raft.server.log.segment.size.max = 1048576 (custom)
2019-11-14 03:47:13,222 [pool-209-thread-1] INFO  server.RaftServerConfigKeys (ConfUtils.java:logGet(43)) - raft.server.log.queue.element-limit = 1024 (custom)
2019-11-14 03:47:13,222 [pool-229-thread-1] INFO  server.RaftServerConfigKeys (ConfUtils.java:logGet(43)) - raft.server.log.appender.buffer.byte-limit = 33554432 (custom)
2019-11-14 03:47:13,222 [pool-209-thread-1] INFO  server.RaftServerConfigKeys (ConfUtils.java:logGet(43)) - raft.server.log.segment.size.max = 1048576 (custom)
2019-11-14 03:47:13,222 [pool-209-thread-1] INFO  server.RaftServerConfigKeys (ConfUtils.java:logGet(43)) - raft.server.log.preallocated.size = 16384 (custom)
2019-11-14 03:47:13,222 [pool-179-thread-1] INFO  server.RaftServerConfigKeys (ConfUtils.java:logGet(43)) - raft.server.log.segment.cache.num.max = 2 (custom)
2019-11-14 03:47:13,222 [pool-209-thread-1] INFO  server.RaftServerConfigKeys (ConfUtils.java:logGet(43)) - raft.server.log.write.buffer.size = 33554432 (custom)
2019-11-14 03:47:13,223 [pool-209-thread-1] INFO  server.RaftServerConfigKeys (ConfUtils.java:logGet(43)) - raft.server.log.force.sync.num = 128 (default)
2019-11-14 03:47:13,222 [pool-229-thread-1] INFO  server.RaftServerConfigKeys (ConfUtils.java:logGet(43)) - raft.server.log.segment.size.max = 1048576 (custom)
2019-11-14 03:47:13,223 [pool-209-thread-1] INFO  server.RaftServerConfigKeys (ConfUtils.java:logGet(43)) - raft.server.log.statemachine.data.sync = true (default)
2019-11-14 03:47:13,223 [pool-179-thread-1] INFO  segmented.SegmentedRaftLogWorker (SegmentedRaftLogWorker.java:<init>(173)) - new d8a9c999-7748-4aa6-a9a9-ef73d9884e3c@group-60F1FEF89361-SegmentedRaftLogWorker for RaftStorage:Storage Directory /workdir/hadoop-ozone/integration-test/target/test-dir/MiniOzoneClusterImpl-db6fd866-6788-41aa-8e01-4626558b27a7/datanode-3/data/ratis/5b6408f2-cd0f-4820-9525-60f1fef89361
2019-11-14 03:47:13,223 [pool-209-thread-1] INFO  server.RaftServerConfigKeys (ConfUtils.java:logGet(43)) - raft.server.log.statemachine.data.sync.timeout = 10s (default)
2019-11-14 03:47:13,223 [pool-229-thread-1] INFO  server.RaftServerConfigKeys (ConfUtils.java:logGet(43)) - raft.server.log.segment.cache.num.max = 2 (custom)
2019-11-14 03:47:13,223 [pool-209-thread-1] INFO  server.RaftServerConfigKeys (ConfUtils.java:logGet(43)) - raft.server.log.statemachine.data.sync.timeout.retry = -1 (default)
2019-11-14 03:47:13,223 [pool-179-thread-1] INFO  server.RaftServerConfigKeys (ConfUtils.java:logGet(43)) - raft.server.log.queue.byte-limit = 2147483647 (custom)
2019-11-14 03:47:13,223 [pool-229-thread-1] INFO  segmented.SegmentedRaftLogWorker (SegmentedRaftLogWorker.java:<init>(173)) - new ad307801-f957-4403-adfc-9cdab46587c3@group-60F1FEF89361-SegmentedRaftLogWorker for RaftStorage:Storage Directory /workdir/hadoop-ozone/integration-test/target/test-dir/MiniOzoneClusterImpl-db6fd866-6788-41aa-8e01-4626558b27a7/datanode-8/data/ratis/5b6408f2-cd0f-4820-9525-60f1fef89361
2019-11-14 03:47:13,224 [pool-209-thread-1] INFO  server.RaftServerConfigKeys (ConfUtils.java:logGet(43)) - raft.server.log.statemachine.data.caching.enabled = true (custom)
2019-11-14 03:47:13,224 [pool-179-thread-1] INFO  server.RaftServerConfigKeys (ConfUtils.java:logGet(43)) - raft.server.log.queue.element-limit = 1024 (custom)
2019-11-14 03:47:13,224 [pool-229-thread-1] INFO  server.RaftServerConfigKeys (ConfUtils.java:logGet(43)) - raft.server.log.queue.byte-limit = 2147483647 (custom)
2019-11-14 03:47:13,224 [pool-209-thread-1] INFO  segmented.SegmentedRaftLogWorker (SegmentedRaftLogWorker.java:lambda$new$0(128)) - bf247637-7e59-4671-9487-192b6829a40a@group-60F1FEF89361-SegmentedRaftLogWorker: flushIndex: setUnconditionally 0 -> -1
2019-11-14 03:47:13,224 [pool-179-thread-1] INFO  server.RaftServerConfigKeys (ConfUtils.java:logGet(43)) - raft.server.log.segment.size.max = 1048576 (custom)
2019-11-14 03:47:13,224 [pool-229-thread-1] INFO  server.RaftServerConfigKeys (ConfUtils.java:logGet(43)) - raft.server.log.queue.element-limit = 1024 (custom)
2019-11-14 03:47:13,224 [pool-209-thread-1] INFO  server.RaftServerConfigKeys (ConfUtils.java:logGet(43)) - raft.server.snapshot.auto.trigger.enabled = true (custom)
2019-11-14 03:47:13,224 [pool-179-thread-1] INFO  server.RaftServerConfigKeys (ConfUtils.java:logGet(43)) - raft.server.log.preallocated.size = 16384 (custom)
2019-11-14 03:47:13,225 [pool-209-thread-1] INFO  server.RaftServerConfigKeys (ConfUtils.java:logGet(43)) - raft.server.snapshot.auto.trigger.threshold = 10000 (custom)
2019-11-14 03:47:13,225 [pool-229-thread-1] INFO  server.RaftServerConfigKeys (ConfUtils.java:logGet(43)) - raft.server.log.segment.size.max = 1048576 (custom)
2019-11-14 03:47:13,225 [pool-209-thread-1] INFO  server.RaftServerConfigKeys (ConfUtils.java:logGet(43)) - raft.server.snapshot.retention.file.num = 5 (custom)
2019-11-14 03:47:13,225 [pool-179-thread-1] INFO  server.RaftServerConfigKeys (ConfUtils.java:logGet(43)) - raft.server.log.write.buffer.size = 33554432 (custom)
2019-11-14 03:47:13,225 [pool-209-thread-1] INFO  server.RaftServerConfigKeys (ConfUtils.java:logGet(43)) - raft.server.retrycache.expirytime = 600000ms (custom)
2019-11-14 03:47:13,225 [pool-229-thread-1] INFO  server.RaftServerConfigKeys (ConfUtils.java:logGet(43)) - raft.server.log.preallocated.size = 16384 (custom)
2019-11-14 03:47:13,225 [pool-209-thread-1] WARN  impl.MetricRegistriesImpl (MetricRegistriesImpl.java:lambda$create$1(61)) - First MetricRegistry has been created without registering reporters. You may need to call MetricRegistries.global().addReportRegistration(...) before.
2019-11-14 03:47:13,225 [pool-179-thread-1] INFO  server.RaftServerConfigKeys (ConfUtils.java:logGet(43)) - raft.server.log.force.sync.num = 128 (default)
2019-11-14 03:47:13,226 [pool-209-thread-1] WARN  impl.MetricRegistriesImpl (MetricRegistriesImpl.java:lambda$create$1(61)) - First MetricRegistry has been created without registering reporters. You may need to call MetricRegistries.global().addReportRegistration(...) before.
2019-11-14 03:47:13,226 [pool-229-thread-1] INFO  server.RaftServerConfigKeys (ConfUtils.java:logGet(43)) - raft.server.log.write.buffer.size = 33554432 (custom)
2019-11-14 03:47:13,226 [pool-179-thread-1] INFO  server.RaftServerConfigKeys (ConfUtils.java:logGet(43)) - raft.server.log.statemachine.data.sync = true (default)
2019-11-14 03:47:13,226 [pool-209-thread-1] INFO  impl.RaftServerImpl (RaftServerImpl.java:start(184)) - bf247637-7e59-4671-9487-192b6829a40a@group-60F1FEF89361: start as a follower, conf=-1: [d8a9c999-7748-4aa6-a9a9-ef73d9884e3c:192.168.157.206:34054, ad307801-f957-4403-adfc-9cdab46587c3:192.168.157.206:36473, bf247637-7e59-4671-9487-192b6829a40a:192.168.157.206:41118], old=null
2019-11-14 03:47:13,226 [pool-229-thread-1] INFO  server.RaftServerConfigKeys (ConfUtils.java:logGet(43)) - raft.server.log.force.sync.num = 128 (default)
2019-11-14 03:47:13,226 [pool-209-thread-1] INFO  impl.RaftServerImpl (RaftServerImpl.java:setRole(173)) - bf247637-7e59-4671-9487-192b6829a40a@group-60F1FEF89361: changes role from      null to FOLLOWER at term 0 for startAsFollower
2019-11-14 03:47:13,226 [pool-179-thread-1] INFO  server.RaftServerConfigKeys (ConfUtils.java:logGet(43)) - raft.server.log.statemachine.data.sync.timeout = 10s (default)
2019-11-14 03:47:13,227 [pool-209-thread-1] INFO  impl.RoleInfo (RoleInfo.java:updateAndGet(143)) - bf247637-7e59-4671-9487-192b6829a40a: start FollowerState
2019-11-14 03:47:13,226 [pool-229-thread-1] INFO  server.RaftServerConfigKeys (ConfUtils.java:logGet(43)) - raft.server.log.statemachine.data.sync = true (default)
2019-11-14 03:47:13,227 [pool-179-thread-1] INFO  server.RaftServerConfigKeys (ConfUtils.java:logGet(43)) - raft.server.log.statemachine.data.sync.timeout.retry = -1 (default)
2019-11-14 03:47:13,227 [pool-229-thread-1] INFO  server.RaftServerConfigKeys (ConfUtils.java:logGet(43)) - raft.server.log.statemachine.data.sync.timeout = 10s (default)
2019-11-14 03:47:13,227 [pool-179-thread-1] INFO  server.RaftServerConfigKeys (ConfUtils.java:logGet(43)) - raft.server.log.statemachine.data.caching.enabled = true (custom)
2019-11-14 03:47:13,227 [pool-209-thread-1] INFO  util.JmxRegister (JmxRegister.java:tryRegister(44)) - Successfully registered JMX Bean with object name Ratis:service=RaftServer,group=group-60F1FEF89361,id=bf247637-7e59-4671-9487-192b6829a40a
2019-11-14 03:47:13,227 [pool-229-thread-1] INFO  server.RaftServerConfigKeys (ConfUtils.java:logGet(43)) - raft.server.log.statemachine.data.sync.timeout.retry = -1 (default)
2019-11-14 03:47:13,227 [pool-179-thread-1] INFO  segmented.SegmentedRaftLogWorker (SegmentedRaftLogWorker.java:lambda$new$0(128)) - d8a9c999-7748-4aa6-a9a9-ef73d9884e3c@group-60F1FEF89361-SegmentedRaftLogWorker: flushIndex: setUnconditionally 0 -> -1
2019-11-14 03:47:13,227 [pool-209-thread-1] WARN  impl.MetricRegistriesImpl (MetricRegistriesImpl.java:lambda$create$1(61)) - First MetricRegistry has been created without registering reporters. You may need to call MetricRegistries.global().addReportRegistration(...) before.
2019-11-14 03:47:13,228 [pool-229-thread-1] INFO  server.RaftServerConfigKeys (ConfUtils.java:logGet(43)) - raft.server.log.statemachine.data.caching.enabled = true (custom)
2019-11-14 03:47:13,228 [pool-179-thread-1] INFO  server.RaftServerConfigKeys (ConfUtils.java:logGet(43)) - raft.server.snapshot.auto.trigger.enabled = true (custom)
2019-11-14 03:47:13,228 [pool-179-thread-1] INFO  server.RaftServerConfigKeys (ConfUtils.java:logGet(43)) - raft.server.snapshot.auto.trigger.threshold = 10000 (custom)
2019-11-14 03:47:13,228 [pool-229-thread-1] INFO  segmented.SegmentedRaftLogWorker (SegmentedRaftLogWorker.java:lambda$new$0(128)) - ad307801-f957-4403-adfc-9cdab46587c3@group-60F1FEF89361-SegmentedRaftLogWorker: flushIndex: setUnconditionally 0 -> -1
2019-11-14 03:47:13,228 [pool-179-thread-1] INFO  server.RaftServerConfigKeys (ConfUtils.java:logGet(43)) - raft.server.snapshot.retention.file.num = 5 (custom)
2019-11-14 03:47:13,229 [pool-179-thread-1] INFO  server.RaftServerConfigKeys (ConfUtils.java:logGet(43)) - raft.server.retrycache.expirytime = 600000ms (custom)
2019-11-14 03:47:13,229 [pool-229-thread-1] INFO  server.RaftServerConfigKeys (ConfUtils.java:logGet(43)) - raft.server.snapshot.auto.trigger.enabled = true (custom)
2019-11-14 03:47:13,229 [pool-179-thread-1] WARN  impl.MetricRegistriesImpl (MetricRegistriesImpl.java:lambda$create$1(61)) - First MetricRegistry has been created without registering reporters. You may need to call MetricRegistries.global().addReportRegistration(...) before.
2019-11-14 03:47:13,229 [pool-229-thread-1] INFO  server.RaftServerConfigKeys (ConfUtils.java:logGet(43)) - raft.server.snapshot.auto.trigger.threshold = 10000 (custom)
2019-11-14 03:47:13,229 [pool-179-thread-1] WARN  impl.MetricRegistriesImpl (MetricRegistriesImpl.java:lambda$create$1(61)) - First MetricRegistry has been created without registering reporters. You may need to call MetricRegistries.global().addReportRegistration(...) before.
2019-11-14 03:47:13,229 [pool-229-thread-1] INFO  server.RaftServerConfigKeys (ConfUtils.java:logGet(43)) - raft.server.snapshot.retention.file.num = 5 (custom)
2019-11-14 03:47:13,229 [pool-179-thread-1] INFO  impl.RaftServerImpl (RaftServerImpl.java:start(184)) - d8a9c999-7748-4aa6-a9a9-ef73d9884e3c@group-60F1FEF89361: start as a follower, conf=-1: [d8a9c999-7748-4aa6-a9a9-ef73d9884e3c:192.168.157.206:34054, ad307801-f957-4403-adfc-9cdab46587c3:192.168.157.206:36473, bf247637-7e59-4671-9487-192b6829a40a:192.168.157.206:41118], old=null
2019-11-14 03:47:13,230 [pool-229-thread-1] INFO  server.RaftServerConfigKeys (ConfUtils.java:logGet(43)) - raft.server.retrycache.expirytime = 600000ms (custom)
2019-11-14 03:47:13,230 [pool-179-thread-1] INFO  impl.RaftServerImpl (RaftServerImpl.java:setRole(173)) - d8a9c999-7748-4aa6-a9a9-ef73d9884e3c@group-60F1FEF89361: changes role from      null to FOLLOWER at term 0 for startAsFollower
2019-11-14 03:47:13,230 [pool-229-thread-1] WARN  impl.MetricRegistriesImpl (MetricRegistriesImpl.java:lambda$create$1(61)) - First MetricRegistry has been created without registering reporters. You may need to call MetricRegistries.global().addReportRegistration(...) before.
2019-11-14 03:47:13,230 [pool-179-thread-1] INFO  impl.RoleInfo (RoleInfo.java:updateAndGet(143)) - d8a9c999-7748-4aa6-a9a9-ef73d9884e3c: start FollowerState
2019-11-14 03:47:13,230 [pool-229-thread-1] WARN  impl.MetricRegistriesImpl (MetricRegistriesImpl.java:lambda$create$1(61)) - First MetricRegistry has been created without registering reporters. You may need to call MetricRegistries.global().addReportRegistration(...) before.
2019-11-14 03:47:13,230 [pool-229-thread-1] INFO  impl.RaftServerImpl (RaftServerImpl.java:start(184)) - ad307801-f957-4403-adfc-9cdab46587c3@group-60F1FEF89361: start as a follower, conf=-1: [d8a9c999-7748-4aa6-a9a9-ef73d9884e3c:192.168.157.206:34054, ad307801-f957-4403-adfc-9cdab46587c3:192.168.157.206:36473, bf247637-7e59-4671-9487-192b6829a40a:192.168.157.206:41118], old=null
2019-11-14 03:47:13,230 [pool-179-thread-1] INFO  util.JmxRegister (JmxRegister.java:tryRegister(44)) - Successfully registered JMX Bean with object name Ratis:service=RaftServer,group=group-60F1FEF89361,id=d8a9c999-7748-4aa6-a9a9-ef73d9884e3c
2019-11-14 03:47:13,230 [pool-229-thread-1] INFO  impl.RaftServerImpl (RaftServerImpl.java:setRole(173)) - ad307801-f957-4403-adfc-9cdab46587c3@group-60F1FEF89361: changes role from      null to FOLLOWER at term 0 for startAsFollower
2019-11-14 03:47:13,230 [pool-179-thread-1] WARN  impl.MetricRegistriesImpl (MetricRegistriesImpl.java:lambda$create$1(61)) - First MetricRegistry has been created without registering reporters. You may need to call MetricRegistries.global().addReportRegistration(...) before.
2019-11-14 03:47:13,231 [pool-229-thread-1] INFO  impl.RoleInfo (RoleInfo.java:updateAndGet(143)) - ad307801-f957-4403-adfc-9cdab46587c3: start FollowerState
2019-11-14 03:47:13,231 [pool-229-thread-1] INFO  util.JmxRegister (JmxRegister.java:tryRegister(44)) - Successfully registered JMX Bean with object name Ratis:service=RaftServer,group=group-60F1FEF89361,id=ad307801-f957-4403-adfc-9cdab46587c3
2019-11-14 03:47:13,231 [pool-229-thread-1] WARN  impl.MetricRegistriesImpl (MetricRegistriesImpl.java:lambda$create$1(61)) - First MetricRegistry has been created without registering reporters. You may need to call MetricRegistries.global().addReportRegistration(...) before.
2019-11-14 03:47:13,235 [RatisPipelineUtilsThread] INFO  pipeline.PipelineStateManager (PipelineStateManager.java:addPipeline(55)) - Created pipeline Pipeline[ Id: 5b6408f2-cd0f-4820-9525-60f1fef89361, Nodes: d8a9c999-7748-4aa6-a9a9-ef73d9884e3c{ip: 192.168.157.206, host: trunk-nightly-20191114-k5n9k-339518648, networkLocation: /rack1, certSerialId: null}bf247637-7e59-4671-9487-192b6829a40a{ip: 192.168.157.206, host: trunk-nightly-20191114-k5n9k-339518648, networkLocation: /rack1, certSerialId: null}ad307801-f957-4403-adfc-9cdab46587c3{ip: 192.168.157.206, host: trunk-nightly-20191114-k5n9k-339518648, networkLocation: /rack1, certSerialId: null}, Type:RATIS, Factor:THREE, State:ALLOCATED]
2019-11-14 03:47:13,244 [grpc-default-executor-6] INFO  impl.RaftServerProxy (RaftServerProxy.java:addNew(89)) - 6159a4a7-02ae-4457-ad8e-d99f5584798f: addNew group-2199817F3911:[7901d021-b70d-41b4-a3ee-3511e4cb511a:192.168.157.206:32814, 6159a4a7-02ae-4457-ad8e-d99f5584798f:192.168.157.206:36722, 3a789c1e-652a-4343-9c47-49015e6a7e8b:192.168.157.206:36955] returns group-2199817F3911:java.util.concurrent.CompletableFuture@35ff25cb[Not completed]
2019-11-14 03:47:13,247 [grpc-default-executor-2] INFO  impl.RaftServerProxy (RaftServerProxy.java:addNew(89)) - 3a789c1e-652a-4343-9c47-49015e6a7e8b: addNew group-2199817F3911:[7901d021-b70d-41b4-a3ee-3511e4cb511a:192.168.157.206:32814, 6159a4a7-02ae-4457-ad8e-d99f5584798f:192.168.157.206:36722, 3a789c1e-652a-4343-9c47-49015e6a7e8b:192.168.157.206:36955] returns group-2199817F3911:java.util.concurrent.CompletableFuture@6d74a118[Not completed]
2019-11-14 03:47:13,246 [grpc-default-executor-4] INFO  impl.RaftServerProxy (RaftServerProxy.java:addNew(89)) - 7901d021-b70d-41b4-a3ee-3511e4cb511a: addNew group-2199817F3911:[7901d021-b70d-41b4-a3ee-3511e4cb511a:192.168.157.206:32814, 6159a4a7-02ae-4457-ad8e-d99f5584798f:192.168.157.206:36722, 3a789c1e-652a-4343-9c47-49015e6a7e8b:192.168.157.206:36955] returns group-2199817F3911:java.util.concurrent.CompletableFuture@4003c31f[Not completed]
2019-11-14 03:47:13,248 [pool-219-thread-1] INFO  impl.RaftServerImpl (RaftServerImpl.java:<init>(98)) - 6159a4a7-02ae-4457-ad8e-d99f5584798f: new RaftServerImpl for group-2199817F3911:[7901d021-b70d-41b4-a3ee-3511e4cb511a:192.168.157.206:32814, 6159a4a7-02ae-4457-ad8e-d99f5584798f:192.168.157.206:36722, 3a789c1e-652a-4343-9c47-49015e6a7e8b:192.168.157.206:36955] with ContainerStateMachine:uninitialized
2019-11-14 03:47:13,248 [pool-219-thread-1] INFO  server.RaftServerConfigKeys (ConfUtils.java:logGet(43)) - raft.server.rpc.timeout.min = 1s (custom)
2019-11-14 03:47:13,249 [pool-219-thread-1] INFO  server.RaftServerConfigKeys (ConfUtils.java:logGet(43)) - raft.server.rpc.timeout.max = 1200ms (custom)
2019-11-14 03:47:13,249 [pool-219-thread-1] INFO  server.RaftServerConfigKeys (ConfUtils.java:logGet(43)) - raft.server.rpcslowness.timeout = 120s (custom)
2019-11-14 03:47:13,249 [pool-219-thread-1] INFO  server.RaftServerConfigKeys (ConfUtils.java:logGet(43)) - raft.server.sleep.deviation.threshold = 300 (default)
2019-11-14 03:47:13,249 [pool-219-thread-1] INFO  server.RaftServerConfigKeys (ConfUtils.java:logGet(43)) - raft.server.log.appender.install.snapshot.enabled = false (custom)
2019-11-14 03:47:13,249 [pool-219-thread-1] INFO  impl.RaftServerImpl (ServerState.java:<init>(103)) - 6159a4a7-02ae-4457-ad8e-d99f5584798f@group-2199817F3911: ConfigurationManager, init=-1: [7901d021-b70d-41b4-a3ee-3511e4cb511a:192.168.157.206:32814, 6159a4a7-02ae-4457-ad8e-d99f5584798f:192.168.157.206:36722, 3a789c1e-652a-4343-9c47-49015e6a7e8b:192.168.157.206:36955], old=null, confs=<EMPTY_MAP>
2019-11-14 03:47:13,249 [pool-219-thread-1] INFO  server.RaftServerConfigKeys (ConfUtils.java:logGet(43)) - raft.server.storage.dir = [/workdir/hadoop-ozone/integration-test/target/test-dir/MiniOzoneClusterImpl-db6fd866-6788-41aa-8e01-4626558b27a7/datanode-7/data/ratis] (custom)
2019-11-14 03:47:13,249 [pool-239-thread-1] INFO  impl.RaftServerImpl (RaftServerImpl.java:<init>(98)) - 7901d021-b70d-41b4-a3ee-3511e4cb511a: new RaftServerImpl for group-2199817F3911:[7901d021-b70d-41b4-a3ee-3511e4cb511a:192.168.157.206:32814, 6159a4a7-02ae-4457-ad8e-d99f5584798f:192.168.157.206:36722, 3a789c1e-652a-4343-9c47-49015e6a7e8b:192.168.157.206:36955] with ContainerStateMachine:uninitialized
2019-11-14 03:47:13,250 [pool-239-thread-1] INFO  server.RaftServerConfigKeys (ConfUtils.java:logGet(43)) - raft.server.rpc.timeout.min = 1s (custom)
2019-11-14 03:47:13,250 [pool-219-thread-1] INFO  server.RaftServerConfigKeys (ConfUtils.java:logGet(43)) - raft.server.log.corruption.policy = EXCEPTION (default)
2019-11-14 03:47:13,250 [pool-239-thread-1] INFO  server.RaftServerConfigKeys (ConfUtils.java:logGet(43)) - raft.server.rpc.timeout.max = 1200ms (custom)
2019-11-14 03:47:13,250 [pool-239-thread-1] INFO  server.RaftServerConfigKeys (ConfUtils.java:logGet(43)) - raft.server.rpcslowness.timeout = 120s (custom)
2019-11-14 03:47:13,250 [pool-219-thread-1] INFO  storage.RaftStorageDirectory (RaftStorageDirectory.java:analyzeStorage(246)) - The storage directory /workdir/hadoop-ozone/integration-test/target/test-dir/MiniOzoneClusterImpl-db6fd866-6788-41aa-8e01-4626558b27a7/datanode-7/data/ratis/b0e2046f-fc18-42a3-a893-2199817f3911 does not exist. Creating ...
2019-11-14 03:47:13,250 [pool-239-thread-1] INFO  server.RaftServerConfigKeys (ConfUtils.java:logGet(43)) - raft.server.sleep.deviation.threshold = 300 (default)
2019-11-14 03:47:13,250 [pool-199-thread-1] INFO  impl.RaftServerImpl (RaftServerImpl.java:<init>(98)) - 3a789c1e-652a-4343-9c47-49015e6a7e8b: new RaftServerImpl for group-2199817F3911:[7901d021-b70d-41b4-a3ee-3511e4cb511a:192.168.157.206:32814, 6159a4a7-02ae-4457-ad8e-d99f5584798f:192.168.157.206:36722, 3a789c1e-652a-4343-9c47-49015e6a7e8b:192.168.157.206:36955] with ContainerStateMachine:uninitialized
2019-11-14 03:47:13,250 [pool-239-thread-1] INFO  server.RaftServerConfigKeys (ConfUtils.java:logGet(43)) - raft.server.log.appender.install.snapshot.enabled = false (custom)
2019-11-14 03:47:13,251 [pool-199-thread-1] INFO  server.RaftServerConfigKeys (ConfUtils.java:logGet(43)) - raft.server.rpc.timeout.min = 1s (custom)
2019-11-14 03:47:13,251 [pool-239-thread-1] INFO  impl.RaftServerImpl (ServerState.java:<init>(103)) - 7901d021-b70d-41b4-a3ee-3511e4cb511a@group-2199817F3911: ConfigurationManager, init=-1: [7901d021-b70d-41b4-a3ee-3511e4cb511a:192.168.157.206:32814, 6159a4a7-02ae-4457-ad8e-d99f5584798f:192.168.157.206:36722, 3a789c1e-652a-4343-9c47-49015e6a7e8b:192.168.157.206:36955], old=null, confs=<EMPTY_MAP>
2019-11-14 03:47:13,251 [pool-199-thread-1] INFO  server.RaftServerConfigKeys (ConfUtils.java:logGet(43)) - raft.server.rpc.timeout.max = 1200ms (custom)
2019-11-14 03:47:13,251 [pool-239-thread-1] INFO  server.RaftServerConfigKeys (ConfUtils.java:logGet(43)) - raft.server.storage.dir = [/workdir/hadoop-ozone/integration-test/target/test-dir/MiniOzoneClusterImpl-db6fd866-6788-41aa-8e01-4626558b27a7/datanode-9/data/ratis] (custom)
2019-11-14 03:47:13,251 [pool-199-thread-1] INFO  server.RaftServerConfigKeys (ConfUtils.java:logGet(43)) - raft.server.rpcslowness.timeout = 120s (custom)
2019-11-14 03:47:13,251 [pool-199-thread-1] INFO  server.RaftServerConfigKeys (ConfUtils.java:logGet(43)) - raft.server.sleep.deviation.threshold = 300 (default)
2019-11-14 03:47:13,251 [pool-239-thread-1] INFO  server.RaftServerConfigKeys (ConfUtils.java:logGet(43)) - raft.server.log.corruption.policy = EXCEPTION (default)
2019-11-14 03:47:13,251 [pool-199-thread-1] INFO  server.RaftServerConfigKeys (ConfUtils.java:logGet(43)) - raft.server.log.appender.install.snapshot.enabled = false (custom)
2019-11-14 03:47:13,252 [pool-239-thread-1] INFO  storage.RaftStorageDirectory (RaftStorageDirectory.java:analyzeStorage(246)) - The storage directory /workdir/hadoop-ozone/integration-test/target/test-dir/MiniOzoneClusterImpl-db6fd866-6788-41aa-8e01-4626558b27a7/datanode-9/data/ratis/b0e2046f-fc18-42a3-a893-2199817f3911 does not exist. Creating ...
2019-11-14 03:47:13,252 [pool-199-thread-1] INFO  impl.RaftServerImpl (ServerState.java:<init>(103)) - 3a789c1e-652a-4343-9c47-49015e6a7e8b@group-2199817F3911: ConfigurationManager, init=-1: [7901d021-b70d-41b4-a3ee-3511e4cb511a:192.168.157.206:32814, 6159a4a7-02ae-4457-ad8e-d99f5584798f:192.168.157.206:36722, 3a789c1e-652a-4343-9c47-49015e6a7e8b:192.168.157.206:36955], old=null, confs=<EMPTY_MAP>
2019-11-14 03:47:13,252 [pool-199-thread-1] INFO  server.RaftServerConfigKeys (ConfUtils.java:logGet(43)) - raft.server.storage.dir = [/workdir/hadoop-ozone/integration-test/target/test-dir/MiniOzoneClusterImpl-db6fd866-6788-41aa-8e01-4626558b27a7/datanode-5/data/ratis] (custom)
2019-11-14 03:47:13,252 [pool-199-thread-1] INFO  server.RaftServerConfigKeys (ConfUtils.java:logGet(43)) - raft.server.log.corruption.policy = EXCEPTION (default)
2019-11-14 03:47:13,252 [pool-199-thread-1] INFO  storage.RaftStorageDirectory (RaftStorageDirectory.java:analyzeStorage(246)) - The storage directory /workdir/hadoop-ozone/integration-test/target/test-dir/MiniOzoneClusterImpl-db6fd866-6788-41aa-8e01-4626558b27a7/datanode-5/data/ratis/b0e2046f-fc18-42a3-a893-2199817f3911 does not exist. Creating ...
2019-11-14 03:47:13,278 [pool-219-thread-1] INFO  storage.RaftStorageDirectory (RaftStorageDirectory.java:tryLock(328)) - Lock on /workdir/hadoop-ozone/integration-test/target/test-dir/MiniOzoneClusterImpl-db6fd866-6788-41aa-8e01-4626558b27a7/datanode-7/data/ratis/b0e2046f-fc18-42a3-a893-2199817f3911/in_use.lock acquired by nodename 10001@trunk-nightly-20191114-k5n9k-339518648
2019-11-14 03:47:13,278 [pool-199-thread-1] INFO  storage.RaftStorageDirectory (RaftStorageDirectory.java:tryLock(328)) - Lock on /workdir/hadoop-ozone/integration-test/target/test-dir/MiniOzoneClusterImpl-db6fd866-6788-41aa-8e01-4626558b27a7/datanode-5/data/ratis/b0e2046f-fc18-42a3-a893-2199817f3911/in_use.lock acquired by nodename 10001@trunk-nightly-20191114-k5n9k-339518648
2019-11-14 03:47:13,278 [pool-239-thread-1] INFO  storage.RaftStorageDirectory (RaftStorageDirectory.java:tryLock(328)) - Lock on /workdir/hadoop-ozone/integration-test/target/test-dir/MiniOzoneClusterImpl-db6fd866-6788-41aa-8e01-4626558b27a7/datanode-9/data/ratis/b0e2046f-fc18-42a3-a893-2199817f3911/in_use.lock acquired by nodename 10001@trunk-nightly-20191114-k5n9k-339518648
2019-11-14 03:47:13,304 [pool-219-thread-1] INFO  storage.RaftStorage (RaftStorage.java:format(84)) - Storage directory /workdir/hadoop-ozone/integration-test/target/test-dir/MiniOzoneClusterImpl-db6fd866-6788-41aa-8e01-4626558b27a7/datanode-7/data/ratis/b0e2046f-fc18-42a3-a893-2199817f3911 has been successfully formatted.
2019-11-14 03:47:13,304 [pool-239-thread-1] INFO  storage.RaftStorage (RaftStorage.java:format(84)) - Storage directory /workdir/hadoop-ozone/integration-test/target/test-dir/MiniOzoneClusterImpl-db6fd866-6788-41aa-8e01-4626558b27a7/datanode-9/data/ratis/b0e2046f-fc18-42a3-a893-2199817f3911 has been successfully formatted.
2019-11-14 03:47:13,304 [pool-199-thread-1] INFO  storage.RaftStorage (RaftStorage.java:format(84)) - Storage directory /workdir/hadoop-ozone/integration-test/target/test-dir/MiniOzoneClusterImpl-db6fd866-6788-41aa-8e01-4626558b27a7/datanode-5/data/ratis/b0e2046f-fc18-42a3-a893-2199817f3911 has been successfully formatted.
2019-11-14 03:47:13,304 [pool-239-thread-1] INFO  ratis.ContainerStateMachine (ContainerStateMachine.java:loadSnapshot(223)) - group-2199817F3911: The snapshot info is null. Setting the last applied indexto:(t:0, i:~)
2019-11-14 03:47:13,304 [pool-219-thread-1] INFO  ratis.ContainerStateMachine (ContainerStateMachine.java:loadSnapshot(223)) - group-2199817F3911: The snapshot info is null. Setting the last applied indexto:(t:0, i:~)
2019-11-14 03:47:13,305 [pool-239-thread-1] INFO  server.RaftServerConfigKeys (ConfUtils.java:logGet(43)) - raft.server.notification.no-leader.timeout = 120s (custom)
2019-11-14 03:47:13,305 [pool-199-thread-1] INFO  ratis.ContainerStateMachine (ContainerStateMachine.java:loadSnapshot(223)) - group-2199817F3911: The snapshot info is null. Setting the last applied indexto:(t:0, i:~)
2019-11-14 03:47:13,305 [pool-239-thread-1] INFO  server.RaftServerConfigKeys (ConfUtils.java:logGet(43)) - raft.server.log.use.memory = false (default)
2019-11-14 03:47:13,305 [pool-219-thread-1] INFO  server.RaftServerConfigKeys (ConfUtils.java:logGet(43)) - raft.server.notification.no-leader.timeout = 120s (custom)
2019-11-14 03:47:13,305 [pool-239-thread-1] INFO  server.RaftServerConfigKeys (ConfUtils.java:logGet(43)) - raft.server.log.purge.gap = 1000000 (custom)
2019-11-14 03:47:13,305 [pool-199-thread-1] INFO  server.RaftServerConfigKeys (ConfUtils.java:logGet(43)) - raft.server.notification.no-leader.timeout = 120s (custom)
2019-11-14 03:47:13,305 [pool-239-thread-1] INFO  server.RaftServerConfigKeys (ConfUtils.java:logGet(43)) - raft.server.log.appender.buffer.byte-limit = 33554432 (custom)
2019-11-14 03:47:13,305 [pool-219-thread-1] INFO  server.RaftServerConfigKeys (ConfUtils.java:logGet(43)) - raft.server.log.use.memory = false (default)
2019-11-14 03:47:13,306 [pool-239-thread-1] INFO  server.RaftServerConfigKeys (ConfUtils.java:logGet(43)) - raft.server.log.segment.size.max = 1048576 (custom)
2019-11-14 03:47:13,306 [pool-199-thread-1] INFO  server.RaftServerConfigKeys (ConfUtils.java:logGet(43)) - raft.server.log.use.memory = false (default)
2019-11-14 03:47:13,306 [pool-239-thread-1] INFO  server.RaftServerConfigKeys (ConfUtils.java:logGet(43)) - raft.server.log.segment.cache.num.max = 2 (custom)
2019-11-14 03:47:13,306 [pool-219-thread-1] INFO  server.RaftServerConfigKeys (ConfUtils.java:logGet(43)) - raft.server.log.purge.gap = 1000000 (custom)
2019-11-14 03:47:13,306 [pool-239-thread-1] INFO  segmented.SegmentedRaftLogWorker (SegmentedRaftLogWorker.java:<init>(173)) - new 7901d021-b70d-41b4-a3ee-3511e4cb511a@group-2199817F3911-SegmentedRaftLogWorker for RaftStorage:Storage Directory /workdir/hadoop-ozone/integration-test/target/test-dir/MiniOzoneClusterImpl-db6fd866-6788-41aa-8e01-4626558b27a7/datanode-9/data/ratis/b0e2046f-fc18-42a3-a893-2199817f3911
2019-11-14 03:47:13,306 [pool-199-thread-1] INFO  server.RaftServerConfigKeys (ConfUtils.java:logGet(43)) - raft.server.log.purge.gap = 1000000 (custom)
2019-11-14 03:47:13,307 [pool-239-thread-1] INFO  server.RaftServerConfigKeys (ConfUtils.java:logGet(43)) - raft.server.log.queue.byte-limit = 2147483647 (custom)
2019-11-14 03:47:13,307 [pool-219-thread-1] INFO  server.RaftServerConfigKeys (ConfUtils.java:logGet(43)) - raft.server.log.appender.buffer.byte-limit = 33554432 (custom)
2019-11-14 03:47:13,307 [pool-239-thread-1] INFO  server.RaftServerConfigKeys (ConfUtils.java:logGet(43)) - raft.server.log.queue.element-limit = 1024 (custom)
2019-11-14 03:47:13,307 [pool-199-thread-1] INFO  server.RaftServerConfigKeys (ConfUtils.java:logGet(43)) - raft.server.log.appender.buffer.byte-limit = 33554432 (custom)
2019-11-14 03:47:13,307 [pool-239-thread-1] INFO  server.RaftServerConfigKeys (ConfUtils.java:logGet(43)) - raft.server.log.segment.size.max = 1048576 (custom)
2019-11-14 03:47:13,308 [pool-239-thread-1] INFO  server.RaftServerConfigKeys (ConfUtils.java:logGet(43)) - raft.server.log.preallocated.size = 16384 (custom)
2019-11-14 03:47:13,307 [pool-219-thread-1] INFO  server.RaftServerConfigKeys (ConfUtils.java:logGet(43)) - raft.server.log.segment.size.max = 1048576 (custom)
2019-11-14 03:47:13,308 [pool-239-thread-1] INFO  server.RaftServerConfigKeys (ConfUtils.java:logGet(43)) - raft.server.log.write.buffer.size = 33554432 (custom)
2019-11-14 03:47:13,307 [pool-199-thread-1] INFO  server.RaftServerConfigKeys (ConfUtils.java:logGet(43)) - raft.server.log.segment.size.max = 1048576 (custom)
2019-11-14 03:47:13,308 [pool-239-thread-1] INFO  server.RaftServerConfigKeys (ConfUtils.java:logGet(43)) - raft.server.log.force.sync.num = 128 (default)
2019-11-14 03:47:13,308 [pool-219-thread-1] INFO  server.RaftServerConfigKeys (ConfUtils.java:logGet(43)) - raft.server.log.segment.cache.num.max = 2 (custom)
2019-11-14 03:47:13,308 [pool-239-thread-1] INFO  server.RaftServerConfigKeys (ConfUtils.java:logGet(43)) - raft.server.log.statemachine.data.sync = true (default)
2019-11-14 03:47:13,308 [pool-199-thread-1] INFO  server.RaftServerConfigKeys (ConfUtils.java:logGet(43)) - raft.server.log.segment.cache.num.max = 2 (custom)
2019-11-14 03:47:13,309 [pool-239-thread-1] INFO  server.RaftServerConfigKeys (ConfUtils.java:logGet(43)) - raft.server.log.statemachine.data.sync.timeout = 10s (default)
2019-11-14 03:47:13,308 [pool-219-thread-1] INFO  segmented.SegmentedRaftLogWorker (SegmentedRaftLogWorker.java:<init>(173)) - new 6159a4a7-02ae-4457-ad8e-d99f5584798f@group-2199817F3911-SegmentedRaftLogWorker for RaftStorage:Storage Directory /workdir/hadoop-ozone/integration-test/target/test-dir/MiniOzoneClusterImpl-db6fd866-6788-41aa-8e01-4626558b27a7/datanode-7/data/ratis/b0e2046f-fc18-42a3-a893-2199817f3911
2019-11-14 03:47:13,309 [pool-239-thread-1] INFO  server.RaftServerConfigKeys (ConfUtils.java:logGet(43)) - raft.server.log.statemachine.data.sync.timeout.retry = -1 (default)
2019-11-14 03:47:13,309 [pool-199-thread-1] INFO  segmented.SegmentedRaftLogWorker (SegmentedRaftLogWorker.java:<init>(173)) - new 3a789c1e-652a-4343-9c47-49015e6a7e8b@group-2199817F3911-SegmentedRaftLogWorker for RaftStorage:Storage Directory /workdir/hadoop-ozone/integration-test/target/test-dir/MiniOzoneClusterImpl-db6fd866-6788-41aa-8e01-4626558b27a7/datanode-5/data/ratis/b0e2046f-fc18-42a3-a893-2199817f3911
2019-11-14 03:47:13,309 [pool-239-thread-1] INFO  server.RaftServerConfigKeys (ConfUtils.java:logGet(43)) - raft.server.log.statemachine.data.caching.enabled = true (custom)
2019-11-14 03:47:13,309 [pool-219-thread-1] INFO  server.RaftServerConfigKeys (ConfUtils.java:logGet(43)) - raft.server.log.queue.byte-limit = 2147483647 (custom)
2019-11-14 03:47:13,309 [pool-199-thread-1] INFO  server.RaftServerConfigKeys (ConfUtils.java:logGet(43)) - raft.server.log.queue.byte-limit = 2147483647 (custom)
2019-11-14 03:47:13,310 [pool-239-thread-1] INFO  segmented.SegmentedRaftLogWorker (SegmentedRaftLogWorker.java:lambda$new$0(128)) - 7901d021-b70d-41b4-a3ee-3511e4cb511a@group-2199817F3911-SegmentedRaftLogWorker: flushIndex: setUnconditionally 0 -> -1
2019-11-14 03:47:13,310 [pool-219-thread-1] INFO  server.RaftServerConfigKeys (ConfUtils.java:logGet(43)) - raft.server.log.queue.element-limit = 1024 (custom)
2019-11-14 03:47:13,310 [pool-239-thread-1] INFO  server.RaftServerConfigKeys (ConfUtils.java:logGet(43)) - raft.server.snapshot.auto.trigger.enabled = true (custom)
2019-11-14 03:47:13,310 [pool-199-thread-1] INFO  server.RaftServerConfigKeys (ConfUtils.java:logGet(43)) - raft.server.log.queue.element-limit = 1024 (custom)
2019-11-14 03:47:13,310 [pool-239-thread-1] INFO  server.RaftServerConfigKeys (ConfUtils.java:logGet(43)) - raft.server.snapshot.auto.trigger.threshold = 10000 (custom)
2019-11-14 03:47:13,310 [pool-219-thread-1] INFO  server.RaftServerConfigKeys (ConfUtils.java:logGet(43)) - raft.server.log.segment.size.max = 1048576 (custom)
2019-11-14 03:47:13,311 [pool-239-thread-1] INFO  server.RaftServerConfigKeys (ConfUtils.java:logGet(43)) - raft.server.snapshot.retention.file.num = 5 (custom)
2019-11-14 03:47:13,310 [pool-199-thread-1] INFO  server.RaftServerConfigKeys (ConfUtils.java:logGet(43)) - raft.server.log.segment.size.max = 1048576 (custom)
2019-11-14 03:47:13,311 [pool-239-thread-1] INFO  server.RaftServerConfigKeys (ConfUtils.java:logGet(43)) - raft.server.retrycache.expirytime = 600000ms (custom)
2019-11-14 03:47:13,311 [pool-219-thread-1] INFO  server.RaftServerConfigKeys (ConfUtils.java:logGet(43)) - raft.server.log.preallocated.size = 16384 (custom)
2019-11-14 03:47:13,311 [pool-239-thread-1] WARN  impl.MetricRegistriesImpl (MetricRegistriesImpl.java:lambda$create$1(61)) - First MetricRegistry has been created without registering reporters. You may need to call MetricRegistries.global().addReportRegistration(...) before.
2019-11-14 03:47:13,311 [pool-199-thread-1] INFO  server.RaftServerConfigKeys (ConfUtils.java:logGet(43)) - raft.server.log.preallocated.size = 16384 (custom)
2019-11-14 03:47:13,312 [pool-239-thread-1] WARN  impl.MetricRegistriesImpl (MetricRegistriesImpl.java:lambda$create$1(61)) - First MetricRegistry has been created without registering reporters. You may need to call MetricRegistries.global().addReportRegistration(...) before.
2019-11-14 03:47:13,311 [pool-219-thread-1] INFO  server.RaftServerConfigKeys (ConfUtils.java:logGet(43)) - raft.server.log.write.buffer.size = 33554432 (custom)
2019-11-14 03:47:13,312 [pool-239-thread-1] INFO  impl.RaftServerImpl (RaftServerImpl.java:start(184)) - 7901d021-b70d-41b4-a3ee-3511e4cb511a@group-2199817F3911: start as a follower, conf=-1: [7901d021-b70d-41b4-a3ee-3511e4cb511a:192.168.157.206:32814, 6159a4a7-02ae-4457-ad8e-d99f5584798f:192.168.157.206:36722, 3a789c1e-652a-4343-9c47-49015e6a7e8b:192.168.157.206:36955], old=null
2019-11-14 03:47:13,312 [pool-239-thread-1] INFO  impl.RaftServerImpl (RaftServerImpl.java:setRole(173)) - 7901d021-b70d-41b4-a3ee-3511e4cb511a@group-2199817F3911: changes role from      null to FOLLOWER at term 0 for startAsFollower
2019-11-14 03:47:13,312 [pool-199-thread-1] INFO  server.RaftServerConfigKeys (ConfUtils.java:logGet(43)) - raft.server.log.write.buffer.size = 33554432 (custom)
2019-11-14 03:47:13,313 [pool-239-thread-1] INFO  impl.RoleInfo (RoleInfo.java:updateAndGet(143)) - 7901d021-b70d-41b4-a3ee-3511e4cb511a: start FollowerState
2019-11-14 03:47:13,312 [pool-219-thread-1] INFO  server.RaftServerConfigKeys (ConfUtils.java:logGet(43)) - raft.server.log.force.sync.num = 128 (default)
2019-11-14 03:47:13,313 [pool-199-thread-1] INFO  server.RaftServerConfigKeys (ConfUtils.java:logGet(43)) - raft.server.log.force.sync.num = 128 (default)
2019-11-14 03:47:13,313 [pool-239-thread-1] INFO  util.JmxRegister (JmxRegister.java:tryRegister(44)) - Successfully registered JMX Bean with object name Ratis:service=RaftServer,group=group-2199817F3911,id=7901d021-b70d-41b4-a3ee-3511e4cb511a
2019-11-14 03:47:13,313 [pool-219-thread-1] INFO  server.RaftServerConfigKeys (ConfUtils.java:logGet(43)) - raft.server.log.statemachine.data.sync = true (default)
2019-11-14 03:47:13,313 [pool-239-thread-1] WARN  impl.MetricRegistriesImpl (MetricRegistriesImpl.java:lambda$create$1(61)) - First MetricRegistry has been created without registering reporters. You may need to call MetricRegistries.global().addReportRegistration(...) before.
2019-11-14 03:47:13,313 [pool-199-thread-1] INFO  server.RaftServerConfigKeys (ConfUtils.java:logGet(43)) - raft.server.log.statemachine.data.sync = true (default)
2019-11-14 03:47:13,314 [pool-219-thread-1] INFO  server.RaftServerConfigKeys (ConfUtils.java:logGet(43)) - raft.server.log.statemachine.data.sync.timeout = 10s (default)
2019-11-14 03:47:13,314 [pool-199-thread-1] INFO  server.RaftServerConfigKeys (ConfUtils.java:logGet(43)) - raft.server.log.statemachine.data.sync.timeout = 10s (default)
2019-11-14 03:47:13,314 [pool-219-thread-1] INFO  server.RaftServerConfigKeys (ConfUtils.java:logGet(43)) - raft.server.log.statemachine.data.sync.timeout.retry = -1 (default)
2019-11-14 03:47:13,314 [pool-199-thread-1] INFO  server.RaftServerConfigKeys (ConfUtils.java:logGet(43)) - raft.server.log.statemachine.data.sync.timeout.retry = -1 (default)
2019-11-14 03:47:13,315 [pool-219-thread-1] INFO  server.RaftServerConfigKeys (ConfUtils.java:logGet(43)) - raft.server.log.statemachine.data.caching.enabled = true (custom)
2019-11-14 03:47:13,315 [pool-199-thread-1] INFO  server.RaftServerConfigKeys (ConfUtils.java:logGet(43)) - raft.server.log.statemachine.data.caching.enabled = true (custom)
2019-11-14 03:47:13,315 [pool-219-thread-1] INFO  segmented.SegmentedRaftLogWorker (SegmentedRaftLogWorker.java:lambda$new$0(128)) - 6159a4a7-02ae-4457-ad8e-d99f5584798f@group-2199817F3911-SegmentedRaftLogWorker: flushIndex: setUnconditionally 0 -> -1
2019-11-14 03:47:13,315 [pool-199-thread-1] INFO  segmented.SegmentedRaftLogWorker (SegmentedRaftLogWorker.java:lambda$new$0(128)) - 3a789c1e-652a-4343-9c47-49015e6a7e8b@group-2199817F3911-SegmentedRaftLogWorker: flushIndex: setUnconditionally 0 -> -1
2019-11-14 03:47:13,315 [pool-219-thread-1] INFO  server.RaftServerConfigKeys (ConfUtils.java:logGet(43)) - raft.server.snapshot.auto.trigger.enabled = true (custom)
2019-11-14 03:47:13,315 [pool-219-thread-1] INFO  server.RaftServerConfigKeys (ConfUtils.java:logGet(43)) - raft.server.snapshot.auto.trigger.threshold = 10000 (custom)
2019-11-14 03:47:13,315 [pool-199-thread-1] INFO  server.RaftServerConfigKeys (ConfUtils.java:logGet(43)) - raft.server.snapshot.auto.trigger.enabled = true (custom)
2019-11-14 03:47:13,316 [pool-219-thread-1] INFO  server.RaftServerConfigKeys (ConfUtils.java:logGet(43)) - raft.server.snapshot.retention.file.num = 5 (custom)
2019-11-14 03:47:13,316 [pool-199-thread-1] INFO  server.RaftServerConfigKeys (ConfUtils.java:logGet(43)) - raft.server.snapshot.auto.trigger.threshold = 10000 (custom)
2019-11-14 03:47:13,316 [pool-219-thread-1] INFO  server.RaftServerConfigKeys (ConfUtils.java:logGet(43)) - raft.server.retrycache.expirytime = 600000ms (custom)
2019-11-14 03:47:13,316 [pool-199-thread-1] INFO  server.RaftServerConfigKeys (ConfUtils.java:logGet(43)) - raft.server.snapshot.retention.file.num = 5 (custom)
2019-11-14 03:47:13,316 [pool-219-thread-1] WARN  impl.MetricRegistriesImpl (MetricRegistriesImpl.java:lambda$create$1(61)) - First MetricRegistry has been created without registering reporters. You may need to call MetricRegistries.global().addReportRegistration(...) before.
2019-11-14 03:47:13,316 [pool-199-thread-1] INFO  server.RaftServerConfigKeys (ConfUtils.java:logGet(43)) - raft.server.retrycache.expirytime = 600000ms (custom)
2019-11-14 03:47:13,316 [pool-219-thread-1] WARN  impl.MetricRegistriesImpl (MetricRegistriesImpl.java:lambda$create$1(61)) - First MetricRegistry has been created without registering reporters. You may need to call MetricRegistries.global().addReportRegistration(...) before.
2019-11-14 03:47:13,317 [pool-199-thread-1] WARN  impl.MetricRegistriesImpl (MetricRegistriesImpl.java:lambda$create$1(61)) - First MetricRegistry has been created without registering reporters. You may need to call MetricRegistries.global().addReportRegistration(...) before.
2019-11-14 03:47:13,317 [pool-219-thread-1] INFO  impl.RaftServerImpl (RaftServerImpl.java:start(184)) - 6159a4a7-02ae-4457-ad8e-d99f5584798f@group-2199817F3911: start as a follower, conf=-1: [7901d021-b70d-41b4-a3ee-3511e4cb511a:192.168.157.206:32814, 6159a4a7-02ae-4457-ad8e-d99f5584798f:192.168.157.206:36722, 3a789c1e-652a-4343-9c47-49015e6a7e8b:192.168.157.206:36955], old=null
2019-11-14 03:47:13,317 [pool-199-thread-1] WARN  impl.MetricRegistriesImpl (MetricRegistriesImpl.java:lambda$create$1(61)) - First MetricRegistry has been created without registering reporters. You may need to call MetricRegistries.global().addReportRegistration(...) before.
2019-11-14 03:47:13,317 [pool-219-thread-1] INFO  impl.RaftServerImpl (RaftServerImpl.java:setRole(173)) - 6159a4a7-02ae-4457-ad8e-d99f5584798f@group-2199817F3911: changes role from      null to FOLLOWER at term 0 for startAsFollower
2019-11-14 03:47:13,318 [pool-199-thread-1] INFO  impl.RaftServerImpl (RaftServerImpl.java:start(184)) - 3a789c1e-652a-4343-9c47-49015e6a7e8b@group-2199817F3911: start as a follower, conf=-1: [7901d021-b70d-41b4-a3ee-3511e4cb511a:192.168.157.206:32814, 6159a4a7-02ae-4457-ad8e-d99f5584798f:192.168.157.206:36722, 3a789c1e-652a-4343-9c47-49015e6a7e8b:192.168.157.206:36955], old=null
2019-11-14 03:47:13,318 [pool-219-thread-1] INFO  impl.RoleInfo (RoleInfo.java:updateAndGet(143)) - 6159a4a7-02ae-4457-ad8e-d99f5584798f: start FollowerState
2019-11-14 03:47:13,318 [pool-199-thread-1] INFO  impl.RaftServerImpl (RaftServerImpl.java:setRole(173)) - 3a789c1e-652a-4343-9c47-49015e6a7e8b@group-2199817F3911: changes role from      null to FOLLOWER at term 0 for startAsFollower
2019-11-14 03:47:13,318 [pool-199-thread-1] INFO  impl.RoleInfo (RoleInfo.java:updateAndGet(143)) - 3a789c1e-652a-4343-9c47-49015e6a7e8b: start FollowerState
2019-11-14 03:47:13,318 [pool-219-thread-1] INFO  util.JmxRegister (JmxRegister.java:tryRegister(44)) - Successfully registered JMX Bean with object name Ratis:service=RaftServer,group=group-2199817F3911,id=6159a4a7-02ae-4457-ad8e-d99f5584798f
2019-11-14 03:47:13,318 [pool-219-thread-1] WARN  impl.MetricRegistriesImpl (MetricRegistriesImpl.java:lambda$create$1(61)) - First MetricRegistry has been created without registering reporters. You may need to call MetricRegistries.global().addReportRegistration(...) before.
2019-11-14 03:47:13,318 [pool-199-thread-1] INFO  util.JmxRegister (JmxRegister.java:tryRegister(44)) - Successfully registered JMX Bean with object name Ratis:service=RaftServer,group=group-2199817F3911,id=3a789c1e-652a-4343-9c47-49015e6a7e8b
2019-11-14 03:47:13,319 [pool-199-thread-1] WARN  impl.MetricRegistriesImpl (MetricRegistriesImpl.java:lambda$create$1(61)) - First MetricRegistry has been created without registering reporters. You may need to call MetricRegistries.global().addReportRegistration(...) before.
2019-11-14 03:47:13,322 [RatisPipelineUtilsThread] INFO  pipeline.PipelineStateManager (PipelineStateManager.java:addPipeline(55)) - Created pipeline Pipeline[ Id: b0e2046f-fc18-42a3-a893-2199817f3911, Nodes: 7901d021-b70d-41b4-a3ee-3511e4cb511a{ip: 192.168.157.206, host: trunk-nightly-20191114-k5n9k-339518648, networkLocation: /rack1, certSerialId: null}3a789c1e-652a-4343-9c47-49015e6a7e8b{ip: 192.168.157.206, host: trunk-nightly-20191114-k5n9k-339518648, networkLocation: /rack1, certSerialId: null}6159a4a7-02ae-4457-ad8e-d99f5584798f{ip: 192.168.157.206, host: trunk-nightly-20191114-k5n9k-339518648, networkLocation: /rack1, certSerialId: null}, Type:RATIS, Factor:THREE, State:ALLOCATED]
2019-11-14 03:47:13,322 [main] INFO  ozone.MiniOzoneClusterImpl (MiniOzoneClusterImpl.java:lambda$waitForClusterToBeReady$2(163)) - Waiting for 13 number of pipelines out of 13, to report a leader.
2019-11-14 03:47:13,565 [Thread-1415] INFO  impl.FollowerState (FollowerState.java:run(111)) - 6c36bdee-0f85-4acd-86c8-ce53960cf4ab@group-982116CC1A9D-FollowerState: change to CANDIDATE, lastRpcTime:1169ms, electionTimeout:1169ms
2019-11-14 03:47:13,565 [Thread-1415] INFO  impl.RoleInfo (RoleInfo.java:shutdownFollowerState(121)) - 6c36bdee-0f85-4acd-86c8-ce53960cf4ab: shutdown FollowerState
2019-11-14 03:47:13,565 [Thread-1415] INFO  impl.RaftServerImpl (RaftServerImpl.java:setRole(173)) - 6c36bdee-0f85-4acd-86c8-ce53960cf4ab@group-982116CC1A9D: changes role from  FOLLOWER to CANDIDATE at term 0 for changeToCandidate
2019-11-14 03:47:13,565 [Thread-1415] INFO  impl.RoleInfo (RoleInfo.java:updateAndGet(143)) - 6c36bdee-0f85-4acd-86c8-ce53960cf4ab: start LeaderElection
2019-11-14 03:47:13,573 [Thread-1421] INFO  impl.FollowerState (FollowerState.java:run(111)) - d4b369d8-a85d-4b99-b953-37bddccdea6c@group-FB515A8E04DA-FollowerState: change to CANDIDATE, lastRpcTime:1047ms, electionTimeout:1046ms
2019-11-14 03:47:13,573 [Thread-1421] INFO  impl.RoleInfo (RoleInfo.java:shutdownFollowerState(121)) - d4b369d8-a85d-4b99-b953-37bddccdea6c: shutdown FollowerState
2019-11-14 03:47:13,573 [Thread-1421] INFO  impl.RaftServerImpl (RaftServerImpl.java:setRole(173)) - d4b369d8-a85d-4b99-b953-37bddccdea6c@group-FB515A8E04DA: changes role from  FOLLOWER to CANDIDATE at term 0 for changeToCandidate
2019-11-14 03:47:13,573 [Thread-1421] INFO  impl.RoleInfo (RoleInfo.java:updateAndGet(143)) - d4b369d8-a85d-4b99-b953-37bddccdea6c: start LeaderElection
2019-11-14 03:47:13,604 [d4b369d8-a85d-4b99-b953-37bddccdea6c@group-FB515A8E04DA-LeaderElection47] INFO  impl.LeaderElection (LeaderElection.java:askForVotes(178)) - d4b369d8-a85d-4b99-b953-37bddccdea6c@group-FB515A8E04DA-LeaderElection47: begin an election at term 1 for -1: [d4b369d8-a85d-4b99-b953-37bddccdea6c:192.168.157.206:40232], old=null
2019-11-14 03:47:13,604 [6c36bdee-0f85-4acd-86c8-ce53960cf4ab@group-982116CC1A9D-LeaderElection46] INFO  impl.LeaderElection (LeaderElection.java:askForVotes(178)) - 6c36bdee-0f85-4acd-86c8-ce53960cf4ab@group-982116CC1A9D-LeaderElection46: begin an election at term 1 for -1: [6c36bdee-0f85-4acd-86c8-ce53960cf4ab:192.168.157.206:40913], old=null
2019-11-14 03:47:13,605 [d4b369d8-a85d-4b99-b953-37bddccdea6c@group-FB515A8E04DA-LeaderElection47] INFO  impl.RoleInfo (RoleInfo.java:shutdownLeaderElection(134)) - d4b369d8-a85d-4b99-b953-37bddccdea6c: shutdown LeaderElection
2019-11-14 03:47:13,605 [6c36bdee-0f85-4acd-86c8-ce53960cf4ab@group-982116CC1A9D-LeaderElection46] INFO  impl.RoleInfo (RoleInfo.java:shutdownLeaderElection(134)) - 6c36bdee-0f85-4acd-86c8-ce53960cf4ab: shutdown LeaderElection
2019-11-14 03:47:13,605 [d4b369d8-a85d-4b99-b953-37bddccdea6c@group-FB515A8E04DA-LeaderElection47] INFO  impl.RaftServerImpl (RaftServerImpl.java:setRole(173)) - d4b369d8-a85d-4b99-b953-37bddccdea6c@group-FB515A8E04DA: changes role from CANDIDATE to LEADER at term 1 for changeToLeader
2019-11-14 03:47:13,605 [6c36bdee-0f85-4acd-86c8-ce53960cf4ab@group-982116CC1A9D-LeaderElection46] INFO  impl.RaftServerImpl (RaftServerImpl.java:setRole(173)) - 6c36bdee-0f85-4acd-86c8-ce53960cf4ab@group-982116CC1A9D: changes role from CANDIDATE to LEADER at term 1 for changeToLeader
2019-11-14 03:47:13,605 [d4b369d8-a85d-4b99-b953-37bddccdea6c@group-FB515A8E04DA-LeaderElection47] INFO  ratis.XceiverServerRatis (XceiverServerRatis.java:handleLeaderChangedNotification(697)) - Leader change notification received for group: group-FB515A8E04DA with new leaderId: d4b369d8-a85d-4b99-b953-37bddccdea6c
2019-11-14 03:47:13,605 [6c36bdee-0f85-4acd-86c8-ce53960cf4ab@group-982116CC1A9D-LeaderElection46] INFO  ratis.XceiverServerRatis (XceiverServerRatis.java:handleLeaderChangedNotification(697)) - Leader change notification received for group: group-982116CC1A9D with new leaderId: 6c36bdee-0f85-4acd-86c8-ce53960cf4ab
2019-11-14 03:47:13,606 [d4b369d8-a85d-4b99-b953-37bddccdea6c@group-FB515A8E04DA-LeaderElection47] INFO  impl.RaftServerImpl (ServerState.java:setLeader(255)) - d4b369d8-a85d-4b99-b953-37bddccdea6c@group-FB515A8E04DA: change Leader from null to d4b369d8-a85d-4b99-b953-37bddccdea6c at term 1 for becomeLeader, leader elected after 1084ms
2019-11-14 03:47:13,606 [6c36bdee-0f85-4acd-86c8-ce53960cf4ab@group-982116CC1A9D-LeaderElection46] INFO  impl.RaftServerImpl (ServerState.java:setLeader(255)) - 6c36bdee-0f85-4acd-86c8-ce53960cf4ab@group-982116CC1A9D: change Leader from null to 6c36bdee-0f85-4acd-86c8-ce53960cf4ab at term 1 for becomeLeader, leader elected after 1215ms
2019-11-14 03:47:13,606 [d4b369d8-a85d-4b99-b953-37bddccdea6c@group-FB515A8E04DA-LeaderElection47] INFO  server.RaftServerConfigKeys (ConfUtils.java:logGet(43)) - raft.server.staging.catchup.gap = 1000 (default)
2019-11-14 03:47:13,606 [6c36bdee-0f85-4acd-86c8-ce53960cf4ab@group-982116CC1A9D-LeaderElection46] INFO  server.RaftServerConfigKeys (ConfUtils.java:logGet(43)) - raft.server.staging.catchup.gap = 1000 (default)
2019-11-14 03:47:13,608 [6c36bdee-0f85-4acd-86c8-ce53960cf4ab@group-982116CC1A9D-LeaderElection46] INFO  server.RaftServerConfigKeys (ConfUtils.java:logGet(43)) - raft.server.rpc.sleep.time = 25ms (default)
2019-11-14 03:47:13,606 [d4b369d8-a85d-4b99-b953-37bddccdea6c@group-FB515A8E04DA-LeaderElection47] INFO  server.RaftServerConfigKeys (ConfUtils.java:logGet(43)) - raft.server.rpc.sleep.time = 25ms (default)
2019-11-14 03:47:13,609 [6c36bdee-0f85-4acd-86c8-ce53960cf4ab@group-982116CC1A9D-LeaderElection46] INFO  server.RaftServerConfigKeys (ConfUtils.java:logGet(43)) - raft.server.write.element-limit = 4096 (default)
2019-11-14 03:47:13,609 [d4b369d8-a85d-4b99-b953-37bddccdea6c@group-FB515A8E04DA-LeaderElection47] INFO  server.RaftServerConfigKeys (ConfUtils.java:logGet(43)) - raft.server.write.element-limit = 4096 (default)
2019-11-14 03:47:13,609 [6c36bdee-0f85-4acd-86c8-ce53960cf4ab@group-982116CC1A9D-LeaderElection46] INFO  server.RaftServerConfigKeys (ConfUtils.java:logGet(43)) - raft.server.watch.timeout = 10s (default)
2019-11-14 03:47:13,609 [d4b369d8-a85d-4b99-b953-37bddccdea6c@group-FB515A8E04DA-LeaderElection47] INFO  server.RaftServerConfigKeys (ConfUtils.java:logGet(43)) - raft.server.watch.timeout = 10s (default)
2019-11-14 03:47:13,609 [6c36bdee-0f85-4acd-86c8-ce53960cf4ab@group-982116CC1A9D-LeaderElection46] INFO  server.RaftServerConfigKeys (ConfUtils.java:logGet(43)) - raft.server.watch.timeout.denomination = 1s (default)
2019-11-14 03:47:13,609 [d4b369d8-a85d-4b99-b953-37bddccdea6c@group-FB515A8E04DA-LeaderElection47] INFO  server.RaftServerConfigKeys (ConfUtils.java:logGet(43)) - raft.server.watch.timeout.denomination = 1s (default)
2019-11-14 03:47:13,609 [6c36bdee-0f85-4acd-86c8-ce53960cf4ab@group-982116CC1A9D-LeaderElection46] INFO  server.RaftServerConfigKeys (ConfUtils.java:logGet(43)) - raft.server.watch.element-limit = 65536 (default)
2019-11-14 03:47:13,610 [d4b369d8-a85d-4b99-b953-37bddccdea6c@group-FB515A8E04DA-LeaderElection47] INFO  server.RaftServerConfigKeys (ConfUtils.java:logGet(43)) - raft.server.watch.element-limit = 65536 (default)
2019-11-14 03:47:13,610 [EventQueue-PipelineReportForPipelineReportHandler] INFO  pipeline.PipelineStateManager (PipelineStateManager.java:openPipeline(134)) - Pipeline Pipeline[ Id: 0eb02250-e861-4ec3-9831-fb515a8e04da, Nodes: d4b369d8-a85d-4b99-b953-37bddccdea6c{ip: 192.168.157.206, host: trunk-nightly-20191114-k5n9k-339518648, networkLocation: /rack1, certSerialId: null}, Type:RATIS, Factor:ONE, State:OPEN] moved to OPEN state
2019-11-14 03:47:13,610 [6c36bdee-0f85-4acd-86c8-ce53960cf4ab@group-982116CC1A9D-LeaderElection46] INFO  impl.RoleInfo (RoleInfo.java:updateAndGet(143)) - 6c36bdee-0f85-4acd-86c8-ce53960cf4ab: start LeaderState
2019-11-14 03:47:13,610 [EventQueue-PipelineReportForPipelineReportHandler] INFO  pipeline.PipelineStateManager (PipelineStateManager.java:openPipeline(134)) - Pipeline Pipeline[ Id: cacf8762-4eb9-4d63-8426-982116cc1a9d, Nodes: 6c36bdee-0f85-4acd-86c8-ce53960cf4ab{ip: 192.168.157.206, host: trunk-nightly-20191114-k5n9k-339518648, networkLocation: /rack1, certSerialId: null}, Type:RATIS, Factor:ONE, State:OPEN] moved to OPEN state
2019-11-14 03:47:13,610 [d4b369d8-a85d-4b99-b953-37bddccdea6c@group-FB515A8E04DA-LeaderElection47] INFO  impl.RoleInfo (RoleInfo.java:updateAndGet(143)) - d4b369d8-a85d-4b99-b953-37bddccdea6c: start LeaderState
2019-11-14 03:47:13,610 [d4b369d8-a85d-4b99-b953-37bddccdea6c@group-FB515A8E04DA-LeaderElection47] INFO  segmented.SegmentedRaftLogWorker (SegmentedRaftLogWorker.java:startLogSegment(385)) - d4b369d8-a85d-4b99-b953-37bddccdea6c@group-FB515A8E04DA-SegmentedRaftLogWorker: Starting segment from index:0
2019-11-14 03:47:13,610 [6c36bdee-0f85-4acd-86c8-ce53960cf4ab@group-982116CC1A9D-LeaderElection46] INFO  segmented.SegmentedRaftLogWorker (SegmentedRaftLogWorker.java:startLogSegment(385)) - 6c36bdee-0f85-4acd-86c8-ce53960cf4ab@group-982116CC1A9D-SegmentedRaftLogWorker: Starting segment from index:0
2019-11-14 03:47:13,611 [d4b369d8-a85d-4b99-b953-37bddccdea6c@group-FB515A8E04DA-LeaderElection47] INFO  impl.RaftServerImpl (ServerState.java:setRaftConf(356)) - d4b369d8-a85d-4b99-b953-37bddccdea6c@group-FB515A8E04DA: set configuration 0: [d4b369d8-a85d-4b99-b953-37bddccdea6c:192.168.157.206:40232], old=null at 0
2019-11-14 03:47:13,611 [6c36bdee-0f85-4acd-86c8-ce53960cf4ab@group-982116CC1A9D-LeaderElection46] INFO  impl.RaftServerImpl (ServerState.java:setRaftConf(356)) - 6c36bdee-0f85-4acd-86c8-ce53960cf4ab@group-982116CC1A9D: set configuration 0: [6c36bdee-0f85-4acd-86c8-ce53960cf4ab:192.168.157.206:40913], old=null at 0
2019-11-14 03:47:13,623 [Thread-1418] INFO  impl.FollowerState (FollowerState.java:run(111)) - 78429c2b-19b5-43a0-84bb-c976fd750a70@group-8C7334814B3B-FollowerState: change to CANDIDATE, lastRpcTime:1181ms, electionTimeout:1181ms
2019-11-14 03:47:13,623 [Thread-1418] INFO  impl.RoleInfo (RoleInfo.java:shutdownFollowerState(121)) - 78429c2b-19b5-43a0-84bb-c976fd750a70: shutdown FollowerState
2019-11-14 03:47:13,623 [Thread-1418] INFO  impl.RaftServerImpl (RaftServerImpl.java:setRole(173)) - 78429c2b-19b5-43a0-84bb-c976fd750a70@group-8C7334814B3B: changes role from  FOLLOWER to CANDIDATE at term 0 for changeToCandidate
2019-11-14 03:47:13,623 [Thread-1418] INFO  impl.RoleInfo (RoleInfo.java:updateAndGet(143)) - 78429c2b-19b5-43a0-84bb-c976fd750a70: start LeaderElection
2019-11-14 03:47:13,674 [Thread-1429] INFO  impl.FollowerState (FollowerState.java:run(111)) - d4b369d8-a85d-4b99-b953-37bddccdea6c@group-4767E57A5C9A-FollowerState: change to CANDIDATE, lastRpcTime:1075ms, electionTimeout:1075ms
2019-11-14 03:47:13,674 [Thread-1429] INFO  impl.RoleInfo (RoleInfo.java:shutdownFollowerState(121)) - d4b369d8-a85d-4b99-b953-37bddccdea6c: shutdown FollowerState
2019-11-14 03:47:13,674 [Thread-1429] INFO  impl.RaftServerImpl (RaftServerImpl.java:setRole(173)) - d4b369d8-a85d-4b99-b953-37bddccdea6c@group-4767E57A5C9A: changes role from  FOLLOWER to CANDIDATE at term 0 for changeToCandidate
2019-11-14 03:47:13,675 [Thread-1429] INFO  impl.RoleInfo (RoleInfo.java:updateAndGet(143)) - d4b369d8-a85d-4b99-b953-37bddccdea6c: start LeaderElection
2019-11-14 03:47:13,682 [d4b369d8-a85d-4b99-b953-37bddccdea6c@group-FB515A8E04DA-SegmentedRaftLogWorker] INFO  segmented.SegmentedRaftLogWorker (SegmentedRaftLogWorker.java:execute(576)) - d4b369d8-a85d-4b99-b953-37bddccdea6c@group-FB515A8E04DA-SegmentedRaftLogWorker: created new log segment /workdir/hadoop-ozone/integration-test/target/test-dir/MiniOzoneClusterImpl-db6fd866-6788-41aa-8e01-4626558b27a7/datanode-2/data/ratis/0eb02250-e861-4ec3-9831-fb515a8e04da/current/log_inprogress_0
2019-11-14 03:47:13,682 [6c36bdee-0f85-4acd-86c8-ce53960cf4ab@group-982116CC1A9D-SegmentedRaftLogWorker] INFO  segmented.SegmentedRaftLogWorker (SegmentedRaftLogWorker.java:execute(576)) - 6c36bdee-0f85-4acd-86c8-ce53960cf4ab@group-982116CC1A9D-SegmentedRaftLogWorker: created new log segment /workdir/hadoop-ozone/integration-test/target/test-dir/MiniOzoneClusterImpl-db6fd866-6788-41aa-8e01-4626558b27a7/datanode-0/data/ratis/cacf8762-4eb9-4d63-8426-982116cc1a9d/current/log_inprogress_0
2019-11-14 03:47:13,682 [78429c2b-19b5-43a0-84bb-c976fd750a70@group-8C7334814B3B-LeaderElection48] INFO  impl.LeaderElection (LeaderElection.java:askForVotes(178)) - 78429c2b-19b5-43a0-84bb-c976fd750a70@group-8C7334814B3B-LeaderElection48: begin an election at term 1 for -1: [78429c2b-19b5-43a0-84bb-c976fd750a70:192.168.157.206:33494], old=null
2019-11-14 03:47:13,682 [78429c2b-19b5-43a0-84bb-c976fd750a70@group-8C7334814B3B-LeaderElection48] INFO  impl.RoleInfo (RoleInfo.java:shutdownLeaderElection(134)) - 78429c2b-19b5-43a0-84bb-c976fd750a70: shutdown LeaderElection
2019-11-14 03:47:13,682 [78429c2b-19b5-43a0-84bb-c976fd750a70@group-8C7334814B3B-LeaderElection48] INFO  impl.RaftServerImpl (RaftServerImpl.java:setRole(173)) - 78429c2b-19b5-43a0-84bb-c976fd750a70@group-8C7334814B3B: changes role from CANDIDATE to LEADER at term 1 for changeToLeader
2019-11-14 03:47:13,682 [78429c2b-19b5-43a0-84bb-c976fd750a70@group-8C7334814B3B-LeaderElection48] INFO  ratis.XceiverServerRatis (XceiverServerRatis.java:handleLeaderChangedNotification(697)) - Leader change notification received for group: group-8C7334814B3B with new leaderId: 78429c2b-19b5-43a0-84bb-c976fd750a70
2019-11-14 03:47:13,683 [78429c2b-19b5-43a0-84bb-c976fd750a70@group-8C7334814B3B-LeaderElection48] INFO  impl.RaftServerImpl (ServerState.java:setLeader(255)) - 78429c2b-19b5-43a0-84bb-c976fd750a70@group-8C7334814B3B: change Leader from null to 78429c2b-19b5-43a0-84bb-c976fd750a70 at term 1 for becomeLeader, leader elected after 1244ms
2019-11-14 03:47:13,683 [78429c2b-19b5-43a0-84bb-c976fd750a70@group-8C7334814B3B-LeaderElection48] INFO  server.RaftServerConfigKeys (ConfUtils.java:logGet(43)) - raft.server.staging.catchup.gap = 1000 (default)
2019-11-14 03:47:13,685 [78429c2b-19b5-43a0-84bb-c976fd750a70@group-8C7334814B3B-LeaderElection48] INFO  server.RaftServerConfigKeys (ConfUtils.java:logGet(43)) - raft.server.rpc.sleep.time = 25ms (default)
2019-11-14 03:47:13,685 [78429c2b-19b5-43a0-84bb-c976fd750a70@group-8C7334814B3B-LeaderElection48] INFO  server.RaftServerConfigKeys (ConfUtils.java:logGet(43)) - raft.server.write.element-limit = 4096 (default)
2019-11-14 03:47:13,686 [78429c2b-19b5-43a0-84bb-c976fd750a70@group-8C7334814B3B-LeaderElection48] INFO  server.RaftServerConfigKeys (ConfUtils.java:logGet(43)) - raft.server.watch.timeout = 10s (default)
2019-11-14 03:47:13,686 [78429c2b-19b5-43a0-84bb-c976fd750a70@group-8C7334814B3B-LeaderElection48] INFO  server.RaftServerConfigKeys (ConfUtils.java:logGet(43)) - raft.server.watch.timeout.denomination = 1s (default)
2019-11-14 03:47:13,686 [78429c2b-19b5-43a0-84bb-c976fd750a70@group-8C7334814B3B-LeaderElection48] INFO  server.RaftServerConfigKeys (ConfUtils.java:logGet(43)) - raft.server.watch.element-limit = 65536 (default)
2019-11-14 03:47:13,686 [EventQueue-PipelineReportForPipelineReportHandler] INFO  pipeline.PipelineStateManager (PipelineStateManager.java:openPipeline(134)) - Pipeline Pipeline[ Id: c2abd12d-7274-4742-90f9-8c7334814b3b, Nodes: 78429c2b-19b5-43a0-84bb-c976fd750a70{ip: 192.168.157.206, host: trunk-nightly-20191114-k5n9k-339518648, networkLocation: /rack1, certSerialId: null}, Type:RATIS, Factor:ONE, State:OPEN] moved to OPEN state
2019-11-14 03:47:13,686 [78429c2b-19b5-43a0-84bb-c976fd750a70@group-8C7334814B3B-LeaderElection48] INFO  impl.RoleInfo (RoleInfo.java:updateAndGet(143)) - 78429c2b-19b5-43a0-84bb-c976fd750a70: start LeaderState
2019-11-14 03:47:13,687 [78429c2b-19b5-43a0-84bb-c976fd750a70@group-8C7334814B3B-LeaderElection48] INFO  segmented.SegmentedRaftLogWorker (SegmentedRaftLogWorker.java:startLogSegment(385)) - 78429c2b-19b5-43a0-84bb-c976fd750a70@group-8C7334814B3B-SegmentedRaftLogWorker: Starting segment from index:0
2019-11-14 03:47:13,687 [78429c2b-19b5-43a0-84bb-c976fd750a70@group-8C7334814B3B-LeaderElection48] INFO  impl.RaftServerImpl (ServerState.java:setRaftConf(356)) - 78429c2b-19b5-43a0-84bb-c976fd750a70@group-8C7334814B3B: set configuration 0: [78429c2b-19b5-43a0-84bb-c976fd750a70:192.168.157.206:33494], old=null at 0
2019-11-14 03:47:13,703 [Thread-1428] INFO  impl.FollowerState (FollowerState.java:run(111)) - 6c36bdee-0f85-4acd-86c8-ce53960cf4ab@group-4767E57A5C9A-FollowerState: change to CANDIDATE, lastRpcTime:1104ms, electionTimeout:1104ms
2019-11-14 03:47:13,703 [Thread-1428] INFO  impl.RoleInfo (RoleInfo.java:shutdownFollowerState(121)) - 6c36bdee-0f85-4acd-86c8-ce53960cf4ab: shutdown FollowerState
2019-11-14 03:47:13,703 [Thread-1428] INFO  impl.RaftServerImpl (RaftServerImpl.java:setRole(173)) - 6c36bdee-0f85-4acd-86c8-ce53960cf4ab@group-4767E57A5C9A: changes role from  FOLLOWER to CANDIDATE at term 0 for changeToCandidate
2019-11-14 03:47:13,703 [Thread-1428] INFO  impl.RoleInfo (RoleInfo.java:updateAndGet(143)) - 6c36bdee-0f85-4acd-86c8-ce53960cf4ab: start LeaderElection
2019-11-14 03:47:13,738 [Thread-1424] INFO  impl.FollowerState (FollowerState.java:run(111)) - 78429c2b-19b5-43a0-84bb-c976fd750a70@group-4767E57A5C9A-FollowerState: change to CANDIDATE, lastRpcTime:1144ms, electionTimeout:1112ms
2019-11-14 03:47:13,738 [Thread-1424] INFO  impl.RoleInfo (RoleInfo.java:shutdownFollowerState(121)) - 78429c2b-19b5-43a0-84bb-c976fd750a70: shutdown FollowerState
2019-11-14 03:47:13,738 [Thread-1424] INFO  impl.RaftServerImpl (RaftServerImpl.java:setRole(173)) - 78429c2b-19b5-43a0-84bb-c976fd750a70@group-4767E57A5C9A: changes role from  FOLLOWER to CANDIDATE at term 0 for changeToCandidate
2019-11-14 03:47:13,741 [d4b369d8-a85d-4b99-b953-37bddccdea6c@group-4767E57A5C9A-LeaderElection49] INFO  impl.LeaderElection (LeaderElection.java:askForVotes(178)) - d4b369d8-a85d-4b99-b953-37bddccdea6c@group-4767E57A5C9A-LeaderElection49: begin an election at term 1 for -1: [6c36bdee-0f85-4acd-86c8-ce53960cf4ab:192.168.157.206:40913, 78429c2b-19b5-43a0-84bb-c976fd750a70:192.168.157.206:33494, d4b369d8-a85d-4b99-b953-37bddccdea6c:192.168.157.206:40232], old=null
2019-11-14 03:47:13,743 [Thread-1424] INFO  impl.RoleInfo (RoleInfo.java:updateAndGet(143)) - 78429c2b-19b5-43a0-84bb-c976fd750a70: start LeaderElection
2019-11-14 03:47:13,764 [78429c2b-19b5-43a0-84bb-c976fd750a70@group-8C7334814B3B-SegmentedRaftLogWorker] INFO  segmented.SegmentedRaftLogWorker (SegmentedRaftLogWorker.java:execute(576)) - 78429c2b-19b5-43a0-84bb-c976fd750a70@group-8C7334814B3B-SegmentedRaftLogWorker: created new log segment /workdir/hadoop-ozone/integration-test/target/test-dir/MiniOzoneClusterImpl-db6fd866-6788-41aa-8e01-4626558b27a7/datanode-1/data/ratis/c2abd12d-7274-4742-90f9-8c7334814b3b/current/log_inprogress_0
2019-11-14 03:47:13,764 [78429c2b-19b5-43a0-84bb-c976fd750a70@group-4767E57A5C9A-LeaderElection51] INFO  impl.LeaderElection (LeaderElection.java:askForVotes(178)) - 78429c2b-19b5-43a0-84bb-c976fd750a70@group-4767E57A5C9A-LeaderElection51: begin an election at term 1 for -1: [6c36bdee-0f85-4acd-86c8-ce53960cf4ab:192.168.157.206:40913, 78429c2b-19b5-43a0-84bb-c976fd750a70:192.168.157.206:33494, d4b369d8-a85d-4b99-b953-37bddccdea6c:192.168.157.206:40232], old=null
2019-11-14 03:47:13,764 [6c36bdee-0f85-4acd-86c8-ce53960cf4ab@group-4767E57A5C9A-LeaderElection50] INFO  impl.LeaderElection (LeaderElection.java:askForVotes(178)) - 6c36bdee-0f85-4acd-86c8-ce53960cf4ab@group-4767E57A5C9A-LeaderElection50: begin an election at term 1 for -1: [6c36bdee-0f85-4acd-86c8-ce53960cf4ab:192.168.157.206:40913, 78429c2b-19b5-43a0-84bb-c976fd750a70:192.168.157.206:33494, d4b369d8-a85d-4b99-b953-37bddccdea6c:192.168.157.206:40232], old=null
2019-11-14 03:47:13,766 [d4b369d8-a85d-4b99-b953-37bddccdea6c@group-4767E57A5C9A-LeaderElection49] INFO  impl.LeaderElection (LeaderElection.java:logAndReturn(56)) - d4b369d8-a85d-4b99-b953-37bddccdea6c@group-4767E57A5C9A-LeaderElection49: Election REJECTED; received 2 response(s) [d4b369d8-a85d-4b99-b953-37bddccdea6c<-6c36bdee-0f85-4acd-86c8-ce53960cf4ab#0:FAIL-t1, d4b369d8-a85d-4b99-b953-37bddccdea6c<-78429c2b-19b5-43a0-84bb-c976fd750a70#0:FAIL-t1] and 0 exception(s); d4b369d8-a85d-4b99-b953-37bddccdea6c@group-4767E57A5C9A:t1, leader=null, voted=d4b369d8-a85d-4b99-b953-37bddccdea6c, raftlog=d4b369d8-a85d-4b99-b953-37bddccdea6c@group-4767E57A5C9A-SegmentedRaftLog:OPENED:c-1,f-1,i0, conf=-1: [6c36bdee-0f85-4acd-86c8-ce53960cf4ab:192.168.157.206:40913, 78429c2b-19b5-43a0-84bb-c976fd750a70:192.168.157.206:33494, d4b369d8-a85d-4b99-b953-37bddccdea6c:192.168.157.206:40232], old=null
2019-11-14 03:47:13,766 [d4b369d8-a85d-4b99-b953-37bddccdea6c@group-4767E57A5C9A-LeaderElection49] INFO  impl.RaftServerImpl (RaftServerImpl.java:setRole(173)) - d4b369d8-a85d-4b99-b953-37bddccdea6c@group-4767E57A5C9A: changes role from CANDIDATE to FOLLOWER at term 1 for DISCOVERED_A_NEW_TERM
2019-11-14 03:47:13,767 [d4b369d8-a85d-4b99-b953-37bddccdea6c@group-4767E57A5C9A-LeaderElection49] INFO  impl.RoleInfo (RoleInfo.java:shutdownLeaderElection(134)) - d4b369d8-a85d-4b99-b953-37bddccdea6c: shutdown LeaderElection
2019-11-14 03:47:13,767 [d4b369d8-a85d-4b99-b953-37bddccdea6c@group-4767E57A5C9A-LeaderElection49] INFO  impl.RoleInfo (RoleInfo.java:updateAndGet(143)) - d4b369d8-a85d-4b99-b953-37bddccdea6c: start FollowerState
2019-11-14 03:47:13,774 [78429c2b-19b5-43a0-84bb-c976fd750a70@group-4767E57A5C9A-LeaderElection51] INFO  impl.LeaderElection (LeaderElection.java:logAndReturn(56)) - 78429c2b-19b5-43a0-84bb-c976fd750a70@group-4767E57A5C9A-LeaderElection51: Election REJECTED; received 2 response(s) [78429c2b-19b5-43a0-84bb-c976fd750a70<-6c36bdee-0f85-4acd-86c8-ce53960cf4ab#0:FAIL-t1, 78429c2b-19b5-43a0-84bb-c976fd750a70<-d4b369d8-a85d-4b99-b953-37bddccdea6c#0:FAIL-t1] and 0 exception(s); 78429c2b-19b5-43a0-84bb-c976fd750a70@group-4767E57A5C9A:t1, leader=null, voted=78429c2b-19b5-43a0-84bb-c976fd750a70, raftlog=78429c2b-19b5-43a0-84bb-c976fd750a70@group-4767E57A5C9A-SegmentedRaftLog:OPENED:c-1,f-1,i0, conf=-1: [6c36bdee-0f85-4acd-86c8-ce53960cf4ab:192.168.157.206:40913, 78429c2b-19b5-43a0-84bb-c976fd750a70:192.168.157.206:33494, d4b369d8-a85d-4b99-b953-37bddccdea6c:192.168.157.206:40232], old=null
2019-11-14 03:47:13,775 [78429c2b-19b5-43a0-84bb-c976fd750a70@group-4767E57A5C9A-LeaderElection51] INFO  impl.RaftServerImpl (RaftServerImpl.java:setRole(173)) - 78429c2b-19b5-43a0-84bb-c976fd750a70@group-4767E57A5C9A: changes role from CANDIDATE to FOLLOWER at term 1 for DISCOVERED_A_NEW_TERM
2019-11-14 03:47:13,775 [78429c2b-19b5-43a0-84bb-c976fd750a70@group-4767E57A5C9A-LeaderElection51] INFO  impl.RoleInfo (RoleInfo.java:shutdownLeaderElection(134)) - 78429c2b-19b5-43a0-84bb-c976fd750a70: shutdown LeaderElection
2019-11-14 03:47:13,775 [6c36bdee-0f85-4acd-86c8-ce53960cf4ab@group-4767E57A5C9A-LeaderElection50] INFO  impl.LeaderElection (LeaderElection.java:logAndReturn(56)) - 6c36bdee-0f85-4acd-86c8-ce53960cf4ab@group-4767E57A5C9A-LeaderElection50: Election REJECTED; received 2 response(s) [6c36bdee-0f85-4acd-86c8-ce53960cf4ab<-78429c2b-19b5-43a0-84bb-c976fd750a70#0:FAIL-t1, 6c36bdee-0f85-4acd-86c8-ce53960cf4ab<-d4b369d8-a85d-4b99-b953-37bddccdea6c#0:FAIL-t1] and 0 exception(s); 6c36bdee-0f85-4acd-86c8-ce53960cf4ab@group-4767E57A5C9A:t1, leader=null, voted=6c36bdee-0f85-4acd-86c8-ce53960cf4ab, raftlog=6c36bdee-0f85-4acd-86c8-ce53960cf4ab@group-4767E57A5C9A-SegmentedRaftLog:OPENED:c-1,f-1,i0, conf=-1: [6c36bdee-0f85-4acd-86c8-ce53960cf4ab:192.168.157.206:40913, 78429c2b-19b5-43a0-84bb-c976fd750a70:192.168.157.206:33494, d4b369d8-a85d-4b99-b953-37bddccdea6c:192.168.157.206:40232], old=null
2019-11-14 03:47:13,775 [78429c2b-19b5-43a0-84bb-c976fd750a70@group-4767E57A5C9A-LeaderElection51] INFO  impl.RoleInfo (RoleInfo.java:updateAndGet(143)) - 78429c2b-19b5-43a0-84bb-c976fd750a70: start FollowerState
2019-11-14 03:47:13,775 [6c36bdee-0f85-4acd-86c8-ce53960cf4ab@group-4767E57A5C9A-LeaderElection50] INFO  impl.RaftServerImpl (RaftServerImpl.java:setRole(173)) - 6c36bdee-0f85-4acd-86c8-ce53960cf4ab@group-4767E57A5C9A: changes role from CANDIDATE to FOLLOWER at term 1 for DISCOVERED_A_NEW_TERM
2019-11-14 03:47:13,776 [6c36bdee-0f85-4acd-86c8-ce53960cf4ab@group-4767E57A5C9A-LeaderElection50] INFO  impl.RoleInfo (RoleInfo.java:shutdownLeaderElection(134)) - 6c36bdee-0f85-4acd-86c8-ce53960cf4ab: shutdown LeaderElection
2019-11-14 03:47:13,776 [6c36bdee-0f85-4acd-86c8-ce53960cf4ab@group-4767E57A5C9A-LeaderElection50] INFO  impl.RoleInfo (RoleInfo.java:updateAndGet(143)) - 6c36bdee-0f85-4acd-86c8-ce53960cf4ab: start FollowerState
2019-11-14 03:47:13,844 [Thread-1433] INFO  impl.FollowerState (FollowerState.java:run(111)) - d8a9c999-7748-4aa6-a9a9-ef73d9884e3c@group-E7518B0472BF-FollowerState: change to CANDIDATE, lastRpcTime:1134ms, electionTimeout:1134ms
2019-11-14 03:47:13,844 [Thread-1433] INFO  impl.RoleInfo (RoleInfo.java:shutdownFollowerState(121)) - d8a9c999-7748-4aa6-a9a9-ef73d9884e3c: shutdown FollowerState
2019-11-14 03:47:13,844 [Thread-1433] INFO  impl.RaftServerImpl (RaftServerImpl.java:setRole(173)) - d8a9c999-7748-4aa6-a9a9-ef73d9884e3c@group-E7518B0472BF: changes role from  FOLLOWER to CANDIDATE at term 0 for changeToCandidate
2019-11-14 03:47:13,845 [Thread-1433] INFO  impl.RoleInfo (RoleInfo.java:updateAndGet(143)) - d8a9c999-7748-4aa6-a9a9-ef73d9884e3c: start LeaderElection
2019-11-14 03:47:13,875 [d8a9c999-7748-4aa6-a9a9-ef73d9884e3c@group-E7518B0472BF-LeaderElection52] INFO  impl.LeaderElection (LeaderElection.java:askForVotes(178)) - d8a9c999-7748-4aa6-a9a9-ef73d9884e3c@group-E7518B0472BF-LeaderElection52: begin an election at term 1 for -1: [d8a9c999-7748-4aa6-a9a9-ef73d9884e3c:192.168.157.206:34054], old=null
2019-11-14 03:47:13,875 [d8a9c999-7748-4aa6-a9a9-ef73d9884e3c@group-E7518B0472BF-LeaderElection52] INFO  impl.RoleInfo (RoleInfo.java:shutdownLeaderElection(134)) - d8a9c999-7748-4aa6-a9a9-ef73d9884e3c: shutdown LeaderElection
2019-11-14 03:47:13,875 [d8a9c999-7748-4aa6-a9a9-ef73d9884e3c@group-E7518B0472BF-LeaderElection52] INFO  impl.RaftServerImpl (RaftServerImpl.java:setRole(173)) - d8a9c999-7748-4aa6-a9a9-ef73d9884e3c@group-E7518B0472BF: changes role from CANDIDATE to LEADER at term 1 for changeToLeader
2019-11-14 03:47:13,875 [d8a9c999-7748-4aa6-a9a9-ef73d9884e3c@group-E7518B0472BF-LeaderElection52] INFO  ratis.XceiverServerRatis (XceiverServerRatis.java:handleLeaderChangedNotification(697)) - Leader change notification received for group: group-E7518B0472BF with new leaderId: d8a9c999-7748-4aa6-a9a9-ef73d9884e3c
2019-11-14 03:47:13,876 [d8a9c999-7748-4aa6-a9a9-ef73d9884e3c@group-E7518B0472BF-LeaderElection52] INFO  impl.RaftServerImpl (ServerState.java:setLeader(255)) - d8a9c999-7748-4aa6-a9a9-ef73d9884e3c@group-E7518B0472BF: change Leader from null to d8a9c999-7748-4aa6-a9a9-ef73d9884e3c at term 1 for becomeLeader, leader elected after 1170ms
2019-11-14 03:47:13,876 [d8a9c999-7748-4aa6-a9a9-ef73d9884e3c@group-E7518B0472BF-LeaderElection52] INFO  server.RaftServerConfigKeys (ConfUtils.java:logGet(43)) - raft.server.staging.catchup.gap = 1000 (default)
2019-11-14 03:47:13,878 [Thread-1439] INFO  impl.FollowerState (FollowerState.java:run(111)) - 3a789c1e-652a-4343-9c47-49015e6a7e8b@group-D7BBB6886AC4-FollowerState: change to CANDIDATE, lastRpcTime:1033ms, electionTimeout:1031ms
2019-11-14 03:47:13,878 [d8a9c999-7748-4aa6-a9a9-ef73d9884e3c@group-E7518B0472BF-LeaderElection52] INFO  server.RaftServerConfigKeys (ConfUtils.java:logGet(43)) - raft.server.rpc.sleep.time = 25ms (default)
2019-11-14 03:47:13,879 [Thread-1439] INFO  impl.RoleInfo (RoleInfo.java:shutdownFollowerState(121)) - 3a789c1e-652a-4343-9c47-49015e6a7e8b: shutdown FollowerState
2019-11-14 03:47:13,879 [d8a9c999-7748-4aa6-a9a9-ef73d9884e3c@group-E7518B0472BF-LeaderElection52] INFO  server.RaftServerConfigKeys (ConfUtils.java:logGet(43)) - raft.server.write.element-limit = 4096 (default)
2019-11-14 03:47:13,879 [Thread-1439] INFO  impl.RaftServerImpl (RaftServerImpl.java:setRole(173)) - 3a789c1e-652a-4343-9c47-49015e6a7e8b@group-D7BBB6886AC4: changes role from  FOLLOWER to CANDIDATE at term 0 for changeToCandidate
2019-11-14 03:47:13,879 [d8a9c999-7748-4aa6-a9a9-ef73d9884e3c@group-E7518B0472BF-LeaderElection52] INFO  server.RaftServerConfigKeys (ConfUtils.java:logGet(43)) - raft.server.watch.timeout = 10s (default)
2019-11-14 03:47:13,879 [Thread-1439] INFO  impl.RoleInfo (RoleInfo.java:updateAndGet(143)) - 3a789c1e-652a-4343-9c47-49015e6a7e8b: start LeaderElection
2019-11-14 03:47:13,880 [EventQueue-PipelineReportForPipelineReportHandler] INFO  pipeline.PipelineStateManager (PipelineStateManager.java:openPipeline(134)) - Pipeline Pipeline[ Id: dc0450da-7ac2-4dfc-a80b-e7518b0472bf, Nodes: d8a9c999-7748-4aa6-a9a9-ef73d9884e3c{ip: 192.168.157.206, host: trunk-nightly-20191114-k5n9k-339518648, networkLocation: /rack1, certSerialId: null}, Type:RATIS, Factor:ONE, State:OPEN] moved to OPEN state
2019-11-14 03:47:13,879 [d8a9c999-7748-4aa6-a9a9-ef73d9884e3c@group-E7518B0472BF-LeaderElection52] INFO  server.RaftServerConfigKeys (ConfUtils.java:logGet(43)) - raft.server.watch.timeout.denomination = 1s (default)
2019-11-14 03:47:13,880 [d8a9c999-7748-4aa6-a9a9-ef73d9884e3c@group-E7518B0472BF-LeaderElection52] INFO  server.RaftServerConfigKeys (ConfUtils.java:logGet(43)) - raft.server.watch.element-limit = 65536 (default)
2019-11-14 03:47:13,886 [d8a9c999-7748-4aa6-a9a9-ef73d9884e3c@group-E7518B0472BF-LeaderElection52] INFO  impl.RoleInfo (RoleInfo.java:updateAndGet(143)) - d8a9c999-7748-4aa6-a9a9-ef73d9884e3c: start LeaderState
2019-11-14 03:47:13,887 [d8a9c999-7748-4aa6-a9a9-ef73d9884e3c@group-E7518B0472BF-LeaderElection52] INFO  segmented.SegmentedRaftLogWorker (SegmentedRaftLogWorker.java:startLogSegment(385)) - d8a9c999-7748-4aa6-a9a9-ef73d9884e3c@group-E7518B0472BF-SegmentedRaftLogWorker: Starting segment from index:0
2019-11-14 03:47:13,887 [d8a9c999-7748-4aa6-a9a9-ef73d9884e3c@group-E7518B0472BF-LeaderElection52] INFO  impl.RaftServerImpl (ServerState.java:setRaftConf(356)) - d8a9c999-7748-4aa6-a9a9-ef73d9884e3c@group-E7518B0472BF: set configuration 0: [d8a9c999-7748-4aa6-a9a9-ef73d9884e3c:192.168.157.206:34054], old=null at 0
2019-11-14 03:47:13,909 [3a789c1e-652a-4343-9c47-49015e6a7e8b@group-D7BBB6886AC4-LeaderElection53] INFO  impl.LeaderElection (LeaderElection.java:askForVotes(178)) - 3a789c1e-652a-4343-9c47-49015e6a7e8b@group-D7BBB6886AC4-LeaderElection53: begin an election at term 1 for -1: [3a789c1e-652a-4343-9c47-49015e6a7e8b:192.168.157.206:36955], old=null
2019-11-14 03:47:13,910 [3a789c1e-652a-4343-9c47-49015e6a7e8b@group-D7BBB6886AC4-LeaderElection53] INFO  impl.RoleInfo (RoleInfo.java:shutdownLeaderElection(134)) - 3a789c1e-652a-4343-9c47-49015e6a7e8b: shutdown LeaderElection
2019-11-14 03:47:13,910 [3a789c1e-652a-4343-9c47-49015e6a7e8b@group-D7BBB6886AC4-LeaderElection53] INFO  impl.RaftServerImpl (RaftServerImpl.java:setRole(173)) - 3a789c1e-652a-4343-9c47-49015e6a7e8b@group-D7BBB6886AC4: changes role from CANDIDATE to LEADER at term 1 for changeToLeader
2019-11-14 03:47:13,910 [3a789c1e-652a-4343-9c47-49015e6a7e8b@group-D7BBB6886AC4-LeaderElection53] INFO  ratis.XceiverServerRatis (XceiverServerRatis.java:handleLeaderChangedNotification(697)) - Leader change notification received for group: group-D7BBB6886AC4 with new leaderId: 3a789c1e-652a-4343-9c47-49015e6a7e8b
2019-11-14 03:47:13,910 [3a789c1e-652a-4343-9c47-49015e6a7e8b@group-D7BBB6886AC4-LeaderElection53] INFO  impl.RaftServerImpl (ServerState.java:setLeader(255)) - 3a789c1e-652a-4343-9c47-49015e6a7e8b@group-D7BBB6886AC4: change Leader from null to 3a789c1e-652a-4343-9c47-49015e6a7e8b at term 1 for becomeLeader, leader elected after 1070ms
2019-11-14 03:47:13,910 [3a789c1e-652a-4343-9c47-49015e6a7e8b@group-D7BBB6886AC4-LeaderElection53] INFO  server.RaftServerConfigKeys (ConfUtils.java:logGet(43)) - raft.server.staging.catchup.gap = 1000 (default)
2019-11-14 03:47:13,910 [3a789c1e-652a-4343-9c47-49015e6a7e8b@group-D7BBB6886AC4-LeaderElection53] INFO  server.RaftServerConfigKeys (ConfUtils.java:logGet(43)) - raft.server.rpc.sleep.time = 25ms (default)
2019-11-14 03:47:13,923 [3a789c1e-652a-4343-9c47-49015e6a7e8b@group-D7BBB6886AC4-LeaderElection53] INFO  server.RaftServerConfigKeys (ConfUtils.java:logGet(43)) - raft.server.write.element-limit = 4096 (default)
2019-11-14 03:47:13,923 [3a789c1e-652a-4343-9c47-49015e6a7e8b@group-D7BBB6886AC4-LeaderElection53] INFO  server.RaftServerConfigKeys (ConfUtils.java:logGet(43)) - raft.server.watch.timeout = 10s (default)
2019-11-14 03:47:13,923 [3a789c1e-652a-4343-9c47-49015e6a7e8b@group-D7BBB6886AC4-LeaderElection53] INFO  server.RaftServerConfigKeys (ConfUtils.java:logGet(43)) - raft.server.watch.timeout.denomination = 1s (default)
2019-11-14 03:47:13,923 [3a789c1e-652a-4343-9c47-49015e6a7e8b@group-D7BBB6886AC4-LeaderElection53] INFO  server.RaftServerConfigKeys (ConfUtils.java:logGet(43)) - raft.server.watch.element-limit = 65536 (default)
2019-11-14 03:47:13,923 [3a789c1e-652a-4343-9c47-49015e6a7e8b@group-D7BBB6886AC4-LeaderElection53] INFO  impl.RoleInfo (RoleInfo.java:updateAndGet(143)) - 3a789c1e-652a-4343-9c47-49015e6a7e8b: start LeaderState
2019-11-14 03:47:13,923 [EventQueue-PipelineReportForPipelineReportHandler] INFO  pipeline.PipelineStateManager (PipelineStateManager.java:openPipeline(134)) - Pipeline Pipeline[ Id: 1b10afdd-ada4-4b78-bbb6-d7bbb6886ac4, Nodes: 3a789c1e-652a-4343-9c47-49015e6a7e8b{ip: 192.168.157.206, host: trunk-nightly-20191114-k5n9k-339518648, networkLocation: /rack1, certSerialId: null}, Type:RATIS, Factor:ONE, State:OPEN] moved to OPEN state
2019-11-14 03:47:13,924 [3a789c1e-652a-4343-9c47-49015e6a7e8b@group-D7BBB6886AC4-LeaderElection53] INFO  segmented.SegmentedRaftLogWorker (SegmentedRaftLogWorker.java:startLogSegment(385)) - 3a789c1e-652a-4343-9c47-49015e6a7e8b@group-D7BBB6886AC4-SegmentedRaftLogWorker: Starting segment from index:0
2019-11-14 03:47:13,924 [3a789c1e-652a-4343-9c47-49015e6a7e8b@group-D7BBB6886AC4-LeaderElection53] INFO  impl.RaftServerImpl (ServerState.java:setRaftConf(356)) - 3a789c1e-652a-4343-9c47-49015e6a7e8b@group-D7BBB6886AC4: set configuration 0: [3a789c1e-652a-4343-9c47-49015e6a7e8b:192.168.157.206:36955], old=null at 0
2019-11-14 03:47:13,946 [d8a9c999-7748-4aa6-a9a9-ef73d9884e3c@group-E7518B0472BF-SegmentedRaftLogWorker] INFO  segmented.SegmentedRaftLogWorker (SegmentedRaftLogWorker.java:execute(576)) - d8a9c999-7748-4aa6-a9a9-ef73d9884e3c@group-E7518B0472BF-SegmentedRaftLogWorker: created new log segment /workdir/hadoop-ozone/integration-test/target/test-dir/MiniOzoneClusterImpl-db6fd866-6788-41aa-8e01-4626558b27a7/datanode-3/data/ratis/dc0450da-7ac2-4dfc-a80b-e7518b0472bf/current/log_inprogress_0
2019-11-14 03:47:13,958 [Thread-1436] INFO  impl.FollowerState (FollowerState.java:run(111)) - 534c162a-7c0e-49a3-b520-b6800e29086d@group-6FB600B66E63-FollowerState: change to CANDIDATE, lastRpcTime:1182ms, electionTimeout:1182ms
2019-11-14 03:47:13,958 [Thread-1436] INFO  impl.RoleInfo (RoleInfo.java:shutdownFollowerState(121)) - 534c162a-7c0e-49a3-b520-b6800e29086d: shutdown FollowerState
2019-11-14 03:47:13,958 [Thread-1436] INFO  impl.RaftServerImpl (RaftServerImpl.java:setRole(173)) - 534c162a-7c0e-49a3-b520-b6800e29086d@group-6FB600B66E63: changes role from  FOLLOWER to CANDIDATE at term 0 for changeToCandidate
2019-11-14 03:47:13,959 [Thread-1436] INFO  impl.RoleInfo (RoleInfo.java:updateAndGet(143)) - 534c162a-7c0e-49a3-b520-b6800e29086d: start LeaderElection
2019-11-14 03:47:13,988 [3a789c1e-652a-4343-9c47-49015e6a7e8b@group-D7BBB6886AC4-SegmentedRaftLogWorker] INFO  segmented.SegmentedRaftLogWorker (SegmentedRaftLogWorker.java:execute(576)) - 3a789c1e-652a-4343-9c47-49015e6a7e8b@group-D7BBB6886AC4-SegmentedRaftLogWorker: created new log segment /workdir/hadoop-ozone/integration-test/target/test-dir/MiniOzoneClusterImpl-db6fd866-6788-41aa-8e01-4626558b27a7/datanode-5/data/ratis/1b10afdd-ada4-4b78-bbb6-d7bbb6886ac4/current/log_inprogress_0
2019-11-14 03:47:13,988 [534c162a-7c0e-49a3-b520-b6800e29086d@group-6FB600B66E63-LeaderElection54] INFO  impl.LeaderElection (LeaderElection.java:askForVotes(178)) - 534c162a-7c0e-49a3-b520-b6800e29086d@group-6FB600B66E63-LeaderElection54: begin an election at term 1 for -1: [534c162a-7c0e-49a3-b520-b6800e29086d:192.168.157.206:46363], old=null
2019-11-14 03:47:13,988 [534c162a-7c0e-49a3-b520-b6800e29086d@group-6FB600B66E63-LeaderElection54] INFO  impl.RoleInfo (RoleInfo.java:shutdownLeaderElection(134)) - 534c162a-7c0e-49a3-b520-b6800e29086d: shutdown LeaderElection
2019-11-14 03:47:13,988 [534c162a-7c0e-49a3-b520-b6800e29086d@group-6FB600B66E63-LeaderElection54] INFO  impl.RaftServerImpl (RaftServerImpl.java:setRole(173)) - 534c162a-7c0e-49a3-b520-b6800e29086d@group-6FB600B66E63: changes role from CANDIDATE to LEADER at term 1 for changeToLeader
2019-11-14 03:47:13,988 [534c162a-7c0e-49a3-b520-b6800e29086d@group-6FB600B66E63-LeaderElection54] INFO  ratis.XceiverServerRatis (XceiverServerRatis.java:handleLeaderChangedNotification(697)) - Leader change notification received for group: group-6FB600B66E63 with new leaderId: 534c162a-7c0e-49a3-b520-b6800e29086d
2019-11-14 03:47:13,988 [534c162a-7c0e-49a3-b520-b6800e29086d@group-6FB600B66E63-LeaderElection54] INFO  impl.RaftServerImpl (ServerState.java:setLeader(255)) - 534c162a-7c0e-49a3-b520-b6800e29086d@group-6FB600B66E63: change Leader from null to 534c162a-7c0e-49a3-b520-b6800e29086d at term 1 for becomeLeader, leader elected after 1216ms
2019-11-14 03:47:13,988 [534c162a-7c0e-49a3-b520-b6800e29086d@group-6FB600B66E63-LeaderElection54] INFO  server.RaftServerConfigKeys (ConfUtils.java:logGet(43)) - raft.server.staging.catchup.gap = 1000 (default)
2019-11-14 03:47:13,998 [534c162a-7c0e-49a3-b520-b6800e29086d@group-6FB600B66E63-LeaderElection54] INFO  server.RaftServerConfigKeys (ConfUtils.java:logGet(43)) - raft.server.rpc.sleep.time = 25ms (default)
2019-11-14 03:47:13,998 [534c162a-7c0e-49a3-b520-b6800e29086d@group-6FB600B66E63-LeaderElection54] INFO  server.RaftServerConfigKeys (ConfUtils.java:logGet(43)) - raft.server.write.element-limit = 4096 (default)
2019-11-14 03:47:13,998 [534c162a-7c0e-49a3-b520-b6800e29086d@group-6FB600B66E63-LeaderElection54] INFO  server.RaftServerConfigKeys (ConfUtils.java:logGet(43)) - raft.server.watch.timeout = 10s (default)
2019-11-14 03:47:13,998 [534c162a-7c0e-49a3-b520-b6800e29086d@group-6FB600B66E63-LeaderElection54] INFO  server.RaftServerConfigKeys (ConfUtils.java:logGet(43)) - raft.server.watch.timeout.denomination = 1s (default)
2019-11-14 03:47:13,998 [534c162a-7c0e-49a3-b520-b6800e29086d@group-6FB600B66E63-LeaderElection54] INFO  server.RaftServerConfigKeys (ConfUtils.java:logGet(43)) - raft.server.watch.element-limit = 65536 (default)
2019-11-14 03:47:13,999 [534c162a-7c0e-49a3-b520-b6800e29086d@group-6FB600B66E63-LeaderElection54] INFO  impl.RoleInfo (RoleInfo.java:updateAndGet(143)) - 534c162a-7c0e-49a3-b520-b6800e29086d: start LeaderState
2019-11-14 03:47:13,999 [EventQueue-PipelineReportForPipelineReportHandler] INFO  pipeline.PipelineStateManager (PipelineStateManager.java:openPipeline(134)) - Pipeline Pipeline[ Id: 45b7ec84-ef32-4977-9781-6fb600b66e63, Nodes: 534c162a-7c0e-49a3-b520-b6800e29086d{ip: 192.168.157.206, host: trunk-nightly-20191114-k5n9k-339518648, networkLocation: /rack1, certSerialId: null}, Type:RATIS, Factor:ONE, State:OPEN] moved to OPEN state
2019-11-14 03:47:13,999 [534c162a-7c0e-49a3-b520-b6800e29086d@group-6FB600B66E63-LeaderElection54] INFO  segmented.SegmentedRaftLogWorker (SegmentedRaftLogWorker.java:startLogSegment(385)) - 534c162a-7c0e-49a3-b520-b6800e29086d@group-6FB600B66E63-SegmentedRaftLogWorker: Starting segment from index:0
2019-11-14 03:47:14,000 [534c162a-7c0e-49a3-b520-b6800e29086d@group-6FB600B66E63-LeaderElection54] INFO  impl.RaftServerImpl (ServerState.java:setRaftConf(356)) - 534c162a-7c0e-49a3-b520-b6800e29086d@group-6FB600B66E63: set configuration 0: [534c162a-7c0e-49a3-b520-b6800e29086d:192.168.157.206:46363], old=null at 0
2019-11-14 03:47:14,049 [Thread-1445] INFO  impl.FollowerState (FollowerState.java:run(111)) - 6159a4a7-02ae-4457-ad8e-d99f5584798f@group-8056E98A2630-FollowerState: change to CANDIDATE, lastRpcTime:1052ms, electionTimeout:1052ms
2019-11-14 03:47:14,049 [Thread-1445] INFO  impl.RoleInfo (RoleInfo.java:shutdownFollowerState(121)) - 6159a4a7-02ae-4457-ad8e-d99f5584798f: shutdown FollowerState
2019-11-14 03:47:14,049 [Thread-1445] INFO  impl.RaftServerImpl (RaftServerImpl.java:setRole(173)) - 6159a4a7-02ae-4457-ad8e-d99f5584798f@group-8056E98A2630: changes role from  FOLLOWER to CANDIDATE at term 0 for changeToCandidate
2019-11-14 03:47:14,049 [Thread-1445] INFO  impl.RoleInfo (RoleInfo.java:updateAndGet(143)) - 6159a4a7-02ae-4457-ad8e-d99f5584798f: start LeaderElection
2019-11-14 03:47:14,055 [Thread-1442] INFO  impl.FollowerState (FollowerState.java:run(111)) - bf247637-7e59-4671-9487-192b6829a40a@group-4573BDE8453A-FollowerState: change to CANDIDATE, lastRpcTime:1134ms, electionTimeout:1133ms
2019-11-14 03:47:14,055 [Thread-1442] INFO  impl.RoleInfo (RoleInfo.java:shutdownFollowerState(121)) - bf247637-7e59-4671-9487-192b6829a40a: shutdown FollowerState
2019-11-14 03:47:14,055 [Thread-1442] INFO  impl.RaftServerImpl (RaftServerImpl.java:setRole(173)) - bf247637-7e59-4671-9487-192b6829a40a@group-4573BDE8453A: changes role from  FOLLOWER to CANDIDATE at term 0 for changeToCandidate
2019-11-14 03:47:14,056 [Thread-1442] INFO  impl.RoleInfo (RoleInfo.java:updateAndGet(143)) - bf247637-7e59-4671-9487-192b6829a40a: start LeaderElection
2019-11-14 03:47:14,060 [534c162a-7c0e-49a3-b520-b6800e29086d@group-6FB600B66E63-SegmentedRaftLogWorker] INFO  segmented.SegmentedRaftLogWorker (SegmentedRaftLogWorker.java:execute(576)) - 534c162a-7c0e-49a3-b520-b6800e29086d@group-6FB600B66E63-SegmentedRaftLogWorker: created new log segment /workdir/hadoop-ozone/integration-test/target/test-dir/MiniOzoneClusterImpl-db6fd866-6788-41aa-8e01-4626558b27a7/datanode-4/data/ratis/45b7ec84-ef32-4977-9781-6fb600b66e63/current/log_inprogress_0
2019-11-14 03:47:14,085 [6159a4a7-02ae-4457-ad8e-d99f5584798f@group-8056E98A2630-LeaderElection55] INFO  impl.LeaderElection (LeaderElection.java:askForVotes(178)) - 6159a4a7-02ae-4457-ad8e-d99f5584798f@group-8056E98A2630-LeaderElection55: begin an election at term 1 for -1: [6159a4a7-02ae-4457-ad8e-d99f5584798f:192.168.157.206:36722], old=null
2019-11-14 03:47:14,085 [bf247637-7e59-4671-9487-192b6829a40a@group-4573BDE8453A-LeaderElection56] INFO  impl.LeaderElection (LeaderElection.java:askForVotes(178)) - bf247637-7e59-4671-9487-192b6829a40a@group-4573BDE8453A-LeaderElection56: begin an election at term 1 for -1: [bf247637-7e59-4671-9487-192b6829a40a:192.168.157.206:41118], old=null
2019-11-14 03:47:14,085 [6159a4a7-02ae-4457-ad8e-d99f5584798f@group-8056E98A2630-LeaderElection55] INFO  impl.RoleInfo (RoleInfo.java:shutdownLeaderElection(134)) - 6159a4a7-02ae-4457-ad8e-d99f5584798f: shutdown LeaderElection
2019-11-14 03:47:14,085 [bf247637-7e59-4671-9487-192b6829a40a@group-4573BDE8453A-LeaderElection56] INFO  impl.RoleInfo (RoleInfo.java:shutdownLeaderElection(134)) - bf247637-7e59-4671-9487-192b6829a40a: shutdown LeaderElection
2019-11-14 03:47:14,085 [6159a4a7-02ae-4457-ad8e-d99f5584798f@group-8056E98A2630-LeaderElection55] INFO  impl.RaftServerImpl (RaftServerImpl.java:setRole(173)) - 6159a4a7-02ae-4457-ad8e-d99f5584798f@group-8056E98A2630: changes role from CANDIDATE to LEADER at term 1 for changeToLeader
2019-11-14 03:47:14,085 [bf247637-7e59-4671-9487-192b6829a40a@group-4573BDE8453A-LeaderElection56] INFO  impl.RaftServerImpl (RaftServerImpl.java:setRole(173)) - bf247637-7e59-4671-9487-192b6829a40a@group-4573BDE8453A: changes role from CANDIDATE to LEADER at term 1 for changeToLeader
2019-11-14 03:47:14,086 [6159a4a7-02ae-4457-ad8e-d99f5584798f@group-8056E98A2630-LeaderElection55] INFO  ratis.XceiverServerRatis (XceiverServerRatis.java:handleLeaderChangedNotification(697)) - Leader change notification received for group: group-8056E98A2630 with new leaderId: 6159a4a7-02ae-4457-ad8e-d99f5584798f
2019-11-14 03:47:14,086 [bf247637-7e59-4671-9487-192b6829a40a@group-4573BDE8453A-LeaderElection56] INFO  ratis.XceiverServerRatis (XceiverServerRatis.java:handleLeaderChangedNotification(697)) - Leader change notification received for group: group-4573BDE8453A with new leaderId: bf247637-7e59-4671-9487-192b6829a40a
2019-11-14 03:47:14,086 [6159a4a7-02ae-4457-ad8e-d99f5584798f@group-8056E98A2630-LeaderElection55] INFO  impl.RaftServerImpl (ServerState.java:setLeader(255)) - 6159a4a7-02ae-4457-ad8e-d99f5584798f@group-8056E98A2630: change Leader from null to 6159a4a7-02ae-4457-ad8e-d99f5584798f at term 1 for becomeLeader, leader elected after 1094ms
2019-11-14 03:47:14,086 [bf247637-7e59-4671-9487-192b6829a40a@group-4573BDE8453A-LeaderElection56] INFO  impl.RaftServerImpl (ServerState.java:setLeader(255)) - bf247637-7e59-4671-9487-192b6829a40a@group-4573BDE8453A: change Leader from null to bf247637-7e59-4671-9487-192b6829a40a at term 1 for becomeLeader, leader elected after 1170ms
2019-11-14 03:47:14,086 [6159a4a7-02ae-4457-ad8e-d99f5584798f@group-8056E98A2630-LeaderElection55] INFO  server.RaftServerConfigKeys (ConfUtils.java:logGet(43)) - raft.server.staging.catchup.gap = 1000 (default)
2019-11-14 03:47:14,086 [bf247637-7e59-4671-9487-192b6829a40a@group-4573BDE8453A-LeaderElection56] INFO  server.RaftServerConfigKeys (ConfUtils.java:logGet(43)) - raft.server.staging.catchup.gap = 1000 (default)
2019-11-14 03:47:14,088 [6159a4a7-02ae-4457-ad8e-d99f5584798f@group-8056E98A2630-LeaderElection55] INFO  server.RaftServerConfigKeys (ConfUtils.java:logGet(43)) - raft.server.rpc.sleep.time = 25ms (default)
2019-11-14 03:47:14,089 [bf247637-7e59-4671-9487-192b6829a40a@group-4573BDE8453A-LeaderElection56] INFO  server.RaftServerConfigKeys (ConfUtils.java:logGet(43)) - raft.server.rpc.sleep.time = 25ms (default)
2019-11-14 03:47:14,089 [6159a4a7-02ae-4457-ad8e-d99f5584798f@group-8056E98A2630-LeaderElection55] INFO  server.RaftServerConfigKeys (ConfUtils.java:logGet(43)) - raft.server.write.element-limit = 4096 (default)
2019-11-14 03:47:14,089 [bf247637-7e59-4671-9487-192b6829a40a@group-4573BDE8453A-LeaderElection56] INFO  server.RaftServerConfigKeys (ConfUtils.java:logGet(43)) - raft.server.write.element-limit = 4096 (default)
2019-11-14 03:47:14,089 [6159a4a7-02ae-4457-ad8e-d99f5584798f@group-8056E98A2630-LeaderElection55] INFO  server.RaftServerConfigKeys (ConfUtils.java:logGet(43)) - raft.server.watch.timeout = 10s (default)
2019-11-14 03:47:14,089 [bf247637-7e59-4671-9487-192b6829a40a@group-4573BDE8453A-LeaderElection56] INFO  server.RaftServerConfigKeys (ConfUtils.java:logGet(43)) - raft.server.watch.timeout = 10s (default)
2019-11-14 03:47:14,089 [6159a4a7-02ae-4457-ad8e-d99f5584798f@group-8056E98A2630-LeaderElection55] INFO  server.RaftServerConfigKeys (ConfUtils.java:logGet(43)) - raft.server.watch.timeout.denomination = 1s (default)
2019-11-14 03:47:14,090 [bf247637-7e59-4671-9487-192b6829a40a@group-4573BDE8453A-LeaderElection56] INFO  server.RaftServerConfigKeys (ConfUtils.java:logGet(43)) - raft.server.watch.timeout.denomination = 1s (default)
2019-11-14 03:47:14,089 [EventQueue-PipelineReportForPipelineReportHandler] INFO  pipeline.PipelineStateManager (PipelineStateManager.java:openPipeline(134)) - Pipeline Pipeline[ Id: 3531ad62-39bc-41a7-ad09-4573bde8453a, Nodes: bf247637-7e59-4671-9487-192b6829a40a{ip: 192.168.157.206, host: trunk-nightly-20191114-k5n9k-339518648, networkLocation: /rack1, certSerialId: null}, Type:RATIS, Factor:ONE, State:OPEN] moved to OPEN state
2019-11-14 03:47:14,090 [bf247637-7e59-4671-9487-192b6829a40a@group-4573BDE8453A-LeaderElection56] INFO  server.RaftServerConfigKeys (ConfUtils.java:logGet(43)) - raft.server.watch.element-limit = 65536 (default)
2019-11-14 03:47:14,090 [6159a4a7-02ae-4457-ad8e-d99f5584798f@group-8056E98A2630-LeaderElection55] INFO  server.RaftServerConfigKeys (ConfUtils.java:logGet(43)) - raft.server.watch.element-limit = 65536 (default)
2019-11-14 03:47:14,090 [EventQueue-PipelineReportForPipelineReportHandler] INFO  pipeline.PipelineStateManager (PipelineStateManager.java:openPipeline(134)) - Pipeline Pipeline[ Id: 18b9d58c-5f16-48f3-8d95-8056e98a2630, Nodes: 6159a4a7-02ae-4457-ad8e-d99f5584798f{ip: 192.168.157.206, host: trunk-nightly-20191114-k5n9k-339518648, networkLocation: /rack1, certSerialId: null}, Type:RATIS, Factor:ONE, State:OPEN] moved to OPEN state
2019-11-14 03:47:14,090 [6159a4a7-02ae-4457-ad8e-d99f5584798f@group-8056E98A2630-LeaderElection55] INFO  impl.RoleInfo (RoleInfo.java:updateAndGet(143)) - 6159a4a7-02ae-4457-ad8e-d99f5584798f: start LeaderState
2019-11-14 03:47:14,090 [bf247637-7e59-4671-9487-192b6829a40a@group-4573BDE8453A-LeaderElection56] INFO  impl.RoleInfo (RoleInfo.java:updateAndGet(143)) - bf247637-7e59-4671-9487-192b6829a40a: start LeaderState
2019-11-14 03:47:14,091 [6159a4a7-02ae-4457-ad8e-d99f5584798f@group-8056E98A2630-LeaderElection55] INFO  segmented.SegmentedRaftLogWorker (SegmentedRaftLogWorker.java:startLogSegment(385)) - 6159a4a7-02ae-4457-ad8e-d99f5584798f@group-8056E98A2630-SegmentedRaftLogWorker: Starting segment from index:0
2019-11-14 03:47:14,091 [bf247637-7e59-4671-9487-192b6829a40a@group-4573BDE8453A-LeaderElection56] INFO  segmented.SegmentedRaftLogWorker (SegmentedRaftLogWorker.java:startLogSegment(385)) - bf247637-7e59-4671-9487-192b6829a40a@group-4573BDE8453A-SegmentedRaftLogWorker: Starting segment from index:0
2019-11-14 03:47:14,091 [6159a4a7-02ae-4457-ad8e-d99f5584798f@group-8056E98A2630-LeaderElection55] INFO  impl.RaftServerImpl (ServerState.java:setRaftConf(356)) - 6159a4a7-02ae-4457-ad8e-d99f5584798f@group-8056E98A2630: set configuration 0: [6159a4a7-02ae-4457-ad8e-d99f5584798f:192.168.157.206:36722], old=null at 0
2019-11-14 03:47:14,092 [bf247637-7e59-4671-9487-192b6829a40a@group-4573BDE8453A-LeaderElection56] INFO  impl.RaftServerImpl (ServerState.java:setRaftConf(356)) - bf247637-7e59-4671-9487-192b6829a40a@group-4573BDE8453A: set configuration 0: [bf247637-7e59-4671-9487-192b6829a40a:192.168.157.206:41118], old=null at 0
2019-11-14 03:47:14,146 [bf247637-7e59-4671-9487-192b6829a40a@group-4573BDE8453A-SegmentedRaftLogWorker] INFO  segmented.SegmentedRaftLogWorker (SegmentedRaftLogWorker.java:execute(576)) - bf247637-7e59-4671-9487-192b6829a40a@group-4573BDE8453A-SegmentedRaftLogWorker: created new log segment /workdir/hadoop-ozone/integration-test/target/test-dir/MiniOzoneClusterImpl-db6fd866-6788-41aa-8e01-4626558b27a7/datanode-6/data/ratis/3531ad62-39bc-41a7-ad09-4573bde8453a/current/log_inprogress_0
2019-11-14 03:47:14,146 [6159a4a7-02ae-4457-ad8e-d99f5584798f@group-8056E98A2630-SegmentedRaftLogWorker] INFO  segmented.SegmentedRaftLogWorker (SegmentedRaftLogWorker.java:execute(576)) - 6159a4a7-02ae-4457-ad8e-d99f5584798f@group-8056E98A2630-SegmentedRaftLogWorker: created new log segment /workdir/hadoop-ozone/integration-test/target/test-dir/MiniOzoneClusterImpl-db6fd866-6788-41aa-8e01-4626558b27a7/datanode-7/data/ratis/18b9d58c-5f16-48f3-8d95-8056e98a2630/current/log_inprogress_0
2019-11-14 03:47:14,152 [Thread-1448] INFO  impl.FollowerState (FollowerState.java:run(111)) - ad307801-f957-4403-adfc-9cdab46587c3@group-7935F9C52DEC-FollowerState: change to CANDIDATE, lastRpcTime:1088ms, electionTimeout:1088ms
2019-11-14 03:47:14,152 [Thread-1448] INFO  impl.RoleInfo (RoleInfo.java:shutdownFollowerState(121)) - ad307801-f957-4403-adfc-9cdab46587c3: shutdown FollowerState
2019-11-14 03:47:14,152 [Thread-1448] INFO  impl.RaftServerImpl (RaftServerImpl.java:setRole(173)) - ad307801-f957-4403-adfc-9cdab46587c3@group-7935F9C52DEC: changes role from  FOLLOWER to CANDIDATE at term 0 for changeToCandidate
2019-11-14 03:47:14,152 [Thread-1448] INFO  impl.RoleInfo (RoleInfo.java:updateAndGet(143)) - ad307801-f957-4403-adfc-9cdab46587c3: start LeaderElection
2019-11-14 03:47:14,168 [Thread-1451] INFO  impl.FollowerState (FollowerState.java:run(111)) - 7901d021-b70d-41b4-a3ee-3511e4cb511a@group-021146B31509-FollowerState: change to CANDIDATE, lastRpcTime:1020ms, electionTimeout:1020ms
2019-11-14 03:47:14,168 [Thread-1451] INFO  impl.RoleInfo (RoleInfo.java:shutdownFollowerState(121)) - 7901d021-b70d-41b4-a3ee-3511e4cb511a: shutdown FollowerState
2019-11-14 03:47:14,168 [Thread-1451] INFO  impl.RaftServerImpl (RaftServerImpl.java:setRole(173)) - 7901d021-b70d-41b4-a3ee-3511e4cb511a@group-021146B31509: changes role from  FOLLOWER to CANDIDATE at term 0 for changeToCandidate
2019-11-14 03:47:14,168 [Thread-1451] INFO  impl.RoleInfo (RoleInfo.java:updateAndGet(143)) - 7901d021-b70d-41b4-a3ee-3511e4cb511a: start LeaderElection
2019-11-14 03:47:14,172 [ad307801-f957-4403-adfc-9cdab46587c3@group-7935F9C52DEC-LeaderElection57] INFO  impl.LeaderElection (LeaderElection.java:askForVotes(178)) - ad307801-f957-4403-adfc-9cdab46587c3@group-7935F9C52DEC-LeaderElection57: begin an election at term 1 for -1: [ad307801-f957-4403-adfc-9cdab46587c3:192.168.157.206:36473], old=null
2019-11-14 03:47:14,173 [ad307801-f957-4403-adfc-9cdab46587c3@group-7935F9C52DEC-LeaderElection57] INFO  impl.RoleInfo (RoleInfo.java:shutdownLeaderElection(134)) - ad307801-f957-4403-adfc-9cdab46587c3: shutdown LeaderElection
2019-11-14 03:47:14,173 [ad307801-f957-4403-adfc-9cdab46587c3@group-7935F9C52DEC-LeaderElection57] INFO  impl.RaftServerImpl (RaftServerImpl.java:setRole(173)) - ad307801-f957-4403-adfc-9cdab46587c3@group-7935F9C52DEC: changes role from CANDIDATE to LEADER at term 1 for changeToLeader
2019-11-14 03:47:14,173 [ad307801-f957-4403-adfc-9cdab46587c3@group-7935F9C52DEC-LeaderElection57] INFO  ratis.XceiverServerRatis (XceiverServerRatis.java:handleLeaderChangedNotification(697)) - Leader change notification received for group: group-7935F9C52DEC with new leaderId: ad307801-f957-4403-adfc-9cdab46587c3
2019-11-14 03:47:14,173 [ad307801-f957-4403-adfc-9cdab46587c3@group-7935F9C52DEC-LeaderElection57] INFO  impl.RaftServerImpl (ServerState.java:setLeader(255)) - ad307801-f957-4403-adfc-9cdab46587c3@group-7935F9C52DEC: change Leader from null to ad307801-f957-4403-adfc-9cdab46587c3 at term 1 for becomeLeader, leader elected after 1114ms
2019-11-14 03:47:14,173 [ad307801-f957-4403-adfc-9cdab46587c3@group-7935F9C52DEC-LeaderElection57] INFO  server.RaftServerConfigKeys (ConfUtils.java:logGet(43)) - raft.server.staging.catchup.gap = 1000 (default)
2019-11-14 03:47:14,173 [ad307801-f957-4403-adfc-9cdab46587c3@group-7935F9C52DEC-LeaderElection57] INFO  server.RaftServerConfigKeys (ConfUtils.java:logGet(43)) - raft.server.rpc.sleep.time = 25ms (default)
2019-11-14 03:47:14,175 [ad307801-f957-4403-adfc-9cdab46587c3@group-7935F9C52DEC-LeaderElection57] INFO  server.RaftServerConfigKeys (ConfUtils.java:logGet(43)) - raft.server.write.element-limit = 4096 (default)
2019-11-14 03:47:14,176 [ad307801-f957-4403-adfc-9cdab46587c3@group-7935F9C52DEC-LeaderElection57] INFO  server.RaftServerConfigKeys (ConfUtils.java:logGet(43)) - raft.server.watch.timeout = 10s (default)
2019-11-14 03:47:14,176 [ad307801-f957-4403-adfc-9cdab46587c3@group-7935F9C52DEC-LeaderElection57] INFO  server.RaftServerConfigKeys (ConfUtils.java:logGet(43)) - raft.server.watch.timeout.denomination = 1s (default)
2019-11-14 03:47:14,176 [ad307801-f957-4403-adfc-9cdab46587c3@group-7935F9C52DEC-LeaderElection57] INFO  server.RaftServerConfigKeys (ConfUtils.java:logGet(43)) - raft.server.watch.element-limit = 65536 (default)
2019-11-14 03:47:14,176 [ad307801-f957-4403-adfc-9cdab46587c3@group-7935F9C52DEC-LeaderElection57] INFO  impl.RoleInfo (RoleInfo.java:updateAndGet(143)) - ad307801-f957-4403-adfc-9cdab46587c3: start LeaderState
2019-11-14 03:47:14,176 [ad307801-f957-4403-adfc-9cdab46587c3@group-7935F9C52DEC-LeaderElection57] INFO  segmented.SegmentedRaftLogWorker (SegmentedRaftLogWorker.java:startLogSegment(385)) - ad307801-f957-4403-adfc-9cdab46587c3@group-7935F9C52DEC-SegmentedRaftLogWorker: Starting segment from index:0
2019-11-14 03:47:14,177 [EventQueue-PipelineReportForPipelineReportHandler] INFO  pipeline.PipelineStateManager (PipelineStateManager.java:openPipeline(134)) - Pipeline Pipeline[ Id: 6b577b97-b0d7-4fbd-8d87-7935f9c52dec, Nodes: ad307801-f957-4403-adfc-9cdab46587c3{ip: 192.168.157.206, host: trunk-nightly-20191114-k5n9k-339518648, networkLocation: /rack1, certSerialId: null}, Type:RATIS, Factor:ONE, State:OPEN] moved to OPEN state
2019-11-14 03:47:14,177 [ad307801-f957-4403-adfc-9cdab46587c3@group-7935F9C52DEC-LeaderElection57] INFO  impl.RaftServerImpl (ServerState.java:setRaftConf(356)) - ad307801-f957-4403-adfc-9cdab46587c3@group-7935F9C52DEC: set configuration 0: [ad307801-f957-4403-adfc-9cdab46587c3:192.168.157.206:36473], old=null at 0
2019-11-14 03:47:14,185 [7901d021-b70d-41b4-a3ee-3511e4cb511a@group-021146B31509-LeaderElection58] INFO  impl.LeaderElection (LeaderElection.java:askForVotes(178)) - 7901d021-b70d-41b4-a3ee-3511e4cb511a@group-021146B31509-LeaderElection58: begin an election at term 1 for -1: [7901d021-b70d-41b4-a3ee-3511e4cb511a:192.168.157.206:32814], old=null
2019-11-14 03:47:14,186 [7901d021-b70d-41b4-a3ee-3511e4cb511a@group-021146B31509-LeaderElection58] INFO  impl.RoleInfo (RoleInfo.java:shutdownLeaderElection(134)) - 7901d021-b70d-41b4-a3ee-3511e4cb511a: shutdown LeaderElection
2019-11-14 03:47:14,186 [7901d021-b70d-41b4-a3ee-3511e4cb511a@group-021146B31509-LeaderElection58] INFO  impl.RaftServerImpl (RaftServerImpl.java:setRole(173)) - 7901d021-b70d-41b4-a3ee-3511e4cb511a@group-021146B31509: changes role from CANDIDATE to LEADER at term 1 for changeToLeader
2019-11-14 03:47:14,186 [7901d021-b70d-41b4-a3ee-3511e4cb511a@group-021146B31509-LeaderElection58] INFO  ratis.XceiverServerRatis (XceiverServerRatis.java:handleLeaderChangedNotification(697)) - Leader change notification received for group: group-021146B31509 with new leaderId: 7901d021-b70d-41b4-a3ee-3511e4cb511a
2019-11-14 03:47:14,186 [7901d021-b70d-41b4-a3ee-3511e4cb511a@group-021146B31509-LeaderElection58] INFO  impl.RaftServerImpl (ServerState.java:setLeader(255)) - 7901d021-b70d-41b4-a3ee-3511e4cb511a@group-021146B31509: change Leader from null to 7901d021-b70d-41b4-a3ee-3511e4cb511a at term 1 for becomeLeader, leader elected after 1043ms
2019-11-14 03:47:14,186 [7901d021-b70d-41b4-a3ee-3511e4cb511a@group-021146B31509-LeaderElection58] INFO  server.RaftServerConfigKeys (ConfUtils.java:logGet(43)) - raft.server.staging.catchup.gap = 1000 (default)
2019-11-14 03:47:14,186 [7901d021-b70d-41b4-a3ee-3511e4cb511a@group-021146B31509-LeaderElection58] INFO  server.RaftServerConfigKeys (ConfUtils.java:logGet(43)) - raft.server.rpc.sleep.time = 25ms (default)
2019-11-14 03:47:14,214 [7901d021-b70d-41b4-a3ee-3511e4cb511a@group-021146B31509-LeaderElection58] INFO  server.RaftServerConfigKeys (ConfUtils.java:logGet(43)) - raft.server.write.element-limit = 4096 (default)
2019-11-14 03:47:14,215 [EventQueue-PipelineReportForPipelineReportHandler] INFO  pipeline.PipelineStateManager (PipelineStateManager.java:openPipeline(134)) - Pipeline Pipeline[ Id: 14668c44-d940-40ee-9f5d-021146b31509, Nodes: 7901d021-b70d-41b4-a3ee-3511e4cb511a{ip: 192.168.157.206, host: trunk-nightly-20191114-k5n9k-339518648, networkLocation: /rack1, certSerialId: null}, Type:RATIS, Factor:ONE, State:OPEN] moved to OPEN state
2019-11-14 03:47:14,215 [7901d021-b70d-41b4-a3ee-3511e4cb511a@group-021146B31509-LeaderElection58] INFO  server.RaftServerConfigKeys (ConfUtils.java:logGet(43)) - raft.server.watch.timeout = 10s (default)
2019-11-14 03:47:14,215 [7901d021-b70d-41b4-a3ee-3511e4cb511a@group-021146B31509-LeaderElection58] INFO  server.RaftServerConfigKeys (ConfUtils.java:logGet(43)) - raft.server.watch.timeout.denomination = 1s (default)
2019-11-14 03:47:14,215 [7901d021-b70d-41b4-a3ee-3511e4cb511a@group-021146B31509-LeaderElection58] INFO  server.RaftServerConfigKeys (ConfUtils.java:logGet(43)) - raft.server.watch.element-limit = 65536 (default)
2019-11-14 03:47:14,216 [7901d021-b70d-41b4-a3ee-3511e4cb511a@group-021146B31509-LeaderElection58] INFO  impl.RoleInfo (RoleInfo.java:updateAndGet(143)) - 7901d021-b70d-41b4-a3ee-3511e4cb511a: start LeaderState
2019-11-14 03:47:14,216 [7901d021-b70d-41b4-a3ee-3511e4cb511a@group-021146B31509-LeaderElection58] INFO  segmented.SegmentedRaftLogWorker (SegmentedRaftLogWorker.java:startLogSegment(385)) - 7901d021-b70d-41b4-a3ee-3511e4cb511a@group-021146B31509-SegmentedRaftLogWorker: Starting segment from index:0
2019-11-14 03:47:14,217 [7901d021-b70d-41b4-a3ee-3511e4cb511a@group-021146B31509-LeaderElection58] INFO  impl.RaftServerImpl (ServerState.java:setRaftConf(356)) - 7901d021-b70d-41b4-a3ee-3511e4cb511a@group-021146B31509: set configuration 0: [7901d021-b70d-41b4-a3ee-3511e4cb511a:192.168.157.206:32814], old=null at 0
2019-11-14 03:47:14,237 [ad307801-f957-4403-adfc-9cdab46587c3@group-7935F9C52DEC-SegmentedRaftLogWorker] INFO  segmented.SegmentedRaftLogWorker (SegmentedRaftLogWorker.java:execute(576)) - ad307801-f957-4403-adfc-9cdab46587c3@group-7935F9C52DEC-SegmentedRaftLogWorker: created new log segment /workdir/hadoop-ozone/integration-test/target/test-dir/MiniOzoneClusterImpl-db6fd866-6788-41aa-8e01-4626558b27a7/datanode-8/data/ratis/6b577b97-b0d7-4fbd-8d87-7935f9c52dec/current/log_inprogress_0
2019-11-14 03:47:14,279 [7901d021-b70d-41b4-a3ee-3511e4cb511a@group-021146B31509-SegmentedRaftLogWorker] INFO  segmented.SegmentedRaftLogWorker (SegmentedRaftLogWorker.java:execute(576)) - 7901d021-b70d-41b4-a3ee-3511e4cb511a@group-021146B31509-SegmentedRaftLogWorker: created new log segment /workdir/hadoop-ozone/integration-test/target/test-dir/MiniOzoneClusterImpl-db6fd866-6788-41aa-8e01-4626558b27a7/datanode-9/data/ratis/14668c44-d940-40ee-9f5d-021146b31509/current/log_inprogress_0
2019-11-14 03:47:14,305 [Thread-1454] INFO  impl.FollowerState (FollowerState.java:run(111)) - bf247637-7e59-4671-9487-192b6829a40a@group-60F1FEF89361-FollowerState: change to CANDIDATE, lastRpcTime:1078ms, electionTimeout:1078ms
2019-11-14 03:47:14,305 [Thread-1454] INFO  impl.RoleInfo (RoleInfo.java:shutdownFollowerState(121)) - bf247637-7e59-4671-9487-192b6829a40a: shutdown FollowerState
2019-11-14 03:47:14,305 [Thread-1454] INFO  impl.RaftServerImpl (RaftServerImpl.java:setRole(173)) - bf247637-7e59-4671-9487-192b6829a40a@group-60F1FEF89361: changes role from  FOLLOWER to CANDIDATE at term 0 for changeToCandidate
2019-11-14 03:47:14,306 [Thread-1454] INFO  impl.RoleInfo (RoleInfo.java:updateAndGet(143)) - bf247637-7e59-4671-9487-192b6829a40a: start LeaderElection
2019-11-14 03:47:14,323 [main] INFO  ozone.MiniOzoneClusterImpl (MiniOzoneClusterImpl.java:lambda$waitForClusterToBeReady$2(163)) - Waiting for 3 number of pipelines out of 13, to report a leader.
2019-11-14 03:47:14,334 [bf247637-7e59-4671-9487-192b6829a40a@group-60F1FEF89361-LeaderElection59] INFO  impl.LeaderElection (LeaderElection.java:askForVotes(178)) - bf247637-7e59-4671-9487-192b6829a40a@group-60F1FEF89361-LeaderElection59: begin an election at term 1 for -1: [d8a9c999-7748-4aa6-a9a9-ef73d9884e3c:192.168.157.206:34054, ad307801-f957-4403-adfc-9cdab46587c3:192.168.157.206:36473, bf247637-7e59-4671-9487-192b6829a40a:192.168.157.206:41118], old=null
2019-11-14 03:47:14,335 [Thread-1467] INFO  impl.FollowerState (FollowerState.java:run(111)) - 6159a4a7-02ae-4457-ad8e-d99f5584798f@group-2199817F3911-FollowerState: change to CANDIDATE, lastRpcTime:1017ms, electionTimeout:1017ms
2019-11-14 03:47:14,335 [Thread-1467] INFO  impl.RoleInfo (RoleInfo.java:shutdownFollowerState(121)) - 6159a4a7-02ae-4457-ad8e-d99f5584798f: shutdown FollowerState
2019-11-14 03:47:14,336 [Thread-1467] INFO  impl.RaftServerImpl (RaftServerImpl.java:setRole(173)) - 6159a4a7-02ae-4457-ad8e-d99f5584798f@group-2199817F3911: changes role from  FOLLOWER to CANDIDATE at term 0 for changeToCandidate
2019-11-14 03:47:14,336 [Thread-1467] INFO  impl.RoleInfo (RoleInfo.java:updateAndGet(143)) - 6159a4a7-02ae-4457-ad8e-d99f5584798f: start LeaderElection
2019-11-14 03:47:14,347 [grpc-default-executor-2] INFO  impl.RaftServerImpl (RaftServerImpl.java:setRole(173)) - ad307801-f957-4403-adfc-9cdab46587c3@group-60F1FEF89361: changes role from  FOLLOWER to FOLLOWER at term 1 for recognizeCandidate:bf247637-7e59-4671-9487-192b6829a40a
2019-11-14 03:47:14,347 [grpc-default-executor-6] INFO  impl.RaftServerImpl (RaftServerImpl.java:setRole(173)) - d8a9c999-7748-4aa6-a9a9-ef73d9884e3c@group-60F1FEF89361: changes role from  FOLLOWER to FOLLOWER at term 1 for recognizeCandidate:bf247637-7e59-4671-9487-192b6829a40a
2019-11-14 03:47:14,347 [grpc-default-executor-2] INFO  impl.RoleInfo (RoleInfo.java:shutdownFollowerState(121)) - ad307801-f957-4403-adfc-9cdab46587c3: shutdown FollowerState
2019-11-14 03:47:14,347 [grpc-default-executor-6] INFO  impl.RoleInfo (RoleInfo.java:shutdownFollowerState(121)) - d8a9c999-7748-4aa6-a9a9-ef73d9884e3c: shutdown FollowerState
2019-11-14 03:47:14,348 [Thread-1459] INFO  impl.FollowerState (FollowerState.java:run(120)) - ad307801-f957-4403-adfc-9cdab46587c3@group-60F1FEF89361-FollowerState was interrupted: java.lang.InterruptedException: sleep interrupted
2019-11-14 03:47:14,348 [grpc-default-executor-6] INFO  impl.RoleInfo (RoleInfo.java:updateAndGet(143)) - d8a9c999-7748-4aa6-a9a9-ef73d9884e3c: start FollowerState
2019-11-14 03:47:14,348 [grpc-default-executor-2] INFO  impl.RoleInfo (RoleInfo.java:updateAndGet(143)) - ad307801-f957-4403-adfc-9cdab46587c3: start FollowerState
2019-11-14 03:47:14,348 [Thread-1458] INFO  impl.FollowerState (FollowerState.java:run(120)) - d8a9c999-7748-4aa6-a9a9-ef73d9884e3c@group-60F1FEF89361-FollowerState was interrupted: java.lang.InterruptedException: sleep interrupted
2019-11-14 03:47:14,364 [6159a4a7-02ae-4457-ad8e-d99f5584798f@group-2199817F3911-LeaderElection60] INFO  impl.LeaderElection (LeaderElection.java:askForVotes(178)) - 6159a4a7-02ae-4457-ad8e-d99f5584798f@group-2199817F3911-LeaderElection60: begin an election at term 1 for -1: [7901d021-b70d-41b4-a3ee-3511e4cb511a:192.168.157.206:32814, 6159a4a7-02ae-4457-ad8e-d99f5584798f:192.168.157.206:36722, 3a789c1e-652a-4343-9c47-49015e6a7e8b:192.168.157.206:36955], old=null
2019-11-14 03:47:14,365 [bf247637-7e59-4671-9487-192b6829a40a@group-60F1FEF89361-LeaderElection59] INFO  impl.LeaderElection (LeaderElection.java:logAndReturn(56)) - bf247637-7e59-4671-9487-192b6829a40a@group-60F1FEF89361-LeaderElection59: Election PASSED; received 1 response(s) [bf247637-7e59-4671-9487-192b6829a40a<-ad307801-f957-4403-adfc-9cdab46587c3#0:OK-t1] and 0 exception(s); bf247637-7e59-4671-9487-192b6829a40a@group-60F1FEF89361:t1, leader=null, voted=bf247637-7e59-4671-9487-192b6829a40a, raftlog=bf247637-7e59-4671-9487-192b6829a40a@group-60F1FEF89361-SegmentedRaftLog:OPENED:c-1,f-1,i0, conf=-1: [d8a9c999-7748-4aa6-a9a9-ef73d9884e3c:192.168.157.206:34054, ad307801-f957-4403-adfc-9cdab46587c3:192.168.157.206:36473, bf247637-7e59-4671-9487-192b6829a40a:192.168.157.206:41118], old=null
2019-11-14 03:47:14,365 [bf247637-7e59-4671-9487-192b6829a40a@group-60F1FEF89361-LeaderElection59] INFO  impl.RoleInfo (RoleInfo.java:shutdownLeaderElection(134)) - bf247637-7e59-4671-9487-192b6829a40a: shutdown LeaderElection
2019-11-14 03:47:14,366 [bf247637-7e59-4671-9487-192b6829a40a@group-60F1FEF89361-LeaderElection59] INFO  impl.RaftServerImpl (RaftServerImpl.java:setRole(173)) - bf247637-7e59-4671-9487-192b6829a40a@group-60F1FEF89361: changes role from CANDIDATE to LEADER at term 1 for changeToLeader
2019-11-14 03:47:14,366 [bf247637-7e59-4671-9487-192b6829a40a@group-60F1FEF89361-LeaderElection59] INFO  ratis.XceiverServerRatis (XceiverServerRatis.java:handleLeaderChangedNotification(697)) - Leader change notification received for group: group-60F1FEF89361 with new leaderId: bf247637-7e59-4671-9487-192b6829a40a
2019-11-14 03:47:14,366 [bf247637-7e59-4671-9487-192b6829a40a@group-60F1FEF89361-LeaderElection59] INFO  impl.RaftServerImpl (ServerState.java:setLeader(255)) - bf247637-7e59-4671-9487-192b6829a40a@group-60F1FEF89361: change Leader from null to bf247637-7e59-4671-9487-192b6829a40a at term 1 for becomeLeader, leader elected after 1145ms
2019-11-14 03:47:14,366 [bf247637-7e59-4671-9487-192b6829a40a@group-60F1FEF89361-LeaderElection59] INFO  server.RaftServerConfigKeys (ConfUtils.java:logGet(43)) - raft.server.staging.catchup.gap = 1000 (default)
2019-11-14 03:47:14,366 [bf247637-7e59-4671-9487-192b6829a40a@group-60F1FEF89361-LeaderElection59] INFO  server.RaftServerConfigKeys (ConfUtils.java:logGet(43)) - raft.server.rpc.sleep.time = 25ms (default)
2019-11-14 03:47:14,378 [bf247637-7e59-4671-9487-192b6829a40a@group-60F1FEF89361-LeaderElection59] INFO  server.RaftServerConfigKeys (ConfUtils.java:logGet(43)) - raft.server.write.element-limit = 4096 (default)
2019-11-14 03:47:14,379 [bf247637-7e59-4671-9487-192b6829a40a@group-60F1FEF89361-LeaderElection59] INFO  server.RaftServerConfigKeys (ConfUtils.java:logGet(43)) - raft.server.watch.timeout = 10s (default)
2019-11-14 03:47:14,379 [bf247637-7e59-4671-9487-192b6829a40a@group-60F1FEF89361-LeaderElection59] INFO  server.RaftServerConfigKeys (ConfUtils.java:logGet(43)) - raft.server.watch.timeout.denomination = 1s (default)
2019-11-14 03:47:14,379 [bf247637-7e59-4671-9487-192b6829a40a@group-60F1FEF89361-LeaderElection59] INFO  server.RaftServerConfigKeys (ConfUtils.java:logGet(43)) - raft.server.watch.element-limit = 65536 (default)
2019-11-14 03:47:14,379 [bf247637-7e59-4671-9487-192b6829a40a@group-60F1FEF89361-LeaderElection59] INFO  server.RaftServerConfigKeys (ConfUtils.java:logGet(43)) - raft.server.log.appender.snapshot.chunk.size.max = 16MB (=16777216) (default)
2019-11-14 03:47:14,379 [EventQueue-PipelineReportForPipelineReportHandler] INFO  pipeline.PipelineStateManager (PipelineStateManager.java:openPipeline(134)) - Pipeline Pipeline[ Id: 5b6408f2-cd0f-4820-9525-60f1fef89361, Nodes: d8a9c999-7748-4aa6-a9a9-ef73d9884e3c{ip: 192.168.157.206, host: trunk-nightly-20191114-k5n9k-339518648, networkLocation: /rack1, certSerialId: null}bf247637-7e59-4671-9487-192b6829a40a{ip: 192.168.157.206, host: trunk-nightly-20191114-k5n9k-339518648, networkLocation: /rack1, certSerialId: null}ad307801-f957-4403-adfc-9cdab46587c3{ip: 192.168.157.206, host: trunk-nightly-20191114-k5n9k-339518648, networkLocation: /rack1, certSerialId: null}, Type:RATIS, Factor:THREE, State:OPEN] moved to OPEN state
2019-11-14 03:47:14,380 [bf247637-7e59-4671-9487-192b6829a40a@group-60F1FEF89361-LeaderElection59] INFO  server.RaftServerConfigKeys (ConfUtils.java:logGet(43)) - raft.server.log.appender.buffer.byte-limit = 33554432 (custom)
2019-11-14 03:47:14,380 [bf247637-7e59-4671-9487-192b6829a40a@group-60F1FEF89361-LeaderElection59] INFO  server.RaftServerConfigKeys (ConfUtils.java:logGet(43)) - raft.server.log.appender.buffer.element-limit = 1 (custom)
2019-11-14 03:47:14,380 [bf247637-7e59-4671-9487-192b6829a40a@group-60F1FEF89361-LeaderElection59] INFO  grpc.GrpcConfigKeys$Server (ConfUtils.java:logGet(43)) - raft.grpc.server.leader.outstanding.appends.max = 128 (default)
2019-11-14 03:47:14,381 [bf247637-7e59-4671-9487-192b6829a40a@group-60F1FEF89361-LeaderElection59] INFO  server.RaftServerConfigKeys (ConfUtils.java:logGet(43)) - raft.server.rpc.request.timeout = 3000ms (default)
2019-11-14 03:47:14,381 [bf247637-7e59-4671-9487-192b6829a40a@group-60F1FEF89361-LeaderElection59] INFO  server.RaftServerConfigKeys (ConfUtils.java:logGet(43)) - raft.server.log.appender.install.snapshot.enabled = false (custom)
2019-11-14 03:47:14,381 [bf247637-7e59-4671-9487-192b6829a40a@group-60F1FEF89361-LeaderElection59] WARN  impl.MetricRegistriesImpl (MetricRegistriesImpl.java:lambda$create$1(61)) - First MetricRegistry has been created without registering reporters. You may need to call MetricRegistries.global().addReportRegistration(...) before.
2019-11-14 03:47:14,383 [grpc-default-executor-6] INFO  impl.RaftServerImpl (RaftServerImpl.java:setRole(173)) - 7901d021-b70d-41b4-a3ee-3511e4cb511a@group-2199817F3911: changes role from  FOLLOWER to FOLLOWER at term 1 for recognizeCandidate:6159a4a7-02ae-4457-ad8e-d99f5584798f
2019-11-14 03:47:14,384 [bf247637-7e59-4671-9487-192b6829a40a@group-60F1FEF89361-LeaderElection59] INFO  server.RaftServerConfigKeys (ConfUtils.java:logGet(43)) - raft.server.log.appender.snapshot.chunk.size.max = 16MB (=16777216) (default)
2019-11-14 03:47:14,384 [grpc-default-executor-6] INFO  impl.RoleInfo (RoleInfo.java:shutdownFollowerState(121)) - 7901d021-b70d-41b4-a3ee-3511e4cb511a: shutdown FollowerState
2019-11-14 03:47:14,384 [bf247637-7e59-4671-9487-192b6829a40a@group-60F1FEF89361-LeaderElection59] INFO  server.RaftServerConfigKeys (ConfUtils.java:logGet(43)) - raft.server.log.appender.buffer.byte-limit = 33554432 (custom)
2019-11-14 03:47:14,386 [grpc-default-executor-2] INFO  impl.RaftServerImpl (RaftServerImpl.java:setRole(173)) - 3a789c1e-652a-4343-9c47-49015e6a7e8b@group-2199817F3911: changes role from  FOLLOWER to FOLLOWER at term 1 for recognizeCandidate:6159a4a7-02ae-4457-ad8e-d99f5584798f
2019-11-14 03:47:14,387 [bf247637-7e59-4671-9487-192b6829a40a@group-60F1FEF89361-LeaderElection59] INFO  server.RaftServerConfigKeys (ConfUtils.java:logGet(43)) - raft.server.log.appender.buffer.element-limit = 1 (custom)
2019-11-14 03:47:14,384 [Thread-1463] INFO  impl.FollowerState (FollowerState.java:run(120)) - 7901d021-b70d-41b4-a3ee-3511e4cb511a@group-2199817F3911-FollowerState was interrupted: java.lang.InterruptedException: sleep interrupted
2019-11-14 03:47:14,384 [grpc-default-executor-6] INFO  impl.RoleInfo (RoleInfo.java:updateAndGet(143)) - 7901d021-b70d-41b4-a3ee-3511e4cb511a: start FollowerState
2019-11-14 03:47:14,387 [bf247637-7e59-4671-9487-192b6829a40a@group-60F1FEF89361-LeaderElection59] INFO  grpc.GrpcConfigKeys$Server (ConfUtils.java:logGet(43)) - raft.grpc.server.leader.outstanding.appends.max = 128 (default)
2019-11-14 03:47:14,387 [grpc-default-executor-2] INFO  impl.RoleInfo (RoleInfo.java:shutdownFollowerState(121)) - 3a789c1e-652a-4343-9c47-49015e6a7e8b: shutdown FollowerState
2019-11-14 03:47:14,388 [bf247637-7e59-4671-9487-192b6829a40a@group-60F1FEF89361-LeaderElection59] INFO  server.RaftServerConfigKeys (ConfUtils.java:logGet(43)) - raft.server.rpc.request.timeout = 3000ms (default)
2019-11-14 03:47:14,388 [Thread-1468] INFO  impl.FollowerState (FollowerState.java:run(120)) - 3a789c1e-652a-4343-9c47-49015e6a7e8b@group-2199817F3911-FollowerState was interrupted: java.lang.InterruptedException: sleep interrupted
2019-11-14 03:47:14,388 [grpc-default-executor-2] INFO  impl.RoleInfo (RoleInfo.java:updateAndGet(143)) - 3a789c1e-652a-4343-9c47-49015e6a7e8b: start FollowerState
2019-11-14 03:47:14,388 [bf247637-7e59-4671-9487-192b6829a40a@group-60F1FEF89361-LeaderElection59] INFO  server.RaftServerConfigKeys (ConfUtils.java:logGet(43)) - raft.server.log.appender.install.snapshot.enabled = false (custom)
2019-11-14 03:47:14,389 [bf247637-7e59-4671-9487-192b6829a40a@group-60F1FEF89361-LeaderElection59] INFO  impl.RoleInfo (RoleInfo.java:updateAndGet(143)) - bf247637-7e59-4671-9487-192b6829a40a: start LeaderState
2019-11-14 03:47:14,389 [bf247637-7e59-4671-9487-192b6829a40a@group-60F1FEF89361-LeaderElection59] INFO  segmented.SegmentedRaftLogWorker (SegmentedRaftLogWorker.java:startLogSegment(385)) - bf247637-7e59-4671-9487-192b6829a40a@group-60F1FEF89361-SegmentedRaftLogWorker: Starting segment from index:0
2019-11-14 03:47:14,390 [bf247637-7e59-4671-9487-192b6829a40a@group-60F1FEF89361-LeaderElection59] INFO  impl.RaftServerImpl (ServerState.java:setRaftConf(356)) - bf247637-7e59-4671-9487-192b6829a40a@group-60F1FEF89361: set configuration 0: [d8a9c999-7748-4aa6-a9a9-ef73d9884e3c:192.168.157.206:34054, ad307801-f957-4403-adfc-9cdab46587c3:192.168.157.206:36473, bf247637-7e59-4671-9487-192b6829a40a:192.168.157.206:41118], old=null at 0
2019-11-14 03:47:14,428 [grpc-default-executor-4] INFO  ratis.XceiverServerRatis (XceiverServerRatis.java:handleLeaderChangedNotification(697)) - Leader change notification received for group: group-60F1FEF89361 with new leaderId: bf247637-7e59-4671-9487-192b6829a40a
2019-11-14 03:47:14,429 [grpc-default-executor-4] INFO  impl.RaftServerImpl (ServerState.java:setLeader(255)) - d8a9c999-7748-4aa6-a9a9-ef73d9884e3c@group-60F1FEF89361: change Leader from null to bf247637-7e59-4671-9487-192b6829a40a at term 1 for appendEntries, leader elected after 1208ms
2019-11-14 03:47:14,430 [grpc-default-executor-2] INFO  ratis.XceiverServerRatis (XceiverServerRatis.java:handleLeaderChangedNotification(697)) - Leader change notification received for group: group-60F1FEF89361 with new leaderId: bf247637-7e59-4671-9487-192b6829a40a
2019-11-14 03:47:14,430 [grpc-default-executor-2] INFO  impl.RaftServerImpl (ServerState.java:setLeader(255)) - ad307801-f957-4403-adfc-9cdab46587c3@group-60F1FEF89361: change Leader from null to bf247637-7e59-4671-9487-192b6829a40a at term 1 for appendEntries, leader elected after 1209ms
2019-11-14 03:47:14,430 [6159a4a7-02ae-4457-ad8e-d99f5584798f@group-2199817F3911-LeaderElection60] INFO  impl.LeaderElection (LeaderElection.java:logAndReturn(56)) - 6159a4a7-02ae-4457-ad8e-d99f5584798f@group-2199817F3911-LeaderElection60: Election PASSED; received 1 response(s) [6159a4a7-02ae-4457-ad8e-d99f5584798f<-3a789c1e-652a-4343-9c47-49015e6a7e8b#0:OK-t1] and 0 exception(s); 6159a4a7-02ae-4457-ad8e-d99f5584798f@group-2199817F3911:t1, leader=null, voted=6159a4a7-02ae-4457-ad8e-d99f5584798f, raftlog=6159a4a7-02ae-4457-ad8e-d99f5584798f@group-2199817F3911-SegmentedRaftLog:OPENED:c-1,f-1,i0, conf=-1: [7901d021-b70d-41b4-a3ee-3511e4cb511a:192.168.157.206:32814, 6159a4a7-02ae-4457-ad8e-d99f5584798f:192.168.157.206:36722, 3a789c1e-652a-4343-9c47-49015e6a7e8b:192.168.157.206:36955], old=null
2019-11-14 03:47:14,431 [6159a4a7-02ae-4457-ad8e-d99f5584798f@group-2199817F3911-LeaderElection60] INFO  impl.RoleInfo (RoleInfo.java:shutdownLeaderElection(134)) - 6159a4a7-02ae-4457-ad8e-d99f5584798f: shutdown LeaderElection
2019-11-14 03:47:14,433 [6159a4a7-02ae-4457-ad8e-d99f5584798f@group-2199817F3911-LeaderElection60] INFO  impl.RaftServerImpl (RaftServerImpl.java:setRole(173)) - 6159a4a7-02ae-4457-ad8e-d99f5584798f@group-2199817F3911: changes role from CANDIDATE to LEADER at term 1 for changeToLeader
2019-11-14 03:47:14,433 [6159a4a7-02ae-4457-ad8e-d99f5584798f@group-2199817F3911-LeaderElection60] INFO  ratis.XceiverServerRatis (XceiverServerRatis.java:handleLeaderChangedNotification(697)) - Leader change notification received for group: group-2199817F3911 with new leaderId: 6159a4a7-02ae-4457-ad8e-d99f5584798f
2019-11-14 03:47:14,434 [6159a4a7-02ae-4457-ad8e-d99f5584798f@group-2199817F3911-LeaderElection60] INFO  impl.RaftServerImpl (ServerState.java:setLeader(255)) - 6159a4a7-02ae-4457-ad8e-d99f5584798f@group-2199817F3911: change Leader from null to 6159a4a7-02ae-4457-ad8e-d99f5584798f at term 1 for becomeLeader, leader elected after 1128ms
2019-11-14 03:47:14,434 [6159a4a7-02ae-4457-ad8e-d99f5584798f@group-2199817F3911-LeaderElection60] INFO  server.RaftServerConfigKeys (ConfUtils.java:logGet(43)) - raft.server.staging.catchup.gap = 1000 (default)
2019-11-14 03:47:14,434 [6159a4a7-02ae-4457-ad8e-d99f5584798f@group-2199817F3911-LeaderElection60] INFO  server.RaftServerConfigKeys (ConfUtils.java:logGet(43)) - raft.server.rpc.sleep.time = 25ms (default)
2019-11-14 03:47:14,434 [grpc-default-executor-4] INFO  impl.RaftServerImpl (ServerState.java:setRaftConf(356)) - d8a9c999-7748-4aa6-a9a9-ef73d9884e3c@group-60F1FEF89361: set configuration 0: [d8a9c999-7748-4aa6-a9a9-ef73d9884e3c:192.168.157.206:34054, ad307801-f957-4403-adfc-9cdab46587c3:192.168.157.206:36473, bf247637-7e59-4671-9487-192b6829a40a:192.168.157.206:41118], old=null at 0
2019-11-14 03:47:14,434 [6159a4a7-02ae-4457-ad8e-d99f5584798f@group-2199817F3911-LeaderElection60] INFO  server.RaftServerConfigKeys (ConfUtils.java:logGet(43)) - raft.server.write.element-limit = 4096 (default)
2019-11-14 03:47:14,434 [grpc-default-executor-4] INFO  segmented.SegmentedRaftLogWorker (SegmentedRaftLogWorker.java:startLogSegment(385)) - d8a9c999-7748-4aa6-a9a9-ef73d9884e3c@group-60F1FEF89361-SegmentedRaftLogWorker: Starting segment from index:0
2019-11-14 03:47:14,435 [6159a4a7-02ae-4457-ad8e-d99f5584798f@group-2199817F3911-LeaderElection60] INFO  server.RaftServerConfigKeys (ConfUtils.java:logGet(43)) - raft.server.watch.timeout = 10s (default)
2019-11-14 03:47:14,435 [EventQueue-PipelineReportForPipelineReportHandler] INFO  pipeline.PipelineStateManager (PipelineStateManager.java:openPipeline(134)) - Pipeline Pipeline[ Id: b0e2046f-fc18-42a3-a893-2199817f3911, Nodes: 7901d021-b70d-41b4-a3ee-3511e4cb511a{ip: 192.168.157.206, host: trunk-nightly-20191114-k5n9k-339518648, networkLocation: /rack1, certSerialId: null}3a789c1e-652a-4343-9c47-49015e6a7e8b{ip: 192.168.157.206, host: trunk-nightly-20191114-k5n9k-339518648, networkLocation: /rack1, certSerialId: null}6159a4a7-02ae-4457-ad8e-d99f5584798f{ip: 192.168.157.206, host: trunk-nightly-20191114-k5n9k-339518648, networkLocation: /rack1, certSerialId: null}, Type:RATIS, Factor:THREE, State:OPEN] moved to OPEN state
2019-11-14 03:47:14,435 [grpc-default-executor-2] INFO  impl.RaftServerImpl (ServerState.java:setRaftConf(356)) - ad307801-f957-4403-adfc-9cdab46587c3@group-60F1FEF89361: set configuration 0: [d8a9c999-7748-4aa6-a9a9-ef73d9884e3c:192.168.157.206:34054, ad307801-f957-4403-adfc-9cdab46587c3:192.168.157.206:36473, bf247637-7e59-4671-9487-192b6829a40a:192.168.157.206:41118], old=null at 0
2019-11-14 03:47:14,435 [6159a4a7-02ae-4457-ad8e-d99f5584798f@group-2199817F3911-LeaderElection60] INFO  server.RaftServerConfigKeys (ConfUtils.java:logGet(43)) - raft.server.watch.timeout.denomination = 1s (default)
2019-11-14 03:47:14,435 [grpc-default-executor-2] INFO  segmented.SegmentedRaftLogWorker (SegmentedRaftLogWorker.java:startLogSegment(385)) - ad307801-f957-4403-adfc-9cdab46587c3@group-60F1FEF89361-SegmentedRaftLogWorker: Starting segment from index:0
2019-11-14 03:47:14,436 [6159a4a7-02ae-4457-ad8e-d99f5584798f@group-2199817F3911-LeaderElection60] INFO  server.RaftServerConfigKeys (ConfUtils.java:logGet(43)) - raft.server.watch.element-limit = 65536 (default)
2019-11-14 03:47:14,436 [6159a4a7-02ae-4457-ad8e-d99f5584798f@group-2199817F3911-LeaderElection60] INFO  server.RaftServerConfigKeys (ConfUtils.java:logGet(43)) - raft.server.log.appender.snapshot.chunk.size.max = 16MB (=16777216) (default)
2019-11-14 03:47:14,436 [6159a4a7-02ae-4457-ad8e-d99f5584798f@group-2199817F3911-LeaderElection60] INFO  server.RaftServerConfigKeys (ConfUtils.java:logGet(43)) - raft.server.log.appender.buffer.byte-limit = 33554432 (custom)
2019-11-14 03:47:14,436 [6159a4a7-02ae-4457-ad8e-d99f5584798f@group-2199817F3911-LeaderElection60] INFO  server.RaftServerConfigKeys (ConfUtils.java:logGet(43)) - raft.server.log.appender.buffer.element-limit = 1 (custom)
2019-11-14 03:47:14,437 [6159a4a7-02ae-4457-ad8e-d99f5584798f@group-2199817F3911-LeaderElection60] INFO  grpc.GrpcConfigKeys$Server (ConfUtils.java:logGet(43)) - raft.grpc.server.leader.outstanding.appends.max = 128 (default)
2019-11-14 03:47:14,437 [6159a4a7-02ae-4457-ad8e-d99f5584798f@group-2199817F3911-LeaderElection60] INFO  server.RaftServerConfigKeys (ConfUtils.java:logGet(43)) - raft.server.rpc.request.timeout = 3000ms (default)
2019-11-14 03:47:14,437 [6159a4a7-02ae-4457-ad8e-d99f5584798f@group-2199817F3911-LeaderElection60] INFO  server.RaftServerConfigKeys (ConfUtils.java:logGet(43)) - raft.server.log.appender.install.snapshot.enabled = false (custom)
2019-11-14 03:47:14,437 [6159a4a7-02ae-4457-ad8e-d99f5584798f@group-2199817F3911-LeaderElection60] WARN  impl.MetricRegistriesImpl (MetricRegistriesImpl.java:lambda$create$1(61)) - First MetricRegistry has been created without registering reporters. You may need to call MetricRegistries.global().addReportRegistration(...) before.
2019-11-14 03:47:14,437 [6159a4a7-02ae-4457-ad8e-d99f5584798f@group-2199817F3911-LeaderElection60] INFO  server.RaftServerConfigKeys (ConfUtils.java:logGet(43)) - raft.server.log.appender.snapshot.chunk.size.max = 16MB (=16777216) (default)
2019-11-14 03:47:14,438 [6159a4a7-02ae-4457-ad8e-d99f5584798f@group-2199817F3911-LeaderElection60] INFO  server.RaftServerConfigKeys (ConfUtils.java:logGet(43)) - raft.server.log.appender.buffer.byte-limit = 33554432 (custom)
2019-11-14 03:47:14,438 [6159a4a7-02ae-4457-ad8e-d99f5584798f@group-2199817F3911-LeaderElection60] INFO  server.RaftServerConfigKeys (ConfUtils.java:logGet(43)) - raft.server.log.appender.buffer.element-limit = 1 (custom)
2019-11-14 03:47:14,438 [6159a4a7-02ae-4457-ad8e-d99f5584798f@group-2199817F3911-LeaderElection60] INFO  grpc.GrpcConfigKeys$Server (ConfUtils.java:logGet(43)) - raft.grpc.server.leader.outstanding.appends.max = 128 (default)
2019-11-14 03:47:14,438 [6159a4a7-02ae-4457-ad8e-d99f5584798f@group-2199817F3911-LeaderElection60] INFO  server.RaftServerConfigKeys (ConfUtils.java:logGet(43)) - raft.server.rpc.request.timeout = 3000ms (default)
2019-11-14 03:47:14,438 [6159a4a7-02ae-4457-ad8e-d99f5584798f@group-2199817F3911-LeaderElection60] INFO  server.RaftServerConfigKeys (ConfUtils.java:logGet(43)) - raft.server.log.appender.install.snapshot.enabled = false (custom)
2019-11-14 03:47:14,438 [6159a4a7-02ae-4457-ad8e-d99f5584798f@group-2199817F3911-LeaderElection60] INFO  impl.RoleInfo (RoleInfo.java:updateAndGet(143)) - 6159a4a7-02ae-4457-ad8e-d99f5584798f: start LeaderState
2019-11-14 03:47:14,439 [6159a4a7-02ae-4457-ad8e-d99f5584798f@group-2199817F3911-LeaderElection60] INFO  segmented.SegmentedRaftLogWorker (SegmentedRaftLogWorker.java:startLogSegment(385)) - 6159a4a7-02ae-4457-ad8e-d99f5584798f@group-2199817F3911-SegmentedRaftLogWorker: Starting segment from index:0
2019-11-14 03:47:14,439 [6159a4a7-02ae-4457-ad8e-d99f5584798f@group-2199817F3911-LeaderElection60] INFO  impl.RaftServerImpl (ServerState.java:setRaftConf(356)) - 6159a4a7-02ae-4457-ad8e-d99f5584798f@group-2199817F3911: set configuration 0: [7901d021-b70d-41b4-a3ee-3511e4cb511a:192.168.157.206:32814, 6159a4a7-02ae-4457-ad8e-d99f5584798f:192.168.157.206:36722, 3a789c1e-652a-4343-9c47-49015e6a7e8b:192.168.157.206:36955], old=null at 0
2019-11-14 03:47:14,485 [bf247637-7e59-4671-9487-192b6829a40a@group-60F1FEF89361-SegmentedRaftLogWorker] INFO  segmented.SegmentedRaftLogWorker (SegmentedRaftLogWorker.java:execute(576)) - bf247637-7e59-4671-9487-192b6829a40a@group-60F1FEF89361-SegmentedRaftLogWorker: created new log segment /workdir/hadoop-ozone/integration-test/target/test-dir/MiniOzoneClusterImpl-db6fd866-6788-41aa-8e01-4626558b27a7/datanode-6/data/ratis/5b6408f2-cd0f-4820-9525-60f1fef89361/current/log_inprogress_0
2019-11-14 03:47:14,489 [grpc-default-executor-4] INFO  ratis.XceiverServerRatis (XceiverServerRatis.java:handleLeaderChangedNotification(697)) - Leader change notification received for group: group-2199817F3911 with new leaderId: 6159a4a7-02ae-4457-ad8e-d99f5584798f
2019-11-14 03:47:14,489 [grpc-default-executor-2] INFO  ratis.XceiverServerRatis (XceiverServerRatis.java:handleLeaderChangedNotification(697)) - Leader change notification received for group: group-2199817F3911 with new leaderId: 6159a4a7-02ae-4457-ad8e-d99f5584798f
2019-11-14 03:47:14,490 [grpc-default-executor-4] INFO  impl.RaftServerImpl (ServerState.java:setLeader(255)) - 3a789c1e-652a-4343-9c47-49015e6a7e8b@group-2199817F3911: change Leader from null to 6159a4a7-02ae-4457-ad8e-d99f5584798f at term 1 for appendEntries, leader elected after 1184ms
2019-11-14 03:47:14,490 [grpc-default-executor-2] INFO  impl.RaftServerImpl (ServerState.java:setLeader(255)) - 7901d021-b70d-41b4-a3ee-3511e4cb511a@group-2199817F3911: change Leader from null to 6159a4a7-02ae-4457-ad8e-d99f5584798f at term 1 for appendEntries, leader elected after 1184ms
2019-11-14 03:47:14,493 [grpc-default-executor-4] INFO  impl.RaftServerImpl (ServerState.java:setRaftConf(356)) - 7901d021-b70d-41b4-a3ee-3511e4cb511a@group-2199817F3911: set configuration 0: [7901d021-b70d-41b4-a3ee-3511e4cb511a:192.168.157.206:32814, 6159a4a7-02ae-4457-ad8e-d99f5584798f:192.168.157.206:36722, 3a789c1e-652a-4343-9c47-49015e6a7e8b:192.168.157.206:36955], old=null at 0
2019-11-14 03:47:14,493 [grpc-default-executor-2] INFO  impl.RaftServerImpl (ServerState.java:setRaftConf(356)) - 3a789c1e-652a-4343-9c47-49015e6a7e8b@group-2199817F3911: set configuration 0: [7901d021-b70d-41b4-a3ee-3511e4cb511a:192.168.157.206:32814, 6159a4a7-02ae-4457-ad8e-d99f5584798f:192.168.157.206:36722, 3a789c1e-652a-4343-9c47-49015e6a7e8b:192.168.157.206:36955], old=null at 0
2019-11-14 03:47:14,493 [grpc-default-executor-4] INFO  segmented.SegmentedRaftLogWorker (SegmentedRaftLogWorker.java:startLogSegment(385)) - 7901d021-b70d-41b4-a3ee-3511e4cb511a@group-2199817F3911-SegmentedRaftLogWorker: Starting segment from index:0
2019-11-14 03:47:14,494 [grpc-default-executor-2] INFO  segmented.SegmentedRaftLogWorker (SegmentedRaftLogWorker.java:startLogSegment(385)) - 3a789c1e-652a-4343-9c47-49015e6a7e8b@group-2199817F3911-SegmentedRaftLogWorker: Starting segment from index:0
2019-11-14 03:47:14,497 [6159a4a7-02ae-4457-ad8e-d99f5584798f@group-2199817F3911-SegmentedRaftLogWorker] INFO  segmented.SegmentedRaftLogWorker (SegmentedRaftLogWorker.java:execute(576)) - 6159a4a7-02ae-4457-ad8e-d99f5584798f@group-2199817F3911-SegmentedRaftLogWorker: created new log segment /workdir/hadoop-ozone/integration-test/target/test-dir/MiniOzoneClusterImpl-db6fd866-6788-41aa-8e01-4626558b27a7/datanode-7/data/ratis/b0e2046f-fc18-42a3-a893-2199817f3911/current/log_inprogress_0
2019-11-14 03:47:14,498 [d8a9c999-7748-4aa6-a9a9-ef73d9884e3c@group-60F1FEF89361-SegmentedRaftLogWorker] INFO  segmented.SegmentedRaftLogWorker (SegmentedRaftLogWorker.java:execute(576)) - d8a9c999-7748-4aa6-a9a9-ef73d9884e3c@group-60F1FEF89361-SegmentedRaftLogWorker: created new log segment /workdir/hadoop-ozone/integration-test/target/test-dir/MiniOzoneClusterImpl-db6fd866-6788-41aa-8e01-4626558b27a7/datanode-3/data/ratis/5b6408f2-cd0f-4820-9525-60f1fef89361/current/log_inprogress_0
2019-11-14 03:47:14,497 [ad307801-f957-4403-adfc-9cdab46587c3@group-60F1FEF89361-SegmentedRaftLogWorker] INFO  segmented.SegmentedRaftLogWorker (SegmentedRaftLogWorker.java:execute(576)) - ad307801-f957-4403-adfc-9cdab46587c3@group-60F1FEF89361-SegmentedRaftLogWorker: created new log segment /workdir/hadoop-ozone/integration-test/target/test-dir/MiniOzoneClusterImpl-db6fd866-6788-41aa-8e01-4626558b27a7/datanode-8/data/ratis/5b6408f2-cd0f-4820-9525-60f1fef89361/current/log_inprogress_0
2019-11-14 03:47:14,549 [3a789c1e-652a-4343-9c47-49015e6a7e8b@group-2199817F3911-SegmentedRaftLogWorker] INFO  segmented.SegmentedRaftLogWorker (SegmentedRaftLogWorker.java:execute(576)) - 3a789c1e-652a-4343-9c47-49015e6a7e8b@group-2199817F3911-SegmentedRaftLogWorker: created new log segment /workdir/hadoop-ozone/integration-test/target/test-dir/MiniOzoneClusterImpl-db6fd866-6788-41aa-8e01-4626558b27a7/datanode-5/data/ratis/b0e2046f-fc18-42a3-a893-2199817f3911/current/log_inprogress_0
2019-11-14 03:47:14,549 [7901d021-b70d-41b4-a3ee-3511e4cb511a@group-2199817F3911-SegmentedRaftLogWorker] INFO  segmented.SegmentedRaftLogWorker (SegmentedRaftLogWorker.java:execute(576)) - 7901d021-b70d-41b4-a3ee-3511e4cb511a@group-2199817F3911-SegmentedRaftLogWorker: created new log segment /workdir/hadoop-ozone/integration-test/target/test-dir/MiniOzoneClusterImpl-db6fd866-6788-41aa-8e01-4626558b27a7/datanode-9/data/ratis/b0e2046f-fc18-42a3-a893-2199817f3911/current/log_inprogress_0
2019-11-14 03:47:14,901 [Thread-1487] INFO  impl.FollowerState (FollowerState.java:run(111)) - 78429c2b-19b5-43a0-84bb-c976fd750a70@group-4767E57A5C9A-FollowerState: change to CANDIDATE, lastRpcTime:1125ms, electionTimeout:1125ms
2019-11-14 03:47:14,901 [Thread-1487] INFO  impl.RoleInfo (RoleInfo.java:shutdownFollowerState(121)) - 78429c2b-19b5-43a0-84bb-c976fd750a70: shutdown FollowerState
2019-11-14 03:47:14,901 [Thread-1487] INFO  impl.RaftServerImpl (RaftServerImpl.java:setRole(173)) - 78429c2b-19b5-43a0-84bb-c976fd750a70@group-4767E57A5C9A: changes role from  FOLLOWER to CANDIDATE at term 1 for changeToCandidate
2019-11-14 03:47:14,902 [Thread-1487] INFO  impl.RoleInfo (RoleInfo.java:updateAndGet(143)) - 78429c2b-19b5-43a0-84bb-c976fd750a70: start LeaderElection
2019-11-14 03:47:14,906 [Thread-1488] INFO  impl.FollowerState (FollowerState.java:run(111)) - 6c36bdee-0f85-4acd-86c8-ce53960cf4ab@group-4767E57A5C9A-FollowerState: change to CANDIDATE, lastRpcTime:1129ms, electionTimeout:1127ms
2019-11-14 03:47:14,906 [Thread-1488] INFO  impl.RoleInfo (RoleInfo.java:shutdownFollowerState(121)) - 6c36bdee-0f85-4acd-86c8-ce53960cf4ab: shutdown FollowerState
2019-11-14 03:47:14,906 [Thread-1488] INFO  impl.RaftServerImpl (RaftServerImpl.java:setRole(173)) - 6c36bdee-0f85-4acd-86c8-ce53960cf4ab@group-4767E57A5C9A: changes role from  FOLLOWER to CANDIDATE at term 1 for changeToCandidate
2019-11-14 03:47:14,906 [Thread-1488] INFO  impl.RoleInfo (RoleInfo.java:updateAndGet(143)) - 6c36bdee-0f85-4acd-86c8-ce53960cf4ab: start LeaderElection
2019-11-14 03:47:14,933 [6c36bdee-0f85-4acd-86c8-ce53960cf4ab@group-4767E57A5C9A-LeaderElection62] INFO  impl.LeaderElection (LeaderElection.java:askForVotes(178)) - 6c36bdee-0f85-4acd-86c8-ce53960cf4ab@group-4767E57A5C9A-LeaderElection62: begin an election at term 2 for -1: [6c36bdee-0f85-4acd-86c8-ce53960cf4ab:192.168.157.206:40913, 78429c2b-19b5-43a0-84bb-c976fd750a70:192.168.157.206:33494, d4b369d8-a85d-4b99-b953-37bddccdea6c:192.168.157.206:40232], old=null
2019-11-14 03:47:14,933 [78429c2b-19b5-43a0-84bb-c976fd750a70@group-4767E57A5C9A-LeaderElection61] INFO  impl.LeaderElection (LeaderElection.java:askForVotes(178)) - 78429c2b-19b5-43a0-84bb-c976fd750a70@group-4767E57A5C9A-LeaderElection61: begin an election at term 2 for -1: [6c36bdee-0f85-4acd-86c8-ce53960cf4ab:192.168.157.206:40913, 78429c2b-19b5-43a0-84bb-c976fd750a70:192.168.157.206:33494, d4b369d8-a85d-4b99-b953-37bddccdea6c:192.168.157.206:40232], old=null
2019-11-14 03:47:14,938 [grpc-default-executor-6] INFO  impl.RaftServerImpl (RaftServerImpl.java:setRole(173)) - d4b369d8-a85d-4b99-b953-37bddccdea6c@group-4767E57A5C9A: changes role from  FOLLOWER to FOLLOWER at term 2 for recognizeCandidate:6c36bdee-0f85-4acd-86c8-ce53960cf4ab
2019-11-14 03:47:14,938 [grpc-default-executor-6] INFO  impl.RoleInfo (RoleInfo.java:shutdownFollowerState(121)) - d4b369d8-a85d-4b99-b953-37bddccdea6c: shutdown FollowerState
2019-11-14 03:47:14,938 [grpc-default-executor-6] INFO  impl.RoleInfo (RoleInfo.java:updateAndGet(143)) - d4b369d8-a85d-4b99-b953-37bddccdea6c: start FollowerState
2019-11-14 03:47:14,938 [Thread-1486] INFO  impl.FollowerState (FollowerState.java:run(120)) - d4b369d8-a85d-4b99-b953-37bddccdea6c@group-4767E57A5C9A-FollowerState was interrupted: java.lang.InterruptedException: sleep interrupted
2019-11-14 03:47:14,965 [78429c2b-19b5-43a0-84bb-c976fd750a70@group-4767E57A5C9A-LeaderElection61] INFO  impl.LeaderElection (LeaderElection.java:logAndReturn(56)) - 78429c2b-19b5-43a0-84bb-c976fd750a70@group-4767E57A5C9A-LeaderElection61: Election REJECTED; received 2 response(s) [78429c2b-19b5-43a0-84bb-c976fd750a70<-6c36bdee-0f85-4acd-86c8-ce53960cf4ab#0:FAIL-t2, 78429c2b-19b5-43a0-84bb-c976fd750a70<-d4b369d8-a85d-4b99-b953-37bddccdea6c#0:FAIL-t2] and 0 exception(s); 78429c2b-19b5-43a0-84bb-c976fd750a70@group-4767E57A5C9A:t2, leader=null, voted=78429c2b-19b5-43a0-84bb-c976fd750a70, raftlog=78429c2b-19b5-43a0-84bb-c976fd750a70@group-4767E57A5C9A-SegmentedRaftLog:OPENED:c-1,f-1,i0, conf=-1: [6c36bdee-0f85-4acd-86c8-ce53960cf4ab:192.168.157.206:40913, 78429c2b-19b5-43a0-84bb-c976fd750a70:192.168.157.206:33494, d4b369d8-a85d-4b99-b953-37bddccdea6c:192.168.157.206:40232], old=null
2019-11-14 03:47:14,965 [6c36bdee-0f85-4acd-86c8-ce53960cf4ab@group-4767E57A5C9A-LeaderElection62] INFO  impl.LeaderElection (LeaderElection.java:logAndReturn(56)) - 6c36bdee-0f85-4acd-86c8-ce53960cf4ab@group-4767E57A5C9A-LeaderElection62: Election PASSED; received 2 response(s) [6c36bdee-0f85-4acd-86c8-ce53960cf4ab<-78429c2b-19b5-43a0-84bb-c976fd750a70#0:FAIL-t2, 6c36bdee-0f85-4acd-86c8-ce53960cf4ab<-d4b369d8-a85d-4b99-b953-37bddccdea6c#0:OK-t2] and 0 exception(s); 6c36bdee-0f85-4acd-86c8-ce53960cf4ab@group-4767E57A5C9A:t2, leader=null, voted=6c36bdee-0f85-4acd-86c8-ce53960cf4ab, raftlog=6c36bdee-0f85-4acd-86c8-ce53960cf4ab@group-4767E57A5C9A-SegmentedRaftLog:OPENED:c-1,f-1,i0, conf=-1: [6c36bdee-0f85-4acd-86c8-ce53960cf4ab:192.168.157.206:40913, 78429c2b-19b5-43a0-84bb-c976fd750a70:192.168.157.206:33494, d4b369d8-a85d-4b99-b953-37bddccdea6c:192.168.157.206:40232], old=null
2019-11-14 03:47:14,965 [78429c2b-19b5-43a0-84bb-c976fd750a70@group-4767E57A5C9A-LeaderElection61] INFO  impl.RaftServerImpl (RaftServerImpl.java:setRole(173)) - 78429c2b-19b5-43a0-84bb-c976fd750a70@group-4767E57A5C9A: changes role from CANDIDATE to FOLLOWER at term 2 for DISCOVERED_A_NEW_TERM
2019-11-14 03:47:14,965 [6c36bdee-0f85-4acd-86c8-ce53960cf4ab@group-4767E57A5C9A-LeaderElection62] INFO  impl.RoleInfo (RoleInfo.java:shutdownLeaderElection(134)) - 6c36bdee-0f85-4acd-86c8-ce53960cf4ab: shutdown LeaderElection
2019-11-14 03:47:14,965 [78429c2b-19b5-43a0-84bb-c976fd750a70@group-4767E57A5C9A-LeaderElection61] INFO  impl.RoleInfo (RoleInfo.java:shutdownLeaderElection(134)) - 78429c2b-19b5-43a0-84bb-c976fd750a70: shutdown LeaderElection
2019-11-14 03:47:14,966 [6c36bdee-0f85-4acd-86c8-ce53960cf4ab@group-4767E57A5C9A-LeaderElection62] INFO  impl.RaftServerImpl (RaftServerImpl.java:setRole(173)) - 6c36bdee-0f85-4acd-86c8-ce53960cf4ab@group-4767E57A5C9A: changes role from CANDIDATE to LEADER at term 2 for changeToLeader
2019-11-14 03:47:14,966 [78429c2b-19b5-43a0-84bb-c976fd750a70@group-4767E57A5C9A-LeaderElection61] INFO  impl.RoleInfo (RoleInfo.java:updateAndGet(143)) - 78429c2b-19b5-43a0-84bb-c976fd750a70: start FollowerState
2019-11-14 03:47:14,966 [6c36bdee-0f85-4acd-86c8-ce53960cf4ab@group-4767E57A5C9A-LeaderElection62] INFO  ratis.XceiverServerRatis (XceiverServerRatis.java:handleLeaderChangedNotification(697)) - Leader change notification received for group: group-4767E57A5C9A with new leaderId: 6c36bdee-0f85-4acd-86c8-ce53960cf4ab
2019-11-14 03:47:14,966 [6c36bdee-0f85-4acd-86c8-ce53960cf4ab@group-4767E57A5C9A-LeaderElection62] INFO  impl.RaftServerImpl (ServerState.java:setLeader(255)) - 6c36bdee-0f85-4acd-86c8-ce53960cf4ab@group-4767E57A5C9A: change Leader from null to 6c36bdee-0f85-4acd-86c8-ce53960cf4ab at term 2 for becomeLeader, leader elected after 2378ms
2019-11-14 03:47:14,966 [6c36bdee-0f85-4acd-86c8-ce53960cf4ab@group-4767E57A5C9A-LeaderElection62] INFO  server.RaftServerConfigKeys (ConfUtils.java:logGet(43)) - raft.server.staging.catchup.gap = 1000 (default)
2019-11-14 03:47:14,966 [6c36bdee-0f85-4acd-86c8-ce53960cf4ab@group-4767E57A5C9A-LeaderElection62] INFO  server.RaftServerConfigKeys (ConfUtils.java:logGet(43)) - raft.server.rpc.sleep.time = 25ms (default)
2019-11-14 03:47:14,967 [6c36bdee-0f85-4acd-86c8-ce53960cf4ab@group-4767E57A5C9A-LeaderElection62] INFO  server.RaftServerConfigKeys (ConfUtils.java:logGet(43)) - raft.server.write.element-limit = 4096 (default)
2019-11-14 03:47:14,967 [6c36bdee-0f85-4acd-86c8-ce53960cf4ab@group-4767E57A5C9A-LeaderElection62] INFO  server.RaftServerConfigKeys (ConfUtils.java:logGet(43)) - raft.server.watch.timeout = 10s (default)
2019-11-14 03:47:14,967 [6c36bdee-0f85-4acd-86c8-ce53960cf4ab@group-4767E57A5C9A-LeaderElection62] INFO  server.RaftServerConfigKeys (ConfUtils.java:logGet(43)) - raft.server.watch.timeout.denomination = 1s (default)
2019-11-14 03:47:14,967 [6c36bdee-0f85-4acd-86c8-ce53960cf4ab@group-4767E57A5C9A-LeaderElection62] INFO  server.RaftServerConfigKeys (ConfUtils.java:logGet(43)) - raft.server.watch.element-limit = 65536 (default)
2019-11-14 03:47:14,967 [6c36bdee-0f85-4acd-86c8-ce53960cf4ab@group-4767E57A5C9A-LeaderElection62] INFO  server.RaftServerConfigKeys (ConfUtils.java:logGet(43)) - raft.server.log.appender.snapshot.chunk.size.max = 16MB (=16777216) (default)
2019-11-14 03:47:14,968 [EventQueue-PipelineReportForPipelineReportHandler] INFO  pipeline.PipelineStateManager (PipelineStateManager.java:openPipeline(134)) - Pipeline Pipeline[ Id: d6c540fe-d211-4120-bc37-4767e57a5c9a, Nodes: d4b369d8-a85d-4b99-b953-37bddccdea6c{ip: 192.168.157.206, host: trunk-nightly-20191114-k5n9k-339518648, networkLocation: /rack1, certSerialId: null}78429c2b-19b5-43a0-84bb-c976fd750a70{ip: 192.168.157.206, host: trunk-nightly-20191114-k5n9k-339518648, networkLocation: /rack1, certSerialId: null}6c36bdee-0f85-4acd-86c8-ce53960cf4ab{ip: 192.168.157.206, host: trunk-nightly-20191114-k5n9k-339518648, networkLocation: /rack1, certSerialId: null}, Type:RATIS, Factor:THREE, State:OPEN] moved to OPEN state
2019-11-14 03:47:14,968 [6c36bdee-0f85-4acd-86c8-ce53960cf4ab@group-4767E57A5C9A-LeaderElection62] INFO  server.RaftServerConfigKeys (ConfUtils.java:logGet(43)) - raft.server.log.appender.buffer.byte-limit = 33554432 (custom)
2019-11-14 03:47:14,968 [6c36bdee-0f85-4acd-86c8-ce53960cf4ab@group-4767E57A5C9A-LeaderElection62] INFO  server.RaftServerConfigKeys (ConfUtils.java:logGet(43)) - raft.server.log.appender.buffer.element-limit = 1 (custom)
2019-11-14 03:47:14,968 [6c36bdee-0f85-4acd-86c8-ce53960cf4ab@group-4767E57A5C9A-LeaderElection62] INFO  grpc.GrpcConfigKeys$Server (ConfUtils.java:logGet(43)) - raft.grpc.server.leader.outstanding.appends.max = 128 (default)
2019-11-14 03:47:14,968 [6c36bdee-0f85-4acd-86c8-ce53960cf4ab@group-4767E57A5C9A-LeaderElection62] INFO  server.RaftServerConfigKeys (ConfUtils.java:logGet(43)) - raft.server.rpc.request.timeout = 3000ms (default)
2019-11-14 03:47:14,968 [6c36bdee-0f85-4acd-86c8-ce53960cf4ab@group-4767E57A5C9A-LeaderElection62] INFO  server.RaftServerConfigKeys (ConfUtils.java:logGet(43)) - raft.server.log.appender.install.snapshot.enabled = false (custom)
2019-11-14 03:47:14,969 [6c36bdee-0f85-4acd-86c8-ce53960cf4ab@group-4767E57A5C9A-LeaderElection62] WARN  impl.MetricRegistriesImpl (MetricRegistriesImpl.java:lambda$create$1(61)) - First MetricRegistry has been created without registering reporters. You may need to call MetricRegistries.global().addReportRegistration(...) before.
2019-11-14 03:47:14,969 [6c36bdee-0f85-4acd-86c8-ce53960cf4ab@group-4767E57A5C9A-LeaderElection62] INFO  server.RaftServerConfigKeys (ConfUtils.java:logGet(43)) - raft.server.log.appender.snapshot.chunk.size.max = 16MB (=16777216) (default)
2019-11-14 03:47:14,969 [6c36bdee-0f85-4acd-86c8-ce53960cf4ab@group-4767E57A5C9A-LeaderElection62] INFO  server.RaftServerConfigKeys (ConfUtils.java:logGet(43)) - raft.server.log.appender.buffer.byte-limit = 33554432 (custom)
2019-11-14 03:47:14,969 [6c36bdee-0f85-4acd-86c8-ce53960cf4ab@group-4767E57A5C9A-LeaderElection62] INFO  server.RaftServerConfigKeys (ConfUtils.java:logGet(43)) - raft.server.log.appender.buffer.element-limit = 1 (custom)
2019-11-14 03:47:14,969 [6c36bdee-0f85-4acd-86c8-ce53960cf4ab@group-4767E57A5C9A-LeaderElection62] INFO  grpc.GrpcConfigKeys$Server (ConfUtils.java:logGet(43)) - raft.grpc.server.leader.outstanding.appends.max = 128 (default)
2019-11-14 03:47:14,969 [6c36bdee-0f85-4acd-86c8-ce53960cf4ab@group-4767E57A5C9A-LeaderElection62] INFO  server.RaftServerConfigKeys (ConfUtils.java:logGet(43)) - raft.server.rpc.request.timeout = 3000ms (default)
2019-11-14 03:47:14,970 [6c36bdee-0f85-4acd-86c8-ce53960cf4ab@group-4767E57A5C9A-LeaderElection62] INFO  server.RaftServerConfigKeys (ConfUtils.java:logGet(43)) - raft.server.log.appender.install.snapshot.enabled = false (custom)
2019-11-14 03:47:14,970 [6c36bdee-0f85-4acd-86c8-ce53960cf4ab@group-4767E57A5C9A-LeaderElection62] INFO  impl.RoleInfo (RoleInfo.java:updateAndGet(143)) - 6c36bdee-0f85-4acd-86c8-ce53960cf4ab: start LeaderState
2019-11-14 03:47:14,970 [6c36bdee-0f85-4acd-86c8-ce53960cf4ab@group-4767E57A5C9A-LeaderElection62] INFO  segmented.SegmentedRaftLogWorker (SegmentedRaftLogWorker.java:startLogSegment(385)) - 6c36bdee-0f85-4acd-86c8-ce53960cf4ab@group-4767E57A5C9A-SegmentedRaftLogWorker: Starting segment from index:0
2019-11-14 03:47:14,971 [6c36bdee-0f85-4acd-86c8-ce53960cf4ab@group-4767E57A5C9A-LeaderElection62] INFO  impl.RaftServerImpl (ServerState.java:setRaftConf(356)) - 6c36bdee-0f85-4acd-86c8-ce53960cf4ab@group-4767E57A5C9A: set configuration 0: [6c36bdee-0f85-4acd-86c8-ce53960cf4ab:192.168.157.206:40913, 78429c2b-19b5-43a0-84bb-c976fd750a70:192.168.157.206:33494, d4b369d8-a85d-4b99-b953-37bddccdea6c:192.168.157.206:40232], old=null at 0
2019-11-14 03:47:15,008 [grpc-default-executor-2] INFO  ratis.XceiverServerRatis (XceiverServerRatis.java:handleLeaderChangedNotification(697)) - Leader change notification received for group: group-4767E57A5C9A with new leaderId: 6c36bdee-0f85-4acd-86c8-ce53960cf4ab
2019-11-14 03:47:15,008 [grpc-default-executor-6] INFO  ratis.XceiverServerRatis (XceiverServerRatis.java:handleLeaderChangedNotification(697)) - Leader change notification received for group: group-4767E57A5C9A with new leaderId: 6c36bdee-0f85-4acd-86c8-ce53960cf4ab
2019-11-14 03:47:15,009 [grpc-default-executor-2] INFO  impl.RaftServerImpl (ServerState.java:setLeader(255)) - d4b369d8-a85d-4b99-b953-37bddccdea6c@group-4767E57A5C9A: change Leader from null to 6c36bdee-0f85-4acd-86c8-ce53960cf4ab at term 2 for appendEntries, leader elected after 2420ms
2019-11-14 03:47:15,009 [grpc-default-executor-6] INFO  impl.RaftServerImpl (ServerState.java:setLeader(255)) - 78429c2b-19b5-43a0-84bb-c976fd750a70@group-4767E57A5C9A: change Leader from null to 6c36bdee-0f85-4acd-86c8-ce53960cf4ab at term 2 for appendEntries, leader elected after 2420ms
2019-11-14 03:47:15,011 [grpc-default-executor-6] INFO  impl.RaftServerImpl (ServerState.java:setRaftConf(356)) - d4b369d8-a85d-4b99-b953-37bddccdea6c@group-4767E57A5C9A: set configuration 0: [6c36bdee-0f85-4acd-86c8-ce53960cf4ab:192.168.157.206:40913, 78429c2b-19b5-43a0-84bb-c976fd750a70:192.168.157.206:33494, d4b369d8-a85d-4b99-b953-37bddccdea6c:192.168.157.206:40232], old=null at 0
2019-11-14 03:47:15,011 [grpc-default-executor-2] INFO  impl.RaftServerImpl (ServerState.java:setRaftConf(356)) - 78429c2b-19b5-43a0-84bb-c976fd750a70@group-4767E57A5C9A: set configuration 0: [6c36bdee-0f85-4acd-86c8-ce53960cf4ab:192.168.157.206:40913, 78429c2b-19b5-43a0-84bb-c976fd750a70:192.168.157.206:33494, d4b369d8-a85d-4b99-b953-37bddccdea6c:192.168.157.206:40232], old=null at 0
2019-11-14 03:47:15,011 [grpc-default-executor-6] INFO  segmented.SegmentedRaftLogWorker (SegmentedRaftLogWorker.java:startLogSegment(385)) - d4b369d8-a85d-4b99-b953-37bddccdea6c@group-4767E57A5C9A-SegmentedRaftLogWorker: Starting segment from index:0
2019-11-14 03:47:15,012 [grpc-default-executor-2] INFO  segmented.SegmentedRaftLogWorker (SegmentedRaftLogWorker.java:startLogSegment(385)) - 78429c2b-19b5-43a0-84bb-c976fd750a70@group-4767E57A5C9A-SegmentedRaftLogWorker: Starting segment from index:0
2019-11-14 03:47:15,020 [6c36bdee-0f85-4acd-86c8-ce53960cf4ab@group-4767E57A5C9A-SegmentedRaftLogWorker] INFO  segmented.SegmentedRaftLogWorker (SegmentedRaftLogWorker.java:execute(576)) - 6c36bdee-0f85-4acd-86c8-ce53960cf4ab@group-4767E57A5C9A-SegmentedRaftLogWorker: created new log segment /workdir/hadoop-ozone/integration-test/target/test-dir/MiniOzoneClusterImpl-db6fd866-6788-41aa-8e01-4626558b27a7/datanode-0/data/ratis/d6c540fe-d211-4120-bc37-4767e57a5c9a/current/log_inprogress_0
2019-11-14 03:47:15,070 [78429c2b-19b5-43a0-84bb-c976fd750a70@group-4767E57A5C9A-SegmentedRaftLogWorker] INFO  segmented.SegmentedRaftLogWorker (SegmentedRaftLogWorker.java:execute(576)) - 78429c2b-19b5-43a0-84bb-c976fd750a70@group-4767E57A5C9A-SegmentedRaftLogWorker: created new log segment /workdir/hadoop-ozone/integration-test/target/test-dir/MiniOzoneClusterImpl-db6fd866-6788-41aa-8e01-4626558b27a7/datanode-1/data/ratis/d6c540fe-d211-4120-bc37-4767e57a5c9a/current/log_inprogress_0
2019-11-14 03:47:15,070 [d4b369d8-a85d-4b99-b953-37bddccdea6c@group-4767E57A5C9A-SegmentedRaftLogWorker] INFO  segmented.SegmentedRaftLogWorker (SegmentedRaftLogWorker.java:execute(576)) - d4b369d8-a85d-4b99-b953-37bddccdea6c@group-4767E57A5C9A-SegmentedRaftLogWorker: created new log segment /workdir/hadoop-ozone/integration-test/target/test-dir/MiniOzoneClusterImpl-db6fd866-6788-41aa-8e01-4626558b27a7/datanode-2/data/ratis/d6c540fe-d211-4120-bc37-4767e57a5c9a/current/log_inprogress_0
2019-11-14 03:47:15,326 [main] INFO  ozone.MiniOzoneClusterImpl (MiniOzoneClusterImpl.java:lambda$waitForClusterToBeReady$2(171)) - Cluster is ready. Got 10 of 10 DN Heartbeats.
2019-11-14 03:47:15,347 [Thread-1413] INFO  container.ReplicationManager (ReplicationManager.java:start(162)) - Starting Replication Monitor Thread.
2019-11-14 03:47:15,348 [Thread-1413] INFO  pipeline.SCMPipelineManager (SCMPipelineManager.java:finalizeAndDestroyPipeline(315)) - destroying pipeline:Pipeline[ Id: c2abd12d-7274-4742-90f9-8c7334814b3b, Nodes: 78429c2b-19b5-43a0-84bb-c976fd750a70{ip: 192.168.157.206, host: trunk-nightly-20191114-k5n9k-339518648, networkLocation: /rack1, certSerialId: null}, Type:RATIS, Factor:ONE, State:OPEN]
2019-11-14 03:47:15,350 [ReplicationMonitor] INFO  container.ReplicationManager (ReplicationManager.java:run(225)) - Replication Monitor Thread took 0 milliseconds for processing 0 containers.
2019-11-14 03:47:15,350 [Thread-1413] INFO  pipeline.PipelineStateManager (PipelineStateManager.java:finalizePipeline(121)) - Pipeline Pipeline[ Id: c2abd12d-7274-4742-90f9-8c7334814b3b, Nodes: 78429c2b-19b5-43a0-84bb-c976fd750a70{ip: 192.168.157.206, host: trunk-nightly-20191114-k5n9k-339518648, networkLocation: /rack1, certSerialId: null}, Type:RATIS, Factor:ONE, State:CLOSED] moved to CLOSED state
2019-11-14 03:47:15,366 [grpc-default-executor-2] INFO  impl.RaftServerProxy (RaftServerProxy.java:remove(95)) - 78429c2b-19b5-43a0-84bb-c976fd750a70: remove    LEADER 78429c2b-19b5-43a0-84bb-c976fd750a70@group-8C7334814B3B:t1, leader=78429c2b-19b5-43a0-84bb-c976fd750a70, voted=78429c2b-19b5-43a0-84bb-c976fd750a70, raftlog=78429c2b-19b5-43a0-84bb-c976fd750a70@group-8C7334814B3B-SegmentedRaftLog:OPENED:c0,f0,i0, conf=0: [78429c2b-19b5-43a0-84bb-c976fd750a70:192.168.157.206:33494], old=null RUNNING
2019-11-14 03:47:15,367 [grpc-default-executor-2] INFO  impl.RaftServerImpl (RaftServerImpl.java:lambda$shutdown$3(250)) - 78429c2b-19b5-43a0-84bb-c976fd750a70@group-8C7334814B3B: shutdown
2019-11-14 03:47:15,367 [grpc-default-executor-2] INFO  util.JmxRegister (JmxRegister.java:unregister(73)) - Successfully un-registered JMX Bean with object name Ratis:service=RaftServer,group=group-8C7334814B3B,id=78429c2b-19b5-43a0-84bb-c976fd750a70
2019-11-14 03:47:15,367 [grpc-default-executor-2] INFO  impl.RoleInfo (RoleInfo.java:shutdownLeaderState(104)) - 78429c2b-19b5-43a0-84bb-c976fd750a70: shutdown LeaderState
2019-11-14 03:47:15,367 [grpc-default-executor-2] INFO  impl.PendingRequests (PendingRequests.java:sendNotLeaderResponses(206)) - 78429c2b-19b5-43a0-84bb-c976fd750a70@group-8C7334814B3B-PendingRequests: sendNotLeaderResponses
2019-11-14 03:47:15,368 [grpc-default-executor-2] INFO  impl.StateMachineUpdater (StateMachineUpdater.java:stopAndJoin(136)) - 78429c2b-19b5-43a0-84bb-c976fd750a70@group-8C7334814B3B-StateMachineUpdater: set stopIndex = 0
2019-11-14 03:47:15,368 [grpc-default-executor-2] INFO  impl.RaftServerImpl (ServerState.java:close(387)) - 78429c2b-19b5-43a0-84bb-c976fd750a70@group-8C7334814B3B: closes. applyIndex: 0
2019-11-14 03:47:15,371 [78429c2b-19b5-43a0-84bb-c976fd750a70@group-8C7334814B3B-SegmentedRaftLogWorker] INFO  segmented.SegmentedRaftLogWorker (SegmentedRaftLogWorker.java:run(316)) - 78429c2b-19b5-43a0-84bb-c976fd750a70@group-8C7334814B3B-SegmentedRaftLogWorker was interrupted, exiting. There are 0 tasks remaining in the queue.
2019-11-14 03:47:15,373 [grpc-default-executor-2] INFO  segmented.SegmentedRaftLogWorker (SegmentedRaftLogWorker.java:close(224)) - 78429c2b-19b5-43a0-84bb-c976fd750a70@group-8C7334814B3B-SegmentedRaftLogWorker close()
2019-11-14 03:47:15,401 [Thread-1413] INFO  pipeline.PipelineStateManager (PipelineStateManager.java:removePipeline(106)) - Pipeline Pipeline[ Id: c2abd12d-7274-4742-90f9-8c7334814b3b, Nodes: 78429c2b-19b5-43a0-84bb-c976fd750a70{ip: 192.168.157.206, host: trunk-nightly-20191114-k5n9k-339518648, networkLocation: /rack1, certSerialId: null}, Type:RATIS, Factor:ONE, State:CLOSED] removed from db
2019-11-14 03:47:15,404 [Thread-1413] INFO  pipeline.SCMPipelineManager (SCMPipelineManager.java:finalizeAndDestroyPipeline(315)) - destroying pipeline:Pipeline[ Id: dc0450da-7ac2-4dfc-a80b-e7518b0472bf, Nodes: d8a9c999-7748-4aa6-a9a9-ef73d9884e3c{ip: 192.168.157.206, host: trunk-nightly-20191114-k5n9k-339518648, networkLocation: /rack1, certSerialId: null}, Type:RATIS, Factor:ONE, State:OPEN]
2019-11-14 03:47:15,406 [main] INFO  rpc.RpcClient (RpcClient.java:createVolume(292)) - Creating Volume: datanodefailurehandlingtest, with jenkins1000 as owner.
2019-11-14 03:47:15,409 [grpc-default-executor-2] INFO  impl.RaftServerProxy (RaftServerProxy.java:addNew(89)) - 78429c2b-19b5-43a0-84bb-c976fd750a70: addNew group-B387C3F5DF5F:[78429c2b-19b5-43a0-84bb-c976fd750a70:192.168.157.206:33494] returns group-B387C3F5DF5F:java.util.concurrent.CompletableFuture@4dcacd21[Not completed]
2019-11-14 03:47:15,410 [IPC Server handler 1 on 40883] INFO  volume.OMVolumeCreateRequest (OMVolumeCreateRequest.java:validateAndUpdateCache(193)) - created volume:datanodefailurehandlingtest for user:jenkins1000
2019-11-14 03:47:15,413 [pool-159-thread-1] INFO  impl.RaftServerImpl (RaftServerImpl.java:<init>(98)) - 78429c2b-19b5-43a0-84bb-c976fd750a70: new RaftServerImpl for group-B387C3F5DF5F:[78429c2b-19b5-43a0-84bb-c976fd750a70:192.168.157.206:33494] with ContainerStateMachine:uninitialized
2019-11-14 03:47:15,414 [pool-159-thread-1] INFO  server.RaftServerConfigKeys (ConfUtils.java:logGet(43)) - raft.server.rpc.timeout.min = 1s (custom)
2019-11-14 03:47:15,414 [pool-159-thread-1] INFO  server.RaftServerConfigKeys (ConfUtils.java:logGet(43)) - raft.server.rpc.timeout.max = 1200ms (custom)
2019-11-14 03:47:15,414 [pool-159-thread-1] INFO  server.RaftServerConfigKeys (ConfUtils.java:logGet(43)) - raft.server.rpcslowness.timeout = 120s (custom)
2019-11-14 03:47:15,414 [pool-159-thread-1] INFO  server.RaftServerConfigKeys (ConfUtils.java:logGet(43)) - raft.server.sleep.deviation.threshold = 300 (default)
2019-11-14 03:47:15,414 [pool-159-thread-1] INFO  server.RaftServerConfigKeys (ConfUtils.java:logGet(43)) - raft.server.log.appender.install.snapshot.enabled = false (custom)
2019-11-14 03:47:15,414 [pool-159-thread-1] INFO  impl.RaftServerImpl (ServerState.java:<init>(103)) - 78429c2b-19b5-43a0-84bb-c976fd750a70@group-B387C3F5DF5F: ConfigurationManager, init=-1: [78429c2b-19b5-43a0-84bb-c976fd750a70:192.168.157.206:33494], old=null, confs=<EMPTY_MAP>
2019-11-14 03:47:15,415 [pool-159-thread-1] INFO  server.RaftServerConfigKeys (ConfUtils.java:logGet(43)) - raft.server.storage.dir = [/workdir/hadoop-ozone/integration-test/target/test-dir/MiniOzoneClusterImpl-db6fd866-6788-41aa-8e01-4626558b27a7/datanode-1/data/ratis] (custom)
2019-11-14 03:47:15,415 [pool-159-thread-1] INFO  server.RaftServerConfigKeys (ConfUtils.java:logGet(43)) - raft.server.log.corruption.policy = EXCEPTION (default)
2019-11-14 03:47:15,415 [pool-159-thread-1] INFO  storage.RaftStorageDirectory (RaftStorageDirectory.java:analyzeStorage(246)) - The storage directory /workdir/hadoop-ozone/integration-test/target/test-dir/MiniOzoneClusterImpl-db6fd866-6788-41aa-8e01-4626558b27a7/datanode-1/data/ratis/0b35a6db-8e2d-4064-a1dd-b387c3f5df5f does not exist. Creating ...
2019-11-14 03:47:15,437 [pool-159-thread-1] INFO  storage.RaftStorageDirectory (RaftStorageDirectory.java:tryLock(328)) - Lock on /workdir/hadoop-ozone/integration-test/target/test-dir/MiniOzoneClusterImpl-db6fd866-6788-41aa-8e01-4626558b27a7/datanode-1/data/ratis/0b35a6db-8e2d-4064-a1dd-b387c3f5df5f/in_use.lock acquired by nodename 10001@trunk-nightly-20191114-k5n9k-339518648
2019-11-14 03:47:15,451 [main] INFO  rpc.RpcClient (RpcClient.java:createBucket(431)) - Creating Bucket: datanodefailurehandlingtest/datanodefailurehandlingtest, with Versioning false and Storage Type set to DISK and Encryption set to false 
2019-11-14 03:47:15,464 [pool-159-thread-1] INFO  storage.RaftStorage (RaftStorage.java:format(84)) - Storage directory /workdir/hadoop-ozone/integration-test/target/test-dir/MiniOzoneClusterImpl-db6fd866-6788-41aa-8e01-4626558b27a7/datanode-1/data/ratis/0b35a6db-8e2d-4064-a1dd-b387c3f5df5f has been successfully formatted.
2019-11-14 03:47:15,464 [pool-159-thread-1] INFO  ratis.ContainerStateMachine (ContainerStateMachine.java:loadSnapshot(223)) - group-B387C3F5DF5F: The snapshot info is null. Setting the last applied indexto:(t:0, i:~)
2019-11-14 03:47:15,464 [pool-159-thread-1] INFO  server.RaftServerConfigKeys (ConfUtils.java:logGet(43)) - raft.server.notification.no-leader.timeout = 120s (custom)
2019-11-14 03:47:15,464 [pool-159-thread-1] INFO  server.RaftServerConfigKeys (ConfUtils.java:logGet(43)) - raft.server.log.use.memory = false (default)
2019-11-14 03:47:15,465 [pool-159-thread-1] INFO  server.RaftServerConfigKeys (ConfUtils.java:logGet(43)) - raft.server.log.purge.gap = 1000000 (custom)
2019-11-14 03:47:15,465 [pool-159-thread-1] INFO  server.RaftServerConfigKeys (ConfUtils.java:logGet(43)) - raft.server.log.appender.buffer.byte-limit = 33554432 (custom)
2019-11-14 03:47:15,465 [pool-159-thread-1] INFO  server.RaftServerConfigKeys (ConfUtils.java:logGet(43)) - raft.server.log.segment.size.max = 1048576 (custom)
2019-11-14 03:47:15,465 [pool-159-thread-1] INFO  server.RaftServerConfigKeys (ConfUtils.java:logGet(43)) - raft.server.log.segment.cache.num.max = 2 (custom)
2019-11-14 03:47:15,465 [pool-159-thread-1] INFO  segmented.SegmentedRaftLogWorker (SegmentedRaftLogWorker.java:<init>(173)) - new 78429c2b-19b5-43a0-84bb-c976fd750a70@group-B387C3F5DF5F-SegmentedRaftLogWorker for RaftStorage:Storage Directory /workdir/hadoop-ozone/integration-test/target/test-dir/MiniOzoneClusterImpl-db6fd866-6788-41aa-8e01-4626558b27a7/datanode-1/data/ratis/0b35a6db-8e2d-4064-a1dd-b387c3f5df5f
2019-11-14 03:47:15,465 [pool-159-thread-1] INFO  server.RaftServerConfigKeys (ConfUtils.java:logGet(43)) - raft.server.log.queue.byte-limit = 2147483647 (custom)
2019-11-14 03:47:15,465 [pool-159-thread-1] INFO  server.RaftServerConfigKeys (ConfUtils.java:logGet(43)) - raft.server.log.queue.element-limit = 1024 (custom)
2019-11-14 03:47:15,466 [pool-159-thread-1] INFO  server.RaftServerConfigKeys (ConfUtils.java:logGet(43)) - raft.server.log.segment.size.max = 1048576 (custom)
2019-11-14 03:47:15,466 [pool-159-thread-1] INFO  server.RaftServerConfigKeys (ConfUtils.java:logGet(43)) - raft.server.log.preallocated.size = 16384 (custom)
2019-11-14 03:47:15,466 [pool-159-thread-1] INFO  server.RaftServerConfigKeys (ConfUtils.java:logGet(43)) - raft.server.log.write.buffer.size = 33554432 (custom)
2019-11-14 03:47:15,466 [pool-159-thread-1] INFO  server.RaftServerConfigKeys (ConfUtils.java:logGet(43)) - raft.server.log.force.sync.num = 128 (default)
2019-11-14 03:47:15,466 [pool-159-thread-1] INFO  server.RaftServerConfigKeys (ConfUtils.java:logGet(43)) - raft.server.log.statemachine.data.sync = true (default)
2019-11-14 03:47:15,466 [pool-159-thread-1] INFO  server.RaftServerConfigKeys (ConfUtils.java:logGet(43)) - raft.server.log.statemachine.data.sync.timeout = 10s (default)
2019-11-14 03:47:15,466 [pool-159-thread-1] INFO  server.RaftServerConfigKeys (ConfUtils.java:logGet(43)) - raft.server.log.statemachine.data.sync.timeout.retry = -1 (default)
2019-11-14 03:47:15,467 [pool-159-thread-1] INFO  server.RaftServerConfigKeys (ConfUtils.java:logGet(43)) - raft.server.log.statemachine.data.caching.enabled = true (custom)
2019-11-14 03:47:15,477 [pool-159-thread-1] INFO  segmented.SegmentedRaftLogWorker (SegmentedRaftLogWorker.java:lambda$new$0(128)) - 78429c2b-19b5-43a0-84bb-c976fd750a70@group-B387C3F5DF5F-SegmentedRaftLogWorker: flushIndex: setUnconditionally 0 -> -1
2019-11-14 03:47:15,478 [pool-159-thread-1] INFO  server.RaftServerConfigKeys (ConfUtils.java:logGet(43)) - raft.server.snapshot.auto.trigger.enabled = true (custom)
2019-11-14 03:47:15,478 [pool-159-thread-1] INFO  server.RaftServerConfigKeys (ConfUtils.java:logGet(43)) - raft.server.snapshot.auto.trigger.threshold = 10000 (custom)
2019-11-14 03:47:15,478 [pool-159-thread-1] INFO  server.RaftServerConfigKeys (ConfUtils.java:logGet(43)) - raft.server.snapshot.retention.file.num = 5 (custom)
2019-11-14 03:47:15,478 [pool-159-thread-1] INFO  server.RaftServerConfigKeys (ConfUtils.java:logGet(43)) - raft.server.retrycache.expirytime = 600000ms (custom)
2019-11-14 03:47:15,479 [pool-159-thread-1] WARN  impl.MetricRegistriesImpl (MetricRegistriesImpl.java:lambda$create$1(61)) - First MetricRegistry has been created without registering reporters. You may need to call MetricRegistries.global().addReportRegistration(...) before.
2019-11-14 03:47:15,479 [pool-159-thread-1] WARN  impl.MetricRegistriesImpl (MetricRegistriesImpl.java:lambda$create$1(61)) - First MetricRegistry has been created without registering reporters. You may need to call MetricRegistries.global().addReportRegistration(...) before.
2019-11-14 03:47:15,479 [pool-159-thread-1] INFO  impl.RaftServerImpl (RaftServerImpl.java:start(184)) - 78429c2b-19b5-43a0-84bb-c976fd750a70@group-B387C3F5DF5F: start as a follower, conf=-1: [78429c2b-19b5-43a0-84bb-c976fd750a70:192.168.157.206:33494], old=null
2019-11-14 03:47:15,479 [pool-159-thread-1] INFO  impl.RaftServerImpl (RaftServerImpl.java:setRole(173)) - 78429c2b-19b5-43a0-84bb-c976fd750a70@group-B387C3F5DF5F: changes role from      null to FOLLOWER at term 0 for startAsFollower
2019-11-14 03:47:15,479 [pool-159-thread-1] INFO  impl.RoleInfo (RoleInfo.java:updateAndGet(143)) - 78429c2b-19b5-43a0-84bb-c976fd750a70: start FollowerState
2019-11-14 03:47:15,489 [pool-159-thread-1] INFO  util.JmxRegister (JmxRegister.java:tryRegister(44)) - Successfully registered JMX Bean with object name Ratis:service=RaftServer,group=group-B387C3F5DF5F,id=78429c2b-19b5-43a0-84bb-c976fd750a70
2019-11-14 03:47:15,489 [pool-159-thread-1] WARN  impl.MetricRegistriesImpl (MetricRegistriesImpl.java:lambda$create$1(61)) - First MetricRegistry has been created without registering reporters. You may need to call MetricRegistries.global().addReportRegistration(...) before.
2019-11-14 03:47:15,500 [RatisPipelineUtilsThread] INFO  pipeline.PipelineStateManager (PipelineStateManager.java:addPipeline(55)) - Created pipeline Pipeline[ Id: 0b35a6db-8e2d-4064-a1dd-b387c3f5df5f, Nodes: 78429c2b-19b5-43a0-84bb-c976fd750a70{ip: 192.168.157.206, host: trunk-nightly-20191114-k5n9k-339518648, networkLocation: /rack1, certSerialId: null}, Type:RATIS, Factor:ONE, State:ALLOCATED]
2019-11-14 03:47:15,502 [Thread-1413] INFO  pipeline.PipelineStateManager (PipelineStateManager.java:finalizePipeline(121)) - Pipeline Pipeline[ Id: dc0450da-7ac2-4dfc-a80b-e7518b0472bf, Nodes: d8a9c999-7748-4aa6-a9a9-ef73d9884e3c{ip: 192.168.157.206, host: trunk-nightly-20191114-k5n9k-339518648, networkLocation: /rack1, certSerialId: null}, Type:RATIS, Factor:ONE, State:CLOSED] moved to CLOSED state
2019-11-14 03:47:15,506 [grpc-default-executor-2] INFO  impl.RaftServerProxy (RaftServerProxy.java:remove(95)) - d8a9c999-7748-4aa6-a9a9-ef73d9884e3c: remove    LEADER d8a9c999-7748-4aa6-a9a9-ef73d9884e3c@group-E7518B0472BF:t1, leader=d8a9c999-7748-4aa6-a9a9-ef73d9884e3c, voted=d8a9c999-7748-4aa6-a9a9-ef73d9884e3c, raftlog=d8a9c999-7748-4aa6-a9a9-ef73d9884e3c@group-E7518B0472BF-SegmentedRaftLog:OPENED:c0,f0,i0, conf=0: [d8a9c999-7748-4aa6-a9a9-ef73d9884e3c:192.168.157.206:34054], old=null RUNNING
2019-11-14 03:47:15,506 [grpc-default-executor-2] INFO  impl.RaftServerImpl (RaftServerImpl.java:lambda$shutdown$3(250)) - d8a9c999-7748-4aa6-a9a9-ef73d9884e3c@group-E7518B0472BF: shutdown
2019-11-14 03:47:15,506 [grpc-default-executor-2] INFO  util.JmxRegister (JmxRegister.java:unregister(73)) - Successfully un-registered JMX Bean with object name Ratis:service=RaftServer,group=group-E7518B0472BF,id=d8a9c999-7748-4aa6-a9a9-ef73d9884e3c
2019-11-14 03:47:15,507 [grpc-default-executor-2] INFO  impl.RoleInfo (RoleInfo.java:shutdownLeaderState(104)) - d8a9c999-7748-4aa6-a9a9-ef73d9884e3c: shutdown LeaderState
2019-11-14 03:47:15,507 [grpc-default-executor-2] INFO  impl.PendingRequests (PendingRequests.java:sendNotLeaderResponses(206)) - d8a9c999-7748-4aa6-a9a9-ef73d9884e3c@group-E7518B0472BF-PendingRequests: sendNotLeaderResponses
2019-11-14 03:47:15,507 [grpc-default-executor-2] INFO  impl.StateMachineUpdater (StateMachineUpdater.java:stopAndJoin(136)) - d8a9c999-7748-4aa6-a9a9-ef73d9884e3c@group-E7518B0472BF-StateMachineUpdater: set stopIndex = 0
2019-11-14 03:47:15,507 [grpc-default-executor-2] INFO  impl.RaftServerImpl (ServerState.java:close(387)) - d8a9c999-7748-4aa6-a9a9-ef73d9884e3c@group-E7518B0472BF: closes. applyIndex: 0
2019-11-14 03:47:15,508 [d8a9c999-7748-4aa6-a9a9-ef73d9884e3c@group-E7518B0472BF-SegmentedRaftLogWorker] INFO  segmented.SegmentedRaftLogWorker (SegmentedRaftLogWorker.java:run(316)) - d8a9c999-7748-4aa6-a9a9-ef73d9884e3c@group-E7518B0472BF-SegmentedRaftLogWorker was interrupted, exiting. There are 0 tasks remaining in the queue.
2019-11-14 03:47:15,508 [grpc-default-executor-2] INFO  segmented.SegmentedRaftLogWorker (SegmentedRaftLogWorker.java:close(224)) - d8a9c999-7748-4aa6-a9a9-ef73d9884e3c@group-E7518B0472BF-SegmentedRaftLogWorker close()
2019-11-14 03:47:15,514 [Thread-1413] INFO  pipeline.PipelineStateManager (PipelineStateManager.java:removePipeline(106)) - Pipeline Pipeline[ Id: dc0450da-7ac2-4dfc-a80b-e7518b0472bf, Nodes: d8a9c999-7748-4aa6-a9a9-ef73d9884e3c{ip: 192.168.157.206, host: trunk-nightly-20191114-k5n9k-339518648, networkLocation: /rack1, certSerialId: null}, Type:RATIS, Factor:ONE, State:CLOSED] removed from db
2019-11-14 03:47:15,515 [Thread-1413] INFO  pipeline.SCMPipelineManager (SCMPipelineManager.java:finalizeAndDestroyPipeline(315)) - destroying pipeline:Pipeline[ Id: 1b10afdd-ada4-4b78-bbb6-d7bbb6886ac4, Nodes: 3a789c1e-652a-4343-9c47-49015e6a7e8b{ip: 192.168.157.206, host: trunk-nightly-20191114-k5n9k-339518648, networkLocation: /rack1, certSerialId: null}, Type:RATIS, Factor:ONE, State:OPEN]
2019-11-14 03:47:15,519 [grpc-default-executor-2] INFO  impl.RaftServerProxy (RaftServerProxy.java:addNew(89)) - d8a9c999-7748-4aa6-a9a9-ef73d9884e3c: addNew group-68A97D155F0F:[d8a9c999-7748-4aa6-a9a9-ef73d9884e3c:192.168.157.206:34054] returns group-68A97D155F0F:java.util.concurrent.CompletableFuture@4b70d637[Not completed]
2019-11-14 03:47:15,521 [pool-179-thread-1] INFO  impl.RaftServerImpl (RaftServerImpl.java:<init>(98)) - d8a9c999-7748-4aa6-a9a9-ef73d9884e3c: new RaftServerImpl for group-68A97D155F0F:[d8a9c999-7748-4aa6-a9a9-ef73d9884e3c:192.168.157.206:34054] with ContainerStateMachine:uninitialized
2019-11-14 03:47:15,522 [pool-179-thread-1] INFO  server.RaftServerConfigKeys (ConfUtils.java:logGet(43)) - raft.server.rpc.timeout.min = 1s (custom)
2019-11-14 03:47:15,522 [pool-179-thread-1] INFO  server.RaftServerConfigKeys (ConfUtils.java:logGet(43)) - raft.server.rpc.timeout.max = 1200ms (custom)
2019-11-14 03:47:15,522 [pool-179-thread-1] INFO  server.RaftServerConfigKeys (ConfUtils.java:logGet(43)) - raft.server.rpcslowness.timeout = 120s (custom)
2019-11-14 03:47:15,522 [pool-179-thread-1] INFO  server.RaftServerConfigKeys (ConfUtils.java:logGet(43)) - raft.server.sleep.deviation.threshold = 300 (default)
2019-11-14 03:47:15,522 [pool-179-thread-1] INFO  server.RaftServerConfigKeys (ConfUtils.java:logGet(43)) - raft.server.log.appender.install.snapshot.enabled = false (custom)
2019-11-14 03:47:15,522 [pool-179-thread-1] INFO  impl.RaftServerImpl (ServerState.java:<init>(103)) - d8a9c999-7748-4aa6-a9a9-ef73d9884e3c@group-68A97D155F0F: ConfigurationManager, init=-1: [d8a9c999-7748-4aa6-a9a9-ef73d9884e3c:192.168.157.206:34054], old=null, confs=<EMPTY_MAP>
2019-11-14 03:47:15,523 [pool-179-thread-1] INFO  server.RaftServerConfigKeys (ConfUtils.java:logGet(43)) - raft.server.storage.dir = [/workdir/hadoop-ozone/integration-test/target/test-dir/MiniOzoneClusterImpl-db6fd866-6788-41aa-8e01-4626558b27a7/datanode-3/data/ratis] (custom)
2019-11-14 03:47:15,529 [pool-179-thread-1] INFO  server.RaftServerConfigKeys (ConfUtils.java:logGet(43)) - raft.server.log.corruption.policy = EXCEPTION (default)
2019-11-14 03:47:15,529 [pool-179-thread-1] INFO  storage.RaftStorageDirectory (RaftStorageDirectory.java:analyzeStorage(246)) - The storage directory /workdir/hadoop-ozone/integration-test/target/test-dir/MiniOzoneClusterImpl-db6fd866-6788-41aa-8e01-4626558b27a7/datanode-3/data/ratis/69362214-eb07-4c01-b6e1-68a97d155f0f does not exist. Creating ...
2019-11-14 03:47:15,552 [pool-179-thread-1] INFO  storage.RaftStorageDirectory (RaftStorageDirectory.java:tryLock(328)) - Lock on /workdir/hadoop-ozone/integration-test/target/test-dir/MiniOzoneClusterImpl-db6fd866-6788-41aa-8e01-4626558b27a7/datanode-3/data/ratis/69362214-eb07-4c01-b6e1-68a97d155f0f/in_use.lock acquired by nodename 10001@trunk-nightly-20191114-k5n9k-339518648
2019-11-14 03:47:15,578 [pool-179-thread-1] INFO  storage.RaftStorage (RaftStorage.java:format(84)) - Storage directory /workdir/hadoop-ozone/integration-test/target/test-dir/MiniOzoneClusterImpl-db6fd866-6788-41aa-8e01-4626558b27a7/datanode-3/data/ratis/69362214-eb07-4c01-b6e1-68a97d155f0f has been successfully formatted.
2019-11-14 03:47:15,578 [pool-179-thread-1] INFO  ratis.ContainerStateMachine (ContainerStateMachine.java:loadSnapshot(223)) - group-68A97D155F0F: The snapshot info is null. Setting the last applied indexto:(t:0, i:~)
2019-11-14 03:47:15,578 [pool-179-thread-1] INFO  server.RaftServerConfigKeys (ConfUtils.java:logGet(43)) - raft.server.notification.no-leader.timeout = 120s (custom)
2019-11-14 03:47:15,578 [pool-179-thread-1] INFO  server.RaftServerConfigKeys (ConfUtils.java:logGet(43)) - raft.server.log.use.memory = false (default)
2019-11-14 03:47:15,578 [pool-179-thread-1] INFO  server.RaftServerConfigKeys (ConfUtils.java:logGet(43)) - raft.server.log.purge.gap = 1000000 (custom)
2019-11-14 03:47:15,580 [pool-179-thread-1] INFO  server.RaftServerConfigKeys (ConfUtils.java:logGet(43)) - raft.server.log.appender.buffer.byte-limit = 33554432 (custom)
2019-11-14 03:47:15,581 [pool-179-thread-1] INFO  server.RaftServerConfigKeys (ConfUtils.java:logGet(43)) - raft.server.log.segment.size.max = 1048576 (custom)
2019-11-14 03:47:15,581 [pool-179-thread-1] INFO  server.RaftServerConfigKeys (ConfUtils.java:logGet(43)) - raft.server.log.segment.cache.num.max = 2 (custom)
2019-11-14 03:47:15,582 [pool-179-thread-1] INFO  segmented.SegmentedRaftLogWorker (SegmentedRaftLogWorker.java:<init>(173)) - new d8a9c999-7748-4aa6-a9a9-ef73d9884e3c@group-68A97D155F0F-SegmentedRaftLogWorker for RaftStorage:Storage Directory /workdir/hadoop-ozone/integration-test/target/test-dir/MiniOzoneClusterImpl-db6fd866-6788-41aa-8e01-4626558b27a7/datanode-3/data/ratis/69362214-eb07-4c01-b6e1-68a97d155f0f
2019-11-14 03:47:15,582 [pool-179-thread-1] INFO  server.RaftServerConfigKeys (ConfUtils.java:logGet(43)) - raft.server.log.queue.byte-limit = 2147483647 (custom)
2019-11-14 03:47:15,582 [pool-179-thread-1] INFO  server.RaftServerConfigKeys (ConfUtils.java:logGet(43)) - raft.server.log.queue.element-limit = 1024 (custom)
2019-11-14 03:47:15,582 [pool-179-thread-1] INFO  server.RaftServerConfigKeys (ConfUtils.java:logGet(43)) - raft.server.log.segment.size.max = 1048576 (custom)
2019-11-14 03:47:15,582 [pool-179-thread-1] INFO  server.RaftServerConfigKeys (ConfUtils.java:logGet(43)) - raft.server.log.preallocated.size = 16384 (custom)
2019-11-14 03:47:15,582 [pool-179-thread-1] INFO  server.RaftServerConfigKeys (ConfUtils.java:logGet(43)) - raft.server.log.write.buffer.size = 33554432 (custom)
2019-11-14 03:47:15,582 [pool-179-thread-1] INFO  server.RaftServerConfigKeys (ConfUtils.java:logGet(43)) - raft.server.log.force.sync.num = 128 (default)
2019-11-14 03:47:15,582 [pool-179-thread-1] INFO  server.RaftServerConfigKeys (ConfUtils.java:logGet(43)) - raft.server.log.statemachine.data.sync = true (default)
2019-11-14 03:47:15,582 [pool-179-thread-1] INFO  server.RaftServerConfigKeys (ConfUtils.java:logGet(43)) - raft.server.log.statemachine.data.sync.timeout = 10s (default)
2019-11-14 03:47:15,583 [pool-179-thread-1] INFO  server.RaftServerConfigKeys (ConfUtils.java:logGet(43)) - raft.server.log.statemachine.data.sync.timeout.retry = -1 (default)
2019-11-14 03:47:15,583 [pool-179-thread-1] INFO  server.RaftServerConfigKeys (ConfUtils.java:logGet(43)) - raft.server.log.statemachine.data.caching.enabled = true (custom)
2019-11-14 03:47:15,583 [pool-179-thread-1] INFO  segmented.SegmentedRaftLogWorker (SegmentedRaftLogWorker.java:lambda$new$0(128)) - d8a9c999-7748-4aa6-a9a9-ef73d9884e3c@group-68A97D155F0F-SegmentedRaftLogWorker: flushIndex: setUnconditionally 0 -> -1
2019-11-14 03:47:15,584 [pool-179-thread-1] INFO  server.RaftServerConfigKeys (ConfUtils.java:logGet(43)) - raft.server.snapshot.auto.trigger.enabled = true (custom)
2019-11-14 03:47:15,584 [pool-179-thread-1] INFO  server.RaftServerConfigKeys (ConfUtils.java:logGet(43)) - raft.server.snapshot.auto.trigger.threshold = 10000 (custom)
2019-11-14 03:47:15,584 [pool-179-thread-1] INFO  server.RaftServerConfigKeys (ConfUtils.java:logGet(43)) - raft.server.snapshot.retention.file.num = 5 (custom)
2019-11-14 03:47:15,584 [pool-179-thread-1] INFO  server.RaftServerConfigKeys (ConfUtils.java:logGet(43)) - raft.server.retrycache.expirytime = 600000ms (custom)
2019-11-14 03:47:15,584 [pool-179-thread-1] WARN  impl.MetricRegistriesImpl (MetricRegistriesImpl.java:lambda$create$1(61)) - First MetricRegistry has been created without registering reporters. You may need to call MetricRegistries.global().addReportRegistration(...) before.
2019-11-14 03:47:15,584 [pool-179-thread-1] WARN  impl.MetricRegistriesImpl (MetricRegistriesImpl.java:lambda$create$1(61)) - First MetricRegistry has been created without registering reporters. You may need to call MetricRegistries.global().addReportRegistration(...) before.
2019-11-14 03:47:15,585 [pool-179-thread-1] INFO  impl.RaftServerImpl (RaftServerImpl.java:start(184)) - d8a9c999-7748-4aa6-a9a9-ef73d9884e3c@group-68A97D155F0F: start as a follower, conf=-1: [d8a9c999-7748-4aa6-a9a9-ef73d9884e3c:192.168.157.206:34054], old=null
2019-11-14 03:47:15,585 [pool-179-thread-1] INFO  impl.RaftServerImpl (RaftServerImpl.java:setRole(173)) - d8a9c999-7748-4aa6-a9a9-ef73d9884e3c@group-68A97D155F0F: changes role from      null to FOLLOWER at term 0 for startAsFollower
2019-11-14 03:47:15,585 [pool-179-thread-1] INFO  impl.RoleInfo (RoleInfo.java:updateAndGet(143)) - d8a9c999-7748-4aa6-a9a9-ef73d9884e3c: start FollowerState
2019-11-14 03:47:15,585 [pool-179-thread-1] INFO  util.JmxRegister (JmxRegister.java:tryRegister(44)) - Successfully registered JMX Bean with object name Ratis:service=RaftServer,group=group-68A97D155F0F,id=d8a9c999-7748-4aa6-a9a9-ef73d9884e3c
2019-11-14 03:47:15,585 [pool-179-thread-1] WARN  impl.MetricRegistriesImpl (MetricRegistriesImpl.java:lambda$create$1(61)) - First MetricRegistry has been created without registering reporters. You may need to call MetricRegistries.global().addReportRegistration(...) before.
2019-11-14 03:47:15,588 [RatisPipelineUtilsThread] INFO  pipeline.PipelineStateManager (PipelineStateManager.java:addPipeline(55)) - Created pipeline Pipeline[ Id: 69362214-eb07-4c01-b6e1-68a97d155f0f, Nodes: d8a9c999-7748-4aa6-a9a9-ef73d9884e3c{ip: 192.168.157.206, host: trunk-nightly-20191114-k5n9k-339518648, networkLocation: /rack1, certSerialId: null}, Type:RATIS, Factor:ONE, State:ALLOCATED]
2019-11-14 03:47:15,589 [Thread-1413] INFO  pipeline.PipelineStateManager (PipelineStateManager.java:finalizePipeline(121)) - Pipeline Pipeline[ Id: 1b10afdd-ada4-4b78-bbb6-d7bbb6886ac4, Nodes: 3a789c1e-652a-4343-9c47-49015e6a7e8b{ip: 192.168.157.206, host: trunk-nightly-20191114-k5n9k-339518648, networkLocation: /rack1, certSerialId: null}, Type:RATIS, Factor:ONE, State:CLOSED] moved to CLOSED state
2019-11-14 03:47:15,598 [grpc-default-executor-1] INFO  impl.RaftServerProxy (RaftServerProxy.java:remove(95)) - 3a789c1e-652a-4343-9c47-49015e6a7e8b: remove    LEADER 3a789c1e-652a-4343-9c47-49015e6a7e8b@group-D7BBB6886AC4:t1, leader=3a789c1e-652a-4343-9c47-49015e6a7e8b, voted=3a789c1e-652a-4343-9c47-49015e6a7e8b, raftlog=3a789c1e-652a-4343-9c47-49015e6a7e8b@group-D7BBB6886AC4-SegmentedRaftLog:OPENED:c0,f0,i0, conf=0: [3a789c1e-652a-4343-9c47-49015e6a7e8b:192.168.157.206:36955], old=null RUNNING
2019-11-14 03:47:15,598 [grpc-default-executor-1] INFO  impl.RaftServerImpl (RaftServerImpl.java:lambda$shutdown$3(250)) - 3a789c1e-652a-4343-9c47-49015e6a7e8b@group-D7BBB6886AC4: shutdown
2019-11-14 03:47:15,598 [grpc-default-executor-1] INFO  util.JmxRegister (JmxRegister.java:unregister(73)) - Successfully un-registered JMX Bean with object name Ratis:service=RaftServer,group=group-D7BBB6886AC4,id=3a789c1e-652a-4343-9c47-49015e6a7e8b
2019-11-14 03:47:15,599 [grpc-default-executor-1] INFO  impl.RoleInfo (RoleInfo.java:shutdownLeaderState(104)) - 3a789c1e-652a-4343-9c47-49015e6a7e8b: shutdown LeaderState
2019-11-14 03:47:15,599 [grpc-default-executor-1] INFO  impl.PendingRequests (PendingRequests.java:sendNotLeaderResponses(206)) - 3a789c1e-652a-4343-9c47-49015e6a7e8b@group-D7BBB6886AC4-PendingRequests: sendNotLeaderResponses
2019-11-14 03:47:15,599 [grpc-default-executor-1] INFO  impl.StateMachineUpdater (StateMachineUpdater.java:stopAndJoin(136)) - 3a789c1e-652a-4343-9c47-49015e6a7e8b@group-D7BBB6886AC4-StateMachineUpdater: set stopIndex = 0
2019-11-14 03:47:15,599 [grpc-default-executor-1] INFO  impl.RaftServerImpl (ServerState.java:close(387)) - 3a789c1e-652a-4343-9c47-49015e6a7e8b@group-D7BBB6886AC4: closes. applyIndex: 0
2019-11-14 03:47:15,600 [3a789c1e-652a-4343-9c47-49015e6a7e8b@group-D7BBB6886AC4-SegmentedRaftLogWorker] INFO  segmented.SegmentedRaftLogWorker (SegmentedRaftLogWorker.java:run(316)) - 3a789c1e-652a-4343-9c47-49015e6a7e8b@group-D7BBB6886AC4-SegmentedRaftLogWorker was interrupted, exiting. There are 0 tasks remaining in the queue.
2019-11-14 03:47:15,600 [grpc-default-executor-1] INFO  segmented.SegmentedRaftLogWorker (SegmentedRaftLogWorker.java:close(224)) - 3a789c1e-652a-4343-9c47-49015e6a7e8b@group-D7BBB6886AC4-SegmentedRaftLogWorker close()
2019-11-14 03:47:15,616 [Thread-1413] INFO  pipeline.PipelineStateManager (PipelineStateManager.java:removePipeline(106)) - Pipeline Pipeline[ Id: 1b10afdd-ada4-4b78-bbb6-d7bbb6886ac4, Nodes: 3a789c1e-652a-4343-9c47-49015e6a7e8b{ip: 192.168.157.206, host: trunk-nightly-20191114-k5n9k-339518648, networkLocation: /rack1, certSerialId: null}, Type:RATIS, Factor:ONE, State:CLOSED] removed from db
2019-11-14 03:47:15,616 [Thread-1413] INFO  pipeline.SCMPipelineManager (SCMPipelineManager.java:finalizeAndDestroyPipeline(315)) - destroying pipeline:Pipeline[ Id: 6b577b97-b0d7-4fbd-8d87-7935f9c52dec, Nodes: ad307801-f957-4403-adfc-9cdab46587c3{ip: 192.168.157.206, host: trunk-nightly-20191114-k5n9k-339518648, networkLocation: /rack1, certSerialId: null}, Type:RATIS, Factor:ONE, State:OPEN]
2019-11-14 03:47:15,620 [grpc-default-executor-2] INFO  impl.RaftServerProxy (RaftServerProxy.java:addNew(89)) - 3a789c1e-652a-4343-9c47-49015e6a7e8b: addNew group-6C5DE6042548:[3a789c1e-652a-4343-9c47-49015e6a7e8b:192.168.157.206:36955] returns group-6C5DE6042548:java.util.concurrent.CompletableFuture@66ab09b[Not completed]
2019-11-14 03:47:15,622 [pool-199-thread-1] INFO  impl.RaftServerImpl (RaftServerImpl.java:<init>(98)) - 3a789c1e-652a-4343-9c47-49015e6a7e8b: new RaftServerImpl for group-6C5DE6042548:[3a789c1e-652a-4343-9c47-49015e6a7e8b:192.168.157.206:36955] with ContainerStateMachine:uninitialized
2019-11-14 03:47:15,622 [pool-199-thread-1] INFO  server.RaftServerConfigKeys (ConfUtils.java:logGet(43)) - raft.server.rpc.timeout.min = 1s (custom)
2019-11-14 03:47:15,622 [pool-199-thread-1] INFO  server.RaftServerConfigKeys (ConfUtils.java:logGet(43)) - raft.server.rpc.timeout.max = 1200ms (custom)
2019-11-14 03:47:15,622 [pool-199-thread-1] INFO  server.RaftServerConfigKeys (ConfUtils.java:logGet(43)) - raft.server.rpcslowness.timeout = 120s (custom)
2019-11-14 03:47:15,622 [pool-199-thread-1] INFO  server.RaftServerConfigKeys (ConfUtils.java:logGet(43)) - raft.server.sleep.deviation.threshold = 300 (default)
2019-11-14 03:47:15,622 [pool-199-thread-1] INFO  server.RaftServerConfigKeys (ConfUtils.java:logGet(43)) - raft.server.log.appender.install.snapshot.enabled = false (custom)
2019-11-14 03:47:15,622 [pool-199-thread-1] INFO  impl.RaftServerImpl (ServerState.java:<init>(103)) - 3a789c1e-652a-4343-9c47-49015e6a7e8b@group-6C5DE6042548: ConfigurationManager, init=-1: [3a789c1e-652a-4343-9c47-49015e6a7e8b:192.168.157.206:36955], old=null, confs=<EMPTY_MAP>
2019-11-14 03:47:15,623 [pool-199-thread-1] INFO  server.RaftServerConfigKeys (ConfUtils.java:logGet(43)) - raft.server.storage.dir = [/workdir/hadoop-ozone/integration-test/target/test-dir/MiniOzoneClusterImpl-db6fd866-6788-41aa-8e01-4626558b27a7/datanode-5/data/ratis] (custom)
2019-11-14 03:47:15,623 [pool-199-thread-1] INFO  server.RaftServerConfigKeys (ConfUtils.java:logGet(43)) - raft.server.log.corruption.policy = EXCEPTION (default)
2019-11-14 03:47:15,623 [pool-199-thread-1] INFO  storage.RaftStorageDirectory (RaftStorageDirectory.java:analyzeStorage(246)) - The storage directory /workdir/hadoop-ozone/integration-test/target/test-dir/MiniOzoneClusterImpl-db6fd866-6788-41aa-8e01-4626558b27a7/datanode-5/data/ratis/321c97e5-f18d-4c95-9e9b-6c5de6042548 does not exist. Creating ...
2019-11-14 03:47:15,650 [pool-199-thread-1] INFO  storage.RaftStorageDirectory (RaftStorageDirectory.java:tryLock(328)) - Lock on /workdir/hadoop-ozone/integration-test/target/test-dir/MiniOzoneClusterImpl-db6fd866-6788-41aa-8e01-4626558b27a7/datanode-5/data/ratis/321c97e5-f18d-4c95-9e9b-6c5de6042548/in_use.lock acquired by nodename 10001@trunk-nightly-20191114-k5n9k-339518648
2019-11-14 03:47:15,675 [pool-199-thread-1] INFO  storage.RaftStorage (RaftStorage.java:format(84)) - Storage directory /workdir/hadoop-ozone/integration-test/target/test-dir/MiniOzoneClusterImpl-db6fd866-6788-41aa-8e01-4626558b27a7/datanode-5/data/ratis/321c97e5-f18d-4c95-9e9b-6c5de6042548 has been successfully formatted.
2019-11-14 03:47:15,676 [pool-199-thread-1] INFO  ratis.ContainerStateMachine (ContainerStateMachine.java:loadSnapshot(223)) - group-6C5DE6042548: The snapshot info is null. Setting the last applied indexto:(t:0, i:~)
2019-11-14 03:47:15,676 [pool-199-thread-1] INFO  server.RaftServerConfigKeys (ConfUtils.java:logGet(43)) - raft.server.notification.no-leader.timeout = 120s (custom)
2019-11-14 03:47:15,676 [pool-199-thread-1] INFO  server.RaftServerConfigKeys (ConfUtils.java:logGet(43)) - raft.server.log.use.memory = false (default)
2019-11-14 03:47:15,676 [pool-199-thread-1] INFO  server.RaftServerConfigKeys (ConfUtils.java:logGet(43)) - raft.server.log.purge.gap = 1000000 (custom)
2019-11-14 03:47:15,676 [pool-199-thread-1] INFO  server.RaftServerConfigKeys (ConfUtils.java:logGet(43)) - raft.server.log.appender.buffer.byte-limit = 33554432 (custom)
2019-11-14 03:47:15,676 [pool-199-thread-1] INFO  server.RaftServerConfigKeys (ConfUtils.java:logGet(43)) - raft.server.log.segment.size.max = 1048576 (custom)
2019-11-14 03:47:15,676 [pool-199-thread-1] INFO  server.RaftServerConfigKeys (ConfUtils.java:logGet(43)) - raft.server.log.segment.cache.num.max = 2 (custom)
2019-11-14 03:47:15,677 [pool-199-thread-1] INFO  segmented.SegmentedRaftLogWorker (SegmentedRaftLogWorker.java:<init>(173)) - new 3a789c1e-652a-4343-9c47-49015e6a7e8b@group-6C5DE6042548-SegmentedRaftLogWorker for RaftStorage:Storage Directory /workdir/hadoop-ozone/integration-test/target/test-dir/MiniOzoneClusterImpl-db6fd866-6788-41aa-8e01-4626558b27a7/datanode-5/data/ratis/321c97e5-f18d-4c95-9e9b-6c5de6042548
2019-11-14 03:47:15,677 [pool-199-thread-1] INFO  server.RaftServerConfigKeys (ConfUtils.java:logGet(43)) - raft.server.log.queue.byte-limit = 2147483647 (custom)
2019-11-14 03:47:15,677 [pool-199-thread-1] INFO  server.RaftServerConfigKeys (ConfUtils.java:logGet(43)) - raft.server.log.queue.element-limit = 1024 (custom)
2019-11-14 03:47:15,677 [pool-199-thread-1] INFO  server.RaftServerConfigKeys (ConfUtils.java:logGet(43)) - raft.server.log.segment.size.max = 1048576 (custom)
2019-11-14 03:47:15,677 [pool-199-thread-1] INFO  server.RaftServerConfigKeys (ConfUtils.java:logGet(43)) - raft.server.log.preallocated.size = 16384 (custom)
2019-11-14 03:47:15,677 [pool-199-thread-1] INFO  server.RaftServerConfigKeys (ConfUtils.java:logGet(43)) - raft.server.log.write.buffer.size = 33554432 (custom)
2019-11-14 03:47:15,677 [pool-199-thread-1] INFO  server.RaftServerConfigKeys (ConfUtils.java:logGet(43)) - raft.server.log.force.sync.num = 128 (default)
2019-11-14 03:47:15,677 [pool-199-thread-1] INFO  server.RaftServerConfigKeys (ConfUtils.java:logGet(43)) - raft.server.log.statemachine.data.sync = true (default)
2019-11-14 03:47:15,678 [pool-199-thread-1] INFO  server.RaftServerConfigKeys (ConfUtils.java:logGet(43)) - raft.server.log.statemachine.data.sync.timeout = 10s (default)
2019-11-14 03:47:15,678 [pool-199-thread-1] INFO  server.RaftServerConfigKeys (ConfUtils.java:logGet(43)) - raft.server.log.statemachine.data.sync.timeout.retry = -1 (default)
2019-11-14 03:47:15,678 [pool-199-thread-1] INFO  server.RaftServerConfigKeys (ConfUtils.java:logGet(43)) - raft.server.log.statemachine.data.caching.enabled = true (custom)
2019-11-14 03:47:15,678 [pool-199-thread-1] INFO  segmented.SegmentedRaftLogWorker (SegmentedRaftLogWorker.java:lambda$new$0(128)) - 3a789c1e-652a-4343-9c47-49015e6a7e8b@group-6C5DE6042548-SegmentedRaftLogWorker: flushIndex: setUnconditionally 0 -> -1
2019-11-14 03:47:15,678 [pool-199-thread-1] INFO  server.RaftServerConfigKeys (ConfUtils.java:logGet(43)) - raft.server.snapshot.auto.trigger.enabled = true (custom)
2019-11-14 03:47:15,679 [pool-199-thread-1] INFO  server.RaftServerConfigKeys (ConfUtils.java:logGet(43)) - raft.server.snapshot.auto.trigger.threshold = 10000 (custom)
2019-11-14 03:47:15,679 [pool-199-thread-1] INFO  server.RaftServerConfigKeys (ConfUtils.java:logGet(43)) - raft.server.snapshot.retention.file.num = 5 (custom)
2019-11-14 03:47:15,679 [pool-199-thread-1] INFO  server.RaftServerConfigKeys (ConfUtils.java:logGet(43)) - raft.server.retrycache.expirytime = 600000ms (custom)
2019-11-14 03:47:15,679 [pool-199-thread-1] WARN  impl.MetricRegistriesImpl (MetricRegistriesImpl.java:lambda$create$1(61)) - First MetricRegistry has been created without registering reporters. You may need to call MetricRegistries.global().addReportRegistration(...) before.
2019-11-14 03:47:15,679 [pool-199-thread-1] WARN  impl.MetricRegistriesImpl (MetricRegistriesImpl.java:lambda$create$1(61)) - First MetricRegistry has been created without registering reporters. You may need to call MetricRegistries.global().addReportRegistration(...) before.
2019-11-14 03:47:15,679 [pool-199-thread-1] INFO  impl.RaftServerImpl (RaftServerImpl.java:start(184)) - 3a789c1e-652a-4343-9c47-49015e6a7e8b@group-6C5DE6042548: start as a follower, conf=-1: [3a789c1e-652a-4343-9c47-49015e6a7e8b:192.168.157.206:36955], old=null
2019-11-14 03:47:15,680 [pool-199-thread-1] INFO  impl.RaftServerImpl (RaftServerImpl.java:setRole(173)) - 3a789c1e-652a-4343-9c47-49015e6a7e8b@group-6C5DE6042548: changes role from      null to FOLLOWER at term 0 for startAsFollower
2019-11-14 03:47:15,680 [pool-199-thread-1] INFO  impl.RoleInfo (RoleInfo.java:updateAndGet(143)) - 3a789c1e-652a-4343-9c47-49015e6a7e8b: start FollowerState
2019-11-14 03:47:15,680 [pool-199-thread-1] INFO  util.JmxRegister (JmxRegister.java:tryRegister(44)) - Successfully registered JMX Bean with object name Ratis:service=RaftServer,group=group-6C5DE6042548,id=3a789c1e-652a-4343-9c47-49015e6a7e8b
2019-11-14 03:47:15,680 [pool-199-thread-1] WARN  impl.MetricRegistriesImpl (MetricRegistriesImpl.java:lambda$create$1(61)) - First MetricRegistry has been created without registering reporters. You may need to call MetricRegistries.global().addReportRegistration(...) before.
2019-11-14 03:47:15,683 [RatisPipelineUtilsThread] INFO  pipeline.PipelineStateManager (PipelineStateManager.java:addPipeline(55)) - Created pipeline Pipeline[ Id: 321c97e5-f18d-4c95-9e9b-6c5de6042548, Nodes: 3a789c1e-652a-4343-9c47-49015e6a7e8b{ip: 192.168.157.206, host: trunk-nightly-20191114-k5n9k-339518648, networkLocation: /rack1, certSerialId: null}, Type:RATIS, Factor:ONE, State:ALLOCATED]
2019-11-14 03:47:15,683 [Thread-1413] INFO  pipeline.PipelineStateManager (PipelineStateManager.java:finalizePipeline(121)) - Pipeline Pipeline[ Id: 6b577b97-b0d7-4fbd-8d87-7935f9c52dec, Nodes: ad307801-f957-4403-adfc-9cdab46587c3{ip: 192.168.157.206, host: trunk-nightly-20191114-k5n9k-339518648, networkLocation: /rack1, certSerialId: null}, Type:RATIS, Factor:ONE, State:CLOSED] moved to CLOSED state
2019-11-14 03:47:15,687 [grpc-default-executor-2] INFO  impl.RaftServerProxy (RaftServerProxy.java:remove(95)) - ad307801-f957-4403-adfc-9cdab46587c3: remove    LEADER ad307801-f957-4403-adfc-9cdab46587c3@group-7935F9C52DEC:t1, leader=ad307801-f957-4403-adfc-9cdab46587c3, voted=ad307801-f957-4403-adfc-9cdab46587c3, raftlog=ad307801-f957-4403-adfc-9cdab46587c3@group-7935F9C52DEC-SegmentedRaftLog:OPENED:c0,f0,i0, conf=0: [ad307801-f957-4403-adfc-9cdab46587c3:192.168.157.206:36473], old=null RUNNING
2019-11-14 03:47:15,687 [grpc-default-executor-2] INFO  impl.RaftServerImpl (RaftServerImpl.java:lambda$shutdown$3(250)) - ad307801-f957-4403-adfc-9cdab46587c3@group-7935F9C52DEC: shutdown
2019-11-14 03:47:15,687 [grpc-default-executor-2] INFO  util.JmxRegister (JmxRegister.java:unregister(73)) - Successfully un-registered JMX Bean with object name Ratis:service=RaftServer,group=group-7935F9C52DEC,id=ad307801-f957-4403-adfc-9cdab46587c3
2019-11-14 03:47:15,687 [grpc-default-executor-2] INFO  impl.RoleInfo (RoleInfo.java:shutdownLeaderState(104)) - ad307801-f957-4403-adfc-9cdab46587c3: shutdown LeaderState
2019-11-14 03:47:15,688 [grpc-default-executor-2] INFO  impl.PendingRequests (PendingRequests.java:sendNotLeaderResponses(206)) - ad307801-f957-4403-adfc-9cdab46587c3@group-7935F9C52DEC-PendingRequests: sendNotLeaderResponses
2019-11-14 03:47:15,688 [grpc-default-executor-2] INFO  impl.StateMachineUpdater (StateMachineUpdater.java:stopAndJoin(136)) - ad307801-f957-4403-adfc-9cdab46587c3@group-7935F9C52DEC-StateMachineUpdater: set stopIndex = 0
2019-11-14 03:47:15,688 [grpc-default-executor-2] INFO  impl.RaftServerImpl (ServerState.java:close(387)) - ad307801-f957-4403-adfc-9cdab46587c3@group-7935F9C52DEC: closes. applyIndex: 0
2019-11-14 03:47:15,688 [ad307801-f957-4403-adfc-9cdab46587c3@group-7935F9C52DEC-SegmentedRaftLogWorker] INFO  segmented.SegmentedRaftLogWorker (SegmentedRaftLogWorker.java:run(316)) - ad307801-f957-4403-adfc-9cdab46587c3@group-7935F9C52DEC-SegmentedRaftLogWorker was interrupted, exiting. There are 0 tasks remaining in the queue.
2019-11-14 03:47:15,689 [grpc-default-executor-2] INFO  segmented.SegmentedRaftLogWorker (SegmentedRaftLogWorker.java:close(224)) - ad307801-f957-4403-adfc-9cdab46587c3@group-7935F9C52DEC-SegmentedRaftLogWorker close()
2019-11-14 03:47:15,694 [Thread-1413] INFO  pipeline.PipelineStateManager (PipelineStateManager.java:removePipeline(106)) - Pipeline Pipeline[ Id: 6b577b97-b0d7-4fbd-8d87-7935f9c52dec, Nodes: ad307801-f957-4403-adfc-9cdab46587c3{ip: 192.168.157.206, host: trunk-nightly-20191114-k5n9k-339518648, networkLocation: /rack1, certSerialId: null}, Type:RATIS, Factor:ONE, State:CLOSED] removed from db
2019-11-14 03:47:15,694 [Thread-1413] INFO  pipeline.SCMPipelineManager (SCMPipelineManager.java:finalizeAndDestroyPipeline(315)) - destroying pipeline:Pipeline[ Id: b0e2046f-fc18-42a3-a893-2199817f3911, Nodes: 7901d021-b70d-41b4-a3ee-3511e4cb511a{ip: 192.168.157.206, host: trunk-nightly-20191114-k5n9k-339518648, networkLocation: /rack1, certSerialId: null}3a789c1e-652a-4343-9c47-49015e6a7e8b{ip: 192.168.157.206, host: trunk-nightly-20191114-k5n9k-339518648, networkLocation: /rack1, certSerialId: null}6159a4a7-02ae-4457-ad8e-d99f5584798f{ip: 192.168.157.206, host: trunk-nightly-20191114-k5n9k-339518648, networkLocation: /rack1, certSerialId: null}, Type:RATIS, Factor:THREE, State:OPEN]
2019-11-14 03:47:15,698 [grpc-default-executor-2] INFO  impl.RaftServerProxy (RaftServerProxy.java:addNew(89)) - ad307801-f957-4403-adfc-9cdab46587c3: addNew group-1A5EFD3365E0:[ad307801-f957-4403-adfc-9cdab46587c3:192.168.157.206:36473] returns group-1A5EFD3365E0:java.util.concurrent.CompletableFuture@46182b62[Not completed]
2019-11-14 03:47:15,699 [pool-229-thread-1] INFO  impl.RaftServerImpl (RaftServerImpl.java:<init>(98)) - ad307801-f957-4403-adfc-9cdab46587c3: new RaftServerImpl for group-1A5EFD3365E0:[ad307801-f957-4403-adfc-9cdab46587c3:192.168.157.206:36473] with ContainerStateMachine:uninitialized
2019-11-14 03:47:15,699 [pool-229-thread-1] INFO  server.RaftServerConfigKeys (ConfUtils.java:logGet(43)) - raft.server.rpc.timeout.min = 1s (custom)
2019-11-14 03:47:15,699 [pool-229-thread-1] INFO  server.RaftServerConfigKeys (ConfUtils.java:logGet(43)) - raft.server.rpc.timeout.max = 1200ms (custom)
2019-11-14 03:47:15,699 [pool-229-thread-1] INFO  server.RaftServerConfigKeys (ConfUtils.java:logGet(43)) - raft.server.rpcslowness.timeout = 120s (custom)
2019-11-14 03:47:15,699 [pool-229-thread-1] INFO  server.RaftServerConfigKeys (ConfUtils.java:logGet(43)) - raft.server.sleep.deviation.threshold = 300 (default)
2019-11-14 03:47:15,700 [pool-229-thread-1] INFO  server.RaftServerConfigKeys (ConfUtils.java:logGet(43)) - raft.server.log.appender.install.snapshot.enabled = false (custom)
2019-11-14 03:47:15,700 [pool-229-thread-1] INFO  impl.RaftServerImpl (ServerState.java:<init>(103)) - ad307801-f957-4403-adfc-9cdab46587c3@group-1A5EFD3365E0: ConfigurationManager, init=-1: [ad307801-f957-4403-adfc-9cdab46587c3:192.168.157.206:36473], old=null, confs=<EMPTY_MAP>
2019-11-14 03:47:15,700 [pool-229-thread-1] INFO  server.RaftServerConfigKeys (ConfUtils.java:logGet(43)) - raft.server.storage.dir = [/workdir/hadoop-ozone/integration-test/target/test-dir/MiniOzoneClusterImpl-db6fd866-6788-41aa-8e01-4626558b27a7/datanode-8/data/ratis] (custom)
2019-11-14 03:47:15,708 [pool-229-thread-1] INFO  server.RaftServerConfigKeys (ConfUtils.java:logGet(43)) - raft.server.log.corruption.policy = EXCEPTION (default)
2019-11-14 03:47:15,708 [pool-229-thread-1] INFO  storage.RaftStorageDirectory (RaftStorageDirectory.java:analyzeStorage(246)) - The storage directory /workdir/hadoop-ozone/integration-test/target/test-dir/MiniOzoneClusterImpl-db6fd866-6788-41aa-8e01-4626558b27a7/datanode-8/data/ratis/f343cd30-2adc-46d8-a317-1a5efd3365e0 does not exist. Creating ...
2019-11-14 03:47:15,712 [pool-229-thread-1] INFO  storage.RaftStorageDirectory (RaftStorageDirectory.java:tryLock(328)) - Lock on /workdir/hadoop-ozone/integration-test/target/test-dir/MiniOzoneClusterImpl-db6fd866-6788-41aa-8e01-4626558b27a7/datanode-8/data/ratis/f343cd30-2adc-46d8-a317-1a5efd3365e0/in_use.lock acquired by nodename 10001@trunk-nightly-20191114-k5n9k-339518648
2019-11-14 03:47:15,726 [pool-229-thread-1] INFO  storage.RaftStorage (RaftStorage.java:format(84)) - Storage directory /workdir/hadoop-ozone/integration-test/target/test-dir/MiniOzoneClusterImpl-db6fd866-6788-41aa-8e01-4626558b27a7/datanode-8/data/ratis/f343cd30-2adc-46d8-a317-1a5efd3365e0 has been successfully formatted.
2019-11-14 03:47:15,726 [pool-229-thread-1] INFO  ratis.ContainerStateMachine (ContainerStateMachine.java:loadSnapshot(223)) - group-1A5EFD3365E0: The snapshot info is null. Setting the last applied indexto:(t:0, i:~)
2019-11-14 03:47:15,726 [pool-229-thread-1] INFO  server.RaftServerConfigKeys (ConfUtils.java:logGet(43)) - raft.server.notification.no-leader.timeout = 120s (custom)
2019-11-14 03:47:15,726 [pool-229-thread-1] INFO  server.RaftServerConfigKeys (ConfUtils.java:logGet(43)) - raft.server.log.use.memory = false (default)
2019-11-14 03:47:15,726 [pool-229-thread-1] INFO  server.RaftServerConfigKeys (ConfUtils.java:logGet(43)) - raft.server.log.purge.gap = 1000000 (custom)
2019-11-14 03:47:15,726 [pool-229-thread-1] INFO  server.RaftServerConfigKeys (ConfUtils.java:logGet(43)) - raft.server.log.appender.buffer.byte-limit = 33554432 (custom)
2019-11-14 03:47:15,727 [pool-229-thread-1] INFO  server.RaftServerConfigKeys (ConfUtils.java:logGet(43)) - raft.server.log.segment.size.max = 1048576 (custom)
2019-11-14 03:47:15,727 [pool-229-thread-1] INFO  server.RaftServerConfigKeys (ConfUtils.java:logGet(43)) - raft.server.log.segment.cache.num.max = 2 (custom)
2019-11-14 03:47:15,727 [pool-229-thread-1] INFO  segmented.SegmentedRaftLogWorker (SegmentedRaftLogWorker.java:<init>(173)) - new ad307801-f957-4403-adfc-9cdab46587c3@group-1A5EFD3365E0-SegmentedRaftLogWorker for RaftStorage:Storage Directory /workdir/hadoop-ozone/integration-test/target/test-dir/MiniOzoneClusterImpl-db6fd866-6788-41aa-8e01-4626558b27a7/datanode-8/data/ratis/f343cd30-2adc-46d8-a317-1a5efd3365e0
2019-11-14 03:47:15,727 [pool-229-thread-1] INFO  server.RaftServerConfigKeys (ConfUtils.java:logGet(43)) - raft.server.log.queue.byte-limit = 2147483647 (custom)
2019-11-14 03:47:15,727 [pool-229-thread-1] INFO  server.RaftServerConfigKeys (ConfUtils.java:logGet(43)) - raft.server.log.queue.element-limit = 1024 (custom)
2019-11-14 03:47:15,727 [pool-229-thread-1] INFO  server.RaftServerConfigKeys (ConfUtils.java:logGet(43)) - raft.server.log.segment.size.max = 1048576 (custom)
2019-11-14 03:47:15,727 [pool-229-thread-1] INFO  server.RaftServerConfigKeys (ConfUtils.java:logGet(43)) - raft.server.log.preallocated.size = 16384 (custom)
2019-11-14 03:47:15,727 [pool-229-thread-1] INFO  server.RaftServerConfigKeys (ConfUtils.java:logGet(43)) - raft.server.log.write.buffer.size = 33554432 (custom)
2019-11-14 03:47:15,728 [pool-229-thread-1] INFO  server.RaftServerConfigKeys (ConfUtils.java:logGet(43)) - raft.server.log.force.sync.num = 128 (default)
2019-11-14 03:47:15,728 [pool-229-thread-1] INFO  server.RaftServerConfigKeys (ConfUtils.java:logGet(43)) - raft.server.log.statemachine.data.sync = true (default)
2019-11-14 03:47:15,728 [pool-229-thread-1] INFO  server.RaftServerConfigKeys (ConfUtils.java:logGet(43)) - raft.server.log.statemachine.data.sync.timeout = 10s (default)
2019-11-14 03:47:15,728 [pool-229-thread-1] INFO  server.RaftServerConfigKeys (ConfUtils.java:logGet(43)) - raft.server.log.statemachine.data.sync.timeout.retry = -1 (default)
2019-11-14 03:47:15,728 [pool-229-thread-1] INFO  server.RaftServerConfigKeys (ConfUtils.java:logGet(43)) - raft.server.log.statemachine.data.caching.enabled = true (custom)
2019-11-14 03:47:15,728 [pool-229-thread-1] INFO  segmented.SegmentedRaftLogWorker (SegmentedRaftLogWorker.java:lambda$new$0(128)) - ad307801-f957-4403-adfc-9cdab46587c3@group-1A5EFD3365E0-SegmentedRaftLogWorker: flushIndex: setUnconditionally 0 -> -1
2019-11-14 03:47:15,729 [pool-229-thread-1] INFO  server.RaftServerConfigKeys (ConfUtils.java:logGet(43)) - raft.server.snapshot.auto.trigger.enabled = true (custom)
2019-11-14 03:47:15,729 [pool-229-thread-1] INFO  server.RaftServerConfigKeys (ConfUtils.java:logGet(43)) - raft.server.snapshot.auto.trigger.threshold = 10000 (custom)
2019-11-14 03:47:15,729 [pool-229-thread-1] INFO  server.RaftServerConfigKeys (ConfUtils.java:logGet(43)) - raft.server.snapshot.retention.file.num = 5 (custom)
2019-11-14 03:47:15,729 [pool-229-thread-1] INFO  server.RaftServerConfigKeys (ConfUtils.java:logGet(43)) - raft.server.retrycache.expirytime = 600000ms (custom)
2019-11-14 03:47:15,729 [pool-229-thread-1] WARN  impl.MetricRegistriesImpl (MetricRegistriesImpl.java:lambda$create$1(61)) - First MetricRegistry has been created without registering reporters. You may need to call MetricRegistries.global().addReportRegistration(...) before.
2019-11-14 03:47:15,729 [pool-229-thread-1] WARN  impl.MetricRegistriesImpl (MetricRegistriesImpl.java:lambda$create$1(61)) - First MetricRegistry has been created without registering reporters. You may need to call MetricRegistries.global().addReportRegistration(...) before.
2019-11-14 03:47:15,730 [pool-229-thread-1] INFO  impl.RaftServerImpl (RaftServerImpl.java:start(184)) - ad307801-f957-4403-adfc-9cdab46587c3@group-1A5EFD3365E0: start as a follower, conf=-1: [ad307801-f957-4403-adfc-9cdab46587c3:192.168.157.206:36473], old=null
2019-11-14 03:47:15,730 [pool-229-thread-1] INFO  impl.RaftServerImpl (RaftServerImpl.java:setRole(173)) - ad307801-f957-4403-adfc-9cdab46587c3@group-1A5EFD3365E0: changes role from      null to FOLLOWER at term 0 for startAsFollower
2019-11-14 03:47:15,730 [pool-229-thread-1] INFO  impl.RoleInfo (RoleInfo.java:updateAndGet(143)) - ad307801-f957-4403-adfc-9cdab46587c3: start FollowerState
2019-11-14 03:47:15,730 [pool-229-thread-1] INFO  util.JmxRegister (JmxRegister.java:tryRegister(44)) - Successfully registered JMX Bean with object name Ratis:service=RaftServer,group=group-1A5EFD3365E0,id=ad307801-f957-4403-adfc-9cdab46587c3
2019-11-14 03:47:15,730 [pool-229-thread-1] WARN  impl.MetricRegistriesImpl (MetricRegistriesImpl.java:lambda$create$1(61)) - First MetricRegistry has been created without registering reporters. You may need to call MetricRegistries.global().addReportRegistration(...) before.
2019-11-14 03:47:15,733 [RatisPipelineUtilsThread] INFO  pipeline.PipelineStateManager (PipelineStateManager.java:addPipeline(55)) - Created pipeline Pipeline[ Id: f343cd30-2adc-46d8-a317-1a5efd3365e0, Nodes: ad307801-f957-4403-adfc-9cdab46587c3{ip: 192.168.157.206, host: trunk-nightly-20191114-k5n9k-339518648, networkLocation: /rack1, certSerialId: null}, Type:RATIS, Factor:ONE, State:ALLOCATED]
2019-11-14 03:47:15,733 [Thread-1413] INFO  pipeline.PipelineStateManager (PipelineStateManager.java:finalizePipeline(121)) - Pipeline Pipeline[ Id: b0e2046f-fc18-42a3-a893-2199817f3911, Nodes: 7901d021-b70d-41b4-a3ee-3511e4cb511a{ip: 192.168.157.206, host: trunk-nightly-20191114-k5n9k-339518648, networkLocation: /rack1, certSerialId: null}3a789c1e-652a-4343-9c47-49015e6a7e8b{ip: 192.168.157.206, host: trunk-nightly-20191114-k5n9k-339518648, networkLocation: /rack1, certSerialId: null}6159a4a7-02ae-4457-ad8e-d99f5584798f{ip: 192.168.157.206, host: trunk-nightly-20191114-k5n9k-339518648, networkLocation: /rack1, certSerialId: null}, Type:RATIS, Factor:THREE, State:CLOSED] moved to CLOSED state
2019-11-14 03:47:15,734 [EventQueue-CloseContainerForCloseContainerEventHandler] INFO  container.CloseContainerEventHandler (CloseContainerEventHandler.java:onMessage(61)) - Close container Event triggered for container : #1
2019-11-14 03:47:15,736 [grpc-default-executor-2] INFO  impl.RaftServerProxy (RaftServerProxy.java:remove(95)) - 7901d021-b70d-41b4-a3ee-3511e4cb511a: remove  FOLLOWER 7901d021-b70d-41b4-a3ee-3511e4cb511a@group-2199817F3911:t1, leader=6159a4a7-02ae-4457-ad8e-d99f5584798f, voted=6159a4a7-02ae-4457-ad8e-d99f5584798f, raftlog=7901d021-b70d-41b4-a3ee-3511e4cb511a@group-2199817F3911-SegmentedRaftLog:OPENED:c0,f0,i2, conf=0: [7901d021-b70d-41b4-a3ee-3511e4cb511a:192.168.157.206:32814, 6159a4a7-02ae-4457-ad8e-d99f5584798f:192.168.157.206:36722, 3a789c1e-652a-4343-9c47-49015e6a7e8b:192.168.157.206:36955], old=null RUNNING
2019-11-14 03:47:15,737 [grpc-default-executor-2] INFO  impl.RaftServerImpl (RaftServerImpl.java:lambda$shutdown$3(250)) - 7901d021-b70d-41b4-a3ee-3511e4cb511a@group-2199817F3911: shutdown
2019-11-14 03:47:15,737 [grpc-default-executor-2] INFO  util.JmxRegister (JmxRegister.java:unregister(73)) - Successfully un-registered JMX Bean with object name Ratis:service=RaftServer,group=group-2199817F3911,id=7901d021-b70d-41b4-a3ee-3511e4cb511a
2019-11-14 03:47:15,737 [grpc-default-executor-2] INFO  impl.RoleInfo (RoleInfo.java:shutdownFollowerState(121)) - 7901d021-b70d-41b4-a3ee-3511e4cb511a: shutdown FollowerState
2019-11-14 03:47:15,737 [grpc-default-executor-2] INFO  impl.StateMachineUpdater (StateMachineUpdater.java:stopAndJoin(136)) - 7901d021-b70d-41b4-a3ee-3511e4cb511a@group-2199817F3911-StateMachineUpdater: set stopIndex = 0
2019-11-14 03:47:15,737 [Thread-1513] INFO  impl.FollowerState (FollowerState.java:run(120)) - 7901d021-b70d-41b4-a3ee-3511e4cb511a@group-2199817F3911-FollowerState was interrupted: java.lang.InterruptedException: sleep interrupted
2019-11-14 03:47:15,740 [grpc-default-executor-2] INFO  impl.RaftServerImpl (ServerState.java:close(387)) - 7901d021-b70d-41b4-a3ee-3511e4cb511a@group-2199817F3911: closes. applyIndex: 0
2019-11-14 03:47:15,752 [7901d021-b70d-41b4-a3ee-3511e4cb511a@group-2199817F3911-SegmentedRaftLogWorker] ERROR ratis.XceiverServerRatis (XceiverServerRatis.java:triggerPipelineClose(584)) - pipeline Action CLOSE  on pipeline PipelineID=b0e2046f-fc18-42a3-a893-2199817f3911.Reason : WriteLog:1: (t:1, i:1), STATEMACHINELOGENTRY, client-5898E6BFE3CD, cid=87-writeStateMachineData interrupted.
2019-11-14 03:47:15,753 [grpc-default-executor-2] INFO  segmented.SegmentedRaftLogWorker (SegmentedRaftLogWorker.java:close(224)) - 7901d021-b70d-41b4-a3ee-3511e4cb511a@group-2199817F3911-SegmentedRaftLogWorker close()
2019-11-14 03:47:15,758 [EventQueue-PipelineActionsForPipelineActionHandler] ERROR pipeline.PipelineActionHandler (PipelineActionHandler.java:onMessage(60)) - Received pipeline action CLOSE for Pipeline[ Id: b0e2046f-fc18-42a3-a893-2199817f3911, Nodes: 7901d021-b70d-41b4-a3ee-3511e4cb511a{ip: 192.168.157.206, host: trunk-nightly-20191114-k5n9k-339518648, networkLocation: /rack1, certSerialId: null}3a789c1e-652a-4343-9c47-49015e6a7e8b{ip: 192.168.157.206, host: trunk-nightly-20191114-k5n9k-339518648, networkLocation: /rack1, certSerialId: null}6159a4a7-02ae-4457-ad8e-d99f5584798f{ip: 192.168.157.206, host: trunk-nightly-20191114-k5n9k-339518648, networkLocation: /rack1, certSerialId: null}, Type:RATIS, Factor:THREE, State:CLOSED] from datanode 7901d021-b70d-41b4-a3ee-3511e4cb511a{ip: 192.168.157.206, host: trunk-nightly-20191114-k5n9k-339518648, networkLocation: /rack1, certSerialId: null}. Reason : WriteLog:1: (t:1, i:1), STATEMACHINELOGENTRY, client-5898E6BFE3CD, cid=87-writeStateMachineData interrupted.
2019-11-14 03:47:15,758 [EventQueue-PipelineActionsForPipelineActionHandler] INFO  pipeline.SCMPipelineManager (SCMPipelineManager.java:finalizeAndDestroyPipeline(315)) - destroying pipeline:Pipeline[ Id: b0e2046f-fc18-42a3-a893-2199817f3911, Nodes: 7901d021-b70d-41b4-a3ee-3511e4cb511a{ip: 192.168.157.206, host: trunk-nightly-20191114-k5n9k-339518648, networkLocation: /rack1, certSerialId: null}3a789c1e-652a-4343-9c47-49015e6a7e8b{ip: 192.168.157.206, host: trunk-nightly-20191114-k5n9k-339518648, networkLocation: /rack1, certSerialId: null}6159a4a7-02ae-4457-ad8e-d99f5584798f{ip: 192.168.157.206, host: trunk-nightly-20191114-k5n9k-339518648, networkLocation: /rack1, certSerialId: null}, Type:RATIS, Factor:THREE, State:CLOSED]
2019-11-14 03:47:15,762 [grpc-default-executor-2] INFO  impl.RaftServerProxy (RaftServerProxy.java:remove(95)) - 3a789c1e-652a-4343-9c47-49015e6a7e8b: remove  FOLLOWER 3a789c1e-652a-4343-9c47-49015e6a7e8b@group-2199817F3911:t1, leader=6159a4a7-02ae-4457-ad8e-d99f5584798f, voted=6159a4a7-02ae-4457-ad8e-d99f5584798f, raftlog=3a789c1e-652a-4343-9c47-49015e6a7e8b@group-2199817F3911-SegmentedRaftLog:OPENED:c0,f0,i2, conf=0: [7901d021-b70d-41b4-a3ee-3511e4cb511a:192.168.157.206:32814, 6159a4a7-02ae-4457-ad8e-d99f5584798f:192.168.157.206:36722, 3a789c1e-652a-4343-9c47-49015e6a7e8b:192.168.157.206:36955], old=null RUNNING
2019-11-14 03:47:15,762 [grpc-default-executor-2] INFO  impl.RaftServerImpl (RaftServerImpl.java:lambda$shutdown$3(250)) - 3a789c1e-652a-4343-9c47-49015e6a7e8b@group-2199817F3911: shutdown
2019-11-14 03:47:15,762 [grpc-default-executor-2] INFO  util.JmxRegister (JmxRegister.java:unregister(73)) - Successfully un-registered JMX Bean with object name Ratis:service=RaftServer,group=group-2199817F3911,id=3a789c1e-652a-4343-9c47-49015e6a7e8b
2019-11-14 03:47:15,762 [grpc-default-executor-2] INFO  impl.RoleInfo (RoleInfo.java:shutdownFollowerState(121)) - 3a789c1e-652a-4343-9c47-49015e6a7e8b: shutdown FollowerState
2019-11-14 03:47:15,762 [grpc-default-executor-2] INFO  impl.StateMachineUpdater (StateMachineUpdater.java:stopAndJoin(136)) - 3a789c1e-652a-4343-9c47-49015e6a7e8b@group-2199817F3911-StateMachineUpdater: set stopIndex = 0
2019-11-14 03:47:15,762 [Thread-1515] INFO  impl.FollowerState (FollowerState.java:run(120)) - 3a789c1e-652a-4343-9c47-49015e6a7e8b@group-2199817F3911-FollowerState was interrupted: java.lang.InterruptedException: sleep interrupted
2019-11-14 03:47:15,763 [grpc-default-executor-2] INFO  impl.RaftServerImpl (ServerState.java:close(387)) - 3a789c1e-652a-4343-9c47-49015e6a7e8b@group-2199817F3911: closes. applyIndex: 0
2019-11-14 03:47:15,769 [3a789c1e-652a-4343-9c47-49015e6a7e8b@group-2199817F3911-SegmentedRaftLogWorker] INFO  segmented.SegmentedRaftLogWorker (SegmentedRaftLogWorker.java:run(323)) - 3a789c1e-652a-4343-9c47-49015e6a7e8b@group-2199817F3911-SegmentedRaftLogWorker got closed and hit exception
java.lang.NullPointerException
	at org.apache.hadoop.hdds.protocol.proto.StorageContainerDatanodeProtocolProtos$ClosePipelineInfo$Builder.setDetailedReason(StorageContainerDatanodeProtocolProtos.java:22682)
	at org.apache.hadoop.ozone.container.common.transport.server.ratis.XceiverServerRatis.triggerPipelineClose(XceiverServerRatis.java:573)
	at org.apache.hadoop.ozone.container.common.transport.server.ratis.XceiverServerRatis.handleNodeLogFailure(XceiverServerRatis.java:673)
	at org.apache.hadoop.ozone.container.common.transport.server.ratis.ContainerStateMachine.notifyLogFailed(ContainerStateMachine.java:824)
	at org.apache.ratis.server.raftlog.segmented.SegmentedRaftLogWorker$WriteLog.failed(SegmentedRaftLogWorker.java:460)
	at org.apache.ratis.server.raftlog.segmented.SegmentedRaftLogWorker.run(SegmentedRaftLogWorker.java:300)
	at java.lang.Thread.run(Thread.java:748)
2019-11-14 03:47:15,769 [grpc-default-executor-2] INFO  segmented.SegmentedRaftLogWorker (SegmentedRaftLogWorker.java:close(224)) - 3a789c1e-652a-4343-9c47-49015e6a7e8b@group-2199817F3911-SegmentedRaftLogWorker close()
2019-11-14 03:47:15,896 [grpc-default-executor-2] INFO  interfaces.Container (KeyValueContainer.java:flushAndSyncDB(400)) - Container 1 is synced with bcsId 0.
2019-11-14 03:47:15,896 [grpc-default-executor-2] INFO  interfaces.Container (KeyValueContainer.java:flushAndSyncDB(400)) - Container 1 is synced with bcsId 0.
2019-11-14 03:47:15,940 [EventQueue-IncrementalContainerReportForIncrementalContainerReportHandler] INFO  container.IncrementalContainerReportHandler (AbstractContainerReportHandler.java:updateContainerState(171)) - Moving container #1 to QUASI_CLOSED state, datanode 3a789c1e-652a-4343-9c47-49015e6a7e8b{ip: 192.168.157.206, host: trunk-nightly-20191114-k5n9k-339518648, networkLocation: /rack1, certSerialId: null} reported QUASI_CLOSED replica.
2019-11-14 03:47:15,947 [grpc-default-executor-2] INFO  impl.RaftServerProxy (RaftServerProxy.java:remove(95)) - 6159a4a7-02ae-4457-ad8e-d99f5584798f: remove    LEADER 6159a4a7-02ae-4457-ad8e-d99f5584798f@group-2199817F3911:t1, leader=6159a4a7-02ae-4457-ad8e-d99f5584798f, voted=6159a4a7-02ae-4457-ad8e-d99f5584798f, raftlog=6159a4a7-02ae-4457-ad8e-d99f5584798f@group-2199817F3911-SegmentedRaftLog:OPENED:c0,f2,i3, conf=0: [7901d021-b70d-41b4-a3ee-3511e4cb511a:192.168.157.206:32814, 6159a4a7-02ae-4457-ad8e-d99f5584798f:192.168.157.206:36722, 3a789c1e-652a-4343-9c47-49015e6a7e8b:192.168.157.206:36955], old=null RUNNING
2019-11-14 03:47:15,947 [grpc-default-executor-2] INFO  impl.RaftServerImpl (RaftServerImpl.java:lambda$shutdown$3(250)) - 6159a4a7-02ae-4457-ad8e-d99f5584798f@group-2199817F3911: shutdown
2019-11-14 03:47:15,948 [grpc-default-executor-2] INFO  util.JmxRegister (JmxRegister.java:unregister(73)) - Successfully un-registered JMX Bean with object name Ratis:service=RaftServer,group=group-2199817F3911,id=6159a4a7-02ae-4457-ad8e-d99f5584798f
2019-11-14 03:47:15,948 [grpc-default-executor-2] INFO  impl.RoleInfo (RoleInfo.java:shutdownLeaderState(104)) - 6159a4a7-02ae-4457-ad8e-d99f5584798f: shutdown LeaderState
2019-11-14 03:47:15,951 [grpc-default-executor-2] INFO  impl.PendingRequests (PendingRequests.java:sendNotLeaderResponses(206)) - 6159a4a7-02ae-4457-ad8e-d99f5584798f@group-2199817F3911-PendingRequests: sendNotLeaderResponses
2019-11-14 03:47:15,951 [org.apache.ratis.server.impl.LogAppender$AppenderDaemon$$Lambda$473/2105465244@1d5d789b] WARN  server.GrpcLogAppender (GrpcLogAppender.java:mayWait(151)) - 6159a4a7-02ae-4457-ad8e-d99f5584798f@group-2199817F3911->3a789c1e-652a-4343-9c47-49015e6a7e8b-GrpcLogAppender: Wait interrupted by java.lang.InterruptedException
2019-11-14 03:47:15,951 [org.apache.ratis.server.impl.LogAppender$AppenderDaemon$$Lambda$473/2105465244@585ffdf4] WARN  server.GrpcLogAppender (GrpcLogAppender.java:mayWait(151)) - 6159a4a7-02ae-4457-ad8e-d99f5584798f@group-2199817F3911->7901d021-b70d-41b4-a3ee-3511e4cb511a-GrpcLogAppender: Wait interrupted by java.lang.InterruptedException
2019-11-14 03:47:15,953 [grpc-default-executor-1] INFO  server.GrpcServerProtocolService (GrpcServerProtocolService.java:onCompleted(113)) - 3a789c1e-652a-4343-9c47-49015e6a7e8b: Completed APPEND_ENTRIES, lastRequest: 6159a4a7-02ae-4457-ad8e-d99f5584798f->3a789c1e-652a-4343-9c47-49015e6a7e8b#6-t1, previous=(t:1, i:2), leaderCommit=0, initializing? false, entries: size=1, first=(t:1, i:3), STATEMACHINELOGENTRY, client-6F4A466039B5, cid=0
2019-11-14 03:47:15,953 [grpc-default-executor-6] INFO  server.GrpcServerProtocolService (GrpcServerProtocolService.java:onCompleted(113)) - 7901d021-b70d-41b4-a3ee-3511e4cb511a: Completed APPEND_ENTRIES, lastRequest: 6159a4a7-02ae-4457-ad8e-d99f5584798f->7901d021-b70d-41b4-a3ee-3511e4cb511a#6-t1, previous=(t:1, i:2), leaderCommit=0, initializing? false, entries: size=1, first=(t:1, i:3), STATEMACHINELOGENTRY, client-6F4A466039B5, cid=0
2019-11-14 03:47:15,953 [grpc-default-executor-2] INFO  impl.StateMachineUpdater (StateMachineUpdater.java:stopAndJoin(136)) - 6159a4a7-02ae-4457-ad8e-d99f5584798f@group-2199817F3911-StateMachineUpdater: set stopIndex = 0
2019-11-14 03:47:15,953 [grpc-default-executor-1] INFO  server.GrpcLogAppender (GrpcLogAppender.java:onCompleted(308)) - 6159a4a7-02ae-4457-ad8e-d99f5584798f@group-2199817F3911->3a789c1e-652a-4343-9c47-49015e6a7e8b-AppendLogResponseHandler: follower responses appendEntries COMPLETED
2019-11-14 03:47:15,954 [grpc-default-executor-2] INFO  impl.RaftServerImpl (ServerState.java:close(387)) - 6159a4a7-02ae-4457-ad8e-d99f5584798f@group-2199817F3911: closes. applyIndex: 0
2019-11-14 03:47:15,954 [grpc-default-executor-4] INFO  server.GrpcLogAppender (GrpcLogAppender.java:onCompleted(308)) - 6159a4a7-02ae-4457-ad8e-d99f5584798f@group-2199817F3911->7901d021-b70d-41b4-a3ee-3511e4cb511a-AppendLogResponseHandler: follower responses appendEntries COMPLETED
2019-11-14 03:47:15,954 [6159a4a7-02ae-4457-ad8e-d99f5584798f@group-2199817F3911-SegmentedRaftLogWorker] INFO  segmented.SegmentedRaftLogWorker (SegmentedRaftLogWorker.java:run(316)) - 6159a4a7-02ae-4457-ad8e-d99f5584798f@group-2199817F3911-SegmentedRaftLogWorker was interrupted, exiting. There are 0 tasks remaining in the queue.
2019-11-14 03:47:15,956 [grpc-default-executor-2] INFO  segmented.SegmentedRaftLogWorker (SegmentedRaftLogWorker.java:close(224)) - 6159a4a7-02ae-4457-ad8e-d99f5584798f@group-2199817F3911-SegmentedRaftLogWorker close()
2019-11-14 03:47:15,958 [grpc-default-executor-4] INFO  impl.FollowerInfo (FollowerInfo.java:lambda$new$0(51)) - 6159a4a7-02ae-4457-ad8e-d99f5584798f@group-2199817F3911->7901d021-b70d-41b4-a3ee-3511e4cb511a: nextIndex: updateUnconditionally 4 -> 1
2019-11-14 03:47:15,958 [grpc-default-executor-1] INFO  impl.FollowerInfo (FollowerInfo.java:lambda$new$0(51)) - 6159a4a7-02ae-4457-ad8e-d99f5584798f@group-2199817F3911->3a789c1e-652a-4343-9c47-49015e6a7e8b: nextIndex: updateUnconditionally 4 -> 1
2019-11-14 03:47:16,091 [grpc-default-executor-2] INFO  interfaces.Container (KeyValueContainer.java:flushAndSyncDB(400)) - Container 1 is synced with bcsId 0.
2019-11-14 03:47:16,092 [grpc-default-executor-2] INFO  interfaces.Container (KeyValueContainer.java:flushAndSyncDB(400)) - Container 1 is synced with bcsId 0.
2019-11-14 03:47:16,116 [Thread-1413] INFO  pipeline.PipelineStateManager (PipelineStateManager.java:removePipeline(106)) - Pipeline Pipeline[ Id: b0e2046f-fc18-42a3-a893-2199817f3911, Nodes: 7901d021-b70d-41b4-a3ee-3511e4cb511a{ip: 192.168.157.206, host: trunk-nightly-20191114-k5n9k-339518648, networkLocation: /rack1, certSerialId: null}3a789c1e-652a-4343-9c47-49015e6a7e8b{ip: 192.168.157.206, host: trunk-nightly-20191114-k5n9k-339518648, networkLocation: /rack1, certSerialId: null}6159a4a7-02ae-4457-ad8e-d99f5584798f{ip: 192.168.157.206, host: trunk-nightly-20191114-k5n9k-339518648, networkLocation: /rack1, certSerialId: null}, Type:RATIS, Factor:THREE, State:CLOSED] removed from db
2019-11-14 03:47:16,117 [Thread-1413] INFO  pipeline.SCMPipelineManager (SCMPipelineManager.java:finalizeAndDestroyPipeline(315)) - destroying pipeline:Pipeline[ Id: 45b7ec84-ef32-4977-9781-6fb600b66e63, Nodes: 534c162a-7c0e-49a3-b520-b6800e29086d{ip: 192.168.157.206, host: trunk-nightly-20191114-k5n9k-339518648, networkLocation: /rack1, certSerialId: null}, Type:RATIS, Factor:ONE, State:OPEN]
2019-11-14 03:47:16,117 [Thread-1413] INFO  pipeline.PipelineStateManager (PipelineStateManager.java:finalizePipeline(121)) - Pipeline Pipeline[ Id: 45b7ec84-ef32-4977-9781-6fb600b66e63, Nodes: 534c162a-7c0e-49a3-b520-b6800e29086d{ip: 192.168.157.206, host: trunk-nightly-20191114-k5n9k-339518648, networkLocation: /rack1, certSerialId: null}, Type:RATIS, Factor:ONE, State:CLOSED] moved to CLOSED state
2019-11-14 03:47:16,122 [grpc-default-executor-2] INFO  impl.RaftServerProxy (RaftServerProxy.java:remove(95)) - 534c162a-7c0e-49a3-b520-b6800e29086d: remove    LEADER 534c162a-7c0e-49a3-b520-b6800e29086d@group-6FB600B66E63:t1, leader=534c162a-7c0e-49a3-b520-b6800e29086d, voted=534c162a-7c0e-49a3-b520-b6800e29086d, raftlog=534c162a-7c0e-49a3-b520-b6800e29086d@group-6FB600B66E63-SegmentedRaftLog:OPENED:c0,f0,i0, conf=0: [534c162a-7c0e-49a3-b520-b6800e29086d:192.168.157.206:46363], old=null RUNNING
2019-11-14 03:47:16,122 [grpc-default-executor-2] INFO  impl.RaftServerImpl (RaftServerImpl.java:lambda$shutdown$3(250)) - 534c162a-7c0e-49a3-b520-b6800e29086d@group-6FB600B66E63: shutdown
2019-11-14 03:47:16,123 [grpc-default-executor-2] INFO  util.JmxRegister (JmxRegister.java:unregister(73)) - Successfully un-registered JMX Bean with object name Ratis:service=RaftServer,group=group-6FB600B66E63,id=534c162a-7c0e-49a3-b520-b6800e29086d
2019-11-14 03:47:16,123 [grpc-default-executor-6] INFO  impl.RaftServerProxy (RaftServerProxy.java:addNew(89)) - 534c162a-7c0e-49a3-b520-b6800e29086d: addNew group-8AE01AFEDB02:[534c162a-7c0e-49a3-b520-b6800e29086d:192.168.157.206:46363] returns group-8AE01AFEDB02:java.util.concurrent.CompletableFuture@277bdd15[Not completed]
2019-11-14 03:47:16,123 [grpc-default-executor-2] INFO  impl.RoleInfo (RoleInfo.java:shutdownLeaderState(104)) - 534c162a-7c0e-49a3-b520-b6800e29086d: shutdown LeaderState
2019-11-14 03:47:16,123 [grpc-default-executor-2] INFO  impl.PendingRequests (PendingRequests.java:sendNotLeaderResponses(206)) - 534c162a-7c0e-49a3-b520-b6800e29086d@group-6FB600B66E63-PendingRequests: sendNotLeaderResponses
2019-11-14 03:47:16,123 [grpc-default-executor-2] INFO  impl.StateMachineUpdater (StateMachineUpdater.java:stopAndJoin(136)) - 534c162a-7c0e-49a3-b520-b6800e29086d@group-6FB600B66E63-StateMachineUpdater: set stopIndex = 0
2019-11-14 03:47:16,124 [grpc-default-executor-2] INFO  impl.RaftServerImpl (ServerState.java:close(387)) - 534c162a-7c0e-49a3-b520-b6800e29086d@group-6FB600B66E63: closes. applyIndex: 0
2019-11-14 03:47:16,124 [534c162a-7c0e-49a3-b520-b6800e29086d@group-6FB600B66E63-SegmentedRaftLogWorker] INFO  segmented.SegmentedRaftLogWorker (SegmentedRaftLogWorker.java:run(316)) - 534c162a-7c0e-49a3-b520-b6800e29086d@group-6FB600B66E63-SegmentedRaftLogWorker was interrupted, exiting. There are 0 tasks remaining in the queue.
2019-11-14 03:47:16,124 [pool-189-thread-1] INFO  impl.RaftServerImpl (RaftServerImpl.java:<init>(98)) - 534c162a-7c0e-49a3-b520-b6800e29086d: new RaftServerImpl for group-8AE01AFEDB02:[534c162a-7c0e-49a3-b520-b6800e29086d:192.168.157.206:46363] with ContainerStateMachine:uninitialized
2019-11-14 03:47:16,124 [pool-189-thread-1] INFO  server.RaftServerConfigKeys (ConfUtils.java:logGet(43)) - raft.server.rpc.timeout.min = 1s (custom)
2019-11-14 03:47:16,124 [grpc-default-executor-2] INFO  segmented.SegmentedRaftLogWorker (SegmentedRaftLogWorker.java:close(224)) - 534c162a-7c0e-49a3-b520-b6800e29086d@group-6FB600B66E63-SegmentedRaftLogWorker close()
2019-11-14 03:47:16,125 [pool-189-thread-1] INFO  server.RaftServerConfigKeys (ConfUtils.java:logGet(43)) - raft.server.rpc.timeout.max = 1200ms (custom)
2019-11-14 03:47:16,126 [pool-189-thread-1] INFO  server.RaftServerConfigKeys (ConfUtils.java:logGet(43)) - raft.server.rpcslowness.timeout = 120s (custom)
2019-11-14 03:47:16,126 [pool-189-thread-1] INFO  server.RaftServerConfigKeys (ConfUtils.java:logGet(43)) - raft.server.sleep.deviation.threshold = 300 (default)
2019-11-14 03:47:16,126 [pool-189-thread-1] INFO  server.RaftServerConfigKeys (ConfUtils.java:logGet(43)) - raft.server.log.appender.install.snapshot.enabled = false (custom)
2019-11-14 03:47:16,127 [pool-189-thread-1] INFO  impl.RaftServerImpl (ServerState.java:<init>(103)) - 534c162a-7c0e-49a3-b520-b6800e29086d@group-8AE01AFEDB02: ConfigurationManager, init=-1: [534c162a-7c0e-49a3-b520-b6800e29086d:192.168.157.206:46363], old=null, confs=<EMPTY_MAP>
2019-11-14 03:47:16,127 [pool-189-thread-1] INFO  server.RaftServerConfigKeys (ConfUtils.java:logGet(43)) - raft.server.storage.dir = [/workdir/hadoop-ozone/integration-test/target/test-dir/MiniOzoneClusterImpl-db6fd866-6788-41aa-8e01-4626558b27a7/datanode-4/data/ratis] (custom)
2019-11-14 03:47:16,127 [pool-189-thread-1] INFO  server.RaftServerConfigKeys (ConfUtils.java:logGet(43)) - raft.server.log.corruption.policy = EXCEPTION (default)
2019-11-14 03:47:16,127 [pool-189-thread-1] INFO  storage.RaftStorageDirectory (RaftStorageDirectory.java:analyzeStorage(246)) - The storage directory /workdir/hadoop-ozone/integration-test/target/test-dir/MiniOzoneClusterImpl-db6fd866-6788-41aa-8e01-4626558b27a7/datanode-4/data/ratis/3a1b61a5-c629-4cfa-86ac-8ae01afedb02 does not exist. Creating ...
2019-11-14 03:47:16,141 [pool-189-thread-1] INFO  storage.RaftStorageDirectory (RaftStorageDirectory.java:tryLock(328)) - Lock on /workdir/hadoop-ozone/integration-test/target/test-dir/MiniOzoneClusterImpl-db6fd866-6788-41aa-8e01-4626558b27a7/datanode-4/data/ratis/3a1b61a5-c629-4cfa-86ac-8ae01afedb02/in_use.lock acquired by nodename 10001@trunk-nightly-20191114-k5n9k-339518648
2019-11-14 03:47:16,154 [pool-189-thread-1] INFO  storage.RaftStorage (RaftStorage.java:format(84)) - Storage directory /workdir/hadoop-ozone/integration-test/target/test-dir/MiniOzoneClusterImpl-db6fd866-6788-41aa-8e01-4626558b27a7/datanode-4/data/ratis/3a1b61a5-c629-4cfa-86ac-8ae01afedb02 has been successfully formatted.
2019-11-14 03:47:16,156 [pool-189-thread-1] INFO  ratis.ContainerStateMachine (ContainerStateMachine.java:loadSnapshot(223)) - group-8AE01AFEDB02: The snapshot info is null. Setting the last applied indexto:(t:0, i:~)
2019-11-14 03:47:16,156 [pool-189-thread-1] INFO  server.RaftServerConfigKeys (ConfUtils.java:logGet(43)) - raft.server.notification.no-leader.timeout = 120s (custom)
2019-11-14 03:47:16,156 [pool-189-thread-1] INFO  server.RaftServerConfigKeys (ConfUtils.java:logGet(43)) - raft.server.log.use.memory = false (default)
2019-11-14 03:47:16,156 [pool-189-thread-1] INFO  server.RaftServerConfigKeys (ConfUtils.java:logGet(43)) - raft.server.log.purge.gap = 1000000 (custom)
2019-11-14 03:47:16,156 [pool-189-thread-1] INFO  server.RaftServerConfigKeys (ConfUtils.java:logGet(43)) - raft.server.log.appender.buffer.byte-limit = 33554432 (custom)
2019-11-14 03:47:16,156 [pool-189-thread-1] INFO  server.RaftServerConfigKeys (ConfUtils.java:logGet(43)) - raft.server.log.segment.size.max = 1048576 (custom)
2019-11-14 03:47:16,156 [pool-189-thread-1] INFO  server.RaftServerConfigKeys (ConfUtils.java:logGet(43)) - raft.server.log.segment.cache.num.max = 2 (custom)
2019-11-14 03:47:16,157 [pool-189-thread-1] INFO  segmented.SegmentedRaftLogWorker (SegmentedRaftLogWorker.java:<init>(173)) - new 534c162a-7c0e-49a3-b520-b6800e29086d@group-8AE01AFEDB02-SegmentedRaftLogWorker for RaftStorage:Storage Directory /workdir/hadoop-ozone/integration-test/target/test-dir/MiniOzoneClusterImpl-db6fd866-6788-41aa-8e01-4626558b27a7/datanode-4/data/ratis/3a1b61a5-c629-4cfa-86ac-8ae01afedb02
2019-11-14 03:47:16,157 [pool-189-thread-1] INFO  server.RaftServerConfigKeys (ConfUtils.java:logGet(43)) - raft.server.log.queue.byte-limit = 2147483647 (custom)
2019-11-14 03:47:16,157 [pool-189-thread-1] INFO  server.RaftServerConfigKeys (ConfUtils.java:logGet(43)) - raft.server.log.queue.element-limit = 1024 (custom)
2019-11-14 03:47:16,157 [pool-189-thread-1] INFO  server.RaftServerConfigKeys (ConfUtils.java:logGet(43)) - raft.server.log.segment.size.max = 1048576 (custom)
2019-11-14 03:47:16,157 [pool-189-thread-1] INFO  server.RaftServerConfigKeys (ConfUtils.java:logGet(43)) - raft.server.log.preallocated.size = 16384 (custom)
2019-11-14 03:47:16,157 [pool-189-thread-1] INFO  server.RaftServerConfigKeys (ConfUtils.java:logGet(43)) - raft.server.log.write.buffer.size = 33554432 (custom)
2019-11-14 03:47:16,157 [pool-189-thread-1] INFO  server.RaftServerConfigKeys (ConfUtils.java:logGet(43)) - raft.server.log.force.sync.num = 128 (default)
2019-11-14 03:47:16,157 [pool-189-thread-1] INFO  server.RaftServerConfigKeys (ConfUtils.java:logGet(43)) - raft.server.log.statemachine.data.sync = true (default)
2019-11-14 03:47:16,157 [pool-189-thread-1] INFO  server.RaftServerConfigKeys (ConfUtils.java:logGet(43)) - raft.server.log.statemachine.data.sync.timeout = 10s (default)
2019-11-14 03:47:16,158 [pool-189-thread-1] INFO  server.RaftServerConfigKeys (ConfUtils.java:logGet(43)) - raft.server.log.statemachine.data.sync.timeout.retry = -1 (default)
2019-11-14 03:47:16,158 [pool-189-thread-1] INFO  server.RaftServerConfigKeys (ConfUtils.java:logGet(43)) - raft.server.log.statemachine.data.caching.enabled = true (custom)
2019-11-14 03:47:16,158 [pool-189-thread-1] INFO  segmented.SegmentedRaftLogWorker (SegmentedRaftLogWorker.java:lambda$new$0(128)) - 534c162a-7c0e-49a3-b520-b6800e29086d@group-8AE01AFEDB02-SegmentedRaftLogWorker: flushIndex: setUnconditionally 0 -> -1
2019-11-14 03:47:16,158 [pool-189-thread-1] INFO  server.RaftServerConfigKeys (ConfUtils.java:logGet(43)) - raft.server.snapshot.auto.trigger.enabled = true (custom)
2019-11-14 03:47:16,159 [pool-189-thread-1] INFO  server.RaftServerConfigKeys (ConfUtils.java:logGet(43)) - raft.server.snapshot.auto.trigger.threshold = 10000 (custom)
2019-11-14 03:47:16,159 [pool-189-thread-1] INFO  server.RaftServerConfigKeys (ConfUtils.java:logGet(43)) - raft.server.snapshot.retention.file.num = 5 (custom)
2019-11-14 03:47:16,159 [pool-189-thread-1] INFO  server.RaftServerConfigKeys (ConfUtils.java:logGet(43)) - raft.server.retrycache.expirytime = 600000ms (custom)
2019-11-14 03:47:16,159 [pool-189-thread-1] WARN  impl.MetricRegistriesImpl (MetricRegistriesImpl.java:lambda$create$1(61)) - First MetricRegistry has been created without registering reporters. You may need to call MetricRegistries.global().addReportRegistration(...) before.
2019-11-14 03:47:16,159 [pool-189-thread-1] WARN  impl.MetricRegistriesImpl (MetricRegistriesImpl.java:lambda$create$1(61)) - First MetricRegistry has been created without registering reporters. You may need to call MetricRegistries.global().addReportRegistration(...) before.
2019-11-14 03:47:16,159 [pool-189-thread-1] INFO  impl.RaftServerImpl (RaftServerImpl.java:start(184)) - 534c162a-7c0e-49a3-b520-b6800e29086d@group-8AE01AFEDB02: start as a follower, conf=-1: [534c162a-7c0e-49a3-b520-b6800e29086d:192.168.157.206:46363], old=null
2019-11-14 03:47:16,160 [pool-189-thread-1] INFO  impl.RaftServerImpl (RaftServerImpl.java:setRole(173)) - 534c162a-7c0e-49a3-b520-b6800e29086d@group-8AE01AFEDB02: changes role from      null to FOLLOWER at term 0 for startAsFollower
2019-11-14 03:47:16,160 [pool-189-thread-1] INFO  impl.RoleInfo (RoleInfo.java:updateAndGet(143)) - 534c162a-7c0e-49a3-b520-b6800e29086d: start FollowerState
2019-11-14 03:47:16,160 [pool-189-thread-1] INFO  util.JmxRegister (JmxRegister.java:tryRegister(44)) - Successfully registered JMX Bean with object name Ratis:service=RaftServer,group=group-8AE01AFEDB02,id=534c162a-7c0e-49a3-b520-b6800e29086d
2019-11-14 03:47:16,160 [pool-189-thread-1] WARN  impl.MetricRegistriesImpl (MetricRegistriesImpl.java:lambda$create$1(61)) - First MetricRegistry has been created without registering reporters. You may need to call MetricRegistries.global().addReportRegistration(...) before.
2019-11-14 03:47:16,163 [RatisPipelineUtilsThread] INFO  pipeline.PipelineStateManager (PipelineStateManager.java:addPipeline(55)) - Created pipeline Pipeline[ Id: 3a1b61a5-c629-4cfa-86ac-8ae01afedb02, Nodes: 534c162a-7c0e-49a3-b520-b6800e29086d{ip: 192.168.157.206, host: trunk-nightly-20191114-k5n9k-339518648, networkLocation: /rack1, certSerialId: null}, Type:RATIS, Factor:ONE, State:ALLOCATED]
2019-11-14 03:47:16,167 [grpc-default-executor-1] INFO  impl.RaftServerProxy (RaftServerProxy.java:addNew(89)) - 7901d021-b70d-41b4-a3ee-3511e4cb511a: addNew group-8B77DDD58102:[7901d021-b70d-41b4-a3ee-3511e4cb511a:192.168.157.206:32814, 6159a4a7-02ae-4457-ad8e-d99f5584798f:192.168.157.206:36722, 3a789c1e-652a-4343-9c47-49015e6a7e8b:192.168.157.206:36955] returns group-8B77DDD58102:java.util.concurrent.CompletableFuture@7f021aa6[Not completed]
2019-11-14 03:47:16,167 [grpc-default-executor-2] INFO  impl.RaftServerProxy (RaftServerProxy.java:addNew(89)) - 3a789c1e-652a-4343-9c47-49015e6a7e8b: addNew group-8B77DDD58102:[7901d021-b70d-41b4-a3ee-3511e4cb511a:192.168.157.206:32814, 6159a4a7-02ae-4457-ad8e-d99f5584798f:192.168.157.206:36722, 3a789c1e-652a-4343-9c47-49015e6a7e8b:192.168.157.206:36955] returns group-8B77DDD58102:java.util.concurrent.CompletableFuture@158a05f7[Not completed]
2019-11-14 03:47:16,167 [grpc-default-executor-1] INFO  impl.RaftServerProxy (RaftServerProxy.java:addNew(89)) - 6159a4a7-02ae-4457-ad8e-d99f5584798f: addNew group-8B77DDD58102:[7901d021-b70d-41b4-a3ee-3511e4cb511a:192.168.157.206:32814, 6159a4a7-02ae-4457-ad8e-d99f5584798f:192.168.157.206:36722, 3a789c1e-652a-4343-9c47-49015e6a7e8b:192.168.157.206:36955] returns group-8B77DDD58102:java.util.concurrent.CompletableFuture@1e029fd8[Not completed]
2019-11-14 03:47:16,168 [pool-239-thread-1] INFO  impl.RaftServerImpl (RaftServerImpl.java:<init>(98)) - 7901d021-b70d-41b4-a3ee-3511e4cb511a: new RaftServerImpl for group-8B77DDD58102:[7901d021-b70d-41b4-a3ee-3511e4cb511a:192.168.157.206:32814, 6159a4a7-02ae-4457-ad8e-d99f5584798f:192.168.157.206:36722, 3a789c1e-652a-4343-9c47-49015e6a7e8b:192.168.157.206:36955] with ContainerStateMachine:uninitialized
2019-11-14 03:47:16,168 [pool-239-thread-1] INFO  server.RaftServerConfigKeys (ConfUtils.java:logGet(43)) - raft.server.rpc.timeout.min = 1s (custom)
2019-11-14 03:47:16,168 [pool-239-thread-1] INFO  server.RaftServerConfigKeys (ConfUtils.java:logGet(43)) - raft.server.rpc.timeout.max = 1200ms (custom)
2019-11-14 03:47:16,168 [pool-239-thread-1] INFO  server.RaftServerConfigKeys (ConfUtils.java:logGet(43)) - raft.server.rpcslowness.timeout = 120s (custom)
2019-11-14 03:47:16,168 [pool-239-thread-1] INFO  server.RaftServerConfigKeys (ConfUtils.java:logGet(43)) - raft.server.sleep.deviation.threshold = 300 (default)
2019-11-14 03:47:16,168 [pool-239-thread-1] INFO  server.RaftServerConfigKeys (ConfUtils.java:logGet(43)) - raft.server.log.appender.install.snapshot.enabled = false (custom)
2019-11-14 03:47:16,169 [pool-239-thread-1] INFO  impl.RaftServerImpl (ServerState.java:<init>(103)) - 7901d021-b70d-41b4-a3ee-3511e4cb511a@group-8B77DDD58102: ConfigurationManager, init=-1: [7901d021-b70d-41b4-a3ee-3511e4cb511a:192.168.157.206:32814, 6159a4a7-02ae-4457-ad8e-d99f5584798f:192.168.157.206:36722, 3a789c1e-652a-4343-9c47-49015e6a7e8b:192.168.157.206:36955], old=null, confs=<EMPTY_MAP>
2019-11-14 03:47:16,169 [pool-239-thread-1] INFO  server.RaftServerConfigKeys (ConfUtils.java:logGet(43)) - raft.server.storage.dir = [/workdir/hadoop-ozone/integration-test/target/test-dir/MiniOzoneClusterImpl-db6fd866-6788-41aa-8e01-4626558b27a7/datanode-9/data/ratis] (custom)
2019-11-14 03:47:16,169 [pool-219-thread-1] INFO  impl.RaftServerImpl (RaftServerImpl.java:<init>(98)) - 6159a4a7-02ae-4457-ad8e-d99f5584798f: new RaftServerImpl for group-8B77DDD58102:[7901d021-b70d-41b4-a3ee-3511e4cb511a:192.168.157.206:32814, 6159a4a7-02ae-4457-ad8e-d99f5584798f:192.168.157.206:36722, 3a789c1e-652a-4343-9c47-49015e6a7e8b:192.168.157.206:36955] with ContainerStateMachine:uninitialized
2019-11-14 03:47:16,169 [pool-239-thread-1] INFO  server.RaftServerConfigKeys (ConfUtils.java:logGet(43)) - raft.server.log.corruption.policy = EXCEPTION (default)
2019-11-14 03:47:16,169 [pool-219-thread-1] INFO  server.RaftServerConfigKeys (ConfUtils.java:logGet(43)) - raft.server.rpc.timeout.min = 1s (custom)
2019-11-14 03:47:16,169 [pool-239-thread-1] INFO  storage.RaftStorageDirectory (RaftStorageDirectory.java:analyzeStorage(246)) - The storage directory /workdir/hadoop-ozone/integration-test/target/test-dir/MiniOzoneClusterImpl-db6fd866-6788-41aa-8e01-4626558b27a7/datanode-9/data/ratis/6f938e3e-da12-41bb-b7ae-8b77ddd58102 does not exist. Creating ...
2019-11-14 03:47:16,169 [pool-219-thread-1] INFO  server.RaftServerConfigKeys (ConfUtils.java:logGet(43)) - raft.server.rpc.timeout.max = 1200ms (custom)
2019-11-14 03:47:16,169 [pool-219-thread-1] INFO  server.RaftServerConfigKeys (ConfUtils.java:logGet(43)) - raft.server.rpcslowness.timeout = 120s (custom)
2019-11-14 03:47:16,170 [pool-219-thread-1] INFO  server.RaftServerConfigKeys (ConfUtils.java:logGet(43)) - raft.server.sleep.deviation.threshold = 300 (default)
2019-11-14 03:47:16,170 [pool-219-thread-1] INFO  server.RaftServerConfigKeys (ConfUtils.java:logGet(43)) - raft.server.log.appender.install.snapshot.enabled = false (custom)
2019-11-14 03:47:16,170 [pool-219-thread-1] INFO  impl.RaftServerImpl (ServerState.java:<init>(103)) - 6159a4a7-02ae-4457-ad8e-d99f5584798f@group-8B77DDD58102: ConfigurationManager, init=-1: [7901d021-b70d-41b4-a3ee-3511e4cb511a:192.168.157.206:32814, 6159a4a7-02ae-4457-ad8e-d99f5584798f:192.168.157.206:36722, 3a789c1e-652a-4343-9c47-49015e6a7e8b:192.168.157.206:36955], old=null, confs=<EMPTY_MAP>
2019-11-14 03:47:16,170 [pool-219-thread-1] INFO  server.RaftServerConfigKeys (ConfUtils.java:logGet(43)) - raft.server.storage.dir = [/workdir/hadoop-ozone/integration-test/target/test-dir/MiniOzoneClusterImpl-db6fd866-6788-41aa-8e01-4626558b27a7/datanode-7/data/ratis] (custom)
2019-11-14 03:47:16,170 [pool-219-thread-1] INFO  server.RaftServerConfigKeys (ConfUtils.java:logGet(43)) - raft.server.log.corruption.policy = EXCEPTION (default)
2019-11-14 03:47:16,170 [pool-199-thread-1] INFO  impl.RaftServerImpl (RaftServerImpl.java:<init>(98)) - 3a789c1e-652a-4343-9c47-49015e6a7e8b: new RaftServerImpl for group-8B77DDD58102:[7901d021-b70d-41b4-a3ee-3511e4cb511a:192.168.157.206:32814, 6159a4a7-02ae-4457-ad8e-d99f5584798f:192.168.157.206:36722, 3a789c1e-652a-4343-9c47-49015e6a7e8b:192.168.157.206:36955] with ContainerStateMachine:uninitialized
2019-11-14 03:47:16,171 [pool-219-thread-1] INFO  storage.RaftStorageDirectory (RaftStorageDirectory.java:analyzeStorage(246)) - The storage directory /workdir/hadoop-ozone/integration-test/target/test-dir/MiniOzoneClusterImpl-db6fd866-6788-41aa-8e01-4626558b27a7/datanode-7/data/ratis/6f938e3e-da12-41bb-b7ae-8b77ddd58102 does not exist. Creating ...
2019-11-14 03:47:16,171 [pool-199-thread-1] INFO  server.RaftServerConfigKeys (ConfUtils.java:logGet(43)) - raft.server.rpc.timeout.min = 1s (custom)
2019-11-14 03:47:16,171 [pool-199-thread-1] INFO  server.RaftServerConfigKeys (ConfUtils.java:logGet(43)) - raft.server.rpc.timeout.max = 1200ms (custom)
2019-11-14 03:47:16,171 [pool-199-thread-1] INFO  server.RaftServerConfigKeys (ConfUtils.java:logGet(43)) - raft.server.rpcslowness.timeout = 120s (custom)
2019-11-14 03:47:16,171 [pool-199-thread-1] INFO  server.RaftServerConfigKeys (ConfUtils.java:logGet(43)) - raft.server.sleep.deviation.threshold = 300 (default)
2019-11-14 03:47:16,171 [pool-199-thread-1] INFO  server.RaftServerConfigKeys (ConfUtils.java:logGet(43)) - raft.server.log.appender.install.snapshot.enabled = false (custom)
2019-11-14 03:47:16,172 [pool-199-thread-1] INFO  impl.RaftServerImpl (ServerState.java:<init>(103)) - 3a789c1e-652a-4343-9c47-49015e6a7e8b@group-8B77DDD58102: ConfigurationManager, init=-1: [7901d021-b70d-41b4-a3ee-3511e4cb511a:192.168.157.206:32814, 6159a4a7-02ae-4457-ad8e-d99f5584798f:192.168.157.206:36722, 3a789c1e-652a-4343-9c47-49015e6a7e8b:192.168.157.206:36955], old=null, confs=<EMPTY_MAP>
2019-11-14 03:47:16,172 [pool-199-thread-1] INFO  server.RaftServerConfigKeys (ConfUtils.java:logGet(43)) - raft.server.storage.dir = [/workdir/hadoop-ozone/integration-test/target/test-dir/MiniOzoneClusterImpl-db6fd866-6788-41aa-8e01-4626558b27a7/datanode-5/data/ratis] (custom)
2019-11-14 03:47:16,172 [pool-199-thread-1] INFO  server.RaftServerConfigKeys (ConfUtils.java:logGet(43)) - raft.server.log.corruption.policy = EXCEPTION (default)
2019-11-14 03:47:16,172 [pool-199-thread-1] INFO  storage.RaftStorageDirectory (RaftStorageDirectory.java:analyzeStorage(246)) - The storage directory /workdir/hadoop-ozone/integration-test/target/test-dir/MiniOzoneClusterImpl-db6fd866-6788-41aa-8e01-4626558b27a7/datanode-5/data/ratis/6f938e3e-da12-41bb-b7ae-8b77ddd58102 does not exist. Creating ...
2019-11-14 03:47:16,185 [pool-239-thread-1] INFO  storage.RaftStorageDirectory (RaftStorageDirectory.java:tryLock(328)) - Lock on /workdir/hadoop-ozone/integration-test/target/test-dir/MiniOzoneClusterImpl-db6fd866-6788-41aa-8e01-4626558b27a7/datanode-9/data/ratis/6f938e3e-da12-41bb-b7ae-8b77ddd58102/in_use.lock acquired by nodename 10001@trunk-nightly-20191114-k5n9k-339518648
2019-11-14 03:47:16,185 [pool-219-thread-1] INFO  storage.RaftStorageDirectory (RaftStorageDirectory.java:tryLock(328)) - Lock on /workdir/hadoop-ozone/integration-test/target/test-dir/MiniOzoneClusterImpl-db6fd866-6788-41aa-8e01-4626558b27a7/datanode-7/data/ratis/6f938e3e-da12-41bb-b7ae-8b77ddd58102/in_use.lock acquired by nodename 10001@trunk-nightly-20191114-k5n9k-339518648
2019-11-14 03:47:16,185 [pool-199-thread-1] INFO  storage.RaftStorageDirectory (RaftStorageDirectory.java:tryLock(328)) - Lock on /workdir/hadoop-ozone/integration-test/target/test-dir/MiniOzoneClusterImpl-db6fd866-6788-41aa-8e01-4626558b27a7/datanode-5/data/ratis/6f938e3e-da12-41bb-b7ae-8b77ddd58102/in_use.lock acquired by nodename 10001@trunk-nightly-20191114-k5n9k-339518648
2019-11-14 03:47:16,200 [pool-239-thread-1] INFO  storage.RaftStorage (RaftStorage.java:format(84)) - Storage directory /workdir/hadoop-ozone/integration-test/target/test-dir/MiniOzoneClusterImpl-db6fd866-6788-41aa-8e01-4626558b27a7/datanode-9/data/ratis/6f938e3e-da12-41bb-b7ae-8b77ddd58102 has been successfully formatted.
2019-11-14 03:47:16,200 [pool-199-thread-1] INFO  storage.RaftStorage (RaftStorage.java:format(84)) - Storage directory /workdir/hadoop-ozone/integration-test/target/test-dir/MiniOzoneClusterImpl-db6fd866-6788-41aa-8e01-4626558b27a7/datanode-5/data/ratis/6f938e3e-da12-41bb-b7ae-8b77ddd58102 has been successfully formatted.
2019-11-14 03:47:16,200 [pool-219-thread-1] INFO  storage.RaftStorage (RaftStorage.java:format(84)) - Storage directory /workdir/hadoop-ozone/integration-test/target/test-dir/MiniOzoneClusterImpl-db6fd866-6788-41aa-8e01-4626558b27a7/datanode-7/data/ratis/6f938e3e-da12-41bb-b7ae-8b77ddd58102 has been successfully formatted.
2019-11-14 03:47:16,200 [pool-199-thread-1] INFO  ratis.ContainerStateMachine (ContainerStateMachine.java:loadSnapshot(223)) - group-8B77DDD58102: The snapshot info is null. Setting the last applied indexto:(t:0, i:~)
2019-11-14 03:47:16,200 [pool-239-thread-1] INFO  ratis.ContainerStateMachine (ContainerStateMachine.java:loadSnapshot(223)) - group-8B77DDD58102: The snapshot info is null. Setting the last applied indexto:(t:0, i:~)
2019-11-14 03:47:16,201 [pool-199-thread-1] INFO  server.RaftServerConfigKeys (ConfUtils.java:logGet(43)) - raft.server.notification.no-leader.timeout = 120s (custom)
2019-11-14 03:47:16,201 [pool-219-thread-1] INFO  ratis.ContainerStateMachine (ContainerStateMachine.java:loadSnapshot(223)) - group-8B77DDD58102: The snapshot info is null. Setting the last applied indexto:(t:0, i:~)
2019-11-14 03:47:16,201 [pool-199-thread-1] INFO  server.RaftServerConfigKeys (ConfUtils.java:logGet(43)) - raft.server.log.use.memory = false (default)
2019-11-14 03:47:16,201 [pool-239-thread-1] INFO  server.RaftServerConfigKeys (ConfUtils.java:logGet(43)) - raft.server.notification.no-leader.timeout = 120s (custom)
2019-11-14 03:47:16,201 [pool-199-thread-1] INFO  server.RaftServerConfigKeys (ConfUtils.java:logGet(43)) - raft.server.log.purge.gap = 1000000 (custom)
2019-11-14 03:47:16,201 [pool-219-thread-1] INFO  server.RaftServerConfigKeys (ConfUtils.java:logGet(43)) - raft.server.notification.no-leader.timeout = 120s (custom)
2019-11-14 03:47:16,202 [pool-199-thread-1] INFO  server.RaftServerConfigKeys (ConfUtils.java:logGet(43)) - raft.server.log.appender.buffer.byte-limit = 33554432 (custom)
2019-11-14 03:47:16,201 [pool-239-thread-1] INFO  server.RaftServerConfigKeys (ConfUtils.java:logGet(43)) - raft.server.log.use.memory = false (default)
2019-11-14 03:47:16,202 [pool-199-thread-1] INFO  server.RaftServerConfigKeys (ConfUtils.java:logGet(43)) - raft.server.log.segment.size.max = 1048576 (custom)
2019-11-14 03:47:16,202 [pool-219-thread-1] INFO  server.RaftServerConfigKeys (ConfUtils.java:logGet(43)) - raft.server.log.use.memory = false (default)
2019-11-14 03:47:16,202 [pool-199-thread-1] INFO  server.RaftServerConfigKeys (ConfUtils.java:logGet(43)) - raft.server.log.segment.cache.num.max = 2 (custom)
2019-11-14 03:47:16,202 [pool-239-thread-1] INFO  server.RaftServerConfigKeys (ConfUtils.java:logGet(43)) - raft.server.log.purge.gap = 1000000 (custom)
2019-11-14 03:47:16,202 [pool-199-thread-1] INFO  segmented.SegmentedRaftLogWorker (SegmentedRaftLogWorker.java:<init>(173)) - new 3a789c1e-652a-4343-9c47-49015e6a7e8b@group-8B77DDD58102-SegmentedRaftLogWorker for RaftStorage:Storage Directory /workdir/hadoop-ozone/integration-test/target/test-dir/MiniOzoneClusterImpl-db6fd866-6788-41aa-8e01-4626558b27a7/datanode-5/data/ratis/6f938e3e-da12-41bb-b7ae-8b77ddd58102
2019-11-14 03:47:16,202 [pool-219-thread-1] INFO  server.RaftServerConfigKeys (ConfUtils.java:logGet(43)) - raft.server.log.purge.gap = 1000000 (custom)
2019-11-14 03:47:16,203 [pool-199-thread-1] INFO  server.RaftServerConfigKeys (ConfUtils.java:logGet(43)) - raft.server.log.queue.byte-limit = 2147483647 (custom)
2019-11-14 03:47:16,202 [pool-239-thread-1] INFO  server.RaftServerConfigKeys (ConfUtils.java:logGet(43)) - raft.server.log.appender.buffer.byte-limit = 33554432 (custom)
2019-11-14 03:47:16,203 [pool-199-thread-1] INFO  server.RaftServerConfigKeys (ConfUtils.java:logGet(43)) - raft.server.log.queue.element-limit = 1024 (custom)
2019-11-14 03:47:16,203 [pool-219-thread-1] INFO  server.RaftServerConfigKeys (ConfUtils.java:logGet(43)) - raft.server.log.appender.buffer.byte-limit = 33554432 (custom)
2019-11-14 03:47:16,203 [pool-199-thread-1] INFO  server.RaftServerConfigKeys (ConfUtils.java:logGet(43)) - raft.server.log.segment.size.max = 1048576 (custom)
2019-11-14 03:47:16,203 [pool-239-thread-1] INFO  server.RaftServerConfigKeys (ConfUtils.java:logGet(43)) - raft.server.log.segment.size.max = 1048576 (custom)
2019-11-14 03:47:16,203 [pool-219-thread-1] INFO  server.RaftServerConfigKeys (ConfUtils.java:logGet(43)) - raft.server.log.segment.size.max = 1048576 (custom)
2019-11-14 03:47:16,203 [pool-239-thread-1] INFO  server.RaftServerConfigKeys (ConfUtils.java:logGet(43)) - raft.server.log.segment.cache.num.max = 2 (custom)
2019-11-14 03:47:16,203 [pool-199-thread-1] INFO  server.RaftServerConfigKeys (ConfUtils.java:logGet(43)) - raft.server.log.preallocated.size = 16384 (custom)
2019-11-14 03:47:16,204 [pool-239-thread-1] INFO  segmented.SegmentedRaftLogWorker (SegmentedRaftLogWorker.java:<init>(173)) - new 7901d021-b70d-41b4-a3ee-3511e4cb511a@group-8B77DDD58102-SegmentedRaftLogWorker for RaftStorage:Storage Directory /workdir/hadoop-ozone/integration-test/target/test-dir/MiniOzoneClusterImpl-db6fd866-6788-41aa-8e01-4626558b27a7/datanode-9/data/ratis/6f938e3e-da12-41bb-b7ae-8b77ddd58102
2019-11-14 03:47:16,204 [pool-219-thread-1] INFO  server.RaftServerConfigKeys (ConfUtils.java:logGet(43)) - raft.server.log.segment.cache.num.max = 2 (custom)
2019-11-14 03:47:16,204 [pool-239-thread-1] INFO  server.RaftServerConfigKeys (ConfUtils.java:logGet(43)) - raft.server.log.queue.byte-limit = 2147483647 (custom)
2019-11-14 03:47:16,204 [pool-239-thread-1] INFO  server.RaftServerConfigKeys (ConfUtils.java:logGet(43)) - raft.server.log.queue.element-limit = 1024 (custom)
2019-11-14 03:47:16,204 [pool-199-thread-1] INFO  server.RaftServerConfigKeys (ConfUtils.java:logGet(43)) - raft.server.log.write.buffer.size = 33554432 (custom)
2019-11-14 03:47:16,204 [pool-239-thread-1] INFO  server.RaftServerConfigKeys (ConfUtils.java:logGet(43)) - raft.server.log.segment.size.max = 1048576 (custom)
2019-11-14 03:47:16,204 [pool-239-thread-1] INFO  server.RaftServerConfigKeys (ConfUtils.java:logGet(43)) - raft.server.log.preallocated.size = 16384 (custom)
2019-11-14 03:47:16,204 [pool-219-thread-1] INFO  segmented.SegmentedRaftLogWorker (SegmentedRaftLogWorker.java:<init>(173)) - new 6159a4a7-02ae-4457-ad8e-d99f5584798f@group-8B77DDD58102-SegmentedRaftLogWorker for RaftStorage:Storage Directory /workdir/hadoop-ozone/integration-test/target/test-dir/MiniOzoneClusterImpl-db6fd866-6788-41aa-8e01-4626558b27a7/datanode-7/data/ratis/6f938e3e-da12-41bb-b7ae-8b77ddd58102
2019-11-14 03:47:16,205 [pool-239-thread-1] INFO  server.RaftServerConfigKeys (ConfUtils.java:logGet(43)) - raft.server.log.write.buffer.size = 33554432 (custom)
2019-11-14 03:47:16,204 [pool-199-thread-1] INFO  server.RaftServerConfigKeys (ConfUtils.java:logGet(43)) - raft.server.log.force.sync.num = 128 (default)
2019-11-14 03:47:16,205 [pool-239-thread-1] INFO  server.RaftServerConfigKeys (ConfUtils.java:logGet(43)) - raft.server.log.force.sync.num = 128 (default)
2019-11-14 03:47:16,205 [pool-219-thread-1] INFO  server.RaftServerConfigKeys (ConfUtils.java:logGet(43)) - raft.server.log.queue.byte-limit = 2147483647 (custom)
2019-11-14 03:47:16,205 [pool-239-thread-1] INFO  server.RaftServerConfigKeys (ConfUtils.java:logGet(43)) - raft.server.log.statemachine.data.sync = true (default)
2019-11-14 03:47:16,205 [pool-199-thread-1] INFO  server.RaftServerConfigKeys (ConfUtils.java:logGet(43)) - raft.server.log.statemachine.data.sync = true (default)
2019-11-14 03:47:16,205 [pool-239-thread-1] INFO  server.RaftServerConfigKeys (ConfUtils.java:logGet(43)) - raft.server.log.statemachine.data.sync.timeout = 10s (default)
2019-11-14 03:47:16,206 [pool-239-thread-1] INFO  server.RaftServerConfigKeys (ConfUtils.java:logGet(43)) - raft.server.log.statemachine.data.sync.timeout.retry = -1 (default)
2019-11-14 03:47:16,205 [pool-219-thread-1] INFO  server.RaftServerConfigKeys (ConfUtils.java:logGet(43)) - raft.server.log.queue.element-limit = 1024 (custom)
2019-11-14 03:47:16,206 [pool-239-thread-1] INFO  server.RaftServerConfigKeys (ConfUtils.java:logGet(43)) - raft.server.log.statemachine.data.caching.enabled = true (custom)
2019-11-14 03:47:16,205 [pool-199-thread-1] INFO  server.RaftServerConfigKeys (ConfUtils.java:logGet(43)) - raft.server.log.statemachine.data.sync.timeout = 10s (default)
2019-11-14 03:47:16,206 [pool-239-thread-1] INFO  segmented.SegmentedRaftLogWorker (SegmentedRaftLogWorker.java:lambda$new$0(128)) - 7901d021-b70d-41b4-a3ee-3511e4cb511a@group-8B77DDD58102-SegmentedRaftLogWorker: flushIndex: setUnconditionally 0 -> -1
2019-11-14 03:47:16,206 [pool-219-thread-1] INFO  server.RaftServerConfigKeys (ConfUtils.java:logGet(43)) - raft.server.log.segment.size.max = 1048576 (custom)
2019-11-14 03:47:16,206 [pool-199-thread-1] INFO  server.RaftServerConfigKeys (ConfUtils.java:logGet(43)) - raft.server.log.statemachine.data.sync.timeout.retry = -1 (default)
2019-11-14 03:47:16,206 [pool-219-thread-1] INFO  server.RaftServerConfigKeys (ConfUtils.java:logGet(43)) - raft.server.log.preallocated.size = 16384 (custom)
2019-11-14 03:47:16,206 [pool-239-thread-1] INFO  server.RaftServerConfigKeys (ConfUtils.java:logGet(43)) - raft.server.snapshot.auto.trigger.enabled = true (custom)
2019-11-14 03:47:16,207 [pool-219-thread-1] INFO  server.RaftServerConfigKeys (ConfUtils.java:logGet(43)) - raft.server.log.write.buffer.size = 33554432 (custom)
2019-11-14 03:47:16,206 [pool-199-thread-1] INFO  server.RaftServerConfigKeys (ConfUtils.java:logGet(43)) - raft.server.log.statemachine.data.caching.enabled = true (custom)
2019-11-14 03:47:16,207 [pool-219-thread-1] INFO  server.RaftServerConfigKeys (ConfUtils.java:logGet(43)) - raft.server.log.force.sync.num = 128 (default)
2019-11-14 03:47:16,207 [pool-239-thread-1] INFO  server.RaftServerConfigKeys (ConfUtils.java:logGet(43)) - raft.server.snapshot.auto.trigger.threshold = 10000 (custom)
2019-11-14 03:47:16,207 [pool-219-thread-1] INFO  server.RaftServerConfigKeys (ConfUtils.java:logGet(43)) - raft.server.log.statemachine.data.sync = true (default)
2019-11-14 03:47:16,207 [pool-239-thread-1] INFO  server.RaftServerConfigKeys (ConfUtils.java:logGet(43)) - raft.server.snapshot.retention.file.num = 5 (custom)
2019-11-14 03:47:16,207 [pool-199-thread-1] INFO  segmented.SegmentedRaftLogWorker (SegmentedRaftLogWorker.java:lambda$new$0(128)) - 3a789c1e-652a-4343-9c47-49015e6a7e8b@group-8B77DDD58102-SegmentedRaftLogWorker: flushIndex: setUnconditionally 0 -> -1
2019-11-14 03:47:16,209 [pool-239-thread-1] INFO  server.RaftServerConfigKeys (ConfUtils.java:logGet(43)) - raft.server.retrycache.expirytime = 600000ms (custom)
2019-11-14 03:47:16,209 [pool-219-thread-1] INFO  server.RaftServerConfigKeys (ConfUtils.java:logGet(43)) - raft.server.log.statemachine.data.sync.timeout = 10s (default)
2019-11-14 03:47:16,209 [pool-199-thread-1] INFO  server.RaftServerConfigKeys (ConfUtils.java:logGet(43)) - raft.server.snapshot.auto.trigger.enabled = true (custom)
2019-11-14 03:47:16,209 [pool-239-thread-1] WARN  impl.MetricRegistriesImpl (MetricRegistriesImpl.java:lambda$create$1(61)) - First MetricRegistry has been created without registering reporters. You may need to call MetricRegistries.global().addReportRegistration(...) before.
2019-11-14 03:47:16,210 [pool-199-thread-1] INFO  server.RaftServerConfigKeys (ConfUtils.java:logGet(43)) - raft.server.snapshot.auto.trigger.threshold = 10000 (custom)
2019-11-14 03:47:16,209 [pool-219-thread-1] INFO  server.RaftServerConfigKeys (ConfUtils.java:logGet(43)) - raft.server.log.statemachine.data.sync.timeout.retry = -1 (default)
2019-11-14 03:47:16,210 [pool-199-thread-1] INFO  server.RaftServerConfigKeys (ConfUtils.java:logGet(43)) - raft.server.snapshot.retention.file.num = 5 (custom)
2019-11-14 03:47:16,210 [pool-239-thread-1] WARN  impl.MetricRegistriesImpl (MetricRegistriesImpl.java:lambda$create$1(61)) - First MetricRegistry has been created without registering reporters. You may need to call MetricRegistries.global().addReportRegistration(...) before.
2019-11-14 03:47:16,210 [pool-199-thread-1] INFO  server.RaftServerConfigKeys (ConfUtils.java:logGet(43)) - raft.server.retrycache.expirytime = 600000ms (custom)
2019-11-14 03:47:16,210 [pool-219-thread-1] INFO  server.RaftServerConfigKeys (ConfUtils.java:logGet(43)) - raft.server.log.statemachine.data.caching.enabled = true (custom)
2019-11-14 03:47:16,210 [pool-199-thread-1] WARN  impl.MetricRegistriesImpl (MetricRegistriesImpl.java:lambda$create$1(61)) - First MetricRegistry has been created without registering reporters. You may need to call MetricRegistries.global().addReportRegistration(...) before.
2019-11-14 03:47:16,211 [pool-219-thread-1] INFO  segmented.SegmentedRaftLogWorker (SegmentedRaftLogWorker.java:lambda$new$0(128)) - 6159a4a7-02ae-4457-ad8e-d99f5584798f@group-8B77DDD58102-SegmentedRaftLogWorker: flushIndex: setUnconditionally 0 -> -1
2019-11-14 03:47:16,210 [pool-239-thread-1] INFO  impl.RaftServerImpl (RaftServerImpl.java:start(184)) - 7901d021-b70d-41b4-a3ee-3511e4cb511a@group-8B77DDD58102: start as a follower, conf=-1: [7901d021-b70d-41b4-a3ee-3511e4cb511a:192.168.157.206:32814, 6159a4a7-02ae-4457-ad8e-d99f5584798f:192.168.157.206:36722, 3a789c1e-652a-4343-9c47-49015e6a7e8b:192.168.157.206:36955], old=null
2019-11-14 03:47:16,211 [pool-199-thread-1] WARN  impl.MetricRegistriesImpl (MetricRegistriesImpl.java:lambda$create$1(61)) - First MetricRegistry has been created without registering reporters. You may need to call MetricRegistries.global().addReportRegistration(...) before.
2019-11-14 03:47:16,211 [pool-219-thread-1] INFO  server.RaftServerConfigKeys (ConfUtils.java:logGet(43)) - raft.server.snapshot.auto.trigger.enabled = true (custom)
2019-11-14 03:47:16,211 [pool-199-thread-1] INFO  impl.RaftServerImpl (RaftServerImpl.java:start(184)) - 3a789c1e-652a-4343-9c47-49015e6a7e8b@group-8B77DDD58102: start as a follower, conf=-1: [7901d021-b70d-41b4-a3ee-3511e4cb511a:192.168.157.206:32814, 6159a4a7-02ae-4457-ad8e-d99f5584798f:192.168.157.206:36722, 3a789c1e-652a-4343-9c47-49015e6a7e8b:192.168.157.206:36955], old=null
2019-11-14 03:47:16,211 [pool-239-thread-1] INFO  impl.RaftServerImpl (RaftServerImpl.java:setRole(173)) - 7901d021-b70d-41b4-a3ee-3511e4cb511a@group-8B77DDD58102: changes role from      null to FOLLOWER at term 0 for startAsFollower
2019-11-14 03:47:16,211 [pool-199-thread-1] INFO  impl.RaftServerImpl (RaftServerImpl.java:setRole(173)) - 3a789c1e-652a-4343-9c47-49015e6a7e8b@group-8B77DDD58102: changes role from      null to FOLLOWER at term 0 for startAsFollower
2019-11-14 03:47:16,211 [pool-219-thread-1] INFO  server.RaftServerConfigKeys (ConfUtils.java:logGet(43)) - raft.server.snapshot.auto.trigger.threshold = 10000 (custom)
2019-11-14 03:47:16,211 [pool-199-thread-1] INFO  impl.RoleInfo (RoleInfo.java:updateAndGet(143)) - 3a789c1e-652a-4343-9c47-49015e6a7e8b: start FollowerState
2019-11-14 03:47:16,211 [pool-239-thread-1] INFO  impl.RoleInfo (RoleInfo.java:updateAndGet(143)) - 7901d021-b70d-41b4-a3ee-3511e4cb511a: start FollowerState
2019-11-14 03:47:16,212 [pool-219-thread-1] INFO  server.RaftServerConfigKeys (ConfUtils.java:logGet(43)) - raft.server.snapshot.retention.file.num = 5 (custom)
2019-11-14 03:47:16,212 [pool-219-thread-1] INFO  server.RaftServerConfigKeys (ConfUtils.java:logGet(43)) - raft.server.retrycache.expirytime = 600000ms (custom)
2019-11-14 03:47:16,212 [pool-239-thread-1] INFO  util.JmxRegister (JmxRegister.java:tryRegister(44)) - Successfully registered JMX Bean with object name Ratis:service=RaftServer,group=group-8B77DDD58102,id=7901d021-b70d-41b4-a3ee-3511e4cb511a
2019-11-14 03:47:16,212 [pool-199-thread-1] INFO  util.JmxRegister (JmxRegister.java:tryRegister(44)) - Successfully registered JMX Bean with object name Ratis:service=RaftServer,group=group-8B77DDD58102,id=3a789c1e-652a-4343-9c47-49015e6a7e8b
2019-11-14 03:47:16,212 [pool-239-thread-1] WARN  impl.MetricRegistriesImpl (MetricRegistriesImpl.java:lambda$create$1(61)) - First MetricRegistry has been created without registering reporters. You may need to call MetricRegistries.global().addReportRegistration(...) before.
2019-11-14 03:47:16,212 [pool-219-thread-1] WARN  impl.MetricRegistriesImpl (MetricRegistriesImpl.java:lambda$create$1(61)) - First MetricRegistry has been created without registering reporters. You may need to call MetricRegistries.global().addReportRegistration(...) before.
2019-11-14 03:47:16,212 [pool-199-thread-1] WARN  impl.MetricRegistriesImpl (MetricRegistriesImpl.java:lambda$create$1(61)) - First MetricRegistry has been created without registering reporters. You may need to call MetricRegistries.global().addReportRegistration(...) before.
2019-11-14 03:47:16,213 [pool-219-thread-1] WARN  impl.MetricRegistriesImpl (MetricRegistriesImpl.java:lambda$create$1(61)) - First MetricRegistry has been created without registering reporters. You may need to call MetricRegistries.global().addReportRegistration(...) before.
2019-11-14 03:47:16,213 [pool-219-thread-1] INFO  impl.RaftServerImpl (RaftServerImpl.java:start(184)) - 6159a4a7-02ae-4457-ad8e-d99f5584798f@group-8B77DDD58102: start as a follower, conf=-1: [7901d021-b70d-41b4-a3ee-3511e4cb511a:192.168.157.206:32814, 6159a4a7-02ae-4457-ad8e-d99f5584798f:192.168.157.206:36722, 3a789c1e-652a-4343-9c47-49015e6a7e8b:192.168.157.206:36955], old=null
2019-11-14 03:47:16,213 [pool-219-thread-1] INFO  impl.RaftServerImpl (RaftServerImpl.java:setRole(173)) - 6159a4a7-02ae-4457-ad8e-d99f5584798f@group-8B77DDD58102: changes role from      null to FOLLOWER at term 0 for startAsFollower
2019-11-14 03:47:16,214 [pool-219-thread-1] INFO  impl.RoleInfo (RoleInfo.java:updateAndGet(143)) - 6159a4a7-02ae-4457-ad8e-d99f5584798f: start FollowerState
2019-11-14 03:47:16,214 [pool-219-thread-1] INFO  util.JmxRegister (JmxRegister.java:tryRegister(44)) - Successfully registered JMX Bean with object name Ratis:service=RaftServer,group=group-8B77DDD58102,id=6159a4a7-02ae-4457-ad8e-d99f5584798f
2019-11-14 03:47:16,214 [pool-219-thread-1] WARN  impl.MetricRegistriesImpl (MetricRegistriesImpl.java:lambda$create$1(61)) - First MetricRegistry has been created without registering reporters. You may need to call MetricRegistries.global().addReportRegistration(...) before.
2019-11-14 03:47:16,217 [RatisPipelineUtilsThread] INFO  pipeline.PipelineStateManager (PipelineStateManager.java:addPipeline(55)) - Created pipeline Pipeline[ Id: 6f938e3e-da12-41bb-b7ae-8b77ddd58102, Nodes: 7901d021-b70d-41b4-a3ee-3511e4cb511a{ip: 192.168.157.206, host: trunk-nightly-20191114-k5n9k-339518648, networkLocation: /rack1, certSerialId: null}3a789c1e-652a-4343-9c47-49015e6a7e8b{ip: 192.168.157.206, host: trunk-nightly-20191114-k5n9k-339518648, networkLocation: /rack1, certSerialId: null}6159a4a7-02ae-4457-ad8e-d99f5584798f{ip: 192.168.157.206, host: trunk-nightly-20191114-k5n9k-339518648, networkLocation: /rack1, certSerialId: null}, Type:RATIS, Factor:THREE, State:ALLOCATED]
2019-11-14 03:47:16,218 [Thread-1413] INFO  pipeline.PipelineStateManager (PipelineStateManager.java:removePipeline(106)) - Pipeline Pipeline[ Id: 45b7ec84-ef32-4977-9781-6fb600b66e63, Nodes: 534c162a-7c0e-49a3-b520-b6800e29086d{ip: 192.168.157.206, host: trunk-nightly-20191114-k5n9k-339518648, networkLocation: /rack1, certSerialId: null}, Type:RATIS, Factor:ONE, State:CLOSED] removed from db
2019-11-14 03:47:16,218 [Thread-1413] INFO  pipeline.SCMPipelineManager (SCMPipelineManager.java:finalizeAndDestroyPipeline(315)) - destroying pipeline:Pipeline[ Id: 5b6408f2-cd0f-4820-9525-60f1fef89361, Nodes: d8a9c999-7748-4aa6-a9a9-ef73d9884e3c{ip: 192.168.157.206, host: trunk-nightly-20191114-k5n9k-339518648, networkLocation: /rack1, certSerialId: null}bf247637-7e59-4671-9487-192b6829a40a{ip: 192.168.157.206, host: trunk-nightly-20191114-k5n9k-339518648, networkLocation: /rack1, certSerialId: null}ad307801-f957-4403-adfc-9cdab46587c3{ip: 192.168.157.206, host: trunk-nightly-20191114-k5n9k-339518648, networkLocation: /rack1, certSerialId: null}, Type:RATIS, Factor:THREE, State:OPEN]
2019-11-14 03:47:16,219 [Thread-1413] INFO  pipeline.PipelineStateManager (PipelineStateManager.java:finalizePipeline(121)) - Pipeline Pipeline[ Id: 5b6408f2-cd0f-4820-9525-60f1fef89361, Nodes: d8a9c999-7748-4aa6-a9a9-ef73d9884e3c{ip: 192.168.157.206, host: trunk-nightly-20191114-k5n9k-339518648, networkLocation: /rack1, certSerialId: null}bf247637-7e59-4671-9487-192b6829a40a{ip: 192.168.157.206, host: trunk-nightly-20191114-k5n9k-339518648, networkLocation: /rack1, certSerialId: null}ad307801-f957-4403-adfc-9cdab46587c3{ip: 192.168.157.206, host: trunk-nightly-20191114-k5n9k-339518648, networkLocation: /rack1, certSerialId: null}, Type:RATIS, Factor:THREE, State:CLOSED] moved to CLOSED state
2019-11-14 03:47:16,222 [grpc-default-executor-1] INFO  impl.RaftServerProxy (RaftServerProxy.java:remove(95)) - d8a9c999-7748-4aa6-a9a9-ef73d9884e3c: remove  FOLLOWER d8a9c999-7748-4aa6-a9a9-ef73d9884e3c@group-60F1FEF89361:t1, leader=bf247637-7e59-4671-9487-192b6829a40a, voted=bf247637-7e59-4671-9487-192b6829a40a, raftlog=d8a9c999-7748-4aa6-a9a9-ef73d9884e3c@group-60F1FEF89361-SegmentedRaftLog:OPENED:c0,f0,i0, conf=0: [d8a9c999-7748-4aa6-a9a9-ef73d9884e3c:192.168.157.206:34054, ad307801-f957-4403-adfc-9cdab46587c3:192.168.157.206:36473, bf247637-7e59-4671-9487-192b6829a40a:192.168.157.206:41118], old=null RUNNING
2019-11-14 03:47:16,222 [grpc-default-executor-1] INFO  impl.RaftServerImpl (RaftServerImpl.java:lambda$shutdown$3(250)) - d8a9c999-7748-4aa6-a9a9-ef73d9884e3c@group-60F1FEF89361: shutdown
2019-11-14 03:47:16,222 [grpc-default-executor-1] INFO  util.JmxRegister (JmxRegister.java:unregister(73)) - Successfully un-registered JMX Bean with object name Ratis:service=RaftServer,group=group-60F1FEF89361,id=d8a9c999-7748-4aa6-a9a9-ef73d9884e3c
2019-11-14 03:47:16,223 [grpc-default-executor-1] INFO  impl.RoleInfo (RoleInfo.java:shutdownFollowerState(121)) - d8a9c999-7748-4aa6-a9a9-ef73d9884e3c: shutdown FollowerState
2019-11-14 03:47:16,223 [grpc-default-executor-1] INFO  impl.StateMachineUpdater (StateMachineUpdater.java:stopAndJoin(136)) - d8a9c999-7748-4aa6-a9a9-ef73d9884e3c@group-60F1FEF89361-StateMachineUpdater: set stopIndex = 0
2019-11-14 03:47:16,223 [Thread-1508] INFO  impl.FollowerState (FollowerState.java:run(120)) - d8a9c999-7748-4aa6-a9a9-ef73d9884e3c@group-60F1FEF89361-FollowerState was interrupted: java.lang.InterruptedException: sleep interrupted
2019-11-14 03:47:16,225 [grpc-default-executor-1] INFO  impl.RaftServerImpl (ServerState.java:close(387)) - d8a9c999-7748-4aa6-a9a9-ef73d9884e3c@group-60F1FEF89361: closes. applyIndex: 0
2019-11-14 03:47:16,225 [d8a9c999-7748-4aa6-a9a9-ef73d9884e3c@group-60F1FEF89361-SegmentedRaftLogWorker] INFO  segmented.SegmentedRaftLogWorker (SegmentedRaftLogWorker.java:run(316)) - d8a9c999-7748-4aa6-a9a9-ef73d9884e3c@group-60F1FEF89361-SegmentedRaftLogWorker was interrupted, exiting. There are 0 tasks remaining in the queue.
2019-11-14 03:47:16,226 [grpc-default-executor-1] INFO  segmented.SegmentedRaftLogWorker (SegmentedRaftLogWorker.java:close(224)) - d8a9c999-7748-4aa6-a9a9-ef73d9884e3c@group-60F1FEF89361-SegmentedRaftLogWorker close()
2019-11-14 03:47:16,232 [grpc-default-executor-1] INFO  impl.RaftServerProxy (RaftServerProxy.java:remove(95)) - bf247637-7e59-4671-9487-192b6829a40a: remove    LEADER bf247637-7e59-4671-9487-192b6829a40a@group-60F1FEF89361:t1, leader=bf247637-7e59-4671-9487-192b6829a40a, voted=bf247637-7e59-4671-9487-192b6829a40a, raftlog=bf247637-7e59-4671-9487-192b6829a40a@group-60F1FEF89361-SegmentedRaftLog:OPENED:c0,f0,i0, conf=0: [d8a9c999-7748-4aa6-a9a9-ef73d9884e3c:192.168.157.206:34054, ad307801-f957-4403-adfc-9cdab46587c3:192.168.157.206:36473, bf247637-7e59-4671-9487-192b6829a40a:192.168.157.206:41118], old=null RUNNING
2019-11-14 03:47:16,232 [grpc-default-executor-1] INFO  impl.RaftServerImpl (RaftServerImpl.java:lambda$shutdown$3(250)) - bf247637-7e59-4671-9487-192b6829a40a@group-60F1FEF89361: shutdown
2019-11-14 03:47:16,232 [grpc-default-executor-1] INFO  util.JmxRegister (JmxRegister.java:unregister(73)) - Successfully un-registered JMX Bean with object name Ratis:service=RaftServer,group=group-60F1FEF89361,id=bf247637-7e59-4671-9487-192b6829a40a
2019-11-14 03:47:16,232 [grpc-default-executor-1] INFO  impl.RoleInfo (RoleInfo.java:shutdownLeaderState(104)) - bf247637-7e59-4671-9487-192b6829a40a: shutdown LeaderState
2019-11-14 03:47:16,235 [grpc-default-executor-1] INFO  impl.PendingRequests (PendingRequests.java:sendNotLeaderResponses(206)) - bf247637-7e59-4671-9487-192b6829a40a@group-60F1FEF89361-PendingRequests: sendNotLeaderResponses
2019-11-14 03:47:16,235 [org.apache.ratis.server.impl.LogAppender$AppenderDaemon$$Lambda$473/2105465244@2203a916] WARN  server.GrpcLogAppender (GrpcLogAppender.java:mayWait(151)) - bf247637-7e59-4671-9487-192b6829a40a@group-60F1FEF89361->ad307801-f957-4403-adfc-9cdab46587c3-GrpcLogAppender: Wait interrupted by java.lang.InterruptedException
2019-11-14 03:47:16,235 [grpc-default-executor-1] INFO  impl.StateMachineUpdater (StateMachineUpdater.java:stopAndJoin(136)) - bf247637-7e59-4671-9487-192b6829a40a@group-60F1FEF89361-StateMachineUpdater: set stopIndex = 0
2019-11-14 03:47:16,235 [org.apache.ratis.server.impl.LogAppender$AppenderDaemon$$Lambda$473/2105465244@67013b92] WARN  server.GrpcLogAppender (GrpcLogAppender.java:mayWait(151)) - bf247637-7e59-4671-9487-192b6829a40a@group-60F1FEF89361->d8a9c999-7748-4aa6-a9a9-ef73d9884e3c-GrpcLogAppender: Wait interrupted by java.lang.InterruptedException
2019-11-14 03:47:16,236 [grpc-default-executor-2] INFO  server.GrpcServerProtocolService (GrpcServerProtocolService.java:onCompleted(113)) - ad307801-f957-4403-adfc-9cdab46587c3: Completed APPEND_ENTRIES, lastRequest: bf247637-7e59-4671-9487-192b6829a40a->ad307801-f957-4403-adfc-9cdab46587c3#4-t1, previous=(t:1, i:0), leaderCommit=0, initializing? false, entries: <empty>
2019-11-14 03:47:16,236 [grpc-default-executor-1] INFO  impl.RaftServerImpl (ServerState.java:close(387)) - bf247637-7e59-4671-9487-192b6829a40a@group-60F1FEF89361: closes. applyIndex: 0
2019-11-14 03:47:16,236 [grpc-default-executor-2] INFO  server.GrpcServerProtocolService (GrpcServerProtocolService.java:onCompleted(113)) - d8a9c999-7748-4aa6-a9a9-ef73d9884e3c: Completed APPEND_ENTRIES, lastRequest: bf247637-7e59-4671-9487-192b6829a40a->d8a9c999-7748-4aa6-a9a9-ef73d9884e3c#4-t1, previous=(t:1, i:0), leaderCommit=0, initializing? false, entries: <empty>
2019-11-14 03:47:16,236 [bf247637-7e59-4671-9487-192b6829a40a@group-60F1FEF89361-SegmentedRaftLogWorker] INFO  segmented.SegmentedRaftLogWorker (SegmentedRaftLogWorker.java:run(316)) - bf247637-7e59-4671-9487-192b6829a40a@group-60F1FEF89361-SegmentedRaftLogWorker was interrupted, exiting. There are 0 tasks remaining in the queue.
2019-11-14 03:47:16,236 [grpc-default-executor-6] INFO  server.GrpcLogAppender (GrpcLogAppender.java:onCompleted(308)) - bf247637-7e59-4671-9487-192b6829a40a@group-60F1FEF89361->ad307801-f957-4403-adfc-9cdab46587c3-AppendLogResponseHandler: follower responses appendEntries COMPLETED
2019-11-14 03:47:16,236 [grpc-default-executor-1] INFO  segmented.SegmentedRaftLogWorker (SegmentedRaftLogWorker.java:close(224)) - bf247637-7e59-4671-9487-192b6829a40a@group-60F1FEF89361-SegmentedRaftLogWorker close()
2019-11-14 03:47:16,236 [grpc-default-executor-2] INFO  server.GrpcLogAppender (GrpcLogAppender.java:onCompleted(308)) - bf247637-7e59-4671-9487-192b6829a40a@group-60F1FEF89361->d8a9c999-7748-4aa6-a9a9-ef73d9884e3c-AppendLogResponseHandler: follower responses appendEntries COMPLETED
2019-11-14 03:47:16,238 [grpc-default-executor-6] INFO  impl.FollowerInfo (FollowerInfo.java:lambda$new$0(51)) - bf247637-7e59-4671-9487-192b6829a40a@group-60F1FEF89361->ad307801-f957-4403-adfc-9cdab46587c3: nextIndex: updateUnconditionally 1 -> 0
2019-11-14 03:47:16,238 [grpc-default-executor-2] INFO  impl.FollowerInfo (FollowerInfo.java:lambda$new$0(51)) - bf247637-7e59-4671-9487-192b6829a40a@group-60F1FEF89361->d8a9c999-7748-4aa6-a9a9-ef73d9884e3c: nextIndex: updateUnconditionally 1 -> 0
2019-11-14 03:47:16,242 [grpc-default-executor-1] INFO  impl.RaftServerProxy (RaftServerProxy.java:remove(95)) - ad307801-f957-4403-adfc-9cdab46587c3: remove  FOLLOWER ad307801-f957-4403-adfc-9cdab46587c3@group-60F1FEF89361:t1, leader=bf247637-7e59-4671-9487-192b6829a40a, voted=bf247637-7e59-4671-9487-192b6829a40a, raftlog=ad307801-f957-4403-adfc-9cdab46587c3@group-60F1FEF89361-SegmentedRaftLog:OPENED:c0,f0,i0, conf=0: [d8a9c999-7748-4aa6-a9a9-ef73d9884e3c:192.168.157.206:34054, ad307801-f957-4403-adfc-9cdab46587c3:192.168.157.206:36473, bf247637-7e59-4671-9487-192b6829a40a:192.168.157.206:41118], old=null RUNNING
2019-11-14 03:47:16,242 [grpc-default-executor-1] INFO  impl.RaftServerImpl (RaftServerImpl.java:lambda$shutdown$3(250)) - ad307801-f957-4403-adfc-9cdab46587c3@group-60F1FEF89361: shutdown
2019-11-14 03:47:16,243 [grpc-default-executor-1] INFO  util.JmxRegister (JmxRegister.java:unregister(73)) - Successfully un-registered JMX Bean with object name Ratis:service=RaftServer,group=group-60F1FEF89361,id=ad307801-f957-4403-adfc-9cdab46587c3
2019-11-14 03:47:16,243 [grpc-default-executor-1] INFO  impl.RoleInfo (RoleInfo.java:shutdownFollowerState(121)) - ad307801-f957-4403-adfc-9cdab46587c3: shutdown FollowerState
2019-11-14 03:47:16,243 [grpc-default-executor-1] INFO  impl.StateMachineUpdater (StateMachineUpdater.java:stopAndJoin(136)) - ad307801-f957-4403-adfc-9cdab46587c3@group-60F1FEF89361-StateMachineUpdater: set stopIndex = 0
2019-11-14 03:47:16,243 [Thread-1507] INFO  impl.FollowerState (FollowerState.java:run(120)) - ad307801-f957-4403-adfc-9cdab46587c3@group-60F1FEF89361-FollowerState was interrupted: java.lang.InterruptedException: sleep interrupted
2019-11-14 03:47:16,244 [grpc-default-executor-1] INFO  impl.RaftServerImpl (ServerState.java:close(387)) - ad307801-f957-4403-adfc-9cdab46587c3@group-60F1FEF89361: closes. applyIndex: 0
2019-11-14 03:47:16,245 [ad307801-f957-4403-adfc-9cdab46587c3@group-60F1FEF89361-SegmentedRaftLogWorker] INFO  segmented.SegmentedRaftLogWorker (SegmentedRaftLogWorker.java:run(316)) - ad307801-f957-4403-adfc-9cdab46587c3@group-60F1FEF89361-SegmentedRaftLogWorker was interrupted, exiting. There are 0 tasks remaining in the queue.
2019-11-14 03:47:16,245 [grpc-default-executor-1] INFO  segmented.SegmentedRaftLogWorker (SegmentedRaftLogWorker.java:close(224)) - ad307801-f957-4403-adfc-9cdab46587c3@group-60F1FEF89361-SegmentedRaftLogWorker close()
2019-11-14 03:47:16,248 [Thread-1413] INFO  pipeline.PipelineStateManager (PipelineStateManager.java:removePipeline(106)) - Pipeline Pipeline[ Id: 5b6408f2-cd0f-4820-9525-60f1fef89361, Nodes: d8a9c999-7748-4aa6-a9a9-ef73d9884e3c{ip: 192.168.157.206, host: trunk-nightly-20191114-k5n9k-339518648, networkLocation: /rack1, certSerialId: null}bf247637-7e59-4671-9487-192b6829a40a{ip: 192.168.157.206, host: trunk-nightly-20191114-k5n9k-339518648, networkLocation: /rack1, certSerialId: null}ad307801-f957-4403-adfc-9cdab46587c3{ip: 192.168.157.206, host: trunk-nightly-20191114-k5n9k-339518648, networkLocation: /rack1, certSerialId: null}, Type:RATIS, Factor:THREE, State:CLOSED] removed from db
2019-11-14 03:47:16,248 [Thread-1413] INFO  pipeline.SCMPipelineManager (SCMPipelineManager.java:finalizeAndDestroyPipeline(315)) - destroying pipeline:Pipeline[ Id: 0eb02250-e861-4ec3-9831-fb515a8e04da, Nodes: d4b369d8-a85d-4b99-b953-37bddccdea6c{ip: 192.168.157.206, host: trunk-nightly-20191114-k5n9k-339518648, networkLocation: /rack1, certSerialId: null}, Type:RATIS, Factor:ONE, State:OPEN]
2019-11-14 03:47:16,262 [grpc-default-executor-1] INFO  impl.RaftServerProxy (RaftServerProxy.java:addNew(89)) - bf247637-7e59-4671-9487-192b6829a40a: addNew group-BD618050F398:[d8a9c999-7748-4aa6-a9a9-ef73d9884e3c:192.168.157.206:34054, ad307801-f957-4403-adfc-9cdab46587c3:192.168.157.206:36473, bf247637-7e59-4671-9487-192b6829a40a:192.168.157.206:41118] returns group-BD618050F398:java.util.concurrent.CompletableFuture@5757cab7[Not completed]
2019-11-14 03:47:16,263 [grpc-default-executor-2] INFO  impl.RaftServerProxy (RaftServerProxy.java:addNew(89)) - ad307801-f957-4403-adfc-9cdab46587c3: addNew group-BD618050F398:[d8a9c999-7748-4aa6-a9a9-ef73d9884e3c:192.168.157.206:34054, ad307801-f957-4403-adfc-9cdab46587c3:192.168.157.206:36473, bf247637-7e59-4671-9487-192b6829a40a:192.168.157.206:41118] returns group-BD618050F398:java.util.concurrent.CompletableFuture@2692bff2[Not completed]
2019-11-14 03:47:16,262 [grpc-default-executor-6] INFO  impl.RaftServerProxy (RaftServerProxy.java:addNew(89)) - d8a9c999-7748-4aa6-a9a9-ef73d9884e3c: addNew group-BD618050F398:[d8a9c999-7748-4aa6-a9a9-ef73d9884e3c:192.168.157.206:34054, ad307801-f957-4403-adfc-9cdab46587c3:192.168.157.206:36473, bf247637-7e59-4671-9487-192b6829a40a:192.168.157.206:41118] returns group-BD618050F398:java.util.concurrent.CompletableFuture@635abb1c[Not completed]
2019-11-14 03:47:16,264 [pool-179-thread-1] INFO  impl.RaftServerImpl (RaftServerImpl.java:<init>(98)) - d8a9c999-7748-4aa6-a9a9-ef73d9884e3c: new RaftServerImpl for group-BD618050F398:[d8a9c999-7748-4aa6-a9a9-ef73d9884e3c:192.168.157.206:34054, ad307801-f957-4403-adfc-9cdab46587c3:192.168.157.206:36473, bf247637-7e59-4671-9487-192b6829a40a:192.168.157.206:41118] with ContainerStateMachine:uninitialized
2019-11-14 03:47:16,265 [pool-179-thread-1] INFO  server.RaftServerConfigKeys (ConfUtils.java:logGet(43)) - raft.server.rpc.timeout.min = 1s (custom)
2019-11-14 03:47:16,265 [pool-179-thread-1] INFO  server.RaftServerConfigKeys (ConfUtils.java:logGet(43)) - raft.server.rpc.timeout.max = 1200ms (custom)
2019-11-14 03:47:16,265 [pool-179-thread-1] INFO  server.RaftServerConfigKeys (ConfUtils.java:logGet(43)) - raft.server.rpcslowness.timeout = 120s (custom)
2019-11-14 03:47:16,265 [pool-179-thread-1] INFO  server.RaftServerConfigKeys (ConfUtils.java:logGet(43)) - raft.server.sleep.deviation.threshold = 300 (default)
2019-11-14 03:47:16,265 [pool-179-thread-1] INFO  server.RaftServerConfigKeys (ConfUtils.java:logGet(43)) - raft.server.log.appender.install.snapshot.enabled = false (custom)
2019-11-14 03:47:16,265 [pool-179-thread-1] INFO  impl.RaftServerImpl (ServerState.java:<init>(103)) - d8a9c999-7748-4aa6-a9a9-ef73d9884e3c@group-BD618050F398: ConfigurationManager, init=-1: [d8a9c999-7748-4aa6-a9a9-ef73d9884e3c:192.168.157.206:34054, ad307801-f957-4403-adfc-9cdab46587c3:192.168.157.206:36473, bf247637-7e59-4671-9487-192b6829a40a:192.168.157.206:41118], old=null, confs=<EMPTY_MAP>
2019-11-14 03:47:16,265 [pool-179-thread-1] INFO  server.RaftServerConfigKeys (ConfUtils.java:logGet(43)) - raft.server.storage.dir = [/workdir/hadoop-ozone/integration-test/target/test-dir/MiniOzoneClusterImpl-db6fd866-6788-41aa-8e01-4626558b27a7/datanode-3/data/ratis] (custom)
2019-11-14 03:47:16,266 [pool-209-thread-1] INFO  impl.RaftServerImpl (RaftServerImpl.java:<init>(98)) - bf247637-7e59-4671-9487-192b6829a40a: new RaftServerImpl for group-BD618050F398:[d8a9c999-7748-4aa6-a9a9-ef73d9884e3c:192.168.157.206:34054, ad307801-f957-4403-adfc-9cdab46587c3:192.168.157.206:36473, bf247637-7e59-4671-9487-192b6829a40a:192.168.157.206:41118] with ContainerStateMachine:uninitialized
2019-11-14 03:47:16,266 [pool-209-thread-1] INFO  server.RaftServerConfigKeys (ConfUtils.java:logGet(43)) - raft.server.rpc.timeout.min = 1s (custom)
2019-11-14 03:47:16,266 [pool-179-thread-1] INFO  server.RaftServerConfigKeys (ConfUtils.java:logGet(43)) - raft.server.log.corruption.policy = EXCEPTION (default)
2019-11-14 03:47:16,266 [pool-209-thread-1] INFO  server.RaftServerConfigKeys (ConfUtils.java:logGet(43)) - raft.server.rpc.timeout.max = 1200ms (custom)
2019-11-14 03:47:16,266 [pool-179-thread-1] INFO  storage.RaftStorageDirectory (RaftStorageDirectory.java:analyzeStorage(246)) - The storage directory /workdir/hadoop-ozone/integration-test/target/test-dir/MiniOzoneClusterImpl-db6fd866-6788-41aa-8e01-4626558b27a7/datanode-3/data/ratis/d9d246e1-a866-4ba7-b593-bd618050f398 does not exist. Creating ...
2019-11-14 03:47:16,266 [pool-229-thread-1] INFO  impl.RaftServerImpl (RaftServerImpl.java:<init>(98)) - ad307801-f957-4403-adfc-9cdab46587c3: new RaftServerImpl for group-BD618050F398:[d8a9c999-7748-4aa6-a9a9-ef73d9884e3c:192.168.157.206:34054, ad307801-f957-4403-adfc-9cdab46587c3:192.168.157.206:36473, bf247637-7e59-4671-9487-192b6829a40a:192.168.157.206:41118] with ContainerStateMachine:uninitialized
2019-11-14 03:47:16,266 [pool-209-thread-1] INFO  server.RaftServerConfigKeys (ConfUtils.java:logGet(43)) - raft.server.rpcslowness.timeout = 120s (custom)
2019-11-14 03:47:16,266 [pool-229-thread-1] INFO  server.RaftServerConfigKeys (ConfUtils.java:logGet(43)) - raft.server.rpc.timeout.min = 1s (custom)
2019-11-14 03:47:16,267 [pool-209-thread-1] INFO  server.RaftServerConfigKeys (ConfUtils.java:logGet(43)) - raft.server.sleep.deviation.threshold = 300 (default)
2019-11-14 03:47:16,267 [pool-229-thread-1] INFO  server.RaftServerConfigKeys (ConfUtils.java:logGet(43)) - raft.server.rpc.timeout.max = 1200ms (custom)
2019-11-14 03:47:16,267 [pool-209-thread-1] INFO  server.RaftServerConfigKeys (ConfUtils.java:logGet(43)) - raft.server.log.appender.install.snapshot.enabled = false (custom)
2019-11-14 03:47:16,267 [pool-229-thread-1] INFO  server.RaftServerConfigKeys (ConfUtils.java:logGet(43)) - raft.server.rpcslowness.timeout = 120s (custom)
2019-11-14 03:47:16,267 [pool-209-thread-1] INFO  impl.RaftServerImpl (ServerState.java:<init>(103)) - bf247637-7e59-4671-9487-192b6829a40a@group-BD618050F398: ConfigurationManager, init=-1: [d8a9c999-7748-4aa6-a9a9-ef73d9884e3c:192.168.157.206:34054, ad307801-f957-4403-adfc-9cdab46587c3:192.168.157.206:36473, bf247637-7e59-4671-9487-192b6829a40a:192.168.157.206:41118], old=null, confs=<EMPTY_MAP>
2019-11-14 03:47:16,267 [pool-229-thread-1] INFO  server.RaftServerConfigKeys (ConfUtils.java:logGet(43)) - raft.server.sleep.deviation.threshold = 300 (default)
2019-11-14 03:47:16,267 [pool-209-thread-1] INFO  server.RaftServerConfigKeys (ConfUtils.java:logGet(43)) - raft.server.storage.dir = [/workdir/hadoop-ozone/integration-test/target/test-dir/MiniOzoneClusterImpl-db6fd866-6788-41aa-8e01-4626558b27a7/datanode-6/data/ratis] (custom)
2019-11-14 03:47:16,267 [pool-229-thread-1] INFO  server.RaftServerConfigKeys (ConfUtils.java:logGet(43)) - raft.server.log.appender.install.snapshot.enabled = false (custom)
2019-11-14 03:47:16,267 [pool-229-thread-1] INFO  impl.RaftServerImpl (ServerState.java:<init>(103)) - ad307801-f957-4403-adfc-9cdab46587c3@group-BD618050F398: ConfigurationManager, init=-1: [d8a9c999-7748-4aa6-a9a9-ef73d9884e3c:192.168.157.206:34054, ad307801-f957-4403-adfc-9cdab46587c3:192.168.157.206:36473, bf247637-7e59-4671-9487-192b6829a40a:192.168.157.206:41118], old=null, confs=<EMPTY_MAP>
2019-11-14 03:47:16,267 [pool-209-thread-1] INFO  server.RaftServerConfigKeys (ConfUtils.java:logGet(43)) - raft.server.log.corruption.policy = EXCEPTION (default)
2019-11-14 03:47:16,268 [pool-229-thread-1] INFO  server.RaftServerConfigKeys (ConfUtils.java:logGet(43)) - raft.server.storage.dir = [/workdir/hadoop-ozone/integration-test/target/test-dir/MiniOzoneClusterImpl-db6fd866-6788-41aa-8e01-4626558b27a7/datanode-8/data/ratis] (custom)
2019-11-14 03:47:16,268 [pool-209-thread-1] INFO  storage.RaftStorageDirectory (RaftStorageDirectory.java:analyzeStorage(246)) - The storage directory /workdir/hadoop-ozone/integration-test/target/test-dir/MiniOzoneClusterImpl-db6fd866-6788-41aa-8e01-4626558b27a7/datanode-6/data/ratis/d9d246e1-a866-4ba7-b593-bd618050f398 does not exist. Creating ...
2019-11-14 03:47:16,268 [pool-229-thread-1] INFO  server.RaftServerConfigKeys (ConfUtils.java:logGet(43)) - raft.server.log.corruption.policy = EXCEPTION (default)
2019-11-14 03:47:16,268 [pool-229-thread-1] INFO  storage.RaftStorageDirectory (RaftStorageDirectory.java:analyzeStorage(246)) - The storage directory /workdir/hadoop-ozone/integration-test/target/test-dir/MiniOzoneClusterImpl-db6fd866-6788-41aa-8e01-4626558b27a7/datanode-8/data/ratis/d9d246e1-a866-4ba7-b593-bd618050f398 does not exist. Creating ...
2019-11-14 03:47:16,302 [pool-229-thread-1] INFO  storage.RaftStorageDirectory (RaftStorageDirectory.java:tryLock(328)) - Lock on /workdir/hadoop-ozone/integration-test/target/test-dir/MiniOzoneClusterImpl-db6fd866-6788-41aa-8e01-4626558b27a7/datanode-8/data/ratis/d9d246e1-a866-4ba7-b593-bd618050f398/in_use.lock acquired by nodename 10001@trunk-nightly-20191114-k5n9k-339518648
2019-11-14 03:47:16,302 [pool-209-thread-1] INFO  storage.RaftStorageDirectory (RaftStorageDirectory.java:tryLock(328)) - Lock on /workdir/hadoop-ozone/integration-test/target/test-dir/MiniOzoneClusterImpl-db6fd866-6788-41aa-8e01-4626558b27a7/datanode-6/data/ratis/d9d246e1-a866-4ba7-b593-bd618050f398/in_use.lock acquired by nodename 10001@trunk-nightly-20191114-k5n9k-339518648
2019-11-14 03:47:16,302 [pool-179-thread-1] INFO  storage.RaftStorageDirectory (RaftStorageDirectory.java:tryLock(328)) - Lock on /workdir/hadoop-ozone/integration-test/target/test-dir/MiniOzoneClusterImpl-db6fd866-6788-41aa-8e01-4626558b27a7/datanode-3/data/ratis/d9d246e1-a866-4ba7-b593-bd618050f398/in_use.lock acquired by nodename 10001@trunk-nightly-20191114-k5n9k-339518648
2019-11-14 03:47:16,328 [pool-229-thread-1] INFO  storage.RaftStorage (RaftStorage.java:format(84)) - Storage directory /workdir/hadoop-ozone/integration-test/target/test-dir/MiniOzoneClusterImpl-db6fd866-6788-41aa-8e01-4626558b27a7/datanode-8/data/ratis/d9d246e1-a866-4ba7-b593-bd618050f398 has been successfully formatted.
2019-11-14 03:47:16,328 [pool-209-thread-1] INFO  storage.RaftStorage (RaftStorage.java:format(84)) - Storage directory /workdir/hadoop-ozone/integration-test/target/test-dir/MiniOzoneClusterImpl-db6fd866-6788-41aa-8e01-4626558b27a7/datanode-6/data/ratis/d9d246e1-a866-4ba7-b593-bd618050f398 has been successfully formatted.
2019-11-14 03:47:16,328 [pool-179-thread-1] INFO  storage.RaftStorage (RaftStorage.java:format(84)) - Storage directory /workdir/hadoop-ozone/integration-test/target/test-dir/MiniOzoneClusterImpl-db6fd866-6788-41aa-8e01-4626558b27a7/datanode-3/data/ratis/d9d246e1-a866-4ba7-b593-bd618050f398 has been successfully formatted.
2019-11-14 03:47:16,328 [pool-209-thread-1] INFO  ratis.ContainerStateMachine (ContainerStateMachine.java:loadSnapshot(223)) - group-BD618050F398: The snapshot info is null. Setting the last applied indexto:(t:0, i:~)
2019-11-14 03:47:16,328 [pool-229-thread-1] INFO  ratis.ContainerStateMachine (ContainerStateMachine.java:loadSnapshot(223)) - group-BD618050F398: The snapshot info is null. Setting the last applied indexto:(t:0, i:~)
2019-11-14 03:47:16,328 [pool-209-thread-1] INFO  server.RaftServerConfigKeys (ConfUtils.java:logGet(43)) - raft.server.notification.no-leader.timeout = 120s (custom)
2019-11-14 03:47:16,328 [pool-179-thread-1] INFO  ratis.ContainerStateMachine (ContainerStateMachine.java:loadSnapshot(223)) - group-BD618050F398: The snapshot info is null. Setting the last applied indexto:(t:0, i:~)
2019-11-14 03:47:16,328 [pool-209-thread-1] INFO  server.RaftServerConfigKeys (ConfUtils.java:logGet(43)) - raft.server.log.use.memory = false (default)
2019-11-14 03:47:16,328 [pool-229-thread-1] INFO  server.RaftServerConfigKeys (ConfUtils.java:logGet(43)) - raft.server.notification.no-leader.timeout = 120s (custom)
2019-11-14 03:47:16,329 [pool-209-thread-1] INFO  server.RaftServerConfigKeys (ConfUtils.java:logGet(43)) - raft.server.log.purge.gap = 1000000 (custom)
2019-11-14 03:47:16,329 [pool-179-thread-1] INFO  server.RaftServerConfigKeys (ConfUtils.java:logGet(43)) - raft.server.notification.no-leader.timeout = 120s (custom)
2019-11-14 03:47:16,329 [pool-209-thread-1] INFO  server.RaftServerConfigKeys (ConfUtils.java:logGet(43)) - raft.server.log.appender.buffer.byte-limit = 33554432 (custom)
2019-11-14 03:47:16,329 [pool-229-thread-1] INFO  server.RaftServerConfigKeys (ConfUtils.java:logGet(43)) - raft.server.log.use.memory = false (default)
2019-11-14 03:47:16,329 [pool-209-thread-1] INFO  server.RaftServerConfigKeys (ConfUtils.java:logGet(43)) - raft.server.log.segment.size.max = 1048576 (custom)
2019-11-14 03:47:16,329 [pool-179-thread-1] INFO  server.RaftServerConfigKeys (ConfUtils.java:logGet(43)) - raft.server.log.use.memory = false (default)
2019-11-14 03:47:16,330 [pool-209-thread-1] INFO  server.RaftServerConfigKeys (ConfUtils.java:logGet(43)) - raft.server.log.segment.cache.num.max = 2 (custom)
2019-11-14 03:47:16,329 [pool-229-thread-1] INFO  server.RaftServerConfigKeys (ConfUtils.java:logGet(43)) - raft.server.log.purge.gap = 1000000 (custom)
2019-11-14 03:47:16,330 [pool-209-thread-1] INFO  segmented.SegmentedRaftLogWorker (SegmentedRaftLogWorker.java:<init>(173)) - new bf247637-7e59-4671-9487-192b6829a40a@group-BD618050F398-SegmentedRaftLogWorker for RaftStorage:Storage Directory /workdir/hadoop-ozone/integration-test/target/test-dir/MiniOzoneClusterImpl-db6fd866-6788-41aa-8e01-4626558b27a7/datanode-6/data/ratis/d9d246e1-a866-4ba7-b593-bd618050f398
2019-11-14 03:47:16,330 [pool-179-thread-1] INFO  server.RaftServerConfigKeys (ConfUtils.java:logGet(43)) - raft.server.log.purge.gap = 1000000 (custom)
2019-11-14 03:47:16,330 [pool-209-thread-1] INFO  server.RaftServerConfigKeys (ConfUtils.java:logGet(43)) - raft.server.log.queue.byte-limit = 2147483647 (custom)
2019-11-14 03:47:16,330 [pool-229-thread-1] INFO  server.RaftServerConfigKeys (ConfUtils.java:logGet(43)) - raft.server.log.appender.buffer.byte-limit = 33554432 (custom)
2019-11-14 03:47:16,330 [pool-209-thread-1] INFO  server.RaftServerConfigKeys (ConfUtils.java:logGet(43)) - raft.server.log.queue.element-limit = 1024 (custom)
2019-11-14 03:47:16,330 [pool-179-thread-1] INFO  server.RaftServerConfigKeys (ConfUtils.java:logGet(43)) - raft.server.log.appender.buffer.byte-limit = 33554432 (custom)
2019-11-14 03:47:16,331 [pool-209-thread-1] INFO  server.RaftServerConfigKeys (ConfUtils.java:logGet(43)) - raft.server.log.segment.size.max = 1048576 (custom)
2019-11-14 03:47:16,331 [pool-229-thread-1] INFO  server.RaftServerConfigKeys (ConfUtils.java:logGet(43)) - raft.server.log.segment.size.max = 1048576 (custom)
2019-11-14 03:47:16,331 [pool-209-thread-1] INFO  server.RaftServerConfigKeys (ConfUtils.java:logGet(43)) - raft.server.log.preallocated.size = 16384 (custom)
2019-11-14 03:47:16,331 [pool-179-thread-1] INFO  server.RaftServerConfigKeys (ConfUtils.java:logGet(43)) - raft.server.log.segment.size.max = 1048576 (custom)
2019-11-14 03:47:16,331 [pool-209-thread-1] INFO  server.RaftServerConfigKeys (ConfUtils.java:logGet(43)) - raft.server.log.write.buffer.size = 33554432 (custom)
2019-11-14 03:47:16,331 [pool-229-thread-1] INFO  server.RaftServerConfigKeys (ConfUtils.java:logGet(43)) - raft.server.log.segment.cache.num.max = 2 (custom)
2019-11-14 03:47:16,332 [pool-209-thread-1] INFO  server.RaftServerConfigKeys (ConfUtils.java:logGet(43)) - raft.server.log.force.sync.num = 128 (default)
2019-11-14 03:47:16,331 [pool-179-thread-1] INFO  server.RaftServerConfigKeys (ConfUtils.java:logGet(43)) - raft.server.log.segment.cache.num.max = 2 (custom)
2019-11-14 03:47:16,332 [pool-209-thread-1] INFO  server.RaftServerConfigKeys (ConfUtils.java:logGet(43)) - raft.server.log.statemachine.data.sync = true (default)
2019-11-14 03:47:16,332 [pool-229-thread-1] INFO  segmented.SegmentedRaftLogWorker (SegmentedRaftLogWorker.java:<init>(173)) - new ad307801-f957-4403-adfc-9cdab46587c3@group-BD618050F398-SegmentedRaftLogWorker for RaftStorage:Storage Directory /workdir/hadoop-ozone/integration-test/target/test-dir/MiniOzoneClusterImpl-db6fd866-6788-41aa-8e01-4626558b27a7/datanode-8/data/ratis/d9d246e1-a866-4ba7-b593-bd618050f398
2019-11-14 03:47:16,332 [pool-209-thread-1] INFO  server.RaftServerConfigKeys (ConfUtils.java:logGet(43)) - raft.server.log.statemachine.data.sync.timeout = 10s (default)
2019-11-14 03:47:16,332 [pool-179-thread-1] INFO  segmented.SegmentedRaftLogWorker (SegmentedRaftLogWorker.java:<init>(173)) - new d8a9c999-7748-4aa6-a9a9-ef73d9884e3c@group-BD618050F398-SegmentedRaftLogWorker for RaftStorage:Storage Directory /workdir/hadoop-ozone/integration-test/target/test-dir/MiniOzoneClusterImpl-db6fd866-6788-41aa-8e01-4626558b27a7/datanode-3/data/ratis/d9d246e1-a866-4ba7-b593-bd618050f398
2019-11-14 03:47:16,332 [pool-209-thread-1] INFO  server.RaftServerConfigKeys (ConfUtils.java:logGet(43)) - raft.server.log.statemachine.data.sync.timeout.retry = -1 (default)
2019-11-14 03:47:16,332 [pool-229-thread-1] INFO  server.RaftServerConfigKeys (ConfUtils.java:logGet(43)) - raft.server.log.queue.byte-limit = 2147483647 (custom)
2019-11-14 03:47:16,332 [pool-179-thread-1] INFO  server.RaftServerConfigKeys (ConfUtils.java:logGet(43)) - raft.server.log.queue.byte-limit = 2147483647 (custom)
2019-11-14 03:47:16,333 [pool-209-thread-1] INFO  server.RaftServerConfigKeys (ConfUtils.java:logGet(43)) - raft.server.log.statemachine.data.caching.enabled = true (custom)
2019-11-14 03:47:16,333 [pool-229-thread-1] INFO  server.RaftServerConfigKeys (ConfUtils.java:logGet(43)) - raft.server.log.queue.element-limit = 1024 (custom)
2019-11-14 03:47:16,333 [pool-179-thread-1] INFO  server.RaftServerConfigKeys (ConfUtils.java:logGet(43)) - raft.server.log.queue.element-limit = 1024 (custom)
2019-11-14 03:47:16,333 [pool-229-thread-1] INFO  server.RaftServerConfigKeys (ConfUtils.java:logGet(43)) - raft.server.log.segment.size.max = 1048576 (custom)
2019-11-14 03:47:16,333 [pool-179-thread-1] INFO  server.RaftServerConfigKeys (ConfUtils.java:logGet(43)) - raft.server.log.segment.size.max = 1048576 (custom)
2019-11-14 03:47:16,333 [pool-209-thread-1] INFO  segmented.SegmentedRaftLogWorker (SegmentedRaftLogWorker.java:lambda$new$0(128)) - bf247637-7e59-4671-9487-192b6829a40a@group-BD618050F398-SegmentedRaftLogWorker: flushIndex: setUnconditionally 0 -> -1
2019-11-14 03:47:16,333 [pool-179-thread-1] INFO  server.RaftServerConfigKeys (ConfUtils.java:logGet(43)) - raft.server.log.preallocated.size = 16384 (custom)
2019-11-14 03:47:16,333 [pool-229-thread-1] INFO  server.RaftServerConfigKeys (ConfUtils.java:logGet(43)) - raft.server.log.preallocated.size = 16384 (custom)
2019-11-14 03:47:16,334 [pool-179-thread-1] INFO  server.RaftServerConfigKeys (ConfUtils.java:logGet(43)) - raft.server.log.write.buffer.size = 33554432 (custom)
2019-11-14 03:47:16,334 [pool-209-thread-1] INFO  server.RaftServerConfigKeys (ConfUtils.java:logGet(43)) - raft.server.snapshot.auto.trigger.enabled = true (custom)
2019-11-14 03:47:16,334 [pool-229-thread-1] INFO  server.RaftServerConfigKeys (ConfUtils.java:logGet(43)) - raft.server.log.write.buffer.size = 33554432 (custom)
2019-11-14 03:47:16,334 [pool-209-thread-1] INFO  server.RaftServerConfigKeys (ConfUtils.java:logGet(43)) - raft.server.snapshot.auto.trigger.threshold = 10000 (custom)
2019-11-14 03:47:16,334 [pool-179-thread-1] INFO  server.RaftServerConfigKeys (ConfUtils.java:logGet(43)) - raft.server.log.force.sync.num = 128 (default)
2019-11-14 03:47:16,334 [pool-209-thread-1] INFO  server.RaftServerConfigKeys (ConfUtils.java:logGet(43)) - raft.server.snapshot.retention.file.num = 5 (custom)
2019-11-14 03:47:16,334 [pool-229-thread-1] INFO  server.RaftServerConfigKeys (ConfUtils.java:logGet(43)) - raft.server.log.force.sync.num = 128 (default)
2019-11-14 03:47:16,335 [pool-209-thread-1] INFO  server.RaftServerConfigKeys (ConfUtils.java:logGet(43)) - raft.server.retrycache.expirytime = 600000ms (custom)
2019-11-14 03:47:16,334 [pool-179-thread-1] INFO  server.RaftServerConfigKeys (ConfUtils.java:logGet(43)) - raft.server.log.statemachine.data.sync = true (default)
2019-11-14 03:47:16,335 [pool-209-thread-1] WARN  impl.MetricRegistriesImpl (MetricRegistriesImpl.java:lambda$create$1(61)) - First MetricRegistry has been created without registering reporters. You may need to call MetricRegistries.global().addReportRegistration(...) before.
2019-11-14 03:47:16,335 [pool-229-thread-1] INFO  server.RaftServerConfigKeys (ConfUtils.java:logGet(43)) - raft.server.log.statemachine.data.sync = true (default)
2019-11-14 03:47:16,335 [pool-209-thread-1] WARN  impl.MetricRegistriesImpl (MetricRegistriesImpl.java:lambda$create$1(61)) - First MetricRegistry has been created without registering reporters. You may need to call MetricRegistries.global().addReportRegistration(...) before.
2019-11-14 03:47:16,335 [pool-179-thread-1] INFO  server.RaftServerConfigKeys (ConfUtils.java:logGet(43)) - raft.server.log.statemachine.data.sync.timeout = 10s (default)
2019-11-14 03:47:16,335 [pool-229-thread-1] INFO  server.RaftServerConfigKeys (ConfUtils.java:logGet(43)) - raft.server.log.statemachine.data.sync.timeout = 10s (default)
2019-11-14 03:47:16,336 [pool-209-thread-1] INFO  impl.RaftServerImpl (RaftServerImpl.java:start(184)) - bf247637-7e59-4671-9487-192b6829a40a@group-BD618050F398: start as a follower, conf=-1: [d8a9c999-7748-4aa6-a9a9-ef73d9884e3c:192.168.157.206:34054, ad307801-f957-4403-adfc-9cdab46587c3:192.168.157.206:36473, bf247637-7e59-4671-9487-192b6829a40a:192.168.157.206:41118], old=null
2019-11-14 03:47:16,336 [pool-179-thread-1] INFO  server.RaftServerConfigKeys (ConfUtils.java:logGet(43)) - raft.server.log.statemachine.data.sync.timeout.retry = -1 (default)
2019-11-14 03:47:16,336 [pool-209-thread-1] INFO  impl.RaftServerImpl (RaftServerImpl.java:setRole(173)) - bf247637-7e59-4671-9487-192b6829a40a@group-BD618050F398: changes role from      null to FOLLOWER at term 0 for startAsFollower
2019-11-14 03:47:16,336 [pool-229-thread-1] INFO  server.RaftServerConfigKeys (ConfUtils.java:logGet(43)) - raft.server.log.statemachine.data.sync.timeout.retry = -1 (default)
2019-11-14 03:47:16,336 [pool-209-thread-1] INFO  impl.RoleInfo (RoleInfo.java:updateAndGet(143)) - bf247637-7e59-4671-9487-192b6829a40a: start FollowerState
2019-11-14 03:47:16,336 [pool-179-thread-1] INFO  server.RaftServerConfigKeys (ConfUtils.java:logGet(43)) - raft.server.log.statemachine.data.caching.enabled = true (custom)
2019-11-14 03:47:16,336 [pool-229-thread-1] INFO  server.RaftServerConfigKeys (ConfUtils.java:logGet(43)) - raft.server.log.statemachine.data.caching.enabled = true (custom)
2019-11-14 03:47:16,337 [pool-179-thread-1] INFO  segmented.SegmentedRaftLogWorker (SegmentedRaftLogWorker.java:lambda$new$0(128)) - d8a9c999-7748-4aa6-a9a9-ef73d9884e3c@group-BD618050F398-SegmentedRaftLogWorker: flushIndex: setUnconditionally 0 -> -1
2019-11-14 03:47:16,337 [pool-229-thread-1] INFO  segmented.SegmentedRaftLogWorker (SegmentedRaftLogWorker.java:lambda$new$0(128)) - ad307801-f957-4403-adfc-9cdab46587c3@group-BD618050F398-SegmentedRaftLogWorker: flushIndex: setUnconditionally 0 -> -1
2019-11-14 03:47:16,337 [pool-209-thread-1] INFO  util.JmxRegister (JmxRegister.java:tryRegister(44)) - Successfully registered JMX Bean with object name Ratis:service=RaftServer,group=group-BD618050F398,id=bf247637-7e59-4671-9487-192b6829a40a
2019-11-14 03:47:16,337 [pool-229-thread-1] INFO  server.RaftServerConfigKeys (ConfUtils.java:logGet(43)) - raft.server.snapshot.auto.trigger.enabled = true (custom)
2019-11-14 03:47:16,337 [pool-179-thread-1] INFO  server.RaftServerConfigKeys (ConfUtils.java:logGet(43)) - raft.server.snapshot.auto.trigger.enabled = true (custom)
2019-11-14 03:47:16,337 [pool-229-thread-1] INFO  server.RaftServerConfigKeys (ConfUtils.java:logGet(43)) - raft.server.snapshot.auto.trigger.threshold = 10000 (custom)
2019-11-14 03:47:16,337 [pool-209-thread-1] WARN  impl.MetricRegistriesImpl (MetricRegistriesImpl.java:lambda$create$1(61)) - First MetricRegistry has been created without registering reporters. You may need to call MetricRegistries.global().addReportRegistration(...) before.
2019-11-14 03:47:16,337 [pool-229-thread-1] INFO  server.RaftServerConfigKeys (ConfUtils.java:logGet(43)) - raft.server.snapshot.retention.file.num = 5 (custom)
2019-11-14 03:47:16,337 [pool-179-thread-1] INFO  server.RaftServerConfigKeys (ConfUtils.java:logGet(43)) - raft.server.snapshot.auto.trigger.threshold = 10000 (custom)
2019-11-14 03:47:16,338 [pool-229-thread-1] INFO  server.RaftServerConfigKeys (ConfUtils.java:logGet(43)) - raft.server.retrycache.expirytime = 600000ms (custom)
2019-11-14 03:47:16,338 [pool-179-thread-1] INFO  server.RaftServerConfigKeys (ConfUtils.java:logGet(43)) - raft.server.snapshot.retention.file.num = 5 (custom)
2019-11-14 03:47:16,338 [pool-229-thread-1] WARN  impl.MetricRegistriesImpl (MetricRegistriesImpl.java:lambda$create$1(61)) - First MetricRegistry has been created without registering reporters. You may need to call MetricRegistries.global().addReportRegistration(...) before.
2019-11-14 03:47:16,338 [pool-179-thread-1] INFO  server.RaftServerConfigKeys (ConfUtils.java:logGet(43)) - raft.server.retrycache.expirytime = 600000ms (custom)
2019-11-14 03:47:16,338 [pool-229-thread-1] WARN  impl.MetricRegistriesImpl (MetricRegistriesImpl.java:lambda$create$1(61)) - First MetricRegistry has been created without registering reporters. You may need to call MetricRegistries.global().addReportRegistration(...) before.
2019-11-14 03:47:16,338 [pool-179-thread-1] WARN  impl.MetricRegistriesImpl (MetricRegistriesImpl.java:lambda$create$1(61)) - First MetricRegistry has been created without registering reporters. You may need to call MetricRegistries.global().addReportRegistration(...) before.
2019-11-14 03:47:16,338 [pool-229-thread-1] INFO  impl.RaftServerImpl (RaftServerImpl.java:start(184)) - ad307801-f957-4403-adfc-9cdab46587c3@group-BD618050F398: start as a follower, conf=-1: [d8a9c999-7748-4aa6-a9a9-ef73d9884e3c:192.168.157.206:34054, ad307801-f957-4403-adfc-9cdab46587c3:192.168.157.206:36473, bf247637-7e59-4671-9487-192b6829a40a:192.168.157.206:41118], old=null
2019-11-14 03:47:16,338 [pool-179-thread-1] WARN  impl.MetricRegistriesImpl (MetricRegistriesImpl.java:lambda$create$1(61)) - First MetricRegistry has been created without registering reporters. You may need to call MetricRegistries.global().addReportRegistration(...) before.
2019-11-14 03:47:16,338 [pool-229-thread-1] INFO  impl.RaftServerImpl (RaftServerImpl.java:setRole(173)) - ad307801-f957-4403-adfc-9cdab46587c3@group-BD618050F398: changes role from      null to FOLLOWER at term 0 for startAsFollower
2019-11-14 03:47:16,339 [pool-179-thread-1] INFO  impl.RaftServerImpl (RaftServerImpl.java:start(184)) - d8a9c999-7748-4aa6-a9a9-ef73d9884e3c@group-BD618050F398: start as a follower, conf=-1: [d8a9c999-7748-4aa6-a9a9-ef73d9884e3c:192.168.157.206:34054, ad307801-f957-4403-adfc-9cdab46587c3:192.168.157.206:36473, bf247637-7e59-4671-9487-192b6829a40a:192.168.157.206:41118], old=null
2019-11-14 03:47:16,339 [pool-229-thread-1] INFO  impl.RoleInfo (RoleInfo.java:updateAndGet(143)) - ad307801-f957-4403-adfc-9cdab46587c3: start FollowerState
2019-11-14 03:47:16,339 [pool-179-thread-1] INFO  impl.RaftServerImpl (RaftServerImpl.java:setRole(173)) - d8a9c999-7748-4aa6-a9a9-ef73d9884e3c@group-BD618050F398: changes role from      null to FOLLOWER at term 0 for startAsFollower
2019-11-14 03:47:16,339 [pool-179-thread-1] INFO  impl.RoleInfo (RoleInfo.java:updateAndGet(143)) - d8a9c999-7748-4aa6-a9a9-ef73d9884e3c: start FollowerState
2019-11-14 03:47:16,339 [pool-229-thread-1] INFO  util.JmxRegister (JmxRegister.java:tryRegister(44)) - Successfully registered JMX Bean with object name Ratis:service=RaftServer,group=group-BD618050F398,id=ad307801-f957-4403-adfc-9cdab46587c3
2019-11-14 03:47:16,339 [pool-229-thread-1] WARN  impl.MetricRegistriesImpl (MetricRegistriesImpl.java:lambda$create$1(61)) - First MetricRegistry has been created without registering reporters. You may need to call MetricRegistries.global().addReportRegistration(...) before.
2019-11-14 03:47:16,339 [pool-179-thread-1] INFO  util.JmxRegister (JmxRegister.java:tryRegister(44)) - Successfully registered JMX Bean with object name Ratis:service=RaftServer,group=group-BD618050F398,id=d8a9c999-7748-4aa6-a9a9-ef73d9884e3c
2019-11-14 03:47:16,339 [pool-179-thread-1] WARN  impl.MetricRegistriesImpl (MetricRegistriesImpl.java:lambda$create$1(61)) - First MetricRegistry has been created without registering reporters. You may need to call MetricRegistries.global().addReportRegistration(...) before.
2019-11-14 03:47:16,342 [RatisPipelineUtilsThread] INFO  pipeline.PipelineStateManager (PipelineStateManager.java:addPipeline(55)) - Created pipeline Pipeline[ Id: d9d246e1-a866-4ba7-b593-bd618050f398, Nodes: d8a9c999-7748-4aa6-a9a9-ef73d9884e3c{ip: 192.168.157.206, host: trunk-nightly-20191114-k5n9k-339518648, networkLocation: /rack1, certSerialId: null}bf247637-7e59-4671-9487-192b6829a40a{ip: 192.168.157.206, host: trunk-nightly-20191114-k5n9k-339518648, networkLocation: /rack1, certSerialId: null}ad307801-f957-4403-adfc-9cdab46587c3{ip: 192.168.157.206, host: trunk-nightly-20191114-k5n9k-339518648, networkLocation: /rack1, certSerialId: null}, Type:RATIS, Factor:THREE, State:ALLOCATED]
2019-11-14 03:47:16,342 [Thread-1413] INFO  pipeline.PipelineStateManager (PipelineStateManager.java:finalizePipeline(121)) - Pipeline Pipeline[ Id: 0eb02250-e861-4ec3-9831-fb515a8e04da, Nodes: d4b369d8-a85d-4b99-b953-37bddccdea6c{ip: 192.168.157.206, host: trunk-nightly-20191114-k5n9k-339518648, networkLocation: /rack1, certSerialId: null}, Type:RATIS, Factor:ONE, State:CLOSED] moved to CLOSED state
2019-11-14 03:47:16,346 [grpc-default-executor-6] INFO  impl.RaftServerProxy (RaftServerProxy.java:remove(95)) - d4b369d8-a85d-4b99-b953-37bddccdea6c: remove    LEADER d4b369d8-a85d-4b99-b953-37bddccdea6c@group-FB515A8E04DA:t1, leader=d4b369d8-a85d-4b99-b953-37bddccdea6c, voted=d4b369d8-a85d-4b99-b953-37bddccdea6c, raftlog=d4b369d8-a85d-4b99-b953-37bddccdea6c@group-FB515A8E04DA-SegmentedRaftLog:OPENED:c0,f0,i0, conf=0: [d4b369d8-a85d-4b99-b953-37bddccdea6c:192.168.157.206:40232], old=null RUNNING
2019-11-14 03:47:16,346 [grpc-default-executor-6] INFO  impl.RaftServerImpl (RaftServerImpl.java:lambda$shutdown$3(250)) - d4b369d8-a85d-4b99-b953-37bddccdea6c@group-FB515A8E04DA: shutdown
2019-11-14 03:47:16,346 [grpc-default-executor-6] INFO  util.JmxRegister (JmxRegister.java:unregister(73)) - Successfully un-registered JMX Bean with object name Ratis:service=RaftServer,group=group-FB515A8E04DA,id=d4b369d8-a85d-4b99-b953-37bddccdea6c
2019-11-14 03:47:16,346 [grpc-default-executor-6] INFO  impl.RoleInfo (RoleInfo.java:shutdownLeaderState(104)) - d4b369d8-a85d-4b99-b953-37bddccdea6c: shutdown LeaderState
2019-11-14 03:47:16,347 [grpc-default-executor-6] INFO  impl.PendingRequests (PendingRequests.java:sendNotLeaderResponses(206)) - d4b369d8-a85d-4b99-b953-37bddccdea6c@group-FB515A8E04DA-PendingRequests: sendNotLeaderResponses
2019-11-14 03:47:16,347 [grpc-default-executor-6] INFO  impl.StateMachineUpdater (StateMachineUpdater.java:stopAndJoin(136)) - d4b369d8-a85d-4b99-b953-37bddccdea6c@group-FB515A8E04DA-StateMachineUpdater: set stopIndex = 0
2019-11-14 03:47:16,347 [grpc-default-executor-6] INFO  impl.RaftServerImpl (ServerState.java:close(387)) - d4b369d8-a85d-4b99-b953-37bddccdea6c@group-FB515A8E04DA: closes. applyIndex: 0
2019-11-14 03:47:16,347 [d4b369d8-a85d-4b99-b953-37bddccdea6c@group-FB515A8E04DA-SegmentedRaftLogWorker] INFO  segmented.SegmentedRaftLogWorker (SegmentedRaftLogWorker.java:run(316)) - d4b369d8-a85d-4b99-b953-37bddccdea6c@group-FB515A8E04DA-SegmentedRaftLogWorker was interrupted, exiting. There are 0 tasks remaining in the queue.
2019-11-14 03:47:16,348 [grpc-default-executor-6] INFO  segmented.SegmentedRaftLogWorker (SegmentedRaftLogWorker.java:close(224)) - d4b369d8-a85d-4b99-b953-37bddccdea6c@group-FB515A8E04DA-SegmentedRaftLogWorker close()
2019-11-14 03:47:16,352 [Thread-1413] INFO  pipeline.PipelineStateManager (PipelineStateManager.java:removePipeline(106)) - Pipeline Pipeline[ Id: 0eb02250-e861-4ec3-9831-fb515a8e04da, Nodes: d4b369d8-a85d-4b99-b953-37bddccdea6c{ip: 192.168.157.206, host: trunk-nightly-20191114-k5n9k-339518648, networkLocation: /rack1, certSerialId: null}, Type:RATIS, Factor:ONE, State:CLOSED] removed from db
2019-11-14 03:47:16,353 [Thread-1413] INFO  pipeline.SCMPipelineManager (SCMPipelineManager.java:finalizeAndDestroyPipeline(315)) - destroying pipeline:Pipeline[ Id: d6c540fe-d211-4120-bc37-4767e57a5c9a, Nodes: d4b369d8-a85d-4b99-b953-37bddccdea6c{ip: 192.168.157.206, host: trunk-nightly-20191114-k5n9k-339518648, networkLocation: /rack1, certSerialId: null}78429c2b-19b5-43a0-84bb-c976fd750a70{ip: 192.168.157.206, host: trunk-nightly-20191114-k5n9k-339518648, networkLocation: /rack1, certSerialId: null}6c36bdee-0f85-4acd-86c8-ce53960cf4ab{ip: 192.168.157.206, host: trunk-nightly-20191114-k5n9k-339518648, networkLocation: /rack1, certSerialId: null}, Type:RATIS, Factor:THREE, State:OPEN]
2019-11-14 03:47:16,356 [grpc-default-executor-6] INFO  impl.RaftServerProxy (RaftServerProxy.java:addNew(89)) - d4b369d8-a85d-4b99-b953-37bddccdea6c: addNew group-02DDE111E4AD:[d4b369d8-a85d-4b99-b953-37bddccdea6c:192.168.157.206:40232] returns group-02DDE111E4AD:java.util.concurrent.CompletableFuture@7a1aac6b[Not completed]
2019-11-14 03:47:16,357 [pool-169-thread-1] INFO  impl.RaftServerImpl (RaftServerImpl.java:<init>(98)) - d4b369d8-a85d-4b99-b953-37bddccdea6c: new RaftServerImpl for group-02DDE111E4AD:[d4b369d8-a85d-4b99-b953-37bddccdea6c:192.168.157.206:40232] with ContainerStateMachine:uninitialized
2019-11-14 03:47:16,357 [pool-169-thread-1] INFO  server.RaftServerConfigKeys (ConfUtils.java:logGet(43)) - raft.server.rpc.timeout.min = 1s (custom)
2019-11-14 03:47:16,357 [pool-169-thread-1] INFO  server.RaftServerConfigKeys (ConfUtils.java:logGet(43)) - raft.server.rpc.timeout.max = 1200ms (custom)
2019-11-14 03:47:16,357 [pool-169-thread-1] INFO  server.RaftServerConfigKeys (ConfUtils.java:logGet(43)) - raft.server.rpcslowness.timeout = 120s (custom)
2019-11-14 03:47:16,358 [pool-169-thread-1] INFO  server.RaftServerConfigKeys (ConfUtils.java:logGet(43)) - raft.server.sleep.deviation.threshold = 300 (default)
2019-11-14 03:47:16,358 [pool-169-thread-1] INFO  server.RaftServerConfigKeys (ConfUtils.java:logGet(43)) - raft.server.log.appender.install.snapshot.enabled = false (custom)
2019-11-14 03:47:16,358 [pool-169-thread-1] INFO  impl.RaftServerImpl (ServerState.java:<init>(103)) - d4b369d8-a85d-4b99-b953-37bddccdea6c@group-02DDE111E4AD: ConfigurationManager, init=-1: [d4b369d8-a85d-4b99-b953-37bddccdea6c:192.168.157.206:40232], old=null, confs=<EMPTY_MAP>
2019-11-14 03:47:16,358 [pool-169-thread-1] INFO  server.RaftServerConfigKeys (ConfUtils.java:logGet(43)) - raft.server.storage.dir = [/workdir/hadoop-ozone/integration-test/target/test-dir/MiniOzoneClusterImpl-db6fd866-6788-41aa-8e01-4626558b27a7/datanode-2/data/ratis] (custom)
2019-11-14 03:47:16,360 [pool-169-thread-1] INFO  server.RaftServerConfigKeys (ConfUtils.java:logGet(43)) - raft.server.log.corruption.policy = EXCEPTION (default)
2019-11-14 03:47:16,360 [pool-169-thread-1] INFO  storage.RaftStorageDirectory (RaftStorageDirectory.java:analyzeStorage(246)) - The storage directory /workdir/hadoop-ozone/integration-test/target/test-dir/MiniOzoneClusterImpl-db6fd866-6788-41aa-8e01-4626558b27a7/datanode-2/data/ratis/da336094-5336-4cce-845b-02dde111e4ad does not exist. Creating ...
2019-11-14 03:47:16,383 [pool-169-thread-1] INFO  storage.RaftStorageDirectory (RaftStorageDirectory.java:tryLock(328)) - Lock on /workdir/hadoop-ozone/integration-test/target/test-dir/MiniOzoneClusterImpl-db6fd866-6788-41aa-8e01-4626558b27a7/datanode-2/data/ratis/da336094-5336-4cce-845b-02dde111e4ad/in_use.lock acquired by nodename 10001@trunk-nightly-20191114-k5n9k-339518648
2019-11-14 03:47:16,407 [pool-169-thread-1] INFO  storage.RaftStorage (RaftStorage.java:format(84)) - Storage directory /workdir/hadoop-ozone/integration-test/target/test-dir/MiniOzoneClusterImpl-db6fd866-6788-41aa-8e01-4626558b27a7/datanode-2/data/ratis/da336094-5336-4cce-845b-02dde111e4ad has been successfully formatted.
2019-11-14 03:47:16,407 [pool-169-thread-1] INFO  ratis.ContainerStateMachine (ContainerStateMachine.java:loadSnapshot(223)) - group-02DDE111E4AD: The snapshot info is null. Setting the last applied indexto:(t:0, i:~)
2019-11-14 03:47:16,407 [pool-169-thread-1] INFO  server.RaftServerConfigKeys (ConfUtils.java:logGet(43)) - raft.server.notification.no-leader.timeout = 120s (custom)
2019-11-14 03:47:16,407 [pool-169-thread-1] INFO  server.RaftServerConfigKeys (ConfUtils.java:logGet(43)) - raft.server.log.use.memory = false (default)
2019-11-14 03:47:16,408 [pool-169-thread-1] INFO  server.RaftServerConfigKeys (ConfUtils.java:logGet(43)) - raft.server.log.purge.gap = 1000000 (custom)
2019-11-14 03:47:16,408 [pool-169-thread-1] INFO  server.RaftServerConfigKeys (ConfUtils.java:logGet(43)) - raft.server.log.appender.buffer.byte-limit = 33554432 (custom)
2019-11-14 03:47:16,408 [pool-169-thread-1] INFO  server.RaftServerConfigKeys (ConfUtils.java:logGet(43)) - raft.server.log.segment.size.max = 1048576 (custom)
2019-11-14 03:47:16,408 [pool-169-thread-1] INFO  server.RaftServerConfigKeys (ConfUtils.java:logGet(43)) - raft.server.log.segment.cache.num.max = 2 (custom)
2019-11-14 03:47:16,408 [pool-169-thread-1] INFO  segmented.SegmentedRaftLogWorker (SegmentedRaftLogWorker.java:<init>(173)) - new d4b369d8-a85d-4b99-b953-37bddccdea6c@group-02DDE111E4AD-SegmentedRaftLogWorker for RaftStorage:Storage Directory /workdir/hadoop-ozone/integration-test/target/test-dir/MiniOzoneClusterImpl-db6fd866-6788-41aa-8e01-4626558b27a7/datanode-2/data/ratis/da336094-5336-4cce-845b-02dde111e4ad
2019-11-14 03:47:16,408 [pool-169-thread-1] INFO  server.RaftServerConfigKeys (ConfUtils.java:logGet(43)) - raft.server.log.queue.byte-limit = 2147483647 (custom)
2019-11-14 03:47:16,408 [pool-169-thread-1] INFO  server.RaftServerConfigKeys (ConfUtils.java:logGet(43)) - raft.server.log.queue.element-limit = 1024 (custom)
2019-11-14 03:47:16,408 [pool-169-thread-1] INFO  server.RaftServerConfigKeys (ConfUtils.java:logGet(43)) - raft.server.log.segment.size.max = 1048576 (custom)
2019-11-14 03:47:16,408 [pool-169-thread-1] INFO  server.RaftServerConfigKeys (ConfUtils.java:logGet(43)) - raft.server.log.preallocated.size = 16384 (custom)
2019-11-14 03:47:16,408 [pool-169-thread-1] INFO  server.RaftServerConfigKeys (ConfUtils.java:logGet(43)) - raft.server.log.write.buffer.size = 33554432 (custom)
2019-11-14 03:47:16,408 [pool-169-thread-1] INFO  server.RaftServerConfigKeys (ConfUtils.java:logGet(43)) - raft.server.log.force.sync.num = 128 (default)
2019-11-14 03:47:16,408 [pool-169-thread-1] INFO  server.RaftServerConfigKeys (ConfUtils.java:logGet(43)) - raft.server.log.statemachine.data.sync = true (default)
2019-11-14 03:47:16,409 [pool-169-thread-1] INFO  server.RaftServerConfigKeys (ConfUtils.java:logGet(43)) - raft.server.log.statemachine.data.sync.timeout = 10s (default)
2019-11-14 03:47:16,409 [pool-169-thread-1] INFO  server.RaftServerConfigKeys (ConfUtils.java:logGet(43)) - raft.server.log.statemachine.data.sync.timeout.retry = -1 (default)
2019-11-14 03:47:16,409 [pool-169-thread-1] INFO  server.RaftServerConfigKeys (ConfUtils.java:logGet(43)) - raft.server.log.statemachine.data.caching.enabled = true (custom)
2019-11-14 03:47:16,409 [pool-169-thread-1] INFO  segmented.SegmentedRaftLogWorker (SegmentedRaftLogWorker.java:lambda$new$0(128)) - d4b369d8-a85d-4b99-b953-37bddccdea6c@group-02DDE111E4AD-SegmentedRaftLogWorker: flushIndex: setUnconditionally 0 -> -1
2019-11-14 03:47:16,409 [pool-169-thread-1] INFO  server.RaftServerConfigKeys (ConfUtils.java:logGet(43)) - raft.server.snapshot.auto.trigger.enabled = true (custom)
2019-11-14 03:47:16,409 [pool-169-thread-1] INFO  server.RaftServerConfigKeys (ConfUtils.java:logGet(43)) - raft.server.snapshot.auto.trigger.threshold = 10000 (custom)
2019-11-14 03:47:16,409 [pool-169-thread-1] INFO  server.RaftServerConfigKeys (ConfUtils.java:logGet(43)) - raft.server.snapshot.retention.file.num = 5 (custom)
2019-11-14 03:47:16,409 [pool-169-thread-1] INFO  server.RaftServerConfigKeys (ConfUtils.java:logGet(43)) - raft.server.retrycache.expirytime = 600000ms (custom)
2019-11-14 03:47:16,409 [pool-169-thread-1] WARN  impl.MetricRegistriesImpl (MetricRegistriesImpl.java:lambda$create$1(61)) - First MetricRegistry has been created without registering reporters. You may need to call MetricRegistries.global().addReportRegistration(...) before.
2019-11-14 03:47:16,410 [pool-169-thread-1] WARN  impl.MetricRegistriesImpl (MetricRegistriesImpl.java:lambda$create$1(61)) - First MetricRegistry has been created without registering reporters. You may need to call MetricRegistries.global().addReportRegistration(...) before.
2019-11-14 03:47:16,410 [pool-169-thread-1] INFO  impl.RaftServerImpl (RaftServerImpl.java:start(184)) - d4b369d8-a85d-4b99-b953-37bddccdea6c@group-02DDE111E4AD: start as a follower, conf=-1: [d4b369d8-a85d-4b99-b953-37bddccdea6c:192.168.157.206:40232], old=null
2019-11-14 03:47:16,410 [pool-169-thread-1] INFO  impl.RaftServerImpl (RaftServerImpl.java:setRole(173)) - d4b369d8-a85d-4b99-b953-37bddccdea6c@group-02DDE111E4AD: changes role from      null to FOLLOWER at term 0 for startAsFollower
2019-11-14 03:47:16,410 [pool-169-thread-1] INFO  impl.RoleInfo (RoleInfo.java:updateAndGet(143)) - d4b369d8-a85d-4b99-b953-37bddccdea6c: start FollowerState
2019-11-14 03:47:16,410 [pool-169-thread-1] INFO  util.JmxRegister (JmxRegister.java:tryRegister(44)) - Successfully registered JMX Bean with object name Ratis:service=RaftServer,group=group-02DDE111E4AD,id=d4b369d8-a85d-4b99-b953-37bddccdea6c
2019-11-14 03:47:16,410 [pool-169-thread-1] WARN  impl.MetricRegistriesImpl (MetricRegistriesImpl.java:lambda$create$1(61)) - First MetricRegistry has been created without registering reporters. You may need to call MetricRegistries.global().addReportRegistration(...) before.
2019-11-14 03:47:16,412 [RatisPipelineUtilsThread] INFO  pipeline.PipelineStateManager (PipelineStateManager.java:addPipeline(55)) - Created pipeline Pipeline[ Id: da336094-5336-4cce-845b-02dde111e4ad, Nodes: d4b369d8-a85d-4b99-b953-37bddccdea6c{ip: 192.168.157.206, host: trunk-nightly-20191114-k5n9k-339518648, networkLocation: /rack1, certSerialId: null}, Type:RATIS, Factor:ONE, State:ALLOCATED]
2019-11-14 03:47:16,413 [Thread-1413] INFO  pipeline.PipelineStateManager (PipelineStateManager.java:finalizePipeline(121)) - Pipeline Pipeline[ Id: d6c540fe-d211-4120-bc37-4767e57a5c9a, Nodes: d4b369d8-a85d-4b99-b953-37bddccdea6c{ip: 192.168.157.206, host: trunk-nightly-20191114-k5n9k-339518648, networkLocation: /rack1, certSerialId: null}78429c2b-19b5-43a0-84bb-c976fd750a70{ip: 192.168.157.206, host: trunk-nightly-20191114-k5n9k-339518648, networkLocation: /rack1, certSerialId: null}6c36bdee-0f85-4acd-86c8-ce53960cf4ab{ip: 192.168.157.206, host: trunk-nightly-20191114-k5n9k-339518648, networkLocation: /rack1, certSerialId: null}, Type:RATIS, Factor:THREE, State:CLOSED] moved to CLOSED state
2019-11-14 03:47:16,416 [grpc-default-executor-6] INFO  impl.RaftServerProxy (RaftServerProxy.java:remove(95)) - d4b369d8-a85d-4b99-b953-37bddccdea6c: remove  FOLLOWER d4b369d8-a85d-4b99-b953-37bddccdea6c@group-4767E57A5C9A:t2, leader=6c36bdee-0f85-4acd-86c8-ce53960cf4ab, voted=6c36bdee-0f85-4acd-86c8-ce53960cf4ab, raftlog=d4b369d8-a85d-4b99-b953-37bddccdea6c@group-4767E57A5C9A-SegmentedRaftLog:OPENED:c0,f0,i0, conf=0: [6c36bdee-0f85-4acd-86c8-ce53960cf4ab:192.168.157.206:40913, 78429c2b-19b5-43a0-84bb-c976fd750a70:192.168.157.206:33494, d4b369d8-a85d-4b99-b953-37bddccdea6c:192.168.157.206:40232], old=null RUNNING
2019-11-14 03:47:16,416 [grpc-default-executor-6] INFO  impl.RaftServerImpl (RaftServerImpl.java:lambda$shutdown$3(250)) - d4b369d8-a85d-4b99-b953-37bddccdea6c@group-4767E57A5C9A: shutdown
2019-11-14 03:47:16,417 [grpc-default-executor-6] INFO  util.JmxRegister (JmxRegister.java:unregister(73)) - Successfully un-registered JMX Bean with object name Ratis:service=RaftServer,group=group-4767E57A5C9A,id=d4b369d8-a85d-4b99-b953-37bddccdea6c
2019-11-14 03:47:16,417 [grpc-default-executor-6] INFO  impl.RoleInfo (RoleInfo.java:shutdownFollowerState(121)) - d4b369d8-a85d-4b99-b953-37bddccdea6c: shutdown FollowerState
2019-11-14 03:47:16,417 [grpc-default-executor-6] INFO  impl.StateMachineUpdater (StateMachineUpdater.java:stopAndJoin(136)) - d4b369d8-a85d-4b99-b953-37bddccdea6c@group-4767E57A5C9A-StateMachineUpdater: set stopIndex = 0
2019-11-14 03:47:16,417 [Thread-1534] INFO  impl.FollowerState (FollowerState.java:run(120)) - d4b369d8-a85d-4b99-b953-37bddccdea6c@group-4767E57A5C9A-FollowerState was interrupted: java.lang.InterruptedException: sleep interrupted
2019-11-14 03:47:16,417 [grpc-default-executor-6] INFO  impl.RaftServerImpl (ServerState.java:close(387)) - d4b369d8-a85d-4b99-b953-37bddccdea6c@group-4767E57A5C9A: closes. applyIndex: 0
2019-11-14 03:47:16,419 [d4b369d8-a85d-4b99-b953-37bddccdea6c@group-4767E57A5C9A-SegmentedRaftLogWorker] INFO  segmented.SegmentedRaftLogWorker (SegmentedRaftLogWorker.java:run(316)) - d4b369d8-a85d-4b99-b953-37bddccdea6c@group-4767E57A5C9A-SegmentedRaftLogWorker was interrupted, exiting. There are 0 tasks remaining in the queue.
2019-11-14 03:47:16,419 [grpc-default-executor-6] INFO  segmented.SegmentedRaftLogWorker (SegmentedRaftLogWorker.java:close(224)) - d4b369d8-a85d-4b99-b953-37bddccdea6c@group-4767E57A5C9A-SegmentedRaftLogWorker close()
2019-11-14 03:47:16,426 [grpc-default-executor-6] INFO  impl.RaftServerProxy (RaftServerProxy.java:remove(95)) - 78429c2b-19b5-43a0-84bb-c976fd750a70: remove  FOLLOWER 78429c2b-19b5-43a0-84bb-c976fd750a70@group-4767E57A5C9A:t2, leader=6c36bdee-0f85-4acd-86c8-ce53960cf4ab, voted=78429c2b-19b5-43a0-84bb-c976fd750a70, raftlog=78429c2b-19b5-43a0-84bb-c976fd750a70@group-4767E57A5C9A-SegmentedRaftLog:OPENED:c0,f0,i0, conf=0: [6c36bdee-0f85-4acd-86c8-ce53960cf4ab:192.168.157.206:40913, 78429c2b-19b5-43a0-84bb-c976fd750a70:192.168.157.206:33494, d4b369d8-a85d-4b99-b953-37bddccdea6c:192.168.157.206:40232], old=null RUNNING
2019-11-14 03:47:16,426 [grpc-default-executor-6] INFO  impl.RaftServerImpl (RaftServerImpl.java:lambda$shutdown$3(250)) - 78429c2b-19b5-43a0-84bb-c976fd750a70@group-4767E57A5C9A: shutdown
2019-11-14 03:47:16,426 [grpc-default-executor-6] INFO  util.JmxRegister (JmxRegister.java:unregister(73)) - Successfully un-registered JMX Bean with object name Ratis:service=RaftServer,group=group-4767E57A5C9A,id=78429c2b-19b5-43a0-84bb-c976fd750a70
2019-11-14 03:47:16,427 [grpc-default-executor-6] INFO  impl.RoleInfo (RoleInfo.java:shutdownFollowerState(121)) - 78429c2b-19b5-43a0-84bb-c976fd750a70: shutdown FollowerState
2019-11-14 03:47:16,427 [grpc-default-executor-6] INFO  impl.StateMachineUpdater (StateMachineUpdater.java:stopAndJoin(136)) - 78429c2b-19b5-43a0-84bb-c976fd750a70@group-4767E57A5C9A-StateMachineUpdater: set stopIndex = 0
2019-11-14 03:47:16,427 [Thread-1535] INFO  impl.FollowerState (FollowerState.java:run(120)) - 78429c2b-19b5-43a0-84bb-c976fd750a70@group-4767E57A5C9A-FollowerState was interrupted: java.lang.InterruptedException: sleep interrupted
2019-11-14 03:47:16,427 [grpc-default-executor-6] INFO  impl.RaftServerImpl (ServerState.java:close(387)) - 78429c2b-19b5-43a0-84bb-c976fd750a70@group-4767E57A5C9A: closes. applyIndex: 0
2019-11-14 03:47:16,429 [78429c2b-19b5-43a0-84bb-c976fd750a70@group-4767E57A5C9A-SegmentedRaftLogWorker] INFO  segmented.SegmentedRaftLogWorker (SegmentedRaftLogWorker.java:run(316)) - 78429c2b-19b5-43a0-84bb-c976fd750a70@group-4767E57A5C9A-SegmentedRaftLogWorker was interrupted, exiting. There are 0 tasks remaining in the queue.
2019-11-14 03:47:16,429 [grpc-default-executor-6] INFO  segmented.SegmentedRaftLogWorker (SegmentedRaftLogWorker.java:close(224)) - 78429c2b-19b5-43a0-84bb-c976fd750a70@group-4767E57A5C9A-SegmentedRaftLogWorker close()
2019-11-14 03:47:16,435 [grpc-default-executor-6] INFO  impl.RaftServerProxy (RaftServerProxy.java:remove(95)) - 6c36bdee-0f85-4acd-86c8-ce53960cf4ab: remove    LEADER 6c36bdee-0f85-4acd-86c8-ce53960cf4ab@group-4767E57A5C9A:t2, leader=6c36bdee-0f85-4acd-86c8-ce53960cf4ab, voted=6c36bdee-0f85-4acd-86c8-ce53960cf4ab, raftlog=6c36bdee-0f85-4acd-86c8-ce53960cf4ab@group-4767E57A5C9A-SegmentedRaftLog:OPENED:c0,f0,i0, conf=0: [6c36bdee-0f85-4acd-86c8-ce53960cf4ab:192.168.157.206:40913, 78429c2b-19b5-43a0-84bb-c976fd750a70:192.168.157.206:33494, d4b369d8-a85d-4b99-b953-37bddccdea6c:192.168.157.206:40232], old=null RUNNING
2019-11-14 03:47:16,435 [grpc-default-executor-6] INFO  impl.RaftServerImpl (RaftServerImpl.java:lambda$shutdown$3(250)) - 6c36bdee-0f85-4acd-86c8-ce53960cf4ab@group-4767E57A5C9A: shutdown
2019-11-14 03:47:16,435 [grpc-default-executor-6] INFO  util.JmxRegister (JmxRegister.java:unregister(73)) - Successfully un-registered JMX Bean with object name Ratis:service=RaftServer,group=group-4767E57A5C9A,id=6c36bdee-0f85-4acd-86c8-ce53960cf4ab
2019-11-14 03:47:16,435 [grpc-default-executor-6] INFO  impl.RoleInfo (RoleInfo.java:shutdownLeaderState(104)) - 6c36bdee-0f85-4acd-86c8-ce53960cf4ab: shutdown LeaderState
2019-11-14 03:47:16,438 [grpc-default-executor-6] INFO  impl.PendingRequests (PendingRequests.java:sendNotLeaderResponses(206)) - 6c36bdee-0f85-4acd-86c8-ce53960cf4ab@group-4767E57A5C9A-PendingRequests: sendNotLeaderResponses
2019-11-14 03:47:16,438 [org.apache.ratis.server.impl.LogAppender$AppenderDaemon$$Lambda$473/2105465244@73673687] WARN  server.GrpcLogAppender (GrpcLogAppender.java:mayWait(151)) - 6c36bdee-0f85-4acd-86c8-ce53960cf4ab@group-4767E57A5C9A->78429c2b-19b5-43a0-84bb-c976fd750a70-GrpcLogAppender: Wait interrupted by java.lang.InterruptedException
2019-11-14 03:47:16,438 [grpc-default-executor-6] INFO  impl.StateMachineUpdater (StateMachineUpdater.java:stopAndJoin(136)) - 6c36bdee-0f85-4acd-86c8-ce53960cf4ab@group-4767E57A5C9A-StateMachineUpdater: set stopIndex = 0
2019-11-14 03:47:16,438 [org.apache.ratis.server.impl.LogAppender$AppenderDaemon$$Lambda$473/2105465244@3665a68f] WARN  server.GrpcLogAppender (GrpcLogAppender.java:mayWait(151)) - 6c36bdee-0f85-4acd-86c8-ce53960cf4ab@group-4767E57A5C9A->d4b369d8-a85d-4b99-b953-37bddccdea6c-GrpcLogAppender: Wait interrupted by java.lang.InterruptedException
2019-11-14 03:47:16,438 [grpc-default-executor-6] INFO  impl.RaftServerImpl (ServerState.java:close(387)) - 6c36bdee-0f85-4acd-86c8-ce53960cf4ab@group-4767E57A5C9A: closes. applyIndex: 0
2019-11-14 03:47:16,438 [grpc-default-executor-2] INFO  server.GrpcServerProtocolService (GrpcServerProtocolService.java:onCompleted(113)) - 78429c2b-19b5-43a0-84bb-c976fd750a70: Completed APPEND_ENTRIES, lastRequest: 6c36bdee-0f85-4acd-86c8-ce53960cf4ab->78429c2b-19b5-43a0-84bb-c976fd750a70#3-t2, previous=(t:2, i:0), leaderCommit=0, initializing? false, entries: <empty>
2019-11-14 03:47:16,439 [6c36bdee-0f85-4acd-86c8-ce53960cf4ab@group-4767E57A5C9A-SegmentedRaftLogWorker] INFO  segmented.SegmentedRaftLogWorker (SegmentedRaftLogWorker.java:run(316)) - 6c36bdee-0f85-4acd-86c8-ce53960cf4ab@group-4767E57A5C9A-SegmentedRaftLogWorker was interrupted, exiting. There are 0 tasks remaining in the queue.
2019-11-14 03:47:16,439 [grpc-default-executor-1] INFO  server.GrpcServerProtocolService (GrpcServerProtocolService.java:onCompleted(113)) - d4b369d8-a85d-4b99-b953-37bddccdea6c: Completed APPEND_ENTRIES, lastRequest: 6c36bdee-0f85-4acd-86c8-ce53960cf4ab->d4b369d8-a85d-4b99-b953-37bddccdea6c#3-t2, previous=(t:2, i:0), leaderCommit=0, initializing? false, entries: <empty>
2019-11-14 03:47:16,439 [grpc-default-executor-6] INFO  segmented.SegmentedRaftLogWorker (SegmentedRaftLogWorker.java:close(224)) - 6c36bdee-0f85-4acd-86c8-ce53960cf4ab@group-4767E57A5C9A-SegmentedRaftLogWorker close()
2019-11-14 03:47:16,439 [grpc-default-executor-2] INFO  server.GrpcLogAppender (GrpcLogAppender.java:onCompleted(308)) - 6c36bdee-0f85-4acd-86c8-ce53960cf4ab@group-4767E57A5C9A->78429c2b-19b5-43a0-84bb-c976fd750a70-AppendLogResponseHandler: follower responses appendEntries COMPLETED
2019-11-14 03:47:16,439 [grpc-default-executor-1] INFO  server.GrpcLogAppender (GrpcLogAppender.java:onCompleted(308)) - 6c36bdee-0f85-4acd-86c8-ce53960cf4ab@group-4767E57A5C9A->d4b369d8-a85d-4b99-b953-37bddccdea6c-AppendLogResponseHandler: follower responses appendEntries COMPLETED
2019-11-14 03:47:16,441 [grpc-default-executor-2] INFO  impl.FollowerInfo (FollowerInfo.java:lambda$new$0(51)) - 6c36bdee-0f85-4acd-86c8-ce53960cf4ab@group-4767E57A5C9A->78429c2b-19b5-43a0-84bb-c976fd750a70: nextIndex: updateUnconditionally 1 -> 0
2019-11-14 03:47:16,441 [grpc-default-executor-1] INFO  impl.FollowerInfo (FollowerInfo.java:lambda$new$0(51)) - 6c36bdee-0f85-4acd-86c8-ce53960cf4ab@group-4767E57A5C9A->d4b369d8-a85d-4b99-b953-37bddccdea6c: nextIndex: updateUnconditionally 1 -> 0
2019-11-14 03:47:16,443 [Thread-1413] INFO  pipeline.PipelineStateManager (PipelineStateManager.java:removePipeline(106)) - Pipeline Pipeline[ Id: d6c540fe-d211-4120-bc37-4767e57a5c9a, Nodes: d4b369d8-a85d-4b99-b953-37bddccdea6c{ip: 192.168.157.206, host: trunk-nightly-20191114-k5n9k-339518648, networkLocation: /rack1, certSerialId: null}78429c2b-19b5-43a0-84bb-c976fd750a70{ip: 192.168.157.206, host: trunk-nightly-20191114-k5n9k-339518648, networkLocation: /rack1, certSerialId: null}6c36bdee-0f85-4acd-86c8-ce53960cf4ab{ip: 192.168.157.206, host: trunk-nightly-20191114-k5n9k-339518648, networkLocation: /rack1, certSerialId: null}, Type:RATIS, Factor:THREE, State:CLOSED] removed from db
2019-11-14 03:47:16,443 [Thread-1413] INFO  pipeline.SCMPipelineManager (SCMPipelineManager.java:finalizeAndDestroyPipeline(315)) - destroying pipeline:Pipeline[ Id: 14668c44-d940-40ee-9f5d-021146b31509, Nodes: 7901d021-b70d-41b4-a3ee-3511e4cb511a{ip: 192.168.157.206, host: trunk-nightly-20191114-k5n9k-339518648, networkLocation: /rack1, certSerialId: null}, Type:RATIS, Factor:ONE, State:OPEN]
2019-11-14 03:47:16,447 [grpc-default-executor-2] INFO  impl.RaftServerProxy (RaftServerProxy.java:addNew(89)) - d4b369d8-a85d-4b99-b953-37bddccdea6c: addNew group-4A0DDCD43B4A:[6c36bdee-0f85-4acd-86c8-ce53960cf4ab:192.168.157.206:40913, 78429c2b-19b5-43a0-84bb-c976fd750a70:192.168.157.206:33494, d4b369d8-a85d-4b99-b953-37bddccdea6c:192.168.157.206:40232] returns group-4A0DDCD43B4A:java.util.concurrent.CompletableFuture@3dd908e6[Not completed]
2019-11-14 03:47:16,447 [grpc-default-executor-1] INFO  impl.RaftServerProxy (RaftServerProxy.java:addNew(89)) - 78429c2b-19b5-43a0-84bb-c976fd750a70: addNew group-4A0DDCD43B4A:[6c36bdee-0f85-4acd-86c8-ce53960cf4ab:192.168.157.206:40913, 78429c2b-19b5-43a0-84bb-c976fd750a70:192.168.157.206:33494, d4b369d8-a85d-4b99-b953-37bddccdea6c:192.168.157.206:40232] returns group-4A0DDCD43B4A:java.util.concurrent.CompletableFuture@7f567cb9[Not completed]
2019-11-14 03:47:16,447 [grpc-default-executor-6] INFO  impl.RaftServerProxy (RaftServerProxy.java:addNew(89)) - 6c36bdee-0f85-4acd-86c8-ce53960cf4ab: addNew group-4A0DDCD43B4A:[6c36bdee-0f85-4acd-86c8-ce53960cf4ab:192.168.157.206:40913, 78429c2b-19b5-43a0-84bb-c976fd750a70:192.168.157.206:33494, d4b369d8-a85d-4b99-b953-37bddccdea6c:192.168.157.206:40232] returns group-4A0DDCD43B4A:java.util.concurrent.CompletableFuture@2f5a6098[Not completed]
2019-11-14 03:47:16,448 [pool-169-thread-1] INFO  impl.RaftServerImpl (RaftServerImpl.java:<init>(98)) - d4b369d8-a85d-4b99-b953-37bddccdea6c: new RaftServerImpl for group-4A0DDCD43B4A:[6c36bdee-0f85-4acd-86c8-ce53960cf4ab:192.168.157.206:40913, 78429c2b-19b5-43a0-84bb-c976fd750a70:192.168.157.206:33494, d4b369d8-a85d-4b99-b953-37bddccdea6c:192.168.157.206:40232] with ContainerStateMachine:uninitialized
2019-11-14 03:47:16,448 [pool-169-thread-1] INFO  server.RaftServerConfigKeys (ConfUtils.java:logGet(43)) - raft.server.rpc.timeout.min = 1s (custom)
2019-11-14 03:47:16,448 [pool-169-thread-1] INFO  server.RaftServerConfigKeys (ConfUtils.java:logGet(43)) - raft.server.rpc.timeout.max = 1200ms (custom)
2019-11-14 03:47:16,448 [pool-169-thread-1] INFO  server.RaftServerConfigKeys (ConfUtils.java:logGet(43)) - raft.server.rpcslowness.timeout = 120s (custom)
2019-11-14 03:47:16,448 [pool-169-thread-1] INFO  server.RaftServerConfigKeys (ConfUtils.java:logGet(43)) - raft.server.sleep.deviation.threshold = 300 (default)
2019-11-14 03:47:16,448 [pool-169-thread-1] INFO  server.RaftServerConfigKeys (ConfUtils.java:logGet(43)) - raft.server.log.appender.install.snapshot.enabled = false (custom)
2019-11-14 03:47:16,448 [pool-149-thread-1] INFO  impl.RaftServerImpl (RaftServerImpl.java:<init>(98)) - 6c36bdee-0f85-4acd-86c8-ce53960cf4ab: new RaftServerImpl for group-4A0DDCD43B4A:[6c36bdee-0f85-4acd-86c8-ce53960cf4ab:192.168.157.206:40913, 78429c2b-19b5-43a0-84bb-c976fd750a70:192.168.157.206:33494, d4b369d8-a85d-4b99-b953-37bddccdea6c:192.168.157.206:40232] with ContainerStateMachine:uninitialized
2019-11-14 03:47:16,448 [pool-169-thread-1] INFO  impl.RaftServerImpl (ServerState.java:<init>(103)) - d4b369d8-a85d-4b99-b953-37bddccdea6c@group-4A0DDCD43B4A: ConfigurationManager, init=-1: [6c36bdee-0f85-4acd-86c8-ce53960cf4ab:192.168.157.206:40913, 78429c2b-19b5-43a0-84bb-c976fd750a70:192.168.157.206:33494, d4b369d8-a85d-4b99-b953-37bddccdea6c:192.168.157.206:40232], old=null, confs=<EMPTY_MAP>
2019-11-14 03:47:16,449 [pool-149-thread-1] INFO  server.RaftServerConfigKeys (ConfUtils.java:logGet(43)) - raft.server.rpc.timeout.min = 1s (custom)
2019-11-14 03:47:16,449 [pool-169-thread-1] INFO  server.RaftServerConfigKeys (ConfUtils.java:logGet(43)) - raft.server.storage.dir = [/workdir/hadoop-ozone/integration-test/target/test-dir/MiniOzoneClusterImpl-db6fd866-6788-41aa-8e01-4626558b27a7/datanode-2/data/ratis] (custom)
2019-11-14 03:47:16,449 [pool-149-thread-1] INFO  server.RaftServerConfigKeys (ConfUtils.java:logGet(43)) - raft.server.rpc.timeout.max = 1200ms (custom)
2019-11-14 03:47:16,449 [pool-159-thread-1] INFO  impl.RaftServerImpl (RaftServerImpl.java:<init>(98)) - 78429c2b-19b5-43a0-84bb-c976fd750a70: new RaftServerImpl for group-4A0DDCD43B4A:[6c36bdee-0f85-4acd-86c8-ce53960cf4ab:192.168.157.206:40913, 78429c2b-19b5-43a0-84bb-c976fd750a70:192.168.157.206:33494, d4b369d8-a85d-4b99-b953-37bddccdea6c:192.168.157.206:40232] with ContainerStateMachine:uninitialized
2019-11-14 03:47:16,449 [pool-169-thread-1] INFO  server.RaftServerConfigKeys (ConfUtils.java:logGet(43)) - raft.server.log.corruption.policy = EXCEPTION (default)
2019-11-14 03:47:16,449 [pool-149-thread-1] INFO  server.RaftServerConfigKeys (ConfUtils.java:logGet(43)) - raft.server.rpcslowness.timeout = 120s (custom)
2019-11-14 03:47:16,449 [pool-159-thread-1] INFO  server.RaftServerConfigKeys (ConfUtils.java:logGet(43)) - raft.server.rpc.timeout.min = 1s (custom)
2019-11-14 03:47:16,449 [pool-169-thread-1] INFO  storage.RaftStorageDirectory (RaftStorageDirectory.java:analyzeStorage(246)) - The storage directory /workdir/hadoop-ozone/integration-test/target/test-dir/MiniOzoneClusterImpl-db6fd866-6788-41aa-8e01-4626558b27a7/datanode-2/data/ratis/0c125d40-63a2-4734-b67a-4a0ddcd43b4a does not exist. Creating ...
2019-11-14 03:47:16,449 [pool-149-thread-1] INFO  server.RaftServerConfigKeys (ConfUtils.java:logGet(43)) - raft.server.sleep.deviation.threshold = 300 (default)
2019-11-14 03:47:16,449 [pool-159-thread-1] INFO  server.RaftServerConfigKeys (ConfUtils.java:logGet(43)) - raft.server.rpc.timeout.max = 1200ms (custom)
2019-11-14 03:47:16,450 [pool-149-thread-1] INFO  server.RaftServerConfigKeys (ConfUtils.java:logGet(43)) - raft.server.log.appender.install.snapshot.enabled = false (custom)
2019-11-14 03:47:16,450 [pool-159-thread-1] INFO  server.RaftServerConfigKeys (ConfUtils.java:logGet(43)) - raft.server.rpcslowness.timeout = 120s (custom)
2019-11-14 03:47:16,450 [pool-149-thread-1] INFO  impl.RaftServerImpl (ServerState.java:<init>(103)) - 6c36bdee-0f85-4acd-86c8-ce53960cf4ab@group-4A0DDCD43B4A: ConfigurationManager, init=-1: [6c36bdee-0f85-4acd-86c8-ce53960cf4ab:192.168.157.206:40913, 78429c2b-19b5-43a0-84bb-c976fd750a70:192.168.157.206:33494, d4b369d8-a85d-4b99-b953-37bddccdea6c:192.168.157.206:40232], old=null, confs=<EMPTY_MAP>
2019-11-14 03:47:16,450 [pool-159-thread-1] INFO  server.RaftServerConfigKeys (ConfUtils.java:logGet(43)) - raft.server.sleep.deviation.threshold = 300 (default)
2019-11-14 03:47:16,450 [pool-149-thread-1] INFO  server.RaftServerConfigKeys (ConfUtils.java:logGet(43)) - raft.server.storage.dir = [/workdir/hadoop-ozone/integration-test/target/test-dir/MiniOzoneClusterImpl-db6fd866-6788-41aa-8e01-4626558b27a7/datanode-0/data/ratis] (custom)
2019-11-14 03:47:16,450 [pool-159-thread-1] INFO  server.RaftServerConfigKeys (ConfUtils.java:logGet(43)) - raft.server.log.appender.install.snapshot.enabled = false (custom)
2019-11-14 03:47:16,450 [pool-159-thread-1] INFO  impl.RaftServerImpl (ServerState.java:<init>(103)) - 78429c2b-19b5-43a0-84bb-c976fd750a70@group-4A0DDCD43B4A: ConfigurationManager, init=-1: [6c36bdee-0f85-4acd-86c8-ce53960cf4ab:192.168.157.206:40913, 78429c2b-19b5-43a0-84bb-c976fd750a70:192.168.157.206:33494, d4b369d8-a85d-4b99-b953-37bddccdea6c:192.168.157.206:40232], old=null, confs=<EMPTY_MAP>
2019-11-14 03:47:16,450 [pool-149-thread-1] INFO  server.RaftServerConfigKeys (ConfUtils.java:logGet(43)) - raft.server.log.corruption.policy = EXCEPTION (default)
2019-11-14 03:47:16,451 [pool-159-thread-1] INFO  server.RaftServerConfigKeys (ConfUtils.java:logGet(43)) - raft.server.storage.dir = [/workdir/hadoop-ozone/integration-test/target/test-dir/MiniOzoneClusterImpl-db6fd866-6788-41aa-8e01-4626558b27a7/datanode-1/data/ratis] (custom)
2019-11-14 03:47:16,451 [pool-149-thread-1] INFO  storage.RaftStorageDirectory (RaftStorageDirectory.java:analyzeStorage(246)) - The storage directory /workdir/hadoop-ozone/integration-test/target/test-dir/MiniOzoneClusterImpl-db6fd866-6788-41aa-8e01-4626558b27a7/datanode-0/data/ratis/0c125d40-63a2-4734-b67a-4a0ddcd43b4a does not exist. Creating ...
2019-11-14 03:47:16,451 [pool-159-thread-1] INFO  server.RaftServerConfigKeys (ConfUtils.java:logGet(43)) - raft.server.log.corruption.policy = EXCEPTION (default)
2019-11-14 03:47:16,451 [pool-159-thread-1] INFO  storage.RaftStorageDirectory (RaftStorageDirectory.java:analyzeStorage(246)) - The storage directory /workdir/hadoop-ozone/integration-test/target/test-dir/MiniOzoneClusterImpl-db6fd866-6788-41aa-8e01-4626558b27a7/datanode-1/data/ratis/0c125d40-63a2-4734-b67a-4a0ddcd43b4a does not exist. Creating ...
2019-11-14 03:47:16,474 [pool-159-thread-1] INFO  storage.RaftStorageDirectory (RaftStorageDirectory.java:tryLock(328)) - Lock on /workdir/hadoop-ozone/integration-test/target/test-dir/MiniOzoneClusterImpl-db6fd866-6788-41aa-8e01-4626558b27a7/datanode-1/data/ratis/0c125d40-63a2-4734-b67a-4a0ddcd43b4a/in_use.lock acquired by nodename 10001@trunk-nightly-20191114-k5n9k-339518648
2019-11-14 03:47:16,474 [pool-149-thread-1] INFO  storage.RaftStorageDirectory (RaftStorageDirectory.java:tryLock(328)) - Lock on /workdir/hadoop-ozone/integration-test/target/test-dir/MiniOzoneClusterImpl-db6fd866-6788-41aa-8e01-4626558b27a7/datanode-0/data/ratis/0c125d40-63a2-4734-b67a-4a0ddcd43b4a/in_use.lock acquired by nodename 10001@trunk-nightly-20191114-k5n9k-339518648
2019-11-14 03:47:16,474 [pool-169-thread-1] INFO  storage.RaftStorageDirectory (RaftStorageDirectory.java:tryLock(328)) - Lock on /workdir/hadoop-ozone/integration-test/target/test-dir/MiniOzoneClusterImpl-db6fd866-6788-41aa-8e01-4626558b27a7/datanode-2/data/ratis/0c125d40-63a2-4734-b67a-4a0ddcd43b4a/in_use.lock acquired by nodename 10001@trunk-nightly-20191114-k5n9k-339518648
2019-11-14 03:47:16,487 [pool-149-thread-1] INFO  storage.RaftStorage (RaftStorage.java:format(84)) - Storage directory /workdir/hadoop-ozone/integration-test/target/test-dir/MiniOzoneClusterImpl-db6fd866-6788-41aa-8e01-4626558b27a7/datanode-0/data/ratis/0c125d40-63a2-4734-b67a-4a0ddcd43b4a has been successfully formatted.
2019-11-14 03:47:16,487 [pool-169-thread-1] INFO  storage.RaftStorage (RaftStorage.java:format(84)) - Storage directory /workdir/hadoop-ozone/integration-test/target/test-dir/MiniOzoneClusterImpl-db6fd866-6788-41aa-8e01-4626558b27a7/datanode-2/data/ratis/0c125d40-63a2-4734-b67a-4a0ddcd43b4a has been successfully formatted.
2019-11-14 03:47:16,487 [pool-159-thread-1] INFO  storage.RaftStorage (RaftStorage.java:format(84)) - Storage directory /workdir/hadoop-ozone/integration-test/target/test-dir/MiniOzoneClusterImpl-db6fd866-6788-41aa-8e01-4626558b27a7/datanode-1/data/ratis/0c125d40-63a2-4734-b67a-4a0ddcd43b4a has been successfully formatted.
2019-11-14 03:47:16,488 [pool-169-thread-1] INFO  ratis.ContainerStateMachine (ContainerStateMachine.java:loadSnapshot(223)) - group-4A0DDCD43B4A: The snapshot info is null. Setting the last applied indexto:(t:0, i:~)
2019-11-14 03:47:16,488 [pool-149-thread-1] INFO  ratis.ContainerStateMachine (ContainerStateMachine.java:loadSnapshot(223)) - group-4A0DDCD43B4A: The snapshot info is null. Setting the last applied indexto:(t:0, i:~)
2019-11-14 03:47:16,488 [pool-169-thread-1] INFO  server.RaftServerConfigKeys (ConfUtils.java:logGet(43)) - raft.server.notification.no-leader.timeout = 120s (custom)
2019-11-14 03:47:16,488 [pool-159-thread-1] INFO  ratis.ContainerStateMachine (ContainerStateMachine.java:loadSnapshot(223)) - group-4A0DDCD43B4A: The snapshot info is null. Setting the last applied indexto:(t:0, i:~)
2019-11-14 03:47:16,488 [pool-169-thread-1] INFO  server.RaftServerConfigKeys (ConfUtils.java:logGet(43)) - raft.server.log.use.memory = false (default)
2019-11-14 03:47:16,488 [pool-149-thread-1] INFO  server.RaftServerConfigKeys (ConfUtils.java:logGet(43)) - raft.server.notification.no-leader.timeout = 120s (custom)
2019-11-14 03:47:16,488 [pool-169-thread-1] INFO  server.RaftServerConfigKeys (ConfUtils.java:logGet(43)) - raft.server.log.purge.gap = 1000000 (custom)
2019-11-14 03:47:16,488 [pool-159-thread-1] INFO  server.RaftServerConfigKeys (ConfUtils.java:logGet(43)) - raft.server.notification.no-leader.timeout = 120s (custom)
2019-11-14 03:47:16,488 [pool-169-thread-1] INFO  server.RaftServerConfigKeys (ConfUtils.java:logGet(43)) - raft.server.log.appender.buffer.byte-limit = 33554432 (custom)
2019-11-14 03:47:16,488 [pool-149-thread-1] INFO  server.RaftServerConfigKeys (ConfUtils.java:logGet(43)) - raft.server.log.use.memory = false (default)
2019-11-14 03:47:16,489 [pool-169-thread-1] INFO  server.RaftServerConfigKeys (ConfUtils.java:logGet(43)) - raft.server.log.segment.size.max = 1048576 (custom)
2019-11-14 03:47:16,489 [pool-159-thread-1] INFO  server.RaftServerConfigKeys (ConfUtils.java:logGet(43)) - raft.server.log.use.memory = false (default)
2019-11-14 03:47:16,489 [pool-169-thread-1] INFO  server.RaftServerConfigKeys (ConfUtils.java:logGet(43)) - raft.server.log.segment.cache.num.max = 2 (custom)
2019-11-14 03:47:16,489 [pool-149-thread-1] INFO  server.RaftServerConfigKeys (ConfUtils.java:logGet(43)) - raft.server.log.purge.gap = 1000000 (custom)
2019-11-14 03:47:16,489 [pool-169-thread-1] INFO  segmented.SegmentedRaftLogWorker (SegmentedRaftLogWorker.java:<init>(173)) - new d4b369d8-a85d-4b99-b953-37bddccdea6c@group-4A0DDCD43B4A-SegmentedRaftLogWorker for RaftStorage:Storage Directory /workdir/hadoop-ozone/integration-test/target/test-dir/MiniOzoneClusterImpl-db6fd866-6788-41aa-8e01-4626558b27a7/datanode-2/data/ratis/0c125d40-63a2-4734-b67a-4a0ddcd43b4a
2019-11-14 03:47:16,489 [pool-159-thread-1] INFO  server.RaftServerConfigKeys (ConfUtils.java:logGet(43)) - raft.server.log.purge.gap = 1000000 (custom)
2019-11-14 03:47:16,489 [pool-169-thread-1] INFO  server.RaftServerConfigKeys (ConfUtils.java:logGet(43)) - raft.server.log.queue.byte-limit = 2147483647 (custom)
2019-11-14 03:47:16,489 [pool-149-thread-1] INFO  server.RaftServerConfigKeys (ConfUtils.java:logGet(43)) - raft.server.log.appender.buffer.byte-limit = 33554432 (custom)
2019-11-14 03:47:16,489 [pool-169-thread-1] INFO  server.RaftServerConfigKeys (ConfUtils.java:logGet(43)) - raft.server.log.queue.element-limit = 1024 (custom)
2019-11-14 03:47:16,489 [pool-159-thread-1] INFO  server.RaftServerConfigKeys (ConfUtils.java:logGet(43)) - raft.server.log.appender.buffer.byte-limit = 33554432 (custom)
2019-11-14 03:47:16,490 [pool-169-thread-1] INFO  server.RaftServerConfigKeys (ConfUtils.java:logGet(43)) - raft.server.log.segment.size.max = 1048576 (custom)
2019-11-14 03:47:16,490 [pool-169-thread-1] INFO  server.RaftServerConfigKeys (ConfUtils.java:logGet(43)) - raft.server.log.preallocated.size = 16384 (custom)
2019-11-14 03:47:16,489 [pool-149-thread-1] INFO  server.RaftServerConfigKeys (ConfUtils.java:logGet(43)) - raft.server.log.segment.size.max = 1048576 (custom)
2019-11-14 03:47:16,490 [pool-169-thread-1] INFO  server.RaftServerConfigKeys (ConfUtils.java:logGet(43)) - raft.server.log.write.buffer.size = 33554432 (custom)
2019-11-14 03:47:16,490 [pool-159-thread-1] INFO  server.RaftServerConfigKeys (ConfUtils.java:logGet(43)) - raft.server.log.segment.size.max = 1048576 (custom)
2019-11-14 03:47:16,490 [pool-169-thread-1] INFO  server.RaftServerConfigKeys (ConfUtils.java:logGet(43)) - raft.server.log.force.sync.num = 128 (default)
2019-11-14 03:47:16,490 [pool-149-thread-1] INFO  server.RaftServerConfigKeys (ConfUtils.java:logGet(43)) - raft.server.log.segment.cache.num.max = 2 (custom)
2019-11-14 03:47:16,490 [pool-169-thread-1] INFO  server.RaftServerConfigKeys (ConfUtils.java:logGet(43)) - raft.server.log.statemachine.data.sync = true (default)
2019-11-14 03:47:16,490 [pool-159-thread-1] INFO  server.RaftServerConfigKeys (ConfUtils.java:logGet(43)) - raft.server.log.segment.cache.num.max = 2 (custom)
2019-11-14 03:47:16,490 [pool-169-thread-1] INFO  server.RaftServerConfigKeys (ConfUtils.java:logGet(43)) - raft.server.log.statemachine.data.sync.timeout = 10s (default)
2019-11-14 03:47:16,490 [pool-149-thread-1] INFO  segmented.SegmentedRaftLogWorker (SegmentedRaftLogWorker.java:<init>(173)) - new 6c36bdee-0f85-4acd-86c8-ce53960cf4ab@group-4A0DDCD43B4A-SegmentedRaftLogWorker for RaftStorage:Storage Directory /workdir/hadoop-ozone/integration-test/target/test-dir/MiniOzoneClusterImpl-db6fd866-6788-41aa-8e01-4626558b27a7/datanode-0/data/ratis/0c125d40-63a2-4734-b67a-4a0ddcd43b4a
2019-11-14 03:47:16,490 [pool-169-thread-1] INFO  server.RaftServerConfigKeys (ConfUtils.java:logGet(43)) - raft.server.log.statemachine.data.sync.timeout.retry = -1 (default)
2019-11-14 03:47:16,490 [pool-159-thread-1] INFO  segmented.SegmentedRaftLogWorker (SegmentedRaftLogWorker.java:<init>(173)) - new 78429c2b-19b5-43a0-84bb-c976fd750a70@group-4A0DDCD43B4A-SegmentedRaftLogWorker for RaftStorage:Storage Directory /workdir/hadoop-ozone/integration-test/target/test-dir/MiniOzoneClusterImpl-db6fd866-6788-41aa-8e01-4626558b27a7/datanode-1/data/ratis/0c125d40-63a2-4734-b67a-4a0ddcd43b4a
2019-11-14 03:47:16,491 [pool-169-thread-1] INFO  server.RaftServerConfigKeys (ConfUtils.java:logGet(43)) - raft.server.log.statemachine.data.caching.enabled = true (custom)
2019-11-14 03:47:16,491 [pool-149-thread-1] INFO  server.RaftServerConfigKeys (ConfUtils.java:logGet(43)) - raft.server.log.queue.byte-limit = 2147483647 (custom)
2019-11-14 03:47:16,491 [pool-159-thread-1] INFO  server.RaftServerConfigKeys (ConfUtils.java:logGet(43)) - raft.server.log.queue.byte-limit = 2147483647 (custom)
2019-11-14 03:47:16,491 [pool-169-thread-1] INFO  segmented.SegmentedRaftLogWorker (SegmentedRaftLogWorker.java:lambda$new$0(128)) - d4b369d8-a85d-4b99-b953-37bddccdea6c@group-4A0DDCD43B4A-SegmentedRaftLogWorker: flushIndex: setUnconditionally 0 -> -1
2019-11-14 03:47:16,491 [pool-149-thread-1] INFO  server.RaftServerConfigKeys (ConfUtils.java:logGet(43)) - raft.server.log.queue.element-limit = 1024 (custom)
2019-11-14 03:47:16,491 [pool-159-thread-1] INFO  server.RaftServerConfigKeys (ConfUtils.java:logGet(43)) - raft.server.log.queue.element-limit = 1024 (custom)
2019-11-14 03:47:16,491 [pool-149-thread-1] INFO  server.RaftServerConfigKeys (ConfUtils.java:logGet(43)) - raft.server.log.segment.size.max = 1048576 (custom)
2019-11-14 03:47:16,491 [pool-169-thread-1] INFO  server.RaftServerConfigKeys (ConfUtils.java:logGet(43)) - raft.server.snapshot.auto.trigger.enabled = true (custom)
2019-11-14 03:47:16,491 [pool-149-thread-1] INFO  server.RaftServerConfigKeys (ConfUtils.java:logGet(43)) - raft.server.log.preallocated.size = 16384 (custom)
2019-11-14 03:47:16,491 [pool-159-thread-1] INFO  server.RaftServerConfigKeys (ConfUtils.java:logGet(43)) - raft.server.log.segment.size.max = 1048576 (custom)
2019-11-14 03:47:16,492 [pool-149-thread-1] INFO  server.RaftServerConfigKeys (ConfUtils.java:logGet(43)) - raft.server.log.write.buffer.size = 33554432 (custom)
2019-11-14 03:47:16,492 [pool-169-thread-1] INFO  server.RaftServerConfigKeys (ConfUtils.java:logGet(43)) - raft.server.snapshot.auto.trigger.threshold = 10000 (custom)
2019-11-14 03:47:16,492 [pool-149-thread-1] INFO  server.RaftServerConfigKeys (ConfUtils.java:logGet(43)) - raft.server.log.force.sync.num = 128 (default)
2019-11-14 03:47:16,492 [pool-159-thread-1] INFO  server.RaftServerConfigKeys (ConfUtils.java:logGet(43)) - raft.server.log.preallocated.size = 16384 (custom)
2019-11-14 03:47:16,492 [pool-149-thread-1] INFO  server.RaftServerConfigKeys (ConfUtils.java:logGet(43)) - raft.server.log.statemachine.data.sync = true (default)
2019-11-14 03:47:16,492 [pool-169-thread-1] INFO  server.RaftServerConfigKeys (ConfUtils.java:logGet(43)) - raft.server.snapshot.retention.file.num = 5 (custom)
2019-11-14 03:47:16,492 [pool-149-thread-1] INFO  server.RaftServerConfigKeys (ConfUtils.java:logGet(43)) - raft.server.log.statemachine.data.sync.timeout = 10s (default)
2019-11-14 03:47:16,492 [pool-159-thread-1] INFO  server.RaftServerConfigKeys (ConfUtils.java:logGet(43)) - raft.server.log.write.buffer.size = 33554432 (custom)
2019-11-14 03:47:16,492 [pool-149-thread-1] INFO  server.RaftServerConfigKeys (ConfUtils.java:logGet(43)) - raft.server.log.statemachine.data.sync.timeout.retry = -1 (default)
2019-11-14 03:47:16,492 [pool-169-thread-1] INFO  server.RaftServerConfigKeys (ConfUtils.java:logGet(43)) - raft.server.retrycache.expirytime = 600000ms (custom)
2019-11-14 03:47:16,493 [pool-149-thread-1] INFO  server.RaftServerConfigKeys (ConfUtils.java:logGet(43)) - raft.server.log.statemachine.data.caching.enabled = true (custom)
2019-11-14 03:47:16,492 [pool-159-thread-1] INFO  server.RaftServerConfigKeys (ConfUtils.java:logGet(43)) - raft.server.log.force.sync.num = 128 (default)
2019-11-14 03:47:16,493 [pool-169-thread-1] WARN  impl.MetricRegistriesImpl (MetricRegistriesImpl.java:lambda$create$1(61)) - First MetricRegistry has been created without registering reporters. You may need to call MetricRegistries.global().addReportRegistration(...) before.
2019-11-14 03:47:16,493 [pool-149-thread-1] INFO  segmented.SegmentedRaftLogWorker (SegmentedRaftLogWorker.java:lambda$new$0(128)) - 6c36bdee-0f85-4acd-86c8-ce53960cf4ab@group-4A0DDCD43B4A-SegmentedRaftLogWorker: flushIndex: setUnconditionally 0 -> -1
2019-11-14 03:47:16,493 [pool-159-thread-1] INFO  server.RaftServerConfigKeys (ConfUtils.java:logGet(43)) - raft.server.log.statemachine.data.sync = true (default)
2019-11-14 03:47:16,493 [pool-169-thread-1] WARN  impl.MetricRegistriesImpl (MetricRegistriesImpl.java:lambda$create$1(61)) - First MetricRegistry has been created without registering reporters. You may need to call MetricRegistries.global().addReportRegistration(...) before.
2019-11-14 03:47:16,493 [pool-149-thread-1] INFO  server.RaftServerConfigKeys (ConfUtils.java:logGet(43)) - raft.server.snapshot.auto.trigger.enabled = true (custom)
2019-11-14 03:47:16,493 [pool-159-thread-1] INFO  server.RaftServerConfigKeys (ConfUtils.java:logGet(43)) - raft.server.log.statemachine.data.sync.timeout = 10s (default)
2019-11-14 03:47:16,493 [pool-149-thread-1] INFO  server.RaftServerConfigKeys (ConfUtils.java:logGet(43)) - raft.server.snapshot.auto.trigger.threshold = 10000 (custom)
2019-11-14 03:47:16,493 [pool-169-thread-1] INFO  impl.RaftServerImpl (RaftServerImpl.java:start(184)) - d4b369d8-a85d-4b99-b953-37bddccdea6c@group-4A0DDCD43B4A: start as a follower, conf=-1: [6c36bdee-0f85-4acd-86c8-ce53960cf4ab:192.168.157.206:40913, 78429c2b-19b5-43a0-84bb-c976fd750a70:192.168.157.206:33494, d4b369d8-a85d-4b99-b953-37bddccdea6c:192.168.157.206:40232], old=null
2019-11-14 03:47:16,493 [pool-149-thread-1] INFO  server.RaftServerConfigKeys (ConfUtils.java:logGet(43)) - raft.server.snapshot.retention.file.num = 5 (custom)
2019-11-14 03:47:16,493 [pool-159-thread-1] INFO  server.RaftServerConfigKeys (ConfUtils.java:logGet(43)) - raft.server.log.statemachine.data.sync.timeout.retry = -1 (default)
2019-11-14 03:47:16,494 [pool-149-thread-1] INFO  server.RaftServerConfigKeys (ConfUtils.java:logGet(43)) - raft.server.retrycache.expirytime = 600000ms (custom)
2019-11-14 03:47:16,494 [pool-169-thread-1] INFO  impl.RaftServerImpl (RaftServerImpl.java:setRole(173)) - d4b369d8-a85d-4b99-b953-37bddccdea6c@group-4A0DDCD43B4A: changes role from      null to FOLLOWER at term 0 for startAsFollower
2019-11-14 03:47:16,494 [pool-149-thread-1] WARN  impl.MetricRegistriesImpl (MetricRegistriesImpl.java:lambda$create$1(61)) - First MetricRegistry has been created without registering reporters. You may need to call MetricRegistries.global().addReportRegistration(...) before.
2019-11-14 03:47:16,494 [pool-159-thread-1] INFO  server.RaftServerConfigKeys (ConfUtils.java:logGet(43)) - raft.server.log.statemachine.data.caching.enabled = true (custom)
2019-11-14 03:47:16,494 [pool-149-thread-1] WARN  impl.MetricRegistriesImpl (MetricRegistriesImpl.java:lambda$create$1(61)) - First MetricRegistry has been created without registering reporters. You may need to call MetricRegistries.global().addReportRegistration(...) before.
2019-11-14 03:47:16,494 [pool-159-thread-1] INFO  segmented.SegmentedRaftLogWorker (SegmentedRaftLogWorker.java:lambda$new$0(128)) - 78429c2b-19b5-43a0-84bb-c976fd750a70@group-4A0DDCD43B4A-SegmentedRaftLogWorker: flushIndex: setUnconditionally 0 -> -1
2019-11-14 03:47:16,494 [pool-149-thread-1] INFO  impl.RaftServerImpl (RaftServerImpl.java:start(184)) - 6c36bdee-0f85-4acd-86c8-ce53960cf4ab@group-4A0DDCD43B4A: start as a follower, conf=-1: [6c36bdee-0f85-4acd-86c8-ce53960cf4ab:192.168.157.206:40913, 78429c2b-19b5-43a0-84bb-c976fd750a70:192.168.157.206:33494, d4b369d8-a85d-4b99-b953-37bddccdea6c:192.168.157.206:40232], old=null
2019-11-14 03:47:16,494 [pool-169-thread-1] INFO  impl.RoleInfo (RoleInfo.java:updateAndGet(143)) - d4b369d8-a85d-4b99-b953-37bddccdea6c: start FollowerState
2019-11-14 03:47:16,494 [pool-159-thread-1] INFO  server.RaftServerConfigKeys (ConfUtils.java:logGet(43)) - raft.server.snapshot.auto.trigger.enabled = true (custom)
2019-11-14 03:47:16,494 [pool-149-thread-1] INFO  impl.RaftServerImpl (RaftServerImpl.java:setRole(173)) - 6c36bdee-0f85-4acd-86c8-ce53960cf4ab@group-4A0DDCD43B4A: changes role from      null to FOLLOWER at term 0 for startAsFollower
2019-11-14 03:47:16,495 [pool-159-thread-1] INFO  server.RaftServerConfigKeys (ConfUtils.java:logGet(43)) - raft.server.snapshot.auto.trigger.threshold = 10000 (custom)
2019-11-14 03:47:16,495 [pool-169-thread-1] INFO  util.JmxRegister (JmxRegister.java:tryRegister(44)) - Successfully registered JMX Bean with object name Ratis:service=RaftServer,group=group-4A0DDCD43B4A,id=d4b369d8-a85d-4b99-b953-37bddccdea6c
2019-11-14 03:47:16,495 [pool-149-thread-1] INFO  impl.RoleInfo (RoleInfo.java:updateAndGet(143)) - 6c36bdee-0f85-4acd-86c8-ce53960cf4ab: start FollowerState
2019-11-14 03:47:16,495 [pool-169-thread-1] WARN  impl.MetricRegistriesImpl (MetricRegistriesImpl.java:lambda$create$1(61)) - First MetricRegistry has been created without registering reporters. You may need to call MetricRegistries.global().addReportRegistration(...) before.
2019-11-14 03:47:16,495 [pool-159-thread-1] INFO  server.RaftServerConfigKeys (ConfUtils.java:logGet(43)) - raft.server.snapshot.retention.file.num = 5 (custom)
2019-11-14 03:47:16,495 [pool-159-thread-1] INFO  server.RaftServerConfigKeys (ConfUtils.java:logGet(43)) - raft.server.retrycache.expirytime = 600000ms (custom)
2019-11-14 03:47:16,495 [pool-149-thread-1] INFO  util.JmxRegister (JmxRegister.java:tryRegister(44)) - Successfully registered JMX Bean with object name Ratis:service=RaftServer,group=group-4A0DDCD43B4A,id=6c36bdee-0f85-4acd-86c8-ce53960cf4ab
2019-11-14 03:47:16,495 [pool-159-thread-1] WARN  impl.MetricRegistriesImpl (MetricRegistriesImpl.java:lambda$create$1(61)) - First MetricRegistry has been created without registering reporters. You may need to call MetricRegistries.global().addReportRegistration(...) before.
2019-11-14 03:47:16,495 [pool-149-thread-1] WARN  impl.MetricRegistriesImpl (MetricRegistriesImpl.java:lambda$create$1(61)) - First MetricRegistry has been created without registering reporters. You may need to call MetricRegistries.global().addReportRegistration(...) before.
2019-11-14 03:47:16,496 [pool-159-thread-1] WARN  impl.MetricRegistriesImpl (MetricRegistriesImpl.java:lambda$create$1(61)) - First MetricRegistry has been created without registering reporters. You may need to call MetricRegistries.global().addReportRegistration(...) before.
2019-11-14 03:47:16,496 [pool-159-thread-1] INFO  impl.RaftServerImpl (RaftServerImpl.java:start(184)) - 78429c2b-19b5-43a0-84bb-c976fd750a70@group-4A0DDCD43B4A: start as a follower, conf=-1: [6c36bdee-0f85-4acd-86c8-ce53960cf4ab:192.168.157.206:40913, 78429c2b-19b5-43a0-84bb-c976fd750a70:192.168.157.206:33494, d4b369d8-a85d-4b99-b953-37bddccdea6c:192.168.157.206:40232], old=null
2019-11-14 03:47:16,496 [pool-159-thread-1] INFO  impl.RaftServerImpl (RaftServerImpl.java:setRole(173)) - 78429c2b-19b5-43a0-84bb-c976fd750a70@group-4A0DDCD43B4A: changes role from      null to FOLLOWER at term 0 for startAsFollower
2019-11-14 03:47:16,496 [pool-159-thread-1] INFO  impl.RoleInfo (RoleInfo.java:updateAndGet(143)) - 78429c2b-19b5-43a0-84bb-c976fd750a70: start FollowerState
2019-11-14 03:47:16,496 [pool-159-thread-1] INFO  util.JmxRegister (JmxRegister.java:tryRegister(44)) - Successfully registered JMX Bean with object name Ratis:service=RaftServer,group=group-4A0DDCD43B4A,id=78429c2b-19b5-43a0-84bb-c976fd750a70
2019-11-14 03:47:16,496 [pool-159-thread-1] WARN  impl.MetricRegistriesImpl (MetricRegistriesImpl.java:lambda$create$1(61)) - First MetricRegistry has been created without registering reporters. You may need to call MetricRegistries.global().addReportRegistration(...) before.
2019-11-14 03:47:16,498 [RatisPipelineUtilsThread] INFO  pipeline.PipelineStateManager (PipelineStateManager.java:addPipeline(55)) - Created pipeline Pipeline[ Id: 0c125d40-63a2-4734-b67a-4a0ddcd43b4a, Nodes: d4b369d8-a85d-4b99-b953-37bddccdea6c{ip: 192.168.157.206, host: trunk-nightly-20191114-k5n9k-339518648, networkLocation: /rack1, certSerialId: null}78429c2b-19b5-43a0-84bb-c976fd750a70{ip: 192.168.157.206, host: trunk-nightly-20191114-k5n9k-339518648, networkLocation: /rack1, certSerialId: null}6c36bdee-0f85-4acd-86c8-ce53960cf4ab{ip: 192.168.157.206, host: trunk-nightly-20191114-k5n9k-339518648, networkLocation: /rack1, certSerialId: null}, Type:RATIS, Factor:THREE, State:ALLOCATED]
2019-11-14 03:47:16,499 [Thread-1413] INFO  pipeline.PipelineStateManager (PipelineStateManager.java:finalizePipeline(121)) - Pipeline Pipeline[ Id: 14668c44-d940-40ee-9f5d-021146b31509, Nodes: 7901d021-b70d-41b4-a3ee-3511e4cb511a{ip: 192.168.157.206, host: trunk-nightly-20191114-k5n9k-339518648, networkLocation: /rack1, certSerialId: null}, Type:RATIS, Factor:ONE, State:CLOSED] moved to CLOSED state
2019-11-14 03:47:16,502 [grpc-default-executor-6] INFO  impl.RaftServerProxy (RaftServerProxy.java:remove(95)) - 7901d021-b70d-41b4-a3ee-3511e4cb511a: remove    LEADER 7901d021-b70d-41b4-a3ee-3511e4cb511a@group-021146B31509:t1, leader=7901d021-b70d-41b4-a3ee-3511e4cb511a, voted=7901d021-b70d-41b4-a3ee-3511e4cb511a, raftlog=7901d021-b70d-41b4-a3ee-3511e4cb511a@group-021146B31509-SegmentedRaftLog:OPENED:c0,f0,i0, conf=0: [7901d021-b70d-41b4-a3ee-3511e4cb511a:192.168.157.206:32814], old=null RUNNING
2019-11-14 03:47:16,502 [grpc-default-executor-6] INFO  impl.RaftServerImpl (RaftServerImpl.java:lambda$shutdown$3(250)) - 7901d021-b70d-41b4-a3ee-3511e4cb511a@group-021146B31509: shutdown
2019-11-14 03:47:16,502 [grpc-default-executor-6] INFO  util.JmxRegister (JmxRegister.java:unregister(73)) - Successfully un-registered JMX Bean with object name Ratis:service=RaftServer,group=group-021146B31509,id=7901d021-b70d-41b4-a3ee-3511e4cb511a
2019-11-14 03:47:16,502 [grpc-default-executor-6] INFO  impl.RoleInfo (RoleInfo.java:shutdownLeaderState(104)) - 7901d021-b70d-41b4-a3ee-3511e4cb511a: shutdown LeaderState
2019-11-14 03:47:16,502 [grpc-default-executor-6] INFO  impl.PendingRequests (PendingRequests.java:sendNotLeaderResponses(206)) - 7901d021-b70d-41b4-a3ee-3511e4cb511a@group-021146B31509-PendingRequests: sendNotLeaderResponses
2019-11-14 03:47:16,502 [grpc-default-executor-6] INFO  impl.StateMachineUpdater (StateMachineUpdater.java:stopAndJoin(136)) - 7901d021-b70d-41b4-a3ee-3511e4cb511a@group-021146B31509-StateMachineUpdater: set stopIndex = 0
2019-11-14 03:47:16,503 [grpc-default-executor-6] INFO  impl.RaftServerImpl (ServerState.java:close(387)) - 7901d021-b70d-41b4-a3ee-3511e4cb511a@group-021146B31509: closes. applyIndex: 0
2019-11-14 03:47:16,503 [7901d021-b70d-41b4-a3ee-3511e4cb511a@group-021146B31509-SegmentedRaftLogWorker] INFO  segmented.SegmentedRaftLogWorker (SegmentedRaftLogWorker.java:run(316)) - 7901d021-b70d-41b4-a3ee-3511e4cb511a@group-021146B31509-SegmentedRaftLogWorker was interrupted, exiting. There are 0 tasks remaining in the queue.
2019-11-14 03:47:16,503 [grpc-default-executor-6] INFO  segmented.SegmentedRaftLogWorker (SegmentedRaftLogWorker.java:close(224)) - 7901d021-b70d-41b4-a3ee-3511e4cb511a@group-021146B31509-SegmentedRaftLogWorker close()
2019-11-14 03:47:16,506 [Thread-1413] INFO  pipeline.PipelineStateManager (PipelineStateManager.java:removePipeline(106)) - Pipeline Pipeline[ Id: 14668c44-d940-40ee-9f5d-021146b31509, Nodes: 7901d021-b70d-41b4-a3ee-3511e4cb511a{ip: 192.168.157.206, host: trunk-nightly-20191114-k5n9k-339518648, networkLocation: /rack1, certSerialId: null}, Type:RATIS, Factor:ONE, State:CLOSED] removed from db
2019-11-14 03:47:16,509 [grpc-default-executor-6] INFO  impl.RaftServerProxy (RaftServerProxy.java:addNew(89)) - 7901d021-b70d-41b4-a3ee-3511e4cb511a: addNew group-BE0E3AC06B50:[7901d021-b70d-41b4-a3ee-3511e4cb511a:192.168.157.206:32814] returns group-BE0E3AC06B50:java.util.concurrent.CompletableFuture@15fb5fde[Not completed]
2019-11-14 03:47:16,511 [pool-239-thread-1] INFO  impl.RaftServerImpl (RaftServerImpl.java:<init>(98)) - 7901d021-b70d-41b4-a3ee-3511e4cb511a: new RaftServerImpl for group-BE0E3AC06B50:[7901d021-b70d-41b4-a3ee-3511e4cb511a:192.168.157.206:32814] with ContainerStateMachine:uninitialized
2019-11-14 03:47:16,511 [pool-239-thread-1] INFO  server.RaftServerConfigKeys (ConfUtils.java:logGet(43)) - raft.server.rpc.timeout.min = 1s (custom)
2019-11-14 03:47:16,511 [pool-239-thread-1] INFO  server.RaftServerConfigKeys (ConfUtils.java:logGet(43)) - raft.server.rpc.timeout.max = 1200ms (custom)
2019-11-14 03:47:16,511 [pool-239-thread-1] INFO  server.RaftServerConfigKeys (ConfUtils.java:logGet(43)) - raft.server.rpcslowness.timeout = 120s (custom)
2019-11-14 03:47:16,511 [pool-239-thread-1] INFO  server.RaftServerConfigKeys (ConfUtils.java:logGet(43)) - raft.server.sleep.deviation.threshold = 300 (default)
2019-11-14 03:47:16,511 [pool-239-thread-1] INFO  server.RaftServerConfigKeys (ConfUtils.java:logGet(43)) - raft.server.log.appender.install.snapshot.enabled = false (custom)
2019-11-14 03:47:16,512 [pool-239-thread-1] INFO  impl.RaftServerImpl (ServerState.java:<init>(103)) - 7901d021-b70d-41b4-a3ee-3511e4cb511a@group-BE0E3AC06B50: ConfigurationManager, init=-1: [7901d021-b70d-41b4-a3ee-3511e4cb511a:192.168.157.206:32814], old=null, confs=<EMPTY_MAP>
2019-11-14 03:47:16,512 [pool-239-thread-1] INFO  server.RaftServerConfigKeys (ConfUtils.java:logGet(43)) - raft.server.storage.dir = [/workdir/hadoop-ozone/integration-test/target/test-dir/MiniOzoneClusterImpl-db6fd866-6788-41aa-8e01-4626558b27a7/datanode-9/data/ratis] (custom)
2019-11-14 03:47:16,512 [pool-239-thread-1] INFO  server.RaftServerConfigKeys (ConfUtils.java:logGet(43)) - raft.server.log.corruption.policy = EXCEPTION (default)
2019-11-14 03:47:16,512 [pool-239-thread-1] INFO  storage.RaftStorageDirectory (RaftStorageDirectory.java:analyzeStorage(246)) - The storage directory /workdir/hadoop-ozone/integration-test/target/test-dir/MiniOzoneClusterImpl-db6fd866-6788-41aa-8e01-4626558b27a7/datanode-9/data/ratis/e48132fd-2252-47e7-89eb-be0e3ac06b50 does not exist. Creating ...
2019-11-14 03:47:16,536 [pool-239-thread-1] INFO  storage.RaftStorageDirectory (RaftStorageDirectory.java:tryLock(328)) - Lock on /workdir/hadoop-ozone/integration-test/target/test-dir/MiniOzoneClusterImpl-db6fd866-6788-41aa-8e01-4626558b27a7/datanode-9/data/ratis/e48132fd-2252-47e7-89eb-be0e3ac06b50/in_use.lock acquired by nodename 10001@trunk-nightly-20191114-k5n9k-339518648
2019-11-14 03:47:16,554 [pool-239-thread-1] INFO  storage.RaftStorage (RaftStorage.java:format(84)) - Storage directory /workdir/hadoop-ozone/integration-test/target/test-dir/MiniOzoneClusterImpl-db6fd866-6788-41aa-8e01-4626558b27a7/datanode-9/data/ratis/e48132fd-2252-47e7-89eb-be0e3ac06b50 has been successfully formatted.
2019-11-14 03:47:16,554 [pool-239-thread-1] INFO  ratis.ContainerStateMachine (ContainerStateMachine.java:loadSnapshot(223)) - group-BE0E3AC06B50: The snapshot info is null. Setting the last applied indexto:(t:0, i:~)
2019-11-14 03:47:16,554 [pool-239-thread-1] INFO  server.RaftServerConfigKeys (ConfUtils.java:logGet(43)) - raft.server.notification.no-leader.timeout = 120s (custom)
2019-11-14 03:47:16,555 [pool-239-thread-1] INFO  server.RaftServerConfigKeys (ConfUtils.java:logGet(43)) - raft.server.log.use.memory = false (default)
2019-11-14 03:47:16,555 [pool-239-thread-1] INFO  server.RaftServerConfigKeys (ConfUtils.java:logGet(43)) - raft.server.log.purge.gap = 1000000 (custom)
2019-11-14 03:47:16,555 [pool-239-thread-1] INFO  server.RaftServerConfigKeys (ConfUtils.java:logGet(43)) - raft.server.log.appender.buffer.byte-limit = 33554432 (custom)
2019-11-14 03:47:16,555 [pool-239-thread-1] INFO  server.RaftServerConfigKeys (ConfUtils.java:logGet(43)) - raft.server.log.segment.size.max = 1048576 (custom)
2019-11-14 03:47:16,555 [pool-239-thread-1] INFO  server.RaftServerConfigKeys (ConfUtils.java:logGet(43)) - raft.server.log.segment.cache.num.max = 2 (custom)
2019-11-14 03:47:16,555 [pool-239-thread-1] INFO  segmented.SegmentedRaftLogWorker (SegmentedRaftLogWorker.java:<init>(173)) - new 7901d021-b70d-41b4-a3ee-3511e4cb511a@group-BE0E3AC06B50-SegmentedRaftLogWorker for RaftStorage:Storage Directory /workdir/hadoop-ozone/integration-test/target/test-dir/MiniOzoneClusterImpl-db6fd866-6788-41aa-8e01-4626558b27a7/datanode-9/data/ratis/e48132fd-2252-47e7-89eb-be0e3ac06b50
2019-11-14 03:47:16,555 [pool-239-thread-1] INFO  server.RaftServerConfigKeys (ConfUtils.java:logGet(43)) - raft.server.log.queue.byte-limit = 2147483647 (custom)
2019-11-14 03:47:16,556 [pool-239-thread-1] INFO  server.RaftServerConfigKeys (ConfUtils.java:logGet(43)) - raft.server.log.queue.element-limit = 1024 (custom)
2019-11-14 03:47:16,556 [pool-239-thread-1] INFO  server.RaftServerConfigKeys (ConfUtils.java:logGet(43)) - raft.server.log.segment.size.max = 1048576 (custom)
2019-11-14 03:47:16,556 [pool-239-thread-1] INFO  server.RaftServerConfigKeys (ConfUtils.java:logGet(43)) - raft.server.log.preallocated.size = 16384 (custom)
2019-11-14 03:47:16,556 [pool-239-thread-1] INFO  server.RaftServerConfigKeys (ConfUtils.java:logGet(43)) - raft.server.log.write.buffer.size = 33554432 (custom)
2019-11-14 03:47:16,556 [pool-239-thread-1] INFO  server.RaftServerConfigKeys (ConfUtils.java:logGet(43)) - raft.server.log.force.sync.num = 128 (default)
2019-11-14 03:47:16,556 [pool-239-thread-1] INFO  server.RaftServerConfigKeys (ConfUtils.java:logGet(43)) - raft.server.log.statemachine.data.sync = true (default)
2019-11-14 03:47:16,556 [pool-239-thread-1] INFO  server.RaftServerConfigKeys (ConfUtils.java:logGet(43)) - raft.server.log.statemachine.data.sync.timeout = 10s (default)
2019-11-14 03:47:16,556 [pool-239-thread-1] INFO  server.RaftServerConfigKeys (ConfUtils.java:logGet(43)) - raft.server.log.statemachine.data.sync.timeout.retry = -1 (default)
2019-11-14 03:47:16,557 [pool-239-thread-1] INFO  server.RaftServerConfigKeys (ConfUtils.java:logGet(43)) - raft.server.log.statemachine.data.caching.enabled = true (custom)
2019-11-14 03:47:16,557 [pool-239-thread-1] INFO  segmented.SegmentedRaftLogWorker (SegmentedRaftLogWorker.java:lambda$new$0(128)) - 7901d021-b70d-41b4-a3ee-3511e4cb511a@group-BE0E3AC06B50-SegmentedRaftLogWorker: flushIndex: setUnconditionally 0 -> -1
2019-11-14 03:47:16,557 [pool-239-thread-1] INFO  server.RaftServerConfigKeys (ConfUtils.java:logGet(43)) - raft.server.snapshot.auto.trigger.enabled = true (custom)
2019-11-14 03:47:16,557 [pool-239-thread-1] INFO  server.RaftServerConfigKeys (ConfUtils.java:logGet(43)) - raft.server.snapshot.auto.trigger.threshold = 10000 (custom)
2019-11-14 03:47:16,557 [pool-239-thread-1] INFO  server.RaftServerConfigKeys (ConfUtils.java:logGet(43)) - raft.server.snapshot.retention.file.num = 5 (custom)
2019-11-14 03:47:16,558 [pool-239-thread-1] INFO  server.RaftServerConfigKeys (ConfUtils.java:logGet(43)) - raft.server.retrycache.expirytime = 600000ms (custom)
2019-11-14 03:47:16,558 [pool-239-thread-1] WARN  impl.MetricRegistriesImpl (MetricRegistriesImpl.java:lambda$create$1(61)) - First MetricRegistry has been created without registering reporters. You may need to call MetricRegistries.global().addReportRegistration(...) before.
2019-11-14 03:47:16,558 [pool-239-thread-1] WARN  impl.MetricRegistriesImpl (MetricRegistriesImpl.java:lambda$create$1(61)) - First MetricRegistry has been created without registering reporters. You may need to call MetricRegistries.global().addReportRegistration(...) before.
2019-11-14 03:47:16,558 [pool-239-thread-1] INFO  impl.RaftServerImpl (RaftServerImpl.java:start(184)) - 7901d021-b70d-41b4-a3ee-3511e4cb511a@group-BE0E3AC06B50: start as a follower, conf=-1: [7901d021-b70d-41b4-a3ee-3511e4cb511a:192.168.157.206:32814], old=null
2019-11-14 03:47:16,558 [pool-239-thread-1] INFO  impl.RaftServerImpl (RaftServerImpl.java:setRole(173)) - 7901d021-b70d-41b4-a3ee-3511e4cb511a@group-BE0E3AC06B50: changes role from      null to FOLLOWER at term 0 for startAsFollower
2019-11-14 03:47:16,558 [pool-239-thread-1] INFO  impl.RoleInfo (RoleInfo.java:updateAndGet(143)) - 7901d021-b70d-41b4-a3ee-3511e4cb511a: start FollowerState
2019-11-14 03:47:16,559 [pool-239-thread-1] INFO  util.JmxRegister (JmxRegister.java:tryRegister(44)) - Successfully registered JMX Bean with object name Ratis:service=RaftServer,group=group-BE0E3AC06B50,id=7901d021-b70d-41b4-a3ee-3511e4cb511a
2019-11-14 03:47:16,559 [pool-239-thread-1] WARN  impl.MetricRegistriesImpl (MetricRegistriesImpl.java:lambda$create$1(61)) - First MetricRegistry has been created without registering reporters. You may need to call MetricRegistries.global().addReportRegistration(...) before.
2019-11-14 03:47:16,561 [RatisPipelineUtilsThread] INFO  pipeline.PipelineStateManager (PipelineStateManager.java:addPipeline(55)) - Created pipeline Pipeline[ Id: e48132fd-2252-47e7-89eb-be0e3ac06b50, Nodes: 7901d021-b70d-41b4-a3ee-3511e4cb511a{ip: 192.168.157.206, host: trunk-nightly-20191114-k5n9k-339518648, networkLocation: /rack1, certSerialId: null}, Type:RATIS, Factor:ONE, State:ALLOCATED]
2019-11-14 03:47:16,610 [Thread-1566] INFO  impl.FollowerState (FollowerState.java:run(111)) - d8a9c999-7748-4aa6-a9a9-ef73d9884e3c@group-68A97D155F0F-FollowerState: change to CANDIDATE, lastRpcTime:1025ms, electionTimeout:1025ms
2019-11-14 03:47:16,610 [Thread-1566] INFO  impl.RoleInfo (RoleInfo.java:shutdownFollowerState(121)) - d8a9c999-7748-4aa6-a9a9-ef73d9884e3c: shutdown FollowerState
2019-11-14 03:47:16,610 [Thread-1566] INFO  impl.RaftServerImpl (RaftServerImpl.java:setRole(173)) - d8a9c999-7748-4aa6-a9a9-ef73d9884e3c@group-68A97D155F0F: changes role from  FOLLOWER to CANDIDATE at term 0 for changeToCandidate
2019-11-14 03:47:16,610 [Thread-1566] INFO  impl.RoleInfo (RoleInfo.java:updateAndGet(143)) - d8a9c999-7748-4aa6-a9a9-ef73d9884e3c: start LeaderElection
2019-11-14 03:47:16,644 [Thread-1552] INFO  impl.FollowerState (FollowerState.java:run(111)) - 78429c2b-19b5-43a0-84bb-c976fd750a70@group-B387C3F5DF5F-FollowerState: change to CANDIDATE, lastRpcTime:1164ms, electionTimeout:1164ms
2019-11-14 03:47:16,644 [Thread-1552] INFO  impl.RoleInfo (RoleInfo.java:shutdownFollowerState(121)) - 78429c2b-19b5-43a0-84bb-c976fd750a70: shutdown FollowerState
2019-11-14 03:47:16,644 [Thread-1552] INFO  impl.RaftServerImpl (RaftServerImpl.java:setRole(173)) - 78429c2b-19b5-43a0-84bb-c976fd750a70@group-B387C3F5DF5F: changes role from  FOLLOWER to CANDIDATE at term 0 for changeToCandidate
2019-11-14 03:47:16,644 [Thread-1552] INFO  impl.RoleInfo (RoleInfo.java:updateAndGet(143)) - 78429c2b-19b5-43a0-84bb-c976fd750a70: start LeaderElection
2019-11-14 03:47:16,646 [d8a9c999-7748-4aa6-a9a9-ef73d9884e3c@group-68A97D155F0F-LeaderElection63] INFO  impl.LeaderElection (LeaderElection.java:askForVotes(178)) - d8a9c999-7748-4aa6-a9a9-ef73d9884e3c@group-68A97D155F0F-LeaderElection63: begin an election at term 1 for -1: [d8a9c999-7748-4aa6-a9a9-ef73d9884e3c:192.168.157.206:34054], old=null
2019-11-14 03:47:16,646 [d8a9c999-7748-4aa6-a9a9-ef73d9884e3c@group-68A97D155F0F-LeaderElection63] INFO  impl.RoleInfo (RoleInfo.java:shutdownLeaderElection(134)) - d8a9c999-7748-4aa6-a9a9-ef73d9884e3c: shutdown LeaderElection
2019-11-14 03:47:16,647 [d8a9c999-7748-4aa6-a9a9-ef73d9884e3c@group-68A97D155F0F-LeaderElection63] INFO  impl.RaftServerImpl (RaftServerImpl.java:setRole(173)) - d8a9c999-7748-4aa6-a9a9-ef73d9884e3c@group-68A97D155F0F: changes role from CANDIDATE to LEADER at term 1 for changeToLeader
2019-11-14 03:47:16,647 [d8a9c999-7748-4aa6-a9a9-ef73d9884e3c@group-68A97D155F0F-LeaderElection63] INFO  ratis.XceiverServerRatis (XceiverServerRatis.java:handleLeaderChangedNotification(697)) - Leader change notification received for group: group-68A97D155F0F with new leaderId: d8a9c999-7748-4aa6-a9a9-ef73d9884e3c
2019-11-14 03:47:16,647 [d8a9c999-7748-4aa6-a9a9-ef73d9884e3c@group-68A97D155F0F-LeaderElection63] INFO  impl.RaftServerImpl (ServerState.java:setLeader(255)) - d8a9c999-7748-4aa6-a9a9-ef73d9884e3c@group-68A97D155F0F: change Leader from null to d8a9c999-7748-4aa6-a9a9-ef73d9884e3c at term 1 for becomeLeader, leader elected after 1068ms
2019-11-14 03:47:16,647 [d8a9c999-7748-4aa6-a9a9-ef73d9884e3c@group-68A97D155F0F-LeaderElection63] INFO  server.RaftServerConfigKeys (ConfUtils.java:logGet(43)) - raft.server.staging.catchup.gap = 1000 (default)
2019-11-14 03:47:16,647 [d8a9c999-7748-4aa6-a9a9-ef73d9884e3c@group-68A97D155F0F-LeaderElection63] INFO  server.RaftServerConfigKeys (ConfUtils.java:logGet(43)) - raft.server.rpc.sleep.time = 25ms (default)
2019-11-14 03:47:16,648 [d8a9c999-7748-4aa6-a9a9-ef73d9884e3c@group-68A97D155F0F-LeaderElection63] INFO  server.RaftServerConfigKeys (ConfUtils.java:logGet(43)) - raft.server.write.element-limit = 4096 (default)
2019-11-14 03:47:16,648 [d8a9c999-7748-4aa6-a9a9-ef73d9884e3c@group-68A97D155F0F-LeaderElection63] INFO  server.RaftServerConfigKeys (ConfUtils.java:logGet(43)) - raft.server.watch.timeout = 10s (default)
2019-11-14 03:47:16,648 [d8a9c999-7748-4aa6-a9a9-ef73d9884e3c@group-68A97D155F0F-LeaderElection63] INFO  server.RaftServerConfigKeys (ConfUtils.java:logGet(43)) - raft.server.watch.timeout.denomination = 1s (default)
2019-11-14 03:47:16,648 [d8a9c999-7748-4aa6-a9a9-ef73d9884e3c@group-68A97D155F0F-LeaderElection63] INFO  server.RaftServerConfigKeys (ConfUtils.java:logGet(43)) - raft.server.watch.element-limit = 65536 (default)
2019-11-14 03:47:16,648 [EventQueue-PipelineReportForPipelineReportHandler] INFO  pipeline.PipelineStateManager (PipelineStateManager.java:openPipeline(134)) - Pipeline Pipeline[ Id: 69362214-eb07-4c01-b6e1-68a97d155f0f, Nodes: d8a9c999-7748-4aa6-a9a9-ef73d9884e3c{ip: 192.168.157.206, host: trunk-nightly-20191114-k5n9k-339518648, networkLocation: /rack1, certSerialId: null}, Type:RATIS, Factor:ONE, State:OPEN] moved to OPEN state
2019-11-14 03:47:16,649 [d8a9c999-7748-4aa6-a9a9-ef73d9884e3c@group-68A97D155F0F-LeaderElection63] INFO  impl.RoleInfo (RoleInfo.java:updateAndGet(143)) - d8a9c999-7748-4aa6-a9a9-ef73d9884e3c: start LeaderState
2019-11-14 03:47:16,649 [d8a9c999-7748-4aa6-a9a9-ef73d9884e3c@group-68A97D155F0F-LeaderElection63] INFO  segmented.SegmentedRaftLogWorker (SegmentedRaftLogWorker.java:startLogSegment(385)) - d8a9c999-7748-4aa6-a9a9-ef73d9884e3c@group-68A97D155F0F-SegmentedRaftLogWorker: Starting segment from index:0
2019-11-14 03:47:16,649 [d8a9c999-7748-4aa6-a9a9-ef73d9884e3c@group-68A97D155F0F-LeaderElection63] INFO  impl.RaftServerImpl (ServerState.java:setRaftConf(356)) - d8a9c999-7748-4aa6-a9a9-ef73d9884e3c@group-68A97D155F0F: set configuration 0: [d8a9c999-7748-4aa6-a9a9-ef73d9884e3c:192.168.157.206:34054], old=null at 0
2019-11-14 03:47:16,686 [78429c2b-19b5-43a0-84bb-c976fd750a70@group-B387C3F5DF5F-LeaderElection64] INFO  impl.LeaderElection (LeaderElection.java:askForVotes(178)) - 78429c2b-19b5-43a0-84bb-c976fd750a70@group-B387C3F5DF5F-LeaderElection64: begin an election at term 1 for -1: [78429c2b-19b5-43a0-84bb-c976fd750a70:192.168.157.206:33494], old=null
2019-11-14 03:47:16,686 [78429c2b-19b5-43a0-84bb-c976fd750a70@group-B387C3F5DF5F-LeaderElection64] INFO  impl.RoleInfo (RoleInfo.java:shutdownLeaderElection(134)) - 78429c2b-19b5-43a0-84bb-c976fd750a70: shutdown LeaderElection
2019-11-14 03:47:16,686 [78429c2b-19b5-43a0-84bb-c976fd750a70@group-B387C3F5DF5F-LeaderElection64] INFO  impl.RaftServerImpl (RaftServerImpl.java:setRole(173)) - 78429c2b-19b5-43a0-84bb-c976fd750a70@group-B387C3F5DF5F: changes role from CANDIDATE to LEADER at term 1 for changeToLeader
2019-11-14 03:47:16,686 [78429c2b-19b5-43a0-84bb-c976fd750a70@group-B387C3F5DF5F-LeaderElection64] INFO  ratis.XceiverServerRatis (XceiverServerRatis.java:handleLeaderChangedNotification(697)) - Leader change notification received for group: group-B387C3F5DF5F with new leaderId: 78429c2b-19b5-43a0-84bb-c976fd750a70
2019-11-14 03:47:16,687 [78429c2b-19b5-43a0-84bb-c976fd750a70@group-B387C3F5DF5F-LeaderElection64] INFO  impl.RaftServerImpl (ServerState.java:setLeader(255)) - 78429c2b-19b5-43a0-84bb-c976fd750a70@group-B387C3F5DF5F: change Leader from null to 78429c2b-19b5-43a0-84bb-c976fd750a70 at term 1 for becomeLeader, leader elected after 1222ms
2019-11-14 03:47:16,687 [78429c2b-19b5-43a0-84bb-c976fd750a70@group-B387C3F5DF5F-LeaderElection64] INFO  server.RaftServerConfigKeys (ConfUtils.java:logGet(43)) - raft.server.staging.catchup.gap = 1000 (default)
2019-11-14 03:47:16,687 [78429c2b-19b5-43a0-84bb-c976fd750a70@group-B387C3F5DF5F-LeaderElection64] INFO  server.RaftServerConfigKeys (ConfUtils.java:logGet(43)) - raft.server.rpc.sleep.time = 25ms (default)
2019-11-14 03:47:16,691 [78429c2b-19b5-43a0-84bb-c976fd750a70@group-B387C3F5DF5F-LeaderElection64] INFO  server.RaftServerConfigKeys (ConfUtils.java:logGet(43)) - raft.server.write.element-limit = 4096 (default)
2019-11-14 03:47:16,692 [78429c2b-19b5-43a0-84bb-c976fd750a70@group-B387C3F5DF5F-LeaderElection64] INFO  server.RaftServerConfigKeys (ConfUtils.java:logGet(43)) - raft.server.watch.timeout = 10s (default)
2019-11-14 03:47:16,692 [EventQueue-PipelineReportForPipelineReportHandler] INFO  pipeline.PipelineStateManager (PipelineStateManager.java:openPipeline(134)) - Pipeline Pipeline[ Id: 0b35a6db-8e2d-4064-a1dd-b387c3f5df5f, Nodes: 78429c2b-19b5-43a0-84bb-c976fd750a70{ip: 192.168.157.206, host: trunk-nightly-20191114-k5n9k-339518648, networkLocation: /rack1, certSerialId: null}, Type:RATIS, Factor:ONE, State:OPEN] moved to OPEN state
2019-11-14 03:47:16,692 [78429c2b-19b5-43a0-84bb-c976fd750a70@group-B387C3F5DF5F-LeaderElection64] INFO  server.RaftServerConfigKeys (ConfUtils.java:logGet(43)) - raft.server.watch.timeout.denomination = 1s (default)
2019-11-14 03:47:16,692 [78429c2b-19b5-43a0-84bb-c976fd750a70@group-B387C3F5DF5F-LeaderElection64] INFO  server.RaftServerConfigKeys (ConfUtils.java:logGet(43)) - raft.server.watch.element-limit = 65536 (default)
2019-11-14 03:47:16,692 [78429c2b-19b5-43a0-84bb-c976fd750a70@group-B387C3F5DF5F-LeaderElection64] INFO  impl.RoleInfo (RoleInfo.java:updateAndGet(143)) - 78429c2b-19b5-43a0-84bb-c976fd750a70: start LeaderState
2019-11-14 03:47:16,692 [78429c2b-19b5-43a0-84bb-c976fd750a70@group-B387C3F5DF5F-LeaderElection64] INFO  segmented.SegmentedRaftLogWorker (SegmentedRaftLogWorker.java:startLogSegment(385)) - 78429c2b-19b5-43a0-84bb-c976fd750a70@group-B387C3F5DF5F-SegmentedRaftLogWorker: Starting segment from index:0
2019-11-14 03:47:16,693 [78429c2b-19b5-43a0-84bb-c976fd750a70@group-B387C3F5DF5F-LeaderElection64] INFO  impl.RaftServerImpl (ServerState.java:setRaftConf(356)) - 78429c2b-19b5-43a0-84bb-c976fd750a70@group-B387C3F5DF5F: set configuration 0: [78429c2b-19b5-43a0-84bb-c976fd750a70:192.168.157.206:33494], old=null at 0
2019-11-14 03:47:16,725 [Thread-1572] INFO  impl.FollowerState (FollowerState.java:run(111)) - 3a789c1e-652a-4343-9c47-49015e6a7e8b@group-6C5DE6042548-FollowerState: change to CANDIDATE, lastRpcTime:1045ms, electionTimeout:1038ms
2019-11-14 03:47:16,726 [d8a9c999-7748-4aa6-a9a9-ef73d9884e3c@group-68A97D155F0F-SegmentedRaftLogWorker] INFO  segmented.SegmentedRaftLogWorker (SegmentedRaftLogWorker.java:execute(576)) - d8a9c999-7748-4aa6-a9a9-ef73d9884e3c@group-68A97D155F0F-SegmentedRaftLogWorker: created new log segment /workdir/hadoop-ozone/integration-test/target/test-dir/MiniOzoneClusterImpl-db6fd866-6788-41aa-8e01-4626558b27a7/datanode-3/data/ratis/69362214-eb07-4c01-b6e1-68a97d155f0f/current/log_inprogress_0
2019-11-14 03:47:16,726 [Thread-1572] INFO  impl.RoleInfo (RoleInfo.java:shutdownFollowerState(121)) - 3a789c1e-652a-4343-9c47-49015e6a7e8b: shutdown FollowerState
2019-11-14 03:47:16,729 [Thread-1572] INFO  impl.RaftServerImpl (RaftServerImpl.java:setRole(173)) - 3a789c1e-652a-4343-9c47-49015e6a7e8b@group-6C5DE6042548: changes role from  FOLLOWER to CANDIDATE at term 0 for changeToCandidate
2019-11-14 03:47:16,729 [Thread-1572] INFO  impl.RoleInfo (RoleInfo.java:updateAndGet(143)) - 3a789c1e-652a-4343-9c47-49015e6a7e8b: start LeaderElection
2019-11-14 03:47:16,752 [78429c2b-19b5-43a0-84bb-c976fd750a70@group-B387C3F5DF5F-SegmentedRaftLogWorker] INFO  segmented.SegmentedRaftLogWorker (SegmentedRaftLogWorker.java:execute(576)) - 78429c2b-19b5-43a0-84bb-c976fd750a70@group-B387C3F5DF5F-SegmentedRaftLogWorker: created new log segment /workdir/hadoop-ozone/integration-test/target/test-dir/MiniOzoneClusterImpl-db6fd866-6788-41aa-8e01-4626558b27a7/datanode-1/data/ratis/0b35a6db-8e2d-4064-a1dd-b387c3f5df5f/current/log_inprogress_0
2019-11-14 03:47:16,753 [3a789c1e-652a-4343-9c47-49015e6a7e8b@group-6C5DE6042548-LeaderElection65] INFO  impl.LeaderElection (LeaderElection.java:askForVotes(178)) - 3a789c1e-652a-4343-9c47-49015e6a7e8b@group-6C5DE6042548-LeaderElection65: begin an election at term 1 for -1: [3a789c1e-652a-4343-9c47-49015e6a7e8b:192.168.157.206:36955], old=null
2019-11-14 03:47:16,753 [3a789c1e-652a-4343-9c47-49015e6a7e8b@group-6C5DE6042548-LeaderElection65] INFO  impl.RoleInfo (RoleInfo.java:shutdownLeaderElection(134)) - 3a789c1e-652a-4343-9c47-49015e6a7e8b: shutdown LeaderElection
2019-11-14 03:47:16,753 [3a789c1e-652a-4343-9c47-49015e6a7e8b@group-6C5DE6042548-LeaderElection65] INFO  impl.RaftServerImpl (RaftServerImpl.java:setRole(173)) - 3a789c1e-652a-4343-9c47-49015e6a7e8b@group-6C5DE6042548: changes role from CANDIDATE to LEADER at term 1 for changeToLeader
2019-11-14 03:47:16,753 [3a789c1e-652a-4343-9c47-49015e6a7e8b@group-6C5DE6042548-LeaderElection65] INFO  ratis.XceiverServerRatis (XceiverServerRatis.java:handleLeaderChangedNotification(697)) - Leader change notification received for group: group-6C5DE6042548 with new leaderId: 3a789c1e-652a-4343-9c47-49015e6a7e8b
2019-11-14 03:47:16,753 [3a789c1e-652a-4343-9c47-49015e6a7e8b@group-6C5DE6042548-LeaderElection65] INFO  impl.RaftServerImpl (ServerState.java:setLeader(255)) - 3a789c1e-652a-4343-9c47-49015e6a7e8b@group-6C5DE6042548: change Leader from null to 3a789c1e-652a-4343-9c47-49015e6a7e8b at term 1 for becomeLeader, leader elected after 1077ms
2019-11-14 03:47:16,753 [3a789c1e-652a-4343-9c47-49015e6a7e8b@group-6C5DE6042548-LeaderElection65] INFO  server.RaftServerConfigKeys (ConfUtils.java:logGet(43)) - raft.server.staging.catchup.gap = 1000 (default)
2019-11-14 03:47:16,754 [3a789c1e-652a-4343-9c47-49015e6a7e8b@group-6C5DE6042548-LeaderElection65] INFO  server.RaftServerConfigKeys (ConfUtils.java:logGet(43)) - raft.server.rpc.sleep.time = 25ms (default)
2019-11-14 03:47:16,754 [3a789c1e-652a-4343-9c47-49015e6a7e8b@group-6C5DE6042548-LeaderElection65] INFO  server.RaftServerConfigKeys (ConfUtils.java:logGet(43)) - raft.server.write.element-limit = 4096 (default)
2019-11-14 03:47:16,754 [3a789c1e-652a-4343-9c47-49015e6a7e8b@group-6C5DE6042548-LeaderElection65] INFO  server.RaftServerConfigKeys (ConfUtils.java:logGet(43)) - raft.server.watch.timeout = 10s (default)
2019-11-14 03:47:16,754 [3a789c1e-652a-4343-9c47-49015e6a7e8b@group-6C5DE6042548-LeaderElection65] INFO  server.RaftServerConfigKeys (ConfUtils.java:logGet(43)) - raft.server.watch.timeout.denomination = 1s (default)
2019-11-14 03:47:16,754 [3a789c1e-652a-4343-9c47-49015e6a7e8b@group-6C5DE6042548-LeaderElection65] INFO  server.RaftServerConfigKeys (ConfUtils.java:logGet(43)) - raft.server.watch.element-limit = 65536 (default)
2019-11-14 03:47:16,754 [EventQueue-PipelineReportForPipelineReportHandler] INFO  pipeline.PipelineStateManager (PipelineStateManager.java:openPipeline(134)) - Pipeline Pipeline[ Id: 321c97e5-f18d-4c95-9e9b-6c5de6042548, Nodes: 3a789c1e-652a-4343-9c47-49015e6a7e8b{ip: 192.168.157.206, host: trunk-nightly-20191114-k5n9k-339518648, networkLocation: /rack1, certSerialId: null}, Type:RATIS, Factor:ONE, State:OPEN] moved to OPEN state
2019-11-14 03:47:16,754 [3a789c1e-652a-4343-9c47-49015e6a7e8b@group-6C5DE6042548-LeaderElection65] INFO  impl.RoleInfo (RoleInfo.java:updateAndGet(143)) - 3a789c1e-652a-4343-9c47-49015e6a7e8b: start LeaderState
2019-11-14 03:47:16,755 [3a789c1e-652a-4343-9c47-49015e6a7e8b@group-6C5DE6042548-LeaderElection65] INFO  segmented.SegmentedRaftLogWorker (SegmentedRaftLogWorker.java:startLogSegment(385)) - 3a789c1e-652a-4343-9c47-49015e6a7e8b@group-6C5DE6042548-SegmentedRaftLogWorker: Starting segment from index:0
2019-11-14 03:47:16,755 [3a789c1e-652a-4343-9c47-49015e6a7e8b@group-6C5DE6042548-LeaderElection65] INFO  impl.RaftServerImpl (ServerState.java:setRaftConf(356)) - 3a789c1e-652a-4343-9c47-49015e6a7e8b@group-6C5DE6042548: set configuration 0: [3a789c1e-652a-4343-9c47-49015e6a7e8b:192.168.157.206:36955], old=null at 0
2019-11-14 03:47:16,786 [Thread-1576] INFO  impl.FollowerState (FollowerState.java:run(111)) - ad307801-f957-4403-adfc-9cdab46587c3@group-1A5EFD3365E0-FollowerState: change to CANDIDATE, lastRpcTime:1055ms, electionTimeout:1052ms
2019-11-14 03:47:16,786 [Thread-1576] INFO  impl.RoleInfo (RoleInfo.java:shutdownFollowerState(121)) - ad307801-f957-4403-adfc-9cdab46587c3: shutdown FollowerState
2019-11-14 03:47:16,786 [Thread-1576] INFO  impl.RaftServerImpl (RaftServerImpl.java:setRole(173)) - ad307801-f957-4403-adfc-9cdab46587c3@group-1A5EFD3365E0: changes role from  FOLLOWER to CANDIDATE at term 0 for changeToCandidate
2019-11-14 03:47:16,786 [Thread-1576] INFO  impl.RoleInfo (RoleInfo.java:updateAndGet(143)) - ad307801-f957-4403-adfc-9cdab46587c3: start LeaderElection
2019-11-14 03:47:16,820 [3a789c1e-652a-4343-9c47-49015e6a7e8b@group-6C5DE6042548-SegmentedRaftLogWorker] INFO  segmented.SegmentedRaftLogWorker (SegmentedRaftLogWorker.java:execute(576)) - 3a789c1e-652a-4343-9c47-49015e6a7e8b@group-6C5DE6042548-SegmentedRaftLogWorker: created new log segment /workdir/hadoop-ozone/integration-test/target/test-dir/MiniOzoneClusterImpl-db6fd866-6788-41aa-8e01-4626558b27a7/datanode-5/data/ratis/321c97e5-f18d-4c95-9e9b-6c5de6042548/current/log_inprogress_0
2019-11-14 03:47:16,820 [ad307801-f957-4403-adfc-9cdab46587c3@group-1A5EFD3365E0-LeaderElection66] INFO  impl.LeaderElection (LeaderElection.java:askForVotes(178)) - ad307801-f957-4403-adfc-9cdab46587c3@group-1A5EFD3365E0-LeaderElection66: begin an election at term 1 for -1: [ad307801-f957-4403-adfc-9cdab46587c3:192.168.157.206:36473], old=null
2019-11-14 03:47:16,820 [ad307801-f957-4403-adfc-9cdab46587c3@group-1A5EFD3365E0-LeaderElection66] INFO  impl.RoleInfo (RoleInfo.java:shutdownLeaderElection(134)) - ad307801-f957-4403-adfc-9cdab46587c3: shutdown LeaderElection
2019-11-14 03:47:16,820 [ad307801-f957-4403-adfc-9cdab46587c3@group-1A5EFD3365E0-LeaderElection66] INFO  impl.RaftServerImpl (RaftServerImpl.java:setRole(173)) - ad307801-f957-4403-adfc-9cdab46587c3@group-1A5EFD3365E0: changes role from CANDIDATE to LEADER at term 1 for changeToLeader
2019-11-14 03:47:16,820 [ad307801-f957-4403-adfc-9cdab46587c3@group-1A5EFD3365E0-LeaderElection66] INFO  ratis.XceiverServerRatis (XceiverServerRatis.java:handleLeaderChangedNotification(697)) - Leader change notification received for group: group-1A5EFD3365E0 with new leaderId: ad307801-f957-4403-adfc-9cdab46587c3
2019-11-14 03:47:16,821 [ad307801-f957-4403-adfc-9cdab46587c3@group-1A5EFD3365E0-LeaderElection66] INFO  impl.RaftServerImpl (ServerState.java:setLeader(255)) - ad307801-f957-4403-adfc-9cdab46587c3@group-1A5EFD3365E0: change Leader from null to ad307801-f957-4403-adfc-9cdab46587c3 at term 1 for becomeLeader, leader elected after 1094ms
2019-11-14 03:47:16,821 [ad307801-f957-4403-adfc-9cdab46587c3@group-1A5EFD3365E0-LeaderElection66] INFO  server.RaftServerConfigKeys (ConfUtils.java:logGet(43)) - raft.server.staging.catchup.gap = 1000 (default)
2019-11-14 03:47:16,821 [ad307801-f957-4403-adfc-9cdab46587c3@group-1A5EFD3365E0-LeaderElection66] INFO  server.RaftServerConfigKeys (ConfUtils.java:logGet(43)) - raft.server.rpc.sleep.time = 25ms (default)
2019-11-14 03:47:16,821 [ad307801-f957-4403-adfc-9cdab46587c3@group-1A5EFD3365E0-LeaderElection66] INFO  server.RaftServerConfigKeys (ConfUtils.java:logGet(43)) - raft.server.write.element-limit = 4096 (default)
2019-11-14 03:47:16,822 [ad307801-f957-4403-adfc-9cdab46587c3@group-1A5EFD3365E0-LeaderElection66] INFO  server.RaftServerConfigKeys (ConfUtils.java:logGet(43)) - raft.server.watch.timeout = 10s (default)
2019-11-14 03:47:16,822 [ad307801-f957-4403-adfc-9cdab46587c3@group-1A5EFD3365E0-LeaderElection66] INFO  server.RaftServerConfigKeys (ConfUtils.java:logGet(43)) - raft.server.watch.timeout.denomination = 1s (default)
2019-11-14 03:47:16,822 [ad307801-f957-4403-adfc-9cdab46587c3@group-1A5EFD3365E0-LeaderElection66] INFO  server.RaftServerConfigKeys (ConfUtils.java:logGet(43)) - raft.server.watch.element-limit = 65536 (default)
2019-11-14 03:47:16,822 [EventQueue-PipelineReportForPipelineReportHandler] INFO  pipeline.PipelineStateManager (PipelineStateManager.java:openPipeline(134)) - Pipeline Pipeline[ Id: f343cd30-2adc-46d8-a317-1a5efd3365e0, Nodes: ad307801-f957-4403-adfc-9cdab46587c3{ip: 192.168.157.206, host: trunk-nightly-20191114-k5n9k-339518648, networkLocation: /rack1, certSerialId: null}, Type:RATIS, Factor:ONE, State:OPEN] moved to OPEN state
2019-11-14 03:47:16,822 [ad307801-f957-4403-adfc-9cdab46587c3@group-1A5EFD3365E0-LeaderElection66] INFO  impl.RoleInfo (RoleInfo.java:updateAndGet(143)) - ad307801-f957-4403-adfc-9cdab46587c3: start LeaderState
2019-11-14 03:47:16,822 [ad307801-f957-4403-adfc-9cdab46587c3@group-1A5EFD3365E0-LeaderElection66] INFO  segmented.SegmentedRaftLogWorker (SegmentedRaftLogWorker.java:startLogSegment(385)) - ad307801-f957-4403-adfc-9cdab46587c3@group-1A5EFD3365E0-SegmentedRaftLogWorker: Starting segment from index:0
2019-11-14 03:47:16,823 [ad307801-f957-4403-adfc-9cdab46587c3@group-1A5EFD3365E0-LeaderElection66] INFO  impl.RaftServerImpl (ServerState.java:setRaftConf(356)) - ad307801-f957-4403-adfc-9cdab46587c3@group-1A5EFD3365E0: set configuration 0: [ad307801-f957-4403-adfc-9cdab46587c3:192.168.157.206:36473], old=null at 0
2019-11-14 03:47:16,887 [ad307801-f957-4403-adfc-9cdab46587c3@group-1A5EFD3365E0-SegmentedRaftLogWorker] INFO  segmented.SegmentedRaftLogWorker (SegmentedRaftLogWorker.java:execute(576)) - ad307801-f957-4403-adfc-9cdab46587c3@group-1A5EFD3365E0-SegmentedRaftLogWorker: created new log segment /workdir/hadoop-ozone/integration-test/target/test-dir/MiniOzoneClusterImpl-db6fd866-6788-41aa-8e01-4626558b27a7/datanode-8/data/ratis/f343cd30-2adc-46d8-a317-1a5efd3365e0/current/log_inprogress_0
2019-11-14 03:47:17,247 [Thread-1600] INFO  impl.FollowerState (FollowerState.java:run(111)) - 7901d021-b70d-41b4-a3ee-3511e4cb511a@group-8B77DDD58102-FollowerState: change to CANDIDATE, lastRpcTime:1035ms, electionTimeout:1023ms
2019-11-14 03:47:17,264 [main] WARN  io.KeyOutputStream (KeyOutputStream.java:handleException(274)) - Encountered exception java.io.IOException: Unexpected Storage Container Exception: java.util.concurrent.CompletionException: java.util.concurrent.CompletionException: org.apache.ratis.protocol.GroupMismatchException: 7901d021-b70d-41b4-a3ee-3511e4cb511a: group-2199817F3911 not found. on the pipeline Pipeline[ Id: b0e2046f-fc18-42a3-a893-2199817f3911, Nodes: 7901d021-b70d-41b4-a3ee-3511e4cb511a{ip: 192.168.157.206, host: trunk-nightly-20191114-k5n9k-339518648, networkLocation: /rack1, certSerialId: null}3a789c1e-652a-4343-9c47-49015e6a7e8b{ip: 192.168.157.206, host: trunk-nightly-20191114-k5n9k-339518648, networkLocation: /rack1, certSerialId: null}6159a4a7-02ae-4457-ad8e-d99f5584798f{ip: 192.168.157.206, host: trunk-nightly-20191114-k5n9k-339518648, networkLocation: /rack1, certSerialId: null}, Type:RATIS, Factor:THREE, State:OPEN]. The last committed block length is 0, uncommitted data length is 1048576 retry count 0
2019-11-14 03:47:17,265 [Thread-1600] INFO  impl.RoleInfo (RoleInfo.java:shutdownFollowerState(121)) - 7901d021-b70d-41b4-a3ee-3511e4cb511a: shutdown FollowerState
2019-11-14 03:47:17,271 [main] INFO  io.BlockOutputStreamEntryPool (BlockOutputStreamEntryPool.java:allocateNewBlock(257)) - Allocating block with ExcludeList {datanodes = [], containerIds = [], pipelineIds = [PipelineID=b0e2046f-fc18-42a3-a893-2199817f3911]}
2019-11-14 03:47:17,271 [Thread-1600] INFO  impl.RaftServerImpl (RaftServerImpl.java:setRole(173)) - 7901d021-b70d-41b4-a3ee-3511e4cb511a@group-8B77DDD58102: changes role from  FOLLOWER to CANDIDATE at term 0 for changeToCandidate
2019-11-14 03:47:17,273 [Thread-1600] INFO  impl.RoleInfo (RoleInfo.java:updateAndGet(143)) - 7901d021-b70d-41b4-a3ee-3511e4cb511a: start LeaderElection
2019-11-14 03:47:17,327 [Thread-1596] INFO  impl.FollowerState (FollowerState.java:run(111)) - 534c162a-7c0e-49a3-b520-b6800e29086d@group-8AE01AFEDB02-FollowerState: change to CANDIDATE, lastRpcTime:1167ms, electionTimeout:1157ms
2019-11-14 03:47:17,328 [Thread-1596] INFO  impl.RoleInfo (RoleInfo.java:shutdownFollowerState(121)) - 534c162a-7c0e-49a3-b520-b6800e29086d: shutdown FollowerState
2019-11-14 03:47:17,328 [Thread-1596] INFO  impl.RaftServerImpl (RaftServerImpl.java:setRole(173)) - 534c162a-7c0e-49a3-b520-b6800e29086d@group-8AE01AFEDB02: changes role from  FOLLOWER to CANDIDATE at term 0 for changeToCandidate
2019-11-14 03:47:17,330 [Thread-1605] INFO  impl.FollowerState (FollowerState.java:run(111)) - 6159a4a7-02ae-4457-ad8e-d99f5584798f@group-8B77DDD58102-FollowerState: change to CANDIDATE, lastRpcTime:1116ms, electionTimeout:1088ms
2019-11-14 03:47:17,330 [Thread-1605] INFO  impl.RoleInfo (RoleInfo.java:shutdownFollowerState(121)) - 6159a4a7-02ae-4457-ad8e-d99f5584798f: shutdown FollowerState
2019-11-14 03:47:17,330 [Thread-1605] INFO  impl.RaftServerImpl (RaftServerImpl.java:setRole(173)) - 6159a4a7-02ae-4457-ad8e-d99f5584798f@group-8B77DDD58102: changes role from  FOLLOWER to CANDIDATE at term 0 for changeToCandidate
2019-11-14 03:47:17,330 [Thread-1596] INFO  impl.RoleInfo (RoleInfo.java:updateAndGet(143)) - 534c162a-7c0e-49a3-b520-b6800e29086d: start LeaderElection
2019-11-14 03:47:17,331 [Thread-1605] INFO  impl.RoleInfo (RoleInfo.java:updateAndGet(143)) - 6159a4a7-02ae-4457-ad8e-d99f5584798f: start LeaderElection
2019-11-14 03:47:17,349 [IPC Server handler 0 on 43287] WARN  block.BlockManagerImpl (BlockManagerImpl.java:allocateBlock(200)) - Pipeline creation failed for type:RATIS factor:THREE. Retrying get pipelines call once.
org.apache.hadoop.hdds.scm.pipeline.InsufficientDatanodesException: Cannot create pipeline of factor 3 using 1 nodes.
	at org.apache.hadoop.hdds.scm.pipeline.RatisPipelineProvider.create(RatisPipelineProvider.java:153)
	at org.apache.hadoop.hdds.scm.pipeline.PipelineFactory.create(PipelineFactory.java:58)
	at org.apache.hadoop.hdds.scm.pipeline.SCMPipelineManager.createPipeline(SCMPipelineManager.java:155)
	at org.apache.hadoop.hdds.scm.block.BlockManagerImpl.allocateBlock(BlockManagerImpl.java:198)
	at org.apache.hadoop.hdds.scm.server.SCMBlockProtocolServer.allocateBlock(SCMBlockProtocolServer.java:187)
	at org.apache.hadoop.hdds.scm.protocol.ScmBlockLocationProtocolServerSideTranslatorPB.allocateScmBlock(ScmBlockLocationProtocolServerSideTranslatorPB.java:159)
	at org.apache.hadoop.hdds.scm.protocol.ScmBlockLocationProtocolServerSideTranslatorPB.processMessage(ScmBlockLocationProtocolServerSideTranslatorPB.java:117)
	at org.apache.hadoop.hdds.server.OzoneProtocolMessageDispatcher.processRequest(OzoneProtocolMessageDispatcher.java:72)
	at org.apache.hadoop.hdds.scm.protocol.ScmBlockLocationProtocolServerSideTranslatorPB.send(ScmBlockLocationProtocolServerSideTranslatorPB.java:98)
	at org.apache.hadoop.hdds.protocol.proto.ScmBlockLocationProtocolProtos$ScmBlockLocationProtocolService$2.callBlockingMethod(ScmBlockLocationProtocolProtos.java:13157)
	at org.apache.hadoop.ipc.ProtobufRpcEngine$Server$ProtoBufRpcInvoker.call(ProtobufRpcEngine.java:524)
	at org.apache.hadoop.ipc.RPC$Server.call(RPC.java:1025)
	at org.apache.hadoop.ipc.Server$RpcCall.run(Server.java:876)
	at org.apache.hadoop.ipc.Server$RpcCall.run(Server.java:822)
	at java.security.AccessController.doPrivileged(Native Method)
	at javax.security.auth.Subject.doAs(Subject.java:422)
	at org.apache.hadoop.security.UserGroupInformation.doAs(UserGroupInformation.java:1730)
	at org.apache.hadoop.ipc.Server$Handler.run(Server.java:2682)
2019-11-14 03:47:17,350 [IPC Server handler 0 on 43287] INFO  block.BlockManagerImpl (BlockManagerImpl.java:allocateBlock(212)) - Could not find available pipeline of type:RATIS and factor:THREE even after retrying
2019-11-14 03:47:17,350 [IPC Server handler 0 on 43287] ERROR block.BlockManagerImpl (BlockManagerImpl.java:allocateBlock(236)) - Unable to allocate a block for the size: 4194304, type: RATIS, factor: THREE
2019-11-14 03:47:17,355 [7901d021-b70d-41b4-a3ee-3511e4cb511a@group-8B77DDD58102-LeaderElection67] INFO  impl.LeaderElection (LeaderElection.java:askForVotes(178)) - 7901d021-b70d-41b4-a3ee-3511e4cb511a@group-8B77DDD58102-LeaderElection67: begin an election at term 1 for -1: [7901d021-b70d-41b4-a3ee-3511e4cb511a:192.168.157.206:32814, 6159a4a7-02ae-4457-ad8e-d99f5584798f:192.168.157.206:36722, 3a789c1e-652a-4343-9c47-49015e6a7e8b:192.168.157.206:36955], old=null
2019-11-14 03:47:17,355 [6159a4a7-02ae-4457-ad8e-d99f5584798f@group-8B77DDD58102-LeaderElection69] INFO  impl.LeaderElection (LeaderElection.java:askForVotes(178)) - 6159a4a7-02ae-4457-ad8e-d99f5584798f@group-8B77DDD58102-LeaderElection69: begin an election at term 1 for -1: [7901d021-b70d-41b4-a3ee-3511e4cb511a:192.168.157.206:32814, 6159a4a7-02ae-4457-ad8e-d99f5584798f:192.168.157.206:36722, 3a789c1e-652a-4343-9c47-49015e6a7e8b:192.168.157.206:36955], old=null
2019-11-14 03:47:17,358 [main] ERROR io.BlockOutputStreamEntryPool (BlockOutputStreamEntryPool.java:allocateBlockIfNeeded(310)) - Try to allocate more blocks for write failed, already allocated 0 blocks for this write.
INTERNAL_ERROR org.apache.hadoop.ozone.om.exceptions.OMException: Allocated 0 blocks. Requested 1 blocks
	at org.apache.hadoop.ozone.om.protocolPB.OzoneManagerProtocolClientSideTranslatorPB.handleError(OzoneManagerProtocolClientSideTranslatorPB.java:761)
	at org.apache.hadoop.ozone.om.protocolPB.OzoneManagerProtocolClientSideTranslatorPB.allocateBlock(OzoneManagerProtocolClientSideTranslatorPB.java:793)
	at sun.reflect.NativeMethodAccessorImpl.invoke0(Native Method)
	at sun.reflect.NativeMethodAccessorImpl.invoke(NativeMethodAccessorImpl.java:62)
	at sun.reflect.DelegatingMethodAccessorImpl.invoke(DelegatingMethodAccessorImpl.java:43)
	at java.lang.reflect.Method.invoke(Method.java:498)
	at org.apache.hadoop.hdds.tracing.TraceAllMethod.invoke(TraceAllMethod.java:66)
	at com.sun.proxy.$Proxy36.allocateBlock(Unknown Source)
	at org.apache.hadoop.ozone.client.io.BlockOutputStreamEntryPool.allocateNewBlock(BlockOutputStreamEntryPool.java:259)
	at org.apache.hadoop.ozone.client.io.BlockOutputStreamEntryPool.allocateBlockIfNeeded(BlockOutputStreamEntryPool.java:307)
	at org.apache.hadoop.ozone.client.io.KeyOutputStream.handleWrite(KeyOutputStream.java:198)
	at org.apache.hadoop.ozone.client.io.KeyOutputStream.handleRetry(KeyOutputStream.java:375)
	at org.apache.hadoop.ozone.client.io.KeyOutputStream.handleException(KeyOutputStream.java:324)
	at org.apache.hadoop.ozone.client.io.KeyOutputStream.handleFlushOrClose(KeyOutputStream.java:449)
	at org.apache.hadoop.ozone.client.io.KeyOutputStream.flush(KeyOutputStream.java:397)
	at org.apache.hadoop.ozone.client.io.OzoneOutputStream.flush(OzoneOutputStream.java:54)
	at org.apache.hadoop.ozone.client.rpc.TestFailureHandlingByClient.testContainerExclusionWithClosedContainerException(TestFailureHandlingByClient.java:241)
	at sun.reflect.NativeMethodAccessorImpl.invoke0(Native Method)
	at sun.reflect.NativeMethodAccessorImpl.invoke(NativeMethodAccessorImpl.java:62)
	at sun.reflect.DelegatingMethodAccessorImpl.invoke(DelegatingMethodAccessorImpl.java:43)
	at java.lang.reflect.Method.invoke(Method.java:498)
	at org.junit.runners.model.FrameworkMethod$1.runReflectiveCall(FrameworkMethod.java:47)
	at org.junit.internal.runners.model.ReflectiveCallable.run(ReflectiveCallable.java:12)
	at org.junit.runners.model.FrameworkMethod.invokeExplosively(FrameworkMethod.java:44)
	at org.junit.internal.runners.statements.InvokeMethod.evaluate(InvokeMethod.java:17)
	at org.junit.internal.runners.statements.RunAfters.evaluate(RunAfters.java:27)
	at org.junit.runners.ParentRunner.runLeaf(ParentRunner.java:271)
	at org.junit.runners.BlockJUnit4ClassRunner.runChild(BlockJUnit4ClassRunner.java:70)
	at org.junit.runners.BlockJUnit4ClassRunner.runChild(BlockJUnit4ClassRunner.java:50)
	at org.junit.runners.ParentRunner$3.run(ParentRunner.java:238)
	at org.junit.runners.ParentRunner$1.schedule(ParentRunner.java:63)
	at org.junit.runners.ParentRunner.runChildren(ParentRunner.java:236)
	at org.junit.runners.ParentRunner.access$000(ParentRunner.java:53)
	at org.junit.runners.ParentRunner$2.evaluate(ParentRunner.java:229)
	at org.junit.runners.ParentRunner.run(ParentRunner.java:309)
	at org.apache.maven.surefire.junit4.JUnit4Provider.execute(JUnit4Provider.java:365)
	at org.apache.maven.surefire.junit4.JUnit4Provider.executeWithRerun(JUnit4Provider.java:273)
	at org.apache.maven.surefire.junit4.JUnit4Provider.executeTestSet(JUnit4Provider.java:238)
	at org.apache.maven.surefire.junit4.JUnit4Provider.invoke(JUnit4Provider.java:159)
	at org.apache.maven.surefire.booter.ForkedBooter.invokeProviderInSameClassLoader(ForkedBooter.java:384)
	at org.apache.maven.surefire.booter.ForkedBooter.runSuitesInProcess(ForkedBooter.java:345)
	at org.apache.maven.surefire.booter.ForkedBooter.execute(ForkedBooter.java:126)
	at org.apache.maven.surefire.booter.ForkedBooter.main(ForkedBooter.java:418)
2019-11-14 03:47:17,359 [main] INFO  ozone.MiniOzoneClusterImpl (MiniOzoneClusterImpl.java:shutdown(352)) - Shutting down the Mini Ozone Cluster
2019-11-14 03:47:17,359 [main] INFO  ozone.MiniOzoneClusterImpl (MiniOzoneClusterImpl.java:stop(368)) - Stopping the Mini Ozone Cluster
2019-11-14 03:47:17,359 [main] INFO  ozone.MiniOzoneClusterImpl (MiniOzoneClusterImpl.java:stopOM(438)) - Stopping the OzoneManager
2019-11-14 03:47:17,360 [main] INFO  ipc.Server (Server.java:stop(3082)) - Stopping server on 40883
2019-11-14 03:47:17,380 [534c162a-7c0e-49a3-b520-b6800e29086d@group-8AE01AFEDB02-LeaderElection68] INFO  impl.LeaderElection (LeaderElection.java:askForVotes(178)) - 534c162a-7c0e-49a3-b520-b6800e29086d@group-8AE01AFEDB02-LeaderElection68: begin an election at term 1 for -1: [534c162a-7c0e-49a3-b520-b6800e29086d:192.168.157.206:46363], old=null
2019-11-14 03:47:17,381 [534c162a-7c0e-49a3-b520-b6800e29086d@group-8AE01AFEDB02-LeaderElection68] INFO  impl.RoleInfo (RoleInfo.java:shutdownLeaderElection(134)) - 534c162a-7c0e-49a3-b520-b6800e29086d: shutdown LeaderElection
2019-11-14 03:47:17,381 [grpc-default-executor-2] INFO  impl.RaftServerImpl (RaftServerImpl.java:setRole(173)) - 3a789c1e-652a-4343-9c47-49015e6a7e8b@group-8B77DDD58102: changes role from  FOLLOWER to FOLLOWER at term 1 for recognizeCandidate:6159a4a7-02ae-4457-ad8e-d99f5584798f
2019-11-14 03:47:17,383 [534c162a-7c0e-49a3-b520-b6800e29086d@group-8AE01AFEDB02-LeaderElection68] INFO  impl.RaftServerImpl (RaftServerImpl.java:setRole(173)) - 534c162a-7c0e-49a3-b520-b6800e29086d@group-8AE01AFEDB02: changes role from CANDIDATE to LEADER at term 1 for changeToLeader
2019-11-14 03:47:17,384 [main] INFO  ratis.OzoneManagerDoubleBuffer (OzoneManagerDoubleBuffer.java:stop(261)) - Stopping OMDoubleBuffer flush thread
2019-11-14 03:47:17,384 [IPC Server listener on 40883] INFO  ipc.Server (Server.java:run(1185)) - Stopping IPC Server listener on 40883
2019-11-14 03:47:17,384 [grpc-default-executor-2] INFO  impl.RoleInfo (RoleInfo.java:shutdownFollowerState(121)) - 3a789c1e-652a-4343-9c47-49015e6a7e8b: shutdown FollowerState
2019-11-14 03:47:17,384 [OMDoubleBufferFlushThread] INFO  ratis.OzoneManagerDoubleBuffer (OzoneManagerDoubleBuffer.java:flushTransactions(199)) - OMDoubleBuffer flush thread OMDoubleBufferFlushThread is interrupted and will exit. OMDoubleBufferFlushThread
2019-11-14 03:47:17,384 [IPC Server Responder] INFO  ipc.Server (Server.java:run(1319)) - Stopping IPC Server Responder
2019-11-14 03:47:17,387 [main] INFO  utils.BackgroundService (BackgroundService.java:shutdown(151)) - Shutting down service KeyDeletingService
2019-11-14 03:47:17,384 [534c162a-7c0e-49a3-b520-b6800e29086d@group-8AE01AFEDB02-LeaderElection68] INFO  ratis.XceiverServerRatis (XceiverServerRatis.java:handleLeaderChangedNotification(697)) - Leader change notification received for group: group-8AE01AFEDB02 with new leaderId: 534c162a-7c0e-49a3-b520-b6800e29086d
2019-11-14 03:47:17,387 [grpc-default-executor-2] INFO  impl.RoleInfo (RoleInfo.java:updateAndGet(143)) - 3a789c1e-652a-4343-9c47-49015e6a7e8b: start FollowerState
2019-11-14 03:47:17,387 [Thread-1601] INFO  impl.FollowerState (FollowerState.java:run(120)) - 3a789c1e-652a-4343-9c47-49015e6a7e8b@group-8B77DDD58102-FollowerState was interrupted: java.lang.InterruptedException: sleep interrupted
2019-11-14 03:47:17,389 [534c162a-7c0e-49a3-b520-b6800e29086d@group-8AE01AFEDB02-LeaderElection68] INFO  impl.RaftServerImpl (ServerState.java:setLeader(255)) - 534c162a-7c0e-49a3-b520-b6800e29086d@group-8AE01AFEDB02: change Leader from null to 534c162a-7c0e-49a3-b520-b6800e29086d at term 1 for becomeLeader, leader elected after 1228ms
2019-11-14 03:47:17,391 [534c162a-7c0e-49a3-b520-b6800e29086d@group-8AE01AFEDB02-LeaderElection68] INFO  server.RaftServerConfigKeys (ConfUtils.java:logGet(43)) - raft.server.staging.catchup.gap = 1000 (default)
2019-11-14 03:47:17,392 [534c162a-7c0e-49a3-b520-b6800e29086d@group-8AE01AFEDB02-LeaderElection68] INFO  server.RaftServerConfigKeys (ConfUtils.java:logGet(43)) - raft.server.rpc.sleep.time = 25ms (default)
2019-11-14 03:47:17,392 [534c162a-7c0e-49a3-b520-b6800e29086d@group-8AE01AFEDB02-LeaderElection68] INFO  server.RaftServerConfigKeys (ConfUtils.java:logGet(43)) - raft.server.write.element-limit = 4096 (default)
2019-11-14 03:47:17,392 [534c162a-7c0e-49a3-b520-b6800e29086d@group-8AE01AFEDB02-LeaderElection68] INFO  server.RaftServerConfigKeys (ConfUtils.java:logGet(43)) - raft.server.watch.timeout = 10s (default)
2019-11-14 03:47:17,392 [534c162a-7c0e-49a3-b520-b6800e29086d@group-8AE01AFEDB02-LeaderElection68] INFO  server.RaftServerConfigKeys (ConfUtils.java:logGet(43)) - raft.server.watch.timeout.denomination = 1s (default)
2019-11-14 03:47:17,392 [main] INFO  handler.ContextHandler (ContextHandler.java:doStop(910)) - Stopped o.e.j.w.WebAppContext@fb49fdf{/,null,UNAVAILABLE}{/ozoneManager}
2019-11-14 03:47:17,393 [EventQueue-PipelineReportForPipelineReportHandler] INFO  pipeline.PipelineStateManager (PipelineStateManager.java:openPipeline(134)) - Pipeline Pipeline[ Id: 3a1b61a5-c629-4cfa-86ac-8ae01afedb02, Nodes: 534c162a-7c0e-49a3-b520-b6800e29086d{ip: 192.168.157.206, host: trunk-nightly-20191114-k5n9k-339518648, networkLocation: /rack1, certSerialId: null}, Type:RATIS, Factor:ONE, State:OPEN] moved to OPEN state
2019-11-14 03:47:17,392 [534c162a-7c0e-49a3-b520-b6800e29086d@group-8AE01AFEDB02-LeaderElection68] INFO  server.RaftServerConfigKeys (ConfUtils.java:logGet(43)) - raft.server.watch.element-limit = 65536 (default)
2019-11-14 03:47:17,393 [main] INFO  server.AbstractConnector (AbstractConnector.java:doStop(318)) - Stopped ServerConnector@3a2e9f5b{HTTP/1.1,[http/1.1]}{0.0.0.0:0}
2019-11-14 03:47:17,393 [534c162a-7c0e-49a3-b520-b6800e29086d@group-8AE01AFEDB02-LeaderElection68] INFO  impl.RoleInfo (RoleInfo.java:updateAndGet(143)) - 534c162a-7c0e-49a3-b520-b6800e29086d: start LeaderState
2019-11-14 03:47:17,393 [main] INFO  handler.ContextHandler (ContextHandler.java:doStop(910)) - Stopped o.e.j.s.ServletContextHandler@5b20706{/static,file:///workdir/hadoop-ozone/integration-test/target/test-classes/webapps/static,UNAVAILABLE}
2019-11-14 03:47:17,393 [534c162a-7c0e-49a3-b520-b6800e29086d@group-8AE01AFEDB02-LeaderElection68] INFO  segmented.SegmentedRaftLogWorker (SegmentedRaftLogWorker.java:startLogSegment(385)) - 534c162a-7c0e-49a3-b520-b6800e29086d@group-8AE01AFEDB02-SegmentedRaftLogWorker: Starting segment from index:0
2019-11-14 03:47:17,394 [main] INFO  handler.ContextHandler (ContextHandler.java:doStop(910)) - Stopped o.e.j.s.ServletContextHandler@6d33a66e{/logs,file:///workdir/hadoop-ozone/integration-test/target/log,UNAVAILABLE}
2019-11-14 03:47:17,394 [534c162a-7c0e-49a3-b520-b6800e29086d@group-8AE01AFEDB02-LeaderElection68] INFO  impl.RaftServerImpl (ServerState.java:setRaftConf(356)) - 534c162a-7c0e-49a3-b520-b6800e29086d@group-8AE01AFEDB02: set configuration 0: [534c162a-7c0e-49a3-b520-b6800e29086d:192.168.157.206:46363], old=null at 0
2019-11-14 03:47:17,430 [7901d021-b70d-41b4-a3ee-3511e4cb511a@group-8B77DDD58102-LeaderElection67] INFO  impl.LeaderElection (LeaderElection.java:logAndReturn(56)) - 7901d021-b70d-41b4-a3ee-3511e4cb511a@group-8B77DDD58102-LeaderElection67: Election REJECTED; received 2 response(s) [7901d021-b70d-41b4-a3ee-3511e4cb511a<-6159a4a7-02ae-4457-ad8e-d99f5584798f#0:FAIL-t1, 7901d021-b70d-41b4-a3ee-3511e4cb511a<-3a789c1e-652a-4343-9c47-49015e6a7e8b#0:FAIL-t1] and 0 exception(s); 7901d021-b70d-41b4-a3ee-3511e4cb511a@group-8B77DDD58102:t1, leader=null, voted=7901d021-b70d-41b4-a3ee-3511e4cb511a, raftlog=7901d021-b70d-41b4-a3ee-3511e4cb511a@group-8B77DDD58102-SegmentedRaftLog:OPENED:c-1,f-1,i0, conf=-1: [7901d021-b70d-41b4-a3ee-3511e4cb511a:192.168.157.206:32814, 6159a4a7-02ae-4457-ad8e-d99f5584798f:192.168.157.206:36722, 3a789c1e-652a-4343-9c47-49015e6a7e8b:192.168.157.206:36955], old=null
2019-11-14 03:47:17,430 [6159a4a7-02ae-4457-ad8e-d99f5584798f@group-8B77DDD58102-LeaderElection69] INFO  impl.LeaderElection (LeaderElection.java:logAndReturn(56)) - 6159a4a7-02ae-4457-ad8e-d99f5584798f@group-8B77DDD58102-LeaderElection69: Election PASSED; received 2 response(s) [6159a4a7-02ae-4457-ad8e-d99f5584798f<-7901d021-b70d-41b4-a3ee-3511e4cb511a#0:FAIL-t1, 6159a4a7-02ae-4457-ad8e-d99f5584798f<-3a789c1e-652a-4343-9c47-49015e6a7e8b#0:OK-t1] and 0 exception(s); 6159a4a7-02ae-4457-ad8e-d99f5584798f@group-8B77DDD58102:t1, leader=null, voted=6159a4a7-02ae-4457-ad8e-d99f5584798f, raftlog=6159a4a7-02ae-4457-ad8e-d99f5584798f@group-8B77DDD58102-SegmentedRaftLog:OPENED:c-1,f-1,i0, conf=-1: [7901d021-b70d-41b4-a3ee-3511e4cb511a:192.168.157.206:32814, 6159a4a7-02ae-4457-ad8e-d99f5584798f:192.168.157.206:36722, 3a789c1e-652a-4343-9c47-49015e6a7e8b:192.168.157.206:36955], old=null
2019-11-14 03:47:17,430 [7901d021-b70d-41b4-a3ee-3511e4cb511a@group-8B77DDD58102-LeaderElection67] INFO  impl.RaftServerImpl (RaftServerImpl.java:setRole(173)) - 7901d021-b70d-41b4-a3ee-3511e4cb511a@group-8B77DDD58102: changes role from CANDIDATE to FOLLOWER at term 1 for DISCOVERED_A_NEW_TERM
2019-11-14 03:47:17,430 [6159a4a7-02ae-4457-ad8e-d99f5584798f@group-8B77DDD58102-LeaderElection69] INFO  impl.RoleInfo (RoleInfo.java:shutdownLeaderElection(134)) - 6159a4a7-02ae-4457-ad8e-d99f5584798f: shutdown LeaderElection
2019-11-14 03:47:17,431 [7901d021-b70d-41b4-a3ee-3511e4cb511a@group-8B77DDD58102-LeaderElection67] INFO  impl.RoleInfo (RoleInfo.java:shutdownLeaderElection(134)) - 7901d021-b70d-41b4-a3ee-3511e4cb511a: shutdown LeaderElection
2019-11-14 03:47:17,431 [6159a4a7-02ae-4457-ad8e-d99f5584798f@group-8B77DDD58102-LeaderElection69] INFO  impl.RaftServerImpl (RaftServerImpl.java:setRole(173)) - 6159a4a7-02ae-4457-ad8e-d99f5584798f@group-8B77DDD58102: changes role from CANDIDATE to LEADER at term 1 for changeToLeader
2019-11-14 03:47:17,431 [7901d021-b70d-41b4-a3ee-3511e4cb511a@group-8B77DDD58102-LeaderElection67] INFO  impl.RoleInfo (RoleInfo.java:updateAndGet(143)) - 7901d021-b70d-41b4-a3ee-3511e4cb511a: start FollowerState
2019-11-14 03:47:17,431 [6159a4a7-02ae-4457-ad8e-d99f5584798f@group-8B77DDD58102-LeaderElection69] INFO  ratis.XceiverServerRatis (XceiverServerRatis.java:handleLeaderChangedNotification(697)) - Leader change notification received for group: group-8B77DDD58102 with new leaderId: 6159a4a7-02ae-4457-ad8e-d99f5584798f
2019-11-14 03:47:17,432 [6159a4a7-02ae-4457-ad8e-d99f5584798f@group-8B77DDD58102-LeaderElection69] INFO  impl.RaftServerImpl (ServerState.java:setLeader(255)) - 6159a4a7-02ae-4457-ad8e-d99f5584798f@group-8B77DDD58102: change Leader from null to 6159a4a7-02ae-4457-ad8e-d99f5584798f at term 1 for becomeLeader, leader elected after 1229ms
2019-11-14 03:47:17,432 [main] INFO  ozone.MiniOzoneClusterImpl (MiniOzoneClusterImpl.java:stopDatanodes(415)) - Stopping the HddsDatanodes
2019-11-14 03:47:17,435 [6159a4a7-02ae-4457-ad8e-d99f5584798f@group-8B77DDD58102-LeaderElection69] INFO  server.RaftServerConfigKeys (ConfUtils.java:logGet(43)) - raft.server.staging.catchup.gap = 1000 (default)
2019-11-14 03:47:17,435 [6159a4a7-02ae-4457-ad8e-d99f5584798f@group-8B77DDD58102-LeaderElection69] INFO  server.RaftServerConfigKeys (ConfUtils.java:logGet(43)) - raft.server.rpc.sleep.time = 25ms (default)
2019-11-14 03:47:17,435 [EventQueue-PipelineReportForPipelineReportHandler] INFO  pipeline.PipelineStateManager (PipelineStateManager.java:openPipeline(134)) - Pipeline Pipeline[ Id: 6f938e3e-da12-41bb-b7ae-8b77ddd58102, Nodes: 7901d021-b70d-41b4-a3ee-3511e4cb511a{ip: 192.168.157.206, host: trunk-nightly-20191114-k5n9k-339518648, networkLocation: /rack1, certSerialId: null}3a789c1e-652a-4343-9c47-49015e6a7e8b{ip: 192.168.157.206, host: trunk-nightly-20191114-k5n9k-339518648, networkLocation: /rack1, certSerialId: null}6159a4a7-02ae-4457-ad8e-d99f5584798f{ip: 192.168.157.206, host: trunk-nightly-20191114-k5n9k-339518648, networkLocation: /rack1, certSerialId: null}, Type:RATIS, Factor:THREE, State:OPEN] moved to OPEN state
2019-11-14 03:47:17,435 [6159a4a7-02ae-4457-ad8e-d99f5584798f@group-8B77DDD58102-LeaderElection69] INFO  server.RaftServerConfigKeys (ConfUtils.java:logGet(43)) - raft.server.write.element-limit = 4096 (default)
2019-11-14 03:47:17,436 [6159a4a7-02ae-4457-ad8e-d99f5584798f@group-8B77DDD58102-LeaderElection69] INFO  server.RaftServerConfigKeys (ConfUtils.java:logGet(43)) - raft.server.watch.timeout = 10s (default)
2019-11-14 03:47:17,436 [6159a4a7-02ae-4457-ad8e-d99f5584798f@group-8B77DDD58102-LeaderElection69] INFO  server.RaftServerConfigKeys (ConfUtils.java:logGet(43)) - raft.server.watch.timeout.denomination = 1s (default)
2019-11-14 03:47:17,436 [6159a4a7-02ae-4457-ad8e-d99f5584798f@group-8B77DDD58102-LeaderElection69] INFO  server.RaftServerConfigKeys (ConfUtils.java:logGet(43)) - raft.server.watch.element-limit = 65536 (default)
2019-11-14 03:47:17,436 [6159a4a7-02ae-4457-ad8e-d99f5584798f@group-8B77DDD58102-LeaderElection69] INFO  server.RaftServerConfigKeys (ConfUtils.java:logGet(43)) - raft.server.log.appender.snapshot.chunk.size.max = 16MB (=16777216) (default)
2019-11-14 03:47:17,437 [6159a4a7-02ae-4457-ad8e-d99f5584798f@group-8B77DDD58102-LeaderElection69] INFO  server.RaftServerConfigKeys (ConfUtils.java:logGet(43)) - raft.server.log.appender.buffer.byte-limit = 33554432 (custom)
2019-11-14 03:47:17,437 [6159a4a7-02ae-4457-ad8e-d99f5584798f@group-8B77DDD58102-LeaderElection69] INFO  server.RaftServerConfigKeys (ConfUtils.java:logGet(43)) - raft.server.log.appender.buffer.element-limit = 1 (custom)
2019-11-14 03:47:17,437 [6159a4a7-02ae-4457-ad8e-d99f5584798f@group-8B77DDD58102-LeaderElection69] INFO  grpc.GrpcConfigKeys$Server (ConfUtils.java:logGet(43)) - raft.grpc.server.leader.outstanding.appends.max = 128 (default)
2019-11-14 03:47:17,437 [6159a4a7-02ae-4457-ad8e-d99f5584798f@group-8B77DDD58102-LeaderElection69] INFO  server.RaftServerConfigKeys (ConfUtils.java:logGet(43)) - raft.server.rpc.request.timeout = 3000ms (default)
2019-11-14 03:47:17,437 [6159a4a7-02ae-4457-ad8e-d99f5584798f@group-8B77DDD58102-LeaderElection69] INFO  server.RaftServerConfigKeys (ConfUtils.java:logGet(43)) - raft.server.log.appender.install.snapshot.enabled = false (custom)
2019-11-14 03:47:17,438 [6159a4a7-02ae-4457-ad8e-d99f5584798f@group-8B77DDD58102-LeaderElection69] WARN  impl.MetricRegistriesImpl (MetricRegistriesImpl.java:lambda$create$1(61)) - First MetricRegistry has been created without registering reporters. You may need to call MetricRegistries.global().addReportRegistration(...) before.
2019-11-14 03:47:17,438 [6159a4a7-02ae-4457-ad8e-d99f5584798f@group-8B77DDD58102-LeaderElection69] INFO  server.RaftServerConfigKeys (ConfUtils.java:logGet(43)) - raft.server.log.appender.snapshot.chunk.size.max = 16MB (=16777216) (default)
2019-11-14 03:47:17,438 [6159a4a7-02ae-4457-ad8e-d99f5584798f@group-8B77DDD58102-LeaderElection69] INFO  server.RaftServerConfigKeys (ConfUtils.java:logGet(43)) - raft.server.log.appender.buffer.byte-limit = 33554432 (custom)
2019-11-14 03:47:17,438 [6159a4a7-02ae-4457-ad8e-d99f5584798f@group-8B77DDD58102-LeaderElection69] INFO  server.RaftServerConfigKeys (ConfUtils.java:logGet(43)) - raft.server.log.appender.buffer.element-limit = 1 (custom)
2019-11-14 03:47:17,438 [6159a4a7-02ae-4457-ad8e-d99f5584798f@group-8B77DDD58102-LeaderElection69] INFO  grpc.GrpcConfigKeys$Server (ConfUtils.java:logGet(43)) - raft.grpc.server.leader.outstanding.appends.max = 128 (default)
2019-11-14 03:47:17,439 [6159a4a7-02ae-4457-ad8e-d99f5584798f@group-8B77DDD58102-LeaderElection69] INFO  server.RaftServerConfigKeys (ConfUtils.java:logGet(43)) - raft.server.rpc.request.timeout = 3000ms (default)
2019-11-14 03:47:17,439 [6159a4a7-02ae-4457-ad8e-d99f5584798f@group-8B77DDD58102-LeaderElection69] INFO  server.RaftServerConfigKeys (ConfUtils.java:logGet(43)) - raft.server.log.appender.install.snapshot.enabled = false (custom)
2019-11-14 03:47:17,439 [6159a4a7-02ae-4457-ad8e-d99f5584798f@group-8B77DDD58102-LeaderElection69] INFO  impl.RoleInfo (RoleInfo.java:updateAndGet(143)) - 6159a4a7-02ae-4457-ad8e-d99f5584798f: start LeaderState
2019-11-14 03:47:17,439 [6159a4a7-02ae-4457-ad8e-d99f5584798f@group-8B77DDD58102-LeaderElection69] INFO  segmented.SegmentedRaftLogWorker (SegmentedRaftLogWorker.java:startLogSegment(385)) - 6159a4a7-02ae-4457-ad8e-d99f5584798f@group-8B77DDD58102-SegmentedRaftLogWorker: Starting segment from index:0
2019-11-14 03:47:17,440 [6159a4a7-02ae-4457-ad8e-d99f5584798f@group-8B77DDD58102-LeaderElection69] INFO  impl.RaftServerImpl (ServerState.java:setRaftConf(356)) - 6159a4a7-02ae-4457-ad8e-d99f5584798f@group-8B77DDD58102: set configuration 0: [7901d021-b70d-41b4-a3ee-3511e4cb511a:192.168.157.206:32814, 6159a4a7-02ae-4457-ad8e-d99f5584798f:192.168.157.206:36722, 3a789c1e-652a-4343-9c47-49015e6a7e8b:192.168.157.206:36955], old=null at 0
2019-11-14 03:47:17,478 [Thread-1611] INFO  impl.FollowerState (FollowerState.java:run(111)) - bf247637-7e59-4671-9487-192b6829a40a@group-BD618050F398-FollowerState: change to CANDIDATE, lastRpcTime:1141ms, electionTimeout:1106ms
2019-11-14 03:47:17,478 [534c162a-7c0e-49a3-b520-b6800e29086d@group-8AE01AFEDB02-SegmentedRaftLogWorker] INFO  segmented.SegmentedRaftLogWorker (SegmentedRaftLogWorker.java:execute(576)) - 534c162a-7c0e-49a3-b520-b6800e29086d@group-8AE01AFEDB02-SegmentedRaftLogWorker: created new log segment /workdir/hadoop-ozone/integration-test/target/test-dir/MiniOzoneClusterImpl-db6fd866-6788-41aa-8e01-4626558b27a7/datanode-4/data/ratis/3a1b61a5-c629-4cfa-86ac-8ae01afedb02/current/log_inprogress_0
2019-11-14 03:47:17,478 [Thread-1611] INFO  impl.RoleInfo (RoleInfo.java:shutdownFollowerState(121)) - bf247637-7e59-4671-9487-192b6829a40a: shutdown FollowerState
2019-11-14 03:47:17,478 [Thread-1611] INFO  impl.RaftServerImpl (RaftServerImpl.java:setRole(173)) - bf247637-7e59-4671-9487-192b6829a40a@group-BD618050F398: changes role from  FOLLOWER to CANDIDATE at term 0 for changeToCandidate
2019-11-14 03:47:17,478 [Thread-1611] INFO  impl.RoleInfo (RoleInfo.java:updateAndGet(143)) - bf247637-7e59-4671-9487-192b6829a40a: start LeaderElection
2019-11-14 03:47:17,486 [grpc-default-executor-2] INFO  ratis.XceiverServerRatis (XceiverServerRatis.java:handleLeaderChangedNotification(697)) - Leader change notification received for group: group-8B77DDD58102 with new leaderId: 6159a4a7-02ae-4457-ad8e-d99f5584798f
2019-11-14 03:47:17,486 [grpc-default-executor-4] INFO  ratis.XceiverServerRatis (XceiverServerRatis.java:handleLeaderChangedNotification(697)) - Leader change notification received for group: group-8B77DDD58102 with new leaderId: 6159a4a7-02ae-4457-ad8e-d99f5584798f
2019-11-14 03:47:17,486 [grpc-default-executor-2] INFO  impl.RaftServerImpl (ServerState.java:setLeader(255)) - 7901d021-b70d-41b4-a3ee-3511e4cb511a@group-8B77DDD58102: change Leader from null to 6159a4a7-02ae-4457-ad8e-d99f5584798f at term 1 for appendEntries, leader elected after 1285ms
2019-11-14 03:47:17,486 [grpc-default-executor-4] INFO  impl.RaftServerImpl (ServerState.java:setLeader(255)) - 3a789c1e-652a-4343-9c47-49015e6a7e8b@group-8B77DDD58102: change Leader from null to 6159a4a7-02ae-4457-ad8e-d99f5584798f at term 1 for appendEntries, leader elected after 1285ms
2019-11-14 03:47:17,488 [Thread-1616] INFO  impl.FollowerState (FollowerState.java:run(111)) - d8a9c999-7748-4aa6-a9a9-ef73d9884e3c@group-BD618050F398-FollowerState: change to CANDIDATE, lastRpcTime:1149ms, electionTimeout:1149ms
2019-11-14 03:47:17,489 [Thread-1616] INFO  impl.RoleInfo (RoleInfo.java:shutdownFollowerState(121)) - d8a9c999-7748-4aa6-a9a9-ef73d9884e3c: shutdown FollowerState
2019-11-14 03:47:17,489 [Thread-1616] INFO  impl.RaftServerImpl (RaftServerImpl.java:setRole(173)) - d8a9c999-7748-4aa6-a9a9-ef73d9884e3c@group-BD618050F398: changes role from  FOLLOWER to CANDIDATE at term 0 for changeToCandidate
2019-11-14 03:47:17,489 [Thread-1616] INFO  impl.RoleInfo (RoleInfo.java:updateAndGet(143)) - d8a9c999-7748-4aa6-a9a9-ef73d9884e3c: start LeaderElection
2019-11-14 03:47:17,489 [grpc-default-executor-4] INFO  impl.RaftServerImpl (ServerState.java:setRaftConf(356)) - 7901d021-b70d-41b4-a3ee-3511e4cb511a@group-8B77DDD58102: set configuration 0: [7901d021-b70d-41b4-a3ee-3511e4cb511a:192.168.157.206:32814, 6159a4a7-02ae-4457-ad8e-d99f5584798f:192.168.157.206:36722, 3a789c1e-652a-4343-9c47-49015e6a7e8b:192.168.157.206:36955], old=null at 0
2019-11-14 03:47:17,493 [grpc-default-executor-4] INFO  segmented.SegmentedRaftLogWorker (SegmentedRaftLogWorker.java:startLogSegment(385)) - 7901d021-b70d-41b4-a3ee-3511e4cb511a@group-8B77DDD58102-SegmentedRaftLogWorker: Starting segment from index:0
2019-11-14 03:47:17,497 [grpc-default-executor-2] INFO  impl.RaftServerImpl (ServerState.java:setRaftConf(356)) - 3a789c1e-652a-4343-9c47-49015e6a7e8b@group-8B77DDD58102: set configuration 0: [7901d021-b70d-41b4-a3ee-3511e4cb511a:192.168.157.206:32814, 6159a4a7-02ae-4457-ad8e-d99f5584798f:192.168.157.206:36722, 3a789c1e-652a-4343-9c47-49015e6a7e8b:192.168.157.206:36955], old=null at 0
2019-11-14 03:47:17,498 [grpc-default-executor-2] INFO  segmented.SegmentedRaftLogWorker (SegmentedRaftLogWorker.java:startLogSegment(385)) - 3a789c1e-652a-4343-9c47-49015e6a7e8b@group-8B77DDD58102-SegmentedRaftLogWorker: Starting segment from index:0
2019-11-14 03:47:17,500 [6159a4a7-02ae-4457-ad8e-d99f5584798f@group-8B77DDD58102-SegmentedRaftLogWorker] INFO  segmented.SegmentedRaftLogWorker (SegmentedRaftLogWorker.java:execute(576)) - 6159a4a7-02ae-4457-ad8e-d99f5584798f@group-8B77DDD58102-SegmentedRaftLogWorker: created new log segment /workdir/hadoop-ozone/integration-test/target/test-dir/MiniOzoneClusterImpl-db6fd866-6788-41aa-8e01-4626558b27a7/datanode-7/data/ratis/6f938e3e-da12-41bb-b7ae-8b77ddd58102/current/log_inprogress_0
2019-11-14 03:47:17,501 [bf247637-7e59-4671-9487-192b6829a40a@group-BD618050F398-LeaderElection70] INFO  impl.LeaderElection (LeaderElection.java:askForVotes(178)) - bf247637-7e59-4671-9487-192b6829a40a@group-BD618050F398-LeaderElection70: begin an election at term 1 for -1: [d8a9c999-7748-4aa6-a9a9-ef73d9884e3c:192.168.157.206:34054, ad307801-f957-4403-adfc-9cdab46587c3:192.168.157.206:36473, bf247637-7e59-4671-9487-192b6829a40a:192.168.157.206:41118], old=null
2019-11-14 03:47:17,506 [grpc-default-executor-2] INFO  impl.RaftServerImpl (RaftServerImpl.java:setRole(173)) - ad307801-f957-4403-adfc-9cdab46587c3@group-BD618050F398: changes role from  FOLLOWER to FOLLOWER at term 1 for recognizeCandidate:bf247637-7e59-4671-9487-192b6829a40a
2019-11-14 03:47:17,506 [grpc-default-executor-2] INFO  impl.RoleInfo (RoleInfo.java:shutdownFollowerState(121)) - ad307801-f957-4403-adfc-9cdab46587c3: shutdown FollowerState
2019-11-14 03:47:17,506 [grpc-default-executor-2] INFO  impl.RoleInfo (RoleInfo.java:updateAndGet(143)) - ad307801-f957-4403-adfc-9cdab46587c3: start FollowerState
2019-11-14 03:47:17,506 [Thread-1615] INFO  impl.FollowerState (FollowerState.java:run(120)) - ad307801-f957-4403-adfc-9cdab46587c3@group-BD618050F398-FollowerState was interrupted: java.lang.InterruptedException: sleep interrupted
2019-11-14 03:47:17,545 [Thread-1621] INFO  impl.FollowerState (FollowerState.java:run(111)) - d4b369d8-a85d-4b99-b953-37bddccdea6c@group-02DDE111E4AD-FollowerState: change to CANDIDATE, lastRpcTime:1135ms, electionTimeout:1124ms
2019-11-14 03:47:17,546 [Thread-1621] INFO  impl.RoleInfo (RoleInfo.java:shutdownFollowerState(121)) - d4b369d8-a85d-4b99-b953-37bddccdea6c: shutdown FollowerState
2019-11-14 03:47:17,546 [d8a9c999-7748-4aa6-a9a9-ef73d9884e3c@group-BD618050F398-LeaderElection71] INFO  impl.LeaderElection (LeaderElection.java:askForVotes(178)) - d8a9c999-7748-4aa6-a9a9-ef73d9884e3c@group-BD618050F398-LeaderElection71: begin an election at term 1 for -1: [d8a9c999-7748-4aa6-a9a9-ef73d9884e3c:192.168.157.206:34054, ad307801-f957-4403-adfc-9cdab46587c3:192.168.157.206:36473, bf247637-7e59-4671-9487-192b6829a40a:192.168.157.206:41118], old=null
2019-11-14 03:47:17,546 [Thread-1621] INFO  impl.RaftServerImpl (RaftServerImpl.java:setRole(173)) - d4b369d8-a85d-4b99-b953-37bddccdea6c@group-02DDE111E4AD: changes role from  FOLLOWER to CANDIDATE at term 0 for changeToCandidate
2019-11-14 03:47:17,546 [Thread-1621] INFO  impl.RoleInfo (RoleInfo.java:updateAndGet(143)) - d4b369d8-a85d-4b99-b953-37bddccdea6c: start LeaderElection
2019-11-14 03:47:17,559 [3a789c1e-652a-4343-9c47-49015e6a7e8b@group-8B77DDD58102-SegmentedRaftLogWorker] INFO  segmented.SegmentedRaftLogWorker (SegmentedRaftLogWorker.java:execute(576)) - 3a789c1e-652a-4343-9c47-49015e6a7e8b@group-8B77DDD58102-SegmentedRaftLogWorker: created new log segment /workdir/hadoop-ozone/integration-test/target/test-dir/MiniOzoneClusterImpl-db6fd866-6788-41aa-8e01-4626558b27a7/datanode-5/data/ratis/6f938e3e-da12-41bb-b7ae-8b77ddd58102/current/log_inprogress_0
2019-11-14 03:47:17,559 [7901d021-b70d-41b4-a3ee-3511e4cb511a@group-8B77DDD58102-SegmentedRaftLogWorker] INFO  segmented.SegmentedRaftLogWorker (SegmentedRaftLogWorker.java:execute(576)) - 7901d021-b70d-41b4-a3ee-3511e4cb511a@group-8B77DDD58102-SegmentedRaftLogWorker: created new log segment /workdir/hadoop-ozone/integration-test/target/test-dir/MiniOzoneClusterImpl-db6fd866-6788-41aa-8e01-4626558b27a7/datanode-9/data/ratis/6f938e3e-da12-41bb-b7ae-8b77ddd58102/current/log_inprogress_0
2019-11-14 03:47:17,559 [d4b369d8-a85d-4b99-b953-37bddccdea6c@group-02DDE111E4AD-LeaderElection72] INFO  impl.LeaderElection (LeaderElection.java:askForVotes(178)) - d4b369d8-a85d-4b99-b953-37bddccdea6c@group-02DDE111E4AD-LeaderElection72: begin an election at term 1 for -1: [d4b369d8-a85d-4b99-b953-37bddccdea6c:192.168.157.206:40232], old=null
2019-11-14 03:47:17,561 [d4b369d8-a85d-4b99-b953-37bddccdea6c@group-02DDE111E4AD-LeaderElection72] INFO  impl.RoleInfo (RoleInfo.java:shutdownLeaderElection(134)) - d4b369d8-a85d-4b99-b953-37bddccdea6c: shutdown LeaderElection
2019-11-14 03:47:17,561 [d4b369d8-a85d-4b99-b953-37bddccdea6c@group-02DDE111E4AD-LeaderElection72] INFO  impl.RaftServerImpl (RaftServerImpl.java:setRole(173)) - d4b369d8-a85d-4b99-b953-37bddccdea6c@group-02DDE111E4AD: changes role from CANDIDATE to LEADER at term 1 for changeToLeader
2019-11-14 03:47:17,561 [d8a9c999-7748-4aa6-a9a9-ef73d9884e3c@group-BD618050F398-LeaderElection71] INFO  impl.LeaderElection (LeaderElection.java:logAndReturn(56)) - d8a9c999-7748-4aa6-a9a9-ef73d9884e3c@group-BD618050F398-LeaderElection71: Election REJECTED; received 2 response(s) [d8a9c999-7748-4aa6-a9a9-ef73d9884e3c<-ad307801-f957-4403-adfc-9cdab46587c3#0:FAIL-t1, d8a9c999-7748-4aa6-a9a9-ef73d9884e3c<-bf247637-7e59-4671-9487-192b6829a40a#0:FAIL-t1] and 0 exception(s); d8a9c999-7748-4aa6-a9a9-ef73d9884e3c@group-BD618050F398:t1, leader=null, voted=d8a9c999-7748-4aa6-a9a9-ef73d9884e3c, raftlog=d8a9c999-7748-4aa6-a9a9-ef73d9884e3c@group-BD618050F398-SegmentedRaftLog:OPENED:c-1,f-1,i0, conf=-1: [d8a9c999-7748-4aa6-a9a9-ef73d9884e3c:192.168.157.206:34054, ad307801-f957-4403-adfc-9cdab46587c3:192.168.157.206:36473, bf247637-7e59-4671-9487-192b6829a40a:192.168.157.206:41118], old=null
2019-11-14 03:47:17,562 [bf247637-7e59-4671-9487-192b6829a40a@group-BD618050F398-LeaderElection70] INFO  impl.LeaderElection (LeaderElection.java:logAndReturn(56)) - bf247637-7e59-4671-9487-192b6829a40a@group-BD618050F398-LeaderElection70: Election PASSED; received 2 response(s) [bf247637-7e59-4671-9487-192b6829a40a<-d8a9c999-7748-4aa6-a9a9-ef73d9884e3c#0:FAIL-t1, bf247637-7e59-4671-9487-192b6829a40a<-ad307801-f957-4403-adfc-9cdab46587c3#0:OK-t1] and 0 exception(s); bf247637-7e59-4671-9487-192b6829a40a@group-BD618050F398:t1, leader=null, voted=bf247637-7e59-4671-9487-192b6829a40a, raftlog=bf247637-7e59-4671-9487-192b6829a40a@group-BD618050F398-SegmentedRaftLog:OPENED:c-1,f-1,i0, conf=-1: [d8a9c999-7748-4aa6-a9a9-ef73d9884e3c:192.168.157.206:34054, ad307801-f957-4403-adfc-9cdab46587c3:192.168.157.206:36473, bf247637-7e59-4671-9487-192b6829a40a:192.168.157.206:41118], old=null
2019-11-14 03:47:17,562 [d4b369d8-a85d-4b99-b953-37bddccdea6c@group-02DDE111E4AD-LeaderElection72] INFO  ratis.XceiverServerRatis (XceiverServerRatis.java:handleLeaderChangedNotification(697)) - Leader change notification received for group: group-02DDE111E4AD with new leaderId: d4b369d8-a85d-4b99-b953-37bddccdea6c
2019-11-14 03:47:17,562 [bf247637-7e59-4671-9487-192b6829a40a@group-BD618050F398-LeaderElection70] INFO  impl.RoleInfo (RoleInfo.java:shutdownLeaderElection(134)) - bf247637-7e59-4671-9487-192b6829a40a: shutdown LeaderElection
2019-11-14 03:47:17,562 [bf247637-7e59-4671-9487-192b6829a40a@group-BD618050F398-LeaderElection70] INFO  impl.RaftServerImpl (RaftServerImpl.java:setRole(173)) - bf247637-7e59-4671-9487-192b6829a40a@group-BD618050F398: changes role from CANDIDATE to LEADER at term 1 for changeToLeader
2019-11-14 03:47:17,562 [d8a9c999-7748-4aa6-a9a9-ef73d9884e3c@group-BD618050F398-LeaderElection71] INFO  impl.RaftServerImpl (RaftServerImpl.java:setRole(173)) - d8a9c999-7748-4aa6-a9a9-ef73d9884e3c@group-BD618050F398: changes role from CANDIDATE to FOLLOWER at term 1 for DISCOVERED_A_NEW_TERM
2019-11-14 03:47:17,562 [Datanode State Machine Thread - 0] INFO  statemachine.DatanodeStateMachine (DatanodeStateMachine.java:lambda$startDaemon$0(350)) - Ozone container server started.
2019-11-14 03:47:17,562 [bf247637-7e59-4671-9487-192b6829a40a@group-BD618050F398-LeaderElection70] INFO  ratis.XceiverServerRatis (XceiverServerRatis.java:handleLeaderChangedNotification(697)) - Leader change notification received for group: group-BD618050F398 with new leaderId: bf247637-7e59-4671-9487-192b6829a40a
2019-11-14 03:47:17,562 [d4b369d8-a85d-4b99-b953-37bddccdea6c@group-02DDE111E4AD-LeaderElection72] INFO  impl.RaftServerImpl (ServerState.java:setLeader(255)) - d4b369d8-a85d-4b99-b953-37bddccdea6c@group-02DDE111E4AD: change Leader from null to d4b369d8-a85d-4b99-b953-37bddccdea6c at term 1 for becomeLeader, leader elected after 1154ms
2019-11-14 03:47:17,562 [d8a9c999-7748-4aa6-a9a9-ef73d9884e3c@group-BD618050F398-LeaderElection71] INFO  impl.RoleInfo (RoleInfo.java:shutdownLeaderElection(134)) - d8a9c999-7748-4aa6-a9a9-ef73d9884e3c: shutdown LeaderElection
2019-11-14 03:47:17,563 [d4b369d8-a85d-4b99-b953-37bddccdea6c@group-02DDE111E4AD-LeaderElection72] INFO  server.RaftServerConfigKeys (ConfUtils.java:logGet(43)) - raft.server.staging.catchup.gap = 1000 (default)
2019-11-14 03:47:17,563 [bf247637-7e59-4671-9487-192b6829a40a@group-BD618050F398-LeaderElection70] INFO  impl.RaftServerImpl (ServerState.java:setLeader(255)) - bf247637-7e59-4671-9487-192b6829a40a@group-BD618050F398: change Leader from null to bf247637-7e59-4671-9487-192b6829a40a at term 1 for becomeLeader, leader elected after 1234ms
2019-11-14 03:47:17,563 [d4b369d8-a85d-4b99-b953-37bddccdea6c@group-02DDE111E4AD-LeaderElection72] INFO  server.RaftServerConfigKeys (ConfUtils.java:logGet(43)) - raft.server.rpc.sleep.time = 25ms (default)
2019-11-14 03:47:17,563 [d8a9c999-7748-4aa6-a9a9-ef73d9884e3c@group-BD618050F398-LeaderElection71] INFO  impl.RoleInfo (RoleInfo.java:updateAndGet(143)) - d8a9c999-7748-4aa6-a9a9-ef73d9884e3c: start FollowerState
2019-11-14 03:47:17,563 [bf247637-7e59-4671-9487-192b6829a40a@group-BD618050F398-LeaderElection70] INFO  server.RaftServerConfigKeys (ConfUtils.java:logGet(43)) - raft.server.staging.catchup.gap = 1000 (default)
2019-11-14 03:47:17,563 [d4b369d8-a85d-4b99-b953-37bddccdea6c@group-02DDE111E4AD-LeaderElection72] INFO  server.RaftServerConfigKeys (ConfUtils.java:logGet(43)) - raft.server.write.element-limit = 4096 (default)
2019-11-14 03:47:17,563 [bf247637-7e59-4671-9487-192b6829a40a@group-BD618050F398-LeaderElection70] INFO  server.RaftServerConfigKeys (ConfUtils.java:logGet(43)) - raft.server.rpc.sleep.time = 25ms (default)
2019-11-14 03:47:17,563 [d4b369d8-a85d-4b99-b953-37bddccdea6c@group-02DDE111E4AD-LeaderElection72] INFO  server.RaftServerConfigKeys (ConfUtils.java:logGet(43)) - raft.server.watch.timeout = 10s (default)
2019-11-14 03:47:17,564 [bf247637-7e59-4671-9487-192b6829a40a@group-BD618050F398-LeaderElection70] INFO  server.RaftServerConfigKeys (ConfUtils.java:logGet(43)) - raft.server.write.element-limit = 4096 (default)
2019-11-14 03:47:17,564 [d4b369d8-a85d-4b99-b953-37bddccdea6c@group-02DDE111E4AD-LeaderElection72] INFO  server.RaftServerConfigKeys (ConfUtils.java:logGet(43)) - raft.server.watch.timeout.denomination = 1s (default)
2019-11-14 03:47:17,564 [bf247637-7e59-4671-9487-192b6829a40a@group-BD618050F398-LeaderElection70] INFO  server.RaftServerConfigKeys (ConfUtils.java:logGet(43)) - raft.server.watch.timeout = 10s (default)
2019-11-14 03:47:17,564 [EventQueue-PipelineReportForPipelineReportHandler] INFO  pipeline.PipelineStateManager (PipelineStateManager.java:openPipeline(134)) - Pipeline Pipeline[ Id: d9d246e1-a866-4ba7-b593-bd618050f398, Nodes: d8a9c999-7748-4aa6-a9a9-ef73d9884e3c{ip: 192.168.157.206, host: trunk-nightly-20191114-k5n9k-339518648, networkLocation: /rack1, certSerialId: null}bf247637-7e59-4671-9487-192b6829a40a{ip: 192.168.157.206, host: trunk-nightly-20191114-k5n9k-339518648, networkLocation: /rack1, certSerialId: null}ad307801-f957-4403-adfc-9cdab46587c3{ip: 192.168.157.206, host: trunk-nightly-20191114-k5n9k-339518648, networkLocation: /rack1, certSerialId: null}, Type:RATIS, Factor:THREE, State:OPEN] moved to OPEN state
2019-11-14 03:47:17,564 [d4b369d8-a85d-4b99-b953-37bddccdea6c@group-02DDE111E4AD-LeaderElection72] INFO  server.RaftServerConfigKeys (ConfUtils.java:logGet(43)) - raft.server.watch.element-limit = 65536 (default)
2019-11-14 03:47:17,564 [bf247637-7e59-4671-9487-192b6829a40a@group-BD618050F398-LeaderElection70] INFO  server.RaftServerConfigKeys (ConfUtils.java:logGet(43)) - raft.server.watch.timeout.denomination = 1s (default)
2019-11-14 03:47:17,564 [bf247637-7e59-4671-9487-192b6829a40a@group-BD618050F398-LeaderElection70] INFO  server.RaftServerConfigKeys (ConfUtils.java:logGet(43)) - raft.server.watch.element-limit = 65536 (default)
2019-11-14 03:47:17,564 [d4b369d8-a85d-4b99-b953-37bddccdea6c@group-02DDE111E4AD-LeaderElection72] INFO  impl.RoleInfo (RoleInfo.java:updateAndGet(143)) - d4b369d8-a85d-4b99-b953-37bddccdea6c: start LeaderState
2019-11-14 03:47:17,564 [bf247637-7e59-4671-9487-192b6829a40a@group-BD618050F398-LeaderElection70] INFO  server.RaftServerConfigKeys (ConfUtils.java:logGet(43)) - raft.server.log.appender.snapshot.chunk.size.max = 16MB (=16777216) (default)
2019-11-14 03:47:17,565 [bf247637-7e59-4671-9487-192b6829a40a@group-BD618050F398-LeaderElection70] INFO  server.RaftServerConfigKeys (ConfUtils.java:logGet(43)) - raft.server.log.appender.buffer.byte-limit = 33554432 (custom)
2019-11-14 03:47:17,565 [d4b369d8-a85d-4b99-b953-37bddccdea6c@group-02DDE111E4AD-LeaderElection72] INFO  segmented.SegmentedRaftLogWorker (SegmentedRaftLogWorker.java:startLogSegment(385)) - d4b369d8-a85d-4b99-b953-37bddccdea6c@group-02DDE111E4AD-SegmentedRaftLogWorker: Starting segment from index:0
2019-11-14 03:47:17,565 [bf247637-7e59-4671-9487-192b6829a40a@group-BD618050F398-LeaderElection70] INFO  server.RaftServerConfigKeys (ConfUtils.java:logGet(43)) - raft.server.log.appender.buffer.element-limit = 1 (custom)
2019-11-14 03:47:17,565 [bf247637-7e59-4671-9487-192b6829a40a@group-BD618050F398-LeaderElection70] INFO  grpc.GrpcConfigKeys$Server (ConfUtils.java:logGet(43)) - raft.grpc.server.leader.outstanding.appends.max = 128 (default)
2019-11-14 03:47:17,565 [d4b369d8-a85d-4b99-b953-37bddccdea6c@group-02DDE111E4AD-LeaderElection72] INFO  impl.RaftServerImpl (ServerState.java:setRaftConf(356)) - d4b369d8-a85d-4b99-b953-37bddccdea6c@group-02DDE111E4AD: set configuration 0: [d4b369d8-a85d-4b99-b953-37bddccdea6c:192.168.157.206:40232], old=null at 0
2019-11-14 03:47:17,565 [bf247637-7e59-4671-9487-192b6829a40a@group-BD618050F398-LeaderElection70] INFO  server.RaftServerConfigKeys (ConfUtils.java:logGet(43)) - raft.server.rpc.request.timeout = 3000ms (default)
2019-11-14 03:47:17,567 [bf247637-7e59-4671-9487-192b6829a40a@group-BD618050F398-LeaderElection70] INFO  server.RaftServerConfigKeys (ConfUtils.java:logGet(43)) - raft.server.log.appender.install.snapshot.enabled = false (custom)
2019-11-14 03:47:17,567 [bf247637-7e59-4671-9487-192b6829a40a@group-BD618050F398-LeaderElection70] WARN  impl.MetricRegistriesImpl (MetricRegistriesImpl.java:lambda$create$1(61)) - First MetricRegistry has been created without registering reporters. You may need to call MetricRegistries.global().addReportRegistration(...) before.
2019-11-14 03:47:17,567 [bf247637-7e59-4671-9487-192b6829a40a@group-BD618050F398-LeaderElection70] INFO  server.RaftServerConfigKeys (ConfUtils.java:logGet(43)) - raft.server.log.appender.snapshot.chunk.size.max = 16MB (=16777216) (default)
2019-11-14 03:47:17,567 [bf247637-7e59-4671-9487-192b6829a40a@group-BD618050F398-LeaderElection70] INFO  server.RaftServerConfigKeys (ConfUtils.java:logGet(43)) - raft.server.log.appender.buffer.byte-limit = 33554432 (custom)
2019-11-14 03:47:17,568 [bf247637-7e59-4671-9487-192b6829a40a@group-BD618050F398-LeaderElection70] INFO  server.RaftServerConfigKeys (ConfUtils.java:logGet(43)) - raft.server.log.appender.buffer.element-limit = 1 (custom)
2019-11-14 03:47:17,568 [bf247637-7e59-4671-9487-192b6829a40a@group-BD618050F398-LeaderElection70] INFO  grpc.GrpcConfigKeys$Server (ConfUtils.java:logGet(43)) - raft.grpc.server.leader.outstanding.appends.max = 128 (default)
2019-11-14 03:47:17,568 [bf247637-7e59-4671-9487-192b6829a40a@group-BD618050F398-LeaderElection70] INFO  server.RaftServerConfigKeys (ConfUtils.java:logGet(43)) - raft.server.rpc.request.timeout = 3000ms (default)
2019-11-14 03:47:17,568 [bf247637-7e59-4671-9487-192b6829a40a@group-BD618050F398-LeaderElection70] INFO  server.RaftServerConfigKeys (ConfUtils.java:logGet(43)) - raft.server.log.appender.install.snapshot.enabled = false (custom)
2019-11-14 03:47:17,568 [bf247637-7e59-4671-9487-192b6829a40a@group-BD618050F398-LeaderElection70] INFO  impl.RoleInfo (RoleInfo.java:updateAndGet(143)) - bf247637-7e59-4671-9487-192b6829a40a: start LeaderState
2019-11-14 03:47:17,568 [bf247637-7e59-4671-9487-192b6829a40a@group-BD618050F398-LeaderElection70] INFO  segmented.SegmentedRaftLogWorker (SegmentedRaftLogWorker.java:startLogSegment(385)) - bf247637-7e59-4671-9487-192b6829a40a@group-BD618050F398-SegmentedRaftLogWorker: Starting segment from index:0
2019-11-14 03:47:17,569 [bf247637-7e59-4671-9487-192b6829a40a@group-BD618050F398-LeaderElection70] INFO  impl.RaftServerImpl (ServerState.java:setRaftConf(356)) - bf247637-7e59-4671-9487-192b6829a40a@group-BD618050F398: set configuration 0: [d8a9c999-7748-4aa6-a9a9-ef73d9884e3c:192.168.157.206:34054, ad307801-f957-4403-adfc-9cdab46587c3:192.168.157.206:36473, bf247637-7e59-4671-9487-192b6829a40a:192.168.157.206:41118], old=null at 0
2019-11-14 03:47:17,570 [grpc-default-executor-1] INFO  ratis.XceiverServerRatis (XceiverServerRatis.java:handleLeaderChangedNotification(697)) - Leader change notification received for group: group-BD618050F398 with new leaderId: bf247637-7e59-4671-9487-192b6829a40a
2019-11-14 03:47:17,570 [grpc-default-executor-1] INFO  impl.RaftServerImpl (ServerState.java:setLeader(255)) - d8a9c999-7748-4aa6-a9a9-ef73d9884e3c@group-BD618050F398: change Leader from null to bf247637-7e59-4671-9487-192b6829a40a at term 1 for appendEntries, leader elected after 1241ms
2019-11-14 03:47:17,570 [grpc-default-executor-2] INFO  ratis.XceiverServerRatis (XceiverServerRatis.java:handleLeaderChangedNotification(697)) - Leader change notification received for group: group-BD618050F398 with new leaderId: bf247637-7e59-4671-9487-192b6829a40a
2019-11-14 03:47:17,571 [grpc-default-executor-2] INFO  impl.RaftServerImpl (ServerState.java:setLeader(255)) - ad307801-f957-4403-adfc-9cdab46587c3@group-BD618050F398: change Leader from null to bf247637-7e59-4671-9487-192b6829a40a at term 1 for appendEntries, leader elected after 1242ms
2019-11-14 03:47:17,573 [grpc-default-executor-2] INFO  impl.RaftServerImpl (ServerState.java:setRaftConf(356)) - d8a9c999-7748-4aa6-a9a9-ef73d9884e3c@group-BD618050F398: set configuration 0: [d8a9c999-7748-4aa6-a9a9-ef73d9884e3c:192.168.157.206:34054, ad307801-f957-4403-adfc-9cdab46587c3:192.168.157.206:36473, bf247637-7e59-4671-9487-192b6829a40a:192.168.157.206:41118], old=null at 0
2019-11-14 03:47:17,573 [grpc-default-executor-1] INFO  impl.RaftServerImpl (ServerState.java:setRaftConf(356)) - ad307801-f957-4403-adfc-9cdab46587c3@group-BD618050F398: set configuration 0: [d8a9c999-7748-4aa6-a9a9-ef73d9884e3c:192.168.157.206:34054, ad307801-f957-4403-adfc-9cdab46587c3:192.168.157.206:36473, bf247637-7e59-4671-9487-192b6829a40a:192.168.157.206:41118], old=null at 0
2019-11-14 03:47:17,573 [grpc-default-executor-2] INFO  segmented.SegmentedRaftLogWorker (SegmentedRaftLogWorker.java:startLogSegment(385)) - d8a9c999-7748-4aa6-a9a9-ef73d9884e3c@group-BD618050F398-SegmentedRaftLogWorker: Starting segment from index:0
2019-11-14 03:47:17,573 [grpc-default-executor-1] INFO  segmented.SegmentedRaftLogWorker (SegmentedRaftLogWorker.java:startLogSegment(385)) - ad307801-f957-4403-adfc-9cdab46587c3@group-BD618050F398-SegmentedRaftLogWorker: Starting segment from index:0
2019-11-14 03:47:17,589 [Thread-1637] INFO  impl.FollowerState (FollowerState.java:run(111)) - 7901d021-b70d-41b4-a3ee-3511e4cb511a@group-BE0E3AC06B50-FollowerState: change to CANDIDATE, lastRpcTime:1030ms, electionTimeout:1030ms
2019-11-14 03:47:17,589 [Thread-1637] INFO  impl.RoleInfo (RoleInfo.java:shutdownFollowerState(121)) - 7901d021-b70d-41b4-a3ee-3511e4cb511a: shutdown FollowerState
2019-11-14 03:47:17,589 [Thread-1637] INFO  impl.RaftServerImpl (RaftServerImpl.java:setRole(173)) - 7901d021-b70d-41b4-a3ee-3511e4cb511a@group-BE0E3AC06B50: changes role from  FOLLOWER to CANDIDATE at term 0 for changeToCandidate
2019-11-14 03:47:17,589 [Thread-1637] INFO  impl.RoleInfo (RoleInfo.java:updateAndGet(143)) - 7901d021-b70d-41b4-a3ee-3511e4cb511a: start LeaderElection
2019-11-14 03:47:17,609 [Thread-1633] INFO  impl.FollowerState (FollowerState.java:run(111)) - 78429c2b-19b5-43a0-84bb-c976fd750a70@group-4A0DDCD43B4A-FollowerState: change to CANDIDATE, lastRpcTime:1112ms, electionTimeout:1102ms
2019-11-14 03:47:17,609 [Thread-1633] INFO  impl.RoleInfo (RoleInfo.java:shutdownFollowerState(121)) - 78429c2b-19b5-43a0-84bb-c976fd750a70: shutdown FollowerState
2019-11-14 03:47:17,609 [Thread-1633] INFO  impl.RaftServerImpl (RaftServerImpl.java:setRole(173)) - 78429c2b-19b5-43a0-84bb-c976fd750a70@group-4A0DDCD43B4A: changes role from  FOLLOWER to CANDIDATE at term 0 for changeToCandidate
2019-11-14 03:47:17,609 [Thread-1633] INFO  impl.RoleInfo (RoleInfo.java:updateAndGet(143)) - 78429c2b-19b5-43a0-84bb-c976fd750a70: start LeaderElection
2019-11-14 03:47:17,615 [Thread-1628] INFO  impl.FollowerState (FollowerState.java:run(111)) - d4b369d8-a85d-4b99-b953-37bddccdea6c@group-4A0DDCD43B4A-FollowerState: change to CANDIDATE, lastRpcTime:1120ms, electionTimeout:1120ms
2019-11-14 03:47:17,615 [Thread-1628] INFO  impl.RoleInfo (RoleInfo.java:shutdownFollowerState(121)) - d4b369d8-a85d-4b99-b953-37bddccdea6c: shutdown FollowerState
2019-11-14 03:47:17,615 [Thread-1628] INFO  impl.RaftServerImpl (RaftServerImpl.java:setRole(173)) - d4b369d8-a85d-4b99-b953-37bddccdea6c@group-4A0DDCD43B4A: changes role from  FOLLOWER to CANDIDATE at term 0 for changeToCandidate
2019-11-14 03:47:17,615 [Thread-1628] INFO  impl.RoleInfo (RoleInfo.java:updateAndGet(143)) - d4b369d8-a85d-4b99-b953-37bddccdea6c: start LeaderElection
2019-11-14 03:47:17,632 [d8a9c999-7748-4aa6-a9a9-ef73d9884e3c@group-BD618050F398-SegmentedRaftLogWorker] INFO  segmented.SegmentedRaftLogWorker (SegmentedRaftLogWorker.java:execute(576)) - d8a9c999-7748-4aa6-a9a9-ef73d9884e3c@group-BD618050F398-SegmentedRaftLogWorker: created new log segment /workdir/hadoop-ozone/integration-test/target/test-dir/MiniOzoneClusterImpl-db6fd866-6788-41aa-8e01-4626558b27a7/datanode-3/data/ratis/d9d246e1-a866-4ba7-b593-bd618050f398/current/log_inprogress_0
2019-11-14 03:47:17,632 [d4b369d8-a85d-4b99-b953-37bddccdea6c@group-02DDE111E4AD-SegmentedRaftLogWorker] INFO  segmented.SegmentedRaftLogWorker (SegmentedRaftLogWorker.java:execute(576)) - d4b369d8-a85d-4b99-b953-37bddccdea6c@group-02DDE111E4AD-SegmentedRaftLogWorker: created new log segment /workdir/hadoop-ozone/integration-test/target/test-dir/MiniOzoneClusterImpl-db6fd866-6788-41aa-8e01-4626558b27a7/datanode-2/data/ratis/da336094-5336-4cce-845b-02dde111e4ad/current/log_inprogress_0
2019-11-14 03:47:17,633 [78429c2b-19b5-43a0-84bb-c976fd750a70@group-4A0DDCD43B4A-LeaderElection74] INFO  impl.LeaderElection (LeaderElection.java:askForVotes(178)) - 78429c2b-19b5-43a0-84bb-c976fd750a70@group-4A0DDCD43B4A-LeaderElection74: begin an election at term 1 for -1: [6c36bdee-0f85-4acd-86c8-ce53960cf4ab:192.168.157.206:40913, 78429c2b-19b5-43a0-84bb-c976fd750a70:192.168.157.206:33494, d4b369d8-a85d-4b99-b953-37bddccdea6c:192.168.157.206:40232], old=null
2019-11-14 03:47:17,633 [7901d021-b70d-41b4-a3ee-3511e4cb511a@group-BE0E3AC06B50-LeaderElection73] INFO  impl.LeaderElection (LeaderElection.java:askForVotes(178)) - 7901d021-b70d-41b4-a3ee-3511e4cb511a@group-BE0E3AC06B50-LeaderElection73: begin an election at term 1 for -1: [7901d021-b70d-41b4-a3ee-3511e4cb511a:192.168.157.206:32814], old=null
2019-11-14 03:47:17,632 [d4b369d8-a85d-4b99-b953-37bddccdea6c@group-4A0DDCD43B4A-LeaderElection75] INFO  impl.LeaderElection (LeaderElection.java:askForVotes(178)) - d4b369d8-a85d-4b99-b953-37bddccdea6c@group-4A0DDCD43B4A-LeaderElection75: begin an election at term 1 for -1: [6c36bdee-0f85-4acd-86c8-ce53960cf4ab:192.168.157.206:40913, 78429c2b-19b5-43a0-84bb-c976fd750a70:192.168.157.206:33494, d4b369d8-a85d-4b99-b953-37bddccdea6c:192.168.157.206:40232], old=null
2019-11-14 03:47:17,632 [ad307801-f957-4403-adfc-9cdab46587c3@group-BD618050F398-SegmentedRaftLogWorker] INFO  segmented.SegmentedRaftLogWorker (SegmentedRaftLogWorker.java:execute(576)) - ad307801-f957-4403-adfc-9cdab46587c3@group-BD618050F398-SegmentedRaftLogWorker: created new log segment /workdir/hadoop-ozone/integration-test/target/test-dir/MiniOzoneClusterImpl-db6fd866-6788-41aa-8e01-4626558b27a7/datanode-8/data/ratis/d9d246e1-a866-4ba7-b593-bd618050f398/current/log_inprogress_0
2019-11-14 03:47:17,632 [bf247637-7e59-4671-9487-192b6829a40a@group-BD618050F398-SegmentedRaftLogWorker] INFO  segmented.SegmentedRaftLogWorker (SegmentedRaftLogWorker.java:execute(576)) - bf247637-7e59-4671-9487-192b6829a40a@group-BD618050F398-SegmentedRaftLogWorker: created new log segment /workdir/hadoop-ozone/integration-test/target/test-dir/MiniOzoneClusterImpl-db6fd866-6788-41aa-8e01-4626558b27a7/datanode-6/data/ratis/d9d246e1-a866-4ba7-b593-bd618050f398/current/log_inprogress_0
2019-11-14 03:47:17,633 [7901d021-b70d-41b4-a3ee-3511e4cb511a@group-BE0E3AC06B50-LeaderElection73] INFO  impl.RoleInfo (RoleInfo.java:shutdownLeaderElection(134)) - 7901d021-b70d-41b4-a3ee-3511e4cb511a: shutdown LeaderElection
2019-11-14 03:47:17,633 [7901d021-b70d-41b4-a3ee-3511e4cb511a@group-BE0E3AC06B50-LeaderElection73] INFO  impl.RaftServerImpl (RaftServerImpl.java:setRole(173)) - 7901d021-b70d-41b4-a3ee-3511e4cb511a@group-BE0E3AC06B50: changes role from CANDIDATE to LEADER at term 1 for changeToLeader
2019-11-14 03:47:17,634 [7901d021-b70d-41b4-a3ee-3511e4cb511a@group-BE0E3AC06B50-LeaderElection73] INFO  ratis.XceiverServerRatis (XceiverServerRatis.java:handleLeaderChangedNotification(697)) - Leader change notification received for group: group-BE0E3AC06B50 with new leaderId: 7901d021-b70d-41b4-a3ee-3511e4cb511a
2019-11-14 03:47:17,634 [7901d021-b70d-41b4-a3ee-3511e4cb511a@group-BE0E3AC06B50-LeaderElection73] INFO  impl.RaftServerImpl (ServerState.java:setLeader(255)) - 7901d021-b70d-41b4-a3ee-3511e4cb511a@group-BE0E3AC06B50: change Leader from null to 7901d021-b70d-41b4-a3ee-3511e4cb511a at term 1 for becomeLeader, leader elected after 1079ms
2019-11-14 03:47:17,634 [7901d021-b70d-41b4-a3ee-3511e4cb511a@group-BE0E3AC06B50-LeaderElection73] INFO  server.RaftServerConfigKeys (ConfUtils.java:logGet(43)) - raft.server.staging.catchup.gap = 1000 (default)
2019-11-14 03:47:17,634 [7901d021-b70d-41b4-a3ee-3511e4cb511a@group-BE0E3AC06B50-LeaderElection73] INFO  server.RaftServerConfigKeys (ConfUtils.java:logGet(43)) - raft.server.rpc.sleep.time = 25ms (default)
2019-11-14 03:47:17,635 [7901d021-b70d-41b4-a3ee-3511e4cb511a@group-BE0E3AC06B50-LeaderElection73] INFO  server.RaftServerConfigKeys (ConfUtils.java:logGet(43)) - raft.server.write.element-limit = 4096 (default)
2019-11-14 03:47:17,635 [7901d021-b70d-41b4-a3ee-3511e4cb511a@group-BE0E3AC06B50-LeaderElection73] INFO  server.RaftServerConfigKeys (ConfUtils.java:logGet(43)) - raft.server.watch.timeout = 10s (default)
2019-11-14 03:47:17,635 [7901d021-b70d-41b4-a3ee-3511e4cb511a@group-BE0E3AC06B50-LeaderElection73] INFO  server.RaftServerConfigKeys (ConfUtils.java:logGet(43)) - raft.server.watch.timeout.denomination = 1s (default)
2019-11-14 03:47:17,635 [7901d021-b70d-41b4-a3ee-3511e4cb511a@group-BE0E3AC06B50-LeaderElection73] INFO  server.RaftServerConfigKeys (ConfUtils.java:logGet(43)) - raft.server.watch.element-limit = 65536 (default)
2019-11-14 03:47:17,635 [EventQueue-PipelineReportForPipelineReportHandler] INFO  pipeline.PipelineStateManager (PipelineStateManager.java:openPipeline(134)) - Pipeline Pipeline[ Id: e48132fd-2252-47e7-89eb-be0e3ac06b50, Nodes: 7901d021-b70d-41b4-a3ee-3511e4cb511a{ip: 192.168.157.206, host: trunk-nightly-20191114-k5n9k-339518648, networkLocation: /rack1, certSerialId: null}, Type:RATIS, Factor:ONE, State:OPEN] moved to OPEN state
2019-11-14 03:47:17,635 [7901d021-b70d-41b4-a3ee-3511e4cb511a@group-BE0E3AC06B50-LeaderElection73] INFO  impl.RoleInfo (RoleInfo.java:updateAndGet(143)) - 7901d021-b70d-41b4-a3ee-3511e4cb511a: start LeaderState
2019-11-14 03:47:17,635 [grpc-default-executor-1] INFO  impl.RaftServerImpl (RaftServerImpl.java:setRole(173)) - 6c36bdee-0f85-4acd-86c8-ce53960cf4ab@group-4A0DDCD43B4A: changes role from  FOLLOWER to FOLLOWER at term 1 for recognizeCandidate:78429c2b-19b5-43a0-84bb-c976fd750a70
2019-11-14 03:47:17,640 [7901d021-b70d-41b4-a3ee-3511e4cb511a@group-BE0E3AC06B50-LeaderElection73] INFO  segmented.SegmentedRaftLogWorker (SegmentedRaftLogWorker.java:startLogSegment(385)) - 7901d021-b70d-41b4-a3ee-3511e4cb511a@group-BE0E3AC06B50-SegmentedRaftLogWorker: Starting segment from index:0
2019-11-14 03:47:17,640 [grpc-default-executor-1] INFO  impl.RoleInfo (RoleInfo.java:shutdownFollowerState(121)) - 6c36bdee-0f85-4acd-86c8-ce53960cf4ab: shutdown FollowerState
2019-11-14 03:47:17,642 [grpc-default-executor-1] INFO  impl.RoleInfo (RoleInfo.java:updateAndGet(143)) - 6c36bdee-0f85-4acd-86c8-ce53960cf4ab: start FollowerState
2019-11-14 03:47:17,642 [Thread-1629] INFO  impl.FollowerState (FollowerState.java:run(120)) - 6c36bdee-0f85-4acd-86c8-ce53960cf4ab@group-4A0DDCD43B4A-FollowerState was interrupted: java.lang.InterruptedException: sleep interrupted
2019-11-14 03:47:17,642 [7901d021-b70d-41b4-a3ee-3511e4cb511a@group-BE0E3AC06B50-LeaderElection73] INFO  impl.RaftServerImpl (ServerState.java:setRaftConf(356)) - 7901d021-b70d-41b4-a3ee-3511e4cb511a@group-BE0E3AC06B50: set configuration 0: [7901d021-b70d-41b4-a3ee-3511e4cb511a:192.168.157.206:32814], old=null at 0
2019-11-14 03:47:17,672 [78429c2b-19b5-43a0-84bb-c976fd750a70@group-4A0DDCD43B4A-LeaderElection74] INFO  impl.LeaderElection (LeaderElection.java:logAndReturn(56)) - 78429c2b-19b5-43a0-84bb-c976fd750a70@group-4A0DDCD43B4A-LeaderElection74: Election PASSED; received 2 response(s) [78429c2b-19b5-43a0-84bb-c976fd750a70<-6c36bdee-0f85-4acd-86c8-ce53960cf4ab#0:OK-t1, 78429c2b-19b5-43a0-84bb-c976fd750a70<-d4b369d8-a85d-4b99-b953-37bddccdea6c#0:FAIL-t1] and 0 exception(s); 78429c2b-19b5-43a0-84bb-c976fd750a70@group-4A0DDCD43B4A:t1, leader=null, voted=78429c2b-19b5-43a0-84bb-c976fd750a70, raftlog=78429c2b-19b5-43a0-84bb-c976fd750a70@group-4A0DDCD43B4A-SegmentedRaftLog:OPENED:c-1,f-1,i0, conf=-1: [6c36bdee-0f85-4acd-86c8-ce53960cf4ab:192.168.157.206:40913, 78429c2b-19b5-43a0-84bb-c976fd750a70:192.168.157.206:33494, d4b369d8-a85d-4b99-b953-37bddccdea6c:192.168.157.206:40232], old=null
2019-11-14 03:47:17,672 [d4b369d8-a85d-4b99-b953-37bddccdea6c@group-4A0DDCD43B4A-LeaderElection75] INFO  impl.LeaderElection (LeaderElection.java:logAndReturn(56)) - d4b369d8-a85d-4b99-b953-37bddccdea6c@group-4A0DDCD43B4A-LeaderElection75: Election REJECTED; received 2 response(s) [d4b369d8-a85d-4b99-b953-37bddccdea6c<-6c36bdee-0f85-4acd-86c8-ce53960cf4ab#0:FAIL-t1, d4b369d8-a85d-4b99-b953-37bddccdea6c<-78429c2b-19b5-43a0-84bb-c976fd750a70#0:FAIL-t1] and 0 exception(s); d4b369d8-a85d-4b99-b953-37bddccdea6c@group-4A0DDCD43B4A:t1, leader=null, voted=d4b369d8-a85d-4b99-b953-37bddccdea6c, raftlog=d4b369d8-a85d-4b99-b953-37bddccdea6c@group-4A0DDCD43B4A-SegmentedRaftLog:OPENED:c-1,f-1,i0, conf=-1: [6c36bdee-0f85-4acd-86c8-ce53960cf4ab:192.168.157.206:40913, 78429c2b-19b5-43a0-84bb-c976fd750a70:192.168.157.206:33494, d4b369d8-a85d-4b99-b953-37bddccdea6c:192.168.157.206:40232], old=null
2019-11-14 03:47:17,673 [78429c2b-19b5-43a0-84bb-c976fd750a70@group-4A0DDCD43B4A-LeaderElection74] INFO  impl.RoleInfo (RoleInfo.java:shutdownLeaderElection(134)) - 78429c2b-19b5-43a0-84bb-c976fd750a70: shutdown LeaderElection
2019-11-14 03:47:17,673 [d4b369d8-a85d-4b99-b953-37bddccdea6c@group-4A0DDCD43B4A-LeaderElection75] INFO  impl.RaftServerImpl (RaftServerImpl.java:setRole(173)) - d4b369d8-a85d-4b99-b953-37bddccdea6c@group-4A0DDCD43B4A: changes role from CANDIDATE to FOLLOWER at term 1 for DISCOVERED_A_NEW_TERM
2019-11-14 03:47:17,673 [78429c2b-19b5-43a0-84bb-c976fd750a70@group-4A0DDCD43B4A-LeaderElection74] INFO  impl.RaftServerImpl (RaftServerImpl.java:setRole(173)) - 78429c2b-19b5-43a0-84bb-c976fd750a70@group-4A0DDCD43B4A: changes role from CANDIDATE to LEADER at term 1 for changeToLeader
2019-11-14 03:47:17,673 [d4b369d8-a85d-4b99-b953-37bddccdea6c@group-4A0DDCD43B4A-LeaderElection75] INFO  impl.RoleInfo (RoleInfo.java:shutdownLeaderElection(134)) - d4b369d8-a85d-4b99-b953-37bddccdea6c: shutdown LeaderElection
2019-11-14 03:47:17,673 [78429c2b-19b5-43a0-84bb-c976fd750a70@group-4A0DDCD43B4A-LeaderElection74] INFO  ratis.XceiverServerRatis (XceiverServerRatis.java:handleLeaderChangedNotification(697)) - Leader change notification received for group: group-4A0DDCD43B4A with new leaderId: 78429c2b-19b5-43a0-84bb-c976fd750a70
2019-11-14 03:47:17,673 [d4b369d8-a85d-4b99-b953-37bddccdea6c@group-4A0DDCD43B4A-LeaderElection75] INFO  impl.RoleInfo (RoleInfo.java:updateAndGet(143)) - d4b369d8-a85d-4b99-b953-37bddccdea6c: start FollowerState
2019-11-14 03:47:17,673 [78429c2b-19b5-43a0-84bb-c976fd750a70@group-4A0DDCD43B4A-LeaderElection74] INFO  impl.RaftServerImpl (ServerState.java:setLeader(255)) - 78429c2b-19b5-43a0-84bb-c976fd750a70@group-4A0DDCD43B4A: change Leader from null to 78429c2b-19b5-43a0-84bb-c976fd750a70 at term 1 for becomeLeader, leader elected after 1184ms
2019-11-14 03:47:17,673 [78429c2b-19b5-43a0-84bb-c976fd750a70@group-4A0DDCD43B4A-LeaderElection74] INFO  server.RaftServerConfigKeys (ConfUtils.java:logGet(43)) - raft.server.staging.catchup.gap = 1000 (default)
2019-11-14 03:47:17,673 [78429c2b-19b5-43a0-84bb-c976fd750a70@group-4A0DDCD43B4A-LeaderElection74] INFO  server.RaftServerConfigKeys (ConfUtils.java:logGet(43)) - raft.server.rpc.sleep.time = 25ms (default)
2019-11-14 03:47:17,674 [78429c2b-19b5-43a0-84bb-c976fd750a70@group-4A0DDCD43B4A-LeaderElection74] INFO  server.RaftServerConfigKeys (ConfUtils.java:logGet(43)) - raft.server.write.element-limit = 4096 (default)
2019-11-14 03:47:17,674 [78429c2b-19b5-43a0-84bb-c976fd750a70@group-4A0DDCD43B4A-LeaderElection74] INFO  server.RaftServerConfigKeys (ConfUtils.java:logGet(43)) - raft.server.watch.timeout = 10s (default)
2019-11-14 03:47:17,674 [78429c2b-19b5-43a0-84bb-c976fd750a70@group-4A0DDCD43B4A-LeaderElection74] INFO  server.RaftServerConfigKeys (ConfUtils.java:logGet(43)) - raft.server.watch.timeout.denomination = 1s (default)
2019-11-14 03:47:17,674 [78429c2b-19b5-43a0-84bb-c976fd750a70@group-4A0DDCD43B4A-LeaderElection74] INFO  server.RaftServerConfigKeys (ConfUtils.java:logGet(43)) - raft.server.watch.element-limit = 65536 (default)
2019-11-14 03:47:17,674 [78429c2b-19b5-43a0-84bb-c976fd750a70@group-4A0DDCD43B4A-LeaderElection74] INFO  server.RaftServerConfigKeys (ConfUtils.java:logGet(43)) - raft.server.log.appender.snapshot.chunk.size.max = 16MB (=16777216) (default)
2019-11-14 03:47:17,674 [EventQueue-PipelineReportForPipelineReportHandler] INFO  pipeline.PipelineStateManager (PipelineStateManager.java:openPipeline(134)) - Pipeline Pipeline[ Id: 0c125d40-63a2-4734-b67a-4a0ddcd43b4a, Nodes: d4b369d8-a85d-4b99-b953-37bddccdea6c{ip: 192.168.157.206, host: trunk-nightly-20191114-k5n9k-339518648, networkLocation: /rack1, certSerialId: null}78429c2b-19b5-43a0-84bb-c976fd750a70{ip: 192.168.157.206, host: trunk-nightly-20191114-k5n9k-339518648, networkLocation: /rack1, certSerialId: null}6c36bdee-0f85-4acd-86c8-ce53960cf4ab{ip: 192.168.157.206, host: trunk-nightly-20191114-k5n9k-339518648, networkLocation: /rack1, certSerialId: null}, Type:RATIS, Factor:THREE, State:OPEN] moved to OPEN state
2019-11-14 03:47:17,674 [78429c2b-19b5-43a0-84bb-c976fd750a70@group-4A0DDCD43B4A-LeaderElection74] INFO  server.RaftServerConfigKeys (ConfUtils.java:logGet(43)) - raft.server.log.appender.buffer.byte-limit = 33554432 (custom)
2019-11-14 03:47:17,674 [78429c2b-19b5-43a0-84bb-c976fd750a70@group-4A0DDCD43B4A-LeaderElection74] INFO  server.RaftServerConfigKeys (ConfUtils.java:logGet(43)) - raft.server.log.appender.buffer.element-limit = 1 (custom)
2019-11-14 03:47:17,675 [78429c2b-19b5-43a0-84bb-c976fd750a70@group-4A0DDCD43B4A-LeaderElection74] INFO  grpc.GrpcConfigKeys$Server (ConfUtils.java:logGet(43)) - raft.grpc.server.leader.outstanding.appends.max = 128 (default)
2019-11-14 03:47:17,675 [78429c2b-19b5-43a0-84bb-c976fd750a70@group-4A0DDCD43B4A-LeaderElection74] INFO  server.RaftServerConfigKeys (ConfUtils.java:logGet(43)) - raft.server.rpc.request.timeout = 3000ms (default)
2019-11-14 03:47:17,675 [78429c2b-19b5-43a0-84bb-c976fd750a70@group-4A0DDCD43B4A-LeaderElection74] INFO  server.RaftServerConfigKeys (ConfUtils.java:logGet(43)) - raft.server.log.appender.install.snapshot.enabled = false (custom)
2019-11-14 03:47:17,675 [78429c2b-19b5-43a0-84bb-c976fd750a70@group-4A0DDCD43B4A-LeaderElection74] WARN  impl.MetricRegistriesImpl (MetricRegistriesImpl.java:lambda$create$1(61)) - First MetricRegistry has been created without registering reporters. You may need to call MetricRegistries.global().addReportRegistration(...) before.
2019-11-14 03:47:17,675 [78429c2b-19b5-43a0-84bb-c976fd750a70@group-4A0DDCD43B4A-LeaderElection74] INFO  server.RaftServerConfigKeys (ConfUtils.java:logGet(43)) - raft.server.log.appender.snapshot.chunk.size.max = 16MB (=16777216) (default)
2019-11-14 03:47:17,675 [78429c2b-19b5-43a0-84bb-c976fd750a70@group-4A0DDCD43B4A-LeaderElection74] INFO  server.RaftServerConfigKeys (ConfUtils.java:logGet(43)) - raft.server.log.appender.buffer.byte-limit = 33554432 (custom)
2019-11-14 03:47:17,675 [78429c2b-19b5-43a0-84bb-c976fd750a70@group-4A0DDCD43B4A-LeaderElection74] INFO  server.RaftServerConfigKeys (ConfUtils.java:logGet(43)) - raft.server.log.appender.buffer.element-limit = 1 (custom)
2019-11-14 03:47:17,675 [78429c2b-19b5-43a0-84bb-c976fd750a70@group-4A0DDCD43B4A-LeaderElection74] INFO  grpc.GrpcConfigKeys$Server (ConfUtils.java:logGet(43)) - raft.grpc.server.leader.outstanding.appends.max = 128 (default)
2019-11-14 03:47:17,675 [78429c2b-19b5-43a0-84bb-c976fd750a70@group-4A0DDCD43B4A-LeaderElection74] INFO  server.RaftServerConfigKeys (ConfUtils.java:logGet(43)) - raft.server.rpc.request.timeout = 3000ms (default)
2019-11-14 03:47:17,676 [78429c2b-19b5-43a0-84bb-c976fd750a70@group-4A0DDCD43B4A-LeaderElection74] INFO  server.RaftServerConfigKeys (ConfUtils.java:logGet(43)) - raft.server.log.appender.install.snapshot.enabled = false (custom)
2019-11-14 03:47:17,676 [78429c2b-19b5-43a0-84bb-c976fd750a70@group-4A0DDCD43B4A-LeaderElection74] INFO  impl.RoleInfo (RoleInfo.java:updateAndGet(143)) - 78429c2b-19b5-43a0-84bb-c976fd750a70: start LeaderState
2019-11-14 03:47:17,676 [78429c2b-19b5-43a0-84bb-c976fd750a70@group-4A0DDCD43B4A-LeaderElection74] INFO  segmented.SegmentedRaftLogWorker (SegmentedRaftLogWorker.java:startLogSegment(385)) - 78429c2b-19b5-43a0-84bb-c976fd750a70@group-4A0DDCD43B4A-SegmentedRaftLogWorker: Starting segment from index:0
2019-11-14 03:47:17,676 [78429c2b-19b5-43a0-84bb-c976fd750a70@group-4A0DDCD43B4A-LeaderElection74] INFO  impl.RaftServerImpl (ServerState.java:setRaftConf(356)) - 78429c2b-19b5-43a0-84bb-c976fd750a70@group-4A0DDCD43B4A: set configuration 0: [6c36bdee-0f85-4acd-86c8-ce53960cf4ab:192.168.157.206:40913, 78429c2b-19b5-43a0-84bb-c976fd750a70:192.168.157.206:33494, d4b369d8-a85d-4b99-b953-37bddccdea6c:192.168.157.206:40232], old=null at 0
2019-11-14 03:47:17,704 [7901d021-b70d-41b4-a3ee-3511e4cb511a@group-BE0E3AC06B50-SegmentedRaftLogWorker] INFO  segmented.SegmentedRaftLogWorker (SegmentedRaftLogWorker.java:execute(576)) - 7901d021-b70d-41b4-a3ee-3511e4cb511a@group-BE0E3AC06B50-SegmentedRaftLogWorker: created new log segment /workdir/hadoop-ozone/integration-test/target/test-dir/MiniOzoneClusterImpl-db6fd866-6788-41aa-8e01-4626558b27a7/datanode-9/data/ratis/e48132fd-2252-47e7-89eb-be0e3ac06b50/current/log_inprogress_0
2019-11-14 03:47:17,713 [grpc-default-executor-2] INFO  ratis.XceiverServerRatis (XceiverServerRatis.java:handleLeaderChangedNotification(697)) - Leader change notification received for group: group-4A0DDCD43B4A with new leaderId: 78429c2b-19b5-43a0-84bb-c976fd750a70
2019-11-14 03:47:17,713 [grpc-default-executor-2] INFO  impl.RaftServerImpl (ServerState.java:setLeader(255)) - 6c36bdee-0f85-4acd-86c8-ce53960cf4ab@group-4A0DDCD43B4A: change Leader from null to 78429c2b-19b5-43a0-84bb-c976fd750a70 at term 1 for appendEntries, leader elected after 1224ms
2019-11-14 03:47:17,714 [grpc-default-executor-1] INFO  ratis.XceiverServerRatis (XceiverServerRatis.java:handleLeaderChangedNotification(697)) - Leader change notification received for group: group-4A0DDCD43B4A with new leaderId: 78429c2b-19b5-43a0-84bb-c976fd750a70
2019-11-14 03:47:17,714 [grpc-default-executor-1] INFO  impl.RaftServerImpl (ServerState.java:setLeader(255)) - d4b369d8-a85d-4b99-b953-37bddccdea6c@group-4A0DDCD43B4A: change Leader from null to 78429c2b-19b5-43a0-84bb-c976fd750a70 at term 1 for appendEntries, leader elected after 1225ms
2019-11-14 03:47:17,715 [grpc-default-executor-1] INFO  impl.RaftServerImpl (ServerState.java:setRaftConf(356)) - 6c36bdee-0f85-4acd-86c8-ce53960cf4ab@group-4A0DDCD43B4A: set configuration 0: [6c36bdee-0f85-4acd-86c8-ce53960cf4ab:192.168.157.206:40913, 78429c2b-19b5-43a0-84bb-c976fd750a70:192.168.157.206:33494, d4b369d8-a85d-4b99-b953-37bddccdea6c:192.168.157.206:40232], old=null at 0
2019-11-14 03:47:17,715 [grpc-default-executor-1] INFO  segmented.SegmentedRaftLogWorker (SegmentedRaftLogWorker.java:startLogSegment(385)) - 6c36bdee-0f85-4acd-86c8-ce53960cf4ab@group-4A0DDCD43B4A-SegmentedRaftLogWorker: Starting segment from index:0
2019-11-14 03:47:17,715 [grpc-default-executor-2] INFO  impl.RaftServerImpl (ServerState.java:setRaftConf(356)) - d4b369d8-a85d-4b99-b953-37bddccdea6c@group-4A0DDCD43B4A: set configuration 0: [6c36bdee-0f85-4acd-86c8-ce53960cf4ab:192.168.157.206:40913, 78429c2b-19b5-43a0-84bb-c976fd750a70:192.168.157.206:33494, d4b369d8-a85d-4b99-b953-37bddccdea6c:192.168.157.206:40232], old=null at 0
2019-11-14 03:47:17,716 [grpc-default-executor-2] INFO  segmented.SegmentedRaftLogWorker (SegmentedRaftLogWorker.java:startLogSegment(385)) - d4b369d8-a85d-4b99-b953-37bddccdea6c@group-4A0DDCD43B4A-SegmentedRaftLogWorker: Starting segment from index:0
2019-11-14 03:47:17,726 [78429c2b-19b5-43a0-84bb-c976fd750a70@group-4A0DDCD43B4A-SegmentedRaftLogWorker] INFO  segmented.SegmentedRaftLogWorker (SegmentedRaftLogWorker.java:execute(576)) - 78429c2b-19b5-43a0-84bb-c976fd750a70@group-4A0DDCD43B4A-SegmentedRaftLogWorker: created new log segment /workdir/hadoop-ozone/integration-test/target/test-dir/MiniOzoneClusterImpl-db6fd866-6788-41aa-8e01-4626558b27a7/datanode-1/data/ratis/0c125d40-63a2-4734-b67a-4a0ddcd43b4a/current/log_inprogress_0
2019-11-14 03:47:17,754 [Datanode State Machine Thread - 0] INFO  statemachine.DatanodeStateMachine (DatanodeStateMachine.java:lambda$startDaemon$0(350)) - Ozone container server started.
2019-11-14 03:47:17,770 [d4b369d8-a85d-4b99-b953-37bddccdea6c@group-4A0DDCD43B4A-SegmentedRaftLogWorker] INFO  segmented.SegmentedRaftLogWorker (SegmentedRaftLogWorker.java:execute(576)) - d4b369d8-a85d-4b99-b953-37bddccdea6c@group-4A0DDCD43B4A-SegmentedRaftLogWorker: created new log segment /workdir/hadoop-ozone/integration-test/target/test-dir/MiniOzoneClusterImpl-db6fd866-6788-41aa-8e01-4626558b27a7/datanode-2/data/ratis/0c125d40-63a2-4734-b67a-4a0ddcd43b4a/current/log_inprogress_0
2019-11-14 03:47:17,770 [6c36bdee-0f85-4acd-86c8-ce53960cf4ab@group-4A0DDCD43B4A-SegmentedRaftLogWorker] INFO  segmented.SegmentedRaftLogWorker (SegmentedRaftLogWorker.java:execute(576)) - 6c36bdee-0f85-4acd-86c8-ce53960cf4ab@group-4A0DDCD43B4A-SegmentedRaftLogWorker: created new log segment /workdir/hadoop-ozone/integration-test/target/test-dir/MiniOzoneClusterImpl-db6fd866-6788-41aa-8e01-4626558b27a7/datanode-0/data/ratis/0c125d40-63a2-4734-b67a-4a0ddcd43b4a/current/log_inprogress_0
2019-11-14 03:47:22,436 [main] INFO  ozoneimpl.OzoneContainer (OzoneContainer.java:stop(244)) - Attempting to stop container services.
2019-11-14 03:47:22,436 [ForkJoinPool.commonPool-worker-1] INFO  ozoneimpl.OzoneContainer (OzoneContainer.java:stop(244)) - Attempting to stop container services.
2019-11-14 03:47:22,439 [ForkJoinPool.commonPool-worker-1] INFO  impl.RaftServerProxy (RaftServerProxy.java:lambda$close$4(314)) - d4b369d8-a85d-4b99-b953-37bddccdea6c: close
2019-11-14 03:47:22,439 [main] INFO  impl.RaftServerProxy (RaftServerProxy.java:lambda$close$4(314)) - 3a789c1e-652a-4343-9c47-49015e6a7e8b: close
2019-11-14 03:47:22,439 [ForkJoinPool.commonPool-worker-1] INFO  impl.RaftServerImpl (RaftServerImpl.java:lambda$shutdown$3(250)) - d4b369d8-a85d-4b99-b953-37bddccdea6c@group-02DDE111E4AD: shutdown
2019-11-14 03:47:22,440 [main] INFO  impl.RaftServerImpl (RaftServerImpl.java:lambda$shutdown$3(250)) - 3a789c1e-652a-4343-9c47-49015e6a7e8b@group-8B77DDD58102: shutdown
2019-11-14 03:47:22,440 [ForkJoinPool.commonPool-worker-1] INFO  util.JmxRegister (JmxRegister.java:unregister(73)) - Successfully un-registered JMX Bean with object name Ratis:service=RaftServer,group=group-02DDE111E4AD,id=d4b369d8-a85d-4b99-b953-37bddccdea6c
2019-11-14 03:47:22,440 [main] INFO  util.JmxRegister (JmxRegister.java:unregister(73)) - Successfully un-registered JMX Bean with object name Ratis:service=RaftServer,group=group-8B77DDD58102,id=3a789c1e-652a-4343-9c47-49015e6a7e8b
2019-11-14 03:47:22,440 [ForkJoinPool.commonPool-worker-1] INFO  impl.RoleInfo (RoleInfo.java:shutdownLeaderState(104)) - d4b369d8-a85d-4b99-b953-37bddccdea6c: shutdown LeaderState
2019-11-14 03:47:22,441 [main] INFO  impl.RoleInfo (RoleInfo.java:shutdownFollowerState(121)) - 3a789c1e-652a-4343-9c47-49015e6a7e8b: shutdown FollowerState
2019-11-14 03:47:22,441 [ForkJoinPool.commonPool-worker-1] INFO  impl.PendingRequests (PendingRequests.java:sendNotLeaderResponses(206)) - d4b369d8-a85d-4b99-b953-37bddccdea6c@group-02DDE111E4AD-PendingRequests: sendNotLeaderResponses
2019-11-14 03:47:22,441 [Thread-1655] INFO  impl.FollowerState (FollowerState.java:run(120)) - 3a789c1e-652a-4343-9c47-49015e6a7e8b@group-8B77DDD58102-FollowerState was interrupted: java.lang.InterruptedException: sleep interrupted
2019-11-14 03:47:22,441 [main] INFO  impl.StateMachineUpdater (StateMachineUpdater.java:stopAndJoin(136)) - 3a789c1e-652a-4343-9c47-49015e6a7e8b@group-8B77DDD58102-StateMachineUpdater: set stopIndex = 0
2019-11-14 03:47:22,442 [ForkJoinPool.commonPool-worker-1] INFO  impl.StateMachineUpdater (StateMachineUpdater.java:stopAndJoin(136)) - d4b369d8-a85d-4b99-b953-37bddccdea6c@group-02DDE111E4AD-StateMachineUpdater: set stopIndex = 0
2019-11-14 03:47:22,442 [main] INFO  impl.RaftServerImpl (ServerState.java:close(387)) - 3a789c1e-652a-4343-9c47-49015e6a7e8b@group-8B77DDD58102: closes. applyIndex: 0
2019-11-14 03:47:22,442 [ForkJoinPool.commonPool-worker-1] INFO  impl.RaftServerImpl (ServerState.java:close(387)) - d4b369d8-a85d-4b99-b953-37bddccdea6c@group-02DDE111E4AD: closes. applyIndex: 0
2019-11-14 03:47:22,443 [3a789c1e-652a-4343-9c47-49015e6a7e8b@group-8B77DDD58102-SegmentedRaftLogWorker] INFO  segmented.SegmentedRaftLogWorker (SegmentedRaftLogWorker.java:run(316)) - 3a789c1e-652a-4343-9c47-49015e6a7e8b@group-8B77DDD58102-SegmentedRaftLogWorker was interrupted, exiting. There are 0 tasks remaining in the queue.
2019-11-14 03:47:22,443 [d4b369d8-a85d-4b99-b953-37bddccdea6c@group-02DDE111E4AD-SegmentedRaftLogWorker] INFO  segmented.SegmentedRaftLogWorker (SegmentedRaftLogWorker.java:run(316)) - d4b369d8-a85d-4b99-b953-37bddccdea6c@group-02DDE111E4AD-SegmentedRaftLogWorker was interrupted, exiting. There are 0 tasks remaining in the queue.
2019-11-14 03:47:22,453 [main] INFO  segmented.SegmentedRaftLogWorker (SegmentedRaftLogWorker.java:close(224)) - 3a789c1e-652a-4343-9c47-49015e6a7e8b@group-8B77DDD58102-SegmentedRaftLogWorker close()
2019-11-14 03:47:22,455 [ForkJoinPool.commonPool-worker-1] INFO  segmented.SegmentedRaftLogWorker (SegmentedRaftLogWorker.java:close(224)) - d4b369d8-a85d-4b99-b953-37bddccdea6c@group-02DDE111E4AD-SegmentedRaftLogWorker close()
2019-11-14 03:47:22,459 [main] INFO  impl.RaftServerImpl (RaftServerImpl.java:lambda$shutdown$3(250)) - 3a789c1e-652a-4343-9c47-49015e6a7e8b@group-6C5DE6042548: shutdown
2019-11-14 03:47:22,462 [ForkJoinPool.commonPool-worker-1] INFO  impl.RaftServerImpl (RaftServerImpl.java:lambda$shutdown$3(250)) - d4b369d8-a85d-4b99-b953-37bddccdea6c@group-4A0DDCD43B4A: shutdown
2019-11-14 03:47:22,463 [main] INFO  util.JmxRegister (JmxRegister.java:unregister(73)) - Successfully un-registered JMX Bean with object name Ratis:service=RaftServer,group=group-6C5DE6042548,id=3a789c1e-652a-4343-9c47-49015e6a7e8b
2019-11-14 03:47:22,463 [ForkJoinPool.commonPool-worker-1] INFO  util.JmxRegister (JmxRegister.java:unregister(73)) - Successfully un-registered JMX Bean with object name Ratis:service=RaftServer,group=group-4A0DDCD43B4A,id=d4b369d8-a85d-4b99-b953-37bddccdea6c
2019-11-14 03:47:22,463 [main] INFO  impl.RoleInfo (RoleInfo.java:shutdownLeaderState(104)) - 3a789c1e-652a-4343-9c47-49015e6a7e8b: shutdown LeaderState
2019-11-14 03:47:22,464 [ForkJoinPool.commonPool-worker-1] INFO  impl.RoleInfo (RoleInfo.java:shutdownFollowerState(121)) - d4b369d8-a85d-4b99-b953-37bddccdea6c: shutdown FollowerState
2019-11-14 03:47:22,464 [main] INFO  impl.PendingRequests (PendingRequests.java:sendNotLeaderResponses(206)) - 3a789c1e-652a-4343-9c47-49015e6a7e8b@group-6C5DE6042548-PendingRequests: sendNotLeaderResponses
2019-11-14 03:47:22,464 [Thread-1691] INFO  impl.FollowerState (FollowerState.java:run(120)) - d4b369d8-a85d-4b99-b953-37bddccdea6c@group-4A0DDCD43B4A-FollowerState was interrupted: java.lang.InterruptedException: sleep interrupted
2019-11-14 03:47:22,464 [ForkJoinPool.commonPool-worker-1] INFO  impl.StateMachineUpdater (StateMachineUpdater.java:stopAndJoin(136)) - d4b369d8-a85d-4b99-b953-37bddccdea6c@group-4A0DDCD43B4A-StateMachineUpdater: set stopIndex = 0
2019-11-14 03:47:22,465 [main] INFO  impl.StateMachineUpdater (StateMachineUpdater.java:stopAndJoin(136)) - 3a789c1e-652a-4343-9c47-49015e6a7e8b@group-6C5DE6042548-StateMachineUpdater: set stopIndex = 0
2019-11-14 03:47:22,465 [ForkJoinPool.commonPool-worker-1] INFO  impl.RaftServerImpl (ServerState.java:close(387)) - d4b369d8-a85d-4b99-b953-37bddccdea6c@group-4A0DDCD43B4A: closes. applyIndex: 0
2019-11-14 03:47:22,465 [main] INFO  impl.RaftServerImpl (ServerState.java:close(387)) - 3a789c1e-652a-4343-9c47-49015e6a7e8b@group-6C5DE6042548: closes. applyIndex: 0
2019-11-14 03:47:22,466 [d4b369d8-a85d-4b99-b953-37bddccdea6c@group-4A0DDCD43B4A-SegmentedRaftLogWorker] INFO  segmented.SegmentedRaftLogWorker (SegmentedRaftLogWorker.java:run(316)) - d4b369d8-a85d-4b99-b953-37bddccdea6c@group-4A0DDCD43B4A-SegmentedRaftLogWorker was interrupted, exiting. There are 0 tasks remaining in the queue.
2019-11-14 03:47:22,466 [3a789c1e-652a-4343-9c47-49015e6a7e8b@group-6C5DE6042548-SegmentedRaftLogWorker] INFO  segmented.SegmentedRaftLogWorker (SegmentedRaftLogWorker.java:run(316)) - 3a789c1e-652a-4343-9c47-49015e6a7e8b@group-6C5DE6042548-SegmentedRaftLogWorker was interrupted, exiting. There are 0 tasks remaining in the queue.
2019-11-14 03:47:22,468 [ForkJoinPool.commonPool-worker-1] INFO  segmented.SegmentedRaftLogWorker (SegmentedRaftLogWorker.java:close(224)) - d4b369d8-a85d-4b99-b953-37bddccdea6c@group-4A0DDCD43B4A-SegmentedRaftLogWorker close()
2019-11-14 03:47:22,470 [main] INFO  segmented.SegmentedRaftLogWorker (SegmentedRaftLogWorker.java:close(224)) - 3a789c1e-652a-4343-9c47-49015e6a7e8b@group-6C5DE6042548-SegmentedRaftLogWorker close()
2019-11-14 03:47:22,473 [ForkJoinPool.commonPool-worker-1] INFO  server.GrpcService (GrpcService.java:closeImpl(164)) - d4b369d8-a85d-4b99-b953-37bddccdea6c: shutdown server with port 40232 now
2019-11-14 03:47:22,484 [main] INFO  server.GrpcService (GrpcService.java:closeImpl(164)) - 3a789c1e-652a-4343-9c47-49015e6a7e8b: shutdown server with port 36955 now
2019-11-14 03:47:22,485 [grpc-default-executor-4] WARN  server.GrpcServerProtocolService (LogUtils.java:warn(134)) - 3a789c1e-652a-4343-9c47-49015e6a7e8b: installSnapshot onError, lastRequest: 6159a4a7-02ae-4457-ad8e-d99f5584798f->3a789c1e-652a-4343-9c47-49015e6a7e8b#10-t1, previous=(t:1, i:0), leaderCommit=0, initializing? false, entries: <empty>: org.apache.ratis.thirdparty.io.grpc.StatusRuntimeException: CANCELLED: cancelled before receiving half close
2019-11-14 03:47:22,486 [main] INFO  server.GrpcService (GrpcService.java:closeImpl(172)) - 3a789c1e-652a-4343-9c47-49015e6a7e8b: shutdown server with port 36955 successfully
2019-11-14 03:47:22,485 [grpc-default-executor-6] WARN  server.GrpcServerProtocolService (LogUtils.java:warn(134)) - d4b369d8-a85d-4b99-b953-37bddccdea6c: installSnapshot onError, lastRequest: 78429c2b-19b5-43a0-84bb-c976fd750a70->d4b369d8-a85d-4b99-b953-37bddccdea6c#10-t1, previous=(t:1, i:0), leaderCommit=0, initializing? false, entries: <empty>: org.apache.ratis.thirdparty.io.grpc.StatusRuntimeException: CANCELLED: cancelled before receiving half close
2019-11-14 03:47:22,486 [grpc-default-executor-0] WARN  server.GrpcLogAppender (LogUtils.java:warn(134)) - 6159a4a7-02ae-4457-ad8e-d99f5584798f@group-8B77DDD58102->3a789c1e-652a-4343-9c47-49015e6a7e8b-AppendLogResponseHandler: Failed appendEntries: org.apache.ratis.thirdparty.io.grpc.StatusRuntimeException: CANCELLED: HTTP/2 error code: CANCEL
Received Rst Stream
2019-11-14 03:47:22,486 [ForkJoinPool.commonPool-worker-1] INFO  server.GrpcService (GrpcService.java:closeImpl(172)) - d4b369d8-a85d-4b99-b953-37bddccdea6c: shutdown server with port 40232 successfully
2019-11-14 03:47:22,486 [grpc-default-executor-1] WARN  server.GrpcLogAppender (LogUtils.java:warn(134)) - 78429c2b-19b5-43a0-84bb-c976fd750a70@group-4A0DDCD43B4A->d4b369d8-a85d-4b99-b953-37bddccdea6c-AppendLogResponseHandler: Failed appendEntries: org.apache.ratis.thirdparty.io.grpc.StatusRuntimeException: CANCELLED: HTTP/2 error code: CANCEL
Received Rst Stream
2019-11-14 03:47:22,487 [grpc-default-executor-0] INFO  impl.FollowerInfo (FollowerInfo.java:lambda$new$0(51)) - 6159a4a7-02ae-4457-ad8e-d99f5584798f@group-8B77DDD58102->3a789c1e-652a-4343-9c47-49015e6a7e8b: nextIndex: updateUnconditionally 1 -> 0
2019-11-14 03:47:22,487 [grpc-default-executor-1] INFO  impl.FollowerInfo (FollowerInfo.java:lambda$new$0(51)) - 78429c2b-19b5-43a0-84bb-c976fd750a70@group-4A0DDCD43B4A->d4b369d8-a85d-4b99-b953-37bddccdea6c: nextIndex: updateUnconditionally 1 -> 0
2019-11-14 03:47:22,489 [refreshUsed-/workdir/hadoop-ozone/integration-test/target/test-dir/MiniOzoneClusterImpl-db6fd866-6788-41aa-8e01-4626558b27a7/datanode-5/data/containers] WARN  fs.CachingGetSpaceUsed (CachingGetSpaceUsed.java:run(183)) - Thread Interrupted waiting to refresh disk information: sleep interrupted
2019-11-14 03:47:22,490 [refreshUsed-/workdir/hadoop-ozone/integration-test/target/test-dir/MiniOzoneClusterImpl-db6fd866-6788-41aa-8e01-4626558b27a7/datanode-2/data/containers] WARN  fs.CachingGetSpaceUsed (CachingGetSpaceUsed.java:run(183)) - Thread Interrupted waiting to refresh disk information: sleep interrupted
2019-11-14 03:47:22,512 [main] INFO  utils.BackgroundService (BackgroundService.java:shutdown(151)) - Shutting down service BlockDeletingService
2019-11-14 03:47:22,518 [main] INFO  statemachine.DatanodeStateMachine (DatanodeStateMachine.java:stopDaemon(395)) - Ozone container server stopped.
2019-11-14 03:47:22,520 [main] INFO  handler.ContextHandler (ContextHandler.java:doStop(910)) - Stopped o.e.j.w.WebAppContext@dd4aec3{/,null,UNAVAILABLE}{/hddsDatanode}
2019-11-14 03:47:22,520 [ForkJoinPool.commonPool-worker-1] INFO  utils.BackgroundService (BackgroundService.java:shutdown(151)) - Shutting down service BlockDeletingService
2019-11-14 03:47:22,525 [ForkJoinPool.commonPool-worker-1] INFO  statemachine.DatanodeStateMachine (DatanodeStateMachine.java:stopDaemon(395)) - Ozone container server stopped.
2019-11-14 03:47:22,525 [main] INFO  server.AbstractConnector (AbstractConnector.java:doStop(318)) - Stopped ServerConnector@4dac121d{HTTP/1.1,[http/1.1]}{0.0.0.0:0}
2019-11-14 03:47:22,529 [main] INFO  handler.ContextHandler (ContextHandler.java:doStop(910)) - Stopped o.e.j.s.ServletContextHandler@66813e6e{/static,jar:file:/home/user/.m2/repository/org/apache/hadoop/hadoop-hdds-container-service/0.5.0-SNAPSHOT/hadoop-hdds-container-service-0.5.0-SNAPSHOT.jar!/webapps/static,UNAVAILABLE}
2019-11-14 03:47:22,531 [ForkJoinPool.commonPool-worker-1] INFO  handler.ContextHandler (ContextHandler.java:doStop(910)) - Stopped o.e.j.w.WebAppContext@2ead6ba4{/,null,UNAVAILABLE}{/hddsDatanode}
2019-11-14 03:47:22,531 [main] INFO  handler.ContextHandler (ContextHandler.java:doStop(910)) - Stopped o.e.j.s.ServletContextHandler@10b4e7f8{/logs,file:///workdir/hadoop-ozone/integration-test/target/log,UNAVAILABLE}
2019-11-14 03:47:22,531 [ForkJoinPool.commonPool-worker-1] INFO  server.AbstractConnector (AbstractConnector.java:doStop(318)) - Stopped ServerConnector@31a2a9fa{HTTP/1.1,[http/1.1]}{0.0.0.0:0}
2019-11-14 03:47:22,533 [ForkJoinPool.commonPool-worker-1] INFO  handler.ContextHandler (ContextHandler.java:doStop(910)) - Stopped o.e.j.s.ServletContextHandler@6968bcec{/static,jar:file:/home/user/.m2/repository/org/apache/hadoop/hadoop-hdds-container-service/0.5.0-SNAPSHOT/hadoop-hdds-container-service-0.5.0-SNAPSHOT.jar!/webapps/static,UNAVAILABLE}
2019-11-14 03:47:22,535 [ForkJoinPool.commonPool-worker-1] INFO  handler.ContextHandler (ContextHandler.java:doStop(910)) - Stopped o.e.j.s.ServletContextHandler@2ceee4b6{/logs,file:///workdir/hadoop-ozone/integration-test/target/log,UNAVAILABLE}
2019-11-14 03:47:22,567 [Datanode State Machine Thread - 0] INFO  statemachine.DatanodeStateMachine (DatanodeStateMachine.java:lambda$startDaemon$0(350)) - Ozone container server started.
2019-11-14 03:47:22,595 [grpc-default-executor-0] WARN  server.GrpcLogAppender (LogUtils.java:warn(134)) - 6159a4a7-02ae-4457-ad8e-d99f5584798f@group-8B77DDD58102->3a789c1e-652a-4343-9c47-49015e6a7e8b-AppendLogResponseHandler: Failed appendEntries: org.apache.ratis.thirdparty.io.grpc.StatusRuntimeException: UNAVAILABLE: io exception
2019-11-14 03:47:22,595 [grpc-default-executor-0] INFO  impl.FollowerInfo (FollowerInfo.java:lambda$new$0(51)) - 6159a4a7-02ae-4457-ad8e-d99f5584798f@group-8B77DDD58102->3a789c1e-652a-4343-9c47-49015e6a7e8b: nextIndex: updateUnconditionally 0 -> 0
2019-11-14 03:47:22,649 [Datanode State Machine Thread - 0] INFO  statemachine.DatanodeStateMachine (DatanodeStateMachine.java:lambda$startDaemon$0(350)) - Ozone container server started.
2019-11-14 03:47:22,807 [grpc-default-executor-1] WARN  server.GrpcLogAppender (LogUtils.java:warn(134)) - 78429c2b-19b5-43a0-84bb-c976fd750a70@group-4A0DDCD43B4A->d4b369d8-a85d-4b99-b953-37bddccdea6c-AppendLogResponseHandler: Failed appendEntries: org.apache.ratis.thirdparty.io.grpc.StatusRuntimeException: UNAVAILABLE: io exception
2019-11-14 03:47:22,807 [grpc-default-executor-1] INFO  impl.FollowerInfo (FollowerInfo.java:lambda$new$0(51)) - 78429c2b-19b5-43a0-84bb-c976fd750a70@group-4A0DDCD43B4A->d4b369d8-a85d-4b99-b953-37bddccdea6c: nextIndex: updateUnconditionally 0 -> 0
2019-11-14 03:47:23,096 [grpc-default-executor-6] WARN  server.GrpcLogAppender (LogUtils.java:warn(134)) - 6159a4a7-02ae-4457-ad8e-d99f5584798f@group-8B77DDD58102->3a789c1e-652a-4343-9c47-49015e6a7e8b-AppendLogResponseHandler: Failed appendEntries: org.apache.ratis.thirdparty.io.grpc.StatusRuntimeException: UNAVAILABLE: io exception
2019-11-14 03:47:23,096 [grpc-default-executor-6] INFO  impl.FollowerInfo (FollowerInfo.java:lambda$new$0(51)) - 6159a4a7-02ae-4457-ad8e-d99f5584798f@group-8B77DDD58102->3a789c1e-652a-4343-9c47-49015e6a7e8b: nextIndex: updateUnconditionally 0 -> 0
2019-11-14 03:47:23,308 [grpc-default-executor-0] WARN  server.GrpcLogAppender (LogUtils.java:warn(134)) - 78429c2b-19b5-43a0-84bb-c976fd750a70@group-4A0DDCD43B4A->d4b369d8-a85d-4b99-b953-37bddccdea6c-AppendLogResponseHandler: Failed appendEntries: org.apache.ratis.thirdparty.io.grpc.StatusRuntimeException: UNAVAILABLE: io exception
2019-11-14 03:47:23,308 [grpc-default-executor-0] INFO  impl.FollowerInfo (FollowerInfo.java:lambda$new$0(51)) - 78429c2b-19b5-43a0-84bb-c976fd750a70@group-4A0DDCD43B4A->d4b369d8-a85d-4b99-b953-37bddccdea6c: nextIndex: updateUnconditionally 0 -> 0
2019-11-14 03:47:23,596 [grpc-default-executor-1] WARN  server.GrpcLogAppender (LogUtils.java:warn(134)) - 6159a4a7-02ae-4457-ad8e-d99f5584798f@group-8B77DDD58102->3a789c1e-652a-4343-9c47-49015e6a7e8b-AppendLogResponseHandler: Failed appendEntries: org.apache.ratis.thirdparty.io.grpc.StatusRuntimeException: UNAVAILABLE: io exception
2019-11-14 03:47:23,596 [grpc-default-executor-1] INFO  impl.FollowerInfo (FollowerInfo.java:lambda$new$0(51)) - 6159a4a7-02ae-4457-ad8e-d99f5584798f@group-8B77DDD58102->3a789c1e-652a-4343-9c47-49015e6a7e8b: nextIndex: updateUnconditionally 0 -> 0
2019-11-14 03:47:23,808 [grpc-default-executor-6] WARN  server.GrpcLogAppender (LogUtils.java:warn(134)) - 78429c2b-19b5-43a0-84bb-c976fd750a70@group-4A0DDCD43B4A->d4b369d8-a85d-4b99-b953-37bddccdea6c-AppendLogResponseHandler: Failed appendEntries: org.apache.ratis.thirdparty.io.grpc.StatusRuntimeException: UNAVAILABLE: io exception
2019-11-14 03:47:23,809 [grpc-default-executor-6] INFO  impl.FollowerInfo (FollowerInfo.java:lambda$new$0(51)) - 78429c2b-19b5-43a0-84bb-c976fd750a70@group-4A0DDCD43B4A->d4b369d8-a85d-4b99-b953-37bddccdea6c: nextIndex: updateUnconditionally 0 -> 0
2019-11-14 03:47:24,096 [grpc-default-executor-6] WARN  server.GrpcLogAppender (LogUtils.java:warn(134)) - 6159a4a7-02ae-4457-ad8e-d99f5584798f@group-8B77DDD58102->3a789c1e-652a-4343-9c47-49015e6a7e8b-AppendLogResponseHandler: Failed appendEntries: org.apache.ratis.thirdparty.io.grpc.StatusRuntimeException: UNAVAILABLE: io exception
2019-11-14 03:47:24,097 [grpc-default-executor-6] INFO  impl.FollowerInfo (FollowerInfo.java:lambda$new$0(51)) - 6159a4a7-02ae-4457-ad8e-d99f5584798f@group-8B77DDD58102->3a789c1e-652a-4343-9c47-49015e6a7e8b: nextIndex: updateUnconditionally 0 -> 0
2019-11-14 03:47:24,309 [grpc-default-executor-6] WARN  server.GrpcLogAppender (LogUtils.java:warn(134)) - 78429c2b-19b5-43a0-84bb-c976fd750a70@group-4A0DDCD43B4A->d4b369d8-a85d-4b99-b953-37bddccdea6c-AppendLogResponseHandler: Failed appendEntries: org.apache.ratis.thirdparty.io.grpc.StatusRuntimeException: UNAVAILABLE: io exception
2019-11-14 03:47:24,309 [grpc-default-executor-6] INFO  impl.FollowerInfo (FollowerInfo.java:lambda$new$0(51)) - 78429c2b-19b5-43a0-84bb-c976fd750a70@group-4A0DDCD43B4A->d4b369d8-a85d-4b99-b953-37bddccdea6c: nextIndex: updateUnconditionally 0 -> 0
2019-11-14 03:47:24,598 [grpc-default-executor-0] WARN  server.GrpcLogAppender (LogUtils.java:warn(134)) - 6159a4a7-02ae-4457-ad8e-d99f5584798f@group-8B77DDD58102->3a789c1e-652a-4343-9c47-49015e6a7e8b-AppendLogResponseHandler: Failed appendEntries: org.apache.ratis.thirdparty.io.grpc.StatusRuntimeException: UNAVAILABLE: io exception
2019-11-14 03:47:24,598 [grpc-default-executor-0] INFO  impl.FollowerInfo (FollowerInfo.java:lambda$new$0(51)) - 6159a4a7-02ae-4457-ad8e-d99f5584798f@group-8B77DDD58102->3a789c1e-652a-4343-9c47-49015e6a7e8b: nextIndex: updateUnconditionally 0 -> 0
2019-11-14 03:47:24,810 [grpc-default-executor-6] WARN  server.GrpcLogAppender (LogUtils.java:warn(134)) - 78429c2b-19b5-43a0-84bb-c976fd750a70@group-4A0DDCD43B4A->d4b369d8-a85d-4b99-b953-37bddccdea6c-AppendLogResponseHandler: Failed appendEntries: org.apache.ratis.thirdparty.io.grpc.StatusRuntimeException: UNAVAILABLE: io exception
2019-11-14 03:47:24,811 [grpc-default-executor-6] INFO  impl.FollowerInfo (FollowerInfo.java:lambda$new$0(51)) - 78429c2b-19b5-43a0-84bb-c976fd750a70@group-4A0DDCD43B4A->d4b369d8-a85d-4b99-b953-37bddccdea6c: nextIndex: updateUnconditionally 0 -> 0
2019-11-14 03:47:25,098 [grpc-default-executor-1] WARN  server.GrpcLogAppender (LogUtils.java:warn(134)) - 6159a4a7-02ae-4457-ad8e-d99f5584798f@group-8B77DDD58102->3a789c1e-652a-4343-9c47-49015e6a7e8b-AppendLogResponseHandler: Failed appendEntries: org.apache.ratis.thirdparty.io.grpc.StatusRuntimeException: UNAVAILABLE: io exception
2019-11-14 03:47:25,099 [grpc-default-executor-1] INFO  impl.FollowerInfo (FollowerInfo.java:lambda$new$0(51)) - 6159a4a7-02ae-4457-ad8e-d99f5584798f@group-8B77DDD58102->3a789c1e-652a-4343-9c47-49015e6a7e8b: nextIndex: updateUnconditionally 0 -> 0
2019-11-14 03:47:25,310 [grpc-default-executor-0] WARN  server.GrpcLogAppender (LogUtils.java:warn(134)) - 78429c2b-19b5-43a0-84bb-c976fd750a70@group-4A0DDCD43B4A->d4b369d8-a85d-4b99-b953-37bddccdea6c-AppendLogResponseHandler: Failed appendEntries: org.apache.ratis.thirdparty.io.grpc.StatusRuntimeException: UNAVAILABLE: io exception
2019-11-14 03:47:25,311 [grpc-default-executor-0] INFO  impl.FollowerInfo (FollowerInfo.java:lambda$new$0(51)) - 78429c2b-19b5-43a0-84bb-c976fd750a70@group-4A0DDCD43B4A->d4b369d8-a85d-4b99-b953-37bddccdea6c: nextIndex: updateUnconditionally 0 -> 0
2019-11-14 03:47:25,606 [grpc-default-executor-0] WARN  server.GrpcLogAppender (LogUtils.java:warn(134)) - 6159a4a7-02ae-4457-ad8e-d99f5584798f@group-8B77DDD58102->3a789c1e-652a-4343-9c47-49015e6a7e8b-AppendLogResponseHandler: Failed appendEntries: org.apache.ratis.thirdparty.io.grpc.StatusRuntimeException: UNAVAILABLE: io exception
2019-11-14 03:47:25,607 [grpc-default-executor-0] INFO  impl.FollowerInfo (FollowerInfo.java:lambda$new$0(51)) - 6159a4a7-02ae-4457-ad8e-d99f5584798f@group-8B77DDD58102->3a789c1e-652a-4343-9c47-49015e6a7e8b: nextIndex: updateUnconditionally 0 -> 0
2019-11-14 03:47:25,812 [grpc-default-executor-1] WARN  server.GrpcLogAppender (LogUtils.java:warn(134)) - 78429c2b-19b5-43a0-84bb-c976fd750a70@group-4A0DDCD43B4A->d4b369d8-a85d-4b99-b953-37bddccdea6c-AppendLogResponseHandler: Failed appendEntries: org.apache.ratis.thirdparty.io.grpc.StatusRuntimeException: UNAVAILABLE: io exception
2019-11-14 03:47:25,812 [grpc-default-executor-1] INFO  impl.FollowerInfo (FollowerInfo.java:lambda$new$0(51)) - 78429c2b-19b5-43a0-84bb-c976fd750a70@group-4A0DDCD43B4A->d4b369d8-a85d-4b99-b953-37bddccdea6c: nextIndex: updateUnconditionally 0 -> 0
2019-11-14 03:47:26,105 [grpc-default-executor-6] WARN  server.GrpcLogAppender (LogUtils.java:warn(134)) - 6159a4a7-02ae-4457-ad8e-d99f5584798f@group-8B77DDD58102->3a789c1e-652a-4343-9c47-49015e6a7e8b-AppendLogResponseHandler: Failed appendEntries: org.apache.ratis.thirdparty.io.grpc.StatusRuntimeException: UNAVAILABLE: io exception
2019-11-14 03:47:26,105 [grpc-default-executor-6] INFO  impl.FollowerInfo (FollowerInfo.java:lambda$new$0(51)) - 6159a4a7-02ae-4457-ad8e-d99f5584798f@group-8B77DDD58102->3a789c1e-652a-4343-9c47-49015e6a7e8b: nextIndex: updateUnconditionally 0 -> 0
2019-11-14 03:47:26,312 [grpc-default-executor-0] WARN  server.GrpcLogAppender (LogUtils.java:warn(134)) - 78429c2b-19b5-43a0-84bb-c976fd750a70@group-4A0DDCD43B4A->d4b369d8-a85d-4b99-b953-37bddccdea6c-AppendLogResponseHandler: Failed appendEntries: org.apache.ratis.thirdparty.io.grpc.StatusRuntimeException: UNAVAILABLE: io exception
2019-11-14 03:47:26,313 [grpc-default-executor-0] INFO  impl.FollowerInfo (FollowerInfo.java:lambda$new$0(51)) - 78429c2b-19b5-43a0-84bb-c976fd750a70@group-4A0DDCD43B4A->d4b369d8-a85d-4b99-b953-37bddccdea6c: nextIndex: updateUnconditionally 0 -> 0
2019-11-14 03:47:26,606 [grpc-default-executor-0] WARN  server.GrpcLogAppender (LogUtils.java:warn(134)) - 6159a4a7-02ae-4457-ad8e-d99f5584798f@group-8B77DDD58102->3a789c1e-652a-4343-9c47-49015e6a7e8b-AppendLogResponseHandler: Failed appendEntries: org.apache.ratis.thirdparty.io.grpc.StatusRuntimeException: UNAVAILABLE: io exception
2019-11-14 03:47:26,606 [grpc-default-executor-0] INFO  impl.FollowerInfo (FollowerInfo.java:lambda$new$0(51)) - 6159a4a7-02ae-4457-ad8e-d99f5584798f@group-8B77DDD58102->3a789c1e-652a-4343-9c47-49015e6a7e8b: nextIndex: updateUnconditionally 0 -> 0
2019-11-14 03:47:26,813 [grpc-default-executor-1] WARN  server.GrpcLogAppender (LogUtils.java:warn(134)) - 78429c2b-19b5-43a0-84bb-c976fd750a70@group-4A0DDCD43B4A->d4b369d8-a85d-4b99-b953-37bddccdea6c-AppendLogResponseHandler: Failed appendEntries: org.apache.ratis.thirdparty.io.grpc.StatusRuntimeException: UNAVAILABLE: io exception
2019-11-14 03:47:26,813 [grpc-default-executor-1] INFO  impl.FollowerInfo (FollowerInfo.java:lambda$new$0(51)) - 78429c2b-19b5-43a0-84bb-c976fd750a70@group-4A0DDCD43B4A->d4b369d8-a85d-4b99-b953-37bddccdea6c: nextIndex: updateUnconditionally 0 -> 0
2019-11-14 03:47:27,113 [grpc-default-executor-1] WARN  server.GrpcLogAppender (LogUtils.java:warn(134)) - 6159a4a7-02ae-4457-ad8e-d99f5584798f@group-8B77DDD58102->3a789c1e-652a-4343-9c47-49015e6a7e8b-AppendLogResponseHandler: Failed appendEntries: org.apache.ratis.thirdparty.io.grpc.StatusRuntimeException: UNAVAILABLE: io exception
2019-11-14 03:47:27,114 [grpc-default-executor-1] INFO  impl.FollowerInfo (FollowerInfo.java:lambda$new$0(51)) - 6159a4a7-02ae-4457-ad8e-d99f5584798f@group-8B77DDD58102->3a789c1e-652a-4343-9c47-49015e6a7e8b: nextIndex: updateUnconditionally 0 -> 0
2019-11-14 03:47:27,314 [grpc-default-executor-0] WARN  server.GrpcLogAppender (LogUtils.java:warn(134)) - 78429c2b-19b5-43a0-84bb-c976fd750a70@group-4A0DDCD43B4A->d4b369d8-a85d-4b99-b953-37bddccdea6c-AppendLogResponseHandler: Failed appendEntries: org.apache.ratis.thirdparty.io.grpc.StatusRuntimeException: UNAVAILABLE: io exception
2019-11-14 03:47:27,315 [grpc-default-executor-0] INFO  impl.FollowerInfo (FollowerInfo.java:lambda$new$0(51)) - 78429c2b-19b5-43a0-84bb-c976fd750a70@group-4A0DDCD43B4A->d4b369d8-a85d-4b99-b953-37bddccdea6c: nextIndex: updateUnconditionally 0 -> 0
2019-11-14 03:47:27,537 [main] INFO  ozoneimpl.OzoneContainer (OzoneContainer.java:stop(244)) - Attempting to stop container services.
2019-11-14 03:47:27,537 [ForkJoinPool.commonPool-worker-1] INFO  ozoneimpl.OzoneContainer (OzoneContainer.java:stop(244)) - Attempting to stop container services.
2019-11-14 03:47:27,538 [main] INFO  impl.RaftServerProxy (RaftServerProxy.java:lambda$close$4(314)) - bf247637-7e59-4671-9487-192b6829a40a: close
2019-11-14 03:47:27,538 [ForkJoinPool.commonPool-worker-1] INFO  impl.RaftServerProxy (RaftServerProxy.java:lambda$close$4(314)) - d8a9c999-7748-4aa6-a9a9-ef73d9884e3c: close
2019-11-14 03:47:27,539 [ForkJoinPool.commonPool-worker-1] INFO  impl.RaftServerImpl (RaftServerImpl.java:lambda$shutdown$3(250)) - d8a9c999-7748-4aa6-a9a9-ef73d9884e3c@group-68A97D155F0F: shutdown
2019-11-14 03:47:27,539 [main] INFO  impl.RaftServerImpl (RaftServerImpl.java:lambda$shutdown$3(250)) - bf247637-7e59-4671-9487-192b6829a40a@group-4573BDE8453A: shutdown
2019-11-14 03:47:27,539 [ForkJoinPool.commonPool-worker-1] INFO  util.JmxRegister (JmxRegister.java:unregister(73)) - Successfully un-registered JMX Bean with object name Ratis:service=RaftServer,group=group-68A97D155F0F,id=d8a9c999-7748-4aa6-a9a9-ef73d9884e3c
2019-11-14 03:47:27,540 [main] INFO  util.JmxRegister (JmxRegister.java:unregister(73)) - Successfully un-registered JMX Bean with object name Ratis:service=RaftServer,group=group-4573BDE8453A,id=bf247637-7e59-4671-9487-192b6829a40a
2019-11-14 03:47:27,540 [ForkJoinPool.commonPool-worker-1] INFO  impl.RoleInfo (RoleInfo.java:shutdownLeaderState(104)) - d8a9c999-7748-4aa6-a9a9-ef73d9884e3c: shutdown LeaderState
2019-11-14 03:47:27,540 [main] INFO  impl.RoleInfo (RoleInfo.java:shutdownLeaderState(104)) - bf247637-7e59-4671-9487-192b6829a40a: shutdown LeaderState
2019-11-14 03:47:27,540 [ForkJoinPool.commonPool-worker-1] INFO  impl.PendingRequests (PendingRequests.java:sendNotLeaderResponses(206)) - d8a9c999-7748-4aa6-a9a9-ef73d9884e3c@group-68A97D155F0F-PendingRequests: sendNotLeaderResponses
2019-11-14 03:47:27,541 [main] INFO  impl.PendingRequests (PendingRequests.java:sendNotLeaderResponses(206)) - bf247637-7e59-4671-9487-192b6829a40a@group-4573BDE8453A-PendingRequests: sendNotLeaderResponses
2019-11-14 03:47:27,541 [ForkJoinPool.commonPool-worker-1] INFO  impl.StateMachineUpdater (StateMachineUpdater.java:stopAndJoin(136)) - d8a9c999-7748-4aa6-a9a9-ef73d9884e3c@group-68A97D155F0F-StateMachineUpdater: set stopIndex = 0
2019-11-14 03:47:27,541 [main] INFO  impl.StateMachineUpdater (StateMachineUpdater.java:stopAndJoin(136)) - bf247637-7e59-4671-9487-192b6829a40a@group-4573BDE8453A-StateMachineUpdater: set stopIndex = 0
2019-11-14 03:47:27,542 [ForkJoinPool.commonPool-worker-1] INFO  impl.RaftServerImpl (ServerState.java:close(387)) - d8a9c999-7748-4aa6-a9a9-ef73d9884e3c@group-68A97D155F0F: closes. applyIndex: 0
2019-11-14 03:47:27,542 [main] INFO  impl.RaftServerImpl (ServerState.java:close(387)) - bf247637-7e59-4671-9487-192b6829a40a@group-4573BDE8453A: closes. applyIndex: 0
2019-11-14 03:47:27,543 [d8a9c999-7748-4aa6-a9a9-ef73d9884e3c@group-68A97D155F0F-SegmentedRaftLogWorker] INFO  segmented.SegmentedRaftLogWorker (SegmentedRaftLogWorker.java:run(316)) - d8a9c999-7748-4aa6-a9a9-ef73d9884e3c@group-68A97D155F0F-SegmentedRaftLogWorker was interrupted, exiting. There are 0 tasks remaining in the queue.
2019-11-14 03:47:27,543 [bf247637-7e59-4671-9487-192b6829a40a@group-4573BDE8453A-SegmentedRaftLogWorker] INFO  segmented.SegmentedRaftLogWorker (SegmentedRaftLogWorker.java:run(316)) - bf247637-7e59-4671-9487-192b6829a40a@group-4573BDE8453A-SegmentedRaftLogWorker was interrupted, exiting. There are 0 tasks remaining in the queue.
2019-11-14 03:47:27,546 [ForkJoinPool.commonPool-worker-1] INFO  segmented.SegmentedRaftLogWorker (SegmentedRaftLogWorker.java:close(224)) - d8a9c999-7748-4aa6-a9a9-ef73d9884e3c@group-68A97D155F0F-SegmentedRaftLogWorker close()
2019-11-14 03:47:27,547 [main] INFO  segmented.SegmentedRaftLogWorker (SegmentedRaftLogWorker.java:close(224)) - bf247637-7e59-4671-9487-192b6829a40a@group-4573BDE8453A-SegmentedRaftLogWorker close()
2019-11-14 03:47:27,551 [ForkJoinPool.commonPool-worker-1] INFO  impl.RaftServerImpl (RaftServerImpl.java:lambda$shutdown$3(250)) - d8a9c999-7748-4aa6-a9a9-ef73d9884e3c@group-BD618050F398: shutdown
2019-11-14 03:47:27,551 [main] INFO  impl.RaftServerImpl (RaftServerImpl.java:lambda$shutdown$3(250)) - bf247637-7e59-4671-9487-192b6829a40a@group-BD618050F398: shutdown
2019-11-14 03:47:27,551 [ForkJoinPool.commonPool-worker-1] INFO  util.JmxRegister (JmxRegister.java:unregister(73)) - Successfully un-registered JMX Bean with object name Ratis:service=RaftServer,group=group-BD618050F398,id=d8a9c999-7748-4aa6-a9a9-ef73d9884e3c
2019-11-14 03:47:27,551 [main] INFO  util.JmxRegister (JmxRegister.java:unregister(73)) - Successfully un-registered JMX Bean with object name Ratis:service=RaftServer,group=group-BD618050F398,id=bf247637-7e59-4671-9487-192b6829a40a
2019-11-14 03:47:27,552 [ForkJoinPool.commonPool-worker-1] INFO  impl.RoleInfo (RoleInfo.java:shutdownFollowerState(121)) - d8a9c999-7748-4aa6-a9a9-ef73d9884e3c: shutdown FollowerState
2019-11-14 03:47:27,552 [main] INFO  impl.RoleInfo (RoleInfo.java:shutdownLeaderState(104)) - bf247637-7e59-4671-9487-192b6829a40a: shutdown LeaderState
2019-11-14 03:47:27,552 [Thread-1671] INFO  impl.FollowerState (FollowerState.java:run(120)) - d8a9c999-7748-4aa6-a9a9-ef73d9884e3c@group-BD618050F398-FollowerState was interrupted: java.lang.InterruptedException: sleep interrupted
2019-11-14 03:47:27,552 [ForkJoinPool.commonPool-worker-1] INFO  impl.StateMachineUpdater (StateMachineUpdater.java:stopAndJoin(136)) - d8a9c999-7748-4aa6-a9a9-ef73d9884e3c@group-BD618050F398-StateMachineUpdater: set stopIndex = 0
2019-11-14 03:47:27,557 [ForkJoinPool.commonPool-worker-1] INFO  impl.RaftServerImpl (ServerState.java:close(387)) - d8a9c999-7748-4aa6-a9a9-ef73d9884e3c@group-BD618050F398: closes. applyIndex: 0
2019-11-14 03:47:27,556 [org.apache.ratis.server.impl.LogAppender$AppenderDaemon$$Lambda$473/2105465244@758ac98a] WARN  server.GrpcLogAppender (GrpcLogAppender.java:mayWait(151)) - bf247637-7e59-4671-9487-192b6829a40a@group-BD618050F398->ad307801-f957-4403-adfc-9cdab46587c3-GrpcLogAppender: Wait interrupted by java.lang.InterruptedException
2019-11-14 03:47:27,556 [main] INFO  impl.PendingRequests (PendingRequests.java:sendNotLeaderResponses(206)) - bf247637-7e59-4671-9487-192b6829a40a@group-BD618050F398-PendingRequests: sendNotLeaderResponses
2019-11-14 03:47:27,556 [org.apache.ratis.server.impl.LogAppender$AppenderDaemon$$Lambda$473/2105465244@308841ff] WARN  server.GrpcLogAppender (GrpcLogAppender.java:mayWait(151)) - bf247637-7e59-4671-9487-192b6829a40a@group-BD618050F398->d8a9c999-7748-4aa6-a9a9-ef73d9884e3c-GrpcLogAppender: Wait interrupted by java.lang.InterruptedException
2019-11-14 03:47:27,557 [main] INFO  impl.StateMachineUpdater (StateMachineUpdater.java:stopAndJoin(136)) - bf247637-7e59-4671-9487-192b6829a40a@group-BD618050F398-StateMachineUpdater: set stopIndex = 0
2019-11-14 03:47:27,557 [d8a9c999-7748-4aa6-a9a9-ef73d9884e3c@group-BD618050F398-SegmentedRaftLogWorker] INFO  segmented.SegmentedRaftLogWorker (SegmentedRaftLogWorker.java:run(316)) - d8a9c999-7748-4aa6-a9a9-ef73d9884e3c@group-BD618050F398-SegmentedRaftLogWorker was interrupted, exiting. There are 0 tasks remaining in the queue.
2019-11-14 03:47:27,560 [main] INFO  impl.RaftServerImpl (ServerState.java:close(387)) - bf247637-7e59-4671-9487-192b6829a40a@group-BD618050F398: closes. applyIndex: 0
2019-11-14 03:47:27,560 [grpc-default-executor-0] INFO  server.GrpcServerProtocolService (GrpcServerProtocolService.java:onCompleted(113)) - ad307801-f957-4403-adfc-9cdab46587c3: Completed APPEND_ENTRIES, lastRequest: bf247637-7e59-4671-9487-192b6829a40a->ad307801-f957-4403-adfc-9cdab46587c3#20-t1, previous=(t:1, i:0), leaderCommit=0, initializing? false, entries: <empty>
2019-11-14 03:47:27,560 [grpc-default-executor-1] INFO  server.GrpcServerProtocolService (GrpcServerProtocolService.java:onCompleted(113)) - d8a9c999-7748-4aa6-a9a9-ef73d9884e3c: Completed APPEND_ENTRIES, lastRequest: bf247637-7e59-4671-9487-192b6829a40a->d8a9c999-7748-4aa6-a9a9-ef73d9884e3c#20-t1, previous=(t:1, i:0), leaderCommit=0, initializing? false, entries: <empty>
2019-11-14 03:47:27,560 [ForkJoinPool.commonPool-worker-1] INFO  segmented.SegmentedRaftLogWorker (SegmentedRaftLogWorker.java:close(224)) - d8a9c999-7748-4aa6-a9a9-ef73d9884e3c@group-BD618050F398-SegmentedRaftLogWorker close()
2019-11-14 03:47:27,561 [bf247637-7e59-4671-9487-192b6829a40a@group-BD618050F398-SegmentedRaftLogWorker] INFO  segmented.SegmentedRaftLogWorker (SegmentedRaftLogWorker.java:run(316)) - bf247637-7e59-4671-9487-192b6829a40a@group-BD618050F398-SegmentedRaftLogWorker was interrupted, exiting. There are 0 tasks remaining in the queue.
2019-11-14 03:47:27,565 [main] INFO  segmented.SegmentedRaftLogWorker (SegmentedRaftLogWorker.java:close(224)) - bf247637-7e59-4671-9487-192b6829a40a@group-BD618050F398-SegmentedRaftLogWorker close()
2019-11-14 03:47:27,566 [ForkJoinPool.commonPool-worker-1] INFO  server.GrpcService (GrpcService.java:closeImpl(164)) - d8a9c999-7748-4aa6-a9a9-ef73d9884e3c: shutdown server with port 34054 now
2019-11-14 03:47:27,568 [main] INFO  server.GrpcService (GrpcService.java:closeImpl(164)) - bf247637-7e59-4671-9487-192b6829a40a: shutdown server with port 41118 now
2019-11-14 03:47:27,568 [grpc-default-executor-0] INFO  server.GrpcLogAppender (GrpcLogAppender.java:onCompleted(308)) - bf247637-7e59-4671-9487-192b6829a40a@group-BD618050F398->d8a9c999-7748-4aa6-a9a9-ef73d9884e3c-AppendLogResponseHandler: follower responses appendEntries COMPLETED
2019-11-14 03:47:27,568 [grpc-default-executor-1] INFO  server.GrpcLogAppender (GrpcLogAppender.java:onCompleted(308)) - bf247637-7e59-4671-9487-192b6829a40a@group-BD618050F398->ad307801-f957-4403-adfc-9cdab46587c3-AppendLogResponseHandler: follower responses appendEntries COMPLETED
2019-11-14 03:47:27,569 [grpc-default-executor-0] INFO  impl.FollowerInfo (FollowerInfo.java:lambda$new$0(51)) - bf247637-7e59-4671-9487-192b6829a40a@group-BD618050F398->d8a9c999-7748-4aa6-a9a9-ef73d9884e3c: nextIndex: updateUnconditionally 1 -> 0
2019-11-14 03:47:27,569 [main] INFO  server.GrpcService (GrpcService.java:closeImpl(172)) - bf247637-7e59-4671-9487-192b6829a40a: shutdown server with port 41118 successfully
2019-11-14 03:47:27,570 [grpc-default-executor-1] INFO  impl.FollowerInfo (FollowerInfo.java:lambda$new$0(51)) - bf247637-7e59-4671-9487-192b6829a40a@group-BD618050F398->ad307801-f957-4403-adfc-9cdab46587c3: nextIndex: updateUnconditionally 1 -> 0
2019-11-14 03:47:27,570 [ForkJoinPool.commonPool-worker-1] INFO  server.GrpcService (GrpcService.java:closeImpl(172)) - d8a9c999-7748-4aa6-a9a9-ef73d9884e3c: shutdown server with port 34054 successfully
2019-11-14 03:47:27,572 [refreshUsed-/workdir/hadoop-ozone/integration-test/target/test-dir/MiniOzoneClusterImpl-db6fd866-6788-41aa-8e01-4626558b27a7/datanode-6/data/containers] WARN  fs.CachingGetSpaceUsed (CachingGetSpaceUsed.java:run(183)) - Thread Interrupted waiting to refresh disk information: sleep interrupted
2019-11-14 03:47:27,581 [refreshUsed-/workdir/hadoop-ozone/integration-test/target/test-dir/MiniOzoneClusterImpl-db6fd866-6788-41aa-8e01-4626558b27a7/datanode-3/data/containers] WARN  fs.CachingGetSpaceUsed (CachingGetSpaceUsed.java:run(183)) - Thread Interrupted waiting to refresh disk information: sleep interrupted
2019-11-14 03:47:27,600 [main] INFO  utils.BackgroundService (BackgroundService.java:shutdown(151)) - Shutting down service BlockDeletingService
2019-11-14 03:47:27,601 [ForkJoinPool.commonPool-worker-1] INFO  utils.BackgroundService (BackgroundService.java:shutdown(151)) - Shutting down service BlockDeletingService
2019-11-14 03:47:27,610 [ForkJoinPool.commonPool-worker-1] INFO  statemachine.DatanodeStateMachine (DatanodeStateMachine.java:stopDaemon(395)) - Ozone container server stopped.
2019-11-14 03:47:27,611 [main] INFO  statemachine.DatanodeStateMachine (DatanodeStateMachine.java:stopDaemon(395)) - Ozone container server stopped.
2019-11-14 03:47:27,618 [main] INFO  handler.ContextHandler (ContextHandler.java:doStop(910)) - Stopped o.e.j.w.WebAppContext@4b432e53{/,null,UNAVAILABLE}{/hddsDatanode}
2019-11-14 03:47:27,618 [ForkJoinPool.commonPool-worker-1] INFO  handler.ContextHandler (ContextHandler.java:doStop(910)) - Stopped o.e.j.w.WebAppContext@1860f3be{/,null,UNAVAILABLE}{/hddsDatanode}
2019-11-14 03:47:27,619 [grpc-default-executor-1] WARN  server.GrpcLogAppender (LogUtils.java:warn(134)) - 6159a4a7-02ae-4457-ad8e-d99f5584798f@group-8B77DDD58102->3a789c1e-652a-4343-9c47-49015e6a7e8b-AppendLogResponseHandler: Failed appendEntries: org.apache.ratis.thirdparty.io.grpc.StatusRuntimeException: UNAVAILABLE: io exception
2019-11-14 03:47:27,619 [grpc-default-executor-1] INFO  impl.FollowerInfo (FollowerInfo.java:lambda$new$0(51)) - 6159a4a7-02ae-4457-ad8e-d99f5584798f@group-8B77DDD58102->3a789c1e-652a-4343-9c47-49015e6a7e8b: nextIndex: updateUnconditionally 0 -> 0
2019-11-14 03:47:27,621 [main] INFO  server.AbstractConnector (AbstractConnector.java:doStop(318)) - Stopped ServerConnector@2b916808{HTTP/1.1,[http/1.1]}{0.0.0.0:0}
2019-11-14 03:47:27,621 [ForkJoinPool.commonPool-worker-1] INFO  server.AbstractConnector (AbstractConnector.java:doStop(318)) - Stopped ServerConnector@6cd15072{HTTP/1.1,[http/1.1]}{0.0.0.0:0}
2019-11-14 03:47:27,634 [ForkJoinPool.commonPool-worker-1] INFO  handler.ContextHandler (ContextHandler.java:doStop(910)) - Stopped o.e.j.s.ServletContextHandler@4debbf0{/static,jar:file:/home/user/.m2/repository/org/apache/hadoop/hadoop-hdds-container-service/0.5.0-SNAPSHOT/hadoop-hdds-container-service-0.5.0-SNAPSHOT.jar!/webapps/static,UNAVAILABLE}
2019-11-14 03:47:27,634 [main] INFO  handler.ContextHandler (ContextHandler.java:doStop(910)) - Stopped o.e.j.s.ServletContextHandler@f2a1813{/static,jar:file:/home/user/.m2/repository/org/apache/hadoop/hadoop-hdds-container-service/0.5.0-SNAPSHOT/hadoop-hdds-container-service-0.5.0-SNAPSHOT.jar!/webapps/static,UNAVAILABLE}
2019-11-14 03:47:27,634 [ForkJoinPool.commonPool-worker-1] INFO  handler.ContextHandler (ContextHandler.java:doStop(910)) - Stopped o.e.j.s.ServletContextHandler@fb0a08c{/logs,file:///workdir/hadoop-ozone/integration-test/target/log,UNAVAILABLE}
2019-11-14 03:47:27,635 [main] INFO  handler.ContextHandler (ContextHandler.java:doStop(910)) - Stopped o.e.j.s.ServletContextHandler@59c04bee{/logs,file:///workdir/hadoop-ozone/integration-test/target/log,UNAVAILABLE}
2019-11-14 03:47:27,815 [grpc-default-executor-0] WARN  server.GrpcLogAppender (LogUtils.java:warn(134)) - 78429c2b-19b5-43a0-84bb-c976fd750a70@group-4A0DDCD43B4A->d4b369d8-a85d-4b99-b953-37bddccdea6c-AppendLogResponseHandler: Failed appendEntries: org.apache.ratis.thirdparty.io.grpc.StatusRuntimeException: UNAVAILABLE: io exception
2019-11-14 03:47:27,815 [grpc-default-executor-0] INFO  impl.FollowerInfo (FollowerInfo.java:lambda$new$0(51)) - 78429c2b-19b5-43a0-84bb-c976fd750a70@group-4A0DDCD43B4A->d4b369d8-a85d-4b99-b953-37bddccdea6c: nextIndex: updateUnconditionally 0 -> 0
2019-11-14 03:47:27,822 [Datanode State Machine Thread - 0] INFO  statemachine.DatanodeStateMachine (DatanodeStateMachine.java:lambda$startDaemon$0(350)) - Ozone container server started.
2019-11-14 03:47:28,116 [grpc-default-executor-6] WARN  server.GrpcLogAppender (LogUtils.java:warn(134)) - 6159a4a7-02ae-4457-ad8e-d99f5584798f@group-8B77DDD58102->3a789c1e-652a-4343-9c47-49015e6a7e8b-AppendLogResponseHandler: Failed appendEntries: org.apache.ratis.thirdparty.io.grpc.StatusRuntimeException: UNAVAILABLE: io exception
2019-11-14 03:47:28,116 [grpc-default-executor-6] INFO  impl.FollowerInfo (FollowerInfo.java:lambda$new$0(51)) - 6159a4a7-02ae-4457-ad8e-d99f5584798f@group-8B77DDD58102->3a789c1e-652a-4343-9c47-49015e6a7e8b: nextIndex: updateUnconditionally 0 -> 0
2019-11-14 03:47:28,315 [grpc-default-executor-1] WARN  server.GrpcLogAppender (LogUtils.java:warn(134)) - 78429c2b-19b5-43a0-84bb-c976fd750a70@group-4A0DDCD43B4A->d4b369d8-a85d-4b99-b953-37bddccdea6c-AppendLogResponseHandler: Failed appendEntries: org.apache.ratis.thirdparty.io.grpc.StatusRuntimeException: UNAVAILABLE: io exception
2019-11-14 03:47:28,316 [grpc-default-executor-1] INFO  impl.FollowerInfo (FollowerInfo.java:lambda$new$0(51)) - 78429c2b-19b5-43a0-84bb-c976fd750a70@group-4A0DDCD43B4A->d4b369d8-a85d-4b99-b953-37bddccdea6c: nextIndex: updateUnconditionally 0 -> 0
2019-11-14 03:47:28,394 [Datanode State Machine Thread - 0] INFO  statemachine.DatanodeStateMachine (DatanodeStateMachine.java:lambda$startDaemon$0(350)) - Ozone container server started.
2019-11-14 03:47:28,616 [grpc-default-executor-6] WARN  server.GrpcLogAppender (LogUtils.java:warn(134)) - 6159a4a7-02ae-4457-ad8e-d99f5584798f@group-8B77DDD58102->3a789c1e-652a-4343-9c47-49015e6a7e8b-AppendLogResponseHandler: Failed appendEntries: org.apache.ratis.thirdparty.io.grpc.StatusRuntimeException: UNAVAILABLE: io exception
2019-11-14 03:47:28,616 [grpc-default-executor-6] INFO  impl.FollowerInfo (FollowerInfo.java:lambda$new$0(51)) - 6159a4a7-02ae-4457-ad8e-d99f5584798f@group-8B77DDD58102->3a789c1e-652a-4343-9c47-49015e6a7e8b: nextIndex: updateUnconditionally 0 -> 0
2019-11-14 03:47:28,773 [Thread-1667] INFO  impl.FollowerState (FollowerState.java:run(111)) - ad307801-f957-4403-adfc-9cdab46587c3@group-BD618050F398-FollowerState: change to CANDIDATE, lastRpcTime:1589ms, electionTimeout:1199ms
2019-11-14 03:47:28,774 [Thread-1667] INFO  impl.RoleInfo (RoleInfo.java:shutdownFollowerState(121)) - ad307801-f957-4403-adfc-9cdab46587c3: shutdown FollowerState
2019-11-14 03:47:28,774 [Thread-1667] INFO  impl.RaftServerImpl (RaftServerImpl.java:setRole(173)) - ad307801-f957-4403-adfc-9cdab46587c3@group-BD618050F398: changes role from  FOLLOWER to CANDIDATE at term 1 for changeToCandidate
2019-11-14 03:47:28,774 [Thread-1667] INFO  impl.RoleInfo (RoleInfo.java:updateAndGet(143)) - ad307801-f957-4403-adfc-9cdab46587c3: start LeaderElection
2019-11-14 03:47:28,775 [ad307801-f957-4403-adfc-9cdab46587c3@group-BD618050F398-LeaderElection76] INFO  impl.RaftServerImpl (ServerState.java:setLeader(255)) - ad307801-f957-4403-adfc-9cdab46587c3@group-BD618050F398: change Leader from bf247637-7e59-4671-9487-192b6829a40a to null at term 1 for initElection
2019-11-14 03:47:28,798 [ad307801-f957-4403-adfc-9cdab46587c3@group-BD618050F398-LeaderElection76] INFO  impl.LeaderElection (LeaderElection.java:askForVotes(178)) - ad307801-f957-4403-adfc-9cdab46587c3@group-BD618050F398-LeaderElection76: begin an election at term 2 for 0: [d8a9c999-7748-4aa6-a9a9-ef73d9884e3c:192.168.157.206:34054, ad307801-f957-4403-adfc-9cdab46587c3:192.168.157.206:36473, bf247637-7e59-4671-9487-192b6829a40a:192.168.157.206:41118], old=null
2019-11-14 03:47:28,801 [ad307801-f957-4403-adfc-9cdab46587c3@group-BD618050F398-LeaderElection76] INFO  impl.LeaderElection (LogUtils.java:infoOrTrace(149)) - ad307801-f957-4403-adfc-9cdab46587c3@group-BD618050F398-LeaderElection76 got exception when requesting votes: {}
java.util.concurrent.ExecutionException: org.apache.ratis.thirdparty.io.grpc.StatusRuntimeException: UNAVAILABLE: io exception
	at java.util.concurrent.FutureTask.report(FutureTask.java:122)
	at java.util.concurrent.FutureTask.get(FutureTask.java:192)
	at org.apache.ratis.server.impl.LeaderElection.waitForResults(LeaderElection.java:259)
	at org.apache.ratis.server.impl.LeaderElection.askForVotes(LeaderElection.java:197)
	at org.apache.ratis.server.impl.LeaderElection.run(LeaderElection.java:133)
	at java.lang.Thread.run(Thread.java:748)
Caused by: org.apache.ratis.thirdparty.io.grpc.StatusRuntimeException: UNAVAILABLE: io exception
	at org.apache.ratis.thirdparty.io.grpc.stub.ClientCalls.toStatusRuntimeException(ClientCalls.java:233)
	at org.apache.ratis.thirdparty.io.grpc.stub.ClientCalls.getUnchecked(ClientCalls.java:214)
	at org.apache.ratis.thirdparty.io.grpc.stub.ClientCalls.blockingUnaryCall(ClientCalls.java:139)
	at org.apache.ratis.proto.grpc.RaftServerProtocolServiceGrpc$RaftServerProtocolServiceBlockingStub.requestVote(RaftServerProtocolServiceGrpc.java:265)
	at org.apache.ratis.grpc.server.GrpcServerProtocolClient.requestVote(GrpcServerProtocolClient.java:99)
	at org.apache.ratis.grpc.server.GrpcService.requestVote(GrpcService.java:204)
	at org.apache.ratis.server.impl.LeaderElection.lambda$submitRequests$1(LeaderElection.java:234)
	at java.util.concurrent.FutureTask.run(FutureTask.java:266)
	at java.util.concurrent.Executors$RunnableAdapter.call(Executors.java:511)
	at java.util.concurrent.FutureTask.run(FutureTask.java:266)
	at java.util.concurrent.ThreadPoolExecutor.runWorker(ThreadPoolExecutor.java:1149)
	at java.util.concurrent.ThreadPoolExecutor$Worker.run(ThreadPoolExecutor.java:624)
	... 1 more
Caused by: org.apache.ratis.thirdparty.io.netty.channel.AbstractChannel$AnnotatedConnectException: Connection refused: /192.168.157.206:41118
	at sun.nio.ch.SocketChannelImpl.checkConnect(Native Method)
	at sun.nio.ch.SocketChannelImpl.finishConnect(SocketChannelImpl.java:717)
	at org.apache.ratis.thirdparty.io.netty.channel.socket.nio.NioSocketChannel.doFinishConnect(NioSocketChannel.java:327)
	at org.apache.ratis.thirdparty.io.netty.channel.nio.AbstractNioChannel$AbstractNioUnsafe.finishConnect(AbstractNioChannel.java:340)
	at org.apache.ratis.thirdparty.io.netty.channel.nio.NioEventLoop.processSelectedKey(NioEventLoop.java:632)
	at org.apache.ratis.thirdparty.io.netty.channel.nio.NioEventLoop.processSelectedKeysOptimized(NioEventLoop.java:579)
	at org.apache.ratis.thirdparty.io.netty.channel.nio.NioEventLoop.processSelectedKeys(NioEventLoop.java:496)
	at org.apache.ratis.thirdparty.io.netty.channel.nio.NioEventLoop.run(NioEventLoop.java:458)
	at org.apache.ratis.thirdparty.io.netty.util.concurrent.SingleThreadEventExecutor$5.run(SingleThreadEventExecutor.java:897)
	at org.apache.ratis.thirdparty.io.netty.util.concurrent.FastThreadLocalRunnable.run(FastThreadLocalRunnable.java:30)
	... 1 more
Caused by: java.net.ConnectException: Connection refused
	... 11 more
2019-11-14 03:47:28,803 [ad307801-f957-4403-adfc-9cdab46587c3@group-BD618050F398-LeaderElection76] INFO  impl.LeaderElection (LogUtils.java:infoOrTrace(149)) - ad307801-f957-4403-adfc-9cdab46587c3@group-BD618050F398-LeaderElection76 got exception when requesting votes: {}
java.util.concurrent.ExecutionException: org.apache.ratis.thirdparty.io.grpc.StatusRuntimeException: UNAVAILABLE: io exception
	at java.util.concurrent.FutureTask.report(FutureTask.java:122)
	at java.util.concurrent.FutureTask.get(FutureTask.java:192)
	at org.apache.ratis.server.impl.LeaderElection.waitForResults(LeaderElection.java:259)
	at org.apache.ratis.server.impl.LeaderElection.askForVotes(LeaderElection.java:197)
	at org.apache.ratis.server.impl.LeaderElection.run(LeaderElection.java:133)
	at java.lang.Thread.run(Thread.java:748)
Caused by: org.apache.ratis.thirdparty.io.grpc.StatusRuntimeException: UNAVAILABLE: io exception
	at org.apache.ratis.thirdparty.io.grpc.stub.ClientCalls.toStatusRuntimeException(ClientCalls.java:233)
	at org.apache.ratis.thirdparty.io.grpc.stub.ClientCalls.getUnchecked(ClientCalls.java:214)
	at org.apache.ratis.thirdparty.io.grpc.stub.ClientCalls.blockingUnaryCall(ClientCalls.java:139)
	at org.apache.ratis.proto.grpc.RaftServerProtocolServiceGrpc$RaftServerProtocolServiceBlockingStub.requestVote(RaftServerProtocolServiceGrpc.java:265)
	at org.apache.ratis.grpc.server.GrpcServerProtocolClient.requestVote(GrpcServerProtocolClient.java:99)
	at org.apache.ratis.grpc.server.GrpcService.requestVote(GrpcService.java:204)
	at org.apache.ratis.server.impl.LeaderElection.lambda$submitRequests$1(LeaderElection.java:234)
	at java.util.concurrent.FutureTask.run(FutureTask.java:266)
	at java.util.concurrent.Executors$RunnableAdapter.call(Executors.java:511)
	at java.util.concurrent.FutureTask.run(FutureTask.java:266)
	at java.util.concurrent.ThreadPoolExecutor.runWorker(ThreadPoolExecutor.java:1149)
	at java.util.concurrent.ThreadPoolExecutor$Worker.run(ThreadPoolExecutor.java:624)
	... 1 more
Caused by: org.apache.ratis.thirdparty.io.netty.channel.AbstractChannel$AnnotatedConnectException: Connection refused: /192.168.157.206:34054
	at sun.nio.ch.SocketChannelImpl.checkConnect(Native Method)
	at sun.nio.ch.SocketChannelImpl.finishConnect(SocketChannelImpl.java:717)
	at org.apache.ratis.thirdparty.io.netty.channel.socket.nio.NioSocketChannel.doFinishConnect(NioSocketChannel.java:327)
	at org.apache.ratis.thirdparty.io.netty.channel.nio.AbstractNioChannel$AbstractNioUnsafe.finishConnect(AbstractNioChannel.java:340)
	at org.apache.ratis.thirdparty.io.netty.channel.nio.NioEventLoop.processSelectedKey(NioEventLoop.java:632)
	at org.apache.ratis.thirdparty.io.netty.channel.nio.NioEventLoop.processSelectedKeysOptimized(NioEventLoop.java:579)
	at org.apache.ratis.thirdparty.io.netty.channel.nio.NioEventLoop.processSelectedKeys(NioEventLoop.java:496)
	at org.apache.ratis.thirdparty.io.netty.channel.nio.NioEventLoop.run(NioEventLoop.java:458)
	at org.apache.ratis.thirdparty.io.netty.util.concurrent.SingleThreadEventExecutor$5.run(SingleThreadEventExecutor.java:897)
	at org.apache.ratis.thirdparty.io.netty.util.concurrent.FastThreadLocalRunnable.run(FastThreadLocalRunnable.java:30)
	... 1 more
Caused by: java.net.ConnectException: Connection refused
	... 11 more
2019-11-14 03:47:28,805 [ad307801-f957-4403-adfc-9cdab46587c3@group-BD618050F398-LeaderElection76] INFO  impl.LeaderElection (LeaderElection.java:logAndReturn(56)) - ad307801-f957-4403-adfc-9cdab46587c3@group-BD618050F398-LeaderElection76: Election REJECTED; received 0 response(s) [] and 2 exception(s); ad307801-f957-4403-adfc-9cdab46587c3@group-BD618050F398:t2, leader=null, voted=ad307801-f957-4403-adfc-9cdab46587c3, raftlog=ad307801-f957-4403-adfc-9cdab46587c3@group-BD618050F398-SegmentedRaftLog:OPENED:c0,f0,i0, conf=0: [d8a9c999-7748-4aa6-a9a9-ef73d9884e3c:192.168.157.206:34054, ad307801-f957-4403-adfc-9cdab46587c3:192.168.157.206:36473, bf247637-7e59-4671-9487-192b6829a40a:192.168.157.206:41118], old=null
2019-11-14 03:47:28,805 [ad307801-f957-4403-adfc-9cdab46587c3@group-BD618050F398-LeaderElection76] INFO  impl.LeaderElection (LogUtils.java:infoOrTrace(149)) -   Exception 0: {}
java.util.concurrent.ExecutionException: org.apache.ratis.thirdparty.io.grpc.StatusRuntimeException: UNAVAILABLE: io exception
	at java.util.concurrent.FutureTask.report(FutureTask.java:122)
	at java.util.concurrent.FutureTask.get(FutureTask.java:192)
	at org.apache.ratis.server.impl.LeaderElection.waitForResults(LeaderElection.java:259)
	at org.apache.ratis.server.impl.LeaderElection.askForVotes(LeaderElection.java:197)
	at org.apache.ratis.server.impl.LeaderElection.run(LeaderElection.java:133)
	at java.lang.Thread.run(Thread.java:748)
Caused by: org.apache.ratis.thirdparty.io.grpc.StatusRuntimeException: UNAVAILABLE: io exception
	at org.apache.ratis.thirdparty.io.grpc.stub.ClientCalls.toStatusRuntimeException(ClientCalls.java:233)
	at org.apache.ratis.thirdparty.io.grpc.stub.ClientCalls.getUnchecked(ClientCalls.java:214)
	at org.apache.ratis.thirdparty.io.grpc.stub.ClientCalls.blockingUnaryCall(ClientCalls.java:139)
	at org.apache.ratis.proto.grpc.RaftServerProtocolServiceGrpc$RaftServerProtocolServiceBlockingStub.requestVote(RaftServerProtocolServiceGrpc.java:265)
	at org.apache.ratis.grpc.server.GrpcServerProtocolClient.requestVote(GrpcServerProtocolClient.java:99)
	at org.apache.ratis.grpc.server.GrpcService.requestVote(GrpcService.java:204)
	at org.apache.ratis.server.impl.LeaderElection.lambda$submitRequests$1(LeaderElection.java:234)
	at java.util.concurrent.FutureTask.run(FutureTask.java:266)
	at java.util.concurrent.Executors$RunnableAdapter.call(Executors.java:511)
	at java.util.concurrent.FutureTask.run(FutureTask.java:266)
	at java.util.concurrent.ThreadPoolExecutor.runWorker(ThreadPoolExecutor.java:1149)
	at java.util.concurrent.ThreadPoolExecutor$Worker.run(ThreadPoolExecutor.java:624)
	... 1 more
Caused by: org.apache.ratis.thirdparty.io.netty.channel.AbstractChannel$AnnotatedConnectException: Connection refused: /192.168.157.206:41118
	at sun.nio.ch.SocketChannelImpl.checkConnect(Native Method)
	at sun.nio.ch.SocketChannelImpl.finishConnect(SocketChannelImpl.java:717)
	at org.apache.ratis.thirdparty.io.netty.channel.socket.nio.NioSocketChannel.doFinishConnect(NioSocketChannel.java:327)
	at org.apache.ratis.thirdparty.io.netty.channel.nio.AbstractNioChannel$AbstractNioUnsafe.finishConnect(AbstractNioChannel.java:340)
	at org.apache.ratis.thirdparty.io.netty.channel.nio.NioEventLoop.processSelectedKey(NioEventLoop.java:632)
	at org.apache.ratis.thirdparty.io.netty.channel.nio.NioEventLoop.processSelectedKeysOptimized(NioEventLoop.java:579)
	at org.apache.ratis.thirdparty.io.netty.channel.nio.NioEventLoop.processSelectedKeys(NioEventLoop.java:496)
	at org.apache.ratis.thirdparty.io.netty.channel.nio.NioEventLoop.run(NioEventLoop.java:458)
	at org.apache.ratis.thirdparty.io.netty.util.concurrent.SingleThreadEventExecutor$5.run(SingleThreadEventExecutor.java:897)
	at org.apache.ratis.thirdparty.io.netty.util.concurrent.FastThreadLocalRunnable.run(FastThreadLocalRunnable.java:30)
	... 1 more
Caused by: java.net.ConnectException: Connection refused
	... 11 more
2019-11-14 03:47:28,806 [ad307801-f957-4403-adfc-9cdab46587c3@group-BD618050F398-LeaderElection76] INFO  impl.LeaderElection (LogUtils.java:infoOrTrace(149)) -   Exception 1: {}
java.util.concurrent.ExecutionException: org.apache.ratis.thirdparty.io.grpc.StatusRuntimeException: UNAVAILABLE: io exception
	at java.util.concurrent.FutureTask.report(FutureTask.java:122)
	at java.util.concurrent.FutureTask.get(FutureTask.java:192)
	at org.apache.ratis.server.impl.LeaderElection.waitForResults(LeaderElection.java:259)
	at org.apache.ratis.server.impl.LeaderElection.askForVotes(LeaderElection.java:197)
	at org.apache.ratis.server.impl.LeaderElection.run(LeaderElection.java:133)
	at java.lang.Thread.run(Thread.java:748)
Caused by: org.apache.ratis.thirdparty.io.grpc.StatusRuntimeException: UNAVAILABLE: io exception
	at org.apache.ratis.thirdparty.io.grpc.stub.ClientCalls.toStatusRuntimeException(ClientCalls.java:233)
	at org.apache.ratis.thirdparty.io.grpc.stub.ClientCalls.getUnchecked(ClientCalls.java:214)
	at org.apache.ratis.thirdparty.io.grpc.stub.ClientCalls.blockingUnaryCall(ClientCalls.java:139)
	at org.apache.ratis.proto.grpc.RaftServerProtocolServiceGrpc$RaftServerProtocolServiceBlockingStub.requestVote(RaftServerProtocolServiceGrpc.java:265)
	at org.apache.ratis.grpc.server.GrpcServerProtocolClient.requestVote(GrpcServerProtocolClient.java:99)
	at org.apache.ratis.grpc.server.GrpcService.requestVote(GrpcService.java:204)
	at org.apache.ratis.server.impl.LeaderElection.lambda$submitRequests$1(LeaderElection.java:234)
	at java.util.concurrent.FutureTask.run(FutureTask.java:266)
	at java.util.concurrent.Executors$RunnableAdapter.call(Executors.java:511)
	at java.util.concurrent.FutureTask.run(FutureTask.java:266)
	at java.util.concurrent.ThreadPoolExecutor.runWorker(ThreadPoolExecutor.java:1149)
	at java.util.concurrent.ThreadPoolExecutor$Worker.run(ThreadPoolExecutor.java:624)
	... 1 more
Caused by: org.apache.ratis.thirdparty.io.netty.channel.AbstractChannel$AnnotatedConnectException: Connection refused: /192.168.157.206:34054
	at sun.nio.ch.SocketChannelImpl.checkConnect(Native Method)
	at sun.nio.ch.SocketChannelImpl.finishConnect(SocketChannelImpl.java:717)
	at org.apache.ratis.thirdparty.io.netty.channel.socket.nio.NioSocketChannel.doFinishConnect(NioSocketChannel.java:327)
	at org.apache.ratis.thirdparty.io.netty.channel.nio.AbstractNioChannel$AbstractNioUnsafe.finishConnect(AbstractNioChannel.java:340)
	at org.apache.ratis.thirdparty.io.netty.channel.nio.NioEventLoop.processSelectedKey(NioEventLoop.java:632)
	at org.apache.ratis.thirdparty.io.netty.channel.nio.NioEventLoop.processSelectedKeysOptimized(NioEventLoop.java:579)
	at org.apache.ratis.thirdparty.io.netty.channel.nio.NioEventLoop.processSelectedKeys(NioEventLoop.java:496)
	at org.apache.ratis.thirdparty.io.netty.channel.nio.NioEventLoop.run(NioEventLoop.java:458)
	at org.apache.ratis.thirdparty.io.netty.util.concurrent.SingleThreadEventExecutor$5.run(SingleThreadEventExecutor.java:897)
	at org.apache.ratis.thirdparty.io.netty.util.concurrent.FastThreadLocalRunnable.run(FastThreadLocalRunnable.java:30)
	... 1 more
Caused by: java.net.ConnectException: Connection refused
	... 11 more
2019-11-14 03:47:28,806 [ad307801-f957-4403-adfc-9cdab46587c3@group-BD618050F398-LeaderElection76] INFO  impl.RaftServerImpl (RaftServerImpl.java:setRole(173)) - ad307801-f957-4403-adfc-9cdab46587c3@group-BD618050F398: changes role from CANDIDATE to FOLLOWER at term 2 for DISCOVERED_A_NEW_TERM
2019-11-14 03:47:28,806 [ad307801-f957-4403-adfc-9cdab46587c3@group-BD618050F398-LeaderElection76] INFO  impl.RoleInfo (RoleInfo.java:shutdownLeaderElection(134)) - ad307801-f957-4403-adfc-9cdab46587c3: shutdown LeaderElection
2019-11-14 03:47:28,806 [ad307801-f957-4403-adfc-9cdab46587c3@group-BD618050F398-LeaderElection76] INFO  impl.RoleInfo (RoleInfo.java:updateAndGet(143)) - ad307801-f957-4403-adfc-9cdab46587c3: start FollowerState
2019-11-14 03:47:28,815 [grpc-default-executor-1] WARN  server.GrpcLogAppender (LogUtils.java:warn(134)) - 78429c2b-19b5-43a0-84bb-c976fd750a70@group-4A0DDCD43B4A->d4b369d8-a85d-4b99-b953-37bddccdea6c-AppendLogResponseHandler: Failed appendEntries: org.apache.ratis.thirdparty.io.grpc.StatusRuntimeException: UNAVAILABLE: io exception
2019-11-14 03:47:28,815 [grpc-default-executor-1] INFO  impl.FollowerInfo (FollowerInfo.java:lambda$new$0(51)) - 78429c2b-19b5-43a0-84bb-c976fd750a70@group-4A0DDCD43B4A->d4b369d8-a85d-4b99-b953-37bddccdea6c: nextIndex: updateUnconditionally 0 -> 0
2019-11-14 03:47:29,117 [grpc-default-executor-0] WARN  server.GrpcLogAppender (LogUtils.java:warn(134)) - 6159a4a7-02ae-4457-ad8e-d99f5584798f@group-8B77DDD58102->3a789c1e-652a-4343-9c47-49015e6a7e8b-AppendLogResponseHandler: Failed appendEntries: org.apache.ratis.thirdparty.io.grpc.StatusRuntimeException: UNAVAILABLE: io exception
2019-11-14 03:47:29,117 [grpc-default-executor-0] INFO  impl.FollowerInfo (FollowerInfo.java:lambda$new$0(51)) - 6159a4a7-02ae-4457-ad8e-d99f5584798f@group-8B77DDD58102->3a789c1e-652a-4343-9c47-49015e6a7e8b: nextIndex: updateUnconditionally 0 -> 0
2019-11-14 03:47:29,316 [grpc-default-executor-1] WARN  server.GrpcLogAppender (LogUtils.java:warn(134)) - 78429c2b-19b5-43a0-84bb-c976fd750a70@group-4A0DDCD43B4A->d4b369d8-a85d-4b99-b953-37bddccdea6c-AppendLogResponseHandler: Failed appendEntries: org.apache.ratis.thirdparty.io.grpc.StatusRuntimeException: UNAVAILABLE: io exception
2019-11-14 03:47:29,316 [grpc-default-executor-1] INFO  impl.FollowerInfo (FollowerInfo.java:lambda$new$0(51)) - 78429c2b-19b5-43a0-84bb-c976fd750a70@group-4A0DDCD43B4A->d4b369d8-a85d-4b99-b953-37bddccdea6c: nextIndex: updateUnconditionally 0 -> 0
2019-11-14 03:47:29,617 [grpc-default-executor-6] WARN  server.GrpcLogAppender (LogUtils.java:warn(134)) - 6159a4a7-02ae-4457-ad8e-d99f5584798f@group-8B77DDD58102->3a789c1e-652a-4343-9c47-49015e6a7e8b-AppendLogResponseHandler: Failed appendEntries: org.apache.ratis.thirdparty.io.grpc.StatusRuntimeException: UNAVAILABLE: io exception
2019-11-14 03:47:29,617 [grpc-default-executor-6] INFO  impl.FollowerInfo (FollowerInfo.java:lambda$new$0(51)) - 6159a4a7-02ae-4457-ad8e-d99f5584798f@group-8B77DDD58102->3a789c1e-652a-4343-9c47-49015e6a7e8b: nextIndex: updateUnconditionally 0 -> 0
2019-11-14 03:47:29,817 [grpc-default-executor-6] WARN  server.GrpcLogAppender (LogUtils.java:warn(134)) - 78429c2b-19b5-43a0-84bb-c976fd750a70@group-4A0DDCD43B4A->d4b369d8-a85d-4b99-b953-37bddccdea6c-AppendLogResponseHandler: Failed appendEntries: org.apache.ratis.thirdparty.io.grpc.StatusRuntimeException: UNAVAILABLE: io exception
2019-11-14 03:47:29,817 [grpc-default-executor-6] INFO  impl.FollowerInfo (FollowerInfo.java:lambda$new$0(51)) - 78429c2b-19b5-43a0-84bb-c976fd750a70@group-4A0DDCD43B4A->d4b369d8-a85d-4b99-b953-37bddccdea6c: nextIndex: updateUnconditionally 0 -> 0
2019-11-14 03:47:29,900 [Thread-1801] INFO  impl.FollowerState (FollowerState.java:run(111)) - ad307801-f957-4403-adfc-9cdab46587c3@group-BD618050F398-FollowerState: change to CANDIDATE, lastRpcTime:1093ms, electionTimeout:1093ms
2019-11-14 03:47:29,900 [Thread-1801] INFO  impl.RoleInfo (RoleInfo.java:shutdownFollowerState(121)) - ad307801-f957-4403-adfc-9cdab46587c3: shutdown FollowerState
2019-11-14 03:47:29,900 [Thread-1801] INFO  impl.RaftServerImpl (RaftServerImpl.java:setRole(173)) - ad307801-f957-4403-adfc-9cdab46587c3@group-BD618050F398: changes role from  FOLLOWER to CANDIDATE at term 2 for changeToCandidate
2019-11-14 03:47:29,900 [Thread-1801] INFO  impl.RoleInfo (RoleInfo.java:updateAndGet(143)) - ad307801-f957-4403-adfc-9cdab46587c3: start LeaderElection
2019-11-14 03:47:29,941 [ad307801-f957-4403-adfc-9cdab46587c3@group-BD618050F398-LeaderElection77] INFO  impl.LeaderElection (LeaderElection.java:askForVotes(178)) - ad307801-f957-4403-adfc-9cdab46587c3@group-BD618050F398-LeaderElection77: begin an election at term 3 for 0: [d8a9c999-7748-4aa6-a9a9-ef73d9884e3c:192.168.157.206:34054, ad307801-f957-4403-adfc-9cdab46587c3:192.168.157.206:36473, bf247637-7e59-4671-9487-192b6829a40a:192.168.157.206:41118], old=null
2019-11-14 03:47:29,942 [ad307801-f957-4403-adfc-9cdab46587c3@group-BD618050F398-LeaderElection77] INFO  impl.LeaderElection (LogUtils.java:infoOrTrace(149)) - ad307801-f957-4403-adfc-9cdab46587c3@group-BD618050F398-LeaderElection77 got exception when requesting votes: {}
java.util.concurrent.ExecutionException: org.apache.ratis.thirdparty.io.grpc.StatusRuntimeException: UNAVAILABLE: io exception
	at java.util.concurrent.FutureTask.report(FutureTask.java:122)
	at java.util.concurrent.FutureTask.get(FutureTask.java:192)
	at org.apache.ratis.server.impl.LeaderElection.waitForResults(LeaderElection.java:259)
	at org.apache.ratis.server.impl.LeaderElection.askForVotes(LeaderElection.java:197)
	at org.apache.ratis.server.impl.LeaderElection.run(LeaderElection.java:133)
	at java.lang.Thread.run(Thread.java:748)
Caused by: org.apache.ratis.thirdparty.io.grpc.StatusRuntimeException: UNAVAILABLE: io exception
	at org.apache.ratis.thirdparty.io.grpc.stub.ClientCalls.toStatusRuntimeException(ClientCalls.java:233)
	at org.apache.ratis.thirdparty.io.grpc.stub.ClientCalls.getUnchecked(ClientCalls.java:214)
	at org.apache.ratis.thirdparty.io.grpc.stub.ClientCalls.blockingUnaryCall(ClientCalls.java:139)
	at org.apache.ratis.proto.grpc.RaftServerProtocolServiceGrpc$RaftServerProtocolServiceBlockingStub.requestVote(RaftServerProtocolServiceGrpc.java:265)
	at org.apache.ratis.grpc.server.GrpcServerProtocolClient.requestVote(GrpcServerProtocolClient.java:99)
	at org.apache.ratis.grpc.server.GrpcService.requestVote(GrpcService.java:204)
	at org.apache.ratis.server.impl.LeaderElection.lambda$submitRequests$1(LeaderElection.java:234)
	at java.util.concurrent.FutureTask.run(FutureTask.java:266)
	at java.util.concurrent.Executors$RunnableAdapter.call(Executors.java:511)
	at java.util.concurrent.FutureTask.run(FutureTask.java:266)
	at java.util.concurrent.ThreadPoolExecutor.runWorker(ThreadPoolExecutor.java:1149)
	at java.util.concurrent.ThreadPoolExecutor$Worker.run(ThreadPoolExecutor.java:624)
	... 1 more
Caused by: org.apache.ratis.thirdparty.io.netty.channel.AbstractChannel$AnnotatedConnectException: Connection refused: /192.168.157.206:41118
	at sun.nio.ch.SocketChannelImpl.checkConnect(Native Method)
	at sun.nio.ch.SocketChannelImpl.finishConnect(SocketChannelImpl.java:717)
	at org.apache.ratis.thirdparty.io.netty.channel.socket.nio.NioSocketChannel.doFinishConnect(NioSocketChannel.java:327)
	at org.apache.ratis.thirdparty.io.netty.channel.nio.AbstractNioChannel$AbstractNioUnsafe.finishConnect(AbstractNioChannel.java:340)
	at org.apache.ratis.thirdparty.io.netty.channel.nio.NioEventLoop.processSelectedKey(NioEventLoop.java:632)
	at org.apache.ratis.thirdparty.io.netty.channel.nio.NioEventLoop.processSelectedKeysOptimized(NioEventLoop.java:579)
	at org.apache.ratis.thirdparty.io.netty.channel.nio.NioEventLoop.processSelectedKeys(NioEventLoop.java:496)
	at org.apache.ratis.thirdparty.io.netty.channel.nio.NioEventLoop.run(NioEventLoop.java:458)
	at org.apache.ratis.thirdparty.io.netty.util.concurrent.SingleThreadEventExecutor$5.run(SingleThreadEventExecutor.java:897)
	at org.apache.ratis.thirdparty.io.netty.util.concurrent.FastThreadLocalRunnable.run(FastThreadLocalRunnable.java:30)
	... 1 more
Caused by: java.net.ConnectException: Connection refused
	... 11 more
2019-11-14 03:47:29,944 [ad307801-f957-4403-adfc-9cdab46587c3@group-BD618050F398-LeaderElection77] INFO  impl.LeaderElection (LogUtils.java:infoOrTrace(149)) - ad307801-f957-4403-adfc-9cdab46587c3@group-BD618050F398-LeaderElection77 got exception when requesting votes: {}
java.util.concurrent.ExecutionException: org.apache.ratis.thirdparty.io.grpc.StatusRuntimeException: UNAVAILABLE: io exception
	at java.util.concurrent.FutureTask.report(FutureTask.java:122)
	at java.util.concurrent.FutureTask.get(FutureTask.java:192)
	at org.apache.ratis.server.impl.LeaderElection.waitForResults(LeaderElection.java:259)
	at org.apache.ratis.server.impl.LeaderElection.askForVotes(LeaderElection.java:197)
	at org.apache.ratis.server.impl.LeaderElection.run(LeaderElection.java:133)
	at java.lang.Thread.run(Thread.java:748)
Caused by: org.apache.ratis.thirdparty.io.grpc.StatusRuntimeException: UNAVAILABLE: io exception
	at org.apache.ratis.thirdparty.io.grpc.stub.ClientCalls.toStatusRuntimeException(ClientCalls.java:233)
	at org.apache.ratis.thirdparty.io.grpc.stub.ClientCalls.getUnchecked(ClientCalls.java:214)
	at org.apache.ratis.thirdparty.io.grpc.stub.ClientCalls.blockingUnaryCall(ClientCalls.java:139)
	at org.apache.ratis.proto.grpc.RaftServerProtocolServiceGrpc$RaftServerProtocolServiceBlockingStub.requestVote(RaftServerProtocolServiceGrpc.java:265)
	at org.apache.ratis.grpc.server.GrpcServerProtocolClient.requestVote(GrpcServerProtocolClient.java:99)
	at org.apache.ratis.grpc.server.GrpcService.requestVote(GrpcService.java:204)
	at org.apache.ratis.server.impl.LeaderElection.lambda$submitRequests$1(LeaderElection.java:234)
	at java.util.concurrent.FutureTask.run(FutureTask.java:266)
	at java.util.concurrent.Executors$RunnableAdapter.call(Executors.java:511)
	at java.util.concurrent.FutureTask.run(FutureTask.java:266)
	at java.util.concurrent.ThreadPoolExecutor.runWorker(ThreadPoolExecutor.java:1149)
	at java.util.concurrent.ThreadPoolExecutor$Worker.run(ThreadPoolExecutor.java:624)
	... 1 more
Caused by: org.apache.ratis.thirdparty.io.netty.channel.AbstractChannel$AnnotatedConnectException: Connection refused: /192.168.157.206:34054
	at sun.nio.ch.SocketChannelImpl.checkConnect(Native Method)
	at sun.nio.ch.SocketChannelImpl.finishConnect(SocketChannelImpl.java:717)
	at org.apache.ratis.thirdparty.io.netty.channel.socket.nio.NioSocketChannel.doFinishConnect(NioSocketChannel.java:327)
	at org.apache.ratis.thirdparty.io.netty.channel.nio.AbstractNioChannel$AbstractNioUnsafe.finishConnect(AbstractNioChannel.java:340)
	at org.apache.ratis.thirdparty.io.netty.channel.nio.NioEventLoop.processSelectedKey(NioEventLoop.java:632)
	at org.apache.ratis.thirdparty.io.netty.channel.nio.NioEventLoop.processSelectedKeysOptimized(NioEventLoop.java:579)
	at org.apache.ratis.thirdparty.io.netty.channel.nio.NioEventLoop.processSelectedKeys(NioEventLoop.java:496)
	at org.apache.ratis.thirdparty.io.netty.channel.nio.NioEventLoop.run(NioEventLoop.java:458)
	at org.apache.ratis.thirdparty.io.netty.util.concurrent.SingleThreadEventExecutor$5.run(SingleThreadEventExecutor.java:897)
	at org.apache.ratis.thirdparty.io.netty.util.concurrent.FastThreadLocalRunnable.run(FastThreadLocalRunnable.java:30)
	... 1 more
Caused by: java.net.ConnectException: Connection refused
	... 11 more
2019-11-14 03:47:29,945 [ad307801-f957-4403-adfc-9cdab46587c3@group-BD618050F398-LeaderElection77] INFO  impl.LeaderElection (LeaderElection.java:logAndReturn(56)) - ad307801-f957-4403-adfc-9cdab46587c3@group-BD618050F398-LeaderElection77: Election REJECTED; received 0 response(s) [] and 2 exception(s); ad307801-f957-4403-adfc-9cdab46587c3@group-BD618050F398:t3, leader=null, voted=ad307801-f957-4403-adfc-9cdab46587c3, raftlog=ad307801-f957-4403-adfc-9cdab46587c3@group-BD618050F398-SegmentedRaftLog:OPENED:c0,f0,i0, conf=0: [d8a9c999-7748-4aa6-a9a9-ef73d9884e3c:192.168.157.206:34054, ad307801-f957-4403-adfc-9cdab46587c3:192.168.157.206:36473, bf247637-7e59-4671-9487-192b6829a40a:192.168.157.206:41118], old=null
2019-11-14 03:47:29,945 [ad307801-f957-4403-adfc-9cdab46587c3@group-BD618050F398-LeaderElection77] INFO  impl.LeaderElection (LogUtils.java:infoOrTrace(149)) -   Exception 0: {}
java.util.concurrent.ExecutionException: org.apache.ratis.thirdparty.io.grpc.StatusRuntimeException: UNAVAILABLE: io exception
	at java.util.concurrent.FutureTask.report(FutureTask.java:122)
	at java.util.concurrent.FutureTask.get(FutureTask.java:192)
	at org.apache.ratis.server.impl.LeaderElection.waitForResults(LeaderElection.java:259)
	at org.apache.ratis.server.impl.LeaderElection.askForVotes(LeaderElection.java:197)
	at org.apache.ratis.server.impl.LeaderElection.run(LeaderElection.java:133)
	at java.lang.Thread.run(Thread.java:748)
Caused by: org.apache.ratis.thirdparty.io.grpc.StatusRuntimeException: UNAVAILABLE: io exception
	at org.apache.ratis.thirdparty.io.grpc.stub.ClientCalls.toStatusRuntimeException(ClientCalls.java:233)
	at org.apache.ratis.thirdparty.io.grpc.stub.ClientCalls.getUnchecked(ClientCalls.java:214)
	at org.apache.ratis.thirdparty.io.grpc.stub.ClientCalls.blockingUnaryCall(ClientCalls.java:139)
	at org.apache.ratis.proto.grpc.RaftServerProtocolServiceGrpc$RaftServerProtocolServiceBlockingStub.requestVote(RaftServerProtocolServiceGrpc.java:265)
	at org.apache.ratis.grpc.server.GrpcServerProtocolClient.requestVote(GrpcServerProtocolClient.java:99)
	at org.apache.ratis.grpc.server.GrpcService.requestVote(GrpcService.java:204)
	at org.apache.ratis.server.impl.LeaderElection.lambda$submitRequests$1(LeaderElection.java:234)
	at java.util.concurrent.FutureTask.run(FutureTask.java:266)
	at java.util.concurrent.Executors$RunnableAdapter.call(Executors.java:511)
	at java.util.concurrent.FutureTask.run(FutureTask.java:266)
	at java.util.concurrent.ThreadPoolExecutor.runWorker(ThreadPoolExecutor.java:1149)
	at java.util.concurrent.ThreadPoolExecutor$Worker.run(ThreadPoolExecutor.java:624)
	... 1 more
Caused by: org.apache.ratis.thirdparty.io.netty.channel.AbstractChannel$AnnotatedConnectException: Connection refused: /192.168.157.206:41118
	at sun.nio.ch.SocketChannelImpl.checkConnect(Native Method)
	at sun.nio.ch.SocketChannelImpl.finishConnect(SocketChannelImpl.java:717)
	at org.apache.ratis.thirdparty.io.netty.channel.socket.nio.NioSocketChannel.doFinishConnect(NioSocketChannel.java:327)
	at org.apache.ratis.thirdparty.io.netty.channel.nio.AbstractNioChannel$AbstractNioUnsafe.finishConnect(AbstractNioChannel.java:340)
	at org.apache.ratis.thirdparty.io.netty.channel.nio.NioEventLoop.processSelectedKey(NioEventLoop.java:632)
	at org.apache.ratis.thirdparty.io.netty.channel.nio.NioEventLoop.processSelectedKeysOptimized(NioEventLoop.java:579)
	at org.apache.ratis.thirdparty.io.netty.channel.nio.NioEventLoop.processSelectedKeys(NioEventLoop.java:496)
	at org.apache.ratis.thirdparty.io.netty.channel.nio.NioEventLoop.run(NioEventLoop.java:458)
	at org.apache.ratis.thirdparty.io.netty.util.concurrent.SingleThreadEventExecutor$5.run(SingleThreadEventExecutor.java:897)
	at org.apache.ratis.thirdparty.io.netty.util.concurrent.FastThreadLocalRunnable.run(FastThreadLocalRunnable.java:30)
	... 1 more
Caused by: java.net.ConnectException: Connection refused
	... 11 more
2019-11-14 03:47:29,946 [ad307801-f957-4403-adfc-9cdab46587c3@group-BD618050F398-LeaderElection77] INFO  impl.LeaderElection (LogUtils.java:infoOrTrace(149)) -   Exception 1: {}
java.util.concurrent.ExecutionException: org.apache.ratis.thirdparty.io.grpc.StatusRuntimeException: UNAVAILABLE: io exception
	at java.util.concurrent.FutureTask.report(FutureTask.java:122)
	at java.util.concurrent.FutureTask.get(FutureTask.java:192)
	at org.apache.ratis.server.impl.LeaderElection.waitForResults(LeaderElection.java:259)
	at org.apache.ratis.server.impl.LeaderElection.askForVotes(LeaderElection.java:197)
	at org.apache.ratis.server.impl.LeaderElection.run(LeaderElection.java:133)
	at java.lang.Thread.run(Thread.java:748)
Caused by: org.apache.ratis.thirdparty.io.grpc.StatusRuntimeException: UNAVAILABLE: io exception
	at org.apache.ratis.thirdparty.io.grpc.stub.ClientCalls.toStatusRuntimeException(ClientCalls.java:233)
	at org.apache.ratis.thirdparty.io.grpc.stub.ClientCalls.getUnchecked(ClientCalls.java:214)
	at org.apache.ratis.thirdparty.io.grpc.stub.ClientCalls.blockingUnaryCall(ClientCalls.java:139)
	at org.apache.ratis.proto.grpc.RaftServerProtocolServiceGrpc$RaftServerProtocolServiceBlockingStub.requestVote(RaftServerProtocolServiceGrpc.java:265)
	at org.apache.ratis.grpc.server.GrpcServerProtocolClient.requestVote(GrpcServerProtocolClient.java:99)
	at org.apache.ratis.grpc.server.GrpcService.requestVote(GrpcService.java:204)
	at org.apache.ratis.server.impl.LeaderElection.lambda$submitRequests$1(LeaderElection.java:234)
	at java.util.concurrent.FutureTask.run(FutureTask.java:266)
	at java.util.concurrent.Executors$RunnableAdapter.call(Executors.java:511)
	at java.util.concurrent.FutureTask.run(FutureTask.java:266)
	at java.util.concurrent.ThreadPoolExecutor.runWorker(ThreadPoolExecutor.java:1149)
	at java.util.concurrent.ThreadPoolExecutor$Worker.run(ThreadPoolExecutor.java:624)
	... 1 more
Caused by: org.apache.ratis.thirdparty.io.netty.channel.AbstractChannel$AnnotatedConnectException: Connection refused: /192.168.157.206:34054
	at sun.nio.ch.SocketChannelImpl.checkConnect(Native Method)
	at sun.nio.ch.SocketChannelImpl.finishConnect(SocketChannelImpl.java:717)
	at org.apache.ratis.thirdparty.io.netty.channel.socket.nio.NioSocketChannel.doFinishConnect(NioSocketChannel.java:327)
	at org.apache.ratis.thirdparty.io.netty.channel.nio.AbstractNioChannel$AbstractNioUnsafe.finishConnect(AbstractNioChannel.java:340)
	at org.apache.ratis.thirdparty.io.netty.channel.nio.NioEventLoop.processSelectedKey(NioEventLoop.java:632)
	at org.apache.ratis.thirdparty.io.netty.channel.nio.NioEventLoop.processSelectedKeysOptimized(NioEventLoop.java:579)
	at org.apache.ratis.thirdparty.io.netty.channel.nio.NioEventLoop.processSelectedKeys(NioEventLoop.java:496)
	at org.apache.ratis.thirdparty.io.netty.channel.nio.NioEventLoop.run(NioEventLoop.java:458)
	at org.apache.ratis.thirdparty.io.netty.util.concurrent.SingleThreadEventExecutor$5.run(SingleThreadEventExecutor.java:897)
	at org.apache.ratis.thirdparty.io.netty.util.concurrent.FastThreadLocalRunnable.run(FastThreadLocalRunnable.java:30)
	... 1 more
Caused by: java.net.ConnectException: Connection refused
	... 11 more
2019-11-14 03:47:29,946 [ad307801-f957-4403-adfc-9cdab46587c3@group-BD618050F398-LeaderElection77] INFO  impl.RaftServerImpl (RaftServerImpl.java:setRole(173)) - ad307801-f957-4403-adfc-9cdab46587c3@group-BD618050F398: changes role from CANDIDATE to FOLLOWER at term 3 for DISCOVERED_A_NEW_TERM
2019-11-14 03:47:29,946 [ad307801-f957-4403-adfc-9cdab46587c3@group-BD618050F398-LeaderElection77] INFO  impl.RoleInfo (RoleInfo.java:shutdownLeaderElection(134)) - ad307801-f957-4403-adfc-9cdab46587c3: shutdown LeaderElection
2019-11-14 03:47:29,946 [ad307801-f957-4403-adfc-9cdab46587c3@group-BD618050F398-LeaderElection77] INFO  impl.RoleInfo (RoleInfo.java:updateAndGet(143)) - ad307801-f957-4403-adfc-9cdab46587c3: start FollowerState
2019-11-14 03:47:30,119 [grpc-default-executor-6] WARN  server.GrpcLogAppender (LogUtils.java:warn(134)) - 6159a4a7-02ae-4457-ad8e-d99f5584798f@group-8B77DDD58102->3a789c1e-652a-4343-9c47-49015e6a7e8b-AppendLogResponseHandler: Failed appendEntries: org.apache.ratis.thirdparty.io.grpc.StatusRuntimeException: UNAVAILABLE: io exception
2019-11-14 03:47:30,120 [grpc-default-executor-6] INFO  impl.FollowerInfo (FollowerInfo.java:lambda$new$0(51)) - 6159a4a7-02ae-4457-ad8e-d99f5584798f@group-8B77DDD58102->3a789c1e-652a-4343-9c47-49015e6a7e8b: nextIndex: updateUnconditionally 0 -> 0
2019-11-14 03:47:30,318 [grpc-default-executor-6] WARN  server.GrpcLogAppender (LogUtils.java:warn(134)) - 78429c2b-19b5-43a0-84bb-c976fd750a70@group-4A0DDCD43B4A->d4b369d8-a85d-4b99-b953-37bddccdea6c-AppendLogResponseHandler: Failed appendEntries: org.apache.ratis.thirdparty.io.grpc.StatusRuntimeException: UNAVAILABLE: io exception
2019-11-14 03:47:30,318 [grpc-default-executor-6] INFO  impl.FollowerInfo (FollowerInfo.java:lambda$new$0(51)) - 78429c2b-19b5-43a0-84bb-c976fd750a70@group-4A0DDCD43B4A->d4b369d8-a85d-4b99-b953-37bddccdea6c: nextIndex: updateUnconditionally 0 -> 0
2019-11-14 03:47:30,625 [grpc-default-executor-6] WARN  server.GrpcLogAppender (LogUtils.java:warn(134)) - 6159a4a7-02ae-4457-ad8e-d99f5584798f@group-8B77DDD58102->3a789c1e-652a-4343-9c47-49015e6a7e8b-AppendLogResponseHandler: Failed appendEntries: org.apache.ratis.thirdparty.io.grpc.StatusRuntimeException: UNAVAILABLE: io exception
2019-11-14 03:47:30,626 [grpc-default-executor-6] INFO  impl.FollowerInfo (FollowerInfo.java:lambda$new$0(51)) - 6159a4a7-02ae-4457-ad8e-d99f5584798f@group-8B77DDD58102->3a789c1e-652a-4343-9c47-49015e6a7e8b: nextIndex: updateUnconditionally 0 -> 0
2019-11-14 03:47:30,819 [grpc-default-executor-6] WARN  server.GrpcLogAppender (LogUtils.java:warn(134)) - 78429c2b-19b5-43a0-84bb-c976fd750a70@group-4A0DDCD43B4A->d4b369d8-a85d-4b99-b953-37bddccdea6c-AppendLogResponseHandler: Failed appendEntries: org.apache.ratis.thirdparty.io.grpc.StatusRuntimeException: UNAVAILABLE: io exception
2019-11-14 03:47:30,820 [grpc-default-executor-6] INFO  impl.FollowerInfo (FollowerInfo.java:lambda$new$0(51)) - 78429c2b-19b5-43a0-84bb-c976fd750a70@group-4A0DDCD43B4A->d4b369d8-a85d-4b99-b953-37bddccdea6c: nextIndex: updateUnconditionally 0 -> 0
2019-11-14 03:47:31,050 [Thread-1810] INFO  impl.FollowerState (FollowerState.java:run(111)) - ad307801-f957-4403-adfc-9cdab46587c3@group-BD618050F398-FollowerState: change to CANDIDATE, lastRpcTime:1103ms, electionTimeout:1103ms
2019-11-14 03:47:31,050 [Thread-1810] INFO  impl.RoleInfo (RoleInfo.java:shutdownFollowerState(121)) - ad307801-f957-4403-adfc-9cdab46587c3: shutdown FollowerState
2019-11-14 03:47:31,051 [Thread-1810] INFO  impl.RaftServerImpl (RaftServerImpl.java:setRole(173)) - ad307801-f957-4403-adfc-9cdab46587c3@group-BD618050F398: changes role from  FOLLOWER to CANDIDATE at term 3 for changeToCandidate
2019-11-14 03:47:31,051 [Thread-1810] INFO  impl.RoleInfo (RoleInfo.java:updateAndGet(143)) - ad307801-f957-4403-adfc-9cdab46587c3: start LeaderElection
2019-11-14 03:47:31,076 [ad307801-f957-4403-adfc-9cdab46587c3@group-BD618050F398-LeaderElection78] INFO  impl.LeaderElection (LeaderElection.java:askForVotes(178)) - ad307801-f957-4403-adfc-9cdab46587c3@group-BD618050F398-LeaderElection78: begin an election at term 4 for 0: [d8a9c999-7748-4aa6-a9a9-ef73d9884e3c:192.168.157.206:34054, ad307801-f957-4403-adfc-9cdab46587c3:192.168.157.206:36473, bf247637-7e59-4671-9487-192b6829a40a:192.168.157.206:41118], old=null
2019-11-14 03:47:31,078 [ad307801-f957-4403-adfc-9cdab46587c3@group-BD618050F398-LeaderElection78] INFO  impl.LeaderElection (LogUtils.java:infoOrTrace(149)) - ad307801-f957-4403-adfc-9cdab46587c3@group-BD618050F398-LeaderElection78 got exception when requesting votes: {}
java.util.concurrent.ExecutionException: org.apache.ratis.thirdparty.io.grpc.StatusRuntimeException: UNAVAILABLE: io exception
	at java.util.concurrent.FutureTask.report(FutureTask.java:122)
	at java.util.concurrent.FutureTask.get(FutureTask.java:192)
	at org.apache.ratis.server.impl.LeaderElection.waitForResults(LeaderElection.java:259)
	at org.apache.ratis.server.impl.LeaderElection.askForVotes(LeaderElection.java:197)
	at org.apache.ratis.server.impl.LeaderElection.run(LeaderElection.java:133)
	at java.lang.Thread.run(Thread.java:748)
Caused by: org.apache.ratis.thirdparty.io.grpc.StatusRuntimeException: UNAVAILABLE: io exception
	at org.apache.ratis.thirdparty.io.grpc.stub.ClientCalls.toStatusRuntimeException(ClientCalls.java:233)
	at org.apache.ratis.thirdparty.io.grpc.stub.ClientCalls.getUnchecked(ClientCalls.java:214)
	at org.apache.ratis.thirdparty.io.grpc.stub.ClientCalls.blockingUnaryCall(ClientCalls.java:139)
	at org.apache.ratis.proto.grpc.RaftServerProtocolServiceGrpc$RaftServerProtocolServiceBlockingStub.requestVote(RaftServerProtocolServiceGrpc.java:265)
	at org.apache.ratis.grpc.server.GrpcServerProtocolClient.requestVote(GrpcServerProtocolClient.java:99)
	at org.apache.ratis.grpc.server.GrpcService.requestVote(GrpcService.java:204)
	at org.apache.ratis.server.impl.LeaderElection.lambda$submitRequests$1(LeaderElection.java:234)
	at java.util.concurrent.FutureTask.run(FutureTask.java:266)
	at java.util.concurrent.Executors$RunnableAdapter.call(Executors.java:511)
	at java.util.concurrent.FutureTask.run(FutureTask.java:266)
	at java.util.concurrent.ThreadPoolExecutor.runWorker(ThreadPoolExecutor.java:1149)
	at java.util.concurrent.ThreadPoolExecutor$Worker.run(ThreadPoolExecutor.java:624)
	... 1 more
Caused by: org.apache.ratis.thirdparty.io.netty.channel.AbstractChannel$AnnotatedConnectException: Connection refused: /192.168.157.206:34054
	at sun.nio.ch.SocketChannelImpl.checkConnect(Native Method)
	at sun.nio.ch.SocketChannelImpl.finishConnect(SocketChannelImpl.java:717)
	at org.apache.ratis.thirdparty.io.netty.channel.socket.nio.NioSocketChannel.doFinishConnect(NioSocketChannel.java:327)
	at org.apache.ratis.thirdparty.io.netty.channel.nio.AbstractNioChannel$AbstractNioUnsafe.finishConnect(AbstractNioChannel.java:340)
	at org.apache.ratis.thirdparty.io.netty.channel.nio.NioEventLoop.processSelectedKey(NioEventLoop.java:632)
	at org.apache.ratis.thirdparty.io.netty.channel.nio.NioEventLoop.processSelectedKeysOptimized(NioEventLoop.java:579)
	at org.apache.ratis.thirdparty.io.netty.channel.nio.NioEventLoop.processSelectedKeys(NioEventLoop.java:496)
	at org.apache.ratis.thirdparty.io.netty.channel.nio.NioEventLoop.run(NioEventLoop.java:458)
	at org.apache.ratis.thirdparty.io.netty.util.concurrent.SingleThreadEventExecutor$5.run(SingleThreadEventExecutor.java:897)
	at org.apache.ratis.thirdparty.io.netty.util.concurrent.FastThreadLocalRunnable.run(FastThreadLocalRunnable.java:30)
	... 1 more
Caused by: java.net.ConnectException: Connection refused
	... 11 more
2019-11-14 03:47:31,083 [ad307801-f957-4403-adfc-9cdab46587c3@group-BD618050F398-LeaderElection78] INFO  impl.LeaderElection (LogUtils.java:infoOrTrace(149)) - ad307801-f957-4403-adfc-9cdab46587c3@group-BD618050F398-LeaderElection78 got exception when requesting votes: {}
java.util.concurrent.ExecutionException: org.apache.ratis.thirdparty.io.grpc.StatusRuntimeException: UNAVAILABLE: io exception
	at java.util.concurrent.FutureTask.report(FutureTask.java:122)
	at java.util.concurrent.FutureTask.get(FutureTask.java:192)
	at org.apache.ratis.server.impl.LeaderElection.waitForResults(LeaderElection.java:259)
	at org.apache.ratis.server.impl.LeaderElection.askForVotes(LeaderElection.java:197)
	at org.apache.ratis.server.impl.LeaderElection.run(LeaderElection.java:133)
	at java.lang.Thread.run(Thread.java:748)
Caused by: org.apache.ratis.thirdparty.io.grpc.StatusRuntimeException: UNAVAILABLE: io exception
	at org.apache.ratis.thirdparty.io.grpc.stub.ClientCalls.toStatusRuntimeException(ClientCalls.java:233)
	at org.apache.ratis.thirdparty.io.grpc.stub.ClientCalls.getUnchecked(ClientCalls.java:214)
	at org.apache.ratis.thirdparty.io.grpc.stub.ClientCalls.blockingUnaryCall(ClientCalls.java:139)
	at org.apache.ratis.proto.grpc.RaftServerProtocolServiceGrpc$RaftServerProtocolServiceBlockingStub.requestVote(RaftServerProtocolServiceGrpc.java:265)
	at org.apache.ratis.grpc.server.GrpcServerProtocolClient.requestVote(GrpcServerProtocolClient.java:99)
	at org.apache.ratis.grpc.server.GrpcService.requestVote(GrpcService.java:204)
	at org.apache.ratis.server.impl.LeaderElection.lambda$submitRequests$1(LeaderElection.java:234)
	at java.util.concurrent.FutureTask.run(FutureTask.java:266)
	at java.util.concurrent.Executors$RunnableAdapter.call(Executors.java:511)
	at java.util.concurrent.FutureTask.run(FutureTask.java:266)
	at java.util.concurrent.ThreadPoolExecutor.runWorker(ThreadPoolExecutor.java:1149)
	at java.util.concurrent.ThreadPoolExecutor$Worker.run(ThreadPoolExecutor.java:624)
	... 1 more
Caused by: org.apache.ratis.thirdparty.io.netty.channel.AbstractChannel$AnnotatedConnectException: Connection refused: /192.168.157.206:41118
	at sun.nio.ch.SocketChannelImpl.checkConnect(Native Method)
	at sun.nio.ch.SocketChannelImpl.finishConnect(SocketChannelImpl.java:717)
	at org.apache.ratis.thirdparty.io.netty.channel.socket.nio.NioSocketChannel.doFinishConnect(NioSocketChannel.java:327)
	at org.apache.ratis.thirdparty.io.netty.channel.nio.AbstractNioChannel$AbstractNioUnsafe.finishConnect(AbstractNioChannel.java:340)
	at org.apache.ratis.thirdparty.io.netty.channel.nio.NioEventLoop.processSelectedKey(NioEventLoop.java:632)
	at org.apache.ratis.thirdparty.io.netty.channel.nio.NioEventLoop.processSelectedKeysOptimized(NioEventLoop.java:579)
	at org.apache.ratis.thirdparty.io.netty.channel.nio.NioEventLoop.processSelectedKeys(NioEventLoop.java:496)
	at org.apache.ratis.thirdparty.io.netty.channel.nio.NioEventLoop.run(NioEventLoop.java:458)
	at org.apache.ratis.thirdparty.io.netty.util.concurrent.SingleThreadEventExecutor$5.run(SingleThreadEventExecutor.java:897)
	at org.apache.ratis.thirdparty.io.netty.util.concurrent.FastThreadLocalRunnable.run(FastThreadLocalRunnable.java:30)
	... 1 more
Caused by: java.net.ConnectException: Connection refused
	... 11 more
2019-11-14 03:47:31,086 [ad307801-f957-4403-adfc-9cdab46587c3@group-BD618050F398-LeaderElection78] INFO  impl.LeaderElection (LeaderElection.java:logAndReturn(56)) - ad307801-f957-4403-adfc-9cdab46587c3@group-BD618050F398-LeaderElection78: Election REJECTED; received 0 response(s) [] and 2 exception(s); ad307801-f957-4403-adfc-9cdab46587c3@group-BD618050F398:t4, leader=null, voted=ad307801-f957-4403-adfc-9cdab46587c3, raftlog=ad307801-f957-4403-adfc-9cdab46587c3@group-BD618050F398-SegmentedRaftLog:OPENED:c0,f0,i0, conf=0: [d8a9c999-7748-4aa6-a9a9-ef73d9884e3c:192.168.157.206:34054, ad307801-f957-4403-adfc-9cdab46587c3:192.168.157.206:36473, bf247637-7e59-4671-9487-192b6829a40a:192.168.157.206:41118], old=null
2019-11-14 03:47:31,086 [ad307801-f957-4403-adfc-9cdab46587c3@group-BD618050F398-LeaderElection78] INFO  impl.LeaderElection (LogUtils.java:infoOrTrace(149)) -   Exception 0: {}
java.util.concurrent.ExecutionException: org.apache.ratis.thirdparty.io.grpc.StatusRuntimeException: UNAVAILABLE: io exception
	at java.util.concurrent.FutureTask.report(FutureTask.java:122)
	at java.util.concurrent.FutureTask.get(FutureTask.java:192)
	at org.apache.ratis.server.impl.LeaderElection.waitForResults(LeaderElection.java:259)
	at org.apache.ratis.server.impl.LeaderElection.askForVotes(LeaderElection.java:197)
	at org.apache.ratis.server.impl.LeaderElection.run(LeaderElection.java:133)
	at java.lang.Thread.run(Thread.java:748)
Caused by: org.apache.ratis.thirdparty.io.grpc.StatusRuntimeException: UNAVAILABLE: io exception
	at org.apache.ratis.thirdparty.io.grpc.stub.ClientCalls.toStatusRuntimeException(ClientCalls.java:233)
	at org.apache.ratis.thirdparty.io.grpc.stub.ClientCalls.getUnchecked(ClientCalls.java:214)
	at org.apache.ratis.thirdparty.io.grpc.stub.ClientCalls.blockingUnaryCall(ClientCalls.java:139)
	at org.apache.ratis.proto.grpc.RaftServerProtocolServiceGrpc$RaftServerProtocolServiceBlockingStub.requestVote(RaftServerProtocolServiceGrpc.java:265)
	at org.apache.ratis.grpc.server.GrpcServerProtocolClient.requestVote(GrpcServerProtocolClient.java:99)
	at org.apache.ratis.grpc.server.GrpcService.requestVote(GrpcService.java:204)
	at org.apache.ratis.server.impl.LeaderElection.lambda$submitRequests$1(LeaderElection.java:234)
	at java.util.concurrent.FutureTask.run(FutureTask.java:266)
	at java.util.concurrent.Executors$RunnableAdapter.call(Executors.java:511)
	at java.util.concurrent.FutureTask.run(FutureTask.java:266)
	at java.util.concurrent.ThreadPoolExecutor.runWorker(ThreadPoolExecutor.java:1149)
	at java.util.concurrent.ThreadPoolExecutor$Worker.run(ThreadPoolExecutor.java:624)
	... 1 more
Caused by: org.apache.ratis.thirdparty.io.netty.channel.AbstractChannel$AnnotatedConnectException: Connection refused: /192.168.157.206:34054
	at sun.nio.ch.SocketChannelImpl.checkConnect(Native Method)
	at sun.nio.ch.SocketChannelImpl.finishConnect(SocketChannelImpl.java:717)
	at org.apache.ratis.thirdparty.io.netty.channel.socket.nio.NioSocketChannel.doFinishConnect(NioSocketChannel.java:327)
	at org.apache.ratis.thirdparty.io.netty.channel.nio.AbstractNioChannel$AbstractNioUnsafe.finishConnect(AbstractNioChannel.java:340)
	at org.apache.ratis.thirdparty.io.netty.channel.nio.NioEventLoop.processSelectedKey(NioEventLoop.java:632)
	at org.apache.ratis.thirdparty.io.netty.channel.nio.NioEventLoop.processSelectedKeysOptimized(NioEventLoop.java:579)
	at org.apache.ratis.thirdparty.io.netty.channel.nio.NioEventLoop.processSelectedKeys(NioEventLoop.java:496)
	at org.apache.ratis.thirdparty.io.netty.channel.nio.NioEventLoop.run(NioEventLoop.java:458)
	at org.apache.ratis.thirdparty.io.netty.util.concurrent.SingleThreadEventExecutor$5.run(SingleThreadEventExecutor.java:897)
	at org.apache.ratis.thirdparty.io.netty.util.concurrent.FastThreadLocalRunnable.run(FastThreadLocalRunnable.java:30)
	... 1 more
Caused by: java.net.ConnectException: Connection refused
	... 11 more
2019-11-14 03:47:31,086 [ad307801-f957-4403-adfc-9cdab46587c3@group-BD618050F398-LeaderElection78] INFO  impl.LeaderElection (LogUtils.java:infoOrTrace(149)) -   Exception 1: {}
java.util.concurrent.ExecutionException: org.apache.ratis.thirdparty.io.grpc.StatusRuntimeException: UNAVAILABLE: io exception
	at java.util.concurrent.FutureTask.report(FutureTask.java:122)
	at java.util.concurrent.FutureTask.get(FutureTask.java:192)
	at org.apache.ratis.server.impl.LeaderElection.waitForResults(LeaderElection.java:259)
	at org.apache.ratis.server.impl.LeaderElection.askForVotes(LeaderElection.java:197)
	at org.apache.ratis.server.impl.LeaderElection.run(LeaderElection.java:133)
	at java.lang.Thread.run(Thread.java:748)
Caused by: org.apache.ratis.thirdparty.io.grpc.StatusRuntimeException: UNAVAILABLE: io exception
	at org.apache.ratis.thirdparty.io.grpc.stub.ClientCalls.toStatusRuntimeException(ClientCalls.java:233)
	at org.apache.ratis.thirdparty.io.grpc.stub.ClientCalls.getUnchecked(ClientCalls.java:214)
	at org.apache.ratis.thirdparty.io.grpc.stub.ClientCalls.blockingUnaryCall(ClientCalls.java:139)
	at org.apache.ratis.proto.grpc.RaftServerProtocolServiceGrpc$RaftServerProtocolServiceBlockingStub.requestVote(RaftServerProtocolServiceGrpc.java:265)
	at org.apache.ratis.grpc.server.GrpcServerProtocolClient.requestVote(GrpcServerProtocolClient.java:99)
	at org.apache.ratis.grpc.server.GrpcService.requestVote(GrpcService.java:204)
	at org.apache.ratis.server.impl.LeaderElection.lambda$submitRequests$1(LeaderElection.java:234)
	at java.util.concurrent.FutureTask.run(FutureTask.java:266)
	at java.util.concurrent.Executors$RunnableAdapter.call(Executors.java:511)
	at java.util.concurrent.FutureTask.run(FutureTask.java:266)
	at java.util.concurrent.ThreadPoolExecutor.runWorker(ThreadPoolExecutor.java:1149)
	at java.util.concurrent.ThreadPoolExecutor$Worker.run(ThreadPoolExecutor.java:624)
	... 1 more
Caused by: org.apache.ratis.thirdparty.io.netty.channel.AbstractChannel$AnnotatedConnectException: Connection refused: /192.168.157.206:41118
	at sun.nio.ch.SocketChannelImpl.checkConnect(Native Method)
	at sun.nio.ch.SocketChannelImpl.finishConnect(SocketChannelImpl.java:717)
	at org.apache.ratis.thirdparty.io.netty.channel.socket.nio.NioSocketChannel.doFinishConnect(NioSocketChannel.java:327)
	at org.apache.ratis.thirdparty.io.netty.channel.nio.AbstractNioChannel$AbstractNioUnsafe.finishConnect(AbstractNioChannel.java:340)
	at org.apache.ratis.thirdparty.io.netty.channel.nio.NioEventLoop.processSelectedKey(NioEventLoop.java:632)
	at org.apache.ratis.thirdparty.io.netty.channel.nio.NioEventLoop.processSelectedKeysOptimized(NioEventLoop.java:579)
	at org.apache.ratis.thirdparty.io.netty.channel.nio.NioEventLoop.processSelectedKeys(NioEventLoop.java:496)
	at org.apache.ratis.thirdparty.io.netty.channel.nio.NioEventLoop.run(NioEventLoop.java:458)
	at org.apache.ratis.thirdparty.io.netty.util.concurrent.SingleThreadEventExecutor$5.run(SingleThreadEventExecutor.java:897)
	at org.apache.ratis.thirdparty.io.netty.util.concurrent.FastThreadLocalRunnable.run(FastThreadLocalRunnable.java:30)
	... 1 more
Caused by: java.net.ConnectException: Connection refused
	... 11 more
2019-11-14 03:47:31,087 [ad307801-f957-4403-adfc-9cdab46587c3@group-BD618050F398-LeaderElection78] INFO  impl.RaftServerImpl (RaftServerImpl.java:setRole(173)) - ad307801-f957-4403-adfc-9cdab46587c3@group-BD618050F398: changes role from CANDIDATE to FOLLOWER at term 4 for DISCOVERED_A_NEW_TERM
2019-11-14 03:47:31,087 [ad307801-f957-4403-adfc-9cdab46587c3@group-BD618050F398-LeaderElection78] INFO  impl.RoleInfo (RoleInfo.java:shutdownLeaderElection(134)) - ad307801-f957-4403-adfc-9cdab46587c3: shutdown LeaderElection
2019-11-14 03:47:31,088 [ad307801-f957-4403-adfc-9cdab46587c3@group-BD618050F398-LeaderElection78] INFO  impl.RoleInfo (RoleInfo.java:updateAndGet(143)) - ad307801-f957-4403-adfc-9cdab46587c3: start FollowerState
2019-11-14 03:47:31,124 [grpc-default-executor-6] WARN  server.GrpcLogAppender (LogUtils.java:warn(134)) - 6159a4a7-02ae-4457-ad8e-d99f5584798f@group-8B77DDD58102->3a789c1e-652a-4343-9c47-49015e6a7e8b-AppendLogResponseHandler: Failed appendEntries: org.apache.ratis.thirdparty.io.grpc.StatusRuntimeException: UNAVAILABLE: io exception
2019-11-14 03:47:31,124 [grpc-default-executor-6] INFO  impl.FollowerInfo (FollowerInfo.java:lambda$new$0(51)) - 6159a4a7-02ae-4457-ad8e-d99f5584798f@group-8B77DDD58102->3a789c1e-652a-4343-9c47-49015e6a7e8b: nextIndex: updateUnconditionally 0 -> 0
2019-11-14 03:47:31,319 [grpc-default-executor-6] WARN  server.GrpcLogAppender (LogUtils.java:warn(134)) - 78429c2b-19b5-43a0-84bb-c976fd750a70@group-4A0DDCD43B4A->d4b369d8-a85d-4b99-b953-37bddccdea6c-AppendLogResponseHandler: Failed appendEntries: org.apache.ratis.thirdparty.io.grpc.StatusRuntimeException: UNAVAILABLE: io exception
2019-11-14 03:47:31,319 [grpc-default-executor-6] INFO  impl.FollowerInfo (FollowerInfo.java:lambda$new$0(51)) - 78429c2b-19b5-43a0-84bb-c976fd750a70@group-4A0DDCD43B4A->d4b369d8-a85d-4b99-b953-37bddccdea6c: nextIndex: updateUnconditionally 0 -> 0
2019-11-14 03:47:31,625 [grpc-default-executor-0] WARN  server.GrpcLogAppender (LogUtils.java:warn(134)) - 6159a4a7-02ae-4457-ad8e-d99f5584798f@group-8B77DDD58102->3a789c1e-652a-4343-9c47-49015e6a7e8b-AppendLogResponseHandler: Failed appendEntries: org.apache.ratis.thirdparty.io.grpc.StatusRuntimeException: UNAVAILABLE: io exception
2019-11-14 03:47:31,625 [grpc-default-executor-0] INFO  impl.FollowerInfo (FollowerInfo.java:lambda$new$0(51)) - 6159a4a7-02ae-4457-ad8e-d99f5584798f@group-8B77DDD58102->3a789c1e-652a-4343-9c47-49015e6a7e8b: nextIndex: updateUnconditionally 0 -> 0
2019-11-14 03:47:31,819 [grpc-default-executor-6] WARN  server.GrpcLogAppender (LogUtils.java:warn(134)) - 78429c2b-19b5-43a0-84bb-c976fd750a70@group-4A0DDCD43B4A->d4b369d8-a85d-4b99-b953-37bddccdea6c-AppendLogResponseHandler: Failed appendEntries: org.apache.ratis.thirdparty.io.grpc.StatusRuntimeException: UNAVAILABLE: io exception
2019-11-14 03:47:31,820 [grpc-default-executor-6] INFO  impl.FollowerInfo (FollowerInfo.java:lambda$new$0(51)) - 78429c2b-19b5-43a0-84bb-c976fd750a70@group-4A0DDCD43B4A->d4b369d8-a85d-4b99-b953-37bddccdea6c: nextIndex: updateUnconditionally 0 -> 0
2019-11-14 03:47:32,127 [grpc-default-executor-6] WARN  server.GrpcLogAppender (LogUtils.java:warn(134)) - 6159a4a7-02ae-4457-ad8e-d99f5584798f@group-8B77DDD58102->3a789c1e-652a-4343-9c47-49015e6a7e8b-AppendLogResponseHandler: Failed appendEntries: org.apache.ratis.thirdparty.io.grpc.StatusRuntimeException: UNAVAILABLE: io exception
2019-11-14 03:47:32,127 [grpc-default-executor-6] INFO  impl.FollowerInfo (FollowerInfo.java:lambda$new$0(51)) - 6159a4a7-02ae-4457-ad8e-d99f5584798f@group-8B77DDD58102->3a789c1e-652a-4343-9c47-49015e6a7e8b: nextIndex: updateUnconditionally 0 -> 0
2019-11-14 03:47:32,204 [Thread-1818] INFO  impl.FollowerState (FollowerState.java:run(111)) - ad307801-f957-4403-adfc-9cdab46587c3@group-BD618050F398-FollowerState: change to CANDIDATE, lastRpcTime:1116ms, electionTimeout:1116ms
2019-11-14 03:47:32,204 [Thread-1818] INFO  impl.RoleInfo (RoleInfo.java:shutdownFollowerState(121)) - ad307801-f957-4403-adfc-9cdab46587c3: shutdown FollowerState
2019-11-14 03:47:32,205 [Thread-1818] INFO  impl.RaftServerImpl (RaftServerImpl.java:setRole(173)) - ad307801-f957-4403-adfc-9cdab46587c3@group-BD618050F398: changes role from  FOLLOWER to CANDIDATE at term 4 for changeToCandidate
2019-11-14 03:47:32,205 [Thread-1818] INFO  impl.RoleInfo (RoleInfo.java:updateAndGet(143)) - ad307801-f957-4403-adfc-9cdab46587c3: start LeaderElection
2019-11-14 03:47:32,229 [ad307801-f957-4403-adfc-9cdab46587c3@group-BD618050F398-LeaderElection79] INFO  impl.LeaderElection (LeaderElection.java:askForVotes(178)) - ad307801-f957-4403-adfc-9cdab46587c3@group-BD618050F398-LeaderElection79: begin an election at term 5 for 0: [d8a9c999-7748-4aa6-a9a9-ef73d9884e3c:192.168.157.206:34054, ad307801-f957-4403-adfc-9cdab46587c3:192.168.157.206:36473, bf247637-7e59-4671-9487-192b6829a40a:192.168.157.206:41118], old=null
2019-11-14 03:47:32,230 [ad307801-f957-4403-adfc-9cdab46587c3@group-BD618050F398-LeaderElection79] INFO  impl.LeaderElection (LogUtils.java:infoOrTrace(149)) - ad307801-f957-4403-adfc-9cdab46587c3@group-BD618050F398-LeaderElection79 got exception when requesting votes: {}
java.util.concurrent.ExecutionException: org.apache.ratis.thirdparty.io.grpc.StatusRuntimeException: UNAVAILABLE: io exception
	at java.util.concurrent.FutureTask.report(FutureTask.java:122)
	at java.util.concurrent.FutureTask.get(FutureTask.java:192)
	at org.apache.ratis.server.impl.LeaderElection.waitForResults(LeaderElection.java:259)
	at org.apache.ratis.server.impl.LeaderElection.askForVotes(LeaderElection.java:197)
	at org.apache.ratis.server.impl.LeaderElection.run(LeaderElection.java:133)
	at java.lang.Thread.run(Thread.java:748)
Caused by: org.apache.ratis.thirdparty.io.grpc.StatusRuntimeException: UNAVAILABLE: io exception
	at org.apache.ratis.thirdparty.io.grpc.stub.ClientCalls.toStatusRuntimeException(ClientCalls.java:233)
	at org.apache.ratis.thirdparty.io.grpc.stub.ClientCalls.getUnchecked(ClientCalls.java:214)
	at org.apache.ratis.thirdparty.io.grpc.stub.ClientCalls.blockingUnaryCall(ClientCalls.java:139)
	at org.apache.ratis.proto.grpc.RaftServerProtocolServiceGrpc$RaftServerProtocolServiceBlockingStub.requestVote(RaftServerProtocolServiceGrpc.java:265)
	at org.apache.ratis.grpc.server.GrpcServerProtocolClient.requestVote(GrpcServerProtocolClient.java:99)
	at org.apache.ratis.grpc.server.GrpcService.requestVote(GrpcService.java:204)
	at org.apache.ratis.server.impl.LeaderElection.lambda$submitRequests$1(LeaderElection.java:234)
	at java.util.concurrent.FutureTask.run(FutureTask.java:266)
	at java.util.concurrent.Executors$RunnableAdapter.call(Executors.java:511)
	at java.util.concurrent.FutureTask.run(FutureTask.java:266)
	at java.util.concurrent.ThreadPoolExecutor.runWorker(ThreadPoolExecutor.java:1149)
	at java.util.concurrent.ThreadPoolExecutor$Worker.run(ThreadPoolExecutor.java:624)
	... 1 more
Caused by: org.apache.ratis.thirdparty.io.netty.channel.AbstractChannel$AnnotatedConnectException: Connection refused: /192.168.157.206:34054
	at sun.nio.ch.SocketChannelImpl.checkConnect(Native Method)
	at sun.nio.ch.SocketChannelImpl.finishConnect(SocketChannelImpl.java:717)
	at org.apache.ratis.thirdparty.io.netty.channel.socket.nio.NioSocketChannel.doFinishConnect(NioSocketChannel.java:327)
	at org.apache.ratis.thirdparty.io.netty.channel.nio.AbstractNioChannel$AbstractNioUnsafe.finishConnect(AbstractNioChannel.java:340)
	at org.apache.ratis.thirdparty.io.netty.channel.nio.NioEventLoop.processSelectedKey(NioEventLoop.java:632)
	at org.apache.ratis.thirdparty.io.netty.channel.nio.NioEventLoop.processSelectedKeysOptimized(NioEventLoop.java:579)
	at org.apache.ratis.thirdparty.io.netty.channel.nio.NioEventLoop.processSelectedKeys(NioEventLoop.java:496)
	at org.apache.ratis.thirdparty.io.netty.channel.nio.NioEventLoop.run(NioEventLoop.java:458)
	at org.apache.ratis.thirdparty.io.netty.util.concurrent.SingleThreadEventExecutor$5.run(SingleThreadEventExecutor.java:897)
	at org.apache.ratis.thirdparty.io.netty.util.concurrent.FastThreadLocalRunnable.run(FastThreadLocalRunnable.java:30)
	... 1 more
Caused by: java.net.ConnectException: Connection refused
	... 11 more
2019-11-14 03:47:32,233 [ad307801-f957-4403-adfc-9cdab46587c3@group-BD618050F398-LeaderElection79] INFO  impl.LeaderElection (LogUtils.java:infoOrTrace(149)) - ad307801-f957-4403-adfc-9cdab46587c3@group-BD618050F398-LeaderElection79 got exception when requesting votes: {}
java.util.concurrent.ExecutionException: org.apache.ratis.thirdparty.io.grpc.StatusRuntimeException: UNAVAILABLE: io exception
	at java.util.concurrent.FutureTask.report(FutureTask.java:122)
	at java.util.concurrent.FutureTask.get(FutureTask.java:192)
	at org.apache.ratis.server.impl.LeaderElection.waitForResults(LeaderElection.java:259)
	at org.apache.ratis.server.impl.LeaderElection.askForVotes(LeaderElection.java:197)
	at org.apache.ratis.server.impl.LeaderElection.run(LeaderElection.java:133)
	at java.lang.Thread.run(Thread.java:748)
Caused by: org.apache.ratis.thirdparty.io.grpc.StatusRuntimeException: UNAVAILABLE: io exception
	at org.apache.ratis.thirdparty.io.grpc.stub.ClientCalls.toStatusRuntimeException(ClientCalls.java:233)
	at org.apache.ratis.thirdparty.io.grpc.stub.ClientCalls.getUnchecked(ClientCalls.java:214)
	at org.apache.ratis.thirdparty.io.grpc.stub.ClientCalls.blockingUnaryCall(ClientCalls.java:139)
	at org.apache.ratis.proto.grpc.RaftServerProtocolServiceGrpc$RaftServerProtocolServiceBlockingStub.requestVote(RaftServerProtocolServiceGrpc.java:265)
	at org.apache.ratis.grpc.server.GrpcServerProtocolClient.requestVote(GrpcServerProtocolClient.java:99)
	at org.apache.ratis.grpc.server.GrpcService.requestVote(GrpcService.java:204)
	at org.apache.ratis.server.impl.LeaderElection.lambda$submitRequests$1(LeaderElection.java:234)
	at java.util.concurrent.FutureTask.run(FutureTask.java:266)
	at java.util.concurrent.Executors$RunnableAdapter.call(Executors.java:511)
	at java.util.concurrent.FutureTask.run(FutureTask.java:266)
	at java.util.concurrent.ThreadPoolExecutor.runWorker(ThreadPoolExecutor.java:1149)
	at java.util.concurrent.ThreadPoolExecutor$Worker.run(ThreadPoolExecutor.java:624)
	... 1 more
Caused by: org.apache.ratis.thirdparty.io.netty.channel.AbstractChannel$AnnotatedConnectException: Connection refused: /192.168.157.206:41118
	at sun.nio.ch.SocketChannelImpl.checkConnect(Native Method)
	at sun.nio.ch.SocketChannelImpl.finishConnect(SocketChannelImpl.java:717)
	at org.apache.ratis.thirdparty.io.netty.channel.socket.nio.NioSocketChannel.doFinishConnect(NioSocketChannel.java:327)
	at org.apache.ratis.thirdparty.io.netty.channel.nio.AbstractNioChannel$AbstractNioUnsafe.finishConnect(AbstractNioChannel.java:340)
	at org.apache.ratis.thirdparty.io.netty.channel.nio.NioEventLoop.processSelectedKey(NioEventLoop.java:632)
	at org.apache.ratis.thirdparty.io.netty.channel.nio.NioEventLoop.processSelectedKeysOptimized(NioEventLoop.java:579)
	at org.apache.ratis.thirdparty.io.netty.channel.nio.NioEventLoop.processSelectedKeys(NioEventLoop.java:496)
	at org.apache.ratis.thirdparty.io.netty.channel.nio.NioEventLoop.run(NioEventLoop.java:458)
	at org.apache.ratis.thirdparty.io.netty.util.concurrent.SingleThreadEventExecutor$5.run(SingleThreadEventExecutor.java:897)
	at org.apache.ratis.thirdparty.io.netty.util.concurrent.FastThreadLocalRunnable.run(FastThreadLocalRunnable.java:30)
	... 1 more
Caused by: java.net.ConnectException: Connection refused
	... 11 more
2019-11-14 03:47:32,235 [ad307801-f957-4403-adfc-9cdab46587c3@group-BD618050F398-LeaderElection79] INFO  impl.LeaderElection (LeaderElection.java:logAndReturn(56)) - ad307801-f957-4403-adfc-9cdab46587c3@group-BD618050F398-LeaderElection79: Election REJECTED; received 0 response(s) [] and 2 exception(s); ad307801-f957-4403-adfc-9cdab46587c3@group-BD618050F398:t5, leader=null, voted=ad307801-f957-4403-adfc-9cdab46587c3, raftlog=ad307801-f957-4403-adfc-9cdab46587c3@group-BD618050F398-SegmentedRaftLog:OPENED:c0,f0,i0, conf=0: [d8a9c999-7748-4aa6-a9a9-ef73d9884e3c:192.168.157.206:34054, ad307801-f957-4403-adfc-9cdab46587c3:192.168.157.206:36473, bf247637-7e59-4671-9487-192b6829a40a:192.168.157.206:41118], old=null
2019-11-14 03:47:32,235 [ad307801-f957-4403-adfc-9cdab46587c3@group-BD618050F398-LeaderElection79] INFO  impl.LeaderElection (LogUtils.java:infoOrTrace(149)) -   Exception 0: {}
java.util.concurrent.ExecutionException: org.apache.ratis.thirdparty.io.grpc.StatusRuntimeException: UNAVAILABLE: io exception
	at java.util.concurrent.FutureTask.report(FutureTask.java:122)
	at java.util.concurrent.FutureTask.get(FutureTask.java:192)
	at org.apache.ratis.server.impl.LeaderElection.waitForResults(LeaderElection.java:259)
	at org.apache.ratis.server.impl.LeaderElection.askForVotes(LeaderElection.java:197)
	at org.apache.ratis.server.impl.LeaderElection.run(LeaderElection.java:133)
	at java.lang.Thread.run(Thread.java:748)
Caused by: org.apache.ratis.thirdparty.io.grpc.StatusRuntimeException: UNAVAILABLE: io exception
	at org.apache.ratis.thirdparty.io.grpc.stub.ClientCalls.toStatusRuntimeException(ClientCalls.java:233)
	at org.apache.ratis.thirdparty.io.grpc.stub.ClientCalls.getUnchecked(ClientCalls.java:214)
	at org.apache.ratis.thirdparty.io.grpc.stub.ClientCalls.blockingUnaryCall(ClientCalls.java:139)
	at org.apache.ratis.proto.grpc.RaftServerProtocolServiceGrpc$RaftServerProtocolServiceBlockingStub.requestVote(RaftServerProtocolServiceGrpc.java:265)
	at org.apache.ratis.grpc.server.GrpcServerProtocolClient.requestVote(GrpcServerProtocolClient.java:99)
	at org.apache.ratis.grpc.server.GrpcService.requestVote(GrpcService.java:204)
	at org.apache.ratis.server.impl.LeaderElection.lambda$submitRequests$1(LeaderElection.java:234)
	at java.util.concurrent.FutureTask.run(FutureTask.java:266)
	at java.util.concurrent.Executors$RunnableAdapter.call(Executors.java:511)
	at java.util.concurrent.FutureTask.run(FutureTask.java:266)
	at java.util.concurrent.ThreadPoolExecutor.runWorker(ThreadPoolExecutor.java:1149)
	at java.util.concurrent.ThreadPoolExecutor$Worker.run(ThreadPoolExecutor.java:624)
	... 1 more
Caused by: org.apache.ratis.thirdparty.io.netty.channel.AbstractChannel$AnnotatedConnectException: Connection refused: /192.168.157.206:34054
	at sun.nio.ch.SocketChannelImpl.checkConnect(Native Method)
	at sun.nio.ch.SocketChannelImpl.finishConnect(SocketChannelImpl.java:717)
	at org.apache.ratis.thirdparty.io.netty.channel.socket.nio.NioSocketChannel.doFinishConnect(NioSocketChannel.java:327)
	at org.apache.ratis.thirdparty.io.netty.channel.nio.AbstractNioChannel$AbstractNioUnsafe.finishConnect(AbstractNioChannel.java:340)
	at org.apache.ratis.thirdparty.io.netty.channel.nio.NioEventLoop.processSelectedKey(NioEventLoop.java:632)
	at org.apache.ratis.thirdparty.io.netty.channel.nio.NioEventLoop.processSelectedKeysOptimized(NioEventLoop.java:579)
	at org.apache.ratis.thirdparty.io.netty.channel.nio.NioEventLoop.processSelectedKeys(NioEventLoop.java:496)
	at org.apache.ratis.thirdparty.io.netty.channel.nio.NioEventLoop.run(NioEventLoop.java:458)
	at org.apache.ratis.thirdparty.io.netty.util.concurrent.SingleThreadEventExecutor$5.run(SingleThreadEventExecutor.java:897)
	at org.apache.ratis.thirdparty.io.netty.util.concurrent.FastThreadLocalRunnable.run(FastThreadLocalRunnable.java:30)
	... 1 more
Caused by: java.net.ConnectException: Connection refused
	... 11 more
2019-11-14 03:47:32,235 [ad307801-f957-4403-adfc-9cdab46587c3@group-BD618050F398-LeaderElection79] INFO  impl.LeaderElection (LogUtils.java:infoOrTrace(149)) -   Exception 1: {}
java.util.concurrent.ExecutionException: org.apache.ratis.thirdparty.io.grpc.StatusRuntimeException: UNAVAILABLE: io exception
	at java.util.concurrent.FutureTask.report(FutureTask.java:122)
	at java.util.concurrent.FutureTask.get(FutureTask.java:192)
	at org.apache.ratis.server.impl.LeaderElection.waitForResults(LeaderElection.java:259)
	at org.apache.ratis.server.impl.LeaderElection.askForVotes(LeaderElection.java:197)
	at org.apache.ratis.server.impl.LeaderElection.run(LeaderElection.java:133)
	at java.lang.Thread.run(Thread.java:748)
Caused by: org.apache.ratis.thirdparty.io.grpc.StatusRuntimeException: UNAVAILABLE: io exception
	at org.apache.ratis.thirdparty.io.grpc.stub.ClientCalls.toStatusRuntimeException(ClientCalls.java:233)
	at org.apache.ratis.thirdparty.io.grpc.stub.ClientCalls.getUnchecked(ClientCalls.java:214)
	at org.apache.ratis.thirdparty.io.grpc.stub.ClientCalls.blockingUnaryCall(ClientCalls.java:139)
	at org.apache.ratis.proto.grpc.RaftServerProtocolServiceGrpc$RaftServerProtocolServiceBlockingStub.requestVote(RaftServerProtocolServiceGrpc.java:265)
	at org.apache.ratis.grpc.server.GrpcServerProtocolClient.requestVote(GrpcServerProtocolClient.java:99)
	at org.apache.ratis.grpc.server.GrpcService.requestVote(GrpcService.java:204)
	at org.apache.ratis.server.impl.LeaderElection.lambda$submitRequests$1(LeaderElection.java:234)
	at java.util.concurrent.FutureTask.run(FutureTask.java:266)
	at java.util.concurrent.Executors$RunnableAdapter.call(Executors.java:511)
	at java.util.concurrent.FutureTask.run(FutureTask.java:266)
	at java.util.concurrent.ThreadPoolExecutor.runWorker(ThreadPoolExecutor.java:1149)
	at java.util.concurrent.ThreadPoolExecutor$Worker.run(ThreadPoolExecutor.java:624)
	... 1 more
Caused by: org.apache.ratis.thirdparty.io.netty.channel.AbstractChannel$AnnotatedConnectException: Connection refused: /192.168.157.206:41118
	at sun.nio.ch.SocketChannelImpl.checkConnect(Native Method)
	at sun.nio.ch.SocketChannelImpl.finishConnect(SocketChannelImpl.java:717)
	at org.apache.ratis.thirdparty.io.netty.channel.socket.nio.NioSocketChannel.doFinishConnect(NioSocketChannel.java:327)
	at org.apache.ratis.thirdparty.io.netty.channel.nio.AbstractNioChannel$AbstractNioUnsafe.finishConnect(AbstractNioChannel.java:340)
	at org.apache.ratis.thirdparty.io.netty.channel.nio.NioEventLoop.processSelectedKey(NioEventLoop.java:632)
	at org.apache.ratis.thirdparty.io.netty.channel.nio.NioEventLoop.processSelectedKeysOptimized(NioEventLoop.java:579)
	at org.apache.ratis.thirdparty.io.netty.channel.nio.NioEventLoop.processSelectedKeys(NioEventLoop.java:496)
	at org.apache.ratis.thirdparty.io.netty.channel.nio.NioEventLoop.run(NioEventLoop.java:458)
	at org.apache.ratis.thirdparty.io.netty.util.concurrent.SingleThreadEventExecutor$5.run(SingleThreadEventExecutor.java:897)
	at org.apache.ratis.thirdparty.io.netty.util.concurrent.FastThreadLocalRunnable.run(FastThreadLocalRunnable.java:30)
	... 1 more
Caused by: java.net.ConnectException: Connection refused
	... 11 more
2019-11-14 03:47:32,235 [ad307801-f957-4403-adfc-9cdab46587c3@group-BD618050F398-LeaderElection79] INFO  impl.RaftServerImpl (RaftServerImpl.java:setRole(173)) - ad307801-f957-4403-adfc-9cdab46587c3@group-BD618050F398: changes role from CANDIDATE to FOLLOWER at term 5 for DISCOVERED_A_NEW_TERM
2019-11-14 03:47:32,236 [ad307801-f957-4403-adfc-9cdab46587c3@group-BD618050F398-LeaderElection79] INFO  impl.RoleInfo (RoleInfo.java:shutdownLeaderElection(134)) - ad307801-f957-4403-adfc-9cdab46587c3: shutdown LeaderElection
2019-11-14 03:47:32,236 [ad307801-f957-4403-adfc-9cdab46587c3@group-BD618050F398-LeaderElection79] INFO  impl.RoleInfo (RoleInfo.java:updateAndGet(143)) - ad307801-f957-4403-adfc-9cdab46587c3: start FollowerState
2019-11-14 03:47:32,320 [grpc-default-executor-1] WARN  server.GrpcLogAppender (LogUtils.java:warn(134)) - 78429c2b-19b5-43a0-84bb-c976fd750a70@group-4A0DDCD43B4A->d4b369d8-a85d-4b99-b953-37bddccdea6c-AppendLogResponseHandler: Failed appendEntries: org.apache.ratis.thirdparty.io.grpc.StatusRuntimeException: UNAVAILABLE: io exception
2019-11-14 03:47:32,320 [grpc-default-executor-1] INFO  impl.FollowerInfo (FollowerInfo.java:lambda$new$0(51)) - 78429c2b-19b5-43a0-84bb-c976fd750a70@group-4A0DDCD43B4A->d4b369d8-a85d-4b99-b953-37bddccdea6c: nextIndex: updateUnconditionally 0 -> 0
2019-11-14 03:47:32,627 [grpc-default-executor-1] WARN  server.GrpcLogAppender (LogUtils.java:warn(134)) - 6159a4a7-02ae-4457-ad8e-d99f5584798f@group-8B77DDD58102->3a789c1e-652a-4343-9c47-49015e6a7e8b-AppendLogResponseHandler: Failed appendEntries: org.apache.ratis.thirdparty.io.grpc.StatusRuntimeException: UNAVAILABLE: io exception
2019-11-14 03:47:32,628 [grpc-default-executor-1] INFO  impl.FollowerInfo (FollowerInfo.java:lambda$new$0(51)) - 6159a4a7-02ae-4457-ad8e-d99f5584798f@group-8B77DDD58102->3a789c1e-652a-4343-9c47-49015e6a7e8b: nextIndex: updateUnconditionally 0 -> 0
2019-11-14 03:47:32,638 [ForkJoinPool.commonPool-worker-1] INFO  ozoneimpl.OzoneContainer (OzoneContainer.java:stop(244)) - Attempting to stop container services.
2019-11-14 03:47:32,638 [main] INFO  ozoneimpl.OzoneContainer (OzoneContainer.java:stop(244)) - Attempting to stop container services.
2019-11-14 03:47:32,639 [ForkJoinPool.commonPool-worker-1] INFO  impl.RaftServerProxy (RaftServerProxy.java:lambda$close$4(314)) - 534c162a-7c0e-49a3-b520-b6800e29086d: close
2019-11-14 03:47:32,640 [main] INFO  impl.RaftServerProxy (RaftServerProxy.java:lambda$close$4(314)) - ad307801-f957-4403-adfc-9cdab46587c3: close
2019-11-14 03:47:32,640 [ForkJoinPool.commonPool-worker-1] INFO  impl.RaftServerImpl (RaftServerImpl.java:lambda$shutdown$3(250)) - 534c162a-7c0e-49a3-b520-b6800e29086d@group-8AE01AFEDB02: shutdown
2019-11-14 03:47:32,640 [main] INFO  impl.RaftServerImpl (RaftServerImpl.java:lambda$shutdown$3(250)) - ad307801-f957-4403-adfc-9cdab46587c3@group-BD618050F398: shutdown
2019-11-14 03:47:32,641 [ForkJoinPool.commonPool-worker-1] INFO  util.JmxRegister (JmxRegister.java:unregister(73)) - Successfully un-registered JMX Bean with object name Ratis:service=RaftServer,group=group-8AE01AFEDB02,id=534c162a-7c0e-49a3-b520-b6800e29086d
2019-11-14 03:47:32,641 [main] INFO  util.JmxRegister (JmxRegister.java:unregister(73)) - Successfully un-registered JMX Bean with object name Ratis:service=RaftServer,group=group-BD618050F398,id=ad307801-f957-4403-adfc-9cdab46587c3
2019-11-14 03:47:32,641 [ForkJoinPool.commonPool-worker-1] INFO  impl.RoleInfo (RoleInfo.java:shutdownLeaderState(104)) - 534c162a-7c0e-49a3-b520-b6800e29086d: shutdown LeaderState
2019-11-14 03:47:32,642 [main] INFO  impl.RoleInfo (RoleInfo.java:shutdownFollowerState(121)) - ad307801-f957-4403-adfc-9cdab46587c3: shutdown FollowerState
2019-11-14 03:47:32,642 [ForkJoinPool.commonPool-worker-1] INFO  impl.PendingRequests (PendingRequests.java:sendNotLeaderResponses(206)) - 534c162a-7c0e-49a3-b520-b6800e29086d@group-8AE01AFEDB02-PendingRequests: sendNotLeaderResponses
2019-11-14 03:47:32,642 [Thread-1827] INFO  impl.FollowerState (FollowerState.java:run(120)) - ad307801-f957-4403-adfc-9cdab46587c3@group-BD618050F398-FollowerState was interrupted: java.lang.InterruptedException: sleep interrupted
2019-11-14 03:47:32,642 [main] INFO  impl.StateMachineUpdater (StateMachineUpdater.java:stopAndJoin(136)) - ad307801-f957-4403-adfc-9cdab46587c3@group-BD618050F398-StateMachineUpdater: set stopIndex = 0
2019-11-14 03:47:32,643 [main] INFO  impl.RaftServerImpl (ServerState.java:close(387)) - ad307801-f957-4403-adfc-9cdab46587c3@group-BD618050F398: closes. applyIndex: 0
2019-11-14 03:47:32,643 [ForkJoinPool.commonPool-worker-1] INFO  impl.StateMachineUpdater (StateMachineUpdater.java:stopAndJoin(136)) - 534c162a-7c0e-49a3-b520-b6800e29086d@group-8AE01AFEDB02-StateMachineUpdater: set stopIndex = 0
2019-11-14 03:47:32,644 [ForkJoinPool.commonPool-worker-1] INFO  impl.RaftServerImpl (ServerState.java:close(387)) - 534c162a-7c0e-49a3-b520-b6800e29086d@group-8AE01AFEDB02: closes. applyIndex: 0
2019-11-14 03:47:32,644 [ad307801-f957-4403-adfc-9cdab46587c3@group-BD618050F398-SegmentedRaftLogWorker] INFO  segmented.SegmentedRaftLogWorker (SegmentedRaftLogWorker.java:run(316)) - ad307801-f957-4403-adfc-9cdab46587c3@group-BD618050F398-SegmentedRaftLogWorker was interrupted, exiting. There are 0 tasks remaining in the queue.
2019-11-14 03:47:32,644 [534c162a-7c0e-49a3-b520-b6800e29086d@group-8AE01AFEDB02-SegmentedRaftLogWorker] INFO  segmented.SegmentedRaftLogWorker (SegmentedRaftLogWorker.java:run(316)) - 534c162a-7c0e-49a3-b520-b6800e29086d@group-8AE01AFEDB02-SegmentedRaftLogWorker was interrupted, exiting. There are 0 tasks remaining in the queue.
2019-11-14 03:47:32,647 [main] INFO  segmented.SegmentedRaftLogWorker (SegmentedRaftLogWorker.java:close(224)) - ad307801-f957-4403-adfc-9cdab46587c3@group-BD618050F398-SegmentedRaftLogWorker close()
2019-11-14 03:47:32,648 [ForkJoinPool.commonPool-worker-1] INFO  segmented.SegmentedRaftLogWorker (SegmentedRaftLogWorker.java:close(224)) - 534c162a-7c0e-49a3-b520-b6800e29086d@group-8AE01AFEDB02-SegmentedRaftLogWorker close()
2019-11-14 03:47:32,650 [main] INFO  impl.RaftServerImpl (RaftServerImpl.java:lambda$shutdown$3(250)) - ad307801-f957-4403-adfc-9cdab46587c3@group-1A5EFD3365E0: shutdown
2019-11-14 03:47:32,663 [ForkJoinPool.commonPool-worker-1] INFO  server.GrpcService (GrpcService.java:closeImpl(164)) - 534c162a-7c0e-49a3-b520-b6800e29086d: shutdown server with port 46363 now
2019-11-14 03:47:32,664 [main] INFO  util.JmxRegister (JmxRegister.java:unregister(73)) - Successfully un-registered JMX Bean with object name Ratis:service=RaftServer,group=group-1A5EFD3365E0,id=ad307801-f957-4403-adfc-9cdab46587c3
2019-11-14 03:47:32,664 [main] INFO  impl.RoleInfo (RoleInfo.java:shutdownLeaderState(104)) - ad307801-f957-4403-adfc-9cdab46587c3: shutdown LeaderState
2019-11-14 03:47:32,664 [ForkJoinPool.commonPool-worker-1] INFO  server.GrpcService (GrpcService.java:closeImpl(172)) - 534c162a-7c0e-49a3-b520-b6800e29086d: shutdown server with port 46363 successfully
2019-11-14 03:47:32,665 [main] INFO  impl.PendingRequests (PendingRequests.java:sendNotLeaderResponses(206)) - ad307801-f957-4403-adfc-9cdab46587c3@group-1A5EFD3365E0-PendingRequests: sendNotLeaderResponses
2019-11-14 03:47:32,665 [main] INFO  impl.StateMachineUpdater (StateMachineUpdater.java:stopAndJoin(136)) - ad307801-f957-4403-adfc-9cdab46587c3@group-1A5EFD3365E0-StateMachineUpdater: set stopIndex = 0
2019-11-14 03:47:32,666 [main] INFO  impl.RaftServerImpl (ServerState.java:close(387)) - ad307801-f957-4403-adfc-9cdab46587c3@group-1A5EFD3365E0: closes. applyIndex: 0
2019-11-14 03:47:32,667 [ad307801-f957-4403-adfc-9cdab46587c3@group-1A5EFD3365E0-SegmentedRaftLogWorker] INFO  segmented.SegmentedRaftLogWorker (SegmentedRaftLogWorker.java:run(316)) - ad307801-f957-4403-adfc-9cdab46587c3@group-1A5EFD3365E0-SegmentedRaftLogWorker was interrupted, exiting. There are 0 tasks remaining in the queue.
2019-11-14 03:47:32,668 [refreshUsed-/workdir/hadoop-ozone/integration-test/target/test-dir/MiniOzoneClusterImpl-db6fd866-6788-41aa-8e01-4626558b27a7/datanode-4/data/containers] WARN  fs.CachingGetSpaceUsed (CachingGetSpaceUsed.java:run(183)) - Thread Interrupted waiting to refresh disk information: sleep interrupted
2019-11-14 03:47:32,668 [main] INFO  segmented.SegmentedRaftLogWorker (SegmentedRaftLogWorker.java:close(224)) - ad307801-f957-4403-adfc-9cdab46587c3@group-1A5EFD3365E0-SegmentedRaftLogWorker close()
2019-11-14 03:47:32,668 [main] INFO  server.GrpcService (GrpcService.java:closeImpl(164)) - ad307801-f957-4403-adfc-9cdab46587c3: shutdown server with port 36473 now
2019-11-14 03:47:32,669 [main] INFO  server.GrpcService (GrpcService.java:closeImpl(172)) - ad307801-f957-4403-adfc-9cdab46587c3: shutdown server with port 36473 successfully
2019-11-14 03:47:32,676 [refreshUsed-/workdir/hadoop-ozone/integration-test/target/test-dir/MiniOzoneClusterImpl-db6fd866-6788-41aa-8e01-4626558b27a7/datanode-8/data/containers] WARN  fs.CachingGetSpaceUsed (CachingGetSpaceUsed.java:run(183)) - Thread Interrupted waiting to refresh disk information: sleep interrupted
2019-11-14 03:47:32,693 [ForkJoinPool.commonPool-worker-1] INFO  utils.BackgroundService (BackgroundService.java:shutdown(151)) - Shutting down service BlockDeletingService
2019-11-14 03:47:32,693 [main] INFO  utils.BackgroundService (BackgroundService.java:shutdown(151)) - Shutting down service BlockDeletingService
2019-11-14 03:47:32,700 [ForkJoinPool.commonPool-worker-1] INFO  statemachine.DatanodeStateMachine (DatanodeStateMachine.java:stopDaemon(395)) - Ozone container server stopped.
2019-11-14 03:47:32,701 [main] INFO  statemachine.DatanodeStateMachine (DatanodeStateMachine.java:stopDaemon(395)) - Ozone container server stopped.
2019-11-14 03:47:32,706 [ForkJoinPool.commonPool-worker-1] INFO  handler.ContextHandler (ContextHandler.java:doStop(910)) - Stopped o.e.j.w.WebAppContext@889a8a8{/,null,UNAVAILABLE}{/hddsDatanode}
2019-11-14 03:47:32,706 [main] INFO  handler.ContextHandler (ContextHandler.java:doStop(910)) - Stopped o.e.j.w.WebAppContext@2b4d4327{/,null,UNAVAILABLE}{/hddsDatanode}
2019-11-14 03:47:32,706 [ForkJoinPool.commonPool-worker-1] INFO  server.AbstractConnector (AbstractConnector.java:doStop(318)) - Stopped ServerConnector@f29353f{HTTP/1.1,[http/1.1]}{0.0.0.0:0}
2019-11-14 03:47:32,707 [main] INFO  server.AbstractConnector (AbstractConnector.java:doStop(318)) - Stopped ServerConnector@16da1abc{HTTP/1.1,[http/1.1]}{0.0.0.0:0}
2019-11-14 03:47:32,707 [ForkJoinPool.commonPool-worker-1] INFO  handler.ContextHandler (ContextHandler.java:doStop(910)) - Stopped o.e.j.s.ServletContextHandler@7bcecef6{/static,jar:file:/home/user/.m2/repository/org/apache/hadoop/hadoop-hdds-container-service/0.5.0-SNAPSHOT/hadoop-hdds-container-service-0.5.0-SNAPSHOT.jar!/webapps/static,UNAVAILABLE}
2019-11-14 03:47:32,707 [main] INFO  handler.ContextHandler (ContextHandler.java:doStop(910)) - Stopped o.e.j.s.ServletContextHandler@38ee7a9d{/static,jar:file:/home/user/.m2/repository/org/apache/hadoop/hadoop-hdds-container-service/0.5.0-SNAPSHOT/hadoop-hdds-container-service-0.5.0-SNAPSHOT.jar!/webapps/static,UNAVAILABLE}
2019-11-14 03:47:32,707 [ForkJoinPool.commonPool-worker-1] INFO  handler.ContextHandler (ContextHandler.java:doStop(910)) - Stopped o.e.j.s.ServletContextHandler@35ef439e{/logs,file:///workdir/hadoop-ozone/integration-test/target/log,UNAVAILABLE}
2019-11-14 03:47:32,708 [main] INFO  handler.ContextHandler (ContextHandler.java:doStop(910)) - Stopped o.e.j.s.ServletContextHandler@661fe025{/logs,file:///workdir/hadoop-ozone/integration-test/target/log,UNAVAILABLE}
2019-11-14 03:47:32,821 [grpc-default-executor-0] WARN  server.GrpcLogAppender (LogUtils.java:warn(134)) - 78429c2b-19b5-43a0-84bb-c976fd750a70@group-4A0DDCD43B4A->d4b369d8-a85d-4b99-b953-37bddccdea6c-AppendLogResponseHandler: Failed appendEntries: org.apache.ratis.thirdparty.io.grpc.StatusRuntimeException: UNAVAILABLE: io exception
2019-11-14 03:47:32,821 [grpc-default-executor-0] INFO  impl.FollowerInfo (FollowerInfo.java:lambda$new$0(51)) - 78429c2b-19b5-43a0-84bb-c976fd750a70@group-4A0DDCD43B4A->d4b369d8-a85d-4b99-b953-37bddccdea6c: nextIndex: updateUnconditionally 0 -> 0
2019-11-14 03:47:32,970 [Datanode State Machine Thread - 0] INFO  statemachine.DatanodeStateMachine (DatanodeStateMachine.java:lambda$startDaemon$0(350)) - Ozone container server started.
2019-11-14 03:47:33,128 [grpc-default-executor-6] WARN  server.GrpcLogAppender (LogUtils.java:warn(134)) - 6159a4a7-02ae-4457-ad8e-d99f5584798f@group-8B77DDD58102->3a789c1e-652a-4343-9c47-49015e6a7e8b-AppendLogResponseHandler: Failed appendEntries: org.apache.ratis.thirdparty.io.grpc.StatusRuntimeException: UNAVAILABLE: io exception
2019-11-14 03:47:33,128 [grpc-default-executor-6] INFO  impl.FollowerInfo (FollowerInfo.java:lambda$new$0(51)) - 6159a4a7-02ae-4457-ad8e-d99f5584798f@group-8B77DDD58102->3a789c1e-652a-4343-9c47-49015e6a7e8b: nextIndex: updateUnconditionally 0 -> 0
2019-11-14 03:47:33,321 [grpc-default-executor-6] WARN  server.GrpcLogAppender (LogUtils.java:warn(134)) - 78429c2b-19b5-43a0-84bb-c976fd750a70@group-4A0DDCD43B4A->d4b369d8-a85d-4b99-b953-37bddccdea6c-AppendLogResponseHandler: Failed appendEntries: org.apache.ratis.thirdparty.io.grpc.StatusRuntimeException: UNAVAILABLE: io exception
2019-11-14 03:47:33,321 [grpc-default-executor-6] INFO  impl.FollowerInfo (FollowerInfo.java:lambda$new$0(51)) - 78429c2b-19b5-43a0-84bb-c976fd750a70@group-4A0DDCD43B4A->d4b369d8-a85d-4b99-b953-37bddccdea6c: nextIndex: updateUnconditionally 0 -> 0
2019-11-14 03:47:33,628 [grpc-default-executor-1] WARN  server.GrpcLogAppender (LogUtils.java:warn(134)) - 6159a4a7-02ae-4457-ad8e-d99f5584798f@group-8B77DDD58102->3a789c1e-652a-4343-9c47-49015e6a7e8b-AppendLogResponseHandler: Failed appendEntries: org.apache.ratis.thirdparty.io.grpc.StatusRuntimeException: UNAVAILABLE: io exception
2019-11-14 03:47:33,628 [grpc-default-executor-1] INFO  impl.FollowerInfo (FollowerInfo.java:lambda$new$0(51)) - 6159a4a7-02ae-4457-ad8e-d99f5584798f@group-8B77DDD58102->3a789c1e-652a-4343-9c47-49015e6a7e8b: nextIndex: updateUnconditionally 0 -> 0
2019-11-14 03:47:33,638 [Datanode State Machine Thread - 0] INFO  statemachine.DatanodeStateMachine (DatanodeStateMachine.java:lambda$startDaemon$0(350)) - Ozone container server started.
2019-11-14 03:47:33,822 [grpc-default-executor-6] WARN  server.GrpcLogAppender (LogUtils.java:warn(134)) - 78429c2b-19b5-43a0-84bb-c976fd750a70@group-4A0DDCD43B4A->d4b369d8-a85d-4b99-b953-37bddccdea6c-AppendLogResponseHandler: Failed appendEntries: org.apache.ratis.thirdparty.io.grpc.StatusRuntimeException: UNAVAILABLE: io exception
2019-11-14 03:47:33,822 [grpc-default-executor-6] INFO  impl.FollowerInfo (FollowerInfo.java:lambda$new$0(51)) - 78429c2b-19b5-43a0-84bb-c976fd750a70@group-4A0DDCD43B4A->d4b369d8-a85d-4b99-b953-37bddccdea6c: nextIndex: updateUnconditionally 0 -> 0
2019-11-14 03:47:34,129 [grpc-default-executor-6] WARN  server.GrpcLogAppender (LogUtils.java:warn(134)) - 6159a4a7-02ae-4457-ad8e-d99f5584798f@group-8B77DDD58102->3a789c1e-652a-4343-9c47-49015e6a7e8b-AppendLogResponseHandler: Failed appendEntries: org.apache.ratis.thirdparty.io.grpc.StatusRuntimeException: UNAVAILABLE: io exception
2019-11-14 03:47:34,129 [grpc-default-executor-6] INFO  impl.FollowerInfo (FollowerInfo.java:lambda$new$0(51)) - 6159a4a7-02ae-4457-ad8e-d99f5584798f@group-8B77DDD58102->3a789c1e-652a-4343-9c47-49015e6a7e8b: nextIndex: updateUnconditionally 0 -> 0
2019-11-14 03:47:34,322 [grpc-default-executor-6] WARN  server.GrpcLogAppender (LogUtils.java:warn(134)) - 78429c2b-19b5-43a0-84bb-c976fd750a70@group-4A0DDCD43B4A->d4b369d8-a85d-4b99-b953-37bddccdea6c-AppendLogResponseHandler: Failed appendEntries: org.apache.ratis.thirdparty.io.grpc.StatusRuntimeException: UNAVAILABLE: io exception
2019-11-14 03:47:34,323 [grpc-default-executor-6] INFO  impl.FollowerInfo (FollowerInfo.java:lambda$new$0(51)) - 78429c2b-19b5-43a0-84bb-c976fd750a70@group-4A0DDCD43B4A->d4b369d8-a85d-4b99-b953-37bddccdea6c: nextIndex: updateUnconditionally 0 -> 0
2019-11-14 03:47:34,629 [grpc-default-executor-6] WARN  server.GrpcLogAppender (LogUtils.java:warn(134)) - 6159a4a7-02ae-4457-ad8e-d99f5584798f@group-8B77DDD58102->3a789c1e-652a-4343-9c47-49015e6a7e8b-AppendLogResponseHandler: Failed appendEntries: org.apache.ratis.thirdparty.io.grpc.StatusRuntimeException: UNAVAILABLE: io exception
2019-11-14 03:47:34,630 [grpc-default-executor-6] INFO  impl.FollowerInfo (FollowerInfo.java:lambda$new$0(51)) - 6159a4a7-02ae-4457-ad8e-d99f5584798f@group-8B77DDD58102->3a789c1e-652a-4343-9c47-49015e6a7e8b: nextIndex: updateUnconditionally 0 -> 0
2019-11-14 03:47:34,828 [grpc-default-executor-6] WARN  server.GrpcLogAppender (LogUtils.java:warn(134)) - 78429c2b-19b5-43a0-84bb-c976fd750a70@group-4A0DDCD43B4A->d4b369d8-a85d-4b99-b953-37bddccdea6c-AppendLogResponseHandler: Failed appendEntries: org.apache.ratis.thirdparty.io.grpc.StatusRuntimeException: UNAVAILABLE: io exception
2019-11-14 03:47:34,829 [grpc-default-executor-6] INFO  impl.FollowerInfo (FollowerInfo.java:lambda$new$0(51)) - 78429c2b-19b5-43a0-84bb-c976fd750a70@group-4A0DDCD43B4A->d4b369d8-a85d-4b99-b953-37bddccdea6c: nextIndex: updateUnconditionally 0 -> 0
2019-11-14 03:47:35,131 [grpc-default-executor-0] WARN  server.GrpcLogAppender (LogUtils.java:warn(134)) - 6159a4a7-02ae-4457-ad8e-d99f5584798f@group-8B77DDD58102->3a789c1e-652a-4343-9c47-49015e6a7e8b-AppendLogResponseHandler: Failed appendEntries: org.apache.ratis.thirdparty.io.grpc.StatusRuntimeException: UNAVAILABLE: io exception
2019-11-14 03:47:35,131 [grpc-default-executor-0] INFO  impl.FollowerInfo (FollowerInfo.java:lambda$new$0(51)) - 6159a4a7-02ae-4457-ad8e-d99f5584798f@group-8B77DDD58102->3a789c1e-652a-4343-9c47-49015e6a7e8b: nextIndex: updateUnconditionally 0 -> 0
2019-11-14 03:47:35,325 [grpc-default-executor-1] WARN  server.GrpcLogAppender (LogUtils.java:warn(134)) - 78429c2b-19b5-43a0-84bb-c976fd750a70@group-4A0DDCD43B4A->d4b369d8-a85d-4b99-b953-37bddccdea6c-AppendLogResponseHandler: Failed appendEntries: org.apache.ratis.thirdparty.io.grpc.StatusRuntimeException: UNAVAILABLE: io exception
2019-11-14 03:47:35,326 [grpc-default-executor-1] INFO  impl.FollowerInfo (FollowerInfo.java:lambda$new$0(51)) - 78429c2b-19b5-43a0-84bb-c976fd750a70@group-4A0DDCD43B4A->d4b369d8-a85d-4b99-b953-37bddccdea6c: nextIndex: updateUnconditionally 0 -> 0
2019-11-14 03:47:35,631 [grpc-default-executor-1] WARN  server.GrpcLogAppender (LogUtils.java:warn(134)) - 6159a4a7-02ae-4457-ad8e-d99f5584798f@group-8B77DDD58102->3a789c1e-652a-4343-9c47-49015e6a7e8b-AppendLogResponseHandler: Failed appendEntries: org.apache.ratis.thirdparty.io.grpc.StatusRuntimeException: UNAVAILABLE: io exception
2019-11-14 03:47:35,632 [grpc-default-executor-1] INFO  impl.FollowerInfo (FollowerInfo.java:lambda$new$0(51)) - 6159a4a7-02ae-4457-ad8e-d99f5584798f@group-8B77DDD58102->3a789c1e-652a-4343-9c47-49015e6a7e8b: nextIndex: updateUnconditionally 0 -> 0
2019-11-14 03:47:35,826 [grpc-default-executor-1] WARN  server.GrpcLogAppender (LogUtils.java:warn(134)) - 78429c2b-19b5-43a0-84bb-c976fd750a70@group-4A0DDCD43B4A->d4b369d8-a85d-4b99-b953-37bddccdea6c-AppendLogResponseHandler: Failed appendEntries: org.apache.ratis.thirdparty.io.grpc.StatusRuntimeException: UNAVAILABLE: io exception
2019-11-14 03:47:35,827 [grpc-default-executor-1] INFO  impl.FollowerInfo (FollowerInfo.java:lambda$new$0(51)) - 78429c2b-19b5-43a0-84bb-c976fd750a70@group-4A0DDCD43B4A->d4b369d8-a85d-4b99-b953-37bddccdea6c: nextIndex: updateUnconditionally 0 -> 0
2019-11-14 03:47:36,137 [grpc-default-executor-1] WARN  server.GrpcLogAppender (LogUtils.java:warn(134)) - 6159a4a7-02ae-4457-ad8e-d99f5584798f@group-8B77DDD58102->3a789c1e-652a-4343-9c47-49015e6a7e8b-AppendLogResponseHandler: Failed appendEntries: org.apache.ratis.thirdparty.io.grpc.StatusRuntimeException: UNAVAILABLE: io exception
2019-11-14 03:47:36,138 [grpc-default-executor-1] INFO  impl.FollowerInfo (FollowerInfo.java:lambda$new$0(51)) - 6159a4a7-02ae-4457-ad8e-d99f5584798f@group-8B77DDD58102->3a789c1e-652a-4343-9c47-49015e6a7e8b: nextIndex: updateUnconditionally 0 -> 0
2019-11-14 03:47:36,327 [grpc-default-executor-6] WARN  server.GrpcLogAppender (LogUtils.java:warn(134)) - 78429c2b-19b5-43a0-84bb-c976fd750a70@group-4A0DDCD43B4A->d4b369d8-a85d-4b99-b953-37bddccdea6c-AppendLogResponseHandler: Failed appendEntries: org.apache.ratis.thirdparty.io.grpc.StatusRuntimeException: UNAVAILABLE: io exception
2019-11-14 03:47:36,327 [grpc-default-executor-6] INFO  impl.FollowerInfo (FollowerInfo.java:lambda$new$0(51)) - 78429c2b-19b5-43a0-84bb-c976fd750a70@group-4A0DDCD43B4A->d4b369d8-a85d-4b99-b953-37bddccdea6c: nextIndex: updateUnconditionally 0 -> 0
2019-11-14 03:47:36,635 [grpc-default-executor-6] WARN  server.GrpcLogAppender (LogUtils.java:warn(134)) - 6159a4a7-02ae-4457-ad8e-d99f5584798f@group-8B77DDD58102->3a789c1e-652a-4343-9c47-49015e6a7e8b-AppendLogResponseHandler: Failed appendEntries: org.apache.ratis.thirdparty.io.grpc.StatusRuntimeException: UNAVAILABLE: io exception
2019-11-14 03:47:36,636 [grpc-default-executor-6] INFO  impl.FollowerInfo (FollowerInfo.java:lambda$new$0(51)) - 6159a4a7-02ae-4457-ad8e-d99f5584798f@group-8B77DDD58102->3a789c1e-652a-4343-9c47-49015e6a7e8b: nextIndex: updateUnconditionally 0 -> 0
2019-11-14 03:47:36,828 [grpc-default-executor-0] WARN  server.GrpcLogAppender (LogUtils.java:warn(134)) - 78429c2b-19b5-43a0-84bb-c976fd750a70@group-4A0DDCD43B4A->d4b369d8-a85d-4b99-b953-37bddccdea6c-AppendLogResponseHandler: Failed appendEntries: org.apache.ratis.thirdparty.io.grpc.StatusRuntimeException: UNAVAILABLE: io exception
2019-11-14 03:47:36,828 [grpc-default-executor-0] INFO  impl.FollowerInfo (FollowerInfo.java:lambda$new$0(51)) - 78429c2b-19b5-43a0-84bb-c976fd750a70@group-4A0DDCD43B4A->d4b369d8-a85d-4b99-b953-37bddccdea6c: nextIndex: updateUnconditionally 0 -> 0
2019-11-14 03:47:37,136 [grpc-default-executor-0] WARN  server.GrpcLogAppender (LogUtils.java:warn(134)) - 6159a4a7-02ae-4457-ad8e-d99f5584798f@group-8B77DDD58102->3a789c1e-652a-4343-9c47-49015e6a7e8b-AppendLogResponseHandler: Failed appendEntries: org.apache.ratis.thirdparty.io.grpc.StatusRuntimeException: UNAVAILABLE: io exception
2019-11-14 03:47:37,137 [grpc-default-executor-0] INFO  impl.FollowerInfo (FollowerInfo.java:lambda$new$0(51)) - 6159a4a7-02ae-4457-ad8e-d99f5584798f@group-8B77DDD58102->3a789c1e-652a-4343-9c47-49015e6a7e8b: nextIndex: updateUnconditionally 0 -> 0
2019-11-14 03:47:37,328 [grpc-default-executor-1] WARN  server.GrpcLogAppender (LogUtils.java:warn(134)) - 78429c2b-19b5-43a0-84bb-c976fd750a70@group-4A0DDCD43B4A->d4b369d8-a85d-4b99-b953-37bddccdea6c-AppendLogResponseHandler: Failed appendEntries: org.apache.ratis.thirdparty.io.grpc.StatusRuntimeException: UNAVAILABLE: io exception
2019-11-14 03:47:37,329 [grpc-default-executor-1] INFO  impl.FollowerInfo (FollowerInfo.java:lambda$new$0(51)) - 78429c2b-19b5-43a0-84bb-c976fd750a70@group-4A0DDCD43B4A->d4b369d8-a85d-4b99-b953-37bddccdea6c: nextIndex: updateUnconditionally 0 -> 0
2019-11-14 03:47:37,642 [grpc-default-executor-1] WARN  server.GrpcLogAppender (LogUtils.java:warn(134)) - 6159a4a7-02ae-4457-ad8e-d99f5584798f@group-8B77DDD58102->3a789c1e-652a-4343-9c47-49015e6a7e8b-AppendLogResponseHandler: Failed appendEntries: org.apache.ratis.thirdparty.io.grpc.StatusRuntimeException: UNAVAILABLE: io exception
2019-11-14 03:47:37,643 [grpc-default-executor-1] INFO  impl.FollowerInfo (FollowerInfo.java:lambda$new$0(51)) - 6159a4a7-02ae-4457-ad8e-d99f5584798f@group-8B77DDD58102->3a789c1e-652a-4343-9c47-49015e6a7e8b: nextIndex: updateUnconditionally 0 -> 0
2019-11-14 03:47:37,711 [ForkJoinPool.commonPool-worker-1] INFO  ozoneimpl.OzoneContainer (OzoneContainer.java:stop(244)) - Attempting to stop container services.
2019-11-14 03:47:37,711 [main] INFO  ozoneimpl.OzoneContainer (OzoneContainer.java:stop(244)) - Attempting to stop container services.
2019-11-14 03:47:37,712 [ForkJoinPool.commonPool-worker-1] INFO  impl.RaftServerProxy (RaftServerProxy.java:lambda$close$4(314)) - 6c36bdee-0f85-4acd-86c8-ce53960cf4ab: close
2019-11-14 03:47:37,713 [main] INFO  impl.RaftServerProxy (RaftServerProxy.java:lambda$close$4(314)) - 7901d021-b70d-41b4-a3ee-3511e4cb511a: close
2019-11-14 03:47:37,713 [ForkJoinPool.commonPool-worker-1] INFO  impl.RaftServerImpl (RaftServerImpl.java:lambda$shutdown$3(250)) - 6c36bdee-0f85-4acd-86c8-ce53960cf4ab@group-982116CC1A9D: shutdown
2019-11-14 03:47:37,714 [main] INFO  impl.RaftServerImpl (RaftServerImpl.java:lambda$shutdown$3(250)) - 7901d021-b70d-41b4-a3ee-3511e4cb511a@group-8B77DDD58102: shutdown
2019-11-14 03:47:37,714 [ForkJoinPool.commonPool-worker-1] INFO  util.JmxRegister (JmxRegister.java:unregister(73)) - Successfully un-registered JMX Bean with object name Ratis:service=RaftServer,group=group-982116CC1A9D,id=6c36bdee-0f85-4acd-86c8-ce53960cf4ab
2019-11-14 03:47:37,714 [main] INFO  util.JmxRegister (JmxRegister.java:unregister(73)) - Successfully un-registered JMX Bean with object name Ratis:service=RaftServer,group=group-8B77DDD58102,id=7901d021-b70d-41b4-a3ee-3511e4cb511a
2019-11-14 03:47:37,714 [ForkJoinPool.commonPool-worker-1] INFO  impl.RoleInfo (RoleInfo.java:shutdownLeaderState(104)) - 6c36bdee-0f85-4acd-86c8-ce53960cf4ab: shutdown LeaderState
2019-11-14 03:47:37,715 [main] INFO  impl.RoleInfo (RoleInfo.java:shutdownFollowerState(121)) - 7901d021-b70d-41b4-a3ee-3511e4cb511a: shutdown FollowerState
2019-11-14 03:47:37,715 [ForkJoinPool.commonPool-worker-1] INFO  impl.PendingRequests (PendingRequests.java:sendNotLeaderResponses(206)) - 6c36bdee-0f85-4acd-86c8-ce53960cf4ab@group-982116CC1A9D-PendingRequests: sendNotLeaderResponses
2019-11-14 03:47:37,716 [main] INFO  impl.StateMachineUpdater (StateMachineUpdater.java:stopAndJoin(136)) - 7901d021-b70d-41b4-a3ee-3511e4cb511a@group-8B77DDD58102-StateMachineUpdater: set stopIndex = 0
2019-11-14 03:47:37,716 [ForkJoinPool.commonPool-worker-1] INFO  impl.StateMachineUpdater (StateMachineUpdater.java:stopAndJoin(136)) - 6c36bdee-0f85-4acd-86c8-ce53960cf4ab@group-982116CC1A9D-StateMachineUpdater: set stopIndex = 0
2019-11-14 03:47:37,716 [Thread-1657] INFO  impl.FollowerState (FollowerState.java:run(120)) - 7901d021-b70d-41b4-a3ee-3511e4cb511a@group-8B77DDD58102-FollowerState was interrupted: java.lang.InterruptedException: sleep interrupted
2019-11-14 03:47:37,722 [main] INFO  impl.RaftServerImpl (ServerState.java:close(387)) - 7901d021-b70d-41b4-a3ee-3511e4cb511a@group-8B77DDD58102: closes. applyIndex: 0
2019-11-14 03:47:37,723 [ForkJoinPool.commonPool-worker-1] INFO  impl.RaftServerImpl (ServerState.java:close(387)) - 6c36bdee-0f85-4acd-86c8-ce53960cf4ab@group-982116CC1A9D: closes. applyIndex: 0
2019-11-14 03:47:37,724 [6c36bdee-0f85-4acd-86c8-ce53960cf4ab@group-982116CC1A9D-SegmentedRaftLogWorker] INFO  segmented.SegmentedRaftLogWorker (SegmentedRaftLogWorker.java:run(316)) - 6c36bdee-0f85-4acd-86c8-ce53960cf4ab@group-982116CC1A9D-SegmentedRaftLogWorker was interrupted, exiting. There are 0 tasks remaining in the queue.
2019-11-14 03:47:37,724 [7901d021-b70d-41b4-a3ee-3511e4cb511a@group-8B77DDD58102-SegmentedRaftLogWorker] INFO  segmented.SegmentedRaftLogWorker (SegmentedRaftLogWorker.java:run(316)) - 7901d021-b70d-41b4-a3ee-3511e4cb511a@group-8B77DDD58102-SegmentedRaftLogWorker was interrupted, exiting. There are 0 tasks remaining in the queue.
2019-11-14 03:47:37,724 [ForkJoinPool.commonPool-worker-1] INFO  segmented.SegmentedRaftLogWorker (SegmentedRaftLogWorker.java:close(224)) - 6c36bdee-0f85-4acd-86c8-ce53960cf4ab@group-982116CC1A9D-SegmentedRaftLogWorker close()
2019-11-14 03:47:37,724 [main] INFO  segmented.SegmentedRaftLogWorker (SegmentedRaftLogWorker.java:close(224)) - 7901d021-b70d-41b4-a3ee-3511e4cb511a@group-8B77DDD58102-SegmentedRaftLogWorker close()
2019-11-14 03:47:37,725 [ForkJoinPool.commonPool-worker-1] INFO  impl.RaftServerImpl (RaftServerImpl.java:lambda$shutdown$3(250)) - 6c36bdee-0f85-4acd-86c8-ce53960cf4ab@group-4A0DDCD43B4A: shutdown
2019-11-14 03:47:37,725 [main] INFO  impl.RaftServerImpl (RaftServerImpl.java:lambda$shutdown$3(250)) - 7901d021-b70d-41b4-a3ee-3511e4cb511a@group-BE0E3AC06B50: shutdown
2019-11-14 03:47:37,725 [ForkJoinPool.commonPool-worker-1] INFO  util.JmxRegister (JmxRegister.java:unregister(73)) - Successfully un-registered JMX Bean with object name Ratis:service=RaftServer,group=group-4A0DDCD43B4A,id=6c36bdee-0f85-4acd-86c8-ce53960cf4ab
2019-11-14 03:47:37,726 [main] INFO  util.JmxRegister (JmxRegister.java:unregister(73)) - Successfully un-registered JMX Bean with object name Ratis:service=RaftServer,group=group-BE0E3AC06B50,id=7901d021-b70d-41b4-a3ee-3511e4cb511a
2019-11-14 03:47:37,726 [main] INFO  impl.RoleInfo (RoleInfo.java:shutdownLeaderState(104)) - 7901d021-b70d-41b4-a3ee-3511e4cb511a: shutdown LeaderState
2019-11-14 03:47:37,726 [ForkJoinPool.commonPool-worker-1] INFO  impl.RoleInfo (RoleInfo.java:shutdownFollowerState(121)) - 6c36bdee-0f85-4acd-86c8-ce53960cf4ab: shutdown FollowerState
2019-11-14 03:47:37,728 [main] INFO  impl.PendingRequests (PendingRequests.java:sendNotLeaderResponses(206)) - 7901d021-b70d-41b4-a3ee-3511e4cb511a@group-BE0E3AC06B50-PendingRequests: sendNotLeaderResponses
2019-11-14 03:47:37,728 [Thread-1688] INFO  impl.FollowerState (FollowerState.java:run(120)) - 6c36bdee-0f85-4acd-86c8-ce53960cf4ab@group-4A0DDCD43B4A-FollowerState was interrupted: java.lang.InterruptedException: sleep interrupted
2019-11-14 03:47:37,728 [ForkJoinPool.commonPool-worker-1] INFO  impl.StateMachineUpdater (StateMachineUpdater.java:stopAndJoin(136)) - 6c36bdee-0f85-4acd-86c8-ce53960cf4ab@group-4A0DDCD43B4A-StateMachineUpdater: set stopIndex = 0
2019-11-14 03:47:37,728 [main] INFO  impl.StateMachineUpdater (StateMachineUpdater.java:stopAndJoin(136)) - 7901d021-b70d-41b4-a3ee-3511e4cb511a@group-BE0E3AC06B50-StateMachineUpdater: set stopIndex = 0
2019-11-14 03:47:37,729 [ForkJoinPool.commonPool-worker-1] INFO  impl.RaftServerImpl (ServerState.java:close(387)) - 6c36bdee-0f85-4acd-86c8-ce53960cf4ab@group-4A0DDCD43B4A: closes. applyIndex: 0
2019-11-14 03:47:37,729 [main] INFO  impl.RaftServerImpl (ServerState.java:close(387)) - 7901d021-b70d-41b4-a3ee-3511e4cb511a@group-BE0E3AC06B50: closes. applyIndex: 0
2019-11-14 03:47:37,729 [6c36bdee-0f85-4acd-86c8-ce53960cf4ab@group-4A0DDCD43B4A-SegmentedRaftLogWorker] INFO  segmented.SegmentedRaftLogWorker (SegmentedRaftLogWorker.java:run(316)) - 6c36bdee-0f85-4acd-86c8-ce53960cf4ab@group-4A0DDCD43B4A-SegmentedRaftLogWorker was interrupted, exiting. There are 0 tasks remaining in the queue.
2019-11-14 03:47:37,730 [7901d021-b70d-41b4-a3ee-3511e4cb511a@group-BE0E3AC06B50-SegmentedRaftLogWorker] INFO  segmented.SegmentedRaftLogWorker (SegmentedRaftLogWorker.java:run(316)) - 7901d021-b70d-41b4-a3ee-3511e4cb511a@group-BE0E3AC06B50-SegmentedRaftLogWorker was interrupted, exiting. There are 0 tasks remaining in the queue.
2019-11-14 03:47:37,730 [ForkJoinPool.commonPool-worker-1] INFO  segmented.SegmentedRaftLogWorker (SegmentedRaftLogWorker.java:close(224)) - 6c36bdee-0f85-4acd-86c8-ce53960cf4ab@group-4A0DDCD43B4A-SegmentedRaftLogWorker close()
2019-11-14 03:47:37,730 [main] INFO  segmented.SegmentedRaftLogWorker (SegmentedRaftLogWorker.java:close(224)) - 7901d021-b70d-41b4-a3ee-3511e4cb511a@group-BE0E3AC06B50-SegmentedRaftLogWorker close()
2019-11-14 03:47:37,730 [ForkJoinPool.commonPool-worker-1] INFO  server.GrpcService (GrpcService.java:closeImpl(164)) - 6c36bdee-0f85-4acd-86c8-ce53960cf4ab: shutdown server with port 40913 now
2019-11-14 03:47:37,731 [main] INFO  server.GrpcService (GrpcService.java:closeImpl(164)) - 7901d021-b70d-41b4-a3ee-3511e4cb511a: shutdown server with port 32814 now
2019-11-14 03:47:37,732 [grpc-default-executor-0] WARN  server.GrpcServerProtocolService (LogUtils.java:warn(134)) - 6c36bdee-0f85-4acd-86c8-ce53960cf4ab: installSnapshot onError, lastRequest: 78429c2b-19b5-43a0-84bb-c976fd750a70->6c36bdee-0f85-4acd-86c8-ce53960cf4ab#40-t1, previous=(t:1, i:0), leaderCommit=0, initializing? false, entries: <empty>: org.apache.ratis.thirdparty.io.grpc.StatusRuntimeException: CANCELLED: cancelled before receiving half close
2019-11-14 03:47:37,732 [grpc-default-executor-4] WARN  server.GrpcServerProtocolService (LogUtils.java:warn(134)) - 7901d021-b70d-41b4-a3ee-3511e4cb511a: installSnapshot onError, lastRequest: 6159a4a7-02ae-4457-ad8e-d99f5584798f->7901d021-b70d-41b4-a3ee-3511e4cb511a#41-t1, previous=(t:1, i:0), leaderCommit=0, initializing? false, entries: <empty>: org.apache.ratis.thirdparty.io.grpc.StatusRuntimeException: CANCELLED: cancelled before receiving half close
2019-11-14 03:47:37,733 [grpc-default-executor-1] WARN  server.GrpcLogAppender (LogUtils.java:warn(134)) - 78429c2b-19b5-43a0-84bb-c976fd750a70@group-4A0DDCD43B4A->6c36bdee-0f85-4acd-86c8-ce53960cf4ab-AppendLogResponseHandler: Failed appendEntries: org.apache.ratis.thirdparty.io.grpc.StatusRuntimeException: CANCELLED: HTTP/2 error code: CANCEL
Received Rst Stream
2019-11-14 03:47:37,733 [ForkJoinPool.commonPool-worker-1] INFO  server.GrpcService (GrpcService.java:closeImpl(172)) - 6c36bdee-0f85-4acd-86c8-ce53960cf4ab: shutdown server with port 40913 successfully
2019-11-14 03:47:37,733 [grpc-default-executor-1] INFO  impl.FollowerInfo (FollowerInfo.java:lambda$new$0(51)) - 78429c2b-19b5-43a0-84bb-c976fd750a70@group-4A0DDCD43B4A->6c36bdee-0f85-4acd-86c8-ce53960cf4ab: nextIndex: updateUnconditionally 1 -> 0
2019-11-14 03:47:37,733 [grpc-default-executor-5] WARN  server.GrpcLogAppender (LogUtils.java:warn(134)) - 6159a4a7-02ae-4457-ad8e-d99f5584798f@group-8B77DDD58102->7901d021-b70d-41b4-a3ee-3511e4cb511a-AppendLogResponseHandler: Failed appendEntries: org.apache.ratis.thirdparty.io.grpc.StatusRuntimeException: CANCELLED: HTTP/2 error code: CANCEL
Received Rst Stream
2019-11-14 03:47:37,734 [main] INFO  server.GrpcService (GrpcService.java:closeImpl(172)) - 7901d021-b70d-41b4-a3ee-3511e4cb511a: shutdown server with port 32814 successfully
2019-11-14 03:47:37,734 [grpc-default-executor-5] INFO  impl.FollowerInfo (FollowerInfo.java:lambda$new$0(51)) - 6159a4a7-02ae-4457-ad8e-d99f5584798f@group-8B77DDD58102->7901d021-b70d-41b4-a3ee-3511e4cb511a: nextIndex: updateUnconditionally 1 -> 0
2019-11-14 03:47:37,737 [refreshUsed-/workdir/hadoop-ozone/integration-test/target/test-dir/MiniOzoneClusterImpl-db6fd866-6788-41aa-8e01-4626558b27a7/datanode-0/data/containers] WARN  fs.CachingGetSpaceUsed (CachingGetSpaceUsed.java:run(183)) - Thread Interrupted waiting to refresh disk information: sleep interrupted
2019-11-14 03:47:37,738 [refreshUsed-/workdir/hadoop-ozone/integration-test/target/test-dir/MiniOzoneClusterImpl-db6fd866-6788-41aa-8e01-4626558b27a7/datanode-9/data/containers] WARN  fs.CachingGetSpaceUsed (CachingGetSpaceUsed.java:run(183)) - Thread Interrupted waiting to refresh disk information: sleep interrupted
2019-11-14 03:47:37,762 [ForkJoinPool.commonPool-worker-1] INFO  utils.BackgroundService (BackgroundService.java:shutdown(151)) - Shutting down service BlockDeletingService
2019-11-14 03:47:37,766 [ForkJoinPool.commonPool-worker-1] INFO  statemachine.DatanodeStateMachine (DatanodeStateMachine.java:stopDaemon(395)) - Ozone container server stopped.
2019-11-14 03:47:37,768 [main] INFO  utils.BackgroundService (BackgroundService.java:shutdown(151)) - Shutting down service BlockDeletingService
2019-11-14 03:47:37,778 [main] INFO  statemachine.DatanodeStateMachine (DatanodeStateMachine.java:stopDaemon(395)) - Ozone container server stopped.
2019-11-14 03:47:37,779 [ForkJoinPool.commonPool-worker-1] INFO  handler.ContextHandler (ContextHandler.java:doStop(910)) - Stopped o.e.j.w.WebAppContext@163042ea{/,null,UNAVAILABLE}{/hddsDatanode}
2019-11-14 03:47:37,780 [main] INFO  handler.ContextHandler (ContextHandler.java:doStop(910)) - Stopped o.e.j.w.WebAppContext@4816ee24{/,null,UNAVAILABLE}{/hddsDatanode}
2019-11-14 03:47:37,781 [main] INFO  server.AbstractConnector (AbstractConnector.java:doStop(318)) - Stopped ServerConnector@20d33ea{HTTP/1.1,[http/1.1]}{0.0.0.0:0}
2019-11-14 03:47:37,781 [ForkJoinPool.commonPool-worker-1] INFO  server.AbstractConnector (AbstractConnector.java:doStop(318)) - Stopped ServerConnector@11d045b4{HTTP/1.1,[http/1.1]}{0.0.0.0:0}
2019-11-14 03:47:37,781 [main] INFO  handler.ContextHandler (ContextHandler.java:doStop(910)) - Stopped o.e.j.s.ServletContextHandler@86d6bf7{/static,jar:file:/home/user/.m2/repository/org/apache/hadoop/hadoop-hdds-container-service/0.5.0-SNAPSHOT/hadoop-hdds-container-service-0.5.0-SNAPSHOT.jar!/webapps/static,UNAVAILABLE}
2019-11-14 03:47:37,781 [ForkJoinPool.commonPool-worker-1] INFO  handler.ContextHandler (ContextHandler.java:doStop(910)) - Stopped o.e.j.s.ServletContextHandler@53b1a3f8{/static,jar:file:/home/user/.m2/repository/org/apache/hadoop/hadoop-hdds-container-service/0.5.0-SNAPSHOT/hadoop-hdds-container-service-0.5.0-SNAPSHOT.jar!/webapps/static,UNAVAILABLE}
2019-11-14 03:47:37,782 [main] INFO  handler.ContextHandler (ContextHandler.java:doStop(910)) - Stopped o.e.j.s.ServletContextHandler@17fede14{/logs,file:///workdir/hadoop-ozone/integration-test/target/log,UNAVAILABLE}
2019-11-14 03:47:37,782 [ForkJoinPool.commonPool-worker-1] INFO  handler.ContextHandler (ContextHandler.java:doStop(910)) - Stopped o.e.j.s.ServletContextHandler@38b3f208{/logs,file:///workdir/hadoop-ozone/integration-test/target/log,UNAVAILABLE}
2019-11-14 03:47:37,829 [grpc-default-executor-6] WARN  server.GrpcLogAppender (LogUtils.java:warn(134)) - 78429c2b-19b5-43a0-84bb-c976fd750a70@group-4A0DDCD43B4A->d4b369d8-a85d-4b99-b953-37bddccdea6c-AppendLogResponseHandler: Failed appendEntries: org.apache.ratis.thirdparty.io.grpc.StatusRuntimeException: UNAVAILABLE: io exception
2019-11-14 03:47:37,829 [grpc-default-executor-6] INFO  impl.FollowerInfo (FollowerInfo.java:lambda$new$0(51)) - 78429c2b-19b5-43a0-84bb-c976fd750a70@group-4A0DDCD43B4A->d4b369d8-a85d-4b99-b953-37bddccdea6c: nextIndex: updateUnconditionally 0 -> 0
2019-11-14 03:47:37,909 [grpc-default-executor-6] WARN  server.GrpcLogAppender (LogUtils.java:warn(134)) - 78429c2b-19b5-43a0-84bb-c976fd750a70@group-4A0DDCD43B4A->6c36bdee-0f85-4acd-86c8-ce53960cf4ab-AppendLogResponseHandler: Failed appendEntries: org.apache.ratis.thirdparty.io.grpc.StatusRuntimeException: UNAVAILABLE: io exception
2019-11-14 03:47:37,909 [grpc-default-executor-6] INFO  impl.FollowerInfo (FollowerInfo.java:lambda$new$0(51)) - 78429c2b-19b5-43a0-84bb-c976fd750a70@group-4A0DDCD43B4A->6c36bdee-0f85-4acd-86c8-ce53960cf4ab: nextIndex: updateUnconditionally 0 -> 0
2019-11-14 03:47:38,139 [grpc-default-executor-0] WARN  server.GrpcLogAppender (LogUtils.java:warn(134)) - 6159a4a7-02ae-4457-ad8e-d99f5584798f@group-8B77DDD58102->3a789c1e-652a-4343-9c47-49015e6a7e8b-AppendLogResponseHandler: Failed appendEntries: org.apache.ratis.thirdparty.io.grpc.StatusRuntimeException: UNAVAILABLE: io exception
2019-11-14 03:47:38,140 [grpc-default-executor-0] INFO  impl.FollowerInfo (FollowerInfo.java:lambda$new$0(51)) - 6159a4a7-02ae-4457-ad8e-d99f5584798f@group-8B77DDD58102->3a789c1e-652a-4343-9c47-49015e6a7e8b: nextIndex: updateUnconditionally 0 -> 0
2019-11-14 03:47:38,193 [grpc-default-executor-6] WARN  server.GrpcLogAppender (LogUtils.java:warn(134)) - 6159a4a7-02ae-4457-ad8e-d99f5584798f@group-8B77DDD58102->7901d021-b70d-41b4-a3ee-3511e4cb511a-AppendLogResponseHandler: Failed appendEntries: org.apache.ratis.thirdparty.io.grpc.StatusRuntimeException: UNAVAILABLE: io exception
2019-11-14 03:47:38,194 [grpc-default-executor-6] INFO  impl.FollowerInfo (FollowerInfo.java:lambda$new$0(51)) - 6159a4a7-02ae-4457-ad8e-d99f5584798f@group-8B77DDD58102->7901d021-b70d-41b4-a3ee-3511e4cb511a: nextIndex: updateUnconditionally 0 -> 0
2019-11-14 03:47:38,329 [grpc-default-executor-5] WARN  server.GrpcLogAppender (LogUtils.java:warn(134)) - 78429c2b-19b5-43a0-84bb-c976fd750a70@group-4A0DDCD43B4A->d4b369d8-a85d-4b99-b953-37bddccdea6c-AppendLogResponseHandler: Failed appendEntries: org.apache.ratis.thirdparty.io.grpc.StatusRuntimeException: UNAVAILABLE: io exception
2019-11-14 03:47:38,329 [grpc-default-executor-5] INFO  impl.FollowerInfo (FollowerInfo.java:lambda$new$0(51)) - 78429c2b-19b5-43a0-84bb-c976fd750a70@group-4A0DDCD43B4A->d4b369d8-a85d-4b99-b953-37bddccdea6c: nextIndex: updateUnconditionally 0 -> 0
2019-11-14 03:47:38,410 [grpc-default-executor-6] WARN  server.GrpcLogAppender (LogUtils.java:warn(134)) - 78429c2b-19b5-43a0-84bb-c976fd750a70@group-4A0DDCD43B4A->6c36bdee-0f85-4acd-86c8-ce53960cf4ab-AppendLogResponseHandler: Failed appendEntries: org.apache.ratis.thirdparty.io.grpc.StatusRuntimeException: UNAVAILABLE: io exception
2019-11-14 03:47:38,410 [grpc-default-executor-6] INFO  impl.FollowerInfo (FollowerInfo.java:lambda$new$0(51)) - 78429c2b-19b5-43a0-84bb-c976fd750a70@group-4A0DDCD43B4A->6c36bdee-0f85-4acd-86c8-ce53960cf4ab: nextIndex: updateUnconditionally 0 -> 0
2019-11-14 03:47:38,434 [Datanode State Machine Thread - 0] INFO  statemachine.DatanodeStateMachine (DatanodeStateMachine.java:lambda$startDaemon$0(350)) - Ozone container server started.
2019-11-14 03:47:38,640 [grpc-default-executor-6] WARN  server.GrpcLogAppender (LogUtils.java:warn(134)) - 6159a4a7-02ae-4457-ad8e-d99f5584798f@group-8B77DDD58102->3a789c1e-652a-4343-9c47-49015e6a7e8b-AppendLogResponseHandler: Failed appendEntries: org.apache.ratis.thirdparty.io.grpc.StatusRuntimeException: UNAVAILABLE: io exception
2019-11-14 03:47:38,640 [grpc-default-executor-6] INFO  impl.FollowerInfo (FollowerInfo.java:lambda$new$0(51)) - 6159a4a7-02ae-4457-ad8e-d99f5584798f@group-8B77DDD58102->3a789c1e-652a-4343-9c47-49015e6a7e8b: nextIndex: updateUnconditionally 0 -> 0
2019-11-14 03:47:38,675 [Datanode State Machine Thread - 0] INFO  statemachine.DatanodeStateMachine (DatanodeStateMachine.java:lambda$startDaemon$0(350)) - Ozone container server started.
2019-11-14 03:47:38,694 [grpc-default-executor-6] WARN  server.GrpcLogAppender (LogUtils.java:warn(134)) - 6159a4a7-02ae-4457-ad8e-d99f5584798f@group-8B77DDD58102->7901d021-b70d-41b4-a3ee-3511e4cb511a-AppendLogResponseHandler: Failed appendEntries: org.apache.ratis.thirdparty.io.grpc.StatusRuntimeException: UNAVAILABLE: io exception
2019-11-14 03:47:38,694 [grpc-default-executor-6] INFO  impl.FollowerInfo (FollowerInfo.java:lambda$new$0(51)) - 6159a4a7-02ae-4457-ad8e-d99f5584798f@group-8B77DDD58102->7901d021-b70d-41b4-a3ee-3511e4cb511a: nextIndex: updateUnconditionally 0 -> 0
2019-11-14 03:47:38,829 [grpc-default-executor-0] WARN  server.GrpcLogAppender (LogUtils.java:warn(134)) - 78429c2b-19b5-43a0-84bb-c976fd750a70@group-4A0DDCD43B4A->d4b369d8-a85d-4b99-b953-37bddccdea6c-AppendLogResponseHandler: Failed appendEntries: org.apache.ratis.thirdparty.io.grpc.StatusRuntimeException: UNAVAILABLE: io exception
2019-11-14 03:47:38,829 [grpc-default-executor-0] INFO  impl.FollowerInfo (FollowerInfo.java:lambda$new$0(51)) - 78429c2b-19b5-43a0-84bb-c976fd750a70@group-4A0DDCD43B4A->d4b369d8-a85d-4b99-b953-37bddccdea6c: nextIndex: updateUnconditionally 0 -> 0
2019-11-14 03:47:38,911 [grpc-default-executor-0] WARN  server.GrpcLogAppender (LogUtils.java:warn(134)) - 78429c2b-19b5-43a0-84bb-c976fd750a70@group-4A0DDCD43B4A->6c36bdee-0f85-4acd-86c8-ce53960cf4ab-AppendLogResponseHandler: Failed appendEntries: org.apache.ratis.thirdparty.io.grpc.StatusRuntimeException: UNAVAILABLE: io exception
2019-11-14 03:47:38,911 [grpc-default-executor-0] INFO  impl.FollowerInfo (FollowerInfo.java:lambda$new$0(51)) - 78429c2b-19b5-43a0-84bb-c976fd750a70@group-4A0DDCD43B4A->6c36bdee-0f85-4acd-86c8-ce53960cf4ab: nextIndex: updateUnconditionally 0 -> 0
2019-11-14 03:47:39,140 [grpc-default-executor-6] WARN  server.GrpcLogAppender (LogUtils.java:warn(134)) - 6159a4a7-02ae-4457-ad8e-d99f5584798f@group-8B77DDD58102->3a789c1e-652a-4343-9c47-49015e6a7e8b-AppendLogResponseHandler: Failed appendEntries: org.apache.ratis.thirdparty.io.grpc.StatusRuntimeException: UNAVAILABLE: io exception
2019-11-14 03:47:39,141 [grpc-default-executor-6] INFO  impl.FollowerInfo (FollowerInfo.java:lambda$new$0(51)) - 6159a4a7-02ae-4457-ad8e-d99f5584798f@group-8B77DDD58102->3a789c1e-652a-4343-9c47-49015e6a7e8b: nextIndex: updateUnconditionally 0 -> 0
2019-11-14 03:47:39,194 [grpc-default-executor-6] WARN  server.GrpcLogAppender (LogUtils.java:warn(134)) - 6159a4a7-02ae-4457-ad8e-d99f5584798f@group-8B77DDD58102->7901d021-b70d-41b4-a3ee-3511e4cb511a-AppendLogResponseHandler: Failed appendEntries: org.apache.ratis.thirdparty.io.grpc.StatusRuntimeException: UNAVAILABLE: io exception
2019-11-14 03:47:39,195 [grpc-default-executor-6] INFO  impl.FollowerInfo (FollowerInfo.java:lambda$new$0(51)) - 6159a4a7-02ae-4457-ad8e-d99f5584798f@group-8B77DDD58102->7901d021-b70d-41b4-a3ee-3511e4cb511a: nextIndex: updateUnconditionally 0 -> 0
2019-11-14 03:47:39,330 [grpc-default-executor-5] WARN  server.GrpcLogAppender (LogUtils.java:warn(134)) - 78429c2b-19b5-43a0-84bb-c976fd750a70@group-4A0DDCD43B4A->d4b369d8-a85d-4b99-b953-37bddccdea6c-AppendLogResponseHandler: Failed appendEntries: org.apache.ratis.thirdparty.io.grpc.StatusRuntimeException: UNAVAILABLE: io exception
2019-11-14 03:47:39,330 [grpc-default-executor-5] INFO  impl.FollowerInfo (FollowerInfo.java:lambda$new$0(51)) - 78429c2b-19b5-43a0-84bb-c976fd750a70@group-4A0DDCD43B4A->d4b369d8-a85d-4b99-b953-37bddccdea6c: nextIndex: updateUnconditionally 0 -> 0
2019-11-14 03:47:39,410 [grpc-default-executor-0] WARN  server.GrpcLogAppender (LogUtils.java:warn(134)) - 78429c2b-19b5-43a0-84bb-c976fd750a70@group-4A0DDCD43B4A->6c36bdee-0f85-4acd-86c8-ce53960cf4ab-AppendLogResponseHandler: Failed appendEntries: org.apache.ratis.thirdparty.io.grpc.StatusRuntimeException: UNAVAILABLE: io exception
2019-11-14 03:47:39,411 [grpc-default-executor-0] INFO  impl.FollowerInfo (FollowerInfo.java:lambda$new$0(51)) - 78429c2b-19b5-43a0-84bb-c976fd750a70@group-4A0DDCD43B4A->6c36bdee-0f85-4acd-86c8-ce53960cf4ab: nextIndex: updateUnconditionally 0 -> 0
2019-11-14 03:47:39,641 [grpc-default-executor-6] WARN  server.GrpcLogAppender (LogUtils.java:warn(134)) - 6159a4a7-02ae-4457-ad8e-d99f5584798f@group-8B77DDD58102->3a789c1e-652a-4343-9c47-49015e6a7e8b-AppendLogResponseHandler: Failed appendEntries: org.apache.ratis.thirdparty.io.grpc.StatusRuntimeException: UNAVAILABLE: io exception
2019-11-14 03:47:39,642 [grpc-default-executor-6] INFO  impl.FollowerInfo (FollowerInfo.java:lambda$new$0(51)) - 6159a4a7-02ae-4457-ad8e-d99f5584798f@group-8B77DDD58102->3a789c1e-652a-4343-9c47-49015e6a7e8b: nextIndex: updateUnconditionally 0 -> 0
2019-11-14 03:47:39,695 [grpc-default-executor-6] WARN  server.GrpcLogAppender (LogUtils.java:warn(134)) - 6159a4a7-02ae-4457-ad8e-d99f5584798f@group-8B77DDD58102->7901d021-b70d-41b4-a3ee-3511e4cb511a-AppendLogResponseHandler: Failed appendEntries: org.apache.ratis.thirdparty.io.grpc.StatusRuntimeException: UNAVAILABLE: io exception
2019-11-14 03:47:39,695 [grpc-default-executor-6] INFO  impl.FollowerInfo (FollowerInfo.java:lambda$new$0(51)) - 6159a4a7-02ae-4457-ad8e-d99f5584798f@group-8B77DDD58102->7901d021-b70d-41b4-a3ee-3511e4cb511a: nextIndex: updateUnconditionally 0 -> 0
2019-11-14 03:47:39,830 [grpc-default-executor-5] WARN  server.GrpcLogAppender (LogUtils.java:warn(134)) - 78429c2b-19b5-43a0-84bb-c976fd750a70@group-4A0DDCD43B4A->d4b369d8-a85d-4b99-b953-37bddccdea6c-AppendLogResponseHandler: Failed appendEntries: org.apache.ratis.thirdparty.io.grpc.StatusRuntimeException: UNAVAILABLE: io exception
2019-11-14 03:47:39,831 [grpc-default-executor-5] INFO  impl.FollowerInfo (FollowerInfo.java:lambda$new$0(51)) - 78429c2b-19b5-43a0-84bb-c976fd750a70@group-4A0DDCD43B4A->d4b369d8-a85d-4b99-b953-37bddccdea6c: nextIndex: updateUnconditionally 0 -> 0
2019-11-14 03:47:39,911 [grpc-default-executor-5] WARN  server.GrpcLogAppender (LogUtils.java:warn(134)) - 78429c2b-19b5-43a0-84bb-c976fd750a70@group-4A0DDCD43B4A->6c36bdee-0f85-4acd-86c8-ce53960cf4ab-AppendLogResponseHandler: Failed appendEntries: org.apache.ratis.thirdparty.io.grpc.StatusRuntimeException: UNAVAILABLE: io exception
2019-11-14 03:47:39,911 [grpc-default-executor-5] INFO  impl.FollowerInfo (FollowerInfo.java:lambda$new$0(51)) - 78429c2b-19b5-43a0-84bb-c976fd750a70@group-4A0DDCD43B4A->6c36bdee-0f85-4acd-86c8-ce53960cf4ab: nextIndex: updateUnconditionally 0 -> 0
2019-11-14 03:47:40,142 [grpc-default-executor-0] WARN  server.GrpcLogAppender (LogUtils.java:warn(134)) - 6159a4a7-02ae-4457-ad8e-d99f5584798f@group-8B77DDD58102->3a789c1e-652a-4343-9c47-49015e6a7e8b-AppendLogResponseHandler: Failed appendEntries: org.apache.ratis.thirdparty.io.grpc.StatusRuntimeException: UNAVAILABLE: io exception
2019-11-14 03:47:40,142 [grpc-default-executor-0] INFO  impl.FollowerInfo (FollowerInfo.java:lambda$new$0(51)) - 6159a4a7-02ae-4457-ad8e-d99f5584798f@group-8B77DDD58102->3a789c1e-652a-4343-9c47-49015e6a7e8b: nextIndex: updateUnconditionally 0 -> 0
2019-11-14 03:47:40,195 [grpc-default-executor-6] WARN  server.GrpcLogAppender (LogUtils.java:warn(134)) - 6159a4a7-02ae-4457-ad8e-d99f5584798f@group-8B77DDD58102->7901d021-b70d-41b4-a3ee-3511e4cb511a-AppendLogResponseHandler: Failed appendEntries: org.apache.ratis.thirdparty.io.grpc.StatusRuntimeException: UNAVAILABLE: io exception
2019-11-14 03:47:40,196 [grpc-default-executor-6] INFO  impl.FollowerInfo (FollowerInfo.java:lambda$new$0(51)) - 6159a4a7-02ae-4457-ad8e-d99f5584798f@group-8B77DDD58102->7901d021-b70d-41b4-a3ee-3511e4cb511a: nextIndex: updateUnconditionally 0 -> 0
2019-11-14 03:47:40,331 [grpc-default-executor-5] WARN  server.GrpcLogAppender (LogUtils.java:warn(134)) - 78429c2b-19b5-43a0-84bb-c976fd750a70@group-4A0DDCD43B4A->d4b369d8-a85d-4b99-b953-37bddccdea6c-AppendLogResponseHandler: Failed appendEntries: org.apache.ratis.thirdparty.io.grpc.StatusRuntimeException: UNAVAILABLE: io exception
2019-11-14 03:47:40,331 [grpc-default-executor-5] INFO  impl.FollowerInfo (FollowerInfo.java:lambda$new$0(51)) - 78429c2b-19b5-43a0-84bb-c976fd750a70@group-4A0DDCD43B4A->d4b369d8-a85d-4b99-b953-37bddccdea6c: nextIndex: updateUnconditionally 0 -> 0
2019-11-14 03:47:40,411 [grpc-default-executor-0] WARN  server.GrpcLogAppender (LogUtils.java:warn(134)) - 78429c2b-19b5-43a0-84bb-c976fd750a70@group-4A0DDCD43B4A->6c36bdee-0f85-4acd-86c8-ce53960cf4ab-AppendLogResponseHandler: Failed appendEntries: org.apache.ratis.thirdparty.io.grpc.StatusRuntimeException: UNAVAILABLE: io exception
2019-11-14 03:47:40,412 [grpc-default-executor-0] INFO  impl.FollowerInfo (FollowerInfo.java:lambda$new$0(51)) - 78429c2b-19b5-43a0-84bb-c976fd750a70@group-4A0DDCD43B4A->6c36bdee-0f85-4acd-86c8-ce53960cf4ab: nextIndex: updateUnconditionally 0 -> 0
2019-11-14 03:47:40,642 [grpc-default-executor-6] WARN  server.GrpcLogAppender (LogUtils.java:warn(134)) - 6159a4a7-02ae-4457-ad8e-d99f5584798f@group-8B77DDD58102->3a789c1e-652a-4343-9c47-49015e6a7e8b-AppendLogResponseHandler: Failed appendEntries: org.apache.ratis.thirdparty.io.grpc.StatusRuntimeException: UNAVAILABLE: io exception
2019-11-14 03:47:40,642 [grpc-default-executor-6] INFO  impl.FollowerInfo (FollowerInfo.java:lambda$new$0(51)) - 6159a4a7-02ae-4457-ad8e-d99f5584798f@group-8B77DDD58102->3a789c1e-652a-4343-9c47-49015e6a7e8b: nextIndex: updateUnconditionally 0 -> 0
2019-11-14 03:47:40,696 [grpc-default-executor-5] WARN  server.GrpcLogAppender (LogUtils.java:warn(134)) - 6159a4a7-02ae-4457-ad8e-d99f5584798f@group-8B77DDD58102->7901d021-b70d-41b4-a3ee-3511e4cb511a-AppendLogResponseHandler: Failed appendEntries: org.apache.ratis.thirdparty.io.grpc.StatusRuntimeException: UNAVAILABLE: io exception
2019-11-14 03:47:40,696 [grpc-default-executor-5] INFO  impl.FollowerInfo (FollowerInfo.java:lambda$new$0(51)) - 6159a4a7-02ae-4457-ad8e-d99f5584798f@group-8B77DDD58102->7901d021-b70d-41b4-a3ee-3511e4cb511a: nextIndex: updateUnconditionally 0 -> 0
2019-11-14 03:47:40,831 [grpc-default-executor-0] WARN  server.GrpcLogAppender (LogUtils.java:warn(134)) - 78429c2b-19b5-43a0-84bb-c976fd750a70@group-4A0DDCD43B4A->d4b369d8-a85d-4b99-b953-37bddccdea6c-AppendLogResponseHandler: Failed appendEntries: org.apache.ratis.thirdparty.io.grpc.StatusRuntimeException: UNAVAILABLE: io exception
2019-11-14 03:47:40,831 [grpc-default-executor-0] INFO  impl.FollowerInfo (FollowerInfo.java:lambda$new$0(51)) - 78429c2b-19b5-43a0-84bb-c976fd750a70@group-4A0DDCD43B4A->d4b369d8-a85d-4b99-b953-37bddccdea6c: nextIndex: updateUnconditionally 0 -> 0
2019-11-14 03:47:40,912 [grpc-default-executor-6] WARN  server.GrpcLogAppender (LogUtils.java:warn(134)) - 78429c2b-19b5-43a0-84bb-c976fd750a70@group-4A0DDCD43B4A->6c36bdee-0f85-4acd-86c8-ce53960cf4ab-AppendLogResponseHandler: Failed appendEntries: org.apache.ratis.thirdparty.io.grpc.StatusRuntimeException: UNAVAILABLE: io exception
2019-11-14 03:47:40,912 [grpc-default-executor-6] INFO  impl.FollowerInfo (FollowerInfo.java:lambda$new$0(51)) - 78429c2b-19b5-43a0-84bb-c976fd750a70@group-4A0DDCD43B4A->6c36bdee-0f85-4acd-86c8-ce53960cf4ab: nextIndex: updateUnconditionally 0 -> 0
2019-11-14 03:47:41,143 [grpc-default-executor-6] WARN  server.GrpcLogAppender (LogUtils.java:warn(134)) - 6159a4a7-02ae-4457-ad8e-d99f5584798f@group-8B77DDD58102->3a789c1e-652a-4343-9c47-49015e6a7e8b-AppendLogResponseHandler: Failed appendEntries: org.apache.ratis.thirdparty.io.grpc.StatusRuntimeException: UNAVAILABLE: io exception
2019-11-14 03:47:41,143 [grpc-default-executor-6] INFO  impl.FollowerInfo (FollowerInfo.java:lambda$new$0(51)) - 6159a4a7-02ae-4457-ad8e-d99f5584798f@group-8B77DDD58102->3a789c1e-652a-4343-9c47-49015e6a7e8b: nextIndex: updateUnconditionally 0 -> 0
2019-11-14 03:47:41,196 [grpc-default-executor-5] WARN  server.GrpcLogAppender (LogUtils.java:warn(134)) - 6159a4a7-02ae-4457-ad8e-d99f5584798f@group-8B77DDD58102->7901d021-b70d-41b4-a3ee-3511e4cb511a-AppendLogResponseHandler: Failed appendEntries: org.apache.ratis.thirdparty.io.grpc.StatusRuntimeException: UNAVAILABLE: io exception
2019-11-14 03:47:41,197 [grpc-default-executor-5] INFO  impl.FollowerInfo (FollowerInfo.java:lambda$new$0(51)) - 6159a4a7-02ae-4457-ad8e-d99f5584798f@group-8B77DDD58102->7901d021-b70d-41b4-a3ee-3511e4cb511a: nextIndex: updateUnconditionally 0 -> 0
2019-11-14 03:47:41,332 [grpc-default-executor-6] WARN  server.GrpcLogAppender (LogUtils.java:warn(134)) - 78429c2b-19b5-43a0-84bb-c976fd750a70@group-4A0DDCD43B4A->d4b369d8-a85d-4b99-b953-37bddccdea6c-AppendLogResponseHandler: Failed appendEntries: org.apache.ratis.thirdparty.io.grpc.StatusRuntimeException: UNAVAILABLE: io exception
2019-11-14 03:47:41,332 [grpc-default-executor-6] INFO  impl.FollowerInfo (FollowerInfo.java:lambda$new$0(51)) - 78429c2b-19b5-43a0-84bb-c976fd750a70@group-4A0DDCD43B4A->d4b369d8-a85d-4b99-b953-37bddccdea6c: nextIndex: updateUnconditionally 0 -> 0
2019-11-14 03:47:41,412 [grpc-default-executor-0] WARN  server.GrpcLogAppender (LogUtils.java:warn(134)) - 78429c2b-19b5-43a0-84bb-c976fd750a70@group-4A0DDCD43B4A->6c36bdee-0f85-4acd-86c8-ce53960cf4ab-AppendLogResponseHandler: Failed appendEntries: org.apache.ratis.thirdparty.io.grpc.StatusRuntimeException: UNAVAILABLE: io exception
2019-11-14 03:47:41,413 [grpc-default-executor-0] INFO  impl.FollowerInfo (FollowerInfo.java:lambda$new$0(51)) - 78429c2b-19b5-43a0-84bb-c976fd750a70@group-4A0DDCD43B4A->6c36bdee-0f85-4acd-86c8-ce53960cf4ab: nextIndex: updateUnconditionally 0 -> 0
2019-11-14 03:47:41,643 [grpc-default-executor-5] WARN  server.GrpcLogAppender (LogUtils.java:warn(134)) - 6159a4a7-02ae-4457-ad8e-d99f5584798f@group-8B77DDD58102->3a789c1e-652a-4343-9c47-49015e6a7e8b-AppendLogResponseHandler: Failed appendEntries: org.apache.ratis.thirdparty.io.grpc.StatusRuntimeException: UNAVAILABLE: io exception
2019-11-14 03:47:41,643 [grpc-default-executor-5] INFO  impl.FollowerInfo (FollowerInfo.java:lambda$new$0(51)) - 6159a4a7-02ae-4457-ad8e-d99f5584798f@group-8B77DDD58102->3a789c1e-652a-4343-9c47-49015e6a7e8b: nextIndex: updateUnconditionally 0 -> 0
2019-11-14 03:47:41,696 [grpc-default-executor-6] WARN  server.GrpcLogAppender (LogUtils.java:warn(134)) - 6159a4a7-02ae-4457-ad8e-d99f5584798f@group-8B77DDD58102->7901d021-b70d-41b4-a3ee-3511e4cb511a-AppendLogResponseHandler: Failed appendEntries: org.apache.ratis.thirdparty.io.grpc.StatusRuntimeException: UNAVAILABLE: io exception
2019-11-14 03:47:41,697 [grpc-default-executor-6] INFO  impl.FollowerInfo (FollowerInfo.java:lambda$new$0(51)) - 6159a4a7-02ae-4457-ad8e-d99f5584798f@group-8B77DDD58102->7901d021-b70d-41b4-a3ee-3511e4cb511a: nextIndex: updateUnconditionally 0 -> 0
2019-11-14 03:47:41,832 [grpc-default-executor-0] WARN  server.GrpcLogAppender (LogUtils.java:warn(134)) - 78429c2b-19b5-43a0-84bb-c976fd750a70@group-4A0DDCD43B4A->d4b369d8-a85d-4b99-b953-37bddccdea6c-AppendLogResponseHandler: Failed appendEntries: org.apache.ratis.thirdparty.io.grpc.StatusRuntimeException: UNAVAILABLE: io exception
2019-11-14 03:47:41,832 [grpc-default-executor-0] INFO  impl.FollowerInfo (FollowerInfo.java:lambda$new$0(51)) - 78429c2b-19b5-43a0-84bb-c976fd750a70@group-4A0DDCD43B4A->d4b369d8-a85d-4b99-b953-37bddccdea6c: nextIndex: updateUnconditionally 0 -> 0
2019-11-14 03:47:41,913 [grpc-default-executor-5] WARN  server.GrpcLogAppender (LogUtils.java:warn(134)) - 78429c2b-19b5-43a0-84bb-c976fd750a70@group-4A0DDCD43B4A->6c36bdee-0f85-4acd-86c8-ce53960cf4ab-AppendLogResponseHandler: Failed appendEntries: org.apache.ratis.thirdparty.io.grpc.StatusRuntimeException: UNAVAILABLE: io exception
2019-11-14 03:47:41,913 [grpc-default-executor-5] INFO  impl.FollowerInfo (FollowerInfo.java:lambda$new$0(51)) - 78429c2b-19b5-43a0-84bb-c976fd750a70@group-4A0DDCD43B4A->6c36bdee-0f85-4acd-86c8-ce53960cf4ab: nextIndex: updateUnconditionally 0 -> 0
2019-11-14 03:47:42,144 [grpc-default-executor-6] WARN  server.GrpcLogAppender (LogUtils.java:warn(134)) - 6159a4a7-02ae-4457-ad8e-d99f5584798f@group-8B77DDD58102->3a789c1e-652a-4343-9c47-49015e6a7e8b-AppendLogResponseHandler: Failed appendEntries: org.apache.ratis.thirdparty.io.grpc.StatusRuntimeException: UNAVAILABLE: io exception
2019-11-14 03:47:42,145 [grpc-default-executor-6] INFO  impl.FollowerInfo (FollowerInfo.java:lambda$new$0(51)) - 6159a4a7-02ae-4457-ad8e-d99f5584798f@group-8B77DDD58102->3a789c1e-652a-4343-9c47-49015e6a7e8b: nextIndex: updateUnconditionally 0 -> 0
2019-11-14 03:47:42,197 [grpc-default-executor-5] WARN  server.GrpcLogAppender (LogUtils.java:warn(134)) - 6159a4a7-02ae-4457-ad8e-d99f5584798f@group-8B77DDD58102->7901d021-b70d-41b4-a3ee-3511e4cb511a-AppendLogResponseHandler: Failed appendEntries: org.apache.ratis.thirdparty.io.grpc.StatusRuntimeException: UNAVAILABLE: io exception
2019-11-14 03:47:42,197 [grpc-default-executor-5] INFO  impl.FollowerInfo (FollowerInfo.java:lambda$new$0(51)) - 6159a4a7-02ae-4457-ad8e-d99f5584798f@group-8B77DDD58102->7901d021-b70d-41b4-a3ee-3511e4cb511a: nextIndex: updateUnconditionally 0 -> 0
2019-11-14 03:47:42,332 [grpc-default-executor-0] WARN  server.GrpcLogAppender (LogUtils.java:warn(134)) - 78429c2b-19b5-43a0-84bb-c976fd750a70@group-4A0DDCD43B4A->d4b369d8-a85d-4b99-b953-37bddccdea6c-AppendLogResponseHandler: Failed appendEntries: org.apache.ratis.thirdparty.io.grpc.StatusRuntimeException: UNAVAILABLE: io exception
2019-11-14 03:47:42,333 [grpc-default-executor-0] INFO  impl.FollowerInfo (FollowerInfo.java:lambda$new$0(51)) - 78429c2b-19b5-43a0-84bb-c976fd750a70@group-4A0DDCD43B4A->d4b369d8-a85d-4b99-b953-37bddccdea6c: nextIndex: updateUnconditionally 0 -> 0
2019-11-14 03:47:42,413 [grpc-default-executor-6] WARN  server.GrpcLogAppender (LogUtils.java:warn(134)) - 78429c2b-19b5-43a0-84bb-c976fd750a70@group-4A0DDCD43B4A->6c36bdee-0f85-4acd-86c8-ce53960cf4ab-AppendLogResponseHandler: Failed appendEntries: org.apache.ratis.thirdparty.io.grpc.StatusRuntimeException: UNAVAILABLE: io exception
2019-11-14 03:47:42,413 [grpc-default-executor-6] INFO  impl.FollowerInfo (FollowerInfo.java:lambda$new$0(51)) - 78429c2b-19b5-43a0-84bb-c976fd750a70@group-4A0DDCD43B4A->6c36bdee-0f85-4acd-86c8-ce53960cf4ab: nextIndex: updateUnconditionally 0 -> 0
2019-11-14 03:47:42,645 [grpc-default-executor-5] WARN  server.GrpcLogAppender (LogUtils.java:warn(134)) - 6159a4a7-02ae-4457-ad8e-d99f5584798f@group-8B77DDD58102->3a789c1e-652a-4343-9c47-49015e6a7e8b-AppendLogResponseHandler: Failed appendEntries: org.apache.ratis.thirdparty.io.grpc.StatusRuntimeException: UNAVAILABLE: io exception
2019-11-14 03:47:42,646 [grpc-default-executor-5] INFO  impl.FollowerInfo (FollowerInfo.java:lambda$new$0(51)) - 6159a4a7-02ae-4457-ad8e-d99f5584798f@group-8B77DDD58102->3a789c1e-652a-4343-9c47-49015e6a7e8b: nextIndex: updateUnconditionally 0 -> 0
2019-11-14 03:47:42,698 [grpc-default-executor-0] WARN  server.GrpcLogAppender (LogUtils.java:warn(134)) - 6159a4a7-02ae-4457-ad8e-d99f5584798f@group-8B77DDD58102->7901d021-b70d-41b4-a3ee-3511e4cb511a-AppendLogResponseHandler: Failed appendEntries: org.apache.ratis.thirdparty.io.grpc.StatusRuntimeException: UNAVAILABLE: io exception
2019-11-14 03:47:42,698 [grpc-default-executor-0] INFO  impl.FollowerInfo (FollowerInfo.java:lambda$new$0(51)) - 6159a4a7-02ae-4457-ad8e-d99f5584798f@group-8B77DDD58102->7901d021-b70d-41b4-a3ee-3511e4cb511a: nextIndex: updateUnconditionally 0 -> 0
2019-11-14 03:47:42,785 [ForkJoinPool.commonPool-worker-1] INFO  ozoneimpl.OzoneContainer (OzoneContainer.java:stop(244)) - Attempting to stop container services.
2019-11-14 03:47:42,785 [main] INFO  ozoneimpl.OzoneContainer (OzoneContainer.java:stop(244)) - Attempting to stop container services.
2019-11-14 03:47:42,785 [ForkJoinPool.commonPool-worker-1] INFO  impl.RaftServerProxy (RaftServerProxy.java:lambda$close$4(314)) - 78429c2b-19b5-43a0-84bb-c976fd750a70: close
2019-11-14 03:47:42,786 [ForkJoinPool.commonPool-worker-1] INFO  impl.RaftServerImpl (RaftServerImpl.java:lambda$shutdown$3(250)) - 78429c2b-19b5-43a0-84bb-c976fd750a70@group-B387C3F5DF5F: shutdown
2019-11-14 03:47:42,786 [main] INFO  impl.RaftServerProxy (RaftServerProxy.java:lambda$close$4(314)) - 6159a4a7-02ae-4457-ad8e-d99f5584798f: close
2019-11-14 03:47:42,786 [ForkJoinPool.commonPool-worker-1] INFO  util.JmxRegister (JmxRegister.java:unregister(73)) - Successfully un-registered JMX Bean with object name Ratis:service=RaftServer,group=group-B387C3F5DF5F,id=78429c2b-19b5-43a0-84bb-c976fd750a70
2019-11-14 03:47:42,786 [main] INFO  impl.RaftServerImpl (RaftServerImpl.java:lambda$shutdown$3(250)) - 6159a4a7-02ae-4457-ad8e-d99f5584798f@group-8056E98A2630: shutdown
2019-11-14 03:47:42,787 [ForkJoinPool.commonPool-worker-1] INFO  impl.RoleInfo (RoleInfo.java:shutdownLeaderState(104)) - 78429c2b-19b5-43a0-84bb-c976fd750a70: shutdown LeaderState
2019-11-14 03:47:42,787 [main] INFO  util.JmxRegister (JmxRegister.java:unregister(73)) - Successfully un-registered JMX Bean with object name Ratis:service=RaftServer,group=group-8056E98A2630,id=6159a4a7-02ae-4457-ad8e-d99f5584798f
2019-11-14 03:47:42,787 [ForkJoinPool.commonPool-worker-1] INFO  impl.PendingRequests (PendingRequests.java:sendNotLeaderResponses(206)) - 78429c2b-19b5-43a0-84bb-c976fd750a70@group-B387C3F5DF5F-PendingRequests: sendNotLeaderResponses
2019-11-14 03:47:42,787 [main] INFO  impl.RoleInfo (RoleInfo.java:shutdownLeaderState(104)) - 6159a4a7-02ae-4457-ad8e-d99f5584798f: shutdown LeaderState
2019-11-14 03:47:42,788 [ForkJoinPool.commonPool-worker-1] INFO  impl.StateMachineUpdater (StateMachineUpdater.java:stopAndJoin(136)) - 78429c2b-19b5-43a0-84bb-c976fd750a70@group-B387C3F5DF5F-StateMachineUpdater: set stopIndex = 0
2019-11-14 03:47:42,788 [main] INFO  impl.PendingRequests (PendingRequests.java:sendNotLeaderResponses(206)) - 6159a4a7-02ae-4457-ad8e-d99f5584798f@group-8056E98A2630-PendingRequests: sendNotLeaderResponses
2019-11-14 03:47:42,788 [ForkJoinPool.commonPool-worker-1] INFO  impl.RaftServerImpl (ServerState.java:close(387)) - 78429c2b-19b5-43a0-84bb-c976fd750a70@group-B387C3F5DF5F: closes. applyIndex: 0
2019-11-14 03:47:42,789 [main] INFO  impl.StateMachineUpdater (StateMachineUpdater.java:stopAndJoin(136)) - 6159a4a7-02ae-4457-ad8e-d99f5584798f@group-8056E98A2630-StateMachineUpdater: set stopIndex = 0
2019-11-14 03:47:42,789 [78429c2b-19b5-43a0-84bb-c976fd750a70@group-B387C3F5DF5F-SegmentedRaftLogWorker] INFO  segmented.SegmentedRaftLogWorker (SegmentedRaftLogWorker.java:run(316)) - 78429c2b-19b5-43a0-84bb-c976fd750a70@group-B387C3F5DF5F-SegmentedRaftLogWorker was interrupted, exiting. There are 0 tasks remaining in the queue.
2019-11-14 03:47:42,789 [main] INFO  impl.RaftServerImpl (ServerState.java:close(387)) - 6159a4a7-02ae-4457-ad8e-d99f5584798f@group-8056E98A2630: closes. applyIndex: 0
2019-11-14 03:47:42,790 [6159a4a7-02ae-4457-ad8e-d99f5584798f@group-8056E98A2630-SegmentedRaftLogWorker] INFO  segmented.SegmentedRaftLogWorker (SegmentedRaftLogWorker.java:run(316)) - 6159a4a7-02ae-4457-ad8e-d99f5584798f@group-8056E98A2630-SegmentedRaftLogWorker was interrupted, exiting. There are 0 tasks remaining in the queue.
2019-11-14 03:47:42,797 [ForkJoinPool.commonPool-worker-1] INFO  segmented.SegmentedRaftLogWorker (SegmentedRaftLogWorker.java:close(224)) - 78429c2b-19b5-43a0-84bb-c976fd750a70@group-B387C3F5DF5F-SegmentedRaftLogWorker close()
2019-11-14 03:47:42,797 [main] INFO  segmented.SegmentedRaftLogWorker (SegmentedRaftLogWorker.java:close(224)) - 6159a4a7-02ae-4457-ad8e-d99f5584798f@group-8056E98A2630-SegmentedRaftLogWorker close()
2019-11-14 03:47:42,798 [ForkJoinPool.commonPool-worker-1] INFO  impl.RaftServerImpl (RaftServerImpl.java:lambda$shutdown$3(250)) - 78429c2b-19b5-43a0-84bb-c976fd750a70@group-4A0DDCD43B4A: shutdown
2019-11-14 03:47:42,798 [main] INFO  impl.RaftServerImpl (RaftServerImpl.java:lambda$shutdown$3(250)) - 6159a4a7-02ae-4457-ad8e-d99f5584798f@group-8B77DDD58102: shutdown
2019-11-14 03:47:42,798 [ForkJoinPool.commonPool-worker-1] INFO  util.JmxRegister (JmxRegister.java:unregister(73)) - Successfully un-registered JMX Bean with object name Ratis:service=RaftServer,group=group-4A0DDCD43B4A,id=78429c2b-19b5-43a0-84bb-c976fd750a70
2019-11-14 03:47:42,799 [main] INFO  util.JmxRegister (JmxRegister.java:unregister(73)) - Successfully un-registered JMX Bean with object name Ratis:service=RaftServer,group=group-8B77DDD58102,id=6159a4a7-02ae-4457-ad8e-d99f5584798f
2019-11-14 03:47:42,799 [ForkJoinPool.commonPool-worker-1] INFO  impl.RoleInfo (RoleInfo.java:shutdownLeaderState(104)) - 78429c2b-19b5-43a0-84bb-c976fd750a70: shutdown LeaderState
2019-11-14 03:47:42,799 [main] INFO  impl.RoleInfo (RoleInfo.java:shutdownLeaderState(104)) - 6159a4a7-02ae-4457-ad8e-d99f5584798f: shutdown LeaderState
2019-11-14 03:47:42,802 [org.apache.ratis.server.impl.LogAppender$AppenderDaemon$$Lambda$473/2105465244@4d7c3236] WARN  server.GrpcLogAppender (GrpcLogAppender.java:mayWait(151)) - 78429c2b-19b5-43a0-84bb-c976fd750a70@group-4A0DDCD43B4A->d4b369d8-a85d-4b99-b953-37bddccdea6c-GrpcLogAppender: Wait interrupted by java.lang.InterruptedException
2019-11-14 03:47:42,808 [org.apache.ratis.server.impl.LogAppender$AppenderDaemon$$Lambda$473/2105465244@755462d6] WARN  server.GrpcLogAppender (GrpcLogAppender.java:mayWait(151)) - 6159a4a7-02ae-4457-ad8e-d99f5584798f@group-8B77DDD58102->3a789c1e-652a-4343-9c47-49015e6a7e8b-GrpcLogAppender: Wait interrupted by java.lang.InterruptedException
2019-11-14 03:47:42,801 [ForkJoinPool.commonPool-worker-1] INFO  impl.PendingRequests (PendingRequests.java:sendNotLeaderResponses(206)) - 78429c2b-19b5-43a0-84bb-c976fd750a70@group-4A0DDCD43B4A-PendingRequests: sendNotLeaderResponses
2019-11-14 03:47:42,801 [org.apache.ratis.server.impl.LogAppender$AppenderDaemon$$Lambda$473/2105465244@87ead5d] WARN  server.GrpcLogAppender (GrpcLogAppender.java:mayWait(151)) - 78429c2b-19b5-43a0-84bb-c976fd750a70@group-4A0DDCD43B4A->6c36bdee-0f85-4acd-86c8-ce53960cf4ab-GrpcLogAppender: Wait interrupted by java.lang.InterruptedException
2019-11-14 03:47:42,808 [ForkJoinPool.commonPool-worker-1] INFO  impl.StateMachineUpdater (StateMachineUpdater.java:stopAndJoin(136)) - 78429c2b-19b5-43a0-84bb-c976fd750a70@group-4A0DDCD43B4A-StateMachineUpdater: set stopIndex = 0
2019-11-14 03:47:42,808 [main] INFO  impl.PendingRequests (PendingRequests.java:sendNotLeaderResponses(206)) - 6159a4a7-02ae-4457-ad8e-d99f5584798f@group-8B77DDD58102-PendingRequests: sendNotLeaderResponses
2019-11-14 03:47:42,808 [org.apache.ratis.server.impl.LogAppender$AppenderDaemon$$Lambda$473/2105465244@3056fab8] WARN  server.GrpcLogAppender (GrpcLogAppender.java:mayWait(151)) - 6159a4a7-02ae-4457-ad8e-d99f5584798f@group-8B77DDD58102->7901d021-b70d-41b4-a3ee-3511e4cb511a-GrpcLogAppender: Wait interrupted by java.lang.InterruptedException
2019-11-14 03:47:42,809 [main] INFO  impl.StateMachineUpdater (StateMachineUpdater.java:stopAndJoin(136)) - 6159a4a7-02ae-4457-ad8e-d99f5584798f@group-8B77DDD58102-StateMachineUpdater: set stopIndex = 0
2019-11-14 03:47:42,809 [ForkJoinPool.commonPool-worker-1] INFO  impl.RaftServerImpl (ServerState.java:close(387)) - 78429c2b-19b5-43a0-84bb-c976fd750a70@group-4A0DDCD43B4A: closes. applyIndex: 0
2019-11-14 03:47:42,809 [main] INFO  impl.RaftServerImpl (ServerState.java:close(387)) - 6159a4a7-02ae-4457-ad8e-d99f5584798f@group-8B77DDD58102: closes. applyIndex: 0
2019-11-14 03:47:42,810 [78429c2b-19b5-43a0-84bb-c976fd750a70@group-4A0DDCD43B4A-SegmentedRaftLogWorker] INFO  segmented.SegmentedRaftLogWorker (SegmentedRaftLogWorker.java:run(316)) - 78429c2b-19b5-43a0-84bb-c976fd750a70@group-4A0DDCD43B4A-SegmentedRaftLogWorker was interrupted, exiting. There are 0 tasks remaining in the queue.
2019-11-14 03:47:42,810 [6159a4a7-02ae-4457-ad8e-d99f5584798f@group-8B77DDD58102-SegmentedRaftLogWorker] INFO  segmented.SegmentedRaftLogWorker (SegmentedRaftLogWorker.java:run(316)) - 6159a4a7-02ae-4457-ad8e-d99f5584798f@group-8B77DDD58102-SegmentedRaftLogWorker was interrupted, exiting. There are 0 tasks remaining in the queue.
2019-11-14 03:47:42,810 [ForkJoinPool.commonPool-worker-1] INFO  segmented.SegmentedRaftLogWorker (SegmentedRaftLogWorker.java:close(224)) - 78429c2b-19b5-43a0-84bb-c976fd750a70@group-4A0DDCD43B4A-SegmentedRaftLogWorker close()
2019-11-14 03:47:42,810 [main] INFO  segmented.SegmentedRaftLogWorker (SegmentedRaftLogWorker.java:close(224)) - 6159a4a7-02ae-4457-ad8e-d99f5584798f@group-8B77DDD58102-SegmentedRaftLogWorker close()
2019-11-14 03:47:42,810 [ForkJoinPool.commonPool-worker-1] INFO  server.GrpcService (GrpcService.java:closeImpl(164)) - 78429c2b-19b5-43a0-84bb-c976fd750a70: shutdown server with port 33494 now
2019-11-14 03:47:42,811 [main] INFO  server.GrpcService (GrpcService.java:closeImpl(164)) - 6159a4a7-02ae-4457-ad8e-d99f5584798f: shutdown server with port 36722 now
2019-11-14 03:47:42,811 [ForkJoinPool.commonPool-worker-1] INFO  server.GrpcService (GrpcService.java:closeImpl(172)) - 78429c2b-19b5-43a0-84bb-c976fd750a70: shutdown server with port 33494 successfully
2019-11-14 03:47:42,811 [main] INFO  server.GrpcService (GrpcService.java:closeImpl(172)) - 6159a4a7-02ae-4457-ad8e-d99f5584798f: shutdown server with port 36722 successfully
2019-11-14 03:47:42,814 [refreshUsed-/workdir/hadoop-ozone/integration-test/target/test-dir/MiniOzoneClusterImpl-db6fd866-6788-41aa-8e01-4626558b27a7/datanode-1/data/containers] WARN  fs.CachingGetSpaceUsed (CachingGetSpaceUsed.java:run(183)) - Thread Interrupted waiting to refresh disk information: sleep interrupted
2019-11-14 03:47:42,821 [refreshUsed-/workdir/hadoop-ozone/integration-test/target/test-dir/MiniOzoneClusterImpl-db6fd866-6788-41aa-8e01-4626558b27a7/datanode-7/data/containers] WARN  fs.CachingGetSpaceUsed (CachingGetSpaceUsed.java:run(183)) - Thread Interrupted waiting to refresh disk information: sleep interrupted
2019-11-14 03:47:42,837 [ForkJoinPool.commonPool-worker-1] INFO  utils.BackgroundService (BackgroundService.java:shutdown(151)) - Shutting down service BlockDeletingService
2019-11-14 03:47:42,838 [main] INFO  utils.BackgroundService (BackgroundService.java:shutdown(151)) - Shutting down service BlockDeletingService
2019-11-14 03:47:42,839 [ForkJoinPool.commonPool-worker-1] INFO  statemachine.DatanodeStateMachine (DatanodeStateMachine.java:stopDaemon(395)) - Ozone container server stopped.
2019-11-14 03:47:42,845 [main] INFO  statemachine.DatanodeStateMachine (DatanodeStateMachine.java:stopDaemon(395)) - Ozone container server stopped.
2019-11-14 03:47:42,847 [ForkJoinPool.commonPool-worker-1] INFO  handler.ContextHandler (ContextHandler.java:doStop(910)) - Stopped o.e.j.w.WebAppContext@7efa3f63{/,null,UNAVAILABLE}{/hddsDatanode}
2019-11-14 03:47:42,847 [main] INFO  handler.ContextHandler (ContextHandler.java:doStop(910)) - Stopped o.e.j.w.WebAppContext@5d5a51b1{/,null,UNAVAILABLE}{/hddsDatanode}
2019-11-14 03:47:42,847 [ForkJoinPool.commonPool-worker-1] INFO  server.AbstractConnector (AbstractConnector.java:doStop(318)) - Stopped ServerConnector@7134b8a7{HTTP/1.1,[http/1.1]}{0.0.0.0:0}
2019-11-14 03:47:42,848 [main] INFO  server.AbstractConnector (AbstractConnector.java:doStop(318)) - Stopped ServerConnector@4dc7cd1c{HTTP/1.1,[http/1.1]}{0.0.0.0:0}
2019-11-14 03:47:42,848 [ForkJoinPool.commonPool-worker-1] INFO  handler.ContextHandler (ContextHandler.java:doStop(910)) - Stopped o.e.j.s.ServletContextHandler@383caf89{/static,jar:file:/home/user/.m2/repository/org/apache/hadoop/hadoop-hdds-container-service/0.5.0-SNAPSHOT/hadoop-hdds-container-service-0.5.0-SNAPSHOT.jar!/webapps/static,UNAVAILABLE}
2019-11-14 03:47:42,848 [main] INFO  handler.ContextHandler (ContextHandler.java:doStop(910)) - Stopped o.e.j.s.ServletContextHandler@516592b1{/static,jar:file:/home/user/.m2/repository/org/apache/hadoop/hadoop-hdds-container-service/0.5.0-SNAPSHOT/hadoop-hdds-container-service-0.5.0-SNAPSHOT.jar!/webapps/static,UNAVAILABLE}
2019-11-14 03:47:42,848 [ForkJoinPool.commonPool-worker-1] INFO  handler.ContextHandler (ContextHandler.java:doStop(910)) - Stopped o.e.j.s.ServletContextHandler@5c9934da{/logs,file:///workdir/hadoop-ozone/integration-test/target/log,UNAVAILABLE}
2019-11-14 03:47:42,848 [main] INFO  handler.ContextHandler (ContextHandler.java:doStop(910)) - Stopped o.e.j.s.ServletContextHandler@1ec22831{/logs,file:///workdir/hadoop-ozone/integration-test/target/log,UNAVAILABLE}
2019-11-14 03:47:42,850 [main] INFO  ozone.MiniOzoneClusterImpl (MiniOzoneClusterImpl.java:stopSCM(430)) - Stopping the StorageContainerManager
2019-11-14 03:47:42,850 [main] INFO  server.StorageContainerManager (StorageContainerManager.java:stop(804)) - Stopping Replication Manager Service.
2019-11-14 03:47:42,850 [main] INFO  container.ReplicationManager (ReplicationManager.java:stop(203)) - Stopping Replication Monitor Thread.
2019-11-14 03:47:42,851 [main] INFO  server.StorageContainerManager (StorageContainerManager.java:stop(811)) - Stopping Lease Manager of the command watchers
2019-11-14 03:47:42,851 [main] INFO  server.StorageContainerManager (StorageContainerManager.java:stop(818)) - Stopping datanode service RPC server
2019-11-14 03:47:42,851 [main] INFO  server.SCMDatanodeProtocolServer (SCMDatanodeProtocolServer.java:stop(346)) - Stopping the RPC server for DataNodes
2019-11-14 03:47:42,851 [main] INFO  ipc.Server (Server.java:stop(3082)) - Stopping server on 36627
2019-11-14 03:47:42,852 [IPC Server listener on 36627] INFO  ipc.Server (Server.java:run(1185)) - Stopping IPC Server listener on 36627
2019-11-14 03:47:42,853 [IPC Server Responder] INFO  ipc.Server (Server.java:run(1319)) - Stopping IPC Server Responder
2019-11-14 03:47:42,945 [SCM Heartbeat Processing Thread - 0] WARN  node.NodeStateManager (NodeStateManager.java:scheduleNextHealthCheck(646)) - Current Thread is interrupted, shutting down HB processing thread for Node Manager.
2019-11-14 03:47:42,946 [main] INFO  server.StorageContainerManager (StorageContainerManager.java:stop(826)) - Stopping block service RPC server
2019-11-14 03:47:42,946 [main] INFO  server.SCMBlockProtocolServer (SCMBlockProtocolServer.java:stop(155)) - Stopping the RPC server for Block Protocol
2019-11-14 03:47:42,946 [main] INFO  ipc.Server (Server.java:stop(3082)) - Stopping server on 43287
2019-11-14 03:47:42,948 [main] INFO  server.StorageContainerManager (StorageContainerManager.java:stop(833)) - Stopping the StorageContainerLocationProtocol RPC server
2019-11-14 03:47:42,948 [IPC Server listener on 43287] INFO  ipc.Server (Server.java:run(1185)) - Stopping IPC Server listener on 43287
2019-11-14 03:47:42,948 [IPC Server Responder] INFO  ipc.Server (Server.java:run(1319)) - Stopping IPC Server Responder
2019-11-14 03:47:42,949 [main] INFO  server.SCMClientProtocolServer (SCMClientProtocolServer.java:stop(169)) - Stopping the RPC server for Client Protocol
2019-11-14 03:47:42,950 [main] INFO  ipc.Server (Server.java:stop(3082)) - Stopping server on 42224
2019-11-14 03:47:42,951 [IPC Server listener on 42224] INFO  ipc.Server (Server.java:run(1185)) - Stopping IPC Server listener on 42224
2019-11-14 03:47:42,951 [main] INFO  server.StorageContainerManager (StorageContainerManager.java:stop(840)) - Stopping Storage Container Manager HTTP server.
2019-11-14 03:47:42,952 [IPC Server Responder] INFO  ipc.Server (Server.java:run(1319)) - Stopping IPC Server Responder
2019-11-14 03:47:42,954 [main] INFO  handler.ContextHandler (ContextHandler.java:doStop(910)) - Stopped o.e.j.w.WebAppContext@3178219a{/,null,UNAVAILABLE}{/scm}
2019-11-14 03:47:42,954 [main] INFO  server.AbstractConnector (AbstractConnector.java:doStop(318)) - Stopped ServerConnector@2d85fb64{HTTP/1.1,[http/1.1]}{0.0.0.0:0}
2019-11-14 03:47:42,955 [main] INFO  handler.ContextHandler (ContextHandler.java:doStop(910)) - Stopped o.e.j.s.ServletContextHandler@40fa8766{/static,file:///workdir/hadoop-ozone/integration-test/target/test-classes/webapps/static,UNAVAILABLE}
2019-11-14 03:47:42,955 [main] INFO  handler.ContextHandler (ContextHandler.java:doStop(910)) - Stopped o.e.j.s.ServletContextHandler@69cd1085{/logs,file:///workdir/hadoop-ozone/integration-test/target/log,UNAVAILABLE}
2019-11-14 03:47:42,956 [main] INFO  server.StorageContainerManager (StorageContainerManager.java:stop(851)) - Stopping Block Manager Service.
2019-11-14 03:47:42,957 [main] INFO  utils.BackgroundService (BackgroundService.java:shutdown(151)) - Shutting down service SCMBlockDeletingService
2019-11-14 03:47:42,957 [main] INFO  utils.BackgroundService (BackgroundService.java:shutdown(151)) - Shutting down service SCMBlockDeletingService
2019-11-14 03:47:42,957 [main] INFO  server.StorageContainerManager (StorageContainerManager.java:stop(873)) - Stopping SCM Event Queue.
2019-11-14 03:47:42,964 [main] INFO  impl.MetricsSystemImpl (MetricsSystemImpl.java:stop(210)) - Stopping HddsDatanode metrics system...
2019-11-14 03:47:42,977 [main] INFO  impl.MetricsSystemImpl (MetricsSystemImpl.java:stop(216)) - HddsDatanode metrics system stopped.
]]></system-out>
    <system-err><![CDATA[Nov 14, 2019 3:47:22 AM org.apache.ratis.thirdparty.io.grpc.internal.SerializingExecutor run
SEVERE: Exception while executing runnable org.apache.ratis.thirdparty.io.grpc.internal.ServerImpl$JumpToApplicationThreadServerStreamListener$1Closed@19f87a00
org.apache.ratis.thirdparty.io.grpc.StatusRuntimeException: CANCELLED: call already cancelled
	at org.apache.ratis.thirdparty.io.grpc.Status.asRuntimeException(Status.java:517)
	at org.apache.ratis.thirdparty.io.grpc.stub.ServerCalls$ServerCallStreamObserverImpl.onCompleted(ServerCalls.java:356)
	at org.apache.ratis.grpc.server.GrpcServerProtocolService$ServerRequestStreamObserver.onError(GrpcServerProtocolService.java:121)
	at org.apache.ratis.thirdparty.io.grpc.stub.ServerCalls$StreamingServerCallHandler$StreamingServerCallListener.onCancel(ServerCalls.java:269)
	at org.apache.ratis.thirdparty.io.grpc.internal.ServerCallImpl$ServerStreamListenerImpl.closed(ServerCallImpl.java:293)
	at org.apache.ratis.thirdparty.io.grpc.internal.ServerImpl$JumpToApplicationThreadServerStreamListener$1Closed.runInContext(ServerImpl.java:741)
	at org.apache.ratis.thirdparty.io.grpc.internal.ContextRunnable.run(ContextRunnable.java:37)
	at org.apache.ratis.thirdparty.io.grpc.internal.SerializingExecutor.run(SerializingExecutor.java:123)
	at java.util.concurrent.ThreadPoolExecutor.runWorker(ThreadPoolExecutor.java:1149)
	at java.util.concurrent.ThreadPoolExecutor$Worker.run(ThreadPoolExecutor.java:624)
	at java.lang.Thread.run(Thread.java:748)

Nov 14, 2019 3:47:22 AM org.apache.ratis.thirdparty.io.grpc.internal.SerializingExecutor run
SEVERE: Exception while executing runnable org.apache.ratis.thirdparty.io.grpc.internal.ServerImpl$JumpToApplicationThreadServerStreamListener$1Closed@628a352
org.apache.ratis.thirdparty.io.grpc.StatusRuntimeException: CANCELLED: call already cancelled
	at org.apache.ratis.thirdparty.io.grpc.Status.asRuntimeException(Status.java:517)
	at org.apache.ratis.thirdparty.io.grpc.stub.ServerCalls$ServerCallStreamObserverImpl.onCompleted(ServerCalls.java:356)
	at org.apache.ratis.grpc.server.GrpcServerProtocolService$ServerRequestStreamObserver.onError(GrpcServerProtocolService.java:121)
	at org.apache.ratis.thirdparty.io.grpc.stub.ServerCalls$StreamingServerCallHandler$StreamingServerCallListener.onCancel(ServerCalls.java:269)
	at org.apache.ratis.thirdparty.io.grpc.internal.ServerCallImpl$ServerStreamListenerImpl.closed(ServerCallImpl.java:293)
	at org.apache.ratis.thirdparty.io.grpc.internal.ServerImpl$JumpToApplicationThreadServerStreamListener$1Closed.runInContext(ServerImpl.java:741)
	at org.apache.ratis.thirdparty.io.grpc.internal.ContextRunnable.run(ContextRunnable.java:37)
	at org.apache.ratis.thirdparty.io.grpc.internal.SerializingExecutor.run(SerializingExecutor.java:123)
	at java.util.concurrent.ThreadPoolExecutor.runWorker(ThreadPoolExecutor.java:1149)
	at java.util.concurrent.ThreadPoolExecutor$Worker.run(ThreadPoolExecutor.java:624)
	at java.lang.Thread.run(Thread.java:748)

Nov 14, 2019 3:47:37 AM org.apache.ratis.thirdparty.io.grpc.internal.SerializingExecutor run
SEVERE: Exception while executing runnable org.apache.ratis.thirdparty.io.grpc.internal.ServerImpl$JumpToApplicationThreadServerStreamListener$1Closed@21318164
org.apache.ratis.thirdparty.io.grpc.StatusRuntimeException: CANCELLED: call already cancelled
	at org.apache.ratis.thirdparty.io.grpc.Status.asRuntimeException(Status.java:517)
	at org.apache.ratis.thirdparty.io.grpc.stub.ServerCalls$ServerCallStreamObserverImpl.onCompleted(ServerCalls.java:356)
	at org.apache.ratis.grpc.server.GrpcServerProtocolService$ServerRequestStreamObserver.onError(GrpcServerProtocolService.java:121)
	at org.apache.ratis.thirdparty.io.grpc.stub.ServerCalls$StreamingServerCallHandler$StreamingServerCallListener.onCancel(ServerCalls.java:269)
	at org.apache.ratis.thirdparty.io.grpc.internal.ServerCallImpl$ServerStreamListenerImpl.closed(ServerCallImpl.java:293)
	at org.apache.ratis.thirdparty.io.grpc.internal.ServerImpl$JumpToApplicationThreadServerStreamListener$1Closed.runInContext(ServerImpl.java:741)
	at org.apache.ratis.thirdparty.io.grpc.internal.ContextRunnable.run(ContextRunnable.java:37)
	at org.apache.ratis.thirdparty.io.grpc.internal.SerializingExecutor.run(SerializingExecutor.java:123)
	at java.util.concurrent.ThreadPoolExecutor.runWorker(ThreadPoolExecutor.java:1149)
	at java.util.concurrent.ThreadPoolExecutor$Worker.run(ThreadPoolExecutor.java:624)
	at java.lang.Thread.run(Thread.java:748)

Nov 14, 2019 3:47:37 AM org.apache.ratis.thirdparty.io.grpc.internal.SerializingExecutor run
SEVERE: Exception while executing runnable org.apache.ratis.thirdparty.io.grpc.internal.ServerImpl$JumpToApplicationThreadServerStreamListener$1Closed@40c48dba
org.apache.ratis.thirdparty.io.grpc.StatusRuntimeException: CANCELLED: call already cancelled
	at org.apache.ratis.thirdparty.io.grpc.Status.asRuntimeException(Status.java:517)
	at org.apache.ratis.thirdparty.io.grpc.stub.ServerCalls$ServerCallStreamObserverImpl.onCompleted(ServerCalls.java:356)
	at org.apache.ratis.grpc.server.GrpcServerProtocolService$ServerRequestStreamObserver.onError(GrpcServerProtocolService.java:121)
	at org.apache.ratis.thirdparty.io.grpc.stub.ServerCalls$StreamingServerCallHandler$StreamingServerCallListener.onCancel(ServerCalls.java:269)
	at org.apache.ratis.thirdparty.io.grpc.internal.ServerCallImpl$ServerStreamListenerImpl.closed(ServerCallImpl.java:293)
	at org.apache.ratis.thirdparty.io.grpc.internal.ServerImpl$JumpToApplicationThreadServerStreamListener$1Closed.runInContext(ServerImpl.java:741)
	at org.apache.ratis.thirdparty.io.grpc.internal.ContextRunnable.run(ContextRunnable.java:37)
	at org.apache.ratis.thirdparty.io.grpc.internal.SerializingExecutor.run(SerializingExecutor.java:123)
	at java.util.concurrent.ThreadPoolExecutor.runWorker(ThreadPoolExecutor.java:1149)
	at java.util.concurrent.ThreadPoolExecutor$Worker.run(ThreadPoolExecutor.java:624)
	at java.lang.Thread.run(Thread.java:748)

]]></system-err>
  </testcase>
  <testcase name="testWriteSmallFile" classname="org.apache.hadoop.ozone.client.rpc.TestFailureHandlingByClient" time="47.077"/>
  <testcase name="testBlockWritesWithDnFailures" classname="org.apache.hadoop.ozone.client.rpc.TestFailureHandlingByClient" time="45.639"/>
  <testcase name="testDatanodeExclusionWithMajorityCommit" classname="org.apache.hadoop.ozone.client.rpc.TestFailureHandlingByClient" time="58.244"/>
</testsuite>