<?xml version="1.0" encoding="UTF-8"?>
<testsuite xmlns:xsi="http://www.w3.org/2001/XMLSchema-instance" xsi:noNamespaceSchemaLocation="https://maven.apache.org/surefire/maven-surefire-plugin/xsd/surefire-test-report.xsd" name="org.apache.hadoop.ozone.freon.TestFreonWithPipelineDestroy" time="46.996" tests="1" errors="1" skipped="0" failures="0">
  <properties>
    <property name="awt.toolkit" value="sun.awt.X11.XToolkit"/>
    <property name="file.encoding.pkg" value="sun.io"/>
    <property name="java.specification.version" value="1.8"/>
    <property name="sun.cpu.isalist" value=""/>
    <property name="sun.jnu.encoding" value="ANSI_X3.4-1968"/>
    <property name="java.class.path" value="/workdir/hadoop-ozone/tools/target/test-classes:/workdir/hadoop-ozone/tools/target/classes:/home/user/.m2/repository/org/apache/hadoop/hadoop-ozone-ozone-manager/0.5.0-SNAPSHOT/hadoop-ozone-ozone-manager-0.5.0-SNAPSHOT.jar:/home/user/.m2/repository/org/apache/hadoop/hadoop-hdds-docs/0.5.0-SNAPSHOT/hadoop-hdds-docs-0.5.0-SNAPSHOT.jar:/home/user/.m2/repository/org/bouncycastle/bcprov-jdk15on/1.60/bcprov-jdk15on-1.60.jar:/home/user/.m2/repository/org/apache/hadoop/hadoop-ozone-common/0.5.0-SNAPSHOT/hadoop-ozone-common-0.5.0-SNAPSHOT.jar:/home/user/.m2/repository/org/apache/commons/commons-compress/1.4.1/commons-compress-1.4.1.jar:/home/user/.m2/repository/org/tukaani/xz/1.0/xz-1.0.jar:/home/user/.m2/repository/org/apache/hadoop/hadoop-hdfs-client/3.2.0/hadoop-hdfs-client-3.2.0.jar:/home/user/.m2/repository/com/fasterxml/jackson/core/jackson-annotations/2.9.9/jackson-annotations-2.9.9.jar:/home/user/.m2/repository/org/apache/hadoop/hadoop-hdds-common/0.5.0-SNAPSHOT/hadoop-hdds-common-0.5.0-SNAPSHOT.jar:/home/user/.m2/repository/org/apache/hadoop/hadoop-hdds-config/0.5.0-SNAPSHOT/hadoop-hdds-config-0.5.0-SNAPSHOT.jar:/home/user/.m2/repository/javax/annotation/javax.annotation-api/1.2/javax.annotation-api-1.2.jar:/home/user/.m2/repository/org/apache/ratis/ratis-server/0.5.0-d6d58d0-SNAPSHOT/ratis-server-0.5.0-d6d58d0-SNAPSHOT.jar:/home/user/.m2/repository/org/apache/ratis/ratis-thirdparty-misc/0.2.0/ratis-thirdparty-misc-0.2.0.jar:/home/user/.m2/repository/org/apache/ratis/ratis-proto/0.5.0-d6d58d0-SNAPSHOT/ratis-proto-0.5.0-d6d58d0-SNAPSHOT.jar:/home/user/.m2/repository/org/apache/ratis/ratis-common/0.5.0-d6d58d0-SNAPSHOT/ratis-common-0.5.0-d6d58d0-SNAPSHOT.jar:/home/user/.m2/repository/org/apache/ratis/ratis-client/0.5.0-d6d58d0-SNAPSHOT/ratis-client-0.5.0-d6d58d0-SNAPSHOT.jar:/home/user/.m2/repository/org/apache/ratis/ratis-metrics/0.5.0-d6d58d0-SNAPSHOT/ratis-metrics-0.5.0-d6d58d0-SNAPSHOT.jar:/home/user/.m2/repository/org/apache/ratis/ratis-netty/0.5.0-d6d58d0-SNAPSHOT/ratis-netty-0.5.0-d6d58d0-SNAPSHOT.jar:/home/user/.m2/repository/org/apache/ratis/ratis-grpc/0.5.0-d6d58d0-SNAPSHOT/ratis-grpc-0.5.0-d6d58d0-SNAPSHOT.jar:/home/user/.m2/repository/org/rocksdb/rocksdbjni/6.0.1/rocksdbjni-6.0.1.jar:/home/user/.m2/repository/org/apache/logging/log4j/log4j-api/2.11.0/log4j-api-2.11.0.jar:/home/user/.m2/repository/org/apache/logging/log4j/log4j-core/2.11.0/log4j-core-2.11.0.jar:/home/user/.m2/repository/com/lmax/disruptor/3.4.2/disruptor-3.4.2.jar:/home/user/.m2/repository/org/apache/commons/commons-pool2/2.6.0/commons-pool2-2.6.0.jar:/home/user/.m2/repository/org/bouncycastle/bcpkix-jdk15on/1.60/bcpkix-jdk15on-1.60.jar:/home/user/.m2/repository/commons-validator/commons-validator/1.6/commons-validator-1.6.jar:/home/user/.m2/repository/commons-digester/commons-digester/1.8.1/commons-digester-1.8.1.jar:/home/user/.m2/repository/io/jaegertracing/jaeger-client/0.34.0/jaeger-client-0.34.0.jar:/home/user/.m2/repository/io/jaegertracing/jaeger-thrift/0.34.0/jaeger-thrift-0.34.0.jar:/home/user/.m2/repository/org/apache/thrift/libthrift/0.12.0/libthrift-0.12.0.jar:/home/user/.m2/repository/com/squareup/okhttp3/okhttp/3.9.0/okhttp-3.9.0.jar:/home/user/.m2/repository/com/squareup/okio/okio/1.13.0/okio-1.13.0.jar:/home/user/.m2/repository/io/jaegertracing/jaeger-core/0.34.0/jaeger-core-0.34.0.jar:/home/user/.m2/repository/io/jaegertracing/jaeger-tracerresolver/0.34.0/jaeger-tracerresolver-0.34.0.jar:/home/user/.m2/repository/io/opentracing/contrib/opentracing-tracerresolver/0.1.5/opentracing-tracerresolver-0.1.5.jar:/home/user/.m2/repository/io/opentracing/opentracing-util/0.31.0/opentracing-util-0.31.0.jar:/home/user/.m2/repository/io/opentracing/opentracing-api/0.31.0/opentracing-api-0.31.0.jar:/home/user/.m2/repository/io/opentracing/opentracing-noop/0.31.0/opentracing-noop-0.31.0.jar:/home/user/.m2/repository/org/yaml/snakeyaml/1.16/snakeyaml-1.16.jar:/home/user/.m2/repository/org/apache/hadoop/hadoop-hdds-container-service/0.5.0-SNAPSHOT/hadoop-hdds-container-service-0.5.0-SNAPSHOT.jar:/home/user/.m2/repository/org/apache/hadoop/hadoop-hdds-client/0.5.0-SNAPSHOT/hadoop-hdds-client-0.5.0-SNAPSHOT.jar:/home/user/.m2/repository/org/apache/hadoop/hadoop-hdds-tools/0.5.0-SNAPSHOT/hadoop-hdds-tools-0.5.0-SNAPSHOT.jar:/home/user/.m2/repository/org/xerial/sqlite-jdbc/3.25.2/sqlite-jdbc-3.25.2.jar:/home/user/.m2/repository/org/apache/hadoop/hadoop-hdds-server-scm/0.5.0-SNAPSHOT/hadoop-hdds-server-scm-0.5.0-SNAPSHOT.jar:/home/user/.m2/repository/org/hamcrest/hamcrest-all/1.3/hamcrest-all-1.3.jar:/home/user/.m2/repository/info/picocli/picocli/3.9.6/picocli-3.9.6.jar:/home/user/.m2/repository/com/google/protobuf/protobuf-java/2.5.0/protobuf-java-2.5.0.jar:/home/user/.m2/repository/com/google/guava/guava/11.0.2/guava-11.0.2.jar:/home/user/.m2/repository/org/apache/hadoop/hadoop-ozone-client/0.5.0-SNAPSHOT/hadoop-ozone-client-0.5.0-SNAPSHOT.jar:/workdir/hadoop-ozone/ozonefs/target/classes:/home/user/.m2/repository/org/apache/httpcomponents/httpclient/4.5.2/httpclient-4.5.2.jar:/home/user/.m2/repository/org/apache/httpcomponents/httpcore/4.4.4/httpcore-4.4.4.jar:/home/user/.m2/repository/org/apache/hadoop/hadoop-hdds-server-framework/0.5.0-SNAPSHOT/hadoop-hdds-server-framework-0.5.0-SNAPSHOT.jar:/home/user/.m2/repository/org/apache/hadoop/hadoop-common/3.2.0/hadoop-common-3.2.0.jar:/home/user/.m2/repository/org/apache/hadoop/hadoop-annotations/3.2.0/hadoop-annotations-3.2.0.jar:/usr/lib/jvm/java-1.8.0-openjdk-1.8.0.222.b10-1.el7_7.x86_64/jre/../lib/tools.jar:/home/user/.m2/repository/commons-cli/commons-cli/1.2/commons-cli-1.2.jar:/home/user/.m2/repository/org/apache/commons/commons-math3/3.1.1/commons-math3-3.1.1.jar:/home/user/.m2/repository/commons-codec/commons-codec/1.11/commons-codec-1.11.jar:/home/user/.m2/repository/commons-io/commons-io/2.5/commons-io-2.5.jar:/home/user/.m2/repository/commons-net/commons-net/3.6/commons-net-3.6.jar:/home/user/.m2/repository/commons-collections/commons-collections/3.2.2/commons-collections-3.2.2.jar:/home/user/.m2/repository/javax/servlet/javax.servlet-api/3.1.0/javax.servlet-api-3.1.0.jar:/home/user/.m2/repository/org/eclipse/jetty/jetty-server/9.3.25.v20180904/jetty-server-9.3.25.v20180904.jar:/home/user/.m2/repository/org/eclipse/jetty/jetty-http/9.3.25.v20180904/jetty-http-9.3.25.v20180904.jar:/home/user/.m2/repository/org/eclipse/jetty/jetty-io/9.3.25.v20180904/jetty-io-9.3.25.v20180904.jar:/home/user/.m2/repository/org/eclipse/jetty/jetty-util/9.3.25.v20180904/jetty-util-9.3.25.v20180904.jar:/home/user/.m2/repository/org/eclipse/jetty/jetty-servlet/9.3.25.v20180904/jetty-servlet-9.3.25.v20180904.jar:/home/user/.m2/repository/org/eclipse/jetty/jetty-security/9.3.25.v20180904/jetty-security-9.3.25.v20180904.jar:/home/user/.m2/repository/org/eclipse/jetty/jetty-webapp/9.3.25.v20180904/jetty-webapp-9.3.25.v20180904.jar:/home/user/.m2/repository/org/eclipse/jetty/jetty-xml/9.3.25.v20180904/jetty-xml-9.3.25.v20180904.jar:/home/user/.m2/repository/javax/servlet/jsp/jsp-api/2.1/jsp-api-2.1.jar:/home/user/.m2/repository/com/sun/jersey/jersey-core/1.19/jersey-core-1.19.jar:/home/user/.m2/repository/javax/ws/rs/jsr311-api/1.1.1/jsr311-api-1.1.1.jar:/home/user/.m2/repository/com/sun/jersey/jersey-servlet/1.19/jersey-servlet-1.19.jar:/home/user/.m2/repository/com/sun/jersey/jersey-json/1.19/jersey-json-1.19.jar:/home/user/.m2/repository/org/codehaus/jettison/jettison/1.1/jettison-1.1.jar:/home/user/.m2/repository/com/sun/xml/bind/jaxb-impl/2.3.0.1/jaxb-impl-2.3.0.1.jar:/home/user/.m2/repository/org/codehaus/jackson/jackson-core-asl/1.9.13/jackson-core-asl-1.9.13.jar:/home/user/.m2/repository/org/codehaus/jackson/jackson-mapper-asl/1.9.13/jackson-mapper-asl-1.9.13.jar:/home/user/.m2/repository/org/codehaus/jackson/jackson-jaxrs/1.9.13/jackson-jaxrs-1.9.13.jar:/home/user/.m2/repository/org/codehaus/jackson/jackson-xc/1.9.13/jackson-xc-1.9.13.jar:/home/user/.m2/repository/com/sun/jersey/jersey-server/1.19/jersey-server-1.19.jar:/home/user/.m2/repository/commons-logging/commons-logging/1.1.3/commons-logging-1.1.3.jar:/home/user/.m2/repository/log4j/log4j/1.2.17/log4j-1.2.17.jar:/home/user/.m2/repository/commons-beanutils/commons-beanutils/1.9.4/commons-beanutils-1.9.4.jar:/home/user/.m2/repository/org/apache/commons/commons-configuration2/2.1.1/commons-configuration2-2.1.1.jar:/home/user/.m2/repository/org/apache/commons/commons-lang3/3.7/commons-lang3-3.7.jar:/home/user/.m2/repository/org/apache/commons/commons-text/1.4/commons-text-1.4.jar:/home/user/.m2/repository/org/slf4j/slf4j-api/1.7.25/slf4j-api-1.7.25.jar:/home/user/.m2/repository/org/slf4j/slf4j-log4j12/1.7.25/slf4j-log4j12-1.7.25.jar:/home/user/.m2/repository/org/apache/avro/avro/1.7.7/avro-1.7.7.jar:/home/user/.m2/repository/com/thoughtworks/paranamer/paranamer/2.3/paranamer-2.3.jar:/home/user/.m2/repository/org/xerial/snappy/snappy-java/1.0.5/snappy-java-1.0.5.jar:/home/user/.m2/repository/com/google/re2j/re2j/1.1/re2j-1.1.jar:/home/user/.m2/repository/com/google/code/gson/gson/2.2.4/gson-2.2.4.jar:/home/user/.m2/repository/org/apache/hadoop/hadoop-auth/3.2.0/hadoop-auth-3.2.0.jar:/home/user/.m2/repository/com/nimbusds/nimbus-jose-jwt/4.41.1/nimbus-jose-jwt-4.41.1.jar:/home/user/.m2/repository/com/github/stephenc/jcip/jcip-annotations/1.0-1/jcip-annotations-1.0-1.jar:/home/user/.m2/repository/net/minidev/json-smart/2.3/json-smart-2.3.jar:/home/user/.m2/repository/net/minidev/accessors-smart/1.2/accessors-smart-1.2.jar:/home/user/.m2/repository/org/apache/curator/curator-framework/2.12.0/curator-framework-2.12.0.jar:/home/user/.m2/repository/com/jcraft/jsch/0.1.54/jsch-0.1.54.jar:/home/user/.m2/repository/org/apache/curator/curator-client/2.12.0/curator-client-2.12.0.jar:/home/user/.m2/repository/org/apache/curator/curator-recipes/2.12.0/curator-recipes-2.12.0.jar:/home/user/.m2/repository/com/google/code/findbugs/jsr305/3.0.0/jsr305-3.0.0.jar:/home/user/.m2/repository/org/apache/htrace/htrace-core4/4.1.0-incubating/htrace-core4-4.1.0-incubating.jar:/home/user/.m2/repository/org/apache/zookeeper/zookeeper/3.4.13/zookeeper-3.4.13.jar:/home/user/.m2/repository/jline/jline/0.9.94/jline-0.9.94.jar:/home/user/.m2/repository/org/apache/yetus/audience-annotations/0.5.0/audience-annotations-0.5.0.jar:/home/user/.m2/repository/org/apache/kerby/kerb-simplekdc/1.0.1/kerb-simplekdc-1.0.1.jar:/home/user/.m2/repository/org/apache/kerby/kerb-client/1.0.1/kerb-client-1.0.1.jar:/home/user/.m2/repository/org/apache/kerby/kerby-config/1.0.1/kerby-config-1.0.1.jar:/home/user/.m2/repository/org/apache/kerby/kerb-core/1.0.1/kerb-core-1.0.1.jar:/home/user/.m2/repository/org/apache/kerby/kerby-pkix/1.0.1/kerby-pkix-1.0.1.jar:/home/user/.m2/repository/org/apache/kerby/kerby-asn1/1.0.1/kerby-asn1-1.0.1.jar:/home/user/.m2/repository/org/apache/kerby/kerby-util/1.0.1/kerby-util-1.0.1.jar:/home/user/.m2/repository/org/apache/kerby/kerb-common/1.0.1/kerb-common-1.0.1.jar:/home/user/.m2/repository/org/apache/kerby/kerb-crypto/1.0.1/kerb-crypto-1.0.1.jar:/home/user/.m2/repository/org/apache/kerby/kerb-util/1.0.1/kerb-util-1.0.1.jar:/home/user/.m2/repository/org/apache/kerby/token-provider/1.0.1/token-provider-1.0.1.jar:/home/user/.m2/repository/org/apache/kerby/kerb-admin/1.0.1/kerb-admin-1.0.1.jar:/home/user/.m2/repository/org/apache/kerby/kerb-server/1.0.1/kerb-server-1.0.1.jar:/home/user/.m2/repository/org/apache/kerby/kerb-identity/1.0.1/kerb-identity-1.0.1.jar:/home/user/.m2/repository/org/apache/kerby/kerby-xdr/1.0.1/kerby-xdr-1.0.1.jar:/home/user/.m2/repository/com/fasterxml/jackson/core/jackson-databind/2.9.9/jackson-databind-2.9.9.jar:/home/user/.m2/repository/com/fasterxml/jackson/core/jackson-core/2.9.9/jackson-core-2.9.9.jar:/home/user/.m2/repository/org/codehaus/woodstox/stax2-api/3.1.4/stax2-api-3.1.4.jar:/home/user/.m2/repository/com/fasterxml/woodstox/woodstox-core/5.0.3/woodstox-core-5.0.3.jar:/home/user/.m2/repository/dnsjava/dnsjava/2.1.7/dnsjava-2.1.7.jar:/home/user/.m2/repository/org/apache/hadoop/hadoop-hdfs/3.2.0/hadoop-hdfs-3.2.0.jar:/home/user/.m2/repository/org/eclipse/jetty/jetty-util-ajax/9.3.25.v20180904/jetty-util-ajax-9.3.25.v20180904.jar:/home/user/.m2/repository/commons-daemon/commons-daemon/1.0.13/commons-daemon-1.0.13.jar:/home/user/.m2/repository/io/netty/netty/3.10.5.Final/netty-3.10.5.Final.jar:/home/user/.m2/repository/io/netty/netty-all/4.0.52.Final/netty-all-4.0.52.Final.jar:/home/user/.m2/repository/org/fusesource/leveldbjni/leveldbjni-all/1.8/leveldbjni-all-1.8.jar:/home/user/.m2/repository/com/sun/xml/bind/jaxb-core/2.3.0.1/jaxb-core-2.3.0.1.jar:/home/user/.m2/repository/javax/xml/bind/jaxb-api/2.3.0/jaxb-api-2.3.0.jar:/home/user/.m2/repository/javax/activation/activation/1.1.1/activation-1.1.1.jar:/home/user/.m2/repository/org/openjdk/jmh/jmh-core/1.19/jmh-core-1.19.jar:/home/user/.m2/repository/net/sf/jopt-simple/jopt-simple/4.6/jopt-simple-4.6.jar:/home/user/.m2/repository/org/openjdk/jmh/jmh-generator-annprocess/1.19/jmh-generator-annprocess-1.19.jar:/home/user/.m2/repository/io/dropwizard/metrics/metrics-core/3.2.4/metrics-core-3.2.4.jar:/home/user/.m2/repository/com/amazonaws/aws-java-sdk-s3/1.11.615/aws-java-sdk-s3-1.11.615.jar:/home/user/.m2/repository/com/amazonaws/aws-java-sdk-kms/1.11.615/aws-java-sdk-kms-1.11.615.jar:/home/user/.m2/repository/com/amazonaws/aws-java-sdk-core/1.11.615/aws-java-sdk-core-1.11.615.jar:/home/user/.m2/repository/software/amazon/ion/ion-java/1.0.2/ion-java-1.0.2.jar:/home/user/.m2/repository/com/fasterxml/jackson/dataformat/jackson-dataformat-cbor/2.9.9/jackson-dataformat-cbor-2.9.9.jar:/home/user/.m2/repository/joda-time/joda-time/2.9.9/joda-time-2.9.9.jar:/home/user/.m2/repository/com/amazonaws/jmespath-java/1.11.615/jmespath-java-1.11.615.jar:/home/user/.m2/repository/com/github/spotbugs/spotbugs/3.1.12/spotbugs-3.1.12.jar:/home/user/.m2/repository/org/ow2/asm/asm/5.0.4/asm-5.0.4.jar:/home/user/.m2/repository/org/ow2/asm/asm-analysis/7.0/asm-analysis-7.0.jar:/home/user/.m2/repository/org/ow2/asm/asm-commons/7.0/asm-commons-7.0.jar:/home/user/.m2/repository/org/ow2/asm/asm-tree/7.0/asm-tree-7.0.jar:/home/user/.m2/repository/org/ow2/asm/asm-util/7.0/asm-util-7.0.jar:/home/user/.m2/repository/org/apache/bcel/bcel/6.3/bcel-6.3.jar:/home/user/.m2/repository/net/jcip/jcip-annotations/1.0/jcip-annotations-1.0.jar:/home/user/.m2/repository/org/dom4j/dom4j/2.1.1/dom4j-2.1.1.jar:/home/user/.m2/repository/jaxen/jaxen/1.1.6/jaxen-1.1.6.jar:/home/user/.m2/repository/commons-lang/commons-lang/2.6/commons-lang-2.6.jar:/home/user/.m2/repository/com/github/spotbugs/spotbugs-annotations/3.1.12/spotbugs-annotations-3.1.12.jar:/home/user/.m2/repository/junit/junit/4.11/junit-4.11.jar:/home/user/.m2/repository/org/hamcrest/hamcrest-core/1.3/hamcrest-core-1.3.jar:/home/user/.m2/repository/org/apache/hadoop/hadoop-common/3.2.0/hadoop-common-3.2.0-tests.jar:/workdir/hadoop-ozone/integration-test/target/test-classes:/home/user/.m2/repository/org/apache/hadoop/hadoop-ozone-s3gateway/0.5.0-SNAPSHOT/hadoop-ozone-s3gateway-0.5.0-SNAPSHOT.jar:/home/user/.m2/repository/org/jboss/weld/servlet/weld-servlet/2.4.7.Final/weld-servlet-2.4.7.Final.jar:/home/user/.m2/repository/org/glassfish/jersey/containers/jersey-container-servlet-core/2.27/jersey-container-servlet-core-2.27.jar:/home/user/.m2/repository/org/glassfish/hk2/external/javax.inject/2.5.0-b42/javax.inject-2.5.0-b42.jar:/home/user/.m2/repository/org/glassfish/jersey/core/jersey-common/2.27/jersey-common-2.27.jar:/home/user/.m2/repository/org/glassfish/hk2/osgi-resource-locator/1.0.1/osgi-resource-locator-1.0.1.jar:/home/user/.m2/repository/javax/ws/rs/javax.ws.rs-api/2.1/javax.ws.rs-api-2.1.jar:/home/user/.m2/repository/org/glassfish/jersey/ext/cdi/jersey-cdi1x/2.27/jersey-cdi1x-2.27.jar:/home/user/.m2/repository/org/glassfish/jersey/inject/jersey-hk2/2.27/jersey-hk2-2.27.jar:/home/user/.m2/repository/org/glassfish/hk2/hk2-locator/2.5.0-b42/hk2-locator-2.5.0-b42.jar:/home/user/.m2/repository/org/javassist/javassist/3.22.0-CR2/javassist-3.22.0-CR2.jar:/home/user/.m2/repository/org/glassfish/hk2/hk2-api/2.5.0/hk2-api-2.5.0.jar:/home/user/.m2/repository/org/glassfish/hk2/external/jakarta.inject/2.5.0/jakarta.inject-2.5.0.jar:/home/user/.m2/repository/org/glassfish/hk2/hk2-utils/2.5.0/hk2-utils-2.5.0.jar:/home/user/.m2/repository/jakarta/annotation/jakarta.annotation-api/1.3.4/jakarta.annotation-api-1.3.4.jar:/home/user/.m2/repository/org/glassfish/hk2/external/aopalliance-repackaged/2.5.0/aopalliance-repackaged-2.5.0.jar:/home/user/.m2/repository/com/fasterxml/jackson/dataformat/jackson-dataformat-xml/2.9.0/jackson-dataformat-xml-2.9.0.jar:/home/user/.m2/repository/com/fasterxml/jackson/module/jackson-module-jaxb-annotations/2.9.9/jackson-module-jaxb-annotations-2.9.9.jar:/home/user/.m2/repository/javax/enterprise/cdi-api/1.2/cdi-api-1.2.jar:/home/user/.m2/repository/javax/el/javax.el-api/3.0.0/javax.el-api-3.0.0.jar:/home/user/.m2/repository/javax/interceptor/javax.interceptor-api/1.2/javax.interceptor-api-1.2.jar:/home/user/.m2/repository/javax/inject/javax.inject/1/javax.inject-1.jar:/home/user/.m2/repository/org/apache/hadoop/hadoop-ozone-csi/0.5.0-SNAPSHOT/hadoop-ozone-csi-0.5.0-SNAPSHOT.jar:/home/user/.m2/repository/com/google/protobuf/protobuf-java-util/3.5.1/protobuf-java-util-3.5.1.jar:/home/user/.m2/repository/io/grpc/grpc-netty/1.17.1/grpc-netty-1.17.1.jar:/home/user/.m2/repository/io/grpc/grpc-core/1.17.1/grpc-core-1.17.1.jar:/home/user/.m2/repository/io/grpc/grpc-context/1.17.1/grpc-context-1.17.1.jar:/home/user/.m2/repository/com/google/errorprone/error_prone_annotations/2.2.0/error_prone_annotations-2.2.0.jar:/home/user/.m2/repository/org/codehaus/mojo/animal-sniffer-annotations/1.17/animal-sniffer-annotations-1.17.jar:/home/user/.m2/repository/io/opencensus/opencensus-api/0.17.0/opencensus-api-0.17.0.jar:/home/user/.m2/repository/io/opencensus/opencensus-contrib-grpc-metrics/0.17.0/opencensus-contrib-grpc-metrics-0.17.0.jar:/home/user/.m2/repository/io/netty/netty-codec-http2/4.1.30.Final/netty-codec-http2-4.1.30.Final.jar:/home/user/.m2/repository/io/netty/netty-codec-http/4.1.30.Final/netty-codec-http-4.1.30.Final.jar:/home/user/.m2/repository/io/netty/netty-codec/4.1.30.Final/netty-codec-4.1.30.Final.jar:/home/user/.m2/repository/io/netty/netty-handler/4.1.30.Final/netty-handler-4.1.30.Final.jar:/home/user/.m2/repository/io/netty/netty-handler-proxy/4.1.30.Final/netty-handler-proxy-4.1.30.Final.jar:/home/user/.m2/repository/io/netty/netty-codec-socks/4.1.30.Final/netty-codec-socks-4.1.30.Final.jar:/home/user/.m2/repository/io/netty/netty-transport-native-epoll/4.1.30.Final/netty-transport-native-epoll-4.1.30.Final.jar:/home/user/.m2/repository/io/netty/netty-common/4.1.30.Final/netty-common-4.1.30.Final.jar:/home/user/.m2/repository/io/netty/netty-buffer/4.1.30.Final/netty-buffer-4.1.30.Final.jar:/home/user/.m2/repository/io/netty/netty-transport/4.1.30.Final/netty-transport-4.1.30.Final.jar:/home/user/.m2/repository/io/netty/netty-resolver/4.1.30.Final/netty-resolver-4.1.30.Final.jar:/home/user/.m2/repository/io/netty/netty-transport-native-unix-common/4.1.30.Final/netty-transport-native-unix-common-4.1.30.Final.jar:/home/user/.m2/repository/io/grpc/grpc-protobuf/1.17.1/grpc-protobuf-1.17.1.jar:/home/user/.m2/repository/com/google/api/grpc/proto-google-common-protos/1.0.0/proto-google-common-protos-1.0.0.jar:/home/user/.m2/repository/io/grpc/grpc-protobuf-lite/1.17.1/grpc-protobuf-lite-1.17.1.jar:/home/user/.m2/repository/io/grpc/grpc-stub/1.17.1/grpc-stub-1.17.1.jar:/home/user/.m2/repository/org/apache/hadoop/hadoop-ozone-recon/0.5.0-SNAPSHOT/hadoop-ozone-recon-0.5.0-SNAPSHOT.jar:/home/user/.m2/repository/org/apache/hadoop/hadoop-ozone-reconcodegen/0.5.0-SNAPSHOT/hadoop-ozone-reconcodegen-0.5.0-SNAPSHOT.jar:/home/user/.m2/repository/com/google/inject/extensions/guice-multibindings/4.0/guice-multibindings-4.0.jar:/home/user/.m2/repository/com/google/inject/guice/4.0/guice-4.0.jar:/home/user/.m2/repository/aopalliance/aopalliance/1.0/aopalliance-1.0.jar:/home/user/.m2/repository/com/google/inject/extensions/guice-servlet/4.0/guice-servlet-4.0.jar:/home/user/.m2/repository/org/glassfish/jersey/containers/jersey-container-servlet/2.27/jersey-container-servlet-2.27.jar:/home/user/.m2/repository/org/glassfish/hk2/guice-bridge/2.5.0/guice-bridge-2.5.0.jar:/home/user/.m2/repository/org/glassfish/jersey/core/jersey-server/2.27/jersey-server-2.27.jar:/home/user/.m2/repository/org/glassfish/jersey/core/jersey-client/2.27/jersey-client-2.27.jar:/home/user/.m2/repository/org/glassfish/jersey/media/jersey-media-jaxb/2.27/jersey-media-jaxb-2.27.jar:/home/user/.m2/repository/javax/validation/validation-api/1.1.0.Final/validation-api-1.1.0.Final.jar:/home/user/.m2/repository/org/glassfish/jersey/media/jersey-media-json-jackson/2.27/jersey-media-json-jackson-2.27.jar:/home/user/.m2/repository/org/glassfish/jersey/ext/jersey-entity-filtering/2.27/jersey-entity-filtering-2.27.jar:/home/user/.m2/repository/com/google/inject/extensions/guice-assistedinject/4.0/guice-assistedinject-4.0.jar:/home/user/.m2/repository/org/jooq/jooq/3.11.10/jooq-3.11.10.jar:/home/user/.m2/repository/org/jooq/jooq-meta/3.11.10/jooq-meta-3.11.10.jar:/home/user/.m2/repository/org/jooq/jooq-codegen/3.11.10/jooq-codegen-3.11.10.jar:/home/user/.m2/repository/com/jolbox/bonecp/0.8.0.RELEASE/bonecp-0.8.0.RELEASE.jar:/home/user/.m2/repository/org/springframework/spring-jdbc/5.1.3.RELEASE/spring-jdbc-5.1.3.RELEASE.jar:/home/user/.m2/repository/org/springframework/spring-beans/5.1.3.RELEASE/spring-beans-5.1.3.RELEASE.jar:/home/user/.m2/repository/org/springframework/spring-core/5.1.3.RELEASE/spring-core-5.1.3.RELEASE.jar:/home/user/.m2/repository/org/springframework/spring-jcl/5.1.3.RELEASE/spring-jcl-5.1.3.RELEASE.jar:/home/user/.m2/repository/org/springframework/spring-tx/5.1.3.RELEASE/spring-tx-5.1.3.RELEASE.jar:/home/user/.m2/repository/org/mockito/mockito-core/2.15.0/mockito-core-2.15.0.jar:/home/user/.m2/repository/net/bytebuddy/byte-buddy/1.7.9/byte-buddy-1.7.9.jar:/home/user/.m2/repository/net/bytebuddy/byte-buddy-agent/1.7.9/byte-buddy-agent-1.7.9.jar:/home/user/.m2/repository/org/objenesis/objenesis/1.0/objenesis-1.0.jar:"/>
    <property name="java.vm.vendor" value="Oracle Corporation"/>
    <property name="sun.arch.data.model" value="64"/>
    <property name="test.build.dir" value="/workdir/hadoop-ozone/tools/target/test-dir"/>
    <property name="test.cache.data" value=""/>
    <property name="java.vendor.url" value="http://java.oracle.com/"/>
    <property name="user.timezone" value=""/>
    <property name="java.vm.specification.version" value="1.8"/>
    <property name="os.name" value="Linux"/>
    <property name="test.build.data" value="/workdir/hadoop-ozone/tools/target/test-dir"/>
    <property name="user.country" value="US"/>
    <property name="sun.java.launcher" value="SUN_STANDARD"/>
    <property name="sun.boot.library.path" value="/usr/lib/jvm/java-1.8.0-openjdk-1.8.0.222.b10-1.el7_7.x86_64/jre/lib/amd64"/>
    <property name="sun.java.command" value="/workdir/hadoop-ozone/tools/target/surefire/surefirebooter7116704415169666109.jar /workdir/hadoop-ozone/tools/target/surefire 2019-11-15T19-59-25_939-jvmRun1 surefire3657608716334075798tmp surefire_984860315241095656001tmp"/>
    <property name="surefire.test.class.path" value="/workdir/hadoop-ozone/tools/target/test-classes:/workdir/hadoop-ozone/tools/target/classes:/home/user/.m2/repository/org/apache/hadoop/hadoop-ozone-ozone-manager/0.5.0-SNAPSHOT/hadoop-ozone-ozone-manager-0.5.0-SNAPSHOT.jar:/home/user/.m2/repository/org/apache/hadoop/hadoop-hdds-docs/0.5.0-SNAPSHOT/hadoop-hdds-docs-0.5.0-SNAPSHOT.jar:/home/user/.m2/repository/org/bouncycastle/bcprov-jdk15on/1.60/bcprov-jdk15on-1.60.jar:/home/user/.m2/repository/org/apache/hadoop/hadoop-ozone-common/0.5.0-SNAPSHOT/hadoop-ozone-common-0.5.0-SNAPSHOT.jar:/home/user/.m2/repository/org/apache/commons/commons-compress/1.4.1/commons-compress-1.4.1.jar:/home/user/.m2/repository/org/tukaani/xz/1.0/xz-1.0.jar:/home/user/.m2/repository/org/apache/hadoop/hadoop-hdfs-client/3.2.0/hadoop-hdfs-client-3.2.0.jar:/home/user/.m2/repository/com/fasterxml/jackson/core/jackson-annotations/2.9.9/jackson-annotations-2.9.9.jar:/home/user/.m2/repository/org/apache/hadoop/hadoop-hdds-common/0.5.0-SNAPSHOT/hadoop-hdds-common-0.5.0-SNAPSHOT.jar:/home/user/.m2/repository/org/apache/hadoop/hadoop-hdds-config/0.5.0-SNAPSHOT/hadoop-hdds-config-0.5.0-SNAPSHOT.jar:/home/user/.m2/repository/javax/annotation/javax.annotation-api/1.2/javax.annotation-api-1.2.jar:/home/user/.m2/repository/org/apache/ratis/ratis-server/0.5.0-d6d58d0-SNAPSHOT/ratis-server-0.5.0-d6d58d0-SNAPSHOT.jar:/home/user/.m2/repository/org/apache/ratis/ratis-thirdparty-misc/0.2.0/ratis-thirdparty-misc-0.2.0.jar:/home/user/.m2/repository/org/apache/ratis/ratis-proto/0.5.0-d6d58d0-SNAPSHOT/ratis-proto-0.5.0-d6d58d0-SNAPSHOT.jar:/home/user/.m2/repository/org/apache/ratis/ratis-common/0.5.0-d6d58d0-SNAPSHOT/ratis-common-0.5.0-d6d58d0-SNAPSHOT.jar:/home/user/.m2/repository/org/apache/ratis/ratis-client/0.5.0-d6d58d0-SNAPSHOT/ratis-client-0.5.0-d6d58d0-SNAPSHOT.jar:/home/user/.m2/repository/org/apache/ratis/ratis-metrics/0.5.0-d6d58d0-SNAPSHOT/ratis-metrics-0.5.0-d6d58d0-SNAPSHOT.jar:/home/user/.m2/repository/org/apache/ratis/ratis-netty/0.5.0-d6d58d0-SNAPSHOT/ratis-netty-0.5.0-d6d58d0-SNAPSHOT.jar:/home/user/.m2/repository/org/apache/ratis/ratis-grpc/0.5.0-d6d58d0-SNAPSHOT/ratis-grpc-0.5.0-d6d58d0-SNAPSHOT.jar:/home/user/.m2/repository/org/rocksdb/rocksdbjni/6.0.1/rocksdbjni-6.0.1.jar:/home/user/.m2/repository/org/apache/logging/log4j/log4j-api/2.11.0/log4j-api-2.11.0.jar:/home/user/.m2/repository/org/apache/logging/log4j/log4j-core/2.11.0/log4j-core-2.11.0.jar:/home/user/.m2/repository/com/lmax/disruptor/3.4.2/disruptor-3.4.2.jar:/home/user/.m2/repository/org/apache/commons/commons-pool2/2.6.0/commons-pool2-2.6.0.jar:/home/user/.m2/repository/org/bouncycastle/bcpkix-jdk15on/1.60/bcpkix-jdk15on-1.60.jar:/home/user/.m2/repository/commons-validator/commons-validator/1.6/commons-validator-1.6.jar:/home/user/.m2/repository/commons-digester/commons-digester/1.8.1/commons-digester-1.8.1.jar:/home/user/.m2/repository/io/jaegertracing/jaeger-client/0.34.0/jaeger-client-0.34.0.jar:/home/user/.m2/repository/io/jaegertracing/jaeger-thrift/0.34.0/jaeger-thrift-0.34.0.jar:/home/user/.m2/repository/org/apache/thrift/libthrift/0.12.0/libthrift-0.12.0.jar:/home/user/.m2/repository/com/squareup/okhttp3/okhttp/3.9.0/okhttp-3.9.0.jar:/home/user/.m2/repository/com/squareup/okio/okio/1.13.0/okio-1.13.0.jar:/home/user/.m2/repository/io/jaegertracing/jaeger-core/0.34.0/jaeger-core-0.34.0.jar:/home/user/.m2/repository/io/jaegertracing/jaeger-tracerresolver/0.34.0/jaeger-tracerresolver-0.34.0.jar:/home/user/.m2/repository/io/opentracing/contrib/opentracing-tracerresolver/0.1.5/opentracing-tracerresolver-0.1.5.jar:/home/user/.m2/repository/io/opentracing/opentracing-util/0.31.0/opentracing-util-0.31.0.jar:/home/user/.m2/repository/io/opentracing/opentracing-api/0.31.0/opentracing-api-0.31.0.jar:/home/user/.m2/repository/io/opentracing/opentracing-noop/0.31.0/opentracing-noop-0.31.0.jar:/home/user/.m2/repository/org/yaml/snakeyaml/1.16/snakeyaml-1.16.jar:/home/user/.m2/repository/org/apache/hadoop/hadoop-hdds-container-service/0.5.0-SNAPSHOT/hadoop-hdds-container-service-0.5.0-SNAPSHOT.jar:/home/user/.m2/repository/org/apache/hadoop/hadoop-hdds-client/0.5.0-SNAPSHOT/hadoop-hdds-client-0.5.0-SNAPSHOT.jar:/home/user/.m2/repository/org/apache/hadoop/hadoop-hdds-tools/0.5.0-SNAPSHOT/hadoop-hdds-tools-0.5.0-SNAPSHOT.jar:/home/user/.m2/repository/org/xerial/sqlite-jdbc/3.25.2/sqlite-jdbc-3.25.2.jar:/home/user/.m2/repository/org/apache/hadoop/hadoop-hdds-server-scm/0.5.0-SNAPSHOT/hadoop-hdds-server-scm-0.5.0-SNAPSHOT.jar:/home/user/.m2/repository/org/hamcrest/hamcrest-all/1.3/hamcrest-all-1.3.jar:/home/user/.m2/repository/info/picocli/picocli/3.9.6/picocli-3.9.6.jar:/home/user/.m2/repository/com/google/protobuf/protobuf-java/2.5.0/protobuf-java-2.5.0.jar:/home/user/.m2/repository/com/google/guava/guava/11.0.2/guava-11.0.2.jar:/home/user/.m2/repository/org/apache/hadoop/hadoop-ozone-client/0.5.0-SNAPSHOT/hadoop-ozone-client-0.5.0-SNAPSHOT.jar:/workdir/hadoop-ozone/ozonefs/target/classes:/home/user/.m2/repository/org/apache/httpcomponents/httpclient/4.5.2/httpclient-4.5.2.jar:/home/user/.m2/repository/org/apache/httpcomponents/httpcore/4.4.4/httpcore-4.4.4.jar:/home/user/.m2/repository/org/apache/hadoop/hadoop-hdds-server-framework/0.5.0-SNAPSHOT/hadoop-hdds-server-framework-0.5.0-SNAPSHOT.jar:/home/user/.m2/repository/org/apache/hadoop/hadoop-common/3.2.0/hadoop-common-3.2.0.jar:/home/user/.m2/repository/org/apache/hadoop/hadoop-annotations/3.2.0/hadoop-annotations-3.2.0.jar:/usr/lib/jvm/java-1.8.0-openjdk-1.8.0.222.b10-1.el7_7.x86_64/jre/../lib/tools.jar:/home/user/.m2/repository/commons-cli/commons-cli/1.2/commons-cli-1.2.jar:/home/user/.m2/repository/org/apache/commons/commons-math3/3.1.1/commons-math3-3.1.1.jar:/home/user/.m2/repository/commons-codec/commons-codec/1.11/commons-codec-1.11.jar:/home/user/.m2/repository/commons-io/commons-io/2.5/commons-io-2.5.jar:/home/user/.m2/repository/commons-net/commons-net/3.6/commons-net-3.6.jar:/home/user/.m2/repository/commons-collections/commons-collections/3.2.2/commons-collections-3.2.2.jar:/home/user/.m2/repository/javax/servlet/javax.servlet-api/3.1.0/javax.servlet-api-3.1.0.jar:/home/user/.m2/repository/org/eclipse/jetty/jetty-server/9.3.25.v20180904/jetty-server-9.3.25.v20180904.jar:/home/user/.m2/repository/org/eclipse/jetty/jetty-http/9.3.25.v20180904/jetty-http-9.3.25.v20180904.jar:/home/user/.m2/repository/org/eclipse/jetty/jetty-io/9.3.25.v20180904/jetty-io-9.3.25.v20180904.jar:/home/user/.m2/repository/org/eclipse/jetty/jetty-util/9.3.25.v20180904/jetty-util-9.3.25.v20180904.jar:/home/user/.m2/repository/org/eclipse/jetty/jetty-servlet/9.3.25.v20180904/jetty-servlet-9.3.25.v20180904.jar:/home/user/.m2/repository/org/eclipse/jetty/jetty-security/9.3.25.v20180904/jetty-security-9.3.25.v20180904.jar:/home/user/.m2/repository/org/eclipse/jetty/jetty-webapp/9.3.25.v20180904/jetty-webapp-9.3.25.v20180904.jar:/home/user/.m2/repository/org/eclipse/jetty/jetty-xml/9.3.25.v20180904/jetty-xml-9.3.25.v20180904.jar:/home/user/.m2/repository/javax/servlet/jsp/jsp-api/2.1/jsp-api-2.1.jar:/home/user/.m2/repository/com/sun/jersey/jersey-core/1.19/jersey-core-1.19.jar:/home/user/.m2/repository/javax/ws/rs/jsr311-api/1.1.1/jsr311-api-1.1.1.jar:/home/user/.m2/repository/com/sun/jersey/jersey-servlet/1.19/jersey-servlet-1.19.jar:/home/user/.m2/repository/com/sun/jersey/jersey-json/1.19/jersey-json-1.19.jar:/home/user/.m2/repository/org/codehaus/jettison/jettison/1.1/jettison-1.1.jar:/home/user/.m2/repository/com/sun/xml/bind/jaxb-impl/2.3.0.1/jaxb-impl-2.3.0.1.jar:/home/user/.m2/repository/org/codehaus/jackson/jackson-core-asl/1.9.13/jackson-core-asl-1.9.13.jar:/home/user/.m2/repository/org/codehaus/jackson/jackson-mapper-asl/1.9.13/jackson-mapper-asl-1.9.13.jar:/home/user/.m2/repository/org/codehaus/jackson/jackson-jaxrs/1.9.13/jackson-jaxrs-1.9.13.jar:/home/user/.m2/repository/org/codehaus/jackson/jackson-xc/1.9.13/jackson-xc-1.9.13.jar:/home/user/.m2/repository/com/sun/jersey/jersey-server/1.19/jersey-server-1.19.jar:/home/user/.m2/repository/commons-logging/commons-logging/1.1.3/commons-logging-1.1.3.jar:/home/user/.m2/repository/log4j/log4j/1.2.17/log4j-1.2.17.jar:/home/user/.m2/repository/commons-beanutils/commons-beanutils/1.9.4/commons-beanutils-1.9.4.jar:/home/user/.m2/repository/org/apache/commons/commons-configuration2/2.1.1/commons-configuration2-2.1.1.jar:/home/user/.m2/repository/org/apache/commons/commons-lang3/3.7/commons-lang3-3.7.jar:/home/user/.m2/repository/org/apache/commons/commons-text/1.4/commons-text-1.4.jar:/home/user/.m2/repository/org/slf4j/slf4j-api/1.7.25/slf4j-api-1.7.25.jar:/home/user/.m2/repository/org/slf4j/slf4j-log4j12/1.7.25/slf4j-log4j12-1.7.25.jar:/home/user/.m2/repository/org/apache/avro/avro/1.7.7/avro-1.7.7.jar:/home/user/.m2/repository/com/thoughtworks/paranamer/paranamer/2.3/paranamer-2.3.jar:/home/user/.m2/repository/org/xerial/snappy/snappy-java/1.0.5/snappy-java-1.0.5.jar:/home/user/.m2/repository/com/google/re2j/re2j/1.1/re2j-1.1.jar:/home/user/.m2/repository/com/google/code/gson/gson/2.2.4/gson-2.2.4.jar:/home/user/.m2/repository/org/apache/hadoop/hadoop-auth/3.2.0/hadoop-auth-3.2.0.jar:/home/user/.m2/repository/com/nimbusds/nimbus-jose-jwt/4.41.1/nimbus-jose-jwt-4.41.1.jar:/home/user/.m2/repository/com/github/stephenc/jcip/jcip-annotations/1.0-1/jcip-annotations-1.0-1.jar:/home/user/.m2/repository/net/minidev/json-smart/2.3/json-smart-2.3.jar:/home/user/.m2/repository/net/minidev/accessors-smart/1.2/accessors-smart-1.2.jar:/home/user/.m2/repository/org/apache/curator/curator-framework/2.12.0/curator-framework-2.12.0.jar:/home/user/.m2/repository/com/jcraft/jsch/0.1.54/jsch-0.1.54.jar:/home/user/.m2/repository/org/apache/curator/curator-client/2.12.0/curator-client-2.12.0.jar:/home/user/.m2/repository/org/apache/curator/curator-recipes/2.12.0/curator-recipes-2.12.0.jar:/home/user/.m2/repository/com/google/code/findbugs/jsr305/3.0.0/jsr305-3.0.0.jar:/home/user/.m2/repository/org/apache/htrace/htrace-core4/4.1.0-incubating/htrace-core4-4.1.0-incubating.jar:/home/user/.m2/repository/org/apache/zookeeper/zookeeper/3.4.13/zookeeper-3.4.13.jar:/home/user/.m2/repository/jline/jline/0.9.94/jline-0.9.94.jar:/home/user/.m2/repository/org/apache/yetus/audience-annotations/0.5.0/audience-annotations-0.5.0.jar:/home/user/.m2/repository/org/apache/kerby/kerb-simplekdc/1.0.1/kerb-simplekdc-1.0.1.jar:/home/user/.m2/repository/org/apache/kerby/kerb-client/1.0.1/kerb-client-1.0.1.jar:/home/user/.m2/repository/org/apache/kerby/kerby-config/1.0.1/kerby-config-1.0.1.jar:/home/user/.m2/repository/org/apache/kerby/kerb-core/1.0.1/kerb-core-1.0.1.jar:/home/user/.m2/repository/org/apache/kerby/kerby-pkix/1.0.1/kerby-pkix-1.0.1.jar:/home/user/.m2/repository/org/apache/kerby/kerby-asn1/1.0.1/kerby-asn1-1.0.1.jar:/home/user/.m2/repository/org/apache/kerby/kerby-util/1.0.1/kerby-util-1.0.1.jar:/home/user/.m2/repository/org/apache/kerby/kerb-common/1.0.1/kerb-common-1.0.1.jar:/home/user/.m2/repository/org/apache/kerby/kerb-crypto/1.0.1/kerb-crypto-1.0.1.jar:/home/user/.m2/repository/org/apache/kerby/kerb-util/1.0.1/kerb-util-1.0.1.jar:/home/user/.m2/repository/org/apache/kerby/token-provider/1.0.1/token-provider-1.0.1.jar:/home/user/.m2/repository/org/apache/kerby/kerb-admin/1.0.1/kerb-admin-1.0.1.jar:/home/user/.m2/repository/org/apache/kerby/kerb-server/1.0.1/kerb-server-1.0.1.jar:/home/user/.m2/repository/org/apache/kerby/kerb-identity/1.0.1/kerb-identity-1.0.1.jar:/home/user/.m2/repository/org/apache/kerby/kerby-xdr/1.0.1/kerby-xdr-1.0.1.jar:/home/user/.m2/repository/com/fasterxml/jackson/core/jackson-databind/2.9.9/jackson-databind-2.9.9.jar:/home/user/.m2/repository/com/fasterxml/jackson/core/jackson-core/2.9.9/jackson-core-2.9.9.jar:/home/user/.m2/repository/org/codehaus/woodstox/stax2-api/3.1.4/stax2-api-3.1.4.jar:/home/user/.m2/repository/com/fasterxml/woodstox/woodstox-core/5.0.3/woodstox-core-5.0.3.jar:/home/user/.m2/repository/dnsjava/dnsjava/2.1.7/dnsjava-2.1.7.jar:/home/user/.m2/repository/org/apache/hadoop/hadoop-hdfs/3.2.0/hadoop-hdfs-3.2.0.jar:/home/user/.m2/repository/org/eclipse/jetty/jetty-util-ajax/9.3.25.v20180904/jetty-util-ajax-9.3.25.v20180904.jar:/home/user/.m2/repository/commons-daemon/commons-daemon/1.0.13/commons-daemon-1.0.13.jar:/home/user/.m2/repository/io/netty/netty/3.10.5.Final/netty-3.10.5.Final.jar:/home/user/.m2/repository/io/netty/netty-all/4.0.52.Final/netty-all-4.0.52.Final.jar:/home/user/.m2/repository/org/fusesource/leveldbjni/leveldbjni-all/1.8/leveldbjni-all-1.8.jar:/home/user/.m2/repository/com/sun/xml/bind/jaxb-core/2.3.0.1/jaxb-core-2.3.0.1.jar:/home/user/.m2/repository/javax/xml/bind/jaxb-api/2.3.0/jaxb-api-2.3.0.jar:/home/user/.m2/repository/javax/activation/activation/1.1.1/activation-1.1.1.jar:/home/user/.m2/repository/org/openjdk/jmh/jmh-core/1.19/jmh-core-1.19.jar:/home/user/.m2/repository/net/sf/jopt-simple/jopt-simple/4.6/jopt-simple-4.6.jar:/home/user/.m2/repository/org/openjdk/jmh/jmh-generator-annprocess/1.19/jmh-generator-annprocess-1.19.jar:/home/user/.m2/repository/io/dropwizard/metrics/metrics-core/3.2.4/metrics-core-3.2.4.jar:/home/user/.m2/repository/com/amazonaws/aws-java-sdk-s3/1.11.615/aws-java-sdk-s3-1.11.615.jar:/home/user/.m2/repository/com/amazonaws/aws-java-sdk-kms/1.11.615/aws-java-sdk-kms-1.11.615.jar:/home/user/.m2/repository/com/amazonaws/aws-java-sdk-core/1.11.615/aws-java-sdk-core-1.11.615.jar:/home/user/.m2/repository/software/amazon/ion/ion-java/1.0.2/ion-java-1.0.2.jar:/home/user/.m2/repository/com/fasterxml/jackson/dataformat/jackson-dataformat-cbor/2.9.9/jackson-dataformat-cbor-2.9.9.jar:/home/user/.m2/repository/joda-time/joda-time/2.9.9/joda-time-2.9.9.jar:/home/user/.m2/repository/com/amazonaws/jmespath-java/1.11.615/jmespath-java-1.11.615.jar:/home/user/.m2/repository/com/github/spotbugs/spotbugs/3.1.12/spotbugs-3.1.12.jar:/home/user/.m2/repository/org/ow2/asm/asm/5.0.4/asm-5.0.4.jar:/home/user/.m2/repository/org/ow2/asm/asm-analysis/7.0/asm-analysis-7.0.jar:/home/user/.m2/repository/org/ow2/asm/asm-commons/7.0/asm-commons-7.0.jar:/home/user/.m2/repository/org/ow2/asm/asm-tree/7.0/asm-tree-7.0.jar:/home/user/.m2/repository/org/ow2/asm/asm-util/7.0/asm-util-7.0.jar:/home/user/.m2/repository/org/apache/bcel/bcel/6.3/bcel-6.3.jar:/home/user/.m2/repository/net/jcip/jcip-annotations/1.0/jcip-annotations-1.0.jar:/home/user/.m2/repository/org/dom4j/dom4j/2.1.1/dom4j-2.1.1.jar:/home/user/.m2/repository/jaxen/jaxen/1.1.6/jaxen-1.1.6.jar:/home/user/.m2/repository/commons-lang/commons-lang/2.6/commons-lang-2.6.jar:/home/user/.m2/repository/com/github/spotbugs/spotbugs-annotations/3.1.12/spotbugs-annotations-3.1.12.jar:/home/user/.m2/repository/junit/junit/4.11/junit-4.11.jar:/home/user/.m2/repository/org/hamcrest/hamcrest-core/1.3/hamcrest-core-1.3.jar:/home/user/.m2/repository/org/apache/hadoop/hadoop-common/3.2.0/hadoop-common-3.2.0-tests.jar:/workdir/hadoop-ozone/integration-test/target/test-classes:/home/user/.m2/repository/org/apache/hadoop/hadoop-ozone-s3gateway/0.5.0-SNAPSHOT/hadoop-ozone-s3gateway-0.5.0-SNAPSHOT.jar:/home/user/.m2/repository/org/jboss/weld/servlet/weld-servlet/2.4.7.Final/weld-servlet-2.4.7.Final.jar:/home/user/.m2/repository/org/glassfish/jersey/containers/jersey-container-servlet-core/2.27/jersey-container-servlet-core-2.27.jar:/home/user/.m2/repository/org/glassfish/hk2/external/javax.inject/2.5.0-b42/javax.inject-2.5.0-b42.jar:/home/user/.m2/repository/org/glassfish/jersey/core/jersey-common/2.27/jersey-common-2.27.jar:/home/user/.m2/repository/org/glassfish/hk2/osgi-resource-locator/1.0.1/osgi-resource-locator-1.0.1.jar:/home/user/.m2/repository/javax/ws/rs/javax.ws.rs-api/2.1/javax.ws.rs-api-2.1.jar:/home/user/.m2/repository/org/glassfish/jersey/ext/cdi/jersey-cdi1x/2.27/jersey-cdi1x-2.27.jar:/home/user/.m2/repository/org/glassfish/jersey/inject/jersey-hk2/2.27/jersey-hk2-2.27.jar:/home/user/.m2/repository/org/glassfish/hk2/hk2-locator/2.5.0-b42/hk2-locator-2.5.0-b42.jar:/home/user/.m2/repository/org/javassist/javassist/3.22.0-CR2/javassist-3.22.0-CR2.jar:/home/user/.m2/repository/org/glassfish/hk2/hk2-api/2.5.0/hk2-api-2.5.0.jar:/home/user/.m2/repository/org/glassfish/hk2/external/jakarta.inject/2.5.0/jakarta.inject-2.5.0.jar:/home/user/.m2/repository/org/glassfish/hk2/hk2-utils/2.5.0/hk2-utils-2.5.0.jar:/home/user/.m2/repository/jakarta/annotation/jakarta.annotation-api/1.3.4/jakarta.annotation-api-1.3.4.jar:/home/user/.m2/repository/org/glassfish/hk2/external/aopalliance-repackaged/2.5.0/aopalliance-repackaged-2.5.0.jar:/home/user/.m2/repository/com/fasterxml/jackson/dataformat/jackson-dataformat-xml/2.9.0/jackson-dataformat-xml-2.9.0.jar:/home/user/.m2/repository/com/fasterxml/jackson/module/jackson-module-jaxb-annotations/2.9.9/jackson-module-jaxb-annotations-2.9.9.jar:/home/user/.m2/repository/javax/enterprise/cdi-api/1.2/cdi-api-1.2.jar:/home/user/.m2/repository/javax/el/javax.el-api/3.0.0/javax.el-api-3.0.0.jar:/home/user/.m2/repository/javax/interceptor/javax.interceptor-api/1.2/javax.interceptor-api-1.2.jar:/home/user/.m2/repository/javax/inject/javax.inject/1/javax.inject-1.jar:/home/user/.m2/repository/org/apache/hadoop/hadoop-ozone-csi/0.5.0-SNAPSHOT/hadoop-ozone-csi-0.5.0-SNAPSHOT.jar:/home/user/.m2/repository/com/google/protobuf/protobuf-java-util/3.5.1/protobuf-java-util-3.5.1.jar:/home/user/.m2/repository/io/grpc/grpc-netty/1.17.1/grpc-netty-1.17.1.jar:/home/user/.m2/repository/io/grpc/grpc-core/1.17.1/grpc-core-1.17.1.jar:/home/user/.m2/repository/io/grpc/grpc-context/1.17.1/grpc-context-1.17.1.jar:/home/user/.m2/repository/com/google/errorprone/error_prone_annotations/2.2.0/error_prone_annotations-2.2.0.jar:/home/user/.m2/repository/org/codehaus/mojo/animal-sniffer-annotations/1.17/animal-sniffer-annotations-1.17.jar:/home/user/.m2/repository/io/opencensus/opencensus-api/0.17.0/opencensus-api-0.17.0.jar:/home/user/.m2/repository/io/opencensus/opencensus-contrib-grpc-metrics/0.17.0/opencensus-contrib-grpc-metrics-0.17.0.jar:/home/user/.m2/repository/io/netty/netty-codec-http2/4.1.30.Final/netty-codec-http2-4.1.30.Final.jar:/home/user/.m2/repository/io/netty/netty-codec-http/4.1.30.Final/netty-codec-http-4.1.30.Final.jar:/home/user/.m2/repository/io/netty/netty-codec/4.1.30.Final/netty-codec-4.1.30.Final.jar:/home/user/.m2/repository/io/netty/netty-handler/4.1.30.Final/netty-handler-4.1.30.Final.jar:/home/user/.m2/repository/io/netty/netty-handler-proxy/4.1.30.Final/netty-handler-proxy-4.1.30.Final.jar:/home/user/.m2/repository/io/netty/netty-codec-socks/4.1.30.Final/netty-codec-socks-4.1.30.Final.jar:/home/user/.m2/repository/io/netty/netty-transport-native-epoll/4.1.30.Final/netty-transport-native-epoll-4.1.30.Final.jar:/home/user/.m2/repository/io/netty/netty-common/4.1.30.Final/netty-common-4.1.30.Final.jar:/home/user/.m2/repository/io/netty/netty-buffer/4.1.30.Final/netty-buffer-4.1.30.Final.jar:/home/user/.m2/repository/io/netty/netty-transport/4.1.30.Final/netty-transport-4.1.30.Final.jar:/home/user/.m2/repository/io/netty/netty-resolver/4.1.30.Final/netty-resolver-4.1.30.Final.jar:/home/user/.m2/repository/io/netty/netty-transport-native-unix-common/4.1.30.Final/netty-transport-native-unix-common-4.1.30.Final.jar:/home/user/.m2/repository/io/grpc/grpc-protobuf/1.17.1/grpc-protobuf-1.17.1.jar:/home/user/.m2/repository/com/google/api/grpc/proto-google-common-protos/1.0.0/proto-google-common-protos-1.0.0.jar:/home/user/.m2/repository/io/grpc/grpc-protobuf-lite/1.17.1/grpc-protobuf-lite-1.17.1.jar:/home/user/.m2/repository/io/grpc/grpc-stub/1.17.1/grpc-stub-1.17.1.jar:/home/user/.m2/repository/org/apache/hadoop/hadoop-ozone-recon/0.5.0-SNAPSHOT/hadoop-ozone-recon-0.5.0-SNAPSHOT.jar:/home/user/.m2/repository/org/apache/hadoop/hadoop-ozone-reconcodegen/0.5.0-SNAPSHOT/hadoop-ozone-reconcodegen-0.5.0-SNAPSHOT.jar:/home/user/.m2/repository/com/google/inject/extensions/guice-multibindings/4.0/guice-multibindings-4.0.jar:/home/user/.m2/repository/com/google/inject/guice/4.0/guice-4.0.jar:/home/user/.m2/repository/aopalliance/aopalliance/1.0/aopalliance-1.0.jar:/home/user/.m2/repository/com/google/inject/extensions/guice-servlet/4.0/guice-servlet-4.0.jar:/home/user/.m2/repository/org/glassfish/jersey/containers/jersey-container-servlet/2.27/jersey-container-servlet-2.27.jar:/home/user/.m2/repository/org/glassfish/hk2/guice-bridge/2.5.0/guice-bridge-2.5.0.jar:/home/user/.m2/repository/org/glassfish/jersey/core/jersey-server/2.27/jersey-server-2.27.jar:/home/user/.m2/repository/org/glassfish/jersey/core/jersey-client/2.27/jersey-client-2.27.jar:/home/user/.m2/repository/org/glassfish/jersey/media/jersey-media-jaxb/2.27/jersey-media-jaxb-2.27.jar:/home/user/.m2/repository/javax/validation/validation-api/1.1.0.Final/validation-api-1.1.0.Final.jar:/home/user/.m2/repository/org/glassfish/jersey/media/jersey-media-json-jackson/2.27/jersey-media-json-jackson-2.27.jar:/home/user/.m2/repository/org/glassfish/jersey/ext/jersey-entity-filtering/2.27/jersey-entity-filtering-2.27.jar:/home/user/.m2/repository/com/google/inject/extensions/guice-assistedinject/4.0/guice-assistedinject-4.0.jar:/home/user/.m2/repository/org/jooq/jooq/3.11.10/jooq-3.11.10.jar:/home/user/.m2/repository/org/jooq/jooq-meta/3.11.10/jooq-meta-3.11.10.jar:/home/user/.m2/repository/org/jooq/jooq-codegen/3.11.10/jooq-codegen-3.11.10.jar:/home/user/.m2/repository/com/jolbox/bonecp/0.8.0.RELEASE/bonecp-0.8.0.RELEASE.jar:/home/user/.m2/repository/org/springframework/spring-jdbc/5.1.3.RELEASE/spring-jdbc-5.1.3.RELEASE.jar:/home/user/.m2/repository/org/springframework/spring-beans/5.1.3.RELEASE/spring-beans-5.1.3.RELEASE.jar:/home/user/.m2/repository/org/springframework/spring-core/5.1.3.RELEASE/spring-core-5.1.3.RELEASE.jar:/home/user/.m2/repository/org/springframework/spring-jcl/5.1.3.RELEASE/spring-jcl-5.1.3.RELEASE.jar:/home/user/.m2/repository/org/springframework/spring-tx/5.1.3.RELEASE/spring-tx-5.1.3.RELEASE.jar:/home/user/.m2/repository/org/mockito/mockito-core/2.15.0/mockito-core-2.15.0.jar:/home/user/.m2/repository/net/bytebuddy/byte-buddy/1.7.9/byte-buddy-1.7.9.jar:/home/user/.m2/repository/net/bytebuddy/byte-buddy-agent/1.7.9/byte-buddy-agent-1.7.9.jar:/home/user/.m2/repository/org/objenesis/objenesis/1.0/objenesis-1.0.jar:"/>
    <property name="sun.cpu.endian" value="little"/>
    <property name="user.home" value="/home/user"/>
    <property name="user.language" value="en"/>
    <property name="java.specification.vendor" value="Oracle Corporation"/>
    <property name="java.home" value="/usr/lib/jvm/java-1.8.0-openjdk-1.8.0.222.b10-1.el7_7.x86_64/jre"/>
    <property name="surefire.excludesFile" value="/tools/ozone-bad-unit-tests"/>
    <property name="java.security.krb5.conf" value="/workdir/hadoop-ozone/tools/target/test-classes/krb5.conf"/>
    <property name="basedir" value="/workdir/hadoop-ozone/tools"/>
    <property name="file.separator" value="/"/>
    <property name="line.separator" value="&#10;"/>
    <property name="java.vm.specification.vendor" value="Oracle Corporation"/>
    <property name="java.specification.name" value="Java Platform API Specification"/>
    <property name="java.awt.graphicsenv" value="sun.awt.X11GraphicsEnvironment"/>
    <property name="surefire.real.class.path" value="/workdir/hadoop-ozone/tools/target/surefire/surefirebooter7116704415169666109.jar"/>
    <property name="hadoop.log.dir" value="/workdir/hadoop-ozone/tools/target/log"/>
    <property name="sun.boot.class.path" value="/usr/lib/jvm/java-1.8.0-openjdk-1.8.0.222.b10-1.el7_7.x86_64/jre/lib/resources.jar:/usr/lib/jvm/java-1.8.0-openjdk-1.8.0.222.b10-1.el7_7.x86_64/jre/lib/rt.jar:/usr/lib/jvm/java-1.8.0-openjdk-1.8.0.222.b10-1.el7_7.x86_64/jre/lib/sunrsasign.jar:/usr/lib/jvm/java-1.8.0-openjdk-1.8.0.222.b10-1.el7_7.x86_64/jre/lib/jsse.jar:/usr/lib/jvm/java-1.8.0-openjdk-1.8.0.222.b10-1.el7_7.x86_64/jre/lib/jce.jar:/usr/lib/jvm/java-1.8.0-openjdk-1.8.0.222.b10-1.el7_7.x86_64/jre/lib/charsets.jar:/usr/lib/jvm/java-1.8.0-openjdk-1.8.0.222.b10-1.el7_7.x86_64/jre/lib/jfr.jar:/usr/lib/jvm/java-1.8.0-openjdk-1.8.0.222.b10-1.el7_7.x86_64/jre/classes"/>
    <property name="sun.management.compiler" value="HotSpot 64-Bit Tiered Compilers"/>
    <property name="java.runtime.version" value="1.8.0_222-b10"/>
    <property name="java.net.preferIPv4Stack" value="true"/>
    <property name="user.name" value="jenkins1000"/>
    <property name="path.separator" value=":"/>
    <property name="java.security.egd" value="file:///dev/urandom"/>
    <property name="os.version" value="3.10.0-957.12.2.el7.x86_64"/>
    <property name="java.endorsed.dirs" value="/usr/lib/jvm/java-1.8.0-openjdk-1.8.0.222.b10-1.el7_7.x86_64/jre/lib/endorsed"/>
    <property name="java.runtime.name" value="OpenJDK Runtime Environment"/>
    <property name="file.encoding" value="ANSI_X3.4-1968"/>
    <property name="java.vm.name" value="OpenJDK 64-Bit Server VM"/>
    <property name="test.build.webapps" value=""/>
    <property name="localRepository" value="/home/user/.m2/repository"/>
    <property name="java.vendor.url.bug" value="http://bugreport.sun.com/bugreport/"/>
    <property name="java.io.tmpdir" value="/tmp"/>
    <property name="require.test.libhadoop" value=""/>
    <property name="java.version" value="1.8.0_222"/>
    <property name="user.dir" value="/workdir/hadoop-ozone/tools"/>
    <property name="os.arch" value="amd64"/>
    <property name="java.vm.specification.name" value="Java Virtual Machine Specification"/>
    <property name="test.build.classes" value="/workdir/hadoop-ozone/tools/target/test-classes"/>
    <property name="java.awt.printerjob" value="sun.print.PSPrinterJob"/>
    <property name="sun.os.patch.level" value="unknown"/>
    <property name="hadoop.tmp.dir" value="/workdir/hadoop-ozone/tools/target/tmp"/>
    <property name="java.library.path" value="/usr/lib:/workdir/hadoop-ozone/tools/target/native/target/usr/local/lib:/workdir/hadoop-ozone/tools/../../hadoop-common-project/hadoop-common/target/native/target/usr/local/lib:/usr/java/packages/lib/amd64:/usr/lib64:/lib64:/lib:/usr/lib"/>
    <property name="java.vm.info" value="mixed mode"/>
    <property name="java.vendor" value="Oracle Corporation"/>
    <property name="java.vm.version" value="25.222-b10"/>
    <property name="java.ext.dirs" value="/usr/lib/jvm/java-1.8.0-openjdk-1.8.0.222.b10-1.el7_7.x86_64/jre/lib/ext:/usr/java/packages/lib/ext"/>
    <property name="sun.io.unicode.encoding" value="UnicodeLittle"/>
    <property name="java.class.version" value="52.0"/>
  </properties>
  <testcase name="testRestart" classname="org.apache.hadoop.ozone.freon.TestFreonWithPipelineDestroy" time="18.647">
    <error message="INTERNAL_ERROR org.apache.hadoop.ozone.om.exceptions.OMException: Allocated 0 blocks. Requested 5 blocks" type="java.lang.RuntimeException">java.lang.RuntimeException: INTERNAL_ERROR org.apache.hadoop.ozone.om.exceptions.OMException: Allocated 0 blocks. Requested 5 blocks
	at org.apache.hadoop.ozone.freon.RandomKeyGenerator.call(RandomKeyGenerator.java:341)
	at org.apache.hadoop.ozone.freon.TestFreonWithPipelineDestroy.startFreon(TestFreonWithPipelineDestroy.java:87)
	at org.apache.hadoop.ozone.freon.TestFreonWithPipelineDestroy.testRestart(TestFreonWithPipelineDestroy.java:74)
	at sun.reflect.NativeMethodAccessorImpl.invoke0(Native Method)
	at sun.reflect.NativeMethodAccessorImpl.invoke(NativeMethodAccessorImpl.java:62)
	at sun.reflect.DelegatingMethodAccessorImpl.invoke(DelegatingMethodAccessorImpl.java:43)
	at java.lang.reflect.Method.invoke(Method.java:498)
	at org.junit.runners.model.FrameworkMethod$1.runReflectiveCall(FrameworkMethod.java:47)
	at org.junit.internal.runners.model.ReflectiveCallable.run(ReflectiveCallable.java:12)
	at org.junit.runners.model.FrameworkMethod.invokeExplosively(FrameworkMethod.java:44)
	at org.junit.internal.runners.statements.InvokeMethod.evaluate(InvokeMethod.java:17)
	at org.junit.runners.ParentRunner.runLeaf(ParentRunner.java:271)
	at org.junit.runners.BlockJUnit4ClassRunner.runChild(BlockJUnit4ClassRunner.java:70)
	at org.junit.runners.BlockJUnit4ClassRunner.runChild(BlockJUnit4ClassRunner.java:50)
	at org.junit.runners.ParentRunner$3.run(ParentRunner.java:238)
	at org.junit.runners.ParentRunner$1.schedule(ParentRunner.java:63)
	at org.junit.runners.ParentRunner.runChildren(ParentRunner.java:236)
	at org.junit.runners.ParentRunner.access$000(ParentRunner.java:53)
	at org.junit.runners.ParentRunner$2.evaluate(ParentRunner.java:229)
	at org.junit.internal.runners.statements.RunBefores.evaluate(RunBefores.java:26)
	at org.junit.internal.runners.statements.RunAfters.evaluate(RunAfters.java:27)
	at org.junit.runners.ParentRunner.run(ParentRunner.java:309)
	at org.apache.maven.surefire.junit4.JUnit4Provider.execute(JUnit4Provider.java:365)
	at org.apache.maven.surefire.junit4.JUnit4Provider.executeWithRerun(JUnit4Provider.java:273)
	at org.apache.maven.surefire.junit4.JUnit4Provider.executeTestSet(JUnit4Provider.java:238)
	at org.apache.maven.surefire.junit4.JUnit4Provider.invoke(JUnit4Provider.java:159)
	at org.apache.maven.surefire.booter.ForkedBooter.invokeProviderInSameClassLoader(ForkedBooter.java:384)
	at org.apache.maven.surefire.booter.ForkedBooter.runSuitesInProcess(ForkedBooter.java:345)
	at org.apache.maven.surefire.booter.ForkedBooter.execute(ForkedBooter.java:126)
	at org.apache.maven.surefire.booter.ForkedBooter.main(ForkedBooter.java:418)
Caused by: INTERNAL_ERROR org.apache.hadoop.ozone.om.exceptions.OMException: Allocated 0 blocks. Requested 5 blocks
	at org.apache.hadoop.ozone.om.protocolPB.OzoneManagerProtocolClientSideTranslatorPB.handleError(OzoneManagerProtocolClientSideTranslatorPB.java:761)
	at org.apache.hadoop.ozone.om.protocolPB.OzoneManagerProtocolClientSideTranslatorPB.openKey(OzoneManagerProtocolClientSideTranslatorPB.java:752)
	at sun.reflect.NativeMethodAccessorImpl.invoke0(Native Method)
	at sun.reflect.NativeMethodAccessorImpl.invoke(NativeMethodAccessorImpl.java:62)
	at sun.reflect.DelegatingMethodAccessorImpl.invoke(DelegatingMethodAccessorImpl.java:43)
	at java.lang.reflect.Method.invoke(Method.java:498)
	at org.apache.hadoop.hdds.tracing.TraceAllMethod.invoke(TraceAllMethod.java:66)
	at com.sun.proxy.$Proxy37.openKey(Unknown Source)
	at org.apache.hadoop.ozone.client.rpc.RpcClient.createKey(RpcClient.java:633)
	at org.apache.hadoop.ozone.client.OzoneBucket.createKey(OzoneBucket.java:325)
	at org.apache.hadoop.ozone.freon.RandomKeyGenerator.createKey(RandomKeyGenerator.java:697)
	at org.apache.hadoop.ozone.freon.RandomKeyGenerator.access$1100(RandomKeyGenerator.java:88)
	at org.apache.hadoop.ozone.freon.RandomKeyGenerator$ObjectCreator.run(RandomKeyGenerator.java:615)
	at java.util.concurrent.Executors$RunnableAdapter.call(Executors.java:511)
	at java.util.concurrent.FutureTask.run(FutureTask.java:266)
	at java.util.concurrent.ThreadPoolExecutor.runWorker(ThreadPoolExecutor.java:1149)
	at java.util.concurrent.ThreadPoolExecutor$Worker.run(ThreadPoolExecutor.java:624)
	at java.lang.Thread.run(Thread.java:748)
</error>
    <system-out><![CDATA[2019-11-15 21:59:36,668 [main] WARN  server.ServerUtils (ServerUtils.java:getScmDbDir(145)) - ozone.scm.db.dirs is not configured. We recommend adding this setting. Falling back to ozone.metadata.dirs instead.
2019-11-15 21:59:36,834 [main] WARN  server.ServerUtils (ServerUtils.java:getScmDbDir(145)) - ozone.scm.db.dirs is not configured. We recommend adding this setting. Falling back to ozone.metadata.dirs instead.
2019-11-15 21:59:36,838 [main] WARN  server.ServerUtils (ServerUtils.java:getScmDbDir(145)) - ozone.scm.db.dirs is not configured. We recommend adding this setting. Falling back to ozone.metadata.dirs instead.
2019-11-15 21:59:36,870 [main] INFO  util.log (Log.java:initialized(192)) - Logging initialized @773ms
2019-11-15 21:59:36,972 [main] INFO  db.DBStoreBuilder (DBStoreBuilder.java:addTable(127)) - using custom profile for table: deletedBlocks
2019-11-15 21:59:36,972 [main] INFO  db.DBStoreBuilder (DBStoreBuilder.java:processTables(183)) - Using default column profile:DBProfile.DISK for Table:deletedBlocks
2019-11-15 21:59:36,972 [main] INFO  db.DBStoreBuilder (DBStoreBuilder.java:addTable(127)) - using custom profile for table: validCerts
2019-11-15 21:59:36,973 [main] INFO  db.DBStoreBuilder (DBStoreBuilder.java:processTables(183)) - Using default column profile:DBProfile.DISK for Table:validCerts
2019-11-15 21:59:36,973 [main] INFO  db.DBStoreBuilder (DBStoreBuilder.java:addTable(127)) - using custom profile for table: revokedCerts
2019-11-15 21:59:36,973 [main] INFO  db.DBStoreBuilder (DBStoreBuilder.java:processTables(183)) - Using default column profile:DBProfile.DISK for Table:revokedCerts
2019-11-15 21:59:36,984 [main] INFO  db.DBStoreBuilder (DBStoreBuilder.java:addTable(127)) - using custom profile for table: default
2019-11-15 21:59:36,984 [main] INFO  db.DBStoreBuilder (DBStoreBuilder.java:processTables(189)) - Using default column profile:DBProfile.DISK for Table:default
2019-11-15 21:59:36,986 [main] INFO  db.DBStoreBuilder (DBStoreBuilder.java:getDbProfile(220)) - Using default options. DBProfile.DISK
2019-11-15 21:59:37,201 [main] INFO  net.NodeSchemaLoader (NodeSchemaLoader.java:loadSchemaFromFile(125)) - Loading file from sun.misc.CompoundEnumeration@5e0e82ae
2019-11-15 21:59:37,202 [main] INFO  net.NodeSchemaLoader (NodeSchemaLoader.java:loadSchema(171)) - Loading network topology layer schema file
2019-11-15 21:59:37,249 [main] INFO  node.SCMNodeManager (SCMNodeManager.java:<init>(116)) - Entering startup safe mode.
2019-11-15 21:59:37,305 [main] INFO  algorithms.ContainerPlacementPolicyFactory (ContainerPlacementPolicyFactory.java:getPolicy(57)) - Create container placement policy of type org.apache.hadoop.hdds.scm.container.placement.algorithms.SCMContainerPlacementRandom
2019-11-15 21:59:37,314 [main] WARN  server.ServerUtils (ServerUtils.java:getScmDbDir(145)) - ozone.scm.db.dirs is not configured. We recommend adding this setting. Falling back to ozone.metadata.dirs instead.
2019-11-15 21:59:37,374 [main] INFO  pipeline.SCMPipelineManager (SCMPipelineManager.java:initializePipelineState(132)) - No pipeline exists in current db
2019-11-15 21:59:37,378 [main] WARN  server.ServerUtils (ServerUtils.java:getScmDbDir(145)) - ozone.scm.db.dirs is not configured. We recommend adding this setting. Falling back to ozone.metadata.dirs instead.
2019-11-15 21:59:37,475 [main] WARN  events.EventQueue (EventQueue.java:fireEvent(183)) - No event handler registered for event TypedEvent{payloadType=SafeModeStatus, name='SafeModeStatus'}
2019-11-15 21:59:37,832 [main] INFO  ipc.CallQueueManager (CallQueueManager.java:<init>(84)) - Using callQueue: class java.util.concurrent.LinkedBlockingQueue, queueCapacity: 2000, scheduler: class org.apache.hadoop.ipc.DefaultRpcScheduler, ipcBackoff: false.
2019-11-15 21:59:37,856 [Socket Reader #1 for port 44114] INFO  ipc.Server (Server.java:run(1074)) - Starting Socket Reader #1 for port 44114
2019-11-15 21:59:37,981 [main] INFO  ipc.CallQueueManager (CallQueueManager.java:<init>(84)) - Using callQueue: class java.util.concurrent.LinkedBlockingQueue, queueCapacity: 2000, scheduler: class org.apache.hadoop.ipc.DefaultRpcScheduler, ipcBackoff: false.
2019-11-15 21:59:37,982 [Socket Reader #1 for port 40033] INFO  ipc.Server (Server.java:run(1074)) - Starting Socket Reader #1 for port 40033
2019-11-15 21:59:37,993 [main] INFO  ipc.CallQueueManager (CallQueueManager.java:<init>(84)) - Using callQueue: class java.util.concurrent.LinkedBlockingQueue, queueCapacity: 2000, scheduler: class org.apache.hadoop.ipc.DefaultRpcScheduler, ipcBackoff: false.
2019-11-15 21:59:37,994 [Socket Reader #1 for port 39660] INFO  ipc.Server (Server.java:run(1074)) - Starting Socket Reader #1 for port 39660
2019-11-15 21:59:38,028 [main] INFO  hdfs.DFSUtil (DFSUtil.java:httpServerTemplateForNNAndJN(1641)) - Starting Web-server for scm at: http://0.0.0.0:0
2019-11-15 21:59:38,170 [main] INFO  server.AuthenticationFilter (AuthenticationFilter.java:constructSecretProvider(240)) - Unable to initialize FileSignerSecretProvider, falling back to use random secrets.
2019-11-15 21:59:38,185 [main] WARN  http.HttpRequestLog (HttpRequestLog.java:getRequestLog(97)) - Jetty request log can only be enabled using Log4j
2019-11-15 21:59:38,193 [main] INFO  http.HttpServer2 (HttpServer2.java:addGlobalFilter(975)) - Added global filter 'safety' (class=org.apache.hadoop.http.HttpServer2$QuotingInputFilter)
2019-11-15 21:59:38,196 [main] INFO  http.HttpServer2 (HttpServer2.java:addFilter(948)) - Added filter static_user_filter (class=org.apache.hadoop.http.lib.StaticUserWebFilter$StaticUserFilter) to context scm
2019-11-15 21:59:38,196 [main] INFO  http.HttpServer2 (HttpServer2.java:addFilter(958)) - Added filter static_user_filter (class=org.apache.hadoop.http.lib.StaticUserWebFilter$StaticUserFilter) to context static
2019-11-15 21:59:38,197 [main] INFO  http.HttpServer2 (HttpServer2.java:addFilter(958)) - Added filter static_user_filter (class=org.apache.hadoop.http.lib.StaticUserWebFilter$StaticUserFilter) to context logs
2019-11-15 21:59:38,224 [main] INFO  server.StorageContainerManager (StorageContainerManager.java:start(766)) - StorageContainerLocationProtocol RPC server is listening at /0.0.0.0:39660
2019-11-15 21:59:38,274 [main] WARN  impl.MetricsConfig (MetricsConfig.java:loadFirst(134)) - Cannot locate configuration: tried hadoop-metrics2-storagecontainermanager.properties,hadoop-metrics2.properties
2019-11-15 21:59:38,287 [main] INFO  impl.MetricsSystemImpl (MetricsSystemImpl.java:startTimer(374)) - Scheduled Metric snapshot period at 10 second(s).
2019-11-15 21:59:38,287 [main] INFO  impl.MetricsSystemImpl (MetricsSystemImpl.java:start(191)) - StorageContainerManager metrics system started
2019-11-15 21:59:38,519 [main] INFO  server.SCMClientProtocolServer (SCMClientProtocolServer.java:start(160)) - RPC server for Client  is listening at /0.0.0.0:39660
2019-11-15 21:59:38,520 [IPC Server Responder] INFO  ipc.Server (Server.java:run(1314)) - IPC Server Responder: starting
2019-11-15 21:59:38,520 [IPC Server listener on 39660] INFO  ipc.Server (Server.java:run(1153)) - IPC Server listener on 39660: starting
2019-11-15 21:59:38,522 [main] INFO  server.StorageContainerManager (StorageContainerManager.java:start(776)) - ScmBlockLocationProtocol RPC server is listening at /0.0.0.0:40033
2019-11-15 21:59:38,523 [main] INFO  server.SCMBlockProtocolServer (SCMBlockProtocolServer.java:start(146)) - RPC server for Block Protocol is listening at /0.0.0.0:40033
2019-11-15 21:59:38,523 [IPC Server Responder] INFO  ipc.Server (Server.java:run(1314)) - IPC Server Responder: starting
2019-11-15 21:59:38,523 [IPC Server listener on 40033] INFO  ipc.Server (Server.java:run(1153)) - IPC Server listener on 40033: starting
2019-11-15 21:59:38,527 [main] INFO  server.StorageContainerManager (StorageContainerManager.java:start(780)) - ScmDatanodeProtocl RPC server is listening at /0.0.0.0:44114
2019-11-15 21:59:38,527 [main] INFO  server.SCMDatanodeProtocolServer (SCMDatanodeProtocolServer.java:start(169)) - RPC server for DataNodes is listening at /0.0.0.0:44114
2019-11-15 21:59:38,529 [IPC Server Responder] INFO  ipc.Server (Server.java:run(1314)) - IPC Server Responder: starting
2019-11-15 21:59:38,529 [IPC Server listener on 44114] INFO  ipc.Server (Server.java:run(1153)) - IPC Server listener on 44114: starting
2019-11-15 21:59:38,541 [main] INFO  http.HttpServer2 (HttpServer2.java:bindListener(1191)) - Jetty bound to port 44209
2019-11-15 21:59:38,543 [main] INFO  server.Server (Server.java:doStart(351)) - jetty-9.3.25.v20180904, build timestamp: 2018-09-04T21:11:46Z, git hash: 3ce520221d0240229c862b122d2b06c12a625732
2019-11-15 21:59:38,582 [main] INFO  handler.ContextHandler (ContextHandler.java:doStart(781)) - Started o.e.j.s.ServletContextHandler@56e8b606{/logs,file:///workdir/hadoop-ozone/tools/target/log,AVAILABLE}
2019-11-15 21:59:38,583 [main] INFO  handler.ContextHandler (ContextHandler.java:doStart(781)) - Started o.e.j.s.ServletContextHandler@40dff0b7{/static,jar:file:/home/user/.m2/repository/org/apache/hadoop/hadoop-hdds-server-scm/0.5.0-SNAPSHOT/hadoop-hdds-server-scm-0.5.0-SNAPSHOT.jar!/webapps/static,AVAILABLE}
2019-11-15 21:59:38,660 [main] INFO  handler.ContextHandler (ContextHandler.java:doStart(781)) - Started o.e.j.w.WebAppContext@5aceec94{/,file:///tmp/jetty-0.0.0.0-44209-scm-_-any-8823180440341523370.dir/webapp/,AVAILABLE}{/scm}
2019-11-15 21:59:38,665 [main] INFO  server.AbstractConnector (AbstractConnector.java:doStart(278)) - Started ServerConnector@733c423e{HTTP/1.1,[http/1.1]}{0.0.0.0:44209}
2019-11-15 21:59:38,665 [main] INFO  server.Server (Server.java:doStart(419)) - Started @2568ms
2019-11-15 21:59:38,667 [main] INFO  impl.MetricsSinkAdapter (MetricsSinkAdapter.java:start(204)) - Sink prometheus started
2019-11-15 21:59:38,667 [main] INFO  impl.MetricsSystemImpl (MetricsSystemImpl.java:registerSink(301)) - Registered sink prometheus
2019-11-15 21:59:38,669 [main] INFO  server.BaseHttpServer (BaseHttpServer.java:updateConnectorAddress(215)) - HTTP server of SCM is listening at http://0.0.0.0:44209
2019-11-15 21:59:38,676 [org.apache.hadoop.util.JvmPauseMonitor$Monitor@1b5bc39d] INFO  util.JvmPauseMonitor (JvmPauseMonitor.java:run(188)) - Starting JVM pause monitor
2019-11-15 21:59:38,679 [main] WARN  server.ServerUtils (ServerUtils.java:getDBPath(222)) - ozone.om.db.dirs is not configured. We recommend adding this setting. Falling back to ozone.metadata.dirs instead.
2019-11-15 21:59:38,775 [main] INFO  ha.OMHANodeDetails (OMHANodeDetails.java:loadOMHAConfig(190)) - Configuration either no ozone.om.address set. Falling back to the default OM address /127.0.0.1:0
2019-11-15 21:59:38,775 [main] INFO  ha.OMHANodeDetails (OMHANodeDetails.java:getOMNodeDetails(220)) - OM Service ID is not set. Setting it to the default ID: omServiceIdDefault
2019-11-15 21:59:38,778 [main] WARN  server.ServerUtils (ServerUtils.java:getDBPath(222)) - ozone.om.db.dirs is not configured. We recommend adding this setting. Falling back to ozone.metadata.dirs instead.
2019-11-15 21:59:38,778 [main] WARN  server.ServerUtils (ServerUtils.java:getDBPath(222)) - ozone.om.db.dirs is not configured. We recommend adding this setting. Falling back to ozone.metadata.dirs instead.
2019-11-15 21:59:39,385 [main] WARN  server.ServerUtils (ServerUtils.java:getDBPath(222)) - ozone.om.db.dirs is not configured. We recommend adding this setting. Falling back to ozone.metadata.dirs instead.
2019-11-15 21:59:39,394 [main] INFO  db.DBStoreBuilder (DBStoreBuilder.java:addTable(127)) - using custom profile for table: userTable
2019-11-15 21:59:39,394 [main] INFO  db.DBStoreBuilder (DBStoreBuilder.java:processTables(183)) - Using default column profile:DBProfile.DISK for Table:userTable
2019-11-15 21:59:39,394 [main] INFO  db.DBStoreBuilder (DBStoreBuilder.java:addTable(127)) - using custom profile for table: volumeTable
2019-11-15 21:59:39,394 [main] INFO  db.DBStoreBuilder (DBStoreBuilder.java:processTables(183)) - Using default column profile:DBProfile.DISK for Table:volumeTable
2019-11-15 21:59:39,395 [main] INFO  db.DBStoreBuilder (DBStoreBuilder.java:addTable(127)) - using custom profile for table: bucketTable
2019-11-15 21:59:39,395 [main] INFO  db.DBStoreBuilder (DBStoreBuilder.java:processTables(183)) - Using default column profile:DBProfile.DISK for Table:bucketTable
2019-11-15 21:59:39,395 [main] INFO  db.DBStoreBuilder (DBStoreBuilder.java:addTable(127)) - using custom profile for table: keyTable
2019-11-15 21:59:39,395 [main] INFO  db.DBStoreBuilder (DBStoreBuilder.java:processTables(183)) - Using default column profile:DBProfile.DISK for Table:keyTable
2019-11-15 21:59:39,396 [main] INFO  db.DBStoreBuilder (DBStoreBuilder.java:addTable(127)) - using custom profile for table: deletedTable
2019-11-15 21:59:39,396 [main] INFO  db.DBStoreBuilder (DBStoreBuilder.java:processTables(183)) - Using default column profile:DBProfile.DISK for Table:deletedTable
2019-11-15 21:59:39,396 [main] INFO  db.DBStoreBuilder (DBStoreBuilder.java:addTable(127)) - using custom profile for table: openKeyTable
2019-11-15 21:59:39,396 [main] INFO  db.DBStoreBuilder (DBStoreBuilder.java:processTables(183)) - Using default column profile:DBProfile.DISK for Table:openKeyTable
2019-11-15 21:59:39,396 [main] INFO  db.DBStoreBuilder (DBStoreBuilder.java:addTable(127)) - using custom profile for table: s3Table
2019-11-15 21:59:39,397 [main] INFO  db.DBStoreBuilder (DBStoreBuilder.java:processTables(183)) - Using default column profile:DBProfile.DISK for Table:s3Table
2019-11-15 21:59:39,397 [main] INFO  db.DBStoreBuilder (DBStoreBuilder.java:addTable(127)) - using custom profile for table: multipartInfoTable
2019-11-15 21:59:39,397 [main] INFO  db.DBStoreBuilder (DBStoreBuilder.java:processTables(183)) - Using default column profile:DBProfile.DISK for Table:multipartInfoTable
2019-11-15 21:59:39,397 [main] INFO  db.DBStoreBuilder (DBStoreBuilder.java:addTable(127)) - using custom profile for table: dTokenTable
2019-11-15 21:59:39,398 [main] INFO  db.DBStoreBuilder (DBStoreBuilder.java:processTables(183)) - Using default column profile:DBProfile.DISK for Table:dTokenTable
2019-11-15 21:59:39,398 [main] INFO  db.DBStoreBuilder (DBStoreBuilder.java:addTable(127)) - using custom profile for table: s3SecretTable
2019-11-15 21:59:39,398 [main] INFO  db.DBStoreBuilder (DBStoreBuilder.java:processTables(183)) - Using default column profile:DBProfile.DISK for Table:s3SecretTable
2019-11-15 21:59:39,398 [main] INFO  db.DBStoreBuilder (DBStoreBuilder.java:addTable(127)) - using custom profile for table: prefixTable
2019-11-15 21:59:39,398 [main] INFO  db.DBStoreBuilder (DBStoreBuilder.java:processTables(183)) - Using default column profile:DBProfile.DISK for Table:prefixTable
2019-11-15 21:59:39,399 [main] INFO  db.DBStoreBuilder (DBStoreBuilder.java:addTable(127)) - using custom profile for table: default
2019-11-15 21:59:39,399 [main] INFO  db.DBStoreBuilder (DBStoreBuilder.java:processTables(189)) - Using default column profile:DBProfile.DISK for Table:default
2019-11-15 21:59:39,399 [main] INFO  db.DBStoreBuilder (DBStoreBuilder.java:getDbProfile(220)) - Using default options. DBProfile.DISK
2019-11-15 21:59:39,686 [main] INFO  ipc.CallQueueManager (CallQueueManager.java:<init>(84)) - Using callQueue: class java.util.concurrent.LinkedBlockingQueue, queueCapacity: 2000, scheduler: class org.apache.hadoop.ipc.DefaultRpcScheduler, ipcBackoff: false.
2019-11-15 21:59:39,687 [Socket Reader #1 for port 36571] INFO  ipc.Server (Server.java:run(1074)) - Starting Socket Reader #1 for port 36571
2019-11-15 21:59:39,710 [main] INFO  om.OzoneManager (OzoneManager.java:start(1077)) - OzoneManager RPC server is listening at localhost/127.0.0.1:36571
2019-11-15 21:59:39,710 [main] INFO  impl.MetricsSystemImpl (MetricsSystemImpl.java:init(158)) - OzoneManager metrics system started (again)
2019-11-15 21:59:39,718 [IPC Server Responder] INFO  ipc.Server (Server.java:run(1314)) - IPC Server Responder: starting
2019-11-15 21:59:39,719 [IPC Server listener on 36571] INFO  ipc.Server (Server.java:run(1153)) - IPC Server listener on 36571: starting
2019-11-15 21:59:39,728 [main] INFO  hdfs.DFSUtil (DFSUtil.java:httpServerTemplateForNNAndJN(1641)) - Starting Web-server for ozoneManager at: http://0.0.0.0:0
2019-11-15 21:59:39,730 [main] INFO  server.AuthenticationFilter (AuthenticationFilter.java:constructSecretProvider(240)) - Unable to initialize FileSignerSecretProvider, falling back to use random secrets.
2019-11-15 21:59:39,731 [main] WARN  http.HttpRequestLog (HttpRequestLog.java:getRequestLog(97)) - Jetty request log can only be enabled using Log4j
2019-11-15 21:59:39,734 [main] INFO  http.HttpServer2 (HttpServer2.java:addGlobalFilter(975)) - Added global filter 'safety' (class=org.apache.hadoop.http.HttpServer2$QuotingInputFilter)
2019-11-15 21:59:39,735 [main] INFO  http.HttpServer2 (HttpServer2.java:addFilter(948)) - Added filter static_user_filter (class=org.apache.hadoop.http.lib.StaticUserWebFilter$StaticUserFilter) to context ozoneManager
2019-11-15 21:59:39,735 [main] INFO  http.HttpServer2 (HttpServer2.java:addFilter(958)) - Added filter static_user_filter (class=org.apache.hadoop.http.lib.StaticUserWebFilter$StaticUserFilter) to context static
2019-11-15 21:59:39,735 [main] INFO  http.HttpServer2 (HttpServer2.java:addFilter(958)) - Added filter static_user_filter (class=org.apache.hadoop.http.lib.StaticUserWebFilter$StaticUserFilter) to context logs
2019-11-15 21:59:39,738 [main] INFO  http.HttpServer2 (HttpServer2.java:bindListener(1191)) - Jetty bound to port 33099
2019-11-15 21:59:39,738 [main] INFO  server.Server (Server.java:doStart(351)) - jetty-9.3.25.v20180904, build timestamp: 2018-09-04T21:11:46Z, git hash: 3ce520221d0240229c862b122d2b06c12a625732
2019-11-15 21:59:39,740 [main] INFO  handler.ContextHandler (ContextHandler.java:doStart(781)) - Started o.e.j.s.ServletContextHandler@340b7ef6{/logs,file:///workdir/hadoop-ozone/tools/target/log,AVAILABLE}
2019-11-15 21:59:39,741 [main] INFO  handler.ContextHandler (ContextHandler.java:doStart(781)) - Started o.e.j.s.ServletContextHandler@6050462a{/static,jar:file:/home/user/.m2/repository/org/apache/hadoop/hadoop-ozone-ozone-manager/0.5.0-SNAPSHOT/hadoop-ozone-ozone-manager-0.5.0-SNAPSHOT.jar!/webapps/static,AVAILABLE}
2019-11-15 21:59:39,801 [main] INFO  handler.ContextHandler (ContextHandler.java:doStart(781)) - Started o.e.j.w.WebAppContext@425d5d46{/,file:///tmp/jetty-0.0.0.0-33099-ozoneManager-_-any-67049811604450041.dir/webapp/,AVAILABLE}{/ozoneManager}
2019-11-15 21:59:39,801 [main] INFO  server.AbstractConnector (AbstractConnector.java:doStart(278)) - Started ServerConnector@198ef2ce{HTTP/1.1,[http/1.1]}{0.0.0.0:33099}
2019-11-15 21:59:39,802 [main] INFO  server.Server (Server.java:doStart(419)) - Started @3704ms
2019-11-15 21:59:39,802 [main] WARN  impl.MetricsSystemImpl (MetricsSystemImpl.java:register(276)) - Sink prometheus already exists!
2019-11-15 21:59:39,803 [main] INFO  server.BaseHttpServer (BaseHttpServer.java:updateConnectorAddress(215)) - HTTP server of OZONEMANAGER is listening at http://0.0.0.0:33099
2019-11-15 21:59:40,061 [main] INFO  impl.MetricsSystemImpl (MetricsSystemImpl.java:init(158)) - HddsDatanode metrics system started (again)
2019-11-15 21:59:40,118 [main] INFO  ozone.HddsDatanodeService (HddsDatanodeService.java:start(186)) - HddsDatanodeService host:pr-hdds-2515-logtostringformatter-dwl4z-3795388632 ip:192.168.34.53
2019-11-15 21:59:40,153 [main] INFO  volume.HddsVolume (HddsVolume.java:<init>(176)) - Creating Volume: /workdir/hadoop-ozone/tools/target/test-dir/MiniOzoneClusterImpl-95de1c25-f016-473e-a03a-279cab8467aa/datanode-0/data/containers/hdds of  storage type : DISK and capacity : 1482555576320
2019-11-15 21:59:40,155 [main] INFO  volume.VolumeSet (VolumeSet.java:initializeVolumeSet(170)) - Added Volume : /workdir/hadoop-ozone/tools/target/test-dir/MiniOzoneClusterImpl-95de1c25-f016-473e-a03a-279cab8467aa/datanode-0/data/containers/hdds to VolumeSet
2019-11-15 21:59:40,158 [main] INFO  volume.ThrottledAsyncChecker (ThrottledAsyncChecker.java:schedule(141)) - Scheduling a check for /workdir/hadoop-ozone/tools/target/test-dir/MiniOzoneClusterImpl-95de1c25-f016-473e-a03a-279cab8467aa/datanode-0/data/containers/hdds
2019-11-15 21:59:40,175 [main] INFO  volume.HddsVolumeChecker (HddsVolumeChecker.java:checkAllVolumes(204)) - Scheduled health check for volume /workdir/hadoop-ozone/tools/target/test-dir/MiniOzoneClusterImpl-95de1c25-f016-473e-a03a-279cab8467aa/datanode-0/data/containers/hdds
2019-11-15 21:59:40,287 [main] INFO  impl.RaftServerProxy (ConfUtils.java:logGet(43)) - raft.rpc.type = GRPC (default)
2019-11-15 21:59:40,356 [main] INFO  grpc.GrpcFactory (GrpcFactory.java:checkPooledByteBufAllocatorUseCacheForAllThreads(45)) - PERFORMANCE WARNING: useCacheForAllThreads is true that may cause Netty to create a lot garbage objects and, as a result, trigger GC.
	It is recommended to disable useCacheForAllThreads by setting -Dorg.apache.ratis.thirdparty.io.netty.allocator.useCacheForAllThreads=false in command line.
2019-11-15 21:59:40,362 [main] INFO  grpc.GrpcConfigKeys$Server (ConfUtils.java:logGet(43)) - raft.grpc.server.port = 0 (default)
2019-11-15 21:59:40,363 [main] INFO  server.GrpcService (ConfUtils.java:logGet(43)) - raft.grpc.message.size.max = 33570816 (custom)
2019-11-15 21:59:40,364 [main] INFO  server.RaftServerConfigKeys (ConfUtils.java:logGet(43)) - raft.server.log.appender.buffer.byte-limit = 33554432 (custom)
2019-11-15 21:59:40,365 [main] INFO  server.GrpcService (ConfUtils.java:logGet(43)) - raft.grpc.flow.control.window = 1MB (=1048576) (default)
2019-11-15 21:59:40,366 [main] INFO  server.RaftServerConfigKeys (ConfUtils.java:logGet(43)) - raft.server.rpc.request.timeout = 3000ms (default)
2019-11-15 21:59:40,556 [main] INFO  server.RaftServerConfigKeys (ConfUtils.java:logGet(43)) - raft.server.storage.dir = [/workdir/hadoop-ozone/tools/target/test-dir/MiniOzoneClusterImpl-95de1c25-f016-473e-a03a-279cab8467aa/datanode-0/data/ratis] (custom)
2019-11-15 21:59:40,636 [main] INFO  hdfs.DFSUtil (DFSUtil.java:httpServerTemplateForNNAndJN(1641)) - Starting Web-server for hddsDatanode at: http://0.0.0.0:0
2019-11-15 21:59:40,639 [main] INFO  server.AuthenticationFilter (AuthenticationFilter.java:constructSecretProvider(240)) - Unable to initialize FileSignerSecretProvider, falling back to use random secrets.
2019-11-15 21:59:40,640 [main] WARN  http.HttpRequestLog (HttpRequestLog.java:getRequestLog(97)) - Jetty request log can only be enabled using Log4j
2019-11-15 21:59:40,643 [main] INFO  http.HttpServer2 (HttpServer2.java:addGlobalFilter(975)) - Added global filter 'safety' (class=org.apache.hadoop.http.HttpServer2$QuotingInputFilter)
2019-11-15 21:59:40,644 [main] INFO  http.HttpServer2 (HttpServer2.java:addFilter(948)) - Added filter static_user_filter (class=org.apache.hadoop.http.lib.StaticUserWebFilter$StaticUserFilter) to context hddsDatanode
2019-11-15 21:59:40,644 [main] INFO  http.HttpServer2 (HttpServer2.java:addFilter(958)) - Added filter static_user_filter (class=org.apache.hadoop.http.lib.StaticUserWebFilter$StaticUserFilter) to context logs
2019-11-15 21:59:40,644 [main] INFO  http.HttpServer2 (HttpServer2.java:addFilter(958)) - Added filter static_user_filter (class=org.apache.hadoop.http.lib.StaticUserWebFilter$StaticUserFilter) to context static
2019-11-15 21:59:40,646 [main] INFO  http.HttpServer2 (HttpServer2.java:bindListener(1191)) - Jetty bound to port 40789
2019-11-15 21:59:40,646 [main] INFO  server.Server (Server.java:doStart(351)) - jetty-9.3.25.v20180904, build timestamp: 2018-09-04T21:11:46Z, git hash: 3ce520221d0240229c862b122d2b06c12a625732
2019-11-15 21:59:40,650 [main] INFO  handler.ContextHandler (ContextHandler.java:doStart(781)) - Started o.e.j.s.ServletContextHandler@1ba359bd{/logs,file:///workdir/hadoop-ozone/tools/target/log,AVAILABLE}
2019-11-15 21:59:40,651 [main] INFO  handler.ContextHandler (ContextHandler.java:doStart(781)) - Started o.e.j.s.ServletContextHandler@673919a7{/static,jar:file:/home/user/.m2/repository/org/apache/hadoop/hadoop-hdds-container-service/0.5.0-SNAPSHOT/hadoop-hdds-container-service-0.5.0-SNAPSHOT.jar!/webapps/static,AVAILABLE}
2019-11-15 21:59:40,697 [main] INFO  handler.ContextHandler (ContextHandler.java:doStart(781)) - Started o.e.j.w.WebAppContext@546e61d5{/,file:///tmp/jetty-0.0.0.0-40789-hddsDatanode-_-any-2390453426612707053.dir/webapp/,AVAILABLE}{/hddsDatanode}
2019-11-15 21:59:40,698 [main] INFO  server.AbstractConnector (AbstractConnector.java:doStart(278)) - Started ServerConnector@4674d90{HTTP/1.1,[http/1.1]}{0.0.0.0:40789}
2019-11-15 21:59:40,698 [main] INFO  server.Server (Server.java:doStart(419)) - Started @4601ms
2019-11-15 21:59:40,699 [main] WARN  impl.MetricsSystemImpl (MetricsSystemImpl.java:register(276)) - Sink prometheus already exists!
2019-11-15 21:59:40,700 [main] INFO  server.BaseHttpServer (BaseHttpServer.java:updateConnectorAddress(215)) - HTTP server of HDDSDATANODE is listening at http://0.0.0.0:40789
2019-11-15 21:59:40,701 [main] INFO  impl.MetricsSystemImpl (MetricsSystemImpl.java:init(158)) - HddsDatanode metrics system started (again)
2019-11-15 21:59:40,703 [main] INFO  ozone.HddsDatanodeService (HddsDatanodeService.java:start(186)) - HddsDatanodeService host:pr-hdds-2515-logtostringformatter-dwl4z-3795388632 ip:192.168.34.53
2019-11-15 21:59:40,706 [org.apache.hadoop.util.JvmPauseMonitor$Monitor@3fd3b5a6] INFO  util.JvmPauseMonitor (JvmPauseMonitor.java:run(188)) - Starting JVM pause monitor
2019-11-15 21:59:40,713 [main] INFO  volume.HddsVolume (HddsVolume.java:<init>(176)) - Creating Volume: /workdir/hadoop-ozone/tools/target/test-dir/MiniOzoneClusterImpl-95de1c25-f016-473e-a03a-279cab8467aa/datanode-1/data/containers/hdds of  storage type : DISK and capacity : 1482555576320
2019-11-15 21:59:40,713 [main] INFO  volume.VolumeSet (VolumeSet.java:initializeVolumeSet(170)) - Added Volume : /workdir/hadoop-ozone/tools/target/test-dir/MiniOzoneClusterImpl-95de1c25-f016-473e-a03a-279cab8467aa/datanode-1/data/containers/hdds to VolumeSet
2019-11-15 21:59:40,713 [main] INFO  volume.ThrottledAsyncChecker (ThrottledAsyncChecker.java:schedule(141)) - Scheduling a check for /workdir/hadoop-ozone/tools/target/test-dir/MiniOzoneClusterImpl-95de1c25-f016-473e-a03a-279cab8467aa/datanode-1/data/containers/hdds
2019-11-15 21:59:40,714 [main] INFO  volume.HddsVolumeChecker (HddsVolumeChecker.java:checkAllVolumes(204)) - Scheduled health check for volume /workdir/hadoop-ozone/tools/target/test-dir/MiniOzoneClusterImpl-95de1c25-f016-473e-a03a-279cab8467aa/datanode-1/data/containers/hdds
2019-11-15 21:59:40,727 [main] INFO  impl.RaftServerProxy (ConfUtils.java:logGet(43)) - raft.rpc.type = GRPC (default)
2019-11-15 21:59:40,728 [main] INFO  grpc.GrpcFactory (GrpcFactory.java:checkPooledByteBufAllocatorUseCacheForAllThreads(45)) - PERFORMANCE WARNING: useCacheForAllThreads is true that may cause Netty to create a lot garbage objects and, as a result, trigger GC.
	It is recommended to disable useCacheForAllThreads by setting -Dorg.apache.ratis.thirdparty.io.netty.allocator.useCacheForAllThreads=false in command line.
2019-11-15 21:59:40,728 [main] INFO  grpc.GrpcConfigKeys$Server (ConfUtils.java:logGet(43)) - raft.grpc.server.port = 0 (default)
2019-11-15 21:59:40,728 [main] INFO  server.GrpcService (ConfUtils.java:logGet(43)) - raft.grpc.message.size.max = 33570816 (custom)
2019-11-15 21:59:40,728 [main] INFO  server.RaftServerConfigKeys (ConfUtils.java:logGet(43)) - raft.server.log.appender.buffer.byte-limit = 33554432 (custom)
2019-11-15 21:59:40,729 [main] INFO  server.GrpcService (ConfUtils.java:logGet(43)) - raft.grpc.flow.control.window = 1MB (=1048576) (default)
2019-11-15 21:59:40,729 [main] INFO  server.RaftServerConfigKeys (ConfUtils.java:logGet(43)) - raft.server.rpc.request.timeout = 3000ms (default)
2019-11-15 21:59:40,729 [main] INFO  server.RaftServerConfigKeys (ConfUtils.java:logGet(43)) - raft.server.storage.dir = [/workdir/hadoop-ozone/tools/target/test-dir/MiniOzoneClusterImpl-95de1c25-f016-473e-a03a-279cab8467aa/datanode-1/data/ratis] (custom)
2019-11-15 21:59:40,731 [main] INFO  hdfs.DFSUtil (DFSUtil.java:httpServerTemplateForNNAndJN(1641)) - Starting Web-server for hddsDatanode at: http://0.0.0.0:0
2019-11-15 21:59:40,733 [main] INFO  server.AuthenticationFilter (AuthenticationFilter.java:constructSecretProvider(240)) - Unable to initialize FileSignerSecretProvider, falling back to use random secrets.
2019-11-15 21:59:40,733 [main] WARN  http.HttpRequestLog (HttpRequestLog.java:getRequestLog(97)) - Jetty request log can only be enabled using Log4j
2019-11-15 21:59:40,735 [main] INFO  http.HttpServer2 (HttpServer2.java:addGlobalFilter(975)) - Added global filter 'safety' (class=org.apache.hadoop.http.HttpServer2$QuotingInputFilter)
2019-11-15 21:59:40,735 [main] INFO  http.HttpServer2 (HttpServer2.java:addFilter(948)) - Added filter static_user_filter (class=org.apache.hadoop.http.lib.StaticUserWebFilter$StaticUserFilter) to context hddsDatanode
2019-11-15 21:59:40,735 [main] INFO  http.HttpServer2 (HttpServer2.java:addFilter(958)) - Added filter static_user_filter (class=org.apache.hadoop.http.lib.StaticUserWebFilter$StaticUserFilter) to context logs
2019-11-15 21:59:40,736 [main] INFO  http.HttpServer2 (HttpServer2.java:addFilter(958)) - Added filter static_user_filter (class=org.apache.hadoop.http.lib.StaticUserWebFilter$StaticUserFilter) to context static
2019-11-15 21:59:40,736 [main] INFO  http.HttpServer2 (HttpServer2.java:bindListener(1191)) - Jetty bound to port 45795
2019-11-15 21:59:40,737 [main] INFO  server.Server (Server.java:doStart(351)) - jetty-9.3.25.v20180904, build timestamp: 2018-09-04T21:11:46Z, git hash: 3ce520221d0240229c862b122d2b06c12a625732
2019-11-15 21:59:40,739 [main] INFO  handler.ContextHandler (ContextHandler.java:doStart(781)) - Started o.e.j.s.ServletContextHandler@60325987{/logs,file:///workdir/hadoop-ozone/tools/target/log,AVAILABLE}
2019-11-15 21:59:40,739 [main] INFO  handler.ContextHandler (ContextHandler.java:doStart(781)) - Started o.e.j.s.ServletContextHandler@3374b5bc{/static,jar:file:/home/user/.m2/repository/org/apache/hadoop/hadoop-hdds-container-service/0.5.0-SNAPSHOT/hadoop-hdds-container-service-0.5.0-SNAPSHOT.jar!/webapps/static,AVAILABLE}
2019-11-15 21:59:40,770 [main] INFO  handler.ContextHandler (ContextHandler.java:doStart(781)) - Started o.e.j.w.WebAppContext@4649d70a{/,file:///tmp/jetty-0.0.0.0-45795-hddsDatanode-_-any-7061240724076619098.dir/webapp/,AVAILABLE}{/hddsDatanode}
2019-11-15 21:59:40,771 [main] INFO  server.AbstractConnector (AbstractConnector.java:doStart(278)) - Started ServerConnector@5d43409a{HTTP/1.1,[http/1.1]}{0.0.0.0:45795}
2019-11-15 21:59:40,771 [main] INFO  server.Server (Server.java:doStart(419)) - Started @4674ms
2019-11-15 21:59:40,772 [main] WARN  impl.MetricsSystemImpl (MetricsSystemImpl.java:register(276)) - Sink prometheus already exists!
2019-11-15 21:59:40,773 [main] INFO  server.BaseHttpServer (BaseHttpServer.java:updateConnectorAddress(215)) - HTTP server of HDDSDATANODE is listening at http://0.0.0.0:45795
2019-11-15 21:59:40,773 [main] INFO  impl.MetricsSystemImpl (MetricsSystemImpl.java:init(158)) - HddsDatanode metrics system started (again)
2019-11-15 21:59:40,776 [main] INFO  ozone.HddsDatanodeService (HddsDatanodeService.java:start(186)) - HddsDatanodeService host:pr-hdds-2515-logtostringformatter-dwl4z-3795388632 ip:192.168.34.53
2019-11-15 21:59:40,776 [org.apache.hadoop.util.JvmPauseMonitor$Monitor@26de416e] INFO  util.JvmPauseMonitor (JvmPauseMonitor.java:run(188)) - Starting JVM pause monitor
2019-11-15 21:59:40,784 [main] INFO  volume.HddsVolume (HddsVolume.java:<init>(176)) - Creating Volume: /workdir/hadoop-ozone/tools/target/test-dir/MiniOzoneClusterImpl-95de1c25-f016-473e-a03a-279cab8467aa/datanode-2/data/containers/hdds of  storage type : DISK and capacity : 1482555576320
2019-11-15 21:59:40,785 [main] INFO  volume.VolumeSet (VolumeSet.java:initializeVolumeSet(170)) - Added Volume : /workdir/hadoop-ozone/tools/target/test-dir/MiniOzoneClusterImpl-95de1c25-f016-473e-a03a-279cab8467aa/datanode-2/data/containers/hdds to VolumeSet
2019-11-15 21:59:40,785 [main] INFO  volume.ThrottledAsyncChecker (ThrottledAsyncChecker.java:schedule(141)) - Scheduling a check for /workdir/hadoop-ozone/tools/target/test-dir/MiniOzoneClusterImpl-95de1c25-f016-473e-a03a-279cab8467aa/datanode-2/data/containers/hdds
2019-11-15 21:59:40,785 [main] INFO  volume.HddsVolumeChecker (HddsVolumeChecker.java:checkAllVolumes(204)) - Scheduled health check for volume /workdir/hadoop-ozone/tools/target/test-dir/MiniOzoneClusterImpl-95de1c25-f016-473e-a03a-279cab8467aa/datanode-2/data/containers/hdds
2019-11-15 21:59:40,800 [main] INFO  impl.RaftServerProxy (ConfUtils.java:logGet(43)) - raft.rpc.type = GRPC (default)
2019-11-15 21:59:40,801 [main] INFO  grpc.GrpcFactory (GrpcFactory.java:checkPooledByteBufAllocatorUseCacheForAllThreads(45)) - PERFORMANCE WARNING: useCacheForAllThreads is true that may cause Netty to create a lot garbage objects and, as a result, trigger GC.
	It is recommended to disable useCacheForAllThreads by setting -Dorg.apache.ratis.thirdparty.io.netty.allocator.useCacheForAllThreads=false in command line.
2019-11-15 21:59:40,801 [main] INFO  grpc.GrpcConfigKeys$Server (ConfUtils.java:logGet(43)) - raft.grpc.server.port = 0 (default)
2019-11-15 21:59:40,801 [main] INFO  server.GrpcService (ConfUtils.java:logGet(43)) - raft.grpc.message.size.max = 33570816 (custom)
2019-11-15 21:59:40,801 [main] INFO  server.RaftServerConfigKeys (ConfUtils.java:logGet(43)) - raft.server.log.appender.buffer.byte-limit = 33554432 (custom)
2019-11-15 21:59:40,802 [main] INFO  server.GrpcService (ConfUtils.java:logGet(43)) - raft.grpc.flow.control.window = 1MB (=1048576) (default)
2019-11-15 21:59:40,802 [main] INFO  server.RaftServerConfigKeys (ConfUtils.java:logGet(43)) - raft.server.rpc.request.timeout = 3000ms (default)
2019-11-15 21:59:40,802 [main] INFO  server.RaftServerConfigKeys (ConfUtils.java:logGet(43)) - raft.server.storage.dir = [/workdir/hadoop-ozone/tools/target/test-dir/MiniOzoneClusterImpl-95de1c25-f016-473e-a03a-279cab8467aa/datanode-2/data/ratis] (custom)
2019-11-15 21:59:40,805 [main] INFO  hdfs.DFSUtil (DFSUtil.java:httpServerTemplateForNNAndJN(1641)) - Starting Web-server for hddsDatanode at: http://0.0.0.0:0
2019-11-15 21:59:40,806 [main] INFO  server.AuthenticationFilter (AuthenticationFilter.java:constructSecretProvider(240)) - Unable to initialize FileSignerSecretProvider, falling back to use random secrets.
2019-11-15 21:59:40,807 [main] WARN  http.HttpRequestLog (HttpRequestLog.java:getRequestLog(97)) - Jetty request log can only be enabled using Log4j
2019-11-15 21:59:40,809 [main] INFO  http.HttpServer2 (HttpServer2.java:addGlobalFilter(975)) - Added global filter 'safety' (class=org.apache.hadoop.http.HttpServer2$QuotingInputFilter)
2019-11-15 21:59:40,809 [main] INFO  http.HttpServer2 (HttpServer2.java:addFilter(948)) - Added filter static_user_filter (class=org.apache.hadoop.http.lib.StaticUserWebFilter$StaticUserFilter) to context hddsDatanode
2019-11-15 21:59:40,810 [main] INFO  http.HttpServer2 (HttpServer2.java:addFilter(958)) - Added filter static_user_filter (class=org.apache.hadoop.http.lib.StaticUserWebFilter$StaticUserFilter) to context logs
2019-11-15 21:59:40,810 [main] INFO  http.HttpServer2 (HttpServer2.java:addFilter(958)) - Added filter static_user_filter (class=org.apache.hadoop.http.lib.StaticUserWebFilter$StaticUserFilter) to context static
2019-11-15 21:59:40,811 [main] INFO  http.HttpServer2 (HttpServer2.java:bindListener(1191)) - Jetty bound to port 40805
2019-11-15 21:59:40,811 [main] INFO  server.Server (Server.java:doStart(351)) - jetty-9.3.25.v20180904, build timestamp: 2018-09-04T21:11:46Z, git hash: 3ce520221d0240229c862b122d2b06c12a625732
2019-11-15 21:59:40,813 [Datanode State Machine Thread - 0] INFO  datanode.InitDatanodeState (InitDatanodeState.java:persistContainerDatanodeDetails(140)) - DatanodeDetails is persisted to /workdir/hadoop-ozone/tools/target/test-dir/MiniOzoneClusterImpl-95de1c25-f016-473e-a03a-279cab8467aa/datanode-0/meta/datanode.id
2019-11-15 21:59:40,817 [main] INFO  handler.ContextHandler (ContextHandler.java:doStart(781)) - Started o.e.j.s.ServletContextHandler@70228253{/logs,file:///workdir/hadoop-ozone/tools/target/log,AVAILABLE}
2019-11-15 21:59:40,818 [Datanode State Machine Thread - 0] INFO  datanode.InitDatanodeState (InitDatanodeState.java:persistContainerDatanodeDetails(140)) - DatanodeDetails is persisted to /workdir/hadoop-ozone/tools/target/test-dir/MiniOzoneClusterImpl-95de1c25-f016-473e-a03a-279cab8467aa/datanode-1/meta/datanode.id
2019-11-15 21:59:40,818 [main] INFO  handler.ContextHandler (ContextHandler.java:doStart(781)) - Started o.e.j.s.ServletContextHandler@21bd20ee{/static,jar:file:/home/user/.m2/repository/org/apache/hadoop/hadoop-hdds-container-service/0.5.0-SNAPSHOT/hadoop-hdds-container-service-0.5.0-SNAPSHOT.jar!/webapps/static,AVAILABLE}
2019-11-15 21:59:40,849 [main] INFO  handler.ContextHandler (ContextHandler.java:doStart(781)) - Started o.e.j.w.WebAppContext@68a4dcc6{/,file:///tmp/jetty-0.0.0.0-40805-hddsDatanode-_-any-2137934519697434220.dir/webapp/,AVAILABLE}{/hddsDatanode}
2019-11-15 21:59:40,850 [main] INFO  server.AbstractConnector (AbstractConnector.java:doStart(278)) - Started ServerConnector@646c0a67{HTTP/1.1,[http/1.1]}{0.0.0.0:40805}
2019-11-15 21:59:40,851 [main] INFO  server.Server (Server.java:doStart(419)) - Started @4754ms
2019-11-15 21:59:40,851 [main] WARN  impl.MetricsSystemImpl (MetricsSystemImpl.java:register(276)) - Sink prometheus already exists!
2019-11-15 21:59:40,852 [main] INFO  server.BaseHttpServer (BaseHttpServer.java:updateConnectorAddress(215)) - HTTP server of HDDSDATANODE is listening at http://0.0.0.0:40805
2019-11-15 21:59:40,853 [main] INFO  ozone.MiniOzoneClusterImpl (MiniOzoneClusterImpl.java:lambda$waitForClusterToBeReady$2(171)) - Waiting for cluster to be ready. Got 0 of 3 DN Heartbeats.
2019-11-15 21:59:40,855 [org.apache.hadoop.util.JvmPauseMonitor$Monitor@4083e4e] INFO  util.JvmPauseMonitor (JvmPauseMonitor.java:run(188)) - Starting JVM pause monitor
2019-11-15 21:59:40,858 [Datanode State Machine Thread - 0] INFO  datanode.InitDatanodeState (InitDatanodeState.java:persistContainerDatanodeDetails(140)) - DatanodeDetails is persisted to /workdir/hadoop-ozone/tools/target/test-dir/MiniOzoneClusterImpl-95de1c25-f016-473e-a03a-279cab8467aa/datanode-2/meta/datanode.id
2019-11-15 21:59:41,854 [main] INFO  ozone.MiniOzoneClusterImpl (MiniOzoneClusterImpl.java:lambda$waitForClusterToBeReady$2(171)) - Waiting for cluster to be ready. Got 0 of 3 DN Heartbeats.
2019-11-15 21:59:42,784 [Datanode State Machine Thread - 0] INFO  ozoneimpl.OzoneContainer (OzoneContainer.java:start(230)) - Attempting to start container services.
2019-11-15 21:59:42,784 [Datanode State Machine Thread - 0] INFO  ozoneimpl.OzoneContainer (OzoneContainer.java:start(230)) - Attempting to start container services.
2019-11-15 21:59:42,788 [Datanode State Machine Thread - 0] INFO  ozoneimpl.OzoneContainer (OzoneContainer.java:startContainerScrub(194)) - Background container scanner has been disabled.
2019-11-15 21:59:42,788 [Datanode State Machine Thread - 0] INFO  ozoneimpl.OzoneContainer (OzoneContainer.java:startContainerScrub(194)) - Background container scanner has been disabled.
2019-11-15 21:59:42,788 [Datanode State Machine Thread - 0] INFO  ratis.XceiverServerRatis (XceiverServerRatis.java:start(421)) - Starting XceiverServerRatis 7bddf562-1f00-4607-a353-a19b68c8d3ee at port 0
2019-11-15 21:59:42,788 [Datanode State Machine Thread - 0] INFO  ratis.XceiverServerRatis (XceiverServerRatis.java:start(421)) - Starting XceiverServerRatis c2c6407b-784c-4e4b-bc36-d8006e9d82c2 at port 0
2019-11-15 21:59:42,818 [Datanode State Machine Thread - 0] INFO  impl.RaftServerProxy (RaftServerProxy.java:lambda$start$3(299)) - 7bddf562-1f00-4607-a353-a19b68c8d3ee: start RPC server
2019-11-15 21:59:42,818 [Datanode State Machine Thread - 0] INFO  impl.RaftServerProxy (RaftServerProxy.java:lambda$start$3(299)) - c2c6407b-784c-4e4b-bc36-d8006e9d82c2: start RPC server
2019-11-15 21:59:42,855 [main] INFO  ozone.MiniOzoneClusterImpl (MiniOzoneClusterImpl.java:lambda$waitForClusterToBeReady$2(171)) - Waiting for cluster to be ready. Got 0 of 3 DN Heartbeats.
2019-11-15 21:59:42,870 [Datanode State Machine Thread - 0] INFO  ozoneimpl.OzoneContainer (OzoneContainer.java:start(230)) - Attempting to start container services.
2019-11-15 21:59:42,876 [Datanode State Machine Thread - 0] INFO  ozoneimpl.OzoneContainer (OzoneContainer.java:startContainerScrub(194)) - Background container scanner has been disabled.
2019-11-15 21:59:42,877 [Datanode State Machine Thread - 0] INFO  ratis.XceiverServerRatis (XceiverServerRatis.java:start(421)) - Starting XceiverServerRatis 161f52f7-f736-41b9-9c3d-dd314a5b9569 at port 0
2019-11-15 21:59:42,886 [Datanode State Machine Thread - 0] INFO  impl.RaftServerProxy (RaftServerProxy.java:lambda$start$3(299)) - 161f52f7-f736-41b9-9c3d-dd314a5b9569: start RPC server
2019-11-15 21:59:42,968 [Datanode State Machine Thread - 0] INFO  server.GrpcService (GrpcService.java:startImpl(158)) - 161f52f7-f736-41b9-9c3d-dd314a5b9569: GrpcService started, listening on 0.0.0.0/0.0.0.0:32784
2019-11-15 21:59:42,968 [Datanode State Machine Thread - 0] INFO  server.GrpcService (GrpcService.java:startImpl(158)) - c2c6407b-784c-4e4b-bc36-d8006e9d82c2: GrpcService started, listening on 0.0.0.0/0.0.0.0:33375
2019-11-15 21:59:42,968 [Datanode State Machine Thread - 0] INFO  server.GrpcService (GrpcService.java:startImpl(158)) - 7bddf562-1f00-4607-a353-a19b68c8d3ee: GrpcService started, listening on 0.0.0.0/0.0.0.0:44886
2019-11-15 21:59:42,969 [Datanode State Machine Thread - 0] INFO  ratis.XceiverServerRatis (XceiverServerRatis.java:start(431)) - XceiverServerRatis c2c6407b-784c-4e4b-bc36-d8006e9d82c2 is started using port 33375
2019-11-15 21:59:42,969 [Datanode State Machine Thread - 0] INFO  ratis.XceiverServerRatis (XceiverServerRatis.java:start(431)) - XceiverServerRatis 161f52f7-f736-41b9-9c3d-dd314a5b9569 is started using port 32784
2019-11-15 21:59:42,969 [Datanode State Machine Thread - 0] INFO  ratis.XceiverServerRatis (XceiverServerRatis.java:start(431)) - XceiverServerRatis 7bddf562-1f00-4607-a353-a19b68c8d3ee is started using port 44886
2019-11-15 21:59:42,974 [Datanode State Machine Thread - 0] INFO  server.XceiverServerGrpc (XceiverServerGrpc.java:start(145)) - XceiverServerGrpc 7bddf562-1f00-4607-a353-a19b68c8d3ee is started using port 35724
2019-11-15 21:59:42,974 [Datanode State Machine Thread - 0] INFO  server.XceiverServerGrpc (XceiverServerGrpc.java:start(145)) - XceiverServerGrpc 161f52f7-f736-41b9-9c3d-dd314a5b9569 is started using port 34946
2019-11-15 21:59:42,975 [Datanode State Machine Thread - 0] INFO  server.XceiverServerGrpc (XceiverServerGrpc.java:start(145)) - XceiverServerGrpc c2c6407b-784c-4e4b-bc36-d8006e9d82c2 is started using port 40084
2019-11-15 21:59:43,855 [main] INFO  ozone.MiniOzoneClusterImpl (MiniOzoneClusterImpl.java:lambda$waitForClusterToBeReady$2(171)) - Waiting for cluster to be ready. Got 0 of 3 DN Heartbeats.
2019-11-15 21:59:44,743 [IPC Server handler 0 on 44114] INFO  net.NetworkTopology (NetworkTopologyImpl.java:add(111)) - Added a new node: /default-rack/7bddf562-1f00-4607-a353-a19b68c8d3ee
2019-11-15 21:59:44,744 [IPC Server handler 0 on 44114] INFO  node.SCMNodeManager (SCMNodeManager.java:register(267)) - Registered Data node : 7bddf562-1f00-4607-a353-a19b68c8d3ee{ip: 192.168.34.53, host: pr-hdds-2515-logtostringformatter-dwl4z-3795388632, networkLocation: /default-rack, certSerialId: null}
2019-11-15 21:59:44,746 [EventQueue-NodeRegistrationContainerReportForDataNodeSafeModeRule] INFO  safemode.SCMSafeModeManager (DataNodeSafeModeRule.java:process(71)) - SCM in safe mode. 1 DataNodes registered, 1 required.
2019-11-15 21:59:44,747 [EventQueue-NodeRegistrationContainerReportForDataNodeSafeModeRule] INFO  safemode.SCMSafeModeManager (SCMSafeModeManager.java:validateSafeModeExitRules(177)) - ScmSafeModeManager, all rules are successfully validated
2019-11-15 21:59:44,747 [EventQueue-NodeRegistrationContainerReportForDataNodeSafeModeRule] INFO  safemode.SCMSafeModeManager (SCMSafeModeManager.java:exitSafeMode(193)) - SCM exiting safe mode.
2019-11-15 21:59:44,781 [IPC Server handler 2 on 44114] INFO  net.NetworkTopology (NetworkTopologyImpl.java:add(111)) - Added a new node: /default-rack/c2c6407b-784c-4e4b-bc36-d8006e9d82c2
2019-11-15 21:59:44,781 [IPC Server handler 2 on 44114] INFO  node.SCMNodeManager (SCMNodeManager.java:register(267)) - Registered Data node : c2c6407b-784c-4e4b-bc36-d8006e9d82c2{ip: 192.168.34.53, host: pr-hdds-2515-logtostringformatter-dwl4z-3795388632, networkLocation: /default-rack, certSerialId: null}
2019-11-15 21:59:44,857 [IPC Server handler 3 on 44114] INFO  net.NetworkTopology (NetworkTopologyImpl.java:add(111)) - Added a new node: /default-rack/161f52f7-f736-41b9-9c3d-dd314a5b9569
2019-11-15 21:59:44,858 [IPC Server handler 3 on 44114] INFO  node.SCMNodeManager (SCMNodeManager.java:register(267)) - Registered Data node : 161f52f7-f736-41b9-9c3d-dd314a5b9569{ip: 192.168.34.53, host: pr-hdds-2515-logtostringformatter-dwl4z-3795388632, networkLocation: /default-rack, certSerialId: null}
2019-11-15 21:59:45,141 [grpc-default-executor-0] INFO  impl.RaftServerProxy (RaftServerProxy.java:addNew(89)) - 7bddf562-1f00-4607-a353-a19b68c8d3ee: addNew group-8A0720F951D1:[7bddf562-1f00-4607-a353-a19b68c8d3ee:192.168.34.53:44886] returns group-8A0720F951D1:java.util.concurrent.CompletableFuture@1dd25f39[Not completed]
2019-11-15 21:59:45,152 [pool-27-thread-1] INFO  impl.RaftServerImpl (RaftServerImpl.java:<init>(98)) - 7bddf562-1f00-4607-a353-a19b68c8d3ee: new RaftServerImpl for group-8A0720F951D1:[7bddf562-1f00-4607-a353-a19b68c8d3ee:192.168.34.53:44886] with ContainerStateMachine:uninitialized
2019-11-15 21:59:45,154 [pool-27-thread-1] INFO  server.RaftServerConfigKeys (ConfUtils.java:logGet(43)) - raft.server.rpc.timeout.min = 5s (custom)
2019-11-15 21:59:45,155 [pool-27-thread-1] INFO  server.RaftServerConfigKeys (ConfUtils.java:logGet(43)) - raft.server.rpc.timeout.max = 5200ms (custom)
2019-11-15 21:59:45,155 [pool-27-thread-1] INFO  server.RaftServerConfigKeys (ConfUtils.java:logGet(43)) - raft.server.rpcslowness.timeout = 120s (custom)
2019-11-15 21:59:45,155 [pool-27-thread-1] INFO  server.RaftServerConfigKeys (ConfUtils.java:logGet(43)) - raft.server.sleep.deviation.threshold = 300 (default)
2019-11-15 21:59:45,156 [pool-27-thread-1] INFO  server.RaftServerConfigKeys (ConfUtils.java:logGet(43)) - raft.server.log.appender.install.snapshot.enabled = false (custom)
2019-11-15 21:59:45,161 [pool-27-thread-1] INFO  impl.RaftServerImpl (ServerState.java:<init>(103)) - 7bddf562-1f00-4607-a353-a19b68c8d3ee@group-8A0720F951D1: ConfigurationManager, init=-1: [7bddf562-1f00-4607-a353-a19b68c8d3ee:192.168.34.53:44886], old=null, confs=<EMPTY_MAP>
2019-11-15 21:59:45,162 [pool-27-thread-1] INFO  server.RaftServerConfigKeys (ConfUtils.java:logGet(43)) - raft.server.storage.dir = [/workdir/hadoop-ozone/tools/target/test-dir/MiniOzoneClusterImpl-95de1c25-f016-473e-a03a-279cab8467aa/datanode-0/data/ratis] (custom)
2019-11-15 21:59:45,166 [pool-27-thread-1] INFO  server.RaftServerConfigKeys (ConfUtils.java:logGet(43)) - raft.server.log.corruption.policy = EXCEPTION (default)
2019-11-15 21:59:45,168 [pool-27-thread-1] INFO  storage.RaftStorageDirectory (RaftStorageDirectory.java:analyzeStorage(246)) - The storage directory /workdir/hadoop-ozone/tools/target/test-dir/MiniOzoneClusterImpl-95de1c25-f016-473e-a03a-279cab8467aa/datanode-0/data/ratis/9b1e8d2b-c739-425f-8aac-8a0720f951d1 does not exist. Creating ...
2019-11-15 21:59:45,184 [pool-27-thread-1] INFO  storage.RaftStorageDirectory (RaftStorageDirectory.java:tryLock(328)) - Lock on /workdir/hadoop-ozone/tools/target/test-dir/MiniOzoneClusterImpl-95de1c25-f016-473e-a03a-279cab8467aa/datanode-0/data/ratis/9b1e8d2b-c739-425f-8aac-8a0720f951d1/in_use.lock acquired by nodename 13872@pr-hdds-2515-logtostringformatter-dwl4z-3795388632
2019-11-15 21:59:45,198 [pool-27-thread-1] INFO  storage.RaftStorage (RaftStorage.java:format(84)) - Storage directory /workdir/hadoop-ozone/tools/target/test-dir/MiniOzoneClusterImpl-95de1c25-f016-473e-a03a-279cab8467aa/datanode-0/data/ratis/9b1e8d2b-c739-425f-8aac-8a0720f951d1 has been successfully formatted.
2019-11-15 21:59:45,200 [pool-27-thread-1] INFO  ratis.ContainerStateMachine (ContainerStateMachine.java:loadSnapshot(223)) - group-8A0720F951D1: The snapshot info is null. Setting the last applied indexto:(t:0, i:~)
2019-11-15 21:59:45,200 [pool-27-thread-1] INFO  server.RaftServerConfigKeys (ConfUtils.java:logGet(43)) - raft.server.notification.no-leader.timeout = 120s (custom)
2019-11-15 21:59:45,202 [pool-27-thread-1] INFO  server.RaftServerConfigKeys (ConfUtils.java:logGet(43)) - raft.server.log.use.memory = false (default)
2019-11-15 21:59:45,206 [pool-27-thread-1] INFO  server.RaftServerConfigKeys (ConfUtils.java:logGet(43)) - raft.server.log.purge.gap = 1000000 (custom)
2019-11-15 21:59:45,207 [pool-27-thread-1] INFO  server.RaftServerConfigKeys (ConfUtils.java:logGet(43)) - raft.server.log.appender.buffer.byte-limit = 33554432 (custom)
2019-11-15 21:59:45,208 [pool-27-thread-1] INFO  server.RaftServerConfigKeys (ConfUtils.java:logGet(43)) - raft.server.log.segment.size.max = 1048576 (custom)
2019-11-15 21:59:45,212 [pool-27-thread-1] INFO  metrics.MetricRegistries (MetricRegistriesLoader.java:load(64)) - Loaded MetricRegistries class org.apache.ratis.metrics.impl.MetricRegistriesImpl
2019-11-15 21:59:45,215 [pool-27-thread-1] WARN  impl.MetricRegistriesImpl (MetricRegistriesImpl.java:lambda$create$1(61)) - First MetricRegistry has been created without registering reporters. You may need to call MetricRegistries.global().addReportRegistration(...) before.
2019-11-15 21:59:45,220 [pool-27-thread-1] INFO  server.RaftServerConfigKeys (ConfUtils.java:logGet(43)) - raft.server.log.segment.cache.num.max = 2 (custom)
2019-11-15 21:59:45,224 [pool-27-thread-1] INFO  segmented.SegmentedRaftLogWorker (SegmentedRaftLogWorker.java:<init>(173)) - new 7bddf562-1f00-4607-a353-a19b68c8d3ee@group-8A0720F951D1-SegmentedRaftLogWorker for RaftStorage:Storage Directory /workdir/hadoop-ozone/tools/target/test-dir/MiniOzoneClusterImpl-95de1c25-f016-473e-a03a-279cab8467aa/datanode-0/data/ratis/9b1e8d2b-c739-425f-8aac-8a0720f951d1
2019-11-15 21:59:45,225 [pool-27-thread-1] INFO  server.RaftServerConfigKeys (ConfUtils.java:logGet(43)) - raft.server.log.queue.byte-limit = 2147483647 (custom)
2019-11-15 21:59:45,225 [pool-27-thread-1] INFO  server.RaftServerConfigKeys (ConfUtils.java:logGet(43)) - raft.server.log.queue.element-limit = 1024 (custom)
2019-11-15 21:59:45,226 [pool-27-thread-1] INFO  server.RaftServerConfigKeys (ConfUtils.java:logGet(43)) - raft.server.log.segment.size.max = 1048576 (custom)
2019-11-15 21:59:45,227 [pool-27-thread-1] INFO  server.RaftServerConfigKeys (ConfUtils.java:logGet(43)) - raft.server.log.preallocated.size = 16384 (custom)
2019-11-15 21:59:45,227 [pool-27-thread-1] INFO  server.RaftServerConfigKeys (ConfUtils.java:logGet(43)) - raft.server.log.write.buffer.size = 33554432 (custom)
2019-11-15 21:59:45,227 [pool-27-thread-1] INFO  server.RaftServerConfigKeys (ConfUtils.java:logGet(43)) - raft.server.log.force.sync.num = 128 (default)
2019-11-15 21:59:45,228 [pool-27-thread-1] INFO  server.RaftServerConfigKeys (ConfUtils.java:logGet(43)) - raft.server.log.statemachine.data.sync = true (default)
2019-11-15 21:59:45,228 [pool-27-thread-1] INFO  server.RaftServerConfigKeys (ConfUtils.java:logGet(43)) - raft.server.log.statemachine.data.sync.timeout = 10s (default)
2019-11-15 21:59:45,229 [pool-27-thread-1] INFO  server.RaftServerConfigKeys (ConfUtils.java:logGet(43)) - raft.server.log.statemachine.data.sync.timeout.retry = -1 (default)
2019-11-15 21:59:45,239 [pool-27-thread-1] INFO  server.RaftServerConfigKeys (ConfUtils.java:logGet(43)) - raft.server.log.statemachine.data.caching.enabled = true (custom)
2019-11-15 21:59:45,242 [pool-27-thread-1] INFO  segmented.SegmentedRaftLogWorker (SegmentedRaftLogWorker.java:lambda$new$0(128)) - 7bddf562-1f00-4607-a353-a19b68c8d3ee@group-8A0720F951D1-SegmentedRaftLogWorker: flushIndex: setUnconditionally 0 -> -1
2019-11-15 21:59:45,246 [pool-27-thread-1] INFO  server.RaftServerConfigKeys (ConfUtils.java:logGet(43)) - raft.server.snapshot.auto.trigger.enabled = true (custom)
2019-11-15 21:59:45,246 [pool-27-thread-1] INFO  server.RaftServerConfigKeys (ConfUtils.java:logGet(43)) - raft.server.snapshot.auto.trigger.threshold = 10000 (custom)
2019-11-15 21:59:45,247 [pool-27-thread-1] INFO  server.RaftServerConfigKeys (ConfUtils.java:logGet(43)) - raft.server.snapshot.retention.file.num = 5 (custom)
2019-11-15 21:59:45,247 [pool-27-thread-1] INFO  server.RaftServerConfigKeys (ConfUtils.java:logGet(43)) - raft.server.retrycache.expirytime = 600000ms (custom)
2019-11-15 21:59:45,264 [pool-27-thread-1] WARN  impl.MetricRegistriesImpl (MetricRegistriesImpl.java:lambda$create$1(61)) - First MetricRegistry has been created without registering reporters. You may need to call MetricRegistries.global().addReportRegistration(...) before.
2019-11-15 21:59:45,266 [pool-27-thread-1] WARN  impl.MetricRegistriesImpl (MetricRegistriesImpl.java:lambda$create$1(61)) - First MetricRegistry has been created without registering reporters. You may need to call MetricRegistries.global().addReportRegistration(...) before.
2019-11-15 21:59:45,267 [pool-27-thread-1] INFO  impl.RaftServerImpl (RaftServerImpl.java:start(184)) - 7bddf562-1f00-4607-a353-a19b68c8d3ee@group-8A0720F951D1: start as a follower, conf=-1: [7bddf562-1f00-4607-a353-a19b68c8d3ee:192.168.34.53:44886], old=null
2019-11-15 21:59:45,268 [pool-27-thread-1] INFO  impl.RaftServerImpl (RaftServerImpl.java:setRole(173)) - 7bddf562-1f00-4607-a353-a19b68c8d3ee@group-8A0720F951D1: changes role from      null to FOLLOWER at term 0 for startAsFollower
2019-11-15 21:59:45,269 [pool-27-thread-1] INFO  impl.RoleInfo (RoleInfo.java:updateAndGet(143)) - 7bddf562-1f00-4607-a353-a19b68c8d3ee: start FollowerState
2019-11-15 21:59:45,271 [pool-27-thread-1] INFO  util.JmxRegister (JmxRegister.java:tryRegister(44)) - Successfully registered JMX Bean with object name Ratis:service=RaftServer,group=group-8A0720F951D1,id=7bddf562-1f00-4607-a353-a19b68c8d3ee
2019-11-15 21:59:45,272 [pool-27-thread-1] WARN  impl.MetricRegistriesImpl (MetricRegistriesImpl.java:lambda$create$1(61)) - First MetricRegistry has been created without registering reporters. You may need to call MetricRegistries.global().addReportRegistration(...) before.
2019-11-15 21:59:45,344 [RatisPipelineUtilsThread] INFO  pipeline.PipelineStateManager (PipelineStateManager.java:addPipeline(55)) - Created pipeline Pipeline[ Id: 9b1e8d2b-c739-425f-8aac-8a0720f951d1, Nodes: 7bddf562-1f00-4607-a353-a19b68c8d3ee{ip: 192.168.34.53, host: pr-hdds-2515-logtostringformatter-dwl4z-3795388632, networkLocation: /default-rack, certSerialId: null}, Type:RATIS, Factor:ONE, State:ALLOCATED]
2019-11-15 21:59:45,359 [grpc-default-executor-0] INFO  impl.RaftServerProxy (RaftServerProxy.java:addNew(89)) - c2c6407b-784c-4e4b-bc36-d8006e9d82c2: addNew group-EF17730371BE:[c2c6407b-784c-4e4b-bc36-d8006e9d82c2:192.168.34.53:33375] returns group-EF17730371BE:java.util.concurrent.CompletableFuture@4fdbafcd[Not completed]
2019-11-15 21:59:45,376 [pool-37-thread-1] INFO  impl.RaftServerImpl (RaftServerImpl.java:<init>(98)) - c2c6407b-784c-4e4b-bc36-d8006e9d82c2: new RaftServerImpl for group-EF17730371BE:[c2c6407b-784c-4e4b-bc36-d8006e9d82c2:192.168.34.53:33375] with ContainerStateMachine:uninitialized
2019-11-15 21:59:45,377 [pool-37-thread-1] INFO  server.RaftServerConfigKeys (ConfUtils.java:logGet(43)) - raft.server.rpc.timeout.min = 5s (custom)
2019-11-15 21:59:45,377 [pool-37-thread-1] INFO  server.RaftServerConfigKeys (ConfUtils.java:logGet(43)) - raft.server.rpc.timeout.max = 5200ms (custom)
2019-11-15 21:59:45,377 [pool-37-thread-1] INFO  server.RaftServerConfigKeys (ConfUtils.java:logGet(43)) - raft.server.rpcslowness.timeout = 120s (custom)
2019-11-15 21:59:45,377 [pool-37-thread-1] INFO  server.RaftServerConfigKeys (ConfUtils.java:logGet(43)) - raft.server.sleep.deviation.threshold = 300 (default)
2019-11-15 21:59:45,378 [pool-37-thread-1] INFO  server.RaftServerConfigKeys (ConfUtils.java:logGet(43)) - raft.server.log.appender.install.snapshot.enabled = false (custom)
2019-11-15 21:59:45,378 [pool-37-thread-1] INFO  impl.RaftServerImpl (ServerState.java:<init>(103)) - c2c6407b-784c-4e4b-bc36-d8006e9d82c2@group-EF17730371BE: ConfigurationManager, init=-1: [c2c6407b-784c-4e4b-bc36-d8006e9d82c2:192.168.34.53:33375], old=null, confs=<EMPTY_MAP>
2019-11-15 21:59:45,378 [pool-37-thread-1] INFO  server.RaftServerConfigKeys (ConfUtils.java:logGet(43)) - raft.server.storage.dir = [/workdir/hadoop-ozone/tools/target/test-dir/MiniOzoneClusterImpl-95de1c25-f016-473e-a03a-279cab8467aa/datanode-1/data/ratis] (custom)
2019-11-15 21:59:45,378 [pool-37-thread-1] INFO  server.RaftServerConfigKeys (ConfUtils.java:logGet(43)) - raft.server.log.corruption.policy = EXCEPTION (default)
2019-11-15 21:59:45,378 [pool-37-thread-1] INFO  storage.RaftStorageDirectory (RaftStorageDirectory.java:analyzeStorage(246)) - The storage directory /workdir/hadoop-ozone/tools/target/test-dir/MiniOzoneClusterImpl-95de1c25-f016-473e-a03a-279cab8467aa/datanode-1/data/ratis/0c78035c-de0e-4bef-9ca8-ef17730371be does not exist. Creating ...
2019-11-15 21:59:45,392 [pool-37-thread-1] INFO  storage.RaftStorageDirectory (RaftStorageDirectory.java:tryLock(328)) - Lock on /workdir/hadoop-ozone/tools/target/test-dir/MiniOzoneClusterImpl-95de1c25-f016-473e-a03a-279cab8467aa/datanode-1/data/ratis/0c78035c-de0e-4bef-9ca8-ef17730371be/in_use.lock acquired by nodename 13872@pr-hdds-2515-logtostringformatter-dwl4z-3795388632
2019-11-15 21:59:45,406 [pool-37-thread-1] INFO  storage.RaftStorage (RaftStorage.java:format(84)) - Storage directory /workdir/hadoop-ozone/tools/target/test-dir/MiniOzoneClusterImpl-95de1c25-f016-473e-a03a-279cab8467aa/datanode-1/data/ratis/0c78035c-de0e-4bef-9ca8-ef17730371be has been successfully formatted.
2019-11-15 21:59:45,409 [pool-37-thread-1] INFO  ratis.ContainerStateMachine (ContainerStateMachine.java:loadSnapshot(223)) - group-EF17730371BE: The snapshot info is null. Setting the last applied indexto:(t:0, i:~)
2019-11-15 21:59:45,409 [pool-37-thread-1] INFO  server.RaftServerConfigKeys (ConfUtils.java:logGet(43)) - raft.server.notification.no-leader.timeout = 120s (custom)
2019-11-15 21:59:45,410 [pool-37-thread-1] INFO  server.RaftServerConfigKeys (ConfUtils.java:logGet(43)) - raft.server.log.use.memory = false (default)
2019-11-15 21:59:45,410 [pool-37-thread-1] INFO  server.RaftServerConfigKeys (ConfUtils.java:logGet(43)) - raft.server.log.purge.gap = 1000000 (custom)
2019-11-15 21:59:45,410 [pool-37-thread-1] INFO  server.RaftServerConfigKeys (ConfUtils.java:logGet(43)) - raft.server.log.appender.buffer.byte-limit = 33554432 (custom)
2019-11-15 21:59:45,410 [pool-37-thread-1] INFO  server.RaftServerConfigKeys (ConfUtils.java:logGet(43)) - raft.server.log.segment.size.max = 1048576 (custom)
2019-11-15 21:59:45,410 [pool-37-thread-1] WARN  impl.MetricRegistriesImpl (MetricRegistriesImpl.java:lambda$create$1(61)) - First MetricRegistry has been created without registering reporters. You may need to call MetricRegistries.global().addReportRegistration(...) before.
2019-11-15 21:59:45,411 [pool-37-thread-1] INFO  server.RaftServerConfigKeys (ConfUtils.java:logGet(43)) - raft.server.log.segment.cache.num.max = 2 (custom)
2019-11-15 21:59:45,411 [pool-37-thread-1] INFO  segmented.SegmentedRaftLogWorker (SegmentedRaftLogWorker.java:<init>(173)) - new c2c6407b-784c-4e4b-bc36-d8006e9d82c2@group-EF17730371BE-SegmentedRaftLogWorker for RaftStorage:Storage Directory /workdir/hadoop-ozone/tools/target/test-dir/MiniOzoneClusterImpl-95de1c25-f016-473e-a03a-279cab8467aa/datanode-1/data/ratis/0c78035c-de0e-4bef-9ca8-ef17730371be
2019-11-15 21:59:45,412 [pool-37-thread-1] INFO  server.RaftServerConfigKeys (ConfUtils.java:logGet(43)) - raft.server.log.queue.byte-limit = 2147483647 (custom)
2019-11-15 21:59:45,412 [pool-37-thread-1] INFO  server.RaftServerConfigKeys (ConfUtils.java:logGet(43)) - raft.server.log.queue.element-limit = 1024 (custom)
2019-11-15 21:59:45,412 [pool-37-thread-1] INFO  server.RaftServerConfigKeys (ConfUtils.java:logGet(43)) - raft.server.log.segment.size.max = 1048576 (custom)
2019-11-15 21:59:45,412 [pool-37-thread-1] INFO  server.RaftServerConfigKeys (ConfUtils.java:logGet(43)) - raft.server.log.preallocated.size = 16384 (custom)
2019-11-15 21:59:45,412 [pool-37-thread-1] INFO  server.RaftServerConfigKeys (ConfUtils.java:logGet(43)) - raft.server.log.write.buffer.size = 33554432 (custom)
2019-11-15 21:59:45,412 [pool-37-thread-1] INFO  server.RaftServerConfigKeys (ConfUtils.java:logGet(43)) - raft.server.log.force.sync.num = 128 (default)
2019-11-15 21:59:45,412 [pool-37-thread-1] INFO  server.RaftServerConfigKeys (ConfUtils.java:logGet(43)) - raft.server.log.statemachine.data.sync = true (default)
2019-11-15 21:59:45,413 [pool-37-thread-1] INFO  server.RaftServerConfigKeys (ConfUtils.java:logGet(43)) - raft.server.log.statemachine.data.sync.timeout = 10s (default)
2019-11-15 21:59:45,413 [pool-37-thread-1] INFO  server.RaftServerConfigKeys (ConfUtils.java:logGet(43)) - raft.server.log.statemachine.data.sync.timeout.retry = -1 (default)
2019-11-15 21:59:45,413 [pool-37-thread-1] INFO  server.RaftServerConfigKeys (ConfUtils.java:logGet(43)) - raft.server.log.statemachine.data.caching.enabled = true (custom)
2019-11-15 21:59:45,414 [pool-37-thread-1] INFO  segmented.SegmentedRaftLogWorker (SegmentedRaftLogWorker.java:lambda$new$0(128)) - c2c6407b-784c-4e4b-bc36-d8006e9d82c2@group-EF17730371BE-SegmentedRaftLogWorker: flushIndex: setUnconditionally 0 -> -1
2019-11-15 21:59:45,414 [pool-37-thread-1] INFO  server.RaftServerConfigKeys (ConfUtils.java:logGet(43)) - raft.server.snapshot.auto.trigger.enabled = true (custom)
2019-11-15 21:59:45,414 [pool-37-thread-1] INFO  server.RaftServerConfigKeys (ConfUtils.java:logGet(43)) - raft.server.snapshot.auto.trigger.threshold = 10000 (custom)
2019-11-15 21:59:45,414 [pool-37-thread-1] INFO  server.RaftServerConfigKeys (ConfUtils.java:logGet(43)) - raft.server.snapshot.retention.file.num = 5 (custom)
2019-11-15 21:59:45,414 [pool-37-thread-1] INFO  server.RaftServerConfigKeys (ConfUtils.java:logGet(43)) - raft.server.retrycache.expirytime = 600000ms (custom)
2019-11-15 21:59:45,415 [pool-37-thread-1] WARN  impl.MetricRegistriesImpl (MetricRegistriesImpl.java:lambda$create$1(61)) - First MetricRegistry has been created without registering reporters. You may need to call MetricRegistries.global().addReportRegistration(...) before.
2019-11-15 21:59:45,415 [pool-37-thread-1] WARN  impl.MetricRegistriesImpl (MetricRegistriesImpl.java:lambda$create$1(61)) - First MetricRegistry has been created without registering reporters. You may need to call MetricRegistries.global().addReportRegistration(...) before.
2019-11-15 21:59:45,415 [pool-37-thread-1] INFO  impl.RaftServerImpl (RaftServerImpl.java:start(184)) - c2c6407b-784c-4e4b-bc36-d8006e9d82c2@group-EF17730371BE: start as a follower, conf=-1: [c2c6407b-784c-4e4b-bc36-d8006e9d82c2:192.168.34.53:33375], old=null
2019-11-15 21:59:45,415 [pool-37-thread-1] INFO  impl.RaftServerImpl (RaftServerImpl.java:setRole(173)) - c2c6407b-784c-4e4b-bc36-d8006e9d82c2@group-EF17730371BE: changes role from      null to FOLLOWER at term 0 for startAsFollower
2019-11-15 21:59:45,415 [pool-37-thread-1] INFO  impl.RoleInfo (RoleInfo.java:updateAndGet(143)) - c2c6407b-784c-4e4b-bc36-d8006e9d82c2: start FollowerState
2019-11-15 21:59:45,416 [pool-37-thread-1] INFO  util.JmxRegister (JmxRegister.java:tryRegister(44)) - Successfully registered JMX Bean with object name Ratis:service=RaftServer,group=group-EF17730371BE,id=c2c6407b-784c-4e4b-bc36-d8006e9d82c2
2019-11-15 21:59:45,417 [pool-37-thread-1] WARN  impl.MetricRegistriesImpl (MetricRegistriesImpl.java:lambda$create$1(61)) - First MetricRegistry has been created without registering reporters. You may need to call MetricRegistries.global().addReportRegistration(...) before.
2019-11-15 21:59:45,433 [RatisPipelineUtilsThread] INFO  pipeline.PipelineStateManager (PipelineStateManager.java:addPipeline(55)) - Created pipeline Pipeline[ Id: 0c78035c-de0e-4bef-9ca8-ef17730371be, Nodes: c2c6407b-784c-4e4b-bc36-d8006e9d82c2{ip: 192.168.34.53, host: pr-hdds-2515-logtostringformatter-dwl4z-3795388632, networkLocation: /default-rack, certSerialId: null}, Type:RATIS, Factor:ONE, State:ALLOCATED]
2019-11-15 21:59:45,450 [grpc-default-executor-0] INFO  impl.RaftServerProxy (RaftServerProxy.java:addNew(89)) - 161f52f7-f736-41b9-9c3d-dd314a5b9569: addNew group-46F5C8AFDC46:[161f52f7-f736-41b9-9c3d-dd314a5b9569:192.168.34.53:32784] returns group-46F5C8AFDC46:java.util.concurrent.CompletableFuture@31659ee3[Not completed]
2019-11-15 21:59:45,464 [pool-47-thread-1] INFO  impl.RaftServerImpl (RaftServerImpl.java:<init>(98)) - 161f52f7-f736-41b9-9c3d-dd314a5b9569: new RaftServerImpl for group-46F5C8AFDC46:[161f52f7-f736-41b9-9c3d-dd314a5b9569:192.168.34.53:32784] with ContainerStateMachine:uninitialized
2019-11-15 21:59:45,465 [pool-47-thread-1] INFO  server.RaftServerConfigKeys (ConfUtils.java:logGet(43)) - raft.server.rpc.timeout.min = 5s (custom)
2019-11-15 21:59:45,465 [pool-47-thread-1] INFO  server.RaftServerConfigKeys (ConfUtils.java:logGet(43)) - raft.server.rpc.timeout.max = 5200ms (custom)
2019-11-15 21:59:45,465 [pool-47-thread-1] INFO  server.RaftServerConfigKeys (ConfUtils.java:logGet(43)) - raft.server.rpcslowness.timeout = 120s (custom)
2019-11-15 21:59:45,466 [pool-47-thread-1] INFO  server.RaftServerConfigKeys (ConfUtils.java:logGet(43)) - raft.server.sleep.deviation.threshold = 300 (default)
2019-11-15 21:59:45,466 [pool-47-thread-1] INFO  server.RaftServerConfigKeys (ConfUtils.java:logGet(43)) - raft.server.log.appender.install.snapshot.enabled = false (custom)
2019-11-15 21:59:45,466 [pool-47-thread-1] INFO  impl.RaftServerImpl (ServerState.java:<init>(103)) - 161f52f7-f736-41b9-9c3d-dd314a5b9569@group-46F5C8AFDC46: ConfigurationManager, init=-1: [161f52f7-f736-41b9-9c3d-dd314a5b9569:192.168.34.53:32784], old=null, confs=<EMPTY_MAP>
2019-11-15 21:59:45,466 [pool-47-thread-1] INFO  server.RaftServerConfigKeys (ConfUtils.java:logGet(43)) - raft.server.storage.dir = [/workdir/hadoop-ozone/tools/target/test-dir/MiniOzoneClusterImpl-95de1c25-f016-473e-a03a-279cab8467aa/datanode-2/data/ratis] (custom)
2019-11-15 21:59:45,467 [pool-47-thread-1] INFO  server.RaftServerConfigKeys (ConfUtils.java:logGet(43)) - raft.server.log.corruption.policy = EXCEPTION (default)
2019-11-15 21:59:45,467 [pool-47-thread-1] INFO  storage.RaftStorageDirectory (RaftStorageDirectory.java:analyzeStorage(246)) - The storage directory /workdir/hadoop-ozone/tools/target/test-dir/MiniOzoneClusterImpl-95de1c25-f016-473e-a03a-279cab8467aa/datanode-2/data/ratis/6b6a4943-4eba-4c70-a9c3-46f5c8afdc46 does not exist. Creating ...
2019-11-15 21:59:45,475 [pool-47-thread-1] INFO  storage.RaftStorageDirectory (RaftStorageDirectory.java:tryLock(328)) - Lock on /workdir/hadoop-ozone/tools/target/test-dir/MiniOzoneClusterImpl-95de1c25-f016-473e-a03a-279cab8467aa/datanode-2/data/ratis/6b6a4943-4eba-4c70-a9c3-46f5c8afdc46/in_use.lock acquired by nodename 13872@pr-hdds-2515-logtostringformatter-dwl4z-3795388632
2019-11-15 21:59:45,485 [pool-47-thread-1] INFO  storage.RaftStorage (RaftStorage.java:format(84)) - Storage directory /workdir/hadoop-ozone/tools/target/test-dir/MiniOzoneClusterImpl-95de1c25-f016-473e-a03a-279cab8467aa/datanode-2/data/ratis/6b6a4943-4eba-4c70-a9c3-46f5c8afdc46 has been successfully formatted.
2019-11-15 21:59:45,486 [pool-47-thread-1] INFO  ratis.ContainerStateMachine (ContainerStateMachine.java:loadSnapshot(223)) - group-46F5C8AFDC46: The snapshot info is null. Setting the last applied indexto:(t:0, i:~)
2019-11-15 21:59:45,486 [pool-47-thread-1] INFO  server.RaftServerConfigKeys (ConfUtils.java:logGet(43)) - raft.server.notification.no-leader.timeout = 120s (custom)
2019-11-15 21:59:45,486 [pool-47-thread-1] INFO  server.RaftServerConfigKeys (ConfUtils.java:logGet(43)) - raft.server.log.use.memory = false (default)
2019-11-15 21:59:45,486 [pool-47-thread-1] INFO  server.RaftServerConfigKeys (ConfUtils.java:logGet(43)) - raft.server.log.purge.gap = 1000000 (custom)
2019-11-15 21:59:45,487 [pool-47-thread-1] INFO  server.RaftServerConfigKeys (ConfUtils.java:logGet(43)) - raft.server.log.appender.buffer.byte-limit = 33554432 (custom)
2019-11-15 21:59:45,487 [pool-47-thread-1] INFO  server.RaftServerConfigKeys (ConfUtils.java:logGet(43)) - raft.server.log.segment.size.max = 1048576 (custom)
2019-11-15 21:59:45,487 [pool-47-thread-1] WARN  impl.MetricRegistriesImpl (MetricRegistriesImpl.java:lambda$create$1(61)) - First MetricRegistry has been created without registering reporters. You may need to call MetricRegistries.global().addReportRegistration(...) before.
2019-11-15 21:59:45,487 [pool-47-thread-1] INFO  server.RaftServerConfigKeys (ConfUtils.java:logGet(43)) - raft.server.log.segment.cache.num.max = 2 (custom)
2019-11-15 21:59:45,487 [pool-47-thread-1] INFO  segmented.SegmentedRaftLogWorker (SegmentedRaftLogWorker.java:<init>(173)) - new 161f52f7-f736-41b9-9c3d-dd314a5b9569@group-46F5C8AFDC46-SegmentedRaftLogWorker for RaftStorage:Storage Directory /workdir/hadoop-ozone/tools/target/test-dir/MiniOzoneClusterImpl-95de1c25-f016-473e-a03a-279cab8467aa/datanode-2/data/ratis/6b6a4943-4eba-4c70-a9c3-46f5c8afdc46
2019-11-15 21:59:45,487 [pool-47-thread-1] INFO  server.RaftServerConfigKeys (ConfUtils.java:logGet(43)) - raft.server.log.queue.byte-limit = 2147483647 (custom)
2019-11-15 21:59:45,488 [pool-47-thread-1] INFO  server.RaftServerConfigKeys (ConfUtils.java:logGet(43)) - raft.server.log.queue.element-limit = 1024 (custom)
2019-11-15 21:59:45,488 [pool-47-thread-1] INFO  server.RaftServerConfigKeys (ConfUtils.java:logGet(43)) - raft.server.log.segment.size.max = 1048576 (custom)
2019-11-15 21:59:45,488 [pool-47-thread-1] INFO  server.RaftServerConfigKeys (ConfUtils.java:logGet(43)) - raft.server.log.preallocated.size = 16384 (custom)
2019-11-15 21:59:45,488 [pool-47-thread-1] INFO  server.RaftServerConfigKeys (ConfUtils.java:logGet(43)) - raft.server.log.write.buffer.size = 33554432 (custom)
2019-11-15 21:59:45,488 [pool-47-thread-1] INFO  server.RaftServerConfigKeys (ConfUtils.java:logGet(43)) - raft.server.log.force.sync.num = 128 (default)
2019-11-15 21:59:45,488 [pool-47-thread-1] INFO  server.RaftServerConfigKeys (ConfUtils.java:logGet(43)) - raft.server.log.statemachine.data.sync = true (default)
2019-11-15 21:59:45,489 [pool-47-thread-1] INFO  server.RaftServerConfigKeys (ConfUtils.java:logGet(43)) - raft.server.log.statemachine.data.sync.timeout = 10s (default)
2019-11-15 21:59:45,489 [pool-47-thread-1] INFO  server.RaftServerConfigKeys (ConfUtils.java:logGet(43)) - raft.server.log.statemachine.data.sync.timeout.retry = -1 (default)
2019-11-15 21:59:45,489 [pool-47-thread-1] INFO  server.RaftServerConfigKeys (ConfUtils.java:logGet(43)) - raft.server.log.statemachine.data.caching.enabled = true (custom)
2019-11-15 21:59:45,490 [pool-47-thread-1] INFO  segmented.SegmentedRaftLogWorker (SegmentedRaftLogWorker.java:lambda$new$0(128)) - 161f52f7-f736-41b9-9c3d-dd314a5b9569@group-46F5C8AFDC46-SegmentedRaftLogWorker: flushIndex: setUnconditionally 0 -> -1
2019-11-15 21:59:45,490 [pool-47-thread-1] INFO  server.RaftServerConfigKeys (ConfUtils.java:logGet(43)) - raft.server.snapshot.auto.trigger.enabled = true (custom)
2019-11-15 21:59:45,490 [pool-47-thread-1] INFO  server.RaftServerConfigKeys (ConfUtils.java:logGet(43)) - raft.server.snapshot.auto.trigger.threshold = 10000 (custom)
2019-11-15 21:59:45,490 [pool-47-thread-1] INFO  server.RaftServerConfigKeys (ConfUtils.java:logGet(43)) - raft.server.snapshot.retention.file.num = 5 (custom)
2019-11-15 21:59:45,491 [pool-47-thread-1] INFO  server.RaftServerConfigKeys (ConfUtils.java:logGet(43)) - raft.server.retrycache.expirytime = 600000ms (custom)
2019-11-15 21:59:45,491 [pool-47-thread-1] WARN  impl.MetricRegistriesImpl (MetricRegistriesImpl.java:lambda$create$1(61)) - First MetricRegistry has been created without registering reporters. You may need to call MetricRegistries.global().addReportRegistration(...) before.
2019-11-15 21:59:45,491 [pool-47-thread-1] WARN  impl.MetricRegistriesImpl (MetricRegistriesImpl.java:lambda$create$1(61)) - First MetricRegistry has been created without registering reporters. You may need to call MetricRegistries.global().addReportRegistration(...) before.
2019-11-15 21:59:45,491 [pool-47-thread-1] INFO  impl.RaftServerImpl (RaftServerImpl.java:start(184)) - 161f52f7-f736-41b9-9c3d-dd314a5b9569@group-46F5C8AFDC46: start as a follower, conf=-1: [161f52f7-f736-41b9-9c3d-dd314a5b9569:192.168.34.53:32784], old=null
2019-11-15 21:59:45,492 [pool-47-thread-1] INFO  impl.RaftServerImpl (RaftServerImpl.java:setRole(173)) - 161f52f7-f736-41b9-9c3d-dd314a5b9569@group-46F5C8AFDC46: changes role from      null to FOLLOWER at term 0 for startAsFollower
2019-11-15 21:59:45,492 [pool-47-thread-1] INFO  impl.RoleInfo (RoleInfo.java:updateAndGet(143)) - 161f52f7-f736-41b9-9c3d-dd314a5b9569: start FollowerState
2019-11-15 21:59:45,492 [pool-47-thread-1] INFO  util.JmxRegister (JmxRegister.java:tryRegister(44)) - Successfully registered JMX Bean with object name Ratis:service=RaftServer,group=group-46F5C8AFDC46,id=161f52f7-f736-41b9-9c3d-dd314a5b9569
2019-11-15 21:59:45,492 [pool-47-thread-1] WARN  impl.MetricRegistriesImpl (MetricRegistriesImpl.java:lambda$create$1(61)) - First MetricRegistry has been created without registering reporters. You may need to call MetricRegistries.global().addReportRegistration(...) before.
2019-11-15 21:59:45,502 [RatisPipelineUtilsThread] INFO  pipeline.PipelineStateManager (PipelineStateManager.java:addPipeline(55)) - Created pipeline Pipeline[ Id: 6b6a4943-4eba-4c70-a9c3-46f5c8afdc46, Nodes: 161f52f7-f736-41b9-9c3d-dd314a5b9569{ip: 192.168.34.53, host: pr-hdds-2515-logtostringformatter-dwl4z-3795388632, networkLocation: /default-rack, certSerialId: null}, Type:RATIS, Factor:ONE, State:ALLOCATED]
2019-11-15 21:59:45,528 [grpc-default-executor-1] INFO  impl.RaftServerProxy (RaftServerProxy.java:addNew(89)) - 161f52f7-f736-41b9-9c3d-dd314a5b9569: addNew group-1403ED1BB7CD:[c2c6407b-784c-4e4b-bc36-d8006e9d82c2:192.168.34.53:33375, 161f52f7-f736-41b9-9c3d-dd314a5b9569:192.168.34.53:32784, 7bddf562-1f00-4607-a353-a19b68c8d3ee:192.168.34.53:44886] returns group-1403ED1BB7CD:java.util.concurrent.CompletableFuture@6d685a79[Not completed]
2019-11-15 21:59:45,528 [grpc-default-executor-2] INFO  impl.RaftServerProxy (RaftServerProxy.java:addNew(89)) - 7bddf562-1f00-4607-a353-a19b68c8d3ee: addNew group-1403ED1BB7CD:[c2c6407b-784c-4e4b-bc36-d8006e9d82c2:192.168.34.53:33375, 161f52f7-f736-41b9-9c3d-dd314a5b9569:192.168.34.53:32784, 7bddf562-1f00-4607-a353-a19b68c8d3ee:192.168.34.53:44886] returns group-1403ED1BB7CD:java.util.concurrent.CompletableFuture@1fb014ad[Not completed]
2019-11-15 21:59:45,529 [grpc-default-executor-0] INFO  impl.RaftServerProxy (RaftServerProxy.java:addNew(89)) - c2c6407b-784c-4e4b-bc36-d8006e9d82c2: addNew group-1403ED1BB7CD:[c2c6407b-784c-4e4b-bc36-d8006e9d82c2:192.168.34.53:33375, 161f52f7-f736-41b9-9c3d-dd314a5b9569:192.168.34.53:32784, 7bddf562-1f00-4607-a353-a19b68c8d3ee:192.168.34.53:44886] returns group-1403ED1BB7CD:java.util.concurrent.CompletableFuture@7783914c[Not completed]
2019-11-15 21:59:45,530 [pool-47-thread-1] INFO  impl.RaftServerImpl (RaftServerImpl.java:<init>(98)) - 161f52f7-f736-41b9-9c3d-dd314a5b9569: new RaftServerImpl for group-1403ED1BB7CD:[c2c6407b-784c-4e4b-bc36-d8006e9d82c2:192.168.34.53:33375, 161f52f7-f736-41b9-9c3d-dd314a5b9569:192.168.34.53:32784, 7bddf562-1f00-4607-a353-a19b68c8d3ee:192.168.34.53:44886] with ContainerStateMachine:uninitialized
2019-11-15 21:59:45,530 [pool-47-thread-1] INFO  server.RaftServerConfigKeys (ConfUtils.java:logGet(43)) - raft.server.rpc.timeout.min = 5s (custom)
2019-11-15 21:59:45,530 [pool-47-thread-1] INFO  server.RaftServerConfigKeys (ConfUtils.java:logGet(43)) - raft.server.rpc.timeout.max = 5200ms (custom)
2019-11-15 21:59:45,530 [pool-47-thread-1] INFO  server.RaftServerConfigKeys (ConfUtils.java:logGet(43)) - raft.server.rpcslowness.timeout = 120s (custom)
2019-11-15 21:59:45,530 [pool-47-thread-1] INFO  server.RaftServerConfigKeys (ConfUtils.java:logGet(43)) - raft.server.sleep.deviation.threshold = 300 (default)
2019-11-15 21:59:45,530 [pool-47-thread-1] INFO  server.RaftServerConfigKeys (ConfUtils.java:logGet(43)) - raft.server.log.appender.install.snapshot.enabled = false (custom)
2019-11-15 21:59:45,531 [pool-47-thread-1] INFO  impl.RaftServerImpl (ServerState.java:<init>(103)) - 161f52f7-f736-41b9-9c3d-dd314a5b9569@group-1403ED1BB7CD: ConfigurationManager, init=-1: [c2c6407b-784c-4e4b-bc36-d8006e9d82c2:192.168.34.53:33375, 161f52f7-f736-41b9-9c3d-dd314a5b9569:192.168.34.53:32784, 7bddf562-1f00-4607-a353-a19b68c8d3ee:192.168.34.53:44886], old=null, confs=<EMPTY_MAP>
2019-11-15 21:59:45,531 [pool-37-thread-1] INFO  impl.RaftServerImpl (RaftServerImpl.java:<init>(98)) - c2c6407b-784c-4e4b-bc36-d8006e9d82c2: new RaftServerImpl for group-1403ED1BB7CD:[c2c6407b-784c-4e4b-bc36-d8006e9d82c2:192.168.34.53:33375, 161f52f7-f736-41b9-9c3d-dd314a5b9569:192.168.34.53:32784, 7bddf562-1f00-4607-a353-a19b68c8d3ee:192.168.34.53:44886] with ContainerStateMachine:uninitialized
2019-11-15 21:59:45,531 [pool-47-thread-1] INFO  server.RaftServerConfigKeys (ConfUtils.java:logGet(43)) - raft.server.storage.dir = [/workdir/hadoop-ozone/tools/target/test-dir/MiniOzoneClusterImpl-95de1c25-f016-473e-a03a-279cab8467aa/datanode-2/data/ratis] (custom)
2019-11-15 21:59:45,531 [pool-37-thread-1] INFO  server.RaftServerConfigKeys (ConfUtils.java:logGet(43)) - raft.server.rpc.timeout.min = 5s (custom)
2019-11-15 21:59:45,531 [pool-37-thread-1] INFO  server.RaftServerConfigKeys (ConfUtils.java:logGet(43)) - raft.server.rpc.timeout.max = 5200ms (custom)
2019-11-15 21:59:45,531 [pool-37-thread-1] INFO  server.RaftServerConfigKeys (ConfUtils.java:logGet(43)) - raft.server.rpcslowness.timeout = 120s (custom)
2019-11-15 21:59:45,531 [pool-47-thread-1] INFO  server.RaftServerConfigKeys (ConfUtils.java:logGet(43)) - raft.server.log.corruption.policy = EXCEPTION (default)
2019-11-15 21:59:45,531 [pool-37-thread-1] INFO  server.RaftServerConfigKeys (ConfUtils.java:logGet(43)) - raft.server.sleep.deviation.threshold = 300 (default)
2019-11-15 21:59:45,532 [pool-27-thread-1] INFO  impl.RaftServerImpl (RaftServerImpl.java:<init>(98)) - 7bddf562-1f00-4607-a353-a19b68c8d3ee: new RaftServerImpl for group-1403ED1BB7CD:[c2c6407b-784c-4e4b-bc36-d8006e9d82c2:192.168.34.53:33375, 161f52f7-f736-41b9-9c3d-dd314a5b9569:192.168.34.53:32784, 7bddf562-1f00-4607-a353-a19b68c8d3ee:192.168.34.53:44886] with ContainerStateMachine:uninitialized
2019-11-15 21:59:45,532 [pool-47-thread-1] INFO  storage.RaftStorageDirectory (RaftStorageDirectory.java:analyzeStorage(246)) - The storage directory /workdir/hadoop-ozone/tools/target/test-dir/MiniOzoneClusterImpl-95de1c25-f016-473e-a03a-279cab8467aa/datanode-2/data/ratis/710526e8-6b33-4b2e-9f28-1403ed1bb7cd does not exist. Creating ...
2019-11-15 21:59:45,532 [pool-37-thread-1] INFO  server.RaftServerConfigKeys (ConfUtils.java:logGet(43)) - raft.server.log.appender.install.snapshot.enabled = false (custom)
2019-11-15 21:59:45,532 [pool-27-thread-1] INFO  server.RaftServerConfigKeys (ConfUtils.java:logGet(43)) - raft.server.rpc.timeout.min = 5s (custom)
2019-11-15 21:59:45,532 [pool-37-thread-1] INFO  impl.RaftServerImpl (ServerState.java:<init>(103)) - c2c6407b-784c-4e4b-bc36-d8006e9d82c2@group-1403ED1BB7CD: ConfigurationManager, init=-1: [c2c6407b-784c-4e4b-bc36-d8006e9d82c2:192.168.34.53:33375, 161f52f7-f736-41b9-9c3d-dd314a5b9569:192.168.34.53:32784, 7bddf562-1f00-4607-a353-a19b68c8d3ee:192.168.34.53:44886], old=null, confs=<EMPTY_MAP>
2019-11-15 21:59:45,532 [pool-27-thread-1] INFO  server.RaftServerConfigKeys (ConfUtils.java:logGet(43)) - raft.server.rpc.timeout.max = 5200ms (custom)
2019-11-15 21:59:45,532 [pool-37-thread-1] INFO  server.RaftServerConfigKeys (ConfUtils.java:logGet(43)) - raft.server.storage.dir = [/workdir/hadoop-ozone/tools/target/test-dir/MiniOzoneClusterImpl-95de1c25-f016-473e-a03a-279cab8467aa/datanode-1/data/ratis] (custom)
2019-11-15 21:59:45,532 [pool-27-thread-1] INFO  server.RaftServerConfigKeys (ConfUtils.java:logGet(43)) - raft.server.rpcslowness.timeout = 120s (custom)
2019-11-15 21:59:45,532 [pool-27-thread-1] INFO  server.RaftServerConfigKeys (ConfUtils.java:logGet(43)) - raft.server.sleep.deviation.threshold = 300 (default)
2019-11-15 21:59:45,532 [pool-37-thread-1] INFO  server.RaftServerConfigKeys (ConfUtils.java:logGet(43)) - raft.server.log.corruption.policy = EXCEPTION (default)
2019-11-15 21:59:45,532 [pool-27-thread-1] INFO  server.RaftServerConfigKeys (ConfUtils.java:logGet(43)) - raft.server.log.appender.install.snapshot.enabled = false (custom)
2019-11-15 21:59:45,533 [pool-27-thread-1] INFO  impl.RaftServerImpl (ServerState.java:<init>(103)) - 7bddf562-1f00-4607-a353-a19b68c8d3ee@group-1403ED1BB7CD: ConfigurationManager, init=-1: [c2c6407b-784c-4e4b-bc36-d8006e9d82c2:192.168.34.53:33375, 161f52f7-f736-41b9-9c3d-dd314a5b9569:192.168.34.53:32784, 7bddf562-1f00-4607-a353-a19b68c8d3ee:192.168.34.53:44886], old=null, confs=<EMPTY_MAP>
2019-11-15 21:59:45,533 [pool-37-thread-1] INFO  storage.RaftStorageDirectory (RaftStorageDirectory.java:analyzeStorage(246)) - The storage directory /workdir/hadoop-ozone/tools/target/test-dir/MiniOzoneClusterImpl-95de1c25-f016-473e-a03a-279cab8467aa/datanode-1/data/ratis/710526e8-6b33-4b2e-9f28-1403ed1bb7cd does not exist. Creating ...
2019-11-15 21:59:45,533 [pool-27-thread-1] INFO  server.RaftServerConfigKeys (ConfUtils.java:logGet(43)) - raft.server.storage.dir = [/workdir/hadoop-ozone/tools/target/test-dir/MiniOzoneClusterImpl-95de1c25-f016-473e-a03a-279cab8467aa/datanode-0/data/ratis] (custom)
2019-11-15 21:59:45,533 [pool-27-thread-1] INFO  server.RaftServerConfigKeys (ConfUtils.java:logGet(43)) - raft.server.log.corruption.policy = EXCEPTION (default)
2019-11-15 21:59:45,533 [pool-27-thread-1] INFO  storage.RaftStorageDirectory (RaftStorageDirectory.java:analyzeStorage(246)) - The storage directory /workdir/hadoop-ozone/tools/target/test-dir/MiniOzoneClusterImpl-95de1c25-f016-473e-a03a-279cab8467aa/datanode-0/data/ratis/710526e8-6b33-4b2e-9f28-1403ed1bb7cd does not exist. Creating ...
2019-11-15 21:59:45,545 [pool-37-thread-1] INFO  storage.RaftStorageDirectory (RaftStorageDirectory.java:tryLock(328)) - Lock on /workdir/hadoop-ozone/tools/target/test-dir/MiniOzoneClusterImpl-95de1c25-f016-473e-a03a-279cab8467aa/datanode-1/data/ratis/710526e8-6b33-4b2e-9f28-1403ed1bb7cd/in_use.lock acquired by nodename 13872@pr-hdds-2515-logtostringformatter-dwl4z-3795388632
2019-11-15 21:59:45,545 [pool-47-thread-1] INFO  storage.RaftStorageDirectory (RaftStorageDirectory.java:tryLock(328)) - Lock on /workdir/hadoop-ozone/tools/target/test-dir/MiniOzoneClusterImpl-95de1c25-f016-473e-a03a-279cab8467aa/datanode-2/data/ratis/710526e8-6b33-4b2e-9f28-1403ed1bb7cd/in_use.lock acquired by nodename 13872@pr-hdds-2515-logtostringformatter-dwl4z-3795388632
2019-11-15 21:59:45,545 [pool-27-thread-1] INFO  storage.RaftStorageDirectory (RaftStorageDirectory.java:tryLock(328)) - Lock on /workdir/hadoop-ozone/tools/target/test-dir/MiniOzoneClusterImpl-95de1c25-f016-473e-a03a-279cab8467aa/datanode-0/data/ratis/710526e8-6b33-4b2e-9f28-1403ed1bb7cd/in_use.lock acquired by nodename 13872@pr-hdds-2515-logtostringformatter-dwl4z-3795388632
2019-11-15 21:59:45,565 [pool-37-thread-1] INFO  storage.RaftStorage (RaftStorage.java:format(84)) - Storage directory /workdir/hadoop-ozone/tools/target/test-dir/MiniOzoneClusterImpl-95de1c25-f016-473e-a03a-279cab8467aa/datanode-1/data/ratis/710526e8-6b33-4b2e-9f28-1403ed1bb7cd has been successfully formatted.
2019-11-15 21:59:45,565 [pool-47-thread-1] INFO  storage.RaftStorage (RaftStorage.java:format(84)) - Storage directory /workdir/hadoop-ozone/tools/target/test-dir/MiniOzoneClusterImpl-95de1c25-f016-473e-a03a-279cab8467aa/datanode-2/data/ratis/710526e8-6b33-4b2e-9f28-1403ed1bb7cd has been successfully formatted.
2019-11-15 21:59:45,565 [pool-27-thread-1] INFO  storage.RaftStorage (RaftStorage.java:format(84)) - Storage directory /workdir/hadoop-ozone/tools/target/test-dir/MiniOzoneClusterImpl-95de1c25-f016-473e-a03a-279cab8467aa/datanode-0/data/ratis/710526e8-6b33-4b2e-9f28-1403ed1bb7cd has been successfully formatted.
2019-11-15 21:59:45,566 [pool-37-thread-1] INFO  ratis.ContainerStateMachine (ContainerStateMachine.java:loadSnapshot(223)) - group-1403ED1BB7CD: The snapshot info is null. Setting the last applied indexto:(t:0, i:~)
2019-11-15 21:59:45,566 [pool-27-thread-1] INFO  ratis.ContainerStateMachine (ContainerStateMachine.java:loadSnapshot(223)) - group-1403ED1BB7CD: The snapshot info is null. Setting the last applied indexto:(t:0, i:~)
2019-11-15 21:59:45,566 [pool-47-thread-1] INFO  ratis.ContainerStateMachine (ContainerStateMachine.java:loadSnapshot(223)) - group-1403ED1BB7CD: The snapshot info is null. Setting the last applied indexto:(t:0, i:~)
2019-11-15 21:59:45,566 [pool-37-thread-1] INFO  server.RaftServerConfigKeys (ConfUtils.java:logGet(43)) - raft.server.notification.no-leader.timeout = 120s (custom)
2019-11-15 21:59:45,566 [pool-47-thread-1] INFO  server.RaftServerConfigKeys (ConfUtils.java:logGet(43)) - raft.server.notification.no-leader.timeout = 120s (custom)
2019-11-15 21:59:45,566 [pool-27-thread-1] INFO  server.RaftServerConfigKeys (ConfUtils.java:logGet(43)) - raft.server.notification.no-leader.timeout = 120s (custom)
2019-11-15 21:59:45,566 [pool-47-thread-1] INFO  server.RaftServerConfigKeys (ConfUtils.java:logGet(43)) - raft.server.log.use.memory = false (default)
2019-11-15 21:59:45,566 [pool-37-thread-1] INFO  server.RaftServerConfigKeys (ConfUtils.java:logGet(43)) - raft.server.log.use.memory = false (default)
2019-11-15 21:59:45,566 [pool-47-thread-1] INFO  server.RaftServerConfigKeys (ConfUtils.java:logGet(43)) - raft.server.log.purge.gap = 1000000 (custom)
2019-11-15 21:59:45,566 [pool-27-thread-1] INFO  server.RaftServerConfigKeys (ConfUtils.java:logGet(43)) - raft.server.log.use.memory = false (default)
2019-11-15 21:59:45,567 [pool-47-thread-1] INFO  server.RaftServerConfigKeys (ConfUtils.java:logGet(43)) - raft.server.log.appender.buffer.byte-limit = 33554432 (custom)
2019-11-15 21:59:45,567 [pool-37-thread-1] INFO  server.RaftServerConfigKeys (ConfUtils.java:logGet(43)) - raft.server.log.purge.gap = 1000000 (custom)
2019-11-15 21:59:45,567 [pool-47-thread-1] INFO  server.RaftServerConfigKeys (ConfUtils.java:logGet(43)) - raft.server.log.segment.size.max = 1048576 (custom)
2019-11-15 21:59:45,567 [pool-27-thread-1] INFO  server.RaftServerConfigKeys (ConfUtils.java:logGet(43)) - raft.server.log.purge.gap = 1000000 (custom)
2019-11-15 21:59:45,567 [pool-47-thread-1] INFO  server.RaftServerConfigKeys (ConfUtils.java:logGet(43)) - raft.server.log.segment.cache.num.max = 2 (custom)
2019-11-15 21:59:45,567 [pool-37-thread-1] INFO  server.RaftServerConfigKeys (ConfUtils.java:logGet(43)) - raft.server.log.appender.buffer.byte-limit = 33554432 (custom)
2019-11-15 21:59:45,567 [pool-47-thread-1] INFO  segmented.SegmentedRaftLogWorker (SegmentedRaftLogWorker.java:<init>(173)) - new 161f52f7-f736-41b9-9c3d-dd314a5b9569@group-1403ED1BB7CD-SegmentedRaftLogWorker for RaftStorage:Storage Directory /workdir/hadoop-ozone/tools/target/test-dir/MiniOzoneClusterImpl-95de1c25-f016-473e-a03a-279cab8467aa/datanode-2/data/ratis/710526e8-6b33-4b2e-9f28-1403ed1bb7cd
2019-11-15 21:59:45,567 [pool-27-thread-1] INFO  server.RaftServerConfigKeys (ConfUtils.java:logGet(43)) - raft.server.log.appender.buffer.byte-limit = 33554432 (custom)
2019-11-15 21:59:45,567 [pool-47-thread-1] INFO  server.RaftServerConfigKeys (ConfUtils.java:logGet(43)) - raft.server.log.queue.byte-limit = 2147483647 (custom)
2019-11-15 21:59:45,567 [pool-37-thread-1] INFO  server.RaftServerConfigKeys (ConfUtils.java:logGet(43)) - raft.server.log.segment.size.max = 1048576 (custom)
2019-11-15 21:59:45,568 [pool-47-thread-1] INFO  server.RaftServerConfigKeys (ConfUtils.java:logGet(43)) - raft.server.log.queue.element-limit = 1024 (custom)
2019-11-15 21:59:45,568 [pool-27-thread-1] INFO  server.RaftServerConfigKeys (ConfUtils.java:logGet(43)) - raft.server.log.segment.size.max = 1048576 (custom)
2019-11-15 21:59:45,568 [pool-47-thread-1] INFO  server.RaftServerConfigKeys (ConfUtils.java:logGet(43)) - raft.server.log.segment.size.max = 1048576 (custom)
2019-11-15 21:59:45,568 [pool-37-thread-1] INFO  server.RaftServerConfigKeys (ConfUtils.java:logGet(43)) - raft.server.log.segment.cache.num.max = 2 (custom)
2019-11-15 21:59:45,568 [pool-47-thread-1] INFO  server.RaftServerConfigKeys (ConfUtils.java:logGet(43)) - raft.server.log.preallocated.size = 16384 (custom)
2019-11-15 21:59:45,568 [pool-27-thread-1] INFO  server.RaftServerConfigKeys (ConfUtils.java:logGet(43)) - raft.server.log.segment.cache.num.max = 2 (custom)
2019-11-15 21:59:45,568 [pool-47-thread-1] INFO  server.RaftServerConfigKeys (ConfUtils.java:logGet(43)) - raft.server.log.write.buffer.size = 33554432 (custom)
2019-11-15 21:59:45,568 [pool-37-thread-1] INFO  segmented.SegmentedRaftLogWorker (SegmentedRaftLogWorker.java:<init>(173)) - new c2c6407b-784c-4e4b-bc36-d8006e9d82c2@group-1403ED1BB7CD-SegmentedRaftLogWorker for RaftStorage:Storage Directory /workdir/hadoop-ozone/tools/target/test-dir/MiniOzoneClusterImpl-95de1c25-f016-473e-a03a-279cab8467aa/datanode-1/data/ratis/710526e8-6b33-4b2e-9f28-1403ed1bb7cd
2019-11-15 21:59:45,569 [pool-47-thread-1] INFO  server.RaftServerConfigKeys (ConfUtils.java:logGet(43)) - raft.server.log.force.sync.num = 128 (default)
2019-11-15 21:59:45,568 [pool-27-thread-1] INFO  segmented.SegmentedRaftLogWorker (SegmentedRaftLogWorker.java:<init>(173)) - new 7bddf562-1f00-4607-a353-a19b68c8d3ee@group-1403ED1BB7CD-SegmentedRaftLogWorker for RaftStorage:Storage Directory /workdir/hadoop-ozone/tools/target/test-dir/MiniOzoneClusterImpl-95de1c25-f016-473e-a03a-279cab8467aa/datanode-0/data/ratis/710526e8-6b33-4b2e-9f28-1403ed1bb7cd
2019-11-15 21:59:45,569 [pool-47-thread-1] INFO  server.RaftServerConfigKeys (ConfUtils.java:logGet(43)) - raft.server.log.statemachine.data.sync = true (default)
2019-11-15 21:59:45,569 [pool-37-thread-1] INFO  server.RaftServerConfigKeys (ConfUtils.java:logGet(43)) - raft.server.log.queue.byte-limit = 2147483647 (custom)
2019-11-15 21:59:45,569 [pool-47-thread-1] INFO  server.RaftServerConfigKeys (ConfUtils.java:logGet(43)) - raft.server.log.statemachine.data.sync.timeout = 10s (default)
2019-11-15 21:59:45,569 [pool-27-thread-1] INFO  server.RaftServerConfigKeys (ConfUtils.java:logGet(43)) - raft.server.log.queue.byte-limit = 2147483647 (custom)
2019-11-15 21:59:45,569 [pool-47-thread-1] INFO  server.RaftServerConfigKeys (ConfUtils.java:logGet(43)) - raft.server.log.statemachine.data.sync.timeout.retry = -1 (default)
2019-11-15 21:59:45,569 [pool-37-thread-1] INFO  server.RaftServerConfigKeys (ConfUtils.java:logGet(43)) - raft.server.log.queue.element-limit = 1024 (custom)
2019-11-15 21:59:45,569 [pool-27-thread-1] INFO  server.RaftServerConfigKeys (ConfUtils.java:logGet(43)) - raft.server.log.queue.element-limit = 1024 (custom)
2019-11-15 21:59:45,569 [pool-37-thread-1] INFO  server.RaftServerConfigKeys (ConfUtils.java:logGet(43)) - raft.server.log.segment.size.max = 1048576 (custom)
2019-11-15 21:59:45,570 [pool-47-thread-1] INFO  server.RaftServerConfigKeys (ConfUtils.java:logGet(43)) - raft.server.log.statemachine.data.caching.enabled = true (custom)
2019-11-15 21:59:45,570 [pool-37-thread-1] INFO  server.RaftServerConfigKeys (ConfUtils.java:logGet(43)) - raft.server.log.preallocated.size = 16384 (custom)
2019-11-15 21:59:45,570 [pool-27-thread-1] INFO  server.RaftServerConfigKeys (ConfUtils.java:logGet(43)) - raft.server.log.segment.size.max = 1048576 (custom)
2019-11-15 21:59:45,570 [pool-37-thread-1] INFO  server.RaftServerConfigKeys (ConfUtils.java:logGet(43)) - raft.server.log.write.buffer.size = 33554432 (custom)
2019-11-15 21:59:45,570 [pool-47-thread-1] INFO  segmented.SegmentedRaftLogWorker (SegmentedRaftLogWorker.java:lambda$new$0(128)) - 161f52f7-f736-41b9-9c3d-dd314a5b9569@group-1403ED1BB7CD-SegmentedRaftLogWorker: flushIndex: setUnconditionally 0 -> -1
2019-11-15 21:59:45,570 [pool-27-thread-1] INFO  server.RaftServerConfigKeys (ConfUtils.java:logGet(43)) - raft.server.log.preallocated.size = 16384 (custom)
2019-11-15 21:59:45,570 [pool-37-thread-1] INFO  server.RaftServerConfigKeys (ConfUtils.java:logGet(43)) - raft.server.log.force.sync.num = 128 (default)
2019-11-15 21:59:45,570 [pool-27-thread-1] INFO  server.RaftServerConfigKeys (ConfUtils.java:logGet(43)) - raft.server.log.write.buffer.size = 33554432 (custom)
2019-11-15 21:59:45,570 [pool-37-thread-1] INFO  server.RaftServerConfigKeys (ConfUtils.java:logGet(43)) - raft.server.log.statemachine.data.sync = true (default)
2019-11-15 21:59:45,570 [pool-47-thread-1] INFO  server.RaftServerConfigKeys (ConfUtils.java:logGet(43)) - raft.server.snapshot.auto.trigger.enabled = true (custom)
2019-11-15 21:59:45,571 [pool-37-thread-1] INFO  server.RaftServerConfigKeys (ConfUtils.java:logGet(43)) - raft.server.log.statemachine.data.sync.timeout = 10s (default)
2019-11-15 21:59:45,570 [pool-27-thread-1] INFO  server.RaftServerConfigKeys (ConfUtils.java:logGet(43)) - raft.server.log.force.sync.num = 128 (default)
2019-11-15 21:59:45,571 [pool-37-thread-1] INFO  server.RaftServerConfigKeys (ConfUtils.java:logGet(43)) - raft.server.log.statemachine.data.sync.timeout.retry = -1 (default)
2019-11-15 21:59:45,571 [pool-47-thread-1] INFO  server.RaftServerConfigKeys (ConfUtils.java:logGet(43)) - raft.server.snapshot.auto.trigger.threshold = 10000 (custom)
2019-11-15 21:59:45,571 [pool-27-thread-1] INFO  server.RaftServerConfigKeys (ConfUtils.java:logGet(43)) - raft.server.log.statemachine.data.sync = true (default)
2019-11-15 21:59:45,571 [pool-47-thread-1] INFO  server.RaftServerConfigKeys (ConfUtils.java:logGet(43)) - raft.server.snapshot.retention.file.num = 5 (custom)
2019-11-15 21:59:45,571 [pool-37-thread-1] INFO  server.RaftServerConfigKeys (ConfUtils.java:logGet(43)) - raft.server.log.statemachine.data.caching.enabled = true (custom)
2019-11-15 21:59:45,571 [pool-27-thread-1] INFO  server.RaftServerConfigKeys (ConfUtils.java:logGet(43)) - raft.server.log.statemachine.data.sync.timeout = 10s (default)
2019-11-15 21:59:45,571 [pool-47-thread-1] INFO  server.RaftServerConfigKeys (ConfUtils.java:logGet(43)) - raft.server.retrycache.expirytime = 600000ms (custom)
2019-11-15 21:59:45,572 [pool-37-thread-1] INFO  segmented.SegmentedRaftLogWorker (SegmentedRaftLogWorker.java:lambda$new$0(128)) - c2c6407b-784c-4e4b-bc36-d8006e9d82c2@group-1403ED1BB7CD-SegmentedRaftLogWorker: flushIndex: setUnconditionally 0 -> -1
2019-11-15 21:59:45,572 [pool-47-thread-1] WARN  impl.MetricRegistriesImpl (MetricRegistriesImpl.java:lambda$create$1(61)) - First MetricRegistry has been created without registering reporters. You may need to call MetricRegistries.global().addReportRegistration(...) before.
2019-11-15 21:59:45,571 [pool-27-thread-1] INFO  server.RaftServerConfigKeys (ConfUtils.java:logGet(43)) - raft.server.log.statemachine.data.sync.timeout.retry = -1 (default)
2019-11-15 21:59:45,572 [pool-37-thread-1] INFO  server.RaftServerConfigKeys (ConfUtils.java:logGet(43)) - raft.server.snapshot.auto.trigger.enabled = true (custom)
2019-11-15 21:59:45,572 [pool-47-thread-1] WARN  impl.MetricRegistriesImpl (MetricRegistriesImpl.java:lambda$create$1(61)) - First MetricRegistry has been created without registering reporters. You may need to call MetricRegistries.global().addReportRegistration(...) before.
2019-11-15 21:59:45,572 [pool-37-thread-1] INFO  server.RaftServerConfigKeys (ConfUtils.java:logGet(43)) - raft.server.snapshot.auto.trigger.threshold = 10000 (custom)
2019-11-15 21:59:45,572 [pool-27-thread-1] INFO  server.RaftServerConfigKeys (ConfUtils.java:logGet(43)) - raft.server.log.statemachine.data.caching.enabled = true (custom)
2019-11-15 21:59:45,572 [pool-37-thread-1] INFO  server.RaftServerConfigKeys (ConfUtils.java:logGet(43)) - raft.server.snapshot.retention.file.num = 5 (custom)
2019-11-15 21:59:45,572 [pool-47-thread-1] INFO  impl.RaftServerImpl (RaftServerImpl.java:start(184)) - 161f52f7-f736-41b9-9c3d-dd314a5b9569@group-1403ED1BB7CD: start as a follower, conf=-1: [c2c6407b-784c-4e4b-bc36-d8006e9d82c2:192.168.34.53:33375, 161f52f7-f736-41b9-9c3d-dd314a5b9569:192.168.34.53:32784, 7bddf562-1f00-4607-a353-a19b68c8d3ee:192.168.34.53:44886], old=null
2019-11-15 21:59:45,572 [pool-27-thread-1] INFO  segmented.SegmentedRaftLogWorker (SegmentedRaftLogWorker.java:lambda$new$0(128)) - 7bddf562-1f00-4607-a353-a19b68c8d3ee@group-1403ED1BB7CD-SegmentedRaftLogWorker: flushIndex: setUnconditionally 0 -> -1
2019-11-15 21:59:45,572 [pool-37-thread-1] INFO  server.RaftServerConfigKeys (ConfUtils.java:logGet(43)) - raft.server.retrycache.expirytime = 600000ms (custom)
2019-11-15 21:59:45,572 [pool-47-thread-1] INFO  impl.RaftServerImpl (RaftServerImpl.java:setRole(173)) - 161f52f7-f736-41b9-9c3d-dd314a5b9569@group-1403ED1BB7CD: changes role from      null to FOLLOWER at term 0 for startAsFollower
2019-11-15 21:59:45,573 [pool-27-thread-1] INFO  server.RaftServerConfigKeys (ConfUtils.java:logGet(43)) - raft.server.snapshot.auto.trigger.enabled = true (custom)
2019-11-15 21:59:45,573 [pool-37-thread-1] WARN  impl.MetricRegistriesImpl (MetricRegistriesImpl.java:lambda$create$1(61)) - First MetricRegistry has been created without registering reporters. You may need to call MetricRegistries.global().addReportRegistration(...) before.
2019-11-15 21:59:45,573 [pool-47-thread-1] INFO  impl.RoleInfo (RoleInfo.java:updateAndGet(143)) - 161f52f7-f736-41b9-9c3d-dd314a5b9569: start FollowerState
2019-11-15 21:59:45,573 [pool-27-thread-1] INFO  server.RaftServerConfigKeys (ConfUtils.java:logGet(43)) - raft.server.snapshot.auto.trigger.threshold = 10000 (custom)
2019-11-15 21:59:45,573 [pool-37-thread-1] WARN  impl.MetricRegistriesImpl (MetricRegistriesImpl.java:lambda$create$1(61)) - First MetricRegistry has been created without registering reporters. You may need to call MetricRegistries.global().addReportRegistration(...) before.
2019-11-15 21:59:45,573 [pool-27-thread-1] INFO  server.RaftServerConfigKeys (ConfUtils.java:logGet(43)) - raft.server.snapshot.retention.file.num = 5 (custom)
2019-11-15 21:59:45,573 [pool-37-thread-1] INFO  impl.RaftServerImpl (RaftServerImpl.java:start(184)) - c2c6407b-784c-4e4b-bc36-d8006e9d82c2@group-1403ED1BB7CD: start as a follower, conf=-1: [c2c6407b-784c-4e4b-bc36-d8006e9d82c2:192.168.34.53:33375, 161f52f7-f736-41b9-9c3d-dd314a5b9569:192.168.34.53:32784, 7bddf562-1f00-4607-a353-a19b68c8d3ee:192.168.34.53:44886], old=null
2019-11-15 21:59:45,573 [pool-27-thread-1] INFO  server.RaftServerConfigKeys (ConfUtils.java:logGet(43)) - raft.server.retrycache.expirytime = 600000ms (custom)
2019-11-15 21:59:45,573 [pool-47-thread-1] INFO  util.JmxRegister (JmxRegister.java:tryRegister(44)) - Successfully registered JMX Bean with object name Ratis:service=RaftServer,group=group-1403ED1BB7CD,id=161f52f7-f736-41b9-9c3d-dd314a5b9569
2019-11-15 21:59:45,573 [pool-27-thread-1] WARN  impl.MetricRegistriesImpl (MetricRegistriesImpl.java:lambda$create$1(61)) - First MetricRegistry has been created without registering reporters. You may need to call MetricRegistries.global().addReportRegistration(...) before.
2019-11-15 21:59:45,573 [pool-37-thread-1] INFO  impl.RaftServerImpl (RaftServerImpl.java:setRole(173)) - c2c6407b-784c-4e4b-bc36-d8006e9d82c2@group-1403ED1BB7CD: changes role from      null to FOLLOWER at term 0 for startAsFollower
2019-11-15 21:59:45,574 [pool-27-thread-1] WARN  impl.MetricRegistriesImpl (MetricRegistriesImpl.java:lambda$create$1(61)) - First MetricRegistry has been created without registering reporters. You may need to call MetricRegistries.global().addReportRegistration(...) before.
2019-11-15 21:59:45,574 [pool-37-thread-1] INFO  impl.RoleInfo (RoleInfo.java:updateAndGet(143)) - c2c6407b-784c-4e4b-bc36-d8006e9d82c2: start FollowerState
2019-11-15 21:59:45,574 [pool-47-thread-1] WARN  impl.MetricRegistriesImpl (MetricRegistriesImpl.java:lambda$create$1(61)) - First MetricRegistry has been created without registering reporters. You may need to call MetricRegistries.global().addReportRegistration(...) before.
2019-11-15 21:59:45,574 [pool-27-thread-1] INFO  impl.RaftServerImpl (RaftServerImpl.java:start(184)) - 7bddf562-1f00-4607-a353-a19b68c8d3ee@group-1403ED1BB7CD: start as a follower, conf=-1: [c2c6407b-784c-4e4b-bc36-d8006e9d82c2:192.168.34.53:33375, 161f52f7-f736-41b9-9c3d-dd314a5b9569:192.168.34.53:32784, 7bddf562-1f00-4607-a353-a19b68c8d3ee:192.168.34.53:44886], old=null
2019-11-15 21:59:45,574 [pool-27-thread-1] INFO  impl.RaftServerImpl (RaftServerImpl.java:setRole(173)) - 7bddf562-1f00-4607-a353-a19b68c8d3ee@group-1403ED1BB7CD: changes role from      null to FOLLOWER at term 0 for startAsFollower
2019-11-15 21:59:45,574 [pool-37-thread-1] INFO  util.JmxRegister (JmxRegister.java:tryRegister(44)) - Successfully registered JMX Bean with object name Ratis:service=RaftServer,group=group-1403ED1BB7CD,id=c2c6407b-784c-4e4b-bc36-d8006e9d82c2
2019-11-15 21:59:45,574 [pool-27-thread-1] INFO  impl.RoleInfo (RoleInfo.java:updateAndGet(143)) - 7bddf562-1f00-4607-a353-a19b68c8d3ee: start FollowerState
2019-11-15 21:59:45,574 [pool-37-thread-1] WARN  impl.MetricRegistriesImpl (MetricRegistriesImpl.java:lambda$create$1(61)) - First MetricRegistry has been created without registering reporters. You may need to call MetricRegistries.global().addReportRegistration(...) before.
2019-11-15 21:59:45,575 [pool-27-thread-1] INFO  util.JmxRegister (JmxRegister.java:tryRegister(44)) - Successfully registered JMX Bean with object name Ratis:service=RaftServer,group=group-1403ED1BB7CD,id=7bddf562-1f00-4607-a353-a19b68c8d3ee
2019-11-15 21:59:45,575 [pool-27-thread-1] WARN  impl.MetricRegistriesImpl (MetricRegistriesImpl.java:lambda$create$1(61)) - First MetricRegistry has been created without registering reporters. You may need to call MetricRegistries.global().addReportRegistration(...) before.
2019-11-15 21:59:45,591 [RatisPipelineUtilsThread] INFO  pipeline.PipelineStateManager (PipelineStateManager.java:addPipeline(55)) - Created pipeline Pipeline[ Id: 710526e8-6b33-4b2e-9f28-1403ed1bb7cd, Nodes: c2c6407b-784c-4e4b-bc36-d8006e9d82c2{ip: 192.168.34.53, host: pr-hdds-2515-logtostringformatter-dwl4z-3795388632, networkLocation: /default-rack, certSerialId: null}7bddf562-1f00-4607-a353-a19b68c8d3ee{ip: 192.168.34.53, host: pr-hdds-2515-logtostringformatter-dwl4z-3795388632, networkLocation: /default-rack, certSerialId: null}161f52f7-f736-41b9-9c3d-dd314a5b9569{ip: 192.168.34.53, host: pr-hdds-2515-logtostringformatter-dwl4z-3795388632, networkLocation: /default-rack, certSerialId: null}, Type:RATIS, Factor:THREE, State:ALLOCATED]
2019-11-15 21:59:45,593 [main] INFO  ozone.MiniOzoneClusterImpl (MiniOzoneClusterImpl.java:lambda$waitForClusterToBeReady$2(163)) - Waiting for 4 number of pipelines out of 4, to report a leader.
2019-11-15 21:59:46,594 [main] INFO  ozone.MiniOzoneClusterImpl (MiniOzoneClusterImpl.java:lambda$waitForClusterToBeReady$2(163)) - Waiting for 4 number of pipelines out of 4, to report a leader.
2019-11-15 21:59:47,595 [main] INFO  ozone.MiniOzoneClusterImpl (MiniOzoneClusterImpl.java:lambda$waitForClusterToBeReady$2(163)) - Waiting for 4 number of pipelines out of 4, to report a leader.
2019-11-15 21:59:47,753 [Thread-178] INFO  container.ReplicationManager (ReplicationManager.java:start(162)) - Starting Replication Monitor Thread.
2019-11-15 21:59:47,757 [Thread-178] INFO  pipeline.SCMPipelineManager (SCMPipelineManager.java:finalizeAndDestroyPipeline(315)) - destroying pipeline:Pipeline[ Id: 9b1e8d2b-c739-425f-8aac-8a0720f951d1, Nodes: 7bddf562-1f00-4607-a353-a19b68c8d3ee{ip: 192.168.34.53, host: pr-hdds-2515-logtostringformatter-dwl4z-3795388632, networkLocation: /default-rack, certSerialId: null}, Type:RATIS, Factor:ONE, State:ALLOCATED]
2019-11-15 21:59:47,757 [ReplicationMonitor] INFO  container.ReplicationManager (ReplicationManager.java:run(225)) - Replication Monitor Thread took 0 milliseconds for processing 0 containers.
2019-11-15 21:59:47,758 [Thread-178] INFO  pipeline.PipelineStateManager (PipelineStateManager.java:finalizePipeline(121)) - Pipeline Pipeline[ Id: 9b1e8d2b-c739-425f-8aac-8a0720f951d1, Nodes: 7bddf562-1f00-4607-a353-a19b68c8d3ee{ip: 192.168.34.53, host: pr-hdds-2515-logtostringformatter-dwl4z-3795388632, networkLocation: /default-rack, certSerialId: null}, Type:RATIS, Factor:ONE, State:CLOSED] moved to CLOSED state
2019-11-15 21:59:47,786 [grpc-default-executor-2] INFO  impl.RaftServerProxy (RaftServerProxy.java:remove(95)) - 7bddf562-1f00-4607-a353-a19b68c8d3ee: remove  FOLLOWER 7bddf562-1f00-4607-a353-a19b68c8d3ee@group-8A0720F951D1:t0, leader=null, voted=null, raftlog=7bddf562-1f00-4607-a353-a19b68c8d3ee@group-8A0720F951D1-SegmentedRaftLog:OPENED:c-1,f-1,i0, conf=-1: [7bddf562-1f00-4607-a353-a19b68c8d3ee:192.168.34.53:44886], old=null RUNNING
2019-11-15 21:59:47,789 [grpc-default-executor-2] INFO  impl.RaftServerImpl (RaftServerImpl.java:lambda$shutdown$3(250)) - 7bddf562-1f00-4607-a353-a19b68c8d3ee@group-8A0720F951D1: shutdown
2019-11-15 21:59:47,789 [grpc-default-executor-2] INFO  util.JmxRegister (JmxRegister.java:unregister(73)) - Successfully un-registered JMX Bean with object name Ratis:service=RaftServer,group=group-8A0720F951D1,id=7bddf562-1f00-4607-a353-a19b68c8d3ee
2019-11-15 21:59:47,789 [grpc-default-executor-2] INFO  impl.RoleInfo (RoleInfo.java:shutdownFollowerState(121)) - 7bddf562-1f00-4607-a353-a19b68c8d3ee: shutdown FollowerState
2019-11-15 21:59:47,790 [grpc-default-executor-2] INFO  impl.StateMachineUpdater (StateMachineUpdater.java:stopAndJoin(136)) - 7bddf562-1f00-4607-a353-a19b68c8d3ee@group-8A0720F951D1-StateMachineUpdater: set stopIndex = -1
2019-11-15 21:59:47,790 [Thread-180] INFO  impl.FollowerState (FollowerState.java:run(120)) - 7bddf562-1f00-4607-a353-a19b68c8d3ee@group-8A0720F951D1-FollowerState was interrupted: java.lang.InterruptedException: sleep interrupted
2019-11-15 21:59:47,791 [grpc-default-executor-2] INFO  impl.RaftServerImpl (ServerState.java:close(387)) - 7bddf562-1f00-4607-a353-a19b68c8d3ee@group-8A0720F951D1: closes. applyIndex: -1
2019-11-15 21:59:47,796 [7bddf562-1f00-4607-a353-a19b68c8d3ee@group-8A0720F951D1-SegmentedRaftLogWorker] INFO  segmented.SegmentedRaftLogWorker (SegmentedRaftLogWorker.java:run(316)) - 7bddf562-1f00-4607-a353-a19b68c8d3ee@group-8A0720F951D1-SegmentedRaftLogWorker was interrupted, exiting. There are 0 tasks remaining in the queue.
2019-11-15 21:59:47,797 [grpc-default-executor-2] INFO  segmented.SegmentedRaftLogWorker (SegmentedRaftLogWorker.java:close(224)) - 7bddf562-1f00-4607-a353-a19b68c8d3ee@group-8A0720F951D1-SegmentedRaftLogWorker close()
2019-11-15 21:59:47,811 [Thread-178] INFO  pipeline.PipelineStateManager (PipelineStateManager.java:removePipeline(106)) - Pipeline Pipeline[ Id: 9b1e8d2b-c739-425f-8aac-8a0720f951d1, Nodes: 7bddf562-1f00-4607-a353-a19b68c8d3ee{ip: 192.168.34.53, host: pr-hdds-2515-logtostringformatter-dwl4z-3795388632, networkLocation: /default-rack, certSerialId: null}, Type:RATIS, Factor:ONE, State:CLOSED] removed from db
2019-11-15 21:59:47,812 [Thread-178] INFO  pipeline.SCMPipelineManager (SCMPipelineManager.java:finalizeAndDestroyPipeline(315)) - destroying pipeline:Pipeline[ Id: 0c78035c-de0e-4bef-9ca8-ef17730371be, Nodes: c2c6407b-784c-4e4b-bc36-d8006e9d82c2{ip: 192.168.34.53, host: pr-hdds-2515-logtostringformatter-dwl4z-3795388632, networkLocation: /default-rack, certSerialId: null}, Type:RATIS, Factor:ONE, State:ALLOCATED]
2019-11-15 21:59:47,812 [Thread-178] INFO  pipeline.PipelineStateManager (PipelineStateManager.java:finalizePipeline(121)) - Pipeline Pipeline[ Id: 0c78035c-de0e-4bef-9ca8-ef17730371be, Nodes: c2c6407b-784c-4e4b-bc36-d8006e9d82c2{ip: 192.168.34.53, host: pr-hdds-2515-logtostringformatter-dwl4z-3795388632, networkLocation: /default-rack, certSerialId: null}, Type:RATIS, Factor:ONE, State:CLOSED] moved to CLOSED state
2019-11-15 21:59:47,827 [grpc-default-executor-2] INFO  impl.RaftServerProxy (RaftServerProxy.java:remove(95)) - c2c6407b-784c-4e4b-bc36-d8006e9d82c2: remove  FOLLOWER c2c6407b-784c-4e4b-bc36-d8006e9d82c2@group-EF17730371BE:t0, leader=null, voted=null, raftlog=c2c6407b-784c-4e4b-bc36-d8006e9d82c2@group-EF17730371BE-SegmentedRaftLog:OPENED:c-1,f-1,i0, conf=-1: [c2c6407b-784c-4e4b-bc36-d8006e9d82c2:192.168.34.53:33375], old=null RUNNING
2019-11-15 21:59:47,828 [grpc-default-executor-2] INFO  impl.RaftServerImpl (RaftServerImpl.java:lambda$shutdown$3(250)) - c2c6407b-784c-4e4b-bc36-d8006e9d82c2@group-EF17730371BE: shutdown
2019-11-15 21:59:47,828 [grpc-default-executor-2] INFO  util.JmxRegister (JmxRegister.java:unregister(73)) - Successfully un-registered JMX Bean with object name Ratis:service=RaftServer,group=group-EF17730371BE,id=c2c6407b-784c-4e4b-bc36-d8006e9d82c2
2019-11-15 21:59:47,829 [grpc-default-executor-2] INFO  impl.RoleInfo (RoleInfo.java:shutdownFollowerState(121)) - c2c6407b-784c-4e4b-bc36-d8006e9d82c2: shutdown FollowerState
2019-11-15 21:59:47,829 [Thread-183] INFO  impl.FollowerState (FollowerState.java:run(120)) - c2c6407b-784c-4e4b-bc36-d8006e9d82c2@group-EF17730371BE-FollowerState was interrupted: java.lang.InterruptedException: sleep interrupted
2019-11-15 21:59:47,831 [grpc-default-executor-2] INFO  impl.StateMachineUpdater (StateMachineUpdater.java:stopAndJoin(136)) - c2c6407b-784c-4e4b-bc36-d8006e9d82c2@group-EF17730371BE-StateMachineUpdater: set stopIndex = -1
2019-11-15 21:59:47,831 [grpc-default-executor-2] INFO  impl.RaftServerImpl (ServerState.java:close(387)) - c2c6407b-784c-4e4b-bc36-d8006e9d82c2@group-EF17730371BE: closes. applyIndex: -1
2019-11-15 21:59:47,831 [grpc-default-executor-0] INFO  impl.RaftServerProxy (RaftServerProxy.java:addNew(89)) - c2c6407b-784c-4e4b-bc36-d8006e9d82c2: addNew group-BAFA9A02570C:[c2c6407b-784c-4e4b-bc36-d8006e9d82c2:192.168.34.53:33375] returns group-BAFA9A02570C:java.util.concurrent.CompletableFuture@6a8c8bd9[Not completed]
2019-11-15 21:59:47,832 [c2c6407b-784c-4e4b-bc36-d8006e9d82c2@group-EF17730371BE-SegmentedRaftLogWorker] INFO  segmented.SegmentedRaftLogWorker (SegmentedRaftLogWorker.java:run(316)) - c2c6407b-784c-4e4b-bc36-d8006e9d82c2@group-EF17730371BE-SegmentedRaftLogWorker was interrupted, exiting. There are 0 tasks remaining in the queue.
2019-11-15 21:59:47,833 [grpc-default-executor-2] INFO  segmented.SegmentedRaftLogWorker (SegmentedRaftLogWorker.java:close(224)) - c2c6407b-784c-4e4b-bc36-d8006e9d82c2@group-EF17730371BE-SegmentedRaftLogWorker close()
2019-11-15 21:59:47,836 [pool-37-thread-1] INFO  impl.RaftServerImpl (RaftServerImpl.java:<init>(98)) - c2c6407b-784c-4e4b-bc36-d8006e9d82c2: new RaftServerImpl for group-BAFA9A02570C:[c2c6407b-784c-4e4b-bc36-d8006e9d82c2:192.168.34.53:33375] with ContainerStateMachine:uninitialized
2019-11-15 21:59:47,836 [pool-37-thread-1] INFO  server.RaftServerConfigKeys (ConfUtils.java:logGet(43)) - raft.server.rpc.timeout.min = 5s (custom)
2019-11-15 21:59:47,836 [pool-37-thread-1] INFO  server.RaftServerConfigKeys (ConfUtils.java:logGet(43)) - raft.server.rpc.timeout.max = 5200ms (custom)
2019-11-15 21:59:47,836 [pool-37-thread-1] INFO  server.RaftServerConfigKeys (ConfUtils.java:logGet(43)) - raft.server.rpcslowness.timeout = 120s (custom)
2019-11-15 21:59:47,836 [pool-37-thread-1] INFO  server.RaftServerConfigKeys (ConfUtils.java:logGet(43)) - raft.server.sleep.deviation.threshold = 300 (default)
2019-11-15 21:59:47,836 [pool-37-thread-1] INFO  server.RaftServerConfigKeys (ConfUtils.java:logGet(43)) - raft.server.log.appender.install.snapshot.enabled = false (custom)
2019-11-15 21:59:47,836 [pool-37-thread-1] INFO  impl.RaftServerImpl (ServerState.java:<init>(103)) - c2c6407b-784c-4e4b-bc36-d8006e9d82c2@group-BAFA9A02570C: ConfigurationManager, init=-1: [c2c6407b-784c-4e4b-bc36-d8006e9d82c2:192.168.34.53:33375], old=null, confs=<EMPTY_MAP>
2019-11-15 21:59:47,837 [pool-37-thread-1] INFO  server.RaftServerConfigKeys (ConfUtils.java:logGet(43)) - raft.server.storage.dir = [/workdir/hadoop-ozone/tools/target/test-dir/MiniOzoneClusterImpl-95de1c25-f016-473e-a03a-279cab8467aa/datanode-1/data/ratis] (custom)
2019-11-15 21:59:47,837 [pool-37-thread-1] INFO  server.RaftServerConfigKeys (ConfUtils.java:logGet(43)) - raft.server.log.corruption.policy = EXCEPTION (default)
2019-11-15 21:59:47,837 [pool-37-thread-1] INFO  storage.RaftStorageDirectory (RaftStorageDirectory.java:analyzeStorage(246)) - The storage directory /workdir/hadoop-ozone/tools/target/test-dir/MiniOzoneClusterImpl-95de1c25-f016-473e-a03a-279cab8467aa/datanode-1/data/ratis/30173c0a-5889-4caf-bf2d-bafa9a02570c does not exist. Creating ...
2019-11-15 21:59:47,854 [pool-37-thread-1] INFO  storage.RaftStorageDirectory (RaftStorageDirectory.java:tryLock(328)) - Lock on /workdir/hadoop-ozone/tools/target/test-dir/MiniOzoneClusterImpl-95de1c25-f016-473e-a03a-279cab8467aa/datanode-1/data/ratis/30173c0a-5889-4caf-bf2d-bafa9a02570c/in_use.lock acquired by nodename 13872@pr-hdds-2515-logtostringformatter-dwl4z-3795388632
2019-11-15 21:59:47,868 [pool-37-thread-1] INFO  storage.RaftStorage (RaftStorage.java:format(84)) - Storage directory /workdir/hadoop-ozone/tools/target/test-dir/MiniOzoneClusterImpl-95de1c25-f016-473e-a03a-279cab8467aa/datanode-1/data/ratis/30173c0a-5889-4caf-bf2d-bafa9a02570c has been successfully formatted.
2019-11-15 21:59:47,868 [pool-37-thread-1] INFO  ratis.ContainerStateMachine (ContainerStateMachine.java:loadSnapshot(223)) - group-BAFA9A02570C: The snapshot info is null. Setting the last applied indexto:(t:0, i:~)
2019-11-15 21:59:47,868 [pool-37-thread-1] INFO  server.RaftServerConfigKeys (ConfUtils.java:logGet(43)) - raft.server.notification.no-leader.timeout = 120s (custom)
2019-11-15 21:59:47,868 [pool-37-thread-1] INFO  server.RaftServerConfigKeys (ConfUtils.java:logGet(43)) - raft.server.log.use.memory = false (default)
2019-11-15 21:59:47,868 [pool-37-thread-1] INFO  server.RaftServerConfigKeys (ConfUtils.java:logGet(43)) - raft.server.log.purge.gap = 1000000 (custom)
2019-11-15 21:59:47,868 [pool-37-thread-1] INFO  server.RaftServerConfigKeys (ConfUtils.java:logGet(43)) - raft.server.log.appender.buffer.byte-limit = 33554432 (custom)
2019-11-15 21:59:47,869 [pool-37-thread-1] INFO  server.RaftServerConfigKeys (ConfUtils.java:logGet(43)) - raft.server.log.segment.size.max = 1048576 (custom)
2019-11-15 21:59:47,869 [pool-37-thread-1] INFO  server.RaftServerConfigKeys (ConfUtils.java:logGet(43)) - raft.server.log.segment.cache.num.max = 2 (custom)
2019-11-15 21:59:47,869 [pool-37-thread-1] INFO  segmented.SegmentedRaftLogWorker (SegmentedRaftLogWorker.java:<init>(173)) - new c2c6407b-784c-4e4b-bc36-d8006e9d82c2@group-BAFA9A02570C-SegmentedRaftLogWorker for RaftStorage:Storage Directory /workdir/hadoop-ozone/tools/target/test-dir/MiniOzoneClusterImpl-95de1c25-f016-473e-a03a-279cab8467aa/datanode-1/data/ratis/30173c0a-5889-4caf-bf2d-bafa9a02570c
2019-11-15 21:59:47,869 [pool-37-thread-1] INFO  server.RaftServerConfigKeys (ConfUtils.java:logGet(43)) - raft.server.log.queue.byte-limit = 2147483647 (custom)
2019-11-15 21:59:47,869 [pool-37-thread-1] INFO  server.RaftServerConfigKeys (ConfUtils.java:logGet(43)) - raft.server.log.queue.element-limit = 1024 (custom)
2019-11-15 21:59:47,869 [pool-37-thread-1] INFO  server.RaftServerConfigKeys (ConfUtils.java:logGet(43)) - raft.server.log.segment.size.max = 1048576 (custom)
2019-11-15 21:59:47,869 [pool-37-thread-1] INFO  server.RaftServerConfigKeys (ConfUtils.java:logGet(43)) - raft.server.log.preallocated.size = 16384 (custom)
2019-11-15 21:59:47,869 [pool-37-thread-1] INFO  server.RaftServerConfigKeys (ConfUtils.java:logGet(43)) - raft.server.log.write.buffer.size = 33554432 (custom)
2019-11-15 21:59:47,869 [pool-37-thread-1] INFO  server.RaftServerConfigKeys (ConfUtils.java:logGet(43)) - raft.server.log.force.sync.num = 128 (default)
2019-11-15 21:59:47,870 [pool-37-thread-1] INFO  server.RaftServerConfigKeys (ConfUtils.java:logGet(43)) - raft.server.log.statemachine.data.sync = true (default)
2019-11-15 21:59:47,870 [pool-37-thread-1] INFO  server.RaftServerConfigKeys (ConfUtils.java:logGet(43)) - raft.server.log.statemachine.data.sync.timeout = 10s (default)
2019-11-15 21:59:47,870 [pool-37-thread-1] INFO  server.RaftServerConfigKeys (ConfUtils.java:logGet(43)) - raft.server.log.statemachine.data.sync.timeout.retry = -1 (default)
2019-11-15 21:59:47,870 [pool-37-thread-1] INFO  server.RaftServerConfigKeys (ConfUtils.java:logGet(43)) - raft.server.log.statemachine.data.caching.enabled = true (custom)
2019-11-15 21:59:47,870 [pool-37-thread-1] INFO  segmented.SegmentedRaftLogWorker (SegmentedRaftLogWorker.java:lambda$new$0(128)) - c2c6407b-784c-4e4b-bc36-d8006e9d82c2@group-BAFA9A02570C-SegmentedRaftLogWorker: flushIndex: setUnconditionally 0 -> -1
2019-11-15 21:59:47,871 [pool-37-thread-1] INFO  server.RaftServerConfigKeys (ConfUtils.java:logGet(43)) - raft.server.snapshot.auto.trigger.enabled = true (custom)
2019-11-15 21:59:47,871 [pool-37-thread-1] INFO  server.RaftServerConfigKeys (ConfUtils.java:logGet(43)) - raft.server.snapshot.auto.trigger.threshold = 10000 (custom)
2019-11-15 21:59:47,871 [pool-37-thread-1] INFO  server.RaftServerConfigKeys (ConfUtils.java:logGet(43)) - raft.server.snapshot.retention.file.num = 5 (custom)
2019-11-15 21:59:47,871 [pool-37-thread-1] INFO  server.RaftServerConfigKeys (ConfUtils.java:logGet(43)) - raft.server.retrycache.expirytime = 600000ms (custom)
2019-11-15 21:59:47,871 [pool-37-thread-1] WARN  impl.MetricRegistriesImpl (MetricRegistriesImpl.java:lambda$create$1(61)) - First MetricRegistry has been created without registering reporters. You may need to call MetricRegistries.global().addReportRegistration(...) before.
2019-11-15 21:59:47,871 [pool-37-thread-1] WARN  impl.MetricRegistriesImpl (MetricRegistriesImpl.java:lambda$create$1(61)) - First MetricRegistry has been created without registering reporters. You may need to call MetricRegistries.global().addReportRegistration(...) before.
2019-11-15 21:59:47,871 [pool-37-thread-1] INFO  impl.RaftServerImpl (RaftServerImpl.java:start(184)) - c2c6407b-784c-4e4b-bc36-d8006e9d82c2@group-BAFA9A02570C: start as a follower, conf=-1: [c2c6407b-784c-4e4b-bc36-d8006e9d82c2:192.168.34.53:33375], old=null
2019-11-15 21:59:47,872 [pool-37-thread-1] INFO  impl.RaftServerImpl (RaftServerImpl.java:setRole(173)) - c2c6407b-784c-4e4b-bc36-d8006e9d82c2@group-BAFA9A02570C: changes role from      null to FOLLOWER at term 0 for startAsFollower
2019-11-15 21:59:47,872 [pool-37-thread-1] INFO  impl.RoleInfo (RoleInfo.java:updateAndGet(143)) - c2c6407b-784c-4e4b-bc36-d8006e9d82c2: start FollowerState
2019-11-15 21:59:47,872 [pool-37-thread-1] INFO  util.JmxRegister (JmxRegister.java:tryRegister(44)) - Successfully registered JMX Bean with object name Ratis:service=RaftServer,group=group-BAFA9A02570C,id=c2c6407b-784c-4e4b-bc36-d8006e9d82c2
2019-11-15 21:59:47,872 [pool-37-thread-1] WARN  impl.MetricRegistriesImpl (MetricRegistriesImpl.java:lambda$create$1(61)) - First MetricRegistry has been created without registering reporters. You may need to call MetricRegistries.global().addReportRegistration(...) before.
2019-11-15 21:59:47,878 [RatisPipelineUtilsThread] INFO  pipeline.PipelineStateManager (PipelineStateManager.java:addPipeline(55)) - Created pipeline Pipeline[ Id: 30173c0a-5889-4caf-bf2d-bafa9a02570c, Nodes: c2c6407b-784c-4e4b-bc36-d8006e9d82c2{ip: 192.168.34.53, host: pr-hdds-2515-logtostringformatter-dwl4z-3795388632, networkLocation: /default-rack, certSerialId: null}, Type:RATIS, Factor:ONE, State:ALLOCATED]
2019-11-15 21:59:47,888 [grpc-default-executor-2] INFO  impl.RaftServerProxy (RaftServerProxy.java:addNew(89)) - 7bddf562-1f00-4607-a353-a19b68c8d3ee: addNew group-22D1662DDD0D:[7bddf562-1f00-4607-a353-a19b68c8d3ee:192.168.34.53:44886] returns group-22D1662DDD0D:java.util.concurrent.CompletableFuture@226d0848[Not completed]
2019-11-15 21:59:47,890 [pool-27-thread-1] INFO  impl.RaftServerImpl (RaftServerImpl.java:<init>(98)) - 7bddf562-1f00-4607-a353-a19b68c8d3ee: new RaftServerImpl for group-22D1662DDD0D:[7bddf562-1f00-4607-a353-a19b68c8d3ee:192.168.34.53:44886] with ContainerStateMachine:uninitialized
2019-11-15 21:59:47,890 [pool-27-thread-1] INFO  server.RaftServerConfigKeys (ConfUtils.java:logGet(43)) - raft.server.rpc.timeout.min = 5s (custom)
2019-11-15 21:59:47,890 [pool-27-thread-1] INFO  server.RaftServerConfigKeys (ConfUtils.java:logGet(43)) - raft.server.rpc.timeout.max = 5200ms (custom)
2019-11-15 21:59:47,890 [pool-27-thread-1] INFO  server.RaftServerConfigKeys (ConfUtils.java:logGet(43)) - raft.server.rpcslowness.timeout = 120s (custom)
2019-11-15 21:59:47,890 [pool-27-thread-1] INFO  server.RaftServerConfigKeys (ConfUtils.java:logGet(43)) - raft.server.sleep.deviation.threshold = 300 (default)
2019-11-15 21:59:47,890 [pool-27-thread-1] INFO  server.RaftServerConfigKeys (ConfUtils.java:logGet(43)) - raft.server.log.appender.install.snapshot.enabled = false (custom)
2019-11-15 21:59:47,890 [pool-27-thread-1] INFO  impl.RaftServerImpl (ServerState.java:<init>(103)) - 7bddf562-1f00-4607-a353-a19b68c8d3ee@group-22D1662DDD0D: ConfigurationManager, init=-1: [7bddf562-1f00-4607-a353-a19b68c8d3ee:192.168.34.53:44886], old=null, confs=<EMPTY_MAP>
2019-11-15 21:59:47,891 [pool-27-thread-1] INFO  server.RaftServerConfigKeys (ConfUtils.java:logGet(43)) - raft.server.storage.dir = [/workdir/hadoop-ozone/tools/target/test-dir/MiniOzoneClusterImpl-95de1c25-f016-473e-a03a-279cab8467aa/datanode-0/data/ratis] (custom)
2019-11-15 21:59:47,891 [pool-27-thread-1] INFO  server.RaftServerConfigKeys (ConfUtils.java:logGet(43)) - raft.server.log.corruption.policy = EXCEPTION (default)
2019-11-15 21:59:47,891 [pool-27-thread-1] INFO  storage.RaftStorageDirectory (RaftStorageDirectory.java:analyzeStorage(246)) - The storage directory /workdir/hadoop-ozone/tools/target/test-dir/MiniOzoneClusterImpl-95de1c25-f016-473e-a03a-279cab8467aa/datanode-0/data/ratis/31601fca-cb2c-4e4f-93d2-22d1662ddd0d does not exist. Creating ...
2019-11-15 21:59:47,896 [pool-27-thread-1] INFO  storage.RaftStorageDirectory (RaftStorageDirectory.java:tryLock(328)) - Lock on /workdir/hadoop-ozone/tools/target/test-dir/MiniOzoneClusterImpl-95de1c25-f016-473e-a03a-279cab8467aa/datanode-0/data/ratis/31601fca-cb2c-4e4f-93d2-22d1662ddd0d/in_use.lock acquired by nodename 13872@pr-hdds-2515-logtostringformatter-dwl4z-3795388632
2019-11-15 21:59:47,909 [pool-27-thread-1] INFO  storage.RaftStorage (RaftStorage.java:format(84)) - Storage directory /workdir/hadoop-ozone/tools/target/test-dir/MiniOzoneClusterImpl-95de1c25-f016-473e-a03a-279cab8467aa/datanode-0/data/ratis/31601fca-cb2c-4e4f-93d2-22d1662ddd0d has been successfully formatted.
2019-11-15 21:59:47,910 [pool-27-thread-1] INFO  ratis.ContainerStateMachine (ContainerStateMachine.java:loadSnapshot(223)) - group-22D1662DDD0D: The snapshot info is null. Setting the last applied indexto:(t:0, i:~)
2019-11-15 21:59:47,910 [pool-27-thread-1] INFO  server.RaftServerConfigKeys (ConfUtils.java:logGet(43)) - raft.server.notification.no-leader.timeout = 120s (custom)
2019-11-15 21:59:47,910 [pool-27-thread-1] INFO  server.RaftServerConfigKeys (ConfUtils.java:logGet(43)) - raft.server.log.use.memory = false (default)
2019-11-15 21:59:47,910 [pool-27-thread-1] INFO  server.RaftServerConfigKeys (ConfUtils.java:logGet(43)) - raft.server.log.purge.gap = 1000000 (custom)
2019-11-15 21:59:47,910 [pool-27-thread-1] INFO  server.RaftServerConfigKeys (ConfUtils.java:logGet(43)) - raft.server.log.appender.buffer.byte-limit = 33554432 (custom)
2019-11-15 21:59:47,911 [pool-27-thread-1] INFO  server.RaftServerConfigKeys (ConfUtils.java:logGet(43)) - raft.server.log.segment.size.max = 1048576 (custom)
2019-11-15 21:59:47,911 [pool-27-thread-1] INFO  server.RaftServerConfigKeys (ConfUtils.java:logGet(43)) - raft.server.log.segment.cache.num.max = 2 (custom)
2019-11-15 21:59:47,911 [pool-27-thread-1] INFO  segmented.SegmentedRaftLogWorker (SegmentedRaftLogWorker.java:<init>(173)) - new 7bddf562-1f00-4607-a353-a19b68c8d3ee@group-22D1662DDD0D-SegmentedRaftLogWorker for RaftStorage:Storage Directory /workdir/hadoop-ozone/tools/target/test-dir/MiniOzoneClusterImpl-95de1c25-f016-473e-a03a-279cab8467aa/datanode-0/data/ratis/31601fca-cb2c-4e4f-93d2-22d1662ddd0d
2019-11-15 21:59:47,911 [pool-27-thread-1] INFO  server.RaftServerConfigKeys (ConfUtils.java:logGet(43)) - raft.server.log.queue.byte-limit = 2147483647 (custom)
2019-11-15 21:59:47,911 [pool-27-thread-1] INFO  server.RaftServerConfigKeys (ConfUtils.java:logGet(43)) - raft.server.log.queue.element-limit = 1024 (custom)
2019-11-15 21:59:47,911 [pool-27-thread-1] INFO  server.RaftServerConfigKeys (ConfUtils.java:logGet(43)) - raft.server.log.segment.size.max = 1048576 (custom)
2019-11-15 21:59:47,911 [pool-27-thread-1] INFO  server.RaftServerConfigKeys (ConfUtils.java:logGet(43)) - raft.server.log.preallocated.size = 16384 (custom)
2019-11-15 21:59:47,912 [pool-27-thread-1] INFO  server.RaftServerConfigKeys (ConfUtils.java:logGet(43)) - raft.server.log.write.buffer.size = 33554432 (custom)
2019-11-15 21:59:47,912 [pool-27-thread-1] INFO  server.RaftServerConfigKeys (ConfUtils.java:logGet(43)) - raft.server.log.force.sync.num = 128 (default)
2019-11-15 21:59:47,912 [pool-27-thread-1] INFO  server.RaftServerConfigKeys (ConfUtils.java:logGet(43)) - raft.server.log.statemachine.data.sync = true (default)
2019-11-15 21:59:47,912 [pool-27-thread-1] INFO  server.RaftServerConfigKeys (ConfUtils.java:logGet(43)) - raft.server.log.statemachine.data.sync.timeout = 10s (default)
2019-11-15 21:59:47,912 [pool-27-thread-1] INFO  server.RaftServerConfigKeys (ConfUtils.java:logGet(43)) - raft.server.log.statemachine.data.sync.timeout.retry = -1 (default)
2019-11-15 21:59:47,913 [pool-27-thread-1] INFO  server.RaftServerConfigKeys (ConfUtils.java:logGet(43)) - raft.server.log.statemachine.data.caching.enabled = true (custom)
2019-11-15 21:59:47,913 [pool-27-thread-1] INFO  segmented.SegmentedRaftLogWorker (SegmentedRaftLogWorker.java:lambda$new$0(128)) - 7bddf562-1f00-4607-a353-a19b68c8d3ee@group-22D1662DDD0D-SegmentedRaftLogWorker: flushIndex: setUnconditionally 0 -> -1
2019-11-15 21:59:47,913 [pool-27-thread-1] INFO  server.RaftServerConfigKeys (ConfUtils.java:logGet(43)) - raft.server.snapshot.auto.trigger.enabled = true (custom)
2019-11-15 21:59:47,913 [pool-27-thread-1] INFO  server.RaftServerConfigKeys (ConfUtils.java:logGet(43)) - raft.server.snapshot.auto.trigger.threshold = 10000 (custom)
2019-11-15 21:59:47,914 [pool-27-thread-1] INFO  server.RaftServerConfigKeys (ConfUtils.java:logGet(43)) - raft.server.snapshot.retention.file.num = 5 (custom)
2019-11-15 21:59:47,914 [pool-27-thread-1] INFO  server.RaftServerConfigKeys (ConfUtils.java:logGet(43)) - raft.server.retrycache.expirytime = 600000ms (custom)
2019-11-15 21:59:47,914 [pool-27-thread-1] WARN  impl.MetricRegistriesImpl (MetricRegistriesImpl.java:lambda$create$1(61)) - First MetricRegistry has been created without registering reporters. You may need to call MetricRegistries.global().addReportRegistration(...) before.
2019-11-15 21:59:47,914 [pool-27-thread-1] WARN  impl.MetricRegistriesImpl (MetricRegistriesImpl.java:lambda$create$1(61)) - First MetricRegistry has been created without registering reporters. You may need to call MetricRegistries.global().addReportRegistration(...) before.
2019-11-15 21:59:47,914 [pool-27-thread-1] INFO  impl.RaftServerImpl (RaftServerImpl.java:start(184)) - 7bddf562-1f00-4607-a353-a19b68c8d3ee@group-22D1662DDD0D: start as a follower, conf=-1: [7bddf562-1f00-4607-a353-a19b68c8d3ee:192.168.34.53:44886], old=null
2019-11-15 21:59:47,915 [pool-27-thread-1] INFO  impl.RaftServerImpl (RaftServerImpl.java:setRole(173)) - 7bddf562-1f00-4607-a353-a19b68c8d3ee@group-22D1662DDD0D: changes role from      null to FOLLOWER at term 0 for startAsFollower
2019-11-15 21:59:47,915 [pool-27-thread-1] INFO  impl.RoleInfo (RoleInfo.java:updateAndGet(143)) - 7bddf562-1f00-4607-a353-a19b68c8d3ee: start FollowerState
2019-11-15 21:59:47,915 [pool-27-thread-1] INFO  util.JmxRegister (JmxRegister.java:tryRegister(44)) - Successfully registered JMX Bean with object name Ratis:service=RaftServer,group=group-22D1662DDD0D,id=7bddf562-1f00-4607-a353-a19b68c8d3ee
2019-11-15 21:59:47,915 [pool-27-thread-1] WARN  impl.MetricRegistriesImpl (MetricRegistriesImpl.java:lambda$create$1(61)) - First MetricRegistry has been created without registering reporters. You may need to call MetricRegistries.global().addReportRegistration(...) before.
2019-11-15 21:59:47,925 [RatisPipelineUtilsThread] INFO  pipeline.PipelineStateManager (PipelineStateManager.java:addPipeline(55)) - Created pipeline Pipeline[ Id: 31601fca-cb2c-4e4f-93d2-22d1662ddd0d, Nodes: 7bddf562-1f00-4607-a353-a19b68c8d3ee{ip: 192.168.34.53, host: pr-hdds-2515-logtostringformatter-dwl4z-3795388632, networkLocation: /default-rack, certSerialId: null}, Type:RATIS, Factor:ONE, State:ALLOCATED]
2019-11-15 21:59:47,926 [Thread-178] INFO  pipeline.PipelineStateManager (PipelineStateManager.java:removePipeline(106)) - Pipeline Pipeline[ Id: 0c78035c-de0e-4bef-9ca8-ef17730371be, Nodes: c2c6407b-784c-4e4b-bc36-d8006e9d82c2{ip: 192.168.34.53, host: pr-hdds-2515-logtostringformatter-dwl4z-3795388632, networkLocation: /default-rack, certSerialId: null}, Type:RATIS, Factor:ONE, State:CLOSED] removed from db
2019-11-15 21:59:47,927 [Thread-178] INFO  pipeline.SCMPipelineManager (SCMPipelineManager.java:finalizeAndDestroyPipeline(315)) - destroying pipeline:Pipeline[ Id: 6b6a4943-4eba-4c70-a9c3-46f5c8afdc46, Nodes: 161f52f7-f736-41b9-9c3d-dd314a5b9569{ip: 192.168.34.53, host: pr-hdds-2515-logtostringformatter-dwl4z-3795388632, networkLocation: /default-rack, certSerialId: null}, Type:RATIS, Factor:ONE, State:ALLOCATED]
2019-11-15 21:59:47,927 [Thread-178] INFO  pipeline.PipelineStateManager (PipelineStateManager.java:finalizePipeline(121)) - Pipeline Pipeline[ Id: 6b6a4943-4eba-4c70-a9c3-46f5c8afdc46, Nodes: 161f52f7-f736-41b9-9c3d-dd314a5b9569{ip: 192.168.34.53, host: pr-hdds-2515-logtostringformatter-dwl4z-3795388632, networkLocation: /default-rack, certSerialId: null}, Type:RATIS, Factor:ONE, State:CLOSED] moved to CLOSED state
2019-11-15 21:59:47,937 [grpc-default-executor-2] INFO  impl.RaftServerProxy (RaftServerProxy.java:remove(95)) - 161f52f7-f736-41b9-9c3d-dd314a5b9569: remove  FOLLOWER 161f52f7-f736-41b9-9c3d-dd314a5b9569@group-46F5C8AFDC46:t0, leader=null, voted=null, raftlog=161f52f7-f736-41b9-9c3d-dd314a5b9569@group-46F5C8AFDC46-SegmentedRaftLog:OPENED:c-1,f-1,i0, conf=-1: [161f52f7-f736-41b9-9c3d-dd314a5b9569:192.168.34.53:32784], old=null RUNNING
2019-11-15 21:59:47,938 [grpc-default-executor-2] INFO  impl.RaftServerImpl (RaftServerImpl.java:lambda$shutdown$3(250)) - 161f52f7-f736-41b9-9c3d-dd314a5b9569@group-46F5C8AFDC46: shutdown
2019-11-15 21:59:47,938 [grpc-default-executor-2] INFO  util.JmxRegister (JmxRegister.java:unregister(73)) - Successfully un-registered JMX Bean with object name Ratis:service=RaftServer,group=group-46F5C8AFDC46,id=161f52f7-f736-41b9-9c3d-dd314a5b9569
2019-11-15 21:59:47,938 [grpc-default-executor-2] INFO  impl.RoleInfo (RoleInfo.java:shutdownFollowerState(121)) - 161f52f7-f736-41b9-9c3d-dd314a5b9569: shutdown FollowerState
2019-11-15 21:59:47,939 [grpc-default-executor-2] INFO  impl.StateMachineUpdater (StateMachineUpdater.java:stopAndJoin(136)) - 161f52f7-f736-41b9-9c3d-dd314a5b9569@group-46F5C8AFDC46-StateMachineUpdater: set stopIndex = -1
2019-11-15 21:59:47,939 [Thread-186] INFO  impl.FollowerState (FollowerState.java:run(120)) - 161f52f7-f736-41b9-9c3d-dd314a5b9569@group-46F5C8AFDC46-FollowerState was interrupted: java.lang.InterruptedException: sleep interrupted
2019-11-15 21:59:47,939 [grpc-default-executor-2] INFO  impl.RaftServerImpl (ServerState.java:close(387)) - 161f52f7-f736-41b9-9c3d-dd314a5b9569@group-46F5C8AFDC46: closes. applyIndex: -1
2019-11-15 21:59:47,940 [161f52f7-f736-41b9-9c3d-dd314a5b9569@group-46F5C8AFDC46-SegmentedRaftLogWorker] INFO  segmented.SegmentedRaftLogWorker (SegmentedRaftLogWorker.java:run(316)) - 161f52f7-f736-41b9-9c3d-dd314a5b9569@group-46F5C8AFDC46-SegmentedRaftLogWorker was interrupted, exiting. There are 0 tasks remaining in the queue.
2019-11-15 21:59:47,940 [grpc-default-executor-2] INFO  segmented.SegmentedRaftLogWorker (SegmentedRaftLogWorker.java:close(224)) - 161f52f7-f736-41b9-9c3d-dd314a5b9569@group-46F5C8AFDC46-SegmentedRaftLogWorker close()
2019-11-15 21:59:47,948 [Thread-178] INFO  pipeline.PipelineStateManager (PipelineStateManager.java:removePipeline(106)) - Pipeline Pipeline[ Id: 6b6a4943-4eba-4c70-a9c3-46f5c8afdc46, Nodes: 161f52f7-f736-41b9-9c3d-dd314a5b9569{ip: 192.168.34.53, host: pr-hdds-2515-logtostringformatter-dwl4z-3795388632, networkLocation: /default-rack, certSerialId: null}, Type:RATIS, Factor:ONE, State:CLOSED] removed from db
2019-11-15 21:59:47,948 [Thread-178] INFO  pipeline.SCMPipelineManager (SCMPipelineManager.java:finalizeAndDestroyPipeline(315)) - destroying pipeline:Pipeline[ Id: 710526e8-6b33-4b2e-9f28-1403ed1bb7cd, Nodes: c2c6407b-784c-4e4b-bc36-d8006e9d82c2{ip: 192.168.34.53, host: pr-hdds-2515-logtostringformatter-dwl4z-3795388632, networkLocation: /default-rack, certSerialId: null}7bddf562-1f00-4607-a353-a19b68c8d3ee{ip: 192.168.34.53, host: pr-hdds-2515-logtostringformatter-dwl4z-3795388632, networkLocation: /default-rack, certSerialId: null}161f52f7-f736-41b9-9c3d-dd314a5b9569{ip: 192.168.34.53, host: pr-hdds-2515-logtostringformatter-dwl4z-3795388632, networkLocation: /default-rack, certSerialId: null}, Type:RATIS, Factor:THREE, State:ALLOCATED]
2019-11-15 21:59:47,958 [grpc-default-executor-2] INFO  impl.RaftServerProxy (RaftServerProxy.java:addNew(89)) - 161f52f7-f736-41b9-9c3d-dd314a5b9569: addNew group-510A39957FDB:[161f52f7-f736-41b9-9c3d-dd314a5b9569:192.168.34.53:32784] returns group-510A39957FDB:java.util.concurrent.CompletableFuture@2f1fd11c[Not completed]
2019-11-15 21:59:47,959 [pool-47-thread-1] INFO  impl.RaftServerImpl (RaftServerImpl.java:<init>(98)) - 161f52f7-f736-41b9-9c3d-dd314a5b9569: new RaftServerImpl for group-510A39957FDB:[161f52f7-f736-41b9-9c3d-dd314a5b9569:192.168.34.53:32784] with ContainerStateMachine:uninitialized
2019-11-15 21:59:47,960 [pool-47-thread-1] INFO  server.RaftServerConfigKeys (ConfUtils.java:logGet(43)) - raft.server.rpc.timeout.min = 5s (custom)
2019-11-15 21:59:47,960 [pool-47-thread-1] INFO  server.RaftServerConfigKeys (ConfUtils.java:logGet(43)) - raft.server.rpc.timeout.max = 5200ms (custom)
2019-11-15 21:59:47,960 [pool-47-thread-1] INFO  server.RaftServerConfigKeys (ConfUtils.java:logGet(43)) - raft.server.rpcslowness.timeout = 120s (custom)
2019-11-15 21:59:47,960 [pool-47-thread-1] INFO  server.RaftServerConfigKeys (ConfUtils.java:logGet(43)) - raft.server.sleep.deviation.threshold = 300 (default)
2019-11-15 21:59:47,960 [pool-47-thread-1] INFO  server.RaftServerConfigKeys (ConfUtils.java:logGet(43)) - raft.server.log.appender.install.snapshot.enabled = false (custom)
2019-11-15 21:59:47,961 [pool-47-thread-1] INFO  impl.RaftServerImpl (ServerState.java:<init>(103)) - 161f52f7-f736-41b9-9c3d-dd314a5b9569@group-510A39957FDB: ConfigurationManager, init=-1: [161f52f7-f736-41b9-9c3d-dd314a5b9569:192.168.34.53:32784], old=null, confs=<EMPTY_MAP>
2019-11-15 21:59:47,961 [pool-47-thread-1] INFO  server.RaftServerConfigKeys (ConfUtils.java:logGet(43)) - raft.server.storage.dir = [/workdir/hadoop-ozone/tools/target/test-dir/MiniOzoneClusterImpl-95de1c25-f016-473e-a03a-279cab8467aa/datanode-2/data/ratis] (custom)
2019-11-15 21:59:47,961 [pool-47-thread-1] INFO  server.RaftServerConfigKeys (ConfUtils.java:logGet(43)) - raft.server.log.corruption.policy = EXCEPTION (default)
2019-11-15 21:59:47,961 [pool-47-thread-1] INFO  storage.RaftStorageDirectory (RaftStorageDirectory.java:analyzeStorage(246)) - The storage directory /workdir/hadoop-ozone/tools/target/test-dir/MiniOzoneClusterImpl-95de1c25-f016-473e-a03a-279cab8467aa/datanode-2/data/ratis/3f964e95-07e2-4b8f-bc27-510a39957fdb does not exist. Creating ...
2019-11-15 21:59:47,974 [pool-47-thread-1] INFO  storage.RaftStorageDirectory (RaftStorageDirectory.java:tryLock(328)) - Lock on /workdir/hadoop-ozone/tools/target/test-dir/MiniOzoneClusterImpl-95de1c25-f016-473e-a03a-279cab8467aa/datanode-2/data/ratis/3f964e95-07e2-4b8f-bc27-510a39957fdb/in_use.lock acquired by nodename 13872@pr-hdds-2515-logtostringformatter-dwl4z-3795388632
2019-11-15 21:59:47,988 [pool-47-thread-1] INFO  storage.RaftStorage (RaftStorage.java:format(84)) - Storage directory /workdir/hadoop-ozone/tools/target/test-dir/MiniOzoneClusterImpl-95de1c25-f016-473e-a03a-279cab8467aa/datanode-2/data/ratis/3f964e95-07e2-4b8f-bc27-510a39957fdb has been successfully formatted.
2019-11-15 21:59:47,988 [pool-47-thread-1] INFO  ratis.ContainerStateMachine (ContainerStateMachine.java:loadSnapshot(223)) - group-510A39957FDB: The snapshot info is null. Setting the last applied indexto:(t:0, i:~)
2019-11-15 21:59:47,988 [pool-47-thread-1] INFO  server.RaftServerConfigKeys (ConfUtils.java:logGet(43)) - raft.server.notification.no-leader.timeout = 120s (custom)
2019-11-15 21:59:47,988 [pool-47-thread-1] INFO  server.RaftServerConfigKeys (ConfUtils.java:logGet(43)) - raft.server.log.use.memory = false (default)
2019-11-15 21:59:47,989 [pool-47-thread-1] INFO  server.RaftServerConfigKeys (ConfUtils.java:logGet(43)) - raft.server.log.purge.gap = 1000000 (custom)
2019-11-15 21:59:47,989 [pool-47-thread-1] INFO  server.RaftServerConfigKeys (ConfUtils.java:logGet(43)) - raft.server.log.appender.buffer.byte-limit = 33554432 (custom)
2019-11-15 21:59:47,989 [pool-47-thread-1] INFO  server.RaftServerConfigKeys (ConfUtils.java:logGet(43)) - raft.server.log.segment.size.max = 1048576 (custom)
2019-11-15 21:59:47,989 [pool-47-thread-1] INFO  server.RaftServerConfigKeys (ConfUtils.java:logGet(43)) - raft.server.log.segment.cache.num.max = 2 (custom)
2019-11-15 21:59:47,989 [pool-47-thread-1] INFO  segmented.SegmentedRaftLogWorker (SegmentedRaftLogWorker.java:<init>(173)) - new 161f52f7-f736-41b9-9c3d-dd314a5b9569@group-510A39957FDB-SegmentedRaftLogWorker for RaftStorage:Storage Directory /workdir/hadoop-ozone/tools/target/test-dir/MiniOzoneClusterImpl-95de1c25-f016-473e-a03a-279cab8467aa/datanode-2/data/ratis/3f964e95-07e2-4b8f-bc27-510a39957fdb
2019-11-15 21:59:47,989 [pool-47-thread-1] INFO  server.RaftServerConfigKeys (ConfUtils.java:logGet(43)) - raft.server.log.queue.byte-limit = 2147483647 (custom)
2019-11-15 21:59:47,989 [pool-47-thread-1] INFO  server.RaftServerConfigKeys (ConfUtils.java:logGet(43)) - raft.server.log.queue.element-limit = 1024 (custom)
2019-11-15 21:59:47,989 [pool-47-thread-1] INFO  server.RaftServerConfigKeys (ConfUtils.java:logGet(43)) - raft.server.log.segment.size.max = 1048576 (custom)
2019-11-15 21:59:47,989 [pool-47-thread-1] INFO  server.RaftServerConfigKeys (ConfUtils.java:logGet(43)) - raft.server.log.preallocated.size = 16384 (custom)
2019-11-15 21:59:47,990 [pool-47-thread-1] INFO  server.RaftServerConfigKeys (ConfUtils.java:logGet(43)) - raft.server.log.write.buffer.size = 33554432 (custom)
2019-11-15 21:59:47,990 [pool-47-thread-1] INFO  server.RaftServerConfigKeys (ConfUtils.java:logGet(43)) - raft.server.log.force.sync.num = 128 (default)
2019-11-15 21:59:47,990 [pool-47-thread-1] INFO  server.RaftServerConfigKeys (ConfUtils.java:logGet(43)) - raft.server.log.statemachine.data.sync = true (default)
2019-11-15 21:59:47,990 [pool-47-thread-1] INFO  server.RaftServerConfigKeys (ConfUtils.java:logGet(43)) - raft.server.log.statemachine.data.sync.timeout = 10s (default)
2019-11-15 21:59:47,990 [pool-47-thread-1] INFO  server.RaftServerConfigKeys (ConfUtils.java:logGet(43)) - raft.server.log.statemachine.data.sync.timeout.retry = -1 (default)
2019-11-15 21:59:47,990 [pool-47-thread-1] INFO  server.RaftServerConfigKeys (ConfUtils.java:logGet(43)) - raft.server.log.statemachine.data.caching.enabled = true (custom)
2019-11-15 21:59:47,991 [pool-47-thread-1] INFO  segmented.SegmentedRaftLogWorker (SegmentedRaftLogWorker.java:lambda$new$0(128)) - 161f52f7-f736-41b9-9c3d-dd314a5b9569@group-510A39957FDB-SegmentedRaftLogWorker: flushIndex: setUnconditionally 0 -> -1
2019-11-15 21:59:47,991 [pool-47-thread-1] INFO  server.RaftServerConfigKeys (ConfUtils.java:logGet(43)) - raft.server.snapshot.auto.trigger.enabled = true (custom)
2019-11-15 21:59:47,991 [pool-47-thread-1] INFO  server.RaftServerConfigKeys (ConfUtils.java:logGet(43)) - raft.server.snapshot.auto.trigger.threshold = 10000 (custom)
2019-11-15 21:59:47,991 [pool-47-thread-1] INFO  server.RaftServerConfigKeys (ConfUtils.java:logGet(43)) - raft.server.snapshot.retention.file.num = 5 (custom)
2019-11-15 21:59:47,991 [pool-47-thread-1] INFO  server.RaftServerConfigKeys (ConfUtils.java:logGet(43)) - raft.server.retrycache.expirytime = 600000ms (custom)
2019-11-15 21:59:47,991 [pool-47-thread-1] WARN  impl.MetricRegistriesImpl (MetricRegistriesImpl.java:lambda$create$1(61)) - First MetricRegistry has been created without registering reporters. You may need to call MetricRegistries.global().addReportRegistration(...) before.
2019-11-15 21:59:47,992 [pool-47-thread-1] WARN  impl.MetricRegistriesImpl (MetricRegistriesImpl.java:lambda$create$1(61)) - First MetricRegistry has been created without registering reporters. You may need to call MetricRegistries.global().addReportRegistration(...) before.
2019-11-15 21:59:47,992 [pool-47-thread-1] INFO  impl.RaftServerImpl (RaftServerImpl.java:start(184)) - 161f52f7-f736-41b9-9c3d-dd314a5b9569@group-510A39957FDB: start as a follower, conf=-1: [161f52f7-f736-41b9-9c3d-dd314a5b9569:192.168.34.53:32784], old=null
2019-11-15 21:59:47,992 [pool-47-thread-1] INFO  impl.RaftServerImpl (RaftServerImpl.java:setRole(173)) - 161f52f7-f736-41b9-9c3d-dd314a5b9569@group-510A39957FDB: changes role from      null to FOLLOWER at term 0 for startAsFollower
2019-11-15 21:59:47,992 [pool-47-thread-1] INFO  impl.RoleInfo (RoleInfo.java:updateAndGet(143)) - 161f52f7-f736-41b9-9c3d-dd314a5b9569: start FollowerState
2019-11-15 21:59:47,993 [pool-47-thread-1] INFO  util.JmxRegister (JmxRegister.java:tryRegister(44)) - Successfully registered JMX Bean with object name Ratis:service=RaftServer,group=group-510A39957FDB,id=161f52f7-f736-41b9-9c3d-dd314a5b9569
2019-11-15 21:59:47,993 [pool-47-thread-1] WARN  impl.MetricRegistriesImpl (MetricRegistriesImpl.java:lambda$create$1(61)) - First MetricRegistry has been created without registering reporters. You may need to call MetricRegistries.global().addReportRegistration(...) before.
2019-11-15 21:59:48,000 [RatisPipelineUtilsThread] INFO  pipeline.PipelineStateManager (PipelineStateManager.java:addPipeline(55)) - Created pipeline Pipeline[ Id: 3f964e95-07e2-4b8f-bc27-510a39957fdb, Nodes: 161f52f7-f736-41b9-9c3d-dd314a5b9569{ip: 192.168.34.53, host: pr-hdds-2515-logtostringformatter-dwl4z-3795388632, networkLocation: /default-rack, certSerialId: null}, Type:RATIS, Factor:ONE, State:ALLOCATED]
2019-11-15 21:59:48,002 [Thread-178] INFO  pipeline.PipelineStateManager (PipelineStateManager.java:finalizePipeline(121)) - Pipeline Pipeline[ Id: 710526e8-6b33-4b2e-9f28-1403ed1bb7cd, Nodes: c2c6407b-784c-4e4b-bc36-d8006e9d82c2{ip: 192.168.34.53, host: pr-hdds-2515-logtostringformatter-dwl4z-3795388632, networkLocation: /default-rack, certSerialId: null}7bddf562-1f00-4607-a353-a19b68c8d3ee{ip: 192.168.34.53, host: pr-hdds-2515-logtostringformatter-dwl4z-3795388632, networkLocation: /default-rack, certSerialId: null}161f52f7-f736-41b9-9c3d-dd314a5b9569{ip: 192.168.34.53, host: pr-hdds-2515-logtostringformatter-dwl4z-3795388632, networkLocation: /default-rack, certSerialId: null}, Type:RATIS, Factor:THREE, State:CLOSED] moved to CLOSED state
2019-11-15 21:59:48,013 [grpc-default-executor-2] INFO  impl.RaftServerProxy (RaftServerProxy.java:remove(95)) - c2c6407b-784c-4e4b-bc36-d8006e9d82c2: remove  FOLLOWER c2c6407b-784c-4e4b-bc36-d8006e9d82c2@group-1403ED1BB7CD:t0, leader=null, voted=null, raftlog=c2c6407b-784c-4e4b-bc36-d8006e9d82c2@group-1403ED1BB7CD-SegmentedRaftLog:OPENED:c-1,f-1,i0, conf=-1: [c2c6407b-784c-4e4b-bc36-d8006e9d82c2:192.168.34.53:33375, 161f52f7-f736-41b9-9c3d-dd314a5b9569:192.168.34.53:32784, 7bddf562-1f00-4607-a353-a19b68c8d3ee:192.168.34.53:44886], old=null RUNNING
2019-11-15 21:59:48,013 [grpc-default-executor-2] INFO  impl.RaftServerImpl (RaftServerImpl.java:lambda$shutdown$3(250)) - c2c6407b-784c-4e4b-bc36-d8006e9d82c2@group-1403ED1BB7CD: shutdown
2019-11-15 21:59:48,014 [grpc-default-executor-2] INFO  util.JmxRegister (JmxRegister.java:unregister(73)) - Successfully un-registered JMX Bean with object name Ratis:service=RaftServer,group=group-1403ED1BB7CD,id=c2c6407b-784c-4e4b-bc36-d8006e9d82c2
2019-11-15 21:59:48,014 [grpc-default-executor-2] INFO  impl.RoleInfo (RoleInfo.java:shutdownFollowerState(121)) - c2c6407b-784c-4e4b-bc36-d8006e9d82c2: shutdown FollowerState
2019-11-15 21:59:48,014 [grpc-default-executor-2] INFO  impl.StateMachineUpdater (StateMachineUpdater.java:stopAndJoin(136)) - c2c6407b-784c-4e4b-bc36-d8006e9d82c2@group-1403ED1BB7CD-StateMachineUpdater: set stopIndex = -1
2019-11-15 21:59:48,014 [Thread-192] INFO  impl.FollowerState (FollowerState.java:run(120)) - c2c6407b-784c-4e4b-bc36-d8006e9d82c2@group-1403ED1BB7CD-FollowerState was interrupted: java.lang.InterruptedException: sleep interrupted
2019-11-15 21:59:48,015 [grpc-default-executor-2] INFO  impl.RaftServerImpl (ServerState.java:close(387)) - c2c6407b-784c-4e4b-bc36-d8006e9d82c2@group-1403ED1BB7CD: closes. applyIndex: -1
2019-11-15 21:59:48,016 [c2c6407b-784c-4e4b-bc36-d8006e9d82c2@group-1403ED1BB7CD-SegmentedRaftLogWorker] INFO  segmented.SegmentedRaftLogWorker (SegmentedRaftLogWorker.java:run(316)) - c2c6407b-784c-4e4b-bc36-d8006e9d82c2@group-1403ED1BB7CD-SegmentedRaftLogWorker was interrupted, exiting. There are 0 tasks remaining in the queue.
2019-11-15 21:59:48,016 [grpc-default-executor-2] INFO  segmented.SegmentedRaftLogWorker (SegmentedRaftLogWorker.java:close(224)) - c2c6407b-784c-4e4b-bc36-d8006e9d82c2@group-1403ED1BB7CD-SegmentedRaftLogWorker close()
2019-11-15 21:59:48,032 [grpc-default-executor-2] INFO  impl.RaftServerProxy (RaftServerProxy.java:remove(95)) - 7bddf562-1f00-4607-a353-a19b68c8d3ee: remove  FOLLOWER 7bddf562-1f00-4607-a353-a19b68c8d3ee@group-1403ED1BB7CD:t0, leader=null, voted=null, raftlog=7bddf562-1f00-4607-a353-a19b68c8d3ee@group-1403ED1BB7CD-SegmentedRaftLog:OPENED:c-1,f-1,i0, conf=-1: [c2c6407b-784c-4e4b-bc36-d8006e9d82c2:192.168.34.53:33375, 161f52f7-f736-41b9-9c3d-dd314a5b9569:192.168.34.53:32784, 7bddf562-1f00-4607-a353-a19b68c8d3ee:192.168.34.53:44886], old=null RUNNING
2019-11-15 21:59:48,032 [grpc-default-executor-2] INFO  impl.RaftServerImpl (RaftServerImpl.java:lambda$shutdown$3(250)) - 7bddf562-1f00-4607-a353-a19b68c8d3ee@group-1403ED1BB7CD: shutdown
2019-11-15 21:59:48,032 [grpc-default-executor-2] INFO  util.JmxRegister (JmxRegister.java:unregister(73)) - Successfully un-registered JMX Bean with object name Ratis:service=RaftServer,group=group-1403ED1BB7CD,id=7bddf562-1f00-4607-a353-a19b68c8d3ee
2019-11-15 21:59:48,032 [grpc-default-executor-2] INFO  impl.RoleInfo (RoleInfo.java:shutdownFollowerState(121)) - 7bddf562-1f00-4607-a353-a19b68c8d3ee: shutdown FollowerState
2019-11-15 21:59:48,032 [grpc-default-executor-2] INFO  impl.StateMachineUpdater (StateMachineUpdater.java:stopAndJoin(136)) - 7bddf562-1f00-4607-a353-a19b68c8d3ee@group-1403ED1BB7CD-StateMachineUpdater: set stopIndex = -1
2019-11-15 21:59:48,033 [Thread-193] INFO  impl.FollowerState (FollowerState.java:run(120)) - 7bddf562-1f00-4607-a353-a19b68c8d3ee@group-1403ED1BB7CD-FollowerState was interrupted: java.lang.InterruptedException: sleep interrupted
2019-11-15 21:59:48,033 [grpc-default-executor-2] INFO  impl.RaftServerImpl (ServerState.java:close(387)) - 7bddf562-1f00-4607-a353-a19b68c8d3ee@group-1403ED1BB7CD: closes. applyIndex: -1
2019-11-15 21:59:48,034 [7bddf562-1f00-4607-a353-a19b68c8d3ee@group-1403ED1BB7CD-SegmentedRaftLogWorker] INFO  segmented.SegmentedRaftLogWorker (SegmentedRaftLogWorker.java:run(316)) - 7bddf562-1f00-4607-a353-a19b68c8d3ee@group-1403ED1BB7CD-SegmentedRaftLogWorker was interrupted, exiting. There are 0 tasks remaining in the queue.
2019-11-15 21:59:48,034 [grpc-default-executor-2] INFO  segmented.SegmentedRaftLogWorker (SegmentedRaftLogWorker.java:close(224)) - 7bddf562-1f00-4607-a353-a19b68c8d3ee@group-1403ED1BB7CD-SegmentedRaftLogWorker close()
2019-11-15 21:59:48,048 [grpc-default-executor-2] INFO  impl.RaftServerProxy (RaftServerProxy.java:remove(95)) - 161f52f7-f736-41b9-9c3d-dd314a5b9569: remove  FOLLOWER 161f52f7-f736-41b9-9c3d-dd314a5b9569@group-1403ED1BB7CD:t0, leader=null, voted=null, raftlog=161f52f7-f736-41b9-9c3d-dd314a5b9569@group-1403ED1BB7CD-SegmentedRaftLog:OPENED:c-1,f-1,i0, conf=-1: [c2c6407b-784c-4e4b-bc36-d8006e9d82c2:192.168.34.53:33375, 161f52f7-f736-41b9-9c3d-dd314a5b9569:192.168.34.53:32784, 7bddf562-1f00-4607-a353-a19b68c8d3ee:192.168.34.53:44886], old=null RUNNING
2019-11-15 21:59:48,048 [grpc-default-executor-2] INFO  impl.RaftServerImpl (RaftServerImpl.java:lambda$shutdown$3(250)) - 161f52f7-f736-41b9-9c3d-dd314a5b9569@group-1403ED1BB7CD: shutdown
2019-11-15 21:59:48,049 [grpc-default-executor-2] INFO  util.JmxRegister (JmxRegister.java:unregister(73)) - Successfully un-registered JMX Bean with object name Ratis:service=RaftServer,group=group-1403ED1BB7CD,id=161f52f7-f736-41b9-9c3d-dd314a5b9569
2019-11-15 21:59:48,049 [grpc-default-executor-2] INFO  impl.RoleInfo (RoleInfo.java:shutdownFollowerState(121)) - 161f52f7-f736-41b9-9c3d-dd314a5b9569: shutdown FollowerState
2019-11-15 21:59:48,049 [grpc-default-executor-2] INFO  impl.StateMachineUpdater (StateMachineUpdater.java:stopAndJoin(136)) - 161f52f7-f736-41b9-9c3d-dd314a5b9569@group-1403ED1BB7CD-StateMachineUpdater: set stopIndex = -1
2019-11-15 21:59:48,049 [Thread-190] INFO  impl.FollowerState (FollowerState.java:run(120)) - 161f52f7-f736-41b9-9c3d-dd314a5b9569@group-1403ED1BB7CD-FollowerState was interrupted: java.lang.InterruptedException: sleep interrupted
2019-11-15 21:59:48,049 [grpc-default-executor-2] INFO  impl.RaftServerImpl (ServerState.java:close(387)) - 161f52f7-f736-41b9-9c3d-dd314a5b9569@group-1403ED1BB7CD: closes. applyIndex: -1
2019-11-15 21:59:48,050 [161f52f7-f736-41b9-9c3d-dd314a5b9569@group-1403ED1BB7CD-SegmentedRaftLogWorker] INFO  segmented.SegmentedRaftLogWorker (SegmentedRaftLogWorker.java:run(316)) - 161f52f7-f736-41b9-9c3d-dd314a5b9569@group-1403ED1BB7CD-SegmentedRaftLogWorker was interrupted, exiting. There are 0 tasks remaining in the queue.
2019-11-15 21:59:48,050 [grpc-default-executor-2] INFO  segmented.SegmentedRaftLogWorker (SegmentedRaftLogWorker.java:close(224)) - 161f52f7-f736-41b9-9c3d-dd314a5b9569@group-1403ED1BB7CD-SegmentedRaftLogWorker close()
2019-11-15 21:59:48,055 [Thread-178] INFO  pipeline.PipelineStateManager (PipelineStateManager.java:removePipeline(106)) - Pipeline Pipeline[ Id: 710526e8-6b33-4b2e-9f28-1403ed1bb7cd, Nodes: c2c6407b-784c-4e4b-bc36-d8006e9d82c2{ip: 192.168.34.53, host: pr-hdds-2515-logtostringformatter-dwl4z-3795388632, networkLocation: /default-rack, certSerialId: null}7bddf562-1f00-4607-a353-a19b68c8d3ee{ip: 192.168.34.53, host: pr-hdds-2515-logtostringformatter-dwl4z-3795388632, networkLocation: /default-rack, certSerialId: null}161f52f7-f736-41b9-9c3d-dd314a5b9569{ip: 192.168.34.53, host: pr-hdds-2515-logtostringformatter-dwl4z-3795388632, networkLocation: /default-rack, certSerialId: null}, Type:RATIS, Factor:THREE, State:CLOSED] removed from db
2019-11-15 21:59:48,070 [grpc-default-executor-0] INFO  impl.RaftServerProxy (RaftServerProxy.java:addNew(89)) - 7bddf562-1f00-4607-a353-a19b68c8d3ee: addNew group-96B0A77FA363:[c2c6407b-784c-4e4b-bc36-d8006e9d82c2:192.168.34.53:33375, 161f52f7-f736-41b9-9c3d-dd314a5b9569:192.168.34.53:32784, 7bddf562-1f00-4607-a353-a19b68c8d3ee:192.168.34.53:44886] returns group-96B0A77FA363:java.util.concurrent.CompletableFuture@1b9b0bab[Not completed]
2019-11-15 21:59:48,070 [grpc-default-executor-1] INFO  impl.RaftServerProxy (RaftServerProxy.java:addNew(89)) - c2c6407b-784c-4e4b-bc36-d8006e9d82c2: addNew group-96B0A77FA363:[c2c6407b-784c-4e4b-bc36-d8006e9d82c2:192.168.34.53:33375, 161f52f7-f736-41b9-9c3d-dd314a5b9569:192.168.34.53:32784, 7bddf562-1f00-4607-a353-a19b68c8d3ee:192.168.34.53:44886] returns group-96B0A77FA363:java.util.concurrent.CompletableFuture@4e14bdcd[Not completed]
2019-11-15 21:59:48,072 [pool-27-thread-1] INFO  impl.RaftServerImpl (RaftServerImpl.java:<init>(98)) - 7bddf562-1f00-4607-a353-a19b68c8d3ee: new RaftServerImpl for group-96B0A77FA363:[c2c6407b-784c-4e4b-bc36-d8006e9d82c2:192.168.34.53:33375, 161f52f7-f736-41b9-9c3d-dd314a5b9569:192.168.34.53:32784, 7bddf562-1f00-4607-a353-a19b68c8d3ee:192.168.34.53:44886] with ContainerStateMachine:uninitialized
2019-11-15 21:59:48,072 [grpc-default-executor-1] INFO  impl.RaftServerProxy (RaftServerProxy.java:addNew(89)) - 161f52f7-f736-41b9-9c3d-dd314a5b9569: addNew group-96B0A77FA363:[c2c6407b-784c-4e4b-bc36-d8006e9d82c2:192.168.34.53:33375, 161f52f7-f736-41b9-9c3d-dd314a5b9569:192.168.34.53:32784, 7bddf562-1f00-4607-a353-a19b68c8d3ee:192.168.34.53:44886] returns group-96B0A77FA363:java.util.concurrent.CompletableFuture@1908f40f[Not completed]
2019-11-15 21:59:48,072 [pool-27-thread-1] INFO  server.RaftServerConfigKeys (ConfUtils.java:logGet(43)) - raft.server.rpc.timeout.min = 5s (custom)
2019-11-15 21:59:48,072 [pool-27-thread-1] INFO  server.RaftServerConfigKeys (ConfUtils.java:logGet(43)) - raft.server.rpc.timeout.max = 5200ms (custom)
2019-11-15 21:59:48,072 [pool-27-thread-1] INFO  server.RaftServerConfigKeys (ConfUtils.java:logGet(43)) - raft.server.rpcslowness.timeout = 120s (custom)
2019-11-15 21:59:48,073 [pool-27-thread-1] INFO  server.RaftServerConfigKeys (ConfUtils.java:logGet(43)) - raft.server.sleep.deviation.threshold = 300 (default)
2019-11-15 21:59:48,073 [pool-27-thread-1] INFO  server.RaftServerConfigKeys (ConfUtils.java:logGet(43)) - raft.server.log.appender.install.snapshot.enabled = false (custom)
2019-11-15 21:59:48,073 [pool-27-thread-1] INFO  impl.RaftServerImpl (ServerState.java:<init>(103)) - 7bddf562-1f00-4607-a353-a19b68c8d3ee@group-96B0A77FA363: ConfigurationManager, init=-1: [c2c6407b-784c-4e4b-bc36-d8006e9d82c2:192.168.34.53:33375, 161f52f7-f736-41b9-9c3d-dd314a5b9569:192.168.34.53:32784, 7bddf562-1f00-4607-a353-a19b68c8d3ee:192.168.34.53:44886], old=null, confs=<EMPTY_MAP>
2019-11-15 21:59:48,073 [pool-27-thread-1] INFO  server.RaftServerConfigKeys (ConfUtils.java:logGet(43)) - raft.server.storage.dir = [/workdir/hadoop-ozone/tools/target/test-dir/MiniOzoneClusterImpl-95de1c25-f016-473e-a03a-279cab8467aa/datanode-0/data/ratis] (custom)
2019-11-15 21:59:48,073 [pool-27-thread-1] INFO  server.RaftServerConfigKeys (ConfUtils.java:logGet(43)) - raft.server.log.corruption.policy = EXCEPTION (default)
2019-11-15 21:59:48,073 [pool-37-thread-1] INFO  impl.RaftServerImpl (RaftServerImpl.java:<init>(98)) - c2c6407b-784c-4e4b-bc36-d8006e9d82c2: new RaftServerImpl for group-96B0A77FA363:[c2c6407b-784c-4e4b-bc36-d8006e9d82c2:192.168.34.53:33375, 161f52f7-f736-41b9-9c3d-dd314a5b9569:192.168.34.53:32784, 7bddf562-1f00-4607-a353-a19b68c8d3ee:192.168.34.53:44886] with ContainerStateMachine:uninitialized
2019-11-15 21:59:48,073 [pool-27-thread-1] INFO  storage.RaftStorageDirectory (RaftStorageDirectory.java:analyzeStorage(246)) - The storage directory /workdir/hadoop-ozone/tools/target/test-dir/MiniOzoneClusterImpl-95de1c25-f016-473e-a03a-279cab8467aa/datanode-0/data/ratis/b4d98f08-feb4-4dcc-8377-96b0a77fa363 does not exist. Creating ...
2019-11-15 21:59:48,073 [pool-37-thread-1] INFO  server.RaftServerConfigKeys (ConfUtils.java:logGet(43)) - raft.server.rpc.timeout.min = 5s (custom)
2019-11-15 21:59:48,074 [pool-37-thread-1] INFO  server.RaftServerConfigKeys (ConfUtils.java:logGet(43)) - raft.server.rpc.timeout.max = 5200ms (custom)
2019-11-15 21:59:48,074 [pool-37-thread-1] INFO  server.RaftServerConfigKeys (ConfUtils.java:logGet(43)) - raft.server.rpcslowness.timeout = 120s (custom)
2019-11-15 21:59:48,074 [pool-37-thread-1] INFO  server.RaftServerConfigKeys (ConfUtils.java:logGet(43)) - raft.server.sleep.deviation.threshold = 300 (default)
2019-11-15 21:59:48,074 [pool-47-thread-1] INFO  impl.RaftServerImpl (RaftServerImpl.java:<init>(98)) - 161f52f7-f736-41b9-9c3d-dd314a5b9569: new RaftServerImpl for group-96B0A77FA363:[c2c6407b-784c-4e4b-bc36-d8006e9d82c2:192.168.34.53:33375, 161f52f7-f736-41b9-9c3d-dd314a5b9569:192.168.34.53:32784, 7bddf562-1f00-4607-a353-a19b68c8d3ee:192.168.34.53:44886] with ContainerStateMachine:uninitialized
2019-11-15 21:59:48,074 [pool-37-thread-1] INFO  server.RaftServerConfigKeys (ConfUtils.java:logGet(43)) - raft.server.log.appender.install.snapshot.enabled = false (custom)
2019-11-15 21:59:48,074 [pool-47-thread-1] INFO  server.RaftServerConfigKeys (ConfUtils.java:logGet(43)) - raft.server.rpc.timeout.min = 5s (custom)
2019-11-15 21:59:48,074 [pool-37-thread-1] INFO  impl.RaftServerImpl (ServerState.java:<init>(103)) - c2c6407b-784c-4e4b-bc36-d8006e9d82c2@group-96B0A77FA363: ConfigurationManager, init=-1: [c2c6407b-784c-4e4b-bc36-d8006e9d82c2:192.168.34.53:33375, 161f52f7-f736-41b9-9c3d-dd314a5b9569:192.168.34.53:32784, 7bddf562-1f00-4607-a353-a19b68c8d3ee:192.168.34.53:44886], old=null, confs=<EMPTY_MAP>
2019-11-15 21:59:48,074 [pool-47-thread-1] INFO  server.RaftServerConfigKeys (ConfUtils.java:logGet(43)) - raft.server.rpc.timeout.max = 5200ms (custom)
2019-11-15 21:59:48,074 [pool-47-thread-1] INFO  server.RaftServerConfigKeys (ConfUtils.java:logGet(43)) - raft.server.rpcslowness.timeout = 120s (custom)
2019-11-15 21:59:48,074 [pool-37-thread-1] INFO  server.RaftServerConfigKeys (ConfUtils.java:logGet(43)) - raft.server.storage.dir = [/workdir/hadoop-ozone/tools/target/test-dir/MiniOzoneClusterImpl-95de1c25-f016-473e-a03a-279cab8467aa/datanode-1/data/ratis] (custom)
2019-11-15 21:59:48,075 [pool-47-thread-1] INFO  server.RaftServerConfigKeys (ConfUtils.java:logGet(43)) - raft.server.sleep.deviation.threshold = 300 (default)
2019-11-15 21:59:48,075 [pool-47-thread-1] INFO  server.RaftServerConfigKeys (ConfUtils.java:logGet(43)) - raft.server.log.appender.install.snapshot.enabled = false (custom)
2019-11-15 21:59:48,075 [pool-37-thread-1] INFO  server.RaftServerConfigKeys (ConfUtils.java:logGet(43)) - raft.server.log.corruption.policy = EXCEPTION (default)
2019-11-15 21:59:48,075 [pool-47-thread-1] INFO  impl.RaftServerImpl (ServerState.java:<init>(103)) - 161f52f7-f736-41b9-9c3d-dd314a5b9569@group-96B0A77FA363: ConfigurationManager, init=-1: [c2c6407b-784c-4e4b-bc36-d8006e9d82c2:192.168.34.53:33375, 161f52f7-f736-41b9-9c3d-dd314a5b9569:192.168.34.53:32784, 7bddf562-1f00-4607-a353-a19b68c8d3ee:192.168.34.53:44886], old=null, confs=<EMPTY_MAP>
2019-11-15 21:59:48,075 [pool-37-thread-1] INFO  storage.RaftStorageDirectory (RaftStorageDirectory.java:analyzeStorage(246)) - The storage directory /workdir/hadoop-ozone/tools/target/test-dir/MiniOzoneClusterImpl-95de1c25-f016-473e-a03a-279cab8467aa/datanode-1/data/ratis/b4d98f08-feb4-4dcc-8377-96b0a77fa363 does not exist. Creating ...
2019-11-15 21:59:48,075 [pool-47-thread-1] INFO  server.RaftServerConfigKeys (ConfUtils.java:logGet(43)) - raft.server.storage.dir = [/workdir/hadoop-ozone/tools/target/test-dir/MiniOzoneClusterImpl-95de1c25-f016-473e-a03a-279cab8467aa/datanode-2/data/ratis] (custom)
2019-11-15 21:59:48,075 [pool-47-thread-1] INFO  server.RaftServerConfigKeys (ConfUtils.java:logGet(43)) - raft.server.log.corruption.policy = EXCEPTION (default)
2019-11-15 21:59:48,076 [pool-47-thread-1] INFO  storage.RaftStorageDirectory (RaftStorageDirectory.java:analyzeStorage(246)) - The storage directory /workdir/hadoop-ozone/tools/target/test-dir/MiniOzoneClusterImpl-95de1c25-f016-473e-a03a-279cab8467aa/datanode-2/data/ratis/b4d98f08-feb4-4dcc-8377-96b0a77fa363 does not exist. Creating ...
2019-11-15 21:59:48,087 [pool-37-thread-1] INFO  storage.RaftStorageDirectory (RaftStorageDirectory.java:tryLock(328)) - Lock on /workdir/hadoop-ozone/tools/target/test-dir/MiniOzoneClusterImpl-95de1c25-f016-473e-a03a-279cab8467aa/datanode-1/data/ratis/b4d98f08-feb4-4dcc-8377-96b0a77fa363/in_use.lock acquired by nodename 13872@pr-hdds-2515-logtostringformatter-dwl4z-3795388632
2019-11-15 21:59:48,087 [pool-27-thread-1] INFO  storage.RaftStorageDirectory (RaftStorageDirectory.java:tryLock(328)) - Lock on /workdir/hadoop-ozone/tools/target/test-dir/MiniOzoneClusterImpl-95de1c25-f016-473e-a03a-279cab8467aa/datanode-0/data/ratis/b4d98f08-feb4-4dcc-8377-96b0a77fa363/in_use.lock acquired by nodename 13872@pr-hdds-2515-logtostringformatter-dwl4z-3795388632
2019-11-15 21:59:48,087 [pool-47-thread-1] INFO  storage.RaftStorageDirectory (RaftStorageDirectory.java:tryLock(328)) - Lock on /workdir/hadoop-ozone/tools/target/test-dir/MiniOzoneClusterImpl-95de1c25-f016-473e-a03a-279cab8467aa/datanode-2/data/ratis/b4d98f08-feb4-4dcc-8377-96b0a77fa363/in_use.lock acquired by nodename 13872@pr-hdds-2515-logtostringformatter-dwl4z-3795388632
2019-11-15 21:59:48,100 [pool-47-thread-1] INFO  storage.RaftStorage (RaftStorage.java:format(84)) - Storage directory /workdir/hadoop-ozone/tools/target/test-dir/MiniOzoneClusterImpl-95de1c25-f016-473e-a03a-279cab8467aa/datanode-2/data/ratis/b4d98f08-feb4-4dcc-8377-96b0a77fa363 has been successfully formatted.
2019-11-15 21:59:48,100 [pool-27-thread-1] INFO  storage.RaftStorage (RaftStorage.java:format(84)) - Storage directory /workdir/hadoop-ozone/tools/target/test-dir/MiniOzoneClusterImpl-95de1c25-f016-473e-a03a-279cab8467aa/datanode-0/data/ratis/b4d98f08-feb4-4dcc-8377-96b0a77fa363 has been successfully formatted.
2019-11-15 21:59:48,100 [pool-37-thread-1] INFO  storage.RaftStorage (RaftStorage.java:format(84)) - Storage directory /workdir/hadoop-ozone/tools/target/test-dir/MiniOzoneClusterImpl-95de1c25-f016-473e-a03a-279cab8467aa/datanode-1/data/ratis/b4d98f08-feb4-4dcc-8377-96b0a77fa363 has been successfully formatted.
2019-11-15 21:59:48,101 [pool-27-thread-1] INFO  ratis.ContainerStateMachine (ContainerStateMachine.java:loadSnapshot(223)) - group-96B0A77FA363: The snapshot info is null. Setting the last applied indexto:(t:0, i:~)
2019-11-15 21:59:48,101 [pool-47-thread-1] INFO  ratis.ContainerStateMachine (ContainerStateMachine.java:loadSnapshot(223)) - group-96B0A77FA363: The snapshot info is null. Setting the last applied indexto:(t:0, i:~)
2019-11-15 21:59:48,101 [pool-37-thread-1] INFO  ratis.ContainerStateMachine (ContainerStateMachine.java:loadSnapshot(223)) - group-96B0A77FA363: The snapshot info is null. Setting the last applied indexto:(t:0, i:~)
2019-11-15 21:59:48,101 [pool-27-thread-1] INFO  server.RaftServerConfigKeys (ConfUtils.java:logGet(43)) - raft.server.notification.no-leader.timeout = 120s (custom)
2019-11-15 21:59:48,101 [pool-37-thread-1] INFO  server.RaftServerConfigKeys (ConfUtils.java:logGet(43)) - raft.server.notification.no-leader.timeout = 120s (custom)
2019-11-15 21:59:48,101 [pool-27-thread-1] INFO  server.RaftServerConfigKeys (ConfUtils.java:logGet(43)) - raft.server.log.use.memory = false (default)
2019-11-15 21:59:48,101 [pool-47-thread-1] INFO  server.RaftServerConfigKeys (ConfUtils.java:logGet(43)) - raft.server.notification.no-leader.timeout = 120s (custom)
2019-11-15 21:59:48,101 [pool-27-thread-1] INFO  server.RaftServerConfigKeys (ConfUtils.java:logGet(43)) - raft.server.log.purge.gap = 1000000 (custom)
2019-11-15 21:59:48,101 [pool-37-thread-1] INFO  server.RaftServerConfigKeys (ConfUtils.java:logGet(43)) - raft.server.log.use.memory = false (default)
2019-11-15 21:59:48,102 [pool-27-thread-1] INFO  server.RaftServerConfigKeys (ConfUtils.java:logGet(43)) - raft.server.log.appender.buffer.byte-limit = 33554432 (custom)
2019-11-15 21:59:48,102 [pool-37-thread-1] INFO  server.RaftServerConfigKeys (ConfUtils.java:logGet(43)) - raft.server.log.purge.gap = 1000000 (custom)
2019-11-15 21:59:48,102 [pool-47-thread-1] INFO  server.RaftServerConfigKeys (ConfUtils.java:logGet(43)) - raft.server.log.use.memory = false (default)
2019-11-15 21:59:48,102 [pool-37-thread-1] INFO  server.RaftServerConfigKeys (ConfUtils.java:logGet(43)) - raft.server.log.appender.buffer.byte-limit = 33554432 (custom)
2019-11-15 21:59:48,102 [pool-27-thread-1] INFO  server.RaftServerConfigKeys (ConfUtils.java:logGet(43)) - raft.server.log.segment.size.max = 1048576 (custom)
2019-11-15 21:59:48,102 [pool-37-thread-1] INFO  server.RaftServerConfigKeys (ConfUtils.java:logGet(43)) - raft.server.log.segment.size.max = 1048576 (custom)
2019-11-15 21:59:48,102 [pool-47-thread-1] INFO  server.RaftServerConfigKeys (ConfUtils.java:logGet(43)) - raft.server.log.purge.gap = 1000000 (custom)
2019-11-15 21:59:48,102 [pool-37-thread-1] INFO  server.RaftServerConfigKeys (ConfUtils.java:logGet(43)) - raft.server.log.segment.cache.num.max = 2 (custom)
2019-11-15 21:59:48,102 [pool-27-thread-1] INFO  server.RaftServerConfigKeys (ConfUtils.java:logGet(43)) - raft.server.log.segment.cache.num.max = 2 (custom)
2019-11-15 21:59:48,103 [pool-37-thread-1] INFO  segmented.SegmentedRaftLogWorker (SegmentedRaftLogWorker.java:<init>(173)) - new c2c6407b-784c-4e4b-bc36-d8006e9d82c2@group-96B0A77FA363-SegmentedRaftLogWorker for RaftStorage:Storage Directory /workdir/hadoop-ozone/tools/target/test-dir/MiniOzoneClusterImpl-95de1c25-f016-473e-a03a-279cab8467aa/datanode-1/data/ratis/b4d98f08-feb4-4dcc-8377-96b0a77fa363
2019-11-15 21:59:48,102 [pool-47-thread-1] INFO  server.RaftServerConfigKeys (ConfUtils.java:logGet(43)) - raft.server.log.appender.buffer.byte-limit = 33554432 (custom)
2019-11-15 21:59:48,103 [pool-37-thread-1] INFO  server.RaftServerConfigKeys (ConfUtils.java:logGet(43)) - raft.server.log.queue.byte-limit = 2147483647 (custom)
2019-11-15 21:59:48,103 [pool-27-thread-1] INFO  segmented.SegmentedRaftLogWorker (SegmentedRaftLogWorker.java:<init>(173)) - new 7bddf562-1f00-4607-a353-a19b68c8d3ee@group-96B0A77FA363-SegmentedRaftLogWorker for RaftStorage:Storage Directory /workdir/hadoop-ozone/tools/target/test-dir/MiniOzoneClusterImpl-95de1c25-f016-473e-a03a-279cab8467aa/datanode-0/data/ratis/b4d98f08-feb4-4dcc-8377-96b0a77fa363
2019-11-15 21:59:48,103 [pool-37-thread-1] INFO  server.RaftServerConfigKeys (ConfUtils.java:logGet(43)) - raft.server.log.queue.element-limit = 1024 (custom)
2019-11-15 21:59:48,103 [pool-47-thread-1] INFO  server.RaftServerConfigKeys (ConfUtils.java:logGet(43)) - raft.server.log.segment.size.max = 1048576 (custom)
2019-11-15 21:59:48,103 [pool-37-thread-1] INFO  server.RaftServerConfigKeys (ConfUtils.java:logGet(43)) - raft.server.log.segment.size.max = 1048576 (custom)
2019-11-15 21:59:48,103 [pool-47-thread-1] INFO  server.RaftServerConfigKeys (ConfUtils.java:logGet(43)) - raft.server.log.segment.cache.num.max = 2 (custom)
2019-11-15 21:59:48,103 [pool-27-thread-1] INFO  server.RaftServerConfigKeys (ConfUtils.java:logGet(43)) - raft.server.log.queue.byte-limit = 2147483647 (custom)
2019-11-15 21:59:48,104 [pool-47-thread-1] INFO  segmented.SegmentedRaftLogWorker (SegmentedRaftLogWorker.java:<init>(173)) - new 161f52f7-f736-41b9-9c3d-dd314a5b9569@group-96B0A77FA363-SegmentedRaftLogWorker for RaftStorage:Storage Directory /workdir/hadoop-ozone/tools/target/test-dir/MiniOzoneClusterImpl-95de1c25-f016-473e-a03a-279cab8467aa/datanode-2/data/ratis/b4d98f08-feb4-4dcc-8377-96b0a77fa363
2019-11-15 21:59:48,103 [pool-37-thread-1] INFO  server.RaftServerConfigKeys (ConfUtils.java:logGet(43)) - raft.server.log.preallocated.size = 16384 (custom)
2019-11-15 21:59:48,104 [pool-47-thread-1] INFO  server.RaftServerConfigKeys (ConfUtils.java:logGet(43)) - raft.server.log.queue.byte-limit = 2147483647 (custom)
2019-11-15 21:59:48,104 [pool-27-thread-1] INFO  server.RaftServerConfigKeys (ConfUtils.java:logGet(43)) - raft.server.log.queue.element-limit = 1024 (custom)
2019-11-15 21:59:48,104 [pool-47-thread-1] INFO  server.RaftServerConfigKeys (ConfUtils.java:logGet(43)) - raft.server.log.queue.element-limit = 1024 (custom)
2019-11-15 21:59:48,104 [pool-37-thread-1] INFO  server.RaftServerConfigKeys (ConfUtils.java:logGet(43)) - raft.server.log.write.buffer.size = 33554432 (custom)
2019-11-15 21:59:48,104 [pool-47-thread-1] INFO  server.RaftServerConfigKeys (ConfUtils.java:logGet(43)) - raft.server.log.segment.size.max = 1048576 (custom)
2019-11-15 21:59:48,104 [pool-27-thread-1] INFO  server.RaftServerConfigKeys (ConfUtils.java:logGet(43)) - raft.server.log.segment.size.max = 1048576 (custom)
2019-11-15 21:59:48,104 [pool-47-thread-1] INFO  server.RaftServerConfigKeys (ConfUtils.java:logGet(43)) - raft.server.log.preallocated.size = 16384 (custom)
2019-11-15 21:59:48,104 [pool-37-thread-1] INFO  server.RaftServerConfigKeys (ConfUtils.java:logGet(43)) - raft.server.log.force.sync.num = 128 (default)
2019-11-15 21:59:48,104 [pool-47-thread-1] INFO  server.RaftServerConfigKeys (ConfUtils.java:logGet(43)) - raft.server.log.write.buffer.size = 33554432 (custom)
2019-11-15 21:59:48,104 [pool-27-thread-1] INFO  server.RaftServerConfigKeys (ConfUtils.java:logGet(43)) - raft.server.log.preallocated.size = 16384 (custom)
2019-11-15 21:59:48,105 [pool-47-thread-1] INFO  server.RaftServerConfigKeys (ConfUtils.java:logGet(43)) - raft.server.log.force.sync.num = 128 (default)
2019-11-15 21:59:48,105 [pool-37-thread-1] INFO  server.RaftServerConfigKeys (ConfUtils.java:logGet(43)) - raft.server.log.statemachine.data.sync = true (default)
2019-11-15 21:59:48,105 [pool-47-thread-1] INFO  server.RaftServerConfigKeys (ConfUtils.java:logGet(43)) - raft.server.log.statemachine.data.sync = true (default)
2019-11-15 21:59:48,105 [pool-27-thread-1] INFO  server.RaftServerConfigKeys (ConfUtils.java:logGet(43)) - raft.server.log.write.buffer.size = 33554432 (custom)
2019-11-15 21:59:48,105 [pool-47-thread-1] INFO  server.RaftServerConfigKeys (ConfUtils.java:logGet(43)) - raft.server.log.statemachine.data.sync.timeout = 10s (default)
2019-11-15 21:59:48,105 [pool-37-thread-1] INFO  server.RaftServerConfigKeys (ConfUtils.java:logGet(43)) - raft.server.log.statemachine.data.sync.timeout = 10s (default)
2019-11-15 21:59:48,105 [pool-47-thread-1] INFO  server.RaftServerConfigKeys (ConfUtils.java:logGet(43)) - raft.server.log.statemachine.data.sync.timeout.retry = -1 (default)
2019-11-15 21:59:48,105 [pool-27-thread-1] INFO  server.RaftServerConfigKeys (ConfUtils.java:logGet(43)) - raft.server.log.force.sync.num = 128 (default)
2019-11-15 21:59:48,105 [pool-37-thread-1] INFO  server.RaftServerConfigKeys (ConfUtils.java:logGet(43)) - raft.server.log.statemachine.data.sync.timeout.retry = -1 (default)
2019-11-15 21:59:48,106 [pool-47-thread-1] INFO  server.RaftServerConfigKeys (ConfUtils.java:logGet(43)) - raft.server.log.statemachine.data.caching.enabled = true (custom)
2019-11-15 21:59:48,105 [pool-27-thread-1] INFO  server.RaftServerConfigKeys (ConfUtils.java:logGet(43)) - raft.server.log.statemachine.data.sync = true (default)
2019-11-15 21:59:48,106 [pool-37-thread-1] INFO  server.RaftServerConfigKeys (ConfUtils.java:logGet(43)) - raft.server.log.statemachine.data.caching.enabled = true (custom)
2019-11-15 21:59:48,106 [pool-27-thread-1] INFO  server.RaftServerConfigKeys (ConfUtils.java:logGet(43)) - raft.server.log.statemachine.data.sync.timeout = 10s (default)
2019-11-15 21:59:48,106 [pool-47-thread-1] INFO  segmented.SegmentedRaftLogWorker (SegmentedRaftLogWorker.java:lambda$new$0(128)) - 161f52f7-f736-41b9-9c3d-dd314a5b9569@group-96B0A77FA363-SegmentedRaftLogWorker: flushIndex: setUnconditionally 0 -> -1
2019-11-15 21:59:48,106 [pool-37-thread-1] INFO  segmented.SegmentedRaftLogWorker (SegmentedRaftLogWorker.java:lambda$new$0(128)) - c2c6407b-784c-4e4b-bc36-d8006e9d82c2@group-96B0A77FA363-SegmentedRaftLogWorker: flushIndex: setUnconditionally 0 -> -1
2019-11-15 21:59:48,106 [pool-27-thread-1] INFO  server.RaftServerConfigKeys (ConfUtils.java:logGet(43)) - raft.server.log.statemachine.data.sync.timeout.retry = -1 (default)
2019-11-15 21:59:48,106 [pool-47-thread-1] INFO  server.RaftServerConfigKeys (ConfUtils.java:logGet(43)) - raft.server.snapshot.auto.trigger.enabled = true (custom)
2019-11-15 21:59:48,106 [pool-27-thread-1] INFO  server.RaftServerConfigKeys (ConfUtils.java:logGet(43)) - raft.server.log.statemachine.data.caching.enabled = true (custom)
2019-11-15 21:59:48,106 [pool-37-thread-1] INFO  server.RaftServerConfigKeys (ConfUtils.java:logGet(43)) - raft.server.snapshot.auto.trigger.enabled = true (custom)
2019-11-15 21:59:48,106 [pool-47-thread-1] INFO  server.RaftServerConfigKeys (ConfUtils.java:logGet(43)) - raft.server.snapshot.auto.trigger.threshold = 10000 (custom)
2019-11-15 21:59:48,107 [pool-27-thread-1] INFO  segmented.SegmentedRaftLogWorker (SegmentedRaftLogWorker.java:lambda$new$0(128)) - 7bddf562-1f00-4607-a353-a19b68c8d3ee@group-96B0A77FA363-SegmentedRaftLogWorker: flushIndex: setUnconditionally 0 -> -1
2019-11-15 21:59:48,107 [pool-37-thread-1] INFO  server.RaftServerConfigKeys (ConfUtils.java:logGet(43)) - raft.server.snapshot.auto.trigger.threshold = 10000 (custom)
2019-11-15 21:59:48,107 [pool-47-thread-1] INFO  server.RaftServerConfigKeys (ConfUtils.java:logGet(43)) - raft.server.snapshot.retention.file.num = 5 (custom)
2019-11-15 21:59:48,107 [pool-37-thread-1] INFO  server.RaftServerConfigKeys (ConfUtils.java:logGet(43)) - raft.server.snapshot.retention.file.num = 5 (custom)
2019-11-15 21:59:48,107 [pool-27-thread-1] INFO  server.RaftServerConfigKeys (ConfUtils.java:logGet(43)) - raft.server.snapshot.auto.trigger.enabled = true (custom)
2019-11-15 21:59:48,107 [pool-37-thread-1] INFO  server.RaftServerConfigKeys (ConfUtils.java:logGet(43)) - raft.server.retrycache.expirytime = 600000ms (custom)
2019-11-15 21:59:48,107 [pool-47-thread-1] INFO  server.RaftServerConfigKeys (ConfUtils.java:logGet(43)) - raft.server.retrycache.expirytime = 600000ms (custom)
2019-11-15 21:59:48,107 [pool-37-thread-1] WARN  impl.MetricRegistriesImpl (MetricRegistriesImpl.java:lambda$create$1(61)) - First MetricRegistry has been created without registering reporters. You may need to call MetricRegistries.global().addReportRegistration(...) before.
2019-11-15 21:59:48,107 [pool-27-thread-1] INFO  server.RaftServerConfigKeys (ConfUtils.java:logGet(43)) - raft.server.snapshot.auto.trigger.threshold = 10000 (custom)
2019-11-15 21:59:48,107 [pool-37-thread-1] WARN  impl.MetricRegistriesImpl (MetricRegistriesImpl.java:lambda$create$1(61)) - First MetricRegistry has been created without registering reporters. You may need to call MetricRegistries.global().addReportRegistration(...) before.
2019-11-15 21:59:48,107 [pool-47-thread-1] WARN  impl.MetricRegistriesImpl (MetricRegistriesImpl.java:lambda$create$1(61)) - First MetricRegistry has been created without registering reporters. You may need to call MetricRegistries.global().addReportRegistration(...) before.
2019-11-15 21:59:48,107 [pool-27-thread-1] INFO  server.RaftServerConfigKeys (ConfUtils.java:logGet(43)) - raft.server.snapshot.retention.file.num = 5 (custom)
2019-11-15 21:59:48,108 [pool-47-thread-1] WARN  impl.MetricRegistriesImpl (MetricRegistriesImpl.java:lambda$create$1(61)) - First MetricRegistry has been created without registering reporters. You may need to call MetricRegistries.global().addReportRegistration(...) before.
2019-11-15 21:59:48,108 [pool-37-thread-1] INFO  impl.RaftServerImpl (RaftServerImpl.java:start(184)) - c2c6407b-784c-4e4b-bc36-d8006e9d82c2@group-96B0A77FA363: start as a follower, conf=-1: [c2c6407b-784c-4e4b-bc36-d8006e9d82c2:192.168.34.53:33375, 161f52f7-f736-41b9-9c3d-dd314a5b9569:192.168.34.53:32784, 7bddf562-1f00-4607-a353-a19b68c8d3ee:192.168.34.53:44886], old=null
2019-11-15 21:59:48,108 [pool-27-thread-1] INFO  server.RaftServerConfigKeys (ConfUtils.java:logGet(43)) - raft.server.retrycache.expirytime = 600000ms (custom)
2019-11-15 21:59:48,108 [pool-47-thread-1] INFO  impl.RaftServerImpl (RaftServerImpl.java:start(184)) - 161f52f7-f736-41b9-9c3d-dd314a5b9569@group-96B0A77FA363: start as a follower, conf=-1: [c2c6407b-784c-4e4b-bc36-d8006e9d82c2:192.168.34.53:33375, 161f52f7-f736-41b9-9c3d-dd314a5b9569:192.168.34.53:32784, 7bddf562-1f00-4607-a353-a19b68c8d3ee:192.168.34.53:44886], old=null
2019-11-15 21:59:48,108 [pool-37-thread-1] INFO  impl.RaftServerImpl (RaftServerImpl.java:setRole(173)) - c2c6407b-784c-4e4b-bc36-d8006e9d82c2@group-96B0A77FA363: changes role from      null to FOLLOWER at term 0 for startAsFollower
2019-11-15 21:59:48,108 [pool-47-thread-1] INFO  impl.RaftServerImpl (RaftServerImpl.java:setRole(173)) - 161f52f7-f736-41b9-9c3d-dd314a5b9569@group-96B0A77FA363: changes role from      null to FOLLOWER at term 0 for startAsFollower
2019-11-15 21:59:48,108 [pool-37-thread-1] INFO  impl.RoleInfo (RoleInfo.java:updateAndGet(143)) - c2c6407b-784c-4e4b-bc36-d8006e9d82c2: start FollowerState
2019-11-15 21:59:48,108 [pool-27-thread-1] WARN  impl.MetricRegistriesImpl (MetricRegistriesImpl.java:lambda$create$1(61)) - First MetricRegistry has been created without registering reporters. You may need to call MetricRegistries.global().addReportRegistration(...) before.
2019-11-15 21:59:48,108 [pool-47-thread-1] INFO  impl.RoleInfo (RoleInfo.java:updateAndGet(143)) - 161f52f7-f736-41b9-9c3d-dd314a5b9569: start FollowerState
2019-11-15 21:59:48,108 [pool-27-thread-1] WARN  impl.MetricRegistriesImpl (MetricRegistriesImpl.java:lambda$create$1(61)) - First MetricRegistry has been created without registering reporters. You may need to call MetricRegistries.global().addReportRegistration(...) before.
2019-11-15 21:59:48,108 [pool-37-thread-1] INFO  util.JmxRegister (JmxRegister.java:tryRegister(44)) - Successfully registered JMX Bean with object name Ratis:service=RaftServer,group=group-96B0A77FA363,id=c2c6407b-784c-4e4b-bc36-d8006e9d82c2
2019-11-15 21:59:48,109 [pool-27-thread-1] INFO  impl.RaftServerImpl (RaftServerImpl.java:start(184)) - 7bddf562-1f00-4607-a353-a19b68c8d3ee@group-96B0A77FA363: start as a follower, conf=-1: [c2c6407b-784c-4e4b-bc36-d8006e9d82c2:192.168.34.53:33375, 161f52f7-f736-41b9-9c3d-dd314a5b9569:192.168.34.53:32784, 7bddf562-1f00-4607-a353-a19b68c8d3ee:192.168.34.53:44886], old=null
2019-11-15 21:59:48,109 [pool-37-thread-1] WARN  impl.MetricRegistriesImpl (MetricRegistriesImpl.java:lambda$create$1(61)) - First MetricRegistry has been created without registering reporters. You may need to call MetricRegistries.global().addReportRegistration(...) before.
2019-11-15 21:59:48,109 [pool-27-thread-1] INFO  impl.RaftServerImpl (RaftServerImpl.java:setRole(173)) - 7bddf562-1f00-4607-a353-a19b68c8d3ee@group-96B0A77FA363: changes role from      null to FOLLOWER at term 0 for startAsFollower
2019-11-15 21:59:48,109 [pool-47-thread-1] INFO  util.JmxRegister (JmxRegister.java:tryRegister(44)) - Successfully registered JMX Bean with object name Ratis:service=RaftServer,group=group-96B0A77FA363,id=161f52f7-f736-41b9-9c3d-dd314a5b9569
2019-11-15 21:59:48,109 [pool-27-thread-1] INFO  impl.RoleInfo (RoleInfo.java:updateAndGet(143)) - 7bddf562-1f00-4607-a353-a19b68c8d3ee: start FollowerState
2019-11-15 21:59:48,109 [pool-47-thread-1] WARN  impl.MetricRegistriesImpl (MetricRegistriesImpl.java:lambda$create$1(61)) - First MetricRegistry has been created without registering reporters. You may need to call MetricRegistries.global().addReportRegistration(...) before.
2019-11-15 21:59:48,109 [pool-27-thread-1] INFO  util.JmxRegister (JmxRegister.java:tryRegister(44)) - Successfully registered JMX Bean with object name Ratis:service=RaftServer,group=group-96B0A77FA363,id=7bddf562-1f00-4607-a353-a19b68c8d3ee
2019-11-15 21:59:48,109 [pool-27-thread-1] WARN  impl.MetricRegistriesImpl (MetricRegistriesImpl.java:lambda$create$1(61)) - First MetricRegistry has been created without registering reporters. You may need to call MetricRegistries.global().addReportRegistration(...) before.
2019-11-15 21:59:48,119 [RatisPipelineUtilsThread] INFO  pipeline.PipelineStateManager (PipelineStateManager.java:addPipeline(55)) - Created pipeline Pipeline[ Id: b4d98f08-feb4-4dcc-8377-96b0a77fa363, Nodes: c2c6407b-784c-4e4b-bc36-d8006e9d82c2{ip: 192.168.34.53, host: pr-hdds-2515-logtostringformatter-dwl4z-3795388632, networkLocation: /default-rack, certSerialId: null}7bddf562-1f00-4607-a353-a19b68c8d3ee{ip: 192.168.34.53, host: pr-hdds-2515-logtostringformatter-dwl4z-3795388632, networkLocation: /default-rack, certSerialId: null}161f52f7-f736-41b9-9c3d-dd314a5b9569{ip: 192.168.34.53, host: pr-hdds-2515-logtostringformatter-dwl4z-3795388632, networkLocation: /default-rack, certSerialId: null}, Type:RATIS, Factor:THREE, State:ALLOCATED]
2019-11-15 21:59:48,597 [main] INFO  ozone.MiniOzoneClusterImpl (MiniOzoneClusterImpl.java:lambda$waitForClusterToBeReady$2(163)) - Waiting for 4 number of pipelines out of 4, to report a leader.
2019-11-15 21:59:49,598 [main] INFO  ozone.MiniOzoneClusterImpl (MiniOzoneClusterImpl.java:lambda$waitForClusterToBeReady$2(163)) - Waiting for 4 number of pipelines out of 4, to report a leader.
2019-11-15 21:59:50,599 [main] INFO  ozone.MiniOzoneClusterImpl (MiniOzoneClusterImpl.java:lambda$waitForClusterToBeReady$2(163)) - Waiting for 4 number of pipelines out of 4, to report a leader.
2019-11-15 21:59:51,599 [main] INFO  ozone.MiniOzoneClusterImpl (MiniOzoneClusterImpl.java:lambda$waitForClusterToBeReady$2(163)) - Waiting for 4 number of pipelines out of 4, to report a leader.
2019-11-15 21:59:52,600 [main] INFO  ozone.MiniOzoneClusterImpl (MiniOzoneClusterImpl.java:lambda$waitForClusterToBeReady$2(163)) - Waiting for 4 number of pipelines out of 4, to report a leader.
2019-11-15 21:59:52,885 [Thread-201] INFO  impl.FollowerState (FollowerState.java:run(111)) - c2c6407b-784c-4e4b-bc36-d8006e9d82c2@group-BAFA9A02570C-FollowerState: change to CANDIDATE, lastRpcTime:5013ms, electionTimeout:5013ms
2019-11-15 21:59:52,888 [Thread-201] INFO  impl.RoleInfo (RoleInfo.java:shutdownFollowerState(121)) - c2c6407b-784c-4e4b-bc36-d8006e9d82c2: shutdown FollowerState
2019-11-15 21:59:52,888 [Thread-201] INFO  impl.RaftServerImpl (RaftServerImpl.java:setRole(173)) - c2c6407b-784c-4e4b-bc36-d8006e9d82c2@group-BAFA9A02570C: changes role from  FOLLOWER to CANDIDATE at term 0 for changeToCandidate
2019-11-15 21:59:52,892 [Thread-201] INFO  impl.RoleInfo (RoleInfo.java:updateAndGet(143)) - c2c6407b-784c-4e4b-bc36-d8006e9d82c2: start LeaderElection
2019-11-15 21:59:52,908 [c2c6407b-784c-4e4b-bc36-d8006e9d82c2@group-BAFA9A02570C-LeaderElection1] INFO  impl.LeaderElection (LeaderElection.java:askForVotes(178)) - c2c6407b-784c-4e4b-bc36-d8006e9d82c2@group-BAFA9A02570C-LeaderElection1: begin an election at term 1 for -1: [c2c6407b-784c-4e4b-bc36-d8006e9d82c2:192.168.34.53:33375], old=null
2019-11-15 21:59:52,910 [c2c6407b-784c-4e4b-bc36-d8006e9d82c2@group-BAFA9A02570C-LeaderElection1] INFO  impl.RoleInfo (RoleInfo.java:shutdownLeaderElection(134)) - c2c6407b-784c-4e4b-bc36-d8006e9d82c2: shutdown LeaderElection
2019-11-15 21:59:52,911 [c2c6407b-784c-4e4b-bc36-d8006e9d82c2@group-BAFA9A02570C-LeaderElection1] INFO  impl.RaftServerImpl (RaftServerImpl.java:setRole(173)) - c2c6407b-784c-4e4b-bc36-d8006e9d82c2@group-BAFA9A02570C: changes role from CANDIDATE to LEADER at term 1 for changeToLeader
2019-11-15 21:59:52,911 [c2c6407b-784c-4e4b-bc36-d8006e9d82c2@group-BAFA9A02570C-LeaderElection1] INFO  ratis.XceiverServerRatis (XceiverServerRatis.java:handleLeaderChangedNotification(697)) - Leader change notification received for group: group-BAFA9A02570C with new leaderId: c2c6407b-784c-4e4b-bc36-d8006e9d82c2
2019-11-15 21:59:52,916 [c2c6407b-784c-4e4b-bc36-d8006e9d82c2@group-BAFA9A02570C-LeaderElection1] INFO  impl.RaftServerImpl (ServerState.java:setLeader(255)) - c2c6407b-784c-4e4b-bc36-d8006e9d82c2@group-BAFA9A02570C: change Leader from null to c2c6407b-784c-4e4b-bc36-d8006e9d82c2 at term 1 for becomeLeader, leader elected after 5042ms
2019-11-15 21:59:52,922 [c2c6407b-784c-4e4b-bc36-d8006e9d82c2@group-BAFA9A02570C-LeaderElection1] INFO  server.RaftServerConfigKeys (ConfUtils.java:logGet(43)) - raft.server.staging.catchup.gap = 1000 (default)
2019-11-15 21:59:52,922 [c2c6407b-784c-4e4b-bc36-d8006e9d82c2@group-BAFA9A02570C-LeaderElection1] INFO  server.RaftServerConfigKeys (ConfUtils.java:logGet(43)) - raft.server.rpc.sleep.time = 25ms (default)
2019-11-15 21:59:52,928 [c2c6407b-784c-4e4b-bc36-d8006e9d82c2@group-BAFA9A02570C-LeaderElection1] INFO  server.RaftServerConfigKeys (ConfUtils.java:logGet(43)) - raft.server.write.element-limit = 4096 (default)
2019-11-15 21:59:52,932 [c2c6407b-784c-4e4b-bc36-d8006e9d82c2@group-BAFA9A02570C-LeaderElection1] INFO  server.RaftServerConfigKeys (ConfUtils.java:logGet(43)) - raft.server.watch.timeout = 10s (default)
2019-11-15 21:59:52,933 [c2c6407b-784c-4e4b-bc36-d8006e9d82c2@group-BAFA9A02570C-LeaderElection1] INFO  server.RaftServerConfigKeys (ConfUtils.java:logGet(43)) - raft.server.watch.timeout.denomination = 1s (default)
2019-11-15 21:59:52,935 [c2c6407b-784c-4e4b-bc36-d8006e9d82c2@group-BAFA9A02570C-LeaderElection1] INFO  server.RaftServerConfigKeys (ConfUtils.java:logGet(43)) - raft.server.watch.element-limit = 65536 (default)
2019-11-15 21:59:52,936 [EventQueue-PipelineReportForPipelineReportHandler] INFO  pipeline.PipelineStateManager (PipelineStateManager.java:openPipeline(134)) - Pipeline Pipeline[ Id: 30173c0a-5889-4caf-bf2d-bafa9a02570c, Nodes: c2c6407b-784c-4e4b-bc36-d8006e9d82c2{ip: 192.168.34.53, host: pr-hdds-2515-logtostringformatter-dwl4z-3795388632, networkLocation: /default-rack, certSerialId: null}, Type:RATIS, Factor:ONE, State:OPEN] moved to OPEN state
2019-11-15 21:59:52,947 [c2c6407b-784c-4e4b-bc36-d8006e9d82c2@group-BAFA9A02570C-LeaderElection1] INFO  impl.RoleInfo (RoleInfo.java:updateAndGet(143)) - c2c6407b-784c-4e4b-bc36-d8006e9d82c2: start LeaderState
2019-11-15 21:59:52,973 [c2c6407b-784c-4e4b-bc36-d8006e9d82c2@group-BAFA9A02570C-LeaderElection1] INFO  segmented.SegmentedRaftLogWorker (SegmentedRaftLogWorker.java:startLogSegment(385)) - c2c6407b-784c-4e4b-bc36-d8006e9d82c2@group-BAFA9A02570C-SegmentedRaftLogWorker: Starting segment from index:0
2019-11-15 21:59:52,987 [c2c6407b-784c-4e4b-bc36-d8006e9d82c2@group-BAFA9A02570C-LeaderElection1] INFO  impl.RaftServerImpl (ServerState.java:setRaftConf(356)) - c2c6407b-784c-4e4b-bc36-d8006e9d82c2@group-BAFA9A02570C: set configuration 0: [c2c6407b-784c-4e4b-bc36-d8006e9d82c2:192.168.34.53:33375], old=null at 0
2019-11-15 21:59:53,090 [Thread-204] INFO  impl.FollowerState (FollowerState.java:run(111)) - 7bddf562-1f00-4607-a353-a19b68c8d3ee@group-22D1662DDD0D-FollowerState: change to CANDIDATE, lastRpcTime:5175ms, electionTimeout:5175ms
2019-11-15 21:59:53,090 [Thread-204] INFO  impl.RoleInfo (RoleInfo.java:shutdownFollowerState(121)) - 7bddf562-1f00-4607-a353-a19b68c8d3ee: shutdown FollowerState
2019-11-15 21:59:53,091 [Thread-204] INFO  impl.RaftServerImpl (RaftServerImpl.java:setRole(173)) - 7bddf562-1f00-4607-a353-a19b68c8d3ee@group-22D1662DDD0D: changes role from  FOLLOWER to CANDIDATE at term 0 for changeToCandidate
2019-11-15 21:59:53,091 [Thread-204] INFO  impl.RoleInfo (RoleInfo.java:updateAndGet(143)) - 7bddf562-1f00-4607-a353-a19b68c8d3ee: start LeaderElection
2019-11-15 21:59:53,104 [Thread-208] INFO  impl.FollowerState (FollowerState.java:run(111)) - 161f52f7-f736-41b9-9c3d-dd314a5b9569@group-510A39957FDB-FollowerState: change to CANDIDATE, lastRpcTime:5111ms, electionTimeout:5111ms
2019-11-15 21:59:53,104 [Thread-208] INFO  impl.RoleInfo (RoleInfo.java:shutdownFollowerState(121)) - 161f52f7-f736-41b9-9c3d-dd314a5b9569: shutdown FollowerState
2019-11-15 21:59:53,104 [Thread-208] INFO  impl.RaftServerImpl (RaftServerImpl.java:setRole(173)) - 161f52f7-f736-41b9-9c3d-dd314a5b9569@group-510A39957FDB: changes role from  FOLLOWER to CANDIDATE at term 0 for changeToCandidate
2019-11-15 21:59:53,104 [Thread-208] INFO  impl.RoleInfo (RoleInfo.java:updateAndGet(143)) - 161f52f7-f736-41b9-9c3d-dd314a5b9569: start LeaderElection
2019-11-15 21:59:53,106 [7bddf562-1f00-4607-a353-a19b68c8d3ee@group-22D1662DDD0D-LeaderElection2] INFO  impl.LeaderElection (LeaderElection.java:askForVotes(178)) - 7bddf562-1f00-4607-a353-a19b68c8d3ee@group-22D1662DDD0D-LeaderElection2: begin an election at term 1 for -1: [7bddf562-1f00-4607-a353-a19b68c8d3ee:192.168.34.53:44886], old=null
2019-11-15 21:59:53,107 [7bddf562-1f00-4607-a353-a19b68c8d3ee@group-22D1662DDD0D-LeaderElection2] INFO  impl.RoleInfo (RoleInfo.java:shutdownLeaderElection(134)) - 7bddf562-1f00-4607-a353-a19b68c8d3ee: shutdown LeaderElection
2019-11-15 21:59:53,107 [7bddf562-1f00-4607-a353-a19b68c8d3ee@group-22D1662DDD0D-LeaderElection2] INFO  impl.RaftServerImpl (RaftServerImpl.java:setRole(173)) - 7bddf562-1f00-4607-a353-a19b68c8d3ee@group-22D1662DDD0D: changes role from CANDIDATE to LEADER at term 1 for changeToLeader
2019-11-15 21:59:53,107 [7bddf562-1f00-4607-a353-a19b68c8d3ee@group-22D1662DDD0D-LeaderElection2] INFO  ratis.XceiverServerRatis (XceiverServerRatis.java:handleLeaderChangedNotification(697)) - Leader change notification received for group: group-22D1662DDD0D with new leaderId: 7bddf562-1f00-4607-a353-a19b68c8d3ee
2019-11-15 21:59:53,107 [7bddf562-1f00-4607-a353-a19b68c8d3ee@group-22D1662DDD0D-LeaderElection2] INFO  impl.RaftServerImpl (ServerState.java:setLeader(255)) - 7bddf562-1f00-4607-a353-a19b68c8d3ee@group-22D1662DDD0D: change Leader from null to 7bddf562-1f00-4607-a353-a19b68c8d3ee at term 1 for becomeLeader, leader elected after 5196ms
2019-11-15 21:59:53,107 [7bddf562-1f00-4607-a353-a19b68c8d3ee@group-22D1662DDD0D-LeaderElection2] INFO  server.RaftServerConfigKeys (ConfUtils.java:logGet(43)) - raft.server.staging.catchup.gap = 1000 (default)
2019-11-15 21:59:53,107 [7bddf562-1f00-4607-a353-a19b68c8d3ee@group-22D1662DDD0D-LeaderElection2] INFO  server.RaftServerConfigKeys (ConfUtils.java:logGet(43)) - raft.server.rpc.sleep.time = 25ms (default)
2019-11-15 21:59:53,107 [7bddf562-1f00-4607-a353-a19b68c8d3ee@group-22D1662DDD0D-LeaderElection2] INFO  server.RaftServerConfigKeys (ConfUtils.java:logGet(43)) - raft.server.write.element-limit = 4096 (default)
2019-11-15 21:59:53,108 [7bddf562-1f00-4607-a353-a19b68c8d3ee@group-22D1662DDD0D-LeaderElection2] INFO  server.RaftServerConfigKeys (ConfUtils.java:logGet(43)) - raft.server.watch.timeout = 10s (default)
2019-11-15 21:59:53,108 [7bddf562-1f00-4607-a353-a19b68c8d3ee@group-22D1662DDD0D-LeaderElection2] INFO  server.RaftServerConfigKeys (ConfUtils.java:logGet(43)) - raft.server.watch.timeout.denomination = 1s (default)
2019-11-15 21:59:53,135 [161f52f7-f736-41b9-9c3d-dd314a5b9569@group-510A39957FDB-LeaderElection3] INFO  impl.LeaderElection (LeaderElection.java:askForVotes(178)) - 161f52f7-f736-41b9-9c3d-dd314a5b9569@group-510A39957FDB-LeaderElection3: begin an election at term 1 for -1: [161f52f7-f736-41b9-9c3d-dd314a5b9569:192.168.34.53:32784], old=null
2019-11-15 21:59:53,135 [Thread-217] INFO  impl.FollowerState (FollowerState.java:run(111)) - 161f52f7-f736-41b9-9c3d-dd314a5b9569@group-96B0A77FA363-FollowerState: change to CANDIDATE, lastRpcTime:5027ms, electionTimeout:5001ms
2019-11-15 21:59:53,136 [7bddf562-1f00-4607-a353-a19b68c8d3ee@group-22D1662DDD0D-LeaderElection2] INFO  server.RaftServerConfigKeys (ConfUtils.java:logGet(43)) - raft.server.watch.element-limit = 65536 (default)
2019-11-15 21:59:53,136 [161f52f7-f736-41b9-9c3d-dd314a5b9569@group-510A39957FDB-LeaderElection3] INFO  impl.RoleInfo (RoleInfo.java:shutdownLeaderElection(134)) - 161f52f7-f736-41b9-9c3d-dd314a5b9569: shutdown LeaderElection
2019-11-15 21:59:53,136 [Thread-217] INFO  impl.RoleInfo (RoleInfo.java:shutdownFollowerState(121)) - 161f52f7-f736-41b9-9c3d-dd314a5b9569: shutdown FollowerState
2019-11-15 21:59:53,137 [161f52f7-f736-41b9-9c3d-dd314a5b9569@group-510A39957FDB-LeaderElection3] INFO  impl.RaftServerImpl (RaftServerImpl.java:setRole(173)) - 161f52f7-f736-41b9-9c3d-dd314a5b9569@group-510A39957FDB: changes role from CANDIDATE to LEADER at term 1 for changeToLeader
2019-11-15 21:59:53,137 [Thread-217] INFO  impl.RaftServerImpl (RaftServerImpl.java:setRole(173)) - 161f52f7-f736-41b9-9c3d-dd314a5b9569@group-96B0A77FA363: changes role from  FOLLOWER to CANDIDATE at term 0 for changeToCandidate
2019-11-15 21:59:53,137 [7bddf562-1f00-4607-a353-a19b68c8d3ee@group-22D1662DDD0D-LeaderElection2] INFO  impl.RoleInfo (RoleInfo.java:updateAndGet(143)) - 7bddf562-1f00-4607-a353-a19b68c8d3ee: start LeaderState
2019-11-15 21:59:53,137 [Thread-217] INFO  impl.RoleInfo (RoleInfo.java:updateAndGet(143)) - 161f52f7-f736-41b9-9c3d-dd314a5b9569: start LeaderElection
2019-11-15 21:59:53,137 [161f52f7-f736-41b9-9c3d-dd314a5b9569@group-510A39957FDB-LeaderElection3] INFO  ratis.XceiverServerRatis (XceiverServerRatis.java:handleLeaderChangedNotification(697)) - Leader change notification received for group: group-510A39957FDB with new leaderId: 161f52f7-f736-41b9-9c3d-dd314a5b9569
2019-11-15 21:59:53,137 [EventQueue-PipelineReportForPipelineReportHandler] INFO  pipeline.PipelineStateManager (PipelineStateManager.java:openPipeline(134)) - Pipeline Pipeline[ Id: 31601fca-cb2c-4e4f-93d2-22d1662ddd0d, Nodes: 7bddf562-1f00-4607-a353-a19b68c8d3ee{ip: 192.168.34.53, host: pr-hdds-2515-logtostringformatter-dwl4z-3795388632, networkLocation: /default-rack, certSerialId: null}, Type:RATIS, Factor:ONE, State:OPEN] moved to OPEN state
2019-11-15 21:59:53,139 [7bddf562-1f00-4607-a353-a19b68c8d3ee@group-22D1662DDD0D-LeaderElection2] INFO  segmented.SegmentedRaftLogWorker (SegmentedRaftLogWorker.java:startLogSegment(385)) - 7bddf562-1f00-4607-a353-a19b68c8d3ee@group-22D1662DDD0D-SegmentedRaftLogWorker: Starting segment from index:0
2019-11-15 21:59:53,139 [161f52f7-f736-41b9-9c3d-dd314a5b9569@group-510A39957FDB-LeaderElection3] INFO  impl.RaftServerImpl (ServerState.java:setLeader(255)) - 161f52f7-f736-41b9-9c3d-dd314a5b9569@group-510A39957FDB: change Leader from null to 161f52f7-f736-41b9-9c3d-dd314a5b9569 at term 1 for becomeLeader, leader elected after 5148ms
2019-11-15 21:59:53,140 [161f52f7-f736-41b9-9c3d-dd314a5b9569@group-510A39957FDB-LeaderElection3] INFO  server.RaftServerConfigKeys (ConfUtils.java:logGet(43)) - raft.server.staging.catchup.gap = 1000 (default)
2019-11-15 21:59:53,140 [161f52f7-f736-41b9-9c3d-dd314a5b9569@group-510A39957FDB-LeaderElection3] INFO  server.RaftServerConfigKeys (ConfUtils.java:logGet(43)) - raft.server.rpc.sleep.time = 25ms (default)
2019-11-15 21:59:53,141 [161f52f7-f736-41b9-9c3d-dd314a5b9569@group-510A39957FDB-LeaderElection3] INFO  server.RaftServerConfigKeys (ConfUtils.java:logGet(43)) - raft.server.write.element-limit = 4096 (default)
2019-11-15 21:59:53,141 [7bddf562-1f00-4607-a353-a19b68c8d3ee@group-22D1662DDD0D-LeaderElection2] INFO  impl.RaftServerImpl (ServerState.java:setRaftConf(356)) - 7bddf562-1f00-4607-a353-a19b68c8d3ee@group-22D1662DDD0D: set configuration 0: [7bddf562-1f00-4607-a353-a19b68c8d3ee:192.168.34.53:44886], old=null at 0
2019-11-15 21:59:53,141 [161f52f7-f736-41b9-9c3d-dd314a5b9569@group-510A39957FDB-LeaderElection3] INFO  server.RaftServerConfigKeys (ConfUtils.java:logGet(43)) - raft.server.watch.timeout = 10s (default)
2019-11-15 21:59:53,167 [Thread-218] INFO  impl.FollowerState (FollowerState.java:run(111)) - 7bddf562-1f00-4607-a353-a19b68c8d3ee@group-96B0A77FA363-FollowerState: change to CANDIDATE, lastRpcTime:5058ms, electionTimeout:5048ms
2019-11-15 21:59:53,167 [161f52f7-f736-41b9-9c3d-dd314a5b9569@group-96B0A77FA363-LeaderElection4] INFO  impl.LeaderElection (LeaderElection.java:askForVotes(178)) - 161f52f7-f736-41b9-9c3d-dd314a5b9569@group-96B0A77FA363-LeaderElection4: begin an election at term 1 for -1: [c2c6407b-784c-4e4b-bc36-d8006e9d82c2:192.168.34.53:33375, 161f52f7-f736-41b9-9c3d-dd314a5b9569:192.168.34.53:32784, 7bddf562-1f00-4607-a353-a19b68c8d3ee:192.168.34.53:44886], old=null
2019-11-15 21:59:53,167 [c2c6407b-784c-4e4b-bc36-d8006e9d82c2@group-BAFA9A02570C-SegmentedRaftLogWorker] INFO  segmented.SegmentedRaftLogWorker (SegmentedRaftLogWorker.java:execute(576)) - c2c6407b-784c-4e4b-bc36-d8006e9d82c2@group-BAFA9A02570C-SegmentedRaftLogWorker: created new log segment /workdir/hadoop-ozone/tools/target/test-dir/MiniOzoneClusterImpl-95de1c25-f016-473e-a03a-279cab8467aa/datanode-1/data/ratis/30173c0a-5889-4caf-bf2d-bafa9a02570c/current/log_inprogress_0
2019-11-15 21:59:53,167 [161f52f7-f736-41b9-9c3d-dd314a5b9569@group-510A39957FDB-LeaderElection3] INFO  server.RaftServerConfigKeys (ConfUtils.java:logGet(43)) - raft.server.watch.timeout.denomination = 1s (default)
2019-11-15 21:59:53,167 [Thread-218] INFO  impl.RoleInfo (RoleInfo.java:shutdownFollowerState(121)) - 7bddf562-1f00-4607-a353-a19b68c8d3ee: shutdown FollowerState
2019-11-15 21:59:53,168 [161f52f7-f736-41b9-9c3d-dd314a5b9569@group-510A39957FDB-LeaderElection3] INFO  server.RaftServerConfigKeys (ConfUtils.java:logGet(43)) - raft.server.watch.element-limit = 65536 (default)
2019-11-15 21:59:53,168 [Thread-218] INFO  impl.RaftServerImpl (RaftServerImpl.java:setRole(173)) - 7bddf562-1f00-4607-a353-a19b68c8d3ee@group-96B0A77FA363: changes role from  FOLLOWER to CANDIDATE at term 0 for changeToCandidate
2019-11-15 21:59:53,168 [Thread-218] INFO  impl.RoleInfo (RoleInfo.java:updateAndGet(143)) - 7bddf562-1f00-4607-a353-a19b68c8d3ee: start LeaderElection
2019-11-15 21:59:53,168 [161f52f7-f736-41b9-9c3d-dd314a5b9569@group-510A39957FDB-LeaderElection3] INFO  impl.RoleInfo (RoleInfo.java:updateAndGet(143)) - 161f52f7-f736-41b9-9c3d-dd314a5b9569: start LeaderState
2019-11-15 21:59:53,168 [EventQueue-PipelineReportForPipelineReportHandler] INFO  pipeline.PipelineStateManager (PipelineStateManager.java:openPipeline(134)) - Pipeline Pipeline[ Id: 3f964e95-07e2-4b8f-bc27-510a39957fdb, Nodes: 161f52f7-f736-41b9-9c3d-dd314a5b9569{ip: 192.168.34.53, host: pr-hdds-2515-logtostringformatter-dwl4z-3795388632, networkLocation: /default-rack, certSerialId: null}, Type:RATIS, Factor:ONE, State:OPEN] moved to OPEN state
2019-11-15 21:59:53,171 [161f52f7-f736-41b9-9c3d-dd314a5b9569@group-510A39957FDB-LeaderElection3] INFO  segmented.SegmentedRaftLogWorker (SegmentedRaftLogWorker.java:startLogSegment(385)) - 161f52f7-f736-41b9-9c3d-dd314a5b9569@group-510A39957FDB-SegmentedRaftLogWorker: Starting segment from index:0
2019-11-15 21:59:53,171 [161f52f7-f736-41b9-9c3d-dd314a5b9569@group-510A39957FDB-LeaderElection3] INFO  impl.RaftServerImpl (ServerState.java:setRaftConf(356)) - 161f52f7-f736-41b9-9c3d-dd314a5b9569@group-510A39957FDB: set configuration 0: [161f52f7-f736-41b9-9c3d-dd314a5b9569:192.168.34.53:32784], old=null at 0
2019-11-15 21:59:53,197 [7bddf562-1f00-4607-a353-a19b68c8d3ee@group-22D1662DDD0D-SegmentedRaftLogWorker] INFO  segmented.SegmentedRaftLogWorker (SegmentedRaftLogWorker.java:execute(576)) - 7bddf562-1f00-4607-a353-a19b68c8d3ee@group-22D1662DDD0D-SegmentedRaftLogWorker: created new log segment /workdir/hadoop-ozone/tools/target/test-dir/MiniOzoneClusterImpl-95de1c25-f016-473e-a03a-279cab8467aa/datanode-0/data/ratis/31601fca-cb2c-4e4f-93d2-22d1662ddd0d/current/log_inprogress_0
2019-11-15 21:59:53,197 [7bddf562-1f00-4607-a353-a19b68c8d3ee@group-96B0A77FA363-LeaderElection5] INFO  impl.LeaderElection (LeaderElection.java:askForVotes(178)) - 7bddf562-1f00-4607-a353-a19b68c8d3ee@group-96B0A77FA363-LeaderElection5: begin an election at term 1 for -1: [c2c6407b-784c-4e4b-bc36-d8006e9d82c2:192.168.34.53:33375, 161f52f7-f736-41b9-9c3d-dd314a5b9569:192.168.34.53:32784, 7bddf562-1f00-4607-a353-a19b68c8d3ee:192.168.34.53:44886], old=null
2019-11-15 21:59:53,229 [grpc-default-executor-2] INFO  impl.RaftServerImpl (RaftServerImpl.java:setRole(173)) - c2c6407b-784c-4e4b-bc36-d8006e9d82c2@group-96B0A77FA363: changes role from  FOLLOWER to FOLLOWER at term 1 for recognizeCandidate:161f52f7-f736-41b9-9c3d-dd314a5b9569
2019-11-15 21:59:53,230 [grpc-default-executor-2] INFO  impl.RoleInfo (RoleInfo.java:shutdownFollowerState(121)) - c2c6407b-784c-4e4b-bc36-d8006e9d82c2: shutdown FollowerState
2019-11-15 21:59:53,233 [161f52f7-f736-41b9-9c3d-dd314a5b9569@group-510A39957FDB-SegmentedRaftLogWorker] INFO  segmented.SegmentedRaftLogWorker (SegmentedRaftLogWorker.java:execute(576)) - 161f52f7-f736-41b9-9c3d-dd314a5b9569@group-510A39957FDB-SegmentedRaftLogWorker: created new log segment /workdir/hadoop-ozone/tools/target/test-dir/MiniOzoneClusterImpl-95de1c25-f016-473e-a03a-279cab8467aa/datanode-2/data/ratis/3f964e95-07e2-4b8f-bc27-510a39957fdb/current/log_inprogress_0
2019-11-15 21:59:53,233 [grpc-default-executor-2] INFO  impl.RoleInfo (RoleInfo.java:updateAndGet(143)) - c2c6407b-784c-4e4b-bc36-d8006e9d82c2: start FollowerState
2019-11-15 21:59:53,233 [Thread-216] INFO  impl.FollowerState (FollowerState.java:run(120)) - c2c6407b-784c-4e4b-bc36-d8006e9d82c2@group-96B0A77FA363-FollowerState was interrupted: java.lang.InterruptedException: sleep interrupted
2019-11-15 21:59:53,250 [161f52f7-f736-41b9-9c3d-dd314a5b9569@group-96B0A77FA363-LeaderElection4] INFO  impl.LeaderElection (LeaderElection.java:logAndReturn(56)) - 161f52f7-f736-41b9-9c3d-dd314a5b9569@group-96B0A77FA363-LeaderElection4: Election PASSED; received 2 response(s) [161f52f7-f736-41b9-9c3d-dd314a5b9569<-c2c6407b-784c-4e4b-bc36-d8006e9d82c2#0:OK-t1, 161f52f7-f736-41b9-9c3d-dd314a5b9569<-7bddf562-1f00-4607-a353-a19b68c8d3ee#0:FAIL-t1] and 0 exception(s); 161f52f7-f736-41b9-9c3d-dd314a5b9569@group-96B0A77FA363:t1, leader=null, voted=161f52f7-f736-41b9-9c3d-dd314a5b9569, raftlog=161f52f7-f736-41b9-9c3d-dd314a5b9569@group-96B0A77FA363-SegmentedRaftLog:OPENED:c-1,f-1,i0, conf=-1: [c2c6407b-784c-4e4b-bc36-d8006e9d82c2:192.168.34.53:33375, 161f52f7-f736-41b9-9c3d-dd314a5b9569:192.168.34.53:32784, 7bddf562-1f00-4607-a353-a19b68c8d3ee:192.168.34.53:44886], old=null
2019-11-15 21:59:53,250 [7bddf562-1f00-4607-a353-a19b68c8d3ee@group-96B0A77FA363-LeaderElection5] INFO  impl.LeaderElection (LeaderElection.java:logAndReturn(56)) - 7bddf562-1f00-4607-a353-a19b68c8d3ee@group-96B0A77FA363-LeaderElection5: Election REJECTED; received 2 response(s) [7bddf562-1f00-4607-a353-a19b68c8d3ee<-c2c6407b-784c-4e4b-bc36-d8006e9d82c2#0:FAIL-t1, 7bddf562-1f00-4607-a353-a19b68c8d3ee<-161f52f7-f736-41b9-9c3d-dd314a5b9569#0:FAIL-t1] and 0 exception(s); 7bddf562-1f00-4607-a353-a19b68c8d3ee@group-96B0A77FA363:t1, leader=null, voted=7bddf562-1f00-4607-a353-a19b68c8d3ee, raftlog=7bddf562-1f00-4607-a353-a19b68c8d3ee@group-96B0A77FA363-SegmentedRaftLog:OPENED:c-1,f-1,i0, conf=-1: [c2c6407b-784c-4e4b-bc36-d8006e9d82c2:192.168.34.53:33375, 161f52f7-f736-41b9-9c3d-dd314a5b9569:192.168.34.53:32784, 7bddf562-1f00-4607-a353-a19b68c8d3ee:192.168.34.53:44886], old=null
2019-11-15 21:59:53,250 [161f52f7-f736-41b9-9c3d-dd314a5b9569@group-96B0A77FA363-LeaderElection4] INFO  impl.RoleInfo (RoleInfo.java:shutdownLeaderElection(134)) - 161f52f7-f736-41b9-9c3d-dd314a5b9569: shutdown LeaderElection
2019-11-15 21:59:53,251 [7bddf562-1f00-4607-a353-a19b68c8d3ee@group-96B0A77FA363-LeaderElection5] INFO  impl.RaftServerImpl (RaftServerImpl.java:setRole(173)) - 7bddf562-1f00-4607-a353-a19b68c8d3ee@group-96B0A77FA363: changes role from CANDIDATE to FOLLOWER at term 1 for DISCOVERED_A_NEW_TERM
2019-11-15 21:59:53,252 [161f52f7-f736-41b9-9c3d-dd314a5b9569@group-96B0A77FA363-LeaderElection4] INFO  impl.RaftServerImpl (RaftServerImpl.java:setRole(173)) - 161f52f7-f736-41b9-9c3d-dd314a5b9569@group-96B0A77FA363: changes role from CANDIDATE to LEADER at term 1 for changeToLeader
2019-11-15 21:59:53,253 [7bddf562-1f00-4607-a353-a19b68c8d3ee@group-96B0A77FA363-LeaderElection5] INFO  impl.RoleInfo (RoleInfo.java:shutdownLeaderElection(134)) - 7bddf562-1f00-4607-a353-a19b68c8d3ee: shutdown LeaderElection
2019-11-15 21:59:53,253 [161f52f7-f736-41b9-9c3d-dd314a5b9569@group-96B0A77FA363-LeaderElection4] INFO  ratis.XceiverServerRatis (XceiverServerRatis.java:handleLeaderChangedNotification(697)) - Leader change notification received for group: group-96B0A77FA363 with new leaderId: 161f52f7-f736-41b9-9c3d-dd314a5b9569
2019-11-15 21:59:53,253 [7bddf562-1f00-4607-a353-a19b68c8d3ee@group-96B0A77FA363-LeaderElection5] INFO  impl.RoleInfo (RoleInfo.java:updateAndGet(143)) - 7bddf562-1f00-4607-a353-a19b68c8d3ee: start FollowerState
2019-11-15 21:59:53,253 [161f52f7-f736-41b9-9c3d-dd314a5b9569@group-96B0A77FA363-LeaderElection4] INFO  impl.RaftServerImpl (ServerState.java:setLeader(255)) - 161f52f7-f736-41b9-9c3d-dd314a5b9569@group-96B0A77FA363: change Leader from null to 161f52f7-f736-41b9-9c3d-dd314a5b9569 at term 1 for becomeLeader, leader elected after 5151ms
2019-11-15 21:59:53,253 [161f52f7-f736-41b9-9c3d-dd314a5b9569@group-96B0A77FA363-LeaderElection4] INFO  server.RaftServerConfigKeys (ConfUtils.java:logGet(43)) - raft.server.staging.catchup.gap = 1000 (default)
2019-11-15 21:59:53,254 [161f52f7-f736-41b9-9c3d-dd314a5b9569@group-96B0A77FA363-LeaderElection4] INFO  server.RaftServerConfigKeys (ConfUtils.java:logGet(43)) - raft.server.rpc.sleep.time = 25ms (default)
2019-11-15 21:59:53,254 [161f52f7-f736-41b9-9c3d-dd314a5b9569@group-96B0A77FA363-LeaderElection4] INFO  server.RaftServerConfigKeys (ConfUtils.java:logGet(43)) - raft.server.write.element-limit = 4096 (default)
2019-11-15 21:59:53,254 [161f52f7-f736-41b9-9c3d-dd314a5b9569@group-96B0A77FA363-LeaderElection4] INFO  server.RaftServerConfigKeys (ConfUtils.java:logGet(43)) - raft.server.watch.timeout = 10s (default)
2019-11-15 21:59:53,254 [161f52f7-f736-41b9-9c3d-dd314a5b9569@group-96B0A77FA363-LeaderElection4] INFO  server.RaftServerConfigKeys (ConfUtils.java:logGet(43)) - raft.server.watch.timeout.denomination = 1s (default)
2019-11-15 21:59:53,254 [161f52f7-f736-41b9-9c3d-dd314a5b9569@group-96B0A77FA363-LeaderElection4] INFO  server.RaftServerConfigKeys (ConfUtils.java:logGet(43)) - raft.server.watch.element-limit = 65536 (default)
2019-11-15 21:59:53,256 [EventQueue-PipelineReportForPipelineReportHandler] INFO  pipeline.PipelineStateManager (PipelineStateManager.java:openPipeline(134)) - Pipeline Pipeline[ Id: b4d98f08-feb4-4dcc-8377-96b0a77fa363, Nodes: c2c6407b-784c-4e4b-bc36-d8006e9d82c2{ip: 192.168.34.53, host: pr-hdds-2515-logtostringformatter-dwl4z-3795388632, networkLocation: /default-rack, certSerialId: null}7bddf562-1f00-4607-a353-a19b68c8d3ee{ip: 192.168.34.53, host: pr-hdds-2515-logtostringformatter-dwl4z-3795388632, networkLocation: /default-rack, certSerialId: null}161f52f7-f736-41b9-9c3d-dd314a5b9569{ip: 192.168.34.53, host: pr-hdds-2515-logtostringformatter-dwl4z-3795388632, networkLocation: /default-rack, certSerialId: null}, Type:RATIS, Factor:THREE, State:OPEN] moved to OPEN state
2019-11-15 21:59:53,257 [161f52f7-f736-41b9-9c3d-dd314a5b9569@group-96B0A77FA363-LeaderElection4] INFO  server.RaftServerConfigKeys (ConfUtils.java:logGet(43)) - raft.server.log.appender.snapshot.chunk.size.max = 16MB (=16777216) (default)
2019-11-15 21:59:53,258 [161f52f7-f736-41b9-9c3d-dd314a5b9569@group-96B0A77FA363-LeaderElection4] INFO  server.RaftServerConfigKeys (ConfUtils.java:logGet(43)) - raft.server.log.appender.buffer.byte-limit = 33554432 (custom)
2019-11-15 21:59:53,258 [161f52f7-f736-41b9-9c3d-dd314a5b9569@group-96B0A77FA363-LeaderElection4] INFO  server.RaftServerConfigKeys (ConfUtils.java:logGet(43)) - raft.server.log.appender.buffer.element-limit = 1 (custom)
2019-11-15 21:59:53,261 [161f52f7-f736-41b9-9c3d-dd314a5b9569@group-96B0A77FA363-LeaderElection4] INFO  grpc.GrpcConfigKeys$Server (ConfUtils.java:logGet(43)) - raft.grpc.server.leader.outstanding.appends.max = 128 (default)
2019-11-15 21:59:53,265 [161f52f7-f736-41b9-9c3d-dd314a5b9569@group-96B0A77FA363-LeaderElection4] INFO  server.RaftServerConfigKeys (ConfUtils.java:logGet(43)) - raft.server.rpc.request.timeout = 3000ms (default)
2019-11-15 21:59:53,265 [161f52f7-f736-41b9-9c3d-dd314a5b9569@group-96B0A77FA363-LeaderElection4] INFO  server.RaftServerConfigKeys (ConfUtils.java:logGet(43)) - raft.server.log.appender.install.snapshot.enabled = false (custom)
2019-11-15 21:59:53,266 [161f52f7-f736-41b9-9c3d-dd314a5b9569@group-96B0A77FA363-LeaderElection4] WARN  impl.MetricRegistriesImpl (MetricRegistriesImpl.java:lambda$create$1(61)) - First MetricRegistry has been created without registering reporters. You may need to call MetricRegistries.global().addReportRegistration(...) before.
2019-11-15 21:59:53,267 [161f52f7-f736-41b9-9c3d-dd314a5b9569@group-96B0A77FA363-LeaderElection4] INFO  server.RaftServerConfigKeys (ConfUtils.java:logGet(43)) - raft.server.log.appender.snapshot.chunk.size.max = 16MB (=16777216) (default)
2019-11-15 21:59:53,267 [161f52f7-f736-41b9-9c3d-dd314a5b9569@group-96B0A77FA363-LeaderElection4] INFO  server.RaftServerConfigKeys (ConfUtils.java:logGet(43)) - raft.server.log.appender.buffer.byte-limit = 33554432 (custom)
2019-11-15 21:59:53,268 [161f52f7-f736-41b9-9c3d-dd314a5b9569@group-96B0A77FA363-LeaderElection4] INFO  server.RaftServerConfigKeys (ConfUtils.java:logGet(43)) - raft.server.log.appender.buffer.element-limit = 1 (custom)
2019-11-15 21:59:53,268 [161f52f7-f736-41b9-9c3d-dd314a5b9569@group-96B0A77FA363-LeaderElection4] INFO  grpc.GrpcConfigKeys$Server (ConfUtils.java:logGet(43)) - raft.grpc.server.leader.outstanding.appends.max = 128 (default)
2019-11-15 21:59:53,268 [161f52f7-f736-41b9-9c3d-dd314a5b9569@group-96B0A77FA363-LeaderElection4] INFO  server.RaftServerConfigKeys (ConfUtils.java:logGet(43)) - raft.server.rpc.request.timeout = 3000ms (default)
2019-11-15 21:59:53,268 [161f52f7-f736-41b9-9c3d-dd314a5b9569@group-96B0A77FA363-LeaderElection4] INFO  server.RaftServerConfigKeys (ConfUtils.java:logGet(43)) - raft.server.log.appender.install.snapshot.enabled = false (custom)
2019-11-15 21:59:53,271 [161f52f7-f736-41b9-9c3d-dd314a5b9569@group-96B0A77FA363-LeaderElection4] INFO  impl.RoleInfo (RoleInfo.java:updateAndGet(143)) - 161f52f7-f736-41b9-9c3d-dd314a5b9569: start LeaderState
2019-11-15 21:59:53,272 [161f52f7-f736-41b9-9c3d-dd314a5b9569@group-96B0A77FA363-LeaderElection4] INFO  segmented.SegmentedRaftLogWorker (SegmentedRaftLogWorker.java:startLogSegment(385)) - 161f52f7-f736-41b9-9c3d-dd314a5b9569@group-96B0A77FA363-SegmentedRaftLogWorker: Starting segment from index:0
2019-11-15 21:59:53,273 [161f52f7-f736-41b9-9c3d-dd314a5b9569@group-96B0A77FA363-LeaderElection4] INFO  impl.RaftServerImpl (ServerState.java:setRaftConf(356)) - 161f52f7-f736-41b9-9c3d-dd314a5b9569@group-96B0A77FA363: set configuration 0: [c2c6407b-784c-4e4b-bc36-d8006e9d82c2:192.168.34.53:33375, 161f52f7-f736-41b9-9c3d-dd314a5b9569:192.168.34.53:32784, 7bddf562-1f00-4607-a353-a19b68c8d3ee:192.168.34.53:44886], old=null at 0
2019-11-15 21:59:53,310 [161f52f7-f736-41b9-9c3d-dd314a5b9569@group-96B0A77FA363-SegmentedRaftLogWorker] INFO  segmented.SegmentedRaftLogWorker (SegmentedRaftLogWorker.java:execute(576)) - 161f52f7-f736-41b9-9c3d-dd314a5b9569@group-96B0A77FA363-SegmentedRaftLogWorker: created new log segment /workdir/hadoop-ozone/tools/target/test-dir/MiniOzoneClusterImpl-95de1c25-f016-473e-a03a-279cab8467aa/datanode-2/data/ratis/b4d98f08-feb4-4dcc-8377-96b0a77fa363/current/log_inprogress_0
2019-11-15 21:59:53,314 [grpc-default-executor-2] INFO  ratis.XceiverServerRatis (XceiverServerRatis.java:handleLeaderChangedNotification(697)) - Leader change notification received for group: group-96B0A77FA363 with new leaderId: 161f52f7-f736-41b9-9c3d-dd314a5b9569
2019-11-15 21:59:53,314 [grpc-default-executor-3] INFO  ratis.XceiverServerRatis (XceiverServerRatis.java:handleLeaderChangedNotification(697)) - Leader change notification received for group: group-96B0A77FA363 with new leaderId: 161f52f7-f736-41b9-9c3d-dd314a5b9569
2019-11-15 21:59:53,314 [grpc-default-executor-2] INFO  impl.RaftServerImpl (ServerState.java:setLeader(255)) - c2c6407b-784c-4e4b-bc36-d8006e9d82c2@group-96B0A77FA363: change Leader from null to 161f52f7-f736-41b9-9c3d-dd314a5b9569 at term 1 for appendEntries, leader elected after 5212ms
2019-11-15 21:59:53,315 [grpc-default-executor-3] INFO  impl.RaftServerImpl (ServerState.java:setLeader(255)) - 7bddf562-1f00-4607-a353-a19b68c8d3ee@group-96B0A77FA363: change Leader from null to 161f52f7-f736-41b9-9c3d-dd314a5b9569 at term 1 for appendEntries, leader elected after 5213ms
2019-11-15 21:59:53,333 [grpc-default-executor-3] INFO  impl.RaftServerImpl (ServerState.java:setRaftConf(356)) - c2c6407b-784c-4e4b-bc36-d8006e9d82c2@group-96B0A77FA363: set configuration 0: [c2c6407b-784c-4e4b-bc36-d8006e9d82c2:192.168.34.53:33375, 161f52f7-f736-41b9-9c3d-dd314a5b9569:192.168.34.53:32784, 7bddf562-1f00-4607-a353-a19b68c8d3ee:192.168.34.53:44886], old=null at 0
2019-11-15 21:59:53,333 [grpc-default-executor-2] INFO  impl.RaftServerImpl (ServerState.java:setRaftConf(356)) - 7bddf562-1f00-4607-a353-a19b68c8d3ee@group-96B0A77FA363: set configuration 0: [c2c6407b-784c-4e4b-bc36-d8006e9d82c2:192.168.34.53:33375, 161f52f7-f736-41b9-9c3d-dd314a5b9569:192.168.34.53:32784, 7bddf562-1f00-4607-a353-a19b68c8d3ee:192.168.34.53:44886], old=null at 0
2019-11-15 21:59:53,333 [grpc-default-executor-3] INFO  segmented.SegmentedRaftLogWorker (SegmentedRaftLogWorker.java:startLogSegment(385)) - c2c6407b-784c-4e4b-bc36-d8006e9d82c2@group-96B0A77FA363-SegmentedRaftLogWorker: Starting segment from index:0
2019-11-15 21:59:53,333 [grpc-default-executor-2] INFO  segmented.SegmentedRaftLogWorker (SegmentedRaftLogWorker.java:startLogSegment(385)) - 7bddf562-1f00-4607-a353-a19b68c8d3ee@group-96B0A77FA363-SegmentedRaftLogWorker: Starting segment from index:0
2019-11-15 21:59:53,371 [c2c6407b-784c-4e4b-bc36-d8006e9d82c2@group-96B0A77FA363-SegmentedRaftLogWorker] INFO  segmented.SegmentedRaftLogWorker (SegmentedRaftLogWorker.java:execute(576)) - c2c6407b-784c-4e4b-bc36-d8006e9d82c2@group-96B0A77FA363-SegmentedRaftLogWorker: created new log segment /workdir/hadoop-ozone/tools/target/test-dir/MiniOzoneClusterImpl-95de1c25-f016-473e-a03a-279cab8467aa/datanode-1/data/ratis/b4d98f08-feb4-4dcc-8377-96b0a77fa363/current/log_inprogress_0
2019-11-15 21:59:53,371 [7bddf562-1f00-4607-a353-a19b68c8d3ee@group-96B0A77FA363-SegmentedRaftLogWorker] INFO  segmented.SegmentedRaftLogWorker (SegmentedRaftLogWorker.java:execute(576)) - 7bddf562-1f00-4607-a353-a19b68c8d3ee@group-96B0A77FA363-SegmentedRaftLogWorker: created new log segment /workdir/hadoop-ozone/tools/target/test-dir/MiniOzoneClusterImpl-95de1c25-f016-473e-a03a-279cab8467aa/datanode-0/data/ratis/b4d98f08-feb4-4dcc-8377-96b0a77fa363/current/log_inprogress_0
2019-11-15 21:59:53,601 [main] INFO  ozone.MiniOzoneClusterImpl (MiniOzoneClusterImpl.java:lambda$waitForClusterToBeReady$2(171)) - Cluster is ready. Got 3 of 3 DN Heartbeats.
2019-11-15 21:59:54,395 [main] INFO  freon.RandomKeyGenerator (RandomKeyGenerator.java:call(283)) - Number of Threads: 10
2019-11-15 21:59:54,396 [main] INFO  freon.RandomKeyGenerator (RandomKeyGenerator.java:call(288)) - Number of Volumes: 1.
2019-11-15 21:59:54,396 [main] INFO  freon.RandomKeyGenerator (RandomKeyGenerator.java:call(289)) - Number of Buckets per Volume: 1.
2019-11-15 21:59:54,396 [main] INFO  freon.RandomKeyGenerator (RandomKeyGenerator.java:call(290)) - Number of Keys per Bucket: 1.
2019-11-15 21:59:54,397 [main] INFO  freon.RandomKeyGenerator (RandomKeyGenerator.java:call(291)) - Key size: 20971520 bytes
2019-11-15 21:59:54,397 [main] INFO  freon.RandomKeyGenerator (RandomKeyGenerator.java:call(292)) - Buffer size: 4096 bytes
2019-11-15 21:59:54,397 [main] INFO  freon.RandomKeyGenerator (RandomKeyGenerator.java:call(293)) - validateWrites : true
2019-11-15 21:59:54,401 [main] INFO  freon.RandomKeyGenerator (RandomKeyGenerator.java:call(307)) - Data validation is enabled.
2019-11-15 21:59:54,402 [main] INFO  freon.RandomKeyGenerator (RandomKeyGenerator.java:call(313)) - Starting progress bar Thread.

 0.00% |?                                                                                                    |  0/1 Time: 0:00:002019-11-15 21:59:54,429 [pool-53-thread-1] INFO  rpc.RpcClient (RpcClient.java:createVolume(292)) - Creating Volume: vol-0-92575, with jenkins1000 as owner.
2019-11-15 21:59:54,475 [IPC Server handler 2 on 36571] INFO  volume.OMVolumeCreateRequest (OMVolumeCreateRequest.java:validateAndUpdateCache(193)) - created volume:vol-0-92575 for user:jenkins1000
2019-11-15 21:59:54,515 [pool-53-thread-2] INFO  rpc.RpcClient (RpcClient.java:createBucket(431)) - Creating Bucket: vol-0-92575/bucket-0-01700, with Versioning false and Storage Type set to DISK and Encryption set to false 
2019-11-15 21:59:54,696 [pool-53-thread-3] INFO  impl.MetricsSystemImpl (MetricsSystemImpl.java:init(158)) - XceiverClientMetrics metrics system started (again)
 0.00% |?                                                                                                    |  0/1 Time: 0:00:01 100.00% |?????????????????????????????????????????????????????????????????????????????????????????????????????|  1/1 Time: 0:00:02
2019-11-15 22:00:01,787 [main] INFO  pipeline.SCMPipelineManager (SCMPipelineManager.java:finalizeAndDestroyPipeline(315)) - destroying pipeline:Pipeline[ Id: b4d98f08-feb4-4dcc-8377-96b0a77fa363, Nodes: c2c6407b-784c-4e4b-bc36-d8006e9d82c2{ip: 192.168.34.53, host: pr-hdds-2515-logtostringformatter-dwl4z-3795388632, networkLocation: /default-rack, certSerialId: null}7bddf562-1f00-4607-a353-a19b68c8d3ee{ip: 192.168.34.53, host: pr-hdds-2515-logtostringformatter-dwl4z-3795388632, networkLocation: /default-rack, certSerialId: null}161f52f7-f736-41b9-9c3d-dd314a5b9569{ip: 192.168.34.53, host: pr-hdds-2515-logtostringformatter-dwl4z-3795388632, networkLocation: /default-rack, certSerialId: null}, Type:RATIS, Factor:THREE, State:OPEN]
2019-11-15 22:00:01,787 [main] INFO  pipeline.PipelineStateManager (PipelineStateManager.java:finalizePipeline(121)) - Pipeline Pipeline[ Id: b4d98f08-feb4-4dcc-8377-96b0a77fa363, Nodes: c2c6407b-784c-4e4b-bc36-d8006e9d82c2{ip: 192.168.34.53, host: pr-hdds-2515-logtostringformatter-dwl4z-3795388632, networkLocation: /default-rack, certSerialId: null}7bddf562-1f00-4607-a353-a19b68c8d3ee{ip: 192.168.34.53, host: pr-hdds-2515-logtostringformatter-dwl4z-3795388632, networkLocation: /default-rack, certSerialId: null}161f52f7-f736-41b9-9c3d-dd314a5b9569{ip: 192.168.34.53, host: pr-hdds-2515-logtostringformatter-dwl4z-3795388632, networkLocation: /default-rack, certSerialId: null}, Type:RATIS, Factor:THREE, State:CLOSED] moved to CLOSED state
2019-11-15 22:00:01,788 [EventQueue-CloseContainerForCloseContainerEventHandler] INFO  container.CloseContainerEventHandler (CloseContainerEventHandler.java:onMessage(61)) - Close container Event triggered for container : #1
2019-11-15 22:00:01,794 [EventQueue-CloseContainerForCloseContainerEventHandler] INFO  container.CloseContainerEventHandler (CloseContainerEventHandler.java:onMessage(61)) - Close container Event triggered for container : #2
2019-11-15 22:00:01,798 [grpc-default-executor-0] INFO  impl.RaftServerProxy (RaftServerProxy.java:remove(95)) - c2c6407b-784c-4e4b-bc36-d8006e9d82c2: remove  FOLLOWER c2c6407b-784c-4e4b-bc36-d8006e9d82c2@group-96B0A77FA363:t1, leader=161f52f7-f736-41b9-9c3d-dd314a5b9569, voted=161f52f7-f736-41b9-9c3d-dd314a5b9569, raftlog=c2c6407b-784c-4e4b-bc36-d8006e9d82c2@group-96B0A77FA363-SegmentedRaftLog:OPENED:c75,f75,i75, conf=0: [c2c6407b-784c-4e4b-bc36-d8006e9d82c2:192.168.34.53:33375, 161f52f7-f736-41b9-9c3d-dd314a5b9569:192.168.34.53:32784, 7bddf562-1f00-4607-a353-a19b68c8d3ee:192.168.34.53:44886], old=null RUNNING
2019-11-15 22:00:01,799 [grpc-default-executor-0] INFO  impl.RaftServerImpl (RaftServerImpl.java:lambda$shutdown$3(250)) - c2c6407b-784c-4e4b-bc36-d8006e9d82c2@group-96B0A77FA363: shutdown
2019-11-15 22:00:01,799 [grpc-default-executor-0] INFO  util.JmxRegister (JmxRegister.java:unregister(73)) - Successfully un-registered JMX Bean with object name Ratis:service=RaftServer,group=group-96B0A77FA363,id=c2c6407b-784c-4e4b-bc36-d8006e9d82c2
2019-11-15 22:00:01,799 [grpc-default-executor-0] INFO  impl.RoleInfo (RoleInfo.java:shutdownFollowerState(121)) - c2c6407b-784c-4e4b-bc36-d8006e9d82c2: shutdown FollowerState
2019-11-15 22:00:01,799 [Thread-234] INFO  impl.FollowerState (FollowerState.java:run(120)) - c2c6407b-784c-4e4b-bc36-d8006e9d82c2@group-96B0A77FA363-FollowerState was interrupted: java.lang.InterruptedException: sleep interrupted
2019-11-15 22:00:01,799 [grpc-default-executor-0] INFO  impl.StateMachineUpdater (StateMachineUpdater.java:stopAndJoin(136)) - c2c6407b-784c-4e4b-bc36-d8006e9d82c2@group-96B0A77FA363-StateMachineUpdater: set stopIndex = 75
2019-11-15 22:00:01,801 [EventQueue-CloseContainerForCloseContainerEventHandler] INFO  container.CloseContainerEventHandler (CloseContainerEventHandler.java:onMessage(61)) - Close container Event triggered for container : #3
2019-11-15 22:00:01,801 [c2c6407b-784c-4e4b-bc36-d8006e9d82c2@group-96B0A77FA363-StateMachineUpdater] INFO  ratis.ContainerStateMachine (ContainerStateMachine.java:takeSnapshot(285)) - group-96B0A77FA363: Taking a snapshot at:(t:1, i:73) file /workdir/hadoop-ozone/tools/target/test-dir/MiniOzoneClusterImpl-95de1c25-f016-473e-a03a-279cab8467aa/datanode-1/data/ratis/b4d98f08-feb4-4dcc-8377-96b0a77fa363/sm/snapshot.1_73
2019-11-15 22:00:01,833 [c2c6407b-784c-4e4b-bc36-d8006e9d82c2@group-96B0A77FA363-StateMachineUpdater] INFO  ratis.ContainerStateMachine (ContainerStateMachine.java:takeSnapshot(296)) - group-96B0A77FA363: Finished taking a snapshot at:(t:1, i:73) file:/workdir/hadoop-ozone/tools/target/test-dir/MiniOzoneClusterImpl-95de1c25-f016-473e-a03a-279cab8467aa/datanode-1/data/ratis/b4d98f08-feb4-4dcc-8377-96b0a77fa363/sm/snapshot.1_73 time:32
2019-11-15 22:00:01,834 [c2c6407b-784c-4e4b-bc36-d8006e9d82c2@group-96B0A77FA363-StateMachineUpdater] INFO  impl.StateMachineUpdater (StateMachineUpdater.java:takeSnapshot(269)) - c2c6407b-784c-4e4b-bc36-d8006e9d82c2@group-96B0A77FA363-StateMachineUpdater: Took a snapshot at index 73
2019-11-15 22:00:01,836 [c2c6407b-784c-4e4b-bc36-d8006e9d82c2@group-96B0A77FA363-StateMachineUpdater] INFO  impl.StateMachineUpdater (StateMachineUpdater.java:lambda$new$0(84)) - c2c6407b-784c-4e4b-bc36-d8006e9d82c2@group-96B0A77FA363-StateMachineUpdater: snapshotIndex: updateIncreasingly -1 -> 73
2019-11-15 22:00:01,838 [c2c6407b-784c-4e4b-bc36-d8006e9d82c2@group-96B0A77FA363-StateMachineUpdater] INFO  ratis.ContainerStateMachine (ContainerStateMachine.java:takeSnapshot(285)) - group-96B0A77FA363: Taking a snapshot at:(t:1, i:73) file /workdir/hadoop-ozone/tools/target/test-dir/MiniOzoneClusterImpl-95de1c25-f016-473e-a03a-279cab8467aa/datanode-1/data/ratis/b4d98f08-feb4-4dcc-8377-96b0a77fa363/sm/snapshot.1_73
2019-11-15 22:00:01,851 [c2c6407b-784c-4e4b-bc36-d8006e9d82c2@group-96B0A77FA363-StateMachineUpdater] INFO  ratis.ContainerStateMachine (ContainerStateMachine.java:takeSnapshot(296)) - group-96B0A77FA363: Finished taking a snapshot at:(t:1, i:73) file:/workdir/hadoop-ozone/tools/target/test-dir/MiniOzoneClusterImpl-95de1c25-f016-473e-a03a-279cab8467aa/datanode-1/data/ratis/b4d98f08-feb4-4dcc-8377-96b0a77fa363/sm/snapshot.1_73 time:12
2019-11-15 22:00:01,852 [c2c6407b-784c-4e4b-bc36-d8006e9d82c2@group-96B0A77FA363-StateMachineUpdater] INFO  impl.StateMachineUpdater (StateMachineUpdater.java:takeSnapshot(269)) - c2c6407b-784c-4e4b-bc36-d8006e9d82c2@group-96B0A77FA363-StateMachineUpdater: Took a snapshot at index 73
2019-11-15 22:00:01,852 [c2c6407b-784c-4e4b-bc36-d8006e9d82c2@group-96B0A77FA363-StateMachineUpdater] INFO  impl.StateMachineUpdater (StateMachineUpdater.java:lambda$new$0(84)) - c2c6407b-784c-4e4b-bc36-d8006e9d82c2@group-96B0A77FA363-StateMachineUpdater: snapshotIndex: updateIncreasingly 73 -> 73
2019-11-15 22:00:01,852 [grpc-default-executor-0] INFO  impl.RaftServerImpl (ServerState.java:close(387)) - c2c6407b-784c-4e4b-bc36-d8006e9d82c2@group-96B0A77FA363: closes. applyIndex: 75
2019-11-15 22:00:01,852 [c2c6407b-784c-4e4b-bc36-d8006e9d82c2@group-96B0A77FA363-SegmentedRaftLogWorker] INFO  segmented.SegmentedRaftLogWorker (SegmentedRaftLogWorker.java:run(316)) - c2c6407b-784c-4e4b-bc36-d8006e9d82c2@group-96B0A77FA363-SegmentedRaftLogWorker was interrupted, exiting. There are 0 tasks remaining in the queue.
2019-11-15 22:00:01,854 [grpc-default-executor-0] INFO  segmented.SegmentedRaftLogWorker (SegmentedRaftLogWorker.java:close(224)) - c2c6407b-784c-4e4b-bc36-d8006e9d82c2@group-96B0A77FA363-SegmentedRaftLogWorker close()
2019-11-15 22:00:01,875 [grpc-default-executor-0] INFO  interfaces.Container (KeyValueContainer.java:flushAndSyncDB(400)) - Container 1 is synced with bcsId 57.
2019-11-15 22:00:01,875 [grpc-default-executor-0] INFO  interfaces.Container (KeyValueContainer.java:flushAndSyncDB(400)) - Container 1 is synced with bcsId 57.
2019-11-15 22:00:01,890 [grpc-default-executor-0] INFO  interfaces.Container (KeyValueContainer.java:flushAndSyncDB(400)) - Container 2 is synced with bcsId 73.
2019-11-15 22:00:01,890 [grpc-default-executor-0] INFO  interfaces.Container (KeyValueContainer.java:flushAndSyncDB(400)) - Container 2 is synced with bcsId 73.
2019-11-15 22:00:01,893 [EventQueue-IncrementalContainerReportForIncrementalContainerReportHandler] INFO  container.IncrementalContainerReportHandler (AbstractContainerReportHandler.java:updateContainerState(171)) - Moving container #1 to QUASI_CLOSED state, datanode c2c6407b-784c-4e4b-bc36-d8006e9d82c2{ip: 192.168.34.53, host: pr-hdds-2515-logtostringformatter-dwl4z-3795388632, networkLocation: /default-rack, certSerialId: null} reported QUASI_CLOSED replica.
2019-11-15 22:00:01,899 [EventQueue-IncrementalContainerReportForIncrementalContainerReportHandler] INFO  container.IncrementalContainerReportHandler (AbstractContainerReportHandler.java:updateContainerState(171)) - Moving container #2 to QUASI_CLOSED state, datanode c2c6407b-784c-4e4b-bc36-d8006e9d82c2{ip: 192.168.34.53, host: pr-hdds-2515-logtostringformatter-dwl4z-3795388632, networkLocation: /default-rack, certSerialId: null} reported QUASI_CLOSED replica.
2019-11-15 22:00:01,917 [grpc-default-executor-0] INFO  interfaces.Container (KeyValueContainer.java:flushAndSyncDB(400)) - Container 3 is synced with bcsId 39.
2019-11-15 22:00:01,917 [grpc-default-executor-0] INFO  interfaces.Container (KeyValueContainer.java:flushAndSyncDB(400)) - Container 3 is synced with bcsId 39.
2019-11-15 22:00:01,925 [EventQueue-IncrementalContainerReportForIncrementalContainerReportHandler] INFO  container.IncrementalContainerReportHandler (AbstractContainerReportHandler.java:updateContainerState(171)) - Moving container #3 to QUASI_CLOSED state, datanode c2c6407b-784c-4e4b-bc36-d8006e9d82c2{ip: 192.168.34.53, host: pr-hdds-2515-logtostringformatter-dwl4z-3795388632, networkLocation: /default-rack, certSerialId: null} reported QUASI_CLOSED replica.
2019-11-15 22:00:01,932 [grpc-default-executor-0] INFO  impl.RaftServerProxy (RaftServerProxy.java:remove(95)) - 7bddf562-1f00-4607-a353-a19b68c8d3ee: remove  FOLLOWER 7bddf562-1f00-4607-a353-a19b68c8d3ee@group-96B0A77FA363:t1, leader=161f52f7-f736-41b9-9c3d-dd314a5b9569, voted=7bddf562-1f00-4607-a353-a19b68c8d3ee, raftlog=7bddf562-1f00-4607-a353-a19b68c8d3ee@group-96B0A77FA363-SegmentedRaftLog:OPENED:c75,f75,i75, conf=0: [c2c6407b-784c-4e4b-bc36-d8006e9d82c2:192.168.34.53:33375, 161f52f7-f736-41b9-9c3d-dd314a5b9569:192.168.34.53:32784, 7bddf562-1f00-4607-a353-a19b68c8d3ee:192.168.34.53:44886], old=null RUNNING
2019-11-15 22:00:01,933 [grpc-default-executor-0] INFO  impl.RaftServerImpl (RaftServerImpl.java:lambda$shutdown$3(250)) - 7bddf562-1f00-4607-a353-a19b68c8d3ee@group-96B0A77FA363: shutdown
2019-11-15 22:00:01,933 [grpc-default-executor-0] INFO  util.JmxRegister (JmxRegister.java:unregister(73)) - Successfully un-registered JMX Bean with object name Ratis:service=RaftServer,group=group-96B0A77FA363,id=7bddf562-1f00-4607-a353-a19b68c8d3ee
2019-11-15 22:00:01,933 [grpc-default-executor-0] INFO  impl.RoleInfo (RoleInfo.java:shutdownFollowerState(121)) - 7bddf562-1f00-4607-a353-a19b68c8d3ee: shutdown FollowerState
2019-11-15 22:00:01,933 [grpc-default-executor-0] INFO  impl.StateMachineUpdater (StateMachineUpdater.java:stopAndJoin(136)) - 7bddf562-1f00-4607-a353-a19b68c8d3ee@group-96B0A77FA363-StateMachineUpdater: set stopIndex = 75
2019-11-15 22:00:01,933 [Thread-235] INFO  impl.FollowerState (FollowerState.java:run(120)) - 7bddf562-1f00-4607-a353-a19b68c8d3ee@group-96B0A77FA363-FollowerState was interrupted: java.lang.InterruptedException: sleep interrupted
2019-11-15 22:00:01,933 [7bddf562-1f00-4607-a353-a19b68c8d3ee@group-96B0A77FA363-StateMachineUpdater] INFO  ratis.ContainerStateMachine (ContainerStateMachine.java:takeSnapshot(285)) - group-96B0A77FA363: Taking a snapshot at:(t:1, i:73) file /workdir/hadoop-ozone/tools/target/test-dir/MiniOzoneClusterImpl-95de1c25-f016-473e-a03a-279cab8467aa/datanode-0/data/ratis/b4d98f08-feb4-4dcc-8377-96b0a77fa363/sm/snapshot.1_73
2019-11-15 22:00:01,938 [7bddf562-1f00-4607-a353-a19b68c8d3ee@group-96B0A77FA363-StateMachineUpdater] INFO  ratis.ContainerStateMachine (ContainerStateMachine.java:takeSnapshot(296)) - group-96B0A77FA363: Finished taking a snapshot at:(t:1, i:73) file:/workdir/hadoop-ozone/tools/target/test-dir/MiniOzoneClusterImpl-95de1c25-f016-473e-a03a-279cab8467aa/datanode-0/data/ratis/b4d98f08-feb4-4dcc-8377-96b0a77fa363/sm/snapshot.1_73 time:5
2019-11-15 22:00:01,938 [7bddf562-1f00-4607-a353-a19b68c8d3ee@group-96B0A77FA363-StateMachineUpdater] INFO  impl.StateMachineUpdater (StateMachineUpdater.java:takeSnapshot(269)) - 7bddf562-1f00-4607-a353-a19b68c8d3ee@group-96B0A77FA363-StateMachineUpdater: Took a snapshot at index 73
2019-11-15 22:00:01,938 [7bddf562-1f00-4607-a353-a19b68c8d3ee@group-96B0A77FA363-StateMachineUpdater] INFO  impl.StateMachineUpdater (StateMachineUpdater.java:lambda$new$0(84)) - 7bddf562-1f00-4607-a353-a19b68c8d3ee@group-96B0A77FA363-StateMachineUpdater: snapshotIndex: updateIncreasingly -1 -> 73
2019-11-15 22:00:01,939 [7bddf562-1f00-4607-a353-a19b68c8d3ee@group-96B0A77FA363-StateMachineUpdater] INFO  ratis.ContainerStateMachine (ContainerStateMachine.java:takeSnapshot(285)) - group-96B0A77FA363: Taking a snapshot at:(t:1, i:73) file /workdir/hadoop-ozone/tools/target/test-dir/MiniOzoneClusterImpl-95de1c25-f016-473e-a03a-279cab8467aa/datanode-0/data/ratis/b4d98f08-feb4-4dcc-8377-96b0a77fa363/sm/snapshot.1_73
2019-11-15 22:00:01,942 [7bddf562-1f00-4607-a353-a19b68c8d3ee@group-96B0A77FA363-StateMachineUpdater] INFO  ratis.ContainerStateMachine (ContainerStateMachine.java:takeSnapshot(296)) - group-96B0A77FA363: Finished taking a snapshot at:(t:1, i:73) file:/workdir/hadoop-ozone/tools/target/test-dir/MiniOzoneClusterImpl-95de1c25-f016-473e-a03a-279cab8467aa/datanode-0/data/ratis/b4d98f08-feb4-4dcc-8377-96b0a77fa363/sm/snapshot.1_73 time:3
2019-11-15 22:00:01,942 [7bddf562-1f00-4607-a353-a19b68c8d3ee@group-96B0A77FA363-StateMachineUpdater] INFO  impl.StateMachineUpdater (StateMachineUpdater.java:takeSnapshot(269)) - 7bddf562-1f00-4607-a353-a19b68c8d3ee@group-96B0A77FA363-StateMachineUpdater: Took a snapshot at index 73
2019-11-15 22:00:01,942 [7bddf562-1f00-4607-a353-a19b68c8d3ee@group-96B0A77FA363-StateMachineUpdater] INFO  impl.StateMachineUpdater (StateMachineUpdater.java:lambda$new$0(84)) - 7bddf562-1f00-4607-a353-a19b68c8d3ee@group-96B0A77FA363-StateMachineUpdater: snapshotIndex: updateIncreasingly 73 -> 73
2019-11-15 22:00:01,942 [grpc-default-executor-0] INFO  impl.RaftServerImpl (ServerState.java:close(387)) - 7bddf562-1f00-4607-a353-a19b68c8d3ee@group-96B0A77FA363: closes. applyIndex: 75
2019-11-15 22:00:01,942 [7bddf562-1f00-4607-a353-a19b68c8d3ee@group-96B0A77FA363-SegmentedRaftLogWorker] INFO  segmented.SegmentedRaftLogWorker (SegmentedRaftLogWorker.java:run(316)) - 7bddf562-1f00-4607-a353-a19b68c8d3ee@group-96B0A77FA363-SegmentedRaftLogWorker was interrupted, exiting. There are 0 tasks remaining in the queue.
2019-11-15 22:00:01,944 [grpc-default-executor-0] INFO  segmented.SegmentedRaftLogWorker (SegmentedRaftLogWorker.java:close(224)) - 7bddf562-1f00-4607-a353-a19b68c8d3ee@group-96B0A77FA363-SegmentedRaftLogWorker close()
2019-11-15 22:00:01,955 [grpc-default-executor-0] INFO  interfaces.Container (KeyValueContainer.java:flushAndSyncDB(400)) - Container 1 is synced with bcsId 57.
2019-11-15 22:00:01,956 [grpc-default-executor-0] INFO  interfaces.Container (KeyValueContainer.java:flushAndSyncDB(400)) - Container 1 is synced with bcsId 57.
2019-11-15 22:00:01,971 [grpc-default-executor-0] INFO  interfaces.Container (KeyValueContainer.java:flushAndSyncDB(400)) - Container 2 is synced with bcsId 73.
2019-11-15 22:00:01,971 [grpc-default-executor-0] INFO  interfaces.Container (KeyValueContainer.java:flushAndSyncDB(400)) - Container 2 is synced with bcsId 73.
2019-11-15 22:00:01,997 [grpc-default-executor-0] INFO  interfaces.Container (KeyValueContainer.java:flushAndSyncDB(400)) - Container 3 is synced with bcsId 39.
2019-11-15 22:00:01,998 [grpc-default-executor-0] INFO  interfaces.Container (KeyValueContainer.java:flushAndSyncDB(400)) - Container 3 is synced with bcsId 39.
2019-11-15 22:00:02,013 [grpc-default-executor-0] INFO  impl.RaftServerProxy (RaftServerProxy.java:remove(95)) - 161f52f7-f736-41b9-9c3d-dd314a5b9569: remove    LEADER 161f52f7-f736-41b9-9c3d-dd314a5b9569@group-96B0A77FA363:t1, leader=161f52f7-f736-41b9-9c3d-dd314a5b9569, voted=161f52f7-f736-41b9-9c3d-dd314a5b9569, raftlog=161f52f7-f736-41b9-9c3d-dd314a5b9569@group-96B0A77FA363-SegmentedRaftLog:OPENED:c75,f75,i75, conf=0: [c2c6407b-784c-4e4b-bc36-d8006e9d82c2:192.168.34.53:33375, 161f52f7-f736-41b9-9c3d-dd314a5b9569:192.168.34.53:32784, 7bddf562-1f00-4607-a353-a19b68c8d3ee:192.168.34.53:44886], old=null RUNNING
2019-11-15 22:00:02,014 [grpc-default-executor-0] INFO  impl.RaftServerImpl (RaftServerImpl.java:lambda$shutdown$3(250)) - 161f52f7-f736-41b9-9c3d-dd314a5b9569@group-96B0A77FA363: shutdown
2019-11-15 22:00:02,014 [grpc-default-executor-0] INFO  util.JmxRegister (JmxRegister.java:unregister(73)) - Successfully un-registered JMX Bean with object name Ratis:service=RaftServer,group=group-96B0A77FA363,id=161f52f7-f736-41b9-9c3d-dd314a5b9569
2019-11-15 22:00:02,014 [grpc-default-executor-0] INFO  impl.RoleInfo (RoleInfo.java:shutdownLeaderState(104)) - 161f52f7-f736-41b9-9c3d-dd314a5b9569: shutdown LeaderState
2019-11-15 22:00:02,016 [grpc-default-executor-0] INFO  impl.PendingRequests (PendingRequests.java:sendNotLeaderResponses(206)) - 161f52f7-f736-41b9-9c3d-dd314a5b9569@group-96B0A77FA363-PendingRequests: sendNotLeaderResponses
2019-11-15 22:00:02,016 [org.apache.ratis.server.impl.LogAppender$AppenderDaemon$$Lambda$430/1620317177@109a6eac] WARN  server.GrpcLogAppender (GrpcLogAppender.java:mayWait(151)) - 161f52f7-f736-41b9-9c3d-dd314a5b9569@group-96B0A77FA363->c2c6407b-784c-4e4b-bc36-d8006e9d82c2-GrpcLogAppender: Wait interrupted by java.lang.InterruptedException
2019-11-15 22:00:02,016 [org.apache.ratis.server.impl.LogAppender$AppenderDaemon$$Lambda$430/1620317177@7a0e4243] WARN  server.GrpcLogAppender (GrpcLogAppender.java:mayWait(151)) - 161f52f7-f736-41b9-9c3d-dd314a5b9569@group-96B0A77FA363->7bddf562-1f00-4607-a353-a19b68c8d3ee-GrpcLogAppender: Wait interrupted by java.lang.InterruptedException
2019-11-15 22:00:02,022 [grpc-default-executor-0] INFO  impl.StateMachineUpdater (StateMachineUpdater.java:stopAndJoin(136)) - 161f52f7-f736-41b9-9c3d-dd314a5b9569@group-96B0A77FA363-StateMachineUpdater: set stopIndex = 75
2019-11-15 22:00:02,022 [161f52f7-f736-41b9-9c3d-dd314a5b9569@group-96B0A77FA363-StateMachineUpdater] INFO  ratis.ContainerStateMachine (ContainerStateMachine.java:takeSnapshot(285)) - group-96B0A77FA363: Taking a snapshot at:(t:1, i:73) file /workdir/hadoop-ozone/tools/target/test-dir/MiniOzoneClusterImpl-95de1c25-f016-473e-a03a-279cab8467aa/datanode-2/data/ratis/b4d98f08-feb4-4dcc-8377-96b0a77fa363/sm/snapshot.1_73
2019-11-15 22:00:02,023 [grpc-default-executor-1] INFO  server.GrpcServerProtocolService (GrpcServerProtocolService.java:onCompleted(113)) - 7bddf562-1f00-4607-a353-a19b68c8d3ee: Completed APPEND_ENTRIES, lastRequest: 161f52f7-f736-41b9-9c3d-dd314a5b9569->7bddf562-1f00-4607-a353-a19b68c8d3ee#78-t1, previous=(t:1, i:75), leaderCommit=75, initializing? false, entries: <empty>
2019-11-15 22:00:02,023 [grpc-default-executor-4] INFO  server.GrpcServerProtocolService (GrpcServerProtocolService.java:onCompleted(113)) - c2c6407b-784c-4e4b-bc36-d8006e9d82c2: Completed APPEND_ENTRIES, lastRequest: 161f52f7-f736-41b9-9c3d-dd314a5b9569->c2c6407b-784c-4e4b-bc36-d8006e9d82c2#78-t1, previous=(t:1, i:75), leaderCommit=75, initializing? false, entries: <empty>
2019-11-15 22:00:02,024 [grpc-default-executor-1] INFO  server.GrpcLogAppender (GrpcLogAppender.java:onCompleted(308)) - 161f52f7-f736-41b9-9c3d-dd314a5b9569@group-96B0A77FA363->7bddf562-1f00-4607-a353-a19b68c8d3ee-AppendLogResponseHandler: follower responses appendEntries COMPLETED
2019-11-15 22:00:02,025 [grpc-default-executor-2] INFO  server.GrpcLogAppender (GrpcLogAppender.java:onCompleted(308)) - 161f52f7-f736-41b9-9c3d-dd314a5b9569@group-96B0A77FA363->c2c6407b-784c-4e4b-bc36-d8006e9d82c2-AppendLogResponseHandler: follower responses appendEntries COMPLETED
2019-11-15 22:00:02,026 [161f52f7-f736-41b9-9c3d-dd314a5b9569@group-96B0A77FA363-StateMachineUpdater] INFO  ratis.ContainerStateMachine (ContainerStateMachine.java:takeSnapshot(296)) - group-96B0A77FA363: Finished taking a snapshot at:(t:1, i:73) file:/workdir/hadoop-ozone/tools/target/test-dir/MiniOzoneClusterImpl-95de1c25-f016-473e-a03a-279cab8467aa/datanode-2/data/ratis/b4d98f08-feb4-4dcc-8377-96b0a77fa363/sm/snapshot.1_73 time:3
2019-11-15 22:00:02,026 [161f52f7-f736-41b9-9c3d-dd314a5b9569@group-96B0A77FA363-StateMachineUpdater] INFO  impl.StateMachineUpdater (StateMachineUpdater.java:takeSnapshot(269)) - 161f52f7-f736-41b9-9c3d-dd314a5b9569@group-96B0A77FA363-StateMachineUpdater: Took a snapshot at index 73
2019-11-15 22:00:02,026 [161f52f7-f736-41b9-9c3d-dd314a5b9569@group-96B0A77FA363-StateMachineUpdater] INFO  impl.StateMachineUpdater (StateMachineUpdater.java:lambda$new$0(84)) - 161f52f7-f736-41b9-9c3d-dd314a5b9569@group-96B0A77FA363-StateMachineUpdater: snapshotIndex: updateIncreasingly -1 -> 73
2019-11-15 22:00:02,026 [161f52f7-f736-41b9-9c3d-dd314a5b9569@group-96B0A77FA363-StateMachineUpdater] INFO  ratis.ContainerStateMachine (ContainerStateMachine.java:takeSnapshot(285)) - group-96B0A77FA363: Taking a snapshot at:(t:1, i:73) file /workdir/hadoop-ozone/tools/target/test-dir/MiniOzoneClusterImpl-95de1c25-f016-473e-a03a-279cab8467aa/datanode-2/data/ratis/b4d98f08-feb4-4dcc-8377-96b0a77fa363/sm/snapshot.1_73
2019-11-15 22:00:02,028 [grpc-default-executor-2] INFO  impl.FollowerInfo (FollowerInfo.java:lambda$new$0(51)) - 161f52f7-f736-41b9-9c3d-dd314a5b9569@group-96B0A77FA363->c2c6407b-784c-4e4b-bc36-d8006e9d82c2: nextIndex: updateUnconditionally 76 -> 75
2019-11-15 22:00:02,028 [grpc-default-executor-1] INFO  impl.FollowerInfo (FollowerInfo.java:lambda$new$0(51)) - 161f52f7-f736-41b9-9c3d-dd314a5b9569@group-96B0A77FA363->7bddf562-1f00-4607-a353-a19b68c8d3ee: nextIndex: updateUnconditionally 76 -> 75
2019-11-15 22:00:02,030 [161f52f7-f736-41b9-9c3d-dd314a5b9569@group-96B0A77FA363-StateMachineUpdater] INFO  ratis.ContainerStateMachine (ContainerStateMachine.java:takeSnapshot(296)) - group-96B0A77FA363: Finished taking a snapshot at:(t:1, i:73) file:/workdir/hadoop-ozone/tools/target/test-dir/MiniOzoneClusterImpl-95de1c25-f016-473e-a03a-279cab8467aa/datanode-2/data/ratis/b4d98f08-feb4-4dcc-8377-96b0a77fa363/sm/snapshot.1_73 time:3
2019-11-15 22:00:02,030 [161f52f7-f736-41b9-9c3d-dd314a5b9569@group-96B0A77FA363-StateMachineUpdater] INFO  impl.StateMachineUpdater (StateMachineUpdater.java:takeSnapshot(269)) - 161f52f7-f736-41b9-9c3d-dd314a5b9569@group-96B0A77FA363-StateMachineUpdater: Took a snapshot at index 73
2019-11-15 22:00:02,030 [161f52f7-f736-41b9-9c3d-dd314a5b9569@group-96B0A77FA363-StateMachineUpdater] INFO  impl.StateMachineUpdater (StateMachineUpdater.java:lambda$new$0(84)) - 161f52f7-f736-41b9-9c3d-dd314a5b9569@group-96B0A77FA363-StateMachineUpdater: snapshotIndex: updateIncreasingly 73 -> 73
2019-11-15 22:00:02,030 [grpc-default-executor-0] INFO  impl.RaftServerImpl (ServerState.java:close(387)) - 161f52f7-f736-41b9-9c3d-dd314a5b9569@group-96B0A77FA363: closes. applyIndex: 75
2019-11-15 22:00:02,030 [161f52f7-f736-41b9-9c3d-dd314a5b9569@group-96B0A77FA363-SegmentedRaftLogWorker] INFO  segmented.SegmentedRaftLogWorker (SegmentedRaftLogWorker.java:run(316)) - 161f52f7-f736-41b9-9c3d-dd314a5b9569@group-96B0A77FA363-SegmentedRaftLogWorker was interrupted, exiting. There are 0 tasks remaining in the queue.
2019-11-15 22:00:02,032 [grpc-default-executor-0] INFO  segmented.SegmentedRaftLogWorker (SegmentedRaftLogWorker.java:close(224)) - 161f52f7-f736-41b9-9c3d-dd314a5b9569@group-96B0A77FA363-SegmentedRaftLogWorker close()
2019-11-15 22:00:02,044 [grpc-default-executor-0] INFO  interfaces.Container (KeyValueContainer.java:flushAndSyncDB(400)) - Container 1 is synced with bcsId 57.
2019-11-15 22:00:02,045 [grpc-default-executor-0] INFO  interfaces.Container (KeyValueContainer.java:flushAndSyncDB(400)) - Container 1 is synced with bcsId 57.
2019-11-15 22:00:02,075 [grpc-default-executor-0] INFO  interfaces.Container (KeyValueContainer.java:flushAndSyncDB(400)) - Container 2 is synced with bcsId 73.
2019-11-15 22:00:02,075 [grpc-default-executor-0] INFO  interfaces.Container (KeyValueContainer.java:flushAndSyncDB(400)) - Container 2 is synced with bcsId 73.
2019-11-15 22:00:02,127 [grpc-default-executor-0] INFO  interfaces.Container (KeyValueContainer.java:flushAndSyncDB(400)) - Container 3 is synced with bcsId 39.
2019-11-15 22:00:02,127 [grpc-default-executor-0] INFO  interfaces.Container (KeyValueContainer.java:flushAndSyncDB(400)) - Container 3 is synced with bcsId 39.
2019-11-15 22:00:02,146 [main] INFO  pipeline.PipelineStateManager (PipelineStateManager.java:removePipeline(106)) - Pipeline Pipeline[ Id: b4d98f08-feb4-4dcc-8377-96b0a77fa363, Nodes: c2c6407b-784c-4e4b-bc36-d8006e9d82c2{ip: 192.168.34.53, host: pr-hdds-2515-logtostringformatter-dwl4z-3795388632, networkLocation: /default-rack, certSerialId: null}7bddf562-1f00-4607-a353-a19b68c8d3ee{ip: 192.168.34.53, host: pr-hdds-2515-logtostringformatter-dwl4z-3795388632, networkLocation: /default-rack, certSerialId: null}161f52f7-f736-41b9-9c3d-dd314a5b9569{ip: 192.168.34.53, host: pr-hdds-2515-logtostringformatter-dwl4z-3795388632, networkLocation: /default-rack, certSerialId: null}, Type:RATIS, Factor:THREE, State:CLOSED] removed from db
2019-11-15 22:00:02,156 [grpc-default-executor-0] INFO  impl.RaftServerProxy (RaftServerProxy.java:addNew(89)) - 7bddf562-1f00-4607-a353-a19b68c8d3ee: addNew group-069FDA605C01:[c2c6407b-784c-4e4b-bc36-d8006e9d82c2:192.168.34.53:33375, 161f52f7-f736-41b9-9c3d-dd314a5b9569:192.168.34.53:32784, 7bddf562-1f00-4607-a353-a19b68c8d3ee:192.168.34.53:44886] returns group-069FDA605C01:java.util.concurrent.CompletableFuture@414c4635[Not completed]
2019-11-15 22:00:02,156 [grpc-default-executor-2] INFO  impl.RaftServerProxy (RaftServerProxy.java:addNew(89)) - c2c6407b-784c-4e4b-bc36-d8006e9d82c2: addNew group-069FDA605C01:[c2c6407b-784c-4e4b-bc36-d8006e9d82c2:192.168.34.53:33375, 161f52f7-f736-41b9-9c3d-dd314a5b9569:192.168.34.53:32784, 7bddf562-1f00-4607-a353-a19b68c8d3ee:192.168.34.53:44886] returns group-069FDA605C01:java.util.concurrent.CompletableFuture@30c4779d[Not completed]
2019-11-15 22:00:02,156 [grpc-default-executor-1] INFO  impl.RaftServerProxy (RaftServerProxy.java:addNew(89)) - 161f52f7-f736-41b9-9c3d-dd314a5b9569: addNew group-069FDA605C01:[c2c6407b-784c-4e4b-bc36-d8006e9d82c2:192.168.34.53:33375, 161f52f7-f736-41b9-9c3d-dd314a5b9569:192.168.34.53:32784, 7bddf562-1f00-4607-a353-a19b68c8d3ee:192.168.34.53:44886] returns group-069FDA605C01:java.util.concurrent.CompletableFuture@4dc150df[Not completed]
2019-11-15 22:00:02,159 [pool-47-thread-1] INFO  impl.RaftServerImpl (RaftServerImpl.java:<init>(98)) - 161f52f7-f736-41b9-9c3d-dd314a5b9569: new RaftServerImpl for group-069FDA605C01:[c2c6407b-784c-4e4b-bc36-d8006e9d82c2:192.168.34.53:33375, 161f52f7-f736-41b9-9c3d-dd314a5b9569:192.168.34.53:32784, 7bddf562-1f00-4607-a353-a19b68c8d3ee:192.168.34.53:44886] with ContainerStateMachine:uninitialized
2019-11-15 22:00:02,159 [pool-47-thread-1] INFO  server.RaftServerConfigKeys (ConfUtils.java:logGet(43)) - raft.server.rpc.timeout.min = 5s (custom)
2019-11-15 22:00:02,159 [pool-47-thread-1] INFO  server.RaftServerConfigKeys (ConfUtils.java:logGet(43)) - raft.server.rpc.timeout.max = 5200ms (custom)
2019-11-15 22:00:02,159 [pool-47-thread-1] INFO  server.RaftServerConfigKeys (ConfUtils.java:logGet(43)) - raft.server.rpcslowness.timeout = 120s (custom)
2019-11-15 22:00:02,159 [pool-47-thread-1] INFO  server.RaftServerConfigKeys (ConfUtils.java:logGet(43)) - raft.server.sleep.deviation.threshold = 300 (default)
2019-11-15 22:00:02,159 [pool-47-thread-1] INFO  server.RaftServerConfigKeys (ConfUtils.java:logGet(43)) - raft.server.log.appender.install.snapshot.enabled = false (custom)
2019-11-15 22:00:02,159 [pool-47-thread-1] INFO  impl.RaftServerImpl (ServerState.java:<init>(103)) - 161f52f7-f736-41b9-9c3d-dd314a5b9569@group-069FDA605C01: ConfigurationManager, init=-1: [c2c6407b-784c-4e4b-bc36-d8006e9d82c2:192.168.34.53:33375, 161f52f7-f736-41b9-9c3d-dd314a5b9569:192.168.34.53:32784, 7bddf562-1f00-4607-a353-a19b68c8d3ee:192.168.34.53:44886], old=null, confs=<EMPTY_MAP>
2019-11-15 22:00:02,160 [pool-47-thread-1] INFO  server.RaftServerConfigKeys (ConfUtils.java:logGet(43)) - raft.server.storage.dir = [/workdir/hadoop-ozone/tools/target/test-dir/MiniOzoneClusterImpl-95de1c25-f016-473e-a03a-279cab8467aa/datanode-2/data/ratis] (custom)
2019-11-15 22:00:02,160 [pool-47-thread-1] INFO  server.RaftServerConfigKeys (ConfUtils.java:logGet(43)) - raft.server.log.corruption.policy = EXCEPTION (default)
2019-11-15 22:00:02,160 [pool-47-thread-1] INFO  storage.RaftStorageDirectory (RaftStorageDirectory.java:analyzeStorage(246)) - The storage directory /workdir/hadoop-ozone/tools/target/test-dir/MiniOzoneClusterImpl-95de1c25-f016-473e-a03a-279cab8467aa/datanode-2/data/ratis/b2b60ede-b66d-4e95-9094-069fda605c01 does not exist. Creating ...
2019-11-15 22:00:02,160 [pool-27-thread-1] INFO  impl.RaftServerImpl (RaftServerImpl.java:<init>(98)) - 7bddf562-1f00-4607-a353-a19b68c8d3ee: new RaftServerImpl for group-069FDA605C01:[c2c6407b-784c-4e4b-bc36-d8006e9d82c2:192.168.34.53:33375, 161f52f7-f736-41b9-9c3d-dd314a5b9569:192.168.34.53:32784, 7bddf562-1f00-4607-a353-a19b68c8d3ee:192.168.34.53:44886] with ContainerStateMachine:uninitialized
2019-11-15 22:00:02,160 [pool-27-thread-1] INFO  server.RaftServerConfigKeys (ConfUtils.java:logGet(43)) - raft.server.rpc.timeout.min = 5s (custom)
2019-11-15 22:00:02,160 [pool-27-thread-1] INFO  server.RaftServerConfigKeys (ConfUtils.java:logGet(43)) - raft.server.rpc.timeout.max = 5200ms (custom)
2019-11-15 22:00:02,160 [pool-37-thread-1] INFO  impl.RaftServerImpl (RaftServerImpl.java:<init>(98)) - c2c6407b-784c-4e4b-bc36-d8006e9d82c2: new RaftServerImpl for group-069FDA605C01:[c2c6407b-784c-4e4b-bc36-d8006e9d82c2:192.168.34.53:33375, 161f52f7-f736-41b9-9c3d-dd314a5b9569:192.168.34.53:32784, 7bddf562-1f00-4607-a353-a19b68c8d3ee:192.168.34.53:44886] with ContainerStateMachine:uninitialized
2019-11-15 22:00:02,161 [pool-27-thread-1] INFO  server.RaftServerConfigKeys (ConfUtils.java:logGet(43)) - raft.server.rpcslowness.timeout = 120s (custom)
2019-11-15 22:00:02,161 [pool-37-thread-1] INFO  server.RaftServerConfigKeys (ConfUtils.java:logGet(43)) - raft.server.rpc.timeout.min = 5s (custom)
2019-11-15 22:00:02,161 [pool-27-thread-1] INFO  server.RaftServerConfigKeys (ConfUtils.java:logGet(43)) - raft.server.sleep.deviation.threshold = 300 (default)
2019-11-15 22:00:02,161 [pool-37-thread-1] INFO  server.RaftServerConfigKeys (ConfUtils.java:logGet(43)) - raft.server.rpc.timeout.max = 5200ms (custom)
2019-11-15 22:00:02,161 [pool-27-thread-1] INFO  server.RaftServerConfigKeys (ConfUtils.java:logGet(43)) - raft.server.log.appender.install.snapshot.enabled = false (custom)
2019-11-15 22:00:02,161 [pool-37-thread-1] INFO  server.RaftServerConfigKeys (ConfUtils.java:logGet(43)) - raft.server.rpcslowness.timeout = 120s (custom)
2019-11-15 22:00:02,161 [pool-27-thread-1] INFO  impl.RaftServerImpl (ServerState.java:<init>(103)) - 7bddf562-1f00-4607-a353-a19b68c8d3ee@group-069FDA605C01: ConfigurationManager, init=-1: [c2c6407b-784c-4e4b-bc36-d8006e9d82c2:192.168.34.53:33375, 161f52f7-f736-41b9-9c3d-dd314a5b9569:192.168.34.53:32784, 7bddf562-1f00-4607-a353-a19b68c8d3ee:192.168.34.53:44886], old=null, confs=<EMPTY_MAP>
2019-11-15 22:00:02,161 [pool-37-thread-1] INFO  server.RaftServerConfigKeys (ConfUtils.java:logGet(43)) - raft.server.sleep.deviation.threshold = 300 (default)
2019-11-15 22:00:02,161 [pool-37-thread-1] INFO  server.RaftServerConfigKeys (ConfUtils.java:logGet(43)) - raft.server.log.appender.install.snapshot.enabled = false (custom)
2019-11-15 22:00:02,161 [pool-27-thread-1] INFO  server.RaftServerConfigKeys (ConfUtils.java:logGet(43)) - raft.server.storage.dir = [/workdir/hadoop-ozone/tools/target/test-dir/MiniOzoneClusterImpl-95de1c25-f016-473e-a03a-279cab8467aa/datanode-0/data/ratis] (custom)
2019-11-15 22:00:02,162 [pool-37-thread-1] INFO  impl.RaftServerImpl (ServerState.java:<init>(103)) - c2c6407b-784c-4e4b-bc36-d8006e9d82c2@group-069FDA605C01: ConfigurationManager, init=-1: [c2c6407b-784c-4e4b-bc36-d8006e9d82c2:192.168.34.53:33375, 161f52f7-f736-41b9-9c3d-dd314a5b9569:192.168.34.53:32784, 7bddf562-1f00-4607-a353-a19b68c8d3ee:192.168.34.53:44886], old=null, confs=<EMPTY_MAP>
2019-11-15 22:00:02,162 [pool-37-thread-1] INFO  server.RaftServerConfigKeys (ConfUtils.java:logGet(43)) - raft.server.storage.dir = [/workdir/hadoop-ozone/tools/target/test-dir/MiniOzoneClusterImpl-95de1c25-f016-473e-a03a-279cab8467aa/datanode-1/data/ratis] (custom)
2019-11-15 22:00:02,162 [pool-27-thread-1] INFO  server.RaftServerConfigKeys (ConfUtils.java:logGet(43)) - raft.server.log.corruption.policy = EXCEPTION (default)
2019-11-15 22:00:02,162 [pool-37-thread-1] INFO  server.RaftServerConfigKeys (ConfUtils.java:logGet(43)) - raft.server.log.corruption.policy = EXCEPTION (default)
2019-11-15 22:00:02,162 [pool-37-thread-1] INFO  storage.RaftStorageDirectory (RaftStorageDirectory.java:analyzeStorage(246)) - The storage directory /workdir/hadoop-ozone/tools/target/test-dir/MiniOzoneClusterImpl-95de1c25-f016-473e-a03a-279cab8467aa/datanode-1/data/ratis/b2b60ede-b66d-4e95-9094-069fda605c01 does not exist. Creating ...
2019-11-15 22:00:02,162 [pool-27-thread-1] INFO  storage.RaftStorageDirectory (RaftStorageDirectory.java:analyzeStorage(246)) - The storage directory /workdir/hadoop-ozone/tools/target/test-dir/MiniOzoneClusterImpl-95de1c25-f016-473e-a03a-279cab8467aa/datanode-0/data/ratis/b2b60ede-b66d-4e95-9094-069fda605c01 does not exist. Creating ...
2019-11-15 22:00:02,173 [pool-37-thread-1] INFO  storage.RaftStorageDirectory (RaftStorageDirectory.java:tryLock(328)) - Lock on /workdir/hadoop-ozone/tools/target/test-dir/MiniOzoneClusterImpl-95de1c25-f016-473e-a03a-279cab8467aa/datanode-1/data/ratis/b2b60ede-b66d-4e95-9094-069fda605c01/in_use.lock acquired by nodename 13872@pr-hdds-2515-logtostringformatter-dwl4z-3795388632
2019-11-15 22:00:02,173 [pool-47-thread-1] INFO  storage.RaftStorageDirectory (RaftStorageDirectory.java:tryLock(328)) - Lock on /workdir/hadoop-ozone/tools/target/test-dir/MiniOzoneClusterImpl-95de1c25-f016-473e-a03a-279cab8467aa/datanode-2/data/ratis/b2b60ede-b66d-4e95-9094-069fda605c01/in_use.lock acquired by nodename 13872@pr-hdds-2515-logtostringformatter-dwl4z-3795388632
2019-11-15 22:00:02,173 [pool-27-thread-1] INFO  storage.RaftStorageDirectory (RaftStorageDirectory.java:tryLock(328)) - Lock on /workdir/hadoop-ozone/tools/target/test-dir/MiniOzoneClusterImpl-95de1c25-f016-473e-a03a-279cab8467aa/datanode-0/data/ratis/b2b60ede-b66d-4e95-9094-069fda605c01/in_use.lock acquired by nodename 13872@pr-hdds-2515-logtostringformatter-dwl4z-3795388632
2019-11-15 22:00:02,187 [pool-37-thread-1] INFO  storage.RaftStorage (RaftStorage.java:format(84)) - Storage directory /workdir/hadoop-ozone/tools/target/test-dir/MiniOzoneClusterImpl-95de1c25-f016-473e-a03a-279cab8467aa/datanode-1/data/ratis/b2b60ede-b66d-4e95-9094-069fda605c01 has been successfully formatted.
2019-11-15 22:00:02,187 [pool-47-thread-1] INFO  storage.RaftStorage (RaftStorage.java:format(84)) - Storage directory /workdir/hadoop-ozone/tools/target/test-dir/MiniOzoneClusterImpl-95de1c25-f016-473e-a03a-279cab8467aa/datanode-2/data/ratis/b2b60ede-b66d-4e95-9094-069fda605c01 has been successfully formatted.
2019-11-15 22:00:02,187 [pool-27-thread-1] INFO  storage.RaftStorage (RaftStorage.java:format(84)) - Storage directory /workdir/hadoop-ozone/tools/target/test-dir/MiniOzoneClusterImpl-95de1c25-f016-473e-a03a-279cab8467aa/datanode-0/data/ratis/b2b60ede-b66d-4e95-9094-069fda605c01 has been successfully formatted.
2019-11-15 22:00:02,187 [pool-47-thread-1] INFO  ratis.ContainerStateMachine (ContainerStateMachine.java:loadSnapshot(223)) - group-069FDA605C01: The snapshot info is null. Setting the last applied indexto:(t:0, i:~)
2019-11-15 22:00:02,187 [pool-37-thread-1] INFO  ratis.ContainerStateMachine (ContainerStateMachine.java:loadSnapshot(223)) - group-069FDA605C01: The snapshot info is null. Setting the last applied indexto:(t:0, i:~)
2019-11-15 22:00:02,188 [pool-27-thread-1] INFO  ratis.ContainerStateMachine (ContainerStateMachine.java:loadSnapshot(223)) - group-069FDA605C01: The snapshot info is null. Setting the last applied indexto:(t:0, i:~)
2019-11-15 22:00:02,188 [pool-47-thread-1] INFO  server.RaftServerConfigKeys (ConfUtils.java:logGet(43)) - raft.server.notification.no-leader.timeout = 120s (custom)
2019-11-15 22:00:02,188 [pool-27-thread-1] INFO  server.RaftServerConfigKeys (ConfUtils.java:logGet(43)) - raft.server.notification.no-leader.timeout = 120s (custom)
2019-11-15 22:00:02,188 [pool-37-thread-1] INFO  server.RaftServerConfigKeys (ConfUtils.java:logGet(43)) - raft.server.notification.no-leader.timeout = 120s (custom)
2019-11-15 22:00:02,188 [pool-27-thread-1] INFO  server.RaftServerConfigKeys (ConfUtils.java:logGet(43)) - raft.server.log.use.memory = false (default)
2019-11-15 22:00:02,188 [pool-47-thread-1] INFO  server.RaftServerConfigKeys (ConfUtils.java:logGet(43)) - raft.server.log.use.memory = false (default)
2019-11-15 22:00:02,188 [pool-27-thread-1] INFO  server.RaftServerConfigKeys (ConfUtils.java:logGet(43)) - raft.server.log.purge.gap = 1000000 (custom)
2019-11-15 22:00:02,188 [pool-37-thread-1] INFO  server.RaftServerConfigKeys (ConfUtils.java:logGet(43)) - raft.server.log.use.memory = false (default)
2019-11-15 22:00:02,188 [pool-27-thread-1] INFO  server.RaftServerConfigKeys (ConfUtils.java:logGet(43)) - raft.server.log.appender.buffer.byte-limit = 33554432 (custom)
2019-11-15 22:00:02,188 [pool-47-thread-1] INFO  server.RaftServerConfigKeys (ConfUtils.java:logGet(43)) - raft.server.log.purge.gap = 1000000 (custom)
2019-11-15 22:00:02,188 [pool-27-thread-1] INFO  server.RaftServerConfigKeys (ConfUtils.java:logGet(43)) - raft.server.log.segment.size.max = 1048576 (custom)
2019-11-15 22:00:02,188 [pool-37-thread-1] INFO  server.RaftServerConfigKeys (ConfUtils.java:logGet(43)) - raft.server.log.purge.gap = 1000000 (custom)
2019-11-15 22:00:02,189 [pool-27-thread-1] INFO  server.RaftServerConfigKeys (ConfUtils.java:logGet(43)) - raft.server.log.segment.cache.num.max = 2 (custom)
2019-11-15 22:00:02,189 [pool-47-thread-1] INFO  server.RaftServerConfigKeys (ConfUtils.java:logGet(43)) - raft.server.log.appender.buffer.byte-limit = 33554432 (custom)
2019-11-15 22:00:02,189 [pool-27-thread-1] INFO  segmented.SegmentedRaftLogWorker (SegmentedRaftLogWorker.java:<init>(173)) - new 7bddf562-1f00-4607-a353-a19b68c8d3ee@group-069FDA605C01-SegmentedRaftLogWorker for RaftStorage:Storage Directory /workdir/hadoop-ozone/tools/target/test-dir/MiniOzoneClusterImpl-95de1c25-f016-473e-a03a-279cab8467aa/datanode-0/data/ratis/b2b60ede-b66d-4e95-9094-069fda605c01
2019-11-15 22:00:02,189 [pool-37-thread-1] INFO  server.RaftServerConfigKeys (ConfUtils.java:logGet(43)) - raft.server.log.appender.buffer.byte-limit = 33554432 (custom)
2019-11-15 22:00:02,189 [pool-27-thread-1] INFO  server.RaftServerConfigKeys (ConfUtils.java:logGet(43)) - raft.server.log.queue.byte-limit = 2147483647 (custom)
2019-11-15 22:00:02,189 [pool-47-thread-1] INFO  server.RaftServerConfigKeys (ConfUtils.java:logGet(43)) - raft.server.log.segment.size.max = 1048576 (custom)
2019-11-15 22:00:02,189 [pool-27-thread-1] INFO  server.RaftServerConfigKeys (ConfUtils.java:logGet(43)) - raft.server.log.queue.element-limit = 1024 (custom)
2019-11-15 22:00:02,189 [pool-37-thread-1] INFO  server.RaftServerConfigKeys (ConfUtils.java:logGet(43)) - raft.server.log.segment.size.max = 1048576 (custom)
2019-11-15 22:00:02,189 [pool-27-thread-1] INFO  server.RaftServerConfigKeys (ConfUtils.java:logGet(43)) - raft.server.log.segment.size.max = 1048576 (custom)
2019-11-15 22:00:02,189 [pool-47-thread-1] INFO  server.RaftServerConfigKeys (ConfUtils.java:logGet(43)) - raft.server.log.segment.cache.num.max = 2 (custom)
2019-11-15 22:00:02,189 [pool-27-thread-1] INFO  server.RaftServerConfigKeys (ConfUtils.java:logGet(43)) - raft.server.log.preallocated.size = 16384 (custom)
2019-11-15 22:00:02,189 [pool-37-thread-1] INFO  server.RaftServerConfigKeys (ConfUtils.java:logGet(43)) - raft.server.log.segment.cache.num.max = 2 (custom)
2019-11-15 22:00:02,190 [pool-27-thread-1] INFO  server.RaftServerConfigKeys (ConfUtils.java:logGet(43)) - raft.server.log.write.buffer.size = 33554432 (custom)
2019-11-15 22:00:02,190 [pool-27-thread-1] INFO  server.RaftServerConfigKeys (ConfUtils.java:logGet(43)) - raft.server.log.force.sync.num = 128 (default)
2019-11-15 22:00:02,190 [pool-47-thread-1] INFO  segmented.SegmentedRaftLogWorker (SegmentedRaftLogWorker.java:<init>(173)) - new 161f52f7-f736-41b9-9c3d-dd314a5b9569@group-069FDA605C01-SegmentedRaftLogWorker for RaftStorage:Storage Directory /workdir/hadoop-ozone/tools/target/test-dir/MiniOzoneClusterImpl-95de1c25-f016-473e-a03a-279cab8467aa/datanode-2/data/ratis/b2b60ede-b66d-4e95-9094-069fda605c01
2019-11-15 22:00:02,190 [pool-27-thread-1] INFO  server.RaftServerConfigKeys (ConfUtils.java:logGet(43)) - raft.server.log.statemachine.data.sync = true (default)
2019-11-15 22:00:02,190 [pool-37-thread-1] INFO  segmented.SegmentedRaftLogWorker (SegmentedRaftLogWorker.java:<init>(173)) - new c2c6407b-784c-4e4b-bc36-d8006e9d82c2@group-069FDA605C01-SegmentedRaftLogWorker for RaftStorage:Storage Directory /workdir/hadoop-ozone/tools/target/test-dir/MiniOzoneClusterImpl-95de1c25-f016-473e-a03a-279cab8467aa/datanode-1/data/ratis/b2b60ede-b66d-4e95-9094-069fda605c01
2019-11-15 22:00:02,190 [pool-27-thread-1] INFO  server.RaftServerConfigKeys (ConfUtils.java:logGet(43)) - raft.server.log.statemachine.data.sync.timeout = 10s (default)
2019-11-15 22:00:02,190 [pool-47-thread-1] INFO  server.RaftServerConfigKeys (ConfUtils.java:logGet(43)) - raft.server.log.queue.byte-limit = 2147483647 (custom)
2019-11-15 22:00:02,190 [pool-27-thread-1] INFO  server.RaftServerConfigKeys (ConfUtils.java:logGet(43)) - raft.server.log.statemachine.data.sync.timeout.retry = -1 (default)
2019-11-15 22:00:02,190 [pool-37-thread-1] INFO  server.RaftServerConfigKeys (ConfUtils.java:logGet(43)) - raft.server.log.queue.byte-limit = 2147483647 (custom)
2019-11-15 22:00:02,191 [pool-27-thread-1] INFO  server.RaftServerConfigKeys (ConfUtils.java:logGet(43)) - raft.server.log.statemachine.data.caching.enabled = true (custom)
2019-11-15 22:00:02,190 [pool-47-thread-1] INFO  server.RaftServerConfigKeys (ConfUtils.java:logGet(43)) - raft.server.log.queue.element-limit = 1024 (custom)
2019-11-15 22:00:02,191 [pool-37-thread-1] INFO  server.RaftServerConfigKeys (ConfUtils.java:logGet(43)) - raft.server.log.queue.element-limit = 1024 (custom)
2019-11-15 22:00:02,191 [pool-47-thread-1] INFO  server.RaftServerConfigKeys (ConfUtils.java:logGet(43)) - raft.server.log.segment.size.max = 1048576 (custom)
2019-11-15 22:00:02,191 [pool-37-thread-1] INFO  server.RaftServerConfigKeys (ConfUtils.java:logGet(43)) - raft.server.log.segment.size.max = 1048576 (custom)
2019-11-15 22:00:02,191 [pool-27-thread-1] INFO  segmented.SegmentedRaftLogWorker (SegmentedRaftLogWorker.java:lambda$new$0(128)) - 7bddf562-1f00-4607-a353-a19b68c8d3ee@group-069FDA605C01-SegmentedRaftLogWorker: flushIndex: setUnconditionally 0 -> -1
2019-11-15 22:00:02,191 [pool-37-thread-1] INFO  server.RaftServerConfigKeys (ConfUtils.java:logGet(43)) - raft.server.log.preallocated.size = 16384 (custom)
2019-11-15 22:00:02,191 [pool-47-thread-1] INFO  server.RaftServerConfigKeys (ConfUtils.java:logGet(43)) - raft.server.log.preallocated.size = 16384 (custom)
2019-11-15 22:00:02,191 [pool-27-thread-1] INFO  server.RaftServerConfigKeys (ConfUtils.java:logGet(43)) - raft.server.snapshot.auto.trigger.enabled = true (custom)
2019-11-15 22:00:02,191 [pool-37-thread-1] INFO  server.RaftServerConfigKeys (ConfUtils.java:logGet(43)) - raft.server.log.write.buffer.size = 33554432 (custom)
2019-11-15 22:00:02,191 [pool-27-thread-1] INFO  server.RaftServerConfigKeys (ConfUtils.java:logGet(43)) - raft.server.snapshot.auto.trigger.threshold = 10000 (custom)
2019-11-15 22:00:02,192 [pool-27-thread-1] INFO  server.RaftServerConfigKeys (ConfUtils.java:logGet(43)) - raft.server.snapshot.retention.file.num = 5 (custom)
2019-11-15 22:00:02,191 [pool-47-thread-1] INFO  server.RaftServerConfigKeys (ConfUtils.java:logGet(43)) - raft.server.log.write.buffer.size = 33554432 (custom)
2019-11-15 22:00:02,192 [pool-27-thread-1] INFO  server.RaftServerConfigKeys (ConfUtils.java:logGet(43)) - raft.server.retrycache.expirytime = 600000ms (custom)
2019-11-15 22:00:02,192 [pool-37-thread-1] INFO  server.RaftServerConfigKeys (ConfUtils.java:logGet(43)) - raft.server.log.force.sync.num = 128 (default)
2019-11-15 22:00:02,192 [pool-27-thread-1] WARN  impl.MetricRegistriesImpl (MetricRegistriesImpl.java:lambda$create$1(61)) - First MetricRegistry has been created without registering reporters. You may need to call MetricRegistries.global().addReportRegistration(...) before.
2019-11-15 22:00:02,192 [pool-47-thread-1] INFO  server.RaftServerConfigKeys (ConfUtils.java:logGet(43)) - raft.server.log.force.sync.num = 128 (default)
2019-11-15 22:00:02,192 [pool-37-thread-1] INFO  server.RaftServerConfigKeys (ConfUtils.java:logGet(43)) - raft.server.log.statemachine.data.sync = true (default)
2019-11-15 22:00:02,192 [pool-27-thread-1] WARN  impl.MetricRegistriesImpl (MetricRegistriesImpl.java:lambda$create$1(61)) - First MetricRegistry has been created without registering reporters. You may need to call MetricRegistries.global().addReportRegistration(...) before.
2019-11-15 22:00:02,192 [pool-47-thread-1] INFO  server.RaftServerConfigKeys (ConfUtils.java:logGet(43)) - raft.server.log.statemachine.data.sync = true (default)
2019-11-15 22:00:02,192 [pool-37-thread-1] INFO  server.RaftServerConfigKeys (ConfUtils.java:logGet(43)) - raft.server.log.statemachine.data.sync.timeout = 10s (default)
2019-11-15 22:00:02,193 [pool-27-thread-1] INFO  impl.RaftServerImpl (RaftServerImpl.java:start(184)) - 7bddf562-1f00-4607-a353-a19b68c8d3ee@group-069FDA605C01: start as a follower, conf=-1: [c2c6407b-784c-4e4b-bc36-d8006e9d82c2:192.168.34.53:33375, 161f52f7-f736-41b9-9c3d-dd314a5b9569:192.168.34.53:32784, 7bddf562-1f00-4607-a353-a19b68c8d3ee:192.168.34.53:44886], old=null
2019-11-15 22:00:02,193 [pool-47-thread-1] INFO  server.RaftServerConfigKeys (ConfUtils.java:logGet(43)) - raft.server.log.statemachine.data.sync.timeout = 10s (default)
2019-11-15 22:00:02,193 [pool-27-thread-1] INFO  impl.RaftServerImpl (RaftServerImpl.java:setRole(173)) - 7bddf562-1f00-4607-a353-a19b68c8d3ee@group-069FDA605C01: changes role from      null to FOLLOWER at term 0 for startAsFollower
2019-11-15 22:00:02,193 [pool-37-thread-1] INFO  server.RaftServerConfigKeys (ConfUtils.java:logGet(43)) - raft.server.log.statemachine.data.sync.timeout.retry = -1 (default)
2019-11-15 22:00:02,193 [pool-47-thread-1] INFO  server.RaftServerConfigKeys (ConfUtils.java:logGet(43)) - raft.server.log.statemachine.data.sync.timeout.retry = -1 (default)
2019-11-15 22:00:02,193 [pool-37-thread-1] INFO  server.RaftServerConfigKeys (ConfUtils.java:logGet(43)) - raft.server.log.statemachine.data.caching.enabled = true (custom)
2019-11-15 22:00:02,193 [pool-47-thread-1] INFO  server.RaftServerConfigKeys (ConfUtils.java:logGet(43)) - raft.server.log.statemachine.data.caching.enabled = true (custom)
2019-11-15 22:00:02,193 [pool-27-thread-1] INFO  impl.RoleInfo (RoleInfo.java:updateAndGet(143)) - 7bddf562-1f00-4607-a353-a19b68c8d3ee: start FollowerState
2019-11-15 22:00:02,194 [pool-47-thread-1] INFO  segmented.SegmentedRaftLogWorker (SegmentedRaftLogWorker.java:lambda$new$0(128)) - 161f52f7-f736-41b9-9c3d-dd314a5b9569@group-069FDA605C01-SegmentedRaftLogWorker: flushIndex: setUnconditionally 0 -> -1
2019-11-15 22:00:02,194 [pool-37-thread-1] INFO  segmented.SegmentedRaftLogWorker (SegmentedRaftLogWorker.java:lambda$new$0(128)) - c2c6407b-784c-4e4b-bc36-d8006e9d82c2@group-069FDA605C01-SegmentedRaftLogWorker: flushIndex: setUnconditionally 0 -> -1
2019-11-15 22:00:02,194 [pool-47-thread-1] INFO  server.RaftServerConfigKeys (ConfUtils.java:logGet(43)) - raft.server.snapshot.auto.trigger.enabled = true (custom)
2019-11-15 22:00:02,194 [pool-47-thread-1] INFO  server.RaftServerConfigKeys (ConfUtils.java:logGet(43)) - raft.server.snapshot.auto.trigger.threshold = 10000 (custom)
2019-11-15 22:00:02,194 [pool-27-thread-1] INFO  util.JmxRegister (JmxRegister.java:tryRegister(44)) - Successfully registered JMX Bean with object name Ratis:service=RaftServer,group=group-069FDA605C01,id=7bddf562-1f00-4607-a353-a19b68c8d3ee
2019-11-15 22:00:02,194 [pool-37-thread-1] INFO  server.RaftServerConfigKeys (ConfUtils.java:logGet(43)) - raft.server.snapshot.auto.trigger.enabled = true (custom)
2019-11-15 22:00:02,194 [pool-27-thread-1] WARN  impl.MetricRegistriesImpl (MetricRegistriesImpl.java:lambda$create$1(61)) - First MetricRegistry has been created without registering reporters. You may need to call MetricRegistries.global().addReportRegistration(...) before.
2019-11-15 22:00:02,194 [pool-47-thread-1] INFO  server.RaftServerConfigKeys (ConfUtils.java:logGet(43)) - raft.server.snapshot.retention.file.num = 5 (custom)
2019-11-15 22:00:02,194 [pool-37-thread-1] INFO  server.RaftServerConfigKeys (ConfUtils.java:logGet(43)) - raft.server.snapshot.auto.trigger.threshold = 10000 (custom)
2019-11-15 22:00:02,195 [pool-47-thread-1] INFO  server.RaftServerConfigKeys (ConfUtils.java:logGet(43)) - raft.server.retrycache.expirytime = 600000ms (custom)
2019-11-15 22:00:02,195 [pool-37-thread-1] INFO  server.RaftServerConfigKeys (ConfUtils.java:logGet(43)) - raft.server.snapshot.retention.file.num = 5 (custom)
2019-11-15 22:00:02,195 [pool-47-thread-1] WARN  impl.MetricRegistriesImpl (MetricRegistriesImpl.java:lambda$create$1(61)) - First MetricRegistry has been created without registering reporters. You may need to call MetricRegistries.global().addReportRegistration(...) before.
2019-11-15 22:00:02,195 [pool-37-thread-1] INFO  server.RaftServerConfigKeys (ConfUtils.java:logGet(43)) - raft.server.retrycache.expirytime = 600000ms (custom)
2019-11-15 22:00:02,195 [pool-47-thread-1] WARN  impl.MetricRegistriesImpl (MetricRegistriesImpl.java:lambda$create$1(61)) - First MetricRegistry has been created without registering reporters. You may need to call MetricRegistries.global().addReportRegistration(...) before.
2019-11-15 22:00:02,195 [pool-37-thread-1] WARN  impl.MetricRegistriesImpl (MetricRegistriesImpl.java:lambda$create$1(61)) - First MetricRegistry has been created without registering reporters. You may need to call MetricRegistries.global().addReportRegistration(...) before.
2019-11-15 22:00:02,195 [pool-47-thread-1] INFO  impl.RaftServerImpl (RaftServerImpl.java:start(184)) - 161f52f7-f736-41b9-9c3d-dd314a5b9569@group-069FDA605C01: start as a follower, conf=-1: [c2c6407b-784c-4e4b-bc36-d8006e9d82c2:192.168.34.53:33375, 161f52f7-f736-41b9-9c3d-dd314a5b9569:192.168.34.53:32784, 7bddf562-1f00-4607-a353-a19b68c8d3ee:192.168.34.53:44886], old=null
2019-11-15 22:00:02,195 [pool-37-thread-1] WARN  impl.MetricRegistriesImpl (MetricRegistriesImpl.java:lambda$create$1(61)) - First MetricRegistry has been created without registering reporters. You may need to call MetricRegistries.global().addReportRegistration(...) before.
2019-11-15 22:00:02,195 [pool-47-thread-1] INFO  impl.RaftServerImpl (RaftServerImpl.java:setRole(173)) - 161f52f7-f736-41b9-9c3d-dd314a5b9569@group-069FDA605C01: changes role from      null to FOLLOWER at term 0 for startAsFollower
2019-11-15 22:00:02,195 [pool-37-thread-1] INFO  impl.RaftServerImpl (RaftServerImpl.java:start(184)) - c2c6407b-784c-4e4b-bc36-d8006e9d82c2@group-069FDA605C01: start as a follower, conf=-1: [c2c6407b-784c-4e4b-bc36-d8006e9d82c2:192.168.34.53:33375, 161f52f7-f736-41b9-9c3d-dd314a5b9569:192.168.34.53:32784, 7bddf562-1f00-4607-a353-a19b68c8d3ee:192.168.34.53:44886], old=null
2019-11-15 22:00:02,195 [pool-47-thread-1] INFO  impl.RoleInfo (RoleInfo.java:updateAndGet(143)) - 161f52f7-f736-41b9-9c3d-dd314a5b9569: start FollowerState
2019-11-15 22:00:02,195 [pool-37-thread-1] INFO  impl.RaftServerImpl (RaftServerImpl.java:setRole(173)) - c2c6407b-784c-4e4b-bc36-d8006e9d82c2@group-069FDA605C01: changes role from      null to FOLLOWER at term 0 for startAsFollower
2019-11-15 22:00:02,196 [pool-37-thread-1] INFO  impl.RoleInfo (RoleInfo.java:updateAndGet(143)) - c2c6407b-784c-4e4b-bc36-d8006e9d82c2: start FollowerState
2019-11-15 22:00:02,197 [pool-47-thread-1] INFO  util.JmxRegister (JmxRegister.java:tryRegister(44)) - Successfully registered JMX Bean with object name Ratis:service=RaftServer,group=group-069FDA605C01,id=161f52f7-f736-41b9-9c3d-dd314a5b9569
2019-11-15 22:00:02,197 [pool-37-thread-1] INFO  util.JmxRegister (JmxRegister.java:tryRegister(44)) - Successfully registered JMX Bean with object name Ratis:service=RaftServer,group=group-069FDA605C01,id=c2c6407b-784c-4e4b-bc36-d8006e9d82c2
2019-11-15 22:00:02,197 [pool-47-thread-1] WARN  impl.MetricRegistriesImpl (MetricRegistriesImpl.java:lambda$create$1(61)) - First MetricRegistry has been created without registering reporters. You may need to call MetricRegistries.global().addReportRegistration(...) before.
2019-11-15 22:00:02,197 [pool-37-thread-1] WARN  impl.MetricRegistriesImpl (MetricRegistriesImpl.java:lambda$create$1(61)) - First MetricRegistry has been created without registering reporters. You may need to call MetricRegistries.global().addReportRegistration(...) before.
2019-11-15 22:00:02,202 [RatisPipelineUtilsThread] INFO  pipeline.PipelineStateManager (PipelineStateManager.java:addPipeline(55)) - Created pipeline Pipeline[ Id: b2b60ede-b66d-4e95-9094-069fda605c01, Nodes: c2c6407b-784c-4e4b-bc36-d8006e9d82c2{ip: 192.168.34.53, host: pr-hdds-2515-logtostringformatter-dwl4z-3795388632, networkLocation: /default-rack, certSerialId: null}7bddf562-1f00-4607-a353-a19b68c8d3ee{ip: 192.168.34.53, host: pr-hdds-2515-logtostringformatter-dwl4z-3795388632, networkLocation: /default-rack, certSerialId: null}161f52f7-f736-41b9-9c3d-dd314a5b9569{ip: 192.168.34.53, host: pr-hdds-2515-logtostringformatter-dwl4z-3795388632, networkLocation: /default-rack, certSerialId: null}, Type:RATIS, Factor:THREE, State:ALLOCATED]
2019-11-15 22:00:02,236 [main] INFO  freon.RandomKeyGenerator (RandomKeyGenerator.java:call(283)) - Number of Threads: 10
2019-11-15 22:00:02,236 [main] INFO  freon.RandomKeyGenerator (RandomKeyGenerator.java:call(288)) - Number of Volumes: 1.
2019-11-15 22:00:02,236 [main] INFO  freon.RandomKeyGenerator (RandomKeyGenerator.java:call(289)) - Number of Buckets per Volume: 1.
2019-11-15 22:00:02,236 [main] INFO  freon.RandomKeyGenerator (RandomKeyGenerator.java:call(290)) - Number of Keys per Bucket: 1.
2019-11-15 22:00:02,236 [main] INFO  freon.RandomKeyGenerator (RandomKeyGenerator.java:call(291)) - Key size: 20971520 bytes
2019-11-15 22:00:02,236 [main] INFO  freon.RandomKeyGenerator (RandomKeyGenerator.java:call(292)) - Buffer size: 4096 bytes
2019-11-15 22:00:02,237 [main] INFO  freon.RandomKeyGenerator (RandomKeyGenerator.java:call(293)) - validateWrites : true
2019-11-15 22:00:02,237 [pool-59-thread-1] INFO  rpc.RpcClient (RpcClient.java:createVolume(292)) - Creating Volume: vol-0-32506, with jenkins1000 as owner.
2019-11-15 22:00:02,238 [main] INFO  freon.RandomKeyGenerator (RandomKeyGenerator.java:call(307)) - Data validation is enabled.
2019-11-15 22:00:02,239 [main] INFO  freon.RandomKeyGenerator (RandomKeyGenerator.java:call(313)) - Starting progress bar Thread.

 0.00% |?                                                                                                    |  0/1 Time: 0:00:002019-11-15 22:00:02,241 [IPC Server handler 2 on 36571] INFO  volume.OMVolumeCreateRequest (OMVolumeCreateRequest.java:validateAndUpdateCache(193)) - created volume:vol-0-32506 for user:jenkins1000
2019-11-15 22:00:02,257 [pool-59-thread-2] INFO  rpc.RpcClient (RpcClient.java:createBucket(431)) - Creating Bucket: vol-0-32506/bucket-0-44271, with Versioning false and Storage Type set to DISK and Encryption set to false 
2019-11-15 22:00:02,281 [IPC Server handler 3 on 40033] WARN  block.BlockManagerImpl (BlockManagerImpl.java:allocateBlock(200)) - Pipeline creation failed for type:RATIS factor:THREE. Retrying get pipelines call once.
org.apache.hadoop.hdds.scm.pipeline.InsufficientDatanodesException: Cannot create pipeline of factor 3 using 0 nodes.
	at org.apache.hadoop.hdds.scm.pipeline.RatisPipelineProvider.create(RatisPipelineProvider.java:153)
	at org.apache.hadoop.hdds.scm.pipeline.PipelineFactory.create(PipelineFactory.java:58)
	at org.apache.hadoop.hdds.scm.pipeline.SCMPipelineManager.createPipeline(SCMPipelineManager.java:155)
	at org.apache.hadoop.hdds.scm.block.BlockManagerImpl.allocateBlock(BlockManagerImpl.java:198)
	at org.apache.hadoop.hdds.scm.server.SCMBlockProtocolServer.allocateBlock(SCMBlockProtocolServer.java:187)
	at org.apache.hadoop.hdds.scm.protocol.ScmBlockLocationProtocolServerSideTranslatorPB.allocateScmBlock(ScmBlockLocationProtocolServerSideTranslatorPB.java:159)
	at org.apache.hadoop.hdds.scm.protocol.ScmBlockLocationProtocolServerSideTranslatorPB.processMessage(ScmBlockLocationProtocolServerSideTranslatorPB.java:117)
	at org.apache.hadoop.hdds.server.OzoneProtocolMessageDispatcher.processRequest(OzoneProtocolMessageDispatcher.java:72)
	at org.apache.hadoop.hdds.scm.protocol.ScmBlockLocationProtocolServerSideTranslatorPB.send(ScmBlockLocationProtocolServerSideTranslatorPB.java:98)
	at org.apache.hadoop.hdds.protocol.proto.ScmBlockLocationProtocolProtos$ScmBlockLocationProtocolService$2.callBlockingMethod(ScmBlockLocationProtocolProtos.java:13157)
	at org.apache.hadoop.ipc.ProtobufRpcEngine$Server$ProtoBufRpcInvoker.call(ProtobufRpcEngine.java:524)
	at org.apache.hadoop.ipc.RPC$Server.call(RPC.java:1025)
	at org.apache.hadoop.ipc.Server$RpcCall.run(Server.java:876)
	at org.apache.hadoop.ipc.Server$RpcCall.run(Server.java:822)
	at java.security.AccessController.doPrivileged(Native Method)
	at javax.security.auth.Subject.doAs(Subject.java:422)
	at org.apache.hadoop.security.UserGroupInformation.doAs(UserGroupInformation.java:1730)
	at org.apache.hadoop.ipc.Server$Handler.run(Server.java:2682)
2019-11-15 22:00:02,283 [IPC Server handler 3 on 40033] INFO  block.BlockManagerImpl (BlockManagerImpl.java:allocateBlock(212)) - Could not find available pipeline of type:RATIS and factor:THREE even after retrying
2019-11-15 22:00:02,283 [IPC Server handler 3 on 40033] ERROR block.BlockManagerImpl (BlockManagerImpl.java:allocateBlock(236)) - Unable to allocate a block for the size: 4194304, type: RATIS, factor: THREE
2019-11-15 22:00:02,287 [IPC Server handler 3 on 40033] WARN  block.BlockManagerImpl (BlockManagerImpl.java:allocateBlock(200)) - Pipeline creation failed for type:RATIS factor:THREE. Retrying get pipelines call once.
org.apache.hadoop.hdds.scm.pipeline.InsufficientDatanodesException: Cannot create pipeline of factor 3 using 0 nodes.
	at org.apache.hadoop.hdds.scm.pipeline.RatisPipelineProvider.create(RatisPipelineProvider.java:153)
	at org.apache.hadoop.hdds.scm.pipeline.PipelineFactory.create(PipelineFactory.java:58)
	at org.apache.hadoop.hdds.scm.pipeline.SCMPipelineManager.createPipeline(SCMPipelineManager.java:155)
	at org.apache.hadoop.hdds.scm.block.BlockManagerImpl.allocateBlock(BlockManagerImpl.java:198)
	at org.apache.hadoop.hdds.scm.server.SCMBlockProtocolServer.allocateBlock(SCMBlockProtocolServer.java:187)
	at org.apache.hadoop.hdds.scm.protocol.ScmBlockLocationProtocolServerSideTranslatorPB.allocateScmBlock(ScmBlockLocationProtocolServerSideTranslatorPB.java:159)
	at org.apache.hadoop.hdds.scm.protocol.ScmBlockLocationProtocolServerSideTranslatorPB.processMessage(ScmBlockLocationProtocolServerSideTranslatorPB.java:117)
	at org.apache.hadoop.hdds.server.OzoneProtocolMessageDispatcher.processRequest(OzoneProtocolMessageDispatcher.java:72)
	at org.apache.hadoop.hdds.scm.protocol.ScmBlockLocationProtocolServerSideTranslatorPB.send(ScmBlockLocationProtocolServerSideTranslatorPB.java:98)
	at org.apache.hadoop.hdds.protocol.proto.ScmBlockLocationProtocolProtos$ScmBlockLocationProtocolService$2.callBlockingMethod(ScmBlockLocationProtocolProtos.java:13157)
	at org.apache.hadoop.ipc.ProtobufRpcEngine$Server$ProtoBufRpcInvoker.call(ProtobufRpcEngine.java:524)
	at org.apache.hadoop.ipc.RPC$Server.call(RPC.java:1025)
	at org.apache.hadoop.ipc.Server$RpcCall.run(Server.java:876)
	at org.apache.hadoop.ipc.Server$RpcCall.run(Server.java:822)
	at java.security.AccessController.doPrivileged(Native Method)
	at javax.security.auth.Subject.doAs(Subject.java:422)
	at org.apache.hadoop.security.UserGroupInformation.doAs(UserGroupInformation.java:1730)
	at org.apache.hadoop.ipc.Server$Handler.run(Server.java:2682)
2019-11-15 22:00:02,288 [IPC Server handler 3 on 40033] INFO  block.BlockManagerImpl (BlockManagerImpl.java:allocateBlock(212)) - Could not find available pipeline of type:RATIS and factor:THREE even after retrying
2019-11-15 22:00:02,288 [IPC Server handler 3 on 40033] ERROR block.BlockManagerImpl (BlockManagerImpl.java:allocateBlock(236)) - Unable to allocate a block for the size: 4194304, type: RATIS, factor: THREE
2019-11-15 22:00:02,288 [IPC Server handler 3 on 40033] WARN  block.BlockManagerImpl (BlockManagerImpl.java:allocateBlock(200)) - Pipeline creation failed for type:RATIS factor:THREE. Retrying get pipelines call once.
org.apache.hadoop.hdds.scm.pipeline.InsufficientDatanodesException: Cannot create pipeline of factor 3 using 0 nodes.
	at org.apache.hadoop.hdds.scm.pipeline.RatisPipelineProvider.create(RatisPipelineProvider.java:153)
	at org.apache.hadoop.hdds.scm.pipeline.PipelineFactory.create(PipelineFactory.java:58)
	at org.apache.hadoop.hdds.scm.pipeline.SCMPipelineManager.createPipeline(SCMPipelineManager.java:155)
	at org.apache.hadoop.hdds.scm.block.BlockManagerImpl.allocateBlock(BlockManagerImpl.java:198)
	at org.apache.hadoop.hdds.scm.server.SCMBlockProtocolServer.allocateBlock(SCMBlockProtocolServer.java:187)
	at org.apache.hadoop.hdds.scm.protocol.ScmBlockLocationProtocolServerSideTranslatorPB.allocateScmBlock(ScmBlockLocationProtocolServerSideTranslatorPB.java:159)
	at org.apache.hadoop.hdds.scm.protocol.ScmBlockLocationProtocolServerSideTranslatorPB.processMessage(ScmBlockLocationProtocolServerSideTranslatorPB.java:117)
	at org.apache.hadoop.hdds.server.OzoneProtocolMessageDispatcher.processRequest(OzoneProtocolMessageDispatcher.java:72)
	at org.apache.hadoop.hdds.scm.protocol.ScmBlockLocationProtocolServerSideTranslatorPB.send(ScmBlockLocationProtocolServerSideTranslatorPB.java:98)
	at org.apache.hadoop.hdds.protocol.proto.ScmBlockLocationProtocolProtos$ScmBlockLocationProtocolService$2.callBlockingMethod(ScmBlockLocationProtocolProtos.java:13157)
	at org.apache.hadoop.ipc.ProtobufRpcEngine$Server$ProtoBufRpcInvoker.call(ProtobufRpcEngine.java:524)
	at org.apache.hadoop.ipc.RPC$Server.call(RPC.java:1025)
	at org.apache.hadoop.ipc.Server$RpcCall.run(Server.java:876)
	at org.apache.hadoop.ipc.Server$RpcCall.run(Server.java:822)
	at java.security.AccessController.doPrivileged(Native Method)
	at javax.security.auth.Subject.doAs(Subject.java:422)
	at org.apache.hadoop.security.UserGroupInformation.doAs(UserGroupInformation.java:1730)
	at org.apache.hadoop.ipc.Server$Handler.run(Server.java:2682)
2019-11-15 22:00:02,289 [IPC Server handler 3 on 40033] INFO  block.BlockManagerImpl (BlockManagerImpl.java:allocateBlock(212)) - Could not find available pipeline of type:RATIS and factor:THREE even after retrying
2019-11-15 22:00:02,289 [IPC Server handler 3 on 40033] ERROR block.BlockManagerImpl (BlockManagerImpl.java:allocateBlock(236)) - Unable to allocate a block for the size: 4194304, type: RATIS, factor: THREE
2019-11-15 22:00:02,290 [IPC Server handler 3 on 40033] WARN  block.BlockManagerImpl (BlockManagerImpl.java:allocateBlock(200)) - Pipeline creation failed for type:RATIS factor:THREE. Retrying get pipelines call once.
org.apache.hadoop.hdds.scm.pipeline.InsufficientDatanodesException: Cannot create pipeline of factor 3 using 0 nodes.
	at org.apache.hadoop.hdds.scm.pipeline.RatisPipelineProvider.create(RatisPipelineProvider.java:153)
	at org.apache.hadoop.hdds.scm.pipeline.PipelineFactory.create(PipelineFactory.java:58)
	at org.apache.hadoop.hdds.scm.pipeline.SCMPipelineManager.createPipeline(SCMPipelineManager.java:155)
	at org.apache.hadoop.hdds.scm.block.BlockManagerImpl.allocateBlock(BlockManagerImpl.java:198)
	at org.apache.hadoop.hdds.scm.server.SCMBlockProtocolServer.allocateBlock(SCMBlockProtocolServer.java:187)
	at org.apache.hadoop.hdds.scm.protocol.ScmBlockLocationProtocolServerSideTranslatorPB.allocateScmBlock(ScmBlockLocationProtocolServerSideTranslatorPB.java:159)
	at org.apache.hadoop.hdds.scm.protocol.ScmBlockLocationProtocolServerSideTranslatorPB.processMessage(ScmBlockLocationProtocolServerSideTranslatorPB.java:117)
	at org.apache.hadoop.hdds.server.OzoneProtocolMessageDispatcher.processRequest(OzoneProtocolMessageDispatcher.java:72)
	at org.apache.hadoop.hdds.scm.protocol.ScmBlockLocationProtocolServerSideTranslatorPB.send(ScmBlockLocationProtocolServerSideTranslatorPB.java:98)
	at org.apache.hadoop.hdds.protocol.proto.ScmBlockLocationProtocolProtos$ScmBlockLocationProtocolService$2.callBlockingMethod(ScmBlockLocationProtocolProtos.java:13157)
	at org.apache.hadoop.ipc.ProtobufRpcEngine$Server$ProtoBufRpcInvoker.call(ProtobufRpcEngine.java:524)
	at org.apache.hadoop.ipc.RPC$Server.call(RPC.java:1025)
	at org.apache.hadoop.ipc.Server$RpcCall.run(Server.java:876)
	at org.apache.hadoop.ipc.Server$RpcCall.run(Server.java:822)
	at java.security.AccessController.doPrivileged(Native Method)
	at javax.security.auth.Subject.doAs(Subject.java:422)
	at org.apache.hadoop.security.UserGroupInformation.doAs(UserGroupInformation.java:1730)
	at org.apache.hadoop.ipc.Server$Handler.run(Server.java:2682)
2019-11-15 22:00:02,290 [IPC Server handler 3 on 40033] INFO  block.BlockManagerImpl (BlockManagerImpl.java:allocateBlock(212)) - Could not find available pipeline of type:RATIS and factor:THREE even after retrying
2019-11-15 22:00:02,290 [IPC Server handler 3 on 40033] ERROR block.BlockManagerImpl (BlockManagerImpl.java:allocateBlock(236)) - Unable to allocate a block for the size: 4194304, type: RATIS, factor: THREE
2019-11-15 22:00:02,291 [IPC Server handler 3 on 40033] WARN  block.BlockManagerImpl (BlockManagerImpl.java:allocateBlock(200)) - Pipeline creation failed for type:RATIS factor:THREE. Retrying get pipelines call once.
org.apache.hadoop.hdds.scm.pipeline.InsufficientDatanodesException: Cannot create pipeline of factor 3 using 0 nodes.
	at org.apache.hadoop.hdds.scm.pipeline.RatisPipelineProvider.create(RatisPipelineProvider.java:153)
	at org.apache.hadoop.hdds.scm.pipeline.PipelineFactory.create(PipelineFactory.java:58)
	at org.apache.hadoop.hdds.scm.pipeline.SCMPipelineManager.createPipeline(SCMPipelineManager.java:155)
	at org.apache.hadoop.hdds.scm.block.BlockManagerImpl.allocateBlock(BlockManagerImpl.java:198)
	at org.apache.hadoop.hdds.scm.server.SCMBlockProtocolServer.allocateBlock(SCMBlockProtocolServer.java:187)
	at org.apache.hadoop.hdds.scm.protocol.ScmBlockLocationProtocolServerSideTranslatorPB.allocateScmBlock(ScmBlockLocationProtocolServerSideTranslatorPB.java:159)
	at org.apache.hadoop.hdds.scm.protocol.ScmBlockLocationProtocolServerSideTranslatorPB.processMessage(ScmBlockLocationProtocolServerSideTranslatorPB.java:117)
	at org.apache.hadoop.hdds.server.OzoneProtocolMessageDispatcher.processRequest(OzoneProtocolMessageDispatcher.java:72)
	at org.apache.hadoop.hdds.scm.protocol.ScmBlockLocationProtocolServerSideTranslatorPB.send(ScmBlockLocationProtocolServerSideTranslatorPB.java:98)
	at org.apache.hadoop.hdds.protocol.proto.ScmBlockLocationProtocolProtos$ScmBlockLocationProtocolService$2.callBlockingMethod(ScmBlockLocationProtocolProtos.java:13157)
	at org.apache.hadoop.ipc.ProtobufRpcEngine$Server$ProtoBufRpcInvoker.call(ProtobufRpcEngine.java:524)
	at org.apache.hadoop.ipc.RPC$Server.call(RPC.java:1025)
	at org.apache.hadoop.ipc.Server$RpcCall.run(Server.java:876)
	at org.apache.hadoop.ipc.Server$RpcCall.run(Server.java:822)
	at java.security.AccessController.doPrivileged(Native Method)
	at javax.security.auth.Subject.doAs(Subject.java:422)
	at org.apache.hadoop.security.UserGroupInformation.doAs(UserGroupInformation.java:1730)
	at org.apache.hadoop.ipc.Server$Handler.run(Server.java:2682)
2019-11-15 22:00:02,291 [IPC Server handler 3 on 40033] INFO  block.BlockManagerImpl (BlockManagerImpl.java:allocateBlock(212)) - Could not find available pipeline of type:RATIS and factor:THREE even after retrying
2019-11-15 22:00:02,291 [IPC Server handler 3 on 40033] ERROR block.BlockManagerImpl (BlockManagerImpl.java:allocateBlock(236)) - Unable to allocate a block for the size: 4194304, type: RATIS, factor: THREE
2019-11-15 22:00:02,296 [pool-59-thread-3] ERROR freon.RandomKeyGenerator (RandomKeyGenerator.java:createKey(735)) - Exception while adding key: key-0-50503 in bucket: bucket-0-44271 of volume: vol-0-32506.
INTERNAL_ERROR org.apache.hadoop.ozone.om.exceptions.OMException: Allocated 0 blocks. Requested 5 blocks
	at org.apache.hadoop.ozone.om.protocolPB.OzoneManagerProtocolClientSideTranslatorPB.handleError(OzoneManagerProtocolClientSideTranslatorPB.java:761)
	at org.apache.hadoop.ozone.om.protocolPB.OzoneManagerProtocolClientSideTranslatorPB.openKey(OzoneManagerProtocolClientSideTranslatorPB.java:752)
	at sun.reflect.NativeMethodAccessorImpl.invoke0(Native Method)
	at sun.reflect.NativeMethodAccessorImpl.invoke(NativeMethodAccessorImpl.java:62)
	at sun.reflect.DelegatingMethodAccessorImpl.invoke(DelegatingMethodAccessorImpl.java:43)
	at java.lang.reflect.Method.invoke(Method.java:498)
	at org.apache.hadoop.hdds.tracing.TraceAllMethod.invoke(TraceAllMethod.java:66)
	at com.sun.proxy.$Proxy37.openKey(Unknown Source)
	at org.apache.hadoop.ozone.client.rpc.RpcClient.createKey(RpcClient.java:633)
	at org.apache.hadoop.ozone.client.OzoneBucket.createKey(OzoneBucket.java:325)
	at org.apache.hadoop.ozone.freon.RandomKeyGenerator.createKey(RandomKeyGenerator.java:697)
	at org.apache.hadoop.ozone.freon.RandomKeyGenerator.access$1100(RandomKeyGenerator.java:88)
	at org.apache.hadoop.ozone.freon.RandomKeyGenerator$ObjectCreator.run(RandomKeyGenerator.java:615)
	at java.util.concurrent.Executors$RunnableAdapter.call(Executors.java:511)
	at java.util.concurrent.FutureTask.run(FutureTask.java:266)
	at java.util.concurrent.ThreadPoolExecutor.runWorker(ThreadPoolExecutor.java:1149)
	at java.util.concurrent.ThreadPoolExecutor$Worker.run(ThreadPoolExecutor.java:624)
	at java.lang.Thread.run(Thread.java:748)
 0.00% |?                                                                                                    |  0/1 Time: 0:00:01 0.00% |?                                                                                                    |  0/1 Time: 0:00:02 0.00% |?                                                                                                    |  0/1 Time: 0:00:03 0.00% |?                                                                                                    |  0/1 Time: 0:00:042019-11-15 22:00:07,233 [Thread-480] INFO  impl.FollowerState (FollowerState.java:run(111)) - 7bddf562-1f00-4607-a353-a19b68c8d3ee@group-069FDA605C01-FollowerState: change to CANDIDATE, lastRpcTime:5039ms, electionTimeout:5039ms
2019-11-15 22:00:07,234 [Thread-480] INFO  impl.RoleInfo (RoleInfo.java:shutdownFollowerState(121)) - 7bddf562-1f00-4607-a353-a19b68c8d3ee: shutdown FollowerState
2019-11-15 22:00:07,234 [Thread-480] INFO  impl.RaftServerImpl (RaftServerImpl.java:setRole(173)) - 7bddf562-1f00-4607-a353-a19b68c8d3ee@group-069FDA605C01: changes role from  FOLLOWER to CANDIDATE at term 0 for changeToCandidate
2019-11-15 22:00:07,234 [Thread-480] INFO  impl.RoleInfo (RoleInfo.java:updateAndGet(143)) - 7bddf562-1f00-4607-a353-a19b68c8d3ee: start LeaderElection
 0.00% |?                                                                                                    |  0/1 Time: 0:00:052019-11-15 22:00:07,252 [7bddf562-1f00-4607-a353-a19b68c8d3ee@group-069FDA605C01-LeaderElection6] INFO  impl.LeaderElection (LeaderElection.java:askForVotes(178)) - 7bddf562-1f00-4607-a353-a19b68c8d3ee@group-069FDA605C01-LeaderElection6: begin an election at term 1 for -1: [c2c6407b-784c-4e4b-bc36-d8006e9d82c2:192.168.34.53:33375, 161f52f7-f736-41b9-9c3d-dd314a5b9569:192.168.34.53:32784, 7bddf562-1f00-4607-a353-a19b68c8d3ee:192.168.34.53:44886], old=null
2019-11-15 22:00:07,257 [grpc-default-executor-1] INFO  impl.RaftServerImpl (RaftServerImpl.java:setRole(173)) - c2c6407b-784c-4e4b-bc36-d8006e9d82c2@group-069FDA605C01: changes role from  FOLLOWER to FOLLOWER at term 1 for recognizeCandidate:7bddf562-1f00-4607-a353-a19b68c8d3ee
2019-11-15 22:00:07,257 [grpc-default-executor-2] INFO  impl.RaftServerImpl (RaftServerImpl.java:setRole(173)) - 161f52f7-f736-41b9-9c3d-dd314a5b9569@group-069FDA605C01: changes role from  FOLLOWER to FOLLOWER at term 1 for recognizeCandidate:7bddf562-1f00-4607-a353-a19b68c8d3ee
2019-11-15 22:00:07,258 [grpc-default-executor-1] INFO  impl.RoleInfo (RoleInfo.java:shutdownFollowerState(121)) - c2c6407b-784c-4e4b-bc36-d8006e9d82c2: shutdown FollowerState
2019-11-15 22:00:07,258 [grpc-default-executor-2] INFO  impl.RoleInfo (RoleInfo.java:shutdownFollowerState(121)) - 161f52f7-f736-41b9-9c3d-dd314a5b9569: shutdown FollowerState
2019-11-15 22:00:07,258 [grpc-default-executor-1] INFO  impl.RoleInfo (RoleInfo.java:updateAndGet(143)) - c2c6407b-784c-4e4b-bc36-d8006e9d82c2: start FollowerState
2019-11-15 22:00:07,258 [Thread-485] INFO  impl.FollowerState (FollowerState.java:run(120)) - c2c6407b-784c-4e4b-bc36-d8006e9d82c2@group-069FDA605C01-FollowerState was interrupted: java.lang.InterruptedException: sleep interrupted
2019-11-15 22:00:07,258 [Thread-484] INFO  impl.FollowerState (FollowerState.java:run(120)) - 161f52f7-f736-41b9-9c3d-dd314a5b9569@group-069FDA605C01-FollowerState was interrupted: java.lang.InterruptedException: sleep interrupted
2019-11-15 22:00:07,258 [grpc-default-executor-2] INFO  impl.RoleInfo (RoleInfo.java:updateAndGet(143)) - 161f52f7-f736-41b9-9c3d-dd314a5b9569: start FollowerState
2019-11-15 22:00:07,268 [7bddf562-1f00-4607-a353-a19b68c8d3ee@group-069FDA605C01-LeaderElection6] INFO  impl.LeaderElection (LeaderElection.java:logAndReturn(56)) - 7bddf562-1f00-4607-a353-a19b68c8d3ee@group-069FDA605C01-LeaderElection6: Election PASSED; received 1 response(s) [7bddf562-1f00-4607-a353-a19b68c8d3ee<-c2c6407b-784c-4e4b-bc36-d8006e9d82c2#0:OK-t1] and 0 exception(s); 7bddf562-1f00-4607-a353-a19b68c8d3ee@group-069FDA605C01:t1, leader=null, voted=7bddf562-1f00-4607-a353-a19b68c8d3ee, raftlog=7bddf562-1f00-4607-a353-a19b68c8d3ee@group-069FDA605C01-SegmentedRaftLog:OPENED:c-1,f-1,i0, conf=-1: [c2c6407b-784c-4e4b-bc36-d8006e9d82c2:192.168.34.53:33375, 161f52f7-f736-41b9-9c3d-dd314a5b9569:192.168.34.53:32784, 7bddf562-1f00-4607-a353-a19b68c8d3ee:192.168.34.53:44886], old=null
2019-11-15 22:00:07,268 [7bddf562-1f00-4607-a353-a19b68c8d3ee@group-069FDA605C01-LeaderElection6] INFO  impl.RoleInfo (RoleInfo.java:shutdownLeaderElection(134)) - 7bddf562-1f00-4607-a353-a19b68c8d3ee: shutdown LeaderElection
2019-11-15 22:00:07,269 [7bddf562-1f00-4607-a353-a19b68c8d3ee@group-069FDA605C01-LeaderElection6] INFO  impl.RaftServerImpl (RaftServerImpl.java:setRole(173)) - 7bddf562-1f00-4607-a353-a19b68c8d3ee@group-069FDA605C01: changes role from CANDIDATE to LEADER at term 1 for changeToLeader
2019-11-15 22:00:07,269 [7bddf562-1f00-4607-a353-a19b68c8d3ee@group-069FDA605C01-LeaderElection6] INFO  ratis.XceiverServerRatis (XceiverServerRatis.java:handleLeaderChangedNotification(697)) - Leader change notification received for group: group-069FDA605C01 with new leaderId: 7bddf562-1f00-4607-a353-a19b68c8d3ee
2019-11-15 22:00:07,269 [7bddf562-1f00-4607-a353-a19b68c8d3ee@group-069FDA605C01-LeaderElection6] INFO  impl.RaftServerImpl (ServerState.java:setLeader(255)) - 7bddf562-1f00-4607-a353-a19b68c8d3ee@group-069FDA605C01: change Leader from null to 7bddf562-1f00-4607-a353-a19b68c8d3ee at term 1 for becomeLeader, leader elected after 5081ms
2019-11-15 22:00:07,270 [7bddf562-1f00-4607-a353-a19b68c8d3ee@group-069FDA605C01-LeaderElection6] INFO  server.RaftServerConfigKeys (ConfUtils.java:logGet(43)) - raft.server.staging.catchup.gap = 1000 (default)
2019-11-15 22:00:07,270 [7bddf562-1f00-4607-a353-a19b68c8d3ee@group-069FDA605C01-LeaderElection6] INFO  server.RaftServerConfigKeys (ConfUtils.java:logGet(43)) - raft.server.rpc.sleep.time = 25ms (default)
2019-11-15 22:00:07,270 [7bddf562-1f00-4607-a353-a19b68c8d3ee@group-069FDA605C01-LeaderElection6] INFO  server.RaftServerConfigKeys (ConfUtils.java:logGet(43)) - raft.server.write.element-limit = 4096 (default)
2019-11-15 22:00:07,270 [7bddf562-1f00-4607-a353-a19b68c8d3ee@group-069FDA605C01-LeaderElection6] INFO  server.RaftServerConfigKeys (ConfUtils.java:logGet(43)) - raft.server.watch.timeout = 10s (default)
2019-11-15 22:00:07,270 [7bddf562-1f00-4607-a353-a19b68c8d3ee@group-069FDA605C01-LeaderElection6] INFO  server.RaftServerConfigKeys (ConfUtils.java:logGet(43)) - raft.server.watch.timeout.denomination = 1s (default)
2019-11-15 22:00:07,270 [7bddf562-1f00-4607-a353-a19b68c8d3ee@group-069FDA605C01-LeaderElection6] INFO  server.RaftServerConfigKeys (ConfUtils.java:logGet(43)) - raft.server.watch.element-limit = 65536 (default)
2019-11-15 22:00:07,271 [7bddf562-1f00-4607-a353-a19b68c8d3ee@group-069FDA605C01-LeaderElection6] INFO  server.RaftServerConfigKeys (ConfUtils.java:logGet(43)) - raft.server.log.appender.snapshot.chunk.size.max = 16MB (=16777216) (default)
2019-11-15 22:00:07,271 [7bddf562-1f00-4607-a353-a19b68c8d3ee@group-069FDA605C01-LeaderElection6] INFO  server.RaftServerConfigKeys (ConfUtils.java:logGet(43)) - raft.server.log.appender.buffer.byte-limit = 33554432 (custom)
2019-11-15 22:00:07,271 [7bddf562-1f00-4607-a353-a19b68c8d3ee@group-069FDA605C01-LeaderElection6] INFO  server.RaftServerConfigKeys (ConfUtils.java:logGet(43)) - raft.server.log.appender.buffer.element-limit = 1 (custom)
2019-11-15 22:00:07,271 [7bddf562-1f00-4607-a353-a19b68c8d3ee@group-069FDA605C01-LeaderElection6] INFO  grpc.GrpcConfigKeys$Server (ConfUtils.java:logGet(43)) - raft.grpc.server.leader.outstanding.appends.max = 128 (default)
2019-11-15 22:00:07,272 [EventQueue-PipelineReportForPipelineReportHandler] INFO  pipeline.PipelineStateManager (PipelineStateManager.java:openPipeline(134)) - Pipeline Pipeline[ Id: b2b60ede-b66d-4e95-9094-069fda605c01, Nodes: c2c6407b-784c-4e4b-bc36-d8006e9d82c2{ip: 192.168.34.53, host: pr-hdds-2515-logtostringformatter-dwl4z-3795388632, networkLocation: /default-rack, certSerialId: null}7bddf562-1f00-4607-a353-a19b68c8d3ee{ip: 192.168.34.53, host: pr-hdds-2515-logtostringformatter-dwl4z-3795388632, networkLocation: /default-rack, certSerialId: null}161f52f7-f736-41b9-9c3d-dd314a5b9569{ip: 192.168.34.53, host: pr-hdds-2515-logtostringformatter-dwl4z-3795388632, networkLocation: /default-rack, certSerialId: null}, Type:RATIS, Factor:THREE, State:OPEN] moved to OPEN state
2019-11-15 22:00:07,273 [7bddf562-1f00-4607-a353-a19b68c8d3ee@group-069FDA605C01-LeaderElection6] INFO  server.RaftServerConfigKeys (ConfUtils.java:logGet(43)) - raft.server.rpc.request.timeout = 3000ms (default)
2019-11-15 22:00:07,273 [7bddf562-1f00-4607-a353-a19b68c8d3ee@group-069FDA605C01-LeaderElection6] INFO  server.RaftServerConfigKeys (ConfUtils.java:logGet(43)) - raft.server.log.appender.install.snapshot.enabled = false (custom)
2019-11-15 22:00:07,273 [7bddf562-1f00-4607-a353-a19b68c8d3ee@group-069FDA605C01-LeaderElection6] WARN  impl.MetricRegistriesImpl (MetricRegistriesImpl.java:lambda$create$1(61)) - First MetricRegistry has been created without registering reporters. You may need to call MetricRegistries.global().addReportRegistration(...) before.
2019-11-15 22:00:07,274 [7bddf562-1f00-4607-a353-a19b68c8d3ee@group-069FDA605C01-LeaderElection6] INFO  server.RaftServerConfigKeys (ConfUtils.java:logGet(43)) - raft.server.log.appender.snapshot.chunk.size.max = 16MB (=16777216) (default)
2019-11-15 22:00:07,274 [7bddf562-1f00-4607-a353-a19b68c8d3ee@group-069FDA605C01-LeaderElection6] INFO  server.RaftServerConfigKeys (ConfUtils.java:logGet(43)) - raft.server.log.appender.buffer.byte-limit = 33554432 (custom)
2019-11-15 22:00:07,274 [7bddf562-1f00-4607-a353-a19b68c8d3ee@group-069FDA605C01-LeaderElection6] INFO  server.RaftServerConfigKeys (ConfUtils.java:logGet(43)) - raft.server.log.appender.buffer.element-limit = 1 (custom)
2019-11-15 22:00:07,274 [7bddf562-1f00-4607-a353-a19b68c8d3ee@group-069FDA605C01-LeaderElection6] INFO  grpc.GrpcConfigKeys$Server (ConfUtils.java:logGet(43)) - raft.grpc.server.leader.outstanding.appends.max = 128 (default)
2019-11-15 22:00:07,274 [7bddf562-1f00-4607-a353-a19b68c8d3ee@group-069FDA605C01-LeaderElection6] INFO  server.RaftServerConfigKeys (ConfUtils.java:logGet(43)) - raft.server.rpc.request.timeout = 3000ms (default)
2019-11-15 22:00:07,275 [7bddf562-1f00-4607-a353-a19b68c8d3ee@group-069FDA605C01-LeaderElection6] INFO  server.RaftServerConfigKeys (ConfUtils.java:logGet(43)) - raft.server.log.appender.install.snapshot.enabled = false (custom)
2019-11-15 22:00:07,275 [7bddf562-1f00-4607-a353-a19b68c8d3ee@group-069FDA605C01-LeaderElection6] INFO  impl.RoleInfo (RoleInfo.java:updateAndGet(143)) - 7bddf562-1f00-4607-a353-a19b68c8d3ee: start LeaderState
2019-11-15 22:00:07,275 [7bddf562-1f00-4607-a353-a19b68c8d3ee@group-069FDA605C01-LeaderElection6] INFO  segmented.SegmentedRaftLogWorker (SegmentedRaftLogWorker.java:startLogSegment(385)) - 7bddf562-1f00-4607-a353-a19b68c8d3ee@group-069FDA605C01-SegmentedRaftLogWorker: Starting segment from index:0
2019-11-15 22:00:07,276 [7bddf562-1f00-4607-a353-a19b68c8d3ee@group-069FDA605C01-LeaderElection6] INFO  impl.RaftServerImpl (ServerState.java:setRaftConf(356)) - 7bddf562-1f00-4607-a353-a19b68c8d3ee@group-069FDA605C01: set configuration 0: [c2c6407b-784c-4e4b-bc36-d8006e9d82c2:192.168.34.53:33375, 161f52f7-f736-41b9-9c3d-dd314a5b9569:192.168.34.53:32784, 7bddf562-1f00-4607-a353-a19b68c8d3ee:192.168.34.53:44886], old=null at 0
2019-11-15 22:00:07,305 [grpc-default-executor-1] INFO  ratis.XceiverServerRatis (XceiverServerRatis.java:handleLeaderChangedNotification(697)) - Leader change notification received for group: group-069FDA605C01 with new leaderId: 7bddf562-1f00-4607-a353-a19b68c8d3ee
2019-11-15 22:00:07,306 [grpc-default-executor-1] INFO  impl.RaftServerImpl (ServerState.java:setLeader(255)) - c2c6407b-784c-4e4b-bc36-d8006e9d82c2@group-069FDA605C01: change Leader from null to 7bddf562-1f00-4607-a353-a19b68c8d3ee at term 1 for appendEntries, leader elected after 5117ms
2019-11-15 22:00:07,306 [grpc-default-executor-2] INFO  ratis.XceiverServerRatis (XceiverServerRatis.java:handleLeaderChangedNotification(697)) - Leader change notification received for group: group-069FDA605C01 with new leaderId: 7bddf562-1f00-4607-a353-a19b68c8d3ee
2019-11-15 22:00:07,307 [grpc-default-executor-2] INFO  impl.RaftServerImpl (ServerState.java:setLeader(255)) - 161f52f7-f736-41b9-9c3d-dd314a5b9569@group-069FDA605C01: change Leader from null to 7bddf562-1f00-4607-a353-a19b68c8d3ee at term 1 for appendEntries, leader elected after 5118ms
2019-11-15 22:00:07,310 [grpc-default-executor-1] INFO  impl.RaftServerImpl (ServerState.java:setRaftConf(356)) - 161f52f7-f736-41b9-9c3d-dd314a5b9569@group-069FDA605C01: set configuration 0: [c2c6407b-784c-4e4b-bc36-d8006e9d82c2:192.168.34.53:33375, 161f52f7-f736-41b9-9c3d-dd314a5b9569:192.168.34.53:32784, 7bddf562-1f00-4607-a353-a19b68c8d3ee:192.168.34.53:44886], old=null at 0
2019-11-15 22:00:07,310 [grpc-default-executor-2] INFO  impl.RaftServerImpl (ServerState.java:setRaftConf(356)) - c2c6407b-784c-4e4b-bc36-d8006e9d82c2@group-069FDA605C01: set configuration 0: [c2c6407b-784c-4e4b-bc36-d8006e9d82c2:192.168.34.53:33375, 161f52f7-f736-41b9-9c3d-dd314a5b9569:192.168.34.53:32784, 7bddf562-1f00-4607-a353-a19b68c8d3ee:192.168.34.53:44886], old=null at 0
2019-11-15 22:00:07,311 [grpc-default-executor-1] INFO  segmented.SegmentedRaftLogWorker (SegmentedRaftLogWorker.java:startLogSegment(385)) - 161f52f7-f736-41b9-9c3d-dd314a5b9569@group-069FDA605C01-SegmentedRaftLogWorker: Starting segment from index:0
2019-11-15 22:00:07,311 [grpc-default-executor-2] INFO  segmented.SegmentedRaftLogWorker (SegmentedRaftLogWorker.java:startLogSegment(385)) - c2c6407b-784c-4e4b-bc36-d8006e9d82c2@group-069FDA605C01-SegmentedRaftLogWorker: Starting segment from index:0
2019-11-15 22:00:07,316 [7bddf562-1f00-4607-a353-a19b68c8d3ee@group-069FDA605C01-SegmentedRaftLogWorker] INFO  segmented.SegmentedRaftLogWorker (SegmentedRaftLogWorker.java:execute(576)) - 7bddf562-1f00-4607-a353-a19b68c8d3ee@group-069FDA605C01-SegmentedRaftLogWorker: created new log segment /workdir/hadoop-ozone/tools/target/test-dir/MiniOzoneClusterImpl-95de1c25-f016-473e-a03a-279cab8467aa/datanode-0/data/ratis/b2b60ede-b66d-4e95-9094-069fda605c01/current/log_inprogress_0
2019-11-15 22:00:07,349 [161f52f7-f736-41b9-9c3d-dd314a5b9569@group-069FDA605C01-SegmentedRaftLogWorker] INFO  segmented.SegmentedRaftLogWorker (SegmentedRaftLogWorker.java:execute(576)) - 161f52f7-f736-41b9-9c3d-dd314a5b9569@group-069FDA605C01-SegmentedRaftLogWorker: created new log segment /workdir/hadoop-ozone/tools/target/test-dir/MiniOzoneClusterImpl-95de1c25-f016-473e-a03a-279cab8467aa/datanode-2/data/ratis/b2b60ede-b66d-4e95-9094-069fda605c01/current/log_inprogress_0
2019-11-15 22:00:07,349 [c2c6407b-784c-4e4b-bc36-d8006e9d82c2@group-069FDA605C01-SegmentedRaftLogWorker] INFO  segmented.SegmentedRaftLogWorker (SegmentedRaftLogWorker.java:execute(576)) - c2c6407b-784c-4e4b-bc36-d8006e9d82c2@group-069FDA605C01-SegmentedRaftLogWorker: created new log segment /workdir/hadoop-ozone/tools/target/test-dir/MiniOzoneClusterImpl-95de1c25-f016-473e-a03a-279cab8467aa/datanode-1/data/ratis/b2b60ede-b66d-4e95-9094-069fda605c01/current/log_inprogress_0
 100.00% |?????????????????????????????????????????????????????????????????????????????????????????????????????|  1/1 Time: 0:00:06
]]></system-out>
    <system-err><![CDATA[ERROR StatusLogger No Log4j 2 configuration file found. Using default configuration (logging only errors to the console), or user programmatically provided configurations. Set system property 'log4j2.debug' to show Log4j 2 internal initialization logging. See https://logging.apache.org/log4j/2.x/manual/configuration.html for instructions on how to configure Log4j 2
]]></system-err>
  </testcase>
</testsuite>